<?xml version="1.0" encoding="UTF-8"?>
<testsuite name="org.springframework.jdbc.object.BatchSqlUpdateTests" tests="2" skipped="0" failures="0" errors="0" timestamp="2021-05-09T12:40:48" hostname="wangweilidembp" time="0.035">
  <properties/>
  <testcase name="testBatchUpdateWithFlushThroughBatchSize()" classname="org.springframework.jdbc.object.BatchSqlUpdateTests" time="0.03"/>
  <testcase name="testBatchUpdateWithExplicitFlush()" classname="org.springframework.jdbc.object.BatchSqlUpdateTests" time="0.005"/>
  <system-out><![CDATA[]]></system-out>
  <system-err><![CDATA[]]></system-err>
</testsuite>
