<?xml version="1.0" encoding="UTF-8"?>
<testsuite name="org.springframework.jdbc.core.simple.CallMetaDataContextTests" tests="1" skipped="0" failures="0" errors="0" timestamp="2021-05-01T09:25:27" hostname="wangweilideMBP.lan" time="0.006">
  <properties/>
  <testcase name="testMatchParameterValuesAndSqlInOutParameters()" classname="org.springframework.jdbc.core.simple.CallMetaDataContextTests" time="0.006"/>
  <system-out><![CDATA[]]></system-out>
  <system-err><![CDATA[]]></system-err>
</testsuite>
