<?xml version="1.0" encoding="UTF-8"?>
<testsuite name="org.springframework.jdbc.core.namedparam.NamedParameterQueryTests" tests="13" skipped="0" failures="0" errors="0" timestamp="2021-05-09T12:40:43" hostname="wangweilidembp" time="0.324">
  <properties/>
  <testcase name="testQueryForObjectWithMapAndInteger()" classname="org.springframework.jdbc.core.namedparam.NamedParameterQueryTests" time="0.05"/>
  <testcase name="testQueryForLongWithParamBeanWithCollection()" classname="org.springframework.jdbc.core.namedparam.NamedParameterQueryTests" time="0.049"/>
  <testcase name="testQueryForLongWithParamBean()" classname="org.springframework.jdbc.core.namedparam.NamedParameterQueryTests" time="0.019"/>
  <testcase name="testQueryForObjectWithParamMapAndListOfExpressionLists()" classname="org.springframework.jdbc.core.namedparam.NamedParameterQueryTests" time="0.017"/>
  <testcase name="testQueryForObjectWithParamMapAndRowMapper()" classname="org.springframework.jdbc.core.namedparam.NamedParameterQueryTests" time="0.022"/>
  <testcase name="testQueryForListWithParamMapAndIntegerElementAndSingleRowAndColumn()" classname="org.springframework.jdbc.core.namedparam.NamedParameterQueryTests" time="0.028"/>
  <testcase name="testQueryForListWithParamMapAndEmptyResult()" classname="org.springframework.jdbc.core.namedparam.NamedParameterQueryTests" time="0.007"/>
  <testcase name="testQueryForMapWithParamMapAndSingleRowAndColumn()" classname="org.springframework.jdbc.core.namedparam.NamedParameterQueryTests" time="0.026"/>
  <testcase name="testQueryForListWithParamMap()" classname="org.springframework.jdbc.core.namedparam.NamedParameterQueryTests" time="0.017"/>
  <testcase name="testQueryForObjectWithParamMapAndInteger()" classname="org.springframework.jdbc.core.namedparam.NamedParameterQueryTests" time="0.025"/>
  <testcase name="testQueryForIntWithParamMap()" classname="org.springframework.jdbc.core.namedparam.NamedParameterQueryTests" time="0.023"/>
  <testcase name="testQueryForObjectWithParamMapAndList()" classname="org.springframework.jdbc.core.namedparam.NamedParameterQueryTests" time="0.01"/>
  <testcase name="testQueryForListWithParamMapAndSingleRowAndColumn()" classname="org.springframework.jdbc.core.namedparam.NamedParameterQueryTests" time="0.029"/>
  <system-out><![CDATA[]]></system-out>
  <system-err><![CDATA[]]></system-err>
</testsuite>
