<?xml version="1.0" encoding="UTF-8"?>
<testsuite name="org.springframework.jdbc.datasource.init.ScriptUtilsUnitTests" tests="12" skipped="0" failures="0" errors="0" timestamp="2021-05-09T12:40:30" hostname="wangweilidembp" time="0.074">
  <properties/>
  <testcase name="readAndSplitScriptContainingMultiLineComments()" classname="org.springframework.jdbc.datasource.init.ScriptUtilsUnitTests" time="0.053"/>
  <testcase name="splitSqlScriptDelimitedWithSemicolon()" classname="org.springframework.jdbc.datasource.init.ScriptUtilsUnitTests" time="0.001"/>
  <testcase name="splitSqlScriptDelimitedWithNewLine()" classname="org.springframework.jdbc.datasource.init.ScriptUtilsUnitTests" time="0.0"/>
  <testcase name="readAndSplitScriptContainingCommentsWithMultiplePrefixes()" classname="org.springframework.jdbc.datasource.init.ScriptUtilsUnitTests" time="0.002"/>
  <testcase name="readAndSplitScriptContainingCommentsWithWindowsLineEnding()" classname="org.springframework.jdbc.datasource.init.ScriptUtilsUnitTests" time="0.003"/>
  <testcase name="containsDelimiters()" classname="org.springframework.jdbc.datasource.init.ScriptUtilsUnitTests" time="0.002"/>
  <testcase name="readAndSplitScriptContainingMultiLineNestedComments()" classname="org.springframework.jdbc.datasource.init.ScriptUtilsUnitTests" time="0.002"/>
  <testcase name="readAndSplitScriptWithMultipleNewlinesAsSeparator()" classname="org.springframework.jdbc.datasource.init.ScriptUtilsUnitTests" time="0.002"/>
  <testcase name="readAndSplitScriptContainingCommentsWithLeadingTabs()" classname="org.springframework.jdbc.datasource.init.ScriptUtilsUnitTests" time="0.002"/>
  <testcase name="splitScriptWithSingleQuotesNestedInsideDoubleQuotes()" classname="org.springframework.jdbc.datasource.init.ScriptUtilsUnitTests" time="0.0"/>
  <testcase name="readAndSplitScriptContainingComments()" classname="org.springframework.jdbc.datasource.init.ScriptUtilsUnitTests" time="0.001"/>
  <testcase name="splitSqlScriptDelimitedWithNewLineButDefaultDelimiterSpecified()" classname="org.springframework.jdbc.datasource.init.ScriptUtilsUnitTests" time="0.001"/>
  <system-out><![CDATA[]]></system-out>
  <system-err><![CDATA[]]></system-err>
</testsuite>
