<?xml version="1.0" encoding="UTF-8"?>
<testsuite name="org.springframework.jdbc.config.InitializeDatabaseIntegrationTests" tests="7" skipped="0" failures="0" errors="0" timestamp="2021-05-09T12:40:46" hostname="wangweilidembp" time="1.025">
  <properties/>
  <testcase name="testIgnoreFailedDrops()" classname="org.springframework.jdbc.config.InitializeDatabaseIntegrationTests" time="0.086"/>
  <testcase name="testScriptNameWithExpressions()" classname="org.springframework.jdbc.config.InitializeDatabaseIntegrationTests" time="0.403"/>
  <testcase name="testScriptNameWithPlaceholder()" classname="org.springframework.jdbc.config.InitializeDatabaseIntegrationTests" time="0.172"/>
  <testcase name="testScriptNameWithPattern()" classname="org.springframework.jdbc.config.InitializeDatabaseIntegrationTests" time="0.07"/>
  <testcase name="testCacheInitialization()" classname="org.springframework.jdbc.config.InitializeDatabaseIntegrationTests" time="0.11"/>
  <testcase name="testCreateEmbeddedDatabase()" classname="org.springframework.jdbc.config.InitializeDatabaseIntegrationTests" time="0.11"/>
  <testcase name="testDisableCreateEmbeddedDatabase()" classname="org.springframework.jdbc.config.InitializeDatabaseIntegrationTests" time="0.072"/>
  <system-out><![CDATA[]]></system-out>
  <system-err><![CDATA[]]></system-err>
</testsuite>
