<?xml version="1.0" encoding="UTF-8"?>
<testsuite name="org.springframework.jdbc.datasource.init.ScriptUtilsIntegrationTests" tests="2" skipped="0" failures="0" errors="0" timestamp="2021-05-01T09:25:16" hostname="wangweilideMBP.lan" time="0.901">
  <properties/>
  <testcase name="executeSqlScriptContainingSingleQuotesNestedInsideDoubleQuotes()" classname="org.springframework.jdbc.datasource.init.ScriptUtilsIntegrationTests" time="0.851"/>
  <testcase name="executeSqlScriptContainingMultiLineComments()" classname="org.springframework.jdbc.datasource.init.ScriptUtilsIntegrationTests" time="0.049"/>
  <system-out><![CDATA[]]></system-out>
  <system-err><![CDATA[]]></system-err>
</testsuite>
