<?xml version="1.0" encoding="UTF-8"?>
<testsuite name="org.springframework.jdbc.datasource.embedded.EmbeddedDatabaseFactoryBeanTests" tests="1" skipped="0" failures="0" errors="0" timestamp="2021-05-09T12:40:38" hostname="wangweilidembp" time="0.021">
  <properties/>
  <testcase name="testFactoryBeanLifecycle()" classname="org.springframework.jdbc.datasource.embedded.EmbeddedDatabaseFactoryBeanTests" time="0.021"/>
  <system-out><![CDATA[]]></system-out>
  <system-err><![CDATA[]]></system-err>
</testsuite>
