<?xml version="1.0" encoding="UTF-8"?>
<testsuite name="org.springframework.jdbc.object.SqlUpdateTests" tests="14" skipped="0" failures="0" errors="0" timestamp="2021-04-26T07:39:58" hostname="wangweilideMacBook-Pro.local" time="0.098">
  <properties/>
  <testcase name="testNamedParameterUpdateWithUnnamedDeclarations()" classname="org.springframework.jdbc.object.SqlUpdateTests" time="0.012"/>
  <testcase name="testUpdateInt()" classname="org.springframework.jdbc.object.SqlUpdateTests" time="0.005"/>
  <testcase name="testUpdateMixed()" classname="org.springframework.jdbc.object.SqlUpdateTests" time="0.016"/>
  <testcase name="testUpdateConstructor()" classname="org.springframework.jdbc.object.SqlUpdateTests" time="0.006"/>
  <testcase name="testRequiredRows()" classname="org.springframework.jdbc.object.SqlUpdateTests" time="0.006"/>
  <testcase name="testUpdateIntInt()" classname="org.springframework.jdbc.object.SqlUpdateTests" time="0.005"/>
  <testcase name="testUpdateAndGeneratedKeys()" classname="org.springframework.jdbc.object.SqlUpdateTests" time="0.01"/>
  <testcase name="testUpdateString()" classname="org.springframework.jdbc.object.SqlUpdateTests" time="0.006"/>
  <testcase name="testNamedParameterUpdateWithNamedDeclarations()" classname="org.springframework.jdbc.object.SqlUpdateTests" time="0.004"/>
  <testcase name="testMaxRows()" classname="org.springframework.jdbc.object.SqlUpdateTests" time="0.003"/>
  <testcase name="testNotRequiredRows()" classname="org.springframework.jdbc.object.SqlUpdateTests" time="0.005"/>
  <testcase name="testOverMaxRows()" classname="org.springframework.jdbc.object.SqlUpdateTests" time="0.003"/>
  <testcase name="testUpdate()" classname="org.springframework.jdbc.object.SqlUpdateTests" time="0.003"/>
  <testcase name="testUnderMaxRows()" classname="org.springframework.jdbc.object.SqlUpdateTests" time="0.012"/>
  <system-out><![CDATA[]]></system-out>
  <system-err><![CDATA[]]></system-err>
</testsuite>
