<?xml version="1.0" encoding="UTF-8"?>
<testsuite name="org.springframework.jdbc.core.simple.TableMetaDataContextTests" tests="2" skipped="0" failures="0" errors="0" timestamp="2021-04-26T07:39:56" hostname="wangweilideMacBook-Pro.local" time="0.022">
  <properties/>
  <testcase name="testTableWithSingleColumnGeneratedKey()" classname="org.springframework.jdbc.core.simple.TableMetaDataContextTests" time="0.01"/>
  <testcase name="testMatchInParametersAndSqlTypeInfoWrapping()" classname="org.springframework.jdbc.core.simple.TableMetaDataContextTests" time="0.011"/>
  <system-out><![CDATA[]]></system-out>
  <system-err><![CDATA[]]></system-err>
</testsuite>
