<?xml version="1.0" encoding="UTF-8"?>
<testsuite name="org.springframework.jdbc.support.DefaultLobHandlerTests" tests="13" skipped="0" failures="0" errors="0" timestamp="2021-05-09T12:40:53" hostname="wangweilidembp" time="0.05">
  <properties/>
  <testcase name="testGetClobAsString()" classname="org.springframework.jdbc.support.DefaultLobHandlerTests" time="0.001"/>
  <testcase name="testGetClobAsAsciiStream()" classname="org.springframework.jdbc.support.DefaultLobHandlerTests" time="0.004"/>
  <testcase name="testSetBlobAsBinaryStream()" classname="org.springframework.jdbc.support.DefaultLobHandlerTests" time="0.025"/>
  <testcase name="testSetClobAsString()" classname="org.springframework.jdbc.support.DefaultLobHandlerTests" time="0.001"/>
  <testcase name="testGetBlobAsBytes()" classname="org.springframework.jdbc.support.DefaultLobHandlerTests" time="0.002"/>
  <testcase name="testSetClobAsCharacterStream()" classname="org.springframework.jdbc.support.DefaultLobHandlerTests" time="0.001"/>
  <testcase name="testSetClobAsAsciiStreamWithoutLength()" classname="org.springframework.jdbc.support.DefaultLobHandlerTests" time="0.001"/>
  <testcase name="testGetClobAsCharacterStream()" classname="org.springframework.jdbc.support.DefaultLobHandlerTests" time="0.001"/>
  <testcase name="testGetBlobAsBinaryStream()" classname="org.springframework.jdbc.support.DefaultLobHandlerTests" time="0.001"/>
  <testcase name="testSetClobAsAsciiStream()" classname="org.springframework.jdbc.support.DefaultLobHandlerTests" time="0.001"/>
  <testcase name="testSetClobAsCharacterStreamWithoutLength()" classname="org.springframework.jdbc.support.DefaultLobHandlerTests" time="0.0"/>
  <testcase name="testSetBlobAsBinaryStreamWithoutLength()" classname="org.springframework.jdbc.support.DefaultLobHandlerTests" time="0.0"/>
  <testcase name="testSetBlobAsBytes()" classname="org.springframework.jdbc.support.DefaultLobHandlerTests" time="0.007"/>
  <system-out><![CDATA[]]></system-out>
  <system-err><![CDATA[]]></system-err>
</testsuite>
