<?xml version="1.0" encoding="UTF-8"?>
<testsuite name="org.springframework.jdbc.object.GenericSqlQueryTests" tests="3" skipped="0" failures="0" errors="0" timestamp="2021-05-09T12:40:48" hostname="wangweilidembp" time="0.227">
  <properties/>
  <testcase name="testCustomerQueryWithNamedParameters()" classname="org.springframework.jdbc.object.GenericSqlQueryTests" time="0.104"/>
  <testcase name="testCustomerQueryWithRowMapperInstance()" classname="org.springframework.jdbc.object.GenericSqlQueryTests" time="0.062"/>
  <testcase name="testCustomerQueryWithPlaceholders()" classname="org.springframework.jdbc.object.GenericSqlQueryTests" time="0.059"/>
  <system-out><![CDATA[]]></system-out>
  <system-err><![CDATA[]]></system-err>
</testsuite>
