<?xml version="1.0" encoding="UTF-8"?>
<testsuite name="org.springframework.jdbc.datasource.DataSourceJtaTransactionTests" tests="28" skipped="0" failures="0" errors="0" timestamp="2021-05-09T12:40:30" hostname="wangweilidembp" time="1.061">
  <properties/>
  <testcase name="testJtaTransactionCommitWithPropagationRequiresNewWithTransactionAwareDataSource()" classname="org.springframework.jdbc.datasource.DataSourceJtaTransactionTests" time="0.261"/>
  <testcase name="testJtaTransactionCommit()" classname="org.springframework.jdbc.datasource.DataSourceJtaTransactionTests" time="0.011"/>
  <testcase name="testJtaTransactionWithIsolationLevelDataSourceRouter()" classname="org.springframework.jdbc.datasource.DataSourceJtaTransactionTests" time="0.051"/>
  <testcase name="testJtaTransactionCommitWithPropagationRequiresNewWithOpenOuterConnectionAndTransactionAwareDataSourceAndBeginException()" classname="org.springframework.jdbc.datasource.DataSourceJtaTransactionTests" time="0.015"/>
  <testcase name="testJtaTransactionWithConnectionHolderStillBound()" classname="org.springframework.jdbc.datasource.DataSourceJtaTransactionTests" time="0.015"/>
  <testcase name="testJtaTransactionCommitWithPropagationRequiredWithinNotSupported()" classname="org.springframework.jdbc.datasource.DataSourceJtaTransactionTests" time="0.013"/>
  <testcase name="testJtaTransactionCommitWithPropagationRequiresNewWithTransactionAwareDataSourceAndSuspendException()" classname="org.springframework.jdbc.datasource.DataSourceJtaTransactionTests" time="0.08"/>
  <testcase name="testJtaTransactionRollbackWithPropagationRequiresNewWithTransactionAwareDataSource()" classname="org.springframework.jdbc.datasource.DataSourceJtaTransactionTests" time="0.059"/>
  <testcase name="testJtaTransactionCommitWithPropagationRequiresNewWithOpenOuterConnectionAccessed()" classname="org.springframework.jdbc.datasource.DataSourceJtaTransactionTests" time="0.034"/>
  <testcase name="testJtaTransactionRollbackWithPropagationRequiresNew()" classname="org.springframework.jdbc.datasource.DataSourceJtaTransactionTests" time="0.02"/>
  <testcase name="testJtaTransactionCommitWithPropagationRequiresNewAndBeginException()" classname="org.springframework.jdbc.datasource.DataSourceJtaTransactionTests" time="0.005"/>
  <testcase name="testJtaTransactionCommitWithPropagationRequiresNewWithOpenOuterConnectionAndTransactionAwareDataSourceAndSuspendException()" classname="org.springframework.jdbc.datasource.DataSourceJtaTransactionTests" time="0.014"/>
  <testcase name="testJtaTransactionRollback()" classname="org.springframework.jdbc.datasource.DataSourceJtaTransactionTests" time="0.032"/>
  <testcase name="testJtaTransactionCommitWithPropagationRequiresNew()" classname="org.springframework.jdbc.datasource.DataSourceJtaTransactionTests" time="0.04"/>
  <testcase name="testJtaTransactionCommitWithPropagationRequiresNewWithinSupports()" classname="org.springframework.jdbc.datasource.DataSourceJtaTransactionTests" time="0.026"/>
  <testcase name="testJtaTransactionCommitWithPropagationRequiresNewWithOpenOuterConnectionAndSuspendException()" classname="org.springframework.jdbc.datasource.DataSourceJtaTransactionTests" time="0.01"/>
  <testcase name="testJtaTransactionCommitWithPropagationRequiresNewWithAccessAfterResume()" classname="org.springframework.jdbc.datasource.DataSourceJtaTransactionTests" time="0.048"/>
  <testcase name="testJtaTransactionRollbackWithPropagationRequiresNewWithOpenOuterConnection()" classname="org.springframework.jdbc.datasource.DataSourceJtaTransactionTests" time="0.035"/>
  <testcase name="testJtaTransactionCommitWithPropagationRequiresNewWithTransactionAwareDataSourceAndBeginException()" classname="org.springframework.jdbc.datasource.DataSourceJtaTransactionTests" time="0.01"/>
  <testcase name="testJtaTransactionWithIsolationLevelDataSourceRouterWithDataSourceLookup()" classname="org.springframework.jdbc.datasource.DataSourceJtaTransactionTests" time="0.024"/>
  <testcase name="testJtaTransactionWithIsolationLevelDataSourceAdapter()" classname="org.springframework.jdbc.datasource.DataSourceJtaTransactionTests" time="0.024"/>
  <testcase name="testJtaTransactionCommitWithPropagationRequiresNewWithOpenOuterConnectionAndBeginException()" classname="org.springframework.jdbc.datasource.DataSourceJtaTransactionTests" time="0.005"/>
  <testcase name="testJtaTransactionCommitWithPropagationRequiredWithinSupports()" classname="org.springframework.jdbc.datasource.DataSourceJtaTransactionTests" time="0.006"/>
  <testcase name="testJtaTransactionRollbackWithPropagationRequiresNewWithOpenOuterConnectionAccessed()" classname="org.springframework.jdbc.datasource.DataSourceJtaTransactionTests" time="0.043"/>
  <testcase name="testJtaTransactionCommitWithPropagationRequiresNewWithinNotSupported()" classname="org.springframework.jdbc.datasource.DataSourceJtaTransactionTests" time="0.043"/>
  <testcase name="testJtaTransactionCommitWithPropagationRequiresNewAndSuspendException()" classname="org.springframework.jdbc.datasource.DataSourceJtaTransactionTests" time="0.013"/>
  <testcase name="testJtaTransactionRollbackWithPropagationRequiresNewWithAccessAfterResume()" classname="org.springframework.jdbc.datasource.DataSourceJtaTransactionTests" time="0.029"/>
  <testcase name="testJtaTransactionCommitWithPropagationRequiresNewWithOpenOuterConnection()" classname="org.springframework.jdbc.datasource.DataSourceJtaTransactionTests" time="0.019"/>
  <system-out><![CDATA[]]></system-out>
  <system-err><![CDATA[]]></system-err>
</testsuite>
