<?xml version="1.0" encoding="UTF-8"?>
<testsuite name="org.springframework.jdbc.core.SingleColumnRowMapperTests" tests="3" skipped="0" failures="0" errors="0" timestamp="2021-05-09T12:40:39" hostname="wangweilidembp" time="0.164">
  <properties/>
  <testcase name="useCustomConversionService()" classname="org.springframework.jdbc.core.SingleColumnRowMapperTests" time="0.085"/>
  <testcase name="doesNotUseConversionService()" classname="org.springframework.jdbc.core.SingleColumnRowMapperTests" time="0.006"/>
  <testcase name="useDefaultConversionService()" classname="org.springframework.jdbc.core.SingleColumnRowMapperTests" time="0.073"/>
  <system-out><![CDATA[]]></system-out>
  <system-err><![CDATA[]]></system-err>
</testsuite>
