<?xml version="1.0" encoding="UTF-8"?>
<testsuite name="org.springframework.jdbc.core.support.JdbcBeanDefinitionReaderTests" tests="1" skipped="0" failures="0" errors="0" timestamp="2021-05-01T09:25:27" hostname="wangweilideMBP.lan" time="0.027">
  <properties/>
  <testcase name="readBeanDefinitionFromMockedDataSource()" classname="org.springframework.jdbc.core.support.JdbcBeanDefinitionReaderTests" time="0.027"/>
  <system-out><![CDATA[]]></system-out>
  <system-err><![CDATA[]]></system-err>
</testsuite>
