<?xml version="1.0" encoding="UTF-8"?>
<testsuite name="org.springframework.jdbc.datasource.init.HsqlDatabasePopulatorTests" tests="15" skipped="0" failures="0" errors="0" timestamp="2021-05-09T12:40:28" hostname="wangweilidembp" time="1.442">
  <properties/>
  <testcase name="scriptWithoutStatementSeparator()" classname="org.springframework.jdbc.datasource.init.HsqlDatabasePopulatorTests" time="0.129"/>
  <testcase name="scriptWithMultipleStatementsAndWhitespaceSeparator()" classname="org.springframework.jdbc.datasource.init.HsqlDatabasePopulatorTests" time="0.102"/>
  <testcase name="scriptWithSingleLineCommentsAndFailedDrop()" classname="org.springframework.jdbc.datasource.init.HsqlDatabasePopulatorTests" time="0.092"/>
  <testcase name="usesBoundConnectionIfAvailable()" classname="org.springframework.jdbc.datasource.init.HsqlDatabasePopulatorTests" time="0.093"/>
  <testcase name="scriptWithMultipleStatementsAndLongSeparator()" classname="org.springframework.jdbc.datasource.init.HsqlDatabasePopulatorTests" time="0.053"/>
  <testcase name="scriptWithSelectStatements()" classname="org.springframework.jdbc.datasource.init.HsqlDatabasePopulatorTests" time="0.08"/>
  <testcase name="scriptWithMultipleStatements()" classname="org.springframework.jdbc.datasource.init.HsqlDatabasePopulatorTests" time="0.077"/>
  <testcase name="executesHugeScriptInReasonableTime()" classname="org.springframework.jdbc.datasource.init.HsqlDatabasePopulatorTests" time="0.345"/>
  <testcase name="scriptWithMultipleStatementsAndMultipleNewlineSeparator()" classname="org.springframework.jdbc.datasource.init.HsqlDatabasePopulatorTests" time="0.076"/>
  <testcase name="scriptWithStandardEscapedLiteral()" classname="org.springframework.jdbc.datasource.init.HsqlDatabasePopulatorTests" time="0.056"/>
  <testcase name="scriptWithMultipleStatementsAndNewlineSeparator()" classname="org.springframework.jdbc.datasource.init.HsqlDatabasePopulatorTests" time="0.059"/>
  <testcase name="scriptWithCommentsWithinStatements()" classname="org.springframework.jdbc.datasource.init.HsqlDatabasePopulatorTests" time="0.066"/>
  <testcase name="scriptWithMySqlEscapedLiteral()" classname="org.springframework.jdbc.datasource.init.HsqlDatabasePopulatorTests" time="0.046"/>
  <testcase name="scriptWithEolBetweenTokens()" classname="org.springframework.jdbc.datasource.init.HsqlDatabasePopulatorTests" time="0.07"/>
  <testcase name="constructorWithMultipleScriptResources()" classname="org.springframework.jdbc.datasource.init.HsqlDatabasePopulatorTests" time="0.056"/>
  <system-out><![CDATA[]]></system-out>
  <system-err><![CDATA[]]></system-err>
</testsuite>
