<?xml version="1.0" encoding="UTF-8"?>
<testsuite name="org.springframework.jdbc.core.simple.CallMetaDataContextTests" tests="1" skipped="0" failures="0" errors="0" timestamp="2021-05-09T12:40:42" hostname="wangweilidembp" time="0.026">
  <properties/>
  <testcase name="testMatchParameterValuesAndSqlInOutParameters()" classname="org.springframework.jdbc.core.simple.CallMetaDataContextTests" time="0.026"/>
  <system-out><![CDATA[]]></system-out>
  <system-err><![CDATA[]]></system-err>
</testsuite>
