<?xml version="1.0" encoding="UTF-8"?>
<testsuite name="org.springframework.jdbc.object.GenericSqlQueryTests" tests="3" skipped="0" failures="0" errors="0" timestamp="2021-05-01T09:25:29" hostname="wangweilideMBP.lan" time="0.079">
  <properties/>
  <testcase name="testCustomerQueryWithNamedParameters()" classname="org.springframework.jdbc.object.GenericSqlQueryTests" time="0.041"/>
  <testcase name="testCustomerQueryWithRowMapperInstance()" classname="org.springframework.jdbc.object.GenericSqlQueryTests" time="0.018"/>
  <testcase name="testCustomerQueryWithPlaceholders()" classname="org.springframework.jdbc.object.GenericSqlQueryTests" time="0.019"/>
  <system-out><![CDATA[]]></system-out>
  <system-err><![CDATA[]]></system-err>
</testsuite>
