<?xml version="1.0" encoding="UTF-8"?>
<testsuite name="org.springframework.jdbc.datasource.lookup.JndiDataSourceLookupTests" tests="2" skipped="0" failures="0" errors="0" timestamp="2021-04-26T07:39:48" hostname="wangweilideMacBook-Pro.local" time="0.007">
  <properties/>
  <testcase name="testSunnyDay()" classname="org.springframework.jdbc.datasource.lookup.JndiDataSourceLookupTests" time="0.005"/>
  <testcase name="testNoDataSourceAtJndiLocation()" classname="org.springframework.jdbc.datasource.lookup.JndiDataSourceLookupTests" time="0.002"/>
  <system-out><![CDATA[]]></system-out>
  <system-err><![CDATA[]]></system-err>
</testsuite>
