<?xml version="1.0" encoding="UTF-8"?>
<testsuite name="org.springframework.jdbc.datasource.UserCredentialsDataSourceAdapterTests" tests="3" skipped="0" failures="0" errors="0" timestamp="2021-05-01T09:25:18" hostname="wangweilideMBP.lan" time="0.058">
  <properties/>
  <testcase name="testStaticCredentials()" classname="org.springframework.jdbc.datasource.UserCredentialsDataSourceAdapterTests" time="0.053"/>
  <testcase name="testThreadBoundCredentials()" classname="org.springframework.jdbc.datasource.UserCredentialsDataSourceAdapterTests" time="0.002"/>
  <testcase name="testNoCredentials()" classname="org.springframework.jdbc.datasource.UserCredentialsDataSourceAdapterTests" time="0.002"/>
  <system-out><![CDATA[]]></system-out>
  <system-err><![CDATA[]]></system-err>
</testsuite>
