<?xml version="1.0" encoding="UTF-8"?>
<testsuite name="org.springframework.jdbc.core.simple.TableMetaDataContextTests" tests="2" skipped="0" failures="0" errors="0" timestamp="2021-05-09T12:40:42" hostname="wangweilidembp" time="0.042">
  <properties/>
  <testcase name="testTableWithSingleColumnGeneratedKey()" classname="org.springframework.jdbc.core.simple.TableMetaDataContextTests" time="0.026"/>
  <testcase name="testMatchInParametersAndSqlTypeInfoWrapping()" classname="org.springframework.jdbc.core.simple.TableMetaDataContextTests" time="0.016"/>
  <system-out><![CDATA[]]></system-out>
  <system-err><![CDATA[]]></system-err>
</testsuite>
