<?xml version="1.0" encoding="UTF-8"?>
<testsuite name="org.springframework.jdbc.datasource.DataSourceTransactionManagerTests" tests="48" skipped="0" failures="0" errors="0" timestamp="2021-05-09T12:40:31" hostname="wangweilidembp" time="1.264">
  <properties/>
  <testcase name="testTransactionRollbackOnly()" classname="org.springframework.jdbc.datasource.DataSourceTransactionManagerTests" time="0.02"/>
  <testcase name="testParticipatingTransactionWithIncompatibleReadOnly()" classname="org.springframework.jdbc.datasource.DataSourceTransactionManagerTests" time="0.017"/>
  <testcase name="testParticipatingTransactionWithIncompatibleIsolationLevel()" classname="org.springframework.jdbc.datasource.DataSourceTransactionManagerTests" time="0.006"/>
  <testcase name="testPropagationSupportsAndRequiresNewWithEarlyAccess()" classname="org.springframework.jdbc.datasource.DataSourceTransactionManagerTests" time="0.009"/>
  <testcase name="testTransactionWithPropagationSupports()" classname="org.springframework.jdbc.datasource.DataSourceTransactionManagerTests" time="0.004"/>
  <testcase name="testTransactionRollbackWithAutoCommitTrueAndLazyConnectionAndCreateStatement()" classname="org.springframework.jdbc.datasource.DataSourceTransactionManagerTests" time="0.054"/>
  <testcase name="testExistingTransactionWithManualSavepoint()" classname="org.springframework.jdbc.datasource.DataSourceTransactionManagerTests" time="0.409"/>
  <testcase name="testTransactionWithExceptionOnRollback()" classname="org.springframework.jdbc.datasource.DataSourceTransactionManagerTests" time="0.032"/>
  <testcase name="testPropagationRequiresNewWithExistingTransaction()" classname="org.springframework.jdbc.datasource.DataSourceTransactionManagerTests" time="0.006"/>
  <testcase name="testExistingTransactionWithPropagationNestedAndRequiredRollback()" classname="org.springframework.jdbc.datasource.DataSourceTransactionManagerTests" time="0.041"/>
  <testcase name="testTransactionCommitWithAutoCommitTrue()" classname="org.springframework.jdbc.datasource.DataSourceTransactionManagerTests" time="0.007"/>
  <testcase name="testTransactionWithPropagationNestedAndRollback()" classname="org.springframework.jdbc.datasource.DataSourceTransactionManagerTests" time="0.003"/>
  <testcase name="testParticipatingTransactionWithTransactionStartedFromSynch()" classname="org.springframework.jdbc.datasource.DataSourceTransactionManagerTests" time="0.013"/>
  <testcase name="testExistingTransactionWithPropagationNestedAndRequiredRollbackOnly()" classname="org.springframework.jdbc.datasource.DataSourceTransactionManagerTests" time="0.011"/>
  <testcase name="testTransactionAwareDataSourceProxyWithSuspensionAndReobtaining()" classname="org.springframework.jdbc.datasource.DataSourceTransactionManagerTests" time="0.008"/>
  <testcase name="testTransactionWithPropagationNever()" classname="org.springframework.jdbc.datasource.DataSourceTransactionManagerTests" time="0.004"/>
  <testcase name="testTransactionCommitWithAutoCommitFalseAndLazyConnectionAndStatementCreated()" classname="org.springframework.jdbc.datasource.DataSourceTransactionManagerTests" time="0.006"/>
  <testcase name="testPropagationNeverWithExistingTransaction()" classname="org.springframework.jdbc.datasource.DataSourceTransactionManagerTests" time="0.026"/>
  <testcase name="testTransactionAwareDataSourceProxy()" classname="org.springframework.jdbc.datasource.DataSourceTransactionManagerTests" time="0.019"/>
  <testcase name="testTransactionCommitWithAutoCommitTrueAndLazyConnectionAndStatementCreated()" classname="org.springframework.jdbc.datasource.DataSourceTransactionManagerTests" time="0.041"/>
  <testcase name="testTransactionCommitWithAutoCommitFalse()" classname="org.springframework.jdbc.datasource.DataSourceTransactionManagerTests" time="0.005"/>
  <testcase name="testExistingTransactionWithManualSavepointAndRollback()" classname="org.springframework.jdbc.datasource.DataSourceTransactionManagerTests" time="0.017"/>
  <testcase name="testTransactionRollbackWithAutoCommitFalseAndLazyConnection()" classname="org.springframework.jdbc.datasource.DataSourceTransactionManagerTests" time="0.003"/>
  <testcase name="testTransactionWithIsolationAndReadOnly()" classname="org.springframework.jdbc.datasource.DataSourceTransactionManagerTests" time="0.024"/>
  <testcase name="testTransactionAwareDataSourceProxyWithSuspension()" classname="org.springframework.jdbc.datasource.DataSourceTransactionManagerTests" time="0.009"/>
  <testcase name="testParticipatingTransactionWithDifferentConnectionObtainedFromSynch()" classname="org.springframework.jdbc.datasource.DataSourceTransactionManagerTests" time="0.005"/>
  <testcase name="testTransactionWithExceptionOnCommit()" classname="org.springframework.jdbc.datasource.DataSourceTransactionManagerTests" time="0.018"/>
  <testcase name="testTransactionWithPropagationNested()" classname="org.springframework.jdbc.datasource.DataSourceTransactionManagerTests" time="0.005"/>
  <testcase name="testTransactionWithEnforceReadOnly()" classname="org.springframework.jdbc.datasource.DataSourceTransactionManagerTests" time="0.168"/>
  <testcase name="testTransactionRollbackWithAutoCommitFalse()" classname="org.springframework.jdbc.datasource.DataSourceTransactionManagerTests" time="0.015"/>
  <testcase name="testParticipatingTransactionWithRollbackOnlyAndFailEarly()" classname="org.springframework.jdbc.datasource.DataSourceTransactionManagerTests" time="0.025"/>
  <testcase name="testExistingTransactionWithPropagationNestedAndRollback()" classname="org.springframework.jdbc.datasource.DataSourceTransactionManagerTests" time="0.006"/>
  <testcase name="testTransactionCommitWithAutoCommitTrueAndLazyConnection()" classname="org.springframework.jdbc.datasource.DataSourceTransactionManagerTests" time="0.016"/>
  <testcase name="testPropagationRequiresNewWithExistingTransactionAndUnrelatedFailingDataSource()" classname="org.springframework.jdbc.datasource.DataSourceTransactionManagerTests" time="0.006"/>
  <testcase name="testPropagationSupportsAndRequiresNew()" classname="org.springframework.jdbc.datasource.DataSourceTransactionManagerTests" time="0.014"/>
  <testcase name="testPropagationRequiresNewWithExistingTransactionAndUnrelatedDataSource()" classname="org.springframework.jdbc.datasource.DataSourceTransactionManagerTests" time="0.012"/>
  <testcase name="testTransactionWithExceptionOnCommitAndRollbackOnCommitFailure()" classname="org.springframework.jdbc.datasource.DataSourceTransactionManagerTests" time="0.007"/>
  <testcase name="testParticipatingTransactionWithRollbackOnly()" classname="org.springframework.jdbc.datasource.DataSourceTransactionManagerTests" time="0.012"/>
  <testcase name="testTransactionRollbackWithAutoCommitFalseAndLazyConnectionAndCreateStatement()" classname="org.springframework.jdbc.datasource.DataSourceTransactionManagerTests" time="0.006"/>
  <testcase name="testParticipatingTransactionWithRollbackOnlyAndInnerSynch()" classname="org.springframework.jdbc.datasource.DataSourceTransactionManagerTests" time="0.045"/>
  <testcase name="testPropagationNotSupportedWithExistingTransaction()" classname="org.springframework.jdbc.datasource.DataSourceTransactionManagerTests" time="0.004"/>
  <testcase name="testExistingTransactionWithPropagationNested()" classname="org.springframework.jdbc.datasource.DataSourceTransactionManagerTests" time="0.016"/>
  <testcase name="testTransactionRollbackWithAutoCommitTrueAndLazyConnection()" classname="org.springframework.jdbc.datasource.DataSourceTransactionManagerTests" time="0.003"/>
  <testcase name="testTransactionCommitWithAutoCommitFalseAndLazyConnection()" classname="org.springframework.jdbc.datasource.DataSourceTransactionManagerTests" time="0.007"/>
  <testcase name="testExistingTransactionWithPropagationNestedTwice()" classname="org.springframework.jdbc.datasource.DataSourceTransactionManagerTests" time="0.008"/>
  <testcase name="testTransactionWithPropagationNotSupported()" classname="org.springframework.jdbc.datasource.DataSourceTransactionManagerTests" time="0.002"/>
  <testcase name="testTransactionWithExceptionOnBegin()" classname="org.springframework.jdbc.datasource.DataSourceTransactionManagerTests" time="0.004"/>
  <testcase name="testTransactionRollbackWithAutoCommitTrue()" classname="org.springframework.jdbc.datasource.DataSourceTransactionManagerTests" time="0.024"/>
  <system-out><![CDATA[]]></system-out>
  <system-err><![CDATA[]]></system-err>
</testsuite>
