<?xml version="1.0" encoding="UTF-8"?>
<testsuite name="org.springframework.jdbc.datasource.init.CompositeDatabasePopulatorTests" tests="5" skipped="0" failures="0" errors="0" timestamp="2021-05-01T09:25:08" hostname="wangweilideMBP.lan" time="0.132">
  <properties/>
  <testcase name="addPopulators()" classname="org.springframework.jdbc.datasource.init.CompositeDatabasePopulatorTests" time="0.12"/>
  <testcase name="constructWithCollection()" classname="org.springframework.jdbc.datasource.init.CompositeDatabasePopulatorTests" time="0.002"/>
  <testcase name="setPopulatorsForOverride()" classname="org.springframework.jdbc.datasource.init.CompositeDatabasePopulatorTests" time="0.002"/>
  <testcase name="constructWithVarargs()" classname="org.springframework.jdbc.datasource.init.CompositeDatabasePopulatorTests" time="0.001"/>
  <testcase name="setPopulatorsWithMultiple()" classname="org.springframework.jdbc.datasource.init.CompositeDatabasePopulatorTests" time="0.002"/>
  <system-out><![CDATA[]]></system-out>
  <system-err><![CDATA[]]></system-err>
</testsuite>
