<?xml version="1.0" encoding="UTF-8"?>
<testsuite name="org.springframework.jdbc.datasource.UserCredentialsDataSourceAdapterTests" tests="3" skipped="0" failures="0" errors="0" timestamp="2021-05-09T12:40:30" hostname="wangweilidembp" time="0.142">
  <properties/>
  <testcase name="testStaticCredentials()" classname="org.springframework.jdbc.datasource.UserCredentialsDataSourceAdapterTests" time="0.122"/>
  <testcase name="testThreadBoundCredentials()" classname="org.springframework.jdbc.datasource.UserCredentialsDataSourceAdapterTests" time="0.002"/>
  <testcase name="testNoCredentials()" classname="org.springframework.jdbc.datasource.UserCredentialsDataSourceAdapterTests" time="0.002"/>
  <system-out><![CDATA[]]></system-out>
  <system-err><![CDATA[]]></system-err>
</testsuite>
