<?xml version="1.0" encoding="UTF-8"?>
<testsuite name="org.springframework.jdbc.support.KeyHolderTests" tests="8" skipped="0" failures="0" errors="0" timestamp="2021-04-26T07:40:03" hostname="wangweilideMacBook-Pro.local" time="0.006">
  <properties/>
  <testcase name="getKeyWithNoKeysInMap()" classname="org.springframework.jdbc.support.KeyHolderTests" time="0.0"/>
  <testcase name="getKeyForSingleNumericKey()" classname="org.springframework.jdbc.support.KeyHolderTests" time="0.001"/>
  <testcase name="getKeysWithMultipleKeyRows()" classname="org.springframework.jdbc.support.KeyHolderTests" time="0.001"/>
  <testcase name="getKeyForSingleNonNumericKey()" classname="org.springframework.jdbc.support.KeyHolderTests" time="0.0"/>
  <testcase name="getKeyWithMultipleKeysInMap()" classname="org.springframework.jdbc.support.KeyHolderTests" time="0.001"/>
  <testcase name="getKeyAsWrongType()" classname="org.springframework.jdbc.support.KeyHolderTests" time="0.001"/>
  <testcase name="getKeyAsIntegerWithNullValue()" classname="org.springframework.jdbc.support.KeyHolderTests" time="0.0"/>
  <testcase name="getKeyAsStringForSingleKey()" classname="org.springframework.jdbc.support.KeyHolderTests" time="0.001"/>
  <system-out><![CDATA[]]></system-out>
  <system-err><![CDATA[]]></system-err>
</testsuite>
