<?xml version="1.0" encoding="UTF-8"?>
<testsuite name="org.springframework.jdbc.config.InitializeDatabaseIntegrationTests" tests="7" skipped="0" failures="0" errors="0" timestamp="2021-04-26T07:39:58" hostname="wangweilideMacBook-Pro.local" time="0.475">
  <properties/>
  <testcase name="testIgnoreFailedDrops()" classname="org.springframework.jdbc.config.InitializeDatabaseIntegrationTests" time="0.072"/>
  <testcase name="testScriptNameWithExpressions()" classname="org.springframework.jdbc.config.InitializeDatabaseIntegrationTests" time="0.12"/>
  <testcase name="testScriptNameWithPlaceholder()" classname="org.springframework.jdbc.config.InitializeDatabaseIntegrationTests" time="0.089"/>
  <testcase name="testScriptNameWithPattern()" classname="org.springframework.jdbc.config.InitializeDatabaseIntegrationTests" time="0.053"/>
  <testcase name="testCacheInitialization()" classname="org.springframework.jdbc.config.InitializeDatabaseIntegrationTests" time="0.058"/>
  <testcase name="testCreateEmbeddedDatabase()" classname="org.springframework.jdbc.config.InitializeDatabaseIntegrationTests" time="0.046"/>
  <testcase name="testDisableCreateEmbeddedDatabase()" classname="org.springframework.jdbc.config.InitializeDatabaseIntegrationTests" time="0.035"/>
  <system-out><![CDATA[]]></system-out>
  <system-err><![CDATA[]]></system-err>
</testsuite>
