<?xml version="1.0" encoding="UTF-8"?>
<testsuite name="org.springframework.jdbc.config.InitializeDatabaseIntegrationTests" tests="7" skipped="0" failures="0" errors="0" timestamp="2021-05-01T09:25:29" hostname="wangweilideMBP.lan" time="0.366">
  <properties/>
  <testcase name="testIgnoreFailedDrops()" classname="org.springframework.jdbc.config.InitializeDatabaseIntegrationTests" time="0.034"/>
  <testcase name="testScriptNameWithExpressions()" classname="org.springframework.jdbc.config.InitializeDatabaseIntegrationTests" time="0.108"/>
  <testcase name="testScriptNameWithPlaceholder()" classname="org.springframework.jdbc.config.InitializeDatabaseIntegrationTests" time="0.061"/>
  <testcase name="testScriptNameWithPattern()" classname="org.springframework.jdbc.config.InitializeDatabaseIntegrationTests" time="0.042"/>
  <testcase name="testCacheInitialization()" classname="org.springframework.jdbc.config.InitializeDatabaseIntegrationTests" time="0.047"/>
  <testcase name="testCreateEmbeddedDatabase()" classname="org.springframework.jdbc.config.InitializeDatabaseIntegrationTests" time="0.04"/>
  <testcase name="testDisableCreateEmbeddedDatabase()" classname="org.springframework.jdbc.config.InitializeDatabaseIntegrationTests" time="0.031"/>
  <system-out><![CDATA[]]></system-out>
  <system-err><![CDATA[]]></system-err>
</testsuite>
