<?xml version="1.0" encoding="UTF-8"?>
<testsuite name="org.springframework.jdbc.core.DataClassRowMapperTests" tests="1" skipped="0" failures="0" errors="0" timestamp="2021-05-09T12:40:43" hostname="wangweilidembp" time="0.073">
  <properties/>
  <testcase name="testStaticQueryWithDataClass()" classname="org.springframework.jdbc.core.DataClassRowMapperTests" time="0.073"/>
  <system-out><![CDATA[]]></system-out>
  <system-err><![CDATA[]]></system-err>
</testsuite>
