<?xml version="1.0" encoding="UTF-8"?>
<testsuite name="org.springframework.jdbc.datasource.init.CompositeDatabasePopulatorTests" tests="5" skipped="0" failures="0" errors="0" timestamp="2021-04-26T07:39:38" hostname="wangweilideMacBook-Pro.local" time="0.088">
  <properties/>
  <testcase name="addPopulators()" classname="org.springframework.jdbc.datasource.init.CompositeDatabasePopulatorTests" time="0.072"/>
  <testcase name="constructWithCollection()" classname="org.springframework.jdbc.datasource.init.CompositeDatabasePopulatorTests" time="0.003"/>
  <testcase name="setPopulatorsForOverride()" classname="org.springframework.jdbc.datasource.init.CompositeDatabasePopulatorTests" time="0.003"/>
  <testcase name="constructWithVarargs()" classname="org.springframework.jdbc.datasource.init.CompositeDatabasePopulatorTests" time="0.003"/>
  <testcase name="setPopulatorsWithMultiple()" classname="org.springframework.jdbc.datasource.init.CompositeDatabasePopulatorTests" time="0.003"/>
  <system-out><![CDATA[]]></system-out>
  <system-err><![CDATA[]]></system-err>
</testsuite>
