<?xml version="1.0" encoding="UTF-8"?>
<testsuite name="org.springframework.jdbc.datasource.embedded.EmbeddedDatabaseBuilderTests" tests="11" skipped="0" failures="0" errors="0" timestamp="2021-05-09T12:40:33" hostname="wangweilidembp" time="5.295">
  <properties/>
  <testcase name="createSameSchemaTwiceWithGeneratedUniqueDbNames()" classname="org.springframework.jdbc.datasource.embedded.EmbeddedDatabaseBuilderTests" time="0.11"/>
  <testcase name="setTypeToDerbyAndIgnoreFailedDrops()" classname="org.springframework.jdbc.datasource.embedded.EmbeddedDatabaseBuilderTests" time="4.326"/>
  <testcase name="addScriptWithBogusFileName()" classname="org.springframework.jdbc.datasource.embedded.EmbeddedDatabaseBuilderTests" time="0.02"/>
  <testcase name="createSameSchemaTwiceWithoutUniqueDbNames()" classname="org.springframework.jdbc.datasource.embedded.EmbeddedDatabaseBuilderTests" time="0.046"/>
  <testcase name="addScripts()" classname="org.springframework.jdbc.datasource.embedded.EmbeddedDatabaseBuilderTests" time="0.037"/>
  <testcase name="addScriptsWithDefaultCommentPrefix()" classname="org.springframework.jdbc.datasource.embedded.EmbeddedDatabaseBuilderTests" time="0.037"/>
  <testcase name="addScriptsWithCustomBlockComments()" classname="org.springframework.jdbc.datasource.embedded.EmbeddedDatabaseBuilderTests" time="0.074"/>
  <testcase name="addScript()" classname="org.springframework.jdbc.datasource.embedded.EmbeddedDatabaseBuilderTests" time="0.084"/>
  <testcase name="addScriptsWithCustomCommentPrefix()" classname="org.springframework.jdbc.datasource.embedded.EmbeddedDatabaseBuilderTests" time="0.067"/>
  <testcase name="setTypeToH2()" classname="org.springframework.jdbc.datasource.embedded.EmbeddedDatabaseBuilderTests" time="0.45"/>
  <testcase name="addDefaultScripts()" classname="org.springframework.jdbc.datasource.embedded.EmbeddedDatabaseBuilderTests" time="0.037"/>
  <system-out><![CDATA[]]></system-out>
  <system-err><![CDATA[]]></system-err>
</testsuite>
