<?xml version="1.0" encoding="UTF-8"?>
<testsuite name="org.springframework.jdbc.support.DataFieldMaxValueIncrementerTests" tests="6" skipped="0" failures="0" errors="0" timestamp="2021-04-26T07:40:03" hostname="wangweilideMacBook-Pro.local" time="0.04">
  <properties/>
  <testcase name="testMySQLMaxValueIncrementer()" classname="org.springframework.jdbc.support.DataFieldMaxValueIncrementerTests" time="0.007"/>
  <testcase name="testHsqlMaxValueIncrementer()" classname="org.springframework.jdbc.support.DataFieldMaxValueIncrementerTests" time="0.008"/>
  <testcase name="testOracleSequenceMaxValueIncrementer()" classname="org.springframework.jdbc.support.DataFieldMaxValueIncrementerTests" time="0.006"/>
  <testcase name="testHsqlMaxValueIncrementerWithDeleteSpecificValues()" classname="org.springframework.jdbc.support.DataFieldMaxValueIncrementerTests" time="0.008"/>
  <testcase name="testPostgresSequenceMaxValueIncrementer()" classname="org.springframework.jdbc.support.DataFieldMaxValueIncrementerTests" time="0.005"/>
  <testcase name="testHanaSequenceMaxValueIncrementer()" classname="org.springframework.jdbc.support.DataFieldMaxValueIncrementerTests" time="0.005"/>
  <system-out><![CDATA[]]></system-out>
  <system-err><![CDATA[]]></system-err>
</testsuite>
