<?xml version="1.0" encoding="UTF-8"?>
<testsuite name="org.springframework.jdbc.core.support.SqlLobValueTests" tests="10" skipped="0" failures="0" errors="0" timestamp="2021-04-26T07:39:56" hostname="wangweilideMacBook-Pro.local" time="0.078">
  <properties/>
  <testcase name="testCorrectCleanup()" classname="org.springframework.jdbc.core.support.SqlLobValueTests" time="0.049"/>
  <testcase name="testOtherSqlType()" classname="org.springframework.jdbc.core.support.SqlLobValueTests" time="0.002"/>
  <testcase name="test1()" classname="org.springframework.jdbc.core.support.SqlLobValueTests" time="0.003"/>
  <testcase name="test2()" classname="org.springframework.jdbc.core.support.SqlLobValueTests" time="0.002"/>
  <testcase name="test3()" classname="org.springframework.jdbc.core.support.SqlLobValueTests" time="0.003"/>
  <testcase name="test4()" classname="org.springframework.jdbc.core.support.SqlLobValueTests" time="0.002"/>
  <testcase name="test5()" classname="org.springframework.jdbc.core.support.SqlLobValueTests" time="0.007"/>
  <testcase name="test6()" classname="org.springframework.jdbc.core.support.SqlLobValueTests" time="0.002"/>
  <testcase name="test7()" classname="org.springframework.jdbc.core.support.SqlLobValueTests" time="0.002"/>
  <testcase name="testOtherConstructors()" classname="org.springframework.jdbc.core.support.SqlLobValueTests" time="0.004"/>
  <system-out><![CDATA[]]></system-out>
  <system-err><![CDATA[]]></system-err>
</testsuite>
