<?xml version="1.0" encoding="UTF-8"?>
<testsuite name="org.springframework.jdbc.datasource.embedded.EmbeddedDatabaseFactoryTests" tests="1" skipped="0" failures="0" errors="0" timestamp="2021-05-01T09:25:20" hostname="wangweilideMBP.lan" time="0.074">
  <properties/>
  <testcase name="testGetDataSource()" classname="org.springframework.jdbc.datasource.embedded.EmbeddedDatabaseFactoryTests" time="0.074"/>
  <system-out><![CDATA[]]></system-out>
  <system-err><![CDATA[]]></system-err>
</testsuite>
