<?xml version="1.0" encoding="UTF-8"?>
<testsuite name="org.springframework.jdbc.core.JdbcOperationsExtensionsTests" tests="12" skipped="0" failures="0" errors="0" timestamp="2021-05-09T12:40:55" hostname="wangweilidembp" time="4.355">
  <properties/>
  <testcase name="queryForObject with nullable RowMapper-like function()" classname="org.springframework.jdbc.core.JdbcOperationsExtensionsTests" time="3.996"/>
  <testcase name="queryForObject with reified type parameters()" classname="org.springframework.jdbc.core.JdbcOperationsExtensionsTests" time="0.028"/>
  <testcase name="queryForObject with RowMapper-like function()" classname="org.springframework.jdbc.core.JdbcOperationsExtensionsTests" time="0.018"/>
  <testcase name="queryForList with reified type parameters and argTypes()" classname="org.springframework.jdbc.core.JdbcOperationsExtensionsTests" time="0.044"/>
  <testcase name="query with ResultSetExtractor-like function()" classname="org.springframework.jdbc.core.JdbcOperationsExtensionsTests" time="0.024"/>
  <testcase name="queryForList with reified type parameters()" classname="org.springframework.jdbc.core.JdbcOperationsExtensionsTests" time="0.019"/>
  <testcase name="query with nullable ResultSetExtractor-like function()" classname="org.springframework.jdbc.core.JdbcOperationsExtensionsTests" time="0.033"/>
  <testcase name="queryForObject with reified type parameters and argTypes()" classname="org.springframework.jdbc.core.JdbcOperationsExtensionsTests" time="0.047"/>
  <testcase name="queryForObject with reified type parameters and args()" classname="org.springframework.jdbc.core.JdbcOperationsExtensionsTests" time="0.048"/>
  <testcase name="query with RowMapper-like function()" classname="org.springframework.jdbc.core.JdbcOperationsExtensionsTests" time="0.022"/>
  <testcase name="queryForList with reified type parameters and args()" classname="org.springframework.jdbc.core.JdbcOperationsExtensionsTests" time="0.017"/>
  <testcase name="query with RowCallbackHandler-like function()" classname="org.springframework.jdbc.core.JdbcOperationsExtensionsTests" time="0.034"/>
  <system-out><![CDATA[]]></system-out>
  <system-err><![CDATA[]]></system-err>
</testsuite>
