<?xml version="1.0" encoding="UTF-8"?>
<testsuite name="org.springframework.jdbc.core.BeanPropertyRowMapperTests" tests="10" skipped="0" failures="0" errors="0" timestamp="2021-05-09T12:40:44" hostname="wangweilidembp" time="0.284">
  <properties/>
  <testcase name="testOverridingSameClassDefinedForMapping()" classname="org.springframework.jdbc.core.BeanPropertyRowMapperTests" time="0.012"/>
  <testcase name="testMappingWithInheritance()" classname="org.springframework.jdbc.core.BeanPropertyRowMapperTests" time="0.027"/>
  <testcase name="testMappingWithNoUnpopulatedFieldsFound()" classname="org.springframework.jdbc.core.BeanPropertyRowMapperTests" time="0.047"/>
  <testcase name="testQueryWithSpaceInColumnNameAndLocalDateTime()" classname="org.springframework.jdbc.core.BeanPropertyRowMapperTests" time="0.042"/>
  <testcase name="testMappingNullValue()" classname="org.springframework.jdbc.core.BeanPropertyRowMapperTests" time="0.019"/>
  <testcase name="testQueryWithSpaceInColumnNameAndLocalDate()" classname="org.springframework.jdbc.core.BeanPropertyRowMapperTests" time="0.035"/>
  <testcase name="testMappingWithUnpopulatedFieldsNotChecked()" classname="org.springframework.jdbc.core.BeanPropertyRowMapperTests" time="0.036"/>
  <testcase name="testOverridingDifferentClassDefinedForMapping()" classname="org.springframework.jdbc.core.BeanPropertyRowMapperTests" time="0.001"/>
  <testcase name="testStaticQueryWithRowMapper()" classname="org.springframework.jdbc.core.BeanPropertyRowMapperTests" time="0.018"/>
  <testcase name="testMappingWithUnpopulatedFieldsNotAccepted()" classname="org.springframework.jdbc.core.BeanPropertyRowMapperTests" time="0.018"/>
  <system-out><![CDATA[]]></system-out>
  <system-err><![CDATA[]]></system-err>
</testsuite>
