<?xml version="1.0" encoding="UTF-8"?>
<testsuite name="org.springframework.web.server.adapter.WebHttpHandlerBuilderTests" tests="7" skipped="0" failures="0" errors="0" timestamp="2021-05-09T12:43:21" hostname="wangweilidembp" time="0.198">
  <properties/>
  <testcase name="configWithoutFilters()" classname="org.springframework.web.server.adapter.WebHttpHandlerBuilderTests" time="0.047"/>
  <testcase name="orderedWebExceptionHandlerBeans()" classname="org.springframework.web.server.adapter.WebHttpHandlerBuilderTests" time="0.036"/>
  <testcase name="httpHandlerDecorator()" classname="org.springframework.web.server.adapter.WebHttpHandlerBuilderTests" time="0.006"/>
  <testcase name="httpHandlerDecoratorFactoryBeans()" classname="org.springframework.web.server.adapter.WebHttpHandlerBuilderTests" time="0.051"/>
  <testcase name="cloneWithApplicationContext()" classname="org.springframework.web.server.adapter.WebHttpHandlerBuilderTests" time="0.01"/>
  <testcase name="forwardedHeaderTransformer()" classname="org.springframework.web.server.adapter.WebHttpHandlerBuilderTests" time="0.02"/>
  <testcase name="orderedWebFilterBeans()" classname="org.springframework.web.server.adapter.WebHttpHandlerBuilderTests" time="0.026"/>
  <system-out><![CDATA[]]></system-out>
  <system-err><![CDATA[]]></system-err>
</testsuite>
