<?xml version="1.0" encoding="UTF-8"?>
<testsuite name="org.springframework.web.context.request.RequestScopedProxyTests" tests="7" skipped="0" failures="0" errors="0" timestamp="2021-04-26T07:41:05" hostname="wangweilideMacBook-Pro.local" time="0.429">
  <properties/>
  <testcase name="testGetAnonymousInnerBeanFromScope()" classname="org.springframework.web.context.request.RequestScopedProxyTests" time="0.184"/>
  <testcase name="testGetInnerBeanFromScope()" classname="org.springframework.web.context.request.RequestScopedProxyTests" time="0.037"/>
  <testcase name="testGetFromFactoryBeanInScope()" classname="org.springframework.web.context.request.RequestScopedProxyTests" time="0.038"/>
  <testcase name="testGetFromScopeThroughDynamicProxy()" classname="org.springframework.web.context.request.RequestScopedProxyTests" time="0.037"/>
  <testcase name="scopeNotAvailable()" classname="org.springframework.web.context.request.RequestScopedProxyTests" time="0.039"/>
  <testcase name="testGetFromScope()" classname="org.springframework.web.context.request.RequestScopedProxyTests" time="0.045"/>
  <testcase name="testDestructionAtRequestCompletion()" classname="org.springframework.web.context.request.RequestScopedProxyTests" time="0.046"/>
  <system-out><![CDATA[]]></system-out>
  <system-err><![CDATA[]]></system-err>
</testsuite>
