<?xml version="1.0" encoding="UTF-8"?>
<testsuite name="org.springframework.http.converter.protobuf.ProtobufHttpMessageConverterTests" tests="12" skipped="0" failures="0" errors="0" timestamp="2021-04-26T07:42:14" hostname="wangweilideMacBook-Pro.local" time="0.105">
  <properties/>
  <testcase name="getContentLength()" classname="org.springframework.http.converter.protobuf.ProtobufHttpMessageConverterTests" time="0.03"/>
  <testcase name="writeJsonWithGoogleProtobuf()" classname="org.springframework.http.converter.protobuf.ProtobufHttpMessageConverterTests" time="0.067"/>
  <testcase name="writeJsonWithJavaFormat()" classname="org.springframework.http.converter.protobuf.ProtobufHttpMessageConverterTests" time="0.002"/>
  <testcase name="canWrite()" classname="org.springframework.http.converter.protobuf.ProtobufHttpMessageConverterTests" time="0.001"/>
  <testcase name="read()" classname="org.springframework.http.converter.protobuf.ProtobufHttpMessageConverterTests" time="0.0"/>
  <testcase name="canRead()" classname="org.springframework.http.converter.protobuf.ProtobufHttpMessageConverterTests" time="0.0"/>
  <testcase name="defaultContentType()" classname="org.springframework.http.converter.protobuf.ProtobufHttpMessageConverterTests" time="0.001"/>
  <testcase name="extensionRegistryInitialized()" classname="org.springframework.http.converter.protobuf.ProtobufHttpMessageConverterTests" time="0.0"/>
  <testcase name="extensionRegistryNull()" classname="org.springframework.http.converter.protobuf.ProtobufHttpMessageConverterTests" time="0.001"/>
  <testcase name="extensionRegistryInitializerNull()" classname="org.springframework.http.converter.protobuf.ProtobufHttpMessageConverterTests" time="0.0"/>
  <testcase name="writeProtobuf()" classname="org.springframework.http.converter.protobuf.ProtobufHttpMessageConverterTests" time="0.002"/>
  <testcase name="readNoContentType()" classname="org.springframework.http.converter.protobuf.ProtobufHttpMessageConverterTests" time="0.001"/>
  <system-out><![CDATA[]]></system-out>
  <system-err><![CDATA[]]></system-err>
</testsuite>
