<?xml version="1.0" encoding="UTF-8"?>
<testsuite name="org.springframework.web.multipart.commons.CommonsMultipartResolverTests" tests="4" skipped="0" failures="0" errors="0" timestamp="2021-04-26T07:42:07" hostname="wangweilideMacBook-Pro.local" time="0.08">
  <properties/>
  <testcase name="withServletContextAndFilterWithCustomBeanName()" classname="org.springframework.web.multipart.commons.CommonsMultipartResolverTests" time="0.028"/>
  <testcase name="withApplicationContext()" classname="org.springframework.web.multipart.commons.CommonsMultipartResolverTests" time="0.039"/>
  <testcase name="withServletContextAndFilter()" classname="org.springframework.web.multipart.commons.CommonsMultipartResolverTests" time="0.002"/>
  <testcase name="withApplicationContextAndLazyResolution()" classname="org.springframework.web.multipart.commons.CommonsMultipartResolverTests" time="0.009"/>
  <system-out><![CDATA[15:42:07.739 [Test worker] WARN  o.s.w.m.c.CommonsMultipartResolverTests$MockCommonsMultipartResolver - Could not decode multipart item 'field3' with encoding 'enc': using platform default
15:42:07.741 [Test worker] WARN  o.s.w.m.c.CommonsMultipartResolverTests$MockCommonsMultipartResolver - Could not decode multipart item 'field4' with encoding 'enc': using platform default
15:42:07.762 [Test worker] WARN  o.s.w.m.c.CommonsMultipartResolverTests$MockCommonsMultipartResolver - Could not decode multipart item 'field3' with encoding 'enc': using platform default
15:42:07.765 [Test worker] WARN  o.s.w.m.c.CommonsMultipartResolverTests$MockCommonsMultipartResolver - Could not decode multipart item 'field4' with encoding 'enc': using platform default
15:42:07.767 [Test worker] WARN  o.s.w.m.c.CommonsMultipartResolverTests$MockCommonsMultipartResolver - Could not decode multipart item 'field3' with encoding 'enc': using platform default
15:42:07.768 [Test worker] WARN  o.s.w.m.c.CommonsMultipartResolverTests$MockCommonsMultipartResolver - Could not decode multipart item 'field4' with encoding 'enc': using platform default
15:42:07.774 [Test worker] WARN  o.s.w.m.c.CommonsMultipartResolverTests$MockCommonsMultipartResolver - Could not decode multipart item 'field3' with encoding 'enc': using platform default
15:42:07.776 [Test worker] WARN  o.s.w.m.c.CommonsMultipartResolverTests$MockCommonsMultipartResolver - Could not decode multipart item 'field4' with encoding 'enc': using platform default
15:42:07.778 [Test worker] WARN  o.s.w.m.c.CommonsMultipartResolverTests$MockCommonsMultipartResolver - Could not decode multipart item 'field3' with encoding 'enc': using platform default
15:42:07.779 [Test worker] WARN  o.s.w.m.c.CommonsMultipartResolverTests$MockCommonsMultipartResolver - Could not decode multipart item 'field4' with encoding 'enc': using platform default
15:42:07.780 [Test worker] WARN  o.s.w.m.c.CommonsMultipartResolverTests$MockCommonsMultipartResolver - Could not decode multipart item 'field3' with encoding 'enc': using platform default
15:42:07.781 [Test worker] WARN  o.s.w.m.c.CommonsMultipartResolverTests$MockCommonsMultipartResolver - Could not decode multipart item 'field4' with encoding 'enc': using platform default
]]></system-out>
  <system-err><![CDATA[]]></system-err>
</testsuite>
