<?xml version="1.0" encoding="UTF-8"?>
<testsuite name="org.springframework.web.context.request.RequestScopeTests" tests="7" skipped="0" failures="0" errors="0" timestamp="2021-04-26T07:41:05" hostname="wangweilideMacBook-Pro.local" time="0.306">
  <properties/>
  <testcase name="destructionAtRequestCompletion()" classname="org.springframework.web.context.request.RequestScopeTests" time="0.119"/>
  <testcase name="circleLeadsToException()" classname="org.springframework.web.context.request.RequestScopeTests" time="0.036"/>
  <testcase name="requestScopedInnerBeanDestroyedWhileContainedBySingleton()" classname="org.springframework.web.context.request.RequestScopeTests" time="0.035"/>
  <testcase name="innerBeanInheritsContainingBeanScopeByDefault()" classname="org.springframework.web.context.request.RequestScopeTests" time="0.024"/>
  <testcase name="getFromScope()" classname="org.springframework.web.context.request.RequestScopeTests" time="0.025"/>
  <testcase name="getFromFactoryBeanInScope()" classname="org.springframework.web.context.request.RequestScopeTests" time="0.027"/>
  <testcase name="scopeNotAvailable()" classname="org.springframework.web.context.request.RequestScopeTests" time="0.037"/>
  <system-out><![CDATA[]]></system-out>
  <system-err><![CDATA[]]></system-err>
</testsuite>
