<?xml version="1.0" encoding="UTF-8"?>
<testsuite name="org.springframework.http.converter.protobuf.ProtobufHttpMessageConverterTests" tests="12" skipped="0" failures="0" errors="0" timestamp="2021-05-09T12:44:25" hostname="wangweilidembp" time="0.073">
  <properties/>
  <testcase name="getContentLength()" classname="org.springframework.http.converter.protobuf.ProtobufHttpMessageConverterTests" time="0.02"/>
  <testcase name="writeJsonWithGoogleProtobuf()" classname="org.springframework.http.converter.protobuf.ProtobufHttpMessageConverterTests" time="0.044"/>
  <testcase name="writeJsonWithJavaFormat()" classname="org.springframework.http.converter.protobuf.ProtobufHttpMessageConverterTests" time="0.002"/>
  <testcase name="canWrite()" classname="org.springframework.http.converter.protobuf.ProtobufHttpMessageConverterTests" time="0.0"/>
  <testcase name="read()" classname="org.springframework.http.converter.protobuf.ProtobufHttpMessageConverterTests" time="0.0"/>
  <testcase name="canRead()" classname="org.springframework.http.converter.protobuf.ProtobufHttpMessageConverterTests" time="0.001"/>
  <testcase name="defaultContentType()" classname="org.springframework.http.converter.protobuf.ProtobufHttpMessageConverterTests" time="0.0"/>
  <testcase name="extensionRegistryInitialized()" classname="org.springframework.http.converter.protobuf.ProtobufHttpMessageConverterTests" time="0.001"/>
  <testcase name="extensionRegistryNull()" classname="org.springframework.http.converter.protobuf.ProtobufHttpMessageConverterTests" time="0.0"/>
  <testcase name="extensionRegistryInitializerNull()" classname="org.springframework.http.converter.protobuf.ProtobufHttpMessageConverterTests" time="0.0"/>
  <testcase name="writeProtobuf()" classname="org.springframework.http.converter.protobuf.ProtobufHttpMessageConverterTests" time="0.002"/>
  <testcase name="readNoContentType()" classname="org.springframework.http.converter.protobuf.ProtobufHttpMessageConverterTests" time="0.0"/>
  <system-out><![CDATA[]]></system-out>
  <system-err><![CDATA[]]></system-err>
</testsuite>
