<?xml version="1.0" encoding="UTF-8"?>
<testsuite name="org.springframework.web.context.support.SpringBeanAutowiringSupportTests" tests="1" skipped="0" failures="0" errors="0" timestamp="2021-04-26T07:41:04" hostname="wangweilideMacBook-Pro.local" time="0.053">
  <properties/>
  <testcase name="testProcessInjectionBasedOnServletContext()" classname="org.springframework.web.context.support.SpringBeanAutowiringSupportTests" time="0.053"/>
  <system-out><![CDATA[]]></system-out>
  <system-err><![CDATA[]]></system-err>
</testsuite>
