<?xml version="1.0" encoding="UTF-8"?>
<testsuite name="org.springframework.web.util.ServletContextPropertyUtilsTests" tests="2" skipped="0" failures="0" errors="0" timestamp="2021-05-09T12:43:19" hostname="wangweilidembp" time="0.016">
  <properties/>
  <testcase name="fallbackToSystemProperties()" classname="org.springframework.web.util.ServletContextPropertyUtilsTests" time="0.001"/>
  <testcase name="resolveAsServletContextInitParameter()" classname="org.springframework.web.util.ServletContextPropertyUtilsTests" time="0.015"/>
  <system-out><![CDATA[]]></system-out>
  <system-err><![CDATA[]]></system-err>
</testsuite>
