<?xml version="1.0" encoding="UTF-8"?>
<testsuite name="org.springframework.http.converter.xml.MarshallingHttpMessageConverterTests" tests="8" skipped="0" failures="0" errors="0" timestamp="2021-04-26T07:42:12" hostname="wangweilideMacBook-Pro.local" time="0.021">
  <properties/>
  <testcase name="supports()" classname="org.springframework.http.converter.xml.MarshallingHttpMessageConverterTests" time="0.0"/>
  <testcase name="canWrite()" classname="org.springframework.http.converter.xml.MarshallingHttpMessageConverterTests" time="0.008"/>
  <testcase name="read()" classname="org.springframework.http.converter.xml.MarshallingHttpMessageConverterTests" time="0.006"/>
  <testcase name="writeWithMarshallingFailureException()" classname="org.springframework.http.converter.xml.MarshallingHttpMessageConverterTests" time="0.002"/>
  <testcase name="write()" classname="org.springframework.http.converter.xml.MarshallingHttpMessageConverterTests" time="0.002"/>
  <testcase name="canRead()" classname="org.springframework.http.converter.xml.MarshallingHttpMessageConverterTests" time="0.001"/>
  <testcase name="readWithMarshallingFailureException()" classname="org.springframework.http.converter.xml.MarshallingHttpMessageConverterTests" time="0.001"/>
  <testcase name="readWithTypeMismatchException()" classname="org.springframework.http.converter.xml.MarshallingHttpMessageConverterTests" time="0.001"/>
  <system-out><![CDATA[]]></system-out>
  <system-err><![CDATA[]]></system-err>
</testsuite>
