<?xml version="1.0" encoding="UTF-8"?>
<testsuite name="org.springframework.http.codec.xml.Jaxb2XmlEncoderTests" tests="4" skipped="0" failures="0" errors="0" timestamp="2021-04-26T07:42:14" hostname="wangweilideMacBook-Pro.local" time="0.027">
  <properties/>
  <testcase name="encode()" classname="org.springframework.http.codec.xml.Jaxb2XmlEncoderTests" time="0.006"/>
  <testcase name="canEncode()" classname="org.springframework.http.codec.xml.Jaxb2XmlEncoderTests" time="0.001"/>
  <testcase name="encodeElementsWithCommonType()" classname="org.springframework.http.codec.xml.Jaxb2XmlEncoderTests" time="0.018"/>
  <testcase name="encodeError()" classname="org.springframework.http.codec.xml.Jaxb2XmlEncoderTests" time="0.002"/>
  <system-out><![CDATA[]]></system-out>
  <system-err><![CDATA[]]></system-err>
</testsuite>
