<?xml version="1.0" encoding="UTF-8"?>
<testsuite name="org.springframework.web.context.request.ServletWebRequestHttpMethodsTests" tests="44" skipped="0" failures="0" errors="0" timestamp="2021-04-26T07:41:05" hostname="wangweilideMacBook-Pro.local" time="0.138">
  <properties/>
  <testcase name="[1] GET" classname="org.springframework.web.context.request.ServletWebRequestHttpMethodsTests" time="0.008"/>
  <testcase name="[2] HEAD" classname="org.springframework.web.context.request.ServletWebRequestHttpMethodsTests" time="0.001"/>
  <testcase name="[1] GET" classname="org.springframework.web.context.request.ServletWebRequestHttpMethodsTests" time="0.001"/>
  <testcase name="[2] HEAD" classname="org.springframework.web.context.request.ServletWebRequestHttpMethodsTests" time="0.001"/>
  <testcase name="[1] GET" classname="org.springframework.web.context.request.ServletWebRequestHttpMethodsTests" time="0.0"/>
  <testcase name="[2] HEAD" classname="org.springframework.web.context.request.ServletWebRequestHttpMethodsTests" time="0.0"/>
  <testcase name="[1] GET" classname="org.springframework.web.context.request.ServletWebRequestHttpMethodsTests" time="0.001"/>
  <testcase name="[2] HEAD" classname="org.springframework.web.context.request.ServletWebRequestHttpMethodsTests" time="0.0"/>
  <testcase name="[1] GET" classname="org.springframework.web.context.request.ServletWebRequestHttpMethodsTests" time="0.0"/>
  <testcase name="[2] HEAD" classname="org.springframework.web.context.request.ServletWebRequestHttpMethodsTests" time="0.001"/>
  <testcase name="[1] GET" classname="org.springframework.web.context.request.ServletWebRequestHttpMethodsTests" time="0.001"/>
  <testcase name="[2] HEAD" classname="org.springframework.web.context.request.ServletWebRequestHttpMethodsTests" time="0.002"/>
  <testcase name="[1] GET" classname="org.springframework.web.context.request.ServletWebRequestHttpMethodsTests" time="0.001"/>
  <testcase name="[2] HEAD" classname="org.springframework.web.context.request.ServletWebRequestHttpMethodsTests" time="0.0"/>
  <testcase name="[1] GET" classname="org.springframework.web.context.request.ServletWebRequestHttpMethodsTests" time="0.001"/>
  <testcase name="[2] HEAD" classname="org.springframework.web.context.request.ServletWebRequestHttpMethodsTests" time="0.0"/>
  <testcase name="[1] GET" classname="org.springframework.web.context.request.ServletWebRequestHttpMethodsTests" time="0.001"/>
  <testcase name="[2] HEAD" classname="org.springframework.web.context.request.ServletWebRequestHttpMethodsTests" time="0.002"/>
  <testcase name="[1] GET" classname="org.springframework.web.context.request.ServletWebRequestHttpMethodsTests" time="0.001"/>
  <testcase name="[2] HEAD" classname="org.springframework.web.context.request.ServletWebRequestHttpMethodsTests" time="0.001"/>
  <testcase name="[1] GET" classname="org.springframework.web.context.request.ServletWebRequestHttpMethodsTests" time="0.002"/>
  <testcase name="[2] HEAD" classname="org.springframework.web.context.request.ServletWebRequestHttpMethodsTests" time="0.001"/>
  <testcase name="[1] GET" classname="org.springframework.web.context.request.ServletWebRequestHttpMethodsTests" time="0.002"/>
  <testcase name="[2] HEAD" classname="org.springframework.web.context.request.ServletWebRequestHttpMethodsTests" time="0.001"/>
  <testcase name="[1] GET" classname="org.springframework.web.context.request.ServletWebRequestHttpMethodsTests" time="0.001"/>
  <testcase name="[2] HEAD" classname="org.springframework.web.context.request.ServletWebRequestHttpMethodsTests" time="0.001"/>
  <testcase name="[1] GET" classname="org.springframework.web.context.request.ServletWebRequestHttpMethodsTests" time="0.002"/>
  <testcase name="[2] HEAD" classname="org.springframework.web.context.request.ServletWebRequestHttpMethodsTests" time="0.001"/>
  <testcase name="[1] GET" classname="org.springframework.web.context.request.ServletWebRequestHttpMethodsTests" time="0.017"/>
  <testcase name="[2] HEAD" classname="org.springframework.web.context.request.ServletWebRequestHttpMethodsTests" time="0.002"/>
  <testcase name="[1] GET" classname="org.springframework.web.context.request.ServletWebRequestHttpMethodsTests" time="0.001"/>
  <testcase name="[2] HEAD" classname="org.springframework.web.context.request.ServletWebRequestHttpMethodsTests" time="0.001"/>
  <testcase name="[1] GET" classname="org.springframework.web.context.request.ServletWebRequestHttpMethodsTests" time="0.0"/>
  <testcase name="[2] HEAD" classname="org.springframework.web.context.request.ServletWebRequestHttpMethodsTests" time="0.001"/>
  <testcase name="[1] GET" classname="org.springframework.web.context.request.ServletWebRequestHttpMethodsTests" time="0.001"/>
  <testcase name="[2] HEAD" classname="org.springframework.web.context.request.ServletWebRequestHttpMethodsTests" time="0.002"/>
  <testcase name="[1] GET" classname="org.springframework.web.context.request.ServletWebRequestHttpMethodsTests" time="0.001"/>
  <testcase name="[2] HEAD" classname="org.springframework.web.context.request.ServletWebRequestHttpMethodsTests" time="0.0"/>
  <testcase name="[1] GET" classname="org.springframework.web.context.request.ServletWebRequestHttpMethodsTests" time="0.001"/>
  <testcase name="[2] HEAD" classname="org.springframework.web.context.request.ServletWebRequestHttpMethodsTests" time="0.001"/>
  <testcase name="[1] GET" classname="org.springframework.web.context.request.ServletWebRequestHttpMethodsTests" time="0.001"/>
  <testcase name="[2] HEAD" classname="org.springframework.web.context.request.ServletWebRequestHttpMethodsTests" time="0.0"/>
  <testcase name="[1] GET" classname="org.springframework.web.context.request.ServletWebRequestHttpMethodsTests" time="0.001"/>
  <testcase name="[2] HEAD" classname="org.springframework.web.context.request.ServletWebRequestHttpMethodsTests" time="0.001"/>
  <system-out><![CDATA[]]></system-out>
  <system-err><![CDATA[]]></system-err>
</testsuite>
