<?xml version="1.0" encoding="UTF-8"?>
<testsuite name="org.springframework.web.filter.CharacterEncodingFilterTests" tests="6" skipped="0" failures="0" errors="0" timestamp="2021-04-26T07:42:08" hostname="wangweilideMacBook-Pro.local" time="0.054">
  <properties/>
  <testcase name="encodingIfEmptyAndNotForced()" classname="org.springframework.web.filter.CharacterEncodingFilterTests" time="0.009"/>
  <testcase name="doesNotIfEncodingIsNotEmptyAndNotForced()" classname="org.springframework.web.filter.CharacterEncodingFilterTests" time="0.003"/>
  <testcase name="withBeanInitialization()" classname="org.springframework.web.filter.CharacterEncodingFilterTests" time="0.003"/>
  <testcase name="setForceEncodingOnRequestOnly()" classname="org.springframework.web.filter.CharacterEncodingFilterTests" time="0.031"/>
  <testcase name="forceEncodingAlwaysSetsEncoding()" classname="org.springframework.web.filter.CharacterEncodingFilterTests" time="0.003"/>
  <testcase name="withIncompleteInitialization()" classname="org.springframework.web.filter.CharacterEncodingFilterTests" time="0.004"/>
  <system-out><![CDATA[]]></system-out>
  <system-err><![CDATA[]]></system-err>
</testsuite>
