<?xml version="1.0" encoding="UTF-8"?>
<testsuite name="org.springframework.web.context.request.async.DeferredResultTests" tests="7" skipped="0" failures="0" errors="0" timestamp="2021-05-09T12:43:17" hostname="wangweilidembp" time="0.051">
  <properties/>
  <testcase name="onCompletion()" classname="org.springframework.web.context.request.async.DeferredResultTests" time="0.009"/>
  <testcase name="onError()" classname="org.springframework.web.context.request.async.DeferredResultTests" time="0.027"/>
  <testcase name="isSetOrExpired()" classname="org.springframework.web.context.request.async.DeferredResultTests" time="0.002"/>
  <testcase name="hasResult()" classname="org.springframework.web.context.request.async.DeferredResultTests" time="0.001"/>
  <testcase name="onTimeout()" classname="org.springframework.web.context.request.async.DeferredResultTests" time="0.002"/>
  <testcase name="setResult()" classname="org.springframework.web.context.request.async.DeferredResultTests" time="0.001"/>
  <testcase name="setResultTwice()" classname="org.springframework.web.context.request.async.DeferredResultTests" time="0.006"/>
  <system-out><![CDATA[]]></system-out>
  <system-err><![CDATA[]]></system-err>
</testsuite>
