<?xml version="1.0" encoding="UTF-8"?>
<testsuite name="org.springframework.http.client.support.ProxyFactoryBeanTests" tests="4" skipped="0" failures="0" errors="0" timestamp="2021-04-26T07:44:20" hostname="wangweilideMacBook-Pro.local" time="0.003">
  <properties/>
  <testcase name="noPort()" classname="org.springframework.http.client.support.ProxyFactoryBeanTests" time="0.001"/>
  <testcase name="noType()" classname="org.springframework.http.client.support.ProxyFactoryBeanTests" time="0.0"/>
  <testcase name="normal()" classname="org.springframework.http.client.support.ProxyFactoryBeanTests" time="0.001"/>
  <testcase name="noHostname()" classname="org.springframework.http.client.support.ProxyFactoryBeanTests" time="0.0"/>
  <system-out><![CDATA[]]></system-out>
  <system-err><![CDATA[]]></system-err>
</testsuite>
