<?xml version="1.0" encoding="UTF-8"?>
<testsuite name="org.springframework.http.client.StreamingSimpleClientHttpRequestFactoryTests" tests="8" skipped="1" failures="0" errors="0" timestamp="2021-04-26T07:44:13" hostname="wangweilideMacBook-Pro.local" time="0.02">
  <properties/>
  <testcase name="headersAfterExecute()" classname="org.springframework.http.client.StreamingSimpleClientHttpRequestFactoryTests" time="0.004"/>
  <testcase name="status()" classname="org.springframework.http.client.StreamingSimpleClientHttpRequestFactoryTests" time="0.002"/>
  <testcase name="echo()" classname="org.springframework.http.client.StreamingSimpleClientHttpRequestFactoryTests" time="0.002"/>
  <testcase name="multipleWrites()" classname="org.springframework.http.client.StreamingSimpleClientHttpRequestFactoryTests" time="0.001"/>
  <testcase name="queryParameters()" classname="org.springframework.http.client.StreamingSimpleClientHttpRequestFactoryTests" time="0.002"/>
  <testcase name="httpMethods()" classname="org.springframework.http.client.StreamingSimpleClientHttpRequestFactoryTests" time="0.006"/>
  <testcase name="largeFileUpload()" classname="org.springframework.http.client.StreamingSimpleClientHttpRequestFactoryTests" time="0.0">
    <skipped/>
  </testcase>
  <testcase name="interceptor()" classname="org.springframework.http.client.StreamingSimpleClientHttpRequestFactoryTests" time="0.002"/>
  <system-out><![CDATA[]]></system-out>
  <system-err><![CDATA[Apr 26, 2021 3:44:13 PM okhttp3.mockwebserver.MockWebServer$3 execute
INFO: MockWebServer[49173] starting to accept connections
Apr 26, 2021 3:44:13 PM okhttp3.mockwebserver.MockWebServer$4 processOneRequest
INFO: MockWebServer[49173] received request: POST /status/ok HTTP/1.1 and responded: HTTP/1.1 200 OK
Apr 26, 2021 3:44:13 PM okhttp3.mockwebserver.MockWebServer$3 acceptConnections
INFO: MockWebServer[49173] done accepting connections: Socket closed
Apr 26, 2021 3:44:13 PM okhttp3.mockwebserver.MockWebServer$3 execute
INFO: MockWebServer[49175] starting to accept connections
Apr 26, 2021 3:44:13 PM okhttp3.mockwebserver.MockWebServer$4 processOneRequest
INFO: MockWebServer[49175] received request: GET /status/notfound HTTP/1.1 and responded: HTTP/1.1 404 Client Error
Apr 26, 2021 3:44:13 PM okhttp3.mockwebserver.MockWebServer$3 acceptConnections
INFO: MockWebServer[49175] done accepting connections: Socket closed
Apr 26, 2021 3:44:13 PM okhttp3.mockwebserver.MockWebServer$3 execute
INFO: MockWebServer[49177] starting to accept connections
Apr 26, 2021 3:44:13 PM okhttp3.mockwebserver.MockWebServer$4 processOneRequest
INFO: MockWebServer[49177] received request: PUT /echo HTTP/1.1 and responded: HTTP/1.1 200 OK
Apr 26, 2021 3:44:13 PM okhttp3.mockwebserver.MockWebServer$3 acceptConnections
INFO: MockWebServer[49177] done accepting connections: Socket closed
Apr 26, 2021 3:44:13 PM okhttp3.mockwebserver.MockWebServer$3 execute
INFO: MockWebServer[49179] starting to accept connections
Apr 26, 2021 3:44:13 PM okhttp3.mockwebserver.MockWebServer$3 acceptConnections
INFO: MockWebServer[49179] done accepting connections: Socket closed
Apr 26, 2021 3:44:13 PM okhttp3.mockwebserver.MockWebServer$4 execute
INFO: MockWebServer[49179] connection from /127.0.0.1 failed: java.net.SocketException: Socket closed
Apr 26, 2021 3:44:13 PM okhttp3.mockwebserver.MockWebServer$3 execute
INFO: MockWebServer[49181] starting to accept connections
Apr 26, 2021 3:44:13 PM okhttp3.mockwebserver.MockWebServer$4 processOneRequest
INFO: MockWebServer[49181] received request: GET /params?param1=value&param2=value1&param2=value2 HTTP/1.1 and responded: HTTP/1.1 200 OK
Apr 26, 2021 3:44:13 PM okhttp3.mockwebserver.MockWebServer$3 acceptConnections
INFO: MockWebServer[49181] done accepting connections: Socket closed
Apr 26, 2021 3:44:13 PM okhttp3.mockwebserver.MockWebServer$3 execute
INFO: MockWebServer[49183] starting to accept connections
Apr 26, 2021 3:44:13 PM okhttp3.mockwebserver.MockWebServer$4 processOneRequest
INFO: MockWebServer[49183] received request: GET /methods/get HTTP/1.1 and responded: HTTP/1.1 200 OK
Apr 26, 2021 3:44:13 PM okhttp3.mockwebserver.MockWebServer$4 processOneRequest
INFO: MockWebServer[49183] received request: HEAD /methods/head HTTP/1.1 and responded: HTTP/1.1 200 OK
Apr 26, 2021 3:44:13 PM okhttp3.mockwebserver.MockWebServer$4 processOneRequest
INFO: MockWebServer[49183] received request: POST /methods/post HTTP/1.1 and responded: HTTP/1.1 200 OK
Apr 26, 2021 3:44:13 PM okhttp3.mockwebserver.MockWebServer$4 processOneRequest
INFO: MockWebServer[49183] received request: PUT /methods/put HTTP/1.1 and responded: HTTP/1.1 200 OK
Apr 26, 2021 3:44:13 PM okhttp3.mockwebserver.MockWebServer$4 processOneRequest
INFO: MockWebServer[49183] received request: OPTIONS /methods/options HTTP/1.1 and responded: HTTP/1.1 200 OK
Apr 26, 2021 3:44:13 PM okhttp3.mockwebserver.MockWebServer$4 processOneRequest
INFO: MockWebServer[49183] received request: DELETE /methods/delete HTTP/1.1 and responded: HTTP/1.1 200 OK
Apr 26, 2021 3:44:13 PM okhttp3.mockwebserver.MockWebServer$3 acceptConnections
INFO: MockWebServer[49183] done accepting connections: Socket closed
Apr 26, 2021 3:44:13 PM okhttp3.mockwebserver.MockWebServer$3 execute
INFO: MockWebServer[49185] starting to accept connections
Apr 26, 2021 3:44:13 PM okhttp3.mockwebserver.MockWebServer$4 processOneRequest
INFO: MockWebServer[49185] received request: GET /echo HTTP/1.1 and responded: HTTP/1.1 200 OK
Apr 26, 2021 3:44:13 PM okhttp3.mockwebserver.MockWebServer$3 acceptConnections
INFO: MockWebServer[49185] done accepting connections: Socket closed
]]></system-err>
</testsuite>
