<?xml version="1.0" encoding="UTF-8"?>
<testsuite name="org.springframework.http.codec.json.Jackson2SmileDecoderTests" tests="3" skipped="0" failures="0" errors="0" timestamp="2021-05-09T12:44:25" hostname="wangweilidembp" time="0.016">
  <properties/>
  <testcase name="decodeToMono()" classname="org.springframework.http.codec.json.Jackson2SmileDecoderTests" time="0.002"/>
  <testcase name="decode()" classname="org.springframework.http.codec.json.Jackson2SmileDecoderTests" time="0.013"/>
  <testcase name="canDecode()" classname="org.springframework.http.codec.json.Jackson2SmileDecoderTests" time="0.0"/>
  <system-out><![CDATA[]]></system-out>
  <system-err><![CDATA[]]></system-err>
</testsuite>
