<?xml version="1.0" encoding="UTF-8"?>
<testsuite name="org.springframework.web.context.request.ServletWebRequestHttpMethodsTests" tests="44" skipped="0" failures="0" errors="0" timestamp="2021-05-09T12:43:15" hostname="wangweilidembp" time="0.214">
  <properties/>
  <testcase name="[1] GET" classname="org.springframework.web.context.request.ServletWebRequestHttpMethodsTests" time="0.018"/>
  <testcase name="[2] HEAD" classname="org.springframework.web.context.request.ServletWebRequestHttpMethodsTests" time="0.001"/>
  <testcase name="[1] GET" classname="org.springframework.web.context.request.ServletWebRequestHttpMethodsTests" time="0.001"/>
  <testcase name="[2] HEAD" classname="org.springframework.web.context.request.ServletWebRequestHttpMethodsTests" time="0.0"/>
  <testcase name="[1] GET" classname="org.springframework.web.context.request.ServletWebRequestHttpMethodsTests" time="0.0"/>
  <testcase name="[2] HEAD" classname="org.springframework.web.context.request.ServletWebRequestHttpMethodsTests" time="0.001"/>
  <testcase name="[1] GET" classname="org.springframework.web.context.request.ServletWebRequestHttpMethodsTests" time="0.0"/>
  <testcase name="[2] HEAD" classname="org.springframework.web.context.request.ServletWebRequestHttpMethodsTests" time="0.001"/>
  <testcase name="[1] GET" classname="org.springframework.web.context.request.ServletWebRequestHttpMethodsTests" time="0.004"/>
  <testcase name="[2] HEAD" classname="org.springframework.web.context.request.ServletWebRequestHttpMethodsTests" time="0.001"/>
  <testcase name="[1] GET" classname="org.springframework.web.context.request.ServletWebRequestHttpMethodsTests" time="0.003"/>
  <testcase name="[2] HEAD" classname="org.springframework.web.context.request.ServletWebRequestHttpMethodsTests" time="0.001"/>
  <testcase name="[1] GET" classname="org.springframework.web.context.request.ServletWebRequestHttpMethodsTests" time="0.007"/>
  <testcase name="[2] HEAD" classname="org.springframework.web.context.request.ServletWebRequestHttpMethodsTests" time="0.001"/>
  <testcase name="[1] GET" classname="org.springframework.web.context.request.ServletWebRequestHttpMethodsTests" time="0.0"/>
  <testcase name="[2] HEAD" classname="org.springframework.web.context.request.ServletWebRequestHttpMethodsTests" time="0.0"/>
  <testcase name="[1] GET" classname="org.springframework.web.context.request.ServletWebRequestHttpMethodsTests" time="0.001"/>
  <testcase name="[2] HEAD" classname="org.springframework.web.context.request.ServletWebRequestHttpMethodsTests" time="0.001"/>
  <testcase name="[1] GET" classname="org.springframework.web.context.request.ServletWebRequestHttpMethodsTests" time="0.0"/>
  <testcase name="[2] HEAD" classname="org.springframework.web.context.request.ServletWebRequestHttpMethodsTests" time="0.0"/>
  <testcase name="[1] GET" classname="org.springframework.web.context.request.ServletWebRequestHttpMethodsTests" time="0.0"/>
  <testcase name="[2] HEAD" classname="org.springframework.web.context.request.ServletWebRequestHttpMethodsTests" time="0.001"/>
  <testcase name="[1] GET" classname="org.springframework.web.context.request.ServletWebRequestHttpMethodsTests" time="0.002"/>
  <testcase name="[2] HEAD" classname="org.springframework.web.context.request.ServletWebRequestHttpMethodsTests" time="0.001"/>
  <testcase name="[1] GET" classname="org.springframework.web.context.request.ServletWebRequestHttpMethodsTests" time="0.0"/>
  <testcase name="[2] HEAD" classname="org.springframework.web.context.request.ServletWebRequestHttpMethodsTests" time="0.001"/>
  <testcase name="[1] GET" classname="org.springframework.web.context.request.ServletWebRequestHttpMethodsTests" time="0.001"/>
  <testcase name="[2] HEAD" classname="org.springframework.web.context.request.ServletWebRequestHttpMethodsTests" time="0.006"/>
  <testcase name="[1] GET" classname="org.springframework.web.context.request.ServletWebRequestHttpMethodsTests" time="0.031"/>
  <testcase name="[2] HEAD" classname="org.springframework.web.context.request.ServletWebRequestHttpMethodsTests" time="0.002"/>
  <testcase name="[1] GET" classname="org.springframework.web.context.request.ServletWebRequestHttpMethodsTests" time="0.001"/>
  <testcase name="[2] HEAD" classname="org.springframework.web.context.request.ServletWebRequestHttpMethodsTests" time="0.001"/>
  <testcase name="[1] GET" classname="org.springframework.web.context.request.ServletWebRequestHttpMethodsTests" time="0.0"/>
  <testcase name="[2] HEAD" classname="org.springframework.web.context.request.ServletWebRequestHttpMethodsTests" time="0.001"/>
  <testcase name="[1] GET" classname="org.springframework.web.context.request.ServletWebRequestHttpMethodsTests" time="0.002"/>
  <testcase name="[2] HEAD" classname="org.springframework.web.context.request.ServletWebRequestHttpMethodsTests" time="0.005"/>
  <testcase name="[1] GET" classname="org.springframework.web.context.request.ServletWebRequestHttpMethodsTests" time="0.004"/>
  <testcase name="[2] HEAD" classname="org.springframework.web.context.request.ServletWebRequestHttpMethodsTests" time="0.001"/>
  <testcase name="[1] GET" classname="org.springframework.web.context.request.ServletWebRequestHttpMethodsTests" time="0.001"/>
  <testcase name="[2] HEAD" classname="org.springframework.web.context.request.ServletWebRequestHttpMethodsTests" time="0.001"/>
  <testcase name="[1] GET" classname="org.springframework.web.context.request.ServletWebRequestHttpMethodsTests" time="0.0"/>
  <testcase name="[2] HEAD" classname="org.springframework.web.context.request.ServletWebRequestHttpMethodsTests" time="0.001"/>
  <testcase name="[1] GET" classname="org.springframework.web.context.request.ServletWebRequestHttpMethodsTests" time="0.011"/>
  <testcase name="[2] HEAD" classname="org.springframework.web.context.request.ServletWebRequestHttpMethodsTests" time="0.002"/>
  <system-out><![CDATA[]]></system-out>
  <system-err><![CDATA[]]></system-err>
</testsuite>
