<?xml version="1.0" encoding="UTF-8"?>
<testsuite name="org.springframework.http.server.reactive.ErrorHandlerIntegrationTests" tests="12" skipped="0" failures="0" errors="0" timestamp="2021-05-09T12:45:02" hostname="wangweilidembp" time="33.62">
  <properties/>
  <testcase name="[1] org.springframework.web.testfixture.http.server.reactive.bootstrap.JettyHttpServer@57ba693b" classname="org.springframework.http.server.reactive.ErrorHandlerIntegrationTests" time="0.007"/>
  <testcase name="[2] org.springframework.web.testfixture.http.server.reactive.bootstrap.ReactorHttpServer@3a3bf54d" classname="org.springframework.http.server.reactive.ErrorHandlerIntegrationTests" time="0.004"/>
  <testcase name="[3] org.springframework.web.testfixture.http.server.reactive.bootstrap.TomcatHttpServer@5b90424c" classname="org.springframework.http.server.reactive.ErrorHandlerIntegrationTests" time="11.179"/>
  <testcase name="[4] org.springframework.web.testfixture.http.server.reactive.bootstrap.UndertowHttpServer@189872ed" classname="org.springframework.http.server.reactive.ErrorHandlerIntegrationTests" time="0.009"/>
  <testcase name="[1] org.springframework.web.testfixture.http.server.reactive.bootstrap.JettyHttpServer@760c0afa" classname="org.springframework.http.server.reactive.ErrorHandlerIntegrationTests" time="0.007"/>
  <testcase name="[2] org.springframework.web.testfixture.http.server.reactive.bootstrap.ReactorHttpServer@734a9109" classname="org.springframework.http.server.reactive.ErrorHandlerIntegrationTests" time="0.004"/>
  <testcase name="[3] org.springframework.web.testfixture.http.server.reactive.bootstrap.TomcatHttpServer@6cd2bde" classname="org.springframework.http.server.reactive.ErrorHandlerIntegrationTests" time="11.2"/>
  <testcase name="[4] org.springframework.web.testfixture.http.server.reactive.bootstrap.UndertowHttpServer@28c6c38" classname="org.springframework.http.server.reactive.ErrorHandlerIntegrationTests" time="0.009"/>
  <testcase name="[1] org.springframework.web.testfixture.http.server.reactive.bootstrap.JettyHttpServer@72eda003" classname="org.springframework.http.server.reactive.ErrorHandlerIntegrationTests" time="0.007"/>
  <testcase name="[2] org.springframework.web.testfixture.http.server.reactive.bootstrap.ReactorHttpServer@756272fe" classname="org.springframework.http.server.reactive.ErrorHandlerIntegrationTests" time="0.003"/>
  <testcase name="[3] org.springframework.web.testfixture.http.server.reactive.bootstrap.TomcatHttpServer@b94763b" classname="org.springframework.http.server.reactive.ErrorHandlerIntegrationTests" time="11.18"/>
  <testcase name="[4] org.springframework.web.testfixture.http.server.reactive.bootstrap.UndertowHttpServer@677c3571" classname="org.springframework.http.server.reactive.ErrorHandlerIntegrationTests" time="0.007"/>
  <system-out><![CDATA[20:45:02.882 [reactor-http-nio-4] ERROR r.n.h.s.HttpServerOperations - [id:3d16a061-1, L:/127.0.0.1:49495 - R:/127.0.0.1:49496] Error starting response. Replying error status
java.lang.UnsupportedOperationException: null
	at org.springframework.http.server.reactive.ErrorHandlerIntegrationTests$ErrorHandler.handle(ErrorHandlerIntegrationTests.java:91) ~[test/:?]
	at org.springframework.http.server.reactive.ReactorHttpHandlerAdapter.apply(ReactorHttpHandlerAdapter.java:65) ~[spring-web-5.3.7-SNAPSHOT.jar:?]
	at org.springframework.http.server.reactive.ReactorHttpHandlerAdapter.apply(ReactorHttpHandlerAdapter.java:40) ~[spring-web-5.3.7-SNAPSHOT.jar:?]
	at reactor.netty.http.server.HttpServer$HttpServerHandle.onStateChange(HttpServer.java:911) [reactor-netty-http-1.0.6.jar:1.0.6]
	at reactor.netty.transport.ServerTransport$ChildObserver.onStateChange(ServerTransport.java:478) [reactor-netty-core-1.0.6.jar:1.0.6]
	at reactor.netty.http.server.HttpServerOperations.onInboundNext(HttpServerOperations.java:526) [reactor-netty-http-1.0.6.jar:1.0.6]
	at reactor.netty.channel.ChannelOperationsHandler.channelRead(ChannelOperationsHandler.java:94) [reactor-netty-core-1.0.6.jar:1.0.6]
	at io.netty.channel.AbstractChannelHandlerContext.invokeChannelRead(AbstractChannelHandlerContext.java:379) [netty-transport-4.1.63.Final.jar:4.1.63.Final]
	at io.netty.channel.AbstractChannelHandlerContext.invokeChannelRead(AbstractChannelHandlerContext.java:365) [netty-transport-4.1.63.Final.jar:4.1.63.Final]
	at io.netty.channel.AbstractChannelHandlerContext.fireChannelRead(AbstractChannelHandlerContext.java:357) [netty-transport-4.1.63.Final.jar:4.1.63.Final]
	at reactor.netty.http.server.HttpTrafficHandler.channelRead(HttpTrafficHandler.java:209) [reactor-netty-http-1.0.6.jar:1.0.6]
	at io.netty.channel.AbstractChannelHandlerContext.invokeChannelRead(AbstractChannelHandlerContext.java:379) [netty-transport-4.1.63.Final.jar:4.1.63.Final]
	at io.netty.channel.AbstractChannelHandlerContext.invokeChannelRead(AbstractChannelHandlerContext.java:365) [netty-transport-4.1.63.Final.jar:4.1.63.Final]
	at io.netty.channel.AbstractChannelHandlerContext.fireChannelRead(AbstractChannelHandlerContext.java:357) [netty-transport-4.1.63.Final.jar:4.1.63.Final]
	at io.netty.channel.CombinedChannelDuplexHandler$DelegatingChannelHandlerContext.fireChannelRead(CombinedChannelDuplexHandler.java:436) [netty-transport-4.1.63.Final.jar:4.1.63.Final]
	at io.netty.handler.codec.ByteToMessageDecoder.fireChannelRead(ByteToMessageDecoder.java:324) [netty-codec-4.1.63.Final.jar:4.1.63.Final]
	at io.netty.handler.codec.ByteToMessageDecoder.channelRead(ByteToMessageDecoder.java:296) [netty-codec-4.1.63.Final.jar:4.1.63.Final]
	at io.netty.channel.CombinedChannelDuplexHandler.channelRead(CombinedChannelDuplexHandler.java:251) [netty-transport-4.1.63.Final.jar:4.1.63.Final]
	at io.netty.channel.AbstractChannelHandlerContext.invokeChannelRead(AbstractChannelHandlerContext.java:379) [netty-transport-4.1.63.Final.jar:4.1.63.Final]
	at io.netty.channel.AbstractChannelHandlerContext.invokeChannelRead(AbstractChannelHandlerContext.java:365) [netty-transport-4.1.63.Final.jar:4.1.63.Final]
	at io.netty.channel.AbstractChannelHandlerContext.fireChannelRead(AbstractChannelHandlerContext.java:357) [netty-transport-4.1.63.Final.jar:4.1.63.Final]
	at io.netty.channel.DefaultChannelPipeline$HeadContext.channelRead(DefaultChannelPipeline.java:1410) [netty-transport-4.1.63.Final.jar:4.1.63.Final]
	at io.netty.channel.AbstractChannelHandlerContext.invokeChannelRead(AbstractChannelHandlerContext.java:379) [netty-transport-4.1.63.Final.jar:4.1.63.Final]
	at io.netty.channel.AbstractChannelHandlerContext.invokeChannelRead(AbstractChannelHandlerContext.java:365) [netty-transport-4.1.63.Final.jar:4.1.63.Final]
	at io.netty.channel.DefaultChannelPipeline.fireChannelRead(DefaultChannelPipeline.java:919) [netty-transport-4.1.63.Final.jar:4.1.63.Final]
	at io.netty.channel.nio.AbstractNioByteChannel$NioByteUnsafe.read(AbstractNioByteChannel.java:166) [netty-transport-4.1.63.Final.jar:4.1.63.Final]
	at io.netty.channel.nio.NioEventLoop.processSelectedKey(NioEventLoop.java:719) [netty-transport-4.1.63.Final.jar:4.1.63.Final]
	at io.netty.channel.nio.NioEventLoop.processSelectedKeysOptimized(NioEventLoop.java:655) [netty-transport-4.1.63.Final.jar:4.1.63.Final]
	at io.netty.channel.nio.NioEventLoop.processSelectedKeys(NioEventLoop.java:581) [netty-transport-4.1.63.Final.jar:4.1.63.Final]
	at io.netty.channel.nio.NioEventLoop.run(NioEventLoop.java:493) [netty-transport-4.1.63.Final.jar:4.1.63.Final]
	at io.netty.util.concurrent.SingleThreadEventExecutor$4.run(SingleThreadEventExecutor.java:989) [netty-common-4.1.63.Final.jar:4.1.63.Final]
	at io.netty.util.internal.ThreadExecutorMap$2.run(ThreadExecutorMap.java:74) [netty-common-4.1.63.Final.jar:4.1.63.Final]
	at io.netty.util.concurrent.FastThreadLocalRunnable.run(FastThreadLocalRunnable.java:30) [netty-common-4.1.63.Final.jar:4.1.63.Final]
	at java.lang.Thread.run(Thread.java:834) [?:?]
20:45:14.082 [reactor-http-nio-6] ERROR r.n.h.s.HttpServerOperations - [id:aca996f8-1, L:/127.0.0.1:49575 - R:/127.0.0.1:49576] Error starting response. Replying error status
java.lang.UnsupportedOperationException: null
	at org.springframework.http.server.reactive.ErrorHandlerIntegrationTests$ErrorHandler.handle(ErrorHandlerIntegrationTests.java:91) ~[test/:?]
	at org.springframework.http.server.reactive.ReactorHttpHandlerAdapter.apply(ReactorHttpHandlerAdapter.java:65) ~[spring-web-5.3.7-SNAPSHOT.jar:?]
	at org.springframework.http.server.reactive.ReactorHttpHandlerAdapter.apply(ReactorHttpHandlerAdapter.java:40) ~[spring-web-5.3.7-SNAPSHOT.jar:?]
	at reactor.netty.http.server.HttpServer$HttpServerHandle.onStateChange(HttpServer.java:911) [reactor-netty-http-1.0.6.jar:1.0.6]
	at reactor.netty.transport.ServerTransport$ChildObserver.onStateChange(ServerTransport.java:478) [reactor-netty-core-1.0.6.jar:1.0.6]
	at reactor.netty.http.server.HttpServerOperations.onInboundNext(HttpServerOperations.java:526) [reactor-netty-http-1.0.6.jar:1.0.6]
	at reactor.netty.channel.ChannelOperationsHandler.channelRead(ChannelOperationsHandler.java:94) [reactor-netty-core-1.0.6.jar:1.0.6]
	at io.netty.channel.AbstractChannelHandlerContext.invokeChannelRead(AbstractChannelHandlerContext.java:379) [netty-transport-4.1.63.Final.jar:4.1.63.Final]
	at io.netty.channel.AbstractChannelHandlerContext.invokeChannelRead(AbstractChannelHandlerContext.java:365) [netty-transport-4.1.63.Final.jar:4.1.63.Final]
	at io.netty.channel.AbstractChannelHandlerContext.fireChannelRead(AbstractChannelHandlerContext.java:357) [netty-transport-4.1.63.Final.jar:4.1.63.Final]
	at reactor.netty.http.server.HttpTrafficHandler.channelRead(HttpTrafficHandler.java:209) [reactor-netty-http-1.0.6.jar:1.0.6]
	at io.netty.channel.AbstractChannelHandlerContext.invokeChannelRead(AbstractChannelHandlerContext.java:379) [netty-transport-4.1.63.Final.jar:4.1.63.Final]
	at io.netty.channel.AbstractChannelHandlerContext.invokeChannelRead(AbstractChannelHandlerContext.java:365) [netty-transport-4.1.63.Final.jar:4.1.63.Final]
	at io.netty.channel.AbstractChannelHandlerContext.fireChannelRead(AbstractChannelHandlerContext.java:357) [netty-transport-4.1.63.Final.jar:4.1.63.Final]
	at io.netty.channel.CombinedChannelDuplexHandler$DelegatingChannelHandlerContext.fireChannelRead(CombinedChannelDuplexHandler.java:436) [netty-transport-4.1.63.Final.jar:4.1.63.Final]
	at io.netty.handler.codec.ByteToMessageDecoder.fireChannelRead(ByteToMessageDecoder.java:324) [netty-codec-4.1.63.Final.jar:4.1.63.Final]
	at io.netty.handler.codec.ByteToMessageDecoder.channelRead(ByteToMessageDecoder.java:296) [netty-codec-4.1.63.Final.jar:4.1.63.Final]
	at io.netty.channel.CombinedChannelDuplexHandler.channelRead(CombinedChannelDuplexHandler.java:251) [netty-transport-4.1.63.Final.jar:4.1.63.Final]
	at io.netty.channel.AbstractChannelHandlerContext.invokeChannelRead(AbstractChannelHandlerContext.java:379) [netty-transport-4.1.63.Final.jar:4.1.63.Final]
	at io.netty.channel.AbstractChannelHandlerContext.invokeChannelRead(AbstractChannelHandlerContext.java:365) [netty-transport-4.1.63.Final.jar:4.1.63.Final]
	at io.netty.channel.AbstractChannelHandlerContext.fireChannelRead(AbstractChannelHandlerContext.java:357) [netty-transport-4.1.63.Final.jar:4.1.63.Final]
	at io.netty.channel.DefaultChannelPipeline$HeadContext.channelRead(DefaultChannelPipeline.java:1410) [netty-transport-4.1.63.Final.jar:4.1.63.Final]
	at io.netty.channel.AbstractChannelHandlerContext.invokeChannelRead(AbstractChannelHandlerContext.java:379) [netty-transport-4.1.63.Final.jar:4.1.63.Final]
	at io.netty.channel.AbstractChannelHandlerContext.invokeChannelRead(AbstractChannelHandlerContext.java:365) [netty-transport-4.1.63.Final.jar:4.1.63.Final]
	at io.netty.channel.DefaultChannelPipeline.fireChannelRead(DefaultChannelPipeline.java:919) [netty-transport-4.1.63.Final.jar:4.1.63.Final]
	at io.netty.channel.nio.AbstractNioByteChannel$NioByteUnsafe.read(AbstractNioByteChannel.java:166) [netty-transport-4.1.63.Final.jar:4.1.63.Final]
	at io.netty.channel.nio.NioEventLoop.processSelectedKey(NioEventLoop.java:719) [netty-transport-4.1.63.Final.jar:4.1.63.Final]
	at io.netty.channel.nio.NioEventLoop.processSelectedKeysOptimized(NioEventLoop.java:655) [netty-transport-4.1.63.Final.jar:4.1.63.Final]
	at io.netty.channel.nio.NioEventLoop.processSelectedKeys(NioEventLoop.java:581) [netty-transport-4.1.63.Final.jar:4.1.63.Final]
	at io.netty.channel.nio.NioEventLoop.run(NioEventLoop.java:493) [netty-transport-4.1.63.Final.jar:4.1.63.Final]
	at io.netty.util.concurrent.SingleThreadEventExecutor$4.run(SingleThreadEventExecutor.java:989) [netty-common-4.1.63.Final.jar:4.1.63.Final]
	at io.netty.util.internal.ThreadExecutorMap$2.run(ThreadExecutorMap.java:74) [netty-common-4.1.63.Final.jar:4.1.63.Final]
	at io.netty.util.concurrent.FastThreadLocalRunnable.run(FastThreadLocalRunnable.java:30) [netty-common-4.1.63.Final.jar:4.1.63.Final]
	at java.lang.Thread.run(Thread.java:834) [?:?]
]]></system-out>
  <system-err><![CDATA[May 09, 2021 8:45:02 PM org.apache.catalina.core.StandardService startInternal
INFO: Starting service [Tomcat]
May 09, 2021 8:45:02 PM org.apache.catalina.core.StandardEngine startInternal
INFO: Starting Servlet engine: [Apache Tomcat/9.0.45]
May 09, 2021 8:45:02 PM org.apache.coyote.AbstractProtocol init
INFO: Initializing ProtocolHandler ["http-nio-auto-9"]
May 09, 2021 8:45:02 PM org.apache.coyote.AbstractProtocol start
INFO: Starting ProtocolHandler ["http-nio-auto-9-49497"]
May 09, 2021 8:45:02 PM org.apache.coyote.AbstractProtocol pause
INFO: Pausing ProtocolHandler ["http-nio-auto-9-49497"]
May 09, 2021 8:45:04 PM org.apache.catalina.core.StandardService stopInternal
INFO: Stopping service [Tomcat]
May 09, 2021 8:45:04 PM org.apache.coyote.AbstractProtocol stop
INFO: Stopping ProtocolHandler ["http-nio-auto-9-49497"]
May 09, 2021 8:45:14 PM org.apache.tomcat.util.net.Acceptor stop
WARNING: The acceptor thread [http-nio-auto-9-Acceptor] did not stop cleanly
May 09, 2021 8:45:14 PM org.apache.coyote.AbstractProtocol destroy
INFO: Destroying ProtocolHandler ["http-nio-auto-9-49497"]
May 09, 2021 8:45:14 PM org.apache.catalina.core.StandardService startInternal
INFO: Starting service [Tomcat]
May 09, 2021 8:45:14 PM org.apache.catalina.core.StandardEngine startInternal
INFO: Starting Servlet engine: [Apache Tomcat/9.0.45]
May 09, 2021 8:45:14 PM org.apache.coyote.AbstractProtocol init
INFO: Initializing ProtocolHandler ["http-nio-auto-10"]
May 09, 2021 8:45:14 PM org.apache.coyote.AbstractProtocol start
INFO: Starting ProtocolHandler ["http-nio-auto-10-49577"]
May 09, 2021 8:45:14 PM org.apache.coyote.AbstractProtocol pause
INFO: Pausing ProtocolHandler ["http-nio-auto-10-49577"]
May 09, 2021 8:45:15 PM org.apache.catalina.core.StandardService stopInternal
INFO: Stopping service [Tomcat]
May 09, 2021 8:45:15 PM org.apache.coyote.AbstractProtocol stop
INFO: Stopping ProtocolHandler ["http-nio-auto-10-49577"]
May 09, 2021 8:45:25 PM org.apache.tomcat.util.net.Acceptor stop
WARNING: The acceptor thread [http-nio-auto-10-Acceptor] did not stop cleanly
May 09, 2021 8:45:25 PM org.apache.coyote.AbstractProtocol destroy
INFO: Destroying ProtocolHandler ["http-nio-auto-10-49577"]
May 09, 2021 8:45:25 PM org.apache.catalina.core.StandardService startInternal
INFO: Starting service [Tomcat]
May 09, 2021 8:45:25 PM org.apache.catalina.core.StandardEngine startInternal
INFO: Starting Servlet engine: [Apache Tomcat/9.0.45]
May 09, 2021 8:45:25 PM org.apache.coyote.AbstractProtocol init
INFO: Initializing ProtocolHandler ["http-nio-auto-11"]
May 09, 2021 8:45:25 PM org.apache.coyote.AbstractProtocol start
INFO: Starting ProtocolHandler ["http-nio-auto-11-49665"]
May 09, 2021 8:45:25 PM org.apache.coyote.AbstractProtocol pause
INFO: Pausing ProtocolHandler ["http-nio-auto-11-49665"]
May 09, 2021 8:45:26 PM org.apache.catalina.core.StandardService stopInternal
INFO: Stopping service [Tomcat]
May 09, 2021 8:45:26 PM org.apache.coyote.AbstractProtocol stop
INFO: Stopping ProtocolHandler ["http-nio-auto-11-49665"]
May 09, 2021 8:45:36 PM org.apache.tomcat.util.net.Acceptor stop
WARNING: The acceptor thread [http-nio-auto-11-Acceptor] did not stop cleanly
May 09, 2021 8:45:36 PM org.apache.coyote.AbstractProtocol destroy
INFO: Destroying ProtocolHandler ["http-nio-auto-11-49665"]
]]></system-err>
</testsuite>
