<?xml version="1.0" encoding="UTF-8"?>
<testsuite name="org.springframework.http.ResponseEntityTests" tests="21" skipped="0" failures="0" errors="0" timestamp="2021-05-09T12:44:23" hostname="wangweilidembp" time="0.004">
  <properties/>
  <testcase name="statusCodeAsInt()" classname="org.springframework.http.ResponseEntityTests" time="0.0"/>
  <testcase name="createdLocation()" classname="org.springframework.http.ResponseEntityTests" time="0.0"/>
  <testcase name="okEntity()" classname="org.springframework.http.ResponseEntityTests" time="0.0"/>
  <testcase name="cacheControl()" classname="org.springframework.http.ResponseEntityTests" time="0.001"/>
  <testcase name="okNoBody()" classname="org.springframework.http.ResponseEntityTests" time="0.0"/>
  <testcase name="normal()" classname="org.springframework.http.ResponseEntityTests" time="0.0"/>
  <testcase name="acceptedNoBody()" classname="org.springframework.http.ResponseEntityTests" time="0.0"/>
  <testcase name="headersCopyWithEmptyAndNull()" classname="org.springframework.http.ResponseEntityTests" time="0.0"/>
  <testcase name="badRequest()" classname="org.springframework.http.ResponseEntityTests" time="0.0"/>
  <testcase name="emptyCacheControl()" classname="org.springframework.http.ResponseEntityTests" time="0.0"/>
  <testcase name="ofOptional()" classname="org.springframework.http.ResponseEntityTests" time="0.0"/>
  <testcase name="customStatusCode()" classname="org.springframework.http.ResponseEntityTests" time="0.0"/>
  <testcase name="headers()" classname="org.springframework.http.ResponseEntityTests" time="0.001"/>
  <testcase name="headersCopy()" classname="org.springframework.http.ResponseEntityTests" time="0.0"/>
  <testcase name="acceptedNoBodyWithAlternativeBodyType()" classname="org.springframework.http.ResponseEntityTests" time="0.0"/>
  <testcase name="noContent()" classname="org.springframework.http.ResponseEntityTests" time="0.0"/>
  <testcase name="notFound()" classname="org.springframework.http.ResponseEntityTests" time="0.0"/>
  <testcase name="cacheControlNoCache()" classname="org.springframework.http.ResponseEntityTests" time="0.0"/>
  <testcase name="Etagheader()" classname="org.springframework.http.ResponseEntityTests" time="0.0"/>
  <testcase name="ofEmptyOptional()" classname="org.springframework.http.ResponseEntityTests" time="0.0"/>
  <testcase name="unprocessableEntity()" classname="org.springframework.http.ResponseEntityTests" time="0.0"/>
  <system-out><![CDATA[]]></system-out>
  <system-err><![CDATA[]]></system-err>
</testsuite>
