<?xml version="1.0" encoding="UTF-8"?>
<testsuite name="org.springframework.http.MediaTypeFactoryTests" tests="2" skipped="0" failures="0" errors="0" timestamp="2021-04-26T07:44:20" hostname="wangweilideMacBook-Pro.local" time="0.0">
  <properties/>
  <testcase name="nullParameter()" classname="org.springframework.http.MediaTypeFactoryTests" time="0.0"/>
  <testcase name="getMediaType()" classname="org.springframework.http.MediaTypeFactoryTests" time="0.0"/>
  <system-out><![CDATA[]]></system-out>
  <system-err><![CDATA[]]></system-err>
</testsuite>
