<?xml version="1.0" encoding="UTF-8"?>
<testsuite name="org.springframework.http.HttpRangeTests" tests="17" skipped="0" failures="0" errors="0" timestamp="2021-04-26T07:42:14" hostname="wangweilideMacBook-Pro.local" time="0.047">
  <properties/>
  <testcase name="suffixRange()" classname="org.springframework.http.HttpRangeTests" time="0.0"/>
  <testcase name="byteRange()" classname="org.springframework.http.HttpRangeTests" time="0.0"/>
  <testcase name="invalidFirstPosition()" classname="org.springframework.http.HttpRangeTests" time="0.0"/>
  <testcase name="toResourceRegionIllegalLength()" classname="org.springframework.http.HttpRangeTests" time="0.022"/>
  <testcase name="toResourceRegionStartingAtResourceByteCount()" classname="org.springframework.http.HttpRangeTests" time="0.001"/>
  <testcase name="byteRangeOfZeroLength()" classname="org.springframework.http.HttpRangeTests" time="0.0"/>
  <testcase name="parseRanges()" classname="org.springframework.http.HttpRangeTests" time="0.0"/>
  <testcase name="toResourceRegion()" classname="org.springframework.http.HttpRangeTests" time="0.0"/>
  <testcase name="toResourceRegionInputStreamResource()" classname="org.springframework.http.HttpRangeTests" time="0.02"/>
  <testcase name="toResourceRegionExceptionLength()" classname="org.springframework.http.HttpRangeTests" time="0.001"/>
  <testcase name="invalidSuffixLength()" classname="org.springframework.http.HttpRangeTests" time="0.001"/>
  <testcase name="invalidLastLessThanFirst()" classname="org.springframework.http.HttpRangeTests" time="0.0"/>
  <testcase name="parseRangesValidations()" classname="org.springframework.http.HttpRangeTests" time="0.001"/>
  <testcase name="byteRangeWithoutLastPosition()" classname="org.springframework.http.HttpRangeTests" time="0.0"/>
  <testcase name="toResourceRegionsValidations()" classname="org.springframework.http.HttpRangeTests" time="0.001"/>
  <testcase name="suffixRangeShorterThanRepresentation()" classname="org.springframework.http.HttpRangeTests" time="0.0"/>
  <testcase name="rangeToString()" classname="org.springframework.http.HttpRangeTests" time="0.0"/>
  <system-out><![CDATA[]]></system-out>
  <system-err><![CDATA[]]></system-err>
</testsuite>
