<?xml version="1.0" encoding="UTF-8"?>
<testsuite name="org.springframework.web.client.AsyncRestTemplateIntegrationTests" tests="42" skipped="0" failures="0" errors="0" timestamp="2021-05-09T12:44:21" hostname="wangweilidembp" time="0.461">
  <properties/>
  <testcase name="postForEntityCallbackWithLambdas()" classname="org.springframework.web.client.AsyncRestTemplateIntegrationTests" time="0.037"/>
  <testcase name="exchangeGet()" classname="org.springframework.web.client.AsyncRestTemplateIntegrationTests" time="0.006"/>
  <testcase name="postForLocationCallback()" classname="org.springframework.web.client.AsyncRestTemplateIntegrationTests" time="0.009"/>
  <testcase name="headForHeadersCallbackWithLambdas()" classname="org.springframework.web.client.AsyncRestTemplateIntegrationTests" time="0.009"/>
  <testcase name="delete()" classname="org.springframework.web.client.AsyncRestTemplateIntegrationTests" time="0.005"/>
  <testcase name="notFoundCallback()" classname="org.springframework.web.client.AsyncRestTemplateIntegrationTests" time="0.008"/>
  <testcase name="getEntityCallbackWithLambdas()" classname="org.springframework.web.client.AsyncRestTemplateIntegrationTests" time="0.008"/>
  <testcase name="getNoContentTypeHeader()" classname="org.springframework.web.client.AsyncRestTemplateIntegrationTests" time="0.005"/>
  <testcase name="headForHeadersCallback()" classname="org.springframework.web.client.AsyncRestTemplateIntegrationTests" time="0.008"/>
  <testcase name="getNotModified()" classname="org.springframework.web.client.AsyncRestTemplateIntegrationTests" time="0.005"/>
  <testcase name="serverErrorCallback()" classname="org.springframework.web.client.AsyncRestTemplateIntegrationTests" time="0.009"/>
  <testcase name="serverError()" classname="org.springframework.web.client.AsyncRestTemplateIntegrationTests" time="0.005"/>
  <testcase name="serverErrorCallbackWithLambdas()" classname="org.springframework.web.client.AsyncRestTemplateIntegrationTests" time="0.007"/>
  <testcase name="getEntityCallback()" classname="org.springframework.web.client.AsyncRestTemplateIntegrationTests" time="0.009"/>
  <testcase name="headForHeaders()" classname="org.springframework.web.client.AsyncRestTemplateIntegrationTests" time="0.005"/>
  <testcase name="getEntityFromCompletable()" classname="org.springframework.web.client.AsyncRestTemplateIntegrationTests" time="0.006"/>
  <testcase name="postForEntity()" classname="org.springframework.web.client.AsyncRestTemplateIntegrationTests" time="0.005"/>
  <testcase name="exchangeGetCallbackWithLambdas()" classname="org.springframework.web.client.AsyncRestTemplateIntegrationTests" time="0.008"/>
  <testcase name="putCallback()" classname="org.springframework.web.client.AsyncRestTemplateIntegrationTests" time="0.007"/>
  <testcase name="postForEntityCallback()" classname="org.springframework.web.client.AsyncRestTemplateIntegrationTests" time="0.009"/>
  <testcase name="postForLocation()" classname="org.springframework.web.client.AsyncRestTemplateIntegrationTests" time="0.004"/>
  <testcase name="postForLocationCallbackWithLambdas()" classname="org.springframework.web.client.AsyncRestTemplateIntegrationTests" time="0.009"/>
  <testcase name="put()" classname="org.springframework.web.client.AsyncRestTemplateIntegrationTests" time="0.005"/>
  <testcase name="multipleFutureGets()" classname="org.springframework.web.client.AsyncRestTemplateIntegrationTests" time="0.004"/>
  <testcase name="deleteCallbackWithLambdas()" classname="org.springframework.web.client.AsyncRestTemplateIntegrationTests" time="0.008"/>
  <testcase name="exchangeGetCallback()" classname="org.springframework.web.client.AsyncRestTemplateIntegrationTests" time="0.008"/>
  <testcase name="optionsForAllowCallbackWithLambdas()" classname="org.springframework.web.client.AsyncRestTemplateIntegrationTests" time="0.007"/>
  <testcase name="getAndInterceptError()" classname="org.springframework.web.client.AsyncRestTemplateIntegrationTests" time="0.005"/>
  <testcase name="getEntity()" classname="org.springframework.web.client.AsyncRestTemplateIntegrationTests" time="0.004"/>
  <testcase name="exchangePostCallbackWithLambdas()" classname="org.springframework.web.client.AsyncRestTemplateIntegrationTests" time="0.008"/>
  <testcase name="getNoResponse()" classname="org.springframework.web.client.AsyncRestTemplateIntegrationTests" time="0.004"/>
  <testcase name="notFoundGet()" classname="org.springframework.web.client.AsyncRestTemplateIntegrationTests" time="0.004"/>
  <testcase name="optionsForAllow()" classname="org.springframework.web.client.AsyncRestTemplateIntegrationTests" time="0.004"/>
  <testcase name="optionsForAllowCallback()" classname="org.springframework.web.client.AsyncRestTemplateIntegrationTests" time="0.012"/>
  <testcase name="notFoundCallbackWithLambdas()" classname="org.springframework.web.client.AsyncRestTemplateIntegrationTests" time="0.007"/>
  <testcase name="getAndInterceptResponse()" classname="org.springframework.web.client.AsyncRestTemplateIntegrationTests" time="0.003"/>
  <testcase name="identicalExceptionThroughGetAndCallback()" classname="org.springframework.web.client.AsyncRestTemplateIntegrationTests" time="0.026"/>
  <testcase name="exchangePost()" classname="org.springframework.web.client.AsyncRestTemplateIntegrationTests" time="0.004"/>
  <testcase name="getNoContent()" classname="org.springframework.web.client.AsyncRestTemplateIntegrationTests" time="0.004"/>
  <testcase name="multipartFormData()" classname="org.springframework.web.client.AsyncRestTemplateIntegrationTests" time="0.004"/>
  <testcase name="deleteCallback()" classname="org.springframework.web.client.AsyncRestTemplateIntegrationTests" time="0.017"/>
  <testcase name="exchangePostCallback()" classname="org.springframework.web.client.AsyncRestTemplateIntegrationTests" time="0.016"/>
  <system-out><![CDATA[20:44:21.957 [I/O dispatcher 81] WARN  o.s.w.c.AsyncRestTemplate - Async GET request for "http://localhost:65456/status/notfound" resulted in 404 (Client Error); invoking error handler
20:44:22.007 [I/O dispatcher 161] WARN  o.s.w.c.AsyncRestTemplate - Async GET request for "http://localhost:65467/status/server" resulted in 500 (Server Error); invoking error handler
20:44:22.019 [Test worker] WARN  o.s.w.c.AsyncRestTemplate - Async GET request for "http://localhost:65469/status/server" resulted in 500 (Server Error); invoking error handler
20:44:22.027 [I/O dispatcher 193] WARN  o.s.w.c.AsyncRestTemplate - Async GET request for "http://localhost:65473/status/server" resulted in 500 (Server Error); invoking error handler
20:44:22.202 [Test worker] WARN  o.s.w.c.AsyncRestTemplate - Async GET request for "http://localhost:65515/status/notfound" resulted in 404 (Client Error); invoking error handler
20:44:22.229 [I/O dispatcher 545] WARN  o.s.w.c.AsyncRestTemplate - Async GET request for "http://localhost:65521/status/notfound" resulted in 404 (Client Error); invoking error handler
20:44:22.268 [I/O dispatcher 577] WARN  o.s.w.c.AsyncRestTemplate - Async GET request for "http://localhost:65525/status/notfound" resulted in 404 (Client Error); invoking error handler
]]></system-out>
  <system-err><![CDATA[May 09, 2021 8:44:21 PM okhttp3.mockwebserver.MockWebServer$3 execute
INFO: MockWebServer[65445] starting to accept connections
May 09, 2021 8:44:21 PM okhttp3.mockwebserver.MockWebServer$4 processOneRequest
INFO: MockWebServer[65445] received request: POST /post HTTP/1.1 and responded: HTTP/1.1 201 OK
May 09, 2021 8:44:21 PM okhttp3.mockwebserver.MockWebServer$3 acceptConnections
INFO: MockWebServer[65445] done accepting connections: Socket closed
May 09, 2021 8:44:21 PM okhttp3.mockwebserver.MockWebServer$3 execute
INFO: MockWebServer[65447] starting to accept connections
May 09, 2021 8:44:21 PM okhttp3.mockwebserver.MockWebServer$4 processOneRequest
INFO: MockWebServer[65447] received request: GET /get HTTP/1.1 and responded: HTTP/1.1 200 OK
May 09, 2021 8:44:21 PM okhttp3.mockwebserver.MockWebServer$3 acceptConnections
INFO: MockWebServer[65447] done accepting connections: Socket closed
May 09, 2021 8:44:21 PM okhttp3.mockwebserver.MockWebServer$3 execute
INFO: MockWebServer[65449] starting to accept connections
May 09, 2021 8:44:21 PM okhttp3.mockwebserver.MockWebServer$4 processOneRequest
INFO: MockWebServer[65449] received request: POST /post HTTP/1.1 and responded: HTTP/1.1 201 OK
May 09, 2021 8:44:21 PM okhttp3.mockwebserver.MockWebServer$3 acceptConnections
INFO: MockWebServer[65449] done accepting connections: Socket closed
May 09, 2021 8:44:21 PM okhttp3.mockwebserver.MockWebServer$3 execute
INFO: MockWebServer[65451] starting to accept connections
May 09, 2021 8:44:21 PM okhttp3.mockwebserver.MockWebServer$4 processOneRequest
INFO: MockWebServer[65451] received request: HEAD /get HTTP/1.1 and responded: HTTP/1.1 200 OK
May 09, 2021 8:44:21 PM okhttp3.mockwebserver.MockWebServer$3 acceptConnections
INFO: MockWebServer[65451] done accepting connections: Socket closed
May 09, 2021 8:44:21 PM okhttp3.mockwebserver.MockWebServer$3 execute
INFO: MockWebServer[65453] starting to accept connections
May 09, 2021 8:44:21 PM okhttp3.mockwebserver.MockWebServer$4 processOneRequest
INFO: MockWebServer[65453] received request: DELETE /delete HTTP/1.1 and responded: HTTP/1.1 200 OK
May 09, 2021 8:44:21 PM okhttp3.mockwebserver.MockWebServer$3 acceptConnections
INFO: MockWebServer[65453] done accepting connections: Socket closed
May 09, 2021 8:44:21 PM okhttp3.mockwebserver.MockWebServer$3 execute
INFO: MockWebServer[65456] starting to accept connections
May 09, 2021 8:44:21 PM okhttp3.mockwebserver.MockWebServer$4 processOneRequest
INFO: MockWebServer[65456] received request: GET /status/notfound HTTP/1.1 and responded: HTTP/1.1 404 Client Error
May 09, 2021 8:44:21 PM okhttp3.mockwebserver.MockWebServer$3 acceptConnections
INFO: MockWebServer[65456] done accepting connections: Socket closed
May 09, 2021 8:44:21 PM okhttp3.mockwebserver.MockWebServer$3 execute
INFO: MockWebServer[65459] starting to accept connections
May 09, 2021 8:44:21 PM okhttp3.mockwebserver.MockWebServer$4 processOneRequest
INFO: MockWebServer[65459] received request: GET /get HTTP/1.1 and responded: HTTP/1.1 200 OK
May 09, 2021 8:44:21 PM okhttp3.mockwebserver.MockWebServer$3 acceptConnections
INFO: MockWebServer[65459] done accepting connections: Socket closed
May 09, 2021 8:44:21 PM okhttp3.mockwebserver.MockWebServer$3 execute
INFO: MockWebServer[65461] starting to accept connections
May 09, 2021 8:44:21 PM okhttp3.mockwebserver.MockWebServer$4 processOneRequest
INFO: MockWebServer[65461] received request: GET /get/nocontenttype HTTP/1.1 and responded: HTTP/1.1 200 OK
May 09, 2021 8:44:21 PM okhttp3.mockwebserver.MockWebServer$3 acceptConnections
INFO: MockWebServer[65461] done accepting connections: Socket closed
May 09, 2021 8:44:21 PM okhttp3.mockwebserver.MockWebServer$3 execute
INFO: MockWebServer[65463] starting to accept connections
May 09, 2021 8:44:21 PM okhttp3.mockwebserver.MockWebServer$4 processOneRequest
INFO: MockWebServer[65463] received request: HEAD /get HTTP/1.1 and responded: HTTP/1.1 200 OK
May 09, 2021 8:44:21 PM okhttp3.mockwebserver.MockWebServer$3 acceptConnections
INFO: MockWebServer[65463] done accepting connections: Socket closed
May 09, 2021 8:44:21 PM okhttp3.mockwebserver.MockWebServer$3 execute
INFO: MockWebServer[65465] starting to accept connections
May 09, 2021 8:44:21 PM okhttp3.mockwebserver.MockWebServer$4 processOneRequest
INFO: MockWebServer[65465] received request: GET /status/notmodified HTTP/1.1 and responded: HTTP/1.1 304 Redirection
May 09, 2021 8:44:22 PM okhttp3.mockwebserver.MockWebServer$3 acceptConnections
INFO: MockWebServer[65465] done accepting connections: Socket closed
May 09, 2021 8:44:22 PM okhttp3.mockwebserver.MockWebServer$3 execute
INFO: MockWebServer[65467] starting to accept connections
May 09, 2021 8:44:22 PM okhttp3.mockwebserver.MockWebServer$4 processOneRequest
INFO: MockWebServer[65467] received request: GET /status/server HTTP/1.1 and responded: HTTP/1.1 500 Server Error
May 09, 2021 8:44:22 PM okhttp3.mockwebserver.MockWebServer$3 acceptConnections
INFO: MockWebServer[65467] done accepting connections: Socket closed
May 09, 2021 8:44:22 PM okhttp3.mockwebserver.MockWebServer$3 execute
INFO: MockWebServer[65469] starting to accept connections
May 09, 2021 8:44:22 PM okhttp3.mockwebserver.MockWebServer$4 processOneRequest
INFO: MockWebServer[65469] received request: GET /status/server HTTP/1.1 and responded: HTTP/1.1 500 Server Error
May 09, 2021 8:44:22 PM okhttp3.mockwebserver.MockWebServer$3 acceptConnections
INFO: MockWebServer[65469] done accepting connections: Socket closed
May 09, 2021 8:44:22 PM okhttp3.mockwebserver.MockWebServer$3 execute
INFO: MockWebServer[65473] starting to accept connections
May 09, 2021 8:44:22 PM okhttp3.mockwebserver.MockWebServer$4 processOneRequest
INFO: MockWebServer[65473] received request: GET /status/server HTTP/1.1 and responded: HTTP/1.1 500 Server Error
May 09, 2021 8:44:22 PM okhttp3.mockwebserver.MockWebServer$3 acceptConnections
INFO: MockWebServer[65473] done accepting connections: Socket closed
May 09, 2021 8:44:22 PM okhttp3.mockwebserver.MockWebServer$3 execute
INFO: MockWebServer[65475] starting to accept connections
May 09, 2021 8:44:22 PM okhttp3.mockwebserver.MockWebServer$4 processOneRequest
INFO: MockWebServer[65475] received request: GET /get HTTP/1.1 and responded: HTTP/1.1 200 OK
May 09, 2021 8:44:22 PM okhttp3.mockwebserver.MockWebServer$3 acceptConnections
INFO: MockWebServer[65475] done accepting connections: Socket closed
May 09, 2021 8:44:22 PM okhttp3.mockwebserver.MockWebServer$3 execute
INFO: MockWebServer[65477] starting to accept connections
May 09, 2021 8:44:22 PM okhttp3.mockwebserver.MockWebServer$4 processOneRequest
INFO: MockWebServer[65477] received request: HEAD /get HTTP/1.1 and responded: HTTP/1.1 200 OK
May 09, 2021 8:44:22 PM okhttp3.mockwebserver.MockWebServer$3 acceptConnections
INFO: MockWebServer[65477] done accepting connections: Socket closed
May 09, 2021 8:44:22 PM okhttp3.mockwebserver.MockWebServer$3 execute
INFO: MockWebServer[65479] starting to accept connections
May 09, 2021 8:44:22 PM okhttp3.mockwebserver.MockWebServer$4 processOneRequest
INFO: MockWebServer[65479] received request: GET /get HTTP/1.1 and responded: HTTP/1.1 200 OK
May 09, 2021 8:44:22 PM okhttp3.mockwebserver.MockWebServer$3 acceptConnections
INFO: MockWebServer[65479] done accepting connections: Socket closed
May 09, 2021 8:44:22 PM okhttp3.mockwebserver.MockWebServer$3 execute
INFO: MockWebServer[65481] starting to accept connections
May 09, 2021 8:44:22 PM okhttp3.mockwebserver.MockWebServer$4 processOneRequest
INFO: MockWebServer[65481] received request: POST /post HTTP/1.1 and responded: HTTP/1.1 201 OK
May 09, 2021 8:44:22 PM okhttp3.mockwebserver.MockWebServer$3 acceptConnections
INFO: MockWebServer[65481] done accepting connections: Socket closed
May 09, 2021 8:44:22 PM okhttp3.mockwebserver.MockWebServer$3 execute
INFO: MockWebServer[65483] starting to accept connections
May 09, 2021 8:44:22 PM okhttp3.mockwebserver.MockWebServer$4 processOneRequest
INFO: MockWebServer[65483] received request: GET /get HTTP/1.1 and responded: HTTP/1.1 200 OK
May 09, 2021 8:44:22 PM okhttp3.mockwebserver.MockWebServer$3 acceptConnections
INFO: MockWebServer[65483] done accepting connections: Socket closed
May 09, 2021 8:44:22 PM okhttp3.mockwebserver.MockWebServer$3 execute
INFO: MockWebServer[65486] starting to accept connections
May 09, 2021 8:44:22 PM okhttp3.mockwebserver.MockWebServer$4 processOneRequest
INFO: MockWebServer[65486] received request: PUT /put HTTP/1.1 and responded: HTTP/1.1 202 OK
May 09, 2021 8:44:22 PM okhttp3.mockwebserver.MockWebServer$3 acceptConnections
INFO: MockWebServer[65486] done accepting connections: Socket closed
May 09, 2021 8:44:22 PM okhttp3.mockwebserver.MockWebServer$3 execute
INFO: MockWebServer[65489] starting to accept connections
May 09, 2021 8:44:22 PM okhttp3.mockwebserver.MockWebServer$4 processOneRequest
INFO: MockWebServer[65489] received request: POST /post HTTP/1.1 and responded: HTTP/1.1 201 OK
May 09, 2021 8:44:22 PM okhttp3.mockwebserver.MockWebServer$3 acceptConnections
INFO: MockWebServer[65489] done accepting connections: Socket closed
May 09, 2021 8:44:22 PM okhttp3.mockwebserver.MockWebServer$3 execute
INFO: MockWebServer[65493] starting to accept connections
May 09, 2021 8:44:22 PM okhttp3.mockwebserver.MockWebServer$4 processOneRequest
INFO: MockWebServer[65493] received request: POST /post HTTP/1.1 and responded: HTTP/1.1 201 OK
May 09, 2021 8:44:22 PM okhttp3.mockwebserver.MockWebServer$3 acceptConnections
INFO: MockWebServer[65493] done accepting connections: Socket closed
May 09, 2021 8:44:22 PM okhttp3.mockwebserver.MockWebServer$3 execute
INFO: MockWebServer[65495] starting to accept connections
May 09, 2021 8:44:22 PM okhttp3.mockwebserver.MockWebServer$4 processOneRequest
INFO: MockWebServer[65495] received request: POST /post HTTP/1.1 and responded: HTTP/1.1 201 OK
May 09, 2021 8:44:22 PM okhttp3.mockwebserver.MockWebServer$3 acceptConnections
INFO: MockWebServer[65495] done accepting connections: Socket closed
May 09, 2021 8:44:22 PM okhttp3.mockwebserver.MockWebServer$3 execute
INFO: MockWebServer[65497] starting to accept connections
May 09, 2021 8:44:22 PM okhttp3.mockwebserver.MockWebServer$4 processOneRequest
INFO: MockWebServer[65497] received request: PUT /put HTTP/1.1 and responded: HTTP/1.1 202 OK
May 09, 2021 8:44:22 PM okhttp3.mockwebserver.MockWebServer$3 acceptConnections
INFO: MockWebServer[65497] done accepting connections: Socket closed
May 09, 2021 8:44:22 PM okhttp3.mockwebserver.MockWebServer$3 execute
INFO: MockWebServer[65499] starting to accept connections
May 09, 2021 8:44:22 PM okhttp3.mockwebserver.MockWebServer$4 processOneRequest
INFO: MockWebServer[65499] received request: GET /get HTTP/1.1 and responded: HTTP/1.1 200 OK
May 09, 2021 8:44:22 PM okhttp3.mockwebserver.MockWebServer$3 acceptConnections
INFO: MockWebServer[65499] done accepting connections: Socket closed
May 09, 2021 8:44:22 PM okhttp3.mockwebserver.MockWebServer$3 execute
INFO: MockWebServer[65501] starting to accept connections
May 09, 2021 8:44:22 PM okhttp3.mockwebserver.MockWebServer$4 processOneRequest
INFO: MockWebServer[65501] received request: DELETE /delete HTTP/1.1 and responded: HTTP/1.1 200 OK
May 09, 2021 8:44:22 PM okhttp3.mockwebserver.MockWebServer$3 acceptConnections
INFO: MockWebServer[65501] done accepting connections: Socket closed
May 09, 2021 8:44:22 PM okhttp3.mockwebserver.MockWebServer$3 execute
INFO: MockWebServer[65503] starting to accept connections
May 09, 2021 8:44:22 PM okhttp3.mockwebserver.MockWebServer$4 processOneRequest
INFO: MockWebServer[65503] received request: GET /get HTTP/1.1 and responded: HTTP/1.1 200 OK
May 09, 2021 8:44:22 PM okhttp3.mockwebserver.MockWebServer$3 acceptConnections
INFO: MockWebServer[65503] done accepting connections: Socket closed
May 09, 2021 8:44:22 PM okhttp3.mockwebserver.MockWebServer$3 execute
INFO: MockWebServer[65505] starting to accept connections
May 09, 2021 8:44:22 PM okhttp3.mockwebserver.MockWebServer$4 processOneRequest
INFO: MockWebServer[65505] received request: OPTIONS /get HTTP/1.1 and responded: HTTP/1.1 200 OK
May 09, 2021 8:44:22 PM okhttp3.mockwebserver.MockWebServer$3 acceptConnections
INFO: MockWebServer[65505] done accepting connections: Socket closed
May 09, 2021 8:44:22 PM okhttp3.mockwebserver.MockWebServer$3 execute
INFO: MockWebServer[65507] starting to accept connections
May 09, 2021 8:44:22 PM okhttp3.mockwebserver.MockWebServer$4 processOneRequest
INFO: MockWebServer[65507] received request: GET /status/notfound HTTP/1.1 and responded: HTTP/1.1 404 Client Error
May 09, 2021 8:44:22 PM okhttp3.mockwebserver.MockWebServer$3 acceptConnections
INFO: MockWebServer[65507] done accepting connections: Socket closed
May 09, 2021 8:44:22 PM okhttp3.mockwebserver.MockWebServer$3 execute
INFO: MockWebServer[65509] starting to accept connections
May 09, 2021 8:44:22 PM okhttp3.mockwebserver.MockWebServer$4 processOneRequest
INFO: MockWebServer[65509] received request: GET /get HTTP/1.1 and responded: HTTP/1.1 200 OK
May 09, 2021 8:44:22 PM okhttp3.mockwebserver.MockWebServer$3 acceptConnections
INFO: MockWebServer[65509] done accepting connections: Socket closed
May 09, 2021 8:44:22 PM okhttp3.mockwebserver.MockWebServer$3 execute
INFO: MockWebServer[65511] starting to accept connections
May 09, 2021 8:44:22 PM okhttp3.mockwebserver.MockWebServer$4 processOneRequest
INFO: MockWebServer[65511] received request: POST /post HTTP/1.1 and responded: HTTP/1.1 201 OK
May 09, 2021 8:44:22 PM okhttp3.mockwebserver.MockWebServer$3 acceptConnections
INFO: MockWebServer[65511] done accepting connections: Socket closed
May 09, 2021 8:44:22 PM okhttp3.mockwebserver.MockWebServer$3 execute
INFO: MockWebServer[65513] starting to accept connections
May 09, 2021 8:44:22 PM okhttp3.mockwebserver.MockWebServer$4 processOneRequest
INFO: MockWebServer[65513] received request: GET /get/nothing HTTP/1.1 and responded: HTTP/1.1 200 OK
May 09, 2021 8:44:22 PM okhttp3.mockwebserver.MockWebServer$3 acceptConnections
INFO: MockWebServer[65513] done accepting connections: Socket closed
May 09, 2021 8:44:22 PM okhttp3.mockwebserver.MockWebServer$3 execute
INFO: MockWebServer[65515] starting to accept connections
May 09, 2021 8:44:22 PM okhttp3.mockwebserver.MockWebServer$4 processOneRequest
INFO: MockWebServer[65515] received request: GET /status/notfound HTTP/1.1 and responded: HTTP/1.1 404 Client Error
May 09, 2021 8:44:22 PM okhttp3.mockwebserver.MockWebServer$3 acceptConnections
INFO: MockWebServer[65515] done accepting connections: Socket closed
May 09, 2021 8:44:22 PM okhttp3.mockwebserver.MockWebServer$3 execute
INFO: MockWebServer[65517] starting to accept connections
May 09, 2021 8:44:22 PM okhttp3.mockwebserver.MockWebServer$4 processOneRequest
INFO: MockWebServer[65517] received request: OPTIONS /get HTTP/1.1 and responded: HTTP/1.1 200 OK
May 09, 2021 8:44:22 PM okhttp3.mockwebserver.MockWebServer$3 acceptConnections
INFO: MockWebServer[65517] done accepting connections: Socket closed
May 09, 2021 8:44:22 PM okhttp3.mockwebserver.MockWebServer$3 execute
INFO: MockWebServer[65519] starting to accept connections
May 09, 2021 8:44:22 PM okhttp3.mockwebserver.MockWebServer$4 processOneRequest
INFO: MockWebServer[65519] received request: OPTIONS /get HTTP/1.1 and responded: HTTP/1.1 200 OK
May 09, 2021 8:44:22 PM okhttp3.mockwebserver.MockWebServer$3 acceptConnections
INFO: MockWebServer[65519] done accepting connections: Socket closed
May 09, 2021 8:44:22 PM okhttp3.mockwebserver.MockWebServer$3 execute
INFO: MockWebServer[65521] starting to accept connections
May 09, 2021 8:44:22 PM okhttp3.mockwebserver.MockWebServer$4 processOneRequest
INFO: MockWebServer[65521] received request: GET /status/notfound HTTP/1.1 and responded: HTTP/1.1 404 Client Error
May 09, 2021 8:44:22 PM okhttp3.mockwebserver.MockWebServer$3 acceptConnections
INFO: MockWebServer[65521] done accepting connections: Socket closed
May 09, 2021 8:44:22 PM okhttp3.mockwebserver.MockWebServer$3 execute
INFO: MockWebServer[65523] starting to accept connections
May 09, 2021 8:44:22 PM okhttp3.mockwebserver.MockWebServer$4 processOneRequest
INFO: MockWebServer[65523] received request: GET /get HTTP/1.1 and responded: HTTP/1.1 200 OK
May 09, 2021 8:44:22 PM okhttp3.mockwebserver.MockWebServer$3 acceptConnections
INFO: MockWebServer[65523] done accepting connections: Socket closed
May 09, 2021 8:44:22 PM okhttp3.mockwebserver.MockWebServer$3 execute
INFO: MockWebServer[65525] starting to accept connections
May 09, 2021 8:44:22 PM okhttp3.mockwebserver.MockWebServer$4 processOneRequest
INFO: MockWebServer[65525] received request: GET /status/notfound HTTP/1.1 and responded: HTTP/1.1 404 Client Error
May 09, 2021 8:44:22 PM okhttp3.mockwebserver.MockWebServer$3 acceptConnections
INFO: MockWebServer[65525] done accepting connections: Socket closed
May 09, 2021 8:44:22 PM okhttp3.mockwebserver.MockWebServer$3 execute
INFO: MockWebServer[65528] starting to accept connections
May 09, 2021 8:44:22 PM okhttp3.mockwebserver.MockWebServer$4 processOneRequest
INFO: MockWebServer[65528] received request: POST /post HTTP/1.1 and responded: HTTP/1.1 201 OK
May 09, 2021 8:44:22 PM okhttp3.mockwebserver.MockWebServer$3 acceptConnections
INFO: MockWebServer[65528] done accepting connections: Socket closed
May 09, 2021 8:44:22 PM okhttp3.mockwebserver.MockWebServer$3 execute
INFO: MockWebServer[65530] starting to accept connections
May 09, 2021 8:44:22 PM okhttp3.mockwebserver.MockWebServer$4 processOneRequest
INFO: MockWebServer[65530] received request: GET /status/nocontent HTTP/1.1 and responded: HTTP/1.1 204 OK
May 09, 2021 8:44:22 PM okhttp3.mockwebserver.MockWebServer$3 acceptConnections
INFO: MockWebServer[65530] done accepting connections: Socket closed
May 09, 2021 8:44:22 PM okhttp3.mockwebserver.MockWebServer$3 execute
INFO: MockWebServer[65532] starting to accept connections
May 09, 2021 8:44:22 PM okhttp3.mockwebserver.MockWebServer$4 processOneRequest
INFO: MockWebServer[65532] received request: POST /multipartFormData HTTP/1.1 and responded: HTTP/1.1 200 OK
May 09, 2021 8:44:22 PM okhttp3.mockwebserver.MockWebServer$3 acceptConnections
INFO: MockWebServer[65532] done accepting connections: Socket closed
May 09, 2021 8:44:22 PM okhttp3.mockwebserver.MockWebServer$3 execute
INFO: MockWebServer[65534] starting to accept connections
May 09, 2021 8:44:22 PM okhttp3.mockwebserver.MockWebServer$4 processOneRequest
INFO: MockWebServer[65534] received request: DELETE /delete HTTP/1.1 and responded: HTTP/1.1 200 OK
May 09, 2021 8:44:22 PM okhttp3.mockwebserver.MockWebServer$3 acceptConnections
INFO: MockWebServer[65534] done accepting connections: Socket closed
May 09, 2021 8:44:22 PM okhttp3.mockwebserver.MockWebServer$3 execute
INFO: MockWebServer[49152] starting to accept connections
May 09, 2021 8:44:22 PM okhttp3.mockwebserver.MockWebServer$4 processOneRequest
INFO: MockWebServer[49152] received request: POST /post HTTP/1.1 and responded: HTTP/1.1 201 OK
May 09, 2021 8:44:22 PM okhttp3.mockwebserver.MockWebServer$3 acceptConnections
INFO: MockWebServer[49152] done accepting connections: Socket closed
]]></system-err>
</testsuite>
