<?xml version="1.0" encoding="UTF-8"?>
<testsuite name="org.springframework.remoting.httpinvoker.HttpComponentsHttpInvokerRequestExecutorTests" tests="7" skipped="0" failures="0" errors="0" timestamp="2021-04-26T07:41:03" hostname="wangweilideMacBook-Pro.local" time="1.236">
  <properties/>
  <testcase name="ignoreFactorySettings()" classname="org.springframework.remoting.httpinvoker.HttpComponentsHttpInvokerRequestExecutorTests" time="1.112"/>
  <testcase name="customizeConnectionTimeout()" classname="org.springframework.remoting.httpinvoker.HttpComponentsHttpInvokerRequestExecutorTests" time="0.003"/>
  <testcase name="customizeReadTimeout()" classname="org.springframework.remoting.httpinvoker.HttpComponentsHttpInvokerRequestExecutorTests" time="0.003"/>
  <testcase name="mergeBasedOnCurrentHttpClient()" classname="org.springframework.remoting.httpinvoker.HttpComponentsHttpInvokerRequestExecutorTests" time="0.105"/>
  <testcase name="localSettingsOverrideClientDefaultSettings()" classname="org.springframework.remoting.httpinvoker.HttpComponentsHttpInvokerRequestExecutorTests" time="0.003"/>
  <testcase name="customizeConnectionRequestTimeout()" classname="org.springframework.remoting.httpinvoker.HttpComponentsHttpInvokerRequestExecutorTests" time="0.003"/>
  <testcase name="defaultSettingsOfHttpClientMergedOnExecutorCustomization()" classname="org.springframework.remoting.httpinvoker.HttpComponentsHttpInvokerRequestExecutorTests" time="0.003"/>
  <system-out><![CDATA[]]></system-out>
  <system-err><![CDATA[]]></system-err>
</testsuite>
