<?xml version="1.0" encoding="UTF-8"?>
<testsuite name="org.springframework.http.client.HttpComponentsClientHttpRequestFactoryTests" tests="11" skipped="0" failures="0" errors="0" timestamp="2021-05-09T12:46:28" hostname="wangweilidembp" time="0.027">
  <properties/>
  <testcase name="headersAfterExecute()" classname="org.springframework.http.client.HttpComponentsClientHttpRequestFactoryTests" time="0.003"/>
  <testcase name="status()" classname="org.springframework.http.client.HttpComponentsClientHttpRequestFactoryTests" time="0.002"/>
  <testcase name="echo()" classname="org.springframework.http.client.HttpComponentsClientHttpRequestFactoryTests" time="0.003"/>
  <testcase name="multipleWrites()" classname="org.springframework.http.client.HttpComponentsClientHttpRequestFactoryTests" time="0.002"/>
  <testcase name="queryParameters()" classname="org.springframework.http.client.HttpComponentsClientHttpRequestFactoryTests" time="0.003"/>
  <testcase name="createHttpUriRequest()" classname="org.springframework.http.client.HttpComponentsClientHttpRequestFactoryTests" time="0.001"/>
  <testcase name="mergeBasedOnCurrentHttpClient()" classname="org.springframework.http.client.HttpComponentsClientHttpRequestFactoryTests" time="0.002"/>
  <testcase name="assertCustomConfig()" classname="org.springframework.http.client.HttpComponentsClientHttpRequestFactoryTests" time="0.001"/>
  <testcase name="localSettingsOverrideClientDefaultSettings()" classname="org.springframework.http.client.HttpComponentsClientHttpRequestFactoryTests" time="0.001"/>
  <testcase name="httpMethods()" classname="org.springframework.http.client.HttpComponentsClientHttpRequestFactoryTests" time="0.006"/>
  <testcase name="defaultSettingsOfHttpClientMergedOnExecutorCustomization()" classname="org.springframework.http.client.HttpComponentsClientHttpRequestFactoryTests" time="0.001"/>
  <system-out><![CDATA[]]></system-out>
  <system-err><![CDATA[May 09, 2021 8:46:28 PM okhttp3.mockwebserver.MockWebServer$3 execute
INFO: MockWebServer[50222] starting to accept connections
May 09, 2021 8:46:28 PM okhttp3.mockwebserver.MockWebServer$4 processOneRequest
INFO: MockWebServer[50222] received request: POST /status/ok HTTP/1.1 and responded: HTTP/1.1 200 OK
May 09, 2021 8:46:28 PM okhttp3.mockwebserver.MockWebServer$3 acceptConnections
INFO: MockWebServer[50222] done accepting connections: Socket closed
May 09, 2021 8:46:28 PM okhttp3.mockwebserver.MockWebServer$3 execute
INFO: MockWebServer[50224] starting to accept connections
May 09, 2021 8:46:28 PM okhttp3.mockwebserver.MockWebServer$4 processOneRequest
INFO: MockWebServer[50224] received request: GET /status/notfound HTTP/1.1 and responded: HTTP/1.1 404 Client Error
May 09, 2021 8:46:28 PM okhttp3.mockwebserver.MockWebServer$3 acceptConnections
INFO: MockWebServer[50224] done accepting connections: Socket closed
May 09, 2021 8:46:28 PM okhttp3.mockwebserver.MockWebServer$3 execute
INFO: MockWebServer[50226] starting to accept connections
May 09, 2021 8:46:28 PM okhttp3.mockwebserver.MockWebServer$4 processOneRequest
INFO: MockWebServer[50226] received request: PUT /echo HTTP/1.1 and responded: HTTP/1.1 200 OK
May 09, 2021 8:46:28 PM okhttp3.mockwebserver.MockWebServer$3 acceptConnections
INFO: MockWebServer[50226] done accepting connections: Socket closed
May 09, 2021 8:46:28 PM okhttp3.mockwebserver.MockWebServer$3 execute
INFO: MockWebServer[50228] starting to accept connections
May 09, 2021 8:46:28 PM okhttp3.mockwebserver.MockWebServer$4 processOneRequest
INFO: MockWebServer[50228] received request: POST /echo HTTP/1.1 and responded: HTTP/1.1 200 OK
May 09, 2021 8:46:28 PM okhttp3.mockwebserver.MockWebServer$3 acceptConnections
INFO: MockWebServer[50228] done accepting connections: Socket closed
May 09, 2021 8:46:28 PM okhttp3.mockwebserver.MockWebServer$3 execute
INFO: MockWebServer[50230] starting to accept connections
May 09, 2021 8:46:28 PM okhttp3.mockwebserver.MockWebServer$4 processOneRequest
INFO: MockWebServer[50230] received request: GET /params?param1=value&param2=value1&param2=value2 HTTP/1.1 and responded: HTTP/1.1 200 OK
May 09, 2021 8:46:28 PM okhttp3.mockwebserver.MockWebServer$3 acceptConnections
INFO: MockWebServer[50230] done accepting connections: Socket closed
May 09, 2021 8:46:28 PM okhttp3.mockwebserver.MockWebServer$3 execute
INFO: MockWebServer[50232] starting to accept connections
May 09, 2021 8:46:28 PM okhttp3.mockwebserver.MockWebServer$3 acceptConnections
INFO: MockWebServer[50232] done accepting connections: Socket closed
May 09, 2021 8:46:28 PM okhttp3.mockwebserver.MockWebServer$3 execute
INFO: MockWebServer[50233] starting to accept connections
May 09, 2021 8:46:28 PM okhttp3.mockwebserver.MockWebServer$3 acceptConnections
INFO: MockWebServer[50233] done accepting connections: Socket closed
May 09, 2021 8:46:28 PM okhttp3.mockwebserver.MockWebServer$3 execute
INFO: MockWebServer[50234] starting to accept connections
May 09, 2021 8:46:28 PM okhttp3.mockwebserver.MockWebServer$3 acceptConnections
INFO: MockWebServer[50234] done accepting connections: Socket closed
May 09, 2021 8:46:28 PM okhttp3.mockwebserver.MockWebServer$3 execute
INFO: MockWebServer[50235] starting to accept connections
May 09, 2021 8:46:28 PM okhttp3.mockwebserver.MockWebServer$3 acceptConnections
INFO: MockWebServer[50235] done accepting connections: Socket closed
May 09, 2021 8:46:28 PM okhttp3.mockwebserver.MockWebServer$3 execute
INFO: MockWebServer[50236] starting to accept connections
May 09, 2021 8:46:28 PM okhttp3.mockwebserver.MockWebServer$4 processOneRequest
INFO: MockWebServer[50236] received request: GET /methods/get HTTP/1.1 and responded: HTTP/1.1 200 OK
May 09, 2021 8:46:28 PM okhttp3.mockwebserver.MockWebServer$4 processOneRequest
INFO: MockWebServer[50236] received request: HEAD /methods/head HTTP/1.1 and responded: HTTP/1.1 200 OK
May 09, 2021 8:46:28 PM okhttp3.mockwebserver.MockWebServer$4 processOneRequest
INFO: MockWebServer[50236] received request: POST /methods/post HTTP/1.1 and responded: HTTP/1.1 200 OK
May 09, 2021 8:46:28 PM okhttp3.mockwebserver.MockWebServer$4 processOneRequest
INFO: MockWebServer[50236] received request: PUT /methods/put HTTP/1.1 and responded: HTTP/1.1 200 OK
May 09, 2021 8:46:28 PM okhttp3.mockwebserver.MockWebServer$4 processOneRequest
INFO: MockWebServer[50236] received request: OPTIONS /methods/options HTTP/1.1 and responded: HTTP/1.1 200 OK
May 09, 2021 8:46:28 PM okhttp3.mockwebserver.MockWebServer$4 processOneRequest
INFO: MockWebServer[50236] received request: DELETE /methods/delete HTTP/1.1 and responded: HTTP/1.1 200 OK
May 09, 2021 8:46:28 PM okhttp3.mockwebserver.MockWebServer$4 processOneRequest
INFO: MockWebServer[50236] received request: PATCH /methods/patch HTTP/1.1 and responded: HTTP/1.1 200 OK
May 09, 2021 8:46:28 PM okhttp3.mockwebserver.MockWebServer$3 acceptConnections
INFO: MockWebServer[50236] done accepting connections: Socket closed
May 09, 2021 8:46:28 PM okhttp3.mockwebserver.MockWebServer$3 execute
INFO: MockWebServer[50238] starting to accept connections
May 09, 2021 8:46:28 PM okhttp3.mockwebserver.MockWebServer$3 acceptConnections
INFO: MockWebServer[50238] done accepting connections: Socket closed
]]></system-err>
</testsuite>
