<?xml version="1.0" encoding="UTF-8"?>
<testsuite name="org.springframework.web.context.request.WebApplicationContextScopeTests" tests="3" skipped="0" failures="0" errors="0" timestamp="2021-04-26T07:41:06" hostname="wangweilideMacBook-Pro.local" time="0.011">
  <properties/>
  <testcase name="testRequestScope()" classname="org.springframework.web.context.request.WebApplicationContextScopeTests" time="0.002"/>
  <testcase name="testApplicationScope()" classname="org.springframework.web.context.request.WebApplicationContextScopeTests" time="0.005"/>
  <testcase name="testSessionScope()" classname="org.springframework.web.context.request.WebApplicationContextScopeTests" time="0.004"/>
  <system-out><![CDATA[]]></system-out>
  <system-err><![CDATA[]]></system-err>
</testsuite>
