<?xml version="1.0" encoding="UTF-8"?>
<testsuite name="org.springframework.web.bind.EscapedErrorsTests" tests="1" skipped="0" failures="0" errors="0" timestamp="2021-05-09T12:44:20" hostname="wangweilidembp" time="0.007">
  <properties/>
  <testcase name="testEscapedErrors()" classname="org.springframework.web.bind.EscapedErrorsTests" time="0.007"/>
  <system-out><![CDATA[]]></system-out>
  <system-err><![CDATA[]]></system-err>
</testsuite>
