<?xml version="1.0" encoding="UTF-8"?>
<testsuite name="org.springframework.web.server.session.WebSessionIntegrationTests" tests="20" skipped="0" failures="0" errors="0" timestamp="2021-05-09T12:43:22" hostname="wangweilidembp" time="57.673">
  <properties/>
  <testcase name="[1] org.springframework.web.testfixture.http.server.reactive.bootstrap.JettyHttpServer@688eda09" classname="org.springframework.web.server.session.WebSessionIntegrationTests" time="0.365"/>
  <testcase name="[2] org.springframework.web.testfixture.http.server.reactive.bootstrap.ReactorHttpServer@574837b" classname="org.springframework.web.server.session.WebSessionIntegrationTests" time="0.422"/>
  <testcase name="[3] org.springframework.web.testfixture.http.server.reactive.bootstrap.TomcatHttpServer@1d5560d4" classname="org.springframework.web.server.session.WebSessionIntegrationTests" time="11.763"/>
  <testcase name="[4] org.springframework.web.testfixture.http.server.reactive.bootstrap.UndertowHttpServer@25ed373e" classname="org.springframework.web.server.session.WebSessionIntegrationTests" time="0.165"/>
  <testcase name="[1] org.springframework.web.testfixture.http.server.reactive.bootstrap.JettyHttpServer@642f28f5" classname="org.springframework.web.server.session.WebSessionIntegrationTests" time="0.039"/>
  <testcase name="[2] org.springframework.web.testfixture.http.server.reactive.bootstrap.ReactorHttpServer@5a0b8b6a" classname="org.springframework.web.server.session.WebSessionIntegrationTests" time="0.018"/>
  <testcase name="[3] org.springframework.web.testfixture.http.server.reactive.bootstrap.TomcatHttpServer@7565878" classname="org.springframework.web.server.session.WebSessionIntegrationTests" time="11.169"/>
  <testcase name="[4] org.springframework.web.testfixture.http.server.reactive.bootstrap.UndertowHttpServer@728bf23a" classname="org.springframework.web.server.session.WebSessionIntegrationTests" time="0.012"/>
  <testcase name="[1] org.springframework.web.testfixture.http.server.reactive.bootstrap.JettyHttpServer@2dbbd9a0" classname="org.springframework.web.server.session.WebSessionIntegrationTests" time="0.011"/>
  <testcase name="[2] org.springframework.web.testfixture.http.server.reactive.bootstrap.ReactorHttpServer@3212df90" classname="org.springframework.web.server.session.WebSessionIntegrationTests" time="0.015"/>
  <testcase name="[3] org.springframework.web.testfixture.http.server.reactive.bootstrap.TomcatHttpServer@40c7dea8" classname="org.springframework.web.server.session.WebSessionIntegrationTests" time="11.178"/>
  <testcase name="[4] org.springframework.web.testfixture.http.server.reactive.bootstrap.UndertowHttpServer@47d6ddb4" classname="org.springframework.web.server.session.WebSessionIntegrationTests" time="0.01"/>
  <testcase name="[1] org.springframework.web.testfixture.http.server.reactive.bootstrap.JettyHttpServer@74f66b01" classname="org.springframework.web.server.session.WebSessionIntegrationTests" time="0.018"/>
  <testcase name="[2] org.springframework.web.testfixture.http.server.reactive.bootstrap.ReactorHttpServer@5c25eb3b" classname="org.springframework.web.server.session.WebSessionIntegrationTests" time="0.015"/>
  <testcase name="[3] org.springframework.web.testfixture.http.server.reactive.bootstrap.TomcatHttpServer@47643f2c" classname="org.springframework.web.server.session.WebSessionIntegrationTests" time="11.18"/>
  <testcase name="[4] org.springframework.web.testfixture.http.server.reactive.bootstrap.UndertowHttpServer@57faa617" classname="org.springframework.web.server.session.WebSessionIntegrationTests" time="0.009"/>
  <testcase name="[1] org.springframework.web.testfixture.http.server.reactive.bootstrap.JettyHttpServer@1808d479" classname="org.springframework.web.server.session.WebSessionIntegrationTests" time="0.013"/>
  <testcase name="[2] org.springframework.web.testfixture.http.server.reactive.bootstrap.ReactorHttpServer@5270fe49" classname="org.springframework.web.server.session.WebSessionIntegrationTests" time="0.016"/>
  <testcase name="[3] org.springframework.web.testfixture.http.server.reactive.bootstrap.TomcatHttpServer@e3f8f18" classname="org.springframework.web.server.session.WebSessionIntegrationTests" time="11.181"/>
  <testcase name="[4] org.springframework.web.testfixture.http.server.reactive.bootstrap.UndertowHttpServer@3396e26f" classname="org.springframework.web.server.session.WebSessionIntegrationTests" time="0.01"/>
  <system-out><![CDATA[]]></system-out>
  <system-err><![CDATA[May 09, 2021 8:43:23 PM org.apache.catalina.core.StandardService startInternal
INFO: Starting service [Tomcat]
May 09, 2021 8:43:23 PM org.apache.catalina.core.StandardEngine startInternal
INFO: Starting Servlet engine: [Apache Tomcat/9.0.45]
May 09, 2021 8:43:23 PM org.apache.coyote.AbstractProtocol init
INFO: Initializing ProtocolHandler ["http-nio-auto-1"]
May 09, 2021 8:43:23 PM org.apache.coyote.AbstractProtocol start
INFO: Starting ProtocolHandler ["http-nio-auto-1-64692"]
May 09, 2021 8:43:23 PM org.apache.coyote.AbstractProtocol pause
INFO: Pausing ProtocolHandler ["http-nio-auto-1-64692"]
May 09, 2021 8:43:24 PM org.apache.catalina.core.StandardService stopInternal
INFO: Stopping service [Tomcat]
May 09, 2021 8:43:24 PM org.apache.coyote.AbstractProtocol stop
INFO: Stopping ProtocolHandler ["http-nio-auto-1-64692"]
May 09, 2021 8:43:34 PM org.apache.tomcat.util.net.Acceptor stop
WARNING: The acceptor thread [http-nio-auto-1-Acceptor] did not stop cleanly
May 09, 2021 8:43:34 PM org.apache.coyote.AbstractProtocol destroy
INFO: Destroying ProtocolHandler ["http-nio-auto-1-64692"]
May 09, 2021 8:43:35 PM org.apache.catalina.core.StandardService startInternal
INFO: Starting service [Tomcat]
May 09, 2021 8:43:35 PM org.apache.catalina.core.StandardEngine startInternal
INFO: Starting Servlet engine: [Apache Tomcat/9.0.45]
May 09, 2021 8:43:35 PM org.apache.coyote.AbstractProtocol init
INFO: Initializing ProtocolHandler ["http-nio-auto-2"]
May 09, 2021 8:43:35 PM org.apache.coyote.AbstractProtocol start
INFO: Starting ProtocolHandler ["http-nio-auto-2-64798"]
May 09, 2021 8:43:35 PM org.apache.coyote.AbstractProtocol pause
INFO: Pausing ProtocolHandler ["http-nio-auto-2-64798"]
May 09, 2021 8:43:36 PM org.apache.catalina.core.StandardService stopInternal
INFO: Stopping service [Tomcat]
May 09, 2021 8:43:36 PM org.apache.coyote.AbstractProtocol stop
INFO: Stopping ProtocolHandler ["http-nio-auto-2-64798"]
May 09, 2021 8:43:46 PM org.apache.tomcat.util.net.Acceptor stop
WARNING: The acceptor thread [http-nio-auto-2-Acceptor] did not stop cleanly
May 09, 2021 8:43:46 PM org.apache.coyote.AbstractProtocol destroy
INFO: Destroying ProtocolHandler ["http-nio-auto-2-64798"]
May 09, 2021 8:43:46 PM org.apache.catalina.core.StandardService startInternal
INFO: Starting service [Tomcat]
May 09, 2021 8:43:46 PM org.apache.catalina.core.StandardEngine startInternal
INFO: Starting Servlet engine: [Apache Tomcat/9.0.45]
May 09, 2021 8:43:46 PM org.apache.coyote.AbstractProtocol init
INFO: Initializing ProtocolHandler ["http-nio-auto-3"]
May 09, 2021 8:43:46 PM org.apache.coyote.AbstractProtocol start
INFO: Starting ProtocolHandler ["http-nio-auto-3-64907"]
May 09, 2021 8:43:46 PM org.apache.coyote.AbstractProtocol pause
INFO: Pausing ProtocolHandler ["http-nio-auto-3-64907"]
May 09, 2021 8:43:47 PM org.apache.catalina.core.StandardService stopInternal
INFO: Stopping service [Tomcat]
May 09, 2021 8:43:47 PM org.apache.coyote.AbstractProtocol stop
INFO: Stopping ProtocolHandler ["http-nio-auto-3-64907"]
May 09, 2021 8:43:57 PM org.apache.tomcat.util.net.Acceptor stop
WARNING: The acceptor thread [http-nio-auto-3-Acceptor] did not stop cleanly
May 09, 2021 8:43:57 PM org.apache.coyote.AbstractProtocol destroy
INFO: Destroying ProtocolHandler ["http-nio-auto-3-64907"]
May 09, 2021 8:43:57 PM org.apache.catalina.core.StandardService startInternal
INFO: Starting service [Tomcat]
May 09, 2021 8:43:57 PM org.apache.catalina.core.StandardEngine startInternal
INFO: Starting Servlet engine: [Apache Tomcat/9.0.45]
May 09, 2021 8:43:57 PM org.apache.coyote.AbstractProtocol init
INFO: Initializing ProtocolHandler ["http-nio-auto-4"]
May 09, 2021 8:43:57 PM org.apache.coyote.AbstractProtocol start
INFO: Starting ProtocolHandler ["http-nio-auto-4-65020"]
May 09, 2021 8:43:57 PM org.apache.coyote.AbstractProtocol pause
INFO: Pausing ProtocolHandler ["http-nio-auto-4-65020"]
May 09, 2021 8:43:58 PM org.apache.catalina.core.StandardService stopInternal
INFO: Stopping service [Tomcat]
May 09, 2021 8:43:58 PM org.apache.coyote.AbstractProtocol stop
INFO: Stopping ProtocolHandler ["http-nio-auto-4-65020"]
May 09, 2021 8:44:08 PM org.apache.tomcat.util.net.Acceptor stop
WARNING: The acceptor thread [http-nio-auto-4-Acceptor] did not stop cleanly
May 09, 2021 8:44:08 PM org.apache.coyote.AbstractProtocol destroy
INFO: Destroying ProtocolHandler ["http-nio-auto-4-65020"]
May 09, 2021 8:44:08 PM org.apache.catalina.core.StandardService startInternal
INFO: Starting service [Tomcat]
May 09, 2021 8:44:08 PM org.apache.catalina.core.StandardEngine startInternal
INFO: Starting Servlet engine: [Apache Tomcat/9.0.45]
May 09, 2021 8:44:08 PM org.apache.coyote.AbstractProtocol init
INFO: Initializing ProtocolHandler ["http-nio-auto-5"]
May 09, 2021 8:44:08 PM org.apache.coyote.AbstractProtocol start
INFO: Starting ProtocolHandler ["http-nio-auto-5-65111"]
May 09, 2021 8:44:08 PM org.apache.coyote.AbstractProtocol pause
INFO: Pausing ProtocolHandler ["http-nio-auto-5-65111"]
May 09, 2021 8:44:10 PM org.apache.catalina.core.StandardService stopInternal
INFO: Stopping service [Tomcat]
May 09, 2021 8:44:10 PM org.apache.coyote.AbstractProtocol stop
INFO: Stopping ProtocolHandler ["http-nio-auto-5-65111"]
May 09, 2021 8:44:20 PM org.apache.tomcat.util.net.Acceptor stop
WARNING: The acceptor thread [http-nio-auto-5-Acceptor] did not stop cleanly
May 09, 2021 8:44:20 PM org.apache.coyote.AbstractProtocol destroy
INFO: Destroying ProtocolHandler ["http-nio-auto-5-65111"]
]]></system-err>
</testsuite>
