<?xml version="1.0" encoding="UTF-8"?>
<testsuite name="org.springframework.web.method.annotation.RequestParamMethodArgumentResolverTests" tests="38" skipped="0" failures="0" errors="0" timestamp="2021-05-09T12:44:22" hostname="wangweilidembp" time="0.221">
  <properties/>
  <testcase name="resolveEmptyValueWithoutDefault()" classname="org.springframework.web.method.annotation.RequestParamMethodArgumentResolverTests" time="0.01"/>
  <testcase name="resolveOptionalParamList()" classname="org.springframework.web.method.annotation.RequestParamMethodArgumentResolverTests" time="0.02"/>
  <testcase name="resolvePartArrayMissing()" classname="org.springframework.web.method.annotation.RequestParamMethodArgumentResolverTests" time="0.004"/>
  <testcase name="missingOptionalParamArray()" classname="org.springframework.web.method.annotation.RequestParamMethodArgumentResolverTests" time="0.004"/>
  <testcase name="missingOptionalParamValue()" classname="org.springframework.web.method.annotation.RequestParamMethodArgumentResolverTests" time="0.003"/>
  <testcase name="missingRequestParamEmptyValueNotRequired()" classname="org.springframework.web.method.annotation.RequestParamMethodArgumentResolverTests" time="0.008"/>
  <testcase name="resolveMultipartFileNotAnnot()" classname="org.springframework.web.method.annotation.RequestParamMethodArgumentResolverTests" time="0.002"/>
  <testcase name="resolveSimpleTypeParam()" classname="org.springframework.web.method.annotation.RequestParamMethodArgumentResolverTests" time="0.002"/>
  <testcase name="resolveOptionalMultipartFile()" classname="org.springframework.web.method.annotation.RequestParamMethodArgumentResolverTests" time="0.003"/>
  <testcase name="isMultipartRequest()" classname="org.springframework.web.method.annotation.RequestParamMethodArgumentResolverTests" time="0.003"/>
  <testcase name="missingOptionalMultipartFile()" classname="org.springframework.web.method.annotation.RequestParamMethodArgumentResolverTests" time="0.003"/>
  <testcase name="resolveEmptyValueToDefault()" classname="org.springframework.web.method.annotation.RequestParamMethodArgumentResolverTests" time="0.003"/>
  <testcase name="resolvePartList()" classname="org.springframework.web.method.annotation.RequestParamMethodArgumentResolverTests" time="0.003"/>
  <testcase name="resolveOptionalParamArray()" classname="org.springframework.web.method.annotation.RequestParamMethodArgumentResolverTests" time="0.003"/>
  <testcase name="resolveOptionalParamValue()" classname="org.springframework.web.method.annotation.RequestParamMethodArgumentResolverTests" time="0.003"/>
  <testcase name="resolveString()" classname="org.springframework.web.method.annotation.RequestParamMethodArgumentResolverTests" time="0.003"/>
  <testcase name="resolveStringArray()" classname="org.springframework.web.method.annotation.RequestParamMethodArgumentResolverTests" time="0.004"/>
  <testcase name="missingRequestParam()" classname="org.springframework.web.method.annotation.RequestParamMethodArgumentResolverTests" time="0.003"/>
  <testcase name="resolveEmptyValueRequiredWithoutDefault()" classname="org.springframework.web.method.annotation.RequestParamMethodArgumentResolverTests" time="0.003"/>
  <testcase name="optionalMultipartFileWithoutMultipartRequest()" classname="org.springframework.web.method.annotation.RequestParamMethodArgumentResolverTests" time="0.004"/>
  <testcase name="resolvePartArray()" classname="org.springframework.web.method.annotation.RequestParamMethodArgumentResolverTests" time="0.002"/>
  <testcase name="resolveMultipartFileListMissing()" classname="org.springframework.web.method.annotation.RequestParamMethodArgumentResolverTests" time="0.004"/>
  <testcase name="resolveMultipartFileArray()" classname="org.springframework.web.method.annotation.RequestParamMethodArgumentResolverTests" time="0.003"/>
  <testcase name="resolveMultipartFile()" classname="org.springframework.web.method.annotation.RequestParamMethodArgumentResolverTests" time="0.004"/>
  <testcase name="resolveMultipartFileListNotannot()" classname="org.springframework.web.method.annotation.RequestParamMethodArgumentResolverTests" time="0.003"/>
  <testcase name="resolveDefaultValue()" classname="org.springframework.web.method.annotation.RequestParamMethodArgumentResolverTests" time="0.002"/>
  <testcase name="isMultipartRequestHttpPut()" classname="org.springframework.web.method.annotation.RequestParamMethodArgumentResolverTests" time="0.003"/>
  <testcase name="resolvePartListMissing()" classname="org.springframework.web.method.annotation.RequestParamMethodArgumentResolverTests" time="0.003"/>
  <testcase name="noMultipartContent()" classname="org.springframework.web.method.annotation.RequestParamMethodArgumentResolverTests" time="0.003"/>
  <testcase name="missingOptionalParamList()" classname="org.springframework.web.method.annotation.RequestParamMethodArgumentResolverTests" time="0.003"/>
  <testcase name="missingMultipartFile()" classname="org.springframework.web.method.annotation.RequestParamMethodArgumentResolverTests" time="0.003"/>
  <testcase name="supportsParameter()" classname="org.springframework.web.method.annotation.RequestParamMethodArgumentResolverTests" time="0.051"/>
  <testcase name="missingRequestParamEmptyValueConvertedToNull()" classname="org.springframework.web.method.annotation.RequestParamMethodArgumentResolverTests" time="0.003"/>
  <testcase name="resolveMultipartFileArrayMissing()" classname="org.springframework.web.method.annotation.RequestParamMethodArgumentResolverTests" time="0.026"/>
  <testcase name="resolvePart()" classname="org.springframework.web.method.annotation.RequestParamMethodArgumentResolverTests" time="0.003"/>
  <testcase name="resolvePartNotAnnot()" classname="org.springframework.web.method.annotation.RequestParamMethodArgumentResolverTests" time="0.002"/>
  <testcase name="resolveSimpleTypeParamToNull()" classname="org.springframework.web.method.annotation.RequestParamMethodArgumentResolverTests" time="0.002"/>
  <testcase name="resolveMultipartFileList()" classname="org.springframework.web.method.annotation.RequestParamMethodArgumentResolverTests" time="0.002"/>
  <system-out><![CDATA[]]></system-out>
  <system-err><![CDATA[]]></system-err>
</testsuite>
