<?xml version="1.0" encoding="UTF-8"?>
<testsuite name="org.springframework.http.server.reactive.EchoHandlerIntegrationTests" tests="4" skipped="0" failures="0" errors="0" timestamp="2021-05-09T12:44:29" hostname="wangweilidembp" time="11.226">
  <properties/>
  <testcase name="[1] org.springframework.web.testfixture.http.server.reactive.bootstrap.JettyHttpServer@5d04903f" classname="org.springframework.http.server.reactive.EchoHandlerIntegrationTests" time="0.024"/>
  <testcase name="[2] org.springframework.web.testfixture.http.server.reactive.bootstrap.ReactorHttpServer@11ae7ddb" classname="org.springframework.http.server.reactive.EchoHandlerIntegrationTests" time="0.015"/>
  <testcase name="[3] org.springframework.web.testfixture.http.server.reactive.bootstrap.TomcatHttpServer@595bbda1" classname="org.springframework.http.server.reactive.EchoHandlerIntegrationTests" time="11.169"/>
  <testcase name="[4] org.springframework.web.testfixture.http.server.reactive.bootstrap.UndertowHttpServer@4ff7452a" classname="org.springframework.http.server.reactive.EchoHandlerIntegrationTests" time="0.017"/>
  <system-out><![CDATA[]]></system-out>
  <system-err><![CDATA[May 09, 2021 8:44:29 PM org.apache.catalina.core.StandardService startInternal
INFO: Starting service [Tomcat]
May 09, 2021 8:44:29 PM org.apache.catalina.core.StandardEngine startInternal
INFO: Starting Servlet engine: [Apache Tomcat/9.0.45]
May 09, 2021 8:44:29 PM org.apache.coyote.AbstractProtocol init
INFO: Initializing ProtocolHandler ["http-nio-auto-6"]
May 09, 2021 8:44:29 PM org.apache.coyote.AbstractProtocol start
INFO: Starting ProtocolHandler ["http-nio-auto-6-49234"]
May 09, 2021 8:44:29 PM org.apache.coyote.AbstractProtocol pause
INFO: Pausing ProtocolHandler ["http-nio-auto-6-49234"]
May 09, 2021 8:44:30 PM org.apache.catalina.core.StandardService stopInternal
INFO: Stopping service [Tomcat]
May 09, 2021 8:44:30 PM org.apache.coyote.AbstractProtocol stop
INFO: Stopping ProtocolHandler ["http-nio-auto-6-49234"]
May 09, 2021 8:44:40 PM org.apache.tomcat.util.net.Acceptor stop
WARNING: The acceptor thread [http-nio-auto-6-Acceptor] did not stop cleanly
May 09, 2021 8:44:40 PM org.apache.coyote.AbstractProtocol destroy
INFO: Destroying ProtocolHandler ["http-nio-auto-6-49234"]
]]></system-err>
</testsuite>
