<?xml version="1.0" encoding="UTF-8"?>
<testsuite name="org.springframework.http.server.reactive.WriteOnlyHandlerIntegrationTests" tests="4" skipped="0" failures="0" errors="0" timestamp="2021-04-26T07:42:40" hostname="wangweilideMacBook-Pro.local" time="11.213">
  <properties/>
  <testcase name="[1] org.springframework.web.testfixture.http.server.reactive.bootstrap.JettyHttpServer@57b7b92" classname="org.springframework.http.server.reactive.WriteOnlyHandlerIntegrationTests" time="0.01"/>
  <testcase name="[2] org.springframework.web.testfixture.http.server.reactive.bootstrap.ReactorHttpServer@61a31d62" classname="org.springframework.http.server.reactive.WriteOnlyHandlerIntegrationTests" time="0.007"/>
  <testcase name="[3] org.springframework.web.testfixture.http.server.reactive.bootstrap.TomcatHttpServer@3d094eb3" classname="org.springframework.http.server.reactive.WriteOnlyHandlerIntegrationTests" time="11.137"/>
  <testcase name="[4] org.springframework.web.testfixture.http.server.reactive.bootstrap.UndertowHttpServer@736579b7" classname="org.springframework.http.server.reactive.WriteOnlyHandlerIntegrationTests" time="0.058"/>
  <system-out><![CDATA[]]></system-out>
  <system-err><![CDATA[Apr 26, 2021 3:42:40 PM org.apache.catalina.core.StandardService startInternal
INFO: Starting service [Tomcat]
Apr 26, 2021 3:42:40 PM org.apache.catalina.core.StandardEngine startInternal
INFO: Starting Servlet engine: [Apache Tomcat/9.0.45]
Apr 26, 2021 3:42:40 PM org.apache.coyote.AbstractProtocol init
INFO: Initializing ProtocolHandler ["http-nio-auto-8"]
Apr 26, 2021 3:42:40 PM org.apache.coyote.AbstractProtocol start
INFO: Starting ProtocolHandler ["http-nio-auto-8-64952"]
Apr 26, 2021 3:42:40 PM org.apache.coyote.AbstractProtocol pause
INFO: Pausing ProtocolHandler ["http-nio-auto-8-64952"]
Apr 26, 2021 3:42:42 PM org.apache.catalina.core.StandardService stopInternal
INFO: Stopping service [Tomcat]
Apr 26, 2021 3:42:42 PM org.apache.coyote.AbstractProtocol stop
INFO: Stopping ProtocolHandler ["http-nio-auto-8-64952"]
Apr 26, 2021 3:42:52 PM org.apache.tomcat.util.net.Acceptor stop
WARNING: The acceptor thread [http-nio-auto-8-Acceptor] did not stop cleanly
Apr 26, 2021 3:42:52 PM org.apache.coyote.AbstractProtocol destroy
INFO: Destroying ProtocolHandler ["http-nio-auto-8-64952"]
]]></system-err>
</testsuite>
