<?xml version="1.0" encoding="UTF-8"?>
<testsuite name="org.springframework.web.util.HtmlUtilsTests" tests="5" skipped="0" failures="0" errors="0" timestamp="2021-05-09T12:43:19" hostname="wangweilidembp" time="0.021">
  <properties/>
  <testcase name="testDecodeFromHtmlCharacterSet()" classname="org.springframework.web.util.HtmlUtilsTests" time="0.005"/>
  <testcase name="testEncodeIntoHtmlCharacterSetFromUtf8()" classname="org.springframework.web.util.HtmlUtilsTests" time="0.007"/>
  <testcase name="testHtmlEscape()" classname="org.springframework.web.util.HtmlUtilsTests" time="0.0"/>
  <testcase name="testHtmlUnescape()" classname="org.springframework.web.util.HtmlUtilsTests" time="0.0"/>
  <testcase name="testEncodeIntoHtmlCharacterSet()" classname="org.springframework.web.util.HtmlUtilsTests" time="0.006"/>
  <system-out><![CDATA[]]></system-out>
  <system-err><![CDATA[]]></system-err>
</testsuite>
