<?xml version="1.0" encoding="UTF-8"?>
<testsuite name="org.springframework.web.filter.ContentCachingResponseWrapperTests" tests="2" skipped="0" failures="0" errors="0" timestamp="2021-04-26T07:42:08" hostname="wangweilideMacBook-Pro.local" time="0.0">
  <properties/>
  <testcase name="copyBodyToResponse()" classname="org.springframework.web.filter.ContentCachingResponseWrapperTests" time="0.0"/>
  <testcase name="copyBodyToResponseWithTransferEncoding()" classname="org.springframework.web.filter.ContentCachingResponseWrapperTests" time="0.0"/>
  <system-out><![CDATA[]]></system-out>
  <system-err><![CDATA[]]></system-err>
</testsuite>
