<?xml version="1.0" encoding="UTF-8"?>
<testsuite name="org.springframework.http.codec.cbor.Jackson2CborDecoderTests" tests="3" skipped="0" failures="0" errors="0" timestamp="2021-04-26T07:42:14" hostname="wangweilideMacBook-Pro.local" time="0.018">
  <properties/>
  <testcase name="decodeToMono()" classname="org.springframework.http.codec.cbor.Jackson2CborDecoderTests" time="0.016"/>
  <testcase name="decode()" classname="org.springframework.http.codec.cbor.Jackson2CborDecoderTests" time="0.001"/>
  <testcase name="canDecode()" classname="org.springframework.http.codec.cbor.Jackson2CborDecoderTests" time="0.0"/>
  <system-out><![CDATA[]]></system-out>
  <system-err><![CDATA[]]></system-err>
</testsuite>
