<?xml version="1.0" encoding="UTF-8"?>
<testsuite name="org.springframework.http.client.Netty4AsyncClientHttpRequestFactoryTests" tests="7" skipped="0" failures="0" errors="0" timestamp="2021-05-09T12:46:24" hostname="wangweilidembp" time="0.044">
  <properties/>
  <testcase name="cancel()" classname="org.springframework.http.client.Netty4AsyncClientHttpRequestFactoryTests" time="0.003"/>
  <testcase name="headersAfterExecute()" classname="org.springframework.http.client.Netty4AsyncClientHttpRequestFactoryTests" time="0.004"/>
  <testcase name="status()" classname="org.springframework.http.client.Netty4AsyncClientHttpRequestFactoryTests" time="0.004"/>
  <testcase name="echo()" classname="org.springframework.http.client.Netty4AsyncClientHttpRequestFactoryTests" time="0.004"/>
  <testcase name="statusCallback()" classname="org.springframework.http.client.Netty4AsyncClientHttpRequestFactoryTests" time="0.003"/>
  <testcase name="multipleWrites()" classname="org.springframework.http.client.Netty4AsyncClientHttpRequestFactoryTests" time="0.004"/>
  <testcase name="httpMethods()" classname="org.springframework.http.client.Netty4AsyncClientHttpRequestFactoryTests" time="0.02"/>
  <system-out><![CDATA[]]></system-out>
  <system-err><![CDATA[May 09, 2021 8:46:24 PM okhttp3.mockwebserver.MockWebServer$3 execute
INFO: MockWebServer[50102] starting to accept connections
May 09, 2021 8:46:24 PM okhttp3.mockwebserver.MockWebServer$3 acceptConnections
INFO: MockWebServer[50102] done accepting connections: Socket closed
May 09, 2021 8:46:24 PM okhttp3.mockwebserver.MockWebServer$3 execute
INFO: MockWebServer[50104] starting to accept connections
May 09, 2021 8:46:24 PM okhttp3.mockwebserver.MockWebServer$4 processOneRequest
INFO: MockWebServer[50104] received request: POST /echo HTTP/1.1 and responded: HTTP/1.1 200 OK
May 09, 2021 8:46:24 PM okhttp3.mockwebserver.MockWebServer$3 acceptConnections
INFO: MockWebServer[50104] done accepting connections: Socket closed
May 09, 2021 8:46:24 PM okhttp3.mockwebserver.MockWebServer$3 execute
INFO: MockWebServer[50106] starting to accept connections
May 09, 2021 8:46:24 PM okhttp3.mockwebserver.MockWebServer$4 processOneRequest
INFO: MockWebServer[50106] received request: GET /status/notfound HTTP/1.1 and responded: HTTP/1.1 404 Client Error
May 09, 2021 8:46:24 PM okhttp3.mockwebserver.MockWebServer$3 acceptConnections
INFO: MockWebServer[50106] done accepting connections: Socket closed
May 09, 2021 8:46:24 PM okhttp3.mockwebserver.MockWebServer$3 execute
INFO: MockWebServer[50108] starting to accept connections
May 09, 2021 8:46:24 PM okhttp3.mockwebserver.MockWebServer$4 processOneRequest
INFO: MockWebServer[50108] received request: PUT /echo HTTP/1.1 and responded: HTTP/1.1 200 OK
May 09, 2021 8:46:24 PM okhttp3.mockwebserver.MockWebServer$3 acceptConnections
INFO: MockWebServer[50108] done accepting connections: Socket closed
May 09, 2021 8:46:24 PM okhttp3.mockwebserver.MockWebServer$3 execute
INFO: MockWebServer[50110] starting to accept connections
May 09, 2021 8:46:24 PM okhttp3.mockwebserver.MockWebServer$4 processOneRequest
INFO: MockWebServer[50110] received request: GET /status/notfound HTTP/1.1 and responded: HTTP/1.1 404 Client Error
May 09, 2021 8:46:24 PM okhttp3.mockwebserver.MockWebServer$3 acceptConnections
INFO: MockWebServer[50110] done accepting connections: Socket closed
May 09, 2021 8:46:24 PM okhttp3.mockwebserver.MockWebServer$3 execute
INFO: MockWebServer[50112] starting to accept connections
May 09, 2021 8:46:24 PM okhttp3.mockwebserver.MockWebServer$4 processOneRequest
INFO: MockWebServer[50112] received request: POST /echo HTTP/1.1 and responded: HTTP/1.1 200 OK
May 09, 2021 8:46:24 PM okhttp3.mockwebserver.MockWebServer$3 acceptConnections
INFO: MockWebServer[50112] done accepting connections: Socket closed
May 09, 2021 8:46:24 PM okhttp3.mockwebserver.MockWebServer$3 execute
INFO: MockWebServer[50114] starting to accept connections
May 09, 2021 8:46:24 PM okhttp3.mockwebserver.MockWebServer$4 processOneRequest
INFO: MockWebServer[50114] received request: GET /methods/get HTTP/1.1 and responded: HTTP/1.1 200 OK
May 09, 2021 8:46:24 PM okhttp3.mockwebserver.MockWebServer$4 processOneRequest
INFO: MockWebServer[50114] received request: HEAD /methods/head HTTP/1.1 and responded: HTTP/1.1 200 OK
May 09, 2021 8:46:24 PM okhttp3.mockwebserver.MockWebServer$4 processOneRequest
INFO: MockWebServer[50114] received request: POST /methods/post HTTP/1.1 and responded: HTTP/1.1 200 OK
May 09, 2021 8:46:24 PM okhttp3.mockwebserver.MockWebServer$4 processOneRequest
INFO: MockWebServer[50114] received request: PUT /methods/put HTTP/1.1 and responded: HTTP/1.1 200 OK
May 09, 2021 8:46:24 PM okhttp3.mockwebserver.MockWebServer$4 processOneRequest
INFO: MockWebServer[50114] received request: OPTIONS /methods/options HTTP/1.1 and responded: HTTP/1.1 200 OK
May 09, 2021 8:46:24 PM okhttp3.mockwebserver.MockWebServer$4 processOneRequest
INFO: MockWebServer[50114] received request: DELETE /methods/delete HTTP/1.1 and responded: HTTP/1.1 200 OK
May 09, 2021 8:46:24 PM okhttp3.mockwebserver.MockWebServer$4 processOneRequest
INFO: MockWebServer[50114] received request: PATCH /methods/patch HTTP/1.1 and responded: HTTP/1.1 200 OK
May 09, 2021 8:46:24 PM okhttp3.mockwebserver.MockWebServer$3 acceptConnections
INFO: MockWebServer[50114] done accepting connections: Socket closed
]]></system-err>
</testsuite>
