<?xml version="1.0" encoding="UTF-8"?>
<testsuite name="org.springframework.remoting.jaxws.JaxWsSupportTests" tests="2" skipped="0" failures="0" errors="0" timestamp="2021-04-26T07:41:04" hostname="wangweilideMacBook-Pro.local" time="0.075">
  <properties/>
  <testcase name="testJaxWsPortAccessWithFeature()" classname="org.springframework.remoting.jaxws.JaxWsSupportTests" time="0.065"/>
  <testcase name="testJaxWsPortAccess()" classname="org.springframework.remoting.jaxws.JaxWsSupportTests" time="0.01"/>
  <system-out><![CDATA[]]></system-out>
  <system-err><![CDATA[]]></system-err>
</testsuite>
