<?xml version="1.0" encoding="UTF-8"?>
<testsuite name="org.springframework.remoting.httpinvoker.HttpInvokerFactoryBeanIntegrationTests" tests="3" skipped="0" failures="0" errors="0" timestamp="2021-04-26T07:41:02" hostname="wangweilideMacBook-Pro.local" time="0.661">
  <properties/>
  <testcase name="testLoadedConfigClass()" classname="org.springframework.remoting.httpinvoker.HttpInvokerFactoryBeanIntegrationTests" time="0.586"/>
  <testcase name="testNonLoadedConfigClass()" classname="org.springframework.remoting.httpinvoker.HttpInvokerFactoryBeanIntegrationTests" time="0.057"/>
  <testcase name="withConfigurationClassWithPlainFactoryBean()" classname="org.springframework.remoting.httpinvoker.HttpInvokerFactoryBeanIntegrationTests" time="0.016"/>
  <system-out><![CDATA[]]></system-out>
  <system-err><![CDATA[]]></system-err>
</testsuite>
