<?xml version="1.0" encoding="UTF-8"?>
<testsuite name="org.springframework.web.context.support.AnnotationConfigWebApplicationContextTests" tests="4" skipped="0" failures="0" errors="0" timestamp="2021-04-26T07:41:04" hostname="wangweilideMacBook-Pro.local" time="0.079">
  <properties/>
  <testcase name="withBeanNameGenerator()" classname="org.springframework.web.context.support.AnnotationConfigWebApplicationContextTests" time="0.022"/>
  <testcase name="configLocationWithBasePackage()" classname="org.springframework.web.context.support.AnnotationConfigWebApplicationContextTests" time="0.039"/>
  <testcase name="registerSingleClass()" classname="org.springframework.web.context.support.AnnotationConfigWebApplicationContextTests" time="0.009"/>
  <testcase name="configLocationWithSingleClass()" classname="org.springframework.web.context.support.AnnotationConfigWebApplicationContextTests" time="0.008"/>
  <system-out><![CDATA[]]></system-out>
  <system-err><![CDATA[]]></system-err>
</testsuite>
