<?xml version="1.0" encoding="UTF-8"?>
<testsuite name="org.springframework.web.method.annotation.WebArgumentResolverAdapterTests" tests="8" skipped="0" failures="0" errors="0" timestamp="2021-04-26T07:42:11" hostname="wangweilideMacBook-Pro.local" time="0.017">
  <properties/>
  <testcase name="resolveArgumentUnresolved()" classname="org.springframework.web.method.annotation.WebArgumentResolverAdapterTests" time="0.007"/>
  <testcase name="resolveArgumentThrowsException()" classname="org.springframework.web.method.annotation.WebArgumentResolverAdapterTests" time="0.001"/>
  <testcase name="resolveArgument()" classname="org.springframework.web.method.annotation.WebArgumentResolverAdapterTests" time="0.001"/>
  <testcase name="supportsParameterUnresolved()" classname="org.springframework.web.method.annotation.WebArgumentResolverAdapterTests" time="0.001"/>
  <testcase name="supportsParameterWrongType()" classname="org.springframework.web.method.annotation.WebArgumentResolverAdapterTests" time="0.001"/>
  <testcase name="resolveArgumentWrongType()" classname="org.springframework.web.method.annotation.WebArgumentResolverAdapterTests" time="0.001"/>
  <testcase name="supportsParameter()" classname="org.springframework.web.method.annotation.WebArgumentResolverAdapterTests" time="0.001"/>
  <testcase name="supportsParameterThrowsException()" classname="org.springframework.web.method.annotation.WebArgumentResolverAdapterTests" time="0.002"/>
  <system-out><![CDATA[]]></system-out>
  <system-err><![CDATA[]]></system-err>
</testsuite>
