<?xml version="1.0" encoding="UTF-8"?>
<testsuite name="org.springframework.http.codec.protobuf.ProtobufEncoderTests" tests="3" skipped="0" failures="0" errors="0" timestamp="2021-05-09T12:44:26" hostname="wangweilidembp" time="0.004">
  <properties/>
  <testcase name="encode()" classname="org.springframework.http.codec.protobuf.ProtobufEncoderTests" time="0.002"/>
  <testcase name="encodeStream()" classname="org.springframework.http.codec.protobuf.ProtobufEncoderTests" time="0.002"/>
  <testcase name="canEncode()" classname="org.springframework.http.codec.protobuf.ProtobufEncoderTests" time="0.0"/>
  <system-out><![CDATA[]]></system-out>
  <system-err><![CDATA[]]></system-err>
</testsuite>
