<?xml version="1.0" encoding="UTF-8"?>
<testsuite name="org.springframework.http.server.reactive.ServerHttpsRequestIntegrationTests" tests="1" skipped="0" failures="0" errors="0" timestamp="2021-05-09T12:46:12" hostname="wangweilidembp" time="0.523">
  <properties/>
  <testcase name="checkUri()" classname="org.springframework.http.server.reactive.ServerHttpsRequestIntegrationTests" time="0.523"/>
  <system-out><![CDATA[]]></system-out>
  <system-err><![CDATA[]]></system-err>
</testsuite>
