<?xml version="1.0" encoding="UTF-8"?>
<testsuite name="org.springframework.http.converter.xml.Jaxb2RootElementHttpMessageConverterTests" tests="12" skipped="0" failures="0" errors="0" timestamp="2021-04-26T07:42:12" hostname="wangweilideMacBook-Pro.local" time="0.134">
  <properties/>
  <testcase name="customizeMarshaller()" classname="org.springframework.http.converter.xml.Jaxb2RootElementHttpMessageConverterTests" time="0.08"/>
  <testcase name="readXmlRootElementExternalEntityDisabled()" classname="org.springframework.http.converter.xml.Jaxb2RootElementHttpMessageConverterTests" time="0.007"/>
  <testcase name="readXmlRootElementExternalEntityEnabled()" classname="org.springframework.http.converter.xml.Jaxb2RootElementHttpMessageConverterTests" time="0.003"/>
  <testcase name="canWrite()" classname="org.springframework.http.converter.xml.Jaxb2RootElementHttpMessageConverterTests" time="0.002"/>
  <testcase name="writeXmlRootElementSubclass()" classname="org.springframework.http.converter.xml.Jaxb2RootElementHttpMessageConverterTests" time="0.016"/>
  <testcase name="canRead()" classname="org.springframework.http.converter.xml.Jaxb2RootElementHttpMessageConverterTests" time="0.0"/>
  <testcase name="customizeUnmarshaller()" classname="org.springframework.http.converter.xml.Jaxb2RootElementHttpMessageConverterTests" time="0.004"/>
  <testcase name="writeXmlRootElement()" classname="org.springframework.http.converter.xml.Jaxb2RootElementHttpMessageConverterTests" time="0.006"/>
  <testcase name="readXmlRootElement()" classname="org.springframework.http.converter.xml.Jaxb2RootElementHttpMessageConverterTests" time="0.003"/>
  <testcase name="readXmlRootElementSubclass()" classname="org.springframework.http.converter.xml.Jaxb2RootElementHttpMessageConverterTests" time="0.003"/>
  <testcase name="readXmlType()" classname="org.springframework.http.converter.xml.Jaxb2RootElementHttpMessageConverterTests" time="0.003"/>
  <testcase name="testXmlBomb()" classname="org.springframework.http.converter.xml.Jaxb2RootElementHttpMessageConverterTests" time="0.005"/>
  <system-out><![CDATA[]]></system-out>
  <system-err><![CDATA[]]></system-err>
</testsuite>
