<?xml version="1.0" encoding="UTF-8"?>
<testsuite name="org.springframework.web.server.i18n.FixedLocaleContextResolverTests" tests="3" skipped="0" failures="0" errors="0" timestamp="2021-04-26T07:41:09" hostname="wangweilideMacBook-Pro.local" time="0.01">
  <properties/>
  <testcase name="resolveDefaultLocale()" classname="org.springframework.web.server.i18n.FixedLocaleContextResolverTests" time="0.004"/>
  <testcase name="resolveCustomizedLocale()" classname="org.springframework.web.server.i18n.FixedLocaleContextResolverTests" time="0.003"/>
  <testcase name="resolveCustomizedAndTimeZoneLocale()" classname="org.springframework.web.server.i18n.FixedLocaleContextResolverTests" time="0.002"/>
  <system-out><![CDATA[]]></system-out>
  <system-err><![CDATA[]]></system-err>
</testsuite>
