<?xml version="1.0" encoding="UTF-8"?>
<testsuite name="org.springframework.http.converter.json.KotlinSerializationJsonHttpMessageConverterTests" tests="14" skipped="0" failures="0" errors="0" timestamp="2021-05-09T12:46:32" hostname="wangweilidembp" time="0.093">
  <properties/>
  <testcase name="canReadJson()" classname="org.springframework.http.converter.json.KotlinSerializationJsonHttpMessageConverterTests" time="0.031"/>
  <testcase name="readGenericCollection()" classname="org.springframework.http.converter.json.KotlinSerializationJsonHttpMessageConverterTests" time="0.029"/>
  <testcase name="readObject()" classname="org.springframework.http.converter.json.KotlinSerializationJsonHttpMessageConverterTests" time="0.0"/>
  <testcase name="canReadMicroformats()" classname="org.springframework.http.converter.json.KotlinSerializationJsonHttpMessageConverterTests" time="0.001"/>
  <testcase name="canWriteMicroformats()" classname="org.springframework.http.converter.json.KotlinSerializationJsonHttpMessageConverterTests" time="0.0"/>
  <testcase name="writeArrayOfObjects()" classname="org.springframework.http.converter.json.KotlinSerializationJsonHttpMessageConverterTests" time="0.009"/>
  <testcase name="readArrayOfObjects()" classname="org.springframework.http.converter.json.KotlinSerializationJsonHttpMessageConverterTests" time="0.001"/>
  <testcase name="writeGenericCollection()" classname="org.springframework.http.converter.json.KotlinSerializationJsonHttpMessageConverterTests" time="0.002"/>
  <testcase name="readObjectInUtf16()" classname="org.springframework.http.converter.json.KotlinSerializationJsonHttpMessageConverterTests" time="0.0"/>
  <testcase name="writeObjectWithNullableProperty()" classname="org.springframework.http.converter.json.KotlinSerializationJsonHttpMessageConverterTests" time="0.001"/>
  <testcase name="readFailsOnInvalidJson()" classname="org.springframework.http.converter.json.KotlinSerializationJsonHttpMessageConverterTests" time="0.004"/>
  <testcase name="writeObject()" classname="org.springframework.http.converter.json.KotlinSerializationJsonHttpMessageConverterTests" time="0.002"/>
  <testcase name="writeObjectInUtf16()" classname="org.springframework.http.converter.json.KotlinSerializationJsonHttpMessageConverterTests" time="0.002"/>
  <testcase name="canWriteJson()" classname="org.springframework.http.converter.json.KotlinSerializationJsonHttpMessageConverterTests" time="0.005"/>
  <system-out><![CDATA[]]></system-out>
  <system-err><![CDATA[]]></system-err>
</testsuite>
