<?xml version="1.0" encoding="UTF-8"?>
<testsuite name="org.springframework.http.client.OkHttp3AsyncClientHttpRequestFactoryTests" tests="7" skipped="0" failures="0" errors="0" timestamp="2021-04-26T07:44:15" hostname="wangweilideMacBook-Pro.local" time="0.038">
  <properties/>
  <testcase name="cancel()" classname="org.springframework.http.client.OkHttp3AsyncClientHttpRequestFactoryTests" time="0.004"/>
  <testcase name="headersAfterExecute()" classname="org.springframework.http.client.OkHttp3AsyncClientHttpRequestFactoryTests" time="0.004"/>
  <testcase name="status()" classname="org.springframework.http.client.OkHttp3AsyncClientHttpRequestFactoryTests" time="0.004"/>
  <testcase name="echo()" classname="org.springframework.http.client.OkHttp3AsyncClientHttpRequestFactoryTests" time="0.003"/>
  <testcase name="statusCallback()" classname="org.springframework.http.client.OkHttp3AsyncClientHttpRequestFactoryTests" time="0.003"/>
  <testcase name="multipleWrites()" classname="org.springframework.http.client.OkHttp3AsyncClientHttpRequestFactoryTests" time="0.004"/>
  <testcase name="httpMethods()" classname="org.springframework.http.client.OkHttp3AsyncClientHttpRequestFactoryTests" time="0.016"/>
  <system-out><![CDATA[]]></system-out>
  <system-err><![CDATA[Apr 26, 2021 3:44:15 PM okhttp3.mockwebserver.MockWebServer$3 execute
INFO: MockWebServer[49248] starting to accept connections
Apr 26, 2021 3:44:15 PM okhttp3.mockwebserver.MockWebServer$3 acceptConnections
INFO: MockWebServer[49248] done accepting connections: Socket closed
Apr 26, 2021 3:44:15 PM okhttp3.mockwebserver.MockWebServer$3 execute
INFO: MockWebServer[49249] starting to accept connections
Apr 26, 2021 3:44:15 PM okhttp3.mockwebserver.MockWebServer$4 processOneRequest
INFO: MockWebServer[49249] received request: POST /echo HTTP/1.1 and responded: HTTP/1.1 200 OK
Apr 26, 2021 3:44:15 PM okhttp3.mockwebserver.MockWebServer$3 acceptConnections
INFO: MockWebServer[49249] done accepting connections: Socket closed
Apr 26, 2021 3:44:15 PM okhttp3.mockwebserver.MockWebServer$3 execute
INFO: MockWebServer[49251] starting to accept connections
Apr 26, 2021 3:44:15 PM okhttp3.mockwebserver.MockWebServer$4 processOneRequest
INFO: MockWebServer[49251] received request: GET /status/notfound HTTP/1.1 and responded: HTTP/1.1 404 Client Error
Apr 26, 2021 3:44:15 PM okhttp3.mockwebserver.MockWebServer$3 acceptConnections
INFO: MockWebServer[49251] done accepting connections: Socket closed
Apr 26, 2021 3:44:15 PM okhttp3.mockwebserver.MockWebServer$3 execute
INFO: MockWebServer[49253] starting to accept connections
Apr 26, 2021 3:44:15 PM okhttp3.mockwebserver.MockWebServer$4 processOneRequest
INFO: MockWebServer[49253] received request: PUT /echo HTTP/1.1 and responded: HTTP/1.1 200 OK
Apr 26, 2021 3:44:15 PM okhttp3.mockwebserver.MockWebServer$3 acceptConnections
INFO: MockWebServer[49253] done accepting connections: Socket closed
Apr 26, 2021 3:44:15 PM okhttp3.mockwebserver.MockWebServer$3 execute
INFO: MockWebServer[49255] starting to accept connections
Apr 26, 2021 3:44:15 PM okhttp3.mockwebserver.MockWebServer$4 processOneRequest
INFO: MockWebServer[49255] received request: GET /status/notfound HTTP/1.1 and responded: HTTP/1.1 404 Client Error
Apr 26, 2021 3:44:15 PM okhttp3.mockwebserver.MockWebServer$3 acceptConnections
INFO: MockWebServer[49255] done accepting connections: Socket closed
Apr 26, 2021 3:44:15 PM okhttp3.mockwebserver.MockWebServer$3 execute
INFO: MockWebServer[49257] starting to accept connections
Apr 26, 2021 3:44:15 PM okhttp3.mockwebserver.MockWebServer$4 processOneRequest
INFO: MockWebServer[49257] received request: POST /echo HTTP/1.1 and responded: HTTP/1.1 200 OK
Apr 26, 2021 3:44:15 PM okhttp3.mockwebserver.MockWebServer$3 acceptConnections
INFO: MockWebServer[49257] done accepting connections: Socket closed
Apr 26, 2021 3:44:15 PM okhttp3.mockwebserver.MockWebServer$3 execute
INFO: MockWebServer[49259] starting to accept connections
Apr 26, 2021 3:44:15 PM okhttp3.mockwebserver.MockWebServer$4 processOneRequest
INFO: MockWebServer[49259] received request: GET /methods/get HTTP/1.1 and responded: HTTP/1.1 200 OK
Apr 26, 2021 3:44:15 PM okhttp3.mockwebserver.MockWebServer$4 processOneRequest
INFO: MockWebServer[49259] received request: HEAD /methods/head HTTP/1.1 and responded: HTTP/1.1 200 OK
Apr 26, 2021 3:44:15 PM okhttp3.mockwebserver.MockWebServer$4 processOneRequest
INFO: MockWebServer[49259] received request: POST /methods/post HTTP/1.1 and responded: HTTP/1.1 200 OK
Apr 26, 2021 3:44:15 PM okhttp3.mockwebserver.MockWebServer$4 processOneRequest
INFO: MockWebServer[49259] received request: PUT /methods/put HTTP/1.1 and responded: HTTP/1.1 200 OK
Apr 26, 2021 3:44:15 PM okhttp3.mockwebserver.MockWebServer$4 processOneRequest
INFO: MockWebServer[49259] received request: OPTIONS /methods/options HTTP/1.1 and responded: HTTP/1.1 200 OK
Apr 26, 2021 3:44:15 PM okhttp3.mockwebserver.MockWebServer$4 processOneRequest
INFO: MockWebServer[49259] received request: DELETE /methods/delete HTTP/1.1 and responded: HTTP/1.1 200 OK
Apr 26, 2021 3:44:15 PM okhttp3.mockwebserver.MockWebServer$4 processOneRequest
INFO: MockWebServer[49259] received request: PATCH /methods/patch HTTP/1.1 and responded: HTTP/1.1 200 OK
Apr 26, 2021 3:44:15 PM okhttp3.mockwebserver.MockWebServer$3 acceptConnections
INFO: MockWebServer[49259] done accepting connections: Socket closed
]]></system-err>
</testsuite>
