<?xml version="1.0" encoding="UTF-8"?>
<testsuite name="org.springframework.web.client.RestTemplateIntegrationTests" tests="104" skipped="1" failures="0" errors="0" timestamp="2021-04-26T07:42:08" hostname="wangweilideMacBook-Pro.local" time="1.244">
  <properties/>
  <testcase name="[1] org.springframework.http.client.SimpleClientHttpRequestFactory@2f701647" classname="org.springframework.web.client.RestTemplateIntegrationTests" time="0.035"/>
  <testcase name="[2] org.springframework.http.client.HttpComponentsClientHttpRequestFactory@166f358b" classname="org.springframework.web.client.RestTemplateIntegrationTests" time="0.009"/>
  <testcase name="[3] org.springframework.http.client.Netty4ClientHttpRequestFactory@64adeb4f" classname="org.springframework.web.client.RestTemplateIntegrationTests" time="0.056"/>
  <testcase name="[4] org.springframework.http.client.OkHttp3ClientHttpRequestFactory@3def907c" classname="org.springframework.web.client.RestTemplateIntegrationTests" time="0.03"/>
  <testcase name="[1] org.springframework.http.client.SimpleClientHttpRequestFactory@a9b6427" classname="org.springframework.web.client.RestTemplateIntegrationTests" time="0.063"/>
  <testcase name="[2] org.springframework.http.client.HttpComponentsClientHttpRequestFactory@237dde86" classname="org.springframework.web.client.RestTemplateIntegrationTests" time="0.012"/>
  <testcase name="[3] org.springframework.http.client.Netty4ClientHttpRequestFactory@180e8075" classname="org.springframework.web.client.RestTemplateIntegrationTests" time="0.019"/>
  <testcase name="[4] org.springframework.http.client.OkHttp3ClientHttpRequestFactory@9678fa9" classname="org.springframework.web.client.RestTemplateIntegrationTests" time="0.021"/>
  <testcase name="[1] org.springframework.http.client.SimpleClientHttpRequestFactory@32123ece" classname="org.springframework.web.client.RestTemplateIntegrationTests" time="0.007"/>
  <testcase name="[2] org.springframework.http.client.HttpComponentsClientHttpRequestFactory@456468d8" classname="org.springframework.web.client.RestTemplateIntegrationTests" time="0.007"/>
  <testcase name="[3] org.springframework.http.client.Netty4ClientHttpRequestFactory@792f9bc5" classname="org.springframework.web.client.RestTemplateIntegrationTests" time="0.012"/>
  <testcase name="[4] org.springframework.http.client.OkHttp3ClientHttpRequestFactory@28eb0c96" classname="org.springframework.web.client.RestTemplateIntegrationTests" time="0.012"/>
  <testcase name="[1] org.springframework.http.client.SimpleClientHttpRequestFactory@47638e59" classname="org.springframework.web.client.RestTemplateIntegrationTests" time="0.01"/>
  <testcase name="[2] org.springframework.http.client.HttpComponentsClientHttpRequestFactory@749e7c74" classname="org.springframework.web.client.RestTemplateIntegrationTests" time="0.012"/>
  <testcase name="[3] org.springframework.http.client.Netty4ClientHttpRequestFactory@70d86295" classname="org.springframework.web.client.RestTemplateIntegrationTests" time="0.017"/>
  <testcase name="[4] org.springframework.http.client.OkHttp3ClientHttpRequestFactory@8e09b6a" classname="org.springframework.web.client.RestTemplateIntegrationTests" time="0.01"/>
  <testcase name="[1] org.springframework.http.client.SimpleClientHttpRequestFactory@1e03ccb4" classname="org.springframework.web.client.RestTemplateIntegrationTests" time="0.011"/>
  <testcase name="[2] org.springframework.http.client.HttpComponentsClientHttpRequestFactory@217b8f7e" classname="org.springframework.web.client.RestTemplateIntegrationTests" time="0.007"/>
  <testcase name="[3] org.springframework.http.client.Netty4ClientHttpRequestFactory@46354d62" classname="org.springframework.web.client.RestTemplateIntegrationTests" time="0.012"/>
  <testcase name="[4] org.springframework.http.client.OkHttp3ClientHttpRequestFactory@75cce216" classname="org.springframework.web.client.RestTemplateIntegrationTests" time="0.007"/>
  <testcase name="[1] org.springframework.http.client.SimpleClientHttpRequestFactory@1c454e5f" classname="org.springframework.web.client.RestTemplateIntegrationTests" time="0.006"/>
  <testcase name="[2] org.springframework.http.client.HttpComponentsClientHttpRequestFactory@2a66f459" classname="org.springframework.web.client.RestTemplateIntegrationTests" time="0.006"/>
  <testcase name="[3] org.springframework.http.client.Netty4ClientHttpRequestFactory@d41f8ac" classname="org.springframework.web.client.RestTemplateIntegrationTests" time="0.01"/>
  <testcase name="[4] org.springframework.http.client.OkHttp3ClientHttpRequestFactory@6ba46526" classname="org.springframework.web.client.RestTemplateIntegrationTests" time="0.007"/>
  <testcase name="[1] org.springframework.http.client.SimpleClientHttpRequestFactory@12ce6068" classname="org.springframework.web.client.RestTemplateIntegrationTests" time="0.009"/>
  <testcase name="[2] org.springframework.http.client.HttpComponentsClientHttpRequestFactory@58bf04e1" classname="org.springframework.web.client.RestTemplateIntegrationTests" time="0.009"/>
  <testcase name="[3] org.springframework.http.client.Netty4ClientHttpRequestFactory@31f08c41" classname="org.springframework.web.client.RestTemplateIntegrationTests" time="0.015"/>
  <testcase name="[4] org.springframework.http.client.OkHttp3ClientHttpRequestFactory@22abacc6" classname="org.springframework.web.client.RestTemplateIntegrationTests" time="0.009"/>
  <testcase name="[1] org.springframework.http.client.SimpleClientHttpRequestFactory@4b2a6888" classname="org.springframework.web.client.RestTemplateIntegrationTests" time="0.008"/>
  <testcase name="[2] org.springframework.http.client.HttpComponentsClientHttpRequestFactory@680252c5" classname="org.springframework.web.client.RestTemplateIntegrationTests" time="0.006"/>
  <testcase name="[3] org.springframework.http.client.Netty4ClientHttpRequestFactory@268b012c" classname="org.springframework.web.client.RestTemplateIntegrationTests" time="0.009"/>
  <testcase name="[4] org.springframework.http.client.OkHttp3ClientHttpRequestFactory@36525025" classname="org.springframework.web.client.RestTemplateIntegrationTests" time="0.006"/>
  <testcase name="[1] org.springframework.http.client.SimpleClientHttpRequestFactory@4fc5a7c6" classname="org.springframework.web.client.RestTemplateIntegrationTests" time="0.007"/>
  <testcase name="[2] org.springframework.http.client.HttpComponentsClientHttpRequestFactory@5ce9ab31" classname="org.springframework.web.client.RestTemplateIntegrationTests" time="0.007"/>
  <testcase name="[3] org.springframework.http.client.Netty4ClientHttpRequestFactory@423cebd3" classname="org.springframework.web.client.RestTemplateIntegrationTests" time="0.013"/>
  <testcase name="[4] org.springframework.http.client.OkHttp3ClientHttpRequestFactory@6d13b11b" classname="org.springframework.web.client.RestTemplateIntegrationTests" time="0.009"/>
  <testcase name="[1] org.springframework.http.client.SimpleClientHttpRequestFactory@18ff3942" classname="org.springframework.web.client.RestTemplateIntegrationTests" time="0.007"/>
  <testcase name="[2] org.springframework.http.client.HttpComponentsClientHttpRequestFactory@70c7a24" classname="org.springframework.web.client.RestTemplateIntegrationTests" time="0.006"/>
  <testcase name="[3] org.springframework.http.client.Netty4ClientHttpRequestFactory@4ae25eed" classname="org.springframework.web.client.RestTemplateIntegrationTests" time="0.01"/>
  <testcase name="[4] org.springframework.http.client.OkHttp3ClientHttpRequestFactory@6172f83b" classname="org.springframework.web.client.RestTemplateIntegrationTests" time="0.01"/>
  <testcase name="[1] org.springframework.http.client.SimpleClientHttpRequestFactory@6f73058a" classname="org.springframework.web.client.RestTemplateIntegrationTests" time="0.007"/>
  <testcase name="[2] org.springframework.http.client.HttpComponentsClientHttpRequestFactory@5b5e1c96" classname="org.springframework.web.client.RestTemplateIntegrationTests" time="0.006"/>
  <testcase name="[3] org.springframework.http.client.Netty4ClientHttpRequestFactory@2d5e4430" classname="org.springframework.web.client.RestTemplateIntegrationTests" time="0.009"/>
  <testcase name="[4] org.springframework.http.client.OkHttp3ClientHttpRequestFactory@6e3df805" classname="org.springframework.web.client.RestTemplateIntegrationTests" time="0.007"/>
  <testcase name="[1] org.springframework.http.client.SimpleClientHttpRequestFactory@1c7b4f74" classname="org.springframework.web.client.RestTemplateIntegrationTests" time="0.008"/>
  <testcase name="[2] org.springframework.http.client.HttpComponentsClientHttpRequestFactory@5e52d6a3" classname="org.springframework.web.client.RestTemplateIntegrationTests" time="0.008"/>
  <testcase name="[3] org.springframework.http.client.Netty4ClientHttpRequestFactory@56da9c78" classname="org.springframework.web.client.RestTemplateIntegrationTests" time="0.01"/>
  <testcase name="[4] org.springframework.http.client.OkHttp3ClientHttpRequestFactory@42a8f21d" classname="org.springframework.web.client.RestTemplateIntegrationTests" time="0.007"/>
  <testcase name="[1] org.springframework.http.client.SimpleClientHttpRequestFactory@7ab9540e" classname="org.springframework.web.client.RestTemplateIntegrationTests" time="0.006"/>
  <testcase name="[2] org.springframework.http.client.HttpComponentsClientHttpRequestFactory@1e0cca6e" classname="org.springframework.web.client.RestTemplateIntegrationTests" time="0.007"/>
  <testcase name="[3] org.springframework.http.client.Netty4ClientHttpRequestFactory@5792131e" classname="org.springframework.web.client.RestTemplateIntegrationTests" time="0.011"/>
  <testcase name="[4] org.springframework.http.client.OkHttp3ClientHttpRequestFactory@41aa8770" classname="org.springframework.web.client.RestTemplateIntegrationTests" time="0.008"/>
  <testcase name="[1] org.springframework.http.client.SimpleClientHttpRequestFactory@7d97d98e" classname="org.springframework.web.client.RestTemplateIntegrationTests" time="0.009"/>
  <testcase name="[2] org.springframework.http.client.HttpComponentsClientHttpRequestFactory@21a6156b" classname="org.springframework.web.client.RestTemplateIntegrationTests" time="0.011"/>
  <testcase name="[3] org.springframework.http.client.Netty4ClientHttpRequestFactory@2915aee" classname="org.springframework.web.client.RestTemplateIntegrationTests" time="0.08"/>
  <testcase name="[4] org.springframework.http.client.OkHttp3ClientHttpRequestFactory@6aec5d5d" classname="org.springframework.web.client.RestTemplateIntegrationTests" time="0.028"/>
  <testcase name="[1] org.springframework.http.client.SimpleClientHttpRequestFactory@1870af58" classname="org.springframework.web.client.RestTemplateIntegrationTests" time="0.007"/>
  <testcase name="[2] org.springframework.http.client.HttpComponentsClientHttpRequestFactory@154e75d3" classname="org.springframework.web.client.RestTemplateIntegrationTests" time="0.006"/>
  <testcase name="[3] org.springframework.http.client.Netty4ClientHttpRequestFactory@723002" classname="org.springframework.web.client.RestTemplateIntegrationTests" time="0.008"/>
  <testcase name="[4] org.springframework.http.client.OkHttp3ClientHttpRequestFactory@3e6b27c7" classname="org.springframework.web.client.RestTemplateIntegrationTests" time="0.007"/>
  <testcase name="[1] org.springframework.http.client.SimpleClientHttpRequestFactory@7a85df46" classname="org.springframework.web.client.RestTemplateIntegrationTests" time="0.008"/>
  <testcase name="[2] org.springframework.http.client.HttpComponentsClientHttpRequestFactory@714e8541" classname="org.springframework.web.client.RestTemplateIntegrationTests" time="0.01"/>
  <testcase name="[3] org.springframework.http.client.Netty4ClientHttpRequestFactory@76366c13" classname="org.springframework.web.client.RestTemplateIntegrationTests" time="0.009"/>
  <testcase name="[4] org.springframework.http.client.OkHttp3ClientHttpRequestFactory@656c1b00" classname="org.springframework.web.client.RestTemplateIntegrationTests" time="0.008"/>
  <testcase name="[1] org.springframework.http.client.SimpleClientHttpRequestFactory@77b05af3" classname="org.springframework.web.client.RestTemplateIntegrationTests" time="0.007"/>
  <testcase name="[2] org.springframework.http.client.HttpComponentsClientHttpRequestFactory@6a2ccd79" classname="org.springframework.web.client.RestTemplateIntegrationTests" time="0.007"/>
  <testcase name="[3] org.springframework.http.client.Netty4ClientHttpRequestFactory@4d147586" classname="org.springframework.web.client.RestTemplateIntegrationTests" time="0.014"/>
  <testcase name="[4] org.springframework.http.client.OkHttp3ClientHttpRequestFactory@7648d77" classname="org.springframework.web.client.RestTemplateIntegrationTests" time="0.013"/>
  <testcase name="[1] org.springframework.http.client.SimpleClientHttpRequestFactory@4e0d2cb8" classname="org.springframework.web.client.RestTemplateIntegrationTests" time="0.006"/>
  <testcase name="[2] org.springframework.http.client.HttpComponentsClientHttpRequestFactory@4c21770e" classname="org.springframework.web.client.RestTemplateIntegrationTests" time="0.006"/>
  <testcase name="[3] org.springframework.http.client.Netty4ClientHttpRequestFactory@2b024acd" classname="org.springframework.web.client.RestTemplateIntegrationTests" time="0.009"/>
  <testcase name="[4] org.springframework.http.client.OkHttp3ClientHttpRequestFactory@66420d41" classname="org.springframework.web.client.RestTemplateIntegrationTests" time="0.009"/>
  <testcase name="[1] org.springframework.http.client.SimpleClientHttpRequestFactory@1fe6615b" classname="org.springframework.web.client.RestTemplateIntegrationTests" time="0.007">
    <skipped/>
  </testcase>
  <testcase name="[2] org.springframework.http.client.HttpComponentsClientHttpRequestFactory@3a2b4b95" classname="org.springframework.web.client.RestTemplateIntegrationTests" time="0.006"/>
  <testcase name="[3] org.springframework.http.client.Netty4ClientHttpRequestFactory@65faba1c" classname="org.springframework.web.client.RestTemplateIntegrationTests" time="0.009"/>
  <testcase name="[4] org.springframework.http.client.OkHttp3ClientHttpRequestFactory@bba8781" classname="org.springframework.web.client.RestTemplateIntegrationTests" time="0.007"/>
  <testcase name="[1] org.springframework.http.client.SimpleClientHttpRequestFactory@67b4d401" classname="org.springframework.web.client.RestTemplateIntegrationTests" time="0.006"/>
  <testcase name="[2] org.springframework.http.client.HttpComponentsClientHttpRequestFactory@6ba62ba2" classname="org.springframework.web.client.RestTemplateIntegrationTests" time="0.007"/>
  <testcase name="[3] org.springframework.http.client.Netty4ClientHttpRequestFactory@5188f67d" classname="org.springframework.web.client.RestTemplateIntegrationTests" time="0.007"/>
  <testcase name="[4] org.springframework.http.client.OkHttp3ClientHttpRequestFactory@4389c117" classname="org.springframework.web.client.RestTemplateIntegrationTests" time="0.007"/>
  <testcase name="[1] org.springframework.http.client.SimpleClientHttpRequestFactory@503bda" classname="org.springframework.web.client.RestTemplateIntegrationTests" time="0.005"/>
  <testcase name="[2] org.springframework.http.client.HttpComponentsClientHttpRequestFactory@6cfaaada" classname="org.springframework.web.client.RestTemplateIntegrationTests" time="0.006"/>
  <testcase name="[3] org.springframework.http.client.Netty4ClientHttpRequestFactory@6b73c04d" classname="org.springframework.web.client.RestTemplateIntegrationTests" time="0.007"/>
  <testcase name="[4] org.springframework.http.client.OkHttp3ClientHttpRequestFactory@2309b9d0" classname="org.springframework.web.client.RestTemplateIntegrationTests" time="0.006"/>
  <testcase name="[1] org.springframework.http.client.SimpleClientHttpRequestFactory@69987846" classname="org.springframework.web.client.RestTemplateIntegrationTests" time="0.007"/>
  <testcase name="[2] org.springframework.http.client.HttpComponentsClientHttpRequestFactory@3597a537" classname="org.springframework.web.client.RestTemplateIntegrationTests" time="0.005"/>
  <testcase name="[3] org.springframework.http.client.Netty4ClientHttpRequestFactory@19b4f83" classname="org.springframework.web.client.RestTemplateIntegrationTests" time="0.007"/>
  <testcase name="[4] org.springframework.http.client.OkHttp3ClientHttpRequestFactory@43f07a62" classname="org.springframework.web.client.RestTemplateIntegrationTests" time="0.005"/>
  <testcase name="[1] org.springframework.http.client.SimpleClientHttpRequestFactory@16b79c89" classname="org.springframework.web.client.RestTemplateIntegrationTests" time="0.005"/>
  <testcase name="[2] org.springframework.http.client.HttpComponentsClientHttpRequestFactory@36ee3068" classname="org.springframework.web.client.RestTemplateIntegrationTests" time="0.006"/>
  <testcase name="[3] org.springframework.http.client.Netty4ClientHttpRequestFactory@6cc4b39f" classname="org.springframework.web.client.RestTemplateIntegrationTests" time="0.01"/>
  <testcase name="[4] org.springframework.http.client.OkHttp3ClientHttpRequestFactory@7614f59c" classname="org.springframework.web.client.RestTemplateIntegrationTests" time="0.008"/>
  <testcase name="[1] org.springframework.http.client.SimpleClientHttpRequestFactory@66e7809a" classname="org.springframework.web.client.RestTemplateIntegrationTests" time="0.005"/>
  <testcase name="[2] org.springframework.http.client.HttpComponentsClientHttpRequestFactory@31212bf2" classname="org.springframework.web.client.RestTemplateIntegrationTests" time="0.005"/>
  <testcase name="[3] org.springframework.http.client.Netty4ClientHttpRequestFactory@20b0f51c" classname="org.springframework.web.client.RestTemplateIntegrationTests" time="0.006"/>
  <testcase name="[4] org.springframework.http.client.OkHttp3ClientHttpRequestFactory@59f6654" classname="org.springframework.web.client.RestTemplateIntegrationTests" time="0.004"/>
  <testcase name="[1] org.springframework.http.client.SimpleClientHttpRequestFactory@1a620aea" classname="org.springframework.web.client.RestTemplateIntegrationTests" time="0.005"/>
  <testcase name="[2] org.springframework.http.client.HttpComponentsClientHttpRequestFactory@3ffae315" classname="org.springframework.web.client.RestTemplateIntegrationTests" time="0.005"/>
  <testcase name="[3] org.springframework.http.client.Netty4ClientHttpRequestFactory@7ecb87c7" classname="org.springframework.web.client.RestTemplateIntegrationTests" time="0.011"/>
  <testcase name="[4] org.springframework.http.client.OkHttp3ClientHttpRequestFactory@4fcbd920" classname="org.springframework.web.client.RestTemplateIntegrationTests" time="0.007"/>
  <testcase name="[1] org.springframework.http.client.SimpleClientHttpRequestFactory@28875cd0" classname="org.springframework.web.client.RestTemplateIntegrationTests" time="0.022"/>
  <testcase name="[2] org.springframework.http.client.HttpComponentsClientHttpRequestFactory@44a2e97b" classname="org.springframework.web.client.RestTemplateIntegrationTests" time="0.007"/>
  <testcase name="[3] org.springframework.http.client.Netty4ClientHttpRequestFactory@72995a53" classname="org.springframework.web.client.RestTemplateIntegrationTests" time="0.012"/>
  <testcase name="[4] org.springframework.http.client.OkHttp3ClientHttpRequestFactory@787f92c0" classname="org.springframework.web.client.RestTemplateIntegrationTests" time="0.006"/>
  <system-out><![CDATA[]]></system-out>
  <system-err><![CDATA[Apr 26, 2021 3:42:08 PM okhttp3.mockwebserver.MockWebServer$3 execute
INFO: MockWebServer[64416] starting to accept connections
Apr 26, 2021 3:42:08 PM okhttp3.mockwebserver.MockWebServer$4 processOneRequest
INFO: MockWebServer[64416] received request: GET /get HTTP/1.1 and responded: HTTP/1.1 200 OK
Apr 26, 2021 3:42:08 PM okhttp3.mockwebserver.MockWebServer$3 acceptConnections
INFO: MockWebServer[64416] done accepting connections: Socket closed
Apr 26, 2021 3:42:08 PM okhttp3.mockwebserver.MockWebServer$3 execute
INFO: MockWebServer[64418] starting to accept connections
Apr 26, 2021 3:42:08 PM okhttp3.mockwebserver.MockWebServer$4 processOneRequest
INFO: MockWebServer[64418] received request: GET /get HTTP/1.1 and responded: HTTP/1.1 200 OK
Apr 26, 2021 3:42:08 PM okhttp3.mockwebserver.MockWebServer$3 acceptConnections
INFO: MockWebServer[64418] done accepting connections: Socket closed
Apr 26, 2021 3:42:08 PM okhttp3.mockwebserver.MockWebServer$3 execute
INFO: MockWebServer[64420] starting to accept connections
Apr 26, 2021 3:42:08 PM okhttp3.mockwebserver.MockWebServer$4 processOneRequest
INFO: MockWebServer[64420] received request: GET /get HTTP/1.1 and responded: HTTP/1.1 200 OK
Apr 26, 2021 3:42:08 PM okhttp3.mockwebserver.MockWebServer$3 acceptConnections
INFO: MockWebServer[64420] done accepting connections: Socket closed
Apr 26, 2021 3:42:08 PM okhttp3.mockwebserver.MockWebServer$3 execute
INFO: MockWebServer[64422] starting to accept connections
Apr 26, 2021 3:42:08 PM okhttp3.mockwebserver.MockWebServer$4 processOneRequest
INFO: MockWebServer[64422] received request: GET /get HTTP/1.1 and responded: HTTP/1.1 200 OK
Apr 26, 2021 3:42:08 PM okhttp3.mockwebserver.MockWebServer$3 acceptConnections
INFO: MockWebServer[64422] done accepting connections: Socket closed
Apr 26, 2021 3:42:08 PM okhttp3.mockwebserver.MockWebServer$3 execute
INFO: MockWebServer[64424] starting to accept connections
Apr 26, 2021 3:42:08 PM okhttp3.mockwebserver.MockWebServer$4 processOneRequest
INFO: MockWebServer[64424] received request: POST /jsonpost HTTP/1.1 and responded: HTTP/1.1 201 OK
Apr 26, 2021 3:42:08 PM okhttp3.mockwebserver.MockWebServer$3 acceptConnections
INFO: MockWebServer[64424] done accepting connections: Socket closed
Apr 26, 2021 3:42:08 PM okhttp3.mockwebserver.MockWebServer$3 execute
INFO: MockWebServer[64426] starting to accept connections
Apr 26, 2021 3:42:08 PM okhttp3.mockwebserver.MockWebServer$4 processOneRequest
INFO: MockWebServer[64426] received request: POST /jsonpost HTTP/1.1 and responded: HTTP/1.1 201 OK
Apr 26, 2021 3:42:08 PM okhttp3.mockwebserver.MockWebServer$3 acceptConnections
INFO: MockWebServer[64426] done accepting connections: Socket closed
Apr 26, 2021 3:42:08 PM okhttp3.mockwebserver.MockWebServer$3 execute
INFO: MockWebServer[64428] starting to accept connections
Apr 26, 2021 3:42:08 PM okhttp3.mockwebserver.MockWebServer$4 processOneRequest
INFO: MockWebServer[64428] received request: POST /jsonpost HTTP/1.1 and responded: HTTP/1.1 201 OK
Apr 26, 2021 3:42:08 PM okhttp3.mockwebserver.MockWebServer$3 acceptConnections
INFO: MockWebServer[64428] done accepting connections: Socket closed
Apr 26, 2021 3:42:08 PM okhttp3.mockwebserver.MockWebServer$3 execute
INFO: MockWebServer[64430] starting to accept connections
Apr 26, 2021 3:42:08 PM okhttp3.mockwebserver.MockWebServer$4 processOneRequest
INFO: MockWebServer[64430] received request: POST /jsonpost HTTP/1.1 and responded: HTTP/1.1 201 OK
Apr 26, 2021 3:42:08 PM okhttp3.mockwebserver.MockWebServer$3 acceptConnections
INFO: MockWebServer[64430] done accepting connections: Socket closed
Apr 26, 2021 3:42:08 PM okhttp3.mockwebserver.MockWebServer$3 execute
INFO: MockWebServer[64432] starting to accept connections
Apr 26, 2021 3:42:08 PM okhttp3.mockwebserver.MockWebServer$4 processOneRequest
INFO: MockWebServer[64432] received request: GET /get HTTP/1.1 and responded: HTTP/1.1 200 OK
Apr 26, 2021 3:42:08 PM okhttp3.mockwebserver.MockWebServer$3 acceptConnections
INFO: MockWebServer[64432] done accepting connections: Socket closed
Apr 26, 2021 3:42:08 PM okhttp3.mockwebserver.MockWebServer$3 execute
INFO: MockWebServer[64434] starting to accept connections
Apr 26, 2021 3:42:08 PM okhttp3.mockwebserver.MockWebServer$4 processOneRequest
INFO: MockWebServer[64434] received request: GET /get HTTP/1.1 and responded: HTTP/1.1 200 OK
Apr 26, 2021 3:42:08 PM okhttp3.mockwebserver.MockWebServer$3 acceptConnections
INFO: MockWebServer[64434] done accepting connections: Socket closed
Apr 26, 2021 3:42:08 PM okhttp3.mockwebserver.MockWebServer$3 execute
INFO: MockWebServer[64436] starting to accept connections
Apr 26, 2021 3:42:08 PM okhttp3.mockwebserver.MockWebServer$4 processOneRequest
INFO: MockWebServer[64436] received request: GET /get HTTP/1.1 and responded: HTTP/1.1 200 OK
Apr 26, 2021 3:42:08 PM okhttp3.mockwebserver.MockWebServer$3 acceptConnections
INFO: MockWebServer[64436] done accepting connections: Socket closed
Apr 26, 2021 3:42:08 PM okhttp3.mockwebserver.MockWebServer$3 execute
INFO: MockWebServer[64438] starting to accept connections
Apr 26, 2021 3:42:08 PM okhttp3.mockwebserver.MockWebServer$4 processOneRequest
INFO: MockWebServer[64438] received request: GET /get HTTP/1.1 and responded: HTTP/1.1 200 OK
Apr 26, 2021 3:42:08 PM okhttp3.mockwebserver.MockWebServer$3 acceptConnections
INFO: MockWebServer[64438] done accepting connections: Socket closed
Apr 26, 2021 3:42:08 PM okhttp3.mockwebserver.MockWebServer$3 execute
INFO: MockWebServer[64440] starting to accept connections
Apr 26, 2021 3:42:08 PM okhttp3.mockwebserver.MockWebServer$4 processOneRequest
INFO: MockWebServer[64440] received request: POST /multipartMixed HTTP/1.1 and responded: HTTP/1.1 200 OK
Apr 26, 2021 3:42:08 PM okhttp3.mockwebserver.MockWebServer$3 acceptConnections
INFO: MockWebServer[64440] done accepting connections: Socket closed
Apr 26, 2021 3:42:08 PM okhttp3.mockwebserver.MockWebServer$3 execute
INFO: MockWebServer[64442] starting to accept connections
Apr 26, 2021 3:42:09 PM okhttp3.mockwebserver.MockWebServer$4 processOneRequest
INFO: MockWebServer[64442] received request: POST /multipartMixed HTTP/1.1 and responded: HTTP/1.1 200 OK
Apr 26, 2021 3:42:09 PM okhttp3.mockwebserver.MockWebServer$3 acceptConnections
INFO: MockWebServer[64442] done accepting connections: Socket closed
Apr 26, 2021 3:42:09 PM okhttp3.mockwebserver.MockWebServer$3 execute
INFO: MockWebServer[64444] starting to accept connections
Apr 26, 2021 3:42:09 PM okhttp3.mockwebserver.MockWebServer$4 processOneRequest
INFO: MockWebServer[64444] received request: POST /multipartMixed HTTP/1.1 and responded: HTTP/1.1 200 OK
Apr 26, 2021 3:42:09 PM okhttp3.mockwebserver.MockWebServer$3 acceptConnections
INFO: MockWebServer[64444] done accepting connections: Socket closed
Apr 26, 2021 3:42:09 PM okhttp3.mockwebserver.MockWebServer$3 execute
INFO: MockWebServer[64446] starting to accept connections
Apr 26, 2021 3:42:09 PM okhttp3.mockwebserver.MockWebServer$4 processOneRequest
INFO: MockWebServer[64446] received request: POST /multipartMixed HTTP/1.1 and responded: HTTP/1.1 200 OK
Apr 26, 2021 3:42:09 PM okhttp3.mockwebserver.MockWebServer$3 acceptConnections
INFO: MockWebServer[64446] done accepting connections: Socket closed
Apr 26, 2021 3:42:09 PM okhttp3.mockwebserver.MockWebServer$3 execute
INFO: MockWebServer[64448] starting to accept connections
Apr 26, 2021 3:42:09 PM okhttp3.mockwebserver.MockWebServer$4 processOneRequest
INFO: MockWebServer[64448] received request: GET /get/nocontenttype HTTP/1.1 and responded: HTTP/1.1 200 OK
Apr 26, 2021 3:42:09 PM okhttp3.mockwebserver.MockWebServer$3 acceptConnections
INFO: MockWebServer[64448] done accepting connections: Socket closed
Apr 26, 2021 3:42:09 PM okhttp3.mockwebserver.MockWebServer$3 execute
INFO: MockWebServer[64450] starting to accept connections
Apr 26, 2021 3:42:09 PM okhttp3.mockwebserver.MockWebServer$4 processOneRequest
INFO: MockWebServer[64450] received request: GET /get/nocontenttype HTTP/1.1 and responded: HTTP/1.1 200 OK
Apr 26, 2021 3:42:09 PM okhttp3.mockwebserver.MockWebServer$3 acceptConnections
INFO: MockWebServer[64450] done accepting connections: Socket closed
Apr 26, 2021 3:42:09 PM okhttp3.mockwebserver.MockWebServer$3 execute
INFO: MockWebServer[64452] starting to accept connections
Apr 26, 2021 3:42:09 PM okhttp3.mockwebserver.MockWebServer$4 processOneRequest
INFO: MockWebServer[64452] received request: GET /get/nocontenttype HTTP/1.1 and responded: HTTP/1.1 200 OK
Apr 26, 2021 3:42:09 PM okhttp3.mockwebserver.MockWebServer$3 acceptConnections
INFO: MockWebServer[64452] done accepting connections: Socket closed
Apr 26, 2021 3:42:09 PM okhttp3.mockwebserver.MockWebServer$3 execute
INFO: MockWebServer[64454] starting to accept connections
Apr 26, 2021 3:42:09 PM okhttp3.mockwebserver.MockWebServer$4 processOneRequest
INFO: MockWebServer[64454] received request: GET /get/nocontenttype HTTP/1.1 and responded: HTTP/1.1 200 OK
Apr 26, 2021 3:42:09 PM okhttp3.mockwebserver.MockWebServer$3 acceptConnections
INFO: MockWebServer[64454] done accepting connections: Socket closed
Apr 26, 2021 3:42:09 PM okhttp3.mockwebserver.MockWebServer$3 execute
INFO: MockWebServer[64456] starting to accept connections
Apr 26, 2021 3:42:09 PM okhttp3.mockwebserver.MockWebServer$4 processOneRequest
INFO: MockWebServer[64456] received request: POST /jsonpost HTTP/1.1 and responded: HTTP/1.1 201 OK
Apr 26, 2021 3:42:09 PM okhttp3.mockwebserver.MockWebServer$3 acceptConnections
INFO: MockWebServer[64456] done accepting connections: Socket closed
Apr 26, 2021 3:42:09 PM okhttp3.mockwebserver.MockWebServer$3 execute
INFO: MockWebServer[64458] starting to accept connections
Apr 26, 2021 3:42:09 PM okhttp3.mockwebserver.MockWebServer$4 processOneRequest
INFO: MockWebServer[64458] received request: POST /jsonpost HTTP/1.1 and responded: HTTP/1.1 201 OK
Apr 26, 2021 3:42:09 PM okhttp3.mockwebserver.MockWebServer$3 acceptConnections
INFO: MockWebServer[64458] done accepting connections: Socket closed
Apr 26, 2021 3:42:09 PM okhttp3.mockwebserver.MockWebServer$3 execute
INFO: MockWebServer[64460] starting to accept connections
Apr 26, 2021 3:42:09 PM okhttp3.mockwebserver.MockWebServer$4 processOneRequest
INFO: MockWebServer[64460] received request: POST /jsonpost HTTP/1.1 and responded: HTTP/1.1 201 OK
Apr 26, 2021 3:42:09 PM okhttp3.mockwebserver.MockWebServer$3 acceptConnections
INFO: MockWebServer[64460] done accepting connections: Socket closed
Apr 26, 2021 3:42:09 PM okhttp3.mockwebserver.MockWebServer$3 execute
INFO: MockWebServer[64462] starting to accept connections
Apr 26, 2021 3:42:09 PM okhttp3.mockwebserver.MockWebServer$4 processOneRequest
INFO: MockWebServer[64462] received request: POST /jsonpost HTTP/1.1 and responded: HTTP/1.1 201 OK
Apr 26, 2021 3:42:09 PM okhttp3.mockwebserver.MockWebServer$3 acceptConnections
INFO: MockWebServer[64462] done accepting connections: Socket closed
Apr 26, 2021 3:42:09 PM okhttp3.mockwebserver.MockWebServer$3 execute
INFO: MockWebServer[64464] starting to accept connections
Apr 26, 2021 3:42:09 PM okhttp3.mockwebserver.MockWebServer$4 processOneRequest
INFO: MockWebServer[64464] received request: GET /status/notmodified HTTP/1.1 and responded: HTTP/1.1 304 Redirection
Apr 26, 2021 3:42:09 PM okhttp3.mockwebserver.MockWebServer$4 processOneRequest
INFO: MockWebServer[64464] received request: GET /status/notmodified HTTP/1.1 and responded: HTTP/1.1 304 Redirection
Apr 26, 2021 3:42:09 PM okhttp3.mockwebserver.MockWebServer$3 acceptConnections
INFO: MockWebServer[64464] done accepting connections: Socket closed
Apr 26, 2021 3:42:09 PM okhttp3.mockwebserver.MockWebServer$3 execute
INFO: MockWebServer[64466] starting to accept connections
Apr 26, 2021 3:42:09 PM okhttp3.mockwebserver.MockWebServer$4 processOneRequest
INFO: MockWebServer[64466] received request: GET /status/notmodified HTTP/1.1 and responded: HTTP/1.1 304 Redirection
Apr 26, 2021 3:42:09 PM okhttp3.mockwebserver.MockWebServer$4 processOneRequest
INFO: MockWebServer[64466] received request: GET /status/notmodified HTTP/1.1 and responded: HTTP/1.1 304 Redirection
Apr 26, 2021 3:42:09 PM okhttp3.mockwebserver.MockWebServer$3 acceptConnections
INFO: MockWebServer[64466] done accepting connections: Socket closed
Apr 26, 2021 3:42:09 PM okhttp3.mockwebserver.MockWebServer$3 execute
INFO: MockWebServer[64468] starting to accept connections
Apr 26, 2021 3:42:09 PM okhttp3.mockwebserver.MockWebServer$4 processOneRequest
INFO: MockWebServer[64468] received request: GET /status/notmodified HTTP/1.1 and responded: HTTP/1.1 304 Redirection
Apr 26, 2021 3:42:09 PM okhttp3.mockwebserver.MockWebServer$4 processOneRequest
INFO: MockWebServer[64468] received request: GET /status/notmodified HTTP/1.1 and responded: HTTP/1.1 304 Redirection
Apr 26, 2021 3:42:09 PM okhttp3.mockwebserver.MockWebServer$3 acceptConnections
INFO: MockWebServer[64468] done accepting connections: Socket closed
Apr 26, 2021 3:42:09 PM okhttp3.mockwebserver.MockWebServer$3 execute
INFO: MockWebServer[64471] starting to accept connections
Apr 26, 2021 3:42:09 PM okhttp3.mockwebserver.MockWebServer$4 processOneRequest
INFO: MockWebServer[64471] received request: GET /status/notmodified HTTP/1.1 and responded: HTTP/1.1 304 Redirection
Apr 26, 2021 3:42:09 PM okhttp3.mockwebserver.MockWebServer$4 processOneRequest
INFO: MockWebServer[64471] received request: GET /status/notmodified HTTP/1.1 and responded: HTTP/1.1 304 Redirection
Apr 26, 2021 3:42:09 PM okhttp3.mockwebserver.MockWebServer$3 acceptConnections
INFO: MockWebServer[64471] done accepting connections: Socket closed
Apr 26, 2021 3:42:09 PM okhttp3.mockwebserver.MockWebServer$3 execute
INFO: MockWebServer[64473] starting to accept connections
Apr 26, 2021 3:42:09 PM okhttp3.mockwebserver.MockWebServer$4 processOneRequest
INFO: MockWebServer[64473] received request: GET /status/server HTTP/1.1 and responded: HTTP/1.1 500 Server Error
Apr 26, 2021 3:42:09 PM okhttp3.mockwebserver.MockWebServer$3 acceptConnections
INFO: MockWebServer[64473] done accepting connections: Socket closed
Apr 26, 2021 3:42:09 PM okhttp3.mockwebserver.MockWebServer$3 execute
INFO: MockWebServer[64475] starting to accept connections
Apr 26, 2021 3:42:09 PM okhttp3.mockwebserver.MockWebServer$4 processOneRequest
INFO: MockWebServer[64475] received request: GET /status/server HTTP/1.1 and responded: HTTP/1.1 500 Server Error
Apr 26, 2021 3:42:09 PM okhttp3.mockwebserver.MockWebServer$3 acceptConnections
INFO: MockWebServer[64475] done accepting connections: Socket closed
Apr 26, 2021 3:42:09 PM okhttp3.mockwebserver.MockWebServer$3 execute
INFO: MockWebServer[64477] starting to accept connections
Apr 26, 2021 3:42:09 PM okhttp3.mockwebserver.MockWebServer$4 processOneRequest
INFO: MockWebServer[64477] received request: GET /status/server HTTP/1.1 and responded: HTTP/1.1 500 Server Error
Apr 26, 2021 3:42:09 PM okhttp3.mockwebserver.MockWebServer$3 acceptConnections
INFO: MockWebServer[64477] done accepting connections: Socket closed
Apr 26, 2021 3:42:09 PM okhttp3.mockwebserver.MockWebServer$3 execute
INFO: MockWebServer[64479] starting to accept connections
Apr 26, 2021 3:42:09 PM okhttp3.mockwebserver.MockWebServer$4 processOneRequest
INFO: MockWebServer[64479] received request: GET /status/server HTTP/1.1 and responded: HTTP/1.1 500 Server Error
Apr 26, 2021 3:42:09 PM okhttp3.mockwebserver.MockWebServer$3 acceptConnections
INFO: MockWebServer[64479] done accepting connections: Socket closed
Apr 26, 2021 3:42:09 PM okhttp3.mockwebserver.MockWebServer$3 execute
INFO: MockWebServer[64481] starting to accept connections
Apr 26, 2021 3:42:09 PM okhttp3.mockwebserver.MockWebServer$4 processOneRequest
INFO: MockWebServer[64481] received request: POST /jsonpost HTTP/1.1 and responded: HTTP/1.1 201 OK
Apr 26, 2021 3:42:09 PM okhttp3.mockwebserver.MockWebServer$3 acceptConnections
INFO: MockWebServer[64481] done accepting connections: Socket closed
Apr 26, 2021 3:42:09 PM okhttp3.mockwebserver.MockWebServer$3 execute
INFO: MockWebServer[64483] starting to accept connections
Apr 26, 2021 3:42:09 PM okhttp3.mockwebserver.MockWebServer$4 processOneRequest
INFO: MockWebServer[64483] received request: POST /jsonpost HTTP/1.1 and responded: HTTP/1.1 201 OK
Apr 26, 2021 3:42:09 PM okhttp3.mockwebserver.MockWebServer$3 acceptConnections
INFO: MockWebServer[64483] done accepting connections: Socket closed
Apr 26, 2021 3:42:09 PM okhttp3.mockwebserver.MockWebServer$3 execute
INFO: MockWebServer[64485] starting to accept connections
Apr 26, 2021 3:42:09 PM okhttp3.mockwebserver.MockWebServer$4 processOneRequest
INFO: MockWebServer[64485] received request: POST /jsonpost HTTP/1.1 and responded: HTTP/1.1 201 OK
Apr 26, 2021 3:42:09 PM okhttp3.mockwebserver.MockWebServer$3 acceptConnections
INFO: MockWebServer[64485] done accepting connections: Socket closed
Apr 26, 2021 3:42:09 PM okhttp3.mockwebserver.MockWebServer$3 execute
INFO: MockWebServer[64487] starting to accept connections
Apr 26, 2021 3:42:09 PM okhttp3.mockwebserver.MockWebServer$4 processOneRequest
INFO: MockWebServer[64487] received request: POST /jsonpost HTTP/1.1 and responded: HTTP/1.1 201 OK
Apr 26, 2021 3:42:09 PM okhttp3.mockwebserver.MockWebServer$3 acceptConnections
INFO: MockWebServer[64487] done accepting connections: Socket closed
Apr 26, 2021 3:42:09 PM okhttp3.mockwebserver.MockWebServer$3 execute
INFO: MockWebServer[64489] starting to accept connections
Apr 26, 2021 3:42:09 PM okhttp3.mockwebserver.MockWebServer$4 processOneRequest
INFO: MockWebServer[64489] received request: POST /post HTTP/1.1 and responded: HTTP/1.1 201 OK
Apr 26, 2021 3:42:09 PM okhttp3.mockwebserver.MockWebServer$3 acceptConnections
INFO: MockWebServer[64489] done accepting connections: Socket closed
Apr 26, 2021 3:42:09 PM okhttp3.mockwebserver.MockWebServer$3 execute
INFO: MockWebServer[64491] starting to accept connections
Apr 26, 2021 3:42:09 PM okhttp3.mockwebserver.MockWebServer$4 processOneRequest
INFO: MockWebServer[64491] received request: POST /post HTTP/1.1 and responded: HTTP/1.1 201 OK
Apr 26, 2021 3:42:09 PM okhttp3.mockwebserver.MockWebServer$3 acceptConnections
INFO: MockWebServer[64491] done accepting connections: Socket closed
Apr 26, 2021 3:42:09 PM okhttp3.mockwebserver.MockWebServer$3 execute
INFO: MockWebServer[64493] starting to accept connections
Apr 26, 2021 3:42:09 PM okhttp3.mockwebserver.MockWebServer$4 processOneRequest
INFO: MockWebServer[64493] received request: POST /post HTTP/1.1 and responded: HTTP/1.1 201 OK
Apr 26, 2021 3:42:09 PM okhttp3.mockwebserver.MockWebServer$3 acceptConnections
INFO: MockWebServer[64493] done accepting connections: Socket closed
Apr 26, 2021 3:42:09 PM okhttp3.mockwebserver.MockWebServer$3 execute
INFO: MockWebServer[64495] starting to accept connections
Apr 26, 2021 3:42:09 PM okhttp3.mockwebserver.MockWebServer$4 processOneRequest
INFO: MockWebServer[64495] received request: POST /post HTTP/1.1 and responded: HTTP/1.1 201 OK
Apr 26, 2021 3:42:09 PM okhttp3.mockwebserver.MockWebServer$3 acceptConnections
INFO: MockWebServer[64495] done accepting connections: Socket closed
Apr 26, 2021 3:42:09 PM okhttp3.mockwebserver.MockWebServer$3 execute
INFO: MockWebServer[64497] starting to accept connections
Apr 26, 2021 3:42:09 PM okhttp3.mockwebserver.MockWebServer$4 processOneRequest
INFO: MockWebServer[64497] received request: GET /status/badrequest HTTP/1.1 and responded: HTTP/1.1 400 Client Error
Apr 26, 2021 3:42:09 PM okhttp3.mockwebserver.MockWebServer$3 acceptConnections
INFO: MockWebServer[64497] done accepting connections: Socket closed
Apr 26, 2021 3:42:09 PM okhttp3.mockwebserver.MockWebServer$3 execute
INFO: MockWebServer[64499] starting to accept connections
Apr 26, 2021 3:42:09 PM okhttp3.mockwebserver.MockWebServer$4 processOneRequest
INFO: MockWebServer[64499] received request: GET /status/badrequest HTTP/1.1 and responded: HTTP/1.1 400 Client Error
Apr 26, 2021 3:42:09 PM okhttp3.mockwebserver.MockWebServer$3 acceptConnections
INFO: MockWebServer[64499] done accepting connections: Socket closed
Apr 26, 2021 3:42:09 PM okhttp3.mockwebserver.MockWebServer$3 execute
INFO: MockWebServer[64501] starting to accept connections
Apr 26, 2021 3:42:09 PM okhttp3.mockwebserver.MockWebServer$4 processOneRequest
INFO: MockWebServer[64501] received request: GET /status/badrequest HTTP/1.1 and responded: HTTP/1.1 400 Client Error
Apr 26, 2021 3:42:09 PM okhttp3.mockwebserver.MockWebServer$3 acceptConnections
INFO: MockWebServer[64501] done accepting connections: Socket closed
Apr 26, 2021 3:42:09 PM okhttp3.mockwebserver.MockWebServer$3 execute
INFO: MockWebServer[64503] starting to accept connections
Apr 26, 2021 3:42:09 PM okhttp3.mockwebserver.MockWebServer$4 processOneRequest
INFO: MockWebServer[64503] received request: GET /status/badrequest HTTP/1.1 and responded: HTTP/1.1 400 Client Error
Apr 26, 2021 3:42:09 PM okhttp3.mockwebserver.MockWebServer$3 acceptConnections
INFO: MockWebServer[64503] done accepting connections: Socket closed
Apr 26, 2021 3:42:09 PM okhttp3.mockwebserver.MockWebServer$3 execute
INFO: MockWebServer[64505] starting to accept connections
Apr 26, 2021 3:42:09 PM okhttp3.mockwebserver.MockWebServer$4 processOneRequest
INFO: MockWebServer[64505] received request: POST /post HTTP/1.1 and responded: HTTP/1.1 201 OK
Apr 26, 2021 3:42:09 PM okhttp3.mockwebserver.MockWebServer$3 acceptConnections
INFO: MockWebServer[64505] done accepting connections: Socket closed
Apr 26, 2021 3:42:09 PM okhttp3.mockwebserver.MockWebServer$3 execute
INFO: MockWebServer[64507] starting to accept connections
Apr 26, 2021 3:42:09 PM okhttp3.mockwebserver.MockWebServer$4 processOneRequest
INFO: MockWebServer[64507] received request: POST /post HTTP/1.1 and responded: HTTP/1.1 201 OK
Apr 26, 2021 3:42:09 PM okhttp3.mockwebserver.MockWebServer$3 acceptConnections
INFO: MockWebServer[64507] done accepting connections: Socket closed
Apr 26, 2021 3:42:09 PM okhttp3.mockwebserver.MockWebServer$3 execute
INFO: MockWebServer[64509] starting to accept connections
Apr 26, 2021 3:42:09 PM okhttp3.mockwebserver.MockWebServer$4 processOneRequest
INFO: MockWebServer[64509] received request: POST /post HTTP/1.1 and responded: HTTP/1.1 201 OK
Apr 26, 2021 3:42:09 PM okhttp3.mockwebserver.MockWebServer$3 acceptConnections
INFO: MockWebServer[64509] done accepting connections: Socket closed
Apr 26, 2021 3:42:09 PM okhttp3.mockwebserver.MockWebServer$3 execute
INFO: MockWebServer[64511] starting to accept connections
Apr 26, 2021 3:42:09 PM okhttp3.mockwebserver.MockWebServer$4 processOneRequest
INFO: MockWebServer[64511] received request: POST /post HTTP/1.1 and responded: HTTP/1.1 201 OK
Apr 26, 2021 3:42:09 PM okhttp3.mockwebserver.MockWebServer$3 acceptConnections
INFO: MockWebServer[64511] done accepting connections: Socket closed
Apr 26, 2021 3:42:09 PM okhttp3.mockwebserver.MockWebServer$3 execute
INFO: MockWebServer[64513] starting to accept connections
Apr 26, 2021 3:42:09 PM okhttp3.mockwebserver.MockWebServer$4 processOneRequest
INFO: MockWebServer[64513] received request: POST /post HTTP/1.1 and responded: HTTP/1.1 201 OK
Apr 26, 2021 3:42:09 PM okhttp3.mockwebserver.MockWebServer$3 acceptConnections
INFO: MockWebServer[64513] done accepting connections: Socket closed
Apr 26, 2021 3:42:09 PM okhttp3.mockwebserver.MockWebServer$3 execute
INFO: MockWebServer[64515] starting to accept connections
Apr 26, 2021 3:42:09 PM okhttp3.mockwebserver.MockWebServer$4 processOneRequest
INFO: MockWebServer[64515] received request: POST /post HTTP/1.1 and responded: HTTP/1.1 201 OK
Apr 26, 2021 3:42:09 PM okhttp3.mockwebserver.MockWebServer$3 acceptConnections
INFO: MockWebServer[64515] done accepting connections: Socket closed
Apr 26, 2021 3:42:09 PM okhttp3.mockwebserver.MockWebServer$3 execute
INFO: MockWebServer[64517] starting to accept connections
Apr 26, 2021 3:42:09 PM okhttp3.mockwebserver.MockWebServer$4 processOneRequest
INFO: MockWebServer[64517] received request: POST /post HTTP/1.1 and responded: HTTP/1.1 201 OK
Apr 26, 2021 3:42:09 PM okhttp3.mockwebserver.MockWebServer$3 acceptConnections
INFO: MockWebServer[64517] done accepting connections: Socket closed
Apr 26, 2021 3:42:09 PM okhttp3.mockwebserver.MockWebServer$3 execute
INFO: MockWebServer[64519] starting to accept connections
Apr 26, 2021 3:42:09 PM okhttp3.mockwebserver.MockWebServer$4 processOneRequest
INFO: MockWebServer[64519] received request: POST /post HTTP/1.1 and responded: HTTP/1.1 201 OK
Apr 26, 2021 3:42:09 PM okhttp3.mockwebserver.MockWebServer$3 acceptConnections
INFO: MockWebServer[64519] done accepting connections: Socket closed
Apr 26, 2021 3:42:09 PM okhttp3.mockwebserver.MockWebServer$3 execute
INFO: MockWebServer[64521] starting to accept connections
Apr 26, 2021 3:42:09 PM okhttp3.mockwebserver.MockWebServer$4 processOneRequest
INFO: MockWebServer[64521] received request: GET /uri/Z%C3%BCrich HTTP/1.1 and responded: HTTP/1.1 200 OK
Apr 26, 2021 3:42:09 PM okhttp3.mockwebserver.MockWebServer$4 processOneRequest
INFO: MockWebServer[64521] received request: GET /uri/query=foo@bar HTTP/1.1 and responded: HTTP/1.1 200 OK
Apr 26, 2021 3:42:09 PM okhttp3.mockwebserver.MockWebServer$4 processOneRequest
INFO: MockWebServer[64521] received request: GET /uri/query=T%C5%8Dky%C5%8D HTTP/1.1 and responded: HTTP/1.1 200 OK
Apr 26, 2021 3:42:09 PM okhttp3.mockwebserver.MockWebServer$3 acceptConnections
INFO: MockWebServer[64521] done accepting connections: Socket closed
Apr 26, 2021 3:42:09 PM okhttp3.mockwebserver.MockWebServer$3 execute
INFO: MockWebServer[64523] starting to accept connections
Apr 26, 2021 3:42:09 PM okhttp3.mockwebserver.MockWebServer$4 processOneRequest
INFO: MockWebServer[64523] received request: GET /uri/Z%C3%BCrich HTTP/1.1 and responded: HTTP/1.1 200 OK
Apr 26, 2021 3:42:09 PM okhttp3.mockwebserver.MockWebServer$4 processOneRequest
INFO: MockWebServer[64523] received request: GET /uri/query=foo@bar HTTP/1.1 and responded: HTTP/1.1 200 OK
Apr 26, 2021 3:42:09 PM okhttp3.mockwebserver.MockWebServer$4 processOneRequest
INFO: MockWebServer[64523] received request: GET /uri/query=T%C5%8Dky%C5%8D HTTP/1.1 and responded: HTTP/1.1 200 OK
Apr 26, 2021 3:42:09 PM okhttp3.mockwebserver.MockWebServer$3 acceptConnections
INFO: MockWebServer[64523] done accepting connections: Socket closed
Apr 26, 2021 3:42:09 PM okhttp3.mockwebserver.MockWebServer$3 execute
INFO: MockWebServer[64525] starting to accept connections
Apr 26, 2021 3:42:09 PM okhttp3.mockwebserver.MockWebServer$4 processOneRequest
INFO: MockWebServer[64525] received request: GET /uri/Z%C3%BCrich HTTP/1.1 and responded: HTTP/1.1 200 OK
Apr 26, 2021 3:42:09 PM okhttp3.mockwebserver.MockWebServer$4 processOneRequest
INFO: MockWebServer[64525] received request: GET /uri/query=foo@bar HTTP/1.1 and responded: HTTP/1.1 200 OK
Apr 26, 2021 3:42:09 PM okhttp3.mockwebserver.MockWebServer$4 processOneRequest
INFO: MockWebServer[64525] received request: GET /uri/query=T%C5%8Dky%C5%8D HTTP/1.1 and responded: HTTP/1.1 200 OK
Apr 26, 2021 3:42:09 PM okhttp3.mockwebserver.MockWebServer$3 acceptConnections
INFO: MockWebServer[64525] done accepting connections: Socket closed
Apr 26, 2021 3:42:09 PM okhttp3.mockwebserver.MockWebServer$3 execute
INFO: MockWebServer[64529] starting to accept connections
Apr 26, 2021 3:42:09 PM okhttp3.mockwebserver.MockWebServer$4 processOneRequest
INFO: MockWebServer[64529] received request: GET /uri/Z%C3%BCrich HTTP/1.1 and responded: HTTP/1.1 200 OK
Apr 26, 2021 3:42:09 PM okhttp3.mockwebserver.MockWebServer$4 processOneRequest
INFO: MockWebServer[64529] received request: GET /uri/query=foo@bar HTTP/1.1 and responded: HTTP/1.1 200 OK
Apr 26, 2021 3:42:09 PM okhttp3.mockwebserver.MockWebServer$4 processOneRequest
INFO: MockWebServer[64529] received request: GET /uri/query=T%C5%8Dky%C5%8D HTTP/1.1 and responded: HTTP/1.1 200 OK
Apr 26, 2021 3:42:09 PM okhttp3.mockwebserver.MockWebServer$3 acceptConnections
INFO: MockWebServer[64529] done accepting connections: Socket closed
Apr 26, 2021 3:42:09 PM okhttp3.mockwebserver.MockWebServer$3 execute
INFO: MockWebServer[64531] starting to accept connections
Apr 26, 2021 3:42:09 PM okhttp3.mockwebserver.MockWebServer$4 processOneRequest
INFO: MockWebServer[64531] received request: POST /form HTTP/1.1 and responded: HTTP/1.1 200 OK
Apr 26, 2021 3:42:09 PM okhttp3.mockwebserver.MockWebServer$3 acceptConnections
INFO: MockWebServer[64531] done accepting connections: Socket closed
Apr 26, 2021 3:42:09 PM okhttp3.mockwebserver.MockWebServer$3 execute
INFO: MockWebServer[64533] starting to accept connections
Apr 26, 2021 3:42:09 PM okhttp3.mockwebserver.MockWebServer$4 processOneRequest
INFO: MockWebServer[64533] received request: POST /form HTTP/1.1 and responded: HTTP/1.1 200 OK
Apr 26, 2021 3:42:09 PM okhttp3.mockwebserver.MockWebServer$3 acceptConnections
INFO: MockWebServer[64533] done accepting connections: Socket closed
Apr 26, 2021 3:42:09 PM okhttp3.mockwebserver.MockWebServer$3 execute
INFO: MockWebServer[64535] starting to accept connections
Apr 26, 2021 3:42:09 PM okhttp3.mockwebserver.MockWebServer$4 processOneRequest
INFO: MockWebServer[64535] received request: POST /form HTTP/1.1 and responded: HTTP/1.1 200 OK
Apr 26, 2021 3:42:09 PM okhttp3.mockwebserver.MockWebServer$3 acceptConnections
INFO: MockWebServer[64535] done accepting connections: Socket closed
Apr 26, 2021 3:42:09 PM okhttp3.mockwebserver.MockWebServer$3 execute
INFO: MockWebServer[64537] starting to accept connections
Apr 26, 2021 3:42:09 PM okhttp3.mockwebserver.MockWebServer$4 processOneRequest
INFO: MockWebServer[64537] received request: POST /form HTTP/1.1 and responded: HTTP/1.1 200 OK
Apr 26, 2021 3:42:09 PM okhttp3.mockwebserver.MockWebServer$3 acceptConnections
INFO: MockWebServer[64537] done accepting connections: Socket closed
Apr 26, 2021 3:42:09 PM okhttp3.mockwebserver.MockWebServer$3 execute
INFO: MockWebServer[64539] starting to accept connections
Apr 26, 2021 3:42:09 PM okhttp3.mockwebserver.MockWebServer$4 processOneRequest
INFO: MockWebServer[64539] received request: POST /multipartRelated HTTP/1.1 and responded: HTTP/1.1 200 OK
Apr 26, 2021 3:42:09 PM okhttp3.mockwebserver.MockWebServer$3 acceptConnections
INFO: MockWebServer[64539] done accepting connections: Socket closed
Apr 26, 2021 3:42:09 PM okhttp3.mockwebserver.MockWebServer$3 execute
INFO: MockWebServer[64541] starting to accept connections
Apr 26, 2021 3:42:09 PM okhttp3.mockwebserver.MockWebServer$4 processOneRequest
INFO: MockWebServer[64541] received request: POST /multipartRelated HTTP/1.1 and responded: HTTP/1.1 200 OK
Apr 26, 2021 3:42:09 PM okhttp3.mockwebserver.MockWebServer$3 acceptConnections
INFO: MockWebServer[64541] done accepting connections: Socket closed
Apr 26, 2021 3:42:09 PM okhttp3.mockwebserver.MockWebServer$3 execute
INFO: MockWebServer[64543] starting to accept connections
Apr 26, 2021 3:42:09 PM okhttp3.mockwebserver.MockWebServer$4 processOneRequest
INFO: MockWebServer[64543] received request: POST /multipartRelated HTTP/1.1 and responded: HTTP/1.1 200 OK
Apr 26, 2021 3:42:09 PM okhttp3.mockwebserver.MockWebServer$3 acceptConnections
INFO: MockWebServer[64543] done accepting connections: Socket closed
Apr 26, 2021 3:42:09 PM okhttp3.mockwebserver.MockWebServer$3 execute
INFO: MockWebServer[64545] starting to accept connections
Apr 26, 2021 3:42:09 PM okhttp3.mockwebserver.MockWebServer$4 processOneRequest
INFO: MockWebServer[64545] received request: POST /multipartRelated HTTP/1.1 and responded: HTTP/1.1 200 OK
Apr 26, 2021 3:42:09 PM okhttp3.mockwebserver.MockWebServer$3 acceptConnections
INFO: MockWebServer[64545] done accepting connections: Socket closed
Apr 26, 2021 3:42:09 PM okhttp3.mockwebserver.MockWebServer$3 execute
INFO: MockWebServer[64547] starting to accept connections
Apr 26, 2021 3:42:09 PM okhttp3.mockwebserver.MockWebServer$4 processOneRequest
INFO: MockWebServer[64547] received request: GET /get HTTP/1.1 and responded: HTTP/1.1 200 OK
Apr 26, 2021 3:42:09 PM okhttp3.mockwebserver.MockWebServer$3 acceptConnections
INFO: MockWebServer[64547] done accepting connections: Socket closed
Apr 26, 2021 3:42:09 PM okhttp3.mockwebserver.MockWebServer$3 execute
INFO: MockWebServer[64549] starting to accept connections
Apr 26, 2021 3:42:09 PM okhttp3.mockwebserver.MockWebServer$4 processOneRequest
INFO: MockWebServer[64549] received request: GET /get HTTP/1.1 and responded: HTTP/1.1 200 OK
Apr 26, 2021 3:42:09 PM okhttp3.mockwebserver.MockWebServer$3 acceptConnections
INFO: MockWebServer[64549] done accepting connections: Socket closed
Apr 26, 2021 3:42:09 PM okhttp3.mockwebserver.MockWebServer$3 execute
INFO: MockWebServer[64551] starting to accept connections
Apr 26, 2021 3:42:09 PM okhttp3.mockwebserver.MockWebServer$4 processOneRequest
INFO: MockWebServer[64551] received request: GET /get HTTP/1.1 and responded: HTTP/1.1 200 OK
Apr 26, 2021 3:42:09 PM okhttp3.mockwebserver.MockWebServer$3 acceptConnections
INFO: MockWebServer[64551] done accepting connections: Socket closed
Apr 26, 2021 3:42:09 PM okhttp3.mockwebserver.MockWebServer$3 execute
INFO: MockWebServer[64553] starting to accept connections
Apr 26, 2021 3:42:09 PM okhttp3.mockwebserver.MockWebServer$4 processOneRequest
INFO: MockWebServer[64553] received request: GET /get HTTP/1.1 and responded: HTTP/1.1 200 OK
Apr 26, 2021 3:42:09 PM okhttp3.mockwebserver.MockWebServer$3 acceptConnections
INFO: MockWebServer[64553] done accepting connections: Socket closed
Apr 26, 2021 3:42:09 PM okhttp3.mockwebserver.MockWebServer$3 execute
INFO: MockWebServer[64555] starting to accept connections
Apr 26, 2021 3:42:09 PM okhttp3.mockwebserver.MockWebServer$4 processOneRequest
INFO: MockWebServer[64555] received request: GET /get/nothing HTTP/1.1 and responded: HTTP/1.1 200 OK
Apr 26, 2021 3:42:09 PM okhttp3.mockwebserver.MockWebServer$3 acceptConnections
INFO: MockWebServer[64555] done accepting connections: Socket closed
Apr 26, 2021 3:42:09 PM okhttp3.mockwebserver.MockWebServer$3 execute
INFO: MockWebServer[64557] starting to accept connections
Apr 26, 2021 3:42:09 PM okhttp3.mockwebserver.MockWebServer$4 processOneRequest
INFO: MockWebServer[64557] received request: GET /get/nothing HTTP/1.1 and responded: HTTP/1.1 200 OK
Apr 26, 2021 3:42:09 PM okhttp3.mockwebserver.MockWebServer$3 acceptConnections
INFO: MockWebServer[64557] done accepting connections: Socket closed
Apr 26, 2021 3:42:09 PM okhttp3.mockwebserver.MockWebServer$3 execute
INFO: MockWebServer[64559] starting to accept connections
Apr 26, 2021 3:42:09 PM okhttp3.mockwebserver.MockWebServer$4 processOneRequest
INFO: MockWebServer[64559] received request: GET /get/nothing HTTP/1.1 and responded: HTTP/1.1 200 OK
Apr 26, 2021 3:42:09 PM okhttp3.mockwebserver.MockWebServer$3 acceptConnections
INFO: MockWebServer[64559] done accepting connections: Socket closed
Apr 26, 2021 3:42:09 PM okhttp3.mockwebserver.MockWebServer$3 execute
INFO: MockWebServer[64561] starting to accept connections
Apr 26, 2021 3:42:09 PM okhttp3.mockwebserver.MockWebServer$4 processOneRequest
INFO: MockWebServer[64561] received request: GET /get/nothing HTTP/1.1 and responded: HTTP/1.1 200 OK
Apr 26, 2021 3:42:09 PM okhttp3.mockwebserver.MockWebServer$3 acceptConnections
INFO: MockWebServer[64561] done accepting connections: Socket closed
Apr 26, 2021 3:42:09 PM okhttp3.mockwebserver.MockWebServer$3 execute
INFO: MockWebServer[64563] starting to accept connections
Apr 26, 2021 3:42:09 PM okhttp3.mockwebserver.MockWebServer$3 acceptConnections
INFO: MockWebServer[64563] done accepting connections: Socket closed
Apr 26, 2021 3:42:09 PM okhttp3.mockwebserver.MockWebServer$3 execute
INFO: MockWebServer[64564] starting to accept connections
Apr 26, 2021 3:42:09 PM okhttp3.mockwebserver.MockWebServer$4 processOneRequest
INFO: MockWebServer[64564] received request: PATCH /patch HTTP/1.1 and responded: HTTP/1.1 201 OK
Apr 26, 2021 3:42:09 PM okhttp3.mockwebserver.MockWebServer$3 acceptConnections
INFO: MockWebServer[64564] done accepting connections: Socket closed
Apr 26, 2021 3:42:09 PM okhttp3.mockwebserver.MockWebServer$3 execute
INFO: MockWebServer[64566] starting to accept connections
Apr 26, 2021 3:42:09 PM okhttp3.mockwebserver.MockWebServer$4 processOneRequest
INFO: MockWebServer[64566] received request: PATCH /patch HTTP/1.1 and responded: HTTP/1.1 201 OK
Apr 26, 2021 3:42:09 PM okhttp3.mockwebserver.MockWebServer$3 acceptConnections
INFO: MockWebServer[64566] done accepting connections: Socket closed
Apr 26, 2021 3:42:09 PM okhttp3.mockwebserver.MockWebServer$3 execute
INFO: MockWebServer[64568] starting to accept connections
Apr 26, 2021 3:42:09 PM okhttp3.mockwebserver.MockWebServer$4 processOneRequest
INFO: MockWebServer[64568] received request: PATCH /patch HTTP/1.1 and responded: HTTP/1.1 201 OK
Apr 26, 2021 3:42:09 PM okhttp3.mockwebserver.MockWebServer$3 acceptConnections
INFO: MockWebServer[64568] done accepting connections: Socket closed
Apr 26, 2021 3:42:09 PM okhttp3.mockwebserver.MockWebServer$3 execute
INFO: MockWebServer[64570] starting to accept connections
Apr 26, 2021 3:42:09 PM okhttp3.mockwebserver.MockWebServer$4 processOneRequest
INFO: MockWebServer[64570] received request: GET /get HTTP/1.1 and responded: HTTP/1.1 200 OK
Apr 26, 2021 3:42:09 PM okhttp3.mockwebserver.MockWebServer$3 acceptConnections
INFO: MockWebServer[64570] done accepting connections: Socket closed
Apr 26, 2021 3:42:09 PM okhttp3.mockwebserver.MockWebServer$3 execute
INFO: MockWebServer[64572] starting to accept connections
Apr 26, 2021 3:42:09 PM okhttp3.mockwebserver.MockWebServer$4 processOneRequest
INFO: MockWebServer[64572] received request: GET /get HTTP/1.1 and responded: HTTP/1.1 200 OK
Apr 26, 2021 3:42:09 PM okhttp3.mockwebserver.MockWebServer$3 acceptConnections
INFO: MockWebServer[64572] done accepting connections: Socket closed
Apr 26, 2021 3:42:09 PM okhttp3.mockwebserver.MockWebServer$3 execute
INFO: MockWebServer[64574] starting to accept connections
Apr 26, 2021 3:42:09 PM okhttp3.mockwebserver.MockWebServer$4 processOneRequest
INFO: MockWebServer[64574] received request: GET /get HTTP/1.1 and responded: HTTP/1.1 200 OK
Apr 26, 2021 3:42:09 PM okhttp3.mockwebserver.MockWebServer$3 acceptConnections
INFO: MockWebServer[64574] done accepting connections: Socket closed
Apr 26, 2021 3:42:09 PM okhttp3.mockwebserver.MockWebServer$3 execute
INFO: MockWebServer[64576] starting to accept connections
Apr 26, 2021 3:42:09 PM okhttp3.mockwebserver.MockWebServer$4 processOneRequest
INFO: MockWebServer[64576] received request: GET /get HTTP/1.1 and responded: HTTP/1.1 200 OK
Apr 26, 2021 3:42:09 PM okhttp3.mockwebserver.MockWebServer$3 acceptConnections
INFO: MockWebServer[64576] done accepting connections: Socket closed
Apr 26, 2021 3:42:09 PM okhttp3.mockwebserver.MockWebServer$3 execute
INFO: MockWebServer[64578] starting to accept connections
Apr 26, 2021 3:42:09 PM okhttp3.mockwebserver.MockWebServer$4 processOneRequest
INFO: MockWebServer[64578] received request: OPTIONS /get HTTP/1.1 and responded: HTTP/1.1 200 OK
Apr 26, 2021 3:42:09 PM okhttp3.mockwebserver.MockWebServer$3 acceptConnections
INFO: MockWebServer[64578] done accepting connections: Socket closed
Apr 26, 2021 3:42:09 PM okhttp3.mockwebserver.MockWebServer$3 execute
INFO: MockWebServer[64580] starting to accept connections
Apr 26, 2021 3:42:09 PM okhttp3.mockwebserver.MockWebServer$4 processOneRequest
INFO: MockWebServer[64580] received request: OPTIONS /get HTTP/1.1 and responded: HTTP/1.1 200 OK
Apr 26, 2021 3:42:09 PM okhttp3.mockwebserver.MockWebServer$3 acceptConnections
INFO: MockWebServer[64580] done accepting connections: Socket closed
Apr 26, 2021 3:42:09 PM okhttp3.mockwebserver.MockWebServer$3 execute
INFO: MockWebServer[64582] starting to accept connections
Apr 26, 2021 3:42:09 PM okhttp3.mockwebserver.MockWebServer$4 processOneRequest
INFO: MockWebServer[64582] received request: OPTIONS /get HTTP/1.1 and responded: HTTP/1.1 200 OK
Apr 26, 2021 3:42:09 PM okhttp3.mockwebserver.MockWebServer$3 acceptConnections
INFO: MockWebServer[64582] done accepting connections: Socket closed
Apr 26, 2021 3:42:09 PM okhttp3.mockwebserver.MockWebServer$3 execute
INFO: MockWebServer[64584] starting to accept connections
Apr 26, 2021 3:42:09 PM okhttp3.mockwebserver.MockWebServer$4 processOneRequest
INFO: MockWebServer[64584] received request: OPTIONS /get HTTP/1.1 and responded: HTTP/1.1 200 OK
Apr 26, 2021 3:42:09 PM okhttp3.mockwebserver.MockWebServer$3 acceptConnections
INFO: MockWebServer[64584] done accepting connections: Socket closed
Apr 26, 2021 3:42:09 PM okhttp3.mockwebserver.MockWebServer$3 execute
INFO: MockWebServer[64586] starting to accept connections
Apr 26, 2021 3:42:09 PM okhttp3.mockwebserver.MockWebServer$4 processOneRequest
INFO: MockWebServer[64586] received request: POST /post HTTP/1.1 and responded: HTTP/1.1 201 OK
Apr 26, 2021 3:42:09 PM okhttp3.mockwebserver.MockWebServer$3 acceptConnections
INFO: MockWebServer[64586] done accepting connections: Socket closed
Apr 26, 2021 3:42:09 PM okhttp3.mockwebserver.MockWebServer$3 execute
INFO: MockWebServer[64588] starting to accept connections
Apr 26, 2021 3:42:09 PM okhttp3.mockwebserver.MockWebServer$4 processOneRequest
INFO: MockWebServer[64588] received request: POST /post HTTP/1.1 and responded: HTTP/1.1 201 OK
Apr 26, 2021 3:42:09 PM okhttp3.mockwebserver.MockWebServer$3 acceptConnections
INFO: MockWebServer[64588] done accepting connections: Socket closed
Apr 26, 2021 3:42:09 PM okhttp3.mockwebserver.MockWebServer$3 execute
INFO: MockWebServer[64590] starting to accept connections
Apr 26, 2021 3:42:09 PM okhttp3.mockwebserver.MockWebServer$4 processOneRequest
INFO: MockWebServer[64590] received request: POST /post HTTP/1.1 and responded: HTTP/1.1 201 OK
Apr 26, 2021 3:42:09 PM okhttp3.mockwebserver.MockWebServer$3 acceptConnections
INFO: MockWebServer[64590] done accepting connections: Socket closed
Apr 26, 2021 3:42:09 PM okhttp3.mockwebserver.MockWebServer$3 execute
INFO: MockWebServer[64592] starting to accept connections
Apr 26, 2021 3:42:09 PM okhttp3.mockwebserver.MockWebServer$4 processOneRequest
INFO: MockWebServer[64592] received request: POST /post HTTP/1.1 and responded: HTTP/1.1 201 OK
Apr 26, 2021 3:42:09 PM okhttp3.mockwebserver.MockWebServer$3 acceptConnections
INFO: MockWebServer[64592] done accepting connections: Socket closed
Apr 26, 2021 3:42:09 PM okhttp3.mockwebserver.MockWebServer$3 execute
INFO: MockWebServer[64594] starting to accept connections
Apr 26, 2021 3:42:09 PM okhttp3.mockwebserver.MockWebServer$4 processOneRequest
INFO: MockWebServer[64594] received request: GET /status/nocontent HTTP/1.1 and responded: HTTP/1.1 204 OK
Apr 26, 2021 3:42:09 PM okhttp3.mockwebserver.MockWebServer$4 processOneRequest
INFO: MockWebServer[64594] received request: GET /status/nocontent HTTP/1.1 and responded: HTTP/1.1 204 OK
Apr 26, 2021 3:42:09 PM okhttp3.mockwebserver.MockWebServer$3 acceptConnections
INFO: MockWebServer[64594] done accepting connections: Socket closed
Apr 26, 2021 3:42:09 PM okhttp3.mockwebserver.MockWebServer$3 execute
INFO: MockWebServer[64596] starting to accept connections
Apr 26, 2021 3:42:09 PM okhttp3.mockwebserver.MockWebServer$4 processOneRequest
INFO: MockWebServer[64596] received request: GET /status/nocontent HTTP/1.1 and responded: HTTP/1.1 204 OK
Apr 26, 2021 3:42:09 PM okhttp3.mockwebserver.MockWebServer$4 processOneRequest
INFO: MockWebServer[64596] received request: GET /status/nocontent HTTP/1.1 and responded: HTTP/1.1 204 OK
Apr 26, 2021 3:42:09 PM okhttp3.mockwebserver.MockWebServer$3 acceptConnections
INFO: MockWebServer[64596] done accepting connections: Socket closed
Apr 26, 2021 3:42:09 PM okhttp3.mockwebserver.MockWebServer$3 execute
INFO: MockWebServer[64598] starting to accept connections
Apr 26, 2021 3:42:09 PM okhttp3.mockwebserver.MockWebServer$4 processOneRequest
INFO: MockWebServer[64598] received request: GET /status/nocontent HTTP/1.1 and responded: HTTP/1.1 204 OK
Apr 26, 2021 3:42:09 PM okhttp3.mockwebserver.MockWebServer$4 processOneRequest
INFO: MockWebServer[64598] received request: GET /status/nocontent HTTP/1.1 and responded: HTTP/1.1 204 OK
Apr 26, 2021 3:42:09 PM okhttp3.mockwebserver.MockWebServer$3 acceptConnections
INFO: MockWebServer[64598] done accepting connections: Socket closed
Apr 26, 2021 3:42:09 PM okhttp3.mockwebserver.MockWebServer$3 execute
INFO: MockWebServer[64601] starting to accept connections
Apr 26, 2021 3:42:09 PM okhttp3.mockwebserver.MockWebServer$4 processOneRequest
INFO: MockWebServer[64601] received request: GET /status/nocontent HTTP/1.1 and responded: HTTP/1.1 204 OK
Apr 26, 2021 3:42:09 PM okhttp3.mockwebserver.MockWebServer$4 processOneRequest
INFO: MockWebServer[64601] received request: GET /status/nocontent HTTP/1.1 and responded: HTTP/1.1 204 OK
Apr 26, 2021 3:42:09 PM okhttp3.mockwebserver.MockWebServer$3 acceptConnections
INFO: MockWebServer[64601] done accepting connections: Socket closed
Apr 26, 2021 3:42:09 PM okhttp3.mockwebserver.MockWebServer$3 execute
INFO: MockWebServer[64603] starting to accept connections
Apr 26, 2021 3:42:09 PM okhttp3.mockwebserver.MockWebServer$4 processOneRequest
INFO: MockWebServer[64603] received request: GET /status/notfound HTTP/1.1 and responded: HTTP/1.1 404 Client Error
Apr 26, 2021 3:42:09 PM okhttp3.mockwebserver.MockWebServer$3 acceptConnections
INFO: MockWebServer[64603] done accepting connections: Socket closed
Apr 26, 2021 3:42:09 PM okhttp3.mockwebserver.MockWebServer$3 execute
INFO: MockWebServer[64605] starting to accept connections
Apr 26, 2021 3:42:09 PM okhttp3.mockwebserver.MockWebServer$4 processOneRequest
INFO: MockWebServer[64605] received request: GET /status/notfound HTTP/1.1 and responded: HTTP/1.1 404 Client Error
Apr 26, 2021 3:42:09 PM okhttp3.mockwebserver.MockWebServer$3 acceptConnections
INFO: MockWebServer[64605] done accepting connections: Socket closed
Apr 26, 2021 3:42:09 PM okhttp3.mockwebserver.MockWebServer$3 execute
INFO: MockWebServer[64607] starting to accept connections
Apr 26, 2021 3:42:09 PM okhttp3.mockwebserver.MockWebServer$4 processOneRequest
INFO: MockWebServer[64607] received request: GET /status/notfound HTTP/1.1 and responded: HTTP/1.1 404 Client Error
Apr 26, 2021 3:42:09 PM okhttp3.mockwebserver.MockWebServer$3 acceptConnections
INFO: MockWebServer[64607] done accepting connections: Socket closed
Apr 26, 2021 3:42:09 PM okhttp3.mockwebserver.MockWebServer$3 execute
INFO: MockWebServer[64609] starting to accept connections
Apr 26, 2021 3:42:09 PM okhttp3.mockwebserver.MockWebServer$4 processOneRequest
INFO: MockWebServer[64609] received request: GET /status/notfound HTTP/1.1 and responded: HTTP/1.1 404 Client Error
Apr 26, 2021 3:42:09 PM okhttp3.mockwebserver.MockWebServer$3 acceptConnections
INFO: MockWebServer[64609] done accepting connections: Socket closed
Apr 26, 2021 3:42:09 PM okhttp3.mockwebserver.MockWebServer$3 execute
INFO: MockWebServer[64611] starting to accept connections
Apr 26, 2021 3:42:09 PM okhttp3.mockwebserver.MockWebServer$4 processOneRequest
INFO: MockWebServer[64611] received request: POST /multipartFormData HTTP/1.1 and responded: HTTP/1.1 200 OK
Apr 26, 2021 3:42:09 PM okhttp3.mockwebserver.MockWebServer$3 acceptConnections
INFO: MockWebServer[64611] done accepting connections: Socket closed
Apr 26, 2021 3:42:09 PM okhttp3.mockwebserver.MockWebServer$3 execute
INFO: MockWebServer[64613] starting to accept connections
Apr 26, 2021 3:42:09 PM okhttp3.mockwebserver.MockWebServer$4 processOneRequest
INFO: MockWebServer[64613] received request: POST /multipartFormData HTTP/1.1 and responded: HTTP/1.1 200 OK
Apr 26, 2021 3:42:09 PM okhttp3.mockwebserver.MockWebServer$3 acceptConnections
INFO: MockWebServer[64613] done accepting connections: Socket closed
Apr 26, 2021 3:42:09 PM okhttp3.mockwebserver.MockWebServer$3 execute
INFO: MockWebServer[64615] starting to accept connections
Apr 26, 2021 3:42:09 PM okhttp3.mockwebserver.MockWebServer$4 processOneRequest
INFO: MockWebServer[64615] received request: POST /multipartFormData HTTP/1.1 and responded: HTTP/1.1 200 OK
Apr 26, 2021 3:42:09 PM okhttp3.mockwebserver.MockWebServer$3 acceptConnections
INFO: MockWebServer[64615] done accepting connections: Socket closed
Apr 26, 2021 3:42:09 PM okhttp3.mockwebserver.MockWebServer$3 execute
INFO: MockWebServer[64617] starting to accept connections
Apr 26, 2021 3:42:09 PM okhttp3.mockwebserver.MockWebServer$4 processOneRequest
INFO: MockWebServer[64617] received request: POST /multipartFormData HTTP/1.1 and responded: HTTP/1.1 200 OK
Apr 26, 2021 3:42:09 PM okhttp3.mockwebserver.MockWebServer$3 acceptConnections
INFO: MockWebServer[64617] done accepting connections: Socket closed
Apr 26, 2021 3:42:09 PM okhttp3.mockwebserver.MockWebServer$3 execute
INFO: MockWebServer[64619] starting to accept connections
Apr 26, 2021 3:42:09 PM okhttp3.mockwebserver.MockWebServer$4 processOneRequest
INFO: MockWebServer[64619] received request: POST /jsonpost HTTP/1.1 and responded: HTTP/1.1 201 OK
Apr 26, 2021 3:42:09 PM okhttp3.mockwebserver.MockWebServer$3 acceptConnections
INFO: MockWebServer[64619] done accepting connections: Socket closed
Apr 26, 2021 3:42:09 PM okhttp3.mockwebserver.MockWebServer$3 execute
INFO: MockWebServer[64621] starting to accept connections
Apr 26, 2021 3:42:09 PM okhttp3.mockwebserver.MockWebServer$4 processOneRequest
INFO: MockWebServer[64621] received request: POST /jsonpost HTTP/1.1 and responded: HTTP/1.1 201 OK
Apr 26, 2021 3:42:09 PM okhttp3.mockwebserver.MockWebServer$3 acceptConnections
INFO: MockWebServer[64621] done accepting connections: Socket closed
Apr 26, 2021 3:42:09 PM okhttp3.mockwebserver.MockWebServer$3 execute
INFO: MockWebServer[64623] starting to accept connections
Apr 26, 2021 3:42:09 PM okhttp3.mockwebserver.MockWebServer$4 processOneRequest
INFO: MockWebServer[64623] received request: POST /jsonpost HTTP/1.1 and responded: HTTP/1.1 201 OK
Apr 26, 2021 3:42:09 PM okhttp3.mockwebserver.MockWebServer$3 acceptConnections
INFO: MockWebServer[64623] done accepting connections: Socket closed
Apr 26, 2021 3:42:09 PM okhttp3.mockwebserver.MockWebServer$3 execute
INFO: MockWebServer[64625] starting to accept connections
Apr 26, 2021 3:42:09 PM okhttp3.mockwebserver.MockWebServer$4 processOneRequest
INFO: MockWebServer[64625] received request: POST /jsonpost HTTP/1.1 and responded: HTTP/1.1 201 OK
Apr 26, 2021 3:42:09 PM okhttp3.mockwebserver.MockWebServer$3 acceptConnections
INFO: MockWebServer[64625] done accepting connections: Socket closed
]]></system-err>
</testsuite>
