<?xml version="1.0" encoding="UTF-8"?>
<testsuite name="org.springframework.http.codec.protobuf.ProtobufDecoderTests" tests="9" skipped="0" failures="0" errors="0" timestamp="2021-05-09T12:44:26" hostname="wangweilidembp" time="0.045">
  <properties/>
  <testcase name="decodeToMono()" classname="org.springframework.http.codec.protobuf.ProtobufDecoderTests" time="0.009"/>
  <testcase name="decode()" classname="org.springframework.http.codec.protobuf.ProtobufDecoderTests" time="0.004"/>
  <testcase name="decodeMergedChunks()" classname="org.springframework.http.codec.protobuf.ProtobufDecoderTests" time="0.001"/>
  <testcase name="decodeChunksToMono()" classname="org.springframework.http.codec.protobuf.ProtobufDecoderTests" time="0.003"/>
  <testcase name="canDecode()" classname="org.springframework.http.codec.protobuf.ProtobufDecoderTests" time="0.001"/>
  <testcase name="decodeSplitMessageSize()" classname="org.springframework.http.codec.protobuf.ProtobufDecoderTests" time="0.023"/>
  <testcase name="decodeSplitChunks()" classname="org.springframework.http.codec.protobuf.ProtobufDecoderTests" time="0.003"/>
  <testcase name="extensionRegistryNull()" classname="org.springframework.http.codec.protobuf.ProtobufDecoderTests" time="0.0"/>
  <testcase name="exceedMaxSize()" classname="org.springframework.http.codec.protobuf.ProtobufDecoderTests" time="0.001"/>
  <system-out><![CDATA[]]></system-out>
  <system-err><![CDATA[]]></system-err>
</testsuite>
