<?xml version="1.0" encoding="UTF-8"?>
<testsuite name="org.springframework.web.filter.ForwardedHeaderFilterTests" tests="6" skipped="0" failures="0" errors="0" timestamp="2021-05-09T12:44:20" hostname="wangweilidembp" time="0.002">
  <properties/>
  <testcase name="shouldFilter()" classname="org.springframework.web.filter.ForwardedHeaderFilterTests" time="0.0"/>
  <testcase name="forwardedRequest()" classname="org.springframework.web.filter.ForwardedHeaderFilterTests" time="0.001"/>
  <testcase name="forwardedRequestWithSsl()" classname="org.springframework.web.filter.ForwardedHeaderFilterTests" time="0.0"/>
  <testcase name="shouldNotFilter()" classname="org.springframework.web.filter.ForwardedHeaderFilterTests" time="0.0"/>
  <testcase name="forwardedRequestInRemoveOnlyMode()" classname="org.springframework.web.filter.ForwardedHeaderFilterTests" time="0.001"/>
  <testcase name="forwardedRequestWithServletForward()" classname="org.springframework.web.filter.ForwardedHeaderFilterTests" time="0.0"/>
  <system-out><![CDATA[]]></system-out>
  <system-err><![CDATA[]]></system-err>
</testsuite>
