<?xml version="1.0" encoding="UTF-8"?>
<testsuite name="org.springframework.web.client.RestTemplateIntegrationTests" tests="104" skipped="1" failures="0" errors="0" timestamp="2021-05-09T12:44:20" hostname="wangweilidembp" time="0.929">
  <properties/>
  <testcase name="[1] org.springframework.http.client.SimpleClientHttpRequestFactory@6f4331a5" classname="org.springframework.web.client.RestTemplateIntegrationTests" time="0.024"/>
  <testcase name="[2] org.springframework.http.client.HttpComponentsClientHttpRequestFactory@22f7d91d" classname="org.springframework.web.client.RestTemplateIntegrationTests" time="0.006"/>
  <testcase name="[3] org.springframework.http.client.Netty4ClientHttpRequestFactory@67cb7e15" classname="org.springframework.web.client.RestTemplateIntegrationTests" time="0.034"/>
  <testcase name="[4] org.springframework.http.client.OkHttp3ClientHttpRequestFactory@2d3999d1" classname="org.springframework.web.client.RestTemplateIntegrationTests" time="0.026"/>
  <testcase name="[1] org.springframework.http.client.SimpleClientHttpRequestFactory@70d43b39" classname="org.springframework.web.client.RestTemplateIntegrationTests" time="0.047"/>
  <testcase name="[2] org.springframework.http.client.HttpComponentsClientHttpRequestFactory@42bf189c" classname="org.springframework.web.client.RestTemplateIntegrationTests" time="0.011"/>
  <testcase name="[3] org.springframework.http.client.Netty4ClientHttpRequestFactory@ecf4b68" classname="org.springframework.web.client.RestTemplateIntegrationTests" time="0.012"/>
  <testcase name="[4] org.springframework.http.client.OkHttp3ClientHttpRequestFactory@65d34b0d" classname="org.springframework.web.client.RestTemplateIntegrationTests" time="0.013"/>
  <testcase name="[1] org.springframework.http.client.SimpleClientHttpRequestFactory@4fccb1ea" classname="org.springframework.web.client.RestTemplateIntegrationTests" time="0.006"/>
  <testcase name="[2] org.springframework.http.client.HttpComponentsClientHttpRequestFactory@4bc42f32" classname="org.springframework.web.client.RestTemplateIntegrationTests" time="0.006"/>
  <testcase name="[3] org.springframework.http.client.Netty4ClientHttpRequestFactory@1f1b50da" classname="org.springframework.web.client.RestTemplateIntegrationTests" time="0.007"/>
  <testcase name="[4] org.springframework.http.client.OkHttp3ClientHttpRequestFactory@325cb307" classname="org.springframework.web.client.RestTemplateIntegrationTests" time="0.005"/>
  <testcase name="[1] org.springframework.http.client.SimpleClientHttpRequestFactory@6dc6bb35" classname="org.springframework.web.client.RestTemplateIntegrationTests" time="0.006"/>
  <testcase name="[2] org.springframework.http.client.HttpComponentsClientHttpRequestFactory@3424d175" classname="org.springframework.web.client.RestTemplateIntegrationTests" time="0.006"/>
  <testcase name="[3] org.springframework.http.client.Netty4ClientHttpRequestFactory@78534ca4" classname="org.springframework.web.client.RestTemplateIntegrationTests" time="0.008"/>
  <testcase name="[4] org.springframework.http.client.OkHttp3ClientHttpRequestFactory@7f6fc55b" classname="org.springframework.web.client.RestTemplateIntegrationTests" time="0.007"/>
  <testcase name="[1] org.springframework.http.client.SimpleClientHttpRequestFactory@7ab36f16" classname="org.springframework.web.client.RestTemplateIntegrationTests" time="0.008"/>
  <testcase name="[2] org.springframework.http.client.HttpComponentsClientHttpRequestFactory@16c1dce" classname="org.springframework.web.client.RestTemplateIntegrationTests" time="0.005"/>
  <testcase name="[3] org.springframework.http.client.Netty4ClientHttpRequestFactory@fbd50b7" classname="org.springframework.web.client.RestTemplateIntegrationTests" time="0.007"/>
  <testcase name="[4] org.springframework.http.client.OkHttp3ClientHttpRequestFactory@9e9f6fa" classname="org.springframework.web.client.RestTemplateIntegrationTests" time="0.005"/>
  <testcase name="[1] org.springframework.http.client.SimpleClientHttpRequestFactory@3fa92672" classname="org.springframework.web.client.RestTemplateIntegrationTests" time="0.005"/>
  <testcase name="[2] org.springframework.http.client.HttpComponentsClientHttpRequestFactory@66b0eccb" classname="org.springframework.web.client.RestTemplateIntegrationTests" time="0.005"/>
  <testcase name="[3] org.springframework.http.client.Netty4ClientHttpRequestFactory@2a0cd9f0" classname="org.springframework.web.client.RestTemplateIntegrationTests" time="0.007"/>
  <testcase name="[4] org.springframework.http.client.OkHttp3ClientHttpRequestFactory@714eb739" classname="org.springframework.web.client.RestTemplateIntegrationTests" time="0.007"/>
  <testcase name="[1] org.springframework.http.client.SimpleClientHttpRequestFactory@777d0902" classname="org.springframework.web.client.RestTemplateIntegrationTests" time="0.006"/>
  <testcase name="[2] org.springframework.http.client.HttpComponentsClientHttpRequestFactory@5dc87cb5" classname="org.springframework.web.client.RestTemplateIntegrationTests" time="0.006"/>
  <testcase name="[3] org.springframework.http.client.Netty4ClientHttpRequestFactory@10c7c9a1" classname="org.springframework.web.client.RestTemplateIntegrationTests" time="0.011"/>
  <testcase name="[4] org.springframework.http.client.OkHttp3ClientHttpRequestFactory@4faccf65" classname="org.springframework.web.client.RestTemplateIntegrationTests" time="0.007"/>
  <testcase name="[1] org.springframework.http.client.SimpleClientHttpRequestFactory@7d47a32f" classname="org.springframework.web.client.RestTemplateIntegrationTests" time="0.006"/>
  <testcase name="[2] org.springframework.http.client.HttpComponentsClientHttpRequestFactory@71afdf03" classname="org.springframework.web.client.RestTemplateIntegrationTests" time="0.005"/>
  <testcase name="[3] org.springframework.http.client.Netty4ClientHttpRequestFactory@7efedad6" classname="org.springframework.web.client.RestTemplateIntegrationTests" time="0.006"/>
  <testcase name="[4] org.springframework.http.client.OkHttp3ClientHttpRequestFactory@3c93edab" classname="org.springframework.web.client.RestTemplateIntegrationTests" time="0.005"/>
  <testcase name="[1] org.springframework.http.client.SimpleClientHttpRequestFactory@677797cb" classname="org.springframework.web.client.RestTemplateIntegrationTests" time="0.006"/>
  <testcase name="[2] org.springframework.http.client.HttpComponentsClientHttpRequestFactory@48833a1c" classname="org.springframework.web.client.RestTemplateIntegrationTests" time="0.006"/>
  <testcase name="[3] org.springframework.http.client.Netty4ClientHttpRequestFactory@798a6ca6" classname="org.springframework.web.client.RestTemplateIntegrationTests" time="0.009"/>
  <testcase name="[4] org.springframework.http.client.OkHttp3ClientHttpRequestFactory@1073ef08" classname="org.springframework.web.client.RestTemplateIntegrationTests" time="0.008"/>
  <testcase name="[1] org.springframework.http.client.SimpleClientHttpRequestFactory@41ab40e" classname="org.springframework.web.client.RestTemplateIntegrationTests" time="0.006"/>
  <testcase name="[2] org.springframework.http.client.HttpComponentsClientHttpRequestFactory@3a1e2a94" classname="org.springframework.web.client.RestTemplateIntegrationTests" time="0.006"/>
  <testcase name="[3] org.springframework.http.client.Netty4ClientHttpRequestFactory@d551f5b" classname="org.springframework.web.client.RestTemplateIntegrationTests" time="0.008"/>
  <testcase name="[4] org.springframework.http.client.OkHttp3ClientHttpRequestFactory@32671b19" classname="org.springframework.web.client.RestTemplateIntegrationTests" time="0.039"/>
  <testcase name="[1] org.springframework.http.client.SimpleClientHttpRequestFactory@23c7c169" classname="org.springframework.web.client.RestTemplateIntegrationTests" time="0.005"/>
  <testcase name="[2] org.springframework.http.client.HttpComponentsClientHttpRequestFactory@5e76f74d" classname="org.springframework.web.client.RestTemplateIntegrationTests" time="0.006"/>
  <testcase name="[3] org.springframework.http.client.Netty4ClientHttpRequestFactory@46394d94" classname="org.springframework.web.client.RestTemplateIntegrationTests" time="0.008"/>
  <testcase name="[4] org.springframework.http.client.OkHttp3ClientHttpRequestFactory@75653684" classname="org.springframework.web.client.RestTemplateIntegrationTests" time="0.005"/>
  <testcase name="[1] org.springframework.http.client.SimpleClientHttpRequestFactory@47171089" classname="org.springframework.web.client.RestTemplateIntegrationTests" time="0.005"/>
  <testcase name="[2] org.springframework.http.client.HttpComponentsClientHttpRequestFactory@39f8d63b" classname="org.springframework.web.client.RestTemplateIntegrationTests" time="0.005"/>
  <testcase name="[3] org.springframework.http.client.Netty4ClientHttpRequestFactory@1bcf6519" classname="org.springframework.web.client.RestTemplateIntegrationTests" time="0.007"/>
  <testcase name="[4] org.springframework.http.client.OkHttp3ClientHttpRequestFactory@26610c7c" classname="org.springframework.web.client.RestTemplateIntegrationTests" time="0.005"/>
  <testcase name="[1] org.springframework.http.client.SimpleClientHttpRequestFactory@99f0e64" classname="org.springframework.web.client.RestTemplateIntegrationTests" time="0.004"/>
  <testcase name="[2] org.springframework.http.client.HttpComponentsClientHttpRequestFactory@98d4fe4" classname="org.springframework.web.client.RestTemplateIntegrationTests" time="0.005"/>
  <testcase name="[3] org.springframework.http.client.Netty4ClientHttpRequestFactory@3b32123f" classname="org.springframework.web.client.RestTemplateIntegrationTests" time="0.007"/>
  <testcase name="[4] org.springframework.http.client.OkHttp3ClientHttpRequestFactory@e49d819" classname="org.springframework.web.client.RestTemplateIntegrationTests" time="0.005"/>
  <testcase name="[1] org.springframework.http.client.SimpleClientHttpRequestFactory@5921b165" classname="org.springframework.web.client.RestTemplateIntegrationTests" time="0.007"/>
  <testcase name="[2] org.springframework.http.client.HttpComponentsClientHttpRequestFactory@7da3a81e" classname="org.springframework.web.client.RestTemplateIntegrationTests" time="0.008"/>
  <testcase name="[3] org.springframework.http.client.Netty4ClientHttpRequestFactory@1aaf8308" classname="org.springframework.web.client.RestTemplateIntegrationTests" time="0.015"/>
  <testcase name="[4] org.springframework.http.client.OkHttp3ClientHttpRequestFactory@32318848" classname="org.springframework.web.client.RestTemplateIntegrationTests" time="0.008"/>
  <testcase name="[1] org.springframework.http.client.SimpleClientHttpRequestFactory@709cad8a" classname="org.springframework.web.client.RestTemplateIntegrationTests" time="0.005"/>
  <testcase name="[2] org.springframework.http.client.HttpComponentsClientHttpRequestFactory@29ac1a60" classname="org.springframework.web.client.RestTemplateIntegrationTests" time="0.005"/>
  <testcase name="[3] org.springframework.http.client.Netty4ClientHttpRequestFactory@34eb1ff4" classname="org.springframework.web.client.RestTemplateIntegrationTests" time="0.007"/>
  <testcase name="[4] org.springframework.http.client.OkHttp3ClientHttpRequestFactory@3082b9a4" classname="org.springframework.web.client.RestTemplateIntegrationTests" time="0.005"/>
  <testcase name="[1] org.springframework.http.client.SimpleClientHttpRequestFactory@4d21a052" classname="org.springframework.web.client.RestTemplateIntegrationTests" time="0.006"/>
  <testcase name="[2] org.springframework.http.client.HttpComponentsClientHttpRequestFactory@2d99d499" classname="org.springframework.web.client.RestTemplateIntegrationTests" time="0.005"/>
  <testcase name="[3] org.springframework.http.client.Netty4ClientHttpRequestFactory@345eff59" classname="org.springframework.web.client.RestTemplateIntegrationTests" time="0.007"/>
  <testcase name="[4] org.springframework.http.client.OkHttp3ClientHttpRequestFactory@4e800800" classname="org.springframework.web.client.RestTemplateIntegrationTests" time="0.006"/>
  <testcase name="[1] org.springframework.http.client.SimpleClientHttpRequestFactory@30b325c1" classname="org.springframework.web.client.RestTemplateIntegrationTests" time="0.005"/>
  <testcase name="[2] org.springframework.http.client.HttpComponentsClientHttpRequestFactory@39d2b2f2" classname="org.springframework.web.client.RestTemplateIntegrationTests" time="0.005"/>
  <testcase name="[3] org.springframework.http.client.Netty4ClientHttpRequestFactory@19ad0629" classname="org.springframework.web.client.RestTemplateIntegrationTests" time="0.008"/>
  <testcase name="[4] org.springframework.http.client.OkHttp3ClientHttpRequestFactory@527930e" classname="org.springframework.web.client.RestTemplateIntegrationTests" time="0.006"/>
  <testcase name="[1] org.springframework.http.client.SimpleClientHttpRequestFactory@597df9af" classname="org.springframework.web.client.RestTemplateIntegrationTests" time="0.004"/>
  <testcase name="[2] org.springframework.http.client.HttpComponentsClientHttpRequestFactory@1e8aa02a" classname="org.springframework.web.client.RestTemplateIntegrationTests" time="0.005"/>
  <testcase name="[3] org.springframework.http.client.Netty4ClientHttpRequestFactory@21f873f2" classname="org.springframework.web.client.RestTemplateIntegrationTests" time="0.006"/>
  <testcase name="[4] org.springframework.http.client.OkHttp3ClientHttpRequestFactory@319c6db" classname="org.springframework.web.client.RestTemplateIntegrationTests" time="0.005"/>
  <testcase name="[1] org.springframework.http.client.SimpleClientHttpRequestFactory@31756076" classname="org.springframework.web.client.RestTemplateIntegrationTests" time="0.002">
    <skipped/>
  </testcase>
  <testcase name="[2] org.springframework.http.client.HttpComponentsClientHttpRequestFactory@27abf81f" classname="org.springframework.web.client.RestTemplateIntegrationTests" time="0.005"/>
  <testcase name="[3] org.springframework.http.client.Netty4ClientHttpRequestFactory@34b57d1" classname="org.springframework.web.client.RestTemplateIntegrationTests" time="0.008"/>
  <testcase name="[4] org.springframework.http.client.OkHttp3ClientHttpRequestFactory@234397e5" classname="org.springframework.web.client.RestTemplateIntegrationTests" time="0.005"/>
  <testcase name="[1] org.springframework.http.client.SimpleClientHttpRequestFactory@56fe424c" classname="org.springframework.web.client.RestTemplateIntegrationTests" time="0.005"/>
  <testcase name="[2] org.springframework.http.client.HttpComponentsClientHttpRequestFactory@261b888c" classname="org.springframework.web.client.RestTemplateIntegrationTests" time="0.006"/>
  <testcase name="[3] org.springframework.http.client.Netty4ClientHttpRequestFactory@22ff0600" classname="org.springframework.web.client.RestTemplateIntegrationTests" time="0.006"/>
  <testcase name="[4] org.springframework.http.client.OkHttp3ClientHttpRequestFactory@5113e90d" classname="org.springframework.web.client.RestTemplateIntegrationTests" time="0.006"/>
  <testcase name="[1] org.springframework.http.client.SimpleClientHttpRequestFactory@3551c9d2" classname="org.springframework.web.client.RestTemplateIntegrationTests" time="0.005"/>
  <testcase name="[2] org.springframework.http.client.HttpComponentsClientHttpRequestFactory@254edac4" classname="org.springframework.web.client.RestTemplateIntegrationTests" time="0.005"/>
  <testcase name="[3] org.springframework.http.client.Netty4ClientHttpRequestFactory@45aa25b1" classname="org.springframework.web.client.RestTemplateIntegrationTests" time="0.006"/>
  <testcase name="[4] org.springframework.http.client.OkHttp3ClientHttpRequestFactory@5a3a8a99" classname="org.springframework.web.client.RestTemplateIntegrationTests" time="0.005"/>
  <testcase name="[1] org.springframework.http.client.SimpleClientHttpRequestFactory@15293c28" classname="org.springframework.web.client.RestTemplateIntegrationTests" time="0.006"/>
  <testcase name="[2] org.springframework.http.client.HttpComponentsClientHttpRequestFactory@73f8e37c" classname="org.springframework.web.client.RestTemplateIntegrationTests" time="0.006"/>
  <testcase name="[3] org.springframework.http.client.Netty4ClientHttpRequestFactory@ea4bb28" classname="org.springframework.web.client.RestTemplateIntegrationTests" time="0.008"/>
  <testcase name="[4] org.springframework.http.client.OkHttp3ClientHttpRequestFactory@2ab7571e" classname="org.springframework.web.client.RestTemplateIntegrationTests" time="0.012"/>
  <testcase name="[1] org.springframework.http.client.SimpleClientHttpRequestFactory@d78fcd8" classname="org.springframework.web.client.RestTemplateIntegrationTests" time="0.006"/>
  <testcase name="[2] org.springframework.http.client.HttpComponentsClientHttpRequestFactory@7e145e5e" classname="org.springframework.web.client.RestTemplateIntegrationTests" time="0.007"/>
  <testcase name="[3] org.springframework.http.client.Netty4ClientHttpRequestFactory@30932bfc" classname="org.springframework.web.client.RestTemplateIntegrationTests" time="0.012"/>
  <testcase name="[4] org.springframework.http.client.OkHttp3ClientHttpRequestFactory@259fbe5d" classname="org.springframework.web.client.RestTemplateIntegrationTests" time="0.01"/>
  <testcase name="[1] org.springframework.http.client.SimpleClientHttpRequestFactory@672ad0c7" classname="org.springframework.web.client.RestTemplateIntegrationTests" time="0.007"/>
  <testcase name="[2] org.springframework.http.client.HttpComponentsClientHttpRequestFactory@65abebcc" classname="org.springframework.web.client.RestTemplateIntegrationTests" time="0.006"/>
  <testcase name="[3] org.springframework.http.client.Netty4ClientHttpRequestFactory@7c2814c7" classname="org.springframework.web.client.RestTemplateIntegrationTests" time="0.007"/>
  <testcase name="[4] org.springframework.http.client.OkHttp3ClientHttpRequestFactory@7c535638" classname="org.springframework.web.client.RestTemplateIntegrationTests" time="0.005"/>
  <testcase name="[1] org.springframework.http.client.SimpleClientHttpRequestFactory@539daf19" classname="org.springframework.web.client.RestTemplateIntegrationTests" time="0.006"/>
  <testcase name="[2] org.springframework.http.client.HttpComponentsClientHttpRequestFactory@f1afb75" classname="org.springframework.web.client.RestTemplateIntegrationTests" time="0.005"/>
  <testcase name="[3] org.springframework.http.client.Netty4ClientHttpRequestFactory@68c76764" classname="org.springframework.web.client.RestTemplateIntegrationTests" time="0.009"/>
  <testcase name="[4] org.springframework.http.client.OkHttp3ClientHttpRequestFactory@62d78318" classname="org.springframework.web.client.RestTemplateIntegrationTests" time="0.007"/>
  <testcase name="[1] org.springframework.http.client.SimpleClientHttpRequestFactory@9c1e1d0" classname="org.springframework.web.client.RestTemplateIntegrationTests" time="0.024"/>
  <testcase name="[2] org.springframework.http.client.HttpComponentsClientHttpRequestFactory@17061779" classname="org.springframework.web.client.RestTemplateIntegrationTests" time="0.006"/>
  <testcase name="[3] org.springframework.http.client.Netty4ClientHttpRequestFactory@6c65791f" classname="org.springframework.web.client.RestTemplateIntegrationTests" time="0.009"/>
  <testcase name="[4] org.springframework.http.client.OkHttp3ClientHttpRequestFactory@46b2545d" classname="org.springframework.web.client.RestTemplateIntegrationTests" time="0.006"/>
  <system-out><![CDATA[]]></system-out>
  <system-err><![CDATA[May 09, 2021 8:44:20 PM okhttp3.mockwebserver.MockWebServer$3 execute
INFO: MockWebServer[65231] starting to accept connections
May 09, 2021 8:44:20 PM okhttp3.mockwebserver.MockWebServer$4 processOneRequest
INFO: MockWebServer[65231] received request: GET /get HTTP/1.1 and responded: HTTP/1.1 200 OK
May 09, 2021 8:44:20 PM okhttp3.mockwebserver.MockWebServer$3 acceptConnections
INFO: MockWebServer[65231] done accepting connections: Socket closed
May 09, 2021 8:44:20 PM okhttp3.mockwebserver.MockWebServer$3 execute
INFO: MockWebServer[65233] starting to accept connections
May 09, 2021 8:44:20 PM okhttp3.mockwebserver.MockWebServer$4 processOneRequest
INFO: MockWebServer[65233] received request: GET /get HTTP/1.1 and responded: HTTP/1.1 200 OK
May 09, 2021 8:44:20 PM okhttp3.mockwebserver.MockWebServer$3 acceptConnections
INFO: MockWebServer[65233] done accepting connections: Socket closed
May 09, 2021 8:44:20 PM okhttp3.mockwebserver.MockWebServer$3 execute
INFO: MockWebServer[65236] starting to accept connections
May 09, 2021 8:44:20 PM okhttp3.mockwebserver.MockWebServer$4 processOneRequest
INFO: MockWebServer[65236] received request: GET /get HTTP/1.1 and responded: HTTP/1.1 200 OK
May 09, 2021 8:44:20 PM okhttp3.mockwebserver.MockWebServer$3 acceptConnections
INFO: MockWebServer[65236] done accepting connections: Socket closed
May 09, 2021 8:44:20 PM okhttp3.mockwebserver.MockWebServer$3 execute
INFO: MockWebServer[65238] starting to accept connections
May 09, 2021 8:44:20 PM okhttp3.mockwebserver.MockWebServer$4 processOneRequest
INFO: MockWebServer[65238] received request: GET /get HTTP/1.1 and responded: HTTP/1.1 200 OK
May 09, 2021 8:44:20 PM okhttp3.mockwebserver.MockWebServer$3 acceptConnections
INFO: MockWebServer[65238] done accepting connections: Socket closed
May 09, 2021 8:44:20 PM okhttp3.mockwebserver.MockWebServer$3 execute
INFO: MockWebServer[65242] starting to accept connections
May 09, 2021 8:44:21 PM okhttp3.mockwebserver.MockWebServer$4 processOneRequest
INFO: MockWebServer[65242] received request: POST /jsonpost HTTP/1.1 and responded: HTTP/1.1 201 OK
May 09, 2021 8:44:21 PM okhttp3.mockwebserver.MockWebServer$3 acceptConnections
INFO: MockWebServer[65242] done accepting connections: Socket closed
May 09, 2021 8:44:21 PM okhttp3.mockwebserver.MockWebServer$3 execute
INFO: MockWebServer[65244] starting to accept connections
May 09, 2021 8:44:21 PM okhttp3.mockwebserver.MockWebServer$4 processOneRequest
INFO: MockWebServer[65244] received request: POST /jsonpost HTTP/1.1 and responded: HTTP/1.1 201 OK
May 09, 2021 8:44:21 PM okhttp3.mockwebserver.MockWebServer$3 acceptConnections
INFO: MockWebServer[65244] done accepting connections: Socket closed
May 09, 2021 8:44:21 PM okhttp3.mockwebserver.MockWebServer$3 execute
INFO: MockWebServer[65246] starting to accept connections
May 09, 2021 8:44:21 PM okhttp3.mockwebserver.MockWebServer$4 processOneRequest
INFO: MockWebServer[65246] received request: POST /jsonpost HTTP/1.1 and responded: HTTP/1.1 201 OK
May 09, 2021 8:44:21 PM okhttp3.mockwebserver.MockWebServer$3 acceptConnections
INFO: MockWebServer[65246] done accepting connections: Socket closed
May 09, 2021 8:44:21 PM okhttp3.mockwebserver.MockWebServer$3 execute
INFO: MockWebServer[65248] starting to accept connections
May 09, 2021 8:44:21 PM okhttp3.mockwebserver.MockWebServer$4 processOneRequest
INFO: MockWebServer[65248] received request: POST /jsonpost HTTP/1.1 and responded: HTTP/1.1 201 OK
May 09, 2021 8:44:21 PM okhttp3.mockwebserver.MockWebServer$3 acceptConnections
INFO: MockWebServer[65248] done accepting connections: Socket closed
May 09, 2021 8:44:21 PM okhttp3.mockwebserver.MockWebServer$3 execute
INFO: MockWebServer[65250] starting to accept connections
May 09, 2021 8:44:21 PM okhttp3.mockwebserver.MockWebServer$4 processOneRequest
INFO: MockWebServer[65250] received request: GET /get HTTP/1.1 and responded: HTTP/1.1 200 OK
May 09, 2021 8:44:21 PM okhttp3.mockwebserver.MockWebServer$3 acceptConnections
INFO: MockWebServer[65250] done accepting connections: Socket closed
May 09, 2021 8:44:21 PM okhttp3.mockwebserver.MockWebServer$3 execute
INFO: MockWebServer[65252] starting to accept connections
May 09, 2021 8:44:21 PM okhttp3.mockwebserver.MockWebServer$4 processOneRequest
INFO: MockWebServer[65252] received request: GET /get HTTP/1.1 and responded: HTTP/1.1 200 OK
May 09, 2021 8:44:21 PM okhttp3.mockwebserver.MockWebServer$3 acceptConnections
INFO: MockWebServer[65252] done accepting connections: Socket closed
May 09, 2021 8:44:21 PM okhttp3.mockwebserver.MockWebServer$3 execute
INFO: MockWebServer[65254] starting to accept connections
May 09, 2021 8:44:21 PM okhttp3.mockwebserver.MockWebServer$4 processOneRequest
INFO: MockWebServer[65254] received request: GET /get HTTP/1.1 and responded: HTTP/1.1 200 OK
May 09, 2021 8:44:21 PM okhttp3.mockwebserver.MockWebServer$3 acceptConnections
INFO: MockWebServer[65254] done accepting connections: Socket closed
May 09, 2021 8:44:21 PM okhttp3.mockwebserver.MockWebServer$3 execute
INFO: MockWebServer[65256] starting to accept connections
May 09, 2021 8:44:21 PM okhttp3.mockwebserver.MockWebServer$4 processOneRequest
INFO: MockWebServer[65256] received request: GET /get HTTP/1.1 and responded: HTTP/1.1 200 OK
May 09, 2021 8:44:21 PM okhttp3.mockwebserver.MockWebServer$3 acceptConnections
INFO: MockWebServer[65256] done accepting connections: Socket closed
May 09, 2021 8:44:21 PM okhttp3.mockwebserver.MockWebServer$3 execute
INFO: MockWebServer[65258] starting to accept connections
May 09, 2021 8:44:21 PM okhttp3.mockwebserver.MockWebServer$4 processOneRequest
INFO: MockWebServer[65258] received request: POST /multipartMixed HTTP/1.1 and responded: HTTP/1.1 200 OK
May 09, 2021 8:44:21 PM okhttp3.mockwebserver.MockWebServer$3 acceptConnections
INFO: MockWebServer[65258] done accepting connections: Socket closed
May 09, 2021 8:44:21 PM okhttp3.mockwebserver.MockWebServer$3 execute
INFO: MockWebServer[65260] starting to accept connections
May 09, 2021 8:44:21 PM okhttp3.mockwebserver.MockWebServer$4 processOneRequest
INFO: MockWebServer[65260] received request: POST /multipartMixed HTTP/1.1 and responded: HTTP/1.1 200 OK
May 09, 2021 8:44:21 PM okhttp3.mockwebserver.MockWebServer$3 acceptConnections
INFO: MockWebServer[65260] done accepting connections: Socket closed
May 09, 2021 8:44:21 PM okhttp3.mockwebserver.MockWebServer$3 execute
INFO: MockWebServer[65262] starting to accept connections
May 09, 2021 8:44:21 PM okhttp3.mockwebserver.MockWebServer$4 processOneRequest
INFO: MockWebServer[65262] received request: POST /multipartMixed HTTP/1.1 and responded: HTTP/1.1 200 OK
May 09, 2021 8:44:21 PM okhttp3.mockwebserver.MockWebServer$3 acceptConnections
INFO: MockWebServer[65262] done accepting connections: Socket closed
May 09, 2021 8:44:21 PM okhttp3.mockwebserver.MockWebServer$3 execute
INFO: MockWebServer[65264] starting to accept connections
May 09, 2021 8:44:21 PM okhttp3.mockwebserver.MockWebServer$4 processOneRequest
INFO: MockWebServer[65264] received request: POST /multipartMixed HTTP/1.1 and responded: HTTP/1.1 200 OK
May 09, 2021 8:44:21 PM okhttp3.mockwebserver.MockWebServer$3 acceptConnections
INFO: MockWebServer[65264] done accepting connections: Socket closed
May 09, 2021 8:44:21 PM okhttp3.mockwebserver.MockWebServer$3 execute
INFO: MockWebServer[65266] starting to accept connections
May 09, 2021 8:44:21 PM okhttp3.mockwebserver.MockWebServer$4 processOneRequest
INFO: MockWebServer[65266] received request: GET /get/nocontenttype HTTP/1.1 and responded: HTTP/1.1 200 OK
May 09, 2021 8:44:21 PM okhttp3.mockwebserver.MockWebServer$3 acceptConnections
INFO: MockWebServer[65266] done accepting connections: Socket closed
May 09, 2021 8:44:21 PM okhttp3.mockwebserver.MockWebServer$3 execute
INFO: MockWebServer[65268] starting to accept connections
May 09, 2021 8:44:21 PM okhttp3.mockwebserver.MockWebServer$4 processOneRequest
INFO: MockWebServer[65268] received request: GET /get/nocontenttype HTTP/1.1 and responded: HTTP/1.1 200 OK
May 09, 2021 8:44:21 PM okhttp3.mockwebserver.MockWebServer$3 acceptConnections
INFO: MockWebServer[65268] done accepting connections: Socket closed
May 09, 2021 8:44:21 PM okhttp3.mockwebserver.MockWebServer$3 execute
INFO: MockWebServer[65270] starting to accept connections
May 09, 2021 8:44:21 PM okhttp3.mockwebserver.MockWebServer$4 processOneRequest
INFO: MockWebServer[65270] received request: GET /get/nocontenttype HTTP/1.1 and responded: HTTP/1.1 200 OK
May 09, 2021 8:44:21 PM okhttp3.mockwebserver.MockWebServer$3 acceptConnections
INFO: MockWebServer[65270] done accepting connections: Socket closed
May 09, 2021 8:44:21 PM okhttp3.mockwebserver.MockWebServer$3 execute
INFO: MockWebServer[65272] starting to accept connections
May 09, 2021 8:44:21 PM okhttp3.mockwebserver.MockWebServer$4 processOneRequest
INFO: MockWebServer[65272] received request: GET /get/nocontenttype HTTP/1.1 and responded: HTTP/1.1 200 OK
May 09, 2021 8:44:21 PM okhttp3.mockwebserver.MockWebServer$3 acceptConnections
INFO: MockWebServer[65272] done accepting connections: Socket closed
May 09, 2021 8:44:21 PM okhttp3.mockwebserver.MockWebServer$3 execute
INFO: MockWebServer[65274] starting to accept connections
May 09, 2021 8:44:21 PM okhttp3.mockwebserver.MockWebServer$4 processOneRequest
INFO: MockWebServer[65274] received request: POST /jsonpost HTTP/1.1 and responded: HTTP/1.1 201 OK
May 09, 2021 8:44:21 PM okhttp3.mockwebserver.MockWebServer$3 acceptConnections
INFO: MockWebServer[65274] done accepting connections: Socket closed
May 09, 2021 8:44:21 PM okhttp3.mockwebserver.MockWebServer$3 execute
INFO: MockWebServer[65276] starting to accept connections
May 09, 2021 8:44:21 PM okhttp3.mockwebserver.MockWebServer$4 processOneRequest
INFO: MockWebServer[65276] received request: POST /jsonpost HTTP/1.1 and responded: HTTP/1.1 201 OK
May 09, 2021 8:44:21 PM okhttp3.mockwebserver.MockWebServer$3 acceptConnections
INFO: MockWebServer[65276] done accepting connections: Socket closed
May 09, 2021 8:44:21 PM okhttp3.mockwebserver.MockWebServer$3 execute
INFO: MockWebServer[65278] starting to accept connections
May 09, 2021 8:44:21 PM okhttp3.mockwebserver.MockWebServer$4 processOneRequest
INFO: MockWebServer[65278] received request: POST /jsonpost HTTP/1.1 and responded: HTTP/1.1 201 OK
May 09, 2021 8:44:21 PM okhttp3.mockwebserver.MockWebServer$3 acceptConnections
INFO: MockWebServer[65278] done accepting connections: Socket closed
May 09, 2021 8:44:21 PM okhttp3.mockwebserver.MockWebServer$3 execute
INFO: MockWebServer[65280] starting to accept connections
May 09, 2021 8:44:21 PM okhttp3.mockwebserver.MockWebServer$4 processOneRequest
INFO: MockWebServer[65280] received request: POST /jsonpost HTTP/1.1 and responded: HTTP/1.1 201 OK
May 09, 2021 8:44:21 PM okhttp3.mockwebserver.MockWebServer$3 acceptConnections
INFO: MockWebServer[65280] done accepting connections: Socket closed
May 09, 2021 8:44:21 PM okhttp3.mockwebserver.MockWebServer$3 execute
INFO: MockWebServer[65282] starting to accept connections
May 09, 2021 8:44:21 PM okhttp3.mockwebserver.MockWebServer$4 processOneRequest
INFO: MockWebServer[65282] received request: GET /status/notmodified HTTP/1.1 and responded: HTTP/1.1 304 Redirection
May 09, 2021 8:44:21 PM okhttp3.mockwebserver.MockWebServer$4 processOneRequest
INFO: MockWebServer[65282] received request: GET /status/notmodified HTTP/1.1 and responded: HTTP/1.1 304 Redirection
May 09, 2021 8:44:21 PM okhttp3.mockwebserver.MockWebServer$3 acceptConnections
INFO: MockWebServer[65282] done accepting connections: Socket closed
May 09, 2021 8:44:21 PM okhttp3.mockwebserver.MockWebServer$3 execute
INFO: MockWebServer[65284] starting to accept connections
May 09, 2021 8:44:21 PM okhttp3.mockwebserver.MockWebServer$4 processOneRequest
INFO: MockWebServer[65284] received request: GET /status/notmodified HTTP/1.1 and responded: HTTP/1.1 304 Redirection
May 09, 2021 8:44:21 PM okhttp3.mockwebserver.MockWebServer$4 processOneRequest
INFO: MockWebServer[65284] received request: GET /status/notmodified HTTP/1.1 and responded: HTTP/1.1 304 Redirection
May 09, 2021 8:44:21 PM okhttp3.mockwebserver.MockWebServer$3 acceptConnections
INFO: MockWebServer[65284] done accepting connections: Socket closed
May 09, 2021 8:44:21 PM okhttp3.mockwebserver.MockWebServer$3 execute
INFO: MockWebServer[65286] starting to accept connections
May 09, 2021 8:44:21 PM okhttp3.mockwebserver.MockWebServer$4 processOneRequest
INFO: MockWebServer[65286] received request: GET /status/notmodified HTTP/1.1 and responded: HTTP/1.1 304 Redirection
May 09, 2021 8:44:21 PM okhttp3.mockwebserver.MockWebServer$4 processOneRequest
INFO: MockWebServer[65286] received request: GET /status/notmodified HTTP/1.1 and responded: HTTP/1.1 304 Redirection
May 09, 2021 8:44:21 PM okhttp3.mockwebserver.MockWebServer$3 acceptConnections
INFO: MockWebServer[65286] done accepting connections: Socket closed
May 09, 2021 8:44:21 PM okhttp3.mockwebserver.MockWebServer$3 execute
INFO: MockWebServer[65289] starting to accept connections
May 09, 2021 8:44:21 PM okhttp3.mockwebserver.MockWebServer$4 processOneRequest
INFO: MockWebServer[65289] received request: GET /status/notmodified HTTP/1.1 and responded: HTTP/1.1 304 Redirection
May 09, 2021 8:44:21 PM okhttp3.mockwebserver.MockWebServer$4 processOneRequest
INFO: MockWebServer[65289] received request: GET /status/notmodified HTTP/1.1 and responded: HTTP/1.1 304 Redirection
May 09, 2021 8:44:21 PM okhttp3.mockwebserver.MockWebServer$3 acceptConnections
INFO: MockWebServer[65289] done accepting connections: Socket closed
May 09, 2021 8:44:21 PM okhttp3.mockwebserver.MockWebServer$3 execute
INFO: MockWebServer[65291] starting to accept connections
May 09, 2021 8:44:21 PM okhttp3.mockwebserver.MockWebServer$4 processOneRequest
INFO: MockWebServer[65291] received request: GET /status/server HTTP/1.1 and responded: HTTP/1.1 500 Server Error
May 09, 2021 8:44:21 PM okhttp3.mockwebserver.MockWebServer$3 acceptConnections
INFO: MockWebServer[65291] done accepting connections: Socket closed
May 09, 2021 8:44:21 PM okhttp3.mockwebserver.MockWebServer$3 execute
INFO: MockWebServer[65293] starting to accept connections
May 09, 2021 8:44:21 PM okhttp3.mockwebserver.MockWebServer$4 processOneRequest
INFO: MockWebServer[65293] received request: GET /status/server HTTP/1.1 and responded: HTTP/1.1 500 Server Error
May 09, 2021 8:44:21 PM okhttp3.mockwebserver.MockWebServer$3 acceptConnections
INFO: MockWebServer[65293] done accepting connections: Socket closed
May 09, 2021 8:44:21 PM okhttp3.mockwebserver.MockWebServer$3 execute
INFO: MockWebServer[65295] starting to accept connections
May 09, 2021 8:44:21 PM okhttp3.mockwebserver.MockWebServer$4 processOneRequest
INFO: MockWebServer[65295] received request: GET /status/server HTTP/1.1 and responded: HTTP/1.1 500 Server Error
May 09, 2021 8:44:21 PM okhttp3.mockwebserver.MockWebServer$3 acceptConnections
INFO: MockWebServer[65295] done accepting connections: Socket closed
May 09, 2021 8:44:21 PM okhttp3.mockwebserver.MockWebServer$3 execute
INFO: MockWebServer[65297] starting to accept connections
May 09, 2021 8:44:21 PM okhttp3.mockwebserver.MockWebServer$4 processOneRequest
INFO: MockWebServer[65297] received request: GET /status/server HTTP/1.1 and responded: HTTP/1.1 500 Server Error
May 09, 2021 8:44:21 PM okhttp3.mockwebserver.MockWebServer$3 acceptConnections
INFO: MockWebServer[65297] done accepting connections: Socket closed
May 09, 2021 8:44:21 PM okhttp3.mockwebserver.MockWebServer$3 execute
INFO: MockWebServer[65299] starting to accept connections
May 09, 2021 8:44:21 PM okhttp3.mockwebserver.MockWebServer$4 processOneRequest
INFO: MockWebServer[65299] received request: POST /jsonpost HTTP/1.1 and responded: HTTP/1.1 201 OK
May 09, 2021 8:44:21 PM okhttp3.mockwebserver.MockWebServer$3 acceptConnections
INFO: MockWebServer[65299] done accepting connections: Socket closed
May 09, 2021 8:44:21 PM okhttp3.mockwebserver.MockWebServer$3 execute
INFO: MockWebServer[65301] starting to accept connections
May 09, 2021 8:44:21 PM okhttp3.mockwebserver.MockWebServer$4 processOneRequest
INFO: MockWebServer[65301] received request: POST /jsonpost HTTP/1.1 and responded: HTTP/1.1 201 OK
May 09, 2021 8:44:21 PM okhttp3.mockwebserver.MockWebServer$3 acceptConnections
INFO: MockWebServer[65301] done accepting connections: Socket closed
May 09, 2021 8:44:21 PM okhttp3.mockwebserver.MockWebServer$3 execute
INFO: MockWebServer[65303] starting to accept connections
May 09, 2021 8:44:21 PM okhttp3.mockwebserver.MockWebServer$4 processOneRequest
INFO: MockWebServer[65303] received request: POST /jsonpost HTTP/1.1 and responded: HTTP/1.1 201 OK
May 09, 2021 8:44:21 PM okhttp3.mockwebserver.MockWebServer$3 acceptConnections
INFO: MockWebServer[65303] done accepting connections: Socket closed
May 09, 2021 8:44:21 PM okhttp3.mockwebserver.MockWebServer$3 execute
INFO: MockWebServer[65305] starting to accept connections
May 09, 2021 8:44:21 PM okhttp3.mockwebserver.MockWebServer$4 processOneRequest
INFO: MockWebServer[65305] received request: POST /jsonpost HTTP/1.1 and responded: HTTP/1.1 201 OK
May 09, 2021 8:44:21 PM okhttp3.mockwebserver.MockWebServer$3 acceptConnections
INFO: MockWebServer[65305] done accepting connections: Socket closed
May 09, 2021 8:44:21 PM okhttp3.mockwebserver.MockWebServer$3 execute
INFO: MockWebServer[65307] starting to accept connections
May 09, 2021 8:44:21 PM okhttp3.mockwebserver.MockWebServer$4 processOneRequest
INFO: MockWebServer[65307] received request: POST /post HTTP/1.1 and responded: HTTP/1.1 201 OK
May 09, 2021 8:44:21 PM okhttp3.mockwebserver.MockWebServer$3 acceptConnections
INFO: MockWebServer[65307] done accepting connections: Socket closed
May 09, 2021 8:44:21 PM okhttp3.mockwebserver.MockWebServer$3 execute
INFO: MockWebServer[65309] starting to accept connections
May 09, 2021 8:44:21 PM okhttp3.mockwebserver.MockWebServer$4 processOneRequest
INFO: MockWebServer[65309] received request: POST /post HTTP/1.1 and responded: HTTP/1.1 201 OK
May 09, 2021 8:44:21 PM okhttp3.mockwebserver.MockWebServer$3 acceptConnections
INFO: MockWebServer[65309] done accepting connections: Socket closed
May 09, 2021 8:44:21 PM okhttp3.mockwebserver.MockWebServer$3 execute
INFO: MockWebServer[65311] starting to accept connections
May 09, 2021 8:44:21 PM okhttp3.mockwebserver.MockWebServer$4 processOneRequest
INFO: MockWebServer[65311] received request: POST /post HTTP/1.1 and responded: HTTP/1.1 201 OK
May 09, 2021 8:44:21 PM okhttp3.mockwebserver.MockWebServer$3 acceptConnections
INFO: MockWebServer[65311] done accepting connections: Socket closed
May 09, 2021 8:44:21 PM okhttp3.mockwebserver.MockWebServer$3 execute
INFO: MockWebServer[65313] starting to accept connections
May 09, 2021 8:44:21 PM okhttp3.mockwebserver.MockWebServer$4 processOneRequest
INFO: MockWebServer[65313] received request: POST /post HTTP/1.1 and responded: HTTP/1.1 201 OK
May 09, 2021 8:44:21 PM okhttp3.mockwebserver.MockWebServer$3 acceptConnections
INFO: MockWebServer[65313] done accepting connections: Socket closed
May 09, 2021 8:44:21 PM okhttp3.mockwebserver.MockWebServer$3 execute
INFO: MockWebServer[65315] starting to accept connections
May 09, 2021 8:44:21 PM okhttp3.mockwebserver.MockWebServer$4 processOneRequest
INFO: MockWebServer[65315] received request: GET /status/badrequest HTTP/1.1 and responded: HTTP/1.1 400 Client Error
May 09, 2021 8:44:21 PM okhttp3.mockwebserver.MockWebServer$3 acceptConnections
INFO: MockWebServer[65315] done accepting connections: Socket closed
May 09, 2021 8:44:21 PM okhttp3.mockwebserver.MockWebServer$3 execute
INFO: MockWebServer[65317] starting to accept connections
May 09, 2021 8:44:21 PM okhttp3.mockwebserver.MockWebServer$4 processOneRequest
INFO: MockWebServer[65317] received request: GET /status/badrequest HTTP/1.1 and responded: HTTP/1.1 400 Client Error
May 09, 2021 8:44:21 PM okhttp3.mockwebserver.MockWebServer$3 acceptConnections
INFO: MockWebServer[65317] done accepting connections: Socket closed
May 09, 2021 8:44:21 PM okhttp3.mockwebserver.MockWebServer$3 execute
INFO: MockWebServer[65319] starting to accept connections
May 09, 2021 8:44:21 PM okhttp3.mockwebserver.MockWebServer$4 processOneRequest
INFO: MockWebServer[65319] received request: GET /status/badrequest HTTP/1.1 and responded: HTTP/1.1 400 Client Error
May 09, 2021 8:44:21 PM okhttp3.mockwebserver.MockWebServer$3 acceptConnections
INFO: MockWebServer[65319] done accepting connections: Socket closed
May 09, 2021 8:44:21 PM okhttp3.mockwebserver.MockWebServer$3 execute
INFO: MockWebServer[65321] starting to accept connections
May 09, 2021 8:44:21 PM okhttp3.mockwebserver.MockWebServer$4 processOneRequest
INFO: MockWebServer[65321] received request: GET /status/badrequest HTTP/1.1 and responded: HTTP/1.1 400 Client Error
May 09, 2021 8:44:21 PM okhttp3.mockwebserver.MockWebServer$3 acceptConnections
INFO: MockWebServer[65321] done accepting connections: Socket closed
May 09, 2021 8:44:21 PM okhttp3.mockwebserver.MockWebServer$3 execute
INFO: MockWebServer[65323] starting to accept connections
May 09, 2021 8:44:21 PM okhttp3.mockwebserver.MockWebServer$4 processOneRequest
INFO: MockWebServer[65323] received request: POST /post HTTP/1.1 and responded: HTTP/1.1 201 OK
May 09, 2021 8:44:21 PM okhttp3.mockwebserver.MockWebServer$3 acceptConnections
INFO: MockWebServer[65323] done accepting connections: Socket closed
May 09, 2021 8:44:21 PM okhttp3.mockwebserver.MockWebServer$3 execute
INFO: MockWebServer[65325] starting to accept connections
May 09, 2021 8:44:21 PM okhttp3.mockwebserver.MockWebServer$4 processOneRequest
INFO: MockWebServer[65325] received request: POST /post HTTP/1.1 and responded: HTTP/1.1 201 OK
May 09, 2021 8:44:21 PM okhttp3.mockwebserver.MockWebServer$3 acceptConnections
INFO: MockWebServer[65325] done accepting connections: Socket closed
May 09, 2021 8:44:21 PM okhttp3.mockwebserver.MockWebServer$3 execute
INFO: MockWebServer[65327] starting to accept connections
May 09, 2021 8:44:21 PM okhttp3.mockwebserver.MockWebServer$4 processOneRequest
INFO: MockWebServer[65327] received request: POST /post HTTP/1.1 and responded: HTTP/1.1 201 OK
May 09, 2021 8:44:21 PM okhttp3.mockwebserver.MockWebServer$3 acceptConnections
INFO: MockWebServer[65327] done accepting connections: Socket closed
May 09, 2021 8:44:21 PM okhttp3.mockwebserver.MockWebServer$3 execute
INFO: MockWebServer[65329] starting to accept connections
May 09, 2021 8:44:21 PM okhttp3.mockwebserver.MockWebServer$4 processOneRequest
INFO: MockWebServer[65329] received request: POST /post HTTP/1.1 and responded: HTTP/1.1 201 OK
May 09, 2021 8:44:21 PM okhttp3.mockwebserver.MockWebServer$3 acceptConnections
INFO: MockWebServer[65329] done accepting connections: Socket closed
May 09, 2021 8:44:21 PM okhttp3.mockwebserver.MockWebServer$3 execute
INFO: MockWebServer[65331] starting to accept connections
May 09, 2021 8:44:21 PM okhttp3.mockwebserver.MockWebServer$4 processOneRequest
INFO: MockWebServer[65331] received request: POST /post HTTP/1.1 and responded: HTTP/1.1 201 OK
May 09, 2021 8:44:21 PM okhttp3.mockwebserver.MockWebServer$3 acceptConnections
INFO: MockWebServer[65331] done accepting connections: Socket closed
May 09, 2021 8:44:21 PM okhttp3.mockwebserver.MockWebServer$3 execute
INFO: MockWebServer[65333] starting to accept connections
May 09, 2021 8:44:21 PM okhttp3.mockwebserver.MockWebServer$4 processOneRequest
INFO: MockWebServer[65333] received request: POST /post HTTP/1.1 and responded: HTTP/1.1 201 OK
May 09, 2021 8:44:21 PM okhttp3.mockwebserver.MockWebServer$3 acceptConnections
INFO: MockWebServer[65333] done accepting connections: Socket closed
May 09, 2021 8:44:21 PM okhttp3.mockwebserver.MockWebServer$3 execute
INFO: MockWebServer[65335] starting to accept connections
May 09, 2021 8:44:21 PM okhttp3.mockwebserver.MockWebServer$4 processOneRequest
INFO: MockWebServer[65335] received request: POST /post HTTP/1.1 and responded: HTTP/1.1 201 OK
May 09, 2021 8:44:21 PM okhttp3.mockwebserver.MockWebServer$3 acceptConnections
INFO: MockWebServer[65335] done accepting connections: Socket closed
May 09, 2021 8:44:21 PM okhttp3.mockwebserver.MockWebServer$3 execute
INFO: MockWebServer[65337] starting to accept connections
May 09, 2021 8:44:21 PM okhttp3.mockwebserver.MockWebServer$4 processOneRequest
INFO: MockWebServer[65337] received request: POST /post HTTP/1.1 and responded: HTTP/1.1 201 OK
May 09, 2021 8:44:21 PM okhttp3.mockwebserver.MockWebServer$3 acceptConnections
INFO: MockWebServer[65337] done accepting connections: Socket closed
May 09, 2021 8:44:21 PM okhttp3.mockwebserver.MockWebServer$3 execute
INFO: MockWebServer[65339] starting to accept connections
May 09, 2021 8:44:21 PM okhttp3.mockwebserver.MockWebServer$4 processOneRequest
INFO: MockWebServer[65339] received request: GET /uri/Z%C3%BCrich HTTP/1.1 and responded: HTTP/1.1 200 OK
May 09, 2021 8:44:21 PM okhttp3.mockwebserver.MockWebServer$4 processOneRequest
INFO: MockWebServer[65339] received request: GET /uri/query=foo@bar HTTP/1.1 and responded: HTTP/1.1 200 OK
May 09, 2021 8:44:21 PM okhttp3.mockwebserver.MockWebServer$4 processOneRequest
INFO: MockWebServer[65339] received request: GET /uri/query=T%C5%8Dky%C5%8D HTTP/1.1 and responded: HTTP/1.1 200 OK
May 09, 2021 8:44:21 PM okhttp3.mockwebserver.MockWebServer$3 acceptConnections
INFO: MockWebServer[65339] done accepting connections: Socket closed
May 09, 2021 8:44:21 PM okhttp3.mockwebserver.MockWebServer$3 execute
INFO: MockWebServer[65341] starting to accept connections
May 09, 2021 8:44:21 PM okhttp3.mockwebserver.MockWebServer$4 processOneRequest
INFO: MockWebServer[65341] received request: GET /uri/Z%C3%BCrich HTTP/1.1 and responded: HTTP/1.1 200 OK
May 09, 2021 8:44:21 PM okhttp3.mockwebserver.MockWebServer$4 processOneRequest
INFO: MockWebServer[65341] received request: GET /uri/query=foo@bar HTTP/1.1 and responded: HTTP/1.1 200 OK
May 09, 2021 8:44:21 PM okhttp3.mockwebserver.MockWebServer$4 processOneRequest
INFO: MockWebServer[65341] received request: GET /uri/query=T%C5%8Dky%C5%8D HTTP/1.1 and responded: HTTP/1.1 200 OK
May 09, 2021 8:44:21 PM okhttp3.mockwebserver.MockWebServer$3 acceptConnections
INFO: MockWebServer[65341] done accepting connections: Socket closed
May 09, 2021 8:44:21 PM okhttp3.mockwebserver.MockWebServer$3 execute
INFO: MockWebServer[65343] starting to accept connections
May 09, 2021 8:44:21 PM okhttp3.mockwebserver.MockWebServer$4 processOneRequest
INFO: MockWebServer[65343] received request: GET /uri/Z%C3%BCrich HTTP/1.1 and responded: HTTP/1.1 200 OK
May 09, 2021 8:44:21 PM okhttp3.mockwebserver.MockWebServer$4 processOneRequest
INFO: MockWebServer[65343] received request: GET /uri/query=foo@bar HTTP/1.1 and responded: HTTP/1.1 200 OK
May 09, 2021 8:44:21 PM okhttp3.mockwebserver.MockWebServer$4 processOneRequest
INFO: MockWebServer[65343] received request: GET /uri/query=T%C5%8Dky%C5%8D HTTP/1.1 and responded: HTTP/1.1 200 OK
May 09, 2021 8:44:21 PM okhttp3.mockwebserver.MockWebServer$3 acceptConnections
INFO: MockWebServer[65343] done accepting connections: Socket closed
May 09, 2021 8:44:21 PM okhttp3.mockwebserver.MockWebServer$3 execute
INFO: MockWebServer[65347] starting to accept connections
May 09, 2021 8:44:21 PM okhttp3.mockwebserver.MockWebServer$4 processOneRequest
INFO: MockWebServer[65347] received request: GET /uri/Z%C3%BCrich HTTP/1.1 and responded: HTTP/1.1 200 OK
May 09, 2021 8:44:21 PM okhttp3.mockwebserver.MockWebServer$4 processOneRequest
INFO: MockWebServer[65347] received request: GET /uri/query=foo@bar HTTP/1.1 and responded: HTTP/1.1 200 OK
May 09, 2021 8:44:21 PM okhttp3.mockwebserver.MockWebServer$4 processOneRequest
INFO: MockWebServer[65347] received request: GET /uri/query=T%C5%8Dky%C5%8D HTTP/1.1 and responded: HTTP/1.1 200 OK
May 09, 2021 8:44:21 PM okhttp3.mockwebserver.MockWebServer$3 acceptConnections
INFO: MockWebServer[65347] done accepting connections: Socket closed
May 09, 2021 8:44:21 PM okhttp3.mockwebserver.MockWebServer$3 execute
INFO: MockWebServer[65349] starting to accept connections
May 09, 2021 8:44:21 PM okhttp3.mockwebserver.MockWebServer$4 processOneRequest
INFO: MockWebServer[65349] received request: POST /form HTTP/1.1 and responded: HTTP/1.1 200 OK
May 09, 2021 8:44:21 PM okhttp3.mockwebserver.MockWebServer$3 acceptConnections
INFO: MockWebServer[65349] done accepting connections: Socket closed
May 09, 2021 8:44:21 PM okhttp3.mockwebserver.MockWebServer$3 execute
INFO: MockWebServer[65351] starting to accept connections
May 09, 2021 8:44:21 PM okhttp3.mockwebserver.MockWebServer$4 processOneRequest
INFO: MockWebServer[65351] received request: POST /form HTTP/1.1 and responded: HTTP/1.1 200 OK
May 09, 2021 8:44:21 PM okhttp3.mockwebserver.MockWebServer$3 acceptConnections
INFO: MockWebServer[65351] done accepting connections: Socket closed
May 09, 2021 8:44:21 PM okhttp3.mockwebserver.MockWebServer$3 execute
INFO: MockWebServer[65353] starting to accept connections
May 09, 2021 8:44:21 PM okhttp3.mockwebserver.MockWebServer$4 processOneRequest
INFO: MockWebServer[65353] received request: POST /form HTTP/1.1 and responded: HTTP/1.1 200 OK
May 09, 2021 8:44:21 PM okhttp3.mockwebserver.MockWebServer$3 acceptConnections
INFO: MockWebServer[65353] done accepting connections: Socket closed
May 09, 2021 8:44:21 PM okhttp3.mockwebserver.MockWebServer$3 execute
INFO: MockWebServer[65355] starting to accept connections
May 09, 2021 8:44:21 PM okhttp3.mockwebserver.MockWebServer$4 processOneRequest
INFO: MockWebServer[65355] received request: POST /form HTTP/1.1 and responded: HTTP/1.1 200 OK
May 09, 2021 8:44:21 PM okhttp3.mockwebserver.MockWebServer$3 acceptConnections
INFO: MockWebServer[65355] done accepting connections: Socket closed
May 09, 2021 8:44:21 PM okhttp3.mockwebserver.MockWebServer$3 execute
INFO: MockWebServer[65357] starting to accept connections
May 09, 2021 8:44:21 PM okhttp3.mockwebserver.MockWebServer$4 processOneRequest
INFO: MockWebServer[65357] received request: POST /multipartRelated HTTP/1.1 and responded: HTTP/1.1 200 OK
May 09, 2021 8:44:21 PM okhttp3.mockwebserver.MockWebServer$3 acceptConnections
INFO: MockWebServer[65357] done accepting connections: Socket closed
May 09, 2021 8:44:21 PM okhttp3.mockwebserver.MockWebServer$3 execute
INFO: MockWebServer[65359] starting to accept connections
May 09, 2021 8:44:21 PM okhttp3.mockwebserver.MockWebServer$4 processOneRequest
INFO: MockWebServer[65359] received request: POST /multipartRelated HTTP/1.1 and responded: HTTP/1.1 200 OK
May 09, 2021 8:44:21 PM okhttp3.mockwebserver.MockWebServer$3 acceptConnections
INFO: MockWebServer[65359] done accepting connections: Socket closed
May 09, 2021 8:44:21 PM okhttp3.mockwebserver.MockWebServer$3 execute
INFO: MockWebServer[65361] starting to accept connections
May 09, 2021 8:44:21 PM okhttp3.mockwebserver.MockWebServer$4 processOneRequest
INFO: MockWebServer[65361] received request: POST /multipartRelated HTTP/1.1 and responded: HTTP/1.1 200 OK
May 09, 2021 8:44:21 PM okhttp3.mockwebserver.MockWebServer$3 acceptConnections
INFO: MockWebServer[65361] done accepting connections: Socket closed
May 09, 2021 8:44:21 PM okhttp3.mockwebserver.MockWebServer$3 execute
INFO: MockWebServer[65363] starting to accept connections
May 09, 2021 8:44:21 PM okhttp3.mockwebserver.MockWebServer$4 processOneRequest
INFO: MockWebServer[65363] received request: POST /multipartRelated HTTP/1.1 and responded: HTTP/1.1 200 OK
May 09, 2021 8:44:21 PM okhttp3.mockwebserver.MockWebServer$3 acceptConnections
INFO: MockWebServer[65363] done accepting connections: Socket closed
May 09, 2021 8:44:21 PM okhttp3.mockwebserver.MockWebServer$3 execute
INFO: MockWebServer[65365] starting to accept connections
May 09, 2021 8:44:21 PM okhttp3.mockwebserver.MockWebServer$4 processOneRequest
INFO: MockWebServer[65365] received request: GET /get HTTP/1.1 and responded: HTTP/1.1 200 OK
May 09, 2021 8:44:21 PM okhttp3.mockwebserver.MockWebServer$3 acceptConnections
INFO: MockWebServer[65365] done accepting connections: Socket closed
May 09, 2021 8:44:21 PM okhttp3.mockwebserver.MockWebServer$3 execute
INFO: MockWebServer[65367] starting to accept connections
May 09, 2021 8:44:21 PM okhttp3.mockwebserver.MockWebServer$4 processOneRequest
INFO: MockWebServer[65367] received request: GET /get HTTP/1.1 and responded: HTTP/1.1 200 OK
May 09, 2021 8:44:21 PM okhttp3.mockwebserver.MockWebServer$3 acceptConnections
INFO: MockWebServer[65367] done accepting connections: Socket closed
May 09, 2021 8:44:21 PM okhttp3.mockwebserver.MockWebServer$3 execute
INFO: MockWebServer[65369] starting to accept connections
May 09, 2021 8:44:21 PM okhttp3.mockwebserver.MockWebServer$4 processOneRequest
INFO: MockWebServer[65369] received request: GET /get HTTP/1.1 and responded: HTTP/1.1 200 OK
May 09, 2021 8:44:21 PM okhttp3.mockwebserver.MockWebServer$3 acceptConnections
INFO: MockWebServer[65369] done accepting connections: Socket closed
May 09, 2021 8:44:21 PM okhttp3.mockwebserver.MockWebServer$3 execute
INFO: MockWebServer[65371] starting to accept connections
May 09, 2021 8:44:21 PM okhttp3.mockwebserver.MockWebServer$4 processOneRequest
INFO: MockWebServer[65371] received request: GET /get HTTP/1.1 and responded: HTTP/1.1 200 OK
May 09, 2021 8:44:21 PM okhttp3.mockwebserver.MockWebServer$3 acceptConnections
INFO: MockWebServer[65371] done accepting connections: Socket closed
May 09, 2021 8:44:21 PM okhttp3.mockwebserver.MockWebServer$3 execute
INFO: MockWebServer[65373] starting to accept connections
May 09, 2021 8:44:21 PM okhttp3.mockwebserver.MockWebServer$4 processOneRequest
INFO: MockWebServer[65373] received request: GET /get/nothing HTTP/1.1 and responded: HTTP/1.1 200 OK
May 09, 2021 8:44:21 PM okhttp3.mockwebserver.MockWebServer$3 acceptConnections
INFO: MockWebServer[65373] done accepting connections: Socket closed
May 09, 2021 8:44:21 PM okhttp3.mockwebserver.MockWebServer$3 execute
INFO: MockWebServer[65375] starting to accept connections
May 09, 2021 8:44:21 PM okhttp3.mockwebserver.MockWebServer$4 processOneRequest
INFO: MockWebServer[65375] received request: GET /get/nothing HTTP/1.1 and responded: HTTP/1.1 200 OK
May 09, 2021 8:44:21 PM okhttp3.mockwebserver.MockWebServer$3 acceptConnections
INFO: MockWebServer[65375] done accepting connections: Socket closed
May 09, 2021 8:44:21 PM okhttp3.mockwebserver.MockWebServer$3 execute
INFO: MockWebServer[65377] starting to accept connections
May 09, 2021 8:44:21 PM okhttp3.mockwebserver.MockWebServer$4 processOneRequest
INFO: MockWebServer[65377] received request: GET /get/nothing HTTP/1.1 and responded: HTTP/1.1 200 OK
May 09, 2021 8:44:21 PM okhttp3.mockwebserver.MockWebServer$3 acceptConnections
INFO: MockWebServer[65377] done accepting connections: Socket closed
May 09, 2021 8:44:21 PM okhttp3.mockwebserver.MockWebServer$3 execute
INFO: MockWebServer[65379] starting to accept connections
May 09, 2021 8:44:21 PM okhttp3.mockwebserver.MockWebServer$4 processOneRequest
INFO: MockWebServer[65379] received request: GET /get/nothing HTTP/1.1 and responded: HTTP/1.1 200 OK
May 09, 2021 8:44:21 PM okhttp3.mockwebserver.MockWebServer$3 acceptConnections
INFO: MockWebServer[65379] done accepting connections: Socket closed
May 09, 2021 8:44:21 PM okhttp3.mockwebserver.MockWebServer$3 execute
INFO: MockWebServer[65381] starting to accept connections
May 09, 2021 8:44:21 PM okhttp3.mockwebserver.MockWebServer$3 acceptConnections
INFO: MockWebServer[65381] done accepting connections: Socket closed
May 09, 2021 8:44:21 PM okhttp3.mockwebserver.MockWebServer$3 execute
INFO: MockWebServer[65382] starting to accept connections
May 09, 2021 8:44:21 PM okhttp3.mockwebserver.MockWebServer$4 processOneRequest
INFO: MockWebServer[65382] received request: PATCH /patch HTTP/1.1 and responded: HTTP/1.1 201 OK
May 09, 2021 8:44:21 PM okhttp3.mockwebserver.MockWebServer$3 acceptConnections
INFO: MockWebServer[65382] done accepting connections: Socket closed
May 09, 2021 8:44:21 PM okhttp3.mockwebserver.MockWebServer$3 execute
INFO: MockWebServer[65384] starting to accept connections
May 09, 2021 8:44:21 PM okhttp3.mockwebserver.MockWebServer$4 processOneRequest
INFO: MockWebServer[65384] received request: PATCH /patch HTTP/1.1 and responded: HTTP/1.1 201 OK
May 09, 2021 8:44:21 PM okhttp3.mockwebserver.MockWebServer$3 acceptConnections
INFO: MockWebServer[65384] done accepting connections: Socket closed
May 09, 2021 8:44:21 PM okhttp3.mockwebserver.MockWebServer$3 execute
INFO: MockWebServer[65386] starting to accept connections
May 09, 2021 8:44:21 PM okhttp3.mockwebserver.MockWebServer$4 processOneRequest
INFO: MockWebServer[65386] received request: PATCH /patch HTTP/1.1 and responded: HTTP/1.1 201 OK
May 09, 2021 8:44:21 PM okhttp3.mockwebserver.MockWebServer$3 acceptConnections
INFO: MockWebServer[65386] done accepting connections: Socket closed
May 09, 2021 8:44:21 PM okhttp3.mockwebserver.MockWebServer$3 execute
INFO: MockWebServer[65388] starting to accept connections
May 09, 2021 8:44:21 PM okhttp3.mockwebserver.MockWebServer$4 processOneRequest
INFO: MockWebServer[65388] received request: GET /get HTTP/1.1 and responded: HTTP/1.1 200 OK
May 09, 2021 8:44:21 PM okhttp3.mockwebserver.MockWebServer$3 acceptConnections
INFO: MockWebServer[65388] done accepting connections: Socket closed
May 09, 2021 8:44:21 PM okhttp3.mockwebserver.MockWebServer$3 execute
INFO: MockWebServer[65390] starting to accept connections
May 09, 2021 8:44:21 PM okhttp3.mockwebserver.MockWebServer$4 processOneRequest
INFO: MockWebServer[65390] received request: GET /get HTTP/1.1 and responded: HTTP/1.1 200 OK
May 09, 2021 8:44:21 PM okhttp3.mockwebserver.MockWebServer$3 acceptConnections
INFO: MockWebServer[65390] done accepting connections: Socket closed
May 09, 2021 8:44:21 PM okhttp3.mockwebserver.MockWebServer$3 execute
INFO: MockWebServer[65392] starting to accept connections
May 09, 2021 8:44:21 PM okhttp3.mockwebserver.MockWebServer$4 processOneRequest
INFO: MockWebServer[65392] received request: GET /get HTTP/1.1 and responded: HTTP/1.1 200 OK
May 09, 2021 8:44:21 PM okhttp3.mockwebserver.MockWebServer$3 acceptConnections
INFO: MockWebServer[65392] done accepting connections: Socket closed
May 09, 2021 8:44:21 PM okhttp3.mockwebserver.MockWebServer$3 execute
INFO: MockWebServer[65394] starting to accept connections
May 09, 2021 8:44:21 PM okhttp3.mockwebserver.MockWebServer$4 processOneRequest
INFO: MockWebServer[65394] received request: GET /get HTTP/1.1 and responded: HTTP/1.1 200 OK
May 09, 2021 8:44:21 PM okhttp3.mockwebserver.MockWebServer$3 acceptConnections
INFO: MockWebServer[65394] done accepting connections: Socket closed
May 09, 2021 8:44:21 PM okhttp3.mockwebserver.MockWebServer$3 execute
INFO: MockWebServer[65396] starting to accept connections
May 09, 2021 8:44:21 PM okhttp3.mockwebserver.MockWebServer$4 processOneRequest
INFO: MockWebServer[65396] received request: OPTIONS /get HTTP/1.1 and responded: HTTP/1.1 200 OK
May 09, 2021 8:44:21 PM okhttp3.mockwebserver.MockWebServer$3 acceptConnections
INFO: MockWebServer[65396] done accepting connections: Socket closed
May 09, 2021 8:44:21 PM okhttp3.mockwebserver.MockWebServer$3 execute
INFO: MockWebServer[65398] starting to accept connections
May 09, 2021 8:44:21 PM okhttp3.mockwebserver.MockWebServer$4 processOneRequest
INFO: MockWebServer[65398] received request: OPTIONS /get HTTP/1.1 and responded: HTTP/1.1 200 OK
May 09, 2021 8:44:21 PM okhttp3.mockwebserver.MockWebServer$3 acceptConnections
INFO: MockWebServer[65398] done accepting connections: Socket closed
May 09, 2021 8:44:21 PM okhttp3.mockwebserver.MockWebServer$3 execute
INFO: MockWebServer[65400] starting to accept connections
May 09, 2021 8:44:21 PM okhttp3.mockwebserver.MockWebServer$4 processOneRequest
INFO: MockWebServer[65400] received request: OPTIONS /get HTTP/1.1 and responded: HTTP/1.1 200 OK
May 09, 2021 8:44:21 PM okhttp3.mockwebserver.MockWebServer$3 acceptConnections
INFO: MockWebServer[65400] done accepting connections: Socket closed
May 09, 2021 8:44:21 PM okhttp3.mockwebserver.MockWebServer$3 execute
INFO: MockWebServer[65402] starting to accept connections
May 09, 2021 8:44:21 PM okhttp3.mockwebserver.MockWebServer$4 processOneRequest
INFO: MockWebServer[65402] received request: OPTIONS /get HTTP/1.1 and responded: HTTP/1.1 200 OK
May 09, 2021 8:44:21 PM okhttp3.mockwebserver.MockWebServer$3 acceptConnections
INFO: MockWebServer[65402] done accepting connections: Socket closed
May 09, 2021 8:44:21 PM okhttp3.mockwebserver.MockWebServer$3 execute
INFO: MockWebServer[65404] starting to accept connections
May 09, 2021 8:44:21 PM okhttp3.mockwebserver.MockWebServer$4 processOneRequest
INFO: MockWebServer[65404] received request: POST /post HTTP/1.1 and responded: HTTP/1.1 201 OK
May 09, 2021 8:44:21 PM okhttp3.mockwebserver.MockWebServer$3 acceptConnections
INFO: MockWebServer[65404] done accepting connections: Socket closed
May 09, 2021 8:44:21 PM okhttp3.mockwebserver.MockWebServer$3 execute
INFO: MockWebServer[65406] starting to accept connections
May 09, 2021 8:44:21 PM okhttp3.mockwebserver.MockWebServer$4 processOneRequest
INFO: MockWebServer[65406] received request: POST /post HTTP/1.1 and responded: HTTP/1.1 201 OK
May 09, 2021 8:44:21 PM okhttp3.mockwebserver.MockWebServer$3 acceptConnections
INFO: MockWebServer[65406] done accepting connections: Socket closed
May 09, 2021 8:44:21 PM okhttp3.mockwebserver.MockWebServer$3 execute
INFO: MockWebServer[65408] starting to accept connections
May 09, 2021 8:44:21 PM okhttp3.mockwebserver.MockWebServer$4 processOneRequest
INFO: MockWebServer[65408] received request: POST /post HTTP/1.1 and responded: HTTP/1.1 201 OK
May 09, 2021 8:44:21 PM okhttp3.mockwebserver.MockWebServer$3 acceptConnections
INFO: MockWebServer[65408] done accepting connections: Socket closed
May 09, 2021 8:44:21 PM okhttp3.mockwebserver.MockWebServer$3 execute
INFO: MockWebServer[65410] starting to accept connections
May 09, 2021 8:44:21 PM okhttp3.mockwebserver.MockWebServer$4 processOneRequest
INFO: MockWebServer[65410] received request: POST /post HTTP/1.1 and responded: HTTP/1.1 201 OK
May 09, 2021 8:44:21 PM okhttp3.mockwebserver.MockWebServer$3 acceptConnections
INFO: MockWebServer[65410] done accepting connections: Socket closed
May 09, 2021 8:44:21 PM okhttp3.mockwebserver.MockWebServer$3 execute
INFO: MockWebServer[65412] starting to accept connections
May 09, 2021 8:44:21 PM okhttp3.mockwebserver.MockWebServer$4 processOneRequest
INFO: MockWebServer[65412] received request: GET /status/nocontent HTTP/1.1 and responded: HTTP/1.1 204 OK
May 09, 2021 8:44:21 PM okhttp3.mockwebserver.MockWebServer$4 processOneRequest
INFO: MockWebServer[65412] received request: GET /status/nocontent HTTP/1.1 and responded: HTTP/1.1 204 OK
May 09, 2021 8:44:21 PM okhttp3.mockwebserver.MockWebServer$3 acceptConnections
INFO: MockWebServer[65412] done accepting connections: Socket closed
May 09, 2021 8:44:21 PM okhttp3.mockwebserver.MockWebServer$3 execute
INFO: MockWebServer[65414] starting to accept connections
May 09, 2021 8:44:21 PM okhttp3.mockwebserver.MockWebServer$4 processOneRequest
INFO: MockWebServer[65414] received request: GET /status/nocontent HTTP/1.1 and responded: HTTP/1.1 204 OK
May 09, 2021 8:44:21 PM okhttp3.mockwebserver.MockWebServer$4 processOneRequest
INFO: MockWebServer[65414] received request: GET /status/nocontent HTTP/1.1 and responded: HTTP/1.1 204 OK
May 09, 2021 8:44:21 PM okhttp3.mockwebserver.MockWebServer$3 acceptConnections
INFO: MockWebServer[65414] done accepting connections: Socket closed
May 09, 2021 8:44:21 PM okhttp3.mockwebserver.MockWebServer$3 execute
INFO: MockWebServer[65416] starting to accept connections
May 09, 2021 8:44:21 PM okhttp3.mockwebserver.MockWebServer$4 processOneRequest
INFO: MockWebServer[65416] received request: GET /status/nocontent HTTP/1.1 and responded: HTTP/1.1 204 OK
May 09, 2021 8:44:21 PM okhttp3.mockwebserver.MockWebServer$4 processOneRequest
INFO: MockWebServer[65416] received request: GET /status/nocontent HTTP/1.1 and responded: HTTP/1.1 204 OK
May 09, 2021 8:44:21 PM okhttp3.mockwebserver.MockWebServer$3 acceptConnections
INFO: MockWebServer[65416] done accepting connections: Socket closed
May 09, 2021 8:44:21 PM okhttp3.mockwebserver.MockWebServer$3 execute
INFO: MockWebServer[65419] starting to accept connections
May 09, 2021 8:44:21 PM okhttp3.mockwebserver.MockWebServer$4 processOneRequest
INFO: MockWebServer[65419] received request: GET /status/nocontent HTTP/1.1 and responded: HTTP/1.1 204 OK
May 09, 2021 8:44:21 PM okhttp3.mockwebserver.MockWebServer$4 processOneRequest
INFO: MockWebServer[65419] received request: GET /status/nocontent HTTP/1.1 and responded: HTTP/1.1 204 OK
May 09, 2021 8:44:21 PM okhttp3.mockwebserver.MockWebServer$3 acceptConnections
INFO: MockWebServer[65419] done accepting connections: Socket closed
May 09, 2021 8:44:21 PM okhttp3.mockwebserver.MockWebServer$3 execute
INFO: MockWebServer[65421] starting to accept connections
May 09, 2021 8:44:21 PM okhttp3.mockwebserver.MockWebServer$4 processOneRequest
INFO: MockWebServer[65421] received request: GET /status/notfound HTTP/1.1 and responded: HTTP/1.1 404 Client Error
May 09, 2021 8:44:21 PM okhttp3.mockwebserver.MockWebServer$3 acceptConnections
INFO: MockWebServer[65421] done accepting connections: Socket closed
May 09, 2021 8:44:21 PM okhttp3.mockwebserver.MockWebServer$3 execute
INFO: MockWebServer[65423] starting to accept connections
May 09, 2021 8:44:21 PM okhttp3.mockwebserver.MockWebServer$4 processOneRequest
INFO: MockWebServer[65423] received request: GET /status/notfound HTTP/1.1 and responded: HTTP/1.1 404 Client Error
May 09, 2021 8:44:21 PM okhttp3.mockwebserver.MockWebServer$3 acceptConnections
INFO: MockWebServer[65423] done accepting connections: Socket closed
May 09, 2021 8:44:21 PM okhttp3.mockwebserver.MockWebServer$3 execute
INFO: MockWebServer[65425] starting to accept connections
May 09, 2021 8:44:21 PM okhttp3.mockwebserver.MockWebServer$4 processOneRequest
INFO: MockWebServer[65425] received request: GET /status/notfound HTTP/1.1 and responded: HTTP/1.1 404 Client Error
May 09, 2021 8:44:21 PM okhttp3.mockwebserver.MockWebServer$3 acceptConnections
INFO: MockWebServer[65425] done accepting connections: Socket closed
May 09, 2021 8:44:21 PM okhttp3.mockwebserver.MockWebServer$3 execute
INFO: MockWebServer[65427] starting to accept connections
May 09, 2021 8:44:21 PM okhttp3.mockwebserver.MockWebServer$4 processOneRequest
INFO: MockWebServer[65427] received request: GET /status/notfound HTTP/1.1 and responded: HTTP/1.1 404 Client Error
May 09, 2021 8:44:21 PM okhttp3.mockwebserver.MockWebServer$3 acceptConnections
INFO: MockWebServer[65427] done accepting connections: Socket closed
May 09, 2021 8:44:21 PM okhttp3.mockwebserver.MockWebServer$3 execute
INFO: MockWebServer[65429] starting to accept connections
May 09, 2021 8:44:21 PM okhttp3.mockwebserver.MockWebServer$4 processOneRequest
INFO: MockWebServer[65429] received request: POST /multipartFormData HTTP/1.1 and responded: HTTP/1.1 200 OK
May 09, 2021 8:44:21 PM okhttp3.mockwebserver.MockWebServer$3 acceptConnections
INFO: MockWebServer[65429] done accepting connections: Socket closed
May 09, 2021 8:44:21 PM okhttp3.mockwebserver.MockWebServer$3 execute
INFO: MockWebServer[65431] starting to accept connections
May 09, 2021 8:44:21 PM okhttp3.mockwebserver.MockWebServer$4 processOneRequest
INFO: MockWebServer[65431] received request: POST /multipartFormData HTTP/1.1 and responded: HTTP/1.1 200 OK
May 09, 2021 8:44:21 PM okhttp3.mockwebserver.MockWebServer$3 acceptConnections
INFO: MockWebServer[65431] done accepting connections: Socket closed
May 09, 2021 8:44:21 PM okhttp3.mockwebserver.MockWebServer$3 execute
INFO: MockWebServer[65433] starting to accept connections
May 09, 2021 8:44:21 PM okhttp3.mockwebserver.MockWebServer$4 processOneRequest
INFO: MockWebServer[65433] received request: POST /multipartFormData HTTP/1.1 and responded: HTTP/1.1 200 OK
May 09, 2021 8:44:21 PM okhttp3.mockwebserver.MockWebServer$3 acceptConnections
INFO: MockWebServer[65433] done accepting connections: Socket closed
May 09, 2021 8:44:21 PM okhttp3.mockwebserver.MockWebServer$3 execute
INFO: MockWebServer[65435] starting to accept connections
May 09, 2021 8:44:21 PM okhttp3.mockwebserver.MockWebServer$4 processOneRequest
INFO: MockWebServer[65435] received request: POST /multipartFormData HTTP/1.1 and responded: HTTP/1.1 200 OK
May 09, 2021 8:44:21 PM okhttp3.mockwebserver.MockWebServer$3 acceptConnections
INFO: MockWebServer[65435] done accepting connections: Socket closed
May 09, 2021 8:44:21 PM okhttp3.mockwebserver.MockWebServer$3 execute
INFO: MockWebServer[65437] starting to accept connections
May 09, 2021 8:44:21 PM okhttp3.mockwebserver.MockWebServer$4 processOneRequest
INFO: MockWebServer[65437] received request: POST /jsonpost HTTP/1.1 and responded: HTTP/1.1 201 OK
May 09, 2021 8:44:21 PM okhttp3.mockwebserver.MockWebServer$3 acceptConnections
INFO: MockWebServer[65437] done accepting connections: Socket closed
May 09, 2021 8:44:21 PM okhttp3.mockwebserver.MockWebServer$3 execute
INFO: MockWebServer[65439] starting to accept connections
May 09, 2021 8:44:21 PM okhttp3.mockwebserver.MockWebServer$4 processOneRequest
INFO: MockWebServer[65439] received request: POST /jsonpost HTTP/1.1 and responded: HTTP/1.1 201 OK
May 09, 2021 8:44:21 PM okhttp3.mockwebserver.MockWebServer$3 acceptConnections
INFO: MockWebServer[65439] done accepting connections: Socket closed
May 09, 2021 8:44:21 PM okhttp3.mockwebserver.MockWebServer$3 execute
INFO: MockWebServer[65441] starting to accept connections
May 09, 2021 8:44:21 PM okhttp3.mockwebserver.MockWebServer$4 processOneRequest
INFO: MockWebServer[65441] received request: POST /jsonpost HTTP/1.1 and responded: HTTP/1.1 201 OK
May 09, 2021 8:44:21 PM okhttp3.mockwebserver.MockWebServer$3 acceptConnections
INFO: MockWebServer[65441] done accepting connections: Socket closed
May 09, 2021 8:44:21 PM okhttp3.mockwebserver.MockWebServer$3 execute
INFO: MockWebServer[65443] starting to accept connections
May 09, 2021 8:44:21 PM okhttp3.mockwebserver.MockWebServer$4 processOneRequest
INFO: MockWebServer[65443] received request: POST /jsonpost HTTP/1.1 and responded: HTTP/1.1 201 OK
May 09, 2021 8:44:21 PM okhttp3.mockwebserver.MockWebServer$3 acceptConnections
INFO: MockWebServer[65443] done accepting connections: Socket closed
]]></system-err>
</testsuite>
