<?xml version="1.0" encoding="UTF-8"?>
<testsuite name="org.springframework.web.context.request.ServletRequestAttributesTests" tests="15" skipped="0" failures="0" errors="0" timestamp="2021-05-09T12:43:18" hostname="wangweilidembp" time="0.239">
  <properties/>
  <testcase name="setRequestScopedAttribute()" classname="org.springframework.web.context.request.ServletRequestAttributesTests" time="0.001"/>
  <testcase name="getSessionScopedAttributeDoesNotForceCreationOfSession()" classname="org.springframework.web.context.request.ServletRequestAttributesTests" time="0.146"/>
  <testcase name="skipImmutableFloat()" classname="org.springframework.web.context.request.ServletRequestAttributesTests" time="0.061"/>
  <testcase name="removeSessionScopedAttribute()" classname="org.springframework.web.context.request.ServletRequestAttributesTests" time="0.001"/>
  <testcase name="skipImmutableBigInteger()" classname="org.springframework.web.context.request.ServletRequestAttributesTests" time="0.004"/>
  <testcase name="setSessionScopedAttribute()" classname="org.springframework.web.context.request.ServletRequestAttributesTests" time="0.001"/>
  <testcase name="skipImmutableCharacter()" classname="org.springframework.web.context.request.ServletRequestAttributesTests" time="0.003"/>
  <testcase name="removeSessionScopedAttributeDoesNotForceCreationOfSession()" classname="org.springframework.web.context.request.ServletRequestAttributesTests" time="0.001"/>
  <testcase name="setSessionScopedAttributeAfterCompletion()" classname="org.springframework.web.context.request.ServletRequestAttributesTests" time="0.001"/>
  <testcase name="ctorRejectsNullArg()" classname="org.springframework.web.context.request.ServletRequestAttributesTests" time="0.001"/>
  <testcase name="skipImmutableBoolean()" classname="org.springframework.web.context.request.ServletRequestAttributesTests" time="0.005"/>
  <testcase name="updateAccessedAttributes()" classname="org.springframework.web.context.request.ServletRequestAttributesTests" time="0.003"/>
  <testcase name="setRequestScopedAttributeAfterCompletion()" classname="org.springframework.web.context.request.ServletRequestAttributesTests" time="0.001"/>
  <testcase name="skipImmutableString()" classname="org.springframework.web.context.request.ServletRequestAttributesTests" time="0.003"/>
  <testcase name="skipImmutableInteger()" classname="org.springframework.web.context.request.ServletRequestAttributesTests" time="0.003"/>
  <system-out><![CDATA[]]></system-out>
  <system-err><![CDATA[]]></system-err>
</testsuite>
