<?xml version="1.0" encoding="UTF-8"?>
<testsuite name="org.springframework.http.server.reactive.ServerHttpRequestTests" tests="17" skipped="0" failures="0" errors="0" timestamp="2021-04-26T07:44:01" hostname="wangweilideMacBook-Pro.local" time="0.009">
  <properties/>
  <testcase name="mutateContextPathWithoutUpdatingPathShouldFail()" classname="org.springframework.http.server.reactive.ServerHttpRequestTests" time="0.001"/>
  <testcase name="queryParams()" classname="org.springframework.http.server.reactive.ServerHttpRequestTests" time="0.0"/>
  <testcase name="mutateRequestMethod()" classname="org.springframework.http.server.reactive.ServerHttpRequestTests" time="0.0"/>
  <testcase name="mutateHeadersViaConsumer()" classname="org.springframework.http.server.reactive.ServerHttpRequestTests" time="0.001"/>
  <testcase name="mutatePathWithEncodedQueryParams()" classname="org.springframework.http.server.reactive.ServerHttpRequestTests" time="0.0"/>
  <testcase name="mutateHeaderBySettingHeaderValues()" classname="org.springframework.http.server.reactive.ServerHttpRequestTests" time="0.0"/>
  <testcase name="mutateUriAndPath()" classname="org.springframework.http.server.reactive.ServerHttpRequestTests" time="0.001"/>
  <testcase name="mutateWithInvalidPath()" classname="org.springframework.http.server.reactive.ServerHttpRequestTests" time="0.0"/>
  <testcase name="queryParamsWithEncodedValue()" classname="org.springframework.http.server.reactive.ServerHttpRequestTests" time="0.0"/>
  <testcase name="mutateWithExistingContextPath()" classname="org.springframework.http.server.reactive.ServerHttpRequestTests" time="0.0"/>
  <testcase name="mutateSslInfo()" classname="org.springframework.http.server.reactive.ServerHttpRequestTests" time="0.004"/>
  <testcase name="mutateDoesNotPreventAccessToNativeRequest()" classname="org.springframework.http.server.reactive.ServerHttpRequestTests" time="0.0"/>
  <testcase name="mutateContentTypeHeaderValue()" classname="org.springframework.http.server.reactive.ServerHttpRequestTests" time="0.0"/>
  <testcase name="queryParamsWithEmptyValue()" classname="org.springframework.http.server.reactive.ServerHttpRequestTests" time="0.0"/>
  <testcase name="queryParamsWithNoValue()" classname="org.springframework.http.server.reactive.ServerHttpRequestTests" time="0.0"/>
  <testcase name="queryParamsNone()" classname="org.springframework.http.server.reactive.ServerHttpRequestTests" time="0.0"/>
  <testcase name="queryParamsWithMultipleValues()" classname="org.springframework.http.server.reactive.ServerHttpRequestTests" time="0.0"/>
  <system-out><![CDATA[]]></system-out>
  <system-err><![CDATA[]]></system-err>
</testsuite>
