<?xml version="1.0" encoding="UTF-8"?>
<testsuite name="org.springframework.http.client.reactive.ReactorResourceFactoryTests" tests="6" skipped="0" failures="0" errors="0" timestamp="2021-04-26T07:44:15" hostname="wangweilideMacBook-Pro.local" time="2.086">
  <properties/>
  <testcase name="customShutdownDurations()" classname="org.springframework.http.client.reactive.ReactorResourceFactoryTests" time="0.002"/>
  <testcase name="localResourcesViaSupplier()" classname="org.springframework.http.client.reactive.ReactorResourceFactoryTests" time="0.001"/>
  <testcase name="localResources()" classname="org.springframework.http.client.reactive.ReactorResourceFactoryTests" time="0.003"/>
  <testcase name="globalResources()" classname="org.springframework.http.client.reactive.ReactorResourceFactoryTests" time="2.08"/>
  <testcase name="globalResourcesWithConsumer()" classname="org.springframework.http.client.reactive.ReactorResourceFactoryTests" time="0.0"/>
  <testcase name="externalResources()" classname="org.springframework.http.client.reactive.ReactorResourceFactoryTests" time="0.0"/>
  <system-out><![CDATA[]]></system-out>
  <system-err><![CDATA[]]></system-err>
</testsuite>
