<?xml version="1.0" encoding="UTF-8"?>
<testsuite name="org.springframework.http.server.reactive.ServerHttpsRequestIntegrationTests" tests="1" skipped="0" failures="0" errors="0" timestamp="2021-04-26T07:44:01" hostname="wangweilideMacBook-Pro.local" time="0.494">
  <properties/>
  <testcase name="checkUri()" classname="org.springframework.http.server.reactive.ServerHttpsRequestIntegrationTests" time="0.494"/>
  <system-out><![CDATA[]]></system-out>
  <system-err><![CDATA[]]></system-err>
</testsuite>
