<?xml version="1.0" encoding="UTF-8"?>
<testsuite name="org.springframework.remoting.httpinvoker.HttpComponentsHttpInvokerRequestExecutorTests" tests="7" skipped="0" failures="0" errors="0" timestamp="2021-05-09T12:43:12" hostname="wangweilidembp" time="2.127">
  <properties/>
  <testcase name="ignoreFactorySettings()" classname="org.springframework.remoting.httpinvoker.HttpComponentsHttpInvokerRequestExecutorTests" time="1.935"/>
  <testcase name="customizeConnectionTimeout()" classname="org.springframework.remoting.httpinvoker.HttpComponentsHttpInvokerRequestExecutorTests" time="0.005"/>
  <testcase name="customizeReadTimeout()" classname="org.springframework.remoting.httpinvoker.HttpComponentsHttpInvokerRequestExecutorTests" time="0.006"/>
  <testcase name="mergeBasedOnCurrentHttpClient()" classname="org.springframework.remoting.httpinvoker.HttpComponentsHttpInvokerRequestExecutorTests" time="0.166"/>
  <testcase name="localSettingsOverrideClientDefaultSettings()" classname="org.springframework.remoting.httpinvoker.HttpComponentsHttpInvokerRequestExecutorTests" time="0.004"/>
  <testcase name="customizeConnectionRequestTimeout()" classname="org.springframework.remoting.httpinvoker.HttpComponentsHttpInvokerRequestExecutorTests" time="0.003"/>
  <testcase name="defaultSettingsOfHttpClientMergedOnExecutorCustomization()" classname="org.springframework.remoting.httpinvoker.HttpComponentsHttpInvokerRequestExecutorTests" time="0.003"/>
  <system-out><![CDATA[]]></system-out>
  <system-err><![CDATA[]]></system-err>
</testsuite>
