<?xml version="1.0" encoding="UTF-8"?>
<testsuite name="org.springframework.web.multipart.commons.CommonsMultipartResolverTests" tests="4" skipped="0" failures="0" errors="0" timestamp="2021-05-09T12:44:20" hostname="wangweilidembp" time="0.057">
  <properties/>
  <testcase name="withServletContextAndFilterWithCustomBeanName()" classname="org.springframework.web.multipart.commons.CommonsMultipartResolverTests" time="0.019"/>
  <testcase name="withApplicationContext()" classname="org.springframework.web.multipart.commons.CommonsMultipartResolverTests" time="0.029"/>
  <testcase name="withServletContextAndFilter()" classname="org.springframework.web.multipart.commons.CommonsMultipartResolverTests" time="0.002"/>
  <testcase name="withApplicationContextAndLazyResolution()" classname="org.springframework.web.multipart.commons.CommonsMultipartResolverTests" time="0.007"/>
  <system-out><![CDATA[20:44:20.311 [Test worker] WARN  o.s.w.m.c.CommonsMultipartResolverTests$MockCommonsMultipartResolver - Could not decode multipart item 'field3' with encoding 'enc': using platform default
20:44:20.313 [Test worker] WARN  o.s.w.m.c.CommonsMultipartResolverTests$MockCommonsMultipartResolver - Could not decode multipart item 'field4' with encoding 'enc': using platform default
20:44:20.330 [Test worker] WARN  o.s.w.m.c.CommonsMultipartResolverTests$MockCommonsMultipartResolver - Could not decode multipart item 'field3' with encoding 'enc': using platform default
20:44:20.331 [Test worker] WARN  o.s.w.m.c.CommonsMultipartResolverTests$MockCommonsMultipartResolver - Could not decode multipart item 'field4' with encoding 'enc': using platform default
20:44:20.332 [Test worker] WARN  o.s.w.m.c.CommonsMultipartResolverTests$MockCommonsMultipartResolver - Could not decode multipart item 'field3' with encoding 'enc': using platform default
20:44:20.332 [Test worker] WARN  o.s.w.m.c.CommonsMultipartResolverTests$MockCommonsMultipartResolver - Could not decode multipart item 'field4' with encoding 'enc': using platform default
20:44:20.336 [Test worker] WARN  o.s.w.m.c.CommonsMultipartResolverTests$MockCommonsMultipartResolver - Could not decode multipart item 'field3' with encoding 'enc': using platform default
20:44:20.337 [Test worker] WARN  o.s.w.m.c.CommonsMultipartResolverTests$MockCommonsMultipartResolver - Could not decode multipart item 'field4' with encoding 'enc': using platform default
20:44:20.339 [Test worker] WARN  o.s.w.m.c.CommonsMultipartResolverTests$MockCommonsMultipartResolver - Could not decode multipart item 'field3' with encoding 'enc': using platform default
20:44:20.340 [Test worker] WARN  o.s.w.m.c.CommonsMultipartResolverTests$MockCommonsMultipartResolver - Could not decode multipart item 'field4' with encoding 'enc': using platform default
20:44:20.341 [Test worker] WARN  o.s.w.m.c.CommonsMultipartResolverTests$MockCommonsMultipartResolver - Could not decode multipart item 'field3' with encoding 'enc': using platform default
20:44:20.342 [Test worker] WARN  o.s.w.m.c.CommonsMultipartResolverTests$MockCommonsMultipartResolver - Could not decode multipart item 'field4' with encoding 'enc': using platform default
]]></system-out>
  <system-err><![CDATA[]]></system-err>
</testsuite>
