<?xml version="1.0" encoding="UTF-8"?>
<testsuite name="org.springframework.web.server.session.CookieWebSessionIdResolverTests" tests="2" skipped="0" failures="0" errors="0" timestamp="2021-04-26T07:41:09" hostname="wangweilideMacBook-Pro.local" time="0.006">
  <properties/>
  <testcase name="cookieInitializer()" classname="org.springframework.web.server.session.CookieWebSessionIdResolverTests" time="0.004"/>
  <testcase name="setSessionId()" classname="org.springframework.web.server.session.CookieWebSessionIdResolverTests" time="0.002"/>
  <system-out><![CDATA[]]></system-out>
  <system-err><![CDATA[]]></system-err>
</testsuite>
