<?xml version="1.0" encoding="UTF-8"?>
<testsuite name="org.springframework.http.codec.multipart.DefaultPartHttpMessageReaderTests" tests="46" skipped="0" failures="0" errors="0" timestamp="2021-05-09T12:44:25" hostname="wangweilidembp" time="0.541">
  <properties/>
  <testcase name="[1] streaming" classname="org.springframework.http.codec.multipart.DefaultPartHttpMessageReaderTests" time="0.012"/>
  <testcase name="[2] in-memory" classname="org.springframework.http.codec.multipart.DefaultPartHttpMessageReaderTests" time="0.003"/>
  <testcase name="[3] on-disk" classname="org.springframework.http.codec.multipart.DefaultPartHttpMessageReaderTests" time="0.019"/>
  <testcase name="[1] streaming" classname="org.springframework.http.codec.multipart.DefaultPartHttpMessageReaderTests" time="0.046"/>
  <testcase name="[2] in-memory" classname="org.springframework.http.codec.multipart.DefaultPartHttpMessageReaderTests" time="0.024"/>
  <testcase name="[3] on-disk" classname="org.springframework.http.codec.multipart.DefaultPartHttpMessageReaderTests" time="0.054"/>
  <testcase name="[1] streaming" classname="org.springframework.http.codec.multipart.DefaultPartHttpMessageReaderTests" time="0.002"/>
  <testcase name="[2] in-memory" classname="org.springframework.http.codec.multipart.DefaultPartHttpMessageReaderTests" time="0.002"/>
  <testcase name="[3] on-disk" classname="org.springframework.http.codec.multipart.DefaultPartHttpMessageReaderTests" time="0.002"/>
  <testcase name="[1] streaming" classname="org.springframework.http.codec.multipart.DefaultPartHttpMessageReaderTests" time="0.019"/>
  <testcase name="[2] in-memory" classname="org.springframework.http.codec.multipart.DefaultPartHttpMessageReaderTests" time="0.023"/>
  <testcase name="[3] on-disk" classname="org.springframework.http.codec.multipart.DefaultPartHttpMessageReaderTests" time="0.03"/>
  <testcase name="[1] streaming" classname="org.springframework.http.codec.multipart.DefaultPartHttpMessageReaderTests" time="0.013"/>
  <testcase name="[2] in-memory" classname="org.springframework.http.codec.multipart.DefaultPartHttpMessageReaderTests" time="0.009"/>
  <testcase name="[3] on-disk" classname="org.springframework.http.codec.multipart.DefaultPartHttpMessageReaderTests" time="0.009"/>
  <testcase name="[1] streaming" classname="org.springframework.http.codec.multipart.DefaultPartHttpMessageReaderTests" time="0.022"/>
  <testcase name="[2] in-memory" classname="org.springframework.http.codec.multipart.DefaultPartHttpMessageReaderTests" time="0.023"/>
  <testcase name="[3] on-disk" classname="org.springframework.http.codec.multipart.DefaultPartHttpMessageReaderTests" time="0.033"/>
  <testcase name="[1] streaming" classname="org.springframework.http.codec.multipart.DefaultPartHttpMessageReaderTests" time="0.016"/>
  <testcase name="[2] in-memory" classname="org.springframework.http.codec.multipart.DefaultPartHttpMessageReaderTests" time="0.018"/>
  <testcase name="[3] on-disk" classname="org.springframework.http.codec.multipart.DefaultPartHttpMessageReaderTests" time="0.015"/>
  <testcase name="[1] streaming" classname="org.springframework.http.codec.multipart.DefaultPartHttpMessageReaderTests" time="0.003"/>
  <testcase name="[2] in-memory" classname="org.springframework.http.codec.multipart.DefaultPartHttpMessageReaderTests" time="0.003"/>
  <testcase name="[3] on-disk" classname="org.springframework.http.codec.multipart.DefaultPartHttpMessageReaderTests" time="0.003"/>
  <testcase name="[1] streaming" classname="org.springframework.http.codec.multipart.DefaultPartHttpMessageReaderTests" time="0.0"/>
  <testcase name="[2] in-memory" classname="org.springframework.http.codec.multipart.DefaultPartHttpMessageReaderTests" time="0.0"/>
  <testcase name="[3] on-disk" classname="org.springframework.http.codec.multipart.DefaultPartHttpMessageReaderTests" time="0.0"/>
  <testcase name="[1] streaming" classname="org.springframework.http.codec.multipart.DefaultPartHttpMessageReaderTests" time="0.008"/>
  <testcase name="[2] in-memory" classname="org.springframework.http.codec.multipart.DefaultPartHttpMessageReaderTests" time="0.007"/>
  <testcase name="[3] on-disk" classname="org.springframework.http.codec.multipart.DefaultPartHttpMessageReaderTests" time="0.007"/>
  <testcase name="[1] streaming" classname="org.springframework.http.codec.multipart.DefaultPartHttpMessageReaderTests" time="0.002"/>
  <testcase name="[2] in-memory" classname="org.springframework.http.codec.multipart.DefaultPartHttpMessageReaderTests" time="0.002"/>
  <testcase name="[3] on-disk" classname="org.springframework.http.codec.multipart.DefaultPartHttpMessageReaderTests" time="0.002"/>
  <testcase name="[1] streaming" classname="org.springframework.http.codec.multipart.DefaultPartHttpMessageReaderTests" time="0.011"/>
  <testcase name="[2] in-memory" classname="org.springframework.http.codec.multipart.DefaultPartHttpMessageReaderTests" time="0.01"/>
  <testcase name="[3] on-disk" classname="org.springframework.http.codec.multipart.DefaultPartHttpMessageReaderTests" time="0.013"/>
  <testcase name="[1] streaming" classname="org.springframework.http.codec.multipart.DefaultPartHttpMessageReaderTests" time="0.003"/>
  <testcase name="[2] in-memory" classname="org.springframework.http.codec.multipart.DefaultPartHttpMessageReaderTests" time="0.002"/>
  <testcase name="[3] on-disk" classname="org.springframework.http.codec.multipart.DefaultPartHttpMessageReaderTests" time="0.002"/>
  <testcase name="[1] streaming" classname="org.springframework.http.codec.multipart.DefaultPartHttpMessageReaderTests" time="0.01"/>
  <testcase name="[2] in-memory" classname="org.springframework.http.codec.multipart.DefaultPartHttpMessageReaderTests" time="0.008"/>
  <testcase name="[3] on-disk" classname="org.springframework.http.codec.multipart.DefaultPartHttpMessageReaderTests" time="0.009"/>
  <testcase name="[1] streaming" classname="org.springframework.http.codec.multipart.DefaultPartHttpMessageReaderTests" time="0.008"/>
  <testcase name="[2] in-memory" classname="org.springframework.http.codec.multipart.DefaultPartHttpMessageReaderTests" time="0.006"/>
  <testcase name="[3] on-disk" classname="org.springframework.http.codec.multipart.DefaultPartHttpMessageReaderTests" time="0.007"/>
  <testcase name="tooManyParts()" classname="org.springframework.http.codec.multipart.DefaultPartHttpMessageReaderTests" time="0.005"/>
  <system-out><![CDATA[]]></system-out>
  <system-err><![CDATA[]]></system-err>
</testsuite>
