<?xml version="1.0" encoding="UTF-8"?>
<testsuite name="org.springframework.http.converter.feed.AtomFeedHttpMessageConverterTests" tests="6" skipped="0" failures="0" errors="0" timestamp="2021-04-26T07:42:13" hostname="wangweilideMacBook-Pro.local" time="0.109">
  <properties/>
  <testcase name="writeOtherCharset()" classname="org.springframework.http.converter.feed.AtomFeedHttpMessageConverterTests" time="0.062"/>
  <testcase name="writeOtherContentTypeParameters()" classname="org.springframework.http.converter.feed.AtomFeedHttpMessageConverterTests" time="0.001"/>
  <testcase name="canWrite()" classname="org.springframework.http.converter.feed.AtomFeedHttpMessageConverterTests" time="0.0"/>
  <testcase name="read()" classname="org.springframework.http.converter.feed.AtomFeedHttpMessageConverterTests" time="0.033"/>
  <testcase name="write()" classname="org.springframework.http.converter.feed.AtomFeedHttpMessageConverterTests" time="0.011"/>
  <testcase name="canRead()" classname="org.springframework.http.converter.feed.AtomFeedHttpMessageConverterTests" time="0.001"/>
  <system-out><![CDATA[]]></system-out>
  <system-err><![CDATA[]]></system-err>
</testsuite>
