<?xml version="1.0" encoding="UTF-8"?>
<testsuite name="org.springframework.http.converter.feed.RssChannelHttpMessageConverterTests" tests="5" skipped="0" failures="0" errors="0" timestamp="2021-04-26T07:42:13" hostname="wangweilideMacBook-Pro.local" time="0.025">
  <properties/>
  <testcase name="writeOtherCharset()" classname="org.springframework.http.converter.feed.RssChannelHttpMessageConverterTests" time="0.006"/>
  <testcase name="writeOtherContentTypeParameters()" classname="org.springframework.http.converter.feed.RssChannelHttpMessageConverterTests" time="0.001"/>
  <testcase name="read()" classname="org.springframework.http.converter.feed.RssChannelHttpMessageConverterTests" time="0.003"/>
  <testcase name="write()" classname="org.springframework.http.converter.feed.RssChannelHttpMessageConverterTests" time="0.015"/>
  <testcase name="canReadAndWrite()" classname="org.springframework.http.converter.feed.RssChannelHttpMessageConverterTests" time="0.0"/>
  <system-out><![CDATA[]]></system-out>
  <system-err><![CDATA[]]></system-err>
</testsuite>
