<?xml version="1.0" encoding="UTF-8"?>
<testsuite name="org.springframework.web.bind.EscapedErrorsTests" tests="1" skipped="0" failures="0" errors="0" timestamp="2021-04-26T07:42:08" hostname="wangweilideMacBook-Pro.local" time="0.011">
  <properties/>
  <testcase name="testEscapedErrors()" classname="org.springframework.web.bind.EscapedErrorsTests" time="0.011"/>
  <system-out><![CDATA[]]></system-out>
  <system-err><![CDATA[]]></system-err>
</testsuite>
