<?xml version="1.0" encoding="UTF-8"?>
<testsuite name="org.springframework.http.converter.json.JsonbHttpMessageConverterTests" tests="14" skipped="0" failures="0" errors="0" timestamp="2021-05-09T12:44:24" hostname="wangweilidembp" time="0.144">
  <properties/>
  <testcase name="readAndWriteGenerics()" classname="org.springframework.http.converter.json.JsonbHttpMessageConverterTests" time="0.068"/>
  <testcase name="readInvalidJson()" classname="org.springframework.http.converter.json.JsonbHttpMessageConverterTests" time="0.006"/>
  <testcase name="prefixJson()" classname="org.springframework.http.converter.json.JsonbHttpMessageConverterTests" time="0.001"/>
  <testcase name="readTyped()" classname="org.springframework.http.converter.json.JsonbHttpMessageConverterTests" time="0.004"/>
  <testcase name="readUntyped()" classname="org.springframework.http.converter.json.JsonbHttpMessageConverterTests" time="0.001"/>
  <testcase name="writeUTF16()" classname="org.springframework.http.converter.json.JsonbHttpMessageConverterTests" time="0.001"/>
  <testcase name="writeParameterizedBaseType()" classname="org.springframework.http.converter.json.JsonbHttpMessageConverterTests" time="0.006"/>
  <testcase name="canWrite()" classname="org.springframework.http.converter.json.JsonbHttpMessageConverterTests" time="0.0"/>
  <testcase name="readAndWriteParameterizedType()" classname="org.springframework.http.converter.json.JsonbHttpMessageConverterTests" time="0.008"/>
  <testcase name="write()" classname="org.springframework.http.converter.json.JsonbHttpMessageConverterTests" time="0.009"/>
  <testcase name="canRead()" classname="org.springframework.http.converter.json.JsonbHttpMessageConverterTests" time="0.001"/>
  <testcase name="prefixJsonCustom()" classname="org.springframework.http.converter.json.JsonbHttpMessageConverterTests" time="0.001"/>
  <testcase name="canReadAndWriteMicroformats()" classname="org.springframework.http.converter.json.JsonbHttpMessageConverterTests" time="0.0"/>
  <testcase name="writeWithBaseType()" classname="org.springframework.http.converter.json.JsonbHttpMessageConverterTests" time="0.01"/>
  <system-out><![CDATA[]]></system-out>
  <system-err><![CDATA[]]></system-err>
</testsuite>
