<?xml version="1.0" encoding="UTF-8"?>
<testsuite name="org.springframework.http.ResponseCookieTests" tests="5" skipped="0" failures="0" errors="0" timestamp="2021-04-26T07:44:13" hostname="wangweilideMacBook-Pro.local" time="0.003">
  <properties/>
  <testcase name="valueChecks()" classname="org.springframework.http.ResponseCookieTests" time="0.001"/>
  <testcase name="domainChecks()" classname="org.springframework.http.ResponseCookieTests" time="0.001"/>
  <testcase name="nameChecks()" classname="org.springframework.http.ResponseCookieTests" time="0.0"/>
  <testcase name="domainWithEmptyDoubleQuotes()" classname="org.springframework.http.ResponseCookieTests" time="0.001"/>
  <testcase name="basic()" classname="org.springframework.http.ResponseCookieTests" time="0.0"/>
  <system-out><![CDATA[]]></system-out>
  <system-err><![CDATA[]]></system-err>
</testsuite>
