<?xml version="1.0" encoding="UTF-8"?>
<testsuite name="org.springframework.http.server.reactive.HttpHeadResponseDecoratorTests" tests="4" skipped="0" failures="0" errors="0" timestamp="2021-04-26T07:42:40" hostname="wangweilideMacBook-Pro.local" time="0.002">
  <properties/>
  <testcase name="writeWithGivenContentLength()" classname="org.springframework.http.server.reactive.HttpHeadResponseDecoratorTests" time="0.001"/>
  <testcase name="writeWithGivenTransferEncoding()" classname="org.springframework.http.server.reactive.HttpHeadResponseDecoratorTests" time="0.0"/>
  <testcase name="writeWithFlux()" classname="org.springframework.http.server.reactive.HttpHeadResponseDecoratorTests" time="0.001"/>
  <testcase name="writeWithMono()" classname="org.springframework.http.server.reactive.HttpHeadResponseDecoratorTests" time="0.0"/>
  <system-out><![CDATA[]]></system-out>
  <system-err><![CDATA[]]></system-err>
</testsuite>
