<?xml version="1.0" encoding="UTF-8"?>
<testsuite name="org.springframework.web.multipart.support.RequestPartServletServerHttpRequestTests" tests="8" skipped="0" failures="0" errors="0" timestamp="2021-05-09T12:44:20" hostname="wangweilidembp" time="0.004">
  <properties/>
  <testcase name="getURI()" classname="org.springframework.web.multipart.support.RequestPartServletServerHttpRequestTests" time="0.001"/>
  <testcase name="getContentType()" classname="org.springframework.web.multipart.support.RequestPartServletServerHttpRequestTests" time="0.001"/>
  <testcase name="getBodyViaRequestParameterWithRequestEncoding()" classname="org.springframework.web.multipart.support.RequestPartServletServerHttpRequestTests" time="0.0"/>
  <testcase name="getBody()" classname="org.springframework.web.multipart.support.RequestPartServletServerHttpRequestTests" time="0.0"/>
  <testcase name="getMethod()" classname="org.springframework.web.multipart.support.RequestPartServletServerHttpRequestTests" time="0.0"/>
  <testcase name="getBodyViaRequestPart()" classname="org.springframework.web.multipart.support.RequestPartServletServerHttpRequestTests" time="0.002"/>
  <testcase name="getBodyViaRequestParameter()" classname="org.springframework.web.multipart.support.RequestPartServletServerHttpRequestTests" time="0.0"/>
  <testcase name="getBodyWithWrappedRequest()" classname="org.springframework.web.multipart.support.RequestPartServletServerHttpRequestTests" time="0.0"/>
  <system-out><![CDATA[]]></system-out>
  <system-err><![CDATA[]]></system-err>
</testsuite>
