<?xml version="1.0" encoding="UTF-8"?>
<testsuite name="org.springframework.web.multipart.support.ByteArrayMultipartFileEditorTests" tests="6" skipped="0" failures="0" errors="0" timestamp="2021-04-26T07:42:07" hostname="wangweilideMacBook-Pro.local" time="0.018">
  <properties/>
  <testcase name="setValueAsCustomObjectInvokesToString()" classname="org.springframework.web.multipart.support.ByteArrayMultipartFileEditorTests" time="0.001"/>
  <testcase name="setValueAsMultipartFile()" classname="org.springframework.web.multipart.support.ByteArrayMultipartFileEditorTests" time="0.014"/>
  <testcase name="setValueAsString()" classname="org.springframework.web.multipart.support.ByteArrayMultipartFileEditorTests" time="0.0"/>
  <testcase name="setValueAsByteArray()" classname="org.springframework.web.multipart.support.ByteArrayMultipartFileEditorTests" time="0.0"/>
  <testcase name="setValueAsMultipartFileWithBadBytes()" classname="org.springframework.web.multipart.support.ByteArrayMultipartFileEditorTests" time="0.002"/>
  <testcase name="setValueAsNullGetsBackEmptyString()" classname="org.springframework.web.multipart.support.ByteArrayMultipartFileEditorTests" time="0.0"/>
  <system-out><![CDATA[]]></system-out>
  <system-err><![CDATA[]]></system-err>
</testsuite>
