<?xml version="1.0" encoding="UTF-8"?>
<testsuite name="org.springframework.http.server.reactive.ContextPathCompositeHandlerTests" tests="6" skipped="0" failures="0" errors="0" timestamp="2021-05-09T12:46:23" hostname="wangweilidembp" time="0.003">
  <properties/>
  <testcase name="notFoundWithCommitAction()" classname="org.springframework.http.server.reactive.ContextPathCompositeHandlerTests" time="0.002"/>
  <testcase name="invalidContextPath()" classname="org.springframework.http.server.reactive.ContextPathCompositeHandlerTests" time="0.0"/>
  <testcase name="match()" classname="org.springframework.http.server.reactive.ContextPathCompositeHandlerTests" time="0.001"/>
  <testcase name="matchWithContextPathEqualToPath()" classname="org.springframework.http.server.reactive.ContextPathCompositeHandlerTests" time="0.0"/>
  <testcase name="notFound()" classname="org.springframework.http.server.reactive.ContextPathCompositeHandlerTests" time="0.0"/>
  <testcase name="matchWithNativeContextPath()" classname="org.springframework.http.server.reactive.ContextPathCompositeHandlerTests" time="0.0"/>
  <system-out><![CDATA[]]></system-out>
  <system-err><![CDATA[]]></system-err>
</testsuite>
