<?xml version="1.0" encoding="UTF-8"?>
<testsuite name="org.springframework.web.client.HttpStatusCodeExceptionTests" tests="2" skipped="0" failures="0" errors="0" timestamp="2021-05-09T12:44:22" hostname="wangweilidembp" time="0.003">
  <properties/>
  <testcase name="testSerializability()" classname="org.springframework.web.client.HttpStatusCodeExceptionTests" time="0.003"/>
  <testcase name="emptyStatusText()" classname="org.springframework.web.client.HttpStatusCodeExceptionTests" time="0.0"/>
  <system-out><![CDATA[]]></system-out>
  <system-err><![CDATA[]]></system-err>
</testsuite>
