<?xml version="1.0" encoding="UTF-8"?>
<testsuite name="org.springframework.web.util.JavaScriptUtilsTests" tests="3" skipped="0" failures="0" errors="0" timestamp="2021-05-09T12:43:19" hostname="wangweilidembp" time="0.009">
  <properties/>
  <testcase name="escapePsLsLineTerminators()" classname="org.springframework.web.util.JavaScriptUtilsTests" time="0.008"/>
  <testcase name="escape()" classname="org.springframework.web.util.JavaScriptUtilsTests" time="0.001"/>
  <testcase name="escapeLessThanGreaterThanSigns()" classname="org.springframework.web.util.JavaScriptUtilsTests" time="0.0"/>
  <system-out><![CDATA[]]></system-out>
  <system-err><![CDATA[]]></system-err>
</testsuite>
