<?xml version="1.0" encoding="UTF-8"?>
<testsuite name="org.springframework.http.server.reactive.ZeroCopyIntegrationTests" tests="4" skipped="2" failures="0" errors="0" timestamp="2021-05-09T12:44:51" hostname="wangweilidembp" time="0.029">
  <properties/>
  <testcase name="[1] org.springframework.web.testfixture.http.server.reactive.bootstrap.JettyHttpServer@434b2169" classname="org.springframework.http.server.reactive.ZeroCopyIntegrationTests" time="0.0">
    <skipped/>
  </testcase>
  <testcase name="[2] org.springframework.web.testfixture.http.server.reactive.bootstrap.ReactorHttpServer@6c9492f6" classname="org.springframework.http.server.reactive.ZeroCopyIntegrationTests" time="0.016"/>
  <testcase name="[3] org.springframework.web.testfixture.http.server.reactive.bootstrap.TomcatHttpServer@231f1da6" classname="org.springframework.http.server.reactive.ZeroCopyIntegrationTests" time="0.0">
    <skipped/>
  </testcase>
  <testcase name="[4] org.springframework.web.testfixture.http.server.reactive.bootstrap.UndertowHttpServer@3a6be4d7" classname="org.springframework.http.server.reactive.ZeroCopyIntegrationTests" time="0.012"/>
  <system-out><![CDATA[]]></system-out>
  <system-err><![CDATA[]]></system-err>
</testsuite>
