<?xml version="1.0" encoding="UTF-8"?>
<testsuite name="org.springframework.web.method.HandlerTypePredicateTests" tests="2" skipped="0" failures="0" errors="0" timestamp="2021-05-09T12:44:22" hostname="wangweilidembp" time="0.006">
  <properties/>
  <testcase name="forAnnotation()" classname="org.springframework.web.method.HandlerTypePredicateTests" time="0.005"/>
  <testcase name="forAnnotationWithException()" classname="org.springframework.web.method.HandlerTypePredicateTests" time="0.001"/>
  <system-out><![CDATA[]]></system-out>
  <system-err><![CDATA[]]></system-err>
</testsuite>
