<?xml version="1.0" encoding="UTF-8"?>
<testsuite name="org.springframework.http.client.HttpComponentsClientHttpRequestFactoryTests" tests="11" skipped="0" failures="0" errors="0" timestamp="2021-04-26T07:44:18" hostname="wangweilideMacBook-Pro.local" time="0.033">
  <properties/>
  <testcase name="headersAfterExecute()" classname="org.springframework.http.client.HttpComponentsClientHttpRequestFactoryTests" time="0.003"/>
  <testcase name="status()" classname="org.springframework.http.client.HttpComponentsClientHttpRequestFactoryTests" time="0.003"/>
  <testcase name="echo()" classname="org.springframework.http.client.HttpComponentsClientHttpRequestFactoryTests" time="0.003"/>
  <testcase name="multipleWrites()" classname="org.springframework.http.client.HttpComponentsClientHttpRequestFactoryTests" time="0.004"/>
  <testcase name="queryParameters()" classname="org.springframework.http.client.HttpComponentsClientHttpRequestFactoryTests" time="0.003"/>
  <testcase name="createHttpUriRequest()" classname="org.springframework.http.client.HttpComponentsClientHttpRequestFactoryTests" time="0.002"/>
  <testcase name="mergeBasedOnCurrentHttpClient()" classname="org.springframework.http.client.HttpComponentsClientHttpRequestFactoryTests" time="0.002"/>
  <testcase name="assertCustomConfig()" classname="org.springframework.http.client.HttpComponentsClientHttpRequestFactoryTests" time="0.001"/>
  <testcase name="localSettingsOverrideClientDefaultSettings()" classname="org.springframework.http.client.HttpComponentsClientHttpRequestFactoryTests" time="0.001"/>
  <testcase name="httpMethods()" classname="org.springframework.http.client.HttpComponentsClientHttpRequestFactoryTests" time="0.008"/>
  <testcase name="defaultSettingsOfHttpClientMergedOnExecutorCustomization()" classname="org.springframework.http.client.HttpComponentsClientHttpRequestFactoryTests" time="0.001"/>
  <system-out><![CDATA[]]></system-out>
  <system-err><![CDATA[Apr 26, 2021 3:44:18 PM okhttp3.mockwebserver.MockWebServer$3 execute
INFO: MockWebServer[49341] starting to accept connections
Apr 26, 2021 3:44:18 PM okhttp3.mockwebserver.MockWebServer$4 processOneRequest
INFO: MockWebServer[49341] received request: POST /status/ok HTTP/1.1 and responded: HTTP/1.1 200 OK
Apr 26, 2021 3:44:18 PM okhttp3.mockwebserver.MockWebServer$3 acceptConnections
INFO: MockWebServer[49341] done accepting connections: Socket closed
Apr 26, 2021 3:44:18 PM okhttp3.mockwebserver.MockWebServer$3 execute
INFO: MockWebServer[49343] starting to accept connections
Apr 26, 2021 3:44:18 PM okhttp3.mockwebserver.MockWebServer$4 processOneRequest
INFO: MockWebServer[49343] received request: GET /status/notfound HTTP/1.1 and responded: HTTP/1.1 404 Client Error
Apr 26, 2021 3:44:18 PM okhttp3.mockwebserver.MockWebServer$3 acceptConnections
INFO: MockWebServer[49343] done accepting connections: Socket closed
Apr 26, 2021 3:44:18 PM okhttp3.mockwebserver.MockWebServer$3 execute
INFO: MockWebServer[49345] starting to accept connections
Apr 26, 2021 3:44:18 PM okhttp3.mockwebserver.MockWebServer$4 processOneRequest
INFO: MockWebServer[49345] received request: PUT /echo HTTP/1.1 and responded: HTTP/1.1 200 OK
Apr 26, 2021 3:44:18 PM okhttp3.mockwebserver.MockWebServer$3 acceptConnections
INFO: MockWebServer[49345] done accepting connections: Socket closed
Apr 26, 2021 3:44:18 PM okhttp3.mockwebserver.MockWebServer$3 execute
INFO: MockWebServer[49347] starting to accept connections
Apr 26, 2021 3:44:18 PM okhttp3.mockwebserver.MockWebServer$4 processOneRequest
INFO: MockWebServer[49347] received request: POST /echo HTTP/1.1 and responded: HTTP/1.1 200 OK
Apr 26, 2021 3:44:18 PM okhttp3.mockwebserver.MockWebServer$3 acceptConnections
INFO: MockWebServer[49347] done accepting connections: Socket closed
Apr 26, 2021 3:44:18 PM okhttp3.mockwebserver.MockWebServer$3 execute
INFO: MockWebServer[49349] starting to accept connections
Apr 26, 2021 3:44:18 PM okhttp3.mockwebserver.MockWebServer$4 processOneRequest
INFO: MockWebServer[49349] received request: GET /params?param1=value&param2=value1&param2=value2 HTTP/1.1 and responded: HTTP/1.1 200 OK
Apr 26, 2021 3:44:18 PM okhttp3.mockwebserver.MockWebServer$3 acceptConnections
INFO: MockWebServer[49349] done accepting connections: Socket closed
Apr 26, 2021 3:44:18 PM okhttp3.mockwebserver.MockWebServer$3 execute
INFO: MockWebServer[49351] starting to accept connections
Apr 26, 2021 3:44:18 PM okhttp3.mockwebserver.MockWebServer$3 acceptConnections
INFO: MockWebServer[49351] done accepting connections: Socket closed
Apr 26, 2021 3:44:18 PM okhttp3.mockwebserver.MockWebServer$3 execute
INFO: MockWebServer[49352] starting to accept connections
Apr 26, 2021 3:44:18 PM okhttp3.mockwebserver.MockWebServer$3 acceptConnections
INFO: MockWebServer[49352] done accepting connections: Socket closed
Apr 26, 2021 3:44:18 PM okhttp3.mockwebserver.MockWebServer$3 execute
INFO: MockWebServer[49353] starting to accept connections
Apr 26, 2021 3:44:18 PM okhttp3.mockwebserver.MockWebServer$3 acceptConnections
INFO: MockWebServer[49353] done accepting connections: Socket closed
Apr 26, 2021 3:44:18 PM okhttp3.mockwebserver.MockWebServer$3 execute
INFO: MockWebServer[49354] starting to accept connections
Apr 26, 2021 3:44:18 PM okhttp3.mockwebserver.MockWebServer$3 acceptConnections
INFO: MockWebServer[49354] done accepting connections: Socket closed
Apr 26, 2021 3:44:18 PM okhttp3.mockwebserver.MockWebServer$3 execute
INFO: MockWebServer[49355] starting to accept connections
Apr 26, 2021 3:44:18 PM okhttp3.mockwebserver.MockWebServer$4 processOneRequest
INFO: MockWebServer[49355] received request: GET /methods/get HTTP/1.1 and responded: HTTP/1.1 200 OK
Apr 26, 2021 3:44:18 PM okhttp3.mockwebserver.MockWebServer$4 processOneRequest
INFO: MockWebServer[49355] received request: HEAD /methods/head HTTP/1.1 and responded: HTTP/1.1 200 OK
Apr 26, 2021 3:44:18 PM okhttp3.mockwebserver.MockWebServer$4 processOneRequest
INFO: MockWebServer[49355] received request: POST /methods/post HTTP/1.1 and responded: HTTP/1.1 200 OK
Apr 26, 2021 3:44:18 PM okhttp3.mockwebserver.MockWebServer$4 processOneRequest
INFO: MockWebServer[49355] received request: PUT /methods/put HTTP/1.1 and responded: HTTP/1.1 200 OK
Apr 26, 2021 3:44:18 PM okhttp3.mockwebserver.MockWebServer$4 processOneRequest
INFO: MockWebServer[49355] received request: OPTIONS /methods/options HTTP/1.1 and responded: HTTP/1.1 200 OK
Apr 26, 2021 3:44:18 PM okhttp3.mockwebserver.MockWebServer$4 processOneRequest
INFO: MockWebServer[49355] received request: DELETE /methods/delete HTTP/1.1 and responded: HTTP/1.1 200 OK
Apr 26, 2021 3:44:18 PM okhttp3.mockwebserver.MockWebServer$4 processOneRequest
INFO: MockWebServer[49355] received request: PATCH /methods/patch HTTP/1.1 and responded: HTTP/1.1 200 OK
Apr 26, 2021 3:44:18 PM okhttp3.mockwebserver.MockWebServer$3 acceptConnections
INFO: MockWebServer[49355] done accepting connections: Socket closed
Apr 26, 2021 3:44:18 PM okhttp3.mockwebserver.MockWebServer$3 execute
INFO: MockWebServer[49357] starting to accept connections
Apr 26, 2021 3:44:18 PM okhttp3.mockwebserver.MockWebServer$3 acceptConnections
INFO: MockWebServer[49357] done accepting connections: Socket closed
]]></system-err>
</testsuite>
