<?xml version="1.0" encoding="UTF-8"?>
<testsuite name="org.springframework.http.codec.xml.Jaxb2XmlEncoderTests" tests="4" skipped="0" failures="0" errors="0" timestamp="2021-05-09T12:44:25" hostname="wangweilidembp" time="0.02">
  <properties/>
  <testcase name="encode()" classname="org.springframework.http.codec.xml.Jaxb2XmlEncoderTests" time="0.004"/>
  <testcase name="canEncode()" classname="org.springframework.http.codec.xml.Jaxb2XmlEncoderTests" time="0.0"/>
  <testcase name="encodeElementsWithCommonType()" classname="org.springframework.http.codec.xml.Jaxb2XmlEncoderTests" time="0.014"/>
  <testcase name="encodeError()" classname="org.springframework.http.codec.xml.Jaxb2XmlEncoderTests" time="0.001"/>
  <system-out><![CDATA[]]></system-out>
  <system-err><![CDATA[]]></system-err>
</testsuite>
