<?xml version="1.0" encoding="UTF-8"?>
<testsuite name="org.springframework.http.server.reactive.HeadersAdaptersTests" tests="50" skipped="0" failures="0" errors="0" timestamp="2021-04-26T07:42:18" hostname="wangweilideMacBook-Pro.local" time="0.022">
  <properties/>
  <testcase name="[1] Map" classname="org.springframework.http.server.reactive.HeadersAdaptersTests" time="0.0"/>
  <testcase name="[2] Netty" classname="org.springframework.http.server.reactive.HeadersAdaptersTests" time="0.0"/>
  <testcase name="[3] Tomcat" classname="org.springframework.http.server.reactive.HeadersAdaptersTests" time="0.001"/>
  <testcase name="[4] Undertow" classname="org.springframework.http.server.reactive.HeadersAdaptersTests" time="0.0"/>
  <testcase name="[5] Jetty" classname="org.springframework.http.server.reactive.HeadersAdaptersTests" time="0.0"/>
  <testcase name="[1] Map" classname="org.springframework.http.server.reactive.HeadersAdaptersTests" time="0.0"/>
  <testcase name="[2] Netty" classname="org.springframework.http.server.reactive.HeadersAdaptersTests" time="0.0"/>
  <testcase name="[3] Tomcat" classname="org.springframework.http.server.reactive.HeadersAdaptersTests" time="0.0"/>
  <testcase name="[4] Undertow" classname="org.springframework.http.server.reactive.HeadersAdaptersTests" time="0.001"/>
  <testcase name="[5] Jetty" classname="org.springframework.http.server.reactive.HeadersAdaptersTests" time="0.0"/>
  <testcase name="[1] Map" classname="org.springframework.http.server.reactive.HeadersAdaptersTests" time="0.0"/>
  <testcase name="[2] Netty" classname="org.springframework.http.server.reactive.HeadersAdaptersTests" time="0.0"/>
  <testcase name="[3] Tomcat" classname="org.springframework.http.server.reactive.HeadersAdaptersTests" time="0.0"/>
  <testcase name="[4] Undertow" classname="org.springframework.http.server.reactive.HeadersAdaptersTests" time="0.0"/>
  <testcase name="[5] Jetty" classname="org.springframework.http.server.reactive.HeadersAdaptersTests" time="0.0"/>
  <testcase name="[1] Map" classname="org.springframework.http.server.reactive.HeadersAdaptersTests" time="0.0"/>
  <testcase name="[2] Netty" classname="org.springframework.http.server.reactive.HeadersAdaptersTests" time="0.001"/>
  <testcase name="[3] Tomcat" classname="org.springframework.http.server.reactive.HeadersAdaptersTests" time="0.001"/>
  <testcase name="[4] Undertow" classname="org.springframework.http.server.reactive.HeadersAdaptersTests" time="0.0"/>
  <testcase name="[5] Jetty" classname="org.springframework.http.server.reactive.HeadersAdaptersTests" time="0.0"/>
  <testcase name="[1] Map" classname="org.springframework.http.server.reactive.HeadersAdaptersTests" time="0.0"/>
  <testcase name="[2] Netty" classname="org.springframework.http.server.reactive.HeadersAdaptersTests" time="0.002"/>
  <testcase name="[3] Tomcat" classname="org.springframework.http.server.reactive.HeadersAdaptersTests" time="0.0"/>
  <testcase name="[4] Undertow" classname="org.springframework.http.server.reactive.HeadersAdaptersTests" time="0.001"/>
  <testcase name="[5] Jetty" classname="org.springframework.http.server.reactive.HeadersAdaptersTests" time="0.001"/>
  <testcase name="[1] Map" classname="org.springframework.http.server.reactive.HeadersAdaptersTests" time="0.0"/>
  <testcase name="[2] Netty" classname="org.springframework.http.server.reactive.HeadersAdaptersTests" time="0.0"/>
  <testcase name="[3] Tomcat" classname="org.springframework.http.server.reactive.HeadersAdaptersTests" time="0.0"/>
  <testcase name="[4] Undertow" classname="org.springframework.http.server.reactive.HeadersAdaptersTests" time="0.0"/>
  <testcase name="[5] Jetty" classname="org.springframework.http.server.reactive.HeadersAdaptersTests" time="0.0"/>
  <testcase name="[1] Map" classname="org.springframework.http.server.reactive.HeadersAdaptersTests" time="0.0"/>
  <testcase name="[2] Netty" classname="org.springframework.http.server.reactive.HeadersAdaptersTests" time="0.0"/>
  <testcase name="[3] Tomcat" classname="org.springframework.http.server.reactive.HeadersAdaptersTests" time="0.0"/>
  <testcase name="[4] Undertow" classname="org.springframework.http.server.reactive.HeadersAdaptersTests" time="0.0"/>
  <testcase name="[5] Jetty" classname="org.springframework.http.server.reactive.HeadersAdaptersTests" time="0.0"/>
  <testcase name="[1] Map" classname="org.springframework.http.server.reactive.HeadersAdaptersTests" time="0.001"/>
  <testcase name="[2] Netty" classname="org.springframework.http.server.reactive.HeadersAdaptersTests" time="0.0"/>
  <testcase name="[3] Tomcat" classname="org.springframework.http.server.reactive.HeadersAdaptersTests" time="0.0"/>
  <testcase name="[4] Undertow" classname="org.springframework.http.server.reactive.HeadersAdaptersTests" time="0.0"/>
  <testcase name="[5] Jetty" classname="org.springframework.http.server.reactive.HeadersAdaptersTests" time="0.0"/>
  <testcase name="[1] Map" classname="org.springframework.http.server.reactive.HeadersAdaptersTests" time="0.0"/>
  <testcase name="[2] Netty" classname="org.springframework.http.server.reactive.HeadersAdaptersTests" time="0.0"/>
  <testcase name="[3] Tomcat" classname="org.springframework.http.server.reactive.HeadersAdaptersTests" time="0.0"/>
  <testcase name="[4] Undertow" classname="org.springframework.http.server.reactive.HeadersAdaptersTests" time="0.0"/>
  <testcase name="[5] Jetty" classname="org.springframework.http.server.reactive.HeadersAdaptersTests" time="0.0"/>
  <testcase name="[1] Map" classname="org.springframework.http.server.reactive.HeadersAdaptersTests" time="0.0"/>
  <testcase name="[2] Netty" classname="org.springframework.http.server.reactive.HeadersAdaptersTests" time="0.0"/>
  <testcase name="[3] Tomcat" classname="org.springframework.http.server.reactive.HeadersAdaptersTests" time="0.0"/>
  <testcase name="[4] Undertow" classname="org.springframework.http.server.reactive.HeadersAdaptersTests" time="0.0"/>
  <testcase name="[5] Jetty" classname="org.springframework.http.server.reactive.HeadersAdaptersTests" time="0.001"/>
  <system-out><![CDATA[]]></system-out>
  <system-err><![CDATA[]]></system-err>
</testsuite>
