<?xml version="1.0" encoding="UTF-8"?>
<testsuite name="org.springframework.web.server.adapter.DefaultServerWebExchangeTests" tests="3" skipped="0" failures="0" errors="0" timestamp="2021-05-09T12:43:22" hostname="wangweilidembp" time="0.008">
  <properties/>
  <testcase name="transformUrlDefault()" classname="org.springframework.web.server.adapter.DefaultServerWebExchangeTests" time="0.003"/>
  <testcase name="transformUrlWithEncoder()" classname="org.springframework.web.server.adapter.DefaultServerWebExchangeTests" time="0.002"/>
  <testcase name="transformUrlWithMultipleEncoders()" classname="org.springframework.web.server.adapter.DefaultServerWebExchangeTests" time="0.003"/>
  <system-out><![CDATA[]]></system-out>
  <system-err><![CDATA[]]></system-err>
</testsuite>
