<?xml version="1.0" encoding="UTF-8"?>
<testsuite name="org.springframework.web.filter.RequestLoggingFilterTests" tests="16" skipped="0" failures="0" errors="0" timestamp="2021-05-09T12:44:20" hostname="wangweilidembp" time="0.004">
  <properties/>
  <testcase name="payloadMaxLength()" classname="org.springframework.web.filter.RequestLoggingFilterTests" time="0.0"/>
  <testcase name="payloadReader()" classname="org.springframework.web.filter.RequestLoggingFilterTests" time="0.001"/>
  <testcase name="client()" classname="org.springframework.web.filter.RequestLoggingFilterTests" time="0.0"/>
  <testcase name="payloadInputStream()" classname="org.springframework.web.filter.RequestLoggingFilterTests" time="0.0"/>
  <testcase name="method()" classname="org.springframework.web.filter.RequestLoggingFilterTests" time="0.0"/>
  <testcase name="queryStringIncluded()" classname="org.springframework.web.filter.RequestLoggingFilterTests" time="0.0"/>
  <testcase name="uri()" classname="org.springframework.web.filter.RequestLoggingFilterTests" time="0.0"/>
  <testcase name="user()" classname="org.springframework.web.filter.RequestLoggingFilterTests" time="0.0"/>
  <testcase name="allOptions()" classname="org.springframework.web.filter.RequestLoggingFilterTests" time="0.0"/>
  <testcase name="noQueryStringAvailable()" classname="org.springframework.web.filter.RequestLoggingFilterTests" time="0.0"/>
  <testcase name="customPrefix()" classname="org.springframework.web.filter.RequestLoggingFilterTests" time="0.0"/>
  <testcase name="customSuffix()" classname="org.springframework.web.filter.RequestLoggingFilterTests" time="0.0"/>
  <testcase name="headers()" classname="org.springframework.web.filter.RequestLoggingFilterTests" time="0.0"/>
  <testcase name="defaultPrefix()" classname="org.springframework.web.filter.RequestLoggingFilterTests" time="0.0"/>
  <testcase name="defaultSuffix()" classname="org.springframework.web.filter.RequestLoggingFilterTests" time="0.001"/>
  <testcase name="session()" classname="org.springframework.web.filter.RequestLoggingFilterTests" time="0.0"/>
  <system-out><![CDATA[]]></system-out>
  <system-err><![CDATA[]]></system-err>
</testsuite>
