<?xml version="1.0" encoding="UTF-8"?>
<testsuite name="org.springframework.web.method.annotation.RequestParamMapMethodArgumentResolverTests" tests="7" skipped="0" failures="0" errors="0" timestamp="2021-05-09T12:44:23" hostname="wangweilidembp" time="0.01">
  <properties/>
  <testcase name="resolveMultiValueMapOfPart()" classname="org.springframework.web.method.annotation.RequestParamMapMethodArgumentResolverTests" time="0.001"/>
  <testcase name="resolveMapOfPart()" classname="org.springframework.web.method.annotation.RequestParamMapMethodArgumentResolverTests" time="0.001"/>
  <testcase name="resolveMultiValueMapOfMultipartFile()" classname="org.springframework.web.method.annotation.RequestParamMapMethodArgumentResolverTests" time="0.001"/>
  <testcase name="resolveMapOfString()" classname="org.springframework.web.method.annotation.RequestParamMapMethodArgumentResolverTests" time="0.001"/>
  <testcase name="resolveMapOfMultipartFile()" classname="org.springframework.web.method.annotation.RequestParamMapMethodArgumentResolverTests" time="0.001"/>
  <testcase name="resolveMultiValueMapOfString()" classname="org.springframework.web.method.annotation.RequestParamMapMethodArgumentResolverTests" time="0.003"/>
  <testcase name="supportsParameter()" classname="org.springframework.web.method.annotation.RequestParamMapMethodArgumentResolverTests" time="0.002"/>
  <system-out><![CDATA[]]></system-out>
  <system-err><![CDATA[]]></system-err>
</testsuite>
