<?xml version="1.0" encoding="UTF-8"?>
<testsuite name="org.springframework.web.method.annotation.ModelFactoryOrderingTests" tests="4" skipped="0" failures="0" errors="0" timestamp="2021-04-26T07:42:11" hostname="wangweilideMacBook-Pro.local" time="0.252">
  <properties/>
  <testcase name="unresolvedDependency()" classname="org.springframework.web.method.annotation.ModelFactoryOrderingTests" time="0.24"/>
  <testcase name="treeDependency()" classname="org.springframework.web.method.annotation.ModelFactoryOrderingTests" time="0.004"/>
  <testcase name="straightLineDependency()" classname="org.springframework.web.method.annotation.ModelFactoryOrderingTests" time="0.003"/>
  <testcase name="InvertedTreeDependency()" classname="org.springframework.web.method.annotation.ModelFactoryOrderingTests" time="0.004"/>
  <system-out><![CDATA[]]></system-out>
  <system-err><![CDATA[]]></system-err>
</testsuite>
