<?xml version="1.0" encoding="UTF-8"?>
<testsuite name="org.springframework.web.context.request.RequestAndSessionScopedBeanTests" tests="2" skipped="0" failures="0" errors="0" timestamp="2021-04-26T07:41:05" hostname="wangweilideMacBook-Pro.local" time="0.012">
  <properties/>
  <testcase name="testPutBeanInSession()" classname="org.springframework.web.context.request.RequestAndSessionScopedBeanTests" time="0.007"/>
  <testcase name="testPutBeanInRequest()" classname="org.springframework.web.context.request.RequestAndSessionScopedBeanTests" time="0.004"/>
  <system-out><![CDATA[]]></system-out>
  <system-err><![CDATA[]]></system-err>
</testsuite>
