<?xml version="1.0" encoding="UTF-8"?>
<testsuite name="org.springframework.http.codec.multipart.PartHttpMessageWriterTests" tests="2" skipped="0" failures="0" errors="0" timestamp="2021-05-09T12:44:26" hostname="wangweilidembp" time="0.01">
  <properties/>
  <testcase name="canWrite()" classname="org.springframework.http.codec.multipart.PartHttpMessageWriterTests" time="0.0"/>
  <testcase name="write()" classname="org.springframework.http.codec.multipart.PartHttpMessageWriterTests" time="0.01"/>
  <system-out><![CDATA[]]></system-out>
  <system-err><![CDATA[]]></system-err>
</testsuite>
