<?xml version="1.0" encoding="UTF-8"?>
<testsuite name="org.springframework.http.codec.json.KotlinSerializationJsonEncoderTests" tests="4" skipped="0" failures="0" errors="0" timestamp="2021-04-26T07:44:22" hostname="wangweilideMacBook-Pro.local" time="0.013">
  <properties/>
  <testcase name="encode()" classname="org.springframework.http.codec.json.KotlinSerializationJsonEncoderTests" time="0.007"/>
  <testcase name="encodeMono()" classname="org.springframework.http.codec.json.KotlinSerializationJsonEncoderTests" time="0.003"/>
  <testcase name="canEncode()" classname="org.springframework.http.codec.json.KotlinSerializationJsonEncoderTests" time="0.001"/>
  <testcase name="canNotEncode()" classname="org.springframework.http.codec.json.KotlinSerializationJsonEncoderTests" time="0.0"/>
  <system-out><![CDATA[]]></system-out>
  <system-err><![CDATA[]]></system-err>
</testsuite>
