<?xml version="1.0" encoding="UTF-8"?>
<testsuite name="org.springframework.http.converter.FormHttpMessageConverterTests" tests="10" skipped="0" failures="0" errors="0" timestamp="2021-05-09T12:44:25" hostname="wangweilidembp" time="0.078">
  <properties/>
  <testcase name="setSupportedMediaTypes()" classname="org.springframework.http.converter.FormHttpMessageConverterTests" time="0.0"/>
  <testcase name="addSupportedMediaTypes()" classname="org.springframework.http.converter.FormHttpMessageConverterTests" time="0.0"/>
  <testcase name="writeForm()" classname="org.springframework.http.converter.FormHttpMessageConverterTests" time="0.001"/>
  <testcase name="readForm()" classname="org.springframework.http.converter.FormHttpMessageConverterTests" time="0.0"/>
  <testcase name="canWrite()" classname="org.springframework.http.converter.FormHttpMessageConverterTests" time="0.0"/>
  <testcase name="writeMultipartCharset()" classname="org.springframework.http.converter.FormHttpMessageConverterTests" time="0.016"/>
  <testcase name="canRead()" classname="org.springframework.http.converter.FormHttpMessageConverterTests" time="0.0"/>
  <testcase name="writeMultipartOrder()" classname="org.springframework.http.converter.FormHttpMessageConverterTests" time="0.023"/>
  <testcase name="cannotReadMultipart()" classname="org.springframework.http.converter.FormHttpMessageConverterTests" time="0.0"/>
  <testcase name="writeMultipart()" classname="org.springframework.http.converter.FormHttpMessageConverterTests" time="0.026"/>
  <system-out><![CDATA[]]></system-out>
  <system-err><![CDATA[]]></system-err>
</testsuite>
