<?xml version="1.0" encoding="UTF-8"?>
<testsuite name="org.springframework.http.server.DefaultRequestPathTests" tests="2" skipped="0" failures="0" errors="0" timestamp="2021-04-26T07:44:13" hostname="wangweilideMacBook-Pro.local" time="0.001">
  <properties/>
  <testcase name="modifyContextPath()" classname="org.springframework.http.server.DefaultRequestPathTests" time="0.0"/>
  <testcase name="parse()" classname="org.springframework.http.server.DefaultRequestPathTests" time="0.001"/>
  <system-out><![CDATA[]]></system-out>
  <system-err><![CDATA[]]></system-err>
</testsuite>
