<?xml version="1.0" encoding="UTF-8"?>
<testsuite name="org.springframework.web.context.support.AnnotationConfigWebApplicationContextTests" tests="4" skipped="0" failures="0" errors="0" timestamp="2021-05-09T12:43:15" hostname="wangweilidembp" time="0.153">
  <properties/>
  <testcase name="withBeanNameGenerator()" classname="org.springframework.web.context.support.AnnotationConfigWebApplicationContextTests" time="0.043"/>
  <testcase name="configLocationWithBasePackage()" classname="org.springframework.web.context.support.AnnotationConfigWebApplicationContextTests" time="0.081"/>
  <testcase name="registerSingleClass()" classname="org.springframework.web.context.support.AnnotationConfigWebApplicationContextTests" time="0.012"/>
  <testcase name="configLocationWithSingleClass()" classname="org.springframework.web.context.support.AnnotationConfigWebApplicationContextTests" time="0.013"/>
  <system-out><![CDATA[]]></system-out>
  <system-err><![CDATA[]]></system-err>
</testsuite>
