<?xml version="1.0" encoding="UTF-8"?>
<testsuite name="org.springframework.remoting.httpinvoker.HttpInvokerFactoryBeanIntegrationTests" tests="3" skipped="0" failures="0" errors="0" timestamp="2021-05-09T12:43:11" hostname="wangweilidembp" time="1.675">
  <properties/>
  <testcase name="testLoadedConfigClass()" classname="org.springframework.remoting.httpinvoker.HttpInvokerFactoryBeanIntegrationTests" time="1.53"/>
  <testcase name="testNonLoadedConfigClass()" classname="org.springframework.remoting.httpinvoker.HttpInvokerFactoryBeanIntegrationTests" time="0.123"/>
  <testcase name="withConfigurationClassWithPlainFactoryBean()" classname="org.springframework.remoting.httpinvoker.HttpInvokerFactoryBeanIntegrationTests" time="0.02"/>
  <system-out><![CDATA[]]></system-out>
  <system-err><![CDATA[]]></system-err>
</testsuite>
