<?xml version="1.0" encoding="UTF-8"?>
<testsuite name="org.springframework.web.accept.PathExtensionContentNegotiationStrategyTests" tests="6" skipped="0" failures="0" errors="0" timestamp="2021-04-26T07:41:04" hostname="wangweilideMacBook-Pro.local" time="0.007">
  <properties/>
  <testcase name="resolveMediaTypesFromMapping()" classname="org.springframework.web.accept.PathExtensionContentNegotiationStrategyTests" time="0.001"/>
  <testcase name="resolveMediaTypesFromMediaTypeFactory()" classname="org.springframework.web.accept.PathExtensionContentNegotiationStrategyTests" time="0.0"/>
  <testcase name="getMediaTypeFilenameWithEncodedURI()" classname="org.springframework.web.accept.PathExtensionContentNegotiationStrategyTests" time="0.001"/>
  <testcase name="resolveMediaTypesIgnoreUnknownExtension()" classname="org.springframework.web.accept.PathExtensionContentNegotiationStrategyTests" time="0.001"/>
  <testcase name="getMediaTypeFilenameWithContextPath()" classname="org.springframework.web.accept.PathExtensionContentNegotiationStrategyTests" time="0.001"/>
  <testcase name="resolveMediaTypesDoNotIgnoreUnknownExtension()" classname="org.springframework.web.accept.PathExtensionContentNegotiationStrategyTests" time="0.001"/>
  <system-out><![CDATA[]]></system-out>
  <system-err><![CDATA[]]></system-err>
</testsuite>
