<?xml version="1.0" encoding="UTF-8"?>
<testsuite name="org.springframework.http.codec.support.CodecConfigurerTests" tests="11" skipped="0" failures="0" errors="0" timestamp="2021-05-09T12:44:25" hostname="wangweilidembp" time="0.043">
  <properties/>
  <testcase name="defaultsOffWithCustomWriters()" classname="org.springframework.http.codec.support.CodecConfigurerTests" time="0.015"/>
  <testcase name="defaultReaders()" classname="org.springframework.http.codec.support.CodecConfigurerTests" time="0.0"/>
  <testcase name="defaultWriters()" classname="org.springframework.http.codec.support.CodecConfigurerTests" time="0.0"/>
  <testcase name="cloneDefaultCodecs()" classname="org.springframework.http.codec.support.CodecConfigurerTests" time="0.002"/>
  <testcase name="cloneEmptyCustomCodecs()" classname="org.springframework.http.codec.support.CodecConfigurerTests" time="0.001"/>
  <testcase name="defaultsOffCustomReaders()" classname="org.springframework.http.codec.support.CodecConfigurerTests" time="0.015"/>
  <testcase name="defaultAndCustomReaders()" classname="org.springframework.http.codec.support.CodecConfigurerTests" time="0.002"/>
  <testcase name="encoderDecoderOverrides()" classname="org.springframework.http.codec.support.CodecConfigurerTests" time="0.002"/>
  <testcase name="defaultAndCustomWriters()" classname="org.springframework.http.codec.support.CodecConfigurerTests" time="0.002"/>
  <testcase name="withDefaultCodecConfig()" classname="org.springframework.http.codec.support.CodecConfigurerTests" time="0.001"/>
  <testcase name="cloneCustomCodecs()" classname="org.springframework.http.codec.support.CodecConfigurerTests" time="0.001"/>
  <system-out><![CDATA[]]></system-out>
  <system-err><![CDATA[]]></system-err>
</testsuite>
