<?xml version="1.0" encoding="UTF-8"?>
<testsuite name="org.springframework.web.method.support.HandlerMethodReturnValueHandlerCompositeTests" tests="5" skipped="0" failures="0" errors="0" timestamp="2021-05-09T12:44:23" hostname="wangweilidembp" time="0.014">
  <properties/>
  <testcase name="handleReturnValueWithMultipleHandlers()" classname="org.springframework.web.method.support.HandlerMethodReturnValueHandlerCompositeTests" time="0.005"/>
  <testcase name="handleReturnValue()" classname="org.springframework.web.method.support.HandlerMethodReturnValueHandlerCompositeTests" time="0.001"/>
  <testcase name="handleReturnValueWithAsyncHandler()" classname="org.springframework.web.method.support.HandlerMethodReturnValueHandlerCompositeTests" time="0.006"/>
  <testcase name="supportsReturnType()" classname="org.springframework.web.method.support.HandlerMethodReturnValueHandlerCompositeTests" time="0.001"/>
  <testcase name="noSuitableReturnValueHandler()" classname="org.springframework.web.method.support.HandlerMethodReturnValueHandlerCompositeTests" time="0.001"/>
  <system-out><![CDATA[]]></system-out>
  <system-err><![CDATA[]]></system-err>
</testsuite>
