<?xml version="1.0" encoding="UTF-8"?>
<testsuite name="org.springframework.web.method.annotation.RequestHeaderMapMethodArgumentResolverTests" tests="4" skipped="0" failures="0" errors="0" timestamp="2021-05-09T12:44:22" hostname="wangweilidembp" time="0.003">
  <properties/>
  <testcase name="resolveMapArgument()" classname="org.springframework.web.method.annotation.RequestHeaderMapMethodArgumentResolverTests" time="0.0"/>
  <testcase name="resolveHttpHeadersArgument()" classname="org.springframework.web.method.annotation.RequestHeaderMapMethodArgumentResolverTests" time="0.001"/>
  <testcase name="resolveMultiValueMapArgument()" classname="org.springframework.web.method.annotation.RequestHeaderMapMethodArgumentResolverTests" time="0.0"/>
  <testcase name="supportsParameter()" classname="org.springframework.web.method.annotation.RequestHeaderMapMethodArgumentResolverTests" time="0.002"/>
  <system-out><![CDATA[]]></system-out>
  <system-err><![CDATA[]]></system-err>
</testsuite>
