<?xml version="1.0" encoding="UTF-8"?>
<testsuite name="org.springframework.web.client.AsyncRestTemplateIntegrationTests" tests="42" skipped="0" failures="0" errors="0" timestamp="2021-04-26T07:42:09" hostname="wangweilideMacBook-Pro.local" time="0.475">
  <properties/>
  <testcase name="postForEntityCallbackWithLambdas()" classname="org.springframework.web.client.AsyncRestTemplateIntegrationTests" time="0.039"/>
  <testcase name="exchangeGet()" classname="org.springframework.web.client.AsyncRestTemplateIntegrationTests" time="0.005"/>
  <testcase name="postForLocationCallback()" classname="org.springframework.web.client.AsyncRestTemplateIntegrationTests" time="0.008"/>
  <testcase name="headForHeadersCallbackWithLambdas()" classname="org.springframework.web.client.AsyncRestTemplateIntegrationTests" time="0.009"/>
  <testcase name="delete()" classname="org.springframework.web.client.AsyncRestTemplateIntegrationTests" time="0.006"/>
  <testcase name="notFoundCallback()" classname="org.springframework.web.client.AsyncRestTemplateIntegrationTests" time="0.008"/>
  <testcase name="getEntityCallbackWithLambdas()" classname="org.springframework.web.client.AsyncRestTemplateIntegrationTests" time="0.009"/>
  <testcase name="getNoContentTypeHeader()" classname="org.springframework.web.client.AsyncRestTemplateIntegrationTests" time="0.006"/>
  <testcase name="headForHeadersCallback()" classname="org.springframework.web.client.AsyncRestTemplateIntegrationTests" time="0.008"/>
  <testcase name="getNotModified()" classname="org.springframework.web.client.AsyncRestTemplateIntegrationTests" time="0.004"/>
  <testcase name="serverErrorCallback()" classname="org.springframework.web.client.AsyncRestTemplateIntegrationTests" time="0.008"/>
  <testcase name="serverError()" classname="org.springframework.web.client.AsyncRestTemplateIntegrationTests" time="0.007"/>
  <testcase name="serverErrorCallbackWithLambdas()" classname="org.springframework.web.client.AsyncRestTemplateIntegrationTests" time="0.009"/>
  <testcase name="getEntityCallback()" classname="org.springframework.web.client.AsyncRestTemplateIntegrationTests" time="0.007"/>
  <testcase name="headForHeaders()" classname="org.springframework.web.client.AsyncRestTemplateIntegrationTests" time="0.004"/>
  <testcase name="getEntityFromCompletable()" classname="org.springframework.web.client.AsyncRestTemplateIntegrationTests" time="0.006"/>
  <testcase name="postForEntity()" classname="org.springframework.web.client.AsyncRestTemplateIntegrationTests" time="0.005"/>
  <testcase name="exchangeGetCallbackWithLambdas()" classname="org.springframework.web.client.AsyncRestTemplateIntegrationTests" time="0.009"/>
  <testcase name="putCallback()" classname="org.springframework.web.client.AsyncRestTemplateIntegrationTests" time="0.008"/>
  <testcase name="postForEntityCallback()" classname="org.springframework.web.client.AsyncRestTemplateIntegrationTests" time="0.009"/>
  <testcase name="postForLocation()" classname="org.springframework.web.client.AsyncRestTemplateIntegrationTests" time="0.007"/>
  <testcase name="postForLocationCallbackWithLambdas()" classname="org.springframework.web.client.AsyncRestTemplateIntegrationTests" time="0.008"/>
  <testcase name="put()" classname="org.springframework.web.client.AsyncRestTemplateIntegrationTests" time="0.004"/>
  <testcase name="multipleFutureGets()" classname="org.springframework.web.client.AsyncRestTemplateIntegrationTests" time="0.005"/>
  <testcase name="deleteCallbackWithLambdas()" classname="org.springframework.web.client.AsyncRestTemplateIntegrationTests" time="0.007"/>
  <testcase name="exchangeGetCallback()" classname="org.springframework.web.client.AsyncRestTemplateIntegrationTests" time="0.009"/>
  <testcase name="optionsForAllowCallbackWithLambdas()" classname="org.springframework.web.client.AsyncRestTemplateIntegrationTests" time="0.008"/>
  <testcase name="getAndInterceptError()" classname="org.springframework.web.client.AsyncRestTemplateIntegrationTests" time="0.006"/>
  <testcase name="getEntity()" classname="org.springframework.web.client.AsyncRestTemplateIntegrationTests" time="0.006"/>
  <testcase name="exchangePostCallbackWithLambdas()" classname="org.springframework.web.client.AsyncRestTemplateIntegrationTests" time="0.009"/>
  <testcase name="getNoResponse()" classname="org.springframework.web.client.AsyncRestTemplateIntegrationTests" time="0.006"/>
  <testcase name="notFoundGet()" classname="org.springframework.web.client.AsyncRestTemplateIntegrationTests" time="0.005"/>
  <testcase name="optionsForAllow()" classname="org.springframework.web.client.AsyncRestTemplateIntegrationTests" time="0.005"/>
  <testcase name="optionsForAllowCallback()" classname="org.springframework.web.client.AsyncRestTemplateIntegrationTests" time="0.007"/>
  <testcase name="notFoundCallbackWithLambdas()" classname="org.springframework.web.client.AsyncRestTemplateIntegrationTests" time="0.008"/>
  <testcase name="getAndInterceptResponse()" classname="org.springframework.web.client.AsyncRestTemplateIntegrationTests" time="0.006"/>
  <testcase name="identicalExceptionThroughGetAndCallback()" classname="org.springframework.web.client.AsyncRestTemplateIntegrationTests" time="0.006"/>
  <testcase name="exchangePost()" classname="org.springframework.web.client.AsyncRestTemplateIntegrationTests" time="0.005"/>
  <testcase name="getNoContent()" classname="org.springframework.web.client.AsyncRestTemplateIntegrationTests" time="0.004"/>
  <testcase name="multipartFormData()" classname="org.springframework.web.client.AsyncRestTemplateIntegrationTests" time="0.004"/>
  <testcase name="deleteCallback()" classname="org.springframework.web.client.AsyncRestTemplateIntegrationTests" time="0.033"/>
  <testcase name="exchangePostCallback()" classname="org.springframework.web.client.AsyncRestTemplateIntegrationTests" time="0.007"/>
  <system-out><![CDATA[15:42:10.066 [I/O dispatcher 81] WARN  o.s.w.c.AsyncRestTemplate - Async GET request for "http://localhost:64645/status/notfound" resulted in 404 (Client Error); invoking error handler
15:42:10.115 [I/O dispatcher 161] WARN  o.s.w.c.AsyncRestTemplate - Async GET request for "http://localhost:64655/status/server" resulted in 500 (Server Error); invoking error handler
15:42:10.128 [Test worker] WARN  o.s.w.c.AsyncRestTemplate - Async GET request for "http://localhost:64657/status/server" resulted in 500 (Server Error); invoking error handler
15:42:10.136 [I/O dispatcher 193] WARN  o.s.w.c.AsyncRestTemplate - Async GET request for "http://localhost:64659/status/server" resulted in 500 (Server Error); invoking error handler
15:42:10.328 [Test worker] WARN  o.s.w.c.AsyncRestTemplate - Async GET request for "http://localhost:64699/status/notfound" resulted in 404 (Client Error); invoking error handler
15:42:10.351 [I/O dispatcher 545] WARN  o.s.w.c.AsyncRestTemplate - Async GET request for "http://localhost:64705/status/notfound" resulted in 404 (Client Error); invoking error handler
15:42:10.374 [I/O dispatcher 577] WARN  o.s.w.c.AsyncRestTemplate - Async GET request for "http://localhost:64709/status/notfound" resulted in 404 (Client Error); invoking error handler
]]></system-out>
  <system-err><![CDATA[Apr 26, 2021 3:42:09 PM okhttp3.mockwebserver.MockWebServer$3 execute
INFO: MockWebServer[64635] starting to accept connections
Apr 26, 2021 3:42:10 PM okhttp3.mockwebserver.MockWebServer$4 processOneRequest
INFO: MockWebServer[64635] received request: POST /post HTTP/1.1 and responded: HTTP/1.1 201 OK
Apr 26, 2021 3:42:10 PM okhttp3.mockwebserver.MockWebServer$3 acceptConnections
INFO: MockWebServer[64635] done accepting connections: Socket closed
Apr 26, 2021 3:42:10 PM okhttp3.mockwebserver.MockWebServer$3 execute
INFO: MockWebServer[64637] starting to accept connections
Apr 26, 2021 3:42:10 PM okhttp3.mockwebserver.MockWebServer$4 processOneRequest
INFO: MockWebServer[64637] received request: GET /get HTTP/1.1 and responded: HTTP/1.1 200 OK
Apr 26, 2021 3:42:10 PM okhttp3.mockwebserver.MockWebServer$3 acceptConnections
INFO: MockWebServer[64637] done accepting connections: Socket closed
Apr 26, 2021 3:42:10 PM okhttp3.mockwebserver.MockWebServer$3 execute
INFO: MockWebServer[64639] starting to accept connections
Apr 26, 2021 3:42:10 PM okhttp3.mockwebserver.MockWebServer$4 processOneRequest
INFO: MockWebServer[64639] received request: POST /post HTTP/1.1 and responded: HTTP/1.1 201 OK
Apr 26, 2021 3:42:10 PM okhttp3.mockwebserver.MockWebServer$3 acceptConnections
INFO: MockWebServer[64639] done accepting connections: Socket closed
Apr 26, 2021 3:42:10 PM okhttp3.mockwebserver.MockWebServer$3 execute
INFO: MockWebServer[64641] starting to accept connections
Apr 26, 2021 3:42:10 PM okhttp3.mockwebserver.MockWebServer$4 processOneRequest
INFO: MockWebServer[64641] received request: HEAD /get HTTP/1.1 and responded: HTTP/1.1 200 OK
Apr 26, 2021 3:42:10 PM okhttp3.mockwebserver.MockWebServer$3 acceptConnections
INFO: MockWebServer[64641] done accepting connections: Socket closed
Apr 26, 2021 3:42:10 PM okhttp3.mockwebserver.MockWebServer$3 execute
INFO: MockWebServer[64643] starting to accept connections
Apr 26, 2021 3:42:10 PM okhttp3.mockwebserver.MockWebServer$4 processOneRequest
INFO: MockWebServer[64643] received request: DELETE /delete HTTP/1.1 and responded: HTTP/1.1 200 OK
Apr 26, 2021 3:42:10 PM okhttp3.mockwebserver.MockWebServer$3 acceptConnections
INFO: MockWebServer[64643] done accepting connections: Socket closed
Apr 26, 2021 3:42:10 PM okhttp3.mockwebserver.MockWebServer$3 execute
INFO: MockWebServer[64645] starting to accept connections
Apr 26, 2021 3:42:10 PM okhttp3.mockwebserver.MockWebServer$4 processOneRequest
INFO: MockWebServer[64645] received request: GET /status/notfound HTTP/1.1 and responded: HTTP/1.1 404 Client Error
Apr 26, 2021 3:42:10 PM okhttp3.mockwebserver.MockWebServer$3 acceptConnections
INFO: MockWebServer[64645] done accepting connections: Socket closed
Apr 26, 2021 3:42:10 PM okhttp3.mockwebserver.MockWebServer$3 execute
INFO: MockWebServer[64647] starting to accept connections
Apr 26, 2021 3:42:10 PM okhttp3.mockwebserver.MockWebServer$4 processOneRequest
INFO: MockWebServer[64647] received request: GET /get HTTP/1.1 and responded: HTTP/1.1 200 OK
Apr 26, 2021 3:42:10 PM okhttp3.mockwebserver.MockWebServer$3 acceptConnections
INFO: MockWebServer[64647] done accepting connections: Socket closed
Apr 26, 2021 3:42:10 PM okhttp3.mockwebserver.MockWebServer$3 execute
INFO: MockWebServer[64649] starting to accept connections
Apr 26, 2021 3:42:10 PM okhttp3.mockwebserver.MockWebServer$4 processOneRequest
INFO: MockWebServer[64649] received request: GET /get/nocontenttype HTTP/1.1 and responded: HTTP/1.1 200 OK
Apr 26, 2021 3:42:10 PM okhttp3.mockwebserver.MockWebServer$3 acceptConnections
INFO: MockWebServer[64649] done accepting connections: Socket closed
Apr 26, 2021 3:42:10 PM okhttp3.mockwebserver.MockWebServer$3 execute
INFO: MockWebServer[64651] starting to accept connections
Apr 26, 2021 3:42:10 PM okhttp3.mockwebserver.MockWebServer$4 processOneRequest
INFO: MockWebServer[64651] received request: HEAD /get HTTP/1.1 and responded: HTTP/1.1 200 OK
Apr 26, 2021 3:42:10 PM okhttp3.mockwebserver.MockWebServer$3 acceptConnections
INFO: MockWebServer[64651] done accepting connections: Socket closed
Apr 26, 2021 3:42:10 PM okhttp3.mockwebserver.MockWebServer$3 execute
INFO: MockWebServer[64653] starting to accept connections
Apr 26, 2021 3:42:10 PM okhttp3.mockwebserver.MockWebServer$4 processOneRequest
INFO: MockWebServer[64653] received request: GET /status/notmodified HTTP/1.1 and responded: HTTP/1.1 304 Redirection
Apr 26, 2021 3:42:10 PM okhttp3.mockwebserver.MockWebServer$3 acceptConnections
INFO: MockWebServer[64653] done accepting connections: Socket closed
Apr 26, 2021 3:42:10 PM okhttp3.mockwebserver.MockWebServer$3 execute
INFO: MockWebServer[64655] starting to accept connections
Apr 26, 2021 3:42:10 PM okhttp3.mockwebserver.MockWebServer$4 processOneRequest
INFO: MockWebServer[64655] received request: GET /status/server HTTP/1.1 and responded: HTTP/1.1 500 Server Error
Apr 26, 2021 3:42:10 PM okhttp3.mockwebserver.MockWebServer$3 acceptConnections
INFO: MockWebServer[64655] done accepting connections: Socket closed
Apr 26, 2021 3:42:10 PM okhttp3.mockwebserver.MockWebServer$3 execute
INFO: MockWebServer[64657] starting to accept connections
Apr 26, 2021 3:42:10 PM okhttp3.mockwebserver.MockWebServer$4 processOneRequest
INFO: MockWebServer[64657] received request: GET /status/server HTTP/1.1 and responded: HTTP/1.1 500 Server Error
Apr 26, 2021 3:42:10 PM okhttp3.mockwebserver.MockWebServer$3 acceptConnections
INFO: MockWebServer[64657] done accepting connections: Socket closed
Apr 26, 2021 3:42:10 PM okhttp3.mockwebserver.MockWebServer$3 execute
INFO: MockWebServer[64659] starting to accept connections
Apr 26, 2021 3:42:10 PM okhttp3.mockwebserver.MockWebServer$4 processOneRequest
INFO: MockWebServer[64659] received request: GET /status/server HTTP/1.1 and responded: HTTP/1.1 500 Server Error
Apr 26, 2021 3:42:10 PM okhttp3.mockwebserver.MockWebServer$3 acceptConnections
INFO: MockWebServer[64659] done accepting connections: Socket closed
Apr 26, 2021 3:42:10 PM okhttp3.mockwebserver.MockWebServer$3 execute
INFO: MockWebServer[64661] starting to accept connections
Apr 26, 2021 3:42:10 PM okhttp3.mockwebserver.MockWebServer$4 processOneRequest
INFO: MockWebServer[64661] received request: GET /get HTTP/1.1 and responded: HTTP/1.1 200 OK
Apr 26, 2021 3:42:10 PM okhttp3.mockwebserver.MockWebServer$3 acceptConnections
INFO: MockWebServer[64661] done accepting connections: Socket closed
Apr 26, 2021 3:42:10 PM okhttp3.mockwebserver.MockWebServer$3 execute
INFO: MockWebServer[64663] starting to accept connections
Apr 26, 2021 3:42:10 PM okhttp3.mockwebserver.MockWebServer$4 processOneRequest
INFO: MockWebServer[64663] received request: HEAD /get HTTP/1.1 and responded: HTTP/1.1 200 OK
Apr 26, 2021 3:42:10 PM okhttp3.mockwebserver.MockWebServer$3 acceptConnections
INFO: MockWebServer[64663] done accepting connections: Socket closed
Apr 26, 2021 3:42:10 PM okhttp3.mockwebserver.MockWebServer$3 execute
INFO: MockWebServer[64665] starting to accept connections
Apr 26, 2021 3:42:10 PM okhttp3.mockwebserver.MockWebServer$4 processOneRequest
INFO: MockWebServer[64665] received request: GET /get HTTP/1.1 and responded: HTTP/1.1 200 OK
Apr 26, 2021 3:42:10 PM okhttp3.mockwebserver.MockWebServer$3 acceptConnections
INFO: MockWebServer[64665] done accepting connections: Socket closed
Apr 26, 2021 3:42:10 PM okhttp3.mockwebserver.MockWebServer$3 execute
INFO: MockWebServer[64667] starting to accept connections
Apr 26, 2021 3:42:10 PM okhttp3.mockwebserver.MockWebServer$4 processOneRequest
INFO: MockWebServer[64667] received request: POST /post HTTP/1.1 and responded: HTTP/1.1 201 OK
Apr 26, 2021 3:42:10 PM okhttp3.mockwebserver.MockWebServer$3 acceptConnections
INFO: MockWebServer[64667] done accepting connections: Socket closed
Apr 26, 2021 3:42:10 PM okhttp3.mockwebserver.MockWebServer$3 execute
INFO: MockWebServer[64669] starting to accept connections
Apr 26, 2021 3:42:10 PM okhttp3.mockwebserver.MockWebServer$4 processOneRequest
INFO: MockWebServer[64669] received request: GET /get HTTP/1.1 and responded: HTTP/1.1 200 OK
Apr 26, 2021 3:42:10 PM okhttp3.mockwebserver.MockWebServer$3 acceptConnections
INFO: MockWebServer[64669] done accepting connections: Socket closed
Apr 26, 2021 3:42:10 PM okhttp3.mockwebserver.MockWebServer$3 execute
INFO: MockWebServer[64671] starting to accept connections
Apr 26, 2021 3:42:10 PM okhttp3.mockwebserver.MockWebServer$4 processOneRequest
INFO: MockWebServer[64671] received request: PUT /put HTTP/1.1 and responded: HTTP/1.1 202 OK
Apr 26, 2021 3:42:10 PM okhttp3.mockwebserver.MockWebServer$3 acceptConnections
INFO: MockWebServer[64671] done accepting connections: Socket closed
Apr 26, 2021 3:42:10 PM okhttp3.mockwebserver.MockWebServer$3 execute
INFO: MockWebServer[64673] starting to accept connections
Apr 26, 2021 3:42:10 PM okhttp3.mockwebserver.MockWebServer$4 processOneRequest
INFO: MockWebServer[64673] received request: POST /post HTTP/1.1 and responded: HTTP/1.1 201 OK
Apr 26, 2021 3:42:10 PM okhttp3.mockwebserver.MockWebServer$3 acceptConnections
INFO: MockWebServer[64673] done accepting connections: Socket closed
Apr 26, 2021 3:42:10 PM okhttp3.mockwebserver.MockWebServer$3 execute
INFO: MockWebServer[64675] starting to accept connections
Apr 26, 2021 3:42:10 PM okhttp3.mockwebserver.MockWebServer$4 processOneRequest
INFO: MockWebServer[64675] received request: POST /post HTTP/1.1 and responded: HTTP/1.1 201 OK
Apr 26, 2021 3:42:10 PM okhttp3.mockwebserver.MockWebServer$3 acceptConnections
INFO: MockWebServer[64675] done accepting connections: Socket closed
Apr 26, 2021 3:42:10 PM okhttp3.mockwebserver.MockWebServer$3 execute
INFO: MockWebServer[64677] starting to accept connections
Apr 26, 2021 3:42:10 PM okhttp3.mockwebserver.MockWebServer$4 processOneRequest
INFO: MockWebServer[64677] received request: POST /post HTTP/1.1 and responded: HTTP/1.1 201 OK
Apr 26, 2021 3:42:10 PM okhttp3.mockwebserver.MockWebServer$3 acceptConnections
INFO: MockWebServer[64677] done accepting connections: Socket closed
Apr 26, 2021 3:42:10 PM okhttp3.mockwebserver.MockWebServer$3 execute
INFO: MockWebServer[64679] starting to accept connections
Apr 26, 2021 3:42:10 PM okhttp3.mockwebserver.MockWebServer$4 processOneRequest
INFO: MockWebServer[64679] received request: PUT /put HTTP/1.1 and responded: HTTP/1.1 202 OK
Apr 26, 2021 3:42:10 PM okhttp3.mockwebserver.MockWebServer$3 acceptConnections
INFO: MockWebServer[64679] done accepting connections: Socket closed
Apr 26, 2021 3:42:10 PM okhttp3.mockwebserver.MockWebServer$3 execute
INFO: MockWebServer[64681] starting to accept connections
Apr 26, 2021 3:42:10 PM okhttp3.mockwebserver.MockWebServer$4 processOneRequest
INFO: MockWebServer[64681] received request: GET /get HTTP/1.1 and responded: HTTP/1.1 200 OK
Apr 26, 2021 3:42:10 PM okhttp3.mockwebserver.MockWebServer$3 acceptConnections
INFO: MockWebServer[64681] done accepting connections: Socket closed
Apr 26, 2021 3:42:10 PM okhttp3.mockwebserver.MockWebServer$3 execute
INFO: MockWebServer[64683] starting to accept connections
Apr 26, 2021 3:42:10 PM okhttp3.mockwebserver.MockWebServer$4 processOneRequest
INFO: MockWebServer[64683] received request: DELETE /delete HTTP/1.1 and responded: HTTP/1.1 200 OK
Apr 26, 2021 3:42:10 PM okhttp3.mockwebserver.MockWebServer$3 acceptConnections
INFO: MockWebServer[64683] done accepting connections: Socket closed
Apr 26, 2021 3:42:10 PM okhttp3.mockwebserver.MockWebServer$3 execute
INFO: MockWebServer[64685] starting to accept connections
Apr 26, 2021 3:42:10 PM okhttp3.mockwebserver.MockWebServer$4 processOneRequest
INFO: MockWebServer[64685] received request: GET /get HTTP/1.1 and responded: HTTP/1.1 200 OK
Apr 26, 2021 3:42:10 PM okhttp3.mockwebserver.MockWebServer$3 acceptConnections
INFO: MockWebServer[64685] done accepting connections: Socket closed
Apr 26, 2021 3:42:10 PM okhttp3.mockwebserver.MockWebServer$3 execute
INFO: MockWebServer[64687] starting to accept connections
Apr 26, 2021 3:42:10 PM okhttp3.mockwebserver.MockWebServer$4 processOneRequest
INFO: MockWebServer[64687] received request: OPTIONS /get HTTP/1.1 and responded: HTTP/1.1 200 OK
Apr 26, 2021 3:42:10 PM okhttp3.mockwebserver.MockWebServer$3 acceptConnections
INFO: MockWebServer[64687] done accepting connections: Socket closed
Apr 26, 2021 3:42:10 PM okhttp3.mockwebserver.MockWebServer$3 execute
INFO: MockWebServer[64689] starting to accept connections
Apr 26, 2021 3:42:10 PM okhttp3.mockwebserver.MockWebServer$4 processOneRequest
INFO: MockWebServer[64689] received request: GET /status/notfound HTTP/1.1 and responded: HTTP/1.1 404 Client Error
Apr 26, 2021 3:42:10 PM okhttp3.mockwebserver.MockWebServer$3 acceptConnections
INFO: MockWebServer[64689] done accepting connections: Socket closed
Apr 26, 2021 3:42:10 PM okhttp3.mockwebserver.MockWebServer$3 execute
INFO: MockWebServer[64691] starting to accept connections
Apr 26, 2021 3:42:10 PM okhttp3.mockwebserver.MockWebServer$4 processOneRequest
INFO: MockWebServer[64691] received request: GET /get HTTP/1.1 and responded: HTTP/1.1 200 OK
Apr 26, 2021 3:42:10 PM okhttp3.mockwebserver.MockWebServer$3 acceptConnections
INFO: MockWebServer[64691] done accepting connections: Socket closed
Apr 26, 2021 3:42:10 PM okhttp3.mockwebserver.MockWebServer$3 execute
INFO: MockWebServer[64695] starting to accept connections
Apr 26, 2021 3:42:10 PM okhttp3.mockwebserver.MockWebServer$4 processOneRequest
INFO: MockWebServer[64695] received request: POST /post HTTP/1.1 and responded: HTTP/1.1 201 OK
Apr 26, 2021 3:42:10 PM okhttp3.mockwebserver.MockWebServer$3 acceptConnections
INFO: MockWebServer[64695] done accepting connections: Socket closed
Apr 26, 2021 3:42:10 PM okhttp3.mockwebserver.MockWebServer$3 execute
INFO: MockWebServer[64697] starting to accept connections
Apr 26, 2021 3:42:10 PM okhttp3.mockwebserver.MockWebServer$4 processOneRequest
INFO: MockWebServer[64697] received request: GET /get/nothing HTTP/1.1 and responded: HTTP/1.1 200 OK
Apr 26, 2021 3:42:10 PM okhttp3.mockwebserver.MockWebServer$3 acceptConnections
INFO: MockWebServer[64697] done accepting connections: Socket closed
Apr 26, 2021 3:42:10 PM okhttp3.mockwebserver.MockWebServer$3 execute
INFO: MockWebServer[64699] starting to accept connections
Apr 26, 2021 3:42:10 PM okhttp3.mockwebserver.MockWebServer$4 processOneRequest
INFO: MockWebServer[64699] received request: GET /status/notfound HTTP/1.1 and responded: HTTP/1.1 404 Client Error
Apr 26, 2021 3:42:10 PM okhttp3.mockwebserver.MockWebServer$3 acceptConnections
INFO: MockWebServer[64699] done accepting connections: Socket closed
Apr 26, 2021 3:42:10 PM okhttp3.mockwebserver.MockWebServer$3 execute
INFO: MockWebServer[64701] starting to accept connections
Apr 26, 2021 3:42:10 PM okhttp3.mockwebserver.MockWebServer$4 processOneRequest
INFO: MockWebServer[64701] received request: OPTIONS /get HTTP/1.1 and responded: HTTP/1.1 200 OK
Apr 26, 2021 3:42:10 PM okhttp3.mockwebserver.MockWebServer$3 acceptConnections
INFO: MockWebServer[64701] done accepting connections: Socket closed
Apr 26, 2021 3:42:10 PM okhttp3.mockwebserver.MockWebServer$3 execute
INFO: MockWebServer[64703] starting to accept connections
Apr 26, 2021 3:42:10 PM okhttp3.mockwebserver.MockWebServer$4 processOneRequest
INFO: MockWebServer[64703] received request: OPTIONS /get HTTP/1.1 and responded: HTTP/1.1 200 OK
Apr 26, 2021 3:42:10 PM okhttp3.mockwebserver.MockWebServer$3 acceptConnections
INFO: MockWebServer[64703] done accepting connections: Socket closed
Apr 26, 2021 3:42:10 PM okhttp3.mockwebserver.MockWebServer$3 execute
INFO: MockWebServer[64705] starting to accept connections
Apr 26, 2021 3:42:10 PM okhttp3.mockwebserver.MockWebServer$4 processOneRequest
INFO: MockWebServer[64705] received request: GET /status/notfound HTTP/1.1 and responded: HTTP/1.1 404 Client Error
Apr 26, 2021 3:42:10 PM okhttp3.mockwebserver.MockWebServer$3 acceptConnections
INFO: MockWebServer[64705] done accepting connections: Socket closed
Apr 26, 2021 3:42:10 PM okhttp3.mockwebserver.MockWebServer$3 execute
INFO: MockWebServer[64707] starting to accept connections
Apr 26, 2021 3:42:10 PM okhttp3.mockwebserver.MockWebServer$4 processOneRequest
INFO: MockWebServer[64707] received request: GET /get HTTP/1.1 and responded: HTTP/1.1 200 OK
Apr 26, 2021 3:42:10 PM okhttp3.mockwebserver.MockWebServer$3 acceptConnections
INFO: MockWebServer[64707] done accepting connections: Socket closed
Apr 26, 2021 3:42:10 PM okhttp3.mockwebserver.MockWebServer$3 execute
INFO: MockWebServer[64709] starting to accept connections
Apr 26, 2021 3:42:10 PM okhttp3.mockwebserver.MockWebServer$4 processOneRequest
INFO: MockWebServer[64709] received request: GET /status/notfound HTTP/1.1 and responded: HTTP/1.1 404 Client Error
Apr 26, 2021 3:42:10 PM okhttp3.mockwebserver.MockWebServer$3 acceptConnections
INFO: MockWebServer[64709] done accepting connections: Socket closed
Apr 26, 2021 3:42:10 PM okhttp3.mockwebserver.MockWebServer$3 execute
INFO: MockWebServer[64711] starting to accept connections
Apr 26, 2021 3:42:10 PM okhttp3.mockwebserver.MockWebServer$4 processOneRequest
INFO: MockWebServer[64711] received request: POST /post HTTP/1.1 and responded: HTTP/1.1 201 OK
Apr 26, 2021 3:42:10 PM okhttp3.mockwebserver.MockWebServer$3 acceptConnections
INFO: MockWebServer[64711] done accepting connections: Socket closed
Apr 26, 2021 3:42:10 PM okhttp3.mockwebserver.MockWebServer$3 execute
INFO: MockWebServer[64713] starting to accept connections
Apr 26, 2021 3:42:10 PM okhttp3.mockwebserver.MockWebServer$4 processOneRequest
INFO: MockWebServer[64713] received request: GET /status/nocontent HTTP/1.1 and responded: HTTP/1.1 204 OK
Apr 26, 2021 3:42:10 PM okhttp3.mockwebserver.MockWebServer$3 acceptConnections
INFO: MockWebServer[64713] done accepting connections: Socket closed
Apr 26, 2021 3:42:10 PM okhttp3.mockwebserver.MockWebServer$3 execute
INFO: MockWebServer[64715] starting to accept connections
Apr 26, 2021 3:42:10 PM okhttp3.mockwebserver.MockWebServer$4 processOneRequest
INFO: MockWebServer[64715] received request: POST /multipartFormData HTTP/1.1 and responded: HTTP/1.1 200 OK
Apr 26, 2021 3:42:10 PM okhttp3.mockwebserver.MockWebServer$3 acceptConnections
INFO: MockWebServer[64715] done accepting connections: Socket closed
Apr 26, 2021 3:42:10 PM okhttp3.mockwebserver.MockWebServer$3 execute
INFO: MockWebServer[64717] starting to accept connections
Apr 26, 2021 3:42:10 PM okhttp3.mockwebserver.MockWebServer$4 processOneRequest
INFO: MockWebServer[64717] received request: DELETE /delete HTTP/1.1 and responded: HTTP/1.1 200 OK
Apr 26, 2021 3:42:10 PM okhttp3.mockwebserver.MockWebServer$3 acceptConnections
INFO: MockWebServer[64717] done accepting connections: Socket closed
Apr 26, 2021 3:42:10 PM okhttp3.mockwebserver.MockWebServer$3 execute
INFO: MockWebServer[64719] starting to accept connections
Apr 26, 2021 3:42:10 PM okhttp3.mockwebserver.MockWebServer$4 processOneRequest
INFO: MockWebServer[64719] received request: POST /post HTTP/1.1 and responded: HTTP/1.1 201 OK
Apr 26, 2021 3:42:10 PM okhttp3.mockwebserver.MockWebServer$3 acceptConnections
INFO: MockWebServer[64719] done accepting connections: Socket closed
]]></system-err>
</testsuite>
