<?xml version="1.0" encoding="UTF-8"?>
<testsuite name="org.springframework.http.client.OkHttp3ClientHttpRequestFactoryTests" tests="6" skipped="0" failures="0" errors="0" timestamp="2021-05-09T12:46:31" hostname="wangweilidembp" time="0.027">
  <properties/>
  <testcase name="headersAfterExecute()" classname="org.springframework.http.client.OkHttp3ClientHttpRequestFactoryTests" time="0.002"/>
  <testcase name="status()" classname="org.springframework.http.client.OkHttp3ClientHttpRequestFactoryTests" time="0.002"/>
  <testcase name="echo()" classname="org.springframework.http.client.OkHttp3ClientHttpRequestFactoryTests" time="0.002"/>
  <testcase name="multipleWrites()" classname="org.springframework.http.client.OkHttp3ClientHttpRequestFactoryTests" time="0.003"/>
  <testcase name="queryParameters()" classname="org.springframework.http.client.OkHttp3ClientHttpRequestFactoryTests" time="0.002"/>
  <testcase name="httpMethods()" classname="org.springframework.http.client.OkHttp3ClientHttpRequestFactoryTests" time="0.015"/>
  <system-out><![CDATA[]]></system-out>
  <system-err><![CDATA[May 09, 2021 8:46:31 PM okhttp3.mockwebserver.MockWebServer$3 execute
INFO: MockWebServer[50323] starting to accept connections
May 09, 2021 8:46:31 PM okhttp3.mockwebserver.MockWebServer$4 processOneRequest
INFO: MockWebServer[50323] received request: POST /status/ok HTTP/1.1 and responded: HTTP/1.1 200 OK
May 09, 2021 8:46:31 PM okhttp3.mockwebserver.MockWebServer$3 acceptConnections
INFO: MockWebServer[50323] done accepting connections: Socket closed
May 09, 2021 8:46:31 PM okhttp3.mockwebserver.MockWebServer$3 execute
INFO: MockWebServer[50325] starting to accept connections
May 09, 2021 8:46:31 PM okhttp3.mockwebserver.MockWebServer$4 processOneRequest
INFO: MockWebServer[50325] received request: GET /status/notfound HTTP/1.1 and responded: HTTP/1.1 404 Client Error
May 09, 2021 8:46:31 PM okhttp3.mockwebserver.MockWebServer$3 acceptConnections
INFO: MockWebServer[50325] done accepting connections: Socket closed
May 09, 2021 8:46:31 PM okhttp3.mockwebserver.MockWebServer$3 execute
INFO: MockWebServer[50327] starting to accept connections
May 09, 2021 8:46:31 PM okhttp3.mockwebserver.MockWebServer$4 processOneRequest
INFO: MockWebServer[50327] received request: PUT /echo HTTP/1.1 and responded: HTTP/1.1 200 OK
May 09, 2021 8:46:31 PM okhttp3.mockwebserver.MockWebServer$3 acceptConnections
INFO: MockWebServer[50327] done accepting connections: Socket closed
May 09, 2021 8:46:31 PM okhttp3.mockwebserver.MockWebServer$3 execute
INFO: MockWebServer[50329] starting to accept connections
May 09, 2021 8:46:31 PM okhttp3.mockwebserver.MockWebServer$4 processOneRequest
INFO: MockWebServer[50329] received request: POST /echo HTTP/1.1 and responded: HTTP/1.1 200 OK
May 09, 2021 8:46:31 PM okhttp3.mockwebserver.MockWebServer$3 acceptConnections
INFO: MockWebServer[50329] done accepting connections: Socket closed
May 09, 2021 8:46:31 PM okhttp3.mockwebserver.MockWebServer$3 execute
INFO: MockWebServer[50331] starting to accept connections
May 09, 2021 8:46:31 PM okhttp3.mockwebserver.MockWebServer$4 processOneRequest
INFO: MockWebServer[50331] received request: GET /params?param1=value&param2=value1&param2=value2 HTTP/1.1 and responded: HTTP/1.1 200 OK
May 09, 2021 8:46:31 PM okhttp3.mockwebserver.MockWebServer$3 acceptConnections
INFO: MockWebServer[50331] done accepting connections: Socket closed
May 09, 2021 8:46:31 PM okhttp3.mockwebserver.MockWebServer$3 execute
INFO: MockWebServer[50333] starting to accept connections
May 09, 2021 8:46:31 PM okhttp3.mockwebserver.MockWebServer$4 processOneRequest
INFO: MockWebServer[50333] received request: GET /methods/get HTTP/1.1 and responded: HTTP/1.1 200 OK
May 09, 2021 8:46:31 PM okhttp3.mockwebserver.MockWebServer$4 processOneRequest
INFO: MockWebServer[50333] received request: HEAD /methods/head HTTP/1.1 and responded: HTTP/1.1 200 OK
May 09, 2021 8:46:31 PM okhttp3.mockwebserver.MockWebServer$4 processOneRequest
INFO: MockWebServer[50333] received request: POST /methods/post HTTP/1.1 and responded: HTTP/1.1 200 OK
May 09, 2021 8:46:31 PM okhttp3.mockwebserver.MockWebServer$4 processOneRequest
INFO: MockWebServer[50333] received request: PUT /methods/put HTTP/1.1 and responded: HTTP/1.1 200 OK
May 09, 2021 8:46:31 PM okhttp3.mockwebserver.MockWebServer$4 processOneRequest
INFO: MockWebServer[50333] received request: OPTIONS /methods/options HTTP/1.1 and responded: HTTP/1.1 200 OK
May 09, 2021 8:46:31 PM okhttp3.mockwebserver.MockWebServer$4 processOneRequest
INFO: MockWebServer[50333] received request: DELETE /methods/delete HTTP/1.1 and responded: HTTP/1.1 200 OK
May 09, 2021 8:46:31 PM okhttp3.mockwebserver.MockWebServer$4 processOneRequest
INFO: MockWebServer[50333] received request: PATCH /methods/patch HTTP/1.1 and responded: HTTP/1.1 200 OK
May 09, 2021 8:46:31 PM okhttp3.mockwebserver.MockWebServer$3 acceptConnections
INFO: MockWebServer[50333] done accepting connections: Socket closed
]]></system-err>
</testsuite>
