<?xml version="1.0" encoding="UTF-8"?>
<testsuite name="org.springframework.web.util.ServletRequestPathUtilsTests" tests="1" skipped="0" failures="0" errors="0" timestamp="2021-05-09T12:43:19" hostname="wangweilidembp" time="0.004">
  <properties/>
  <testcase name="parseAndCache()" classname="org.springframework.web.util.ServletRequestPathUtilsTests" time="0.004"/>
  <system-out><![CDATA[]]></system-out>
  <system-err><![CDATA[]]></system-err>
</testsuite>
