<?xml version="1.0" encoding="UTF-8"?>
<testsuite name="org.springframework.web.filter.RequestContextFilterTests" tests="2" skipped="0" failures="0" errors="0" timestamp="2021-05-09T12:44:20" hostname="wangweilidembp" time="0.001">
  <properties/>
  <testcase name="happyPath()" classname="org.springframework.web.filter.RequestContextFilterTests" time="0.001"/>
  <testcase name="withException()" classname="org.springframework.web.filter.RequestContextFilterTests" time="0.0"/>
  <system-out><![CDATA[]]></system-out>
  <system-err><![CDATA[]]></system-err>
</testsuite>
