<?xml version="1.0" encoding="UTF-8"?>
<testsuite name="org.springframework.web.method.annotation.InitBinderDataBinderFactoryTests" tests="7" skipped="0" failures="0" errors="0" timestamp="2021-05-09T12:44:22" hostname="wangweilidembp" time="0.029">
  <properties/>
  <testcase name="createBinderNullAttrName()" classname="org.springframework.web.method.annotation.InitBinderDataBinderFactoryTests" time="0.001"/>
  <testcase name="createBinderWithAttrNameNoMatch()" classname="org.springframework.web.method.annotation.InitBinderDataBinderFactoryTests" time="0.001"/>
  <testcase name="createBinderWithGlobalInitialization()" classname="org.springframework.web.method.annotation.InitBinderDataBinderFactoryTests" time="0.025"/>
  <testcase name="createBinderTypeConversion()" classname="org.springframework.web.method.annotation.InitBinderDataBinderFactoryTests" time="0.001"/>
  <testcase name="returnValueNotExpected()" classname="org.springframework.web.method.annotation.InitBinderDataBinderFactoryTests" time="0.001"/>
  <testcase name="createBinder()" classname="org.springframework.web.method.annotation.InitBinderDataBinderFactoryTests" time="0.0"/>
  <testcase name="createBinderWithAttrName()" classname="org.springframework.web.method.annotation.InitBinderDataBinderFactoryTests" time="0.0"/>
  <system-out><![CDATA[]]></system-out>
  <system-err><![CDATA[]]></system-err>
</testsuite>
