<?xml version="1.0" encoding="UTF-8"?>
<testsuite name="org.springframework.http.client.BufferingClientHttpRequestFactoryTests" tests="7" skipped="0" failures="0" errors="0" timestamp="2021-04-26T07:44:20" hostname="wangweilideMacBook-Pro.local" time="0.029">
  <properties/>
  <testcase name="headersAfterExecute()" classname="org.springframework.http.client.BufferingClientHttpRequestFactoryTests" time="0.005"/>
  <testcase name="status()" classname="org.springframework.http.client.BufferingClientHttpRequestFactoryTests" time="0.003"/>
  <testcase name="echo()" classname="org.springframework.http.client.BufferingClientHttpRequestFactoryTests" time="0.003"/>
  <testcase name="multipleWrites()" classname="org.springframework.http.client.BufferingClientHttpRequestFactoryTests" time="0.003"/>
  <testcase name="queryParameters()" classname="org.springframework.http.client.BufferingClientHttpRequestFactoryTests" time="0.004"/>
  <testcase name="httpMethods()" classname="org.springframework.http.client.BufferingClientHttpRequestFactoryTests" time="0.007"/>
  <testcase name="repeatableRead()" classname="org.springframework.http.client.BufferingClientHttpRequestFactoryTests" time="0.003"/>
  <system-out><![CDATA[]]></system-out>
  <system-err><![CDATA[Apr 26, 2021 3:44:20 PM okhttp3.mockwebserver.MockWebServer$3 execute
INFO: MockWebServer[49398] starting to accept connections
Apr 26, 2021 3:44:20 PM okhttp3.mockwebserver.MockWebServer$4 processOneRequest
INFO: MockWebServer[49398] received request: POST /status/ok HTTP/1.1 and responded: HTTP/1.1 200 OK
Apr 26, 2021 3:44:20 PM okhttp3.mockwebserver.MockWebServer$3 acceptConnections
INFO: MockWebServer[49398] done accepting connections: Socket closed
Apr 26, 2021 3:44:20 PM okhttp3.mockwebserver.MockWebServer$3 execute
INFO: MockWebServer[49400] starting to accept connections
Apr 26, 2021 3:44:20 PM okhttp3.mockwebserver.MockWebServer$4 processOneRequest
INFO: MockWebServer[49400] received request: GET /status/notfound HTTP/1.1 and responded: HTTP/1.1 404 Client Error
Apr 26, 2021 3:44:20 PM okhttp3.mockwebserver.MockWebServer$3 acceptConnections
INFO: MockWebServer[49400] done accepting connections: Socket closed
Apr 26, 2021 3:44:20 PM okhttp3.mockwebserver.MockWebServer$3 execute
INFO: MockWebServer[49402] starting to accept connections
Apr 26, 2021 3:44:20 PM okhttp3.mockwebserver.MockWebServer$4 processOneRequest
INFO: MockWebServer[49402] received request: PUT /echo HTTP/1.1 and responded: HTTP/1.1 200 OK
Apr 26, 2021 3:44:20 PM okhttp3.mockwebserver.MockWebServer$3 acceptConnections
INFO: MockWebServer[49402] done accepting connections: Socket closed
Apr 26, 2021 3:44:20 PM okhttp3.mockwebserver.MockWebServer$3 execute
INFO: MockWebServer[49404] starting to accept connections
Apr 26, 2021 3:44:20 PM okhttp3.mockwebserver.MockWebServer$4 processOneRequest
INFO: MockWebServer[49404] received request: POST /echo HTTP/1.1 and responded: HTTP/1.1 200 OK
Apr 26, 2021 3:44:20 PM okhttp3.mockwebserver.MockWebServer$3 acceptConnections
INFO: MockWebServer[49404] done accepting connections: Socket closed
Apr 26, 2021 3:44:20 PM okhttp3.mockwebserver.MockWebServer$3 execute
INFO: MockWebServer[49406] starting to accept connections
Apr 26, 2021 3:44:20 PM okhttp3.mockwebserver.MockWebServer$4 processOneRequest
INFO: MockWebServer[49406] received request: GET /params?param1=value&param2=value1&param2=value2 HTTP/1.1 and responded: HTTP/1.1 200 OK
Apr 26, 2021 3:44:20 PM okhttp3.mockwebserver.MockWebServer$3 acceptConnections
INFO: MockWebServer[49406] done accepting connections: Socket closed
Apr 26, 2021 3:44:20 PM okhttp3.mockwebserver.MockWebServer$3 execute
INFO: MockWebServer[49408] starting to accept connections
Apr 26, 2021 3:44:20 PM okhttp3.mockwebserver.MockWebServer$4 processOneRequest
INFO: MockWebServer[49408] received request: GET /methods/get HTTP/1.1 and responded: HTTP/1.1 200 OK
Apr 26, 2021 3:44:20 PM okhttp3.mockwebserver.MockWebServer$4 processOneRequest
INFO: MockWebServer[49408] received request: HEAD /methods/head HTTP/1.1 and responded: HTTP/1.1 200 OK
Apr 26, 2021 3:44:20 PM okhttp3.mockwebserver.MockWebServer$4 processOneRequest
INFO: MockWebServer[49408] received request: POST /methods/post HTTP/1.1 and responded: HTTP/1.1 200 OK
Apr 26, 2021 3:44:20 PM okhttp3.mockwebserver.MockWebServer$4 processOneRequest
INFO: MockWebServer[49408] received request: PUT /methods/put HTTP/1.1 and responded: HTTP/1.1 200 OK
Apr 26, 2021 3:44:20 PM okhttp3.mockwebserver.MockWebServer$4 processOneRequest
INFO: MockWebServer[49408] received request: OPTIONS /methods/options HTTP/1.1 and responded: HTTP/1.1 200 OK
Apr 26, 2021 3:44:20 PM okhttp3.mockwebserver.MockWebServer$4 processOneRequest
INFO: MockWebServer[49408] received request: DELETE /methods/delete HTTP/1.1 and responded: HTTP/1.1 200 OK
Apr 26, 2021 3:44:20 PM okhttp3.mockwebserver.MockWebServer$3 acceptConnections
INFO: MockWebServer[49408] done accepting connections: Socket closed
Apr 26, 2021 3:44:20 PM okhttp3.mockwebserver.MockWebServer$3 execute
INFO: MockWebServer[49410] starting to accept connections
Apr 26, 2021 3:44:20 PM okhttp3.mockwebserver.MockWebServer$4 processOneRequest
INFO: MockWebServer[49410] received request: PUT /echo HTTP/1.1 and responded: HTTP/1.1 200 OK
Apr 26, 2021 3:44:20 PM okhttp3.mockwebserver.MockWebServer$3 acceptConnections
INFO: MockWebServer[49410] done accepting connections: Socket closed
]]></system-err>
</testsuite>
