<?xml version="1.0" encoding="UTF-8"?>
<testsuite name="org.springframework.web.context.request.async.DeferredResultTests" tests="7" skipped="0" failures="0" errors="0" timestamp="2021-04-26T07:41:06" hostname="wangweilideMacBook-Pro.local" time="0.021">
  <properties/>
  <testcase name="onCompletion()" classname="org.springframework.web.context.request.async.DeferredResultTests" time="0.001"/>
  <testcase name="onError()" classname="org.springframework.web.context.request.async.DeferredResultTests" time="0.012"/>
  <testcase name="isSetOrExpired()" classname="org.springframework.web.context.request.async.DeferredResultTests" time="0.001"/>
  <testcase name="hasResult()" classname="org.springframework.web.context.request.async.DeferredResultTests" time="0.001"/>
  <testcase name="onTimeout()" classname="org.springframework.web.context.request.async.DeferredResultTests" time="0.002"/>
  <testcase name="setResult()" classname="org.springframework.web.context.request.async.DeferredResultTests" time="0.001"/>
  <testcase name="setResultTwice()" classname="org.springframework.web.context.request.async.DeferredResultTests" time="0.001"/>
  <system-out><![CDATA[]]></system-out>
  <system-err><![CDATA[]]></system-err>
</testsuite>
