<?xml version="1.0" encoding="UTF-8"?>
<testsuite name="org.springframework.http.codec.json.Jackson2SmileEncoderTests" tests="5" skipped="0" failures="0" errors="0" timestamp="2021-05-09T12:44:25" hostname="wangweilidembp" time="0.008">
  <properties/>
  <testcase name="encode()" classname="org.springframework.http.codec.json.Jackson2SmileEncoderTests" time="0.001"/>
  <testcase name="encodeAsStream()" classname="org.springframework.http.codec.json.Jackson2SmileEncoderTests" time="0.005"/>
  <testcase name="canEncode()" classname="org.springframework.http.codec.json.Jackson2SmileEncoderTests" time="0.0"/>
  <testcase name="canNotEncode()" classname="org.springframework.http.codec.json.Jackson2SmileEncoderTests" time="0.0"/>
  <testcase name="encodeError()" classname="org.springframework.http.codec.json.Jackson2SmileEncoderTests" time="0.001"/>
  <system-out><![CDATA[]]></system-out>
  <system-err><![CDATA[]]></system-err>
</testsuite>
