<?xml version="1.0" encoding="UTF-8"?>
<testsuite name="org.springframework.web.cors.UrlBasedCorsConfigurationSourceTests" tests="6" skipped="0" failures="0" errors="0" timestamp="2021-04-26T07:42:07" hostname="wangweilideMacBook-Pro.local" time="0.004">
  <properties/>
  <testcase name="[1] requestFactory=org.springframework.web.cors.UrlBasedCorsConfigurationSourceTests$$Lambda$1157/0x0000000800afa840@3a22224d" classname="org.springframework.web.cors.UrlBasedCorsConfigurationSourceTests" time="0.001"/>
  <testcase name="[2] requestFactory=org.springframework.web.cors.UrlBasedCorsConfigurationSourceTests$$Lambda$1158/0x0000000800afac40@2413003c" classname="org.springframework.web.cors.UrlBasedCorsConfigurationSourceTests" time="0.0"/>
  <testcase name="allowInitLookupPath()" classname="org.springframework.web.cors.UrlBasedCorsConfigurationSourceTests" time="0.001"/>
  <testcase name="[1] requestFactory=org.springframework.web.cors.UrlBasedCorsConfigurationSourceTests$$Lambda$1157/0x0000000800afa840@3a22224d" classname="org.springframework.web.cors.UrlBasedCorsConfigurationSourceTests" time="0.0"/>
  <testcase name="[2] requestFactory=org.springframework.web.cors.UrlBasedCorsConfigurationSourceTests$$Lambda$1158/0x0000000800afac40@2413003c" classname="org.springframework.web.cors.UrlBasedCorsConfigurationSourceTests" time="0.0"/>
  <testcase name="unmodifiableConfigurationsMap()" classname="org.springframework.web.cors.UrlBasedCorsConfigurationSourceTests" time="0.001"/>
  <system-out><![CDATA[]]></system-out>
  <system-err><![CDATA[]]></system-err>
</testsuite>
