<?xml version="1.0" encoding="UTF-8"?>
<testsuite name="org.springframework.http.converter.json.SpringHandlerInstantiatorTests" tests="5" skipped="0" failures="0" errors="0" timestamp="2021-04-26T07:42:13" hostname="wangweilideMacBook-Pro.local" time="0.027">
  <properties/>
  <testcase name="applicationContextAwareTypeIdResolver()" classname="org.springframework.http.converter.json.SpringHandlerInstantiatorTests" time="0.007"/>
  <testcase name="autowiredDeserializer()" classname="org.springframework.http.converter.json.SpringHandlerInstantiatorTests" time="0.012"/>
  <testcase name="autowiredKeyDeserializer()" classname="org.springframework.http.converter.json.SpringHandlerInstantiatorTests" time="0.002"/>
  <testcase name="autowiredSerializer()" classname="org.springframework.http.converter.json.SpringHandlerInstantiatorTests" time="0.004"/>
  <testcase name="applicationContextAwaretypeResolverBuilder()" classname="org.springframework.http.converter.json.SpringHandlerInstantiatorTests" time="0.002"/>
  <system-out><![CDATA[]]></system-out>
  <system-err><![CDATA[]]></system-err>
</testsuite>
