<?xml version="1.0" encoding="UTF-8"?>
<testsuite name="org.springframework.http.codec.json.KotlinSerializationJsonDecoderTests" tests="3" skipped="0" failures="0" errors="0" timestamp="2021-05-09T12:46:32" hostname="wangweilidembp" time="0.01">
  <properties/>
  <testcase name="decodeToMono()" classname="org.springframework.http.codec.json.KotlinSerializationJsonDecoderTests" time="0.008"/>
  <testcase name="decode()" classname="org.springframework.http.codec.json.KotlinSerializationJsonDecoderTests" time="0.001"/>
  <testcase name="canDecode()" classname="org.springframework.http.codec.json.KotlinSerializationJsonDecoderTests" time="0.0"/>
  <system-out><![CDATA[]]></system-out>
  <system-err><![CDATA[]]></system-err>
</testsuite>
