<?xml version="1.0" encoding="UTF-8"?>
<testsuite name="org.springframework.http.client.reactive.ClientHttpConnectorTests" tests="30" skipped="0" failures="0" errors="0" timestamp="2021-05-09T12:46:28" hostname="wangweilidembp" time="0.454">
  <properties/>
  <testcase name="[1] connector=org.springframework.http.client.reactive.ReactorClientHttpConnector@1ceb4089, method=GET" classname="org.springframework.http.client.reactive.ClientHttpConnectorTests" time="0.091"/>
  <testcase name="[2] connector=org.springframework.http.client.reactive.ReactorClientHttpConnector@1ceb4089, method=HEAD" classname="org.springframework.http.client.reactive.ClientHttpConnectorTests" time="0.007"/>
  <testcase name="[3] connector=org.springframework.http.client.reactive.ReactorClientHttpConnector@1ceb4089, method=POST" classname="org.springframework.http.client.reactive.ClientHttpConnectorTests" time="0.007"/>
  <testcase name="[4] connector=org.springframework.http.client.reactive.ReactorClientHttpConnector@1ceb4089, method=PUT" classname="org.springframework.http.client.reactive.ClientHttpConnectorTests" time="0.005"/>
  <testcase name="[5] connector=org.springframework.http.client.reactive.ReactorClientHttpConnector@1ceb4089, method=PATCH" classname="org.springframework.http.client.reactive.ClientHttpConnectorTests" time="0.005"/>
  <testcase name="[6] connector=org.springframework.http.client.reactive.ReactorClientHttpConnector@1ceb4089, method=DELETE" classname="org.springframework.http.client.reactive.ClientHttpConnectorTests" time="0.009"/>
  <testcase name="[7] connector=org.springframework.http.client.reactive.ReactorClientHttpConnector@1ceb4089, method=OPTIONS" classname="org.springframework.http.client.reactive.ClientHttpConnectorTests" time="0.004"/>
  <testcase name="[8] connector=org.springframework.http.client.reactive.ReactorClientHttpConnector@1ceb4089, method=TRACE" classname="org.springframework.http.client.reactive.ClientHttpConnectorTests" time="0.004"/>
  <testcase name="[9] connector=org.springframework.http.client.reactive.JettyClientHttpConnector@17eaf37f, method=GET" classname="org.springframework.http.client.reactive.ClientHttpConnectorTests" time="0.065"/>
  <testcase name="[10] connector=org.springframework.http.client.reactive.JettyClientHttpConnector@17eaf37f, method=HEAD" classname="org.springframework.http.client.reactive.ClientHttpConnectorTests" time="0.006"/>
  <testcase name="[11] connector=org.springframework.http.client.reactive.JettyClientHttpConnector@17eaf37f, method=POST" classname="org.springframework.http.client.reactive.ClientHttpConnectorTests" time="0.014"/>
  <testcase name="[12] connector=org.springframework.http.client.reactive.JettyClientHttpConnector@17eaf37f, method=PUT" classname="org.springframework.http.client.reactive.ClientHttpConnectorTests" time="0.008"/>
  <testcase name="[13] connector=org.springframework.http.client.reactive.JettyClientHttpConnector@17eaf37f, method=PATCH" classname="org.springframework.http.client.reactive.ClientHttpConnectorTests" time="0.009"/>
  <testcase name="[14] connector=org.springframework.http.client.reactive.JettyClientHttpConnector@17eaf37f, method=DELETE" classname="org.springframework.http.client.reactive.ClientHttpConnectorTests" time="0.008"/>
  <testcase name="[15] connector=org.springframework.http.client.reactive.JettyClientHttpConnector@17eaf37f, method=OPTIONS" classname="org.springframework.http.client.reactive.ClientHttpConnectorTests" time="0.01"/>
  <testcase name="[16] connector=org.springframework.http.client.reactive.JettyClientHttpConnector@17eaf37f, method=TRACE" classname="org.springframework.http.client.reactive.ClientHttpConnectorTests" time="0.008"/>
  <testcase name="[17] connector=org.springframework.http.client.reactive.HttpComponentsClientHttpConnector@50bd1389, method=GET" classname="org.springframework.http.client.reactive.ClientHttpConnectorTests" time="0.078"/>
  <testcase name="[18] connector=org.springframework.http.client.reactive.HttpComponentsClientHttpConnector@50bd1389, method=HEAD" classname="org.springframework.http.client.reactive.ClientHttpConnectorTests" time="0.003"/>
  <testcase name="[19] connector=org.springframework.http.client.reactive.HttpComponentsClientHttpConnector@50bd1389, method=POST" classname="org.springframework.http.client.reactive.ClientHttpConnectorTests" time="0.008"/>
  <testcase name="[20] connector=org.springframework.http.client.reactive.HttpComponentsClientHttpConnector@50bd1389, method=PUT" classname="org.springframework.http.client.reactive.ClientHttpConnectorTests" time="0.009"/>
  <testcase name="[21] connector=org.springframework.http.client.reactive.HttpComponentsClientHttpConnector@50bd1389, method=PATCH" classname="org.springframework.http.client.reactive.ClientHttpConnectorTests" time="0.008"/>
  <testcase name="[22] connector=org.springframework.http.client.reactive.HttpComponentsClientHttpConnector@50bd1389, method=DELETE" classname="org.springframework.http.client.reactive.ClientHttpConnectorTests" time="0.003"/>
  <testcase name="[23] connector=org.springframework.http.client.reactive.HttpComponentsClientHttpConnector@50bd1389, method=OPTIONS" classname="org.springframework.http.client.reactive.ClientHttpConnectorTests" time="0.003"/>
  <testcase name="[24] connector=org.springframework.http.client.reactive.HttpComponentsClientHttpConnector@50bd1389, method=TRACE" classname="org.springframework.http.client.reactive.ClientHttpConnectorTests" time="0.008"/>
  <testcase name="[1] connector=org.springframework.http.client.reactive.ReactorClientHttpConnector@7aec6ab9" classname="org.springframework.http.client.reactive.ClientHttpConnectorTests" time="0.037"/>
  <testcase name="[2] connector=org.springframework.http.client.reactive.JettyClientHttpConnector@43073afd" classname="org.springframework.http.client.reactive.ClientHttpConnectorTests" time="0.008"/>
  <testcase name="[3] connector=org.springframework.http.client.reactive.HttpComponentsClientHttpConnector@7ccd6312" classname="org.springframework.http.client.reactive.ClientHttpConnectorTests" time="0.003"/>
  <testcase name="[1] connector=org.springframework.http.client.reactive.ReactorClientHttpConnector@5eadd670" classname="org.springframework.http.client.reactive.ClientHttpConnectorTests" time="0.005"/>
  <testcase name="[2] connector=org.springframework.http.client.reactive.JettyClientHttpConnector@3fa10ec1" classname="org.springframework.http.client.reactive.ClientHttpConnectorTests" time="0.002"/>
  <testcase name="[3] connector=org.springframework.http.client.reactive.HttpComponentsClientHttpConnector@4649a609" classname="org.springframework.http.client.reactive.ClientHttpConnectorTests" time="0.002"/>
  <system-out><![CDATA[20:46:28.874 [reactor-http-nio-10] ERROR i.n.u.ResourceLeakDetector - LEAK: ByteBuf.release() was not called before it's garbage-collected. See https://netty.io/wiki/reference-counted-objects.html for more information.
Recent access records: 
#1:
	io.netty.handler.codec.http.DefaultHttpContent.release(DefaultHttpContent.java:92)
	io.netty.util.ReferenceCountUtil.release(ReferenceCountUtil.java:88)
	reactor.netty.channel.FluxReceive.onInboundNext(FluxReceive.java:368)
	reactor.netty.channel.ChannelOperations.onInboundNext(ChannelOperations.java:401)
	reactor.netty.http.server.HttpServerOperations.onInboundNext(HttpServerOperations.java:551)
	reactor.netty.channel.ChannelOperationsHandler.channelRead(ChannelOperationsHandler.java:94)
	io.netty.channel.AbstractChannelHandlerContext.invokeChannelRead(AbstractChannelHandlerContext.java:379)
	io.netty.channel.AbstractChannelHandlerContext.invokeChannelRead(AbstractChannelHandlerContext.java:365)
	io.netty.channel.AbstractChannelHandlerContext.fireChannelRead(AbstractChannelHandlerContext.java:357)
	reactor.netty.http.server.HttpTrafficHandler.channelRead(HttpTrafficHandler.java:253)
	io.netty.channel.AbstractChannelHandlerContext.invokeChannelRead(AbstractChannelHandlerContext.java:379)
	io.netty.channel.AbstractChannelHandlerContext.invokeChannelRead(AbstractChannelHandlerContext.java:365)
	io.netty.channel.AbstractChannelHandlerContext.fireChannelRead(AbstractChannelHandlerContext.java:357)
	io.netty.channel.CombinedChannelDuplexHandler$DelegatingChannelHandlerContext.fireChannelRead(CombinedChannelDuplexHandler.java:436)
	io.netty.handler.codec.ByteToMessageDecoder.fireChannelRead(ByteToMessageDecoder.java:324)
	io.netty.handler.codec.ByteToMessageDecoder.channelRead(ByteToMessageDecoder.java:296)
	io.netty.channel.CombinedChannelDuplexHandler.channelRead(CombinedChannelDuplexHandler.java:251)
	io.netty.channel.AbstractChannelHandlerContext.invokeChannelRead(AbstractChannelHandlerContext.java:379)
	io.netty.channel.AbstractChannelHandlerContext.invokeChannelRead(AbstractChannelHandlerContext.java:365)
	io.netty.channel.AbstractChannelHandlerContext.fireChannelRead(AbstractChannelHandlerContext.java:357)
	io.netty.channel.DefaultChannelPipeline$HeadContext.channelRead(DefaultChannelPipeline.java:1410)
	io.netty.channel.AbstractChannelHandlerContext.invokeChannelRead(AbstractChannelHandlerContext.java:379)
	io.netty.channel.AbstractChannelHandlerContext.invokeChannelRead(AbstractChannelHandlerContext.java:365)
	io.netty.channel.DefaultChannelPipeline.fireChannelRead(DefaultChannelPipeline.java:919)
	io.netty.channel.nio.AbstractNioByteChannel$NioByteUnsafe.read(AbstractNioByteChannel.java:166)
	io.netty.channel.nio.NioEventLoop.processSelectedKey(NioEventLoop.java:719)
	io.netty.channel.nio.NioEventLoop.processSelectedKeysOptimized(NioEventLoop.java:655)
	io.netty.channel.nio.NioEventLoop.processSelectedKeys(NioEventLoop.java:581)
	io.netty.channel.nio.NioEventLoop.run(NioEventLoop.java:493)
	io.netty.util.concurrent.SingleThreadEventExecutor$4.run(SingleThreadEventExecutor.java:989)
	io.netty.util.internal.ThreadExecutorMap$2.run(ThreadExecutorMap.java:74)
	io.netty.util.concurrent.FastThreadLocalRunnable.run(FastThreadLocalRunnable.java:30)
	java.base/java.lang.Thread.run(Thread.java:834)
#2:
	reactor.core.publisher.FluxPeek$PeekSubscriber.onNext(FluxPeek.java:184)
	reactor.core.publisher.FluxMap$MapSubscriber.onNext(FluxMap.java:120)
	reactor.netty.channel.FluxReceive.onInboundNext(FluxReceive.java:365)
	reactor.netty.channel.ChannelOperations.onInboundNext(ChannelOperations.java:401)
	reactor.netty.http.server.HttpServerOperations.onInboundNext(HttpServerOperations.java:551)
	reactor.netty.channel.ChannelOperationsHandler.channelRead(ChannelOperationsHandler.java:94)
	io.netty.channel.AbstractChannelHandlerContext.invokeChannelRead(AbstractChannelHandlerContext.java:379)
	io.netty.channel.AbstractChannelHandlerContext.invokeChannelRead(AbstractChannelHandlerContext.java:365)
	io.netty.channel.AbstractChannelHandlerContext.fireChannelRead(AbstractChannelHandlerContext.java:357)
	reactor.netty.http.server.HttpTrafficHandler.channelRead(HttpTrafficHandler.java:253)
	io.netty.channel.AbstractChannelHandlerContext.invokeChannelRead(AbstractChannelHandlerContext.java:379)
	io.netty.channel.AbstractChannelHandlerContext.invokeChannelRead(AbstractChannelHandlerContext.java:365)
	io.netty.channel.AbstractChannelHandlerContext.fireChannelRead(AbstractChannelHandlerContext.java:357)
	io.netty.channel.CombinedChannelDuplexHandler$DelegatingChannelHandlerContext.fireChannelRead(CombinedChannelDuplexHandler.java:436)
	io.netty.handler.codec.ByteToMessageDecoder.fireChannelRead(ByteToMessageDecoder.java:324)
	io.netty.handler.codec.ByteToMessageDecoder.channelRead(ByteToMessageDecoder.java:296)
	io.netty.channel.CombinedChannelDuplexHandler.channelRead(CombinedChannelDuplexHandler.java:251)
	io.netty.channel.AbstractChannelHandlerContext.invokeChannelRead(AbstractChannelHandlerContext.java:379)
	io.netty.channel.AbstractChannelHandlerContext.invokeChannelRead(AbstractChannelHandlerContext.java:365)
	io.netty.channel.AbstractChannelHandlerContext.fireChannelRead(AbstractChannelHandlerContext.java:357)
	io.netty.channel.DefaultChannelPipeline$HeadContext.channelRead(DefaultChannelPipeline.java:1410)
	io.netty.channel.AbstractChannelHandlerContext.invokeChannelRead(AbstractChannelHandlerContext.java:379)
	io.netty.channel.AbstractChannelHandlerContext.invokeChannelRead(AbstractChannelHandlerContext.java:365)
	io.netty.channel.DefaultChannelPipeline.fireChannelRead(DefaultChannelPipeline.java:919)
	io.netty.channel.nio.AbstractNioByteChannel$NioByteUnsafe.read(AbstractNioByteChannel.java:166)
	io.netty.channel.nio.NioEventLoop.processSelectedKey(NioEventLoop.java:719)
	io.netty.channel.nio.NioEventLoop.processSelectedKeysOptimized(NioEventLoop.java:655)
	io.netty.channel.nio.NioEventLoop.processSelectedKeys(NioEventLoop.java:581)
	io.netty.channel.nio.NioEventLoop.run(NioEventLoop.java:493)
	io.netty.util.concurrent.SingleThreadEventExecutor$4.run(SingleThreadEventExecutor.java:989)
	io.netty.util.internal.ThreadExecutorMap$2.run(ThreadExecutorMap.java:74)
	io.netty.util.concurrent.FastThreadLocalRunnable.run(FastThreadLocalRunnable.java:30)
	java.base/java.lang.Thread.run(Thread.java:834)
#3:
	Hint: 'reactor.right.reactiveBridge' will handle the message from this point.
	io.netty.handler.codec.http.DefaultHttpContent.touch(DefaultHttpContent.java:86)
	io.netty.handler.codec.http.DefaultLastHttpContent.touch(DefaultLastHttpContent.java:88)
	io.netty.handler.codec.http.DefaultLastHttpContent.touch(DefaultLastHttpContent.java:28)
	io.netty.channel.DefaultChannelPipeline.touch(DefaultChannelPipeline.java:116)
	io.netty.channel.AbstractChannelHandlerContext.invokeChannelRead(AbstractChannelHandlerContext.java:362)
	io.netty.channel.AbstractChannelHandlerContext.fireChannelRead(AbstractChannelHandlerContext.java:357)
	reactor.netty.http.server.HttpTrafficHandler.channelRead(HttpTrafficHandler.java:253)
	io.netty.channel.AbstractChannelHandlerContext.invokeChannelRead(AbstractChannelHandlerContext.java:379)
	io.netty.channel.AbstractChannelHandlerContext.invokeChannelRead(AbstractChannelHandlerContext.java:365)
	io.netty.channel.AbstractChannelHandlerContext.fireChannelRead(AbstractChannelHandlerContext.java:357)
	io.netty.channel.CombinedChannelDuplexHandler$DelegatingChannelHandlerContext.fireChannelRead(CombinedChannelDuplexHandler.java:436)
	io.netty.handler.codec.ByteToMessageDecoder.fireChannelRead(ByteToMessageDecoder.java:324)
	io.netty.handler.codec.ByteToMessageDecoder.channelRead(ByteToMessageDecoder.java:296)
	io.netty.channel.CombinedChannelDuplexHandler.channelRead(CombinedChannelDuplexHandler.java:251)
	io.netty.channel.AbstractChannelHandlerContext.invokeChannelRead(AbstractChannelHandlerContext.java:379)
	io.netty.channel.AbstractChannelHandlerContext.invokeChannelRead(AbstractChannelHandlerContext.java:365)
	io.netty.channel.AbstractChannelHandlerContext.fireChannelRead(AbstractChannelHandlerContext.java:357)
	io.netty.channel.DefaultChannelPipeline$HeadContext.channelRead(DefaultChannelPipeline.java:1410)
	io.netty.channel.AbstractChannelHandlerContext.invokeChannelRead(AbstractChannelHandlerContext.java:379)
	io.netty.channel.AbstractChannelHandlerContext.invokeChannelRead(AbstractChannelHandlerContext.java:365)
	io.netty.channel.DefaultChannelPipeline.fireChannelRead(DefaultChannelPipeline.java:919)
	io.netty.channel.nio.AbstractNioByteChannel$NioByteUnsafe.read(AbstractNioByteChannel.java:166)
	io.netty.channel.nio.NioEventLoop.processSelectedKey(NioEventLoop.java:719)
	io.netty.channel.nio.NioEventLoop.processSelectedKeysOptimized(NioEventLoop.java:655)
	io.netty.channel.nio.NioEventLoop.processSelectedKeys(NioEventLoop.java:581)
	io.netty.channel.nio.NioEventLoop.run(NioEventLoop.java:493)
	io.netty.util.concurrent.SingleThreadEventExecutor$4.run(SingleThreadEventExecutor.java:989)
	io.netty.util.internal.ThreadExecutorMap$2.run(ThreadExecutorMap.java:74)
	io.netty.util.concurrent.FastThreadLocalRunnable.run(FastThreadLocalRunnable.java:30)
	java.base/java.lang.Thread.run(Thread.java:834)
#4:
	Hint: 'reactor.left.httpTrafficHandler' will handle the message from this point.
	io.netty.handler.codec.http.DefaultHttpContent.touch(DefaultHttpContent.java:86)
	io.netty.handler.codec.http.DefaultLastHttpContent.touch(DefaultLastHttpContent.java:88)
	io.netty.handler.codec.http.DefaultLastHttpContent.touch(DefaultLastHttpContent.java:28)
	io.netty.channel.DefaultChannelPipeline.touch(DefaultChannelPipeline.java:116)
	io.netty.channel.AbstractChannelHandlerContext.invokeChannelRead(AbstractChannelHandlerContext.java:362)
	io.netty.channel.AbstractChannelHandlerContext.fireChannelRead(AbstractChannelHandlerContext.java:357)
	io.netty.channel.CombinedChannelDuplexHandler$DelegatingChannelHandlerContext.fireChannelRead(CombinedChannelDuplexHandler.java:436)
	io.netty.handler.codec.ByteToMessageDecoder.fireChannelRead(ByteToMessageDecoder.java:324)
	io.netty.handler.codec.ByteToMessageDecoder.channelRead(ByteToMessageDecoder.java:296)
	io.netty.channel.CombinedChannelDuplexHandler.channelRead(CombinedChannelDuplexHandler.java:251)
	io.netty.channel.AbstractChannelHandlerContext.invokeChannelRead(AbstractChannelHandlerContext.java:379)
	io.netty.channel.AbstractChannelHandlerContext.invokeChannelRead(AbstractChannelHandlerContext.java:365)
	io.netty.channel.AbstractChannelHandlerContext.fireChannelRead(AbstractChannelHandlerContext.java:357)
	io.netty.channel.DefaultChannelPipeline$HeadContext.channelRead(DefaultChannelPipeline.java:1410)
	io.netty.channel.AbstractChannelHandlerContext.invokeChannelRead(AbstractChannelHandlerContext.java:379)
	io.netty.channel.AbstractChannelHandlerContext.invokeChannelRead(AbstractChannelHandlerContext.java:365)
	io.netty.channel.DefaultChannelPipeline.fireChannelRead(DefaultChannelPipeline.java:919)
	io.netty.channel.nio.AbstractNioByteChannel$NioByteUnsafe.read(AbstractNioByteChannel.java:166)
	io.netty.channel.nio.NioEventLoop.processSelectedKey(NioEventLoop.java:719)
	io.netty.channel.nio.NioEventLoop.processSelectedKeysOptimized(NioEventLoop.java:655)
	io.netty.channel.nio.NioEventLoop.processSelectedKeys(NioEventLoop.java:581)
	io.netty.channel.nio.NioEventLoop.run(NioEventLoop.java:493)
	io.netty.util.concurrent.SingleThreadEventExecutor$4.run(SingleThreadEventExecutor.java:989)
	io.netty.util.internal.ThreadExecutorMap$2.run(ThreadExecutorMap.java:74)
	io.netty.util.concurrent.FastThreadLocalRunnable.run(FastThreadLocalRunnable.java:30)
	java.base/java.lang.Thread.run(Thread.java:834)
Created at:
	io.netty.buffer.SimpleLeakAwareByteBuf.unwrappedDerived(SimpleLeakAwareByteBuf.java:143)
	io.netty.buffer.SimpleLeakAwareByteBuf.readRetainedSlice(SimpleLeakAwareByteBuf.java:67)
	io.netty.buffer.AdvancedLeakAwareByteBuf.readRetainedSlice(AdvancedLeakAwareByteBuf.java:107)
	io.netty.handler.codec.http.HttpObjectDecoder.decode(HttpObjectDecoder.java:335)
	io.netty.handler.codec.http.HttpServerCodec$HttpServerRequestDecoder.decode(HttpServerCodec.java:123)
	io.netty.handler.codec.ByteToMessageDecoder.decodeRemovalReentryProtection(ByteToMessageDecoder.java:508)
	io.netty.handler.codec.ByteToMessageDecoder.callDecode(ByteToMessageDecoder.java:447)
	io.netty.handler.codec.ByteToMessageDecoder.channelRead(ByteToMessageDecoder.java:276)
	io.netty.channel.CombinedChannelDuplexHandler.channelRead(CombinedChannelDuplexHandler.java:251)
	io.netty.channel.AbstractChannelHandlerContext.invokeChannelRead(AbstractChannelHandlerContext.java:379)
	io.netty.channel.AbstractChannelHandlerContext.invokeChannelRead(AbstractChannelHandlerContext.java:365)
	io.netty.channel.AbstractChannelHandlerContext.fireChannelRead(AbstractChannelHandlerContext.java:357)
	io.netty.channel.DefaultChannelPipeline$HeadContext.channelRead(DefaultChannelPipeline.java:1410)
	io.netty.channel.AbstractChannelHandlerContext.invokeChannelRead(AbstractChannelHandlerContext.java:379)
	io.netty.channel.AbstractChannelHandlerContext.invokeChannelRead(AbstractChannelHandlerContext.java:365)
	io.netty.channel.DefaultChannelPipeline.fireChannelRead(DefaultChannelPipeline.java:919)
	io.netty.channel.nio.AbstractNioByteChannel$NioByteUnsafe.read(AbstractNioByteChannel.java:166)
	io.netty.channel.nio.NioEventLoop.processSelectedKey(NioEventLoop.java:719)
	io.netty.channel.nio.NioEventLoop.processSelectedKeysOptimized(NioEventLoop.java:655)
	io.netty.channel.nio.NioEventLoop.processSelectedKeys(NioEventLoop.java:581)
	io.netty.channel.nio.NioEventLoop.run(NioEventLoop.java:493)
	io.netty.util.concurrent.SingleThreadEventExecutor$4.run(SingleThreadEventExecutor.java:989)
	io.netty.util.internal.ThreadExecutorMap$2.run(ThreadExecutorMap.java:74)
	io.netty.util.concurrent.FastThreadLocalRunnable.run(FastThreadLocalRunnable.java:30)
	java.base/java.lang.Thread.run(Thread.java:834)
: 1 leak records were discarded because the leak record count is targeted to 4. Use system property io.netty.leakDetection.targetRecords to increase the limit.
20:46:28.880 [reactor-http-nio-10] ERROR i.n.u.ResourceLeakDetector - LEAK: ByteBuf.release() was not called before it's garbage-collected. See https://netty.io/wiki/reference-counted-objects.html for more information.
Recent access records: 
#1:
	io.netty.handler.codec.ByteToMessageDecoder.channelRead(ByteToMessageDecoder.java:285)
	io.netty.channel.CombinedChannelDuplexHandler.channelRead(CombinedChannelDuplexHandler.java:251)
	io.netty.channel.AbstractChannelHandlerContext.invokeChannelRead(AbstractChannelHandlerContext.java:379)
	io.netty.channel.AbstractChannelHandlerContext.invokeChannelRead(AbstractChannelHandlerContext.java:365)
	io.netty.channel.AbstractChannelHandlerContext.fireChannelRead(AbstractChannelHandlerContext.java:357)
	io.netty.channel.DefaultChannelPipeline$HeadContext.channelRead(DefaultChannelPipeline.java:1410)
	io.netty.channel.AbstractChannelHandlerContext.invokeChannelRead(AbstractChannelHandlerContext.java:379)
	io.netty.channel.AbstractChannelHandlerContext.invokeChannelRead(AbstractChannelHandlerContext.java:365)
	io.netty.channel.DefaultChannelPipeline.fireChannelRead(DefaultChannelPipeline.java:919)
	io.netty.channel.nio.AbstractNioByteChannel$NioByteUnsafe.read(AbstractNioByteChannel.java:166)
	io.netty.channel.nio.NioEventLoop.processSelectedKey(NioEventLoop.java:719)
	io.netty.channel.nio.NioEventLoop.processSelectedKeysOptimized(NioEventLoop.java:655)
	io.netty.channel.nio.NioEventLoop.processSelectedKeys(NioEventLoop.java:581)
	io.netty.channel.nio.NioEventLoop.run(NioEventLoop.java:493)
	io.netty.util.concurrent.SingleThreadEventExecutor$4.run(SingleThreadEventExecutor.java:989)
	io.netty.util.internal.ThreadExecutorMap$2.run(ThreadExecutorMap.java:74)
	io.netty.util.concurrent.FastThreadLocalRunnable.run(FastThreadLocalRunnable.java:30)
	java.base/java.lang.Thread.run(Thread.java:834)
#2:
	io.netty.buffer.AdvancedLeakAwareByteBuf.forEachByte(AdvancedLeakAwareByteBuf.java:670)
	io.netty.handler.codec.http.HttpObjectDecoder$HeaderParser.parse(HttpObjectDecoder.java:910)
	io.netty.handler.codec.http.HttpObjectDecoder.readHeaders(HttpObjectDecoder.java:615)
	io.netty.handler.codec.http.HttpObjectDecoder.decode(HttpObjectDecoder.java:257)
	io.netty.handler.codec.http.HttpServerCodec$HttpServerRequestDecoder.decode(HttpServerCodec.java:123)
	io.netty.handler.codec.ByteToMessageDecoder.decodeRemovalReentryProtection(ByteToMessageDecoder.java:508)
	io.netty.handler.codec.ByteToMessageDecoder.callDecode(ByteToMessageDecoder.java:447)
	io.netty.handler.codec.ByteToMessageDecoder.channelRead(ByteToMessageDecoder.java:276)
	io.netty.channel.CombinedChannelDuplexHandler.channelRead(CombinedChannelDuplexHandler.java:251)
	io.netty.channel.AbstractChannelHandlerContext.invokeChannelRead(AbstractChannelHandlerContext.java:379)
	io.netty.channel.AbstractChannelHandlerContext.invokeChannelRead(AbstractChannelHandlerContext.java:365)
	io.netty.channel.AbstractChannelHandlerContext.fireChannelRead(AbstractChannelHandlerContext.java:357)
	io.netty.channel.DefaultChannelPipeline$HeadContext.channelRead(DefaultChannelPipeline.java:1410)
	io.netty.channel.AbstractChannelHandlerContext.invokeChannelRead(AbstractChannelHandlerContext.java:379)
	io.netty.channel.AbstractChannelHandlerContext.invokeChannelRead(AbstractChannelHandlerContext.java:365)
	io.netty.channel.DefaultChannelPipeline.fireChannelRead(DefaultChannelPipeline.java:919)
	io.netty.channel.nio.AbstractNioByteChannel$NioByteUnsafe.read(AbstractNioByteChannel.java:166)
	io.netty.channel.nio.NioEventLoop.processSelectedKey(NioEventLoop.java:719)
	io.netty.channel.nio.NioEventLoop.processSelectedKeysOptimized(NioEventLoop.java:655)
	io.netty.channel.nio.NioEventLoop.processSelectedKeys(NioEventLoop.java:581)
	io.netty.channel.nio.NioEventLoop.run(NioEventLoop.java:493)
	io.netty.util.concurrent.SingleThreadEventExecutor$4.run(SingleThreadEventExecutor.java:989)
	io.netty.util.internal.ThreadExecutorMap$2.run(ThreadExecutorMap.java:74)
	io.netty.util.concurrent.FastThreadLocalRunnable.run(FastThreadLocalRunnable.java:30)
	java.base/java.lang.Thread.run(Thread.java:834)
#3:
	Hint: 'reactor.left.httpCodec' will handle the message from this point.
	io.netty.channel.DefaultChannelPipeline.touch(DefaultChannelPipeline.java:116)
	io.netty.channel.AbstractChannelHandlerContext.invokeChannelRead(AbstractChannelHandlerContext.java:362)
	io.netty.channel.AbstractChannelHandlerContext.fireChannelRead(AbstractChannelHandlerContext.java:357)
	io.netty.channel.DefaultChannelPipeline$HeadContext.channelRead(DefaultChannelPipeline.java:1410)
	io.netty.channel.AbstractChannelHandlerContext.invokeChannelRead(AbstractChannelHandlerContext.java:379)
	io.netty.channel.AbstractChannelHandlerContext.invokeChannelRead(AbstractChannelHandlerContext.java:365)
	io.netty.channel.DefaultChannelPipeline.fireChannelRead(DefaultChannelPipeline.java:919)
	io.netty.channel.nio.AbstractNioByteChannel$NioByteUnsafe.read(AbstractNioByteChannel.java:166)
	io.netty.channel.nio.NioEventLoop.processSelectedKey(NioEventLoop.java:719)
	io.netty.channel.nio.NioEventLoop.processSelectedKeysOptimized(NioEventLoop.java:655)
	io.netty.channel.nio.NioEventLoop.processSelectedKeys(NioEventLoop.java:581)
	io.netty.channel.nio.NioEventLoop.run(NioEventLoop.java:493)
	io.netty.util.concurrent.SingleThreadEventExecutor$4.run(SingleThreadEventExecutor.java:989)
	io.netty.util.internal.ThreadExecutorMap$2.run(ThreadExecutorMap.java:74)
	io.netty.util.concurrent.FastThreadLocalRunnable.run(FastThreadLocalRunnable.java:30)
	java.base/java.lang.Thread.run(Thread.java:834)
#4:
	Hint: 'DefaultChannelPipeline$HeadContext#0' will handle the message from this point.
	io.netty.channel.DefaultChannelPipeline.touch(DefaultChannelPipeline.java:116)
	io.netty.channel.AbstractChannelHandlerContext.invokeChannelRead(AbstractChannelHandlerContext.java:362)
	io.netty.channel.DefaultChannelPipeline.fireChannelRead(DefaultChannelPipeline.java:919)
	io.netty.channel.nio.AbstractNioByteChannel$NioByteUnsafe.read(AbstractNioByteChannel.java:166)
	io.netty.channel.nio.NioEventLoop.processSelectedKey(NioEventLoop.java:719)
	io.netty.channel.nio.NioEventLoop.processSelectedKeysOptimized(NioEventLoop.java:655)
	io.netty.channel.nio.NioEventLoop.processSelectedKeys(NioEventLoop.java:581)
	io.netty.channel.nio.NioEventLoop.run(NioEventLoop.java:493)
	io.netty.util.concurrent.SingleThreadEventExecutor$4.run(SingleThreadEventExecutor.java:989)
	io.netty.util.internal.ThreadExecutorMap$2.run(ThreadExecutorMap.java:74)
	io.netty.util.concurrent.FastThreadLocalRunnable.run(FastThreadLocalRunnable.java:30)
	java.base/java.lang.Thread.run(Thread.java:834)
#5:
	io.netty.buffer.AdvancedLeakAwareByteBuf.writeBytes(AdvancedLeakAwareByteBuf.java:634)
	io.netty.channel.socket.nio.NioSocketChannel.doReadBytes(NioSocketChannel.java:350)
	io.netty.channel.nio.AbstractNioByteChannel$NioByteUnsafe.read(AbstractNioByteChannel.java:151)
	io.netty.channel.nio.NioEventLoop.processSelectedKey(NioEventLoop.java:719)
	io.netty.channel.nio.NioEventLoop.processSelectedKeysOptimized(NioEventLoop.java:655)
	io.netty.channel.nio.NioEventLoop.processSelectedKeys(NioEventLoop.java:581)
	io.netty.channel.nio.NioEventLoop.run(NioEventLoop.java:493)
	io.netty.util.concurrent.SingleThreadEventExecutor$4.run(SingleThreadEventExecutor.java:989)
	io.netty.util.internal.ThreadExecutorMap$2.run(ThreadExecutorMap.java:74)
	io.netty.util.concurrent.FastThreadLocalRunnable.run(FastThreadLocalRunnable.java:30)
	java.base/java.lang.Thread.run(Thread.java:834)
Created at:
	io.netty.buffer.PooledByteBufAllocator.newDirectBuffer(PooledByteBufAllocator.java:402)
	io.netty.buffer.AbstractByteBufAllocator.directBuffer(AbstractByteBufAllocator.java:187)
	io.netty.buffer.AbstractByteBufAllocator.directBuffer(AbstractByteBufAllocator.java:178)
	io.netty.buffer.AbstractByteBufAllocator.ioBuffer(AbstractByteBufAllocator.java:139)
	io.netty.channel.DefaultMaxMessagesRecvByteBufAllocator$MaxMessageHandle.allocate(DefaultMaxMessagesRecvByteBufAllocator.java:114)
	io.netty.channel.nio.AbstractNioByteChannel$NioByteUnsafe.read(AbstractNioByteChannel.java:150)
	io.netty.channel.nio.NioEventLoop.processSelectedKey(NioEventLoop.java:719)
	io.netty.channel.nio.NioEventLoop.processSelectedKeysOptimized(NioEventLoop.java:655)
	io.netty.channel.nio.NioEventLoop.processSelectedKeys(NioEventLoop.java:581)
	io.netty.channel.nio.NioEventLoop.run(NioEventLoop.java:493)
	io.netty.util.concurrent.SingleThreadEventExecutor$4.run(SingleThreadEventExecutor.java:989)
	io.netty.util.internal.ThreadExecutorMap$2.run(ThreadExecutorMap.java:74)
	io.netty.util.concurrent.FastThreadLocalRunnable.run(FastThreadLocalRunnable.java:30)
	java.base/java.lang.Thread.run(Thread.java:834)
: 1 leak records were discarded because they were duplicates
: 7 leak records were discarded because the leak record count is targeted to 4. Use system property io.netty.leakDetection.targetRecords to increase the limit.
20:46:28.883 [reactor-http-nio-10] ERROR i.n.u.ResourceLeakDetector - LEAK: ByteBuf.release() was not called before it's garbage-collected. See https://netty.io/wiki/reference-counted-objects.html for more information.
Recent access records: 
#1:
	io.netty.handler.codec.ByteToMessageDecoder.channelRead(ByteToMessageDecoder.java:285)
	io.netty.channel.CombinedChannelDuplexHandler.channelRead(CombinedChannelDuplexHandler.java:251)
	io.netty.channel.AbstractChannelHandlerContext.invokeChannelRead(AbstractChannelHandlerContext.java:379)
	io.netty.channel.AbstractChannelHandlerContext.invokeChannelRead(AbstractChannelHandlerContext.java:365)
	io.netty.channel.AbstractChannelHandlerContext.fireChannelRead(AbstractChannelHandlerContext.java:357)
	io.netty.channel.DefaultChannelPipeline$HeadContext.channelRead(DefaultChannelPipeline.java:1410)
	io.netty.channel.AbstractChannelHandlerContext.invokeChannelRead(AbstractChannelHandlerContext.java:379)
	io.netty.channel.AbstractChannelHandlerContext.invokeChannelRead(AbstractChannelHandlerContext.java:365)
	io.netty.channel.DefaultChannelPipeline.fireChannelRead(DefaultChannelPipeline.java:919)
	io.netty.channel.nio.AbstractNioByteChannel$NioByteUnsafe.read(AbstractNioByteChannel.java:166)
	io.netty.channel.nio.NioEventLoop.processSelectedKey(NioEventLoop.java:719)
	io.netty.channel.nio.NioEventLoop.processSelectedKeysOptimized(NioEventLoop.java:655)
	io.netty.channel.nio.NioEventLoop.processSelectedKeys(NioEventLoop.java:581)
	io.netty.channel.nio.NioEventLoop.run(NioEventLoop.java:493)
	io.netty.util.concurrent.SingleThreadEventExecutor$4.run(SingleThreadEventExecutor.java:989)
	io.netty.util.internal.ThreadExecutorMap$2.run(ThreadExecutorMap.java:74)
	io.netty.util.concurrent.FastThreadLocalRunnable.run(FastThreadLocalRunnable.java:30)
	java.base/java.lang.Thread.run(Thread.java:834)
#2:
	Hint: 'reactor.left.httpCodec' will handle the message from this point.
	io.netty.channel.DefaultChannelPipeline.touch(DefaultChannelPipeline.java:116)
	io.netty.channel.AbstractChannelHandlerContext.invokeChannelRead(AbstractChannelHandlerContext.java:362)
	io.netty.channel.AbstractChannelHandlerContext.fireChannelRead(AbstractChannelHandlerContext.java:357)
	io.netty.channel.DefaultChannelPipeline$HeadContext.channelRead(DefaultChannelPipeline.java:1410)
	io.netty.channel.AbstractChannelHandlerContext.invokeChannelRead(AbstractChannelHandlerContext.java:379)
	io.netty.channel.AbstractChannelHandlerContext.invokeChannelRead(AbstractChannelHandlerContext.java:365)
	io.netty.channel.DefaultChannelPipeline.fireChannelRead(DefaultChannelPipeline.java:919)
	io.netty.channel.nio.AbstractNioByteChannel$NioByteUnsafe.read(AbstractNioByteChannel.java:166)
	io.netty.channel.nio.NioEventLoop.processSelectedKey(NioEventLoop.java:719)
	io.netty.channel.nio.NioEventLoop.processSelectedKeysOptimized(NioEventLoop.java:655)
	io.netty.channel.nio.NioEventLoop.processSelectedKeys(NioEventLoop.java:581)
	io.netty.channel.nio.NioEventLoop.run(NioEventLoop.java:493)
	io.netty.util.concurrent.SingleThreadEventExecutor$4.run(SingleThreadEventExecutor.java:989)
	io.netty.util.internal.ThreadExecutorMap$2.run(ThreadExecutorMap.java:74)
	io.netty.util.concurrent.FastThreadLocalRunnable.run(FastThreadLocalRunnable.java:30)
	java.base/java.lang.Thread.run(Thread.java:834)
#3:
	Hint: 'DefaultChannelPipeline$HeadContext#0' will handle the message from this point.
	io.netty.channel.DefaultChannelPipeline.touch(DefaultChannelPipeline.java:116)
	io.netty.channel.AbstractChannelHandlerContext.invokeChannelRead(AbstractChannelHandlerContext.java:362)
	io.netty.channel.DefaultChannelPipeline.fireChannelRead(DefaultChannelPipeline.java:919)
	io.netty.channel.nio.AbstractNioByteChannel$NioByteUnsafe.read(AbstractNioByteChannel.java:166)
	io.netty.channel.nio.NioEventLoop.processSelectedKey(NioEventLoop.java:719)
	io.netty.channel.nio.NioEventLoop.processSelectedKeysOptimized(NioEventLoop.java:655)
	io.netty.channel.nio.NioEventLoop.processSelectedKeys(NioEventLoop.java:581)
	io.netty.channel.nio.NioEventLoop.run(NioEventLoop.java:493)
	io.netty.util.concurrent.SingleThreadEventExecutor$4.run(SingleThreadEventExecutor.java:989)
	io.netty.util.internal.ThreadExecutorMap$2.run(ThreadExecutorMap.java:74)
	io.netty.util.concurrent.FastThreadLocalRunnable.run(FastThreadLocalRunnable.java:30)
	java.base/java.lang.Thread.run(Thread.java:834)
#4:
	io.netty.buffer.AdvancedLeakAwareByteBuf.writeBytes(AdvancedLeakAwareByteBuf.java:634)
	io.netty.channel.socket.nio.NioSocketChannel.doReadBytes(NioSocketChannel.java:350)
	io.netty.channel.nio.AbstractNioByteChannel$NioByteUnsafe.read(AbstractNioByteChannel.java:151)
	io.netty.channel.nio.NioEventLoop.processSelectedKey(NioEventLoop.java:719)
	io.netty.channel.nio.NioEventLoop.processSelectedKeysOptimized(NioEventLoop.java:655)
	io.netty.channel.nio.NioEventLoop.processSelectedKeys(NioEventLoop.java:581)
	io.netty.channel.nio.NioEventLoop.run(NioEventLoop.java:493)
	io.netty.util.concurrent.SingleThreadEventExecutor$4.run(SingleThreadEventExecutor.java:989)
	io.netty.util.internal.ThreadExecutorMap$2.run(ThreadExecutorMap.java:74)
	io.netty.util.concurrent.FastThreadLocalRunnable.run(FastThreadLocalRunnable.java:30)
	java.base/java.lang.Thread.run(Thread.java:834)
Created at:
	io.netty.buffer.PooledByteBufAllocator.newDirectBuffer(PooledByteBufAllocator.java:402)
	io.netty.buffer.AbstractByteBufAllocator.directBuffer(AbstractByteBufAllocator.java:187)
	io.netty.buffer.AbstractByteBufAllocator.directBuffer(AbstractByteBufAllocator.java:178)
	io.netty.buffer.AbstractByteBufAllocator.ioBuffer(AbstractByteBufAllocator.java:139)
	io.netty.channel.DefaultMaxMessagesRecvByteBufAllocator$MaxMessageHandle.allocate(DefaultMaxMessagesRecvByteBufAllocator.java:114)
	io.netty.channel.nio.AbstractNioByteChannel$NioByteUnsafe.read(AbstractNioByteChannel.java:150)
	io.netty.channel.nio.NioEventLoop.processSelectedKey(NioEventLoop.java:719)
	io.netty.channel.nio.NioEventLoop.processSelectedKeysOptimized(NioEventLoop.java:655)
	io.netty.channel.nio.NioEventLoop.processSelectedKeys(NioEventLoop.java:581)
	io.netty.channel.nio.NioEventLoop.run(NioEventLoop.java:493)
	io.netty.util.concurrent.SingleThreadEventExecutor$4.run(SingleThreadEventExecutor.java:989)
	io.netty.util.internal.ThreadExecutorMap$2.run(ThreadExecutorMap.java:74)
	io.netty.util.concurrent.FastThreadLocalRunnable.run(FastThreadLocalRunnable.java:30)
	java.base/java.lang.Thread.run(Thread.java:834)
: 2 leak records were discarded because the leak record count is targeted to 4. Use system property io.netty.leakDetection.targetRecords to increase the limit.
20:46:28.891 [reactor-http-nio-10] ERROR i.n.u.ResourceLeakDetector - LEAK: ByteBuf.release() was not called before it's garbage-collected. See https://netty.io/wiki/reference-counted-objects.html for more information.
Recent access records: 
#1:
	io.netty.handler.codec.http.DefaultHttpContent.release(DefaultHttpContent.java:92)
	io.netty.util.ReferenceCountUtil.release(ReferenceCountUtil.java:88)
	reactor.netty.channel.FluxReceive.onInboundNext(FluxReceive.java:368)
	reactor.netty.channel.ChannelOperations.onInboundNext(ChannelOperations.java:401)
	reactor.netty.http.server.HttpServerOperations.onInboundNext(HttpServerOperations.java:551)
	reactor.netty.channel.ChannelOperationsHandler.channelRead(ChannelOperationsHandler.java:94)
	io.netty.channel.AbstractChannelHandlerContext.invokeChannelRead(AbstractChannelHandlerContext.java:379)
	io.netty.channel.AbstractChannelHandlerContext.invokeChannelRead(AbstractChannelHandlerContext.java:365)
	io.netty.channel.AbstractChannelHandlerContext.fireChannelRead(AbstractChannelHandlerContext.java:357)
	reactor.netty.http.server.HttpTrafficHandler.channelRead(HttpTrafficHandler.java:253)
	io.netty.channel.AbstractChannelHandlerContext.invokeChannelRead(AbstractChannelHandlerContext.java:379)
	io.netty.channel.AbstractChannelHandlerContext.invokeChannelRead(AbstractChannelHandlerContext.java:365)
	io.netty.channel.AbstractChannelHandlerContext.fireChannelRead(AbstractChannelHandlerContext.java:357)
	io.netty.channel.CombinedChannelDuplexHandler$DelegatingChannelHandlerContext.fireChannelRead(CombinedChannelDuplexHandler.java:436)
	io.netty.handler.codec.ByteToMessageDecoder.fireChannelRead(ByteToMessageDecoder.java:324)
	io.netty.handler.codec.ByteToMessageDecoder.fireChannelRead(ByteToMessageDecoder.java:311)
	io.netty.handler.codec.ByteToMessageDecoder.callDecode(ByteToMessageDecoder.java:432)
	io.netty.handler.codec.ByteToMessageDecoder.channelRead(ByteToMessageDecoder.java:276)
	io.netty.channel.CombinedChannelDuplexHandler.channelRead(CombinedChannelDuplexHandler.java:251)
	io.netty.channel.AbstractChannelHandlerContext.invokeChannelRead(AbstractChannelHandlerContext.java:379)
	io.netty.channel.AbstractChannelHandlerContext.invokeChannelRead(AbstractChannelHandlerContext.java:365)
	io.netty.channel.AbstractChannelHandlerContext.fireChannelRead(AbstractChannelHandlerContext.java:357)
	io.netty.channel.DefaultChannelPipeline$HeadContext.channelRead(DefaultChannelPipeline.java:1410)
	io.netty.channel.AbstractChannelHandlerContext.invokeChannelRead(AbstractChannelHandlerContext.java:379)
	io.netty.channel.AbstractChannelHandlerContext.invokeChannelRead(AbstractChannelHandlerContext.java:365)
	io.netty.channel.DefaultChannelPipeline.fireChannelRead(DefaultChannelPipeline.java:919)
	io.netty.channel.nio.AbstractNioByteChannel$NioByteUnsafe.read(AbstractNioByteChannel.java:166)
	io.netty.channel.nio.NioEventLoop.processSelectedKey(NioEventLoop.java:719)
	io.netty.channel.nio.NioEventLoop.processSelectedKeysOptimized(NioEventLoop.java:655)
	io.netty.channel.nio.NioEventLoop.processSelectedKeys(NioEventLoop.java:581)
	io.netty.channel.nio.NioEventLoop.run(NioEventLoop.java:493)
	io.netty.util.concurrent.SingleThreadEventExecutor$4.run(SingleThreadEventExecutor.java:989)
	io.netty.util.internal.ThreadExecutorMap$2.run(ThreadExecutorMap.java:74)
	io.netty.util.concurrent.FastThreadLocalRunnable.run(FastThreadLocalRunnable.java:30)
	java.base/java.lang.Thread.run(Thread.java:834)
#2:
	reactor.core.publisher.FluxPeek$PeekSubscriber.onNext(FluxPeek.java:184)
	reactor.core.publisher.FluxMap$MapSubscriber.onNext(FluxMap.java:120)
	reactor.netty.channel.FluxReceive.onInboundNext(FluxReceive.java:365)
	reactor.netty.channel.ChannelOperations.onInboundNext(ChannelOperations.java:401)
	reactor.netty.http.server.HttpServerOperations.onInboundNext(HttpServerOperations.java:551)
	reactor.netty.channel.ChannelOperationsHandler.channelRead(ChannelOperationsHandler.java:94)
	io.netty.channel.AbstractChannelHandlerContext.invokeChannelRead(AbstractChannelHandlerContext.java:379)
	io.netty.channel.AbstractChannelHandlerContext.invokeChannelRead(AbstractChannelHandlerContext.java:365)
	io.netty.channel.AbstractChannelHandlerContext.fireChannelRead(AbstractChannelHandlerContext.java:357)
	reactor.netty.http.server.HttpTrafficHandler.channelRead(HttpTrafficHandler.java:253)
	io.netty.channel.AbstractChannelHandlerContext.invokeChannelRead(AbstractChannelHandlerContext.java:379)
	io.netty.channel.AbstractChannelHandlerContext.invokeChannelRead(AbstractChannelHandlerContext.java:365)
	io.netty.channel.AbstractChannelHandlerContext.fireChannelRead(AbstractChannelHandlerContext.java:357)
	io.netty.channel.CombinedChannelDuplexHandler$DelegatingChannelHandlerContext.fireChannelRead(CombinedChannelDuplexHandler.java:436)
	io.netty.handler.codec.ByteToMessageDecoder.fireChannelRead(ByteToMessageDecoder.java:324)
	io.netty.handler.codec.ByteToMessageDecoder.fireChannelRead(ByteToMessageDecoder.java:311)
	io.netty.handler.codec.ByteToMessageDecoder.callDecode(ByteToMessageDecoder.java:432)
	io.netty.handler.codec.ByteToMessageDecoder.channelRead(ByteToMessageDecoder.java:276)
	io.netty.channel.CombinedChannelDuplexHandler.channelRead(CombinedChannelDuplexHandler.java:251)
	io.netty.channel.AbstractChannelHandlerContext.invokeChannelRead(AbstractChannelHandlerContext.java:379)
	io.netty.channel.AbstractChannelHandlerContext.invokeChannelRead(AbstractChannelHandlerContext.java:365)
	io.netty.channel.AbstractChannelHandlerContext.fireChannelRead(AbstractChannelHandlerContext.java:357)
	io.netty.channel.DefaultChannelPipeline$HeadContext.channelRead(DefaultChannelPipeline.java:1410)
	io.netty.channel.AbstractChannelHandlerContext.invokeChannelRead(AbstractChannelHandlerContext.java:379)
	io.netty.channel.AbstractChannelHandlerContext.invokeChannelRead(AbstractChannelHandlerContext.java:365)
	io.netty.channel.DefaultChannelPipeline.fireChannelRead(DefaultChannelPipeline.java:919)
	io.netty.channel.nio.AbstractNioByteChannel$NioByteUnsafe.read(AbstractNioByteChannel.java:166)
	io.netty.channel.nio.NioEventLoop.processSelectedKey(NioEventLoop.java:719)
	io.netty.channel.nio.NioEventLoop.processSelectedKeysOptimized(NioEventLoop.java:655)
	io.netty.channel.nio.NioEventLoop.processSelectedKeys(NioEventLoop.java:581)
	io.netty.channel.nio.NioEventLoop.run(NioEventLoop.java:493)
	io.netty.util.concurrent.SingleThreadEventExecutor$4.run(SingleThreadEventExecutor.java:989)
	io.netty.util.internal.ThreadExecutorMap$2.run(ThreadExecutorMap.java:74)
	io.netty.util.concurrent.FastThreadLocalRunnable.run(FastThreadLocalRunnable.java:30)
	java.base/java.lang.Thread.run(Thread.java:834)
#3:
	Hint: 'reactor.right.reactiveBridge' will handle the message from this point.
	io.netty.handler.codec.http.DefaultHttpContent.touch(DefaultHttpContent.java:86)
	io.netty.handler.codec.http.DefaultHttpContent.touch(DefaultHttpContent.java:25)
	io.netty.channel.DefaultChannelPipeline.touch(DefaultChannelPipeline.java:116)
	io.netty.channel.AbstractChannelHandlerContext.invokeChannelRead(AbstractChannelHandlerContext.java:362)
	io.netty.channel.AbstractChannelHandlerContext.fireChannelRead(AbstractChannelHandlerContext.java:357)
	reactor.netty.http.server.HttpTrafficHandler.channelRead(HttpTrafficHandler.java:253)
	io.netty.channel.AbstractChannelHandlerContext.invokeChannelRead(AbstractChannelHandlerContext.java:379)
	io.netty.channel.AbstractChannelHandlerContext.invokeChannelRead(AbstractChannelHandlerContext.java:365)
	io.netty.channel.AbstractChannelHandlerContext.fireChannelRead(AbstractChannelHandlerContext.java:357)
	io.netty.channel.CombinedChannelDuplexHandler$DelegatingChannelHandlerContext.fireChannelRead(CombinedChannelDuplexHandler.java:436)
	io.netty.handler.codec.ByteToMessageDecoder.fireChannelRead(ByteToMessageDecoder.java:324)
	io.netty.handler.codec.ByteToMessageDecoder.fireChannelRead(ByteToMessageDecoder.java:311)
	io.netty.handler.codec.ByteToMessageDecoder.callDecode(ByteToMessageDecoder.java:432)
	io.netty.handler.codec.ByteToMessageDecoder.channelRead(ByteToMessageDecoder.java:276)
	io.netty.channel.CombinedChannelDuplexHandler.channelRead(CombinedChannelDuplexHandler.java:251)
	io.netty.channel.AbstractChannelHandlerContext.invokeChannelRead(AbstractChannelHandlerContext.java:379)
	io.netty.channel.AbstractChannelHandlerContext.invokeChannelRead(AbstractChannelHandlerContext.java:365)
	io.netty.channel.AbstractChannelHandlerContext.fireChannelRead(AbstractChannelHandlerContext.java:357)
	io.netty.channel.DefaultChannelPipeline$HeadContext.channelRead(DefaultChannelPipeline.java:1410)
	io.netty.channel.AbstractChannelHandlerContext.invokeChannelRead(AbstractChannelHandlerContext.java:379)
	io.netty.channel.AbstractChannelHandlerContext.invokeChannelRead(AbstractChannelHandlerContext.java:365)
	io.netty.channel.DefaultChannelPipeline.fireChannelRead(DefaultChannelPipeline.java:919)
	io.netty.channel.nio.AbstractNioByteChannel$NioByteUnsafe.read(AbstractNioByteChannel.java:166)
	io.netty.channel.nio.NioEventLoop.processSelectedKey(NioEventLoop.java:719)
	io.netty.channel.nio.NioEventLoop.processSelectedKeysOptimized(NioEventLoop.java:655)
	io.netty.channel.nio.NioEventLoop.processSelectedKeys(NioEventLoop.java:581)
	io.netty.channel.nio.NioEventLoop.run(NioEventLoop.java:493)
	io.netty.util.concurrent.SingleThreadEventExecutor$4.run(SingleThreadEventExecutor.java:989)
	io.netty.util.internal.ThreadExecutorMap$2.run(ThreadExecutorMap.java:74)
	io.netty.util.concurrent.FastThreadLocalRunnable.run(FastThreadLocalRunnable.java:30)
	java.base/java.lang.Thread.run(Thread.java:834)
#4:
	Hint: 'reactor.left.httpTrafficHandler' will handle the message from this point.
	io.netty.handler.codec.http.DefaultHttpContent.touch(DefaultHttpContent.java:86)
	io.netty.handler.codec.http.DefaultHttpContent.touch(DefaultHttpContent.java:25)
	io.netty.channel.DefaultChannelPipeline.touch(DefaultChannelPipeline.java:116)
	io.netty.channel.AbstractChannelHandlerContext.invokeChannelRead(AbstractChannelHandlerContext.java:362)
	io.netty.channel.AbstractChannelHandlerContext.fireChannelRead(AbstractChannelHandlerContext.java:357)
	io.netty.channel.CombinedChannelDuplexHandler$DelegatingChannelHandlerContext.fireChannelRead(CombinedChannelDuplexHandler.java:436)
	io.netty.handler.codec.ByteToMessageDecoder.fireChannelRead(ByteToMessageDecoder.java:324)
	io.netty.handler.codec.ByteToMessageDecoder.fireChannelRead(ByteToMessageDecoder.java:311)
	io.netty.handler.codec.ByteToMessageDecoder.callDecode(ByteToMessageDecoder.java:432)
	io.netty.handler.codec.ByteToMessageDecoder.channelRead(ByteToMessageDecoder.java:276)
	io.netty.channel.CombinedChannelDuplexHandler.channelRead(CombinedChannelDuplexHandler.java:251)
	io.netty.channel.AbstractChannelHandlerContext.invokeChannelRead(AbstractChannelHandlerContext.java:379)
	io.netty.channel.AbstractChannelHandlerContext.invokeChannelRead(AbstractChannelHandlerContext.java:365)
	io.netty.channel.AbstractChannelHandlerContext.fireChannelRead(AbstractChannelHandlerContext.java:357)
	io.netty.channel.DefaultChannelPipeline$HeadContext.channelRead(DefaultChannelPipeline.java:1410)
	io.netty.channel.AbstractChannelHandlerContext.invokeChannelRead(AbstractChannelHandlerContext.java:379)
	io.netty.channel.AbstractChannelHandlerContext.invokeChannelRead(AbstractChannelHandlerContext.java:365)
	io.netty.channel.DefaultChannelPipeline.fireChannelRead(DefaultChannelPipeline.java:919)
	io.netty.channel.nio.AbstractNioByteChannel$NioByteUnsafe.read(AbstractNioByteChannel.java:166)
	io.netty.channel.nio.NioEventLoop.processSelectedKey(NioEventLoop.java:719)
	io.netty.channel.nio.NioEventLoop.processSelectedKeysOptimized(NioEventLoop.java:655)
	io.netty.channel.nio.NioEventLoop.processSelectedKeys(NioEventLoop.java:581)
	io.netty.channel.nio.NioEventLoop.run(NioEventLoop.java:493)
	io.netty.util.concurrent.SingleThreadEventExecutor$4.run(SingleThreadEventExecutor.java:989)
	io.netty.util.internal.ThreadExecutorMap$2.run(ThreadExecutorMap.java:74)
	io.netty.util.concurrent.FastThreadLocalRunnable.run(FastThreadLocalRunnable.java:30)
	java.base/java.lang.Thread.run(Thread.java:834)
Created at:
	io.netty.buffer.SimpleLeakAwareByteBuf.unwrappedDerived(SimpleLeakAwareByteBuf.java:143)
	io.netty.buffer.SimpleLeakAwareByteBuf.readRetainedSlice(SimpleLeakAwareByteBuf.java:67)
	io.netty.buffer.AdvancedLeakAwareByteBuf.readRetainedSlice(AdvancedLeakAwareByteBuf.java:107)
	io.netty.handler.codec.http.HttpObjectDecoder.decode(HttpObjectDecoder.java:335)
	io.netty.handler.codec.http.HttpServerCodec$HttpServerRequestDecoder.decode(HttpServerCodec.java:123)
	io.netty.handler.codec.ByteToMessageDecoder.decodeRemovalReentryProtection(ByteToMessageDecoder.java:508)
	io.netty.handler.codec.ByteToMessageDecoder.callDecode(ByteToMessageDecoder.java:447)
	io.netty.handler.codec.ByteToMessageDecoder.channelRead(ByteToMessageDecoder.java:276)
	io.netty.channel.CombinedChannelDuplexHandler.channelRead(CombinedChannelDuplexHandler.java:251)
	io.netty.channel.AbstractChannelHandlerContext.invokeChannelRead(AbstractChannelHandlerContext.java:379)
	io.netty.channel.AbstractChannelHandlerContext.invokeChannelRead(AbstractChannelHandlerContext.java:365)
	io.netty.channel.AbstractChannelHandlerContext.fireChannelRead(AbstractChannelHandlerContext.java:357)
	io.netty.channel.DefaultChannelPipeline$HeadContext.channelRead(DefaultChannelPipeline.java:1410)
	io.netty.channel.AbstractChannelHandlerContext.invokeChannelRead(AbstractChannelHandlerContext.java:379)
	io.netty.channel.AbstractChannelHandlerContext.invokeChannelRead(AbstractChannelHandlerContext.java:365)
	io.netty.channel.DefaultChannelPipeline.fireChannelRead(DefaultChannelPipeline.java:919)
	io.netty.channel.nio.AbstractNioByteChannel$NioByteUnsafe.read(AbstractNioByteChannel.java:166)
	io.netty.channel.nio.NioEventLoop.processSelectedKey(NioEventLoop.java:719)
	io.netty.channel.nio.NioEventLoop.processSelectedKeysOptimized(NioEventLoop.java:655)
	io.netty.channel.nio.NioEventLoop.processSelectedKeys(NioEventLoop.java:581)
	io.netty.channel.nio.NioEventLoop.run(NioEventLoop.java:493)
	io.netty.util.concurrent.SingleThreadEventExecutor$4.run(SingleThreadEventExecutor.java:989)
	io.netty.util.internal.ThreadExecutorMap$2.run(ThreadExecutorMap.java:74)
	io.netty.util.concurrent.FastThreadLocalRunnable.run(FastThreadLocalRunnable.java:30)
	java.base/java.lang.Thread.run(Thread.java:834)
: 1 leak records were discarded because the leak record count is targeted to 4. Use system property io.netty.leakDetection.targetRecords to increase the limit.
20:46:28.893 [reactor-http-nio-10] ERROR i.n.u.ResourceLeakDetector - LEAK: ByteBuf.release() was not called before it's garbage-collected. See https://netty.io/wiki/reference-counted-objects.html for more information.
Recent access records: 
#1:
	io.netty.handler.codec.http.DefaultHttpContent.release(DefaultHttpContent.java:92)
	io.netty.util.ReferenceCountUtil.release(ReferenceCountUtil.java:88)
	reactor.netty.channel.FluxReceive.onInboundNext(FluxReceive.java:368)
	reactor.netty.channel.ChannelOperations.onInboundNext(ChannelOperations.java:401)
	reactor.netty.http.server.HttpServerOperations.onInboundNext(HttpServerOperations.java:551)
	reactor.netty.channel.ChannelOperationsHandler.channelRead(ChannelOperationsHandler.java:94)
	io.netty.channel.AbstractChannelHandlerContext.invokeChannelRead(AbstractChannelHandlerContext.java:379)
	io.netty.channel.AbstractChannelHandlerContext.invokeChannelRead(AbstractChannelHandlerContext.java:365)
	io.netty.channel.AbstractChannelHandlerContext.fireChannelRead(AbstractChannelHandlerContext.java:357)
	reactor.netty.http.server.HttpTrafficHandler.channelRead(HttpTrafficHandler.java:253)
	io.netty.channel.AbstractChannelHandlerContext.invokeChannelRead(AbstractChannelHandlerContext.java:379)
	io.netty.channel.AbstractChannelHandlerContext.invokeChannelRead(AbstractChannelHandlerContext.java:365)
	io.netty.channel.AbstractChannelHandlerContext.fireChannelRead(AbstractChannelHandlerContext.java:357)
	io.netty.channel.CombinedChannelDuplexHandler$DelegatingChannelHandlerContext.fireChannelRead(CombinedChannelDuplexHandler.java:436)
	io.netty.handler.codec.ByteToMessageDecoder.fireChannelRead(ByteToMessageDecoder.java:324)
	io.netty.handler.codec.ByteToMessageDecoder.channelRead(ByteToMessageDecoder.java:296)
	io.netty.channel.CombinedChannelDuplexHandler.channelRead(CombinedChannelDuplexHandler.java:251)
	io.netty.channel.AbstractChannelHandlerContext.invokeChannelRead(AbstractChannelHandlerContext.java:379)
	io.netty.channel.AbstractChannelHandlerContext.invokeChannelRead(AbstractChannelHandlerContext.java:365)
	io.netty.channel.AbstractChannelHandlerContext.fireChannelRead(AbstractChannelHandlerContext.java:357)
	io.netty.channel.DefaultChannelPipeline$HeadContext.channelRead(DefaultChannelPipeline.java:1410)
	io.netty.channel.AbstractChannelHandlerContext.invokeChannelRead(AbstractChannelHandlerContext.java:379)
	io.netty.channel.AbstractChannelHandlerContext.invokeChannelRead(AbstractChannelHandlerContext.java:365)
	io.netty.channel.DefaultChannelPipeline.fireChannelRead(DefaultChannelPipeline.java:919)
	io.netty.channel.nio.AbstractNioByteChannel$NioByteUnsafe.read(AbstractNioByteChannel.java:166)
	io.netty.channel.nio.NioEventLoop.processSelectedKey(NioEventLoop.java:719)
	io.netty.channel.nio.NioEventLoop.processSelectedKeysOptimized(NioEventLoop.java:655)
	io.netty.channel.nio.NioEventLoop.processSelectedKeys(NioEventLoop.java:581)
	io.netty.channel.nio.NioEventLoop.run(NioEventLoop.java:493)
	io.netty.util.concurrent.SingleThreadEventExecutor$4.run(SingleThreadEventExecutor.java:989)
	io.netty.util.internal.ThreadExecutorMap$2.run(ThreadExecutorMap.java:74)
	io.netty.util.concurrent.FastThreadLocalRunnable.run(FastThreadLocalRunnable.java:30)
	java.base/java.lang.Thread.run(Thread.java:834)
#2:
	reactor.core.publisher.FluxPeek$PeekSubscriber.onNext(FluxPeek.java:184)
	reactor.core.publisher.FluxMap$MapSubscriber.onNext(FluxMap.java:120)
	reactor.netty.channel.FluxReceive.onInboundNext(FluxReceive.java:365)
	reactor.netty.channel.ChannelOperations.onInboundNext(ChannelOperations.java:401)
	reactor.netty.http.server.HttpServerOperations.onInboundNext(HttpServerOperations.java:551)
	reactor.netty.channel.ChannelOperationsHandler.channelRead(ChannelOperationsHandler.java:94)
	io.netty.channel.AbstractChannelHandlerContext.invokeChannelRead(AbstractChannelHandlerContext.java:379)
	io.netty.channel.AbstractChannelHandlerContext.invokeChannelRead(AbstractChannelHandlerContext.java:365)
	io.netty.channel.AbstractChannelHandlerContext.fireChannelRead(AbstractChannelHandlerContext.java:357)
	reactor.netty.http.server.HttpTrafficHandler.channelRead(HttpTrafficHandler.java:253)
	io.netty.channel.AbstractChannelHandlerContext.invokeChannelRead(AbstractChannelHandlerContext.java:379)
	io.netty.channel.AbstractChannelHandlerContext.invokeChannelRead(AbstractChannelHandlerContext.java:365)
	io.netty.channel.AbstractChannelHandlerContext.fireChannelRead(AbstractChannelHandlerContext.java:357)
	io.netty.channel.CombinedChannelDuplexHandler$DelegatingChannelHandlerContext.fireChannelRead(CombinedChannelDuplexHandler.java:436)
	io.netty.handler.codec.ByteToMessageDecoder.fireChannelRead(ByteToMessageDecoder.java:324)
	io.netty.handler.codec.ByteToMessageDecoder.channelRead(ByteToMessageDecoder.java:296)
	io.netty.channel.CombinedChannelDuplexHandler.channelRead(CombinedChannelDuplexHandler.java:251)
	io.netty.channel.AbstractChannelHandlerContext.invokeChannelRead(AbstractChannelHandlerContext.java:379)
	io.netty.channel.AbstractChannelHandlerContext.invokeChannelRead(AbstractChannelHandlerContext.java:365)
	io.netty.channel.AbstractChannelHandlerContext.fireChannelRead(AbstractChannelHandlerContext.java:357)
	io.netty.channel.DefaultChannelPipeline$HeadContext.channelRead(DefaultChannelPipeline.java:1410)
	io.netty.channel.AbstractChannelHandlerContext.invokeChannelRead(AbstractChannelHandlerContext.java:379)
	io.netty.channel.AbstractChannelHandlerContext.invokeChannelRead(AbstractChannelHandlerContext.java:365)
	io.netty.channel.DefaultChannelPipeline.fireChannelRead(DefaultChannelPipeline.java:919)
	io.netty.channel.nio.AbstractNioByteChannel$NioByteUnsafe.read(AbstractNioByteChannel.java:166)
	io.netty.channel.nio.NioEventLoop.processSelectedKey(NioEventLoop.java:719)
	io.netty.channel.nio.NioEventLoop.processSelectedKeysOptimized(NioEventLoop.java:655)
	io.netty.channel.nio.NioEventLoop.processSelectedKeys(NioEventLoop.java:581)
	io.netty.channel.nio.NioEventLoop.run(NioEventLoop.java:493)
	io.netty.util.concurrent.SingleThreadEventExecutor$4.run(SingleThreadEventExecutor.java:989)
	io.netty.util.internal.ThreadExecutorMap$2.run(ThreadExecutorMap.java:74)
	io.netty.util.concurrent.FastThreadLocalRunnable.run(FastThreadLocalRunnable.java:30)
	java.base/java.lang.Thread.run(Thread.java:834)
#3:
	Hint: 'reactor.right.reactiveBridge' will handle the message from this point.
	io.netty.handler.codec.http.DefaultHttpContent.touch(DefaultHttpContent.java:86)
	io.netty.handler.codec.http.DefaultHttpContent.touch(DefaultHttpContent.java:25)
	io.netty.channel.DefaultChannelPipeline.touch(DefaultChannelPipeline.java:116)
	io.netty.channel.AbstractChannelHandlerContext.invokeChannelRead(AbstractChannelHandlerContext.java:362)
	io.netty.channel.AbstractChannelHandlerContext.fireChannelRead(AbstractChannelHandlerContext.java:357)
	reactor.netty.http.server.HttpTrafficHandler.channelRead(HttpTrafficHandler.java:253)
	io.netty.channel.AbstractChannelHandlerContext.invokeChannelRead(AbstractChannelHandlerContext.java:379)
	io.netty.channel.AbstractChannelHandlerContext.invokeChannelRead(AbstractChannelHandlerContext.java:365)
	io.netty.channel.AbstractChannelHandlerContext.fireChannelRead(AbstractChannelHandlerContext.java:357)
	io.netty.channel.CombinedChannelDuplexHandler$DelegatingChannelHandlerContext.fireChannelRead(CombinedChannelDuplexHandler.java:436)
	io.netty.handler.codec.ByteToMessageDecoder.fireChannelRead(ByteToMessageDecoder.java:324)
	io.netty.handler.codec.ByteToMessageDecoder.channelRead(ByteToMessageDecoder.java:296)
	io.netty.channel.CombinedChannelDuplexHandler.channelRead(CombinedChannelDuplexHandler.java:251)
	io.netty.channel.AbstractChannelHandlerContext.invokeChannelRead(AbstractChannelHandlerContext.java:379)
	io.netty.channel.AbstractChannelHandlerContext.invokeChannelRead(AbstractChannelHandlerContext.java:365)
	io.netty.channel.AbstractChannelHandlerContext.fireChannelRead(AbstractChannelHandlerContext.java:357)
	io.netty.channel.DefaultChannelPipeline$HeadContext.channelRead(DefaultChannelPipeline.java:1410)
	io.netty.channel.AbstractChannelHandlerContext.invokeChannelRead(AbstractChannelHandlerContext.java:379)
	io.netty.channel.AbstractChannelHandlerContext.invokeChannelRead(AbstractChannelHandlerContext.java:365)
	io.netty.channel.DefaultChannelPipeline.fireChannelRead(DefaultChannelPipeline.java:919)
	io.netty.channel.nio.AbstractNioByteChannel$NioByteUnsafe.read(AbstractNioByteChannel.java:166)
	io.netty.channel.nio.NioEventLoop.processSelectedKey(NioEventLoop.java:719)
	io.netty.channel.nio.NioEventLoop.processSelectedKeysOptimized(NioEventLoop.java:655)
	io.netty.channel.nio.NioEventLoop.processSelectedKeys(NioEventLoop.java:581)
	io.netty.channel.nio.NioEventLoop.run(NioEventLoop.java:493)
	io.netty.util.concurrent.SingleThreadEventExecutor$4.run(SingleThreadEventExecutor.java:989)
	io.netty.util.internal.ThreadExecutorMap$2.run(ThreadExecutorMap.java:74)
	io.netty.util.concurrent.FastThreadLocalRunnable.run(FastThreadLocalRunnable.java:30)
	java.base/java.lang.Thread.run(Thread.java:834)
#4:
	Hint: 'reactor.left.httpTrafficHandler' will handle the message from this point.
	io.netty.handler.codec.http.DefaultHttpContent.touch(DefaultHttpContent.java:86)
	io.netty.handler.codec.http.DefaultHttpContent.touch(DefaultHttpContent.java:25)
	io.netty.channel.DefaultChannelPipeline.touch(DefaultChannelPipeline.java:116)
	io.netty.channel.AbstractChannelHandlerContext.invokeChannelRead(AbstractChannelHandlerContext.java:362)
	io.netty.channel.AbstractChannelHandlerContext.fireChannelRead(AbstractChannelHandlerContext.java:357)
	io.netty.channel.CombinedChannelDuplexHandler$DelegatingChannelHandlerContext.fireChannelRead(CombinedChannelDuplexHandler.java:436)
	io.netty.handler.codec.ByteToMessageDecoder.fireChannelRead(ByteToMessageDecoder.java:324)
	io.netty.handler.codec.ByteToMessageDecoder.channelRead(ByteToMessageDecoder.java:296)
	io.netty.channel.CombinedChannelDuplexHandler.channelRead(CombinedChannelDuplexHandler.java:251)
	io.netty.channel.AbstractChannelHandlerContext.invokeChannelRead(AbstractChannelHandlerContext.java:379)
	io.netty.channel.AbstractChannelHandlerContext.invokeChannelRead(AbstractChannelHandlerContext.java:365)
	io.netty.channel.AbstractChannelHandlerContext.fireChannelRead(AbstractChannelHandlerContext.java:357)
	io.netty.channel.DefaultChannelPipeline$HeadContext.channelRead(DefaultChannelPipeline.java:1410)
	io.netty.channel.AbstractChannelHandlerContext.invokeChannelRead(AbstractChannelHandlerContext.java:379)
	io.netty.channel.AbstractChannelHandlerContext.invokeChannelRead(AbstractChannelHandlerContext.java:365)
	io.netty.channel.DefaultChannelPipeline.fireChannelRead(DefaultChannelPipeline.java:919)
	io.netty.channel.nio.AbstractNioByteChannel$NioByteUnsafe.read(AbstractNioByteChannel.java:166)
	io.netty.channel.nio.NioEventLoop.processSelectedKey(NioEventLoop.java:719)
	io.netty.channel.nio.NioEventLoop.processSelectedKeysOptimized(NioEventLoop.java:655)
	io.netty.channel.nio.NioEventLoop.processSelectedKeys(NioEventLoop.java:581)
	io.netty.channel.nio.NioEventLoop.run(NioEventLoop.java:493)
	io.netty.util.concurrent.SingleThreadEventExecutor$4.run(SingleThreadEventExecutor.java:989)
	io.netty.util.internal.ThreadExecutorMap$2.run(ThreadExecutorMap.java:74)
	io.netty.util.concurrent.FastThreadLocalRunnable.run(FastThreadLocalRunnable.java:30)
	java.base/java.lang.Thread.run(Thread.java:834)
Created at:
	io.netty.buffer.SimpleLeakAwareByteBuf.unwrappedDerived(SimpleLeakAwareByteBuf.java:143)
	io.netty.buffer.SimpleLeakAwareByteBuf.readRetainedSlice(SimpleLeakAwareByteBuf.java:67)
	io.netty.buffer.AdvancedLeakAwareByteBuf.readRetainedSlice(AdvancedLeakAwareByteBuf.java:107)
	io.netty.handler.codec.http.HttpObjectDecoder.decode(HttpObjectDecoder.java:335)
	io.netty.handler.codec.http.HttpServerCodec$HttpServerRequestDecoder.decode(HttpServerCodec.java:123)
	io.netty.handler.codec.ByteToMessageDecoder.decodeRemovalReentryProtection(ByteToMessageDecoder.java:508)
	io.netty.handler.codec.ByteToMessageDecoder.callDecode(ByteToMessageDecoder.java:447)
	io.netty.handler.codec.ByteToMessageDecoder.channelRead(ByteToMessageDecoder.java:276)
	io.netty.channel.CombinedChannelDuplexHandler.channelRead(CombinedChannelDuplexHandler.java:251)
	io.netty.channel.AbstractChannelHandlerContext.invokeChannelRead(AbstractChannelHandlerContext.java:379)
	io.netty.channel.AbstractChannelHandlerContext.invokeChannelRead(AbstractChannelHandlerContext.java:365)
	io.netty.channel.AbstractChannelHandlerContext.fireChannelRead(AbstractChannelHandlerContext.java:357)
	io.netty.channel.DefaultChannelPipeline$HeadContext.channelRead(DefaultChannelPipeline.java:1410)
	io.netty.channel.AbstractChannelHandlerContext.invokeChannelRead(AbstractChannelHandlerContext.java:379)
	io.netty.channel.AbstractChannelHandlerContext.invokeChannelRead(AbstractChannelHandlerContext.java:365)
	io.netty.channel.DefaultChannelPipeline.fireChannelRead(DefaultChannelPipeline.java:919)
	io.netty.channel.nio.AbstractNioByteChannel$NioByteUnsafe.read(AbstractNioByteChannel.java:166)
	io.netty.channel.nio.NioEventLoop.processSelectedKey(NioEventLoop.java:719)
	io.netty.channel.nio.NioEventLoop.processSelectedKeysOptimized(NioEventLoop.java:655)
	io.netty.channel.nio.NioEventLoop.processSelectedKeys(NioEventLoop.java:581)
	io.netty.channel.nio.NioEventLoop.run(NioEventLoop.java:493)
	io.netty.util.concurrent.SingleThreadEventExecutor$4.run(SingleThreadEventExecutor.java:989)
	io.netty.util.internal.ThreadExecutorMap$2.run(ThreadExecutorMap.java:74)
	io.netty.util.concurrent.FastThreadLocalRunnable.run(FastThreadLocalRunnable.java:30)
	java.base/java.lang.Thread.run(Thread.java:834)
: 1 leak records were discarded because the leak record count is targeted to 4. Use system property io.netty.leakDetection.targetRecords to increase the limit.
]]></system-out>
  <system-err><![CDATA[May 09, 2021 8:46:28 PM okhttp3.mockwebserver.MockWebServer$3 execute
INFO: MockWebServer[50156] starting to accept connections
May 09, 2021 8:46:28 PM okhttp3.mockwebserver.MockWebServer$4 processOneRequest
INFO: MockWebServer[50156] received request: GET / HTTP/1.1 and responded: HTTP/1.1 200 OK
May 09, 2021 8:46:28 PM okhttp3.mockwebserver.MockWebServer$3 acceptConnections
INFO: MockWebServer[50156] done accepting connections: Socket closed
May 09, 2021 8:46:28 PM okhttp3.mockwebserver.MockWebServer$3 execute
INFO: MockWebServer[50158] starting to accept connections
May 09, 2021 8:46:28 PM okhttp3.mockwebserver.MockWebServer$4 processOneRequest
INFO: MockWebServer[50158] received request: HEAD / HTTP/1.1 and responded: HTTP/1.1 200 OK
May 09, 2021 8:46:28 PM okhttp3.mockwebserver.MockWebServer$3 acceptConnections
INFO: MockWebServer[50158] done accepting connections: Socket closed
May 09, 2021 8:46:28 PM okhttp3.mockwebserver.MockWebServer$3 execute
INFO: MockWebServer[50160] starting to accept connections
May 09, 2021 8:46:28 PM okhttp3.mockwebserver.MockWebServer$4 processOneRequest
INFO: MockWebServer[50160] received request: POST / HTTP/1.1 and responded: HTTP/1.1 200 OK
May 09, 2021 8:46:28 PM okhttp3.mockwebserver.MockWebServer$3 acceptConnections
INFO: MockWebServer[50160] done accepting connections: Socket closed
May 09, 2021 8:46:28 PM okhttp3.mockwebserver.MockWebServer$3 execute
INFO: MockWebServer[50163] starting to accept connections
May 09, 2021 8:46:28 PM okhttp3.mockwebserver.MockWebServer$4 processOneRequest
INFO: MockWebServer[50163] received request: PUT / HTTP/1.1 and responded: HTTP/1.1 200 OK
May 09, 2021 8:46:28 PM okhttp3.mockwebserver.MockWebServer$3 acceptConnections
INFO: MockWebServer[50163] done accepting connections: Socket closed
May 09, 2021 8:46:28 PM okhttp3.mockwebserver.MockWebServer$3 execute
INFO: MockWebServer[50166] starting to accept connections
May 09, 2021 8:46:28 PM okhttp3.mockwebserver.MockWebServer$4 processOneRequest
INFO: MockWebServer[50166] received request: PATCH / HTTP/1.1 and responded: HTTP/1.1 200 OK
May 09, 2021 8:46:28 PM okhttp3.mockwebserver.MockWebServer$3 acceptConnections
INFO: MockWebServer[50166] done accepting connections: Socket closed
May 09, 2021 8:46:28 PM okhttp3.mockwebserver.MockWebServer$3 execute
INFO: MockWebServer[50168] starting to accept connections
May 09, 2021 8:46:28 PM okhttp3.mockwebserver.MockWebServer$4 processOneRequest
INFO: MockWebServer[50168] received request: DELETE / HTTP/1.1 and responded: HTTP/1.1 200 OK
May 09, 2021 8:46:28 PM okhttp3.mockwebserver.MockWebServer$3 acceptConnections
INFO: MockWebServer[50168] done accepting connections: Socket closed
May 09, 2021 8:46:28 PM okhttp3.mockwebserver.MockWebServer$3 execute
INFO: MockWebServer[50170] starting to accept connections
May 09, 2021 8:46:28 PM okhttp3.mockwebserver.MockWebServer$4 processOneRequest
INFO: MockWebServer[50170] received request: OPTIONS / HTTP/1.1 and responded: HTTP/1.1 200 OK
May 09, 2021 8:46:28 PM okhttp3.mockwebserver.MockWebServer$3 acceptConnections
INFO: MockWebServer[50170] done accepting connections: Socket closed
May 09, 2021 8:46:28 PM okhttp3.mockwebserver.MockWebServer$3 execute
INFO: MockWebServer[50172] starting to accept connections
May 09, 2021 8:46:28 PM okhttp3.mockwebserver.MockWebServer$4 processOneRequest
INFO: MockWebServer[50172] received request: TRACE / HTTP/1.1 and responded: HTTP/1.1 200 OK
May 09, 2021 8:46:28 PM okhttp3.mockwebserver.MockWebServer$3 acceptConnections
INFO: MockWebServer[50172] done accepting connections: Socket closed
May 09, 2021 8:46:28 PM okhttp3.mockwebserver.MockWebServer$3 execute
INFO: MockWebServer[50174] starting to accept connections
May 09, 2021 8:46:28 PM okhttp3.mockwebserver.MockWebServer$4 processOneRequest
INFO: MockWebServer[50174] received request: GET / HTTP/1.1 and responded: HTTP/1.1 200 OK
May 09, 2021 8:46:28 PM okhttp3.mockwebserver.MockWebServer$3 acceptConnections
INFO: MockWebServer[50174] done accepting connections: Socket closed
May 09, 2021 8:46:28 PM okhttp3.mockwebserver.MockWebServer$3 execute
INFO: MockWebServer[50176] starting to accept connections
May 09, 2021 8:46:28 PM okhttp3.mockwebserver.MockWebServer$4 processOneRequest
INFO: MockWebServer[50176] received request: HEAD / HTTP/1.1 and responded: HTTP/1.1 200 OK
May 09, 2021 8:46:28 PM okhttp3.mockwebserver.MockWebServer$3 acceptConnections
INFO: MockWebServer[50176] done accepting connections: Socket closed
May 09, 2021 8:46:28 PM okhttp3.mockwebserver.MockWebServer$3 execute
INFO: MockWebServer[50178] starting to accept connections
May 09, 2021 8:46:28 PM okhttp3.mockwebserver.MockWebServer$4 processOneRequest
INFO: MockWebServer[50178] received request: POST / HTTP/1.1 and responded: HTTP/1.1 200 OK
May 09, 2021 8:46:28 PM okhttp3.mockwebserver.MockWebServer$3 acceptConnections
INFO: MockWebServer[50178] done accepting connections: Socket closed
May 09, 2021 8:46:28 PM okhttp3.mockwebserver.MockWebServer$3 execute
INFO: MockWebServer[50180] starting to accept connections
May 09, 2021 8:46:28 PM okhttp3.mockwebserver.MockWebServer$4 processOneRequest
INFO: MockWebServer[50180] received request: PUT / HTTP/1.1 and responded: HTTP/1.1 200 OK
May 09, 2021 8:46:28 PM okhttp3.mockwebserver.MockWebServer$3 acceptConnections
INFO: MockWebServer[50180] done accepting connections: Socket closed
May 09, 2021 8:46:28 PM okhttp3.mockwebserver.MockWebServer$3 execute
INFO: MockWebServer[50183] starting to accept connections
May 09, 2021 8:46:28 PM okhttp3.mockwebserver.MockWebServer$4 processOneRequest
INFO: MockWebServer[50183] received request: PATCH / HTTP/1.1 and responded: HTTP/1.1 200 OK
May 09, 2021 8:46:28 PM okhttp3.mockwebserver.MockWebServer$3 acceptConnections
INFO: MockWebServer[50183] done accepting connections: Socket closed
May 09, 2021 8:46:28 PM okhttp3.mockwebserver.MockWebServer$3 execute
INFO: MockWebServer[50186] starting to accept connections
May 09, 2021 8:46:28 PM okhttp3.mockwebserver.MockWebServer$4 processOneRequest
INFO: MockWebServer[50186] received request: DELETE / HTTP/1.1 and responded: HTTP/1.1 200 OK
May 09, 2021 8:46:28 PM okhttp3.mockwebserver.MockWebServer$3 acceptConnections
INFO: MockWebServer[50186] done accepting connections: Socket closed
May 09, 2021 8:46:28 PM okhttp3.mockwebserver.MockWebServer$3 execute
INFO: MockWebServer[50189] starting to accept connections
May 09, 2021 8:46:28 PM okhttp3.mockwebserver.MockWebServer$4 processOneRequest
INFO: MockWebServer[50189] received request: OPTIONS / HTTP/1.1 and responded: HTTP/1.1 200 OK
May 09, 2021 8:46:28 PM okhttp3.mockwebserver.MockWebServer$3 acceptConnections
INFO: MockWebServer[50189] done accepting connections: Socket closed
May 09, 2021 8:46:28 PM okhttp3.mockwebserver.MockWebServer$3 execute
INFO: MockWebServer[50192] starting to accept connections
May 09, 2021 8:46:28 PM okhttp3.mockwebserver.MockWebServer$4 processOneRequest
INFO: MockWebServer[50192] received request: TRACE / HTTP/1.1 and responded: HTTP/1.1 200 OK
May 09, 2021 8:46:28 PM okhttp3.mockwebserver.MockWebServer$3 acceptConnections
INFO: MockWebServer[50192] done accepting connections: Socket closed
May 09, 2021 8:46:28 PM okhttp3.mockwebserver.MockWebServer$3 execute
INFO: MockWebServer[50194] starting to accept connections
May 09, 2021 8:46:28 PM okhttp3.mockwebserver.MockWebServer$4 processOneRequest
INFO: MockWebServer[50194] received request: GET / HTTP/1.1 and responded: HTTP/1.1 200 OK
May 09, 2021 8:46:28 PM okhttp3.mockwebserver.MockWebServer$3 acceptConnections
INFO: MockWebServer[50194] done accepting connections: Socket closed
May 09, 2021 8:46:28 PM okhttp3.mockwebserver.MockWebServer$3 execute
INFO: MockWebServer[50196] starting to accept connections
May 09, 2021 8:46:28 PM okhttp3.mockwebserver.MockWebServer$4 processOneRequest
INFO: MockWebServer[50196] received request: HEAD / HTTP/1.1 and responded: HTTP/1.1 200 OK
May 09, 2021 8:46:28 PM okhttp3.mockwebserver.MockWebServer$3 acceptConnections
INFO: MockWebServer[50196] done accepting connections: Socket closed
May 09, 2021 8:46:28 PM okhttp3.mockwebserver.MockWebServer$3 execute
INFO: MockWebServer[50198] starting to accept connections
May 09, 2021 8:46:28 PM okhttp3.mockwebserver.MockWebServer$4 processOneRequest
INFO: MockWebServer[50198] received request: POST / HTTP/1.1 and responded: HTTP/1.1 200 OK
May 09, 2021 8:46:28 PM okhttp3.mockwebserver.MockWebServer$3 acceptConnections
INFO: MockWebServer[50198] done accepting connections: Socket closed
May 09, 2021 8:46:28 PM okhttp3.mockwebserver.MockWebServer$3 execute
INFO: MockWebServer[50200] starting to accept connections
May 09, 2021 8:46:28 PM okhttp3.mockwebserver.MockWebServer$4 processOneRequest
INFO: MockWebServer[50200] received request: PUT / HTTP/1.1 and responded: HTTP/1.1 200 OK
May 09, 2021 8:46:28 PM okhttp3.mockwebserver.MockWebServer$3 acceptConnections
INFO: MockWebServer[50200] done accepting connections: Socket closed
May 09, 2021 8:46:28 PM okhttp3.mockwebserver.MockWebServer$3 execute
INFO: MockWebServer[50202] starting to accept connections
May 09, 2021 8:46:28 PM okhttp3.mockwebserver.MockWebServer$4 processOneRequest
INFO: MockWebServer[50202] received request: PATCH / HTTP/1.1 and responded: HTTP/1.1 200 OK
May 09, 2021 8:46:28 PM okhttp3.mockwebserver.MockWebServer$3 acceptConnections
INFO: MockWebServer[50202] done accepting connections: Socket closed
May 09, 2021 8:46:28 PM okhttp3.mockwebserver.MockWebServer$3 execute
INFO: MockWebServer[50204] starting to accept connections
May 09, 2021 8:46:28 PM okhttp3.mockwebserver.MockWebServer$4 processOneRequest
INFO: MockWebServer[50204] received request: DELETE / HTTP/1.1 and responded: HTTP/1.1 200 OK
May 09, 2021 8:46:28 PM okhttp3.mockwebserver.MockWebServer$3 acceptConnections
INFO: MockWebServer[50204] done accepting connections: Socket closed
May 09, 2021 8:46:28 PM okhttp3.mockwebserver.MockWebServer$3 execute
INFO: MockWebServer[50206] starting to accept connections
May 09, 2021 8:46:28 PM okhttp3.mockwebserver.MockWebServer$4 processOneRequest
INFO: MockWebServer[50206] received request: OPTIONS / HTTP/1.1 and responded: HTTP/1.1 200 OK
May 09, 2021 8:46:28 PM okhttp3.mockwebserver.MockWebServer$3 acceptConnections
INFO: MockWebServer[50206] done accepting connections: Socket closed
May 09, 2021 8:46:28 PM okhttp3.mockwebserver.MockWebServer$3 execute
INFO: MockWebServer[50208] starting to accept connections
May 09, 2021 8:46:28 PM okhttp3.mockwebserver.MockWebServer$4 processOneRequest
INFO: MockWebServer[50208] received request: TRACE / HTTP/1.1 and responded: HTTP/1.1 200 OK
May 09, 2021 8:46:28 PM okhttp3.mockwebserver.MockWebServer$3 acceptConnections
INFO: MockWebServer[50208] done accepting connections: Socket closed
May 09, 2021 8:46:28 PM okhttp3.mockwebserver.MockWebServer$3 execute
INFO: MockWebServer[50211] starting to accept connections
May 09, 2021 8:46:28 PM okhttp3.mockwebserver.MockWebServer$4 processOneRequest
INFO: MockWebServer[50211] received request: POST / HTTP/1.1 and responded: HTTP/1.1 200 OK
May 09, 2021 8:46:28 PM okhttp3.mockwebserver.MockWebServer$3 acceptConnections
INFO: MockWebServer[50211] done accepting connections: Socket closed
May 09, 2021 8:46:28 PM okhttp3.mockwebserver.MockWebServer$3 execute
INFO: MockWebServer[50213] starting to accept connections
May 09, 2021 8:46:28 PM okhttp3.mockwebserver.MockWebServer$4 processOneRequest
INFO: MockWebServer[50213] received request: POST / HTTP/1.1 and responded: HTTP/1.1 200 OK
May 09, 2021 8:46:28 PM okhttp3.mockwebserver.MockWebServer$3 acceptConnections
INFO: MockWebServer[50213] done accepting connections: Socket closed
May 09, 2021 8:46:28 PM okhttp3.mockwebserver.MockWebServer$3 execute
INFO: MockWebServer[50215] starting to accept connections
May 09, 2021 8:46:28 PM okhttp3.mockwebserver.MockWebServer$4 processOneRequest
INFO: MockWebServer[50215] received request: POST / HTTP/1.1 and responded: HTTP/1.1 200 OK
May 09, 2021 8:46:28 PM okhttp3.mockwebserver.MockWebServer$3 acceptConnections
INFO: MockWebServer[50215] done accepting connections: Socket closed
May 09, 2021 8:46:28 PM okhttp3.mockwebserver.MockWebServer$3 execute
INFO: MockWebServer[50217] starting to accept connections
May 09, 2021 8:46:28 PM okhttp3.mockwebserver.MockWebServer$4 execute
INFO: MockWebServer[50217] connection from /127.0.0.1 failed: java.io.EOFException: \n not found: limit=0 content=…
May 09, 2021 8:46:28 PM okhttp3.mockwebserver.MockWebServer$3 acceptConnections
INFO: MockWebServer[50217] done accepting connections: Socket closed
May 09, 2021 8:46:28 PM okhttp3.mockwebserver.MockWebServer$3 execute
INFO: MockWebServer[50219] starting to accept connections
May 09, 2021 8:46:28 PM okhttp3.mockwebserver.MockWebServer$3 acceptConnections
INFO: MockWebServer[50219] done accepting connections: Socket closed
May 09, 2021 8:46:28 PM okhttp3.mockwebserver.MockWebServer$3 execute
INFO: MockWebServer[50220] starting to accept connections
May 09, 2021 8:46:28 PM okhttp3.mockwebserver.MockWebServer$4 processConnection
WARNING: MockWebServer[50220] connection from /127.0.0.1 didn't make a request
May 09, 2021 8:46:28 PM okhttp3.mockwebserver.MockWebServer$3 acceptConnections
INFO: MockWebServer[50220] done accepting connections: Socket closed
]]></system-err>
</testsuite>
