<?xml version="1.0" encoding="UTF-8"?>
<testsuite name="org.springframework.http.codec.ResourceHttpMessageReaderTests" tests="1" skipped="0" failures="0" errors="0" timestamp="2021-04-26T07:42:14" hostname="wangweilideMacBook-Pro.local" time="0.01">
  <properties/>
  <testcase name="readResourceAsMono()" classname="org.springframework.http.codec.ResourceHttpMessageReaderTests" time="0.01"/>
  <system-out><![CDATA[]]></system-out>
  <system-err><![CDATA[]]></system-err>
</testsuite>
