<?xml version="1.0" encoding="UTF-8"?>
<testsuite name="org.springframework.web.filter.CharacterEncodingFilterTests" tests="6" skipped="0" failures="0" errors="0" timestamp="2021-05-09T12:44:20" hostname="wangweilidembp" time="0.031">
  <properties/>
  <testcase name="encodingIfEmptyAndNotForced()" classname="org.springframework.web.filter.CharacterEncodingFilterTests" time="0.007"/>
  <testcase name="doesNotIfEncodingIsNotEmptyAndNotForced()" classname="org.springframework.web.filter.CharacterEncodingFilterTests" time="0.002"/>
  <testcase name="withBeanInitialization()" classname="org.springframework.web.filter.CharacterEncodingFilterTests" time="0.002"/>
  <testcase name="setForceEncodingOnRequestOnly()" classname="org.springframework.web.filter.CharacterEncodingFilterTests" time="0.016"/>
  <testcase name="forceEncodingAlwaysSetsEncoding()" classname="org.springframework.web.filter.CharacterEncodingFilterTests" time="0.002"/>
  <testcase name="withIncompleteInitialization()" classname="org.springframework.web.filter.CharacterEncodingFilterTests" time="0.002"/>
  <system-out><![CDATA[]]></system-out>
  <system-err><![CDATA[]]></system-err>
</testsuite>
