<?xml version="1.0" encoding="UTF-8"?>
<testsuite name="org.springframework.web.context.support.ResourceTests" tests="2" skipped="0" failures="0" errors="0" timestamp="2021-04-26T07:41:04" hostname="wangweilideMacBook-Pro.local" time="0.005">
  <properties/>
  <testcase name="testServletContextResourceWithRelativePath()" classname="org.springframework.web.context.support.ResourceTests" time="0.002"/>
  <testcase name="testServletContextResource()" classname="org.springframework.web.context.support.ResourceTests" time="0.003"/>
  <system-out><![CDATA[]]></system-out>
  <system-err><![CDATA[]]></system-err>
</testsuite>
