<?xml version="1.0" encoding="UTF-8"?>
<testsuite name="org.springframework.http.client.NoOutputStreamingStreamingSimpleHttpRequestFactoryTests" tests="6" skipped="0" failures="0" errors="0" timestamp="2021-04-26T07:44:13" hostname="wangweilideMacBook-Pro.local" time="0.014">
  <properties/>
  <testcase name="headersAfterExecute()" classname="org.springframework.http.client.NoOutputStreamingStreamingSimpleHttpRequestFactoryTests" time="0.002"/>
  <testcase name="status()" classname="org.springframework.http.client.NoOutputStreamingStreamingSimpleHttpRequestFactoryTests" time="0.002"/>
  <testcase name="echo()" classname="org.springframework.http.client.NoOutputStreamingStreamingSimpleHttpRequestFactoryTests" time="0.002"/>
  <testcase name="multipleWrites()" classname="org.springframework.http.client.NoOutputStreamingStreamingSimpleHttpRequestFactoryTests" time="0.001"/>
  <testcase name="queryParameters()" classname="org.springframework.http.client.NoOutputStreamingStreamingSimpleHttpRequestFactoryTests" time="0.002"/>
  <testcase name="httpMethods()" classname="org.springframework.http.client.NoOutputStreamingStreamingSimpleHttpRequestFactoryTests" time="0.005"/>
  <system-out><![CDATA[]]></system-out>
  <system-err><![CDATA[Apr 26, 2021 3:44:13 PM okhttp3.mockwebserver.MockWebServer$3 execute
INFO: MockWebServer[49187] starting to accept connections
Apr 26, 2021 3:44:13 PM okhttp3.mockwebserver.MockWebServer$4 processOneRequest
INFO: MockWebServer[49187] received request: POST /status/ok HTTP/1.1 and responded: HTTP/1.1 200 OK
Apr 26, 2021 3:44:13 PM okhttp3.mockwebserver.MockWebServer$3 acceptConnections
INFO: MockWebServer[49187] done accepting connections: Socket closed
Apr 26, 2021 3:44:13 PM okhttp3.mockwebserver.MockWebServer$3 execute
INFO: MockWebServer[49189] starting to accept connections
Apr 26, 2021 3:44:13 PM okhttp3.mockwebserver.MockWebServer$4 processOneRequest
INFO: MockWebServer[49189] received request: GET /status/notfound HTTP/1.1 and responded: HTTP/1.1 404 Client Error
Apr 26, 2021 3:44:13 PM okhttp3.mockwebserver.MockWebServer$3 acceptConnections
INFO: MockWebServer[49189] done accepting connections: Socket closed
Apr 26, 2021 3:44:13 PM okhttp3.mockwebserver.MockWebServer$3 execute
INFO: MockWebServer[49191] starting to accept connections
Apr 26, 2021 3:44:13 PM okhttp3.mockwebserver.MockWebServer$4 processOneRequest
INFO: MockWebServer[49191] received request: PUT /echo HTTP/1.1 and responded: HTTP/1.1 200 OK
Apr 26, 2021 3:44:13 PM okhttp3.mockwebserver.MockWebServer$3 acceptConnections
INFO: MockWebServer[49191] done accepting connections: Socket closed
Apr 26, 2021 3:44:13 PM okhttp3.mockwebserver.MockWebServer$3 execute
INFO: MockWebServer[49193] starting to accept connections
Apr 26, 2021 3:44:13 PM okhttp3.mockwebserver.MockWebServer$3 acceptConnections
INFO: MockWebServer[49193] done accepting connections: Socket is closed
Apr 26, 2021 3:44:13 PM okhttp3.mockwebserver.MockWebServer$4 processConnection
WARNING: MockWebServer[49193] connection from /127.0.0.1 didn't make a request
Apr 26, 2021 3:44:13 PM okhttp3.mockwebserver.MockWebServer$3 execute
INFO: MockWebServer[49195] starting to accept connections
Apr 26, 2021 3:44:13 PM okhttp3.mockwebserver.MockWebServer$4 processOneRequest
INFO: MockWebServer[49195] received request: GET /params?param1=value&param2=value1&param2=value2 HTTP/1.1 and responded: HTTP/1.1 200 OK
Apr 26, 2021 3:44:13 PM okhttp3.mockwebserver.MockWebServer$3 acceptConnections
INFO: MockWebServer[49195] done accepting connections: Socket closed
Apr 26, 2021 3:44:13 PM okhttp3.mockwebserver.MockWebServer$3 execute
INFO: MockWebServer[49197] starting to accept connections
Apr 26, 2021 3:44:13 PM okhttp3.mockwebserver.MockWebServer$4 processOneRequest
INFO: MockWebServer[49197] received request: GET /methods/get HTTP/1.1 and responded: HTTP/1.1 200 OK
Apr 26, 2021 3:44:13 PM okhttp3.mockwebserver.MockWebServer$4 processOneRequest
INFO: MockWebServer[49197] received request: HEAD /methods/head HTTP/1.1 and responded: HTTP/1.1 200 OK
Apr 26, 2021 3:44:13 PM okhttp3.mockwebserver.MockWebServer$4 processOneRequest
INFO: MockWebServer[49197] received request: POST /methods/post HTTP/1.1 and responded: HTTP/1.1 200 OK
Apr 26, 2021 3:44:13 PM okhttp3.mockwebserver.MockWebServer$4 processOneRequest
INFO: MockWebServer[49197] received request: PUT /methods/put HTTP/1.1 and responded: HTTP/1.1 200 OK
Apr 26, 2021 3:44:13 PM okhttp3.mockwebserver.MockWebServer$4 processOneRequest
INFO: MockWebServer[49197] received request: OPTIONS /methods/options HTTP/1.1 and responded: HTTP/1.1 200 OK
Apr 26, 2021 3:44:13 PM okhttp3.mockwebserver.MockWebServer$4 processOneRequest
INFO: MockWebServer[49197] received request: DELETE /methods/delete HTTP/1.1 and responded: HTTP/1.1 200 OK
Apr 26, 2021 3:44:13 PM okhttp3.mockwebserver.MockWebServer$3 acceptConnections
INFO: MockWebServer[49197] done accepting connections: Socket closed
]]></system-err>
</testsuite>
