<?xml version="1.0" encoding="UTF-8"?>
<testsuite name="org.springframework.http.client.NoOutputStreamingBufferedSimpleHttpRequestFactoryTests" tests="6" skipped="0" failures="0" errors="0" timestamp="2021-05-09T12:46:31" hostname="wangweilidembp" time="0.012">
  <properties/>
  <testcase name="headersAfterExecute()" classname="org.springframework.http.client.NoOutputStreamingBufferedSimpleHttpRequestFactoryTests" time="0.002"/>
  <testcase name="status()" classname="org.springframework.http.client.NoOutputStreamingBufferedSimpleHttpRequestFactoryTests" time="0.001"/>
  <testcase name="echo()" classname="org.springframework.http.client.NoOutputStreamingBufferedSimpleHttpRequestFactoryTests" time="0.001"/>
  <testcase name="multipleWrites()" classname="org.springframework.http.client.NoOutputStreamingBufferedSimpleHttpRequestFactoryTests" time="0.001"/>
  <testcase name="queryParameters()" classname="org.springframework.http.client.NoOutputStreamingBufferedSimpleHttpRequestFactoryTests" time="0.002"/>
  <testcase name="httpMethods()" classname="org.springframework.http.client.NoOutputStreamingBufferedSimpleHttpRequestFactoryTests" time="0.004"/>
  <system-out><![CDATA[]]></system-out>
  <system-err><![CDATA[May 09, 2021 8:46:31 PM okhttp3.mockwebserver.MockWebServer$3 execute
INFO: MockWebServer[50335] starting to accept connections
May 09, 2021 8:46:31 PM okhttp3.mockwebserver.MockWebServer$4 processOneRequest
INFO: MockWebServer[50335] received request: POST /status/ok HTTP/1.1 and responded: HTTP/1.1 200 OK
May 09, 2021 8:46:31 PM okhttp3.mockwebserver.MockWebServer$3 acceptConnections
INFO: MockWebServer[50335] done accepting connections: Socket closed
May 09, 2021 8:46:31 PM okhttp3.mockwebserver.MockWebServer$3 execute
INFO: MockWebServer[50337] starting to accept connections
May 09, 2021 8:46:31 PM okhttp3.mockwebserver.MockWebServer$4 processOneRequest
INFO: MockWebServer[50337] received request: GET /status/notfound HTTP/1.1 and responded: HTTP/1.1 404 Client Error
May 09, 2021 8:46:31 PM okhttp3.mockwebserver.MockWebServer$3 acceptConnections
INFO: MockWebServer[50337] done accepting connections: Socket closed
May 09, 2021 8:46:31 PM okhttp3.mockwebserver.MockWebServer$3 execute
INFO: MockWebServer[50339] starting to accept connections
May 09, 2021 8:46:31 PM okhttp3.mockwebserver.MockWebServer$4 processOneRequest
INFO: MockWebServer[50339] received request: PUT /echo HTTP/1.1 and responded: HTTP/1.1 200 OK
May 09, 2021 8:46:31 PM okhttp3.mockwebserver.MockWebServer$3 acceptConnections
INFO: MockWebServer[50339] done accepting connections: Socket closed
May 09, 2021 8:46:31 PM okhttp3.mockwebserver.MockWebServer$3 execute
INFO: MockWebServer[50341] starting to accept connections
May 09, 2021 8:46:31 PM okhttp3.mockwebserver.MockWebServer$3 acceptConnections
INFO: MockWebServer[50341] done accepting connections: Socket is closed
May 09, 2021 8:46:31 PM okhttp3.mockwebserver.MockWebServer$4 processConnection
WARNING: MockWebServer[50341] connection from /127.0.0.1 didn't make a request
May 09, 2021 8:46:31 PM okhttp3.mockwebserver.MockWebServer$3 execute
INFO: MockWebServer[50343] starting to accept connections
May 09, 2021 8:46:31 PM okhttp3.mockwebserver.MockWebServer$4 processOneRequest
INFO: MockWebServer[50343] received request: GET /params?param1=value&param2=value1&param2=value2 HTTP/1.1 and responded: HTTP/1.1 200 OK
May 09, 2021 8:46:31 PM okhttp3.mockwebserver.MockWebServer$3 acceptConnections
INFO: MockWebServer[50343] done accepting connections: Socket closed
May 09, 2021 8:46:31 PM okhttp3.mockwebserver.MockWebServer$3 execute
INFO: MockWebServer[50345] starting to accept connections
May 09, 2021 8:46:31 PM okhttp3.mockwebserver.MockWebServer$4 processOneRequest
INFO: MockWebServer[50345] received request: GET /methods/get HTTP/1.1 and responded: HTTP/1.1 200 OK
May 09, 2021 8:46:31 PM okhttp3.mockwebserver.MockWebServer$4 processOneRequest
INFO: MockWebServer[50345] received request: HEAD /methods/head HTTP/1.1 and responded: HTTP/1.1 200 OK
May 09, 2021 8:46:31 PM okhttp3.mockwebserver.MockWebServer$4 processOneRequest
INFO: MockWebServer[50345] received request: POST /methods/post HTTP/1.1 and responded: HTTP/1.1 200 OK
May 09, 2021 8:46:31 PM okhttp3.mockwebserver.MockWebServer$4 processOneRequest
INFO: MockWebServer[50345] received request: PUT /methods/put HTTP/1.1 and responded: HTTP/1.1 200 OK
May 09, 2021 8:46:31 PM okhttp3.mockwebserver.MockWebServer$4 processOneRequest
INFO: MockWebServer[50345] received request: OPTIONS /methods/options HTTP/1.1 and responded: HTTP/1.1 200 OK
May 09, 2021 8:46:31 PM okhttp3.mockwebserver.MockWebServer$4 processOneRequest
INFO: MockWebServer[50345] received request: DELETE /methods/delete HTTP/1.1 and responded: HTTP/1.1 200 OK
May 09, 2021 8:46:31 PM okhttp3.mockwebserver.MockWebServer$3 acceptConnections
INFO: MockWebServer[50345] done accepting connections: Socket closed
]]></system-err>
</testsuite>
