<?xml version="1.0" encoding="UTF-8"?>
<testsuite name="org.springframework.web.method.annotation.ModelFactoryOrderingTests" tests="4" skipped="0" failures="0" errors="0" timestamp="2021-05-09T12:44:22" hostname="wangweilidembp" time="0.166">
  <properties/>
  <testcase name="unresolvedDependency()" classname="org.springframework.web.method.annotation.ModelFactoryOrderingTests" time="0.157"/>
  <testcase name="treeDependency()" classname="org.springframework.web.method.annotation.ModelFactoryOrderingTests" time="0.003"/>
  <testcase name="straightLineDependency()" classname="org.springframework.web.method.annotation.ModelFactoryOrderingTests" time="0.002"/>
  <testcase name="InvertedTreeDependency()" classname="org.springframework.web.method.annotation.ModelFactoryOrderingTests" time="0.003"/>
  <system-out><![CDATA[]]></system-out>
  <system-err><![CDATA[]]></system-err>
</testsuite>
