<?xml version="1.0" encoding="UTF-8"?>
<testsuite name="org.springframework.web.server.session.DefaultWebSessionManagerTests" tests="4" skipped="0" failures="0" errors="0" timestamp="2021-04-26T07:42:07" hostname="wangweilideMacBook-Pro.local" time="0.064">
  <properties/>
  <testcase name="existingSession()" classname="org.springframework.web.server.session.DefaultWebSessionManagerTests" time="0.049"/>
  <testcase name="multipleSessionIds()" classname="org.springframework.web.server.session.DefaultWebSessionManagerTests" time="0.004"/>
  <testcase name="getSessionSaveWhenCreatedAndStartedThenSavesAndSetsId()" classname="org.springframework.web.server.session.DefaultWebSessionManagerTests" time="0.006"/>
  <testcase name="getSessionSaveWhenCreatedAndNotStartedThenNotSaved()" classname="org.springframework.web.server.session.DefaultWebSessionManagerTests" time="0.005"/>
  <system-out><![CDATA[]]></system-out>
  <system-err><![CDATA[]]></system-err>
</testsuite>
