<?xml version="1.0" encoding="UTF-8"?>
<testsuite name="org.springframework.web.context.request.RequestContextListenerTests" tests="3" skipped="0" failures="0" errors="0" timestamp="2021-04-26T07:41:06" hostname="wangweilideMacBook-Pro.local" time="0.012">
  <properties/>
  <testcase name="requestContextListenerWithSameThread()" classname="org.springframework.web.context.request.RequestContextListenerTests" time="0.004"/>
  <testcase name="requestContextListenerWithDifferentThread()" classname="org.springframework.web.context.request.RequestContextListenerTests" time="0.006"/>
  <testcase name="requestContextListenerWithSameThreadAndAttributesGone()" classname="org.springframework.web.context.request.RequestContextListenerTests" time="0.001"/>
  <system-out><![CDATA[]]></system-out>
  <system-err><![CDATA[]]></system-err>
</testsuite>
