<?xml version="1.0" encoding="UTF-8"?>
<testsuite name="org.springframework.web.method.HandlerTypePredicateTests" tests="2" skipped="0" failures="0" errors="0" timestamp="2021-04-26T07:42:10" hostname="wangweilideMacBook-Pro.local" time="0.01">
  <properties/>
  <testcase name="forAnnotation()" classname="org.springframework.web.method.HandlerTypePredicateTests" time="0.01"/>
  <testcase name="forAnnotationWithException()" classname="org.springframework.web.method.HandlerTypePredicateTests" time="0.0"/>
  <system-out><![CDATA[]]></system-out>
  <system-err><![CDATA[]]></system-err>
</testsuite>
