<?xml version="1.0" encoding="UTF-8"?>
<testsuite name="org.springframework.web.server.session.CookieWebSessionIdResolverTests" tests="2" skipped="0" failures="0" errors="0" timestamp="2021-05-09T12:43:22" hostname="wangweilidembp" time="0.008">
  <properties/>
  <testcase name="cookieInitializer()" classname="org.springframework.web.server.session.CookieWebSessionIdResolverTests" time="0.005"/>
  <testcase name="setSessionId()" classname="org.springframework.web.server.session.CookieWebSessionIdResolverTests" time="0.002"/>
  <system-out><![CDATA[]]></system-out>
  <system-err><![CDATA[]]></system-err>
</testsuite>
