<?xml version="1.0" encoding="UTF-8"?>
<testsuite name="org.springframework.core.convert.support.IntegerToEnumConverterFactoryTests" tests="4" skipped="0" failures="0" errors="0" timestamp="2021-04-26T07:41:04" hostname="wangweilideMacBook-Pro.local" time="0.043">
  <properties/>
  <testcase name="[1] index=0, color=RED" classname="org.springframework.core.convert.support.IntegerToEnumConverterFactoryTests" time="0.033"/>
  <testcase name="[2] index=1, color=BLUE" classname="org.springframework.core.convert.support.IntegerToEnumConverterFactoryTests" time="0.001"/>
  <testcase name="[3] index=2, color=GREEN" classname="org.springframework.core.convert.support.IntegerToEnumConverterFactoryTests" time="0.001"/>
  <testcase name="throwsArrayIndexOutOfBoundsExceptionIfInvalidEnumInteger()" classname="org.springframework.core.convert.support.IntegerToEnumConverterFactoryTests" time="0.001"/>
  <system-out><![CDATA[]]></system-out>
  <system-err><![CDATA[]]></system-err>
</testsuite>
