<?xml version="1.0" encoding="UTF-8"?>
<testsuite name="org.springframework.http.client.InterceptingStreamingHttpComponentsTests" tests="6" skipped="0" failures="0" errors="0" timestamp="2021-05-09T12:46:31" hostname="wangweilidembp" time="0.017">
  <properties/>
  <testcase name="headersAfterExecute()" classname="org.springframework.http.client.InterceptingStreamingHttpComponentsTests" time="0.004"/>
  <testcase name="status()" classname="org.springframework.http.client.InterceptingStreamingHttpComponentsTests" time="0.002"/>
  <testcase name="echo()" classname="org.springframework.http.client.InterceptingStreamingHttpComponentsTests" time="0.003"/>
  <testcase name="multipleWrites()" classname="org.springframework.http.client.InterceptingStreamingHttpComponentsTests" time="0.002"/>
  <testcase name="queryParameters()" classname="org.springframework.http.client.InterceptingStreamingHttpComponentsTests" time="0.003"/>
  <testcase name="httpMethods()" classname="org.springframework.http.client.InterceptingStreamingHttpComponentsTests" time="0.003"/>
  <system-out><![CDATA[]]></system-out>
  <system-err><![CDATA[May 09, 2021 8:46:31 PM okhttp3.mockwebserver.MockWebServer$3 execute
INFO: MockWebServer[50287] starting to accept connections
May 09, 2021 8:46:31 PM okhttp3.mockwebserver.MockWebServer$4 processOneRequest
INFO: MockWebServer[50287] received request: POST /status/ok HTTP/1.1 and responded: HTTP/1.1 200 OK
May 09, 2021 8:46:31 PM okhttp3.mockwebserver.MockWebServer$3 acceptConnections
INFO: MockWebServer[50287] done accepting connections: Socket closed
May 09, 2021 8:46:31 PM okhttp3.mockwebserver.MockWebServer$3 execute
INFO: MockWebServer[50289] starting to accept connections
May 09, 2021 8:46:31 PM okhttp3.mockwebserver.MockWebServer$4 processOneRequest
INFO: MockWebServer[50289] received request: GET /status/notfound HTTP/1.1 and responded: HTTP/1.1 404 Client Error
May 09, 2021 8:46:31 PM okhttp3.mockwebserver.MockWebServer$3 acceptConnections
INFO: MockWebServer[50289] done accepting connections: Socket closed
May 09, 2021 8:46:31 PM okhttp3.mockwebserver.MockWebServer$3 execute
INFO: MockWebServer[50291] starting to accept connections
May 09, 2021 8:46:31 PM okhttp3.mockwebserver.MockWebServer$4 processOneRequest
INFO: MockWebServer[50291] received request: PUT /echo HTTP/1.1 and responded: HTTP/1.1 200 OK
May 09, 2021 8:46:31 PM okhttp3.mockwebserver.MockWebServer$3 acceptConnections
INFO: MockWebServer[50291] done accepting connections: Socket closed
May 09, 2021 8:46:31 PM okhttp3.mockwebserver.MockWebServer$3 execute
INFO: MockWebServer[50293] starting to accept connections
May 09, 2021 8:46:31 PM okhttp3.mockwebserver.MockWebServer$4 processOneRequest
INFO: MockWebServer[50293] received request: POST /echo HTTP/1.1 and responded: HTTP/1.1 200 OK
May 09, 2021 8:46:31 PM okhttp3.mockwebserver.MockWebServer$3 acceptConnections
INFO: MockWebServer[50293] done accepting connections: Socket closed
May 09, 2021 8:46:31 PM okhttp3.mockwebserver.MockWebServer$3 execute
INFO: MockWebServer[50295] starting to accept connections
May 09, 2021 8:46:31 PM okhttp3.mockwebserver.MockWebServer$4 processOneRequest
INFO: MockWebServer[50295] received request: GET /params?param1=value&param2=value1&param2=value2 HTTP/1.1 and responded: HTTP/1.1 200 OK
May 09, 2021 8:46:31 PM okhttp3.mockwebserver.MockWebServer$3 acceptConnections
INFO: MockWebServer[50295] done accepting connections: Socket closed
May 09, 2021 8:46:31 PM okhttp3.mockwebserver.MockWebServer$3 execute
INFO: MockWebServer[50297] starting to accept connections
May 09, 2021 8:46:31 PM okhttp3.mockwebserver.MockWebServer$4 processOneRequest
INFO: MockWebServer[50297] received request: PATCH /methods/patch HTTP/1.1 and responded: HTTP/1.1 200 OK
May 09, 2021 8:46:31 PM okhttp3.mockwebserver.MockWebServer$3 acceptConnections
INFO: MockWebServer[50297] done accepting connections: Socket closed
]]></system-err>
</testsuite>
