<?xml version="1.0" encoding="UTF-8"?>
<testsuite name="org.springframework.web.server.adapter.WebHttpHandlerBuilderTests" tests="7" skipped="0" failures="0" errors="0" timestamp="2021-04-26T07:41:08" hostname="wangweilideMacBook-Pro.local" time="0.158">
  <properties/>
  <testcase name="configWithoutFilters()" classname="org.springframework.web.server.adapter.WebHttpHandlerBuilderTests" time="0.052"/>
  <testcase name="orderedWebExceptionHandlerBeans()" classname="org.springframework.web.server.adapter.WebHttpHandlerBuilderTests" time="0.033"/>
  <testcase name="httpHandlerDecorator()" classname="org.springframework.web.server.adapter.WebHttpHandlerBuilderTests" time="0.006"/>
  <testcase name="httpHandlerDecoratorFactoryBeans()" classname="org.springframework.web.server.adapter.WebHttpHandlerBuilderTests" time="0.024"/>
  <testcase name="cloneWithApplicationContext()" classname="org.springframework.web.server.adapter.WebHttpHandlerBuilderTests" time="0.007"/>
  <testcase name="forwardedHeaderTransformer()" classname="org.springframework.web.server.adapter.WebHttpHandlerBuilderTests" time="0.017"/>
  <testcase name="orderedWebFilterBeans()" classname="org.springframework.web.server.adapter.WebHttpHandlerBuilderTests" time="0.016"/>
  <system-out><![CDATA[]]></system-out>
  <system-err><![CDATA[]]></system-err>
</testsuite>
