<?xml version="1.0" encoding="UTF-8"?>
<testsuite name="org.springframework.web.util.WebUtilsTests" tests="6" skipped="0" failures="0" errors="0" timestamp="2021-05-09T12:43:19" hostname="wangweilidembp" time="0.032">
  <properties/>
  <testcase name="parseMatrixVariablesString()" classname="org.springframework.web.util.WebUtilsTests" time="0.002"/>
  <testcase name="isSameOrigin()" classname="org.springframework.web.util.WebUtilsTests" time="0.007"/>
  <testcase name="isSameOriginWithForwardedHeader()" classname="org.springframework.web.util.WebUtilsTests" time="0.008"/>
  <testcase name="isSameOriginWithXForwardedHeaders()" classname="org.springframework.web.util.WebUtilsTests" time="0.002"/>
  <testcase name="isValidOrigin()" classname="org.springframework.web.util.WebUtilsTests" time="0.001"/>
  <testcase name="findParameterValue()" classname="org.springframework.web.util.WebUtilsTests" time="0.001"/>
  <system-out><![CDATA[]]></system-out>
  <system-err><![CDATA[]]></system-err>
</testsuite>
