<?xml version="1.0" encoding="UTF-8"?>
<testsuite name="org.springframework.web.cors.UrlBasedCorsConfigurationSourceTests" tests="6" skipped="0" failures="0" errors="0" timestamp="2021-05-09T12:44:20" hostname="wangweilidembp" time="0.002">
  <properties/>
  <testcase name="[1] requestFactory=org.springframework.web.cors.UrlBasedCorsConfigurationSourceTests$$Lambda$1157/0x0000000800aea840@321d6243" classname="org.springframework.web.cors.UrlBasedCorsConfigurationSourceTests" time="0.0"/>
  <testcase name="[2] requestFactory=org.springframework.web.cors.UrlBasedCorsConfigurationSourceTests$$Lambda$1158/0x0000000800aeac40@5cc34d01" classname="org.springframework.web.cors.UrlBasedCorsConfigurationSourceTests" time="0.001"/>
  <testcase name="allowInitLookupPath()" classname="org.springframework.web.cors.UrlBasedCorsConfigurationSourceTests" time="0.0"/>
  <testcase name="[1] requestFactory=org.springframework.web.cors.UrlBasedCorsConfigurationSourceTests$$Lambda$1157/0x0000000800aea840@321d6243" classname="org.springframework.web.cors.UrlBasedCorsConfigurationSourceTests" time="0.001"/>
  <testcase name="[2] requestFactory=org.springframework.web.cors.UrlBasedCorsConfigurationSourceTests$$Lambda$1158/0x0000000800aeac40@5cc34d01" classname="org.springframework.web.cors.UrlBasedCorsConfigurationSourceTests" time="0.0"/>
  <testcase name="unmodifiableConfigurationsMap()" classname="org.springframework.web.cors.UrlBasedCorsConfigurationSourceTests" time="0.0"/>
  <system-out><![CDATA[]]></system-out>
  <system-err><![CDATA[]]></system-err>
</testsuite>
