<?xml version="1.0" encoding="UTF-8"?>
<testsuite name="org.springframework.http.client.NoOutputStreamingBufferedSimpleHttpRequestFactoryTests" tests="6" skipped="0" failures="0" errors="0" timestamp="2021-04-26T07:44:20" hostname="wangweilideMacBook-Pro.local" time="0.019">
  <properties/>
  <testcase name="headersAfterExecute()" classname="org.springframework.http.client.NoOutputStreamingBufferedSimpleHttpRequestFactoryTests" time="0.002"/>
  <testcase name="status()" classname="org.springframework.http.client.NoOutputStreamingBufferedSimpleHttpRequestFactoryTests" time="0.003"/>
  <testcase name="echo()" classname="org.springframework.http.client.NoOutputStreamingBufferedSimpleHttpRequestFactoryTests" time="0.002"/>
  <testcase name="multipleWrites()" classname="org.springframework.http.client.NoOutputStreamingBufferedSimpleHttpRequestFactoryTests" time="0.001"/>
  <testcase name="queryParameters()" classname="org.springframework.http.client.NoOutputStreamingBufferedSimpleHttpRequestFactoryTests" time="0.003"/>
  <testcase name="httpMethods()" classname="org.springframework.http.client.NoOutputStreamingBufferedSimpleHttpRequestFactoryTests" time="0.008"/>
  <system-out><![CDATA[]]></system-out>
  <system-err><![CDATA[Apr 26, 2021 3:44:20 PM okhttp3.mockwebserver.MockWebServer$3 execute
INFO: MockWebServer[49463] starting to accept connections
Apr 26, 2021 3:44:20 PM okhttp3.mockwebserver.MockWebServer$4 processOneRequest
INFO: MockWebServer[49463] received request: POST /status/ok HTTP/1.1 and responded: HTTP/1.1 200 OK
Apr 26, 2021 3:44:20 PM okhttp3.mockwebserver.MockWebServer$3 acceptConnections
INFO: MockWebServer[49463] done accepting connections: Socket closed
Apr 26, 2021 3:44:20 PM okhttp3.mockwebserver.MockWebServer$3 execute
INFO: MockWebServer[49465] starting to accept connections
Apr 26, 2021 3:44:20 PM okhttp3.mockwebserver.MockWebServer$4 processOneRequest
INFO: MockWebServer[49465] received request: GET /status/notfound HTTP/1.1 and responded: HTTP/1.1 404 Client Error
Apr 26, 2021 3:44:20 PM okhttp3.mockwebserver.MockWebServer$3 acceptConnections
INFO: MockWebServer[49465] done accepting connections: Socket closed
Apr 26, 2021 3:44:20 PM okhttp3.mockwebserver.MockWebServer$3 execute
INFO: MockWebServer[49467] starting to accept connections
Apr 26, 2021 3:44:20 PM okhttp3.mockwebserver.MockWebServer$4 processOneRequest
INFO: MockWebServer[49467] received request: PUT /echo HTTP/1.1 and responded: HTTP/1.1 200 OK
Apr 26, 2021 3:44:20 PM okhttp3.mockwebserver.MockWebServer$3 acceptConnections
INFO: MockWebServer[49467] done accepting connections: Socket closed
Apr 26, 2021 3:44:20 PM okhttp3.mockwebserver.MockWebServer$3 execute
INFO: MockWebServer[49469] starting to accept connections
Apr 26, 2021 3:44:20 PM okhttp3.mockwebserver.MockWebServer$3 acceptConnections
INFO: MockWebServer[49469] done accepting connections: Socket is closed
Apr 26, 2021 3:44:20 PM okhttp3.mockwebserver.MockWebServer$4 processConnection
WARNING: MockWebServer[49469] connection from /127.0.0.1 didn't make a request
Apr 26, 2021 3:44:20 PM okhttp3.mockwebserver.MockWebServer$3 execute
INFO: MockWebServer[49471] starting to accept connections
Apr 26, 2021 3:44:20 PM okhttp3.mockwebserver.MockWebServer$4 processOneRequest
INFO: MockWebServer[49471] received request: GET /params?param1=value&param2=value1&param2=value2 HTTP/1.1 and responded: HTTP/1.1 200 OK
Apr 26, 2021 3:44:20 PM okhttp3.mockwebserver.MockWebServer$3 acceptConnections
INFO: MockWebServer[49471] done accepting connections: Socket closed
Apr 26, 2021 3:44:20 PM okhttp3.mockwebserver.MockWebServer$3 execute
INFO: MockWebServer[49473] starting to accept connections
Apr 26, 2021 3:44:20 PM okhttp3.mockwebserver.MockWebServer$4 processOneRequest
INFO: MockWebServer[49473] received request: GET /methods/get HTTP/1.1 and responded: HTTP/1.1 200 OK
Apr 26, 2021 3:44:20 PM okhttp3.mockwebserver.MockWebServer$4 processOneRequest
INFO: MockWebServer[49473] received request: HEAD /methods/head HTTP/1.1 and responded: HTTP/1.1 200 OK
Apr 26, 2021 3:44:20 PM okhttp3.mockwebserver.MockWebServer$4 processOneRequest
INFO: MockWebServer[49473] received request: POST /methods/post HTTP/1.1 and responded: HTTP/1.1 200 OK
Apr 26, 2021 3:44:20 PM okhttp3.mockwebserver.MockWebServer$4 processOneRequest
INFO: MockWebServer[49473] received request: PUT /methods/put HTTP/1.1 and responded: HTTP/1.1 200 OK
Apr 26, 2021 3:44:20 PM okhttp3.mockwebserver.MockWebServer$4 processOneRequest
INFO: MockWebServer[49473] received request: OPTIONS /methods/options HTTP/1.1 and responded: HTTP/1.1 200 OK
Apr 26, 2021 3:44:20 PM okhttp3.mockwebserver.MockWebServer$4 processOneRequest
INFO: MockWebServer[49473] received request: DELETE /methods/delete HTTP/1.1 and responded: HTTP/1.1 200 OK
Apr 26, 2021 3:44:20 PM okhttp3.mockwebserver.MockWebServer$3 acceptConnections
INFO: MockWebServer[49473] done accepting connections: Socket closed
]]></system-err>
</testsuite>
