<?xml version="1.0" encoding="UTF-8"?>
<testsuite name="org.springframework.http.converter.FormHttpMessageConverterTests" tests="10" skipped="0" failures="0" errors="0" timestamp="2021-04-26T07:42:13" hostname="wangweilideMacBook-Pro.local" time="0.08">
  <properties/>
  <testcase name="setSupportedMediaTypes()" classname="org.springframework.http.converter.FormHttpMessageConverterTests" time="0.0"/>
  <testcase name="addSupportedMediaTypes()" classname="org.springframework.http.converter.FormHttpMessageConverterTests" time="0.0"/>
  <testcase name="writeForm()" classname="org.springframework.http.converter.FormHttpMessageConverterTests" time="0.001"/>
  <testcase name="readForm()" classname="org.springframework.http.converter.FormHttpMessageConverterTests" time="0.001"/>
  <testcase name="canWrite()" classname="org.springframework.http.converter.FormHttpMessageConverterTests" time="0.0"/>
  <testcase name="writeMultipartCharset()" classname="org.springframework.http.converter.FormHttpMessageConverterTests" time="0.01"/>
  <testcase name="canRead()" classname="org.springframework.http.converter.FormHttpMessageConverterTests" time="0.0"/>
  <testcase name="writeMultipartOrder()" classname="org.springframework.http.converter.FormHttpMessageConverterTests" time="0.029"/>
  <testcase name="cannotReadMultipart()" classname="org.springframework.http.converter.FormHttpMessageConverterTests" time="0.001"/>
  <testcase name="writeMultipart()" classname="org.springframework.http.converter.FormHttpMessageConverterTests" time="0.028"/>
  <system-out><![CDATA[]]></system-out>
  <system-err><![CDATA[]]></system-err>
</testsuite>
