<?xml version="1.0" encoding="UTF-8"?>
<testsuite name="org.springframework.http.converter.feed.RssChannelHttpMessageConverterTests" tests="5" skipped="0" failures="0" errors="0" timestamp="2021-05-09T12:44:24" hostname="wangweilidembp" time="0.02">
  <properties/>
  <testcase name="writeOtherCharset()" classname="org.springframework.http.converter.feed.RssChannelHttpMessageConverterTests" time="0.006"/>
  <testcase name="writeOtherContentTypeParameters()" classname="org.springframework.http.converter.feed.RssChannelHttpMessageConverterTests" time="0.001"/>
  <testcase name="read()" classname="org.springframework.http.converter.feed.RssChannelHttpMessageConverterTests" time="0.002"/>
  <testcase name="write()" classname="org.springframework.http.converter.feed.RssChannelHttpMessageConverterTests" time="0.01"/>
  <testcase name="canReadAndWrite()" classname="org.springframework.http.converter.feed.RssChannelHttpMessageConverterTests" time="0.001"/>
  <system-out><![CDATA[]]></system-out>
  <system-err><![CDATA[]]></system-err>
</testsuite>
