<?xml version="1.0" encoding="UTF-8"?>
<testsuite name="org.springframework.http.server.reactive.ZeroCopyIntegrationTests" tests="4" skipped="2" failures="0" errors="0" timestamp="2021-04-26T07:42:40" hostname="wangweilideMacBook-Pro.local" time="0.031">
  <properties/>
  <testcase name="[1] org.springframework.web.testfixture.http.server.reactive.bootstrap.JettyHttpServer@2f898306" classname="org.springframework.http.server.reactive.ZeroCopyIntegrationTests" time="0.001">
    <skipped/>
  </testcase>
  <testcase name="[2] org.springframework.web.testfixture.http.server.reactive.bootstrap.ReactorHttpServer@17413b9b" classname="org.springframework.http.server.reactive.ZeroCopyIntegrationTests" time="0.017"/>
  <testcase name="[3] org.springframework.web.testfixture.http.server.reactive.bootstrap.TomcatHttpServer@29c634e7" classname="org.springframework.http.server.reactive.ZeroCopyIntegrationTests" time="0.001">
    <skipped/>
  </testcase>
  <testcase name="[4] org.springframework.web.testfixture.http.server.reactive.bootstrap.UndertowHttpServer@272106be" classname="org.springframework.http.server.reactive.ZeroCopyIntegrationTests" time="0.012"/>
  <system-out><![CDATA[]]></system-out>
  <system-err><![CDATA[]]></system-err>
</testsuite>
