<?xml version="1.0" encoding="UTF-8"?>
<testsuite name="org.springframework.http.client.Netty4ClientHttpRequestFactoryTests" tests="6" skipped="0" failures="0" errors="0" timestamp="2021-05-09T12:46:28" hostname="wangweilidembp" time="0.049">
  <properties/>
  <testcase name="headersAfterExecute()" classname="org.springframework.http.client.Netty4ClientHttpRequestFactoryTests" time="0.004"/>
  <testcase name="status()" classname="org.springframework.http.client.Netty4ClientHttpRequestFactoryTests" time="0.004"/>
  <testcase name="echo()" classname="org.springframework.http.client.Netty4ClientHttpRequestFactoryTests" time="0.004"/>
  <testcase name="multipleWrites()" classname="org.springframework.http.client.Netty4ClientHttpRequestFactoryTests" time="0.005"/>
  <testcase name="queryParameters()" classname="org.springframework.http.client.Netty4ClientHttpRequestFactoryTests" time="0.004"/>
  <testcase name="httpMethods()" classname="org.springframework.http.client.Netty4ClientHttpRequestFactoryTests" time="0.028"/>
  <system-out><![CDATA[]]></system-out>
  <system-err><![CDATA[May 09, 2021 8:46:28 PM okhttp3.mockwebserver.MockWebServer$3 execute
INFO: MockWebServer[50239] starting to accept connections
May 09, 2021 8:46:28 PM okhttp3.mockwebserver.MockWebServer$4 processOneRequest
INFO: MockWebServer[50239] received request: POST /status/ok HTTP/1.1 and responded: HTTP/1.1 200 OK
May 09, 2021 8:46:28 PM okhttp3.mockwebserver.MockWebServer$3 acceptConnections
INFO: MockWebServer[50239] done accepting connections: Socket closed
May 09, 2021 8:46:28 PM okhttp3.mockwebserver.MockWebServer$3 execute
INFO: MockWebServer[50241] starting to accept connections
May 09, 2021 8:46:28 PM okhttp3.mockwebserver.MockWebServer$4 processOneRequest
INFO: MockWebServer[50241] received request: GET /status/notfound HTTP/1.1 and responded: HTTP/1.1 404 Client Error
May 09, 2021 8:46:28 PM okhttp3.mockwebserver.MockWebServer$3 acceptConnections
INFO: MockWebServer[50241] done accepting connections: Socket closed
May 09, 2021 8:46:28 PM okhttp3.mockwebserver.MockWebServer$3 execute
INFO: MockWebServer[50244] starting to accept connections
May 09, 2021 8:46:28 PM okhttp3.mockwebserver.MockWebServer$4 processOneRequest
INFO: MockWebServer[50244] received request: PUT /echo HTTP/1.1 and responded: HTTP/1.1 200 OK
May 09, 2021 8:46:28 PM okhttp3.mockwebserver.MockWebServer$3 acceptConnections
INFO: MockWebServer[50244] done accepting connections: Socket closed
May 09, 2021 8:46:28 PM okhttp3.mockwebserver.MockWebServer$3 execute
INFO: MockWebServer[50246] starting to accept connections
May 09, 2021 8:46:28 PM okhttp3.mockwebserver.MockWebServer$4 processOneRequest
INFO: MockWebServer[50246] received request: POST /echo HTTP/1.1 and responded: HTTP/1.1 200 OK
May 09, 2021 8:46:28 PM okhttp3.mockwebserver.MockWebServer$3 acceptConnections
INFO: MockWebServer[50246] done accepting connections: Socket closed
May 09, 2021 8:46:28 PM okhttp3.mockwebserver.MockWebServer$3 execute
INFO: MockWebServer[50248] starting to accept connections
May 09, 2021 8:46:28 PM okhttp3.mockwebserver.MockWebServer$4 processOneRequest
INFO: MockWebServer[50248] received request: GET /params?param1=value&param2=value1&param2=value2 HTTP/1.1 and responded: HTTP/1.1 200 OK
May 09, 2021 8:46:28 PM okhttp3.mockwebserver.MockWebServer$3 acceptConnections
INFO: MockWebServer[50248] done accepting connections: Socket closed
May 09, 2021 8:46:28 PM okhttp3.mockwebserver.MockWebServer$3 execute
INFO: MockWebServer[50250] starting to accept connections
May 09, 2021 8:46:28 PM okhttp3.mockwebserver.MockWebServer$4 processOneRequest
INFO: MockWebServer[50250] received request: GET /methods/get HTTP/1.1 and responded: HTTP/1.1 200 OK
May 09, 2021 8:46:28 PM okhttp3.mockwebserver.MockWebServer$4 processOneRequest
INFO: MockWebServer[50250] received request: HEAD /methods/head HTTP/1.1 and responded: HTTP/1.1 200 OK
May 09, 2021 8:46:28 PM okhttp3.mockwebserver.MockWebServer$4 processOneRequest
INFO: MockWebServer[50250] received request: POST /methods/post HTTP/1.1 and responded: HTTP/1.1 200 OK
May 09, 2021 8:46:28 PM okhttp3.mockwebserver.MockWebServer$4 processOneRequest
INFO: MockWebServer[50250] received request: PUT /methods/put HTTP/1.1 and responded: HTTP/1.1 200 OK
May 09, 2021 8:46:28 PM okhttp3.mockwebserver.MockWebServer$4 processOneRequest
INFO: MockWebServer[50250] received request: OPTIONS /methods/options HTTP/1.1 and responded: HTTP/1.1 200 OK
May 09, 2021 8:46:28 PM okhttp3.mockwebserver.MockWebServer$4 processOneRequest
INFO: MockWebServer[50250] received request: DELETE /methods/delete HTTP/1.1 and responded: HTTP/1.1 200 OK
May 09, 2021 8:46:28 PM okhttp3.mockwebserver.MockWebServer$4 processOneRequest
INFO: MockWebServer[50250] received request: PATCH /methods/patch HTTP/1.1 and responded: HTTP/1.1 200 OK
May 09, 2021 8:46:28 PM okhttp3.mockwebserver.MockWebServer$3 acceptConnections
INFO: MockWebServer[50250] done accepting connections: Socket closed
]]></system-err>
</testsuite>
