<?xml version="1.0" encoding="UTF-8"?>
<testsuite name="org.springframework.web.context.request.RequestAndSessionScopedBeanTests" tests="2" skipped="0" failures="0" errors="0" timestamp="2021-05-09T12:43:16" hostname="wangweilidembp" time="0.021">
  <properties/>
  <testcase name="testPutBeanInSession()" classname="org.springframework.web.context.request.RequestAndSessionScopedBeanTests" time="0.016"/>
  <testcase name="testPutBeanInRequest()" classname="org.springframework.web.context.request.RequestAndSessionScopedBeanTests" time="0.004"/>
  <system-out><![CDATA[]]></system-out>
  <system-err><![CDATA[]]></system-err>
</testsuite>
