<?xml version="1.0" encoding="UTF-8"?>
<testsuite name="org.springframework.http.client.OkHttp3AsyncClientHttpRequestFactoryTests" tests="7" skipped="0" failures="0" errors="0" timestamp="2021-05-09T12:46:26" hostname="wangweilidembp" time="0.034">
  <properties/>
  <testcase name="cancel()" classname="org.springframework.http.client.OkHttp3AsyncClientHttpRequestFactoryTests" time="0.004"/>
  <testcase name="headersAfterExecute()" classname="org.springframework.http.client.OkHttp3AsyncClientHttpRequestFactoryTests" time="0.004"/>
  <testcase name="status()" classname="org.springframework.http.client.OkHttp3AsyncClientHttpRequestFactoryTests" time="0.003"/>
  <testcase name="echo()" classname="org.springframework.http.client.OkHttp3AsyncClientHttpRequestFactoryTests" time="0.003"/>
  <testcase name="statusCallback()" classname="org.springframework.http.client.OkHttp3AsyncClientHttpRequestFactoryTests" time="0.003"/>
  <testcase name="multipleWrites()" classname="org.springframework.http.client.OkHttp3AsyncClientHttpRequestFactoryTests" time="0.002"/>
  <testcase name="httpMethods()" classname="org.springframework.http.client.OkHttp3AsyncClientHttpRequestFactoryTests" time="0.014"/>
  <system-out><![CDATA[]]></system-out>
  <system-err><![CDATA[May 09, 2021 8:46:26 PM okhttp3.mockwebserver.MockWebServer$3 execute
INFO: MockWebServer[50133] starting to accept connections
May 09, 2021 8:46:26 PM okhttp3.mockwebserver.MockWebServer$3 acceptConnections
INFO: MockWebServer[50133] done accepting connections: Socket closed
May 09, 2021 8:46:26 PM okhttp3.mockwebserver.MockWebServer$3 execute
INFO: MockWebServer[50134] starting to accept connections
May 09, 2021 8:46:26 PM okhttp3.mockwebserver.MockWebServer$4 processOneRequest
INFO: MockWebServer[50134] received request: POST /echo HTTP/1.1 and responded: HTTP/1.1 200 OK
May 09, 2021 8:46:26 PM okhttp3.mockwebserver.MockWebServer$3 acceptConnections
INFO: MockWebServer[50134] done accepting connections: Socket closed
May 09, 2021 8:46:26 PM okhttp3.mockwebserver.MockWebServer$3 execute
INFO: MockWebServer[50136] starting to accept connections
May 09, 2021 8:46:26 PM okhttp3.mockwebserver.MockWebServer$4 processOneRequest
INFO: MockWebServer[50136] received request: GET /status/notfound HTTP/1.1 and responded: HTTP/1.1 404 Client Error
May 09, 2021 8:46:26 PM okhttp3.mockwebserver.MockWebServer$3 acceptConnections
INFO: MockWebServer[50136] done accepting connections: Socket closed
May 09, 2021 8:46:26 PM okhttp3.mockwebserver.MockWebServer$3 execute
INFO: MockWebServer[50138] starting to accept connections
May 09, 2021 8:46:26 PM okhttp3.mockwebserver.MockWebServer$4 processOneRequest
INFO: MockWebServer[50138] received request: PUT /echo HTTP/1.1 and responded: HTTP/1.1 200 OK
May 09, 2021 8:46:26 PM okhttp3.mockwebserver.MockWebServer$3 acceptConnections
INFO: MockWebServer[50138] done accepting connections: Socket closed
May 09, 2021 8:46:26 PM okhttp3.mockwebserver.MockWebServer$3 execute
INFO: MockWebServer[50140] starting to accept connections
May 09, 2021 8:46:26 PM okhttp3.mockwebserver.MockWebServer$4 processOneRequest
INFO: MockWebServer[50140] received request: GET /status/notfound HTTP/1.1 and responded: HTTP/1.1 404 Client Error
May 09, 2021 8:46:26 PM okhttp3.mockwebserver.MockWebServer$3 acceptConnections
INFO: MockWebServer[50140] done accepting connections: Socket closed
May 09, 2021 8:46:26 PM okhttp3.mockwebserver.MockWebServer$3 execute
INFO: MockWebServer[50142] starting to accept connections
May 09, 2021 8:46:26 PM okhttp3.mockwebserver.MockWebServer$4 processOneRequest
INFO: MockWebServer[50142] received request: POST /echo HTTP/1.1 and responded: HTTP/1.1 200 OK
May 09, 2021 8:46:26 PM okhttp3.mockwebserver.MockWebServer$3 acceptConnections
INFO: MockWebServer[50142] done accepting connections: Socket closed
May 09, 2021 8:46:26 PM okhttp3.mockwebserver.MockWebServer$3 execute
INFO: MockWebServer[50144] starting to accept connections
May 09, 2021 8:46:26 PM okhttp3.mockwebserver.MockWebServer$4 processOneRequest
INFO: MockWebServer[50144] received request: GET /methods/get HTTP/1.1 and responded: HTTP/1.1 200 OK
May 09, 2021 8:46:26 PM okhttp3.mockwebserver.MockWebServer$4 processOneRequest
INFO: MockWebServer[50144] received request: HEAD /methods/head HTTP/1.1 and responded: HTTP/1.1 200 OK
May 09, 2021 8:46:26 PM okhttp3.mockwebserver.MockWebServer$4 processOneRequest
INFO: MockWebServer[50144] received request: POST /methods/post HTTP/1.1 and responded: HTTP/1.1 200 OK
May 09, 2021 8:46:26 PM okhttp3.mockwebserver.MockWebServer$4 processOneRequest
INFO: MockWebServer[50144] received request: PUT /methods/put HTTP/1.1 and responded: HTTP/1.1 200 OK
May 09, 2021 8:46:26 PM okhttp3.mockwebserver.MockWebServer$4 processOneRequest
INFO: MockWebServer[50144] received request: OPTIONS /methods/options HTTP/1.1 and responded: HTTP/1.1 200 OK
May 09, 2021 8:46:26 PM okhttp3.mockwebserver.MockWebServer$4 processOneRequest
INFO: MockWebServer[50144] received request: DELETE /methods/delete HTTP/1.1 and responded: HTTP/1.1 200 OK
May 09, 2021 8:46:26 PM okhttp3.mockwebserver.MockWebServer$4 processOneRequest
INFO: MockWebServer[50144] received request: PATCH /methods/patch HTTP/1.1 and responded: HTTP/1.1 200 OK
May 09, 2021 8:46:26 PM okhttp3.mockwebserver.MockWebServer$3 acceptConnections
INFO: MockWebServer[50144] done accepting connections: Socket closed
]]></system-err>
</testsuite>
