<?xml version="1.0" encoding="UTF-8"?>
<testsuite name="org.springframework.http.codec.support.ServerCodecConfigurerTests" tests="8" skipped="0" failures="0" errors="0" timestamp="2021-05-09T12:44:25" hostname="wangweilidembp" time="0.005">
  <properties/>
  <testcase name="maxInMemorySizeWithCustomCodecs()" classname="org.springframework.http.codec.support.ServerCodecConfigurerTests" time="0.0"/>
  <testcase name="defaultReaders()" classname="org.springframework.http.codec.support.ServerCodecConfigurerTests" time="0.0"/>
  <testcase name="maxInMemorySize()" classname="org.springframework.http.codec.support.ServerCodecConfigurerTests" time="0.001"/>
  <testcase name="enableRequestLoggingDetailsWithCustomCodecs()" classname="org.springframework.http.codec.support.ServerCodecConfigurerTests" time="0.0"/>
  <testcase name="defaultWriters()" classname="org.springframework.http.codec.support.ServerCodecConfigurerTests" time="0.0"/>
  <testcase name="cloneConfigurer()" classname="org.springframework.http.codec.support.ServerCodecConfigurerTests" time="0.0"/>
  <testcase name="enableRequestLoggingDetails()" classname="org.springframework.http.codec.support.ServerCodecConfigurerTests" time="0.001"/>
  <testcase name="jackson2EncoderOverride()" classname="org.springframework.http.codec.support.ServerCodecConfigurerTests" time="0.001"/>
  <system-out><![CDATA[]]></system-out>
  <system-err><![CDATA[]]></system-err>
</testsuite>
