<?xml version="1.0" encoding="UTF-8"?>
<testsuite name="org.springframework.http.client.StreamingSimpleClientHttpRequestFactoryTests" tests="8" skipped="1" failures="0" errors="0" timestamp="2021-05-09T12:46:23" hostname="wangweilidembp" time="0.022">
  <properties/>
  <testcase name="headersAfterExecute()" classname="org.springframework.http.client.StreamingSimpleClientHttpRequestFactoryTests" time="0.003"/>
  <testcase name="status()" classname="org.springframework.http.client.StreamingSimpleClientHttpRequestFactoryTests" time="0.003"/>
  <testcase name="echo()" classname="org.springframework.http.client.StreamingSimpleClientHttpRequestFactoryTests" time="0.002"/>
  <testcase name="multipleWrites()" classname="org.springframework.http.client.StreamingSimpleClientHttpRequestFactoryTests" time="0.002"/>
  <testcase name="queryParameters()" classname="org.springframework.http.client.StreamingSimpleClientHttpRequestFactoryTests" time="0.002"/>
  <testcase name="httpMethods()" classname="org.springframework.http.client.StreamingSimpleClientHttpRequestFactoryTests" time="0.006"/>
  <testcase name="largeFileUpload()" classname="org.springframework.http.client.StreamingSimpleClientHttpRequestFactoryTests" time="0.0">
    <skipped/>
  </testcase>
  <testcase name="interceptor()" classname="org.springframework.http.client.StreamingSimpleClientHttpRequestFactoryTests" time="0.003"/>
  <system-out><![CDATA[]]></system-out>
  <system-err><![CDATA[May 09, 2021 8:46:23 PM okhttp3.mockwebserver.MockWebServer$3 execute
INFO: MockWebServer[50046] starting to accept connections
May 09, 2021 8:46:23 PM okhttp3.mockwebserver.MockWebServer$4 processOneRequest
INFO: MockWebServer[50046] received request: POST /status/ok HTTP/1.1 and responded: HTTP/1.1 200 OK
May 09, 2021 8:46:23 PM okhttp3.mockwebserver.MockWebServer$3 acceptConnections
INFO: MockWebServer[50046] done accepting connections: Socket closed
May 09, 2021 8:46:23 PM okhttp3.mockwebserver.MockWebServer$3 execute
INFO: MockWebServer[50048] starting to accept connections
May 09, 2021 8:46:23 PM okhttp3.mockwebserver.MockWebServer$4 processOneRequest
INFO: MockWebServer[50048] received request: GET /status/notfound HTTP/1.1 and responded: HTTP/1.1 404 Client Error
May 09, 2021 8:46:23 PM okhttp3.mockwebserver.MockWebServer$3 acceptConnections
INFO: MockWebServer[50048] done accepting connections: Socket closed
May 09, 2021 8:46:23 PM okhttp3.mockwebserver.MockWebServer$3 execute
INFO: MockWebServer[50050] starting to accept connections
May 09, 2021 8:46:23 PM okhttp3.mockwebserver.MockWebServer$4 processOneRequest
INFO: MockWebServer[50050] received request: PUT /echo HTTP/1.1 and responded: HTTP/1.1 200 OK
May 09, 2021 8:46:23 PM okhttp3.mockwebserver.MockWebServer$3 acceptConnections
INFO: MockWebServer[50050] done accepting connections: Socket closed
May 09, 2021 8:46:23 PM okhttp3.mockwebserver.MockWebServer$3 execute
INFO: MockWebServer[50052] starting to accept connections
May 09, 2021 8:46:23 PM okhttp3.mockwebserver.MockWebServer$3 acceptConnections
INFO: MockWebServer[50052] done accepting connections: Socket closed
May 09, 2021 8:46:23 PM okhttp3.mockwebserver.MockWebServer$4 execute
INFO: MockWebServer[50052] connection from /127.0.0.1 failed: java.net.SocketException: Socket closed
May 09, 2021 8:46:23 PM okhttp3.mockwebserver.MockWebServer$3 execute
INFO: MockWebServer[50054] starting to accept connections
May 09, 2021 8:46:23 PM okhttp3.mockwebserver.MockWebServer$4 processOneRequest
INFO: MockWebServer[50054] received request: GET /params?param1=value&param2=value1&param2=value2 HTTP/1.1 and responded: HTTP/1.1 200 OK
May 09, 2021 8:46:23 PM okhttp3.mockwebserver.MockWebServer$3 acceptConnections
INFO: MockWebServer[50054] done accepting connections: Socket closed
May 09, 2021 8:46:23 PM okhttp3.mockwebserver.MockWebServer$3 execute
INFO: MockWebServer[50056] starting to accept connections
May 09, 2021 8:46:23 PM okhttp3.mockwebserver.MockWebServer$4 processOneRequest
INFO: MockWebServer[50056] received request: GET /methods/get HTTP/1.1 and responded: HTTP/1.1 200 OK
May 09, 2021 8:46:23 PM okhttp3.mockwebserver.MockWebServer$4 processOneRequest
INFO: MockWebServer[50056] received request: HEAD /methods/head HTTP/1.1 and responded: HTTP/1.1 200 OK
May 09, 2021 8:46:23 PM okhttp3.mockwebserver.MockWebServer$4 processOneRequest
INFO: MockWebServer[50056] received request: POST /methods/post HTTP/1.1 and responded: HTTP/1.1 200 OK
May 09, 2021 8:46:23 PM okhttp3.mockwebserver.MockWebServer$4 processOneRequest
INFO: MockWebServer[50056] received request: PUT /methods/put HTTP/1.1 and responded: HTTP/1.1 200 OK
May 09, 2021 8:46:23 PM okhttp3.mockwebserver.MockWebServer$4 processOneRequest
INFO: MockWebServer[50056] received request: OPTIONS /methods/options HTTP/1.1 and responded: HTTP/1.1 200 OK
May 09, 2021 8:46:23 PM okhttp3.mockwebserver.MockWebServer$4 processOneRequest
INFO: MockWebServer[50056] received request: DELETE /methods/delete HTTP/1.1 and responded: HTTP/1.1 200 OK
May 09, 2021 8:46:23 PM okhttp3.mockwebserver.MockWebServer$3 acceptConnections
INFO: MockWebServer[50056] done accepting connections: Socket closed
May 09, 2021 8:46:23 PM okhttp3.mockwebserver.MockWebServer$3 execute
INFO: MockWebServer[50058] starting to accept connections
May 09, 2021 8:46:23 PM okhttp3.mockwebserver.MockWebServer$4 processOneRequest
INFO: MockWebServer[50058] received request: GET /echo HTTP/1.1 and responded: HTTP/1.1 200 OK
May 09, 2021 8:46:23 PM okhttp3.mockwebserver.MockWebServer$3 acceptConnections
INFO: MockWebServer[50058] done accepting connections: Socket closed
]]></system-err>
</testsuite>
