<?xml version="1.0" encoding="UTF-8"?>
<testsuite name="org.springframework.http.codec.multipart.DefaultPartHttpMessageReaderTests" tests="46" skipped="0" failures="0" errors="0" timestamp="2021-04-26T07:42:14" hostname="wangweilideMacBook-Pro.local" time="0.673">
  <properties/>
  <testcase name="[1] streaming" classname="org.springframework.http.codec.multipart.DefaultPartHttpMessageReaderTests" time="0.014"/>
  <testcase name="[2] in-memory" classname="org.springframework.http.codec.multipart.DefaultPartHttpMessageReaderTests" time="0.004"/>
  <testcase name="[3] on-disk" classname="org.springframework.http.codec.multipart.DefaultPartHttpMessageReaderTests" time="0.003"/>
  <testcase name="[1] streaming" classname="org.springframework.http.codec.multipart.DefaultPartHttpMessageReaderTests" time="0.067"/>
  <testcase name="[2] in-memory" classname="org.springframework.http.codec.multipart.DefaultPartHttpMessageReaderTests" time="0.039"/>
  <testcase name="[3] on-disk" classname="org.springframework.http.codec.multipart.DefaultPartHttpMessageReaderTests" time="0.062"/>
  <testcase name="[1] streaming" classname="org.springframework.http.codec.multipart.DefaultPartHttpMessageReaderTests" time="0.002"/>
  <testcase name="[2] in-memory" classname="org.springframework.http.codec.multipart.DefaultPartHttpMessageReaderTests" time="0.001"/>
  <testcase name="[3] on-disk" classname="org.springframework.http.codec.multipart.DefaultPartHttpMessageReaderTests" time="0.002"/>
  <testcase name="[1] streaming" classname="org.springframework.http.codec.multipart.DefaultPartHttpMessageReaderTests" time="0.042"/>
  <testcase name="[2] in-memory" classname="org.springframework.http.codec.multipart.DefaultPartHttpMessageReaderTests" time="0.022"/>
  <testcase name="[3] on-disk" classname="org.springframework.http.codec.multipart.DefaultPartHttpMessageReaderTests" time="0.035"/>
  <testcase name="[1] streaming" classname="org.springframework.http.codec.multipart.DefaultPartHttpMessageReaderTests" time="0.012"/>
  <testcase name="[2] in-memory" classname="org.springframework.http.codec.multipart.DefaultPartHttpMessageReaderTests" time="0.01"/>
  <testcase name="[3] on-disk" classname="org.springframework.http.codec.multipart.DefaultPartHttpMessageReaderTests" time="0.016"/>
  <testcase name="[1] streaming" classname="org.springframework.http.codec.multipart.DefaultPartHttpMessageReaderTests" time="0.026"/>
  <testcase name="[2] in-memory" classname="org.springframework.http.codec.multipart.DefaultPartHttpMessageReaderTests" time="0.032"/>
  <testcase name="[3] on-disk" classname="org.springframework.http.codec.multipart.DefaultPartHttpMessageReaderTests" time="0.045"/>
  <testcase name="[1] streaming" classname="org.springframework.http.codec.multipart.DefaultPartHttpMessageReaderTests" time="0.02"/>
  <testcase name="[2] in-memory" classname="org.springframework.http.codec.multipart.DefaultPartHttpMessageReaderTests" time="0.029"/>
  <testcase name="[3] on-disk" classname="org.springframework.http.codec.multipart.DefaultPartHttpMessageReaderTests" time="0.018"/>
  <testcase name="[1] streaming" classname="org.springframework.http.codec.multipart.DefaultPartHttpMessageReaderTests" time="0.004"/>
  <testcase name="[2] in-memory" classname="org.springframework.http.codec.multipart.DefaultPartHttpMessageReaderTests" time="0.003"/>
  <testcase name="[3] on-disk" classname="org.springframework.http.codec.multipart.DefaultPartHttpMessageReaderTests" time="0.003"/>
  <testcase name="[1] streaming" classname="org.springframework.http.codec.multipart.DefaultPartHttpMessageReaderTests" time="0.0"/>
  <testcase name="[2] in-memory" classname="org.springframework.http.codec.multipart.DefaultPartHttpMessageReaderTests" time="0.0"/>
  <testcase name="[3] on-disk" classname="org.springframework.http.codec.multipart.DefaultPartHttpMessageReaderTests" time="0.001"/>
  <testcase name="[1] streaming" classname="org.springframework.http.codec.multipart.DefaultPartHttpMessageReaderTests" time="0.014"/>
  <testcase name="[2] in-memory" classname="org.springframework.http.codec.multipart.DefaultPartHttpMessageReaderTests" time="0.008"/>
  <testcase name="[3] on-disk" classname="org.springframework.http.codec.multipart.DefaultPartHttpMessageReaderTests" time="0.008"/>
  <testcase name="[1] streaming" classname="org.springframework.http.codec.multipart.DefaultPartHttpMessageReaderTests" time="0.003"/>
  <testcase name="[2] in-memory" classname="org.springframework.http.codec.multipart.DefaultPartHttpMessageReaderTests" time="0.002"/>
  <testcase name="[3] on-disk" classname="org.springframework.http.codec.multipart.DefaultPartHttpMessageReaderTests" time="0.002"/>
  <testcase name="[1] streaming" classname="org.springframework.http.codec.multipart.DefaultPartHttpMessageReaderTests" time="0.011"/>
  <testcase name="[2] in-memory" classname="org.springframework.http.codec.multipart.DefaultPartHttpMessageReaderTests" time="0.016"/>
  <testcase name="[3] on-disk" classname="org.springframework.http.codec.multipart.DefaultPartHttpMessageReaderTests" time="0.01"/>
  <testcase name="[1] streaming" classname="org.springframework.http.codec.multipart.DefaultPartHttpMessageReaderTests" time="0.002"/>
  <testcase name="[2] in-memory" classname="org.springframework.http.codec.multipart.DefaultPartHttpMessageReaderTests" time="0.002"/>
  <testcase name="[3] on-disk" classname="org.springframework.http.codec.multipart.DefaultPartHttpMessageReaderTests" time="0.002"/>
  <testcase name="[1] streaming" classname="org.springframework.http.codec.multipart.DefaultPartHttpMessageReaderTests" time="0.013"/>
  <testcase name="[2] in-memory" classname="org.springframework.http.codec.multipart.DefaultPartHttpMessageReaderTests" time="0.015"/>
  <testcase name="[3] on-disk" classname="org.springframework.http.codec.multipart.DefaultPartHttpMessageReaderTests" time="0.01"/>
  <testcase name="[1] streaming" classname="org.springframework.http.codec.multipart.DefaultPartHttpMessageReaderTests" time="0.008"/>
  <testcase name="[2] in-memory" classname="org.springframework.http.codec.multipart.DefaultPartHttpMessageReaderTests" time="0.007"/>
  <testcase name="[3] on-disk" classname="org.springframework.http.codec.multipart.DefaultPartHttpMessageReaderTests" time="0.008"/>
  <testcase name="tooManyParts()" classname="org.springframework.http.codec.multipart.DefaultPartHttpMessageReaderTests" time="0.006"/>
  <system-out><![CDATA[]]></system-out>
  <system-err><![CDATA[]]></system-err>
</testsuite>
