<?xml version="1.0" encoding="UTF-8"?>
<testsuite name="org.springframework.http.codec.CancelWithoutDemandCodecTests" tests="7" skipped="0" failures="0" errors="0" timestamp="2021-05-09T12:44:25" hostname="wangweilidembp" time="0.016">
  <properties/>
  <testcase name="cancelWithSse()" classname="org.springframework.http.codec.CancelWithoutDemandCodecTests" time="0.001"/>
  <testcase name="cancelWithProtobufEncoder()" classname="org.springframework.http.codec.CancelWithoutDemandCodecTests" time="0.001"/>
  <testcase name="cancelWithMultipartContent()" classname="org.springframework.http.codec.CancelWithoutDemandCodecTests" time="0.004"/>
  <testcase name="cancelWithEncoderHttpMessageWriterAndSingleValue()" classname="org.springframework.http.codec.CancelWithoutDemandCodecTests" time="0.001"/>
  <testcase name="cancelWithJackson()" classname="org.springframework.http.codec.CancelWithoutDemandCodecTests" time="0.001"/>
  <testcase name="cancelWithJaxb2()" classname="org.springframework.http.codec.CancelWithoutDemandCodecTests" time="0.005"/>
  <testcase name="cancelWithProtobufDecoder()" classname="org.springframework.http.codec.CancelWithoutDemandCodecTests" time="0.003"/>
  <system-out><![CDATA[]]></system-out>
  <system-err><![CDATA[]]></system-err>
</testsuite>
