<?xml version="1.0" encoding="UTF-8"?>
<testsuite name="org.springframework.web.client.DefaultResponseErrorHandlerHttpStatusTests" tests="32" skipped="0" failures="0" errors="0" timestamp="2021-04-26T07:42:08" hostname="wangweilideMacBook-Pro.local" time="0.054">
  <properties/>
  <testcase name="[1] error: [400 BAD_REQUEST]" classname="org.springframework.web.client.DefaultResponseErrorHandlerHttpStatusTests" time="0.001"/>
  <testcase name="[2] error: [401 UNAUTHORIZED]" classname="org.springframework.web.client.DefaultResponseErrorHandlerHttpStatusTests" time="0.001"/>
  <testcase name="[3] error: [403 FORBIDDEN]" classname="org.springframework.web.client.DefaultResponseErrorHandlerHttpStatusTests" time="0.001"/>
  <testcase name="[4] error: [404 NOT_FOUND]" classname="org.springframework.web.client.DefaultResponseErrorHandlerHttpStatusTests" time="0.001"/>
  <testcase name="[5] error: [405 METHOD_NOT_ALLOWED]" classname="org.springframework.web.client.DefaultResponseErrorHandlerHttpStatusTests" time="0.001"/>
  <testcase name="[6] error: [406 NOT_ACCEPTABLE]" classname="org.springframework.web.client.DefaultResponseErrorHandlerHttpStatusTests" time="0.001"/>
  <testcase name="[7] error: [409 CONFLICT]" classname="org.springframework.web.client.DefaultResponseErrorHandlerHttpStatusTests" time="0.001"/>
  <testcase name="[8] error: [429 TOO_MANY_REQUESTS]" classname="org.springframework.web.client.DefaultResponseErrorHandlerHttpStatusTests" time="0.001"/>
  <testcase name="[9] error: [422 UNPROCESSABLE_ENTITY]" classname="org.springframework.web.client.DefaultResponseErrorHandlerHttpStatusTests" time="0.0"/>
  <testcase name="[10] error: [418 I_AM_A_TEAPOT]" classname="org.springframework.web.client.DefaultResponseErrorHandlerHttpStatusTests" time="0.0"/>
  <testcase name="[11] error: [500 INTERNAL_SERVER_ERROR]" classname="org.springframework.web.client.DefaultResponseErrorHandlerHttpStatusTests" time="0.0"/>
  <testcase name="[12] error: [501 NOT_IMPLEMENTED]" classname="org.springframework.web.client.DefaultResponseErrorHandlerHttpStatusTests" time="0.001"/>
  <testcase name="[13] error: [502 BAD_GATEWAY]" classname="org.springframework.web.client.DefaultResponseErrorHandlerHttpStatusTests" time="0.001"/>
  <testcase name="[14] error: [503 SERVICE_UNAVAILABLE]" classname="org.springframework.web.client.DefaultResponseErrorHandlerHttpStatusTests" time="0.0"/>
  <testcase name="[15] error: [504 GATEWAY_TIMEOUT]" classname="org.springframework.web.client.DefaultResponseErrorHandlerHttpStatusTests" time="0.0"/>
  <testcase name="[16] error: [505 HTTP_VERSION_NOT_SUPPORTED]" classname="org.springframework.web.client.DefaultResponseErrorHandlerHttpStatusTests" time="0.0"/>
  <testcase name="[1] error: [400 BAD_REQUEST], exception: [class org.springframework.web.client.HttpClientErrorException$BadRequest]" classname="org.springframework.web.client.DefaultResponseErrorHandlerHttpStatusTests" time="0.003"/>
  <testcase name="[2] error: [401 UNAUTHORIZED], exception: [class org.springframework.web.client.HttpClientErrorException$Unauthorized]" classname="org.springframework.web.client.DefaultResponseErrorHandlerHttpStatusTests" time="0.001"/>
  <testcase name="[3] error: [403 FORBIDDEN], exception: [class org.springframework.web.client.HttpClientErrorException$Forbidden]" classname="org.springframework.web.client.DefaultResponseErrorHandlerHttpStatusTests" time="0.001"/>
  <testcase name="[4] error: [404 NOT_FOUND], exception: [class org.springframework.web.client.HttpClientErrorException$NotFound]" classname="org.springframework.web.client.DefaultResponseErrorHandlerHttpStatusTests" time="0.002"/>
  <testcase name="[5] error: [405 METHOD_NOT_ALLOWED], exception: [class org.springframework.web.client.HttpClientErrorException$MethodNotAllowed]" classname="org.springframework.web.client.DefaultResponseErrorHandlerHttpStatusTests" time="0.002"/>
  <testcase name="[6] error: [406 NOT_ACCEPTABLE], exception: [class org.springframework.web.client.HttpClientErrorException$NotAcceptable]" classname="org.springframework.web.client.DefaultResponseErrorHandlerHttpStatusTests" time="0.002"/>
  <testcase name="[7] error: [409 CONFLICT], exception: [class org.springframework.web.client.HttpClientErrorException$Conflict]" classname="org.springframework.web.client.DefaultResponseErrorHandlerHttpStatusTests" time="0.002"/>
  <testcase name="[8] error: [429 TOO_MANY_REQUESTS], exception: [class org.springframework.web.client.HttpClientErrorException$TooManyRequests]" classname="org.springframework.web.client.DefaultResponseErrorHandlerHttpStatusTests" time="0.002"/>
  <testcase name="[9] error: [422 UNPROCESSABLE_ENTITY], exception: [class org.springframework.web.client.HttpClientErrorException$UnprocessableEntity]" classname="org.springframework.web.client.DefaultResponseErrorHandlerHttpStatusTests" time="0.002"/>
  <testcase name="[10] error: [418 I_AM_A_TEAPOT], exception: [class org.springframework.web.client.HttpClientErrorException]" classname="org.springframework.web.client.DefaultResponseErrorHandlerHttpStatusTests" time="0.001"/>
  <testcase name="[11] error: [500 INTERNAL_SERVER_ERROR], exception: [class org.springframework.web.client.HttpServerErrorException$InternalServerError]" classname="org.springframework.web.client.DefaultResponseErrorHandlerHttpStatusTests" time="0.002"/>
  <testcase name="[12] error: [501 NOT_IMPLEMENTED], exception: [class org.springframework.web.client.HttpServerErrorException$NotImplemented]" classname="org.springframework.web.client.DefaultResponseErrorHandlerHttpStatusTests" time="0.002"/>
  <testcase name="[13] error: [502 BAD_GATEWAY], exception: [class org.springframework.web.client.HttpServerErrorException$BadGateway]" classname="org.springframework.web.client.DefaultResponseErrorHandlerHttpStatusTests" time="0.002"/>
  <testcase name="[14] error: [503 SERVICE_UNAVAILABLE], exception: [class org.springframework.web.client.HttpServerErrorException$ServiceUnavailable]" classname="org.springframework.web.client.DefaultResponseErrorHandlerHttpStatusTests" time="0.002"/>
  <testcase name="[15] error: [504 GATEWAY_TIMEOUT], exception: [class org.springframework.web.client.HttpServerErrorException$GatewayTimeout]" classname="org.springframework.web.client.DefaultResponseErrorHandlerHttpStatusTests" time="0.002"/>
  <testcase name="[16] error: [505 HTTP_VERSION_NOT_SUPPORTED], exception: [class org.springframework.web.client.HttpServerErrorException]" classname="org.springframework.web.client.DefaultResponseErrorHandlerHttpStatusTests" time="0.003"/>
  <system-out><![CDATA[]]></system-out>
  <system-err><![CDATA[]]></system-err>
</testsuite>
