<?xml version="1.0" encoding="UTF-8"?>
<testsuite name="org.springframework.web.accept.MappingMediaTypeFileExtensionResolverTests" tests="4" skipped="0" failures="0" errors="0" timestamp="2021-05-09T12:43:15" hostname="wangweilidembp" time="0.014">
  <properties/>
  <testcase name="resolveExtensionsNoMatch()" classname="org.springframework.web.accept.MappingMediaTypeFileExtensionResolverTests" time="0.002"/>
  <testcase name="resolveExtensions()" classname="org.springframework.web.accept.MappingMediaTypeFileExtensionResolverTests" time="0.002"/>
  <testcase name="allFileExtensions()" classname="org.springframework.web.accept.MappingMediaTypeFileExtensionResolverTests" time="0.001"/>
  <testcase name="lookupMediaTypeCaseInsensitive()" classname="org.springframework.web.accept.MappingMediaTypeFileExtensionResolverTests" time="0.001"/>
  <system-out><![CDATA[]]></system-out>
  <system-err><![CDATA[]]></system-err>
</testsuite>
