<?xml version="1.0" encoding="UTF-8"?>
<testsuite name="org.springframework.http.converter.xml.MappingJackson2XmlHttpMessageConverterTests" tests="11" skipped="0" failures="0" errors="0" timestamp="2021-04-26T07:42:12" hostname="wangweilideMacBook-Pro.local" time="0.095">
  <properties/>
  <testcase name="jsonView()" classname="org.springframework.http.converter.xml.MappingJackson2XmlHttpMessageConverterTests" time="0.035"/>
  <testcase name="readWithXmlBomb()" classname="org.springframework.http.converter.xml.MappingJackson2XmlHttpMessageConverterTests" time="0.007"/>
  <testcase name="readInvalidXml()" classname="org.springframework.http.converter.xml.MappingJackson2XmlHttpMessageConverterTests" time="0.001"/>
  <testcase name="readWithExternalReference()" classname="org.springframework.http.converter.xml.MappingJackson2XmlHttpMessageConverterTests" time="0.009"/>
  <testcase name="readValidXmlWithUnknownProperty()" classname="org.springframework.http.converter.xml.MappingJackson2XmlHttpMessageConverterTests" time="0.002"/>
  <testcase name="canWrite()" classname="org.springframework.http.converter.xml.MappingJackson2XmlHttpMessageConverterTests" time="0.007"/>
  <testcase name="read()" classname="org.springframework.http.converter.xml.MappingJackson2XmlHttpMessageConverterTests" time="0.006"/>
  <testcase name="write()" classname="org.springframework.http.converter.xml.MappingJackson2XmlHttpMessageConverterTests" time="0.011"/>
  <testcase name="canRead()" classname="org.springframework.http.converter.xml.MappingJackson2XmlHttpMessageConverterTests" time="0.002"/>
  <testcase name="customXmlMapper()" classname="org.springframework.http.converter.xml.MappingJackson2XmlHttpMessageConverterTests" time="0.001"/>
  <testcase name="readNonUnicode()" classname="org.springframework.http.converter.xml.MappingJackson2XmlHttpMessageConverterTests" time="0.002"/>
  <system-out><![CDATA[]]></system-out>
  <system-err><![CDATA[]]></system-err>
</testsuite>
