<?xml version="1.0" encoding="UTF-8"?>
<testsuite name="org.springframework.http.server.reactive.RandomHandlerIntegrationTests" tests="4" skipped="0" failures="0" errors="0" timestamp="2021-05-09T12:46:00" hostname="wangweilidembp" time="11.211">
  <properties/>
  <testcase name="[1] org.springframework.web.testfixture.http.server.reactive.bootstrap.JettyHttpServer@6018f86d" classname="org.springframework.http.server.reactive.RandomHandlerIntegrationTests" time="0.013"/>
  <testcase name="[2] org.springframework.web.testfixture.http.server.reactive.bootstrap.ReactorHttpServer@df0ae28" classname="org.springframework.http.server.reactive.RandomHandlerIntegrationTests" time="0.007"/>
  <testcase name="[3] org.springframework.web.testfixture.http.server.reactive.bootstrap.TomcatHttpServer@1e799651" classname="org.springframework.http.server.reactive.RandomHandlerIntegrationTests" time="11.183"/>
  <testcase name="[4] org.springframework.web.testfixture.http.server.reactive.bootstrap.UndertowHttpServer@78078046" classname="org.springframework.http.server.reactive.RandomHandlerIntegrationTests" time="0.008"/>
  <system-out><![CDATA[]]></system-out>
  <system-err><![CDATA[May 09, 2021 8:46:00 PM org.apache.catalina.core.StandardService startInternal
INFO: Starting service [Tomcat]
May 09, 2021 8:46:00 PM org.apache.catalina.core.StandardEngine startInternal
INFO: Starting Servlet engine: [Apache Tomcat/9.0.45]
May 09, 2021 8:46:00 PM org.apache.coyote.AbstractProtocol init
INFO: Initializing ProtocolHandler ["http-nio-auto-14"]
May 09, 2021 8:46:00 PM org.apache.coyote.AbstractProtocol start
INFO: Starting ProtocolHandler ["http-nio-auto-14-49904"]
May 09, 2021 8:46:00 PM org.apache.coyote.AbstractProtocol pause
INFO: Pausing ProtocolHandler ["http-nio-auto-14-49904"]
May 09, 2021 8:46:02 PM org.apache.catalina.core.StandardService stopInternal
INFO: Stopping service [Tomcat]
May 09, 2021 8:46:02 PM org.apache.coyote.AbstractProtocol stop
INFO: Stopping ProtocolHandler ["http-nio-auto-14-49904"]
May 09, 2021 8:46:12 PM org.apache.tomcat.util.net.Acceptor stop
WARNING: The acceptor thread [http-nio-auto-14-Acceptor] did not stop cleanly
May 09, 2021 8:46:12 PM org.apache.coyote.AbstractProtocol destroy
INFO: Destroying ProtocolHandler ["http-nio-auto-14-49904"]
]]></system-err>
</testsuite>
