<?xml version="1.0" encoding="UTF-8"?>
<testsuite name="org.springframework.web.client.HttpStatusCodeExceptionTests" tests="2" skipped="0" failures="0" errors="0" timestamp="2021-04-26T07:42:10" hostname="wangweilideMacBook-Pro.local" time="0.006">
  <properties/>
  <testcase name="testSerializability()" classname="org.springframework.web.client.HttpStatusCodeExceptionTests" time="0.005"/>
  <testcase name="emptyStatusText()" classname="org.springframework.web.client.HttpStatusCodeExceptionTests" time="0.001"/>
  <system-out><![CDATA[]]></system-out>
  <system-err><![CDATA[]]></system-err>
</testsuite>
