<?xml version="1.0" encoding="UTF-8"?>
<testsuite name="org.springframework.http.client.BufferedSimpleHttpRequestFactoryTests" tests="8" skipped="0" failures="0" errors="0" timestamp="2021-05-09T12:46:31" hostname="wangweilidembp" time="0.01">
  <properties/>
  <testcase name="headersAfterExecute()" classname="org.springframework.http.client.BufferedSimpleHttpRequestFactoryTests" time="0.002"/>
  <testcase name="status()" classname="org.springframework.http.client.BufferedSimpleHttpRequestFactoryTests" time="0.002"/>
  <testcase name="echo()" classname="org.springframework.http.client.BufferedSimpleHttpRequestFactoryTests" time="0.001"/>
  <testcase name="multipleWrites()" classname="org.springframework.http.client.BufferedSimpleHttpRequestFactoryTests" time="0.001"/>
  <testcase name="queryParameters()" classname="org.springframework.http.client.BufferedSimpleHttpRequestFactoryTests" time="0.001"/>
  <testcase name="prepareConnectionWithRequestBody()" classname="org.springframework.http.client.BufferedSimpleHttpRequestFactoryTests" time="0.0"/>
  <testcase name="deleteWithoutBodyDoesNotRaiseException()" classname="org.springframework.http.client.BufferedSimpleHttpRequestFactoryTests" time="0.001"/>
  <testcase name="httpMethods()" classname="org.springframework.http.client.BufferedSimpleHttpRequestFactoryTests" time="0.0"/>
  <system-out><![CDATA[]]></system-out>
  <system-err><![CDATA[May 09, 2021 8:46:31 PM okhttp3.mockwebserver.MockWebServer$3 execute
INFO: MockWebServer[50310] starting to accept connections
May 09, 2021 8:46:31 PM okhttp3.mockwebserver.MockWebServer$4 processOneRequest
INFO: MockWebServer[50310] received request: POST /status/ok HTTP/1.1 and responded: HTTP/1.1 200 OK
May 09, 2021 8:46:31 PM okhttp3.mockwebserver.MockWebServer$3 acceptConnections
INFO: MockWebServer[50310] done accepting connections: Socket closed
May 09, 2021 8:46:31 PM okhttp3.mockwebserver.MockWebServer$3 execute
INFO: MockWebServer[50312] starting to accept connections
May 09, 2021 8:46:31 PM okhttp3.mockwebserver.MockWebServer$4 processOneRequest
INFO: MockWebServer[50312] received request: GET /status/notfound HTTP/1.1 and responded: HTTP/1.1 404 Client Error
May 09, 2021 8:46:31 PM okhttp3.mockwebserver.MockWebServer$3 acceptConnections
INFO: MockWebServer[50312] done accepting connections: Socket closed
May 09, 2021 8:46:31 PM okhttp3.mockwebserver.MockWebServer$3 execute
INFO: MockWebServer[50314] starting to accept connections
May 09, 2021 8:46:31 PM okhttp3.mockwebserver.MockWebServer$4 processOneRequest
INFO: MockWebServer[50314] received request: PUT /echo HTTP/1.1 and responded: HTTP/1.1 200 OK
May 09, 2021 8:46:31 PM okhttp3.mockwebserver.MockWebServer$3 acceptConnections
INFO: MockWebServer[50314] done accepting connections: Socket closed
May 09, 2021 8:46:31 PM okhttp3.mockwebserver.MockWebServer$3 execute
INFO: MockWebServer[50316] starting to accept connections
May 09, 2021 8:46:31 PM okhttp3.mockwebserver.MockWebServer$3 acceptConnections
INFO: MockWebServer[50316] done accepting connections: Socket closed
May 09, 2021 8:46:31 PM okhttp3.mockwebserver.MockWebServer$4 execute
INFO: MockWebServer[50316] connection from /127.0.0.1 failed: java.net.SocketException: Socket closed
May 09, 2021 8:46:31 PM okhttp3.mockwebserver.MockWebServer$3 execute
INFO: MockWebServer[50318] starting to accept connections
May 09, 2021 8:46:31 PM okhttp3.mockwebserver.MockWebServer$4 processOneRequest
INFO: MockWebServer[50318] received request: GET /params?param1=value&param2=value1&param2=value2 HTTP/1.1 and responded: HTTP/1.1 200 OK
May 09, 2021 8:46:31 PM okhttp3.mockwebserver.MockWebServer$3 acceptConnections
INFO: MockWebServer[50318] done accepting connections: Socket closed
May 09, 2021 8:46:31 PM okhttp3.mockwebserver.MockWebServer$3 execute
INFO: MockWebServer[50320] starting to accept connections
May 09, 2021 8:46:31 PM okhttp3.mockwebserver.MockWebServer$3 acceptConnections
INFO: MockWebServer[50320] done accepting connections: Socket closed
May 09, 2021 8:46:31 PM okhttp3.mockwebserver.MockWebServer$3 execute
INFO: MockWebServer[50321] starting to accept connections
May 09, 2021 8:46:31 PM okhttp3.mockwebserver.MockWebServer$3 acceptConnections
INFO: MockWebServer[50321] done accepting connections: Socket is closed
May 09, 2021 8:46:31 PM okhttp3.mockwebserver.MockWebServer$3 execute
INFO: MockWebServer[50322] starting to accept connections
May 09, 2021 8:46:31 PM okhttp3.mockwebserver.MockWebServer$3 acceptConnections
INFO: MockWebServer[50322] done accepting connections: Socket is closed
]]></system-err>
</testsuite>
