<?xml version="1.0" encoding="UTF-8"?>
<testsuite name="org.springframework.remoting.jaxws.JaxWsSupportTests" tests="2" skipped="0" failures="0" errors="0" timestamp="2021-05-09T12:43:14" hostname="wangweilidembp" time="0.12">
  <properties/>
  <testcase name="testJaxWsPortAccessWithFeature()" classname="org.springframework.remoting.jaxws.JaxWsSupportTests" time="0.107"/>
  <testcase name="testJaxWsPortAccess()" classname="org.springframework.remoting.jaxws.JaxWsSupportTests" time="0.013"/>
  <system-out><![CDATA[]]></system-out>
  <system-err><![CDATA[]]></system-err>
</testsuite>
