<?xml version="1.0" encoding="UTF-8"?>
<testsuite name="org.springframework.context.index.processor.PropertiesMarshallerTests" tests="2" skipped="0" failures="0" errors="0" timestamp="2021-05-09T12:39:38" hostname="wangweilidembp" time="0.143">
  <properties/>
  <testcase name="readWrite()" classname="org.springframework.context.index.processor.PropertiesMarshallerTests" time="0.127"/>
  <testcase name="metadataIsWrittenDeterministically()" classname="org.springframework.context.index.processor.PropertiesMarshallerTests" time="0.014"/>
  <system-out><![CDATA[]]></system-out>
  <system-err><![CDATA[]]></system-err>
</testsuite>
