<?xml version="1.0" encoding="UTF-8"?>
<testsuite name="org.springframework.format.datetime.joda.DateTimeFormatterFactoryTests" tests="6" skipped="0" failures="0" errors="0" timestamp="2021-05-09T12:42:16" hostname="wangweilidembp" time="0.013">
  <properties/>
  <testcase name="createDateTimeFormatterInOrderOfPropertyPriority()" classname="org.springframework.format.datetime.joda.DateTimeFormatterFactoryTests" time="0.006"/>
  <testcase name="createDateTimeFormatterWithPattern()" classname="org.springframework.format.datetime.joda.DateTimeFormatterFactoryTests" time="0.0"/>
  <testcase name="createDateTimeFormatter()" classname="org.springframework.format.datetime.joda.DateTimeFormatterFactoryTests" time="0.0"/>
  <testcase name="createDateTimeFormatterWithNullFallback()" classname="org.springframework.format.datetime.joda.DateTimeFormatterFactoryTests" time="0.0"/>
  <testcase name="createDateTimeFormatterWithFallback()" classname="org.springframework.format.datetime.joda.DateTimeFormatterFactoryTests" time="0.001"/>
  <testcase name="createDateTimeFormatterWithTimeZone()" classname="org.springframework.format.datetime.joda.DateTimeFormatterFactoryTests" time="0.005"/>
  <system-out><![CDATA[]]></system-out>
  <system-err><![CDATA[]]></system-err>
</testsuite>
