<?xml version="1.0" encoding="UTF-8"?>
<testsuite name="org.springframework.context.annotation.RoleAndDescriptionAnnotationTests" tests="3" skipped="0" failures="0" errors="0" timestamp="2021-05-09T12:41:32" hostname="wangweilidembp" time="0.022">
  <properties/>
  <testcase name="viaComponentScanning()" classname="org.springframework.context.annotation.RoleAndDescriptionAnnotationTests" time="0.009"/>
  <testcase name="onBeanMethod()" classname="org.springframework.context.annotation.RoleAndDescriptionAnnotationTests" time="0.01"/>
  <testcase name="onComponentClass()" classname="org.springframework.context.annotation.RoleAndDescriptionAnnotationTests" time="0.003"/>
  <system-out><![CDATA[]]></system-out>
  <system-err><![CDATA[]]></system-err>
</testsuite>
