<?xml version="1.0" encoding="UTF-8"?>
<testsuite name="org.springframework.context.annotation.Spr11310Tests" tests="2" skipped="0" failures="0" errors="0" timestamp="2021-05-09T12:41:40" hostname="wangweilidembp" time="0.02">
  <properties/>
  <testcase name="orderedArray()" classname="org.springframework.context.annotation.Spr11310Tests" time="0.014"/>
  <testcase name="orderedList()" classname="org.springframework.context.annotation.Spr11310Tests" time="0.005"/>
  <system-out><![CDATA[]]></system-out>
  <system-err><![CDATA[]]></system-err>
</testsuite>
