<?xml version="1.0" encoding="UTF-8"?>
<testsuite name="org.springframework.context.support.ApplicationContextLifecycleTests" tests="4" skipped="0" failures="0" errors="0" timestamp="2021-05-09T12:41:40" hostname="wangweilidembp" time="0.062">
  <properties/>
  <testcase name="testStopOrder()" classname="org.springframework.context.support.ApplicationContextLifecycleTests" time="0.021"/>
  <testcase name="testBeansStop()" classname="org.springframework.context.support.ApplicationContextLifecycleTests" time="0.014"/>
  <testcase name="testBeansStart()" classname="org.springframework.context.support.ApplicationContextLifecycleTests" time="0.013"/>
  <testcase name="testStartOrder()" classname="org.springframework.context.support.ApplicationContextLifecycleTests" time="0.014"/>
  <system-out><![CDATA[]]></system-out>
  <system-err><![CDATA[]]></system-err>
</testsuite>
