<?xml version="1.0" encoding="UTF-8"?>
<testsuite name="org.springframework.scheduling.annotation.AsyncExecutionTests" tests="18" skipped="0" failures="0" errors="0" timestamp="2021-05-09T12:42:03" hostname="wangweilidembp" time="0.122">
  <properties/>
  <testcase name="asyncClass()" classname="org.springframework.scheduling.annotation.AsyncExecutionTests" time="0.01"/>
  <testcase name="asyncMethods()" classname="org.springframework.scheduling.annotation.AsyncExecutionTests" time="0.009"/>
  <testcase name="asyncMethodsInInterface()" classname="org.springframework.scheduling.annotation.AsyncExecutionTests" time="0.004"/>
  <testcase name="asyncClassWithInterface()" classname="org.springframework.scheduling.annotation.AsyncExecutionTests" time="0.003"/>
  <testcase name="asyncPrototypeClassListener()" classname="org.springframework.scheduling.annotation.AsyncExecutionTests" time="0.014"/>
  <testcase name="dynamicAsyncMethodsInInterfaceWithPostProcessor()" classname="org.springframework.scheduling.annotation.AsyncExecutionTests" time="0.007"/>
  <testcase name="asyncMethodsInInterfaceWithPostProcessor()" classname="org.springframework.scheduling.annotation.AsyncExecutionTests" time="0.001"/>
  <testcase name="asyncClassWithInterfaceAndPostProcessor()" classname="org.springframework.scheduling.annotation.AsyncExecutionTests" time="0.001"/>
  <testcase name="dynamicAsyncInterfaceWithPostProcessor()" classname="org.springframework.scheduling.annotation.AsyncExecutionTests" time="0.006"/>
  <testcase name="asyncInterfaceWithPostProcessor()" classname="org.springframework.scheduling.annotation.AsyncExecutionTests" time="0.003"/>
  <testcase name="dynamicAsyncInterface()" classname="org.springframework.scheduling.annotation.AsyncExecutionTests" time="0.001"/>
  <testcase name="asyncClassListener()" classname="org.springframework.scheduling.annotation.AsyncExecutionTests" time="0.015"/>
  <testcase name="asyncClassWithPostProcessor()" classname="org.springframework.scheduling.annotation.AsyncExecutionTests" time="0.001"/>
  <testcase name="asyncMethodsWithQualifier()" classname="org.springframework.scheduling.annotation.AsyncExecutionTests" time="0.019"/>
  <testcase name="asyncMethodsWithQualifierThroughInterface()" classname="org.springframework.scheduling.annotation.AsyncExecutionTests" time="0.011"/>
  <testcase name="asyncMethodListener()" classname="org.springframework.scheduling.annotation.AsyncExecutionTests" time="0.012"/>
  <testcase name="asyncMethodsThroughInterface()" classname="org.springframework.scheduling.annotation.AsyncExecutionTests" time="0.002"/>
  <testcase name="asyncInterface()" classname="org.springframework.scheduling.annotation.AsyncExecutionTests" time="0.001"/>
  <system-out><![CDATA[20:42:03.111 [e0-1] ERROR o.s.a.i.SimpleAsyncUncaughtExceptionHandler - Unexpected exception occurred invoking async method: public void org.springframework.scheduling.annotation.AsyncExecutionTests$AsyncMethodWithQualifierBean.doNothing(int)
org.opentest4j.AssertionFailedError: 
Expecting value to be true but was false
	at jdk.internal.reflect.NativeConstructorAccessorImpl.newInstance0(Native Method) ~[?:?]
	at jdk.internal.reflect.NativeConstructorAccessorImpl.newInstance(NativeConstructorAccessorImpl.java:62) ~[?:?]
	at jdk.internal.reflect.DelegatingConstructorAccessorImpl.newInstance(DelegatingConstructorAccessorImpl.java:45) ~[?:?]
	at org.springframework.scheduling.annotation.AsyncExecutionTests$AsyncMethodWithQualifierBean.doNothing(AsyncExecutionTests.java:478) ~[test/:?]
	at org.springframework.scheduling.annotation.AsyncExecutionTests$AsyncMethodWithQualifierBean$$FastClassBySpringCGLIB$$85bd9822.invoke(<generated>) ~[test/:?]
	at org.springframework.cglib.proxy.MethodProxy.invoke(MethodProxy.java:218) ~[spring-core-5.3.7-SNAPSHOT.jar:5.3.7-SNAPSHOT]
	at org.springframework.aop.framework.CglibAopProxy$CglibMethodInvocation.invokeJoinpoint(CglibAopProxy.java:779) ~[spring-aop-5.3.7-SNAPSHOT.jar:?]
	at org.springframework.aop.framework.ReflectiveMethodInvocation.proceed(ReflectiveMethodInvocation.java:163) ~[spring-aop-5.3.7-SNAPSHOT.jar:?]
	at org.springframework.aop.framework.CglibAopProxy$CglibMethodInvocation.proceed(CglibAopProxy.java:750) ~[spring-aop-5.3.7-SNAPSHOT.jar:?]
	at org.springframework.aop.interceptor.AsyncExecutionInterceptor.lambda$invoke$0(AsyncExecutionInterceptor.java:115) ~[spring-aop-5.3.7-SNAPSHOT.jar:5.3.7-SNAPSHOT]
	at java.util.concurrent.FutureTask.run(FutureTask.java:264) [?:?]
	at java.util.concurrent.ThreadPoolExecutor.runWorker(ThreadPoolExecutor.java:1128) [?:?]
	at java.util.concurrent.ThreadPoolExecutor$Worker.run(ThreadPoolExecutor.java:628) [?:?]
	at java.lang.Thread.run(Thread.java:834) [?:?]
20:42:03.122 [e0-1] ERROR o.s.a.i.SimpleAsyncUncaughtExceptionHandler - Unexpected exception occurred invoking async method: public void org.springframework.scheduling.annotation.AsyncExecutionTests$AsyncMethodWithQualifierBean.doNothing(int)
org.opentest4j.AssertionFailedError: 
Expecting value to be true but was false
	at jdk.internal.reflect.NativeConstructorAccessorImpl.newInstance0(Native Method) ~[?:?]
	at jdk.internal.reflect.NativeConstructorAccessorImpl.newInstance(NativeConstructorAccessorImpl.java:62) ~[?:?]
	at jdk.internal.reflect.DelegatingConstructorAccessorImpl.newInstance(DelegatingConstructorAccessorImpl.java:45) ~[?:?]
	at org.springframework.scheduling.annotation.AsyncExecutionTests$AsyncMethodWithQualifierBean.doNothing(AsyncExecutionTests.java:478) ~[test/:?]
	at jdk.internal.reflect.NativeMethodAccessorImpl.invoke0(Native Method) ~[?:?]
	at jdk.internal.reflect.NativeMethodAccessorImpl.invoke(NativeMethodAccessorImpl.java:62) ~[?:?]
	at jdk.internal.reflect.DelegatingMethodAccessorImpl.invoke(DelegatingMethodAccessorImpl.java:43) ~[?:?]
	at java.lang.reflect.Method.invoke(Method.java:566) ~[?:?]
	at org.springframework.aop.support.AopUtils.invokeJoinpointUsingReflection(AopUtils.java:344) ~[spring-aop-5.3.7-SNAPSHOT.jar:5.3.7-SNAPSHOT]
	at org.springframework.aop.framework.ReflectiveMethodInvocation.invokeJoinpoint(ReflectiveMethodInvocation.java:198) ~[spring-aop-5.3.7-SNAPSHOT.jar:?]
	at org.springframework.aop.framework.ReflectiveMethodInvocation.proceed(ReflectiveMethodInvocation.java:163) ~[spring-aop-5.3.7-SNAPSHOT.jar:?]
	at org.springframework.aop.interceptor.AsyncExecutionInterceptor.lambda$invoke$0(AsyncExecutionInterceptor.java:115) ~[spring-aop-5.3.7-SNAPSHOT.jar:5.3.7-SNAPSHOT]
	at java.util.concurrent.FutureTask.run(FutureTask.java:264) [?:?]
	at java.util.concurrent.ThreadPoolExecutor.runWorker(ThreadPoolExecutor.java:1128) [?:?]
	at java.util.concurrent.ThreadPoolExecutor$Worker.run(ThreadPoolExecutor.java:628) [?:?]
	at java.lang.Thread.run(Thread.java:834) [?:?]
]]></system-out>
  <system-err><![CDATA[]]></system-err>
</testsuite>
