<?xml version="1.0" encoding="UTF-8"?>
<testsuite name="org.springframework.jmx.export.NotificationListenerTests" tests="13" skipped="0" failures="0" errors="0" timestamp="2021-05-01T09:32:22" hostname="wangweilideMBP.lan" time="0.025">
  <properties/>
  <testcase name="testRegisterNotificationListenerWithTwoBeanNamesMappedToDifferentBeanInstances()" classname="org.springframework.jmx.export.NotificationListenerTests" time="0.006"/>
  <testcase name="testRegisterNotificationListenerForMBean()" classname="org.springframework.jmx.export.NotificationListenerTests" time="0.002"/>
  <testcase name="testNotificationListenerRegistrar()" classname="org.springframework.jmx.export.NotificationListenerTests" time="0.002"/>
  <testcase name="testRegisterNotificationListenerWithWildcard()" classname="org.springframework.jmx.export.NotificationListenerTests" time="0.0"/>
  <testcase name="testRegisterNotificationListenerWithFilter()" classname="org.springframework.jmx.export.NotificationListenerTests" time="0.003"/>
  <testcase name="testRegisterNotificationListenerWithBeanNameAndBeanNameInBeansMap()" classname="org.springframework.jmx.export.NotificationListenerTests" time="0.002"/>
  <testcase name="testCreationWithNoNotificationListenerSet()" classname="org.springframework.jmx.export.NotificationListenerTests" time="0.002"/>
  <testcase name="testRegisterNotificationListenerWithHandback()" classname="org.springframework.jmx.export.NotificationListenerTests" time="0.001"/>
  <testcase name="testRegisterNotificationListenerWithObjectNameBeforeBeanNameMappedToSameBeanInstance()" classname="org.springframework.jmx.export.NotificationListenerTests" time="0.0"/>
  <testcase name="testRegisterNotificationListenerForAllMBeans()" classname="org.springframework.jmx.export.NotificationListenerTests" time="0.0"/>
  <testcase name="testRegisterNotificationListenerWithBeanNameAndBeanInstanceInBeansMap()" classname="org.springframework.jmx.export.NotificationListenerTests" time="0.001"/>
  <testcase name="testNotificationListenerRegistrarWithMultipleNames()" classname="org.springframework.jmx.export.NotificationListenerTests" time="0.002"/>
  <testcase name="testRegisterNotificationListenerWithBeanNameBeforeObjectNameMappedToSameBeanInstance()" classname="org.springframework.jmx.export.NotificationListenerTests" time="0.001"/>
  <system-out><![CDATA[]]></system-out>
  <system-err><![CDATA[]]></system-err>
</testsuite>
