<?xml version="1.0" encoding="UTF-8"?>
<testsuite name="org.springframework.aop.aspectj.generic.AfterReturningGenericTypeMatchingTests" tests="4" skipped="0" failures="0" errors="0" timestamp="2021-04-26T07:41:27" hostname="wangweilideMacBook-Pro.local" time="0.058">
  <properties/>
  <testcase name="testReturnTypeLowerBoundMatching()" classname="org.springframework.aop.aspectj.generic.AfterReturningGenericTypeMatchingTests" time="0.019"/>
  <testcase name="testReturnTypeUpperBoundMatching()" classname="org.springframework.aop.aspectj.generic.AfterReturningGenericTypeMatchingTests" time="0.015"/>
  <testcase name="testReturnTypeRawMatching()" classname="org.springframework.aop.aspectj.generic.AfterReturningGenericTypeMatchingTests" time="0.011"/>
  <testcase name="testReturnTypeExactMatching()" classname="org.springframework.aop.aspectj.generic.AfterReturningGenericTypeMatchingTests" time="0.012"/>
  <system-out><![CDATA[]]></system-out>
  <system-err><![CDATA[]]></system-err>
</testsuite>
