<?xml version="1.0" encoding="UTF-8"?>
<testsuite name="org.springframework.aop.config.PrototypeProxyTests" tests="1" skipped="0" failures="0" errors="0" timestamp="2021-04-26T07:41:24" hostname="wangweilideMacBook-Pro.local" time="0.017">
  <properties/>
  <testcase name="injectionBeforeWrappingCheckDoesNotKickInForPrototypeProxy()" classname="org.springframework.aop.config.PrototypeProxyTests" time="0.017"/>
  <system-out><![CDATA[]]></system-out>
  <system-err><![CDATA[]]></system-err>
</testsuite>
