<?xml version="1.0" encoding="UTF-8"?>
<testsuite name="org.springframework.cache.config.CacheAdviceParserTests" tests="1" skipped="0" failures="0" errors="0" timestamp="2021-05-01T09:32:13" hostname="wangweilideMBP.lan" time="0.032">
  <properties/>
  <testcase name="keyAndKeyGeneratorCannotBeSetTogether()" classname="org.springframework.cache.config.CacheAdviceParserTests" time="0.032"/>
  <system-out><![CDATA[]]></system-out>
  <system-err><![CDATA[]]></system-err>
</testsuite>
