<?xml version="1.0" encoding="UTF-8"?>
<testsuite name="org.springframework.context.support.LiveBeansViewTests" tests="4" skipped="0" failures="0" errors="0" timestamp="2021-04-26T07:40:52" hostname="wangweilideMacBook-Pro.local" time="0.042">
  <properties/>
  <testcase name="registerUnregisterSingleContext(TestInfo)" classname="org.springframework.context.support.LiveBeansViewTests" time="0.036"/>
  <testcase name="registerUnregisterSeveralContexts(TestInfo)" classname="org.springframework.context.support.LiveBeansViewTests" time="0.002"/>
  <testcase name="registerIgnoredIfPropertyIsNotSet(TestInfo)" classname="org.springframework.context.support.LiveBeansViewTests" time="0.0"/>
  <testcase name="registerUnregisterSeveralContextsDifferentOrder(TestInfo)" classname="org.springframework.context.support.LiveBeansViewTests" time="0.002"/>
  <system-out><![CDATA[]]></system-out>
  <system-err><![CDATA[]]></system-err>
</testsuite>
