<?xml version="1.0" encoding="UTF-8"?>
<testsuite name="InstantFormatter unit tests" tests="30" skipped="0" failures="0" errors="0" timestamp="2021-05-01T09:32:32" hostname="wangweilideMBP.lan" time="0.046">
  <properties/>
  <testcase name="[1] input=2021-05-01T09:32:32.584Z" classname="org.springframework.format.datetime.standard.InstantFormatterTests" time="0.001"/>
  <testcase name="[2] input=+882782092-04-25T13:17:20Z" classname="org.springframework.format.datetime.standard.InstantFormatterTests" time="0.001"/>
  <testcase name="[3] input=-457920532-01-24T23:31:31Z" classname="org.springframework.format.datetime.standard.InstantFormatterTests" time="0.001"/>
  <testcase name="[4] input=+465264651-02-24T13:03:02Z" classname="org.springframework.format.datetime.standard.InstantFormatterTests" time="0.001"/>
  <testcase name="[5] input=+999947353-09-18T22:38:41Z" classname="org.springframework.format.datetime.standard.InstantFormatterTests" time="0.0"/>
  <testcase name="[6] input=+354904113-08-03T12:21:39Z" classname="org.springframework.format.datetime.standard.InstantFormatterTests" time="0.0"/>
  <testcase name="[7] input=-573675833-05-05T13:45:27Z" classname="org.springframework.format.datetime.standard.InstantFormatterTests" time="0.0"/>
  <testcase name="[8] input=-977334019-08-21T09:26:27Z" classname="org.springframework.format.datetime.standard.InstantFormatterTests" time="0.0"/>
  <testcase name="[9] input=-977618211-04-28T07:53:20Z" classname="org.springframework.format.datetime.standard.InstantFormatterTests" time="0.001"/>
  <testcase name="[10] input=+337632174-05-05T13:02:56Z" classname="org.springframework.format.datetime.standard.InstantFormatterTests" time="0.0"/>
  <testcase name="[1] input=2021-05-01T09:32:32.600Z" classname="org.springframework.format.datetime.standard.InstantFormatterTests" time="0.0"/>
  <testcase name="[2] input=+606266979-07-13T19:42:51Z" classname="org.springframework.format.datetime.standard.InstantFormatterTests" time="0.0"/>
  <testcase name="[3] input=+134658516-02-10T02:59:19Z" classname="org.springframework.format.datetime.standard.InstantFormatterTests" time="0.001"/>
  <testcase name="[4] input=+525706426-01-04T09:23:49Z" classname="org.springframework.format.datetime.standard.InstantFormatterTests" time="0.0"/>
  <testcase name="[5] input=-134577162-11-04T21:42:58Z" classname="org.springframework.format.datetime.standard.InstantFormatterTests" time="0.0"/>
  <testcase name="[6] input=-60763421-03-10T04:00:07Z" classname="org.springframework.format.datetime.standard.InstantFormatterTests" time="0.0"/>
  <testcase name="[7] input=-607739243-10-01T10:22:29Z" classname="org.springframework.format.datetime.standard.InstantFormatterTests" time="0.001"/>
  <testcase name="[8] input=-753907379-11-18T10:07:20Z" classname="org.springframework.format.datetime.standard.InstantFormatterTests" time="0.0"/>
  <testcase name="[9] input=+990260866-04-19T02:35:53Z" classname="org.springframework.format.datetime.standard.InstantFormatterTests" time="0.001"/>
  <testcase name="[10] input=-805623489-08-08T17:38:58Z" classname="org.springframework.format.datetime.standard.InstantFormatterTests" time="0.001"/>
  <testcase name="[1] input=Sat, 1 May 2021 17:32:32 +0800" classname="org.springframework.format.datetime.standard.InstantFormatterTests" time="0.001"/>
  <testcase name="[2] input=Sun, 6 Apr 4217 16:28:31 +0800" classname="org.springframework.format.datetime.standard.InstantFormatterTests" time="0.001"/>
  <testcase name="[3] input=Mon, 10 Sep 0756 18:59:33 +0805" classname="org.springframework.format.datetime.standard.InstantFormatterTests" time="0.001"/>
  <testcase name="[4] input=Mon, 28 Apr 5760 01:38:39 +0800" classname="org.springframework.format.datetime.standard.InstantFormatterTests" time="0.001"/>
  <testcase name="[5] input=Tue, 19 Oct 0382 01:10:54 +0805" classname="org.springframework.format.datetime.standard.InstantFormatterTests" time="0.0"/>
  <testcase name="[6] input=Sat, 16 Oct 2590 19:28:55 +0800" classname="org.springframework.format.datetime.standard.InstantFormatterTests" time="0.0"/>
  <testcase name="[7] input=Fri, 12 Sep 8549 22:34:08 +0800" classname="org.springframework.format.datetime.standard.InstantFormatterTests" time="0.0"/>
  <testcase name="[8] input=Fri, 30 Oct 3350 08:41:09 +0800" classname="org.springframework.format.datetime.standard.InstantFormatterTests" time="0.0"/>
  <testcase name="[9] input=Mon, 2 May 9588 21:06:30 +0800" classname="org.springframework.format.datetime.standard.InstantFormatterTests" time="0.0"/>
  <testcase name="[10] input=Wed, 7 Jun 6699 07:07:08 +0800" classname="org.springframework.format.datetime.standard.InstantFormatterTests" time="0.003"/>
  <system-out><![CDATA[]]></system-out>
  <system-err><![CDATA[]]></system-err>
</testsuite>
