<?xml version="1.0" encoding="UTF-8"?>
<testsuite name="org.springframework.aop.aspectj.SubtypeSensitiveMatchingTests" tests="3" skipped="0" failures="0" errors="0" timestamp="2021-05-09T12:42:14" hostname="wangweilidembp" time="0.044">
  <properties/>
  <testcase name="testBeansAreProxiedOnStaticMatch()" classname="org.springframework.aop.aspectj.SubtypeSensitiveMatchingTests" time="0.021"/>
  <testcase name="testBeansThatDoNotMatchBasedSolelyOnRuntimeTypeAreNotProxied()" classname="org.springframework.aop.aspectj.SubtypeSensitiveMatchingTests" time="0.011"/>
  <testcase name="testBeansThatDoNotMatchBasedOnOtherTestAreProxied()" classname="org.springframework.aop.aspectj.SubtypeSensitiveMatchingTests" time="0.012"/>
  <system-out><![CDATA[]]></system-out>
  <system-err><![CDATA[]]></system-err>
</testsuite>
