<?xml version="1.0" encoding="UTF-8"?>
<testsuite name="org.springframework.context.expression.ApplicationContextExpressionTests" tests="5" skipped="0" failures="0" errors="0" timestamp="2021-05-01T09:31:55" hostname="wangweilideMBP.lan" time="0.333">
  <properties/>
  <testcase name="systemPropertiesSecurityManager()" classname="org.springframework.context.expression.ApplicationContextExpressionTests" time="0.028"/>
  <testcase name="prototypeCreationReevaluatesExpressions()" classname="org.springframework.context.expression.ApplicationContextExpressionTests" time="0.007"/>
  <testcase name="stringConcatenationWithDebugLogging()" classname="org.springframework.context.expression.ApplicationContextExpressionTests" time="0.005"/>
  <testcase name="resourceInjection()" classname="org.springframework.context.expression.ApplicationContextExpressionTests" time="0.025"/>
  <testcase name="genericApplicationContext()" classname="org.springframework.context.expression.ApplicationContextExpressionTests" time="0.267"/>
  <system-out><![CDATA[]]></system-out>
  <system-err><![CDATA[]]></system-err>
</testsuite>
