<?xml version="1.0" encoding="UTF-8"?>
<testsuite name="org.springframework.context.annotation.configuration.DuplicatePostProcessingTests" tests="1" skipped="0" failures="0" errors="0" timestamp="2021-05-01T09:31:38" hostname="wangweilideMBP.lan" time="0.008">
  <properties/>
  <testcase name="testWithFactoryBeanAndEventListener()" classname="org.springframework.context.annotation.configuration.DuplicatePostProcessingTests" time="0.008"/>
  <system-out><![CDATA[]]></system-out>
  <system-err><![CDATA[]]></system-err>
</testsuite>
