<?xml version="1.0" encoding="UTF-8"?>
<testsuite name="org.springframework.scripting.bsh.BshScriptFactoryTests" tests="18" skipped="0" failures="0" errors="0" timestamp="2021-04-26T07:41:02" hostname="wangweilideMacBook-Pro.local" time="1.614">
  <properties/>
  <testcase name="scriptCompilationException()" classname="org.springframework.scripting.bsh.BshScriptFactoryTests" time="0.096"/>
  <testcase name="scriptThatCompilesButIsJustPlainBad()" classname="org.springframework.scripting.bsh.BshScriptFactoryTests" time="0.016"/>
  <testcase name="staticPrototypeScript()" classname="org.springframework.scripting.bsh.BshScriptFactoryTests" time="0.121"/>
  <testcase name="resourceScriptFromTag()" classname="org.springframework.scripting.bsh.BshScriptFactoryTests" time="0.163"/>
  <testcase name="prototypeScriptFromTag()" classname="org.springframework.scripting.bsh.BshScriptFactoryTests" time="0.132"/>
  <testcase name="staticScriptWithNullReturnValue()" classname="org.springframework.scripting.bsh.BshScriptFactoryTests" time="0.141"/>
  <testcase name="staticWithScriptReturningInstance()" classname="org.springframework.scripting.bsh.BshScriptFactoryTests" time="0.125"/>
  <testcase name="staticScriptWithTwoInterfacesSpecified()" classname="org.springframework.scripting.bsh.BshScriptFactoryTests" time="0.12"/>
  <testcase name="staticScriptImplementingInterface()" classname="org.springframework.scripting.bsh.BshScriptFactoryTests" time="0.155"/>
  <testcase name="inlineScriptFromTag()" classname="org.springframework.scripting.bsh.BshScriptFactoryTests" time="0.108"/>
  <testcase name="ctorWithWhitespacedScriptSourceLocator()" classname="org.springframework.scripting.bsh.BshScriptFactoryTests" time="0.0"/>
  <testcase name="ctorWithNullScriptSourceLocator()" classname="org.springframework.scripting.bsh.BshScriptFactoryTests" time="0.001"/>
  <testcase name="applicationEventListener()" classname="org.springframework.scripting.bsh.BshScriptFactoryTests" time="0.099"/>
  <testcase name="staticScript()" classname="org.springframework.scripting.bsh.BshScriptFactoryTests" time="0.124"/>
  <testcase name="refreshableFromTag()" classname="org.springframework.scripting.bsh.BshScriptFactoryTests" time="0.132"/>
  <testcase name="ctorWithEmptyScriptSourceLocator()" classname="org.springframework.scripting.bsh.BshScriptFactoryTests" time="0.0"/>
  <testcase name="nonStaticScript()" classname="org.springframework.scripting.bsh.BshScriptFactoryTests" time="0.04"/>
  <testcase name="nonStaticPrototypeScript()" classname="org.springframework.scripting.bsh.BshScriptFactoryTests" time="0.038"/>
  <system-out><![CDATA[15:41:02.742 [Test worker] WARN  o.s.c.s.ClassPathXmlApplicationContext - Exception encountered during context initialization - cancelling refresh attempt: org.springframework.beans.factory.BeanCreationException: Error creating bean with name 'broken' defined in class path resource [org/springframework/scripting/bsh/bshBrokenContext.xml]: BeanPostProcessor before instantiation of bean failed; nested exception is org.springframework.beans.factory.BeanCreationException: Error creating bean with name 'scriptedObject.broken' defined in class path resource [org/springframework/scripting/bsh/bshBrokenContext.xml]: Bean instantiation via factory method failed; nested exception is org.springframework.beans.BeanInstantiationException: Failed to instantiate [java.lang.Object]: Factory method 'getScriptedObject' threw exception; nested exception is org.springframework.scripting.ScriptCompilationException: Could not compile class path resource [org/springframework/scripting/bsh/Broken.bsh]; nested exception is In file: inline evaluation of: ``one sure is the loneliest number... that i'll ever know;'' Encountered "is" at line 1, column 10.

org.springframework.context.event.ContextRefreshedEvent[source=org.springframework.context.support.ClassPathXmlApplicationContext@30bb72be, started on Mon Apr 26 15:41:02 CST 2021]
org.springframework.context.event.ContextClosedEvent[source=org.springframework.context.support.ClassPathXmlApplicationContext@30bb72be, started on Mon Apr 26 15:41:02 CST 2021]
org.springframework.context.event.ContextRefreshedEvent[source=org.springframework.context.support.ClassPathXmlApplicationContext@5b84a86d, started on Mon Apr 26 15:41:03 CST 2021]
org.springframework.context.event.ContextRefreshedEvent[source=org.springframework.context.support.ClassPathXmlApplicationContext@2c287b5c, started on Mon Apr 26 15:41:03 CST 2021]
org.springframework.context.event.ContextRefreshedEvent[source=org.springframework.context.support.ClassPathXmlApplicationContext@760b196e, started on Mon Apr 26 15:41:03 CST 2021]
org.springframework.scripting.bsh.BshScriptFactoryTests$MyEvent[source=org.springframework.context.support.ClassPathXmlApplicationContext@760b196e, started on Mon Apr 26 15:41:03 CST 2021]
org.springframework.context.event.ContextRefreshedEvent[source=org.springframework.context.support.ClassPathXmlApplicationContext@522bb1a7, started on Mon Apr 26 15:41:04 CST 2021]
]]></system-out>
  <system-err><![CDATA[]]></system-err>
</testsuite>
