<?xml version="1.0" encoding="UTF-8"?>
<testsuite name="org.springframework.context.annotation.LazyAutowiredAnnotationBeanPostProcessorTests" tests="10" skipped="0" failures="0" errors="0" timestamp="2021-05-09T12:41:32" hostname="wangweilidembp" time="0.086">
  <properties/>
  <testcase name="testLazyResourceInjectionWithConstructorAndCustomAnnotation()" classname="org.springframework.context.annotation.LazyAutowiredAnnotationBeanPostProcessorTests" time="0.019"/>
  <testcase name="testLazyOptionalResourceInjectionWithNonExistingTarget()" classname="org.springframework.context.annotation.LazyAutowiredAnnotationBeanPostProcessorTests" time="0.016"/>
  <testcase name="testLazyResourceInjectionWithField()" classname="org.springframework.context.annotation.LazyAutowiredAnnotationBeanPostProcessorTests" time="0.008"/>
  <testcase name="testLazyResourceInjectionWithMethodLevelLazy()" classname="org.springframework.context.annotation.LazyAutowiredAnnotationBeanPostProcessorTests" time="0.008"/>
  <testcase name="testLazyResourceInjectionWithConstructor()" classname="org.springframework.context.annotation.LazyAutowiredAnnotationBeanPostProcessorTests" time="0.005"/>
  <testcase name="testLazyResourceInjectionWithMethodAndCustomAnnotation()" classname="org.springframework.context.annotation.LazyAutowiredAnnotationBeanPostProcessorTests" time="0.011"/>
  <testcase name="testLazyResourceInjectionWithFieldAndCustomAnnotation()" classname="org.springframework.context.annotation.LazyAutowiredAnnotationBeanPostProcessorTests" time="0.003"/>
  <testcase name="testLazyResourceInjectionWithConstructorLevelLazy()" classname="org.springframework.context.annotation.LazyAutowiredAnnotationBeanPostProcessorTests" time="0.004"/>
  <testcase name="testLazyResourceInjectionWithNonExistingTarget()" classname="org.springframework.context.annotation.LazyAutowiredAnnotationBeanPostProcessorTests" time="0.002"/>
  <testcase name="testLazyResourceInjectionWithMethod()" classname="org.springframework.context.annotation.LazyAutowiredAnnotationBeanPostProcessorTests" time="0.007"/>
  <system-out><![CDATA[]]></system-out>
  <system-err><![CDATA[]]></system-err>
</testsuite>
