<?xml version="1.0" encoding="UTF-8"?>
<testsuite name="org.springframework.aop.aspectj.generic.AfterReturningGenericTypeMatchingTests" tests="4" skipped="0" failures="0" errors="0" timestamp="2021-05-09T12:42:14" hostname="wangweilidembp" time="0.048">
  <properties/>
  <testcase name="testReturnTypeLowerBoundMatching()" classname="org.springframework.aop.aspectj.generic.AfterReturningGenericTypeMatchingTests" time="0.017"/>
  <testcase name="testReturnTypeUpperBoundMatching()" classname="org.springframework.aop.aspectj.generic.AfterReturningGenericTypeMatchingTests" time="0.01"/>
  <testcase name="testReturnTypeRawMatching()" classname="org.springframework.aop.aspectj.generic.AfterReturningGenericTypeMatchingTests" time="0.011"/>
  <testcase name="testReturnTypeExactMatching()" classname="org.springframework.aop.aspectj.generic.AfterReturningGenericTypeMatchingTests" time="0.01"/>
  <system-out><![CDATA[]]></system-out>
  <system-err><![CDATA[]]></system-err>
</testsuite>
