<?xml version="1.0" encoding="UTF-8"?>
<testsuite name="org.springframework.aop.aspectj.generic.AfterReturningGenericTypeMatchingTests" tests="4" skipped="0" failures="0" errors="0" timestamp="2021-05-01T09:32:28" hostname="wangweilideMBP.lan" time="0.089">
  <properties/>
  <testcase name="testReturnTypeLowerBoundMatching()" classname="org.springframework.aop.aspectj.generic.AfterReturningGenericTypeMatchingTests" time="0.026"/>
  <testcase name="testReturnTypeUpperBoundMatching()" classname="org.springframework.aop.aspectj.generic.AfterReturningGenericTypeMatchingTests" time="0.024"/>
  <testcase name="testReturnTypeRawMatching()" classname="org.springframework.aop.aspectj.generic.AfterReturningGenericTypeMatchingTests" time="0.015"/>
  <testcase name="testReturnTypeExactMatching()" classname="org.springframework.aop.aspectj.generic.AfterReturningGenericTypeMatchingTests" time="0.013"/>
  <system-out><![CDATA[]]></system-out>
  <system-err><![CDATA[]]></system-err>
</testsuite>
