<?xml version="1.0" encoding="UTF-8"?>
<testsuite name="org.springframework.aop.aspectj.AfterThrowingAdviceBindingTests" tests="6" skipped="0" failures="0" errors="0" timestamp="2021-05-09T12:42:14" hostname="wangweilidembp" time="0.094">
  <properties/>
  <testcase name="testSimpleAfterThrowing()" classname="org.springframework.aop.aspectj.AfterThrowingAdviceBindingTests" time="0.023"/>
  <testcase name="testAfterThrowingWithTypeSpecified()" classname="org.springframework.aop.aspectj.AfterThrowingAdviceBindingTests" time="0.013"/>
  <testcase name="testAfterThrowingWithRuntimeExceptionBinding()" classname="org.springframework.aop.aspectj.AfterThrowingAdviceBindingTests" time="0.012"/>
  <testcase name="testAfterThrowingWithBinding()" classname="org.springframework.aop.aspectj.AfterThrowingAdviceBindingTests" time="0.015"/>
  <testcase name="testAfterThrowingWithRuntimeTypeSpecified()" classname="org.springframework.aop.aspectj.AfterThrowingAdviceBindingTests" time="0.017"/>
  <testcase name="testAfterThrowingWithNamedTypeRestriction()" classname="org.springframework.aop.aspectj.AfterThrowingAdviceBindingTests" time="0.013"/>
  <system-out><![CDATA[]]></system-out>
  <system-err><![CDATA[]]></system-err>
</testsuite>
