<?xml version="1.0" encoding="UTF-8"?>
<testsuite name="org.springframework.context.expression.MapAccessorTests" tests="1" skipped="0" failures="0" errors="0" timestamp="2021-05-01T09:31:55" hostname="wangweilideMBP.lan" time="0.015">
  <properties/>
  <testcase name="mapAccessorCompilable()" classname="org.springframework.context.expression.MapAccessorTests" time="0.015"/>
  <system-out><![CDATA[]]></system-out>
  <system-err><![CDATA[]]></system-err>
</testsuite>
