<?xml version="1.0" encoding="UTF-8"?>
<testsuite name="org.springframework.aop.config.PrototypeProxyTests" tests="1" skipped="0" failures="0" errors="0" timestamp="2021-05-09T12:42:12" hostname="wangweilidembp" time="0.013">
  <properties/>
  <testcase name="injectionBeforeWrappingCheckDoesNotKickInForPrototypeProxy()" classname="org.springframework.aop.config.PrototypeProxyTests" time="0.013"/>
  <system-out><![CDATA[]]></system-out>
  <system-err><![CDATA[]]></system-err>
</testsuite>
