<?xml version="1.0" encoding="UTF-8"?>
<testsuite name="org.springframework.format.datetime.standard.DateTimeFormattingTests$FallbackPatternTests" tests="15" skipped="0" failures="0" errors="0" timestamp="2021-05-01T09:32:32" hostname="wangweilideMBP.lan" time="0.037">
  <properties/>
  <testcase name="input date: 2021-03-02" classname="org.springframework.format.datetime.standard.DateTimeFormattingTests$FallbackPatternTests" time="0.002"/>
  <testcase name="input date: 2021.03.02" classname="org.springframework.format.datetime.standard.DateTimeFormattingTests$FallbackPatternTests" time="0.001"/>
  <testcase name="input date: 20210302" classname="org.springframework.format.datetime.standard.DateTimeFormattingTests$FallbackPatternTests" time="0.001"/>
  <testcase name="input date: 3/2/21" classname="org.springframework.format.datetime.standard.DateTimeFormattingTests$FallbackPatternTests" time="0.001"/>
  <testcase name="input date: 12:00:00 PM" classname="org.springframework.format.datetime.standard.DateTimeFormattingTests$FallbackPatternTests" time="0.001"/>
  <testcase name="input date: 12:00:00" classname="org.springframework.format.datetime.standard.DateTimeFormattingTests$FallbackPatternTests" time="0.001"/>
  <testcase name="input date: 12:00" classname="org.springframework.format.datetime.standard.DateTimeFormattingTests$FallbackPatternTests" time="0.001"/>
  <testcase name="input date: 2021-03-02" classname="org.springframework.format.datetime.standard.DateTimeFormattingTests$FallbackPatternTests" time="0.001"/>
  <testcase name="input date: 2021.03.02" classname="org.springframework.format.datetime.standard.DateTimeFormattingTests$FallbackPatternTests" time="0.001"/>
  <testcase name="input date: 20210302" classname="org.springframework.format.datetime.standard.DateTimeFormattingTests$FallbackPatternTests" time="0.001"/>
  <testcase name="input date: 3/2/21" classname="org.springframework.format.datetime.standard.DateTimeFormattingTests$FallbackPatternTests" time="0.001"/>
  <testcase name="input date: 2021-03-02T12:00:00" classname="org.springframework.format.datetime.standard.DateTimeFormattingTests$FallbackPatternTests" time="0.002"/>
  <testcase name="input date: 2021-03-02 12:00:00" classname="org.springframework.format.datetime.standard.DateTimeFormattingTests$FallbackPatternTests" time="0.002"/>
  <testcase name="input date: 3/2/21 12:00" classname="org.springframework.format.datetime.standard.DateTimeFormattingTests$FallbackPatternTests" time="0.006"/>
  <testcase name="patternLocalDateWithUnsupportedPattern()" classname="org.springframework.format.datetime.standard.DateTimeFormattingTests$FallbackPatternTests" time="0.002"/>
  <system-out><![CDATA[]]></system-out>
  <system-err><![CDATA[]]></system-err>
</testsuite>
