<?xml version="1.0" encoding="UTF-8"?>
<testsuite name="org.springframework.beans.factory.xml.support.CustomNamespaceHandlerTests" tests="9" skipped="0" failures="0" errors="0" timestamp="2021-05-01T09:32:30" hostname="wangweilideMBP.lan" time="0.198">
  <properties/>
  <testcase name="testDecorationViaAttribute()" classname="org.springframework.beans.factory.xml.support.CustomNamespaceHandlerTests" time="0.025"/>
  <testcase name="testCustomElementNestedWithinUtilMap()" classname="org.springframework.beans.factory.xml.support.CustomNamespaceHandlerTests" time="0.016"/>
  <testcase name="testCustomElementNestedWithinUtilSet()" classname="org.springframework.beans.factory.xml.support.CustomNamespaceHandlerTests" time="0.024"/>
  <testcase name="testSimpleDecorator()" classname="org.springframework.beans.factory.xml.support.CustomNamespaceHandlerTests" time="0.025"/>
  <testcase name="testCustomElementNestedWithinUtilList()" classname="org.springframework.beans.factory.xml.support.CustomNamespaceHandlerTests" time="0.024"/>
  <testcase name="testProxyingDecorator()" classname="org.springframework.beans.factory.xml.support.CustomNamespaceHandlerTests" time="0.026"/>
  <testcase name="testProxyingDecoratorNoInstance()" classname="org.springframework.beans.factory.xml.support.CustomNamespaceHandlerTests" time="0.023"/>
  <testcase name="testSimpleParser()" classname="org.springframework.beans.factory.xml.support.CustomNamespaceHandlerTests" time="0.017"/>
  <testcase name="testChainedDecorators()" classname="org.springframework.beans.factory.xml.support.CustomNamespaceHandlerTests" time="0.015"/>
  <system-out><![CDATA[]]></system-out>
  <system-err><![CDATA[]]></system-err>
</testsuite>
