<?xml version="1.0" encoding="UTF-8"?>
<testsuite name="org.springframework.ui.ModelExtensionsTests" tests="1" skipped="0" failures="0" errors="0" timestamp="2021-04-26T07:41:32" hostname="wangweilideMacBook-Pro.local" time="0.004">
  <properties/>
  <testcase name="setAttribute()" classname="org.springframework.ui.ModelExtensionsTests" time="0.004"/>
  <system-out><![CDATA[]]></system-out>
  <system-err><![CDATA[]]></system-err>
</testsuite>
