<?xml version="1.0" encoding="UTF-8"?>
<testsuite name="org.springframework.context.annotation.ImportBeanDefinitionRegistrarTests" tests="1" skipped="0" failures="0" errors="0" timestamp="2021-04-26T07:40:48" hostname="wangweilideMacBook-Pro.local" time="0.006">
  <properties/>
  <testcase name="shouldInvokeAwareMethodsInImportBeanDefinitionRegistrar()" classname="org.springframework.context.annotation.ImportBeanDefinitionRegistrarTests" time="0.006"/>
  <system-out><![CDATA[]]></system-out>
  <system-err><![CDATA[]]></system-err>
</testsuite>
