<?xml version="1.0" encoding="UTF-8"?>
<testsuite name="org.springframework.context.annotation.ConfigurationClassPostConstructAndAutowiringTests" tests="2" skipped="0" failures="0" errors="0" timestamp="2021-04-26T07:40:52" hostname="wangweilideMacBook-Pro.local" time="0.011">
  <properties/>
  <testcase name="originalReproCase()" classname="org.springframework.context.annotation.ConfigurationClassPostConstructAndAutowiringTests" time="0.009"/>
  <testcase name="control()" classname="org.springframework.context.annotation.ConfigurationClassPostConstructAndAutowiringTests" time="0.002"/>
  <system-out><![CDATA[]]></system-out>
  <system-err><![CDATA[]]></system-err>
</testsuite>
