<?xml version="1.0" encoding="UTF-8"?>
<testsuite name="org.springframework.cache.config.EnableCachingIntegrationTests" tests="4" skipped="0" failures="0" errors="0" timestamp="2021-04-26T07:41:11" hostname="wangweilideMacBook-Pro.local" time="0.076">
  <properties/>
  <testcase name="beanConditionOff()" classname="org.springframework.cache.config.EnableCachingIntegrationTests" time="0.032"/>
  <testcase name="beanConditionOn()" classname="org.springframework.cache.config.EnableCachingIntegrationTests" time="0.01"/>
  <testcase name="fooServiceWithInterfaceCglib()" classname="org.springframework.cache.config.EnableCachingIntegrationTests" time="0.024"/>
  <testcase name="fooServiceWithInterface()" classname="org.springframework.cache.config.EnableCachingIntegrationTests" time="0.009"/>
  <system-out><![CDATA[]]></system-out>
  <system-err><![CDATA[]]></system-err>
</testsuite>
