<?xml version="1.0" encoding="UTF-8"?>
<testsuite name="org.springframework.context.annotation.ConfigurationWithFactoryBeanAndAutowiringTests" tests="7" skipped="0" failures="0" errors="0" timestamp="2021-05-09T12:41:30" hostname="wangweilidembp" time="0.141">
  <properties/>
  <testcase name="withConcreteFactoryBeanImplementationAsReturnType()" classname="org.springframework.context.annotation.ConfigurationWithFactoryBeanAndAutowiringTests" time="0.044"/>
  <testcase name="withParameterizedFactoryBeanInterfaceAsReturnType()" classname="org.springframework.context.annotation.ConfigurationWithFactoryBeanAndAutowiringTests" time="0.016"/>
  <testcase name="withFactoryBeanCallingBean()" classname="org.springframework.context.annotation.ConfigurationWithFactoryBeanAndAutowiringTests" time="0.029"/>
  <testcase name="withParameterizedFactoryBeanImplementationAsReturnType()" classname="org.springframework.context.annotation.ConfigurationWithFactoryBeanAndAutowiringTests" time="0.01"/>
  <testcase name="withWildcardParameterizedFactoryBeanInterfaceAsReturnType()" classname="org.springframework.context.annotation.ConfigurationWithFactoryBeanAndAutowiringTests" time="0.018"/>
  <testcase name="withRawFactoryBeanInterfaceAsReturnType()" classname="org.springframework.context.annotation.ConfigurationWithFactoryBeanAndAutowiringTests" time="0.01"/>
  <testcase name="withNonPublicParameterizedFactoryBeanInterfaceAsReturnType()" classname="org.springframework.context.annotation.ConfigurationWithFactoryBeanAndAutowiringTests" time="0.011"/>
  <system-out><![CDATA[]]></system-out>
  <system-err><![CDATA[]]></system-err>
</testsuite>
