<?xml version="1.0" encoding="UTF-8"?>
<testsuite name="org.springframework.validation.DataBinderFieldAccessTests" tests="6" skipped="0" failures="0" errors="0" timestamp="2021-04-26T07:41:31" hostname="wangweilideMacBook-Pro.local" time="0.007">
  <properties/>
  <testcase name="nestedBindingWithDisabledAutoGrow()" classname="org.springframework.validation.DataBinderFieldAccessTests" time="0.001"/>
  <testcase name="bindingNoErrorsNotIgnoreUnknown()" classname="org.springframework.validation.DataBinderFieldAccessTests" time="0.002"/>
  <testcase name="bindingWithErrorsAndCustomEditors()" classname="org.springframework.validation.DataBinderFieldAccessTests" time="0.002"/>
  <testcase name="bindingWithErrors()" classname="org.springframework.validation.DataBinderFieldAccessTests" time="0.001"/>
  <testcase name="nestedBindingWithDefaultConversionNoErrors()" classname="org.springframework.validation.DataBinderFieldAccessTests" time="0.001"/>
  <testcase name="bindingNoErrors()" classname="org.springframework.validation.DataBinderFieldAccessTests" time="0.0"/>
  <system-out><![CDATA[]]></system-out>
  <system-err><![CDATA[]]></system-err>
</testsuite>
