<?xml version="1.0" encoding="UTF-8"?>
<testsuite name="org.springframework.context.annotation.ComponentScanParserTests" tests="8" skipped="0" failures="0" errors="0" timestamp="2021-04-26T07:40:46" hostname="wangweilideMacBook-Pro.local" time="1.221">
  <properties/>
  <testcase name="componentScanWithAutowiredQualifier()" classname="org.springframework.context.annotation.ComponentScanParserTests" time="0.056"/>
  <testcase name="customTypeFilter()" classname="org.springframework.context.annotation.ComponentScanParserTests" time="0.434"/>
  <testcase name="aspectjTypeFilter()" classname="org.springframework.context.annotation.ComponentScanParserTests" time="0.047"/>
  <testcase name="componentScanRespectsProfileAnnotation()" classname="org.springframework.context.annotation.ComponentScanParserTests" time="0.072"/>
  <testcase name="aspectjTypeFilterWithPlaceholders()" classname="org.springframework.context.annotation.ComponentScanParserTests" time="0.083"/>
  <testcase name="matchingResourcePattern()" classname="org.springframework.context.annotation.ComponentScanParserTests" time="0.035"/>
  <testcase name="nonMatchingResourcePattern()" classname="org.springframework.context.annotation.ComponentScanParserTests" time="0.221"/>
  <testcase name="customAnnotationUsedForBothComponentScanAndQualifier()" classname="org.springframework.context.annotation.ComponentScanParserTests" time="0.27"/>
  <system-out><![CDATA[]]></system-out>
  <system-err><![CDATA[]]></system-err>
</testsuite>
