<?xml version="1.0" encoding="UTF-8"?>
<testsuite name="org.springframework.aop.aspectj.AfterAdviceBindingTests" tests="6" skipped="0" failures="0" errors="0" timestamp="2021-05-01T09:32:29" hostname="wangweilideMBP.lan" time="0.117">
  <properties/>
  <testcase name="testNeedsJoinPoint()" classname="org.springframework.aop.aspectj.AfterAdviceBindingTests" time="0.022"/>
  <testcase name="testOneObjectArgBindingTarget()" classname="org.springframework.aop.aspectj.AfterAdviceBindingTests" time="0.024"/>
  <testcase name="testOneIntAndOneObjectArgs()" classname="org.springframework.aop.aspectj.AfterAdviceBindingTests" time="0.016"/>
  <testcase name="testNeedsJoinPointStaticPart()" classname="org.springframework.aop.aspectj.AfterAdviceBindingTests" time="0.017"/>
  <testcase name="testOneIntArg()" classname="org.springframework.aop.aspectj.AfterAdviceBindingTests" time="0.016"/>
  <testcase name="testOneObjectArgBindingProxyWithThis()" classname="org.springframework.aop.aspectj.AfterAdviceBindingTests" time="0.02"/>
  <system-out><![CDATA[]]></system-out>
  <system-err><![CDATA[]]></system-err>
</testsuite>
