<?xml version="1.0" encoding="UTF-8"?>
<testsuite name="org.springframework.scripting.support.ResourceScriptSourceTests" tests="4" skipped="0" failures="0" errors="0" timestamp="2021-05-01T09:32:00" hostname="wangweilideMBP.lan" time="0.028">
  <properties/>
  <testcase name="beginsInModifiedState()" classname="org.springframework.scripting.support.ResourceScriptSourceTests" time="0.017"/>
  <testcase name="lastModifiedWorksWithResourceThatDoesNotSupportFileBasedAccessAtAll()" classname="org.springframework.scripting.support.ResourceScriptSourceTests" time="0.001"/>
  <testcase name="doesNotPropagateFatalExceptionOnResourceThatCannotBeResolvedToAFile()" classname="org.springframework.scripting.support.ResourceScriptSourceTests" time="0.007"/>
  <testcase name="lastModifiedWorksWithResourceThatDoesNotSupportFileBasedReading()" classname="org.springframework.scripting.support.ResourceScriptSourceTests" time="0.001"/>
  <system-out><![CDATA[]]></system-out>
  <system-err><![CDATA[]]></system-err>
</testsuite>
