<?xml version="1.0" encoding="UTF-8"?>
<testsuite name="org.springframework.cache.config.EnableCachingIntegrationTests" tests="4" skipped="0" failures="0" errors="0" timestamp="2021-05-01T09:32:13" hostname="wangweilideMBP.lan" time="0.077">
  <properties/>
  <testcase name="beanConditionOff()" classname="org.springframework.cache.config.EnableCachingIntegrationTests" time="0.042"/>
  <testcase name="beanConditionOn()" classname="org.springframework.cache.config.EnableCachingIntegrationTests" time="0.01"/>
  <testcase name="fooServiceWithInterfaceCglib()" classname="org.springframework.cache.config.EnableCachingIntegrationTests" time="0.018"/>
  <testcase name="fooServiceWithInterface()" classname="org.springframework.cache.config.EnableCachingIntegrationTests" time="0.007"/>
  <system-out><![CDATA[]]></system-out>
  <system-err><![CDATA[]]></system-err>
</testsuite>
