<?xml version="1.0" encoding="UTF-8"?>
<testsuite name="org.springframework.context.annotation.ConfigurationClassAndBFPPTests" tests="3" skipped="0" failures="0" errors="0" timestamp="2021-05-09T12:41:31" hostname="wangweilidembp" time="0.038">
  <properties/>
  <testcase name="autowiringSucceedsWithBFPPAsStaticMethod()" classname="org.springframework.context.annotation.ConfigurationClassAndBFPPTests" time="0.014"/>
  <testcase name="autowiringFailsWithBFPPAsInstanceMethod()" classname="org.springframework.context.annotation.ConfigurationClassAndBFPPTests" time="0.017"/>
  <testcase name="staticBeanMethodsDoNotRespectScoping()" classname="org.springframework.context.annotation.ConfigurationClassAndBFPPTests" time="0.006"/>
  <system-out><![CDATA[]]></system-out>
  <system-err><![CDATA[]]></system-err>
</testsuite>
