<?xml version="1.0" encoding="UTF-8"?>
<testsuite name="org.springframework.scripting.groovy.GroovyAspectTests" tests="4" skipped="0" failures="0" errors="0" timestamp="2021-05-09T12:41:53" hostname="wangweilidembp" time="0.078">
  <properties/>
  <testcase name="manualGroovyBeanWithStaticPointcut()" classname="org.springframework.scripting.groovy.GroovyAspectTests" time="0.032"/>
  <testcase name="manualGroovyBeanWithDynamicPointcutProxyTargetClass()" classname="org.springframework.scripting.groovy.GroovyAspectTests" time="0.023"/>
  <testcase name="manualGroovyBeanWithUnconditionalPointcut()" classname="org.springframework.scripting.groovy.GroovyAspectTests" time="0.012"/>
  <testcase name="manualGroovyBeanWithDynamicPointcut()" classname="org.springframework.scripting.groovy.GroovyAspectTests" time="0.01"/>
  <system-out><![CDATA[]]></system-out>
  <system-err><![CDATA[]]></system-err>
</testsuite>
