<?xml version="1.0" encoding="UTF-8"?>
<testsuite name="org.springframework.aop.aspectj.generic.GenericBridgeMethodMatchingClassProxyTests" tests="4" skipped="0" failures="0" errors="0" timestamp="2021-05-09T12:42:14" hostname="wangweilidembp" time="0.04">
  <properties/>
  <testcase name="testGenericBaseInterfaceMethodThroughInterface()" classname="org.springframework.aop.aspectj.generic.GenericBridgeMethodMatchingClassProxyTests" time="0.014"/>
  <testcase name="testGenericDerivedInterfaceMethodThroughInterface()" classname="org.springframework.aop.aspectj.generic.GenericBridgeMethodMatchingClassProxyTests" time="0.009"/>
  <testcase name="testGenericBaseInterfaceMethodThroughClass()" classname="org.springframework.aop.aspectj.generic.GenericBridgeMethodMatchingClassProxyTests" time="0.008"/>
  <testcase name="testGenericDerivedInterfaceMethodThroughClass()" classname="org.springframework.aop.aspectj.generic.GenericBridgeMethodMatchingClassProxyTests" time="0.007"/>
  <system-out><![CDATA[]]></system-out>
  <system-err><![CDATA[]]></system-err>
</testsuite>
