<?xml version="1.0" encoding="UTF-8"?>
<testsuite name="org.springframework.context.annotation.EnableLoadTimeWeavingTests" tests="4" skipped="0" failures="0" errors="0" timestamp="2021-04-26T07:40:50" hostname="wangweilideMacBook-Pro.local" time="0.057">
  <properties/>
  <testcase name="enableLTW_withAjWeavingAutodetect()" classname="org.springframework.context.annotation.EnableLoadTimeWeavingTests" time="0.016"/>
  <testcase name="enableLTW_withAjWeavingEnabled()" classname="org.springframework.context.annotation.EnableLoadTimeWeavingTests" time="0.02"/>
  <testcase name="control()" classname="org.springframework.context.annotation.EnableLoadTimeWeavingTests" time="0.017"/>
  <testcase name="enableLTW_withAjWeavingDisabled()" classname="org.springframework.context.annotation.EnableLoadTimeWeavingTests" time="0.004"/>
  <system-out><![CDATA[]]></system-out>
  <system-err><![CDATA[]]></system-err>
</testsuite>
