<?xml version="1.0" encoding="UTF-8"?>
<testsuite name="org.springframework.context.annotation.Spr8954Tests" tests="2" skipped="0" failures="0" errors="0" timestamp="2021-05-01T09:31:45" hostname="wangweilideMBP.lan" time="0.012">
  <properties/>
  <testcase name="repro()" classname="org.springframework.context.annotation.Spr8954Tests" time="0.004"/>
  <testcase name="findsBeansByTypeIfNotInstantiated()" classname="org.springframework.context.annotation.Spr8954Tests" time="0.008"/>
  <system-out><![CDATA[]]></system-out>
  <system-err><![CDATA[]]></system-err>
</testsuite>
