<?xml version="1.0" encoding="UTF-8"?>
<testsuite name="org.springframework.scripting.bsh.BshScriptFactoryTests" tests="18" skipped="0" failures="0" errors="0" timestamp="2021-05-09T12:41:53" hostname="wangweilidembp" time="1.52">
  <properties/>
  <testcase name="scriptCompilationException()" classname="org.springframework.scripting.bsh.BshScriptFactoryTests" time="0.088"/>
  <testcase name="scriptThatCompilesButIsJustPlainBad()" classname="org.springframework.scripting.bsh.BshScriptFactoryTests" time="0.017"/>
  <testcase name="staticPrototypeScript()" classname="org.springframework.scripting.bsh.BshScriptFactoryTests" time="0.103"/>
  <testcase name="resourceScriptFromTag()" classname="org.springframework.scripting.bsh.BshScriptFactoryTests" time="0.144"/>
  <testcase name="prototypeScriptFromTag()" classname="org.springframework.scripting.bsh.BshScriptFactoryTests" time="0.099"/>
  <testcase name="staticScriptWithNullReturnValue()" classname="org.springframework.scripting.bsh.BshScriptFactoryTests" time="0.098"/>
  <testcase name="staticWithScriptReturningInstance()" classname="org.springframework.scripting.bsh.BshScriptFactoryTests" time="0.111"/>
  <testcase name="staticScriptWithTwoInterfacesSpecified()" classname="org.springframework.scripting.bsh.BshScriptFactoryTests" time="0.126"/>
  <testcase name="staticScriptImplementingInterface()" classname="org.springframework.scripting.bsh.BshScriptFactoryTests" time="0.165"/>
  <testcase name="inlineScriptFromTag()" classname="org.springframework.scripting.bsh.BshScriptFactoryTests" time="0.091"/>
  <testcase name="ctorWithWhitespacedScriptSourceLocator()" classname="org.springframework.scripting.bsh.BshScriptFactoryTests" time="0.001"/>
  <testcase name="ctorWithNullScriptSourceLocator()" classname="org.springframework.scripting.bsh.BshScriptFactoryTests" time="0.0"/>
  <testcase name="applicationEventListener()" classname="org.springframework.scripting.bsh.BshScriptFactoryTests" time="0.103"/>
  <testcase name="staticScript()" classname="org.springframework.scripting.bsh.BshScriptFactoryTests" time="0.119"/>
  <testcase name="refreshableFromTag()" classname="org.springframework.scripting.bsh.BshScriptFactoryTests" time="0.162"/>
  <testcase name="ctorWithEmptyScriptSourceLocator()" classname="org.springframework.scripting.bsh.BshScriptFactoryTests" time="0.0"/>
  <testcase name="nonStaticScript()" classname="org.springframework.scripting.bsh.BshScriptFactoryTests" time="0.046"/>
  <testcase name="nonStaticPrototypeScript()" classname="org.springframework.scripting.bsh.BshScriptFactoryTests" time="0.043"/>
  <system-out><![CDATA[20:41:53.590 [Test worker] WARN  o.s.c.s.ClassPathXmlApplicationContext - Exception encountered during context initialization - cancelling refresh attempt: org.springframework.beans.factory.BeanCreationException: Error creating bean with name 'broken' defined in class path resource [org/springframework/scripting/bsh/bshBrokenContext.xml]: BeanPostProcessor before instantiation of bean failed; nested exception is org.springframework.beans.factory.BeanCreationException: Error creating bean with name 'scriptedObject.broken' defined in class path resource [org/springframework/scripting/bsh/bshBrokenContext.xml]: Bean instantiation via factory method failed; nested exception is org.springframework.beans.BeanInstantiationException: Failed to instantiate [java.lang.Object]: Factory method 'getScriptedObject' threw exception; nested exception is org.springframework.scripting.ScriptCompilationException: Could not compile class path resource [org/springframework/scripting/bsh/Broken.bsh]; nested exception is In file: inline evaluation of: ``one sure is the loneliest number... that i'll ever know;'' Encountered "is" at line 1, column 10.

org.springframework.context.event.ContextRefreshedEvent[source=org.springframework.context.support.ClassPathXmlApplicationContext@73025992, started on Sun May 09 20:41:53 CST 2021]
org.springframework.context.event.ContextClosedEvent[source=org.springframework.context.support.ClassPathXmlApplicationContext@73025992, started on Sun May 09 20:41:53 CST 2021]
org.springframework.context.event.ContextRefreshedEvent[source=org.springframework.context.support.ClassPathXmlApplicationContext@25047a2f, started on Sun May 09 20:41:53 CST 2021]
org.springframework.context.event.ContextRefreshedEvent[source=org.springframework.context.support.ClassPathXmlApplicationContext@782f9cb, started on Sun May 09 20:41:54 CST 2021]
org.springframework.context.event.ContextRefreshedEvent[source=org.springframework.context.support.ClassPathXmlApplicationContext@6a9ef1f8, started on Sun May 09 20:41:54 CST 2021]
org.springframework.scripting.bsh.BshScriptFactoryTests$MyEvent[source=org.springframework.context.support.ClassPathXmlApplicationContext@6a9ef1f8, started on Sun May 09 20:41:54 CST 2021]
org.springframework.context.event.ContextRefreshedEvent[source=org.springframework.context.support.ClassPathXmlApplicationContext@5374a30f, started on Sun May 09 20:41:54 CST 2021]
]]></system-out>
  <system-err><![CDATA[]]></system-err>
</testsuite>
