<?xml version="1.0" encoding="UTF-8"?>
<testsuite name="org.springframework.aop.aspectj.BeanNamePointcutTests" tests="6" skipped="0" failures="0" errors="0" timestamp="2021-04-26T07:41:28" hostname="wangweilideMacBook-Pro.local" time="0.126">
  <properties/>
  <testcase name="testPointcutAdvisorCombination()" classname="org.springframework.aop.aspectj.BeanNamePointcutTests" time="0.027"/>
  <testcase name="testMatchingBeanName()" classname="org.springframework.aop.aspectj.BeanNamePointcutTests" time="0.022"/>
  <testcase name="testMatchingFactoryBeanItself()" classname="org.springframework.aop.aspectj.BeanNamePointcutTests" time="0.026"/>
  <testcase name="testMatchingFactoryBeanObject()" classname="org.springframework.aop.aspectj.BeanNamePointcutTests" time="0.018"/>
  <testcase name="testNonMatchingNestedBeanName()" classname="org.springframework.aop.aspectj.BeanNamePointcutTests" time="0.017"/>
  <testcase name="testNonMatchingBeanName()" classname="org.springframework.aop.aspectj.BeanNamePointcutTests" time="0.015"/>
  <system-out><![CDATA[]]></system-out>
  <system-err><![CDATA[]]></system-err>
</testsuite>
