<?xml version="1.0" encoding="UTF-8"?>
<testsuite name="org.springframework.format.support.FormattingConversionServiceFactoryBeanTests" tests="5" skipped="0" failures="0" errors="0" timestamp="2021-05-09T12:42:16" hostname="wangweilidembp" time="0.008">
  <properties/>
  <testcase name="testFormatterRegistrar()" classname="org.springframework.format.support.FormattingConversionServiceFactoryBeanTests" time="0.001"/>
  <testcase name="testInvalidFormatter()" classname="org.springframework.format.support.FormattingConversionServiceFactoryBeanTests" time="0.0"/>
  <testcase name="testCustomFormatter()" classname="org.springframework.format.support.FormattingConversionServiceFactoryBeanTests" time="0.003"/>
  <testcase name="testDefaultFormattersOn()" classname="org.springframework.format.support.FormattingConversionServiceFactoryBeanTests" time="0.002"/>
  <testcase name="testDefaultFormattersOff()" classname="org.springframework.format.support.FormattingConversionServiceFactoryBeanTests" time="0.0"/>
  <system-out><![CDATA[]]></system-out>
  <system-err><![CDATA[]]></system-err>
</testsuite>
