<?xml version="1.0" encoding="UTF-8"?>
<testsuite name="org.springframework.validation.beanvalidation.SpringValidatorAdapterTests" tests="8" skipped="0" failures="0" errors="0" timestamp="2021-05-01T09:32:33" hostname="wangweilideMBP.lan" time="0.137">
  <properties/>
  <testcase name="testPatternMessage()" classname="org.springframework.validation.beanvalidation.SpringValidatorAdapterTests" time="0.016"/>
  <testcase name="testNoStringArgumentValue()" classname="org.springframework.validation.beanvalidation.SpringValidatorAdapterTests" time="0.007"/>
  <testcase name="testWithList()" classname="org.springframework.validation.beanvalidation.SpringValidatorAdapterTests" time="0.048"/>
  <testcase name="testApplyMessageSourceResolvableToStringArgumentValueWithUnresolvedLogicalFieldName()" classname="org.springframework.validation.beanvalidation.SpringValidatorAdapterTests" time="0.006"/>
  <testcase name="testWithSet()" classname="org.springframework.validation.beanvalidation.SpringValidatorAdapterTests" time="0.03"/>
  <testcase name="testApplyMessageSourceResolvableToStringArgumentValueWithAlwaysUseMessageFormat()" classname="org.springframework.validation.beanvalidation.SpringValidatorAdapterTests" time="0.006"/>
  <testcase name="testUnwrap()" classname="org.springframework.validation.beanvalidation.SpringValidatorAdapterTests" time="0.0"/>
  <testcase name="testApplyMessageSourceResolvableToStringArgumentValueWithResolvedLogicalFieldName()" classname="org.springframework.validation.beanvalidation.SpringValidatorAdapterTests" time="0.004"/>
  <system-out><![CDATA[]]></system-out>
  <system-err><![CDATA[]]></system-err>
</testsuite>
