<?xml version="1.0" encoding="UTF-8"?>
<testsuite name="org.springframework.beans.factory.xml.LookupMethodWrappedByCglibProxyTests" tests="2" skipped="0" failures="0" errors="0" timestamp="2021-05-01T09:32:30" hostname="wangweilideMBP.lan" time="0.043">
  <properties/>
  <testcase name="testRegularlyProxiedLookup()" classname="org.springframework.beans.factory.xml.LookupMethodWrappedByCglibProxyTests" time="0.036"/>
  <testcase name="testAutoProxiedLookup()" classname="org.springframework.beans.factory.xml.LookupMethodWrappedByCglibProxyTests" time="0.007"/>
  <system-out><![CDATA[]]></system-out>
  <system-err><![CDATA[]]></system-err>
</testsuite>
