<?xml version="1.0" encoding="UTF-8"?>
<testsuite name="org.springframework.context.annotation.SimpleConfigTests" tests="1" skipped="0" failures="0" errors="0" timestamp="2021-05-09T12:41:35" hostname="wangweilidembp" time="0.077">
  <properties/>
  <testcase name="testFooService()" classname="org.springframework.context.annotation.SimpleConfigTests" time="0.077"/>
  <system-out><![CDATA[SimpleAsyncTaskExecutor-1
]]></system-out>
  <system-err><![CDATA[]]></system-err>
</testsuite>
