<?xml version="1.0" encoding="UTF-8"?>
<testsuite name="org.springframework.validation.beanvalidation.SpringValidatorAdapterTests" tests="8" skipped="0" failures="0" errors="0" timestamp="2021-05-09T12:42:17" hostname="wangweilidembp" time="0.209">
  <properties/>
  <testcase name="testPatternMessage()" classname="org.springframework.validation.beanvalidation.SpringValidatorAdapterTests" time="0.032"/>
  <testcase name="testNoStringArgumentValue()" classname="org.springframework.validation.beanvalidation.SpringValidatorAdapterTests" time="0.019"/>
  <testcase name="testWithList()" classname="org.springframework.validation.beanvalidation.SpringValidatorAdapterTests" time="0.072"/>
  <testcase name="testApplyMessageSourceResolvableToStringArgumentValueWithUnresolvedLogicalFieldName()" classname="org.springframework.validation.beanvalidation.SpringValidatorAdapterTests" time="0.004"/>
  <testcase name="testWithSet()" classname="org.springframework.validation.beanvalidation.SpringValidatorAdapterTests" time="0.026"/>
  <testcase name="testApplyMessageSourceResolvableToStringArgumentValueWithAlwaysUseMessageFormat()" classname="org.springframework.validation.beanvalidation.SpringValidatorAdapterTests" time="0.035"/>
  <testcase name="testUnwrap()" classname="org.springframework.validation.beanvalidation.SpringValidatorAdapterTests" time="0.0"/>
  <testcase name="testApplyMessageSourceResolvableToStringArgumentValueWithResolvedLogicalFieldName()" classname="org.springframework.validation.beanvalidation.SpringValidatorAdapterTests" time="0.004"/>
  <system-out><![CDATA[]]></system-out>
  <system-err><![CDATA[]]></system-err>
</testsuite>
