<?xml version="1.0" encoding="UTF-8"?>
<testsuite name="org.springframework.aop.aspectj.AroundAdviceBindingTests" tests="4" skipped="0" failures="0" errors="0" timestamp="2021-05-09T12:42:14" hostname="wangweilidembp" time="0.052">
  <properties/>
  <testcase name="testJustJoinPoint()" classname="org.springframework.aop.aspectj.AroundAdviceBindingTests" time="0.013"/>
  <testcase name="testOneObjectArgBoundToTarget()" classname="org.springframework.aop.aspectj.AroundAdviceBindingTests" time="0.012"/>
  <testcase name="testOneIntAndOneObjectArgs()" classname="org.springframework.aop.aspectj.AroundAdviceBindingTests" time="0.013"/>
  <testcase name="testOneIntArg()" classname="org.springframework.aop.aspectj.AroundAdviceBindingTests" time="0.013"/>
  <system-out><![CDATA[]]></system-out>
  <system-err><![CDATA[]]></system-err>
</testsuite>
