<?xml version="1.0" encoding="UTF-8"?>
<testsuite name="org.springframework.context.annotation.ComponentScanParserTests" tests="8" skipped="0" failures="0" errors="0" timestamp="2021-05-09T12:41:31" hostname="wangweilidembp" time="1.205">
  <properties/>
  <testcase name="componentScanWithAutowiredQualifier()" classname="org.springframework.context.annotation.ComponentScanParserTests" time="0.059"/>
  <testcase name="customTypeFilter()" classname="org.springframework.context.annotation.ComponentScanParserTests" time="0.372"/>
  <testcase name="aspectjTypeFilter()" classname="org.springframework.context.annotation.ComponentScanParserTests" time="0.055"/>
  <testcase name="componentScanRespectsProfileAnnotation()" classname="org.springframework.context.annotation.ComponentScanParserTests" time="0.087"/>
  <testcase name="aspectjTypeFilterWithPlaceholders()" classname="org.springframework.context.annotation.ComponentScanParserTests" time="0.072"/>
  <testcase name="matchingResourcePattern()" classname="org.springframework.context.annotation.ComponentScanParserTests" time="0.038"/>
  <testcase name="nonMatchingResourcePattern()" classname="org.springframework.context.annotation.ComponentScanParserTests" time="0.188"/>
  <testcase name="customAnnotationUsedForBothComponentScanAndQualifier()" classname="org.springframework.context.annotation.ComponentScanParserTests" time="0.331"/>
  <system-out><![CDATA[]]></system-out>
  <system-err><![CDATA[]]></system-err>
</testsuite>
