<?xml version="1.0" encoding="UTF-8"?>
<testsuite name="org.springframework.aop.aspectj.AfterThrowingAdviceBindingTests" tests="6" skipped="0" failures="0" errors="0" timestamp="2021-04-26T07:41:26" hostname="wangweilideMacBook-Pro.local" time="0.131">
  <properties/>
  <testcase name="testSimpleAfterThrowing()" classname="org.springframework.aop.aspectj.AfterThrowingAdviceBindingTests" time="0.023"/>
  <testcase name="testAfterThrowingWithTypeSpecified()" classname="org.springframework.aop.aspectj.AfterThrowingAdviceBindingTests" time="0.02"/>
  <testcase name="testAfterThrowingWithRuntimeExceptionBinding()" classname="org.springframework.aop.aspectj.AfterThrowingAdviceBindingTests" time="0.022"/>
  <testcase name="testAfterThrowingWithBinding()" classname="org.springframework.aop.aspectj.AfterThrowingAdviceBindingTests" time="0.023"/>
  <testcase name="testAfterThrowingWithRuntimeTypeSpecified()" classname="org.springframework.aop.aspectj.AfterThrowingAdviceBindingTests" time="0.018"/>
  <testcase name="testAfterThrowingWithNamedTypeRestriction()" classname="org.springframework.aop.aspectj.AfterThrowingAdviceBindingTests" time="0.023"/>
  <system-out><![CDATA[]]></system-out>
  <system-err><![CDATA[]]></system-err>
</testsuite>
