<?xml version="1.0" encoding="UTF-8"?>
<testsuite name="org.springframework.jmx.export.annotation.EnableMBeanExportConfigurationTests" tests="8" skipped="0" failures="0" errors="0" timestamp="2021-05-09T12:42:10" hostname="wangweilidembp" time="0.115">
  <properties/>
  <testcase name="testOnlyTargetClassIsExposed()" classname="org.springframework.jmx.export.annotation.EnableMBeanExportConfigurationTests" time="0.025"/>
  <testcase name="testComponentScan()" classname="org.springframework.jmx.export.annotation.EnableMBeanExportConfigurationTests" time="0.026"/>
  <testcase name="testPackagePrivateClassExtensionCanBeExposed()" classname="org.springframework.jmx.export.annotation.EnableMBeanExportConfigurationTests" time="0.013"/>
  <testcase name="testPackagePrivateExtensionCantBeExposed()" classname="org.springframework.jmx.export.annotation.EnableMBeanExportConfigurationTests" time="0.007"/>
  <testcase name="testLazyNaming()" classname="org.springframework.jmx.export.annotation.EnableMBeanExportConfigurationTests" time="0.01"/>
  <testcase name="testLazyAssembling()" classname="org.springframework.jmx.export.annotation.EnableMBeanExportConfigurationTests" time="0.015"/>
  <testcase name="testPlaceholderBased()" classname="org.springframework.jmx.export.annotation.EnableMBeanExportConfigurationTests" time="0.011"/>
  <testcase name="testPackagePrivateImplementationCantBeExposed()" classname="org.springframework.jmx.export.annotation.EnableMBeanExportConfigurationTests" time="0.008"/>
  <system-out><![CDATA[]]></system-out>
  <system-err><![CDATA[]]></system-err>
</testsuite>
