<?xml version="1.0" encoding="UTF-8"?>
<testsuite name="org.springframework.context.annotation.NestedConfigurationClassTests" tests="8" skipped="0" failures="0" errors="0" timestamp="2021-05-09T12:41:35" hostname="wangweilidembp" time="0.11">
  <properties/>
  <testcase name="twoLevelsWithNoBeanMethods()" classname="org.springframework.context.annotation.NestedConfigurationClassTests" time="0.011"/>
  <testcase name="twoLevelsDeepWithInheritanceThroughImport()" classname="org.springframework.context.annotation.NestedConfigurationClassTests" time="0.026"/>
  <testcase name="twoLevelsDeep()" classname="org.springframework.context.annotation.NestedConfigurationClassTests" time="0.011"/>
  <testcase name="oneLevelDeep()" classname="org.springframework.context.annotation.NestedConfigurationClassTests" time="0.006"/>
  <testcase name="twoLevelsDeepWithInheritance()" classname="org.springframework.context.annotation.NestedConfigurationClassTests" time="0.009"/>
  <testcase name="twoLevelsInLiteMode()" classname="org.springframework.context.annotation.NestedConfigurationClassTests" time="0.009"/>
  <testcase name="twoLevelsDeepWithInheritanceAndScopedProxy()" classname="org.springframework.context.annotation.NestedConfigurationClassTests" time="0.026"/>
  <testcase name="twoLevelsOnNonAnnotatedBaseClass()" classname="org.springframework.context.annotation.NestedConfigurationClassTests" time="0.011"/>
  <system-out><![CDATA[]]></system-out>
  <system-err><![CDATA[]]></system-err>
</testsuite>
