<?xml version="1.0" encoding="UTF-8"?>
<testsuite name="org.springframework.aop.aspectj.generic.GenericParameterMatchingTests" tests="3" skipped="0" failures="0" errors="0" timestamp="2021-05-09T12:42:14" hostname="wangweilidembp" time="0.044">
  <properties/>
  <testcase name="testGenericInterfaceSubtypeGenericCollectionArgExecution()" classname="org.springframework.aop.aspectj.generic.GenericParameterMatchingTests" time="0.016"/>
  <testcase name="testGenericInterfaceGenericArgExecution()" classname="org.springframework.aop.aspectj.generic.GenericParameterMatchingTests" time="0.014"/>
  <testcase name="testGenericInterfaceGenericCollectionArgExecution()" classname="org.springframework.aop.aspectj.generic.GenericParameterMatchingTests" time="0.014"/>
  <system-out><![CDATA[]]></system-out>
  <system-err><![CDATA[]]></system-err>
</testsuite>
