<?xml version="1.0" encoding="UTF-8"?>
<testsuite name="org.springframework.scripting.support.StandardScriptFactoryTests" tests="3" skipped="0" failures="0" errors="0" timestamp="2021-04-26T07:40:59" hostname="wangweilideMacBook-Pro.local" time="0.482">
  <properties/>
  <testcase name="testRefreshableJsr223FromTagWithInterface()" classname="org.springframework.scripting.support.StandardScriptFactoryTests" time="0.414"/>
  <testcase name="testJsr223FromTagWithInterface()" classname="org.springframework.scripting.support.StandardScriptFactoryTests" time="0.033"/>
  <testcase name="testInlineJsr223FromTagWithInterface()" classname="org.springframework.scripting.support.StandardScriptFactoryTests" time="0.034"/>
  <system-out><![CDATA[]]></system-out>
  <system-err><![CDATA[Warning: Nashorn engine is planned to be removed from a future JDK release
Warning: Nashorn engine is planned to be removed from a future JDK release
Warning: Nashorn engine is planned to be removed from a future JDK release
Warning: Nashorn engine is planned to be removed from a future JDK release
Warning: Nashorn engine is planned to be removed from a future JDK release
Warning: Nashorn engine is planned to be removed from a future JDK release
Warning: Nashorn engine is planned to be removed from a future JDK release
]]></system-err>
</testsuite>
