<?xml version="1.0" encoding="UTF-8"?>
<testsuite name="org.springframework.context.support.BeanDefinitionDslTests" tests="8" skipped="0" failures="0" errors="0" timestamp="2021-05-09T12:42:19" hostname="wangweilidembp" time="0.092">
  <properties/>
  <testcase name="Declare beans leveraging constructor injection()" classname="org.springframework.context.support.BeanDefinitionDslTests" time="0.015"/>
  <testcase name="Declare beans with the functional Kotlin DSL()" classname="org.springframework.context.support.BeanDefinitionDslTests" time="0.008"/>
  <testcase name="Declare beans using profile condition with the functional Kotlin DSL()" classname="org.springframework.context.support.BeanDefinitionDslTests" time="0.008"/>
  <testcase name="Retrieve multiple beans via a bean provider()" classname="org.springframework.context.support.BeanDefinitionDslTests" time="0.009"/>
  <testcase name="Declare beans leveraging callable reference()" classname="org.springframework.context.support.BeanDefinitionDslTests" time="0.006"/>
  <testcase name="Declare beans with accepted profiles()" classname="org.springframework.context.support.BeanDefinitionDslTests" time="0.027"/>
  <testcase name="Declare beans using environment condition with the functional Kotlin DSL()" classname="org.springframework.context.support.BeanDefinitionDslTests" time="0.012"/>
  <testcase name="Declare beans depending on environment properties()" classname="org.springframework.context.support.BeanDefinitionDslTests" time="0.003"/>
  <system-out><![CDATA[]]></system-out>
  <system-err><![CDATA[]]></system-err>
</testsuite>
