<?xml version="1.0" encoding="UTF-8"?>
<testsuite name="org.springframework.aop.aspectj.ProceedTests" tests="4" skipped="0" failures="0" errors="0" timestamp="2021-05-01T09:32:26" hostname="wangweilideMBP.lan" time="0.078">
  <properties/>
  <testcase name="testProceedWithArgsInSameAspect()" classname="org.springframework.aop.aspectj.ProceedTests" time="0.028"/>
  <testcase name="testGetArgsIsDefensive()" classname="org.springframework.aop.aspectj.ProceedTests" time="0.016"/>
  <testcase name="testProceedWithArgsAcrossAspects()" classname="org.springframework.aop.aspectj.ProceedTests" time="0.017"/>
  <testcase name="testSimpleProceedWithChangedArgs()" classname="org.springframework.aop.aspectj.ProceedTests" time="0.017"/>
  <system-out><![CDATA[]]></system-out>
  <system-err><![CDATA[]]></system-err>
</testsuite>
