<?xml version="1.0" encoding="UTF-8"?>
<testsuite name="org.springframework.scripting.groovy.GroovyScriptFactoryTests" tests="38" skipped="0" failures="0" errors="0" timestamp="2021-04-26T07:40:59" hostname="wangweilideMacBook-Pro.local" time="2.744">
  <properties/>
  <testcase name="testAnonymousScriptDetected()" classname="org.springframework.scripting.groovy.GroovyScriptFactoryTests" time="0.304"/>
  <testcase name="testWithTwoClassesDefinedInTheOneGroovyFile_CorrectClassFirst()" classname="org.springframework.scripting.groovy.GroovyScriptFactoryTests" time="0.018"/>
  <testcase name="testStaticScript()" classname="org.springframework.scripting.groovy.GroovyScriptFactoryTests" time="0.145"/>
  <testcase name="testRefreshableJsr223FromTag()" classname="org.springframework.scripting.groovy.GroovyScriptFactoryTests" time="0.097"/>
  <testcase name="testJsr223FromTag()" classname="org.springframework.scripting.groovy.GroovyScriptFactoryTests" time="0.08"/>
  <testcase name="testWithInlineScriptWithLeadingWhitespace()" classname="org.springframework.scripting.groovy.GroovyScriptFactoryTests" time="0.011"/>
  <testcase name="testCtorWithNullScriptSourceLocator()" classname="org.springframework.scripting.groovy.GroovyScriptFactoryTests" time="0.001"/>
  <testcase name="testStaticScriptWithInstanceUsingJsr223()" classname="org.springframework.scripting.groovy.GroovyScriptFactoryTests" time="0.065"/>
  <testcase name="testInlineScriptFromTag()" classname="org.springframework.scripting.groovy.GroovyScriptFactoryTests" time="0.142"/>
  <testcase name="testStaticScriptUsingJsr223()" classname="org.springframework.scripting.groovy.GroovyScriptFactoryTests" time="0.066"/>
  <testcase name="testRefreshableFactoryBean()" classname="org.springframework.scripting.groovy.GroovyScriptFactoryTests" time="0.135"/>
  <testcase name="testStaticPrototypeScript()" classname="org.springframework.scripting.groovy.GroovyScriptFactoryTests" time="0.119"/>
  <testcase name="testResourceScriptFromTag()" classname="org.springframework.scripting.groovy.GroovyScriptFactoryTests" time="0.152"/>
  <testcase name="testFactoryBean()" classname="org.springframework.scripting.groovy.GroovyScriptFactoryTests" time="0.092"/>
  <testcase name="testStaticScriptWithInstance()" classname="org.springframework.scripting.groovy.GroovyScriptFactoryTests" time="0.102"/>
  <testcase name="testPrototypeScriptFromTag()" classname="org.springframework.scripting.groovy.GroovyScriptFactoryTests" time="0.14"/>
  <testcase name="testStaticScriptWithInlineDefinedInstance()" classname="org.springframework.scripting.groovy.GroovyScriptFactoryTests" time="0.098"/>
  <testcase name="testStaticScriptWithInlineDefinedInstanceUsingJsr223()" classname="org.springframework.scripting.groovy.GroovyScriptFactoryTests" time="0.053"/>
  <testcase name="testGetScriptedObjectDoesChokeOnNullScriptSourceBeingPassedIn()" classname="org.springframework.scripting.groovy.GroovyScriptFactoryTests" time="0.001"/>
  <testcase name="testRefreshableFromTag()" classname="org.springframework.scripting.groovy.GroovyScriptFactoryTests" time="0.107"/>
  <testcase name="testStaticPrototypeScriptUsingJsr223()" classname="org.springframework.scripting.groovy.GroovyScriptFactoryTests" time="0.053"/>
  <testcase name="testCtorWithWhitespacedScriptSourceLocator()" classname="org.springframework.scripting.groovy.GroovyScriptFactoryTests" time="0.0"/>
  <testcase name="testInlineJsr223FromTag()" classname="org.springframework.scripting.groovy.GroovyScriptFactoryTests" time="0.071"/>
  <testcase name="testScriptedClassThatDoesNotHaveANoArgCtor()" classname="org.springframework.scripting.groovy.GroovyScriptFactoryTests" time="0.011"/>
  <testcase name="testScriptCompilationException()" classname="org.springframework.scripting.groovy.GroovyScriptFactoryTests" time="0.085"/>
  <testcase name="testCtorWithEmptyScriptSourceLocator()" classname="org.springframework.scripting.groovy.GroovyScriptFactoryTests" time="0.001"/>
  <testcase name="testWithTwoClassesDefinedInTheOneGroovyFile_WrongClassFirst()" classname="org.springframework.scripting.groovy.GroovyScriptFactoryTests" time="0.031"/>
  <testcase name="testJsr223FromTagWithInterface()" classname="org.springframework.scripting.groovy.GroovyScriptFactoryTests" time="0.071"/>
  <testcase name="testInlineJsr223FromTagWithInterface()" classname="org.springframework.scripting.groovy.GroovyScriptFactoryTests" time="0.081"/>
  <testcase name="testRefreshableFromTagProxyTargetClass()" classname="org.springframework.scripting.groovy.GroovyScriptFactoryTests" time="0.03"/>
  <testcase name="testProxyTargetClassNotAllowedIfNotGroovy()" classname="org.springframework.scripting.groovy.GroovyScriptFactoryTests" time="0.023"/>
  <testcase name="testCanPassInMoreThanOneProperty()" classname="org.springframework.scripting.groovy.GroovyScriptFactoryTests" time="0.107"/>
  <testcase name="testMetaClassWithBeans()" classname="org.springframework.scripting.groovy.GroovyScriptFactoryTests" time="0.056"/>
  <testcase name="testMetaClassWithXsd()" classname="org.springframework.scripting.groovy.GroovyScriptFactoryTests" time="0.069"/>
  <testcase name="testNonStaticScript()" classname="org.springframework.scripting.groovy.GroovyScriptFactoryTests" time="0.059"/>
  <testcase name="testNonStaticPrototypeScript()" classname="org.springframework.scripting.groovy.GroovyScriptFactoryTests" time="0.044"/>
  <testcase name="testScriptedClassThatHasNoPublicNoArgCtor()" classname="org.springframework.scripting.groovy.GroovyScriptFactoryTests" time="0.012"/>
  <testcase name="testGetScriptedObjectDoesNotChokeOnNullInterfacesBeingPassedIn()" classname="org.springframework.scripting.groovy.GroovyScriptFactoryTests" time="0.009"/>
  <system-out><![CDATA[customizing org.springframework.scripting.groovy.GroovyCalculator@78523f9e...
GroovyMessenger
15:41:00.174 [Test worker] WARN  o.s.c.s.ClassPathXmlApplicationContext - Exception encountered during context initialization - cancelling refresh attempt: org.springframework.beans.factory.BeanCreationException: Error creating bean with name 'messenger' defined in class path resource [org/springframework/scripting/groovy/lwspBadGroovyContext.xml]: BeanPostProcessor before instantiation of bean failed; nested exception is org.springframework.beans.factory.BeanCreationException: Error creating bean with name 'messenger': Could not determine scripted object type for GroovyScriptFactory: script source locator [
    inline:
			
	class Bingo {

		@Property String message;
	}
			]; nested exception is java.io.FileNotFoundException: class path resource [
    inline:
			
	class Bingo {

		@Property String message;
	}
			] cannot be opened because it does not exist
GroovyMessenger
customizing org.springframework.scripting.groovy.GroovyCalculator@79a2bc83...
GroovyMessenger
GroovyMessenger
GroovyMessenger
customizing org.springframework.scripting.groovy.GroovyCalculator@7c504fdd...
GroovyMessenger
GroovyMessenger
customizing org.springframework.scripting.groovy.GroovyCalculator@281880bf...
GroovyMessenger
GroovyMessenger
customizing org.springframework.scripting.groovy.GroovyCalculator@5b946a65...
GroovyMessenger
15:41:01.669 [Test worker] WARN  o.s.c.s.ClassPathXmlApplicationContext - Exception encountered during context initialization - cancelling refresh attempt: org.springframework.beans.factory.BeanCreationException: Error creating bean with name 'broken' defined in class path resource [org/springframework/scripting/groovy/groovyBrokenContext.xml]: BeanPostProcessor before instantiation of bean failed; nested exception is org.springframework.beans.factory.BeanCreationException: Error creating bean with name 'broken': Could not determine scripted object type for GroovyScriptFactory: script source locator [classpath:org/springframework/scripting/groovy/Broken.groovyb]; nested exception is org.springframework.scripting.ScriptCompilationException: Could not compile class path resource [org/springframework/scripting/groovy/Broken.groovyb]; nested exception is org.codehaus.groovy.control.MultipleCompilationErrorsException: startup failed:
Broken: 9: Unexpected input: 'breakfast' @ line 9, column 5.
   for breakfast
       ^

1 error

15:41:01.701 [Test worker] WARN  o.s.c.s.ClassPathXmlApplicationContext - Exception encountered during context initialization - cancelling refresh attempt: org.springframework.beans.factory.BeanCreationException: Error creating bean with name 'messenger' defined in class path resource [org/springframework/scripting/groovy/twoClassesWrongOneFirst.xml]: BeanPostProcessor before instantiation of bean failed; nested exception is org.springframework.beans.factory.BeanCreationException: Error creating bean with name 'messenger': Could not determine scripted object type for GroovyScriptFactory: script source locator [inline:
	package org.springframework.scripting.groovy;

	import org.springframework.scripting.Messenger;
			
	class Bingo {

		@Property String message;
	}

	class GroovyMessenger implements Messenger {

		@Property String message;
	}
			]; nested exception is org.springframework.scripting.ScriptCompilationException: Could not compile static script [scriptFactory.messenger]; nested exception is org.codehaus.groovy.control.MultipleCompilationErrorsException: startup failed:
scriptFactory.messenger: 8: unable to resolve class Property
 @ line 8, column 3.
   		@Property String message;
     ^

scriptFactory.messenger: 13: unable to resolve class Property
 @ line 13, column 3.
   		@Property String message;
     ^

2 errors

]]></system-out>
  <system-err><![CDATA[]]></system-err>
</testsuite>
