<?xml version="1.0" encoding="UTF-8"?>
<testsuite name="org.springframework.scripting.support.StandardScriptFactoryTests" tests="3" skipped="0" failures="0" errors="0" timestamp="2021-05-01T09:32:00" hostname="wangweilideMBP.lan" time="0.849">
  <properties/>
  <testcase name="testRefreshableJsr223FromTagWithInterface()" classname="org.springframework.scripting.support.StandardScriptFactoryTests" time="0.772"/>
  <testcase name="testJsr223FromTagWithInterface()" classname="org.springframework.scripting.support.StandardScriptFactoryTests" time="0.038"/>
  <testcase name="testInlineJsr223FromTagWithInterface()" classname="org.springframework.scripting.support.StandardScriptFactoryTests" time="0.038"/>
  <system-out><![CDATA[]]></system-out>
  <system-err><![CDATA[]]></system-err>
</testsuite>
