<?xml version="1.0" encoding="UTF-8"?>
<testsuite name="org.springframework.aop.framework.ObjenesisProxyTests" tests="1" skipped="0" failures="0" errors="0" timestamp="2021-05-09T12:42:12" hostname="wangweilidembp" time="0.091">
  <properties/>
  <testcase name="appliesAspectToClassWithComplexConstructor()" classname="org.springframework.aop.framework.ObjenesisProxyTests" time="0.091"/>
  <system-out><![CDATA[]]></system-out>
  <system-err><![CDATA[]]></system-err>
</testsuite>
