<?xml version="1.0" encoding="UTF-8"?>
<testsuite name="org.springframework.scheduling.support.CronTriggerTests" tests="112" skipped="0" failures="0" errors="0" timestamp="2021-05-01T09:32:15" hostname="wangweilideMBP.lan" time="0.181">
  <properties/>
  <testcase name="[1] localDateTime[2021-05-01T17:32:15.103], time zone[sun.util.calendar.ZoneInfo[id=&quot;PST&quot;,offset=-28800000,dstSavings=3600000,useDaylight=true,transitions=185,lastRule=java.util.SimpleTimeZone[id=PST,offset=-28800000,dstSavings=3600000,useDaylight=true,startYear=0,startMode=3,startMonth=2,startDay=8,startDayOfWeek=1,startTime=7200000,startTimeMode=0,endMode=3,endMonth=10,endDay=1,endDayOfWeek=1,endTime=7200000,endTimeMode=0]]]" classname="org.springframework.scheduling.support.CronTriggerTests" time="0.012"/>
  <testcase name="[2] localDateTime[2021-05-01T17:32:15.135], time zone[sun.util.calendar.ZoneInfo[id=&quot;CET&quot;,offset=3600000,dstSavings=3600000,useDaylight=true,transitions=137,lastRule=java.util.SimpleTimeZone[id=CET,offset=3600000,dstSavings=3600000,useDaylight=true,startYear=0,startMode=2,startMonth=2,startDay=-1,startDayOfWeek=1,startTime=7200000,startTimeMode=1,endMode=2,endMonth=9,endDay=-1,endDayOfWeek=1,endTime=7200000,endTimeMode=1]]]" classname="org.springframework.scheduling.support.CronTriggerTests" time="0.0"/>
  <testcase name="[1] localDateTime[2021-05-01T17:32:15.168], time zone[sun.util.calendar.ZoneInfo[id=&quot;PST&quot;,offset=-28800000,dstSavings=3600000,useDaylight=true,transitions=185,lastRule=java.util.SimpleTimeZone[id=PST,offset=-28800000,dstSavings=3600000,useDaylight=true,startYear=0,startMode=3,startMonth=2,startDay=8,startDayOfWeek=1,startTime=7200000,startTimeMode=0,endMode=3,endMonth=10,endDay=1,endDayOfWeek=1,endTime=7200000,endTimeMode=0]]]" classname="org.springframework.scheduling.support.CronTriggerTests" time="0.001"/>
  <testcase name="[2] localDateTime[2021-05-01T17:32:15.168], time zone[sun.util.calendar.ZoneInfo[id=&quot;CET&quot;,offset=3600000,dstSavings=3600000,useDaylight=true,transitions=137,lastRule=java.util.SimpleTimeZone[id=CET,offset=3600000,dstSavings=3600000,useDaylight=true,startYear=0,startMode=2,startMonth=2,startDay=-1,startDayOfWeek=1,startTime=7200000,startTimeMode=1,endMode=2,endMonth=9,endDay=-1,endDayOfWeek=1,endTime=7200000,endTimeMode=1]]]" classname="org.springframework.scheduling.support.CronTriggerTests" time="0.0"/>
  <testcase name="[1] localDateTime[2021-05-01T17:32:15.171], time zone[sun.util.calendar.ZoneInfo[id=&quot;PST&quot;,offset=-28800000,dstSavings=3600000,useDaylight=true,transitions=185,lastRule=java.util.SimpleTimeZone[id=PST,offset=-28800000,dstSavings=3600000,useDaylight=true,startYear=0,startMode=3,startMonth=2,startDay=8,startDayOfWeek=1,startTime=7200000,startTimeMode=0,endMode=3,endMonth=10,endDay=1,endDayOfWeek=1,endTime=7200000,endTimeMode=0]]]" classname="org.springframework.scheduling.support.CronTriggerTests" time="0.001"/>
  <testcase name="[2] localDateTime[2021-05-01T17:32:15.171], time zone[sun.util.calendar.ZoneInfo[id=&quot;CET&quot;,offset=3600000,dstSavings=3600000,useDaylight=true,transitions=137,lastRule=java.util.SimpleTimeZone[id=CET,offset=3600000,dstSavings=3600000,useDaylight=true,startYear=0,startMode=2,startMonth=2,startDay=-1,startDayOfWeek=1,startTime=7200000,startTimeMode=1,endMode=2,endMonth=9,endDay=-1,endDayOfWeek=1,endTime=7200000,endTimeMode=1]]]" classname="org.springframework.scheduling.support.CronTriggerTests" time="0.001"/>
  <testcase name="[1] localDateTime[2021-05-01T17:32:15.173], time zone[sun.util.calendar.ZoneInfo[id=&quot;PST&quot;,offset=-28800000,dstSavings=3600000,useDaylight=true,transitions=185,lastRule=java.util.SimpleTimeZone[id=PST,offset=-28800000,dstSavings=3600000,useDaylight=true,startYear=0,startMode=3,startMonth=2,startDay=8,startDayOfWeek=1,startTime=7200000,startTimeMode=0,endMode=3,endMonth=10,endDay=1,endDayOfWeek=1,endTime=7200000,endTimeMode=0]]]" classname="org.springframework.scheduling.support.CronTriggerTests" time="0.001"/>
  <testcase name="[2] localDateTime[2021-05-01T17:32:15.173], time zone[sun.util.calendar.ZoneInfo[id=&quot;CET&quot;,offset=3600000,dstSavings=3600000,useDaylight=true,transitions=137,lastRule=java.util.SimpleTimeZone[id=CET,offset=3600000,dstSavings=3600000,useDaylight=true,startYear=0,startMode=2,startMonth=2,startDay=-1,startDayOfWeek=1,startTime=7200000,startTimeMode=1,endMode=2,endMonth=9,endDay=-1,endDayOfWeek=1,endTime=7200000,endTimeMode=1]]]" classname="org.springframework.scheduling.support.CronTriggerTests" time="0.001"/>
  <testcase name="[1] localDateTime[2021-05-01T17:32:15.175], time zone[sun.util.calendar.ZoneInfo[id=&quot;PST&quot;,offset=-28800000,dstSavings=3600000,useDaylight=true,transitions=185,lastRule=java.util.SimpleTimeZone[id=PST,offset=-28800000,dstSavings=3600000,useDaylight=true,startYear=0,startMode=3,startMonth=2,startDay=8,startDayOfWeek=1,startTime=7200000,startTimeMode=0,endMode=3,endMonth=10,endDay=1,endDayOfWeek=1,endTime=7200000,endTimeMode=0]]]" classname="org.springframework.scheduling.support.CronTriggerTests" time="0.001"/>
  <testcase name="[2] localDateTime[2021-05-01T17:32:15.175], time zone[sun.util.calendar.ZoneInfo[id=&quot;CET&quot;,offset=3600000,dstSavings=3600000,useDaylight=true,transitions=137,lastRule=java.util.SimpleTimeZone[id=CET,offset=3600000,dstSavings=3600000,useDaylight=true,startYear=0,startMode=2,startMonth=2,startDay=-1,startDayOfWeek=1,startTime=7200000,startTimeMode=1,endMode=2,endMonth=9,endDay=-1,endDayOfWeek=1,endTime=7200000,endTimeMode=1]]]" classname="org.springframework.scheduling.support.CronTriggerTests" time="0.001"/>
  <testcase name="[1] localDateTime[2021-05-01T17:32:15.178], time zone[sun.util.calendar.ZoneInfo[id=&quot;PST&quot;,offset=-28800000,dstSavings=3600000,useDaylight=true,transitions=185,lastRule=java.util.SimpleTimeZone[id=PST,offset=-28800000,dstSavings=3600000,useDaylight=true,startYear=0,startMode=3,startMonth=2,startDay=8,startDayOfWeek=1,startTime=7200000,startTimeMode=0,endMode=3,endMonth=10,endDay=1,endDayOfWeek=1,endTime=7200000,endTimeMode=0]]]" classname="org.springframework.scheduling.support.CronTriggerTests" time="0.0"/>
  <testcase name="[2] localDateTime[2021-05-01T17:32:15.178], time zone[sun.util.calendar.ZoneInfo[id=&quot;CET&quot;,offset=3600000,dstSavings=3600000,useDaylight=true,transitions=137,lastRule=java.util.SimpleTimeZone[id=CET,offset=3600000,dstSavings=3600000,useDaylight=true,startYear=0,startMode=2,startMonth=2,startDay=-1,startDayOfWeek=1,startTime=7200000,startTimeMode=1,endMode=2,endMonth=9,endDay=-1,endDayOfWeek=1,endTime=7200000,endTimeMode=1]]]" classname="org.springframework.scheduling.support.CronTriggerTests" time="0.0"/>
  <testcase name="[1] localDateTime[2021-05-01T17:32:15.180], time zone[sun.util.calendar.ZoneInfo[id=&quot;PST&quot;,offset=-28800000,dstSavings=3600000,useDaylight=true,transitions=185,lastRule=java.util.SimpleTimeZone[id=PST,offset=-28800000,dstSavings=3600000,useDaylight=true,startYear=0,startMode=3,startMonth=2,startDay=8,startDayOfWeek=1,startTime=7200000,startTimeMode=0,endMode=3,endMonth=10,endDay=1,endDayOfWeek=1,endTime=7200000,endTimeMode=0]]]" classname="org.springframework.scheduling.support.CronTriggerTests" time="0.001"/>
  <testcase name="[2] localDateTime[2021-05-01T17:32:15.180], time zone[sun.util.calendar.ZoneInfo[id=&quot;CET&quot;,offset=3600000,dstSavings=3600000,useDaylight=true,transitions=137,lastRule=java.util.SimpleTimeZone[id=CET,offset=3600000,dstSavings=3600000,useDaylight=true,startYear=0,startMode=2,startMonth=2,startDay=-1,startDayOfWeek=1,startTime=7200000,startTimeMode=1,endMode=2,endMonth=9,endDay=-1,endDayOfWeek=1,endTime=7200000,endTimeMode=1]]]" classname="org.springframework.scheduling.support.CronTriggerTests" time="0.001"/>
  <testcase name="[1] localDateTime[2021-05-01T17:32:15.182], time zone[sun.util.calendar.ZoneInfo[id=&quot;PST&quot;,offset=-28800000,dstSavings=3600000,useDaylight=true,transitions=185,lastRule=java.util.SimpleTimeZone[id=PST,offset=-28800000,dstSavings=3600000,useDaylight=true,startYear=0,startMode=3,startMonth=2,startDay=8,startDayOfWeek=1,startTime=7200000,startTimeMode=0,endMode=3,endMonth=10,endDay=1,endDayOfWeek=1,endTime=7200000,endTimeMode=0]]]" classname="org.springframework.scheduling.support.CronTriggerTests" time="0.001"/>
  <testcase name="[2] localDateTime[2021-05-01T17:32:15.182], time zone[sun.util.calendar.ZoneInfo[id=&quot;CET&quot;,offset=3600000,dstSavings=3600000,useDaylight=true,transitions=137,lastRule=java.util.SimpleTimeZone[id=CET,offset=3600000,dstSavings=3600000,useDaylight=true,startYear=0,startMode=2,startMonth=2,startDay=-1,startDayOfWeek=1,startTime=7200000,startTimeMode=1,endMode=2,endMonth=9,endDay=-1,endDayOfWeek=1,endTime=7200000,endTimeMode=1]]]" classname="org.springframework.scheduling.support.CronTriggerTests" time="0.0"/>
  <testcase name="[1] localDateTime[2021-05-01T17:32:15.185], time zone[sun.util.calendar.ZoneInfo[id=&quot;PST&quot;,offset=-28800000,dstSavings=3600000,useDaylight=true,transitions=185,lastRule=java.util.SimpleTimeZone[id=PST,offset=-28800000,dstSavings=3600000,useDaylight=true,startYear=0,startMode=3,startMonth=2,startDay=8,startDayOfWeek=1,startTime=7200000,startTimeMode=0,endMode=3,endMonth=10,endDay=1,endDayOfWeek=1,endTime=7200000,endTimeMode=0]]]" classname="org.springframework.scheduling.support.CronTriggerTests" time="0.001"/>
  <testcase name="[2] localDateTime[2021-05-01T17:32:15.185], time zone[sun.util.calendar.ZoneInfo[id=&quot;CET&quot;,offset=3600000,dstSavings=3600000,useDaylight=true,transitions=137,lastRule=java.util.SimpleTimeZone[id=CET,offset=3600000,dstSavings=3600000,useDaylight=true,startYear=0,startMode=2,startMonth=2,startDay=-1,startDayOfWeek=1,startTime=7200000,startTimeMode=1,endMode=2,endMonth=9,endDay=-1,endDayOfWeek=1,endTime=7200000,endTimeMode=1]]]" classname="org.springframework.scheduling.support.CronTriggerTests" time="0.0"/>
  <testcase name="[1] localDateTime[2021-05-01T17:32:15.188], time zone[sun.util.calendar.ZoneInfo[id=&quot;PST&quot;,offset=-28800000,dstSavings=3600000,useDaylight=true,transitions=185,lastRule=java.util.SimpleTimeZone[id=PST,offset=-28800000,dstSavings=3600000,useDaylight=true,startYear=0,startMode=3,startMonth=2,startDay=8,startDayOfWeek=1,startTime=7200000,startTimeMode=0,endMode=3,endMonth=10,endDay=1,endDayOfWeek=1,endTime=7200000,endTimeMode=0]]]" classname="org.springframework.scheduling.support.CronTriggerTests" time="0.0"/>
  <testcase name="[2] localDateTime[2021-05-01T17:32:15.188], time zone[sun.util.calendar.ZoneInfo[id=&quot;CET&quot;,offset=3600000,dstSavings=3600000,useDaylight=true,transitions=137,lastRule=java.util.SimpleTimeZone[id=CET,offset=3600000,dstSavings=3600000,useDaylight=true,startYear=0,startMode=2,startMonth=2,startDay=-1,startDayOfWeek=1,startTime=7200000,startTimeMode=1,endMode=2,endMonth=9,endDay=-1,endDayOfWeek=1,endTime=7200000,endTimeMode=1]]]" classname="org.springframework.scheduling.support.CronTriggerTests" time="0.0"/>
  <testcase name="[1] localDateTime[2021-05-01T17:32:15.190], time zone[sun.util.calendar.ZoneInfo[id=&quot;PST&quot;,offset=-28800000,dstSavings=3600000,useDaylight=true,transitions=185,lastRule=java.util.SimpleTimeZone[id=PST,offset=-28800000,dstSavings=3600000,useDaylight=true,startYear=0,startMode=3,startMonth=2,startDay=8,startDayOfWeek=1,startTime=7200000,startTimeMode=0,endMode=3,endMonth=10,endDay=1,endDayOfWeek=1,endTime=7200000,endTimeMode=0]]]" classname="org.springframework.scheduling.support.CronTriggerTests" time="0.001"/>
  <testcase name="[2] localDateTime[2021-05-01T17:32:15.190], time zone[sun.util.calendar.ZoneInfo[id=&quot;CET&quot;,offset=3600000,dstSavings=3600000,useDaylight=true,transitions=137,lastRule=java.util.SimpleTimeZone[id=CET,offset=3600000,dstSavings=3600000,useDaylight=true,startYear=0,startMode=2,startMonth=2,startDay=-1,startDayOfWeek=1,startTime=7200000,startTimeMode=1,endMode=2,endMonth=9,endDay=-1,endDayOfWeek=1,endTime=7200000,endTimeMode=1]]]" classname="org.springframework.scheduling.support.CronTriggerTests" time="0.0"/>
  <testcase name="[1] localDateTime[2021-05-01T17:32:15.193], time zone[sun.util.calendar.ZoneInfo[id=&quot;PST&quot;,offset=-28800000,dstSavings=3600000,useDaylight=true,transitions=185,lastRule=java.util.SimpleTimeZone[id=PST,offset=-28800000,dstSavings=3600000,useDaylight=true,startYear=0,startMode=3,startMonth=2,startDay=8,startDayOfWeek=1,startTime=7200000,startTimeMode=0,endMode=3,endMonth=10,endDay=1,endDayOfWeek=1,endTime=7200000,endTimeMode=0]]]" classname="org.springframework.scheduling.support.CronTriggerTests" time="0.001"/>
  <testcase name="[2] localDateTime[2021-05-01T17:32:15.193], time zone[sun.util.calendar.ZoneInfo[id=&quot;CET&quot;,offset=3600000,dstSavings=3600000,useDaylight=true,transitions=137,lastRule=java.util.SimpleTimeZone[id=CET,offset=3600000,dstSavings=3600000,useDaylight=true,startYear=0,startMode=2,startMonth=2,startDay=-1,startDayOfWeek=1,startTime=7200000,startTimeMode=1,endMode=2,endMonth=9,endDay=-1,endDayOfWeek=1,endTime=7200000,endTimeMode=1]]]" classname="org.springframework.scheduling.support.CronTriggerTests" time="0.001"/>
  <testcase name="[1] localDateTime[2021-05-01T17:32:15.196], time zone[sun.util.calendar.ZoneInfo[id=&quot;PST&quot;,offset=-28800000,dstSavings=3600000,useDaylight=true,transitions=185,lastRule=java.util.SimpleTimeZone[id=PST,offset=-28800000,dstSavings=3600000,useDaylight=true,startYear=0,startMode=3,startMonth=2,startDay=8,startDayOfWeek=1,startTime=7200000,startTimeMode=0,endMode=3,endMonth=10,endDay=1,endDayOfWeek=1,endTime=7200000,endTimeMode=0]]]" classname="org.springframework.scheduling.support.CronTriggerTests" time="0.001"/>
  <testcase name="[2] localDateTime[2021-05-01T17:32:15.196], time zone[sun.util.calendar.ZoneInfo[id=&quot;CET&quot;,offset=3600000,dstSavings=3600000,useDaylight=true,transitions=137,lastRule=java.util.SimpleTimeZone[id=CET,offset=3600000,dstSavings=3600000,useDaylight=true,startYear=0,startMode=2,startMonth=2,startDay=-1,startDayOfWeek=1,startTime=7200000,startTimeMode=1,endMode=2,endMonth=9,endDay=-1,endDayOfWeek=1,endTime=7200000,endTimeMode=1]]]" classname="org.springframework.scheduling.support.CronTriggerTests" time="0.0"/>
  <testcase name="[1] localDateTime[2021-05-01T17:32:15.198], time zone[sun.util.calendar.ZoneInfo[id=&quot;PST&quot;,offset=-28800000,dstSavings=3600000,useDaylight=true,transitions=185,lastRule=java.util.SimpleTimeZone[id=PST,offset=-28800000,dstSavings=3600000,useDaylight=true,startYear=0,startMode=3,startMonth=2,startDay=8,startDayOfWeek=1,startTime=7200000,startTimeMode=0,endMode=3,endMonth=10,endDay=1,endDayOfWeek=1,endTime=7200000,endTimeMode=0]]]" classname="org.springframework.scheduling.support.CronTriggerTests" time="0.001"/>
  <testcase name="[2] localDateTime[2021-05-01T17:32:15.198], time zone[sun.util.calendar.ZoneInfo[id=&quot;CET&quot;,offset=3600000,dstSavings=3600000,useDaylight=true,transitions=137,lastRule=java.util.SimpleTimeZone[id=CET,offset=3600000,dstSavings=3600000,useDaylight=true,startYear=0,startMode=2,startMonth=2,startDay=-1,startDayOfWeek=1,startTime=7200000,startTimeMode=1,endMode=2,endMonth=9,endDay=-1,endDayOfWeek=1,endTime=7200000,endTimeMode=1]]]" classname="org.springframework.scheduling.support.CronTriggerTests" time="0.001"/>
  <testcase name="[1] localDateTime[2021-05-01T17:32:15.200], time zone[sun.util.calendar.ZoneInfo[id=&quot;PST&quot;,offset=-28800000,dstSavings=3600000,useDaylight=true,transitions=185,lastRule=java.util.SimpleTimeZone[id=PST,offset=-28800000,dstSavings=3600000,useDaylight=true,startYear=0,startMode=3,startMonth=2,startDay=8,startDayOfWeek=1,startTime=7200000,startTimeMode=0,endMode=3,endMonth=10,endDay=1,endDayOfWeek=1,endTime=7200000,endTimeMode=0]]]" classname="org.springframework.scheduling.support.CronTriggerTests" time="0.001"/>
  <testcase name="[2] localDateTime[2021-05-01T17:32:15.200], time zone[sun.util.calendar.ZoneInfo[id=&quot;CET&quot;,offset=3600000,dstSavings=3600000,useDaylight=true,transitions=137,lastRule=java.util.SimpleTimeZone[id=CET,offset=3600000,dstSavings=3600000,useDaylight=true,startYear=0,startMode=2,startMonth=2,startDay=-1,startDayOfWeek=1,startTime=7200000,startTimeMode=1,endMode=2,endMonth=9,endDay=-1,endDayOfWeek=1,endTime=7200000,endTimeMode=1]]]" classname="org.springframework.scheduling.support.CronTriggerTests" time="0.001"/>
  <testcase name="[1] localDateTime[2021-05-01T17:32:15.203], time zone[sun.util.calendar.ZoneInfo[id=&quot;PST&quot;,offset=-28800000,dstSavings=3600000,useDaylight=true,transitions=185,lastRule=java.util.SimpleTimeZone[id=PST,offset=-28800000,dstSavings=3600000,useDaylight=true,startYear=0,startMode=3,startMonth=2,startDay=8,startDayOfWeek=1,startTime=7200000,startTimeMode=0,endMode=3,endMonth=10,endDay=1,endDayOfWeek=1,endTime=7200000,endTimeMode=0]]]" classname="org.springframework.scheduling.support.CronTriggerTests" time="0.001"/>
  <testcase name="[2] localDateTime[2021-05-01T17:32:15.203], time zone[sun.util.calendar.ZoneInfo[id=&quot;CET&quot;,offset=3600000,dstSavings=3600000,useDaylight=true,transitions=137,lastRule=java.util.SimpleTimeZone[id=CET,offset=3600000,dstSavings=3600000,useDaylight=true,startYear=0,startMode=2,startMonth=2,startDay=-1,startDayOfWeek=1,startTime=7200000,startTimeMode=1,endMode=2,endMonth=9,endDay=-1,endDayOfWeek=1,endTime=7200000,endTimeMode=1]]]" classname="org.springframework.scheduling.support.CronTriggerTests" time="0.0"/>
  <testcase name="[1] localDateTime[2021-05-01T17:32:15.205], time zone[sun.util.calendar.ZoneInfo[id=&quot;PST&quot;,offset=-28800000,dstSavings=3600000,useDaylight=true,transitions=185,lastRule=java.util.SimpleTimeZone[id=PST,offset=-28800000,dstSavings=3600000,useDaylight=true,startYear=0,startMode=3,startMonth=2,startDay=8,startDayOfWeek=1,startTime=7200000,startTimeMode=0,endMode=3,endMonth=10,endDay=1,endDayOfWeek=1,endTime=7200000,endTimeMode=0]]]" classname="org.springframework.scheduling.support.CronTriggerTests" time="0.0"/>
  <testcase name="[2] localDateTime[2021-05-01T17:32:15.205], time zone[sun.util.calendar.ZoneInfo[id=&quot;CET&quot;,offset=3600000,dstSavings=3600000,useDaylight=true,transitions=137,lastRule=java.util.SimpleTimeZone[id=CET,offset=3600000,dstSavings=3600000,useDaylight=true,startYear=0,startMode=2,startMonth=2,startDay=-1,startDayOfWeek=1,startTime=7200000,startTimeMode=1,endMode=2,endMonth=9,endDay=-1,endDayOfWeek=1,endTime=7200000,endTimeMode=1]]]" classname="org.springframework.scheduling.support.CronTriggerTests" time="0.0"/>
  <testcase name="[1] localDateTime[2021-05-01T17:32:15.207], time zone[sun.util.calendar.ZoneInfo[id=&quot;PST&quot;,offset=-28800000,dstSavings=3600000,useDaylight=true,transitions=185,lastRule=java.util.SimpleTimeZone[id=PST,offset=-28800000,dstSavings=3600000,useDaylight=true,startYear=0,startMode=3,startMonth=2,startDay=8,startDayOfWeek=1,startTime=7200000,startTimeMode=0,endMode=3,endMonth=10,endDay=1,endDayOfWeek=1,endTime=7200000,endTimeMode=0]]]" classname="org.springframework.scheduling.support.CronTriggerTests" time="0.0"/>
  <testcase name="[2] localDateTime[2021-05-01T17:32:15.207], time zone[sun.util.calendar.ZoneInfo[id=&quot;CET&quot;,offset=3600000,dstSavings=3600000,useDaylight=true,transitions=137,lastRule=java.util.SimpleTimeZone[id=CET,offset=3600000,dstSavings=3600000,useDaylight=true,startYear=0,startMode=2,startMonth=2,startDay=-1,startDayOfWeek=1,startTime=7200000,startTimeMode=1,endMode=2,endMonth=9,endDay=-1,endDayOfWeek=1,endTime=7200000,endTimeMode=1]]]" classname="org.springframework.scheduling.support.CronTriggerTests" time="0.0"/>
  <testcase name="[1] localDateTime[2021-05-01T17:32:15.209], time zone[sun.util.calendar.ZoneInfo[id=&quot;PST&quot;,offset=-28800000,dstSavings=3600000,useDaylight=true,transitions=185,lastRule=java.util.SimpleTimeZone[id=PST,offset=-28800000,dstSavings=3600000,useDaylight=true,startYear=0,startMode=3,startMonth=2,startDay=8,startDayOfWeek=1,startTime=7200000,startTimeMode=0,endMode=3,endMonth=10,endDay=1,endDayOfWeek=1,endTime=7200000,endTimeMode=0]]]" classname="org.springframework.scheduling.support.CronTriggerTests" time="0.0"/>
  <testcase name="[2] localDateTime[2021-05-01T17:32:15.209], time zone[sun.util.calendar.ZoneInfo[id=&quot;CET&quot;,offset=3600000,dstSavings=3600000,useDaylight=true,transitions=137,lastRule=java.util.SimpleTimeZone[id=CET,offset=3600000,dstSavings=3600000,useDaylight=true,startYear=0,startMode=2,startMonth=2,startDay=-1,startDayOfWeek=1,startTime=7200000,startTimeMode=1,endMode=2,endMonth=9,endDay=-1,endDayOfWeek=1,endTime=7200000,endTimeMode=1]]]" classname="org.springframework.scheduling.support.CronTriggerTests" time="0.0"/>
  <testcase name="[1] localDateTime[2021-05-01T17:32:15.211], time zone[sun.util.calendar.ZoneInfo[id=&quot;PST&quot;,offset=-28800000,dstSavings=3600000,useDaylight=true,transitions=185,lastRule=java.util.SimpleTimeZone[id=PST,offset=-28800000,dstSavings=3600000,useDaylight=true,startYear=0,startMode=3,startMonth=2,startDay=8,startDayOfWeek=1,startTime=7200000,startTimeMode=0,endMode=3,endMonth=10,endDay=1,endDayOfWeek=1,endTime=7200000,endTimeMode=0]]]" classname="org.springframework.scheduling.support.CronTriggerTests" time="0.0"/>
  <testcase name="[2] localDateTime[2021-05-01T17:32:15.211], time zone[sun.util.calendar.ZoneInfo[id=&quot;CET&quot;,offset=3600000,dstSavings=3600000,useDaylight=true,transitions=137,lastRule=java.util.SimpleTimeZone[id=CET,offset=3600000,dstSavings=3600000,useDaylight=true,startYear=0,startMode=2,startMonth=2,startDay=-1,startDayOfWeek=1,startTime=7200000,startTimeMode=1,endMode=2,endMonth=9,endDay=-1,endDayOfWeek=1,endTime=7200000,endTimeMode=1]]]" classname="org.springframework.scheduling.support.CronTriggerTests" time="0.0"/>
  <testcase name="[1] localDateTime[2021-05-01T17:32:15.213], time zone[sun.util.calendar.ZoneInfo[id=&quot;PST&quot;,offset=-28800000,dstSavings=3600000,useDaylight=true,transitions=185,lastRule=java.util.SimpleTimeZone[id=PST,offset=-28800000,dstSavings=3600000,useDaylight=true,startYear=0,startMode=3,startMonth=2,startDay=8,startDayOfWeek=1,startTime=7200000,startTimeMode=0,endMode=3,endMonth=10,endDay=1,endDayOfWeek=1,endTime=7200000,endTimeMode=0]]]" classname="org.springframework.scheduling.support.CronTriggerTests" time="0.0"/>
  <testcase name="[2] localDateTime[2021-05-01T17:32:15.213], time zone[sun.util.calendar.ZoneInfo[id=&quot;CET&quot;,offset=3600000,dstSavings=3600000,useDaylight=true,transitions=137,lastRule=java.util.SimpleTimeZone[id=CET,offset=3600000,dstSavings=3600000,useDaylight=true,startYear=0,startMode=2,startMonth=2,startDay=-1,startDayOfWeek=1,startTime=7200000,startTimeMode=1,endMode=2,endMonth=9,endDay=-1,endDayOfWeek=1,endTime=7200000,endTimeMode=1]]]" classname="org.springframework.scheduling.support.CronTriggerTests" time="0.0"/>
  <testcase name="[1] localDateTime[2021-05-01T17:32:15.215], time zone[sun.util.calendar.ZoneInfo[id=&quot;PST&quot;,offset=-28800000,dstSavings=3600000,useDaylight=true,transitions=185,lastRule=java.util.SimpleTimeZone[id=PST,offset=-28800000,dstSavings=3600000,useDaylight=true,startYear=0,startMode=3,startMonth=2,startDay=8,startDayOfWeek=1,startTime=7200000,startTimeMode=0,endMode=3,endMonth=10,endDay=1,endDayOfWeek=1,endTime=7200000,endTimeMode=0]]]" classname="org.springframework.scheduling.support.CronTriggerTests" time="0.001"/>
  <testcase name="[2] localDateTime[2021-05-01T17:32:15.215], time zone[sun.util.calendar.ZoneInfo[id=&quot;CET&quot;,offset=3600000,dstSavings=3600000,useDaylight=true,transitions=137,lastRule=java.util.SimpleTimeZone[id=CET,offset=3600000,dstSavings=3600000,useDaylight=true,startYear=0,startMode=2,startMonth=2,startDay=-1,startDayOfWeek=1,startTime=7200000,startTimeMode=1,endMode=2,endMonth=9,endDay=-1,endDayOfWeek=1,endTime=7200000,endTimeMode=1]]]" classname="org.springframework.scheduling.support.CronTriggerTests" time="0.001"/>
  <testcase name="[1] localDateTime[2021-05-01T17:32:15.219], time zone[sun.util.calendar.ZoneInfo[id=&quot;PST&quot;,offset=-28800000,dstSavings=3600000,useDaylight=true,transitions=185,lastRule=java.util.SimpleTimeZone[id=PST,offset=-28800000,dstSavings=3600000,useDaylight=true,startYear=0,startMode=3,startMonth=2,startDay=8,startDayOfWeek=1,startTime=7200000,startTimeMode=0,endMode=3,endMonth=10,endDay=1,endDayOfWeek=1,endTime=7200000,endTimeMode=0]]]" classname="org.springframework.scheduling.support.CronTriggerTests" time="0.001"/>
  <testcase name="[2] localDateTime[2021-05-01T17:32:15.219], time zone[sun.util.calendar.ZoneInfo[id=&quot;CET&quot;,offset=3600000,dstSavings=3600000,useDaylight=true,transitions=137,lastRule=java.util.SimpleTimeZone[id=CET,offset=3600000,dstSavings=3600000,useDaylight=true,startYear=0,startMode=2,startMonth=2,startDay=-1,startDayOfWeek=1,startTime=7200000,startTimeMode=1,endMode=2,endMonth=9,endDay=-1,endDayOfWeek=1,endTime=7200000,endTimeMode=1]]]" classname="org.springframework.scheduling.support.CronTriggerTests" time="0.001"/>
  <testcase name="[1] localDateTime[2021-05-01T17:32:15.222], time zone[sun.util.calendar.ZoneInfo[id=&quot;PST&quot;,offset=-28800000,dstSavings=3600000,useDaylight=true,transitions=185,lastRule=java.util.SimpleTimeZone[id=PST,offset=-28800000,dstSavings=3600000,useDaylight=true,startYear=0,startMode=3,startMonth=2,startDay=8,startDayOfWeek=1,startTime=7200000,startTimeMode=0,endMode=3,endMonth=10,endDay=1,endDayOfWeek=1,endTime=7200000,endTimeMode=0]]]" classname="org.springframework.scheduling.support.CronTriggerTests" time="0.014"/>
  <testcase name="[2] localDateTime[2021-05-01T17:32:15.222], time zone[sun.util.calendar.ZoneInfo[id=&quot;CET&quot;,offset=3600000,dstSavings=3600000,useDaylight=true,transitions=137,lastRule=java.util.SimpleTimeZone[id=CET,offset=3600000,dstSavings=3600000,useDaylight=true,startYear=0,startMode=2,startMonth=2,startDay=-1,startDayOfWeek=1,startTime=7200000,startTimeMode=1,endMode=2,endMonth=9,endDay=-1,endDayOfWeek=1,endTime=7200000,endTimeMode=1]]]" classname="org.springframework.scheduling.support.CronTriggerTests" time="0.012"/>
  <testcase name="[1] localDateTime[2021-05-01T17:32:15.250], time zone[sun.util.calendar.ZoneInfo[id=&quot;PST&quot;,offset=-28800000,dstSavings=3600000,useDaylight=true,transitions=185,lastRule=java.util.SimpleTimeZone[id=PST,offset=-28800000,dstSavings=3600000,useDaylight=true,startYear=0,startMode=3,startMonth=2,startDay=8,startDayOfWeek=1,startTime=7200000,startTimeMode=0,endMode=3,endMonth=10,endDay=1,endDayOfWeek=1,endTime=7200000,endTimeMode=0]]]" classname="org.springframework.scheduling.support.CronTriggerTests" time="0.001"/>
  <testcase name="[2] localDateTime[2021-05-01T17:32:15.250], time zone[sun.util.calendar.ZoneInfo[id=&quot;CET&quot;,offset=3600000,dstSavings=3600000,useDaylight=true,transitions=137,lastRule=java.util.SimpleTimeZone[id=CET,offset=3600000,dstSavings=3600000,useDaylight=true,startYear=0,startMode=2,startMonth=2,startDay=-1,startDayOfWeek=1,startTime=7200000,startTimeMode=1,endMode=2,endMonth=9,endDay=-1,endDayOfWeek=1,endTime=7200000,endTimeMode=1]]]" classname="org.springframework.scheduling.support.CronTriggerTests" time="0.001"/>
  <testcase name="[1] localDateTime[2021-05-01T17:32:15.253], time zone[sun.util.calendar.ZoneInfo[id=&quot;PST&quot;,offset=-28800000,dstSavings=3600000,useDaylight=true,transitions=185,lastRule=java.util.SimpleTimeZone[id=PST,offset=-28800000,dstSavings=3600000,useDaylight=true,startYear=0,startMode=3,startMonth=2,startDay=8,startDayOfWeek=1,startTime=7200000,startTimeMode=0,endMode=3,endMonth=10,endDay=1,endDayOfWeek=1,endTime=7200000,endTimeMode=0]]]" classname="org.springframework.scheduling.support.CronTriggerTests" time="0.0"/>
  <testcase name="[2] localDateTime[2021-05-01T17:32:15.253], time zone[sun.util.calendar.ZoneInfo[id=&quot;CET&quot;,offset=3600000,dstSavings=3600000,useDaylight=true,transitions=137,lastRule=java.util.SimpleTimeZone[id=CET,offset=3600000,dstSavings=3600000,useDaylight=true,startYear=0,startMode=2,startMonth=2,startDay=-1,startDayOfWeek=1,startTime=7200000,startTimeMode=1,endMode=2,endMonth=9,endDay=-1,endDayOfWeek=1,endTime=7200000,endTimeMode=1]]]" classname="org.springframework.scheduling.support.CronTriggerTests" time="0.001"/>
  <testcase name="[1] localDateTime[2021-05-01T17:32:15.255], time zone[sun.util.calendar.ZoneInfo[id=&quot;PST&quot;,offset=-28800000,dstSavings=3600000,useDaylight=true,transitions=185,lastRule=java.util.SimpleTimeZone[id=PST,offset=-28800000,dstSavings=3600000,useDaylight=true,startYear=0,startMode=3,startMonth=2,startDay=8,startDayOfWeek=1,startTime=7200000,startTimeMode=0,endMode=3,endMonth=10,endDay=1,endDayOfWeek=1,endTime=7200000,endTimeMode=0]]]" classname="org.springframework.scheduling.support.CronTriggerTests" time="0.0"/>
  <testcase name="[2] localDateTime[2021-05-01T17:32:15.256], time zone[sun.util.calendar.ZoneInfo[id=&quot;CET&quot;,offset=3600000,dstSavings=3600000,useDaylight=true,transitions=137,lastRule=java.util.SimpleTimeZone[id=CET,offset=3600000,dstSavings=3600000,useDaylight=true,startYear=0,startMode=2,startMonth=2,startDay=-1,startDayOfWeek=1,startTime=7200000,startTimeMode=1,endMode=2,endMonth=9,endDay=-1,endDayOfWeek=1,endTime=7200000,endTimeMode=1]]]" classname="org.springframework.scheduling.support.CronTriggerTests" time="0.0"/>
  <testcase name="[1] localDateTime[2021-05-01T17:32:15.258], time zone[sun.util.calendar.ZoneInfo[id=&quot;PST&quot;,offset=-28800000,dstSavings=3600000,useDaylight=true,transitions=185,lastRule=java.util.SimpleTimeZone[id=PST,offset=-28800000,dstSavings=3600000,useDaylight=true,startYear=0,startMode=3,startMonth=2,startDay=8,startDayOfWeek=1,startTime=7200000,startTimeMode=0,endMode=3,endMonth=10,endDay=1,endDayOfWeek=1,endTime=7200000,endTimeMode=0]]]" classname="org.springframework.scheduling.support.CronTriggerTests" time="0.001"/>
  <testcase name="[2] localDateTime[2021-05-01T17:32:15.258], time zone[sun.util.calendar.ZoneInfo[id=&quot;CET&quot;,offset=3600000,dstSavings=3600000,useDaylight=true,transitions=137,lastRule=java.util.SimpleTimeZone[id=CET,offset=3600000,dstSavings=3600000,useDaylight=true,startYear=0,startMode=2,startMonth=2,startDay=-1,startDayOfWeek=1,startTime=7200000,startTimeMode=1,endMode=2,endMonth=9,endDay=-1,endDayOfWeek=1,endTime=7200000,endTimeMode=1]]]" classname="org.springframework.scheduling.support.CronTriggerTests" time="0.0"/>
  <testcase name="[1] localDateTime[2021-05-01T17:32:15.261], time zone[sun.util.calendar.ZoneInfo[id=&quot;PST&quot;,offset=-28800000,dstSavings=3600000,useDaylight=true,transitions=185,lastRule=java.util.SimpleTimeZone[id=PST,offset=-28800000,dstSavings=3600000,useDaylight=true,startYear=0,startMode=3,startMonth=2,startDay=8,startDayOfWeek=1,startTime=7200000,startTimeMode=0,endMode=3,endMonth=10,endDay=1,endDayOfWeek=1,endTime=7200000,endTimeMode=0]]]" classname="org.springframework.scheduling.support.CronTriggerTests" time="0.0"/>
  <testcase name="[2] localDateTime[2021-05-01T17:32:15.261], time zone[sun.util.calendar.ZoneInfo[id=&quot;CET&quot;,offset=3600000,dstSavings=3600000,useDaylight=true,transitions=137,lastRule=java.util.SimpleTimeZone[id=CET,offset=3600000,dstSavings=3600000,useDaylight=true,startYear=0,startMode=2,startMonth=2,startDay=-1,startDayOfWeek=1,startTime=7200000,startTimeMode=1,endMode=2,endMonth=9,endDay=-1,endDayOfWeek=1,endTime=7200000,endTimeMode=1]]]" classname="org.springframework.scheduling.support.CronTriggerTests" time="0.0"/>
  <testcase name="[1] localDateTime[2021-05-01T17:32:15.264], time zone[sun.util.calendar.ZoneInfo[id=&quot;PST&quot;,offset=-28800000,dstSavings=3600000,useDaylight=true,transitions=185,lastRule=java.util.SimpleTimeZone[id=PST,offset=-28800000,dstSavings=3600000,useDaylight=true,startYear=0,startMode=3,startMonth=2,startDay=8,startDayOfWeek=1,startTime=7200000,startTimeMode=0,endMode=3,endMonth=10,endDay=1,endDayOfWeek=1,endTime=7200000,endTimeMode=0]]]" classname="org.springframework.scheduling.support.CronTriggerTests" time="0.001"/>
  <testcase name="[2] localDateTime[2021-05-01T17:32:15.264], time zone[sun.util.calendar.ZoneInfo[id=&quot;CET&quot;,offset=3600000,dstSavings=3600000,useDaylight=true,transitions=137,lastRule=java.util.SimpleTimeZone[id=CET,offset=3600000,dstSavings=3600000,useDaylight=true,startYear=0,startMode=2,startMonth=2,startDay=-1,startDayOfWeek=1,startTime=7200000,startTimeMode=1,endMode=2,endMonth=9,endDay=-1,endDayOfWeek=1,endTime=7200000,endTimeMode=1]]]" classname="org.springframework.scheduling.support.CronTriggerTests" time="0.001"/>
  <testcase name="[1] localDateTime[2021-05-01T17:32:15.267], time zone[sun.util.calendar.ZoneInfo[id=&quot;PST&quot;,offset=-28800000,dstSavings=3600000,useDaylight=true,transitions=185,lastRule=java.util.SimpleTimeZone[id=PST,offset=-28800000,dstSavings=3600000,useDaylight=true,startYear=0,startMode=3,startMonth=2,startDay=8,startDayOfWeek=1,startTime=7200000,startTimeMode=0,endMode=3,endMonth=10,endDay=1,endDayOfWeek=1,endTime=7200000,endTimeMode=0]]]" classname="org.springframework.scheduling.support.CronTriggerTests" time="0.001"/>
  <testcase name="[2] localDateTime[2021-05-01T17:32:15.267], time zone[sun.util.calendar.ZoneInfo[id=&quot;CET&quot;,offset=3600000,dstSavings=3600000,useDaylight=true,transitions=137,lastRule=java.util.SimpleTimeZone[id=CET,offset=3600000,dstSavings=3600000,useDaylight=true,startYear=0,startMode=2,startMonth=2,startDay=-1,startDayOfWeek=1,startTime=7200000,startTimeMode=1,endMode=2,endMonth=9,endDay=-1,endDayOfWeek=1,endTime=7200000,endTimeMode=1]]]" classname="org.springframework.scheduling.support.CronTriggerTests" time="0.001"/>
  <testcase name="[1] localDateTime[2021-05-01T17:32:15.270], time zone[sun.util.calendar.ZoneInfo[id=&quot;PST&quot;,offset=-28800000,dstSavings=3600000,useDaylight=true,transitions=185,lastRule=java.util.SimpleTimeZone[id=PST,offset=-28800000,dstSavings=3600000,useDaylight=true,startYear=0,startMode=3,startMonth=2,startDay=8,startDayOfWeek=1,startTime=7200000,startTimeMode=0,endMode=3,endMonth=10,endDay=1,endDayOfWeek=1,endTime=7200000,endTimeMode=0]]]" classname="org.springframework.scheduling.support.CronTriggerTests" time="0.0"/>
  <testcase name="[2] localDateTime[2021-05-01T17:32:15.270], time zone[sun.util.calendar.ZoneInfo[id=&quot;CET&quot;,offset=3600000,dstSavings=3600000,useDaylight=true,transitions=137,lastRule=java.util.SimpleTimeZone[id=CET,offset=3600000,dstSavings=3600000,useDaylight=true,startYear=0,startMode=2,startMonth=2,startDay=-1,startDayOfWeek=1,startTime=7200000,startTimeMode=1,endMode=2,endMonth=9,endDay=-1,endDayOfWeek=1,endTime=7200000,endTimeMode=1]]]" classname="org.springframework.scheduling.support.CronTriggerTests" time="0.001"/>
  <testcase name="[1] localDateTime[2021-05-01T17:32:15.273], time zone[sun.util.calendar.ZoneInfo[id=&quot;PST&quot;,offset=-28800000,dstSavings=3600000,useDaylight=true,transitions=185,lastRule=java.util.SimpleTimeZone[id=PST,offset=-28800000,dstSavings=3600000,useDaylight=true,startYear=0,startMode=3,startMonth=2,startDay=8,startDayOfWeek=1,startTime=7200000,startTimeMode=0,endMode=3,endMonth=10,endDay=1,endDayOfWeek=1,endTime=7200000,endTimeMode=0]]]" classname="org.springframework.scheduling.support.CronTriggerTests" time="0.0"/>
  <testcase name="[2] localDateTime[2021-05-01T17:32:15.273], time zone[sun.util.calendar.ZoneInfo[id=&quot;CET&quot;,offset=3600000,dstSavings=3600000,useDaylight=true,transitions=137,lastRule=java.util.SimpleTimeZone[id=CET,offset=3600000,dstSavings=3600000,useDaylight=true,startYear=0,startMode=2,startMonth=2,startDay=-1,startDayOfWeek=1,startTime=7200000,startTimeMode=1,endMode=2,endMonth=9,endDay=-1,endDayOfWeek=1,endTime=7200000,endTimeMode=1]]]" classname="org.springframework.scheduling.support.CronTriggerTests" time="0.0"/>
  <testcase name="[1] localDateTime[2021-05-01T17:32:15.276], time zone[sun.util.calendar.ZoneInfo[id=&quot;PST&quot;,offset=-28800000,dstSavings=3600000,useDaylight=true,transitions=185,lastRule=java.util.SimpleTimeZone[id=PST,offset=-28800000,dstSavings=3600000,useDaylight=true,startYear=0,startMode=3,startMonth=2,startDay=8,startDayOfWeek=1,startTime=7200000,startTimeMode=0,endMode=3,endMonth=10,endDay=1,endDayOfWeek=1,endTime=7200000,endTimeMode=0]]]" classname="org.springframework.scheduling.support.CronTriggerTests" time="0.001"/>
  <testcase name="[2] localDateTime[2021-05-01T17:32:15.276], time zone[sun.util.calendar.ZoneInfo[id=&quot;CET&quot;,offset=3600000,dstSavings=3600000,useDaylight=true,transitions=137,lastRule=java.util.SimpleTimeZone[id=CET,offset=3600000,dstSavings=3600000,useDaylight=true,startYear=0,startMode=2,startMonth=2,startDay=-1,startDayOfWeek=1,startTime=7200000,startTimeMode=1,endMode=2,endMonth=9,endDay=-1,endDayOfWeek=1,endTime=7200000,endTimeMode=1]]]" classname="org.springframework.scheduling.support.CronTriggerTests" time="0.001"/>
  <testcase name="[1] localDateTime[2021-05-01T17:32:15.278], time zone[sun.util.calendar.ZoneInfo[id=&quot;PST&quot;,offset=-28800000,dstSavings=3600000,useDaylight=true,transitions=185,lastRule=java.util.SimpleTimeZone[id=PST,offset=-28800000,dstSavings=3600000,useDaylight=true,startYear=0,startMode=3,startMonth=2,startDay=8,startDayOfWeek=1,startTime=7200000,startTimeMode=0,endMode=3,endMonth=10,endDay=1,endDayOfWeek=1,endTime=7200000,endTimeMode=0]]]" classname="org.springframework.scheduling.support.CronTriggerTests" time="0.0"/>
  <testcase name="[2] localDateTime[2021-05-01T17:32:15.279], time zone[sun.util.calendar.ZoneInfo[id=&quot;CET&quot;,offset=3600000,dstSavings=3600000,useDaylight=true,transitions=137,lastRule=java.util.SimpleTimeZone[id=CET,offset=3600000,dstSavings=3600000,useDaylight=true,startYear=0,startMode=2,startMonth=2,startDay=-1,startDayOfWeek=1,startTime=7200000,startTimeMode=1,endMode=2,endMonth=9,endDay=-1,endDayOfWeek=1,endTime=7200000,endTimeMode=1]]]" classname="org.springframework.scheduling.support.CronTriggerTests" time="0.0"/>
  <testcase name="[1] localDateTime[2021-05-01T17:32:15.281], time zone[sun.util.calendar.ZoneInfo[id=&quot;PST&quot;,offset=-28800000,dstSavings=3600000,useDaylight=true,transitions=185,lastRule=java.util.SimpleTimeZone[id=PST,offset=-28800000,dstSavings=3600000,useDaylight=true,startYear=0,startMode=3,startMonth=2,startDay=8,startDayOfWeek=1,startTime=7200000,startTimeMode=0,endMode=3,endMonth=10,endDay=1,endDayOfWeek=1,endTime=7200000,endTimeMode=0]]]" classname="org.springframework.scheduling.support.CronTriggerTests" time="0.0"/>
  <testcase name="[2] localDateTime[2021-05-01T17:32:15.281], time zone[sun.util.calendar.ZoneInfo[id=&quot;CET&quot;,offset=3600000,dstSavings=3600000,useDaylight=true,transitions=137,lastRule=java.util.SimpleTimeZone[id=CET,offset=3600000,dstSavings=3600000,useDaylight=true,startYear=0,startMode=2,startMonth=2,startDay=-1,startDayOfWeek=1,startTime=7200000,startTimeMode=1,endMode=2,endMonth=9,endDay=-1,endDayOfWeek=1,endTime=7200000,endTimeMode=1]]]" classname="org.springframework.scheduling.support.CronTriggerTests" time="0.0"/>
  <testcase name="[1] localDateTime[2021-05-01T17:32:15.284], time zone[sun.util.calendar.ZoneInfo[id=&quot;PST&quot;,offset=-28800000,dstSavings=3600000,useDaylight=true,transitions=185,lastRule=java.util.SimpleTimeZone[id=PST,offset=-28800000,dstSavings=3600000,useDaylight=true,startYear=0,startMode=3,startMonth=2,startDay=8,startDayOfWeek=1,startTime=7200000,startTimeMode=0,endMode=3,endMonth=10,endDay=1,endDayOfWeek=1,endTime=7200000,endTimeMode=0]]]" classname="org.springframework.scheduling.support.CronTriggerTests" time="0.001"/>
  <testcase name="[2] localDateTime[2021-05-01T17:32:15.284], time zone[sun.util.calendar.ZoneInfo[id=&quot;CET&quot;,offset=3600000,dstSavings=3600000,useDaylight=true,transitions=137,lastRule=java.util.SimpleTimeZone[id=CET,offset=3600000,dstSavings=3600000,useDaylight=true,startYear=0,startMode=2,startMonth=2,startDay=-1,startDayOfWeek=1,startTime=7200000,startTimeMode=1,endMode=2,endMonth=9,endDay=-1,endDayOfWeek=1,endTime=7200000,endTimeMode=1]]]" classname="org.springframework.scheduling.support.CronTriggerTests" time="0.0"/>
  <testcase name="[1] localDateTime[2021-05-01T17:32:15.286], time zone[sun.util.calendar.ZoneInfo[id=&quot;PST&quot;,offset=-28800000,dstSavings=3600000,useDaylight=true,transitions=185,lastRule=java.util.SimpleTimeZone[id=PST,offset=-28800000,dstSavings=3600000,useDaylight=true,startYear=0,startMode=3,startMonth=2,startDay=8,startDayOfWeek=1,startTime=7200000,startTimeMode=0,endMode=3,endMonth=10,endDay=1,endDayOfWeek=1,endTime=7200000,endTimeMode=0]]]" classname="org.springframework.scheduling.support.CronTriggerTests" time="0.001"/>
  <testcase name="[2] localDateTime[2021-05-01T17:32:15.286], time zone[sun.util.calendar.ZoneInfo[id=&quot;CET&quot;,offset=3600000,dstSavings=3600000,useDaylight=true,transitions=137,lastRule=java.util.SimpleTimeZone[id=CET,offset=3600000,dstSavings=3600000,useDaylight=true,startYear=0,startMode=2,startMonth=2,startDay=-1,startDayOfWeek=1,startTime=7200000,startTimeMode=1,endMode=2,endMonth=9,endDay=-1,endDayOfWeek=1,endTime=7200000,endTimeMode=1]]]" classname="org.springframework.scheduling.support.CronTriggerTests" time="0.0"/>
  <testcase name="[1] localDateTime[2021-05-01T17:32:15.288], time zone[sun.util.calendar.ZoneInfo[id=&quot;PST&quot;,offset=-28800000,dstSavings=3600000,useDaylight=true,transitions=185,lastRule=java.util.SimpleTimeZone[id=PST,offset=-28800000,dstSavings=3600000,useDaylight=true,startYear=0,startMode=3,startMonth=2,startDay=8,startDayOfWeek=1,startTime=7200000,startTimeMode=0,endMode=3,endMonth=10,endDay=1,endDayOfWeek=1,endTime=7200000,endTimeMode=0]]]" classname="org.springframework.scheduling.support.CronTriggerTests" time="0.001"/>
  <testcase name="[2] localDateTime[2021-05-01T17:32:15.288], time zone[sun.util.calendar.ZoneInfo[id=&quot;CET&quot;,offset=3600000,dstSavings=3600000,useDaylight=true,transitions=137,lastRule=java.util.SimpleTimeZone[id=CET,offset=3600000,dstSavings=3600000,useDaylight=true,startYear=0,startMode=2,startMonth=2,startDay=-1,startDayOfWeek=1,startTime=7200000,startTimeMode=1,endMode=2,endMonth=9,endDay=-1,endDayOfWeek=1,endTime=7200000,endTimeMode=1]]]" classname="org.springframework.scheduling.support.CronTriggerTests" time="0.001"/>
  <testcase name="[1] localDateTime[2021-05-01T17:32:15.290], time zone[sun.util.calendar.ZoneInfo[id=&quot;PST&quot;,offset=-28800000,dstSavings=3600000,useDaylight=true,transitions=185,lastRule=java.util.SimpleTimeZone[id=PST,offset=-28800000,dstSavings=3600000,useDaylight=true,startYear=0,startMode=3,startMonth=2,startDay=8,startDayOfWeek=1,startTime=7200000,startTimeMode=0,endMode=3,endMonth=10,endDay=1,endDayOfWeek=1,endTime=7200000,endTimeMode=0]]]" classname="org.springframework.scheduling.support.CronTriggerTests" time="0.001"/>
  <testcase name="[2] localDateTime[2021-05-01T17:32:15.290], time zone[sun.util.calendar.ZoneInfo[id=&quot;CET&quot;,offset=3600000,dstSavings=3600000,useDaylight=true,transitions=137,lastRule=java.util.SimpleTimeZone[id=CET,offset=3600000,dstSavings=3600000,useDaylight=true,startYear=0,startMode=2,startMonth=2,startDay=-1,startDayOfWeek=1,startTime=7200000,startTimeMode=1,endMode=2,endMonth=9,endDay=-1,endDayOfWeek=1,endTime=7200000,endTimeMode=1]]]" classname="org.springframework.scheduling.support.CronTriggerTests" time="0.0"/>
  <testcase name="[1] localDateTime[2021-05-01T17:32:15.292], time zone[sun.util.calendar.ZoneInfo[id=&quot;PST&quot;,offset=-28800000,dstSavings=3600000,useDaylight=true,transitions=185,lastRule=java.util.SimpleTimeZone[id=PST,offset=-28800000,dstSavings=3600000,useDaylight=true,startYear=0,startMode=3,startMonth=2,startDay=8,startDayOfWeek=1,startTime=7200000,startTimeMode=0,endMode=3,endMonth=10,endDay=1,endDayOfWeek=1,endTime=7200000,endTimeMode=0]]]" classname="org.springframework.scheduling.support.CronTriggerTests" time="0.001"/>
  <testcase name="[2] localDateTime[2021-05-01T17:32:15.292], time zone[sun.util.calendar.ZoneInfo[id=&quot;CET&quot;,offset=3600000,dstSavings=3600000,useDaylight=true,transitions=137,lastRule=java.util.SimpleTimeZone[id=CET,offset=3600000,dstSavings=3600000,useDaylight=true,startYear=0,startMode=2,startMonth=2,startDay=-1,startDayOfWeek=1,startTime=7200000,startTimeMode=1,endMode=2,endMonth=9,endDay=-1,endDayOfWeek=1,endTime=7200000,endTimeMode=1]]]" classname="org.springframework.scheduling.support.CronTriggerTests" time="0.001"/>
  <testcase name="[1] localDateTime[2021-05-01T17:32:15.295], time zone[sun.util.calendar.ZoneInfo[id=&quot;PST&quot;,offset=-28800000,dstSavings=3600000,useDaylight=true,transitions=185,lastRule=java.util.SimpleTimeZone[id=PST,offset=-28800000,dstSavings=3600000,useDaylight=true,startYear=0,startMode=3,startMonth=2,startDay=8,startDayOfWeek=1,startTime=7200000,startTimeMode=0,endMode=3,endMonth=10,endDay=1,endDayOfWeek=1,endTime=7200000,endTimeMode=0]]]" classname="org.springframework.scheduling.support.CronTriggerTests" time="0.0"/>
  <testcase name="[2] localDateTime[2021-05-01T17:32:15.295], time zone[sun.util.calendar.ZoneInfo[id=&quot;CET&quot;,offset=3600000,dstSavings=3600000,useDaylight=true,transitions=137,lastRule=java.util.SimpleTimeZone[id=CET,offset=3600000,dstSavings=3600000,useDaylight=true,startYear=0,startMode=2,startMonth=2,startDay=-1,startDayOfWeek=1,startTime=7200000,startTimeMode=1,endMode=2,endMonth=9,endDay=-1,endDayOfWeek=1,endTime=7200000,endTimeMode=1]]]" classname="org.springframework.scheduling.support.CronTriggerTests" time="0.0"/>
  <testcase name="[1] localDateTime[2021-05-01T17:32:15.297], time zone[sun.util.calendar.ZoneInfo[id=&quot;PST&quot;,offset=-28800000,dstSavings=3600000,useDaylight=true,transitions=185,lastRule=java.util.SimpleTimeZone[id=PST,offset=-28800000,dstSavings=3600000,useDaylight=true,startYear=0,startMode=3,startMonth=2,startDay=8,startDayOfWeek=1,startTime=7200000,startTimeMode=0,endMode=3,endMonth=10,endDay=1,endDayOfWeek=1,endTime=7200000,endTimeMode=0]]]" classname="org.springframework.scheduling.support.CronTriggerTests" time="0.001"/>
  <testcase name="[2] localDateTime[2021-05-01T17:32:15.297], time zone[sun.util.calendar.ZoneInfo[id=&quot;CET&quot;,offset=3600000,dstSavings=3600000,useDaylight=true,transitions=137,lastRule=java.util.SimpleTimeZone[id=CET,offset=3600000,dstSavings=3600000,useDaylight=true,startYear=0,startMode=2,startMonth=2,startDay=-1,startDayOfWeek=1,startTime=7200000,startTimeMode=1,endMode=2,endMonth=9,endDay=-1,endDayOfWeek=1,endTime=7200000,endTimeMode=1]]]" classname="org.springframework.scheduling.support.CronTriggerTests" time="0.001"/>
  <testcase name="[1] localDateTime[2021-05-01T17:32:15.300], time zone[sun.util.calendar.ZoneInfo[id=&quot;PST&quot;,offset=-28800000,dstSavings=3600000,useDaylight=true,transitions=185,lastRule=java.util.SimpleTimeZone[id=PST,offset=-28800000,dstSavings=3600000,useDaylight=true,startYear=0,startMode=3,startMonth=2,startDay=8,startDayOfWeek=1,startTime=7200000,startTimeMode=0,endMode=3,endMonth=10,endDay=1,endDayOfWeek=1,endTime=7200000,endTimeMode=0]]]" classname="org.springframework.scheduling.support.CronTriggerTests" time="0.0"/>
  <testcase name="[2] localDateTime[2021-05-01T17:32:15.300], time zone[sun.util.calendar.ZoneInfo[id=&quot;CET&quot;,offset=3600000,dstSavings=3600000,useDaylight=true,transitions=137,lastRule=java.util.SimpleTimeZone[id=CET,offset=3600000,dstSavings=3600000,useDaylight=true,startYear=0,startMode=2,startMonth=2,startDay=-1,startDayOfWeek=1,startTime=7200000,startTimeMode=1,endMode=2,endMonth=9,endDay=-1,endDayOfWeek=1,endTime=7200000,endTimeMode=1]]]" classname="org.springframework.scheduling.support.CronTriggerTests" time="0.0"/>
  <testcase name="[1] localDateTime[2021-05-01T17:32:15.302], time zone[sun.util.calendar.ZoneInfo[id=&quot;PST&quot;,offset=-28800000,dstSavings=3600000,useDaylight=true,transitions=185,lastRule=java.util.SimpleTimeZone[id=PST,offset=-28800000,dstSavings=3600000,useDaylight=true,startYear=0,startMode=3,startMonth=2,startDay=8,startDayOfWeek=1,startTime=7200000,startTimeMode=0,endMode=3,endMonth=10,endDay=1,endDayOfWeek=1,endTime=7200000,endTimeMode=0]]]" classname="org.springframework.scheduling.support.CronTriggerTests" time="0.0"/>
  <testcase name="[2] localDateTime[2021-05-01T17:32:15.302], time zone[sun.util.calendar.ZoneInfo[id=&quot;CET&quot;,offset=3600000,dstSavings=3600000,useDaylight=true,transitions=137,lastRule=java.util.SimpleTimeZone[id=CET,offset=3600000,dstSavings=3600000,useDaylight=true,startYear=0,startMode=2,startMonth=2,startDay=-1,startDayOfWeek=1,startTime=7200000,startTimeMode=1,endMode=2,endMonth=9,endDay=-1,endDayOfWeek=1,endTime=7200000,endTimeMode=1]]]" classname="org.springframework.scheduling.support.CronTriggerTests" time="0.0"/>
  <testcase name="[1] localDateTime[2021-05-01T17:32:15.304], time zone[sun.util.calendar.ZoneInfo[id=&quot;PST&quot;,offset=-28800000,dstSavings=3600000,useDaylight=true,transitions=185,lastRule=java.util.SimpleTimeZone[id=PST,offset=-28800000,dstSavings=3600000,useDaylight=true,startYear=0,startMode=3,startMonth=2,startDay=8,startDayOfWeek=1,startTime=7200000,startTimeMode=0,endMode=3,endMonth=10,endDay=1,endDayOfWeek=1,endTime=7200000,endTimeMode=0]]]" classname="org.springframework.scheduling.support.CronTriggerTests" time="0.0"/>
  <testcase name="[2] localDateTime[2021-05-01T17:32:15.304], time zone[sun.util.calendar.ZoneInfo[id=&quot;CET&quot;,offset=3600000,dstSavings=3600000,useDaylight=true,transitions=137,lastRule=java.util.SimpleTimeZone[id=CET,offset=3600000,dstSavings=3600000,useDaylight=true,startYear=0,startMode=2,startMonth=2,startDay=-1,startDayOfWeek=1,startTime=7200000,startTimeMode=1,endMode=2,endMonth=9,endDay=-1,endDayOfWeek=1,endTime=7200000,endTimeMode=1]]]" classname="org.springframework.scheduling.support.CronTriggerTests" time="0.0"/>
  <testcase name="[1] localDateTime[2021-05-01T17:32:15.306], time zone[sun.util.calendar.ZoneInfo[id=&quot;PST&quot;,offset=-28800000,dstSavings=3600000,useDaylight=true,transitions=185,lastRule=java.util.SimpleTimeZone[id=PST,offset=-28800000,dstSavings=3600000,useDaylight=true,startYear=0,startMode=3,startMonth=2,startDay=8,startDayOfWeek=1,startTime=7200000,startTimeMode=0,endMode=3,endMonth=10,endDay=1,endDayOfWeek=1,endTime=7200000,endTimeMode=0]]]" classname="org.springframework.scheduling.support.CronTriggerTests" time="0.001"/>
  <testcase name="[2] localDateTime[2021-05-01T17:32:15.306], time zone[sun.util.calendar.ZoneInfo[id=&quot;CET&quot;,offset=3600000,dstSavings=3600000,useDaylight=true,transitions=137,lastRule=java.util.SimpleTimeZone[id=CET,offset=3600000,dstSavings=3600000,useDaylight=true,startYear=0,startMode=2,startMonth=2,startDay=-1,startDayOfWeek=1,startTime=7200000,startTimeMode=1,endMode=2,endMonth=9,endDay=-1,endDayOfWeek=1,endTime=7200000,endTimeMode=1]]]" classname="org.springframework.scheduling.support.CronTriggerTests" time="0.0"/>
  <testcase name="[1] localDateTime[2021-05-01T17:32:15.316], time zone[sun.util.calendar.ZoneInfo[id=&quot;PST&quot;,offset=-28800000,dstSavings=3600000,useDaylight=true,transitions=185,lastRule=java.util.SimpleTimeZone[id=PST,offset=-28800000,dstSavings=3600000,useDaylight=true,startYear=0,startMode=3,startMonth=2,startDay=8,startDayOfWeek=1,startTime=7200000,startTimeMode=0,endMode=3,endMonth=10,endDay=1,endDayOfWeek=1,endTime=7200000,endTimeMode=0]]]" classname="org.springframework.scheduling.support.CronTriggerTests" time="0.0"/>
  <testcase name="[2] localDateTime[2021-05-01T17:32:15.316], time zone[sun.util.calendar.ZoneInfo[id=&quot;CET&quot;,offset=3600000,dstSavings=3600000,useDaylight=true,transitions=137,lastRule=java.util.SimpleTimeZone[id=CET,offset=3600000,dstSavings=3600000,useDaylight=true,startYear=0,startMode=2,startMonth=2,startDay=-1,startDayOfWeek=1,startTime=7200000,startTimeMode=1,endMode=2,endMonth=9,endDay=-1,endDayOfWeek=1,endTime=7200000,endTimeMode=1]]]" classname="org.springframework.scheduling.support.CronTriggerTests" time="0.0"/>
  <testcase name="[1] localDateTime[2021-05-01T17:32:15.319], time zone[sun.util.calendar.ZoneInfo[id=&quot;PST&quot;,offset=-28800000,dstSavings=3600000,useDaylight=true,transitions=185,lastRule=java.util.SimpleTimeZone[id=PST,offset=-28800000,dstSavings=3600000,useDaylight=true,startYear=0,startMode=3,startMonth=2,startDay=8,startDayOfWeek=1,startTime=7200000,startTimeMode=0,endMode=3,endMonth=10,endDay=1,endDayOfWeek=1,endTime=7200000,endTimeMode=0]]]" classname="org.springframework.scheduling.support.CronTriggerTests" time="0.001"/>
  <testcase name="[2] localDateTime[2021-05-01T17:32:15.319], time zone[sun.util.calendar.ZoneInfo[id=&quot;CET&quot;,offset=3600000,dstSavings=3600000,useDaylight=true,transitions=137,lastRule=java.util.SimpleTimeZone[id=CET,offset=3600000,dstSavings=3600000,useDaylight=true,startYear=0,startMode=2,startMonth=2,startDay=-1,startDayOfWeek=1,startTime=7200000,startTimeMode=1,endMode=2,endMonth=9,endDay=-1,endDayOfWeek=1,endTime=7200000,endTimeMode=1]]]" classname="org.springframework.scheduling.support.CronTriggerTests" time="0.001"/>
  <testcase name="[1] localDateTime[2021-05-01T17:32:15.322], time zone[sun.util.calendar.ZoneInfo[id=&quot;PST&quot;,offset=-28800000,dstSavings=3600000,useDaylight=true,transitions=185,lastRule=java.util.SimpleTimeZone[id=PST,offset=-28800000,dstSavings=3600000,useDaylight=true,startYear=0,startMode=3,startMonth=2,startDay=8,startDayOfWeek=1,startTime=7200000,startTimeMode=0,endMode=3,endMonth=10,endDay=1,endDayOfWeek=1,endTime=7200000,endTimeMode=0]]]" classname="org.springframework.scheduling.support.CronTriggerTests" time="0.001"/>
  <testcase name="[2] localDateTime[2021-05-01T17:32:15.322], time zone[sun.util.calendar.ZoneInfo[id=&quot;CET&quot;,offset=3600000,dstSavings=3600000,useDaylight=true,transitions=137,lastRule=java.util.SimpleTimeZone[id=CET,offset=3600000,dstSavings=3600000,useDaylight=true,startYear=0,startMode=2,startMonth=2,startDay=-1,startDayOfWeek=1,startTime=7200000,startTimeMode=1,endMode=2,endMonth=9,endDay=-1,endDayOfWeek=1,endTime=7200000,endTimeMode=1]]]" classname="org.springframework.scheduling.support.CronTriggerTests" time="0.001"/>
  <testcase name="[1] localDateTime[2021-05-01T17:32:15.324], time zone[sun.util.calendar.ZoneInfo[id=&quot;PST&quot;,offset=-28800000,dstSavings=3600000,useDaylight=true,transitions=185,lastRule=java.util.SimpleTimeZone[id=PST,offset=-28800000,dstSavings=3600000,useDaylight=true,startYear=0,startMode=3,startMonth=2,startDay=8,startDayOfWeek=1,startTime=7200000,startTimeMode=0,endMode=3,endMonth=10,endDay=1,endDayOfWeek=1,endTime=7200000,endTimeMode=0]]]" classname="org.springframework.scheduling.support.CronTriggerTests" time="0.0"/>
  <testcase name="[2] localDateTime[2021-05-01T17:32:15.324], time zone[sun.util.calendar.ZoneInfo[id=&quot;CET&quot;,offset=3600000,dstSavings=3600000,useDaylight=true,transitions=137,lastRule=java.util.SimpleTimeZone[id=CET,offset=3600000,dstSavings=3600000,useDaylight=true,startYear=0,startMode=2,startMonth=2,startDay=-1,startDayOfWeek=1,startTime=7200000,startTimeMode=1,endMode=2,endMonth=9,endDay=-1,endDayOfWeek=1,endTime=7200000,endTimeMode=1]]]" classname="org.springframework.scheduling.support.CronTriggerTests" time="0.001"/>
  <testcase name="[1] localDateTime[2021-05-01T17:32:15.326], time zone[sun.util.calendar.ZoneInfo[id=&quot;PST&quot;,offset=-28800000,dstSavings=3600000,useDaylight=true,transitions=185,lastRule=java.util.SimpleTimeZone[id=PST,offset=-28800000,dstSavings=3600000,useDaylight=true,startYear=0,startMode=3,startMonth=2,startDay=8,startDayOfWeek=1,startTime=7200000,startTimeMode=0,endMode=3,endMonth=10,endDay=1,endDayOfWeek=1,endTime=7200000,endTimeMode=0]]]" classname="org.springframework.scheduling.support.CronTriggerTests" time="0.0"/>
  <testcase name="[2] localDateTime[2021-05-01T17:32:15.326], time zone[sun.util.calendar.ZoneInfo[id=&quot;CET&quot;,offset=3600000,dstSavings=3600000,useDaylight=true,transitions=137,lastRule=java.util.SimpleTimeZone[id=CET,offset=3600000,dstSavings=3600000,useDaylight=true,startYear=0,startMode=2,startMonth=2,startDay=-1,startDayOfWeek=1,startTime=7200000,startTimeMode=1,endMode=2,endMonth=9,endDay=-1,endDayOfWeek=1,endTime=7200000,endTimeMode=1]]]" classname="org.springframework.scheduling.support.CronTriggerTests" time="0.001"/>
  <testcase name="[1] localDateTime[2021-05-01T17:32:15.328], time zone[sun.util.calendar.ZoneInfo[id=&quot;PST&quot;,offset=-28800000,dstSavings=3600000,useDaylight=true,transitions=185,lastRule=java.util.SimpleTimeZone[id=PST,offset=-28800000,dstSavings=3600000,useDaylight=true,startYear=0,startMode=3,startMonth=2,startDay=8,startDayOfWeek=1,startTime=7200000,startTimeMode=0,endMode=3,endMonth=10,endDay=1,endDayOfWeek=1,endTime=7200000,endTimeMode=0]]]" classname="org.springframework.scheduling.support.CronTriggerTests" time="0.001"/>
  <testcase name="[2] localDateTime[2021-05-01T17:32:15.328], time zone[sun.util.calendar.ZoneInfo[id=&quot;CET&quot;,offset=3600000,dstSavings=3600000,useDaylight=true,transitions=137,lastRule=java.util.SimpleTimeZone[id=CET,offset=3600000,dstSavings=3600000,useDaylight=true,startYear=0,startMode=2,startMonth=2,startDay=-1,startDayOfWeek=1,startTime=7200000,startTimeMode=1,endMode=2,endMonth=9,endDay=-1,endDayOfWeek=1,endTime=7200000,endTimeMode=1]]]" classname="org.springframework.scheduling.support.CronTriggerTests" time="0.001"/>
  <testcase name="[1] localDateTime[2021-05-01T17:32:15.330], time zone[sun.util.calendar.ZoneInfo[id=&quot;PST&quot;,offset=-28800000,dstSavings=3600000,useDaylight=true,transitions=185,lastRule=java.util.SimpleTimeZone[id=PST,offset=-28800000,dstSavings=3600000,useDaylight=true,startYear=0,startMode=3,startMonth=2,startDay=8,startDayOfWeek=1,startTime=7200000,startTimeMode=0,endMode=3,endMonth=10,endDay=1,endDayOfWeek=1,endTime=7200000,endTimeMode=0]]]" classname="org.springframework.scheduling.support.CronTriggerTests" time="0.001"/>
  <testcase name="[2] localDateTime[2021-05-01T17:32:15.330], time zone[sun.util.calendar.ZoneInfo[id=&quot;CET&quot;,offset=3600000,dstSavings=3600000,useDaylight=true,transitions=137,lastRule=java.util.SimpleTimeZone[id=CET,offset=3600000,dstSavings=3600000,useDaylight=true,startYear=0,startMode=2,startMonth=2,startDay=-1,startDayOfWeek=1,startTime=7200000,startTimeMode=1,endMode=2,endMonth=9,endDay=-1,endDayOfWeek=1,endTime=7200000,endTimeMode=1]]]" classname="org.springframework.scheduling.support.CronTriggerTests" time="0.0"/>
  <testcase name="[1] localDateTime[2021-05-01T17:32:15.332], time zone[sun.util.calendar.ZoneInfo[id=&quot;PST&quot;,offset=-28800000,dstSavings=3600000,useDaylight=true,transitions=185,lastRule=java.util.SimpleTimeZone[id=PST,offset=-28800000,dstSavings=3600000,useDaylight=true,startYear=0,startMode=3,startMonth=2,startDay=8,startDayOfWeek=1,startTime=7200000,startTimeMode=0,endMode=3,endMonth=10,endDay=1,endDayOfWeek=1,endTime=7200000,endTimeMode=0]]]" classname="org.springframework.scheduling.support.CronTriggerTests" time="0.001"/>
  <testcase name="[2] localDateTime[2021-05-01T17:32:15.332], time zone[sun.util.calendar.ZoneInfo[id=&quot;CET&quot;,offset=3600000,dstSavings=3600000,useDaylight=true,transitions=137,lastRule=java.util.SimpleTimeZone[id=CET,offset=3600000,dstSavings=3600000,useDaylight=true,startYear=0,startMode=2,startMonth=2,startDay=-1,startDayOfWeek=1,startTime=7200000,startTimeMode=1,endMode=2,endMonth=9,endDay=-1,endDayOfWeek=1,endTime=7200000,endTimeMode=1]]]" classname="org.springframework.scheduling.support.CronTriggerTests" time="0.0"/>
  <testcase name="[1] localDateTime[2021-05-01T17:32:15.334], time zone[sun.util.calendar.ZoneInfo[id=&quot;PST&quot;,offset=-28800000,dstSavings=3600000,useDaylight=true,transitions=185,lastRule=java.util.SimpleTimeZone[id=PST,offset=-28800000,dstSavings=3600000,useDaylight=true,startYear=0,startMode=3,startMonth=2,startDay=8,startDayOfWeek=1,startTime=7200000,startTimeMode=0,endMode=3,endMonth=10,endDay=1,endDayOfWeek=1,endTime=7200000,endTimeMode=0]]]" classname="org.springframework.scheduling.support.CronTriggerTests" time="0.0"/>
  <testcase name="[2] localDateTime[2021-05-01T17:32:15.334], time zone[sun.util.calendar.ZoneInfo[id=&quot;CET&quot;,offset=3600000,dstSavings=3600000,useDaylight=true,transitions=137,lastRule=java.util.SimpleTimeZone[id=CET,offset=3600000,dstSavings=3600000,useDaylight=true,startYear=0,startMode=2,startMonth=2,startDay=-1,startDayOfWeek=1,startTime=7200000,startTimeMode=1,endMode=2,endMonth=9,endDay=-1,endDayOfWeek=1,endTime=7200000,endTimeMode=1]]]" classname="org.springframework.scheduling.support.CronTriggerTests" time="0.0"/>
  <system-out><![CDATA[]]></system-out>
  <system-err><![CDATA[]]></system-err>
</testsuite>
