<?xml version="1.0" encoding="UTF-8"?>
<testsuite name="InstantFormatter unit tests" tests="30" skipped="0" failures="0" errors="0" timestamp="2021-04-26T07:41:29" hostname="wangweilideMacBook-Pro.local" time="0.025">
  <properties/>
  <testcase name="[1] input=2021-04-26T07:41:29.719858Z" classname="org.springframework.format.datetime.standard.InstantFormatterTests" time="0.001"/>
  <testcase name="[2] input=-423176969-04-28T10:51:42Z" classname="org.springframework.format.datetime.standard.InstantFormatterTests" time="0.0"/>
  <testcase name="[3] input=-556564483-07-29T20:19:09Z" classname="org.springframework.format.datetime.standard.InstantFormatterTests" time="0.0"/>
  <testcase name="[4] input=-306919840-11-15T17:06:47Z" classname="org.springframework.format.datetime.standard.InstantFormatterTests" time="0.0"/>
  <testcase name="[5] input=+388676744-08-06T23:25:54Z" classname="org.springframework.format.datetime.standard.InstantFormatterTests" time="0.0"/>
  <testcase name="[6] input=-485716004-10-16T12:07:53Z" classname="org.springframework.format.datetime.standard.InstantFormatterTests" time="0.001"/>
  <testcase name="[7] input=+355702094-07-26T22:32:21Z" classname="org.springframework.format.datetime.standard.InstantFormatterTests" time="0.001"/>
  <testcase name="[8] input=-195915600-05-14T02:16:57Z" classname="org.springframework.format.datetime.standard.InstantFormatterTests" time="0.0"/>
  <testcase name="[9] input=-295202725-09-17T06:43:12Z" classname="org.springframework.format.datetime.standard.InstantFormatterTests" time="0.0"/>
  <testcase name="[10] input=-888080738-08-07T19:51:46Z" classname="org.springframework.format.datetime.standard.InstantFormatterTests" time="0.001"/>
  <testcase name="[1] input=2021-04-26T07:41:29.733963Z" classname="org.springframework.format.datetime.standard.InstantFormatterTests" time="0.0"/>
  <testcase name="[2] input=+296244756-12-26T02:31:19Z" classname="org.springframework.format.datetime.standard.InstantFormatterTests" time="0.0"/>
  <testcase name="[3] input=+411662595-01-11T11:42:14Z" classname="org.springframework.format.datetime.standard.InstantFormatterTests" time="0.0"/>
  <testcase name="[4] input=-915369944-01-29T04:38:33Z" classname="org.springframework.format.datetime.standard.InstantFormatterTests" time="0.0"/>
  <testcase name="[5] input=+854066456-04-06T06:27:55Z" classname="org.springframework.format.datetime.standard.InstantFormatterTests" time="0.0"/>
  <testcase name="[6] input=+158462326-09-28T22:22:31Z" classname="org.springframework.format.datetime.standard.InstantFormatterTests" time="0.0"/>
  <testcase name="[7] input=-339124116-04-25T03:13:38Z" classname="org.springframework.format.datetime.standard.InstantFormatterTests" time="0.0"/>
  <testcase name="[8] input=+16623184-08-01T07:15:15Z" classname="org.springframework.format.datetime.standard.InstantFormatterTests" time="0.0"/>
  <testcase name="[9] input=-981075080-04-27T22:15:48Z" classname="org.springframework.format.datetime.standard.InstantFormatterTests" time="0.0"/>
  <testcase name="[10] input=+52966657-12-29T12:37:13Z" classname="org.springframework.format.datetime.standard.InstantFormatterTests" time="0.001"/>
  <testcase name="[1] input=Mon, 26 Apr 2021 15:41:29 +0800" classname="org.springframework.format.datetime.standard.InstantFormatterTests" time="0.001"/>
  <testcase name="[2] input=Fri, 21 Oct 9318 00:10:48 +0800" classname="org.springframework.format.datetime.standard.InstantFormatterTests" time="0.001"/>
  <testcase name="[3] input=Thu, 17 Sep 1925 18:18:04 +0800" classname="org.springframework.format.datetime.standard.InstantFormatterTests" time="0.001"/>
  <testcase name="[4] input=Wed, 22 Jul 9142 02:24:54 +0800" classname="org.springframework.format.datetime.standard.InstantFormatterTests" time="0.0"/>
  <testcase name="[5] input=Thu, 29 Sep 8191 12:27:49 +0800" classname="org.springframework.format.datetime.standard.InstantFormatterTests" time="0.0"/>
  <testcase name="[6] input=Fri, 2 Aug 3393 07:58:00 +0800" classname="org.springframework.format.datetime.standard.InstantFormatterTests" time="0.0"/>
  <testcase name="[7] input=Sun, 31 Dec 8265 10:54:01 +0800" classname="org.springframework.format.datetime.standard.InstantFormatterTests" time="0.0"/>
  <testcase name="[8] input=Wed, 6 Jan 8241 16:40:06 +0800" classname="org.springframework.format.datetime.standard.InstantFormatterTests" time="0.001"/>
  <testcase name="[9] input=Thu, 16 Sep 0669 11:52:54 +0805" classname="org.springframework.format.datetime.standard.InstantFormatterTests" time="0.001"/>
  <testcase name="[10] input=Fri, 25 Oct 4554 23:44:09 +0800" classname="org.springframework.format.datetime.standard.InstantFormatterTests" time="0.0"/>
  <system-out><![CDATA[]]></system-out>
  <system-err><![CDATA[]]></system-err>
</testsuite>
