<?xml version="1.0" encoding="UTF-8"?>
<testsuite name="org.springframework.ejb.access.LocalSlsbInvokerInterceptorTests" tests="5" skipped="0" failures="0" errors="0" timestamp="2021-05-09T12:42:17" hostname="wangweilidembp" time="0.026">
  <properties/>
  <testcase name="testInvokesMethodOnEjbInstance()" classname="org.springframework.ejb.access.LocalSlsbInvokerInterceptorTests" time="0.013"/>
  <testcase name="testApplicationException()" classname="org.springframework.ejb.access.LocalSlsbInvokerInterceptorTests" time="0.005"/>
  <testcase name="testPerformsLookup()" classname="org.springframework.ejb.access.LocalSlsbInvokerInterceptorTests" time="0.001"/>
  <testcase name="testInvokesMethodOnEjbInstanceWithSeparateBusinessMethods()" classname="org.springframework.ejb.access.LocalSlsbInvokerInterceptorTests" time="0.006"/>
  <testcase name="testLookupFailure()" classname="org.springframework.ejb.access.LocalSlsbInvokerInterceptorTests" time="0.001"/>
  <system-out><![CDATA[]]></system-out>
  <system-err><![CDATA[]]></system-err>
</testsuite>
