<?xml version="1.0" encoding="UTF-8"?>
<testsuite name="org.springframework.context.annotation.EnableAspectJAutoProxyTests" tests="5" skipped="0" failures="0" errors="0" timestamp="2021-05-09T12:41:34" hostname="wangweilidembp" time="0.211">
  <properties/>
  <testcase name="withCglibProxy()" classname="org.springframework.context.annotation.EnableAspectJAutoProxyTests" time="0.039"/>
  <testcase name="withJdkProxy()" classname="org.springframework.context.annotation.EnableAspectJAutoProxyTests" time="0.031"/>
  <testcase name="withAnnotationOnArgumentAndCglibProxy()" classname="org.springframework.context.annotation.EnableAspectJAutoProxyTests" time="0.064"/>
  <testcase name="withAnnotationOnArgumentAndJdkProxy()" classname="org.springframework.context.annotation.EnableAspectJAutoProxyTests" time="0.047"/>
  <testcase name="withExposedProxy()" classname="org.springframework.context.annotation.EnableAspectJAutoProxyTests" time="0.03"/>
  <system-out><![CDATA[]]></system-out>
  <system-err><![CDATA[]]></system-err>
</testsuite>
