<?xml version="1.0" encoding="UTF-8"?>
<testsuite name="org.springframework.scripting.bsh.BshScriptFactoryTests" tests="18" skipped="0" failures="0" errors="0" timestamp="2021-05-01T09:32:04" hostname="wangweilideMBP.lan" time="1.612">
  <properties/>
  <testcase name="scriptCompilationException()" classname="org.springframework.scripting.bsh.BshScriptFactoryTests" time="0.098"/>
  <testcase name="scriptThatCompilesButIsJustPlainBad()" classname="org.springframework.scripting.bsh.BshScriptFactoryTests" time="0.019"/>
  <testcase name="staticPrototypeScript()" classname="org.springframework.scripting.bsh.BshScriptFactoryTests" time="0.117"/>
  <testcase name="resourceScriptFromTag()" classname="org.springframework.scripting.bsh.BshScriptFactoryTests" time="0.137"/>
  <testcase name="prototypeScriptFromTag()" classname="org.springframework.scripting.bsh.BshScriptFactoryTests" time="0.115"/>
  <testcase name="staticScriptWithNullReturnValue()" classname="org.springframework.scripting.bsh.BshScriptFactoryTests" time="0.109"/>
  <testcase name="staticWithScriptReturningInstance()" classname="org.springframework.scripting.bsh.BshScriptFactoryTests" time="0.123"/>
  <testcase name="staticScriptWithTwoInterfacesSpecified()" classname="org.springframework.scripting.bsh.BshScriptFactoryTests" time="0.121"/>
  <testcase name="staticScriptImplementingInterface()" classname="org.springframework.scripting.bsh.BshScriptFactoryTests" time="0.119"/>
  <testcase name="inlineScriptFromTag()" classname="org.springframework.scripting.bsh.BshScriptFactoryTests" time="0.143"/>
  <testcase name="ctorWithWhitespacedScriptSourceLocator()" classname="org.springframework.scripting.bsh.BshScriptFactoryTests" time="0.001"/>
  <testcase name="ctorWithNullScriptSourceLocator()" classname="org.springframework.scripting.bsh.BshScriptFactoryTests" time="0.0"/>
  <testcase name="applicationEventListener()" classname="org.springframework.scripting.bsh.BshScriptFactoryTests" time="0.13"/>
  <testcase name="staticScript()" classname="org.springframework.scripting.bsh.BshScriptFactoryTests" time="0.134"/>
  <testcase name="refreshableFromTag()" classname="org.springframework.scripting.bsh.BshScriptFactoryTests" time="0.16"/>
  <testcase name="ctorWithEmptyScriptSourceLocator()" classname="org.springframework.scripting.bsh.BshScriptFactoryTests" time="0.0"/>
  <testcase name="nonStaticScript()" classname="org.springframework.scripting.bsh.BshScriptFactoryTests" time="0.04"/>
  <testcase name="nonStaticPrototypeScript()" classname="org.springframework.scripting.bsh.BshScriptFactoryTests" time="0.041"/>
  <system-out><![CDATA[17:32:04.295 [Test worker] WARN  o.s.c.s.ClassPathXmlApplicationContext - Exception encountered during context initialization - cancelling refresh attempt: org.springframework.beans.factory.BeanCreationException: Error creating bean with name 'broken' defined in class path resource [org/springframework/scripting/bsh/bshBrokenContext.xml]: BeanPostProcessor before instantiation of bean failed; nested exception is org.springframework.beans.factory.BeanCreationException: Error creating bean with name 'scriptedObject.broken' defined in class path resource [org/springframework/scripting/bsh/bshBrokenContext.xml]: Bean instantiation via factory method failed; nested exception is org.springframework.beans.BeanInstantiationException: Failed to instantiate [java.lang.Object]: Factory method 'getScriptedObject' threw exception; nested exception is org.springframework.scripting.ScriptCompilationException: Could not compile class path resource [org/springframework/scripting/bsh/Broken.bsh]; nested exception is In file: inline evaluation of: ``one sure is the loneliest number... that i'll ever know;'' Encountered "is" at line 1, column 10.

org.springframework.context.event.ContextRefreshedEvent[source=org.springframework.context.support.ClassPathXmlApplicationContext@2c953e58, started on Sat May 01 17:32:04 CST 2021]
org.springframework.context.event.ContextClosedEvent[source=org.springframework.context.support.ClassPathXmlApplicationContext@2c953e58, started on Sat May 01 17:32:04 CST 2021]
org.springframework.context.event.ContextRefreshedEvent[source=org.springframework.context.support.ClassPathXmlApplicationContext@41354ac9, started on Sat May 01 17:32:04 CST 2021]
org.springframework.context.event.ContextRefreshedEvent[source=org.springframework.context.support.ClassPathXmlApplicationContext@29c736ce, started on Sat May 01 17:32:05 CST 2021]
org.springframework.context.event.ContextRefreshedEvent[source=org.springframework.context.support.ClassPathXmlApplicationContext@714b865b, started on Sat May 01 17:32:05 CST 2021]
org.springframework.scripting.bsh.BshScriptFactoryTests$MyEvent[source=org.springframework.context.support.ClassPathXmlApplicationContext@714b865b, started on Sat May 01 17:32:05 CST 2021]
org.springframework.context.event.ContextRefreshedEvent[source=org.springframework.context.support.ClassPathXmlApplicationContext@29f24788, started on Sat May 01 17:32:05 CST 2021]
]]></system-out>
  <system-err><![CDATA[]]></system-err>
</testsuite>
