<?xml version="1.0" encoding="UTF-8"?>
<testsuite name="org.springframework.aop.aspectj.autoproxy.AtAspectJAnnotationBindingTests" tests="3" skipped="0" failures="0" errors="0" timestamp="2021-05-09T12:42:14" hostname="wangweilidembp" time="0.033">
  <properties/>
  <testcase name="testAnnotationBindingInAroundAdvice()" classname="org.springframework.aop.aspectj.autoproxy.AtAspectJAnnotationBindingTests" time="0.014"/>
  <testcase name="testNoMatchingWithoutAnnotationPresent()" classname="org.springframework.aop.aspectj.autoproxy.AtAspectJAnnotationBindingTests" time="0.009"/>
  <testcase name="testPointcutEvaluatedAgainstArray()" classname="org.springframework.aop.aspectj.autoproxy.AtAspectJAnnotationBindingTests" time="0.01"/>
  <system-out><![CDATA[]]></system-out>
  <system-err><![CDATA[]]></system-err>
</testsuite>
