<?xml version="1.0" encoding="UTF-8"?>
<testsuite name="org.springframework.jmx.export.assembler.InterfaceBasedMBeanInfoAssemblerMappedTests" tests="18" skipped="0" failures="0" errors="0" timestamp="2021-05-09T12:42:09" hostname="wangweilidembp" time="0.097">
  <properties/>
  <testcase name="testDescriptionNotNull()" classname="org.springframework.jmx.export.assembler.InterfaceBasedMBeanInfoAssemblerMappedTests" time="0.009"/>
  <testcase name="testGetMBeanAttributeInfo()" classname="org.springframework.jmx.export.assembler.InterfaceBasedMBeanInfoAssemblerMappedTests" time="0.005"/>
  <testcase name="testSetAttribute()" classname="org.springframework.jmx.export.assembler.InterfaceBasedMBeanInfoAssemblerMappedTests" time="0.006"/>
  <testcase name="testAttributeInfoHasDescriptors()" classname="org.springframework.jmx.export.assembler.InterfaceBasedMBeanInfoAssemblerMappedTests" time="0.005"/>
  <testcase name="testGetMBeanInfo()" classname="org.springframework.jmx.export.assembler.InterfaceBasedMBeanInfoAssemblerMappedTests" time="0.006"/>
  <testcase name="testGetMBeanOperationInfo()" classname="org.springframework.jmx.export.assembler.InterfaceBasedMBeanInfoAssemblerMappedTests" time="0.005"/>
  <testcase name="testRegisterOperations()" classname="org.springframework.jmx.export.assembler.InterfaceBasedMBeanInfoAssemblerMappedTests" time="0.004"/>
  <testcase name="testRegisterAttributes()" classname="org.springframework.jmx.export.assembler.InterfaceBasedMBeanInfoAssemblerMappedTests" time="0.004"/>
  <testcase name="testNotificationMetadata()" classname="org.springframework.jmx.export.assembler.InterfaceBasedMBeanInfoAssemblerMappedTests" time="0.004"/>
  <testcase name="testAttributeHasCorrespondingOperations()" classname="org.springframework.jmx.export.assembler.InterfaceBasedMBeanInfoAssemblerMappedTests" time="0.004"/>
  <testcase name="testMBeanRegistration()" classname="org.springframework.jmx.export.assembler.InterfaceBasedMBeanInfoAssemblerMappedTests" time="0.004"/>
  <testcase name="testGetAttribute()" classname="org.springframework.jmx.export.assembler.InterfaceBasedMBeanInfoAssemblerMappedTests" time="0.004"/>
  <testcase name="testOperationInvocation()" classname="org.springframework.jmx.export.assembler.InterfaceBasedMBeanInfoAssemblerMappedTests" time="0.005"/>
  <testcase name="testGetAgeIsReadOnly()" classname="org.springframework.jmx.export.assembler.InterfaceBasedMBeanInfoAssemblerMappedTests" time="0.004"/>
  <testcase name="testWithNonInterface()" classname="org.springframework.jmx.export.assembler.InterfaceBasedMBeanInfoAssemblerMappedTests" time="0.005"/>
  <testcase name="testNickNameIsExposed()" classname="org.springframework.jmx.export.assembler.InterfaceBasedMBeanInfoAssemblerMappedTests" time="0.008"/>
  <testcase name="testWithFallThrough()" classname="org.springframework.jmx.export.assembler.InterfaceBasedMBeanInfoAssemblerMappedTests" time="0.005"/>
  <testcase name="testWithUnknownClass()" classname="org.springframework.jmx.export.assembler.InterfaceBasedMBeanInfoAssemblerMappedTests" time="0.005"/>
  <system-out><![CDATA[]]></system-out>
  <system-err><![CDATA[]]></system-err>
</testsuite>
