<?xml version="1.0" encoding="UTF-8"?>
<testsuite name="org.springframework.aop.aspectj.autoproxy.AspectImplementingInterfaceTests" tests="1" skipped="0" failures="0" errors="0" timestamp="2021-04-26T07:41:26" hostname="wangweilideMacBook-Pro.local" time="0.015">
  <properties/>
  <testcase name="testProxyCreation()" classname="org.springframework.aop.aspectj.autoproxy.AspectImplementingInterfaceTests" time="0.015"/>
  <system-out><![CDATA[]]></system-out>
  <system-err><![CDATA[]]></system-err>
</testsuite>
