<?xml version="1.0" encoding="UTF-8"?>
<testsuite name="org.springframework.context.index.CandidateComponentsIndexLoaderTests" tests="8" skipped="0" failures="0" errors="0" timestamp="2021-04-26T07:40:56" hostname="wangweilideMacBook-Pro.local" time="0.005">
  <properties/>
  <testcase name="loadIndexNoEntry()" classname="org.springframework.context.index.CandidateComponentsIndexLoaderTests" time="0.001"/>
  <testcase name="loadIndexNoMatch()" classname="org.springframework.context.index.CandidateComponentsIndexLoaderTests" time="0.001"/>
  <testcase name="loadIndexSeveralMatches()" classname="org.springframework.context.index.CandidateComponentsIndexLoaderTests" time="0.001"/>
  <testcase name="loadIndexSingleMatch()" classname="org.springframework.context.index.CandidateComponentsIndexLoaderTests" time="0.0"/>
  <testcase name="loadIndexNoSpringComponentsResource()" classname="org.springframework.context.index.CandidateComponentsIndexLoaderTests" time="0.0"/>
  <testcase name="loadIndexNoPackage()" classname="org.springframework.context.index.CandidateComponentsIndexLoaderTests" time="0.001"/>
  <testcase name="validateIndexIsDisabledByDefault()" classname="org.springframework.context.index.CandidateComponentsIndexLoaderTests" time="0.0"/>
  <testcase name="loadIndexWithException()" classname="org.springframework.context.index.CandidateComponentsIndexLoaderTests" time="0.0"/>
  <system-out><![CDATA[]]></system-out>
  <system-err><![CDATA[]]></system-err>
</testsuite>
