<?xml version="1.0" encoding="UTF-8"?>
<testsuite name="org.springframework.context.annotation.ConfigurationClassPostConstructAndAutowiringTests" tests="2" skipped="0" failures="0" errors="0" timestamp="2021-05-01T09:31:49" hostname="wangweilideMBP.lan" time="0.01">
  <properties/>
  <testcase name="originalReproCase()" classname="org.springframework.context.annotation.ConfigurationClassPostConstructAndAutowiringTests" time="0.007"/>
  <testcase name="control()" classname="org.springframework.context.annotation.ConfigurationClassPostConstructAndAutowiringTests" time="0.003"/>
  <system-out><![CDATA[]]></system-out>
  <system-err><![CDATA[]]></system-err>
</testsuite>
