<?xml version="1.0" encoding="UTF-8"?>
<testsuite name="org.springframework.scripting.config.ScriptingDefaultsTests" tests="6" skipped="0" failures="0" errors="0" timestamp="2021-04-26T07:40:58" hostname="wangweilideMacBook-Pro.local" time="0.348">
  <properties/>
  <testcase name="defaultAutowire()" classname="org.springframework.scripting.config.ScriptingDefaultsTests" time="0.148"/>
  <testcase name="nameAsAlias()" classname="org.springframework.scripting.config.ScriptingDefaultsTests" time="0.045"/>
  <testcase name="defaultInitMethod()" classname="org.springframework.scripting.config.ScriptingDefaultsTests" time="0.04"/>
  <testcase name="defaultProxyTargetClass()" classname="org.springframework.scripting.config.ScriptingDefaultsTests" time="0.032"/>
  <testcase name="defaultRefreshCheckDelay()" classname="org.springframework.scripting.config.ScriptingDefaultsTests" time="0.046"/>
  <testcase name="defaultDestroyMethod()" classname="org.springframework.scripting.config.ScriptingDefaultsTests" time="0.037"/>
  <system-out><![CDATA[]]></system-out>
  <system-err><![CDATA[]]></system-err>
</testsuite>
