<?xml version="1.0" encoding="UTF-8"?>
<testsuite name="org.springframework.scripting.bsh.BshScriptEvaluatorTests" tests="3" skipped="0" failures="0" errors="0" timestamp="2021-05-01T09:32:05" hostname="wangweilideMBP.lan" time="0.019">
  <properties/>
  <testcase name="testGroovyScriptWithArguments()" classname="org.springframework.scripting.bsh.BshScriptEvaluatorTests" time="0.006"/>
  <testcase name="testBshScriptFromFile()" classname="org.springframework.scripting.bsh.BshScriptEvaluatorTests" time="0.007"/>
  <testcase name="testBshScriptFromString()" classname="org.springframework.scripting.bsh.BshScriptEvaluatorTests" time="0.006"/>
  <system-out><![CDATA[]]></system-out>
  <system-err><![CDATA[]]></system-err>
</testsuite>
