<?xml version="1.0" encoding="UTF-8"?>
<testsuite name="org.springframework.context.event.PayloadApplicationEventTests" tests="3" skipped="0" failures="0" errors="0" timestamp="2021-04-26T07:40:58" hostname="wangweilideMacBook-Pro.local" time="0.004">
  <properties/>
  <testcase name="testProgrammaticEventListener()" classname="org.springframework.context.event.PayloadApplicationEventTests" time="0.001"/>
  <testcase name="testProgrammaticPayloadListener()" classname="org.springframework.context.event.PayloadApplicationEventTests" time="0.001"/>
  <testcase name="testEventClassWithInterface()" classname="org.springframework.context.event.PayloadApplicationEventTests" time="0.002"/>
  <system-out><![CDATA[]]></system-out>
  <system-err><![CDATA[]]></system-err>
</testsuite>
