<?xml version="1.0" encoding="UTF-8"?>
<testsuite name="org.springframework.remoting.support.RemoteInvocationUtilsTests" tests="2" skipped="0" failures="0" errors="0" timestamp="2021-04-26T07:40:31" hostname="wangweilideMacBook-Pro.local" time="0.136">
  <properties/>
  <testcase name="fillInClientStackTraceIfPossibleWithNullThrowable()" classname="org.springframework.remoting.support.RemoteInvocationUtilsTests" time="0.026"/>
  <testcase name="fillInClientStackTraceIfPossibleSunnyDay()" classname="org.springframework.remoting.support.RemoteInvocationUtilsTests" time="0.109"/>
  <system-out><![CDATA[]]></system-out>
  <system-err><![CDATA[]]></system-err>
</testsuite>
