<?xml version="1.0" encoding="UTF-8"?>
<testsuite name="org.springframework.scheduling.config.ScheduledTasksBeanDefinitionParserTests" tests="6" skipped="0" failures="0" errors="0" timestamp="2021-05-01T09:32:14" hostname="wangweilideMBP.lan" time="0.058">
  <properties/>
  <testcase name="fixedDelayTasks()" classname="org.springframework.scheduling.config.ScheduledTasksBeanDefinitionParserTests" time="0.015"/>
  <testcase name="triggerTasks()" classname="org.springframework.scheduling.config.ScheduledTasksBeanDefinitionParserTests" time="0.009"/>
  <testcase name="fixedRateTasks()" classname="org.springframework.scheduling.config.ScheduledTasksBeanDefinitionParserTests" time="0.009"/>
  <testcase name="checkTarget()" classname="org.springframework.scheduling.config.ScheduledTasksBeanDefinitionParserTests" time="0.008"/>
  <testcase name="cronTasks()" classname="org.springframework.scheduling.config.ScheduledTasksBeanDefinitionParserTests" time="0.007"/>
  <testcase name="checkScheduler()" classname="org.springframework.scheduling.config.ScheduledTasksBeanDefinitionParserTests" time="0.008"/>
  <system-out><![CDATA[]]></system-out>
  <system-err><![CDATA[]]></system-err>
</testsuite>
