<?xml version="1.0" encoding="UTF-8"?>
<testsuite name="org.springframework.instrument.classloading.ReflectiveLoadTimeWeaverTests" tests="6" skipped="0" failures="0" errors="0" timestamp="2021-04-26T07:41:11" hostname="wangweilideMacBook-Pro.local" time="0.006">
  <properties/>
  <testcase name="testCtorWithNullClassLoader()" classname="org.springframework.instrument.classloading.ReflectiveLoadTimeWeaverTests" time="0.002"/>
  <testcase name="testCtorWithClassLoaderThatDoesNotExposeAnAddTransformerMethod()" classname="org.springframework.instrument.classloading.ReflectiveLoadTimeWeaverTests" time="0.001"/>
  <testcase name="testCtorWithClassLoaderThatDoesNotExposeAGetThrowawayClassLoaderMethodIsOkay()" classname="org.springframework.instrument.classloading.ReflectiveLoadTimeWeaverTests" time="0.001"/>
  <testcase name="testAddTransformerWithNullTransformer()" classname="org.springframework.instrument.classloading.ReflectiveLoadTimeWeaverTests" time="0.001"/>
  <testcase name="testGetThrowawayClassLoaderWithClassLoaderThatDoesNotExposeAGetThrowawayClassLoaderMethodYieldsFallbackClassLoader()" classname="org.springframework.instrument.classloading.ReflectiveLoadTimeWeaverTests" time="0.0"/>
  <testcase name="testGetThrowawayClassLoaderWithTotallyCompliantClassLoader()" classname="org.springframework.instrument.classloading.ReflectiveLoadTimeWeaverTests" time="0.001"/>
  <system-out><![CDATA[]]></system-out>
  <system-err><![CDATA[]]></system-err>
</testsuite>
