<?xml version="1.0" encoding="UTF-8"?>
<testsuite name="org.springframework.scheduling.config.ScheduledTasksBeanDefinitionParserTests" tests="6" skipped="0" failures="0" errors="0" timestamp="2021-04-26T07:41:12" hostname="wangweilideMacBook-Pro.local" time="0.119">
  <properties/>
  <testcase name="fixedDelayTasks()" classname="org.springframework.scheduling.config.ScheduledTasksBeanDefinitionParserTests" time="0.029"/>
  <testcase name="triggerTasks()" classname="org.springframework.scheduling.config.ScheduledTasksBeanDefinitionParserTests" time="0.017"/>
  <testcase name="fixedRateTasks()" classname="org.springframework.scheduling.config.ScheduledTasksBeanDefinitionParserTests" time="0.017"/>
  <testcase name="checkTarget()" classname="org.springframework.scheduling.config.ScheduledTasksBeanDefinitionParserTests" time="0.023"/>
  <testcase name="cronTasks()" classname="org.springframework.scheduling.config.ScheduledTasksBeanDefinitionParserTests" time="0.016"/>
  <testcase name="checkScheduler()" classname="org.springframework.scheduling.config.ScheduledTasksBeanDefinitionParserTests" time="0.016"/>
  <system-out><![CDATA[]]></system-out>
  <system-err><![CDATA[]]></system-err>
</testsuite>
