<?xml version="1.0" encoding="UTF-8"?>
<testsuite name="org.springframework.aop.config.AopNamespaceHandlerAdviceTypeTests" tests="2" skipped="0" failures="0" errors="0" timestamp="2021-05-09T12:42:12" hostname="wangweilidembp" time="0.047">
  <properties/>
  <testcase name="testParsingOfAdviceTypes()" classname="org.springframework.aop.config.AopNamespaceHandlerAdviceTypeTests" time="0.031"/>
  <testcase name="testParsingOfAdviceTypesWithError()" classname="org.springframework.aop.config.AopNamespaceHandlerAdviceTypeTests" time="0.015"/>
  <system-out><![CDATA[]]></system-out>
  <system-err><![CDATA[]]></system-err>
</testsuite>
