<?xml version="1.0" encoding="UTF-8"?>
<testsuite name="org.springframework.context.annotation.EnableAspectJAutoProxyTests" tests="5" skipped="0" failures="0" errors="0" timestamp="2021-04-26T07:40:49" hostname="wangweilideMacBook-Pro.local" time="0.142">
  <properties/>
  <testcase name="withCglibProxy()" classname="org.springframework.context.annotation.EnableAspectJAutoProxyTests" time="0.027"/>
  <testcase name="withJdkProxy()" classname="org.springframework.context.annotation.EnableAspectJAutoProxyTests" time="0.02"/>
  <testcase name="withAnnotationOnArgumentAndCglibProxy()" classname="org.springframework.context.annotation.EnableAspectJAutoProxyTests" time="0.044"/>
  <testcase name="withAnnotationOnArgumentAndJdkProxy()" classname="org.springframework.context.annotation.EnableAspectJAutoProxyTests" time="0.026"/>
  <testcase name="withExposedProxy()" classname="org.springframework.context.annotation.EnableAspectJAutoProxyTests" time="0.024"/>
  <system-out><![CDATA[]]></system-out>
  <system-err><![CDATA[]]></system-err>
</testsuite>
