<?xml version="1.0" encoding="UTF-8"?>
<testsuite name="org.springframework.scheduling.support.QuartzCronFieldTests" tests="5" skipped="0" failures="0" errors="0" timestamp="2021-04-26T07:41:13" hostname="wangweilideMacBook-Pro.local" time="0.01">
  <properties/>
  <testcase name="lastDayOfWeekOffset()" classname="org.springframework.scheduling.support.QuartzCronFieldTests" time="0.003"/>
  <testcase name="invalidValues()" classname="org.springframework.scheduling.support.QuartzCronFieldTests" time="0.005"/>
  <testcase name="lastDayOfMonth()" classname="org.springframework.scheduling.support.QuartzCronFieldTests" time="0.001"/>
  <testcase name="lastWeekdayOfMonth()" classname="org.springframework.scheduling.support.QuartzCronFieldTests" time="0.0"/>
  <testcase name="lastDayOfMonthOffset()" classname="org.springframework.scheduling.support.QuartzCronFieldTests" time="0.001"/>
  <system-out><![CDATA[]]></system-out>
  <system-err><![CDATA[]]></system-err>
</testsuite>
