<?xml version="1.0" encoding="UTF-8"?>
<testsuite name="org.springframework.format.number.NumberStyleFormatterTests" tests="4" skipped="0" failures="0" errors="0" timestamp="2021-04-26T07:41:29" hostname="wangweilideMacBook-Pro.local" time="0.002">
  <properties/>
  <testcase name="parseValue()" classname="org.springframework.format.number.NumberStyleFormatterTests" time="0.0"/>
  <testcase name="parsePercentValueNotLenientFailure()" classname="org.springframework.format.number.NumberStyleFormatterTests" time="0.001"/>
  <testcase name="parseBogusValue()" classname="org.springframework.format.number.NumberStyleFormatterTests" time="0.0"/>
  <testcase name="formatValue()" classname="org.springframework.format.number.NumberStyleFormatterTests" time="0.001"/>
  <system-out><![CDATA[]]></system-out>
  <system-err><![CDATA[]]></system-err>
</testsuite>
