<?xml version="1.0" encoding="UTF-8"?>
<testsuite name="org.springframework.context.support.SimpleThreadScopeTests" tests="2" skipped="0" failures="0" errors="0" timestamp="2021-05-01T09:31:52" hostname="wangweilideMBP.lan" time="0.033">
  <properties/>
  <testcase name="getMultipleInstances()" classname="org.springframework.context.support.SimpleThreadScopeTests" time="0.029"/>
  <testcase name="getFromScope()" classname="org.springframework.context.support.SimpleThreadScopeTests" time="0.0"/>
  <system-out><![CDATA[]]></system-out>
  <system-err><![CDATA[]]></system-err>
</testsuite>
