<?xml version="1.0" encoding="UTF-8"?>
<testsuite name="org.springframework.context.support.Spr7283Tests" tests="1" skipped="0" failures="0" errors="0" timestamp="2021-05-09T12:41:44" hostname="wangweilidembp" time="0.024">
  <properties/>
  <testcase name="testListWithInconsistentElementType()" classname="org.springframework.context.support.Spr7283Tests" time="0.024"/>
  <system-out><![CDATA[]]></system-out>
  <system-err><![CDATA[]]></system-err>
</testsuite>
