<?xml version="1.0" encoding="UTF-8"?>
<testsuite name="org.springframework.context.annotation.ConfigurationWithFactoryBeanAndAutowiringTests" tests="7" skipped="0" failures="0" errors="0" timestamp="2021-04-26T07:40:46" hostname="wangweilideMacBook-Pro.local" time="0.078">
  <properties/>
  <testcase name="withConcreteFactoryBeanImplementationAsReturnType()" classname="org.springframework.context.annotation.ConfigurationWithFactoryBeanAndAutowiringTests" time="0.014"/>
  <testcase name="withParameterizedFactoryBeanInterfaceAsReturnType()" classname="org.springframework.context.annotation.ConfigurationWithFactoryBeanAndAutowiringTests" time="0.008"/>
  <testcase name="withFactoryBeanCallingBean()" classname="org.springframework.context.annotation.ConfigurationWithFactoryBeanAndAutowiringTests" time="0.016"/>
  <testcase name="withParameterizedFactoryBeanImplementationAsReturnType()" classname="org.springframework.context.annotation.ConfigurationWithFactoryBeanAndAutowiringTests" time="0.009"/>
  <testcase name="withWildcardParameterizedFactoryBeanInterfaceAsReturnType()" classname="org.springframework.context.annotation.ConfigurationWithFactoryBeanAndAutowiringTests" time="0.009"/>
  <testcase name="withRawFactoryBeanInterfaceAsReturnType()" classname="org.springframework.context.annotation.ConfigurationWithFactoryBeanAndAutowiringTests" time="0.009"/>
  <testcase name="withNonPublicParameterizedFactoryBeanInterfaceAsReturnType()" classname="org.springframework.context.annotation.ConfigurationWithFactoryBeanAndAutowiringTests" time="0.008"/>
  <system-out><![CDATA[]]></system-out>
  <system-err><![CDATA[]]></system-err>
</testsuite>
