<?xml version="1.0" encoding="UTF-8"?>
<testsuite name="org.springframework.aop.scope.ScopedProxyTests" tests="5" skipped="0" failures="0" errors="0" timestamp="2021-05-09T12:42:15" hostname="wangweilidembp" time="0.063">
  <properties/>
  <testcase name="testSimpleProxy()" classname="org.springframework.aop.scope.ScopedProxyTests" time="0.013"/>
  <testcase name="testJdkScopedProxy()" classname="org.springframework.aop.scope.ScopedProxyTests" time="0.01"/>
  <testcase name="testProxyAssignable()" classname="org.springframework.aop.scope.ScopedProxyTests" time="0.013"/>
  <testcase name="testCglibScopedProxy()" classname="org.springframework.aop.scope.ScopedProxyTests" time="0.018"/>
  <testcase name="testScopedOverride()" classname="org.springframework.aop.scope.ScopedProxyTests" time="0.008"/>
  <system-out><![CDATA[]]></system-out>
  <system-err><![CDATA[]]></system-err>
</testsuite>
