<?xml version="1.0" encoding="UTF-8"?>
<testsuite name="org.springframework.context.annotation.PrimitiveBeanLookupAndAutowiringTests" tests="4" skipped="0" failures="0" errors="0" timestamp="2021-05-01T09:31:47" hostname="wangweilideMBP.lan" time="0.019">
  <properties/>
  <testcase name="primitiveAutowiredInjection()" classname="org.springframework.context.annotation.PrimitiveBeanLookupAndAutowiringTests" time="0.008"/>
  <testcase name="primitiveLookupByName()" classname="org.springframework.context.annotation.PrimitiveBeanLookupAndAutowiringTests" time="0.003"/>
  <testcase name="primitiveLookupByType()" classname="org.springframework.context.annotation.PrimitiveBeanLookupAndAutowiringTests" time="0.003"/>
  <testcase name="primitiveResourceInjection()" classname="org.springframework.context.annotation.PrimitiveBeanLookupAndAutowiringTests" time="0.005"/>
  <system-out><![CDATA[]]></system-out>
  <system-err><![CDATA[]]></system-err>
</testsuite>
