<?xml version="1.0" encoding="UTF-8"?>
<testsuite name="org.springframework.aop.config.AopNamespaceHandlerAdviceTypeTests" tests="2" skipped="0" failures="0" errors="0" timestamp="2021-05-01T09:32:26" hostname="wangweilideMBP.lan" time="0.048">
  <properties/>
  <testcase name="testParsingOfAdviceTypes()" classname="org.springframework.aop.config.AopNamespaceHandlerAdviceTypeTests" time="0.037"/>
  <testcase name="testParsingOfAdviceTypesWithError()" classname="org.springframework.aop.config.AopNamespaceHandlerAdviceTypeTests" time="0.01"/>
  <system-out><![CDATA[]]></system-out>
  <system-err><![CDATA[]]></system-err>
</testsuite>
