<?xml version="1.0" encoding="UTF-8"?>
<testsuite name="org.springframework.context.annotation.RoleAndDescriptionAnnotationTests" tests="3" skipped="0" failures="0" errors="0" timestamp="2021-05-01T09:31:45" hostname="wangweilideMBP.lan" time="0.016">
  <properties/>
  <testcase name="viaComponentScanning()" classname="org.springframework.context.annotation.RoleAndDescriptionAnnotationTests" time="0.007"/>
  <testcase name="onBeanMethod()" classname="org.springframework.context.annotation.RoleAndDescriptionAnnotationTests" time="0.007"/>
  <testcase name="onComponentClass()" classname="org.springframework.context.annotation.RoleAndDescriptionAnnotationTests" time="0.001"/>
  <system-out><![CDATA[]]></system-out>
  <system-err><![CDATA[]]></system-err>
</testsuite>
