<?xml version="1.0" encoding="UTF-8"?>
<testsuite name="org.springframework.beans.factory.support.QualifierAnnotationAutowireContextTests" tests="25" skipped="0" failures="0" errors="0" timestamp="2021-05-01T09:32:32" hostname="wangweilideMBP.lan" time="0.098">
  <properties/>
  <testcase name="autowiredFieldResolvesWithBaseQualifierAndNonDefaultValue()" classname="org.springframework.beans.factory.support.QualifierAnnotationAutowireContextTests" time="0.004"/>
  <testcase name="autowiredFieldResolvesQualifiedCandidate()" classname="org.springframework.beans.factory.support.QualifierAnnotationAutowireContextTests" time="0.002"/>
  <testcase name="autowiredConstructorArgumentResolvesQualifiedCandidate()" classname="org.springframework.beans.factory.support.QualifierAnnotationAutowireContextTests" time="0.001"/>
  <testcase name="autowiredConstructorArgumentWithMultipleNonQualifiedCandidates()" classname="org.springframework.beans.factory.support.QualifierAnnotationAutowireContextTests" time="0.003"/>
  <testcase name="autowiredFieldDoesNotResolveWithMultipleQualifierValuesAndConflictingDefaultValue()" classname="org.springframework.beans.factory.support.QualifierAnnotationAutowireContextTests" time="0.005"/>
  <testcase name="autowiredConstructorArgumentWithSingleNonQualifiedCandidate()" classname="org.springframework.beans.factory.support.QualifierAnnotationAutowireContextTests" time="0.002"/>
  <testcase name="autowiredMethodParameterWithSingleNonQualifiedCandidate()" classname="org.springframework.beans.factory.support.QualifierAnnotationAutowireContextTests" time="0.004"/>
  <testcase name="autowiredMethodParameterWithStaticallyQualifiedCandidateAmongOthers()" classname="org.springframework.beans.factory.support.QualifierAnnotationAutowireContextTests" time="0.003"/>
  <testcase name="autowiredFieldResolvesQualifiedCandidateWithDefaultValueAndNoValueOnBeanDefinition()" classname="org.springframework.beans.factory.support.QualifierAnnotationAutowireContextTests" time="0.001"/>
  <testcase name="autowiredMethodParameterWithMultipleNonQualifiedCandidates()" classname="org.springframework.beans.factory.support.QualifierAnnotationAutowireContextTests" time="0.002"/>
  <testcase name="autowiredFieldResolvesWithDefaultValueAndExplicitDefaultValueOnBeanDefinition()" classname="org.springframework.beans.factory.support.QualifierAnnotationAutowireContextTests" time="0.002"/>
  <testcase name="autowiredMethodParameterWithStaticallyQualifiedCandidate()" classname="org.springframework.beans.factory.support.QualifierAnnotationAutowireContextTests" time="0.02"/>
  <testcase name="autowiredFieldDoesNotResolveWithBaseQualifierAndNonDefaultValueAndMultipleMatchingCandidates()" classname="org.springframework.beans.factory.support.QualifierAnnotationAutowireContextTests" time="0.005"/>
  <testcase name="autowiredFieldResolvesWithMultipleQualifierValues()" classname="org.springframework.beans.factory.support.QualifierAnnotationAutowireContextTests" time="0.004"/>
  <testcase name="autowiredMethodParameterWithSingleQualifiedCandidate()" classname="org.springframework.beans.factory.support.QualifierAnnotationAutowireContextTests" time="0.002"/>
  <testcase name="autowiredFieldResolvesWithBaseQualifierAndDefaultValue()" classname="org.springframework.beans.factory.support.QualifierAnnotationAutowireContextTests" time="0.001"/>
  <testcase name="autowiredFieldWithSingleQualifiedCandidate()" classname="org.springframework.beans.factory.support.QualifierAnnotationAutowireContextTests" time="0.005"/>
  <testcase name="autowiredFieldWithMultipleNonQualifiedCandidates()" classname="org.springframework.beans.factory.support.QualifierAnnotationAutowireContextTests" time="0.004"/>
  <testcase name="autowiredFieldResolvesMetaQualifiedCandidate()" classname="org.springframework.beans.factory.support.QualifierAnnotationAutowireContextTests" time="0.004"/>
  <testcase name="autowiredConstructorArgumentWithSingleQualifiedCandidate()" classname="org.springframework.beans.factory.support.QualifierAnnotationAutowireContextTests" time="0.001"/>
  <testcase name="autowiredFieldDoesNotResolveCandidateWithDefaultValueAndConflictingValueOnBeanDefinition()" classname="org.springframework.beans.factory.support.QualifierAnnotationAutowireContextTests" time="0.005"/>
  <testcase name="autowiredFieldDoesNotResolveWithMultipleQualifierValuesAndMultipleMatchingCandidates()" classname="org.springframework.beans.factory.support.QualifierAnnotationAutowireContextTests" time="0.002"/>
  <testcase name="autowiredMethodParameterResolvesQualifiedCandidate()" classname="org.springframework.beans.factory.support.QualifierAnnotationAutowireContextTests" time="0.002"/>
  <testcase name="autowiredFieldWithSingleNonQualifiedCandidate()" classname="org.springframework.beans.factory.support.QualifierAnnotationAutowireContextTests" time="0.003"/>
  <testcase name="autowiredFieldResolvesWithMultipleQualifierValuesAndExplicitDefaultValue()" classname="org.springframework.beans.factory.support.QualifierAnnotationAutowireContextTests" time="0.001"/>
  <system-out><![CDATA[17:32:32.063 [Test worker] WARN  o.s.c.s.GenericApplicationContext - Exception encountered during context initialization - cancelling refresh attempt: org.springframework.beans.factory.UnsatisfiedDependencyException: Error creating bean with name 'autowired': Unsatisfied dependency expressed through constructor parameter 0; nested exception is org.springframework.beans.factory.NoSuchBeanDefinitionException: No qualifying bean of type 'org.springframework.beans.factory.support.QualifierAnnotationAutowireContextTests$Person' available: expected at least 1 bean which qualifies as autowire candidate. Dependency annotations: {@org.springframework.beans.factory.support.QualifierAnnotationAutowireContextTests$TestQualifier()}
17:32:32.069 [Test worker] WARN  o.s.c.s.GenericApplicationContext - Exception encountered during context initialization - cancelling refresh attempt: org.springframework.beans.factory.UnsatisfiedDependencyException: Error creating bean with name 'autowired': Unsatisfied dependency expressed through field 'person'; nested exception is org.springframework.beans.factory.NoSuchBeanDefinitionException: No qualifying bean of type 'org.springframework.beans.factory.support.QualifierAnnotationAutowireContextTests$Person' available: expected at least 1 bean which qualifies as autowire candidate. Dependency annotations: {@org.springframework.beans.factory.annotation.Autowired(required=true), @org.springframework.beans.factory.support.QualifierAnnotationAutowireContextTests$TestQualifierWithMultipleAttributes(value=default, number=123)}
17:32:32.071 [Test worker] WARN  o.s.c.s.GenericApplicationContext - Exception encountered during context initialization - cancelling refresh attempt: org.springframework.beans.factory.UnsatisfiedDependencyException: Error creating bean with name 'autowired': Unsatisfied dependency expressed through constructor parameter 0; nested exception is org.springframework.beans.factory.NoSuchBeanDefinitionException: No qualifying bean of type 'org.springframework.beans.factory.support.QualifierAnnotationAutowireContextTests$Person' available: expected at least 1 bean which qualifies as autowire candidate. Dependency annotations: {@org.springframework.beans.factory.support.QualifierAnnotationAutowireContextTests$TestQualifier()}
17:32:32.076 [Test worker] WARN  o.s.c.s.GenericApplicationContext - Exception encountered during context initialization - cancelling refresh attempt: org.springframework.beans.factory.UnsatisfiedDependencyException: Error creating bean with name 'autowired': Unsatisfied dependency expressed through method 'setPerson' parameter 0; nested exception is org.springframework.beans.factory.NoSuchBeanDefinitionException: No qualifying bean of type 'org.springframework.beans.factory.support.QualifierAnnotationAutowireContextTests$Person' available: expected at least 1 bean which qualifies as autowire candidate. Dependency annotations: {@org.springframework.beans.factory.support.QualifierAnnotationAutowireContextTests$TestQualifier()}
17:32:32.083 [Test worker] WARN  o.s.c.s.GenericApplicationContext - Exception encountered during context initialization - cancelling refresh attempt: org.springframework.beans.factory.UnsatisfiedDependencyException: Error creating bean with name 'autowired': Unsatisfied dependency expressed through method 'setPerson' parameter 0; nested exception is org.springframework.beans.factory.NoSuchBeanDefinitionException: No qualifying bean of type 'org.springframework.beans.factory.support.QualifierAnnotationAutowireContextTests$Person' available: expected at least 1 bean which qualifies as autowire candidate. Dependency annotations: {@org.springframework.beans.factory.support.QualifierAnnotationAutowireContextTests$TestQualifier()}
17:32:32.112 [Test worker] WARN  o.s.c.s.GenericApplicationContext - Exception encountered during context initialization - cancelling refresh attempt: org.springframework.beans.factory.UnsatisfiedDependencyException: Error creating bean with name 'autowired': Unsatisfied dependency expressed through constructor parameter 0; nested exception is org.springframework.beans.factory.NoUniqueBeanDefinitionException: No qualifying bean of type 'org.springframework.beans.factory.support.QualifierAnnotationAutowireContextTests$Person' available: expected single matching bean but found 2: juergen1,juergen2
17:32:32.130 [Test worker] WARN  o.s.c.s.GenericApplicationContext - Exception encountered during context initialization - cancelling refresh attempt: org.springframework.beans.factory.UnsatisfiedDependencyException: Error creating bean with name 'autowired': Unsatisfied dependency expressed through field 'person'; nested exception is org.springframework.beans.factory.NoSuchBeanDefinitionException: No qualifying bean of type 'org.springframework.beans.factory.support.QualifierAnnotationAutowireContextTests$Person' available: expected at least 1 bean which qualifies as autowire candidate. Dependency annotations: {@org.springframework.beans.factory.annotation.Autowired(required=true), @org.springframework.beans.factory.support.QualifierAnnotationAutowireContextTests$TestQualifier()}
17:32:32.142 [Test worker] WARN  o.s.c.s.GenericApplicationContext - Exception encountered during context initialization - cancelling refresh attempt: org.springframework.beans.factory.UnsatisfiedDependencyException: Error creating bean with name 'autowired': Unsatisfied dependency expressed through field 'person'; nested exception is org.springframework.beans.factory.NoSuchBeanDefinitionException: No qualifying bean of type 'org.springframework.beans.factory.support.QualifierAnnotationAutowireContextTests$Person' available: expected at least 1 bean which qualifies as autowire candidate. Dependency annotations: {@org.springframework.beans.factory.annotation.Autowired(required=true), @org.springframework.beans.factory.support.QualifierAnnotationAutowireContextTests$TestQualifierWithDefaultValue(value=default)}
17:32:32.144 [Test worker] WARN  o.s.c.s.GenericApplicationContext - Exception encountered during context initialization - cancelling refresh attempt: org.springframework.beans.factory.UnsatisfiedDependencyException: Error creating bean with name 'autowired': Unsatisfied dependency expressed through field 'person'; nested exception is org.springframework.beans.factory.NoUniqueBeanDefinitionException: No qualifying bean of type 'org.springframework.beans.factory.support.QualifierAnnotationAutowireContextTests$Person' available: expected single matching bean but found 2: juergen,mark
17:32:32.148 [Test worker] WARN  o.s.c.s.GenericApplicationContext - Exception encountered during context initialization - cancelling refresh attempt: org.springframework.beans.factory.UnsatisfiedDependencyException: Error creating bean with name 'autowired': Unsatisfied dependency expressed through field 'person'; nested exception is org.springframework.beans.factory.NoSuchBeanDefinitionException: No qualifying bean of type 'org.springframework.beans.factory.support.QualifierAnnotationAutowireContextTests$Person' available: expected at least 1 bean which qualifies as autowire candidate. Dependency annotations: {@org.springframework.beans.factory.annotation.Autowired(required=true), @org.springframework.beans.factory.support.QualifierAnnotationAutowireContextTests$TestQualifier()}
]]></system-out>
  <system-err><![CDATA[]]></system-err>
</testsuite>
