<?xml version="1.0" encoding="UTF-8"?>
<testsuite name="org.springframework.aop.aspectj.AfterAdviceBindingTests" tests="6" skipped="0" failures="0" errors="0" timestamp="2021-04-26T07:41:27" hostname="wangweilideMacBook-Pro.local" time="0.15">
  <properties/>
  <testcase name="testNeedsJoinPoint()" classname="org.springframework.aop.aspectj.AfterAdviceBindingTests" time="0.036"/>
  <testcase name="testOneObjectArgBindingTarget()" classname="org.springframework.aop.aspectj.AfterAdviceBindingTests" time="0.025"/>
  <testcase name="testOneIntAndOneObjectArgs()" classname="org.springframework.aop.aspectj.AfterAdviceBindingTests" time="0.033"/>
  <testcase name="testNeedsJoinPointStaticPart()" classname="org.springframework.aop.aspectj.AfterAdviceBindingTests" time="0.017"/>
  <testcase name="testOneIntArg()" classname="org.springframework.aop.aspectj.AfterAdviceBindingTests" time="0.017"/>
  <testcase name="testOneObjectArgBindingProxyWithThis()" classname="org.springframework.aop.aspectj.AfterAdviceBindingTests" time="0.021"/>
  <system-out><![CDATA[]]></system-out>
  <system-err><![CDATA[]]></system-err>
</testsuite>
