<?xml version="1.0" encoding="UTF-8"?>
<testsuite name="org.springframework.validation.beanvalidation.ValidatorFactoryTests" tests="12" skipped="0" failures="0" errors="0" timestamp="2021-05-09T12:42:17" hostname="wangweilidembp" time="0.319">
  <properties/>
  <testcase name="testValidationWithOptionalField()" classname="org.springframework.validation.beanvalidation.ValidatorFactoryTests" time="0.024"/>
  <testcase name="testSpringValidationFieldType()" classname="org.springframework.validation.beanvalidation.ValidatorFactoryTests" time="0.036"/>
  <testcase name="testSpringValidationWithErrorInListElement()" classname="org.springframework.validation.beanvalidation.ValidatorFactoryTests" time="0.028"/>
  <testcase name="testSpringValidationWithClassLevel()" classname="org.springframework.validation.beanvalidation.ValidatorFactoryTests" time="0.023"/>
  <testcase name="testInnerBeanValidation()" classname="org.springframework.validation.beanvalidation.ValidatorFactoryTests" time="0.005"/>
  <testcase name="testSpringValidationWithErrorInSetElement()" classname="org.springframework.validation.beanvalidation.ValidatorFactoryTests" time="0.025"/>
  <testcase name="testSpringValidationWithAutowiredValidator()" classname="org.springframework.validation.beanvalidation.ValidatorFactoryTests" time="0.045"/>
  <testcase name="testSimpleValidation()" classname="org.springframework.validation.beanvalidation.ValidatorFactoryTests" time="0.022"/>
  <testcase name="testListValidation()" classname="org.springframework.validation.beanvalidation.ValidatorFactoryTests" time="0.014"/>
  <testcase name="testSimpleValidationWithClassLevel()" classname="org.springframework.validation.beanvalidation.ValidatorFactoryTests" time="0.036"/>
  <testcase name="testSimpleValidationWithCustomProvider()" classname="org.springframework.validation.beanvalidation.ValidatorFactoryTests" time="0.028"/>
  <testcase name="testSpringValidation()" classname="org.springframework.validation.beanvalidation.ValidatorFactoryTests" time="0.031"/>
  <system-out><![CDATA[]]></system-out>
  <system-err><![CDATA[]]></system-err>
</testsuite>
