<?xml version="1.0" encoding="UTF-8"?>
<testsuite name="org.springframework.context.support.ApplicationContextLifecycleTests" tests="4" skipped="0" failures="0" errors="0" timestamp="2021-05-01T09:31:50" hostname="wangweilideMBP.lan" time="0.033">
  <properties/>
  <testcase name="testStopOrder()" classname="org.springframework.context.support.ApplicationContextLifecycleTests" time="0.011"/>
  <testcase name="testBeansStop()" classname="org.springframework.context.support.ApplicationContextLifecycleTests" time="0.007"/>
  <testcase name="testBeansStart()" classname="org.springframework.context.support.ApplicationContextLifecycleTests" time="0.007"/>
  <testcase name="testStartOrder()" classname="org.springframework.context.support.ApplicationContextLifecycleTests" time="0.008"/>
  <system-out><![CDATA[]]></system-out>
  <system-err><![CDATA[]]></system-err>
</testsuite>
