<?xml version="1.0" encoding="UTF-8"?>
<testsuite name="InstantFormatter unit tests" tests="30" skipped="0" failures="0" errors="0" timestamp="2021-05-09T12:42:16" hostname="wangweilidembp" time="0.02">
  <properties/>
  <testcase name="[1] input=2021-05-09T12:42:16.685067Z" classname="org.springframework.format.datetime.standard.InstantFormatterTests" time="0.0"/>
  <testcase name="[2] input=+937330661-11-06T20:27:43Z" classname="org.springframework.format.datetime.standard.InstantFormatterTests" time="0.001"/>
  <testcase name="[3] input=+391295749-04-06T05:31:45Z" classname="org.springframework.format.datetime.standard.InstantFormatterTests" time="0.0"/>
  <testcase name="[4] input=-103305509-12-23T23:05:08Z" classname="org.springframework.format.datetime.standard.InstantFormatterTests" time="0.0"/>
  <testcase name="[5] input=+651716502-09-12T21:33:41Z" classname="org.springframework.format.datetime.standard.InstantFormatterTests" time="0.001"/>
  <testcase name="[6] input=+457225255-03-19T14:33:57Z" classname="org.springframework.format.datetime.standard.InstantFormatterTests" time="0.0"/>
  <testcase name="[7] input=+128400620-10-18T06:32:16Z" classname="org.springframework.format.datetime.standard.InstantFormatterTests" time="0.0"/>
  <testcase name="[8] input=-818819862-06-04T05:49:50Z" classname="org.springframework.format.datetime.standard.InstantFormatterTests" time="0.0"/>
  <testcase name="[9] input=-349868724-11-27T16:25:57Z" classname="org.springframework.format.datetime.standard.InstantFormatterTests" time="0.0"/>
  <testcase name="[10] input=+409719769-08-16T12:52:42Z" classname="org.springframework.format.datetime.standard.InstantFormatterTests" time="0.0"/>
  <testcase name="[1] input=2021-05-09T12:42:16.695977Z" classname="org.springframework.format.datetime.standard.InstantFormatterTests" time="0.0"/>
  <testcase name="[2] input=+357041969-08-10T16:38:49Z" classname="org.springframework.format.datetime.standard.InstantFormatterTests" time="0.0"/>
  <testcase name="[3] input=-358128792-12-01T13:29:50Z" classname="org.springframework.format.datetime.standard.InstantFormatterTests" time="0.0"/>
  <testcase name="[4] input=-465495672-03-22T03:19:15Z" classname="org.springframework.format.datetime.standard.InstantFormatterTests" time="0.0"/>
  <testcase name="[5] input=+724853624-08-10T20:19:28Z" classname="org.springframework.format.datetime.standard.InstantFormatterTests" time="0.0"/>
  <testcase name="[6] input=-62797351-09-02T04:00:35Z" classname="org.springframework.format.datetime.standard.InstantFormatterTests" time="0.0"/>
  <testcase name="[7] input=-993934682-03-05T16:39:23Z" classname="org.springframework.format.datetime.standard.InstantFormatterTests" time="0.001"/>
  <testcase name="[8] input=-601005850-03-03T21:44:07Z" classname="org.springframework.format.datetime.standard.InstantFormatterTests" time="0.0"/>
  <testcase name="[9] input=+618753201-09-22T17:55:13Z" classname="org.springframework.format.datetime.standard.InstantFormatterTests" time="0.0"/>
  <testcase name="[10] input=-932449812-07-31T18:51:17Z" classname="org.springframework.format.datetime.standard.InstantFormatterTests" time="0.0"/>
  <testcase name="[1] input=Sun, 9 May 2021 20:42:16 +0800" classname="org.springframework.format.datetime.standard.InstantFormatterTests" time="0.001"/>
  <testcase name="[2] input=Mon, 4 Mar 4441 08:14:04 +0800" classname="org.springframework.format.datetime.standard.InstantFormatterTests" time="0.0"/>
  <testcase name="[3] input=Sat, 25 Sep 3300 15:03:07 +0800" classname="org.springframework.format.datetime.standard.InstantFormatterTests" time="0.0"/>
  <testcase name="[4] input=Sun, 4 Sep 9774 07:25:53 +0800" classname="org.springframework.format.datetime.standard.InstantFormatterTests" time="0.001"/>
  <testcase name="[5] input=Fri, 1 Mar 9839 06:59:42 +0800" classname="org.springframework.format.datetime.standard.InstantFormatterTests" time="0.0"/>
  <testcase name="[6] input=Sun, 18 Aug 7258 02:16:37 +0800" classname="org.springframework.format.datetime.standard.InstantFormatterTests" time="0.001"/>
  <testcase name="[7] input=Mon, 15 Nov 2258 09:41:41 +0800" classname="org.springframework.format.datetime.standard.InstantFormatterTests" time="0.001"/>
  <testcase name="[8] input=Wed, 2 Dec 7068 00:06:39 +0800" classname="org.springframework.format.datetime.standard.InstantFormatterTests" time="0.0"/>
  <testcase name="[9] input=Thu, 7 May 5739 01:18:47 +0800" classname="org.springframework.format.datetime.standard.InstantFormatterTests" time="0.0"/>
  <testcase name="[10] input=Mon, 1 Dec 0279 18:13:52 +0805" classname="org.springframework.format.datetime.standard.InstantFormatterTests" time="0.0"/>
  <system-out><![CDATA[]]></system-out>
  <system-err><![CDATA[]]></system-err>
</testsuite>
