<?xml version="1.0" encoding="UTF-8"?>
<testsuite name="org.springframework.context.annotation.AsmCircularImportDetectionTests" tests="2" skipped="0" failures="0" errors="0" timestamp="2021-05-01T09:31:47" hostname="wangweilideMBP.lan" time="0.005">
  <properties/>
  <testcase name="complexCircularImportIsDetected()" classname="org.springframework.context.annotation.AsmCircularImportDetectionTests" time="0.003"/>
  <testcase name="simpleCircularImportIsDetected()" classname="org.springframework.context.annotation.AsmCircularImportDetectionTests" time="0.002"/>
  <system-out><![CDATA[]]></system-out>
  <system-err><![CDATA[]]></system-err>
</testsuite>
