<?xml version="1.0" encoding="UTF-8"?>
<testsuite name="org.springframework.aop.aspectj.SubtypeSensitiveMatchingTests" tests="3" skipped="0" failures="0" errors="0" timestamp="2021-04-26T07:41:26" hostname="wangweilideMacBook-Pro.local" time="0.057">
  <properties/>
  <testcase name="testBeansAreProxiedOnStaticMatch()" classname="org.springframework.aop.aspectj.SubtypeSensitiveMatchingTests" time="0.02"/>
  <testcase name="testBeansThatDoNotMatchBasedSolelyOnRuntimeTypeAreNotProxied()" classname="org.springframework.aop.aspectj.SubtypeSensitiveMatchingTests" time="0.017"/>
  <testcase name="testBeansThatDoNotMatchBasedOnOtherTestAreProxied()" classname="org.springframework.aop.aspectj.SubtypeSensitiveMatchingTests" time="0.02"/>
  <system-out><![CDATA[]]></system-out>
  <system-err><![CDATA[]]></system-err>
</testsuite>
