<?xml version="1.0" encoding="UTF-8"?>
<testsuite name="org.springframework.aop.aspectj.generic.GenericParameterMatchingTests" tests="3" skipped="0" failures="0" errors="0" timestamp="2021-04-26T07:41:27" hostname="wangweilideMacBook-Pro.local" time="0.053">
  <properties/>
  <testcase name="testGenericInterfaceSubtypeGenericCollectionArgExecution()" classname="org.springframework.aop.aspectj.generic.GenericParameterMatchingTests" time="0.019"/>
  <testcase name="testGenericInterfaceGenericArgExecution()" classname="org.springframework.aop.aspectj.generic.GenericParameterMatchingTests" time="0.017"/>
  <testcase name="testGenericInterfaceGenericCollectionArgExecution()" classname="org.springframework.aop.aspectj.generic.GenericParameterMatchingTests" time="0.017"/>
  <system-out><![CDATA[]]></system-out>
  <system-err><![CDATA[]]></system-err>
</testsuite>
