<?xml version="1.0" encoding="UTF-8"?>
<testsuite name="org.springframework.context.annotation.ConfigurationClassAndBFPPTests" tests="3" skipped="0" failures="0" errors="0" timestamp="2021-04-26T07:40:46" hostname="wangweilideMacBook-Pro.local" time="0.024">
  <properties/>
  <testcase name="autowiringSucceedsWithBFPPAsStaticMethod()" classname="org.springframework.context.annotation.ConfigurationClassAndBFPPTests" time="0.01"/>
  <testcase name="autowiringFailsWithBFPPAsInstanceMethod()" classname="org.springframework.context.annotation.ConfigurationClassAndBFPPTests" time="0.008"/>
  <testcase name="staticBeanMethodsDoNotRespectScoping()" classname="org.springframework.context.annotation.ConfigurationClassAndBFPPTests" time="0.005"/>
  <system-out><![CDATA[]]></system-out>
  <system-err><![CDATA[]]></system-err>
</testsuite>
