<?xml version="1.0" encoding="UTF-8"?>
<testsuite name="org.springframework.aop.aspectj.SubtypeSensitiveMatchingTests" tests="3" skipped="0" failures="0" errors="0" timestamp="2021-05-01T09:32:28" hostname="wangweilideMBP.lan" time="0.052">
  <properties/>
  <testcase name="testBeansAreProxiedOnStaticMatch()" classname="org.springframework.aop.aspectj.SubtypeSensitiveMatchingTests" time="0.023"/>
  <testcase name="testBeansThatDoNotMatchBasedSolelyOnRuntimeTypeAreNotProxied()" classname="org.springframework.aop.aspectj.SubtypeSensitiveMatchingTests" time="0.013"/>
  <testcase name="testBeansThatDoNotMatchBasedOnOtherTestAreProxied()" classname="org.springframework.aop.aspectj.SubtypeSensitiveMatchingTests" time="0.015"/>
  <system-out><![CDATA[]]></system-out>
  <system-err><![CDATA[]]></system-err>
</testsuite>
