<?xml version="1.0" encoding="UTF-8"?>
<testsuite name="org.springframework.context.annotation.Spr11310Tests" tests="2" skipped="0" failures="0" errors="0" timestamp="2021-05-01T09:31:49" hostname="wangweilideMBP.lan" time="0.009">
  <properties/>
  <testcase name="orderedArray()" classname="org.springframework.context.annotation.Spr11310Tests" time="0.006"/>
  <testcase name="orderedList()" classname="org.springframework.context.annotation.Spr11310Tests" time="0.003"/>
  <system-out><![CDATA[]]></system-out>
  <system-err><![CDATA[]]></system-err>
</testsuite>
