<?xml version="1.0" encoding="UTF-8"?>
<testsuite name="org.springframework.scheduling.config.LazyScheduledTasksBeanDefinitionParserTests" tests="1" skipped="0" failures="0" errors="0" timestamp="2021-05-01T09:32:14" hostname="wangweilideMBP.lan" time="0.034">
  <properties/>
  <testcase name="checkTarget()" classname="org.springframework.scheduling.config.LazyScheduledTasksBeanDefinitionParserTests" time="0.034"/>
  <system-out><![CDATA[]]></system-out>
  <system-err><![CDATA[]]></system-err>
</testsuite>
