<?xml version="1.0" encoding="UTF-8"?>
<testsuite name="org.springframework.scripting.support.ResourceScriptSourceTests" tests="4" skipped="0" failures="0" errors="0" timestamp="2021-05-09T12:41:49" hostname="wangweilidembp" time="0.019">
  <properties/>
  <testcase name="beginsInModifiedState()" classname="org.springframework.scripting.support.ResourceScriptSourceTests" time="0.015"/>
  <testcase name="lastModifiedWorksWithResourceThatDoesNotSupportFileBasedAccessAtAll()" classname="org.springframework.scripting.support.ResourceScriptSourceTests" time="0.001"/>
  <testcase name="doesNotPropagateFatalExceptionOnResourceThatCannotBeResolvedToAFile()" classname="org.springframework.scripting.support.ResourceScriptSourceTests" time="0.001"/>
  <testcase name="lastModifiedWorksWithResourceThatDoesNotSupportFileBasedReading()" classname="org.springframework.scripting.support.ResourceScriptSourceTests" time="0.002"/>
  <system-out><![CDATA[]]></system-out>
  <system-err><![CDATA[]]></system-err>
</testsuite>
