<?xml version="1.0" encoding="UTF-8"?>
<testsuite name="org.springframework.aop.aspectj.autoproxy.benchmark.BenchmarkTests" tests="8" skipped="0" failures="0" errors="0" timestamp="2021-04-26T07:41:25" hostname="wangweilideMacBook-Pro.local" time="0.164">
  <properties/>
  <testcase name="testRepeatedMixWithSpringAop()" classname="org.springframework.aop.aspectj.autoproxy.benchmark.BenchmarkTests" time="0.037"/>
  <testcase name="testRepeatedAroundAdviceInvocationsWithSpringAop()" classname="org.springframework.aop.aspectj.autoproxy.benchmark.BenchmarkTests" time="0.016"/>
  <testcase name="testRepeatedBeforeAdviceInvocationsWithAspectJ()" classname="org.springframework.aop.aspectj.autoproxy.benchmark.BenchmarkTests" time="0.016"/>
  <testcase name="testRepeatedAroundAdviceInvocationsWithAspectJ()" classname="org.springframework.aop.aspectj.autoproxy.benchmark.BenchmarkTests" time="0.017"/>
  <testcase name="testRepeatedAfterReturningAdviceInvocationsWithAspectJ()" classname="org.springframework.aop.aspectj.autoproxy.benchmark.BenchmarkTests" time="0.02"/>
  <testcase name="testRepeatedBeforeAdviceInvocationsWithSpringAop()" classname="org.springframework.aop.aspectj.autoproxy.benchmark.BenchmarkTests" time="0.017"/>
  <testcase name="testRepeatedAfterReturningAdviceInvocationsWithSpringAop()" classname="org.springframework.aop.aspectj.autoproxy.benchmark.BenchmarkTests" time="0.019"/>
  <testcase name="testRepeatedMixWithAspectJ()" classname="org.springframework.aop.aspectj.autoproxy.benchmark.BenchmarkTests" time="0.021"/>
  <system-out><![CDATA[StopWatch '': running time = 1056864 ns
---------------------------------------------
ns         %     Task name
---------------------------------------------
001056864  100%  10 repeated mixed invocations with Spring AOP

StopWatch '': running time = 166120 ns
---------------------------------------------
ns         %     Task name
---------------------------------------------
000166120  100%  10 repeated around advice invocations with Spring AOP

StopWatch '': running time = 486745 ns
---------------------------------------------
ns         %     Task name
---------------------------------------------
000486745  100%  10 repeated before advice invocations with AspectJ

StopWatch '': running time = 336720 ns
---------------------------------------------
ns         %     Task name
---------------------------------------------
000336720  100%  10 repeated around advice invocations with AspectJ

StopWatch '': running time = 764281 ns
---------------------------------------------
ns         %     Task name
---------------------------------------------
000764281  100%  10 repeated after returning advice invocations with AspectJ

StopWatch '': running time = 231490 ns
---------------------------------------------
ns         %     Task name
---------------------------------------------
000231490  100%  10 repeated before advice invocations with Spring AOP

StopWatch '': running time = 251951 ns
---------------------------------------------
ns         %     Task name
---------------------------------------------
000251951  100%  10 repeated after returning advice invocations with Spring AOP

StopWatch '': running time = 2159282 ns
---------------------------------------------
ns         %     Task name
---------------------------------------------
002159282  100%  10 repeated mixed invocations with AspectJ

]]></system-out>
  <system-err><![CDATA[]]></system-err>
</testsuite>
