<?xml version="1.0" encoding="UTF-8"?>
<testsuite name="org.springframework.jmx.export.annotation.EnableMBeanExportConfigurationTests" tests="8" skipped="0" failures="0" errors="0" timestamp="2021-05-01T09:32:23" hostname="wangweilideMBP.lan" time="0.161">
  <properties/>
  <testcase name="testOnlyTargetClassIsExposed()" classname="org.springframework.jmx.export.annotation.EnableMBeanExportConfigurationTests" time="0.042"/>
  <testcase name="testComponentScan()" classname="org.springframework.jmx.export.annotation.EnableMBeanExportConfigurationTests" time="0.036"/>
  <testcase name="testPackagePrivateClassExtensionCanBeExposed()" classname="org.springframework.jmx.export.annotation.EnableMBeanExportConfigurationTests" time="0.015"/>
  <testcase name="testPackagePrivateExtensionCantBeExposed()" classname="org.springframework.jmx.export.annotation.EnableMBeanExportConfigurationTests" time="0.011"/>
  <testcase name="testLazyNaming()" classname="org.springframework.jmx.export.annotation.EnableMBeanExportConfigurationTests" time="0.013"/>
  <testcase name="testLazyAssembling()" classname="org.springframework.jmx.export.annotation.EnableMBeanExportConfigurationTests" time="0.022"/>
  <testcase name="testPlaceholderBased()" classname="org.springframework.jmx.export.annotation.EnableMBeanExportConfigurationTests" time="0.013"/>
  <testcase name="testPackagePrivateImplementationCantBeExposed()" classname="org.springframework.jmx.export.annotation.EnableMBeanExportConfigurationTests" time="0.008"/>
  <system-out><![CDATA[]]></system-out>
  <system-err><![CDATA[]]></system-err>
</testsuite>
