<?xml version="1.0" encoding="UTF-8"?>
<testsuite name="org.springframework.context.annotation.ComponentScanParserWithUserDefinedStrategiesTests" tests="4" skipped="0" failures="0" errors="0" timestamp="2021-04-26T07:40:49" hostname="wangweilideMacBook-Pro.local" time="0.078">
  <properties/>
  <testcase name="testInvalidConstructorBeanNameGenerator()" classname="org.springframework.context.annotation.ComponentScanParserWithUserDefinedStrategiesTests" time="0.015"/>
  <testcase name="testCustomScopeMetadataResolver()" classname="org.springframework.context.annotation.ComponentScanParserWithUserDefinedStrategiesTests" time="0.027"/>
  <testcase name="testCustomBeanNameGenerator()" classname="org.springframework.context.annotation.ComponentScanParserWithUserDefinedStrategiesTests" time="0.021"/>
  <testcase name="testInvalidClassNameScopeMetadataResolver()" classname="org.springframework.context.annotation.ComponentScanParserWithUserDefinedStrategiesTests" time="0.014"/>
  <system-out><![CDATA[]]></system-out>
  <system-err><![CDATA[]]></system-err>
</testsuite>
