<?xml version="1.0" encoding="UTF-8"?>
<testsuite name="org.springframework.scripting.groovy.GroovyScriptEvaluatorTests" tests="8" skipped="0" failures="0" errors="0" timestamp="2021-05-09T12:41:53" hostname="wangweilidembp" time="0.093">
  <properties/>
  <testcase name="testGroovyScriptWithArguments()" classname="org.springframework.scripting.groovy.GroovyScriptEvaluatorTests" time="0.038"/>
  <testcase name="testGroovyScriptWithImportCustomizer()" classname="org.springframework.scripting.groovy.GroovyScriptEvaluatorTests" time="0.012"/>
  <testcase name="testGroovyScriptFromFileUsingJsr223()" classname="org.springframework.scripting.groovy.GroovyScriptEvaluatorTests" time="0.011"/>
  <testcase name="testGroovyScriptWithArgumentsUsingJsr223()" classname="org.springframework.scripting.groovy.GroovyScriptEvaluatorTests" time="0.009"/>
  <testcase name="testGroovyScriptFromFile()" classname="org.springframework.scripting.groovy.GroovyScriptEvaluatorTests" time="0.007"/>
  <testcase name="testGroovyScriptFromStringUsingJsr223()" classname="org.springframework.scripting.groovy.GroovyScriptEvaluatorTests" time="0.006"/>
  <testcase name="testGroovyScriptWithCompilerConfiguration()" classname="org.springframework.scripting.groovy.GroovyScriptEvaluatorTests" time="0.005"/>
  <testcase name="testGroovyScriptFromString()" classname="org.springframework.scripting.groovy.GroovyScriptEvaluatorTests" time="0.004"/>
  <system-out><![CDATA[]]></system-out>
  <system-err><![CDATA[]]></system-err>
</testsuite>
