<?xml version="1.0" encoding="UTF-8"?>
<testsuite name="org.springframework.scheduling.support.CronTriggerTests" tests="112" skipped="0" failures="0" errors="0" timestamp="2021-04-26T07:41:13" hostname="wangweilideMacBook-Pro.local" time="0.194">
  <properties/>
  <testcase name="[1] localDateTime[2021-04-26T15:41:13.327], time zone[sun.util.calendar.ZoneInfo[id=&quot;PST&quot;,offset=-28800000,dstSavings=3600000,useDaylight=true,transitions=185,lastRule=java.util.SimpleTimeZone[id=PST,offset=-28800000,dstSavings=3600000,useDaylight=true,startYear=0,startMode=3,startMonth=2,startDay=8,startDayOfWeek=1,startTime=7200000,startTimeMode=0,endMode=3,endMonth=10,endDay=1,endDayOfWeek=1,endTime=7200000,endTimeMode=0]]]" classname="org.springframework.scheduling.support.CronTriggerTests" time="0.015"/>
  <testcase name="[2] localDateTime[2021-04-26T15:41:13.378], time zone[sun.util.calendar.ZoneInfo[id=&quot;CET&quot;,offset=3600000,dstSavings=3600000,useDaylight=true,transitions=137,lastRule=java.util.SimpleTimeZone[id=CET,offset=3600000,dstSavings=3600000,useDaylight=true,startYear=0,startMode=2,startMonth=2,startDay=-1,startDayOfWeek=1,startTime=7200000,startTimeMode=1,endMode=2,endMonth=9,endDay=-1,endDayOfWeek=1,endTime=7200000,endTimeMode=1]]]" classname="org.springframework.scheduling.support.CronTriggerTests" time="0.0"/>
  <testcase name="[1] localDateTime[2021-04-26T15:41:13.422], time zone[sun.util.calendar.ZoneInfo[id=&quot;PST&quot;,offset=-28800000,dstSavings=3600000,useDaylight=true,transitions=185,lastRule=java.util.SimpleTimeZone[id=PST,offset=-28800000,dstSavings=3600000,useDaylight=true,startYear=0,startMode=3,startMonth=2,startDay=8,startDayOfWeek=1,startTime=7200000,startTimeMode=0,endMode=3,endMonth=10,endDay=1,endDayOfWeek=1,endTime=7200000,endTimeMode=0]]]" classname="org.springframework.scheduling.support.CronTriggerTests" time="0.001"/>
  <testcase name="[2] localDateTime[2021-04-26T15:41:13.422], time zone[sun.util.calendar.ZoneInfo[id=&quot;CET&quot;,offset=3600000,dstSavings=3600000,useDaylight=true,transitions=137,lastRule=java.util.SimpleTimeZone[id=CET,offset=3600000,dstSavings=3600000,useDaylight=true,startYear=0,startMode=2,startMonth=2,startDay=-1,startDayOfWeek=1,startTime=7200000,startTimeMode=1,endMode=2,endMonth=9,endDay=-1,endDayOfWeek=1,endTime=7200000,endTimeMode=1]]]" classname="org.springframework.scheduling.support.CronTriggerTests" time="0.0"/>
  <testcase name="[1] localDateTime[2021-04-26T15:41:13.425], time zone[sun.util.calendar.ZoneInfo[id=&quot;PST&quot;,offset=-28800000,dstSavings=3600000,useDaylight=true,transitions=185,lastRule=java.util.SimpleTimeZone[id=PST,offset=-28800000,dstSavings=3600000,useDaylight=true,startYear=0,startMode=3,startMonth=2,startDay=8,startDayOfWeek=1,startTime=7200000,startTimeMode=0,endMode=3,endMonth=10,endDay=1,endDayOfWeek=1,endTime=7200000,endTimeMode=0]]]" classname="org.springframework.scheduling.support.CronTriggerTests" time="0.001"/>
  <testcase name="[2] localDateTime[2021-04-26T15:41:13.425], time zone[sun.util.calendar.ZoneInfo[id=&quot;CET&quot;,offset=3600000,dstSavings=3600000,useDaylight=true,transitions=137,lastRule=java.util.SimpleTimeZone[id=CET,offset=3600000,dstSavings=3600000,useDaylight=true,startYear=0,startMode=2,startMonth=2,startDay=-1,startDayOfWeek=1,startTime=7200000,startTimeMode=1,endMode=2,endMonth=9,endDay=-1,endDayOfWeek=1,endTime=7200000,endTimeMode=1]]]" classname="org.springframework.scheduling.support.CronTriggerTests" time="0.0"/>
  <testcase name="[1] localDateTime[2021-04-26T15:41:13.429], time zone[sun.util.calendar.ZoneInfo[id=&quot;PST&quot;,offset=-28800000,dstSavings=3600000,useDaylight=true,transitions=185,lastRule=java.util.SimpleTimeZone[id=PST,offset=-28800000,dstSavings=3600000,useDaylight=true,startYear=0,startMode=3,startMonth=2,startDay=8,startDayOfWeek=1,startTime=7200000,startTimeMode=0,endMode=3,endMonth=10,endDay=1,endDayOfWeek=1,endTime=7200000,endTimeMode=0]]]" classname="org.springframework.scheduling.support.CronTriggerTests" time="0.001"/>
  <testcase name="[2] localDateTime[2021-04-26T15:41:13.429], time zone[sun.util.calendar.ZoneInfo[id=&quot;CET&quot;,offset=3600000,dstSavings=3600000,useDaylight=true,transitions=137,lastRule=java.util.SimpleTimeZone[id=CET,offset=3600000,dstSavings=3600000,useDaylight=true,startYear=0,startMode=2,startMonth=2,startDay=-1,startDayOfWeek=1,startTime=7200000,startTimeMode=1,endMode=2,endMonth=9,endDay=-1,endDayOfWeek=1,endTime=7200000,endTimeMode=1]]]" classname="org.springframework.scheduling.support.CronTriggerTests" time="0.0"/>
  <testcase name="[1] localDateTime[2021-04-26T15:41:13.433], time zone[sun.util.calendar.ZoneInfo[id=&quot;PST&quot;,offset=-28800000,dstSavings=3600000,useDaylight=true,transitions=185,lastRule=java.util.SimpleTimeZone[id=PST,offset=-28800000,dstSavings=3600000,useDaylight=true,startYear=0,startMode=3,startMonth=2,startDay=8,startDayOfWeek=1,startTime=7200000,startTimeMode=0,endMode=3,endMonth=10,endDay=1,endDayOfWeek=1,endTime=7200000,endTimeMode=0]]]" classname="org.springframework.scheduling.support.CronTriggerTests" time="0.001"/>
  <testcase name="[2] localDateTime[2021-04-26T15:41:13.433], time zone[sun.util.calendar.ZoneInfo[id=&quot;CET&quot;,offset=3600000,dstSavings=3600000,useDaylight=true,transitions=137,lastRule=java.util.SimpleTimeZone[id=CET,offset=3600000,dstSavings=3600000,useDaylight=true,startYear=0,startMode=2,startMonth=2,startDay=-1,startDayOfWeek=1,startTime=7200000,startTimeMode=1,endMode=2,endMonth=9,endDay=-1,endDayOfWeek=1,endTime=7200000,endTimeMode=1]]]" classname="org.springframework.scheduling.support.CronTriggerTests" time="0.001"/>
  <testcase name="[1] localDateTime[2021-04-26T15:41:13.437], time zone[sun.util.calendar.ZoneInfo[id=&quot;PST&quot;,offset=-28800000,dstSavings=3600000,useDaylight=true,transitions=185,lastRule=java.util.SimpleTimeZone[id=PST,offset=-28800000,dstSavings=3600000,useDaylight=true,startYear=0,startMode=3,startMonth=2,startDay=8,startDayOfWeek=1,startTime=7200000,startTimeMode=0,endMode=3,endMonth=10,endDay=1,endDayOfWeek=1,endTime=7200000,endTimeMode=0]]]" classname="org.springframework.scheduling.support.CronTriggerTests" time="0.001"/>
  <testcase name="[2] localDateTime[2021-04-26T15:41:13.437], time zone[sun.util.calendar.ZoneInfo[id=&quot;CET&quot;,offset=3600000,dstSavings=3600000,useDaylight=true,transitions=137,lastRule=java.util.SimpleTimeZone[id=CET,offset=3600000,dstSavings=3600000,useDaylight=true,startYear=0,startMode=2,startMonth=2,startDay=-1,startDayOfWeek=1,startTime=7200000,startTimeMode=1,endMode=2,endMonth=9,endDay=-1,endDayOfWeek=1,endTime=7200000,endTimeMode=1]]]" classname="org.springframework.scheduling.support.CronTriggerTests" time="0.001"/>
  <testcase name="[1] localDateTime[2021-04-26T15:41:13.440], time zone[sun.util.calendar.ZoneInfo[id=&quot;PST&quot;,offset=-28800000,dstSavings=3600000,useDaylight=true,transitions=185,lastRule=java.util.SimpleTimeZone[id=PST,offset=-28800000,dstSavings=3600000,useDaylight=true,startYear=0,startMode=3,startMonth=2,startDay=8,startDayOfWeek=1,startTime=7200000,startTimeMode=0,endMode=3,endMonth=10,endDay=1,endDayOfWeek=1,endTime=7200000,endTimeMode=0]]]" classname="org.springframework.scheduling.support.CronTriggerTests" time="0.0"/>
  <testcase name="[2] localDateTime[2021-04-26T15:41:13.440], time zone[sun.util.calendar.ZoneInfo[id=&quot;CET&quot;,offset=3600000,dstSavings=3600000,useDaylight=true,transitions=137,lastRule=java.util.SimpleTimeZone[id=CET,offset=3600000,dstSavings=3600000,useDaylight=true,startYear=0,startMode=2,startMonth=2,startDay=-1,startDayOfWeek=1,startTime=7200000,startTimeMode=1,endMode=2,endMonth=9,endDay=-1,endDayOfWeek=1,endTime=7200000,endTimeMode=1]]]" classname="org.springframework.scheduling.support.CronTriggerTests" time="0.001"/>
  <testcase name="[1] localDateTime[2021-04-26T15:41:13.443], time zone[sun.util.calendar.ZoneInfo[id=&quot;PST&quot;,offset=-28800000,dstSavings=3600000,useDaylight=true,transitions=185,lastRule=java.util.SimpleTimeZone[id=PST,offset=-28800000,dstSavings=3600000,useDaylight=true,startYear=0,startMode=3,startMonth=2,startDay=8,startDayOfWeek=1,startTime=7200000,startTimeMode=0,endMode=3,endMonth=10,endDay=1,endDayOfWeek=1,endTime=7200000,endTimeMode=0]]]" classname="org.springframework.scheduling.support.CronTriggerTests" time="0.0"/>
  <testcase name="[2] localDateTime[2021-04-26T15:41:13.443], time zone[sun.util.calendar.ZoneInfo[id=&quot;CET&quot;,offset=3600000,dstSavings=3600000,useDaylight=true,transitions=137,lastRule=java.util.SimpleTimeZone[id=CET,offset=3600000,dstSavings=3600000,useDaylight=true,startYear=0,startMode=2,startMonth=2,startDay=-1,startDayOfWeek=1,startTime=7200000,startTimeMode=1,endMode=2,endMonth=9,endDay=-1,endDayOfWeek=1,endTime=7200000,endTimeMode=1]]]" classname="org.springframework.scheduling.support.CronTriggerTests" time="0.001"/>
  <testcase name="[1] localDateTime[2021-04-26T15:41:13.447], time zone[sun.util.calendar.ZoneInfo[id=&quot;PST&quot;,offset=-28800000,dstSavings=3600000,useDaylight=true,transitions=185,lastRule=java.util.SimpleTimeZone[id=PST,offset=-28800000,dstSavings=3600000,useDaylight=true,startYear=0,startMode=3,startMonth=2,startDay=8,startDayOfWeek=1,startTime=7200000,startTimeMode=0,endMode=3,endMonth=10,endDay=1,endDayOfWeek=1,endTime=7200000,endTimeMode=0]]]" classname="org.springframework.scheduling.support.CronTriggerTests" time="0.001"/>
  <testcase name="[2] localDateTime[2021-04-26T15:41:13.447], time zone[sun.util.calendar.ZoneInfo[id=&quot;CET&quot;,offset=3600000,dstSavings=3600000,useDaylight=true,transitions=137,lastRule=java.util.SimpleTimeZone[id=CET,offset=3600000,dstSavings=3600000,useDaylight=true,startYear=0,startMode=2,startMonth=2,startDay=-1,startDayOfWeek=1,startTime=7200000,startTimeMode=1,endMode=2,endMonth=9,endDay=-1,endDayOfWeek=1,endTime=7200000,endTimeMode=1]]]" classname="org.springframework.scheduling.support.CronTriggerTests" time="0.001"/>
  <testcase name="[1] localDateTime[2021-04-26T15:41:13.450], time zone[sun.util.calendar.ZoneInfo[id=&quot;PST&quot;,offset=-28800000,dstSavings=3600000,useDaylight=true,transitions=185,lastRule=java.util.SimpleTimeZone[id=PST,offset=-28800000,dstSavings=3600000,useDaylight=true,startYear=0,startMode=3,startMonth=2,startDay=8,startDayOfWeek=1,startTime=7200000,startTimeMode=0,endMode=3,endMonth=10,endDay=1,endDayOfWeek=1,endTime=7200000,endTimeMode=0]]]" classname="org.springframework.scheduling.support.CronTriggerTests" time="0.0"/>
  <testcase name="[2] localDateTime[2021-04-26T15:41:13.450], time zone[sun.util.calendar.ZoneInfo[id=&quot;CET&quot;,offset=3600000,dstSavings=3600000,useDaylight=true,transitions=137,lastRule=java.util.SimpleTimeZone[id=CET,offset=3600000,dstSavings=3600000,useDaylight=true,startYear=0,startMode=2,startMonth=2,startDay=-1,startDayOfWeek=1,startTime=7200000,startTimeMode=1,endMode=2,endMonth=9,endDay=-1,endDayOfWeek=1,endTime=7200000,endTimeMode=1]]]" classname="org.springframework.scheduling.support.CronTriggerTests" time="0.001"/>
  <testcase name="[1] localDateTime[2021-04-26T15:41:13.454], time zone[sun.util.calendar.ZoneInfo[id=&quot;PST&quot;,offset=-28800000,dstSavings=3600000,useDaylight=true,transitions=185,lastRule=java.util.SimpleTimeZone[id=PST,offset=-28800000,dstSavings=3600000,useDaylight=true,startYear=0,startMode=3,startMonth=2,startDay=8,startDayOfWeek=1,startTime=7200000,startTimeMode=0,endMode=3,endMonth=10,endDay=1,endDayOfWeek=1,endTime=7200000,endTimeMode=0]]]" classname="org.springframework.scheduling.support.CronTriggerTests" time="0.001"/>
  <testcase name="[2] localDateTime[2021-04-26T15:41:13.454], time zone[sun.util.calendar.ZoneInfo[id=&quot;CET&quot;,offset=3600000,dstSavings=3600000,useDaylight=true,transitions=137,lastRule=java.util.SimpleTimeZone[id=CET,offset=3600000,dstSavings=3600000,useDaylight=true,startYear=0,startMode=2,startMonth=2,startDay=-1,startDayOfWeek=1,startTime=7200000,startTimeMode=1,endMode=2,endMonth=9,endDay=-1,endDayOfWeek=1,endTime=7200000,endTimeMode=1]]]" classname="org.springframework.scheduling.support.CronTriggerTests" time="0.001"/>
  <testcase name="[1] localDateTime[2021-04-26T15:41:13.457], time zone[sun.util.calendar.ZoneInfo[id=&quot;PST&quot;,offset=-28800000,dstSavings=3600000,useDaylight=true,transitions=185,lastRule=java.util.SimpleTimeZone[id=PST,offset=-28800000,dstSavings=3600000,useDaylight=true,startYear=0,startMode=3,startMonth=2,startDay=8,startDayOfWeek=1,startTime=7200000,startTimeMode=0,endMode=3,endMonth=10,endDay=1,endDayOfWeek=1,endTime=7200000,endTimeMode=0]]]" classname="org.springframework.scheduling.support.CronTriggerTests" time="0.0"/>
  <testcase name="[2] localDateTime[2021-04-26T15:41:13.457], time zone[sun.util.calendar.ZoneInfo[id=&quot;CET&quot;,offset=3600000,dstSavings=3600000,useDaylight=true,transitions=137,lastRule=java.util.SimpleTimeZone[id=CET,offset=3600000,dstSavings=3600000,useDaylight=true,startYear=0,startMode=2,startMonth=2,startDay=-1,startDayOfWeek=1,startTime=7200000,startTimeMode=1,endMode=2,endMonth=9,endDay=-1,endDayOfWeek=1,endTime=7200000,endTimeMode=1]]]" classname="org.springframework.scheduling.support.CronTriggerTests" time="0.001"/>
  <testcase name="[1] localDateTime[2021-04-26T15:41:13.460], time zone[sun.util.calendar.ZoneInfo[id=&quot;PST&quot;,offset=-28800000,dstSavings=3600000,useDaylight=true,transitions=185,lastRule=java.util.SimpleTimeZone[id=PST,offset=-28800000,dstSavings=3600000,useDaylight=true,startYear=0,startMode=3,startMonth=2,startDay=8,startDayOfWeek=1,startTime=7200000,startTimeMode=0,endMode=3,endMonth=10,endDay=1,endDayOfWeek=1,endTime=7200000,endTimeMode=0]]]" classname="org.springframework.scheduling.support.CronTriggerTests" time="0.001"/>
  <testcase name="[2] localDateTime[2021-04-26T15:41:13.460], time zone[sun.util.calendar.ZoneInfo[id=&quot;CET&quot;,offset=3600000,dstSavings=3600000,useDaylight=true,transitions=137,lastRule=java.util.SimpleTimeZone[id=CET,offset=3600000,dstSavings=3600000,useDaylight=true,startYear=0,startMode=2,startMonth=2,startDay=-1,startDayOfWeek=1,startTime=7200000,startTimeMode=1,endMode=2,endMonth=9,endDay=-1,endDayOfWeek=1,endTime=7200000,endTimeMode=1]]]" classname="org.springframework.scheduling.support.CronTriggerTests" time="0.0"/>
  <testcase name="[1] localDateTime[2021-04-26T15:41:13.464], time zone[sun.util.calendar.ZoneInfo[id=&quot;PST&quot;,offset=-28800000,dstSavings=3600000,useDaylight=true,transitions=185,lastRule=java.util.SimpleTimeZone[id=PST,offset=-28800000,dstSavings=3600000,useDaylight=true,startYear=0,startMode=3,startMonth=2,startDay=8,startDayOfWeek=1,startTime=7200000,startTimeMode=0,endMode=3,endMonth=10,endDay=1,endDayOfWeek=1,endTime=7200000,endTimeMode=0]]]" classname="org.springframework.scheduling.support.CronTriggerTests" time="0.0"/>
  <testcase name="[2] localDateTime[2021-04-26T15:41:13.464], time zone[sun.util.calendar.ZoneInfo[id=&quot;CET&quot;,offset=3600000,dstSavings=3600000,useDaylight=true,transitions=137,lastRule=java.util.SimpleTimeZone[id=CET,offset=3600000,dstSavings=3600000,useDaylight=true,startYear=0,startMode=2,startMonth=2,startDay=-1,startDayOfWeek=1,startTime=7200000,startTimeMode=1,endMode=2,endMonth=9,endDay=-1,endDayOfWeek=1,endTime=7200000,endTimeMode=1]]]" classname="org.springframework.scheduling.support.CronTriggerTests" time="0.001"/>
  <testcase name="[1] localDateTime[2021-04-26T15:41:13.468], time zone[sun.util.calendar.ZoneInfo[id=&quot;PST&quot;,offset=-28800000,dstSavings=3600000,useDaylight=true,transitions=185,lastRule=java.util.SimpleTimeZone[id=PST,offset=-28800000,dstSavings=3600000,useDaylight=true,startYear=0,startMode=3,startMonth=2,startDay=8,startDayOfWeek=1,startTime=7200000,startTimeMode=0,endMode=3,endMonth=10,endDay=1,endDayOfWeek=1,endTime=7200000,endTimeMode=0]]]" classname="org.springframework.scheduling.support.CronTriggerTests" time="0.001"/>
  <testcase name="[2] localDateTime[2021-04-26T15:41:13.468], time zone[sun.util.calendar.ZoneInfo[id=&quot;CET&quot;,offset=3600000,dstSavings=3600000,useDaylight=true,transitions=137,lastRule=java.util.SimpleTimeZone[id=CET,offset=3600000,dstSavings=3600000,useDaylight=true,startYear=0,startMode=2,startMonth=2,startDay=-1,startDayOfWeek=1,startTime=7200000,startTimeMode=1,endMode=2,endMonth=9,endDay=-1,endDayOfWeek=1,endTime=7200000,endTimeMode=1]]]" classname="org.springframework.scheduling.support.CronTriggerTests" time="0.001"/>
  <testcase name="[1] localDateTime[2021-04-26T15:41:13.472], time zone[sun.util.calendar.ZoneInfo[id=&quot;PST&quot;,offset=-28800000,dstSavings=3600000,useDaylight=true,transitions=185,lastRule=java.util.SimpleTimeZone[id=PST,offset=-28800000,dstSavings=3600000,useDaylight=true,startYear=0,startMode=3,startMonth=2,startDay=8,startDayOfWeek=1,startTime=7200000,startTimeMode=0,endMode=3,endMonth=10,endDay=1,endDayOfWeek=1,endTime=7200000,endTimeMode=0]]]" classname="org.springframework.scheduling.support.CronTriggerTests" time="0.001"/>
  <testcase name="[2] localDateTime[2021-04-26T15:41:13.472], time zone[sun.util.calendar.ZoneInfo[id=&quot;CET&quot;,offset=3600000,dstSavings=3600000,useDaylight=true,transitions=137,lastRule=java.util.SimpleTimeZone[id=CET,offset=3600000,dstSavings=3600000,useDaylight=true,startYear=0,startMode=2,startMonth=2,startDay=-1,startDayOfWeek=1,startTime=7200000,startTimeMode=1,endMode=2,endMonth=9,endDay=-1,endDayOfWeek=1,endTime=7200000,endTimeMode=1]]]" classname="org.springframework.scheduling.support.CronTriggerTests" time="0.001"/>
  <testcase name="[1] localDateTime[2021-04-26T15:41:13.474], time zone[sun.util.calendar.ZoneInfo[id=&quot;PST&quot;,offset=-28800000,dstSavings=3600000,useDaylight=true,transitions=185,lastRule=java.util.SimpleTimeZone[id=PST,offset=-28800000,dstSavings=3600000,useDaylight=true,startYear=0,startMode=3,startMonth=2,startDay=8,startDayOfWeek=1,startTime=7200000,startTimeMode=0,endMode=3,endMonth=10,endDay=1,endDayOfWeek=1,endTime=7200000,endTimeMode=0]]]" classname="org.springframework.scheduling.support.CronTriggerTests" time="0.0"/>
  <testcase name="[2] localDateTime[2021-04-26T15:41:13.474], time zone[sun.util.calendar.ZoneInfo[id=&quot;CET&quot;,offset=3600000,dstSavings=3600000,useDaylight=true,transitions=137,lastRule=java.util.SimpleTimeZone[id=CET,offset=3600000,dstSavings=3600000,useDaylight=true,startYear=0,startMode=2,startMonth=2,startDay=-1,startDayOfWeek=1,startTime=7200000,startTimeMode=1,endMode=2,endMonth=9,endDay=-1,endDayOfWeek=1,endTime=7200000,endTimeMode=1]]]" classname="org.springframework.scheduling.support.CronTriggerTests" time="0.0"/>
  <testcase name="[1] localDateTime[2021-04-26T15:41:13.477], time zone[sun.util.calendar.ZoneInfo[id=&quot;PST&quot;,offset=-28800000,dstSavings=3600000,useDaylight=true,transitions=185,lastRule=java.util.SimpleTimeZone[id=PST,offset=-28800000,dstSavings=3600000,useDaylight=true,startYear=0,startMode=3,startMonth=2,startDay=8,startDayOfWeek=1,startTime=7200000,startTimeMode=0,endMode=3,endMonth=10,endDay=1,endDayOfWeek=1,endTime=7200000,endTimeMode=0]]]" classname="org.springframework.scheduling.support.CronTriggerTests" time="0.001"/>
  <testcase name="[2] localDateTime[2021-04-26T15:41:13.477], time zone[sun.util.calendar.ZoneInfo[id=&quot;CET&quot;,offset=3600000,dstSavings=3600000,useDaylight=true,transitions=137,lastRule=java.util.SimpleTimeZone[id=CET,offset=3600000,dstSavings=3600000,useDaylight=true,startYear=0,startMode=2,startMonth=2,startDay=-1,startDayOfWeek=1,startTime=7200000,startTimeMode=1,endMode=2,endMonth=9,endDay=-1,endDayOfWeek=1,endTime=7200000,endTimeMode=1]]]" classname="org.springframework.scheduling.support.CronTriggerTests" time="0.0"/>
  <testcase name="[1] localDateTime[2021-04-26T15:41:13.479], time zone[sun.util.calendar.ZoneInfo[id=&quot;PST&quot;,offset=-28800000,dstSavings=3600000,useDaylight=true,transitions=185,lastRule=java.util.SimpleTimeZone[id=PST,offset=-28800000,dstSavings=3600000,useDaylight=true,startYear=0,startMode=3,startMonth=2,startDay=8,startDayOfWeek=1,startTime=7200000,startTimeMode=0,endMode=3,endMonth=10,endDay=1,endDayOfWeek=1,endTime=7200000,endTimeMode=0]]]" classname="org.springframework.scheduling.support.CronTriggerTests" time="0.001"/>
  <testcase name="[2] localDateTime[2021-04-26T15:41:13.479], time zone[sun.util.calendar.ZoneInfo[id=&quot;CET&quot;,offset=3600000,dstSavings=3600000,useDaylight=true,transitions=137,lastRule=java.util.SimpleTimeZone[id=CET,offset=3600000,dstSavings=3600000,useDaylight=true,startYear=0,startMode=2,startMonth=2,startDay=-1,startDayOfWeek=1,startTime=7200000,startTimeMode=1,endMode=2,endMonth=9,endDay=-1,endDayOfWeek=1,endTime=7200000,endTimeMode=1]]]" classname="org.springframework.scheduling.support.CronTriggerTests" time="0.001"/>
  <testcase name="[1] localDateTime[2021-04-26T15:41:13.482], time zone[sun.util.calendar.ZoneInfo[id=&quot;PST&quot;,offset=-28800000,dstSavings=3600000,useDaylight=true,transitions=185,lastRule=java.util.SimpleTimeZone[id=PST,offset=-28800000,dstSavings=3600000,useDaylight=true,startYear=0,startMode=3,startMonth=2,startDay=8,startDayOfWeek=1,startTime=7200000,startTimeMode=0,endMode=3,endMonth=10,endDay=1,endDayOfWeek=1,endTime=7200000,endTimeMode=0]]]" classname="org.springframework.scheduling.support.CronTriggerTests" time="0.0"/>
  <testcase name="[2] localDateTime[2021-04-26T15:41:13.482], time zone[sun.util.calendar.ZoneInfo[id=&quot;CET&quot;,offset=3600000,dstSavings=3600000,useDaylight=true,transitions=137,lastRule=java.util.SimpleTimeZone[id=CET,offset=3600000,dstSavings=3600000,useDaylight=true,startYear=0,startMode=2,startMonth=2,startDay=-1,startDayOfWeek=1,startTime=7200000,startTimeMode=1,endMode=2,endMonth=9,endDay=-1,endDayOfWeek=1,endTime=7200000,endTimeMode=1]]]" classname="org.springframework.scheduling.support.CronTriggerTests" time="0.0"/>
  <testcase name="[1] localDateTime[2021-04-26T15:41:13.484], time zone[sun.util.calendar.ZoneInfo[id=&quot;PST&quot;,offset=-28800000,dstSavings=3600000,useDaylight=true,transitions=185,lastRule=java.util.SimpleTimeZone[id=PST,offset=-28800000,dstSavings=3600000,useDaylight=true,startYear=0,startMode=3,startMonth=2,startDay=8,startDayOfWeek=1,startTime=7200000,startTimeMode=0,endMode=3,endMonth=10,endDay=1,endDayOfWeek=1,endTime=7200000,endTimeMode=0]]]" classname="org.springframework.scheduling.support.CronTriggerTests" time="0.0"/>
  <testcase name="[2] localDateTime[2021-04-26T15:41:13.484], time zone[sun.util.calendar.ZoneInfo[id=&quot;CET&quot;,offset=3600000,dstSavings=3600000,useDaylight=true,transitions=137,lastRule=java.util.SimpleTimeZone[id=CET,offset=3600000,dstSavings=3600000,useDaylight=true,startYear=0,startMode=2,startMonth=2,startDay=-1,startDayOfWeek=1,startTime=7200000,startTimeMode=1,endMode=2,endMonth=9,endDay=-1,endDayOfWeek=1,endTime=7200000,endTimeMode=1]]]" classname="org.springframework.scheduling.support.CronTriggerTests" time="0.0"/>
  <testcase name="[1] localDateTime[2021-04-26T15:41:13.487], time zone[sun.util.calendar.ZoneInfo[id=&quot;PST&quot;,offset=-28800000,dstSavings=3600000,useDaylight=true,transitions=185,lastRule=java.util.SimpleTimeZone[id=PST,offset=-28800000,dstSavings=3600000,useDaylight=true,startYear=0,startMode=3,startMonth=2,startDay=8,startDayOfWeek=1,startTime=7200000,startTimeMode=0,endMode=3,endMonth=10,endDay=1,endDayOfWeek=1,endTime=7200000,endTimeMode=0]]]" classname="org.springframework.scheduling.support.CronTriggerTests" time="0.001"/>
  <testcase name="[2] localDateTime[2021-04-26T15:41:13.487], time zone[sun.util.calendar.ZoneInfo[id=&quot;CET&quot;,offset=3600000,dstSavings=3600000,useDaylight=true,transitions=137,lastRule=java.util.SimpleTimeZone[id=CET,offset=3600000,dstSavings=3600000,useDaylight=true,startYear=0,startMode=2,startMonth=2,startDay=-1,startDayOfWeek=1,startTime=7200000,startTimeMode=1,endMode=2,endMonth=9,endDay=-1,endDayOfWeek=1,endTime=7200000,endTimeMode=1]]]" classname="org.springframework.scheduling.support.CronTriggerTests" time="0.001"/>
  <testcase name="[1] localDateTime[2021-04-26T15:41:13.490], time zone[sun.util.calendar.ZoneInfo[id=&quot;PST&quot;,offset=-28800000,dstSavings=3600000,useDaylight=true,transitions=185,lastRule=java.util.SimpleTimeZone[id=PST,offset=-28800000,dstSavings=3600000,useDaylight=true,startYear=0,startMode=3,startMonth=2,startDay=8,startDayOfWeek=1,startTime=7200000,startTimeMode=0,endMode=3,endMonth=10,endDay=1,endDayOfWeek=1,endTime=7200000,endTimeMode=0]]]" classname="org.springframework.scheduling.support.CronTriggerTests" time="0.001"/>
  <testcase name="[2] localDateTime[2021-04-26T15:41:13.490], time zone[sun.util.calendar.ZoneInfo[id=&quot;CET&quot;,offset=3600000,dstSavings=3600000,useDaylight=true,transitions=137,lastRule=java.util.SimpleTimeZone[id=CET,offset=3600000,dstSavings=3600000,useDaylight=true,startYear=0,startMode=2,startMonth=2,startDay=-1,startDayOfWeek=1,startTime=7200000,startTimeMode=1,endMode=2,endMonth=9,endDay=-1,endDayOfWeek=1,endTime=7200000,endTimeMode=1]]]" classname="org.springframework.scheduling.support.CronTriggerTests" time="0.0"/>
  <testcase name="[1] localDateTime[2021-04-26T15:41:13.492], time zone[sun.util.calendar.ZoneInfo[id=&quot;PST&quot;,offset=-28800000,dstSavings=3600000,useDaylight=true,transitions=185,lastRule=java.util.SimpleTimeZone[id=PST,offset=-28800000,dstSavings=3600000,useDaylight=true,startYear=0,startMode=3,startMonth=2,startDay=8,startDayOfWeek=1,startTime=7200000,startTimeMode=0,endMode=3,endMonth=10,endDay=1,endDayOfWeek=1,endTime=7200000,endTimeMode=0]]]" classname="org.springframework.scheduling.support.CronTriggerTests" time="0.011"/>
  <testcase name="[2] localDateTime[2021-04-26T15:41:13.492], time zone[sun.util.calendar.ZoneInfo[id=&quot;CET&quot;,offset=3600000,dstSavings=3600000,useDaylight=true,transitions=137,lastRule=java.util.SimpleTimeZone[id=CET,offset=3600000,dstSavings=3600000,useDaylight=true,startYear=0,startMode=2,startMonth=2,startDay=-1,startDayOfWeek=1,startTime=7200000,startTimeMode=1,endMode=2,endMonth=9,endDay=-1,endDayOfWeek=1,endTime=7200000,endTimeMode=1]]]" classname="org.springframework.scheduling.support.CronTriggerTests" time="0.009"/>
  <testcase name="[1] localDateTime[2021-04-26T15:41:13.513], time zone[sun.util.calendar.ZoneInfo[id=&quot;PST&quot;,offset=-28800000,dstSavings=3600000,useDaylight=true,transitions=185,lastRule=java.util.SimpleTimeZone[id=PST,offset=-28800000,dstSavings=3600000,useDaylight=true,startYear=0,startMode=3,startMonth=2,startDay=8,startDayOfWeek=1,startTime=7200000,startTimeMode=0,endMode=3,endMonth=10,endDay=1,endDayOfWeek=1,endTime=7200000,endTimeMode=0]]]" classname="org.springframework.scheduling.support.CronTriggerTests" time="0.001"/>
  <testcase name="[2] localDateTime[2021-04-26T15:41:13.513], time zone[sun.util.calendar.ZoneInfo[id=&quot;CET&quot;,offset=3600000,dstSavings=3600000,useDaylight=true,transitions=137,lastRule=java.util.SimpleTimeZone[id=CET,offset=3600000,dstSavings=3600000,useDaylight=true,startYear=0,startMode=2,startMonth=2,startDay=-1,startDayOfWeek=1,startTime=7200000,startTimeMode=1,endMode=2,endMonth=9,endDay=-1,endDayOfWeek=1,endTime=7200000,endTimeMode=1]]]" classname="org.springframework.scheduling.support.CronTriggerTests" time="0.001"/>
  <testcase name="[1] localDateTime[2021-04-26T15:41:13.517], time zone[sun.util.calendar.ZoneInfo[id=&quot;PST&quot;,offset=-28800000,dstSavings=3600000,useDaylight=true,transitions=185,lastRule=java.util.SimpleTimeZone[id=PST,offset=-28800000,dstSavings=3600000,useDaylight=true,startYear=0,startMode=3,startMonth=2,startDay=8,startDayOfWeek=1,startTime=7200000,startTimeMode=0,endMode=3,endMonth=10,endDay=1,endDayOfWeek=1,endTime=7200000,endTimeMode=0]]]" classname="org.springframework.scheduling.support.CronTriggerTests" time="0.001"/>
  <testcase name="[2] localDateTime[2021-04-26T15:41:13.517], time zone[sun.util.calendar.ZoneInfo[id=&quot;CET&quot;,offset=3600000,dstSavings=3600000,useDaylight=true,transitions=137,lastRule=java.util.SimpleTimeZone[id=CET,offset=3600000,dstSavings=3600000,useDaylight=true,startYear=0,startMode=2,startMonth=2,startDay=-1,startDayOfWeek=1,startTime=7200000,startTimeMode=1,endMode=2,endMonth=9,endDay=-1,endDayOfWeek=1,endTime=7200000,endTimeMode=1]]]" classname="org.springframework.scheduling.support.CronTriggerTests" time="0.0"/>
  <testcase name="[1] localDateTime[2021-04-26T15:41:13.520], time zone[sun.util.calendar.ZoneInfo[id=&quot;PST&quot;,offset=-28800000,dstSavings=3600000,useDaylight=true,transitions=185,lastRule=java.util.SimpleTimeZone[id=PST,offset=-28800000,dstSavings=3600000,useDaylight=true,startYear=0,startMode=3,startMonth=2,startDay=8,startDayOfWeek=1,startTime=7200000,startTimeMode=0,endMode=3,endMonth=10,endDay=1,endDayOfWeek=1,endTime=7200000,endTimeMode=0]]]" classname="org.springframework.scheduling.support.CronTriggerTests" time="0.001"/>
  <testcase name="[2] localDateTime[2021-04-26T15:41:13.520], time zone[sun.util.calendar.ZoneInfo[id=&quot;CET&quot;,offset=3600000,dstSavings=3600000,useDaylight=true,transitions=137,lastRule=java.util.SimpleTimeZone[id=CET,offset=3600000,dstSavings=3600000,useDaylight=true,startYear=0,startMode=2,startMonth=2,startDay=-1,startDayOfWeek=1,startTime=7200000,startTimeMode=1,endMode=2,endMonth=9,endDay=-1,endDayOfWeek=1,endTime=7200000,endTimeMode=1]]]" classname="org.springframework.scheduling.support.CronTriggerTests" time="0.001"/>
  <testcase name="[1] localDateTime[2021-04-26T15:41:13.524], time zone[sun.util.calendar.ZoneInfo[id=&quot;PST&quot;,offset=-28800000,dstSavings=3600000,useDaylight=true,transitions=185,lastRule=java.util.SimpleTimeZone[id=PST,offset=-28800000,dstSavings=3600000,useDaylight=true,startYear=0,startMode=3,startMonth=2,startDay=8,startDayOfWeek=1,startTime=7200000,startTimeMode=0,endMode=3,endMonth=10,endDay=1,endDayOfWeek=1,endTime=7200000,endTimeMode=0]]]" classname="org.springframework.scheduling.support.CronTriggerTests" time="0.001"/>
  <testcase name="[2] localDateTime[2021-04-26T15:41:13.524], time zone[sun.util.calendar.ZoneInfo[id=&quot;CET&quot;,offset=3600000,dstSavings=3600000,useDaylight=true,transitions=137,lastRule=java.util.SimpleTimeZone[id=CET,offset=3600000,dstSavings=3600000,useDaylight=true,startYear=0,startMode=2,startMonth=2,startDay=-1,startDayOfWeek=1,startTime=7200000,startTimeMode=1,endMode=2,endMonth=9,endDay=-1,endDayOfWeek=1,endTime=7200000,endTimeMode=1]]]" classname="org.springframework.scheduling.support.CronTriggerTests" time="0.001"/>
  <testcase name="[1] localDateTime[2021-04-26T15:41:13.528], time zone[sun.util.calendar.ZoneInfo[id=&quot;PST&quot;,offset=-28800000,dstSavings=3600000,useDaylight=true,transitions=185,lastRule=java.util.SimpleTimeZone[id=PST,offset=-28800000,dstSavings=3600000,useDaylight=true,startYear=0,startMode=3,startMonth=2,startDay=8,startDayOfWeek=1,startTime=7200000,startTimeMode=0,endMode=3,endMonth=10,endDay=1,endDayOfWeek=1,endTime=7200000,endTimeMode=0]]]" classname="org.springframework.scheduling.support.CronTriggerTests" time="0.001"/>
  <testcase name="[2] localDateTime[2021-04-26T15:41:13.528], time zone[sun.util.calendar.ZoneInfo[id=&quot;CET&quot;,offset=3600000,dstSavings=3600000,useDaylight=true,transitions=137,lastRule=java.util.SimpleTimeZone[id=CET,offset=3600000,dstSavings=3600000,useDaylight=true,startYear=0,startMode=2,startMonth=2,startDay=-1,startDayOfWeek=1,startTime=7200000,startTimeMode=1,endMode=2,endMonth=9,endDay=-1,endDayOfWeek=1,endTime=7200000,endTimeMode=1]]]" classname="org.springframework.scheduling.support.CronTriggerTests" time="0.001"/>
  <testcase name="[1] localDateTime[2021-04-26T15:41:13.530], time zone[sun.util.calendar.ZoneInfo[id=&quot;PST&quot;,offset=-28800000,dstSavings=3600000,useDaylight=true,transitions=185,lastRule=java.util.SimpleTimeZone[id=PST,offset=-28800000,dstSavings=3600000,useDaylight=true,startYear=0,startMode=3,startMonth=2,startDay=8,startDayOfWeek=1,startTime=7200000,startTimeMode=0,endMode=3,endMonth=10,endDay=1,endDayOfWeek=1,endTime=7200000,endTimeMode=0]]]" classname="org.springframework.scheduling.support.CronTriggerTests" time="0.0"/>
  <testcase name="[2] localDateTime[2021-04-26T15:41:13.530], time zone[sun.util.calendar.ZoneInfo[id=&quot;CET&quot;,offset=3600000,dstSavings=3600000,useDaylight=true,transitions=137,lastRule=java.util.SimpleTimeZone[id=CET,offset=3600000,dstSavings=3600000,useDaylight=true,startYear=0,startMode=2,startMonth=2,startDay=-1,startDayOfWeek=1,startTime=7200000,startTimeMode=1,endMode=2,endMonth=9,endDay=-1,endDayOfWeek=1,endTime=7200000,endTimeMode=1]]]" classname="org.springframework.scheduling.support.CronTriggerTests" time="0.0"/>
  <testcase name="[1] localDateTime[2021-04-26T15:41:13.533], time zone[sun.util.calendar.ZoneInfo[id=&quot;PST&quot;,offset=-28800000,dstSavings=3600000,useDaylight=true,transitions=185,lastRule=java.util.SimpleTimeZone[id=PST,offset=-28800000,dstSavings=3600000,useDaylight=true,startYear=0,startMode=3,startMonth=2,startDay=8,startDayOfWeek=1,startTime=7200000,startTimeMode=0,endMode=3,endMonth=10,endDay=1,endDayOfWeek=1,endTime=7200000,endTimeMode=0]]]" classname="org.springframework.scheduling.support.CronTriggerTests" time="0.0"/>
  <testcase name="[2] localDateTime[2021-04-26T15:41:13.533], time zone[sun.util.calendar.ZoneInfo[id=&quot;CET&quot;,offset=3600000,dstSavings=3600000,useDaylight=true,transitions=137,lastRule=java.util.SimpleTimeZone[id=CET,offset=3600000,dstSavings=3600000,useDaylight=true,startYear=0,startMode=2,startMonth=2,startDay=-1,startDayOfWeek=1,startTime=7200000,startTimeMode=1,endMode=2,endMonth=9,endDay=-1,endDayOfWeek=1,endTime=7200000,endTimeMode=1]]]" classname="org.springframework.scheduling.support.CronTriggerTests" time="0.0"/>
  <testcase name="[1] localDateTime[2021-04-26T15:41:13.535], time zone[sun.util.calendar.ZoneInfo[id=&quot;PST&quot;,offset=-28800000,dstSavings=3600000,useDaylight=true,transitions=185,lastRule=java.util.SimpleTimeZone[id=PST,offset=-28800000,dstSavings=3600000,useDaylight=true,startYear=0,startMode=3,startMonth=2,startDay=8,startDayOfWeek=1,startTime=7200000,startTimeMode=0,endMode=3,endMonth=10,endDay=1,endDayOfWeek=1,endTime=7200000,endTimeMode=0]]]" classname="org.springframework.scheduling.support.CronTriggerTests" time="0.0"/>
  <testcase name="[2] localDateTime[2021-04-26T15:41:13.535], time zone[sun.util.calendar.ZoneInfo[id=&quot;CET&quot;,offset=3600000,dstSavings=3600000,useDaylight=true,transitions=137,lastRule=java.util.SimpleTimeZone[id=CET,offset=3600000,dstSavings=3600000,useDaylight=true,startYear=0,startMode=2,startMonth=2,startDay=-1,startDayOfWeek=1,startTime=7200000,startTimeMode=1,endMode=2,endMonth=9,endDay=-1,endDayOfWeek=1,endTime=7200000,endTimeMode=1]]]" classname="org.springframework.scheduling.support.CronTriggerTests" time="0.001"/>
  <testcase name="[1] localDateTime[2021-04-26T15:41:13.536], time zone[sun.util.calendar.ZoneInfo[id=&quot;PST&quot;,offset=-28800000,dstSavings=3600000,useDaylight=true,transitions=185,lastRule=java.util.SimpleTimeZone[id=PST,offset=-28800000,dstSavings=3600000,useDaylight=true,startYear=0,startMode=3,startMonth=2,startDay=8,startDayOfWeek=1,startTime=7200000,startTimeMode=0,endMode=3,endMonth=10,endDay=1,endDayOfWeek=1,endTime=7200000,endTimeMode=0]]]" classname="org.springframework.scheduling.support.CronTriggerTests" time="0.001"/>
  <testcase name="[2] localDateTime[2021-04-26T15:41:13.536], time zone[sun.util.calendar.ZoneInfo[id=&quot;CET&quot;,offset=3600000,dstSavings=3600000,useDaylight=true,transitions=137,lastRule=java.util.SimpleTimeZone[id=CET,offset=3600000,dstSavings=3600000,useDaylight=true,startYear=0,startMode=2,startMonth=2,startDay=-1,startDayOfWeek=1,startTime=7200000,startTimeMode=1,endMode=2,endMonth=9,endDay=-1,endDayOfWeek=1,endTime=7200000,endTimeMode=1]]]" classname="org.springframework.scheduling.support.CronTriggerTests" time="0.0"/>
  <testcase name="[1] localDateTime[2021-04-26T15:41:13.538], time zone[sun.util.calendar.ZoneInfo[id=&quot;PST&quot;,offset=-28800000,dstSavings=3600000,useDaylight=true,transitions=185,lastRule=java.util.SimpleTimeZone[id=PST,offset=-28800000,dstSavings=3600000,useDaylight=true,startYear=0,startMode=3,startMonth=2,startDay=8,startDayOfWeek=1,startTime=7200000,startTimeMode=0,endMode=3,endMonth=10,endDay=1,endDayOfWeek=1,endTime=7200000,endTimeMode=0]]]" classname="org.springframework.scheduling.support.CronTriggerTests" time="0.001"/>
  <testcase name="[2] localDateTime[2021-04-26T15:41:13.538], time zone[sun.util.calendar.ZoneInfo[id=&quot;CET&quot;,offset=3600000,dstSavings=3600000,useDaylight=true,transitions=137,lastRule=java.util.SimpleTimeZone[id=CET,offset=3600000,dstSavings=3600000,useDaylight=true,startYear=0,startMode=2,startMonth=2,startDay=-1,startDayOfWeek=1,startTime=7200000,startTimeMode=1,endMode=2,endMonth=9,endDay=-1,endDayOfWeek=1,endTime=7200000,endTimeMode=1]]]" classname="org.springframework.scheduling.support.CronTriggerTests" time="0.0"/>
  <testcase name="[1] localDateTime[2021-04-26T15:41:13.540], time zone[sun.util.calendar.ZoneInfo[id=&quot;PST&quot;,offset=-28800000,dstSavings=3600000,useDaylight=true,transitions=185,lastRule=java.util.SimpleTimeZone[id=PST,offset=-28800000,dstSavings=3600000,useDaylight=true,startYear=0,startMode=3,startMonth=2,startDay=8,startDayOfWeek=1,startTime=7200000,startTimeMode=0,endMode=3,endMonth=10,endDay=1,endDayOfWeek=1,endTime=7200000,endTimeMode=0]]]" classname="org.springframework.scheduling.support.CronTriggerTests" time="0.001"/>
  <testcase name="[2] localDateTime[2021-04-26T15:41:13.540], time zone[sun.util.calendar.ZoneInfo[id=&quot;CET&quot;,offset=3600000,dstSavings=3600000,useDaylight=true,transitions=137,lastRule=java.util.SimpleTimeZone[id=CET,offset=3600000,dstSavings=3600000,useDaylight=true,startYear=0,startMode=2,startMonth=2,startDay=-1,startDayOfWeek=1,startTime=7200000,startTimeMode=1,endMode=2,endMonth=9,endDay=-1,endDayOfWeek=1,endTime=7200000,endTimeMode=1]]]" classname="org.springframework.scheduling.support.CronTriggerTests" time="0.001"/>
  <testcase name="[1] localDateTime[2021-04-26T15:41:13.542], time zone[sun.util.calendar.ZoneInfo[id=&quot;PST&quot;,offset=-28800000,dstSavings=3600000,useDaylight=true,transitions=185,lastRule=java.util.SimpleTimeZone[id=PST,offset=-28800000,dstSavings=3600000,useDaylight=true,startYear=0,startMode=3,startMonth=2,startDay=8,startDayOfWeek=1,startTime=7200000,startTimeMode=0,endMode=3,endMonth=10,endDay=1,endDayOfWeek=1,endTime=7200000,endTimeMode=0]]]" classname="org.springframework.scheduling.support.CronTriggerTests" time="0.0"/>
  <testcase name="[2] localDateTime[2021-04-26T15:41:13.542], time zone[sun.util.calendar.ZoneInfo[id=&quot;CET&quot;,offset=3600000,dstSavings=3600000,useDaylight=true,transitions=137,lastRule=java.util.SimpleTimeZone[id=CET,offset=3600000,dstSavings=3600000,useDaylight=true,startYear=0,startMode=2,startMonth=2,startDay=-1,startDayOfWeek=1,startTime=7200000,startTimeMode=1,endMode=2,endMonth=9,endDay=-1,endDayOfWeek=1,endTime=7200000,endTimeMode=1]]]" classname="org.springframework.scheduling.support.CronTriggerTests" time="0.0"/>
  <testcase name="[1] localDateTime[2021-04-26T15:41:13.545], time zone[sun.util.calendar.ZoneInfo[id=&quot;PST&quot;,offset=-28800000,dstSavings=3600000,useDaylight=true,transitions=185,lastRule=java.util.SimpleTimeZone[id=PST,offset=-28800000,dstSavings=3600000,useDaylight=true,startYear=0,startMode=3,startMonth=2,startDay=8,startDayOfWeek=1,startTime=7200000,startTimeMode=0,endMode=3,endMonth=10,endDay=1,endDayOfWeek=1,endTime=7200000,endTimeMode=0]]]" classname="org.springframework.scheduling.support.CronTriggerTests" time="0.0"/>
  <testcase name="[2] localDateTime[2021-04-26T15:41:13.545], time zone[sun.util.calendar.ZoneInfo[id=&quot;CET&quot;,offset=3600000,dstSavings=3600000,useDaylight=true,transitions=137,lastRule=java.util.SimpleTimeZone[id=CET,offset=3600000,dstSavings=3600000,useDaylight=true,startYear=0,startMode=2,startMonth=2,startDay=-1,startDayOfWeek=1,startTime=7200000,startTimeMode=1,endMode=2,endMonth=9,endDay=-1,endDayOfWeek=1,endTime=7200000,endTimeMode=1]]]" classname="org.springframework.scheduling.support.CronTriggerTests" time="0.0"/>
  <testcase name="[1] localDateTime[2021-04-26T15:41:13.547], time zone[sun.util.calendar.ZoneInfo[id=&quot;PST&quot;,offset=-28800000,dstSavings=3600000,useDaylight=true,transitions=185,lastRule=java.util.SimpleTimeZone[id=PST,offset=-28800000,dstSavings=3600000,useDaylight=true,startYear=0,startMode=3,startMonth=2,startDay=8,startDayOfWeek=1,startTime=7200000,startTimeMode=0,endMode=3,endMonth=10,endDay=1,endDayOfWeek=1,endTime=7200000,endTimeMode=0]]]" classname="org.springframework.scheduling.support.CronTriggerTests" time="0.0"/>
  <testcase name="[2] localDateTime[2021-04-26T15:41:13.547], time zone[sun.util.calendar.ZoneInfo[id=&quot;CET&quot;,offset=3600000,dstSavings=3600000,useDaylight=true,transitions=137,lastRule=java.util.SimpleTimeZone[id=CET,offset=3600000,dstSavings=3600000,useDaylight=true,startYear=0,startMode=2,startMonth=2,startDay=-1,startDayOfWeek=1,startTime=7200000,startTimeMode=1,endMode=2,endMonth=9,endDay=-1,endDayOfWeek=1,endTime=7200000,endTimeMode=1]]]" classname="org.springframework.scheduling.support.CronTriggerTests" time="0.0"/>
  <testcase name="[1] localDateTime[2021-04-26T15:41:13.549], time zone[sun.util.calendar.ZoneInfo[id=&quot;PST&quot;,offset=-28800000,dstSavings=3600000,useDaylight=true,transitions=185,lastRule=java.util.SimpleTimeZone[id=PST,offset=-28800000,dstSavings=3600000,useDaylight=true,startYear=0,startMode=3,startMonth=2,startDay=8,startDayOfWeek=1,startTime=7200000,startTimeMode=0,endMode=3,endMonth=10,endDay=1,endDayOfWeek=1,endTime=7200000,endTimeMode=0]]]" classname="org.springframework.scheduling.support.CronTriggerTests" time="0.001"/>
  <testcase name="[2] localDateTime[2021-04-26T15:41:13.549], time zone[sun.util.calendar.ZoneInfo[id=&quot;CET&quot;,offset=3600000,dstSavings=3600000,useDaylight=true,transitions=137,lastRule=java.util.SimpleTimeZone[id=CET,offset=3600000,dstSavings=3600000,useDaylight=true,startYear=0,startMode=2,startMonth=2,startDay=-1,startDayOfWeek=1,startTime=7200000,startTimeMode=1,endMode=2,endMonth=9,endDay=-1,endDayOfWeek=1,endTime=7200000,endTimeMode=1]]]" classname="org.springframework.scheduling.support.CronTriggerTests" time="0.001"/>
  <testcase name="[1] localDateTime[2021-04-26T15:41:13.552], time zone[sun.util.calendar.ZoneInfo[id=&quot;PST&quot;,offset=-28800000,dstSavings=3600000,useDaylight=true,transitions=185,lastRule=java.util.SimpleTimeZone[id=PST,offset=-28800000,dstSavings=3600000,useDaylight=true,startYear=0,startMode=3,startMonth=2,startDay=8,startDayOfWeek=1,startTime=7200000,startTimeMode=0,endMode=3,endMonth=10,endDay=1,endDayOfWeek=1,endTime=7200000,endTimeMode=0]]]" classname="org.springframework.scheduling.support.CronTriggerTests" time="0.0"/>
  <testcase name="[2] localDateTime[2021-04-26T15:41:13.552], time zone[sun.util.calendar.ZoneInfo[id=&quot;CET&quot;,offset=3600000,dstSavings=3600000,useDaylight=true,transitions=137,lastRule=java.util.SimpleTimeZone[id=CET,offset=3600000,dstSavings=3600000,useDaylight=true,startYear=0,startMode=2,startMonth=2,startDay=-1,startDayOfWeek=1,startTime=7200000,startTimeMode=1,endMode=2,endMonth=9,endDay=-1,endDayOfWeek=1,endTime=7200000,endTimeMode=1]]]" classname="org.springframework.scheduling.support.CronTriggerTests" time="0.0"/>
  <testcase name="[1] localDateTime[2021-04-26T15:41:13.554], time zone[sun.util.calendar.ZoneInfo[id=&quot;PST&quot;,offset=-28800000,dstSavings=3600000,useDaylight=true,transitions=185,lastRule=java.util.SimpleTimeZone[id=PST,offset=-28800000,dstSavings=3600000,useDaylight=true,startYear=0,startMode=3,startMonth=2,startDay=8,startDayOfWeek=1,startTime=7200000,startTimeMode=0,endMode=3,endMonth=10,endDay=1,endDayOfWeek=1,endTime=7200000,endTimeMode=0]]]" classname="org.springframework.scheduling.support.CronTriggerTests" time="0.001"/>
  <testcase name="[2] localDateTime[2021-04-26T15:41:13.554], time zone[sun.util.calendar.ZoneInfo[id=&quot;CET&quot;,offset=3600000,dstSavings=3600000,useDaylight=true,transitions=137,lastRule=java.util.SimpleTimeZone[id=CET,offset=3600000,dstSavings=3600000,useDaylight=true,startYear=0,startMode=2,startMonth=2,startDay=-1,startDayOfWeek=1,startTime=7200000,startTimeMode=1,endMode=2,endMonth=9,endDay=-1,endDayOfWeek=1,endTime=7200000,endTimeMode=1]]]" classname="org.springframework.scheduling.support.CronTriggerTests" time="0.001"/>
  <testcase name="[1] localDateTime[2021-04-26T15:41:13.557], time zone[sun.util.calendar.ZoneInfo[id=&quot;PST&quot;,offset=-28800000,dstSavings=3600000,useDaylight=true,transitions=185,lastRule=java.util.SimpleTimeZone[id=PST,offset=-28800000,dstSavings=3600000,useDaylight=true,startYear=0,startMode=3,startMonth=2,startDay=8,startDayOfWeek=1,startTime=7200000,startTimeMode=0,endMode=3,endMonth=10,endDay=1,endDayOfWeek=1,endTime=7200000,endTimeMode=0]]]" classname="org.springframework.scheduling.support.CronTriggerTests" time="0.0"/>
  <testcase name="[2] localDateTime[2021-04-26T15:41:13.557], time zone[sun.util.calendar.ZoneInfo[id=&quot;CET&quot;,offset=3600000,dstSavings=3600000,useDaylight=true,transitions=137,lastRule=java.util.SimpleTimeZone[id=CET,offset=3600000,dstSavings=3600000,useDaylight=true,startYear=0,startMode=2,startMonth=2,startDay=-1,startDayOfWeek=1,startTime=7200000,startTimeMode=1,endMode=2,endMonth=9,endDay=-1,endDayOfWeek=1,endTime=7200000,endTimeMode=1]]]" classname="org.springframework.scheduling.support.CronTriggerTests" time="0.001"/>
  <testcase name="[1] localDateTime[2021-04-26T15:41:13.559], time zone[sun.util.calendar.ZoneInfo[id=&quot;PST&quot;,offset=-28800000,dstSavings=3600000,useDaylight=true,transitions=185,lastRule=java.util.SimpleTimeZone[id=PST,offset=-28800000,dstSavings=3600000,useDaylight=true,startYear=0,startMode=3,startMonth=2,startDay=8,startDayOfWeek=1,startTime=7200000,startTimeMode=0,endMode=3,endMonth=10,endDay=1,endDayOfWeek=1,endTime=7200000,endTimeMode=0]]]" classname="org.springframework.scheduling.support.CronTriggerTests" time="0.0"/>
  <testcase name="[2] localDateTime[2021-04-26T15:41:13.559], time zone[sun.util.calendar.ZoneInfo[id=&quot;CET&quot;,offset=3600000,dstSavings=3600000,useDaylight=true,transitions=137,lastRule=java.util.SimpleTimeZone[id=CET,offset=3600000,dstSavings=3600000,useDaylight=true,startYear=0,startMode=2,startMonth=2,startDay=-1,startDayOfWeek=1,startTime=7200000,startTimeMode=1,endMode=2,endMonth=9,endDay=-1,endDayOfWeek=1,endTime=7200000,endTimeMode=1]]]" classname="org.springframework.scheduling.support.CronTriggerTests" time="0.0"/>
  <testcase name="[1] localDateTime[2021-04-26T15:41:13.561], time zone[sun.util.calendar.ZoneInfo[id=&quot;PST&quot;,offset=-28800000,dstSavings=3600000,useDaylight=true,transitions=185,lastRule=java.util.SimpleTimeZone[id=PST,offset=-28800000,dstSavings=3600000,useDaylight=true,startYear=0,startMode=3,startMonth=2,startDay=8,startDayOfWeek=1,startTime=7200000,startTimeMode=0,endMode=3,endMonth=10,endDay=1,endDayOfWeek=1,endTime=7200000,endTimeMode=0]]]" classname="org.springframework.scheduling.support.CronTriggerTests" time="0.001"/>
  <testcase name="[2] localDateTime[2021-04-26T15:41:13.561], time zone[sun.util.calendar.ZoneInfo[id=&quot;CET&quot;,offset=3600000,dstSavings=3600000,useDaylight=true,transitions=137,lastRule=java.util.SimpleTimeZone[id=CET,offset=3600000,dstSavings=3600000,useDaylight=true,startYear=0,startMode=2,startMonth=2,startDay=-1,startDayOfWeek=1,startTime=7200000,startTimeMode=1,endMode=2,endMonth=9,endDay=-1,endDayOfWeek=1,endTime=7200000,endTimeMode=1]]]" classname="org.springframework.scheduling.support.CronTriggerTests" time="0.001"/>
  <testcase name="[1] localDateTime[2021-04-26T15:41:13.565], time zone[sun.util.calendar.ZoneInfo[id=&quot;PST&quot;,offset=-28800000,dstSavings=3600000,useDaylight=true,transitions=185,lastRule=java.util.SimpleTimeZone[id=PST,offset=-28800000,dstSavings=3600000,useDaylight=true,startYear=0,startMode=3,startMonth=2,startDay=8,startDayOfWeek=1,startTime=7200000,startTimeMode=0,endMode=3,endMonth=10,endDay=1,endDayOfWeek=1,endTime=7200000,endTimeMode=0]]]" classname="org.springframework.scheduling.support.CronTriggerTests" time="0.001"/>
  <testcase name="[2] localDateTime[2021-04-26T15:41:13.565], time zone[sun.util.calendar.ZoneInfo[id=&quot;CET&quot;,offset=3600000,dstSavings=3600000,useDaylight=true,transitions=137,lastRule=java.util.SimpleTimeZone[id=CET,offset=3600000,dstSavings=3600000,useDaylight=true,startYear=0,startMode=2,startMonth=2,startDay=-1,startDayOfWeek=1,startTime=7200000,startTimeMode=1,endMode=2,endMonth=9,endDay=-1,endDayOfWeek=1,endTime=7200000,endTimeMode=1]]]" classname="org.springframework.scheduling.support.CronTriggerTests" time="0.001"/>
  <testcase name="[1] localDateTime[2021-04-26T15:41:13.568], time zone[sun.util.calendar.ZoneInfo[id=&quot;PST&quot;,offset=-28800000,dstSavings=3600000,useDaylight=true,transitions=185,lastRule=java.util.SimpleTimeZone[id=PST,offset=-28800000,dstSavings=3600000,useDaylight=true,startYear=0,startMode=3,startMonth=2,startDay=8,startDayOfWeek=1,startTime=7200000,startTimeMode=0,endMode=3,endMonth=10,endDay=1,endDayOfWeek=1,endTime=7200000,endTimeMode=0]]]" classname="org.springframework.scheduling.support.CronTriggerTests" time="0.001"/>
  <testcase name="[2] localDateTime[2021-04-26T15:41:13.568], time zone[sun.util.calendar.ZoneInfo[id=&quot;CET&quot;,offset=3600000,dstSavings=3600000,useDaylight=true,transitions=137,lastRule=java.util.SimpleTimeZone[id=CET,offset=3600000,dstSavings=3600000,useDaylight=true,startYear=0,startMode=2,startMonth=2,startDay=-1,startDayOfWeek=1,startTime=7200000,startTimeMode=1,endMode=2,endMonth=9,endDay=-1,endDayOfWeek=1,endTime=7200000,endTimeMode=1]]]" classname="org.springframework.scheduling.support.CronTriggerTests" time="0.001"/>
  <testcase name="[1] localDateTime[2021-04-26T15:41:13.571], time zone[sun.util.calendar.ZoneInfo[id=&quot;PST&quot;,offset=-28800000,dstSavings=3600000,useDaylight=true,transitions=185,lastRule=java.util.SimpleTimeZone[id=PST,offset=-28800000,dstSavings=3600000,useDaylight=true,startYear=0,startMode=3,startMonth=2,startDay=8,startDayOfWeek=1,startTime=7200000,startTimeMode=0,endMode=3,endMonth=10,endDay=1,endDayOfWeek=1,endTime=7200000,endTimeMode=0]]]" classname="org.springframework.scheduling.support.CronTriggerTests" time="0.001"/>
  <testcase name="[2] localDateTime[2021-04-26T15:41:13.571], time zone[sun.util.calendar.ZoneInfo[id=&quot;CET&quot;,offset=3600000,dstSavings=3600000,useDaylight=true,transitions=137,lastRule=java.util.SimpleTimeZone[id=CET,offset=3600000,dstSavings=3600000,useDaylight=true,startYear=0,startMode=2,startMonth=2,startDay=-1,startDayOfWeek=1,startTime=7200000,startTimeMode=1,endMode=2,endMonth=9,endDay=-1,endDayOfWeek=1,endTime=7200000,endTimeMode=1]]]" classname="org.springframework.scheduling.support.CronTriggerTests" time="0.0"/>
  <testcase name="[1] localDateTime[2021-04-26T15:41:13.574], time zone[sun.util.calendar.ZoneInfo[id=&quot;PST&quot;,offset=-28800000,dstSavings=3600000,useDaylight=true,transitions=185,lastRule=java.util.SimpleTimeZone[id=PST,offset=-28800000,dstSavings=3600000,useDaylight=true,startYear=0,startMode=3,startMonth=2,startDay=8,startDayOfWeek=1,startTime=7200000,startTimeMode=0,endMode=3,endMonth=10,endDay=1,endDayOfWeek=1,endTime=7200000,endTimeMode=0]]]" classname="org.springframework.scheduling.support.CronTriggerTests" time="0.001"/>
  <testcase name="[2] localDateTime[2021-04-26T15:41:13.574], time zone[sun.util.calendar.ZoneInfo[id=&quot;CET&quot;,offset=3600000,dstSavings=3600000,useDaylight=true,transitions=137,lastRule=java.util.SimpleTimeZone[id=CET,offset=3600000,dstSavings=3600000,useDaylight=true,startYear=0,startMode=2,startMonth=2,startDay=-1,startDayOfWeek=1,startTime=7200000,startTimeMode=1,endMode=2,endMonth=9,endDay=-1,endDayOfWeek=1,endTime=7200000,endTimeMode=1]]]" classname="org.springframework.scheduling.support.CronTriggerTests" time="0.001"/>
  <testcase name="[1] localDateTime[2021-04-26T15:41:13.577], time zone[sun.util.calendar.ZoneInfo[id=&quot;PST&quot;,offset=-28800000,dstSavings=3600000,useDaylight=true,transitions=185,lastRule=java.util.SimpleTimeZone[id=PST,offset=-28800000,dstSavings=3600000,useDaylight=true,startYear=0,startMode=3,startMonth=2,startDay=8,startDayOfWeek=1,startTime=7200000,startTimeMode=0,endMode=3,endMonth=10,endDay=1,endDayOfWeek=1,endTime=7200000,endTimeMode=0]]]" classname="org.springframework.scheduling.support.CronTriggerTests" time="0.0"/>
  <testcase name="[2] localDateTime[2021-04-26T15:41:13.577], time zone[sun.util.calendar.ZoneInfo[id=&quot;CET&quot;,offset=3600000,dstSavings=3600000,useDaylight=true,transitions=137,lastRule=java.util.SimpleTimeZone[id=CET,offset=3600000,dstSavings=3600000,useDaylight=true,startYear=0,startMode=2,startMonth=2,startDay=-1,startDayOfWeek=1,startTime=7200000,startTimeMode=1,endMode=2,endMonth=9,endDay=-1,endDayOfWeek=1,endTime=7200000,endTimeMode=1]]]" classname="org.springframework.scheduling.support.CronTriggerTests" time="0.0"/>
  <testcase name="[1] localDateTime[2021-04-26T15:41:13.580], time zone[sun.util.calendar.ZoneInfo[id=&quot;PST&quot;,offset=-28800000,dstSavings=3600000,useDaylight=true,transitions=185,lastRule=java.util.SimpleTimeZone[id=PST,offset=-28800000,dstSavings=3600000,useDaylight=true,startYear=0,startMode=3,startMonth=2,startDay=8,startDayOfWeek=1,startTime=7200000,startTimeMode=0,endMode=3,endMonth=10,endDay=1,endDayOfWeek=1,endTime=7200000,endTimeMode=0]]]" classname="org.springframework.scheduling.support.CronTriggerTests" time="0.001"/>
  <testcase name="[2] localDateTime[2021-04-26T15:41:13.580], time zone[sun.util.calendar.ZoneInfo[id=&quot;CET&quot;,offset=3600000,dstSavings=3600000,useDaylight=true,transitions=137,lastRule=java.util.SimpleTimeZone[id=CET,offset=3600000,dstSavings=3600000,useDaylight=true,startYear=0,startMode=2,startMonth=2,startDay=-1,startDayOfWeek=1,startTime=7200000,startTimeMode=1,endMode=2,endMonth=9,endDay=-1,endDayOfWeek=1,endTime=7200000,endTimeMode=1]]]" classname="org.springframework.scheduling.support.CronTriggerTests" time="0.001"/>
  <testcase name="[1] localDateTime[2021-04-26T15:41:13.583], time zone[sun.util.calendar.ZoneInfo[id=&quot;PST&quot;,offset=-28800000,dstSavings=3600000,useDaylight=true,transitions=185,lastRule=java.util.SimpleTimeZone[id=PST,offset=-28800000,dstSavings=3600000,useDaylight=true,startYear=0,startMode=3,startMonth=2,startDay=8,startDayOfWeek=1,startTime=7200000,startTimeMode=0,endMode=3,endMonth=10,endDay=1,endDayOfWeek=1,endTime=7200000,endTimeMode=0]]]" classname="org.springframework.scheduling.support.CronTriggerTests" time="0.0"/>
  <testcase name="[2] localDateTime[2021-04-26T15:41:13.583], time zone[sun.util.calendar.ZoneInfo[id=&quot;CET&quot;,offset=3600000,dstSavings=3600000,useDaylight=true,transitions=137,lastRule=java.util.SimpleTimeZone[id=CET,offset=3600000,dstSavings=3600000,useDaylight=true,startYear=0,startMode=2,startMonth=2,startDay=-1,startDayOfWeek=1,startTime=7200000,startTimeMode=1,endMode=2,endMonth=9,endDay=-1,endDayOfWeek=1,endTime=7200000,endTimeMode=1]]]" classname="org.springframework.scheduling.support.CronTriggerTests" time="0.0"/>
  <testcase name="[1] localDateTime[2021-04-26T15:41:13.586], time zone[sun.util.calendar.ZoneInfo[id=&quot;PST&quot;,offset=-28800000,dstSavings=3600000,useDaylight=true,transitions=185,lastRule=java.util.SimpleTimeZone[id=PST,offset=-28800000,dstSavings=3600000,useDaylight=true,startYear=0,startMode=3,startMonth=2,startDay=8,startDayOfWeek=1,startTime=7200000,startTimeMode=0,endMode=3,endMonth=10,endDay=1,endDayOfWeek=1,endTime=7200000,endTimeMode=0]]]" classname="org.springframework.scheduling.support.CronTriggerTests" time="0.001"/>
  <testcase name="[2] localDateTime[2021-04-26T15:41:13.586], time zone[sun.util.calendar.ZoneInfo[id=&quot;CET&quot;,offset=3600000,dstSavings=3600000,useDaylight=true,transitions=137,lastRule=java.util.SimpleTimeZone[id=CET,offset=3600000,dstSavings=3600000,useDaylight=true,startYear=0,startMode=2,startMonth=2,startDay=-1,startDayOfWeek=1,startTime=7200000,startTimeMode=1,endMode=2,endMonth=9,endDay=-1,endDayOfWeek=1,endTime=7200000,endTimeMode=1]]]" classname="org.springframework.scheduling.support.CronTriggerTests" time="0.001"/>
  <testcase name="[1] localDateTime[2021-04-26T15:41:13.588], time zone[sun.util.calendar.ZoneInfo[id=&quot;PST&quot;,offset=-28800000,dstSavings=3600000,useDaylight=true,transitions=185,lastRule=java.util.SimpleTimeZone[id=PST,offset=-28800000,dstSavings=3600000,useDaylight=true,startYear=0,startMode=3,startMonth=2,startDay=8,startDayOfWeek=1,startTime=7200000,startTimeMode=0,endMode=3,endMonth=10,endDay=1,endDayOfWeek=1,endTime=7200000,endTimeMode=0]]]" classname="org.springframework.scheduling.support.CronTriggerTests" time="0.0"/>
  <testcase name="[2] localDateTime[2021-04-26T15:41:13.588], time zone[sun.util.calendar.ZoneInfo[id=&quot;CET&quot;,offset=3600000,dstSavings=3600000,useDaylight=true,transitions=137,lastRule=java.util.SimpleTimeZone[id=CET,offset=3600000,dstSavings=3600000,useDaylight=true,startYear=0,startMode=2,startMonth=2,startDay=-1,startDayOfWeek=1,startTime=7200000,startTimeMode=1,endMode=2,endMonth=9,endDay=-1,endDayOfWeek=1,endTime=7200000,endTimeMode=1]]]" classname="org.springframework.scheduling.support.CronTriggerTests" time="0.001"/>
  <testcase name="[1] localDateTime[2021-04-26T15:41:13.591], time zone[sun.util.calendar.ZoneInfo[id=&quot;PST&quot;,offset=-28800000,dstSavings=3600000,useDaylight=true,transitions=185,lastRule=java.util.SimpleTimeZone[id=PST,offset=-28800000,dstSavings=3600000,useDaylight=true,startYear=0,startMode=3,startMonth=2,startDay=8,startDayOfWeek=1,startTime=7200000,startTimeMode=0,endMode=3,endMonth=10,endDay=1,endDayOfWeek=1,endTime=7200000,endTimeMode=0]]]" classname="org.springframework.scheduling.support.CronTriggerTests" time="0.001"/>
  <testcase name="[2] localDateTime[2021-04-26T15:41:13.591], time zone[sun.util.calendar.ZoneInfo[id=&quot;CET&quot;,offset=3600000,dstSavings=3600000,useDaylight=true,transitions=137,lastRule=java.util.SimpleTimeZone[id=CET,offset=3600000,dstSavings=3600000,useDaylight=true,startYear=0,startMode=2,startMonth=2,startDay=-1,startDayOfWeek=1,startTime=7200000,startTimeMode=1,endMode=2,endMonth=9,endDay=-1,endDayOfWeek=1,endTime=7200000,endTimeMode=1]]]" classname="org.springframework.scheduling.support.CronTriggerTests" time="0.001"/>
  <testcase name="[1] localDateTime[2021-04-26T15:41:13.593], time zone[sun.util.calendar.ZoneInfo[id=&quot;PST&quot;,offset=-28800000,dstSavings=3600000,useDaylight=true,transitions=185,lastRule=java.util.SimpleTimeZone[id=PST,offset=-28800000,dstSavings=3600000,useDaylight=true,startYear=0,startMode=3,startMonth=2,startDay=8,startDayOfWeek=1,startTime=7200000,startTimeMode=0,endMode=3,endMonth=10,endDay=1,endDayOfWeek=1,endTime=7200000,endTimeMode=0]]]" classname="org.springframework.scheduling.support.CronTriggerTests" time="0.0"/>
  <testcase name="[2] localDateTime[2021-04-26T15:41:13.593], time zone[sun.util.calendar.ZoneInfo[id=&quot;CET&quot;,offset=3600000,dstSavings=3600000,useDaylight=true,transitions=137,lastRule=java.util.SimpleTimeZone[id=CET,offset=3600000,dstSavings=3600000,useDaylight=true,startYear=0,startMode=2,startMonth=2,startDay=-1,startDayOfWeek=1,startTime=7200000,startTimeMode=1,endMode=2,endMonth=9,endDay=-1,endDayOfWeek=1,endTime=7200000,endTimeMode=1]]]" classname="org.springframework.scheduling.support.CronTriggerTests" time="0.001"/>
  <testcase name="[1] localDateTime[2021-04-26T15:41:13.596], time zone[sun.util.calendar.ZoneInfo[id=&quot;PST&quot;,offset=-28800000,dstSavings=3600000,useDaylight=true,transitions=185,lastRule=java.util.SimpleTimeZone[id=PST,offset=-28800000,dstSavings=3600000,useDaylight=true,startYear=0,startMode=3,startMonth=2,startDay=8,startDayOfWeek=1,startTime=7200000,startTimeMode=0,endMode=3,endMonth=10,endDay=1,endDayOfWeek=1,endTime=7200000,endTimeMode=0]]]" classname="org.springframework.scheduling.support.CronTriggerTests" time="0.0"/>
  <testcase name="[2] localDateTime[2021-04-26T15:41:13.596], time zone[sun.util.calendar.ZoneInfo[id=&quot;CET&quot;,offset=3600000,dstSavings=3600000,useDaylight=true,transitions=137,lastRule=java.util.SimpleTimeZone[id=CET,offset=3600000,dstSavings=3600000,useDaylight=true,startYear=0,startMode=2,startMonth=2,startDay=-1,startDayOfWeek=1,startTime=7200000,startTimeMode=1,endMode=2,endMonth=9,endDay=-1,endDayOfWeek=1,endTime=7200000,endTimeMode=1]]]" classname="org.springframework.scheduling.support.CronTriggerTests" time="0.0"/>
  <system-out><![CDATA[]]></system-out>
  <system-err><![CDATA[]]></system-err>
</testsuite>
