<?xml version="1.0" encoding="UTF-8"?>
<testsuite name="org.springframework.context.support.ClassPathXmlApplicationContextTests" tests="20" skipped="0" failures="0" errors="0" timestamp="2021-04-26T07:40:52" hostname="wangweilideMacBook-Pro.local" time="1.811">
  <properties/>
  <testcase name="testSingleConfigLocationWithClass()" classname="org.springframework.context.support.ClassPathXmlApplicationContextTests" time="0.014"/>
  <testcase name="testAliasWithPlaceholder()" classname="org.springframework.context.support.ClassPathXmlApplicationContextTests" time="0.272"/>
  <testcase name="testContextWithInvalidValueType()" classname="org.springframework.context.support.ClassPathXmlApplicationContextTests" time="0.015"/>
  <testcase name="testResourceAndInputStream()" classname="org.springframework.context.support.ClassPathXmlApplicationContextTests" time="0.023"/>
  <testcase name="testContextWithInvalidLazyClass()" classname="org.springframework.context.support.ClassPathXmlApplicationContextTests" time="0.012"/>
  <testcase name="testMessageSourceAware()" classname="org.springframework.context.support.ClassPathXmlApplicationContextTests" time="0.094"/>
  <testcase name="testContextWithClassNameThatContainsPlaceholder()" classname="org.springframework.context.support.ClassPathXmlApplicationContextTests" time="0.006"/>
  <testcase name="testGenericApplicationContextWithXmlBeanDefinitionsAndClassLoaderNull()" classname="org.springframework.context.support.ClassPathXmlApplicationContextTests" time="0.11"/>
  <testcase name="testAliasThatOverridesParent()" classname="org.springframework.context.support.ClassPathXmlApplicationContextTests" time="0.008"/>
  <testcase name="testChildWithProxy()" classname="org.springframework.context.support.ClassPathXmlApplicationContextTests" time="0.121"/>
  <testcase name="testSingleConfigLocation()" classname="org.springframework.context.support.ClassPathXmlApplicationContextTests" time="0.003"/>
  <testcase name="testResourceArrayPropertyEditor()" classname="org.springframework.context.support.ClassPathXmlApplicationContextTests" time="0.115"/>
  <testcase name="testGenericApplicationContextWithXmlBeanDefinitionsAndSpecifiedId()" classname="org.springframework.context.support.ClassPathXmlApplicationContextTests" time="0.126"/>
  <testcase name="testFactoryBeanAndApplicationListener()" classname="org.springframework.context.support.ClassPathXmlApplicationContextTests" time="0.15"/>
  <testcase name="testMultipleConfigLocationsWithClass()" classname="org.springframework.context.support.ClassPathXmlApplicationContextTests" time="0.123"/>
  <testcase name="testMultipleConfigLocations()" classname="org.springframework.context.support.ClassPathXmlApplicationContextTests" time="0.362"/>
  <testcase name="testAliasForParentContext()" classname="org.springframework.context.support.ClassPathXmlApplicationContextTests" time="0.006"/>
  <testcase name="testGenericApplicationContextWithXmlBeanDefinitions()" classname="org.springframework.context.support.ClassPathXmlApplicationContextTests" time="0.12"/>
  <testcase name="testAliasThatOverridesEarlierBean()" classname="org.springframework.context.support.ClassPathXmlApplicationContextTests" time="0.005"/>
  <testcase name="testConfigLocationPattern()" classname="org.springframework.context.support.ClassPathXmlApplicationContextTests" time="0.122"/>
  <system-out><![CDATA[15:40:52.887 [Test worker] WARN  o.s.c.s.ClassPathXmlApplicationContext - Exception encountered during context initialization - cancelling refresh attempt: org.springframework.beans.factory.BeanCreationException: Error creating bean with name 'someMessageSource' defined in class path resource [org/springframework/context/support/invalidValueType.xml]: Initialization of bean failed; nested exception is org.springframework.beans.TypeMismatchException: Failed to convert property value of type 'java.lang.String' to required type 'boolean' for property 'useCodeAsDefaultMessage'; nested exception is java.lang.IllegalArgumentException: Invalid boolean value [xxx]
]]></system-out>
  <system-err><![CDATA[]]></system-err>
</testsuite>
