<?xml version="1.0" encoding="UTF-8"?>
<testsuite name="org.springframework.format.number.PercentStyleFormatterTests" tests="4" skipped="0" failures="0" errors="0" timestamp="2021-05-09T12:42:16" hostname="wangweilidembp" time="0.003">
  <properties/>
  <testcase name="parseValue()" classname="org.springframework.format.number.PercentStyleFormatterTests" time="0.001"/>
  <testcase name="parsePercentValueNotLenientFailure()" classname="org.springframework.format.number.PercentStyleFormatterTests" time="0.001"/>
  <testcase name="parseBogusValue()" classname="org.springframework.format.number.PercentStyleFormatterTests" time="0.0"/>
  <testcase name="formatValue()" classname="org.springframework.format.number.PercentStyleFormatterTests" time="0.001"/>
  <system-out><![CDATA[]]></system-out>
  <system-err><![CDATA[]]></system-err>
</testsuite>
