<?xml version="1.0" encoding="UTF-8"?>
<testsuite name="org.springframework.context.annotation.ImportAwareTests" tests="9" skipped="0" failures="0" errors="0" timestamp="2021-04-26T07:40:46" hostname="wangweilideMacBook-Pro.local" time="0.093">
  <properties/>
  <testcase name="directlyAnnotatedWithImport()" classname="org.springframework.context.annotation.ImportAwareTests" time="0.014"/>
  <testcase name="metadataFromImportsTwoThenOne()" classname="org.springframework.context.annotation.ImportAwareTests" time="0.014"/>
  <testcase name="indirectlyAnnotatedWithImport()" classname="org.springframework.context.annotation.ImportAwareTests" time="0.01"/>
  <testcase name="metadataFromImportsOneThenThree()" classname="org.springframework.context.annotation.ImportAwareTests" time="0.009"/>
  <testcase name="directlyAnnotatedWithImportLite()" classname="org.springframework.context.annotation.ImportAwareTests" time="0.008"/>
  <testcase name="importAwareWithAnnotationAttributes()" classname="org.springframework.context.annotation.ImportAwareTests" time="0.009"/>
  <testcase name="importRegistrar()" classname="org.springframework.context.annotation.ImportAwareTests" time="0.012"/>
  <testcase name="importRegistrarWithImport()" classname="org.springframework.context.annotation.ImportAwareTests" time="0.01"/>
  <testcase name="metadataFromImportsOneThenTwo()" classname="org.springframework.context.annotation.ImportAwareTests" time="0.005"/>
  <system-out><![CDATA[]]></system-out>
  <system-err><![CDATA[]]></system-err>
</testsuite>
