<?xml version="1.0" encoding="UTF-8"?>
<testsuite name="org.springframework.jndi.JndiPropertySourceTests" tests="5" skipped="0" failures="0" errors="0" timestamp="2021-05-01T09:32:30" hostname="wangweilideMBP.lan" time="0.018">
  <properties/>
  <testcase name="propertyWithColonInNonResourceRefMode()" classname="org.springframework.jndi.JndiPropertySourceTests" time="0.009"/>
  <testcase name="nameBoundWithPrefix()" classname="org.springframework.jndi.JndiPropertySourceTests" time="0.004"/>
  <testcase name="nonExistentProperty()" classname="org.springframework.jndi.JndiPropertySourceTests" time="0.004"/>
  <testcase name="nameBoundWithoutPrefix()" classname="org.springframework.jndi.JndiPropertySourceTests" time="0.0"/>
  <testcase name="propertyWithDefaultClauseInResourceRefMode()" classname="org.springframework.jndi.JndiPropertySourceTests" time="0.0"/>
  <system-out><![CDATA[]]></system-out>
  <system-err><![CDATA[]]></system-err>
</testsuite>
