<?xml version="1.0" encoding="UTF-8"?>
<testsuite name="org.springframework.context.expression.CachedExpressionEvaluatorTests" tests="3" skipped="0" failures="0" errors="0" timestamp="2021-05-01T09:31:55" hostname="wangweilideMBP.lan" time="0.01">
  <properties/>
  <testcase name="cacheExpressionBasedOnConcreteType()" classname="org.springframework.context.expression.CachedExpressionEvaluatorTests" time="0.008"/>
  <testcase name="parseNewExpression()" classname="org.springframework.context.expression.CachedExpressionEvaluatorTests" time="0.001"/>
  <testcase name="cacheExpression()" classname="org.springframework.context.expression.CachedExpressionEvaluatorTests" time="0.0"/>
  <system-out><![CDATA[]]></system-out>
  <system-err><![CDATA[]]></system-err>
</testsuite>
