<?xml version="1.0" encoding="UTF-8"?>
<testsuite name="org.springframework.ui.ModelMapTests" tests="25" skipped="0" failures="0" errors="0" timestamp="2021-05-09T12:41:14" hostname="wangweilidembp" time="0.435">
  <properties/>
  <testcase name="testAddNullObjectWithExplicitKey()" classname="org.springframework.ui.ModelMapTests" time="0.0"/>
  <testcase name="testAddAllObjectsWithNullCollection()" classname="org.springframework.ui.ModelMapTests" time="0.0"/>
  <testcase name="testNamedObjectCtor()" classname="org.springframework.ui.ModelMapTests" time="0.0"/>
  <testcase name="testAddObjectWithNull()" classname="org.springframework.ui.ModelMapTests" time="0.001"/>
  <testcase name="testAddNullObjectViaCtorWithExplicitKey()" classname="org.springframework.ui.ModelMapTests" time="0.001"/>
  <testcase name="testOneArgCtorWithCollection()" classname="org.springframework.ui.ModelMapTests" time="0.018"/>
  <testcase name="testAddObjectWithEmptyArray()" classname="org.springframework.ui.ModelMapTests" time="0.004"/>
  <testcase name="testNoArgCtorYieldsEmptyModel()" classname="org.springframework.ui.ModelMapTests" time="0.001"/>
  <testcase name="testAopJdkProxyWithDetectedInterfaces()" classname="org.springframework.ui.ModelMapTests" time="0.024"/>
  <testcase name="testOneArgCtorWithScalar()" classname="org.springframework.ui.ModelMapTests" time="0.003"/>
  <testcase name="testAddListOfTheSameObjects()" classname="org.springframework.ui.ModelMapTests" time="0.006"/>
  <testcase name="testInnerClass()" classname="org.springframework.ui.ModelMapTests" time="0.002"/>
  <testcase name="testAddAllObjectsWithNullMap()" classname="org.springframework.ui.ModelMapTests" time="0.001"/>
  <testcase name="testRawJdkProxy()" classname="org.springframework.ui.ModelMapTests" time="0.008"/>
  <testcase name="testOneArgCtorWithNull()" classname="org.springframework.ui.ModelMapTests" time="0.017"/>
  <testcase name="testAopCglibProxy()" classname="org.springframework.ui.ModelMapTests" time="0.279"/>
  <testcase name="testAddObjectNoKeyOfSameTypeOverrides()" classname="org.springframework.ui.ModelMapTests" time="0.0"/>
  <testcase name="testAddMap()" classname="org.springframework.ui.ModelMapTests" time="0.001"/>
  <testcase name="testInnerClassWithTwoUpperCaseLetters()" classname="org.springframework.ui.ModelMapTests" time="0.001"/>
  <testcase name="testMergeMapWithOverriding()" classname="org.springframework.ui.ModelMapTests" time="0.003"/>
  <testcase name="testOneArgCtorWithEmptyCollection()" classname="org.springframework.ui.ModelMapTests" time="0.001"/>
  <testcase name="testAopJdkProxyWithMultipleInterfaces()" classname="org.springframework.ui.ModelMapTests" time="0.018"/>
  <testcase name="testAddAllObjectsWithSparseArrayList()" classname="org.springframework.ui.ModelMapTests" time="0.002"/>
  <testcase name="testAopJdkProxy()" classname="org.springframework.ui.ModelMapTests" time="0.016"/>
  <testcase name="testUnnamedCtorScalar()" classname="org.springframework.ui.ModelMapTests" time="0.001"/>
  <system-out><![CDATA[]]></system-out>
  <system-err><![CDATA[]]></system-err>
</testsuite>
