<?xml version="1.0" encoding="UTF-8"?>
<testsuite name="org.springframework.context.annotation.ImportAwareTests" tests="9" skipped="0" failures="0" errors="0" timestamp="2021-05-01T09:31:44" hostname="wangweilideMBP.lan" time="0.161">
  <properties/>
  <testcase name="directlyAnnotatedWithImport()" classname="org.springframework.context.annotation.ImportAwareTests" time="0.026"/>
  <testcase name="metadataFromImportsTwoThenOne()" classname="org.springframework.context.annotation.ImportAwareTests" time="0.016"/>
  <testcase name="indirectlyAnnotatedWithImport()" classname="org.springframework.context.annotation.ImportAwareTests" time="0.025"/>
  <testcase name="metadataFromImportsOneThenThree()" classname="org.springframework.context.annotation.ImportAwareTests" time="0.007"/>
  <testcase name="directlyAnnotatedWithImportLite()" classname="org.springframework.context.annotation.ImportAwareTests" time="0.015"/>
  <testcase name="importAwareWithAnnotationAttributes()" classname="org.springframework.context.annotation.ImportAwareTests" time="0.027"/>
  <testcase name="importRegistrar()" classname="org.springframework.context.annotation.ImportAwareTests" time="0.02"/>
  <testcase name="importRegistrarWithImport()" classname="org.springframework.context.annotation.ImportAwareTests" time="0.014"/>
  <testcase name="metadataFromImportsOneThenTwo()" classname="org.springframework.context.annotation.ImportAwareTests" time="0.009"/>
  <system-out><![CDATA[]]></system-out>
  <system-err><![CDATA[]]></system-err>
</testsuite>
