<?xml version="1.0" encoding="UTF-8"?>
<testsuite name="org.springframework.jmx.access.MBeanClientInterceptorTests" tests="14" skipped="0" failures="0" errors="0" timestamp="2021-05-09T12:42:07" hostname="wangweilidembp" time="0.187">
  <properties/>
  <testcase name="invokeUnexposedMethodWithException()" classname="org.springframework.jmx.access.MBeanClientInterceptorTests" time="0.029"/>
  <testcase name="invokeNoArgs()" classname="org.springframework.jmx.access.MBeanClientInterceptorTests" time="0.009"/>
  <testcase name="differentProxiesSameClass()" classname="org.springframework.jmx.access.MBeanClientInterceptorTests" time="0.002"/>
  <testcase name="setReadOnlyAttribute()" classname="org.springframework.jmx.access.MBeanClientInterceptorTests" time="0.002"/>
  <testcase name="proxyClassIsDifferent()" classname="org.springframework.jmx.access.MBeanClientInterceptorTests" time="0.001"/>
  <testcase name="lazyConnectionToRemote()" classname="org.springframework.jmx.access.MBeanClientInterceptorTests" time="0.095"/>
  <testcase name="setAttributeValueWithIOException()" classname="org.springframework.jmx.access.MBeanClientInterceptorTests" time="0.002"/>
  <testcase name="mxBeanOperationAccess()" classname="org.springframework.jmx.access.MBeanClientInterceptorTests" time="0.021"/>
  <testcase name="setAttributeValue()" classname="org.springframework.jmx.access.MBeanClientInterceptorTests" time="0.002"/>
  <testcase name="setAttributeValueWithCheckedException()" classname="org.springframework.jmx.access.MBeanClientInterceptorTests" time="0.002"/>
  <testcase name="mxBeanAttributeAccess()" classname="org.springframework.jmx.access.MBeanClientInterceptorTests" time="0.015"/>
  <testcase name="invokeArgs()" classname="org.springframework.jmx.access.MBeanClientInterceptorTests" time="0.002"/>
  <testcase name="setAttributeValueWithRuntimeException()" classname="org.springframework.jmx.access.MBeanClientInterceptorTests" time="0.002"/>
  <testcase name="getAttributeValue()" classname="org.springframework.jmx.access.MBeanClientInterceptorTests" time="0.001"/>
  <system-out><![CDATA[]]></system-out>
  <system-err><![CDATA[May 09, 2021 8:42:08 P.M. ClientCommunicatorAdmin restart
WARNING: Failed to restart: java.net.ConnectException: Connection refused (Connection refused)
]]></system-err>
</testsuite>
