<?xml version="1.0" encoding="UTF-8"?>
<testsuite name="org.springframework.jmx.export.annotation.AnnotationLazyInitMBeanTests" tests="3" skipped="0" failures="0" errors="0" timestamp="2021-05-01T09:32:22" hostname="wangweilideMBP.lan" time="0.191">
  <properties/>
  <testcase name="lazyAssembling()" classname="org.springframework.jmx.export.annotation.AnnotationLazyInitMBeanTests" time="0.123"/>
  <testcase name="lazyNaming()" classname="org.springframework.jmx.export.annotation.AnnotationLazyInitMBeanTests" time="0.018"/>
  <testcase name="componentScan()" classname="org.springframework.jmx.export.annotation.AnnotationLazyInitMBeanTests" time="0.05"/>
  <system-out><![CDATA[]]></system-out>
  <system-err><![CDATA[]]></system-err>
</testsuite>
