<?xml version="1.0" encoding="UTF-8"?>
<testsuite name="org.springframework.context.annotation.ClassPathFactoryBeanDefinitionScannerTests" tests="1" skipped="0" failures="0" errors="0" timestamp="2021-05-01T09:31:43" hostname="wangweilideMBP.lan" time="0.017">
  <properties/>
  <testcase name="testSingletonScopedFactoryMethod()" classname="org.springframework.context.annotation.ClassPathFactoryBeanDefinitionScannerTests" time="0.017"/>
  <system-out><![CDATA[]]></system-out>
  <system-err><![CDATA[]]></system-err>
</testsuite>
