<?xml version="1.0" encoding="UTF-8"?>
<testsuite name="org.springframework.aop.aspectj.BeanNamePointcutTests" tests="6" skipped="0" failures="0" errors="0" timestamp="2021-05-01T09:32:29" hostname="wangweilideMBP.lan" time="0.133">
  <properties/>
  <testcase name="testPointcutAdvisorCombination()" classname="org.springframework.aop.aspectj.BeanNamePointcutTests" time="0.027"/>
  <testcase name="testMatchingBeanName()" classname="org.springframework.aop.aspectj.BeanNamePointcutTests" time="0.016"/>
  <testcase name="testMatchingFactoryBeanItself()" classname="org.springframework.aop.aspectj.BeanNamePointcutTests" time="0.017"/>
  <testcase name="testMatchingFactoryBeanObject()" classname="org.springframework.aop.aspectj.BeanNamePointcutTests" time="0.019"/>
  <testcase name="testNonMatchingNestedBeanName()" classname="org.springframework.aop.aspectj.BeanNamePointcutTests" time="0.029"/>
  <testcase name="testNonMatchingBeanName()" classname="org.springframework.aop.aspectj.BeanNamePointcutTests" time="0.025"/>
  <system-out><![CDATA[]]></system-out>
  <system-err><![CDATA[]]></system-err>
</testsuite>
