<?xml version="1.0" encoding="UTF-8"?>
<testsuite name="org.springframework.context.annotation.ComponentScanParserWithUserDefinedStrategiesTests" tests="4" skipped="0" failures="0" errors="0" timestamp="2021-05-01T09:31:47" hostname="wangweilideMBP.lan" time="0.101">
  <properties/>
  <testcase name="testInvalidConstructorBeanNameGenerator()" classname="org.springframework.context.annotation.ComponentScanParserWithUserDefinedStrategiesTests" time="0.022"/>
  <testcase name="testCustomScopeMetadataResolver()" classname="org.springframework.context.annotation.ComponentScanParserWithUserDefinedStrategiesTests" time="0.033"/>
  <testcase name="testCustomBeanNameGenerator()" classname="org.springframework.context.annotation.ComponentScanParserWithUserDefinedStrategiesTests" time="0.032"/>
  <testcase name="testInvalidClassNameScopeMetadataResolver()" classname="org.springframework.context.annotation.ComponentScanParserWithUserDefinedStrategiesTests" time="0.013"/>
  <system-out><![CDATA[]]></system-out>
  <system-err><![CDATA[]]></system-err>
</testsuite>
