<?xml version="1.0" encoding="UTF-8"?>
<testsuite name="org.springframework.aop.aspectj.ProceedTests" tests="4" skipped="0" failures="0" errors="0" timestamp="2021-04-26T07:41:25" hostname="wangweilideMacBook-Pro.local" time="0.087">
  <properties/>
  <testcase name="testProceedWithArgsInSameAspect()" classname="org.springframework.aop.aspectj.ProceedTests" time="0.027"/>
  <testcase name="testGetArgsIsDefensive()" classname="org.springframework.aop.aspectj.ProceedTests" time="0.022"/>
  <testcase name="testProceedWithArgsAcrossAspects()" classname="org.springframework.aop.aspectj.ProceedTests" time="0.017"/>
  <testcase name="testSimpleProceedWithChangedArgs()" classname="org.springframework.aop.aspectj.ProceedTests" time="0.019"/>
  <system-out><![CDATA[]]></system-out>
  <system-err><![CDATA[]]></system-err>
</testsuite>
