<?xml version="1.0" encoding="UTF-8"?>
<testsuite name="org.springframework.aop.framework.adapter.AdvisorAdapterRegistrationTests" tests="2" skipped="0" failures="0" errors="0" timestamp="2021-05-01T09:32:25" hostname="wangweilideMBP.lan" time="0.014">
  <properties/>
  <testcase name="testAdvisorAdapterRegistrationManagerPresentInContext()" classname="org.springframework.aop.framework.adapter.AdvisorAdapterRegistrationTests" time="0.009"/>
  <testcase name="testAdvisorAdapterRegistrationManagerNotPresentInContext()" classname="org.springframework.aop.framework.adapter.AdvisorAdapterRegistrationTests" time="0.005"/>
  <system-out><![CDATA[]]></system-out>
  <system-err><![CDATA[]]></system-err>
</testsuite>
