<?xml version="1.0" encoding="UTF-8"?>
<testsuite name="org.springframework.aop.framework.ObjenesisProxyTests" tests="1" skipped="0" failures="0" errors="0" timestamp="2021-05-01T09:32:25" hostname="wangweilideMBP.lan" time="0.167">
  <properties/>
  <testcase name="appliesAspectToClassWithComplexConstructor()" classname="org.springframework.aop.framework.ObjenesisProxyTests" time="0.167"/>
  <system-out><![CDATA[]]></system-out>
  <system-err><![CDATA[]]></system-err>
</testsuite>
