<?xml version="1.0" encoding="UTF-8"?>
<testsuite name="org.springframework.format.support.FormattingConversionServiceFactoryBeanTests" tests="5" skipped="0" failures="0" errors="0" timestamp="2021-04-26T07:41:30" hostname="wangweilideMacBook-Pro.local" time="0.011">
  <properties/>
  <testcase name="testFormatterRegistrar()" classname="org.springframework.format.support.FormattingConversionServiceFactoryBeanTests" time="0.001"/>
  <testcase name="testInvalidFormatter()" classname="org.springframework.format.support.FormattingConversionServiceFactoryBeanTests" time="0.002"/>
  <testcase name="testCustomFormatter()" classname="org.springframework.format.support.FormattingConversionServiceFactoryBeanTests" time="0.004"/>
  <testcase name="testDefaultFormattersOn()" classname="org.springframework.format.support.FormattingConversionServiceFactoryBeanTests" time="0.002"/>
  <testcase name="testDefaultFormattersOff()" classname="org.springframework.format.support.FormattingConversionServiceFactoryBeanTests" time="0.001"/>
  <system-out><![CDATA[]]></system-out>
  <system-err><![CDATA[]]></system-err>
</testsuite>
