<?xml version="1.0" encoding="UTF-8"?>
<testsuite name="org.springframework.aop.aspectj.autoproxy.benchmark.BenchmarkTests" tests="8" skipped="0" failures="0" errors="0" timestamp="2021-05-01T09:32:27" hostname="wangweilideMBP.lan" time="0.2">
  <properties/>
  <testcase name="testRepeatedMixWithSpringAop()" classname="org.springframework.aop.aspectj.autoproxy.benchmark.BenchmarkTests" time="0.039"/>
  <testcase name="testRepeatedAroundAdviceInvocationsWithSpringAop()" classname="org.springframework.aop.aspectj.autoproxy.benchmark.BenchmarkTests" time="0.02"/>
  <testcase name="testRepeatedBeforeAdviceInvocationsWithAspectJ()" classname="org.springframework.aop.aspectj.autoproxy.benchmark.BenchmarkTests" time="0.032"/>
  <testcase name="testRepeatedAroundAdviceInvocationsWithAspectJ()" classname="org.springframework.aop.aspectj.autoproxy.benchmark.BenchmarkTests" time="0.023"/>
  <testcase name="testRepeatedAfterReturningAdviceInvocationsWithAspectJ()" classname="org.springframework.aop.aspectj.autoproxy.benchmark.BenchmarkTests" time="0.021"/>
  <testcase name="testRepeatedBeforeAdviceInvocationsWithSpringAop()" classname="org.springframework.aop.aspectj.autoproxy.benchmark.BenchmarkTests" time="0.018"/>
  <testcase name="testRepeatedAfterReturningAdviceInvocationsWithSpringAop()" classname="org.springframework.aop.aspectj.autoproxy.benchmark.BenchmarkTests" time="0.021"/>
  <testcase name="testRepeatedMixWithAspectJ()" classname="org.springframework.aop.aspectj.autoproxy.benchmark.BenchmarkTests" time="0.023"/>
  <system-out><![CDATA[StopWatch '': running time = 1359257 ns
---------------------------------------------
ns         %     Task name
---------------------------------------------
001359257  100%  10 repeated mixed invocations with Spring AOP

StopWatch '': running time = 259310 ns
---------------------------------------------
ns         %     Task name
---------------------------------------------
000259310  100%  10 repeated around advice invocations with Spring AOP

StopWatch '': running time = 1384487 ns
---------------------------------------------
ns         %     Task name
---------------------------------------------
001384487  100%  10 repeated before advice invocations with AspectJ

StopWatch '': running time = 295592 ns
---------------------------------------------
ns         %     Task name
---------------------------------------------
000295592  100%  10 repeated around advice invocations with AspectJ

StopWatch '': running time = 667586 ns
---------------------------------------------
ns         %     Task name
---------------------------------------------
000667586  100%  10 repeated after returning advice invocations with AspectJ

StopWatch '': running time = 204683 ns
---------------------------------------------
ns         %     Task name
---------------------------------------------
000204683  100%  10 repeated before advice invocations with Spring AOP

StopWatch '': running time = 255737 ns
---------------------------------------------
ns         %     Task name
---------------------------------------------
000255737  100%  10 repeated after returning advice invocations with Spring AOP

StopWatch '': running time = 1883760 ns
---------------------------------------------
ns         %     Task name
---------------------------------------------
001883760  100%  10 repeated mixed invocations with AspectJ

]]></system-out>
  <system-err><![CDATA[]]></system-err>
</testsuite>
