<?xml version="1.0" encoding="UTF-8"?>
<testsuite name="org.springframework.context.annotation.EnableLoadTimeWeavingTests" tests="4" skipped="0" failures="0" errors="0" timestamp="2021-05-09T12:41:35" hostname="wangweilidembp" time="0.112">
  <properties/>
  <testcase name="enableLTW_withAjWeavingAutodetect()" classname="org.springframework.context.annotation.EnableLoadTimeWeavingTests" time="0.03"/>
  <testcase name="enableLTW_withAjWeavingEnabled()" classname="org.springframework.context.annotation.EnableLoadTimeWeavingTests" time="0.035"/>
  <testcase name="control()" classname="org.springframework.context.annotation.EnableLoadTimeWeavingTests" time="0.037"/>
  <testcase name="enableLTW_withAjWeavingDisabled()" classname="org.springframework.context.annotation.EnableLoadTimeWeavingTests" time="0.008"/>
  <system-out><![CDATA[]]></system-out>
  <system-err><![CDATA[]]></system-err>
</testsuite>
