<?xml version="1.0" encoding="UTF-8"?>
<testsuite name="org.springframework.context.annotation.spr8808.Spr8808Tests" tests="1" skipped="0" failures="0" errors="0" timestamp="2021-05-01T09:31:43" hostname="wangweilideMBP.lan" time="0.012">
  <properties/>
  <testcase name="repro()" classname="org.springframework.context.annotation.spr8808.Spr8808Tests" time="0.012"/>
  <system-out><![CDATA[]]></system-out>
  <system-err><![CDATA[]]></system-err>
</testsuite>
