<?xml version="1.0" encoding="UTF-8"?>
<testsuite name="org.springframework.scheduling.support.BitsCronFieldTests" tests="5" skipped="0" failures="0" errors="0" timestamp="2021-05-09T12:42:03" hostname="wangweilidembp" time="0.004">
  <properties/>
  <testcase name="parseLists()" classname="org.springframework.scheduling.support.BitsCronFieldTests" time="0.0"/>
  <testcase name="parseWildcards()" classname="org.springframework.scheduling.support.BitsCronFieldTests" time="0.0"/>
  <testcase name="names()" classname="org.springframework.scheduling.support.BitsCronFieldTests" time="0.0"/>
  <testcase name="parse()" classname="org.springframework.scheduling.support.BitsCronFieldTests" time="0.001"/>
  <testcase name="invalidRange()" classname="org.springframework.scheduling.support.BitsCronFieldTests" time="0.002"/>
  <system-out><![CDATA[]]></system-out>
  <system-err><![CDATA[]]></system-err>
</testsuite>
