<?xml version="1.0" encoding="UTF-8"?>
<testsuite name="org.springframework.format.number.money.MoneyFormattingTests" tests="6" skipped="0" failures="0" errors="0" timestamp="2021-05-01T09:32:32" hostname="wangweilideMBP.lan" time="0.123">
  <properties/>
  <testcase name="testAmountWithNumberFormat1()" classname="org.springframework.format.number.money.MoneyFormattingTests" time="0.07"/>
  <testcase name="testAmountWithNumberFormat2()" classname="org.springframework.format.number.money.MoneyFormattingTests" time="0.003"/>
  <testcase name="testAmountWithNumberFormat3()" classname="org.springframework.format.number.money.MoneyFormattingTests" time="0.002"/>
  <testcase name="testAmountWithNumberFormat4()" classname="org.springframework.format.number.money.MoneyFormattingTests" time="0.004"/>
  <testcase name="testAmountWithNumberFormat5()" classname="org.springframework.format.number.money.MoneyFormattingTests" time="0.003"/>
  <testcase name="testAmountAndUnit()" classname="org.springframework.format.number.money.MoneyFormattingTests" time="0.037"/>
  <system-out><![CDATA[]]></system-out>
  <system-err><![CDATA[May 01, 2021 5:32:32 PM org.javamoney.moneta.DefaultMonetaryContextFactory createMonetaryContextNonNullConfig
INFO: Using custom MathContext: precision=256, roundingMode=HALF_EVEN
]]></system-err>
</testsuite>
