<?xml version="1.0" encoding="UTF-8"?>
<testsuite name="org.springframework.context.annotation.configuration.ScopingTests" tests="6" skipped="0" failures="0" errors="0" timestamp="2021-05-01T09:31:40" hostname="wangweilideMBP.lan" time="0.118">
  <properties/>
  <testcase name="testRawScopes()" classname="org.springframework.context.annotation.configuration.ScopingTests" time="0.033"/>
  <testcase name="testScopedProxyConfigurationWithClasses()" classname="org.springframework.context.annotation.configuration.ScopingTests" time="0.019"/>
  <testcase name="testScopedProxyConfiguration()" classname="org.springframework.context.annotation.configuration.ScopingTests" time="0.024"/>
  <testcase name="testScopeOnClasses()" classname="org.springframework.context.annotation.configuration.ScopingTests" time="0.007"/>
  <testcase name="testScopeOnInterfaces()" classname="org.springframework.context.annotation.configuration.ScopingTests" time="0.014"/>
  <testcase name="testSameScopeOnDifferentBeans()" classname="org.springframework.context.annotation.configuration.ScopingTests" time="0.019"/>
  <system-out><![CDATA[]]></system-out>
  <system-err><![CDATA[]]></system-err>
</testsuite>
