<?xml version="1.0" encoding="UTF-8"?>
<testsuite name="org.springframework.jmx.export.CustomEditorConfigurerTests" tests="2" skipped="0" failures="0" errors="0" timestamp="2021-05-09T12:42:11" hostname="wangweilidembp" time="0.015">
  <properties/>
  <testcase name="datesInApplicationContext()" classname="org.springframework.jmx.export.CustomEditorConfigurerTests" time="0.011"/>
  <testcase name="datesInJmx()" classname="org.springframework.jmx.export.CustomEditorConfigurerTests" time="0.004"/>
  <system-out><![CDATA[]]></system-out>
  <system-err><![CDATA[]]></system-err>
</testsuite>
