<?xml version="1.0" encoding="UTF-8"?>
<testsuite name="org.atinject.tck.auto.Convertible$PrivateTests" tests="4" skipped="0" failures="0" errors="0" timestamp="2021-05-09T12:42:19" hostname="wangweilidembp" time="0.0">
  <properties/>
  <testcase name="testSupertypePrivateMethodInjected" classname="org.atinject.tck.auto.Convertible$PrivateTests" time="0.0"/>
  <testcase name="testPrivateMethodInjectedEvenWhenSimilarMethodLacksAnnotation" classname="org.atinject.tck.auto.Convertible$PrivateTests" time="0.0"/>
  <testcase name="testPackagePrivateMethodInjectedSamePackage" classname="org.atinject.tck.auto.Convertible$PrivateTests" time="0.0"/>
  <testcase name="testSimilarPrivateMethodInjectedOnlyOnce" classname="org.atinject.tck.auto.Convertible$PrivateTests" time="0.0"/>
  <system-out><![CDATA[]]></system-out>
  <system-err><![CDATA[]]></system-err>
</testsuite>
