<?xml version="1.0" encoding="UTF-8"?>
<testsuite name="org.springframework.aop.aspectj.ProceedTests" tests="4" skipped="0" failures="0" errors="0" timestamp="2021-05-09T12:42:13" hostname="wangweilidembp" time="0.075">
  <properties/>
  <testcase name="testProceedWithArgsInSameAspect()" classname="org.springframework.aop.aspectj.ProceedTests" time="0.024"/>
  <testcase name="testGetArgsIsDefensive()" classname="org.springframework.aop.aspectj.ProceedTests" time="0.021"/>
  <testcase name="testProceedWithArgsAcrossAspects()" classname="org.springframework.aop.aspectj.ProceedTests" time="0.016"/>
  <testcase name="testSimpleProceedWithChangedArgs()" classname="org.springframework.aop.aspectj.ProceedTests" time="0.014"/>
  <system-out><![CDATA[]]></system-out>
  <system-err><![CDATA[]]></system-err>
</testsuite>
