<?xml version="1.0" encoding="UTF-8"?>
<testsuite name="org.springframework.context.support.GenericXmlApplicationContextTests" tests="4" skipped="0" failures="0" errors="0" timestamp="2021-04-26T07:40:54" hostname="wangweilideMacBook-Pro.local" time="0.037">
  <properties/>
  <testcase name="classRelativeResourceLoading_ctor()" classname="org.springframework.context.support.GenericXmlApplicationContextTests" time="0.009"/>
  <testcase name="classRelativeResourceLoading_load()" classname="org.springframework.context.support.GenericXmlApplicationContextTests" time="0.009"/>
  <testcase name="fullyQualifiedResourceLoading_ctor()" classname="org.springframework.context.support.GenericXmlApplicationContextTests" time="0.009"/>
  <testcase name="fullyQualifiedResourceLoading_load()" classname="org.springframework.context.support.GenericXmlApplicationContextTests" time="0.01"/>
  <system-out><![CDATA[]]></system-out>
  <system-err><![CDATA[]]></system-err>
</testsuite>
