<?xml version="1.0" encoding="UTF-8"?>
<testsuite name="org.springframework.context.annotation.configuration.ConfigurationBeanNameTests" tests="3" skipped="0" failures="0" errors="0" timestamp="2021-05-09T12:41:27" hostname="wangweilidembp" time="0.03">
  <properties/>
  <testcase name="registerNestedConfig()" classname="org.springframework.context.annotation.configuration.ConfigurationBeanNameTests" time="0.005"/>
  <testcase name="registerOuterConfig()" classname="org.springframework.context.annotation.configuration.ConfigurationBeanNameTests" time="0.016"/>
  <testcase name="registerOuterConfig_withBeanNameGenerator()" classname="org.springframework.context.annotation.configuration.ConfigurationBeanNameTests" time="0.008"/>
  <system-out><![CDATA[]]></system-out>
  <system-err><![CDATA[]]></system-err>
</testsuite>
