<?xml version="1.0" encoding="UTF-8"?>
<testsuite name="org.springframework.format.number.money.MoneyFormattingTests" tests="6" skipped="0" failures="0" errors="0" timestamp="2021-04-26T07:41:29" hostname="wangweilideMacBook-Pro.local" time="0.097">
  <properties/>
  <testcase name="testAmountWithNumberFormat1()" classname="org.springframework.format.number.money.MoneyFormattingTests" time="0.053"/>
  <testcase name="testAmountWithNumberFormat2()" classname="org.springframework.format.number.money.MoneyFormattingTests" time="0.003"/>
  <testcase name="testAmountWithNumberFormat3()" classname="org.springframework.format.number.money.MoneyFormattingTests" time="0.003"/>
  <testcase name="testAmountWithNumberFormat4()" classname="org.springframework.format.number.money.MoneyFormattingTests" time="0.005"/>
  <testcase name="testAmountWithNumberFormat5()" classname="org.springframework.format.number.money.MoneyFormattingTests" time="0.004"/>
  <testcase name="testAmountAndUnit()" classname="org.springframework.format.number.money.MoneyFormattingTests" time="0.027"/>
  <system-out><![CDATA[]]></system-out>
  <system-err><![CDATA[Apr. 26, 2021 3:41:29 P.M. org.javamoney.moneta.DefaultMonetaryContextFactory createMonetaryContextNonNullConfig
INFO: Using custom MathContext: precision=256, roundingMode=HALF_EVEN
]]></system-err>
</testsuite>
