<?xml version="1.0" encoding="UTF-8"?>
<testsuite name="org.springframework.validation.beanvalidation.ValidatorFactoryTests" tests="12" skipped="0" failures="0" errors="0" timestamp="2021-05-01T09:32:33" hostname="wangweilideMBP.lan" time="0.263">
  <properties/>
  <testcase name="testValidationWithOptionalField()" classname="org.springframework.validation.beanvalidation.ValidatorFactoryTests" time="0.013"/>
  <testcase name="testSpringValidationFieldType()" classname="org.springframework.validation.beanvalidation.ValidatorFactoryTests" time="0.031"/>
  <testcase name="testSpringValidationWithErrorInListElement()" classname="org.springframework.validation.beanvalidation.ValidatorFactoryTests" time="0.03"/>
  <testcase name="testSpringValidationWithClassLevel()" classname="org.springframework.validation.beanvalidation.ValidatorFactoryTests" time="0.025"/>
  <testcase name="testInnerBeanValidation()" classname="org.springframework.validation.beanvalidation.ValidatorFactoryTests" time="0.007"/>
  <testcase name="testSpringValidationWithErrorInSetElement()" classname="org.springframework.validation.beanvalidation.ValidatorFactoryTests" time="0.026"/>
  <testcase name="testSpringValidationWithAutowiredValidator()" classname="org.springframework.validation.beanvalidation.ValidatorFactoryTests" time="0.029"/>
  <testcase name="testSimpleValidation()" classname="org.springframework.validation.beanvalidation.ValidatorFactoryTests" time="0.024"/>
  <testcase name="testListValidation()" classname="org.springframework.validation.beanvalidation.ValidatorFactoryTests" time="0.01"/>
  <testcase name="testSimpleValidationWithClassLevel()" classname="org.springframework.validation.beanvalidation.ValidatorFactoryTests" time="0.021"/>
  <testcase name="testSimpleValidationWithCustomProvider()" classname="org.springframework.validation.beanvalidation.ValidatorFactoryTests" time="0.023"/>
  <testcase name="testSpringValidation()" classname="org.springframework.validation.beanvalidation.ValidatorFactoryTests" time="0.023"/>
  <system-out><![CDATA[]]></system-out>
  <system-err><![CDATA[]]></system-err>
</testsuite>
