<?xml version="1.0" encoding="UTF-8"?>
<testsuite name="org.springframework.aop.aspectj.AroundAdviceBindingTests" tests="4" skipped="0" failures="0" errors="0" timestamp="2021-04-26T07:41:26" hostname="wangweilideMacBook-Pro.local" time="0.085">
  <properties/>
  <testcase name="testJustJoinPoint()" classname="org.springframework.aop.aspectj.AroundAdviceBindingTests" time="0.019"/>
  <testcase name="testOneObjectArgBoundToTarget()" classname="org.springframework.aop.aspectj.AroundAdviceBindingTests" time="0.021"/>
  <testcase name="testOneIntAndOneObjectArgs()" classname="org.springframework.aop.aspectj.AroundAdviceBindingTests" time="0.022"/>
  <testcase name="testOneIntArg()" classname="org.springframework.aop.aspectj.AroundAdviceBindingTests" time="0.022"/>
  <system-out><![CDATA[]]></system-out>
  <system-err><![CDATA[]]></system-err>
</testsuite>
