<?xml version="1.0" encoding="UTF-8"?>
<testsuite name="org.springframework.aop.aspectj.BeanNamePointcutTests" tests="6" skipped="0" failures="0" errors="0" timestamp="2021-05-09T12:42:15" hostname="wangweilidembp" time="0.092">
  <properties/>
  <testcase name="testPointcutAdvisorCombination()" classname="org.springframework.aop.aspectj.BeanNamePointcutTests" time="0.02"/>
  <testcase name="testMatchingBeanName()" classname="org.springframework.aop.aspectj.BeanNamePointcutTests" time="0.015"/>
  <testcase name="testMatchingFactoryBeanItself()" classname="org.springframework.aop.aspectj.BeanNamePointcutTests" time="0.013"/>
  <testcase name="testMatchingFactoryBeanObject()" classname="org.springframework.aop.aspectj.BeanNamePointcutTests" time="0.014"/>
  <testcase name="testNonMatchingNestedBeanName()" classname="org.springframework.aop.aspectj.BeanNamePointcutTests" time="0.015"/>
  <testcase name="testNonMatchingBeanName()" classname="org.springframework.aop.aspectj.BeanNamePointcutTests" time="0.014"/>
  <system-out><![CDATA[]]></system-out>
  <system-err><![CDATA[]]></system-err>
</testsuite>
