<?xml version="1.0" encoding="UTF-8"?>
<testsuite name="org.springframework.context.annotation.Spr15275Tests" tests="6" skipped="0" failures="0" errors="0" timestamp="2021-04-26T07:40:48" hostname="wangweilideMacBook-Pro.local" time="0.063">
  <properties/>
  <testcase name="testWithAbstractFactoryBeanForInterface()" classname="org.springframework.context.annotation.Spr15275Tests" time="0.011"/>
  <testcase name="testWithFactoryBean()" classname="org.springframework.context.annotation.Spr15275Tests" time="0.015"/>
  <testcase name="testWithAbstractFactoryBean()" classname="org.springframework.context.annotation.Spr15275Tests" time="0.009"/>
  <testcase name="testWithFinalFactoryBean()" classname="org.springframework.context.annotation.Spr15275Tests" time="0.009"/>
  <testcase name="testWithAbstractFactoryBeanAsReturnType()" classname="org.springframework.context.annotation.Spr15275Tests" time="0.009"/>
  <testcase name="testWithFinalFactoryBeanAsReturnType()" classname="org.springframework.context.annotation.Spr15275Tests" time="0.008"/>
  <system-out><![CDATA[]]></system-out>
  <system-err><![CDATA[]]></system-err>
</testsuite>
