<?xml version="1.0" encoding="UTF-8"?>
<testsuite name="org.springframework.format.datetime.DateFormattingTests$FallbackPatternTests" tests="17" skipped="0" failures="0" errors="0" timestamp="2021-05-09T12:42:16" hostname="wangweilidembp" time="0.022">
  <properties/>
  <testcase name="input date: 2021-03-02" classname="org.springframework.format.datetime.DateFormattingTests$FallbackPatternTests" time="0.001"/>
  <testcase name="input date: 2021.03.02" classname="org.springframework.format.datetime.DateFormattingTests$FallbackPatternTests" time="0.001"/>
  <testcase name="input date: 20210302" classname="org.springframework.format.datetime.DateFormattingTests$FallbackPatternTests" time="0.0"/>
  <testcase name="input date: 3/2/21" classname="org.springframework.format.datetime.DateFormattingTests$FallbackPatternTests" time="0.0"/>
  <testcase name="input date: 2021-03-02" classname="org.springframework.format.datetime.DateFormattingTests$FallbackPatternTests" time="0.001"/>
  <testcase name="input date: 2021.03.02" classname="org.springframework.format.datetime.DateFormattingTests$FallbackPatternTests" time="0.001"/>
  <testcase name="input date: 20210302" classname="org.springframework.format.datetime.DateFormattingTests$FallbackPatternTests" time="0.001"/>
  <testcase name="input date: 3/2/21" classname="org.springframework.format.datetime.DateFormattingTests$FallbackPatternTests" time="0.001"/>
  <testcase name="patternDateWithUnsupportedPattern()" classname="org.springframework.format.datetime.DateFormattingTests$FallbackPatternTests" time="0.001"/>
  <testcase name="input date: 2021-03-02" classname="org.springframework.format.datetime.DateFormattingTests$FallbackPatternTests" time="0.002"/>
  <testcase name="input date: 2021.03.02" classname="org.springframework.format.datetime.DateFormattingTests$FallbackPatternTests" time="0.001"/>
  <testcase name="input date: 20210302" classname="org.springframework.format.datetime.DateFormattingTests$FallbackPatternTests" time="0.001"/>
  <testcase name="input date: 3/2/21" classname="org.springframework.format.datetime.DateFormattingTests$FallbackPatternTests" time="0.001"/>
  <testcase name="input date: 2021-03-02" classname="org.springframework.format.datetime.DateFormattingTests$FallbackPatternTests" time="0.0"/>
  <testcase name="input date: 2021.03.02" classname="org.springframework.format.datetime.DateFormattingTests$FallbackPatternTests" time="0.001"/>
  <testcase name="input date: 20210302" classname="org.springframework.format.datetime.DateFormattingTests$FallbackPatternTests" time="0.001"/>
  <testcase name="input date: 3/2/21" classname="org.springframework.format.datetime.DateFormattingTests$FallbackPatternTests" time="0.001"/>
  <system-out><![CDATA[]]></system-out>
  <system-err><![CDATA[]]></system-err>
</testsuite>
