<?xml version="1.0" encoding="UTF-8"?>
<testsuite name="org.springframework.context.expression.EnvironmentAccessorIntegrationTests" tests="1" skipped="0" failures="0" errors="0" timestamp="2021-05-09T12:41:47" hostname="wangweilidembp" time="0.003">
  <properties/>
  <testcase name="braceAccess()" classname="org.springframework.context.expression.EnvironmentAccessorIntegrationTests" time="0.003"/>
  <system-out><![CDATA[]]></system-out>
  <system-err><![CDATA[]]></system-err>
</testsuite>
