<?xml version="1.0" encoding="UTF-8"?>
<testsuite name="org.springframework.context.support.ConversionServiceFactoryBeanTests" tests="5" skipped="0" failures="0" errors="0" timestamp="2021-04-26T07:40:55" hostname="wangweilideMacBook-Pro.local" time="0.051">
  <properties/>
  <testcase name="createDefaultConversionService()" classname="org.springframework.context.support.ConversionServiceFactoryBeanTests" time="0.001"/>
  <testcase name="conversionServiceInApplicationContext()" classname="org.springframework.context.support.ConversionServiceFactoryBeanTests" time="0.037"/>
  <testcase name="conversionServiceInApplicationContextWithResourceOverriding()" classname="org.springframework.context.support.ConversionServiceFactoryBeanTests" time="0.011"/>
  <testcase name="createDefaultConversionServiceWithInvalidSupplements()" classname="org.springframework.context.support.ConversionServiceFactoryBeanTests" time="0.001"/>
  <testcase name="createDefaultConversionServiceWithSupplements()" classname="org.springframework.context.support.ConversionServiceFactoryBeanTests" time="0.001"/>
  <system-out><![CDATA[]]></system-out>
  <system-err><![CDATA[]]></system-err>
</testsuite>
