<?xml version="1.0" encoding="UTF-8"?>
<testsuite name="org.springframework.context.annotation.ImportSelectorTests" tests="8" skipped="0" failures="0" errors="0" timestamp="2021-05-01T09:31:32" hostname="wangweilideMBP.lan" time="4.52">
  <properties/>
  <testcase name="invokeAwareMethodsInImportGroup()" classname="org.springframework.context.annotation.ImportSelectorTests" time="0.053"/>
  <testcase name="importSelectors()" classname="org.springframework.context.annotation.ImportSelectorTests" time="1.903"/>
  <testcase name="invokeAwareMethodsInImportSelector()" classname="org.springframework.context.annotation.ImportSelectorTests" time="0.009"/>
  <testcase name="importSelectorsWithNestedGroup()" classname="org.springframework.context.annotation.ImportSelectorTests" time="0.814"/>
  <testcase name="importSelectorsWithGroup()" classname="org.springframework.context.annotation.ImportSelectorTests" time="0.672"/>
  <testcase name="importSelectorsSeparateWithGroup()" classname="org.springframework.context.annotation.ImportSelectorTests" time="0.48"/>
  <testcase name="correctMetadataOnIndirectImports()" classname="org.springframework.context.annotation.ImportSelectorTests" time="0.02"/>
  <testcase name="importSelectorsWithNestedGroupSameDeferredImport()" classname="org.springframework.context.annotation.ImportSelectorTests" time="0.546"/>
  <system-out><![CDATA[]]></system-out>
  <system-err><![CDATA[]]></system-err>
</testsuite>
