<?xml version="1.0" encoding="UTF-8"?>
<testsuite name="org.springframework.validation.beanvalidation.SpringValidatorAdapterTests" tests="8" skipped="0" failures="0" errors="0" timestamp="2021-04-26T07:41:30" hostname="wangweilideMacBook-Pro.local" time="0.153">
  <properties/>
  <testcase name="testPatternMessage()" classname="org.springframework.validation.beanvalidation.SpringValidatorAdapterTests" time="0.018"/>
  <testcase name="testNoStringArgumentValue()" classname="org.springframework.validation.beanvalidation.SpringValidatorAdapterTests" time="0.006"/>
  <testcase name="testWithList()" classname="org.springframework.validation.beanvalidation.SpringValidatorAdapterTests" time="0.061"/>
  <testcase name="testApplyMessageSourceResolvableToStringArgumentValueWithUnresolvedLogicalFieldName()" classname="org.springframework.validation.beanvalidation.SpringValidatorAdapterTests" time="0.005"/>
  <testcase name="testWithSet()" classname="org.springframework.validation.beanvalidation.SpringValidatorAdapterTests" time="0.035"/>
  <testcase name="testApplyMessageSourceResolvableToStringArgumentValueWithAlwaysUseMessageFormat()" classname="org.springframework.validation.beanvalidation.SpringValidatorAdapterTests" time="0.004"/>
  <testcase name="testUnwrap()" classname="org.springframework.validation.beanvalidation.SpringValidatorAdapterTests" time="0.001"/>
  <testcase name="testApplyMessageSourceResolvableToStringArgumentValueWithResolvedLogicalFieldName()" classname="org.springframework.validation.beanvalidation.SpringValidatorAdapterTests" time="0.005"/>
  <system-out><![CDATA[]]></system-out>
  <system-err><![CDATA[]]></system-err>
</testsuite>
