<?xml version="1.0" encoding="UTF-8"?>
<testsuite name="org.springframework.beans.factory.xml.SimplePropertyNamespaceHandlerWithExpressionLanguageTests" tests="1" skipped="0" failures="0" errors="0" timestamp="2021-05-01T09:32:30" hostname="wangweilideMBP.lan" time="0.008">
  <properties/>
  <testcase name="combineWithExpressionLanguage()" classname="org.springframework.beans.factory.xml.SimplePropertyNamespaceHandlerWithExpressionLanguageTests" time="0.008"/>
  <system-out><![CDATA[]]></system-out>
  <system-err><![CDATA[]]></system-err>
</testsuite>
