<?xml version="1.0" encoding="UTF-8"?>
<testsuite name="org.springframework.context.annotation.Spr15042Tests" tests="1" skipped="0" failures="0" errors="0" timestamp="2021-05-09T12:41:30" hostname="wangweilidembp" time="0.047">
  <properties/>
  <testcase name="poolingTargetSource()" classname="org.springframework.context.annotation.Spr15042Tests" time="0.047"/>
  <system-out><![CDATA[]]></system-out>
  <system-err><![CDATA[]]></system-err>
</testsuite>
