<?xml version="1.0" encoding="UTF-8"?>
<testsuite name="org.springframework.context.annotation.ImportSelectorTests" tests="8" skipped="0" failures="0" errors="0" timestamp="2021-05-09T12:41:19" hostname="wangweilidembp" time="6.628">
  <properties/>
  <testcase name="invokeAwareMethodsInImportGroup()" classname="org.springframework.context.annotation.ImportSelectorTests" time="0.031"/>
  <testcase name="importSelectors()" classname="org.springframework.context.annotation.ImportSelectorTests" time="2.762"/>
  <testcase name="invokeAwareMethodsInImportSelector()" classname="org.springframework.context.annotation.ImportSelectorTests" time="0.014"/>
  <testcase name="importSelectorsWithNestedGroup()" classname="org.springframework.context.annotation.ImportSelectorTests" time="1.457"/>
  <testcase name="importSelectorsWithGroup()" classname="org.springframework.context.annotation.ImportSelectorTests" time="1.07"/>
  <testcase name="importSelectorsSeparateWithGroup()" classname="org.springframework.context.annotation.ImportSelectorTests" time="0.625"/>
  <testcase name="correctMetadataOnIndirectImports()" classname="org.springframework.context.annotation.ImportSelectorTests" time="0.02"/>
  <testcase name="importSelectorsWithNestedGroupSameDeferredImport()" classname="org.springframework.context.annotation.ImportSelectorTests" time="0.646"/>
  <system-out><![CDATA[]]></system-out>
  <system-err><![CDATA[]]></system-err>
</testsuite>
