<?xml version="1.0" encoding="UTF-8"?>
<testsuite name="org.springframework.context.annotation.EnableLoadTimeWeavingTests" tests="4" skipped="0" failures="0" errors="0" timestamp="2021-05-01T09:31:47" hostname="wangweilideMBP.lan" time="0.053">
  <properties/>
  <testcase name="enableLTW_withAjWeavingAutodetect()" classname="org.springframework.context.annotation.EnableLoadTimeWeavingTests" time="0.013"/>
  <testcase name="enableLTW_withAjWeavingEnabled()" classname="org.springframework.context.annotation.EnableLoadTimeWeavingTests" time="0.021"/>
  <testcase name="control()" classname="org.springframework.context.annotation.EnableLoadTimeWeavingTests" time="0.015"/>
  <testcase name="enableLTW_withAjWeavingDisabled()" classname="org.springframework.context.annotation.EnableLoadTimeWeavingTests" time="0.004"/>
  <system-out><![CDATA[]]></system-out>
  <system-err><![CDATA[]]></system-err>
</testsuite>
