<?xml version="1.0" encoding="UTF-8"?>
<testsuite name="org.springframework.context.annotation.ImportSelectorTests" tests="8" skipped="0" failures="0" errors="0" timestamp="2021-04-26T07:40:35" hostname="wangweilideMacBook-Pro.local" time="6.732">
  <properties/>
  <testcase name="invokeAwareMethodsInImportGroup()" classname="org.springframework.context.annotation.ImportSelectorTests" time="0.036"/>
  <testcase name="importSelectors()" classname="org.springframework.context.annotation.ImportSelectorTests" time="2.462"/>
  <testcase name="invokeAwareMethodsInImportSelector()" classname="org.springframework.context.annotation.ImportSelectorTests" time="0.013"/>
  <testcase name="importSelectorsWithNestedGroup()" classname="org.springframework.context.annotation.ImportSelectorTests" time="1.116"/>
  <testcase name="importSelectorsWithGroup()" classname="org.springframework.context.annotation.ImportSelectorTests" time="1.238"/>
  <testcase name="importSelectorsSeparateWithGroup()" classname="org.springframework.context.annotation.ImportSelectorTests" time="0.997"/>
  <testcase name="correctMetadataOnIndirectImports()" classname="org.springframework.context.annotation.ImportSelectorTests" time="0.03"/>
  <testcase name="importSelectorsWithNestedGroupSameDeferredImport()" classname="org.springframework.context.annotation.ImportSelectorTests" time="0.835"/>
  <system-out><![CDATA[]]></system-out>
  <system-err><![CDATA[]]></system-err>
</testsuite>
