<?xml version="1.0" encoding="UTF-8"?>
<testsuite name="org.springframework.context.annotation.configuration.ImportAnnotationDetectionTests" tests="4" skipped="0" failures="0" errors="0" timestamp="2021-04-26T07:40:44" hostname="wangweilideMacBook-Pro.local" time="0.082">
  <properties/>
  <testcase name="localImportIsProcessedLast()" classname="org.springframework.context.annotation.configuration.ImportAnnotationDetectionTests" time="0.024"/>
  <testcase name="importFromBean()" classname="org.springframework.context.annotation.configuration.ImportAnnotationDetectionTests" time="0.005"/>
  <testcase name="localAndMetaImportsAreProcessed()" classname="org.springframework.context.annotation.configuration.ImportAnnotationDetectionTests" time="0.034"/>
  <testcase name="multipleMetaImportsAreProcessed()" classname="org.springframework.context.annotation.configuration.ImportAnnotationDetectionTests" time="0.016"/>
  <system-out><![CDATA[]]></system-out>
  <system-err><![CDATA[]]></system-err>
</testsuite>
