<?xml version="1.0" encoding="UTF-8"?>
<testsuite name="org.springframework.aop.aspectj.DeclareParentsTests" tests="2" skipped="0" failures="0" errors="0" timestamp="2021-05-09T12:42:14" hostname="wangweilidembp" time="0.023">
  <properties/>
  <testcase name="testLockingWorks()" classname="org.springframework.aop.aspectj.DeclareParentsTests" time="0.013"/>
  <testcase name="testIntroductionWasMade()" classname="org.springframework.aop.aspectj.DeclareParentsTests" time="0.01"/>
  <system-out><![CDATA[]]></system-out>
  <system-err><![CDATA[]]></system-err>
</testsuite>
