<?xml version="1.0" encoding="UTF-8"?>
<testsuite name="org.springframework.context.annotation.ComponentScanAnnotationRecursionTests" tests="1" skipped="0" failures="0" errors="0" timestamp="2021-05-09T12:41:30" hostname="wangweilidembp" time="0.025">
  <properties/>
  <testcase name="recursion()" classname="org.springframework.context.annotation.ComponentScanAnnotationRecursionTests" time="0.025"/>
  <system-out><![CDATA[]]></system-out>
  <system-err><![CDATA[]]></system-err>
</testsuite>
