<?xml version="1.0" encoding="UTF-8"?>
<testsuite name="org.springframework.cache.config.AnnotationNamespaceDrivenTests" tests="64" skipped="0" failures="0" errors="0" timestamp="2021-05-01T09:32:12" hostname="wangweilideMBP.lan" time="1.454">
  <properties/>
  <testcase name="testMultiConditionalCacheAndEvict()" classname="org.springframework.cache.config.AnnotationNamespaceDrivenTests" time="0.023"/>
  <testcase name="testClassEvictWithKeyEarly()" classname="org.springframework.cache.config.AnnotationNamespaceDrivenTests" time="0.034"/>
  <testcase name="testClassCheckedExceptionSync()" classname="org.springframework.cache.config.AnnotationNamespaceDrivenTests" time="0.022"/>
  <testcase name="testKeyExpression()" classname="org.springframework.cache.config.AnnotationNamespaceDrivenTests" time="0.022"/>
  <testcase name="testConditionalUpdate()" classname="org.springframework.cache.config.AnnotationNamespaceDrivenTests" time="0.025"/>
  <testcase name="testClassMultiCacheAndEvict()" classname="org.springframework.cache.config.AnnotationNamespaceDrivenTests" time="0.017"/>
  <testcase name="testCacheableSyncNull()" classname="org.springframework.cache.config.AnnotationNamespaceDrivenTests" time="0.017"/>
  <testcase name="testUnknownCustomKeyGenerator()" classname="org.springframework.cache.config.AnnotationNamespaceDrivenTests" time="0.025"/>
  <testcase name="testClassRootVars()" classname="org.springframework.cache.config.AnnotationNamespaceDrivenTests" time="0.024"/>
  <testcase name="testMethodName()" classname="org.springframework.cache.config.AnnotationNamespaceDrivenTests" time="0.022"/>
  <testcase name="testEvictWithException()" classname="org.springframework.cache.config.AnnotationNamespaceDrivenTests" time="0.022"/>
  <testcase name="testClassUpdate()" classname="org.springframework.cache.config.AnnotationNamespaceDrivenTests" time="0.018"/>
  <testcase name="testCustomCacheManager()" classname="org.springframework.cache.config.AnnotationNamespaceDrivenTests" time="0.023"/>
  <testcase name="testEvict()" classname="org.springframework.cache.config.AnnotationNamespaceDrivenTests" time="0.026"/>
  <testcase name="testCheckedExceptionSync()" classname="org.springframework.cache.config.AnnotationNamespaceDrivenTests" time="0.024"/>
  <testcase name="testClassEvictEarly()" classname="org.springframework.cache.config.AnnotationNamespaceDrivenTests" time="0.024"/>
  <testcase name="testClassNullArg()" classname="org.springframework.cache.config.AnnotationNamespaceDrivenTests" time="0.029"/>
  <testcase name="testClassEvictAll()" classname="org.springframework.cache.config.AnnotationNamespaceDrivenTests" time="0.028"/>
  <testcase name="testPutRefersToResult()" classname="org.springframework.cache.config.AnnotationNamespaceDrivenTests" time="0.03"/>
  <testcase name="testClassCacheUnlessExpression()" classname="org.springframework.cache.config.AnnotationNamespaceDrivenTests" time="0.02"/>
  <testcase name="testConditionalExpressionSync()" classname="org.springframework.cache.config.AnnotationNamespaceDrivenTests" time="0.02"/>
  <testcase name="testClassConditionalUpdate()" classname="org.springframework.cache.config.AnnotationNamespaceDrivenTests" time="0.031"/>
  <testcase name="testConditionalExpression()" classname="org.springframework.cache.config.AnnotationNamespaceDrivenTests" time="0.017"/>
  <testcase name="testClassMultiPut()" classname="org.springframework.cache.config.AnnotationNamespaceDrivenTests" time="0.017"/>
  <testcase name="testClassUncheckedException()" classname="org.springframework.cache.config.AnnotationNamespaceDrivenTests" time="0.022"/>
  <testcase name="testClassCacheEvictWithWKey()" classname="org.springframework.cache.config.AnnotationNamespaceDrivenTests" time="0.018"/>
  <testcase name="testClassNullValue()" classname="org.springframework.cache.config.AnnotationNamespaceDrivenTests" time="0.021"/>
  <testcase name="testUncheckedExceptionSync()" classname="org.springframework.cache.config.AnnotationNamespaceDrivenTests" time="0.019"/>
  <testcase name="testClassUncheckedExceptionSync()" classname="org.springframework.cache.config.AnnotationNamespaceDrivenTests" time="0.022"/>
  <testcase name="testClassCacheCacheable()" classname="org.springframework.cache.config.AnnotationNamespaceDrivenTests" time="0.021"/>
  <testcase name="testClassMethodName()" classname="org.springframework.cache.config.AnnotationNamespaceDrivenTests" time="0.019"/>
  <testcase name="testCustomKeyGenerator()" classname="org.springframework.cache.config.AnnotationNamespaceDrivenTests" time="0.018"/>
  <testcase name="testCacheable()" classname="org.springframework.cache.config.AnnotationNamespaceDrivenTests" time="0.023"/>
  <testcase name="testCheckedException()" classname="org.springframework.cache.config.AnnotationNamespaceDrivenTests" time="0.019"/>
  <testcase name="testClassPutRefersToResult()" classname="org.springframework.cache.config.AnnotationNamespaceDrivenTests" time="0.022"/>
  <testcase name="testVarArgsKey()" classname="org.springframework.cache.config.AnnotationNamespaceDrivenTests" time="0.018"/>
  <testcase name="testMultiCache()" classname="org.springframework.cache.config.AnnotationNamespaceDrivenTests" time="0.018"/>
  <testcase name="testMultiEvict()" classname="org.springframework.cache.config.AnnotationNamespaceDrivenTests" time="0.021"/>
  <testcase name="testMultiCacheAndEvict()" classname="org.springframework.cache.config.AnnotationNamespaceDrivenTests" time="0.017"/>
  <testcase name="testRootVars()" classname="org.springframework.cache.config.AnnotationNamespaceDrivenTests" time="0.019"/>
  <testcase name="testClassMultiConditionalCacheAndEvict()" classname="org.springframework.cache.config.AnnotationNamespaceDrivenTests" time="0.019"/>
  <testcase name="testClassEvictWithException()" classname="org.springframework.cache.config.AnnotationNamespaceDrivenTests" time="0.019"/>
  <testcase name="testClassCheckedException()" classname="org.springframework.cache.config.AnnotationNamespaceDrivenTests" time="0.022"/>
  <testcase name="testClassCacheEvict()" classname="org.springframework.cache.config.AnnotationNamespaceDrivenTests" time="0.021"/>
  <testcase name="testEvictWithKey()" classname="org.springframework.cache.config.AnnotationNamespaceDrivenTests" time="0.024"/>
  <testcase name="testUnlessExpression()" classname="org.springframework.cache.config.AnnotationNamespaceDrivenTests" time="0.02"/>
  <testcase name="testEvictAllEarly()" classname="org.springframework.cache.config.AnnotationNamespaceDrivenTests" time="0.018"/>
  <testcase name="testEvictAll()" classname="org.springframework.cache.config.AnnotationNamespaceDrivenTests" time="0.018"/>
  <testcase name="testCacheableNull()" classname="org.springframework.cache.config.AnnotationNamespaceDrivenTests" time="0.02"/>
  <testcase name="testCacheableSync()" classname="org.springframework.cache.config.AnnotationNamespaceDrivenTests" time="0.028"/>
  <testcase name="testEvictWithKeyEarly()" classname="org.springframework.cache.config.AnnotationNamespaceDrivenTests" time="0.027"/>
  <testcase name="testMultiPut()" classname="org.springframework.cache.config.AnnotationNamespaceDrivenTests" time="0.023"/>
  <testcase name="testUnknownCustomCacheManager()" classname="org.springframework.cache.config.AnnotationNamespaceDrivenTests" time="0.016"/>
  <testcase name="testUncheckedException()" classname="org.springframework.cache.config.AnnotationNamespaceDrivenTests" time="0.019"/>
  <testcase name="testNullValue()" classname="org.springframework.cache.config.AnnotationNamespaceDrivenTests" time="0.018"/>
  <testcase name="testEvictEarly()" classname="org.springframework.cache.config.AnnotationNamespaceDrivenTests" time="0.018"/>
  <testcase name="testUpdate()" classname="org.springframework.cache.config.AnnotationNamespaceDrivenTests" time="0.017"/>
  <testcase name="testNullArg()" classname="org.springframework.cache.config.AnnotationNamespaceDrivenTests" time="0.032"/>
  <testcase name="testClassMultiCache()" classname="org.springframework.cache.config.AnnotationNamespaceDrivenTests" time="0.022"/>
  <testcase name="testClassMultiEvict()" classname="org.springframework.cache.config.AnnotationNamespaceDrivenTests" time="0.023"/>
  <testcase name="bothSetOnlyResolverIsUsed()" classname="org.springframework.cache.config.AnnotationNamespaceDrivenTests" time="0.047"/>
  <testcase name="testKeyStrategy()" classname="org.springframework.cache.config.AnnotationNamespaceDrivenTests" time="0.031"/>
  <testcase name="testCacheErrorHandler()" classname="org.springframework.cache.config.AnnotationNamespaceDrivenTests" time="0.023"/>
  <testcase name="cacheResolver()" classname="org.springframework.cache.config.AnnotationNamespaceDrivenTests" time="0.034"/>
  <system-out><![CDATA[]]></system-out>
  <system-err><![CDATA[]]></system-err>
</testsuite>
