<?xml version="1.0" encoding="UTF-8"?>
<testsuite name="org.springframework.validation.beanvalidation.ValidatorFactoryTests" tests="12" skipped="0" failures="0" errors="0" timestamp="2021-04-26T07:41:30" hostname="wangweilideMacBook-Pro.local" time="0.312">
  <properties/>
  <testcase name="testValidationWithOptionalField()" classname="org.springframework.validation.beanvalidation.ValidatorFactoryTests" time="0.013"/>
  <testcase name="testSpringValidationFieldType()" classname="org.springframework.validation.beanvalidation.ValidatorFactoryTests" time="0.036"/>
  <testcase name="testSpringValidationWithErrorInListElement()" classname="org.springframework.validation.beanvalidation.ValidatorFactoryTests" time="0.036"/>
  <testcase name="testSpringValidationWithClassLevel()" classname="org.springframework.validation.beanvalidation.ValidatorFactoryTests" time="0.03"/>
  <testcase name="testInnerBeanValidation()" classname="org.springframework.validation.beanvalidation.ValidatorFactoryTests" time="0.006"/>
  <testcase name="testSpringValidationWithErrorInSetElement()" classname="org.springframework.validation.beanvalidation.ValidatorFactoryTests" time="0.032"/>
  <testcase name="testSpringValidationWithAutowiredValidator()" classname="org.springframework.validation.beanvalidation.ValidatorFactoryTests" time="0.034"/>
  <testcase name="testSimpleValidation()" classname="org.springframework.validation.beanvalidation.ValidatorFactoryTests" time="0.025"/>
  <testcase name="testListValidation()" classname="org.springframework.validation.beanvalidation.ValidatorFactoryTests" time="0.009"/>
  <testcase name="testSimpleValidationWithClassLevel()" classname="org.springframework.validation.beanvalidation.ValidatorFactoryTests" time="0.028"/>
  <testcase name="testSimpleValidationWithCustomProvider()" classname="org.springframework.validation.beanvalidation.ValidatorFactoryTests" time="0.029"/>
  <testcase name="testSpringValidation()" classname="org.springframework.validation.beanvalidation.ValidatorFactoryTests" time="0.029"/>
  <system-out><![CDATA[]]></system-out>
  <system-err><![CDATA[]]></system-err>
</testsuite>
