<?xml version="1.0" encoding="UTF-8"?>
<testsuite name="org.springframework.aop.aspectj.AfterReturningAdviceBindingTests" tests="12" skipped="0" failures="0" errors="0" timestamp="2021-04-26T07:41:27" hostname="wangweilideMacBook-Pro.local" time="0.387">
  <properties/>
  <testcase name="testNoInvokeWhenReturningParameterTypeDoesNotMatch()" classname="org.springframework.aop.aspectj.AfterReturningAdviceBindingTests" time="0.033"/>
  <testcase name="testReturningBeanArray()" classname="org.springframework.aop.aspectj.AfterReturningAdviceBindingTests" time="0.019"/>
  <testcase name="testReturningPrimitive()" classname="org.springframework.aop.aspectj.AfterReturningAdviceBindingTests" time="0.024"/>
  <testcase name="testReturningBean()" classname="org.springframework.aop.aspectj.AfterReturningAdviceBindingTests" time="0.019"/>
  <testcase name="testOneObjectArg()" classname="org.springframework.aop.aspectj.AfterReturningAdviceBindingTests" time="0.018"/>
  <testcase name="testNeedsJoinPoint()" classname="org.springframework.aop.aspectj.AfterReturningAdviceBindingTests" time="0.022"/>
  <testcase name="testReturningByType()" classname="org.springframework.aop.aspectj.AfterReturningAdviceBindingTests" time="0.018"/>
  <testcase name="testReturningObject()" classname="org.springframework.aop.aspectj.AfterReturningAdviceBindingTests" time="0.025"/>
  <testcase name="testReturningString()" classname="org.springframework.aop.aspectj.AfterReturningAdviceBindingTests" time="0.032"/>
  <testcase name="testOneIntAndOneObjectArgs()" classname="org.springframework.aop.aspectj.AfterReturningAdviceBindingTests" time="0.034"/>
  <testcase name="testNeedsJoinPointStaticPart()" classname="org.springframework.aop.aspectj.AfterReturningAdviceBindingTests" time="0.097"/>
  <testcase name="testOneIntArg()" classname="org.springframework.aop.aspectj.AfterReturningAdviceBindingTests" time="0.044"/>
  <system-out><![CDATA[]]></system-out>
  <system-err><![CDATA[]]></system-err>
</testsuite>
