<?xml version="1.0" encoding="UTF-8"?>
<testsuite name="org.springframework.beans.factory.xml.LookupMethodWrappedByCglibProxyTests" tests="2" skipped="0" failures="0" errors="0" timestamp="2021-05-09T12:42:15" hostname="wangweilidembp" time="0.015">
  <properties/>
  <testcase name="testRegularlyProxiedLookup()" classname="org.springframework.beans.factory.xml.LookupMethodWrappedByCglibProxyTests" time="0.011"/>
  <testcase name="testAutoProxiedLookup()" classname="org.springframework.beans.factory.xml.LookupMethodWrappedByCglibProxyTests" time="0.004"/>
  <system-out><![CDATA[]]></system-out>
  <system-err><![CDATA[]]></system-err>
</testsuite>
