<?xml version="1.0" encoding="UTF-8"?>
<testsuite name="org.springframework.cache.config.EnableCachingIntegrationTests" tests="4" skipped="0" failures="0" errors="0" timestamp="2021-05-09T12:42:02" hostname="wangweilidembp" time="0.046">
  <properties/>
  <testcase name="beanConditionOff()" classname="org.springframework.cache.config.EnableCachingIntegrationTests" time="0.02"/>
  <testcase name="beanConditionOn()" classname="org.springframework.cache.config.EnableCachingIntegrationTests" time="0.006"/>
  <testcase name="fooServiceWithInterfaceCglib()" classname="org.springframework.cache.config.EnableCachingIntegrationTests" time="0.013"/>
  <testcase name="fooServiceWithInterface()" classname="org.springframework.cache.config.EnableCachingIntegrationTests" time="0.005"/>
  <system-out><![CDATA[]]></system-out>
  <system-err><![CDATA[]]></system-err>
</testsuite>
