<?xml version="1.0" encoding="UTF-8"?>
<testsuite name="org.springframework.scheduling.config.LazyScheduledTasksBeanDefinitionParserTests" tests="1" skipped="0" failures="0" errors="0" timestamp="2021-04-26T07:41:12" hostname="wangweilideMacBook-Pro.local" time="0.043">
  <properties/>
  <testcase name="checkTarget()" classname="org.springframework.scheduling.config.LazyScheduledTasksBeanDefinitionParserTests" time="0.043"/>
  <system-out><![CDATA[]]></system-out>
  <system-err><![CDATA[]]></system-err>
</testsuite>
