<?xml version="1.0" encoding="UTF-8"?>
<testsuite name="org.springframework.aop.aspectj.generic.GenericParameterMatchingTests" tests="3" skipped="0" failures="0" errors="0" timestamp="2021-05-01T09:32:28" hostname="wangweilideMBP.lan" time="0.072">
  <properties/>
  <testcase name="testGenericInterfaceSubtypeGenericCollectionArgExecution()" classname="org.springframework.aop.aspectj.generic.GenericParameterMatchingTests" time="0.032"/>
  <testcase name="testGenericInterfaceGenericArgExecution()" classname="org.springframework.aop.aspectj.generic.GenericParameterMatchingTests" time="0.021"/>
  <testcase name="testGenericInterfaceGenericCollectionArgExecution()" classname="org.springframework.aop.aspectj.generic.GenericParameterMatchingTests" time="0.019"/>
  <system-out><![CDATA[]]></system-out>
  <system-err><![CDATA[]]></system-err>
</testsuite>
