<?xml version="1.0" encoding="UTF-8"?>
<testsuite name="org.springframework.scripting.support.RefreshableScriptTargetSourceTests" tests="1" skipped="0" failures="0" errors="0" timestamp="2021-05-01T09:32:00" hostname="wangweilideMBP.lan" time="0.012">
  <properties/>
  <testcase name="createWithNullScriptSource()" classname="org.springframework.scripting.support.RefreshableScriptTargetSourceTests" time="0.012"/>
  <system-out><![CDATA[]]></system-out>
  <system-err><![CDATA[]]></system-err>
</testsuite>
