<?xml version="1.0" encoding="UTF-8"?>
<testsuite name="org.springframework.context.expression.ApplicationContextExpressionTests" tests="5" skipped="0" failures="0" errors="0" timestamp="2021-04-26T07:40:57" hostname="wangweilideMacBook-Pro.local" time="0.061">
  <properties/>
  <testcase name="systemPropertiesSecurityManager()" classname="org.springframework.context.expression.ApplicationContextExpressionTests" time="0.008"/>
  <testcase name="prototypeCreationReevaluatesExpressions()" classname="org.springframework.context.expression.ApplicationContextExpressionTests" time="0.006"/>
  <testcase name="stringConcatenationWithDebugLogging()" classname="org.springframework.context.expression.ApplicationContextExpressionTests" time="0.006"/>
  <testcase name="resourceInjection()" classname="org.springframework.context.expression.ApplicationContextExpressionTests" time="0.013"/>
  <testcase name="genericApplicationContext()" classname="org.springframework.context.expression.ApplicationContextExpressionTests" time="0.028"/>
  <system-out><![CDATA[]]></system-out>
  <system-err><![CDATA[]]></system-err>
</testsuite>
