<?xml version="1.0" encoding="UTF-8"?>
<testsuite name="org.springframework.aop.aspectj.autoproxy.AtAspectJAnnotationBindingTests" tests="3" skipped="0" failures="0" errors="0" timestamp="2021-05-01T09:32:28" hostname="wangweilideMBP.lan" time="0.037">
  <properties/>
  <testcase name="testAnnotationBindingInAroundAdvice()" classname="org.springframework.aop.aspectj.autoproxy.AtAspectJAnnotationBindingTests" time="0.017"/>
  <testcase name="testNoMatchingWithoutAnnotationPresent()" classname="org.springframework.aop.aspectj.autoproxy.AtAspectJAnnotationBindingTests" time="0.011"/>
  <testcase name="testPointcutEvaluatedAgainstArray()" classname="org.springframework.aop.aspectj.autoproxy.AtAspectJAnnotationBindingTests" time="0.009"/>
  <system-out><![CDATA[]]></system-out>
  <system-err><![CDATA[]]></system-err>
</testsuite>
