<?xml version="1.0" encoding="UTF-8"?>
<testsuite name="org.springframework.context.expression.ApplicationContextExpressionTests" tests="5" skipped="0" failures="0" errors="0" timestamp="2021-05-09T12:41:47" hostname="wangweilidembp" time="0.068">
  <properties/>
  <testcase name="systemPropertiesSecurityManager()" classname="org.springframework.context.expression.ApplicationContextExpressionTests" time="0.008"/>
  <testcase name="prototypeCreationReevaluatesExpressions()" classname="org.springframework.context.expression.ApplicationContextExpressionTests" time="0.008"/>
  <testcase name="stringConcatenationWithDebugLogging()" classname="org.springframework.context.expression.ApplicationContextExpressionTests" time="0.008"/>
  <testcase name="resourceInjection()" classname="org.springframework.context.expression.ApplicationContextExpressionTests" time="0.015"/>
  <testcase name="genericApplicationContext()" classname="org.springframework.context.expression.ApplicationContextExpressionTests" time="0.029"/>
  <system-out><![CDATA[]]></system-out>
  <system-err><![CDATA[]]></system-err>
</testsuite>
