<?xml version="1.0" encoding="UTF-8"?>
<testsuite name="org.springframework.aop.aspectj.AfterAdviceBindingTests" tests="6" skipped="0" failures="0" errors="0" timestamp="2021-05-09T12:42:15" hostname="wangweilidembp" time="0.08">
  <properties/>
  <testcase name="testNeedsJoinPoint()" classname="org.springframework.aop.aspectj.AfterAdviceBindingTests" time="0.015"/>
  <testcase name="testOneObjectArgBindingTarget()" classname="org.springframework.aop.aspectj.AfterAdviceBindingTests" time="0.013"/>
  <testcase name="testOneIntAndOneObjectArgs()" classname="org.springframework.aop.aspectj.AfterAdviceBindingTests" time="0.012"/>
  <testcase name="testNeedsJoinPointStaticPart()" classname="org.springframework.aop.aspectj.AfterAdviceBindingTests" time="0.012"/>
  <testcase name="testOneIntArg()" classname="org.springframework.aop.aspectj.AfterAdviceBindingTests" time="0.013"/>
  <testcase name="testOneObjectArgBindingProxyWithThis()" classname="org.springframework.aop.aspectj.AfterAdviceBindingTests" time="0.014"/>
  <system-out><![CDATA[]]></system-out>
  <system-err><![CDATA[]]></system-err>
</testsuite>
