<?xml version="1.0" encoding="UTF-8"?>
<testsuite name="org.springframework.jms.listener.MessageListenerContainerIntegrationTests" tests="4" skipped="0" failures="0" errors="0" timestamp="2021-05-09T12:40:05" hostname="wangweilidembp" time="4.077">
  <properties/>
  <testcase name="simpleMessageListenerContainer()" classname="org.springframework.jms.listener.MessageListenerContainerIntegrationTests" time="0.897"/>
  <testcase name="defaultMessageListenerContainer()" classname="org.springframework.jms.listener.MessageListenerContainerIntegrationTests" time="1.061"/>
  <testcase name="defaultMessageListenerContainerWithIdleReceivesPerTaskLimit()" classname="org.springframework.jms.listener.MessageListenerContainerIntegrationTests" time="1.051"/>
  <testcase name="defaultMessageListenerContainerWithMaxMessagesPerTask()" classname="org.springframework.jms.listener.MessageListenerContainerIntegrationTests" time="1.066"/>
  <system-out><![CDATA[]]></system-out>
  <system-err><![CDATA[]]></system-err>
</testsuite>
