<?xml version="1.0" encoding="UTF-8"?>
<testsuite name="org.springframework.jms.support.JmsMessageHeaderAccessorTests" tests="1" skipped="0" failures="0" errors="0" timestamp="2021-05-01T09:25:26" hostname="wangweilideMBP.lan" time="0.013">
  <properties/>
  <testcase name="validateJmsHeaders()" classname="org.springframework.jms.support.JmsMessageHeaderAccessorTests" time="0.013"/>
  <system-out><![CDATA[]]></system-out>
  <system-err><![CDATA[]]></system-err>
</testsuite>
