<?xml version="1.0" encoding="UTF-8"?>
<testsuite name="org.springframework.jms.support.SimpleMessageConverterTests" tests="10" skipped="0" failures="0" errors="0" timestamp="2021-05-09T12:40:22" hostname="wangweilidembp" time="0.246">
  <properties/>
  <testcase name="testSerializableConversion()" classname="org.springframework.jms.support.SimpleMessageConverterTests" time="0.002"/>
  <testcase name="testByteArrayConversion()" classname="org.springframework.jms.support.SimpleMessageConverterTests" time="0.026"/>
  <testcase name="testMapConversionWhereMapHasNNullForKey()" classname="org.springframework.jms.support.SimpleMessageConverterTests" time="0.173"/>
  <testcase name="testMapConversion()" classname="org.springframework.jms.support.SimpleMessageConverterTests" time="0.004"/>
  <testcase name="testToMessageSimplyReturnsMessageAsIsIfSuppliedWithMessage()" classname="org.springframework.jms.support.SimpleMessageConverterTests" time="0.001"/>
  <testcase name="testFromMessageSimplyReturnsMessageAsIsIfSuppliedWithMessage()" classname="org.springframework.jms.support.SimpleMessageConverterTests" time="0.0"/>
  <testcase name="testMapConversionWhereMapHasNonStringTypesForKeys()" classname="org.springframework.jms.support.SimpleMessageConverterTests" time="0.034"/>
  <testcase name="testStringConversion()" classname="org.springframework.jms.support.SimpleMessageConverterTests" time="0.002"/>
  <testcase name="testToMessageThrowsExceptionIfGivenIncompatibleObjectToConvert()" classname="org.springframework.jms.support.SimpleMessageConverterTests" time="0.001"/>
  <testcase name="testToMessageThrowsExceptionIfGivenNullObjectToConvert()" classname="org.springframework.jms.support.SimpleMessageConverterTests" time="0.001"/>
  <system-out><![CDATA[]]></system-out>
  <system-err><![CDATA[]]></system-err>
</testsuite>
