<?xml version="1.0" encoding="UTF-8"?>
<testsuite name="org.springframework.jms.annotation.JmsListenerAnnotationBeanPostProcessorTests" tests="5" skipped="0" failures="0" errors="0" timestamp="2021-04-26T07:39:30" hostname="wangweilideMacBook-Pro.local" time="0.373">
  <properties/>
  <testcase name="simpleMessageListener()" classname="org.springframework.jms.annotation.JmsListenerAnnotationBeanPostProcessorTests" time="0.047"/>
  <testcase name="invalidProxy()" classname="org.springframework.jms.annotation.JmsListenerAnnotationBeanPostProcessorTests" time="0.17"/>
  <testcase name="sendToAnnotationFoundOnCglibProxy()" classname="org.springframework.jms.annotation.JmsListenerAnnotationBeanPostProcessorTests" time="0.075"/>
  <testcase name="metaAnnotationIsDiscovered()" classname="org.springframework.jms.annotation.JmsListenerAnnotationBeanPostProcessorTests" time="0.023"/>
  <testcase name="sendToAnnotationFoundOnInterfaceProxy()" classname="org.springframework.jms.annotation.JmsListenerAnnotationBeanPostProcessorTests" time="0.055"/>
  <system-out><![CDATA[]]></system-out>
  <system-err><![CDATA[]]></system-err>
</testsuite>
