<?xml version="1.0" encoding="UTF-8"?>
<testsuite name="org.springframework.jms.annotation.AnnotationDrivenNamespaceTests" tests="9" skipped="0" failures="0" errors="0" timestamp="2021-05-09T12:40:21" hostname="wangweilidembp" time="0.822">
  <properties/>
  <testcase name="jmsListeners()" classname="org.springframework.jms.annotation.AnnotationDrivenNamespaceTests" time="0.126"/>
  <testcase name="sampleConfiguration()" classname="org.springframework.jms.annotation.AnnotationDrivenNamespaceTests" time="0.106"/>
  <testcase name="customConfiguration()" classname="org.springframework.jms.annotation.AnnotationDrivenNamespaceTests" time="0.109"/>
  <testcase name="jmsHandlerMethodFactoryConfiguration()" classname="org.springframework.jms.annotation.AnnotationDrivenNamespaceTests" time="0.061"/>
  <testcase name="explicitContainerFactory()" classname="org.springframework.jms.annotation.AnnotationDrivenNamespaceTests" time="0.062"/>
  <testcase name="fullConfiguration()" classname="org.springframework.jms.annotation.AnnotationDrivenNamespaceTests" time="0.057"/>
  <testcase name="defaultContainerFactory()" classname="org.springframework.jms.annotation.AnnotationDrivenNamespaceTests" time="0.026"/>
  <testcase name="fullConfigurableConfiguration()" classname="org.springframework.jms.annotation.AnnotationDrivenNamespaceTests" time="0.169"/>
  <testcase name="jmsListenerIsRepeatable()" classname="org.springframework.jms.annotation.AnnotationDrivenNamespaceTests" time="0.083"/>
  <system-out><![CDATA[]]></system-out>
  <system-err><![CDATA[]]></system-err>
</testsuite>
