<?xml version="1.0" encoding="UTF-8"?>
<testsuite name="org.springframework.jms.listener.MessageListenerContainerIntegrationTests" tests="4" skipped="0" failures="0" errors="0" timestamp="2021-04-26T07:39:19" hostname="wangweilideMacBook-Pro.local" time="3.876">
  <properties/>
  <testcase name="simpleMessageListenerContainer()" classname="org.springframework.jms.listener.MessageListenerContainerIntegrationTests" time="0.726"/>
  <testcase name="defaultMessageListenerContainer()" classname="org.springframework.jms.listener.MessageListenerContainerIntegrationTests" time="1.049"/>
  <testcase name="defaultMessageListenerContainerWithIdleReceivesPerTaskLimit()" classname="org.springframework.jms.listener.MessageListenerContainerIntegrationTests" time="1.046"/>
  <testcase name="defaultMessageListenerContainerWithMaxMessagesPerTask()" classname="org.springframework.jms.listener.MessageListenerContainerIntegrationTests" time="1.053"/>
  <system-out><![CDATA[]]></system-out>
  <system-err><![CDATA[]]></system-err>
</testsuite>
