<?xml version="1.0" encoding="UTF-8"?>
<testsuite name="org.springframework.jms.listener.endpoint.DefaultJmsActivationSpecFactoryTests" tests="2" skipped="0" failures="0" errors="0" timestamp="2021-05-09T12:40:04" hostname="wangweilidembp" time="0.23">
  <properties/>
  <testcase name="webSphereResourceAdapterSetup()" classname="org.springframework.jms.listener.endpoint.DefaultJmsActivationSpecFactoryTests" time="0.218"/>
  <testcase name="activeMQResourceAdapterSetup()" classname="org.springframework.jms.listener.endpoint.DefaultJmsActivationSpecFactoryTests" time="0.006"/>
  <system-out><![CDATA[]]></system-out>
  <system-err><![CDATA[]]></system-err>
</testsuite>
