<?xml version="1.0" encoding="UTF-8"?>
<testsuite name="org.springframework.jms.config.JmsListenerEndpointRegistryTests" tests="4" skipped="0" failures="0" errors="0" timestamp="2021-05-01T09:25:20" hostname="wangweilideMBP.lan" time="0.003">
  <properties/>
  <testcase name="createWithDuplicateEndpointId()" classname="org.springframework.jms.config.JmsListenerEndpointRegistryTests" time="0.001"/>
  <testcase name="createWithNullEndpointId()" classname="org.springframework.jms.config.JmsListenerEndpointRegistryTests" time="0.001"/>
  <testcase name="createWithNullContainerFactory()" classname="org.springframework.jms.config.JmsListenerEndpointRegistryTests" time="0.001"/>
  <testcase name="createWithNullEndpoint()" classname="org.springframework.jms.config.JmsListenerEndpointRegistryTests" time="0.0"/>
  <system-out><![CDATA[]]></system-out>
  <system-err><![CDATA[]]></system-err>
</testsuite>
