<?xml version="1.0" encoding="UTF-8"?>
<testsuite name="org.springframework.jms.support.destination.JmsDestinationAccessorTests" tests="2" skipped="0" failures="0" errors="0" timestamp="2021-04-26T07:39:31" hostname="wangweilideMacBook-Pro.local" time="0.002">
  <properties/>
  <testcase name="testSessionTransactedModeReallyDoesDefaultToFalse()" classname="org.springframework.jms.support.destination.JmsDestinationAccessorTests" time="0.0"/>
  <testcase name="testChokesIfDestinationResolverIsetToNullExplicitly()" classname="org.springframework.jms.support.destination.JmsDestinationAccessorTests" time="0.001"/>
  <system-out><![CDATA[]]></system-out>
  <system-err><![CDATA[]]></system-err>
</testsuite>
