<?xml version="1.0" encoding="UTF-8"?>
<testsuite name="org.springframework.jms.listener.endpoint.DefaultJmsActivationSpecFactoryTests" tests="2" skipped="0" failures="0" errors="0" timestamp="2021-04-26T07:39:18" hostname="wangweilideMacBook-Pro.local" time="0.166">
  <properties/>
  <testcase name="webSphereResourceAdapterSetup()" classname="org.springframework.jms.listener.endpoint.DefaultJmsActivationSpecFactoryTests" time="0.145"/>
  <testcase name="activeMQResourceAdapterSetup()" classname="org.springframework.jms.listener.endpoint.DefaultJmsActivationSpecFactoryTests" time="0.02"/>
  <system-out><![CDATA[]]></system-out>
  <system-err><![CDATA[]]></system-err>
</testsuite>
