<?xml version="1.0" encoding="UTF-8"?>
<testsuite name="org.springframework.jms.config.JmsListenerEndpointRegistryTests" tests="4" skipped="0" failures="0" errors="0" timestamp="2021-04-26T07:39:27" hostname="wangweilideMacBook-Pro.local" time="0.006">
  <properties/>
  <testcase name="createWithDuplicateEndpointId()" classname="org.springframework.jms.config.JmsListenerEndpointRegistryTests" time="0.001"/>
  <testcase name="createWithNullEndpointId()" classname="org.springframework.jms.config.JmsListenerEndpointRegistryTests" time="0.002"/>
  <testcase name="createWithNullContainerFactory()" classname="org.springframework.jms.config.JmsListenerEndpointRegistryTests" time="0.001"/>
  <testcase name="createWithNullEndpoint()" classname="org.springframework.jms.config.JmsListenerEndpointRegistryTests" time="0.001"/>
  <system-out><![CDATA[]]></system-out>
  <system-err><![CDATA[]]></system-err>
</testsuite>
