<?xml version="1.0" encoding="UTF-8"?>
<testsuite name="org.springframework.jms.listener.adapter.MessagingMessageListenerAdapterTests" tests="16" skipped="0" failures="0" errors="0" timestamp="2021-05-09T12:40:02" hostname="wangweilidembp" time="1.417">
  <properties/>
  <testcase name="replyJacksonMessageAndJsonView()" classname="org.springframework.jms.listener.adapter.MessagingMessageListenerAdapterTests" time="1.135"/>
  <testcase name="replyJackson()" classname="org.springframework.jms.listener.adapter.MessagingMessageListenerAdapterTests" time="0.019"/>
  <testcase name="buildMessageWithStandardMessage()" classname="org.springframework.jms.listener.adapter.MessagingMessageListenerAdapterTests" time="0.005"/>
  <testcase name="replyPayloadNoDestination()" classname="org.springframework.jms.listener.adapter.MessagingMessageListenerAdapterTests" time="0.015"/>
  <testcase name="exceptionInListener()" classname="org.springframework.jms.listener.adapter.MessagingMessageListenerAdapterTests" time="0.004"/>
  <testcase name="payloadConversionLazilyInvoked()" classname="org.springframework.jms.listener.adapter.MessagingMessageListenerAdapterTests" time="0.025"/>
  <testcase name="replyUsesMessageConverterForPayload()" classname="org.springframework.jms.listener.adapter.MessagingMessageListenerAdapterTests" time="0.003"/>
  <testcase name="replyJacksonPojoAndJsonView()" classname="org.springframework.jms.listener.adapter.MessagingMessageListenerAdapterTests" time="0.017"/>
  <testcase name="replyPayloadToQueue()" classname="org.springframework.jms.listener.adapter.MessagingMessageListenerAdapterTests" time="0.008"/>
  <testcase name="replyPayloadToTopic()" classname="org.springframework.jms.listener.adapter.MessagingMessageListenerAdapterTests" time="0.028"/>
  <testcase name="incomingMessageUsesMessageConverter()" classname="org.springframework.jms.listener.adapter.MessagingMessageListenerAdapterTests" time="0.012"/>
  <testcase name="headerConversionLazilyInvoked()" classname="org.springframework.jms.listener.adapter.MessagingMessageListenerAdapterTests" time="0.007"/>
  <testcase name="replyWithCustomTimeToLive()" classname="org.springframework.jms.listener.adapter.MessagingMessageListenerAdapterTests" time="0.011"/>
  <testcase name="replyWithFullQoS()" classname="org.springframework.jms.listener.adapter.MessagingMessageListenerAdapterTests" time="0.009"/>
  <testcase name="replyPayloadToDestination()" classname="org.springframework.jms.listener.adapter.MessagingMessageListenerAdapterTests" time="0.039"/>
  <testcase name="exceptionInInvocation()" classname="org.springframework.jms.listener.adapter.MessagingMessageListenerAdapterTests" time="0.01"/>
  <system-out><![CDATA[]]></system-out>
  <system-err><![CDATA[]]></system-err>
</testsuite>
