<?xml version="1.0" encoding="UTF-8"?>
<testsuite name="org.springframework.jms.config.JmsListenerEndpointTests" tests="5" skipped="0" failures="0" errors="0" timestamp="2021-05-01T09:25:19" hostname="wangweilideMBP.lan" time="0.061">
  <properties/>
  <testcase name="setupMessageContainerNoListener()" classname="org.springframework.jms.config.JmsListenerEndpointTests" time="0.001"/>
  <testcase name="setupJcaMessageContainerFullConfig()" classname="org.springframework.jms.config.JmsListenerEndpointTests" time="0.001"/>
  <testcase name="setupMessageContainerUnsupportedContainer()" classname="org.springframework.jms.config.JmsListenerEndpointTests" time="0.058"/>
  <testcase name="setupJmsMessageContainerFullConfig()" classname="org.springframework.jms.config.JmsListenerEndpointTests" time="0.001"/>
  <testcase name="setupConcurrencySimpleContainer()" classname="org.springframework.jms.config.JmsListenerEndpointTests" time="0.0"/>
  <system-out><![CDATA[]]></system-out>
  <system-err><![CDATA[]]></system-err>
</testsuite>
