<?xml version="1.0" encoding="UTF-8"?>
<testsuite name="org.springframework.jms.listener.MessageListenerContainerIntegrationTests" tests="4" skipped="0" failures="0" errors="0" timestamp="2021-05-01T09:25:13" hostname="wangweilideMBP.lan" time="4.016">
  <properties/>
  <testcase name="simpleMessageListenerContainer()" classname="org.springframework.jms.listener.MessageListenerContainerIntegrationTests" time="0.892"/>
  <testcase name="defaultMessageListenerContainer()" classname="org.springframework.jms.listener.MessageListenerContainerIntegrationTests" time="1.053"/>
  <testcase name="defaultMessageListenerContainerWithIdleReceivesPerTaskLimit()" classname="org.springframework.jms.listener.MessageListenerContainerIntegrationTests" time="1.036"/>
  <testcase name="defaultMessageListenerContainerWithMaxMessagesPerTask()" classname="org.springframework.jms.listener.MessageListenerContainerIntegrationTests" time="1.034"/>
  <system-out><![CDATA[]]></system-out>
  <system-err><![CDATA[]]></system-err>
</testsuite>
