<?xml version="1.0" encoding="UTF-8"?>
<testsuite name="org.springframework.jms.config.JmsNamespaceHandlerTests" tests="13" skipped="0" failures="0" errors="0" timestamp="2021-05-09T12:40:16" hostname="wangweilidembp" time="3.384">
  <properties/>
  <testcase name="testJcaContainerConfiguration()" classname="org.springframework.jms.config.JmsNamespaceHandlerTests" time="1.119"/>
  <testcase name="testRecoveryInterval()" classname="org.springframework.jms.config.JmsNamespaceHandlerTests" time="0.261"/>
  <testcase name="testSourceExtraction()" classname="org.springframework.jms.config.JmsNamespaceHandlerTests" time="0.158"/>
  <testcase name="testListeners()" classname="org.springframework.jms.config.JmsNamespaceHandlerTests" time="0.246"/>
  <testcase name="testResponseDestination()" classname="org.springframework.jms.config.JmsNamespaceHandlerTests" time="0.191"/>
  <testcase name="testJmsContainerFactoryConfiguration()" classname="org.springframework.jms.config.JmsNamespaceHandlerTests" time="0.303"/>
  <testcase name="testComponentRegistration()" classname="org.springframework.jms.config.JmsNamespaceHandlerTests" time="0.236"/>
  <testcase name="testConcurrency()" classname="org.springframework.jms.config.JmsNamespaceHandlerTests" time="0.143"/>
  <testcase name="testJcaContainerFactoryConfiguration()" classname="org.springframework.jms.config.JmsNamespaceHandlerTests" time="0.186"/>
  <testcase name="testErrorHandlers()" classname="org.springframework.jms.config.JmsNamespaceHandlerTests" time="0.152"/>
  <testcase name="testContainerConfiguration()" classname="org.springframework.jms.config.JmsNamespaceHandlerTests" time="0.112"/>
  <testcase name="testPhases()" classname="org.springframework.jms.config.JmsNamespaceHandlerTests" time="0.141"/>
  <testcase name="testBeansCreated()" classname="org.springframework.jms.config.JmsNamespaceHandlerTests" time="0.124"/>
  <system-out><![CDATA[]]></system-out>
  <system-err><![CDATA[]]></system-err>
</testsuite>
