<?xml version="1.0" encoding="UTF-8"?>
<testsuite name="org.springframework.jms.connection.JmsTransactionManagerTests" tests="9" skipped="0" failures="0" errors="0" timestamp="2021-05-09T12:40:14" hostname="wangweilidembp" time="0.185">
  <properties/>
  <testcase name="testLazyTransactionalSession()" classname="org.springframework.jms.connection.JmsTransactionManagerTests" time="0.017"/>
  <testcase name="testLazyWithoutSessionAccess()" classname="org.springframework.jms.connection.JmsTransactionManagerTests" time="0.001"/>
  <testcase name="testTransactionSuspension()" classname="org.springframework.jms.connection.JmsTransactionManagerTests" time="0.071"/>
  <testcase name="testTransactionCommit()" classname="org.springframework.jms.connection.JmsTransactionManagerTests" time="0.004"/>
  <testcase name="testSuspendedTransaction()" classname="org.springframework.jms.connection.JmsTransactionManagerTests" time="0.015"/>
  <testcase name="testParticipatingTransactionWithCommit()" classname="org.springframework.jms.connection.JmsTransactionManagerTests" time="0.015"/>
  <testcase name="testTransactionRollback()" classname="org.springframework.jms.connection.JmsTransactionManagerTests" time="0.004"/>
  <testcase name="testParticipatingTransactionWithRollbackOnly()" classname="org.springframework.jms.connection.JmsTransactionManagerTests" time="0.029"/>
  <testcase name="testTransactionCommitWithMessageProducer()" classname="org.springframework.jms.connection.JmsTransactionManagerTests" time="0.006"/>
  <system-out><![CDATA[]]></system-out>
  <system-err><![CDATA[]]></system-err>
</testsuite>
