<?xml version="1.0" encoding="UTF-8"?>
<testsuite name="org.springframework.jms.annotation.EnableJmsTests" tests="14" skipped="0" failures="0" errors="0" timestamp="2021-05-01T09:25:22" hostname="wangweilideMBP.lan" time="1.289">
  <properties/>
  <testcase name="jmsListeners()" classname="org.springframework.jms.annotation.EnableJmsTests" time="0.56"/>
  <testcase name="unknownFactory()" classname="org.springframework.jms.annotation.EnableJmsTests" time="0.057"/>
  <testcase name="sampleConfiguration()" classname="org.springframework.jms.annotation.EnableJmsTests" time="0.023"/>
  <testcase name="customConfiguration()" classname="org.springframework.jms.annotation.EnableJmsTests" time="0.033"/>
  <testcase name="composedJmsListeners()" classname="org.springframework.jms.annotation.EnableJmsTests" time="0.158"/>
  <testcase name="containerCanBeStarterViaTheRegistry()" classname="org.springframework.jms.annotation.EnableJmsTests" time="0.055"/>
  <testcase name="jmsHandlerMethodFactoryConfiguration()" classname="org.springframework.jms.annotation.EnableJmsTests" time="0.083"/>
  <testcase name="explicitContainerFactory()" classname="org.springframework.jms.annotation.EnableJmsTests" time="0.05"/>
  <testcase name="fullConfiguration()" classname="org.springframework.jms.annotation.EnableJmsTests" time="0.066"/>
  <testcase name="lazyComponent()" classname="org.springframework.jms.annotation.EnableJmsTests" time="0.044"/>
  <testcase name="defaultContainerFactory()" classname="org.springframework.jms.annotation.EnableJmsTests" time="0.012"/>
  <testcase name="fullConfigurableConfiguration()" classname="org.springframework.jms.annotation.EnableJmsTests" time="0.081"/>
  <testcase name="jmsListenerIsRepeatable()" classname="org.springframework.jms.annotation.EnableJmsTests" time="0.043"/>
  <testcase name="containerAreStartedByDefault()" classname="org.springframework.jms.annotation.EnableJmsTests" time="0.02"/>
  <system-out><![CDATA[]]></system-out>
  <system-err><![CDATA[]]></system-err>
</testsuite>
