<?xml version="1.0" encoding="UTF-8"?>
<testsuite name="org.springframework.jms.support.converter.MappingJackson2MessageConverterTests" tests="14" skipped="0" failures="0" errors="0" timestamp="2021-04-26T07:39:31" hostname="wangweilideMacBook-Pro.local" time="0.247">
  <properties/>
  <testcase name="toTextMessageWithAnotherJsonViewClass()" classname="org.springframework.jms.support.converter.MappingJackson2MessageConverterTests" time="0.004"/>
  <testcase name="toBytesMessage()" classname="org.springframework.jms.support.converter.MappingJackson2MessageConverterTests" time="0.024"/>
  <testcase name="fromTextMessageWithUnknownProperty()" classname="org.springframework.jms.support.converter.MappingJackson2MessageConverterTests" time="0.113"/>
  <testcase name="fromTextMessageAsMap()" classname="org.springframework.jms.support.converter.MappingJackson2MessageConverterTests" time="0.039"/>
  <testcase name="toTextMessageWithReturnTypeAndNoJsonView()" classname="org.springframework.jms.support.converter.MappingJackson2MessageConverterTests" time="0.003"/>
  <testcase name="toTextMessageWithObject()" classname="org.springframework.jms.support.converter.MappingJackson2MessageConverterTests" time="0.003"/>
  <testcase name="toTextMessageWithMap()" classname="org.springframework.jms.support.converter.MappingJackson2MessageConverterTests" time="0.008"/>
  <testcase name="fromBytesMessage()" classname="org.springframework.jms.support.converter.MappingJackson2MessageConverterTests" time="0.015"/>
  <testcase name="fromTextMessageAsObject()" classname="org.springframework.jms.support.converter.MappingJackson2MessageConverterTests" time="0.005"/>
  <testcase name="toTextMessageWithJsonViewClass()" classname="org.springframework.jms.support.converter.MappingJackson2MessageConverterTests" time="0.005"/>
  <testcase name="toTextMessageWithReturnType()" classname="org.springframework.jms.support.converter.MappingJackson2MessageConverterTests" time="0.002"/>
  <testcase name="toTextMessageWithNullReturnType()" classname="org.springframework.jms.support.converter.MappingJackson2MessageConverterTests" time="0.009"/>
  <testcase name="toTextMessageWithReturnTypeAndMultipleJsonViews()" classname="org.springframework.jms.support.converter.MappingJackson2MessageConverterTests" time="0.001"/>
  <testcase name="fromTextMessage()" classname="org.springframework.jms.support.converter.MappingJackson2MessageConverterTests" time="0.002"/>
  <system-out><![CDATA[]]></system-out>
  <system-err><![CDATA[]]></system-err>
</testsuite>
