<?xml version="1.0" encoding="UTF-8"?>
<testsuite name="org.springframework.jms.config.JmsListenerContainerFactoryIntegrationTests" tests="4" skipped="0" failures="0" errors="0" timestamp="2021-05-09T12:40:15" hostname="wangweilidembp" time="0.521">
  <properties/>
  <testcase name="messagingMessageConverterCanBeUsed()" classname="org.springframework.jms.config.JmsListenerContainerFactoryIntegrationTests" time="0.002"/>
  <testcase name="parameterAnnotationWithJdkProxy()" classname="org.springframework.jms.config.JmsListenerContainerFactoryIntegrationTests" time="0.01"/>
  <testcase name="messageConverterUsedIfSet()" classname="org.springframework.jms.config.JmsListenerContainerFactoryIntegrationTests" time="0.033"/>
  <testcase name="parameterAnnotationWithCglibProxy()" classname="org.springframework.jms.config.JmsListenerContainerFactoryIntegrationTests" time="0.431"/>
  <system-out><![CDATA[]]></system-out>
  <system-err><![CDATA[]]></system-err>
</testsuite>
