<?xml version="1.0" encoding="UTF-8"?>
<testsuite name="org.springframework.jms.support.converter.MessagingMessageConverterTests" tests="3" skipped="0" failures="0" errors="0" timestamp="2021-05-01T09:25:25" hostname="wangweilideMBP.lan" time="0.04">
  <properties/>
  <testcase name="simpleObject()" classname="org.springframework.jms.support.converter.MessagingMessageConverterTests" time="0.035"/>
  <testcase name="onlyHandlesMessage()" classname="org.springframework.jms.support.converter.MessagingMessageConverterTests" time="0.001"/>
  <testcase name="customPayloadConverter()" classname="org.springframework.jms.support.converter.MessagingMessageConverterTests" time="0.001"/>
  <system-out><![CDATA[]]></system-out>
  <system-err><![CDATA[]]></system-err>
</testsuite>
