<?xml version="1.0" encoding="UTF-8"?>
<testsuite name="org.springframework.core.type.classreading.MethodMetadataReadingVisitorTests" tests="18" skipped="0" failures="0" errors="0" timestamp="2021-04-26T07:37:47" hostname="wangweilideMacBook-Pro.local" time="0.016">
  <properties/>
  <testcase name="getDeclaringClassReturnsDeclaringClass()" classname="org.springframework.core.type.classreading.MethodMetadataReadingVisitorTests" time="0.001"/>
  <testcase name="metadataLoadsForNestedAnnotations()" classname="org.springframework.core.type.classreading.MethodMetadataReadingVisitorTests" time="0.001"/>
  <testcase name="isAnnotatedWhenMatchesDirectAnnotationReturnsTrue()" classname="org.springframework.core.type.classreading.MethodMetadataReadingVisitorTests" time="0.001"/>
  <testcase name="isFinalWhenFinalReturnsTrue()" classname="org.springframework.core.type.classreading.MethodMetadataReadingVisitorTests" time="0.001"/>
  <testcase name="isStatusWhenStaticReturnsTrue()" classname="org.springframework.core.type.classreading.MethodMetadataReadingVisitorTests" time="0.0"/>
  <testcase name="isAbstractWhenNotAbstractReturnsFalse()" classname="org.springframework.core.type.classreading.MethodMetadataReadingVisitorTests" time="0.001"/>
  <testcase name="getReturnTypeReturnsReturnType()" classname="org.springframework.core.type.classreading.MethodMetadataReadingVisitorTests" time="0.001"/>
  <testcase name="isOverridableWhenOverridableReturnsTrue()" classname="org.springframework.core.type.classreading.MethodMetadataReadingVisitorTests" time="0.0"/>
  <testcase name="getAllAnnotationAttributesReturnsAllAttributes()" classname="org.springframework.core.type.classreading.MethodMetadataReadingVisitorTests" time="0.001"/>
  <testcase name="getMethodNameReturnsMethodName()" classname="org.springframework.core.type.classreading.MethodMetadataReadingVisitorTests" time="0.001"/>
  <testcase name="getAnnotationAttributesReturnsAttributes()" classname="org.springframework.core.type.classreading.MethodMetadataReadingVisitorTests" time="0.001"/>
  <testcase name="isAbstractWhenAbstractReturnsTrue()" classname="org.springframework.core.type.classreading.MethodMetadataReadingVisitorTests" time="0.0"/>
  <testcase name="isAnnotatedWhenDoesNotMatchDirectOrMetaAnnotationReturnsFalse()" classname="org.springframework.core.type.classreading.MethodMetadataReadingVisitorTests" time="0.0"/>
  <testcase name="isAnnotatedWhenMatchesMetaAnnotationReturnsTrue()" classname="org.springframework.core.type.classreading.MethodMetadataReadingVisitorTests" time="0.001"/>
  <testcase name="isFinalWhenNonFinalReturnsFalse()" classname="org.springframework.core.type.classreading.MethodMetadataReadingVisitorTests" time="0.001"/>
  <testcase name="isOverridableWhenNonOverridableReturnsFalse()" classname="org.springframework.core.type.classreading.MethodMetadataReadingVisitorTests" time="0.001"/>
  <testcase name="isStaticWhenNotStaticReturnsFalse()" classname="org.springframework.core.type.classreading.MethodMetadataReadingVisitorTests" time="0.001"/>
  <testcase name="getAnnotationsReturnsDirectAnnotations()" classname="org.springframework.core.type.classreading.MethodMetadataReadingVisitorTests" time="0.001"/>
  <system-out><![CDATA[]]></system-out>
  <system-err><![CDATA[]]></system-err>
</testsuite>
