<?xml version="1.0" encoding="UTF-8"?>
<testsuite name="org.springframework.util.comparator.ComparableComparatorTests" tests="2" skipped="0" failures="0" errors="0" timestamp="2021-05-01T09:11:34" hostname="wangweilideMBP.lan" time="0.0">
  <properties/>
  <testcase name="shouldNeedComparable()" classname="org.springframework.util.comparator.ComparableComparatorTests" time="0.0"/>
  <testcase name="comparableComparator()" classname="org.springframework.util.comparator.ComparableComparatorTests" time="0.0"/>
  <system-out><![CDATA[]]></system-out>
  <system-err><![CDATA[]]></system-err>
</testsuite>
