<?xml version="1.0" encoding="UTF-8"?>
<testsuite name="org.springframework.core.style.DefaultValueStylerTests" tests="7" skipped="0" failures="0" errors="0" timestamp="2021-04-26T07:37:46" hostname="wangweilideMacBook-Pro.local" time="0.008">
  <properties/>
  <testcase name="styleMapEntries()" classname="org.springframework.core.style.DefaultValueStylerTests" time="0.001"/>
  <testcase name="stylePrimitiveArrays()" classname="org.springframework.core.style.DefaultValueStylerTests" time="0.0"/>
  <testcase name="styleBasics()" classname="org.springframework.core.style.DefaultValueStylerTests" time="0.001"/>
  <testcase name="styleObjectArrays()" classname="org.springframework.core.style.DefaultValueStylerTests" time="0.001"/>
  <testcase name="stylePlainObject()" classname="org.springframework.core.style.DefaultValueStylerTests" time="0.001"/>
  <testcase name="styleCollections()" classname="org.springframework.core.style.DefaultValueStylerTests" time="0.001"/>
  <testcase name="styleMaps()" classname="org.springframework.core.style.DefaultValueStylerTests" time="0.001"/>
  <system-out><![CDATA[]]></system-out>
  <system-err><![CDATA[]]></system-err>
</testsuite>
