<?xml version="1.0" encoding="UTF-8"?>
<testsuite name="org.springframework.core.PrioritizedParameterNameDiscovererTests" tests="3" skipped="0" failures="0" errors="0" timestamp="2021-04-26T07:37:46" hostname="wangweilideMacBook-Pro.local" time="0.004">
  <properties/>
  <testcase name="noParametersDiscoverers()" classname="org.springframework.core.PrioritizedParameterNameDiscovererTests" time="0.002"/>
  <testcase name="orderedParameterDiscoverers1()" classname="org.springframework.core.PrioritizedParameterNameDiscovererTests" time="0.001"/>
  <testcase name="orderedParameterDiscoverers2()" classname="org.springframework.core.PrioritizedParameterNameDiscovererTests" time="0.0"/>
  <system-out><![CDATA[]]></system-out>
  <system-err><![CDATA[]]></system-err>
</testsuite>
