<?xml version="1.0" encoding="UTF-8"?>
<testsuite name="org.springframework.core.io.support.ResourceRegionTests" tests="3" skipped="0" failures="0" errors="0" timestamp="2021-04-26T07:37:37" hostname="wangweilideMacBook-Pro.local" time="0.33">
  <properties/>
  <testcase name="shouldThrowExceptionForNegativePosition()" classname="org.springframework.core.io.support.ResourceRegionTests" time="0.329"/>
  <testcase name="shouldThrowExceptionWithNullResource()" classname="org.springframework.core.io.support.ResourceRegionTests" time="0.001"/>
  <testcase name="shouldThrowExceptionForNegativeCount()" classname="org.springframework.core.io.support.ResourceRegionTests" time="0.0"/>
  <system-out><![CDATA[]]></system-out>
  <system-err><![CDATA[]]></system-err>
</testsuite>
