<?xml version="1.0" encoding="UTF-8"?>
<testsuite name="org.springframework.core.env.CustomEnvironmentTests" tests="7" skipped="0" failures="0" errors="0" timestamp="2021-05-09T12:39:32" hostname="wangweilidembp" time="0.027">
  <properties/>
  <testcase name="withSingleCustomReservedDefaultProfile()" classname="org.springframework.core.env.CustomEnvironmentTests" time="0.009"/>
  <testcase name="withCustomPropertyResolver()" classname="org.springframework.core.env.CustomEnvironmentTests" time="0.003"/>
  <testcase name="withNoProfileProperties()" classname="org.springframework.core.env.CustomEnvironmentTests" time="0.002"/>
  <testcase name="withNoReservedDefaultProfile()" classname="org.springframework.core.env.CustomEnvironmentTests" time="0.002"/>
  <testcase name="control()" classname="org.springframework.core.env.CustomEnvironmentTests" time="0.002"/>
  <testcase name="withCustomMutablePropertySources()" classname="org.springframework.core.env.CustomEnvironmentTests" time="0.001"/>
  <testcase name="withMultiCustomReservedDefaultProfile()" classname="org.springframework.core.env.CustomEnvironmentTests" time="0.005"/>
  <system-out><![CDATA[]]></system-out>
  <system-err><![CDATA[]]></system-err>
</testsuite>
