<?xml version="1.0" encoding="UTF-8"?>
<testsuite name="org.springframework.core.KotlinBridgeMethodResolverTests" tests="2" skipped="0" failures="0" errors="0" timestamp="2021-04-26T07:37:51" hostname="wangweilideMacBook-Pro.local" time="0.002">
  <properties/>
  <testcase name="findBridgedMethod()" classname="org.springframework.core.KotlinBridgeMethodResolverTests" time="0.001"/>
  <testcase name="findBridgedMethodWithArrays()" classname="org.springframework.core.KotlinBridgeMethodResolverTests" time="0.001"/>
  <system-out><![CDATA[]]></system-out>
  <system-err><![CDATA[]]></system-err>
</testsuite>
