<?xml version="1.0" encoding="UTF-8"?>
<testsuite name="org.springframework.core.codec.ResourceDecoderTests" tests="4" skipped="0" failures="0" errors="0" timestamp="2021-04-26T07:37:33" hostname="wangweilideMacBook-Pro.local" time="0.013">
  <properties/>
  <testcase name="decodeToMono()" classname="org.springframework.core.codec.ResourceDecoderTests" time="0.003"/>
  <testcase name="decode()" classname="org.springframework.core.codec.ResourceDecoderTests" time="0.003"/>
  <testcase name="decodeInputStreamResource()" classname="org.springframework.core.codec.ResourceDecoderTests" time="0.005"/>
  <testcase name="canDecode()" classname="org.springframework.core.codec.ResourceDecoderTests" time="0.001"/>
  <system-out><![CDATA[]]></system-out>
  <system-err><![CDATA[]]></system-err>
</testsuite>
