<?xml version="1.0" encoding="UTF-8"?>
<testsuite name="org.springframework.core.io.buffer.PooledDataBufferTests$UnpooledByteBufAllocatorWithPreferDirectFalseTests" tests="2" skipped="0" failures="0" errors="0" timestamp="2021-05-09T12:39:22" hostname="wangweilidembp" time="0.002">
  <properties/>
  <testcase name="retainAndRelease()" classname="org.springframework.core.io.buffer.PooledDataBufferTests$UnpooledByteBufAllocatorWithPreferDirectFalseTests" time="0.001"/>
  <testcase name="tooManyReleases()" classname="org.springframework.core.io.buffer.PooledDataBufferTests$UnpooledByteBufAllocatorWithPreferDirectFalseTests" time="0.001"/>
  <system-out><![CDATA[]]></system-out>
  <system-err><![CDATA[]]></system-err>
</testsuite>
