<?xml version="1.0" encoding="UTF-8"?>
<testsuite name="org.springframework.util.xml.StaxEventXMLReaderTests" tests="6" skipped="0" failures="0" errors="0" timestamp="2021-05-09T12:39:36" hostname="wangweilidembp" time="0.251">
  <properties/>
  <testcase name="contentHandlerNamespacesPrefixes()" classname="org.springframework.util.xml.StaxEventXMLReaderTests" time="0.072"/>
  <testcase name="whitespace()" classname="org.springframework.util.xml.StaxEventXMLReaderTests" time="0.036"/>
  <testcase name="contentHandlerNoNamespacesPrefixes()" classname="org.springframework.util.xml.StaxEventXMLReaderTests" time="0.022"/>
  <testcase name="lexicalHandler()" classname="org.springframework.util.xml.StaxEventXMLReaderTests" time="0.082"/>
  <testcase name="contentHandlerNamespacesNoPrefixes()" classname="org.springframework.util.xml.StaxEventXMLReaderTests" time="0.025"/>
  <testcase name="partial()" classname="org.springframework.util.xml.StaxEventXMLReaderTests" time="0.011"/>
  <system-out><![CDATA[]]></system-out>
  <system-err><![CDATA[]]></system-err>
</testsuite>
