<?xml version="1.0" encoding="UTF-8"?>
<testsuite name="org.springframework.core.io.support.ResourceArrayPropertyEditorTests" tests="4" skipped="0" failures="0" errors="0" timestamp="2021-05-01T09:11:24" hostname="wangweilideMBP.lan" time="0.025">
  <properties/>
  <testcase name="strictSystemPropertyReplacementWithUnresolvablePlaceholder()" classname="org.springframework.core.io.support.ResourceArrayPropertyEditorTests" time="0.017"/>
  <testcase name="patternResource()" classname="org.springframework.core.io.support.ResourceArrayPropertyEditorTests" time="0.006"/>
  <testcase name="vanillaResource()" classname="org.springframework.core.io.support.ResourceArrayPropertyEditorTests" time="0.001"/>
  <testcase name="systemPropertyReplacement()" classname="org.springframework.core.io.support.ResourceArrayPropertyEditorTests" time="0.001"/>
  <system-out><![CDATA[]]></system-out>
  <system-err><![CDATA[]]></system-err>
</testsuite>
