<?xml version="1.0" encoding="UTF-8"?>
<testsuite name="org.springframework.util.PropertyPlaceholderHelperTests" tests="7" skipped="0" failures="0" errors="0" timestamp="2021-05-01T09:11:36" hostname="wangweilideMBP.lan" time="0.002">
  <properties/>
  <testcase name="withResolver()" classname="org.springframework.util.PropertyPlaceholderHelperTests" time="0.0"/>
  <testcase name="unresolvedPlaceholderAsError()" classname="org.springframework.util.PropertyPlaceholderHelperTests" time="0.0"/>
  <testcase name="unresolvedPlaceholderIsIgnored()" classname="org.springframework.util.PropertyPlaceholderHelperTests" time="0.0"/>
  <testcase name="recurseInPlaceholder()" classname="org.springframework.util.PropertyPlaceholderHelperTests" time="0.0"/>
  <testcase name="withProperties()" classname="org.springframework.util.PropertyPlaceholderHelperTests" time="0.0"/>
  <testcase name="withMultipleProperties()" classname="org.springframework.util.PropertyPlaceholderHelperTests" time="0.001"/>
  <testcase name="recurseInProperty()" classname="org.springframework.util.PropertyPlaceholderHelperTests" time="0.0"/>
  <system-out><![CDATA[]]></system-out>
  <system-err><![CDATA[]]></system-err>
</testsuite>
