<?xml version="1.0" encoding="UTF-8"?>
<testsuite name="org.springframework.core.KotlinReactiveAdapterRegistryTests" tests="4" skipped="0" failures="0" errors="0" timestamp="2021-05-09T12:39:40" hostname="wangweilidembp" time="0.355">
  <properties/>
  <testcase name="flowToPublisher()" classname="org.springframework.core.KotlinReactiveAdapterRegistryTests" time="0.172"/>
  <testcase name="publisherToDeferred()" classname="org.springframework.core.KotlinReactiveAdapterRegistryTests" time="0.051"/>
  <testcase name="publisherToFlow()" classname="org.springframework.core.KotlinReactiveAdapterRegistryTests" time="0.103"/>
  <testcase name="deferredToPublisher()" classname="org.springframework.core.KotlinReactiveAdapterRegistryTests" time="0.027"/>
  <system-out><![CDATA[]]></system-out>
  <system-err><![CDATA[]]></system-err>
</testsuite>
