<?xml version="1.0" encoding="UTF-8"?>
<testsuite name="org.springframework.core.KotlinGenericTypeResolverTests" tests="1" skipped="0" failures="0" errors="0" timestamp="2021-05-01T09:11:36" hostname="wangweilideMBP.lan" time="0.444">
  <properties/>
  <testcase name="methodReturnTypes()" classname="org.springframework.core.KotlinGenericTypeResolverTests" time="0.444"/>
  <system-out><![CDATA[]]></system-out>
  <system-err><![CDATA[]]></system-err>
</testsuite>
