<?xml version="1.0" encoding="UTF-8"?>
<testsuite name="org.springframework.core.codec.ResourceEncoderTests" tests="2" skipped="0" failures="0" errors="0" timestamp="2021-05-01T09:11:20" hostname="wangweilideMBP.lan" time="0.019">
  <properties/>
  <testcase name="encode()" classname="org.springframework.core.codec.ResourceEncoderTests" time="0.018"/>
  <testcase name="canEncode()" classname="org.springframework.core.codec.ResourceEncoderTests" time="0.0"/>
  <system-out><![CDATA[]]></system-out>
  <system-err><![CDATA[]]></system-err>
</testsuite>
