<?xml version="1.0" encoding="UTF-8"?>
<testsuite name="org.springframework.core.io.ResourceEditorTests" tests="7" skipped="0" failures="0" errors="0" timestamp="2021-05-09T12:39:22" hostname="wangweilidembp" time="0.004">
  <properties/>
  <testcase name="strictSystemPropertyReplacementWithUnresolvablePlaceholder()" classname="org.springframework.core.io.ResourceEditorTests" time="0.001"/>
  <testcase name="sunnyDay()" classname="org.springframework.core.io.ResourceEditorTests" time="0.001"/>
  <testcase name="ctorWithNullCtorArgs()" classname="org.springframework.core.io.ResourceEditorTests" time="0.0"/>
  <testcase name="systemPropertyReplacement()" classname="org.springframework.core.io.ResourceEditorTests" time="0.001"/>
  <testcase name="systemPropertyReplacementWithUnresolvablePlaceholder()" classname="org.springframework.core.io.ResourceEditorTests" time="0.0"/>
  <testcase name="setAndGetAsTextWithWhitespaceResource()" classname="org.springframework.core.io.ResourceEditorTests" time="0.001"/>
  <testcase name="setAndGetAsTextWithNull()" classname="org.springframework.core.io.ResourceEditorTests" time="0.0"/>
  <system-out><![CDATA[]]></system-out>
  <system-err><![CDATA[]]></system-err>
</testsuite>
