<?xml version="1.0" encoding="UTF-8"?>
<testsuite name="org.springframework.core.env.PropertySourceTests" tests="2" skipped="0" failures="0" errors="0" timestamp="2021-04-26T07:37:46" hostname="wangweilideMacBook-Pro.local" time="0.004">
  <properties/>
  <testcase name="equals()" classname="org.springframework.core.env.PropertySourceTests" time="0.002"/>
  <testcase name="collectionsOperations()" classname="org.springframework.core.env.PropertySourceTests" time="0.002"/>
  <system-out><![CDATA[]]></system-out>
  <system-err><![CDATA[]]></system-err>
</testsuite>
