<?xml version="1.0" encoding="UTF-8"?>
<testsuite name="org.springframework.core.SpringCoreBlockHoundIntegrationTests" tests="3" skipped="0" failures="0" errors="0" timestamp="2021-05-01T09:11:32" hostname="wangweilideMBP.lan" time="0.078">
  <properties/>
  <testcase name="localVariableTableParameterNameDiscoverer()" classname="org.springframework.core.SpringCoreBlockHoundIntegrationTests" time="0.052"/>
  <testcase name="concurrentReferenceHashMap()" classname="org.springframework.core.SpringCoreBlockHoundIntegrationTests" time="0.022"/>
  <testcase name="blockHoundIsInstalled()" classname="org.springframework.core.SpringCoreBlockHoundIntegrationTests" time="0.002"/>
  <system-out><![CDATA[]]></system-out>
  <system-err><![CDATA[]]></system-err>
</testsuite>
