<?xml version="1.0" encoding="UTF-8"?>
<testsuite name="org.springframework.core.StandardReflectionParameterNameDiscoverTests" tests="1" skipped="0" failures="0" errors="0" timestamp="2021-05-01T09:11:19" hostname="wangweilideMBP.lan" time="0.002">
  <properties/>
  <testcase name="getParameterNamesOnInterface()" classname="org.springframework.core.StandardReflectionParameterNameDiscoverTests" time="0.002"/>
  <system-out><![CDATA[]]></system-out>
  <system-err><![CDATA[]]></system-err>
</testsuite>
