<?xml version="1.0" encoding="UTF-8"?>
<testsuite name="org.springframework.util.ConcurrentLruCacheTests" tests="3" skipped="0" failures="0" errors="0" timestamp="2021-04-26T07:37:48" hostname="wangweilideMacBook-Pro.local" time="0.002">
  <properties/>
  <testcase name="clearAndSize()" classname="org.springframework.util.ConcurrentLruCacheTests" time="0.001"/>
  <testcase name="getAndSize()" classname="org.springframework.util.ConcurrentLruCacheTests" time="0.0"/>
  <testcase name="removeAndSize()" classname="org.springframework.util.ConcurrentLruCacheTests" time="0.001"/>
  <system-out><![CDATA[]]></system-out>
  <system-err><![CDATA[]]></system-err>
</testsuite>
