<?xml version="1.0" encoding="UTF-8"?>
<testsuite name="org.springframework.core.env.CompositePropertySourceTests" tests="1" skipped="0" failures="0" errors="0" timestamp="2021-05-01T09:11:33" hostname="wangweilideMBP.lan" time="0.001">
  <properties/>
  <testcase name="addFirst()" classname="org.springframework.core.env.CompositePropertySourceTests" time="0.001"/>
  <system-out><![CDATA[]]></system-out>
  <system-err><![CDATA[]]></system-err>
</testsuite>
