<?xml version="1.0" encoding="UTF-8"?>
<testsuite name="org.springframework.util.xml.StaxStreamHandlerTests" tests="4" skipped="0" failures="0" errors="0" timestamp="2021-04-26T07:37:50" hostname="wangweilideMacBook-Pro.local" time="0.034">
  <properties/>
  <testcase name="noNamespacePrefixesDom()" classname="org.springframework.util.xml.StaxStreamHandlerTests" time="0.008"/>
  <testcase name="noNamespacePrefixes()" classname="org.springframework.util.xml.StaxStreamHandlerTests" time="0.008"/>
  <testcase name="namespacePrefixes()" classname="org.springframework.util.xml.StaxStreamHandlerTests" time="0.009"/>
  <testcase name="namespacePrefixesDom()" classname="org.springframework.util.xml.StaxStreamHandlerTests" time="0.008"/>
  <system-out><![CDATA[]]></system-out>
  <system-err><![CDATA[]]></system-err>
</testsuite>
