<?xml version="1.0" encoding="UTF-8"?>
<testsuite name="org.springframework.core.type.classreading.MergedAnnotationMetadataVisitorTests" tests="6" skipped="0" failures="0" errors="0" timestamp="2021-04-26T07:37:47" hostname="wangweilideMacBook-Pro.local" time="0.008">
  <properties/>
  <testcase name="visitWhenHasSimpleArrayTypesCreatesAnnotation()" classname="org.springframework.core.type.classreading.MergedAnnotationMetadataVisitorTests" time="0.002"/>
  <testcase name="visitWhenHasSimpleTypesCreatesAnnotation()" classname="org.springframework.core.type.classreading.MergedAnnotationMetadataVisitorTests" time="0.001"/>
  <testcase name="visitWhenHasAnnotationAttributesCreatesAnnotation()" classname="org.springframework.core.type.classreading.MergedAnnotationMetadataVisitorTests" time="0.001"/>
  <testcase name="visitWhenHasEmptySimpleArrayTypesCreatesAnnotation()" classname="org.springframework.core.type.classreading.MergedAnnotationMetadataVisitorTests" time="0.0"/>
  <testcase name="visitWhenHasClassAttributesCreatesAnnotation()" classname="org.springframework.core.type.classreading.MergedAnnotationMetadataVisitorTests" time="0.001"/>
  <testcase name="visitWhenHasEnumAttributesCreatesAnnotation()" classname="org.springframework.core.type.classreading.MergedAnnotationMetadataVisitorTests" time="0.001"/>
  <system-out><![CDATA[]]></system-out>
  <system-err><![CDATA[]]></system-err>
</testsuite>
