<?xml version="1.0" encoding="UTF-8"?>
<testsuite name="org.springframework.util.MethodInvokerTests" tests="8" skipped="0" failures="0" errors="0" timestamp="2021-05-01T09:11:34" hostname="wangweilideMBP.lan" time="0.003">
  <properties/>
  <testcase name="salesmanWithMethodInvoker()" classname="org.springframework.util.MethodInvokerTests" time="0.001"/>
  <testcase name="plainMethodInvoker()" classname="org.springframework.util.MethodInvokerTests" time="0.001"/>
  <testcase name="vipWithMethodInvoker()" classname="org.springframework.util.MethodInvokerTests" time="0.0"/>
  <testcase name="shopperWithMethodInvoker()" classname="org.springframework.util.MethodInvokerTests" time="0.0"/>
  <testcase name="purchaserWithMethodInvoker()" classname="org.springframework.util.MethodInvokerTests" time="0.0"/>
  <testcase name="customerWithMethodInvoker()" classname="org.springframework.util.MethodInvokerTests" time="0.001"/>
  <testcase name="stringWithMethodInvoker()" classname="org.springframework.util.MethodInvokerTests" time="0.0"/>
  <testcase name="regularWithMethodInvoker()" classname="org.springframework.util.MethodInvokerTests" time="0.0"/>
  <system-out><![CDATA[]]></system-out>
  <system-err><![CDATA[]]></system-err>
</testsuite>
