<?xml version="1.0" encoding="UTF-8"?>
<testsuite name="org.springframework.util.xml.XmlValidationModeDetectorTests" tests="4" skipped="0" failures="0" errors="0" timestamp="2021-05-09T12:39:37" hostname="wangweilidembp" time="0.011">
  <properties/>
  <testcase name="[1] fileName=dtdWithTrailingComment.xml" classname="org.springframework.util.xml.XmlValidationModeDetectorTests" time="0.002"/>
  <testcase name="[2] fileName=dtdWithLeadingComment.xml" classname="org.springframework.util.xml.XmlValidationModeDetectorTests" time="0.001"/>
  <testcase name="[3] fileName=dtdWithCommentOnNextLine.xml" classname="org.springframework.util.xml.XmlValidationModeDetectorTests" time="0.001"/>
  <testcase name="[4] fileName=dtdWithMultipleComments.xml" classname="org.springframework.util.xml.XmlValidationModeDetectorTests" time="0.002"/>
  <system-out><![CDATA[]]></system-out>
  <system-err><![CDATA[]]></system-err>
</testsuite>
