<?xml version="1.0" encoding="UTF-8"?>
<testsuite name="org.springframework.util.xml.StaxStreamXMLReaderTests" tests="6" skipped="0" failures="0" errors="0" timestamp="2021-04-26T07:37:50" hostname="wangweilideMacBook-Pro.local" time="0.055">
  <properties/>
  <testcase name="contentHandlerNamespacesPrefixes()" classname="org.springframework.util.xml.StaxStreamXMLReaderTests" time="0.011"/>
  <testcase name="whitespace()" classname="org.springframework.util.xml.StaxStreamXMLReaderTests" time="0.005"/>
  <testcase name="contentHandlerNoNamespacesPrefixes()" classname="org.springframework.util.xml.StaxStreamXMLReaderTests" time="0.011"/>
  <testcase name="lexicalHandler()" classname="org.springframework.util.xml.StaxStreamXMLReaderTests" time="0.009"/>
  <testcase name="contentHandlerNamespacesNoPrefixes()" classname="org.springframework.util.xml.StaxStreamXMLReaderTests" time="0.011"/>
  <testcase name="partial()" classname="org.springframework.util.xml.StaxStreamXMLReaderTests" time="0.007"/>
  <system-out><![CDATA[]]></system-out>
  <system-err><![CDATA[]]></system-err>
</testsuite>
