<?xml version="1.0" encoding="UTF-8"?>
<testsuite name="org.springframework.core.codec.DataBufferEncoderTests" tests="2" skipped="0" failures="0" errors="0" timestamp="2021-04-26T07:37:33" hostname="wangweilideMacBook-Pro.local" time="0.007">
  <properties/>
  <testcase name="encode()" classname="org.springframework.core.codec.DataBufferEncoderTests" time="0.007"/>
  <testcase name="canEncode()" classname="org.springframework.core.codec.DataBufferEncoderTests" time="0.0"/>
  <system-out><![CDATA[]]></system-out>
  <system-err><![CDATA[]]></system-err>
</testsuite>
