<?xml version="1.0" encoding="UTF-8"?>
<testsuite name="org.springframework.util.xml.StaxEventXMLReaderTests" tests="6" skipped="0" failures="0" errors="0" timestamp="2021-04-26T07:37:49" hostname="wangweilideMacBook-Pro.local" time="0.154">
  <properties/>
  <testcase name="contentHandlerNamespacesPrefixes()" classname="org.springframework.util.xml.StaxEventXMLReaderTests" time="0.054"/>
  <testcase name="whitespace()" classname="org.springframework.util.xml.StaxEventXMLReaderTests" time="0.023"/>
  <testcase name="contentHandlerNoNamespacesPrefixes()" classname="org.springframework.util.xml.StaxEventXMLReaderTests" time="0.012"/>
  <testcase name="lexicalHandler()" classname="org.springframework.util.xml.StaxEventXMLReaderTests" time="0.046"/>
  <testcase name="contentHandlerNamespacesNoPrefixes()" classname="org.springframework.util.xml.StaxEventXMLReaderTests" time="0.011"/>
  <testcase name="partial()" classname="org.springframework.util.xml.StaxEventXMLReaderTests" time="0.007"/>
  <system-out><![CDATA[]]></system-out>
  <system-err><![CDATA[]]></system-err>
</testsuite>
