<?xml version="1.0" encoding="UTF-8"?>
<testsuite name="org.springframework.core.KotlinReactiveAdapterRegistryTests" tests="4" skipped="0" failures="0" errors="0" timestamp="2021-04-26T07:37:51" hostname="wangweilideMacBook-Pro.local" time="0.115">
  <properties/>
  <testcase name="flowToPublisher()" classname="org.springframework.core.KotlinReactiveAdapterRegistryTests" time="0.055"/>
  <testcase name="publisherToDeferred()" classname="org.springframework.core.KotlinReactiveAdapterRegistryTests" time="0.02"/>
  <testcase name="publisherToFlow()" classname="org.springframework.core.KotlinReactiveAdapterRegistryTests" time="0.029"/>
  <testcase name="deferredToPublisher()" classname="org.springframework.core.KotlinReactiveAdapterRegistryTests" time="0.011"/>
  <system-out><![CDATA[]]></system-out>
  <system-err><![CDATA[]]></system-err>
</testsuite>
