<?xml version="1.0" encoding="UTF-8"?>
<testsuite name="org.springframework.util.xml.TransformerUtilsTests" tests="7" skipped="0" failures="0" errors="0" timestamp="2021-05-01T09:11:35" hostname="wangweilideMBP.lan" time="0.007">
  <properties/>
  <testcase name="enableIndentingWithNegativeIndentAmount()" classname="org.springframework.util.xml.TransformerUtilsTests" time="0.002"/>
  <testcase name="disableIndentingWithNullTransformer()" classname="org.springframework.util.xml.TransformerUtilsTests" time="0.0"/>
  <testcase name="enableIndentingSunnyDayWithCustomKosherIndentAmount()" classname="org.springframework.util.xml.TransformerUtilsTests" time="0.0"/>
  <testcase name="enableIndentingWithZeroIndentAmount()" classname="org.springframework.util.xml.TransformerUtilsTests" time="0.0"/>
  <testcase name="enableIndentingSunnyDay()" classname="org.springframework.util.xml.TransformerUtilsTests" time="0.0"/>
  <testcase name="enableIndentingWithNullTransformer()" classname="org.springframework.util.xml.TransformerUtilsTests" time="0.0"/>
  <testcase name="disableIndentingSunnyDay()" classname="org.springframework.util.xml.TransformerUtilsTests" time="0.0"/>
  <system-out><![CDATA[]]></system-out>
  <system-err><![CDATA[]]></system-err>
</testsuite>
