<?xml version="1.0" encoding="UTF-8"?>
<testsuite name="org.springframework.core.codec.ResourceDecoderTests" tests="4" skipped="0" failures="0" errors="0" timestamp="2021-05-09T12:39:19" hostname="wangweilidembp" time="0.013">
  <properties/>
  <testcase name="decodeToMono()" classname="org.springframework.core.codec.ResourceDecoderTests" time="0.005"/>
  <testcase name="decode()" classname="org.springframework.core.codec.ResourceDecoderTests" time="0.003"/>
  <testcase name="decodeInputStreamResource()" classname="org.springframework.core.codec.ResourceDecoderTests" time="0.004"/>
  <testcase name="canDecode()" classname="org.springframework.core.codec.ResourceDecoderTests" time="0.0"/>
  <system-out><![CDATA[]]></system-out>
  <system-err><![CDATA[]]></system-err>
</testsuite>
