<?xml version="1.0" encoding="UTF-8"?>
<testsuite name="org.springframework.core.type.CachingMetadataReaderLeakTests" tests="1" skipped="1" failures="0" errors="0" timestamp="2021-04-26T07:37:46" hostname="wangweilideMacBook-Pro.local" time="0.0">
  <properties/>
  <testcase name="significantLoad()" classname="org.springframework.core.type.CachingMetadataReaderLeakTests" time="0.0">
    <skipped/>
  </testcase>
  <system-out><![CDATA[]]></system-out>
  <system-err><![CDATA[]]></system-err>
</testsuite>
