<?xml version="1.0" encoding="UTF-8"?>
<testsuite name="org.springframework.core.KotlinDefaultParameterNameDiscovererTests" tests="1" skipped="0" failures="0" errors="0" timestamp="2021-05-09T12:39:40" hostname="wangweilidembp" time="0.003">
  <properties/>
  <testcase name="getParameterNamesOnEnum()" classname="org.springframework.core.KotlinDefaultParameterNameDiscovererTests" time="0.003"/>
  <system-out><![CDATA[]]></system-out>
  <system-err><![CDATA[]]></system-err>
</testsuite>
