<?xml version="1.0" encoding="UTF-8"?>
<testsuite name="org.springframework.util.ClassUtilsTests$GetStaticMethodTests" tests="3" skipped="0" failures="0" errors="0" timestamp="2021-04-26T07:37:47" hostname="wangweilideMacBook-Pro.local" time="0.002">
  <properties/>
  <testcase name="argsStaticMethod()" classname="org.springframework.util.ClassUtilsTests$GetStaticMethodTests" time="0.001"/>
  <testcase name="noArgsStaticMethod()" classname="org.springframework.util.ClassUtilsTests$GetStaticMethodTests" time="0.0"/>
  <testcase name="overloadedStaticMethod()" classname="org.springframework.util.ClassUtilsTests$GetStaticMethodTests" time="0.0"/>
  <system-out><![CDATA[]]></system-out>
  <system-err><![CDATA[]]></system-err>
</testsuite>
