<?xml version="1.0" encoding="UTF-8"?>
<testsuite name="org.springframework.core.annotation.AnnotationIntrospectionFailureTests" tests="3" skipped="0" failures="0" errors="0" timestamp="2021-05-01T09:11:31" hostname="wangweilideMBP.lan" time="0.008">
  <properties/>
  <testcase name="filteredTypeThrowsTypeNotPresentException()" classname="org.springframework.core.annotation.AnnotationIntrospectionFailureTests" time="0.003"/>
  <testcase name="filteredTypeInMetaAnnotationWhenUsingAnnotatedElementUtilsHandlesException()" classname="org.springframework.core.annotation.AnnotationIntrospectionFailureTests" time="0.003"/>
  <testcase name="filteredTypeInMetaAnnotationWhenUsingMergedAnnotationsHandlesException()" classname="org.springframework.core.annotation.AnnotationIntrospectionFailureTests" time="0.002"/>
  <system-out><![CDATA[]]></system-out>
  <system-err><![CDATA[]]></system-err>
</testsuite>
