<?xml version="1.0" encoding="UTF-8"?>
<testsuite name="org.springframework.util.SystemPropertyUtilsTests" tests="12" skipped="0" failures="0" errors="0" timestamp="2021-05-09T12:39:34" hostname="wangweilidembp" time="0.013">
  <properties/>
  <testcase name="replaceWithNoDefault()" classname="org.springframework.util.SystemPropertyUtilsTests" time="0.003"/>
  <testcase name="replaceWithExpressionDefault()" classname="org.springframework.util.SystemPropertyUtilsTests" time="0.001"/>
  <testcase name="replaceWithDefault()" classname="org.springframework.util.SystemPropertyUtilsTests" time="0.001"/>
  <testcase name="replaceWithNoDefaultIgnored()" classname="org.springframework.util.SystemPropertyUtilsTests" time="0.001"/>
  <testcase name="replaceFromSystemPropertyWithExpressionDefault()" classname="org.springframework.util.SystemPropertyUtilsTests" time="0.001"/>
  <testcase name="replaceFromSystemProperty()" classname="org.springframework.util.SystemPropertyUtilsTests" time="0.001"/>
  <testcase name="replaceFromEnv()" classname="org.springframework.util.SystemPropertyUtilsTests" time="0.001"/>
  <testcase name="recursiveFromSystemProperty()" classname="org.springframework.util.SystemPropertyUtilsTests" time="0.0"/>
  <testcase name="replaceWithExpressionContainingDefault()" classname="org.springframework.util.SystemPropertyUtilsTests" time="0.0"/>
  <testcase name="replaceFromSystemPropertyWithExpressionContainingDefault()" classname="org.springframework.util.SystemPropertyUtilsTests" time="0.0"/>
  <testcase name="replaceWithEmptyDefault()" classname="org.springframework.util.SystemPropertyUtilsTests" time="0.0"/>
  <testcase name="replaceFromSystemPropertyWithDefault()" classname="org.springframework.util.SystemPropertyUtilsTests" time="0.0"/>
  <system-out><![CDATA[]]></system-out>
  <system-err><![CDATA[]]></system-err>
</testsuite>
