<?xml version="1.0" encoding="UTF-8"?>
<testsuite name="org.springframework.core.io.buffer.PooledDataBufferTests$PooledByteBufAllocatorWithPreferDirectFalseTests" tests="2" skipped="0" failures="0" errors="0" timestamp="2021-04-26T07:37:38" hostname="wangweilideMacBook-Pro.local" time="0.015">
  <properties/>
  <testcase name="retainAndRelease()" classname="org.springframework.core.io.buffer.PooledDataBufferTests$PooledByteBufAllocatorWithPreferDirectFalseTests" time="0.007"/>
  <testcase name="tooManyReleases()" classname="org.springframework.core.io.buffer.PooledDataBufferTests$PooledByteBufAllocatorWithPreferDirectFalseTests" time="0.007"/>
  <system-out><![CDATA[]]></system-out>
  <system-err><![CDATA[]]></system-err>
</testsuite>
