<?xml version="1.0" encoding="UTF-8"?>
<testsuite name="org.springframework.core.serializer.SerializationConverterTests" tests="4" skipped="0" failures="0" errors="0" timestamp="2021-05-09T12:39:19" hostname="wangweilidembp" time="0.022">
  <properties/>
  <testcase name="deserializationFailure()" classname="org.springframework.core.serializer.SerializationConverterTests" time="0.002"/>
  <testcase name="nonSerializableObject()" classname="org.springframework.core.serializer.SerializationConverterTests" time="0.001"/>
  <testcase name="nonSerializableField()" classname="org.springframework.core.serializer.SerializationConverterTests" time="0.017"/>
  <testcase name="serializeAndDeserializeString()" classname="org.springframework.core.serializer.SerializationConverterTests" time="0.001"/>
  <system-out><![CDATA[]]></system-out>
  <system-err><![CDATA[]]></system-err>
</testsuite>
