<?xml version="1.0" encoding="UTF-8"?>
<testsuite name="org.springframework.util.PatternMatchUtilsTests" tests="8" skipped="0" failures="0" errors="0" timestamp="2021-04-26T07:37:51" hostname="wangweilideMacBook-Pro.local" time="0.003">
  <properties/>
  <testcase name="ridiculous()" classname="org.springframework.util.PatternMatchUtilsTests" time="0.001"/>
  <testcase name="startsEndsBetween()" classname="org.springframework.util.PatternMatchUtilsTests" time="0.0"/>
  <testcase name="startsEnds()" classname="org.springframework.util.PatternMatchUtilsTests" time="0.0"/>
  <testcase name="startsWith()" classname="org.springframework.util.PatternMatchUtilsTests" time="0.0"/>
  <testcase name="trivial()" classname="org.springframework.util.PatternMatchUtilsTests" time="0.0"/>
  <testcase name="between()" classname="org.springframework.util.PatternMatchUtilsTests" time="0.0"/>
  <testcase name="endsWith()" classname="org.springframework.util.PatternMatchUtilsTests" time="0.001"/>
  <testcase name="patternVariants()" classname="org.springframework.util.PatternMatchUtilsTests" time="0.0"/>
  <system-out><![CDATA[]]></system-out>
  <system-err><![CDATA[]]></system-err>
</testsuite>
