<?xml version="1.0" encoding="UTF-8"?>
<testsuite name="org.springframework.core.env.JOptCommandLinePropertySourceTests" tests="12" skipped="0" failures="0" errors="0" timestamp="2021-04-26T07:37:46" hostname="wangweilideMacBook-Pro.local" time="0.038">
  <properties/>
  <testcase name="withRequiredArg_andMultipleArgsPresent_usingRepeatedOption()" classname="org.springframework.core.env.JOptCommandLinePropertySourceTests" time="0.026"/>
  <testcase name="withOptionalArg_andArgIsEmpty()" classname="org.springframework.core.env.JOptCommandLinePropertySourceTests" time="0.0"/>
  <testcase name="withRequiredArg_andArgIsPresent()" classname="org.springframework.core.env.JOptCommandLinePropertySourceTests" time="0.0"/>
  <testcase name="withRequiredArg_andMultipleArgsPresent_usingDelimiter()" classname="org.springframework.core.env.JOptCommandLinePropertySourceTests" time="0.0"/>
  <testcase name="withCustomNonOptionArgsNameAndNoNonOptionArgsPresent()" classname="org.springframework.core.env.JOptCommandLinePropertySourceTests" time="0.0"/>
  <testcase name="withOptionalArg_andArgIsMissing()" classname="org.springframework.core.env.JOptCommandLinePropertySourceTests" time="0.0"/>
  <testcase name="withRequiredArg_ofTypeEnum()" classname="org.springframework.core.env.JOptCommandLinePropertySourceTests" time="0.002"/>
  <testcase name="withDefaultNonOptionArgsNameAndNoNonOptionArgsPresent()" classname="org.springframework.core.env.JOptCommandLinePropertySourceTests" time="0.001"/>
  <testcase name="withDottedOptionName()" classname="org.springframework.core.env.JOptCommandLinePropertySourceTests" time="0.0"/>
  <testcase name="withNoArg()" classname="org.springframework.core.env.JOptCommandLinePropertySourceTests" time="0.001"/>
  <testcase name="withMissingOption()" classname="org.springframework.core.env.JOptCommandLinePropertySourceTests" time="0.001"/>
  <testcase name="withDefaultNonOptionArgsNameAndNonOptionArgsPresent()" classname="org.springframework.core.env.JOptCommandLinePropertySourceTests" time="0.0"/>
  <system-out><![CDATA[]]></system-out>
  <system-err><![CDATA[]]></system-err>
</testsuite>
