<?xml version="1.0" encoding="UTF-8"?>
<testsuite name="org.springframework.core.io.buffer.DataBufferUtilsTests" tests="259" skipped="0" failures="0" errors="0" timestamp="2021-05-09T12:39:23" hostname="wangweilidembp" time="0.734">
  <properties/>
  <testcase name="[1] NettyDataBufferFactory - UnpooledByteBufAllocator - preferDirect = true" classname="org.springframework.core.io.buffer.DataBufferUtilsTests" time="0.003"/>
  <testcase name="[2] NettyDataBufferFactory - UnpooledByteBufAllocator - preferDirect = false" classname="org.springframework.core.io.buffer.DataBufferUtilsTests" time="0.001"/>
  <testcase name="[3] NettyDataBufferFactory - PooledByteBufAllocator - preferDirect = true" classname="org.springframework.core.io.buffer.DataBufferUtilsTests" time="0.002"/>
  <testcase name="[4] NettyDataBufferFactory - PooledByteBufAllocator - preferDirect = false" classname="org.springframework.core.io.buffer.DataBufferUtilsTests" time="0.056"/>
  <testcase name="[5] DefaultDataBufferFactory - preferDirect = true" classname="org.springframework.core.io.buffer.DataBufferUtilsTests" time="0.001"/>
  <testcase name="[6] DefaultDataBufferFactory - preferDirect = false" classname="org.springframework.core.io.buffer.DataBufferUtilsTests" time="0.002"/>
  <testcase name="[1] NettyDataBufferFactory - UnpooledByteBufAllocator - preferDirect = true" classname="org.springframework.core.io.buffer.DataBufferUtilsTests" time="0.041"/>
  <testcase name="[2] NettyDataBufferFactory - UnpooledByteBufAllocator - preferDirect = false" classname="org.springframework.core.io.buffer.DataBufferUtilsTests" time="0.002"/>
  <testcase name="[3] NettyDataBufferFactory - PooledByteBufAllocator - preferDirect = true" classname="org.springframework.core.io.buffer.DataBufferUtilsTests" time="0.003"/>
  <testcase name="[4] NettyDataBufferFactory - PooledByteBufAllocator - preferDirect = false" classname="org.springframework.core.io.buffer.DataBufferUtilsTests" time="0.003"/>
  <testcase name="[5] DefaultDataBufferFactory - preferDirect = true" classname="org.springframework.core.io.buffer.DataBufferUtilsTests" time="0.002"/>
  <testcase name="[6] DefaultDataBufferFactory - preferDirect = false" classname="org.springframework.core.io.buffer.DataBufferUtilsTests" time="0.002"/>
  <testcase name="[1] NettyDataBufferFactory - UnpooledByteBufAllocator - preferDirect = true" classname="org.springframework.core.io.buffer.DataBufferUtilsTests" time="0.031"/>
  <testcase name="[2] NettyDataBufferFactory - UnpooledByteBufAllocator - preferDirect = false" classname="org.springframework.core.io.buffer.DataBufferUtilsTests" time="0.002"/>
  <testcase name="[3] NettyDataBufferFactory - PooledByteBufAllocator - preferDirect = true" classname="org.springframework.core.io.buffer.DataBufferUtilsTests" time="0.003"/>
  <testcase name="[4] NettyDataBufferFactory - PooledByteBufAllocator - preferDirect = false" classname="org.springframework.core.io.buffer.DataBufferUtilsTests" time="0.003"/>
  <testcase name="[5] DefaultDataBufferFactory - preferDirect = true" classname="org.springframework.core.io.buffer.DataBufferUtilsTests" time="0.002"/>
  <testcase name="[6] DefaultDataBufferFactory - preferDirect = false" classname="org.springframework.core.io.buffer.DataBufferUtilsTests" time="0.002"/>
  <testcase name="[1] NettyDataBufferFactory - UnpooledByteBufAllocator - preferDirect = true" classname="org.springframework.core.io.buffer.DataBufferUtilsTests" time="0.002"/>
  <testcase name="[2] NettyDataBufferFactory - UnpooledByteBufAllocator - preferDirect = false" classname="org.springframework.core.io.buffer.DataBufferUtilsTests" time="0.001"/>
  <testcase name="[3] NettyDataBufferFactory - PooledByteBufAllocator - preferDirect = true" classname="org.springframework.core.io.buffer.DataBufferUtilsTests" time="0.002"/>
  <testcase name="[4] NettyDataBufferFactory - PooledByteBufAllocator - preferDirect = false" classname="org.springframework.core.io.buffer.DataBufferUtilsTests" time="0.003"/>
  <testcase name="[5] DefaultDataBufferFactory - preferDirect = true" classname="org.springframework.core.io.buffer.DataBufferUtilsTests" time="0.001"/>
  <testcase name="[6] DefaultDataBufferFactory - preferDirect = false" classname="org.springframework.core.io.buffer.DataBufferUtilsTests" time="0.002"/>
  <testcase name="[1] NettyDataBufferFactory - UnpooledByteBufAllocator - preferDirect = true" classname="org.springframework.core.io.buffer.DataBufferUtilsTests" time="0.01"/>
  <testcase name="[2] NettyDataBufferFactory - UnpooledByteBufAllocator - preferDirect = false" classname="org.springframework.core.io.buffer.DataBufferUtilsTests" time="0.002"/>
  <testcase name="[3] NettyDataBufferFactory - PooledByteBufAllocator - preferDirect = true" classname="org.springframework.core.io.buffer.DataBufferUtilsTests" time="0.002"/>
  <testcase name="[4] NettyDataBufferFactory - PooledByteBufAllocator - preferDirect = false" classname="org.springframework.core.io.buffer.DataBufferUtilsTests" time="0.003"/>
  <testcase name="[5] DefaultDataBufferFactory - preferDirect = true" classname="org.springframework.core.io.buffer.DataBufferUtilsTests" time="0.002"/>
  <testcase name="[6] DefaultDataBufferFactory - preferDirect = false" classname="org.springframework.core.io.buffer.DataBufferUtilsTests" time="0.002"/>
  <testcase name="[1] NettyDataBufferFactory - UnpooledByteBufAllocator - preferDirect = true" classname="org.springframework.core.io.buffer.DataBufferUtilsTests" time="0.001"/>
  <testcase name="[2] NettyDataBufferFactory - UnpooledByteBufAllocator - preferDirect = false" classname="org.springframework.core.io.buffer.DataBufferUtilsTests" time="0.0"/>
  <testcase name="[3] NettyDataBufferFactory - PooledByteBufAllocator - preferDirect = true" classname="org.springframework.core.io.buffer.DataBufferUtilsTests" time="0.0"/>
  <testcase name="[4] NettyDataBufferFactory - PooledByteBufAllocator - preferDirect = false" classname="org.springframework.core.io.buffer.DataBufferUtilsTests" time="0.001"/>
  <testcase name="[5] DefaultDataBufferFactory - preferDirect = true" classname="org.springframework.core.io.buffer.DataBufferUtilsTests" time="0.0"/>
  <testcase name="[6] DefaultDataBufferFactory - preferDirect = false" classname="org.springframework.core.io.buffer.DataBufferUtilsTests" time="0.0"/>
  <testcase name="[1] NettyDataBufferFactory - UnpooledByteBufAllocator - preferDirect = true" classname="org.springframework.core.io.buffer.DataBufferUtilsTests" time="0.002"/>
  <testcase name="[2] NettyDataBufferFactory - UnpooledByteBufAllocator - preferDirect = false" classname="org.springframework.core.io.buffer.DataBufferUtilsTests" time="0.001"/>
  <testcase name="[3] NettyDataBufferFactory - PooledByteBufAllocator - preferDirect = true" classname="org.springframework.core.io.buffer.DataBufferUtilsTests" time="0.002"/>
  <testcase name="[4] NettyDataBufferFactory - PooledByteBufAllocator - preferDirect = false" classname="org.springframework.core.io.buffer.DataBufferUtilsTests" time="0.003"/>
  <testcase name="[5] DefaultDataBufferFactory - preferDirect = true" classname="org.springframework.core.io.buffer.DataBufferUtilsTests" time="0.002"/>
  <testcase name="[6] DefaultDataBufferFactory - preferDirect = false" classname="org.springframework.core.io.buffer.DataBufferUtilsTests" time="0.001"/>
  <testcase name="[1] NettyDataBufferFactory - UnpooledByteBufAllocator - preferDirect = true" classname="org.springframework.core.io.buffer.DataBufferUtilsTests" time="0.006"/>
  <testcase name="[2] NettyDataBufferFactory - UnpooledByteBufAllocator - preferDirect = false" classname="org.springframework.core.io.buffer.DataBufferUtilsTests" time="0.001"/>
  <testcase name="[3] NettyDataBufferFactory - PooledByteBufAllocator - preferDirect = true" classname="org.springframework.core.io.buffer.DataBufferUtilsTests" time="0.001"/>
  <testcase name="[4] NettyDataBufferFactory - PooledByteBufAllocator - preferDirect = false" classname="org.springframework.core.io.buffer.DataBufferUtilsTests" time="0.0"/>
  <testcase name="[5] DefaultDataBufferFactory - preferDirect = true" classname="org.springframework.core.io.buffer.DataBufferUtilsTests" time="0.0"/>
  <testcase name="[6] DefaultDataBufferFactory - preferDirect = false" classname="org.springframework.core.io.buffer.DataBufferUtilsTests" time="0.0"/>
  <testcase name="[1] NettyDataBufferFactory - UnpooledByteBufAllocator - preferDirect = true" classname="org.springframework.core.io.buffer.DataBufferUtilsTests" time="0.007"/>
  <testcase name="[2] NettyDataBufferFactory - UnpooledByteBufAllocator - preferDirect = false" classname="org.springframework.core.io.buffer.DataBufferUtilsTests" time="0.002"/>
  <testcase name="[3] NettyDataBufferFactory - PooledByteBufAllocator - preferDirect = true" classname="org.springframework.core.io.buffer.DataBufferUtilsTests" time="0.002"/>
  <testcase name="[4] NettyDataBufferFactory - PooledByteBufAllocator - preferDirect = false" classname="org.springframework.core.io.buffer.DataBufferUtilsTests" time="0.002"/>
  <testcase name="[5] DefaultDataBufferFactory - preferDirect = true" classname="org.springframework.core.io.buffer.DataBufferUtilsTests" time="0.001"/>
  <testcase name="[6] DefaultDataBufferFactory - preferDirect = false" classname="org.springframework.core.io.buffer.DataBufferUtilsTests" time="0.001"/>
  <testcase name="[1] NettyDataBufferFactory - UnpooledByteBufAllocator - preferDirect = true" classname="org.springframework.core.io.buffer.DataBufferUtilsTests" time="0.003"/>
  <testcase name="[2] NettyDataBufferFactory - UnpooledByteBufAllocator - preferDirect = false" classname="org.springframework.core.io.buffer.DataBufferUtilsTests" time="0.002"/>
  <testcase name="[3] NettyDataBufferFactory - PooledByteBufAllocator - preferDirect = true" classname="org.springframework.core.io.buffer.DataBufferUtilsTests" time="0.002"/>
  <testcase name="[4] NettyDataBufferFactory - PooledByteBufAllocator - preferDirect = false" classname="org.springframework.core.io.buffer.DataBufferUtilsTests" time="0.002"/>
  <testcase name="[5] DefaultDataBufferFactory - preferDirect = true" classname="org.springframework.core.io.buffer.DataBufferUtilsTests" time="0.002"/>
  <testcase name="[6] DefaultDataBufferFactory - preferDirect = false" classname="org.springframework.core.io.buffer.DataBufferUtilsTests" time="0.002"/>
  <testcase name="[1] NettyDataBufferFactory - UnpooledByteBufAllocator - preferDirect = true" classname="org.springframework.core.io.buffer.DataBufferUtilsTests" time="0.01"/>
  <testcase name="[2] NettyDataBufferFactory - UnpooledByteBufAllocator - preferDirect = false" classname="org.springframework.core.io.buffer.DataBufferUtilsTests" time="0.001"/>
  <testcase name="[3] NettyDataBufferFactory - PooledByteBufAllocator - preferDirect = true" classname="org.springframework.core.io.buffer.DataBufferUtilsTests" time="0.002"/>
  <testcase name="[4] NettyDataBufferFactory - PooledByteBufAllocator - preferDirect = false" classname="org.springframework.core.io.buffer.DataBufferUtilsTests" time="0.002"/>
  <testcase name="[5] DefaultDataBufferFactory - preferDirect = true" classname="org.springframework.core.io.buffer.DataBufferUtilsTests" time="0.002"/>
  <testcase name="[6] DefaultDataBufferFactory - preferDirect = false" classname="org.springframework.core.io.buffer.DataBufferUtilsTests" time="0.002"/>
  <testcase name="[1] NettyDataBufferFactory - UnpooledByteBufAllocator - preferDirect = true" classname="org.springframework.core.io.buffer.DataBufferUtilsTests" time="0.002"/>
  <testcase name="[2] NettyDataBufferFactory - UnpooledByteBufAllocator - preferDirect = false" classname="org.springframework.core.io.buffer.DataBufferUtilsTests" time="0.002"/>
  <testcase name="[3] NettyDataBufferFactory - PooledByteBufAllocator - preferDirect = true" classname="org.springframework.core.io.buffer.DataBufferUtilsTests" time="0.002"/>
  <testcase name="[4] NettyDataBufferFactory - PooledByteBufAllocator - preferDirect = false" classname="org.springframework.core.io.buffer.DataBufferUtilsTests" time="0.002"/>
  <testcase name="[5] DefaultDataBufferFactory - preferDirect = true" classname="org.springframework.core.io.buffer.DataBufferUtilsTests" time="0.001"/>
  <testcase name="[6] DefaultDataBufferFactory - preferDirect = false" classname="org.springframework.core.io.buffer.DataBufferUtilsTests" time="0.001"/>
  <testcase name="[1] NettyDataBufferFactory - UnpooledByteBufAllocator - preferDirect = true" classname="org.springframework.core.io.buffer.DataBufferUtilsTests" time="0.002"/>
  <testcase name="[2] NettyDataBufferFactory - UnpooledByteBufAllocator - preferDirect = false" classname="org.springframework.core.io.buffer.DataBufferUtilsTests" time="0.001"/>
  <testcase name="[3] NettyDataBufferFactory - PooledByteBufAllocator - preferDirect = true" classname="org.springframework.core.io.buffer.DataBufferUtilsTests" time="0.003"/>
  <testcase name="[4] NettyDataBufferFactory - PooledByteBufAllocator - preferDirect = false" classname="org.springframework.core.io.buffer.DataBufferUtilsTests" time="0.003"/>
  <testcase name="[5] DefaultDataBufferFactory - preferDirect = true" classname="org.springframework.core.io.buffer.DataBufferUtilsTests" time="0.001"/>
  <testcase name="[6] DefaultDataBufferFactory - preferDirect = false" classname="org.springframework.core.io.buffer.DataBufferUtilsTests" time="0.001"/>
  <testcase name="[1] NettyDataBufferFactory - UnpooledByteBufAllocator - preferDirect = true" classname="org.springframework.core.io.buffer.DataBufferUtilsTests" time="0.0"/>
  <testcase name="[2] NettyDataBufferFactory - UnpooledByteBufAllocator - preferDirect = false" classname="org.springframework.core.io.buffer.DataBufferUtilsTests" time="0.0"/>
  <testcase name="[3] NettyDataBufferFactory - PooledByteBufAllocator - preferDirect = true" classname="org.springframework.core.io.buffer.DataBufferUtilsTests" time="0.0"/>
  <testcase name="[4] NettyDataBufferFactory - PooledByteBufAllocator - preferDirect = false" classname="org.springframework.core.io.buffer.DataBufferUtilsTests" time="0.0"/>
  <testcase name="[5] DefaultDataBufferFactory - preferDirect = true" classname="org.springframework.core.io.buffer.DataBufferUtilsTests" time="0.001"/>
  <testcase name="[6] DefaultDataBufferFactory - preferDirect = false" classname="org.springframework.core.io.buffer.DataBufferUtilsTests" time="0.0"/>
  <testcase name="[1] NettyDataBufferFactory - UnpooledByteBufAllocator - preferDirect = true" classname="org.springframework.core.io.buffer.DataBufferUtilsTests" time="0.002"/>
  <testcase name="[2] NettyDataBufferFactory - UnpooledByteBufAllocator - preferDirect = false" classname="org.springframework.core.io.buffer.DataBufferUtilsTests" time="0.001"/>
  <testcase name="[3] NettyDataBufferFactory - PooledByteBufAllocator - preferDirect = true" classname="org.springframework.core.io.buffer.DataBufferUtilsTests" time="0.001"/>
  <testcase name="[4] NettyDataBufferFactory - PooledByteBufAllocator - preferDirect = false" classname="org.springframework.core.io.buffer.DataBufferUtilsTests" time="0.001"/>
  <testcase name="[5] DefaultDataBufferFactory - preferDirect = true" classname="org.springframework.core.io.buffer.DataBufferUtilsTests" time="0.001"/>
  <testcase name="[6] DefaultDataBufferFactory - preferDirect = false" classname="org.springframework.core.io.buffer.DataBufferUtilsTests" time="0.001"/>
  <testcase name="[1] NettyDataBufferFactory - UnpooledByteBufAllocator - preferDirect = true" classname="org.springframework.core.io.buffer.DataBufferUtilsTests" time="0.002"/>
  <testcase name="[2] NettyDataBufferFactory - UnpooledByteBufAllocator - preferDirect = false" classname="org.springframework.core.io.buffer.DataBufferUtilsTests" time="0.001"/>
  <testcase name="[3] NettyDataBufferFactory - PooledByteBufAllocator - preferDirect = true" classname="org.springframework.core.io.buffer.DataBufferUtilsTests" time="0.002"/>
  <testcase name="[4] NettyDataBufferFactory - PooledByteBufAllocator - preferDirect = false" classname="org.springframework.core.io.buffer.DataBufferUtilsTests" time="0.002"/>
  <testcase name="[5] DefaultDataBufferFactory - preferDirect = true" classname="org.springframework.core.io.buffer.DataBufferUtilsTests" time="0.001"/>
  <testcase name="[6] DefaultDataBufferFactory - preferDirect = false" classname="org.springframework.core.io.buffer.DataBufferUtilsTests" time="0.001"/>
  <testcase name="[1] NettyDataBufferFactory - UnpooledByteBufAllocator - preferDirect = true" classname="org.springframework.core.io.buffer.DataBufferUtilsTests" time="0.003"/>
  <testcase name="[2] NettyDataBufferFactory - UnpooledByteBufAllocator - preferDirect = false" classname="org.springframework.core.io.buffer.DataBufferUtilsTests" time="0.002"/>
  <testcase name="[3] NettyDataBufferFactory - PooledByteBufAllocator - preferDirect = true" classname="org.springframework.core.io.buffer.DataBufferUtilsTests" time="0.002"/>
  <testcase name="[4] NettyDataBufferFactory - PooledByteBufAllocator - preferDirect = false" classname="org.springframework.core.io.buffer.DataBufferUtilsTests" time="0.003"/>
  <testcase name="[5] DefaultDataBufferFactory - preferDirect = true" classname="org.springframework.core.io.buffer.DataBufferUtilsTests" time="0.002"/>
  <testcase name="[6] DefaultDataBufferFactory - preferDirect = false" classname="org.springframework.core.io.buffer.DataBufferUtilsTests" time="0.001"/>
  <testcase name="joinWithLimitDoesNotOverRelease()" classname="org.springframework.core.io.buffer.DataBufferUtilsTests" time="0.0"/>
  <testcase name="[1] NettyDataBufferFactory - UnpooledByteBufAllocator - preferDirect = true" classname="org.springframework.core.io.buffer.DataBufferUtilsTests" time="0.001"/>
  <testcase name="[2] NettyDataBufferFactory - UnpooledByteBufAllocator - preferDirect = false" classname="org.springframework.core.io.buffer.DataBufferUtilsTests" time="0.0"/>
  <testcase name="[3] NettyDataBufferFactory - PooledByteBufAllocator - preferDirect = true" classname="org.springframework.core.io.buffer.DataBufferUtilsTests" time="0.0"/>
  <testcase name="[4] NettyDataBufferFactory - PooledByteBufAllocator - preferDirect = false" classname="org.springframework.core.io.buffer.DataBufferUtilsTests" time="0.0"/>
  <testcase name="[5] DefaultDataBufferFactory - preferDirect = true" classname="org.springframework.core.io.buffer.DataBufferUtilsTests" time="0.0"/>
  <testcase name="[6] DefaultDataBufferFactory - preferDirect = false" classname="org.springframework.core.io.buffer.DataBufferUtilsTests" time="0.0"/>
  <testcase name="[1] NettyDataBufferFactory - UnpooledByteBufAllocator - preferDirect = true" classname="org.springframework.core.io.buffer.DataBufferUtilsTests" time="0.001"/>
  <testcase name="[2] NettyDataBufferFactory - UnpooledByteBufAllocator - preferDirect = false" classname="org.springframework.core.io.buffer.DataBufferUtilsTests" time="0.001"/>
  <testcase name="[3] NettyDataBufferFactory - PooledByteBufAllocator - preferDirect = true" classname="org.springframework.core.io.buffer.DataBufferUtilsTests" time="0.001"/>
  <testcase name="[4] NettyDataBufferFactory - PooledByteBufAllocator - preferDirect = false" classname="org.springframework.core.io.buffer.DataBufferUtilsTests" time="0.001"/>
  <testcase name="[5] DefaultDataBufferFactory - preferDirect = true" classname="org.springframework.core.io.buffer.DataBufferUtilsTests" time="0.0"/>
  <testcase name="[6] DefaultDataBufferFactory - preferDirect = false" classname="org.springframework.core.io.buffer.DataBufferUtilsTests" time="0.001"/>
  <testcase name="[1] NettyDataBufferFactory - UnpooledByteBufAllocator - preferDirect = true" classname="org.springframework.core.io.buffer.DataBufferUtilsTests" time="0.001"/>
  <testcase name="[2] NettyDataBufferFactory - UnpooledByteBufAllocator - preferDirect = false" classname="org.springframework.core.io.buffer.DataBufferUtilsTests" time="0.0"/>
  <testcase name="[3] NettyDataBufferFactory - PooledByteBufAllocator - preferDirect = true" classname="org.springframework.core.io.buffer.DataBufferUtilsTests" time="0.001"/>
  <testcase name="[4] NettyDataBufferFactory - PooledByteBufAllocator - preferDirect = false" classname="org.springframework.core.io.buffer.DataBufferUtilsTests" time="0.001"/>
  <testcase name="[5] DefaultDataBufferFactory - preferDirect = true" classname="org.springframework.core.io.buffer.DataBufferUtilsTests" time="0.0"/>
  <testcase name="[6] DefaultDataBufferFactory - preferDirect = false" classname="org.springframework.core.io.buffer.DataBufferUtilsTests" time="0.001"/>
  <testcase name="[1] NettyDataBufferFactory - UnpooledByteBufAllocator - preferDirect = true" classname="org.springframework.core.io.buffer.DataBufferUtilsTests" time="0.001"/>
  <testcase name="[2] NettyDataBufferFactory - UnpooledByteBufAllocator - preferDirect = false" classname="org.springframework.core.io.buffer.DataBufferUtilsTests" time="0.001"/>
  <testcase name="[3] NettyDataBufferFactory - PooledByteBufAllocator - preferDirect = true" classname="org.springframework.core.io.buffer.DataBufferUtilsTests" time="0.057"/>
  <testcase name="[4] NettyDataBufferFactory - PooledByteBufAllocator - preferDirect = false" classname="org.springframework.core.io.buffer.DataBufferUtilsTests" time="0.056"/>
  <testcase name="[5] DefaultDataBufferFactory - preferDirect = true" classname="org.springframework.core.io.buffer.DataBufferUtilsTests" time="0.001"/>
  <testcase name="[6] DefaultDataBufferFactory - preferDirect = false" classname="org.springframework.core.io.buffer.DataBufferUtilsTests" time="0.001"/>
  <testcase name="[1] NettyDataBufferFactory - UnpooledByteBufAllocator - preferDirect = true" classname="org.springframework.core.io.buffer.DataBufferUtilsTests" time="0.001"/>
  <testcase name="[2] NettyDataBufferFactory - UnpooledByteBufAllocator - preferDirect = false" classname="org.springframework.core.io.buffer.DataBufferUtilsTests" time="0.0"/>
  <testcase name="[3] NettyDataBufferFactory - PooledByteBufAllocator - preferDirect = true" classname="org.springframework.core.io.buffer.DataBufferUtilsTests" time="0.002"/>
  <testcase name="[4] NettyDataBufferFactory - PooledByteBufAllocator - preferDirect = false" classname="org.springframework.core.io.buffer.DataBufferUtilsTests" time="0.002"/>
  <testcase name="[5] DefaultDataBufferFactory - preferDirect = true" classname="org.springframework.core.io.buffer.DataBufferUtilsTests" time="0.0"/>
  <testcase name="[6] DefaultDataBufferFactory - preferDirect = false" classname="org.springframework.core.io.buffer.DataBufferUtilsTests" time="0.001"/>
  <testcase name="[1] NettyDataBufferFactory - UnpooledByteBufAllocator - preferDirect = true" classname="org.springframework.core.io.buffer.DataBufferUtilsTests" time="0.001"/>
  <testcase name="[2] NettyDataBufferFactory - UnpooledByteBufAllocator - preferDirect = false" classname="org.springframework.core.io.buffer.DataBufferUtilsTests" time="0.0"/>
  <testcase name="[3] NettyDataBufferFactory - PooledByteBufAllocator - preferDirect = true" classname="org.springframework.core.io.buffer.DataBufferUtilsTests" time="0.0"/>
  <testcase name="[4] NettyDataBufferFactory - PooledByteBufAllocator - preferDirect = false" classname="org.springframework.core.io.buffer.DataBufferUtilsTests" time="0.0"/>
  <testcase name="[5] DefaultDataBufferFactory - preferDirect = true" classname="org.springframework.core.io.buffer.DataBufferUtilsTests" time="0.0"/>
  <testcase name="[6] DefaultDataBufferFactory - preferDirect = false" classname="org.springframework.core.io.buffer.DataBufferUtilsTests" time="0.001"/>
  <testcase name="[1] NettyDataBufferFactory - UnpooledByteBufAllocator - preferDirect = true" classname="org.springframework.core.io.buffer.DataBufferUtilsTests" time="0.001"/>
  <testcase name="[2] NettyDataBufferFactory - UnpooledByteBufAllocator - preferDirect = false" classname="org.springframework.core.io.buffer.DataBufferUtilsTests" time="0.001"/>
  <testcase name="[3] NettyDataBufferFactory - PooledByteBufAllocator - preferDirect = true" classname="org.springframework.core.io.buffer.DataBufferUtilsTests" time="0.0"/>
  <testcase name="[4] NettyDataBufferFactory - PooledByteBufAllocator - preferDirect = false" classname="org.springframework.core.io.buffer.DataBufferUtilsTests" time="0.0"/>
  <testcase name="[5] DefaultDataBufferFactory - preferDirect = true" classname="org.springframework.core.io.buffer.DataBufferUtilsTests" time="0.0"/>
  <testcase name="[6] DefaultDataBufferFactory - preferDirect = false" classname="org.springframework.core.io.buffer.DataBufferUtilsTests" time="0.0"/>
  <testcase name="[1] NettyDataBufferFactory - UnpooledByteBufAllocator - preferDirect = true" classname="org.springframework.core.io.buffer.DataBufferUtilsTests" time="0.0"/>
  <testcase name="[2] NettyDataBufferFactory - UnpooledByteBufAllocator - preferDirect = false" classname="org.springframework.core.io.buffer.DataBufferUtilsTests" time="0.0"/>
  <testcase name="[3] NettyDataBufferFactory - PooledByteBufAllocator - preferDirect = true" classname="org.springframework.core.io.buffer.DataBufferUtilsTests" time="0.001"/>
  <testcase name="[4] NettyDataBufferFactory - PooledByteBufAllocator - preferDirect = false" classname="org.springframework.core.io.buffer.DataBufferUtilsTests" time="0.001"/>
  <testcase name="[5] DefaultDataBufferFactory - preferDirect = true" classname="org.springframework.core.io.buffer.DataBufferUtilsTests" time="0.0"/>
  <testcase name="[6] DefaultDataBufferFactory - preferDirect = false" classname="org.springframework.core.io.buffer.DataBufferUtilsTests" time="0.0"/>
  <testcase name="[1] NettyDataBufferFactory - UnpooledByteBufAllocator - preferDirect = true" classname="org.springframework.core.io.buffer.DataBufferUtilsTests" time="0.001"/>
  <testcase name="[2] NettyDataBufferFactory - UnpooledByteBufAllocator - preferDirect = false" classname="org.springframework.core.io.buffer.DataBufferUtilsTests" time="0.001"/>
  <testcase name="[3] NettyDataBufferFactory - PooledByteBufAllocator - preferDirect = true" classname="org.springframework.core.io.buffer.DataBufferUtilsTests" time="0.002"/>
  <testcase name="[4] NettyDataBufferFactory - PooledByteBufAllocator - preferDirect = false" classname="org.springframework.core.io.buffer.DataBufferUtilsTests" time="0.002"/>
  <testcase name="[5] DefaultDataBufferFactory - preferDirect = true" classname="org.springframework.core.io.buffer.DataBufferUtilsTests" time="0.0"/>
  <testcase name="[6] DefaultDataBufferFactory - preferDirect = false" classname="org.springframework.core.io.buffer.DataBufferUtilsTests" time="0.001"/>
  <testcase name="[1] NettyDataBufferFactory - UnpooledByteBufAllocator - preferDirect = true" classname="org.springframework.core.io.buffer.DataBufferUtilsTests" time="0.002"/>
  <testcase name="[2] NettyDataBufferFactory - UnpooledByteBufAllocator - preferDirect = false" classname="org.springframework.core.io.buffer.DataBufferUtilsTests" time="0.001"/>
  <testcase name="[3] NettyDataBufferFactory - PooledByteBufAllocator - preferDirect = true" classname="org.springframework.core.io.buffer.DataBufferUtilsTests" time="0.001"/>
  <testcase name="[4] NettyDataBufferFactory - PooledByteBufAllocator - preferDirect = false" classname="org.springframework.core.io.buffer.DataBufferUtilsTests" time="0.002"/>
  <testcase name="[5] DefaultDataBufferFactory - preferDirect = true" classname="org.springframework.core.io.buffer.DataBufferUtilsTests" time="0.001"/>
  <testcase name="[6] DefaultDataBufferFactory - preferDirect = false" classname="org.springframework.core.io.buffer.DataBufferUtilsTests" time="0.001"/>
  <testcase name="[1] NettyDataBufferFactory - UnpooledByteBufAllocator - preferDirect = true" classname="org.springframework.core.io.buffer.DataBufferUtilsTests" time="0.001"/>
  <testcase name="[2] NettyDataBufferFactory - UnpooledByteBufAllocator - preferDirect = false" classname="org.springframework.core.io.buffer.DataBufferUtilsTests" time="0.0"/>
  <testcase name="[3] NettyDataBufferFactory - PooledByteBufAllocator - preferDirect = true" classname="org.springframework.core.io.buffer.DataBufferUtilsTests" time="0.001"/>
  <testcase name="[4] NettyDataBufferFactory - PooledByteBufAllocator - preferDirect = false" classname="org.springframework.core.io.buffer.DataBufferUtilsTests" time="0.002"/>
  <testcase name="[5] DefaultDataBufferFactory - preferDirect = true" classname="org.springframework.core.io.buffer.DataBufferUtilsTests" time="0.001"/>
  <testcase name="[6] DefaultDataBufferFactory - preferDirect = false" classname="org.springframework.core.io.buffer.DataBufferUtilsTests" time="0.001"/>
  <testcase name="[1] NettyDataBufferFactory - UnpooledByteBufAllocator - preferDirect = true" classname="org.springframework.core.io.buffer.DataBufferUtilsTests" time="0.001"/>
  <testcase name="[2] NettyDataBufferFactory - UnpooledByteBufAllocator - preferDirect = false" classname="org.springframework.core.io.buffer.DataBufferUtilsTests" time="0.001"/>
  <testcase name="[3] NettyDataBufferFactory - PooledByteBufAllocator - preferDirect = true" classname="org.springframework.core.io.buffer.DataBufferUtilsTests" time="0.001"/>
  <testcase name="[4] NettyDataBufferFactory - PooledByteBufAllocator - preferDirect = false" classname="org.springframework.core.io.buffer.DataBufferUtilsTests" time="0.001"/>
  <testcase name="[5] DefaultDataBufferFactory - preferDirect = true" classname="org.springframework.core.io.buffer.DataBufferUtilsTests" time="0.0"/>
  <testcase name="[6] DefaultDataBufferFactory - preferDirect = false" classname="org.springframework.core.io.buffer.DataBufferUtilsTests" time="0.0"/>
  <testcase name="[1] NettyDataBufferFactory - UnpooledByteBufAllocator - preferDirect = true" classname="org.springframework.core.io.buffer.DataBufferUtilsTests" time="0.002"/>
  <testcase name="[2] NettyDataBufferFactory - UnpooledByteBufAllocator - preferDirect = false" classname="org.springframework.core.io.buffer.DataBufferUtilsTests" time="0.0"/>
  <testcase name="[3] NettyDataBufferFactory - PooledByteBufAllocator - preferDirect = true" classname="org.springframework.core.io.buffer.DataBufferUtilsTests" time="0.0"/>
  <testcase name="[4] NettyDataBufferFactory - PooledByteBufAllocator - preferDirect = false" classname="org.springframework.core.io.buffer.DataBufferUtilsTests" time="0.001"/>
  <testcase name="[5] DefaultDataBufferFactory - preferDirect = true" classname="org.springframework.core.io.buffer.DataBufferUtilsTests" time="0.001"/>
  <testcase name="[6] DefaultDataBufferFactory - preferDirect = false" classname="org.springframework.core.io.buffer.DataBufferUtilsTests" time="0.0"/>
  <testcase name="[1] NettyDataBufferFactory - UnpooledByteBufAllocator - preferDirect = true" classname="org.springframework.core.io.buffer.DataBufferUtilsTests" time="0.002"/>
  <testcase name="[2] NettyDataBufferFactory - UnpooledByteBufAllocator - preferDirect = false" classname="org.springframework.core.io.buffer.DataBufferUtilsTests" time="0.0"/>
  <testcase name="[3] NettyDataBufferFactory - PooledByteBufAllocator - preferDirect = true" classname="org.springframework.core.io.buffer.DataBufferUtilsTests" time="0.002"/>
  <testcase name="[4] NettyDataBufferFactory - PooledByteBufAllocator - preferDirect = false" classname="org.springframework.core.io.buffer.DataBufferUtilsTests" time="0.002"/>
  <testcase name="[5] DefaultDataBufferFactory - preferDirect = true" classname="org.springframework.core.io.buffer.DataBufferUtilsTests" time="0.001"/>
  <testcase name="[6] DefaultDataBufferFactory - preferDirect = false" classname="org.springframework.core.io.buffer.DataBufferUtilsTests" time="0.002"/>
  <testcase name="[1] NettyDataBufferFactory - UnpooledByteBufAllocator - preferDirect = true" classname="org.springframework.core.io.buffer.DataBufferUtilsTests" time="0.001"/>
  <testcase name="[2] NettyDataBufferFactory - UnpooledByteBufAllocator - preferDirect = false" classname="org.springframework.core.io.buffer.DataBufferUtilsTests" time="0.001"/>
  <testcase name="[3] NettyDataBufferFactory - PooledByteBufAllocator - preferDirect = true" classname="org.springframework.core.io.buffer.DataBufferUtilsTests" time="0.001"/>
  <testcase name="[4] NettyDataBufferFactory - PooledByteBufAllocator - preferDirect = false" classname="org.springframework.core.io.buffer.DataBufferUtilsTests" time="0.001"/>
  <testcase name="[5] DefaultDataBufferFactory - preferDirect = true" classname="org.springframework.core.io.buffer.DataBufferUtilsTests" time="0.001"/>
  <testcase name="[6] DefaultDataBufferFactory - preferDirect = false" classname="org.springframework.core.io.buffer.DataBufferUtilsTests" time="0.001"/>
  <testcase name="[1] NettyDataBufferFactory - UnpooledByteBufAllocator - preferDirect = true" classname="org.springframework.core.io.buffer.DataBufferUtilsTests" time="0.001"/>
  <testcase name="[2] NettyDataBufferFactory - UnpooledByteBufAllocator - preferDirect = false" classname="org.springframework.core.io.buffer.DataBufferUtilsTests" time="0.0"/>
  <testcase name="[3] NettyDataBufferFactory - PooledByteBufAllocator - preferDirect = true" classname="org.springframework.core.io.buffer.DataBufferUtilsTests" time="0.001"/>
  <testcase name="[4] NettyDataBufferFactory - PooledByteBufAllocator - preferDirect = false" classname="org.springframework.core.io.buffer.DataBufferUtilsTests" time="0.001"/>
  <testcase name="[5] DefaultDataBufferFactory - preferDirect = true" classname="org.springframework.core.io.buffer.DataBufferUtilsTests" time="0.0"/>
  <testcase name="[6] DefaultDataBufferFactory - preferDirect = false" classname="org.springframework.core.io.buffer.DataBufferUtilsTests" time="0.0"/>
  <testcase name="[1] NettyDataBufferFactory - UnpooledByteBufAllocator - preferDirect = true" classname="org.springframework.core.io.buffer.DataBufferUtilsTests" time="0.001"/>
  <testcase name="[2] NettyDataBufferFactory - UnpooledByteBufAllocator - preferDirect = false" classname="org.springframework.core.io.buffer.DataBufferUtilsTests" time="0.001"/>
  <testcase name="[3] NettyDataBufferFactory - PooledByteBufAllocator - preferDirect = true" classname="org.springframework.core.io.buffer.DataBufferUtilsTests" time="0.001"/>
  <testcase name="[4] NettyDataBufferFactory - PooledByteBufAllocator - preferDirect = false" classname="org.springframework.core.io.buffer.DataBufferUtilsTests" time="0.001"/>
  <testcase name="[5] DefaultDataBufferFactory - preferDirect = true" classname="org.springframework.core.io.buffer.DataBufferUtilsTests" time="0.0"/>
  <testcase name="[6] DefaultDataBufferFactory - preferDirect = false" classname="org.springframework.core.io.buffer.DataBufferUtilsTests" time="0.0"/>
  <testcase name="[1] NettyDataBufferFactory - UnpooledByteBufAllocator - preferDirect = true" classname="org.springframework.core.io.buffer.DataBufferUtilsTests" time="0.002"/>
  <testcase name="[2] NettyDataBufferFactory - UnpooledByteBufAllocator - preferDirect = false" classname="org.springframework.core.io.buffer.DataBufferUtilsTests" time="0.001"/>
  <testcase name="[3] NettyDataBufferFactory - PooledByteBufAllocator - preferDirect = true" classname="org.springframework.core.io.buffer.DataBufferUtilsTests" time="0.001"/>
  <testcase name="[4] NettyDataBufferFactory - PooledByteBufAllocator - preferDirect = false" classname="org.springframework.core.io.buffer.DataBufferUtilsTests" time="0.001"/>
  <testcase name="[5] DefaultDataBufferFactory - preferDirect = true" classname="org.springframework.core.io.buffer.DataBufferUtilsTests" time="0.001"/>
  <testcase name="[6] DefaultDataBufferFactory - preferDirect = false" classname="org.springframework.core.io.buffer.DataBufferUtilsTests" time="0.001"/>
  <testcase name="[1] NettyDataBufferFactory - UnpooledByteBufAllocator - preferDirect = true" classname="org.springframework.core.io.buffer.DataBufferUtilsTests" time="0.001"/>
  <testcase name="[2] NettyDataBufferFactory - UnpooledByteBufAllocator - preferDirect = false" classname="org.springframework.core.io.buffer.DataBufferUtilsTests" time="0.0"/>
  <testcase name="[3] NettyDataBufferFactory - PooledByteBufAllocator - preferDirect = true" classname="org.springframework.core.io.buffer.DataBufferUtilsTests" time="0.001"/>
  <testcase name="[4] NettyDataBufferFactory - PooledByteBufAllocator - preferDirect = false" classname="org.springframework.core.io.buffer.DataBufferUtilsTests" time="0.0"/>
  <testcase name="[5] DefaultDataBufferFactory - preferDirect = true" classname="org.springframework.core.io.buffer.DataBufferUtilsTests" time="0.0"/>
  <testcase name="[6] DefaultDataBufferFactory - preferDirect = false" classname="org.springframework.core.io.buffer.DataBufferUtilsTests" time="0.0"/>
  <testcase name="[1] NettyDataBufferFactory - UnpooledByteBufAllocator - preferDirect = true" classname="org.springframework.core.io.buffer.DataBufferUtilsTests" time="0.003"/>
  <testcase name="[2] NettyDataBufferFactory - UnpooledByteBufAllocator - preferDirect = false" classname="org.springframework.core.io.buffer.DataBufferUtilsTests" time="0.002"/>
  <testcase name="[3] NettyDataBufferFactory - PooledByteBufAllocator - preferDirect = true" classname="org.springframework.core.io.buffer.DataBufferUtilsTests" time="0.002"/>
  <testcase name="[4] NettyDataBufferFactory - PooledByteBufAllocator - preferDirect = false" classname="org.springframework.core.io.buffer.DataBufferUtilsTests" time="0.002"/>
  <testcase name="[5] DefaultDataBufferFactory - preferDirect = true" classname="org.springframework.core.io.buffer.DataBufferUtilsTests" time="0.002"/>
  <testcase name="[6] DefaultDataBufferFactory - preferDirect = false" classname="org.springframework.core.io.buffer.DataBufferUtilsTests" time="0.001"/>
  <testcase name="[1] NettyDataBufferFactory - UnpooledByteBufAllocator - preferDirect = true" classname="org.springframework.core.io.buffer.DataBufferUtilsTests" time="0.001"/>
  <testcase name="[2] NettyDataBufferFactory - UnpooledByteBufAllocator - preferDirect = false" classname="org.springframework.core.io.buffer.DataBufferUtilsTests" time="0.0"/>
  <testcase name="[3] NettyDataBufferFactory - PooledByteBufAllocator - preferDirect = true" classname="org.springframework.core.io.buffer.DataBufferUtilsTests" time="0.001"/>
  <testcase name="[4] NettyDataBufferFactory - PooledByteBufAllocator - preferDirect = false" classname="org.springframework.core.io.buffer.DataBufferUtilsTests" time="0.001"/>
  <testcase name="[5] DefaultDataBufferFactory - preferDirect = true" classname="org.springframework.core.io.buffer.DataBufferUtilsTests" time="0.001"/>
  <testcase name="[6] DefaultDataBufferFactory - preferDirect = false" classname="org.springframework.core.io.buffer.DataBufferUtilsTests" time="0.001"/>
  <testcase name="[1] NettyDataBufferFactory - UnpooledByteBufAllocator - preferDirect = true" classname="org.springframework.core.io.buffer.DataBufferUtilsTests" time="0.001"/>
  <testcase name="[2] NettyDataBufferFactory - UnpooledByteBufAllocator - preferDirect = false" classname="org.springframework.core.io.buffer.DataBufferUtilsTests" time="0.0"/>
  <testcase name="[3] NettyDataBufferFactory - PooledByteBufAllocator - preferDirect = true" classname="org.springframework.core.io.buffer.DataBufferUtilsTests" time="0.001"/>
  <testcase name="[4] NettyDataBufferFactory - PooledByteBufAllocator - preferDirect = false" classname="org.springframework.core.io.buffer.DataBufferUtilsTests" time="0.001"/>
  <testcase name="[5] DefaultDataBufferFactory - preferDirect = true" classname="org.springframework.core.io.buffer.DataBufferUtilsTests" time="0.0"/>
  <testcase name="[6] DefaultDataBufferFactory - preferDirect = false" classname="org.springframework.core.io.buffer.DataBufferUtilsTests" time="0.001"/>
  <testcase name="[1] NettyDataBufferFactory - UnpooledByteBufAllocator - preferDirect = true" classname="org.springframework.core.io.buffer.DataBufferUtilsTests" time="0.001"/>
  <testcase name="[2] NettyDataBufferFactory - UnpooledByteBufAllocator - preferDirect = false" classname="org.springframework.core.io.buffer.DataBufferUtilsTests" time="0.001"/>
  <testcase name="[3] NettyDataBufferFactory - PooledByteBufAllocator - preferDirect = true" classname="org.springframework.core.io.buffer.DataBufferUtilsTests" time="0.002"/>
  <testcase name="[4] NettyDataBufferFactory - PooledByteBufAllocator - preferDirect = false" classname="org.springframework.core.io.buffer.DataBufferUtilsTests" time="0.002"/>
  <testcase name="[5] DefaultDataBufferFactory - preferDirect = true" classname="org.springframework.core.io.buffer.DataBufferUtilsTests" time="0.01"/>
  <testcase name="[6] DefaultDataBufferFactory - preferDirect = false" classname="org.springframework.core.io.buffer.DataBufferUtilsTests" time="0.001"/>
  <testcase name="[1] NettyDataBufferFactory - UnpooledByteBufAllocator - preferDirect = true" classname="org.springframework.core.io.buffer.DataBufferUtilsTests" time="0.001"/>
  <testcase name="[2] NettyDataBufferFactory - UnpooledByteBufAllocator - preferDirect = false" classname="org.springframework.core.io.buffer.DataBufferUtilsTests" time="0.0"/>
  <testcase name="[3] NettyDataBufferFactory - PooledByteBufAllocator - preferDirect = true" classname="org.springframework.core.io.buffer.DataBufferUtilsTests" time="0.002"/>
  <testcase name="[4] NettyDataBufferFactory - PooledByteBufAllocator - preferDirect = false" classname="org.springframework.core.io.buffer.DataBufferUtilsTests" time="0.002"/>
  <testcase name="[5] DefaultDataBufferFactory - preferDirect = true" classname="org.springframework.core.io.buffer.DataBufferUtilsTests" time="0.001"/>
  <testcase name="[6] DefaultDataBufferFactory - preferDirect = false" classname="org.springframework.core.io.buffer.DataBufferUtilsTests" time="0.0"/>
  <testcase name="[1] NettyDataBufferFactory - UnpooledByteBufAllocator - preferDirect = true" classname="org.springframework.core.io.buffer.DataBufferUtilsTests" time="0.001"/>
  <testcase name="[2] NettyDataBufferFactory - UnpooledByteBufAllocator - preferDirect = false" classname="org.springframework.core.io.buffer.DataBufferUtilsTests" time="0.0"/>
  <testcase name="[3] NettyDataBufferFactory - PooledByteBufAllocator - preferDirect = true" classname="org.springframework.core.io.buffer.DataBufferUtilsTests" time="0.0"/>
  <testcase name="[4] NettyDataBufferFactory - PooledByteBufAllocator - preferDirect = false" classname="org.springframework.core.io.buffer.DataBufferUtilsTests" time="0.001"/>
  <testcase name="[5] DefaultDataBufferFactory - preferDirect = true" classname="org.springframework.core.io.buffer.DataBufferUtilsTests" time="0.001"/>
  <testcase name="[6] DefaultDataBufferFactory - preferDirect = false" classname="org.springframework.core.io.buffer.DataBufferUtilsTests" time="0.0"/>
  <testcase name="[1] NettyDataBufferFactory - UnpooledByteBufAllocator - preferDirect = true" classname="org.springframework.core.io.buffer.DataBufferUtilsTests" time="0.001"/>
  <testcase name="[2] NettyDataBufferFactory - UnpooledByteBufAllocator - preferDirect = false" classname="org.springframework.core.io.buffer.DataBufferUtilsTests" time="0.0"/>
  <testcase name="[3] NettyDataBufferFactory - PooledByteBufAllocator - preferDirect = true" classname="org.springframework.core.io.buffer.DataBufferUtilsTests" time="0.0"/>
  <testcase name="[4] NettyDataBufferFactory - PooledByteBufAllocator - preferDirect = false" classname="org.springframework.core.io.buffer.DataBufferUtilsTests" time="0.001"/>
  <testcase name="[5] DefaultDataBufferFactory - preferDirect = true" classname="org.springframework.core.io.buffer.DataBufferUtilsTests" time="0.001"/>
  <testcase name="[6] DefaultDataBufferFactory - preferDirect = false" classname="org.springframework.core.io.buffer.DataBufferUtilsTests" time="0.0"/>
  <system-out><![CDATA[]]></system-out>
  <system-err><![CDATA[]]></system-err>
</testsuite>
