<?xml version="1.0" encoding="UTF-8"?>
<testsuite name="org.springframework.core.KotlinGenericTypeResolverTests" tests="1" skipped="0" failures="0" errors="0" timestamp="2021-05-09T12:39:38" hostname="wangweilidembp" time="1.354">
  <properties/>
  <testcase name="methodReturnTypes()" classname="org.springframework.core.KotlinGenericTypeResolverTests" time="1.354"/>
  <system-out><![CDATA[]]></system-out>
  <system-err><![CDATA[]]></system-err>
</testsuite>
