<?xml version="1.0" encoding="UTF-8"?>
<testsuite name="org.springframework.core.type.AssignableTypeFilterTests" tests="4" skipped="0" failures="0" errors="0" timestamp="2021-04-26T07:37:47" hostname="wangweilideMacBook-Pro.local" time="0.009">
  <properties/>
  <testcase name="directMatch()" classname="org.springframework.core.type.AssignableTypeFilterTests" time="0.004"/>
  <testcase name="interfaceThroughSuperClassMatch()" classname="org.springframework.core.type.AssignableTypeFilterTests" time="0.002"/>
  <testcase name="superClassMatch()" classname="org.springframework.core.type.AssignableTypeFilterTests" time="0.0"/>
  <testcase name="interfaceMatch()" classname="org.springframework.core.type.AssignableTypeFilterTests" time="0.0"/>
  <system-out><![CDATA[]]></system-out>
  <system-err><![CDATA[]]></system-err>
</testsuite>
