<?xml version="1.0" encoding="UTF-8"?>
<testsuite name="org.springframework.core.GenericTypeResolverTests" tests="14" skipped="0" failures="0" errors="0" timestamp="2021-05-01T09:11:19" hostname="wangweilideMBP.lan" time="0.028">
  <properties/>
  <testcase name="nullIfNotResolvable()" classname="org.springframework.core.GenericTypeResolverTests" time="0.001"/>
  <testcase name="simpleCollectionSuperclassType()" classname="org.springframework.core.GenericTypeResolverTests" time="0.001"/>
  <testcase name="getGenericsOnArrayFromReturnCannotBeResolved()" classname="org.springframework.core.GenericTypeResolverTests" time="0.002"/>
  <testcase name="simpleCollectionInterfaceType()" classname="org.springframework.core.GenericTypeResolverTests" time="0.0"/>
  <testcase name="getRawMapTypeCannotBeResolved()" classname="org.springframework.core.GenericTypeResolverTests" time="0.001"/>
  <testcase name="simpleSuperclassType()" classname="org.springframework.core.GenericTypeResolverTests" time="0.0"/>
  <testcase name="getGenericsOnArrayFromParamCannotBeResolved()" classname="org.springframework.core.GenericTypeResolverTests" time="0.0"/>
  <testcase name="getGenericsCannotBeResolved()" classname="org.springframework.core.GenericTypeResolverTests" time="0.001"/>
  <testcase name="boundParameterizedType()" classname="org.springframework.core.GenericTypeResolverTests" time="0.006"/>
  <testcase name="methodReturnTypes()" classname="org.springframework.core.GenericTypeResolverTests" time="0.001"/>
  <testcase name="testGetTypeVariableMap()" classname="org.springframework.core.GenericTypeResolverTests" time="0.008"/>
  <testcase name="testResolveType()" classname="org.springframework.core.GenericTypeResolverTests" time="0.003"/>
  <testcase name="resolveIncompleteTypeVariables()" classname="org.springframework.core.GenericTypeResolverTests" time="0.001"/>
  <testcase name="simpleInterfaceType()" classname="org.springframework.core.GenericTypeResolverTests" time="0.0"/>
  <system-out><![CDATA[]]></system-out>
  <system-err><![CDATA[]]></system-err>
</testsuite>
