<?xml version="1.0" encoding="UTF-8"?>
<testsuite name="org.springframework.core.ReactiveAdapterRegistryTests$RxJava3" tests="9" skipped="0" failures="0" errors="0" timestamp="2021-05-01T09:11:17" hostname="wangweilideMBP.lan" time="1.73">
  <properties/>
  <testcase name="fromSingle()" classname="org.springframework.core.ReactiveAdapterRegistryTests$RxJava3" time="1.585"/>
  <testcase name="toObservable()" classname="org.springframework.core.ReactiveAdapterRegistryTests$RxJava3" time="0.089"/>
  <testcase name="fromCompletable()" classname="org.springframework.core.ReactiveAdapterRegistryTests$RxJava3" time="0.002"/>
  <testcase name="toSingle()" classname="org.springframework.core.ReactiveAdapterRegistryTests$RxJava3" time="0.002"/>
  <testcase name="toCompletable()" classname="org.springframework.core.ReactiveAdapterRegistryTests$RxJava3" time="0.003"/>
  <testcase name="fromFlowable()" classname="org.springframework.core.ReactiveAdapterRegistryTests$RxJava3" time="0.015"/>
  <testcase name="defaultAdapterRegistrations()" classname="org.springframework.core.ReactiveAdapterRegistryTests$RxJava3" time="0.001"/>
  <testcase name="fromObservable()" classname="org.springframework.core.ReactiveAdapterRegistryTests$RxJava3" time="0.007"/>
  <testcase name="toFlowable()" classname="org.springframework.core.ReactiveAdapterRegistryTests$RxJava3" time="0.004"/>
  <system-out><![CDATA[]]></system-out>
  <system-err><![CDATA[]]></system-err>
</testsuite>
