<?xml version="1.0" encoding="UTF-8"?>
<testsuite name="org.springframework.core.type.classreading.ClassMetadataReadingVisitorMemberClassTests" tests="4" skipped="0" failures="0" errors="0" timestamp="2021-05-09T12:39:33" hostname="wangweilidembp" time="0.006">
  <properties/>
  <testcase name="againstMemberClass()" classname="org.springframework.core.type.classreading.ClassMetadataReadingVisitorMemberClassTests" time="0.001"/>
  <testcase name="withNoMemberClasses()" classname="org.springframework.core.type.classreading.ClassMetadataReadingVisitorMemberClassTests" time="0.002"/>
  <testcase name="withNonPublicMemberClasses()" classname="org.springframework.core.type.classreading.ClassMetadataReadingVisitorMemberClassTests" time="0.001"/>
  <testcase name="withPublicMemberClasses()" classname="org.springframework.core.type.classreading.ClassMetadataReadingVisitorMemberClassTests" time="0.001"/>
  <system-out><![CDATA[]]></system-out>
  <system-err><![CDATA[]]></system-err>
</testsuite>
