<?xml version="1.0" encoding="UTF-8"?>
<testsuite name="org.springframework.core.ReactiveAdapterRegistryTests$Kotlin" tests="2" skipped="0" failures="0" errors="0" timestamp="2021-04-26T07:37:32" hostname="wangweilideMacBook-Pro.local" time="0.001">
  <properties/>
  <testcase name="deferred()" classname="org.springframework.core.ReactiveAdapterRegistryTests$Kotlin" time="0.001"/>
  <testcase name="defaultAdapterRegistrations()" classname="org.springframework.core.ReactiveAdapterRegistryTests$Kotlin" time="0.0"/>
  <system-out><![CDATA[]]></system-out>
  <system-err><![CDATA[]]></system-err>
</testsuite>
