<?xml version="1.0" encoding="UTF-8"?>
<testsuite name="org.springframework.util.NumberUtilsTests" tests="21" skipped="0" failures="0" errors="0" timestamp="2021-05-09T12:39:36" hostname="wangweilidembp" time="0.03">
  <properties/>
  <testcase name="parseNumberUsingNumberFormat()" classname="org.springframework.util.NumberUtilsTests" time="0.002"/>
  <testcase name="parseNumberRequiringTrimUsingNumberFormat()" classname="org.springframework.util.NumberUtilsTests" time="0.001"/>
  <testcase name="convertToInteger()" classname="org.springframework.util.NumberUtilsTests" time="0.002"/>
  <testcase name="convertBigDecimalToBigInteger()" classname="org.springframework.util.NumberUtilsTests" time="0.001"/>
  <testcase name="parseLocalizedBigDecimalNumber1()" classname="org.springframework.util.NumberUtilsTests" time="0.001"/>
  <testcase name="parseLocalizedBigDecimalNumber2()" classname="org.springframework.util.NumberUtilsTests" time="0.001"/>
  <testcase name="parseLocalizedBigDecimalNumber3()" classname="org.springframework.util.NumberUtilsTests" time="0.001"/>
  <testcase name="parseNumber()" classname="org.springframework.util.NumberUtilsTests" time="0.001"/>
  <testcase name="parseNumberRequiringTrim()" classname="org.springframework.util.NumberUtilsTests" time="0.001"/>
  <testcase name="parseOverflow()" classname="org.springframework.util.NumberUtilsTests" time="0.002"/>
  <testcase name="parseNumberAsNegativeHex()" classname="org.springframework.util.NumberUtilsTests" time="0.001"/>
  <testcase name="parseNumberAsHex()" classname="org.springframework.util.NumberUtilsTests" time="0.001"/>
  <testcase name="parseNegativeOverflowUsingNumberFormat()" classname="org.springframework.util.NumberUtilsTests" time="0.002"/>
  <testcase name="convertNonExactBigDecimalToBigInteger()" classname="org.springframework.util.NumberUtilsTests" time="0.001"/>
  <testcase name="convertDoubleToBigInteger()" classname="org.springframework.util.NumberUtilsTests" time="0.001"/>
  <testcase name="parseNegativeOverflow()" classname="org.springframework.util.NumberUtilsTests" time="0.002"/>
  <testcase name="parseOverflowUsingNumberFormat()" classname="org.springframework.util.NumberUtilsTests" time="0.001"/>
  <testcase name="parseBigDecimalNumber1()" classname="org.springframework.util.NumberUtilsTests" time="0.0"/>
  <testcase name="parseBigDecimalNumber2()" classname="org.springframework.util.NumberUtilsTests" time="0.001"/>
  <testcase name="parseBigDecimalNumber3()" classname="org.springframework.util.NumberUtilsTests" time="0.0"/>
  <testcase name="convertToLong()" classname="org.springframework.util.NumberUtilsTests" time="0.002"/>
  <system-out><![CDATA[]]></system-out>
  <system-err><![CDATA[]]></system-err>
</testsuite>
