<?xml version="1.0" encoding="UTF-8"?>
<testsuite name="org.springframework.util.xml.XMLEventStreamWriterTests" tests="1" skipped="0" failures="0" errors="0" timestamp="2021-05-01T09:11:35" hostname="wangweilideMBP.lan" time="0.006">
  <properties/>
  <testcase name="write()" classname="org.springframework.util.xml.XMLEventStreamWriterTests" time="0.006"/>
  <system-out><![CDATA[]]></system-out>
  <system-err><![CDATA[]]></system-err>
</testsuite>
