<?xml version="1.0" encoding="UTF-8"?>
<testsuite name="org.springframework.core.ReactiveAdapterRegistryTests" tests="1" skipped="0" failures="0" errors="0" timestamp="2021-05-09T12:39:18" hostname="wangweilidembp" time="0.002">
  <properties/>
  <testcase name="getAdapterForReactiveSubType()" classname="org.springframework.core.ReactiveAdapterRegistryTests" time="0.002"/>
  <system-out><![CDATA[]]></system-out>
  <system-err><![CDATA[]]></system-err>
</testsuite>
