<?xml version="1.0" encoding="UTF-8"?>
<testsuite name="org.springframework.core.serializer.SerializationConverterTests" tests="4" skipped="0" failures="0" errors="0" timestamp="2021-05-01T09:11:19" hostname="wangweilideMBP.lan" time="0.053">
  <properties/>
  <testcase name="deserializationFailure()" classname="org.springframework.core.serializer.SerializationConverterTests" time="0.005"/>
  <testcase name="nonSerializableObject()" classname="org.springframework.core.serializer.SerializationConverterTests" time="0.003"/>
  <testcase name="nonSerializableField()" classname="org.springframework.core.serializer.SerializationConverterTests" time="0.042"/>
  <testcase name="serializeAndDeserializeString()" classname="org.springframework.core.serializer.SerializationConverterTests" time="0.002"/>
  <system-out><![CDATA[]]></system-out>
  <system-err><![CDATA[]]></system-err>
</testsuite>
