<?xml version="1.0" encoding="UTF-8"?>
<testsuite name="org.springframework.core.codec.DataBufferDecoderTests" tests="3" skipped="0" failures="0" errors="0" timestamp="2021-05-09T12:39:19" hostname="wangweilidembp" time="0.006">
  <properties/>
  <testcase name="decodeToMono()" classname="org.springframework.core.codec.DataBufferDecoderTests" time="0.004"/>
  <testcase name="decode()" classname="org.springframework.core.codec.DataBufferDecoderTests" time="0.001"/>
  <testcase name="canDecode()" classname="org.springframework.core.codec.DataBufferDecoderTests" time="0.001"/>
  <system-out><![CDATA[]]></system-out>
  <system-err><![CDATA[]]></system-err>
</testsuite>
