<?xml version="1.0" encoding="UTF-8"?>
<testsuite name="org.springframework.core.codec.ByteBufferDecoderTests" tests="3" skipped="0" failures="0" errors="0" timestamp="2021-05-01T09:11:20" hostname="wangweilideMBP.lan" time="0.062">
  <properties/>
  <testcase name="decodeToMono()" classname="org.springframework.core.codec.ByteBufferDecoderTests" time="0.055"/>
  <testcase name="decode()" classname="org.springframework.core.codec.ByteBufferDecoderTests" time="0.005"/>
  <testcase name="canDecode()" classname="org.springframework.core.codec.ByteBufferDecoderTests" time="0.0"/>
  <system-out><![CDATA[]]></system-out>
  <system-err><![CDATA[]]></system-err>
</testsuite>
