<?xml version="1.0" encoding="UTF-8"?>
<testsuite name="org.springframework.core.io.support.SpringFactoriesLoaderTests" tests="5" skipped="0" failures="0" errors="0" timestamp="2021-05-01T09:11:24" hostname="wangweilideMBP.lan" time="0.023">
  <properties/>
  <testcase name="loadFactoriesWithNoRegisteredImplementations()" classname="org.springframework.core.io.support.SpringFactoriesLoaderTests" time="0.004"/>
  <testcase name="loadFactoriesInCorrectOrderWithDuplicateRegistrationsPresent()" classname="org.springframework.core.io.support.SpringFactoriesLoaderTests" time="0.017"/>
  <testcase name="loadPackagePrivateFactory()" classname="org.springframework.core.io.support.SpringFactoriesLoaderTests" time="0.001"/>
  <testcase name="attemptToLoadFactoryOfIncompatibleType()" classname="org.springframework.core.io.support.SpringFactoriesLoaderTests" time="0.001"/>
  <testcase name="loadFactoryNames()" classname="org.springframework.core.io.support.SpringFactoriesLoaderTests" time="0.0"/>
  <system-out><![CDATA[]]></system-out>
  <system-err><![CDATA[]]></system-err>
</testsuite>
