<?xml version="1.0" encoding="UTF-8"?>
<testsuite name="org.springframework.core.type.AnnotationMetadataTests" tests="17" skipped="0" failures="0" errors="0" timestamp="2021-05-01T09:11:33" hostname="wangweilideMBP.lan" time="0.061">
  <properties/>
  <testcase name="composedAnnotationWithMetaAnnotationsWithIdenticalAttributeNamesUsingStandardAnnotationMetadata()" classname="org.springframework.core.type.AnnotationMetadataTests" time="0.009"/>
  <testcase name="multipleAnnotationsWithIdenticalAttributeNamesUsingStandardAnnotationMetadata()" classname="org.springframework.core.type.AnnotationMetadataTests" time="0.0"/>
  <testcase name="asmAnnotationMetadataForInterface()" classname="org.springframework.core.type.AnnotationMetadataTests" time="0.009"/>
  <testcase name="asmAnnotationMetadata()" classname="org.springframework.core.type.AnnotationMetadataTests" time="0.019"/>
  <testcase name="metaAnnotationOverridesUsingStandardAnnotationMetadata()" classname="org.springframework.core.type.AnnotationMetadataTests" time="0.004"/>
  <testcase name="inheritedAnnotationWithMetaAnnotationsWithIdenticalAttributeNamesUsingAnnotationMetadataReadingVisitor()" classname="org.springframework.core.type.AnnotationMetadataTests" time="0.0"/>
  <testcase name="metaAnnotationOverridesUsingAnnotationMetadataReadingVisitor()" classname="org.springframework.core.type.AnnotationMetadataTests" time="0.001"/>
  <testcase name="standardAnnotationMetadataForSubclass()" classname="org.springframework.core.type.AnnotationMetadataTests" time="0.006"/>
  <testcase name="inheritedAnnotationWithMetaAnnotationsWithIdenticalAttributeNamesUsingStandardAnnotationMetadata()" classname="org.springframework.core.type.AnnotationMetadataTests" time="0.0"/>
  <testcase name="standardAnnotationMetadataForAnnotation()" classname="org.springframework.core.type.AnnotationMetadataTests" time="0.001"/>
  <testcase name="standardAnnotationMetadataForInterface()" classname="org.springframework.core.type.AnnotationMetadataTests" time="0.0"/>
  <testcase name="asmAnnotationMetadataForSubclass()" classname="org.springframework.core.type.AnnotationMetadataTests" time="0.0"/>
  <testcase name="standardAnnotationMetadata()" classname="org.springframework.core.type.AnnotationMetadataTests" time="0.007"/>
  <testcase name="standardAnnotationMetadata_nestedAnnotationsAsMap_false()" classname="org.springframework.core.type.AnnotationMetadataTests" time="0.001"/>
  <testcase name="asmAnnotationMetadataForAnnotation()" classname="org.springframework.core.type.AnnotationMetadataTests" time="0.001"/>
  <testcase name="composedAnnotationWithMetaAnnotationsWithIdenticalAttributeNamesUsingAnnotationMetadataReadingVisitor()" classname="org.springframework.core.type.AnnotationMetadataTests" time="0.001"/>
  <testcase name="multipleAnnotationsWithIdenticalAttributeNamesUsingAnnotationMetadataReadingVisitor()" classname="org.springframework.core.type.AnnotationMetadataTests" time="0.001"/>
  <system-out><![CDATA[]]></system-out>
  <system-err><![CDATA[]]></system-err>
</testsuite>
