<?xml version="1.0" encoding="UTF-8"?>
<testsuite name="org.springframework.core.StandardReflectionParameterNameDiscoverTests" tests="1" skipped="0" failures="0" errors="0" timestamp="2021-05-09T12:39:19" hostname="wangweilidembp" time="0.001">
  <properties/>
  <testcase name="getParameterNamesOnInterface()" classname="org.springframework.core.StandardReflectionParameterNameDiscoverTests" time="0.001"/>
  <system-out><![CDATA[]]></system-out>
  <system-err><![CDATA[]]></system-err>
</testsuite>
