<?xml version="1.0" encoding="UTF-8"?>
<testsuite name="org.springframework.util.Base64UtilsTests" tests="3" skipped="0" failures="0" errors="0" timestamp="2021-05-01T09:11:34" hostname="wangweilideMBP.lan" time="0.007">
  <properties/>
  <testcase name="encodeToStringWithJdk8VsJaxb()" classname="org.springframework.util.Base64UtilsTests" time="0.006"/>
  <testcase name="encode()" classname="org.springframework.util.Base64UtilsTests" time="0.0"/>
  <testcase name="encodeDecodeUrlSafe()" classname="org.springframework.util.Base64UtilsTests" time="0.001"/>
  <system-out><![CDATA[]]></system-out>
  <system-err><![CDATA[]]></system-err>
</testsuite>
