<?xml version="1.0" encoding="UTF-8"?>
<testsuite name="org.springframework.core.type.InheritedAnnotationsAnnotationMetadataTests" tests="7" skipped="0" failures="0" errors="0" timestamp="2021-05-01T09:11:33" hostname="wangweilideMBP.lan" time="0.01">
  <properties/>
  <testcase name="getAnnotationAttributes()" classname="org.springframework.core.type.InheritedAnnotationsAnnotationMetadataTests" time="0.004"/>
  <testcase name="isAnnotated()" classname="org.springframework.core.type.InheritedAnnotationsAnnotationMetadataTests" time="0.001"/>
  <testcase name="hasMetaAnnotation()" classname="org.springframework.core.type.InheritedAnnotationsAnnotationMetadataTests" time="0.0"/>
  <testcase name="getMetaAnnotationTypes()" classname="org.springframework.core.type.InheritedAnnotationsAnnotationMetadataTests" time="0.001"/>
  <testcase name="hasAnnotation()" classname="org.springframework.core.type.InheritedAnnotationsAnnotationMetadataTests" time="0.0"/>
  <testcase name="getAllAnnotationAttributes()" classname="org.springframework.core.type.InheritedAnnotationsAnnotationMetadataTests" time="0.001"/>
  <testcase name="getAnnotationTypes()" classname="org.springframework.core.type.InheritedAnnotationsAnnotationMetadataTests" time="0.0"/>
  <system-out><![CDATA[]]></system-out>
  <system-err><![CDATA[]]></system-err>
</testsuite>
