<?xml version="1.0" encoding="UTF-8"?>
<testsuite name="org.springframework.core.ReactiveAdapterRegistryTests$Kotlin" tests="2" skipped="0" failures="0" errors="0" timestamp="2021-05-09T12:39:18" hostname="wangweilidembp" time="0.003">
  <properties/>
  <testcase name="deferred()" classname="org.springframework.core.ReactiveAdapterRegistryTests$Kotlin" time="0.002"/>
  <testcase name="defaultAdapterRegistrations()" classname="org.springframework.core.ReactiveAdapterRegistryTests$Kotlin" time="0.0"/>
  <system-out><![CDATA[]]></system-out>
  <system-err><![CDATA[]]></system-err>
</testsuite>
