<?xml version="1.0" encoding="UTF-8"?>
<testsuite name="org.springframework.util.xml.StaxStreamXMLReaderTests" tests="6" skipped="0" failures="0" errors="0" timestamp="2021-05-09T12:39:37" hostname="wangweilidembp" time="0.08">
  <properties/>
  <testcase name="contentHandlerNamespacesPrefixes()" classname="org.springframework.util.xml.StaxStreamXMLReaderTests" time="0.017"/>
  <testcase name="whitespace()" classname="org.springframework.util.xml.StaxStreamXMLReaderTests" time="0.008"/>
  <testcase name="contentHandlerNoNamespacesPrefixes()" classname="org.springframework.util.xml.StaxStreamXMLReaderTests" time="0.015"/>
  <testcase name="lexicalHandler()" classname="org.springframework.util.xml.StaxStreamXMLReaderTests" time="0.013"/>
  <testcase name="contentHandlerNamespacesNoPrefixes()" classname="org.springframework.util.xml.StaxStreamXMLReaderTests" time="0.015"/>
  <testcase name="partial()" classname="org.springframework.util.xml.StaxStreamXMLReaderTests" time="0.01"/>
  <system-out><![CDATA[]]></system-out>
  <system-err><![CDATA[]]></system-err>
</testsuite>
