<?xml version="1.0" encoding="UTF-8"?>
<testsuite name="org.springframework.util.ClassUtilsTests$GetStaticMethodTests" tests="3" skipped="0" failures="0" errors="0" timestamp="2021-05-09T12:39:34" hostname="wangweilidembp" time="0.004">
  <properties/>
  <testcase name="argsStaticMethod()" classname="org.springframework.util.ClassUtilsTests$GetStaticMethodTests" time="0.002"/>
  <testcase name="noArgsStaticMethod()" classname="org.springframework.util.ClassUtilsTests$GetStaticMethodTests" time="0.001"/>
  <testcase name="overloadedStaticMethod()" classname="org.springframework.util.ClassUtilsTests$GetStaticMethodTests" time="0.001"/>
  <system-out><![CDATA[]]></system-out>
  <system-err><![CDATA[]]></system-err>
</testsuite>
