<?xml version="1.0" encoding="UTF-8"?>
<testsuite name="org.springframework.util.StreamUtilsTests" tests="8" skipped="0" failures="0" errors="0" timestamp="2021-05-09T12:39:35" hostname="wangweilidembp" time="0.239">
  <properties/>
  <testcase name="nonClosingOutputStream()" classname="org.springframework.util.StreamUtilsTests" time="0.054"/>
  <testcase name="copyStream()" classname="org.springframework.util.StreamUtilsTests" time="0.072"/>
  <testcase name="copyString()" classname="org.springframework.util.StreamUtilsTests" time="0.004"/>
  <testcase name="copyToString()" classname="org.springframework.util.StreamUtilsTests" time="0.051"/>
  <testcase name="copyBytes()" classname="org.springframework.util.StreamUtilsTests" time="0.002"/>
  <testcase name="copyRange()" classname="org.springframework.util.StreamUtilsTests" time="0.002"/>
  <testcase name="nonClosingInputStream()" classname="org.springframework.util.StreamUtilsTests" time="0.048"/>
  <testcase name="copyToByteArray()" classname="org.springframework.util.StreamUtilsTests" time="0.002"/>
  <system-out><![CDATA[]]></system-out>
  <system-err><![CDATA[]]></system-err>
</testsuite>
