<?xml version="1.0" encoding="UTF-8"?>
<testsuite name="org.springframework.util.comparator.CompoundComparatorTests" tests="1" skipped="0" failures="0" errors="0" timestamp="2021-05-01T09:11:34" hostname="wangweilideMBP.lan" time="0.002">
  <properties/>
  <testcase name="shouldNeedAtLeastOneComparator()" classname="org.springframework.util.comparator.CompoundComparatorTests" time="0.002"/>
  <system-out><![CDATA[]]></system-out>
  <system-err><![CDATA[]]></system-err>
</testsuite>
