<?xml version="1.0" encoding="UTF-8"?>
<testsuite name="org.springframework.core.AttributeAccessorSupportTests" tests="5" skipped="0" failures="0" errors="0" timestamp="2021-05-01T09:11:33" hostname="wangweilideMBP.lan" time="0.001">
  <properties/>
  <testcase name="attributeNames()" classname="org.springframework.core.AttributeAccessorSupportTests" time="0.0"/>
  <testcase name="computeAttribute()" classname="org.springframework.core.AttributeAccessorSupportTests" time="0.001"/>
  <testcase name="remove()" classname="org.springframework.core.AttributeAccessorSupportTests" time="0.0"/>
  <testcase name="setAndGet()" classname="org.springframework.core.AttributeAccessorSupportTests" time="0.0"/>
  <testcase name="setAndHas()" classname="org.springframework.core.AttributeAccessorSupportTests" time="0.0"/>
  <system-out><![CDATA[]]></system-out>
  <system-err><![CDATA[]]></system-err>
</testsuite>
