<?xml version="1.0" encoding="UTF-8"?>
<testsuite name="org.springframework.core.ReactiveAdapterRegistryTests$RxJava3" tests="9" skipped="0" failures="0" errors="0" timestamp="2021-04-26T07:37:32" hostname="wangweilideMacBook-Pro.local" time="0.437">
  <properties/>
  <testcase name="fromSingle()" classname="org.springframework.core.ReactiveAdapterRegistryTests$RxJava3" time="0.399"/>
  <testcase name="toObservable()" classname="org.springframework.core.ReactiveAdapterRegistryTests$RxJava3" time="0.02"/>
  <testcase name="fromCompletable()" classname="org.springframework.core.ReactiveAdapterRegistryTests$RxJava3" time="0.001"/>
  <testcase name="toSingle()" classname="org.springframework.core.ReactiveAdapterRegistryTests$RxJava3" time="0.001"/>
  <testcase name="toCompletable()" classname="org.springframework.core.ReactiveAdapterRegistryTests$RxJava3" time="0.001"/>
  <testcase name="fromFlowable()" classname="org.springframework.core.ReactiveAdapterRegistryTests$RxJava3" time="0.003"/>
  <testcase name="defaultAdapterRegistrations()" classname="org.springframework.core.ReactiveAdapterRegistryTests$RxJava3" time="0.0"/>
  <testcase name="fromObservable()" classname="org.springframework.core.ReactiveAdapterRegistryTests$RxJava3" time="0.004"/>
  <testcase name="toFlowable()" classname="org.springframework.core.ReactiveAdapterRegistryTests$RxJava3" time="0.002"/>
  <system-out><![CDATA[]]></system-out>
  <system-err><![CDATA[]]></system-err>
</testsuite>
