<?xml version="1.0" encoding="UTF-8"?>
<testsuite name="org.springframework.core.io.support.ResourceRegionTests" tests="3" skipped="0" failures="0" errors="0" timestamp="2021-05-09T12:39:22" hostname="wangweilidembp" time="0.458">
  <properties/>
  <testcase name="shouldThrowExceptionForNegativePosition()" classname="org.springframework.core.io.support.ResourceRegionTests" time="0.456"/>
  <testcase name="shouldThrowExceptionWithNullResource()" classname="org.springframework.core.io.support.ResourceRegionTests" time="0.0"/>
  <testcase name="shouldThrowExceptionForNegativeCount()" classname="org.springframework.core.io.support.ResourceRegionTests" time="0.001"/>
  <system-out><![CDATA[]]></system-out>
  <system-err><![CDATA[]]></system-err>
</testsuite>
