<?xml version="1.0" encoding="UTF-8"?>
<testsuite name="org.springframework.util.xml.XMLEventStreamWriterTests" tests="1" skipped="0" failures="0" errors="0" timestamp="2021-04-26T07:37:50" hostname="wangweilideMacBook-Pro.local" time="0.008">
  <properties/>
  <testcase name="write()" classname="org.springframework.util.xml.XMLEventStreamWriterTests" time="0.008"/>
  <system-out><![CDATA[]]></system-out>
  <system-err><![CDATA[]]></system-err>
</testsuite>
