<?xml version="1.0" encoding="UTF-8"?>
<testsuite name="org.springframework.util.ConcurrentLruCacheTests" tests="3" skipped="0" failures="0" errors="0" timestamp="2021-05-09T12:39:35" hostname="wangweilidembp" time="0.003">
  <properties/>
  <testcase name="clearAndSize()" classname="org.springframework.util.ConcurrentLruCacheTests" time="0.001"/>
  <testcase name="getAndSize()" classname="org.springframework.util.ConcurrentLruCacheTests" time="0.001"/>
  <testcase name="removeAndSize()" classname="org.springframework.util.ConcurrentLruCacheTests" time="0.001"/>
  <system-out><![CDATA[]]></system-out>
  <system-err><![CDATA[]]></system-err>
</testsuite>
