<?xml version="1.0" encoding="UTF-8"?>
<testsuite name="org.springframework.core.type.AspectJTypeFilterTests" tests="8" skipped="0" failures="0" errors="0" timestamp="2021-05-09T12:39:32" hostname="wangweilidembp" time="0.471">
  <properties/>
  <testcase name="compositionPatternNoMatches()" classname="org.springframework.core.type.AspectJTypeFilterTests" time="0.358"/>
  <testcase name="annotationPatternMatches()" classname="org.springframework.core.type.AspectJTypeFilterTests" time="0.018"/>
  <testcase name="subclassPatternNoMatches()" classname="org.springframework.core.type.AspectJTypeFilterTests" time="0.018"/>
  <testcase name="compositionPatternMatches()" classname="org.springframework.core.type.AspectJTypeFilterTests" time="0.016"/>
  <testcase name="annotationPatternNoMatches()" classname="org.springframework.core.type.AspectJTypeFilterTests" time="0.002"/>
  <testcase name="namePatternNoMatches()" classname="org.springframework.core.type.AspectJTypeFilterTests" time="0.029"/>
  <testcase name="namePatternMatches()" classname="org.springframework.core.type.AspectJTypeFilterTests" time="0.005"/>
  <testcase name="subclassPatternMatches()" classname="org.springframework.core.type.AspectJTypeFilterTests" time="0.021"/>
  <system-out><![CDATA[warning no match for this type name: example.type.AspectJTypeFilterTestsTypes.SomeClassX [Xlint:invalidAbsoluteTypeName]
]]></system-out>
  <system-err><![CDATA[]]></system-err>
</testsuite>
