<?xml version="1.0" encoding="UTF-8"?>
<testsuite name="org.springframework.util.xml.StaxStreamHandlerTests" tests="4" skipped="0" failures="0" errors="0" timestamp="2021-05-09T12:39:37" hostname="wangweilidembp" time="0.062">
  <properties/>
  <testcase name="noNamespacePrefixesDom()" classname="org.springframework.util.xml.StaxStreamHandlerTests" time="0.012"/>
  <testcase name="noNamespacePrefixes()" classname="org.springframework.util.xml.StaxStreamHandlerTests" time="0.013"/>
  <testcase name="namespacePrefixes()" classname="org.springframework.util.xml.StaxStreamHandlerTests" time="0.024"/>
  <testcase name="namespacePrefixesDom()" classname="org.springframework.util.xml.StaxStreamHandlerTests" time="0.012"/>
  <system-out><![CDATA[]]></system-out>
  <system-err><![CDATA[]]></system-err>
</testsuite>
