<?xml version="1.0" encoding="UTF-8"?>
<testsuite name="org.springframework.core.io.support.ResourceArrayPropertyEditorTests" tests="4" skipped="0" failures="0" errors="0" timestamp="2021-04-26T07:37:37" hostname="wangweilideMacBook-Pro.local" time="0.015">
  <properties/>
  <testcase name="strictSystemPropertyReplacementWithUnresolvablePlaceholder()" classname="org.springframework.core.io.support.ResourceArrayPropertyEditorTests" time="0.008"/>
  <testcase name="patternResource()" classname="org.springframework.core.io.support.ResourceArrayPropertyEditorTests" time="0.005"/>
  <testcase name="vanillaResource()" classname="org.springframework.core.io.support.ResourceArrayPropertyEditorTests" time="0.001"/>
  <testcase name="systemPropertyReplacement()" classname="org.springframework.core.io.support.ResourceArrayPropertyEditorTests" time="0.001"/>
  <system-out><![CDATA[]]></system-out>
  <system-err><![CDATA[]]></system-err>
</testsuite>
