<?xml version="1.0" encoding="UTF-8"?>
<testsuite name="org.springframework.util.xml.StaxResultTests" tests="2" skipped="0" failures="0" errors="0" timestamp="2021-05-01T09:11:35" hostname="wangweilideMBP.lan" time="0.009">
  <properties/>
  <testcase name="eventWriterSource()" classname="org.springframework.util.xml.StaxResultTests" time="0.006"/>
  <testcase name="streamWriterSource()" classname="org.springframework.util.xml.StaxResultTests" time="0.003"/>
  <system-out><![CDATA[]]></system-out>
  <system-err><![CDATA[]]></system-err>
</testsuite>
