<?xml version="1.0" encoding="UTF-8"?>
<testsuite name="org.springframework.web.socket.config.MessageBrokerBeanDefinitionParserTests" tests="8" skipped="0" failures="0" errors="0" timestamp="2021-04-26T07:40:27" hostname="wangweilideMacBook-Pro.local" time="2.215">
  <properties/>
  <testcase name="messageConvertersDefaultsOff()" classname="org.springframework.web.socket.config.MessageBrokerBeanDefinitionParserTests" time="0.568"/>
  <testcase name="simpleBroker()" classname="org.springframework.web.socket.config.MessageBrokerBeanDefinitionParserTests" time="0.306"/>
  <testcase name="customChannels()" classname="org.springframework.web.socket.config.MessageBrokerBeanDefinitionParserTests" time="0.109"/>
  <testcase name="customChannelsWithDefaultExecutor()" classname="org.springframework.web.socket.config.MessageBrokerBeanDefinitionParserTests" time="0.105"/>
  <testcase name="annotationMethodMessageHandler()" classname="org.springframework.web.socket.config.MessageBrokerBeanDefinitionParserTests" time="0.105"/>
  <testcase name="messageConverters()" classname="org.springframework.web.socket.config.MessageBrokerBeanDefinitionParserTests" time="0.089"/>
  <testcase name="customArgumentAndReturnValueTypes()" classname="org.springframework.web.socket.config.MessageBrokerBeanDefinitionParserTests" time="0.107"/>
  <testcase name="stompBrokerRelay()" classname="org.springframework.web.socket.config.MessageBrokerBeanDefinitionParserTests" time="0.816"/>
  <system-out><![CDATA[]]></system-out>
  <system-err><![CDATA[]]></system-err>
</testsuite>
