<?xml version="1.0" encoding="UTF-8"?>
<testsuite name="org.springframework.web.socket.messaging.StompWebSocketIntegrationTests" tests="18" skipped="0" failures="0" errors="0" timestamp="2021-05-01T09:48:08" hostname="wangweilideMBP.lan" time="68.175">
  <properties/>
  <testcase name="[1] server [org.springframework.web.socket.JettyWebSocketTestServer@15554071], client [org.springframework.web.socket.client.jetty.JettyWebSocketClient@3bef5798]" classname="org.springframework.web.socket.messaging.StompWebSocketIntegrationTests" time="0.134"/>
  <testcase name="[2] server [org.springframework.web.socket.TomcatWebSocketTestServer@41120707], client [org.springframework.web.socket.client.standard.StandardWebSocketClient@5a27f700]" classname="org.springframework.web.socket.messaging.StompWebSocketIntegrationTests" time="11.2"/>
  <testcase name="[3] server [org.springframework.web.socket.UndertowTestServer@7a18ffe0], client [org.springframework.web.socket.client.standard.StandardWebSocketClient@29310663]" classname="org.springframework.web.socket.messaging.StompWebSocketIntegrationTests" time="0.057"/>
  <testcase name="[1] server [org.springframework.web.socket.JettyWebSocketTestServer@42c4db7f], client [org.springframework.web.socket.client.jetty.JettyWebSocketClient@51a2ab0c]" classname="org.springframework.web.socket.messaging.StompWebSocketIntegrationTests" time="0.084"/>
  <testcase name="[2] server [org.springframework.web.socket.TomcatWebSocketTestServer@52578544], client [org.springframework.web.socket.client.standard.StandardWebSocketClient@20df836b]" classname="org.springframework.web.socket.messaging.StompWebSocketIntegrationTests" time="11.185"/>
  <testcase name="[3] server [org.springframework.web.socket.UndertowTestServer@48bec5a7], client [org.springframework.web.socket.client.standard.StandardWebSocketClient@5c8ff940]" classname="org.springframework.web.socket.messaging.StompWebSocketIntegrationTests" time="0.068"/>
  <testcase name="[1] server [org.springframework.web.socket.JettyWebSocketTestServer@77ff0548], client [org.springframework.web.socket.client.jetty.JettyWebSocketClient@452897d0]" classname="org.springframework.web.socket.messaging.StompWebSocketIntegrationTests" time="0.077"/>
  <testcase name="[2] server [org.springframework.web.socket.TomcatWebSocketTestServer@7277d998], client [org.springframework.web.socket.client.standard.StandardWebSocketClient@810affa]" classname="org.springframework.web.socket.messaging.StompWebSocketIntegrationTests" time="11.163"/>
  <testcase name="[3] server [org.springframework.web.socket.UndertowTestServer@5eafb94d], client [org.springframework.web.socket.client.standard.StandardWebSocketClient@160bb2bc]" classname="org.springframework.web.socket.messaging.StompWebSocketIntegrationTests" time="0.053"/>
  <testcase name="[1] server [org.springframework.web.socket.JettyWebSocketTestServer@3a6495e], client [org.springframework.web.socket.client.jetty.JettyWebSocketClient@7cf4327b]" classname="org.springframework.web.socket.messaging.StompWebSocketIntegrationTests" time="0.079"/>
  <testcase name="[2] server [org.springframework.web.socket.TomcatWebSocketTestServer@62c3531d], client [org.springframework.web.socket.client.standard.StandardWebSocketClient@6dd9abb8]" classname="org.springframework.web.socket.messaging.StompWebSocketIntegrationTests" time="11.198"/>
  <testcase name="[3] server [org.springframework.web.socket.UndertowTestServer@3396a2fb], client [org.springframework.web.socket.client.standard.StandardWebSocketClient@7ee24410]" classname="org.springframework.web.socket.messaging.StompWebSocketIntegrationTests" time="0.151"/>
  <testcase name="[1] server [org.springframework.web.socket.JettyWebSocketTestServer@1f65e17d], client [org.springframework.web.socket.client.jetty.JettyWebSocketClient@794ea69d]" classname="org.springframework.web.socket.messaging.StompWebSocketIntegrationTests" time="0.069"/>
  <testcase name="[2] server [org.springframework.web.socket.TomcatWebSocketTestServer@1755554d], client [org.springframework.web.socket.client.standard.StandardWebSocketClient@20164696]" classname="org.springframework.web.socket.messaging.StompWebSocketIntegrationTests" time="11.211"/>
  <testcase name="[3] server [org.springframework.web.socket.UndertowTestServer@7f44fb8a], client [org.springframework.web.socket.client.standard.StandardWebSocketClient@e33a24b]" classname="org.springframework.web.socket.messaging.StompWebSocketIntegrationTests" time="0.049"/>
  <testcase name="[1] server [org.springframework.web.socket.JettyWebSocketTestServer@39edc716], client [org.springframework.web.socket.client.jetty.JettyWebSocketClient@48739f9b]" classname="org.springframework.web.socket.messaging.StompWebSocketIntegrationTests" time="0.062"/>
  <testcase name="[2] server [org.springframework.web.socket.TomcatWebSocketTestServer@552d0ae8], client [org.springframework.web.socket.client.standard.StandardWebSocketClient@43c3e816]" classname="org.springframework.web.socket.messaging.StompWebSocketIntegrationTests" time="11.238"/>
  <testcase name="[3] server [org.springframework.web.socket.UndertowTestServer@294b684], client [org.springframework.web.socket.client.standard.StandardWebSocketClient@374eabf5]" classname="org.springframework.web.socket.messaging.StompWebSocketIntegrationTests" time="0.083"/>
  <system-out><![CDATA[17:48:20.237 [undertow-shutdown-1] ERROR o.x.listener - XNIO001007: A channel event listener threw an exception
java.util.concurrent.RejectedExecutionException: XNIO007007: Thread is terminating
	at org.xnio.nio.WorkerThread.execute(WorkerThread.java:620) ~[xnio-nio-3.8.0.Final.jar:3.8.0.Final]
	at io.undertow.websockets.jsr.UndertowSession$3.handleEvent(UndertowSession.java:396) ~[undertow-websockets-jsr-2.2.7.Final.jar:2.2.7.Final]
	at io.undertow.websockets.jsr.UndertowSession$3.handleEvent(UndertowSession.java:388) ~[undertow-websockets-jsr-2.2.7.Final.jar:2.2.7.Final]
	at org.xnio.ChannelListeners.invokeChannelListener(ChannelListeners.java:92) [xnio-api-3.8.0.Final.jar:3.8.0.Final]
	at io.undertow.server.protocol.framed.AbstractFramedChannel$FrameCloseListener.handleEvent(AbstractFramedChannel.java:1075) [undertow-core-2.2.7.Final.jar:2.2.7.Final]
	at io.undertow.server.protocol.framed.AbstractFramedChannel$FrameCloseListener$2.run(AbstractFramedChannel.java:1034) [undertow-core-2.2.7.Final.jar:2.2.7.Final]
	at io.undertow.server.protocol.framed.AbstractFramedChannel$1.run(AbstractFramedChannel.java:144) [undertow-core-2.2.7.Final.jar:2.2.7.Final]
	at java.util.concurrent.ThreadPoolExecutor.runWorker(ThreadPoolExecutor.java:1149) [?:1.8.0_181]
	at java.util.concurrent.ThreadPoolExecutor$Worker.run(ThreadPoolExecutor.java:624) [?:1.8.0_181]
	at java.lang.Thread.run(Thread.java:748) [?:1.8.0_181]
17:48:31.576 [XNIO-12 I/O-7] ERROR o.x.listener - XNIO001007: A channel event listener threw an exception
java.lang.RuntimeException: java.util.concurrent.RejectedExecutionException: XNIO007007: Thread is terminating
	at io.undertow.websockets.jsr.ServerWebSocketContainer.invokeEndpointMethod(ServerWebSocketContainer.java:612) ~[undertow-websockets-jsr-2.2.7.Final.jar:2.2.7.Final]
	at io.undertow.websockets.jsr.ServerWebSocketContainer.invokeEndpointMethod(ServerWebSocketContainer.java:600) ~[undertow-websockets-jsr-2.2.7.Final.jar:2.2.7.Final]
	at io.undertow.websockets.jsr.FrameHandler.onFullCloseMessage(FrameHandler.java:100) ~[undertow-websockets-jsr-2.2.7.Final.jar:2.2.7.Final]
	at io.undertow.websockets.core.AbstractReceiveListener$1.complete(AbstractReceiveListener.java:136) ~[undertow-core-2.2.7.Final.jar:2.2.7.Final]
	at io.undertow.websockets.core.AbstractReceiveListener$1.complete(AbstractReceiveListener.java:124) ~[undertow-core-2.2.7.Final.jar:2.2.7.Final]
	at io.undertow.websockets.core.BufferedBinaryMessage.read(BufferedBinaryMessage.java:95) ~[undertow-core-2.2.7.Final.jar:2.2.7.Final]
	at io.undertow.websockets.core.AbstractReceiveListener.readBufferedBinary(AbstractReceiveListener.java:124) ~[undertow-core-2.2.7.Final.jar:2.2.7.Final]
	at io.undertow.websockets.core.AbstractReceiveListener.bufferFullMessage(AbstractReceiveListener.java:98) ~[undertow-core-2.2.7.Final.jar:2.2.7.Final]
	at io.undertow.websockets.core.AbstractReceiveListener.onClose(AbstractReceiveListener.java:62) ~[undertow-core-2.2.7.Final.jar:2.2.7.Final]
	at io.undertow.websockets.core.AbstractReceiveListener.handleEvent(AbstractReceiveListener.java:50) ~[undertow-core-2.2.7.Final.jar:2.2.7.Final]
	at io.undertow.websockets.core.AbstractReceiveListener.handleEvent(AbstractReceiveListener.java:33) ~[undertow-core-2.2.7.Final.jar:2.2.7.Final]
	at org.xnio.ChannelListeners.invokeChannelListener(ChannelListeners.java:92) [xnio-api-3.8.0.Final.jar:3.8.0.Final]
	at io.undertow.server.protocol.framed.AbstractFramedChannel$FrameReadListener.handleEvent(AbstractFramedChannel.java:952) [undertow-core-2.2.7.Final.jar:2.2.7.Final]
	at io.undertow.server.protocol.framed.AbstractFramedChannel$FrameReadListener.handleEvent(AbstractFramedChannel.java:932) [undertow-core-2.2.7.Final.jar:2.2.7.Final]
	at org.xnio.ChannelListeners.invokeChannelListener(ChannelListeners.java:92) [xnio-api-3.8.0.Final.jar:3.8.0.Final]
	at org.xnio.conduits.ReadReadyHandler$ChannelListenerHandler.readReady(ReadReadyHandler.java:66) [xnio-api-3.8.0.Final.jar:3.8.0.Final]
	at org.xnio.nio.NioSocketConduit.handleReady(NioSocketConduit.java:89) [xnio-nio-3.8.0.Final.jar:3.8.0.Final]
	at org.xnio.nio.WorkerThread.run(WorkerThread.java:591) [xnio-nio-3.8.0.Final.jar:3.8.0.Final]
Caused by: java.util.concurrent.RejectedExecutionException: XNIO007007: Thread is terminating
	at org.xnio.nio.WorkerThread.execute(WorkerThread.java:620) ~[xnio-nio-3.8.0.Final.jar:3.8.0.Final]
	at io.undertow.websockets.jsr.UndertowSession.close0(UndertowSession.java:361) ~[undertow-websockets-jsr-2.2.7.Final.jar:2.2.7.Final]
	at io.undertow.websockets.jsr.UndertowSession.closeInternal(UndertowSession.java:241) ~[undertow-websockets-jsr-2.2.7.Final.jar:2.2.7.Final]
	at io.undertow.websockets.jsr.FrameHandler$1.run(FrameHandler.java:107) ~[undertow-websockets-jsr-2.2.7.Final.jar:2.2.7.Final]
	at io.undertow.websockets.jsr.ServerWebSocketContainer$1.call(ServerWebSocketContainer.java:170) ~[undertow-websockets-jsr-2.2.7.Final.jar:2.2.7.Final]
	at io.undertow.websockets.jsr.ServerWebSocketContainer$1.call(ServerWebSocketContainer.java:167) ~[undertow-websockets-jsr-2.2.7.Final.jar:2.2.7.Final]
	at io.undertow.servlet.core.ContextClassLoaderSetupAction$1.call(ContextClassLoaderSetupAction.java:43) ~[undertow-servlet-2.2.7.Final.jar:2.2.7.Final]
	at io.undertow.websockets.jsr.ServerWebSocketContainer.invokeEndpointMethod(ServerWebSocketContainer.java:610) ~[undertow-websockets-jsr-2.2.7.Final.jar:2.2.7.Final]
	... 17 more
17:48:31.576 [XNIO-12 I/O-7] ERROR o.x.listener - XNIO001007: A channel event listener threw an exception
java.util.concurrent.RejectedExecutionException: XNIO007007: Thread is terminating
	at org.xnio.nio.WorkerThread.execute(WorkerThread.java:620) ~[xnio-nio-3.8.0.Final.jar:3.8.0.Final]
	at io.undertow.websockets.jsr.UndertowSession$3.handleEvent(UndertowSession.java:396) ~[undertow-websockets-jsr-2.2.7.Final.jar:2.2.7.Final]
	at io.undertow.websockets.jsr.UndertowSession$3.handleEvent(UndertowSession.java:388) ~[undertow-websockets-jsr-2.2.7.Final.jar:2.2.7.Final]
	at org.xnio.ChannelListeners.invokeChannelListener(ChannelListeners.java:92) [xnio-api-3.8.0.Final.jar:3.8.0.Final]
	at io.undertow.server.protocol.framed.AbstractFramedChannel$FrameCloseListener.handleEvent(AbstractFramedChannel.java:1075) [undertow-core-2.2.7.Final.jar:2.2.7.Final]
	at io.undertow.server.protocol.framed.AbstractFramedChannel$FrameCloseListener.handleEvent(AbstractFramedChannel.java:990) [undertow-core-2.2.7.Final.jar:2.2.7.Final]
	at org.xnio.ChannelListeners.invokeChannelListener(ChannelListeners.java:92) [xnio-api-3.8.0.Final.jar:3.8.0.Final]
	at org.xnio.conduits.ReadReadyHandler$ChannelListenerHandler.terminated(ReadReadyHandler.java:71) [xnio-api-3.8.0.Final.jar:3.8.0.Final]
	at org.xnio.nio.NioSocketConduit.readTerminated(NioSocketConduit.java:332) [xnio-nio-3.8.0.Final.jar:3.8.0.Final]
	at org.xnio.nio.NioSocketConduit.terminateReads(NioSocketConduit.java:325) [xnio-nio-3.8.0.Final.jar:3.8.0.Final]
	at io.undertow.conduits.IdleTimeoutConduit.terminateReads(IdleTimeoutConduit.java:236) [undertow-core-2.2.7.Final.jar:2.2.7.Final]
	at org.xnio.conduits.ConduitStreamSourceChannel.close(ConduitStreamSourceChannel.java:168) [xnio-api-3.8.0.Final.jar:3.8.0.Final]
	at org.xnio.IoUtils.safeClose(IoUtils.java:152) [xnio-api-3.8.0.Final.jar:3.8.0.Final]
	at org.xnio.conduits.ReadReadyHandler$ChannelListenerHandler.forceTermination(ReadReadyHandler.java:58) [xnio-api-3.8.0.Final.jar:3.8.0.Final]
	at org.xnio.nio.NioSocketConduit.forceTermination(NioSocketConduit.java:106) [xnio-nio-3.8.0.Final.jar:3.8.0.Final]
	at org.xnio.nio.WorkerThread.run(WorkerThread.java:507) [xnio-nio-3.8.0.Final.jar:3.8.0.Final]
17:48:42.871 [XNIO-14 I/O-11] ERROR o.x.listener - XNIO001007: A channel event listener threw an exception
java.lang.RuntimeException: java.util.concurrent.RejectedExecutionException: XNIO007007: Thread is terminating
	at io.undertow.websockets.jsr.ServerWebSocketContainer.invokeEndpointMethod(ServerWebSocketContainer.java:612) ~[undertow-websockets-jsr-2.2.7.Final.jar:2.2.7.Final]
	at io.undertow.websockets.jsr.ServerWebSocketContainer.invokeEndpointMethod(ServerWebSocketContainer.java:600) ~[undertow-websockets-jsr-2.2.7.Final.jar:2.2.7.Final]
	at io.undertow.websockets.jsr.FrameHandler.onFullCloseMessage(FrameHandler.java:100) ~[undertow-websockets-jsr-2.2.7.Final.jar:2.2.7.Final]
	at io.undertow.websockets.core.AbstractReceiveListener$1.complete(AbstractReceiveListener.java:136) ~[undertow-core-2.2.7.Final.jar:2.2.7.Final]
	at io.undertow.websockets.core.AbstractReceiveListener$1.complete(AbstractReceiveListener.java:124) ~[undertow-core-2.2.7.Final.jar:2.2.7.Final]
	at io.undertow.websockets.core.BufferedBinaryMessage.read(BufferedBinaryMessage.java:95) ~[undertow-core-2.2.7.Final.jar:2.2.7.Final]
	at io.undertow.websockets.core.AbstractReceiveListener.readBufferedBinary(AbstractReceiveListener.java:124) ~[undertow-core-2.2.7.Final.jar:2.2.7.Final]
	at io.undertow.websockets.core.AbstractReceiveListener.bufferFullMessage(AbstractReceiveListener.java:98) ~[undertow-core-2.2.7.Final.jar:2.2.7.Final]
	at io.undertow.websockets.core.AbstractReceiveListener.onClose(AbstractReceiveListener.java:62) ~[undertow-core-2.2.7.Final.jar:2.2.7.Final]
	at io.undertow.websockets.core.AbstractReceiveListener.handleEvent(AbstractReceiveListener.java:50) ~[undertow-core-2.2.7.Final.jar:2.2.7.Final]
	at io.undertow.websockets.core.AbstractReceiveListener.handleEvent(AbstractReceiveListener.java:33) ~[undertow-core-2.2.7.Final.jar:2.2.7.Final]
	at org.xnio.ChannelListeners.invokeChannelListener(ChannelListeners.java:92) [xnio-api-3.8.0.Final.jar:3.8.0.Final]
	at io.undertow.server.protocol.framed.AbstractFramedChannel$FrameReadListener.handleEvent(AbstractFramedChannel.java:952) [undertow-core-2.2.7.Final.jar:2.2.7.Final]
	at io.undertow.server.protocol.framed.AbstractFramedChannel$FrameReadListener.handleEvent(AbstractFramedChannel.java:932) [undertow-core-2.2.7.Final.jar:2.2.7.Final]
	at org.xnio.ChannelListeners.invokeChannelListener(ChannelListeners.java:92) [xnio-api-3.8.0.Final.jar:3.8.0.Final]
	at org.xnio.conduits.ReadReadyHandler$ChannelListenerHandler.readReady(ReadReadyHandler.java:66) [xnio-api-3.8.0.Final.jar:3.8.0.Final]
	at org.xnio.nio.NioSocketConduit.handleReady(NioSocketConduit.java:89) [xnio-nio-3.8.0.Final.jar:3.8.0.Final]
	at org.xnio.nio.WorkerThread.run(WorkerThread.java:591) [xnio-nio-3.8.0.Final.jar:3.8.0.Final]
Caused by: java.util.concurrent.RejectedExecutionException: XNIO007007: Thread is terminating
	at org.xnio.nio.WorkerThread.execute(WorkerThread.java:620) ~[xnio-nio-3.8.0.Final.jar:3.8.0.Final]
	at io.undertow.websockets.jsr.UndertowSession.close0(UndertowSession.java:361) ~[undertow-websockets-jsr-2.2.7.Final.jar:2.2.7.Final]
	at io.undertow.websockets.jsr.UndertowSession.closeInternal(UndertowSession.java:241) ~[undertow-websockets-jsr-2.2.7.Final.jar:2.2.7.Final]
	at io.undertow.websockets.jsr.FrameHandler$1.run(FrameHandler.java:107) ~[undertow-websockets-jsr-2.2.7.Final.jar:2.2.7.Final]
	at io.undertow.websockets.jsr.ServerWebSocketContainer$1.call(ServerWebSocketContainer.java:170) ~[undertow-websockets-jsr-2.2.7.Final.jar:2.2.7.Final]
	at io.undertow.websockets.jsr.ServerWebSocketContainer$1.call(ServerWebSocketContainer.java:167) ~[undertow-websockets-jsr-2.2.7.Final.jar:2.2.7.Final]
	at io.undertow.servlet.core.ContextClassLoaderSetupAction$1.call(ContextClassLoaderSetupAction.java:43) ~[undertow-servlet-2.2.7.Final.jar:2.2.7.Final]
	at io.undertow.websockets.jsr.ServerWebSocketContainer.invokeEndpointMethod(ServerWebSocketContainer.java:610) ~[undertow-websockets-jsr-2.2.7.Final.jar:2.2.7.Final]
	... 17 more
17:48:42.872 [XNIO-14 I/O-11] ERROR o.x.listener - XNIO001007: A channel event listener threw an exception
java.util.concurrent.RejectedExecutionException: XNIO007007: Thread is terminating
	at org.xnio.nio.WorkerThread.execute(WorkerThread.java:620) ~[xnio-nio-3.8.0.Final.jar:3.8.0.Final]
	at io.undertow.websockets.jsr.UndertowSession$3.handleEvent(UndertowSession.java:396) ~[undertow-websockets-jsr-2.2.7.Final.jar:2.2.7.Final]
	at io.undertow.websockets.jsr.UndertowSession$3.handleEvent(UndertowSession.java:388) ~[undertow-websockets-jsr-2.2.7.Final.jar:2.2.7.Final]
	at org.xnio.ChannelListeners.invokeChannelListener(ChannelListeners.java:92) [xnio-api-3.8.0.Final.jar:3.8.0.Final]
	at io.undertow.server.protocol.framed.AbstractFramedChannel$FrameCloseListener.handleEvent(AbstractFramedChannel.java:1075) [undertow-core-2.2.7.Final.jar:2.2.7.Final]
	at io.undertow.server.protocol.framed.AbstractFramedChannel$FrameCloseListener.handleEvent(AbstractFramedChannel.java:990) [undertow-core-2.2.7.Final.jar:2.2.7.Final]
	at org.xnio.ChannelListeners.invokeChannelListener(ChannelListeners.java:92) [xnio-api-3.8.0.Final.jar:3.8.0.Final]
	at org.xnio.conduits.ReadReadyHandler$ChannelListenerHandler.terminated(ReadReadyHandler.java:71) [xnio-api-3.8.0.Final.jar:3.8.0.Final]
	at org.xnio.nio.NioSocketConduit.readTerminated(NioSocketConduit.java:332) [xnio-nio-3.8.0.Final.jar:3.8.0.Final]
	at org.xnio.nio.NioSocketConduit.terminateReads(NioSocketConduit.java:325) [xnio-nio-3.8.0.Final.jar:3.8.0.Final]
	at io.undertow.conduits.IdleTimeoutConduit.terminateReads(IdleTimeoutConduit.java:236) [undertow-core-2.2.7.Final.jar:2.2.7.Final]
	at org.xnio.conduits.ConduitStreamSourceChannel.close(ConduitStreamSourceChannel.java:168) [xnio-api-3.8.0.Final.jar:3.8.0.Final]
	at org.xnio.IoUtils.safeClose(IoUtils.java:152) [xnio-api-3.8.0.Final.jar:3.8.0.Final]
	at org.xnio.conduits.ReadReadyHandler$ChannelListenerHandler.forceTermination(ReadReadyHandler.java:58) [xnio-api-3.8.0.Final.jar:3.8.0.Final]
	at org.xnio.nio.NioSocketConduit.forceTermination(NioSocketConduit.java:106) [xnio-nio-3.8.0.Final.jar:3.8.0.Final]
	at org.xnio.nio.WorkerThread.run(WorkerThread.java:507) [xnio-nio-3.8.0.Final.jar:3.8.0.Final]
17:48:54.302 [XNIO-16 I/O-7] ERROR o.x.listener - XNIO001007: A channel event listener threw an exception
java.lang.RuntimeException: java.util.concurrent.RejectedExecutionException: XNIO007007: Thread is terminating
	at io.undertow.websockets.jsr.ServerWebSocketContainer.invokeEndpointMethod(ServerWebSocketContainer.java:612) ~[undertow-websockets-jsr-2.2.7.Final.jar:2.2.7.Final]
	at io.undertow.websockets.jsr.ServerWebSocketContainer.invokeEndpointMethod(ServerWebSocketContainer.java:600) ~[undertow-websockets-jsr-2.2.7.Final.jar:2.2.7.Final]
	at io.undertow.websockets.jsr.FrameHandler.onFullCloseMessage(FrameHandler.java:100) ~[undertow-websockets-jsr-2.2.7.Final.jar:2.2.7.Final]
	at io.undertow.websockets.core.AbstractReceiveListener$1.complete(AbstractReceiveListener.java:136) ~[undertow-core-2.2.7.Final.jar:2.2.7.Final]
	at io.undertow.websockets.core.AbstractReceiveListener$1.complete(AbstractReceiveListener.java:124) ~[undertow-core-2.2.7.Final.jar:2.2.7.Final]
	at io.undertow.websockets.core.BufferedBinaryMessage.read(BufferedBinaryMessage.java:95) ~[undertow-core-2.2.7.Final.jar:2.2.7.Final]
	at io.undertow.websockets.core.AbstractReceiveListener.readBufferedBinary(AbstractReceiveListener.java:124) ~[undertow-core-2.2.7.Final.jar:2.2.7.Final]
	at io.undertow.websockets.core.AbstractReceiveListener.bufferFullMessage(AbstractReceiveListener.java:98) ~[undertow-core-2.2.7.Final.jar:2.2.7.Final]
	at io.undertow.websockets.core.AbstractReceiveListener.onClose(AbstractReceiveListener.java:62) ~[undertow-core-2.2.7.Final.jar:2.2.7.Final]
	at io.undertow.websockets.core.AbstractReceiveListener.handleEvent(AbstractReceiveListener.java:50) ~[undertow-core-2.2.7.Final.jar:2.2.7.Final]
	at io.undertow.websockets.core.AbstractReceiveListener.handleEvent(AbstractReceiveListener.java:33) ~[undertow-core-2.2.7.Final.jar:2.2.7.Final]
	at org.xnio.ChannelListeners.invokeChannelListener(ChannelListeners.java:92) [xnio-api-3.8.0.Final.jar:3.8.0.Final]
	at io.undertow.server.protocol.framed.AbstractFramedChannel$FrameReadListener.handleEvent(AbstractFramedChannel.java:952) [undertow-core-2.2.7.Final.jar:2.2.7.Final]
	at io.undertow.server.protocol.framed.AbstractFramedChannel$FrameReadListener.handleEvent(AbstractFramedChannel.java:932) [undertow-core-2.2.7.Final.jar:2.2.7.Final]
	at org.xnio.ChannelListeners.invokeChannelListener(ChannelListeners.java:92) [xnio-api-3.8.0.Final.jar:3.8.0.Final]
	at org.xnio.conduits.ReadReadyHandler$ChannelListenerHandler.readReady(ReadReadyHandler.java:66) [xnio-api-3.8.0.Final.jar:3.8.0.Final]
	at org.xnio.nio.NioSocketConduit.handleReady(NioSocketConduit.java:89) [xnio-nio-3.8.0.Final.jar:3.8.0.Final]
	at org.xnio.nio.WorkerThread.run(WorkerThread.java:591) [xnio-nio-3.8.0.Final.jar:3.8.0.Final]
Caused by: java.util.concurrent.RejectedExecutionException: XNIO007007: Thread is terminating
	at org.xnio.nio.WorkerThread.execute(WorkerThread.java:620) ~[xnio-nio-3.8.0.Final.jar:3.8.0.Final]
	at io.undertow.websockets.jsr.UndertowSession.close0(UndertowSession.java:361) ~[undertow-websockets-jsr-2.2.7.Final.jar:2.2.7.Final]
	at io.undertow.websockets.jsr.UndertowSession.closeInternal(UndertowSession.java:241) ~[undertow-websockets-jsr-2.2.7.Final.jar:2.2.7.Final]
	at io.undertow.websockets.jsr.FrameHandler$1.run(FrameHandler.java:107) ~[undertow-websockets-jsr-2.2.7.Final.jar:2.2.7.Final]
	at io.undertow.websockets.jsr.ServerWebSocketContainer$1.call(ServerWebSocketContainer.java:170) ~[undertow-websockets-jsr-2.2.7.Final.jar:2.2.7.Final]
	at io.undertow.websockets.jsr.ServerWebSocketContainer$1.call(ServerWebSocketContainer.java:167) ~[undertow-websockets-jsr-2.2.7.Final.jar:2.2.7.Final]
	at io.undertow.servlet.core.ContextClassLoaderSetupAction$1.call(ContextClassLoaderSetupAction.java:43) ~[undertow-servlet-2.2.7.Final.jar:2.2.7.Final]
	at io.undertow.websockets.jsr.ServerWebSocketContainer.invokeEndpointMethod(ServerWebSocketContainer.java:610) ~[undertow-websockets-jsr-2.2.7.Final.jar:2.2.7.Final]
	... 17 more
17:48:54.302 [XNIO-16 I/O-7] ERROR o.x.listener - XNIO001007: A channel event listener threw an exception
java.util.concurrent.RejectedExecutionException: XNIO007007: Thread is terminating
	at org.xnio.nio.WorkerThread.execute(WorkerThread.java:620) ~[xnio-nio-3.8.0.Final.jar:3.8.0.Final]
	at io.undertow.websockets.jsr.UndertowSession$3.handleEvent(UndertowSession.java:396) ~[undertow-websockets-jsr-2.2.7.Final.jar:2.2.7.Final]
	at io.undertow.websockets.jsr.UndertowSession$3.handleEvent(UndertowSession.java:388) ~[undertow-websockets-jsr-2.2.7.Final.jar:2.2.7.Final]
	at org.xnio.ChannelListeners.invokeChannelListener(ChannelListeners.java:92) [xnio-api-3.8.0.Final.jar:3.8.0.Final]
	at io.undertow.server.protocol.framed.AbstractFramedChannel$FrameCloseListener.handleEvent(AbstractFramedChannel.java:1075) [undertow-core-2.2.7.Final.jar:2.2.7.Final]
	at io.undertow.server.protocol.framed.AbstractFramedChannel$FrameCloseListener.handleEvent(AbstractFramedChannel.java:990) [undertow-core-2.2.7.Final.jar:2.2.7.Final]
	at org.xnio.ChannelListeners.invokeChannelListener(ChannelListeners.java:92) [xnio-api-3.8.0.Final.jar:3.8.0.Final]
	at org.xnio.conduits.ReadReadyHandler$ChannelListenerHandler.terminated(ReadReadyHandler.java:71) [xnio-api-3.8.0.Final.jar:3.8.0.Final]
	at org.xnio.nio.NioSocketConduit.readTerminated(NioSocketConduit.java:332) [xnio-nio-3.8.0.Final.jar:3.8.0.Final]
	at org.xnio.nio.NioSocketConduit.terminateReads(NioSocketConduit.java:325) [xnio-nio-3.8.0.Final.jar:3.8.0.Final]
	at io.undertow.conduits.IdleTimeoutConduit.terminateReads(IdleTimeoutConduit.java:236) [undertow-core-2.2.7.Final.jar:2.2.7.Final]
	at org.xnio.conduits.ConduitStreamSourceChannel.close(ConduitStreamSourceChannel.java:168) [xnio-api-3.8.0.Final.jar:3.8.0.Final]
	at org.xnio.IoUtils.safeClose(IoUtils.java:152) [xnio-api-3.8.0.Final.jar:3.8.0.Final]
	at org.xnio.conduits.ReadReadyHandler$ChannelListenerHandler.forceTermination(ReadReadyHandler.java:58) [xnio-api-3.8.0.Final.jar:3.8.0.Final]
	at org.xnio.nio.NioSocketConduit.forceTermination(NioSocketConduit.java:106) [xnio-nio-3.8.0.Final.jar:3.8.0.Final]
	at org.xnio.nio.WorkerThread.run(WorkerThread.java:507) [xnio-nio-3.8.0.Final.jar:3.8.0.Final]
17:49:05.634 [XNIO-18 I/O-16] ERROR o.x.listener - XNIO001007: A channel event listener threw an exception
java.util.concurrent.RejectedExecutionException: XNIO007007: Thread is terminating
	at org.xnio.nio.WorkerThread.execute(WorkerThread.java:620) ~[xnio-nio-3.8.0.Final.jar:3.8.0.Final]
	at io.undertow.websockets.jsr.UndertowSession$3.handleEvent(UndertowSession.java:396) ~[undertow-websockets-jsr-2.2.7.Final.jar:2.2.7.Final]
	at io.undertow.websockets.jsr.UndertowSession$3.handleEvent(UndertowSession.java:388) ~[undertow-websockets-jsr-2.2.7.Final.jar:2.2.7.Final]
	at org.xnio.ChannelListeners.invokeChannelListener(ChannelListeners.java:92) [xnio-api-3.8.0.Final.jar:3.8.0.Final]
	at io.undertow.server.protocol.framed.AbstractFramedChannel$FrameCloseListener.handleEvent(AbstractFramedChannel.java:1075) [undertow-core-2.2.7.Final.jar:2.2.7.Final]
	at io.undertow.server.protocol.framed.AbstractFramedChannel$FrameCloseListener.handleEvent(AbstractFramedChannel.java:990) [undertow-core-2.2.7.Final.jar:2.2.7.Final]
	at org.xnio.ChannelListeners.invokeChannelListener(ChannelListeners.java:92) [xnio-api-3.8.0.Final.jar:3.8.0.Final]
	at org.xnio.conduits.ReadReadyHandler$ChannelListenerHandler.terminated(ReadReadyHandler.java:71) [xnio-api-3.8.0.Final.jar:3.8.0.Final]
	at org.xnio.nio.NioSocketConduit.readTerminated(NioSocketConduit.java:332) [xnio-nio-3.8.0.Final.jar:3.8.0.Final]
	at org.xnio.nio.NioSocketConduit.terminateReads(NioSocketConduit.java:325) [xnio-nio-3.8.0.Final.jar:3.8.0.Final]
	at io.undertow.conduits.IdleTimeoutConduit.terminateReads(IdleTimeoutConduit.java:236) [undertow-core-2.2.7.Final.jar:2.2.7.Final]
	at org.xnio.conduits.ConduitStreamSourceChannel.close(ConduitStreamSourceChannel.java:168) [xnio-api-3.8.0.Final.jar:3.8.0.Final]
	at org.xnio.IoUtils.safeClose(IoUtils.java:152) [xnio-api-3.8.0.Final.jar:3.8.0.Final]
	at org.xnio.conduits.ReadReadyHandler$ChannelListenerHandler.forceTermination(ReadReadyHandler.java:58) [xnio-api-3.8.0.Final.jar:3.8.0.Final]
	at org.xnio.nio.NioSocketConduit.forceTermination(NioSocketConduit.java:106) [xnio-nio-3.8.0.Final.jar:3.8.0.Final]
	at org.xnio.nio.WorkerThread.run(WorkerThread.java:507) [xnio-nio-3.8.0.Final.jar:3.8.0.Final]
17:49:17.020 [XNIO-20 I/O-9] ERROR o.x.listener - XNIO001007: A channel event listener threw an exception
java.lang.RuntimeException: java.util.concurrent.RejectedExecutionException: XNIO007007: Thread is terminating
	at io.undertow.websockets.jsr.ServerWebSocketContainer.invokeEndpointMethod(ServerWebSocketContainer.java:612) ~[undertow-websockets-jsr-2.2.7.Final.jar:2.2.7.Final]
	at io.undertow.websockets.jsr.ServerWebSocketContainer.invokeEndpointMethod(ServerWebSocketContainer.java:600) ~[undertow-websockets-jsr-2.2.7.Final.jar:2.2.7.Final]
	at io.undertow.websockets.jsr.FrameHandler.onFullCloseMessage(FrameHandler.java:100) ~[undertow-websockets-jsr-2.2.7.Final.jar:2.2.7.Final]
	at io.undertow.websockets.core.AbstractReceiveListener$1.complete(AbstractReceiveListener.java:136) ~[undertow-core-2.2.7.Final.jar:2.2.7.Final]
	at io.undertow.websockets.core.AbstractReceiveListener$1.complete(AbstractReceiveListener.java:124) ~[undertow-core-2.2.7.Final.jar:2.2.7.Final]
	at io.undertow.websockets.core.BufferedBinaryMessage.read(BufferedBinaryMessage.java:95) ~[undertow-core-2.2.7.Final.jar:2.2.7.Final]
	at io.undertow.websockets.core.AbstractReceiveListener.readBufferedBinary(AbstractReceiveListener.java:124) ~[undertow-core-2.2.7.Final.jar:2.2.7.Final]
	at io.undertow.websockets.core.AbstractReceiveListener.bufferFullMessage(AbstractReceiveListener.java:98) ~[undertow-core-2.2.7.Final.jar:2.2.7.Final]
	at io.undertow.websockets.core.AbstractReceiveListener.onClose(AbstractReceiveListener.java:62) ~[undertow-core-2.2.7.Final.jar:2.2.7.Final]
	at io.undertow.websockets.core.AbstractReceiveListener.handleEvent(AbstractReceiveListener.java:50) ~[undertow-core-2.2.7.Final.jar:2.2.7.Final]
	at io.undertow.websockets.core.AbstractReceiveListener.handleEvent(AbstractReceiveListener.java:33) ~[undertow-core-2.2.7.Final.jar:2.2.7.Final]
	at org.xnio.ChannelListeners.invokeChannelListener(ChannelListeners.java:92) [xnio-api-3.8.0.Final.jar:3.8.0.Final]
	at io.undertow.server.protocol.framed.AbstractFramedChannel$FrameReadListener.handleEvent(AbstractFramedChannel.java:952) [undertow-core-2.2.7.Final.jar:2.2.7.Final]
	at io.undertow.server.protocol.framed.AbstractFramedChannel$FrameReadListener.handleEvent(AbstractFramedChannel.java:932) [undertow-core-2.2.7.Final.jar:2.2.7.Final]
	at org.xnio.ChannelListeners.invokeChannelListener(ChannelListeners.java:92) [xnio-api-3.8.0.Final.jar:3.8.0.Final]
	at org.xnio.conduits.ReadReadyHandler$ChannelListenerHandler.readReady(ReadReadyHandler.java:66) [xnio-api-3.8.0.Final.jar:3.8.0.Final]
	at org.xnio.nio.NioSocketConduit.handleReady(NioSocketConduit.java:89) [xnio-nio-3.8.0.Final.jar:3.8.0.Final]
	at org.xnio.nio.WorkerThread.run(WorkerThread.java:591) [xnio-nio-3.8.0.Final.jar:3.8.0.Final]
Caused by: java.util.concurrent.RejectedExecutionException: XNIO007007: Thread is terminating
	at org.xnio.nio.WorkerThread.execute(WorkerThread.java:620) ~[xnio-nio-3.8.0.Final.jar:3.8.0.Final]
	at io.undertow.websockets.jsr.UndertowSession.close0(UndertowSession.java:361) ~[undertow-websockets-jsr-2.2.7.Final.jar:2.2.7.Final]
	at io.undertow.websockets.jsr.UndertowSession.closeInternal(UndertowSession.java:241) ~[undertow-websockets-jsr-2.2.7.Final.jar:2.2.7.Final]
	at io.undertow.websockets.jsr.FrameHandler$1.run(FrameHandler.java:107) ~[undertow-websockets-jsr-2.2.7.Final.jar:2.2.7.Final]
	at io.undertow.websockets.jsr.ServerWebSocketContainer$1.call(ServerWebSocketContainer.java:170) ~[undertow-websockets-jsr-2.2.7.Final.jar:2.2.7.Final]
	at io.undertow.websockets.jsr.ServerWebSocketContainer$1.call(ServerWebSocketContainer.java:167) ~[undertow-websockets-jsr-2.2.7.Final.jar:2.2.7.Final]
	at io.undertow.servlet.core.ContextClassLoaderSetupAction$1.call(ContextClassLoaderSetupAction.java:43) ~[undertow-servlet-2.2.7.Final.jar:2.2.7.Final]
	at io.undertow.websockets.jsr.ServerWebSocketContainer.invokeEndpointMethod(ServerWebSocketContainer.java:610) ~[undertow-websockets-jsr-2.2.7.Final.jar:2.2.7.Final]
	... 17 more
17:49:17.020 [XNIO-20 I/O-9] ERROR o.x.listener - XNIO001007: A channel event listener threw an exception
java.util.concurrent.RejectedExecutionException: XNIO007007: Thread is terminating
	at org.xnio.nio.WorkerThread.execute(WorkerThread.java:620) ~[xnio-nio-3.8.0.Final.jar:3.8.0.Final]
	at io.undertow.websockets.jsr.UndertowSession$3.handleEvent(UndertowSession.java:396) ~[undertow-websockets-jsr-2.2.7.Final.jar:2.2.7.Final]
	at io.undertow.websockets.jsr.UndertowSession$3.handleEvent(UndertowSession.java:388) ~[undertow-websockets-jsr-2.2.7.Final.jar:2.2.7.Final]
	at org.xnio.ChannelListeners.invokeChannelListener(ChannelListeners.java:92) [xnio-api-3.8.0.Final.jar:3.8.0.Final]
	at io.undertow.server.protocol.framed.AbstractFramedChannel$FrameCloseListener.handleEvent(AbstractFramedChannel.java:1075) [undertow-core-2.2.7.Final.jar:2.2.7.Final]
	at io.undertow.server.protocol.framed.AbstractFramedChannel$FrameCloseListener.handleEvent(AbstractFramedChannel.java:990) [undertow-core-2.2.7.Final.jar:2.2.7.Final]
	at org.xnio.ChannelListeners.invokeChannelListener(ChannelListeners.java:92) [xnio-api-3.8.0.Final.jar:3.8.0.Final]
	at org.xnio.conduits.ReadReadyHandler$ChannelListenerHandler.terminated(ReadReadyHandler.java:71) [xnio-api-3.8.0.Final.jar:3.8.0.Final]
	at org.xnio.nio.NioSocketConduit.readTerminated(NioSocketConduit.java:332) [xnio-nio-3.8.0.Final.jar:3.8.0.Final]
	at org.xnio.nio.NioSocketConduit.terminateReads(NioSocketConduit.java:325) [xnio-nio-3.8.0.Final.jar:3.8.0.Final]
	at io.undertow.conduits.IdleTimeoutConduit.terminateReads(IdleTimeoutConduit.java:236) [undertow-core-2.2.7.Final.jar:2.2.7.Final]
	at org.xnio.conduits.ConduitStreamSourceChannel.close(ConduitStreamSourceChannel.java:168) [xnio-api-3.8.0.Final.jar:3.8.0.Final]
	at org.xnio.IoUtils.safeClose(IoUtils.java:152) [xnio-api-3.8.0.Final.jar:3.8.0.Final]
	at org.xnio.conduits.ReadReadyHandler$ChannelListenerHandler.forceTermination(ReadReadyHandler.java:58) [xnio-api-3.8.0.Final.jar:3.8.0.Final]
	at org.xnio.nio.NioSocketConduit.forceTermination(NioSocketConduit.java:106) [xnio-nio-3.8.0.Final.jar:3.8.0.Final]
	at org.xnio.nio.WorkerThread.run(WorkerThread.java:507) [xnio-nio-3.8.0.Final.jar:3.8.0.Final]
]]></system-out>
  <system-err><![CDATA[May 01, 2021 5:48:08 PM org.apache.coyote.AbstractProtocol init
INFO: Initializing ProtocolHandler ["http-nio-auto-5"]
May 01, 2021 5:48:08 PM org.apache.catalina.core.StandardService startInternal
INFO: Starting service [Tomcat]
May 01, 2021 5:48:08 PM org.apache.catalina.core.StandardEngine startInternal
INFO: Starting Servlet engine: [Apache Tomcat/9.0.45]
May 01, 2021 5:48:08 PM org.apache.coyote.AbstractProtocol start
INFO: Starting ProtocolHandler ["http-nio-auto-5-51921"]
May 01, 2021 5:48:09 PM org.apache.catalina.core.ApplicationContext log
INFO: Initializing Spring DispatcherServlet 'dispatcherServlet'
May 01, 2021 5:48:09 PM org.apache.catalina.core.ApplicationContext log
INFO: Destroying Spring FrameworkServlet 'dispatcherServlet'
May 01, 2021 5:48:09 PM org.apache.coyote.AbstractProtocol pause
INFO: Pausing ProtocolHandler ["http-nio-auto-5-51921"]
May 01, 2021 5:48:10 PM org.apache.catalina.core.StandardService stopInternal
INFO: Stopping service [Tomcat]
May 01, 2021 5:48:10 PM org.apache.coyote.AbstractProtocol stop
INFO: Stopping ProtocolHandler ["http-nio-auto-5-51921"]
May 01, 2021 5:48:20 PM org.apache.tomcat.util.net.Acceptor stop
WARNING: The acceptor thread [http-nio-auto-5-Acceptor] did not stop cleanly
May 01, 2021 5:48:20 PM org.apache.coyote.AbstractProtocol init
INFO: Initializing ProtocolHandler ["http-nio-auto-6"]
May 01, 2021 5:48:20 PM org.apache.catalina.core.StandardService startInternal
INFO: Starting service [Tomcat]
May 01, 2021 5:48:20 PM org.apache.catalina.core.StandardEngine startInternal
INFO: Starting Servlet engine: [Apache Tomcat/9.0.45]
May 01, 2021 5:48:20 PM org.apache.coyote.AbstractProtocol start
INFO: Starting ProtocolHandler ["http-nio-auto-6-52002"]
May 01, 2021 5:48:20 PM org.apache.catalina.core.ApplicationContext log
INFO: Initializing Spring DispatcherServlet 'dispatcherServlet'
May 01, 2021 5:48:20 PM org.apache.catalina.core.ApplicationContext log
INFO: Destroying Spring FrameworkServlet 'dispatcherServlet'
May 01, 2021 5:48:20 PM org.apache.coyote.AbstractProtocol pause
INFO: Pausing ProtocolHandler ["http-nio-auto-6-52002"]
May 01, 2021 5:48:21 PM org.apache.catalina.core.StandardService stopInternal
INFO: Stopping service [Tomcat]
May 01, 2021 5:48:21 PM org.apache.coyote.AbstractProtocol stop
INFO: Stopping ProtocolHandler ["http-nio-auto-6-52002"]
May 01, 2021 5:48:31 PM org.apache.tomcat.util.net.Acceptor stop
WARNING: The acceptor thread [http-nio-auto-6-Acceptor] did not stop cleanly
May 01, 2021 5:48:31 PM org.apache.coyote.AbstractProtocol init
INFO: Initializing ProtocolHandler ["http-nio-auto-7"]
May 01, 2021 5:48:31 PM org.apache.catalina.core.StandardService startInternal
INFO: Starting service [Tomcat]
May 01, 2021 5:48:31 PM org.apache.catalina.core.StandardEngine startInternal
INFO: Starting Servlet engine: [Apache Tomcat/9.0.45]
May 01, 2021 5:48:31 PM org.apache.coyote.AbstractProtocol start
INFO: Starting ProtocolHandler ["http-nio-auto-7-52352"]
May 01, 2021 5:48:31 PM org.apache.catalina.core.ApplicationContext log
INFO: Initializing Spring DispatcherServlet 'dispatcherServlet'
May 01, 2021 5:48:31 PM org.apache.catalina.core.ApplicationContext log
INFO: Destroying Spring FrameworkServlet 'dispatcherServlet'
May 01, 2021 5:48:31 PM org.apache.coyote.AbstractProtocol pause
INFO: Pausing ProtocolHandler ["http-nio-auto-7-52352"]
May 01, 2021 5:48:32 PM org.apache.catalina.core.StandardService stopInternal
INFO: Stopping service [Tomcat]
May 01, 2021 5:48:32 PM org.apache.coyote.AbstractProtocol stop
INFO: Stopping ProtocolHandler ["http-nio-auto-7-52352"]
May 01, 2021 5:48:42 PM org.apache.tomcat.util.net.Acceptor stop
WARNING: The acceptor thread [http-nio-auto-7-Acceptor] did not stop cleanly
May 01, 2021 5:48:42 PM org.apache.coyote.AbstractProtocol init
INFO: Initializing ProtocolHandler ["http-nio-auto-8"]
May 01, 2021 5:48:42 PM org.apache.catalina.core.StandardService startInternal
INFO: Starting service [Tomcat]
May 01, 2021 5:48:42 PM org.apache.catalina.core.StandardEngine startInternal
INFO: Starting Servlet engine: [Apache Tomcat/9.0.45]
May 01, 2021 5:48:42 PM org.apache.coyote.AbstractProtocol start
INFO: Starting ProtocolHandler ["http-nio-auto-8-52456"]
May 01, 2021 5:48:42 PM org.apache.catalina.core.ApplicationContext log
INFO: Initializing Spring DispatcherServlet 'dispatcherServlet'
May 01, 2021 5:48:42 PM org.apache.catalina.core.ApplicationContext log
INFO: Destroying Spring FrameworkServlet 'dispatcherServlet'
May 01, 2021 5:48:42 PM org.apache.coyote.AbstractProtocol pause
INFO: Pausing ProtocolHandler ["http-nio-auto-8-52456"]
May 01, 2021 5:48:44 PM org.apache.catalina.core.StandardService stopInternal
INFO: Stopping service [Tomcat]
May 01, 2021 5:48:44 PM org.apache.coyote.AbstractProtocol stop
INFO: Stopping ProtocolHandler ["http-nio-auto-8-52456"]
May 01, 2021 5:48:54 PM org.apache.tomcat.util.net.Acceptor stop
WARNING: The acceptor thread [http-nio-auto-8-Acceptor] did not stop cleanly
May 01, 2021 5:48:54 PM org.apache.coyote.AbstractProtocol init
INFO: Initializing ProtocolHandler ["http-nio-auto-9"]
May 01, 2021 5:48:54 PM org.apache.catalina.core.StandardService startInternal
INFO: Starting service [Tomcat]
May 01, 2021 5:48:54 PM org.apache.catalina.core.StandardEngine startInternal
INFO: Starting Servlet engine: [Apache Tomcat/9.0.45]
May 01, 2021 5:48:54 PM org.apache.coyote.AbstractProtocol start
INFO: Starting ProtocolHandler ["http-nio-auto-9-52528"]
May 01, 2021 5:48:54 PM org.apache.catalina.core.ApplicationContext log
INFO: Initializing Spring DispatcherServlet 'dispatcherServlet'
May 01, 2021 5:48:54 PM org.apache.catalina.core.ApplicationContext log
INFO: Destroying Spring FrameworkServlet 'dispatcherServlet'
May 01, 2021 5:48:54 PM org.apache.coyote.AbstractProtocol pause
INFO: Pausing ProtocolHandler ["http-nio-auto-9-52528"]
May 01, 2021 5:48:55 PM org.apache.catalina.core.StandardService stopInternal
INFO: Stopping service [Tomcat]
May 01, 2021 5:48:55 PM org.apache.coyote.AbstractProtocol stop
INFO: Stopping ProtocolHandler ["http-nio-auto-9-52528"]
May 01, 2021 5:49:05 PM org.apache.tomcat.util.net.Acceptor stop
WARNING: The acceptor thread [http-nio-auto-9-Acceptor] did not stop cleanly
May 01, 2021 5:49:05 PM org.apache.coyote.AbstractProtocol init
INFO: Initializing ProtocolHandler ["http-nio-auto-10"]
May 01, 2021 5:49:05 PM org.apache.catalina.core.StandardService startInternal
INFO: Starting service [Tomcat]
May 01, 2021 5:49:05 PM org.apache.catalina.core.StandardEngine startInternal
INFO: Starting Servlet engine: [Apache Tomcat/9.0.45]
May 01, 2021 5:49:05 PM org.apache.coyote.AbstractProtocol start
INFO: Starting ProtocolHandler ["http-nio-auto-10-52740"]
May 01, 2021 5:49:05 PM org.apache.catalina.core.ApplicationContext log
INFO: Initializing Spring DispatcherServlet 'dispatcherServlet'
May 01, 2021 5:49:05 PM org.apache.catalina.core.ApplicationContext log
INFO: Destroying Spring FrameworkServlet 'dispatcherServlet'
May 01, 2021 5:49:05 PM org.apache.coyote.AbstractProtocol pause
INFO: Pausing ProtocolHandler ["http-nio-auto-10-52740"]
May 01, 2021 5:49:06 PM org.apache.catalina.core.StandardService stopInternal
INFO: Stopping service [Tomcat]
May 01, 2021 5:49:06 PM org.apache.coyote.AbstractProtocol stop
INFO: Stopping ProtocolHandler ["http-nio-auto-10-52740"]
May 01, 2021 5:49:16 PM org.apache.tomcat.util.net.Acceptor stop
WARNING: The acceptor thread [http-nio-auto-10-Acceptor] did not stop cleanly
]]></system-err>
</testsuite>
