<?xml version="1.0" encoding="UTF-8"?>
<testsuite name="org.springframework.web.socket.sockjs.client.JettySockJsIntegrationTests" tests="10" skipped="10" failures="0" errors="0" timestamp="2021-05-09T12:44:00" hostname="wangweilidembp" time="0.0">
  <properties/>
  <testcase name="echoXhr()" classname="org.springframework.web.socket.sockjs.client.JettySockJsIntegrationTests" time="0.0">
    <skipped/>
  </testcase>
  <testcase name="receiveOneMessageXhrStreaming()" classname="org.springframework.web.socket.sockjs.client.JettySockJsIntegrationTests" time="0.0">
    <skipped/>
  </testcase>
  <testcase name="fallbackAfterTransportFailure()" classname="org.springframework.web.socket.sockjs.client.JettySockJsIntegrationTests" time="0.0">
    <skipped/>
  </testcase>
  <testcase name="echoWebSocket()" classname="org.springframework.web.socket.sockjs.client.JettySockJsIntegrationTests" time="0.0">
    <skipped/>
  </testcase>
  <testcase name="receiveOneMessageXhr()" classname="org.springframework.web.socket.sockjs.client.JettySockJsIntegrationTests" time="0.0">
    <skipped/>
  </testcase>
  <testcase name="echoXhrWithHeaders()" classname="org.springframework.web.socket.sockjs.client.JettySockJsIntegrationTests" time="0.0">
    <skipped/>
  </testcase>
  <testcase name="receiveOneMessageWebSocket()" classname="org.springframework.web.socket.sockjs.client.JettySockJsIntegrationTests" time="0.0">
    <skipped/>
  </testcase>
  <testcase name="infoRequestFailure()" classname="org.springframework.web.socket.sockjs.client.JettySockJsIntegrationTests" time="0.0">
    <skipped/>
  </testcase>
  <testcase name="echoXhrStreaming()" classname="org.springframework.web.socket.sockjs.client.JettySockJsIntegrationTests" time="0.0">
    <skipped/>
  </testcase>
  <testcase name="fallbackAfterConnectTimeout()" classname="org.springframework.web.socket.sockjs.client.JettySockJsIntegrationTests" time="0.0">
    <skipped/>
  </testcase>
  <system-out><![CDATA[]]></system-out>
  <system-err><![CDATA[]]></system-err>
</testsuite>
