<?xml version="1.0" encoding="UTF-8"?>
<testsuite name="org.springframework.web.socket.handler.PerConnectionWebSocketHandlerTests" tests="1" skipped="0" failures="0" errors="0" timestamp="2021-04-26T07:40:00" hostname="wangweilideMacBook-Pro.local" time="0.008">
  <properties/>
  <testcase name="afterConnectionEstablished()" classname="org.springframework.web.socket.handler.PerConnectionWebSocketHandlerTests" time="0.008"/>
  <system-out><![CDATA[]]></system-out>
  <system-err><![CDATA[]]></system-err>
</testsuite>
