<?xml version="1.0" encoding="UTF-8"?>
<testsuite name="org.springframework.web.socket.client.jetty.JettyWebSocketClientTests" tests="2" skipped="0" failures="0" errors="0" timestamp="2021-04-26T07:42:17" hostname="wangweilideMacBook-Pro.local" time="0.027">
  <properties/>
  <testcase name="doHandshake()" classname="org.springframework.web.socket.client.jetty.JettyWebSocketClientTests" time="0.015"/>
  <testcase name="doHandshakeWithTaskExecutor()" classname="org.springframework.web.socket.client.jetty.JettyWebSocketClientTests" time="0.012"/>
  <system-out><![CDATA[]]></system-out>
  <system-err><![CDATA[]]></system-err>
</testsuite>
