<?xml version="1.0" encoding="UTF-8"?>
<testsuite name="org.springframework.web.socket.messaging.StompSubProtocolErrorHandlerTests" tests="2" skipped="0" failures="0" errors="0" timestamp="2021-05-01T09:49:29" hostname="wangweilideMBP.lan" time="0.0">
  <properties/>
  <testcase name="handleClientMessageProcessingError()" classname="org.springframework.web.socket.messaging.StompSubProtocolErrorHandlerTests" time="0.0"/>
  <testcase name="handleClientMessageProcessingErrorWithReceipt()" classname="org.springframework.web.socket.messaging.StompSubProtocolErrorHandlerTests" time="0.0"/>
  <system-out><![CDATA[]]></system-out>
  <system-err><![CDATA[]]></system-err>
</testsuite>
