<?xml version="1.0" encoding="UTF-8"?>
<testsuite name="org.springframework.web.socket.server.DefaultHandshakeHandlerTests" tests="4" skipped="0" failures="0" errors="0" timestamp="2021-05-01T09:48:07" hostname="wangweilideMBP.lan" time="0.016">
  <properties/>
  <testcase name="subProtocolCapableHandlerNoMatch()" classname="org.springframework.web.socket.server.DefaultHandshakeHandlerTests" time="0.013"/>
  <testcase name="supportedExtensions()" classname="org.springframework.web.socket.server.DefaultHandshakeHandlerTests" time="0.001"/>
  <testcase name="subProtocolCapableHandler()" classname="org.springframework.web.socket.server.DefaultHandshakeHandlerTests" time="0.0"/>
  <testcase name="supportedSubProtocols()" classname="org.springframework.web.socket.server.DefaultHandshakeHandlerTests" time="0.001"/>
  <system-out><![CDATA[]]></system-out>
  <system-err><![CDATA[]]></system-err>
</testsuite>
