<?xml version="1.0" encoding="UTF-8"?>
<testsuite name="org.springframework.web.socket.client.jetty.JettyWebSocketClientTests" tests="2" skipped="0" failures="0" errors="0" timestamp="2021-05-01T09:49:29" hostname="wangweilideMBP.lan" time="0.022">
  <properties/>
  <testcase name="doHandshake()" classname="org.springframework.web.socket.client.jetty.JettyWebSocketClientTests" time="0.012"/>
  <testcase name="doHandshakeWithTaskExecutor()" classname="org.springframework.web.socket.client.jetty.JettyWebSocketClientTests" time="0.009"/>
  <system-out><![CDATA[]]></system-out>
  <system-err><![CDATA[]]></system-err>
</testsuite>
