<?xml version="1.0" encoding="UTF-8"?>
<testsuite name="org.springframework.web.socket.sockjs.client.XhrTransportTests" tests="5" skipped="0" failures="0" errors="0" timestamp="2021-05-09T12:44:00" hostname="wangweilidembp" time="0.027">
  <properties/>
  <testcase name="infoResponse()" classname="org.springframework.web.socket.sockjs.client.XhrTransportTests" time="0.003"/>
  <testcase name="sendMessageError()" classname="org.springframework.web.socket.sockjs.client.XhrTransportTests" time="0.002"/>
  <testcase name="sendMessage()" classname="org.springframework.web.socket.sockjs.client.XhrTransportTests" time="0.0"/>
  <testcase name="connect()" classname="org.springframework.web.socket.sockjs.client.XhrTransportTests" time="0.02"/>
  <testcase name="infoResponseError()" classname="org.springframework.web.socket.sockjs.client.XhrTransportTests" time="0.001"/>
  <system-out><![CDATA[20:44:00.821 [Test worker] ERROR o.s.w.s.s.c.XhrTransportTests$TestXhrTransport - XHR send request (url=https://example.com) failed: <400 BAD_REQUEST Bad Request,[]>
20:44:00.844 [Test worker] ERROR o.s.w.s.s.c.XhrTransportTests$TestXhrTransport - SockJS Info request (url=https://example.com/info) failed: <400 BAD_REQUEST Bad Request,body,[]>
]]></system-out>
  <system-err><![CDATA[]]></system-err>
</testsuite>
