<?xml version="1.0" encoding="UTF-8"?>
<testsuite name="org.springframework.web.socket.handler.WebSocketHttpHeadersTests" tests="1" skipped="0" failures="0" errors="0" timestamp="2021-05-01T09:47:18" hostname="wangweilideMBP.lan" time="0.068">
  <properties/>
  <testcase name="parseWebSocketExtensions()" classname="org.springframework.web.socket.handler.WebSocketHttpHeadersTests" time="0.068"/>
  <system-out><![CDATA[]]></system-out>
  <system-err><![CDATA[]]></system-err>
</testsuite>
