<?xml version="1.0" encoding="UTF-8"?>
<testsuite name="org.springframework.web.socket.server.support.WebSocketHandlerMappingTests" tests="1" skipped="0" failures="0" errors="0" timestamp="2021-05-01T09:48:08" hostname="wangweilideMBP.lan" time="0.003">
  <properties/>
  <testcase name="webSocketHandshakeMatch()" classname="org.springframework.web.socket.server.support.WebSocketHandlerMappingTests" time="0.003"/>
  <system-out><![CDATA[]]></system-out>
  <system-err><![CDATA[]]></system-err>
</testsuite>
