<?xml version="1.0" encoding="UTF-8"?>
<testsuite name="org.springframework.web.socket.handler.BeanCreatingHandlerProviderTests" tests="3" skipped="0" failures="0" errors="0" timestamp="2021-05-01T09:47:15" hostname="wangweilideMBP.lan" time="1.811">
  <properties/>
  <testcase name="getHandlerNoBeanFactory()" classname="org.springframework.web.socket.handler.BeanCreatingHandlerProviderTests" time="1.325"/>
  <testcase name="getHandlerWithBeanFactory()" classname="org.springframework.web.socket.handler.BeanCreatingHandlerProviderTests" time="0.474"/>
  <testcase name="getHandlerSimpleInstantiation()" classname="org.springframework.web.socket.handler.BeanCreatingHandlerProviderTests" time="0.01"/>
  <system-out><![CDATA[]]></system-out>
  <system-err><![CDATA[]]></system-err>
</testsuite>
