<?xml version="1.0" encoding="UTF-8"?>
<testsuite name="org.springframework.web.socket.sockjs.transport.session.HttpSockJsSessionTests" tests="2" skipped="0" failures="0" errors="0" timestamp="2021-04-26T07:40:54" hostname="wangweilideMacBook-Pro.local" time="0.007">
  <properties/>
  <testcase name="handleInitialRequest()" classname="org.springframework.web.socket.sockjs.transport.session.HttpSockJsSessionTests" time="0.004"/>
  <testcase name="handleSuccessiveRequest()" classname="org.springframework.web.socket.sockjs.transport.session.HttpSockJsSessionTests" time="0.003"/>
  <system-out><![CDATA[]]></system-out>
  <system-err><![CDATA[]]></system-err>
</testsuite>
