<?xml version="1.0" encoding="UTF-8"?>
<testsuite name="org.springframework.web.socket.messaging.DefaultSimpUserRegistryTests" tests="5" skipped="0" failures="0" errors="0" timestamp="2021-05-01T09:49:29" hostname="wangweilideMBP.lan" time="0.003">
  <properties/>
  <testcase name="removeSessionIds()" classname="org.springframework.web.socket.messaging.DefaultSimpUserRegistryTests" time="0.001"/>
  <testcase name="addOneSessionId()" classname="org.springframework.web.socket.messaging.DefaultSimpUserRegistryTests" time="0.0"/>
  <testcase name="findSubscriptions()" classname="org.springframework.web.socket.messaging.DefaultSimpUserRegistryTests" time="0.0"/>
  <testcase name="addMultipleSessionIds()" classname="org.springframework.web.socket.messaging.DefaultSimpUserRegistryTests" time="0.0"/>
  <testcase name="nullSessionId()" classname="org.springframework.web.socket.messaging.DefaultSimpUserRegistryTests" time="0.0"/>
  <system-out><![CDATA[]]></system-out>
  <system-err><![CDATA[]]></system-err>
</testsuite>
