<?xml version="1.0" encoding="UTF-8"?>
<testsuite name="org.springframework.web.socket.sockjs.transport.session.HttpSockJsSessionTests" tests="2" skipped="0" failures="0" errors="0" timestamp="2021-05-01T09:48:08" hostname="wangweilideMBP.lan" time="0.005">
  <properties/>
  <testcase name="handleInitialRequest()" classname="org.springframework.web.socket.sockjs.transport.session.HttpSockJsSessionTests" time="0.003"/>
  <testcase name="handleSuccessiveRequest()" classname="org.springframework.web.socket.sockjs.transport.session.HttpSockJsSessionTests" time="0.002"/>
  <system-out><![CDATA[]]></system-out>
  <system-err><![CDATA[]]></system-err>
</testsuite>
