<?xml version="1.0" encoding="UTF-8"?>
<testsuite name="org.springframework.web.socket.adapter.jetty.JettyWebSocketHandlerAdapterTests" tests="3" skipped="0" failures="0" errors="0" timestamp="2021-04-26T07:40:53" hostname="wangweilideMacBook-Pro.local" time="0.079">
  <properties/>
  <testcase name="onClose()" classname="org.springframework.web.socket.adapter.jetty.JettyWebSocketHandlerAdapterTests" time="0.072"/>
  <testcase name="onError()" classname="org.springframework.web.socket.adapter.jetty.JettyWebSocketHandlerAdapterTests" time="0.001"/>
  <testcase name="onOpen()" classname="org.springframework.web.socket.adapter.jetty.JettyWebSocketHandlerAdapterTests" time="0.004"/>
  <system-out><![CDATA[]]></system-out>
  <system-err><![CDATA[]]></system-err>
</testsuite>
