<?xml version="1.0" encoding="UTF-8"?>
<testsuite name="org.springframework.web.socket.config.annotation.WebMvcStompEndpointRegistryTests" tests="3" skipped="0" failures="0" errors="0" timestamp="2021-04-26T07:40:00" hostname="wangweilideMacBook-Pro.local" time="0.464">
  <properties/>
  <testcase name="stompProtocolHandler()" classname="org.springframework.web.socket.config.annotation.WebMvcStompEndpointRegistryTests" time="0.123"/>
  <testcase name="handlerMapping()" classname="org.springframework.web.socket.config.annotation.WebMvcStompEndpointRegistryTests" time="0.301"/>
  <testcase name="errorHandler()" classname="org.springframework.web.socket.config.annotation.WebMvcStompEndpointRegistryTests" time="0.039"/>
  <system-out><![CDATA[15:40:00.942 [Test worker] WARN  o.s.w.HttpLogging - For Jackson Kotlin classes support please add "com.fasterxml.jackson.module:jackson-module-kotlin" to the classpath
]]></system-out>
  <system-err><![CDATA[]]></system-err>
</testsuite>
