<?xml version="1.0" encoding="UTF-8"?>
<testsuite name="org.springframework.web.socket.handler.BeanCreatingHandlerProviderTests" tests="3" skipped="0" failures="0" errors="0" timestamp="2021-05-09T12:43:00" hostname="wangweilidembp" time="3.923">
  <properties/>
  <testcase name="getHandlerNoBeanFactory()" classname="org.springframework.web.socket.handler.BeanCreatingHandlerProviderTests" time="2.806"/>
  <testcase name="getHandlerWithBeanFactory()" classname="org.springframework.web.socket.handler.BeanCreatingHandlerProviderTests" time="1.115"/>
  <testcase name="getHandlerSimpleInstantiation()" classname="org.springframework.web.socket.handler.BeanCreatingHandlerProviderTests" time="0.0"/>
  <system-out><![CDATA[]]></system-out>
  <system-err><![CDATA[]]></system-err>
</testsuite>
