<?xml version="1.0" encoding="UTF-8"?>
<testsuite name="org.springframework.web.socket.messaging.StompWebSocketIntegrationTests" tests="18" skipped="0" failures="0" errors="0" timestamp="2021-05-09T12:44:01" hostname="wangweilidembp" time="68.302">
  <properties/>
  <testcase name="[1] server [org.springframework.web.socket.JettyWebSocketTestServer@8a43d4a], client [org.springframework.web.socket.client.jetty.JettyWebSocketClient@97a877f]" classname="org.springframework.web.socket.messaging.StompWebSocketIntegrationTests" time="0.219"/>
  <testcase name="[2] server [org.springframework.web.socket.TomcatWebSocketTestServer@74579328], client [org.springframework.web.socket.client.standard.StandardWebSocketClient@4eedf06f]" classname="org.springframework.web.socket.messaging.StompWebSocketIntegrationTests" time="11.203"/>
  <testcase name="[3] server [org.springframework.web.socket.UndertowTestServer@44ffcba5], client [org.springframework.web.socket.client.standard.StandardWebSocketClient@47be9348]" classname="org.springframework.web.socket.messaging.StompWebSocketIntegrationTests" time="0.054"/>
  <testcase name="[1] server [org.springframework.web.socket.JettyWebSocketTestServer@7d870c1d], client [org.springframework.web.socket.client.jetty.JettyWebSocketClient@6002563]" classname="org.springframework.web.socket.messaging.StompWebSocketIntegrationTests" time="0.084"/>
  <testcase name="[2] server [org.springframework.web.socket.TomcatWebSocketTestServer@3b1291e2], client [org.springframework.web.socket.client.standard.StandardWebSocketClient@4acaf908]" classname="org.springframework.web.socket.messaging.StompWebSocketIntegrationTests" time="11.222"/>
  <testcase name="[3] server [org.springframework.web.socket.UndertowTestServer@50736fac], client [org.springframework.web.socket.client.standard.StandardWebSocketClient@415c791a]" classname="org.springframework.web.socket.messaging.StompWebSocketIntegrationTests" time="0.107"/>
  <testcase name="[1] server [org.springframework.web.socket.JettyWebSocketTestServer@d9dfb10], client [org.springframework.web.socket.client.jetty.JettyWebSocketClient@84a90f7]" classname="org.springframework.web.socket.messaging.StompWebSocketIntegrationTests" time="0.125"/>
  <testcase name="[2] server [org.springframework.web.socket.TomcatWebSocketTestServer@60ed7809], client [org.springframework.web.socket.client.standard.StandardWebSocketClient@6992029c]" classname="org.springframework.web.socket.messaging.StompWebSocketIntegrationTests" time="11.228"/>
  <testcase name="[3] server [org.springframework.web.socket.UndertowTestServer@11717625], client [org.springframework.web.socket.client.standard.StandardWebSocketClient@14a357fd]" classname="org.springframework.web.socket.messaging.StompWebSocketIntegrationTests" time="0.056"/>
  <testcase name="[1] server [org.springframework.web.socket.JettyWebSocketTestServer@55350a55], client [org.springframework.web.socket.client.jetty.JettyWebSocketClient@8f356a7]" classname="org.springframework.web.socket.messaging.StompWebSocketIntegrationTests" time="0.07"/>
  <testcase name="[2] server [org.springframework.web.socket.TomcatWebSocketTestServer@2f2afee0], client [org.springframework.web.socket.client.standard.StandardWebSocketClient@3984255b]" classname="org.springframework.web.socket.messaging.StompWebSocketIntegrationTests" time="11.207"/>
  <testcase name="[3] server [org.springframework.web.socket.UndertowTestServer@6bc6a063], client [org.springframework.web.socket.client.standard.StandardWebSocketClient@5c13ee59]" classname="org.springframework.web.socket.messaging.StompWebSocketIntegrationTests" time="0.073"/>
  <testcase name="[1] server [org.springframework.web.socket.JettyWebSocketTestServer@7bd397bf], client [org.springframework.web.socket.client.jetty.JettyWebSocketClient@6cd3ece4]" classname="org.springframework.web.socket.messaging.StompWebSocketIntegrationTests" time="0.068"/>
  <testcase name="[2] server [org.springframework.web.socket.TomcatWebSocketTestServer@8821bbf], client [org.springframework.web.socket.client.standard.StandardWebSocketClient@6a3b0269]" classname="org.springframework.web.socket.messaging.StompWebSocketIntegrationTests" time="11.201"/>
  <testcase name="[3] server [org.springframework.web.socket.UndertowTestServer@24e00524], client [org.springframework.web.socket.client.standard.StandardWebSocketClient@66a01cf2]" classname="org.springframework.web.socket.messaging.StompWebSocketIntegrationTests" time="0.049"/>
  <testcase name="[1] server [org.springframework.web.socket.JettyWebSocketTestServer@50d8a14b], client [org.springframework.web.socket.client.jetty.JettyWebSocketClient@58b10d1b]" classname="org.springframework.web.socket.messaging.StompWebSocketIntegrationTests" time="0.062"/>
  <testcase name="[2] server [org.springframework.web.socket.TomcatWebSocketTestServer@5ac851f6], client [org.springframework.web.socket.client.standard.StandardWebSocketClient@75971cab]" classname="org.springframework.web.socket.messaging.StompWebSocketIntegrationTests" time="11.205"/>
  <testcase name="[3] server [org.springframework.web.socket.UndertowTestServer@4d1019c2], client [org.springframework.web.socket.client.standard.StandardWebSocketClient@13dc07a6]" classname="org.springframework.web.socket.messaging.StompWebSocketIntegrationTests" time="0.056"/>
  <system-out><![CDATA[20:44:12.476 [XNIO-10 I/O-13] ERROR o.x.listener - XNIO001007: A channel event listener threw an exception
java.util.concurrent.RejectedExecutionException: XNIO007007: Thread is terminating
	at org.xnio.nio.WorkerThread.execute(WorkerThread.java:620) ~[xnio-nio-3.8.0.Final.jar:3.8.0.Final]
	at io.undertow.websockets.jsr.UndertowSession$3.handleEvent(UndertowSession.java:396) ~[undertow-websockets-jsr-2.2.7.Final.jar:2.2.7.Final]
	at io.undertow.websockets.jsr.UndertowSession$3.handleEvent(UndertowSession.java:388) ~[undertow-websockets-jsr-2.2.7.Final.jar:2.2.7.Final]
	at org.xnio.ChannelListeners.invokeChannelListener(ChannelListeners.java:92) [xnio-api-3.8.0.Final.jar:3.8.0.Final]
	at io.undertow.server.protocol.framed.AbstractFramedChannel$FrameCloseListener.handleEvent(AbstractFramedChannel.java:1075) [undertow-core-2.2.7.Final.jar:2.2.7.Final]
	at io.undertow.server.protocol.framed.AbstractFramedChannel$FrameCloseListener.handleEvent(AbstractFramedChannel.java:990) [undertow-core-2.2.7.Final.jar:2.2.7.Final]
	at org.xnio.ChannelListeners.invokeChannelListener(ChannelListeners.java:92) [xnio-api-3.8.0.Final.jar:3.8.0.Final]
	at org.xnio.conduits.ReadReadyHandler$ChannelListenerHandler.terminated(ReadReadyHandler.java:71) [xnio-api-3.8.0.Final.jar:3.8.0.Final]
	at org.xnio.nio.NioSocketConduit.readTerminated(NioSocketConduit.java:332) [xnio-nio-3.8.0.Final.jar:3.8.0.Final]
	at org.xnio.nio.NioSocketConduit.terminateReads(NioSocketConduit.java:325) [xnio-nio-3.8.0.Final.jar:3.8.0.Final]
	at io.undertow.conduits.IdleTimeoutConduit.terminateReads(IdleTimeoutConduit.java:236) [undertow-core-2.2.7.Final.jar:2.2.7.Final]
	at org.xnio.conduits.ConduitStreamSourceChannel.close(ConduitStreamSourceChannel.java:168) [xnio-api-3.8.0.Final.jar:3.8.0.Final]
	at org.xnio.IoUtils.safeClose(IoUtils.java:152) [xnio-api-3.8.0.Final.jar:3.8.0.Final]
	at org.xnio.conduits.ReadReadyHandler$ChannelListenerHandler.forceTermination(ReadReadyHandler.java:58) [xnio-api-3.8.0.Final.jar:3.8.0.Final]
	at org.xnio.nio.NioSocketConduit.forceTermination(NioSocketConduit.java:106) [xnio-nio-3.8.0.Final.jar:3.8.0.Final]
	at org.xnio.nio.WorkerThread.run(WorkerThread.java:507) [xnio-nio-3.8.0.Final.jar:3.8.0.Final]
20:44:23.891 [XNIO-12 I/O-4] ERROR o.x.listener - XNIO001007: A channel event listener threw an exception
java.lang.RuntimeException: java.util.concurrent.RejectedExecutionException: XNIO007007: Thread is terminating
	at io.undertow.websockets.jsr.ServerWebSocketContainer.invokeEndpointMethod(ServerWebSocketContainer.java:612) ~[undertow-websockets-jsr-2.2.7.Final.jar:2.2.7.Final]
	at io.undertow.websockets.jsr.ServerWebSocketContainer.invokeEndpointMethod(ServerWebSocketContainer.java:600) ~[undertow-websockets-jsr-2.2.7.Final.jar:2.2.7.Final]
	at io.undertow.websockets.jsr.FrameHandler.onFullCloseMessage(FrameHandler.java:100) ~[undertow-websockets-jsr-2.2.7.Final.jar:2.2.7.Final]
	at io.undertow.websockets.core.AbstractReceiveListener$1.complete(AbstractReceiveListener.java:136) ~[undertow-core-2.2.7.Final.jar:2.2.7.Final]
	at io.undertow.websockets.core.AbstractReceiveListener$1.complete(AbstractReceiveListener.java:124) ~[undertow-core-2.2.7.Final.jar:2.2.7.Final]
	at io.undertow.websockets.core.BufferedBinaryMessage.read(BufferedBinaryMessage.java:95) ~[undertow-core-2.2.7.Final.jar:2.2.7.Final]
	at io.undertow.websockets.core.AbstractReceiveListener.readBufferedBinary(AbstractReceiveListener.java:124) ~[undertow-core-2.2.7.Final.jar:2.2.7.Final]
	at io.undertow.websockets.core.AbstractReceiveListener.bufferFullMessage(AbstractReceiveListener.java:98) ~[undertow-core-2.2.7.Final.jar:2.2.7.Final]
	at io.undertow.websockets.core.AbstractReceiveListener.onClose(AbstractReceiveListener.java:62) ~[undertow-core-2.2.7.Final.jar:2.2.7.Final]
	at io.undertow.websockets.core.AbstractReceiveListener.handleEvent(AbstractReceiveListener.java:50) ~[undertow-core-2.2.7.Final.jar:2.2.7.Final]
	at io.undertow.websockets.core.AbstractReceiveListener.handleEvent(AbstractReceiveListener.java:33) ~[undertow-core-2.2.7.Final.jar:2.2.7.Final]
	at org.xnio.ChannelListeners.invokeChannelListener(ChannelListeners.java:92) [xnio-api-3.8.0.Final.jar:3.8.0.Final]
	at io.undertow.server.protocol.framed.AbstractFramedChannel$FrameReadListener.handleEvent(AbstractFramedChannel.java:952) [undertow-core-2.2.7.Final.jar:2.2.7.Final]
	at io.undertow.server.protocol.framed.AbstractFramedChannel$FrameReadListener.handleEvent(AbstractFramedChannel.java:932) [undertow-core-2.2.7.Final.jar:2.2.7.Final]
	at org.xnio.ChannelListeners.invokeChannelListener(ChannelListeners.java:92) [xnio-api-3.8.0.Final.jar:3.8.0.Final]
	at org.xnio.conduits.ReadReadyHandler$ChannelListenerHandler.readReady(ReadReadyHandler.java:66) [xnio-api-3.8.0.Final.jar:3.8.0.Final]
	at org.xnio.nio.NioSocketConduit.handleReady(NioSocketConduit.java:89) [xnio-nio-3.8.0.Final.jar:3.8.0.Final]
	at org.xnio.nio.WorkerThread.run(WorkerThread.java:591) [xnio-nio-3.8.0.Final.jar:3.8.0.Final]
Caused by: java.util.concurrent.RejectedExecutionException: XNIO007007: Thread is terminating
	at org.xnio.nio.WorkerThread.execute(WorkerThread.java:620) ~[xnio-nio-3.8.0.Final.jar:3.8.0.Final]
	at io.undertow.websockets.jsr.UndertowSession.close0(UndertowSession.java:361) ~[undertow-websockets-jsr-2.2.7.Final.jar:2.2.7.Final]
	at io.undertow.websockets.jsr.UndertowSession.closeInternal(UndertowSession.java:241) ~[undertow-websockets-jsr-2.2.7.Final.jar:2.2.7.Final]
	at io.undertow.websockets.jsr.FrameHandler$1.run(FrameHandler.java:107) ~[undertow-websockets-jsr-2.2.7.Final.jar:2.2.7.Final]
	at io.undertow.websockets.jsr.ServerWebSocketContainer$1.call(ServerWebSocketContainer.java:170) ~[undertow-websockets-jsr-2.2.7.Final.jar:2.2.7.Final]
	at io.undertow.websockets.jsr.ServerWebSocketContainer$1.call(ServerWebSocketContainer.java:167) ~[undertow-websockets-jsr-2.2.7.Final.jar:2.2.7.Final]
	at io.undertow.servlet.core.ContextClassLoaderSetupAction$1.call(ContextClassLoaderSetupAction.java:43) ~[undertow-servlet-2.2.7.Final.jar:2.2.7.Final]
	at io.undertow.websockets.jsr.ServerWebSocketContainer.invokeEndpointMethod(ServerWebSocketContainer.java:610) ~[undertow-websockets-jsr-2.2.7.Final.jar:2.2.7.Final]
	... 17 more
20:44:23.892 [XNIO-12 I/O-4] ERROR o.x.listener - XNIO001007: A channel event listener threw an exception
java.util.concurrent.RejectedExecutionException: XNIO007007: Thread is terminating
	at org.xnio.nio.WorkerThread.execute(WorkerThread.java:620) ~[xnio-nio-3.8.0.Final.jar:3.8.0.Final]
	at io.undertow.websockets.jsr.UndertowSession$3.handleEvent(UndertowSession.java:396) ~[undertow-websockets-jsr-2.2.7.Final.jar:2.2.7.Final]
	at io.undertow.websockets.jsr.UndertowSession$3.handleEvent(UndertowSession.java:388) ~[undertow-websockets-jsr-2.2.7.Final.jar:2.2.7.Final]
	at org.xnio.ChannelListeners.invokeChannelListener(ChannelListeners.java:92) [xnio-api-3.8.0.Final.jar:3.8.0.Final]
	at io.undertow.server.protocol.framed.AbstractFramedChannel$FrameCloseListener.handleEvent(AbstractFramedChannel.java:1075) [undertow-core-2.2.7.Final.jar:2.2.7.Final]
	at io.undertow.server.protocol.framed.AbstractFramedChannel$FrameCloseListener.handleEvent(AbstractFramedChannel.java:990) [undertow-core-2.2.7.Final.jar:2.2.7.Final]
	at org.xnio.ChannelListeners.invokeChannelListener(ChannelListeners.java:92) [xnio-api-3.8.0.Final.jar:3.8.0.Final]
	at org.xnio.conduits.ReadReadyHandler$ChannelListenerHandler.terminated(ReadReadyHandler.java:71) [xnio-api-3.8.0.Final.jar:3.8.0.Final]
	at org.xnio.nio.NioSocketConduit.readTerminated(NioSocketConduit.java:332) [xnio-nio-3.8.0.Final.jar:3.8.0.Final]
	at org.xnio.nio.NioSocketConduit.terminateReads(NioSocketConduit.java:325) [xnio-nio-3.8.0.Final.jar:3.8.0.Final]
	at io.undertow.conduits.IdleTimeoutConduit.terminateReads(IdleTimeoutConduit.java:236) [undertow-core-2.2.7.Final.jar:2.2.7.Final]
	at org.xnio.conduits.ConduitStreamSourceChannel.close(ConduitStreamSourceChannel.java:168) [xnio-api-3.8.0.Final.jar:3.8.0.Final]
	at org.xnio.IoUtils.safeClose(IoUtils.java:152) [xnio-api-3.8.0.Final.jar:3.8.0.Final]
	at org.xnio.conduits.ReadReadyHandler$ChannelListenerHandler.forceTermination(ReadReadyHandler.java:58) [xnio-api-3.8.0.Final.jar:3.8.0.Final]
	at org.xnio.nio.NioSocketConduit.forceTermination(NioSocketConduit.java:106) [xnio-nio-3.8.0.Final.jar:3.8.0.Final]
	at org.xnio.nio.WorkerThread.run(WorkerThread.java:507) [xnio-nio-3.8.0.Final.jar:3.8.0.Final]
20:44:35.303 [XNIO-14 I/O-6] ERROR o.x.listener - XNIO001007: A channel event listener threw an exception
java.lang.RuntimeException: java.util.concurrent.RejectedExecutionException: XNIO007007: Thread is terminating
	at io.undertow.websockets.jsr.ServerWebSocketContainer.invokeEndpointMethod(ServerWebSocketContainer.java:612) ~[undertow-websockets-jsr-2.2.7.Final.jar:2.2.7.Final]
	at io.undertow.websockets.jsr.ServerWebSocketContainer.invokeEndpointMethod(ServerWebSocketContainer.java:600) ~[undertow-websockets-jsr-2.2.7.Final.jar:2.2.7.Final]
	at io.undertow.websockets.jsr.FrameHandler.onFullCloseMessage(FrameHandler.java:100) ~[undertow-websockets-jsr-2.2.7.Final.jar:2.2.7.Final]
	at io.undertow.websockets.core.AbstractReceiveListener$1.complete(AbstractReceiveListener.java:136) ~[undertow-core-2.2.7.Final.jar:2.2.7.Final]
	at io.undertow.websockets.core.AbstractReceiveListener$1.complete(AbstractReceiveListener.java:124) ~[undertow-core-2.2.7.Final.jar:2.2.7.Final]
	at io.undertow.websockets.core.BufferedBinaryMessage.read(BufferedBinaryMessage.java:95) ~[undertow-core-2.2.7.Final.jar:2.2.7.Final]
	at io.undertow.websockets.core.AbstractReceiveListener.readBufferedBinary(AbstractReceiveListener.java:124) ~[undertow-core-2.2.7.Final.jar:2.2.7.Final]
	at io.undertow.websockets.core.AbstractReceiveListener.bufferFullMessage(AbstractReceiveListener.java:98) ~[undertow-core-2.2.7.Final.jar:2.2.7.Final]
	at io.undertow.websockets.core.AbstractReceiveListener.onClose(AbstractReceiveListener.java:62) ~[undertow-core-2.2.7.Final.jar:2.2.7.Final]
	at io.undertow.websockets.core.AbstractReceiveListener.handleEvent(AbstractReceiveListener.java:50) ~[undertow-core-2.2.7.Final.jar:2.2.7.Final]
	at io.undertow.websockets.core.AbstractReceiveListener.handleEvent(AbstractReceiveListener.java:33) ~[undertow-core-2.2.7.Final.jar:2.2.7.Final]
	at org.xnio.ChannelListeners.invokeChannelListener(ChannelListeners.java:92) [xnio-api-3.8.0.Final.jar:3.8.0.Final]
	at io.undertow.server.protocol.framed.AbstractFramedChannel$FrameReadListener.handleEvent(AbstractFramedChannel.java:952) [undertow-core-2.2.7.Final.jar:2.2.7.Final]
	at io.undertow.server.protocol.framed.AbstractFramedChannel$FrameReadListener.handleEvent(AbstractFramedChannel.java:932) [undertow-core-2.2.7.Final.jar:2.2.7.Final]
	at org.xnio.ChannelListeners.invokeChannelListener(ChannelListeners.java:92) [xnio-api-3.8.0.Final.jar:3.8.0.Final]
	at org.xnio.conduits.ReadReadyHandler$ChannelListenerHandler.readReady(ReadReadyHandler.java:66) [xnio-api-3.8.0.Final.jar:3.8.0.Final]
	at org.xnio.nio.NioSocketConduit.handleReady(NioSocketConduit.java:89) [xnio-nio-3.8.0.Final.jar:3.8.0.Final]
	at org.xnio.nio.WorkerThread.run(WorkerThread.java:591) [xnio-nio-3.8.0.Final.jar:3.8.0.Final]
Caused by: java.util.concurrent.RejectedExecutionException: XNIO007007: Thread is terminating
	at org.xnio.nio.WorkerThread.execute(WorkerThread.java:620) ~[xnio-nio-3.8.0.Final.jar:3.8.0.Final]
	at io.undertow.websockets.jsr.UndertowSession.close0(UndertowSession.java:361) ~[undertow-websockets-jsr-2.2.7.Final.jar:2.2.7.Final]
	at io.undertow.websockets.jsr.UndertowSession.closeInternal(UndertowSession.java:241) ~[undertow-websockets-jsr-2.2.7.Final.jar:2.2.7.Final]
	at io.undertow.websockets.jsr.FrameHandler$1.run(FrameHandler.java:107) ~[undertow-websockets-jsr-2.2.7.Final.jar:2.2.7.Final]
	at io.undertow.websockets.jsr.ServerWebSocketContainer$1.call(ServerWebSocketContainer.java:170) ~[undertow-websockets-jsr-2.2.7.Final.jar:2.2.7.Final]
	at io.undertow.websockets.jsr.ServerWebSocketContainer$1.call(ServerWebSocketContainer.java:167) ~[undertow-websockets-jsr-2.2.7.Final.jar:2.2.7.Final]
	at io.undertow.servlet.core.ContextClassLoaderSetupAction$1.call(ContextClassLoaderSetupAction.java:43) ~[undertow-servlet-2.2.7.Final.jar:2.2.7.Final]
	at io.undertow.websockets.jsr.ServerWebSocketContainer.invokeEndpointMethod(ServerWebSocketContainer.java:610) ~[undertow-websockets-jsr-2.2.7.Final.jar:2.2.7.Final]
	... 17 more
20:44:35.304 [XNIO-14 I/O-6] ERROR o.x.listener - XNIO001007: A channel event listener threw an exception
java.util.concurrent.RejectedExecutionException: XNIO007007: Thread is terminating
	at org.xnio.nio.WorkerThread.execute(WorkerThread.java:620) ~[xnio-nio-3.8.0.Final.jar:3.8.0.Final]
	at io.undertow.websockets.jsr.UndertowSession$3.handleEvent(UndertowSession.java:396) ~[undertow-websockets-jsr-2.2.7.Final.jar:2.2.7.Final]
	at io.undertow.websockets.jsr.UndertowSession$3.handleEvent(UndertowSession.java:388) ~[undertow-websockets-jsr-2.2.7.Final.jar:2.2.7.Final]
	at org.xnio.ChannelListeners.invokeChannelListener(ChannelListeners.java:92) [xnio-api-3.8.0.Final.jar:3.8.0.Final]
	at io.undertow.server.protocol.framed.AbstractFramedChannel$FrameCloseListener.handleEvent(AbstractFramedChannel.java:1075) [undertow-core-2.2.7.Final.jar:2.2.7.Final]
	at io.undertow.server.protocol.framed.AbstractFramedChannel$FrameCloseListener.handleEvent(AbstractFramedChannel.java:990) [undertow-core-2.2.7.Final.jar:2.2.7.Final]
	at org.xnio.ChannelListeners.invokeChannelListener(ChannelListeners.java:92) [xnio-api-3.8.0.Final.jar:3.8.0.Final]
	at org.xnio.conduits.ReadReadyHandler$ChannelListenerHandler.terminated(ReadReadyHandler.java:71) [xnio-api-3.8.0.Final.jar:3.8.0.Final]
	at org.xnio.nio.NioSocketConduit.readTerminated(NioSocketConduit.java:332) [xnio-nio-3.8.0.Final.jar:3.8.0.Final]
	at org.xnio.nio.NioSocketConduit.terminateReads(NioSocketConduit.java:325) [xnio-nio-3.8.0.Final.jar:3.8.0.Final]
	at io.undertow.conduits.IdleTimeoutConduit.terminateReads(IdleTimeoutConduit.java:236) [undertow-core-2.2.7.Final.jar:2.2.7.Final]
	at org.xnio.conduits.ConduitStreamSourceChannel.close(ConduitStreamSourceChannel.java:168) [xnio-api-3.8.0.Final.jar:3.8.0.Final]
	at org.xnio.IoUtils.safeClose(IoUtils.java:152) [xnio-api-3.8.0.Final.jar:3.8.0.Final]
	at org.xnio.conduits.ReadReadyHandler$ChannelListenerHandler.forceTermination(ReadReadyHandler.java:58) [xnio-api-3.8.0.Final.jar:3.8.0.Final]
	at org.xnio.nio.NioSocketConduit.forceTermination(NioSocketConduit.java:106) [xnio-nio-3.8.0.Final.jar:3.8.0.Final]
	at org.xnio.nio.WorkerThread.run(WorkerThread.java:507) [xnio-nio-3.8.0.Final.jar:3.8.0.Final]
20:44:46.656 [XNIO-16 I/O-12] ERROR o.x.listener - XNIO001007: A channel event listener threw an exception
java.lang.RuntimeException: java.util.concurrent.RejectedExecutionException: XNIO007007: Thread is terminating
	at io.undertow.websockets.jsr.ServerWebSocketContainer.invokeEndpointMethod(ServerWebSocketContainer.java:612) ~[undertow-websockets-jsr-2.2.7.Final.jar:2.2.7.Final]
	at io.undertow.websockets.jsr.ServerWebSocketContainer.invokeEndpointMethod(ServerWebSocketContainer.java:600) ~[undertow-websockets-jsr-2.2.7.Final.jar:2.2.7.Final]
	at io.undertow.websockets.jsr.FrameHandler.onFullCloseMessage(FrameHandler.java:100) ~[undertow-websockets-jsr-2.2.7.Final.jar:2.2.7.Final]
	at io.undertow.websockets.core.AbstractReceiveListener$1.complete(AbstractReceiveListener.java:136) ~[undertow-core-2.2.7.Final.jar:2.2.7.Final]
	at io.undertow.websockets.core.AbstractReceiveListener$1.complete(AbstractReceiveListener.java:124) ~[undertow-core-2.2.7.Final.jar:2.2.7.Final]
	at io.undertow.websockets.core.BufferedBinaryMessage.read(BufferedBinaryMessage.java:95) ~[undertow-core-2.2.7.Final.jar:2.2.7.Final]
	at io.undertow.websockets.core.AbstractReceiveListener.readBufferedBinary(AbstractReceiveListener.java:124) ~[undertow-core-2.2.7.Final.jar:2.2.7.Final]
	at io.undertow.websockets.core.AbstractReceiveListener.bufferFullMessage(AbstractReceiveListener.java:98) ~[undertow-core-2.2.7.Final.jar:2.2.7.Final]
	at io.undertow.websockets.core.AbstractReceiveListener.onClose(AbstractReceiveListener.java:62) ~[undertow-core-2.2.7.Final.jar:2.2.7.Final]
	at io.undertow.websockets.core.AbstractReceiveListener.handleEvent(AbstractReceiveListener.java:50) ~[undertow-core-2.2.7.Final.jar:2.2.7.Final]
	at io.undertow.websockets.core.AbstractReceiveListener.handleEvent(AbstractReceiveListener.java:33) ~[undertow-core-2.2.7.Final.jar:2.2.7.Final]
	at org.xnio.ChannelListeners.invokeChannelListener(ChannelListeners.java:92) [xnio-api-3.8.0.Final.jar:3.8.0.Final]
	at io.undertow.server.protocol.framed.AbstractFramedChannel$FrameReadListener.handleEvent(AbstractFramedChannel.java:952) [undertow-core-2.2.7.Final.jar:2.2.7.Final]
	at io.undertow.server.protocol.framed.AbstractFramedChannel$FrameReadListener.handleEvent(AbstractFramedChannel.java:932) [undertow-core-2.2.7.Final.jar:2.2.7.Final]
	at org.xnio.ChannelListeners.invokeChannelListener(ChannelListeners.java:92) [xnio-api-3.8.0.Final.jar:3.8.0.Final]
	at org.xnio.conduits.ReadReadyHandler$ChannelListenerHandler.readReady(ReadReadyHandler.java:66) [xnio-api-3.8.0.Final.jar:3.8.0.Final]
	at org.xnio.nio.NioSocketConduit.handleReady(NioSocketConduit.java:89) [xnio-nio-3.8.0.Final.jar:3.8.0.Final]
	at org.xnio.nio.WorkerThread.run(WorkerThread.java:591) [xnio-nio-3.8.0.Final.jar:3.8.0.Final]
Caused by: java.util.concurrent.RejectedExecutionException: XNIO007007: Thread is terminating
	at org.xnio.nio.WorkerThread.execute(WorkerThread.java:620) ~[xnio-nio-3.8.0.Final.jar:3.8.0.Final]
	at io.undertow.websockets.jsr.UndertowSession.close0(UndertowSession.java:361) ~[undertow-websockets-jsr-2.2.7.Final.jar:2.2.7.Final]
	at io.undertow.websockets.jsr.UndertowSession.closeInternal(UndertowSession.java:241) ~[undertow-websockets-jsr-2.2.7.Final.jar:2.2.7.Final]
	at io.undertow.websockets.jsr.FrameHandler$1.run(FrameHandler.java:107) ~[undertow-websockets-jsr-2.2.7.Final.jar:2.2.7.Final]
	at io.undertow.websockets.jsr.ServerWebSocketContainer$1.call(ServerWebSocketContainer.java:170) ~[undertow-websockets-jsr-2.2.7.Final.jar:2.2.7.Final]
	at io.undertow.websockets.jsr.ServerWebSocketContainer$1.call(ServerWebSocketContainer.java:167) ~[undertow-websockets-jsr-2.2.7.Final.jar:2.2.7.Final]
	at io.undertow.servlet.core.ContextClassLoaderSetupAction$1.call(ContextClassLoaderSetupAction.java:43) ~[undertow-servlet-2.2.7.Final.jar:2.2.7.Final]
	at io.undertow.websockets.jsr.ServerWebSocketContainer.invokeEndpointMethod(ServerWebSocketContainer.java:610) ~[undertow-websockets-jsr-2.2.7.Final.jar:2.2.7.Final]
	... 17 more
20:44:46.657 [XNIO-16 I/O-12] ERROR o.x.listener - XNIO001007: A channel event listener threw an exception
java.util.concurrent.RejectedExecutionException: XNIO007007: Thread is terminating
	at org.xnio.nio.WorkerThread.execute(WorkerThread.java:620) ~[xnio-nio-3.8.0.Final.jar:3.8.0.Final]
	at io.undertow.websockets.jsr.UndertowSession$3.handleEvent(UndertowSession.java:396) ~[undertow-websockets-jsr-2.2.7.Final.jar:2.2.7.Final]
	at io.undertow.websockets.jsr.UndertowSession$3.handleEvent(UndertowSession.java:388) ~[undertow-websockets-jsr-2.2.7.Final.jar:2.2.7.Final]
	at org.xnio.ChannelListeners.invokeChannelListener(ChannelListeners.java:92) [xnio-api-3.8.0.Final.jar:3.8.0.Final]
	at io.undertow.server.protocol.framed.AbstractFramedChannel$FrameCloseListener.handleEvent(AbstractFramedChannel.java:1075) [undertow-core-2.2.7.Final.jar:2.2.7.Final]
	at io.undertow.server.protocol.framed.AbstractFramedChannel$FrameCloseListener.handleEvent(AbstractFramedChannel.java:990) [undertow-core-2.2.7.Final.jar:2.2.7.Final]
	at org.xnio.ChannelListeners.invokeChannelListener(ChannelListeners.java:92) [xnio-api-3.8.0.Final.jar:3.8.0.Final]
	at org.xnio.conduits.ReadReadyHandler$ChannelListenerHandler.terminated(ReadReadyHandler.java:71) [xnio-api-3.8.0.Final.jar:3.8.0.Final]
	at org.xnio.nio.NioSocketConduit.readTerminated(NioSocketConduit.java:332) [xnio-nio-3.8.0.Final.jar:3.8.0.Final]
	at org.xnio.nio.NioSocketConduit.terminateReads(NioSocketConduit.java:325) [xnio-nio-3.8.0.Final.jar:3.8.0.Final]
	at io.undertow.conduits.IdleTimeoutConduit.terminateReads(IdleTimeoutConduit.java:236) [undertow-core-2.2.7.Final.jar:2.2.7.Final]
	at org.xnio.conduits.ConduitStreamSourceChannel.close(ConduitStreamSourceChannel.java:168) [xnio-api-3.8.0.Final.jar:3.8.0.Final]
	at org.xnio.IoUtils.safeClose(IoUtils.java:152) [xnio-api-3.8.0.Final.jar:3.8.0.Final]
	at org.xnio.conduits.ReadReadyHandler$ChannelListenerHandler.forceTermination(ReadReadyHandler.java:58) [xnio-api-3.8.0.Final.jar:3.8.0.Final]
	at org.xnio.nio.NioSocketConduit.forceTermination(NioSocketConduit.java:106) [xnio-nio-3.8.0.Final.jar:3.8.0.Final]
	at org.xnio.nio.WorkerThread.run(WorkerThread.java:507) [xnio-nio-3.8.0.Final.jar:3.8.0.Final]
20:44:57.976 [XNIO-18 I/O-2] ERROR o.x.listener - XNIO001007: A channel event listener threw an exception
java.lang.RuntimeException: java.util.concurrent.RejectedExecutionException: XNIO007007: Thread is terminating
	at io.undertow.websockets.jsr.ServerWebSocketContainer.invokeEndpointMethod(ServerWebSocketContainer.java:612) ~[undertow-websockets-jsr-2.2.7.Final.jar:2.2.7.Final]
	at io.undertow.websockets.jsr.ServerWebSocketContainer.invokeEndpointMethod(ServerWebSocketContainer.java:600) ~[undertow-websockets-jsr-2.2.7.Final.jar:2.2.7.Final]
	at io.undertow.websockets.jsr.FrameHandler.onFullCloseMessage(FrameHandler.java:100) ~[undertow-websockets-jsr-2.2.7.Final.jar:2.2.7.Final]
	at io.undertow.websockets.core.AbstractReceiveListener$1.complete(AbstractReceiveListener.java:136) ~[undertow-core-2.2.7.Final.jar:2.2.7.Final]
	at io.undertow.websockets.core.AbstractReceiveListener$1.complete(AbstractReceiveListener.java:124) ~[undertow-core-2.2.7.Final.jar:2.2.7.Final]
	at io.undertow.websockets.core.BufferedBinaryMessage.read(BufferedBinaryMessage.java:95) ~[undertow-core-2.2.7.Final.jar:2.2.7.Final]
	at io.undertow.websockets.core.AbstractReceiveListener.readBufferedBinary(AbstractReceiveListener.java:124) ~[undertow-core-2.2.7.Final.jar:2.2.7.Final]
	at io.undertow.websockets.core.AbstractReceiveListener.bufferFullMessage(AbstractReceiveListener.java:98) ~[undertow-core-2.2.7.Final.jar:2.2.7.Final]
	at io.undertow.websockets.core.AbstractReceiveListener.onClose(AbstractReceiveListener.java:62) ~[undertow-core-2.2.7.Final.jar:2.2.7.Final]
	at io.undertow.websockets.core.AbstractReceiveListener.handleEvent(AbstractReceiveListener.java:50) ~[undertow-core-2.2.7.Final.jar:2.2.7.Final]
	at io.undertow.websockets.core.AbstractReceiveListener.handleEvent(AbstractReceiveListener.java:33) ~[undertow-core-2.2.7.Final.jar:2.2.7.Final]
	at org.xnio.ChannelListeners.invokeChannelListener(ChannelListeners.java:92) [xnio-api-3.8.0.Final.jar:3.8.0.Final]
	at io.undertow.server.protocol.framed.AbstractFramedChannel$FrameReadListener.handleEvent(AbstractFramedChannel.java:952) [undertow-core-2.2.7.Final.jar:2.2.7.Final]
	at io.undertow.server.protocol.framed.AbstractFramedChannel$FrameReadListener.handleEvent(AbstractFramedChannel.java:932) [undertow-core-2.2.7.Final.jar:2.2.7.Final]
	at org.xnio.ChannelListeners.invokeChannelListener(ChannelListeners.java:92) [xnio-api-3.8.0.Final.jar:3.8.0.Final]
	at org.xnio.conduits.ReadReadyHandler$ChannelListenerHandler.readReady(ReadReadyHandler.java:66) [xnio-api-3.8.0.Final.jar:3.8.0.Final]
	at org.xnio.nio.NioSocketConduit.handleReady(NioSocketConduit.java:89) [xnio-nio-3.8.0.Final.jar:3.8.0.Final]
	at org.xnio.nio.WorkerThread.run(WorkerThread.java:591) [xnio-nio-3.8.0.Final.jar:3.8.0.Final]
Caused by: java.util.concurrent.RejectedExecutionException: XNIO007007: Thread is terminating
	at org.xnio.nio.WorkerThread.execute(WorkerThread.java:620) ~[xnio-nio-3.8.0.Final.jar:3.8.0.Final]
	at io.undertow.websockets.jsr.UndertowSession.close0(UndertowSession.java:361) ~[undertow-websockets-jsr-2.2.7.Final.jar:2.2.7.Final]
	at io.undertow.websockets.jsr.UndertowSession.closeInternal(UndertowSession.java:241) ~[undertow-websockets-jsr-2.2.7.Final.jar:2.2.7.Final]
	at io.undertow.websockets.jsr.FrameHandler$1.run(FrameHandler.java:107) ~[undertow-websockets-jsr-2.2.7.Final.jar:2.2.7.Final]
	at io.undertow.websockets.jsr.ServerWebSocketContainer$1.call(ServerWebSocketContainer.java:170) ~[undertow-websockets-jsr-2.2.7.Final.jar:2.2.7.Final]
	at io.undertow.websockets.jsr.ServerWebSocketContainer$1.call(ServerWebSocketContainer.java:167) ~[undertow-websockets-jsr-2.2.7.Final.jar:2.2.7.Final]
	at io.undertow.servlet.core.ContextClassLoaderSetupAction$1.call(ContextClassLoaderSetupAction.java:43) ~[undertow-servlet-2.2.7.Final.jar:2.2.7.Final]
	at io.undertow.websockets.jsr.ServerWebSocketContainer.invokeEndpointMethod(ServerWebSocketContainer.java:610) ~[undertow-websockets-jsr-2.2.7.Final.jar:2.2.7.Final]
	... 17 more
20:44:57.977 [XNIO-18 I/O-2] ERROR o.x.listener - XNIO001007: A channel event listener threw an exception
java.util.concurrent.RejectedExecutionException: XNIO007007: Thread is terminating
	at org.xnio.nio.WorkerThread.execute(WorkerThread.java:620) ~[xnio-nio-3.8.0.Final.jar:3.8.0.Final]
	at io.undertow.websockets.jsr.UndertowSession$3.handleEvent(UndertowSession.java:396) ~[undertow-websockets-jsr-2.2.7.Final.jar:2.2.7.Final]
	at io.undertow.websockets.jsr.UndertowSession$3.handleEvent(UndertowSession.java:388) ~[undertow-websockets-jsr-2.2.7.Final.jar:2.2.7.Final]
	at org.xnio.ChannelListeners.invokeChannelListener(ChannelListeners.java:92) [xnio-api-3.8.0.Final.jar:3.8.0.Final]
	at io.undertow.server.protocol.framed.AbstractFramedChannel$FrameCloseListener.handleEvent(AbstractFramedChannel.java:1075) [undertow-core-2.2.7.Final.jar:2.2.7.Final]
	at io.undertow.server.protocol.framed.AbstractFramedChannel$FrameCloseListener.handleEvent(AbstractFramedChannel.java:990) [undertow-core-2.2.7.Final.jar:2.2.7.Final]
	at org.xnio.ChannelListeners.invokeChannelListener(ChannelListeners.java:92) [xnio-api-3.8.0.Final.jar:3.8.0.Final]
	at org.xnio.conduits.ReadReadyHandler$ChannelListenerHandler.terminated(ReadReadyHandler.java:71) [xnio-api-3.8.0.Final.jar:3.8.0.Final]
	at org.xnio.nio.NioSocketConduit.readTerminated(NioSocketConduit.java:332) [xnio-nio-3.8.0.Final.jar:3.8.0.Final]
	at org.xnio.nio.NioSocketConduit.terminateReads(NioSocketConduit.java:325) [xnio-nio-3.8.0.Final.jar:3.8.0.Final]
	at io.undertow.conduits.IdleTimeoutConduit.terminateReads(IdleTimeoutConduit.java:236) [undertow-core-2.2.7.Final.jar:2.2.7.Final]
	at org.xnio.conduits.ConduitStreamSourceChannel.close(ConduitStreamSourceChannel.java:168) [xnio-api-3.8.0.Final.jar:3.8.0.Final]
	at org.xnio.IoUtils.safeClose(IoUtils.java:152) [xnio-api-3.8.0.Final.jar:3.8.0.Final]
	at org.xnio.conduits.ReadReadyHandler$ChannelListenerHandler.forceTermination(ReadReadyHandler.java:58) [xnio-api-3.8.0.Final.jar:3.8.0.Final]
	at org.xnio.nio.NioSocketConduit.forceTermination(NioSocketConduit.java:106) [xnio-nio-3.8.0.Final.jar:3.8.0.Final]
	at org.xnio.nio.WorkerThread.run(WorkerThread.java:507) [xnio-nio-3.8.0.Final.jar:3.8.0.Final]
20:45:09.301 [XNIO-20 I/O-1] ERROR o.x.listener - XNIO001007: A channel event listener threw an exception
java.lang.RuntimeException: java.util.concurrent.RejectedExecutionException: XNIO007007: Thread is terminating
	at io.undertow.websockets.jsr.ServerWebSocketContainer.invokeEndpointMethod(ServerWebSocketContainer.java:612) ~[undertow-websockets-jsr-2.2.7.Final.jar:2.2.7.Final]
	at io.undertow.websockets.jsr.ServerWebSocketContainer.invokeEndpointMethod(ServerWebSocketContainer.java:600) ~[undertow-websockets-jsr-2.2.7.Final.jar:2.2.7.Final]
	at io.undertow.websockets.jsr.FrameHandler.onFullCloseMessage(FrameHandler.java:100) ~[undertow-websockets-jsr-2.2.7.Final.jar:2.2.7.Final]
	at io.undertow.websockets.core.AbstractReceiveListener$1.complete(AbstractReceiveListener.java:136) ~[undertow-core-2.2.7.Final.jar:2.2.7.Final]
	at io.undertow.websockets.core.AbstractReceiveListener$1.complete(AbstractReceiveListener.java:124) ~[undertow-core-2.2.7.Final.jar:2.2.7.Final]
	at io.undertow.websockets.core.BufferedBinaryMessage.read(BufferedBinaryMessage.java:95) ~[undertow-core-2.2.7.Final.jar:2.2.7.Final]
	at io.undertow.websockets.core.AbstractReceiveListener.readBufferedBinary(AbstractReceiveListener.java:124) ~[undertow-core-2.2.7.Final.jar:2.2.7.Final]
	at io.undertow.websockets.core.AbstractReceiveListener.bufferFullMessage(AbstractReceiveListener.java:98) ~[undertow-core-2.2.7.Final.jar:2.2.7.Final]
	at io.undertow.websockets.core.AbstractReceiveListener.onClose(AbstractReceiveListener.java:62) ~[undertow-core-2.2.7.Final.jar:2.2.7.Final]
	at io.undertow.websockets.core.AbstractReceiveListener.handleEvent(AbstractReceiveListener.java:50) ~[undertow-core-2.2.7.Final.jar:2.2.7.Final]
	at io.undertow.websockets.core.AbstractReceiveListener.handleEvent(AbstractReceiveListener.java:33) ~[undertow-core-2.2.7.Final.jar:2.2.7.Final]
	at org.xnio.ChannelListeners.invokeChannelListener(ChannelListeners.java:92) [xnio-api-3.8.0.Final.jar:3.8.0.Final]
	at io.undertow.server.protocol.framed.AbstractFramedChannel$FrameReadListener.handleEvent(AbstractFramedChannel.java:952) [undertow-core-2.2.7.Final.jar:2.2.7.Final]
	at io.undertow.server.protocol.framed.AbstractFramedChannel$FrameReadListener.handleEvent(AbstractFramedChannel.java:932) [undertow-core-2.2.7.Final.jar:2.2.7.Final]
	at org.xnio.ChannelListeners.invokeChannelListener(ChannelListeners.java:92) [xnio-api-3.8.0.Final.jar:3.8.0.Final]
	at org.xnio.conduits.ReadReadyHandler$ChannelListenerHandler.readReady(ReadReadyHandler.java:66) [xnio-api-3.8.0.Final.jar:3.8.0.Final]
	at org.xnio.nio.NioSocketConduit.handleReady(NioSocketConduit.java:89) [xnio-nio-3.8.0.Final.jar:3.8.0.Final]
	at org.xnio.nio.WorkerThread.run(WorkerThread.java:591) [xnio-nio-3.8.0.Final.jar:3.8.0.Final]
Caused by: java.util.concurrent.RejectedExecutionException: XNIO007007: Thread is terminating
	at org.xnio.nio.WorkerThread.execute(WorkerThread.java:620) ~[xnio-nio-3.8.0.Final.jar:3.8.0.Final]
	at io.undertow.websockets.jsr.UndertowSession.close0(UndertowSession.java:361) ~[undertow-websockets-jsr-2.2.7.Final.jar:2.2.7.Final]
	at io.undertow.websockets.jsr.UndertowSession.closeInternal(UndertowSession.java:241) ~[undertow-websockets-jsr-2.2.7.Final.jar:2.2.7.Final]
	at io.undertow.websockets.jsr.FrameHandler$1.run(FrameHandler.java:107) ~[undertow-websockets-jsr-2.2.7.Final.jar:2.2.7.Final]
	at io.undertow.websockets.jsr.ServerWebSocketContainer$1.call(ServerWebSocketContainer.java:170) ~[undertow-websockets-jsr-2.2.7.Final.jar:2.2.7.Final]
	at io.undertow.websockets.jsr.ServerWebSocketContainer$1.call(ServerWebSocketContainer.java:167) ~[undertow-websockets-jsr-2.2.7.Final.jar:2.2.7.Final]
	at io.undertow.servlet.core.ContextClassLoaderSetupAction$1.call(ContextClassLoaderSetupAction.java:43) ~[undertow-servlet-2.2.7.Final.jar:2.2.7.Final]
	at io.undertow.websockets.jsr.ServerWebSocketContainer.invokeEndpointMethod(ServerWebSocketContainer.java:610) ~[undertow-websockets-jsr-2.2.7.Final.jar:2.2.7.Final]
	... 17 more
20:45:09.301 [XNIO-20 I/O-1] ERROR o.x.listener - XNIO001007: A channel event listener threw an exception
java.util.concurrent.RejectedExecutionException: XNIO007007: Thread is terminating
	at org.xnio.nio.WorkerThread.execute(WorkerThread.java:620) ~[xnio-nio-3.8.0.Final.jar:3.8.0.Final]
	at io.undertow.websockets.jsr.UndertowSession$3.handleEvent(UndertowSession.java:396) ~[undertow-websockets-jsr-2.2.7.Final.jar:2.2.7.Final]
	at io.undertow.websockets.jsr.UndertowSession$3.handleEvent(UndertowSession.java:388) ~[undertow-websockets-jsr-2.2.7.Final.jar:2.2.7.Final]
	at org.xnio.ChannelListeners.invokeChannelListener(ChannelListeners.java:92) [xnio-api-3.8.0.Final.jar:3.8.0.Final]
	at io.undertow.server.protocol.framed.AbstractFramedChannel$FrameCloseListener.handleEvent(AbstractFramedChannel.java:1075) [undertow-core-2.2.7.Final.jar:2.2.7.Final]
	at io.undertow.server.protocol.framed.AbstractFramedChannel$FrameCloseListener.handleEvent(AbstractFramedChannel.java:990) [undertow-core-2.2.7.Final.jar:2.2.7.Final]
	at org.xnio.ChannelListeners.invokeChannelListener(ChannelListeners.java:92) [xnio-api-3.8.0.Final.jar:3.8.0.Final]
	at org.xnio.conduits.ReadReadyHandler$ChannelListenerHandler.terminated(ReadReadyHandler.java:71) [xnio-api-3.8.0.Final.jar:3.8.0.Final]
	at org.xnio.nio.NioSocketConduit.readTerminated(NioSocketConduit.java:332) [xnio-nio-3.8.0.Final.jar:3.8.0.Final]
	at org.xnio.nio.NioSocketConduit.terminateReads(NioSocketConduit.java:325) [xnio-nio-3.8.0.Final.jar:3.8.0.Final]
	at io.undertow.conduits.IdleTimeoutConduit.terminateReads(IdleTimeoutConduit.java:236) [undertow-core-2.2.7.Final.jar:2.2.7.Final]
	at org.xnio.conduits.ConduitStreamSourceChannel.close(ConduitStreamSourceChannel.java:168) [xnio-api-3.8.0.Final.jar:3.8.0.Final]
	at org.xnio.IoUtils.safeClose(IoUtils.java:152) [xnio-api-3.8.0.Final.jar:3.8.0.Final]
	at org.xnio.conduits.ReadReadyHandler$ChannelListenerHandler.forceTermination(ReadReadyHandler.java:58) [xnio-api-3.8.0.Final.jar:3.8.0.Final]
	at org.xnio.nio.NioSocketConduit.forceTermination(NioSocketConduit.java:106) [xnio-nio-3.8.0.Final.jar:3.8.0.Final]
	at org.xnio.nio.WorkerThread.run(WorkerThread.java:507) [xnio-nio-3.8.0.Final.jar:3.8.0.Final]
]]></system-out>
  <system-err><![CDATA[5月 09, 2021 8:44:01 下午 org.apache.coyote.AbstractProtocol init
信息: Initializing ProtocolHandler ["http-nio-auto-5"]
5月 09, 2021 8:44:01 下午 org.apache.catalina.core.StandardService startInternal
信息: Starting service [Tomcat]
5月 09, 2021 8:44:01 下午 org.apache.catalina.core.StandardEngine startInternal
信息: Starting Servlet engine: [Apache Tomcat/9.0.45]
5月 09, 2021 8:44:01 下午 org.apache.coyote.AbstractProtocol start
信息: Starting ProtocolHandler ["http-nio-auto-5-65044"]
5月 09, 2021 8:44:01 下午 org.apache.catalina.core.ApplicationContext log
信息: Initializing Spring DispatcherServlet 'dispatcherServlet'
5月 09, 2021 8:44:01 下午 org.apache.catalina.core.ApplicationContext log
信息: Destroying Spring FrameworkServlet 'dispatcherServlet'
5月 09, 2021 8:44:01 下午 org.apache.coyote.AbstractProtocol pause
信息: Pausing ProtocolHandler ["http-nio-auto-5-65044"]
5月 09, 2021 8:44:02 下午 org.apache.catalina.core.StandardService stopInternal
信息: Stopping service [Tomcat]
5月 09, 2021 8:44:02 下午 org.apache.coyote.AbstractProtocol stop
信息: Stopping ProtocolHandler ["http-nio-auto-5-65044"]
5月 09, 2021 8:44:12 下午 org.apache.tomcat.util.net.Acceptor stop
警告: The acceptor thread [http-nio-auto-5-Acceptor] did not stop cleanly
5月 09, 2021 8:44:12 下午 org.apache.coyote.AbstractProtocol init
信息: Initializing ProtocolHandler ["http-nio-auto-6"]
5月 09, 2021 8:44:12 下午 org.apache.catalina.core.StandardService startInternal
信息: Starting service [Tomcat]
5月 09, 2021 8:44:12 下午 org.apache.catalina.core.StandardEngine startInternal
信息: Starting Servlet engine: [Apache Tomcat/9.0.45]
5月 09, 2021 8:44:12 下午 org.apache.coyote.AbstractProtocol start
信息: Starting ProtocolHandler ["http-nio-auto-6-65148"]
5月 09, 2021 8:44:12 下午 org.apache.catalina.core.ApplicationContext log
信息: Initializing Spring DispatcherServlet 'dispatcherServlet'
5月 09, 2021 8:44:12 下午 org.apache.catalina.core.ApplicationContext log
信息: Destroying Spring FrameworkServlet 'dispatcherServlet'
5月 09, 2021 8:44:12 下午 org.apache.coyote.AbstractProtocol pause
信息: Pausing ProtocolHandler ["http-nio-auto-6-65148"]
5月 09, 2021 8:44:13 下午 org.apache.catalina.core.StandardService stopInternal
信息: Stopping service [Tomcat]
5月 09, 2021 8:44:13 下午 org.apache.coyote.AbstractProtocol stop
信息: Stopping ProtocolHandler ["http-nio-auto-6-65148"]
5月 09, 2021 8:44:23 下午 org.apache.tomcat.util.net.Acceptor stop
警告: The acceptor thread [http-nio-auto-6-Acceptor] did not stop cleanly
5月 09, 2021 8:44:24 下午 org.apache.coyote.AbstractProtocol init
信息: Initializing ProtocolHandler ["http-nio-auto-7"]
5月 09, 2021 8:44:24 下午 org.apache.catalina.core.StandardService startInternal
信息: Starting service [Tomcat]
5月 09, 2021 8:44:24 下午 org.apache.catalina.core.StandardEngine startInternal
信息: Starting Servlet engine: [Apache Tomcat/9.0.45]
5月 09, 2021 8:44:24 下午 org.apache.coyote.AbstractProtocol start
信息: Starting ProtocolHandler ["http-nio-auto-7-49183"]
5月 09, 2021 8:44:24 下午 org.apache.catalina.core.ApplicationContext log
信息: Initializing Spring DispatcherServlet 'dispatcherServlet'
5月 09, 2021 8:44:24 下午 org.apache.catalina.core.ApplicationContext log
信息: Destroying Spring FrameworkServlet 'dispatcherServlet'
5月 09, 2021 8:44:24 下午 org.apache.coyote.AbstractProtocol pause
信息: Pausing ProtocolHandler ["http-nio-auto-7-49183"]
5月 09, 2021 8:44:25 下午 org.apache.catalina.core.StandardService stopInternal
信息: Stopping service [Tomcat]
5月 09, 2021 8:44:25 下午 org.apache.coyote.AbstractProtocol stop
信息: Stopping ProtocolHandler ["http-nio-auto-7-49183"]
5月 09, 2021 8:44:35 下午 org.apache.tomcat.util.net.Acceptor stop
警告: The acceptor thread [http-nio-auto-7-Acceptor] did not stop cleanly
5月 09, 2021 8:44:35 下午 org.apache.coyote.AbstractProtocol init
信息: Initializing ProtocolHandler ["http-nio-auto-8"]
5月 09, 2021 8:44:35 下午 org.apache.catalina.core.StandardService startInternal
信息: Starting service [Tomcat]
5月 09, 2021 8:44:35 下午 org.apache.catalina.core.StandardEngine startInternal
信息: Starting Servlet engine: [Apache Tomcat/9.0.45]
5月 09, 2021 8:44:35 下午 org.apache.coyote.AbstractProtocol start
信息: Starting ProtocolHandler ["http-nio-auto-8-49277"]
5月 09, 2021 8:44:35 下午 org.apache.catalina.core.ApplicationContext log
信息: Initializing Spring DispatcherServlet 'dispatcherServlet'
5月 09, 2021 8:44:35 下午 org.apache.catalina.core.ApplicationContext log
信息: Destroying Spring FrameworkServlet 'dispatcherServlet'
5月 09, 2021 8:44:35 下午 org.apache.coyote.AbstractProtocol pause
信息: Pausing ProtocolHandler ["http-nio-auto-8-49277"]
5月 09, 2021 8:44:36 下午 org.apache.catalina.core.StandardService stopInternal
信息: Stopping service [Tomcat]
5月 09, 2021 8:44:36 下午 org.apache.coyote.AbstractProtocol stop
信息: Stopping ProtocolHandler ["http-nio-auto-8-49277"]
5月 09, 2021 8:44:46 下午 org.apache.tomcat.util.net.Acceptor stop
警告: The acceptor thread [http-nio-auto-8-Acceptor] did not stop cleanly
5月 09, 2021 8:44:46 下午 org.apache.coyote.AbstractProtocol init
信息: Initializing ProtocolHandler ["http-nio-auto-9"]
5月 09, 2021 8:44:46 下午 org.apache.catalina.core.StandardService startInternal
信息: Starting service [Tomcat]
5月 09, 2021 8:44:46 下午 org.apache.catalina.core.StandardEngine startInternal
信息: Starting Servlet engine: [Apache Tomcat/9.0.45]
5月 09, 2021 8:44:46 下午 org.apache.coyote.AbstractProtocol start
信息: Starting ProtocolHandler ["http-nio-auto-9-49363"]
5月 09, 2021 8:44:46 下午 org.apache.catalina.core.ApplicationContext log
信息: Initializing Spring DispatcherServlet 'dispatcherServlet'
5月 09, 2021 8:44:46 下午 org.apache.catalina.core.ApplicationContext log
信息: Destroying Spring FrameworkServlet 'dispatcherServlet'
5月 09, 2021 8:44:46 下午 org.apache.coyote.AbstractProtocol pause
信息: Pausing ProtocolHandler ["http-nio-auto-9-49363"]
5月 09, 2021 8:44:47 下午 org.apache.catalina.core.StandardService stopInternal
信息: Stopping service [Tomcat]
5月 09, 2021 8:44:47 下午 org.apache.coyote.AbstractProtocol stop
信息: Stopping ProtocolHandler ["http-nio-auto-9-49363"]
5月 09, 2021 8:44:57 下午 org.apache.tomcat.util.net.Acceptor stop
警告: The acceptor thread [http-nio-auto-9-Acceptor] did not stop cleanly
5月 09, 2021 8:44:58 下午 org.apache.coyote.AbstractProtocol init
信息: Initializing ProtocolHandler ["http-nio-auto-10"]
5月 09, 2021 8:44:58 下午 org.apache.catalina.core.StandardService startInternal
信息: Starting service [Tomcat]
5月 09, 2021 8:44:58 下午 org.apache.catalina.core.StandardEngine startInternal
信息: Starting Servlet engine: [Apache Tomcat/9.0.45]
5月 09, 2021 8:44:58 下午 org.apache.coyote.AbstractProtocol start
信息: Starting ProtocolHandler ["http-nio-auto-10-49479"]
5月 09, 2021 8:44:58 下午 org.apache.catalina.core.ApplicationContext log
信息: Initializing Spring DispatcherServlet 'dispatcherServlet'
5月 09, 2021 8:44:58 下午 org.apache.catalina.core.ApplicationContext log
信息: Destroying Spring FrameworkServlet 'dispatcherServlet'
5月 09, 2021 8:44:58 下午 org.apache.coyote.AbstractProtocol pause
信息: Pausing ProtocolHandler ["http-nio-auto-10-49479"]
5月 09, 2021 8:44:59 下午 org.apache.catalina.core.StandardService stopInternal
信息: Stopping service [Tomcat]
5月 09, 2021 8:44:59 下午 org.apache.coyote.AbstractProtocol stop
信息: Stopping ProtocolHandler ["http-nio-auto-10-49479"]
5月 09, 2021 8:45:09 下午 org.apache.tomcat.util.net.Acceptor stop
警告: The acceptor thread [http-nio-auto-10-Acceptor] did not stop cleanly
]]></system-err>
</testsuite>
