<?xml version="1.0" encoding="UTF-8"?>
<testsuite name="org.springframework.web.socket.server.standard.SpringConfiguratorTests" tests="3" skipped="0" failures="0" errors="0" timestamp="2021-04-26T07:40:53" hostname="wangweilideMacBook-Pro.local" time="0.095">
  <properties/>
  <testcase name="getEndpointSingletonByComponentName()" classname="org.springframework.web.socket.server.standard.SpringConfiguratorTests" time="0.046"/>
  <testcase name="getEndpointSingletonByType()" classname="org.springframework.web.socket.server.standard.SpringConfiguratorTests" time="0.023"/>
  <testcase name="getEndpointPerConnection()" classname="org.springframework.web.socket.server.standard.SpringConfiguratorTests" time="0.026"/>
  <system-out><![CDATA[]]></system-out>
  <system-err><![CDATA[]]></system-err>
</testsuite>
