<?xml version="1.0" encoding="UTF-8"?>
<testsuite name="org.springframework.web.socket.handler.ConcurrentWebSocketSessionDecoratorTests" tests="7" skipped="0" failures="0" errors="0" timestamp="2021-05-09T12:43:04" hostname="wangweilidembp" time="0.503">
  <properties/>
  <testcase name="sendBufferSizeExceeded()" classname="org.springframework.web.socket.handler.ConcurrentWebSocketSessionDecoratorTests" time="0.018"/>
  <testcase name="sendTimeLimitExceeded()" classname="org.springframework.web.socket.handler.ConcurrentWebSocketSessionDecoratorTests" time="0.205"/>
  <testcase name="sendAfterBlockedSend()" classname="org.springframework.web.socket.handler.ConcurrentWebSocketSessionDecoratorTests" time="0.052"/>
  <testcase name="overflowStrategyDrop()" classname="org.springframework.web.socket.handler.ConcurrentWebSocketSessionDecoratorTests" time="0.002"/>
  <testcase name="send()" classname="org.springframework.web.socket.handler.ConcurrentWebSocketSessionDecoratorTests" time="0.002"/>
  <testcase name="closeStatusChangesToSessionNotReliable()" classname="org.springframework.web.socket.handler.ConcurrentWebSocketSessionDecoratorTests" time="0.204"/>
  <testcase name="closeStatusNormal()" classname="org.springframework.web.socket.handler.ConcurrentWebSocketSessionDecoratorTests" time="0.001"/>
  <system-out><![CDATA[]]></system-out>
  <system-err><![CDATA[]]></system-err>
</testsuite>
