<?xml version="1.0" encoding="UTF-8"?>
<testsuite name="org.springframework.web.socket.sockjs.transport.handler.SockJsWebSocketHandlerTests" tests="2" skipped="0" failures="0" errors="0" timestamp="2021-05-09T12:44:00" hostname="wangweilidembp" time="0.004">
  <properties/>
  <testcase name="getSubProtocols()" classname="org.springframework.web.socket.sockjs.transport.handler.SockJsWebSocketHandlerTests" time="0.002"/>
  <testcase name="getSubProtocolsNone()" classname="org.springframework.web.socket.sockjs.transport.handler.SockJsWebSocketHandlerTests" time="0.001"/>
  <system-out><![CDATA[]]></system-out>
  <system-err><![CDATA[]]></system-err>
</testsuite>
