<?xml version="1.0" encoding="UTF-8"?>
<testsuite name="org.springframework.web.socket.server.standard.SpringConfiguratorTests" tests="3" skipped="0" failures="0" errors="0" timestamp="2021-05-09T12:44:00" hostname="wangweilidembp" time="0.065">
  <properties/>
  <testcase name="getEndpointSingletonByComponentName()" classname="org.springframework.web.socket.server.standard.SpringConfiguratorTests" time="0.03"/>
  <testcase name="getEndpointSingletonByType()" classname="org.springframework.web.socket.server.standard.SpringConfiguratorTests" time="0.018"/>
  <testcase name="getEndpointPerConnection()" classname="org.springframework.web.socket.server.standard.SpringConfiguratorTests" time="0.017"/>
  <system-out><![CDATA[]]></system-out>
  <system-err><![CDATA[]]></system-err>
</testsuite>
