<?xml version="1.0" encoding="UTF-8"?>
<testsuite name="org.springframework.web.socket.WebSocketExtensionTests" tests="3" skipped="0" failures="0" errors="0" timestamp="2021-04-26T07:40:53" hostname="wangweilideMacBook-Pro.local" time="0.003">
  <properties/>
  <testcase name="parseHeaderSingle()" classname="org.springframework.web.socket.WebSocketExtensionTests" time="0.0"/>
  <testcase name="equality()" classname="org.springframework.web.socket.WebSocketExtensionTests" time="0.002"/>
  <testcase name="parseHeaderMultiple()" classname="org.springframework.web.socket.WebSocketExtensionTests" time="0.001"/>
  <system-out><![CDATA[]]></system-out>
  <system-err><![CDATA[]]></system-err>
</testsuite>
