<?xml version="1.0" encoding="UTF-8"?>
<testsuite name="org.springframework.web.socket.WebSocketHandshakeTests" tests="6" skipped="0" failures="0" errors="0" timestamp="2021-05-01T09:47:45" hostname="wangweilideMBP.lan" time="22.531">
  <properties/>
  <testcase name="[1] server [org.springframework.web.socket.JettyWebSocketTestServer@70e66194], client [org.springframework.web.socket.client.jetty.JettyWebSocketClient@49a9d0e1]" classname="org.springframework.web.socket.WebSocketHandshakeTests" time="0.051"/>
  <testcase name="[2] server [org.springframework.web.socket.TomcatWebSocketTestServer@4a241304], client [org.springframework.web.socket.client.standard.StandardWebSocketClient@5755021e]" classname="org.springframework.web.socket.WebSocketHandshakeTests" time="11.199"/>
  <testcase name="[3] server [org.springframework.web.socket.UndertowTestServer@15684705], client [org.springframework.web.socket.client.standard.StandardWebSocketClient@3d059147]" classname="org.springframework.web.socket.WebSocketHandshakeTests" time="0.029"/>
  <testcase name="[1] server [org.springframework.web.socket.JettyWebSocketTestServer@73c68be2], client [org.springframework.web.socket.client.jetty.JettyWebSocketClient@2209a8e7]" classname="org.springframework.web.socket.WebSocketHandshakeTests" time="0.036"/>
  <testcase name="[2] server [org.springframework.web.socket.TomcatWebSocketTestServer@4f173bdf], client [org.springframework.web.socket.client.standard.StandardWebSocketClient@7205ccb8]" classname="org.springframework.web.socket.WebSocketHandshakeTests" time="11.17"/>
  <testcase name="[3] server [org.springframework.web.socket.UndertowTestServer@6d6de847], client [org.springframework.web.socket.client.standard.StandardWebSocketClient@1c930182]" classname="org.springframework.web.socket.WebSocketHandshakeTests" time="0.043"/>
  <system-out><![CDATA[17:47:56.710 [XNIO-6 I/O-3] ERROR o.x.listener - XNIO001007: A channel event listener threw an exception
java.util.concurrent.RejectedExecutionException: XNIO007007: Thread is terminating
	at org.xnio.nio.WorkerThread.execute(WorkerThread.java:620) ~[xnio-nio-3.8.0.Final.jar:3.8.0.Final]
	at io.undertow.websockets.jsr.UndertowSession$3.handleEvent(UndertowSession.java:396) ~[undertow-websockets-jsr-2.2.7.Final.jar:2.2.7.Final]
	at io.undertow.websockets.jsr.UndertowSession$3.handleEvent(UndertowSession.java:388) ~[undertow-websockets-jsr-2.2.7.Final.jar:2.2.7.Final]
	at org.xnio.ChannelListeners.invokeChannelListener(ChannelListeners.java:92) [xnio-api-3.8.0.Final.jar:3.8.0.Final]
	at io.undertow.server.protocol.framed.AbstractFramedChannel$FrameCloseListener.handleEvent(AbstractFramedChannel.java:1075) [undertow-core-2.2.7.Final.jar:2.2.7.Final]
	at io.undertow.server.protocol.framed.AbstractFramedChannel$FrameCloseListener.handleEvent(AbstractFramedChannel.java:990) [undertow-core-2.2.7.Final.jar:2.2.7.Final]
	at org.xnio.ChannelListeners.invokeChannelListener(ChannelListeners.java:92) [xnio-api-3.8.0.Final.jar:3.8.0.Final]
	at org.xnio.conduits.WriteReadyHandler$ChannelListenerHandler.terminated(WriteReadyHandler.java:70) [xnio-api-3.8.0.Final.jar:3.8.0.Final]
	at org.xnio.nio.NioSocketConduit.writeTerminated(NioSocketConduit.java:204) [xnio-nio-3.8.0.Final.jar:3.8.0.Final]
	at org.xnio.nio.NioSocketConduit.terminateWrites(NioSocketConduit.java:193) [xnio-nio-3.8.0.Final.jar:3.8.0.Final]
	at org.xnio.nio.NioSocketConduit.truncateWrites(NioSocketConduit.java:198) [xnio-nio-3.8.0.Final.jar:3.8.0.Final]
	at io.undertow.conduits.IdleTimeoutConduit.truncateWrites(IdleTimeoutConduit.java:387) [undertow-core-2.2.7.Final.jar:2.2.7.Final]
	at org.xnio.conduits.ConduitStreamSinkChannel.close(ConduitStreamSinkChannel.java:186) [xnio-api-3.8.0.Final.jar:3.8.0.Final]
	at org.xnio.IoUtils.safeClose(IoUtils.java:152) [xnio-api-3.8.0.Final.jar:3.8.0.Final]
	at org.xnio.conduits.WriteReadyHandler$ChannelListenerHandler.forceTermination(WriteReadyHandler.java:57) [xnio-api-3.8.0.Final.jar:3.8.0.Final]
	at org.xnio.nio.NioSocketConduit.forceTermination(NioSocketConduit.java:108) [xnio-nio-3.8.0.Final.jar:3.8.0.Final]
	at org.xnio.nio.WorkerThread.run(WorkerThread.java:507) [xnio-nio-3.8.0.Final.jar:3.8.0.Final]
]]></system-out>
  <system-err><![CDATA[May 01, 2021 5:47:45 PM org.apache.coyote.AbstractProtocol init
INFO: Initializing ProtocolHandler ["http-nio-auto-3"]
May 01, 2021 5:47:45 PM org.apache.catalina.core.StandardService startInternal
INFO: Starting service [Tomcat]
May 01, 2021 5:47:45 PM org.apache.catalina.core.StandardEngine startInternal
INFO: Starting Servlet engine: [Apache Tomcat/9.0.45]
May 01, 2021 5:47:45 PM org.apache.coyote.AbstractProtocol start
INFO: Starting ProtocolHandler ["http-nio-auto-3-51799"]
May 01, 2021 5:47:45 PM org.apache.catalina.core.ApplicationContext log
INFO: Initializing Spring DispatcherServlet 'dispatcherServlet'
May 01, 2021 5:47:45 PM org.apache.catalina.core.ApplicationContext log
INFO: Destroying Spring FrameworkServlet 'dispatcherServlet'
May 01, 2021 5:47:45 PM org.apache.coyote.AbstractProtocol pause
INFO: Pausing ProtocolHandler ["http-nio-auto-3-51799"]
May 01, 2021 5:47:46 PM org.apache.catalina.core.StandardService stopInternal
INFO: Stopping service [Tomcat]
May 01, 2021 5:47:46 PM org.apache.coyote.AbstractProtocol stop
INFO: Stopping ProtocolHandler ["http-nio-auto-3-51799"]
May 01, 2021 5:47:56 PM org.apache.tomcat.util.net.Acceptor stop
WARNING: The acceptor thread [http-nio-auto-3-Acceptor] did not stop cleanly
May 01, 2021 5:47:56 PM org.apache.coyote.AbstractProtocol init
INFO: Initializing ProtocolHandler ["http-nio-auto-4"]
May 01, 2021 5:47:56 PM org.apache.catalina.core.StandardService startInternal
INFO: Starting service [Tomcat]
May 01, 2021 5:47:56 PM org.apache.catalina.core.StandardEngine startInternal
INFO: Starting Servlet engine: [Apache Tomcat/9.0.45]
May 01, 2021 5:47:56 PM org.apache.coyote.AbstractProtocol start
INFO: Starting ProtocolHandler ["http-nio-auto-4-51869"]
May 01, 2021 5:47:56 PM org.apache.catalina.core.ApplicationContext log
INFO: Initializing Spring DispatcherServlet 'dispatcherServlet'
May 01, 2021 5:47:56 PM org.apache.catalina.core.ApplicationContext log
INFO: Destroying Spring FrameworkServlet 'dispatcherServlet'
May 01, 2021 5:47:56 PM org.apache.coyote.AbstractProtocol pause
INFO: Pausing ProtocolHandler ["http-nio-auto-4-51869"]
May 01, 2021 5:47:57 PM org.apache.catalina.core.StandardService stopInternal
INFO: Stopping service [Tomcat]
May 01, 2021 5:47:57 PM org.apache.coyote.AbstractProtocol stop
INFO: Stopping ProtocolHandler ["http-nio-auto-4-51869"]
May 01, 2021 5:48:07 PM org.apache.tomcat.util.net.Acceptor stop
WARNING: The acceptor thread [http-nio-auto-4-Acceptor] did not stop cleanly
]]></system-err>
</testsuite>
