<?xml version="1.0" encoding="UTF-8"?>
<testsuite name="org.springframework.web.socket.adapter.standard.StandardWebSocketHandlerAdapterTests" tests="3" skipped="0" failures="0" errors="0" timestamp="2021-05-09T12:44:00" hostname="wangweilidembp" time="0.027">
  <properties/>
  <testcase name="onClose()" classname="org.springframework.web.socket.adapter.standard.StandardWebSocketHandlerAdapterTests" time="0.022"/>
  <testcase name="onError()" classname="org.springframework.web.socket.adapter.standard.StandardWebSocketHandlerAdapterTests" time="0.001"/>
  <testcase name="onOpen()" classname="org.springframework.web.socket.adapter.standard.StandardWebSocketHandlerAdapterTests" time="0.004"/>
  <system-out><![CDATA[]]></system-out>
  <system-err><![CDATA[]]></system-err>
</testsuite>
