<?xml version="1.0" encoding="UTF-8"?>
<testsuite name="org.springframework.web.socket.config.annotation.WebSocketConfigurationTests" tests="6" skipped="0" failures="0" errors="0" timestamp="2021-05-01T09:47:19" hostname="wangweilideMBP.lan" time="24.933">
  <properties/>
  <testcase name="[1] server [org.springframework.web.socket.JettyWebSocketTestServer@16013829], client [org.springframework.web.socket.client.jetty.JettyWebSocketClient@f512d2e]" classname="org.springframework.web.socket.config.annotation.WebSocketConfigurationTests" time="1.272"/>
  <testcase name="[2] server [org.springframework.web.socket.TomcatWebSocketTestServer@edf8d42], client [org.springframework.web.socket.client.standard.StandardWebSocketClient@3b8114c5]" classname="org.springframework.web.socket.config.annotation.WebSocketConfigurationTests" time="12.047"/>
  <testcase name="[3] server [org.springframework.web.socket.UndertowTestServer@3f7631c1], client [org.springframework.web.socket.client.standard.StandardWebSocketClient@2b94bc7b]" classname="org.springframework.web.socket.config.annotation.WebSocketConfigurationTests" time="0.307"/>
  <testcase name="[1] server [org.springframework.web.socket.JettyWebSocketTestServer@b2e6525], client [org.springframework.web.socket.client.jetty.JettyWebSocketClient@1585a856]" classname="org.springframework.web.socket.config.annotation.WebSocketConfigurationTests" time="0.066"/>
  <testcase name="[2] server [org.springframework.web.socket.TomcatWebSocketTestServer@7a6967c7], client [org.springframework.web.socket.client.standard.StandardWebSocketClient@5ca705f2]" classname="org.springframework.web.socket.config.annotation.WebSocketConfigurationTests" time="11.2"/>
  <testcase name="[3] server [org.springframework.web.socket.UndertowTestServer@4c1900f7], client [org.springframework.web.socket.client.standard.StandardWebSocketClient@1da8564d]" classname="org.springframework.web.socket.config.annotation.WebSocketConfigurationTests" time="0.037"/>
  <system-out><![CDATA[17:47:32.938 [XNIO-2 I/O-13] ERROR o.x.listener - XNIO001007: A channel event listener threw an exception
java.lang.RuntimeException: java.util.concurrent.RejectedExecutionException: XNIO007007: Thread is terminating
	at io.undertow.websockets.jsr.ServerWebSocketContainer.invokeEndpointMethod(ServerWebSocketContainer.java:612) ~[undertow-websockets-jsr-2.2.7.Final.jar:2.2.7.Final]
	at io.undertow.websockets.jsr.ServerWebSocketContainer.invokeEndpointMethod(ServerWebSocketContainer.java:600) ~[undertow-websockets-jsr-2.2.7.Final.jar:2.2.7.Final]
	at io.undertow.websockets.jsr.FrameHandler.onFullCloseMessage(FrameHandler.java:100) ~[undertow-websockets-jsr-2.2.7.Final.jar:2.2.7.Final]
	at io.undertow.websockets.core.AbstractReceiveListener$1.complete(AbstractReceiveListener.java:136) ~[undertow-core-2.2.7.Final.jar:2.2.7.Final]
	at io.undertow.websockets.core.AbstractReceiveListener$1.complete(AbstractReceiveListener.java:124) ~[undertow-core-2.2.7.Final.jar:2.2.7.Final]
	at io.undertow.websockets.core.BufferedBinaryMessage.read(BufferedBinaryMessage.java:95) ~[undertow-core-2.2.7.Final.jar:2.2.7.Final]
	at io.undertow.websockets.core.AbstractReceiveListener.readBufferedBinary(AbstractReceiveListener.java:124) ~[undertow-core-2.2.7.Final.jar:2.2.7.Final]
	at io.undertow.websockets.core.AbstractReceiveListener.bufferFullMessage(AbstractReceiveListener.java:98) ~[undertow-core-2.2.7.Final.jar:2.2.7.Final]
	at io.undertow.websockets.core.AbstractReceiveListener.onClose(AbstractReceiveListener.java:62) ~[undertow-core-2.2.7.Final.jar:2.2.7.Final]
	at io.undertow.websockets.core.AbstractReceiveListener.handleEvent(AbstractReceiveListener.java:50) ~[undertow-core-2.2.7.Final.jar:2.2.7.Final]
	at io.undertow.websockets.core.AbstractReceiveListener.handleEvent(AbstractReceiveListener.java:33) ~[undertow-core-2.2.7.Final.jar:2.2.7.Final]
	at org.xnio.ChannelListeners.invokeChannelListener(ChannelListeners.java:92) [xnio-api-3.8.0.Final.jar:3.8.0.Final]
	at io.undertow.server.protocol.framed.AbstractFramedChannel$FrameReadListener.handleEvent(AbstractFramedChannel.java:952) [undertow-core-2.2.7.Final.jar:2.2.7.Final]
	at io.undertow.server.protocol.framed.AbstractFramedChannel$FrameReadListener.handleEvent(AbstractFramedChannel.java:932) [undertow-core-2.2.7.Final.jar:2.2.7.Final]
	at org.xnio.ChannelListeners.invokeChannelListener(ChannelListeners.java:92) [xnio-api-3.8.0.Final.jar:3.8.0.Final]
	at org.xnio.conduits.ReadReadyHandler$ChannelListenerHandler.readReady(ReadReadyHandler.java:66) [xnio-api-3.8.0.Final.jar:3.8.0.Final]
	at org.xnio.nio.NioSocketConduit.handleReady(NioSocketConduit.java:89) [xnio-nio-3.8.0.Final.jar:3.8.0.Final]
	at org.xnio.nio.WorkerThread.run(WorkerThread.java:591) [xnio-nio-3.8.0.Final.jar:3.8.0.Final]
Caused by: java.util.concurrent.RejectedExecutionException: XNIO007007: Thread is terminating
	at org.xnio.nio.WorkerThread.execute(WorkerThread.java:620) ~[xnio-nio-3.8.0.Final.jar:3.8.0.Final]
	at io.undertow.websockets.jsr.UndertowSession.close0(UndertowSession.java:361) ~[undertow-websockets-jsr-2.2.7.Final.jar:2.2.7.Final]
	at io.undertow.websockets.jsr.UndertowSession.closeInternal(UndertowSession.java:241) ~[undertow-websockets-jsr-2.2.7.Final.jar:2.2.7.Final]
	at io.undertow.websockets.jsr.FrameHandler$1.run(FrameHandler.java:107) ~[undertow-websockets-jsr-2.2.7.Final.jar:2.2.7.Final]
	at io.undertow.websockets.jsr.ServerWebSocketContainer$1.call(ServerWebSocketContainer.java:170) ~[undertow-websockets-jsr-2.2.7.Final.jar:2.2.7.Final]
	at io.undertow.websockets.jsr.ServerWebSocketContainer$1.call(ServerWebSocketContainer.java:167) ~[undertow-websockets-jsr-2.2.7.Final.jar:2.2.7.Final]
	at io.undertow.servlet.core.ContextClassLoaderSetupAction$1.call(ContextClassLoaderSetupAction.java:43) ~[undertow-servlet-2.2.7.Final.jar:2.2.7.Final]
	at io.undertow.websockets.jsr.ServerWebSocketContainer.invokeEndpointMethod(ServerWebSocketContainer.java:610) ~[undertow-websockets-jsr-2.2.7.Final.jar:2.2.7.Final]
	... 17 more
17:47:32.939 [XNIO-2 I/O-13] ERROR o.x.listener - XNIO001007: A channel event listener threw an exception
java.util.concurrent.RejectedExecutionException: XNIO007007: Thread is terminating
	at org.xnio.nio.WorkerThread.execute(WorkerThread.java:620) ~[xnio-nio-3.8.0.Final.jar:3.8.0.Final]
	at io.undertow.websockets.jsr.UndertowSession$3.handleEvent(UndertowSession.java:396) ~[undertow-websockets-jsr-2.2.7.Final.jar:2.2.7.Final]
	at io.undertow.websockets.jsr.UndertowSession$3.handleEvent(UndertowSession.java:388) ~[undertow-websockets-jsr-2.2.7.Final.jar:2.2.7.Final]
	at org.xnio.ChannelListeners.invokeChannelListener(ChannelListeners.java:92) [xnio-api-3.8.0.Final.jar:3.8.0.Final]
	at io.undertow.server.protocol.framed.AbstractFramedChannel$FrameCloseListener.handleEvent(AbstractFramedChannel.java:1075) [undertow-core-2.2.7.Final.jar:2.2.7.Final]
	at io.undertow.server.protocol.framed.AbstractFramedChannel$FrameCloseListener.handleEvent(AbstractFramedChannel.java:990) [undertow-core-2.2.7.Final.jar:2.2.7.Final]
	at org.xnio.ChannelListeners.invokeChannelListener(ChannelListeners.java:92) [xnio-api-3.8.0.Final.jar:3.8.0.Final]
	at org.xnio.conduits.ReadReadyHandler$ChannelListenerHandler.terminated(ReadReadyHandler.java:71) [xnio-api-3.8.0.Final.jar:3.8.0.Final]
	at org.xnio.nio.NioSocketConduit.readTerminated(NioSocketConduit.java:332) [xnio-nio-3.8.0.Final.jar:3.8.0.Final]
	at org.xnio.nio.NioSocketConduit.terminateReads(NioSocketConduit.java:325) [xnio-nio-3.8.0.Final.jar:3.8.0.Final]
	at io.undertow.conduits.IdleTimeoutConduit.terminateReads(IdleTimeoutConduit.java:236) [undertow-core-2.2.7.Final.jar:2.2.7.Final]
	at org.xnio.conduits.ConduitStreamSourceChannel.close(ConduitStreamSourceChannel.java:168) [xnio-api-3.8.0.Final.jar:3.8.0.Final]
	at org.xnio.IoUtils.safeClose(IoUtils.java:152) [xnio-api-3.8.0.Final.jar:3.8.0.Final]
	at org.xnio.conduits.ReadReadyHandler$ChannelListenerHandler.forceTermination(ReadReadyHandler.java:58) [xnio-api-3.8.0.Final.jar:3.8.0.Final]
	at org.xnio.nio.NioSocketConduit.forceTermination(NioSocketConduit.java:106) [xnio-nio-3.8.0.Final.jar:3.8.0.Final]
	at org.xnio.nio.WorkerThread.run(WorkerThread.java:507) [xnio-nio-3.8.0.Final.jar:3.8.0.Final]
17:47:44.244 [XNIO-4 I/O-3] ERROR o.x.listener - XNIO001007: A channel event listener threw an exception
java.util.concurrent.RejectedExecutionException: XNIO007007: Thread is terminating
	at org.xnio.nio.WorkerThread.execute(WorkerThread.java:620) ~[xnio-nio-3.8.0.Final.jar:3.8.0.Final]
	at io.undertow.websockets.jsr.UndertowSession$3.handleEvent(UndertowSession.java:396) ~[undertow-websockets-jsr-2.2.7.Final.jar:2.2.7.Final]
	at io.undertow.websockets.jsr.UndertowSession$3.handleEvent(UndertowSession.java:388) ~[undertow-websockets-jsr-2.2.7.Final.jar:2.2.7.Final]
	at org.xnio.ChannelListeners.invokeChannelListener(ChannelListeners.java:92) [xnio-api-3.8.0.Final.jar:3.8.0.Final]
	at io.undertow.server.protocol.framed.AbstractFramedChannel$FrameCloseListener.handleEvent(AbstractFramedChannel.java:1075) [undertow-core-2.2.7.Final.jar:2.2.7.Final]
	at io.undertow.server.protocol.framed.AbstractFramedChannel$FrameCloseListener.handleEvent(AbstractFramedChannel.java:990) [undertow-core-2.2.7.Final.jar:2.2.7.Final]
	at org.xnio.ChannelListeners.invokeChannelListener(ChannelListeners.java:92) [xnio-api-3.8.0.Final.jar:3.8.0.Final]
	at org.xnio.conduits.ReadReadyHandler$ChannelListenerHandler.terminated(ReadReadyHandler.java:71) [xnio-api-3.8.0.Final.jar:3.8.0.Final]
	at org.xnio.nio.NioSocketConduit.readTerminated(NioSocketConduit.java:332) [xnio-nio-3.8.0.Final.jar:3.8.0.Final]
	at org.xnio.nio.NioSocketConduit.terminateReads(NioSocketConduit.java:325) [xnio-nio-3.8.0.Final.jar:3.8.0.Final]
	at io.undertow.conduits.IdleTimeoutConduit.terminateReads(IdleTimeoutConduit.java:236) [undertow-core-2.2.7.Final.jar:2.2.7.Final]
	at org.xnio.conduits.ConduitStreamSourceChannel.close(ConduitStreamSourceChannel.java:168) [xnio-api-3.8.0.Final.jar:3.8.0.Final]
	at org.xnio.IoUtils.safeClose(IoUtils.java:152) [xnio-api-3.8.0.Final.jar:3.8.0.Final]
	at org.xnio.conduits.ReadReadyHandler$ChannelListenerHandler.forceTermination(ReadReadyHandler.java:58) [xnio-api-3.8.0.Final.jar:3.8.0.Final]
	at org.xnio.nio.NioSocketConduit.forceTermination(NioSocketConduit.java:106) [xnio-nio-3.8.0.Final.jar:3.8.0.Final]
	at org.xnio.nio.WorkerThread.run(WorkerThread.java:507) [xnio-nio-3.8.0.Final.jar:3.8.0.Final]
]]></system-out>
  <system-err><![CDATA[May 01, 2021 5:47:20 PM org.apache.coyote.AbstractProtocol init
INFO: Initializing ProtocolHandler ["http-nio-auto-1"]
May 01, 2021 5:47:20 PM org.apache.catalina.core.StandardService startInternal
INFO: Starting service [Tomcat]
May 01, 2021 5:47:20 PM org.apache.catalina.core.StandardEngine startInternal
INFO: Starting Servlet engine: [Apache Tomcat/9.0.45]
May 01, 2021 5:47:21 PM org.apache.coyote.AbstractProtocol start
INFO: Starting ProtocolHandler ["http-nio-auto-1-51672"]
May 01, 2021 5:47:21 PM org.apache.catalina.core.ApplicationContext log
INFO: Initializing Spring DispatcherServlet 'dispatcherServlet'
May 01, 2021 5:47:21 PM org.apache.catalina.core.ApplicationContext log
INFO: Destroying Spring FrameworkServlet 'dispatcherServlet'
May 01, 2021 5:47:21 PM org.apache.coyote.AbstractProtocol pause
INFO: Pausing ProtocolHandler ["http-nio-auto-1-51672"]
May 01, 2021 5:47:22 PM org.apache.catalina.core.StandardService stopInternal
INFO: Stopping service [Tomcat]
May 01, 2021 5:47:22 PM org.apache.coyote.AbstractProtocol stop
INFO: Stopping ProtocolHandler ["http-nio-auto-1-51672"]
May 01, 2021 5:47:32 PM org.apache.tomcat.util.net.Acceptor stop
WARNING: The acceptor thread [http-nio-auto-1-Acceptor] did not stop cleanly
May 01, 2021 5:47:33 PM org.apache.coyote.AbstractProtocol init
INFO: Initializing ProtocolHandler ["http-nio-auto-2"]
May 01, 2021 5:47:33 PM org.apache.catalina.core.StandardService startInternal
INFO: Starting service [Tomcat]
May 01, 2021 5:47:33 PM org.apache.catalina.core.StandardEngine startInternal
INFO: Starting Servlet engine: [Apache Tomcat/9.0.45]
May 01, 2021 5:47:33 PM org.apache.coyote.AbstractProtocol start
INFO: Starting ProtocolHandler ["http-nio-auto-2-51737"]
May 01, 2021 5:47:33 PM org.apache.catalina.core.ApplicationContext log
INFO: Initializing Spring DispatcherServlet 'dispatcherServlet'
May 01, 2021 5:47:33 PM org.apache.catalina.core.ApplicationContext log
INFO: Destroying Spring FrameworkServlet 'dispatcherServlet'
May 01, 2021 5:47:33 PM org.apache.coyote.AbstractProtocol pause
INFO: Pausing ProtocolHandler ["http-nio-auto-2-51737"]
May 01, 2021 5:47:34 PM org.apache.catalina.core.StandardService stopInternal
INFO: Stopping service [Tomcat]
May 01, 2021 5:47:34 PM org.apache.coyote.AbstractProtocol stop
INFO: Stopping ProtocolHandler ["http-nio-auto-2-51737"]
May 01, 2021 5:47:44 PM org.apache.tomcat.util.net.Acceptor stop
WARNING: The acceptor thread [http-nio-auto-2-Acceptor] did not stop cleanly
]]></system-err>
</testsuite>
