<?xml version="1.0" encoding="UTF-8"?>
<testsuite name="org.springframework.web.socket.server.standard.ServerEndpointRegistrationTests" tests="2" skipped="0" failures="0" errors="0" timestamp="2021-05-01T09:48:08" hostname="wangweilideMBP.lan" time="0.008">
  <properties/>
  <testcase name="endpointSingleton()" classname="org.springframework.web.socket.server.standard.ServerEndpointRegistrationTests" time="0.001"/>
  <testcase name="endpointPerConnection()" classname="org.springframework.web.socket.server.standard.ServerEndpointRegistrationTests" time="0.007"/>
  <system-out><![CDATA[]]></system-out>
  <system-err><![CDATA[]]></system-err>
</testsuite>
