<?xml version="1.0" encoding="UTF-8"?>
<testsuite name="org.springframework.web.socket.messaging.OrderedMessageSendingIntegrationTests" tests="3" skipped="0" failures="0" errors="0" timestamp="2021-05-09T12:45:21" hostname="wangweilidembp" time="0.235">
  <properties/>
  <testcase name="sendAfterBlockedSend()" classname="org.springframework.web.socket.messaging.OrderedMessageSendingIntegrationTests" time="0.03"/>
  <testcase name="exceedBufferSizeLimit()" classname="org.springframework.web.socket.messaging.OrderedMessageSendingIntegrationTests" time="0.001"/>
  <testcase name="exceedTimeLimit()" classname="org.springframework.web.socket.messaging.OrderedMessageSendingIntegrationTests" time="0.204"/>
  <system-out><![CDATA[]]></system-out>
  <system-err><![CDATA[java.lang.InterruptedException
	at java.base/java.util.concurrent.locks.AbstractQueuedSynchronizer.doAcquireSharedInterruptibly(AbstractQueuedSynchronizer.java:1040)
	at java.base/java.util.concurrent.locks.AbstractQueuedSynchronizer.acquireSharedInterruptibly(AbstractQueuedSynchronizer.java:1345)
	at java.base/java.util.concurrent.CountDownLatch.await(CountDownLatch.java:232)
	at org.springframework.web.socket.handler.BlockingWebSocketSession.block(BlockingWebSocketSession.java:54)
	at org.springframework.web.socket.handler.BlockingWebSocketSession.sendMessage(BlockingWebSocketSession.java:48)
	at org.springframework.web.socket.handler.ConcurrentWebSocketSessionDecorator.tryFlushMessageBuffer(ConcurrentWebSocketSessionDecorator.java:190)
	at org.springframework.web.socket.handler.ConcurrentWebSocketSessionDecorator.sendMessage(ConcurrentWebSocketSessionDecorator.java:163)
	at org.springframework.web.socket.messaging.StompSubProtocolHandler.sendToClient(StompSubProtocolHandler.java:494)
	at org.springframework.web.socket.messaging.StompSubProtocolHandler.handleMessageToClient(StompSubProtocolHandler.java:481)
	at org.springframework.web.socket.messaging.OrderedMessageSendingIntegrationTests$TestMessageHandler.handleMessage(OrderedMessageSendingIntegrationTests.java:245)
	at org.springframework.messaging.support.ExecutorSubscribableChannel$SendTask.run(ExecutorSubscribableChannel.java:144)
	at java.base/java.util.concurrent.ThreadPoolExecutor.runWorker(ThreadPoolExecutor.java:1128)
	at java.base/java.util.concurrent.ThreadPoolExecutor$Worker.run(ThreadPoolExecutor.java:628)
	at java.base/java.lang.Thread.run(Thread.java:834)
java.lang.InterruptedException
	at java.base/java.util.concurrent.locks.AbstractQueuedSynchronizer.doAcquireSharedInterruptibly(AbstractQueuedSynchronizer.java:1040)
	at java.base/java.util.concurrent.locks.AbstractQueuedSynchronizer.acquireSharedInterruptibly(AbstractQueuedSynchronizer.java:1345)
	at java.base/java.util.concurrent.CountDownLatch.await(CountDownLatch.java:232)
	at org.springframework.web.socket.handler.BlockingWebSocketSession.block(BlockingWebSocketSession.java:54)
	at org.springframework.web.socket.handler.BlockingWebSocketSession.sendMessage(BlockingWebSocketSession.java:48)
	at org.springframework.web.socket.handler.ConcurrentWebSocketSessionDecorator.tryFlushMessageBuffer(ConcurrentWebSocketSessionDecorator.java:190)
	at org.springframework.web.socket.handler.ConcurrentWebSocketSessionDecorator.sendMessage(ConcurrentWebSocketSessionDecorator.java:163)
	at org.springframework.web.socket.messaging.StompSubProtocolHandler.sendToClient(StompSubProtocolHandler.java:494)
	at org.springframework.web.socket.messaging.StompSubProtocolHandler.handleMessageToClient(StompSubProtocolHandler.java:481)
	at org.springframework.web.socket.messaging.OrderedMessageSendingIntegrationTests$TestMessageHandler.handleMessage(OrderedMessageSendingIntegrationTests.java:245)
	at org.springframework.messaging.support.ExecutorSubscribableChannel$SendTask.run(ExecutorSubscribableChannel.java:144)
	at java.base/java.util.concurrent.ThreadPoolExecutor.runWorker(ThreadPoolExecutor.java:1128)
	at java.base/java.util.concurrent.ThreadPoolExecutor$Worker.run(ThreadPoolExecutor.java:628)
	at java.base/java.lang.Thread.run(Thread.java:834)
]]></system-err>
</testsuite>
