<?xml version="1.0" encoding="UTF-8"?>
<testsuite name="org.springframework.web.socket.handler.WebSocketHttpHeadersTests" tests="1" skipped="0" failures="0" errors="0" timestamp="2021-04-26T07:40:00" hostname="wangweilideMacBook-Pro.local" time="0.034">
  <properties/>
  <testcase name="parseWebSocketExtensions()" classname="org.springframework.web.socket.handler.WebSocketHttpHeadersTests" time="0.034"/>
  <system-out><![CDATA[]]></system-out>
  <system-err><![CDATA[]]></system-err>
</testsuite>
