<?xml version="1.0" encoding="UTF-8"?>
<testsuite name="org.springframework.web.socket.TextMessageTests" tests="2" skipped="0" failures="0" errors="0" timestamp="2021-05-01T09:48:08" hostname="wangweilideMBP.lan" time="0.001">
  <properties/>
  <testcase name="toStringWithMultibyteString()" classname="org.springframework.web.socket.TextMessageTests" time="0.001"/>
  <testcase name="toStringWithAscii()" classname="org.springframework.web.socket.TextMessageTests" time="0.0"/>
  <system-out><![CDATA[]]></system-out>
  <system-err><![CDATA[]]></system-err>
</testsuite>
