<?xml version="1.0" encoding="UTF-8"?>
<testsuite name="org.springframework.web.socket.messaging.SubProtocolWebSocketHandlerTests" tests="9" skipped="0" failures="0" errors="0" timestamp="2021-05-09T12:45:21" hostname="wangweilidembp" time="0.021">
  <properties/>
  <testcase name="noSubProtocolOneHandler()" classname="org.springframework.web.socket.messaging.SubProtocolWebSocketHandlerTests" time="0.007"/>
  <testcase name="subProtocolNoMatch()" classname="org.springframework.web.socket.messaging.SubProtocolWebSocketHandlerTests" time="0.002"/>
  <testcase name="nullSubProtocol()" classname="org.springframework.web.socket.messaging.SubProtocolWebSocketHandlerTests" time="0.002"/>
  <testcase name="noSubProtocolTwoHandlers()" classname="org.springframework.web.socket.messaging.SubProtocolWebSocketHandlerTests" time="0.001"/>
  <testcase name="subProtocolMatch()" classname="org.springframework.web.socket.messaging.SubProtocolWebSocketHandlerTests" time="0.001"/>
  <testcase name="emptySubProtocol()" classname="org.springframework.web.socket.messaging.SubProtocolWebSocketHandlerTests" time="0.002"/>
  <testcase name="subProtocolDefaultHandlerOnly()" classname="org.springframework.web.socket.messaging.SubProtocolWebSocketHandlerTests" time="0.001"/>
  <testcase name="noSubProtocolNoDefaultHandler()" classname="org.springframework.web.socket.messaging.SubProtocolWebSocketHandlerTests" time="0.001"/>
  <testcase name="checkSession()" classname="org.springframework.web.socket.messaging.SubProtocolWebSocketHandlerTests" time="0.002"/>
  <system-out><![CDATA[20:45:21.516 [Test worker] ERROR o.s.w.s.m.SubProtocolWebSocketHandler - No sub-protocols for defaultHandler
20:45:21.518 [Test worker] ERROR o.s.w.s.m.SubProtocolWebSocketHandler - No sub-protocols for defaultHandler
20:45:21.522 [Test worker] ERROR o.s.w.s.m.SubProtocolWebSocketHandler - No sub-protocols for defaultHandler
]]></system-out>
  <system-err><![CDATA[]]></system-err>
</testsuite>
