<?xml version="1.0" encoding="UTF-8"?>
<testsuite name="org.springframework.web.socket.adapter.standard.StandardWebSocketHandlerAdapterTests" tests="3" skipped="0" failures="0" errors="0" timestamp="2021-05-01T09:48:08" hostname="wangweilideMBP.lan" time="0.03">
  <properties/>
  <testcase name="onClose()" classname="org.springframework.web.socket.adapter.standard.StandardWebSocketHandlerAdapterTests" time="0.026"/>
  <testcase name="onError()" classname="org.springframework.web.socket.adapter.standard.StandardWebSocketHandlerAdapterTests" time="0.0"/>
  <testcase name="onOpen()" classname="org.springframework.web.socket.adapter.standard.StandardWebSocketHandlerAdapterTests" time="0.003"/>
  <system-out><![CDATA[]]></system-out>
  <system-err><![CDATA[]]></system-err>
</testsuite>
