<?xml version="1.0" encoding="UTF-8"?>
<testsuite name="org.springframework.web.socket.config.MessageBrokerBeanDefinitionParserTests" tests="8" skipped="0" failures="0" errors="0" timestamp="2021-05-09T12:43:36" hostname="wangweilidembp" time="0.863">
  <properties/>
  <testcase name="messageConvertersDefaultsOff()" classname="org.springframework.web.socket.config.MessageBrokerBeanDefinitionParserTests" time="0.181"/>
  <testcase name="simpleBroker()" classname="org.springframework.web.socket.config.MessageBrokerBeanDefinitionParserTests" time="0.113"/>
  <testcase name="customChannels()" classname="org.springframework.web.socket.config.MessageBrokerBeanDefinitionParserTests" time="0.048"/>
  <testcase name="customChannelsWithDefaultExecutor()" classname="org.springframework.web.socket.config.MessageBrokerBeanDefinitionParserTests" time="0.039"/>
  <testcase name="annotationMethodMessageHandler()" classname="org.springframework.web.socket.config.MessageBrokerBeanDefinitionParserTests" time="0.053"/>
  <testcase name="messageConverters()" classname="org.springframework.web.socket.config.MessageBrokerBeanDefinitionParserTests" time="0.036"/>
  <testcase name="customArgumentAndReturnValueTypes()" classname="org.springframework.web.socket.config.MessageBrokerBeanDefinitionParserTests" time="0.04"/>
  <testcase name="stompBrokerRelay()" classname="org.springframework.web.socket.config.MessageBrokerBeanDefinitionParserTests" time="0.349"/>
  <system-out><![CDATA[]]></system-out>
  <system-err><![CDATA[]]></system-err>
</testsuite>
