<?xml version="1.0" encoding="UTF-8"?>
<testsuite name="org.springframework.web.socket.messaging.WebSocketAnnotationMethodMessageHandlerTests" tests="1" skipped="0" failures="0" errors="0" timestamp="2021-05-09T12:45:09" hostname="wangweilidembp" time="0.005">
  <properties/>
  <testcase name="globalException()" classname="org.springframework.web.socket.messaging.WebSocketAnnotationMethodMessageHandlerTests" time="0.005"/>
  <system-out><![CDATA[]]></system-out>
  <system-err><![CDATA[]]></system-err>
</testsuite>
