<?xml version="1.0" encoding="UTF-8"?>
<testsuite name="org.springframework.web.socket.server.support.WebSocketHttpRequestHandlerTests" tests="3" skipped="0" failures="0" errors="0" timestamp="2021-05-01T09:48:08" hostname="wangweilideMBP.lan" time="0.006">
  <properties/>
  <testcase name="success()" classname="org.springframework.web.socket.server.support.WebSocketHttpRequestHandlerTests" time="0.002"/>
  <testcase name="failure()" classname="org.springframework.web.socket.server.support.WebSocketHttpRequestHandlerTests" time="0.002"/>
  <testcase name="handshakeNotAllowed()" classname="org.springframework.web.socket.server.support.WebSocketHttpRequestHandlerTests" time="0.001"/>
  <system-out><![CDATA[]]></system-out>
  <system-err><![CDATA[]]></system-err>
</testsuite>
