<?xml version="1.0" encoding="UTF-8"?>
<testsuite name="org.springframework.web.socket.adapter.standard.ConvertingEncoderDecoderSupportTests" tests="13" skipped="0" failures="0" errors="0" timestamp="2021-04-26T07:40:53" hostname="wangweilideMacBook-Pro.local" time="0.114">
  <properties/>
  <testcase name="decodeFromText()" classname="org.springframework.web.socket.adapter.standard.ConvertingEncoderDecoderSupportTests" time="0.015"/>
  <testcase name="encodeToBinary()" classname="org.springframework.web.socket.adapter.standard.ConvertingEncoderDecoderSupportTests" time="0.007"/>
  <testcase name="encodeToTextCannotConvert()" classname="org.springframework.web.socket.adapter.standard.ConvertingEncoderDecoderSupportTests" time="0.016"/>
  <testcase name="cannotFindConversionService()" classname="org.springframework.web.socket.adapter.standard.ConvertingEncoderDecoderSupportTests" time="0.012"/>
  <testcase name="encodeToText()" classname="org.springframework.web.socket.adapter.standard.ConvertingEncoderDecoderSupportTests" time="0.005"/>
  <testcase name="encodeAndDecodeBytes()" classname="org.springframework.web.socket.adapter.standard.ConvertingEncoderDecoderSupportTests" time="0.006"/>
  <testcase name="decodeFromBinary()" classname="org.springframework.web.socket.adapter.standard.ConvertingEncoderDecoderSupportTests" time="0.006"/>
  <testcase name="cannotFindApplicationContext()" classname="org.springframework.web.socket.adapter.standard.ConvertingEncoderDecoderSupportTests" time="0.006"/>
  <testcase name="encodeAndDecodeText()" classname="org.springframework.web.socket.adapter.standard.ConvertingEncoderDecoderSupportTests" time="0.005"/>
  <testcase name="decodeFromTextCannotConvert()" classname="org.springframework.web.socket.adapter.standard.ConvertingEncoderDecoderSupportTests" time="0.008"/>
  <testcase name="encodeToBinaryCannotConvert()" classname="org.springframework.web.socket.adapter.standard.ConvertingEncoderDecoderSupportTests" time="0.009"/>
  <testcase name="decodeFromBinaryCannotConvert()" classname="org.springframework.web.socket.adapter.standard.ConvertingEncoderDecoderSupportTests" time="0.009"/>
  <testcase name="autowiresIntoEncoder()" classname="org.springframework.web.socket.adapter.standard.ConvertingEncoderDecoderSupportTests" time="0.004"/>
  <system-out><![CDATA[]]></system-out>
  <system-err><![CDATA[]]></system-err>
</testsuite>
