<?xml version="1.0" encoding="UTF-8"?>
<testsuite name="org.springframework.web.socket.messaging.WebSocketStompClientIntegrationTests" tests="1" skipped="0" failures="0" errors="0" timestamp="2021-04-26T07:42:04" hostname="wangweilideMacBook-Pro.local" time="12.184">
  <properties/>
  <testcase name="publishSubscribe()" classname="org.springframework.web.socket.messaging.WebSocketStompClientIntegrationTests" time="12.184"/>
  <system-out><![CDATA[15:42:05.840 [WebSocketClient-AsyncIO-1] ERROR o.s.w.s.m.WebSocketStompClientIntegrationTests - org.springframework.messaging.simp.stomp.ConnectionLostException: Connection closed
]]></system-out>
  <system-err><![CDATA[4月 26, 2021 3:42:04 下午 org.apache.coyote.AbstractProtocol init
信息: Initializing ProtocolHandler ["http-nio-auto-11"]
4月 26, 2021 3:42:04 下午 org.apache.catalina.core.StandardService startInternal
信息: Starting service [Tomcat]
4月 26, 2021 3:42:04 下午 org.apache.catalina.core.StandardEngine startInternal
信息: Starting Servlet engine: [Apache Tomcat/9.0.45]
4月 26, 2021 3:42:04 下午 org.apache.coyote.AbstractProtocol start
信息: Starting ProtocolHandler ["http-nio-auto-11-64391"]
4月 26, 2021 3:42:04 下午 org.apache.catalina.core.ApplicationContext log
信息: Initializing Spring DispatcherServlet 'dispatcherServlet'
4月 26, 2021 3:42:05 下午 org.apache.catalina.core.ApplicationContext log
信息: Destroying Spring FrameworkServlet 'dispatcherServlet'
4月 26, 2021 3:42:05 下午 org.apache.coyote.AbstractProtocol pause
信息: Pausing ProtocolHandler ["http-nio-auto-11-64391"]
4月 26, 2021 3:42:06 下午 org.apache.catalina.core.StandardService stopInternal
信息: Stopping service [Tomcat]
4月 26, 2021 3:42:06 下午 org.apache.coyote.AbstractProtocol stop
信息: Stopping ProtocolHandler ["http-nio-auto-11-64391"]
4月 26, 2021 3:42:16 下午 org.apache.tomcat.util.net.Acceptor stop
警告: The acceptor thread [http-nio-auto-11-Acceptor] did not stop cleanly
]]></system-err>
</testsuite>
