<?xml version="1.0" encoding="UTF-8"?>
<testsuite name="org.springframework.web.socket.messaging.SubProtocolWebSocketHandlerTests" tests="9" skipped="0" failures="0" errors="0" timestamp="2021-05-01T09:49:29" hostname="wangweilideMBP.lan" time="0.014">
  <properties/>
  <testcase name="noSubProtocolOneHandler()" classname="org.springframework.web.socket.messaging.SubProtocolWebSocketHandlerTests" time="0.006"/>
  <testcase name="subProtocolNoMatch()" classname="org.springframework.web.socket.messaging.SubProtocolWebSocketHandlerTests" time="0.002"/>
  <testcase name="nullSubProtocol()" classname="org.springframework.web.socket.messaging.SubProtocolWebSocketHandlerTests" time="0.001"/>
  <testcase name="noSubProtocolTwoHandlers()" classname="org.springframework.web.socket.messaging.SubProtocolWebSocketHandlerTests" time="0.0"/>
  <testcase name="subProtocolMatch()" classname="org.springframework.web.socket.messaging.SubProtocolWebSocketHandlerTests" time="0.0"/>
  <testcase name="emptySubProtocol()" classname="org.springframework.web.socket.messaging.SubProtocolWebSocketHandlerTests" time="0.001"/>
  <testcase name="subProtocolDefaultHandlerOnly()" classname="org.springframework.web.socket.messaging.SubProtocolWebSocketHandlerTests" time="0.001"/>
  <testcase name="noSubProtocolNoDefaultHandler()" classname="org.springframework.web.socket.messaging.SubProtocolWebSocketHandlerTests" time="0.001"/>
  <testcase name="checkSession()" classname="org.springframework.web.socket.messaging.SubProtocolWebSocketHandlerTests" time="0.001"/>
  <system-out><![CDATA[17:49:29.219 [Test worker] ERROR o.s.w.s.m.SubProtocolWebSocketHandler - No sub-protocols for defaultHandler
17:49:29.221 [Test worker] ERROR o.s.w.s.m.SubProtocolWebSocketHandler - No sub-protocols for defaultHandler
17:49:29.223 [Test worker] ERROR o.s.w.s.m.SubProtocolWebSocketHandler - No sub-protocols for defaultHandler
]]></system-out>
  <system-err><![CDATA[]]></system-err>
</testsuite>
