<?xml version="1.0" encoding="UTF-8"?>
<testsuite name="org.springframework.web.socket.config.annotation.WebSocketHandlerRegistrationTests" tests="7" skipped="0" failures="0" errors="0" timestamp="2021-05-09T12:43:36" hostname="wangweilidembp" time="0.014">
  <properties/>
  <testcase name="interceptorsPassedToSockJsRegistration()" classname="org.springframework.web.socket.config.annotation.WebSocketHandlerRegistrationTests" time="0.005"/>
  <testcase name="interceptorsWithAllowedOrigins()" classname="org.springframework.web.socket.config.annotation.WebSocketHandlerRegistrationTests" time="0.005"/>
  <testcase name="emptyAllowedOrigin()" classname="org.springframework.web.socket.config.annotation.WebSocketHandlerRegistrationTests" time="0.0"/>
  <testcase name="interceptors()" classname="org.springframework.web.socket.config.annotation.WebSocketHandlerRegistrationTests" time="0.0"/>
  <testcase name="handshakeHandler()" classname="org.springframework.web.socket.config.annotation.WebSocketHandlerRegistrationTests" time="0.0"/>
  <testcase name="minimal()" classname="org.springframework.web.socket.config.annotation.WebSocketHandlerRegistrationTests" time="0.001"/>
  <testcase name="handshakeHandlerPassedToSockJsRegistration()" classname="org.springframework.web.socket.config.annotation.WebSocketHandlerRegistrationTests" time="0.002"/>
  <system-out><![CDATA[]]></system-out>
  <system-err><![CDATA[]]></system-err>
</testsuite>
