<?xml version="1.0" encoding="UTF-8"?>
<testsuite name="org.springframework.web.socket.config.annotation.WebSocketConfigurationTests" tests="6" skipped="0" failures="0" errors="0" timestamp="2021-04-26T07:40:01" hostname="wangweilideMacBook-Pro.local" time="25.735">
  <properties/>
  <testcase name="[1] server [org.springframework.web.socket.JettyWebSocketTestServer@24a572d9], client [org.springframework.web.socket.client.jetty.JettyWebSocketClient@294070db]" classname="org.springframework.web.socket.config.annotation.WebSocketConfigurationTests" time="1.423"/>
  <testcase name="[2] server [org.springframework.web.socket.TomcatWebSocketTestServer@635562b9], client [org.springframework.web.socket.client.standard.StandardWebSocketClient@67ddc0bf]" classname="org.springframework.web.socket.config.annotation.WebSocketConfigurationTests" time="12.145"/>
  <testcase name="[3] server [org.springframework.web.socket.UndertowTestServer@22a357e8], client [org.springframework.web.socket.client.standard.StandardWebSocketClient@13ec4ca2]" classname="org.springframework.web.socket.config.annotation.WebSocketConfigurationTests" time="0.705"/>
  <testcase name="[1] server [org.springframework.web.socket.JettyWebSocketTestServer@48fd817d], client [org.springframework.web.socket.client.jetty.JettyWebSocketClient@2c8fe6a6]" classname="org.springframework.web.socket.config.annotation.WebSocketConfigurationTests" time="0.118"/>
  <testcase name="[2] server [org.springframework.web.socket.TomcatWebSocketTestServer@5c9a7db1], client [org.springframework.web.socket.client.standard.StandardWebSocketClient@17011912]" classname="org.springframework.web.socket.config.annotation.WebSocketConfigurationTests" time="11.261"/>
  <testcase name="[3] server [org.springframework.web.socket.UndertowTestServer@13d67d5a], client [org.springframework.web.socket.client.standard.StandardWebSocketClient@6168ef82]" classname="org.springframework.web.socket.config.annotation.WebSocketConfigurationTests" time="0.07"/>
  <system-out><![CDATA[15:40:15.549 [XNIO-2 I/O-14] ERROR o.x.listener - XNIO001007: A channel event listener threw an exception
java.lang.RuntimeException: java.util.concurrent.RejectedExecutionException: XNIO007007: Thread is terminating
	at io.undertow.websockets.jsr.ServerWebSocketContainer.invokeEndpointMethod(ServerWebSocketContainer.java:612) ~[undertow-websockets-jsr-2.2.7.Final.jar:2.2.7.Final]
	at io.undertow.websockets.jsr.ServerWebSocketContainer.invokeEndpointMethod(ServerWebSocketContainer.java:600) ~[undertow-websockets-jsr-2.2.7.Final.jar:2.2.7.Final]
	at io.undertow.websockets.jsr.FrameHandler.onFullCloseMessage(FrameHandler.java:100) ~[undertow-websockets-jsr-2.2.7.Final.jar:2.2.7.Final]
	at io.undertow.websockets.core.AbstractReceiveListener$1.complete(AbstractReceiveListener.java:136) ~[undertow-core-2.2.7.Final.jar:2.2.7.Final]
	at io.undertow.websockets.core.AbstractReceiveListener$1.complete(AbstractReceiveListener.java:124) ~[undertow-core-2.2.7.Final.jar:2.2.7.Final]
	at io.undertow.websockets.core.BufferedBinaryMessage.read(BufferedBinaryMessage.java:95) ~[undertow-core-2.2.7.Final.jar:2.2.7.Final]
	at io.undertow.websockets.core.AbstractReceiveListener.readBufferedBinary(AbstractReceiveListener.java:124) ~[undertow-core-2.2.7.Final.jar:2.2.7.Final]
	at io.undertow.websockets.core.AbstractReceiveListener.bufferFullMessage(AbstractReceiveListener.java:98) ~[undertow-core-2.2.7.Final.jar:2.2.7.Final]
	at io.undertow.websockets.core.AbstractReceiveListener.onClose(AbstractReceiveListener.java:62) ~[undertow-core-2.2.7.Final.jar:2.2.7.Final]
	at io.undertow.websockets.core.AbstractReceiveListener.handleEvent(AbstractReceiveListener.java:50) ~[undertow-core-2.2.7.Final.jar:2.2.7.Final]
	at io.undertow.websockets.core.AbstractReceiveListener.handleEvent(AbstractReceiveListener.java:33) ~[undertow-core-2.2.7.Final.jar:2.2.7.Final]
	at org.xnio.ChannelListeners.invokeChannelListener(ChannelListeners.java:92) [xnio-api-3.8.0.Final.jar:3.8.0.Final]
	at io.undertow.server.protocol.framed.AbstractFramedChannel$FrameReadListener.handleEvent(AbstractFramedChannel.java:952) [undertow-core-2.2.7.Final.jar:2.2.7.Final]
	at io.undertow.server.protocol.framed.AbstractFramedChannel$FrameReadListener.handleEvent(AbstractFramedChannel.java:932) [undertow-core-2.2.7.Final.jar:2.2.7.Final]
	at org.xnio.ChannelListeners.invokeChannelListener(ChannelListeners.java:92) [xnio-api-3.8.0.Final.jar:3.8.0.Final]
	at org.xnio.conduits.ReadReadyHandler$ChannelListenerHandler.readReady(ReadReadyHandler.java:66) [xnio-api-3.8.0.Final.jar:3.8.0.Final]
	at org.xnio.nio.NioSocketConduit.handleReady(NioSocketConduit.java:89) [xnio-nio-3.8.0.Final.jar:3.8.0.Final]
	at org.xnio.nio.WorkerThread.run(WorkerThread.java:591) [xnio-nio-3.8.0.Final.jar:3.8.0.Final]
Caused by: java.util.concurrent.RejectedExecutionException: XNIO007007: Thread is terminating
	at org.xnio.nio.WorkerThread.execute(WorkerThread.java:620) ~[xnio-nio-3.8.0.Final.jar:3.8.0.Final]
	at io.undertow.websockets.jsr.UndertowSession.close0(UndertowSession.java:361) ~[undertow-websockets-jsr-2.2.7.Final.jar:2.2.7.Final]
	at io.undertow.websockets.jsr.UndertowSession.closeInternal(UndertowSession.java:241) ~[undertow-websockets-jsr-2.2.7.Final.jar:2.2.7.Final]
	at io.undertow.websockets.jsr.FrameHandler$1.run(FrameHandler.java:107) ~[undertow-websockets-jsr-2.2.7.Final.jar:2.2.7.Final]
	at io.undertow.websockets.jsr.ServerWebSocketContainer$1.call(ServerWebSocketContainer.java:170) ~[undertow-websockets-jsr-2.2.7.Final.jar:2.2.7.Final]
	at io.undertow.websockets.jsr.ServerWebSocketContainer$1.call(ServerWebSocketContainer.java:167) ~[undertow-websockets-jsr-2.2.7.Final.jar:2.2.7.Final]
	at io.undertow.servlet.core.ContextClassLoaderSetupAction$1.call(ContextClassLoaderSetupAction.java:43) ~[undertow-servlet-2.2.7.Final.jar:2.2.7.Final]
	at io.undertow.websockets.jsr.ServerWebSocketContainer.invokeEndpointMethod(ServerWebSocketContainer.java:610) ~[undertow-websockets-jsr-2.2.7.Final.jar:2.2.7.Final]
	... 17 more
15:40:15.553 [XNIO-2 I/O-14] ERROR o.x.listener - XNIO001007: A channel event listener threw an exception
java.util.concurrent.RejectedExecutionException: XNIO007007: Thread is terminating
	at org.xnio.nio.WorkerThread.execute(WorkerThread.java:620) ~[xnio-nio-3.8.0.Final.jar:3.8.0.Final]
	at io.undertow.websockets.jsr.UndertowSession$3.handleEvent(UndertowSession.java:396) ~[undertow-websockets-jsr-2.2.7.Final.jar:2.2.7.Final]
	at io.undertow.websockets.jsr.UndertowSession$3.handleEvent(UndertowSession.java:388) ~[undertow-websockets-jsr-2.2.7.Final.jar:2.2.7.Final]
	at org.xnio.ChannelListeners.invokeChannelListener(ChannelListeners.java:92) [xnio-api-3.8.0.Final.jar:3.8.0.Final]
	at io.undertow.server.protocol.framed.AbstractFramedChannel$FrameCloseListener.handleEvent(AbstractFramedChannel.java:1075) [undertow-core-2.2.7.Final.jar:2.2.7.Final]
	at io.undertow.server.protocol.framed.AbstractFramedChannel$FrameCloseListener.handleEvent(AbstractFramedChannel.java:990) [undertow-core-2.2.7.Final.jar:2.2.7.Final]
	at org.xnio.ChannelListeners.invokeChannelListener(ChannelListeners.java:92) [xnio-api-3.8.0.Final.jar:3.8.0.Final]
	at org.xnio.conduits.ReadReadyHandler$ChannelListenerHandler.terminated(ReadReadyHandler.java:71) [xnio-api-3.8.0.Final.jar:3.8.0.Final]
	at org.xnio.nio.NioSocketConduit.readTerminated(NioSocketConduit.java:332) [xnio-nio-3.8.0.Final.jar:3.8.0.Final]
	at org.xnio.nio.NioSocketConduit.terminateReads(NioSocketConduit.java:325) [xnio-nio-3.8.0.Final.jar:3.8.0.Final]
	at io.undertow.conduits.IdleTimeoutConduit.terminateReads(IdleTimeoutConduit.java:236) [undertow-core-2.2.7.Final.jar:2.2.7.Final]
	at org.xnio.conduits.ConduitStreamSourceChannel.close(ConduitStreamSourceChannel.java:168) [xnio-api-3.8.0.Final.jar:3.8.0.Final]
	at org.xnio.IoUtils.safeClose(IoUtils.java:152) [xnio-api-3.8.0.Final.jar:3.8.0.Final]
	at org.xnio.conduits.ReadReadyHandler$ChannelListenerHandler.forceTermination(ReadReadyHandler.java:58) [xnio-api-3.8.0.Final.jar:3.8.0.Final]
	at org.xnio.nio.NioSocketConduit.forceTermination(NioSocketConduit.java:106) [xnio-nio-3.8.0.Final.jar:3.8.0.Final]
	at org.xnio.nio.WorkerThread.run(WorkerThread.java:507) [xnio-nio-3.8.0.Final.jar:3.8.0.Final]
15:40:27.015 [undertow-shutdown-0] ERROR o.x.listener - XNIO001007: A channel event listener threw an exception
java.util.concurrent.RejectedExecutionException: XNIO007007: Thread is terminating
	at org.xnio.nio.WorkerThread.execute(WorkerThread.java:620) ~[xnio-nio-3.8.0.Final.jar:3.8.0.Final]
	at io.undertow.websockets.jsr.UndertowSession$3.handleEvent(UndertowSession.java:396) ~[undertow-websockets-jsr-2.2.7.Final.jar:2.2.7.Final]
	at io.undertow.websockets.jsr.UndertowSession$3.handleEvent(UndertowSession.java:388) ~[undertow-websockets-jsr-2.2.7.Final.jar:2.2.7.Final]
	at org.xnio.ChannelListeners.invokeChannelListener(ChannelListeners.java:92) [xnio-api-3.8.0.Final.jar:3.8.0.Final]
	at io.undertow.server.protocol.framed.AbstractFramedChannel$FrameCloseListener.handleEvent(AbstractFramedChannel.java:1075) [undertow-core-2.2.7.Final.jar:2.2.7.Final]
	at io.undertow.server.protocol.framed.AbstractFramedChannel$FrameCloseListener$2.run(AbstractFramedChannel.java:1034) [undertow-core-2.2.7.Final.jar:2.2.7.Final]
	at io.undertow.server.protocol.framed.AbstractFramedChannel$1.run(AbstractFramedChannel.java:144) [undertow-core-2.2.7.Final.jar:2.2.7.Final]
	at java.util.concurrent.ThreadPoolExecutor.runWorker(ThreadPoolExecutor.java:1128) [?:?]
	at java.util.concurrent.ThreadPoolExecutor$Worker.run(ThreadPoolExecutor.java:628) [?:?]
	at java.lang.Thread.run(Thread.java:834) [?:?]
]]></system-out>
  <system-err><![CDATA[4月 26, 2021 3:40:03 下午 org.apache.coyote.AbstractProtocol init
信息: Initializing ProtocolHandler ["http-nio-auto-1"]
4月 26, 2021 3:40:03 下午 org.apache.catalina.core.StandardService startInternal
信息: Starting service [Tomcat]
4月 26, 2021 3:40:03 下午 org.apache.catalina.core.StandardEngine startInternal
信息: Starting Servlet engine: [Apache Tomcat/9.0.45]
4月 26, 2021 3:40:03 下午 org.apache.coyote.AbstractProtocol start
信息: Starting ProtocolHandler ["http-nio-auto-1-63422"]
4月 26, 2021 3:40:03 下午 org.apache.catalina.core.ApplicationContext log
信息: Initializing Spring DispatcherServlet 'dispatcherServlet'
4月 26, 2021 3:40:03 下午 org.apache.catalina.core.ApplicationContext log
信息: Destroying Spring FrameworkServlet 'dispatcherServlet'
4月 26, 2021 3:40:03 下午 org.apache.coyote.AbstractProtocol pause
信息: Pausing ProtocolHandler ["http-nio-auto-1-63422"]
4月 26, 2021 3:40:04 下午 org.apache.catalina.core.StandardService stopInternal
信息: Stopping service [Tomcat]
4月 26, 2021 3:40:04 下午 org.apache.coyote.AbstractProtocol stop
信息: Stopping ProtocolHandler ["http-nio-auto-1-63422"]
4月 26, 2021 3:40:14 下午 org.apache.tomcat.util.net.Acceptor stop
警告: The acceptor thread [http-nio-auto-1-Acceptor] did not stop cleanly
4月 26, 2021 3:40:15 下午 org.apache.coyote.AbstractProtocol init
信息: Initializing ProtocolHandler ["http-nio-auto-2"]
4月 26, 2021 3:40:15 下午 org.apache.catalina.core.StandardService startInternal
信息: Starting service [Tomcat]
4月 26, 2021 3:40:15 下午 org.apache.catalina.core.StandardEngine startInternal
信息: Starting Servlet engine: [Apache Tomcat/9.0.45]
4月 26, 2021 3:40:15 下午 org.apache.coyote.AbstractProtocol start
信息: Starting ProtocolHandler ["http-nio-auto-2-63466"]
4月 26, 2021 3:40:15 下午 org.apache.catalina.core.ApplicationContext log
信息: Initializing Spring DispatcherServlet 'dispatcherServlet'
4月 26, 2021 3:40:15 下午 org.apache.catalina.core.ApplicationContext log
信息: Destroying Spring FrameworkServlet 'dispatcherServlet'
4月 26, 2021 3:40:15 下午 org.apache.coyote.AbstractProtocol pause
信息: Pausing ProtocolHandler ["http-nio-auto-2-63466"]
4月 26, 2021 3:40:16 下午 org.apache.catalina.core.StandardService stopInternal
信息: Stopping service [Tomcat]
4月 26, 2021 3:40:16 下午 org.apache.coyote.AbstractProtocol stop
信息: Stopping ProtocolHandler ["http-nio-auto-2-63466"]
4月 26, 2021 3:40:26 下午 org.apache.tomcat.util.net.Acceptor stop
警告: The acceptor thread [http-nio-auto-2-Acceptor] did not stop cleanly
]]></system-err>
</testsuite>
