<?xml version="1.0" encoding="UTF-8"?>
<testsuite name="org.springframework.transaction.interceptor.TransactionAttributeSourceAdvisorTests" tests="1" skipped="0" failures="0" errors="0" timestamp="2021-05-09T12:40:27" hostname="wangweilidembp" time="0.025">
  <properties/>
  <testcase name="serializability()" classname="org.springframework.transaction.interceptor.TransactionAttributeSourceAdvisorTests" time="0.025"/>
  <system-out><![CDATA[]]></system-out>
  <system-err><![CDATA[]]></system-err>
</testsuite>
