<?xml version="1.0" encoding="UTF-8"?>
<testsuite name="org.springframework.transaction.event.TransactionalEventListenerTests" tests="19" skipped="0" failures="0" errors="0" timestamp="2021-05-01T09:29:37" hostname="wangweilideMBP.lan" time="1.27">
  <properties/>
  <testcase name="immediately()" classname="org.springframework.transaction.event.TransactionalEventListenerTests" time="0.236"/>
  <testcase name="afterCompletionRollback()" classname="org.springframework.transaction.event.TransactionalEventListenerTests" time="0.073"/>
  <testcase name="noTransaction()" classname="org.springframework.transaction.event.TransactionalEventListenerTests" time="0.074"/>
  <testcase name="transactionDemarcationWithSupportsPropagationAndNoTransaction()" classname="org.springframework.transaction.event.TransactionalEventListenerTests" time="0.083"/>
  <testcase name="noTransactionWithFallbackExecution()" classname="org.springframework.transaction.event.TransactionalEventListenerTests" time="0.122"/>
  <testcase name="transactionDemarcationWithRequiredPropagation()" classname="org.springframework.transaction.event.TransactionalEventListenerTests" time="0.037"/>
  <testcase name="beforeCommit()" classname="org.springframework.transaction.event.TransactionalEventListenerTests" time="0.056"/>
  <testcase name="afterCommitMetaAnnotation()" classname="org.springframework.transaction.event.TransactionalEventListenerTests" time="0.061"/>
  <testcase name="afterCommit()" classname="org.springframework.transaction.event.TransactionalEventListenerTests" time="0.034"/>
  <testcase name="transactionDemarcationWithSupportsPropagationAndExistingTransaction()" classname="org.springframework.transaction.event.TransactionalEventListenerTests" time="0.074"/>
  <testcase name="afterCompletionCommit()" classname="org.springframework.transaction.event.TransactionalEventListenerTests" time="0.035"/>
  <testcase name="conditionFoundOnMetaAnnotation()" classname="org.springframework.transaction.event.TransactionalEventListenerTests" time="0.058"/>
  <testcase name="regularTransaction()" classname="org.springframework.transaction.event.TransactionalEventListenerTests" time="0.057"/>
  <testcase name="transactionDemarcationWithNotSupportedPropagation()" classname="org.springframework.transaction.event.TransactionalEventListenerTests" time="0.041"/>
  <testcase name="conditionFoundOnTransactionalEventListener()" classname="org.springframework.transaction.event.TransactionalEventListenerTests" time="0.016"/>
  <testcase name="afterRollback()" classname="org.springframework.transaction.event.TransactionalEventListenerTests" time="0.058"/>
  <testcase name="beforeCommitWithException()" classname="org.springframework.transaction.event.TransactionalEventListenerTests" time="0.024"/>
  <testcase name="immediatelyImpactsCurrentTransaction()" classname="org.springframework.transaction.event.TransactionalEventListenerTests" time="0.019"/>
  <testcase name="afterCommitWithTransactionalComponentListenerProxiedViaDynamicProxy()" classname="org.springframework.transaction.event.TransactionalEventListenerTests" time="0.079"/>
  <system-out><![CDATA[17:29:38.581 [Test worker] WARN  o.s.t.e.TransactionalApplicationListenerMethodAdapter - Processing org.springframework.context.PayloadApplicationEvent[source=org.springframework.context.annotation.AnnotationConfigApplicationContext@2a0bd4d1, started on Sat May 01 17:29:38 CST 2021] as a fallback execution on AFTER_ROLLBACK phase
]]></system-out>
  <system-err><![CDATA[]]></system-err>
</testsuite>
