<?xml version="1.0" encoding="UTF-8"?>
<testsuite name="org.springframework.transaction.config.AnnotationDrivenTests" tests="5" skipped="0" failures="0" errors="0" timestamp="2021-04-26T07:39:21" hostname="wangweilideMacBook-Pro.local" time="3.375">
  <properties/>
  <testcase name="withProxyTargetClass()" classname="org.springframework.transaction.config.AnnotationDrivenTests" time="2.236"/>
  <testcase name="serializableWithoutPreviousUsage()" classname="org.springframework.transaction.config.AnnotationDrivenTests" time="0.307"/>
  <testcase name="withConfigurationClass()" classname="org.springframework.transaction.config.AnnotationDrivenTests" time="0.469"/>
  <testcase name="serializableWithPreviousUsage()" classname="org.springframework.transaction.config.AnnotationDrivenTests" time="0.185"/>
  <testcase name="withAnnotatedTransactionManagers()" classname="org.springframework.transaction.config.AnnotationDrivenTests" time="0.175"/>
  <system-out><![CDATA[]]></system-out>
  <system-err><![CDATA[]]></system-err>
</testsuite>
