<?xml version="1.0" encoding="UTF-8"?>
<testsuite name="org.springframework.transaction.interceptor.TransactionAttributeSourceEditorTests" tests="4" skipped="0" failures="0" errors="0" timestamp="2021-05-01T09:29:39" hostname="wangweilideMBP.lan" time="0.014">
  <properties/>
  <testcase name="invalidFormat()" classname="org.springframework.transaction.interceptor.TransactionAttributeSourceEditorTests" time="0.002"/>
  <testcase name="matchesSpecific()" classname="org.springframework.transaction.interceptor.TransactionAttributeSourceEditorTests" time="0.001"/>
  <testcase name="nullValue()" classname="org.springframework.transaction.interceptor.TransactionAttributeSourceEditorTests" time="0.0"/>
  <testcase name="matchesAll()" classname="org.springframework.transaction.interceptor.TransactionAttributeSourceEditorTests" time="0.011"/>
  <system-out><![CDATA[]]></system-out>
  <system-err><![CDATA[]]></system-err>
</testsuite>
