<?xml version="1.0" encoding="UTF-8"?>
<testsuite name="org.springframework.transaction.reactive.TransactionalOperatorExtensionsTests" tests="5" skipped="0" failures="0" errors="0" timestamp="2021-05-09T12:40:31" hostname="wangweilidembp" time="0.549">
  <properties/>
  <testcase name="rollbackWithSuspendingFunction()" classname="org.springframework.transaction.reactive.TransactionalOperatorExtensionsTests" time="0.418"/>
  <testcase name="commitWithFlow()" classname="org.springframework.transaction.reactive.TransactionalOperatorExtensionsTests" time="0.11"/>
  <testcase name="rollbackWithFlow()" classname="org.springframework.transaction.reactive.TransactionalOperatorExtensionsTests" time="0.007"/>
  <testcase name="commitWithSuspendingFunction()" classname="org.springframework.transaction.reactive.TransactionalOperatorExtensionsTests" time="0.007"/>
  <testcase name="commitWithEmptySuspendingFunction()" classname="org.springframework.transaction.reactive.TransactionalOperatorExtensionsTests" time="0.006"/>
  <system-out><![CDATA[]]></system-out>
  <system-err><![CDATA[]]></system-err>
</testsuite>
