<?xml version="1.0" encoding="UTF-8"?>
<testsuite name="org.springframework.transaction.annotation.CoroutinesAnnotationTransactionInterceptorTests" tests="6" skipped="0" failures="0" errors="0" timestamp="2021-05-01T09:29:41" hostname="wangweilideMBP.lan" time="1.286">
  <properties/>
  <testcase name="suspendingNoValueSuccess()" classname="org.springframework.transaction.annotation.CoroutinesAnnotationTransactionInterceptorTests" time="1.179"/>
  <testcase name="flowSuccess()" classname="org.springframework.transaction.annotation.CoroutinesAnnotationTransactionInterceptorTests" time="0.023"/>
  <testcase name="suspendingNoValueFailure()" classname="org.springframework.transaction.annotation.CoroutinesAnnotationTransactionInterceptorTests" time="0.018"/>
  <testcase name="suspendingValueSuccess()" classname="org.springframework.transaction.annotation.CoroutinesAnnotationTransactionInterceptorTests" time="0.017"/>
  <testcase name="suspendingFlowSuccess()" classname="org.springframework.transaction.annotation.CoroutinesAnnotationTransactionInterceptorTests" time="0.031"/>
  <testcase name="suspendingValueFailure()" classname="org.springframework.transaction.annotation.CoroutinesAnnotationTransactionInterceptorTests" time="0.016"/>
  <system-out><![CDATA[]]></system-out>
  <system-err><![CDATA[]]></system-err>
</testsuite>
