<?xml version="1.0" encoding="UTF-8"?>
<testsuite name="org.springframework.dao.support.ChainedPersistenceExceptionTranslatorTests" tests="2" skipped="0" failures="0" errors="0" timestamp="2021-05-01T09:29:40" hostname="wangweilideMBP.lan" time="0.001">
  <properties/>
  <testcase name="empty()" classname="org.springframework.dao.support.ChainedPersistenceExceptionTranslatorTests" time="0.001"/>
  <testcase name="exceptionTranslationWithTranslation()" classname="org.springframework.dao.support.ChainedPersistenceExceptionTranslatorTests" time="0.0"/>
  <system-out><![CDATA[]]></system-out>
  <system-err><![CDATA[]]></system-err>
</testsuite>
