<?xml version="1.0" encoding="UTF-8"?>
<testsuite name="org.springframework.transaction.annotation.CoroutinesAnnotationTransactionInterceptorTests" tests="6" skipped="0" failures="0" errors="0" timestamp="2021-05-09T12:40:31" hostname="wangweilidembp" time="1.564">
  <properties/>
  <testcase name="suspendingNoValueSuccess()" classname="org.springframework.transaction.annotation.CoroutinesAnnotationTransactionInterceptorTests" time="1.46"/>
  <testcase name="flowSuccess()" classname="org.springframework.transaction.annotation.CoroutinesAnnotationTransactionInterceptorTests" time="0.022"/>
  <testcase name="suspendingNoValueFailure()" classname="org.springframework.transaction.annotation.CoroutinesAnnotationTransactionInterceptorTests" time="0.017"/>
  <testcase name="suspendingValueSuccess()" classname="org.springframework.transaction.annotation.CoroutinesAnnotationTransactionInterceptorTests" time="0.016"/>
  <testcase name="suspendingFlowSuccess()" classname="org.springframework.transaction.annotation.CoroutinesAnnotationTransactionInterceptorTests" time="0.03"/>
  <testcase name="suspendingValueFailure()" classname="org.springframework.transaction.annotation.CoroutinesAnnotationTransactionInterceptorTests" time="0.016"/>
  <system-out><![CDATA[]]></system-out>
  <system-err><![CDATA[]]></system-err>
</testsuite>
