<?xml version="1.0" encoding="UTF-8"?>
<testsuite name="org.springframework.transaction.reactive.TransactionalOperatorExtensionsTests" tests="5" skipped="0" failures="0" errors="0" timestamp="2021-05-01T09:29:41" hostname="wangweilideMBP.lan" time="0.435">
  <properties/>
  <testcase name="rollbackWithSuspendingFunction()" classname="org.springframework.transaction.reactive.TransactionalOperatorExtensionsTests" time="0.326"/>
  <testcase name="commitWithFlow()" classname="org.springframework.transaction.reactive.TransactionalOperatorExtensionsTests" time="0.077"/>
  <testcase name="rollbackWithFlow()" classname="org.springframework.transaction.reactive.TransactionalOperatorExtensionsTests" time="0.014"/>
  <testcase name="commitWithSuspendingFunction()" classname="org.springframework.transaction.reactive.TransactionalOperatorExtensionsTests" time="0.008"/>
  <testcase name="commitWithEmptySuspendingFunction()" classname="org.springframework.transaction.reactive.TransactionalOperatorExtensionsTests" time="0.009"/>
  <system-out><![CDATA[]]></system-out>
  <system-err><![CDATA[]]></system-err>
</testsuite>
