<?xml version="1.0" encoding="UTF-8"?>
<testsuite name="org.springframework.jca.cci.CciLocalTransactionTests" tests="2" skipped="0" failures="0" errors="0" timestamp="2021-04-26T07:39:33" hostname="wangweilideMacBook-Pro.local" time="0.041">
  <properties/>
  <testcase name="testLocalTransactionRollback()" classname="org.springframework.jca.cci.CciLocalTransactionTests" time="0.029"/>
  <testcase name="testLocalTransactionCommit()" classname="org.springframework.jca.cci.CciLocalTransactionTests" time="0.012"/>
  <system-out><![CDATA[]]></system-out>
  <system-err><![CDATA[]]></system-err>
</testsuite>
