<?xml version="1.0" encoding="UTF-8"?>
<testsuite name="org.springframework.transaction.TxNamespaceHandlerEventTests" tests="1" skipped="0" failures="0" errors="0" timestamp="2021-04-26T07:39:20" hostname="wangweilideMacBook-Pro.local" time="0.638">
  <properties/>
  <testcase name="componentEventReceived()" classname="org.springframework.transaction.TxNamespaceHandlerEventTests" time="0.638"/>
  <system-out><![CDATA[]]></system-out>
  <system-err><![CDATA[]]></system-err>
</testsuite>
