<?xml version="1.0" encoding="UTF-8"?>
<testsuite name="org.springframework.jca.cci.EisOperationTests" tests="5" skipped="0" failures="0" errors="0" timestamp="2021-05-09T12:40:31" hostname="wangweilidembp" time="0.1">
  <properties/>
  <testcase name="testSimpleRecordOperationWithInputOutputRecord()" classname="org.springframework.jca.cci.EisOperationTests" time="0.007"/>
  <testcase name="testMappingRecordOperationWithOutputRecordCreator()" classname="org.springframework.jca.cci.EisOperationTests" time="0.047"/>
  <testcase name="testSimpleRecordOperation()" classname="org.springframework.jca.cci.EisOperationTests" time="0.005"/>
  <testcase name="testSimpleRecordOperationWithExplicitOutputRecord()" classname="org.springframework.jca.cci.EisOperationTests" time="0.003"/>
  <testcase name="testMappingRecordOperation()" classname="org.springframework.jca.cci.EisOperationTests" time="0.017"/>
  <system-out><![CDATA[]]></system-out>
  <system-err><![CDATA[]]></system-err>
</testsuite>
