<?xml version="1.0" encoding="UTF-8"?>
<testsuite name="org.springframework.transaction.reactive.TransactionalOperatorTests" tests="7" skipped="0" failures="0" errors="0" timestamp="2021-05-01T09:29:34" hostname="wangweilideMBP.lan" time="0.508">
  <properties/>
  <testcase name="commitWithFlux()" classname="org.springframework.transaction.reactive.TransactionalOperatorTests" time="0.399"/>
  <testcase name="commitWithMono()" classname="org.springframework.transaction.reactive.TransactionalOperatorTests" time="0.039"/>
  <testcase name="cancellationPropagatedToFlux()" classname="org.springframework.transaction.reactive.TransactionalOperatorTests" time="0.034"/>
  <testcase name="cancellationPropagatedToMono()" classname="org.springframework.transaction.reactive.TransactionalOperatorTests" time="0.006"/>
  <testcase name="rollbackWithFlux()" classname="org.springframework.transaction.reactive.TransactionalOperatorTests" time="0.004"/>
  <testcase name="rollbackWithMono()" classname="org.springframework.transaction.reactive.TransactionalOperatorTests" time="0.006"/>
  <testcase name="monoSubscriptionNotCancelled()" classname="org.springframework.transaction.reactive.TransactionalOperatorTests" time="0.005"/>
  <system-out><![CDATA[]]></system-out>
  <system-err><![CDATA[]]></system-err>
</testsuite>
