<?xml version="1.0" encoding="UTF-8"?>
<testsuite name="org.springframework.transaction.support.SimpleTransactionScopeTests" tests="2" skipped="0" failures="0" errors="0" timestamp="2021-04-26T07:39:29" hostname="wangweilideMacBook-Pro.local" time="0.018">
  <properties/>
  <testcase name="getFromScope()" classname="org.springframework.transaction.support.SimpleTransactionScopeTests" time="0.015"/>
  <testcase name="getWithTransactionManager()" classname="org.springframework.transaction.support.SimpleTransactionScopeTests" time="0.003"/>
  <system-out><![CDATA[]]></system-out>
  <system-err><![CDATA[]]></system-err>
</testsuite>
