<?xml version="1.0" encoding="UTF-8"?>
<testsuite name="org.springframework.transaction.event.TransactionalEventListenerTests" tests="19" skipped="0" failures="0" errors="0" timestamp="2021-05-09T12:40:25" hostname="wangweilidembp" time="1.79">
  <properties/>
  <testcase name="immediately()" classname="org.springframework.transaction.event.TransactionalEventListenerTests" time="0.291"/>
  <testcase name="afterCompletionRollback()" classname="org.springframework.transaction.event.TransactionalEventListenerTests" time="0.095"/>
  <testcase name="noTransaction()" classname="org.springframework.transaction.event.TransactionalEventListenerTests" time="0.087"/>
  <testcase name="transactionDemarcationWithSupportsPropagationAndNoTransaction()" classname="org.springframework.transaction.event.TransactionalEventListenerTests" time="0.106"/>
  <testcase name="noTransactionWithFallbackExecution()" classname="org.springframework.transaction.event.TransactionalEventListenerTests" time="0.116"/>
  <testcase name="transactionDemarcationWithRequiredPropagation()" classname="org.springframework.transaction.event.TransactionalEventListenerTests" time="0.082"/>
  <testcase name="beforeCommit()" classname="org.springframework.transaction.event.TransactionalEventListenerTests" time="0.105"/>
  <testcase name="afterCommitMetaAnnotation()" classname="org.springframework.transaction.event.TransactionalEventListenerTests" time="0.075"/>
  <testcase name="afterCommit()" classname="org.springframework.transaction.event.TransactionalEventListenerTests" time="0.089"/>
  <testcase name="transactionDemarcationWithSupportsPropagationAndExistingTransaction()" classname="org.springframework.transaction.event.TransactionalEventListenerTests" time="0.063"/>
  <testcase name="afterCompletionCommit()" classname="org.springframework.transaction.event.TransactionalEventListenerTests" time="0.069"/>
  <testcase name="conditionFoundOnMetaAnnotation()" classname="org.springframework.transaction.event.TransactionalEventListenerTests" time="0.07"/>
  <testcase name="regularTransaction()" classname="org.springframework.transaction.event.TransactionalEventListenerTests" time="0.082"/>
  <testcase name="transactionDemarcationWithNotSupportedPropagation()" classname="org.springframework.transaction.event.TransactionalEventListenerTests" time="0.052"/>
  <testcase name="conditionFoundOnTransactionalEventListener()" classname="org.springframework.transaction.event.TransactionalEventListenerTests" time="0.065"/>
  <testcase name="afterRollback()" classname="org.springframework.transaction.event.TransactionalEventListenerTests" time="0.063"/>
  <testcase name="beforeCommitWithException()" classname="org.springframework.transaction.event.TransactionalEventListenerTests" time="0.056"/>
  <testcase name="immediatelyImpactsCurrentTransaction()" classname="org.springframework.transaction.event.TransactionalEventListenerTests" time="0.121"/>
  <testcase name="afterCommitWithTransactionalComponentListenerProxiedViaDynamicProxy()" classname="org.springframework.transaction.event.TransactionalEventListenerTests" time="0.078"/>
  <system-out><![CDATA[20:40:26.237 [Test worker] WARN  o.s.t.e.TransactionalApplicationListenerMethodAdapter - Processing org.springframework.context.PayloadApplicationEvent[source=org.springframework.context.annotation.AnnotationConfigApplicationContext@5913a310, started on Sun May 09 20:40:26 CST 2021] as a fallback execution on AFTER_ROLLBACK phase
]]></system-out>
  <system-err><![CDATA[]]></system-err>
</testsuite>
