<?xml version="1.0" encoding="UTF-8"?>
<testsuite name="org.springframework.transaction.event.TransactionalApplicationListenerMethodAdapterTests" tests="7" skipped="0" failures="0" errors="0" timestamp="2021-04-26T07:39:29" hostname="wangweilideMacBook-Pro.local" time="0.058">
  <properties/>
  <testcase name="phaseSet()" classname="org.springframework.transaction.event.TransactionalApplicationListenerMethodAdapterTests" time="0.038"/>
  <testcase name="valueSet()" classname="org.springframework.transaction.event.TransactionalApplicationListenerMethodAdapterTests" time="0.01"/>
  <testcase name="invokesCompletionCallbackOnSuccess()" classname="org.springframework.transaction.event.TransactionalApplicationListenerMethodAdapterTests" time="0.002"/>
  <testcase name="defaultPhase()" classname="org.springframework.transaction.event.TransactionalApplicationListenerMethodAdapterTests" time="0.0"/>
  <testcase name="phaseAndClassesSet()" classname="org.springframework.transaction.event.TransactionalApplicationListenerMethodAdapterTests" time="0.002"/>
  <testcase name="usesAnnotatedIdentifier()" classname="org.springframework.transaction.event.TransactionalApplicationListenerMethodAdapterTests" time="0.001"/>
  <testcase name="invokesExceptionHandlerOnException()" classname="org.springframework.transaction.event.TransactionalApplicationListenerMethodAdapterTests" time="0.001"/>
  <system-out><![CDATA[]]></system-out>
  <system-err><![CDATA[]]></system-err>
</testsuite>
