<?xml version="1.0" encoding="UTF-8"?>
<testsuite name="org.springframework.transaction.event.TransactionalApplicationListenerAdapterTests" tests="3" skipped="0" failures="0" errors="0" timestamp="2021-05-01T09:29:37" hostname="wangweilideMBP.lan" time="0.007">
  <properties/>
  <testcase name="invokesCompletionCallbackOnSuccess()" classname="org.springframework.transaction.event.TransactionalApplicationListenerAdapterTests" time="0.004"/>
  <testcase name="useSpecifiedIdentifier()" classname="org.springframework.transaction.event.TransactionalApplicationListenerAdapterTests" time="0.001"/>
  <testcase name="invokesExceptionHandlerOnException()" classname="org.springframework.transaction.event.TransactionalApplicationListenerAdapterTests" time="0.002"/>
  <system-out><![CDATA[]]></system-out>
  <system-err><![CDATA[]]></system-err>
</testsuite>
