<?xml version="1.0" encoding="UTF-8"?>
<testsuite name="org.springframework.transaction.annotation.CoroutinesAnnotationTransactionInterceptorTests" tests="6" skipped="0" failures="0" errors="0" timestamp="2021-04-26T07:39:33" hostname="wangweilideMacBook-Pro.local" time="0.951">
  <properties/>
  <testcase name="suspendingNoValueSuccess()" classname="org.springframework.transaction.annotation.CoroutinesAnnotationTransactionInterceptorTests" time="0.83"/>
  <testcase name="flowSuccess()" classname="org.springframework.transaction.annotation.CoroutinesAnnotationTransactionInterceptorTests" time="0.038"/>
  <testcase name="suspendingNoValueFailure()" classname="org.springframework.transaction.annotation.CoroutinesAnnotationTransactionInterceptorTests" time="0.019"/>
  <testcase name="suspendingValueSuccess()" classname="org.springframework.transaction.annotation.CoroutinesAnnotationTransactionInterceptorTests" time="0.017"/>
  <testcase name="suspendingFlowSuccess()" classname="org.springframework.transaction.annotation.CoroutinesAnnotationTransactionInterceptorTests" time="0.03"/>
  <testcase name="suspendingValueFailure()" classname="org.springframework.transaction.annotation.CoroutinesAnnotationTransactionInterceptorTests" time="0.015"/>
  <system-out><![CDATA[]]></system-out>
  <system-err><![CDATA[]]></system-err>
</testsuite>
