<?xml version="1.0" encoding="UTF-8"?>
<testsuite name="org.springframework.transaction.event.TransactionalApplicationListenerMethodAdapterTests" tests="7" skipped="0" failures="0" errors="0" timestamp="2021-05-09T12:40:25" hostname="wangweilidembp" time="0.042">
  <properties/>
  <testcase name="phaseSet()" classname="org.springframework.transaction.event.TransactionalApplicationListenerMethodAdapterTests" time="0.024"/>
  <testcase name="valueSet()" classname="org.springframework.transaction.event.TransactionalApplicationListenerMethodAdapterTests" time="0.007"/>
  <testcase name="invokesCompletionCallbackOnSuccess()" classname="org.springframework.transaction.event.TransactionalApplicationListenerMethodAdapterTests" time="0.002"/>
  <testcase name="defaultPhase()" classname="org.springframework.transaction.event.TransactionalApplicationListenerMethodAdapterTests" time="0.001"/>
  <testcase name="phaseAndClassesSet()" classname="org.springframework.transaction.event.TransactionalApplicationListenerMethodAdapterTests" time="0.002"/>
  <testcase name="usesAnnotatedIdentifier()" classname="org.springframework.transaction.event.TransactionalApplicationListenerMethodAdapterTests" time="0.002"/>
  <testcase name="invokesExceptionHandlerOnException()" classname="org.springframework.transaction.event.TransactionalApplicationListenerMethodAdapterTests" time="0.002"/>
  <system-out><![CDATA[]]></system-out>
  <system-err><![CDATA[]]></system-err>
</testsuite>
