<?xml version="1.0" encoding="UTF-8"?>
<testsuite name="org.springframework.transaction.interceptor.TransactionAttributeSourceTests" tests="5" skipped="0" failures="0" errors="0" timestamp="2021-05-09T12:40:27" hostname="wangweilidembp" time="0.005">
  <properties/>
  <testcase name="matchAlwaysTransactionAttributeSource()" classname="org.springframework.transaction.interceptor.TransactionAttributeSourceTests" time="0.002"/>
  <testcase name="nameMatchTransactionAttributeSourceMostSpecificMethodNameIsDefinitelyMatched()" classname="org.springframework.transaction.interceptor.TransactionAttributeSourceTests" time="0.001"/>
  <testcase name="nameMatchTransactionAttributeSourceWithEmptyMethodName()" classname="org.springframework.transaction.interceptor.TransactionAttributeSourceTests" time="0.001"/>
  <testcase name="nameMatchTransactionAttributeSourceWithStarAtEndOfMethodName()" classname="org.springframework.transaction.interceptor.TransactionAttributeSourceTests" time="0.0"/>
  <testcase name="nameMatchTransactionAttributeSourceWithStarAtStartOfMethodName()" classname="org.springframework.transaction.interceptor.TransactionAttributeSourceTests" time="0.0"/>
  <system-out><![CDATA[]]></system-out>
  <system-err><![CDATA[]]></system-err>
</testsuite>
