<?xml version="1.0" encoding="UTF-8"?>
<testsuite name="org.springframework.transaction.event.TransactionalApplicationListenerAdapterTests" tests="3" skipped="0" failures="0" errors="0" timestamp="2021-04-26T07:39:29" hostname="wangweilideMacBook-Pro.local" time="0.007">
  <properties/>
  <testcase name="invokesCompletionCallbackOnSuccess()" classname="org.springframework.transaction.event.TransactionalApplicationListenerAdapterTests" time="0.004"/>
  <testcase name="useSpecifiedIdentifier()" classname="org.springframework.transaction.event.TransactionalApplicationListenerAdapterTests" time="0.001"/>
  <testcase name="invokesExceptionHandlerOnException()" classname="org.springframework.transaction.event.TransactionalApplicationListenerAdapterTests" time="0.002"/>
  <system-out><![CDATA[]]></system-out>
  <system-err><![CDATA[]]></system-err>
</testsuite>
