<?xml version="1.0" encoding="UTF-8"?>
<testsuite name="org.springframework.transaction.annotation.AnnotationTransactionInterceptorTests" tests="22" skipped="0" failures="0" errors="0" timestamp="2021-05-09T12:40:24" hostname="wangweilidembp" time="0.605">
  <properties/>
  <testcase name="withRollbackOnRuntimeException()" classname="org.springframework.transaction.annotation.AnnotationTransactionInterceptorTests" time="0.051"/>
  <testcase name="withVavrTrySuccess()" classname="org.springframework.transaction.annotation.AnnotationTransactionInterceptorTests" time="0.049"/>
  <testcase name="classLevelOnly()" classname="org.springframework.transaction.annotation.AnnotationTransactionInterceptorTests" time="0.069"/>
  <testcase name="withSingleMethodOverride()" classname="org.springframework.transaction.annotation.AnnotationTransactionInterceptorTests" time="0.029"/>
  <testcase name="withVavrTryCheckedExceptionAndRollbackRule()" classname="org.springframework.transaction.annotation.AnnotationTransactionInterceptorTests" time="0.004"/>
  <testcase name="withSingleMethodOverrideInverted()" classname="org.springframework.transaction.annotation.AnnotationTransactionInterceptorTests" time="0.015"/>
  <testcase name="withVavrTryCheckedException()" classname="org.springframework.transaction.annotation.AnnotationTransactionInterceptorTests" time="0.001"/>
  <testcase name="withFluxSuccess()" classname="org.springframework.transaction.annotation.AnnotationTransactionInterceptorTests" time="0.149"/>
  <testcase name="withVavrTryRuntimeException()" classname="org.springframework.transaction.annotation.AnnotationTransactionInterceptorTests" time="0.001"/>
  <testcase name="withFluxRollback()" classname="org.springframework.transaction.annotation.AnnotationTransactionInterceptorTests" time="0.002"/>
  <testcase name="withFluxFailure()" classname="org.springframework.transaction.annotation.AnnotationTransactionInterceptorTests" time="0.003"/>
  <testcase name="withMonoSuccess()" classname="org.springframework.transaction.annotation.AnnotationTransactionInterceptorTests" time="0.023"/>
  <testcase name="withMonoRollback()" classname="org.springframework.transaction.annotation.AnnotationTransactionInterceptorTests" time="0.002"/>
  <testcase name="withRollbackOnCheckedExceptionAndRollbackRule()" classname="org.springframework.transaction.annotation.AnnotationTransactionInterceptorTests" time="0.028"/>
  <testcase name="withInterfaceOnTargetJdkProxy()" classname="org.springframework.transaction.annotation.AnnotationTransactionInterceptorTests" time="0.006"/>
  <testcase name="withMonoFailure()" classname="org.springframework.transaction.annotation.AnnotationTransactionInterceptorTests" time="0.002"/>
  <testcase name="crossClassInterfaceMethodLevelOnJdkProxy()" classname="org.springframework.transaction.annotation.AnnotationTransactionInterceptorTests" time="0.005"/>
  <testcase name="withMultiMethodOverride()" classname="org.springframework.transaction.annotation.AnnotationTransactionInterceptorTests" time="0.044"/>
  <testcase name="withInterface()" classname="org.springframework.transaction.annotation.AnnotationTransactionInterceptorTests" time="0.002"/>
  <testcase name="withInterfaceOnTargetCglibProxy()" classname="org.springframework.transaction.annotation.AnnotationTransactionInterceptorTests" time="0.024"/>
  <testcase name="withCommitOnCheckedException()" classname="org.springframework.transaction.annotation.AnnotationTransactionInterceptorTests" time="0.015"/>
  <testcase name="crossClassInterfaceOnJdkProxy()" classname="org.springframework.transaction.annotation.AnnotationTransactionInterceptorTests" time="0.006"/>
  <system-out><![CDATA[]]></system-out>
  <system-err><![CDATA[]]></system-err>
</testsuite>
