<?xml version="1.0" encoding="UTF-8"?>
<testsuite name="org.springframework.transaction.support.SimpleTransactionScopeTests" tests="2" skipped="0" failures="0" errors="0" timestamp="2021-05-01T09:29:37" hostname="wangweilideMBP.lan" time="0.022">
  <properties/>
  <testcase name="getFromScope()" classname="org.springframework.transaction.support.SimpleTransactionScopeTests" time="0.019"/>
  <testcase name="getWithTransactionManager()" classname="org.springframework.transaction.support.SimpleTransactionScopeTests" time="0.003"/>
  <system-out><![CDATA[]]></system-out>
  <system-err><![CDATA[]]></system-err>
</testsuite>
