<?xml version="1.0" encoding="UTF-8"?>
<testsuite name="org.springframework.dao.annotation.PersistenceExceptionTranslationInterceptorTests" tests="8" skipped="0" failures="0" errors="0" timestamp="2021-05-09T12:40:29" hostname="wangweilidembp" time="0.163">
  <properties/>
  <testcase name="translationNeededForTheseExceptionsWithCustomStereotype()" classname="org.springframework.dao.annotation.PersistenceExceptionTranslationInterceptorTests" time="0.042"/>
  <testcase name="translationNotNeededForTheseExceptions()" classname="org.springframework.dao.annotation.PersistenceExceptionTranslationInterceptorTests" time="0.014"/>
  <testcase name="translationNeededForTheseExceptions()" classname="org.springframework.dao.annotation.PersistenceExceptionTranslationInterceptorTests" time="0.001"/>
  <testcase name="noTranslationNeeded()" classname="org.springframework.dao.annotation.PersistenceExceptionTranslationInterceptorTests" time="0.001"/>
  <testcase name="translationNeededForTheseExceptionsOnInheritedInterface()" classname="org.springframework.dao.annotation.PersistenceExceptionTranslationInterceptorTests" time="0.015"/>
  <testcase name="translationNeededForTheseExceptionsOnSuperclass()" classname="org.springframework.dao.annotation.PersistenceExceptionTranslationInterceptorTests" time="0.002"/>
  <testcase name="translationNeededForTheseExceptionsOnInterface()" classname="org.springframework.dao.annotation.PersistenceExceptionTranslationInterceptorTests" time="0.006"/>
  <testcase name="detectPersistenceExceptionTranslators()" classname="org.springframework.dao.annotation.PersistenceExceptionTranslationInterceptorTests" time="0.074"/>
  <system-out><![CDATA[]]></system-out>
  <system-err><![CDATA[]]></system-err>
</testsuite>
