<?xml version="1.0" encoding="UTF-8"?>
<testsuite name="org.springframework.oxm.jaxb.Jaxb2UnmarshallerTests" tests="12" skipped="0" failures="0" errors="0" timestamp="2021-05-09T12:39:46" hostname="wangweilidembp" time="0.438">
  <properties/>
  <testcase name="unmarshalStreamSourceReader()" classname="org.springframework.oxm.jaxb.Jaxb2UnmarshallerTests" time="0.081"/>
  <testcase name="unmarshalJaxp14StaxSourceXmlEventReader()" classname="org.springframework.oxm.jaxb.Jaxb2UnmarshallerTests" time="0.036"/>
  <testcase name="unmarshalStaxSourceXmlStreamReader()" classname="org.springframework.oxm.jaxb.Jaxb2UnmarshallerTests" time="0.023"/>
  <testcase name="unmarshalSAXSource()" classname="org.springframework.oxm.jaxb.Jaxb2UnmarshallerTests" time="0.042"/>
  <testcase name="unmarshalStreamSourceInputStream()" classname="org.springframework.oxm.jaxb.Jaxb2UnmarshallerTests" time="0.016"/>
  <testcase name="unmarshalJaxp14StaxSourceXmlStreamReader()" classname="org.springframework.oxm.jaxb.Jaxb2UnmarshallerTests" time="0.015"/>
  <testcase name="unmarshalStaxSourceXmlEventReader()" classname="org.springframework.oxm.jaxb.Jaxb2UnmarshallerTests" time="0.02"/>
  <testcase name="unmarshalDomSource()" classname="org.springframework.oxm.jaxb.Jaxb2UnmarshallerTests" time="0.015"/>
  <testcase name="marshalAttachments()" classname="org.springframework.oxm.jaxb.Jaxb2UnmarshallerTests" time="0.038"/>
  <testcase name="unmarshalPartialStaxSourceXmlStreamReader()" classname="org.springframework.oxm.jaxb.Jaxb2UnmarshallerTests" time="0.043"/>
  <testcase name="unmarshalFile()" classname="org.springframework.oxm.jaxb.Jaxb2UnmarshallerTests" time="0.016"/>
  <testcase name="unmarshalAnXmlReferingToAWrappedXmlElementDecl()" classname="org.springframework.oxm.jaxb.Jaxb2UnmarshallerTests" time="0.075"/>
  <system-out><![CDATA[]]></system-out>
  <system-err><![CDATA[]]></system-err>
</testsuite>
