<?xml version="1.0" encoding="UTF-8"?>
<testsuite name="org.springframework.oxm.jaxb.Jaxb2UnmarshallerTests" tests="12" skipped="0" failures="0" errors="0" timestamp="2021-05-01T09:22:10" hostname="wangweilideMBP.lan" time="0.409">
  <properties/>
  <testcase name="unmarshalStreamSourceReader()" classname="org.springframework.oxm.jaxb.Jaxb2UnmarshallerTests" time="0.081"/>
  <testcase name="unmarshalJaxp14StaxSourceXmlEventReader()" classname="org.springframework.oxm.jaxb.Jaxb2UnmarshallerTests" time="0.033"/>
  <testcase name="unmarshalStaxSourceXmlStreamReader()" classname="org.springframework.oxm.jaxb.Jaxb2UnmarshallerTests" time="0.012"/>
  <testcase name="unmarshalSAXSource()" classname="org.springframework.oxm.jaxb.Jaxb2UnmarshallerTests" time="0.009"/>
  <testcase name="unmarshalStreamSourceInputStream()" classname="org.springframework.oxm.jaxb.Jaxb2UnmarshallerTests" time="0.008"/>
  <testcase name="unmarshalJaxp14StaxSourceXmlStreamReader()" classname="org.springframework.oxm.jaxb.Jaxb2UnmarshallerTests" time="0.033"/>
  <testcase name="unmarshalStaxSourceXmlEventReader()" classname="org.springframework.oxm.jaxb.Jaxb2UnmarshallerTests" time="0.029"/>
  <testcase name="unmarshalDomSource()" classname="org.springframework.oxm.jaxb.Jaxb2UnmarshallerTests" time="0.019"/>
  <testcase name="marshalAttachments()" classname="org.springframework.oxm.jaxb.Jaxb2UnmarshallerTests" time="0.075"/>
  <testcase name="unmarshalPartialStaxSourceXmlStreamReader()" classname="org.springframework.oxm.jaxb.Jaxb2UnmarshallerTests" time="0.018"/>
  <testcase name="unmarshalFile()" classname="org.springframework.oxm.jaxb.Jaxb2UnmarshallerTests" time="0.009"/>
  <testcase name="unmarshalAnXmlReferingToAWrappedXmlElementDecl()" classname="org.springframework.oxm.jaxb.Jaxb2UnmarshallerTests" time="0.077"/>
  <system-out><![CDATA[]]></system-out>
  <system-err><![CDATA[]]></system-err>
</testsuite>
