<?xml version="1.0" encoding="UTF-8"?>
<testsuite name="org.springframework.oxm.xstream.XStreamMarshallerTests" tests="20" skipped="0" failures="0" errors="0" timestamp="2021-05-09T12:39:47" hostname="wangweilidembp" time="1.29">
  <properties/>
  <testcase name="aliasesByTypeStringClassMap()" classname="org.springframework.oxm.xstream.XStreamMarshallerTests" time="0.608"/>
  <testcase name="marshalStaxResultXMLStreamWriter()" classname="org.springframework.oxm.xstream.XStreamMarshallerTests" time="0.014"/>
  <testcase name="marshalStreamResultOutputStream()" classname="org.springframework.oxm.xstream.XStreamMarshallerTests" time="0.017"/>
  <testcase name="jettisonDriver()" classname="org.springframework.oxm.xstream.XStreamMarshallerTests" time="0.058"/>
  <testcase name="marshalDOMResultToExistentDocument()" classname="org.springframework.oxm.xstream.XStreamMarshallerTests" time="0.016"/>
  <testcase name="useAttributesForClassStringListMap()" classname="org.springframework.oxm.xstream.XStreamMarshallerTests" time="0.018"/>
  <testcase name="fieldAliases()" classname="org.springframework.oxm.xstream.XStreamMarshallerTests" time="0.048"/>
  <testcase name="implicitCollections()" classname="org.springframework.oxm.xstream.XStreamMarshallerTests" time="0.09"/>
  <testcase name="useAttributesForStringClassMap()" classname="org.springframework.oxm.xstream.XStreamMarshallerTests" time="0.035"/>
  <testcase name="jsonDriver()" classname="org.springframework.oxm.xstream.XStreamMarshallerTests" time="0.022"/>
  <testcase name="annotatedMarshalStreamResultWriter()" classname="org.springframework.oxm.xstream.XStreamMarshallerTests" time="0.019"/>
  <testcase name="useAttributesForClassStringMap()" classname="org.springframework.oxm.xstream.XStreamMarshallerTests" time="0.023"/>
  <testcase name="omitFields()" classname="org.springframework.oxm.xstream.XStreamMarshallerTests" time="0.006"/>
  <testcase name="aliasesByTypeStringStringMap()" classname="org.springframework.oxm.xstream.XStreamMarshallerTests" time="0.022"/>
  <testcase name="marshalStaxResultXMLEventWriter()" classname="org.springframework.oxm.xstream.XStreamMarshallerTests" time="0.024"/>
  <testcase name="marshalSaxResult()" classname="org.springframework.oxm.xstream.XStreamMarshallerTests" time="0.032"/>
  <testcase name="marshalStreamResultWriter()" classname="org.springframework.oxm.xstream.XStreamMarshallerTests" time="0.02"/>
  <testcase name="marshalDOMResult()" classname="org.springframework.oxm.xstream.XStreamMarshallerTests" time="0.008"/>
  <testcase name="useAttributesFor()" classname="org.springframework.oxm.xstream.XStreamMarshallerTests" time="0.07"/>
  <testcase name="converters()" classname="org.springframework.oxm.xstream.XStreamMarshallerTests" time="0.113"/>
  <system-out><![CDATA[]]></system-out>
  <system-err><![CDATA[Security framework of XStream not explicitly initialized, using predefined black list on your own risk.
Security framework of XStream not explicitly initialized, using predefined black list on your own risk.
]]></system-err>
</testsuite>
