<?xml version="1.0" encoding="UTF-8"?>
<testsuite name="org.springframework.r2dbc.core.DatabaseClientExtensionsTests" tests="5" skipped="0" failures="0" errors="0" timestamp="2021-04-26T07:39:32" hostname="wangweilideMacBook-Pro.local" time="0.386">
  <properties/>
  <testcase name="bindByIndexShouldBindNull()" classname="org.springframework.r2dbc.core.DatabaseClientExtensionsTests" time="0.311"/>
  <testcase name="genericExecuteSpecAwait()" classname="org.springframework.r2dbc.core.DatabaseClientExtensionsTests" time="0.028"/>
  <testcase name="bindByIndexShouldBindValue()" classname="org.springframework.r2dbc.core.DatabaseClientExtensionsTests" time="0.014"/>
  <testcase name="bindByNameShouldBindValue()" classname="org.springframework.r2dbc.core.DatabaseClientExtensionsTests" time="0.016"/>
  <testcase name="bindByNameShouldBindNull()" classname="org.springframework.r2dbc.core.DatabaseClientExtensionsTests" time="0.012"/>
  <system-out><![CDATA[]]></system-out>
  <system-err><![CDATA[]]></system-err>
</testsuite>
