<?xml version="1.0" encoding="UTF-8"?>
<testsuite name="org.springframework.r2dbc.core.DatabaseClientExtensionsTests" tests="5" skipped="0" failures="0" errors="0" timestamp="2021-05-01T09:25:25" hostname="wangweilideMBP.lan" time="0.765">
  <properties/>
  <testcase name="bindByIndexShouldBindNull()" classname="org.springframework.r2dbc.core.DatabaseClientExtensionsTests" time="0.598"/>
  <testcase name="genericExecuteSpecAwait()" classname="org.springframework.r2dbc.core.DatabaseClientExtensionsTests" time="0.014"/>
  <testcase name="bindByIndexShouldBindValue()" classname="org.springframework.r2dbc.core.DatabaseClientExtensionsTests" time="0.015"/>
  <testcase name="bindByNameShouldBindValue()" classname="org.springframework.r2dbc.core.DatabaseClientExtensionsTests" time="0.014"/>
  <testcase name="bindByNameShouldBindNull()" classname="org.springframework.r2dbc.core.DatabaseClientExtensionsTests" time="0.12"/>
  <system-out><![CDATA[]]></system-out>
  <system-err><![CDATA[]]></system-err>
</testsuite>
