<?xml version="1.0" encoding="UTF-8"?>
<testsuite name="org.springframework.r2dbc.core.UpdatedRowsFetchSpecExtensionsTests" tests="1" skipped="0" failures="0" errors="0" timestamp="2021-05-09T12:40:23" hostname="wangweilidembp" time="9.502">
  <properties/>
  <testcase name="awaitRowsUpdatedWithValue()" classname="org.springframework.r2dbc.core.UpdatedRowsFetchSpecExtensionsTests" time="9.502"/>
  <system-out><![CDATA[]]></system-out>
  <system-err><![CDATA[]]></system-err>
</testsuite>
