<?xml version="1.0" encoding="UTF-8"?>
<testsuite name="org.springframework.r2dbc.core.DefaultDatabaseClientUnitTests" tests="16" skipped="0" failures="0" errors="0" timestamp="2021-04-26T07:39:20" hostname="wangweilideMacBook-Pro.local" time="0.912">
  <properties/>
  <testcase name="shouldApplySimpleStatementFilterFunctions()" classname="org.springframework.r2dbc.core.DefaultDatabaseClientUnitTests" time="0.434"/>
  <testcase name="shouldApplyExecuteFunction()" classname="org.springframework.r2dbc.core.DefaultDatabaseClientUnitTests" time="0.033"/>
  <testcase name="executeShouldBindNamedValuesByIndex()" classname="org.springframework.r2dbc.core.DefaultDatabaseClientUnitTests" time="0.023"/>
  <testcase name="connectionFactoryIsExposed()" classname="org.springframework.r2dbc.core.DefaultDatabaseClientUnitTests" time="0.007"/>
  <testcase name="shouldApplyStatementFilterFunctions()" classname="org.springframework.r2dbc.core.DefaultDatabaseClientUnitTests" time="0.031"/>
  <testcase name="selectShouldEmitFirstValue()" classname="org.springframework.r2dbc.core.DefaultDatabaseClientUnitTests" time="0.029"/>
  <testcase name="executeShouldBindSettableValues()" classname="org.springframework.r2dbc.core.DefaultDatabaseClientUnitTests" time="0.041"/>
  <testcase name="selectOneShouldFailWithException()" classname="org.springframework.r2dbc.core.DefaultDatabaseClientUnitTests" time="0.05"/>
  <testcase name="shouldCloseConnectionOnlyOnce()" classname="org.springframework.r2dbc.core.DefaultDatabaseClientUnitTests" time="0.012"/>
  <testcase name="executeShouldBindNamedValuesFromIndexes()" classname="org.springframework.r2dbc.core.DefaultDatabaseClientUnitTests" time="0.031"/>
  <testcase name="executeShouldBindNamedNullValues()" classname="org.springframework.r2dbc.core.DefaultDatabaseClientUnitTests" time="0.007"/>
  <testcase name="executeShouldBindNullValues()" classname="org.springframework.r2dbc.core.DefaultDatabaseClientUnitTests" time="0.055"/>
  <testcase name="shouldApplyPreparedOperation()" classname="org.springframework.r2dbc.core.DefaultDatabaseClientUnitTests" time="0.008"/>
  <testcase name="executeShouldBindValues()" classname="org.springframework.r2dbc.core.DefaultDatabaseClientUnitTests" time="0.01"/>
  <testcase name="selectShouldEmitAllValues()" classname="org.springframework.r2dbc.core.DefaultDatabaseClientUnitTests" time="0.006"/>
  <testcase name="rowsUpdatedShouldEmitSingleValue()" classname="org.springframework.r2dbc.core.DefaultDatabaseClientUnitTests" time="0.101"/>
  <system-out><![CDATA[]]></system-out>
  <system-err><![CDATA[]]></system-err>
</testsuite>
