<?xml version="1.0" encoding="UTF-8"?>
<testsuite name="org.springframework.r2dbc.core.binding.AnonymousBindMarkersUnitTests" tests="2" skipped="0" failures="0" errors="0" timestamp="2021-04-26T07:39:19" hostname="wangweilideMacBook-Pro.local" time="0.004">
  <properties/>
  <testcase name="shouldBindByIndex()" classname="org.springframework.r2dbc.core.binding.AnonymousBindMarkersUnitTests" time="0.002"/>
  <testcase name="shouldCreateNewBindMarkers()" classname="org.springframework.r2dbc.core.binding.AnonymousBindMarkersUnitTests" time="0.001"/>
  <system-out><![CDATA[]]></system-out>
  <system-err><![CDATA[]]></system-err>
</testsuite>
