<?xml version="1.0" encoding="UTF-8"?>
<testsuite name="org.springframework.r2dbc.connection.init.H2DatabasePopulatorIntegrationTests" tests="6" skipped="0" failures="0" errors="0" timestamp="2021-04-26T07:39:21" hostname="wangweilideMacBook-Pro.local" time="0.443">
  <properties/>
  <testcase name="scriptWithSingleLineCommentsAndFailedDrop()" classname="org.springframework.r2dbc.connection.init.H2DatabasePopulatorIntegrationTests" time="0.206"/>
  <testcase name="scriptWithMultipleStatementsAndLongSeparator()" classname="org.springframework.r2dbc.connection.init.H2DatabasePopulatorIntegrationTests" time="0.051"/>
  <testcase name="scriptWithMultipleStatements()" classname="org.springframework.r2dbc.connection.init.H2DatabasePopulatorIntegrationTests" time="0.038"/>
  <testcase name="scriptWithStandardEscapedLiteral()" classname="org.springframework.r2dbc.connection.init.H2DatabasePopulatorIntegrationTests" time="0.022"/>
  <testcase name="scriptWithMySqlEscapedLiteral()" classname="org.springframework.r2dbc.connection.init.H2DatabasePopulatorIntegrationTests" time="0.034"/>
  <testcase name="shouldRunScript()" classname="org.springframework.r2dbc.connection.init.H2DatabasePopulatorIntegrationTests" time="0.066"/>
  <system-out><![CDATA[]]></system-out>
  <system-err><![CDATA[]]></system-err>
</testsuite>
