<?xml version="1.0" encoding="UTF-8"?>
<testsuite name="org.springframework.r2dbc.core.RowsFetchSpecExtensionsTests" tests="9" skipped="0" failures="0" errors="0" timestamp="2021-04-26T07:39:30" hostname="wangweilideMacBook-Pro.local" time="1.987">
  <properties/>
  <testcase name="awaitOneWithValue()" classname="org.springframework.r2dbc.core.RowsFetchSpecExtensionsTests" time="0.114"/>
  <testcase name="awaitSingleOrNullWithValue()" classname="org.springframework.r2dbc.core.RowsFetchSpecExtensionsTests" time="0.014"/>
  <testcase name="allAsFlow()" classname="org.springframework.r2dbc.core.RowsFetchSpecExtensionsTests" time="1.744"/>
  <testcase name="awaitSingleOrNullWithNull()" classname="org.springframework.r2dbc.core.RowsFetchSpecExtensionsTests" time="0.012"/>
  <testcase name="awaitOneOrNullWithValue()" classname="org.springframework.r2dbc.core.RowsFetchSpecExtensionsTests" time="0.012"/>
  <testcase name="awaitOneOrNullWithNull()" classname="org.springframework.r2dbc.core.RowsFetchSpecExtensionsTests" time="0.01"/>
  <testcase name="awaitFirstWithNull()" classname="org.springframework.r2dbc.core.RowsFetchSpecExtensionsTests" time="0.018"/>
  <testcase name="awaitOneWithNull()" classname="org.springframework.r2dbc.core.RowsFetchSpecExtensionsTests" time="0.042"/>
  <testcase name="awaitFirstWithValue()" classname="org.springframework.r2dbc.core.RowsFetchSpecExtensionsTests" time="0.013"/>
  <system-out><![CDATA[]]></system-out>
  <system-err><![CDATA[]]></system-err>
</testsuite>
