<?xml version="1.0" encoding="UTF-8"?>
<testsuite name="org.springframework.r2dbc.connection.SingleConnectionFactoryUnitTests" tests="6" skipped="0" failures="0" errors="0" timestamp="2021-05-01T09:25:14" hostname="wangweilideMBP.lan" time="0.038">
  <properties/>
  <testcase name="releaseConnectionShouldNotCloseConnection()" classname="org.springframework.r2dbc.connection.SingleConnectionFactoryUnitTests" time="0.014"/>
  <testcase name="shouldApplyAutoCommit()" classname="org.springframework.r2dbc.connection.SingleConnectionFactoryUnitTests" time="0.01"/>
  <testcase name="releaseConnectionShouldCloseUnrelatedConnection()" classname="org.springframework.r2dbc.connection.SingleConnectionFactoryUnitTests" time="0.002"/>
  <testcase name="shouldNotSuppressClose()" classname="org.springframework.r2dbc.connection.SingleConnectionFactoryUnitTests" time="0.004"/>
  <testcase name="shouldSuppressClose()" classname="org.springframework.r2dbc.connection.SingleConnectionFactoryUnitTests" time="0.003"/>
  <testcase name="shouldAllocateSameConnection()" classname="org.springframework.r2dbc.connection.SingleConnectionFactoryUnitTests" time="0.003"/>
  <system-out><![CDATA[]]></system-out>
  <system-err><![CDATA[]]></system-err>
</testsuite>
