<?xml version="1.0" encoding="UTF-8"?>
<testsuite name="org.springframework.r2dbc.core.H2TransactionalDatabaseClientIntegrationTests" tests="3" skipped="0" failures="0" errors="0" timestamp="2021-05-09T12:40:15" hostname="wangweilidembp" time="1.604">
  <properties/>
  <testcase name="shouldRollbackTransactionUsingTransactionalOperator()" classname="org.springframework.r2dbc.core.H2TransactionalDatabaseClientIntegrationTests" time="1.348"/>
  <testcase name="shouldRollbackTransaction()" classname="org.springframework.r2dbc.core.H2TransactionalDatabaseClientIntegrationTests" time="0.093"/>
  <testcase name="executeInsertInTransaction()" classname="org.springframework.r2dbc.core.H2TransactionalDatabaseClientIntegrationTests" time="0.158"/>
  <system-out><![CDATA[]]></system-out>
  <system-err><![CDATA[]]></system-err>
</testsuite>
