<?xml version="1.0" encoding="UTF-8"?>
<testsuite name="org.springframework.r2dbc.connection.SingleConnectionFactoryUnitTests" tests="6" skipped="0" failures="0" errors="0" timestamp="2021-05-09T12:40:23" hostname="wangweilidembp" time="0.206">
  <properties/>
  <testcase name="releaseConnectionShouldNotCloseConnection()" classname="org.springframework.r2dbc.connection.SingleConnectionFactoryUnitTests" time="0.062"/>
  <testcase name="shouldApplyAutoCommit()" classname="org.springframework.r2dbc.connection.SingleConnectionFactoryUnitTests" time="0.075"/>
  <testcase name="releaseConnectionShouldCloseUnrelatedConnection()" classname="org.springframework.r2dbc.connection.SingleConnectionFactoryUnitTests" time="0.003"/>
  <testcase name="shouldNotSuppressClose()" classname="org.springframework.r2dbc.connection.SingleConnectionFactoryUnitTests" time="0.008"/>
  <testcase name="shouldSuppressClose()" classname="org.springframework.r2dbc.connection.SingleConnectionFactoryUnitTests" time="0.007"/>
  <testcase name="shouldAllocateSameConnection()" classname="org.springframework.r2dbc.connection.SingleConnectionFactoryUnitTests" time="0.048"/>
  <system-out><![CDATA[]]></system-out>
  <system-err><![CDATA[]]></system-err>
</testsuite>
