<?xml version="1.0" encoding="UTF-8"?>
<testsuite name="org.springframework.r2dbc.core.binding.NamedBindMarkersUnitTests" tests="8" skipped="0" failures="0" errors="0" timestamp="2021-04-26T07:39:18" hostname="wangweilideMacBook-Pro.local" time="1.46">
  <properties/>
  <testcase name="nextShouldConsiderFilteredNameHint()" classname="org.springframework.r2dbc.core.binding.NamedBindMarkersUnitTests" time="0.012"/>
  <testcase name="nextShouldConsiderNameHint()" classname="org.springframework.r2dbc.core.binding.NamedBindMarkersUnitTests" time="0.001"/>
  <testcase name="bindNullShouldBindByName()" classname="org.springframework.r2dbc.core.binding.NamedBindMarkersUnitTests" time="1.283"/>
  <testcase name="[1] prefix=$" classname="org.springframework.r2dbc.core.binding.NamedBindMarkersUnitTests" time="0.024"/>
  <testcase name="[2] prefix=?" classname="org.springframework.r2dbc.core.binding.NamedBindMarkersUnitTests" time="0.001"/>
  <testcase name="nextShouldConsiderNameLimit()" classname="org.springframework.r2dbc.core.binding.NamedBindMarkersUnitTests" time="0.002"/>
  <testcase name="shouldCreateNewBindMarkers()" classname="org.springframework.r2dbc.core.binding.NamedBindMarkersUnitTests" time="0.054"/>
  <testcase name="bindValueShouldBindByName()" classname="org.springframework.r2dbc.core.binding.NamedBindMarkersUnitTests" time="0.003"/>
  <system-out><![CDATA[]]></system-out>
  <system-err><![CDATA[]]></system-err>
</testsuite>
