<?xml version="1.0" encoding="UTF-8"?>
<testsuite name="org.springframework.r2dbc.core.H2DatabaseClientIntegrationTests" tests="4" skipped="0" failures="0" errors="0" timestamp="2021-05-01T09:25:06" hostname="wangweilideMBP.lan" time="3.605">
  <properties/>
  <testcase name="shouldEmitGeneratedKey()" classname="org.springframework.r2dbc.core.H2DatabaseClientIntegrationTests" time="3.342"/>
  <testcase name="executeDeferred()" classname="org.springframework.r2dbc.core.H2DatabaseClientIntegrationTests" time="0.059"/>
  <testcase name="shouldTranslateDuplicateKeyException()" classname="org.springframework.r2dbc.core.H2DatabaseClientIntegrationTests" time="0.193"/>
  <testcase name="executeInsert()" classname="org.springframework.r2dbc.core.H2DatabaseClientIntegrationTests" time="0.011"/>
  <system-out><![CDATA[]]></system-out>
  <system-err><![CDATA[]]></system-err>
</testsuite>
