<?xml version="1.0" encoding="UTF-8"?>
<testsuite name="org.springframework.r2dbc.core.RowsFetchSpecExtensionsTests" tests="9" skipped="0" failures="0" errors="0" timestamp="2021-05-01T09:25:22" hostname="wangweilideMBP.lan" time="2.659">
  <properties/>
  <testcase name="awaitOneWithValue()" classname="org.springframework.r2dbc.core.RowsFetchSpecExtensionsTests" time="0.159"/>
  <testcase name="awaitSingleOrNullWithValue()" classname="org.springframework.r2dbc.core.RowsFetchSpecExtensionsTests" time="0.012"/>
  <testcase name="allAsFlow()" classname="org.springframework.r2dbc.core.RowsFetchSpecExtensionsTests" time="2.331"/>
  <testcase name="awaitSingleOrNullWithNull()" classname="org.springframework.r2dbc.core.RowsFetchSpecExtensionsTests" time="0.025"/>
  <testcase name="awaitOneOrNullWithValue()" classname="org.springframework.r2dbc.core.RowsFetchSpecExtensionsTests" time="0.012"/>
  <testcase name="awaitOneOrNullWithNull()" classname="org.springframework.r2dbc.core.RowsFetchSpecExtensionsTests" time="0.064"/>
  <testcase name="awaitFirstWithNull()" classname="org.springframework.r2dbc.core.RowsFetchSpecExtensionsTests" time="0.017"/>
  <testcase name="awaitOneWithNull()" classname="org.springframework.r2dbc.core.RowsFetchSpecExtensionsTests" time="0.011"/>
  <testcase name="awaitFirstWithValue()" classname="org.springframework.r2dbc.core.RowsFetchSpecExtensionsTests" time="0.01"/>
  <system-out><![CDATA[]]></system-out>
  <system-err><![CDATA[]]></system-err>
</testsuite>
