<?xml version="1.0" encoding="UTF-8"?>
<testsuite name="org.springframework.r2dbc.connection.SingleConnectionFactoryUnitTests" tests="6" skipped="0" failures="0" errors="0" timestamp="2021-04-26T07:39:22" hostname="wangweilideMacBook-Pro.local" time="0.136">
  <properties/>
  <testcase name="releaseConnectionShouldNotCloseConnection()" classname="org.springframework.r2dbc.connection.SingleConnectionFactoryUnitTests" time="0.027"/>
  <testcase name="shouldApplyAutoCommit()" classname="org.springframework.r2dbc.connection.SingleConnectionFactoryUnitTests" time="0.019"/>
  <testcase name="releaseConnectionShouldCloseUnrelatedConnection()" classname="org.springframework.r2dbc.connection.SingleConnectionFactoryUnitTests" time="0.015"/>
  <testcase name="shouldNotSuppressClose()" classname="org.springframework.r2dbc.connection.SingleConnectionFactoryUnitTests" time="0.029"/>
  <testcase name="shouldSuppressClose()" classname="org.springframework.r2dbc.connection.SingleConnectionFactoryUnitTests" time="0.03"/>
  <testcase name="shouldAllocateSameConnection()" classname="org.springframework.r2dbc.connection.SingleConnectionFactoryUnitTests" time="0.012"/>
  <system-out><![CDATA[]]></system-out>
  <system-err><![CDATA[]]></system-err>
</testsuite>
