<?xml version="1.0" encoding="UTF-8"?>
<testsuite name="org.springframework.r2dbc.connection.lookup.MapConnectionFactoryLookupUnitTests" tests="5" skipped="0" failures="0" errors="0" timestamp="2021-05-01T09:25:14" hostname="wangweilideMBP.lan" time="0.006">
  <properties/>
  <testcase name="getConnectionFactoryWhereSuppliedMapHasNonConnectionFactoryTypeUnderSpecifiedKey()" classname="org.springframework.r2dbc.connection.lookup.MapConnectionFactoryLookupUnitTests" time="0.001"/>
  <testcase name="getConnectionFactorysReturnsUnmodifiableMap()" classname="org.springframework.r2dbc.connection.lookup.MapConnectionFactoryLookupUnitTests" time="0.001"/>
  <testcase name="shouldLookupConnectionFactory()" classname="org.springframework.r2dbc.connection.lookup.MapConnectionFactoryLookupUnitTests" time="0.001"/>
  <testcase name="getConnectionFactoryWhereSuppliedMapHasNoEntryForSpecifiedKey()" classname="org.springframework.r2dbc.connection.lookup.MapConnectionFactoryLookupUnitTests" time="0.001"/>
  <testcase name="addingConnectionFactoryPermitsOverride()" classname="org.springframework.r2dbc.connection.lookup.MapConnectionFactoryLookupUnitTests" time="0.001"/>
  <system-out><![CDATA[]]></system-out>
  <system-err><![CDATA[]]></system-err>
</testsuite>
