<?xml version="1.0" encoding="UTF-8"?>
<testsuite name="org.springframework.r2dbc.connection.lookup.BeanFactoryConnectionFactoryLookupUnitTests" tests="3" skipped="0" failures="0" errors="0" timestamp="2021-04-26T07:39:21" hostname="wangweilideMacBook-Pro.local" time="0.105">
  <properties/>
  <testcase name="shouldLookupWhereBeanFactoryHasNotBeenSupplied()" classname="org.springframework.r2dbc.connection.lookup.BeanFactoryConnectionFactoryLookupUnitTests" time="0.066"/>
  <testcase name="shouldLookupWhereBeanFactoryYieldsNonConnectionFactoryType()" classname="org.springframework.r2dbc.connection.lookup.BeanFactoryConnectionFactoryLookupUnitTests" time="0.005"/>
  <testcase name="shouldLookupConnectionFactory()" classname="org.springframework.r2dbc.connection.lookup.BeanFactoryConnectionFactoryLookupUnitTests" time="0.003"/>
  <system-out><![CDATA[]]></system-out>
  <system-err><![CDATA[]]></system-err>
</testsuite>
