<?xml version="1.0" encoding="UTF-8"?>
<testsuite name="org.springframework.r2dbc.core.DefaultDatabaseClientUnitTests" tests="16" skipped="0" failures="0" errors="0" timestamp="2021-05-01T09:25:13" hostname="wangweilideMBP.lan" time="0.637">
  <properties/>
  <testcase name="shouldApplySimpleStatementFilterFunctions()" classname="org.springframework.r2dbc.core.DefaultDatabaseClientUnitTests" time="0.412"/>
  <testcase name="shouldApplyExecuteFunction()" classname="org.springframework.r2dbc.core.DefaultDatabaseClientUnitTests" time="0.011"/>
  <testcase name="executeShouldBindNamedValuesByIndex()" classname="org.springframework.r2dbc.core.DefaultDatabaseClientUnitTests" time="0.005"/>
  <testcase name="connectionFactoryIsExposed()" classname="org.springframework.r2dbc.core.DefaultDatabaseClientUnitTests" time="0.003"/>
  <testcase name="shouldApplyStatementFilterFunctions()" classname="org.springframework.r2dbc.core.DefaultDatabaseClientUnitTests" time="0.013"/>
  <testcase name="selectShouldEmitFirstValue()" classname="org.springframework.r2dbc.core.DefaultDatabaseClientUnitTests" time="0.017"/>
  <testcase name="executeShouldBindSettableValues()" classname="org.springframework.r2dbc.core.DefaultDatabaseClientUnitTests" time="0.006"/>
  <testcase name="selectOneShouldFailWithException()" classname="org.springframework.r2dbc.core.DefaultDatabaseClientUnitTests" time="0.024"/>
  <testcase name="shouldCloseConnectionOnlyOnce()" classname="org.springframework.r2dbc.core.DefaultDatabaseClientUnitTests" time="0.005"/>
  <testcase name="executeShouldBindNamedValuesFromIndexes()" classname="org.springframework.r2dbc.core.DefaultDatabaseClientUnitTests" time="0.006"/>
  <testcase name="executeShouldBindNamedNullValues()" classname="org.springframework.r2dbc.core.DefaultDatabaseClientUnitTests" time="0.004"/>
  <testcase name="executeShouldBindNullValues()" classname="org.springframework.r2dbc.core.DefaultDatabaseClientUnitTests" time="0.012"/>
  <testcase name="shouldApplyPreparedOperation()" classname="org.springframework.r2dbc.core.DefaultDatabaseClientUnitTests" time="0.005"/>
  <testcase name="executeShouldBindValues()" classname="org.springframework.r2dbc.core.DefaultDatabaseClientUnitTests" time="0.007"/>
  <testcase name="selectShouldEmitAllValues()" classname="org.springframework.r2dbc.core.DefaultDatabaseClientUnitTests" time="0.004"/>
  <testcase name="rowsUpdatedShouldEmitSingleValue()" classname="org.springframework.r2dbc.core.DefaultDatabaseClientUnitTests" time="0.094"/>
  <system-out><![CDATA[]]></system-out>
  <system-err><![CDATA[]]></system-err>
</testsuite>
