<?xml version="1.0" encoding="UTF-8"?>
<testsuite name="org.springframework.r2dbc.core.binding.BindMarkersFactoryResolverUnitTests" tests="6" skipped="0" failures="0" errors="0" timestamp="2021-04-26T07:39:19" hostname="wangweilideMacBook-Pro.local" time="0.022">
  <properties/>
  <testcase name="shouldReturnBindMarkersFactoryForMySQL()" classname="org.springframework.r2dbc.core.binding.BindMarkersFactoryResolverUnitTests" time="0.003"/>
  <testcase name="shouldReturnBindMarkersFactoryForPostgreSQL()" classname="org.springframework.r2dbc.core.binding.BindMarkersFactoryResolverUnitTests" time="0.006"/>
  <testcase name="shouldReturnBindMarkersFactoryForH2()" classname="org.springframework.r2dbc.core.binding.BindMarkersFactoryResolverUnitTests" time="0.0"/>
  <testcase name="shouldReturnBindMarkersFactoryForOracle()" classname="org.springframework.r2dbc.core.binding.BindMarkersFactoryResolverUnitTests" time="0.006"/>
  <testcase name="shouldReturnBindMarkersFactoryForMariaDB()" classname="org.springframework.r2dbc.core.binding.BindMarkersFactoryResolverUnitTests" time="0.0"/>
  <testcase name="shouldReturnBindMarkersFactoryForMicrosoftSQLServer()" classname="org.springframework.r2dbc.core.binding.BindMarkersFactoryResolverUnitTests" time="0.0"/>
  <system-out><![CDATA[]]></system-out>
  <system-err><![CDATA[]]></system-err>
</testsuite>
