<?xml version="1.0" encoding="UTF-8"?>
<testsuite name="org.springframework.r2dbc.connection.init.ConnectionFactoryInitializerUnitTests" tests="2" skipped="0" failures="0" errors="0" timestamp="2021-05-09T12:40:22" hostname="wangweilidembp" time="0.046">
  <properties/>
  <testcase name="shouldCleanConnectionFactory()" classname="org.springframework.r2dbc.connection.init.ConnectionFactoryInitializerUnitTests" time="0.035"/>
  <testcase name="shouldInitializeConnectionFactory()" classname="org.springframework.r2dbc.connection.init.ConnectionFactoryInitializerUnitTests" time="0.003"/>
  <system-out><![CDATA[]]></system-out>
  <system-err><![CDATA[]]></system-err>
</testsuite>
