<?xml version="1.0" encoding="UTF-8"?>
<testsuite name="org.springframework.r2dbc.core.binding.BindingsUnitTests" tests="7" skipped="0" failures="0" errors="0" timestamp="2021-04-26T07:39:19" hostname="wangweilideMacBook-Pro.local" time="0.086">
  <properties/>
  <testcase name="shouldApplyValueBinding()" classname="org.springframework.r2dbc.core.binding.BindingsUnitTests" time="0.003"/>
  <testcase name="shouldMergeBindings()" classname="org.springframework.r2dbc.core.binding.BindingsUnitTests" time="0.054"/>
  <testcase name="shouldApplySimpleNullBinding()" classname="org.springframework.r2dbc.core.binding.BindingsUnitTests" time="0.002"/>
  <testcase name="shouldApplyNullBinding()" classname="org.springframework.r2dbc.core.binding.BindingsUnitTests" time="0.002"/>
  <testcase name="shouldConsumeBindings()" classname="org.springframework.r2dbc.core.binding.BindingsUnitTests" time="0.017"/>
  <testcase name="shouldApplySimpleValueBinding()" classname="org.springframework.r2dbc.core.binding.BindingsUnitTests" time="0.002"/>
  <testcase name="shouldCreateBindings()" classname="org.springframework.r2dbc.core.binding.BindingsUnitTests" time="0.001"/>
  <system-out><![CDATA[]]></system-out>
  <system-err><![CDATA[]]></system-err>
</testsuite>
