<?xml version="1.0" encoding="UTF-8"?>
<testsuite name="org.springframework.r2dbc.connection.DelegatingConnectionFactoryUnitTests" tests="2" skipped="0" failures="0" errors="0" timestamp="2021-05-09T12:40:23" hostname="wangweilidembp" time="0.002">
  <properties/>
  <testcase name="shouldDelegateGetConnection()" classname="org.springframework.r2dbc.connection.DelegatingConnectionFactoryUnitTests" time="0.001"/>
  <testcase name="shouldDelegateUnwrapWithoutImplementing()" classname="org.springframework.r2dbc.connection.DelegatingConnectionFactoryUnitTests" time="0.0"/>
  <system-out><![CDATA[]]></system-out>
  <system-err><![CDATA[]]></system-err>
</testsuite>
