<?xml version="1.0" encoding="UTF-8"?>
<testsuite name="org.springframework.r2dbc.core.binding.NamedBindMarkersUnitTests" tests="8" skipped="0" failures="0" errors="0" timestamp="2021-05-09T12:40:17" hostname="wangweilidembp" time="2.61">
  <properties/>
  <testcase name="nextShouldConsiderFilteredNameHint()" classname="org.springframework.r2dbc.core.binding.NamedBindMarkersUnitTests" time="0.037"/>
  <testcase name="nextShouldConsiderNameHint()" classname="org.springframework.r2dbc.core.binding.NamedBindMarkersUnitTests" time="0.002"/>
  <testcase name="bindNullShouldBindByName()" classname="org.springframework.r2dbc.core.binding.NamedBindMarkersUnitTests" time="2.362"/>
  <testcase name="[1] prefix=$" classname="org.springframework.r2dbc.core.binding.NamedBindMarkersUnitTests" time="0.058"/>
  <testcase name="[2] prefix=?" classname="org.springframework.r2dbc.core.binding.NamedBindMarkersUnitTests" time="0.002"/>
  <testcase name="nextShouldConsiderNameLimit()" classname="org.springframework.r2dbc.core.binding.NamedBindMarkersUnitTests" time="0.001"/>
  <testcase name="shouldCreateNewBindMarkers()" classname="org.springframework.r2dbc.core.binding.NamedBindMarkersUnitTests" time="0.001"/>
  <testcase name="bindValueShouldBindByName()" classname="org.springframework.r2dbc.core.binding.NamedBindMarkersUnitTests" time="0.003"/>
  <system-out><![CDATA[]]></system-out>
  <system-err><![CDATA[]]></system-err>
</testsuite>
