<?xml version="1.0" encoding="UTF-8"?>
<testsuite name="org.springframework.r2dbc.core.binding.IndexedBindMarkersUnitTests" tests="5" skipped="0" failures="0" errors="0" timestamp="2021-05-01T09:25:12" hostname="wangweilideMBP.lan" time="0.024">
  <properties/>
  <testcase name="bindNullShouldBindByIndex()" classname="org.springframework.r2dbc.core.binding.IndexedBindMarkersUnitTests" time="0.014"/>
  <testcase name="nextShouldIncrementBindMarker()" classname="org.springframework.r2dbc.core.binding.IndexedBindMarkersUnitTests" time="0.001"/>
  <testcase name="shouldCreateNewBindMarkers()" classname="org.springframework.r2dbc.core.binding.IndexedBindMarkersUnitTests" time="0.0"/>
  <testcase name="bindValueShouldBindByIndex()" classname="org.springframework.r2dbc.core.binding.IndexedBindMarkersUnitTests" time="0.004"/>
  <testcase name="shouldCreateNewBindMarkersWithOffset()" classname="org.springframework.r2dbc.core.binding.IndexedBindMarkersUnitTests" time="0.002"/>
  <system-out><![CDATA[]]></system-out>
  <system-err><![CDATA[]]></system-err>
</testsuite>
