<?xml version="1.0" encoding="UTF-8"?>
<testsuite name="org.springframework.r2dbc.core.binding.NamedBindMarkersUnitTests" tests="8" skipped="0" failures="0" errors="0" timestamp="2021-05-01T09:25:10" hostname="wangweilideMBP.lan" time="1.856">
  <properties/>
  <testcase name="nextShouldConsiderFilteredNameHint()" classname="org.springframework.r2dbc.core.binding.NamedBindMarkersUnitTests" time="0.015"/>
  <testcase name="nextShouldConsiderNameHint()" classname="org.springframework.r2dbc.core.binding.NamedBindMarkersUnitTests" time="0.001"/>
  <testcase name="bindNullShouldBindByName()" classname="org.springframework.r2dbc.core.binding.NamedBindMarkersUnitTests" time="1.688"/>
  <testcase name="[1] prefix=$" classname="org.springframework.r2dbc.core.binding.NamedBindMarkersUnitTests" time="0.044"/>
  <testcase name="[2] prefix=?" classname="org.springframework.r2dbc.core.binding.NamedBindMarkersUnitTests" time="0.001"/>
  <testcase name="nextShouldConsiderNameLimit()" classname="org.springframework.r2dbc.core.binding.NamedBindMarkersUnitTests" time="0.001"/>
  <testcase name="shouldCreateNewBindMarkers()" classname="org.springframework.r2dbc.core.binding.NamedBindMarkersUnitTests" time="0.0"/>
  <testcase name="bindValueShouldBindByName()" classname="org.springframework.r2dbc.core.binding.NamedBindMarkersUnitTests" time="0.001"/>
  <system-out><![CDATA[]]></system-out>
  <system-err><![CDATA[]]></system-err>
</testsuite>
