<?xml version="1.0" encoding="UTF-8"?>
<testsuite name="org.springframework.r2dbc.connection.init.ConnectionFactoryInitializerUnitTests" tests="2" skipped="0" failures="0" errors="0" timestamp="2021-04-26T07:39:21" hostname="wangweilideMacBook-Pro.local" time="0.02">
  <properties/>
  <testcase name="shouldCleanConnectionFactory()" classname="org.springframework.r2dbc.connection.init.ConnectionFactoryInitializerUnitTests" time="0.017"/>
  <testcase name="shouldInitializeConnectionFactory()" classname="org.springframework.r2dbc.connection.init.ConnectionFactoryInitializerUnitTests" time="0.002"/>
  <system-out><![CDATA[]]></system-out>
  <system-err><![CDATA[]]></system-err>
</testsuite>
