<?xml version="1.0" encoding="UTF-8"?>
<testsuite name="org.springframework.r2dbc.core.H2TransactionalDatabaseClientIntegrationTests" tests="3" skipped="0" failures="0" errors="0" timestamp="2021-05-01T09:25:09" hostname="wangweilideMBP.lan" time="1.057">
  <properties/>
  <testcase name="shouldRollbackTransactionUsingTransactionalOperator()" classname="org.springframework.r2dbc.core.H2TransactionalDatabaseClientIntegrationTests" time="0.821"/>
  <testcase name="shouldRollbackTransaction()" classname="org.springframework.r2dbc.core.H2TransactionalDatabaseClientIntegrationTests" time="0.06"/>
  <testcase name="executeInsertInTransaction()" classname="org.springframework.r2dbc.core.H2TransactionalDatabaseClientIntegrationTests" time="0.172"/>
  <system-out><![CDATA[]]></system-out>
  <system-err><![CDATA[]]></system-err>
</testsuite>
