<?xml version="1.0" encoding="UTF-8"?>
<testsuite name="org.springframework.r2dbc.core.UpdatedRowsFetchSpecExtensionsTests" tests="1" skipped="0" failures="0" errors="0" timestamp="2021-05-01T09:25:14" hostname="wangweilideMBP.lan" time="7.813">
  <properties/>
  <testcase name="awaitRowsUpdatedWithValue()" classname="org.springframework.r2dbc.core.UpdatedRowsFetchSpecExtensionsTests" time="7.813"/>
  <system-out><![CDATA[]]></system-out>
  <system-err><![CDATA[]]></system-err>
</testsuite>
