<?xml version="1.0" encoding="UTF-8"?>
<testsuite name="org.springframework.r2dbc.connection.lookup.BeanFactoryConnectionFactoryLookupUnitTests" tests="3" skipped="0" failures="0" errors="0" timestamp="2021-05-09T12:40:22" hostname="wangweilidembp" time="0.104">
  <properties/>
  <testcase name="shouldLookupWhereBeanFactoryHasNotBeenSupplied()" classname="org.springframework.r2dbc.connection.lookup.BeanFactoryConnectionFactoryLookupUnitTests" time="0.095"/>
  <testcase name="shouldLookupWhereBeanFactoryYieldsNonConnectionFactoryType()" classname="org.springframework.r2dbc.connection.lookup.BeanFactoryConnectionFactoryLookupUnitTests" time="0.006"/>
  <testcase name="shouldLookupConnectionFactory()" classname="org.springframework.r2dbc.connection.lookup.BeanFactoryConnectionFactoryLookupUnitTests" time="0.003"/>
  <system-out><![CDATA[]]></system-out>
  <system-err><![CDATA[]]></system-err>
</testsuite>
