<?xml version="1.0" encoding="UTF-8"?>
<testsuite name="org.springframework.r2dbc.core.RowsFetchSpecExtensionsTests" tests="9" skipped="0" failures="0" errors="0" timestamp="2021-05-09T12:40:33" hostname="wangweilidembp" time="2.687">
  <properties/>
  <testcase name="awaitOneWithValue()" classname="org.springframework.r2dbc.core.RowsFetchSpecExtensionsTests" time="0.164"/>
  <testcase name="awaitSingleOrNullWithValue()" classname="org.springframework.r2dbc.core.RowsFetchSpecExtensionsTests" time="0.017"/>
  <testcase name="allAsFlow()" classname="org.springframework.r2dbc.core.RowsFetchSpecExtensionsTests" time="2.321"/>
  <testcase name="awaitSingleOrNullWithNull()" classname="org.springframework.r2dbc.core.RowsFetchSpecExtensionsTests" time="0.013"/>
  <testcase name="awaitOneOrNullWithValue()" classname="org.springframework.r2dbc.core.RowsFetchSpecExtensionsTests" time="0.015"/>
  <testcase name="awaitOneOrNullWithNull()" classname="org.springframework.r2dbc.core.RowsFetchSpecExtensionsTests" time="0.011"/>
  <testcase name="awaitFirstWithNull()" classname="org.springframework.r2dbc.core.RowsFetchSpecExtensionsTests" time="0.018"/>
  <testcase name="awaitOneWithNull()" classname="org.springframework.r2dbc.core.RowsFetchSpecExtensionsTests" time="0.012"/>
  <testcase name="awaitFirstWithValue()" classname="org.springframework.r2dbc.core.RowsFetchSpecExtensionsTests" time="0.1"/>
  <system-out><![CDATA[]]></system-out>
  <system-err><![CDATA[]]></system-err>
</testsuite>
