<?xml version="1.0" encoding="UTF-8"?>
<testsuite name="org.springframework.r2dbc.core.binding.AnonymousBindMarkersUnitTests" tests="2" skipped="0" failures="0" errors="0" timestamp="2021-05-01T09:25:12" hostname="wangweilideMBP.lan" time="0.015">
  <properties/>
  <testcase name="shouldBindByIndex()" classname="org.springframework.r2dbc.core.binding.AnonymousBindMarkersUnitTests" time="0.012"/>
  <testcase name="shouldCreateNewBindMarkers()" classname="org.springframework.r2dbc.core.binding.AnonymousBindMarkersUnitTests" time="0.0"/>
  <system-out><![CDATA[]]></system-out>
  <system-err><![CDATA[]]></system-err>
</testsuite>
