<?xml version="1.0" encoding="UTF-8"?>
<testsuite name="org.springframework.r2dbc.connection.init.CompositeDatabasePopulatorTests" tests="5" skipped="0" failures="0" errors="0" timestamp="2021-05-09T12:40:22" hostname="wangweilidembp" time="0.026">
  <properties/>
  <testcase name="addPopulators()" classname="org.springframework.r2dbc.connection.init.CompositeDatabasePopulatorTests" time="0.005"/>
  <testcase name="constructWithCollection()" classname="org.springframework.r2dbc.connection.init.CompositeDatabasePopulatorTests" time="0.006"/>
  <testcase name="setPopulatorsForOverride()" classname="org.springframework.r2dbc.connection.init.CompositeDatabasePopulatorTests" time="0.004"/>
  <testcase name="constructWithVarargs()" classname="org.springframework.r2dbc.connection.init.CompositeDatabasePopulatorTests" time="0.003"/>
  <testcase name="setPopulatorsWithMultiple()" classname="org.springframework.r2dbc.connection.init.CompositeDatabasePopulatorTests" time="0.004"/>
  <system-out><![CDATA[]]></system-out>
  <system-err><![CDATA[]]></system-err>
</testsuite>
