<?xml version="1.0" encoding="UTF-8"?>
<testsuite name="org.springframework.r2dbc.core.H2DatabaseClientIntegrationTests" tests="4" skipped="0" failures="0" errors="0" timestamp="2021-04-26T07:39:14" hostname="wangweilideMacBook-Pro.local" time="2.506">
  <properties/>
  <testcase name="shouldEmitGeneratedKey()" classname="org.springframework.r2dbc.core.H2DatabaseClientIntegrationTests" time="2.235"/>
  <testcase name="executeDeferred()" classname="org.springframework.r2dbc.core.H2DatabaseClientIntegrationTests" time="0.064"/>
  <testcase name="shouldTranslateDuplicateKeyException()" classname="org.springframework.r2dbc.core.H2DatabaseClientIntegrationTests" time="0.191"/>
  <testcase name="executeInsert()" classname="org.springframework.r2dbc.core.H2DatabaseClientIntegrationTests" time="0.013"/>
  <system-out><![CDATA[]]></system-out>
  <system-err><![CDATA[]]></system-err>
</testsuite>
