<?xml version="1.0" encoding="UTF-8"?>
<testsuite name="org.springframework.r2dbc.core.H2TransactionalDatabaseClientIntegrationTests" tests="3" skipped="0" failures="0" errors="0" timestamp="2021-04-26T07:39:17" hostname="wangweilideMacBook-Pro.local" time="0.911">
  <properties/>
  <testcase name="shouldRollbackTransactionUsingTransactionalOperator()" classname="org.springframework.r2dbc.core.H2TransactionalDatabaseClientIntegrationTests" time="0.757"/>
  <testcase name="shouldRollbackTransaction()" classname="org.springframework.r2dbc.core.H2TransactionalDatabaseClientIntegrationTests" time="0.042"/>
  <testcase name="executeInsertInTransaction()" classname="org.springframework.r2dbc.core.H2TransactionalDatabaseClientIntegrationTests" time="0.111"/>
  <system-out><![CDATA[]]></system-out>
  <system-err><![CDATA[]]></system-err>
</testsuite>
