<?xml version="1.0" encoding="UTF-8"?>
<testsuite name="org.springframework.r2dbc.connection.lookup.BeanFactoryConnectionFactoryLookupUnitTests" tests="3" skipped="0" failures="0" errors="0" timestamp="2021-05-01T09:25:14" hostname="wangweilideMBP.lan" time="0.104">
  <properties/>
  <testcase name="shouldLookupWhereBeanFactoryHasNotBeenSupplied()" classname="org.springframework.r2dbc.connection.lookup.BeanFactoryConnectionFactoryLookupUnitTests" time="0.092"/>
  <testcase name="shouldLookupWhereBeanFactoryYieldsNonConnectionFactoryType()" classname="org.springframework.r2dbc.connection.lookup.BeanFactoryConnectionFactoryLookupUnitTests" time="0.009"/>
  <testcase name="shouldLookupConnectionFactory()" classname="org.springframework.r2dbc.connection.lookup.BeanFactoryConnectionFactoryLookupUnitTests" time="0.002"/>
  <system-out><![CDATA[]]></system-out>
  <system-err><![CDATA[]]></system-err>
</testsuite>
