<?xml version="1.0" encoding="UTF-8"?>
<testsuite name="org.springframework.r2dbc.core.DatabaseClientExtensionsTests" tests="5" skipped="0" failures="0" errors="0" timestamp="2021-05-09T12:40:36" hostname="wangweilidembp" time="0.478">
  <properties/>
  <testcase name="bindByIndexShouldBindNull()" classname="org.springframework.r2dbc.core.DatabaseClientExtensionsTests" time="0.365"/>
  <testcase name="genericExecuteSpecAwait()" classname="org.springframework.r2dbc.core.DatabaseClientExtensionsTests" time="0.013"/>
  <testcase name="bindByIndexShouldBindValue()" classname="org.springframework.r2dbc.core.DatabaseClientExtensionsTests" time="0.026"/>
  <testcase name="bindByNameShouldBindValue()" classname="org.springframework.r2dbc.core.DatabaseClientExtensionsTests" time="0.059"/>
  <testcase name="bindByNameShouldBindNull()" classname="org.springframework.r2dbc.core.DatabaseClientExtensionsTests" time="0.011"/>
  <system-out><![CDATA[]]></system-out>
  <system-err><![CDATA[]]></system-err>
</testsuite>
