<?xml version="1.0" encoding="UTF-8"?>
<testsuite name="org.springframework.r2dbc.core.binding.BindMarkersFactoryResolverUnitTests" tests="6" skipped="0" failures="0" errors="0" timestamp="2021-05-01T09:25:12" hostname="wangweilideMBP.lan" time="0.023">
  <properties/>
  <testcase name="shouldReturnBindMarkersFactoryForMySQL()" classname="org.springframework.r2dbc.core.binding.BindMarkersFactoryResolverUnitTests" time="0.002"/>
  <testcase name="shouldReturnBindMarkersFactoryForPostgreSQL()" classname="org.springframework.r2dbc.core.binding.BindMarkersFactoryResolverUnitTests" time="0.0"/>
  <testcase name="shouldReturnBindMarkersFactoryForH2()" classname="org.springframework.r2dbc.core.binding.BindMarkersFactoryResolverUnitTests" time="0.001"/>
  <testcase name="shouldReturnBindMarkersFactoryForOracle()" classname="org.springframework.r2dbc.core.binding.BindMarkersFactoryResolverUnitTests" time="0.002"/>
  <testcase name="shouldReturnBindMarkersFactoryForMariaDB()" classname="org.springframework.r2dbc.core.binding.BindMarkersFactoryResolverUnitTests" time="0.001"/>
  <testcase name="shouldReturnBindMarkersFactoryForMicrosoftSQLServer()" classname="org.springframework.r2dbc.core.binding.BindMarkersFactoryResolverUnitTests" time="0.0"/>
  <system-out><![CDATA[]]></system-out>
  <system-err><![CDATA[]]></system-err>
</testsuite>
