<?xml version="1.0" encoding="UTF-8"?>
<testsuite name="org.springframework.r2dbc.core.H2DatabaseClientIntegrationTests" tests="4" skipped="0" failures="0" errors="0" timestamp="2021-05-09T12:40:10" hostname="wangweilidembp" time="4.956">
  <properties/>
  <testcase name="shouldEmitGeneratedKey()" classname="org.springframework.r2dbc.core.H2DatabaseClientIntegrationTests" time="4.365"/>
  <testcase name="executeDeferred()" classname="org.springframework.r2dbc.core.H2DatabaseClientIntegrationTests" time="0.096"/>
  <testcase name="shouldTranslateDuplicateKeyException()" classname="org.springframework.r2dbc.core.H2DatabaseClientIntegrationTests" time="0.378"/>
  <testcase name="executeInsert()" classname="org.springframework.r2dbc.core.H2DatabaseClientIntegrationTests" time="0.113"/>
  <system-out><![CDATA[]]></system-out>
  <system-err><![CDATA[]]></system-err>
</testsuite>
