<?xml version="1.0" encoding="UTF-8"?>
<testsuite name="org.springframework.orm.jpa.ApplicationManagedEntityManagerIntegrationTests" tests="8" skipped="0" failures="0" errors="0" timestamp="2021-05-01T09:25:26" hostname="wangweilideMBP.lan" time="0.254">
  <properties/>
  <testcase name="testEntityManagerProxyAcceptsProgrammaticTxJoining()" classname="org.springframework.orm.jpa.ApplicationManagedEntityManagerIntegrationTests" time="0.172"/>
  <testcase name="testStateClean()" classname="org.springframework.orm.jpa.ApplicationManagedEntityManagerIntegrationTests" time="0.002"/>
  <testcase name="testCommitOccurs()" classname="org.springframework.orm.jpa.ApplicationManagedEntityManagerIntegrationTests" time="0.009"/>
  <testcase name="testEntityManagerProxyIsProxy()" classname="org.springframework.orm.jpa.ApplicationManagedEntityManagerIntegrationTests" time="0.021"/>
  <testcase name="testCannotFlushWithoutGettingTransaction()" classname="org.springframework.orm.jpa.ApplicationManagedEntityManagerIntegrationTests" time="0.021"/>
  <testcase name="testRollbackOccurs()" classname="org.springframework.orm.jpa.ApplicationManagedEntityManagerIntegrationTests" time="0.012"/>
  <testcase name="testReuseInNewTransaction()" classname="org.springframework.orm.jpa.ApplicationManagedEntityManagerIntegrationTests" time="0.01"/>
  <testcase name="testInstantiateAndSave()" classname="org.springframework.orm.jpa.ApplicationManagedEntityManagerIntegrationTests" time="0.004"/>
  <system-out><![CDATA[[EL Info]: 2021-05-01 17:25:27.041--ServerSession(1390999321)--EclipseLink, version: Eclipse Persistence Services - 2.7.8.v20201217-ecdf3c32c4
[EL Warning]: metadata: 2021-05-01 17:25:27.042--ServerSession(1390999321)--Reverting the lazy setting on the OneToOne or ManyToOne attribute [driversLicense] for the entity class [class org.springframework.orm.jpa.domain.Person] since weaving was not enabled or did not occur.
[EL Fine]: sql: 2021-05-01 17:25:27.048--ServerSession(1390999321)--Connection(1729803950)--SELECT * FROM SEQUENCE WHERE SEQ_NAME = 'SEQ_GEN'
[EL Fine]: sql: 2021-05-01 17:25:27.06--ClientSession(335242677)--Connection(748289919)--UPDATE SEQUENCE SET SEQ_COUNT = SEQ_COUNT + ? WHERE SEQ_NAME = ?
	bind => [50, SEQ_GEN]
[EL Fine]: sql: 2021-05-01 17:25:27.061--ClientSession(335242677)--Connection(748289919)--SELECT SEQ_COUNT FROM SEQUENCE WHERE SEQ_NAME = ?
	bind => [SEQ_GEN]
[EL Fine]: sql: 2021-05-01 17:25:27.062--ClientSession(335242677)--Connection(835136292)--INSERT INTO PERSON (ID, FIRST_NAME, LAST_NAME, DRIVERS_LICENSE_ID) VALUES (?, ?, ?, ?)
	bind => [101, Tony, Blair, null]
[EL Fine]: sql: 2021-05-01 17:25:27.063--ClientSession(335242677)--Connection(835136292)--SELECT COUNT(0) FROM person
[EL Fine]: sql: 2021-05-01 17:25:27.065--ServerSession(1390999321)--Connection(849888506)--SELECT COUNT(0) FROM person
[EL Fine]: sql: 2021-05-01 17:25:27.069--ServerSession(1390999321)--Connection(412271138)--SELECT ID, FIRST_NAME, LAST_NAME, DRIVERS_LICENSE_ID FROM PERSON
[EL Fine]: sql: 2021-05-01 17:25:27.108--ClientSession(1384458989)--Connection(1754361755)--DELETE FROM PERSON
[EL Fine]: sql: 2021-05-01 17:25:27.112--ClientSession(2096303421)--Connection(905817146)--INSERT INTO PERSON (ID, FIRST_NAME, LAST_NAME, DRIVERS_LICENSE_ID) VALUES (?, ?, ?, ?)
	bind => [103, Tony, Blair, null]
[EL Fine]: sql: 2021-05-01 17:25:27.113--ClientSession(2096303421)--Connection(905817146)--SELECT COUNT(0) FROM person
[EL Fine]: sql: 2021-05-01 17:25:27.114--ServerSession(1390999321)--Connection(1972836800)--SELECT COUNT(0) FROM person
[EL Fine]: sql: 2021-05-01 17:25:27.124--ClientSession(2040998498)--Connection(1905306130)--INSERT INTO PERSON (ID, FIRST_NAME, LAST_NAME, DRIVERS_LICENSE_ID) VALUES (?, ?, ?, ?)
	bind => [104, Tony, Blair, null]
[EL Fine]: sql: 2021-05-01 17:25:27.125--ClientSession(2040998498)--Connection(1905306130)--SELECT COUNT(0) FROM person
[EL Fine]: sql: 2021-05-01 17:25:27.127--ClientSession(1505711877)--Connection(885519637)--INSERT INTO PERSON (ID, FIRST_NAME, LAST_NAME, DRIVERS_LICENSE_ID) VALUES (?, ?, ?, ?)
	bind => [105, Tony, Blair, null]
[EL Fine]: sql: 2021-05-01 17:25:27.128--ClientSession(1505711877)--Connection(885519637)--SELECT COUNT(0) FROM person
[EL Fine]: sql: 2021-05-01 17:25:27.129--ServerSession(1390999321)--Connection(963306088)--SELECT COUNT(0) FROM person
[EL Fine]: sql: 2021-05-01 17:25:27.13--ClientSession(1505711877)--Connection(82303841)--DELETE FROM PERSON
[EL Fine]: sql: 2021-05-01 17:25:27.132--ClientSession(1505711877)--Connection(82303841)--SELECT COUNT(0) FROM person
[EL Fine]: sql: 2021-05-01 17:25:27.135--ClientSession(1214971423)--Connection(199308453)--INSERT INTO PERSON (ID, FIRST_NAME, LAST_NAME, DRIVERS_LICENSE_ID) VALUES (?, ?, ?, ?)
	bind => [106, Tony, Blair, null]
[EL Fine]: sql: 2021-05-01 17:25:27.136--ClientSession(1214971423)--Connection(199308453)--SELECT COUNT(0) FROM person
]]></system-out>
  <system-err><![CDATA[]]></system-err>
</testsuite>
