<?xml version="1.0" encoding="UTF-8"?>
<testsuite name="org.springframework.orm.jpa.support.OpenEntityManagerInViewTests" tests="6" skipped="0" failures="0" errors="0" timestamp="2021-05-09T12:40:34" hostname="wangweilidembp" time="0.321">
  <properties/>
  <testcase name="testOpenEntityManagerInViewInterceptorAsyncScenario()" classname="org.springframework.orm.jpa.support.OpenEntityManagerInViewTests" time="0.112"/>
  <testcase name="testOpenEntityManagerInViewInterceptor()" classname="org.springframework.orm.jpa.support.OpenEntityManagerInViewTests" time="0.009"/>
  <testcase name="testOpenEntityManagerInViewFilter()" classname="org.springframework.orm.jpa.support.OpenEntityManagerInViewTests" time="0.085"/>
  <testcase name="testOpenEntityManagerInViewInterceptorAsyncTimeoutScenario()" classname="org.springframework.orm.jpa.support.OpenEntityManagerInViewTests" time="0.007"/>
  <testcase name="testOpenEntityManagerInViewFilterAsyncScenario()" classname="org.springframework.orm.jpa.support.OpenEntityManagerInViewTests" time="0.099"/>
  <testcase name="testOpenEntityManagerInViewInterceptorAsyncErrorScenario()" classname="org.springframework.orm.jpa.support.OpenEntityManagerInViewTests" time="0.006"/>
  <system-out><![CDATA[]]></system-out>
  <system-err><![CDATA[]]></system-err>
</testsuite>
