<?xml version="1.0" encoding="UTF-8"?>
<testsuite name="org.springframework.orm.jpa.support.PersistenceInjectionTests" tests="27" skipped="0" failures="0" errors="0" timestamp="2021-05-09T12:40:33" hostname="wangweilidembp" time="0.773">
  <properties/>
  <testcase name="testPublicExtendedPersistenceContextSetterWithSerialization()" classname="org.springframework.orm.jpa.support.PersistenceInjectionTests" time="0.144"/>
  <testcase name="testPublicPersistenceUnitSetterWithOverriding()" classname="org.springframework.orm.jpa.support.PersistenceInjectionTests" time="0.017"/>
  <testcase name="testPublicSpecificExtendedPersistenceContextSetter()" classname="org.springframework.orm.jpa.support.PersistenceInjectionTests" time="0.038"/>
  <testcase name="testPersistenceUnitsFromJndi()" classname="org.springframework.orm.jpa.support.PersistenceInjectionTests" time="0.08"/>
  <testcase name="testPublicExtendedPersistenceContextSetterWithEntityManagerInfoAndSerialization()" classname="org.springframework.orm.jpa.support.PersistenceInjectionTests" time="0.229"/>
  <testcase name="testPropertiesForSharedEntityManager1()" classname="org.springframework.orm.jpa.support.PersistenceInjectionTests" time="0.007"/>
  <testcase name="testPropertiesForSharedEntityManager2()" classname="org.springframework.orm.jpa.support.PersistenceInjectionTests" time="0.016"/>
  <testcase name="testPublicExtendedPersistenceContextSetterWithOverriding()" classname="org.springframework.orm.jpa.support.PersistenceInjectionTests" time="0.003"/>
  <testcase name="testPropertiesPassedIn()" classname="org.springframework.orm.jpa.support.PersistenceInjectionTests" time="0.003"/>
  <testcase name="testPrivatePersistenceUnitField()" classname="org.springframework.orm.jpa.support.PersistenceInjectionTests" time="0.014"/>
  <testcase name="testPrivateVendorSpecificPersistenceContextField()" classname="org.springframework.orm.jpa.support.PersistenceInjectionTests" time="0.012"/>
  <testcase name="testPersistenceUnitsFromJndiWithDefaultUnit()" classname="org.springframework.orm.jpa.support.PersistenceInjectionTests" time="0.002"/>
  <testcase name="testFieldOfWrongTypeAnnotatedWithPersistenceUnit()" classname="org.springframework.orm.jpa.support.PersistenceInjectionTests" time="0.001"/>
  <testcase name="testNoPropertiesPassedIn()" classname="org.springframework.orm.jpa.support.PersistenceInjectionTests" time="0.002"/>
  <testcase name="testSinglePersistenceUnitFromJndi()" classname="org.springframework.orm.jpa.support.PersistenceInjectionTests" time="0.003"/>
  <testcase name="testSinglePersistenceContextFromJndi()" classname="org.springframework.orm.jpa.support.PersistenceInjectionTests" time="0.002"/>
  <testcase name="testPublicPersistenceUnitSetterWithUnitIdentifiedThroughBeanName()" classname="org.springframework.orm.jpa.support.PersistenceInjectionTests" time="0.012"/>
  <testcase name="testPersistenceContextsFromJndiWithDefaultUnit()" classname="org.springframework.orm.jpa.support.PersistenceInjectionTests" time="0.041"/>
  <testcase name="testPublicPersistenceUnitSetter()" classname="org.springframework.orm.jpa.support.PersistenceInjectionTests" time="0.01"/>
  <testcase name="testPropertiesForTransactionalEntityManager()" classname="org.springframework.orm.jpa.support.PersistenceInjectionTests" time="0.003"/>
  <testcase name="testSetterWithNoArgs()" classname="org.springframework.orm.jpa.support.PersistenceInjectionTests" time="0.001"/>
  <testcase name="testPublicExtendedPersistenceContextSetter()" classname="org.springframework.orm.jpa.support.PersistenceInjectionTests" time="0.024"/>
  <testcase name="testPublicPersistenceUnitSetterWithMultipleUnitsIdentifiedThroughUnitName()" classname="org.springframework.orm.jpa.support.PersistenceInjectionTests" time="0.004"/>
  <testcase name="testPersistenceContextsFromJndi()" classname="org.springframework.orm.jpa.support.PersistenceInjectionTests" time="0.002"/>
  <testcase name="testPrivatePersistenceContextField()" classname="org.springframework.orm.jpa.support.PersistenceInjectionTests" time="0.075"/>
  <testcase name="testSetterOfWrongTypeAnnotatedWithPersistenceUnit()" classname="org.springframework.orm.jpa.support.PersistenceInjectionTests" time="0.003"/>
  <testcase name="testInjectionIntoExistingObjects()" classname="org.springframework.orm.jpa.support.PersistenceInjectionTests" time="0.013"/>
  <system-out><![CDATA[]]></system-out>
  <system-err><![CDATA[]]></system-err>
</testsuite>
