<?xml version="1.0" encoding="UTF-8"?>
<testsuite name="org.springframework.orm.jpa.ApplicationManagedEntityManagerIntegrationTests" tests="8" skipped="0" failures="0" errors="0" timestamp="2021-05-09T12:40:34" hostname="wangweilidembp" time="0.443">
  <properties/>
  <testcase name="testEntityManagerProxyAcceptsProgrammaticTxJoining()" classname="org.springframework.orm.jpa.ApplicationManagedEntityManagerIntegrationTests" time="0.227"/>
  <testcase name="testStateClean()" classname="org.springframework.orm.jpa.ApplicationManagedEntityManagerIntegrationTests" time="0.002"/>
  <testcase name="testCommitOccurs()" classname="org.springframework.orm.jpa.ApplicationManagedEntityManagerIntegrationTests" time="0.037"/>
  <testcase name="testEntityManagerProxyIsProxy()" classname="org.springframework.orm.jpa.ApplicationManagedEntityManagerIntegrationTests" time="0.024"/>
  <testcase name="testCannotFlushWithoutGettingTransaction()" classname="org.springframework.orm.jpa.ApplicationManagedEntityManagerIntegrationTests" time="0.091"/>
  <testcase name="testRollbackOccurs()" classname="org.springframework.orm.jpa.ApplicationManagedEntityManagerIntegrationTests" time="0.007"/>
  <testcase name="testReuseInNewTransaction()" classname="org.springframework.orm.jpa.ApplicationManagedEntityManagerIntegrationTests" time="0.044"/>
  <testcase name="testInstantiateAndSave()" classname="org.springframework.orm.jpa.ApplicationManagedEntityManagerIntegrationTests" time="0.006"/>
  <system-out><![CDATA[[EL Info]: 2021-05-09 20:40:34.942--ServerSession(1924854757)--EclipseLink, version: Eclipse Persistence Services - 2.7.8.v20201217-ecdf3c32c4
[EL Warning]: metadata: 2021-05-09 20:40:34.943--ServerSession(1924854757)--Reverting the lazy setting on the OneToOne or ManyToOne attribute [driversLicense] for the entity class [class org.springframework.orm.jpa.domain.Person] since weaving was not enabled or did not occur.
[EL Fine]: sql: 2021-05-09 20:40:34.982--ServerSession(1924854757)--Connection(1467725511)--SELECT * FROM SEQUENCE WHERE SEQ_NAME = 'SEQ_GEN'
[EL Fine]: sql: 2021-05-09 20:40:35.01--ClientSession(892504460)--Connection(1967734166)--UPDATE SEQUENCE SET SEQ_COUNT = SEQ_COUNT + ? WHERE SEQ_NAME = ?
	bind => [50, SEQ_GEN]
[EL Fine]: sql: 2021-05-09 20:40:35.016--ClientSession(892504460)--Connection(1967734166)--SELECT SEQ_COUNT FROM SEQUENCE WHERE SEQ_NAME = ?
	bind => [SEQ_GEN]
[EL Fine]: sql: 2021-05-09 20:40:35.021--ClientSession(892504460)--Connection(1674862375)--INSERT INTO PERSON (ID, FIRST_NAME, LAST_NAME, DRIVERS_LICENSE_ID) VALUES (?, ?, ?, ?)
	bind => [101, Tony, Blair, null]
[EL Fine]: sql: 2021-05-09 20:40:35.022--ClientSession(892504460)--Connection(1674862375)--SELECT COUNT(0) FROM person
[EL Fine]: sql: 2021-05-09 20:40:35.024--ServerSession(1924854757)--Connection(885594499)--SELECT COUNT(0) FROM person
[EL Fine]: sql: 2021-05-09 20:40:35.037--ServerSession(1924854757)--Connection(577675473)--SELECT ID, FIRST_NAME, LAST_NAME, DRIVERS_LICENSE_ID FROM PERSON
[EL Fine]: sql: 2021-05-09 20:40:35.091--ClientSession(1542788948)--Connection(2113932406)--DELETE FROM PERSON
[EL Fine]: sql: 2021-05-09 20:40:35.154--ClientSession(26150844)--Connection(1092878077)--INSERT INTO PERSON (ID, FIRST_NAME, LAST_NAME, DRIVERS_LICENSE_ID) VALUES (?, ?, ?, ?)
	bind => [103, Tony, Blair, null]
[EL Fine]: sql: 2021-05-09 20:40:35.156--ClientSession(26150844)--Connection(1092878077)--SELECT COUNT(0) FROM person
[EL Fine]: sql: 2021-05-09 20:40:35.157--ServerSession(1924854757)--Connection(876344290)--SELECT COUNT(0) FROM person
[EL Fine]: sql: 2021-05-09 20:40:35.186--ClientSession(1984021319)--Connection(833832982)--INSERT INTO PERSON (ID, FIRST_NAME, LAST_NAME, DRIVERS_LICENSE_ID) VALUES (?, ?, ?, ?)
	bind => [104, Tony, Blair, null]
[EL Fine]: sql: 2021-05-09 20:40:35.189--ClientSession(1984021319)--Connection(833832982)--SELECT COUNT(0) FROM person
[EL Fine]: sql: 2021-05-09 20:40:35.193--ClientSession(1093704412)--Connection(400591023)--INSERT INTO PERSON (ID, FIRST_NAME, LAST_NAME, DRIVERS_LICENSE_ID) VALUES (?, ?, ?, ?)
	bind => [105, Tony, Blair, null]
[EL Fine]: sql: 2021-05-09 20:40:35.195--ClientSession(1093704412)--Connection(400591023)--SELECT COUNT(0) FROM person
[EL Fine]: sql: 2021-05-09 20:40:35.197--ServerSession(1924854757)--Connection(817499806)--SELECT COUNT(0) FROM person
[EL Fine]: sql: 2021-05-09 20:40:35.198--ClientSession(1093704412)--Connection(1642036058)--DELETE FROM PERSON
[EL Fine]: sql: 2021-05-09 20:40:35.201--ClientSession(1093704412)--Connection(1642036058)--SELECT COUNT(0) FROM person
[EL Fine]: sql: 2021-05-09 20:40:35.207--ClientSession(158150703)--Connection(860993458)--INSERT INTO PERSON (ID, FIRST_NAME, LAST_NAME, DRIVERS_LICENSE_ID) VALUES (?, ?, ?, ?)
	bind => [106, Tony, Blair, null]
[EL Fine]: sql: 2021-05-09 20:40:35.208--ClientSession(158150703)--Connection(860993458)--SELECT COUNT(0) FROM person
]]></system-out>
  <system-err><![CDATA[]]></system-err>
</testsuite>
