<?xml version="1.0" encoding="UTF-8"?>
<testsuite name="org.springframework.orm.jpa.LocalContainerEntityManagerFactoryBeanTests" tests="9" skipped="0" failures="0" errors="0" timestamp="2021-04-26T07:39:48" hostname="wangweilideMacBook-Pro.local" time="0.086">
  <properties/>
  <testcase name="testValidPersistenceUnit()" classname="org.springframework.orm.jpa.LocalContainerEntityManagerFactoryBeanTests" time="0.003"/>
  <testcase name="testApplicationManagedEntityManagerWithJtaTransaction()" classname="org.springframework.orm.jpa.LocalContainerEntityManagerFactoryBeanTests" time="0.02"/>
  <testcase name="testApplicationManagedEntityManagerWithTransaction()" classname="org.springframework.orm.jpa.LocalContainerEntityManagerFactoryBeanTests" time="0.013"/>
  <testcase name="testRejectsMissingPersistenceUnitInfo()" classname="org.springframework.orm.jpa.LocalContainerEntityManagerFactoryBeanTests" time="0.002"/>
  <testcase name="testApplicationManagedEntityManagerWithoutTransaction()" classname="org.springframework.orm.jpa.LocalContainerEntityManagerFactoryBeanTests" time="0.01"/>
  <testcase name="testEntityManagerFactoryIsProxied()" classname="org.springframework.orm.jpa.LocalContainerEntityManagerFactoryBeanTests" time="0.004"/>
  <testcase name="testApplicationManagedEntityManagerWithTransactionAndCommitException()" classname="org.springframework.orm.jpa.LocalContainerEntityManagerFactoryBeanTests" time="0.012"/>
  <testcase name="testInvalidPersistenceUnitName()" classname="org.springframework.orm.jpa.LocalContainerEntityManagerFactoryBeanTests" time="0.003"/>
  <testcase name="testExceptionTranslationWithNoDialect()" classname="org.springframework.orm.jpa.LocalContainerEntityManagerFactoryBeanTests" time="0.014"/>
  <system-out><![CDATA[]]></system-out>
  <system-err><![CDATA[]]></system-err>
</testsuite>
