<?xml version="1.0" encoding="UTF-8"?>
<testsuite name="org.springframework.orm.jpa.JpaTransactionManagerTests" tests="21" skipped="0" failures="0" errors="0" timestamp="2021-05-09T12:40:32" hostname="wangweilidembp" time="0.418">
  <properties/>
  <testcase name="testTransactionRollbackOnly()" classname="org.springframework.orm.jpa.JpaTransactionManagerTests" time="0.064"/>
  <testcase name="testTransactionCommitWithRollbackException()" classname="org.springframework.orm.jpa.JpaTransactionManagerTests" time="0.017"/>
  <testcase name="testTransactionRollbackWithPropagationSupports()" classname="org.springframework.orm.jpa.JpaTransactionManagerTests" time="0.025"/>
  <testcase name="testInvalidIsolation()" classname="org.springframework.orm.jpa.JpaTransactionManagerTests" time="0.014"/>
  <testcase name="testTransactionCommitWithPreboundAndPropagationSupports()" classname="org.springframework.orm.jpa.JpaTransactionManagerTests" time="0.006"/>
  <testcase name="testTransactionFlush()" classname="org.springframework.orm.jpa.JpaTransactionManagerTests" time="0.019"/>
  <testcase name="testTransactionCommitWithPropagationSupports()" classname="org.springframework.orm.jpa.JpaTransactionManagerTests" time="0.016"/>
  <testcase name="testTransactionCommit()" classname="org.springframework.orm.jpa.JpaTransactionManagerTests" time="0.009"/>
  <testcase name="testTransactionCommitWithPrebound()" classname="org.springframework.orm.jpa.JpaTransactionManagerTests" time="0.018"/>
  <testcase name="testParticipatingTransactionWithRollback()" classname="org.springframework.orm.jpa.JpaTransactionManagerTests" time="0.024"/>
  <testcase name="testParticipatingTransactionWithCommit()" classname="org.springframework.orm.jpa.JpaTransactionManagerTests" time="0.007"/>
  <testcase name="testTransactionRollback()" classname="org.springframework.orm.jpa.JpaTransactionManagerTests" time="0.03"/>
  <testcase name="testTransactionRollbackWithAlreadyRolledBack()" classname="org.springframework.orm.jpa.JpaTransactionManagerTests" time="0.014"/>
  <testcase name="testPropagationSupportsAndRequiresNew()" classname="org.springframework.orm.jpa.JpaTransactionManagerTests" time="0.014"/>
  <testcase name="testParticipatingTransactionWithRequiresNewAndPrebound()" classname="org.springframework.orm.jpa.JpaTransactionManagerTests" time="0.022"/>
  <testcase name="testTransactionRollbackWithPrebound()" classname="org.springframework.orm.jpa.JpaTransactionManagerTests" time="0.008"/>
  <testcase name="testTransactionWithRequiresNewInAfterCompletion()" classname="org.springframework.orm.jpa.JpaTransactionManagerTests" time="0.023"/>
  <testcase name="testParticipatingTransactionWithRollbackOnly()" classname="org.springframework.orm.jpa.JpaTransactionManagerTests" time="0.023"/>
  <testcase name="testPropagationSupportsAndRequiresNewAndEarlyAccess()" classname="org.springframework.orm.jpa.JpaTransactionManagerTests" time="0.028"/>
  <testcase name="testParticipatingTransactionWithRequiresNew()" classname="org.springframework.orm.jpa.JpaTransactionManagerTests" time="0.024"/>
  <testcase name="testTransactionRollbackWithPreboundAndPropagationSupports()" classname="org.springframework.orm.jpa.JpaTransactionManagerTests" time="0.005"/>
  <system-out><![CDATA[]]></system-out>
  <system-err><![CDATA[]]></system-err>
</testsuite>
