<?xml version="1.0" encoding="UTF-8"?>
<testsuite name="org.springframework.orm.jpa.LocalEntityManagerFactoryBeanTests" tests="2" skipped="0" failures="0" errors="0" timestamp="2021-04-26T07:39:48" hostname="wangweilideMacBook-Pro.local" time="0.015">
  <properties/>
  <testcase name="testValidUsageWithExplicitProperties()" classname="org.springframework.orm.jpa.LocalEntityManagerFactoryBeanTests" time="0.013"/>
  <testcase name="testValidUsageWithDefaultProperties()" classname="org.springframework.orm.jpa.LocalEntityManagerFactoryBeanTests" time="0.001"/>
  <system-out><![CDATA[]]></system-out>
  <system-err><![CDATA[]]></system-err>
</testsuite>
