<?xml version="1.0" encoding="UTF-8"?>
<testsuite name="org.springframework.orm.jpa.support.PersistenceContextTransactionTests" tests="11" skipped="0" failures="0" errors="0" timestamp="2021-05-09T12:40:34" hostname="wangweilidembp" time="0.176">
  <properties/>
  <testcase name="testTransactionCommitWithExtendedEntityManagerAndPropagationSupports()" classname="org.springframework.orm.jpa.support.PersistenceContextTransactionTests" time="0.021"/>
  <testcase name="testTransactionCommitWithSharedEntityManagerAndPropagationSupports()" classname="org.springframework.orm.jpa.support.PersistenceContextTransactionTests" time="0.006"/>
  <testcase name="testTransactionCommitWithExtendedEntityManagerUnsynchronized()" classname="org.springframework.orm.jpa.support.PersistenceContextTransactionTests" time="0.017"/>
  <testcase name="testTransactionCommitWithSharedEntityManagerUnsynchronized()" classname="org.springframework.orm.jpa.support.PersistenceContextTransactionTests" time="0.012"/>
  <testcase name="testTransactionCommitWithExtendedEntityManagerUnsynchronizedJoined()" classname="org.springframework.orm.jpa.support.PersistenceContextTransactionTests" time="0.008"/>
  <testcase name="testTransactionCommitWithSharedEntityManagerUnsynchronizedAndPropagationSupports()" classname="org.springframework.orm.jpa.support.PersistenceContextTransactionTests" time="0.023"/>
  <testcase name="testTransactionCommitWithSharedEntityManager()" classname="org.springframework.orm.jpa.support.PersistenceContextTransactionTests" time="0.027"/>
  <testcase name="testTransactionCommitWithExtendedEntityManager()" classname="org.springframework.orm.jpa.support.PersistenceContextTransactionTests" time="0.012"/>
  <testcase name="testTransactionCommitWithSharedEntityManagerUnsynchronizedJoined()" classname="org.springframework.orm.jpa.support.PersistenceContextTransactionTests" time="0.008"/>
  <testcase name="testTransactionCommitWithExtendedEntityManagerUnsynchronizedAndPropagationSupports()" classname="org.springframework.orm.jpa.support.PersistenceContextTransactionTests" time="0.022"/>
  <testcase name="testTransactionCommitWithExtendedEntityManagerUnsynchronizedJoinedAndPropagationSupports()" classname="org.springframework.orm.jpa.support.PersistenceContextTransactionTests" time="0.013"/>
  <system-out><![CDATA[]]></system-out>
  <system-err><![CDATA[]]></system-err>
</testsuite>
