<?xml version="1.0" encoding="UTF-8"?>
<testsuite name="org.springframework.orm.jpa.support.PersistenceInjectionIntegrationTests" tests="2" skipped="0" failures="0" errors="0" timestamp="2021-05-01T09:25:25" hostname="wangweilideMBP.lan" time="0.292">
  <properties/>
  <testcase name="testDefaultPersistenceContextSetterInjection()" classname="org.springframework.orm.jpa.support.PersistenceInjectionIntegrationTests" time="0.279"/>
  <testcase name="testSetterInjectionOfNamedPersistenceContext()" classname="org.springframework.orm.jpa.support.PersistenceInjectionIntegrationTests" time="0.013"/>
  <system-out><![CDATA[[EL Info]: 2021-05-01 17:25:25.572--ServerSession(1907363582)--EclipseLink, version: Eclipse Persistence Services - 2.7.8.v20201217-ecdf3c32c4
[EL Warning]: metadata: 2021-05-01 17:25:25.573--ServerSession(1907363582)--Reverting the lazy setting on the OneToOne or ManyToOne attribute [driversLicense] for the entity class [class org.springframework.orm.jpa.domain.Person] since weaving was not enabled or did not occur.
[EL Fine]: sql: 2021-05-01 17:25:25.578--ServerSession(1907363582)--Connection(902032018)--SELECT * FROM SEQUENCE WHERE SEQ_NAME = 'SEQ_GEN'
]]></system-out>
  <system-err><![CDATA[]]></system-err>
</testsuite>
