<?xml version="1.0" encoding="UTF-8"?>
<testsuite name="org.springframework.orm.jpa.support.PersistenceInjectionIntegrationTests" tests="2" skipped="0" failures="0" errors="0" timestamp="2021-04-26T07:39:47" hostname="wangweilideMacBook-Pro.local" time="0.217">
  <properties/>
  <testcase name="testDefaultPersistenceContextSetterInjection()" classname="org.springframework.orm.jpa.support.PersistenceInjectionIntegrationTests" time="0.205"/>
  <testcase name="testSetterInjectionOfNamedPersistenceContext()" classname="org.springframework.orm.jpa.support.PersistenceInjectionIntegrationTests" time="0.012"/>
  <system-out><![CDATA[[EL Info]: 2021-04-26 15:39:47.483--ServerSession(2143053192)--EclipseLink, version: Eclipse Persistence Services - 2.7.8.v20201217-ecdf3c32c4
[EL Warning]: metadata: 2021-04-26 15:39:47.484--ServerSession(2143053192)--Reverting the lazy setting on the OneToOne or ManyToOne attribute [driversLicense] for the entity class [class org.springframework.orm.jpa.domain.Person] since weaving was not enabled or did not occur.
[EL Fine]: sql: 2021-04-26 15:39:47.499--ServerSession(2143053192)--Connection(1262941932)--SELECT * FROM SEQUENCE WHERE SEQ_NAME = 'SEQ_GEN'
]]></system-out>
  <system-err><![CDATA[]]></system-err>
</testsuite>
