<?xml version="1.0" encoding="UTF-8"?>
<testsuite name="org.springframework.orm.jpa.ContainerManagedEntityManagerIntegrationTests" tests="10" skipped="0" failures="0" errors="0" timestamp="2021-05-09T12:40:32" hostname="wangweilidembp" time="0.392">
  <properties/>
  <testcase name="testEntityManagerProxyRejectsProgrammaticTxManagement()" classname="org.springframework.orm.jpa.ContainerManagedEntityManagerIntegrationTests" time="0.248"/>
  <testcase name="testContainerEntityManagerProxyAllowsJoinTransactionInTransaction()" classname="org.springframework.orm.jpa.ContainerManagedEntityManagerIntegrationTests" time="0.009"/>
  <testcase name="testExceptionTranslationWithDialectFoundOnIntroducedEntityManagerInfo()" classname="org.springframework.orm.jpa.ContainerManagedEntityManagerIntegrationTests" time="0.002"/>
  <testcase name="testExceptionTranslationWithDialectFoundOnEntityManagerFactoryBean()" classname="org.springframework.orm.jpa.ContainerManagedEntityManagerIntegrationTests" time="0.001"/>
  <testcase name="testCommitOccurs()" classname="org.springframework.orm.jpa.ContainerManagedEntityManagerIntegrationTests" time="0.025"/>
  <testcase name="testContainerEntityManagerProxyRejectsJoinTransactionWithoutTransaction()" classname="org.springframework.orm.jpa.ContainerManagedEntityManagerIntegrationTests" time="0.002"/>
  <testcase name="testEntityManagerProxyIsProxy()" classname="org.springframework.orm.jpa.ContainerManagedEntityManagerIntegrationTests" time="0.009"/>
  <testcase name="testRollbackOccurs()" classname="org.springframework.orm.jpa.ContainerManagedEntityManagerIntegrationTests" time="0.018"/>
  <testcase name="testReuseInNewTransaction()" classname="org.springframework.orm.jpa.ContainerManagedEntityManagerIntegrationTests" time="0.035"/>
  <testcase name="testInstantiateAndSave()" classname="org.springframework.orm.jpa.ContainerManagedEntityManagerIntegrationTests" time="0.023"/>
  <system-out><![CDATA[[EL Info]: 2021-05-09 20:40:32.384--ServerSession(837221311)--EclipseLink, version: Eclipse Persistence Services - 2.7.8.v20201217-ecdf3c32c4
[EL Warning]: metadata: 2021-05-09 20:40:32.386--ServerSession(837221311)--Reverting the lazy setting on the OneToOne or ManyToOne attribute [driversLicense] for the entity class [class org.springframework.orm.jpa.domain.Person] since weaving was not enabled or did not occur.
[EL Fine]: sql: 2021-05-09 20:40:32.393--ServerSession(837221311)--Connection(1657063013)--SELECT * FROM SEQUENCE WHERE SEQ_NAME = 'SEQ_GEN'
[EL Fine]: sql: 2021-05-09 20:40:32.429--ClientSession(1897597253)--Connection(1266134734)--SELECT COUNT(0) FROM person
[EL Fine]: sql: 2021-05-09 20:40:32.442--ClientSession(1897597253)--Connection(1266134734)--UPDATE SEQUENCE SET SEQ_COUNT = SEQ_COUNT + ? WHERE SEQ_NAME = ?
	bind => [50, SEQ_GEN]
[EL Fine]: sql: 2021-05-09 20:40:32.445--ClientSession(1897597253)--Connection(1266134734)--SELECT SEQ_COUNT FROM SEQUENCE WHERE SEQ_NAME = ?
	bind => [SEQ_GEN]
[EL Fine]: sql: 2021-05-09 20:40:32.447--ClientSession(1897597253)--Connection(1266134734)--INSERT INTO PERSON (ID, FIRST_NAME, LAST_NAME, DRIVERS_LICENSE_ID) VALUES (?, ?, ?, ?)
	bind => [51, Tony, Blair, null]
[EL Fine]: sql: 2021-05-09 20:40:32.448--ClientSession(1897597253)--Connection(1266134734)--SELECT COUNT(0) FROM person
[EL Fine]: sql: 2021-05-09 20:40:32.45--ServerSession(837221311)--Connection(904752566)--SELECT COUNT(0) FROM person
[EL Fine]: sql: 2021-05-09 20:40:32.477--ServerSession(837221311)--Connection(1471157318)--SELECT ID, FIRST_NAME, LAST_NAME, DRIVERS_LICENSE_ID FROM PERSON
[EL Fine]: sql: 2021-05-09 20:40:32.491--ClientSession(1525546677)--Connection(947846673)--SELECT COUNT(0) FROM person
[EL Fine]: sql: 2021-05-09 20:40:32.493--ClientSession(1525546677)--Connection(947846673)--INSERT INTO PERSON (ID, FIRST_NAME, LAST_NAME, DRIVERS_LICENSE_ID) VALUES (?, ?, ?, ?)
	bind => [52, Tony, Blair, null]
[EL Fine]: sql: 2021-05-09 20:40:32.494--ClientSession(1525546677)--Connection(947846673)--SELECT COUNT(0) FROM person
[EL Fine]: sql: 2021-05-09 20:40:32.496--ServerSession(837221311)--Connection(1758390520)--SELECT COUNT(0) FROM person
[EL Fine]: sql: 2021-05-09 20:40:32.499--ClientSession(146238821)--Connection(1906070122)--SELECT COUNT(0) FROM person
[EL Fine]: sql: 2021-05-09 20:40:32.517--ClientSession(146238821)--Connection(1906070122)--INSERT INTO PERSON (ID, FIRST_NAME, LAST_NAME, DRIVERS_LICENSE_ID) VALUES (?, ?, ?, ?)
	bind => [53, Tony, Blair, null]
[EL Fine]: sql: 2021-05-09 20:40:32.518--ClientSession(146238821)--Connection(1906070122)--SELECT COUNT(0) FROM person
[EL Fine]: sql: 2021-05-09 20:40:32.524--ClientSession(575352519)--Connection(1777920640)--SELECT COUNT(0) FROM person
[EL Fine]: sql: 2021-05-09 20:40:32.526--ClientSession(575352519)--Connection(1777920640)--INSERT INTO PERSON (ID, FIRST_NAME, LAST_NAME, DRIVERS_LICENSE_ID) VALUES (?, ?, ?, ?)
	bind => [54, Tony, Blair, null]
[EL Fine]: sql: 2021-05-09 20:40:32.528--ClientSession(575352519)--Connection(1777920640)--SELECT COUNT(0) FROM person
[EL Fine]: sql: 2021-05-09 20:40:32.53--ServerSession(837221311)--Connection(2018284749)--SELECT COUNT(0) FROM person
[EL Fine]: sql: 2021-05-09 20:40:32.551--ClientSession(391185737)--Connection(355057379)--SELECT COUNT(0) FROM person
[EL Fine]: sql: 2021-05-09 20:40:32.553--ClientSession(391185737)--Connection(355057379)--INSERT INTO PERSON (ID, FIRST_NAME, LAST_NAME, DRIVERS_LICENSE_ID) VALUES (?, ?, ?, ?)
	bind => [55, Tony, Blair, null]
[EL Fine]: sql: 2021-05-09 20:40:32.554--ClientSession(391185737)--Connection(355057379)--SELECT COUNT(0) FROM person
]]></system-out>
  <system-err><![CDATA[]]></system-err>
</testsuite>
