<?xml version="1.0" encoding="UTF-8"?>
<testsuite name="org.springframework.orm.jpa.support.PersistenceContextTransactionTests" tests="11" skipped="0" failures="0" errors="0" timestamp="2021-04-26T07:39:48" hostname="wangweilideMacBook-Pro.local" time="0.17">
  <properties/>
  <testcase name="testTransactionCommitWithExtendedEntityManagerAndPropagationSupports()" classname="org.springframework.orm.jpa.support.PersistenceContextTransactionTests" time="0.025"/>
  <testcase name="testTransactionCommitWithSharedEntityManagerAndPropagationSupports()" classname="org.springframework.orm.jpa.support.PersistenceContextTransactionTests" time="0.012"/>
  <testcase name="testTransactionCommitWithExtendedEntityManagerUnsynchronized()" classname="org.springframework.orm.jpa.support.PersistenceContextTransactionTests" time="0.007"/>
  <testcase name="testTransactionCommitWithSharedEntityManagerUnsynchronized()" classname="org.springframework.orm.jpa.support.PersistenceContextTransactionTests" time="0.013"/>
  <testcase name="testTransactionCommitWithExtendedEntityManagerUnsynchronizedJoined()" classname="org.springframework.orm.jpa.support.PersistenceContextTransactionTests" time="0.016"/>
  <testcase name="testTransactionCommitWithSharedEntityManagerUnsynchronizedAndPropagationSupports()" classname="org.springframework.orm.jpa.support.PersistenceContextTransactionTests" time="0.01"/>
  <testcase name="testTransactionCommitWithSharedEntityManager()" classname="org.springframework.orm.jpa.support.PersistenceContextTransactionTests" time="0.007"/>
  <testcase name="testTransactionCommitWithExtendedEntityManager()" classname="org.springframework.orm.jpa.support.PersistenceContextTransactionTests" time="0.031"/>
  <testcase name="testTransactionCommitWithSharedEntityManagerUnsynchronizedJoined()" classname="org.springframework.orm.jpa.support.PersistenceContextTransactionTests" time="0.02"/>
  <testcase name="testTransactionCommitWithExtendedEntityManagerUnsynchronizedAndPropagationSupports()" classname="org.springframework.orm.jpa.support.PersistenceContextTransactionTests" time="0.004"/>
  <testcase name="testTransactionCommitWithExtendedEntityManagerUnsynchronizedJoinedAndPropagationSupports()" classname="org.springframework.orm.jpa.support.PersistenceContextTransactionTests" time="0.02"/>
  <system-out><![CDATA[]]></system-out>
  <system-err><![CDATA[]]></system-err>
</testsuite>
