<?xml version="1.0" encoding="UTF-8"?>
<testsuite name="org.springframework.orm.jpa.support.PersistenceInjectionIntegrationTests" tests="2" skipped="0" failures="0" errors="0" timestamp="2021-05-09T12:40:32" hostname="wangweilidembp" time="0.343">
  <properties/>
  <testcase name="testDefaultPersistenceContextSetterInjection()" classname="org.springframework.orm.jpa.support.PersistenceInjectionIntegrationTests" time="0.327"/>
  <testcase name="testSetterInjectionOfNamedPersistenceContext()" classname="org.springframework.orm.jpa.support.PersistenceInjectionIntegrationTests" time="0.015"/>
  <system-out><![CDATA[[EL Info]: 2021-05-09 20:40:33.197--ServerSession(1736597382)--EclipseLink, version: Eclipse Persistence Services - 2.7.8.v20201217-ecdf3c32c4
[EL Warning]: metadata: 2021-05-09 20:40:33.198--ServerSession(1736597382)--Reverting the lazy setting on the OneToOne or ManyToOne attribute [driversLicense] for the entity class [class org.springframework.orm.jpa.domain.Person] since weaving was not enabled or did not occur.
[EL Fine]: sql: 2021-05-09 20:40:33.239--ServerSession(1736597382)--Connection(669436723)--SELECT * FROM SEQUENCE WHERE SEQ_NAME = 'SEQ_GEN'
]]></system-out>
  <system-err><![CDATA[]]></system-err>
</testsuite>
