<?xml version="1.0" encoding="UTF-8"?>
<testsuite name="org.springframework.orm.jpa.SharedEntityManagerCreatorTests" tests="13" skipped="0" failures="0" errors="0" timestamp="2021-05-09T12:40:22" hostname="wangweilidembp" time="1.339">
  <properties/>
  <testcase name="transactionRequiredExceptionOnRemove()" classname="org.springframework.orm.jpa.SharedEntityManagerCreatorTests" time="0.087"/>
  <testcase name="transactionRequiredExceptionOnJoinTransaction()" classname="org.springframework.orm.jpa.SharedEntityManagerCreatorTests" time="0.002"/>
  <testcase name="proxyingWorksIfInfoReturnsNullEntityManagerInterface()" classname="org.springframework.orm.jpa.SharedEntityManagerCreatorTests" time="0.283"/>
  <testcase name="transactionRequiredExceptionOnRefresh()" classname="org.springframework.orm.jpa.SharedEntityManagerCreatorTests" time="0.002"/>
  <testcase name="transactionRequiredExceptionOnFlush()" classname="org.springframework.orm.jpa.SharedEntityManagerCreatorTests" time="0.002"/>
  <testcase name="transactionRequiredExceptionOnMerge()" classname="org.springframework.orm.jpa.SharedEntityManagerCreatorTests" time="0.033"/>
  <testcase name="deferredQueryWithUpdate()" classname="org.springframework.orm.jpa.SharedEntityManagerCreatorTests" time="0.542"/>
  <testcase name="deferredQueryWithResultStream()" classname="org.springframework.orm.jpa.SharedEntityManagerCreatorTests" time="0.022"/>
  <testcase name="deferredStoredProcedureQueryWithNamedParameters()" classname="org.springframework.orm.jpa.SharedEntityManagerCreatorTests" time="0.281"/>
  <testcase name="deferredQueryWithResultList()" classname="org.springframework.orm.jpa.SharedEntityManagerCreatorTests" time="0.023"/>
  <testcase name="deferredStoredProcedureQueryWithIndexedParameters()" classname="org.springframework.orm.jpa.SharedEntityManagerCreatorTests" time="0.026"/>
  <testcase name="deferredQueryWithSingleResult()" classname="org.springframework.orm.jpa.SharedEntityManagerCreatorTests" time="0.005"/>
  <testcase name="transactionRequiredExceptionOnPersist()" classname="org.springframework.orm.jpa.SharedEntityManagerCreatorTests" time="0.014"/>
  <system-out><![CDATA[]]></system-out>
  <system-err><![CDATA[]]></system-err>
</testsuite>
