<?xml version="1.0" encoding="UTF-8"?>
<testsuite name="org.springframework.orm.jpa.support.OpenEntityManagerInViewTests" tests="6" skipped="0" failures="0" errors="0" timestamp="2021-04-26T07:39:48" hostname="wangweilideMacBook-Pro.local" time="0.281">
  <properties/>
  <testcase name="testOpenEntityManagerInViewInterceptorAsyncScenario()" classname="org.springframework.orm.jpa.support.OpenEntityManagerInViewTests" time="0.095"/>
  <testcase name="testOpenEntityManagerInViewInterceptor()" classname="org.springframework.orm.jpa.support.OpenEntityManagerInViewTests" time="0.011"/>
  <testcase name="testOpenEntityManagerInViewFilter()" classname="org.springframework.orm.jpa.support.OpenEntityManagerInViewTests" time="0.056"/>
  <testcase name="testOpenEntityManagerInViewInterceptorAsyncTimeoutScenario()" classname="org.springframework.orm.jpa.support.OpenEntityManagerInViewTests" time="0.013"/>
  <testcase name="testOpenEntityManagerInViewFilterAsyncScenario()" classname="org.springframework.orm.jpa.support.OpenEntityManagerInViewTests" time="0.08"/>
  <testcase name="testOpenEntityManagerInViewInterceptorAsyncErrorScenario()" classname="org.springframework.orm.jpa.support.OpenEntityManagerInViewTests" time="0.023"/>
  <system-out><![CDATA[]]></system-out>
  <system-err><![CDATA[]]></system-err>
</testsuite>
