<?xml version="1.0" encoding="UTF-8"?>
<testsuite name="org.springframework.beans.factory.xml.CollectionsWithDefaultTypesTests" tests="5" skipped="0" failures="0" errors="0" timestamp="2021-05-09T12:40:09" hostname="wangweilidembp" time="0.269">
  <properties/>
  <testcase name="testMapHasDefaultKeyAndValueType()" classname="org.springframework.beans.factory.xml.CollectionsWithDefaultTypesTests" time="0.021"/>
  <testcase name="testBuildCollectionFromMixtureOfReferencesAndValues()" classname="org.springframework.beans.factory.xml.CollectionsWithDefaultTypesTests" time="0.001"/>
  <testcase name="testSetHasDefaultType()" classname="org.springframework.beans.factory.xml.CollectionsWithDefaultTypesTests" time="0.001"/>
  <testcase name="testMapWithNestedElementsHasDefaultKeyAndValueType()" classname="org.springframework.beans.factory.xml.CollectionsWithDefaultTypesTests" time="0.079"/>
  <testcase name="testListHasDefaultType()" classname="org.springframework.beans.factory.xml.CollectionsWithDefaultTypesTests" time="0.031"/>
  <system-out><![CDATA[]]></system-out>
  <system-err><![CDATA[]]></system-err>
</testsuite>
