<?xml version="1.0" encoding="UTF-8"?>
<testsuite name="org.springframework.beans.propertyeditors.ReaderEditorTests" tests="4" skipped="0" failures="0" errors="0" timestamp="2021-05-01T09:25:11" hostname="wangweilideMBP.lan" time="0.01">
  <properties/>
  <testcase name="testSunnyDay()" classname="org.springframework.beans.propertyeditors.ReaderEditorTests" time="0.004"/>
  <testcase name="testWhenResourceDoesNotExist()" classname="org.springframework.beans.propertyeditors.ReaderEditorTests" time="0.004"/>
  <testcase name="testCtorWithNullResourceEditor()" classname="org.springframework.beans.propertyeditors.ReaderEditorTests" time="0.001"/>
  <testcase name="testGetAsTextReturnsNullByDefault()" classname="org.springframework.beans.propertyeditors.ReaderEditorTests" time="0.0"/>
  <system-out><![CDATA[]]></system-out>
  <system-err><![CDATA[]]></system-err>
</testsuite>
