<?xml version="1.0" encoding="UTF-8"?>
<testsuite name="org.springframework.beans.factory.annotation.LookupAnnotationTests" tests="7" skipped="0" failures="0" errors="0" timestamp="2021-04-26T07:39:36" hostname="wangweilideMacBook-Pro.local" time="0.145">
  <properties/>
  <testcase name="testWithoutConstructorArg()" classname="org.springframework.beans.factory.annotation.LookupAnnotationTests" time="0.134"/>
  <testcase name="testWithOverloadedArg()" classname="org.springframework.beans.factory.annotation.LookupAnnotationTests" time="0.001"/>
  <testcase name="testWithThreeArgsShouldFail()" classname="org.springframework.beans.factory.annotation.LookupAnnotationTests" time="0.001"/>
  <testcase name="testWithEarlyInjection()" classname="org.springframework.beans.factory.annotation.LookupAnnotationTests" time="0.001"/>
  <testcase name="testWithOneConstructorArg()" classname="org.springframework.beans.factory.annotation.LookupAnnotationTests" time="0.001"/>
  <testcase name="testWithNullBean()" classname="org.springframework.beans.factory.annotation.LookupAnnotationTests" time="0.003"/>
  <testcase name="testWithTwoConstructorArg()" classname="org.springframework.beans.factory.annotation.LookupAnnotationTests" time="0.001"/>
  <system-out><![CDATA[]]></system-out>
  <system-err><![CDATA[]]></system-err>
</testsuite>
