<?xml version="1.0" encoding="UTF-8"?>
<testsuite name="org.springframework.beans.factory.annotation.CustomAutowireConfigurerTests" tests="1" skipped="0" failures="0" errors="0" timestamp="2021-05-09T12:40:07" hostname="wangweilidembp" time="0.042">
  <properties/>
  <testcase name="testCustomResolver()" classname="org.springframework.beans.factory.annotation.CustomAutowireConfigurerTests" time="0.042"/>
  <system-out><![CDATA[]]></system-out>
  <system-err><![CDATA[]]></system-err>
</testsuite>
