<?xml version="1.0" encoding="UTF-8"?>
<testsuite name="org.springframework.beans.factory.support.Spr8954Tests" tests="3" skipped="0" failures="0" errors="0" timestamp="2021-05-09T12:40:17" hostname="wangweilidembp" time="0.01">
  <properties/>
  <testcase name="repro()" classname="org.springframework.beans.factory.support.Spr8954Tests" time="0.007"/>
  <testcase name="findsFactoryBeanNameByTypeWithoutInstantiation()" classname="org.springframework.beans.factory.support.Spr8954Tests" time="0.001"/>
  <testcase name="findsBeansByTypeIfNotInstantiated()" classname="org.springframework.beans.factory.support.Spr8954Tests" time="0.001"/>
  <system-out><![CDATA[]]></system-out>
  <system-err><![CDATA[]]></system-err>
</testsuite>
