<?xml version="1.0" encoding="UTF-8"?>
<testsuite name="org.springframework.beans.factory.ListableBeanFactoryExtensionsTests" tests="9" skipped="0" failures="0" errors="0" timestamp="2021-04-26T07:39:46" hostname="wangweilideMacBook-Pro.local" time="0.618">
  <properties/>
  <testcase name="findAnnotationOnBean with String and reified type parameters()" classname="org.springframework.beans.factory.ListableBeanFactoryExtensionsTests" time="0.271"/>
  <testcase name="getBeansOfType with reified type parameters and Boolean()" classname="org.springframework.beans.factory.ListableBeanFactoryExtensionsTests" time="0.045"/>
  <testcase name="getBeansOfType with reified type parameters()" classname="org.springframework.beans.factory.ListableBeanFactoryExtensionsTests" time="0.041"/>
  <testcase name="getBeansOfType with reified type parameters, Boolean and Boolean()" classname="org.springframework.beans.factory.ListableBeanFactoryExtensionsTests" time="0.043"/>
  <testcase name="getBeansWithAnnotation with reified type parameters()" classname="org.springframework.beans.factory.ListableBeanFactoryExtensionsTests" time="0.01"/>
  <testcase name="getBeanNamesForAnnotation with reified type parameters()" classname="org.springframework.beans.factory.ListableBeanFactoryExtensionsTests" time="0.021"/>
  <testcase name="getBeanNamesForType with reified type parameters()" classname="org.springframework.beans.factory.ListableBeanFactoryExtensionsTests" time="0.066"/>
  <testcase name="getBeanNamesForType with reified type parameters, Boolean and Boolean()" classname="org.springframework.beans.factory.ListableBeanFactoryExtensionsTests" time="0.044"/>
  <testcase name="getBeanNamesForType with reified type parameters and Boolean()" classname="org.springframework.beans.factory.ListableBeanFactoryExtensionsTests" time="0.035"/>
  <system-out><![CDATA[]]></system-out>
  <system-err><![CDATA[]]></system-err>
</testsuite>
