<?xml version="1.0" encoding="UTF-8"?>
<testsuite name="org.springframework.beans.ConcurrentBeanWrapperTests" tests="2" skipped="0" failures="0" errors="0" timestamp="2021-05-01T09:25:10" hostname="wangweilideMBP.lan" time="0.484">
  <properties/>
  <testcase name="testSingleThread()" classname="org.springframework.beans.ConcurrentBeanWrapperTests" time="0.327"/>
  <testcase name="testConcurrent()" classname="org.springframework.beans.ConcurrentBeanWrapperTests" time="0.157"/>
  <system-out><![CDATA[]]></system-out>
  <system-err><![CDATA[]]></system-err>
</testsuite>
