<?xml version="1.0" encoding="UTF-8"?>
<testsuite name="org.springframework.beans.PropertyMatchesTests" tests="12" skipped="0" failures="0" errors="0" timestamp="2021-05-09T12:39:53" hostname="wangweilidembp" time="1.472">
  <properties/>
  <testcase name="complexFieldPropertyErrorMessage()" classname="org.springframework.beans.PropertyMatchesTests" time="0.234"/>
  <testcase name="unknownFieldProperty()" classname="org.springframework.beans.PropertyMatchesTests" time="0.032"/>
  <testcase name="complexBeanPropertyErrorMessage()" classname="org.springframework.beans.PropertyMatchesTests" time="1.181"/>
  <testcase name="complexFieldPropertyTypo()" classname="org.springframework.beans.PropertyMatchesTests" time="0.001"/>
  <testcase name="simpleFieldPropertyTypo()" classname="org.springframework.beans.PropertyMatchesTests" time="0.0"/>
  <testcase name="simpleFieldPropertyErrorMessage()" classname="org.springframework.beans.PropertyMatchesTests" time="0.004"/>
  <testcase name="simpleBeanPropertyErrorMessage()" classname="org.springframework.beans.PropertyMatchesTests" time="0.003"/>
  <testcase name="unknownBeanProperty()" classname="org.springframework.beans.PropertyMatchesTests" time="0.001"/>
  <testcase name="complexBeanPropertyTypo()" classname="org.springframework.beans.PropertyMatchesTests" time="0.003"/>
  <testcase name="severalMatchesFieldProperty()" classname="org.springframework.beans.PropertyMatchesTests" time="0.001"/>
  <testcase name="simpleBeanPropertyTypo()" classname="org.springframework.beans.PropertyMatchesTests" time="0.002"/>
  <testcase name="severalMatchesBeanProperty()" classname="org.springframework.beans.PropertyMatchesTests" time="0.001"/>
  <system-out><![CDATA[]]></system-out>
  <system-err><![CDATA[]]></system-err>
</testsuite>
