<?xml version="1.0" encoding="UTF-8"?>
<testsuite name="org.springframework.beans.factory.support.DefaultSingletonBeanRegistryTests" tests="3" skipped="0" failures="0" errors="0" timestamp="2021-05-09T12:40:17" hostname="wangweilidembp" time="0.003">
  <properties/>
  <testcase name="testDependentRegistration()" classname="org.springframework.beans.factory.support.DefaultSingletonBeanRegistryTests" time="0.0"/>
  <testcase name="testSingletons()" classname="org.springframework.beans.factory.support.DefaultSingletonBeanRegistryTests" time="0.001"/>
  <testcase name="testDisposableBean()" classname="org.springframework.beans.factory.support.DefaultSingletonBeanRegistryTests" time="0.0"/>
  <system-out><![CDATA[]]></system-out>
  <system-err><![CDATA[]]></system-err>
</testsuite>
