<?xml version="1.0" encoding="UTF-8"?>
<testsuite name="org.springframework.beans.factory.wiring.BeanConfigurerSupportTests" tests="6" skipped="0" failures="0" errors="0" timestamp="2021-05-01T09:25:25" hostname="wangweilideMBP.lan" time="0.103">
  <properties/>
  <testcase name="configureBeanPerformsAutowiringByTypeIfAppropriateBeanWiringInfoResolverIsPluggedIn()" classname="org.springframework.beans.factory.wiring.BeanConfigurerSupportTests" time="0.023"/>
  <testcase name="configureBeanReallyDoesDefaultToUsingTheFullyQualifiedClassNameOfTheSuppliedBeanInstance()" classname="org.springframework.beans.factory.wiring.BeanConfigurerSupportTests" time="0.001"/>
  <testcase name="configureBeanDoesNothingIfBeanWiringInfoResolverResolvesToNull()" classname="org.springframework.beans.factory.wiring.BeanConfigurerSupportTests" time="0.0"/>
  <testcase name="configureBeanPerformsAutowiringByNameIfAppropriateBeanWiringInfoResolverIsPluggedIn()" classname="org.springframework.beans.factory.wiring.BeanConfigurerSupportTests" time="0.003"/>
  <testcase name="supplyIncompatibleBeanFactoryImplementation()" classname="org.springframework.beans.factory.wiring.BeanConfigurerSupportTests" time="0.003"/>
  <testcase name="configureBeanDoesNothingIfNoBeanFactoryHasBeenSet()" classname="org.springframework.beans.factory.wiring.BeanConfigurerSupportTests" time="0.0"/>
  <system-out><![CDATA[]]></system-out>
  <system-err><![CDATA[]]></system-err>
</testsuite>
