<?xml version="1.0" encoding="UTF-8"?>
<testsuite name="org.springframework.beans.ConcurrentBeanWrapperTests" tests="2" skipped="0" failures="0" errors="0" timestamp="2021-04-26T07:39:27" hostname="wangweilideMacBook-Pro.local" time="1.977">
  <properties/>
  <testcase name="testSingleThread()" classname="org.springframework.beans.ConcurrentBeanWrapperTests" time="0.507"/>
  <testcase name="testConcurrent()" classname="org.springframework.beans.ConcurrentBeanWrapperTests" time="1.47"/>
  <system-out><![CDATA[]]></system-out>
  <system-err><![CDATA[]]></system-err>
</testsuite>
