<?xml version="1.0" encoding="UTF-8"?>
<testsuite name="org.springframework.beans.propertyeditors.URLEditorTests" tests="7" skipped="0" failures="0" errors="0" timestamp="2021-05-01T09:25:12" hostname="wangweilideMBP.lan" time="0.023">
  <properties/>
  <testcase name="testStandardURI()" classname="org.springframework.beans.propertyeditors.URLEditorTests" time="0.001"/>
  <testcase name="testStandardURL()" classname="org.springframework.beans.propertyeditors.URLEditorTests" time="0.001"/>
  <testcase name="testSetAsTextWithNull()" classname="org.springframework.beans.propertyeditors.URLEditorTests" time="0.0"/>
  <testcase name="testClasspathURL()" classname="org.springframework.beans.propertyeditors.URLEditorTests" time="0.001"/>
  <testcase name="testGetAsTextReturnsEmptyStringIfValueNotSet()" classname="org.springframework.beans.propertyeditors.URLEditorTests" time="0.0"/>
  <testcase name="testWithNonExistentResource()" classname="org.springframework.beans.propertyeditors.URLEditorTests" time="0.019"/>
  <testcase name="testCtorWithNullResourceEditor()" classname="org.springframework.beans.propertyeditors.URLEditorTests" time="0.0"/>
  <system-out><![CDATA[]]></system-out>
  <system-err><![CDATA[]]></system-err>
</testsuite>
