<?xml version="1.0" encoding="UTF-8"?>
<testsuite name="org.springframework.beans.SimplePropertyDescriptorTests" tests="3" skipped="0" failures="0" errors="0" timestamp="2021-04-26T07:39:41" hostname="wangweilideMacBook-Pro.local" time="0.007">
  <properties/>
  <testcase name="toStringOutput()" classname="org.springframework.beans.SimplePropertyDescriptorTests" time="0.005"/>
  <testcase name="indexedEquality()" classname="org.springframework.beans.SimplePropertyDescriptorTests" time="0.001"/>
  <testcase name="nonIndexedEquality()" classname="org.springframework.beans.SimplePropertyDescriptorTests" time="0.001"/>
  <system-out><![CDATA[]]></system-out>
  <system-err><![CDATA[]]></system-err>
</testsuite>
