<?xml version="1.0" encoding="UTF-8"?>
<testsuite name="org.springframework.beans.factory.config.PropertyPathFactoryBeanTests" tests="6" skipped="0" failures="0" errors="0" timestamp="2021-05-01T09:25:16" hostname="wangweilideMBP.lan" time="0.108">
  <properties/>
  <testcase name="testPropertyPathFactoryBeanWithSingletonResult()" classname="org.springframework.beans.factory.config.PropertyPathFactoryBeanTests" time="0.011"/>
  <testcase name="testPropertyPathFactoryBeanAsInnerBean()" classname="org.springframework.beans.factory.config.PropertyPathFactoryBeanTests" time="0.043"/>
  <testcase name="testPropertyPathFactoryBeanAsInnerNull()" classname="org.springframework.beans.factory.config.PropertyPathFactoryBeanTests" time="0.005"/>
  <testcase name="testPropertyPathFactoryBeanWithNullResult()" classname="org.springframework.beans.factory.config.PropertyPathFactoryBeanTests" time="0.018"/>
  <testcase name="testPropertyPathFactoryBeanWithPrototypeResult()" classname="org.springframework.beans.factory.config.PropertyPathFactoryBeanTests" time="0.024"/>
  <testcase name="testPropertyPathFactoryBeanAsNullReference()" classname="org.springframework.beans.factory.config.PropertyPathFactoryBeanTests" time="0.005"/>
  <system-out><![CDATA[]]></system-out>
  <system-err><![CDATA[]]></system-err>
</testsuite>
