<?xml version="1.0" encoding="UTF-8"?>
<testsuite name="org.springframework.beans.factory.xml.UtilNamespaceHandlerTests" tests="29" skipped="0" failures="0" errors="0" timestamp="2021-05-09T12:40:10" hostname="wangweilidembp" time="1.609">
  <properties/>
  <testcase name="testSimpleList()" classname="org.springframework.beans.factory.xml.UtilNamespaceHandlerTests" time="0.088"/>
  <testcase name="testScopedProperties()" classname="org.springframework.beans.factory.xml.UtilNamespaceHandlerTests" time="0.05"/>
  <testcase name="testCircularCollectionBeansStartingWithMap()" classname="org.springframework.beans.factory.xml.UtilNamespaceHandlerTests" time="0.058"/>
  <testcase name="testCircularCollectionBeansStartingWithSet()" classname="org.springframework.beans.factory.xml.UtilNamespaceHandlerTests" time="0.023"/>
  <testcase name="testScopedMap()" classname="org.springframework.beans.factory.xml.UtilNamespaceHandlerTests" time="0.067"/>
  <testcase name="testScopedSet()" classname="org.springframework.beans.factory.xml.UtilNamespaceHandlerTests" time="0.066"/>
  <testcase name="testSimpleMap()" classname="org.springframework.beans.factory.xml.UtilNamespaceHandlerTests" time="0.057"/>
  <testcase name="testSimpleSet()" classname="org.springframework.beans.factory.xml.UtilNamespaceHandlerTests" time="0.048"/>
  <testcase name="testConstantWithDefaultName()" classname="org.springframework.beans.factory.xml.UtilNamespaceHandlerTests" time="0.044"/>
  <testcase name="testLocalOverrideFalse()" classname="org.springframework.beans.factory.xml.UtilNamespaceHandlerTests" time="0.031"/>
  <testcase name="testLoadProperties()" classname="org.springframework.beans.factory.xml.UtilNamespaceHandlerTests" time="0.119"/>
  <testcase name="testNestedCollections()" classname="org.springframework.beans.factory.xml.UtilNamespaceHandlerTests" time="0.078"/>
  <testcase name="testScopedList()" classname="org.springframework.beans.factory.xml.UtilNamespaceHandlerTests" time="0.03"/>
  <testcase name="testNestedInCollections()" classname="org.springframework.beans.factory.xml.UtilNamespaceHandlerTests" time="0.078"/>
  <testcase name="testLocalOverrideDefault()" classname="org.springframework.beans.factory.xml.UtilNamespaceHandlerTests" time="0.062"/>
  <testcase name="testCircularCollections()" classname="org.springframework.beans.factory.xml.UtilNamespaceHandlerTests" time="0.056"/>
  <testcase name="testNestedInConstructor()" classname="org.springframework.beans.factory.xml.UtilNamespaceHandlerTests" time="0.056"/>
  <testcase name="testLocalProperties()" classname="org.springframework.beans.factory.xml.UtilNamespaceHandlerTests" time="0.039"/>
  <testcase name="testCircularCollectionBeansStartingWithList()" classname="org.springframework.beans.factory.xml.UtilNamespaceHandlerTests" time="0.093"/>
  <testcase name="testConstant()" classname="org.springframework.beans.factory.xml.UtilNamespaceHandlerTests" time="0.036"/>
  <testcase name="testPropertyPath()" classname="org.springframework.beans.factory.xml.UtilNamespaceHandlerTests" time="0.053"/>
  <testcase name="testNestedPropertyPath()" classname="org.springframework.beans.factory.xml.UtilNamespaceHandlerTests" time="0.056"/>
  <testcase name="testNestedShortcutCollections()" classname="org.springframework.beans.factory.xml.UtilNamespaceHandlerTests" time="0.022"/>
  <testcase name="testNestedProperties()" classname="org.springframework.beans.factory.xml.UtilNamespaceHandlerTests" time="0.058"/>
  <testcase name="testMapWithRef()" classname="org.springframework.beans.factory.xml.UtilNamespaceHandlerTests" time="0.056"/>
  <testcase name="testMergedProperties()" classname="org.springframework.beans.factory.xml.UtilNamespaceHandlerTests" time="0.04"/>
  <testcase name="testEvents()" classname="org.springframework.beans.factory.xml.UtilNamespaceHandlerTests" time="0.053"/>
  <testcase name="testLocalOverrideTrue()" classname="org.springframework.beans.factory.xml.UtilNamespaceHandlerTests" time="0.048"/>
  <testcase name="testMapWithTypes()" classname="org.springframework.beans.factory.xml.UtilNamespaceHandlerTests" time="0.025"/>
  <system-out><![CDATA[]]></system-out>
  <system-err><![CDATA[]]></system-err>
</testsuite>
