<?xml version="1.0" encoding="UTF-8"?>
<testsuite name="org.springframework.beans.propertyeditors.ResourceBundleEditorTests" tests="9" skipped="0" failures="0" errors="0" timestamp="2021-05-09T12:39:58" hostname="wangweilidembp" time="0.026">
  <properties/>
  <testcase name="testSetAsTextWithNull()" classname="org.springframework.beans.propertyeditors.ResourceBundleEditorTests" time="0.001"/>
  <testcase name="testSetAsTextWithEmptyString()" classname="org.springframework.beans.propertyeditors.ResourceBundleEditorTests" time="0.001"/>
  <testcase name="testSetAsTextWithTheKitchenSink()" classname="org.springframework.beans.propertyeditors.ResourceBundleEditorTests" time="0.009"/>
  <testcase name="testSetAsTextWithBaseNameAndLanguageCode()" classname="org.springframework.beans.propertyeditors.ResourceBundleEditorTests" time="0.002"/>
  <testcase name="testSetAsTextWithWhiteSpaceString()" classname="org.springframework.beans.propertyeditors.ResourceBundleEditorTests" time="0.0"/>
  <testcase name="testSetAsTextWithBaseNameLanguageAndCountryCode()" classname="org.springframework.beans.propertyeditors.ResourceBundleEditorTests" time="0.004"/>
  <testcase name="testSetAsTextWithBaseNameThatEndsInDefaultSeparator()" classname="org.springframework.beans.propertyeditors.ResourceBundleEditorTests" time="0.005"/>
  <testcase name="testSetAsTextWithJustBaseName()" classname="org.springframework.beans.propertyeditors.ResourceBundleEditorTests" time="0.0"/>
  <testcase name="testSetAsTextWithJustSeparatorString()" classname="org.springframework.beans.propertyeditors.ResourceBundleEditorTests" time="0.0"/>
  <system-out><![CDATA[]]></system-out>
  <system-err><![CDATA[]]></system-err>
</testsuite>
