<?xml version="1.0" encoding="UTF-8"?>
<testsuite name="org.springframework.beans.factory.wiring.BeanConfigurerSupportTests" tests="6" skipped="0" failures="0" errors="0" timestamp="2021-05-09T12:40:15" hostname="wangweilidembp" time="0.065">
  <properties/>
  <testcase name="configureBeanPerformsAutowiringByTypeIfAppropriateBeanWiringInfoResolverIsPluggedIn()" classname="org.springframework.beans.factory.wiring.BeanConfigurerSupportTests" time="0.018"/>
  <testcase name="configureBeanReallyDoesDefaultToUsingTheFullyQualifiedClassNameOfTheSuppliedBeanInstance()" classname="org.springframework.beans.factory.wiring.BeanConfigurerSupportTests" time="0.001"/>
  <testcase name="configureBeanDoesNothingIfBeanWiringInfoResolverResolvesToNull()" classname="org.springframework.beans.factory.wiring.BeanConfigurerSupportTests" time="0.035"/>
  <testcase name="configureBeanPerformsAutowiringByNameIfAppropriateBeanWiringInfoResolverIsPluggedIn()" classname="org.springframework.beans.factory.wiring.BeanConfigurerSupportTests" time="0.005"/>
  <testcase name="supplyIncompatibleBeanFactoryImplementation()" classname="org.springframework.beans.factory.wiring.BeanConfigurerSupportTests" time="0.004"/>
  <testcase name="configureBeanDoesNothingIfNoBeanFactoryHasBeenSet()" classname="org.springframework.beans.factory.wiring.BeanConfigurerSupportTests" time="0.0"/>
  <system-out><![CDATA[]]></system-out>
  <system-err><![CDATA[]]></system-err>
</testsuite>
