<?xml version="1.0" encoding="UTF-8"?>
<testsuite name="org.springframework.beans.ExtendedBeanInfoFactoryTests" tests="6" skipped="0" failures="0" errors="0" timestamp="2021-05-09T12:39:55" hostname="wangweilidembp" time="0.023">
  <properties/>
  <testcase name="shouldNotSupportClassHavingNonPublicNonVoidReturningIndexedSetter()" classname="org.springframework.beans.ExtendedBeanInfoFactoryTests" time="0.001"/>
  <testcase name="shouldSupportClassHavingNonVoidReturningIndexedSetter()" classname="org.springframework.beans.ExtendedBeanInfoFactoryTests" time="0.014"/>
  <testcase name="shouldNotSupportClassHavingNonVoidReturningMethodNamedSet()" classname="org.springframework.beans.ExtendedBeanInfoFactoryTests" time="0.001"/>
  <testcase name="shouldSupportClassHavingNonVoidReturningSetter()" classname="org.springframework.beans.ExtendedBeanInfoFactoryTests" time="0.003"/>
  <testcase name="shouldNotSupportClassHavingNonVoidReturningParameterlessSetter()" classname="org.springframework.beans.ExtendedBeanInfoFactoryTests" time="0.001"/>
  <testcase name="shouldNotSupportClassHavingOnlyVoidReturningSetter()" classname="org.springframework.beans.ExtendedBeanInfoFactoryTests" time="0.001"/>
  <system-out><![CDATA[]]></system-out>
  <system-err><![CDATA[]]></system-err>
</testsuite>
