<?xml version="1.0" encoding="UTF-8"?>
<testsuite name="org.springframework.beans.factory.xml.SimplePropertyNamespaceHandlerTests" tests="4" skipped="0" failures="0" errors="0" timestamp="2021-04-26T07:39:40" hostname="wangweilideMacBook-Pro.local" time="0.041">
  <properties/>
  <testcase name="simpleBeanConfigured()" classname="org.springframework.beans.factory.xml.SimplePropertyNamespaceHandlerTests" time="0.011"/>
  <testcase name="propertyWithNameEndingInRef()" classname="org.springframework.beans.factory.xml.SimplePropertyNamespaceHandlerTests" time="0.008"/>
  <testcase name="withPropertyDefinedTwice()" classname="org.springframework.beans.factory.xml.SimplePropertyNamespaceHandlerTests" time="0.009"/>
  <testcase name="innerBeanConfigured()" classname="org.springframework.beans.factory.xml.SimplePropertyNamespaceHandlerTests" time="0.011"/>
  <system-out><![CDATA[]]></system-out>
  <system-err><![CDATA[]]></system-err>
</testsuite>
