<?xml version="1.0" encoding="UTF-8"?>
<testsuite name="org.springframework.beans.factory.config.YamlProcessorTests" tests="12" skipped="0" failures="0" errors="0" timestamp="2021-05-01T09:25:17" hostname="wangweilideMBP.lan" time="0.06">
  <properties/>
  <testcase name="customTypesSupportedDueToExplicitConfiguration()" classname="org.springframework.beans.factory.config.YamlProcessorTests" time="0.009"/>
  <testcase name="arrayConvertedToIndexedBeanReference()" classname="org.springframework.beans.factory.config.YamlProcessorTests" time="0.002"/>
  <testcase name="stringResource()" classname="org.springframework.beans.factory.config.YamlProcessorTests" time="0.001"/>
  <testcase name="integerKeyBehaves()" classname="org.springframework.beans.factory.config.YamlProcessorTests" time="0.023"/>
  <testcase name="customTypeNotSupportedByDefault()" classname="org.springframework.beans.factory.config.YamlProcessorTests" time="0.002"/>
  <testcase name="integerDeepKeyBehaves()" classname="org.springframework.beans.factory.config.YamlProcessorTests" time="0.008"/>
  <testcase name="mapConvertedToIndexedBeanReference()" classname="org.springframework.beans.factory.config.YamlProcessorTests" time="0.001"/>
  <testcase name="standardTypesSupportedByDefault()" classname="org.springframework.beans.factory.config.YamlProcessorTests" time="0.003"/>
  <testcase name="customTypeNotSupportedDueToExplicitConfiguration()" classname="org.springframework.beans.factory.config.YamlProcessorTests" time="0.002"/>
  <testcase name="badDocumentStart()" classname="org.springframework.beans.factory.config.YamlProcessorTests" time="0.002"/>
  <testcase name="flattenedMapIsSameAsPropertiesButOrdered()" classname="org.springframework.beans.factory.config.YamlProcessorTests" time="0.002"/>
  <testcase name="badResource()" classname="org.springframework.beans.factory.config.YamlProcessorTests" time="0.001"/>
  <system-out><![CDATA[]]></system-out>
  <system-err><![CDATA[]]></system-err>
</testsuite>
