<?xml version="1.0" encoding="UTF-8"?>
<testsuite name="org.springframework.beans.factory.xml.MetadataAttachmentTests" tests="3" skipped="0" failures="0" errors="0" timestamp="2021-04-26T07:39:36" hostname="wangweilideMacBook-Pro.local" time="0.054">
  <properties/>
  <testcase name="propertyMetadata()" classname="org.springframework.beans.factory.xml.MetadataAttachmentTests" time="0.014"/>
  <testcase name="metadataIsInherited()" classname="org.springframework.beans.factory.xml.MetadataAttachmentTests" time="0.028"/>
  <testcase name="metadataAttachment()" classname="org.springframework.beans.factory.xml.MetadataAttachmentTests" time="0.012"/>
  <system-out><![CDATA[]]></system-out>
  <system-err><![CDATA[]]></system-err>
</testsuite>
