<?xml version="1.0" encoding="UTF-8"?>
<testsuite name="org.springframework.beans.factory.ListableBeanFactoryExtensionsTests" tests="9" skipped="0" failures="0" errors="0" timestamp="2021-05-09T12:40:26" hostname="wangweilidembp" time="0.697">
  <properties/>
  <testcase name="findAnnotationOnBean with String and reified type parameters()" classname="org.springframework.beans.factory.ListableBeanFactoryExtensionsTests" time="0.296"/>
  <testcase name="getBeansOfType with reified type parameters and Boolean()" classname="org.springframework.beans.factory.ListableBeanFactoryExtensionsTests" time="0.117"/>
  <testcase name="getBeansOfType with reified type parameters()" classname="org.springframework.beans.factory.ListableBeanFactoryExtensionsTests" time="0.046"/>
  <testcase name="getBeansOfType with reified type parameters, Boolean and Boolean()" classname="org.springframework.beans.factory.ListableBeanFactoryExtensionsTests" time="0.016"/>
  <testcase name="getBeansWithAnnotation with reified type parameters()" classname="org.springframework.beans.factory.ListableBeanFactoryExtensionsTests" time="0.008"/>
  <testcase name="getBeanNamesForAnnotation with reified type parameters()" classname="org.springframework.beans.factory.ListableBeanFactoryExtensionsTests" time="0.007"/>
  <testcase name="getBeanNamesForType with reified type parameters()" classname="org.springframework.beans.factory.ListableBeanFactoryExtensionsTests" time="0.089"/>
  <testcase name="getBeanNamesForType with reified type parameters, Boolean and Boolean()" classname="org.springframework.beans.factory.ListableBeanFactoryExtensionsTests" time="0.041"/>
  <testcase name="getBeanNamesForType with reified type parameters and Boolean()" classname="org.springframework.beans.factory.ListableBeanFactoryExtensionsTests" time="0.036"/>
  <system-out><![CDATA[]]></system-out>
  <system-err><![CDATA[]]></system-err>
</testsuite>
