<?xml version="1.0" encoding="UTF-8"?>
<testsuite name="org.springframework.beans.propertyeditors.PathEditorTests" tests="8" skipped="0" failures="0" errors="0" timestamp="2021-05-01T09:25:11" hostname="wangweilideMBP.lan" time="0.053">
  <properties/>
  <testcase name="testUnqualifiedPathNameFound()" classname="org.springframework.beans.propertyeditors.PathEditorTests" time="0.008"/>
  <testcase name="testUnqualifiedPathNameNotFound()" classname="org.springframework.beans.propertyeditors.PathEditorTests" time="0.001"/>
  <testcase name="testAbsolutePath()" classname="org.springframework.beans.propertyeditors.PathEditorTests" time="0.001"/>
  <testcase name="testWithNonExistentResource()" classname="org.springframework.beans.propertyeditors.PathEditorTests" time="0.001"/>
  <testcase name="testWithNonExistentPath()" classname="org.springframework.beans.propertyeditors.PathEditorTests" time="0.0"/>
  <testcase name="testWindowsAbsoluteFilePath()" classname="org.springframework.beans.propertyeditors.PathEditorTests" time="0.03"/>
  <testcase name="testWindowsAbsolutePath()" classname="org.springframework.beans.propertyeditors.PathEditorTests" time="0.01"/>
  <testcase name="testClasspathPathName()" classname="org.springframework.beans.propertyeditors.PathEditorTests" time="0.0"/>
  <system-out><![CDATA[]]></system-out>
  <system-err><![CDATA[]]></system-err>
</testsuite>
