<?xml version="1.0" encoding="UTF-8"?>
<testsuite name="org.springframework.beans.factory.support.LookupMethodTests" tests="6" skipped="0" failures="0" errors="0" timestamp="2021-05-09T12:40:16" hostname="wangweilidembp" time="0.173">
  <properties/>
  <testcase name="testWithOverriddenLookupMethod()" classname="org.springframework.beans.factory.support.LookupMethodTests" time="0.025"/>
  <testcase name="testWithoutConstructorArg()" classname="org.springframework.beans.factory.support.LookupMethodTests" time="0.073"/>
  <testcase name="testWithOverloadedArg()" classname="org.springframework.beans.factory.support.LookupMethodTests" time="0.028"/>
  <testcase name="testWithThreeArgsShouldFail()" classname="org.springframework.beans.factory.support.LookupMethodTests" time="0.023"/>
  <testcase name="testWithOneConstructorArg()" classname="org.springframework.beans.factory.support.LookupMethodTests" time="0.011"/>
  <testcase name="testWithTwoConstructorArg()" classname="org.springframework.beans.factory.support.LookupMethodTests" time="0.01"/>
  <system-out><![CDATA[]]></system-out>
  <system-err><![CDATA[]]></system-err>
</testsuite>
