<?xml version="1.0" encoding="UTF-8"?>
<testsuite name="org.springframework.beans.factory.xml.CollectionMergingTests" tests="14" skipped="0" failures="0" errors="0" timestamp="2021-05-01T09:25:25" hostname="wangweilideMBP.lan" time="0.212">
  <properties/>
  <testcase name="mergeSetInConstructor()" classname="org.springframework.beans.factory.xml.CollectionMergingTests" time="0.007"/>
  <testcase name="mergeSetWithInnerBeanAsSetElement()" classname="org.springframework.beans.factory.xml.CollectionMergingTests" time="0.005"/>
  <testcase name="mergeMapWithInnerBeanAsMapEntryValueInConstructor()" classname="org.springframework.beans.factory.xml.CollectionMergingTests" time="0.006"/>
  <testcase name="mergeProperties()" classname="org.springframework.beans.factory.xml.CollectionMergingTests" time="0.004"/>
  <testcase name="mergeMap()" classname="org.springframework.beans.factory.xml.CollectionMergingTests" time="0.004"/>
  <testcase name="mergeSet()" classname="org.springframework.beans.factory.xml.CollectionMergingTests" time="0.005"/>
  <testcase name="mergeMapWithInnerBeanAsMapEntryValue()" classname="org.springframework.beans.factory.xml.CollectionMergingTests" time="0.07"/>
  <testcase name="mergeListInConstructor()" classname="org.springframework.beans.factory.xml.CollectionMergingTests" time="0.008"/>
  <testcase name="mergeMapInConstructor()" classname="org.springframework.beans.factory.xml.CollectionMergingTests" time="0.023"/>
  <testcase name="mergeSetWithInnerBeanAsSetElementInConstructor()" classname="org.springframework.beans.factory.xml.CollectionMergingTests" time="0.005"/>
  <testcase name="mergeList()" classname="org.springframework.beans.factory.xml.CollectionMergingTests" time="0.004"/>
  <testcase name="mergeListWithInnerBeanAsListElement()" classname="org.springframework.beans.factory.xml.CollectionMergingTests" time="0.003"/>
  <testcase name="mergeListWithInnerBeanAsListElementInConstructor()" classname="org.springframework.beans.factory.xml.CollectionMergingTests" time="0.056"/>
  <testcase name="mergePropertiesInConstructor()" classname="org.springframework.beans.factory.xml.CollectionMergingTests" time="0.006"/>
  <system-out><![CDATA[]]></system-out>
  <system-err><![CDATA[]]></system-err>
</testsuite>
