<?xml version="1.0" encoding="UTF-8"?>
<testsuite name="org.springframework.beans.BeanUtilsTests" tests="88" skipped="0" failures="0" errors="0" timestamp="2021-05-01T09:25:10" hostname="wangweilideMBP.lan" time="0.421">
  <properties/>
  <testcase name="copyPropertiesIgnoresGenericsIfSourceOrTargetHasUnresolvableGenerics()" classname="org.springframework.beans.BeanUtilsTests" time="0.009"/>
  <testcase name="spr6063()" classname="org.springframework.beans.BeanUtilsTests" time="0.004"/>
  <testcase name="[1] type=class java.lang.Object" classname="org.springframework.beans.BeanUtilsTests" time="0.05"/>
  <testcase name="[2] type=interface java.util.List" classname="org.springframework.beans.BeanUtilsTests" time="0.006"/>
  <testcase name="[3] type=void" classname="org.springframework.beans.BeanUtilsTests" time="0.001"/>
  <testcase name="[4] type=class java.lang.Void" classname="org.springframework.beans.BeanUtilsTests" time="0.001"/>
  <testcase name="[1] type=boolean" classname="org.springframework.beans.BeanUtilsTests" time="0.0"/>
  <testcase name="[2] type=char" classname="org.springframework.beans.BeanUtilsTests" time="0.0"/>
  <testcase name="[3] type=byte" classname="org.springframework.beans.BeanUtilsTests" time="0.0"/>
  <testcase name="[4] type=short" classname="org.springframework.beans.BeanUtilsTests" time="0.001"/>
  <testcase name="[5] type=int" classname="org.springframework.beans.BeanUtilsTests" time="0.001"/>
  <testcase name="[6] type=long" classname="org.springframework.beans.BeanUtilsTests" time="0.001"/>
  <testcase name="[7] type=float" classname="org.springframework.beans.BeanUtilsTests" time="0.001"/>
  <testcase name="[8] type=double" classname="org.springframework.beans.BeanUtilsTests" time="0.0"/>
  <testcase name="[9] type=class java.lang.Boolean" classname="org.springframework.beans.BeanUtilsTests" time="0.001"/>
  <testcase name="[10] type=class java.lang.Character" classname="org.springframework.beans.BeanUtilsTests" time="0.001"/>
  <testcase name="[11] type=class java.lang.Byte" classname="org.springframework.beans.BeanUtilsTests" time="0.0"/>
  <testcase name="[12] type=class java.lang.Short" classname="org.springframework.beans.BeanUtilsTests" time="0.0"/>
  <testcase name="[13] type=class java.lang.Integer" classname="org.springframework.beans.BeanUtilsTests" time="0.001"/>
  <testcase name="[14] type=class java.lang.Long" classname="org.springframework.beans.BeanUtilsTests" time="0.0"/>
  <testcase name="[15] type=class java.lang.Float" classname="org.springframework.beans.BeanUtilsTests" time="0.001"/>
  <testcase name="[16] type=class java.lang.Double" classname="org.springframework.beans.BeanUtilsTests" time="0.035"/>
  <testcase name="[17] type=class java.time.DayOfWeek" classname="org.springframework.beans.BeanUtilsTests" time="0.001"/>
  <testcase name="[18] type=class java.lang.String" classname="org.springframework.beans.BeanUtilsTests" time="0.0"/>
  <testcase name="[19] type=class java.time.LocalDateTime" classname="org.springframework.beans.BeanUtilsTests" time="0.0"/>
  <testcase name="[20] type=class java.util.Date" classname="org.springframework.beans.BeanUtilsTests" time="0.005"/>
  <testcase name="[21] type=class java.net.URI" classname="org.springframework.beans.BeanUtilsTests" time="0.001"/>
  <testcase name="[22] type=class java.net.URL" classname="org.springframework.beans.BeanUtilsTests" time="0.001"/>
  <testcase name="[23] type=class java.util.Locale" classname="org.springframework.beans.BeanUtilsTests" time="0.001"/>
  <testcase name="[24] type=class java.lang.Class" classname="org.springframework.beans.BeanUtilsTests" time="0.001"/>
  <testcase name="resolveInvalidSignatureEndParen()" classname="org.springframework.beans.BeanUtilsTests" time="0.002"/>
  <testcase name="[1] type=class [I" classname="org.springframework.beans.BeanUtilsTests" time="0.0"/>
  <testcase name="[2] type=class java.lang.Object" classname="org.springframework.beans.BeanUtilsTests" time="0.001"/>
  <testcase name="[3] type=interface java.util.List" classname="org.springframework.beans.BeanUtilsTests" time="0.001"/>
  <testcase name="[4] type=void" classname="org.springframework.beans.BeanUtilsTests" time="0.001"/>
  <testcase name="[5] type=class java.lang.Void" classname="org.springframework.beans.BeanUtilsTests" time="0.001"/>
  <testcase name="instantiateClassGivenInterface()" classname="org.springframework.beans.BeanUtilsTests" time="0.0"/>
  <testcase name="instantiateClassWithOptionalNullableType()" classname="org.springframework.beans.BeanUtilsTests" time="0.0"/>
  <testcase name="[1] type=boolean" classname="org.springframework.beans.BeanUtilsTests" time="0.001"/>
  <testcase name="[2] type=char" classname="org.springframework.beans.BeanUtilsTests" time="0.001"/>
  <testcase name="[3] type=byte" classname="org.springframework.beans.BeanUtilsTests" time="0.001"/>
  <testcase name="[4] type=short" classname="org.springframework.beans.BeanUtilsTests" time="0.0"/>
  <testcase name="[5] type=int" classname="org.springframework.beans.BeanUtilsTests" time="0.0"/>
  <testcase name="[6] type=long" classname="org.springframework.beans.BeanUtilsTests" time="0.0"/>
  <testcase name="[7] type=float" classname="org.springframework.beans.BeanUtilsTests" time="0.0"/>
  <testcase name="[8] type=double" classname="org.springframework.beans.BeanUtilsTests" time="0.0"/>
  <testcase name="[9] type=class java.lang.Boolean" classname="org.springframework.beans.BeanUtilsTests" time="0.0"/>
  <testcase name="[10] type=class java.lang.Character" classname="org.springframework.beans.BeanUtilsTests" time="0.001"/>
  <testcase name="[11] type=class java.lang.Byte" classname="org.springframework.beans.BeanUtilsTests" time="0.0"/>
  <testcase name="[12] type=class java.lang.Short" classname="org.springframework.beans.BeanUtilsTests" time="0.001"/>
  <testcase name="[13] type=class java.lang.Integer" classname="org.springframework.beans.BeanUtilsTests" time="0.0"/>
  <testcase name="[14] type=class java.lang.Long" classname="org.springframework.beans.BeanUtilsTests" time="0.0"/>
  <testcase name="[15] type=class java.lang.Float" classname="org.springframework.beans.BeanUtilsTests" time="0.0"/>
  <testcase name="[16] type=class java.lang.Double" classname="org.springframework.beans.BeanUtilsTests" time="0.001"/>
  <testcase name="[17] type=class java.time.DayOfWeek" classname="org.springframework.beans.BeanUtilsTests" time="0.0"/>
  <testcase name="[18] type=class java.lang.String" classname="org.springframework.beans.BeanUtilsTests" time="0.0"/>
  <testcase name="[19] type=class java.time.LocalDateTime" classname="org.springframework.beans.BeanUtilsTests" time="0.012"/>
  <testcase name="[20] type=class java.util.Date" classname="org.springframework.beans.BeanUtilsTests" time="0.0"/>
  <testcase name="[21] type=class java.net.URI" classname="org.springframework.beans.BeanUtilsTests" time="0.001"/>
  <testcase name="[22] type=class java.net.URL" classname="org.springframework.beans.BeanUtilsTests" time="0.001"/>
  <testcase name="[23] type=class java.util.Locale" classname="org.springframework.beans.BeanUtilsTests" time="0.0"/>
  <testcase name="[24] type=class java.lang.Class" classname="org.springframework.beans.BeanUtilsTests" time="0.0"/>
  <testcase name="[25] type=class [Z" classname="org.springframework.beans.BeanUtilsTests" time="0.0"/>
  <testcase name="[26] type=class [Ljava.lang.Boolean;" classname="org.springframework.beans.BeanUtilsTests" time="0.0"/>
  <testcase name="[27] type=class [Ljava.time.LocalDateTime;" classname="org.springframework.beans.BeanUtilsTests" time="0.0"/>
  <testcase name="[28] type=class [Ljava.util.Date;" classname="org.springframework.beans.BeanUtilsTests" time="0.001"/>
  <testcase name="copyPropertiesWithDifferentTypes1()" classname="org.springframework.beans.BeanUtilsTests" time="0.03"/>
  <testcase name="copyPropertiesWithDifferentTypes2()" classname="org.springframework.beans.BeanUtilsTests" time="0.001"/>
  <testcase name="resolveOverloadedSignature()" classname="org.springframework.beans.BeanUtilsTests" time="0.001"/>
  <testcase name="copyProperties()" classname="org.springframework.beans.BeanUtilsTests" time="0.001"/>
  <testcase name="findEditorByConvention()" classname="org.springframework.beans.BeanUtilsTests" time="0.001"/>
  <testcase name="resolveSimpleSignature()" classname="org.springframework.beans.BeanUtilsTests" time="0.001"/>
  <testcase name="resolveInvalidSignatureStartParen()" classname="org.springframework.beans.BeanUtilsTests" time="0.0"/>
  <testcase name="resolveSignatureWithArray()" classname="org.springframework.beans.BeanUtilsTests" time="0.0"/>
  <testcase name="beanPropertyIsArray()" classname="org.springframework.beans.BeanUtilsTests" time="0.004"/>
  <testcase name="instantiateClassWithOptionalPrimitiveType()" classname="org.springframework.beans.BeanUtilsTests" time="0.001"/>
  <testcase name="instantiateClassWithMoreArgsThanParameters()" classname="org.springframework.beans.BeanUtilsTests" time="0.001"/>
  <testcase name="copyPropertiesWithIgnore()" classname="org.springframework.beans.BeanUtilsTests" time="0.002"/>
  <testcase name="resolveWithAndWithoutArgList()" classname="org.springframework.beans.BeanUtilsTests" time="0.0"/>
  <testcase name="copyPropertiesHonorsGenericTypeMatches()" classname="org.springframework.beans.BeanUtilsTests" time="0.007"/>
  <testcase name="instantiateClassGivenClassWithoutDefaultConstructor()" classname="org.springframework.beans.BeanUtilsTests" time="0.001"/>
  <testcase name="copyPropertiesWithInvalidProperty()" classname="org.springframework.beans.BeanUtilsTests" time="0.003"/>
  <testcase name="resolveTypedSignature()" classname="org.springframework.beans.BeanUtilsTests" time="0.0"/>
  <testcase name="copyPropertiesWithEditable()" classname="org.springframework.beans.BeanUtilsTests" time="0.001"/>
  <testcase name="copyPropertiesDoesNotHonorGenericTypeMismatches()" classname="org.springframework.beans.BeanUtilsTests" time="0.003"/>
  <testcase name="getPropertyDescriptors()" classname="org.springframework.beans.BeanUtilsTests" time="0.001"/>
  <testcase name="instantiatePrivateClassWithPrivateConstructor()" classname="org.springframework.beans.BeanUtilsTests" time="0.0"/>
  <testcase name="copyPropertiesWithIgnoredNonExistingProperty()" classname="org.springframework.beans.BeanUtilsTests" time="0.002"/>
  <system-out><![CDATA[]]></system-out>
  <system-err><![CDATA[]]></system-err>
</testsuite>
