<?xml version="1.0" encoding="UTF-8"?>
<testsuite name="org.springframework.beans.factory.xml.support.DefaultNamespaceHandlerResolverTests" tests="6" skipped="0" failures="0" errors="0" timestamp="2021-04-26T07:39:38" hostname="wangweilideMacBook-Pro.local" time="0.013">
  <properties/>
  <testcase name="testResolvedMappedHandler()" classname="org.springframework.beans.factory.xml.support.DefaultNamespaceHandlerResolverTests" time="0.01"/>
  <testcase name="testResolvedMappedHandlerWithNoArgCtor()" classname="org.springframework.beans.factory.xml.support.DefaultNamespaceHandlerResolverTests" time="0.001"/>
  <testcase name="testCtorWithNullClassLoaderArgumentAndNullMappingLocationArgument()" classname="org.springframework.beans.factory.xml.support.DefaultNamespaceHandlerResolverTests" time="0.0"/>
  <testcase name="testNonExistentHandlerClass()" classname="org.springframework.beans.factory.xml.support.DefaultNamespaceHandlerResolverTests" time="0.0"/>
  <testcase name="testCtorWithNullClassLoaderArgument()" classname="org.springframework.beans.factory.xml.support.DefaultNamespaceHandlerResolverTests" time="0.0"/>
  <testcase name="testCtorWithNonExistentMappingLocationArgument()" classname="org.springframework.beans.factory.xml.support.DefaultNamespaceHandlerResolverTests" time="0.0"/>
  <system-out><![CDATA[]]></system-out>
  <system-err><![CDATA[]]></system-err>
</testsuite>
