<?xml version="1.0" encoding="UTF-8"?>
<testsuite name="org.springframework.beans.factory.config.ServiceLocatorFactoryBeanTests" tests="12" skipped="2" failures="0" errors="0" timestamp="2021-04-26T07:39:35" hostname="wangweilideMacBook-Pro.local" time="0.025">
  <properties/>
  <testcase name="testWhenServiceLocatorExceptionClassIsNotAnExceptionSubclass()" classname="org.springframework.beans.factory.config.ServiceLocatorFactoryBeanTests" time="0.001"/>
  <testcase name="testStringArgGetter()" classname="org.springframework.beans.factory.config.ServiceLocatorFactoryBeanTests" time="0.007"/>
  <testcase name="testWhenServiceLocatorMethodCalledWithTooManyParameters()" classname="org.springframework.beans.factory.config.ServiceLocatorFactoryBeanTests" time="0.003"/>
  <testcase name="testErrorOnTooManyOrTooFew()" classname="org.springframework.beans.factory.config.ServiceLocatorFactoryBeanTests" time="0.004"/>
  <testcase name="testCombinedLocatorInterface()" classname="org.springframework.beans.factory.config.ServiceLocatorFactoryBeanTests" time="0.001">
    <skipped/>
  </testcase>
  <testcase name="testRequiresListableBeanFactoryAndChokesOnAnythingElse()" classname="org.springframework.beans.factory.config.ServiceLocatorFactoryBeanTests" time="0.0"/>
  <testcase name="testServiceMappings()" classname="org.springframework.beans.factory.config.ServiceLocatorFactoryBeanTests" time="0.0">
    <skipped/>
  </testcase>
  <testcase name="testWhenServiceLocatorInterfaceIsNotAnInterfaceType()" classname="org.springframework.beans.factory.config.ServiceLocatorFactoryBeanTests" time="0.001"/>
  <testcase name="testErrorOnTooManyOrTooFewWithCustomServiceLocatorException()" classname="org.springframework.beans.factory.config.ServiceLocatorFactoryBeanTests" time="0.003"/>
  <testcase name="testNoServiceLocatorInterfaceSupplied()" classname="org.springframework.beans.factory.config.ServiceLocatorFactoryBeanTests" time="0.0"/>
  <testcase name="testNoArgGetter()" classname="org.springframework.beans.factory.config.ServiceLocatorFactoryBeanTests" time="0.0"/>
  <testcase name="testWhenServiceLocatorExceptionClassToExceptionTypeWithOnlyNoArgCtor()" classname="org.springframework.beans.factory.config.ServiceLocatorFactoryBeanTests" time="0.001"/>
  <system-out><![CDATA[]]></system-out>
  <system-err><![CDATA[]]></system-err>
</testsuite>
