<?xml version="1.0" encoding="UTF-8"?>
<testsuite name="org.springframework.beans.factory.support.LookupMethodTests" tests="6" skipped="0" failures="0" errors="0" timestamp="2021-04-26T07:39:41" hostname="wangweilideMacBook-Pro.local" time="0.106">
  <properties/>
  <testcase name="testWithOverriddenLookupMethod()" classname="org.springframework.beans.factory.support.LookupMethodTests" time="0.024"/>
  <testcase name="testWithoutConstructorArg()" classname="org.springframework.beans.factory.support.LookupMethodTests" time="0.024"/>
  <testcase name="testWithOverloadedArg()" classname="org.springframework.beans.factory.support.LookupMethodTests" time="0.025"/>
  <testcase name="testWithThreeArgsShouldFail()" classname="org.springframework.beans.factory.support.LookupMethodTests" time="0.012"/>
  <testcase name="testWithOneConstructorArg()" classname="org.springframework.beans.factory.support.LookupMethodTests" time="0.012"/>
  <testcase name="testWithTwoConstructorArg()" classname="org.springframework.beans.factory.support.LookupMethodTests" time="0.009"/>
  <system-out><![CDATA[]]></system-out>
  <system-err><![CDATA[]]></system-err>
</testsuite>
