<?xml version="1.0" encoding="UTF-8"?>
<testsuite name="org.springframework.beans.factory.BeanFactoryUtilsTests" tests="19" skipped="0" failures="0" errors="0" timestamp="2021-05-01T09:25:12" hostname="wangweilideMBP.lan" time="2.13">
  <properties/>
  <testcase name="testHierarchicalResolutionWithOverride()" classname="org.springframework.beans.factory.BeanFactoryUtilsTests" time="0.582"/>
  <testcase name="testHierarchicalCountBeansWithNonHierarchicalFactory()" classname="org.springframework.beans.factory.BeanFactoryUtilsTests" time="0.14"/>
  <testcase name="testGetBeanNamesForTypeWithOverride()" classname="org.springframework.beans.factory.BeanFactoryUtilsTests" time="0.16"/>
  <testcase name="findAnnotationOnBean()" classname="org.springframework.beans.factory.BeanFactoryUtilsTests" time="0.2"/>
  <testcase name="findAnnotationOnBeanWithStaticFactory()" classname="org.springframework.beans.factory.BeanFactoryUtilsTests" time="0.068"/>
  <testcase name="testGetBeanNamesForAnnotationWithOverride()" classname="org.springframework.beans.factory.BeanFactoryUtilsTests" time="0.089"/>
  <testcase name="testCDependencies()" classname="org.springframework.beans.factory.BeanFactoryUtilsTests" time="0.039"/>
  <testcase name="testBDependencies()" classname="org.springframework.beans.factory.BeanFactoryUtilsTests" time="0.106"/>
  <testcase name="testADependencies()" classname="org.springframework.beans.factory.BeanFactoryUtilsTests" time="0.077"/>
  <testcase name="isSingletonAndIsPrototypeWithStaticFactory()" classname="org.springframework.beans.factory.BeanFactoryUtilsTests" time="0.06"/>
  <testcase name="testHierarchicalNamesForAnnotationWithMatchOnlyInRoot()" classname="org.springframework.beans.factory.BeanFactoryUtilsTests" time="0.05"/>
  <testcase name="testHierarchicalCountBeansWithOverride()" classname="org.springframework.beans.factory.BeanFactoryUtilsTests" time="0.062"/>
  <testcase name="testFindsBeansOfTypeWithDefaultFactory()" classname="org.springframework.beans.factory.BeanFactoryUtilsTests" time="0.089"/>
  <testcase name="testHierarchicalNamesWithNoMatch()" classname="org.springframework.beans.factory.BeanFactoryUtilsTests" time="0.054"/>
  <testcase name="testIntDependencies()" classname="org.springframework.beans.factory.BeanFactoryUtilsTests" time="0.083"/>
  <testcase name="testNoBeansOfType()" classname="org.springframework.beans.factory.BeanFactoryUtilsTests" time="0.078"/>
  <testcase name="testFindsBeansOfTypeWithStaticFactory()" classname="org.springframework.beans.factory.BeanFactoryUtilsTests" time="0.049"/>
  <testcase name="testHierarchicalNamesWithMatchOnlyInRoot()" classname="org.springframework.beans.factory.BeanFactoryUtilsTests" time="0.096"/>
  <testcase name="testHierarchicalNamesForAnnotationWithNoMatch()" classname="org.springframework.beans.factory.BeanFactoryUtilsTests" time="0.037"/>
  <system-out><![CDATA[]]></system-out>
  <system-err><![CDATA[]]></system-err>
</testsuite>
