<?xml version="1.0" encoding="UTF-8"?>
<testsuite name="org.springframework.beans.factory.annotation.RequiredAnnotationBeanPostProcessorTests" tests="7" skipped="0" failures="0" errors="0" timestamp="2021-05-09T12:40:05" hostname="wangweilidembp" time="0.062">
  <properties/>
  <testcase name="testWithStaticFactoryMethod()" classname="org.springframework.beans.factory.annotation.RequiredAnnotationBeanPostProcessorTests" time="0.028"/>
  <testcase name="testWithThreeRequiredPropertiesOmitted()" classname="org.springframework.beans.factory.annotation.RequiredAnnotationBeanPostProcessorTests" time="0.005"/>
  <testcase name="testWithFactoryBean()" classname="org.springframework.beans.factory.annotation.RequiredAnnotationBeanPostProcessorTests" time="0.004"/>
  <testcase name="testWithCustomAnnotation()" classname="org.springframework.beans.factory.annotation.RequiredAnnotationBeanPostProcessorTests" time="0.002"/>
  <testcase name="testWithAllRequiredPropertiesSpecified()" classname="org.springframework.beans.factory.annotation.RequiredAnnotationBeanPostProcessorTests" time="0.003"/>
  <testcase name="testWithStaticFactoryMethodAndRequiredPropertiesSpecified()" classname="org.springframework.beans.factory.annotation.RequiredAnnotationBeanPostProcessorTests" time="0.017"/>
  <testcase name="testWithRequiredPropertyOmitted()" classname="org.springframework.beans.factory.annotation.RequiredAnnotationBeanPostProcessorTests" time="0.002"/>
  <system-out><![CDATA[]]></system-out>
  <system-err><![CDATA[]]></system-err>
</testsuite>
