<?xml version="1.0" encoding="UTF-8"?>
<testsuite name="org.springframework.beans.propertyeditors.CharArrayPropertyEditorTests" tests="2" skipped="0" failures="0" errors="0" timestamp="2021-04-26T07:39:30" hostname="wangweilideMacBook-Pro.local" time="0.0">
  <properties/>
  <testcase name="getAsTextReturnsEmptyStringIfValueIsNull()" classname="org.springframework.beans.propertyeditors.CharArrayPropertyEditorTests" time="0.0"/>
  <testcase name="sunnyDaySetAsText()" classname="org.springframework.beans.propertyeditors.CharArrayPropertyEditorTests" time="0.0"/>
  <system-out><![CDATA[]]></system-out>
  <system-err><![CDATA[]]></system-err>
</testsuite>
