<?xml version="1.0" encoding="UTF-8"?>
<testsuite name="org.springframework.beans.factory.xml.SchemaValidationTests" tests="3" skipped="0" failures="0" errors="0" timestamp="2021-04-26T07:39:36" hostname="wangweilideMacBook-Pro.local" time="0.11">
  <properties/>
  <testcase name="withAutodetection()" classname="org.springframework.beans.factory.xml.SchemaValidationTests" time="0.061"/>
  <testcase name="loadDefinitions()" classname="org.springframework.beans.factory.xml.SchemaValidationTests" time="0.037"/>
  <testcase name="withExplicitValidationMode()" classname="org.springframework.beans.factory.xml.SchemaValidationTests" time="0.012"/>
  <system-out><![CDATA[]]></system-out>
  <system-err><![CDATA[]]></system-err>
</testsuite>
