<?xml version="1.0" encoding="UTF-8"?>
<testsuite name="org.springframework.beans.factory.xml.CollectionMergingTests" tests="14" skipped="0" failures="0" errors="0" timestamp="2021-05-09T12:40:15" hostname="wangweilidembp" time="0.283">
  <properties/>
  <testcase name="mergeSetInConstructor()" classname="org.springframework.beans.factory.xml.CollectionMergingTests" time="0.012"/>
  <testcase name="mergeSetWithInnerBeanAsSetElement()" classname="org.springframework.beans.factory.xml.CollectionMergingTests" time="0.021"/>
  <testcase name="mergeMapWithInnerBeanAsMapEntryValueInConstructor()" classname="org.springframework.beans.factory.xml.CollectionMergingTests" time="0.026"/>
  <testcase name="mergeProperties()" classname="org.springframework.beans.factory.xml.CollectionMergingTests" time="0.02"/>
  <testcase name="mergeMap()" classname="org.springframework.beans.factory.xml.CollectionMergingTests" time="0.007"/>
  <testcase name="mergeSet()" classname="org.springframework.beans.factory.xml.CollectionMergingTests" time="0.006"/>
  <testcase name="mergeMapWithInnerBeanAsMapEntryValue()" classname="org.springframework.beans.factory.xml.CollectionMergingTests" time="0.036"/>
  <testcase name="mergeListInConstructor()" classname="org.springframework.beans.factory.xml.CollectionMergingTests" time="0.01"/>
  <testcase name="mergeMapInConstructor()" classname="org.springframework.beans.factory.xml.CollectionMergingTests" time="0.037"/>
  <testcase name="mergeSetWithInnerBeanAsSetElementInConstructor()" classname="org.springframework.beans.factory.xml.CollectionMergingTests" time="0.023"/>
  <testcase name="mergeList()" classname="org.springframework.beans.factory.xml.CollectionMergingTests" time="0.02"/>
  <testcase name="mergeListWithInnerBeanAsListElement()" classname="org.springframework.beans.factory.xml.CollectionMergingTests" time="0.035"/>
  <testcase name="mergeListWithInnerBeanAsListElementInConstructor()" classname="org.springframework.beans.factory.xml.CollectionMergingTests" time="0.007"/>
  <testcase name="mergePropertiesInConstructor()" classname="org.springframework.beans.factory.xml.CollectionMergingTests" time="0.019"/>
  <system-out><![CDATA[]]></system-out>
  <system-err><![CDATA[]]></system-err>
</testsuite>
