<?xml version="1.0" encoding="UTF-8"?>
<testsuite name="org.springframework.beans.BeanWrapperAutoGrowingTests" tests="18" skipped="0" failures="0" errors="0" timestamp="2021-05-01T09:25:11" hostname="wangweilideMBP.lan" time="0.074">
  <properties/>
  <testcase name="getPropertyValueAutoGrowArrayBySeveralElements()" classname="org.springframework.beans.BeanWrapperAutoGrowingTests" time="0.005"/>
  <testcase name="getPropertyValueAutoGrowListNotParameterized()" classname="org.springframework.beans.BeanWrapperAutoGrowingTests" time="0.001"/>
  <testcase name="getPropertyValueAutoGrowListBySeveralElements()" classname="org.springframework.beans.BeanWrapperAutoGrowingTests" time="0.0"/>
  <testcase name="setPropertyValueAutoGrow2dArray()" classname="org.springframework.beans.BeanWrapperAutoGrowingTests" time="0.003"/>
  <testcase name="getPropertyValueAutoGrow2dArray()" classname="org.springframework.beans.BeanWrapperAutoGrowingTests" time="0.001"/>
  <testcase name="setNestedPropertyValueAutoGrowMap()" classname="org.springframework.beans.BeanWrapperAutoGrowingTests" time="0.001"/>
  <testcase name="getPropertyValueAutoGrowListFailsAgainstLimit()" classname="org.springframework.beans.BeanWrapperAutoGrowingTests" time="0.002"/>
  <testcase name="setPropertyValueAutoGrow3dArray()" classname="org.springframework.beans.BeanWrapperAutoGrowingTests" time="0.001"/>
  <testcase name="getPropertyValueAutoGrowList()" classname="org.springframework.beans.BeanWrapperAutoGrowingTests" time="0.0"/>
  <testcase name="getPropertyValueAutoGrow3dArray()" classname="org.springframework.beans.BeanWrapperAutoGrowingTests" time="0.001"/>
  <testcase name="setPropertyValueAutoGrowArray()" classname="org.springframework.beans.BeanWrapperAutoGrowingTests" time="0.0"/>
  <testcase name="setPropertyValueNullValueInNestedPath()" classname="org.springframework.beans.BeanWrapperAutoGrowingTests" time="0.0"/>
  <testcase name="getPropertyValueAutoGrowArray()" classname="org.springframework.beans.BeanWrapperAutoGrowingTests" time="0.0"/>
  <testcase name="getPropertyValueNullValueInNestedPath()" classname="org.springframework.beans.BeanWrapperAutoGrowingTests" time="0.0"/>
  <testcase name="setPropertyValueAutoGrowList()" classname="org.springframework.beans.BeanWrapperAutoGrowingTests" time="0.026"/>
  <testcase name="getPropertyValueAutoGrowMultiDimensionalList()" classname="org.springframework.beans.BeanWrapperAutoGrowingTests" time="0.001"/>
  <testcase name="setPropertyValueAutoGrowMap()" classname="org.springframework.beans.BeanWrapperAutoGrowingTests" time="0.001"/>
  <testcase name="getPropertyValueNullValueInNestedPathNoDefaultConstructor()" classname="org.springframework.beans.BeanWrapperAutoGrowingTests" time="0.001"/>
  <system-out><![CDATA[]]></system-out>
  <system-err><![CDATA[]]></system-err>
</testsuite>
