<?xml version="1.0" encoding="UTF-8"?>
<testsuite name="org.springframework.beans.factory.FactoryBeanLookupTests" tests="5" skipped="0" failures="0" errors="0" timestamp="2021-04-26T07:39:35" hostname="wangweilideMacBook-Pro.local" time="0.078">
  <properties/>
  <testcase name="factoryBeanLookupByNameDereferencing()" classname="org.springframework.beans.factory.FactoryBeanLookupTests" time="0.012"/>
  <testcase name="factoryBeanLookupByType()" classname="org.springframework.beans.factory.FactoryBeanLookupTests" time="0.009"/>
  <testcase name="factoryBeanObjectLookupByName()" classname="org.springframework.beans.factory.FactoryBeanLookupTests" time="0.032"/>
  <testcase name="factoryBeanObjectLookupByNameAndType()" classname="org.springframework.beans.factory.FactoryBeanLookupTests" time="0.012"/>
  <testcase name="factoryBeanLookupByTypeAndNameDereference()" classname="org.springframework.beans.factory.FactoryBeanLookupTests" time="0.011"/>
  <system-out><![CDATA[]]></system-out>
  <system-err><![CDATA[]]></system-err>
</testsuite>
