<?xml version="1.0" encoding="UTF-8"?>
<testsuite name="org.springframework.beans.factory.xml.DuplicateBeanIdTests" tests="2" skipped="0" failures="0" errors="0" timestamp="2021-04-26T07:39:36" hostname="wangweilideMacBook-Pro.local" time="0.049">
  <properties/>
  <testcase name="duplicateBeanIdsAcrossNestingLevels()" classname="org.springframework.beans.factory.xml.DuplicateBeanIdTests" time="0.011"/>
  <testcase name="duplicateBeanIdsWithinSameNestingLevelRaisesError()" classname="org.springframework.beans.factory.xml.DuplicateBeanIdTests" time="0.038"/>
  <system-out><![CDATA[]]></system-out>
  <system-err><![CDATA[]]></system-err>
</testsuite>
