<?xml version="1.0" encoding="UTF-8"?>
<testsuite name="org.springframework.beans.factory.config.DeprecatedBeanWarnerTests" tests="1" skipped="0" failures="0" errors="0" timestamp="2021-04-26T07:39:35" hostname="wangweilideMacBook-Pro.local" time="0.003">
  <properties/>
  <testcase name="postProcess()" classname="org.springframework.beans.factory.config.DeprecatedBeanWarnerTests" time="0.003"/>
  <system-out><![CDATA[]]></system-out>
  <system-err><![CDATA[]]></system-err>
</testsuite>
