<?xml version="1.0" encoding="UTF-8"?>
<testsuite name="org.springframework.beans.CachedIntrospectionResultsTests" tests="3" skipped="0" failures="0" errors="0" timestamp="2021-05-09T12:39:54" hostname="wangweilidembp" time="0.105">
  <properties/>
  <testcase name="acceptAndClearClassLoader()" classname="org.springframework.beans.CachedIntrospectionResultsTests" time="0.085"/>
  <testcase name="clearClassLoaderForSystemClassLoader()" classname="org.springframework.beans.CachedIntrospectionResultsTests" time="0.013"/>
  <testcase name="shouldUseExtendedBeanInfoWhenApplicable()" classname="org.springframework.beans.CachedIntrospectionResultsTests" time="0.005"/>
  <system-out><![CDATA[]]></system-out>
  <system-err><![CDATA[]]></system-err>
</testsuite>
