<?xml version="1.0" encoding="UTF-8"?>
<testsuite name="org.springframework.beans.factory.xml.NestedBeansElementAttributeRecursionTests" tests="7" skipped="0" failures="0" errors="0" timestamp="2021-05-09T12:40:07" hostname="wangweilidembp" time="0.162">
  <properties/>
  <testcase name="defaultMerge()" classname="org.springframework.beans.factory.xml.NestedBeansElementAttributeRecursionTests" time="0.048"/>
  <testcase name="defaultAutowireCandidatesWithNonValidatingParser()" classname="org.springframework.beans.factory.xml.NestedBeansElementAttributeRecursionTests" time="0.014"/>
  <testcase name="initMethod()" classname="org.springframework.beans.factory.xml.NestedBeansElementAttributeRecursionTests" time="0.028"/>
  <testcase name="defaultMergeWithNonValidatingParser()" classname="org.springframework.beans.factory.xml.NestedBeansElementAttributeRecursionTests" time="0.005"/>
  <testcase name="defaultLazyInit()" classname="org.springframework.beans.factory.xml.NestedBeansElementAttributeRecursionTests" time="0.032"/>
  <testcase name="defaultAutowireCandidates()" classname="org.springframework.beans.factory.xml.NestedBeansElementAttributeRecursionTests" time="0.03"/>
  <testcase name="defaultLazyInitWithNonValidatingParser()" classname="org.springframework.beans.factory.xml.NestedBeansElementAttributeRecursionTests" time="0.002"/>
  <system-out><![CDATA[]]></system-out>
  <system-err><![CDATA[]]></system-err>
</testsuite>
