<?xml version="1.0" encoding="UTF-8"?>
<testsuite name="org.springframework.beans.factory.xml.SimpleConstructorNamespaceHandlerTests" tests="8" skipped="0" failures="0" errors="0" timestamp="2021-05-01T09:25:20" hostname="wangweilideMBP.lan" time="0.196">
  <properties/>
  <testcase name="simpleRef()" classname="org.springframework.beans.factory.xml.SimpleConstructorNamespaceHandlerTests" time="0.042"/>
  <testcase name="simpleValue()" classname="org.springframework.beans.factory.xml.SimpleConstructorNamespaceHandlerTests" time="0.014"/>
  <testcase name="typeIndexedRef()" classname="org.springframework.beans.factory.xml.SimpleConstructorNamespaceHandlerTests" time="0.019"/>
  <testcase name="constructorWithNameEndingInRef()" classname="org.springframework.beans.factory.xml.SimpleConstructorNamespaceHandlerTests" time="0.02"/>
  <testcase name="ambiguousConstructor()" classname="org.springframework.beans.factory.xml.SimpleConstructorNamespaceHandlerTests" time="0.009"/>
  <testcase name="typeIndexedValue()" classname="org.springframework.beans.factory.xml.SimpleConstructorNamespaceHandlerTests" time="0.03"/>
  <testcase name="nameValue()" classname="org.springframework.beans.factory.xml.SimpleConstructorNamespaceHandlerTests" time="0.041"/>
  <testcase name="nameRef()" classname="org.springframework.beans.factory.xml.SimpleConstructorNamespaceHandlerTests" time="0.017"/>
  <system-out><![CDATA[]]></system-out>
  <system-err><![CDATA[]]></system-err>
</testsuite>
