<?xml version="1.0" encoding="UTF-8"?>
<testsuite name="org.springframework.beans.factory.parsing.CustomProblemReporterTests" tests="1" skipped="0" failures="0" errors="0" timestamp="2021-05-01T09:25:26" hostname="wangweilideMBP.lan" time="0.011">
  <properties/>
  <testcase name="testErrorsAreCollated()" classname="org.springframework.beans.factory.parsing.CustomProblemReporterTests" time="0.011"/>
  <system-out><![CDATA[]]></system-out>
  <system-err><![CDATA[]]></system-err>
</testsuite>
