<?xml version="1.0" encoding="UTF-8"?>
<testsuite name="org.springframework.beans.factory.xml.DefaultLifecycleMethodsTests" tests="6" skipped="0" failures="0" errors="0" timestamp="2021-05-09T12:40:10" hostname="wangweilidembp" time="0.084">
  <properties/>
  <testcase name="childWithLifecycleMethodsDisabled()" classname="org.springframework.beans.factory.xml.DefaultLifecycleMethodsTests" time="0.007"/>
  <testcase name="lifecycleMethodsDisabled()" classname="org.springframework.beans.factory.xml.DefaultLifecycleMethodsTests" time="0.005"/>
  <testcase name="overrideDefaultLifecycleMethods()" classname="org.springframework.beans.factory.xml.DefaultLifecycleMethodsTests" time="0.047"/>
  <testcase name="childWithDefaultLifecycleMethods()" classname="org.springframework.beans.factory.xml.DefaultLifecycleMethodsTests" time="0.011"/>
  <testcase name="ignoreDefaultLifecycleMethods()" classname="org.springframework.beans.factory.xml.DefaultLifecycleMethodsTests" time="0.008"/>
  <testcase name="lifecycleMethodsInvoked()" classname="org.springframework.beans.factory.xml.DefaultLifecycleMethodsTests" time="0.004"/>
  <system-out><![CDATA[]]></system-out>
  <system-err><![CDATA[]]></system-err>
</testsuite>
