<?xml version="1.0" encoding="UTF-8"?>
<testsuite name="org.springframework.beans.factory.xml.SchemaValidationTests" tests="3" skipped="0" failures="0" errors="0" timestamp="2021-05-01T09:25:19" hostname="wangweilideMBP.lan" time="0.089">
  <properties/>
  <testcase name="withAutodetection()" classname="org.springframework.beans.factory.xml.SchemaValidationTests" time="0.01"/>
  <testcase name="loadDefinitions()" classname="org.springframework.beans.factory.xml.SchemaValidationTests" time="0.061"/>
  <testcase name="withExplicitValidationMode()" classname="org.springframework.beans.factory.xml.SchemaValidationTests" time="0.017"/>
  <system-out><![CDATA[]]></system-out>
  <system-err><![CDATA[]]></system-err>
</testsuite>
