<?xml version="1.0" encoding="UTF-8"?>
<testsuite name="org.springframework.beans.factory.xml.SimplePropertyNamespaceHandlerTests" tests="4" skipped="0" failures="0" errors="0" timestamp="2021-05-09T12:40:14" hostname="wangweilidembp" time="0.151">
  <properties/>
  <testcase name="simpleBeanConfigured()" classname="org.springframework.beans.factory.xml.SimplePropertyNamespaceHandlerTests" time="0.025"/>
  <testcase name="propertyWithNameEndingInRef()" classname="org.springframework.beans.factory.xml.SimplePropertyNamespaceHandlerTests" time="0.009"/>
  <testcase name="withPropertyDefinedTwice()" classname="org.springframework.beans.factory.xml.SimplePropertyNamespaceHandlerTests" time="0.079"/>
  <testcase name="innerBeanConfigured()" classname="org.springframework.beans.factory.xml.SimplePropertyNamespaceHandlerTests" time="0.027"/>
  <system-out><![CDATA[]]></system-out>
  <system-err><![CDATA[]]></system-err>
</testsuite>
