<?xml version="1.0" encoding="UTF-8"?>
<testsuite name="org.springframework.beans.propertyeditors.BeanInfoTests" tests="1" skipped="0" failures="0" errors="0" timestamp="2021-05-01T09:25:11" hostname="wangweilideMBP.lan" time="0.001">
  <properties/>
  <testcase name="testComplexObject()" classname="org.springframework.beans.propertyeditors.BeanInfoTests" time="0.001"/>
  <system-out><![CDATA[]]></system-out>
  <system-err><![CDATA[]]></system-err>
</testsuite>
