<?xml version="1.0" encoding="UTF-8"?>
<testsuite name="org.springframework.beans.factory.support.PropertiesBeanDefinitionReaderTests" tests="3" skipped="0" failures="0" errors="0" timestamp="2021-04-26T07:39:41" hostname="wangweilideMacBook-Pro.local" time="0.012">
  <properties/>
  <testcase name="withMultipleConstructorsArgs()" classname="org.springframework.beans.factory.support.PropertiesBeanDefinitionReaderTests" time="0.003"/>
  <testcase name="withSimpleConstructorArg()" classname="org.springframework.beans.factory.support.PropertiesBeanDefinitionReaderTests" time="0.003"/>
  <testcase name="withConstructorArgRef()" classname="org.springframework.beans.factory.support.PropertiesBeanDefinitionReaderTests" time="0.004"/>
  <system-out><![CDATA[]]></system-out>
  <system-err><![CDATA[]]></system-err>
</testsuite>
