<?xml version="1.0" encoding="UTF-8"?>
<testsuite name="org.springframework.beans.factory.ListableBeanFactoryExtensionsTests" tests="9" skipped="0" failures="0" errors="0" timestamp="2021-05-01T09:25:34" hostname="wangweilideMBP.lan" time="0.304">
  <properties/>
  <testcase name="findAnnotationOnBean with String and reified type parameters()" classname="org.springframework.beans.factory.ListableBeanFactoryExtensionsTests" time="0.168"/>
  <testcase name="getBeansOfType with reified type parameters and Boolean()" classname="org.springframework.beans.factory.ListableBeanFactoryExtensionsTests" time="0.02"/>
  <testcase name="getBeansOfType with reified type parameters()" classname="org.springframework.beans.factory.ListableBeanFactoryExtensionsTests" time="0.016"/>
  <testcase name="getBeansOfType with reified type parameters, Boolean and Boolean()" classname="org.springframework.beans.factory.ListableBeanFactoryExtensionsTests" time="0.017"/>
  <testcase name="getBeansWithAnnotation with reified type parameters()" classname="org.springframework.beans.factory.ListableBeanFactoryExtensionsTests" time="0.007"/>
  <testcase name="getBeanNamesForAnnotation with reified type parameters()" classname="org.springframework.beans.factory.ListableBeanFactoryExtensionsTests" time="0.006"/>
  <testcase name="getBeanNamesForType with reified type parameters()" classname="org.springframework.beans.factory.ListableBeanFactoryExtensionsTests" time="0.02"/>
  <testcase name="getBeanNamesForType with reified type parameters, Boolean and Boolean()" classname="org.springframework.beans.factory.ListableBeanFactoryExtensionsTests" time="0.021"/>
  <testcase name="getBeanNamesForType with reified type parameters and Boolean()" classname="org.springframework.beans.factory.ListableBeanFactoryExtensionsTests" time="0.018"/>
  <system-out><![CDATA[]]></system-out>
  <system-err><![CDATA[]]></system-err>
</testsuite>
