<?xml version="1.0" encoding="UTF-8"?>
<testsuite name="org.springframework.beans.factory.parsing.PropertyEntryTests" tests="3" skipped="0" failures="0" errors="0" timestamp="2021-05-09T12:40:17" hostname="wangweilidembp" time="0.028">
  <properties/>
  <testcase name="testCtorBailsOnEmptyPropertyNameArgument()" classname="org.springframework.beans.factory.parsing.PropertyEntryTests" time="0.0"/>
  <testcase name="testCtorBailsOnWhitespacedPropertyNameArgument()" classname="org.springframework.beans.factory.parsing.PropertyEntryTests" time="0.0"/>
  <testcase name="testCtorBailsOnNullPropertyNameArgument()" classname="org.springframework.beans.factory.parsing.PropertyEntryTests" time="0.026"/>
  <system-out><![CDATA[]]></system-out>
  <system-err><![CDATA[]]></system-err>
</testsuite>
