<?xml version="1.0" encoding="UTF-8"?>
<testsuite name="org.springframework.beans.factory.annotation.LookupAnnotationTests" tests="7" skipped="0" failures="0" errors="0" timestamp="2021-05-01T09:25:17" hostname="wangweilideMBP.lan" time="0.244">
  <properties/>
  <testcase name="testWithoutConstructorArg()" classname="org.springframework.beans.factory.annotation.LookupAnnotationTests" time="0.233"/>
  <testcase name="testWithOverloadedArg()" classname="org.springframework.beans.factory.annotation.LookupAnnotationTests" time="0.002"/>
  <testcase name="testWithThreeArgsShouldFail()" classname="org.springframework.beans.factory.annotation.LookupAnnotationTests" time="0.002"/>
  <testcase name="testWithEarlyInjection()" classname="org.springframework.beans.factory.annotation.LookupAnnotationTests" time="0.001"/>
  <testcase name="testWithOneConstructorArg()" classname="org.springframework.beans.factory.annotation.LookupAnnotationTests" time="0.002"/>
  <testcase name="testWithNullBean()" classname="org.springframework.beans.factory.annotation.LookupAnnotationTests" time="0.002"/>
  <testcase name="testWithTwoConstructorArg()" classname="org.springframework.beans.factory.annotation.LookupAnnotationTests" time="0.002"/>
  <system-out><![CDATA[]]></system-out>
  <system-err><![CDATA[]]></system-err>
</testsuite>
