<?xml version="1.0" encoding="UTF-8"?>
<testsuite name="org.springframework.beans.factory.xml.SimpleConstructorNamespaceHandlerTests" tests="8" skipped="0" failures="0" errors="0" timestamp="2021-04-26T07:39:37" hostname="wangweilideMacBook-Pro.local" time="0.151">
  <properties/>
  <testcase name="simpleRef()" classname="org.springframework.beans.factory.xml.SimpleConstructorNamespaceHandlerTests" time="0.018"/>
  <testcase name="simpleValue()" classname="org.springframework.beans.factory.xml.SimpleConstructorNamespaceHandlerTests" time="0.014"/>
  <testcase name="typeIndexedRef()" classname="org.springframework.beans.factory.xml.SimpleConstructorNamespaceHandlerTests" time="0.021"/>
  <testcase name="constructorWithNameEndingInRef()" classname="org.springframework.beans.factory.xml.SimpleConstructorNamespaceHandlerTests" time="0.012"/>
  <testcase name="ambiguousConstructor()" classname="org.springframework.beans.factory.xml.SimpleConstructorNamespaceHandlerTests" time="0.021"/>
  <testcase name="typeIndexedValue()" classname="org.springframework.beans.factory.xml.SimpleConstructorNamespaceHandlerTests" time="0.016"/>
  <testcase name="nameValue()" classname="org.springframework.beans.factory.xml.SimpleConstructorNamespaceHandlerTests" time="0.02"/>
  <testcase name="nameRef()" classname="org.springframework.beans.factory.xml.SimpleConstructorNamespaceHandlerTests" time="0.025"/>
  <system-out><![CDATA[]]></system-out>
  <system-err><![CDATA[]]></system-err>
</testsuite>
