<?xml version="1.0" encoding="UTF-8"?>
<testsuite name="org.springframework.beans.propertyeditors.ZoneIdEditorTests" tests="4" skipped="0" failures="0" errors="0" timestamp="2021-05-01T09:25:12" hostname="wangweilideMBP.lan" time="0.029">
  <properties/>
  <testcase name="americaLosAngeles()" classname="org.springframework.beans.propertyeditors.ZoneIdEditorTests" time="0.026"/>
  <testcase name="americaChicago()" classname="org.springframework.beans.propertyeditors.ZoneIdEditorTests" time="0.002"/>
  <testcase name="getNullAsText()" classname="org.springframework.beans.propertyeditors.ZoneIdEditorTests" time="0.0"/>
  <testcase name="getValueAsText()" classname="org.springframework.beans.propertyeditors.ZoneIdEditorTests" time="0.001"/>
  <system-out><![CDATA[]]></system-out>
  <system-err><![CDATA[]]></system-err>
</testsuite>
