<?xml version="1.0" encoding="UTF-8"?>
<testsuite name="org.springframework.beans.factory.xml.MetadataAttachmentTests" tests="3" skipped="0" failures="0" errors="0" timestamp="2021-05-01T09:25:19" hostname="wangweilideMBP.lan" time="0.059">
  <properties/>
  <testcase name="propertyMetadata()" classname="org.springframework.beans.factory.xml.MetadataAttachmentTests" time="0.011"/>
  <testcase name="metadataIsInherited()" classname="org.springframework.beans.factory.xml.MetadataAttachmentTests" time="0.031"/>
  <testcase name="metadataAttachment()" classname="org.springframework.beans.factory.xml.MetadataAttachmentTests" time="0.017"/>
  <system-out><![CDATA[]]></system-out>
  <system-err><![CDATA[]]></system-err>
</testsuite>
