<?xml version="1.0" encoding="UTF-8"?>
<testsuite name="org.springframework.beans.factory.xml.XmlBeanDefinitionReaderTests" tests="10" skipped="0" failures="0" errors="0" timestamp="2021-04-26T07:39:38" hostname="wangweilideMacBook-Pro.local" time="0.088">
  <properties/>
  <testcase name="withOpenInputStream()" classname="org.springframework.beans.factory.xml.XmlBeanDefinitionReaderTests" time="0.003"/>
  <testcase name="dtdValidationAutodetect()" classname="org.springframework.beans.factory.xml.XmlBeanDefinitionReaderTests" time="0.004"/>
  <testcase name="withInputSource()" classname="org.springframework.beans.factory.xml.XmlBeanDefinitionReaderTests" time="0.002"/>
  <testcase name="withOpenInputStreamAndExplicitValidationMode()" classname="org.springframework.beans.factory.xml.XmlBeanDefinitionReaderTests" time="0.007"/>
  <testcase name="xsdValidationAutodetect()" classname="org.springframework.beans.factory.xml.XmlBeanDefinitionReaderTests" time="0.015"/>
  <testcase name="withWildcardImport()" classname="org.springframework.beans.factory.xml.XmlBeanDefinitionReaderTests" time="0.014"/>
  <testcase name="withFreshInputStream()" classname="org.springframework.beans.factory.xml.XmlBeanDefinitionReaderTests" time="0.013"/>
  <testcase name="withInputSourceAndExplicitValidationMode()" classname="org.springframework.beans.factory.xml.XmlBeanDefinitionReaderTests" time="0.005"/>
  <testcase name="setParserClassSunnyDay()" classname="org.springframework.beans.factory.xml.XmlBeanDefinitionReaderTests" time="0.0"/>
  <testcase name="withImport()" classname="org.springframework.beans.factory.xml.XmlBeanDefinitionReaderTests" time="0.011"/>
  <system-out><![CDATA[]]></system-out>
  <system-err><![CDATA[]]></system-err>
</testsuite>
