<?xml version="1.0" encoding="UTF-8"?>
<testsuite name="org.springframework.beans.CachedIntrospectionResultsTests" tests="3" skipped="0" failures="0" errors="0" timestamp="2021-04-26T07:39:26" hostname="wangweilideMacBook-Pro.local" time="0.205">
  <properties/>
  <testcase name="acceptAndClearClassLoader()" classname="org.springframework.beans.CachedIntrospectionResultsTests" time="0.134"/>
  <testcase name="clearClassLoaderForSystemClassLoader()" classname="org.springframework.beans.CachedIntrospectionResultsTests" time="0.037"/>
  <testcase name="shouldUseExtendedBeanInfoWhenApplicable()" classname="org.springframework.beans.CachedIntrospectionResultsTests" time="0.033"/>
  <system-out><![CDATA[]]></system-out>
  <system-err><![CDATA[]]></system-err>
</testsuite>
