<?xml version="1.0" encoding="UTF-8"?>
<testsuite name="org.springframework.beans.factory.annotation.CustomAutowireConfigurerTests" tests="1" skipped="0" failures="0" errors="0" timestamp="2021-05-01T09:25:19" hostname="wangweilideMBP.lan" time="0.027">
  <properties/>
  <testcase name="testCustomResolver()" classname="org.springframework.beans.factory.annotation.CustomAutowireConfigurerTests" time="0.027"/>
  <system-out><![CDATA[]]></system-out>
  <system-err><![CDATA[]]></system-err>
</testsuite>
