<?xml version="1.0" encoding="UTF-8"?>
<testsuite name="org.springframework.beans.factory.xml.DuplicateBeanIdTests" tests="2" skipped="0" failures="0" errors="0" timestamp="2021-05-09T12:40:07" hostname="wangweilidembp" time="0.079">
  <properties/>
  <testcase name="duplicateBeanIdsAcrossNestingLevels()" classname="org.springframework.beans.factory.xml.DuplicateBeanIdTests" time="0.021"/>
  <testcase name="duplicateBeanIdsWithinSameNestingLevelRaisesError()" classname="org.springframework.beans.factory.xml.DuplicateBeanIdTests" time="0.058"/>
  <system-out><![CDATA[]]></system-out>
  <system-err><![CDATA[]]></system-err>
</testsuite>
