<?xml version="1.0" encoding="UTF-8"?>
<testsuite name="org.springframework.beans.factory.parsing.FailFastProblemReporterTests" tests="2" skipped="0" failures="0" errors="0" timestamp="2021-04-26T07:39:41" hostname="wangweilideMacBook-Pro.local" time="0.073">
  <properties/>
  <testcase name="testError()" classname="org.springframework.beans.factory.parsing.FailFastProblemReporterTests" time="0.001"/>
  <testcase name="testWarn()" classname="org.springframework.beans.factory.parsing.FailFastProblemReporterTests" time="0.072"/>
  <system-out><![CDATA[]]></system-out>
  <system-err><![CDATA[]]></system-err>
</testsuite>
