<?xml version="1.0" encoding="UTF-8"?>
<testsuite name="org.springframework.beans.factory.xml.MetadataAttachmentTests" tests="3" skipped="0" failures="0" errors="0" timestamp="2021-05-09T12:40:07" hostname="wangweilidembp" time="0.105">
  <properties/>
  <testcase name="propertyMetadata()" classname="org.springframework.beans.factory.xml.MetadataAttachmentTests" time="0.056"/>
  <testcase name="metadataIsInherited()" classname="org.springframework.beans.factory.xml.MetadataAttachmentTests" time="0.024"/>
  <testcase name="metadataAttachment()" classname="org.springframework.beans.factory.xml.MetadataAttachmentTests" time="0.025"/>
  <system-out><![CDATA[]]></system-out>
  <system-err><![CDATA[]]></system-err>
</testsuite>
