<?xml version="1.0" encoding="UTF-8"?>
<testsuite name="org.springframework.beans.factory.support.LookupMethodTests" tests="6" skipped="0" failures="0" errors="0" timestamp="2021-05-01T09:25:26" hostname="wangweilideMBP.lan" time="0.13">
  <properties/>
  <testcase name="testWithOverriddenLookupMethod()" classname="org.springframework.beans.factory.support.LookupMethodTests" time="0.011"/>
  <testcase name="testWithoutConstructorArg()" classname="org.springframework.beans.factory.support.LookupMethodTests" time="0.057"/>
  <testcase name="testWithOverloadedArg()" classname="org.springframework.beans.factory.support.LookupMethodTests" time="0.006"/>
  <testcase name="testWithThreeArgsShouldFail()" classname="org.springframework.beans.factory.support.LookupMethodTests" time="0.025"/>
  <testcase name="testWithOneConstructorArg()" classname="org.springframework.beans.factory.support.LookupMethodTests" time="0.006"/>
  <testcase name="testWithTwoConstructorArg()" classname="org.springframework.beans.factory.support.LookupMethodTests" time="0.024"/>
  <system-out><![CDATA[]]></system-out>
  <system-err><![CDATA[]]></system-err>
</testsuite>
