<?xml version="1.0" encoding="UTF-8"?>
<testsuite name="org.springframework.beans.propertyeditors.StringArrayPropertyEditorTests" tests="7" skipped="0" failures="0" errors="0" timestamp="2021-04-26T07:39:30" hostname="wangweilideMacBook-Pro.local" time="0.005">
  <properties/>
  <testcase name="trimByDefault()" classname="org.springframework.beans.propertyeditors.StringArrayPropertyEditorTests" time="0.001"/>
  <testcase name="noTrim()" classname="org.springframework.beans.propertyeditors.StringArrayPropertyEditorTests" time="0.0"/>
  <testcase name="withEmptyArrayAsNull()" classname="org.springframework.beans.propertyeditors.StringArrayPropertyEditorTests" time="0.001"/>
  <testcase name="withEmptyArray()" classname="org.springframework.beans.propertyeditors.StringArrayPropertyEditorTests" time="0.001"/>
  <testcase name="withCustomSeparator()" classname="org.springframework.beans.propertyeditors.StringArrayPropertyEditorTests" time="0.0"/>
  <testcase name="withCharsToDelete()" classname="org.springframework.beans.propertyeditors.StringArrayPropertyEditorTests" time="0.0"/>
  <testcase name="withDefaultSeparator()" classname="org.springframework.beans.propertyeditors.StringArrayPropertyEditorTests" time="0.0"/>
  <system-out><![CDATA[]]></system-out>
  <system-err><![CDATA[]]></system-err>
</testsuite>
