<?xml version="1.0" encoding="UTF-8"?>
<testsuite name="org.springframework.beans.propertyeditors.PathEditorTests" tests="8" skipped="0" failures="0" errors="0" timestamp="2021-04-26T07:39:30" hostname="wangweilideMacBook-Pro.local" time="0.021">
  <properties/>
  <testcase name="testUnqualifiedPathNameFound()" classname="org.springframework.beans.propertyeditors.PathEditorTests" time="0.002"/>
  <testcase name="testUnqualifiedPathNameNotFound()" classname="org.springframework.beans.propertyeditors.PathEditorTests" time="0.002"/>
  <testcase name="testAbsolutePath()" classname="org.springframework.beans.propertyeditors.PathEditorTests" time="0.004"/>
  <testcase name="testWithNonExistentResource()" classname="org.springframework.beans.propertyeditors.PathEditorTests" time="0.001"/>
  <testcase name="testWithNonExistentPath()" classname="org.springframework.beans.propertyeditors.PathEditorTests" time="0.0"/>
  <testcase name="testWindowsAbsoluteFilePath()" classname="org.springframework.beans.propertyeditors.PathEditorTests" time="0.001"/>
  <testcase name="testWindowsAbsolutePath()" classname="org.springframework.beans.propertyeditors.PathEditorTests" time="0.005"/>
  <testcase name="testClasspathPathName()" classname="org.springframework.beans.propertyeditors.PathEditorTests" time="0.001"/>
  <system-out><![CDATA[]]></system-out>
  <system-err><![CDATA[]]></system-err>
</testsuite>
