<?xml version="1.0" encoding="UTF-8"?>
<testsuite name="org.springframework.beans.factory.xml.NestedBeansElementAttributeRecursionTests" tests="7" skipped="0" failures="0" errors="0" timestamp="2021-05-01T09:25:19" hostname="wangweilideMBP.lan" time="0.108">
  <properties/>
  <testcase name="defaultMerge()" classname="org.springframework.beans.factory.xml.NestedBeansElementAttributeRecursionTests" time="0.009"/>
  <testcase name="defaultAutowireCandidatesWithNonValidatingParser()" classname="org.springframework.beans.factory.xml.NestedBeansElementAttributeRecursionTests" time="0.003"/>
  <testcase name="initMethod()" classname="org.springframework.beans.factory.xml.NestedBeansElementAttributeRecursionTests" time="0.01"/>
  <testcase name="defaultMergeWithNonValidatingParser()" classname="org.springframework.beans.factory.xml.NestedBeansElementAttributeRecursionTests" time="0.029"/>
  <testcase name="defaultLazyInit()" classname="org.springframework.beans.factory.xml.NestedBeansElementAttributeRecursionTests" time="0.011"/>
  <testcase name="defaultAutowireCandidates()" classname="org.springframework.beans.factory.xml.NestedBeansElementAttributeRecursionTests" time="0.041"/>
  <testcase name="defaultLazyInitWithNonValidatingParser()" classname="org.springframework.beans.factory.xml.NestedBeansElementAttributeRecursionTests" time="0.002"/>
  <system-out><![CDATA[]]></system-out>
  <system-err><![CDATA[]]></system-err>
</testsuite>
