<?xml version="1.0" encoding="UTF-8"?>
<testsuite name="org.springframework.beans.factory.wiring.ClassNameBeanWiringInfoResolverTests" tests="2" skipped="0" failures="0" errors="0" timestamp="2021-05-01T09:25:25" hostname="wangweilideMBP.lan" time="0.001">
  <properties/>
  <testcase name="resolveWiringInfo()" classname="org.springframework.beans.factory.wiring.ClassNameBeanWiringInfoResolverTests" time="0.001"/>
  <testcase name="resolveWiringInfoWithNullBeanInstance()" classname="org.springframework.beans.factory.wiring.ClassNameBeanWiringInfoResolverTests" time="0.0"/>
  <system-out><![CDATA[]]></system-out>
  <system-err><![CDATA[]]></system-err>
</testsuite>
