<?xml version="1.0" encoding="UTF-8"?>
<testsuite name="org.springframework.test.context.testng.transaction.ejb.CommitForRequiresNewEjbTxDaoTestNGTests" tests="3" skipped="0" failures="0" errors="0" timestamp="2021-04-26T07:41:57" hostname="wangweilideMacBook-Pro.local" time="0.017">
  <properties/>
  <testcase name="test1InitialState" classname="org.springframework.test.context.testng.transaction.ejb.CommitForRequiresNewEjbTxDaoTestNGTests" time="0.002"/>
  <testcase name="test2IncrementCount1" classname="org.springframework.test.context.testng.transaction.ejb.CommitForRequiresNewEjbTxDaoTestNGTests" time="0.003"/>
  <testcase name="test3IncrementCount2" classname="org.springframework.test.context.testng.transaction.ejb.CommitForRequiresNewEjbTxDaoTestNGTests" time="0.004"/>
  <system-out><![CDATA[]]></system-out>
  <system-err><![CDATA[]]></system-err>
</testsuite>
