<?xml version="1.0" encoding="UTF-8"?>
<testsuite name="org.springframework.test.context.testng.DirtiesContextTransactionalTestNGSpringContextTests" tests="3" skipped="0" failures="0" errors="0" timestamp="2021-05-09T12:43:08" hostname="wangweilidembp" time="1.448">
  <properties/>
  <testcase name="dirtyContext" classname="org.springframework.test.context.testng.DirtiesContextTransactionalTestNGSpringContextTests" time="0.001"/>
  <testcase name="verifyContextWasDirtied" classname="org.springframework.test.context.testng.DirtiesContextTransactionalTestNGSpringContextTests" time="0.0"/>
  <testcase name="verifyContextWasNotDirtied" classname="org.springframework.test.context.testng.DirtiesContextTransactionalTestNGSpringContextTests" time="0.001"/>
  <system-out><![CDATA[]]></system-out>
  <system-err><![CDATA[]]></system-err>
</testsuite>
