<?xml version="1.0" encoding="UTF-8"?>
<testsuite name="org.springframework.test.context.testng.AnnotationConfigTransactionalTestNGSpringContextTests" tests="2" skipped="0" failures="0" errors="0" timestamp="2021-04-26T07:41:51" hostname="wangweilideMacBook-Pro.local" time="0.01">
  <properties/>
  <testcase name="autowiringFromConfigClass" classname="org.springframework.test.context.testng.AnnotationConfigTransactionalTestNGSpringContextTests" time="0.001"/>
  <testcase name="modifyTestDataWithinTransaction" classname="org.springframework.test.context.testng.AnnotationConfigTransactionalTestNGSpringContextTests" time="0.001"/>
  <system-out><![CDATA[]]></system-out>
  <system-err><![CDATA[]]></system-err>
</testsuite>
