<?xml version="1.0" encoding="UTF-8"?>
<testsuite name="org.springframework.test.context.testng.event.TestNGApplicationEventsIntegrationTests" tests="2" skipped="0" failures="0" errors="0" timestamp="2021-05-01T09:44:14" hostname="wangweilideMBP.lan" time="0.011">
  <properties/>
  <testcase name="test1" classname="org.springframework.test.context.testng.event.TestNGApplicationEventsIntegrationTests" time="0.001"/>
  <testcase name="test2" classname="org.springframework.test.context.testng.event.TestNGApplicationEventsIntegrationTests" time="0.002"/>
  <system-out><![CDATA[]]></system-out>
  <system-err><![CDATA[]]></system-err>
</testsuite>
