<?xml version="1.0" encoding="UTF-8"?>
<testsuite name="org.springframework.test.context.testng.ConcreteTransactionalTestNGSpringContextTests" tests="8" skipped="0" failures="0" errors="0" timestamp="2021-04-26T07:41:51" hostname="wangweilideMacBook-Pro.local" time="0.088">
  <properties/>
  <testcase name="modifyTestDataWithinTransaction" classname="org.springframework.test.context.testng.ConcreteTransactionalTestNGSpringContextTests" time="0.014"/>
  <testcase name="verifyAnnotationAutowiredFields" classname="org.springframework.test.context.testng.ConcreteTransactionalTestNGSpringContextTests" time="0.005"/>
  <testcase name="verifyAnnotationAutowiredMethods" classname="org.springframework.test.context.testng.ConcreteTransactionalTestNGSpringContextTests" time="0.002"/>
  <testcase name="verifyApplicationContextSet" classname="org.springframework.test.context.testng.ConcreteTransactionalTestNGSpringContextTests" time="0.001"/>
  <testcase name="verifyBeanInitialized" classname="org.springframework.test.context.testng.ConcreteTransactionalTestNGSpringContextTests" time="0.0"/>
  <testcase name="verifyBeanNameSet" classname="org.springframework.test.context.testng.ConcreteTransactionalTestNGSpringContextTests" time="0.0"/>
  <testcase name="verifyResourceAnnotationInjectedFields" classname="org.springframework.test.context.testng.ConcreteTransactionalTestNGSpringContextTests" time="0.001"/>
  <testcase name="verifyResourceAnnotationInjectedMethods" classname="org.springframework.test.context.testng.ConcreteTransactionalTestNGSpringContextTests" time="0.001"/>
  <system-out><![CDATA[]]></system-out>
  <system-err><![CDATA[]]></system-err>
</testsuite>
