<?xml version="1.0" encoding="UTF-8"?>
<testsuite name="org.springframework.test.context.testng.web.ServletTestExecutionListenerTestNGIntegrationTests" tests="2" skipped="0" failures="0" errors="0" timestamp="2021-04-26T07:41:52" hostname="wangweilideMacBook-Pro.local" time="0.003">
  <properties/>
  <testcase name="ensureMocksAreReinjectedBetweenTests_1" classname="org.springframework.test.context.testng.web.ServletTestExecutionListenerTestNGIntegrationTests" time="0.0"/>
  <testcase name="ensureMocksAreReinjectedBetweenTests_2" classname="org.springframework.test.context.testng.web.ServletTestExecutionListenerTestNGIntegrationTests" time="0.0"/>
  <system-out><![CDATA[]]></system-out>
  <system-err><![CDATA[]]></system-err>
</testsuite>
