<?xml version="1.0" encoding="UTF-8"?>
<testsuite name="org.springframework.test.web.servlet.samples.standalone.RedirectTests" tests="5" skipped="0" failures="0" errors="0" timestamp="2021-04-26T07:41:02" hostname="wangweilideMacBook-Pro.local" time="0.234">
  <properties/>
  <testcase name="saveSpecial()" classname="org.springframework.test.web.servlet.samples.standalone.RedirectTests" time="0.109"/>
  <testcase name="saveSpecialWithErrors()" classname="org.springframework.test.web.servlet.samples.standalone.RedirectTests" time="0.043"/>
  <testcase name="save()" classname="org.springframework.test.web.servlet.samples.standalone.RedirectTests" time="0.03"/>
  <testcase name="saveWithErrors()" classname="org.springframework.test.web.servlet.samples.standalone.RedirectTests" time="0.026"/>
  <testcase name="getPerson()" classname="org.springframework.test.web.servlet.samples.standalone.RedirectTests" time="0.025"/>
  <system-out><![CDATA[]]></system-out>
  <system-err><![CDATA[]]></system-err>
</testsuite>
