<?xml version="1.0" encoding="UTF-8"?>
<testsuite name="org.springframework.test.context.junit4.rules.Subclass1AppCtxRuleTests" tests="2" skipped="0" failures="0" errors="0" timestamp="2021-05-09T12:42:36" hostname="wangweilidembp" time="0.024">
  <properties/>
  <testcase name="bar" classname="org.springframework.test.context.junit4.rules.Subclass1AppCtxRuleTests" time="0.024"/>
  <testcase name="foo" classname="org.springframework.test.context.junit4.rules.Subclass1AppCtxRuleTests" time="0.0"/>
  <system-out><![CDATA[]]></system-out>
  <system-err><![CDATA[]]></system-err>
</testsuite>
