<?xml version="1.0" encoding="UTF-8"?>
<testsuite name="org.springframework.test.context.web.ServletContextAwareBeanWacTests" tests="1" skipped="0" failures="0" errors="0" timestamp="2021-05-09T12:42:33" hostname="wangweilidembp" time="0.048">
  <properties/>
  <testcase name="ensureServletContextAwareBeanIsProcessedProperlyWhenExecutingJUnitManually" classname="org.springframework.test.context.web.ServletContextAwareBeanWacTests" time="0.048"/>
  <system-out><![CDATA[]]></system-out>
  <system-err><![CDATA[]]></system-err>
</testsuite>
