<?xml version="1.0" encoding="UTF-8"?>
<testsuite name="org.springframework.test.context.junit4.spr9051.TransactionalAnnotatedConfigClassesWithoutAtConfigurationTests" tests="2" skipped="0" failures="0" errors="0" timestamp="2021-05-01T09:43:17" hostname="wangweilideMBP.lan" time="0.05">
  <properties/>
  <testcase name="autowiringFromConfigClass" classname="org.springframework.test.context.junit4.spr9051.TransactionalAnnotatedConfigClassesWithoutAtConfigurationTests" time="0.01"/>
  <testcase name="modifyTestDataWithinTransaction" classname="org.springframework.test.context.junit4.spr9051.TransactionalAnnotatedConfigClassesWithoutAtConfigurationTests" time="0.005"/>
  <system-out><![CDATA[]]></system-out>
  <system-err><![CDATA[]]></system-err>
</testsuite>
