<?xml version="1.0" encoding="UTF-8"?>
<testsuite name="org.springframework.test.context.junit4.rules.BeforeAndAfterTransactionAnnotationSpringRuleTests" tests="3" skipped="0" failures="0" errors="0" timestamp="2021-05-09T12:42:36" hostname="wangweilidembp" time="0.07">
  <properties/>
  <testcase name="transactionalMethod1" classname="org.springframework.test.context.junit4.rules.BeforeAndAfterTransactionAnnotationSpringRuleTests" time="0.063"/>
  <testcase name="transactionalMethod2" classname="org.springframework.test.context.junit4.rules.BeforeAndAfterTransactionAnnotationSpringRuleTests" time="0.004"/>
  <testcase name="nonTransactionalMethod" classname="org.springframework.test.context.junit4.rules.BeforeAndAfterTransactionAnnotationSpringRuleTests" time="0.003"/>
  <system-out><![CDATA[]]></system-out>
  <system-err><![CDATA[]]></system-err>
</testsuite>
