<?xml version="1.0" encoding="UTF-8"?>
<testsuite name="org.springframework.test.web.servlet.samples.client.standalone.MultipartControllerTests" tests="12" skipped="0" failures="0" errors="0" timestamp="2021-04-26T07:41:18" hostname="wangweilideMacBook-Pro.local" time="0.335">
  <properties/>
  <testcase name="multipartRequestWithFileArray()" classname="org.springframework.test.web.servlet.samples.client.standalone.MultipartControllerTests" time="0.09"/>
  <testcase name="multipartRequestWithOptionalFile()" classname="org.springframework.test.web.servlet.samples.client.standalone.MultipartControllerTests" time="0.006"/>
  <testcase name="multipartRequestWithOptionalFileNotPresent()" classname="org.springframework.test.web.servlet.samples.client.standalone.MultipartControllerTests" time="0.004"/>
  <testcase name="multipartRequestWithSingleFileNotPresent()" classname="org.springframework.test.web.servlet.samples.client.standalone.MultipartControllerTests" time="0.002"/>
  <testcase name="multipartRequestWithOptionalFileListNotPresent()" classname="org.springframework.test.web.servlet.samples.client.standalone.MultipartControllerTests" time="0.005"/>
  <testcase name="multipartRequestWithSingleFile()" classname="org.springframework.test.web.servlet.samples.client.standalone.MultipartControllerTests" time="0.006"/>
  <testcase name="multipartRequestWithServletParts()" classname="org.springframework.test.web.servlet.samples.client.standalone.MultipartControllerTests" time="0.004"/>
  <testcase name="multipartRequestWithOptionalFileArray()" classname="org.springframework.test.web.servlet.samples.client.standalone.MultipartControllerTests" time="0.005"/>
  <testcase name="multipartRequestWithFileArrayNoMultipart()" classname="org.springframework.test.web.servlet.samples.client.standalone.MultipartControllerTests" time="0.001"/>
  <testcase name="multipartRequestWrapped()" classname="org.springframework.test.web.servlet.samples.client.standalone.MultipartControllerTests" time="0.017"/>
  <testcase name="multipartRequestWithOptionalFileList()" classname="org.springframework.test.web.servlet.samples.client.standalone.MultipartControllerTests" time="0.006"/>
  <testcase name="multipartRequestWithOptionalFileArrayNotPresent()" classname="org.springframework.test.web.servlet.samples.client.standalone.MultipartControllerTests" time="0.004"/>
  <system-out><![CDATA[]]></system-out>
  <system-err><![CDATA[]]></system-err>
</testsuite>
