<?xml version="1.0" encoding="UTF-8"?>
<testsuite name="org.springframework.test.context.transaction.ejb.CommitForRequiresNewEjbTxDaoTests" tests="3" skipped="0" failures="0" errors="0" timestamp="2021-05-01T09:42:37" hostname="wangweilideMBP.lan" time="0.019">
  <properties/>
  <testcase name="test1InitialState()" classname="org.springframework.test.context.transaction.ejb.CommitForRequiresNewEjbTxDaoTests" time="0.007"/>
  <testcase name="test2IncrementCount1()" classname="org.springframework.test.context.transaction.ejb.CommitForRequiresNewEjbTxDaoTests" time="0.005"/>
  <testcase name="test3IncrementCount2()" classname="org.springframework.test.context.transaction.ejb.CommitForRequiresNewEjbTxDaoTests" time="0.004"/>
  <system-out><![CDATA[]]></system-out>
  <system-err><![CDATA[]]></system-err>
</testsuite>
