<?xml version="1.0" encoding="UTF-8"?>
<testsuite name="org.springframework.test.web.servlet.samples.client.context.XmlConfigTests" tests="2" skipped="0" failures="0" errors="0" timestamp="2021-04-26T07:41:07" hostname="wangweilideMacBook-Pro.local" time="0.008">
  <properties/>
  <testcase name="person()" classname="org.springframework.test.web.servlet.samples.client.context.XmlConfigTests" time="0.005"/>
  <testcase name="tilesDefinitions()" classname="org.springframework.test.web.servlet.samples.client.context.XmlConfigTests" time="0.002"/>
  <system-out><![CDATA[]]></system-out>
  <system-err><![CDATA[]]></system-err>
</testsuite>
