<?xml version="1.0" encoding="UTF-8"?>
<testsuite name="org.springframework.test.web.servlet.htmlunit.webdriver.WebConnectionHtmlUnitDriverTests" tests="3" skipped="0" failures="0" errors="0" timestamp="2021-05-09T12:42:20" hostname="wangweilidembp" time="0.149">
  <properties/>
  <testcase name="setWebConnection()" classname="org.springframework.test.web.servlet.htmlunit.webdriver.WebConnectionHtmlUnitDriverTests" time="0.038"/>
  <testcase name="setWebConnectionToNull()" classname="org.springframework.test.web.servlet.htmlunit.webdriver.WebConnectionHtmlUnitDriverTests" time="0.002"/>
  <testcase name="getWebConnectionDefaultNotNull()" classname="org.springframework.test.web.servlet.htmlunit.webdriver.WebConnectionHtmlUnitDriverTests" time="0.001"/>
  <system-out><![CDATA[]]></system-out>
  <system-err><![CDATA[]]></system-err>
</testsuite>
