<?xml version="1.0" encoding="UTF-8"?>
<testsuite name="org.springframework.test.context.web.BasicAnnotationConfigWacTests" tests="3" skipped="0" failures="0" errors="0" timestamp="2021-05-01T09:43:16" hostname="wangweilideMBP.lan" time="0.004">
  <properties/>
  <testcase name="fooEnigmaAutowired" classname="org.springframework.test.context.web.BasicAnnotationConfigWacTests" time="0.001"/>
  <testcase name="servletContextAwareBeanProcessed" classname="org.springframework.test.context.web.BasicAnnotationConfigWacTests" time="0.001"/>
  <testcase name="basicWacFeatures" classname="org.springframework.test.context.web.BasicAnnotationConfigWacTests" time="0.001"/>
  <system-out><![CDATA[]]></system-out>
  <system-err><![CDATA[]]></system-err>
</testsuite>
