<?xml version="1.0" encoding="UTF-8"?>
<testsuite name="org.springframework.test.web.servlet.samples.client.standalone.SseTests" tests="1" skipped="0" failures="0" errors="0" timestamp="2021-05-01T09:43:01" hostname="wangweilideMBP.lan" time="5.052">
  <properties/>
  <testcase name="sse()" classname="org.springframework.test.web.servlet.samples.client.standalone.SseTests" time="5.052"/>
  <system-out><![CDATA[]]></system-out>
  <system-err><![CDATA[]]></system-err>
</testsuite>
