<?xml version="1.0" encoding="UTF-8"?>
<testsuite name="org.springframework.test.web.servlet.samples.client.standalone.resultmatches.XmlContentAssertionTests" tests="2" skipped="0" failures="0" errors="0" timestamp="2021-05-09T12:42:16" hostname="wangweilidembp" time="0.05">
  <properties/>
  <testcase name="testNodeHamcrestMatcher()" classname="org.springframework.test.web.servlet.samples.client.standalone.resultmatches.XmlContentAssertionTests" time="0.006"/>
  <testcase name="testXmlEqualTo()" classname="org.springframework.test.web.servlet.samples.client.standalone.resultmatches.XmlContentAssertionTests" time="0.031"/>
  <system-out><![CDATA[]]></system-out>
  <system-err><![CDATA[]]></system-err>
</testsuite>
