<?xml version="1.0" encoding="UTF-8"?>
<testsuite name="org.springframework.test.web.client.samples.MockMvcClientHttpRequestFactoryTests" tests="2" skipped="0" failures="0" errors="0" timestamp="2021-05-01T09:43:11" hostname="wangweilideMBP.lan" time="0.015">
  <properties/>
  <testcase name="testAsyncTemplate()" classname="org.springframework.test.web.client.samples.MockMvcClientHttpRequestFactoryTests" time="0.01"/>
  <testcase name="test()" classname="org.springframework.test.web.client.samples.MockMvcClientHttpRequestFactoryTests" time="0.004"/>
  <system-out><![CDATA[]]></system-out>
  <system-err><![CDATA[]]></system-err>
</testsuite>
