<?xml version="1.0" encoding="UTF-8"?>
<testsuite name="org.springframework.mock.http.server.reactive.MockServerHttpRequestTests" tests="7" skipped="0" failures="0" errors="0" timestamp="2021-05-01T09:43:11" hostname="wangweilideMBP.lan" time="0.01">
  <properties/>
  <testcase name="queryParams()" classname="org.springframework.mock.http.server.reactive.MockServerHttpRequestTests" time="0.001"/>
  <testcase name="cookieHeaderSet()" classname="org.springframework.mock.http.server.reactive.MockServerHttpRequestTests" time="0.0"/>
  <testcase name="[1] executable=org.springframework.mock.http.server.reactive.MockServerHttpRequestTests$$Lambda$2601/1076357656@6992137a" classname="org.springframework.mock.http.server.reactive.MockServerHttpRequestTests" time="0.003"/>
  <testcase name="[2] executable=org.springframework.mock.http.server.reactive.MockServerHttpRequestTests$$Lambda$2602/1292933243@4cafaa49" classname="org.springframework.mock.http.server.reactive.MockServerHttpRequestTests" time="0.0"/>
  <testcase name="[3] executable=org.springframework.mock.http.server.reactive.MockServerHttpRequestTests$$Lambda$2603/874683946@3e93b150" classname="org.springframework.mock.http.server.reactive.MockServerHttpRequestTests" time="0.0"/>
  <testcase name="[4] executable=org.springframework.mock.http.server.reactive.MockServerHttpRequestTests$$Lambda$2604/1602278034@5d92ac6b" classname="org.springframework.mock.http.server.reactive.MockServerHttpRequestTests" time="0.0"/>
  <testcase name="[5] executable=org.springframework.mock.http.server.reactive.MockServerHttpRequestTests$$Lambda$2605/545817680@41bd80e9" classname="org.springframework.mock.http.server.reactive.MockServerHttpRequestTests" time="0.0"/>
  <system-out><![CDATA[]]></system-out>
  <system-err><![CDATA[]]></system-err>
</testsuite>
