<?xml version="1.0" encoding="UTF-8"?>
<testsuite name="org.springframework.test.context.support.DynamicPropertiesContextCustomizerTests" tests="7" skipped="0" failures="0" errors="0" timestamp="2021-04-26T07:40:55" hostname="wangweilideMacBook-Pro.local" time="0.053">
  <properties/>
  <testcase name="createWhenNonStaticDynamicPropertiesMethodThrowsException()" classname="org.springframework.test.context.support.DynamicPropertiesContextCustomizerTests" time="0.001"/>
  <testcase name="nullPropertyNameResultsInException()" classname="org.springframework.test.context.support.DynamicPropertiesContextCustomizerTests" time="0.049"/>
  <testcase name="equalsAndHashCode()" classname="org.springframework.test.context.support.DynamicPropertiesContextCustomizerTests" time="0.001"/>
  <testcase name="nullValueSupplierResultsInException()" classname="org.springframework.test.context.support.DynamicPropertiesContextCustomizerTests" time="0.0"/>
  <testcase name="emptyPropertyNameResultsInException()" classname="org.springframework.test.context.support.DynamicPropertiesContextCustomizerTests" time="0.001"/>
  <testcase name="customizeContextAddsPropertySource()" classname="org.springframework.test.context.support.DynamicPropertiesContextCustomizerTests" time="0.001"/>
  <testcase name="createWhenBadDynamicPropertiesSignatureThrowsException()" classname="org.springframework.test.context.support.DynamicPropertiesContextCustomizerTests" time="0.0"/>
  <system-out><![CDATA[]]></system-out>
  <system-err><![CDATA[]]></system-err>
</testsuite>
