<?xml version="1.0" encoding="UTF-8"?>
<testsuite name="org.springframework.test.web.servlet.samples.client.standalone.resultmatches.SessionAttributeAssertionTests" tests="3" skipped="0" failures="0" errors="0" timestamp="2021-05-01T09:43:06" hostname="wangweilideMBP.lan" time="0.021">
  <properties/>
  <testcase name="sessionAttributeEqualTo()" classname="org.springframework.test.web.servlet.samples.client.standalone.resultmatches.SessionAttributeAssertionTests" time="0.002"/>
  <testcase name="sessionAttributeDoesNotExist()" classname="org.springframework.test.web.servlet.samples.client.standalone.resultmatches.SessionAttributeAssertionTests" time="0.002"/>
  <testcase name="sessionAttributeMatcher()" classname="org.springframework.test.web.servlet.samples.client.standalone.resultmatches.SessionAttributeAssertionTests" time="0.002"/>
  <system-out><![CDATA[]]></system-out>
  <system-err><![CDATA[]]></system-err>
</testsuite>
