<?xml version="1.0" encoding="UTF-8"?>
<testsuite name="org.springframework.test.web.servlet.DefaultMvcResultTests" tests="2" skipped="0" failures="0" errors="0" timestamp="2021-04-26T07:41:18" hostname="wangweilideMacBook-Pro.local" time="0.0">
  <properties/>
  <testcase name="getAsyncResultSuccess()" classname="org.springframework.test.web.servlet.DefaultMvcResultTests" time="0.0"/>
  <testcase name="getAsyncResultFailure()" classname="org.springframework.test.web.servlet.DefaultMvcResultTests" time="0.0"/>
  <system-out><![CDATA[]]></system-out>
  <system-err><![CDATA[]]></system-err>
</testsuite>
