<?xml version="1.0" encoding="UTF-8"?>
<testsuite name="findAnnotationDescriptorForTypes() tests" tests="17" skipped="0" failures="0" errors="0" timestamp="2021-05-09T12:41:58" hostname="wangweilidembp" time="0.025">
  <properties/>
  <testcase name="findAnnotationDescriptorForTypesWithLocalAndMetaComponentAnnotation()" classname="org.springframework.test.context.TestContextAnnotationUtilsTests$FindAnnotationDescriptorForTypesTests" time="0.003"/>
  <testcase name="findAnnotationDescriptorForTypesOnMetaMetaAnnotatedClass()" classname="org.springframework.test.context.TestContextAnnotationUtilsTests$FindAnnotationDescriptorForTypesTests" time="0.003"/>
  <testcase name="findAnnotationDescriptorForTypesForInterfaceWithMetaAnnotation()" classname="org.springframework.test.context.TestContextAnnotationUtilsTests$FindAnnotationDescriptorForTypesTests" time="0.0"/>
  <testcase name="findAnnotationDescriptorForTypesWithMetaComponentAnnotation()" classname="org.springframework.test.context.TestContextAnnotationUtilsTests$FindAnnotationDescriptorForTypesTests" time="0.0"/>
  <testcase name="findAnnotationDescriptorForTypesOnMetaCycleAnnotatedClassWithMissingTargetMetaAnnotation()" classname="org.springframework.test.context.TestContextAnnotationUtilsTests$FindAnnotationDescriptorForTypesTests" time="0.004"/>
  <testcase name="findAnnotationDescriptorForTypesWithMetaAnnotationWithDefaultAttributes()" classname="org.springframework.test.context.TestContextAnnotationUtilsTests$FindAnnotationDescriptorForTypesTests" time="0.003"/>
  <testcase name="findAnnotationDescriptorForTypesForNonInheritedAnnotationOnClass()" classname="org.springframework.test.context.TestContextAnnotationUtilsTests$FindAnnotationDescriptorForTypesTests" time="0.0"/>
  <testcase name="findAnnotationDescriptorForTypesOnMetaMetaMetaAnnotatedClass()" classname="org.springframework.test.context.TestContextAnnotationUtilsTests$FindAnnotationDescriptorForTypesTests" time="0.002"/>
  <testcase name="findAnnotationDescriptorForTypesForNonInheritedAnnotationOnInterface()" classname="org.springframework.test.context.TestContextAnnotationUtilsTests$FindAnnotationDescriptorForTypesTests" time="0.0"/>
  <testcase name="findAnnotationDescriptorForTypesForSubClassWithLocalMetaAnnotationAndMetaAnnotatedInterface()" classname="org.springframework.test.context.TestContextAnnotationUtilsTests$FindAnnotationDescriptorForTypesTests" time="0.001"/>
  <testcase name="findAnnotationDescriptorForTypesWithInheritedAnnotationOnClass()" classname="org.springframework.test.context.TestContextAnnotationUtilsTests$FindAnnotationDescriptorForTypesTests" time="0.004"/>
  <testcase name="findAnnotationDescriptorForTypesWithInheritedAnnotationOnInterface()" classname="org.springframework.test.context.TestContextAnnotationUtilsTests$FindAnnotationDescriptorForTypesTests" time="0.001"/>
  <testcase name="findAnnotationDescriptorForTypesOnAnnotatedClassWithMissingTargetMetaAnnotation()" classname="org.springframework.test.context.TestContextAnnotationUtilsTests$FindAnnotationDescriptorForTypesTests" time="0.0"/>
  <testcase name="findAnnotationDescriptorForTypesWithNoAnnotationPresent()" classname="org.springframework.test.context.TestContextAnnotationUtilsTests$FindAnnotationDescriptorForTypesTests" time="0.0"/>
  <testcase name="findAnnotationDescriptorForTypesForClassWithMetaAnnotatedInterface()" classname="org.springframework.test.context.TestContextAnnotationUtilsTests$FindAnnotationDescriptorForTypesTests" time="0.0"/>
  <testcase name="findAnnotationDescriptorForTypesForClassWithLocalMetaAnnotationAndMetaAnnotatedInterface()" classname="org.springframework.test.context.TestContextAnnotationUtilsTests$FindAnnotationDescriptorForTypesTests" time="0.0"/>
  <testcase name="findAnnotationDescriptorForTypesWithMetaAnnotationWithOverriddenAttributes()" classname="org.springframework.test.context.TestContextAnnotationUtilsTests$FindAnnotationDescriptorForTypesTests" time="0.0"/>
  <system-out><![CDATA[]]></system-out>
  <system-err><![CDATA[]]></system-err>
</testsuite>
