<?xml version="1.0" encoding="UTF-8"?>
<testsuite name="org.springframework.test.web.servlet.samples.standalone.resultmatchers.ModelAssertionTests" tests="5" skipped="0" failures="0" errors="0" timestamp="2021-04-26T07:41:03" hostname="wangweilideMacBook-Pro.local" time="0.107">
  <properties/>
  <testcase name="attributeHamcrestMatchers()" classname="org.springframework.test.web.servlet.samples.standalone.resultmatchers.ModelAssertionTests" time="0.025"/>
  <testcase name="attributeExists()" classname="org.springframework.test.web.servlet.samples.standalone.resultmatchers.ModelAssertionTests" time="0.017"/>
  <testcase name="hasNoErrors()" classname="org.springframework.test.web.servlet.samples.standalone.resultmatchers.ModelAssertionTests" time="0.022"/>
  <testcase name="attributeEqualTo()" classname="org.springframework.test.web.servlet.samples.standalone.resultmatchers.ModelAssertionTests" time="0.016"/>
  <testcase name="hasErrors()" classname="org.springframework.test.web.servlet.samples.standalone.resultmatchers.ModelAssertionTests" time="0.025"/>
  <system-out><![CDATA[]]></system-out>
  <system-err><![CDATA[]]></system-err>
</testsuite>
