<?xml version="1.0" encoding="UTF-8"?>
<testsuite name="org.springframework.test.context.junit.jupiter.event.ParallelApplicationEventsIntegrationTests" tests="2" skipped="0" failures="0" errors="0" timestamp="2021-05-01T09:42:46" hostname="wangweilideMBP.lan" time="0.038">
  <properties/>
  <testcase name="[1] testClass=class org.springframework.test.context.junit.jupiter.event.ParallelApplicationEventsIntegrationTests$TestInstancePerMethodTestCase" classname="org.springframework.test.context.junit.jupiter.event.ParallelApplicationEventsIntegrationTests" time="0.022"/>
  <testcase name="[2] testClass=class org.springframework.test.context.junit.jupiter.event.ParallelApplicationEventsIntegrationTests$TestInstancePerClassTestCase" classname="org.springframework.test.context.junit.jupiter.event.ParallelApplicationEventsIntegrationTests" time="0.016"/>
  <system-out><![CDATA[]]></system-out>
  <system-err><![CDATA[]]></system-err>
</testsuite>
