<?xml version="1.0" encoding="UTF-8"?>
<testsuite name="org.springframework.test.web.client.match.MultipartRequestMatchersTests" tests="7" skipped="0" failures="0" errors="0" timestamp="2021-05-09T12:42:24" hostname="wangweilidembp" time="0.065">
  <properties/>
  <testcase name="testResourceNoMatch()" classname="org.springframework.test.web.client.match.MultipartRequestMatchersTests" time="0.049"/>
  <testcase name="testResourceMatch()" classname="org.springframework.test.web.client.match.MultipartRequestMatchersTests" time="0.003"/>
  <testcase name="testDoesNotContain()" classname="org.springframework.test.web.client.match.MultipartRequestMatchersTests" time="0.003"/>
  <testcase name="testContains()" classname="org.springframework.test.web.client.match.MultipartRequestMatchersTests" time="0.002"/>
  <testcase name="testByteArrayNoMatch()" classname="org.springframework.test.web.client.match.MultipartRequestMatchersTests" time="0.003"/>
  <testcase name="testParamsMatch()" classname="org.springframework.test.web.client.match.MultipartRequestMatchersTests" time="0.002"/>
  <testcase name="testByteArrayMatch()" classname="org.springframework.test.web.client.match.MultipartRequestMatchersTests" time="0.002"/>
  <system-out><![CDATA[]]></system-out>
  <system-err><![CDATA[]]></system-err>
</testsuite>
