<?xml version="1.0" encoding="UTF-8"?>
<testsuite name="org.springframework.test.context.ContextHierarchyDirtiesContextTests" tests="4" skipped="0" failures="0" errors="0" timestamp="2021-05-09T12:41:53" hostname="wangweilidembp" time="0.044">
  <properties/>
  <testcase name="classLevelDirtiesContextWithCurrentLevelHierarchyMode()" classname="org.springframework.test.context.ContextHierarchyDirtiesContextTests" time="0.022"/>
  <testcase name="classLevelDirtiesContextWithExhaustiveHierarchyMode()" classname="org.springframework.test.context.ContextHierarchyDirtiesContextTests" time="0.006"/>
  <testcase name="methodLevelDirtiesContextWithCurrentLevelHierarchyMode()" classname="org.springframework.test.context.ContextHierarchyDirtiesContextTests" time="0.009"/>
  <testcase name="methodLevelDirtiesContextWithExhaustiveHierarchyMode()" classname="org.springframework.test.context.ContextHierarchyDirtiesContextTests" time="0.006"/>
  <system-out><![CDATA[]]></system-out>
  <system-err><![CDATA[]]></system-err>
</testsuite>
