<?xml version="1.0" encoding="UTF-8"?>
<testsuite name="org.springframework.test.context.junit.jupiter.DisabledIfConditionTests" tests="7" skipped="0" failures="0" errors="0" timestamp="2021-05-09T12:41:53" hostname="wangweilidembp" time="0.099">
  <properties/>
  <testcase name="disabledWithDefaultReason()" classname="org.springframework.test.context.junit.jupiter.DisabledIfConditionTests" time="0.067"/>
  <testcase name="missingDisabledIf()" classname="org.springframework.test.context.junit.jupiter.DisabledIfConditionTests" time="0.006"/>
  <testcase name="disabledByEmptyExpression()" classname="org.springframework.test.context.junit.jupiter.DisabledIfConditionTests" time="0.007"/>
  <testcase name="notDisabledWithDefaultReason()" classname="org.springframework.test.context.junit.jupiter.DisabledIfConditionTests" time="0.004"/>
  <testcase name="unsupportedStringEvaluationValue()" classname="org.springframework.test.context.junit.jupiter.DisabledIfConditionTests" time="0.004"/>
  <testcase name="invalidExpressionEvaluationType()" classname="org.springframework.test.context.junit.jupiter.DisabledIfConditionTests" time="0.005"/>
  <testcase name="disabledWithCustomReason()" classname="org.springframework.test.context.junit.jupiter.DisabledIfConditionTests" time="0.005"/>
  <system-out><![CDATA[]]></system-out>
  <system-err><![CDATA[]]></system-err>
</testsuite>
