<?xml version="1.0" encoding="UTF-8"?>
<testsuite name="org.springframework.test.web.servlet.samples.client.standalone.resultmatches.ViewNameAssertionTests" tests="2" skipped="0" failures="0" errors="0" timestamp="2021-04-26T07:41:17" hostname="wangweilideMacBook-Pro.local" time="0.016">
  <properties/>
  <testcase name="testHamcrestMatcher()" classname="org.springframework.test.web.servlet.samples.client.standalone.resultmatches.ViewNameAssertionTests" time="0.002"/>
  <testcase name="testEqualTo()" classname="org.springframework.test.web.servlet.samples.client.standalone.resultmatches.ViewNameAssertionTests" time="0.001"/>
  <system-out><![CDATA[]]></system-out>
  <system-err><![CDATA[]]></system-err>
</testsuite>
