<?xml version="1.0" encoding="UTF-8"?>
<testsuite name="org.springframework.test.context.junit.jupiter.parallel.ParallelExecutionSpringExtensionTests" tests="10" skipped="0" failures="0" errors="0" timestamp="2021-05-09T12:41:41" hostname="wangweilidembp" time="10.026">
  <properties/>
  <testcase name="repetition 1 of 10" classname="org.springframework.test.context.junit.jupiter.parallel.ParallelExecutionSpringExtensionTests" time="1.95"/>
  <testcase name="repetition 2 of 10" classname="org.springframework.test.context.junit.jupiter.parallel.ParallelExecutionSpringExtensionTests" time="1.331"/>
  <testcase name="repetition 3 of 10" classname="org.springframework.test.context.junit.jupiter.parallel.ParallelExecutionSpringExtensionTests" time="0.97"/>
  <testcase name="repetition 4 of 10" classname="org.springframework.test.context.junit.jupiter.parallel.ParallelExecutionSpringExtensionTests" time="0.964"/>
  <testcase name="repetition 5 of 10" classname="org.springframework.test.context.junit.jupiter.parallel.ParallelExecutionSpringExtensionTests" time="1.014"/>
  <testcase name="repetition 6 of 10" classname="org.springframework.test.context.junit.jupiter.parallel.ParallelExecutionSpringExtensionTests" time="0.985"/>
  <testcase name="repetition 7 of 10" classname="org.springframework.test.context.junit.jupiter.parallel.ParallelExecutionSpringExtensionTests" time="0.713"/>
  <testcase name="repetition 8 of 10" classname="org.springframework.test.context.junit.jupiter.parallel.ParallelExecutionSpringExtensionTests" time="0.637"/>
  <testcase name="repetition 9 of 10" classname="org.springframework.test.context.junit.jupiter.parallel.ParallelExecutionSpringExtensionTests" time="0.702"/>
  <testcase name="repetition 10 of 10" classname="org.springframework.test.context.junit.jupiter.parallel.ParallelExecutionSpringExtensionTests" time="0.757"/>
  <system-out><![CDATA[]]></system-out>
  <system-err><![CDATA[]]></system-err>
</testsuite>
