<?xml version="1.0" encoding="UTF-8"?>
<testsuite name="with full local path" tests="1" skipped="0" failures="0" errors="0" timestamp="2021-04-26T07:40:55" hostname="wangweilideMacBook-Pro.local" time="0.0">
  <properties/>
  <testcase name="verify properties are available in the Environment" classname="org.springframework.test.context.env.ExplicitPropertiesFileTestPropertySourceTests$FileSystemTests$FullLocalPathTests" time="0.0"/>
  <system-out><![CDATA[]]></system-out>
  <system-err><![CDATA[]]></system-err>
</testsuite>
