<?xml version="1.0" encoding="UTF-8"?>
<testsuite name="org.springframework.test.web.servlet.samples.client.standalone.resultmatches.StatusAssertionTests" tests="3" skipped="0" failures="0" errors="0" timestamp="2021-04-26T07:41:17" hostname="wangweilideMacBook-Pro.local" time="0.05">
  <properties/>
  <testcase name="testStatusInt()" classname="org.springframework.test.web.servlet.samples.client.standalone.resultmatches.StatusAssertionTests" time="0.007"/>
  <testcase name="testHttpStatus()" classname="org.springframework.test.web.servlet.samples.client.standalone.resultmatches.StatusAssertionTests" time="0.002"/>
  <testcase name="testMatcher()" classname="org.springframework.test.web.servlet.samples.client.standalone.resultmatches.StatusAssertionTests" time="0.001"/>
  <system-out><![CDATA[]]></system-out>
  <system-err><![CDATA[]]></system-err>
</testsuite>
