<?xml version="1.0" encoding="UTF-8"?>
<testsuite name="org.springframework.test.context.junit4.nested.NestedTestsWithSpringRulesTests$NestedTestCase" tests="1" skipped="0" failures="0" errors="0" timestamp="2021-05-01T09:43:26" hostname="wangweilideMBP.lan" time="0.007">
  <properties/>
  <testcase name="nestedTest" classname="org.springframework.test.context.junit4.nested.NestedTestsWithSpringRulesTests$NestedTestCase" time="0.007"/>
  <system-out><![CDATA[]]></system-out>
  <system-err><![CDATA[]]></system-err>
</testsuite>
