<?xml version="1.0" encoding="UTF-8"?>
<testsuite name="org.springframework.test.web.servlet.samples.client.standalone.ReactiveReturnTypeTests" tests="1" skipped="0" failures="0" errors="0" timestamp="2021-05-01T09:42:57" hostname="wangweilideMBP.lan" time="3.056">
  <properties/>
  <testcase name="sseWithFlux()" classname="org.springframework.test.web.servlet.samples.client.standalone.ReactiveReturnTypeTests" time="3.056"/>
  <system-out><![CDATA[]]></system-out>
  <system-err><![CDATA[]]></system-err>
</testsuite>
