<?xml version="1.0" encoding="UTF-8"?>
<testsuite name="Web SpringExtension Tests" tests="1" skipped="0" failures="0" errors="0" timestamp="2021-05-09T12:41:51" hostname="wangweilidembp" time="0.003">
  <properties/>
  <testcase name="springMvcTest(WebApplicationContext)" classname="org.springframework.test.context.junit.jupiter.web.WebSpringExtensionTests" time="0.003"/>
  <system-out><![CDATA[]]></system-out>
  <system-err><![CDATA[]]></system-err>
</testsuite>
