<?xml version="1.0" encoding="UTF-8"?>
<testsuite name="org.springframework.test.context.configuration.ContextConfigurationWithPropertiesExtendingPropertiesAndInheritedLoaderTests" tests="2" skipped="0" failures="0" errors="0" timestamp="2021-05-01T09:43:16" hostname="wangweilideMBP.lan" time="0.008">
  <properties/>
  <testcase name="verifyExtendedAnnotationAutowiredFields" classname="org.springframework.test.context.configuration.ContextConfigurationWithPropertiesExtendingPropertiesAndInheritedLoaderTests" time="0.005"/>
  <testcase name="verifyAnnotationAutowiredFields" classname="org.springframework.test.context.configuration.ContextConfigurationWithPropertiesExtendingPropertiesAndInheritedLoaderTests" time="0.002"/>
  <system-out><![CDATA[]]></system-out>
  <system-err><![CDATA[]]></system-err>
</testsuite>
