<?xml version="1.0" encoding="UTF-8"?>
<testsuite name="with ${user.dir} placeholder" tests="1" skipped="0" failures="0" errors="0" timestamp="2021-05-01T09:42:47" hostname="wangweilideMBP.lan" time="0.001">
  <properties/>
  <testcase name="verify properties are available in the Environment" classname="org.springframework.test.context.env.ExplicitPropertiesFileTestPropertySourceTests$FileSystemTests$UserDirPlaceholderTests" time="0.001"/>
  <system-out><![CDATA[]]></system-out>
  <system-err><![CDATA[]]></system-err>
</testsuite>
