<?xml version="1.0" encoding="UTF-8"?>
<testsuite name="org.springframework.test.context.groovy.GroovyControlGroupTests" tests="1" skipped="0" failures="0" errors="0" timestamp="2021-05-01T09:42:49" hostname="wangweilideMBP.lan" time="0.063">
  <properties/>
  <testcase name="verifyScriptUsingGenericGroovyApplicationContext()" classname="org.springframework.test.context.groovy.GroovyControlGroupTests" time="0.063"/>
  <system-out><![CDATA[]]></system-out>
  <system-err><![CDATA[]]></system-err>
</testsuite>
