<?xml version="1.0" encoding="UTF-8"?>
<testsuite name="@DynamicPropertySource integration tests" tests="2" skipped="0" failures="0" errors="0" timestamp="2021-04-26T07:40:37" hostname="wangweilideMacBook-Pro.local" time="0.011">
  <properties/>
  <testcase name="@Service has values injected from @DynamicPropertySource" classname="org.springframework.test.context.DynamicPropertySourceIntegrationTests" time="0.003"/>
  <testcase name="@DynamicPropertySource overrides @TestPropertySource and JVM system property" classname="org.springframework.test.context.DynamicPropertySourceIntegrationTests" time="0.008"/>
  <system-out><![CDATA[]]></system-out>
  <system-err><![CDATA[]]></system-err>
</testsuite>
