<?xml version="1.0" encoding="UTF-8"?>
<testsuite name="org.springframework.test.context.junit4.annotation.ExplicitConfigClassesInheritedTests" tests="2" skipped="0" failures="0" errors="0" timestamp="2021-04-26T07:41:35" hostname="wangweilideMacBook-Pro.local" time="0.003">
  <properties/>
  <testcase name="verifyPetSetFromExtendedContextConfig" classname="org.springframework.test.context.junit4.annotation.ExplicitConfigClassesInheritedTests" time="0.002"/>
  <testcase name="verifyEmployeeSetFromBaseContextConfig" classname="org.springframework.test.context.junit4.annotation.ExplicitConfigClassesInheritedTests" time="0.001"/>
  <system-out><![CDATA[]]></system-out>
  <system-err><![CDATA[]]></system-err>
</testsuite>
