<?xml version="1.0" encoding="UTF-8"?>
<testsuite name="with absolute path with internal relative paths" tests="1" skipped="0" failures="0" errors="0" timestamp="2021-05-01T09:42:47" hostname="wangweilideMBP.lan" time="0.0">
  <properties/>
  <testcase name="verify properties are available in the Environment" classname="org.springframework.test.context.env.ExplicitPropertiesFileTestPropertySourceTests$ClasspathTests$AbsolutePathWithInternalRelativePathTests" time="0.0"/>
  <system-out><![CDATA[]]></system-out>
  <system-err><![CDATA[]]></system-err>
</testsuite>
