<?xml version="1.0" encoding="UTF-8"?>
<testsuite name="org.springframework.test.context.hierarchies.standard.DirtiesContextWithContextHierarchyTests" tests="4" skipped="0" failures="0" errors="0" timestamp="2021-05-01T09:42:40" hostname="wangweilideMBP.lan" time="0.013">
  <properties/>
  <testcase name="verifyOriginalStateAndDirtyContexts()" classname="org.springframework.test.context.hierarchies.standard.DirtiesContextWithContextHierarchyTests" time="0.001"/>
  <testcase name="verifyContextsWereDirtiedAndTriggerExhaustiveCacheClearing()" classname="org.springframework.test.context.hierarchies.standard.DirtiesContextWithContextHierarchyTests" time="0.0"/>
  <testcase name="verifyOriginalStateWasReinstatedAndDirtyContextsAndTriggerCurrentLevelCacheClearing()" classname="org.springframework.test.context.hierarchies.standard.DirtiesContextWithContextHierarchyTests" time="0.001"/>
  <testcase name="verifyParentContextIsStillDirtyButChildContextHasBeenReinstated()" classname="org.springframework.test.context.hierarchies.standard.DirtiesContextWithContextHierarchyTests" time="0.001"/>
  <system-out><![CDATA[]]></system-out>
  <system-err><![CDATA[]]></system-err>
</testsuite>
