<?xml version="1.0" encoding="UTF-8"?>
<testsuite name="org.springframework.test.web.servlet.samples.client.standalone.resultmatches.CookieAssertionTests" tests="9" skipped="0" failures="0" errors="0" timestamp="2021-04-26T07:41:17" hostname="wangweilideMacBook-Pro.local" time="0.204">
  <properties/>
  <testcase name="testEqualTo()" classname="org.springframework.test.web.servlet.samples.client.standalone.resultmatches.CookieAssertionTests" time="0.021"/>
  <testcase name="testPath()" classname="org.springframework.test.web.servlet.samples.client.standalone.resultmatches.CookieAssertionTests" time="0.018"/>
  <testcase name="testMatcher()" classname="org.springframework.test.web.servlet.samples.client.standalone.resultmatches.CookieAssertionTests" time="0.058"/>
  <testcase name="testHttpOnly()" classname="org.springframework.test.web.servlet.samples.client.standalone.resultmatches.CookieAssertionTests" time="0.018"/>
  <testcase name="testDomain()" classname="org.springframework.test.web.servlet.samples.client.standalone.resultmatches.CookieAssertionTests" time="0.017"/>
  <testcase name="testExists()" classname="org.springframework.test.web.servlet.samples.client.standalone.resultmatches.CookieAssertionTests" time="0.021"/>
  <testcase name="testMaxAge()" classname="org.springframework.test.web.servlet.samples.client.standalone.resultmatches.CookieAssertionTests" time="0.018"/>
  <testcase name="testNotExists()" classname="org.springframework.test.web.servlet.samples.client.standalone.resultmatches.CookieAssertionTests" time="0.018"/>
  <testcase name="testSecured()" classname="org.springframework.test.web.servlet.samples.client.standalone.resultmatches.CookieAssertionTests" time="0.014"/>
  <system-out><![CDATA[]]></system-out>
  <system-err><![CDATA[]]></system-err>
</testsuite>
