<?xml version="1.0" encoding="UTF-8"?>
<testsuite name="org.springframework.test.web.client.samples.MockMvcClientHttpRequestFactoryTests" tests="2" skipped="0" failures="0" errors="0" timestamp="2021-04-26T07:41:25" hostname="wangweilideMacBook-Pro.local" time="0.029">
  <properties/>
  <testcase name="testAsyncTemplate()" classname="org.springframework.test.web.client.samples.MockMvcClientHttpRequestFactoryTests" time="0.02"/>
  <testcase name="test()" classname="org.springframework.test.web.client.samples.MockMvcClientHttpRequestFactoryTests" time="0.009"/>
  <system-out><![CDATA[]]></system-out>
  <system-err><![CDATA[]]></system-err>
</testsuite>
