<?xml version="1.0" encoding="UTF-8"?>
<testsuite name="org.springframework.test.web.servlet.samples.context.WebAppResourceTests" tests="3" skipped="0" failures="0" errors="0" timestamp="2021-05-01T09:42:50" hostname="wangweilideMBP.lan" time="0.032">
  <properties/>
  <testcase name="resourcesViaDefaultServlet()" classname="org.springframework.test.web.servlet.samples.context.WebAppResourceTests" time="0.003"/>
  <testcase name="tilesDefinitions()" classname="org.springframework.test.web.servlet.samples.context.WebAppResourceTests" time="0.017"/>
  <testcase name="resourceRequest()" classname="org.springframework.test.web.servlet.samples.context.WebAppResourceTests" time="0.012"/>
  <system-out><![CDATA[]]></system-out>
  <system-err><![CDATA[]]></system-err>
</testsuite>
