<?xml version="1.0" encoding="UTF-8"?>
<testsuite name="org.springframework.test.web.servlet.samples.client.standalone.MultipartControllerTests" tests="12" skipped="0" failures="0" errors="0" timestamp="2021-05-01T09:43:07" hostname="wangweilideMBP.lan" time="0.171">
  <properties/>
  <testcase name="multipartRequestWithFileArray()" classname="org.springframework.test.web.servlet.samples.client.standalone.MultipartControllerTests" time="0.042"/>
  <testcase name="multipartRequestWithOptionalFile()" classname="org.springframework.test.web.servlet.samples.client.standalone.MultipartControllerTests" time="0.003"/>
  <testcase name="multipartRequestWithOptionalFileNotPresent()" classname="org.springframework.test.web.servlet.samples.client.standalone.MultipartControllerTests" time="0.002"/>
  <testcase name="multipartRequestWithSingleFileNotPresent()" classname="org.springframework.test.web.servlet.samples.client.standalone.MultipartControllerTests" time="0.001"/>
  <testcase name="multipartRequestWithOptionalFileListNotPresent()" classname="org.springframework.test.web.servlet.samples.client.standalone.MultipartControllerTests" time="0.002"/>
  <testcase name="multipartRequestWithSingleFile()" classname="org.springframework.test.web.servlet.samples.client.standalone.MultipartControllerTests" time="0.003"/>
  <testcase name="multipartRequestWithServletParts()" classname="org.springframework.test.web.servlet.samples.client.standalone.MultipartControllerTests" time="0.003"/>
  <testcase name="multipartRequestWithOptionalFileArray()" classname="org.springframework.test.web.servlet.samples.client.standalone.MultipartControllerTests" time="0.003"/>
  <testcase name="multipartRequestWithFileArrayNoMultipart()" classname="org.springframework.test.web.servlet.samples.client.standalone.MultipartControllerTests" time="0.0"/>
  <testcase name="multipartRequestWrapped()" classname="org.springframework.test.web.servlet.samples.client.standalone.MultipartControllerTests" time="0.015"/>
  <testcase name="multipartRequestWithOptionalFileList()" classname="org.springframework.test.web.servlet.samples.client.standalone.MultipartControllerTests" time="0.004"/>
  <testcase name="multipartRequestWithOptionalFileArrayNotPresent()" classname="org.springframework.test.web.servlet.samples.client.standalone.MultipartControllerTests" time="0.002"/>
  <system-out><![CDATA[]]></system-out>
  <system-err><![CDATA[]]></system-err>
</testsuite>
