<?xml version="1.0" encoding="UTF-8"?>
<testsuite name="org.springframework.test.context.jdbc.InferredDataSourceTransactionalSqlScriptsTests" tests="2" skipped="0" failures="0" errors="0" timestamp="2021-04-26T07:40:53" hostname="wangweilideMacBook-Pro.local" time="0.007">
  <properties/>
  <testcase name="database1()" classname="org.springframework.test.context.jdbc.InferredDataSourceTransactionalSqlScriptsTests" time="0.003"/>
  <testcase name="database2()" classname="org.springframework.test.context.jdbc.InferredDataSourceTransactionalSqlScriptsTests" time="0.003"/>
  <system-out><![CDATA[]]></system-out>
  <system-err><![CDATA[]]></system-err>
</testsuite>
