<?xml version="1.0" encoding="UTF-8"?>
<testsuite name="org.springframework.test.context.junit.jupiter.SpringExtensionParameterizedTests" tests="5" skipped="0" failures="0" errors="0" timestamp="2021-04-26T07:40:51" hostname="wangweilideMacBook-Pro.local" time="0.038">
  <properties/>
  <testcase name="[1] name=Dilbert" classname="org.springframework.test.context.junit.jupiter.SpringExtensionParameterizedTests" time="0.002"/>
  <testcase name="[2] name=Wally" classname="org.springframework.test.context.junit.jupiter.SpringExtensionParameterizedTests" time="0.0"/>
  <testcase name="[1] beanName=garfield, catName=Garfield" classname="org.springframework.test.context.junit.jupiter.SpringExtensionParameterizedTests" time="0.001"/>
  <testcase name="[2] beanName=catbert, catName=Catbert" classname="org.springframework.test.context.junit.jupiter.SpringExtensionParameterizedTests" time="0.0"/>
  <testcase name="[1] beanName=dogbert, dogName=Dogbert" classname="org.springframework.test.context.junit.jupiter.SpringExtensionParameterizedTests" time="0.001"/>
  <system-out><![CDATA[]]></system-out>
  <system-err><![CDATA[]]></system-err>
</testsuite>
