<?xml version="1.0" encoding="UTF-8"?>
<testsuite name="org.springframework.test.web.servlet.samples.standalone.resultmatchers.ContentAssertionTests" tests="5" skipped="0" failures="0" errors="0" timestamp="2021-04-26T07:41:04" hostname="wangweilideMacBook-Pro.local" time="0.113">
  <properties/>
  <testcase name="testCharacterEncoding()" classname="org.springframework.test.web.servlet.samples.standalone.resultmatchers.ContentAssertionTests" time="0.023"/>
  <testcase name="testContentAsBytes()" classname="org.springframework.test.web.servlet.samples.standalone.resultmatchers.ContentAssertionTests" time="0.02"/>
  <testcase name="testContentType()" classname="org.springframework.test.web.servlet.samples.standalone.resultmatchers.ContentAssertionTests" time="0.021"/>
  <testcase name="testContentStringMatcher()" classname="org.springframework.test.web.servlet.samples.standalone.resultmatchers.ContentAssertionTests" time="0.022"/>
  <testcase name="testContentAsString()" classname="org.springframework.test.web.servlet.samples.standalone.resultmatchers.ContentAssertionTests" time="0.025"/>
  <system-out><![CDATA[]]></system-out>
  <system-err><![CDATA[]]></system-err>
</testsuite>
