<?xml version="1.0" encoding="UTF-8"?>
<testsuite name="org.springframework.test.context.jdbc.InfrastructureProxyTransactionalSqlScriptsTests" tests="1" skipped="0" failures="0" errors="0" timestamp="2021-05-09T12:41:53" hostname="wangweilidembp" time="0.004">
  <properties/>
  <testcase name="methodLevelScripts()" classname="org.springframework.test.context.jdbc.InfrastructureProxyTransactionalSqlScriptsTests" time="0.004"/>
  <system-out><![CDATA[]]></system-out>
  <system-err><![CDATA[]]></system-err>
</testsuite>
