<?xml version="1.0" encoding="UTF-8"?>
<testsuite name="org.springframework.test.web.reactive.server.StatusAssertionTests" tests="10" skipped="0" failures="0" errors="0" timestamp="2021-05-09T12:42:24" hostname="wangweilidembp" time="0.039">
  <properties/>
  <testcase name="isEqualTo()" classname="org.springframework.test.web.reactive.server.StatusAssertionTests" time="0.022"/>
  <testcase name="matchesCustomStatusValue()" classname="org.springframework.test.web.reactive.server.StatusAssertionTests" time="0.001"/>
  <testcase name="reasonEquals()" classname="org.springframework.test.web.reactive.server.StatusAssertionTests" time="0.002"/>
  <testcase name="statusSeries1xx()" classname="org.springframework.test.web.reactive.server.StatusAssertionTests" time="0.002"/>
  <testcase name="statusSeries2xx()" classname="org.springframework.test.web.reactive.server.StatusAssertionTests" time="0.001"/>
  <testcase name="statusSeries3xx()" classname="org.springframework.test.web.reactive.server.StatusAssertionTests" time="0.001"/>
  <testcase name="statusSeries4xx()" classname="org.springframework.test.web.reactive.server.StatusAssertionTests" time="0.001"/>
  <testcase name="statusSeries5xx()" classname="org.springframework.test.web.reactive.server.StatusAssertionTests" time="0.002"/>
  <testcase name="matchesStatusValue()" classname="org.springframework.test.web.reactive.server.StatusAssertionTests" time="0.005"/>
  <testcase name="isEqualToWithCustomStatus()" classname="org.springframework.test.web.reactive.server.StatusAssertionTests" time="0.001"/>
  <system-out><![CDATA[20:42:24.531 [Test worker] ERROR o.s.t.w.r.s.ExchangeResult - Request details for assertion failure:

> GET /
> 

No content

< 409 CONFLICT Conflict
< 

No content

20:42:24.532 [Test worker] ERROR o.s.t.w.r.s.ExchangeResult - Request details for assertion failure:

> GET /
> 

No content

< 409 CONFLICT Conflict
< 

No content

20:42:24.535 [Test worker] ERROR o.s.t.w.r.s.ExchangeResult - Request details for assertion failure:

> GET /
> 

No content

< 409 CONFLICT Conflict
< 

No content

20:42:24.537 [Test worker] ERROR o.s.t.w.r.s.ExchangeResult - Request details for assertion failure:

> GET /
> 

No content

< 100 CONTINUE Continue
< 

No content

20:42:24.539 [Test worker] ERROR o.s.t.w.r.s.ExchangeResult - Request details for assertion failure:

> GET /
> 

No content

< 200 OK OK
< 

No content

20:42:24.540 [Test worker] ERROR o.s.t.w.r.s.ExchangeResult - Request details for assertion failure:

> GET /
> 

No content

< 308 PERMANENT_REDIRECT Permanent Redirect
< 

No content

20:42:24.542 [Test worker] ERROR o.s.t.w.r.s.ExchangeResult - Request details for assertion failure:

> GET /
> 

No content

< 400 BAD_REQUEST Bad Request
< 

No content

20:42:24.543 [Test worker] ERROR o.s.t.w.r.s.ExchangeResult - Request details for assertion failure:

> GET /
> 

No content

< 500 INTERNAL_SERVER_ERROR Internal Server Error
< 

No content

20:42:24.548 [Test worker] ERROR o.s.t.w.r.s.ExchangeResult - Request details for assertion failure:

> GET /
> 

No content

< 409 CONFLICT Conflict
< 

No content

]]></system-out>
  <system-err><![CDATA[]]></system-err>
</testsuite>
