<?xml version="1.0" encoding="UTF-8"?>
<testsuite name="org.springframework.test.context.jdbc.MergedSqlConfigTests$NestedMergedSqlConfigTests" tests="5" skipped="0" failures="0" errors="0" timestamp="2021-05-01T09:42:47" hostname="wangweilideMBP.lan" time="0.007">
  <properties/>
  <testcase name="globalConfig()" classname="org.springframework.test.context.jdbc.MergedSqlConfigTests$NestedMergedSqlConfigTests" time="0.002"/>
  <testcase name="globalConfigWithCommentPrefixAndLocalOverrides()" classname="org.springframework.test.context.jdbc.MergedSqlConfigTests$NestedMergedSqlConfigTests" time="0.001"/>
  <testcase name="globalConfigWithDefaults()" classname="org.springframework.test.context.jdbc.MergedSqlConfigTests$NestedMergedSqlConfigTests" time="0.001"/>
  <testcase name="globalConfigWithLocalOverrides()" classname="org.springframework.test.context.jdbc.MergedSqlConfigTests$NestedMergedSqlConfigTests" time="0.001"/>
  <testcase name="globalConfigWithCommentPrefixesAndLocalOverrides()" classname="org.springframework.test.context.jdbc.MergedSqlConfigTests$NestedMergedSqlConfigTests" time="0.001"/>
  <system-out><![CDATA[]]></system-out>
  <system-err><![CDATA[]]></system-err>
</testsuite>
