<?xml version="1.0" encoding="UTF-8"?>
<testsuite name="org.springframework.test.web.client.samples.matchers.XmlContentRequestMatchersIntegrationTests" tests="2" skipped="0" failures="0" errors="0" timestamp="2021-05-09T12:42:25" hostname="wangweilidembp" time="0.07">
  <properties/>
  <testcase name="testHamcrestNodeMatcher()" classname="org.springframework.test.web.client.samples.matchers.XmlContentRequestMatchersIntegrationTests" time="0.015"/>
  <testcase name="testXmlEqualTo()" classname="org.springframework.test.web.client.samples.matchers.XmlContentRequestMatchersIntegrationTests" time="0.055"/>
  <system-out><![CDATA[]]></system-out>
  <system-err><![CDATA[]]></system-err>
</testsuite>
