<?xml version="1.0" encoding="UTF-8"?>
<testsuite name="org.springframework.test.context.jdbc.DataSourceOnlySqlScriptsTests" tests="2" skipped="0" failures="0" errors="0" timestamp="2021-04-26T07:40:54" hostname="wangweilideMacBook-Pro.local" time="0.007">
  <properties/>
  <testcase name="classLevelScripts()" classname="org.springframework.test.context.jdbc.DataSourceOnlySqlScriptsTests" time="0.003"/>
  <testcase name="methodLevelScripts()" classname="org.springframework.test.context.jdbc.DataSourceOnlySqlScriptsTests" time="0.003"/>
  <system-out><![CDATA[]]></system-out>
  <system-err><![CDATA[]]></system-err>
</testsuite>
