<?xml version="1.0" encoding="UTF-8"?>
<testsuite name="org.springframework.test.web.servlet.samples.client.standalone.resultmatches.XpathAssertionTests" tests="7" skipped="0" failures="0" errors="0" timestamp="2021-04-26T07:41:16" hostname="wangweilideMacBook-Pro.local" time="0.249">
  <properties/>
  <testcase name="testFeedWithLinefeedChars()" classname="org.springframework.test.web.servlet.samples.client.standalone.resultmatches.XpathAssertionTests" time="0.047"/>
  <testcase name="testBoolean()" classname="org.springframework.test.web.servlet.samples.client.standalone.resultmatches.XpathAssertionTests" time="0.015"/>
  <testcase name="testDoesNotExist()" classname="org.springframework.test.web.servlet.samples.client.standalone.resultmatches.XpathAssertionTests" time="0.014"/>
  <testcase name="testNodeCount()" classname="org.springframework.test.web.servlet.samples.client.standalone.resultmatches.XpathAssertionTests" time="0.017"/>
  <testcase name="testExists()" classname="org.springframework.test.web.servlet.samples.client.standalone.resultmatches.XpathAssertionTests" time="0.025"/>
  <testcase name="testNumber()" classname="org.springframework.test.web.servlet.samples.client.standalone.resultmatches.XpathAssertionTests" time="0.017"/>
  <testcase name="testString()" classname="org.springframework.test.web.servlet.samples.client.standalone.resultmatches.XpathAssertionTests" time="0.021"/>
  <system-out><![CDATA[]]></system-out>
  <system-err><![CDATA[]]></system-err>
</testsuite>
