<?xml version="1.0" encoding="UTF-8"?>
<testsuite name="org.springframework.test.context.web.BasicXmlWacTests" tests="2" skipped="0" failures="0" errors="0" timestamp="2021-05-09T12:42:33" hostname="wangweilidembp" time="0.007">
  <properties/>
  <testcase name="fooBarAutowired" classname="org.springframework.test.context.web.BasicXmlWacTests" time="0.003"/>
  <testcase name="basicWacFeatures" classname="org.springframework.test.context.web.BasicXmlWacTests" time="0.002"/>
  <system-out><![CDATA[]]></system-out>
  <system-err><![CDATA[]]></system-err>
</testsuite>
