<?xml version="1.0" encoding="UTF-8"?>
<testsuite name="org.springframework.test.context.junit4.RepeatedSpringRunnerTests" tests="6" skipped="0" failures="0" errors="0" timestamp="2021-04-26T07:41:34" hostname="wangweilideMacBook-Pro.local" time="0.293">
  <properties/>
  <testcase name="assertRepetitions[NonAnnotatedRepeatedTestCase]" classname="org.springframework.test.context.junit4.RepeatedSpringRunnerTests" time="0.007"/>
  <testcase name="assertRepetitions[DefaultRepeatValueRepeatedTestCase]" classname="org.springframework.test.context.junit4.RepeatedSpringRunnerTests" time="0.004"/>
  <testcase name="assertRepetitions[NegativeRepeatValueRepeatedTestCase]" classname="org.springframework.test.context.junit4.RepeatedSpringRunnerTests" time="0.005"/>
  <testcase name="assertRepetitions[RepeatedFiveTimesRepeatedTestCase]" classname="org.springframework.test.context.junit4.RepeatedSpringRunnerTests" time="0.005"/>
  <testcase name="assertRepetitions[RepeatedFiveTimesViaMetaAnnotationRepeatedTestCase]" classname="org.springframework.test.context.junit4.RepeatedSpringRunnerTests" time="0.013"/>
  <testcase name="assertRepetitions[TimedRepeatedTestCase]" classname="org.springframework.test.context.junit4.RepeatedSpringRunnerTests" time="0.255"/>
  <system-out><![CDATA[]]></system-out>
  <system-err><![CDATA[]]></system-err>
</testsuite>
