<?xml version="1.0" encoding="UTF-8"?>
<testsuite name="org.springframework.test.context.junit.jupiter.TestConstructorIntegrationTests" tests="3" skipped="0" failures="0" errors="0" timestamp="2021-04-26T07:40:52" hostname="wangweilideMacBook-Pro.local" time="0.024">
  <properties/>
  <testcase name="autowireModeNotSetToAll()" classname="org.springframework.test.context.junit.jupiter.TestConstructorIntegrationTests" time="0.008"/>
  <testcase name="autowireModeSetToAllViaSpringProperties()" classname="org.springframework.test.context.junit.jupiter.TestConstructorIntegrationTests" time="0.011"/>
  <testcase name="autowireModeSetToAllViaJUnitPlatformConfigurationParameter()" classname="org.springframework.test.context.junit.jupiter.TestConstructorIntegrationTests" time="0.004"/>
  <system-out><![CDATA[]]></system-out>
  <system-err><![CDATA[]]></system-err>
</testsuite>
