<?xml version="1.0" encoding="UTF-8"?>
<testsuite name="org.springframework.test.context.cache.ContextCacheUtilsTests" tests="7" skipped="0" failures="0" errors="0" timestamp="2021-04-26T07:40:40" hostname="wangweilideMacBook-Pro.local" time="0.007">
  <properties/>
  <testcase name="retrieveMaxCacheSizeFromSystemPropertyContainingWhitespace()" classname="org.springframework.test.context.cache.ContextCacheUtilsTests" time="0.001"/>
  <testcase name="retrieveMaxCacheSizeFromBogusSpringProperty()" classname="org.springframework.test.context.cache.ContextCacheUtilsTests" time="0.001"/>
  <testcase name="retrieveMaxCacheSizeFromSystemProperty()" classname="org.springframework.test.context.cache.ContextCacheUtilsTests" time="0.001"/>
  <testcase name="retrieveMaxCacheSizeFromDefault()" classname="org.springframework.test.context.cache.ContextCacheUtilsTests" time="0.001"/>
  <testcase name="retrieveMaxCacheSizeFromSpringProperty()" classname="org.springframework.test.context.cache.ContextCacheUtilsTests" time="0.0"/>
  <testcase name="retrieveMaxCacheSizeFromBogusSystemProperty()" classname="org.springframework.test.context.cache.ContextCacheUtilsTests" time="0.001"/>
  <testcase name="retrieveMaxCacheSizeFromDecimalSpringProperty()" classname="org.springframework.test.context.cache.ContextCacheUtilsTests" time="0.0"/>
  <system-out><![CDATA[]]></system-out>
  <system-err><![CDATA[]]></system-err>
</testsuite>
