<?xml version="1.0" encoding="UTF-8"?>
<testsuite name="org.springframework.test.context.junit.jupiter.generics.CatTests" tests="2" skipped="0" failures="0" errors="0" timestamp="2021-05-01T09:42:40" hostname="wangweilideMBP.lan" time="0.007">
  <properties/>
  <testcase name="autowiredParameterByTypeForSingleGenericBean(Character)" classname="org.springframework.test.context.junit.jupiter.generics.CatTests" time="0.004"/>
  <testcase name="autowiredFields()" classname="org.springframework.test.context.junit.jupiter.generics.CatTests" time="0.002"/>
  <system-out><![CDATA[]]></system-out>
  <system-err><![CDATA[]]></system-err>
</testsuite>
