<?xml version="1.0" encoding="UTF-8"?>
<testsuite name="org.springframework.test.context.junit4.event.JUnit4ApplicationEventsIntegrationTests" tests="2" skipped="0" failures="0" errors="0" timestamp="2021-04-26T07:41:43" hostname="wangweilideMacBook-Pro.local" time="0.005">
  <properties/>
  <testcase name="test1" classname="org.springframework.test.context.junit4.event.JUnit4ApplicationEventsIntegrationTests" time="0.003"/>
  <testcase name="test2" classname="org.springframework.test.context.junit4.event.JUnit4ApplicationEventsIntegrationTests" time="0.001"/>
  <system-out><![CDATA[]]></system-out>
  <system-err><![CDATA[]]></system-err>
</testsuite>
