<?xml version="1.0" encoding="UTF-8"?>
<testsuite name="org.springframework.test.web.servlet.samples.standalone.FilterTests" tests="7" skipped="0" failures="0" errors="0" timestamp="2021-05-01T09:42:55" hostname="wangweilideMBP.lan" time="0.096">
  <properties/>
  <testcase name="filtersProcessRequest()" classname="org.springframework.test.web.servlet.samples.standalone.FilterTests" time="0.012"/>
  <testcase name="filterMappedBySuffix()" classname="org.springframework.test.web.servlet.samples.standalone.FilterTests" time="0.013"/>
  <testcase name="whenFiltersCompleteMvcProcessesRequest()" classname="org.springframework.test.web.servlet.samples.standalone.FilterTests" time="0.017"/>
  <testcase name="filterWrapsRequestResponseAndPerformsAsyncDispatch()" classname="org.springframework.test.web.servlet.samples.standalone.FilterTests" time="0.018"/>
  <testcase name="filterWrapsRequestResponse()" classname="org.springframework.test.web.servlet.samples.standalone.FilterTests" time="0.011"/>
  <testcase name="filterWithExactMapping()" classname="org.springframework.test.web.servlet.samples.standalone.FilterTests" time="0.01"/>
  <testcase name="filterSkipped()" classname="org.springframework.test.web.servlet.samples.standalone.FilterTests" time="0.013"/>
  <system-out><![CDATA[]]></system-out>
  <system-err><![CDATA[]]></system-err>
</testsuite>
