<?xml version="1.0" encoding="UTF-8"?>
<testsuite name="org.springframework.test.context.junit.jupiter.transaction.TimedTransactionalSpringExtensionTests" tests="1" skipped="0" failures="0" errors="0" timestamp="2021-04-26T07:40:41" hostname="wangweilideMacBook-Pro.local" time="0.197">
  <properties/>
  <testcase name="springTransactionsWorkWithJUnitJupiterTimeouts()" classname="org.springframework.test.context.junit.jupiter.transaction.TimedTransactionalSpringExtensionTests" time="0.197"/>
  <system-out><![CDATA[]]></system-out>
  <system-err><![CDATA[]]></system-err>
</testsuite>
