<?xml version="1.0" encoding="UTF-8"?>
<testsuite name="org.springframework.test.web.servlet.samples.client.standalone.resultmatches.RequestAttributeAssertionTests" tests="2" skipped="0" failures="0" errors="0" timestamp="2021-05-01T09:43:06" hostname="wangweilideMBP.lan" time="0.017">
  <properties/>
  <testcase name="requestAttributeMatcher()" classname="org.springframework.test.web.servlet.samples.client.standalone.resultmatches.RequestAttributeAssertionTests" time="0.002"/>
  <testcase name="requestAttributeEqualTo()" classname="org.springframework.test.web.servlet.samples.client.standalone.resultmatches.RequestAttributeAssertionTests" time="0.001"/>
  <system-out><![CDATA[]]></system-out>
  <system-err><![CDATA[]]></system-err>
</testsuite>
