<?xml version="1.0" encoding="UTF-8"?>
<testsuite name="org.springframework.test.web.client.samples.matchers.HeaderRequestMatchersIntegrationTests" tests="2" skipped="0" failures="0" errors="0" timestamp="2021-04-26T07:41:26" hostname="wangweilideMacBook-Pro.local" time="0.024">
  <properties/>
  <testcase name="testStringContains()" classname="org.springframework.test.web.client.samples.matchers.HeaderRequestMatchersIntegrationTests" time="0.011"/>
  <testcase name="testString()" classname="org.springframework.test.web.client.samples.matchers.HeaderRequestMatchersIntegrationTests" time="0.013"/>
  <system-out><![CDATA[]]></system-out>
  <system-err><![CDATA[]]></system-err>
</testsuite>
