<?xml version="1.0" encoding="UTF-8"?>
<testsuite name="org.springframework.test.web.servlet.htmlunit.webdriver.WebConnectionHtmlUnitDriverTests" tests="3" skipped="0" failures="0" errors="0" timestamp="2021-05-01T09:43:08" hostname="wangweilideMBP.lan" time="0.08">
  <properties/>
  <testcase name="setWebConnection()" classname="org.springframework.test.web.servlet.htmlunit.webdriver.WebConnectionHtmlUnitDriverTests" time="0.022"/>
  <testcase name="setWebConnectionToNull()" classname="org.springframework.test.web.servlet.htmlunit.webdriver.WebConnectionHtmlUnitDriverTests" time="0.001"/>
  <testcase name="getWebConnectionDefaultNotNull()" classname="org.springframework.test.web.servlet.htmlunit.webdriver.WebConnectionHtmlUnitDriverTests" time="0.0"/>
  <system-out><![CDATA[]]></system-out>
  <system-err><![CDATA[]]></system-err>
</testsuite>
