<?xml version="1.0" encoding="UTF-8"?>
<testsuite name="org.springframework.test.context.junit.jupiter.nested.SqlScriptNestedTests$NestedTests" tests="1" skipped="0" failures="0" errors="0" timestamp="2021-05-01T09:42:46" hostname="wangweilideMBP.lan" time="0.002">
  <properties/>
  <testcase name="nestedSqlScripts()" classname="org.springframework.test.context.junit.jupiter.nested.SqlScriptNestedTests$NestedTests" time="0.002"/>
  <system-out><![CDATA[]]></system-out>
  <system-err><![CDATA[]]></system-err>
</testsuite>
