<?xml version="1.0" encoding="UTF-8"?>
<testsuite name="org.springframework.test.context.junit.jupiter.DisabledIfAndDirtiesContextTests" tests="2" skipped="0" failures="0" errors="0" timestamp="2021-04-26T07:40:52" hostname="wangweilideMacBook-Pro.local" time="0.016">
  <properties/>
  <testcase name="contextShouldBeClosedForDisabledTestClass()" classname="org.springframework.test.context.junit.jupiter.DisabledIfAndDirtiesContextTests" time="0.009"/>
  <testcase name="contextShouldBeClosedForEnabledTestClass()" classname="org.springframework.test.context.junit.jupiter.DisabledIfAndDirtiesContextTests" time="0.007"/>
  <system-out><![CDATA[]]></system-out>
  <system-err><![CDATA[]]></system-err>
</testsuite>
