<?xml version="1.0" encoding="UTF-8"?>
<testsuite name="org.springframework.mock.http.server.reactive.MockServerHttpRequestTests" tests="7" skipped="0" failures="0" errors="0" timestamp="2021-05-09T12:42:26" hostname="wangweilidembp" time="0.021">
  <properties/>
  <testcase name="queryParams()" classname="org.springframework.mock.http.server.reactive.MockServerHttpRequestTests" time="0.001"/>
  <testcase name="cookieHeaderSet()" classname="org.springframework.mock.http.server.reactive.MockServerHttpRequestTests" time="0.001"/>
  <testcase name="[1] executable=org.springframework.mock.http.server.reactive.MockServerHttpRequestTests$$Lambda$2758/0x0000000801641440@5543499d" classname="org.springframework.mock.http.server.reactive.MockServerHttpRequestTests" time="0.006"/>
  <testcase name="[2] executable=org.springframework.mock.http.server.reactive.MockServerHttpRequestTests$$Lambda$2759/0x0000000801641840@42aa2e72" classname="org.springframework.mock.http.server.reactive.MockServerHttpRequestTests" time="0.001"/>
  <testcase name="[3] executable=org.springframework.mock.http.server.reactive.MockServerHttpRequestTests$$Lambda$2760/0x0000000801641c40@de90c26" classname="org.springframework.mock.http.server.reactive.MockServerHttpRequestTests" time="0.001"/>
  <testcase name="[4] executable=org.springframework.mock.http.server.reactive.MockServerHttpRequestTests$$Lambda$2761/0x0000000801642040@3faa2a48" classname="org.springframework.mock.http.server.reactive.MockServerHttpRequestTests" time="0.001"/>
  <testcase name="[5] executable=org.springframework.mock.http.server.reactive.MockServerHttpRequestTests$$Lambda$2762/0x0000000801642440@2db4ffaf" classname="org.springframework.mock.http.server.reactive.MockServerHttpRequestTests" time="0.001"/>
  <system-out><![CDATA[]]></system-out>
  <system-err><![CDATA[]]></system-err>
</testsuite>
