<?xml version="1.0" encoding="UTF-8"?>
<testsuite name="org.springframework.test.context.junit4.rules.BasicAnnotationConfigWacSpringRuleTests" tests="3" skipped="0" failures="0" errors="0" timestamp="2021-05-01T09:43:18" hostname="wangweilideMBP.lan" time="0.007">
  <properties/>
  <testcase name="fooEnigmaAutowired" classname="org.springframework.test.context.junit4.rules.BasicAnnotationConfigWacSpringRuleTests" time="0.006"/>
  <testcase name="servletContextAwareBeanProcessed" classname="org.springframework.test.context.junit4.rules.BasicAnnotationConfigWacSpringRuleTests" time="0.001"/>
  <testcase name="basicWacFeatures" classname="org.springframework.test.context.junit4.rules.BasicAnnotationConfigWacSpringRuleTests" time="0.0"/>
  <system-out><![CDATA[]]></system-out>
  <system-err><![CDATA[]]></system-err>
</testsuite>
