<?xml version="1.0" encoding="UTF-8"?>
<testsuite name="org.springframework.test.web.servlet.samples.client.standalone.FilterTests" tests="7" skipped="0" failures="0" errors="0" timestamp="2021-04-26T07:41:16" hostname="wangweilideMacBook-Pro.local" time="0.108">
  <properties/>
  <testcase name="filtersProcessRequest()" classname="org.springframework.test.web.servlet.samples.client.standalone.FilterTests" time="0.015"/>
  <testcase name="filterMappedBySuffix()" classname="org.springframework.test.web.servlet.samples.client.standalone.FilterTests" time="0.015"/>
  <testcase name="whenFiltersCompleteMvcProcessesRequest()" classname="org.springframework.test.web.servlet.samples.client.standalone.FilterTests" time="0.017"/>
  <testcase name="filterWrapsRequestResponseAndPerformsAsyncDispatch()" classname="org.springframework.test.web.servlet.samples.client.standalone.FilterTests" time="0.019"/>
  <testcase name="filterWrapsRequestResponse()" classname="org.springframework.test.web.servlet.samples.client.standalone.FilterTests" time="0.015"/>
  <testcase name="filterWithExactMapping()" classname="org.springframework.test.web.servlet.samples.client.standalone.FilterTests" time="0.012"/>
  <testcase name="filterSkipped()" classname="org.springframework.test.web.servlet.samples.client.standalone.FilterTests" time="0.015"/>
  <system-out><![CDATA[]]></system-out>
  <system-err><![CDATA[]]></system-err>
</testsuite>
