<?xml version="1.0" encoding="UTF-8"?>
<testsuite name="searchEnclosingClass() tests" tests="2" skipped="0" failures="0" errors="0" timestamp="2021-05-09T12:41:58" hostname="wangweilidembp" time="0.002">
  <properties/>
  <testcase name="standardDefaultMode()" classname="org.springframework.test.context.TestContextAnnotationUtilsTests$SearchEnclosingClassTests" time="0.002"/>
  <testcase name="overriddenDefaultMode()" classname="org.springframework.test.context.TestContextAnnotationUtilsTests$SearchEnclosingClassTests" time="0.0"/>
  <system-out><![CDATA[]]></system-out>
  <system-err><![CDATA[]]></system-err>
</testsuite>
