<?xml version="1.0" encoding="UTF-8"?>
<testsuite name="org.springframework.test.web.servlet.samples.standalone.resultmatchers.UrlAssertionTests" tests="4" skipped="0" failures="0" errors="0" timestamp="2021-05-01T09:42:55" hostname="wangweilideMBP.lan" time="0.035">
  <properties/>
  <testcase name="testRedirectPattern()" classname="org.springframework.test.web.servlet.samples.standalone.resultmatchers.UrlAssertionTests" time="0.009"/>
  <testcase name="testForward()" classname="org.springframework.test.web.servlet.samples.standalone.resultmatchers.UrlAssertionTests" time="0.009"/>
  <testcase name="testRedirect()" classname="org.springframework.test.web.servlet.samples.standalone.resultmatchers.UrlAssertionTests" time="0.008"/>
  <testcase name="testForwardPattern()" classname="org.springframework.test.web.servlet.samples.standalone.resultmatchers.UrlAssertionTests" time="0.009"/>
  <system-out><![CDATA[]]></system-out>
  <system-err><![CDATA[]]></system-err>
</testsuite>
