<?xml version="1.0" encoding="UTF-8"?>
<testsuite name="org.springframework.test.context.hierarchies.standard.SingleTestClassWithTwoLevelContextHierarchyTests" tests="1" skipped="0" failures="0" errors="0" timestamp="2021-04-26T07:40:40" hostname="wangweilideMacBook-Pro.local" time="0.002">
  <properties/>
  <testcase name="loadContextHierarchy()" classname="org.springframework.test.context.hierarchies.standard.SingleTestClassWithTwoLevelContextHierarchyTests" time="0.002"/>
  <system-out><![CDATA[]]></system-out>
  <system-err><![CDATA[]]></system-err>
</testsuite>
