<?xml version="1.0" encoding="UTF-8"?>
<testsuite name="Nested config - before and after test class modes" tests="5" skipped="0" failures="0" errors="0" timestamp="2021-05-01T09:42:48" hostname="wangweilideMBP.lan" time="0.004">
  <properties/>
  <testcase name="onNestedClassWithConfigOverriddenByDefaultWithAfterClass()" classname="org.springframework.test.context.support.DirtiesContextTestExecutionListenerTests$NestedBeforeAndAfterTestClassTests" time="0.001"/>
  <testcase name="onNestedClassWithOverriddenConfigWithAfterClass()" classname="org.springframework.test.context.support.DirtiesContextTestExecutionListenerTests$NestedBeforeAndAfterTestClassTests" time="0.001"/>
  <testcase name="onNestedClassWithInheritedConfigWithBeforeClass()" classname="org.springframework.test.context.support.DirtiesContextTestExecutionListenerTests$NestedBeforeAndAfterTestClassTests" time="0.001"/>
  <testcase name="onTopLevelClassWithBeforeClass()" classname="org.springframework.test.context.support.DirtiesContextTestExecutionListenerTests$NestedBeforeAndAfterTestClassTests" time="0.0"/>
  <testcase name="onNestedClassWithInheritedConfigButOverriddenWithBeforeClass()" classname="org.springframework.test.context.support.DirtiesContextTestExecutionListenerTests$NestedBeforeAndAfterTestClassTests" time="0.001"/>
  <system-out><![CDATA[]]></system-out>
  <system-err><![CDATA[]]></system-err>
</testsuite>
