<?xml version="1.0" encoding="UTF-8"?>
<testsuite name="org.springframework.test.annotation.ProfileValueUtilsTests" tests="3" skipped="0" failures="0" errors="0" timestamp="2021-04-26T07:41:26" hostname="wangweilideMacBook-Pro.local" time="0.016">
  <properties/>
  <testcase name="isTestEnabledInThisEnvironmentForProvidedClass()" classname="org.springframework.test.annotation.ProfileValueUtilsTests" time="0.014"/>
  <testcase name="isTestEnabledInThisEnvironmentForProvidedMethodAndClass()" classname="org.springframework.test.annotation.ProfileValueUtilsTests" time="0.002"/>
  <testcase name="isTestEnabledInThisEnvironmentForProvidedProfileValueSourceMethodAndClass()" classname="org.springframework.test.annotation.ProfileValueUtilsTests" time="0.0"/>
  <system-out><![CDATA[]]></system-out>
  <system-err><![CDATA[]]></system-err>
</testsuite>
