<?xml version="1.0" encoding="UTF-8"?>
<testsuite name="org.springframework.test.context.transaction.ejb.RollbackForRequiredEjbTxDaoTests" tests="3" skipped="0" failures="0" errors="0" timestamp="2021-04-26T07:40:35" hostname="wangweilideMacBook-Pro.local" time="0.037">
  <properties/>
  <testcase name="test1InitialState()" classname="org.springframework.test.context.transaction.ejb.RollbackForRequiredEjbTxDaoTests" time="0.008"/>
  <testcase name="test2IncrementCount1()" classname="org.springframework.test.context.transaction.ejb.RollbackForRequiredEjbTxDaoTests" time="0.014"/>
  <testcase name="test3IncrementCount2()" classname="org.springframework.test.context.transaction.ejb.RollbackForRequiredEjbTxDaoTests" time="0.008"/>
  <system-out><![CDATA[]]></system-out>
  <system-err><![CDATA[]]></system-err>
</testsuite>
