<?xml version="1.0" encoding="UTF-8"?>
<testsuite name="org.springframework.test.context.support.CustomizedGenericXmlContextLoaderTests" tests="1" skipped="0" failures="0" errors="0" timestamp="2021-05-01T09:42:47" hostname="wangweilideMBP.lan" time="0.009">
  <properties/>
  <testcase name="customizeContext()" classname="org.springframework.test.context.support.CustomizedGenericXmlContextLoaderTests" time="0.009"/>
  <system-out><![CDATA[]]></system-out>
  <system-err><![CDATA[]]></system-err>
</testsuite>
