<?xml version="1.0" encoding="UTF-8"?>
<testsuite name="Nested config - before and after test method modes" tests="5" skipped="0" failures="0" errors="0" timestamp="2021-05-09T12:41:56" hostname="wangweilidembp" time="0.016">
  <properties/>
  <testcase name="onNestedClassWithConfigOverriddenByDefaultWithAfterClass()" classname="org.springframework.test.context.support.DirtiesContextTestExecutionListenerTests$NestedBeforeAndAfterTestMethodTests" time="0.003"/>
  <testcase name="onNestedClassWithOverriddenConfigWithAfterClass()" classname="org.springframework.test.context.support.DirtiesContextTestExecutionListenerTests$NestedBeforeAndAfterTestMethodTests" time="0.003"/>
  <testcase name="onTopLevelClassWithBeforeEachTestMethod()" classname="org.springframework.test.context.support.DirtiesContextTestExecutionListenerTests$NestedBeforeAndAfterTestMethodTests" time="0.003"/>
  <testcase name="onNestedClassWithInheritedConfigButOverriddenWithBeforeEachTestMethod()" classname="org.springframework.test.context.support.DirtiesContextTestExecutionListenerTests$NestedBeforeAndAfterTestMethodTests" time="0.003"/>
  <testcase name="onNestedClassWithInheritedConfigWithBeforeEachTestMethod()" classname="org.springframework.test.context.support.DirtiesContextTestExecutionListenerTests$NestedBeforeAndAfterTestMethodTests" time="0.004"/>
  <system-out><![CDATA[]]></system-out>
  <system-err><![CDATA[]]></system-err>
</testsuite>
