<?xml version="1.0" encoding="UTF-8"?>
<testsuite name="org.springframework.test.context.junit4.SpringJUnit4ClassRunnerTests" tests="3" skipped="0" failures="0" errors="0" timestamp="2021-05-01T09:43:26" hostname="wangweilideMBP.lan" time="0.012">
  <properties/>
  <testcase name="getSpringTimeoutViaMetaAnnotationWithOverride" classname="org.springframework.test.context.junit4.SpringJUnit4ClassRunnerTests" time="0.003"/>
  <testcase name="checkThatExceptionsAreNotSilentlySwallowed" classname="org.springframework.test.context.junit4.SpringJUnit4ClassRunnerTests" time="0.006"/>
  <testcase name="getSpringTimeoutViaMetaAnnotation" classname="org.springframework.test.context.junit4.SpringJUnit4ClassRunnerTests" time="0.003"/>
  <system-out><![CDATA[]]></system-out>
  <system-err><![CDATA[]]></system-err>
</testsuite>
