<?xml version="1.0" encoding="UTF-8"?>
<testsuite name="org.springframework.test.context.configuration.interfaces.DirtiesContextInterfaceTests" tests="1" skipped="0" failures="0" errors="0" timestamp="2021-04-26T07:40:36" hostname="wangweilideMacBook-Pro.local" time="1.288">
  <properties/>
  <testcase name="verifyDirtiesContextBehavior()" classname="org.springframework.test.context.configuration.interfaces.DirtiesContextInterfaceTests" time="1.288"/>
  <system-out><![CDATA[]]></system-out>
  <system-err><![CDATA[]]></system-err>
</testsuite>
