<?xml version="1.0" encoding="UTF-8"?>
<testsuite name="org.springframework.test.web.servlet.samples.client.standalone.RedirectTests" tests="5" skipped="0" failures="0" errors="0" timestamp="2021-05-01T09:43:00" hostname="wangweilideMBP.lan" time="0.079">
  <properties/>
  <testcase name="saveSpecial()" classname="org.springframework.test.web.servlet.samples.client.standalone.RedirectTests" time="0.004"/>
  <testcase name="saveSpecialWithErrors()" classname="org.springframework.test.web.servlet.samples.client.standalone.RedirectTests" time="0.004"/>
  <testcase name="save()" classname="org.springframework.test.web.servlet.samples.client.standalone.RedirectTests" time="0.004"/>
  <testcase name="saveWithErrors()" classname="org.springframework.test.web.servlet.samples.client.standalone.RedirectTests" time="0.004"/>
  <testcase name="getPerson()" classname="org.springframework.test.web.servlet.samples.client.standalone.RedirectTests" time="0.016"/>
  <system-out><![CDATA[
MockHttpServletRequest:
      HTTP Method = GET
      Request URI = /persons/Joe
       Parameters = {}
          Headers = [WebTestClient-Request-Id:"1"]
             Body = <no character encoding set>
    Session Attrs = {}

Handler:
             Type = org.springframework.test.web.servlet.samples.client.standalone.RedirectTests$PersonController
           Method = org.springframework.test.web.servlet.samples.client.standalone.RedirectTests$PersonController#getPerson(String, Model)

Async:
    Async started = false
     Async result = null

Resolved Exception:
             Type = null

ModelAndView:
        View name = persons/index
             View = null
        Attribute = message
            value = success!
        Attribute = person
            value = Person [name=Joe, someDouble=0.0, someBoolean=false]
           errors = []

FlashMap:
       Attributes = null

MockHttpServletResponse:
           Status = 200
    Error message = null
          Headers = [Content-Language:"en"]
     Content type = null
             Body = 
    Forwarded URL = persons/index
   Redirected URL = null
          Cookies = []
]]></system-out>
  <system-err><![CDATA[]]></system-err>
</testsuite>
