<?xml version="1.0" encoding="UTF-8"?>
<testsuite name="org.springframework.test.web.servlet.samples.client.standalone.resultmatches.ContentAssertionTests" tests="5" skipped="0" failures="0" errors="0" timestamp="2021-05-09T12:42:16" hostname="wangweilidembp" time="0.06">
  <properties/>
  <testcase name="testCharacterEncoding()" classname="org.springframework.test.web.servlet.samples.client.standalone.resultmatches.ContentAssertionTests" time="0.003"/>
  <testcase name="testContentAsBytes()" classname="org.springframework.test.web.servlet.samples.client.standalone.resultmatches.ContentAssertionTests" time="0.002"/>
  <testcase name="testContentType()" classname="org.springframework.test.web.servlet.samples.client.standalone.resultmatches.ContentAssertionTests" time="0.002"/>
  <testcase name="testContentStringMatcher()" classname="org.springframework.test.web.servlet.samples.client.standalone.resultmatches.ContentAssertionTests" time="0.002"/>
  <testcase name="testContentAsString()" classname="org.springframework.test.web.servlet.samples.client.standalone.resultmatches.ContentAssertionTests" time="0.004"/>
  <system-out><![CDATA[]]></system-out>
  <system-err><![CDATA[]]></system-err>
</testsuite>
