<?xml version="1.0" encoding="UTF-8"?>
<testsuite name="org.springframework.test.context.junit.jupiter.generics.GenericsAndNestedTests$DogTests" tests="2" skipped="0" failures="0" errors="0" timestamp="2021-04-26T07:40:41" hostname="wangweilideMacBook-Pro.local" time="0.004">
  <properties/>
  <testcase name="autowiredParameterByTypeForSingleGenericBean(Character)" classname="org.springframework.test.context.junit.jupiter.generics.GenericsAndNestedTests$DogTests" time="0.002"/>
  <testcase name="autowiredFields()" classname="org.springframework.test.context.junit.jupiter.generics.GenericsAndNestedTests$DogTests" time="0.001"/>
  <system-out><![CDATA[]]></system-out>
  <system-err><![CDATA[]]></system-err>
</testsuite>
