<?xml version="1.0" encoding="UTF-8"?>
<testsuite name="org.springframework.test.annotation.ProfileValueUtilsTests" tests="3" skipped="0" failures="0" errors="0" timestamp="2021-05-01T09:43:11" hostname="wangweilideMBP.lan" time="0.009">
  <properties/>
  <testcase name="isTestEnabledInThisEnvironmentForProvidedClass()" classname="org.springframework.test.annotation.ProfileValueUtilsTests" time="0.008"/>
  <testcase name="isTestEnabledInThisEnvironmentForProvidedMethodAndClass()" classname="org.springframework.test.annotation.ProfileValueUtilsTests" time="0.001"/>
  <testcase name="isTestEnabledInThisEnvironmentForProvidedProfileValueSourceMethodAndClass()" classname="org.springframework.test.annotation.ProfileValueUtilsTests" time="0.0"/>
  <system-out><![CDATA[]]></system-out>
  <system-err><![CDATA[]]></system-err>
</testsuite>
