<?xml version="1.0" encoding="UTF-8"?>
<testsuite name="org.springframework.test.web.servlet.samples.client.standalone.resultmatches.RequestAttributeAssertionTests" tests="2" skipped="0" failures="0" errors="0" timestamp="2021-04-26T07:41:17" hostname="wangweilideMacBook-Pro.local" time="0.039">
  <properties/>
  <testcase name="requestAttributeMatcher()" classname="org.springframework.test.web.servlet.samples.client.standalone.resultmatches.RequestAttributeAssertionTests" time="0.003"/>
  <testcase name="requestAttributeEqualTo()" classname="org.springframework.test.web.servlet.samples.client.standalone.resultmatches.RequestAttributeAssertionTests" time="0.003"/>
  <system-out><![CDATA[]]></system-out>
  <system-err><![CDATA[]]></system-err>
</testsuite>
