<?xml version="1.0" encoding="UTF-8"?>
<testsuite name="org.springframework.test.context.transaction.manager.LookUpTxMgrByTypeAndQualifierAtMethodLevelTests" tests="1" skipped="0" failures="0" errors="0" timestamp="2021-05-09T12:41:26" hostname="wangweilidembp" time="0.003">
  <properties/>
  <testcase name="transactionalTest()" classname="org.springframework.test.context.transaction.manager.LookUpTxMgrByTypeAndQualifierAtMethodLevelTests" time="0.003"/>
  <system-out><![CDATA[]]></system-out>
  <system-err><![CDATA[]]></system-err>
</testsuite>
