<?xml version="1.0" encoding="UTF-8"?>
<testsuite name="org.springframework.test.context.junit.jupiter.AutowiredConfigurationErrorsIntegrationTests" tests="11" skipped="0" failures="0" errors="0" timestamp="2021-05-01T09:42:45" hostname="wangweilideMBP.lan" time="0.054">
  <properties/>
  <testcase name="autowiredAndNonAutowiredTestMethods()" classname="org.springframework.test.context.junit.jupiter.AutowiredConfigurationErrorsIntegrationTests" time="0.006"/>
  <testcase name="[1] testClass=class org.springframework.test.context.junit.jupiter.AutowiredConfigurationErrorsIntegrationTests$StaticAutowiredBeforeAllMethod" classname="org.springframework.test.context.junit.jupiter.AutowiredConfigurationErrorsIntegrationTests" time="0.005"/>
  <testcase name="[2] testClass=class org.springframework.test.context.junit.jupiter.AutowiredConfigurationErrorsIntegrationTests$StaticAutowiredAfterAllMethod" classname="org.springframework.test.context.junit.jupiter.AutowiredConfigurationErrorsIntegrationTests" time="0.005"/>
  <testcase name="[3] testClass=class org.springframework.test.context.junit.jupiter.AutowiredConfigurationErrorsIntegrationTests$AutowiredBeforeEachMethod" classname="org.springframework.test.context.junit.jupiter.AutowiredConfigurationErrorsIntegrationTests" time="0.004"/>
  <testcase name="[4] testClass=class org.springframework.test.context.junit.jupiter.AutowiredConfigurationErrorsIntegrationTests$AutowiredAfterEachMethod" classname="org.springframework.test.context.junit.jupiter.AutowiredConfigurationErrorsIntegrationTests" time="0.004"/>
  <testcase name="[5] testClass=class org.springframework.test.context.junit.jupiter.AutowiredConfigurationErrorsIntegrationTests$AutowiredTestMethod" classname="org.springframework.test.context.junit.jupiter.AutowiredConfigurationErrorsIntegrationTests" time="0.004"/>
  <testcase name="[6] testClass=class org.springframework.test.context.junit.jupiter.AutowiredConfigurationErrorsIntegrationTests$AutowiredRepeatedTestMethod" classname="org.springframework.test.context.junit.jupiter.AutowiredConfigurationErrorsIntegrationTests" time="0.005"/>
  <testcase name="[7] testClass=class org.springframework.test.context.junit.jupiter.AutowiredConfigurationErrorsIntegrationTests$AutowiredParameterizedTestMethod" classname="org.springframework.test.context.junit.jupiter.AutowiredConfigurationErrorsIntegrationTests" time="0.004"/>
  <testcase name="[1] testClass=class org.springframework.test.context.junit.jupiter.AutowiredConfigurationErrorsIntegrationTests$NonStaticAutowiredBeforeAllMethod" classname="org.springframework.test.context.junit.jupiter.AutowiredConfigurationErrorsIntegrationTests" time="0.002"/>
  <testcase name="[2] testClass=class org.springframework.test.context.junit.jupiter.AutowiredConfigurationErrorsIntegrationTests$NonStaticAutowiredAfterAllMethod" classname="org.springframework.test.context.junit.jupiter.AutowiredConfigurationErrorsIntegrationTests" time="0.001"/>
  <testcase name="autowiredTestFactoryMethod()" classname="org.springframework.test.context.junit.jupiter.AutowiredConfigurationErrorsIntegrationTests" time="0.01"/>
  <system-out><![CDATA[]]></system-out>
  <system-err><![CDATA[]]></system-err>
</testsuite>
