<?xml version="1.0" encoding="UTF-8"?>
<testsuite name="org.springframework.test.web.servlet.setup.DefaultMockMvcBuilderTests" tests="8" skipped="0" failures="0" errors="0" timestamp="2021-05-09T12:41:59" hostname="wangweilidembp" time="0.029">
  <properties/>
  <testcase name="rootWacServletContainerAttributePreviouslySet()" classname="org.springframework.test.web.servlet.setup.DefaultMockMvcBuilderTests" time="0.004"/>
  <testcase name="webAppContextSetupWithNullServletContext()" classname="org.springframework.test.web.servlet.setup.DefaultMockMvcBuilderTests" time="0.001"/>
  <testcase name="rootWacServletContainerAttributeNotPreviouslySetWithContextHierarchy()" classname="org.springframework.test.web.servlet.setup.DefaultMockMvcBuilderTests" time="0.002"/>
  <testcase name="dispatcherServletCustomizer()" classname="org.springframework.test.web.servlet.setup.DefaultMockMvcBuilderTests" time="0.013"/>
  <testcase name="rootWacServletContainerAttributeNotPreviouslySet()" classname="org.springframework.test.web.servlet.setup.DefaultMockMvcBuilderTests" time="0.0"/>
  <testcase name="webAppContextSetupWithNullWac()" classname="org.springframework.test.web.servlet.setup.DefaultMockMvcBuilderTests" time="0.0"/>
  <testcase name="rootWacServletContainerAttributePreviouslySetWithContextHierarchy()" classname="org.springframework.test.web.servlet.setup.DefaultMockMvcBuilderTests" time="0.001"/>
  <testcase name="dispatcherServletCustomizerProcessedInOrder()" classname="org.springframework.test.web.servlet.setup.DefaultMockMvcBuilderTests" time="0.007"/>
  <system-out><![CDATA[]]></system-out>
  <system-err><![CDATA[]]></system-err>
</testsuite>
