<?xml version="1.0" encoding="UTF-8"?>
<testsuite name="org.springframework.test.context.junit4.BeforeAndAfterTransactionAnnotationTests" tests="3" skipped="0" failures="0" errors="0" timestamp="2021-05-01T09:43:17" hostname="wangweilideMBP.lan" time="0.011">
  <properties/>
  <testcase name="transactionalMethod1" classname="org.springframework.test.context.junit4.BeforeAndAfterTransactionAnnotationTests" time="0.005"/>
  <testcase name="transactionalMethod2" classname="org.springframework.test.context.junit4.BeforeAndAfterTransactionAnnotationTests" time="0.003"/>
  <testcase name="nonTransactionalMethod" classname="org.springframework.test.context.junit4.BeforeAndAfterTransactionAnnotationTests" time="0.002"/>
  <system-out><![CDATA[]]></system-out>
  <system-err><![CDATA[]]></system-err>
</testsuite>
