<?xml version="1.0" encoding="UTF-8"?>
<testsuite name="org.springframework.test.context.hierarchies.web.DispatcherWacRootWacEarTests" tests="3" skipped="2" failures="0" errors="0" timestamp="2021-04-26T07:40:40" hostname="wangweilideMacBook-Pro.local" time="0.004">
  <properties/>
  <testcase name="verifyRootWacConfig()" classname="org.springframework.test.context.hierarchies.web.DispatcherWacRootWacEarTests" time="0.0">
    <skipped/>
  </testcase>
  <testcase name="verifyEarConfig()" classname="org.springframework.test.context.hierarchies.web.DispatcherWacRootWacEarTests" time="0.0">
    <skipped/>
  </testcase>
  <testcase name="verifyDispatcherWacConfig()" classname="org.springframework.test.context.hierarchies.web.DispatcherWacRootWacEarTests" time="0.002"/>
  <system-out><![CDATA[]]></system-out>
  <system-err><![CDATA[]]></system-err>
</testsuite>
