<?xml version="1.0" encoding="UTF-8"?>
<testsuite name="org.springframework.test.web.servlet.samples.client.standalone.resultmatches.HandlerAssertionTests" tests="6" skipped="0" failures="0" errors="0" timestamp="2021-05-01T09:43:06" hostname="wangweilideMBP.lan" time="0.049">
  <properties/>
  <testcase name="methodNameMatchers()" classname="org.springframework.test.web.servlet.samples.client.standalone.resultmatches.HandlerAssertionTests" time="0.001"/>
  <testcase name="method()" classname="org.springframework.test.web.servlet.samples.client.standalone.resultmatches.HandlerAssertionTests" time="0.001"/>
  <testcase name="methodCall()" classname="org.springframework.test.web.servlet.samples.client.standalone.resultmatches.HandlerAssertionTests" time="0.003"/>
  <testcase name="methodName()" classname="org.springframework.test.web.servlet.samples.client.standalone.resultmatches.HandlerAssertionTests" time="0.001"/>
  <testcase name="methodCallOnNonMock()" classname="org.springframework.test.web.servlet.samples.client.standalone.resultmatches.HandlerAssertionTests" time="0.001"/>
  <testcase name="handlerType()" classname="org.springframework.test.web.servlet.samples.client.standalone.resultmatches.HandlerAssertionTests" time="0.001"/>
  <system-out><![CDATA[]]></system-out>
  <system-err><![CDATA[]]></system-err>
</testsuite>
