<?xml version="1.0" encoding="UTF-8"?>
<testsuite name="org.springframework.test.web.client.samples.matchers.XmlContentRequestMatchersIntegrationTests" tests="2" skipped="0" failures="0" errors="0" timestamp="2021-05-01T09:43:11" hostname="wangweilideMBP.lan" time="0.027">
  <properties/>
  <testcase name="testHamcrestNodeMatcher()" classname="org.springframework.test.web.client.samples.matchers.XmlContentRequestMatchersIntegrationTests" time="0.006"/>
  <testcase name="testXmlEqualTo()" classname="org.springframework.test.web.client.samples.matchers.XmlContentRequestMatchersIntegrationTests" time="0.021"/>
  <system-out><![CDATA[]]></system-out>
  <system-err><![CDATA[]]></system-err>
</testsuite>
