<?xml version="1.0" encoding="UTF-8"?>
<testsuite name="org.springframework.test.web.reactive.server.CookieAssertionTests" tests="10" skipped="0" failures="0" errors="0" timestamp="2021-05-09T12:42:24" hostname="wangweilidembp" time="0.029">
  <properties/>
  <testcase name="valueEquals()" classname="org.springframework.test.web.reactive.server.CookieAssertionTests" time="0.004"/>
  <testcase name="domain()" classname="org.springframework.test.web.reactive.server.CookieAssertionTests" time="0.003"/>
  <testcase name="exists()" classname="org.springframework.test.web.reactive.server.CookieAssertionTests" time="0.002"/>
  <testcase name="maxAge()" classname="org.springframework.test.web.reactive.server.CookieAssertionTests" time="0.005"/>
  <testcase name="secure()" classname="org.springframework.test.web.reactive.server.CookieAssertionTests" time="0.002"/>
  <testcase name="doesNotExist()" classname="org.springframework.test.web.reactive.server.CookieAssertionTests" time="0.002"/>
  <testcase name="httpOnly()" classname="org.springframework.test.web.reactive.server.CookieAssertionTests" time="0.001"/>
  <testcase name="path()" classname="org.springframework.test.web.reactive.server.CookieAssertionTests" time="0.003"/>
  <testcase name="value()" classname="org.springframework.test.web.reactive.server.CookieAssertionTests" time="0.002"/>
  <testcase name="sameSite()" classname="org.springframework.test.web.reactive.server.CookieAssertionTests" time="0.002"/>
  <system-out><![CDATA[20:42:24.594 [Test worker] ERROR o.s.t.w.r.s.ExchangeResult - Request details for assertion failure:

> GET /
> 

No content

< 200 OK OK
< Set-Cookie: [foo=bar; Path=/foo; Domain=foo.com; Max-Age=1800; Expires=Sun, 09 May 2021 13:12:24 GMT; Secure; HttpOnly; SameSite=Lax]

No content

20:42:24.595 [Test worker] ERROR o.s.t.w.r.s.ExchangeResult - Request details for assertion failure:

> GET /
> 

No content

< 200 OK OK
< Set-Cookie: [foo=bar; Path=/foo; Domain=foo.com; Max-Age=1800; Expires=Sun, 09 May 2021 13:12:24 GMT; Secure; HttpOnly; SameSite=Lax]

No content

20:42:24.596 [Test worker] ERROR o.s.t.w.r.s.ExchangeResult - Request details for assertion failure:

> GET /
> 

No content

< 200 OK OK
< Set-Cookie: [foo=bar; Path=/foo; Domain=foo.com; Max-Age=1800; Expires=Sun, 09 May 2021 13:12:24 GMT; Secure; HttpOnly; SameSite=Lax]

No content

20:42:24.598 [Test worker] ERROR o.s.t.w.r.s.ExchangeResult - Request details for assertion failure:

> GET /
> 

No content

< 200 OK OK
< Set-Cookie: [foo=bar; Path=/foo; Domain=foo.com; Max-Age=1800; Expires=Sun, 09 May 2021 13:12:24 GMT; Secure; HttpOnly; SameSite=Lax]

No content

20:42:24.599 [Test worker] ERROR o.s.t.w.r.s.ExchangeResult - Request details for assertion failure:

> GET /
> 

No content

< 200 OK OK
< Set-Cookie: [foo=bar; Path=/foo; Domain=foo.com; Max-Age=1800; Expires=Sun, 09 May 2021 13:12:24 GMT; Secure; HttpOnly; SameSite=Lax]

No content

20:42:24.601 [Test worker] ERROR o.s.t.w.r.s.ExchangeResult - Request details for assertion failure:

> GET /
> 

No content

< 200 OK OK
< Set-Cookie: [foo=bar; Path=/foo; Domain=foo.com; Max-Age=1800; Expires=Sun, 09 May 2021 13:12:24 GMT; Secure; HttpOnly; SameSite=Lax]

No content

20:42:24.603 [Test worker] ERROR o.s.t.w.r.s.ExchangeResult - Request details for assertion failure:

> GET /
> 

No content

< 200 OK OK
< Set-Cookie: [foo=bar; Path=/foo; Domain=foo.com; Max-Age=1800; Expires=Sun, 09 May 2021 13:12:24 GMT; Secure; HttpOnly; SameSite=Lax]

No content

20:42:24.606 [Test worker] ERROR o.s.t.w.r.s.ExchangeResult - Request details for assertion failure:

> GET /
> 

No content

< 200 OK OK
< Set-Cookie: [foo=bar; Path=/foo; Domain=foo.com; Max-Age=1800; Expires=Sun, 09 May 2021 13:12:24 GMT; Secure; HttpOnly; SameSite=Lax]

No content

20:42:24.608 [Test worker] ERROR o.s.t.w.r.s.ExchangeResult - Request details for assertion failure:

> GET /
> 

No content

< 200 OK OK
< Set-Cookie: [foo=bar; Path=/foo; Domain=foo.com; Max-Age=1800; Expires=Sun, 09 May 2021 13:12:24 GMT; Secure; HttpOnly; SameSite=Lax]

No content

20:42:24.610 [Test worker] ERROR o.s.t.w.r.s.ExchangeResult - Request details for assertion failure:

> GET /
> 

No content

< 200 OK OK
< Set-Cookie: [foo=bar; Path=/foo; Domain=foo.com; Max-Age=1800; Expires=Sun, 09 May 2021 13:12:24 GMT; Secure; HttpOnly; SameSite=Lax]

No content

20:42:24.613 [Test worker] ERROR o.s.t.w.r.s.ExchangeResult - Request details for assertion failure:

> GET /
> 

No content

< 200 OK OK
< Set-Cookie: [foo=bar; Path=/foo; Domain=foo.com; Max-Age=1800; Expires=Sun, 09 May 2021 13:12:24 GMT; Secure; HttpOnly; SameSite=Lax]

No content

20:42:24.614 [Test worker] ERROR o.s.t.w.r.s.ExchangeResult - Request details for assertion failure:

> GET /
> 

No content

< 200 OK OK
< Set-Cookie: [foo=bar; Path=/foo; Domain=foo.com; Max-Age=1800; Expires=Sun, 09 May 2021 13:12:24 GMT; Secure; HttpOnly; SameSite=Lax]

No content

20:42:24.616 [Test worker] ERROR o.s.t.w.r.s.ExchangeResult - Request details for assertion failure:

> GET /
> 

No content

< 200 OK OK
< Set-Cookie: [foo=bar; Path=/foo; Domain=foo.com; Max-Age=1800; Expires=Sun, 09 May 2021 13:12:24 GMT; Secure; HttpOnly; SameSite=Lax]

No content

20:42:24.618 [Test worker] ERROR o.s.t.w.r.s.ExchangeResult - Request details for assertion failure:

> GET /
> 

No content

< 200 OK OK
< Set-Cookie: [foo=bar; Path=/foo; Domain=foo.com; Max-Age=1800; Expires=Sun, 09 May 2021 13:12:24 GMT; Secure; HttpOnly; SameSite=Lax]

No content

20:42:24.621 [Test worker] ERROR o.s.t.w.r.s.ExchangeResult - Request details for assertion failure:

> GET /
> 

No content

< 200 OK OK
< Set-Cookie: [foo=bar; Path=/foo; Domain=foo.com; Max-Age=1800; Expires=Sun, 09 May 2021 13:12:24 GMT; Secure; HttpOnly; SameSite=Lax]

No content

]]></system-out>
  <system-err><![CDATA[]]></system-err>
</testsuite>
