<?xml version="1.0" encoding="UTF-8"?>
<testsuite name="org.springframework.test.web.servlet.samples.client.context.WebAppResourceTests" tests="3" skipped="0" failures="0" errors="0" timestamp="2021-05-09T12:42:06" hostname="wangweilidembp" time="0.157">
  <properties/>
  <testcase name="resourcesViaDefaultServlet()" classname="org.springframework.test.web.servlet.samples.client.context.WebAppResourceTests" time="0.147"/>
  <testcase name="tilesDefinitions()" classname="org.springframework.test.web.servlet.samples.client.context.WebAppResourceTests" time="0.003"/>
  <testcase name="resourceRequest()" classname="org.springframework.test.web.servlet.samples.client.context.WebAppResourceTests" time="0.006"/>
  <system-out><![CDATA[]]></system-out>
  <system-err><![CDATA[]]></system-err>
</testsuite>
