<?xml version="1.0" encoding="UTF-8"?>
<testsuite name="org.springframework.test.web.servlet.samples.client.standalone.FrameworkExtensionTests" tests="2" skipped="0" failures="0" errors="0" timestamp="2021-04-26T07:41:07" hostname="wangweilideMacBook-Pro.local" time="0.026">
  <properties/>
  <testcase name="fooHeader()" classname="org.springframework.test.web.servlet.samples.client.standalone.FrameworkExtensionTests" time="0.005"/>
  <testcase name="barHeader()" classname="org.springframework.test.web.servlet.samples.client.standalone.FrameworkExtensionTests" time="0.003"/>
  <system-out><![CDATA[]]></system-out>
  <system-err><![CDATA[]]></system-err>
</testsuite>
