<?xml version="1.0" encoding="UTF-8"?>
<testsuite name="org.springframework.test.context.event.EventPublishingTestExecutionListenerTests" tests="14" skipped="0" failures="0" errors="0" timestamp="2021-05-01T09:42:49" hostname="wangweilideMBP.lan" time="0.032">
  <properties/>
  <testcase name="doesNotPublishBeforeTestClassEventIfApplicationContextHasNotBeenLoaded()" classname="org.springframework.test.context.event.EventPublishingTestExecutionListenerTests" time="0.019"/>
  <testcase name="publishAfterTestClassEvent()" classname="org.springframework.test.context.event.EventPublishingTestExecutionListenerTests" time="0.001"/>
  <testcase name="doesNotPublishAfterTestExecutionEventIfApplicationContextHasNotBeenLoaded()" classname="org.springframework.test.context.event.EventPublishingTestExecutionListenerTests" time="0.001"/>
  <testcase name="doesNotPublishPrepareTestInstanceEventIfApplicationContextHasNotBeenLoaded()" classname="org.springframework.test.context.event.EventPublishingTestExecutionListenerTests" time="0.001"/>
  <testcase name="doesNotPublishAfterTestClassEventIfApplicationContextHasNotBeenLoaded()" classname="org.springframework.test.context.event.EventPublishingTestExecutionListenerTests" time="0.001"/>
  <testcase name="publishAfterTestExecutionEvent()" classname="org.springframework.test.context.event.EventPublishingTestExecutionListenerTests" time="0.001"/>
  <testcase name="doesNotPublishBeforeTestExecutionEventIfApplicationContextHasNotBeenLoaded()" classname="org.springframework.test.context.event.EventPublishingTestExecutionListenerTests" time="0.001"/>
  <testcase name="doesNotPublishBeforeTestMethodEventIfApplicationContextHasNotBeenLoaded()" classname="org.springframework.test.context.event.EventPublishingTestExecutionListenerTests" time="0.001"/>
  <testcase name="publishPrepareTestInstanceEvent()" classname="org.springframework.test.context.event.EventPublishingTestExecutionListenerTests" time="0.001"/>
  <testcase name="doesNotPublishAfterTestMethodEventIfApplicationContextHasNotBeenLoaded()" classname="org.springframework.test.context.event.EventPublishingTestExecutionListenerTests" time="0.001"/>
  <testcase name="publishBeforeTestExecutionEvent()" classname="org.springframework.test.context.event.EventPublishingTestExecutionListenerTests" time="0.001"/>
  <testcase name="publishAfterTestMethodEvent()" classname="org.springframework.test.context.event.EventPublishingTestExecutionListenerTests" time="0.001"/>
  <testcase name="publishBeforeTestClassEvent()" classname="org.springframework.test.context.event.EventPublishingTestExecutionListenerTests" time="0.001"/>
  <testcase name="publishBeforeTestMethodEvent()" classname="org.springframework.test.context.event.EventPublishingTestExecutionListenerTests" time="0.001"/>
  <system-out><![CDATA[]]></system-out>
  <system-err><![CDATA[]]></system-err>
</testsuite>
