<?xml version="1.0" encoding="UTF-8"?>
<testsuite name="org.springframework.test.context.junit4.SpringJUnit47ClassRunnerRuleTests" tests="2" skipped="0" failures="0" errors="0" timestamp="2021-04-26T07:41:38" hostname="wangweilideMacBook-Pro.local" time="0.001">
  <properties/>
  <testcase name="testA" classname="org.springframework.test.context.junit4.SpringJUnit47ClassRunnerRuleTests" time="0.001"/>
  <testcase name="testB" classname="org.springframework.test.context.junit4.SpringJUnit47ClassRunnerRuleTests" time="0.0"/>
  <system-out><![CDATA[]]></system-out>
  <system-err><![CDATA[]]></system-err>
</testsuite>
