<?xml version="1.0" encoding="UTF-8"?>
<testsuite name="org.springframework.test.web.reactive.server.HeaderAssertionTests" tests="12" skipped="0" failures="0" errors="0" timestamp="2021-05-09T12:42:24" hostname="wangweilidembp" time="0.026">
  <properties/>
  <testcase name="valueEquals()" classname="org.springframework.test.web.reactive.server.HeaderAssertionTests" time="0.005"/>
  <testcase name="cacheControl()" classname="org.springframework.test.web.reactive.server.HeaderAssertionTests" time="0.002"/>
  <testcase name="expires()" classname="org.springframework.test.web.reactive.server.HeaderAssertionTests" time="0.001"/>
  <testcase name="exists()" classname="org.springframework.test.web.reactive.server.HeaderAssertionTests" time="0.001"/>
  <testcase name="valuesMatch()" classname="org.springframework.test.web.reactive.server.HeaderAssertionTests" time="0.003"/>
  <testcase name="doesNotExist()" classname="org.springframework.test.web.reactive.server.HeaderAssertionTests" time="0.002"/>
  <testcase name="contentTypeCompatibleWith()" classname="org.springframework.test.web.reactive.server.HeaderAssertionTests" time="0.001"/>
  <testcase name="valuesMatcher()" classname="org.springframework.test.web.reactive.server.HeaderAssertionTests" time="0.0"/>
  <testcase name="valueEqualsWithMultipleValues()" classname="org.springframework.test.web.reactive.server.HeaderAssertionTests" time="0.003"/>
  <testcase name="valueMatcher()" classname="org.springframework.test.web.reactive.server.HeaderAssertionTests" time="0.0"/>
  <testcase name="valueMatches()" classname="org.springframework.test.web.reactive.server.HeaderAssertionTests" time="0.002"/>
  <testcase name="lastModified()" classname="org.springframework.test.web.reactive.server.HeaderAssertionTests" time="0.003"/>
  <system-out><![CDATA[20:42:24.623 [Test worker] ERROR o.s.t.w.r.s.ExchangeResult - Request details for assertion failure:

> GET /
> 

No content

< 200 OK OK
< foo: [bar]

No content

20:42:24.624 [Test worker] ERROR o.s.t.w.r.s.ExchangeResult - Request details for assertion failure:

> GET /
> 

No content

< 200 OK OK
< foo: [bar]

No content

20:42:24.626 [Test worker] ERROR o.s.t.w.r.s.ExchangeResult - Request details for assertion failure:

> GET /
> 

No content

< 200 OK OK
< foo: [bar]

No content

20:42:24.628 [Test worker] ERROR o.s.t.w.r.s.ExchangeResult - Request details for assertion failure:

> GET /
> 

No content

< 200 OK OK
< Cache-Control: [max-age=3600, no-transform]

No content

20:42:24.630 [Test worker] ERROR o.s.t.w.r.s.ExchangeResult - Request details for assertion failure:

> GET /
> 

No content

< 200 OK OK
< Expires: [Mon, 01 Jan 2018 00:00:00 GMT]

No content

20:42:24.631 [Test worker] ERROR o.s.t.w.r.s.ExchangeResult - Request details for assertion failure:

> GET /
> 

No content

< 200 OK OK
< Content-Type: [application/json]

No content

20:42:24.634 [Test worker] ERROR o.s.t.w.r.s.ExchangeResult - Request details for assertion failure:

> GET /
> 

No content

< 200 OK OK
< foo: [value1, value2, value3]

No content

20:42:24.635 [Test worker] ERROR o.s.t.w.r.s.ExchangeResult - Request details for assertion failure:

> GET /
> 

No content

< 200 OK OK
< foo: [value1, value2, value3]

No content

20:42:24.637 [Test worker] ERROR o.s.t.w.r.s.ExchangeResult - Request details for assertion failure:

> GET /
> 

No content

< 200 OK OK
< Content-Type: [application/json;charset=UTF-8]

No content

20:42:24.639 [Test worker] ERROR o.s.t.w.r.s.ExchangeResult - Request details for assertion failure:

> GET /
> 

No content

< 200 OK OK
< Content-Type: [application/xml]

No content

20:42:24.641 [Test worker] ERROR o.s.t.w.r.s.ExchangeResult - Request details for assertion failure:

> GET /
> 

No content

< 200 OK OK
< foo: [bar, baz]

No content

20:42:24.642 [Test worker] ERROR o.s.t.w.r.s.ExchangeResult - Request details for assertion failure:

> GET /
> 

No content

< 200 OK OK
< foo: [bar, baz]

No content

20:42:24.644 [Test worker] ERROR o.s.t.w.r.s.ExchangeResult - Request details for assertion failure:

> GET /
> 

No content

< 200 OK OK
< Content-Type: [application/json;charset=UTF-8]

No content

20:42:24.647 [Test worker] ERROR o.s.t.w.r.s.ExchangeResult - Request details for assertion failure:

> GET /
> 

No content

< 200 OK OK
< Last-Modified: [Mon, 01 Jan 2018 00:00:00 GMT]

No content

]]></system-out>
  <system-err><![CDATA[]]></system-err>
</testsuite>
