<?xml version="1.0" encoding="UTF-8"?>
<testsuite name="org.springframework.test.web.client.samples.matchers.ContentRequestMatchersIntegrationTests" tests="5" skipped="0" failures="0" errors="0" timestamp="2021-05-01T09:43:11" hostname="wangweilideMBP.lan" time="0.022">
  <properties/>
  <testcase name="contentTypeNoMatch()" classname="org.springframework.test.web.client.samples.matchers.ContentRequestMatchersIntegrationTests" time="0.004"/>
  <testcase name="contentAsBytes()" classname="org.springframework.test.web.client.samples.matchers.ContentRequestMatchersIntegrationTests" time="0.004"/>
  <testcase name="contentType()" classname="org.springframework.test.web.client.samples.matchers.ContentRequestMatchersIntegrationTests" time="0.005"/>
  <testcase name="contentStringStartsWith()" classname="org.springframework.test.web.client.samples.matchers.ContentRequestMatchersIntegrationTests" time="0.004"/>
  <testcase name="contentAsString()" classname="org.springframework.test.web.client.samples.matchers.ContentRequestMatchersIntegrationTests" time="0.004"/>
  <system-out><![CDATA[]]></system-out>
  <system-err><![CDATA[]]></system-err>
</testsuite>
