<?xml version="1.0" encoding="UTF-8"?>
<testsuite name="org.springframework.test.context.OverriddenMetaAnnotationAttributesTestContextAnnotationUtilsTests" tests="4" skipped="0" failures="0" errors="0" timestamp="2021-04-26T07:40:53" hostname="wangweilideMacBook-Pro.local" time="0.004">
  <properties/>
  <testcase name="overriddenContextConfigurationLocationsAndInheritLocations()" classname="org.springframework.test.context.OverriddenMetaAnnotationAttributesTestContextAnnotationUtilsTests" time="0.002"/>
  <testcase name="contextConfigurationValue()" classname="org.springframework.test.context.OverriddenMetaAnnotationAttributesTestContextAnnotationUtilsTests" time="0.002"/>
  <testcase name="overriddenContextConfigurationValue()" classname="org.springframework.test.context.OverriddenMetaAnnotationAttributesTestContextAnnotationUtilsTests" time="0.0"/>
  <testcase name="contextConfigurationLocationsAndInheritLocations()" classname="org.springframework.test.context.OverriddenMetaAnnotationAttributesTestContextAnnotationUtilsTests" time="0.0"/>
  <system-out><![CDATA[]]></system-out>
  <system-err><![CDATA[]]></system-err>
</testsuite>
