<?xml version="1.0" encoding="UTF-8"?>
<testsuite name="org.springframework.test.web.servlet.samples.standalone.resultmatchers.ModelAssertionTests" tests="5" skipped="0" failures="0" errors="0" timestamp="2021-05-01T09:42:55" hostname="wangweilideMBP.lan" time="0.057">
  <properties/>
  <testcase name="attributeHamcrestMatchers()" classname="org.springframework.test.web.servlet.samples.standalone.resultmatchers.ModelAssertionTests" time="0.015"/>
  <testcase name="attributeExists()" classname="org.springframework.test.web.servlet.samples.standalone.resultmatchers.ModelAssertionTests" time="0.01"/>
  <testcase name="hasNoErrors()" classname="org.springframework.test.web.servlet.samples.standalone.resultmatchers.ModelAssertionTests" time="0.008"/>
  <testcase name="attributeEqualTo()" classname="org.springframework.test.web.servlet.samples.standalone.resultmatchers.ModelAssertionTests" time="0.009"/>
  <testcase name="hasErrors()" classname="org.springframework.test.web.servlet.samples.standalone.resultmatchers.ModelAssertionTests" time="0.013"/>
  <system-out><![CDATA[]]></system-out>
  <system-err><![CDATA[]]></system-err>
</testsuite>
