<?xml version="1.0" encoding="UTF-8"?>
<testsuite name="org.springframework.test.web.reactive.server.WebTestClientExtensionsTests" tests="9" skipped="0" failures="0" errors="0" timestamp="2021-05-01T09:43:14" hostname="wangweilideMBP.lan" time="1.805">
  <properties/>
  <testcase name="ResponseSpec#expectBody with reified type parameters()" classname="org.springframework.test.web.reactive.server.WebTestClientExtensionsTests" time="0.37"/>
  <testcase name="RequestBodySpec#body with CompletableFuture and reified type parameters()" classname="org.springframework.test.web.reactive.server.WebTestClientExtensionsTests" time="0.854"/>
  <testcase name="ResponseSpec#expectBodyList with reified type parameters()" classname="org.springframework.test.web.reactive.server.WebTestClientExtensionsTests" time="0.135"/>
  <testcase name="KotlinBodySpec#isEqualTo()" classname="org.springframework.test.web.reactive.server.WebTestClientExtensionsTests" time="0.03"/>
  <testcase name="RequestBodySpec#body with Publisher and reified type parameters()" classname="org.springframework.test.web.reactive.server.WebTestClientExtensionsTests" time="0.125"/>
  <testcase name="ResponseSpec#returnResult with reified type parameters()" classname="org.springframework.test.web.reactive.server.WebTestClientExtensionsTests" time="0.11"/>
  <testcase name="RequestBodySpec#body with Flow and reified type parameters()" classname="org.springframework.test.web.reactive.server.WebTestClientExtensionsTests" time="0.13"/>
  <testcase name="KotlinBodySpec#consumeWith()" classname="org.springframework.test.web.reactive.server.WebTestClientExtensionsTests" time="0.021"/>
  <testcase name="KotlinBodySpec#returnResult()" classname="org.springframework.test.web.reactive.server.WebTestClientExtensionsTests" time="0.015"/>
  <system-out><![CDATA[]]></system-out>
  <system-err><![CDATA[]]></system-err>
</testsuite>
