<?xml version="1.0" encoding="UTF-8"?>
<testsuite name="org.springframework.test.web.servlet.samples.client.standalone.resultmatches.XpathAssertionTests" tests="7" skipped="0" failures="0" errors="0" timestamp="2021-05-01T09:43:06" hostname="wangweilideMBP.lan" time="0.119">
  <properties/>
  <testcase name="testFeedWithLinefeedChars()" classname="org.springframework.test.web.servlet.samples.client.standalone.resultmatches.XpathAssertionTests" time="0.012"/>
  <testcase name="testBoolean()" classname="org.springframework.test.web.servlet.samples.client.standalone.resultmatches.XpathAssertionTests" time="0.009"/>
  <testcase name="testDoesNotExist()" classname="org.springframework.test.web.servlet.samples.client.standalone.resultmatches.XpathAssertionTests" time="0.008"/>
  <testcase name="testNodeCount()" classname="org.springframework.test.web.servlet.samples.client.standalone.resultmatches.XpathAssertionTests" time="0.008"/>
  <testcase name="testExists()" classname="org.springframework.test.web.servlet.samples.client.standalone.resultmatches.XpathAssertionTests" time="0.012"/>
  <testcase name="testNumber()" classname="org.springframework.test.web.servlet.samples.client.standalone.resultmatches.XpathAssertionTests" time="0.01"/>
  <testcase name="testString()" classname="org.springframework.test.web.servlet.samples.client.standalone.resultmatches.XpathAssertionTests" time="0.011"/>
  <system-out><![CDATA[]]></system-out>
  <system-err><![CDATA[]]></system-err>
</testsuite>
