<?xml version="1.0" encoding="UTF-8"?>
<testsuite name="org.springframework.test.context.env.MergedPropertiesFilesOverriddenByInlinedPropertiesTestPropertySourceTests" tests="2" skipped="0" failures="0" errors="0" timestamp="2021-05-01T09:42:47" hostname="wangweilideMBP.lan" time="0.001">
  <properties/>
  <testcase name="verifyPropertiesAreAvailableInEnvironment()" classname="org.springframework.test.context.env.MergedPropertiesFilesOverriddenByInlinedPropertiesTestPropertySourceTests" time="0.001"/>
  <testcase name="verifyExtendedPropertiesAreAvailableInEnvironment()" classname="org.springframework.test.context.env.MergedPropertiesFilesOverriddenByInlinedPropertiesTestPropertySourceTests" time="0.0"/>
  <system-out><![CDATA[]]></system-out>
  <system-err><![CDATA[]]></system-err>
</testsuite>
