<?xml version="1.0" encoding="UTF-8"?>
<testsuite name="org.springframework.test.web.servlet.result.StatusResultMatchersTests" tests="2" skipped="0" failures="0" errors="0" timestamp="2021-05-09T12:41:59" hostname="wangweilidembp" time="0.005">
  <properties/>
  <testcase name="testHttpStatusCodeResultMatchers()" classname="org.springframework.test.web.servlet.result.StatusResultMatchersTests" time="0.002"/>
  <testcase name="statusRanges()" classname="org.springframework.test.web.servlet.result.StatusResultMatchersTests" time="0.002"/>
  <system-out><![CDATA[]]></system-out>
  <system-err><![CDATA[]]></system-err>
</testsuite>
