<?xml version="1.0" encoding="UTF-8"?>
<testsuite name="org.springframework.test.context.junit4.rules.ClassLevelDisabledSpringRuleTests" tests="1" skipped="1" failures="0" errors="0" timestamp="2021-04-26T07:41:36" hostname="wangweilideMacBook-Pro.local" time="0.001">
  <properties/>
  <testcase name="testIfProfileValueDisabled" classname="org.springframework.test.context.junit4.rules.ClassLevelDisabledSpringRuleTests" time="0.001">
    <skipped/>
  </testcase>
  <system-out><![CDATA[]]></system-out>
  <system-err><![CDATA[]]></system-err>
</testsuite>
