<?xml version="1.0" encoding="UTF-8"?>
<testsuite name="org.springframework.test.context.junit.jupiter.TestConstructorAnnotationIntegrationTests" tests="3" skipped="0" failures="0" errors="0" timestamp="2021-05-09T12:41:40" hostname="wangweilidembp" time="0.008">
  <properties/>
  <testcase name="applicationContextInjected()" classname="org.springframework.test.context.junit.jupiter.TestConstructorAnnotationIntegrationTests" time="0.002"/>
  <testcase name="propertyPlaceholderInjected()" classname="org.springframework.test.context.junit.jupiter.TestConstructorAnnotationIntegrationTests" time="0.001"/>
  <testcase name="beansInjected()" classname="org.springframework.test.context.junit.jupiter.TestConstructorAnnotationIntegrationTests" time="0.001"/>
  <system-out><![CDATA[]]></system-out>
  <system-err><![CDATA[]]></system-err>
</testsuite>
