<?xml version="1.0" encoding="UTF-8"?>
<testsuite name="org.springframework.test.web.servlet.htmlunit.MockMvcWebConnectionTests" tests="6" skipped="0" failures="0" errors="0" timestamp="2021-05-09T12:42:19" hostname="wangweilidembp" time="0.552">
  <properties/>
  <testcase name="contextPathDoesNotStartWithSlash()" classname="org.springframework.test.web.servlet.htmlunit.MockMvcWebConnectionTests" time="0.0"/>
  <testcase name="forward()" classname="org.springframework.test.web.servlet.htmlunit.MockMvcWebConnectionTests" time="0.367"/>
  <testcase name="contextPathEmpty()" classname="org.springframework.test.web.servlet.htmlunit.MockMvcWebConnectionTests" time="0.035"/>
  <testcase name="contextPathEndsWithSlash()" classname="org.springframework.test.web.servlet.htmlunit.MockMvcWebConnectionTests" time="0.001"/>
  <testcase name="contextPathExplicit()" classname="org.springframework.test.web.servlet.htmlunit.MockMvcWebConnectionTests" time="0.019"/>
  <testcase name="contextPathNull()" classname="org.springframework.test.web.servlet.htmlunit.MockMvcWebConnectionTests" time="0.025"/>
  <system-out><![CDATA[]]></system-out>
  <system-err><![CDATA[]]></system-err>
</testsuite>
