<?xml version="1.0" encoding="UTF-8"?>
<testsuite name="with DefaultResourceLoader" tests="15" skipped="0" failures="0" errors="0" timestamp="2021-05-09T12:42:26" hostname="wangweilidembp" time="0.013">
  <properties/>
  <testcase name="getResourcePathsWithInvalidPath()" classname="org.springframework.mock.web.MockServletContextTests$MockServletContextWithDefaultResourceLoaderTests" time="0.005"/>
  <testcase name="registerContextAndGetContext()" classname="org.springframework.mock.web.MockServletContextTests$MockServletContextWithDefaultResourceLoaderTests" time="0.0"/>
  <testcase name="getFilterRegistrations()" classname="org.springframework.mock.web.MockServletContextTests$MockServletContextWithDefaultResourceLoaderTests" time="0.001"/>
  <testcase name="servletVersion()" classname="org.springframework.mock.web.MockServletContextTests$MockServletContextWithDefaultResourceLoaderTests" time="0.0"/>
  <testcase name="getResourcePaths()" classname="org.springframework.mock.web.MockServletContextTests$MockServletContextWithDefaultResourceLoaderTests" time="0.003"/>
  <testcase name="getServletRegistrations()" classname="org.springframework.mock.web.MockServletContextTests$MockServletContextWithDefaultResourceLoaderTests" time="0.0"/>
  <testcase name="getServletRegistration()" classname="org.springframework.mock.web.MockServletContextTests$MockServletContextWithDefaultResourceLoaderTests" time="0.0"/>
  <testcase name="setDefaultServletName()" classname="org.springframework.mock.web.MockServletContextTests$MockServletContextWithDefaultResourceLoaderTests" time="0.001"/>
  <testcase name="getMimeTypeWithCustomConfiguredType()" classname="org.springframework.mock.web.MockServletContextTests$MockServletContextWithDefaultResourceLoaderTests" time="0.0"/>
  <testcase name="getMimeType()" classname="org.springframework.mock.web.MockServletContextTests$MockServletContextWithDefaultResourceLoaderTests" time="0.0"/>
  <testcase name="getResourcePathsWithSubdirectories()" classname="org.springframework.mock.web.MockServletContextTests$MockServletContextWithDefaultResourceLoaderTests" time="0.001"/>
  <testcase name="registerAndUnregisterNamedDispatcher()" classname="org.springframework.mock.web.MockServletContextTests$MockServletContextWithDefaultResourceLoaderTests" time="0.0"/>
  <testcase name="getResourcePathsWithNonDirectory()" classname="org.springframework.mock.web.MockServletContextTests$MockServletContextWithDefaultResourceLoaderTests" time="0.001"/>
  <testcase name="getFilterRegistration()" classname="org.springframework.mock.web.MockServletContextTests$MockServletContextWithDefaultResourceLoaderTests" time="0.0"/>
  <testcase name="getNamedDispatcherForDefaultServlet()" classname="org.springframework.mock.web.MockServletContextTests$MockServletContextWithDefaultResourceLoaderTests" time="0.0"/>
  <system-out><![CDATA[]]></system-out>
  <system-err><![CDATA[]]></system-err>
</testsuite>
