<?xml version="1.0" encoding="UTF-8"?>
<testsuite name="org.springframework.test.context.cache.LruContextCacheTests" tests="6" skipped="0" failures="0" errors="0" timestamp="2021-05-09T12:41:40" hostname="wangweilidembp" time="0.059">
  <properties/>
  <testcase name="maxCacheSizeOne()" classname="org.springframework.test.context.cache.LruContextCacheTests" time="0.005"/>
  <testcase name="maxCacheSizeNegativeOne()" classname="org.springframework.test.context.cache.LruContextCacheTests" time="0.003"/>
  <testcase name="maxCacheSizeZero()" classname="org.springframework.test.context.cache.LruContextCacheTests" time="0.001"/>
  <testcase name="maxCacheSizeThree()" classname="org.springframework.test.context.cache.LruContextCacheTests" time="0.003"/>
  <testcase name="ensureLruOrderingIsUpdated()" classname="org.springframework.test.context.cache.LruContextCacheTests" time="0.003"/>
  <testcase name="ensureEvictedContextsAreClosed()" classname="org.springframework.test.context.cache.LruContextCacheTests" time="0.016"/>
  <system-out><![CDATA[20:41:40.081 [Test worker] DEBUG o.s.t.u.ReflectionTestUtils - Getting field 'contextMap' from target object [[DefaultContextCache@1564b5de size = 1, maxSize = 1, parentContextCount = 0, hitCount = 0, missCount = 0]] or target class [class org.springframework.test.context.cache.DefaultContextCache]
20:41:40.083 [Test worker] DEBUG o.s.t.u.ReflectionTestUtils - Getting field 'contextMap' from target object [[DefaultContextCache@1564b5de size = 1, maxSize = 1, parentContextCount = 0, hitCount = 0, missCount = 0]] or target class [class org.springframework.test.context.cache.DefaultContextCache]
20:41:40.084 [Test worker] DEBUG o.s.t.u.ReflectionTestUtils - Getting field 'contextMap' from target object [[DefaultContextCache@1564b5de size = 1, maxSize = 1, parentContextCount = 0, hitCount = 0, missCount = 0]] or target class [class org.springframework.test.context.cache.DefaultContextCache]
20:41:40.085 [Test worker] DEBUG o.s.t.u.ReflectionTestUtils - Getting field 'contextMap' from target object [[DefaultContextCache@1564b5de size = 1, maxSize = 1, parentContextCount = 0, hitCount = 0, missCount = 0]] or target class [class org.springframework.test.context.cache.DefaultContextCache]
20:41:40.116 [Test worker] DEBUG o.s.t.u.ReflectionTestUtils - Getting field 'contextMap' from target object [[DefaultContextCache@1d80ae8b size = 1, maxSize = 3, parentContextCount = 0, hitCount = 0, missCount = 0]] or target class [class org.springframework.test.context.cache.DefaultContextCache]
20:41:40.117 [Test worker] DEBUG o.s.t.u.ReflectionTestUtils - Getting field 'contextMap' from target object [[DefaultContextCache@1d80ae8b size = 1, maxSize = 3, parentContextCount = 0, hitCount = 0, missCount = 0]] or target class [class org.springframework.test.context.cache.DefaultContextCache]
20:41:40.117 [Test worker] DEBUG o.s.t.u.ReflectionTestUtils - Getting field 'contextMap' from target object [[DefaultContextCache@1d80ae8b size = 2, maxSize = 3, parentContextCount = 0, hitCount = 0, missCount = 0]] or target class [class org.springframework.test.context.cache.DefaultContextCache]
20:41:40.118 [Test worker] DEBUG o.s.t.u.ReflectionTestUtils - Getting field 'contextMap' from target object [[DefaultContextCache@1d80ae8b size = 3, maxSize = 3, parentContextCount = 0, hitCount = 0, missCount = 0]] or target class [class org.springframework.test.context.cache.DefaultContextCache]
20:41:40.119 [Test worker] DEBUG o.s.t.u.ReflectionTestUtils - Getting field 'contextMap' from target object [[DefaultContextCache@1d80ae8b size = 3, maxSize = 3, parentContextCount = 0, hitCount = 0, missCount = 0]] or target class [class org.springframework.test.context.cache.DefaultContextCache]
20:41:40.120 [Test worker] DEBUG o.s.t.u.ReflectionTestUtils - Getting field 'contextMap' from target object [[DefaultContextCache@d437d09 size = 3, maxSize = 3, parentContextCount = 0, hitCount = 0, missCount = 0]] or target class [class org.springframework.test.context.cache.DefaultContextCache]
20:41:40.121 [Test worker] DEBUG o.s.t.u.ReflectionTestUtils - Getting field 'contextMap' from target object [[DefaultContextCache@d437d09 size = 3, maxSize = 3, parentContextCount = 0, hitCount = 1, missCount = 0]] or target class [class org.springframework.test.context.cache.DefaultContextCache]
20:41:40.121 [Test worker] DEBUG o.s.t.u.ReflectionTestUtils - Getting field 'contextMap' from target object [[DefaultContextCache@d437d09 size = 3, maxSize = 3, parentContextCount = 0, hitCount = 2, missCount = 0]] or target class [class org.springframework.test.context.cache.DefaultContextCache]
20:41:40.122 [Test worker] DEBUG o.s.t.u.ReflectionTestUtils - Getting field 'contextMap' from target object [[DefaultContextCache@d437d09 size = 3, maxSize = 3, parentContextCount = 0, hitCount = 3, missCount = 0]] or target class [class org.springframework.test.context.cache.DefaultContextCache]
20:41:40.122 [Test worker] DEBUG o.s.t.u.ReflectionTestUtils - Getting field 'contextMap' from target object [[DefaultContextCache@d437d09 size = 3, maxSize = 3, parentContextCount = 0, hitCount = 4, missCount = 0]] or target class [class org.springframework.test.context.cache.DefaultContextCache]
20:41:40.125 [Test worker] DEBUG o.s.t.u.ReflectionTestUtils - Getting field 'contextMap' from target object [[DefaultContextCache@152f6edc size = 2, maxSize = 2, parentContextCount = 0, hitCount = 0, missCount = 0]] or target class [class org.springframework.test.context.cache.DefaultContextCache]
20:41:40.126 [Test worker] DEBUG o.s.t.u.ReflectionTestUtils - Getting field 'contextMap' from target object [[DefaultContextCache@152f6edc size = 2, maxSize = 2, parentContextCount = 0, hitCount = 0, missCount = 0]] or target class [class org.springframework.test.context.cache.DefaultContextCache]
20:41:40.138 [Test worker] DEBUG o.s.t.u.ReflectionTestUtils - Getting field 'contextMap' from target object [[DefaultContextCache@152f6edc size = 2, maxSize = 2, parentContextCount = 0, hitCount = 0, missCount = 0]] or target class [class org.springframework.test.context.cache.DefaultContextCache]
]]></system-out>
  <system-err><![CDATA[]]></system-err>
</testsuite>
