<?xml version="1.0" encoding="UTF-8"?>
<testsuite name="org.springframework.test.web.servlet.htmlunit.MockMvcConnectionBuilderSupportTests" tests="8" skipped="0" failures="0" errors="0" timestamp="2021-05-09T12:42:20" hostname="wangweilidembp" time="0.02">
  <properties/>
  <testcase name="mockMvcExampleDotCom()" classname="org.springframework.test.web.servlet.htmlunit.MockMvcConnectionBuilderSupportTests" time="0.003"/>
  <testcase name="constructorMockMvcNull()" classname="org.springframework.test.web.servlet.htmlunit.MockMvcConnectionBuilderSupportTests" time="0.002"/>
  <testcase name="mockMvcAlwaysUseMockMvc()" classname="org.springframework.test.web.servlet.htmlunit.MockMvcConnectionBuilderSupportTests" time="0.002"/>
  <testcase name="constructorContextNull()" classname="org.springframework.test.web.servlet.htmlunit.MockMvcConnectionBuilderSupportTests" time="0.002"/>
  <testcase name="context()" classname="org.springframework.test.web.servlet.htmlunit.MockMvcConnectionBuilderSupportTests" time="0.002"/>
  <testcase name="mockMvc()" classname="org.springframework.test.web.servlet.htmlunit.MockMvcConnectionBuilderSupportTests" time="0.003"/>
  <testcase name="defaultContextPathEmpty()" classname="org.springframework.test.web.servlet.htmlunit.MockMvcConnectionBuilderSupportTests" time="0.002"/>
  <testcase name="defaultContextPathCustom()" classname="org.springframework.test.web.servlet.htmlunit.MockMvcConnectionBuilderSupportTests" time="0.003"/>
  <system-out><![CDATA[]]></system-out>
  <system-err><![CDATA[]]></system-err>
</testsuite>
