<?xml version="1.0" encoding="UTF-8"?>
<testsuite name="org.springframework.test.context.jdbc.RepeatableSqlAnnotationSqlScriptsChildTests" tests="2" skipped="0" failures="0" errors="0" timestamp="2021-04-26T07:40:53" hostname="wangweilideMacBook-Pro.local" time="0.01">
  <properties/>
  <testcase name="classLevelScripts()" classname="org.springframework.test.context.jdbc.RepeatableSqlAnnotationSqlScriptsChildTests" time="0.004"/>
  <testcase name="methodLevelScripts()" classname="org.springframework.test.context.jdbc.RepeatableSqlAnnotationSqlScriptsChildTests" time="0.005"/>
  <system-out><![CDATA[]]></system-out>
  <system-err><![CDATA[]]></system-err>
</testsuite>
