<?xml version="1.0" encoding="UTF-8"?>
<testsuite name="org.springframework.test.web.reactive.server.MockServerTests" tests="4" skipped="0" failures="0" errors="0" timestamp="2021-05-01T09:43:08" hostname="wangweilideMBP.lan" time="0.054">
  <properties/>
  <testcase name="exchangeResultHasCookieHeaders()" classname="org.springframework.test.web.reactive.server.MockServerTests" time="0.028"/>
  <testcase name="mutateDoesNotCreateNewSession()" classname="org.springframework.test.web.reactive.server.MockServerTests" time="0.016"/>
  <testcase name="responseBodyContentWithFluxExchangeResult()" classname="org.springframework.test.web.reactive.server.MockServerTests" time="0.005"/>
  <testcase name="mutateDoesCopy()" classname="org.springframework.test.web.reactive.server.MockServerTests" time="0.003"/>
  <system-out><![CDATA[]]></system-out>
  <system-err><![CDATA[]]></system-err>
</testsuite>
