<?xml version="1.0" encoding="UTF-8"?>
<testsuite name="org.springframework.test.context.jdbc.InferredDataSourceTransactionalSqlScriptsTests" tests="2" skipped="0" failures="0" errors="0" timestamp="2021-05-09T12:41:53" hostname="wangweilidembp" time="0.008">
  <properties/>
  <testcase name="database1()" classname="org.springframework.test.context.jdbc.InferredDataSourceTransactionalSqlScriptsTests" time="0.004"/>
  <testcase name="database2()" classname="org.springframework.test.context.jdbc.InferredDataSourceTransactionalSqlScriptsTests" time="0.004"/>
  <system-out><![CDATA[]]></system-out>
  <system-err><![CDATA[]]></system-err>
</testsuite>
