<?xml version="1.0" encoding="UTF-8"?>
<testsuite name="org.springframework.test.web.servlet.samples.client.standalone.resulthandlers.PrintingResultHandlerSmokeTests" tests="2" skipped="2" failures="0" errors="0" timestamp="2021-05-01T09:43:07" hostname="wangweilideMBP.lan" time="0.0">
  <properties/>
  <testcase name="printViaConsumer()" classname="org.springframework.test.web.servlet.samples.client.standalone.resulthandlers.PrintingResultHandlerSmokeTests" time="0.0">
    <skipped/>
  </testcase>
  <testcase name="returnResultAndPrint()" classname="org.springframework.test.web.servlet.samples.client.standalone.resulthandlers.PrintingResultHandlerSmokeTests" time="0.0">
    <skipped/>
  </testcase>
  <system-out><![CDATA[]]></system-out>
  <system-err><![CDATA[]]></system-err>
</testsuite>
