<?xml version="1.0" encoding="UTF-8"?>
<testsuite name="org.springframework.mock.http.server.reactive.MockServerHttpRequestTests" tests="7" skipped="0" failures="0" errors="0" timestamp="2021-04-26T07:41:26" hostname="wangweilideMacBook-Pro.local" time="0.03">
  <properties/>
  <testcase name="queryParams()" classname="org.springframework.mock.http.server.reactive.MockServerHttpRequestTests" time="0.001"/>
  <testcase name="cookieHeaderSet()" classname="org.springframework.mock.http.server.reactive.MockServerHttpRequestTests" time="0.001"/>
  <testcase name="[1] executable=org.springframework.mock.http.server.reactive.MockServerHttpRequestTests$$Lambda$2757/0x0000000801638c40@4fe3377c" classname="org.springframework.mock.http.server.reactive.MockServerHttpRequestTests" time="0.014"/>
  <testcase name="[2] executable=org.springframework.mock.http.server.reactive.MockServerHttpRequestTests$$Lambda$2758/0x0000000801639040@2ef4d0c6" classname="org.springframework.mock.http.server.reactive.MockServerHttpRequestTests" time="0.001"/>
  <testcase name="[3] executable=org.springframework.mock.http.server.reactive.MockServerHttpRequestTests$$Lambda$2759/0x0000000801639440@6de1a785" classname="org.springframework.mock.http.server.reactive.MockServerHttpRequestTests" time="0.001"/>
  <testcase name="[4] executable=org.springframework.mock.http.server.reactive.MockServerHttpRequestTests$$Lambda$2760/0x0000000801639840@489de514" classname="org.springframework.mock.http.server.reactive.MockServerHttpRequestTests" time="0.001"/>
  <testcase name="[5] executable=org.springframework.mock.http.server.reactive.MockServerHttpRequestTests$$Lambda$2761/0x0000000801639c40@57dd4bd1" classname="org.springframework.mock.http.server.reactive.MockServerHttpRequestTests" time="0.001"/>
  <system-out><![CDATA[]]></system-out>
  <system-err><![CDATA[]]></system-err>
</testsuite>
