<?xml version="1.0" encoding="UTF-8"?>
<testsuite name="org.springframework.test.web.reactive.server.HeaderAssertionTests" tests="12" skipped="0" failures="0" errors="0" timestamp="2021-05-01T09:43:10" hostname="wangweilideMBP.lan" time="0.009">
  <properties/>
  <testcase name="valueEquals()" classname="org.springframework.test.web.reactive.server.HeaderAssertionTests" time="0.002"/>
  <testcase name="cacheControl()" classname="org.springframework.test.web.reactive.server.HeaderAssertionTests" time="0.001"/>
  <testcase name="expires()" classname="org.springframework.test.web.reactive.server.HeaderAssertionTests" time="0.0"/>
  <testcase name="exists()" classname="org.springframework.test.web.reactive.server.HeaderAssertionTests" time="0.0"/>
  <testcase name="valuesMatch()" classname="org.springframework.test.web.reactive.server.HeaderAssertionTests" time="0.001"/>
  <testcase name="doesNotExist()" classname="org.springframework.test.web.reactive.server.HeaderAssertionTests" time="0.001"/>
  <testcase name="contentTypeCompatibleWith()" classname="org.springframework.test.web.reactive.server.HeaderAssertionTests" time="0.0"/>
  <testcase name="valuesMatcher()" classname="org.springframework.test.web.reactive.server.HeaderAssertionTests" time="0.0"/>
  <testcase name="valueEqualsWithMultipleValues()" classname="org.springframework.test.web.reactive.server.HeaderAssertionTests" time="0.0"/>
  <testcase name="valueMatcher()" classname="org.springframework.test.web.reactive.server.HeaderAssertionTests" time="0.0"/>
  <testcase name="valueMatches()" classname="org.springframework.test.web.reactive.server.HeaderAssertionTests" time="0.0"/>
  <testcase name="lastModified()" classname="org.springframework.test.web.reactive.server.HeaderAssertionTests" time="0.001"/>
  <system-out><![CDATA[17:43:10.802 [Test worker] ERROR o.s.t.w.r.s.ExchangeResult - Request details for assertion failure:

> GET /
> 

No content

< 200 OK OK
< foo: [bar]

No content

17:43:10.802 [Test worker] ERROR o.s.t.w.r.s.ExchangeResult - Request details for assertion failure:

> GET /
> 

No content

< 200 OK OK
< foo: [bar]

No content

17:43:10.803 [Test worker] ERROR o.s.t.w.r.s.ExchangeResult - Request details for assertion failure:

> GET /
> 

No content

< 200 OK OK
< foo: [bar]

No content

17:43:10.803 [Test worker] ERROR o.s.t.w.r.s.ExchangeResult - Request details for assertion failure:

> GET /
> 

No content

< 200 OK OK
< Cache-Control: [max-age=3600, no-transform]

No content

17:43:10.804 [Test worker] ERROR o.s.t.w.r.s.ExchangeResult - Request details for assertion failure:

> GET /
> 

No content

< 200 OK OK
< Expires: [Mon, 01 Jan 2018 00:00:00 GMT]

No content

17:43:10.805 [Test worker] ERROR o.s.t.w.r.s.ExchangeResult - Request details for assertion failure:

> GET /
> 

No content

< 200 OK OK
< Content-Type: [application/json]

No content

17:43:10.806 [Test worker] ERROR o.s.t.w.r.s.ExchangeResult - Request details for assertion failure:

> GET /
> 

No content

< 200 OK OK
< foo: [value1, value2, value3]

No content

17:43:10.806 [Test worker] ERROR o.s.t.w.r.s.ExchangeResult - Request details for assertion failure:

> GET /
> 

No content

< 200 OK OK
< foo: [value1, value2, value3]

No content

17:43:10.807 [Test worker] ERROR o.s.t.w.r.s.ExchangeResult - Request details for assertion failure:

> GET /
> 

No content

< 200 OK OK
< Content-Type: [application/json;charset=UTF-8]

No content

17:43:10.807 [Test worker] ERROR o.s.t.w.r.s.ExchangeResult - Request details for assertion failure:

> GET /
> 

No content

< 200 OK OK
< Content-Type: [application/xml]

No content

17:43:10.808 [Test worker] ERROR o.s.t.w.r.s.ExchangeResult - Request details for assertion failure:

> GET /
> 

No content

< 200 OK OK
< foo: [bar, baz]

No content

17:43:10.808 [Test worker] ERROR o.s.t.w.r.s.ExchangeResult - Request details for assertion failure:

> GET /
> 

No content

< 200 OK OK
< foo: [bar, baz]

No content

17:43:10.809 [Test worker] ERROR o.s.t.w.r.s.ExchangeResult - Request details for assertion failure:

> GET /
> 

No content

< 200 OK OK
< Content-Type: [application/json;charset=UTF-8]

No content

17:43:10.810 [Test worker] ERROR o.s.t.w.r.s.ExchangeResult - Request details for assertion failure:

> GET /
> 

No content

< 200 OK OK
< Last-Modified: [Mon, 01 Jan 2018 00:00:00 GMT]

No content

]]></system-out>
  <system-err><![CDATA[]]></system-err>
</testsuite>
