<?xml version="1.0" encoding="UTF-8"?>
<testsuite name="org.springframework.test.web.servlet.samples.client.standalone.resultmatches.UrlAssertionTests" tests="4" skipped="0" failures="0" errors="0" timestamp="2021-05-09T12:42:16" hostname="wangweilidembp" time="0.038">
  <properties/>
  <testcase name="testRedirectPattern()" classname="org.springframework.test.web.servlet.samples.client.standalone.resultmatches.UrlAssertionTests" time="0.001"/>
  <testcase name="testForward()" classname="org.springframework.test.web.servlet.samples.client.standalone.resultmatches.UrlAssertionTests" time="0.001"/>
  <testcase name="testRedirect()" classname="org.springframework.test.web.servlet.samples.client.standalone.resultmatches.UrlAssertionTests" time="0.001"/>
  <testcase name="testForwardPattern()" classname="org.springframework.test.web.servlet.samples.client.standalone.resultmatches.UrlAssertionTests" time="0.001"/>
  <system-out><![CDATA[]]></system-out>
  <system-err><![CDATA[]]></system-err>
</testsuite>
