<?xml version="1.0" encoding="UTF-8"?>
<testsuite name="Nested config - before and after test class modes" tests="5" skipped="0" failures="0" errors="0" timestamp="2021-05-09T12:41:56" hostname="wangweilidembp" time="0.013">
  <properties/>
  <testcase name="onNestedClassWithConfigOverriddenByDefaultWithAfterClass()" classname="org.springframework.test.context.support.DirtiesContextTestExecutionListenerTests$NestedBeforeAndAfterTestClassTests" time="0.002"/>
  <testcase name="onNestedClassWithOverriddenConfigWithAfterClass()" classname="org.springframework.test.context.support.DirtiesContextTestExecutionListenerTests$NestedBeforeAndAfterTestClassTests" time="0.002"/>
  <testcase name="onNestedClassWithInheritedConfigWithBeforeClass()" classname="org.springframework.test.context.support.DirtiesContextTestExecutionListenerTests$NestedBeforeAndAfterTestClassTests" time="0.002"/>
  <testcase name="onTopLevelClassWithBeforeClass()" classname="org.springframework.test.context.support.DirtiesContextTestExecutionListenerTests$NestedBeforeAndAfterTestClassTests" time="0.002"/>
  <testcase name="onNestedClassWithInheritedConfigButOverriddenWithBeforeClass()" classname="org.springframework.test.context.support.DirtiesContextTestExecutionListenerTests$NestedBeforeAndAfterTestClassTests" time="0.003"/>
  <system-out><![CDATA[]]></system-out>
  <system-err><![CDATA[]]></system-err>
</testsuite>
