<?xml version="1.0" encoding="UTF-8"?>
<testsuite name="org.springframework.test.context.web.ServletTestExecutionListenerTests" tests="6" skipped="0" failures="0" errors="0" timestamp="2021-04-26T07:40:53" hostname="wangweilideMacBook-Pro.local" time="0.059">
  <properties/>
  <testcase name="legacyWebTestCaseWithPresetRequestAttributes()" classname="org.springframework.test.context.web.ServletTestExecutionListenerTests" time="0.004"/>
  <testcase name="standardApplicationContext()" classname="org.springframework.test.context.web.ServletTestExecutionListenerTests" time="0.037"/>
  <testcase name="activateListenerWithoutExistingRequestAttributes()" classname="org.springframework.test.context.web.ServletTestExecutionListenerTests" time="0.005"/>
  <testcase name="atWebAppConfigTestCaseWithoutExistingRequestAttributes()" classname="org.springframework.test.context.web.ServletTestExecutionListenerTests" time="0.004"/>
  <testcase name="legacyWebTestCaseWithoutExistingRequestAttributes()" classname="org.springframework.test.context.web.ServletTestExecutionListenerTests" time="0.002"/>
  <testcase name="atWebAppConfigTestCaseWithPresetRequestAttributes()" classname="org.springframework.test.context.web.ServletTestExecutionListenerTests" time="0.005"/>
  <system-out><![CDATA[]]></system-out>
  <system-err><![CDATA[]]></system-err>
</testsuite>
