<?xml version="1.0" encoding="UTF-8"?>
<testsuite name="org.springframework.test.context.junit4.aci.annotation.MergedInitializersAnnotationConfigTests" tests="1" skipped="0" failures="0" errors="0" timestamp="2021-05-01T09:43:17" hostname="wangweilideMBP.lan" time="0.0">
  <properties/>
  <testcase name="activeBeans" classname="org.springframework.test.context.junit4.aci.annotation.MergedInitializersAnnotationConfigTests" time="0.0"/>
  <system-out><![CDATA[]]></system-out>
  <system-err><![CDATA[]]></system-err>
</testsuite>
