<?xml version="1.0" encoding="UTF-8"?>
<testsuite name="org.springframework.mock.web.MockPageContextTests" tests="2" skipped="0" failures="0" errors="0" timestamp="2021-05-01T09:43:11" hostname="wangweilideMBP.lan" time="0.001">
  <properties/>
  <testcase name="removeAttributeWithNoScopeSpecifiedRemovesValueFromAllScopes()" classname="org.springframework.mock.web.MockPageContextTests" time="0.001"/>
  <testcase name="setAttributeWithNoScopeUsesPageScope()" classname="org.springframework.mock.web.MockPageContextTests" time="0.0"/>
  <system-out><![CDATA[]]></system-out>
  <system-err><![CDATA[]]></system-err>
</testsuite>
