<?xml version="1.0" encoding="UTF-8"?>
<testsuite name="org.springframework.test.util.XmlExpectationsHelperTests" tests="5" skipped="0" failures="0" errors="0" timestamp="2021-04-26T07:40:57" hostname="wangweilideMacBook-Pro.local" time="0.448">
  <properties/>
  <testcase name="assertXmlEqualForEqual()" classname="org.springframework.test.util.XmlExpectationsHelperTests" time="0.355"/>
  <testcase name="assertXmlEqualExceptionForIncorrectValue()" classname="org.springframework.test.util.XmlExpectationsHelperTests" time="0.023"/>
  <testcase name="assertXmlEqualForOutOfOrder()" classname="org.springframework.test.util.XmlExpectationsHelperTests" time="0.024"/>
  <testcase name="assertXmlEqualExceptionForMoreEntries()" classname="org.springframework.test.util.XmlExpectationsHelperTests" time="0.024"/>
  <testcase name="assertXmlEqualExceptionForLessEntries()" classname="org.springframework.test.util.XmlExpectationsHelperTests" time="0.022"/>
  <system-out><![CDATA[]]></system-out>
  <system-err><![CDATA[]]></system-err>
</testsuite>
