<?xml version="1.0" encoding="UTF-8"?>
<testsuite name="org.springframework.test.web.client.samples.SampleTests" tests="7" skipped="0" failures="0" errors="0" timestamp="2021-05-09T12:42:25" hostname="wangweilidembp" time="0.086">
  <properties/>
  <testcase name="performGetManyTimes()" classname="org.springframework.test.web.client.samples.SampleTests" time="0.012"/>
  <testcase name="expectNeverViolated()" classname="org.springframework.test.web.client.samples.SampleTests" time="0.01"/>
  <testcase name="verify()" classname="org.springframework.test.web.client.samples.SampleTests" time="0.008"/>
  <testcase name="performGetWithResponseBodyFromFile()" classname="org.springframework.test.web.client.samples.SampleTests" time="0.011"/>
  <testcase name="repeatedAccessToResponseViaResource()" classname="org.springframework.test.web.client.samples.SampleTests" time="0.022"/>
  <testcase name="expectNever()" classname="org.springframework.test.web.client.samples.SampleTests" time="0.01"/>
  <testcase name="performGet()" classname="org.springframework.test.web.client.samples.SampleTests" time="0.011"/>
  <system-out><![CDATA[]]></system-out>
  <system-err><![CDATA[]]></system-err>
</testsuite>
