<?xml version="1.0" encoding="UTF-8"?>
<testsuite name="org.springframework.test.web.servlet.samples.standalone.FrameworkExtensionTests" tests="2" skipped="0" failures="0" errors="0" timestamp="2021-05-01T09:42:50" hostname="wangweilideMBP.lan" time="0.035">
  <properties/>
  <testcase name="fooHeader()" classname="org.springframework.test.web.servlet.samples.standalone.FrameworkExtensionTests" time="0.022"/>
  <testcase name="barHeader()" classname="org.springframework.test.web.servlet.samples.standalone.FrameworkExtensionTests" time="0.013"/>
  <system-out><![CDATA[]]></system-out>
  <system-err><![CDATA[]]></system-err>
</testsuite>
