<?xml version="1.0" encoding="UTF-8"?>
<testsuite name="org.springframework.test.context.junit.jupiter.event.JUnitJupiterApplicationEventsIntegrationTests$TestInstancePerMethodTests" tests="2" skipped="0" failures="0" errors="0" timestamp="2021-05-09T12:41:53" hostname="wangweilidembp" time="0.007">
  <properties/>
  <testcase name="test1(ApplicationEvents, TestInfo)" classname="org.springframework.test.context.junit.jupiter.event.JUnitJupiterApplicationEventsIntegrationTests$TestInstancePerMethodTests" time="0.005"/>
  <testcase name="test2(ApplicationEvents, TestInfo)" classname="org.springframework.test.context.junit.jupiter.event.JUnitJupiterApplicationEventsIntegrationTests$TestInstancePerMethodTests" time="0.001"/>
  <system-out><![CDATA[]]></system-out>
  <system-err><![CDATA[]]></system-err>
</testsuite>
