<?xml version="1.0" encoding="UTF-8"?>
<testsuite name="org.springframework.test.web.servlet.samples.client.standalone.resultmatches.ModelAssertionTests" tests="5" skipped="0" failures="0" errors="0" timestamp="2021-05-01T09:43:06" hostname="wangweilideMBP.lan" time="0.039">
  <properties/>
  <testcase name="attributeHamcrestMatchers()" classname="org.springframework.test.web.servlet.samples.client.standalone.resultmatches.ModelAssertionTests" time="0.001"/>
  <testcase name="attributeExists()" classname="org.springframework.test.web.servlet.samples.client.standalone.resultmatches.ModelAssertionTests" time="0.001"/>
  <testcase name="hasNoErrors()" classname="org.springframework.test.web.servlet.samples.client.standalone.resultmatches.ModelAssertionTests" time="0.001"/>
  <testcase name="attributeEqualTo()" classname="org.springframework.test.web.servlet.samples.client.standalone.resultmatches.ModelAssertionTests" time="0.001"/>
  <testcase name="hasErrors()" classname="org.springframework.test.web.servlet.samples.client.standalone.resultmatches.ModelAssertionTests" time="0.003"/>
  <system-out><![CDATA[]]></system-out>
  <system-err><![CDATA[]]></system-err>
</testsuite>
