<?xml version="1.0" encoding="UTF-8"?>
<testsuite name="org.springframework.mock.web.MockMultipartHttpServletRequestTests" tests="3" skipped="0" failures="0" errors="0" timestamp="2021-04-26T07:41:26" hostname="wangweilideMacBook-Pro.local" time="0.001">
  <properties/>
  <testcase name="mockMultiPartHttpServletRequestWithMixedData()" classname="org.springframework.mock.web.MockMultipartHttpServletRequestTests" time="0.0"/>
  <testcase name="mockMultipartHttpServletRequestWithByteArray()" classname="org.springframework.mock.web.MockMultipartHttpServletRequestTests" time="0.001"/>
  <testcase name="mockMultipartHttpServletRequestWithInputStream()" classname="org.springframework.mock.web.MockMultipartHttpServletRequestTests" time="0.0"/>
  <system-out><![CDATA[]]></system-out>
  <system-err><![CDATA[]]></system-err>
</testsuite>
