<?xml version="1.0" encoding="UTF-8"?>
<testsuite name="@DynamicPropertySource integration tests" tests="2" skipped="0" failures="0" errors="0" timestamp="2021-05-01T09:42:39" hostname="wangweilideMBP.lan" time="0.004">
  <properties/>
  <testcase name="@Service has values injected from @DynamicPropertySource" classname="org.springframework.test.context.DynamicPropertySourceIntegrationTests" time="0.001"/>
  <testcase name="@DynamicPropertySource overrides @TestPropertySource and JVM system property" classname="org.springframework.test.context.DynamicPropertySourceIntegrationTests" time="0.003"/>
  <system-out><![CDATA[]]></system-out>
  <system-err><![CDATA[]]></system-err>
</testsuite>
