<?xml version="1.0" encoding="UTF-8"?>
<testsuite name="org.springframework.test.web.reactive.server.samples.GlobalEntityResultConsumerTests" tests="3" skipped="0" failures="0" errors="0" timestamp="2021-04-26T07:41:23" hostname="wangweilideMacBook-Pro.local" time="0.138">
  <properties/>
  <testcase name="entityList()" classname="org.springframework.test.web.reactive.server.samples.GlobalEntityResultConsumerTests" time="0.017"/>
  <testcase name="entity()" classname="org.springframework.test.web.reactive.server.samples.GlobalEntityResultConsumerTests" time="0.006"/>
  <testcase name="json()" classname="org.springframework.test.web.reactive.server.samples.GlobalEntityResultConsumerTests" time="0.021"/>
  <system-out><![CDATA[]]></system-out>
  <system-err><![CDATA[]]></system-err>
</testsuite>
