<?xml version="1.0" encoding="UTF-8"?>
<testsuite name="org.springframework.test.web.servlet.samples.client.standalone.resultmatches.CookieAssertionTests" tests="9" skipped="0" failures="0" errors="0" timestamp="2021-05-09T12:42:17" hostname="wangweilidembp" time="0.121">
  <properties/>
  <testcase name="testEqualTo()" classname="org.springframework.test.web.servlet.samples.client.standalone.resultmatches.CookieAssertionTests" time="0.015"/>
  <testcase name="testPath()" classname="org.springframework.test.web.servlet.samples.client.standalone.resultmatches.CookieAssertionTests" time="0.012"/>
  <testcase name="testMatcher()" classname="org.springframework.test.web.servlet.samples.client.standalone.resultmatches.CookieAssertionTests" time="0.015"/>
  <testcase name="testHttpOnly()" classname="org.springframework.test.web.servlet.samples.client.standalone.resultmatches.CookieAssertionTests" time="0.014"/>
  <testcase name="testDomain()" classname="org.springframework.test.web.servlet.samples.client.standalone.resultmatches.CookieAssertionTests" time="0.012"/>
  <testcase name="testExists()" classname="org.springframework.test.web.servlet.samples.client.standalone.resultmatches.CookieAssertionTests" time="0.011"/>
  <testcase name="testMaxAge()" classname="org.springframework.test.web.servlet.samples.client.standalone.resultmatches.CookieAssertionTests" time="0.012"/>
  <testcase name="testNotExists()" classname="org.springframework.test.web.servlet.samples.client.standalone.resultmatches.CookieAssertionTests" time="0.013"/>
  <testcase name="testSecured()" classname="org.springframework.test.web.servlet.samples.client.standalone.resultmatches.CookieAssertionTests" time="0.013"/>
  <system-out><![CDATA[]]></system-out>
  <system-err><![CDATA[]]></system-err>
</testsuite>
