<?xml version="1.0" encoding="UTF-8"?>
<testsuite name="org.springframework.test.context.junit4.ClassLevelTransactionalSpringRunnerTests" tests="2" skipped="0" failures="0" errors="0" timestamp="2021-05-09T12:42:33" hostname="wangweilidembp" time="0.013">
  <properties/>
  <testcase name="modifyTestDataWithinTransaction" classname="org.springframework.test.context.junit4.ClassLevelTransactionalSpringRunnerTests" time="0.006"/>
  <testcase name="modifyTestDataWithoutTransaction" classname="org.springframework.test.context.junit4.ClassLevelTransactionalSpringRunnerTests" time="0.006"/>
  <system-out><![CDATA[]]></system-out>
  <system-err><![CDATA[]]></system-err>
</testsuite>
