<?xml version="1.0" encoding="UTF-8"?>
<testsuite name="@SpringJUnitConfig Tests" tests="2" skipped="0" failures="0" errors="0" timestamp="2021-05-01T09:42:44" hostname="wangweilideMBP.lan" time="0.001">
  <properties/>
  <testcase name="ApplicationContext injected into method" classname="org.springframework.test.context.junit.jupiter.ComposedSpringExtensionTests" time="0.0"/>
  <testcase name="Spring @Beans injected into fields" classname="org.springframework.test.context.junit.jupiter.ComposedSpringExtensionTests" time="0.001"/>
  <system-out><![CDATA[]]></system-out>
  <system-err><![CDATA[]]></system-err>
</testsuite>
