<?xml version="1.0" encoding="UTF-8"?>
<testsuite name="org.springframework.mock.web.MockHttpSessionTests" tests="17" skipped="0" failures="0" errors="0" timestamp="2021-04-26T07:41:26" hostname="wangweilideMacBook-Pro.local" time="0.01">
  <properties/>
  <testcase name="getAttributeNamesOnInvalidatedSession()" classname="org.springframework.mock.web.MockHttpSessionTests" time="0.001"/>
  <testcase name="isNewOnInvalidatedSession()" classname="org.springframework.mock.web.MockHttpSessionTests" time="0.001"/>
  <testcase name="invalidateTwice()" classname="org.springframework.mock.web.MockHttpSessionTests" time="0.0"/>
  <testcase name="getValueOnInvalidatedSession()" classname="org.springframework.mock.web.MockHttpSessionTests" time="0.0"/>
  <testcase name="getCreationTimeOnInvalidatedSession()" classname="org.springframework.mock.web.MockHttpSessionTests" time="0.001"/>
  <testcase name="getLastAccessedTimeOnInvalidatedSession()" classname="org.springframework.mock.web.MockHttpSessionTests" time="0.0"/>
  <testcase name="putValueOnInvalidatedSession()" classname="org.springframework.mock.web.MockHttpSessionTests" time="0.001"/>
  <testcase name="bindingListenerBindListenerThenUnbind()" classname="org.springframework.mock.web.MockHttpSessionTests" time="0.001"/>
  <testcase name="getAttributeOnInvalidatedSession()" classname="org.springframework.mock.web.MockHttpSessionTests" time="0.0"/>
  <testcase name="getValueNamesOnInvalidatedSession()" classname="org.springframework.mock.web.MockHttpSessionTests" time="0.001"/>
  <testcase name="removeValueOnInvalidatedSession()" classname="org.springframework.mock.web.MockHttpSessionTests" time="0.0"/>
  <testcase name="removeAttributeOnInvalidatedSession()" classname="org.springframework.mock.web.MockHttpSessionTests" time="0.0"/>
  <testcase name="bindingListenerBindSameListenerTwice()" classname="org.springframework.mock.web.MockHttpSessionTests" time="0.0"/>
  <testcase name="bindingListenerBindListenerOverwrite()" classname="org.springframework.mock.web.MockHttpSessionTests" time="0.001"/>
  <testcase name="invalidateOnce()" classname="org.springframework.mock.web.MockHttpSessionTests" time="0.0"/>
  <testcase name="setAttributeOnInvalidatedSession()" classname="org.springframework.mock.web.MockHttpSessionTests" time="0.001"/>
  <testcase name="bindingListenerBindListener()" classname="org.springframework.mock.web.MockHttpSessionTests" time="0.0"/>
  <system-out><![CDATA[]]></system-out>
  <system-err><![CDATA[]]></system-err>
</testsuite>
