<?xml version="1.0" encoding="UTF-8"?>
<testsuite name="with FileSystemResourceLoader" tests="4" skipped="0" failures="0" errors="0" timestamp="2021-05-09T12:42:26" hostname="wangweilidembp" time="0.006">
  <properties/>
  <testcase name="getResourceWithRelativePathToWindowsCDrive()" classname="org.springframework.mock.web.MockServletContextTests$MockServletContextWithFileSystemResourceLoaderTests" time="0.001"/>
  <testcase name="getResourcePathsWithRelativePathToWindowsCDrive()" classname="org.springframework.mock.web.MockServletContextTests$MockServletContextWithFileSystemResourceLoaderTests" time="0.0"/>
  <testcase name="getRealPathWithRelativePathToWindowsCDrive()" classname="org.springframework.mock.web.MockServletContextTests$MockServletContextWithFileSystemResourceLoaderTests" time="0.003"/>
  <testcase name="getResourceAsStreamWithRelativePathToWindowsCDrive()" classname="org.springframework.mock.web.MockServletContextTests$MockServletContextWithFileSystemResourceLoaderTests" time="0.001"/>
  <system-out><![CDATA[]]></system-out>
  <system-err><![CDATA[]]></system-err>
</testsuite>
