<?xml version="1.0" encoding="UTF-8"?>
<testsuite name="org.springframework.test.web.servlet.samples.client.context.JavaConfigTests" tests="2" skipped="0" failures="0" errors="0" timestamp="2021-05-01T09:42:57" hostname="wangweilideMBP.lan" time="0.01">
  <properties/>
  <testcase name="person()" classname="org.springframework.test.web.servlet.samples.client.context.JavaConfigTests" time="0.004"/>
  <testcase name="tilesDefinitions()" classname="org.springframework.test.web.servlet.samples.client.context.JavaConfigTests" time="0.006"/>
  <system-out><![CDATA[]]></system-out>
  <system-err><![CDATA[]]></system-err>
</testsuite>
