<?xml version="1.0" encoding="UTF-8"?>
<testsuite name="org.springframework.test.context.junit4.SpringJUnit4ClassRunnerTests" tests="3" skipped="0" failures="0" errors="0" timestamp="2021-04-26T07:41:43" hostname="wangweilideMacBook-Pro.local" time="0.012">
  <properties/>
  <testcase name="getSpringTimeoutViaMetaAnnotationWithOverride" classname="org.springframework.test.context.junit4.SpringJUnit4ClassRunnerTests" time="0.004"/>
  <testcase name="checkThatExceptionsAreNotSilentlySwallowed" classname="org.springframework.test.context.junit4.SpringJUnit4ClassRunnerTests" time="0.006"/>
  <testcase name="getSpringTimeoutViaMetaAnnotation" classname="org.springframework.test.context.junit4.SpringJUnit4ClassRunnerTests" time="0.002"/>
  <system-out><![CDATA[]]></system-out>
  <system-err><![CDATA[]]></system-err>
</testsuite>
