<?xml version="1.0" encoding="UTF-8"?>
<testsuite name="org.springframework.test.context.junit.jupiter.event.PublishedEventsIntegrationTests" tests="1" skipped="0" failures="0" errors="0" timestamp="2021-04-26T07:40:53" hostname="wangweilideMacBook-Pro.local" time="0.004">
  <properties/>
  <testcase name="test(PublishedEvents)" classname="org.springframework.test.context.junit.jupiter.event.PublishedEventsIntegrationTests" time="0.004"/>
  <system-out><![CDATA[]]></system-out>
  <system-err><![CDATA[]]></system-err>
</testsuite>
