<?xml version="1.0" encoding="UTF-8"?>
<testsuite name="org.springframework.test.web.servlet.htmlunit.MockMvcWebConnectionTests" tests="6" skipped="0" failures="0" errors="0" timestamp="2021-04-26T07:41:20" hostname="wangweilideMacBook-Pro.local" time="0.455">
  <properties/>
  <testcase name="contextPathDoesNotStartWithSlash()" classname="org.springframework.test.web.servlet.htmlunit.MockMvcWebConnectionTests" time="0.0"/>
  <testcase name="forward()" classname="org.springframework.test.web.servlet.htmlunit.MockMvcWebConnectionTests" time="0.311"/>
  <testcase name="contextPathEmpty()" classname="org.springframework.test.web.servlet.htmlunit.MockMvcWebConnectionTests" time="0.034"/>
  <testcase name="contextPathEndsWithSlash()" classname="org.springframework.test.web.servlet.htmlunit.MockMvcWebConnectionTests" time="0.001"/>
  <testcase name="contextPathExplicit()" classname="org.springframework.test.web.servlet.htmlunit.MockMvcWebConnectionTests" time="0.013"/>
  <testcase name="contextPathNull()" classname="org.springframework.test.web.servlet.htmlunit.MockMvcWebConnectionTests" time="0.013"/>
  <system-out><![CDATA[]]></system-out>
  <system-err><![CDATA[]]></system-err>
</testsuite>
