<?xml version="1.0" encoding="UTF-8"?>
<testsuite name="org.springframework.test.context.jdbc.MergedSqlConfigTests" tests="14" skipped="0" failures="0" errors="0" timestamp="2021-05-01T09:42:47" hostname="wangweilideMBP.lan" time="0.696">
  <properties/>
  <testcase name="localConfigWithContinueOnError()" classname="org.springframework.test.context.jdbc.MergedSqlConfigTests" time="0.001"/>
  <testcase name="localConfigWithEmptyCommentPrefixes()" classname="org.springframework.test.context.jdbc.MergedSqlConfigTests" time="0.0"/>
  <testcase name="localConfigWithDefaults()" classname="org.springframework.test.context.jdbc.MergedSqlConfigTests" time="0.688"/>
  <testcase name="globalConfigWithEmptyCommentPrefix()" classname="org.springframework.test.context.jdbc.MergedSqlConfigTests" time="0.001"/>
  <testcase name="globalConfigWithEmptyCommentPrefixes()" classname="org.springframework.test.context.jdbc.MergedSqlConfigTests" time="0.001"/>
  <testcase name="localConfigWithIgnoreFailedDrops()" classname="org.springframework.test.context.jdbc.MergedSqlConfigTests" time="0.0"/>
  <testcase name="localConfigWithCustomValues()" classname="org.springframework.test.context.jdbc.MergedSqlConfigTests" time="0.001"/>
  <testcase name="nullLocalSqlConfig()" classname="org.springframework.test.context.jdbc.MergedSqlConfigTests" time="0.001"/>
  <testcase name="nullTestClass()" classname="org.springframework.test.context.jdbc.MergedSqlConfigTests" time="0.0"/>
  <testcase name="localConfigWithEmptyCommentPrefix()" classname="org.springframework.test.context.jdbc.MergedSqlConfigTests" time="0.0"/>
  <testcase name="localConfigWithCustomCommentPrefixes()" classname="org.springframework.test.context.jdbc.MergedSqlConfigTests" time="0.0"/>
  <testcase name="localConfigWithMultipleCommentPrefixes()" classname="org.springframework.test.context.jdbc.MergedSqlConfigTests" time="0.0"/>
  <testcase name="localConfigWithDuplicatedCommentPrefixes()" classname="org.springframework.test.context.jdbc.MergedSqlConfigTests" time="0.0"/>
  <testcase name="globalConfigWithDuplicatedCommentPrefixes()" classname="org.springframework.test.context.jdbc.MergedSqlConfigTests" time="0.0"/>
  <system-out><![CDATA[]]></system-out>
  <system-err><![CDATA[]]></system-err>
</testsuite>
