<?xml version="1.0" encoding="UTF-8"?>
<testsuite name="org.springframework.test.web.reactive.server.ApplicationContextSpecTests" tests="1" skipped="0" failures="0" errors="0" timestamp="2021-04-26T07:41:21" hostname="wangweilideMacBook-Pro.local" time="0.073">
  <properties/>
  <testcase name="sessionManagerBean()" classname="org.springframework.test.web.reactive.server.ApplicationContextSpecTests" time="0.073"/>
  <system-out><![CDATA[]]></system-out>
  <system-err><![CDATA[]]></system-err>
</testsuite>
