<?xml version="1.0" encoding="UTF-8"?>
<testsuite name="org.springframework.test.context.support.CustomizedGenericXmlContextLoaderTests" tests="1" skipped="0" failures="0" errors="0" timestamp="2021-05-09T12:41:55" hostname="wangweilidembp" time="0.02">
  <properties/>
  <testcase name="customizeContext()" classname="org.springframework.test.context.support.CustomizedGenericXmlContextLoaderTests" time="0.02"/>
  <system-out><![CDATA[]]></system-out>
  <system-err><![CDATA[]]></system-err>
</testsuite>
