<?xml version="1.0" encoding="UTF-8"?>
<testsuite name="org.springframework.test.context.junit4.spr9051.AnnotatedConfigClassesWithoutAtConfigurationTests" tests="1" skipped="0" failures="0" errors="0" timestamp="2021-05-01T09:43:17" hostname="wangweilideMBP.lan" time="0.001">
  <properties/>
  <testcase name="testSPR_9051" classname="org.springframework.test.context.junit4.spr9051.AnnotatedConfigClassesWithoutAtConfigurationTests" time="0.001"/>
  <system-out><![CDATA[]]></system-out>
  <system-err><![CDATA[]]></system-err>
</testsuite>
