<?xml version="1.0" encoding="UTF-8"?>
<testsuite name="org.springframework.test.annotation.ProfileValueUtilsTests" tests="3" skipped="0" failures="0" errors="0" timestamp="2021-05-09T12:42:25" hostname="wangweilidembp" time="0.022">
  <properties/>
  <testcase name="isTestEnabledInThisEnvironmentForProvidedClass()" classname="org.springframework.test.annotation.ProfileValueUtilsTests" time="0.019"/>
  <testcase name="isTestEnabledInThisEnvironmentForProvidedMethodAndClass()" classname="org.springframework.test.annotation.ProfileValueUtilsTests" time="0.001"/>
  <testcase name="isTestEnabledInThisEnvironmentForProvidedProfileValueSourceMethodAndClass()" classname="org.springframework.test.annotation.ProfileValueUtilsTests" time="0.001"/>
  <system-out><![CDATA[]]></system-out>
  <system-err><![CDATA[]]></system-err>
</testsuite>
