<?xml version="1.0" encoding="UTF-8"?>
<testsuite name="org.springframework.test.web.servlet.samples.standalone.AsyncTests" tests="10" skipped="0" failures="0" errors="0" timestamp="2021-05-09T12:42:03" hostname="wangweilidembp" time="0.774">
  <properties/>
  <testcase name="printAsyncResult()" classname="org.springframework.test.web.servlet.samples.standalone.AsyncTests" time="0.116"/>
  <testcase name="streaming()" classname="org.springframework.test.web.servlet.samples.standalone.AsyncTests" time="0.003"/>
  <testcase name="callable()" classname="org.springframework.test.web.servlet.samples.standalone.AsyncTests" time="0.004"/>
  <testcase name="completableFutureWithImmediateValue()" classname="org.springframework.test.web.servlet.samples.standalone.AsyncTests" time="0.005"/>
  <testcase name="listenableFuture()" classname="org.springframework.test.web.servlet.samples.standalone.AsyncTests" time="0.109"/>
  <testcase name="deferredResultWithImmediateValue()" classname="org.springframework.test.web.servlet.samples.standalone.AsyncTests" time="0.002"/>
  <testcase name="deferredResult()" classname="org.springframework.test.web.servlet.samples.standalone.AsyncTests" time="0.104"/>
  <testcase name="streamingJson()" classname="org.springframework.test.web.servlet.samples.standalone.AsyncTests" time="0.004"/>
  <testcase name="streamingSlow()" classname="org.springframework.test.web.servlet.samples.standalone.AsyncTests" time="0.203"/>
  <testcase name="deferredResultWithDelayedError()" classname="org.springframework.test.web.servlet.samples.standalone.AsyncTests" time="0.108"/>
  <system-out><![CDATA[]]></system-out>
  <system-err><![CDATA[]]></system-err>
</testsuite>
