<?xml version="1.0" encoding="UTF-8"?>
<testsuite name="org.springframework.test.context.junit4.ExpectedExceptionSpringRunnerTests" tests="1" skipped="0" failures="0" errors="0" timestamp="2021-05-09T12:42:35" hostname="wangweilidembp" time="0.007">
  <properties/>
  <testcase name="expectedExceptions" classname="org.springframework.test.context.junit4.ExpectedExceptionSpringRunnerTests" time="0.007"/>
  <system-out><![CDATA[]]></system-out>
  <system-err><![CDATA[]]></system-err>
</testsuite>
