<?xml version="1.0" encoding="UTF-8"?>
<testsuite name="org.springframework.test.web.servlet.htmlunit.DelegatingWebConnectionTests" tests="4" skipped="1" failures="0" errors="0" timestamp="2021-05-01T09:43:08" hostname="wangweilideMBP.lan" time="0.015">
  <properties/>
  <testcase name="getResponseSecondMatches()" classname="org.springframework.test.web.servlet.htmlunit.DelegatingWebConnectionTests" time="0.013"/>
  <testcase name="getResponseAllMatches()" classname="org.springframework.test.web.servlet.htmlunit.DelegatingWebConnectionTests" time="0.001"/>
  <testcase name="verifyExampleInClassLevelJavadoc()" classname="org.springframework.test.web.servlet.htmlunit.DelegatingWebConnectionTests" time="0.0">
    <skipped/>
  </testcase>
  <testcase name="getResponseDefault()" classname="org.springframework.test.web.servlet.htmlunit.DelegatingWebConnectionTests" time="0.0"/>
  <system-out><![CDATA[]]></system-out>
  <system-err><![CDATA[]]></system-err>
</testsuite>
