<?xml version="1.0" encoding="UTF-8"?>
<testsuite name="org.springframework.test.web.reactive.server.WebTestClientExtensionsTests" tests="9" skipped="0" failures="0" errors="0" timestamp="2021-04-26T07:41:30" hostname="wangweilideMacBook-Pro.local" time="2.14">
  <properties/>
  <testcase name="ResponseSpec#expectBody with reified type parameters()" classname="org.springframework.test.web.reactive.server.WebTestClientExtensionsTests" time="0.4"/>
  <testcase name="RequestBodySpec#body with CompletableFuture and reified type parameters()" classname="org.springframework.test.web.reactive.server.WebTestClientExtensionsTests" time="1.094"/>
  <testcase name="ResponseSpec#expectBodyList with reified type parameters()" classname="org.springframework.test.web.reactive.server.WebTestClientExtensionsTests" time="0.152"/>
  <testcase name="KotlinBodySpec#isEqualTo()" classname="org.springframework.test.web.reactive.server.WebTestClientExtensionsTests" time="0.041"/>
  <testcase name="RequestBodySpec#body with Publisher and reified type parameters()" classname="org.springframework.test.web.reactive.server.WebTestClientExtensionsTests" time="0.135"/>
  <testcase name="ResponseSpec#returnResult with reified type parameters()" classname="org.springframework.test.web.reactive.server.WebTestClientExtensionsTests" time="0.093"/>
  <testcase name="RequestBodySpec#body with Flow and reified type parameters()" classname="org.springframework.test.web.reactive.server.WebTestClientExtensionsTests" time="0.136"/>
  <testcase name="KotlinBodySpec#consumeWith()" classname="org.springframework.test.web.reactive.server.WebTestClientExtensionsTests" time="0.031"/>
  <testcase name="KotlinBodySpec#returnResult()" classname="org.springframework.test.web.reactive.server.WebTestClientExtensionsTests" time="0.038"/>
  <system-out><![CDATA[]]></system-out>
  <system-err><![CDATA[]]></system-err>
</testsuite>
