<?xml version="1.0" encoding="UTF-8"?>
<testsuite name="org.springframework.test.web.reactive.server.MockServerTests" tests="4" skipped="0" failures="0" errors="0" timestamp="2021-05-09T12:42:20" hostname="wangweilidembp" time="0.11">
  <properties/>
  <testcase name="exchangeResultHasCookieHeaders()" classname="org.springframework.test.web.reactive.server.MockServerTests" time="0.056"/>
  <testcase name="mutateDoesNotCreateNewSession()" classname="org.springframework.test.web.reactive.server.MockServerTests" time="0.033"/>
  <testcase name="responseBodyContentWithFluxExchangeResult()" classname="org.springframework.test.web.reactive.server.MockServerTests" time="0.013"/>
  <testcase name="mutateDoesCopy()" classname="org.springframework.test.web.reactive.server.MockServerTests" time="0.007"/>
  <system-out><![CDATA[]]></system-out>
  <system-err><![CDATA[]]></system-err>
</testsuite>
