<?xml version="1.0" encoding="UTF-8"?>
<testsuite name="org.springframework.test.web.servlet.samples.client.standalone.RequestParameterTests" tests="1" skipped="0" failures="0" errors="0" timestamp="2021-05-09T12:42:16" hostname="wangweilidembp" time="0.014">
  <properties/>
  <testcase name="queryParameter()" classname="org.springframework.test.web.servlet.samples.client.standalone.RequestParameterTests" time="0.014"/>
  <system-out><![CDATA[]]></system-out>
  <system-err><![CDATA[]]></system-err>
</testsuite>
