<?xml version="1.0" encoding="UTF-8"?>
<testsuite name="org.springframework.test.context.junit4.annotation.DefaultLoaderExplicitConfigClassesInheritedTests" tests="2" skipped="0" failures="0" errors="0" timestamp="2021-05-09T12:42:35" hostname="wangweilidembp" time="0.002">
  <properties/>
  <testcase name="verifyPetSetFromExtendedContextConfig" classname="org.springframework.test.context.junit4.annotation.DefaultLoaderExplicitConfigClassesInheritedTests" time="0.001"/>
  <testcase name="verifyEmployeeSetFromBaseContextConfig" classname="org.springframework.test.context.junit4.annotation.DefaultLoaderExplicitConfigClassesInheritedTests" time="0.001"/>
  <system-out><![CDATA[]]></system-out>
  <system-err><![CDATA[]]></system-err>
</testsuite>
