<?xml version="1.0" encoding="UTF-8"?>
<testsuite name="Before and after test class" tests="9" skipped="0" failures="0" errors="0" timestamp="2021-04-26T07:40:55" hostname="wangweilideMacBook-Pro.local" time="0.015">
  <properties/>
  <testcase name="declaredLocallyOnClassBeforeEachTestMethod()" classname="org.springframework.test.context.support.DirtiesContextTestExecutionListenerTests$BeforeAndAfterTestClassTests" time="0.001"/>
  <testcase name="declaredLocallyOnClassAfterEachTestMethod()" classname="org.springframework.test.context.support.DirtiesContextTestExecutionListenerTests$BeforeAndAfterTestClassTests" time="0.0"/>
  <testcase name="declaredLocallyOnClassAfterClass()" classname="org.springframework.test.context.support.DirtiesContextTestExecutionListenerTests$BeforeAndAfterTestClassTests" time="0.001"/>
  <testcase name="declaredViaMetaAnnotationOnClassAfterEachTestMethod()" classname="org.springframework.test.context.support.DirtiesContextTestExecutionListenerTests$BeforeAndAfterTestClassTests" time="0.004"/>
  <testcase name="declaredLocallyOnMethod()" classname="org.springframework.test.context.support.DirtiesContextTestExecutionListenerTests$BeforeAndAfterTestClassTests" time="0.001"/>
  <testcase name="declaredViaMetaAnnotationOnClassAfterClass()" classname="org.springframework.test.context.support.DirtiesContextTestExecutionListenerTests$BeforeAndAfterTestClassTests" time="0.002"/>
  <testcase name="declaredViaMetaAnnotationWithOverriddenAttributes()" classname="org.springframework.test.context.support.DirtiesContextTestExecutionListenerTests$BeforeAndAfterTestClassTests" time="0.002"/>
  <testcase name="declaredViaMetaAnnotationWithOverrides()" classname="org.springframework.test.context.support.DirtiesContextTestExecutionListenerTests$BeforeAndAfterTestClassTests" time="0.001"/>
  <testcase name="declaredLocallyOnClassBeforeClass()" classname="org.springframework.test.context.support.DirtiesContextTestExecutionListenerTests$BeforeAndAfterTestClassTests" time="0.001"/>
  <system-out><![CDATA[]]></system-out>
  <system-err><![CDATA[]]></system-err>
</testsuite>
