<?xml version="1.0" encoding="UTF-8"?>
<testsuite name="findAnnotationDescriptor() tests" tests="16" skipped="0" failures="0" errors="0" timestamp="2021-05-09T12:41:58" hostname="wangweilidembp" time="0.007">
  <properties/>
  <testcase name="findAnnotationDescriptorOnMetaCycleAnnotatedClassWithMissingTargetMetaAnnotation()" classname="org.springframework.test.context.TestContextAnnotationUtilsTests$FindAnnotationDescriptorTests" time="0.001"/>
  <testcase name="findAnnotationDescriptorForClassWithLocalMetaAnnotationAndAnnotatedSuperclass()" classname="org.springframework.test.context.TestContextAnnotationUtilsTests$FindAnnotationDescriptorTests" time="0.0"/>
  <testcase name="findAnnotationDescriptorOnMetaMetaAnnotatedClass()" classname="org.springframework.test.context.TestContextAnnotationUtilsTests$FindAnnotationDescriptorTests" time="0.001"/>
  <testcase name="findAnnotationDescriptorOnAnnotatedClassWithMissingTargetMetaAnnotation()" classname="org.springframework.test.context.TestContextAnnotationUtilsTests$FindAnnotationDescriptorTests" time="0.0"/>
  <testcase name="findAnnotationDescriptorOnMetaMetaMetaAnnotatedClass()" classname="org.springframework.test.context.TestContextAnnotationUtilsTests$FindAnnotationDescriptorTests" time="0.001"/>
  <testcase name="findAnnotationDescriptorForNonInheritedAnnotationOnClass()" classname="org.springframework.test.context.TestContextAnnotationUtilsTests$FindAnnotationDescriptorTests" time="0.0"/>
  <testcase name="findAnnotationDescriptorWithNoAnnotationPresent()" classname="org.springframework.test.context.TestContextAnnotationUtilsTests$FindAnnotationDescriptorTests" time="0.0"/>
  <testcase name="findAnnotationDescriptorWithMetaComponentAnnotation()" classname="org.springframework.test.context.TestContextAnnotationUtilsTests$FindAnnotationDescriptorTests" time="0.0"/>
  <testcase name="findAnnotationDescriptorWithInheritedAnnotationOnInterface()" classname="org.springframework.test.context.TestContextAnnotationUtilsTests$FindAnnotationDescriptorTests" time="0.0"/>
  <testcase name="findAnnotationDescriptorWithInheritedAnnotationOnClass()" classname="org.springframework.test.context.TestContextAnnotationUtilsTests$FindAnnotationDescriptorTests" time="0.001"/>
  <testcase name="findAnnotationDescriptorWithLocalAndMetaComponentAnnotation()" classname="org.springframework.test.context.TestContextAnnotationUtilsTests$FindAnnotationDescriptorTests" time="0.0"/>
  <testcase name="findAnnotationDescriptorForClassWithMetaAnnotatedInterface()" classname="org.springframework.test.context.TestContextAnnotationUtilsTests$FindAnnotationDescriptorTests" time="0.0"/>
  <testcase name="findAnnotationDescriptorForNonInheritedAnnotationOnInterface()" classname="org.springframework.test.context.TestContextAnnotationUtilsTests$FindAnnotationDescriptorTests" time="0.0"/>
  <testcase name="findAnnotationDescriptorForClassWithLocalMetaAnnotationAndMetaAnnotatedInterface()" classname="org.springframework.test.context.TestContextAnnotationUtilsTests$FindAnnotationDescriptorTests" time="0.0"/>
  <testcase name="findAnnotationDescriptorForInterfaceWithMetaAnnotation()" classname="org.springframework.test.context.TestContextAnnotationUtilsTests$FindAnnotationDescriptorTests" time="0.0"/>
  <testcase name="findAnnotationDescriptorForSubClassWithLocalMetaAnnotationAndMetaAnnotatedInterface()" classname="org.springframework.test.context.TestContextAnnotationUtilsTests$FindAnnotationDescriptorTests" time="0.0"/>
  <system-out><![CDATA[]]></system-out>
  <system-err><![CDATA[]]></system-err>
</testsuite>
