<?xml version="1.0" encoding="UTF-8"?>
<testsuite name="Before and after test method" tests="10" skipped="0" failures="0" errors="0" timestamp="2021-05-09T12:41:56" hostname="wangweilidembp" time="0.032">
  <properties/>
  <testcase name="declaredLocallyOnClassBeforeEachTestMethod()" classname="org.springframework.test.context.support.DirtiesContextTestExecutionListenerTests$BeforeAndAfterTestMethodTests" time="0.003"/>
  <testcase name="declaredLocallyOnClassAfterEachTestMethod()" classname="org.springframework.test.context.support.DirtiesContextTestExecutionListenerTests$BeforeAndAfterTestMethodTests" time="0.004"/>
  <testcase name="declaredLocallyOnClassAfterClass()" classname="org.springframework.test.context.support.DirtiesContextTestExecutionListenerTests$BeforeAndAfterTestMethodTests" time="0.002"/>
  <testcase name="declaredLocallyOnMethodWithBeforeMethodMode()" classname="org.springframework.test.context.support.DirtiesContextTestExecutionListenerTests$BeforeAndAfterTestMethodTests" time="0.003"/>
  <testcase name="beforeAndAfterTestMethodForDirtiesContextViaMetaAnnotationWithOverrides()" classname="org.springframework.test.context.support.DirtiesContextTestExecutionListenerTests$BeforeAndAfterTestMethodTests" time="0.003"/>
  <testcase name="declaredViaMetaAnnotationOnClassAfterEachTestMethod()" classname="org.springframework.test.context.support.DirtiesContextTestExecutionListenerTests$BeforeAndAfterTestMethodTests" time="0.003"/>
  <testcase name="declaredViaMetaAnnotationOnClassAfterClass()" classname="org.springframework.test.context.support.DirtiesContextTestExecutionListenerTests$BeforeAndAfterTestMethodTests" time="0.002"/>
  <testcase name="declaredLocallyOnMethodWithAfterMethodMode()" classname="org.springframework.test.context.support.DirtiesContextTestExecutionListenerTests$BeforeAndAfterTestMethodTests" time="0.003"/>
  <testcase name="declaredOnMethodViaMetaAnnotationWithAfterMethodMode()" classname="org.springframework.test.context.support.DirtiesContextTestExecutionListenerTests$BeforeAndAfterTestMethodTests" time="0.004"/>
  <testcase name="declaredLocallyOnClassBeforeClass()" classname="org.springframework.test.context.support.DirtiesContextTestExecutionListenerTests$BeforeAndAfterTestMethodTests" time="0.002"/>
  <system-out><![CDATA[]]></system-out>
  <system-err><![CDATA[]]></system-err>
</testsuite>
