<?xml version="1.0" encoding="UTF-8"?>
<testsuite name="org.springframework.test.web.servlet.request.MockMultipartHttpServletRequestBuilderTests" tests="3" skipped="0" failures="0" errors="0" timestamp="2021-04-26T07:41:18" hostname="wangweilideMacBook-Pro.local" time="0.003">
  <properties/>
  <testcase name="addFileWithoutFilename()" classname="org.springframework.test.web.servlet.request.MockMultipartHttpServletRequestBuilderTests" time="0.002"/>
  <testcase name="addFileAndParts()" classname="org.springframework.test.web.servlet.request.MockMultipartHttpServletRequestBuilderTests" time="0.001"/>
  <testcase name="mergeAndBuild()" classname="org.springframework.test.web.servlet.request.MockMultipartHttpServletRequestBuilderTests" time="0.0"/>
  <system-out><![CDATA[]]></system-out>
  <system-err><![CDATA[]]></system-err>
</testsuite>
