<?xml version="1.0" encoding="UTF-8"?>
<testsuite name="org.springframework.test.web.servlet.samples.client.standalone.resultmatches.StatusAssertionTests" tests="3" skipped="0" failures="0" errors="0" timestamp="2021-05-09T12:42:17" hostname="wangweilidembp" time="0.032">
  <properties/>
  <testcase name="testStatusInt()" classname="org.springframework.test.web.servlet.samples.client.standalone.resultmatches.StatusAssertionTests" time="0.003"/>
  <testcase name="testHttpStatus()" classname="org.springframework.test.web.servlet.samples.client.standalone.resultmatches.StatusAssertionTests" time="0.002"/>
  <testcase name="testMatcher()" classname="org.springframework.test.web.servlet.samples.client.standalone.resultmatches.StatusAssertionTests" time="0.002"/>
  <system-out><![CDATA[]]></system-out>
  <system-err><![CDATA[]]></system-err>
</testsuite>
