<?xml version="1.0" encoding="UTF-8"?>
<testsuite name="org.springframework.test.context.junit.jupiter.EnabledIfTests$EnabledIfOnClassTests" tests="2" skipped="2" failures="0" errors="0" timestamp="2021-05-09T12:41:53" hostname="wangweilidembp" time="0.001">
  <properties/>
  <testcase name="bar()" classname="org.springframework.test.context.junit.jupiter.EnabledIfTests$EnabledIfOnClassTests" time="0.0">
    <skipped/>
  </testcase>
  <testcase name="foo()" classname="org.springframework.test.context.junit.jupiter.EnabledIfTests$EnabledIfOnClassTests" time="0.001">
    <skipped/>
  </testcase>
  <system-out><![CDATA[]]></system-out>
  <system-err><![CDATA[]]></system-err>
</testsuite>
