<?xml version="1.0" encoding="UTF-8"?>
<testsuite name="org.springframework.test.context.junit.jupiter.nested.DynamicPropertySourceNestedTests" tests="1" skipped="0" failures="0" errors="0" timestamp="2021-04-26T07:40:52" hostname="wangweilideMacBook-Pro.local" time="0.002">
  <properties/>
  <testcase name="@Service has values injected from @DynamicPropertySource" classname="org.springframework.test.context.junit.jupiter.nested.DynamicPropertySourceNestedTests" time="0.002"/>
  <system-out><![CDATA[]]></system-out>
  <system-err><![CDATA[]]></system-err>
</testsuite>
