<?xml version="1.0" encoding="UTF-8"?>
<testsuite name="org.springframework.test.util.XmlExpectationsHelperTests" tests="5" skipped="0" failures="0" errors="0" timestamp="2021-05-09T12:41:59" hostname="wangweilidembp" time="0.525">
  <properties/>
  <testcase name="assertXmlEqualForEqual()" classname="org.springframework.test.util.XmlExpectationsHelperTests" time="0.415"/>
  <testcase name="assertXmlEqualExceptionForIncorrectValue()" classname="org.springframework.test.util.XmlExpectationsHelperTests" time="0.031"/>
  <testcase name="assertXmlEqualForOutOfOrder()" classname="org.springframework.test.util.XmlExpectationsHelperTests" time="0.028"/>
  <testcase name="assertXmlEqualExceptionForMoreEntries()" classname="org.springframework.test.util.XmlExpectationsHelperTests" time="0.023"/>
  <testcase name="assertXmlEqualExceptionForLessEntries()" classname="org.springframework.test.util.XmlExpectationsHelperTests" time="0.026"/>
  <system-out><![CDATA[]]></system-out>
  <system-err><![CDATA[]]></system-err>
</testsuite>
