<?xml version="1.0" encoding="UTF-8"?>
<testsuite name="org.springframework.test.web.reactive.server.MockServerSpecTests" tests="2" skipped="0" failures="0" errors="0" timestamp="2021-05-09T12:42:21" hostname="wangweilidembp" time="0.017">
  <properties/>
  <testcase name="applyFiltersAfterConfigurerAdded()" classname="org.springframework.test.web.reactive.server.MockServerSpecTests" time="0.008"/>
  <testcase name="applyFiltersBeforeServerCreated()" classname="org.springframework.test.web.reactive.server.MockServerSpecTests" time="0.008"/>
  <system-out><![CDATA[]]></system-out>
  <system-err><![CDATA[]]></system-err>
</testsuite>
