<?xml version="1.0" encoding="UTF-8"?>
<testsuite name="org.springframework.test.context.support.ContextLoaderUtilsConfigurationAttributesTests" tests="11" skipped="0" failures="0" errors="0" timestamp="2021-05-01T09:42:48" hostname="wangweilideMBP.lan" time="0.035">
  <properties/>
  <testcase name="resolveConfigAttributesWithLocalAndInheritedAnnotationsAndClasses()" classname="org.springframework.test.context.support.ContextLoaderUtilsConfigurationAttributesTests" time="0.031"/>
  <testcase name="resolveConfigAttributesWithMetaAnnotationAndLocationsAndOverrides()" classname="org.springframework.test.context.support.ContextLoaderUtilsConfigurationAttributesTests" time="0.001"/>
  <testcase name="resolveConfigAttributesWithLocalAnnotationAndClasses()" classname="org.springframework.test.context.support.ContextLoaderUtilsConfigurationAttributesTests" time="0.0"/>
  <testcase name="resolveConfigAttributesWithMetaAnnotationAndLocations()" classname="org.springframework.test.context.support.ContextLoaderUtilsConfigurationAttributesTests" time="0.0"/>
  <testcase name="resolveConfigAttributesWithMetaAnnotationAndLocationsAndOverriddenAttributes()" classname="org.springframework.test.context.support.ContextLoaderUtilsConfigurationAttributesTests" time="0.0"/>
  <testcase name="resolveConfigAttributesWithConflictingLocations()" classname="org.springframework.test.context.support.ContextLoaderUtilsConfigurationAttributesTests" time="0.0"/>
  <testcase name="resolveConfigAttributesWithLocationsAndClasses()" classname="org.springframework.test.context.support.ContextLoaderUtilsConfigurationAttributesTests" time="0.0"/>
  <testcase name="resolveConfigAttributesWithMetaAnnotationAndLocationsInClassHierarchy()" classname="org.springframework.test.context.support.ContextLoaderUtilsConfigurationAttributesTests" time="0.001"/>
  <testcase name="resolveConfigAttributesWithLocalAndInheritedAnnotationsAndLocations()" classname="org.springframework.test.context.support.ContextLoaderUtilsConfigurationAttributesTests" time="0.0"/>
  <testcase name="resolveConfigAttributesWithLocalAnnotationAndLocations()" classname="org.springframework.test.context.support.ContextLoaderUtilsConfigurationAttributesTests" time="0.0"/>
  <testcase name="resolveConfigAttributesWithBareAnnotations()" classname="org.springframework.test.context.support.ContextLoaderUtilsConfigurationAttributesTests" time="0.0"/>
  <system-out><![CDATA[]]></system-out>
  <system-err><![CDATA[]]></system-err>
</testsuite>
