<?xml version="1.0" encoding="UTF-8"?>
<testsuite name="org.springframework.test.context.junit.jupiter.DisabledIfTests$DisabledIfOnClassTests" tests="2" skipped="2" failures="0" errors="0" timestamp="2021-04-26T07:40:52" hostname="wangweilideMacBook-Pro.local" time="0.0">
  <properties/>
  <testcase name="bar()" classname="org.springframework.test.context.junit.jupiter.DisabledIfTests$DisabledIfOnClassTests" time="0.0">
    <skipped/>
  </testcase>
  <testcase name="foo()" classname="org.springframework.test.context.junit.jupiter.DisabledIfTests$DisabledIfOnClassTests" time="0.0">
    <skipped/>
  </testcase>
  <system-out><![CDATA[]]></system-out>
  <system-err><![CDATA[]]></system-err>
</testsuite>
