<?xml version="1.0" encoding="UTF-8"?>
<testsuite name="org.springframework.test.context.junit.jupiter.nested.TestConstructorNestedTests$InheritedConfigTests$DoubleNestedWithImplicitlyInheritedConfigTests" tests="1" skipped="0" failures="0" errors="0" timestamp="2021-05-09T12:41:53" hostname="wangweilidembp" time="0.0">
  <properties/>
  <testcase name="test()" classname="org.springframework.test.context.junit.jupiter.nested.TestConstructorNestedTests$InheritedConfigTests$DoubleNestedWithImplicitlyInheritedConfigTests" time="0.0"/>
  <system-out><![CDATA[]]></system-out>
  <system-err><![CDATA[]]></system-err>
</testsuite>
