<?xml version="1.0" encoding="UTF-8"?>
<testsuite name="org.springframework.test.context.jdbc.InferredDataSourceSqlScriptsTests" tests="2" skipped="0" failures="0" errors="0" timestamp="2021-05-09T12:41:54" hostname="wangweilidembp" time="0.005">
  <properties/>
  <testcase name="database1()" classname="org.springframework.test.context.jdbc.InferredDataSourceSqlScriptsTests" time="0.003"/>
  <testcase name="database2()" classname="org.springframework.test.context.jdbc.InferredDataSourceSqlScriptsTests" time="0.002"/>
  <system-out><![CDATA[]]></system-out>
  <system-err><![CDATA[]]></system-err>
</testsuite>
