<?xml version="1.0" encoding="UTF-8"?>
<testsuite name="org.springframework.test.context.junit4.annotation.meta.ConfigClassesAndProfilesWithCustomDefaultsMetaConfigWithOverridesTests" tests="3" skipped="0" failures="0" errors="0" timestamp="2021-05-01T09:43:17" hostname="wangweilideMBP.lan" time="0.004">
  <properties/>
  <testcase name="verifyFoo" classname="org.springframework.test.context.junit4.annotation.meta.ConfigClassesAndProfilesWithCustomDefaultsMetaConfigWithOverridesTests" time="0.001"/>
  <testcase name="verifyPet" classname="org.springframework.test.context.junit4.annotation.meta.ConfigClassesAndProfilesWithCustomDefaultsMetaConfigWithOverridesTests" time="0.0"/>
  <testcase name="verifyEmployee" classname="org.springframework.test.context.junit4.annotation.meta.ConfigClassesAndProfilesWithCustomDefaultsMetaConfigWithOverridesTests" time="0.003"/>
  <system-out><![CDATA[]]></system-out>
  <system-err><![CDATA[]]></system-err>
</testsuite>
