<?xml version="1.0" encoding="UTF-8"?>
<testsuite name="org.springframework.test.web.servlet.samples.client.standalone.ExceptionHandlerTests$MvcTests" tests="2" skipped="0" failures="0" errors="0" timestamp="2021-05-01T09:43:00" hostname="wangweilideMBP.lan" time="0.036">
  <properties/>
  <testcase name="localExceptionHandlerMethod()" classname="org.springframework.test.web.servlet.samples.client.standalone.ExceptionHandlerTests$MvcTests" time="0.015"/>
  <testcase name="globalExceptionHandlerMethod()" classname="org.springframework.test.web.servlet.samples.client.standalone.ExceptionHandlerTests$MvcTests" time="0.021"/>
  <system-out><![CDATA[]]></system-out>
  <system-err><![CDATA[]]></system-err>
</testsuite>
