<?xml version="1.0" encoding="UTF-8"?>
<testsuite name="org.springframework.test.web.servlet.samples.client.standalone.ExceptionHandlerTests$MvcTests" tests="2" skipped="0" failures="0" errors="0" timestamp="2021-04-26T07:41:11" hostname="wangweilideMacBook-Pro.local" time="0.048">
  <properties/>
  <testcase name="localExceptionHandlerMethod()" classname="org.springframework.test.web.servlet.samples.client.standalone.ExceptionHandlerTests$MvcTests" time="0.024"/>
  <testcase name="globalExceptionHandlerMethod()" classname="org.springframework.test.web.servlet.samples.client.standalone.ExceptionHandlerTests$MvcTests" time="0.024"/>
  <system-out><![CDATA[]]></system-out>
  <system-err><![CDATA[]]></system-err>
</testsuite>
