<?xml version="1.0" encoding="UTF-8"?>
<testsuite name="org.springframework.test.context.junit4.spr3896.ExplicitLocationsInheritedTests" tests="2" skipped="0" failures="0" errors="0" timestamp="2021-05-01T09:43:16" hostname="wangweilideMBP.lan" time="0.001">
  <properties/>
  <testcase name="verifyPetSetFromExtendedContextConfig" classname="org.springframework.test.context.junit4.spr3896.ExplicitLocationsInheritedTests" time="0.0"/>
  <testcase name="verifyEmployeeSetFromBaseContextConfig" classname="org.springframework.test.context.junit4.spr3896.ExplicitLocationsInheritedTests" time="0.0"/>
  <system-out><![CDATA[]]></system-out>
  <system-err><![CDATA[]]></system-err>
</testsuite>
