<?xml version="1.0" encoding="UTF-8"?>
<testsuite name="org.springframework.test.web.client.samples.matchers.XmlContentRequestMatchersIntegrationTests" tests="2" skipped="0" failures="0" errors="0" timestamp="2021-04-26T07:41:25" hostname="wangweilideMacBook-Pro.local" time="0.051">
  <properties/>
  <testcase name="testHamcrestNodeMatcher()" classname="org.springframework.test.web.client.samples.matchers.XmlContentRequestMatchersIntegrationTests" time="0.013"/>
  <testcase name="testXmlEqualTo()" classname="org.springframework.test.web.client.samples.matchers.XmlContentRequestMatchersIntegrationTests" time="0.038"/>
  <system-out><![CDATA[]]></system-out>
  <system-err><![CDATA[]]></system-err>
</testsuite>
