<?xml version="1.0" encoding="UTF-8"?>
<testsuite name="org.springframework.test.context.junit4.SpringJUnit4ClassRunnerTests" tests="3" skipped="0" failures="0" errors="0" timestamp="2021-05-09T12:42:41" hostname="wangweilidembp" time="0.007">
  <properties/>
  <testcase name="getSpringTimeoutViaMetaAnnotationWithOverride" classname="org.springframework.test.context.junit4.SpringJUnit4ClassRunnerTests" time="0.002"/>
  <testcase name="checkThatExceptionsAreNotSilentlySwallowed" classname="org.springframework.test.context.junit4.SpringJUnit4ClassRunnerTests" time="0.004"/>
  <testcase name="getSpringTimeoutViaMetaAnnotation" classname="org.springframework.test.context.junit4.SpringJUnit4ClassRunnerTests" time="0.001"/>
  <system-out><![CDATA[]]></system-out>
  <system-err><![CDATA[]]></system-err>
</testsuite>
