<?xml version="1.0" encoding="UTF-8"?>
<testsuite name="org.springframework.test.web.servlet.samples.standalone.MultipartControllerTests" tests="16" skipped="0" failures="0" errors="0" timestamp="2021-04-26T07:41:03" hostname="wangweilideMacBook-Pro.local" time="0.395">
  <properties/>
  <testcase name="multipartRequestWithFileListNotPresent()" classname="org.springframework.test.web.servlet.samples.standalone.MultipartControllerTests" time="0.028"/>
  <testcase name="multipartRequestWithFileListNoMultipart()" classname="org.springframework.test.web.servlet.samples.standalone.MultipartControllerTests" time="0.02"/>
  <testcase name="multipartRequestWithFileArray()" classname="org.springframework.test.web.servlet.samples.standalone.MultipartControllerTests" time="0.051"/>
  <testcase name="multipartRequestWithOptionalFile()" classname="org.springframework.test.web.servlet.samples.standalone.MultipartControllerTests" time="0.023"/>
  <testcase name="multipartRequestWithOptionalFileNotPresent()" classname="org.springframework.test.web.servlet.samples.standalone.MultipartControllerTests" time="0.016"/>
  <testcase name="multipartRequestWithSingleFileNotPresent()" classname="org.springframework.test.web.servlet.samples.standalone.MultipartControllerTests" time="0.021"/>
  <testcase name="multipartRequestWithOptionalFileListNotPresent()" classname="org.springframework.test.web.servlet.samples.standalone.MultipartControllerTests" time="0.025"/>
  <testcase name="multipartRequestWithSingleFile()" classname="org.springframework.test.web.servlet.samples.standalone.MultipartControllerTests" time="0.022"/>
  <testcase name="multipartRequestWithServletParts()" classname="org.springframework.test.web.servlet.samples.standalone.MultipartControllerTests" time="0.029"/>
  <testcase name="multipartRequestWithOptionalFileArray()" classname="org.springframework.test.web.servlet.samples.standalone.MultipartControllerTests" time="0.026"/>
  <testcase name="multipartRequestWithFileArrayNoMultipart()" classname="org.springframework.test.web.servlet.samples.standalone.MultipartControllerTests" time="0.022"/>
  <testcase name="multipartRequestWrapped()" classname="org.springframework.test.web.servlet.samples.standalone.MultipartControllerTests" time="0.02"/>
  <testcase name="multipartRequestWithFileArrayNotPresent()" classname="org.springframework.test.web.servlet.samples.standalone.MultipartControllerTests" time="0.021"/>
  <testcase name="multipartRequestWithFileList()" classname="org.springframework.test.web.servlet.samples.standalone.MultipartControllerTests" time="0.022"/>
  <testcase name="multipartRequestWithOptionalFileList()" classname="org.springframework.test.web.servlet.samples.standalone.MultipartControllerTests" time="0.023"/>
  <testcase name="multipartRequestWithOptionalFileArrayNotPresent()" classname="org.springframework.test.web.servlet.samples.standalone.MultipartControllerTests" time="0.024"/>
  <system-out><![CDATA[]]></system-out>
  <system-err><![CDATA[]]></system-err>
</testsuite>
