<?xml version="1.0" encoding="UTF-8"?>
<testsuite name="org.springframework.test.context.junit4.CustomDefaultContextLoaderClassSpringRunnerTests" tests="1" skipped="0" failures="0" errors="0" timestamp="2021-04-26T07:41:33" hostname="wangweilideMacBook-Pro.local" time="0.008">
  <properties/>
  <testcase name="verifyAnnotationAutowiredFields" classname="org.springframework.test.context.junit4.CustomDefaultContextLoaderClassSpringRunnerTests" time="0.008"/>
  <system-out><![CDATA[]]></system-out>
  <system-err><![CDATA[]]></system-err>
</testsuite>
