<?xml version="1.0" encoding="UTF-8"?>
<testsuite name="org.springframework.test.context.junit4.rules.EnabledAndIgnoredSpringRuleTests" tests="5" skipped="2" failures="0" errors="0" timestamp="2021-05-01T09:43:18" hostname="wangweilideMBP.lan" time="0.003">
  <properties/>
  <testcase name="testIfProfileValueEnabledViaMultipleValues" classname="org.springframework.test.context.junit4.rules.EnabledAndIgnoredSpringRuleTests" time="0.002"/>
  <testcase name="testIfProfileValueNotConfigured" classname="org.springframework.test.context.junit4.rules.EnabledAndIgnoredSpringRuleTests" time="0.0"/>
  <testcase name="testJUnitIgnoreAnnotation" classname="org.springframework.test.context.junit4.rules.EnabledAndIgnoredSpringRuleTests" time="0.0">
    <skipped/>
  </testcase>
  <testcase name="testIfProfileValueEnabledViaSingleValue" classname="org.springframework.test.context.junit4.rules.EnabledAndIgnoredSpringRuleTests" time="0.0"/>
  <testcase name="testIfProfileValueDisabled" classname="org.springframework.test.context.junit4.rules.EnabledAndIgnoredSpringRuleTests" time="0.001">
    <skipped/>
  </testcase>
  <system-out><![CDATA[]]></system-out>
  <system-err><![CDATA[]]></system-err>
</testsuite>
