<?xml version="1.0" encoding="UTF-8"?>
<testsuite name="org.springframework.test.web.servlet.samples.client.standalone.resultmatches.StatusAssertionTests" tests="3" skipped="0" failures="0" errors="0" timestamp="2021-05-01T09:43:06" hostname="wangweilideMBP.lan" time="0.02">
  <properties/>
  <testcase name="testStatusInt()" classname="org.springframework.test.web.servlet.samples.client.standalone.resultmatches.StatusAssertionTests" time="0.002"/>
  <testcase name="testHttpStatus()" classname="org.springframework.test.web.servlet.samples.client.standalone.resultmatches.StatusAssertionTests" time="0.001"/>
  <testcase name="testMatcher()" classname="org.springframework.test.web.servlet.samples.client.standalone.resultmatches.StatusAssertionTests" time="0.001"/>
  <system-out><![CDATA[]]></system-out>
  <system-err><![CDATA[]]></system-err>
</testsuite>
