<?xml version="1.0" encoding="UTF-8"?>
<testsuite name="org.springframework.test.context.jdbc.MergedSqlConfigTests$TopLevelMergedSqlConfigTests" tests="5" skipped="0" failures="0" errors="0" timestamp="2021-05-09T12:41:55" hostname="wangweilidembp" time="0.004">
  <properties/>
  <testcase name="globalConfig()" classname="org.springframework.test.context.jdbc.MergedSqlConfigTests$TopLevelMergedSqlConfigTests" time="0.0"/>
  <testcase name="globalConfigWithCommentPrefixAndLocalOverrides()" classname="org.springframework.test.context.jdbc.MergedSqlConfigTests$TopLevelMergedSqlConfigTests" time="0.001"/>
  <testcase name="globalConfigWithDefaults()" classname="org.springframework.test.context.jdbc.MergedSqlConfigTests$TopLevelMergedSqlConfigTests" time="0.001"/>
  <testcase name="globalConfigWithLocalOverrides()" classname="org.springframework.test.context.jdbc.MergedSqlConfigTests$TopLevelMergedSqlConfigTests" time="0.001"/>
  <testcase name="globalConfigWithCommentPrefixesAndLocalOverrides()" classname="org.springframework.test.context.jdbc.MergedSqlConfigTests$TopLevelMergedSqlConfigTests" time="0.0"/>
  <system-out><![CDATA[]]></system-out>
  <system-err><![CDATA[]]></system-err>
</testsuite>
