<?xml version="1.0" encoding="UTF-8"?>
<testsuite name="org.springframework.test.web.reactive.server.WebTestClientExtensionsTests" tests="9" skipped="0" failures="0" errors="0" timestamp="2021-05-09T12:42:30" hostname="wangweilidembp" time="2.626">
  <properties/>
  <testcase name="ResponseSpec#expectBody with reified type parameters()" classname="org.springframework.test.web.reactive.server.WebTestClientExtensionsTests" time="0.431"/>
  <testcase name="RequestBodySpec#body with CompletableFuture and reified type parameters()" classname="org.springframework.test.web.reactive.server.WebTestClientExtensionsTests" time="1.528"/>
  <testcase name="ResponseSpec#expectBodyList with reified type parameters()" classname="org.springframework.test.web.reactive.server.WebTestClientExtensionsTests" time="0.162"/>
  <testcase name="KotlinBodySpec#isEqualTo()" classname="org.springframework.test.web.reactive.server.WebTestClientExtensionsTests" time="0.032"/>
  <testcase name="RequestBodySpec#body with Publisher and reified type parameters()" classname="org.springframework.test.web.reactive.server.WebTestClientExtensionsTests" time="0.15"/>
  <testcase name="ResponseSpec#returnResult with reified type parameters()" classname="org.springframework.test.web.reactive.server.WebTestClientExtensionsTests" time="0.107"/>
  <testcase name="RequestBodySpec#body with Flow and reified type parameters()" classname="org.springframework.test.web.reactive.server.WebTestClientExtensionsTests" time="0.145"/>
  <testcase name="KotlinBodySpec#consumeWith()" classname="org.springframework.test.web.reactive.server.WebTestClientExtensionsTests" time="0.026"/>
  <testcase name="KotlinBodySpec#returnResult()" classname="org.springframework.test.web.reactive.server.WebTestClientExtensionsTests" time="0.018"/>
  <system-out><![CDATA[]]></system-out>
  <system-err><![CDATA[]]></system-err>
</testsuite>
