<?xml version="1.0" encoding="UTF-8"?>
<testsuite name="org.springframework.test.web.servlet.htmlunit.MockMvcWebClientBuilderTests" tests="6" skipped="0" failures="0" errors="0" timestamp="2021-05-01T09:43:07" hostname="wangweilideMBP.lan" time="0.584">
  <properties/>
  <testcase name="cookiesAreManaged()" classname="org.springframework.test.web.servlet.htmlunit.MockMvcWebClientBuilderTests" time="0.571"/>
  <testcase name="cookieManagerShared()" classname="org.springframework.test.web.servlet.htmlunit.MockMvcWebClientBuilderTests" time="0.01"/>
  <testcase name="webAppContextSetupNull()" classname="org.springframework.test.web.servlet.htmlunit.MockMvcWebClientBuilderTests" time="0.0"/>
  <testcase name="mockMvcSetupNull()" classname="org.springframework.test.web.servlet.htmlunit.MockMvcWebClientBuilderTests" time="0.0"/>
  <testcase name="mockMvcSetupWithCustomWebClientDelegate()" classname="org.springframework.test.web.servlet.htmlunit.MockMvcWebClientBuilderTests" time="0.0"/>
  <testcase name="mockMvcSetupWithDefaultWebClientDelegate()" classname="org.springframework.test.web.servlet.htmlunit.MockMvcWebClientBuilderTests" time="0.0"/>
  <system-out><![CDATA[]]></system-out>
  <system-err><![CDATA[]]></system-err>
</testsuite>
