<?xml version="1.0" encoding="UTF-8"?>
<testsuite name="org.springframework.test.context.jdbc.merging.ClassLevelMergeSqlMergeModeTests" tests="3" skipped="0" failures="0" errors="0" timestamp="2021-05-09T12:41:54" hostname="wangweilidembp" time="0.011">
  <properties/>
  <testcase name="overridden()" classname="org.springframework.test.context.jdbc.merging.ClassLevelMergeSqlMergeModeTests" time="0.005"/>
  <testcase name="merged()" classname="org.springframework.test.context.jdbc.merging.ClassLevelMergeSqlMergeModeTests" time="0.004"/>
  <testcase name="classLevelScripts()" classname="org.springframework.test.context.jdbc.merging.ClassLevelMergeSqlMergeModeTests" time="0.002"/>
  <system-out><![CDATA[]]></system-out>
  <system-err><![CDATA[]]></system-err>
</testsuite>
