<?xml version="1.0" encoding="UTF-8"?>
<testsuite name="org.springframework.test.web.reactive.server.samples.ResponseEntityTests" tests="8" skipped="0" failures="0" errors="0" timestamp="2021-04-26T07:41:22" hostname="wangweilideMacBook-Pro.local" time="1.167">
  <properties/>
  <testcase name="entityList()" classname="org.springframework.test.web.reactive.server.samples.ResponseEntityTests" time="0.039"/>
  <testcase name="entity()" classname="org.springframework.test.web.reactive.server.samples.ResponseEntityTests" time="0.004"/>
  <testcase name="entityMap()" classname="org.springframework.test.web.reactive.server.samples.ResponseEntityTests" time="0.004"/>
  <testcase name="entityListWithConsumer()" classname="org.springframework.test.web.reactive.server.samples.ResponseEntityTests" time="0.006"/>
  <testcase name="entityWithConsumer()" classname="org.springframework.test.web.reactive.server.samples.ResponseEntityTests" time="0.005"/>
  <testcase name="entityMatcher()" classname="org.springframework.test.web.reactive.server.samples.ResponseEntityTests" time="0.008"/>
  <testcase name="entityStream()" classname="org.springframework.test.web.reactive.server.samples.ResponseEntityTests" time="0.81"/>
  <testcase name="postEntity()" classname="org.springframework.test.web.reactive.server.samples.ResponseEntityTests" time="0.02"/>
  <system-out><![CDATA[]]></system-out>
  <system-err><![CDATA[]]></system-err>
</testsuite>
