<?xml version="1.0" encoding="UTF-8"?>
<testsuite name="org.springframework.test.context.junit.jupiter.nested.TransactionalNestedTests$ConfigOverriddenByDefaultTests" tests="1" skipped="0" failures="0" errors="0" timestamp="2021-05-09T12:41:52" hostname="wangweilidembp" time="0.0">
  <properties/>
  <testcase name="notTransactional(DataSource)" classname="org.springframework.test.context.junit.jupiter.nested.TransactionalNestedTests$ConfigOverriddenByDefaultTests" time="0.0"/>
  <system-out><![CDATA[]]></system-out>
  <system-err><![CDATA[]]></system-err>
</testsuite>
