<?xml version="1.0" encoding="UTF-8"?>
<testsuite name="org.springframework.test.context.junit4.BeforeAndAfterTransactionAnnotationTests" tests="3" skipped="0" failures="0" errors="0" timestamp="2021-05-09T12:42:35" hostname="wangweilidembp" time="0.018">
  <properties/>
  <testcase name="transactionalMethod1" classname="org.springframework.test.context.junit4.BeforeAndAfterTransactionAnnotationTests" time="0.006"/>
  <testcase name="transactionalMethod2" classname="org.springframework.test.context.junit4.BeforeAndAfterTransactionAnnotationTests" time="0.005"/>
  <testcase name="nonTransactionalMethod" classname="org.springframework.test.context.junit4.BeforeAndAfterTransactionAnnotationTests" time="0.005"/>
  <system-out><![CDATA[]]></system-out>
  <system-err><![CDATA[]]></system-err>
</testsuite>
