<?xml version="1.0" encoding="UTF-8"?>
<testsuite name="org.springframework.test.context.cache.MethodLevelDirtiesContextTests" tests="4" skipped="0" failures="0" errors="0" timestamp="2021-04-26T07:40:40" hostname="wangweilideMacBook-Pro.local" time="0.027">
  <properties/>
  <testcase name="basics()" classname="org.springframework.test.context.cache.MethodLevelDirtiesContextTests" time="0.001"/>
  <testcase name="dirtyContextBeforeTestMethod()" classname="org.springframework.test.context.cache.MethodLevelDirtiesContextTests" time="0.011"/>
  <testcase name="dirtyContextAfterTestMethod()" classname="org.springframework.test.context.cache.MethodLevelDirtiesContextTests" time="0.001"/>
  <testcase name="backToBasics()" classname="org.springframework.test.context.cache.MethodLevelDirtiesContextTests" time="0.002"/>
  <system-out><![CDATA[]]></system-out>
  <system-err><![CDATA[]]></system-err>
</testsuite>
