<?xml version="1.0" encoding="UTF-8"?>
<testsuite name="org.springframework.test.context.env.repeatable.MetaInlinedPropertyOverridesMetaMetaInlinedPropertyTests" tests="1" skipped="0" failures="0" errors="0" timestamp="2021-05-09T12:41:55" hostname="wangweilidembp" time="0.002">
  <properties/>
  <testcase name="test()" classname="org.springframework.test.context.env.repeatable.MetaInlinedPropertyOverridesMetaMetaInlinedPropertyTests" time="0.002"/>
  <system-out><![CDATA[]]></system-out>
  <system-err><![CDATA[]]></system-err>
</testsuite>
