<?xml version="1.0" encoding="UTF-8"?>
<testsuite name="org.springframework.test.context.junit.jupiter.event.JUnitJupiterApplicationEventsIntegrationTests$TestInstancePerMethodTests" tests="2" skipped="0" failures="0" errors="0" timestamp="2021-05-01T09:42:46" hostname="wangweilideMBP.lan" time="0.006">
  <properties/>
  <testcase name="test1(ApplicationEvents, TestInfo)" classname="org.springframework.test.context.junit.jupiter.event.JUnitJupiterApplicationEventsIntegrationTests$TestInstancePerMethodTests" time="0.004"/>
  <testcase name="test2(ApplicationEvents, TestInfo)" classname="org.springframework.test.context.junit.jupiter.event.JUnitJupiterApplicationEventsIntegrationTests$TestInstancePerMethodTests" time="0.002"/>
  <system-out><![CDATA[]]></system-out>
  <system-err><![CDATA[]]></system-err>
</testsuite>
