<?xml version="1.0" encoding="UTF-8"?>
<testsuite name="org.springframework.test.context.hierarchies.web.RootWacEarTests" tests="2" skipped="1" failures="0" errors="0" timestamp="2021-05-01T09:42:40" hostname="wangweilideMBP.lan" time="0.002">
  <properties/>
  <testcase name="verifyRootWacConfig()" classname="org.springframework.test.context.hierarchies.web.RootWacEarTests" time="0.001"/>
  <testcase name="verifyEarConfig()" classname="org.springframework.test.context.hierarchies.web.RootWacEarTests" time="0.0">
    <skipped/>
  </testcase>
  <system-out><![CDATA[]]></system-out>
  <system-err><![CDATA[]]></system-err>
</testsuite>
