<?xml version="1.0" encoding="UTF-8"?>
<testsuite name="org.springframework.test.context.groovy.GroovySpringContextTests" tests="6" skipped="0" failures="0" errors="0" timestamp="2021-04-26T07:40:56" hostname="wangweilideMacBook-Pro.local" time="0.003">
  <properties/>
  <testcase name="verifyResourceAnnotationWiredFields()" classname="org.springframework.test.context.groovy.GroovySpringContextTests" time="0.0"/>
  <testcase name="verifyResourceAnnotationWiredMethods()" classname="org.springframework.test.context.groovy.GroovySpringContextTests" time="0.001"/>
  <testcase name="verifyBeanInitialized()" classname="org.springframework.test.context.groovy.GroovySpringContextTests" time="0.0"/>
  <testcase name="verifyBeanNameSet()" classname="org.springframework.test.context.groovy.GroovySpringContextTests" time="0.0"/>
  <testcase name="verifyAnnotationAutowiredFields()" classname="org.springframework.test.context.groovy.GroovySpringContextTests" time="0.001"/>
  <testcase name="verifyAnnotationAutowiredMethods()" classname="org.springframework.test.context.groovy.GroovySpringContextTests" time="0.0"/>
  <system-out><![CDATA[]]></system-out>
  <system-err><![CDATA[]]></system-err>
</testsuite>
