<?xml version="1.0" encoding="UTF-8"?>
<testsuite name="org.springframework.test.web.servlet.samples.client.standalone.resultmatches.JsonPathAssertionTests" tests="5" skipped="0" failures="0" errors="0" timestamp="2021-05-01T09:43:06" hostname="wangweilideMBP.lan" time="0.047">
  <properties/>
  <testcase name="hamcrestMatcherWithParameterizedJsonPath()" classname="org.springframework.test.web.servlet.samples.client.standalone.resultmatches.JsonPathAssertionTests" time="0.002"/>
  <testcase name="hamcrestMatcher()" classname="org.springframework.test.web.servlet.samples.client.standalone.resultmatches.JsonPathAssertionTests" time="0.003"/>
  <testcase name="exists()" classname="org.springframework.test.web.servlet.samples.client.standalone.resultmatches.JsonPathAssertionTests" time="0.004"/>
  <testcase name="doesNotExist()" classname="org.springframework.test.web.servlet.samples.client.standalone.resultmatches.JsonPathAssertionTests" time="0.003"/>
  <testcase name="equality()" classname="org.springframework.test.web.servlet.samples.client.standalone.resultmatches.JsonPathAssertionTests" time="0.003"/>
  <system-out><![CDATA[]]></system-out>
  <system-err><![CDATA[]]></system-err>
</testsuite>
