<?xml version="1.0" encoding="UTF-8"?>
<testsuite name="org.springframework.test.context.configuration.interfaces.SqlConfigInterfaceTests" tests="1" skipped="0" failures="0" errors="0" timestamp="2021-05-09T12:41:37" hostname="wangweilidembp" time="0.015">
  <properties/>
  <testcase name="methodLevelScripts()" classname="org.springframework.test.context.configuration.interfaces.SqlConfigInterfaceTests" time="0.015"/>
  <system-out><![CDATA[]]></system-out>
  <system-err><![CDATA[]]></system-err>
</testsuite>
