<?xml version="1.0" encoding="UTF-8"?>
<testsuite name="org.springframework.test.context.junit4.MethodLevelTransactionalSpringRunnerTests" tests="2" skipped="0" failures="0" errors="0" timestamp="2021-05-09T12:42:34" hostname="wangweilidembp" time="0.009">
  <properties/>
  <testcase name="modifyTestDataWithinTransaction" classname="org.springframework.test.context.junit4.MethodLevelTransactionalSpringRunnerTests" time="0.004"/>
  <testcase name="modifyTestDataWithoutTransaction" classname="org.springframework.test.context.junit4.MethodLevelTransactionalSpringRunnerTests" time="0.005"/>
  <system-out><![CDATA[]]></system-out>
  <system-err><![CDATA[]]></system-err>
</testsuite>
