<?xml version="1.0" encoding="UTF-8"?>
<testsuite name="org.springframework.test.web.servlet.samples.context.WebAppResourceTests" tests="3" skipped="0" failures="0" errors="0" timestamp="2021-05-09T12:42:00" hostname="wangweilidembp" time="0.051">
  <properties/>
  <testcase name="resourcesViaDefaultServlet()" classname="org.springframework.test.web.servlet.samples.context.WebAppResourceTests" time="0.005"/>
  <testcase name="tilesDefinitions()" classname="org.springframework.test.web.servlet.samples.context.WebAppResourceTests" time="0.028"/>
  <testcase name="resourceRequest()" classname="org.springframework.test.web.servlet.samples.context.WebAppResourceTests" time="0.018"/>
  <system-out><![CDATA[]]></system-out>
  <system-err><![CDATA[]]></system-err>
</testsuite>
