<?xml version="1.0" encoding="UTF-8"?>
<testsuite name="org.springframework.test.context.junit.jupiter.nested.SqlScriptNestedTests$NestedSqlMergeModeTests$NestedClassLevelMergeSqlMergeModeTests" tests="3" skipped="0" failures="0" errors="0" timestamp="2021-04-26T07:40:52" hostname="wangweilideMacBook-Pro.local" time="0.009">
  <properties/>
  <testcase name="overridden()" classname="org.springframework.test.context.junit.jupiter.nested.SqlScriptNestedTests$NestedSqlMergeModeTests$NestedClassLevelMergeSqlMergeModeTests" time="0.003"/>
  <testcase name="merged()" classname="org.springframework.test.context.junit.jupiter.nested.SqlScriptNestedTests$NestedSqlMergeModeTests$NestedClassLevelMergeSqlMergeModeTests" time="0.003"/>
  <testcase name="classLevelScripts()" classname="org.springframework.test.context.junit.jupiter.nested.SqlScriptNestedTests$NestedSqlMergeModeTests$NestedClassLevelMergeSqlMergeModeTests" time="0.002"/>
  <system-out><![CDATA[]]></system-out>
  <system-err><![CDATA[]]></system-err>
</testsuite>
