<?xml version="1.0" encoding="UTF-8"?>
<testsuite name="org.springframework.test.context.jdbc.RepeatableSqlAnnotationSqlScriptsChildTests" tests="2" skipped="0" failures="0" errors="0" timestamp="2021-05-09T12:41:53" hostname="wangweilidembp" time="0.011">
  <properties/>
  <testcase name="classLevelScripts()" classname="org.springframework.test.context.jdbc.RepeatableSqlAnnotationSqlScriptsChildTests" time="0.006"/>
  <testcase name="methodLevelScripts()" classname="org.springframework.test.context.jdbc.RepeatableSqlAnnotationSqlScriptsChildTests" time="0.005"/>
  <system-out><![CDATA[]]></system-out>
  <system-err><![CDATA[]]></system-err>
</testsuite>
