<?xml version="1.0" encoding="UTF-8"?>
<testsuite name="org.springframework.test.context.junit.jupiter.TestConstructorIntegrationTests" tests="3" skipped="0" failures="0" errors="0" timestamp="2021-05-09T12:41:52" hostname="wangweilidembp" time="0.025">
  <properties/>
  <testcase name="autowireModeNotSetToAll()" classname="org.springframework.test.context.junit.jupiter.TestConstructorIntegrationTests" time="0.007"/>
  <testcase name="autowireModeSetToAllViaSpringProperties()" classname="org.springframework.test.context.junit.jupiter.TestConstructorIntegrationTests" time="0.011"/>
  <testcase name="autowireModeSetToAllViaJUnitPlatformConfigurationParameter()" classname="org.springframework.test.context.junit.jupiter.TestConstructorIntegrationTests" time="0.007"/>
  <system-out><![CDATA[]]></system-out>
  <system-err><![CDATA[]]></system-err>
</testsuite>
