<?xml version="1.0" encoding="UTF-8"?>
<testsuite name="org.springframework.test.context.transaction.manager.PrimaryTransactionManagerTests" tests="1" skipped="0" failures="0" errors="0" timestamp="2021-05-01T09:42:30" hostname="wangweilideMBP.lan" time="0.014">
  <properties/>
  <testcase name="transactionalTest()" classname="org.springframework.test.context.transaction.manager.PrimaryTransactionManagerTests" time="0.014"/>
  <system-out><![CDATA[]]></system-out>
  <system-err><![CDATA[]]></system-err>
</testsuite>
