<?xml version="1.0" encoding="UTF-8"?>
<testsuite name="org.springframework.test.web.servlet.samples.client.standalone.AsyncTests" tests="9" skipped="0" failures="0" errors="0" timestamp="2021-05-09T12:42:10" hostname="wangweilidembp" time="0.663">
  <properties/>
  <testcase name="streaming()" classname="org.springframework.test.web.servlet.samples.client.standalone.AsyncTests" time="0.004"/>
  <testcase name="callable()" classname="org.springframework.test.web.servlet.samples.client.standalone.AsyncTests" time="0.006"/>
  <testcase name="completableFutureWithImmediateValue()" classname="org.springframework.test.web.servlet.samples.client.standalone.AsyncTests" time="0.002"/>
  <testcase name="listenableFuture()" classname="org.springframework.test.web.servlet.samples.client.standalone.AsyncTests" time="0.106"/>
  <testcase name="deferredResultWithImmediateValue()" classname="org.springframework.test.web.servlet.samples.client.standalone.AsyncTests" time="0.003"/>
  <testcase name="deferredResult()" classname="org.springframework.test.web.servlet.samples.client.standalone.AsyncTests" time="0.104"/>
  <testcase name="streamingJson()" classname="org.springframework.test.web.servlet.samples.client.standalone.AsyncTests" time="0.004"/>
  <testcase name="streamingSlow()" classname="org.springframework.test.web.servlet.samples.client.standalone.AsyncTests" time="0.206"/>
  <testcase name="deferredResultWithDelayedError()" classname="org.springframework.test.web.servlet.samples.client.standalone.AsyncTests" time="0.109"/>
  <system-out><![CDATA[]]></system-out>
  <system-err><![CDATA[]]></system-err>
</testsuite>
