<?xml version="1.0" encoding="UTF-8"?>
<testsuite name="org.springframework.test.web.servlet.result.StatusResultMatchersExtensionsTests" tests="2" skipped="0" failures="0" errors="0" timestamp="2021-05-01T09:43:12" hostname="wangweilideMBP.lan" time="0.877">
  <properties/>
  <testcase name="StatusResultMatchers#is with int parameter is called as expected when using isEqualTo extension()" classname="org.springframework.test.web.servlet.result.StatusResultMatchersExtensionsTests" time="0.7"/>
  <testcase name="StatusResultMatchers#is with Matcher parameter is called as expected when using isEqualTo extension()" classname="org.springframework.test.web.servlet.result.StatusResultMatchersExtensionsTests" time="0.173"/>
  <system-out><![CDATA[]]></system-out>
  <system-err><![CDATA[]]></system-err>
</testsuite>
