<?xml version="1.0" encoding="UTF-8"?>
<testsuite name="org.springframework.test.context.support.GenericXmlContextLoaderResourceLocationsTests" tests="7" skipped="0" failures="0" errors="0" timestamp="2021-05-01T09:42:48" hostname="wangweilideMBP.lan" time="0.005">
  <properties/>
  <testcase name="[1] ClasspathNonExistentDefaultLocationsTestCase" classname="org.springframework.test.context.support.GenericXmlContextLoaderResourceLocationsTests" time="0.001"/>
  <testcase name="[2] ClasspathExistentDefaultLocationsTestCase" classname="org.springframework.test.context.support.GenericXmlContextLoaderResourceLocationsTests" time="0.0"/>
  <testcase name="[3] ImplicitClasspathLocationsTestCase" classname="org.springframework.test.context.support.GenericXmlContextLoaderResourceLocationsTests" time="0.001"/>
  <testcase name="[4] ExplicitClasspathLocationsTestCase" classname="org.springframework.test.context.support.GenericXmlContextLoaderResourceLocationsTests" time="0.0"/>
  <testcase name="[5] ExplicitFileLocationsTestCase" classname="org.springframework.test.context.support.GenericXmlContextLoaderResourceLocationsTests" time="0.0"/>
  <testcase name="[6] ExplicitUrlLocationsTestCase" classname="org.springframework.test.context.support.GenericXmlContextLoaderResourceLocationsTests" time="0.002"/>
  <testcase name="[7] ExplicitMixedPathTypesLocationsTestCase" classname="org.springframework.test.context.support.GenericXmlContextLoaderResourceLocationsTests" time="0.001"/>
  <system-out><![CDATA[]]></system-out>
  <system-err><![CDATA[]]></system-err>
</testsuite>
