<?xml version="1.0" encoding="UTF-8"?>
<testsuite name="org.springframework.test.context.junit4.spr9051.AtBeanLiteModeScopeTests" tests="2" skipped="0" failures="0" errors="0" timestamp="2021-05-09T12:42:35" hostname="wangweilidembp" time="0.003">
  <properties/>
  <testcase name="prototypeLiteBean" classname="org.springframework.test.context.junit4.spr9051.AtBeanLiteModeScopeTests" time="0.001"/>
  <testcase name="singletonLiteBean" classname="org.springframework.test.context.junit4.spr9051.AtBeanLiteModeScopeTests" time="0.001"/>
  <system-out><![CDATA[]]></system-out>
  <system-err><![CDATA[]]></system-err>
</testsuite>
