<?xml version="1.0" encoding="UTF-8"?>
<testsuite name="org.springframework.test.context.support.BootstrapTestUtilsMergedConfigTests" tests="27" skipped="0" failures="0" errors="0" timestamp="2021-05-01T09:42:47" hostname="wangweilideMBP.lan" time="0.19">
  <properties/>
  <testcase name="buildMergedConfigWithLocalAndInheritedAnnotationsAndLocations()" classname="org.springframework.test.context.support.BootstrapTestUtilsMergedConfigTests" time="0.158"/>
  <testcase name="buildMergedConfigWithMetaAnnotationAndLocations()" classname="org.springframework.test.context.support.BootstrapTestUtilsMergedConfigTests" time="0.001"/>
  <testcase name="buildMergedConfigWithBareAnnotations()" classname="org.springframework.test.context.support.BootstrapTestUtilsMergedConfigTests" time="0.001"/>
  <testcase name="buildMergedConfigWithLocalAnnotationAndClasses()" classname="org.springframework.test.context.support.BootstrapTestUtilsMergedConfigTests" time="0.0"/>
  <testcase name="buildMergedConfigForContextHierarchy()" classname="org.springframework.test.context.support.BootstrapTestUtilsMergedConfigTests" time="0.001"/>
  <testcase name="buildMergedConfigWithLocalAnnotationAndOverriddenContextLoaderAndClasses()" classname="org.springframework.test.context.support.BootstrapTestUtilsMergedConfigTests" time="0.001"/>
  <testcase name="buildImplicitMergedConfigWithoutAnnotation()" classname="org.springframework.test.context.support.BootstrapTestUtilsMergedConfigTests" time="0.0"/>
  <testcase name="buildMergedConfigWithContextConfigurationWithoutLocationsClassesOrInitializers()" classname="org.springframework.test.context.support.BootstrapTestUtilsMergedConfigTests" time="0.006"/>
  <testcase name="buildMergedConfigWithAnnotationsAndOverriddenClasses()" classname="org.springframework.test.context.support.BootstrapTestUtilsMergedConfigTests" time="0.001"/>
  <testcase name="buildMergedConfigForNestedTestClassWithOverriddenConfigForContextHierarchy()" classname="org.springframework.test.context.support.BootstrapTestUtilsMergedConfigTests" time="0.001"/>
  <testcase name="buildMergedConfigWithAtWebAppConfigurationWithAnnotationAndClassesOnSuperclass()" classname="org.springframework.test.context.support.BootstrapTestUtilsMergedConfigTests" time="0.001"/>
  <testcase name="buildMergedConfigForNestedTestClassWithMergedInheritedConfig()" classname="org.springframework.test.context.support.BootstrapTestUtilsMergedConfigTests" time="0.001"/>
  <testcase name="buildMergedConfigWithLocalAnnotationAndOverriddenContextLoaderAndLocations()" classname="org.springframework.test.context.support.BootstrapTestUtilsMergedConfigTests" time="0.0"/>
  <testcase name="buildMergedConfigForNestedTestClassWithInheritedConfigForContextHierarchy()" classname="org.springframework.test.context.support.BootstrapTestUtilsMergedConfigTests" time="0.001"/>
  <testcase name="buildMergedConfigWithDuplicateConfigurationOnEnclosingClassAndNestedClass()" classname="org.springframework.test.context.support.BootstrapTestUtilsMergedConfigTests" time="0.003"/>
  <testcase name="buildMergedConfigAndVerifyLocationPathsAreCleanedEquivalently()" classname="org.springframework.test.context.support.BootstrapTestUtilsMergedConfigTests" time="0.001"/>
  <testcase name="buildMergedConfigWithEmptyConfigurationOnEnclosingClassAndExplicitConfigOnNestedClass()" classname="org.springframework.test.context.support.BootstrapTestUtilsMergedConfigTests" time="0.002"/>
  <testcase name="buildMergedConfigForDoubleNestedTestClassWithInheritedOverriddenConfig()" classname="org.springframework.test.context.support.BootstrapTestUtilsMergedConfigTests" time="0.0"/>
  <testcase name="buildMergedConfigWithAnnotationsAndOverriddenLocations()" classname="org.springframework.test.context.support.BootstrapTestUtilsMergedConfigTests" time="0.001"/>
  <testcase name="buildMergedConfigWithLocalAnnotationAndLocations()" classname="org.springframework.test.context.support.BootstrapTestUtilsMergedConfigTests" time="0.0"/>
  <testcase name="buildMergedConfigForNestedTestClassWithInheritedConfig()" classname="org.springframework.test.context.support.BootstrapTestUtilsMergedConfigTests" time="0.001"/>
  <testcase name="buildMergedConfigWithEmptyConfigurationOnSuperclassAndSubclass()" classname="org.springframework.test.context.support.BootstrapTestUtilsMergedConfigTests" time="0.003"/>
  <testcase name="buildMergedConfigWithDuplicateConfigurationOnSuperclassAndSubclass()" classname="org.springframework.test.context.support.BootstrapTestUtilsMergedConfigTests" time="0.002"/>
  <testcase name="buildMergedConfigForNestedTestClassWithMergedInheritedConfigForContextHierarchy()" classname="org.springframework.test.context.support.BootstrapTestUtilsMergedConfigTests" time="0.0"/>
  <testcase name="buildMergedConfigForNestedTestClassWithOverriddenConfig()" classname="org.springframework.test.context.support.BootstrapTestUtilsMergedConfigTests" time="0.0"/>
  <testcase name="buildMergedConfigWithMetaAnnotationAndClasses()" classname="org.springframework.test.context.support.BootstrapTestUtilsMergedConfigTests" time="0.001"/>
  <testcase name="buildMergedConfigWithLocalAndInheritedAnnotationsAndClasses()" classname="org.springframework.test.context.support.BootstrapTestUtilsMergedConfigTests" time="0.001"/>
  <system-out><![CDATA[]]></system-out>
  <system-err><![CDATA[]]></system-err>
</testsuite>
