<?xml version="1.0" encoding="UTF-8"?>
<testsuite name="org.springframework.test.web.servlet.htmlunit.MockWebResponseBuilderTests" tests="11" skipped="0" failures="0" errors="0" timestamp="2021-05-01T09:43:07" hostname="wangweilideMBP.lan" time="0.003">
  <properties/>
  <testcase name="buildStatus()" classname="org.springframework.test.web.servlet.htmlunit.MockWebResponseBuilderTests" time="0.001"/>
  <testcase name="buildResponseHeaders()" classname="org.springframework.test.web.servlet.htmlunit.MockWebResponseBuilderTests" time="0.0"/>
  <testcase name="buildWebRequest()" classname="org.springframework.test.web.servlet.htmlunit.MockWebResponseBuilderTests" time="0.0"/>
  <testcase name="buildStatusNotOk()" classname="org.springframework.test.web.servlet.htmlunit.MockWebResponseBuilderTests" time="0.0"/>
  <testcase name="constructorWithNullResponse()" classname="org.springframework.test.web.servlet.htmlunit.MockWebResponseBuilderTests" time="0.0"/>
  <testcase name="buildContent()" classname="org.springframework.test.web.servlet.htmlunit.MockWebResponseBuilderTests" time="0.001"/>
  <testcase name="buildContentCharset()" classname="org.springframework.test.web.servlet.htmlunit.MockWebResponseBuilderTests" time="0.0"/>
  <testcase name="buildContentType()" classname="org.springframework.test.web.servlet.htmlunit.MockWebResponseBuilderTests" time="0.0"/>
  <testcase name="constructorWithNullWebRequest()" classname="org.springframework.test.web.servlet.htmlunit.MockWebResponseBuilderTests" time="0.001"/>
  <testcase name="buildResponseHeadersNullDomainDefaulted()" classname="org.springframework.test.web.servlet.htmlunit.MockWebResponseBuilderTests" time="0.0"/>
  <testcase name="buildStatusWithCustomMessage()" classname="org.springframework.test.web.servlet.htmlunit.MockWebResponseBuilderTests" time="0.0"/>
  <system-out><![CDATA[]]></system-out>
  <system-err><![CDATA[]]></system-err>
</testsuite>
