<?xml version="1.0" encoding="UTF-8"?>
<testsuite name="org.springframework.test.web.reactive.server.CookieAssertionTests" tests="10" skipped="0" failures="0" errors="0" timestamp="2021-04-26T07:41:25" hostname="wangweilideMacBook-Pro.local" time="0.023">
  <properties/>
  <testcase name="valueEquals()" classname="org.springframework.test.web.reactive.server.CookieAssertionTests" time="0.003"/>
  <testcase name="domain()" classname="org.springframework.test.web.reactive.server.CookieAssertionTests" time="0.002"/>
  <testcase name="exists()" classname="org.springframework.test.web.reactive.server.CookieAssertionTests" time="0.001"/>
  <testcase name="maxAge()" classname="org.springframework.test.web.reactive.server.CookieAssertionTests" time="0.003"/>
  <testcase name="secure()" classname="org.springframework.test.web.reactive.server.CookieAssertionTests" time="0.001"/>
  <testcase name="doesNotExist()" classname="org.springframework.test.web.reactive.server.CookieAssertionTests" time="0.001"/>
  <testcase name="httpOnly()" classname="org.springframework.test.web.reactive.server.CookieAssertionTests" time="0.001"/>
  <testcase name="path()" classname="org.springframework.test.web.reactive.server.CookieAssertionTests" time="0.003"/>
  <testcase name="value()" classname="org.springframework.test.web.reactive.server.CookieAssertionTests" time="0.002"/>
  <testcase name="sameSite()" classname="org.springframework.test.web.reactive.server.CookieAssertionTests" time="0.002"/>
  <system-out><![CDATA[15:41:25.247 [Test worker] ERROR o.s.t.w.r.s.ExchangeResult - Request details for assertion failure:

> GET /
> 

No content

< 200 OK OK
< Set-Cookie: [foo=bar; Path=/foo; Domain=foo.com; Max-Age=1800; Expires=Mon, 26 Apr 2021 08:11:25 GMT; Secure; HttpOnly; SameSite=Lax]

No content

15:41:25.248 [Test worker] ERROR o.s.t.w.r.s.ExchangeResult - Request details for assertion failure:

> GET /
> 

No content

< 200 OK OK
< Set-Cookie: [foo=bar; Path=/foo; Domain=foo.com; Max-Age=1800; Expires=Mon, 26 Apr 2021 08:11:25 GMT; Secure; HttpOnly; SameSite=Lax]

No content

15:41:25.249 [Test worker] ERROR o.s.t.w.r.s.ExchangeResult - Request details for assertion failure:

> GET /
> 

No content

< 200 OK OK
< Set-Cookie: [foo=bar; Path=/foo; Domain=foo.com; Max-Age=1800; Expires=Mon, 26 Apr 2021 08:11:25 GMT; Secure; HttpOnly; SameSite=Lax]

No content

15:41:25.250 [Test worker] ERROR o.s.t.w.r.s.ExchangeResult - Request details for assertion failure:

> GET /
> 

No content

< 200 OK OK
< Set-Cookie: [foo=bar; Path=/foo; Domain=foo.com; Max-Age=1800; Expires=Mon, 26 Apr 2021 08:11:25 GMT; Secure; HttpOnly; SameSite=Lax]

No content

15:41:25.251 [Test worker] ERROR o.s.t.w.r.s.ExchangeResult - Request details for assertion failure:

> GET /
> 

No content

< 200 OK OK
< Set-Cookie: [foo=bar; Path=/foo; Domain=foo.com; Max-Age=1800; Expires=Mon, 26 Apr 2021 08:11:25 GMT; Secure; HttpOnly; SameSite=Lax]

No content

15:41:25.253 [Test worker] ERROR o.s.t.w.r.s.ExchangeResult - Request details for assertion failure:

> GET /
> 

No content

< 200 OK OK
< Set-Cookie: [foo=bar; Path=/foo; Domain=foo.com; Max-Age=1800; Expires=Mon, 26 Apr 2021 08:11:25 GMT; Secure; HttpOnly; SameSite=Lax]

No content

15:41:25.255 [Test worker] ERROR o.s.t.w.r.s.ExchangeResult - Request details for assertion failure:

> GET /
> 

No content

< 200 OK OK
< Set-Cookie: [foo=bar; Path=/foo; Domain=foo.com; Max-Age=1800; Expires=Mon, 26 Apr 2021 08:11:25 GMT; Secure; HttpOnly; SameSite=Lax]

No content

15:41:25.257 [Test worker] ERROR o.s.t.w.r.s.ExchangeResult - Request details for assertion failure:

> GET /
> 

No content

< 200 OK OK
< Set-Cookie: [foo=bar; Path=/foo; Domain=foo.com; Max-Age=1800; Expires=Mon, 26 Apr 2021 08:11:25 GMT; Secure; HttpOnly; SameSite=Lax]

No content

15:41:25.259 [Test worker] ERROR o.s.t.w.r.s.ExchangeResult - Request details for assertion failure:

> GET /
> 

No content

< 200 OK OK
< Set-Cookie: [foo=bar; Path=/foo; Domain=foo.com; Max-Age=1800; Expires=Mon, 26 Apr 2021 08:11:25 GMT; Secure; HttpOnly; SameSite=Lax]

No content

15:41:25.260 [Test worker] ERROR o.s.t.w.r.s.ExchangeResult - Request details for assertion failure:

> GET /
> 

No content

< 200 OK OK
< Set-Cookie: [foo=bar; Path=/foo; Domain=foo.com; Max-Age=1800; Expires=Mon, 26 Apr 2021 08:11:25 GMT; Secure; HttpOnly; SameSite=Lax]

No content

15:41:25.262 [Test worker] ERROR o.s.t.w.r.s.ExchangeResult - Request details for assertion failure:

> GET /
> 

No content

< 200 OK OK
< Set-Cookie: [foo=bar; Path=/foo; Domain=foo.com; Max-Age=1800; Expires=Mon, 26 Apr 2021 08:11:25 GMT; Secure; HttpOnly; SameSite=Lax]

No content

15:41:25.263 [Test worker] ERROR o.s.t.w.r.s.ExchangeResult - Request details for assertion failure:

> GET /
> 

No content

< 200 OK OK
< Set-Cookie: [foo=bar; Path=/foo; Domain=foo.com; Max-Age=1800; Expires=Mon, 26 Apr 2021 08:11:25 GMT; Secure; HttpOnly; SameSite=Lax]

No content

15:41:25.265 [Test worker] ERROR o.s.t.w.r.s.ExchangeResult - Request details for assertion failure:

> GET /
> 

No content

< 200 OK OK
< Set-Cookie: [foo=bar; Path=/foo; Domain=foo.com; Max-Age=1800; Expires=Mon, 26 Apr 2021 08:11:25 GMT; Secure; HttpOnly; SameSite=Lax]

No content

15:41:25.267 [Test worker] ERROR o.s.t.w.r.s.ExchangeResult - Request details for assertion failure:

> GET /
> 

No content

< 200 OK OK
< Set-Cookie: [foo=bar; Path=/foo; Domain=foo.com; Max-Age=1800; Expires=Mon, 26 Apr 2021 08:11:25 GMT; Secure; HttpOnly; SameSite=Lax]

No content

15:41:25.269 [Test worker] ERROR o.s.t.w.r.s.ExchangeResult - Request details for assertion failure:

> GET /
> 

No content

< 200 OK OK
< Set-Cookie: [foo=bar; Path=/foo; Domain=foo.com; Max-Age=1800; Expires=Mon, 26 Apr 2021 08:11:25 GMT; Secure; HttpOnly; SameSite=Lax]

No content

]]></system-out>
  <system-err><![CDATA[]]></system-err>
</testsuite>
