<?xml version="1.0" encoding="UTF-8"?>
<testsuite name="org.springframework.test.web.servlet.samples.client.standalone.resultmatches.HeaderAssertionTests" tests="15" skipped="0" failures="0" errors="0" timestamp="2021-05-09T12:42:17" hostname="wangweilidembp" time="0.434">
  <properties/>
  <testcase name="longValueWithMissingResponseHeader()" classname="org.springframework.test.web.servlet.samples.client.standalone.resultmatches.HeaderAssertionTests" time="0.02"/>
  <testcase name="exists()" classname="org.springframework.test.web.servlet.samples.client.standalone.resultmatches.HeaderAssertionTests" time="0.025"/>
  <testcase name="stringWithMatcherAndMissingResponseHeader()" classname="org.springframework.test.web.servlet.samples.client.standalone.resultmatches.HeaderAssertionTests" time="0.025"/>
  <testcase name="stringWithMatcherAndCorrectResponseHeaderValue()" classname="org.springframework.test.web.servlet.samples.client.standalone.resultmatches.HeaderAssertionTests" time="0.026"/>
  <testcase name="multiStringHeaderValue()" classname="org.springframework.test.web.servlet.samples.client.standalone.resultmatches.HeaderAssertionTests" time="0.023"/>
  <testcase name="longValueWithIncorrectResponseHeaderValue()" classname="org.springframework.test.web.servlet.samples.client.standalone.resultmatches.HeaderAssertionTests" time="0.016"/>
  <testcase name="doesNotExist()" classname="org.springframework.test.web.servlet.samples.client.standalone.resultmatches.HeaderAssertionTests" time="0.018"/>
  <testcase name="existsFail()" classname="org.springframework.test.web.servlet.samples.client.standalone.resultmatches.HeaderAssertionTests" time="0.044"/>
  <testcase name="doesNotExistFail()" classname="org.springframework.test.web.servlet.samples.client.standalone.resultmatches.HeaderAssertionTests" time="0.027"/>
  <testcase name="multiStringHeaderValueWithMatchers()" classname="org.springframework.test.web.servlet.samples.client.standalone.resultmatches.HeaderAssertionTests" time="0.047"/>
  <testcase name="stringWithMissingResponseHeader()" classname="org.springframework.test.web.servlet.samples.client.standalone.resultmatches.HeaderAssertionTests" time="0.015"/>
  <testcase name="dateValueWithCorrectResponseHeaderValue()" classname="org.springframework.test.web.servlet.samples.client.standalone.resultmatches.HeaderAssertionTests" time="0.017"/>
  <testcase name="longValueWithCorrectResponseHeaderValue()" classname="org.springframework.test.web.servlet.samples.client.standalone.resultmatches.HeaderAssertionTests" time="0.018"/>
  <testcase name="stringWithMatcherAndIncorrectResponseHeaderValue()" classname="org.springframework.test.web.servlet.samples.client.standalone.resultmatches.HeaderAssertionTests" time="0.083"/>
  <testcase name="stringWithCorrectResponseHeaderValue()" classname="org.springframework.test.web.servlet.samples.client.standalone.resultmatches.HeaderAssertionTests" time="0.027"/>
  <system-out><![CDATA[20:42:17.272 [Test worker] ERROR o.s.t.w.r.s.ExchangeResult - Request details for assertion failure:

> GET /persons/1
> WebTestClient-Request-Id: [1]
> If-Modified-Since: [Sun, 09 May 2021 12:42:17 GMT]

No content

< 304 NOT_MODIFIED Not Modified
< Last-Modified: [Sun, 09 May 2021 12:42:17 GMT]
< X-Rate-Limiting: [42]
< Vary: [foo, bar]

0 bytes of content (unknown content-type).

======================  MockMvc (Server) ===============================

MockHttpServletRequest:
      HTTP Method = GET
      Request URI = /persons/1
       Parameters = {}
          Headers = [WebTestClient-Request-Id:"1", If-Modified-Since:"Sun, 09 May 2021 12:42:17 GMT"]
             Body = <no character encoding set>
    Session Attrs = {}

Handler:
             Type = org.springframework.test.web.servlet.samples.client.standalone.resultmatches.HeaderAssertionTests$PersonController
           Method = org.springframework.test.web.servlet.samples.client.standalone.resultmatches.HeaderAssertionTests$PersonController#showEntity(long, WebRequest)

Async:
    Async started = false
     Async result = null

Resolved Exception:
             Type = null

ModelAndView:
        View name = null
             View = null
            Model = null

FlashMap:
       Attributes = null

MockHttpServletResponse:
           Status = 304
    Error message = null
          Headers = [Last-Modified:"Sun, 09 May 2021 12:42:17 GMT", X-Rate-Limiting:"42", Vary:"foo", "bar"]
     Content type = null
             Body = 
    Forwarded URL = null
   Redirected URL = null
          Cookies = []


20:42:17.389 [Test worker] ERROR o.s.t.w.r.s.ExchangeResult - Request details for assertion failure:

> GET /persons/1
> WebTestClient-Request-Id: [1]

No content

< 200 OK OK
< Last-Modified: [Sun, 09 May 2021 12:42:17 GMT]
< X-Rate-Limiting: [42]
< Vary: [foo, bar]
< Content-Type: [application/xml]

<?xml version="1.0" encoding="UTF-8" standalone="yes"?><person><name>Jason</name><someBoolean>false</someBoolean><someDouble>0.0</someDouble></person>

======================  MockMvc (Server) ===============================

MockHttpServletRequest:
      HTTP Method = GET
      Request URI = /persons/1
       Parameters = {}
          Headers = [WebTestClient-Request-Id:"1"]
             Body = <no character encoding set>
    Session Attrs = {}

Handler:
             Type = org.springframework.test.web.servlet.samples.client.standalone.resultmatches.HeaderAssertionTests$PersonController
           Method = org.springframework.test.web.servlet.samples.client.standalone.resultmatches.HeaderAssertionTests$PersonController#showEntity(long, WebRequest)

Async:
    Async started = false
     Async result = null

Resolved Exception:
             Type = null

ModelAndView:
        View name = null
             View = null
            Model = null

FlashMap:
       Attributes = null

MockHttpServletResponse:
           Status = 200
    Error message = null
          Headers = [Last-Modified:"Sun, 09 May 2021 12:42:17 GMT", X-Rate-Limiting:"42", Vary:"foo", "bar", Content-Type:"application/xml"]
     Content type = application/xml
             Body = <?xml version="1.0" encoding="UTF-8" standalone="yes"?><person><name>Jason</name><someBoolean>false</someBoolean><someDouble>0.0</someDouble></person>
    Forwarded URL = null
   Redirected URL = null
          Cookies = []


20:42:17.450 [Test worker] ERROR o.s.t.w.r.s.ExchangeResult - Request details for assertion failure:

> GET /persons/1
> WebTestClient-Request-Id: [1]

No content

< 200 OK OK
< Last-Modified: [Sun, 09 May 2021 12:42:17 GMT]
< X-Rate-Limiting: [42]
< Vary: [foo, bar]
< Content-Type: [application/xml]

<?xml version="1.0" encoding="UTF-8" standalone="yes"?><person><name>Jason</name><someBoolean>false</someBoolean><someDouble>0.0</someDouble></person>

======================  MockMvc (Server) ===============================

MockHttpServletRequest:
      HTTP Method = GET
      Request URI = /persons/1
       Parameters = {}
          Headers = [WebTestClient-Request-Id:"1"]
             Body = <no character encoding set>
    Session Attrs = {}

Handler:
             Type = org.springframework.test.web.servlet.samples.client.standalone.resultmatches.HeaderAssertionTests$PersonController
           Method = org.springframework.test.web.servlet.samples.client.standalone.resultmatches.HeaderAssertionTests$PersonController#showEntity(long, WebRequest)

Async:
    Async started = false
     Async result = null

Resolved Exception:
             Type = null

ModelAndView:
        View name = null
             View = null
            Model = null

FlashMap:
       Attributes = null

MockHttpServletResponse:
           Status = 200
    Error message = null
          Headers = [Last-Modified:"Sun, 09 May 2021 12:42:17 GMT", X-Rate-Limiting:"42", Vary:"foo", "bar", Content-Type:"application/xml"]
     Content type = application/xml
             Body = <?xml version="1.0" encoding="UTF-8" standalone="yes"?><person><name>Jason</name><someBoolean>false</someBoolean><someDouble>0.0</someDouble></person>
    Forwarded URL = null
   Redirected URL = null
          Cookies = []


20:42:17.479 [Test worker] ERROR o.s.t.w.r.s.ExchangeResult - Request details for assertion failure:

> GET /persons/1
> WebTestClient-Request-Id: [1]

No content

< 200 OK OK
< Last-Modified: [Sun, 09 May 2021 12:42:17 GMT]
< X-Rate-Limiting: [42]
< Vary: [foo, bar]
< Content-Type: [application/xml]

<?xml version="1.0" encoding="UTF-8" standalone="yes"?><person><name>Jason</name><someBoolean>false</someBoolean><someDouble>0.0</someDouble></person>

======================  MockMvc (Server) ===============================

MockHttpServletRequest:
      HTTP Method = GET
      Request URI = /persons/1
       Parameters = {}
          Headers = [WebTestClient-Request-Id:"1"]
             Body = <no character encoding set>
    Session Attrs = {}

Handler:
             Type = org.springframework.test.web.servlet.samples.client.standalone.resultmatches.HeaderAssertionTests$PersonController
           Method = org.springframework.test.web.servlet.samples.client.standalone.resultmatches.HeaderAssertionTests$PersonController#showEntity(long, WebRequest)

Async:
    Async started = false
     Async result = null

Resolved Exception:
             Type = null

ModelAndView:
        View name = null
             View = null
            Model = null

FlashMap:
       Attributes = null

MockHttpServletResponse:
           Status = 200
    Error message = null
          Headers = [Last-Modified:"Sun, 09 May 2021 12:42:17 GMT", X-Rate-Limiting:"42", Vary:"foo", "bar", Content-Type:"application/xml"]
     Content type = application/xml
             Body = <?xml version="1.0" encoding="UTF-8" standalone="yes"?><person><name>Jason</name><someBoolean>false</someBoolean><someDouble>0.0</someDouble></person>
    Forwarded URL = null
   Redirected URL = null
          Cookies = []


20:42:17.625 [Test worker] ERROR o.s.t.w.r.s.ExchangeResult - Request details for assertion failure:

> GET /persons/1
> WebTestClient-Request-Id: [1]
> If-Modified-Since: [Sun, 09 May 2021 12:41:17 GMT]

No content

< 200 OK OK
< Last-Modified: [Sun, 09 May 2021 12:42:17 GMT]
< X-Rate-Limiting: [42]
< Vary: [foo, bar]
< Content-Type: [application/xml]

<?xml version="1.0" encoding="UTF-8" standalone="yes"?><person><name>Jason</name><someBoolean>false</someBoolean><someDouble>0.0</someDouble></person>

======================  MockMvc (Server) ===============================

MockHttpServletRequest:
      HTTP Method = GET
      Request URI = /persons/1
       Parameters = {}
          Headers = [WebTestClient-Request-Id:"1", If-Modified-Since:"Sun, 09 May 2021 12:41:17 GMT"]
             Body = <no character encoding set>
    Session Attrs = {}

Handler:
             Type = org.springframework.test.web.servlet.samples.client.standalone.resultmatches.HeaderAssertionTests$PersonController
           Method = org.springframework.test.web.servlet.samples.client.standalone.resultmatches.HeaderAssertionTests$PersonController#showEntity(long, WebRequest)

Async:
    Async started = false
     Async result = null

Resolved Exception:
             Type = null

ModelAndView:
        View name = null
             View = null
            Model = null

FlashMap:
       Attributes = null

MockHttpServletResponse:
           Status = 200
    Error message = null
          Headers = [Last-Modified:"Sun, 09 May 2021 12:42:17 GMT", X-Rate-Limiting:"42", Vary:"foo", "bar", Content-Type:"application/xml"]
     Content type = application/xml
             Body = <?xml version="1.0" encoding="UTF-8" standalone="yes"?><person><name>Jason</name><someBoolean>false</someBoolean><someDouble>0.0</someDouble></person>
    Forwarded URL = null
   Redirected URL = null
          Cookies = []


20:42:17.653 [Test worker] ERROR o.s.t.w.r.s.ExchangeResult - Request details for assertion failure:

> GET /persons/1
> WebTestClient-Request-Id: [2]
> If-Modified-Since: [Sun, 09 May 2021 12:41:17 GMT]

No content

< 200 OK OK
< Last-Modified: [Sun, 09 May 2021 12:42:17 GMT]
< X-Rate-Limiting: [42]
< Vary: [foo, bar]
< Content-Type: [application/xml]

<?xml version="1.0" encoding="UTF-8" standalone="yes"?><person><name>Jason</name><someBoolean>false</someBoolean><someDouble>0.0</someDouble></person>

======================  MockMvc (Server) ===============================

MockHttpServletRequest:
      HTTP Method = GET
      Request URI = /persons/1
       Parameters = {}
          Headers = [WebTestClient-Request-Id:"2", If-Modified-Since:"Sun, 09 May 2021 12:41:17 GMT"]
             Body = <no character encoding set>
    Session Attrs = {}

Handler:
             Type = org.springframework.test.web.servlet.samples.client.standalone.resultmatches.HeaderAssertionTests$PersonController
           Method = org.springframework.test.web.servlet.samples.client.standalone.resultmatches.HeaderAssertionTests$PersonController#showEntity(long, WebRequest)

Async:
    Async started = false
     Async result = null

Resolved Exception:
             Type = null

ModelAndView:
        View name = null
             View = null
            Model = null

FlashMap:
       Attributes = null

MockHttpServletResponse:
           Status = 200
    Error message = null
          Headers = [Last-Modified:"Sun, 09 May 2021 12:42:17 GMT", X-Rate-Limiting:"42", Vary:"foo", "bar", Content-Type:"application/xml"]
     Content type = application/xml
             Body = <?xml version="1.0" encoding="UTF-8" standalone="yes"?><person><name>Jason</name><someBoolean>false</someBoolean><someDouble>0.0</someDouble></person>
    Forwarded URL = null
   Redirected URL = null
          Cookies = []


20:42:17.658 [Test worker] ERROR o.s.t.w.r.s.ExchangeResult - Request details for assertion failure:

> GET /persons/1
> WebTestClient-Request-Id: [3]
> If-Modified-Since: [Sun, 09 May 2021 12:41:17 GMT]

No content

< 200 OK OK
< Last-Modified: [Sun, 09 May 2021 12:42:17 GMT]
< X-Rate-Limiting: [42]
< Vary: [foo, bar]
< Content-Type: [application/xml]

<?xml version="1.0" encoding="UTF-8" standalone="yes"?><person><name>Jason</name><someBoolean>false</someBoolean><someDouble>0.0</someDouble></person>

======================  MockMvc (Server) ===============================

MockHttpServletRequest:
      HTTP Method = GET
      Request URI = /persons/1
       Parameters = {}
          Headers = [WebTestClient-Request-Id:"3", If-Modified-Since:"Sun, 09 May 2021 12:41:17 GMT"]
             Body = <no character encoding set>
    Session Attrs = {}

Handler:
             Type = org.springframework.test.web.servlet.samples.client.standalone.resultmatches.HeaderAssertionTests$PersonController
           Method = org.springframework.test.web.servlet.samples.client.standalone.resultmatches.HeaderAssertionTests$PersonController#showEntity(long, WebRequest)

Async:
    Async started = false
     Async result = null

Resolved Exception:
             Type = null

ModelAndView:
        View name = null
             View = null
            Model = null

FlashMap:
       Attributes = null

MockHttpServletResponse:
           Status = 200
    Error message = null
          Headers = [Last-Modified:"Sun, 09 May 2021 12:42:17 GMT", X-Rate-Limiting:"42", Vary:"foo", "bar", Content-Type:"application/xml"]
     Content type = application/xml
             Body = <?xml version="1.0" encoding="UTF-8" standalone="yes"?><person><name>Jason</name><someBoolean>false</someBoolean><someDouble>0.0</someDouble></person>
    Forwarded URL = null
   Redirected URL = null
          Cookies = []


]]></system-out>
  <system-err><![CDATA[]]></system-err>
</testsuite>
