<?xml version="1.0" encoding="UTF-8"?>
<testsuite name="org.springframework.test.context.junit.jupiter.nested.SqlScriptNestedTests$NestedSqlMergeModeTests$ClassLevelOverrideSqlMergeModeTests" tests="3" skipped="0" failures="0" errors="0" timestamp="2021-05-09T12:41:52" hostname="wangweilidembp" time="0.017">
  <properties/>
  <testcase name="overridden()" classname="org.springframework.test.context.junit.jupiter.nested.SqlScriptNestedTests$NestedSqlMergeModeTests$ClassLevelOverrideSqlMergeModeTests" time="0.006"/>
  <testcase name="merged()" classname="org.springframework.test.context.junit.jupiter.nested.SqlScriptNestedTests$NestedSqlMergeModeTests$ClassLevelOverrideSqlMergeModeTests" time="0.006"/>
  <testcase name="classLevelScripts()" classname="org.springframework.test.context.junit.jupiter.nested.SqlScriptNestedTests$NestedSqlMergeModeTests$ClassLevelOverrideSqlMergeModeTests" time="0.005"/>
  <system-out><![CDATA[]]></system-out>
  <system-err><![CDATA[]]></system-err>
</testsuite>
