<?xml version="1.0" encoding="UTF-8"?>
<testsuite name="org.springframework.test.context.junit.jupiter.DisabledIfAndDirtiesContextTests" tests="2" skipped="0" failures="0" errors="0" timestamp="2021-05-01T09:42:45" hostname="wangweilideMBP.lan" time="0.021">
  <properties/>
  <testcase name="contextShouldBeClosedForDisabledTestClass()" classname="org.springframework.test.context.junit.jupiter.DisabledIfAndDirtiesContextTests" time="0.012"/>
  <testcase name="contextShouldBeClosedForEnabledTestClass()" classname="org.springframework.test.context.junit.jupiter.DisabledIfAndDirtiesContextTests" time="0.009"/>
  <system-out><![CDATA[]]></system-out>
  <system-err><![CDATA[]]></system-err>
</testsuite>
