<?xml version="1.0" encoding="UTF-8"?>
<testsuite name="org.springframework.test.web.servlet.samples.standalone.ResponseBodyTests" tests="1" skipped="0" failures="0" errors="0" timestamp="2021-05-01T09:42:55" hostname="wangweilideMBP.lan" time="0.011">
  <properties/>
  <testcase name="json()" classname="org.springframework.test.web.servlet.samples.standalone.ResponseBodyTests" time="0.011"/>
  <system-out><![CDATA[]]></system-out>
  <system-err><![CDATA[]]></system-err>
</testsuite>
