<?xml version="1.0" encoding="UTF-8"?>
<testsuite name="org.springframework.test.web.servlet.samples.client.standalone.resultmatches.JsonPathAssertionTests" tests="5" skipped="0" failures="0" errors="0" timestamp="2021-04-26T07:41:17" hostname="wangweilideMacBook-Pro.local" time="0.184">
  <properties/>
  <testcase name="hamcrestMatcherWithParameterizedJsonPath()" classname="org.springframework.test.web.servlet.samples.client.standalone.resultmatches.JsonPathAssertionTests" time="0.012"/>
  <testcase name="hamcrestMatcher()" classname="org.springframework.test.web.servlet.samples.client.standalone.resultmatches.JsonPathAssertionTests" time="0.004"/>
  <testcase name="exists()" classname="org.springframework.test.web.servlet.samples.client.standalone.resultmatches.JsonPathAssertionTests" time="0.005"/>
  <testcase name="doesNotExist()" classname="org.springframework.test.web.servlet.samples.client.standalone.resultmatches.JsonPathAssertionTests" time="0.004"/>
  <testcase name="equality()" classname="org.springframework.test.web.servlet.samples.client.standalone.resultmatches.JsonPathAssertionTests" time="0.007"/>
  <system-out><![CDATA[]]></system-out>
  <system-err><![CDATA[]]></system-err>
</testsuite>
