<?xml version="1.0" encoding="UTF-8"?>
<testsuite name="org.springframework.test.context.junit.jupiter.nested.TransactionalNestedTests$InheritedConfigTests$DoubleNestedWithOverriddenConfigTests" tests="1" skipped="0" failures="0" errors="0" timestamp="2021-04-26T07:40:52" hostname="wangweilideMacBook-Pro.local" time="0.001">
  <properties/>
  <testcase name="transactional(DataSource)" classname="org.springframework.test.context.junit.jupiter.nested.TransactionalNestedTests$InheritedConfigTests$DoubleNestedWithOverriddenConfigTests" time="0.001"/>
  <system-out><![CDATA[]]></system-out>
  <system-err><![CDATA[]]></system-err>
</testsuite>
