<?xml version="1.0" encoding="UTF-8"?>
<testsuite name="org.springframework.test.web.servlet.samples.client.standalone.MultipartControllerTests" tests="12" skipped="0" failures="0" errors="0" timestamp="2021-05-09T12:42:17" hostname="wangweilidembp" time="0.307">
  <properties/>
  <testcase name="multipartRequestWithFileArray()" classname="org.springframework.test.web.servlet.samples.client.standalone.MultipartControllerTests" time="0.064"/>
  <testcase name="multipartRequestWithOptionalFile()" classname="org.springframework.test.web.servlet.samples.client.standalone.MultipartControllerTests" time="0.004"/>
  <testcase name="multipartRequestWithOptionalFileNotPresent()" classname="org.springframework.test.web.servlet.samples.client.standalone.MultipartControllerTests" time="0.009"/>
  <testcase name="multipartRequestWithSingleFileNotPresent()" classname="org.springframework.test.web.servlet.samples.client.standalone.MultipartControllerTests" time="0.001"/>
  <testcase name="multipartRequestWithOptionalFileListNotPresent()" classname="org.springframework.test.web.servlet.samples.client.standalone.MultipartControllerTests" time="0.004"/>
  <testcase name="multipartRequestWithSingleFile()" classname="org.springframework.test.web.servlet.samples.client.standalone.MultipartControllerTests" time="0.004"/>
  <testcase name="multipartRequestWithServletParts()" classname="org.springframework.test.web.servlet.samples.client.standalone.MultipartControllerTests" time="0.004"/>
  <testcase name="multipartRequestWithOptionalFileArray()" classname="org.springframework.test.web.servlet.samples.client.standalone.MultipartControllerTests" time="0.007"/>
  <testcase name="multipartRequestWithFileArrayNoMultipart()" classname="org.springframework.test.web.servlet.samples.client.standalone.MultipartControllerTests" time="0.002"/>
  <testcase name="multipartRequestWrapped()" classname="org.springframework.test.web.servlet.samples.client.standalone.MultipartControllerTests" time="0.014"/>
  <testcase name="multipartRequestWithOptionalFileList()" classname="org.springframework.test.web.servlet.samples.client.standalone.MultipartControllerTests" time="0.008"/>
  <testcase name="multipartRequestWithOptionalFileArrayNotPresent()" classname="org.springframework.test.web.servlet.samples.client.standalone.MultipartControllerTests" time="0.004"/>
  <system-out><![CDATA[]]></system-out>
  <system-err><![CDATA[]]></system-err>
</testsuite>
