<?xml version="1.0" encoding="UTF-8"?>
<testsuite name="org.springframework.test.context.jdbc.SqlScriptsTestExecutionListenerTests" tests="5" skipped="0" failures="0" errors="0" timestamp="2021-05-09T12:41:54" hostname="wangweilidembp" time="0.068">
  <properties/>
  <testcase name="valueAndScriptsDeclared()" classname="org.springframework.test.context.jdbc.SqlScriptsTestExecutionListenerTests" time="0.002"/>
  <testcase name="isolatedTxModeDeclaredWithoutTxMgr()" classname="org.springframework.test.context.jdbc.SqlScriptsTestExecutionListenerTests" time="0.05"/>
  <testcase name="missingDataSourceAndTxMgr()" classname="org.springframework.test.context.jdbc.SqlScriptsTestExecutionListenerTests" time="0.004"/>
  <testcase name="missingValueAndScriptsAndStatementsAtMethodLevel()" classname="org.springframework.test.context.jdbc.SqlScriptsTestExecutionListenerTests" time="0.005"/>
  <testcase name="missingValueAndScriptsAndStatementsAtClassLevel()" classname="org.springframework.test.context.jdbc.SqlScriptsTestExecutionListenerTests" time="0.005"/>
  <system-out><![CDATA[20:41:54.108 [Test worker] ERROR o.s.t.c.j.SqlScriptsTestExecutionListener - Could not detect default SQL script for test method [public void org.springframework.test.context.jdbc.SqlScriptsTestExecutionListenerTests$MissingValueAndScriptsAndStatementsAtMethodLevel.foo()]: class path resource [org/springframework/test/context/jdbc/SqlScriptsTestExecutionListenerTests$MissingValueAndScriptsAndStatementsAtMethodLevel.foo.sql] does not exist. Either declare statements or scripts via @Sql or make the default SQL script available.
20:41:54.113 [Test worker] ERROR o.s.t.c.j.SqlScriptsTestExecutionListener - Could not detect default SQL script for test class [org.springframework.test.context.jdbc.SqlScriptsTestExecutionListenerTests$MissingValueAndScriptsAndStatementsAtClassLevel]: class path resource [org/springframework/test/context/jdbc/SqlScriptsTestExecutionListenerTests$MissingValueAndScriptsAndStatementsAtClassLevel.sql] does not exist. Either declare statements or scripts via @Sql or make the default SQL script available.
]]></system-out>
  <system-err><![CDATA[]]></system-err>
</testsuite>
