<?xml version="1.0" encoding="UTF-8"?>
<testsuite name="org.springframework.test.web.servlet.setup.SharedHttpSessionTests" tests="2" skipped="0" failures="0" errors="0" timestamp="2021-05-01T09:42:50" hostname="wangweilideMBP.lan" time="0.03">
  <properties/>
  <testcase name="httpSession()" classname="org.springframework.test.web.servlet.setup.SharedHttpSessionTests" time="0.02"/>
  <testcase name="noHttpSession()" classname="org.springframework.test.web.servlet.setup.SharedHttpSessionTests" time="0.01"/>
  <system-out><![CDATA[]]></system-out>
  <system-err><![CDATA[]]></system-err>
</testsuite>
