<?xml version="1.0" encoding="UTF-8"?>
<testsuite name="org.springframework.mock.jndi.SimpleNamingContextTests" tests="2" skipped="0" failures="0" errors="0" timestamp="2021-05-09T12:42:26" hostname="wangweilidembp" time="0.011">
  <properties/>
  <testcase name="namingContextBuilder()" classname="org.springframework.mock.jndi.SimpleNamingContextTests" time="0.009"/>
  <testcase name="createInitialContext()" classname="org.springframework.mock.jndi.SimpleNamingContextTests" time="0.002"/>
  <system-out><![CDATA[]]></system-out>
  <system-err><![CDATA[]]></system-err>
</testsuite>
