<?xml version="1.0" encoding="UTF-8"?>
<testsuite name="org.springframework.test.web.servlet.samples.client.standalone.resultmatches.ViewNameAssertionTests" tests="2" skipped="0" failures="0" errors="0" timestamp="2021-05-09T12:42:16" hostname="wangweilidembp" time="0.013">
  <properties/>
  <testcase name="testHamcrestMatcher()" classname="org.springframework.test.web.servlet.samples.client.standalone.resultmatches.ViewNameAssertionTests" time="0.002"/>
  <testcase name="testEqualTo()" classname="org.springframework.test.web.servlet.samples.client.standalone.resultmatches.ViewNameAssertionTests" time="0.001"/>
  <system-out><![CDATA[]]></system-out>
  <system-err><![CDATA[]]></system-err>
</testsuite>
