<?xml version="1.0" encoding="UTF-8"?>
<testsuite name="org.springframework.test.web.reactive.server.samples.bind.ApplicationContextTests" tests="1" skipped="0" failures="0" errors="0" timestamp="2021-04-26T07:41:24" hostname="wangweilideMacBook-Pro.local" time="0.038">
  <properties/>
  <testcase name="test()" classname="org.springframework.test.web.reactive.server.samples.bind.ApplicationContextTests" time="0.038"/>
  <system-out><![CDATA[]]></system-out>
  <system-err><![CDATA[]]></system-err>
</testsuite>
