<?xml version="1.0" encoding="UTF-8"?>
<testsuite name="org.springframework.test.web.client.MockRestServiceServerTests" tests="9" skipped="0" failures="0" errors="0" timestamp="2021-05-01T09:43:10" hostname="wangweilideMBP.lan" time="0.136">
  <properties/>
  <testcase name="verifyShouldFailIfRequestsFailed()" classname="org.springframework.test.web.client.MockRestServiceServerTests" time="0.007"/>
  <testcase name="verifyWithTimeout()" classname="org.springframework.test.web.client.MockRestServiceServerTests" time="0.102"/>
  <testcase name="buildMultipleTimes()" classname="org.springframework.test.web.client.MockRestServiceServerTests" time="0.002"/>
  <testcase name="resetClearsRequestFailures()" classname="org.springframework.test.web.client.MockRestServiceServerTests" time="0.0"/>
  <testcase name="resetAndReuseServer()" classname="org.springframework.test.web.client.MockRestServiceServerTests" time="0.0"/>
  <testcase name="followUpRequestAfterFailure()" classname="org.springframework.test.web.client.MockRestServiceServerTests" time="0.001"/>
  <testcase name="exactExpectOrder()" classname="org.springframework.test.web.client.MockRestServiceServerTests" time="0.001"/>
  <testcase name="resetAndReuseServerWithUnorderedExpectationManager()" classname="org.springframework.test.web.client.MockRestServiceServerTests" time="0.001"/>
  <testcase name="ignoreExpectOrder()" classname="org.springframework.test.web.client.MockRestServiceServerTests" time="0.0"/>
  <system-out><![CDATA[]]></system-out>
  <system-err><![CDATA[]]></system-err>
</testsuite>
