<?xml version="1.0" encoding="UTF-8"?>
<testsuite name="org.springframework.test.web.servlet.result.HeaderResultMatchersTests" tests="1" skipped="0" failures="0" errors="0" timestamp="2021-05-01T09:42:50" hostname="wangweilideMBP.lan" time="0.006">
  <properties/>
  <testcase name="matchDateFormattedWithHttpHeaders()" classname="org.springframework.test.web.servlet.result.HeaderResultMatchersTests" time="0.006"/>
  <system-out><![CDATA[]]></system-out>
  <system-err><![CDATA[]]></system-err>
</testsuite>
