<?xml version="1.0" encoding="UTF-8"?>
<testsuite name="org.springframework.test.web.reactive.server.samples.GlobalEntityResultConsumerTests" tests="3" skipped="0" failures="0" errors="0" timestamp="2021-05-01T09:43:10" hostname="wangweilideMBP.lan" time="0.028">
  <properties/>
  <testcase name="entityList()" classname="org.springframework.test.web.reactive.server.samples.GlobalEntityResultConsumerTests" time="0.003"/>
  <testcase name="entity()" classname="org.springframework.test.web.reactive.server.samples.GlobalEntityResultConsumerTests" time="0.002"/>
  <testcase name="json()" classname="org.springframework.test.web.reactive.server.samples.GlobalEntityResultConsumerTests" time="0.002"/>
  <system-out><![CDATA[]]></system-out>
  <system-err><![CDATA[]]></system-err>
</testsuite>
