<?xml version="1.0" encoding="UTF-8"?>
<testsuite name="org.springframework.test.context.junit.jupiter.nested.SqlScriptNestedTests$NestedSqlMergeModeTests$ClassLevelOverrideSqlMergeModeTests" tests="3" skipped="0" failures="0" errors="0" timestamp="2021-05-01T09:42:45" hostname="wangweilideMBP.lan" time="0.011">
  <properties/>
  <testcase name="overridden()" classname="org.springframework.test.context.junit.jupiter.nested.SqlScriptNestedTests$NestedSqlMergeModeTests$ClassLevelOverrideSqlMergeModeTests" time="0.004"/>
  <testcase name="merged()" classname="org.springframework.test.context.junit.jupiter.nested.SqlScriptNestedTests$NestedSqlMergeModeTests$ClassLevelOverrideSqlMergeModeTests" time="0.003"/>
  <testcase name="classLevelScripts()" classname="org.springframework.test.context.junit.jupiter.nested.SqlScriptNestedTests$NestedSqlMergeModeTests$ClassLevelOverrideSqlMergeModeTests" time="0.003"/>
  <system-out><![CDATA[]]></system-out>
  <system-err><![CDATA[]]></system-err>
</testsuite>
