<?xml version="1.0" encoding="UTF-8"?>
<testsuite name="org.springframework.test.context.cache.ClassLevelDirtiesContextTestNGTests" tests="1" skipped="0" failures="0" errors="0" timestamp="2021-05-09T12:41:37" hostname="wangweilidembp" time="1.804">
  <properties/>
  <testcase name="verifyDirtiesContextBehavior()" classname="org.springframework.test.context.cache.ClassLevelDirtiesContextTestNGTests" time="1.804"/>
  <system-out><![CDATA[]]></system-out>
  <system-err><![CDATA[]]></system-err>
</testsuite>
