<?xml version="1.0" encoding="UTF-8"?>
<testsuite name="org.springframework.test.context.junit4.rules.TransactionalSqlScriptsSpringRuleTests" tests="2" skipped="0" failures="0" errors="0" timestamp="2021-05-01T09:43:19" hostname="wangweilideMBP.lan" time="0.022">
  <properties/>
  <testcase name="classLevelScripts" classname="org.springframework.test.context.junit4.rules.TransactionalSqlScriptsSpringRuleTests" time="0.019"/>
  <testcase name="methodLevelScripts" classname="org.springframework.test.context.junit4.rules.TransactionalSqlScriptsSpringRuleTests" time="0.003"/>
  <system-out><![CDATA[]]></system-out>
  <system-err><![CDATA[]]></system-err>
</testsuite>
