<?xml version="1.0" encoding="UTF-8"?>
<testsuite name="org.springframework.test.web.servlet.samples.client.standalone.resultmatches.FlashAttributeAssertionTests" tests="4" skipped="0" failures="0" errors="0" timestamp="2021-05-01T09:43:06" hostname="wangweilideMBP.lan" time="0.03">
  <properties/>
  <testcase name="attributeExists()" classname="org.springframework.test.web.servlet.samples.client.standalone.resultmatches.FlashAttributeAssertionTests" time="0.001"/>
  <testcase name="attributeEqualTo()" classname="org.springframework.test.web.servlet.samples.client.standalone.resultmatches.FlashAttributeAssertionTests" time="0.001"/>
  <testcase name="attributeCountWithWrongCount()" classname="org.springframework.test.web.servlet.samples.client.standalone.resultmatches.FlashAttributeAssertionTests" time="0.001"/>
  <testcase name="attributeMatchers()" classname="org.springframework.test.web.servlet.samples.client.standalone.resultmatches.FlashAttributeAssertionTests" time="0.002"/>
  <system-out><![CDATA[]]></system-out>
  <system-err><![CDATA[]]></system-err>
</testsuite>
