<?xml version="1.0" encoding="UTF-8"?>
<testsuite name="org.springframework.test.web.client.match.MultipartRequestMatchersTests" tests="7" skipped="0" failures="0" errors="0" timestamp="2021-05-01T09:43:10" hostname="wangweilideMBP.lan" time="0.031">
  <properties/>
  <testcase name="testResourceNoMatch()" classname="org.springframework.test.web.client.match.MultipartRequestMatchersTests" time="0.026"/>
  <testcase name="testResourceMatch()" classname="org.springframework.test.web.client.match.MultipartRequestMatchersTests" time="0.001"/>
  <testcase name="testDoesNotContain()" classname="org.springframework.test.web.client.match.MultipartRequestMatchersTests" time="0.001"/>
  <testcase name="testContains()" classname="org.springframework.test.web.client.match.MultipartRequestMatchersTests" time="0.001"/>
  <testcase name="testByteArrayNoMatch()" classname="org.springframework.test.web.client.match.MultipartRequestMatchersTests" time="0.001"/>
  <testcase name="testParamsMatch()" classname="org.springframework.test.web.client.match.MultipartRequestMatchersTests" time="0.0"/>
  <testcase name="testByteArrayMatch()" classname="org.springframework.test.web.client.match.MultipartRequestMatchersTests" time="0.001"/>
  <system-out><![CDATA[]]></system-out>
  <system-err><![CDATA[]]></system-err>
</testsuite>
