<?xml version="1.0" encoding="UTF-8"?>
<testsuite name="org.springframework.test.web.servlet.samples.client.standalone.ViewResolutionTests" tests="5" skipped="0" failures="0" errors="0" timestamp="2021-04-26T07:41:18" hostname="wangweilideMacBook-Pro.local" time="0.109">
  <properties/>
  <testcase name="jsonOnly()" classname="org.springframework.test.web.servlet.samples.client.standalone.ViewResolutionTests" time="0.026"/>
  <testcase name="xmlOnly()" classname="org.springframework.test.web.servlet.samples.client.standalone.ViewResolutionTests" time="0.018"/>
  <testcase name="jspOnly()" classname="org.springframework.test.web.servlet.samples.client.standalone.ViewResolutionTests" time="0.018"/>
  <testcase name="defaultViewResolver()" classname="org.springframework.test.web.servlet.samples.client.standalone.ViewResolutionTests" time="0.018"/>
  <testcase name="contentNegotiation()" classname="org.springframework.test.web.servlet.samples.client.standalone.ViewResolutionTests" time="0.029"/>
  <system-out><![CDATA[]]></system-out>
  <system-err><![CDATA[]]></system-err>
</testsuite>
