<?xml version="1.0" encoding="UTF-8"?>
<testsuite name="org.springframework.test.web.reactive.server.HttpHandlerConnectorTests" tests="3" skipped="0" failures="0" errors="0" timestamp="2021-05-01T09:43:08" hostname="wangweilideMBP.lan" time="0.003">
  <properties/>
  <testcase name="adaptResponse()" classname="org.springframework.test.web.reactive.server.HttpHandlerConnectorTests" time="0.001"/>
  <testcase name="handlerOnNonBlockingThread()" classname="org.springframework.test.web.reactive.server.HttpHandlerConnectorTests" time="0.0"/>
  <testcase name="adaptRequest()" classname="org.springframework.test.web.reactive.server.HttpHandlerConnectorTests" time="0.001"/>
  <system-out><![CDATA[]]></system-out>
  <system-err><![CDATA[]]></system-err>
</testsuite>
