<?xml version="1.0" encoding="UTF-8"?>
<testsuite name="org.springframework.test.context.junit.jupiter.generics.CatTests" tests="2" skipped="0" failures="0" errors="0" timestamp="2021-05-09T12:41:40" hostname="wangweilidembp" time="0.018">
  <properties/>
  <testcase name="autowiredParameterByTypeForSingleGenericBean(Character)" classname="org.springframework.test.context.junit.jupiter.generics.CatTests" time="0.014"/>
  <testcase name="autowiredFields()" classname="org.springframework.test.context.junit.jupiter.generics.CatTests" time="0.003"/>
  <system-out><![CDATA[]]></system-out>
  <system-err><![CDATA[]]></system-err>
</testsuite>
