<?xml version="1.0" encoding="UTF-8"?>
<testsuite name="org.springframework.test.context.support.AnnotationConfigContextLoaderTests" tests="7" skipped="0" failures="0" errors="0" timestamp="2021-04-26T07:40:55" hostname="wangweilideMacBook-Pro.local" time="0.008">
  <properties/>
  <testcase name="detectDefaultConfigurationClassesForNonAnnotatedInnerClass()" classname="org.springframework.test.context.support.AnnotationConfigContextLoaderTests" time="0.001"/>
  <testcase name="detectDefaultConfigurationClassesForPrivateAnnotatedInnerClass()" classname="org.springframework.test.context.support.AnnotationConfigContextLoaderTests" time="0.001"/>
  <testcase name="detectDefaultConfigurationClassesForMultipleAnnotatedInnerClasses()" classname="org.springframework.test.context.support.AnnotationConfigContextLoaderTests" time="0.001"/>
  <testcase name="detectDefaultConfigurationClassesForAnnotatedInnerClass()" classname="org.springframework.test.context.support.AnnotationConfigContextLoaderTests" time="0.002"/>
  <testcase name="detectDefaultConfigurationClassesForFinalAnnotatedInnerClass()" classname="org.springframework.test.context.support.AnnotationConfigContextLoaderTests" time="0.001"/>
  <testcase name="detectDefaultConfigurationClassesForNonStaticAnnotatedInnerClass()" classname="org.springframework.test.context.support.AnnotationConfigContextLoaderTests" time="0.001"/>
  <testcase name="configMustNotContainLocations()" classname="org.springframework.test.context.support.AnnotationConfigContextLoaderTests" time="0.001"/>
  <system-out><![CDATA[15:40:55.898 [Test worker] ERROR o.s.t.c.s.AnnotationConfigContextLoader - Test class [org.springframework.test.context.support.AnnotationConfigContextLoaderTests] has been configured with @ContextConfiguration's 'locations' (or 'value') attribute {config.xml}, but AnnotationConfigContextLoader does not support resource locations.
]]></system-out>
  <system-err><![CDATA[]]></system-err>
</testsuite>
