<?xml version="1.0" encoding="UTF-8"?>
<testsuite name="org.springframework.test.context.junit.jupiter.nested.SqlScriptNestedTests$NestedSqlMergeModeTests$NestedClassLevelMergeSqlMergeModeTests" tests="3" skipped="0" failures="0" errors="0" timestamp="2021-05-09T12:41:52" hostname="wangweilidembp" time="0.012">
  <properties/>
  <testcase name="overridden()" classname="org.springframework.test.context.junit.jupiter.nested.SqlScriptNestedTests$NestedSqlMergeModeTests$NestedClassLevelMergeSqlMergeModeTests" time="0.004"/>
  <testcase name="merged()" classname="org.springframework.test.context.junit.jupiter.nested.SqlScriptNestedTests$NestedSqlMergeModeTests$NestedClassLevelMergeSqlMergeModeTests" time="0.004"/>
  <testcase name="classLevelScripts()" classname="org.springframework.test.context.junit.jupiter.nested.SqlScriptNestedTests$NestedSqlMergeModeTests$NestedClassLevelMergeSqlMergeModeTests" time="0.003"/>
  <system-out><![CDATA[]]></system-out>
  <system-err><![CDATA[]]></system-err>
</testsuite>
