<?xml version="1.0" encoding="UTF-8"?>
<testsuite name="org.springframework.test.context.junit.jupiter.event.JUnitJupiterApplicationEventsIntegrationTests$TestInstancePerMethodTests" tests="2" skipped="0" failures="0" errors="0" timestamp="2021-04-26T07:40:53" hostname="wangweilideMacBook-Pro.local" time="0.009">
  <properties/>
  <testcase name="test1(ApplicationEvents, TestInfo)" classname="org.springframework.test.context.junit.jupiter.event.JUnitJupiterApplicationEventsIntegrationTests$TestInstancePerMethodTests" time="0.006"/>
  <testcase name="test2(ApplicationEvents, TestInfo)" classname="org.springframework.test.context.junit.jupiter.event.JUnitJupiterApplicationEventsIntegrationTests$TestInstancePerMethodTests" time="0.003"/>
  <system-out><![CDATA[]]></system-out>
  <system-err><![CDATA[]]></system-err>
</testsuite>
