<?xml version="1.0" encoding="UTF-8"?>
<testsuite name="org.springframework.test.context.ContextHierarchyDirtiesContextTests" tests="4" skipped="0" failures="0" errors="0" timestamp="2021-04-26T07:40:53" hostname="wangweilideMacBook-Pro.local" time="0.053">
  <properties/>
  <testcase name="classLevelDirtiesContextWithCurrentLevelHierarchyMode()" classname="org.springframework.test.context.ContextHierarchyDirtiesContextTests" time="0.028"/>
  <testcase name="classLevelDirtiesContextWithExhaustiveHierarchyMode()" classname="org.springframework.test.context.ContextHierarchyDirtiesContextTests" time="0.007"/>
  <testcase name="methodLevelDirtiesContextWithCurrentLevelHierarchyMode()" classname="org.springframework.test.context.ContextHierarchyDirtiesContextTests" time="0.011"/>
  <testcase name="methodLevelDirtiesContextWithExhaustiveHierarchyMode()" classname="org.springframework.test.context.ContextHierarchyDirtiesContextTests" time="0.007"/>
  <system-out><![CDATA[]]></system-out>
  <system-err><![CDATA[]]></system-err>
</testsuite>
