<?xml version="1.0" encoding="UTF-8"?>
<testsuite name="org.springframework.test.context.junit.jupiter.web.MultipleWebRequestsSpringExtensionTests" tests="2" skipped="0" failures="0" errors="0" timestamp="2021-05-09T12:41:51" hostname="wangweilidembp" time="0.231">
  <properties/>
  <testcase name="getPerson42()" classname="org.springframework.test.context.junit.jupiter.web.MultipleWebRequestsSpringExtensionTests" time="0.228"/>
  <testcase name="getPerson99()" classname="org.springframework.test.context.junit.jupiter.web.MultipleWebRequestsSpringExtensionTests" time="0.002"/>
  <system-out><![CDATA[]]></system-out>
  <system-err><![CDATA[]]></system-err>
</testsuite>
