<?xml version="1.0" encoding="UTF-8"?>
<testsuite name="org.springframework.test.web.servlet.samples.standalone.ViewResolutionTests" tests="5" skipped="0" failures="0" errors="0" timestamp="2021-05-01T09:42:56" hostname="wangweilideMBP.lan" time="0.062">
  <properties/>
  <testcase name="jsonOnly()" classname="org.springframework.test.web.servlet.samples.standalone.ViewResolutionTests" time="0.012"/>
  <testcase name="xmlOnly()" classname="org.springframework.test.web.servlet.samples.standalone.ViewResolutionTests" time="0.018"/>
  <testcase name="jspOnly()" classname="org.springframework.test.web.servlet.samples.standalone.ViewResolutionTests" time="0.008"/>
  <testcase name="defaultViewResolver()" classname="org.springframework.test.web.servlet.samples.standalone.ViewResolutionTests" time="0.009"/>
  <testcase name="contentNegotiation()" classname="org.springframework.test.web.servlet.samples.standalone.ViewResolutionTests" time="0.015"/>
  <system-out><![CDATA[]]></system-out>
  <system-err><![CDATA[]]></system-err>
</testsuite>
