<?xml version="1.0" encoding="UTF-8"?>
<testsuite name="org.springframework.test.context.configuration.ContextConfigurationWithPropertiesExtendingPropertiesTests" tests="2" skipped="0" failures="0" errors="0" timestamp="2021-04-26T07:41:32" hostname="wangweilideMacBook-Pro.local" time="0.006">
  <properties/>
  <testcase name="verifyExtendedAnnotationAutowiredFields" classname="org.springframework.test.context.configuration.ContextConfigurationWithPropertiesExtendingPropertiesTests" time="0.003"/>
  <testcase name="verifyAnnotationAutowiredFields" classname="org.springframework.test.context.configuration.ContextConfigurationWithPropertiesExtendingPropertiesTests" time="0.002"/>
  <system-out><![CDATA[]]></system-out>
  <system-err><![CDATA[]]></system-err>
</testsuite>
