<?xml version="1.0" encoding="UTF-8"?>
<testsuite name="org.springframework.test.context.junit4.ParameterizedDependencyInjectionTests" tests="2" skipped="0" failures="0" errors="0" timestamp="2021-05-09T12:42:41" hostname="wangweilidembp" time="0.009">
  <properties/>
  <testcase name="verifyPetAndEmployee[bean [employee1], employee [John Smith]]" classname="org.springframework.test.context.junit4.ParameterizedDependencyInjectionTests" time="0.008"/>
  <testcase name="verifyPetAndEmployee[bean [employee2], employee [Jane Smith]]" classname="org.springframework.test.context.junit4.ParameterizedDependencyInjectionTests" time="0.0"/>
  <system-out><![CDATA[]]></system-out>
  <system-err><![CDATA[]]></system-err>
</testsuite>
