<?xml version="1.0" encoding="UTF-8"?>
<testsuite name="org.springframework.test.web.servlet.request.MockMultipartHttpServletRequestBuilderTests" tests="3" skipped="0" failures="0" errors="0" timestamp="2021-05-09T12:42:18" hostname="wangweilidembp" time="0.004">
  <properties/>
  <testcase name="addFileWithoutFilename()" classname="org.springframework.test.web.servlet.request.MockMultipartHttpServletRequestBuilderTests" time="0.002"/>
  <testcase name="addFileAndParts()" classname="org.springframework.test.web.servlet.request.MockMultipartHttpServletRequestBuilderTests" time="0.0"/>
  <testcase name="mergeAndBuild()" classname="org.springframework.test.web.servlet.request.MockMultipartHttpServletRequestBuilderTests" time="0.0"/>
  <system-out><![CDATA[]]></system-out>
  <system-err><![CDATA[]]></system-err>
</testsuite>
