<?xml version="1.0" encoding="UTF-8"?>
<testsuite name="org.springframework.test.web.servlet.samples.client.standalone.resultmatches.XpathAssertionTests" tests="7" skipped="0" failures="0" errors="0" timestamp="2021-05-09T12:42:16" hostname="wangweilidembp" time="0.198">
  <properties/>
  <testcase name="testFeedWithLinefeedChars()" classname="org.springframework.test.web.servlet.samples.client.standalone.resultmatches.XpathAssertionTests" time="0.018"/>
  <testcase name="testBoolean()" classname="org.springframework.test.web.servlet.samples.client.standalone.resultmatches.XpathAssertionTests" time="0.013"/>
  <testcase name="testDoesNotExist()" classname="org.springframework.test.web.servlet.samples.client.standalone.resultmatches.XpathAssertionTests" time="0.011"/>
  <testcase name="testNodeCount()" classname="org.springframework.test.web.servlet.samples.client.standalone.resultmatches.XpathAssertionTests" time="0.012"/>
  <testcase name="testExists()" classname="org.springframework.test.web.servlet.samples.client.standalone.resultmatches.XpathAssertionTests" time="0.021"/>
  <testcase name="testNumber()" classname="org.springframework.test.web.servlet.samples.client.standalone.resultmatches.XpathAssertionTests" time="0.016"/>
  <testcase name="testString()" classname="org.springframework.test.web.servlet.samples.client.standalone.resultmatches.XpathAssertionTests" time="0.033"/>
  <system-out><![CDATA[]]></system-out>
  <system-err><![CDATA[]]></system-err>
</testsuite>
