<?xml version="1.0" encoding="UTF-8"?>
<testsuite name="org.springframework.test.web.reactive.server.CookieAssertionTests" tests="10" skipped="0" failures="0" errors="0" timestamp="2021-05-01T09:43:10" hostname="wangweilideMBP.lan" time="0.01">
  <properties/>
  <testcase name="valueEquals()" classname="org.springframework.test.web.reactive.server.CookieAssertionTests" time="0.002"/>
  <testcase name="domain()" classname="org.springframework.test.web.reactive.server.CookieAssertionTests" time="0.0"/>
  <testcase name="exists()" classname="org.springframework.test.web.reactive.server.CookieAssertionTests" time="0.0"/>
  <testcase name="maxAge()" classname="org.springframework.test.web.reactive.server.CookieAssertionTests" time="0.002"/>
  <testcase name="secure()" classname="org.springframework.test.web.reactive.server.CookieAssertionTests" time="0.0"/>
  <testcase name="doesNotExist()" classname="org.springframework.test.web.reactive.server.CookieAssertionTests" time="0.0"/>
  <testcase name="httpOnly()" classname="org.springframework.test.web.reactive.server.CookieAssertionTests" time="0.001"/>
  <testcase name="path()" classname="org.springframework.test.web.reactive.server.CookieAssertionTests" time="0.001"/>
  <testcase name="value()" classname="org.springframework.test.web.reactive.server.CookieAssertionTests" time="0.001"/>
  <testcase name="sameSite()" classname="org.springframework.test.web.reactive.server.CookieAssertionTests" time="0.001"/>
  <system-out><![CDATA[17:43:10.792 [Test worker] ERROR o.s.t.w.r.s.ExchangeResult - Request details for assertion failure:

> GET /
> 

No content

< 200 OK OK
< Set-Cookie: [foo=bar; Path=/foo; Domain=foo.com; Max-Age=1800; Expires=Sat, 01 May 2021 10:13:10 GMT; Secure; HttpOnly; SameSite=Lax]

No content

17:43:10.792 [Test worker] ERROR o.s.t.w.r.s.ExchangeResult - Request details for assertion failure:

> GET /
> 

No content

< 200 OK OK
< Set-Cookie: [foo=bar; Path=/foo; Domain=foo.com; Max-Age=1800; Expires=Sat, 01 May 2021 10:13:10 GMT; Secure; HttpOnly; SameSite=Lax]

No content

17:43:10.792 [Test worker] ERROR o.s.t.w.r.s.ExchangeResult - Request details for assertion failure:

> GET /
> 

No content

< 200 OK OK
< Set-Cookie: [foo=bar; Path=/foo; Domain=foo.com; Max-Age=1800; Expires=Sat, 01 May 2021 10:13:10 GMT; Secure; HttpOnly; SameSite=Lax]

No content

17:43:10.793 [Test worker] ERROR o.s.t.w.r.s.ExchangeResult - Request details for assertion failure:

> GET /
> 

No content

< 200 OK OK
< Set-Cookie: [foo=bar; Path=/foo; Domain=foo.com; Max-Age=1800; Expires=Sat, 01 May 2021 10:13:10 GMT; Secure; HttpOnly; SameSite=Lax]

No content

17:43:10.793 [Test worker] ERROR o.s.t.w.r.s.ExchangeResult - Request details for assertion failure:

> GET /
> 

No content

< 200 OK OK
< Set-Cookie: [foo=bar; Path=/foo; Domain=foo.com; Max-Age=1800; Expires=Sat, 01 May 2021 10:13:10 GMT; Secure; HttpOnly; SameSite=Lax]

No content

17:43:10.794 [Test worker] ERROR o.s.t.w.r.s.ExchangeResult - Request details for assertion failure:

> GET /
> 

No content

< 200 OK OK
< Set-Cookie: [foo=bar; Path=/foo; Domain=foo.com; Max-Age=1800; Expires=Sat, 01 May 2021 10:13:10 GMT; Secure; HttpOnly; SameSite=Lax]

No content

17:43:10.794 [Test worker] ERROR o.s.t.w.r.s.ExchangeResult - Request details for assertion failure:

> GET /
> 

No content

< 200 OK OK
< Set-Cookie: [foo=bar; Path=/foo; Domain=foo.com; Max-Age=1800; Expires=Sat, 01 May 2021 10:13:10 GMT; Secure; HttpOnly; SameSite=Lax]

No content

17:43:10.796 [Test worker] ERROR o.s.t.w.r.s.ExchangeResult - Request details for assertion failure:

> GET /
> 

No content

< 200 OK OK
< Set-Cookie: [foo=bar; Path=/foo; Domain=foo.com; Max-Age=1800; Expires=Sat, 01 May 2021 10:13:10 GMT; Secure; HttpOnly; SameSite=Lax]

No content

17:43:10.796 [Test worker] ERROR o.s.t.w.r.s.ExchangeResult - Request details for assertion failure:

> GET /
> 

No content

< 200 OK OK
< Set-Cookie: [foo=bar; Path=/foo; Domain=foo.com; Max-Age=1800; Expires=Sat, 01 May 2021 10:13:10 GMT; Secure; HttpOnly; SameSite=Lax]

No content

17:43:10.797 [Test worker] ERROR o.s.t.w.r.s.ExchangeResult - Request details for assertion failure:

> GET /
> 

No content

< 200 OK OK
< Set-Cookie: [foo=bar; Path=/foo; Domain=foo.com; Max-Age=1800; Expires=Sat, 01 May 2021 10:13:10 GMT; Secure; HttpOnly; SameSite=Lax]

No content

17:43:10.797 [Test worker] ERROR o.s.t.w.r.s.ExchangeResult - Request details for assertion failure:

> GET /
> 

No content

< 200 OK OK
< Set-Cookie: [foo=bar; Path=/foo; Domain=foo.com; Max-Age=1800; Expires=Sat, 01 May 2021 10:13:10 GMT; Secure; HttpOnly; SameSite=Lax]

No content

17:43:10.798 [Test worker] ERROR o.s.t.w.r.s.ExchangeResult - Request details for assertion failure:

> GET /
> 

No content

< 200 OK OK
< Set-Cookie: [foo=bar; Path=/foo; Domain=foo.com; Max-Age=1800; Expires=Sat, 01 May 2021 10:13:10 GMT; Secure; HttpOnly; SameSite=Lax]

No content

17:43:10.799 [Test worker] ERROR o.s.t.w.r.s.ExchangeResult - Request details for assertion failure:

> GET /
> 

No content

< 200 OK OK
< Set-Cookie: [foo=bar; Path=/foo; Domain=foo.com; Max-Age=1800; Expires=Sat, 01 May 2021 10:13:10 GMT; Secure; HttpOnly; SameSite=Lax]

No content

17:43:10.800 [Test worker] ERROR o.s.t.w.r.s.ExchangeResult - Request details for assertion failure:

> GET /
> 

No content

< 200 OK OK
< Set-Cookie: [foo=bar; Path=/foo; Domain=foo.com; Max-Age=1800; Expires=Sat, 01 May 2021 10:13:10 GMT; Secure; HttpOnly; SameSite=Lax]

No content

17:43:10.801 [Test worker] ERROR o.s.t.w.r.s.ExchangeResult - Request details for assertion failure:

> GET /
> 

No content

< 200 OK OK
< Set-Cookie: [foo=bar; Path=/foo; Domain=foo.com; Max-Age=1800; Expires=Sat, 01 May 2021 10:13:10 GMT; Secure; HttpOnly; SameSite=Lax]

No content

]]></system-out>
  <system-err><![CDATA[]]></system-err>
</testsuite>
