<?xml version="1.0" encoding="UTF-8"?>
<testsuite name="org.springframework.web.reactive.result.method.annotation.MultipartIntegrationTests" tests="28" skipped="0" failures="0" errors="0" timestamp="2021-05-01T09:51:14" hostname="wangweilideMBP.lan" time="82.0">
  <properties/>
  <testcase name="[1] org.springframework.web.testfixture.http.server.reactive.bootstrap.JettyHttpServer@513c7209" classname="org.springframework.web.reactive.result.method.annotation.MultipartIntegrationTests" time="0.095"/>
  <testcase name="[2] org.springframework.web.testfixture.http.server.reactive.bootstrap.ReactorHttpServer@31080e51" classname="org.springframework.web.reactive.result.method.annotation.MultipartIntegrationTests" time="0.431"/>
  <testcase name="[3] org.springframework.web.testfixture.http.server.reactive.bootstrap.TomcatHttpServer@79d6c4dc" classname="org.springframework.web.reactive.result.method.annotation.MultipartIntegrationTests" time="11.217"/>
  <testcase name="[4] org.springframework.web.testfixture.http.server.reactive.bootstrap.UndertowHttpServer@672b2133" classname="org.springframework.web.reactive.result.method.annotation.MultipartIntegrationTests" time="0.042"/>
  <testcase name="[1] org.springframework.web.testfixture.http.server.reactive.bootstrap.JettyHttpServer@64aa157f" classname="org.springframework.web.reactive.result.method.annotation.MultipartIntegrationTests" time="0.049"/>
  <testcase name="[2] org.springframework.web.testfixture.http.server.reactive.bootstrap.ReactorHttpServer@4d8f8131" classname="org.springframework.web.reactive.result.method.annotation.MultipartIntegrationTests" time="0.414"/>
  <testcase name="[3] org.springframework.web.testfixture.http.server.reactive.bootstrap.TomcatHttpServer@2f700a5a" classname="org.springframework.web.reactive.result.method.annotation.MultipartIntegrationTests" time="11.211"/>
  <testcase name="[4] org.springframework.web.testfixture.http.server.reactive.bootstrap.UndertowHttpServer@44c83fe7" classname="org.springframework.web.reactive.result.method.annotation.MultipartIntegrationTests" time="0.0"/>
  <testcase name="[1] org.springframework.web.testfixture.http.server.reactive.bootstrap.JettyHttpServer@73131044" classname="org.springframework.web.reactive.result.method.annotation.MultipartIntegrationTests" time="0.058"/>
  <testcase name="[2] org.springframework.web.testfixture.http.server.reactive.bootstrap.ReactorHttpServer@90ab5ab" classname="org.springframework.web.reactive.result.method.annotation.MultipartIntegrationTests" time="0.381"/>
  <testcase name="[3] org.springframework.web.testfixture.http.server.reactive.bootstrap.TomcatHttpServer@4b645e04" classname="org.springframework.web.reactive.result.method.annotation.MultipartIntegrationTests" time="11.198"/>
  <testcase name="[4] org.springframework.web.testfixture.http.server.reactive.bootstrap.UndertowHttpServer@3e1690fd" classname="org.springframework.web.reactive.result.method.annotation.MultipartIntegrationTests" time="0.042"/>
  <testcase name="[1] org.springframework.web.testfixture.http.server.reactive.bootstrap.JettyHttpServer@26d217a9" classname="org.springframework.web.reactive.result.method.annotation.MultipartIntegrationTests" time="0.034"/>
  <testcase name="[2] org.springframework.web.testfixture.http.server.reactive.bootstrap.ReactorHttpServer@7f989596" classname="org.springframework.web.reactive.result.method.annotation.MultipartIntegrationTests" time="0.393"/>
  <testcase name="[3] org.springframework.web.testfixture.http.server.reactive.bootstrap.TomcatHttpServer@795f334d" classname="org.springframework.web.reactive.result.method.annotation.MultipartIntegrationTests" time="11.2"/>
  <testcase name="[4] org.springframework.web.testfixture.http.server.reactive.bootstrap.UndertowHttpServer@2dd446ef" classname="org.springframework.web.reactive.result.method.annotation.MultipartIntegrationTests" time="0.038"/>
  <testcase name="[1] org.springframework.web.testfixture.http.server.reactive.bootstrap.JettyHttpServer@89aec29" classname="org.springframework.web.reactive.result.method.annotation.MultipartIntegrationTests" time="0.047"/>
  <testcase name="[2] org.springframework.web.testfixture.http.server.reactive.bootstrap.ReactorHttpServer@393d6899" classname="org.springframework.web.reactive.result.method.annotation.MultipartIntegrationTests" time="0.45"/>
  <testcase name="[3] org.springframework.web.testfixture.http.server.reactive.bootstrap.TomcatHttpServer@3b6989c1" classname="org.springframework.web.reactive.result.method.annotation.MultipartIntegrationTests" time="11.201"/>
  <testcase name="[4] org.springframework.web.testfixture.http.server.reactive.bootstrap.UndertowHttpServer@7f2a7884" classname="org.springframework.web.reactive.result.method.annotation.MultipartIntegrationTests" time="0.036"/>
  <testcase name="[1] org.springframework.web.testfixture.http.server.reactive.bootstrap.JettyHttpServer@e55aac1" classname="org.springframework.web.reactive.result.method.annotation.MultipartIntegrationTests" time="0.032"/>
  <testcase name="[2] org.springframework.web.testfixture.http.server.reactive.bootstrap.ReactorHttpServer@64e59f54" classname="org.springframework.web.reactive.result.method.annotation.MultipartIntegrationTests" time="0.429"/>
  <testcase name="[3] org.springframework.web.testfixture.http.server.reactive.bootstrap.TomcatHttpServer@12bd72b7" classname="org.springframework.web.reactive.result.method.annotation.MultipartIntegrationTests" time="11.226"/>
  <testcase name="[4] org.springframework.web.testfixture.http.server.reactive.bootstrap.UndertowHttpServer@7a440024" classname="org.springframework.web.reactive.result.method.annotation.MultipartIntegrationTests" time="0.036"/>
  <testcase name="[1] org.springframework.web.testfixture.http.server.reactive.bootstrap.JettyHttpServer@1eda1981" classname="org.springframework.web.reactive.result.method.annotation.MultipartIntegrationTests" time="0.036"/>
  <testcase name="[2] org.springframework.web.testfixture.http.server.reactive.bootstrap.ReactorHttpServer@5387326b" classname="org.springframework.web.reactive.result.method.annotation.MultipartIntegrationTests" time="0.404"/>
  <testcase name="[3] org.springframework.web.testfixture.http.server.reactive.bootstrap.TomcatHttpServer@7f372506" classname="org.springframework.web.reactive.result.method.annotation.MultipartIntegrationTests" time="11.248"/>
  <testcase name="[4] org.springframework.web.testfixture.http.server.reactive.bootstrap.UndertowHttpServer@6a37e983" classname="org.springframework.web.reactive.result.method.annotation.MultipartIntegrationTests" time="0.039"/>
  <system-out><![CDATA[17:51:14.515 [Test worker] DEBUG o.s.w.r.r.m.a.RequestMappingHandlerMapping - 7 mappings in 'requestMappingHandlerMapping'
17:51:14.524 [Test worker] DEBUG o.s.w.r.r.m.a.ControllerMethodResolver - ControllerAdvice beans: none
17:51:14.528 [Test worker] DEBUG o.s.w.s.a.HttpWebHandlerAdapter - enableLoggingRequestDetails='false': form data and headers will be masked to prevent unsafe logging of potentially sensitive data
17:51:14.528 [Test worker] WARN  o.e.j.s.h.ContextHandler - Empty contextPath
17:51:14.528 [Test worker] INFO  o.e.j.s.h.ContextHandler - Started o.e.j.s.ServletContextHandler@3bd9265f{/,null,AVAILABLE}
17:51:14.528 [Test worker] DEBUG o.s.w.t.h.s.r.b.JettyHttpServer - Starting JettyHttpServer...
17:51:14.528 [Test worker] INFO  o.e.j.s.Server - jetty-9.4.39.v20210325; built: 2021-03-25T14:42:11.471Z; git: 9fc7ca5a922f2a37b84ec9dbc26a5168cee7e667; jvm 1.8.0_181-b13
17:51:14.530 [Test worker] INFO  o.e.j.s.AbstractConnector - Started ServerConnector@6ea0facf{HTTP/1.1, (http/1.1)}{0.0.0.0:53643}
17:51:14.530 [Test worker] INFO  o.e.j.s.Server - Started @241583ms
17:51:14.530 [Test worker] DEBUG o.s.w.t.h.s.r.b.JettyHttpServer - Server started on port 53643(0 millis).
17:51:14.532 [Test worker] DEBUG o.s.w.r.f.c.ExchangeFunctions - [6603e128] HTTP POST http://localhost:53643/requestBodyMap
17:51:14.535 [reactor-http-nio-14] DEBUG o.s.h.c.m.MultipartHttpMessageWriter - [6603e128] Encoding parts [fieldPart, fileParts, jsonPart] (content masked)
17:51:14.573 [qtp601380748-952] DEBUG o.s.w.s.a.HttpWebHandlerAdapter - [5b4af04b] HTTP POST "/requestBodyMap"
17:51:14.573 [qtp601380748-952] DEBUG o.s.w.r.r.m.a.RequestMappingHandlerMapping - [5b4af04b] Mapped to org.springframework.web.reactive.result.method.annotation.MultipartIntegrationTests$MultipartController#requestBodyMap(Mono)
17:51:14.574 [qtp601380748-952] DEBUG o.s.w.r.r.m.a.RequestBodyMethodArgumentResolver - [5b4af04b] Content-Type:multipart/form-data;boundary=PWMaQs8uFdf4x95yFuhtfRderph7fhduM7K7U
17:51:14.574 [qtp601380748-952] DEBUG o.s.w.r.r.m.a.RequestBodyMethodArgumentResolver - [5b4af04b] 0..1 [org.springframework.util.MultiValueMap<java.lang.String, org.springframework.http.codec.multipart.Part>]
17:51:14.575 [qtp601380748-952] DEBUG o.s.w.r.r.m.a.ResponseBodyResultHandler - [5b4af04b] Using 'text/plain;charset=UTF-8' given [*/*] and supported [text/plain;charset=UTF-8, text/event-stream, text/plain;charset=UTF-8, */*]
17:51:14.575 [qtp601380748-952] DEBUG o.s.w.r.r.m.a.ResponseBodyResultHandler - [5b4af04b] 0..1 [java.lang.String]
17:51:14.595 [qtp601380748-952] DEBUG o.s.h.c.m.MultipartHttpMessageReader - [5b4af04b] Parsed parts [fieldPart, fileParts, jsonPart] (content masked)
17:51:14.597 [qtp601380748-952] DEBUG o.s.c.c.CharSequenceEncoder - [5b4af04b] Writing "Map[[fieldPart],[fileParts:foo.txt,fileParts:logo.png],[jsonPart]]"
17:51:14.597 [qtp601380748-952] DEBUG o.s.w.s.a.HttpWebHandlerAdapter - [5b4af04b] Completed 200 OK
17:51:14.598 [reactor-http-nio-14] DEBUG o.s.w.r.f.c.ExchangeFunctions - [6603e128] [74abf53c-1, L:/127.0.0.1:53644 - R:localhost/127.0.0.1:53643] Response 200 OK
17:51:14.598 [reactor-http-nio-14] DEBUG o.s.c.c.StringDecoder - [6603e128] [74abf53c-1, L:/127.0.0.1:53644 - R:localhost/127.0.0.1:53643] Decoded "Map[[fieldPart],[fileParts:foo.txt,fileParts:logo.png],[jsonPart]]"
17:51:14.598 [Test worker] DEBUG o.s.w.t.h.s.r.b.JettyHttpServer - Stopping JettyHttpServer...
17:51:14.599 [Test worker] INFO  o.e.j.s.h.ContextHandler - Stopped o.e.j.s.ServletContextHandler@3bd9265f{/,null,STOPPED}
17:51:14.600 [Test worker] INFO  o.e.j.s.AbstractConnector - Stopped ServerConnector@6ea0facf{HTTP/1.1, (http/1.1)}{0.0.0.0:0}
17:51:14.600 [Test worker] DEBUG o.s.w.t.h.s.r.b.JettyHttpServer - Server stopped (0 millis).
17:51:14.606 [Test worker] DEBUG o.s.w.r.r.m.a.RequestMappingHandlerMapping - 7 mappings in 'requestMappingHandlerMapping'
17:51:14.615 [Test worker] DEBUG o.s.w.r.r.m.a.ControllerMethodResolver - ControllerAdvice beans: none
17:51:14.617 [Test worker] DEBUG o.s.w.s.a.HttpWebHandlerAdapter - enableLoggingRequestDetails='false': form data and headers will be masked to prevent unsafe logging of potentially sensitive data
17:51:14.617 [Test worker] DEBUG o.s.w.t.h.s.r.b.ReactorHttpServer - Starting ReactorHttpServer...
17:51:14.618 [Test worker] DEBUG o.s.w.t.h.s.r.b.ReactorHttpServer - Server started on port 53645(0 millis).
17:51:14.618 [Test worker] DEBUG o.s.w.r.f.c.ExchangeFunctions - [6dec7f8a] HTTP POST http://localhost:53645/requestBodyMap
17:51:14.620 [reactor-http-nio-16] DEBUG o.s.h.c.m.MultipartHttpMessageWriter - [6dec7f8a] Encoding parts [fieldPart, fileParts, jsonPart] (content masked)
17:51:14.629 [reactor-http-nio-1] DEBUG o.s.w.s.a.HttpWebHandlerAdapter - [c6768691-1, L:/127.0.0.1:53645 - R:/127.0.0.1:53646] HTTP POST "/requestBodyMap"
17:51:14.629 [reactor-http-nio-1] DEBUG o.s.w.r.r.m.a.RequestMappingHandlerMapping - [c6768691-1, L:/127.0.0.1:53645 - R:/127.0.0.1:53646] Mapped to org.springframework.web.reactive.result.method.annotation.MultipartIntegrationTests$MultipartController#requestBodyMap(Mono)
17:51:14.629 [reactor-http-nio-1] DEBUG o.s.w.r.r.m.a.RequestBodyMethodArgumentResolver - [c6768691-1, L:/127.0.0.1:53645 - R:/127.0.0.1:53646] Content-Type:multipart/form-data;boundary=9q6MSmCGyv_8rOmWCHaPDQQzw1iDiw
17:51:14.629 [reactor-http-nio-1] DEBUG o.s.w.r.r.m.a.RequestBodyMethodArgumentResolver - [c6768691-1, L:/127.0.0.1:53645 - R:/127.0.0.1:53646] 0..1 [org.springframework.util.MultiValueMap<java.lang.String, org.springframework.http.codec.multipart.Part>]
17:51:14.630 [reactor-http-nio-1] DEBUG o.s.w.r.r.m.a.ResponseBodyResultHandler - [c6768691-1, L:/127.0.0.1:53645 - R:/127.0.0.1:53646] Using 'text/plain;charset=UTF-8' given [*/*] and supported [text/plain;charset=UTF-8, text/event-stream, text/plain;charset=UTF-8, */*]
17:51:14.630 [reactor-http-nio-1] DEBUG o.s.w.r.r.m.a.ResponseBodyResultHandler - [c6768691-1, L:/127.0.0.1:53645 - R:/127.0.0.1:53646] 0..1 [java.lang.String]
17:51:15.030 [reactor-http-nio-1] DEBUG o.s.h.c.m.MultipartHttpMessageReader - [c6768691-1, L:/127.0.0.1:53645 - R:/127.0.0.1:53646] Parsed parts [fieldPart, fileParts, jsonPart] (content masked)
17:51:15.030 [reactor-http-nio-1] DEBUG o.s.c.c.CharSequenceEncoder - [c6768691-1, L:/127.0.0.1:53645 - R:/127.0.0.1:53646] Writing "Map[[fieldPart],[fileParts:foo.txt,fileParts:logo.png],[jsonPart]]"
17:51:15.031 [reactor-http-nio-1] DEBUG o.s.w.s.a.HttpWebHandlerAdapter - [c6768691-1, L:/127.0.0.1:53645 - R:/127.0.0.1:53646] Completed 200 OK
17:51:15.031 [reactor-http-nio-16] DEBUG o.s.w.r.f.c.ExchangeFunctions - [6dec7f8a] [18d13332-1, L:/127.0.0.1:53646 - R:localhost/127.0.0.1:53645] Response 200 OK
17:51:15.032 [reactor-http-nio-16] DEBUG o.s.c.c.StringDecoder - [6dec7f8a] [18d13332-1, L:/127.0.0.1:53646 - R:localhost/127.0.0.1:53645] Decoded "Map[[fieldPart],[fileParts:foo.txt,fileParts:logo.png],[jsonPart]]"
17:51:15.032 [Test worker] DEBUG o.s.w.t.h.s.r.b.ReactorHttpServer - Stopping ReactorHttpServer...
17:51:15.032 [Test worker] DEBUG o.s.w.t.h.s.r.b.ReactorHttpServer - Server stopped (0 millis).
17:51:15.039 [Test worker] DEBUG o.s.w.r.r.m.a.RequestMappingHandlerMapping - 7 mappings in 'requestMappingHandlerMapping'
17:51:15.047 [Test worker] DEBUG o.s.w.r.r.m.a.ControllerMethodResolver - ControllerAdvice beans: none
17:51:15.049 [Test worker] DEBUG o.s.w.s.a.HttpWebHandlerAdapter - enableLoggingRequestDetails='false': form data and headers will be masked to prevent unsafe logging of potentially sensitive data
17:51:15.049 [Test worker] DEBUG o.s.w.t.h.s.r.b.TomcatHttpServer - Starting TomcatHttpServer...
17:51:15.056 [Test worker] DEBUG o.s.w.t.h.s.r.b.TomcatHttpServer - Server started on port 53647(0 millis).
17:51:15.056 [Test worker] DEBUG o.s.w.r.f.c.ExchangeFunctions - [5d073828] HTTP POST http://localhost:53647/requestBodyMap
17:51:15.059 [reactor-http-nio-2] DEBUG o.s.h.c.m.MultipartHttpMessageWriter - [5d073828] Encoding parts [fieldPart, fileParts, jsonPart] (content masked)
17:51:15.067 [http-nio-auto-21-exec-1] DEBUG o.s.w.s.a.HttpWebHandlerAdapter - [4e2d7de3] HTTP POST "/requestBodyMap"
17:51:15.067 [http-nio-auto-21-exec-1] DEBUG o.s.w.r.r.m.a.RequestMappingHandlerMapping - [4e2d7de3] Mapped to org.springframework.web.reactive.result.method.annotation.MultipartIntegrationTests$MultipartController#requestBodyMap(Mono)
17:51:15.068 [http-nio-auto-21-exec-1] DEBUG o.s.w.r.r.m.a.RequestBodyMethodArgumentResolver - [4e2d7de3] Content-Type:multipart/form-data;boundary=7lRJxvHcJsVrk9RrZLMHmpCmhqvlB0elS4
17:51:15.068 [http-nio-auto-21-exec-1] DEBUG o.s.w.r.r.m.a.RequestBodyMethodArgumentResolver - [4e2d7de3] 0..1 [org.springframework.util.MultiValueMap<java.lang.String, org.springframework.http.codec.multipart.Part>]
17:51:15.068 [http-nio-auto-21-exec-1] DEBUG o.s.w.r.r.m.a.ResponseBodyResultHandler - [4e2d7de3] Using 'text/plain;charset=UTF-8' given [*/*] and supported [text/plain;charset=UTF-8, text/event-stream, text/plain;charset=UTF-8, */*]
17:51:15.068 [http-nio-auto-21-exec-1] DEBUG o.s.w.r.r.m.a.ResponseBodyResultHandler - [4e2d7de3] 0..1 [java.lang.String]
17:51:15.074 [http-nio-auto-21-exec-2] DEBUG o.s.h.c.m.MultipartHttpMessageReader - [4e2d7de3] Parsed parts [fieldPart, fileParts, jsonPart] (content masked)
17:51:15.074 [http-nio-auto-21-exec-2] DEBUG o.s.c.c.CharSequenceEncoder - [4e2d7de3] Writing "Map[[fieldPart],[fileParts:foo.txt,fileParts:logo.png],[jsonPart]]"
17:51:15.075 [http-nio-auto-21-exec-2] DEBUG o.s.w.s.a.HttpWebHandlerAdapter - [4e2d7de3] Completed 200 OK
17:51:15.075 [reactor-http-nio-2] DEBUG o.s.w.r.f.c.ExchangeFunctions - [5d073828] [6abfdf7f-1, L:/127.0.0.1:53648 - R:localhost/127.0.0.1:53647] Response 200 OK
17:51:15.076 [reactor-http-nio-2] DEBUG o.s.c.c.StringDecoder - [5d073828] [6abfdf7f-1, L:/127.0.0.1:53648 - R:localhost/127.0.0.1:53647] Decoded "Map[[fieldPart],[fileParts:foo.txt,fileParts:logo.png],[jsonPart]]"
17:51:15.076 [Test worker] DEBUG o.s.w.t.h.s.r.b.TomcatHttpServer - Stopping TomcatHttpServer...
17:51:26.249 [Test worker] DEBUG o.s.w.t.h.s.r.b.TomcatHttpServer - Server stopped (0 millis).
17:51:26.257 [Test worker] DEBUG o.s.w.r.r.m.a.RequestMappingHandlerMapping - 7 mappings in 'requestMappingHandlerMapping'
17:51:26.266 [Test worker] DEBUG o.s.w.r.r.m.a.ControllerMethodResolver - ControllerAdvice beans: none
17:51:26.267 [Test worker] DEBUG o.s.w.s.a.HttpWebHandlerAdapter - enableLoggingRequestDetails='false': form data and headers will be masked to prevent unsafe logging of potentially sensitive data
17:51:26.267 [Test worker] DEBUG o.s.w.t.h.s.r.b.UndertowHttpServer - Starting UndertowHttpServer...
17:51:26.267 [Test worker] INFO  i.undertow - starting server: Undertow - 2.2.7.Final
17:51:26.271 [Test worker] DEBUG o.s.w.t.h.s.r.b.UndertowHttpServer - Server started on port 53678(0 millis).
17:51:26.271 [Test worker] DEBUG o.s.w.r.f.c.ExchangeFunctions - [43ee22aa] HTTP POST http://localhost:53678/requestBodyMap
17:51:26.273 [reactor-http-nio-3] DEBUG o.s.h.c.m.MultipartHttpMessageWriter - [43ee22aa] Encoding parts [fieldPart, fileParts, jsonPart] (content masked)
17:51:26.283 [XNIO-21 I/O-13] DEBUG o.s.w.s.a.HttpWebHandlerAdapter - [1bba9fb5-21] HTTP POST "/requestBodyMap"
17:51:26.283 [XNIO-21 I/O-13] DEBUG o.s.w.r.r.m.a.RequestMappingHandlerMapping - [1bba9fb5-21] Mapped to org.springframework.web.reactive.result.method.annotation.MultipartIntegrationTests$MultipartController#requestBodyMap(Mono)
17:51:26.284 [XNIO-21 I/O-13] DEBUG o.s.w.r.r.m.a.RequestBodyMethodArgumentResolver - [1bba9fb5-21] Content-Type:multipart/form-data;boundary=kOHZ2YvOB00kraglHDtU3kWh2Ke7ZBXQ8EMaX
17:51:26.284 [XNIO-21 I/O-13] DEBUG o.s.w.r.r.m.a.RequestBodyMethodArgumentResolver - [1bba9fb5-21] 0..1 [org.springframework.util.MultiValueMap<java.lang.String, org.springframework.http.codec.multipart.Part>]
17:51:26.284 [XNIO-21 I/O-13] DEBUG o.s.w.r.r.m.a.ResponseBodyResultHandler - [1bba9fb5-21] Using 'text/plain;charset=UTF-8' given [*/*] and supported [text/plain;charset=UTF-8, text/event-stream, text/plain;charset=UTF-8, */*]
17:51:26.284 [XNIO-21 I/O-13] DEBUG o.s.w.r.r.m.a.ResponseBodyResultHandler - [1bba9fb5-21] 0..1 [java.lang.String]
17:51:26.287 [XNIO-21 I/O-13] DEBUG o.s.h.c.m.MultipartHttpMessageReader - [1bba9fb5-21] Parsed parts [fieldPart, fileParts, jsonPart] (content masked)
17:51:26.287 [XNIO-21 I/O-13] DEBUG o.s.c.c.CharSequenceEncoder - [1bba9fb5-21] Writing "Map[[fieldPart],[fileParts:foo.txt,fileParts:logo.png],[jsonPart]]"
17:51:26.288 [XNIO-21 I/O-13] DEBUG o.s.w.s.a.HttpWebHandlerAdapter - [1bba9fb5-21] Completed 200 OK
17:51:26.288 [reactor-http-nio-3] DEBUG o.s.w.r.f.c.ExchangeFunctions - [43ee22aa] [de5b75b1-1, L:/127.0.0.1:53679 - R:localhost/127.0.0.1:53678] Response 200 OK
17:51:26.288 [reactor-http-nio-3] DEBUG o.s.c.c.StringDecoder - [43ee22aa] [de5b75b1-1, L:/127.0.0.1:53679 - R:localhost/127.0.0.1:53678] Decoded "Map[[fieldPart],[fileParts:foo.txt,fileParts:logo.png],[jsonPart]]"
17:51:26.288 [Test worker] DEBUG o.s.w.t.h.s.r.b.UndertowHttpServer - Stopping UndertowHttpServer...
17:51:26.288 [Test worker] INFO  i.undertow - stopping server: Undertow - 2.2.7.Final
17:51:26.291 [Test worker] DEBUG o.s.w.t.h.s.r.b.UndertowHttpServer - Server stopped (0 millis).
17:51:26.297 [Test worker] DEBUG o.s.w.r.r.m.a.RequestMappingHandlerMapping - 7 mappings in 'requestMappingHandlerMapping'
17:51:26.306 [Test worker] DEBUG o.s.w.r.r.m.a.ControllerMethodResolver - ControllerAdvice beans: none
17:51:26.308 [Test worker] DEBUG o.s.w.s.a.HttpWebHandlerAdapter - enableLoggingRequestDetails='false': form data and headers will be masked to prevent unsafe logging of potentially sensitive data
17:51:26.308 [Test worker] WARN  o.e.j.s.h.ContextHandler - Empty contextPath
17:51:26.309 [Test worker] INFO  o.e.j.s.h.ContextHandler - Started o.e.j.s.ServletContextHandler@1a5addea{/,null,AVAILABLE}
17:51:26.309 [Test worker] DEBUG o.s.w.t.h.s.r.b.JettyHttpServer - Starting JettyHttpServer...
17:51:26.309 [Test worker] INFO  o.e.j.s.Server - jetty-9.4.39.v20210325; built: 2021-03-25T14:42:11.471Z; git: 9fc7ca5a922f2a37b84ec9dbc26a5168cee7e667; jvm 1.8.0_181-b13
17:51:26.311 [Test worker] INFO  o.e.j.s.AbstractConnector - Started ServerConnector@6b5e5a72{HTTP/1.1, (http/1.1)}{0.0.0.0:53680}
17:51:26.311 [Test worker] INFO  o.e.j.s.Server - Started @253364ms
17:51:26.311 [Test worker] DEBUG o.s.w.t.h.s.r.b.JettyHttpServer - Server started on port 53680(0 millis).
17:51:26.312 [Test worker] DEBUG o.s.w.r.f.c.ExchangeFunctions - [1936c5bc] HTTP POST http://localhost:53680/transferTo
17:51:26.313 [reactor-http-nio-4] DEBUG o.s.h.c.m.MultipartHttpMessageWriter - [1936c5bc] Encoding parts [fieldPart, fileParts, jsonPart] (content masked)
17:51:26.323 [qtp697368472-999] DEBUG o.s.w.s.a.HttpWebHandlerAdapter - [3ded346a] HTTP POST "/transferTo"
17:51:26.323 [qtp697368472-999] DEBUG o.s.w.r.r.m.a.RequestMappingHandlerMapping - [3ded346a] Mapped to org.springframework.web.reactive.result.method.annotation.MultipartIntegrationTests$MultipartController#transferTo(Flux)
17:51:26.326 [qtp697368472-999] DEBUG o.s.w.r.r.m.a.ResponseBodyResultHandler - [3ded346a] Using 'text/plain;charset=UTF-8' given [*/*] and supported [text/plain;charset=UTF-8, text/event-stream, text/plain;charset=UTF-8, */*]
17:51:26.326 [qtp697368472-999] DEBUG o.s.w.r.r.m.a.ResponseBodyResultHandler - [3ded346a] 0..N [java.lang.String]
17:51:26.329 [qtp697368472-999] DEBUG o.s.h.c.m.MultipartHttpMessageReader - [3ded346a] Parsed parts [fieldPart, fileParts, jsonPart] (content masked)
17:51:26.336 [Thread-295] DEBUG o.s.c.c.CharSequenceEncoder - [3ded346a] Writing "/var/folders/gm/wxj0g0cx0dbf978gx7941f440000gn/T/MultipartIntegrationTests1933808293768298961foo.tx (truncated)...
17:51:26.337 [reactor-http-nio-4] DEBUG o.s.w.r.f.c.ExchangeFunctions - [1936c5bc] [040bb689-1, L:/127.0.0.1:53681 - R:localhost/127.0.0.1:53680] Response 200 OK
17:51:26.337 [Thread-295] DEBUG o.s.c.c.CharSequenceEncoder - [3ded346a] Writing "/var/folders/gm/wxj0g0cx0dbf978gx7941f440000gn/T/MultipartIntegrationTests2819012750566406900logo.p (truncated)...
17:51:26.338 [Thread-295] DEBUG o.s.w.s.a.HttpWebHandlerAdapter - [3ded346a] Completed 200 OK
17:51:26.338 [reactor-http-nio-4] DEBUG o.s.c.c.StringDecoder - [1936c5bc] [040bb689-1, L:/127.0.0.1:53681 - R:localhost/127.0.0.1:53680] Decoded "/var/folders/gm/wxj0g0cx0dbf978gx7941f440000gn/T/MultipartIntegrationTests1933808293768298961foo.tx (truncated)...
17:51:26.340 [reactor-http-nio-4] DEBUG o.s.c.c.StringDecoder - [1936c5bc] [040bb689-1, L:/127.0.0.1:53681 - R:localhost/127.0.0.1:53680] Decoded "/var/folders/gm/wxj0g0cx0dbf978gx7941f440000gn/T/MultipartIntegrationTests2819012750566406900logo.p (truncated)...
17:51:26.341 [Test worker] DEBUG o.s.w.t.h.s.r.b.JettyHttpServer - Stopping JettyHttpServer...
17:51:26.341 [Test worker] INFO  o.e.j.s.h.ContextHandler - Stopped o.e.j.s.ServletContextHandler@1a5addea{/,null,STOPPED}
17:51:26.342 [Test worker] INFO  o.e.j.s.AbstractConnector - Stopped ServerConnector@6b5e5a72{HTTP/1.1, (http/1.1)}{0.0.0.0:0}
17:51:26.342 [Test worker] DEBUG o.s.w.t.h.s.r.b.JettyHttpServer - Server stopped (0 millis).
17:51:26.347 [Test worker] DEBUG o.s.w.r.r.m.a.RequestMappingHandlerMapping - 7 mappings in 'requestMappingHandlerMapping'
17:51:26.357 [Test worker] DEBUG o.s.w.r.r.m.a.ControllerMethodResolver - ControllerAdvice beans: none
17:51:26.359 [Test worker] DEBUG o.s.w.s.a.HttpWebHandlerAdapter - enableLoggingRequestDetails='false': form data and headers will be masked to prevent unsafe logging of potentially sensitive data
17:51:26.359 [Test worker] DEBUG o.s.w.t.h.s.r.b.ReactorHttpServer - Starting ReactorHttpServer...
17:51:26.359 [Test worker] DEBUG o.s.w.t.h.s.r.b.ReactorHttpServer - Server started on port 53682(0 millis).
17:51:26.360 [Test worker] DEBUG o.s.w.r.f.c.ExchangeFunctions - [62c2ece3] HTTP POST http://localhost:53682/transferTo
17:51:26.361 [reactor-http-nio-6] DEBUG o.s.h.c.m.MultipartHttpMessageWriter - [62c2ece3] Encoding parts [fieldPart, fileParts, jsonPart] (content masked)
17:51:26.366 [reactor-http-nio-7] DEBUG o.s.w.s.a.HttpWebHandlerAdapter - [c294623e-1, L:/127.0.0.1:53682 - R:/127.0.0.1:53683] HTTP POST "/transferTo"
17:51:26.366 [reactor-http-nio-7] DEBUG o.s.w.r.r.m.a.RequestMappingHandlerMapping - [c294623e-1, L:/127.0.0.1:53682 - R:/127.0.0.1:53683] Mapped to org.springframework.web.reactive.result.method.annotation.MultipartIntegrationTests$MultipartController#transferTo(Flux)
17:51:26.367 [reactor-http-nio-7] DEBUG o.s.w.r.r.m.a.ResponseBodyResultHandler - [c294623e-1, L:/127.0.0.1:53682 - R:/127.0.0.1:53683] Using 'text/plain;charset=UTF-8' given [*/*] and supported [text/plain;charset=UTF-8, text/event-stream, text/plain;charset=UTF-8, */*]
17:51:26.367 [reactor-http-nio-7] DEBUG o.s.w.r.r.m.a.ResponseBodyResultHandler - [c294623e-1, L:/127.0.0.1:53682 - R:/127.0.0.1:53683] 0..N [java.lang.String]
17:51:26.753 [reactor-http-nio-7] DEBUG o.s.h.c.m.MultipartHttpMessageReader - [c294623e-1, L:/127.0.0.1:53682 - R:/127.0.0.1:53683] Parsed parts [fieldPart, fileParts, jsonPart] (content masked)
17:51:26.754 [Thread-294] DEBUG o.s.c.c.CharSequenceEncoder - [c294623e-1, L:/127.0.0.1:53682 - R:/127.0.0.1:53683] Writing "/var/folders/gm/wxj0g0cx0dbf978gx7941f440000gn/T/MultipartIntegrationTests3812385156837009818foo.tx (truncated)...
17:51:26.755 [reactor-http-nio-6] DEBUG o.s.w.r.f.c.ExchangeFunctions - [62c2ece3] [a4562502-1, L:/127.0.0.1:53683 - R:localhost/127.0.0.1:53682] Response 200 OK
17:51:26.755 [Thread-294] DEBUG o.s.c.c.CharSequenceEncoder - [c294623e-1, L:/127.0.0.1:53682 - R:/127.0.0.1:53683] Writing "/var/folders/gm/wxj0g0cx0dbf978gx7941f440000gn/T/MultipartIntegrationTests4208352482865153721logo.p (truncated)...
17:51:26.755 [reactor-http-nio-7] DEBUG o.s.w.s.a.HttpWebHandlerAdapter - [c294623e-1, L:/127.0.0.1:53682 - R:/127.0.0.1:53683] Completed 200 OK
17:51:26.756 [reactor-http-nio-6] DEBUG o.s.c.c.StringDecoder - [62c2ece3] [a4562502-1, L:/127.0.0.1:53683 - R:localhost/127.0.0.1:53682] Decoded "/var/folders/gm/wxj0g0cx0dbf978gx7941f440000gn/T/MultipartIntegrationTests3812385156837009818foo.tx (truncated)...
17:51:26.756 [reactor-http-nio-6] DEBUG o.s.c.c.StringDecoder - [62c2ece3] [a4562502-1, L:/127.0.0.1:53683 - R:localhost/127.0.0.1:53682] Decoded "/var/folders/gm/wxj0g0cx0dbf978gx7941f440000gn/T/MultipartIntegrationTests4208352482865153721logo.p (truncated)...
17:51:26.757 [Test worker] DEBUG o.s.w.t.h.s.r.b.ReactorHttpServer - Stopping ReactorHttpServer...
17:51:26.757 [Test worker] DEBUG o.s.w.t.h.s.r.b.ReactorHttpServer - Server stopped (0 millis).
17:51:26.762 [Test worker] DEBUG o.s.w.r.r.m.a.RequestMappingHandlerMapping - 7 mappings in 'requestMappingHandlerMapping'
17:51:26.771 [Test worker] DEBUG o.s.w.r.r.m.a.ControllerMethodResolver - ControllerAdvice beans: none
17:51:26.772 [Test worker] DEBUG o.s.w.s.a.HttpWebHandlerAdapter - enableLoggingRequestDetails='false': form data and headers will be masked to prevent unsafe logging of potentially sensitive data
17:51:26.773 [Test worker] DEBUG o.s.w.t.h.s.r.b.TomcatHttpServer - Starting TomcatHttpServer...
17:51:26.778 [Test worker] DEBUG o.s.w.t.h.s.r.b.TomcatHttpServer - Server started on port 53684(0 millis).
17:51:26.778 [Test worker] DEBUG o.s.w.r.f.c.ExchangeFunctions - [26bfc6e0] HTTP POST http://localhost:53684/transferTo
17:51:26.780 [reactor-http-nio-8] DEBUG o.s.h.c.m.MultipartHttpMessageWriter - [26bfc6e0] Encoding parts [fieldPart, fileParts, jsonPart] (content masked)
17:51:26.786 [http-nio-auto-22-exec-1] DEBUG o.s.w.s.a.HttpWebHandlerAdapter - [16035fe6] HTTP POST "/transferTo"
17:51:26.786 [http-nio-auto-22-exec-1] DEBUG o.s.w.r.r.m.a.RequestMappingHandlerMapping - [16035fe6] Mapped to org.springframework.web.reactive.result.method.annotation.MultipartIntegrationTests$MultipartController#transferTo(Flux)
17:51:26.787 [http-nio-auto-22-exec-1] DEBUG o.s.w.r.r.m.a.ResponseBodyResultHandler - [16035fe6] Using 'text/plain;charset=UTF-8' given [*/*] and supported [text/plain;charset=UTF-8, text/event-stream, text/plain;charset=UTF-8, */*]
17:51:26.787 [http-nio-auto-22-exec-1] DEBUG o.s.w.r.r.m.a.ResponseBodyResultHandler - [16035fe6] 0..N [java.lang.String]
17:51:26.791 [http-nio-auto-22-exec-2] DEBUG o.s.h.c.m.MultipartHttpMessageReader - [16035fe6] Parsed parts [fieldPart, fileParts, jsonPart] (content masked)
17:51:26.791 [Thread-295] DEBUG o.s.c.c.CharSequenceEncoder - [16035fe6] Writing "/var/folders/gm/wxj0g0cx0dbf978gx7941f440000gn/T/MultipartIntegrationTests9020585290306193181foo.tx (truncated)...
17:51:26.792 [Thread-295] DEBUG o.s.c.c.CharSequenceEncoder - [16035fe6] Writing "/var/folders/gm/wxj0g0cx0dbf978gx7941f440000gn/T/MultipartIntegrationTests7169431255713493329logo.p (truncated)...
17:51:26.792 [Thread-295] DEBUG o.s.w.s.a.HttpWebHandlerAdapter - [16035fe6] Completed 200 OK
17:51:26.793 [reactor-http-nio-8] DEBUG o.s.w.r.f.c.ExchangeFunctions - [26bfc6e0] [d1bbb0f7-1, L:/127.0.0.1:53685 - R:localhost/127.0.0.1:53684] Response 200 OK
17:51:26.794 [reactor-http-nio-8] DEBUG o.s.c.c.StringDecoder - [26bfc6e0] [d1bbb0f7-1, L:/127.0.0.1:53685 - R:localhost/127.0.0.1:53684] Decoded "/var/folders/gm/wxj0g0cx0dbf978gx7941f440000gn/T/MultipartIntegrationTests9020585290306193181foo.tx (truncated)...
17:51:26.794 [reactor-http-nio-8] DEBUG o.s.c.c.StringDecoder - [26bfc6e0] [d1bbb0f7-1, L:/127.0.0.1:53685 - R:localhost/127.0.0.1:53684] Decoded "/var/folders/gm/wxj0g0cx0dbf978gx7941f440000gn/T/MultipartIntegrationTests7169431255713493329logo.p (truncated)...
17:51:26.795 [Test worker] DEBUG o.s.w.t.h.s.r.b.TomcatHttpServer - Stopping TomcatHttpServer...
17:51:37.968 [Test worker] DEBUG o.s.w.t.h.s.r.b.TomcatHttpServer - Server stopped (0 millis).
17:51:37.985 [Test worker] DEBUG o.s.w.r.r.m.a.RequestMappingHandlerMapping - 7 mappings in 'requestMappingHandlerMapping'
17:51:37.996 [Test worker] DEBUG o.s.w.r.r.m.a.ControllerMethodResolver - ControllerAdvice beans: none
17:51:37.997 [Test worker] DEBUG o.s.w.s.a.HttpWebHandlerAdapter - enableLoggingRequestDetails='false': form data and headers will be masked to prevent unsafe logging of potentially sensitive data
17:51:37.997 [Test worker] WARN  o.e.j.s.h.ContextHandler - Empty contextPath
17:51:37.998 [Test worker] INFO  o.e.j.s.h.ContextHandler - Started o.e.j.s.ServletContextHandler@511fcc9d{/,null,AVAILABLE}
17:51:37.998 [Test worker] DEBUG o.s.w.t.h.s.r.b.JettyHttpServer - Starting JettyHttpServer...
17:51:37.998 [Test worker] INFO  o.e.j.s.Server - jetty-9.4.39.v20210325; built: 2021-03-25T14:42:11.471Z; git: 9fc7ca5a922f2a37b84ec9dbc26a5168cee7e667; jvm 1.8.0_181-b13
17:51:38.000 [Test worker] INFO  o.e.j.s.AbstractConnector - Started ServerConnector@6d25dd13{HTTP/1.1, (http/1.1)}{0.0.0.0:53708}
17:51:38.000 [Test worker] INFO  o.e.j.s.Server - Started @265052ms
17:51:38.000 [Test worker] DEBUG o.s.w.t.h.s.r.b.JettyHttpServer - Server started on port 53708(0 millis).
17:51:38.000 [Test worker] DEBUG o.s.w.r.f.c.ExchangeFunctions - [181cc31c] HTTP POST http://localhost:53708/modelAttribute
17:51:38.002 [reactor-http-nio-9] DEBUG o.s.h.c.m.MultipartHttpMessageWriter - [181cc31c] Encoding parts [fieldPart, fileParts, jsonPart] (content masked)
17:51:38.013 [qtp93372271-1028] DEBUG o.s.w.s.a.HttpWebHandlerAdapter - [54e2b5d1] HTTP POST "/modelAttribute"
17:51:38.013 [qtp93372271-1028] DEBUG o.s.w.r.r.m.a.RequestMappingHandlerMapping - [54e2b5d1] Mapped to org.springframework.web.reactive.result.method.annotation.MultipartIntegrationTests$MultipartController#modelAttribute(FormBean)
17:51:38.020 [qtp93372271-1028] DEBUG o.s.h.c.m.MultipartHttpMessageReader - [54e2b5d1] Parsed parts [fieldPart, fileParts, jsonPart] (content masked)
17:51:38.025 [qtp93372271-1028] DEBUG o.s.w.r.r.m.a.ResponseBodyResultHandler - [54e2b5d1] Using 'text/plain;charset=UTF-8' given [*/*] and supported [text/plain;charset=UTF-8, text/event-stream, text/plain;charset=UTF-8, */*]
17:51:38.025 [qtp93372271-1028] DEBUG o.s.w.r.r.m.a.ResponseBodyResultHandler - [54e2b5d1] 0..1 [java.lang.String]
17:51:38.025 [qtp93372271-1028] DEBUG o.s.c.c.CharSequenceEncoder - [54e2b5d1] Writing "FormBean[fieldValue,[fileParts:foo.txt,fileParts:logo.png]]"
17:51:38.025 [qtp93372271-1028] DEBUG o.s.w.s.a.HttpWebHandlerAdapter - [54e2b5d1] Completed 200 OK
17:51:38.025 [reactor-http-nio-9] DEBUG o.s.w.r.f.c.ExchangeFunctions - [181cc31c] [c79e592d-1, L:/127.0.0.1:53709 - R:localhost/127.0.0.1:53708] Response 200 OK
17:51:38.026 [reactor-http-nio-9] DEBUG o.s.c.c.StringDecoder - [181cc31c] [c79e592d-1, L:/127.0.0.1:53709 - R:localhost/127.0.0.1:53708] Decoded "FormBean[fieldValue,[fileParts:foo.txt,fileParts:logo.png]]"
17:51:38.026 [Test worker] DEBUG o.s.w.t.h.s.r.b.JettyHttpServer - Stopping JettyHttpServer...
17:51:38.026 [Test worker] INFO  o.e.j.s.h.ContextHandler - Stopped o.e.j.s.ServletContextHandler@511fcc9d{/,null,STOPPED}
17:51:38.027 [Test worker] INFO  o.e.j.s.AbstractConnector - Stopped ServerConnector@6d25dd13{HTTP/1.1, (http/1.1)}{0.0.0.0:0}
17:51:38.027 [Test worker] DEBUG o.s.w.t.h.s.r.b.JettyHttpServer - Server stopped (0 millis).
17:51:38.031 [Test worker] DEBUG o.s.w.r.r.m.a.RequestMappingHandlerMapping - 7 mappings in 'requestMappingHandlerMapping'
17:51:38.040 [Test worker] DEBUG o.s.w.r.r.m.a.ControllerMethodResolver - ControllerAdvice beans: none
17:51:38.042 [Test worker] DEBUG o.s.w.s.a.HttpWebHandlerAdapter - enableLoggingRequestDetails='false': form data and headers will be masked to prevent unsafe logging of potentially sensitive data
17:51:38.042 [Test worker] DEBUG o.s.w.t.h.s.r.b.ReactorHttpServer - Starting ReactorHttpServer...
17:51:38.042 [Test worker] DEBUG o.s.w.t.h.s.r.b.ReactorHttpServer - Server started on port 53710(0 millis).
17:51:38.043 [Test worker] DEBUG o.s.w.r.f.c.ExchangeFunctions - [727ff040] HTTP POST http://localhost:53710/modelAttribute
17:51:38.044 [reactor-http-nio-11] DEBUG o.s.h.c.m.MultipartHttpMessageWriter - [727ff040] Encoding parts [fieldPart, fileParts, jsonPart] (content masked)
17:51:38.050 [reactor-http-nio-12] DEBUG o.s.w.s.a.HttpWebHandlerAdapter - [2d58d535-1, L:/127.0.0.1:53710 - R:/127.0.0.1:53711] HTTP POST "/modelAttribute"
17:51:38.050 [reactor-http-nio-12] DEBUG o.s.w.r.r.m.a.RequestMappingHandlerMapping - [2d58d535-1, L:/127.0.0.1:53710 - R:/127.0.0.1:53711] Mapped to org.springframework.web.reactive.result.method.annotation.MultipartIntegrationTests$MultipartController#modelAttribute(FormBean)
17:51:38.404 [reactor-http-nio-12] DEBUG o.s.h.c.m.MultipartHttpMessageReader - [2d58d535-1, L:/127.0.0.1:53710 - R:/127.0.0.1:53711] Parsed parts [fieldPart, fileParts, jsonPart] (content masked)
17:51:38.406 [reactor-http-nio-12] DEBUG o.s.w.r.r.m.a.ResponseBodyResultHandler - [2d58d535-1, L:/127.0.0.1:53710 - R:/127.0.0.1:53711] Using 'text/plain;charset=UTF-8' given [*/*] and supported [text/plain;charset=UTF-8, text/event-stream, text/plain;charset=UTF-8, */*]
17:51:38.406 [reactor-http-nio-12] DEBUG o.s.w.r.r.m.a.ResponseBodyResultHandler - [2d58d535-1, L:/127.0.0.1:53710 - R:/127.0.0.1:53711] 0..1 [java.lang.String]
17:51:38.406 [reactor-http-nio-12] DEBUG o.s.c.c.CharSequenceEncoder - [2d58d535-1, L:/127.0.0.1:53710 - R:/127.0.0.1:53711] Writing "FormBean[fieldValue,[fileParts:foo.txt,fileParts:logo.png]]"
17:51:38.407 [reactor-http-nio-12] DEBUG o.s.w.s.a.HttpWebHandlerAdapter - [2d58d535-1, L:/127.0.0.1:53710 - R:/127.0.0.1:53711] Completed 200 OK
17:51:38.407 [reactor-http-nio-11] DEBUG o.s.w.r.f.c.ExchangeFunctions - [727ff040] [be8a41c0-1, L:/127.0.0.1:53711 - R:localhost/127.0.0.1:53710] Response 200 OK
17:51:38.408 [reactor-http-nio-11] DEBUG o.s.c.c.StringDecoder - [727ff040] [be8a41c0-1, L:/127.0.0.1:53711 - R:localhost/127.0.0.1:53710] Decoded "FormBean[fieldValue,[fileParts:foo.txt,fileParts:logo.png]]"
17:51:38.408 [Test worker] DEBUG o.s.w.t.h.s.r.b.ReactorHttpServer - Stopping ReactorHttpServer...
17:51:38.408 [Test worker] DEBUG o.s.w.t.h.s.r.b.ReactorHttpServer - Server stopped (0 millis).
17:51:38.413 [Test worker] DEBUG o.s.w.r.r.m.a.RequestMappingHandlerMapping - 7 mappings in 'requestMappingHandlerMapping'
17:51:38.420 [Test worker] DEBUG o.s.w.r.r.m.a.ControllerMethodResolver - ControllerAdvice beans: none
17:51:38.422 [Test worker] DEBUG o.s.w.s.a.HttpWebHandlerAdapter - enableLoggingRequestDetails='false': form data and headers will be masked to prevent unsafe logging of potentially sensitive data
17:51:38.422 [Test worker] DEBUG o.s.w.t.h.s.r.b.TomcatHttpServer - Starting TomcatHttpServer...
17:51:38.427 [Test worker] DEBUG o.s.w.t.h.s.r.b.TomcatHttpServer - Server started on port 53712(0 millis).
17:51:38.427 [Test worker] DEBUG o.s.w.r.f.c.ExchangeFunctions - [307c840f] HTTP POST http://localhost:53712/modelAttribute
17:51:38.430 [reactor-http-nio-13] DEBUG o.s.h.c.m.MultipartHttpMessageWriter - [307c840f] Encoding parts [fieldPart, fileParts, jsonPart] (content masked)
17:51:38.439 [http-nio-auto-23-exec-1] DEBUG o.s.w.s.a.HttpWebHandlerAdapter - [7de3b262] HTTP POST "/modelAttribute"
17:51:38.439 [http-nio-auto-23-exec-1] DEBUG o.s.w.r.r.m.a.RequestMappingHandlerMapping - [7de3b262] Mapped to org.springframework.web.reactive.result.method.annotation.MultipartIntegrationTests$MultipartController#modelAttribute(FormBean)
17:51:38.443 [http-nio-auto-23-exec-2] DEBUG o.s.h.c.m.MultipartHttpMessageReader - [7de3b262] Parsed parts [fieldPart, fileParts, jsonPart] (content masked)
17:51:38.444 [http-nio-auto-23-exec-2] DEBUG o.s.w.r.r.m.a.ResponseBodyResultHandler - [7de3b262] Using 'text/plain;charset=UTF-8' given [*/*] and supported [text/plain;charset=UTF-8, text/event-stream, text/plain;charset=UTF-8, */*]
17:51:38.444 [http-nio-auto-23-exec-2] DEBUG o.s.w.r.r.m.a.ResponseBodyResultHandler - [7de3b262] 0..1 [java.lang.String]
17:51:38.445 [http-nio-auto-23-exec-2] DEBUG o.s.c.c.CharSequenceEncoder - [7de3b262] Writing "FormBean[fieldValue,[fileParts:foo.txt,fileParts:logo.png]]"
17:51:38.445 [http-nio-auto-23-exec-2] DEBUG o.s.w.s.a.HttpWebHandlerAdapter - [7de3b262] Completed 200 OK
17:51:38.447 [reactor-http-nio-13] DEBUG o.s.w.r.f.c.ExchangeFunctions - [307c840f] [766d4bbf-1, L:/127.0.0.1:53713 - R:localhost/127.0.0.1:53712] Response 200 OK
17:51:38.447 [reactor-http-nio-13] DEBUG o.s.c.c.StringDecoder - [307c840f] [766d4bbf-1, L:/127.0.0.1:53713 - R:localhost/127.0.0.1:53712] Decoded "FormBean[fieldValue,[fileParts:foo.txt,fileParts:logo.png]]"
17:51:38.447 [Test worker] DEBUG o.s.w.t.h.s.r.b.TomcatHttpServer - Stopping TomcatHttpServer...
17:51:49.606 [Test worker] DEBUG o.s.w.t.h.s.r.b.TomcatHttpServer - Server stopped (0 millis).
17:51:49.616 [Test worker] DEBUG o.s.w.r.r.m.a.RequestMappingHandlerMapping - 7 mappings in 'requestMappingHandlerMapping'
17:51:49.627 [Test worker] DEBUG o.s.w.r.r.m.a.ControllerMethodResolver - ControllerAdvice beans: none
17:51:49.629 [Test worker] DEBUG o.s.w.s.a.HttpWebHandlerAdapter - enableLoggingRequestDetails='false': form data and headers will be masked to prevent unsafe logging of potentially sensitive data
17:51:49.629 [Test worker] DEBUG o.s.w.t.h.s.r.b.UndertowHttpServer - Starting UndertowHttpServer...
17:51:49.629 [Test worker] INFO  i.undertow - starting server: Undertow - 2.2.7.Final
17:51:49.632 [Test worker] DEBUG o.s.w.t.h.s.r.b.UndertowHttpServer - Server started on port 53738(0 millis).
17:51:49.632 [Test worker] DEBUG o.s.w.r.f.c.ExchangeFunctions - [64f604ce] HTTP POST http://localhost:53738/modelAttribute
17:51:49.634 [reactor-http-nio-14] DEBUG o.s.h.c.m.MultipartHttpMessageWriter - [64f604ce] Encoding parts [fieldPart, fileParts, jsonPart] (content masked)
17:51:49.641 [XNIO-22 I/O-9] DEBUG o.s.w.s.a.HttpWebHandlerAdapter - [48c6334d-22] HTTP POST "/modelAttribute"
17:51:49.641 [XNIO-22 I/O-9] DEBUG o.s.w.r.r.m.a.RequestMappingHandlerMapping - [48c6334d-22] Mapped to org.springframework.web.reactive.result.method.annotation.MultipartIntegrationTests$MultipartController#modelAttribute(FormBean)
17:51:49.644 [XNIO-22 I/O-9] DEBUG o.s.h.c.m.MultipartHttpMessageReader - [48c6334d-22] Parsed parts [fieldPart, fileParts, jsonPart] (content masked)
17:51:49.646 [XNIO-22 I/O-9] DEBUG o.s.w.r.r.m.a.ResponseBodyResultHandler - [48c6334d-22] Using 'text/plain;charset=UTF-8' given [*/*] and supported [text/plain;charset=UTF-8, text/event-stream, text/plain;charset=UTF-8, */*]
17:51:49.646 [XNIO-22 I/O-9] DEBUG o.s.w.r.r.m.a.ResponseBodyResultHandler - [48c6334d-22] 0..1 [java.lang.String]
17:51:49.647 [XNIO-22 I/O-9] DEBUG o.s.c.c.CharSequenceEncoder - [48c6334d-22] Writing "FormBean[fieldValue,[fileParts:foo.txt,fileParts:logo.png]]"
17:51:49.647 [XNIO-22 I/O-9] DEBUG o.s.w.s.a.HttpWebHandlerAdapter - [48c6334d-22] Completed 200 OK
17:51:49.647 [reactor-http-nio-14] DEBUG o.s.w.r.f.c.ExchangeFunctions - [64f604ce] [ea7a2bc4-1, L:/127.0.0.1:53739 - R:localhost/127.0.0.1:53738] Response 200 OK
17:51:49.648 [reactor-http-nio-14] DEBUG o.s.c.c.StringDecoder - [64f604ce] [ea7a2bc4-1, L:/127.0.0.1:53739 - R:localhost/127.0.0.1:53738] Decoded "FormBean[fieldValue,[fileParts:foo.txt,fileParts:logo.png]]"
17:51:49.648 [Test worker] DEBUG o.s.w.t.h.s.r.b.UndertowHttpServer - Stopping UndertowHttpServer...
17:51:49.648 [Test worker] INFO  i.undertow - stopping server: Undertow - 2.2.7.Final
17:51:49.649 [Test worker] DEBUG o.s.w.t.h.s.r.b.UndertowHttpServer - Server stopped (0 millis).
17:51:49.654 [Test worker] DEBUG o.s.w.r.r.m.a.RequestMappingHandlerMapping - 7 mappings in 'requestMappingHandlerMapping'
17:51:49.664 [Test worker] DEBUG o.s.w.r.r.m.a.ControllerMethodResolver - ControllerAdvice beans: none
17:51:49.665 [Test worker] DEBUG o.s.w.s.a.HttpWebHandlerAdapter - enableLoggingRequestDetails='false': form data and headers will be masked to prevent unsafe logging of potentially sensitive data
17:51:49.665 [Test worker] WARN  o.e.j.s.h.ContextHandler - Empty contextPath
17:51:49.665 [Test worker] INFO  o.e.j.s.h.ContextHandler - Started o.e.j.s.ServletContextHandler@7663da35{/,null,AVAILABLE}
17:51:49.665 [Test worker] DEBUG o.s.w.t.h.s.r.b.JettyHttpServer - Starting JettyHttpServer...
17:51:49.665 [Test worker] INFO  o.e.j.s.Server - jetty-9.4.39.v20210325; built: 2021-03-25T14:42:11.471Z; git: 9fc7ca5a922f2a37b84ec9dbc26a5168cee7e667; jvm 1.8.0_181-b13
17:51:49.667 [Test worker] INFO  o.e.j.s.AbstractConnector - Started ServerConnector@236b2a32{HTTP/1.1, (http/1.1)}{0.0.0.0:53740}
17:51:49.667 [Test worker] INFO  o.e.j.s.Server - Started @276719ms
17:51:49.667 [Test worker] DEBUG o.s.w.t.h.s.r.b.JettyHttpServer - Server started on port 53740(0 millis).
17:51:49.667 [Test worker] DEBUG o.s.w.r.f.c.ExchangeFunctions - [2afb0f76] HTTP POST http://localhost:53740/requestBodyFlux
17:51:49.669 [reactor-http-nio-15] DEBUG o.s.h.c.m.MultipartHttpMessageWriter - [2afb0f76] Encoding parts [fieldPart, fileParts, jsonPart] (content masked)
17:51:49.678 [qtp40049647-1073] DEBUG o.s.w.s.a.HttpWebHandlerAdapter - [3eca4536] HTTP POST "/requestBodyFlux"
17:51:49.678 [qtp40049647-1073] DEBUG o.s.w.r.r.m.a.RequestMappingHandlerMapping - [3eca4536] Mapped to org.springframework.web.reactive.result.method.annotation.MultipartIntegrationTests$MultipartController#requestBodyFlux(Flux)
17:51:49.678 [qtp40049647-1073] DEBUG o.s.w.r.r.m.a.RequestBodyMethodArgumentResolver - [3eca4536] Content-Type:multipart/form-data;boundary=A1Qup2m-9NFf3yA3ggB75fXiXazMRlHr
17:51:49.678 [qtp40049647-1073] DEBUG o.s.w.r.r.m.a.RequestBodyMethodArgumentResolver - [3eca4536] 0..N [org.springframework.http.codec.multipart.Part]
17:51:49.679 [qtp40049647-1073] DEBUG o.s.w.r.r.m.a.ResponseBodyResultHandler - [3eca4536] Using 'text/plain;charset=UTF-8' given [*/*] and supported [text/plain;charset=UTF-8, text/event-stream, text/plain;charset=UTF-8, */*]
17:51:49.679 [qtp40049647-1073] DEBUG o.s.w.r.r.m.a.ResponseBodyResultHandler - [3eca4536] 0..1 [java.lang.String]
17:51:49.681 [qtp40049647-1073] DEBUG o.s.c.c.CharSequenceEncoder - [3eca4536] Writing "[fieldPart,fileParts:foo.txt,fileParts:logo.png,jsonPart]"
17:51:49.681 [qtp40049647-1073] DEBUG o.s.w.s.a.HttpWebHandlerAdapter - [3eca4536] Completed 200 OK
17:51:49.681 [reactor-http-nio-15] DEBUG o.s.w.r.f.c.ExchangeFunctions - [2afb0f76] [c2f5ae09-1, L:/127.0.0.1:53741 - R:localhost/127.0.0.1:53740] Response 200 OK
17:51:49.682 [reactor-http-nio-15] DEBUG o.s.c.c.StringDecoder - [2afb0f76] [c2f5ae09-1, L:/127.0.0.1:53741 - R:localhost/127.0.0.1:53740] Decoded "[fieldPart,fileParts:foo.txt,fileParts:logo.png,jsonPart]"
17:51:49.682 [Test worker] DEBUG o.s.w.t.h.s.r.b.JettyHttpServer - Stopping JettyHttpServer...
17:51:49.682 [Test worker] INFO  o.e.j.s.h.ContextHandler - Stopped o.e.j.s.ServletContextHandler@7663da35{/,null,STOPPED}
17:51:49.683 [Test worker] INFO  o.e.j.s.AbstractConnector - Stopped ServerConnector@236b2a32{HTTP/1.1, (http/1.1)}{0.0.0.0:0}
17:51:49.683 [Test worker] DEBUG o.s.w.t.h.s.r.b.JettyHttpServer - Server stopped (0 millis).
17:51:49.688 [Test worker] DEBUG o.s.w.r.r.m.a.RequestMappingHandlerMapping - 7 mappings in 'requestMappingHandlerMapping'
17:51:49.697 [Test worker] DEBUG o.s.w.r.r.m.a.ControllerMethodResolver - ControllerAdvice beans: none
17:51:49.699 [Test worker] DEBUG o.s.w.s.a.HttpWebHandlerAdapter - enableLoggingRequestDetails='false': form data and headers will be masked to prevent unsafe logging of potentially sensitive data
17:51:49.699 [Test worker] DEBUG o.s.w.t.h.s.r.b.ReactorHttpServer - Starting ReactorHttpServer...
17:51:49.699 [Test worker] DEBUG o.s.w.t.h.s.r.b.ReactorHttpServer - Server started on port 53742(0 millis).
17:51:49.699 [Test worker] DEBUG o.s.w.r.f.c.ExchangeFunctions - [353bd447] HTTP POST http://localhost:53742/requestBodyFlux
17:51:49.702 [reactor-http-nio-1] DEBUG o.s.h.c.m.MultipartHttpMessageWriter - [353bd447] Encoding parts [fieldPart, fileParts, jsonPart] (content masked)
17:51:49.707 [reactor-http-nio-2] DEBUG o.s.w.s.a.HttpWebHandlerAdapter - [86aca566-1, L:/127.0.0.1:53742 - R:/127.0.0.1:53743] HTTP POST "/requestBodyFlux"
17:51:49.707 [reactor-http-nio-2] DEBUG o.s.w.r.r.m.a.RequestMappingHandlerMapping - [86aca566-1, L:/127.0.0.1:53742 - R:/127.0.0.1:53743] Mapped to org.springframework.web.reactive.result.method.annotation.MultipartIntegrationTests$MultipartController#requestBodyFlux(Flux)
17:51:49.708 [reactor-http-nio-2] DEBUG o.s.w.r.r.m.a.RequestBodyMethodArgumentResolver - [86aca566-1, L:/127.0.0.1:53742 - R:/127.0.0.1:53743] Content-Type:multipart/form-data;boundary=k0HB_LyIqvC4xfyNGUHTO-WruH0FvW0LF
17:51:49.708 [reactor-http-nio-2] DEBUG o.s.w.r.r.m.a.RequestBodyMethodArgumentResolver - [86aca566-1, L:/127.0.0.1:53742 - R:/127.0.0.1:53743] 0..N [org.springframework.http.codec.multipart.Part]
17:51:49.708 [reactor-http-nio-2] DEBUG o.s.w.r.r.m.a.ResponseBodyResultHandler - [86aca566-1, L:/127.0.0.1:53742 - R:/127.0.0.1:53743] Using 'text/plain;charset=UTF-8' given [*/*] and supported [text/plain;charset=UTF-8, text/event-stream, text/plain;charset=UTF-8, */*]
17:51:49.708 [reactor-http-nio-2] DEBUG o.s.w.r.r.m.a.ResponseBodyResultHandler - [86aca566-1, L:/127.0.0.1:53742 - R:/127.0.0.1:53743] 0..1 [java.lang.String]
17:51:50.074 [reactor-http-nio-2] DEBUG o.s.c.c.CharSequenceEncoder - [86aca566-1, L:/127.0.0.1:53742 - R:/127.0.0.1:53743] Writing "[fieldPart,fileParts:foo.txt,fileParts:logo.png,jsonPart]"
17:51:50.075 [reactor-http-nio-2] DEBUG o.s.w.s.a.HttpWebHandlerAdapter - [86aca566-1, L:/127.0.0.1:53742 - R:/127.0.0.1:53743] Completed 200 OK
17:51:50.075 [reactor-http-nio-1] DEBUG o.s.w.r.f.c.ExchangeFunctions - [353bd447] [cc05638c-1, L:/127.0.0.1:53743 - R:localhost/127.0.0.1:53742] Response 200 OK
17:51:50.076 [reactor-http-nio-1] DEBUG o.s.c.c.StringDecoder - [353bd447] [cc05638c-1, L:/127.0.0.1:53743 - R:localhost/127.0.0.1:53742] Decoded "[fieldPart,fileParts:foo.txt,fileParts:logo.png,jsonPart]"
17:51:50.076 [Test worker] DEBUG o.s.w.t.h.s.r.b.ReactorHttpServer - Stopping ReactorHttpServer...
17:51:50.076 [Test worker] DEBUG o.s.w.t.h.s.r.b.ReactorHttpServer - Server stopped (0 millis).
17:51:50.081 [Test worker] DEBUG o.s.w.r.r.m.a.RequestMappingHandlerMapping - 7 mappings in 'requestMappingHandlerMapping'
17:51:50.089 [Test worker] DEBUG o.s.w.r.r.m.a.ControllerMethodResolver - ControllerAdvice beans: none
17:51:50.090 [Test worker] DEBUG o.s.w.s.a.HttpWebHandlerAdapter - enableLoggingRequestDetails='false': form data and headers will be masked to prevent unsafe logging of potentially sensitive data
17:51:50.090 [Test worker] DEBUG o.s.w.t.h.s.r.b.TomcatHttpServer - Starting TomcatHttpServer...
17:51:50.094 [Test worker] DEBUG o.s.w.t.h.s.r.b.TomcatHttpServer - Server started on port 53744(0 millis).
17:51:50.095 [Test worker] DEBUG o.s.w.r.f.c.ExchangeFunctions - [7da86054] HTTP POST http://localhost:53744/requestBodyFlux
17:51:50.097 [reactor-http-nio-3] DEBUG o.s.h.c.m.MultipartHttpMessageWriter - [7da86054] Encoding parts [fieldPart, fileParts, jsonPart] (content masked)
17:51:50.103 [http-nio-auto-24-exec-1] DEBUG o.s.w.s.a.HttpWebHandlerAdapter - [2a44ddfa] HTTP POST "/requestBodyFlux"
17:51:50.104 [http-nio-auto-24-exec-1] DEBUG o.s.w.r.r.m.a.RequestMappingHandlerMapping - [2a44ddfa] Mapped to org.springframework.web.reactive.result.method.annotation.MultipartIntegrationTests$MultipartController#requestBodyFlux(Flux)
17:51:50.104 [http-nio-auto-24-exec-1] DEBUG o.s.w.r.r.m.a.RequestBodyMethodArgumentResolver - [2a44ddfa] Content-Type:multipart/form-data;boundary=AML20KQ7N9qw_x7yPVTh-sYoelwcQTH8A1eEoL
17:51:50.104 [http-nio-auto-24-exec-1] DEBUG o.s.w.r.r.m.a.RequestBodyMethodArgumentResolver - [2a44ddfa] 0..N [org.springframework.http.codec.multipart.Part]
17:51:50.104 [http-nio-auto-24-exec-1] DEBUG o.s.w.r.r.m.a.ResponseBodyResultHandler - [2a44ddfa] Using 'text/plain;charset=UTF-8' given [*/*] and supported [text/plain;charset=UTF-8, text/event-stream, text/plain;charset=UTF-8, */*]
17:51:50.104 [http-nio-auto-24-exec-1] DEBUG o.s.w.r.r.m.a.ResponseBodyResultHandler - [2a44ddfa] 0..1 [java.lang.String]
17:51:50.107 [http-nio-auto-24-exec-2] DEBUG o.s.c.c.CharSequenceEncoder - [2a44ddfa] Writing "[fieldPart,fileParts:foo.txt,fileParts:logo.png,jsonPart]"
17:51:50.107 [http-nio-auto-24-exec-2] DEBUG o.s.w.s.a.HttpWebHandlerAdapter - [2a44ddfa] Completed 200 OK
17:51:50.109 [reactor-http-nio-3] DEBUG o.s.w.r.f.c.ExchangeFunctions - [7da86054] [a236e8d2-1, L:/127.0.0.1:53745 - R:localhost/127.0.0.1:53744] Response 200 OK
17:51:50.109 [reactor-http-nio-3] DEBUG o.s.c.c.StringDecoder - [7da86054] [a236e8d2-1, L:/127.0.0.1:53745 - R:localhost/127.0.0.1:53744] Decoded "[fieldPart,fileParts:foo.txt,fileParts:logo.png,jsonPart]"
17:51:50.109 [Test worker] DEBUG o.s.w.t.h.s.r.b.TomcatHttpServer - Stopping TomcatHttpServer...
17:52:01.276 [Test worker] DEBUG o.s.w.t.h.s.r.b.TomcatHttpServer - Server stopped (0 millis).
17:52:01.286 [Test worker] DEBUG o.s.w.r.r.m.a.RequestMappingHandlerMapping - 7 mappings in 'requestMappingHandlerMapping'
17:52:01.294 [Test worker] DEBUG o.s.w.r.r.m.a.ControllerMethodResolver - ControllerAdvice beans: none
17:52:01.296 [Test worker] DEBUG o.s.w.s.a.HttpWebHandlerAdapter - enableLoggingRequestDetails='false': form data and headers will be masked to prevent unsafe logging of potentially sensitive data
17:52:01.296 [Test worker] DEBUG o.s.w.t.h.s.r.b.UndertowHttpServer - Starting UndertowHttpServer...
17:52:01.296 [Test worker] INFO  i.undertow - starting server: Undertow - 2.2.7.Final
17:52:01.302 [Test worker] DEBUG o.s.w.t.h.s.r.b.UndertowHttpServer - Server started on port 53768(0 millis).
17:52:01.302 [Test worker] DEBUG o.s.w.r.f.c.ExchangeFunctions - [3d95f7ad] HTTP POST http://localhost:53768/requestBodyFlux
17:52:01.304 [reactor-http-nio-4] DEBUG o.s.h.c.m.MultipartHttpMessageWriter - [3d95f7ad] Encoding parts [fieldPart, fileParts, jsonPart] (content masked)
17:52:01.310 [XNIO-23 I/O-6] DEBUG o.s.w.s.a.HttpWebHandlerAdapter - [42b0bb58-23] HTTP POST "/requestBodyFlux"
17:52:01.310 [XNIO-23 I/O-6] DEBUG o.s.w.r.r.m.a.RequestMappingHandlerMapping - [42b0bb58-23] Mapped to org.springframework.web.reactive.result.method.annotation.MultipartIntegrationTests$MultipartController#requestBodyFlux(Flux)
17:52:01.310 [XNIO-23 I/O-6] DEBUG o.s.w.r.r.m.a.RequestBodyMethodArgumentResolver - [42b0bb58-23] Content-Type:multipart/form-data;boundary=bP4NapsDG-eXIiGFbCTGjaEEjaydUMXBEQJ
17:52:01.310 [XNIO-23 I/O-6] DEBUG o.s.w.r.r.m.a.RequestBodyMethodArgumentResolver - [42b0bb58-23] 0..N [org.springframework.http.codec.multipart.Part]
17:52:01.310 [XNIO-23 I/O-6] DEBUG o.s.w.r.r.m.a.ResponseBodyResultHandler - [42b0bb58-23] Using 'text/plain;charset=UTF-8' given [*/*] and supported [text/plain;charset=UTF-8, text/event-stream, text/plain;charset=UTF-8, */*]
17:52:01.310 [XNIO-23 I/O-6] DEBUG o.s.w.r.r.m.a.ResponseBodyResultHandler - [42b0bb58-23] 0..1 [java.lang.String]
17:52:01.313 [XNIO-23 I/O-6] DEBUG o.s.c.c.CharSequenceEncoder - [42b0bb58-23] Writing "[fieldPart,fileParts:foo.txt,fileParts:logo.png,jsonPart]"
17:52:01.313 [XNIO-23 I/O-6] DEBUG o.s.w.s.a.HttpWebHandlerAdapter - [42b0bb58-23] Completed 200 OK
17:52:01.313 [reactor-http-nio-4] DEBUG o.s.w.r.f.c.ExchangeFunctions - [3d95f7ad] [bfc8ebf9-1, L:/127.0.0.1:53769 - R:localhost/127.0.0.1:53768] Response 200 OK
17:52:01.314 [reactor-http-nio-4] DEBUG o.s.c.c.StringDecoder - [3d95f7ad] [bfc8ebf9-1, L:/127.0.0.1:53769 - R:localhost/127.0.0.1:53768] Decoded "[fieldPart,fileParts:foo.txt,fileParts:logo.png,jsonPart]"
17:52:01.314 [Test worker] DEBUG o.s.w.t.h.s.r.b.UndertowHttpServer - Stopping UndertowHttpServer...
17:52:01.314 [Test worker] INFO  i.undertow - stopping server: Undertow - 2.2.7.Final
17:52:01.314 [Test worker] DEBUG o.s.w.t.h.s.r.b.UndertowHttpServer - Server stopped (0 millis).
17:52:01.320 [Test worker] DEBUG o.s.w.r.r.m.a.RequestMappingHandlerMapping - 7 mappings in 'requestMappingHandlerMapping'
17:52:01.329 [Test worker] DEBUG o.s.w.r.r.m.a.ControllerMethodResolver - ControllerAdvice beans: none
17:52:01.331 [Test worker] DEBUG o.s.w.s.a.HttpWebHandlerAdapter - enableLoggingRequestDetails='false': form data and headers will be masked to prevent unsafe logging of potentially sensitive data
17:52:01.331 [Test worker] WARN  o.e.j.s.h.ContextHandler - Empty contextPath
17:52:01.331 [Test worker] INFO  o.e.j.s.h.ContextHandler - Started o.e.j.s.ServletContextHandler@1757b9eb{/,null,AVAILABLE}
17:52:01.331 [Test worker] DEBUG o.s.w.t.h.s.r.b.JettyHttpServer - Starting JettyHttpServer...
17:52:01.331 [Test worker] INFO  o.e.j.s.Server - jetty-9.4.39.v20210325; built: 2021-03-25T14:42:11.471Z; git: 9fc7ca5a922f2a37b84ec9dbc26a5168cee7e667; jvm 1.8.0_181-b13
17:52:01.333 [Test worker] INFO  o.e.j.s.AbstractConnector - Started ServerConnector@8caf42f{HTTP/1.1, (http/1.1)}{0.0.0.0:53770}
17:52:01.333 [Test worker] INFO  o.e.j.s.Server - Started @288385ms
17:52:01.333 [Test worker] DEBUG o.s.w.t.h.s.r.b.JettyHttpServer - Server started on port 53770(0 millis).
17:52:01.334 [Test worker] DEBUG o.s.w.r.f.c.ExchangeFunctions - [67d8b28d] HTTP POST http://localhost:53770/requestPart
17:52:01.335 [reactor-http-nio-5] DEBUG o.s.h.c.m.MultipartHttpMessageWriter - [67d8b28d] Encoding parts [fieldPart, fileParts, jsonPart] (content masked)
17:52:01.344 [qtp725466235-1118] DEBUG o.s.w.s.a.HttpWebHandlerAdapter - [71c864ac] HTTP POST "/requestPart"
17:52:01.344 [qtp725466235-1118] DEBUG o.s.w.r.r.m.a.RequestMappingHandlerMapping - [71c864ac] Mapped to org.springframework.web.reactive.result.method.annotation.MultipartIntegrationTests$MultipartController#requestPart(FormFieldPart, FilePart, Mono)
17:52:01.349 [qtp725466235-1118] DEBUG o.s.h.c.m.MultipartHttpMessageReader - [71c864ac] Parsed parts [fieldPart, fileParts, jsonPart] (content masked)
17:52:01.353 [qtp725466235-1118] DEBUG o.s.w.r.r.m.a.RequestPartMethodArgumentResolver - [71c864ac] Decoding part 'jsonPart'
17:52:01.353 [qtp725466235-1118] DEBUG o.s.w.r.r.m.a.RequestPartMethodArgumentResolver - [71c864ac] Content-Type:application/json
17:52:01.357 [qtp725466235-1118] DEBUG o.s.w.r.r.m.a.RequestPartMethodArgumentResolver - [71c864ac] 0..1 [org.springframework.web.reactive.result.method.annotation.MultipartIntegrationTests$Person]
17:52:01.360 [qtp725466235-1118] DEBUG o.s.h.c.j.Jackson2JsonDecoder - [71c864ac] Decoded [org.springframework.web.reactive.result.method.annotation.MultipartIntegrationTests$Person@ebf795c]
17:52:01.360 [qtp725466235-1118] DEBUG o.s.w.s.a.HttpWebHandlerAdapter - [71c864ac] Completed 200 OK
17:52:01.361 [reactor-http-nio-5] DEBUG o.s.w.r.f.c.ExchangeFunctions - [67d8b28d] [4ec8be9f-1, L:/127.0.0.1:53771 - R:localhost/127.0.0.1:53770] Response 200 OK
17:52:01.361 [Test worker] DEBUG o.s.w.t.h.s.r.b.JettyHttpServer - Stopping JettyHttpServer...
17:52:01.362 [Test worker] INFO  o.e.j.s.h.ContextHandler - Stopped o.e.j.s.ServletContextHandler@1757b9eb{/,null,STOPPED}
17:52:01.362 [Test worker] INFO  o.e.j.s.AbstractConnector - Stopped ServerConnector@8caf42f{HTTP/1.1, (http/1.1)}{0.0.0.0:0}
17:52:01.363 [Test worker] DEBUG o.s.w.t.h.s.r.b.JettyHttpServer - Server stopped (0 millis).
17:52:01.369 [Test worker] DEBUG o.s.w.r.r.m.a.RequestMappingHandlerMapping - 7 mappings in 'requestMappingHandlerMapping'
17:52:01.381 [Test worker] DEBUG o.s.w.r.r.m.a.ControllerMethodResolver - ControllerAdvice beans: none
17:52:01.383 [Test worker] DEBUG o.s.w.s.a.HttpWebHandlerAdapter - enableLoggingRequestDetails='false': form data and headers will be masked to prevent unsafe logging of potentially sensitive data
17:52:01.383 [Test worker] DEBUG o.s.w.t.h.s.r.b.ReactorHttpServer - Starting ReactorHttpServer...
17:52:01.384 [Test worker] DEBUG o.s.w.t.h.s.r.b.ReactorHttpServer - Server started on port 53772(0 millis).
17:52:01.384 [Test worker] DEBUG o.s.w.r.f.c.ExchangeFunctions - [26042b39] HTTP POST http://localhost:53772/requestPart
17:52:01.387 [reactor-http-nio-7] DEBUG o.s.h.c.m.MultipartHttpMessageWriter - [26042b39] Encoding parts [fieldPart, fileParts, jsonPart] (content masked)
17:52:01.398 [reactor-http-nio-8] DEBUG o.s.w.s.a.HttpWebHandlerAdapter - [7f965157-1, L:/127.0.0.1:53772 - R:/127.0.0.1:53773] HTTP POST "/requestPart"
17:52:01.399 [reactor-http-nio-8] DEBUG o.s.w.r.r.m.a.RequestMappingHandlerMapping - [7f965157-1, L:/127.0.0.1:53772 - R:/127.0.0.1:53773] Mapped to org.springframework.web.reactive.result.method.annotation.MultipartIntegrationTests$MultipartController#requestPart(FormFieldPart, FilePart, Mono)
17:52:01.810 [reactor-http-nio-8] DEBUG o.s.h.c.m.MultipartHttpMessageReader - [7f965157-1, L:/127.0.0.1:53772 - R:/127.0.0.1:53773] Parsed parts [fieldPart, fileParts, jsonPart] (content masked)
17:52:01.810 [reactor-http-nio-8] DEBUG o.s.w.r.r.m.a.RequestPartMethodArgumentResolver - [7f965157-1, L:/127.0.0.1:53772 - R:/127.0.0.1:53773] Decoding part 'jsonPart'
17:52:01.811 [reactor-http-nio-8] DEBUG o.s.w.r.r.m.a.RequestPartMethodArgumentResolver - [7f965157-1, L:/127.0.0.1:53772 - R:/127.0.0.1:53773] Content-Type:application/json
17:52:01.811 [reactor-http-nio-8] DEBUG o.s.w.r.r.m.a.RequestPartMethodArgumentResolver - [7f965157-1, L:/127.0.0.1:53772 - R:/127.0.0.1:53773] 0..1 [org.springframework.web.reactive.result.method.annotation.MultipartIntegrationTests$Person]
17:52:01.812 [reactor-http-nio-8] DEBUG o.s.h.c.j.Jackson2JsonDecoder - [7f965157-1, L:/127.0.0.1:53772 - R:/127.0.0.1:53773] Decoded [org.springframework.web.reactive.result.method.annotation.MultipartIntegrationTests$Person@11a18bb7]
17:52:01.812 [reactor-http-nio-8] DEBUG o.s.w.s.a.HttpWebHandlerAdapter - [7f965157-1, L:/127.0.0.1:53772 - R:/127.0.0.1:53773] Completed 200 OK
17:52:01.813 [reactor-http-nio-7] DEBUG o.s.w.r.f.c.ExchangeFunctions - [26042b39] [568af85d-1, L:/127.0.0.1:53773 - R:localhost/127.0.0.1:53772] Response 200 OK
17:52:01.813 [Test worker] DEBUG o.s.w.t.h.s.r.b.ReactorHttpServer - Stopping ReactorHttpServer...
17:52:01.813 [Test worker] DEBUG o.s.w.t.h.s.r.b.ReactorHttpServer - Server stopped (0 millis).
17:52:01.819 [Test worker] DEBUG o.s.w.r.r.m.a.RequestMappingHandlerMapping - 7 mappings in 'requestMappingHandlerMapping'
17:52:01.830 [Test worker] DEBUG o.s.w.r.r.m.a.ControllerMethodResolver - ControllerAdvice beans: none
17:52:01.832 [Test worker] DEBUG o.s.w.s.a.HttpWebHandlerAdapter - enableLoggingRequestDetails='false': form data and headers will be masked to prevent unsafe logging of potentially sensitive data
17:52:01.832 [Test worker] DEBUG o.s.w.t.h.s.r.b.TomcatHttpServer - Starting TomcatHttpServer...
17:52:01.837 [Test worker] DEBUG o.s.w.t.h.s.r.b.TomcatHttpServer - Server started on port 53774(0 millis).
17:52:01.838 [Test worker] DEBUG o.s.w.r.f.c.ExchangeFunctions - [1099bd12] HTTP POST http://localhost:53774/requestPart
17:52:01.840 [reactor-http-nio-9] DEBUG o.s.h.c.m.MultipartHttpMessageWriter - [1099bd12] Encoding parts [fieldPart, fileParts, jsonPart] (content masked)
17:52:01.847 [http-nio-auto-25-exec-1] DEBUG o.s.w.s.a.HttpWebHandlerAdapter - [795b6a96] HTTP POST "/requestPart"
17:52:01.847 [http-nio-auto-25-exec-1] DEBUG o.s.w.r.r.m.a.RequestMappingHandlerMapping - [795b6a96] Mapped to org.springframework.web.reactive.result.method.annotation.MultipartIntegrationTests$MultipartController#requestPart(FormFieldPart, FilePart, Mono)
17:52:01.852 [http-nio-auto-25-exec-2] DEBUG o.s.h.c.m.MultipartHttpMessageReader - [795b6a96] Parsed parts [fieldPart, fileParts, jsonPart] (content masked)
17:52:01.852 [http-nio-auto-25-exec-2] DEBUG o.s.w.r.r.m.a.RequestPartMethodArgumentResolver - [795b6a96] Decoding part 'jsonPart'
17:52:01.852 [http-nio-auto-25-exec-2] DEBUG o.s.w.r.r.m.a.RequestPartMethodArgumentResolver - [795b6a96] Content-Type:application/json
17:52:01.852 [http-nio-auto-25-exec-2] DEBUG o.s.w.r.r.m.a.RequestPartMethodArgumentResolver - [795b6a96] 0..1 [org.springframework.web.reactive.result.method.annotation.MultipartIntegrationTests$Person]
17:52:01.853 [http-nio-auto-25-exec-2] DEBUG o.s.h.c.j.Jackson2JsonDecoder - [795b6a96] Decoded [org.springframework.web.reactive.result.method.annotation.MultipartIntegrationTests$Person@3a8bd0f2]
17:52:01.853 [http-nio-auto-25-exec-2] DEBUG o.s.w.s.a.HttpWebHandlerAdapter - [795b6a96] Completed 200 OK
17:52:01.854 [reactor-http-nio-9] DEBUG o.s.w.r.f.c.ExchangeFunctions - [1099bd12] [f8124b50-1, L:/127.0.0.1:53775 - R:localhost/127.0.0.1:53774] Response 200 OK
17:52:01.854 [Test worker] DEBUG o.s.w.t.h.s.r.b.TomcatHttpServer - Stopping TomcatHttpServer...
17:52:13.015 [Test worker] DEBUG o.s.w.t.h.s.r.b.TomcatHttpServer - Server stopped (0 millis).
17:52:13.025 [Test worker] DEBUG o.s.w.r.r.m.a.RequestMappingHandlerMapping - 7 mappings in 'requestMappingHandlerMapping'
17:52:13.034 [Test worker] DEBUG o.s.w.r.r.m.a.ControllerMethodResolver - ControllerAdvice beans: none
17:52:13.036 [Test worker] DEBUG o.s.w.s.a.HttpWebHandlerAdapter - enableLoggingRequestDetails='false': form data and headers will be masked to prevent unsafe logging of potentially sensitive data
17:52:13.036 [Test worker] DEBUG o.s.w.t.h.s.r.b.UndertowHttpServer - Starting UndertowHttpServer...
17:52:13.036 [Test worker] INFO  i.undertow - starting server: Undertow - 2.2.7.Final
17:52:13.038 [Test worker] DEBUG o.s.w.t.h.s.r.b.UndertowHttpServer - Server started on port 53806(0 millis).
17:52:13.039 [Test worker] DEBUG o.s.w.r.f.c.ExchangeFunctions - [33aa5a67] HTTP POST http://localhost:53806/requestPart
17:52:13.040 [reactor-http-nio-10] DEBUG o.s.h.c.m.MultipartHttpMessageWriter - [33aa5a67] Encoding parts [fieldPart, fileParts, jsonPart] (content masked)
17:52:13.046 [XNIO-24 I/O-8] DEBUG o.s.w.s.a.HttpWebHandlerAdapter - [2352b848-24] HTTP POST "/requestPart"
17:52:13.046 [XNIO-24 I/O-8] DEBUG o.s.w.r.r.m.a.RequestMappingHandlerMapping - [2352b848-24] Mapped to org.springframework.web.reactive.result.method.annotation.MultipartIntegrationTests$MultipartController#requestPart(FormFieldPart, FilePart, Mono)
17:52:13.049 [XNIO-24 I/O-8] DEBUG o.s.h.c.m.MultipartHttpMessageReader - [2352b848-24] Parsed parts [fieldPart, fileParts, jsonPart] (content masked)
17:52:13.050 [XNIO-24 I/O-8] DEBUG o.s.w.r.r.m.a.RequestPartMethodArgumentResolver - [2352b848-24] Decoding part 'jsonPart'
17:52:13.050 [XNIO-24 I/O-8] DEBUG o.s.w.r.r.m.a.RequestPartMethodArgumentResolver - [2352b848-24] Content-Type:application/json
17:52:13.050 [XNIO-24 I/O-8] DEBUG o.s.w.r.r.m.a.RequestPartMethodArgumentResolver - [2352b848-24] 0..1 [org.springframework.web.reactive.result.method.annotation.MultipartIntegrationTests$Person]
17:52:13.050 [XNIO-24 I/O-8] DEBUG o.s.h.c.j.Jackson2JsonDecoder - [2352b848-24] Decoded [org.springframework.web.reactive.result.method.annotation.MultipartIntegrationTests$Person@39c66191]
17:52:13.050 [XNIO-24 I/O-8] DEBUG o.s.w.s.a.HttpWebHandlerAdapter - [2352b848-24] Completed 200 OK
17:52:13.051 [reactor-http-nio-10] DEBUG o.s.w.r.f.c.ExchangeFunctions - [33aa5a67] [e928dbbb-1, L:/127.0.0.1:53807 - R:localhost/127.0.0.1:53806] Response 200 OK
17:52:13.051 [Test worker] DEBUG o.s.w.t.h.s.r.b.UndertowHttpServer - Stopping UndertowHttpServer...
17:52:13.051 [Test worker] INFO  i.undertow - stopping server: Undertow - 2.2.7.Final
17:52:13.052 [Test worker] DEBUG o.s.w.t.h.s.r.b.UndertowHttpServer - Server stopped (0 millis).
17:52:13.058 [Test worker] DEBUG o.s.w.r.r.m.a.RequestMappingHandlerMapping - 7 mappings in 'requestMappingHandlerMapping'
17:52:13.066 [Test worker] DEBUG o.s.w.r.r.m.a.ControllerMethodResolver - ControllerAdvice beans: none
17:52:13.068 [Test worker] DEBUG o.s.w.s.a.HttpWebHandlerAdapter - enableLoggingRequestDetails='false': form data and headers will be masked to prevent unsafe logging of potentially sensitive data
17:52:13.068 [Test worker] WARN  o.e.j.s.h.ContextHandler - Empty contextPath
17:52:13.068 [Test worker] INFO  o.e.j.s.h.ContextHandler - Started o.e.j.s.ServletContextHandler@690a9df6{/,null,AVAILABLE}
17:52:13.068 [Test worker] DEBUG o.s.w.t.h.s.r.b.JettyHttpServer - Starting JettyHttpServer...
17:52:13.068 [Test worker] INFO  o.e.j.s.Server - jetty-9.4.39.v20210325; built: 2021-03-25T14:42:11.471Z; git: 9fc7ca5a922f2a37b84ec9dbc26a5168cee7e667; jvm 1.8.0_181-b13
17:52:13.070 [Test worker] INFO  o.e.j.s.AbstractConnector - Started ServerConnector@537b2dd8{HTTP/1.1, (http/1.1)}{0.0.0.0:53808}
17:52:13.070 [Test worker] INFO  o.e.j.s.Server - Started @300122ms
17:52:13.070 [Test worker] DEBUG o.s.w.t.h.s.r.b.JettyHttpServer - Server started on port 53808(0 millis).
17:52:13.070 [Test worker] DEBUG o.s.w.r.f.c.ExchangeFunctions - [47c861e6] HTTP POST http://localhost:53808/filePartFlux
17:52:13.072 [reactor-http-nio-11] DEBUG o.s.h.c.m.MultipartHttpMessageWriter - [47c861e6] Encoding parts [fieldPart, fileParts, jsonPart] (content masked)
17:52:13.080 [qtp1625325785-1163] DEBUG o.s.w.s.a.HttpWebHandlerAdapter - [ded0321] HTTP POST "/filePartFlux"
17:52:13.080 [qtp1625325785-1163] DEBUG o.s.w.r.r.m.a.RequestMappingHandlerMapping - [ded0321] Mapped to org.springframework.web.reactive.result.method.annotation.MultipartIntegrationTests$MultipartController#filePartsFlux(Flux)
17:52:13.081 [qtp1625325785-1163] DEBUG o.s.w.r.r.m.a.ResponseBodyResultHandler - [ded0321] Using 'text/plain;charset=UTF-8' given [*/*] and supported [text/plain;charset=UTF-8, text/event-stream, text/plain;charset=UTF-8, */*]
17:52:13.081 [qtp1625325785-1163] DEBUG o.s.w.r.r.m.a.ResponseBodyResultHandler - [ded0321] 0..1 [java.lang.String]
17:52:13.083 [qtp1625325785-1163] DEBUG o.s.h.c.m.MultipartHttpMessageReader - [ded0321] Parsed parts [fieldPart, fileParts, jsonPart] (content masked)
17:52:13.083 [qtp1625325785-1163] DEBUG o.s.c.c.CharSequenceEncoder - [ded0321] Writing "[fileParts:foo.txt,fileParts:logo.png]"
17:52:13.083 [qtp1625325785-1163] DEBUG o.s.w.s.a.HttpWebHandlerAdapter - [ded0321] Completed 200 OK
17:52:13.083 [reactor-http-nio-11] DEBUG o.s.w.r.f.c.ExchangeFunctions - [47c861e6] [624248ce-1, L:/127.0.0.1:53809 - R:localhost/127.0.0.1:53808] Response 200 OK
17:52:13.084 [reactor-http-nio-11] DEBUG o.s.c.c.StringDecoder - [47c861e6] [624248ce-1, L:/127.0.0.1:53809 - R:localhost/127.0.0.1:53808] Decoded "[fileParts:foo.txt,fileParts:logo.png]"
17:52:13.084 [Test worker] DEBUG o.s.w.t.h.s.r.b.JettyHttpServer - Stopping JettyHttpServer...
17:52:13.084 [Test worker] INFO  o.e.j.s.h.ContextHandler - Stopped o.e.j.s.ServletContextHandler@690a9df6{/,null,STOPPED}
17:52:13.085 [Test worker] INFO  o.e.j.s.AbstractConnector - Stopped ServerConnector@537b2dd8{HTTP/1.1, (http/1.1)}{0.0.0.0:0}
17:52:13.085 [Test worker] DEBUG o.s.w.t.h.s.r.b.JettyHttpServer - Server stopped (0 millis).
17:52:13.090 [Test worker] DEBUG o.s.w.r.r.m.a.RequestMappingHandlerMapping - 7 mappings in 'requestMappingHandlerMapping'
17:52:13.098 [Test worker] DEBUG o.s.w.r.r.m.a.ControllerMethodResolver - ControllerAdvice beans: none
17:52:13.100 [Test worker] DEBUG o.s.w.s.a.HttpWebHandlerAdapter - enableLoggingRequestDetails='false': form data and headers will be masked to prevent unsafe logging of potentially sensitive data
17:52:13.100 [Test worker] DEBUG o.s.w.t.h.s.r.b.ReactorHttpServer - Starting ReactorHttpServer...
17:52:13.100 [Test worker] DEBUG o.s.w.t.h.s.r.b.ReactorHttpServer - Server started on port 53810(0 millis).
17:52:13.101 [Test worker] DEBUG o.s.w.r.f.c.ExchangeFunctions - [5b5993e9] HTTP POST http://localhost:53810/filePartFlux
17:52:13.102 [reactor-http-nio-13] DEBUG o.s.h.c.m.MultipartHttpMessageWriter - [5b5993e9] Encoding parts [fieldPart, fileParts, jsonPart] (content masked)
17:52:13.111 [reactor-http-nio-14] DEBUG o.s.w.s.a.HttpWebHandlerAdapter - [9136d33b-1, L:/127.0.0.1:53810 - R:/127.0.0.1:53811] HTTP POST "/filePartFlux"
17:52:13.112 [reactor-http-nio-14] DEBUG o.s.w.r.r.m.a.RequestMappingHandlerMapping - [9136d33b-1, L:/127.0.0.1:53810 - R:/127.0.0.1:53811] Mapped to org.springframework.web.reactive.result.method.annotation.MultipartIntegrationTests$MultipartController#filePartsFlux(Flux)
17:52:13.112 [reactor-http-nio-14] DEBUG o.s.w.r.r.m.a.ResponseBodyResultHandler - [9136d33b-1, L:/127.0.0.1:53810 - R:/127.0.0.1:53811] Using 'text/plain;charset=UTF-8' given [*/*] and supported [text/plain;charset=UTF-8, text/event-stream, text/plain;charset=UTF-8, */*]
17:52:13.112 [reactor-http-nio-14] DEBUG o.s.w.r.r.m.a.ResponseBodyResultHandler - [9136d33b-1, L:/127.0.0.1:53810 - R:/127.0.0.1:53811] 0..1 [java.lang.String]
17:52:13.513 [reactor-http-nio-14] DEBUG o.s.h.c.m.MultipartHttpMessageReader - [9136d33b-1, L:/127.0.0.1:53810 - R:/127.0.0.1:53811] Parsed parts [fieldPart, fileParts, jsonPart] (content masked)
17:52:13.513 [reactor-http-nio-14] DEBUG o.s.c.c.CharSequenceEncoder - [9136d33b-1, L:/127.0.0.1:53810 - R:/127.0.0.1:53811] Writing "[fileParts:foo.txt,fileParts:logo.png]"
17:52:13.514 [reactor-http-nio-14] DEBUG o.s.w.s.a.HttpWebHandlerAdapter - [9136d33b-1, L:/127.0.0.1:53810 - R:/127.0.0.1:53811] Completed 200 OK
17:52:13.514 [reactor-http-nio-13] DEBUG o.s.w.r.f.c.ExchangeFunctions - [5b5993e9] [e2f3e2db-1, L:/127.0.0.1:53811 - R:localhost/127.0.0.1:53810] Response 200 OK
17:52:13.515 [reactor-http-nio-13] DEBUG o.s.c.c.StringDecoder - [5b5993e9] [e2f3e2db-1, L:/127.0.0.1:53811 - R:localhost/127.0.0.1:53810] Decoded "[fileParts:foo.txt,fileParts:logo.png]"
17:52:13.515 [Test worker] DEBUG o.s.w.t.h.s.r.b.ReactorHttpServer - Stopping ReactorHttpServer...
17:52:13.515 [Test worker] DEBUG o.s.w.t.h.s.r.b.ReactorHttpServer - Server stopped (0 millis).
17:52:13.520 [Test worker] DEBUG o.s.w.r.r.m.a.RequestMappingHandlerMapping - 7 mappings in 'requestMappingHandlerMapping'
17:52:13.528 [Test worker] DEBUG o.s.w.r.r.m.a.ControllerMethodResolver - ControllerAdvice beans: none
17:52:13.530 [Test worker] DEBUG o.s.w.s.a.HttpWebHandlerAdapter - enableLoggingRequestDetails='false': form data and headers will be masked to prevent unsafe logging of potentially sensitive data
17:52:13.530 [Test worker] DEBUG o.s.w.t.h.s.r.b.TomcatHttpServer - Starting TomcatHttpServer...
17:52:13.535 [Test worker] DEBUG o.s.w.t.h.s.r.b.TomcatHttpServer - Server started on port 53822(0 millis).
17:52:13.536 [Test worker] DEBUG o.s.w.r.f.c.ExchangeFunctions - [11c1d7c9] HTTP POST http://localhost:53822/filePartFlux
17:52:13.538 [reactor-http-nio-15] DEBUG o.s.h.c.m.MultipartHttpMessageWriter - [11c1d7c9] Encoding parts [fieldPart, fileParts, jsonPart] (content masked)
17:52:13.549 [http-nio-auto-26-exec-1] DEBUG o.s.w.s.a.HttpWebHandlerAdapter - [1f9435f] HTTP POST "/filePartFlux"
17:52:13.549 [http-nio-auto-26-exec-1] DEBUG o.s.w.r.r.m.a.RequestMappingHandlerMapping - [1f9435f] Mapped to org.springframework.web.reactive.result.method.annotation.MultipartIntegrationTests$MultipartController#filePartsFlux(Flux)
17:52:13.550 [http-nio-auto-26-exec-1] DEBUG o.s.w.r.r.m.a.ResponseBodyResultHandler - [1f9435f] Using 'text/plain;charset=UTF-8' given [*/*] and supported [text/plain;charset=UTF-8, text/event-stream, text/plain;charset=UTF-8, */*]
17:52:13.550 [http-nio-auto-26-exec-1] DEBUG o.s.w.r.r.m.a.ResponseBodyResultHandler - [1f9435f] 0..1 [java.lang.String]
17:52:13.553 [http-nio-auto-26-exec-2] DEBUG o.s.h.c.m.MultipartHttpMessageReader - [1f9435f] Parsed parts [fieldPart, fileParts, jsonPart] (content masked)
17:52:13.553 [http-nio-auto-26-exec-2] DEBUG o.s.c.c.CharSequenceEncoder - [1f9435f] Writing "[fileParts:foo.txt,fileParts:logo.png]"
17:52:13.553 [http-nio-auto-26-exec-2] DEBUG o.s.w.s.a.HttpWebHandlerAdapter - [1f9435f] Completed 200 OK
17:52:13.554 [reactor-http-nio-15] DEBUG o.s.w.r.f.c.ExchangeFunctions - [11c1d7c9] [66c91cff-1, L:/127.0.0.1:53823 - R:localhost/127.0.0.1:53822] Response 200 OK
17:52:13.554 [reactor-http-nio-15] DEBUG o.s.c.c.StringDecoder - [11c1d7c9] [66c91cff-1, L:/127.0.0.1:53823 - R:localhost/127.0.0.1:53822] Decoded "[fileParts:foo.txt,fileParts:logo.png]"
17:52:13.554 [Test worker] DEBUG o.s.w.t.h.s.r.b.TomcatHttpServer - Stopping TomcatHttpServer...
17:52:24.741 [Test worker] DEBUG o.s.w.t.h.s.r.b.TomcatHttpServer - Server stopped (0 millis).
17:52:24.750 [Test worker] DEBUG o.s.w.r.r.m.a.RequestMappingHandlerMapping - 7 mappings in 'requestMappingHandlerMapping'
17:52:24.758 [Test worker] DEBUG o.s.w.r.r.m.a.ControllerMethodResolver - ControllerAdvice beans: none
17:52:24.760 [Test worker] DEBUG o.s.w.s.a.HttpWebHandlerAdapter - enableLoggingRequestDetails='false': form data and headers will be masked to prevent unsafe logging of potentially sensitive data
17:52:24.760 [Test worker] DEBUG o.s.w.t.h.s.r.b.UndertowHttpServer - Starting UndertowHttpServer...
17:52:24.760 [Test worker] INFO  i.undertow - starting server: Undertow - 2.2.7.Final
17:52:24.764 [Test worker] DEBUG o.s.w.t.h.s.r.b.UndertowHttpServer - Server started on port 53857(0 millis).
17:52:24.764 [Test worker] DEBUG o.s.w.r.f.c.ExchangeFunctions - [3d41b6d4] HTTP POST http://localhost:53857/filePartFlux
17:52:24.766 [reactor-http-nio-16] DEBUG o.s.h.c.m.MultipartHttpMessageWriter - [3d41b6d4] Encoding parts [fieldPart, fileParts, jsonPart] (content masked)
17:52:24.773 [XNIO-25 I/O-4] DEBUG o.s.w.s.a.HttpWebHandlerAdapter - [556fbc25-25] HTTP POST "/filePartFlux"
17:52:24.773 [XNIO-25 I/O-4] DEBUG o.s.w.r.r.m.a.RequestMappingHandlerMapping - [556fbc25-25] Mapped to org.springframework.web.reactive.result.method.annotation.MultipartIntegrationTests$MultipartController#filePartsFlux(Flux)
17:52:24.774 [XNIO-25 I/O-4] DEBUG o.s.w.r.r.m.a.ResponseBodyResultHandler - [556fbc25-25] Using 'text/plain;charset=UTF-8' given [*/*] and supported [text/plain;charset=UTF-8, text/event-stream, text/plain;charset=UTF-8, */*]
17:52:24.774 [XNIO-25 I/O-4] DEBUG o.s.w.r.r.m.a.ResponseBodyResultHandler - [556fbc25-25] 0..1 [java.lang.String]
17:52:24.776 [XNIO-25 I/O-4] DEBUG o.s.h.c.m.MultipartHttpMessageReader - [556fbc25-25] Parsed parts [fieldPart, fileParts, jsonPart] (content masked)
17:52:24.776 [XNIO-25 I/O-4] DEBUG o.s.c.c.CharSequenceEncoder - [556fbc25-25] Writing "[fileParts:foo.txt,fileParts:logo.png]"
17:52:24.776 [XNIO-25 I/O-4] DEBUG o.s.w.s.a.HttpWebHandlerAdapter - [556fbc25-25] Completed 200 OK
17:52:24.777 [reactor-http-nio-16] DEBUG o.s.w.r.f.c.ExchangeFunctions - [3d41b6d4] [3057ee5b-1, L:/127.0.0.1:53858 - R:localhost/127.0.0.1:53857] Response 200 OK
17:52:24.777 [reactor-http-nio-16] DEBUG o.s.c.c.StringDecoder - [3d41b6d4] [3057ee5b-1, L:/127.0.0.1:53858 - R:localhost/127.0.0.1:53857] Decoded "[fileParts:foo.txt,fileParts:logo.png]"
17:52:24.777 [Test worker] DEBUG o.s.w.t.h.s.r.b.UndertowHttpServer - Stopping UndertowHttpServer...
17:52:24.777 [Test worker] INFO  i.undertow - stopping server: Undertow - 2.2.7.Final
17:52:24.778 [Test worker] DEBUG o.s.w.t.h.s.r.b.UndertowHttpServer - Server stopped (0 millis).
17:52:24.784 [Test worker] DEBUG o.s.w.r.r.m.a.RequestMappingHandlerMapping - 7 mappings in 'requestMappingHandlerMapping'
17:52:24.792 [Test worker] DEBUG o.s.w.r.r.m.a.ControllerMethodResolver - ControllerAdvice beans: none
17:52:24.793 [Test worker] DEBUG o.s.w.s.a.HttpWebHandlerAdapter - enableLoggingRequestDetails='false': form data and headers will be masked to prevent unsafe logging of potentially sensitive data
17:52:24.794 [Test worker] WARN  o.e.j.s.h.ContextHandler - Empty contextPath
17:52:24.794 [Test worker] INFO  o.e.j.s.h.ContextHandler - Started o.e.j.s.ServletContextHandler@3c93e61e{/,null,AVAILABLE}
17:52:24.794 [Test worker] DEBUG o.s.w.t.h.s.r.b.JettyHttpServer - Starting JettyHttpServer...
17:52:24.794 [Test worker] INFO  o.e.j.s.Server - jetty-9.4.39.v20210325; built: 2021-03-25T14:42:11.471Z; git: 9fc7ca5a922f2a37b84ec9dbc26a5168cee7e667; jvm 1.8.0_181-b13
17:52:24.796 [Test worker] INFO  o.e.j.s.AbstractConnector - Started ServerConnector@8fd21d3{HTTP/1.1, (http/1.1)}{0.0.0.0:53859}
17:52:24.796 [Test worker] INFO  o.e.j.s.Server - Started @311848ms
17:52:24.796 [Test worker] DEBUG o.s.w.t.h.s.r.b.JettyHttpServer - Server started on port 53859(0 millis).
17:52:24.797 [Test worker] DEBUG o.s.w.r.f.c.ExchangeFunctions - [3a2aa4b2] HTTP POST http://localhost:53859/filePartMono
17:52:24.799 [reactor-http-nio-1] DEBUG o.s.h.c.m.MultipartHttpMessageWriter - [3a2aa4b2] Encoding parts [fieldPart, fileParts, jsonPart] (content masked)
17:52:24.809 [qtp339641939-1208] DEBUG o.s.w.s.a.HttpWebHandlerAdapter - [6ffb6f34] HTTP POST "/filePartMono"
17:52:24.809 [qtp339641939-1208] DEBUG o.s.w.r.r.m.a.RequestMappingHandlerMapping - [6ffb6f34] Mapped to org.springframework.web.reactive.result.method.annotation.MultipartIntegrationTests$MultipartController#filePartsFlux(Mono)
17:52:24.810 [qtp339641939-1208] DEBUG o.s.w.r.r.m.a.ResponseBodyResultHandler - [6ffb6f34] Using 'text/plain;charset=UTF-8' given [*/*] and supported [text/plain;charset=UTF-8, text/event-stream, text/plain;charset=UTF-8, */*]
17:52:24.810 [qtp339641939-1208] DEBUG o.s.w.r.r.m.a.ResponseBodyResultHandler - [6ffb6f34] 0..1 [java.lang.String]
17:52:24.812 [qtp339641939-1208] DEBUG o.s.h.c.m.MultipartHttpMessageReader - [6ffb6f34] Parsed parts [fieldPart, fileParts, jsonPart] (content masked)
17:52:24.812 [qtp339641939-1208] DEBUG o.s.c.c.CharSequenceEncoder - [6ffb6f34] Writing "[fileParts:foo.txt]"
17:52:24.812 [qtp339641939-1208] DEBUG o.s.w.s.a.HttpWebHandlerAdapter - [6ffb6f34] Completed 200 OK
17:52:24.812 [reactor-http-nio-1] DEBUG o.s.w.r.f.c.ExchangeFunctions - [3a2aa4b2] [ee03ce57-1, L:/127.0.0.1:53860 - R:localhost/127.0.0.1:53859] Response 200 OK
17:52:24.813 [reactor-http-nio-1] DEBUG o.s.c.c.StringDecoder - [3a2aa4b2] [ee03ce57-1, L:/127.0.0.1:53860 - R:localhost/127.0.0.1:53859] Decoded "[fileParts:foo.txt]"
17:52:24.813 [Test worker] DEBUG o.s.w.t.h.s.r.b.JettyHttpServer - Stopping JettyHttpServer...
17:52:24.813 [Test worker] INFO  o.e.j.s.h.ContextHandler - Stopped o.e.j.s.ServletContextHandler@3c93e61e{/,null,STOPPED}
17:52:24.814 [Test worker] INFO  o.e.j.s.AbstractConnector - Stopped ServerConnector@8fd21d3{HTTP/1.1, (http/1.1)}{0.0.0.0:0}
17:52:24.814 [Test worker] DEBUG o.s.w.t.h.s.r.b.JettyHttpServer - Server stopped (0 millis).
17:52:24.820 [Test worker] DEBUG o.s.w.r.r.m.a.RequestMappingHandlerMapping - 7 mappings in 'requestMappingHandlerMapping'
17:52:24.829 [Test worker] DEBUG o.s.w.r.r.m.a.ControllerMethodResolver - ControllerAdvice beans: none
17:52:24.830 [Test worker] DEBUG o.s.w.s.a.HttpWebHandlerAdapter - enableLoggingRequestDetails='false': form data and headers will be masked to prevent unsafe logging of potentially sensitive data
17:52:24.830 [Test worker] DEBUG o.s.w.t.h.s.r.b.ReactorHttpServer - Starting ReactorHttpServer...
17:52:24.831 [Test worker] DEBUG o.s.w.t.h.s.r.b.ReactorHttpServer - Server started on port 53861(0 millis).
17:52:24.832 [Test worker] DEBUG o.s.w.r.f.c.ExchangeFunctions - [4897a34a] HTTP POST http://localhost:53861/filePartMono
17:52:24.834 [reactor-http-nio-3] DEBUG o.s.h.c.m.MultipartHttpMessageWriter - [4897a34a] Encoding parts [fieldPart, fileParts, jsonPart] (content masked)
17:52:24.842 [reactor-http-nio-4] DEBUG o.s.w.s.a.HttpWebHandlerAdapter - [47a460ac-1, L:/127.0.0.1:53861 - R:/127.0.0.1:53862] HTTP POST "/filePartMono"
17:52:24.842 [reactor-http-nio-4] DEBUG o.s.w.r.r.m.a.RequestMappingHandlerMapping - [47a460ac-1, L:/127.0.0.1:53861 - R:/127.0.0.1:53862] Mapped to org.springframework.web.reactive.result.method.annotation.MultipartIntegrationTests$MultipartController#filePartsFlux(Mono)
17:52:24.842 [reactor-http-nio-4] DEBUG o.s.w.r.r.m.a.ResponseBodyResultHandler - [47a460ac-1, L:/127.0.0.1:53861 - R:/127.0.0.1:53862] Using 'text/plain;charset=UTF-8' given [*/*] and supported [text/plain;charset=UTF-8, text/event-stream, text/plain;charset=UTF-8, */*]
17:52:24.842 [reactor-http-nio-4] DEBUG o.s.w.r.r.m.a.ResponseBodyResultHandler - [47a460ac-1, L:/127.0.0.1:53861 - R:/127.0.0.1:53862] 0..1 [java.lang.String]
17:52:25.217 [reactor-http-nio-4] DEBUG o.s.h.c.m.MultipartHttpMessageReader - [47a460ac-1, L:/127.0.0.1:53861 - R:/127.0.0.1:53862] Parsed parts [fieldPart, fileParts, jsonPart] (content masked)
17:52:25.217 [reactor-http-nio-4] DEBUG o.s.c.c.CharSequenceEncoder - [47a460ac-1, L:/127.0.0.1:53861 - R:/127.0.0.1:53862] Writing "[fileParts:foo.txt]"
17:52:25.218 [reactor-http-nio-4] DEBUG o.s.w.s.a.HttpWebHandlerAdapter - [47a460ac-1, L:/127.0.0.1:53861 - R:/127.0.0.1:53862] Completed 200 OK
17:52:25.218 [reactor-http-nio-3] DEBUG o.s.w.r.f.c.ExchangeFunctions - [4897a34a] [c68e5b51-1, L:/127.0.0.1:53862 - R:localhost/127.0.0.1:53861] Response 200 OK
17:52:25.218 [reactor-http-nio-3] DEBUG o.s.c.c.StringDecoder - [4897a34a] [c68e5b51-1, L:/127.0.0.1:53862 - R:localhost/127.0.0.1:53861] Decoded "[fileParts:foo.txt]"
17:52:25.218 [Test worker] DEBUG o.s.w.t.h.s.r.b.ReactorHttpServer - Stopping ReactorHttpServer...
17:52:25.218 [Test worker] DEBUG o.s.w.t.h.s.r.b.ReactorHttpServer - Server stopped (0 millis).
17:52:25.223 [Test worker] DEBUG o.s.w.r.r.m.a.RequestMappingHandlerMapping - 7 mappings in 'requestMappingHandlerMapping'
17:52:25.233 [Test worker] DEBUG o.s.w.r.r.m.a.ControllerMethodResolver - ControllerAdvice beans: none
17:52:25.234 [Test worker] DEBUG o.s.w.s.a.HttpWebHandlerAdapter - enableLoggingRequestDetails='false': form data and headers will be masked to prevent unsafe logging of potentially sensitive data
17:52:25.235 [Test worker] DEBUG o.s.w.t.h.s.r.b.TomcatHttpServer - Starting TomcatHttpServer...
17:52:25.239 [Test worker] DEBUG o.s.w.t.h.s.r.b.TomcatHttpServer - Server started on port 53863(0 millis).
17:52:25.239 [Test worker] DEBUG o.s.w.r.f.c.ExchangeFunctions - [585f635] HTTP POST http://localhost:53863/filePartMono
17:52:25.241 [reactor-http-nio-5] DEBUG o.s.h.c.m.MultipartHttpMessageWriter - [585f635] Encoding parts [fieldPart, fileParts, jsonPart] (content masked)
17:52:25.248 [http-nio-auto-27-exec-1] DEBUG o.s.w.s.a.HttpWebHandlerAdapter - [5ad4420d] HTTP POST "/filePartMono"
17:52:25.248 [http-nio-auto-27-exec-1] DEBUG o.s.w.r.r.m.a.RequestMappingHandlerMapping - [5ad4420d] Mapped to org.springframework.web.reactive.result.method.annotation.MultipartIntegrationTests$MultipartController#filePartsFlux(Mono)
17:52:25.249 [http-nio-auto-27-exec-1] DEBUG o.s.w.r.r.m.a.ResponseBodyResultHandler - [5ad4420d] Using 'text/plain;charset=UTF-8' given [*/*] and supported [text/plain;charset=UTF-8, text/event-stream, text/plain;charset=UTF-8, */*]
17:52:25.249 [http-nio-auto-27-exec-1] DEBUG o.s.w.r.r.m.a.ResponseBodyResultHandler - [5ad4420d] 0..1 [java.lang.String]
17:52:25.252 [http-nio-auto-27-exec-2] DEBUG o.s.h.c.m.MultipartHttpMessageReader - [5ad4420d] Parsed parts [fieldPart, fileParts, jsonPart] (content masked)
17:52:25.252 [http-nio-auto-27-exec-2] DEBUG o.s.c.c.CharSequenceEncoder - [5ad4420d] Writing "[fileParts:foo.txt]"
17:52:25.252 [http-nio-auto-27-exec-2] DEBUG o.s.w.s.a.HttpWebHandlerAdapter - [5ad4420d] Completed 200 OK
17:52:25.253 [reactor-http-nio-5] DEBUG o.s.w.r.f.c.ExchangeFunctions - [585f635] [5040f6df-1, L:/127.0.0.1:53864 - R:localhost/127.0.0.1:53863] Response 200 OK
17:52:25.253 [reactor-http-nio-5] DEBUG o.s.c.c.StringDecoder - [585f635] [5040f6df-1, L:/127.0.0.1:53864 - R:localhost/127.0.0.1:53863] Decoded "[fileParts:foo.txt]"
17:52:25.253 [Test worker] DEBUG o.s.w.t.h.s.r.b.TomcatHttpServer - Stopping TomcatHttpServer...
17:52:36.466 [Test worker] DEBUG o.s.w.t.h.s.r.b.TomcatHttpServer - Server stopped (0 millis).
17:52:36.477 [Test worker] DEBUG o.s.w.r.r.m.a.RequestMappingHandlerMapping - 7 mappings in 'requestMappingHandlerMapping'
17:52:36.488 [Test worker] DEBUG o.s.w.r.r.m.a.ControllerMethodResolver - ControllerAdvice beans: none
17:52:36.489 [Test worker] DEBUG o.s.w.s.a.HttpWebHandlerAdapter - enableLoggingRequestDetails='false': form data and headers will be masked to prevent unsafe logging of potentially sensitive data
17:52:36.489 [Test worker] DEBUG o.s.w.t.h.s.r.b.UndertowHttpServer - Starting UndertowHttpServer...
17:52:36.490 [Test worker] INFO  i.undertow - starting server: Undertow - 2.2.7.Final
17:52:36.493 [Test worker] DEBUG o.s.w.t.h.s.r.b.UndertowHttpServer - Server started on port 53887(0 millis).
17:52:36.493 [Test worker] DEBUG o.s.w.r.f.c.ExchangeFunctions - [1c6bda53] HTTP POST http://localhost:53887/filePartMono
17:52:36.495 [reactor-http-nio-6] DEBUG o.s.h.c.m.MultipartHttpMessageWriter - [1c6bda53] Encoding parts [fieldPart, fileParts, jsonPart] (content masked)
17:52:36.501 [XNIO-26 I/O-3] DEBUG o.s.w.s.a.HttpWebHandlerAdapter - [13afa02a-26] HTTP POST "/filePartMono"
17:52:36.501 [XNIO-26 I/O-3] DEBUG o.s.w.r.r.m.a.RequestMappingHandlerMapping - [13afa02a-26] Mapped to org.springframework.web.reactive.result.method.annotation.MultipartIntegrationTests$MultipartController#filePartsFlux(Mono)
17:52:36.502 [XNIO-26 I/O-3] DEBUG o.s.w.r.r.m.a.ResponseBodyResultHandler - [13afa02a-26] Using 'text/plain;charset=UTF-8' given [*/*] and supported [text/plain;charset=UTF-8, text/event-stream, text/plain;charset=UTF-8, */*]
17:52:36.502 [XNIO-26 I/O-3] DEBUG o.s.w.r.r.m.a.ResponseBodyResultHandler - [13afa02a-26] 0..1 [java.lang.String]
17:52:36.504 [XNIO-26 I/O-3] DEBUG o.s.h.c.m.MultipartHttpMessageReader - [13afa02a-26] Parsed parts [fieldPart, fileParts, jsonPart] (content masked)
17:52:36.504 [XNIO-26 I/O-3] DEBUG o.s.c.c.CharSequenceEncoder - [13afa02a-26] Writing "[fileParts:foo.txt]"
17:52:36.505 [XNIO-26 I/O-3] DEBUG o.s.w.s.a.HttpWebHandlerAdapter - [13afa02a-26] Completed 200 OK
17:52:36.505 [reactor-http-nio-6] DEBUG o.s.w.r.f.c.ExchangeFunctions - [1c6bda53] [581ddcf1-1, L:/127.0.0.1:53888 - R:localhost/127.0.0.1:53887] Response 200 OK
17:52:36.505 [reactor-http-nio-6] DEBUG o.s.c.c.StringDecoder - [1c6bda53] [581ddcf1-1, L:/127.0.0.1:53888 - R:localhost/127.0.0.1:53887] Decoded "[fileParts:foo.txt]"
17:52:36.505 [Test worker] DEBUG o.s.w.t.h.s.r.b.UndertowHttpServer - Stopping UndertowHttpServer...
17:52:36.505 [Test worker] INFO  i.undertow - stopping server: Undertow - 2.2.7.Final
17:52:36.506 [Test worker] DEBUG o.s.w.t.h.s.r.b.UndertowHttpServer - Server stopped (0 millis).
]]></system-out>
  <system-err><![CDATA[]]></system-err>
</testsuite>
