<?xml version="1.0" encoding="UTF-8"?>
<testsuite name="org.springframework.web.reactive.result.view.freemarker.FreeMarkerMacroTests" tests="27" skipped="0" failures="0" errors="0" timestamp="2021-05-01T09:47:20" hostname="wangweilideMBP.lan" time="1.693">
  <properties/>
  <testcase name="formSingleSelectFromList()" classname="org.springframework.web.reactive.result.view.freemarker.FreeMarkerMacroTests" time="0.925"/>
  <testcase name="formInputText()" classname="org.springframework.web.reactive.result.view.freemarker.FreeMarkerMacroTests" time="0.041"/>
  <testcase name="formMultiSelect()" classname="org.springframework.web.reactive.result.view.freemarker.FreeMarkerMacroTests" time="0.025"/>
  <testcase name="formInputWithCss()" classname="org.springframework.web.reactive.result.view.freemarker.FreeMarkerMacroTests" time="0.02"/>
  <testcase name="formRadioButtons()" classname="org.springframework.web.reactive.result.view.freemarker.FreeMarkerMacroTests" time="0.044"/>
  <testcase name="springMacroRequestContextIsAutomaticallyExposedAsModelAttribute()" classname="org.springframework.web.reactive.result.view.freemarker.FreeMarkerMacroTests" time="0.022"/>
  <testcase name="defaultMessage()" classname="org.springframework.web.reactive.result.view.freemarker.FreeMarkerMacroTests" time="0.017"/>
  <testcase name="formCheckboxForStringArray()" classname="org.springframework.web.reactive.result.view.freemarker.FreeMarkerMacroTests" time="0.022"/>
  <testcase name="formInputPassword()" classname="org.springframework.web.reactive.result.view.freemarker.FreeMarkerMacroTests" time="0.016"/>
  <testcase name="formCheckboxForBooleanProperty()" classname="org.springframework.web.reactive.result.view.freemarker.FreeMarkerMacroTests" time="0.014"/>
  <testcase name="formCheckboxForStringProperty()" classname="org.springframework.web.reactive.result.view.freemarker.FreeMarkerMacroTests" time="0.019"/>
  <testcase name="messageArgs()" classname="org.springframework.web.reactive.result.view.freemarker.FreeMarkerMacroTests" time="0.013"/>
  <testcase name="formCheckboxForNestedPath()" classname="org.springframework.web.reactive.result.view.freemarker.FreeMarkerMacroTests" time="0.028"/>
  <testcase name="urlParams()" classname="org.springframework.web.reactive.result.view.freemarker.FreeMarkerMacroTests" time="0.013"/>
  <testcase name="age()" classname="org.springframework.web.reactive.result.view.freemarker.FreeMarkerMacroTests" time="0.015"/>
  <testcase name="url()" classname="org.springframework.web.reactive.result.view.freemarker.FreeMarkerMacroTests" time="0.013"/>
  <testcase name="name()" classname="org.springframework.web.reactive.result.view.freemarker.FreeMarkerMacroTests" time="0.012"/>
  <testcase name="formSingleSelectFromMap()" classname="org.springframework.web.reactive.result.view.freemarker.FreeMarkerMacroTests" time="0.013"/>
  <testcase name="formTextareaWithCustomRowsAndColumns()" classname="org.springframework.web.reactive.result.view.freemarker.FreeMarkerMacroTests" time="0.012"/>
  <testcase name="message()" classname="org.springframework.web.reactive.result.view.freemarker.FreeMarkerMacroTests" time="0.012"/>
  <testcase name="forInputWithNestedPath()" classname="org.springframework.web.reactive.result.view.freemarker.FreeMarkerMacroTests" time="0.013"/>
  <testcase name="formTextarea()" classname="org.springframework.web.reactive.result.view.freemarker.FreeMarkerMacroTests" time="0.012"/>
  <testcase name="messageArgsWithDefaultMessage()" classname="org.springframework.web.reactive.result.view.freemarker.FreeMarkerMacroTests" time="0.011"/>
  <testcase name="formPasswordInput()" classname="org.springframework.web.reactive.result.view.freemarker.FreeMarkerMacroTests" time="0.009"/>
  <testcase name="formHiddenInput()" classname="org.springframework.web.reactive.result.view.freemarker.FreeMarkerMacroTests" time="0.018"/>
  <testcase name="formInput()" classname="org.springframework.web.reactive.result.view.freemarker.FreeMarkerMacroTests" time="0.015"/>
  <testcase name="formInputHidden()" classname="org.springframework.web.reactive.result.view.freemarker.FreeMarkerMacroTests" time="0.013"/>
  <system-out><![CDATA[17:47:20.456 [Test worker] DEBUG o.s.w.r.r.v.f.FreeMarkerConfigurer - Template loader path [class path resource []] resolved to file path [/Users/wangweili/Documents/MyDesign/learning/msb-source/msb-spring/spring-webflux/build/classes/java/test]
17:47:20.458 [Test worker] DEBUG o.s.w.r.r.v.f.FreeMarkerConfigurer - Template loader path [URL [file:/var/folders/gm/wxj0g0cx0dbf978gx7941f440000gn/T/]] resolved to file path [/var/folders/gm/wxj0g0cx0dbf978gx7941f440000gn/T]
17:47:20.471 [Test worker] DEBUG o.s.w.r.r.v.f.FreeMarkerView - [27661bd3] View name 'myView', model {command=Darren, springMacroRequestContext=org.springframework.web.reactive.result.view.DummyMacroRequestContext@160e5afa, msgArgs=[Ljava.lang.Object;@6974c0e9, nameOptionMap={Rob&Harrop=Rob Harrop, Darren=Darren Davison, John=John Doe, Fred=Fred Bloggs}, options=[Rob Harrop, Darren Davison, John Doe, Fred Bloggs]}
17:47:20.486 [Test worker] DEBUG o.s.w.r.r.v.f.FreeMarkerView - [27661bd3] Rendering [tmp.ftl]
17:47:20.950 [Test worker] DEBUG o.s.w.r.r.v.f.FreeMarkerConfigurer - Template loader path [class path resource []] resolved to file path [/Users/wangweili/Documents/MyDesign/learning/msb-source/msb-spring/spring-webflux/build/classes/java/test]
17:47:20.950 [Test worker] DEBUG o.s.w.r.r.v.f.FreeMarkerConfigurer - Template loader path [URL [file:/var/folders/gm/wxj0g0cx0dbf978gx7941f440000gn/T/]] resolved to file path [/var/folders/gm/wxj0g0cx0dbf978gx7941f440000gn/T]
17:47:20.952 [Test worker] DEBUG o.s.w.r.r.v.f.FreeMarkerView - [8e56721] View name 'myView', model {command=Darren, springMacroRequestContext=org.springframework.web.reactive.result.view.DummyMacroRequestContext@6fbdfdc8, msgArgs=[Ljava.lang.Object;@2eac490, nameOptionMap={Rob&Harrop=Rob Harrop, Darren=Darren Davison, John=John Doe, Fred=Fred Bloggs}, options=[Rob Harrop, Darren Davison, John Doe, Fred Bloggs]}
17:47:20.952 [Test worker] DEBUG o.s.w.r.r.v.f.FreeMarkerView - [8e56721] Rendering [tmp.ftl]
17:47:21.008 [Test worker] DEBUG o.s.w.r.r.v.f.FreeMarkerConfigurer - Template loader path [class path resource []] resolved to file path [/Users/wangweili/Documents/MyDesign/learning/msb-source/msb-spring/spring-webflux/build/classes/java/test]
17:47:21.008 [Test worker] DEBUG o.s.w.r.r.v.f.FreeMarkerConfigurer - Template loader path [URL [file:/var/folders/gm/wxj0g0cx0dbf978gx7941f440000gn/T/]] resolved to file path [/var/folders/gm/wxj0g0cx0dbf978gx7941f440000gn/T]
17:47:21.009 [Test worker] DEBUG o.s.w.r.r.v.f.FreeMarkerView - [52065f4f] View name 'myView', model {command=Darren, springMacroRequestContext=org.springframework.web.reactive.result.view.DummyMacroRequestContext@1df83d88, msgArgs=[Ljava.lang.Object;@316c00bd, nameOptionMap={Rob&Harrop=Rob Harrop, Darren=Darren Davison, John=John Doe, Fred=Fred Bloggs}, options=[Rob Harrop, Darren Davison, John Doe, Fred Bloggs]}
17:47:21.010 [Test worker] DEBUG o.s.w.r.r.v.f.FreeMarkerView - [52065f4f] Rendering [tmp.ftl]
17:47:21.043 [Test worker] DEBUG o.s.w.r.r.v.f.FreeMarkerConfigurer - Template loader path [class path resource []] resolved to file path [/Users/wangweili/Documents/MyDesign/learning/msb-source/msb-spring/spring-webflux/build/classes/java/test]
17:47:21.044 [Test worker] DEBUG o.s.w.r.r.v.f.FreeMarkerConfigurer - Template loader path [URL [file:/var/folders/gm/wxj0g0cx0dbf978gx7941f440000gn/T/]] resolved to file path [/var/folders/gm/wxj0g0cx0dbf978gx7941f440000gn/T]
17:47:21.045 [Test worker] DEBUG o.s.w.r.r.v.f.FreeMarkerView - [1eb7093b] View name 'myView', model {command=Darren, springMacroRequestContext=org.springframework.web.reactive.result.view.DummyMacroRequestContext@563c1f85, msgArgs=[Ljava.lang.Object;@160a8e8f, nameOptionMap={Rob&Harrop=Rob Harrop, Darren=Darren Davison, John=John Doe, Fred=Fred Bloggs}, options=[Rob Harrop, Darren Davison, John Doe, Fred Bloggs]}
17:47:21.045 [Test worker] DEBUG o.s.w.r.r.v.f.FreeMarkerView - [1eb7093b] Rendering [tmp.ftl]
17:47:21.083 [Test worker] DEBUG o.s.w.r.r.v.f.FreeMarkerConfigurer - Template loader path [class path resource []] resolved to file path [/Users/wangweili/Documents/MyDesign/learning/msb-source/msb-spring/spring-webflux/build/classes/java/test]
17:47:21.084 [Test worker] DEBUG o.s.w.r.r.v.f.FreeMarkerConfigurer - Template loader path [URL [file:/var/folders/gm/wxj0g0cx0dbf978gx7941f440000gn/T/]] resolved to file path [/var/folders/gm/wxj0g0cx0dbf978gx7941f440000gn/T]
17:47:21.085 [Test worker] DEBUG o.s.w.r.r.v.f.FreeMarkerView - [2fada42d] View name 'myView', model {command=Darren, springMacroRequestContext=org.springframework.web.reactive.result.view.DummyMacroRequestContext@17252de7, msgArgs=[Ljava.lang.Object;@f22ce67, nameOptionMap={Rob&Harrop=Rob Harrop, Darren=Darren Davison, John=John Doe, Fred=Fred Bloggs}, options=[Rob Harrop, Darren Davison, John Doe, Fred Bloggs]}
17:47:21.085 [Test worker] DEBUG o.s.w.r.r.v.f.FreeMarkerView - [2fada42d] Rendering [tmp.ftl]
17:47:21.139 [Test worker] DEBUG o.s.w.r.r.v.f.FreeMarkerConfigurer - Template loader path [class path resource []] resolved to file path [/Users/wangweili/Documents/MyDesign/learning/msb-source/msb-spring/spring-webflux/build/classes/java/test]
17:47:21.139 [Test worker] DEBUG o.s.w.r.r.v.f.FreeMarkerConfigurer - Template loader path [URL [file:/var/folders/gm/wxj0g0cx0dbf978gx7941f440000gn/T/]] resolved to file path [/var/folders/gm/wxj0g0cx0dbf978gx7941f440000gn/T]
17:47:21.140 [Test worker] DEBUG o.s.w.r.r.v.f.FreeMarkerMacroTests$1 - [6992db68] View name 'myView', model {testBean=Dilbert}
17:47:21.142 [Test worker] DEBUG o.s.w.r.r.v.f.FreeMarkerMacroTests$1 - [6992db68] Rendering [tmp.ftl]
17:47:21.171 [Test worker] DEBUG o.s.w.r.r.v.f.FreeMarkerConfigurer - Template loader path [class path resource []] resolved to file path [/Users/wangweili/Documents/MyDesign/learning/msb-source/msb-spring/spring-webflux/build/classes/java/test]
17:47:21.172 [Test worker] DEBUG o.s.w.r.r.v.f.FreeMarkerConfigurer - Template loader path [URL [file:/var/folders/gm/wxj0g0cx0dbf978gx7941f440000gn/T/]] resolved to file path [/var/folders/gm/wxj0g0cx0dbf978gx7941f440000gn/T]
17:47:21.173 [Test worker] DEBUG o.s.w.r.r.v.f.FreeMarkerView - [222b1ab3] View name 'myView', model {command=Darren, springMacroRequestContext=org.springframework.web.reactive.result.view.DummyMacroRequestContext@6173639b, msgArgs=[Ljava.lang.Object;@5a2c43b6, nameOptionMap={Rob&Harrop=Rob Harrop, Darren=Darren Davison, John=John Doe, Fred=Fred Bloggs}, options=[Rob Harrop, Darren Davison, John Doe, Fred Bloggs]}
17:47:21.173 [Test worker] DEBUG o.s.w.r.r.v.f.FreeMarkerView - [222b1ab3] Rendering [tmp.ftl]
17:47:21.201 [Test worker] DEBUG o.s.w.r.r.v.f.FreeMarkerConfigurer - Template loader path [class path resource []] resolved to file path [/Users/wangweili/Documents/MyDesign/learning/msb-source/msb-spring/spring-webflux/build/classes/java/test]
17:47:21.201 [Test worker] DEBUG o.s.w.r.r.v.f.FreeMarkerConfigurer - Template loader path [URL [file:/var/folders/gm/wxj0g0cx0dbf978gx7941f440000gn/T/]] resolved to file path [/var/folders/gm/wxj0g0cx0dbf978gx7941f440000gn/T]
17:47:21.202 [Test worker] DEBUG o.s.w.r.r.v.f.FreeMarkerView - [49fad275] View name 'myView', model {command=Darren, springMacroRequestContext=org.springframework.web.reactive.result.view.DummyMacroRequestContext@7bc05af3, msgArgs=[Ljava.lang.Object;@4ac32d57, nameOptionMap={Rob&Harrop=Rob Harrop, Darren=Darren Davison, John=John Doe, Fred=Fred Bloggs}, options=[Rob Harrop, Darren Davison, John Doe, Fred Bloggs]}
17:47:21.203 [Test worker] DEBUG o.s.w.r.r.v.f.FreeMarkerView - [49fad275] Rendering [tmp.ftl]
17:47:21.234 [Test worker] DEBUG o.s.w.r.r.v.f.FreeMarkerConfigurer - Template loader path [class path resource []] resolved to file path [/Users/wangweili/Documents/MyDesign/learning/msb-source/msb-spring/spring-webflux/build/classes/java/test]
17:47:21.235 [Test worker] DEBUG o.s.w.r.r.v.f.FreeMarkerConfigurer - Template loader path [URL [file:/var/folders/gm/wxj0g0cx0dbf978gx7941f440000gn/T/]] resolved to file path [/var/folders/gm/wxj0g0cx0dbf978gx7941f440000gn/T]
17:47:21.236 [Test worker] DEBUG o.s.w.r.r.v.f.FreeMarkerView - [447bafe2] View name 'myView', model {command=Darren, springMacroRequestContext=org.springframework.web.reactive.result.view.DummyMacroRequestContext@30539cb7, msgArgs=[Ljava.lang.Object;@6ed21110, nameOptionMap={Rob&Harrop=Rob Harrop, Darren=Darren Davison, John=John Doe, Fred=Fred Bloggs}, options=[Rob Harrop, Darren Davison, John Doe, Fred Bloggs]}
17:47:21.237 [Test worker] DEBUG o.s.w.r.r.v.f.FreeMarkerView - [447bafe2] Rendering [tmp.ftl]
17:47:21.261 [Test worker] DEBUG o.s.w.r.r.v.f.FreeMarkerConfigurer - Template loader path [class path resource []] resolved to file path [/Users/wangweili/Documents/MyDesign/learning/msb-source/msb-spring/spring-webflux/build/classes/java/test]
17:47:21.261 [Test worker] DEBUG o.s.w.r.r.v.f.FreeMarkerConfigurer - Template loader path [URL [file:/var/folders/gm/wxj0g0cx0dbf978gx7941f440000gn/T/]] resolved to file path [/var/folders/gm/wxj0g0cx0dbf978gx7941f440000gn/T]
17:47:21.263 [Test worker] DEBUG o.s.w.r.r.v.f.FreeMarkerView - [4787f8a8] View name 'myView', model {command=Darren, springMacroRequestContext=org.springframework.web.reactive.result.view.DummyMacroRequestContext@560624c3, msgArgs=[Ljava.lang.Object;@3e7a845e, nameOptionMap={Rob&Harrop=Rob Harrop, Darren=Darren Davison, John=John Doe, Fred=Fred Bloggs}, options=[Rob Harrop, Darren Davison, John Doe, Fred Bloggs]}
17:47:21.263 [Test worker] DEBUG o.s.w.r.r.v.f.FreeMarkerView - [4787f8a8] Rendering [tmp.ftl]
17:47:21.288 [Test worker] DEBUG o.s.w.r.r.v.f.FreeMarkerConfigurer - Template loader path [class path resource []] resolved to file path [/Users/wangweili/Documents/MyDesign/learning/msb-source/msb-spring/spring-webflux/build/classes/java/test]
17:47:21.289 [Test worker] DEBUG o.s.w.r.r.v.f.FreeMarkerConfigurer - Template loader path [URL [file:/var/folders/gm/wxj0g0cx0dbf978gx7941f440000gn/T/]] resolved to file path [/var/folders/gm/wxj0g0cx0dbf978gx7941f440000gn/T]
17:47:21.290 [Test worker] DEBUG o.s.w.r.r.v.f.FreeMarkerView - [2575c2ee] View name 'myView', model {command=Darren, springMacroRequestContext=org.springframework.web.reactive.result.view.DummyMacroRequestContext@5b18fb27, msgArgs=[Ljava.lang.Object;@5a791f4d, nameOptionMap={Rob&Harrop=Rob Harrop, Darren=Darren Davison, John=John Doe, Fred=Fred Bloggs}, options=[Rob Harrop, Darren Davison, John Doe, Fred Bloggs]}
17:47:21.290 [Test worker] DEBUG o.s.w.r.r.v.f.FreeMarkerView - [2575c2ee] Rendering [tmp.ftl]
17:47:21.316 [Test worker] DEBUG o.s.w.r.r.v.f.FreeMarkerConfigurer - Template loader path [class path resource []] resolved to file path [/Users/wangweili/Documents/MyDesign/learning/msb-source/msb-spring/spring-webflux/build/classes/java/test]
17:47:21.316 [Test worker] DEBUG o.s.w.r.r.v.f.FreeMarkerConfigurer - Template loader path [URL [file:/var/folders/gm/wxj0g0cx0dbf978gx7941f440000gn/T/]] resolved to file path [/var/folders/gm/wxj0g0cx0dbf978gx7941f440000gn/T]
17:47:21.318 [Test worker] DEBUG o.s.w.r.r.v.f.FreeMarkerView - [60b97e40] View name 'myView', model {command=Darren, springMacroRequestContext=org.springframework.web.reactive.result.view.DummyMacroRequestContext@6c126e3, msgArgs=[Ljava.lang.Object;@21725746, nameOptionMap={Rob&Harrop=Rob Harrop, Darren=Darren Davison, John=John Doe, Fred=Fred Bloggs}, options=[Rob Harrop, Darren Davison, John Doe, Fred Bloggs]}
17:47:21.318 [Test worker] DEBUG o.s.w.r.r.v.f.FreeMarkerView - [60b97e40] Rendering [tmp.ftl]
17:47:21.338 [Test worker] DEBUG o.s.w.r.r.v.f.FreeMarkerConfigurer - Template loader path [class path resource []] resolved to file path [/Users/wangweili/Documents/MyDesign/learning/msb-source/msb-spring/spring-webflux/build/classes/java/test]
17:47:21.338 [Test worker] DEBUG o.s.w.r.r.v.f.FreeMarkerConfigurer - Template loader path [URL [file:/var/folders/gm/wxj0g0cx0dbf978gx7941f440000gn/T/]] resolved to file path [/var/folders/gm/wxj0g0cx0dbf978gx7941f440000gn/T]
17:47:21.339 [Test worker] DEBUG o.s.w.r.r.v.f.FreeMarkerView - [7dbb6de7] View name 'myView', model {command=Darren, springMacroRequestContext=org.springframework.web.reactive.result.view.DummyMacroRequestContext@51abfc25, msgArgs=[Ljava.lang.Object;@4b2b9553, nameOptionMap={Rob&Harrop=Rob Harrop, Darren=Darren Davison, John=John Doe, Fred=Fred Bloggs}, options=[Rob Harrop, Darren Davison, John Doe, Fred Bloggs]}
17:47:21.339 [Test worker] DEBUG o.s.w.r.r.v.f.FreeMarkerView - [7dbb6de7] Rendering [tmp.ftl]
17:47:21.377 [Test worker] DEBUG o.s.w.r.r.v.f.FreeMarkerConfigurer - Template loader path [class path resource []] resolved to file path [/Users/wangweili/Documents/MyDesign/learning/msb-source/msb-spring/spring-webflux/build/classes/java/test]
17:47:21.377 [Test worker] DEBUG o.s.w.r.r.v.f.FreeMarkerConfigurer - Template loader path [URL [file:/var/folders/gm/wxj0g0cx0dbf978gx7941f440000gn/T/]] resolved to file path [/var/folders/gm/wxj0g0cx0dbf978gx7941f440000gn/T]
17:47:21.379 [Test worker] DEBUG o.s.w.r.r.v.f.FreeMarkerView - [2f9e7e7a] View name 'myView', model {command=Darren, springMacroRequestContext=org.springframework.web.reactive.result.view.DummyMacroRequestContext@7bf3ee8a, msgArgs=[Ljava.lang.Object;@46220096, nameOptionMap={Rob&Harrop=Rob Harrop, Darren=Darren Davison, John=John Doe, Fred=Fred Bloggs}, options=[Rob Harrop, Darren Davison, John Doe, Fred Bloggs]}
17:47:21.379 [Test worker] DEBUG o.s.w.r.r.v.f.FreeMarkerView - [2f9e7e7a] Rendering [tmp.ftl]
17:47:21.401 [Test worker] DEBUG o.s.w.r.r.v.f.FreeMarkerConfigurer - Template loader path [class path resource []] resolved to file path [/Users/wangweili/Documents/MyDesign/learning/msb-source/msb-spring/spring-webflux/build/classes/java/test]
17:47:21.402 [Test worker] DEBUG o.s.w.r.r.v.f.FreeMarkerConfigurer - Template loader path [URL [file:/var/folders/gm/wxj0g0cx0dbf978gx7941f440000gn/T/]] resolved to file path [/var/folders/gm/wxj0g0cx0dbf978gx7941f440000gn/T]
17:47:21.403 [Test worker] DEBUG o.s.w.r.r.v.f.FreeMarkerView - [7c456a92] View name 'myView', model {command=Darren, springMacroRequestContext=org.springframework.web.reactive.result.view.DummyMacroRequestContext@27301c5f, msgArgs=[Ljava.lang.Object;@43090123, nameOptionMap={Rob&Harrop=Rob Harrop, Darren=Darren Davison, John=John Doe, Fred=Fred Bloggs}, options=[Rob Harrop, Darren Davison, John Doe, Fred Bloggs]}
17:47:21.404 [Test worker] DEBUG o.s.w.r.r.v.f.FreeMarkerView - [7c456a92] Rendering [tmp.ftl]
17:47:21.441 [Test worker] DEBUG o.s.w.r.r.v.f.FreeMarkerConfigurer - Template loader path [class path resource []] resolved to file path [/Users/wangweili/Documents/MyDesign/learning/msb-source/msb-spring/spring-webflux/build/classes/java/test]
17:47:21.441 [Test worker] DEBUG o.s.w.r.r.v.f.FreeMarkerConfigurer - Template loader path [URL [file:/var/folders/gm/wxj0g0cx0dbf978gx7941f440000gn/T/]] resolved to file path [/var/folders/gm/wxj0g0cx0dbf978gx7941f440000gn/T]
17:47:21.442 [Test worker] DEBUG o.s.w.r.r.v.f.FreeMarkerView - [74f6f32] View name 'myView', model {command=Darren, springMacroRequestContext=org.springframework.web.reactive.result.view.DummyMacroRequestContext@2967f8d9, msgArgs=[Ljava.lang.Object;@2d5321ba, nameOptionMap={Rob&Harrop=Rob Harrop, Darren=Darren Davison, John=John Doe, Fred=Fred Bloggs}, options=[Rob Harrop, Darren Davison, John Doe, Fred Bloggs]}
17:47:21.442 [Test worker] DEBUG o.s.w.r.r.v.f.FreeMarkerView - [74f6f32] Rendering [tmp.ftl]
17:47:21.465 [Test worker] DEBUG o.s.w.r.r.v.f.FreeMarkerConfigurer - Template loader path [class path resource []] resolved to file path [/Users/wangweili/Documents/MyDesign/learning/msb-source/msb-spring/spring-webflux/build/classes/java/test]
17:47:21.466 [Test worker] DEBUG o.s.w.r.r.v.f.FreeMarkerConfigurer - Template loader path [URL [file:/var/folders/gm/wxj0g0cx0dbf978gx7941f440000gn/T/]] resolved to file path [/var/folders/gm/wxj0g0cx0dbf978gx7941f440000gn/T]
17:47:21.468 [Test worker] DEBUG o.s.w.r.r.v.f.FreeMarkerView - [146091c1] View name 'myView', model {command=Darren, springMacroRequestContext=org.springframework.web.reactive.result.view.DummyMacroRequestContext@7cd0a320, msgArgs=[Ljava.lang.Object;@274ad3b2, nameOptionMap={Rob&Harrop=Rob Harrop, Darren=Darren Davison, John=John Doe, Fred=Fred Bloggs}, options=[Rob Harrop, Darren Davison, John Doe, Fred Bloggs]}
17:47:21.468 [Test worker] DEBUG o.s.w.r.r.v.f.FreeMarkerView - [146091c1] Rendering [tmp.ftl]
17:47:21.486 [Test worker] DEBUG o.s.w.r.r.v.f.FreeMarkerConfigurer - Template loader path [class path resource []] resolved to file path [/Users/wangweili/Documents/MyDesign/learning/msb-source/msb-spring/spring-webflux/build/classes/java/test]
17:47:21.486 [Test worker] DEBUG o.s.w.r.r.v.f.FreeMarkerConfigurer - Template loader path [URL [file:/var/folders/gm/wxj0g0cx0dbf978gx7941f440000gn/T/]] resolved to file path [/var/folders/gm/wxj0g0cx0dbf978gx7941f440000gn/T]
17:47:21.488 [Test worker] DEBUG o.s.w.r.r.v.f.FreeMarkerView - [3fa54c47] View name 'myView', model {command=Darren, springMacroRequestContext=org.springframework.web.reactive.result.view.DummyMacroRequestContext@523befa3, msgArgs=[Ljava.lang.Object;@df4d318, nameOptionMap={Rob&Harrop=Rob Harrop, Darren=Darren Davison, John=John Doe, Fred=Fred Bloggs}, options=[Rob Harrop, Darren Davison, John Doe, Fred Bloggs]}
17:47:21.488 [Test worker] DEBUG o.s.w.r.r.v.f.FreeMarkerView - [3fa54c47] Rendering [tmp.ftl]
17:47:21.508 [Test worker] DEBUG o.s.w.r.r.v.f.FreeMarkerConfigurer - Template loader path [class path resource []] resolved to file path [/Users/wangweili/Documents/MyDesign/learning/msb-source/msb-spring/spring-webflux/build/classes/java/test]
17:47:21.508 [Test worker] DEBUG o.s.w.r.r.v.f.FreeMarkerConfigurer - Template loader path [URL [file:/var/folders/gm/wxj0g0cx0dbf978gx7941f440000gn/T/]] resolved to file path [/var/folders/gm/wxj0g0cx0dbf978gx7941f440000gn/T]
17:47:21.509 [Test worker] DEBUG o.s.w.r.r.v.f.FreeMarkerView - [35c59281] View name 'myView', model {command=Darren, springMacroRequestContext=org.springframework.web.reactive.result.view.DummyMacroRequestContext@b8b997c, msgArgs=[Ljava.lang.Object;@84a9974, nameOptionMap={Rob&Harrop=Rob Harrop, Darren=Darren Davison, John=John Doe, Fred=Fred Bloggs}, options=[Rob Harrop, Darren Davison, John Doe, Fred Bloggs]}
17:47:21.510 [Test worker] DEBUG o.s.w.r.r.v.f.FreeMarkerView - [35c59281] Rendering [tmp.ftl]
17:47:21.531 [Test worker] DEBUG o.s.w.r.r.v.f.FreeMarkerConfigurer - Template loader path [class path resource []] resolved to file path [/Users/wangweili/Documents/MyDesign/learning/msb-source/msb-spring/spring-webflux/build/classes/java/test]
17:47:21.531 [Test worker] DEBUG o.s.w.r.r.v.f.FreeMarkerConfigurer - Template loader path [URL [file:/var/folders/gm/wxj0g0cx0dbf978gx7941f440000gn/T/]] resolved to file path [/var/folders/gm/wxj0g0cx0dbf978gx7941f440000gn/T]
17:47:21.532 [Test worker] DEBUG o.s.w.r.r.v.f.FreeMarkerView - [58749dbd] View name 'myView', model {command=Darren, springMacroRequestContext=org.springframework.web.reactive.result.view.DummyMacroRequestContext@11158635, msgArgs=[Ljava.lang.Object;@40c61a6d, nameOptionMap={Rob&Harrop=Rob Harrop, Darren=Darren Davison, John=John Doe, Fred=Fred Bloggs}, options=[Rob Harrop, Darren Davison, John Doe, Fred Bloggs]}
17:47:21.533 [Test worker] DEBUG o.s.w.r.r.v.f.FreeMarkerView - [58749dbd] Rendering [tmp.ftl]
17:47:21.553 [Test worker] DEBUG o.s.w.r.r.v.f.FreeMarkerConfigurer - Template loader path [class path resource []] resolved to file path [/Users/wangweili/Documents/MyDesign/learning/msb-source/msb-spring/spring-webflux/build/classes/java/test]
17:47:21.554 [Test worker] DEBUG o.s.w.r.r.v.f.FreeMarkerConfigurer - Template loader path [URL [file:/var/folders/gm/wxj0g0cx0dbf978gx7941f440000gn/T/]] resolved to file path [/var/folders/gm/wxj0g0cx0dbf978gx7941f440000gn/T]
17:47:21.555 [Test worker] DEBUG o.s.w.r.r.v.f.FreeMarkerView - [196e5532] View name 'myView', model {command=Darren, springMacroRequestContext=org.springframework.web.reactive.result.view.DummyMacroRequestContext@14b5988d, msgArgs=[Ljava.lang.Object;@173cdcbd, nameOptionMap={Rob&Harrop=Rob Harrop, Darren=Darren Davison, John=John Doe, Fred=Fred Bloggs}, options=[Rob Harrop, Darren Davison, John Doe, Fred Bloggs]}
17:47:21.555 [Test worker] DEBUG o.s.w.r.r.v.f.FreeMarkerView - [196e5532] Rendering [tmp.ftl]
17:47:21.576 [Test worker] DEBUG o.s.w.r.r.v.f.FreeMarkerConfigurer - Template loader path [class path resource []] resolved to file path [/Users/wangweili/Documents/MyDesign/learning/msb-source/msb-spring/spring-webflux/build/classes/java/test]
17:47:21.576 [Test worker] DEBUG o.s.w.r.r.v.f.FreeMarkerConfigurer - Template loader path [URL [file:/var/folders/gm/wxj0g0cx0dbf978gx7941f440000gn/T/]] resolved to file path [/var/folders/gm/wxj0g0cx0dbf978gx7941f440000gn/T]
17:47:21.578 [Test worker] DEBUG o.s.w.r.r.v.f.FreeMarkerView - [58fccbba] View name 'myView', model {command=Darren, springMacroRequestContext=org.springframework.web.reactive.result.view.DummyMacroRequestContext@68057aab, msgArgs=[Ljava.lang.Object;@1a7b8c4d, nameOptionMap={Rob&Harrop=Rob Harrop, Darren=Darren Davison, John=John Doe, Fred=Fred Bloggs}, options=[Rob Harrop, Darren Davison, John Doe, Fred Bloggs]}
17:47:21.578 [Test worker] DEBUG o.s.w.r.r.v.f.FreeMarkerView - [58fccbba] Rendering [tmp.ftl]
17:47:21.598 [Test worker] DEBUG o.s.w.r.r.v.f.FreeMarkerConfigurer - Template loader path [class path resource []] resolved to file path [/Users/wangweili/Documents/MyDesign/learning/msb-source/msb-spring/spring-webflux/build/classes/java/test]
17:47:21.598 [Test worker] DEBUG o.s.w.r.r.v.f.FreeMarkerConfigurer - Template loader path [URL [file:/var/folders/gm/wxj0g0cx0dbf978gx7941f440000gn/T/]] resolved to file path [/var/folders/gm/wxj0g0cx0dbf978gx7941f440000gn/T]
17:47:21.599 [Test worker] DEBUG o.s.w.r.r.v.f.FreeMarkerView - [13c91086] View name 'myView', model {command=Darren, springMacroRequestContext=org.springframework.web.reactive.result.view.DummyMacroRequestContext@4ce106a, msgArgs=[Ljava.lang.Object;@d8cb466, nameOptionMap={Rob&Harrop=Rob Harrop, Darren=Darren Davison, John=John Doe, Fred=Fred Bloggs}, options=[Rob Harrop, Darren Davison, John Doe, Fred Bloggs]}
17:47:21.600 [Test worker] DEBUG o.s.w.r.r.v.f.FreeMarkerView - [13c91086] Rendering [tmp.ftl]
17:47:21.615 [Test worker] DEBUG o.s.w.r.r.v.f.FreeMarkerConfigurer - Template loader path [class path resource []] resolved to file path [/Users/wangweili/Documents/MyDesign/learning/msb-source/msb-spring/spring-webflux/build/classes/java/test]
17:47:21.615 [Test worker] DEBUG o.s.w.r.r.v.f.FreeMarkerConfigurer - Template loader path [URL [file:/var/folders/gm/wxj0g0cx0dbf978gx7941f440000gn/T/]] resolved to file path [/var/folders/gm/wxj0g0cx0dbf978gx7941f440000gn/T]
17:47:21.616 [Test worker] DEBUG o.s.w.r.r.v.f.FreeMarkerView - [27e0ca76] View name 'myView', model {command=Darren, springMacroRequestContext=org.springframework.web.reactive.result.view.DummyMacroRequestContext@7e8f27d, msgArgs=[Ljava.lang.Object;@621f7168, nameOptionMap={Rob&Harrop=Rob Harrop, Darren=Darren Davison, John=John Doe, Fred=Fred Bloggs}, options=[Rob Harrop, Darren Davison, John Doe, Fred Bloggs]}
17:47:21.616 [Test worker] DEBUG o.s.w.r.r.v.f.FreeMarkerView - [27e0ca76] Rendering [tmp.ftl]
17:47:21.633 [Test worker] DEBUG o.s.w.r.r.v.f.FreeMarkerConfigurer - Template loader path [class path resource []] resolved to file path [/Users/wangweili/Documents/MyDesign/learning/msb-source/msb-spring/spring-webflux/build/classes/java/test]
17:47:21.633 [Test worker] DEBUG o.s.w.r.r.v.f.FreeMarkerConfigurer - Template loader path [URL [file:/var/folders/gm/wxj0g0cx0dbf978gx7941f440000gn/T/]] resolved to file path [/var/folders/gm/wxj0g0cx0dbf978gx7941f440000gn/T]
17:47:21.634 [Test worker] DEBUG o.s.w.r.r.v.f.FreeMarkerView - [10a73fc0] View name 'myView', model {command=Darren, springMacroRequestContext=org.springframework.web.reactive.result.view.DummyMacroRequestContext@1102eef0, msgArgs=[Ljava.lang.Object;@2b6ef619, nameOptionMap={Rob&Harrop=Rob Harrop, Darren=Darren Davison, John=John Doe, Fred=Fred Bloggs}, options=[Rob Harrop, Darren Davison, John Doe, Fred Bloggs]}
17:47:21.634 [Test worker] DEBUG o.s.w.r.r.v.f.FreeMarkerView - [10a73fc0] Rendering [tmp.ftl]
17:47:21.663 [Test worker] DEBUG o.s.w.r.r.v.f.FreeMarkerConfigurer - Template loader path [class path resource []] resolved to file path [/Users/wangweili/Documents/MyDesign/learning/msb-source/msb-spring/spring-webflux/build/classes/java/test]
17:47:21.663 [Test worker] DEBUG o.s.w.r.r.v.f.FreeMarkerConfigurer - Template loader path [URL [file:/var/folders/gm/wxj0g0cx0dbf978gx7941f440000gn/T/]] resolved to file path [/var/folders/gm/wxj0g0cx0dbf978gx7941f440000gn/T]
17:47:21.665 [Test worker] DEBUG o.s.w.r.r.v.f.FreeMarkerView - [62cab78c] View name 'myView', model {command=Darren, springMacroRequestContext=org.springframework.web.reactive.result.view.DummyMacroRequestContext@258a8b75, msgArgs=[Ljava.lang.Object;@5cd2cda8, nameOptionMap={Rob&Harrop=Rob Harrop, Darren=Darren Davison, John=John Doe, Fred=Fred Bloggs}, options=[Rob Harrop, Darren Davison, John Doe, Fred Bloggs]}
17:47:21.665 [Test worker] DEBUG o.s.w.r.r.v.f.FreeMarkerView - [62cab78c] Rendering [tmp.ftl]
17:47:21.689 [Test worker] DEBUG o.s.w.r.r.v.f.FreeMarkerConfigurer - Template loader path [class path resource []] resolved to file path [/Users/wangweili/Documents/MyDesign/learning/msb-source/msb-spring/spring-webflux/build/classes/java/test]
17:47:21.689 [Test worker] DEBUG o.s.w.r.r.v.f.FreeMarkerConfigurer - Template loader path [URL [file:/var/folders/gm/wxj0g0cx0dbf978gx7941f440000gn/T/]] resolved to file path [/var/folders/gm/wxj0g0cx0dbf978gx7941f440000gn/T]
17:47:21.690 [Test worker] DEBUG o.s.w.r.r.v.f.FreeMarkerView - [3289b860] View name 'myView', model {command=Darren, springMacroRequestContext=org.springframework.web.reactive.result.view.DummyMacroRequestContext@3b33490f, msgArgs=[Ljava.lang.Object;@42a08092, nameOptionMap={Rob&Harrop=Rob Harrop, Darren=Darren Davison, John=John Doe, Fred=Fred Bloggs}, options=[Rob Harrop, Darren Davison, John Doe, Fred Bloggs]}
17:47:21.691 [Test worker] DEBUG o.s.w.r.r.v.f.FreeMarkerView - [3289b860] Rendering [tmp.ftl]
]]></system-out>
  <system-err><![CDATA[]]></system-err>
</testsuite>
