<?xml version="1.0" encoding="UTF-8"?>
<testsuite name="org.springframework.web.reactive.result.SimpleUrlHandlerMappingIntegrationTests" tests="16" skipped="0" failures="0" errors="0" timestamp="2021-04-26T08:31:57" hostname="wangweilideMacBook-Pro.local" time="47.693">
  <properties/>
  <testcase name="[1] org.springframework.web.testfixture.http.server.reactive.bootstrap.JettyHttpServer@671db37c" classname="org.springframework.web.reactive.result.SimpleUrlHandlerMappingIntegrationTests" time="0.973"/>
  <testcase name="[2] org.springframework.web.testfixture.http.server.reactive.bootstrap.ReactorHttpServer@3aafb602" classname="org.springframework.web.reactive.result.SimpleUrlHandlerMappingIntegrationTests" time="0.582"/>
  <testcase name="[3] org.springframework.web.testfixture.http.server.reactive.bootstrap.TomcatHttpServer@67bd3bfe" classname="org.springframework.web.reactive.result.SimpleUrlHandlerMappingIntegrationTests" time="12.118"/>
  <testcase name="[4] org.springframework.web.testfixture.http.server.reactive.bootstrap.UndertowHttpServer@105204ca" classname="org.springframework.web.reactive.result.SimpleUrlHandlerMappingIntegrationTests" time="0.19"/>
  <testcase name="[1] org.springframework.web.testfixture.http.server.reactive.bootstrap.JettyHttpServer@17232875" classname="org.springframework.web.reactive.result.SimpleUrlHandlerMappingIntegrationTests" time="0.041"/>
  <testcase name="[2] org.springframework.web.testfixture.http.server.reactive.bootstrap.ReactorHttpServer@41b0a5a7" classname="org.springframework.web.reactive.result.SimpleUrlHandlerMappingIntegrationTests" time="0.041"/>
  <testcase name="[3] org.springframework.web.testfixture.http.server.reactive.bootstrap.TomcatHttpServer@589874ff" classname="org.springframework.web.reactive.result.SimpleUrlHandlerMappingIntegrationTests" time="11.186"/>
  <testcase name="[4] org.springframework.web.testfixture.http.server.reactive.bootstrap.UndertowHttpServer@170b9a43" classname="org.springframework.web.reactive.result.SimpleUrlHandlerMappingIntegrationTests" time="0.029"/>
  <testcase name="[1] org.springframework.web.testfixture.http.server.reactive.bootstrap.JettyHttpServer@59f89588" classname="org.springframework.web.reactive.result.SimpleUrlHandlerMappingIntegrationTests" time="0.028"/>
  <testcase name="[2] org.springframework.web.testfixture.http.server.reactive.bootstrap.ReactorHttpServer@36a907b2" classname="org.springframework.web.reactive.result.SimpleUrlHandlerMappingIntegrationTests" time="0.025"/>
  <testcase name="[3] org.springframework.web.testfixture.http.server.reactive.bootstrap.TomcatHttpServer@137d2d9b" classname="org.springframework.web.reactive.result.SimpleUrlHandlerMappingIntegrationTests" time="11.169"/>
  <testcase name="[4] org.springframework.web.testfixture.http.server.reactive.bootstrap.UndertowHttpServer@7e74c7b6" classname="org.springframework.web.reactive.result.SimpleUrlHandlerMappingIntegrationTests" time="0.024"/>
  <testcase name="[1] org.springframework.web.testfixture.http.server.reactive.bootstrap.JettyHttpServer@2893f760" classname="org.springframework.web.reactive.result.SimpleUrlHandlerMappingIntegrationTests" time="0.025"/>
  <testcase name="[2] org.springframework.web.testfixture.http.server.reactive.bootstrap.ReactorHttpServer@1e418c52" classname="org.springframework.web.reactive.result.SimpleUrlHandlerMappingIntegrationTests" time="0.027"/>
  <testcase name="[3] org.springframework.web.testfixture.http.server.reactive.bootstrap.TomcatHttpServer@42ea0b6a" classname="org.springframework.web.reactive.result.SimpleUrlHandlerMappingIntegrationTests" time="11.185"/>
  <testcase name="[4] org.springframework.web.testfixture.http.server.reactive.bootstrap.UndertowHttpServer@40ac2fbd" classname="org.springframework.web.reactive.result.SimpleUrlHandlerMappingIntegrationTests" time="0.036"/>
  <system-out><![CDATA[16:31:57.790 [Test worker] DEBUG o.s.w.r.h.SimpleUrlHandlerMapping - Patterns [/foo, /bar, /header] in 'handlerMapping'
16:31:57.817 [Test worker] DEBUG o.s.w.s.a.HttpWebHandlerAdapter - enableLoggingRequestDetails='false': form data and headers will be masked to prevent unsafe logging of potentially sensitive data
16:31:57.844 [Test worker] INFO  o.e.j.u.log - Logging initialized @6279ms to org.eclipse.jetty.util.log.Slf4jLog
16:31:57.901 [Test worker] WARN  o.e.j.s.h.ContextHandler - Empty contextPath
16:31:57.953 [Test worker] INFO  o.e.j.s.h.ContextHandler - Started o.e.j.s.ServletContextHandler@33992412{/,null,AVAILABLE}
16:31:57.991 [Test worker] DEBUG o.s.w.t.h.s.r.b.JettyHttpServer - Starting JettyHttpServer...
16:31:57.996 [Test worker] INFO  o.e.j.s.Server - jetty-9.4.39.v20210325; built: 2021-03-25T14:42:11.471Z; git: 9fc7ca5a922f2a37b84ec9dbc26a5168cee7e667; jvm 11.0.9+7-LTS
16:31:58.047 [Test worker] INFO  o.e.j.s.AbstractConnector - Started ServerConnector@16b23a84{HTTP/1.1, (http/1.1)}{0.0.0.0:61170}
16:31:58.048 [Test worker] INFO  o.e.j.s.Server - Started @6485ms
16:31:58.048 [Test worker] DEBUG o.s.w.t.h.s.r.b.JettyHttpServer - Server started on port 61170(0 millis).
16:31:58.105 [Test worker] DEBUG o.s.w.c.RestTemplate - HTTP GET http://localhost:61170/oops
16:31:58.129 [Test worker] DEBUG o.s.w.c.RestTemplate - Accept=[application/octet-stream, application/json, application/x-jackson-smile, application/*+json, */*]
16:31:58.330 [qtp681178975-38] DEBUG o.s.w.s.a.HttpWebHandlerAdapter - [3bc39865] HTTP GET "/oops"
16:31:58.361 [qtp681178975-38] DEBUG o.s.w.s.h.ResponseStatusExceptionHandler - [3bc39865] Resolved [ResponseStatusException: 404 NOT_FOUND "No matching handler"] for HTTP GET /oops
16:31:58.362 [qtp681178975-38] DEBUG o.s.w.s.a.HttpWebHandlerAdapter - [3bc39865] Completed 404 NOT_FOUND
16:31:58.377 [Test worker] DEBUG o.s.w.c.RestTemplate - Response 404 NOT_FOUND
16:31:58.384 [Test worker] DEBUG o.s.w.t.h.s.r.b.JettyHttpServer - Stopping JettyHttpServer...
16:31:58.386 [Test worker] INFO  o.e.j.s.h.ContextHandler - Stopped o.e.j.s.ServletContextHandler@33992412{/,null,STOPPED}
16:31:58.401 [Test worker] INFO  o.e.j.s.AbstractConnector - Stopped ServerConnector@16b23a84{HTTP/1.1, (http/1.1)}{0.0.0.0:0}
16:31:58.402 [Test worker] DEBUG o.s.w.t.h.s.r.b.JettyHttpServer - Server stopped (0 millis).
16:31:58.422 [Test worker] DEBUG o.s.w.r.h.SimpleUrlHandlerMapping - Patterns [/foo, /bar, /header] in 'handlerMapping'
16:31:58.425 [Test worker] DEBUG o.s.w.s.a.HttpWebHandlerAdapter - enableLoggingRequestDetails='false': form data and headers will be masked to prevent unsafe logging of potentially sensitive data
16:31:58.568 [Test worker] DEBUG o.s.w.t.h.s.r.b.ReactorHttpServer - Starting ReactorHttpServer...
16:31:58.788 [Test worker] DEBUG o.s.w.t.h.s.r.b.ReactorHttpServer - Server started on port 61176(0 millis).
16:31:58.800 [Test worker] DEBUG o.s.w.c.RestTemplate - HTTP GET http://localhost:61176/oops
16:31:58.801 [Test worker] DEBUG o.s.w.c.RestTemplate - Accept=[application/octet-stream, application/json, application/x-jackson-smile, application/*+json, */*]
16:31:58.974 [reactor-http-nio-2] DEBUG o.s.w.s.a.HttpWebHandlerAdapter - [f5559c2f-1, L:/127.0.0.1:61176 - R:/127.0.0.1:61177] HTTP GET "/oops"
16:31:58.976 [reactor-http-nio-2] DEBUG o.s.w.s.h.ResponseStatusExceptionHandler - [f5559c2f-1, L:/127.0.0.1:61176 - R:/127.0.0.1:61177] Resolved [ResponseStatusException: 404 NOT_FOUND "No matching handler"] for HTTP GET /oops
16:31:58.976 [reactor-http-nio-2] DEBUG o.s.w.s.a.HttpWebHandlerAdapter - [f5559c2f-1, L:/127.0.0.1:61176 - R:/127.0.0.1:61177] Completed 404 NOT_FOUND
16:31:58.986 [Test worker] DEBUG o.s.w.c.RestTemplate - Response 404 NOT_FOUND
16:31:58.988 [Test worker] DEBUG o.s.w.t.h.s.r.b.ReactorHttpServer - Stopping ReactorHttpServer...
16:31:58.990 [Test worker] DEBUG o.s.w.t.h.s.r.b.ReactorHttpServer - Server stopped (0 millis).
16:31:59.003 [Test worker] DEBUG o.s.w.r.h.SimpleUrlHandlerMapping - Patterns [/foo, /bar, /header] in 'handlerMapping'
16:31:59.008 [Test worker] DEBUG o.s.w.s.a.HttpWebHandlerAdapter - enableLoggingRequestDetails='false': form data and headers will be masked to prevent unsafe logging of potentially sensitive data
16:31:59.117 [Test worker] DEBUG o.s.w.t.h.s.r.b.TomcatHttpServer - Starting TomcatHttpServer...
16:31:59.805 [Test worker] DEBUG o.s.w.t.h.s.r.b.TomcatHttpServer - Server started on port 61186(0 millis).
16:31:59.818 [Test worker] DEBUG o.s.w.c.RestTemplate - HTTP GET http://localhost:61186/oops
16:31:59.819 [Test worker] DEBUG o.s.w.c.RestTemplate - Accept=[application/octet-stream, application/json, application/x-jackson-smile, application/*+json, */*]
16:31:59.917 [http-nio-auto-1-exec-1] DEBUG o.s.w.s.a.HttpWebHandlerAdapter - [1f159481] HTTP GET "/oops"
16:31:59.918 [http-nio-auto-1-exec-1] DEBUG o.s.w.s.h.ResponseStatusExceptionHandler - [1f159481] Resolved [ResponseStatusException: 404 NOT_FOUND "No matching handler"] for HTTP GET /oops
16:31:59.920 [http-nio-auto-1-exec-1] DEBUG o.s.w.s.a.HttpWebHandlerAdapter - [1f159481] Completed 404 NOT_FOUND
16:31:59.929 [Test worker] DEBUG o.s.w.c.RestTemplate - Response 404 NOT_FOUND
16:31:59.931 [Test worker] DEBUG o.s.w.t.h.s.r.b.TomcatHttpServer - Stopping TomcatHttpServer...
16:32:11.108 [Test worker] DEBUG o.s.w.t.h.s.r.b.TomcatHttpServer - Server stopped (0 millis).
16:32:11.116 [Test worker] DEBUG o.s.w.r.h.SimpleUrlHandlerMapping - Patterns [/foo, /bar, /header] in 'handlerMapping'
16:32:11.117 [Test worker] DEBUG o.s.w.s.a.HttpWebHandlerAdapter - enableLoggingRequestDetails='false': form data and headers will be masked to prevent unsafe logging of potentially sensitive data
16:32:11.123 [Test worker] DEBUG o.s.w.t.h.s.r.b.UndertowHttpServer - Starting UndertowHttpServer...
16:32:11.138 [Test worker] INFO  i.undertow - starting server: Undertow - 2.2.7.Final
16:32:11.147 [Test worker] INFO  o.xnio - XNIO version 3.8.0.Final
16:32:11.163 [Test worker] INFO  o.x.nio - XNIO NIO Implementation Version 3.8.0.Final
16:32:11.190 [Test worker] INFO  o.j.threads - JBoss Threads version 3.1.0.Final
16:32:11.236 [Test worker] DEBUG o.s.w.t.h.s.r.b.UndertowHttpServer - Server started on port 61232(0 millis).
16:32:11.241 [Test worker] DEBUG o.s.w.c.RestTemplate - HTTP GET http://localhost:61232/oops
16:32:11.242 [Test worker] DEBUG o.s.w.c.RestTemplate - Accept=[application/octet-stream, application/json, application/x-jackson-smile, application/*+json, */*]
16:32:11.286 [XNIO-1 I/O-1] DEBUG o.s.w.s.a.HttpWebHandlerAdapter - [5dc7303a-1] HTTP GET "/oops"
16:32:11.286 [XNIO-1 I/O-1] DEBUG o.s.w.s.h.ResponseStatusExceptionHandler - [5dc7303a-1] Resolved [ResponseStatusException: 404 NOT_FOUND "No matching handler"] for HTTP GET /oops
16:32:11.287 [XNIO-1 I/O-1] DEBUG o.s.w.s.a.HttpWebHandlerAdapter - [5dc7303a-1] Completed 404 NOT_FOUND
16:32:11.291 [Test worker] DEBUG o.s.w.c.RestTemplate - Response 404 NOT_FOUND
16:32:11.292 [Test worker] DEBUG o.s.w.t.h.s.r.b.UndertowHttpServer - Stopping UndertowHttpServer...
16:32:11.292 [Test worker] INFO  i.undertow - stopping server: Undertow - 2.2.7.Final
16:32:11.299 [Test worker] DEBUG o.s.w.t.h.s.r.b.UndertowHttpServer - Server stopped (0 millis).
16:32:11.306 [Test worker] DEBUG o.s.w.r.h.SimpleUrlHandlerMapping - Patterns [/foo, /bar, /header] in 'handlerMapping'
16:32:11.307 [Test worker] DEBUG o.s.w.s.a.HttpWebHandlerAdapter - enableLoggingRequestDetails='false': form data and headers will be masked to prevent unsafe logging of potentially sensitive data
16:32:11.307 [Test worker] WARN  o.e.j.s.h.ContextHandler - Empty contextPath
16:32:11.307 [Test worker] INFO  o.e.j.s.h.ContextHandler - Started o.e.j.s.ServletContextHandler@3126e73e{/,null,AVAILABLE}
16:32:11.308 [Test worker] DEBUG o.s.w.t.h.s.r.b.JettyHttpServer - Starting JettyHttpServer...
16:32:11.308 [Test worker] INFO  o.e.j.s.Server - jetty-9.4.39.v20210325; built: 2021-03-25T14:42:11.471Z; git: 9fc7ca5a922f2a37b84ec9dbc26a5168cee7e667; jvm 11.0.9+7-LTS
16:32:11.311 [Test worker] INFO  o.e.j.s.AbstractConnector - Started ServerConnector@3584e515{HTTP/1.1, (http/1.1)}{0.0.0.0:61234}
16:32:11.311 [Test worker] INFO  o.e.j.s.Server - Started @19748ms
16:32:11.311 [Test worker] DEBUG o.s.w.t.h.s.r.b.JettyHttpServer - Server started on port 61234(0 millis).
16:32:11.316 [Test worker] DEBUG o.s.w.c.RestTemplate - HTTP GET http://localhost:61234/foo
16:32:11.317 [Test worker] DEBUG o.s.w.c.RestTemplate - Accept=[application/octet-stream, application/json, application/x-jackson-smile, application/*+json, */*]
16:32:11.322 [qtp45696418-86] DEBUG o.s.w.s.a.HttpWebHandlerAdapter - [4edbcc89] HTTP GET "/foo"
16:32:11.324 [qtp45696418-86] DEBUG o.s.w.r.h.SimpleUrlHandlerMapping - [4edbcc89] Mapped to org.springframework.web.reactive.result.SimpleUrlHandlerMappingIntegrationTests$WebConfig$$Lambda$644/0x0000000800558c40@6540d3f1
16:32:11.333 [Test worker] DEBUG o.s.w.c.RestTemplate - Response 200 OK
16:32:11.335 [Test worker] DEBUG o.s.w.c.RestTemplate - Reading to [[B] as "application/octet-stream"
16:32:11.336 [qtp45696418-86] DEBUG o.s.w.s.a.HttpWebHandlerAdapter - [4edbcc89] Completed 200 OK
16:32:11.339 [Test worker] DEBUG o.s.w.t.h.s.r.b.JettyHttpServer - Stopping JettyHttpServer...
16:32:11.340 [Test worker] INFO  o.e.j.s.h.ContextHandler - Stopped o.e.j.s.ServletContextHandler@3126e73e{/,null,STOPPED}
16:32:11.341 [Test worker] INFO  o.e.j.s.AbstractConnector - Stopped ServerConnector@3584e515{HTTP/1.1, (http/1.1)}{0.0.0.0:0}
16:32:11.342 [Test worker] DEBUG o.s.w.t.h.s.r.b.JettyHttpServer - Server stopped (0 millis).
16:32:11.348 [Test worker] DEBUG o.s.w.r.h.SimpleUrlHandlerMapping - Patterns [/foo, /bar, /header] in 'handlerMapping'
16:32:11.349 [Test worker] DEBUG o.s.w.s.a.HttpWebHandlerAdapter - enableLoggingRequestDetails='false': form data and headers will be masked to prevent unsafe logging of potentially sensitive data
16:32:11.349 [Test worker] DEBUG o.s.w.t.h.s.r.b.ReactorHttpServer - Starting ReactorHttpServer...
16:32:11.350 [Test worker] DEBUG o.s.w.t.h.s.r.b.ReactorHttpServer - Server started on port 61236(0 millis).
16:32:11.356 [Test worker] DEBUG o.s.w.c.RestTemplate - HTTP GET http://localhost:61236/foo
16:32:11.356 [Test worker] DEBUG o.s.w.c.RestTemplate - Accept=[application/octet-stream, application/json, application/x-jackson-smile, application/*+json, */*]
16:32:11.369 [reactor-http-nio-4] DEBUG o.s.w.s.a.HttpWebHandlerAdapter - [225b255a-1, L:/127.0.0.1:61236 - R:/127.0.0.1:61237] HTTP GET "/foo"
16:32:11.370 [reactor-http-nio-4] DEBUG o.s.w.r.h.SimpleUrlHandlerMapping - [225b255a-1, L:/127.0.0.1:61236 - R:/127.0.0.1:61237] Mapped to org.springframework.web.reactive.result.SimpleUrlHandlerMappingIntegrationTests$WebConfig$$Lambda$644/0x0000000800558c40@6540d3f1
16:32:11.375 [Test worker] DEBUG o.s.w.c.RestTemplate - Response 200 OK
16:32:11.382 [Test worker] DEBUG o.s.w.c.RestTemplate - Reading to [[B] as "application/octet-stream"
16:32:11.382 [reactor-http-nio-4] DEBUG o.s.w.s.a.HttpWebHandlerAdapter - [225b255a-1, L:/127.0.0.1:61236 - R:/127.0.0.1:61237] Completed 200 OK
16:32:11.383 [Test worker] DEBUG o.s.w.t.h.s.r.b.ReactorHttpServer - Stopping ReactorHttpServer...
16:32:11.383 [Test worker] DEBUG o.s.w.t.h.s.r.b.ReactorHttpServer - Server stopped (0 millis).
16:32:11.389 [Test worker] DEBUG o.s.w.r.h.SimpleUrlHandlerMapping - Patterns [/foo, /bar, /header] in 'handlerMapping'
16:32:11.390 [Test worker] DEBUG o.s.w.s.a.HttpWebHandlerAdapter - enableLoggingRequestDetails='false': form data and headers will be masked to prevent unsafe logging of potentially sensitive data
16:32:11.390 [Test worker] DEBUG o.s.w.t.h.s.r.b.TomcatHttpServer - Starting TomcatHttpServer...
16:32:11.397 [Test worker] DEBUG o.s.w.t.h.s.r.b.TomcatHttpServer - Server started on port 61238(0 millis).
16:32:11.402 [Test worker] DEBUG o.s.w.c.RestTemplate - HTTP GET http://localhost:61238/foo
16:32:11.402 [Test worker] DEBUG o.s.w.c.RestTemplate - Accept=[application/octet-stream, application/json, application/x-jackson-smile, application/*+json, */*]
16:32:11.409 [http-nio-auto-2-exec-1] DEBUG o.s.w.s.a.HttpWebHandlerAdapter - [4e0ea64a] HTTP GET "/foo"
16:32:11.409 [http-nio-auto-2-exec-1] DEBUG o.s.w.r.h.SimpleUrlHandlerMapping - [4e0ea64a] Mapped to org.springframework.web.reactive.result.SimpleUrlHandlerMappingIntegrationTests$WebConfig$$Lambda$644/0x0000000800558c40@6540d3f1
16:32:11.410 [http-nio-auto-2-exec-1] DEBUG o.s.w.s.a.HttpWebHandlerAdapter - [4e0ea64a] Completed 200 OK
16:32:11.410 [Test worker] DEBUG o.s.w.c.RestTemplate - Response 200 OK
16:32:11.411 [Test worker] DEBUG o.s.w.c.RestTemplate - Reading to [[B] as "application/octet-stream"
16:32:11.411 [Test worker] DEBUG o.s.w.t.h.s.r.b.TomcatHttpServer - Stopping TomcatHttpServer...
16:32:22.568 [Test worker] DEBUG o.s.w.t.h.s.r.b.TomcatHttpServer - Server stopped (0 millis).
16:32:22.575 [Test worker] DEBUG o.s.w.r.h.SimpleUrlHandlerMapping - Patterns [/foo, /bar, /header] in 'handlerMapping'
16:32:22.576 [Test worker] DEBUG o.s.w.s.a.HttpWebHandlerAdapter - enableLoggingRequestDetails='false': form data and headers will be masked to prevent unsafe logging of potentially sensitive data
16:32:22.576 [Test worker] DEBUG o.s.w.t.h.s.r.b.UndertowHttpServer - Starting UndertowHttpServer...
16:32:22.576 [Test worker] INFO  i.undertow - starting server: Undertow - 2.2.7.Final
16:32:22.580 [Test worker] DEBUG o.s.w.t.h.s.r.b.UndertowHttpServer - Server started on port 61292(0 millis).
16:32:22.585 [Test worker] DEBUG o.s.w.c.RestTemplate - HTTP GET http://localhost:61292/foo
16:32:22.585 [Test worker] DEBUG o.s.w.c.RestTemplate - Accept=[application/octet-stream, application/json, application/x-jackson-smile, application/*+json, */*]
16:32:22.589 [XNIO-2 I/O-7] DEBUG o.s.w.s.a.HttpWebHandlerAdapter - [7a38791b-2] HTTP GET "/foo"
16:32:22.590 [XNIO-2 I/O-7] DEBUG o.s.w.r.h.SimpleUrlHandlerMapping - [7a38791b-2] Mapped to org.springframework.web.reactive.result.SimpleUrlHandlerMappingIntegrationTests$WebConfig$$Lambda$644/0x0000000800558c40@6540d3f1
16:32:22.595 [XNIO-2 I/O-7] DEBUG o.s.w.s.a.HttpWebHandlerAdapter - [7a38791b-2] Completed 200 OK
16:32:22.596 [Test worker] DEBUG o.s.w.c.RestTemplate - Response 200 OK
16:32:22.596 [Test worker] DEBUG o.s.w.c.RestTemplate - Reading to [[B] as "application/octet-stream"
16:32:22.596 [Test worker] DEBUG o.s.w.t.h.s.r.b.UndertowHttpServer - Stopping UndertowHttpServer...
16:32:22.596 [Test worker] INFO  i.undertow - stopping server: Undertow - 2.2.7.Final
16:32:22.598 [Test worker] DEBUG o.s.w.t.h.s.r.b.UndertowHttpServer - Server stopped (0 millis).
16:32:22.604 [Test worker] DEBUG o.s.w.r.h.SimpleUrlHandlerMapping - Patterns [/foo, /bar, /header] in 'handlerMapping'
16:32:22.605 [Test worker] DEBUG o.s.w.s.a.HttpWebHandlerAdapter - enableLoggingRequestDetails='false': form data and headers will be masked to prevent unsafe logging of potentially sensitive data
16:32:22.605 [Test worker] WARN  o.e.j.s.h.ContextHandler - Empty contextPath
16:32:22.605 [Test worker] INFO  o.e.j.s.h.ContextHandler - Started o.e.j.s.ServletContextHandler@339ed95d{/,null,AVAILABLE}
16:32:22.605 [Test worker] DEBUG o.s.w.t.h.s.r.b.JettyHttpServer - Starting JettyHttpServer...
16:32:22.605 [Test worker] INFO  o.e.j.s.Server - jetty-9.4.39.v20210325; built: 2021-03-25T14:42:11.471Z; git: 9fc7ca5a922f2a37b84ec9dbc26a5168cee7e667; jvm 11.0.9+7-LTS
16:32:22.609 [Test worker] INFO  o.e.j.s.AbstractConnector - Started ServerConnector@6ce176ce{HTTP/1.1, (http/1.1)}{0.0.0.0:61294}
16:32:22.609 [Test worker] INFO  o.e.j.s.Server - Started @31046ms
16:32:22.609 [Test worker] DEBUG o.s.w.t.h.s.r.b.JettyHttpServer - Server started on port 61294(0 millis).
16:32:22.614 [Test worker] DEBUG o.s.w.c.RestTemplate - HTTP GET http://localhost:61294/header
16:32:22.614 [Test worker] DEBUG o.s.w.c.RestTemplate - Accept=[application/octet-stream, application/json, application/x-jackson-smile, application/*+json, */*]
16:32:22.619 [qtp470525755-133] DEBUG o.s.w.s.a.HttpWebHandlerAdapter - [671cc67] HTTP GET "/header"
16:32:22.620 [qtp470525755-133] DEBUG o.s.w.r.h.SimpleUrlHandlerMapping - [671cc67] Mapped to org.springframework.web.reactive.result.SimpleUrlHandlerMappingIntegrationTests$WebConfig$$Lambda$646/0x000000080055fc40@8b622d9
16:32:22.620 [qtp470525755-133] DEBUG o.s.w.s.a.HttpWebHandlerAdapter - [671cc67] Completed 200 OK
16:32:22.620 [Test worker] DEBUG o.s.w.c.RestTemplate - Response 200 OK
16:32:22.624 [Test worker] DEBUG o.s.w.t.h.s.r.b.JettyHttpServer - Stopping JettyHttpServer...
16:32:22.624 [Test worker] INFO  o.e.j.s.h.ContextHandler - Stopped o.e.j.s.ServletContextHandler@339ed95d{/,null,STOPPED}
16:32:22.626 [Test worker] INFO  o.e.j.s.AbstractConnector - Stopped ServerConnector@6ce176ce{HTTP/1.1, (http/1.1)}{0.0.0.0:0}
16:32:22.627 [Test worker] DEBUG o.s.w.t.h.s.r.b.JettyHttpServer - Server stopped (0 millis).
16:32:22.632 [Test worker] DEBUG o.s.w.r.h.SimpleUrlHandlerMapping - Patterns [/foo, /bar, /header] in 'handlerMapping'
16:32:22.633 [Test worker] DEBUG o.s.w.s.a.HttpWebHandlerAdapter - enableLoggingRequestDetails='false': form data and headers will be masked to prevent unsafe logging of potentially sensitive data
16:32:22.633 [Test worker] DEBUG o.s.w.t.h.s.r.b.ReactorHttpServer - Starting ReactorHttpServer...
16:32:22.634 [Test worker] DEBUG o.s.w.t.h.s.r.b.ReactorHttpServer - Server started on port 61296(0 millis).
16:32:22.638 [Test worker] DEBUG o.s.w.c.RestTemplate - HTTP GET http://localhost:61296/header
16:32:22.639 [Test worker] DEBUG o.s.w.c.RestTemplate - Accept=[application/octet-stream, application/json, application/x-jackson-smile, application/*+json, */*]
16:32:22.651 [reactor-http-nio-6] DEBUG o.s.w.s.a.HttpWebHandlerAdapter - [b379b216-1, L:/127.0.0.1:61296 - R:/127.0.0.1:61297] HTTP GET "/header"
16:32:22.652 [reactor-http-nio-6] DEBUG o.s.w.r.h.SimpleUrlHandlerMapping - [b379b216-1, L:/127.0.0.1:61296 - R:/127.0.0.1:61297] Mapped to org.springframework.web.reactive.result.SimpleUrlHandlerMappingIntegrationTests$WebConfig$$Lambda$646/0x000000080055fc40@8b622d9
16:32:22.652 [reactor-http-nio-6] DEBUG o.s.w.s.a.HttpWebHandlerAdapter - [b379b216-1, L:/127.0.0.1:61296 - R:/127.0.0.1:61297] Completed 200 OK
16:32:22.653 [Test worker] DEBUG o.s.w.c.RestTemplate - Response 200 OK
16:32:22.653 [Test worker] DEBUG o.s.w.t.h.s.r.b.ReactorHttpServer - Stopping ReactorHttpServer...
16:32:22.653 [Test worker] DEBUG o.s.w.t.h.s.r.b.ReactorHttpServer - Server stopped (0 millis).
16:32:22.658 [Test worker] DEBUG o.s.w.r.h.SimpleUrlHandlerMapping - Patterns [/foo, /bar, /header] in 'handlerMapping'
16:32:22.659 [Test worker] DEBUG o.s.w.s.a.HttpWebHandlerAdapter - enableLoggingRequestDetails='false': form data and headers will be masked to prevent unsafe logging of potentially sensitive data
16:32:22.659 [Test worker] DEBUG o.s.w.t.h.s.r.b.TomcatHttpServer - Starting TomcatHttpServer...
16:32:22.665 [Test worker] DEBUG o.s.w.t.h.s.r.b.TomcatHttpServer - Server started on port 61298(0 millis).
16:32:22.670 [Test worker] DEBUG o.s.w.c.RestTemplate - HTTP GET http://localhost:61298/header
16:32:22.670 [Test worker] DEBUG o.s.w.c.RestTemplate - Accept=[application/octet-stream, application/json, application/x-jackson-smile, application/*+json, */*]
16:32:22.676 [http-nio-auto-3-exec-1] DEBUG o.s.w.s.a.HttpWebHandlerAdapter - [363b8d31] HTTP GET "/header"
16:32:22.677 [http-nio-auto-3-exec-1] DEBUG o.s.w.r.h.SimpleUrlHandlerMapping - [363b8d31] Mapped to org.springframework.web.reactive.result.SimpleUrlHandlerMappingIntegrationTests$WebConfig$$Lambda$646/0x000000080055fc40@8b622d9
16:32:22.677 [http-nio-auto-3-exec-1] DEBUG o.s.w.s.a.HttpWebHandlerAdapter - [363b8d31] Completed 200 OK
16:32:22.677 [Test worker] DEBUG o.s.w.c.RestTemplate - Response 200 OK
16:32:22.678 [Test worker] DEBUG o.s.w.t.h.s.r.b.TomcatHttpServer - Stopping TomcatHttpServer...
16:32:33.823 [Test worker] DEBUG o.s.w.t.h.s.r.b.TomcatHttpServer - Server stopped (0 millis).
16:32:33.828 [Test worker] DEBUG o.s.w.r.h.SimpleUrlHandlerMapping - Patterns [/foo, /bar, /header] in 'handlerMapping'
16:32:33.829 [Test worker] DEBUG o.s.w.s.a.HttpWebHandlerAdapter - enableLoggingRequestDetails='false': form data and headers will be masked to prevent unsafe logging of potentially sensitive data
16:32:33.829 [Test worker] DEBUG o.s.w.t.h.s.r.b.UndertowHttpServer - Starting UndertowHttpServer...
16:32:33.829 [Test worker] INFO  i.undertow - starting server: Undertow - 2.2.7.Final
16:32:33.832 [Test worker] DEBUG o.s.w.t.h.s.r.b.UndertowHttpServer - Server started on port 61349(0 millis).
16:32:33.838 [Test worker] DEBUG o.s.w.c.RestTemplate - HTTP GET http://localhost:61349/header
16:32:33.838 [Test worker] DEBUG o.s.w.c.RestTemplate - Accept=[application/octet-stream, application/json, application/x-jackson-smile, application/*+json, */*]
16:32:33.844 [XNIO-3 I/O-14] DEBUG o.s.w.s.a.HttpWebHandlerAdapter - [3afad546-3] HTTP GET "/header"
16:32:33.844 [XNIO-3 I/O-14] DEBUG o.s.w.r.h.SimpleUrlHandlerMapping - [3afad546-3] Mapped to org.springframework.web.reactive.result.SimpleUrlHandlerMappingIntegrationTests$WebConfig$$Lambda$646/0x000000080055fc40@8b622d9
16:32:33.844 [XNIO-3 I/O-14] DEBUG o.s.w.s.a.HttpWebHandlerAdapter - [3afad546-3] Completed 200 OK
16:32:33.845 [Test worker] DEBUG o.s.w.c.RestTemplate - Response 200 OK
16:32:33.845 [Test worker] DEBUG o.s.w.t.h.s.r.b.UndertowHttpServer - Stopping UndertowHttpServer...
16:32:33.845 [Test worker] INFO  i.undertow - stopping server: Undertow - 2.2.7.Final
16:32:33.847 [Test worker] DEBUG o.s.w.t.h.s.r.b.UndertowHttpServer - Server stopped (0 millis).
16:32:33.853 [Test worker] DEBUG o.s.w.r.h.SimpleUrlHandlerMapping - Patterns [/foo, /bar, /header] in 'handlerMapping'
16:32:33.854 [Test worker] DEBUG o.s.w.s.a.HttpWebHandlerAdapter - enableLoggingRequestDetails='false': form data and headers will be masked to prevent unsafe logging of potentially sensitive data
16:32:33.854 [Test worker] WARN  o.e.j.s.h.ContextHandler - Empty contextPath
16:32:33.854 [Test worker] INFO  o.e.j.s.h.ContextHandler - Started o.e.j.s.ServletContextHandler@c5cb380{/,null,AVAILABLE}
16:32:33.854 [Test worker] DEBUG o.s.w.t.h.s.r.b.JettyHttpServer - Starting JettyHttpServer...
16:32:33.855 [Test worker] INFO  o.e.j.s.Server - jetty-9.4.39.v20210325; built: 2021-03-25T14:42:11.471Z; git: 9fc7ca5a922f2a37b84ec9dbc26a5168cee7e667; jvm 11.0.9+7-LTS
16:32:33.858 [Test worker] INFO  o.e.j.s.AbstractConnector - Started ServerConnector@4372b13f{HTTP/1.1, (http/1.1)}{0.0.0.0:61351}
16:32:33.858 [Test worker] INFO  o.e.j.s.Server - Started @42295ms
16:32:33.858 [Test worker] DEBUG o.s.w.t.h.s.r.b.JettyHttpServer - Server started on port 61351(0 millis).
16:32:33.863 [Test worker] DEBUG o.s.w.c.RestTemplate - HTTP GET http://localhost:61351/bar
16:32:33.863 [Test worker] DEBUG o.s.w.c.RestTemplate - Accept=[application/octet-stream, application/json, application/x-jackson-smile, application/*+json, */*]
16:32:33.869 [qtp1351620680-180] DEBUG o.s.w.s.a.HttpWebHandlerAdapter - [38f1f62e] HTTP GET "/bar"
16:32:33.869 [qtp1351620680-180] DEBUG o.s.w.r.h.SimpleUrlHandlerMapping - [38f1f62e] Mapped to org.springframework.web.reactive.result.SimpleUrlHandlerMappingIntegrationTests$WebConfig$$Lambda$645/0x000000080055f840@36360f40
16:32:33.869 [qtp1351620680-180] DEBUG o.s.w.s.a.HttpWebHandlerAdapter - [38f1f62e] Completed 200 OK
16:32:33.869 [Test worker] DEBUG o.s.w.c.RestTemplate - Response 200 OK
16:32:33.870 [Test worker] DEBUG o.s.w.c.RestTemplate - Reading to [[B] as "application/octet-stream"
16:32:33.870 [Test worker] DEBUG o.s.w.t.h.s.r.b.JettyHttpServer - Stopping JettyHttpServer...
16:32:33.870 [Test worker] INFO  o.e.j.s.h.ContextHandler - Stopped o.e.j.s.ServletContextHandler@c5cb380{/,null,STOPPED}
16:32:33.873 [Test worker] INFO  o.e.j.s.AbstractConnector - Stopped ServerConnector@4372b13f{HTTP/1.1, (http/1.1)}{0.0.0.0:0}
16:32:33.874 [Test worker] DEBUG o.s.w.t.h.s.r.b.JettyHttpServer - Server stopped (0 millis).
16:32:33.878 [Test worker] DEBUG o.s.w.r.h.SimpleUrlHandlerMapping - Patterns [/foo, /bar, /header] in 'handlerMapping'
16:32:33.879 [Test worker] DEBUG o.s.w.s.a.HttpWebHandlerAdapter - enableLoggingRequestDetails='false': form data and headers will be masked to prevent unsafe logging of potentially sensitive data
16:32:33.879 [Test worker] DEBUG o.s.w.t.h.s.r.b.ReactorHttpServer - Starting ReactorHttpServer...
16:32:33.880 [Test worker] DEBUG o.s.w.t.h.s.r.b.ReactorHttpServer - Server started on port 61353(0 millis).
16:32:33.885 [Test worker] DEBUG o.s.w.c.RestTemplate - HTTP GET http://localhost:61353/bar
16:32:33.885 [Test worker] DEBUG o.s.w.c.RestTemplate - Accept=[application/octet-stream, application/json, application/x-jackson-smile, application/*+json, */*]
16:32:33.900 [reactor-http-nio-8] DEBUG o.s.w.s.a.HttpWebHandlerAdapter - [f6a0e9bb-1, L:/127.0.0.1:61353 - R:/127.0.0.1:61354] HTTP GET "/bar"
16:32:33.900 [reactor-http-nio-8] DEBUG o.s.w.r.h.SimpleUrlHandlerMapping - [f6a0e9bb-1, L:/127.0.0.1:61353 - R:/127.0.0.1:61354] Mapped to org.springframework.web.reactive.result.SimpleUrlHandlerMappingIntegrationTests$WebConfig$$Lambda$645/0x000000080055f840@36360f40
16:32:33.900 [Test worker] DEBUG o.s.w.c.RestTemplate - Response 200 OK
16:32:33.901 [Test worker] DEBUG o.s.w.c.RestTemplate - Reading to [[B] as "application/octet-stream"
16:32:33.901 [reactor-http-nio-8] DEBUG o.s.w.s.a.HttpWebHandlerAdapter - [f6a0e9bb-1, L:/127.0.0.1:61353 - R:/127.0.0.1:61354] Completed 200 OK
16:32:33.901 [Test worker] DEBUG o.s.w.t.h.s.r.b.ReactorHttpServer - Stopping ReactorHttpServer...
16:32:33.901 [Test worker] DEBUG o.s.w.t.h.s.r.b.ReactorHttpServer - Server stopped (0 millis).
16:32:33.906 [Test worker] DEBUG o.s.w.r.h.SimpleUrlHandlerMapping - Patterns [/foo, /bar, /header] in 'handlerMapping'
16:32:33.907 [Test worker] DEBUG o.s.w.s.a.HttpWebHandlerAdapter - enableLoggingRequestDetails='false': form data and headers will be masked to prevent unsafe logging of potentially sensitive data
16:32:33.907 [Test worker] DEBUG o.s.w.t.h.s.r.b.TomcatHttpServer - Starting TomcatHttpServer...
16:32:33.914 [Test worker] DEBUG o.s.w.t.h.s.r.b.TomcatHttpServer - Server started on port 61355(0 millis).
16:32:33.919 [Test worker] DEBUG o.s.w.c.RestTemplate - HTTP GET http://localhost:61355/bar
16:32:33.920 [Test worker] DEBUG o.s.w.c.RestTemplate - Accept=[application/octet-stream, application/json, application/x-jackson-smile, application/*+json, */*]
16:32:33.925 [http-nio-auto-4-exec-1] DEBUG o.s.w.s.a.HttpWebHandlerAdapter - [564f79a] HTTP GET "/bar"
16:32:33.925 [http-nio-auto-4-exec-1] DEBUG o.s.w.r.h.SimpleUrlHandlerMapping - [564f79a] Mapped to org.springframework.web.reactive.result.SimpleUrlHandlerMappingIntegrationTests$WebConfig$$Lambda$645/0x000000080055f840@36360f40
16:32:33.925 [http-nio-auto-4-exec-1] DEBUG o.s.w.s.a.HttpWebHandlerAdapter - [564f79a] Completed 200 OK
16:32:33.926 [Test worker] DEBUG o.s.w.c.RestTemplate - Response 200 OK
16:32:33.926 [Test worker] DEBUG o.s.w.c.RestTemplate - Reading to [[B] as "application/octet-stream"
16:32:33.926 [Test worker] DEBUG o.s.w.t.h.s.r.b.TomcatHttpServer - Stopping TomcatHttpServer...
16:32:45.087 [Test worker] DEBUG o.s.w.t.h.s.r.b.TomcatHttpServer - Server stopped (0 millis).
16:32:45.100 [Test worker] DEBUG o.s.w.r.h.SimpleUrlHandlerMapping - Patterns [/foo, /bar, /header] in 'handlerMapping'
16:32:45.102 [Test worker] DEBUG o.s.w.s.a.HttpWebHandlerAdapter - enableLoggingRequestDetails='false': form data and headers will be masked to prevent unsafe logging of potentially sensitive data
16:32:45.102 [Test worker] DEBUG o.s.w.t.h.s.r.b.UndertowHttpServer - Starting UndertowHttpServer...
16:32:45.102 [Test worker] INFO  i.undertow - starting server: Undertow - 2.2.7.Final
16:32:45.108 [Test worker] DEBUG o.s.w.t.h.s.r.b.UndertowHttpServer - Server started on port 61396(0 millis).
16:32:45.114 [Test worker] DEBUG o.s.w.c.RestTemplate - HTTP GET http://localhost:61396/bar
16:32:45.115 [Test worker] DEBUG o.s.w.c.RestTemplate - Accept=[application/octet-stream, application/json, application/x-jackson-smile, application/*+json, */*]
16:32:45.120 [XNIO-4 I/O-2] DEBUG o.s.w.s.a.HttpWebHandlerAdapter - [13c8c7c3-4] HTTP GET "/bar"
16:32:45.121 [XNIO-4 I/O-2] DEBUG o.s.w.r.h.SimpleUrlHandlerMapping - [13c8c7c3-4] Mapped to org.springframework.web.reactive.result.SimpleUrlHandlerMappingIntegrationTests$WebConfig$$Lambda$645/0x000000080055f840@36360f40
16:32:45.121 [XNIO-4 I/O-2] DEBUG o.s.w.s.a.HttpWebHandlerAdapter - [13c8c7c3-4] Completed 200 OK
16:32:45.121 [Test worker] DEBUG o.s.w.c.RestTemplate - Response 200 OK
16:32:45.122 [Test worker] DEBUG o.s.w.c.RestTemplate - Reading to [[B] as "application/octet-stream"
16:32:45.122 [Test worker] DEBUG o.s.w.t.h.s.r.b.UndertowHttpServer - Stopping UndertowHttpServer...
16:32:45.122 [Test worker] INFO  i.undertow - stopping server: Undertow - 2.2.7.Final
16:32:45.123 [Test worker] DEBUG o.s.w.t.h.s.r.b.UndertowHttpServer - Server stopped (0 millis).
]]></system-out>
  <system-err><![CDATA[]]></system-err>
</testsuite>
