<?xml version="1.0" encoding="UTF-8"?>
<testsuite name="org.springframework.web.reactive.result.condition.RequestMappingInfoTests" tests="13" skipped="1" failures="0" errors="0" timestamp="2021-05-01T09:47:18" hostname="wangweilideMBP.lan" time="0.128">
  <properties/>
  <testcase name="preFlightRequest()" classname="org.springframework.web.reactive.result.condition.RequestMappingInfoTests" time="0.001">
    <skipped/>
  </testcase>
  <testcase name="throwWhenInvalidPattern()" classname="org.springframework.web.reactive.result.condition.RequestMappingInfoTests" time="0.013"/>
  <testcase name="matchParamsCondition()" classname="org.springframework.web.reactive.result.condition.RequestMappingInfoTests" time="0.012"/>
  <testcase name="matchPatternsCondition()" classname="org.springframework.web.reactive.result.condition.RequestMappingInfoTests" time="0.014"/>
  <testcase name="matchCustomCondition()" classname="org.springframework.web.reactive.result.condition.RequestMappingInfoTests" time="0.012"/>
  <testcase name="equals()" classname="org.springframework.web.reactive.result.condition.RequestMappingInfoTests" time="0.003"/>
  <testcase name="prependPatternWithSlash()" classname="org.springframework.web.reactive.result.condition.RequestMappingInfoTests" time="0.001"/>
  <testcase name="mutate()" classname="org.springframework.web.reactive.result.condition.RequestMappingInfoTests" time="0.004"/>
  <testcase name="createEmpty()" classname="org.springframework.web.reactive.result.condition.RequestMappingInfoTests" time="0.001"/>
  <testcase name="matchProducesCondition()" classname="org.springframework.web.reactive.result.condition.RequestMappingInfoTests" time="0.029"/>
  <testcase name="matchHeadersCondition()" classname="org.springframework.web.reactive.result.condition.RequestMappingInfoTests" time="0.01"/>
  <testcase name="compareTwoHttpMethodsOneParam()" classname="org.springframework.web.reactive.result.condition.RequestMappingInfoTests" time="0.011"/>
  <testcase name="matchConsumesCondition()" classname="org.springframework.web.reactive.result.condition.RequestMappingInfoTests" time="0.011"/>
  <system-out><![CDATA[]]></system-out>
  <system-err><![CDATA[]]></system-err>
</testsuite>
