<?xml version="1.0" encoding="UTF-8"?>
<testsuite name="org.springframework.web.reactive.result.method.annotation.RequestMappingViewResolutionIntegrationTests" tests="12" skipped="0" failures="0" errors="0" timestamp="2021-04-26T08:32:54" hostname="wangweilideMacBook-Pro.local" time="34.593">
  <properties/>
  <testcase name="[1] org.springframework.web.testfixture.http.server.reactive.bootstrap.JettyHttpServer@7994a427" classname="org.springframework.web.reactive.result.method.annotation.RequestMappingViewResolutionIntegrationTests" time="0.527"/>
  <testcase name="[2] org.springframework.web.testfixture.http.server.reactive.bootstrap.ReactorHttpServer@4f234cf3" classname="org.springframework.web.reactive.result.method.annotation.RequestMappingViewResolutionIntegrationTests" time="0.1"/>
  <testcase name="[3] org.springframework.web.testfixture.http.server.reactive.bootstrap.TomcatHttpServer@5cf069f4" classname="org.springframework.web.reactive.result.method.annotation.RequestMappingViewResolutionIntegrationTests" time="11.172"/>
  <testcase name="[4] org.springframework.web.testfixture.http.server.reactive.bootstrap.UndertowHttpServer@20a2f222" classname="org.springframework.web.reactive.result.method.annotation.RequestMappingViewResolutionIntegrationTests" time="0.05"/>
  <testcase name="[1] org.springframework.web.testfixture.http.server.reactive.bootstrap.JettyHttpServer@60ec8459" classname="org.springframework.web.reactive.result.method.annotation.RequestMappingViewResolutionIntegrationTests" time="0.076"/>
  <testcase name="[2] org.springframework.web.testfixture.http.server.reactive.bootstrap.ReactorHttpServer@3da015b6" classname="org.springframework.web.reactive.result.method.annotation.RequestMappingViewResolutionIntegrationTests" time="0.067"/>
  <testcase name="[3] org.springframework.web.testfixture.http.server.reactive.bootstrap.TomcatHttpServer@7bb1f47b" classname="org.springframework.web.reactive.result.method.annotation.RequestMappingViewResolutionIntegrationTests" time="11.145"/>
  <testcase name="[4] org.springframework.web.testfixture.http.server.reactive.bootstrap.UndertowHttpServer@35404c3f" classname="org.springframework.web.reactive.result.method.annotation.RequestMappingViewResolutionIntegrationTests" time="0.07"/>
  <testcase name="[1] org.springframework.web.testfixture.http.server.reactive.bootstrap.JettyHttpServer@6eec89fc" classname="org.springframework.web.reactive.result.method.annotation.RequestMappingViewResolutionIntegrationTests" time="0.064"/>
  <testcase name="[2] org.springframework.web.testfixture.http.server.reactive.bootstrap.ReactorHttpServer@7c06f567" classname="org.springframework.web.reactive.result.method.annotation.RequestMappingViewResolutionIntegrationTests" time="0.055"/>
  <testcase name="[3] org.springframework.web.testfixture.http.server.reactive.bootstrap.TomcatHttpServer@144d6463" classname="org.springframework.web.reactive.result.method.annotation.RequestMappingViewResolutionIntegrationTests" time="11.139"/>
  <testcase name="[4] org.springframework.web.testfixture.http.server.reactive.bootstrap.UndertowHttpServer@40c9ded8" classname="org.springframework.web.reactive.result.method.annotation.RequestMappingViewResolutionIntegrationTests" time="0.054"/>
  <system-out><![CDATA[16:32:54.895 [Test worker] DEBUG o.s.w.r.r.m.a.RequestMappingHandlerMapping - 2 mappings in 'requestMappingHandlerMapping'
16:32:54.951 [Test worker] INFO  o.h.v.i.u.Version - HV000001: Hibernate Validator 6.2.0.Final
16:32:55.175 [Test worker] DEBUG o.s.w.r.r.m.a.ControllerMethodResolver - ControllerAdvice beans: none
16:32:55.202 [Test worker] DEBUG o.s.w.r.r.v.f.FreeMarkerConfigurer - File system access not preferred: using SpringTemplateLoader
16:32:55.209 [Test worker] DEBUG o.s.w.s.a.HttpWebHandlerAdapter - enableLoggingRequestDetails='false': form data and headers will be masked to prevent unsafe logging of potentially sensitive data
16:32:55.209 [Test worker] WARN  o.e.j.s.h.ContextHandler - Empty contextPath
16:32:55.209 [Test worker] INFO  o.e.j.s.h.ContextHandler - Started o.e.j.s.ServletContextHandler@39bc478d{/,null,AVAILABLE}
16:32:55.209 [Test worker] DEBUG o.s.w.t.h.s.r.b.JettyHttpServer - Starting JettyHttpServer...
16:32:55.210 [Test worker] INFO  o.e.j.s.Server - jetty-9.4.39.v20210325; built: 2021-03-25T14:42:11.471Z; git: 9fc7ca5a922f2a37b84ec9dbc26a5168cee7e667; jvm 11.0.9+7-LTS
16:32:55.228 [Test worker] INFO  o.e.j.s.AbstractConnector - Started ServerConnector@10ca452b{HTTP/1.1, (http/1.1)}{0.0.0.0:61432}
16:32:55.229 [Test worker] INFO  o.e.j.s.Server - Started @63665ms
16:32:55.229 [Test worker] DEBUG o.s.w.t.h.s.r.b.JettyHttpServer - Server started on port 61432(0 millis).
16:32:55.236 [Test worker] DEBUG o.s.w.c.RestTemplate - HTTP GET http://localhost:61432/redirect
16:32:55.252 [Test worker] DEBUG o.s.w.c.RestTemplate - Accept=[application/json, application/x-jackson-smile, application/*+json]
16:32:55.254 [qtp831496166-227] DEBUG o.s.w.s.a.HttpWebHandlerAdapter - [5b7bb08f] HTTP GET "/redirect"
16:32:55.257 [qtp831496166-227] DEBUG o.s.w.r.r.m.a.RequestMappingHandlerMapping - [5b7bb08f] Mapped to org.springframework.web.reactive.result.method.annotation.RequestMappingViewResolutionIntegrationTests$TestController#redirect()
16:32:55.271 [qtp831496166-227] DEBUG o.s.w.r.r.v.RedirectView - [5b7bb08f] View name 'redirect:/', model {}
16:32:55.271 [qtp831496166-227] DEBUG o.s.w.s.a.HttpWebHandlerAdapter - [5b7bb08f] Completed 303 SEE_OTHER
16:32:55.271 [Test worker] DEBUG o.s.w.c.RestTemplate - Response 303 SEE_OTHER
16:32:55.272 [Test worker] DEBUG o.s.w.t.h.s.r.b.JettyHttpServer - Stopping JettyHttpServer...
16:32:55.272 [Test worker] INFO  o.e.j.s.h.ContextHandler - Stopped o.e.j.s.ServletContextHandler@39bc478d{/,null,STOPPED}
16:32:55.274 [Test worker] INFO  o.e.j.s.AbstractConnector - Stopped ServerConnector@10ca452b{HTTP/1.1, (http/1.1)}{0.0.0.0:0}
16:32:55.275 [Test worker] DEBUG o.s.w.t.h.s.r.b.JettyHttpServer - Server stopped (0 millis).
16:32:55.323 [Test worker] DEBUG o.s.w.r.r.m.a.RequestMappingHandlerMapping - 2 mappings in 'requestMappingHandlerMapping'
16:32:55.355 [Test worker] DEBUG o.s.w.r.r.m.a.ControllerMethodResolver - ControllerAdvice beans: none
16:32:55.362 [Test worker] DEBUG o.s.w.r.r.v.f.FreeMarkerConfigurer - File system access not preferred: using SpringTemplateLoader
16:32:55.364 [Test worker] DEBUG o.s.w.s.a.HttpWebHandlerAdapter - enableLoggingRequestDetails='false': form data and headers will be masked to prevent unsafe logging of potentially sensitive data
16:32:55.365 [Test worker] DEBUG o.s.w.t.h.s.r.b.ReactorHttpServer - Starting ReactorHttpServer...
16:32:55.366 [Test worker] DEBUG o.s.w.t.h.s.r.b.ReactorHttpServer - Server started on port 61434(0 millis).
16:32:55.374 [Test worker] DEBUG o.s.w.c.RestTemplate - HTTP GET http://localhost:61434/redirect
16:32:55.374 [Test worker] DEBUG o.s.w.c.RestTemplate - Accept=[application/json, application/x-jackson-smile, application/*+json]
16:32:55.377 [reactor-http-nio-10] DEBUG o.s.w.s.a.HttpWebHandlerAdapter - [d4ad4bfb-1, L:/127.0.0.1:61434 - R:/127.0.0.1:61435] HTTP GET "/redirect"
16:32:55.378 [reactor-http-nio-10] DEBUG o.s.w.r.r.m.a.RequestMappingHandlerMapping - [d4ad4bfb-1, L:/127.0.0.1:61434 - R:/127.0.0.1:61435] Mapped to org.springframework.web.reactive.result.method.annotation.RequestMappingViewResolutionIntegrationTests$TestController#redirect()
16:32:55.379 [reactor-http-nio-10] DEBUG o.s.w.r.r.v.RedirectView - [d4ad4bfb-1, L:/127.0.0.1:61434 - R:/127.0.0.1:61435] View name 'redirect:/', model {}
16:32:55.379 [reactor-http-nio-10] DEBUG o.s.w.s.a.HttpWebHandlerAdapter - [d4ad4bfb-1, L:/127.0.0.1:61434 - R:/127.0.0.1:61435] Completed 303 SEE_OTHER
16:32:55.380 [Test worker] DEBUG o.s.w.c.RestTemplate - Response 303 SEE_OTHER
16:32:55.381 [Test worker] DEBUG o.s.w.t.h.s.r.b.ReactorHttpServer - Stopping ReactorHttpServer...
16:32:55.381 [Test worker] DEBUG o.s.w.t.h.s.r.b.ReactorHttpServer - Server stopped (0 millis).
16:32:55.423 [Test worker] DEBUG o.s.w.r.r.m.a.RequestMappingHandlerMapping - 2 mappings in 'requestMappingHandlerMapping'
16:32:55.444 [Test worker] DEBUG o.s.w.r.r.m.a.ControllerMethodResolver - ControllerAdvice beans: none
16:32:55.449 [Test worker] DEBUG o.s.w.r.r.v.f.FreeMarkerConfigurer - File system access not preferred: using SpringTemplateLoader
16:32:55.452 [Test worker] DEBUG o.s.w.s.a.HttpWebHandlerAdapter - enableLoggingRequestDetails='false': form data and headers will be masked to prevent unsafe logging of potentially sensitive data
16:32:55.453 [Test worker] DEBUG o.s.w.t.h.s.r.b.TomcatHttpServer - Starting TomcatHttpServer...
16:32:55.470 [Test worker] DEBUG o.s.w.t.h.s.r.b.TomcatHttpServer - Server started on port 61436(0 millis).
16:32:55.480 [Test worker] DEBUG o.s.w.c.RestTemplate - HTTP GET http://localhost:61436/redirect
16:32:55.480 [Test worker] DEBUG o.s.w.c.RestTemplate - Accept=[application/json, application/x-jackson-smile, application/*+json]
16:32:55.483 [http-nio-auto-5-exec-1] DEBUG o.s.w.s.a.HttpWebHandlerAdapter - [18ec3895] HTTP GET "/redirect"
16:32:55.484 [http-nio-auto-5-exec-1] DEBUG o.s.w.r.r.m.a.RequestMappingHandlerMapping - [18ec3895] Mapped to org.springframework.web.reactive.result.method.annotation.RequestMappingViewResolutionIntegrationTests$TestController#redirect()
16:32:55.486 [http-nio-auto-5-exec-1] DEBUG o.s.w.r.r.v.RedirectView - [18ec3895] View name 'redirect:/', model {}
16:32:55.487 [http-nio-auto-5-exec-1] DEBUG o.s.w.s.a.HttpWebHandlerAdapter - [18ec3895] Completed 303 SEE_OTHER
16:32:55.488 [Test worker] DEBUG o.s.w.c.RestTemplate - Response 303 SEE_OTHER
16:32:55.488 [Test worker] DEBUG o.s.w.t.h.s.r.b.TomcatHttpServer - Stopping TomcatHttpServer...
16:33:06.561 [Test worker] DEBUG o.s.w.t.h.s.r.b.TomcatHttpServer - Server stopped (0 millis).
16:33:06.589 [Test worker] DEBUG o.s.w.r.r.m.a.RequestMappingHandlerMapping - 2 mappings in 'requestMappingHandlerMapping'
16:33:06.600 [Test worker] DEBUG o.s.w.r.r.m.a.ControllerMethodResolver - ControllerAdvice beans: none
16:33:06.603 [Test worker] DEBUG o.s.w.r.r.v.f.FreeMarkerConfigurer - File system access not preferred: using SpringTemplateLoader
16:33:06.604 [Test worker] DEBUG o.s.w.s.a.HttpWebHandlerAdapter - enableLoggingRequestDetails='false': form data and headers will be masked to prevent unsafe logging of potentially sensitive data
16:33:06.604 [Test worker] DEBUG o.s.w.t.h.s.r.b.UndertowHttpServer - Starting UndertowHttpServer...
16:33:06.604 [Test worker] INFO  i.undertow - starting server: Undertow - 2.2.7.Final
16:33:06.607 [Test worker] DEBUG o.s.w.t.h.s.r.b.UndertowHttpServer - Server started on port 61476(0 millis).
16:33:06.612 [Test worker] DEBUG o.s.w.c.RestTemplate - HTTP GET http://localhost:61476/redirect
16:33:06.612 [Test worker] DEBUG o.s.w.c.RestTemplate - Accept=[application/json, application/x-jackson-smile, application/*+json]
16:33:06.613 [XNIO-5 I/O-12] DEBUG o.s.w.s.a.HttpWebHandlerAdapter - [7edd5124-5] HTTP GET "/redirect"
16:33:06.614 [XNIO-5 I/O-12] DEBUG o.s.w.r.r.m.a.RequestMappingHandlerMapping - [7edd5124-5] Mapped to org.springframework.web.reactive.result.method.annotation.RequestMappingViewResolutionIntegrationTests$TestController#redirect()
16:33:06.615 [XNIO-5 I/O-12] DEBUG o.s.w.r.r.v.RedirectView - [7edd5124-5] View name 'redirect:/', model {}
16:33:06.615 [XNIO-5 I/O-12] DEBUG o.s.w.s.a.HttpWebHandlerAdapter - [7edd5124-5] Completed 303 SEE_OTHER
16:33:06.615 [Test worker] DEBUG o.s.w.c.RestTemplate - Response 303 SEE_OTHER
16:33:06.615 [Test worker] DEBUG o.s.w.t.h.s.r.b.UndertowHttpServer - Stopping UndertowHttpServer...
16:33:06.615 [Test worker] INFO  i.undertow - stopping server: Undertow - 2.2.7.Final
16:33:06.616 [Test worker] DEBUG o.s.w.t.h.s.r.b.UndertowHttpServer - Server stopped (0 millis).
16:33:06.644 [Test worker] DEBUG o.s.w.r.r.m.a.RequestMappingHandlerMapping - 2 mappings in 'requestMappingHandlerMapping'
16:33:06.661 [Test worker] DEBUG o.s.w.r.r.m.a.ControllerMethodResolver - ControllerAdvice beans: none
16:33:06.665 [Test worker] DEBUG o.s.w.r.r.v.f.FreeMarkerConfigurer - File system access not preferred: using SpringTemplateLoader
16:33:06.667 [Test worker] DEBUG o.s.w.s.a.HttpWebHandlerAdapter - enableLoggingRequestDetails='false': form data and headers will be masked to prevent unsafe logging of potentially sensitive data
16:33:06.667 [Test worker] WARN  o.e.j.s.h.ContextHandler - Empty contextPath
16:33:06.667 [Test worker] INFO  o.e.j.s.h.ContextHandler - Started o.e.j.s.ServletContextHandler@b15905f{/,null,AVAILABLE}
16:33:06.668 [Test worker] DEBUG o.s.w.t.h.s.r.b.JettyHttpServer - Starting JettyHttpServer...
16:33:06.668 [Test worker] INFO  o.e.j.s.Server - jetty-9.4.39.v20210325; built: 2021-03-25T14:42:11.471Z; git: 9fc7ca5a922f2a37b84ec9dbc26a5168cee7e667; jvm 11.0.9+7-LTS
16:33:06.673 [Test worker] INFO  o.e.j.s.AbstractConnector - Started ServerConnector@a411191{HTTP/1.1, (http/1.1)}{0.0.0.0:61478}
16:33:06.673 [Test worker] INFO  o.e.j.s.Server - Started @75109ms
16:33:06.673 [Test worker] DEBUG o.s.w.t.h.s.r.b.JettyHttpServer - Server started on port 61478(0 millis).
16:33:06.674 [Test worker] DEBUG o.s.w.c.RestTemplate - HTTP GET http://localhost:61478/html?name=Jason
16:33:06.675 [Test worker] DEBUG o.s.w.c.RestTemplate - Accept=[text/plain, application/json, application/x-jackson-smile, application/*+json, */*]
16:33:06.677 [qtp470168221-274] DEBUG o.s.w.s.a.HttpWebHandlerAdapter - [5451b045] HTTP GET "/html?name=Jason"
16:33:06.677 [qtp470168221-274] DEBUG o.s.w.r.r.m.a.RequestMappingHandlerMapping - [5451b045] Mapped to org.springframework.web.reactive.result.method.annotation.RequestMappingViewResolutionIntegrationTests$TestController#getHtmlPage(Optional, Model, ServerWebExchange)
16:33:06.691 [qtp470168221-274] DEBUG o.s.w.r.r.v.ViewResolutionResultHandler - [5451b045] Using 'text/html;charset=UTF-8' given [text/html] and supported [text/html;charset=UTF-8]
16:33:06.692 [qtp470168221-274] DEBUG o.s.w.r.r.v.f.FreeMarkerView - [5451b045] View name 'test', model {hello=Hello: Jason!}
16:33:06.692 [qtp470168221-274] DEBUG o.s.w.r.r.v.f.FreeMarkerView - [5451b045] Rendering [test.ftl]
16:33:06.693 [qtp470168221-274] DEBUG o.s.w.s.a.HttpWebHandlerAdapter - [5451b045] Completed 200 OK
16:33:06.693 [Test worker] DEBUG o.s.w.c.RestTemplate - Response 200 OK
16:33:06.693 [Test worker] DEBUG o.s.w.c.RestTemplate - Reading to [java.lang.String] as "text/html;charset=utf-8"
16:33:06.693 [Test worker] DEBUG o.s.w.t.h.s.r.b.JettyHttpServer - Stopping JettyHttpServer...
16:33:06.694 [Test worker] INFO  o.e.j.s.h.ContextHandler - Stopped o.e.j.s.ServletContextHandler@b15905f{/,null,STOPPED}
16:33:06.695 [Test worker] INFO  o.e.j.s.AbstractConnector - Stopped ServerConnector@a411191{HTTP/1.1, (http/1.1)}{0.0.0.0:0}
16:33:06.696 [Test worker] DEBUG o.s.w.t.h.s.r.b.JettyHttpServer - Server stopped (0 millis).
16:33:06.733 [Test worker] DEBUG o.s.w.r.r.m.a.RequestMappingHandlerMapping - 2 mappings in 'requestMappingHandlerMapping'
16:33:06.748 [Test worker] DEBUG o.s.w.r.r.m.a.ControllerMethodResolver - ControllerAdvice beans: none
16:33:06.753 [Test worker] DEBUG o.s.w.r.r.v.f.FreeMarkerConfigurer - File system access not preferred: using SpringTemplateLoader
16:33:06.754 [Test worker] DEBUG o.s.w.s.a.HttpWebHandlerAdapter - enableLoggingRequestDetails='false': form data and headers will be masked to prevent unsafe logging of potentially sensitive data
16:33:06.754 [Test worker] DEBUG o.s.w.t.h.s.r.b.ReactorHttpServer - Starting ReactorHttpServer...
16:33:06.756 [Test worker] DEBUG o.s.w.t.h.s.r.b.ReactorHttpServer - Server started on port 61480(0 millis).
16:33:06.756 [Test worker] DEBUG o.s.w.c.RestTemplate - HTTP GET http://localhost:61480/html?name=Jason
16:33:06.756 [Test worker] DEBUG o.s.w.c.RestTemplate - Accept=[text/plain, application/json, application/x-jackson-smile, application/*+json, */*]
16:33:06.759 [reactor-http-nio-12] DEBUG o.s.w.s.a.HttpWebHandlerAdapter - [f5ef0b0c-1, L:/127.0.0.1:61480 - R:/127.0.0.1:61481] HTTP GET "/html?name=Jason"
16:33:06.759 [reactor-http-nio-12] DEBUG o.s.w.r.r.m.a.RequestMappingHandlerMapping - [f5ef0b0c-1, L:/127.0.0.1:61480 - R:/127.0.0.1:61481] Mapped to org.springframework.web.reactive.result.method.annotation.RequestMappingViewResolutionIntegrationTests$TestController#getHtmlPage(Optional, Model, ServerWebExchange)
16:33:06.764 [reactor-http-nio-12] DEBUG o.s.w.r.r.v.ViewResolutionResultHandler - [f5ef0b0c-1, L:/127.0.0.1:61480 - R:/127.0.0.1:61481] Using 'text/html;charset=UTF-8' given [text/html] and supported [text/html;charset=UTF-8]
16:33:06.764 [reactor-http-nio-12] DEBUG o.s.w.r.r.v.f.FreeMarkerView - [f5ef0b0c-1, L:/127.0.0.1:61480 - R:/127.0.0.1:61481] View name 'test', model {hello=Hello: Jason!}
16:33:06.764 [reactor-http-nio-12] DEBUG o.s.w.r.r.v.f.FreeMarkerView - [f5ef0b0c-1, L:/127.0.0.1:61480 - R:/127.0.0.1:61481] Rendering [test.ftl]
16:33:06.768 [reactor-http-nio-12] DEBUG o.s.w.s.a.HttpWebHandlerAdapter - [f5ef0b0c-1, L:/127.0.0.1:61480 - R:/127.0.0.1:61481] Completed 200 OK
16:33:06.772 [Test worker] DEBUG o.s.w.c.RestTemplate - Response 200 OK
16:33:06.772 [Test worker] DEBUG o.s.w.c.RestTemplate - Reading to [java.lang.String] as "text/html;charset=UTF-8"
16:33:06.772 [Test worker] DEBUG o.s.w.t.h.s.r.b.ReactorHttpServer - Stopping ReactorHttpServer...
16:33:06.772 [Test worker] DEBUG o.s.w.t.h.s.r.b.ReactorHttpServer - Server stopped (0 millis).
16:33:06.805 [Test worker] DEBUG o.s.w.r.r.m.a.RequestMappingHandlerMapping - 2 mappings in 'requestMappingHandlerMapping'
16:33:06.822 [Test worker] DEBUG o.s.w.r.r.m.a.ControllerMethodResolver - ControllerAdvice beans: none
16:33:06.826 [Test worker] DEBUG o.s.w.r.r.v.f.FreeMarkerConfigurer - File system access not preferred: using SpringTemplateLoader
16:33:06.827 [Test worker] DEBUG o.s.w.s.a.HttpWebHandlerAdapter - enableLoggingRequestDetails='false': form data and headers will be masked to prevent unsafe logging of potentially sensitive data
16:33:06.828 [Test worker] DEBUG o.s.w.t.h.s.r.b.TomcatHttpServer - Starting TomcatHttpServer...
16:33:06.838 [Test worker] DEBUG o.s.w.t.h.s.r.b.TomcatHttpServer - Server started on port 61482(0 millis).
16:33:06.838 [Test worker] DEBUG o.s.w.c.RestTemplate - HTTP GET http://localhost:61482/html?name=Jason
16:33:06.838 [Test worker] DEBUG o.s.w.c.RestTemplate - Accept=[text/plain, application/json, application/x-jackson-smile, application/*+json, */*]
16:33:06.841 [http-nio-auto-6-exec-1] DEBUG o.s.w.s.a.HttpWebHandlerAdapter - [2b569231] HTTP GET "/html?name=Jason"
16:33:06.842 [http-nio-auto-6-exec-1] DEBUG o.s.w.r.r.m.a.RequestMappingHandlerMapping - [2b569231] Mapped to org.springframework.web.reactive.result.method.annotation.RequestMappingViewResolutionIntegrationTests$TestController#getHtmlPage(Optional, Model, ServerWebExchange)
16:33:06.849 [http-nio-auto-6-exec-1] DEBUG o.s.w.r.r.v.ViewResolutionResultHandler - [2b569231] Using 'text/html;charset=UTF-8' given [text/html] and supported [text/html;charset=UTF-8]
16:33:06.849 [http-nio-auto-6-exec-1] DEBUG o.s.w.r.r.v.f.FreeMarkerView - [2b569231] View name 'test', model {hello=Hello: Jason!}
16:33:06.849 [http-nio-auto-6-exec-1] DEBUG o.s.w.r.r.v.f.FreeMarkerView - [2b569231] Rendering [test.ftl]
16:33:06.852 [http-nio-auto-6-exec-1] DEBUG o.s.w.s.a.HttpWebHandlerAdapter - [2b569231] Completed 200 OK
16:33:06.852 [Test worker] DEBUG o.s.w.c.RestTemplate - Response 200 OK
16:33:06.853 [Test worker] DEBUG o.s.w.c.RestTemplate - Reading to [java.lang.String] as "text/html;charset=UTF-8"
16:33:06.853 [Test worker] DEBUG o.s.w.t.h.s.r.b.TomcatHttpServer - Stopping TomcatHttpServer...
16:33:17.924 [Test worker] DEBUG o.s.w.t.h.s.r.b.TomcatHttpServer - Server stopped (0 millis).
16:33:17.960 [Test worker] DEBUG o.s.w.r.r.m.a.RequestMappingHandlerMapping - 2 mappings in 'requestMappingHandlerMapping'
16:33:17.977 [Test worker] DEBUG o.s.w.r.r.m.a.ControllerMethodResolver - ControllerAdvice beans: none
16:33:17.982 [Test worker] DEBUG o.s.w.r.r.v.f.FreeMarkerConfigurer - File system access not preferred: using SpringTemplateLoader
16:33:17.983 [Test worker] DEBUG o.s.w.s.a.HttpWebHandlerAdapter - enableLoggingRequestDetails='false': form data and headers will be masked to prevent unsafe logging of potentially sensitive data
16:33:17.984 [Test worker] DEBUG o.s.w.t.h.s.r.b.UndertowHttpServer - Starting UndertowHttpServer...
16:33:17.984 [Test worker] INFO  i.undertow - starting server: Undertow - 2.2.7.Final
16:33:17.989 [Test worker] DEBUG o.s.w.t.h.s.r.b.UndertowHttpServer - Server started on port 61520(0 millis).
16:33:17.989 [Test worker] DEBUG o.s.w.c.RestTemplate - HTTP GET http://localhost:61520/html?name=Jason
16:33:17.990 [Test worker] DEBUG o.s.w.c.RestTemplate - Accept=[text/plain, application/json, application/x-jackson-smile, application/*+json, */*]
16:33:17.991 [XNIO-6 I/O-14] DEBUG o.s.w.s.a.HttpWebHandlerAdapter - [77192490-6] HTTP GET "/html?name=Jason"
16:33:17.992 [XNIO-6 I/O-14] DEBUG o.s.w.r.r.m.a.RequestMappingHandlerMapping - [77192490-6] Mapped to org.springframework.web.reactive.result.method.annotation.RequestMappingViewResolutionIntegrationTests$TestController#getHtmlPage(Optional, Model, ServerWebExchange)
16:33:17.996 [XNIO-6 I/O-14] DEBUG o.s.w.r.r.v.ViewResolutionResultHandler - [77192490-6] Using 'text/html;charset=UTF-8' given [text/html] and supported [text/html;charset=UTF-8]
16:33:17.996 [XNIO-6 I/O-14] DEBUG o.s.w.r.r.v.f.FreeMarkerView - [77192490-6] View name 'test', model {hello=Hello: Jason!}
16:33:17.996 [XNIO-6 I/O-14] DEBUG o.s.w.r.r.v.f.FreeMarkerView - [77192490-6] Rendering [test.ftl]
16:33:17.997 [XNIO-6 I/O-14] DEBUG o.s.w.s.a.HttpWebHandlerAdapter - [77192490-6] Completed 200 OK
16:33:17.997 [Test worker] DEBUG o.s.w.c.RestTemplate - Response 200 OK
16:33:17.997 [Test worker] DEBUG o.s.w.c.RestTemplate - Reading to [java.lang.String] as "text/html;charset=UTF-8"
16:33:17.998 [Test worker] DEBUG o.s.w.t.h.s.r.b.UndertowHttpServer - Stopping UndertowHttpServer...
16:33:17.998 [Test worker] INFO  i.undertow - stopping server: Undertow - 2.2.7.Final
16:33:17.999 [Test worker] DEBUG o.s.w.t.h.s.r.b.UndertowHttpServer - Server stopped (0 millis).
16:33:18.033 [Test worker] DEBUG o.s.w.r.r.m.a.RequestMappingHandlerMapping - 2 mappings in 'requestMappingHandlerMapping'
16:33:18.051 [Test worker] DEBUG o.s.w.r.r.m.a.ControllerMethodResolver - ControllerAdvice beans: none
16:33:18.054 [Test worker] DEBUG o.s.w.r.r.v.f.FreeMarkerConfigurer - File system access not preferred: using SpringTemplateLoader
16:33:18.056 [Test worker] DEBUG o.s.w.s.a.HttpWebHandlerAdapter - enableLoggingRequestDetails='false': form data and headers will be masked to prevent unsafe logging of potentially sensitive data
16:33:18.056 [Test worker] WARN  o.e.j.s.h.ContextHandler - Empty contextPath
16:33:18.057 [Test worker] INFO  o.e.j.s.h.ContextHandler - Started o.e.j.s.ServletContextHandler@4f59c6a8{/,null,AVAILABLE}
16:33:18.057 [Test worker] DEBUG o.s.w.t.h.s.r.b.JettyHttpServer - Starting JettyHttpServer...
16:33:18.057 [Test worker] INFO  o.e.j.s.Server - jetty-9.4.39.v20210325; built: 2021-03-25T14:42:11.471Z; git: 9fc7ca5a922f2a37b84ec9dbc26a5168cee7e667; jvm 11.0.9+7-LTS
16:33:18.062 [Test worker] INFO  o.e.j.s.AbstractConnector - Started ServerConnector@15f87298{HTTP/1.1, (http/1.1)}{0.0.0.0:61522}
16:33:18.062 [Test worker] INFO  o.e.j.s.Server - Started @86498ms
16:33:18.063 [Test worker] DEBUG o.s.w.t.h.s.r.b.JettyHttpServer - Server started on port 61522(0 millis).
16:33:18.063 [Test worker] DEBUG o.s.w.c.RestTemplate - HTTP GET http://localhost:61522/html
16:33:18.063 [Test worker] DEBUG o.s.w.c.RestTemplate - Accept=[text/plain, application/json, application/x-jackson-smile, application/*+json, */*]
16:33:18.065 [qtp2003741426-321] DEBUG o.s.w.s.a.HttpWebHandlerAdapter - [7770555f] HTTP GET "/html"
16:33:18.066 [qtp2003741426-321] DEBUG o.s.w.r.r.m.a.RequestMappingHandlerMapping - [7770555f] Mapped to org.springframework.web.reactive.result.method.annotation.RequestMappingViewResolutionIntegrationTests$TestController#getHtmlPage(Optional, Model, ServerWebExchange)
16:33:18.067 [qtp2003741426-321] DEBUG o.s.w.s.a.HttpWebHandlerAdapter - [7770555f] Completed 304 NOT_MODIFIED
16:33:18.068 [Test worker] DEBUG o.s.w.c.RestTemplate - Response 304 NOT_MODIFIED
16:33:18.068 [Test worker] DEBUG o.s.w.t.h.s.r.b.JettyHttpServer - Stopping JettyHttpServer...
16:33:18.068 [Test worker] INFO  o.e.j.s.h.ContextHandler - Stopped o.e.j.s.ServletContextHandler@4f59c6a8{/,null,STOPPED}
16:33:18.071 [Test worker] INFO  o.e.j.s.AbstractConnector - Stopped ServerConnector@15f87298{HTTP/1.1, (http/1.1)}{0.0.0.0:0}
16:33:18.071 [Test worker] DEBUG o.s.w.t.h.s.r.b.JettyHttpServer - Server stopped (0 millis).
16:33:18.106 [Test worker] DEBUG o.s.w.r.r.m.a.RequestMappingHandlerMapping - 2 mappings in 'requestMappingHandlerMapping'
16:33:18.122 [Test worker] DEBUG o.s.w.r.r.m.a.ControllerMethodResolver - ControllerAdvice beans: none
16:33:18.126 [Test worker] DEBUG o.s.w.r.r.v.f.FreeMarkerConfigurer - File system access not preferred: using SpringTemplateLoader
16:33:18.127 [Test worker] DEBUG o.s.w.s.a.HttpWebHandlerAdapter - enableLoggingRequestDetails='false': form data and headers will be masked to prevent unsafe logging of potentially sensitive data
16:33:18.127 [Test worker] DEBUG o.s.w.t.h.s.r.b.ReactorHttpServer - Starting ReactorHttpServer...
16:33:18.129 [Test worker] DEBUG o.s.w.t.h.s.r.b.ReactorHttpServer - Server started on port 61524(0 millis).
16:33:18.129 [Test worker] DEBUG o.s.w.c.RestTemplate - HTTP GET http://localhost:61524/html
16:33:18.129 [Test worker] DEBUG o.s.w.c.RestTemplate - Accept=[text/plain, application/json, application/x-jackson-smile, application/*+json, */*]
16:33:18.132 [reactor-http-nio-14] DEBUG o.s.w.s.a.HttpWebHandlerAdapter - [618b7e20-1, L:/127.0.0.1:61524 - R:/127.0.0.1:61525] HTTP GET "/html"
16:33:18.132 [reactor-http-nio-14] DEBUG o.s.w.r.r.m.a.RequestMappingHandlerMapping - [618b7e20-1, L:/127.0.0.1:61524 - R:/127.0.0.1:61525] Mapped to org.springframework.web.reactive.result.method.annotation.RequestMappingViewResolutionIntegrationTests$TestController#getHtmlPage(Optional, Model, ServerWebExchange)
16:33:18.133 [reactor-http-nio-14] DEBUG o.s.w.s.a.HttpWebHandlerAdapter - [618b7e20-1, L:/127.0.0.1:61524 - R:/127.0.0.1:61525] Completed 304 NOT_MODIFIED
16:33:18.135 [Test worker] DEBUG o.s.w.c.RestTemplate - Response 304 NOT_MODIFIED
16:33:18.135 [Test worker] DEBUG o.s.w.t.h.s.r.b.ReactorHttpServer - Stopping ReactorHttpServer...
16:33:18.135 [Test worker] DEBUG o.s.w.t.h.s.r.b.ReactorHttpServer - Server stopped (0 millis).
16:33:18.168 [Test worker] DEBUG o.s.w.r.r.m.a.RequestMappingHandlerMapping - 2 mappings in 'requestMappingHandlerMapping'
16:33:18.186 [Test worker] DEBUG o.s.w.r.r.m.a.ControllerMethodResolver - ControllerAdvice beans: none
16:33:18.190 [Test worker] DEBUG o.s.w.r.r.v.f.FreeMarkerConfigurer - File system access not preferred: using SpringTemplateLoader
16:33:18.191 [Test worker] DEBUG o.s.w.s.a.HttpWebHandlerAdapter - enableLoggingRequestDetails='false': form data and headers will be masked to prevent unsafe logging of potentially sensitive data
16:33:18.192 [Test worker] DEBUG o.s.w.t.h.s.r.b.TomcatHttpServer - Starting TomcatHttpServer...
16:33:18.201 [Test worker] DEBUG o.s.w.t.h.s.r.b.TomcatHttpServer - Server started on port 61526(0 millis).
16:33:18.201 [Test worker] DEBUG o.s.w.c.RestTemplate - HTTP GET http://localhost:61526/html
16:33:18.201 [Test worker] DEBUG o.s.w.c.RestTemplate - Accept=[text/plain, application/json, application/x-jackson-smile, application/*+json, */*]
16:33:18.207 [http-nio-auto-7-exec-1] DEBUG o.s.w.s.a.HttpWebHandlerAdapter - [4bcb47ee] HTTP GET "/html"
16:33:18.208 [http-nio-auto-7-exec-1] DEBUG o.s.w.r.r.m.a.RequestMappingHandlerMapping - [4bcb47ee] Mapped to org.springframework.web.reactive.result.method.annotation.RequestMappingViewResolutionIntegrationTests$TestController#getHtmlPage(Optional, Model, ServerWebExchange)
16:33:18.209 [http-nio-auto-7-exec-1] DEBUG o.s.w.s.a.HttpWebHandlerAdapter - [4bcb47ee] Completed 304 NOT_MODIFIED
16:33:18.214 [Test worker] DEBUG o.s.w.c.RestTemplate - Response 304 NOT_MODIFIED
16:33:18.215 [Test worker] DEBUG o.s.w.t.h.s.r.b.TomcatHttpServer - Stopping TomcatHttpServer...
16:33:29.281 [Test worker] DEBUG o.s.w.t.h.s.r.b.TomcatHttpServer - Server stopped (0 millis).
16:33:29.312 [Test worker] DEBUG o.s.w.r.r.m.a.RequestMappingHandlerMapping - 2 mappings in 'requestMappingHandlerMapping'
16:33:29.326 [Test worker] DEBUG o.s.w.r.r.m.a.ControllerMethodResolver - ControllerAdvice beans: none
16:33:29.329 [Test worker] DEBUG o.s.w.r.r.v.f.FreeMarkerConfigurer - File system access not preferred: using SpringTemplateLoader
16:33:29.331 [Test worker] DEBUG o.s.w.s.a.HttpWebHandlerAdapter - enableLoggingRequestDetails='false': form data and headers will be masked to prevent unsafe logging of potentially sensitive data
16:33:29.331 [Test worker] DEBUG o.s.w.t.h.s.r.b.UndertowHttpServer - Starting UndertowHttpServer...
16:33:29.331 [Test worker] INFO  i.undertow - starting server: Undertow - 2.2.7.Final
16:33:29.335 [Test worker] DEBUG o.s.w.t.h.s.r.b.UndertowHttpServer - Server started on port 61565(0 millis).
16:33:29.335 [Test worker] DEBUG o.s.w.c.RestTemplate - HTTP GET http://localhost:61565/html
16:33:29.336 [Test worker] DEBUG o.s.w.c.RestTemplate - Accept=[text/plain, application/json, application/x-jackson-smile, application/*+json, */*]
16:33:29.337 [XNIO-7 I/O-3] DEBUG o.s.w.s.a.HttpWebHandlerAdapter - [5e160e6e-7] HTTP GET "/html"
16:33:29.337 [XNIO-7 I/O-3] DEBUG o.s.w.r.r.m.a.RequestMappingHandlerMapping - [5e160e6e-7] Mapped to org.springframework.web.reactive.result.method.annotation.RequestMappingViewResolutionIntegrationTests$TestController#getHtmlPage(Optional, Model, ServerWebExchange)
16:33:29.339 [XNIO-7 I/O-3] DEBUG o.s.w.s.a.HttpWebHandlerAdapter - [5e160e6e-7] Completed 304 NOT_MODIFIED
16:33:29.340 [Test worker] DEBUG o.s.w.c.RestTemplate - Response 304 NOT_MODIFIED
16:33:29.340 [Test worker] DEBUG o.s.w.t.h.s.r.b.UndertowHttpServer - Stopping UndertowHttpServer...
16:33:29.340 [Test worker] INFO  i.undertow - stopping server: Undertow - 2.2.7.Final
16:33:29.342 [Test worker] DEBUG o.s.w.t.h.s.r.b.UndertowHttpServer - Server stopped (0 millis).
]]></system-out>
  <system-err><![CDATA[]]></system-err>
</testsuite>
