<?xml version="1.0" encoding="UTF-8"?>
<testsuite name="org.springframework.web.reactive.accept.ParameterContentTypeResolverTests" tests="5" skipped="0" failures="0" errors="0" timestamp="2021-05-01T09:52:36" hostname="wangweilideMBP.lan" time="0.028">
  <properties/>
  <testcase name="noMatchForKey()" classname="org.springframework.web.reactive.accept.ParameterContentTypeResolverTests" time="0.007"/>
  <testcase name="resolveKeyThroughMediaTypeFactory()" classname="org.springframework.web.reactive.accept.ParameterContentTypeResolverTests" time="0.005"/>
  <testcase name="noKey()" classname="org.springframework.web.reactive.accept.ParameterContentTypeResolverTests" time="0.006"/>
  <testcase name="resolveKeyFromRegistrations()" classname="org.springframework.web.reactive.accept.ParameterContentTypeResolverTests" time="0.005"/>
  <testcase name="resolveKeyIsCaseInsensitive()" classname="org.springframework.web.reactive.accept.ParameterContentTypeResolverTests" time="0.005"/>
  <system-out><![CDATA[]]></system-out>
  <system-err><![CDATA[]]></system-err>
</testsuite>
