<?xml version="1.0" encoding="UTF-8"?>
<testsuite name="org.springframework.web.reactive.result.method.annotation.MatrixVariablesMapMethodArgumentResolverTests" tests="5" skipped="0" failures="0" errors="0" timestamp="2021-04-26T08:33:29" hostname="wangweilideMacBook-Pro.local" time="0.046">
  <properties/>
  <testcase name="resolveArgumentNoMatch()" classname="org.springframework.web.reactive.result.method.annotation.MatrixVariablesMapMethodArgumentResolverTests" time="0.011"/>
  <testcase name="resolveArgumentPathVariable()" classname="org.springframework.web.reactive.result.method.annotation.MatrixVariablesMapMethodArgumentResolverTests" time="0.003"/>
  <testcase name="resolveArgumentNoParams()" classname="org.springframework.web.reactive.result.method.annotation.MatrixVariablesMapMethodArgumentResolverTests" time="0.002"/>
  <testcase name="resolveArgument()" classname="org.springframework.web.reactive.result.method.annotation.MatrixVariablesMapMethodArgumentResolverTests" time="0.002"/>
  <testcase name="supportsParameter()" classname="org.springframework.web.reactive.result.method.annotation.MatrixVariablesMapMethodArgumentResolverTests" time="0.002"/>
  <system-out><![CDATA[]]></system-out>
  <system-err><![CDATA[]]></system-err>
</testsuite>
