<?xml version="1.0" encoding="UTF-8"?>
<testsuite name="org.springframework.web.reactive.result.view.LocaleContextResolverIntegrationTests" tests="4" skipped="0" failures="0" errors="0" timestamp="2021-04-26T08:32:00" hostname="wangweilideMacBook-Pro.local" time="13.528">
  <properties/>
  <testcase name="[1] org.springframework.web.testfixture.http.server.reactive.bootstrap.JettyHttpServer@70df0548" classname="org.springframework.web.reactive.result.view.LocaleContextResolverIntegrationTests" time="1.247"/>
  <testcase name="[2] org.springframework.web.testfixture.http.server.reactive.bootstrap.ReactorHttpServer@39f9b2fb" classname="org.springframework.web.reactive.result.view.LocaleContextResolverIntegrationTests" time="0.149"/>
  <testcase name="[3] org.springframework.web.testfixture.http.server.reactive.bootstrap.TomcatHttpServer@19bbccca" classname="org.springframework.web.reactive.result.view.LocaleContextResolverIntegrationTests" time="11.941"/>
  <testcase name="[4] org.springframework.web.testfixture.http.server.reactive.bootstrap.UndertowHttpServer@770182db" classname="org.springframework.web.reactive.result.view.LocaleContextResolverIntegrationTests" time="0.164"/>
  <system-out><![CDATA[16:32:00.982 [Test worker] DEBUG o.s.w.r.r.m.a.RequestMappingHandlerMapping - 1 mappings in 'requestMappingHandlerMapping'
16:32:01.141 [Test worker] INFO  o.h.v.i.u.Version - HV000001: Hibernate Validator 6.2.0.Final
16:32:01.383 [Test worker] DEBUG o.s.w.r.r.m.a.ControllerMethodResolver - ControllerAdvice beans: none
16:32:01.420 [Test worker] DEBUG o.s.w.s.a.HttpWebHandlerAdapter - enableLoggingRequestDetails='false': form data and headers will be masked to prevent unsafe logging of potentially sensitive data
16:32:01.435 [Test worker] INFO  o.e.j.u.log - Logging initialized @9846ms to org.eclipse.jetty.util.log.Slf4jLog
16:32:01.478 [Test worker] WARN  o.e.j.s.h.ContextHandler - Empty contextPath
16:32:01.516 [Test worker] INFO  o.e.j.s.h.ContextHandler - Started o.e.j.s.ServletContextHandler@76141284{/,null,AVAILABLE}
16:32:01.545 [Test worker] DEBUG o.s.w.t.h.s.r.b.JettyHttpServer - Starting JettyHttpServer...
16:32:01.549 [Test worker] INFO  o.e.j.s.Server - jetty-9.4.39.v20210325; built: 2021-03-25T14:42:11.471Z; git: 9fc7ca5a922f2a37b84ec9dbc26a5168cee7e667; jvm 11.0.9+7-LTS
16:32:01.584 [Test worker] INFO  o.e.j.s.AbstractConnector - Started ServerConnector@6c9082e7{HTTP/1.1, (http/1.1)}{0.0.0.0:61194}
16:32:01.584 [Test worker] INFO  o.e.j.s.Server - Started @9997ms
16:32:01.585 [Test worker] DEBUG o.s.w.t.h.s.r.b.JettyHttpServer - Server started on port 61194(0 millis).
16:32:01.635 [Test worker] DEBUG o.s.w.r.f.c.ExchangeFunctions - [790ff1f1] HTTP GET http://localhost:61194/
16:32:02.050 [qtp1323276543-58] DEBUG o.s.w.s.a.HttpWebHandlerAdapter - [c3afd11] HTTP GET "/"
16:32:02.053 [qtp1323276543-58] DEBUG o.s.w.r.r.m.a.RequestMappingHandlerMapping - [c3afd11] Mapped to org.springframework.web.reactive.result.view.LocaleContextResolverIntegrationTests$TestController#foo()
16:32:02.059 [qtp1323276543-58] DEBUG o.s.w.r.r.v.ViewResolutionResultHandler - [c3afd11] Using 'text/html' given [*/*] and supported [text/html]
16:32:02.060 [qtp1323276543-58] DEBUG o.s.w.s.a.HttpWebHandlerAdapter - [c3afd11] Completed 200 OK
16:32:02.077 [reactor-http-nio-2] DEBUG o.s.w.r.f.c.ExchangeFunctions - [790ff1f1] [b710d294-1, L:/127.0.0.1:61195 - R:localhost/127.0.0.1:61194] Response 200 OK
16:32:02.089 [Test worker] DEBUG o.s.w.t.h.s.r.b.JettyHttpServer - Stopping JettyHttpServer...
16:32:02.091 [Test worker] INFO  o.e.j.s.h.ContextHandler - Stopped o.e.j.s.ServletContextHandler@76141284{/,null,STOPPED}
16:32:02.101 [Test worker] INFO  o.e.j.s.AbstractConnector - Stopped ServerConnector@6c9082e7{HTTP/1.1, (http/1.1)}{0.0.0.0:0}
16:32:02.102 [Test worker] DEBUG o.s.w.t.h.s.r.b.JettyHttpServer - Server stopped (0 millis).
16:32:02.152 [Test worker] DEBUG o.s.w.r.r.m.a.RequestMappingHandlerMapping - 1 mappings in 'requestMappingHandlerMapping'
16:32:02.177 [Test worker] DEBUG o.s.w.r.r.m.a.ControllerMethodResolver - ControllerAdvice beans: none
16:32:02.186 [Test worker] DEBUG o.s.w.s.a.HttpWebHandlerAdapter - enableLoggingRequestDetails='false': form data and headers will be masked to prevent unsafe logging of potentially sensitive data
16:32:02.200 [Test worker] DEBUG o.s.w.t.h.s.r.b.ReactorHttpServer - Starting ReactorHttpServer...
16:32:02.209 [Test worker] DEBUG o.s.w.t.h.s.r.b.ReactorHttpServer - Server started on port 61198(0 millis).
16:32:02.210 [Test worker] DEBUG o.s.w.r.f.c.ExchangeFunctions - [31f7b44a] HTTP GET http://localhost:61198/
16:32:02.253 [reactor-http-nio-5] DEBUG o.s.w.s.a.HttpWebHandlerAdapter - [1ed56799-1, L:/127.0.0.1:61198 - R:/127.0.0.1:61199] HTTP GET "/"
16:32:02.255 [reactor-http-nio-5] DEBUG o.s.w.r.r.m.a.RequestMappingHandlerMapping - [1ed56799-1, L:/127.0.0.1:61198 - R:/127.0.0.1:61199] Mapped to org.springframework.web.reactive.result.view.LocaleContextResolverIntegrationTests$TestController#foo()
16:32:02.256 [reactor-http-nio-5] DEBUG o.s.w.r.r.v.ViewResolutionResultHandler - [1ed56799-1, L:/127.0.0.1:61198 - R:/127.0.0.1:61199] Using 'text/html' given [*/*] and supported [text/html]
16:32:02.256 [reactor-http-nio-5] DEBUG o.s.w.s.a.HttpWebHandlerAdapter - [1ed56799-1, L:/127.0.0.1:61198 - R:/127.0.0.1:61199] Completed 200 OK
16:32:02.262 [reactor-http-nio-4] DEBUG o.s.w.r.f.c.ExchangeFunctions - [31f7b44a] [ef76183c-1, L:/127.0.0.1:61199 - R:localhost/127.0.0.1:61198] Response 200 OK
16:32:02.263 [Test worker] DEBUG o.s.w.t.h.s.r.b.ReactorHttpServer - Stopping ReactorHttpServer...
16:32:02.264 [Test worker] DEBUG o.s.w.t.h.s.r.b.ReactorHttpServer - Server stopped (0 millis).
16:32:02.307 [Test worker] DEBUG o.s.w.r.r.m.a.RequestMappingHandlerMapping - 1 mappings in 'requestMappingHandlerMapping'
16:32:02.332 [Test worker] DEBUG o.s.w.r.r.m.a.ControllerMethodResolver - ControllerAdvice beans: none
16:32:02.339 [Test worker] DEBUG o.s.w.s.a.HttpWebHandlerAdapter - enableLoggingRequestDetails='false': form data and headers will be masked to prevent unsafe logging of potentially sensitive data
16:32:02.423 [Test worker] DEBUG o.s.w.t.h.s.r.b.TomcatHttpServer - Starting TomcatHttpServer...
16:32:02.927 [Test worker] DEBUG o.s.w.t.h.s.r.b.TomcatHttpServer - Server started on port 61204(0 millis).
16:32:02.928 [Test worker] DEBUG o.s.w.r.f.c.ExchangeFunctions - [6522e4e6] HTTP GET http://localhost:61204/
16:32:03.032 [http-nio-auto-1-exec-1] DEBUG o.s.w.s.a.HttpWebHandlerAdapter - [5c738ae6] HTTP GET "/"
16:32:03.033 [http-nio-auto-1-exec-1] DEBUG o.s.w.r.r.m.a.RequestMappingHandlerMapping - [5c738ae6] Mapped to org.springframework.web.reactive.result.view.LocaleContextResolverIntegrationTests$TestController#foo()
16:32:03.035 [http-nio-auto-1-exec-1] DEBUG o.s.w.r.r.v.ViewResolutionResultHandler - [5c738ae6] Using 'text/html' given [*/*] and supported [text/html]
16:32:03.035 [http-nio-auto-1-exec-1] DEBUG o.s.w.s.a.HttpWebHandlerAdapter - [5c738ae6] Completed 200 OK
16:32:03.043 [reactor-http-nio-6] DEBUG o.s.w.r.f.c.ExchangeFunctions - [6522e4e6] [6edb06c7-1, L:/127.0.0.1:61205 - R:localhost/127.0.0.1:61204] Response 200 OK
16:32:03.044 [Test worker] DEBUG o.s.w.t.h.s.r.b.TomcatHttpServer - Stopping TomcatHttpServer...
16:32:14.214 [Test worker] DEBUG o.s.w.t.h.s.r.b.TomcatHttpServer - Server stopped (0 millis).
16:32:14.235 [Test worker] DEBUG o.s.w.r.r.m.a.RequestMappingHandlerMapping - 1 mappings in 'requestMappingHandlerMapping'
16:32:14.246 [Test worker] DEBUG o.s.w.r.r.m.a.ControllerMethodResolver - ControllerAdvice beans: none
16:32:14.250 [Test worker] DEBUG o.s.w.s.a.HttpWebHandlerAdapter - enableLoggingRequestDetails='false': form data and headers will be masked to prevent unsafe logging of potentially sensitive data
16:32:14.254 [Test worker] DEBUG o.s.w.t.h.s.r.b.UndertowHttpServer - Starting UndertowHttpServer...
16:32:14.260 [Test worker] INFO  i.undertow - starting server: Undertow - 2.2.7.Final
16:32:14.268 [Test worker] INFO  o.xnio - XNIO version 3.8.0.Final
16:32:14.281 [Test worker] INFO  o.x.nio - XNIO NIO Implementation Version 3.8.0.Final
16:32:14.303 [Test worker] INFO  o.j.threads - JBoss Threads version 3.1.0.Final
16:32:14.344 [Test worker] DEBUG o.s.w.t.h.s.r.b.UndertowHttpServer - Server started on port 61242(0 millis).
16:32:14.345 [Test worker] DEBUG o.s.w.r.f.c.ExchangeFunctions - [6ffb51d5] HTTP GET http://localhost:61242/
16:32:14.372 [XNIO-1 I/O-2] DEBUG o.s.w.s.a.HttpWebHandlerAdapter - [246136c0-1] HTTP GET "/"
16:32:14.373 [XNIO-1 I/O-2] DEBUG o.s.w.r.r.m.a.RequestMappingHandlerMapping - [246136c0-1] Mapped to org.springframework.web.reactive.result.view.LocaleContextResolverIntegrationTests$TestController#foo()
16:32:14.373 [XNIO-1 I/O-2] DEBUG o.s.w.r.r.v.ViewResolutionResultHandler - [246136c0-1] Using 'text/html' given [*/*] and supported [text/html]
16:32:14.373 [XNIO-1 I/O-2] DEBUG o.s.w.s.a.HttpWebHandlerAdapter - [246136c0-1] Completed 200 OK
16:32:14.378 [reactor-http-nio-7] DEBUG o.s.w.r.f.c.ExchangeFunctions - [6ffb51d5] [0e10c51b-1, L:/127.0.0.1:61243 - R:localhost/127.0.0.1:61242] Response 200 OK
16:32:14.378 [Test worker] DEBUG o.s.w.t.h.s.r.b.UndertowHttpServer - Stopping UndertowHttpServer...
16:32:14.378 [Test worker] INFO  i.undertow - stopping server: Undertow - 2.2.7.Final
16:32:14.384 [Test worker] DEBUG o.s.w.t.h.s.r.b.UndertowHttpServer - Server stopped (0 millis).
]]></system-out>
  <system-err><![CDATA[]]></system-err>
</testsuite>
