<?xml version="1.0" encoding="UTF-8"?>
<testsuite name="org.springframework.web.reactive.result.method.annotation.PrincipalMethodArgumentResolverTests" tests="2" skipped="0" failures="0" errors="0" timestamp="2021-05-01T09:48:26" hostname="wangweilideMBP.lan" time="0.01">
  <properties/>
  <testcase name="resolverArgument()" classname="org.springframework.web.reactive.result.method.annotation.PrincipalMethodArgumentResolverTests" time="0.009"/>
  <testcase name="supportsParameter()" classname="org.springframework.web.reactive.result.method.annotation.PrincipalMethodArgumentResolverTests" time="0.001"/>
  <system-out><![CDATA[]]></system-out>
  <system-err><![CDATA[]]></system-err>
</testsuite>
