<?xml version="1.0" encoding="UTF-8"?>
<testsuite name="org.springframework.web.reactive.socket.server.upgrade.ReactorNettyRequestUpgradeStrategyTests" tests="1" skipped="0" failures="0" errors="0" timestamp="2021-04-26T08:35:56" hostname="wangweilideMacBook-Pro.local" time="0.004">
  <properties/>
  <testcase name="defaultWebSocketSpecBuilderIsUniquePerRequest()" classname="org.springframework.web.reactive.socket.server.upgrade.ReactorNettyRequestUpgradeStrategyTests" time="0.004"/>
  <system-out><![CDATA[]]></system-out>
  <system-err><![CDATA[]]></system-err>
</testsuite>
