<?xml version="1.0" encoding="UTF-8"?>
<testsuite name="org.springframework.web.reactive.config.ViewResolverRegistryTests" tests="6" skipped="0" failures="0" errors="0" timestamp="2021-04-26T08:35:09" hostname="wangweilideMacBook-Pro.local" time="0.021">
  <properties/>
  <testcase name="hasRegistrations()" classname="org.springframework.web.reactive.config.ViewResolverRegistryTests" time="0.006"/>
  <testcase name="defaultViews()" classname="org.springframework.web.reactive.config.ViewResolverRegistryTests" time="0.01"/>
  <testcase name="noResolvers()" classname="org.springframework.web.reactive.config.ViewResolverRegistryTests" time="0.0"/>
  <testcase name="scriptTemplate()" classname="org.springframework.web.reactive.config.ViewResolverRegistryTests" time="0.004"/>
  <testcase name="order()" classname="org.springframework.web.reactive.config.ViewResolverRegistryTests" time="0.0"/>
  <testcase name="customViewResolver()" classname="org.springframework.web.reactive.config.ViewResolverRegistryTests" time="0.001"/>
  <system-out><![CDATA[]]></system-out>
  <system-err><![CDATA[]]></system-err>
</testsuite>
