<?xml version="1.0" encoding="UTF-8"?>
<testsuite name="org.springframework.web.reactive.function.server.PublisherHandlerFunctionIntegrationTests" tests="12" skipped="0" failures="0" errors="0" timestamp="2021-05-01T09:53:07" hostname="wangweilideMBP.lan" time="33.937">
  <properties/>
  <testcase name="[1] org.springframework.web.testfixture.http.server.reactive.bootstrap.JettyHttpServer@6c8aff43" classname="org.springframework.web.reactive.function.server.PublisherHandlerFunctionIntegrationTests" time="0.034"/>
  <testcase name="[2] org.springframework.web.testfixture.http.server.reactive.bootstrap.ReactorHttpServer@1c0edd5e" classname="org.springframework.web.reactive.function.server.PublisherHandlerFunctionIntegrationTests" time="0.016"/>
  <testcase name="[3] org.springframework.web.testfixture.http.server.reactive.bootstrap.TomcatHttpServer@73eafa0d" classname="org.springframework.web.reactive.function.server.PublisherHandlerFunctionIntegrationTests" time="11.182"/>
  <testcase name="[4] org.springframework.web.testfixture.http.server.reactive.bootstrap.UndertowHttpServer@3d5408a4" classname="org.springframework.web.reactive.function.server.PublisherHandlerFunctionIntegrationTests" time="0.036"/>
  <testcase name="[1] org.springframework.web.testfixture.http.server.reactive.bootstrap.JettyHttpServer@65c57671" classname="org.springframework.web.reactive.function.server.PublisherHandlerFunctionIntegrationTests" time="0.019"/>
  <testcase name="[2] org.springframework.web.testfixture.http.server.reactive.bootstrap.ReactorHttpServer@4d60f660" classname="org.springframework.web.reactive.function.server.PublisherHandlerFunctionIntegrationTests" time="0.015"/>
  <testcase name="[3] org.springframework.web.testfixture.http.server.reactive.bootstrap.TomcatHttpServer@56a26e4c" classname="org.springframework.web.reactive.function.server.PublisherHandlerFunctionIntegrationTests" time="11.243"/>
  <testcase name="[4] org.springframework.web.testfixture.http.server.reactive.bootstrap.UndertowHttpServer@57f0bd8a" classname="org.springframework.web.reactive.function.server.PublisherHandlerFunctionIntegrationTests" time="0.021"/>
  <testcase name="[1] org.springframework.web.testfixture.http.server.reactive.bootstrap.JettyHttpServer@15aa8d5c" classname="org.springframework.web.reactive.function.server.PublisherHandlerFunctionIntegrationTests" time="0.035"/>
  <testcase name="[2] org.springframework.web.testfixture.http.server.reactive.bootstrap.ReactorHttpServer@7818f093" classname="org.springframework.web.reactive.function.server.PublisherHandlerFunctionIntegrationTests" time="0.017"/>
  <testcase name="[3] org.springframework.web.testfixture.http.server.reactive.bootstrap.TomcatHttpServer@45935b84" classname="org.springframework.web.reactive.function.server.PublisherHandlerFunctionIntegrationTests" time="11.231"/>
  <testcase name="[4] org.springframework.web.testfixture.http.server.reactive.bootstrap.UndertowHttpServer@69a1aed8" classname="org.springframework.web.reactive.function.server.PublisherHandlerFunctionIntegrationTests" time="0.021"/>
  <system-out><![CDATA[17:53:07.664 [Test worker] DEBUG o.s.w.s.a.HttpWebHandlerAdapter - enableLoggingRequestDetails='false': form data and headers will be masked to prevent unsafe logging of potentially sensitive data
17:53:07.664 [Test worker] WARN  o.e.j.s.h.ContextHandler - Empty contextPath
17:53:07.664 [Test worker] INFO  o.e.j.s.h.ContextHandler - Started o.e.j.s.ServletContextHandler@6925a1d5{/,null,AVAILABLE}
17:53:07.665 [Test worker] DEBUG o.s.w.t.h.s.r.b.JettyHttpServer - Starting JettyHttpServer...
17:53:07.665 [Test worker] INFO  o.e.j.s.Server - jetty-9.4.39.v20210325; built: 2021-03-25T14:42:11.471Z; git: 9fc7ca5a922f2a37b84ec9dbc26a5168cee7e667; jvm 1.8.0_181-b13
17:53:07.666 [Test worker] INFO  o.e.j.s.AbstractConnector - Started ServerConnector@45170de{HTTP/1.1, (http/1.1)}{0.0.0.0:53966}
17:53:07.666 [Test worker] INFO  o.e.j.s.Server - Started @354696ms
17:53:07.666 [Test worker] DEBUG o.s.w.t.h.s.r.b.JettyHttpServer - Server started on port 53966(0 millis).
17:53:07.666 [Test worker] DEBUG o.s.w.c.RestTemplate - HTTP GET http://localhost:53966/flux
17:53:07.669 [Test worker] DEBUG o.s.w.c.RestTemplate - Accept=[application/json, application/x-jackson-smile, application/*+json]
17:53:07.674 [qtp1183912674-1559] DEBUG o.s.w.s.a.HttpWebHandlerAdapter - [31433] HTTP GET "/flux"
17:53:07.681 [qtp1183912674-1559] DEBUG o.s.h.c.j.Jackson2JsonEncoder - [31433] Encoding [[Person{name='John'}, Person{name='Jane'}]]
17:53:07.682 [qtp1183912674-1559] DEBUG o.s.w.s.a.HttpWebHandlerAdapter - [31433] Completed 200 OK
17:53:07.682 [Test worker] DEBUG o.s.w.c.RestTemplate - Response 200 OK
17:53:07.682 [Test worker] DEBUG o.s.w.c.RestTemplate - Reading to [java.util.List<org.springframework.web.reactive.function.server.PublisherHandlerFunctionIntegrationTests$Person>]
17:53:07.683 [Test worker] DEBUG o.s.w.t.h.s.r.b.JettyHttpServer - Stopping JettyHttpServer...
17:53:07.683 [Test worker] INFO  o.e.j.s.h.ContextHandler - Stopped o.e.j.s.ServletContextHandler@6925a1d5{/,null,STOPPED}
17:53:07.684 [Test worker] INFO  o.e.j.s.AbstractConnector - Stopped ServerConnector@45170de{HTTP/1.1, (http/1.1)}{0.0.0.0:0}
17:53:07.684 [Test worker] DEBUG o.s.w.t.h.s.r.b.JettyHttpServer - Server stopped (0 millis).
17:53:07.697 [Test worker] DEBUG o.s.w.s.a.HttpWebHandlerAdapter - enableLoggingRequestDetails='false': form data and headers will be masked to prevent unsafe logging of potentially sensitive data
17:53:07.697 [Test worker] DEBUG o.s.w.t.h.s.r.b.ReactorHttpServer - Starting ReactorHttpServer...
17:53:07.697 [Test worker] DEBUG o.s.w.t.h.s.r.b.ReactorHttpServer - Server started on port 53968(0 millis).
17:53:07.698 [Test worker] DEBUG o.s.w.c.RestTemplate - HTTP GET http://localhost:53968/flux
17:53:07.698 [Test worker] DEBUG o.s.w.c.RestTemplate - Accept=[application/json, application/x-jackson-smile, application/*+json]
17:53:07.703 [reactor-http-nio-3] DEBUG o.s.w.s.a.HttpWebHandlerAdapter - [f98ba57a-1, L:/127.0.0.1:53968 - R:/127.0.0.1:53969] HTTP GET "/flux"
17:53:07.704 [reactor-http-nio-3] DEBUG o.s.h.c.j.Jackson2JsonEncoder - [f98ba57a-1, L:/127.0.0.1:53968 - R:/127.0.0.1:53969] Encoding [[Person{name='John'}, Person{name='Jane'}]]
17:53:07.705 [Test worker] DEBUG o.s.w.c.RestTemplate - Response 200 OK
17:53:07.705 [reactor-http-nio-3] DEBUG o.s.w.s.a.HttpWebHandlerAdapter - [f98ba57a-1, L:/127.0.0.1:53968 - R:/127.0.0.1:53969] Completed 200 OK
17:53:07.705 [Test worker] DEBUG o.s.w.c.RestTemplate - Reading to [java.util.List<org.springframework.web.reactive.function.server.PublisherHandlerFunctionIntegrationTests$Person>]
17:53:07.706 [Test worker] DEBUG o.s.w.t.h.s.r.b.ReactorHttpServer - Stopping ReactorHttpServer...
17:53:07.706 [Test worker] DEBUG o.s.w.t.h.s.r.b.ReactorHttpServer - Server stopped (0 millis).
17:53:07.718 [Test worker] DEBUG o.s.w.s.a.HttpWebHandlerAdapter - enableLoggingRequestDetails='false': form data and headers will be masked to prevent unsafe logging of potentially sensitive data
17:53:07.718 [Test worker] DEBUG o.s.w.t.h.s.r.b.TomcatHttpServer - Starting TomcatHttpServer...
17:53:07.723 [Test worker] DEBUG o.s.w.t.h.s.r.b.TomcatHttpServer - Server started on port 53970(0 millis).
17:53:07.723 [Test worker] DEBUG o.s.w.c.RestTemplate - HTTP GET http://localhost:53970/flux
17:53:07.723 [Test worker] DEBUG o.s.w.c.RestTemplate - Accept=[application/json, application/x-jackson-smile, application/*+json]
17:53:07.729 [http-nio-auto-31-exec-1] DEBUG o.s.w.s.a.HttpWebHandlerAdapter - [486bf687] HTTP GET "/flux"
17:53:07.729 [http-nio-auto-31-exec-1] DEBUG o.s.h.c.j.Jackson2JsonEncoder - [486bf687] Encoding [[Person{name='John'}, Person{name='Jane'}]]
17:53:07.730 [http-nio-auto-31-exec-1] DEBUG o.s.w.s.a.HttpWebHandlerAdapter - [486bf687] Completed 200 OK
17:53:07.730 [Test worker] DEBUG o.s.w.c.RestTemplate - Response 200 OK
17:53:07.730 [Test worker] DEBUG o.s.w.c.RestTemplate - Reading to [java.util.List<org.springframework.web.reactive.function.server.PublisherHandlerFunctionIntegrationTests$Person>]
17:53:07.731 [Test worker] DEBUG o.s.w.t.h.s.r.b.TomcatHttpServer - Stopping TomcatHttpServer...
17:53:18.891 [Test worker] DEBUG o.s.w.t.h.s.r.b.TomcatHttpServer - Server stopped (0 millis).
17:53:18.908 [Test worker] DEBUG o.s.w.s.a.HttpWebHandlerAdapter - enableLoggingRequestDetails='false': form data and headers will be masked to prevent unsafe logging of potentially sensitive data
17:53:18.908 [Test worker] DEBUG o.s.w.t.h.s.r.b.UndertowHttpServer - Starting UndertowHttpServer...
17:53:18.908 [Test worker] INFO  i.undertow - starting server: Undertow - 2.2.7.Final
17:53:18.912 [Test worker] DEBUG o.s.w.t.h.s.r.b.UndertowHttpServer - Server started on port 54006(0 millis).
17:53:18.912 [Test worker] DEBUG o.s.w.c.RestTemplate - HTTP GET http://localhost:54006/flux
17:53:18.912 [Test worker] DEBUG o.s.w.c.RestTemplate - Accept=[application/json, application/x-jackson-smile, application/*+json]
17:53:18.932 [XNIO-31 I/O-13] DEBUG o.s.w.s.a.HttpWebHandlerAdapter - [4112ff2a-34] HTTP GET "/flux"
17:53:18.933 [XNIO-31 I/O-13] DEBUG o.s.h.c.j.Jackson2JsonEncoder - [4112ff2a-34] Encoding [[Person{name='John'}, Person{name='Jane'}]]
17:53:18.934 [XNIO-31 I/O-13] DEBUG o.s.w.s.a.HttpWebHandlerAdapter - [4112ff2a-34] Completed 200 OK
17:53:18.934 [Test worker] DEBUG o.s.w.c.RestTemplate - Response 200 OK
17:53:18.934 [Test worker] DEBUG o.s.w.c.RestTemplate - Reading to [java.util.List<org.springframework.web.reactive.function.server.PublisherHandlerFunctionIntegrationTests$Person>]
17:53:18.934 [Test worker] DEBUG o.s.w.t.h.s.r.b.UndertowHttpServer - Stopping UndertowHttpServer...
17:53:18.934 [Test worker] INFO  i.undertow - stopping server: Undertow - 2.2.7.Final
17:53:18.935 [Test worker] DEBUG o.s.w.t.h.s.r.b.UndertowHttpServer - Server stopped (0 millis).
17:53:18.950 [Test worker] DEBUG o.s.w.s.a.HttpWebHandlerAdapter - enableLoggingRequestDetails='false': form data and headers will be masked to prevent unsafe logging of potentially sensitive data
17:53:18.950 [Test worker] WARN  o.e.j.s.h.ContextHandler - Empty contextPath
17:53:18.950 [Test worker] INFO  o.e.j.s.h.ContextHandler - Started o.e.j.s.ServletContextHandler@3a759b07{/,null,AVAILABLE}
17:53:18.950 [Test worker] DEBUG o.s.w.t.h.s.r.b.JettyHttpServer - Starting JettyHttpServer...
17:53:18.951 [Test worker] INFO  o.e.j.s.Server - jetty-9.4.39.v20210325; built: 2021-03-25T14:42:11.471Z; git: 9fc7ca5a922f2a37b84ec9dbc26a5168cee7e667; jvm 1.8.0_181-b13
17:53:18.952 [Test worker] INFO  o.e.j.s.AbstractConnector - Started ServerConnector@74cd14c6{HTTP/1.1, (http/1.1)}{0.0.0.0:54008}
17:53:18.952 [Test worker] INFO  o.e.j.s.Server - Started @365983ms
17:53:18.952 [Test worker] DEBUG o.s.w.t.h.s.r.b.JettyHttpServer - Server started on port 54008(0 millis).
17:53:18.953 [Test worker] DEBUG o.s.w.c.RestTemplate - HTTP GET http://localhost:54008/mono
17:53:18.953 [Test worker] DEBUG o.s.w.c.RestTemplate - Accept=[application/json, application/x-jackson-smile, application/*+json]
17:53:18.959 [qtp26218036-1605] DEBUG o.s.w.s.a.HttpWebHandlerAdapter - [5d924762] HTTP GET "/mono"
17:53:18.959 [qtp26218036-1605] DEBUG o.s.h.c.j.Jackson2JsonEncoder - [5d924762] Encoding [Person{name='John'}]
17:53:18.960 [Test worker] DEBUG o.s.w.c.RestTemplate - Response 200 OK
17:53:18.960 [qtp26218036-1605] DEBUG o.s.w.s.a.HttpWebHandlerAdapter - [5d924762] Completed 200 OK
17:53:18.960 [Test worker] DEBUG o.s.w.c.RestTemplate - Reading to [org.springframework.web.reactive.function.server.PublisherHandlerFunctionIntegrationTests$Person]
17:53:18.960 [Test worker] DEBUG o.s.w.t.h.s.r.b.JettyHttpServer - Stopping JettyHttpServer...
17:53:18.960 [Test worker] INFO  o.e.j.s.h.ContextHandler - Stopped o.e.j.s.ServletContextHandler@3a759b07{/,null,STOPPED}
17:53:18.961 [Test worker] INFO  o.e.j.s.AbstractConnector - Stopped ServerConnector@74cd14c6{HTTP/1.1, (http/1.1)}{0.0.0.0:0}
17:53:18.961 [Test worker] DEBUG o.s.w.t.h.s.r.b.JettyHttpServer - Server stopped (0 millis).
17:53:18.974 [Test worker] DEBUG o.s.w.s.a.HttpWebHandlerAdapter - enableLoggingRequestDetails='false': form data and headers will be masked to prevent unsafe logging of potentially sensitive data
17:53:18.974 [Test worker] DEBUG o.s.w.t.h.s.r.b.ReactorHttpServer - Starting ReactorHttpServer...
17:53:18.975 [Test worker] DEBUG o.s.w.t.h.s.r.b.ReactorHttpServer - Server started on port 54010(0 millis).
17:53:18.975 [Test worker] DEBUG o.s.w.c.RestTemplate - HTTP GET http://localhost:54010/mono
17:53:18.975 [Test worker] DEBUG o.s.w.c.RestTemplate - Accept=[application/json, application/x-jackson-smile, application/*+json]
17:53:18.980 [reactor-http-nio-5] DEBUG o.s.w.s.a.HttpWebHandlerAdapter - [97689b29-1, L:/127.0.0.1:54010 - R:/127.0.0.1:54011] HTTP GET "/mono"
17:53:18.981 [reactor-http-nio-5] DEBUG o.s.h.c.j.Jackson2JsonEncoder - [97689b29-1, L:/127.0.0.1:54010 - R:/127.0.0.1:54011] Encoding [Person{name='John'}]
17:53:18.982 [reactor-http-nio-5] DEBUG o.s.w.s.a.HttpWebHandlerAdapter - [97689b29-1, L:/127.0.0.1:54010 - R:/127.0.0.1:54011] Completed 200 OK
17:53:18.982 [Test worker] DEBUG o.s.w.c.RestTemplate - Response 200 OK
17:53:18.982 [Test worker] DEBUG o.s.w.c.RestTemplate - Reading to [org.springframework.web.reactive.function.server.PublisherHandlerFunctionIntegrationTests$Person]
17:53:18.982 [Test worker] DEBUG o.s.w.t.h.s.r.b.ReactorHttpServer - Stopping ReactorHttpServer...
17:53:18.982 [Test worker] DEBUG o.s.w.t.h.s.r.b.ReactorHttpServer - Server stopped (0 millis).
17:53:18.994 [Test worker] DEBUG o.s.w.s.a.HttpWebHandlerAdapter - enableLoggingRequestDetails='false': form data and headers will be masked to prevent unsafe logging of potentially sensitive data
17:53:18.995 [Test worker] DEBUG o.s.w.t.h.s.r.b.TomcatHttpServer - Starting TomcatHttpServer...
17:53:18.999 [Test worker] DEBUG o.s.w.t.h.s.r.b.TomcatHttpServer - Server started on port 54012(0 millis).
17:53:18.999 [Test worker] DEBUG o.s.w.c.RestTemplate - HTTP GET http://localhost:54012/mono
17:53:18.999 [Test worker] DEBUG o.s.w.c.RestTemplate - Accept=[application/json, application/x-jackson-smile, application/*+json]
17:53:19.005 [http-nio-auto-32-exec-1] DEBUG o.s.w.s.a.HttpWebHandlerAdapter - [4d82c41d] HTTP GET "/mono"
17:53:19.006 [http-nio-auto-32-exec-1] DEBUG o.s.h.c.j.Jackson2JsonEncoder - [4d82c41d] Encoding [Person{name='John'}]
17:53:19.006 [http-nio-auto-32-exec-1] DEBUG o.s.w.s.a.HttpWebHandlerAdapter - [4d82c41d] Completed 200 OK
17:53:19.006 [Test worker] DEBUG o.s.w.c.RestTemplate - Response 200 OK
17:53:19.006 [Test worker] DEBUG o.s.w.c.RestTemplate - Reading to [org.springframework.web.reactive.function.server.PublisherHandlerFunctionIntegrationTests$Person]
17:53:19.007 [Test worker] DEBUG o.s.w.t.h.s.r.b.TomcatHttpServer - Stopping TomcatHttpServer...
17:53:30.231 [Test worker] DEBUG o.s.w.t.h.s.r.b.TomcatHttpServer - Server stopped (0 millis).
17:53:30.247 [Test worker] DEBUG o.s.w.s.a.HttpWebHandlerAdapter - enableLoggingRequestDetails='false': form data and headers will be masked to prevent unsafe logging of potentially sensitive data
17:53:30.247 [Test worker] DEBUG o.s.w.t.h.s.r.b.UndertowHttpServer - Starting UndertowHttpServer...
17:53:30.247 [Test worker] INFO  i.undertow - starting server: Undertow - 2.2.7.Final
17:53:30.249 [Test worker] DEBUG o.s.w.t.h.s.r.b.UndertowHttpServer - Server started on port 54036(0 millis).
17:53:30.249 [Test worker] DEBUG o.s.w.c.RestTemplate - HTTP GET http://localhost:54036/mono
17:53:30.250 [Test worker] DEBUG o.s.w.c.RestTemplate - Accept=[application/json, application/x-jackson-smile, application/*+json]
17:53:30.257 [XNIO-32 I/O-12] DEBUG o.s.w.s.a.HttpWebHandlerAdapter - [7c6c8e54-35] HTTP GET "/mono"
17:53:30.257 [XNIO-32 I/O-12] DEBUG o.s.h.c.j.Jackson2JsonEncoder - [7c6c8e54-35] Encoding [Person{name='John'}]
17:53:30.258 [XNIO-32 I/O-12] DEBUG o.s.w.s.a.HttpWebHandlerAdapter - [7c6c8e54-35] Completed 200 OK
17:53:30.258 [Test worker] DEBUG o.s.w.c.RestTemplate - Response 200 OK
17:53:30.258 [Test worker] DEBUG o.s.w.c.RestTemplate - Reading to [org.springframework.web.reactive.function.server.PublisherHandlerFunctionIntegrationTests$Person]
17:53:30.258 [Test worker] DEBUG o.s.w.t.h.s.r.b.UndertowHttpServer - Stopping UndertowHttpServer...
17:53:30.258 [Test worker] INFO  i.undertow - stopping server: Undertow - 2.2.7.Final
17:53:30.259 [Test worker] DEBUG o.s.w.t.h.s.r.b.UndertowHttpServer - Server stopped (0 millis).
17:53:30.273 [Test worker] DEBUG o.s.w.s.a.HttpWebHandlerAdapter - enableLoggingRequestDetails='false': form data and headers will be masked to prevent unsafe logging of potentially sensitive data
17:53:30.273 [Test worker] WARN  o.e.j.s.h.ContextHandler - Empty contextPath
17:53:30.273 [Test worker] INFO  o.e.j.s.h.ContextHandler - Started o.e.j.s.ServletContextHandler@6dddd468{/,null,AVAILABLE}
17:53:30.274 [Test worker] DEBUG o.s.w.t.h.s.r.b.JettyHttpServer - Starting JettyHttpServer...
17:53:30.274 [Test worker] INFO  o.e.j.s.Server - jetty-9.4.39.v20210325; built: 2021-03-25T14:42:11.471Z; git: 9fc7ca5a922f2a37b84ec9dbc26a5168cee7e667; jvm 1.8.0_181-b13
17:53:30.275 [Test worker] INFO  o.e.j.s.AbstractConnector - Started ServerConnector@2cdc64e2{HTTP/1.1, (http/1.1)}{0.0.0.0:54038}
17:53:30.275 [Test worker] INFO  o.e.j.s.Server - Started @377306ms
17:53:30.275 [Test worker] DEBUG o.s.w.t.h.s.r.b.JettyHttpServer - Server started on port 54038(0 millis).
17:53:30.275 [Test worker] DEBUG o.s.w.c.RestTemplate - HTTP POST http://localhost:54038/mono
17:53:30.276 [Test worker] DEBUG o.s.w.c.RestTemplate - Accept=[application/json, application/x-jackson-smile, application/*+json]
17:53:30.276 [Test worker] DEBUG o.s.w.c.RestTemplate - Writing [Person{name='Jack'}] with org.springframework.http.converter.json.MappingJackson2HttpMessageConverter
17:53:30.295 [qtp593059898-1650] DEBUG o.s.w.s.a.HttpWebHandlerAdapter - [defc48a] HTTP POST "/mono"
17:53:30.298 [qtp593059898-1650] DEBUG o.s.h.c.j.Jackson2JsonDecoder - [defc48a] Decoded [Person{name='Jack'}]
17:53:30.298 [qtp593059898-1650] DEBUG o.s.h.c.j.Jackson2JsonEncoder - [defc48a] Encoding [Person{name='Jack'}]
17:53:30.299 [qtp593059898-1650] DEBUG o.s.w.s.a.HttpWebHandlerAdapter - [defc48a] Completed 200 OK
17:53:30.299 [Test worker] DEBUG o.s.w.c.RestTemplate - Response 200 OK
17:53:30.299 [Test worker] DEBUG o.s.w.c.RestTemplate - Reading to [org.springframework.web.reactive.function.server.PublisherHandlerFunctionIntegrationTests$Person]
17:53:30.299 [Test worker] DEBUG o.s.w.t.h.s.r.b.JettyHttpServer - Stopping JettyHttpServer...
17:53:30.299 [Test worker] INFO  o.e.j.s.h.ContextHandler - Stopped o.e.j.s.ServletContextHandler@6dddd468{/,null,STOPPED}
17:53:30.300 [Test worker] INFO  o.e.j.s.AbstractConnector - Stopped ServerConnector@2cdc64e2{HTTP/1.1, (http/1.1)}{0.0.0.0:0}
17:53:30.300 [Test worker] DEBUG o.s.w.t.h.s.r.b.JettyHttpServer - Server stopped (0 millis).
17:53:30.314 [Test worker] DEBUG o.s.w.s.a.HttpWebHandlerAdapter - enableLoggingRequestDetails='false': form data and headers will be masked to prevent unsafe logging of potentially sensitive data
17:53:30.314 [Test worker] DEBUG o.s.w.t.h.s.r.b.ReactorHttpServer - Starting ReactorHttpServer...
17:53:30.314 [Test worker] DEBUG o.s.w.t.h.s.r.b.ReactorHttpServer - Server started on port 54040(0 millis).
17:53:30.314 [Test worker] DEBUG o.s.w.c.RestTemplate - HTTP POST http://localhost:54040/mono
17:53:30.315 [Test worker] DEBUG o.s.w.c.RestTemplate - Accept=[application/json, application/x-jackson-smile, application/*+json]
17:53:30.315 [Test worker] DEBUG o.s.w.c.RestTemplate - Writing [Person{name='Jack'}] with org.springframework.http.converter.json.MappingJackson2HttpMessageConverter
17:53:30.320 [reactor-http-nio-7] DEBUG o.s.w.s.a.HttpWebHandlerAdapter - [e1ff0afb-1, L:/127.0.0.1:54040 - R:/127.0.0.1:54041] HTTP POST "/mono"
17:53:30.321 [reactor-http-nio-7] DEBUG o.s.h.c.j.Jackson2JsonDecoder - [e1ff0afb-1, L:/127.0.0.1:54040 - R:/127.0.0.1:54041] Decoded [Person{name='Jack'}]
17:53:30.321 [reactor-http-nio-7] DEBUG o.s.h.c.j.Jackson2JsonEncoder - [e1ff0afb-1, L:/127.0.0.1:54040 - R:/127.0.0.1:54041] Encoding [Person{name='Jack'}]
17:53:30.322 [reactor-http-nio-7] DEBUG o.s.w.s.a.HttpWebHandlerAdapter - [e1ff0afb-1, L:/127.0.0.1:54040 - R:/127.0.0.1:54041] Completed 200 OK
17:53:30.322 [Test worker] DEBUG o.s.w.c.RestTemplate - Response 200 OK
17:53:30.322 [Test worker] DEBUG o.s.w.c.RestTemplate - Reading to [org.springframework.web.reactive.function.server.PublisherHandlerFunctionIntegrationTests$Person]
17:53:30.323 [Test worker] DEBUG o.s.w.t.h.s.r.b.ReactorHttpServer - Stopping ReactorHttpServer...
17:53:30.323 [Test worker] DEBUG o.s.w.t.h.s.r.b.ReactorHttpServer - Server stopped (0 millis).
17:53:30.336 [Test worker] DEBUG o.s.w.s.a.HttpWebHandlerAdapter - enableLoggingRequestDetails='false': form data and headers will be masked to prevent unsafe logging of potentially sensitive data
17:53:30.336 [Test worker] DEBUG o.s.w.t.h.s.r.b.TomcatHttpServer - Starting TomcatHttpServer...
17:53:30.340 [Test worker] DEBUG o.s.w.t.h.s.r.b.TomcatHttpServer - Server started on port 54042(0 millis).
17:53:30.340 [Test worker] DEBUG o.s.w.c.RestTemplate - HTTP POST http://localhost:54042/mono
17:53:30.340 [Test worker] DEBUG o.s.w.c.RestTemplate - Accept=[application/json, application/x-jackson-smile, application/*+json]
17:53:30.340 [Test worker] DEBUG o.s.w.c.RestTemplate - Writing [Person{name='Jack'}] with org.springframework.http.converter.json.MappingJackson2HttpMessageConverter
17:53:30.346 [http-nio-auto-33-exec-1] DEBUG o.s.w.s.a.HttpWebHandlerAdapter - [6e32c0cc] HTTP POST "/mono"
17:53:30.347 [http-nio-auto-33-exec-1] DEBUG o.s.h.c.j.Jackson2JsonDecoder - [6e32c0cc] Decoded [Person{name='Jack'}]
17:53:30.347 [http-nio-auto-33-exec-1] DEBUG o.s.h.c.j.Jackson2JsonEncoder - [6e32c0cc] Encoding [Person{name='Jack'}]
17:53:30.347 [http-nio-auto-33-exec-1] DEBUG o.s.w.s.a.HttpWebHandlerAdapter - [6e32c0cc] Completed 200 OK
17:53:30.347 [Test worker] DEBUG o.s.w.c.RestTemplate - Response 200 OK
17:53:30.347 [Test worker] DEBUG o.s.w.c.RestTemplate - Reading to [org.springframework.web.reactive.function.server.PublisherHandlerFunctionIntegrationTests$Person]
17:53:30.348 [Test worker] DEBUG o.s.w.t.h.s.r.b.TomcatHttpServer - Stopping TomcatHttpServer...
17:53:41.558 [Test worker] DEBUG o.s.w.t.h.s.r.b.TomcatHttpServer - Server stopped (0 millis).
17:53:41.574 [Test worker] DEBUG o.s.w.s.a.HttpWebHandlerAdapter - enableLoggingRequestDetails='false': form data and headers will be masked to prevent unsafe logging of potentially sensitive data
17:53:41.575 [Test worker] DEBUG o.s.w.t.h.s.r.b.UndertowHttpServer - Starting UndertowHttpServer...
17:53:41.575 [Test worker] INFO  i.undertow - starting server: Undertow - 2.2.7.Final
17:53:41.578 [Test worker] DEBUG o.s.w.t.h.s.r.b.UndertowHttpServer - Server started on port 54067(0 millis).
17:53:41.578 [Test worker] DEBUG o.s.w.c.RestTemplate - HTTP POST http://localhost:54067/mono
17:53:41.579 [Test worker] DEBUG o.s.w.c.RestTemplate - Accept=[application/json, application/x-jackson-smile, application/*+json]
17:53:41.579 [Test worker] DEBUG o.s.w.c.RestTemplate - Writing [Person{name='Jack'}] with org.springframework.http.converter.json.MappingJackson2HttpMessageConverter
17:53:41.585 [XNIO-33 I/O-5] DEBUG o.s.w.s.a.HttpWebHandlerAdapter - [7b3c2d31-36] HTTP POST "/mono"
17:53:41.586 [XNIO-33 I/O-5] DEBUG o.s.h.c.j.Jackson2JsonDecoder - [7b3c2d31-36] Decoded [Person{name='Jack'}]
17:53:41.586 [XNIO-33 I/O-5] DEBUG o.s.h.c.j.Jackson2JsonEncoder - [7b3c2d31-36] Encoding [Person{name='Jack'}]
17:53:41.586 [XNIO-33 I/O-5] DEBUG o.s.w.s.a.HttpWebHandlerAdapter - [7b3c2d31-36] Completed 200 OK
17:53:41.586 [Test worker] DEBUG o.s.w.c.RestTemplate - Response 200 OK
17:53:41.586 [Test worker] DEBUG o.s.w.c.RestTemplate - Reading to [org.springframework.web.reactive.function.server.PublisherHandlerFunctionIntegrationTests$Person]
17:53:41.587 [Test worker] DEBUG o.s.w.t.h.s.r.b.UndertowHttpServer - Stopping UndertowHttpServer...
17:53:41.587 [Test worker] INFO  i.undertow - stopping server: Undertow - 2.2.7.Final
17:53:41.587 [Test worker] DEBUG o.s.w.t.h.s.r.b.UndertowHttpServer - Server stopped (0 millis).
]]></system-out>
  <system-err><![CDATA[]]></system-err>
</testsuite>
