<?xml version="1.0" encoding="UTF-8"?>
<testsuite name="org.springframework.web.reactive.function.server.DispatcherHandlerIntegrationTests" tests="16" skipped="0" failures="0" errors="0" timestamp="2021-05-01T09:50:28" hostname="wangweilideMBP.lan" time="45.217">
  <properties/>
  <testcase name="[1] org.springframework.web.testfixture.http.server.reactive.bootstrap.JettyHttpServer@fd837b9" classname="org.springframework.web.reactive.function.server.DispatcherHandlerIntegrationTests" time="0.055"/>
  <testcase name="[2] org.springframework.web.testfixture.http.server.reactive.bootstrap.ReactorHttpServer@692a1fe0" classname="org.springframework.web.reactive.function.server.DispatcherHandlerIntegrationTests" time="0.034"/>
  <testcase name="[3] org.springframework.web.testfixture.http.server.reactive.bootstrap.TomcatHttpServer@4e2daaaa" classname="org.springframework.web.reactive.function.server.DispatcherHandlerIntegrationTests" time="11.183"/>
  <testcase name="[4] org.springframework.web.testfixture.http.server.reactive.bootstrap.UndertowHttpServer@798c8e0e" classname="org.springframework.web.reactive.function.server.DispatcherHandlerIntegrationTests" time="0.041"/>
  <testcase name="[1] org.springframework.web.testfixture.http.server.reactive.bootstrap.JettyHttpServer@3a6255b5" classname="org.springframework.web.reactive.function.server.DispatcherHandlerIntegrationTests" time="0.033"/>
  <testcase name="[2] org.springframework.web.testfixture.http.server.reactive.bootstrap.ReactorHttpServer@46cc3d6" classname="org.springframework.web.reactive.function.server.DispatcherHandlerIntegrationTests" time="0.029"/>
  <testcase name="[3] org.springframework.web.testfixture.http.server.reactive.bootstrap.TomcatHttpServer@49fd5e7b" classname="org.springframework.web.reactive.function.server.DispatcherHandlerIntegrationTests" time="11.174"/>
  <testcase name="[4] org.springframework.web.testfixture.http.server.reactive.bootstrap.UndertowHttpServer@5007fe6c" classname="org.springframework.web.reactive.function.server.DispatcherHandlerIntegrationTests" time="0.034"/>
  <testcase name="[1] org.springframework.web.testfixture.http.server.reactive.bootstrap.JettyHttpServer@2a8ba3e9" classname="org.springframework.web.reactive.function.server.DispatcherHandlerIntegrationTests" time="0.027"/>
  <testcase name="[2] org.springframework.web.testfixture.http.server.reactive.bootstrap.ReactorHttpServer@74036cc0" classname="org.springframework.web.reactive.function.server.DispatcherHandlerIntegrationTests" time="0.024"/>
  <testcase name="[3] org.springframework.web.testfixture.http.server.reactive.bootstrap.TomcatHttpServer@4ca50f07" classname="org.springframework.web.reactive.function.server.DispatcherHandlerIntegrationTests" time="11.175"/>
  <testcase name="[4] org.springframework.web.testfixture.http.server.reactive.bootstrap.UndertowHttpServer@3d1cc185" classname="org.springframework.web.reactive.function.server.DispatcherHandlerIntegrationTests" time="0.033"/>
  <testcase name="[1] org.springframework.web.testfixture.http.server.reactive.bootstrap.JettyHttpServer@59a9bf15" classname="org.springframework.web.reactive.function.server.DispatcherHandlerIntegrationTests" time="0.038"/>
  <testcase name="[2] org.springframework.web.testfixture.http.server.reactive.bootstrap.ReactorHttpServer@6b89cf31" classname="org.springframework.web.reactive.function.server.DispatcherHandlerIntegrationTests" time="0.027"/>
  <testcase name="[3] org.springframework.web.testfixture.http.server.reactive.bootstrap.TomcatHttpServer@71300612" classname="org.springframework.web.reactive.function.server.DispatcherHandlerIntegrationTests" time="11.168"/>
  <testcase name="[4] org.springframework.web.testfixture.http.server.reactive.bootstrap.UndertowHttpServer@2d239e5a" classname="org.springframework.web.reactive.function.server.DispatcherHandlerIntegrationTests" time="0.041"/>
  <system-out><![CDATA[17:50:28.516 [Test worker] DEBUG o.s.w.r.r.m.a.RequestMappingHandlerMapping - 1 mappings in 'requestMappingHandlerMapping'
17:50:28.528 [Test worker] DEBUG o.s.w.r.f.s.s.RouterFunctionMapping - 3 RouterFunction(s) in 'routerFunctionMapping'
17:50:28.532 [Test worker] DEBUG o.s.w.r.r.m.a.ControllerMethodResolver - ControllerAdvice beans: none
17:50:28.534 [Test worker] DEBUG o.s.w.s.a.HttpWebHandlerAdapter - enableLoggingRequestDetails='false': form data and headers will be masked to prevent unsafe logging of potentially sensitive data
17:50:28.538 [Test worker] WARN  o.e.j.s.h.ContextHandler - Empty contextPath
17:50:28.538 [Test worker] INFO  o.e.j.s.h.ContextHandler - Started o.e.j.s.ServletContextHandler@1ce4c438{/,null,AVAILABLE}
17:50:28.538 [Test worker] DEBUG o.s.w.t.h.s.r.b.JettyHttpServer - Starting JettyHttpServer...
17:50:28.538 [Test worker] INFO  o.e.j.s.Server - jetty-9.4.39.v20210325; built: 2021-03-25T14:42:11.471Z; git: 9fc7ca5a922f2a37b84ec9dbc26a5168cee7e667; jvm 1.8.0_181-b13
17:50:28.540 [Test worker] INFO  o.e.j.s.AbstractConnector - Started ServerConnector@2ff08eb3{HTTP/1.1, (http/1.1)}{0.0.0.0:53402}
17:50:28.540 [Test worker] INFO  o.e.j.s.Server - Started @195566ms
17:50:28.540 [Test worker] DEBUG o.s.w.t.h.s.r.b.JettyHttpServer - Server started on port 53402(0 millis).
17:50:28.540 [Test worker] DEBUG o.s.w.c.RestTemplate - HTTP GET http://localhost:53402/flux
17:50:28.540 [Test worker] DEBUG o.s.w.c.RestTemplate - Accept=[application/json, application/x-jackson-smile, application/*+json]
17:50:28.546 [qtp501383396-1275] DEBUG o.s.w.s.a.HttpWebHandlerAdapter - [528ca3be] HTTP GET "/flux"
17:50:28.549 [qtp501383396-1275] DEBUG o.s.w.r.f.s.s.RouterFunctionMapping - [528ca3be] Mapped to org.springframework.web.reactive.function.server.DispatcherHandlerIntegrationTests$TestConfiguration$$Lambda$1513/1005121216@66a0e6ce
17:50:28.557 [qtp501383396-1275] DEBUG o.s.h.c.j.Jackson2JsonEncoder - [528ca3be] Encoding [[Person{name='John'}, Person{name='Jane'}]]
17:50:28.558 [qtp501383396-1275] DEBUG o.s.w.s.a.HttpWebHandlerAdapter - [528ca3be] Completed 200 OK
17:50:28.558 [Test worker] DEBUG o.s.w.c.RestTemplate - Response 200 OK
17:50:28.558 [Test worker] DEBUG o.s.w.c.RestTemplate - Reading to [java.util.List<org.springframework.web.reactive.function.server.DispatcherHandlerIntegrationTests$Person>]
17:50:28.562 [Test worker] DEBUG o.s.w.t.h.s.r.b.JettyHttpServer - Stopping JettyHttpServer...
17:50:28.562 [Test worker] INFO  o.e.j.s.h.ContextHandler - Stopped o.e.j.s.ServletContextHandler@1ce4c438{/,null,STOPPED}
17:50:28.563 [Test worker] INFO  o.e.j.s.AbstractConnector - Stopped ServerConnector@2ff08eb3{HTTP/1.1, (http/1.1)}{0.0.0.0:0}
17:50:28.563 [Test worker] DEBUG o.s.w.t.h.s.r.b.JettyHttpServer - Server stopped (0 millis).
17:50:28.576 [Test worker] DEBUG o.s.w.r.r.m.a.RequestMappingHandlerMapping - 1 mappings in 'requestMappingHandlerMapping'
17:50:28.584 [Test worker] DEBUG o.s.w.r.f.s.s.RouterFunctionMapping - 3 RouterFunction(s) in 'routerFunctionMapping'
17:50:28.589 [Test worker] DEBUG o.s.w.r.r.m.a.ControllerMethodResolver - ControllerAdvice beans: none
17:50:28.591 [Test worker] DEBUG o.s.w.s.a.HttpWebHandlerAdapter - enableLoggingRequestDetails='false': form data and headers will be masked to prevent unsafe logging of potentially sensitive data
17:50:28.591 [Test worker] DEBUG o.s.w.t.h.s.r.b.ReactorHttpServer - Starting ReactorHttpServer...
17:50:28.592 [Test worker] DEBUG o.s.w.t.h.s.r.b.ReactorHttpServer - Server started on port 53404(0 millis).
17:50:28.592 [Test worker] DEBUG o.s.w.c.RestTemplate - HTTP GET http://localhost:53404/flux
17:50:28.593 [Test worker] DEBUG o.s.w.c.RestTemplate - Accept=[application/json, application/x-jackson-smile, application/*+json]
17:50:28.601 [reactor-http-nio-2] DEBUG o.s.w.s.a.HttpWebHandlerAdapter - [4240288c-1, L:/127.0.0.1:53404 - R:/127.0.0.1:53405] HTTP GET "/flux"
17:50:28.601 [reactor-http-nio-2] DEBUG o.s.w.r.f.s.s.RouterFunctionMapping - [4240288c-1, L:/127.0.0.1:53404 - R:/127.0.0.1:53405] Mapped to org.springframework.web.reactive.function.server.DispatcherHandlerIntegrationTests$TestConfiguration$$Lambda$1513/1005121216@554cacf3
17:50:28.602 [reactor-http-nio-2] DEBUG o.s.h.c.j.Jackson2JsonEncoder - [4240288c-1, L:/127.0.0.1:53404 - R:/127.0.0.1:53405] Encoding [[Person{name='John'}, Person{name='Jane'}]]
17:50:28.603 [Test worker] DEBUG o.s.w.c.RestTemplate - Response 200 OK
17:50:28.604 [reactor-http-nio-2] DEBUG o.s.w.s.a.HttpWebHandlerAdapter - [4240288c-1, L:/127.0.0.1:53404 - R:/127.0.0.1:53405] Completed 200 OK
17:50:28.604 [Test worker] DEBUG o.s.w.c.RestTemplate - Reading to [java.util.List<org.springframework.web.reactive.function.server.DispatcherHandlerIntegrationTests$Person>]
17:50:28.604 [Test worker] DEBUG o.s.w.t.h.s.r.b.ReactorHttpServer - Stopping ReactorHttpServer...
17:50:28.604 [Test worker] DEBUG o.s.w.t.h.s.r.b.ReactorHttpServer - Server stopped (0 millis).
17:50:28.617 [Test worker] DEBUG o.s.w.r.r.m.a.RequestMappingHandlerMapping - 1 mappings in 'requestMappingHandlerMapping'
17:50:28.625 [Test worker] DEBUG o.s.w.r.f.s.s.RouterFunctionMapping - 3 RouterFunction(s) in 'routerFunctionMapping'
17:50:28.630 [Test worker] DEBUG o.s.w.r.r.m.a.ControllerMethodResolver - ControllerAdvice beans: none
17:50:28.632 [Test worker] DEBUG o.s.w.s.a.HttpWebHandlerAdapter - enableLoggingRequestDetails='false': form data and headers will be masked to prevent unsafe logging of potentially sensitive data
17:50:28.632 [Test worker] DEBUG o.s.w.t.h.s.r.b.TomcatHttpServer - Starting TomcatHttpServer...
17:50:28.638 [Test worker] DEBUG o.s.w.t.h.s.r.b.TomcatHttpServer - Server started on port 53406(0 millis).
17:50:28.638 [Test worker] DEBUG o.s.w.c.RestTemplate - HTTP GET http://localhost:53406/flux
17:50:28.638 [Test worker] DEBUG o.s.w.c.RestTemplate - Accept=[application/json, application/x-jackson-smile, application/*+json]
17:50:28.647 [http-nio-auto-18-exec-1] DEBUG o.s.w.s.a.HttpWebHandlerAdapter - [6529707e] HTTP GET "/flux"
17:50:28.647 [http-nio-auto-18-exec-1] DEBUG o.s.w.r.f.s.s.RouterFunctionMapping - [6529707e] Mapped to org.springframework.web.reactive.function.server.DispatcherHandlerIntegrationTests$TestConfiguration$$Lambda$1513/1005121216@6bee92ab
17:50:28.648 [http-nio-auto-18-exec-1] DEBUG o.s.h.c.j.Jackson2JsonEncoder - [6529707e] Encoding [[Person{name='John'}, Person{name='Jane'}]]
17:50:28.649 [http-nio-auto-18-exec-1] DEBUG o.s.w.s.a.HttpWebHandlerAdapter - [6529707e] Completed 200 OK
17:50:28.649 [Test worker] DEBUG o.s.w.c.RestTemplate - Response 200 OK
17:50:28.650 [Test worker] DEBUG o.s.w.c.RestTemplate - Reading to [java.util.List<org.springframework.web.reactive.function.server.DispatcherHandlerIntegrationTests$Person>]
17:50:28.651 [Test worker] DEBUG o.s.w.t.h.s.r.b.TomcatHttpServer - Stopping TomcatHttpServer...
17:50:39.794 [Test worker] DEBUG o.s.w.t.h.s.r.b.TomcatHttpServer - Server stopped (0 millis).
17:50:39.818 [Test worker] DEBUG o.s.w.r.r.m.a.RequestMappingHandlerMapping - 1 mappings in 'requestMappingHandlerMapping'
17:50:39.825 [Test worker] DEBUG o.s.w.r.f.s.s.RouterFunctionMapping - 3 RouterFunction(s) in 'routerFunctionMapping'
17:50:39.830 [Test worker] DEBUG o.s.w.r.r.m.a.ControllerMethodResolver - ControllerAdvice beans: none
17:50:39.832 [Test worker] DEBUG o.s.w.s.a.HttpWebHandlerAdapter - enableLoggingRequestDetails='false': form data and headers will be masked to prevent unsafe logging of potentially sensitive data
17:50:39.832 [Test worker] DEBUG o.s.w.t.h.s.r.b.UndertowHttpServer - Starting UndertowHttpServer...
17:50:39.832 [Test worker] INFO  i.undertow - starting server: Undertow - 2.2.7.Final
17:50:39.838 [Test worker] DEBUG o.s.w.t.h.s.r.b.UndertowHttpServer - Server started on port 53450(0 millis).
17:50:39.838 [Test worker] DEBUG o.s.w.c.RestTemplate - HTTP GET http://localhost:53450/flux
17:50:39.839 [Test worker] DEBUG o.s.w.c.RestTemplate - Accept=[application/json, application/x-jackson-smile, application/*+json]
17:50:39.845 [XNIO-17 I/O-7] DEBUG o.s.w.s.a.HttpWebHandlerAdapter - [7292d921-17] HTTP GET "/flux"
17:50:39.845 [XNIO-17 I/O-7] DEBUG o.s.w.r.f.s.s.RouterFunctionMapping - [7292d921-17] Mapped to org.springframework.web.reactive.function.server.DispatcherHandlerIntegrationTests$TestConfiguration$$Lambda$1513/1005121216@7c553903
17:50:39.846 [XNIO-17 I/O-7] DEBUG o.s.h.c.j.Jackson2JsonEncoder - [7292d921-17] Encoding [[Person{name='John'}, Person{name='Jane'}]]
17:50:39.847 [XNIO-17 I/O-7] DEBUG o.s.w.s.a.HttpWebHandlerAdapter - [7292d921-17] Completed 200 OK
17:50:39.847 [Test worker] DEBUG o.s.w.c.RestTemplate - Response 200 OK
17:50:39.847 [Test worker] DEBUG o.s.w.c.RestTemplate - Reading to [java.util.List<org.springframework.web.reactive.function.server.DispatcherHandlerIntegrationTests$Person>]
17:50:39.848 [Test worker] DEBUG o.s.w.t.h.s.r.b.UndertowHttpServer - Stopping UndertowHttpServer...
17:50:39.848 [Test worker] INFO  i.undertow - stopping server: Undertow - 2.2.7.Final
17:50:39.849 [Test worker] DEBUG o.s.w.t.h.s.r.b.UndertowHttpServer - Server stopped (0 millis).
17:50:39.863 [Test worker] DEBUG o.s.w.r.r.m.a.RequestMappingHandlerMapping - 1 mappings in 'requestMappingHandlerMapping'
17:50:39.870 [Test worker] DEBUG o.s.w.r.f.s.s.RouterFunctionMapping - 3 RouterFunction(s) in 'routerFunctionMapping'
17:50:39.874 [Test worker] DEBUG o.s.w.r.r.m.a.ControllerMethodResolver - ControllerAdvice beans: none
17:50:39.876 [Test worker] DEBUG o.s.w.s.a.HttpWebHandlerAdapter - enableLoggingRequestDetails='false': form data and headers will be masked to prevent unsafe logging of potentially sensitive data
17:50:39.876 [Test worker] WARN  o.e.j.s.h.ContextHandler - Empty contextPath
17:50:39.876 [Test worker] INFO  o.e.j.s.h.ContextHandler - Started o.e.j.s.ServletContextHandler@5e90106b{/,null,AVAILABLE}
17:50:39.877 [Test worker] DEBUG o.s.w.t.h.s.r.b.JettyHttpServer - Starting JettyHttpServer...
17:50:39.877 [Test worker] INFO  o.e.j.s.Server - jetty-9.4.39.v20210325; built: 2021-03-25T14:42:11.471Z; git: 9fc7ca5a922f2a37b84ec9dbc26a5168cee7e667; jvm 1.8.0_181-b13
17:50:39.878 [Test worker] INFO  o.e.j.s.AbstractConnector - Started ServerConnector@57929cc2{HTTP/1.1, (http/1.1)}{0.0.0.0:53452}
17:50:39.878 [Test worker] INFO  o.e.j.s.Server - Started @206904ms
17:50:39.878 [Test worker] DEBUG o.s.w.t.h.s.r.b.JettyHttpServer - Server started on port 53452(0 millis).
17:50:39.878 [Test worker] DEBUG o.s.w.c.RestTemplate - HTTP GET http://localhost:53452/mono
17:50:39.879 [Test worker] DEBUG o.s.w.c.RestTemplate - Accept=[application/json, application/x-jackson-smile, application/*+json]
17:50:39.885 [qtp2088569946-1321] DEBUG o.s.w.s.a.HttpWebHandlerAdapter - [69a1949e] HTTP GET "/mono"
17:50:39.885 [qtp2088569946-1321] DEBUG o.s.w.r.f.s.s.RouterFunctionMapping - [69a1949e] Mapped to org.springframework.web.reactive.function.server.DispatcherHandlerIntegrationTests$TestConfiguration$$Lambda$1512/1460647458@676677da
17:50:39.888 [qtp2088569946-1321] DEBUG o.s.h.c.j.Jackson2JsonEncoder - [69a1949e] Encoding [Person{name='John'}]
17:50:39.889 [Test worker] DEBUG o.s.w.c.RestTemplate - Response 200 OK
17:50:39.889 [qtp2088569946-1321] DEBUG o.s.w.s.a.HttpWebHandlerAdapter - [69a1949e] Completed 200 OK
17:50:39.889 [Test worker] DEBUG o.s.w.c.RestTemplate - Reading to [org.springframework.web.reactive.function.server.DispatcherHandlerIntegrationTests$Person]
17:50:39.889 [Test worker] DEBUG o.s.w.t.h.s.r.b.JettyHttpServer - Stopping JettyHttpServer...
17:50:39.889 [Test worker] INFO  o.e.j.s.h.ContextHandler - Stopped o.e.j.s.ServletContextHandler@5e90106b{/,null,STOPPED}
17:50:39.890 [Test worker] INFO  o.e.j.s.AbstractConnector - Stopped ServerConnector@57929cc2{HTTP/1.1, (http/1.1)}{0.0.0.0:0}
17:50:39.890 [Test worker] DEBUG o.s.w.t.h.s.r.b.JettyHttpServer - Server stopped (0 millis).
17:50:39.901 [Test worker] DEBUG o.s.w.r.r.m.a.RequestMappingHandlerMapping - 1 mappings in 'requestMappingHandlerMapping'
17:50:39.908 [Test worker] DEBUG o.s.w.r.f.s.s.RouterFunctionMapping - 3 RouterFunction(s) in 'routerFunctionMapping'
17:50:39.912 [Test worker] DEBUG o.s.w.r.r.m.a.ControllerMethodResolver - ControllerAdvice beans: none
17:50:39.914 [Test worker] DEBUG o.s.w.s.a.HttpWebHandlerAdapter - enableLoggingRequestDetails='false': form data and headers will be masked to prevent unsafe logging of potentially sensitive data
17:50:39.914 [Test worker] DEBUG o.s.w.t.h.s.r.b.ReactorHttpServer - Starting ReactorHttpServer...
17:50:39.915 [Test worker] DEBUG o.s.w.t.h.s.r.b.ReactorHttpServer - Server started on port 53454(0 millis).
17:50:39.915 [Test worker] DEBUG o.s.w.c.RestTemplate - HTTP GET http://localhost:53454/mono
17:50:39.916 [Test worker] DEBUG o.s.w.c.RestTemplate - Accept=[application/json, application/x-jackson-smile, application/*+json]
17:50:39.922 [reactor-http-nio-4] DEBUG o.s.w.s.a.HttpWebHandlerAdapter - [cf97927c-1, L:/127.0.0.1:53454 - R:/127.0.0.1:53455] HTTP GET "/mono"
17:50:39.923 [reactor-http-nio-4] DEBUG o.s.w.r.f.s.s.RouterFunctionMapping - [cf97927c-1, L:/127.0.0.1:53454 - R:/127.0.0.1:53455] Mapped to org.springframework.web.reactive.function.server.DispatcherHandlerIntegrationTests$TestConfiguration$$Lambda$1512/1460647458@46101ec0
17:50:39.923 [reactor-http-nio-4] DEBUG o.s.h.c.j.Jackson2JsonEncoder - [cf97927c-1, L:/127.0.0.1:53454 - R:/127.0.0.1:53455] Encoding [Person{name='John'}]
17:50:39.924 [reactor-http-nio-4] DEBUG o.s.w.s.a.HttpWebHandlerAdapter - [cf97927c-1, L:/127.0.0.1:53454 - R:/127.0.0.1:53455] Completed 200 OK
17:50:39.924 [Test worker] DEBUG o.s.w.c.RestTemplate - Response 200 OK
17:50:39.924 [Test worker] DEBUG o.s.w.c.RestTemplate - Reading to [org.springframework.web.reactive.function.server.DispatcherHandlerIntegrationTests$Person]
17:50:39.925 [Test worker] DEBUG o.s.w.t.h.s.r.b.ReactorHttpServer - Stopping ReactorHttpServer...
17:50:39.925 [Test worker] DEBUG o.s.w.t.h.s.r.b.ReactorHttpServer - Server stopped (0 millis).
17:50:39.936 [Test worker] DEBUG o.s.w.r.r.m.a.RequestMappingHandlerMapping - 1 mappings in 'requestMappingHandlerMapping'
17:50:39.942 [Test worker] DEBUG o.s.w.r.f.s.s.RouterFunctionMapping - 3 RouterFunction(s) in 'routerFunctionMapping'
17:50:39.946 [Test worker] DEBUG o.s.w.r.r.m.a.ControllerMethodResolver - ControllerAdvice beans: none
17:50:39.947 [Test worker] DEBUG o.s.w.s.a.HttpWebHandlerAdapter - enableLoggingRequestDetails='false': form data and headers will be masked to prevent unsafe logging of potentially sensitive data
17:50:39.947 [Test worker] DEBUG o.s.w.t.h.s.r.b.TomcatHttpServer - Starting TomcatHttpServer...
17:50:39.952 [Test worker] DEBUG o.s.w.t.h.s.r.b.TomcatHttpServer - Server started on port 53456(0 millis).
17:50:39.952 [Test worker] DEBUG o.s.w.c.RestTemplate - HTTP GET http://localhost:53456/mono
17:50:39.953 [Test worker] DEBUG o.s.w.c.RestTemplate - Accept=[application/json, application/x-jackson-smile, application/*+json]
17:50:39.961 [http-nio-auto-19-exec-1] DEBUG o.s.w.s.a.HttpWebHandlerAdapter - [6661f4a4] HTTP GET "/mono"
17:50:39.961 [http-nio-auto-19-exec-1] DEBUG o.s.w.r.f.s.s.RouterFunctionMapping - [6661f4a4] Mapped to org.springframework.web.reactive.function.server.DispatcherHandlerIntegrationTests$TestConfiguration$$Lambda$1512/1460647458@68a60618
17:50:39.961 [http-nio-auto-19-exec-1] DEBUG o.s.h.c.j.Jackson2JsonEncoder - [6661f4a4] Encoding [Person{name='John'}]
17:50:39.962 [http-nio-auto-19-exec-1] DEBUG o.s.w.s.a.HttpWebHandlerAdapter - [6661f4a4] Completed 200 OK
17:50:39.962 [Test worker] DEBUG o.s.w.c.RestTemplate - Response 200 OK
17:50:39.963 [Test worker] DEBUG o.s.w.c.RestTemplate - Reading to [org.springframework.web.reactive.function.server.DispatcherHandlerIntegrationTests$Person]
17:50:39.963 [Test worker] DEBUG o.s.w.t.h.s.r.b.TomcatHttpServer - Stopping TomcatHttpServer...
17:50:51.104 [Test worker] DEBUG o.s.w.t.h.s.r.b.TomcatHttpServer - Server stopped (0 millis).
17:50:51.120 [Test worker] DEBUG o.s.w.r.r.m.a.RequestMappingHandlerMapping - 1 mappings in 'requestMappingHandlerMapping'
17:50:51.126 [Test worker] DEBUG o.s.w.r.f.s.s.RouterFunctionMapping - 3 RouterFunction(s) in 'routerFunctionMapping'
17:50:51.130 [Test worker] DEBUG o.s.w.r.r.m.a.ControllerMethodResolver - ControllerAdvice beans: none
17:50:51.132 [Test worker] DEBUG o.s.w.s.a.HttpWebHandlerAdapter - enableLoggingRequestDetails='false': form data and headers will be masked to prevent unsafe logging of potentially sensitive data
17:50:51.132 [Test worker] DEBUG o.s.w.t.h.s.r.b.UndertowHttpServer - Starting UndertowHttpServer...
17:50:51.132 [Test worker] INFO  i.undertow - starting server: Undertow - 2.2.7.Final
17:50:51.135 [Test worker] DEBUG o.s.w.t.h.s.r.b.UndertowHttpServer - Server started on port 53520(0 millis).
17:50:51.135 [Test worker] DEBUG o.s.w.c.RestTemplate - HTTP GET http://localhost:53520/mono
17:50:51.136 [Test worker] DEBUG o.s.w.c.RestTemplate - Accept=[application/json, application/x-jackson-smile, application/*+json]
17:50:51.142 [XNIO-18 I/O-7] DEBUG o.s.w.s.a.HttpWebHandlerAdapter - [7554bf8f-18] HTTP GET "/mono"
17:50:51.142 [XNIO-18 I/O-7] DEBUG o.s.w.r.f.s.s.RouterFunctionMapping - [7554bf8f-18] Mapped to org.springframework.web.reactive.function.server.DispatcherHandlerIntegrationTests$TestConfiguration$$Lambda$1512/1460647458@7b934f55
17:50:51.142 [XNIO-18 I/O-7] DEBUG o.s.h.c.j.Jackson2JsonEncoder - [7554bf8f-18] Encoding [Person{name='John'}]
17:50:51.143 [XNIO-18 I/O-7] DEBUG o.s.w.s.a.HttpWebHandlerAdapter - [7554bf8f-18] Completed 200 OK
17:50:51.143 [Test worker] DEBUG o.s.w.c.RestTemplate - Response 200 OK
17:50:51.143 [Test worker] DEBUG o.s.w.c.RestTemplate - Reading to [org.springframework.web.reactive.function.server.DispatcherHandlerIntegrationTests$Person]
17:50:51.143 [Test worker] DEBUG o.s.w.t.h.s.r.b.UndertowHttpServer - Stopping UndertowHttpServer...
17:50:51.143 [Test worker] INFO  i.undertow - stopping server: Undertow - 2.2.7.Final
17:50:51.144 [Test worker] DEBUG o.s.w.t.h.s.r.b.UndertowHttpServer - Server stopped (0 millis).
17:50:51.155 [Test worker] DEBUG o.s.w.r.r.m.a.RequestMappingHandlerMapping - 1 mappings in 'requestMappingHandlerMapping'
17:50:51.160 [Test worker] DEBUG o.s.w.r.f.s.s.RouterFunctionMapping - 3 RouterFunction(s) in 'routerFunctionMapping'
17:50:51.164 [Test worker] DEBUG o.s.w.r.r.m.a.ControllerMethodResolver - ControllerAdvice beans: none
17:50:51.165 [Test worker] DEBUG o.s.w.s.a.HttpWebHandlerAdapter - enableLoggingRequestDetails='false': form data and headers will be masked to prevent unsafe logging of potentially sensitive data
17:50:51.165 [Test worker] WARN  o.e.j.s.h.ContextHandler - Empty contextPath
17:50:51.166 [Test worker] INFO  o.e.j.s.h.ContextHandler - Started o.e.j.s.ServletContextHandler@6955cb42{/,null,AVAILABLE}
17:50:51.166 [Test worker] DEBUG o.s.w.t.h.s.r.b.JettyHttpServer - Starting JettyHttpServer...
17:50:51.166 [Test worker] INFO  o.e.j.s.Server - jetty-9.4.39.v20210325; built: 2021-03-25T14:42:11.471Z; git: 9fc7ca5a922f2a37b84ec9dbc26a5168cee7e667; jvm 1.8.0_181-b13
17:50:51.167 [Test worker] INFO  o.e.j.s.AbstractConnector - Started ServerConnector@64f8cbee{HTTP/1.1, (http/1.1)}{0.0.0.0:53522}
17:50:51.167 [Test worker] INFO  o.e.j.s.Server - Started @218193ms
17:50:51.167 [Test worker] DEBUG o.s.w.t.h.s.r.b.JettyHttpServer - Server started on port 53522(0 millis).
17:50:51.167 [Test worker] DEBUG o.s.w.c.RestTemplate - HTTP GET http://localhost:53522/attributes/bar
17:50:51.167 [Test worker] DEBUG o.s.w.c.RestTemplate - Accept=[text/plain, application/json, application/x-jackson-smile, application/*+json, */*]
17:50:51.173 [qtp469244108-1366] DEBUG o.s.w.s.a.HttpWebHandlerAdapter - [723cf807] HTTP GET "/attributes/bar"
17:50:51.175 [qtp469244108-1366] DEBUG o.s.w.r.f.s.s.RouterFunctionMapping - [723cf807] Mapped to org.springframework.web.reactive.function.server.DispatcherHandlerIntegrationTests$TestConfiguration$$Lambda$1514/824973363@31cbe097
17:50:51.176 [qtp469244108-1366] DEBUG o.s.w.s.a.HttpWebHandlerAdapter - [723cf807] Completed 200 OK
17:50:51.176 [Test worker] DEBUG o.s.w.c.RestTemplate - Response 200 OK
17:50:51.176 [Test worker] DEBUG o.s.w.t.h.s.r.b.JettyHttpServer - Stopping JettyHttpServer...
17:50:51.176 [Test worker] INFO  o.e.j.s.h.ContextHandler - Stopped o.e.j.s.ServletContextHandler@6955cb42{/,null,STOPPED}
17:50:51.177 [Test worker] INFO  o.e.j.s.AbstractConnector - Stopped ServerConnector@64f8cbee{HTTP/1.1, (http/1.1)}{0.0.0.0:0}
17:50:51.178 [Test worker] DEBUG o.s.w.t.h.s.r.b.JettyHttpServer - Server stopped (0 millis).
17:50:51.188 [Test worker] DEBUG o.s.w.r.r.m.a.RequestMappingHandlerMapping - 1 mappings in 'requestMappingHandlerMapping'
17:50:51.194 [Test worker] DEBUG o.s.w.r.f.s.s.RouterFunctionMapping - 3 RouterFunction(s) in 'routerFunctionMapping'
17:50:51.197 [Test worker] DEBUG o.s.w.r.r.m.a.ControllerMethodResolver - ControllerAdvice beans: none
17:50:51.199 [Test worker] DEBUG o.s.w.s.a.HttpWebHandlerAdapter - enableLoggingRequestDetails='false': form data and headers will be masked to prevent unsafe logging of potentially sensitive data
17:50:51.199 [Test worker] DEBUG o.s.w.t.h.s.r.b.ReactorHttpServer - Starting ReactorHttpServer...
17:50:51.200 [Test worker] DEBUG o.s.w.t.h.s.r.b.ReactorHttpServer - Server started on port 53524(0 millis).
17:50:51.200 [Test worker] DEBUG o.s.w.c.RestTemplate - HTTP GET http://localhost:53524/attributes/bar
17:50:51.200 [Test worker] DEBUG o.s.w.c.RestTemplate - Accept=[text/plain, application/json, application/x-jackson-smile, application/*+json, */*]
17:50:51.206 [reactor-http-nio-6] DEBUG o.s.w.s.a.HttpWebHandlerAdapter - [d5a3287e-1, L:/127.0.0.1:53524 - R:/127.0.0.1:53525] HTTP GET "/attributes/bar"
17:50:51.206 [reactor-http-nio-6] DEBUG o.s.w.r.f.s.s.RouterFunctionMapping - [d5a3287e-1, L:/127.0.0.1:53524 - R:/127.0.0.1:53525] Mapped to org.springframework.web.reactive.function.server.DispatcherHandlerIntegrationTests$TestConfiguration$$Lambda$1514/824973363@3ff41d5b
17:50:51.207 [reactor-http-nio-6] DEBUG o.s.w.s.a.HttpWebHandlerAdapter - [d5a3287e-1, L:/127.0.0.1:53524 - R:/127.0.0.1:53525] Completed 200 OK
17:50:51.207 [Test worker] DEBUG o.s.w.c.RestTemplate - Response 200 OK
17:50:51.207 [Test worker] DEBUG o.s.w.t.h.s.r.b.ReactorHttpServer - Stopping ReactorHttpServer...
17:50:51.207 [Test worker] DEBUG o.s.w.t.h.s.r.b.ReactorHttpServer - Server stopped (0 millis).
17:50:51.217 [Test worker] DEBUG o.s.w.r.r.m.a.RequestMappingHandlerMapping - 1 mappings in 'requestMappingHandlerMapping'
17:50:51.223 [Test worker] DEBUG o.s.w.r.f.s.s.RouterFunctionMapping - 3 RouterFunction(s) in 'routerFunctionMapping'
17:50:51.227 [Test worker] DEBUG o.s.w.r.r.m.a.ControllerMethodResolver - ControllerAdvice beans: none
17:50:51.228 [Test worker] DEBUG o.s.w.s.a.HttpWebHandlerAdapter - enableLoggingRequestDetails='false': form data and headers will be masked to prevent unsafe logging of potentially sensitive data
17:50:51.228 [Test worker] DEBUG o.s.w.t.h.s.r.b.TomcatHttpServer - Starting TomcatHttpServer...
17:50:51.236 [Test worker] DEBUG o.s.w.t.h.s.r.b.TomcatHttpServer - Server started on port 53530(0 millis).
17:50:51.236 [Test worker] DEBUG o.s.w.c.RestTemplate - HTTP GET http://localhost:53530/attributes/bar
17:50:51.236 [Test worker] DEBUG o.s.w.c.RestTemplate - Accept=[text/plain, application/json, application/x-jackson-smile, application/*+json, */*]
17:50:51.248 [http-nio-auto-20-exec-1] DEBUG o.s.w.s.a.HttpWebHandlerAdapter - [5dc4d0d9] HTTP GET "/attributes/bar"
17:50:51.248 [http-nio-auto-20-exec-1] DEBUG o.s.w.r.f.s.s.RouterFunctionMapping - [5dc4d0d9] Mapped to org.springframework.web.reactive.function.server.DispatcherHandlerIntegrationTests$TestConfiguration$$Lambda$1514/824973363@53032511
17:50:51.248 [http-nio-auto-20-exec-1] DEBUG o.s.w.s.a.HttpWebHandlerAdapter - [5dc4d0d9] Completed 200 OK
17:50:51.251 [Test worker] DEBUG o.s.w.c.RestTemplate - Response 200 OK
17:50:51.252 [Test worker] DEBUG o.s.w.t.h.s.r.b.TomcatHttpServer - Stopping TomcatHttpServer...
17:51:02.387 [Test worker] DEBUG o.s.w.t.h.s.r.b.TomcatHttpServer - Server stopped (0 millis).
17:51:02.402 [Test worker] DEBUG o.s.w.r.r.m.a.RequestMappingHandlerMapping - 1 mappings in 'requestMappingHandlerMapping'
17:51:02.408 [Test worker] DEBUG o.s.w.r.f.s.s.RouterFunctionMapping - 3 RouterFunction(s) in 'routerFunctionMapping'
17:51:02.411 [Test worker] DEBUG o.s.w.r.r.m.a.ControllerMethodResolver - ControllerAdvice beans: none
17:51:02.413 [Test worker] DEBUG o.s.w.s.a.HttpWebHandlerAdapter - enableLoggingRequestDetails='false': form data and headers will be masked to prevent unsafe logging of potentially sensitive data
17:51:02.413 [Test worker] DEBUG o.s.w.t.h.s.r.b.UndertowHttpServer - Starting UndertowHttpServer...
17:51:02.413 [Test worker] INFO  i.undertow - starting server: Undertow - 2.2.7.Final
17:51:02.416 [Test worker] DEBUG o.s.w.t.h.s.r.b.UndertowHttpServer - Server started on port 53567(0 millis).
17:51:02.416 [Test worker] DEBUG o.s.w.c.RestTemplate - HTTP GET http://localhost:53567/attributes/bar
17:51:02.416 [Test worker] DEBUG o.s.w.c.RestTemplate - Accept=[text/plain, application/json, application/x-jackson-smile, application/*+json, */*]
17:51:02.423 [XNIO-19 I/O-2] DEBUG o.s.w.s.a.HttpWebHandlerAdapter - [2e670071-19] HTTP GET "/attributes/bar"
17:51:02.423 [XNIO-19 I/O-2] DEBUG o.s.w.r.f.s.s.RouterFunctionMapping - [2e670071-19] Mapped to org.springframework.web.reactive.function.server.DispatcherHandlerIntegrationTests$TestConfiguration$$Lambda$1514/824973363@20a0ebcd
17:51:02.424 [XNIO-19 I/O-2] DEBUG o.s.w.s.a.HttpWebHandlerAdapter - [2e670071-19] Completed 200 OK
17:51:02.424 [Test worker] DEBUG o.s.w.c.RestTemplate - Response 200 OK
17:51:02.424 [Test worker] DEBUG o.s.w.t.h.s.r.b.UndertowHttpServer - Stopping UndertowHttpServer...
17:51:02.424 [Test worker] INFO  i.undertow - stopping server: Undertow - 2.2.7.Final
17:51:02.425 [Test worker] DEBUG o.s.w.t.h.s.r.b.UndertowHttpServer - Server stopped (0 millis).
17:51:02.437 [Test worker] DEBUG o.s.w.r.r.m.a.RequestMappingHandlerMapping - 1 mappings in 'requestMappingHandlerMapping'
17:51:02.451 [Test worker] DEBUG o.s.w.r.f.s.s.RouterFunctionMapping - 3 RouterFunction(s) in 'routerFunctionMapping'
17:51:02.456 [Test worker] DEBUG o.s.w.r.r.m.a.ControllerMethodResolver - ControllerAdvice beans: none
17:51:02.458 [Test worker] DEBUG o.s.w.s.a.HttpWebHandlerAdapter - enableLoggingRequestDetails='false': form data and headers will be masked to prevent unsafe logging of potentially sensitive data
17:51:02.458 [Test worker] WARN  o.e.j.s.h.ContextHandler - Empty contextPath
17:51:02.458 [Test worker] INFO  o.e.j.s.h.ContextHandler - Started o.e.j.s.ServletContextHandler@674e077a{/,null,AVAILABLE}
17:51:02.458 [Test worker] DEBUG o.s.w.t.h.s.r.b.JettyHttpServer - Starting JettyHttpServer...
17:51:02.458 [Test worker] INFO  o.e.j.s.Server - jetty-9.4.39.v20210325; built: 2021-03-25T14:42:11.471Z; git: 9fc7ca5a922f2a37b84ec9dbc26a5168cee7e667; jvm 1.8.0_181-b13
17:51:02.459 [Test worker] INFO  o.e.j.s.AbstractConnector - Started ServerConnector@272b3b29{HTTP/1.1, (http/1.1)}{0.0.0.0:53569}
17:51:02.459 [Test worker] INFO  o.e.j.s.Server - Started @229485ms
17:51:02.459 [Test worker] DEBUG o.s.w.t.h.s.r.b.JettyHttpServer - Server started on port 53569(0 millis).
17:51:02.460 [Test worker] DEBUG o.s.w.c.RestTemplate - HTTP GET http://localhost:53569/controller
17:51:02.460 [Test worker] DEBUG o.s.w.c.RestTemplate - Accept=[application/json, application/x-jackson-smile, application/*+json]
17:51:02.466 [qtp95580126-1411] DEBUG o.s.w.s.a.HttpWebHandlerAdapter - [4e89ee13] HTTP GET "/controller"
17:51:02.467 [qtp95580126-1411] DEBUG o.s.w.r.r.m.a.RequestMappingHandlerMapping - [4e89ee13] Mapped to org.springframework.web.reactive.function.server.DispatcherHandlerIntegrationTests$PersonController#controller()
17:51:02.468 [qtp95580126-1411] DEBUG o.s.w.r.r.m.a.ResponseBodyResultHandler - [4e89ee13] Using 'application/json' given [application/json, application/x-jackson-smile, application/*+json] and supported [application/json, application/*+json, application/x-ndjson, application/x-jackson-smile, application/*+x-jackson-smile, text/event-stream]
17:51:02.468 [qtp95580126-1411] DEBUG o.s.w.r.r.m.a.ResponseBodyResultHandler - [4e89ee13] 0..1 [org.springframework.web.reactive.function.server.DispatcherHandlerIntegrationTests$Person]
17:51:02.468 [qtp95580126-1411] DEBUG o.s.h.c.j.Jackson2JsonEncoder - [4e89ee13] Encoding [Person{name='John'}]
17:51:02.468 [qtp95580126-1411] DEBUG o.s.w.s.a.HttpWebHandlerAdapter - [4e89ee13] Completed 200 OK
17:51:02.468 [Test worker] DEBUG o.s.w.c.RestTemplate - Response 200 OK
17:51:02.469 [Test worker] DEBUG o.s.w.c.RestTemplate - Reading to [org.springframework.web.reactive.function.server.DispatcherHandlerIntegrationTests$Person]
17:51:02.469 [Test worker] DEBUG o.s.w.t.h.s.r.b.JettyHttpServer - Stopping JettyHttpServer...
17:51:02.469 [Test worker] INFO  o.e.j.s.h.ContextHandler - Stopped o.e.j.s.ServletContextHandler@674e077a{/,null,STOPPED}
17:51:02.470 [Test worker] INFO  o.e.j.s.AbstractConnector - Stopped ServerConnector@272b3b29{HTTP/1.1, (http/1.1)}{0.0.0.0:0}
17:51:02.470 [Test worker] DEBUG o.s.w.t.h.s.r.b.JettyHttpServer - Server stopped (0 millis).
17:51:02.481 [Test worker] DEBUG o.s.w.r.r.m.a.RequestMappingHandlerMapping - 1 mappings in 'requestMappingHandlerMapping'
17:51:02.487 [Test worker] DEBUG o.s.w.r.f.s.s.RouterFunctionMapping - 3 RouterFunction(s) in 'routerFunctionMapping'
17:51:02.491 [Test worker] DEBUG o.s.w.r.r.m.a.ControllerMethodResolver - ControllerAdvice beans: none
17:51:02.493 [Test worker] DEBUG o.s.w.s.a.HttpWebHandlerAdapter - enableLoggingRequestDetails='false': form data and headers will be masked to prevent unsafe logging of potentially sensitive data
17:51:02.493 [Test worker] DEBUG o.s.w.t.h.s.r.b.ReactorHttpServer - Starting ReactorHttpServer...
17:51:02.494 [Test worker] DEBUG o.s.w.t.h.s.r.b.ReactorHttpServer - Server started on port 53571(0 millis).
17:51:02.494 [Test worker] DEBUG o.s.w.c.RestTemplate - HTTP GET http://localhost:53571/controller
17:51:02.495 [Test worker] DEBUG o.s.w.c.RestTemplate - Accept=[application/json, application/x-jackson-smile, application/*+json]
17:51:02.501 [reactor-http-nio-8] DEBUG o.s.w.s.a.HttpWebHandlerAdapter - [54999125-1, L:/127.0.0.1:53571 - R:/127.0.0.1:53572] HTTP GET "/controller"
17:51:02.502 [reactor-http-nio-8] DEBUG o.s.w.r.r.m.a.RequestMappingHandlerMapping - [54999125-1, L:/127.0.0.1:53571 - R:/127.0.0.1:53572] Mapped to org.springframework.web.reactive.function.server.DispatcherHandlerIntegrationTests$PersonController#controller()
17:51:02.503 [reactor-http-nio-8] DEBUG o.s.w.r.r.m.a.ResponseBodyResultHandler - [54999125-1, L:/127.0.0.1:53571 - R:/127.0.0.1:53572] Using 'application/json' given [application/json, application/x-jackson-smile, application/*+json] and supported [application/json, application/*+json, application/x-ndjson, application/x-jackson-smile, application/*+x-jackson-smile, text/event-stream]
17:51:02.503 [reactor-http-nio-8] DEBUG o.s.w.r.r.m.a.ResponseBodyResultHandler - [54999125-1, L:/127.0.0.1:53571 - R:/127.0.0.1:53572] 0..1 [org.springframework.web.reactive.function.server.DispatcherHandlerIntegrationTests$Person]
17:51:02.503 [reactor-http-nio-8] DEBUG o.s.h.c.j.Jackson2JsonEncoder - [54999125-1, L:/127.0.0.1:53571 - R:/127.0.0.1:53572] Encoding [Person{name='John'}]
17:51:02.504 [Test worker] DEBUG o.s.w.c.RestTemplate - Response 200 OK
17:51:02.504 [reactor-http-nio-8] DEBUG o.s.w.s.a.HttpWebHandlerAdapter - [54999125-1, L:/127.0.0.1:53571 - R:/127.0.0.1:53572] Completed 200 OK
17:51:02.504 [Test worker] DEBUG o.s.w.c.RestTemplate - Reading to [org.springframework.web.reactive.function.server.DispatcherHandlerIntegrationTests$Person]
17:51:02.504 [Test worker] DEBUG o.s.w.t.h.s.r.b.ReactorHttpServer - Stopping ReactorHttpServer...
17:51:02.504 [Test worker] DEBUG o.s.w.t.h.s.r.b.ReactorHttpServer - Server stopped (0 millis).
17:51:02.515 [Test worker] DEBUG o.s.w.r.r.m.a.RequestMappingHandlerMapping - 1 mappings in 'requestMappingHandlerMapping'
17:51:02.521 [Test worker] DEBUG o.s.w.r.f.s.s.RouterFunctionMapping - 3 RouterFunction(s) in 'routerFunctionMapping'
17:51:02.525 [Test worker] DEBUG o.s.w.r.r.m.a.ControllerMethodResolver - ControllerAdvice beans: none
17:51:02.526 [Test worker] DEBUG o.s.w.s.a.HttpWebHandlerAdapter - enableLoggingRequestDetails='false': form data and headers will be masked to prevent unsafe logging of potentially sensitive data
17:51:02.527 [Test worker] DEBUG o.s.w.t.h.s.r.b.TomcatHttpServer - Starting TomcatHttpServer...
17:51:02.531 [Test worker] DEBUG o.s.w.t.h.s.r.b.TomcatHttpServer - Server started on port 53573(0 millis).
17:51:02.531 [Test worker] DEBUG o.s.w.c.RestTemplate - HTTP GET http://localhost:53573/controller
17:51:02.532 [Test worker] DEBUG o.s.w.c.RestTemplate - Accept=[application/json, application/x-jackson-smile, application/*+json]
17:51:02.540 [http-nio-auto-21-exec-1] DEBUG o.s.w.s.a.HttpWebHandlerAdapter - [12e6f39b] HTTP GET "/controller"
17:51:02.540 [http-nio-auto-21-exec-1] DEBUG o.s.w.r.r.m.a.RequestMappingHandlerMapping - [12e6f39b] Mapped to org.springframework.web.reactive.function.server.DispatcherHandlerIntegrationTests$PersonController#controller()
17:51:02.541 [http-nio-auto-21-exec-1] DEBUG o.s.w.r.r.m.a.ResponseBodyResultHandler - [12e6f39b] Using 'application/json' given [application/json, application/x-jackson-smile, application/*+json] and supported [application/json, application/*+json, application/x-ndjson, application/x-jackson-smile, application/*+x-jackson-smile, text/event-stream]
17:51:02.541 [http-nio-auto-21-exec-1] DEBUG o.s.w.r.r.m.a.ResponseBodyResultHandler - [12e6f39b] 0..1 [org.springframework.web.reactive.function.server.DispatcherHandlerIntegrationTests$Person]
17:51:02.541 [http-nio-auto-21-exec-1] DEBUG o.s.h.c.j.Jackson2JsonEncoder - [12e6f39b] Encoding [Person{name='John'}]
17:51:02.541 [http-nio-auto-21-exec-1] DEBUG o.s.w.s.a.HttpWebHandlerAdapter - [12e6f39b] Completed 200 OK
17:51:02.542 [Test worker] DEBUG o.s.w.c.RestTemplate - Response 200 OK
17:51:02.542 [Test worker] DEBUG o.s.w.c.RestTemplate - Reading to [org.springframework.web.reactive.function.server.DispatcherHandlerIntegrationTests$Person]
17:51:02.543 [Test worker] DEBUG o.s.w.t.h.s.r.b.TomcatHttpServer - Stopping TomcatHttpServer...
17:51:13.677 [Test worker] DEBUG o.s.w.t.h.s.r.b.TomcatHttpServer - Server stopped (0 millis).
17:51:13.695 [Test worker] DEBUG o.s.w.r.r.m.a.RequestMappingHandlerMapping - 1 mappings in 'requestMappingHandlerMapping'
17:51:13.702 [Test worker] DEBUG o.s.w.r.f.s.s.RouterFunctionMapping - 3 RouterFunction(s) in 'routerFunctionMapping'
17:51:13.706 [Test worker] DEBUG o.s.w.r.r.m.a.ControllerMethodResolver - ControllerAdvice beans: none
17:51:13.708 [Test worker] DEBUG o.s.w.s.a.HttpWebHandlerAdapter - enableLoggingRequestDetails='false': form data and headers will be masked to prevent unsafe logging of potentially sensitive data
17:51:13.708 [Test worker] DEBUG o.s.w.t.h.s.r.b.UndertowHttpServer - Starting UndertowHttpServer...
17:51:13.708 [Test worker] INFO  i.undertow - starting server: Undertow - 2.2.7.Final
17:51:13.712 [Test worker] DEBUG o.s.w.t.h.s.r.b.UndertowHttpServer - Server started on port 53639(0 millis).
17:51:13.712 [Test worker] DEBUG o.s.w.c.RestTemplate - HTTP GET http://localhost:53639/controller
17:51:13.713 [Test worker] DEBUG o.s.w.c.RestTemplate - Accept=[application/json, application/x-jackson-smile, application/*+json]
17:51:13.722 [XNIO-20 I/O-1] DEBUG o.s.w.s.a.HttpWebHandlerAdapter - [38fa37f8-20] HTTP GET "/controller"
17:51:13.722 [XNIO-20 I/O-1] DEBUG o.s.w.r.r.m.a.RequestMappingHandlerMapping - [38fa37f8-20] Mapped to org.springframework.web.reactive.function.server.DispatcherHandlerIntegrationTests$PersonController#controller()
17:51:13.723 [XNIO-20 I/O-1] DEBUG o.s.w.r.r.m.a.ResponseBodyResultHandler - [38fa37f8-20] Using 'application/json' given [application/json, application/x-jackson-smile, application/*+json] and supported [application/json, application/*+json, application/x-ndjson, application/x-jackson-smile, application/*+x-jackson-smile, text/event-stream]
17:51:13.723 [XNIO-20 I/O-1] DEBUG o.s.w.r.r.m.a.ResponseBodyResultHandler - [38fa37f8-20] 0..1 [org.springframework.web.reactive.function.server.DispatcherHandlerIntegrationTests$Person]
17:51:13.723 [XNIO-20 I/O-1] DEBUG o.s.h.c.j.Jackson2JsonEncoder - [38fa37f8-20] Encoding [Person{name='John'}]
17:51:13.724 [XNIO-20 I/O-1] DEBUG o.s.w.s.a.HttpWebHandlerAdapter - [38fa37f8-20] Completed 200 OK
17:51:13.724 [Test worker] DEBUG o.s.w.c.RestTemplate - Response 200 OK
17:51:13.724 [Test worker] DEBUG o.s.w.c.RestTemplate - Reading to [org.springframework.web.reactive.function.server.DispatcherHandlerIntegrationTests$Person]
17:51:13.724 [Test worker] DEBUG o.s.w.t.h.s.r.b.UndertowHttpServer - Stopping UndertowHttpServer...
17:51:13.724 [Test worker] INFO  i.undertow - stopping server: Undertow - 2.2.7.Final
17:51:13.726 [Test worker] DEBUG o.s.w.t.h.s.r.b.UndertowHttpServer - Server stopped (0 millis).
]]></system-out>
  <system-err><![CDATA[]]></system-err>
</testsuite>
