<?xml version="1.0" encoding="UTF-8"?>
<testsuite name="org.springframework.web.reactive.result.method.annotation.RequestHeaderMapMethodArgumentResolverTests" tests="4" skipped="0" failures="0" errors="0" timestamp="2021-05-01T09:49:53" hostname="wangweilideMBP.lan" time="0.024">
  <properties/>
  <testcase name="resolveMapArgument()" classname="org.springframework.web.reactive.result.method.annotation.RequestHeaderMapMethodArgumentResolverTests" time="0.006"/>
  <testcase name="resolveHttpHeadersArgument()" classname="org.springframework.web.reactive.result.method.annotation.RequestHeaderMapMethodArgumentResolverTests" time="0.006"/>
  <testcase name="resolveMultiValueMapArgument()" classname="org.springframework.web.reactive.result.method.annotation.RequestHeaderMapMethodArgumentResolverTests" time="0.01"/>
  <testcase name="supportsParameter()" classname="org.springframework.web.reactive.result.method.annotation.RequestHeaderMapMethodArgumentResolverTests" time="0.002"/>
  <system-out><![CDATA[]]></system-out>
  <system-err><![CDATA[]]></system-err>
</testsuite>
