<?xml version="1.0" encoding="UTF-8"?>
<testsuite name="org.springframework.web.reactive.function.client.DefaultClientRequestBuilderTests" tests="8" skipped="0" failures="0" errors="0" timestamp="2021-05-01T09:54:50" hostname="wangweilideMBP.lan" time="0.011">
  <properties/>
  <testcase name="cookie()" classname="org.springframework.web.reactive.function.client.DefaultClientRequestBuilderTests" time="0.0"/>
  <testcase name="method()" classname="org.springframework.web.reactive.function.client.DefaultClientRequestBuilderTests" time="0.0"/>
  <testcase name="url()" classname="org.springframework.web.reactive.function.client.DefaultClientRequestBuilderTests" time="0.0"/>
  <testcase name="from()" classname="org.springframework.web.reactive.function.client.DefaultClientRequestBuilderTests" time="0.001"/>
  <testcase name="build()" classname="org.springframework.web.reactive.function.client.DefaultClientRequestBuilderTests" time="0.008"/>
  <testcase name="bodyParameterizedTypeReference()" classname="org.springframework.web.reactive.function.client.DefaultClientRequestBuilderTests" time="0.001"/>
  <testcase name="bodyInserter()" classname="org.springframework.web.reactive.function.client.DefaultClientRequestBuilderTests" time="0.001"/>
  <testcase name="bodyClass()" classname="org.springframework.web.reactive.function.client.DefaultClientRequestBuilderTests" time="0.0"/>
  <system-out><![CDATA[17:54:50.460 [Test worker] DEBUG o.s.c.c.CharSequenceEncoder - [4bc9a390] Writing "foo"
17:54:50.461 [Test worker] DEBUG o.s.c.c.CharSequenceEncoder - [4f5b0aa8] Writing "foo"
]]></system-out>
  <system-err><![CDATA[]]></system-err>
</testsuite>
