<?xml version="1.0" encoding="UTF-8"?>
<testsuite name="org.springframework.web.reactive.result.method.annotation.RequestHeaderMethodArgumentResolverTests" tests="10" skipped="0" failures="0" errors="0" timestamp="2021-04-26T08:34:32" hostname="wangweilideMacBook-Pro.local" time="0.093">
  <properties/>
  <testcase name="resolveDefaultValueFromSystemProperty()" classname="org.springframework.web.reactive.result.method.annotation.RequestHeaderMethodArgumentResolverTests" time="0.028"/>
  <testcase name="resolveStringArrayArgument()" classname="org.springframework.web.reactive.result.method.annotation.RequestHeaderMethodArgumentResolverTests" time="0.012"/>
  <testcase name="resolveNameFromSystemPropertyThroughPlaceholder()" classname="org.springframework.web.reactive.result.method.annotation.RequestHeaderMethodArgumentResolverTests" time="0.008"/>
  <testcase name="resolveNameFromSystemPropertyThroughExpression()" classname="org.springframework.web.reactive.result.method.annotation.RequestHeaderMethodArgumentResolverTests" time="0.008"/>
  <testcase name="dateConversion()" classname="org.springframework.web.reactive.result.method.annotation.RequestHeaderMethodArgumentResolverTests" time="0.007"/>
  <testcase name="instantConversion()" classname="org.springframework.web.reactive.result.method.annotation.RequestHeaderMethodArgumentResolverTests" time="0.008"/>
  <testcase name="resolveStringArgument()" classname="org.springframework.web.reactive.result.method.annotation.RequestHeaderMethodArgumentResolverTests" time="0.006"/>
  <testcase name="resolveDefaultValue()" classname="org.springframework.web.reactive.result.method.annotation.RequestHeaderMethodArgumentResolverTests" time="0.006"/>
  <testcase name="notFound()" classname="org.springframework.web.reactive.result.method.annotation.RequestHeaderMethodArgumentResolverTests" time="0.007"/>
  <testcase name="supportsParameter()" classname="org.springframework.web.reactive.result.method.annotation.RequestHeaderMethodArgumentResolverTests" time="0.003"/>
  <system-out><![CDATA[]]></system-out>
  <system-err><![CDATA[]]></system-err>
</testsuite>
