<?xml version="1.0" encoding="UTF-8"?>
<testsuite name="org.springframework.web.reactive.function.server.SseHandlerFunctionIntegrationTests" tests="12" skipped="0" failures="0" errors="0" timestamp="2021-05-01T09:52:48" hostname="wangweilideMBP.lan" time="36.246">
  <properties/>
  <testcase name="[1] org.springframework.web.testfixture.http.server.reactive.bootstrap.JettyHttpServer@551cc99d" classname="org.springframework.web.reactive.function.server.SseHandlerFunctionIntegrationTests" time="0.228"/>
  <testcase name="[2] org.springframework.web.testfixture.http.server.reactive.bootstrap.ReactorHttpServer@11f7a428" classname="org.springframework.web.reactive.function.server.SseHandlerFunctionIntegrationTests" time="0.22"/>
  <testcase name="[3] org.springframework.web.testfixture.http.server.reactive.bootstrap.TomcatHttpServer@3686788" classname="org.springframework.web.reactive.function.server.SseHandlerFunctionIntegrationTests" time="11.443"/>
  <testcase name="[4] org.springframework.web.testfixture.http.server.reactive.bootstrap.UndertowHttpServer@3d296f4e" classname="org.springframework.web.reactive.function.server.SseHandlerFunctionIntegrationTests" time="0.228"/>
  <testcase name="[1] org.springframework.web.testfixture.http.server.reactive.bootstrap.JettyHttpServer@59a286" classname="org.springframework.web.reactive.function.server.SseHandlerFunctionIntegrationTests" time="0.225"/>
  <testcase name="[2] org.springframework.web.testfixture.http.server.reactive.bootstrap.ReactorHttpServer@31fb063f" classname="org.springframework.web.reactive.function.server.SseHandlerFunctionIntegrationTests" time="0.22"/>
  <testcase name="[3] org.springframework.web.testfixture.http.server.reactive.bootstrap.TomcatHttpServer@3eb55d7c" classname="org.springframework.web.reactive.function.server.SseHandlerFunctionIntegrationTests" time="11.382"/>
  <testcase name="[4] org.springframework.web.testfixture.http.server.reactive.bootstrap.UndertowHttpServer@2030b139" classname="org.springframework.web.reactive.function.server.SseHandlerFunctionIntegrationTests" time="0.223"/>
  <testcase name="[1] org.springframework.web.testfixture.http.server.reactive.bootstrap.JettyHttpServer@78da186b" classname="org.springframework.web.reactive.function.server.SseHandlerFunctionIntegrationTests" time="0.224"/>
  <testcase name="[2] org.springframework.web.testfixture.http.server.reactive.bootstrap.ReactorHttpServer@7676cae0" classname="org.springframework.web.reactive.function.server.SseHandlerFunctionIntegrationTests" time="0.219"/>
  <testcase name="[3] org.springframework.web.testfixture.http.server.reactive.bootstrap.TomcatHttpServer@6ad756da" classname="org.springframework.web.reactive.function.server.SseHandlerFunctionIntegrationTests" time="11.406"/>
  <testcase name="[4] org.springframework.web.testfixture.http.server.reactive.bootstrap.UndertowHttpServer@5a74bfaf" classname="org.springframework.web.reactive.function.server.SseHandlerFunctionIntegrationTests" time="0.224"/>
  <system-out><![CDATA[17:52:48.892 [Test worker] DEBUG o.s.w.s.a.HttpWebHandlerAdapter - enableLoggingRequestDetails='false': form data and headers will be masked to prevent unsafe logging of potentially sensitive data
17:52:48.892 [Test worker] WARN  o.e.j.s.h.ContextHandler - Empty contextPath
17:52:48.892 [Test worker] INFO  o.e.j.s.h.ContextHandler - Started o.e.j.s.ServletContextHandler@408f30d1{/,null,AVAILABLE}
17:52:48.892 [Test worker] DEBUG o.s.w.t.h.s.r.b.JettyHttpServer - Starting JettyHttpServer...
17:52:48.892 [Test worker] INFO  o.e.j.s.Server - jetty-9.4.39.v20210325; built: 2021-03-25T14:42:11.471Z; git: 9fc7ca5a922f2a37b84ec9dbc26a5168cee7e667; jvm 1.8.0_181-b13
17:52:48.894 [Test worker] INFO  o.e.j.s.AbstractConnector - Started ServerConnector@134baa58{HTTP/1.1, (http/1.1)}{0.0.0.0:53919}
17:52:48.894 [Test worker] INFO  o.e.j.s.Server - Started @335945ms
17:52:48.894 [Test worker] DEBUG o.s.w.t.h.s.r.b.JettyHttpServer - Server started on port 53919(0 millis).
17:52:48.895 [Test worker] DEBUG o.s.w.r.f.c.ExchangeFunctions - [7e61ed59] HTTP GET http://localhost:53919/event
17:52:48.902 [qtp1315176674-1316] DEBUG o.s.w.s.a.HttpWebHandlerAdapter - [3f5ee1ef] HTTP GET "/event"
17:52:49.010 [reactor-http-nio-9] DEBUG o.s.w.r.f.c.ExchangeFunctions - [7e61ed59] [4226e7c2-1, L:/127.0.0.1:53920 - R:localhost/127.0.0.1:53919] Response 200 OK
17:52:49.014 [reactor-http-nio-9] DEBUG o.s.c.c.StringDecoder - [7e61ed59] [4226e7c2-1, L:/127.0.0.1:53920 - R:localhost/127.0.0.1:53919] Decoded "id:0"
17:52:49.014 [reactor-http-nio-9] DEBUG o.s.c.c.StringDecoder - [7e61ed59] [4226e7c2-1, L:/127.0.0.1:53920 - R:localhost/127.0.0.1:53919] Decoded ":bar"
17:52:49.014 [reactor-http-nio-9] DEBUG o.s.c.c.StringDecoder - [7e61ed59] [4226e7c2-1, L:/127.0.0.1:53920 - R:localhost/127.0.0.1:53919] Decoded "data:foo"
17:52:49.014 [reactor-http-nio-9] DEBUG o.s.c.c.StringDecoder - [7e61ed59] [4226e7c2-1, L:/127.0.0.1:53920 - R:localhost/127.0.0.1:53919] Decoded ""
17:52:49.109 [parallel-10] DEBUG o.s.w.s.a.HttpWebHandlerAdapter - [3f5ee1ef] Completed 200 OK
17:52:49.110 [reactor-http-nio-9] DEBUG o.s.c.c.StringDecoder - [7e61ed59] [4226e7c2-1, L:/127.0.0.1:53920 - R:localhost/127.0.0.1:53919] Decoded "id:1"
17:52:49.110 [reactor-http-nio-9] DEBUG o.s.c.c.StringDecoder - [7e61ed59] [4226e7c2-1, L:/127.0.0.1:53920 - R:localhost/127.0.0.1:53919] Decoded ":bar"
17:52:49.110 [reactor-http-nio-9] DEBUG o.s.c.c.StringDecoder - [7e61ed59] [4226e7c2-1, L:/127.0.0.1:53920 - R:localhost/127.0.0.1:53919] Decoded "data:foo"
17:52:49.110 [reactor-http-nio-9] DEBUG o.s.c.c.StringDecoder - [7e61ed59] [4226e7c2-1, L:/127.0.0.1:53920 - R:localhost/127.0.0.1:53919] Decoded ""
17:52:49.111 [Test worker] DEBUG o.s.w.t.h.s.r.b.JettyHttpServer - Stopping JettyHttpServer...
17:52:49.111 [Test worker] INFO  o.e.j.s.h.ContextHandler - Stopped o.e.j.s.ServletContextHandler@408f30d1{/,null,STOPPED}
17:52:49.112 [Test worker] INFO  o.e.j.s.AbstractConnector - Stopped ServerConnector@134baa58{HTTP/1.1, (http/1.1)}{0.0.0.0:0}
17:52:49.112 [Test worker] DEBUG o.s.w.t.h.s.r.b.JettyHttpServer - Server stopped (0 millis).
17:52:49.119 [Test worker] DEBUG o.s.w.s.a.HttpWebHandlerAdapter - enableLoggingRequestDetails='false': form data and headers will be masked to prevent unsafe logging of potentially sensitive data
17:52:49.119 [Test worker] DEBUG o.s.w.t.h.s.r.b.ReactorHttpServer - Starting ReactorHttpServer...
17:52:49.120 [Test worker] DEBUG o.s.w.t.h.s.r.b.ReactorHttpServer - Server started on port 53921(0 millis).
17:52:49.120 [Test worker] DEBUG o.s.w.r.f.c.ExchangeFunctions - [237c83fe] HTTP GET http://localhost:53921/event
17:52:49.126 [reactor-http-nio-12] DEBUG o.s.w.s.a.HttpWebHandlerAdapter - [bd72e1cb-1, L:/127.0.0.1:53921 - R:/127.0.0.1:53922] HTTP GET "/event"
17:52:49.230 [reactor-http-nio-11] DEBUG o.s.w.r.f.c.ExchangeFunctions - [237c83fe] [23557ed6-1, L:/127.0.0.1:53922 - R:localhost/127.0.0.1:53921] Response 200 OK
17:52:49.231 [reactor-http-nio-11] DEBUG o.s.c.c.StringDecoder - [237c83fe] [23557ed6-1, L:/127.0.0.1:53922 - R:localhost/127.0.0.1:53921] Decoded "id:0"
17:52:49.231 [reactor-http-nio-11] DEBUG o.s.c.c.StringDecoder - [237c83fe] [23557ed6-1, L:/127.0.0.1:53922 - R:localhost/127.0.0.1:53921] Decoded ":bar"
17:52:49.231 [reactor-http-nio-11] DEBUG o.s.c.c.StringDecoder - [237c83fe] [23557ed6-1, L:/127.0.0.1:53922 - R:localhost/127.0.0.1:53921] Decoded "data:foo"
17:52:49.231 [reactor-http-nio-11] DEBUG o.s.c.c.StringDecoder - [237c83fe] [23557ed6-1, L:/127.0.0.1:53922 - R:localhost/127.0.0.1:53921] Decoded ""
17:52:49.332 [reactor-http-nio-12] DEBUG o.s.w.s.a.HttpWebHandlerAdapter - [bd72e1cb-1, L:/127.0.0.1:53921 - R:/127.0.0.1:53922] Completed 200 OK
17:52:49.332 [reactor-http-nio-11] DEBUG o.s.c.c.StringDecoder - [237c83fe] [23557ed6-1, L:/127.0.0.1:53922 - R:localhost/127.0.0.1:53921] Decoded "id:1"
17:52:49.332 [reactor-http-nio-11] DEBUG o.s.c.c.StringDecoder - [237c83fe] [23557ed6-1, L:/127.0.0.1:53922 - R:localhost/127.0.0.1:53921] Decoded ":bar"
17:52:49.332 [reactor-http-nio-11] DEBUG o.s.c.c.StringDecoder - [237c83fe] [23557ed6-1, L:/127.0.0.1:53922 - R:localhost/127.0.0.1:53921] Decoded "data:foo"
17:52:49.332 [reactor-http-nio-11] DEBUG o.s.c.c.StringDecoder - [237c83fe] [23557ed6-1, L:/127.0.0.1:53922 - R:localhost/127.0.0.1:53921] Decoded ""
17:52:49.333 [Test worker] DEBUG o.s.w.t.h.s.r.b.ReactorHttpServer - Stopping ReactorHttpServer...
17:52:49.333 [Test worker] DEBUG o.s.w.t.h.s.r.b.ReactorHttpServer - Server stopped (0 millis).
17:52:49.339 [Test worker] DEBUG o.s.w.s.a.HttpWebHandlerAdapter - enableLoggingRequestDetails='false': form data and headers will be masked to prevent unsafe logging of potentially sensitive data
17:52:49.340 [Test worker] DEBUG o.s.w.t.h.s.r.b.TomcatHttpServer - Starting TomcatHttpServer...
17:52:49.345 [Test worker] DEBUG o.s.w.t.h.s.r.b.TomcatHttpServer - Server started on port 53923(0 millis).
17:52:49.346 [Test worker] DEBUG o.s.w.r.f.c.ExchangeFunctions - [3d3bc4ff] HTTP GET http://localhost:53923/event
17:52:49.352 [http-nio-auto-29-exec-1] DEBUG o.s.w.s.a.HttpWebHandlerAdapter - [51d04cba] HTTP GET "/event"
17:52:49.456 [reactor-http-nio-13] DEBUG o.s.w.r.f.c.ExchangeFunctions - [3d3bc4ff] [dc6f9f6b-1, L:/127.0.0.1:53924 - R:localhost/127.0.0.1:53923] Response 200 OK
17:52:49.456 [reactor-http-nio-13] DEBUG o.s.c.c.StringDecoder - [3d3bc4ff] [dc6f9f6b-1, L:/127.0.0.1:53924 - R:localhost/127.0.0.1:53923] Decoded "id:0"
17:52:49.456 [reactor-http-nio-13] DEBUG o.s.c.c.StringDecoder - [3d3bc4ff] [dc6f9f6b-1, L:/127.0.0.1:53924 - R:localhost/127.0.0.1:53923] Decoded ":bar"
17:52:49.456 [reactor-http-nio-13] DEBUG o.s.c.c.StringDecoder - [3d3bc4ff] [dc6f9f6b-1, L:/127.0.0.1:53924 - R:localhost/127.0.0.1:53923] Decoded "data:foo"
17:52:49.457 [reactor-http-nio-13] DEBUG o.s.c.c.StringDecoder - [3d3bc4ff] [dc6f9f6b-1, L:/127.0.0.1:53924 - R:localhost/127.0.0.1:53923] Decoded ""
17:52:49.558 [parallel-12] DEBUG o.s.w.s.a.HttpWebHandlerAdapter - [51d04cba] Completed 200 OK
17:52:49.560 [reactor-http-nio-13] DEBUG o.s.c.c.StringDecoder - [3d3bc4ff] [dc6f9f6b-1, L:/127.0.0.1:53924 - R:localhost/127.0.0.1:53923] Decoded "id:1"
17:52:49.560 [reactor-http-nio-13] DEBUG o.s.c.c.StringDecoder - [3d3bc4ff] [dc6f9f6b-1, L:/127.0.0.1:53924 - R:localhost/127.0.0.1:53923] Decoded ":bar"
17:52:49.560 [reactor-http-nio-13] DEBUG o.s.c.c.StringDecoder - [3d3bc4ff] [dc6f9f6b-1, L:/127.0.0.1:53924 - R:localhost/127.0.0.1:53923] Decoded "data:foo"
17:52:49.560 [reactor-http-nio-13] DEBUG o.s.c.c.StringDecoder - [3d3bc4ff] [dc6f9f6b-1, L:/127.0.0.1:53924 - R:localhost/127.0.0.1:53923] Decoded ""
17:52:49.560 [Test worker] DEBUG o.s.w.t.h.s.r.b.TomcatHttpServer - Stopping TomcatHttpServer...
17:53:00.776 [Test worker] DEBUG o.s.w.t.h.s.r.b.TomcatHttpServer - Server stopped (0 millis).
17:53:00.786 [Test worker] DEBUG o.s.w.s.a.HttpWebHandlerAdapter - enableLoggingRequestDetails='false': form data and headers will be masked to prevent unsafe logging of potentially sensitive data
17:53:00.786 [Test worker] DEBUG o.s.w.t.h.s.r.b.UndertowHttpServer - Starting UndertowHttpServer...
17:53:00.786 [Test worker] INFO  i.undertow - starting server: Undertow - 2.2.7.Final
17:53:00.792 [Test worker] DEBUG o.s.w.t.h.s.r.b.UndertowHttpServer - Server started on port 53954(0 millis).
17:53:00.793 [Test worker] DEBUG o.s.w.r.f.c.ExchangeFunctions - [7f22c21d] HTTP GET http://localhost:53954/event
17:53:00.800 [XNIO-28 I/O-8] DEBUG o.s.w.s.a.HttpWebHandlerAdapter - [37cb804e-28] HTTP GET "/event"
17:53:00.906 [reactor-http-nio-14] DEBUG o.s.w.r.f.c.ExchangeFunctions - [7f22c21d] [40590643-1, L:/127.0.0.1:53955 - R:localhost/127.0.0.1:53954] Response 200 OK
17:53:00.906 [reactor-http-nio-14] DEBUG o.s.c.c.StringDecoder - [7f22c21d] [40590643-1, L:/127.0.0.1:53955 - R:localhost/127.0.0.1:53954] Decoded "id:0"
17:53:00.907 [reactor-http-nio-14] DEBUG o.s.c.c.StringDecoder - [7f22c21d] [40590643-1, L:/127.0.0.1:53955 - R:localhost/127.0.0.1:53954] Decoded ":bar"
17:53:00.907 [reactor-http-nio-14] DEBUG o.s.c.c.StringDecoder - [7f22c21d] [40590643-1, L:/127.0.0.1:53955 - R:localhost/127.0.0.1:53954] Decoded "data:foo"
17:53:00.907 [reactor-http-nio-14] DEBUG o.s.c.c.StringDecoder - [7f22c21d] [40590643-1, L:/127.0.0.1:53955 - R:localhost/127.0.0.1:53954] Decoded ""
17:53:01.002 [XNIO-28 I/O-8] DEBUG o.s.w.s.a.HttpWebHandlerAdapter - [37cb804e-28] Completed 200 OK
17:53:01.002 [reactor-http-nio-14] DEBUG o.s.c.c.StringDecoder - [7f22c21d] [40590643-1, L:/127.0.0.1:53955 - R:localhost/127.0.0.1:53954] Decoded "id:1"
17:53:01.002 [reactor-http-nio-14] DEBUG o.s.c.c.StringDecoder - [7f22c21d] [40590643-1, L:/127.0.0.1:53955 - R:localhost/127.0.0.1:53954] Decoded ":bar"
17:53:01.003 [reactor-http-nio-14] DEBUG o.s.c.c.StringDecoder - [7f22c21d] [40590643-1, L:/127.0.0.1:53955 - R:localhost/127.0.0.1:53954] Decoded "data:foo"
17:53:01.003 [reactor-http-nio-14] DEBUG o.s.c.c.StringDecoder - [7f22c21d] [40590643-1, L:/127.0.0.1:53955 - R:localhost/127.0.0.1:53954] Decoded ""
17:53:01.003 [Test worker] DEBUG o.s.w.t.h.s.r.b.UndertowHttpServer - Stopping UndertowHttpServer...
17:53:01.003 [Test worker] INFO  i.undertow - stopping server: Undertow - 2.2.7.Final
17:53:01.004 [Test worker] DEBUG o.s.w.t.h.s.r.b.UndertowHttpServer - Server stopped (0 millis).
17:53:01.011 [Test worker] DEBUG o.s.w.s.a.HttpWebHandlerAdapter - enableLoggingRequestDetails='false': form data and headers will be masked to prevent unsafe logging of potentially sensitive data
17:53:01.012 [Test worker] WARN  o.e.j.s.h.ContextHandler - Empty contextPath
17:53:01.012 [Test worker] INFO  o.e.j.s.h.ContextHandler - Started o.e.j.s.ServletContextHandler@6dbcd81e{/,null,AVAILABLE}
17:53:01.012 [Test worker] DEBUG o.s.w.t.h.s.r.b.JettyHttpServer - Starting JettyHttpServer...
17:53:01.012 [Test worker] INFO  o.e.j.s.Server - jetty-9.4.39.v20210325; built: 2021-03-25T14:42:11.471Z; git: 9fc7ca5a922f2a37b84ec9dbc26a5168cee7e667; jvm 1.8.0_181-b13
17:53:01.013 [Test worker] INFO  o.e.j.s.AbstractConnector - Started ServerConnector@20bc1abd{HTTP/1.1, (http/1.1)}{0.0.0.0:53956}
17:53:01.013 [Test worker] INFO  o.e.j.s.Server - Started @348065ms
17:53:01.013 [Test worker] DEBUG o.s.w.t.h.s.r.b.JettyHttpServer - Server started on port 53956(0 millis).
17:53:01.014 [Test worker] DEBUG o.s.w.r.f.c.ExchangeFunctions - [4e46bac4] HTTP GET http://localhost:53956/person
17:53:01.021 [qtp1469339891-1365] DEBUG o.s.w.s.a.HttpWebHandlerAdapter - [5466052c] HTTP GET "/person"
17:53:01.123 [parallel-14] DEBUG o.s.h.c.j.Jackson2JsonEncoder - [5466052c] Encoding [Person{name='foo 0'}]
17:53:01.125 [reactor-http-nio-15] DEBUG o.s.w.r.f.c.ExchangeFunctions - [4e46bac4] [f575b337-1, L:/127.0.0.1:53957 - R:localhost/127.0.0.1:53956] Response 200 OK
17:53:01.126 [reactor-http-nio-15] DEBUG o.s.c.c.StringDecoder - [4e46bac4] [f575b337-1, L:/127.0.0.1:53957 - R:localhost/127.0.0.1:53956] Decoded "data:{"name":"foo 0"}"
17:53:01.126 [reactor-http-nio-15] DEBUG o.s.c.c.StringDecoder - [4e46bac4] [f575b337-1, L:/127.0.0.1:53957 - R:localhost/127.0.0.1:53956] Decoded ""
17:53:01.127 [reactor-http-nio-15] DEBUG o.s.h.c.j.Jackson2JsonDecoder - [4e46bac4] [f575b337-1, L:/127.0.0.1:53957 - R:localhost/127.0.0.1:53956] Decoded [Person{name='foo 0'}]
17:53:01.226 [parallel-14] DEBUG o.s.h.c.j.Jackson2JsonEncoder - [5466052c] Encoding [Person{name='foo 1'}]
17:53:01.227 [parallel-14] DEBUG o.s.w.s.a.HttpWebHandlerAdapter - [5466052c] Completed 200 OK
17:53:01.228 [reactor-http-nio-15] DEBUG o.s.c.c.StringDecoder - [4e46bac4] [f575b337-1, L:/127.0.0.1:53957 - R:localhost/127.0.0.1:53956] Decoded "data:{"name":"foo 1"}"
17:53:01.228 [reactor-http-nio-15] DEBUG o.s.c.c.StringDecoder - [4e46bac4] [f575b337-1, L:/127.0.0.1:53957 - R:localhost/127.0.0.1:53956] Decoded ""
17:53:01.228 [reactor-http-nio-15] DEBUG o.s.h.c.j.Jackson2JsonDecoder - [4e46bac4] [f575b337-1, L:/127.0.0.1:53957 - R:localhost/127.0.0.1:53956] Decoded [Person{name='foo 1'}]
17:53:01.228 [Test worker] DEBUG o.s.w.t.h.s.r.b.JettyHttpServer - Stopping JettyHttpServer...
17:53:01.228 [Test worker] INFO  o.e.j.s.h.ContextHandler - Stopped o.e.j.s.ServletContextHandler@6dbcd81e{/,null,STOPPED}
17:53:01.230 [Test worker] INFO  o.e.j.s.AbstractConnector - Stopped ServerConnector@20bc1abd{HTTP/1.1, (http/1.1)}{0.0.0.0:0}
17:53:01.230 [Test worker] DEBUG o.s.w.t.h.s.r.b.JettyHttpServer - Server stopped (0 millis).
17:53:01.237 [Test worker] DEBUG o.s.w.s.a.HttpWebHandlerAdapter - enableLoggingRequestDetails='false': form data and headers will be masked to prevent unsafe logging of potentially sensitive data
17:53:01.237 [Test worker] DEBUG o.s.w.t.h.s.r.b.ReactorHttpServer - Starting ReactorHttpServer...
17:53:01.237 [Test worker] DEBUG o.s.w.t.h.s.r.b.ReactorHttpServer - Server started on port 53958(0 millis).
17:53:01.238 [Test worker] DEBUG o.s.w.r.f.c.ExchangeFunctions - [4bc5d5a3] HTTP GET http://localhost:53958/person
17:53:01.246 [reactor-http-nio-2] DEBUG o.s.w.s.a.HttpWebHandlerAdapter - [2172f60d-1, L:/127.0.0.1:53958 - R:/127.0.0.1:53959] HTTP GET "/person"
17:53:01.349 [reactor-http-nio-2] DEBUG o.s.h.c.j.Jackson2JsonEncoder - [2172f60d-1, L:/127.0.0.1:53958 - R:/127.0.0.1:53959] Encoding [Person{name='foo 0'}]
17:53:01.349 [reactor-http-nio-1] DEBUG o.s.w.r.f.c.ExchangeFunctions - [4bc5d5a3] [966fb8a8-1, L:/127.0.0.1:53959 - R:localhost/127.0.0.1:53958] Response 200 OK
17:53:01.350 [reactor-http-nio-1] DEBUG o.s.c.c.StringDecoder - [4bc5d5a3] [966fb8a8-1, L:/127.0.0.1:53959 - R:localhost/127.0.0.1:53958] Decoded "data:{"name":"foo 0"}"
17:53:01.350 [reactor-http-nio-1] DEBUG o.s.c.c.StringDecoder - [4bc5d5a3] [966fb8a8-1, L:/127.0.0.1:53959 - R:localhost/127.0.0.1:53958] Decoded ""
17:53:01.351 [reactor-http-nio-1] DEBUG o.s.h.c.j.Jackson2JsonDecoder - [4bc5d5a3] [966fb8a8-1, L:/127.0.0.1:53959 - R:localhost/127.0.0.1:53958] Decoded [Person{name='foo 0'}]
17:53:01.448 [parallel-15] DEBUG o.s.h.c.j.Jackson2JsonEncoder - [2172f60d-1, L:/127.0.0.1:53958 - R:/127.0.0.1:53959] Encoding [Person{name='foo 1'}]
17:53:01.449 [reactor-http-nio-2] DEBUG o.s.w.s.a.HttpWebHandlerAdapter - [2172f60d-1, L:/127.0.0.1:53958 - R:/127.0.0.1:53959] Completed 200 OK
17:53:01.450 [reactor-http-nio-1] DEBUG o.s.c.c.StringDecoder - [4bc5d5a3] [966fb8a8-1, L:/127.0.0.1:53959 - R:localhost/127.0.0.1:53958] Decoded "data:{"name":"foo 1"}"
17:53:01.450 [reactor-http-nio-1] DEBUG o.s.c.c.StringDecoder - [4bc5d5a3] [966fb8a8-1, L:/127.0.0.1:53959 - R:localhost/127.0.0.1:53958] Decoded ""
17:53:01.450 [reactor-http-nio-1] DEBUG o.s.h.c.j.Jackson2JsonDecoder - [4bc5d5a3] [966fb8a8-1, L:/127.0.0.1:53959 - R:localhost/127.0.0.1:53958] Decoded [Person{name='foo 1'}]
17:53:01.450 [Test worker] DEBUG o.s.w.t.h.s.r.b.ReactorHttpServer - Stopping ReactorHttpServer...
17:53:01.450 [Test worker] DEBUG o.s.w.t.h.s.r.b.ReactorHttpServer - Server stopped (0 millis).
17:53:01.457 [Test worker] DEBUG o.s.w.s.a.HttpWebHandlerAdapter - enableLoggingRequestDetails='false': form data and headers will be masked to prevent unsafe logging of potentially sensitive data
17:53:01.457 [Test worker] DEBUG o.s.w.t.h.s.r.b.TomcatHttpServer - Starting TomcatHttpServer...
17:53:01.462 [Test worker] DEBUG o.s.w.t.h.s.r.b.TomcatHttpServer - Server started on port 53960(0 millis).
17:53:01.462 [Test worker] DEBUG o.s.w.r.f.c.ExchangeFunctions - [a769a54] HTTP GET http://localhost:53960/person
17:53:01.469 [http-nio-auto-30-exec-1] DEBUG o.s.w.s.a.HttpWebHandlerAdapter - [5170d1c5] HTTP GET "/person"
17:53:01.572 [parallel-16] DEBUG o.s.h.c.j.Jackson2JsonEncoder - [5170d1c5] Encoding [Person{name='foo 0'}]
17:53:01.573 [reactor-http-nio-3] DEBUG o.s.w.r.f.c.ExchangeFunctions - [a769a54] [7e749aaf-1, L:/127.0.0.1:53961 - R:localhost/127.0.0.1:53960] Response 200 OK
17:53:01.574 [reactor-http-nio-3] DEBUG o.s.c.c.StringDecoder - [a769a54] [7e749aaf-1, L:/127.0.0.1:53961 - R:localhost/127.0.0.1:53960] Decoded "data:{"name":"foo 0"}"
17:53:01.574 [reactor-http-nio-3] DEBUG o.s.c.c.StringDecoder - [a769a54] [7e749aaf-1, L:/127.0.0.1:53961 - R:localhost/127.0.0.1:53960] Decoded ""
17:53:01.574 [reactor-http-nio-3] DEBUG o.s.h.c.j.Jackson2JsonDecoder - [a769a54] [7e749aaf-1, L:/127.0.0.1:53961 - R:localhost/127.0.0.1:53960] Decoded [Person{name='foo 0'}]
17:53:01.674 [parallel-16] DEBUG o.s.h.c.j.Jackson2JsonEncoder - [5170d1c5] Encoding [Person{name='foo 1'}]
17:53:01.675 [parallel-16] DEBUG o.s.w.s.a.HttpWebHandlerAdapter - [5170d1c5] Completed 200 OK
17:53:01.677 [reactor-http-nio-3] DEBUG o.s.c.c.StringDecoder - [a769a54] [7e749aaf-1, L:/127.0.0.1:53961 - R:localhost/127.0.0.1:53960] Decoded "data:{"name":"foo 1"}"
17:53:01.677 [reactor-http-nio-3] DEBUG o.s.c.c.StringDecoder - [a769a54] [7e749aaf-1, L:/127.0.0.1:53961 - R:localhost/127.0.0.1:53960] Decoded ""
17:53:01.677 [reactor-http-nio-3] DEBUG o.s.h.c.j.Jackson2JsonDecoder - [a769a54] [7e749aaf-1, L:/127.0.0.1:53961 - R:localhost/127.0.0.1:53960] Decoded [Person{name='foo 1'}]
17:53:01.677 [Test worker] DEBUG o.s.w.t.h.s.r.b.TomcatHttpServer - Stopping TomcatHttpServer...
17:53:12.832 [Test worker] DEBUG o.s.w.t.h.s.r.b.TomcatHttpServer - Server stopped (0 millis).
17:53:12.841 [Test worker] DEBUG o.s.w.s.a.HttpWebHandlerAdapter - enableLoggingRequestDetails='false': form data and headers will be masked to prevent unsafe logging of potentially sensitive data
17:53:12.841 [Test worker] DEBUG o.s.w.t.h.s.r.b.UndertowHttpServer - Starting UndertowHttpServer...
17:53:12.841 [Test worker] INFO  i.undertow - starting server: Undertow - 2.2.7.Final
17:53:12.845 [Test worker] DEBUG o.s.w.t.h.s.r.b.UndertowHttpServer - Server started on port 53984(0 millis).
17:53:12.845 [Test worker] DEBUG o.s.w.r.f.c.ExchangeFunctions - [1aaad730] HTTP GET http://localhost:53984/person
17:53:12.852 [XNIO-29 I/O-3] DEBUG o.s.w.s.a.HttpWebHandlerAdapter - [cbb9c94-29] HTTP GET "/person"
17:53:12.955 [parallel-1] DEBUG o.s.h.c.j.Jackson2JsonEncoder - [cbb9c94-29] Encoding [Person{name='foo 0'}]
17:53:12.957 [reactor-http-nio-4] DEBUG o.s.w.r.f.c.ExchangeFunctions - [1aaad730] [cef48f78-1, L:/127.0.0.1:53985 - R:localhost/127.0.0.1:53984] Response 200 OK
17:53:12.957 [reactor-http-nio-4] DEBUG o.s.c.c.StringDecoder - [1aaad730] [cef48f78-1, L:/127.0.0.1:53985 - R:localhost/127.0.0.1:53984] Decoded "data:{"name":"foo 0"}"
17:53:12.957 [reactor-http-nio-4] DEBUG o.s.c.c.StringDecoder - [1aaad730] [cef48f78-1, L:/127.0.0.1:53985 - R:localhost/127.0.0.1:53984] Decoded ""
17:53:12.957 [reactor-http-nio-4] DEBUG o.s.h.c.j.Jackson2JsonDecoder - [1aaad730] [cef48f78-1, L:/127.0.0.1:53985 - R:localhost/127.0.0.1:53984] Decoded [Person{name='foo 0'}]
17:53:13.053 [parallel-1] DEBUG o.s.h.c.j.Jackson2JsonEncoder - [cbb9c94-29] Encoding [Person{name='foo 1'}]
17:53:13.053 [XNIO-29 I/O-3] DEBUG o.s.w.s.a.HttpWebHandlerAdapter - [cbb9c94-29] Completed 200 OK
17:53:13.054 [reactor-http-nio-4] DEBUG o.s.c.c.StringDecoder - [1aaad730] [cef48f78-1, L:/127.0.0.1:53985 - R:localhost/127.0.0.1:53984] Decoded "data:{"name":"foo 1"}"
17:53:13.054 [reactor-http-nio-4] DEBUG o.s.c.c.StringDecoder - [1aaad730] [cef48f78-1, L:/127.0.0.1:53985 - R:localhost/127.0.0.1:53984] Decoded ""
17:53:13.054 [reactor-http-nio-4] DEBUG o.s.h.c.j.Jackson2JsonDecoder - [1aaad730] [cef48f78-1, L:/127.0.0.1:53985 - R:localhost/127.0.0.1:53984] Decoded [Person{name='foo 1'}]
17:53:13.055 [Test worker] DEBUG o.s.w.t.h.s.r.b.UndertowHttpServer - Stopping UndertowHttpServer...
17:53:13.055 [Test worker] INFO  i.undertow - stopping server: Undertow - 2.2.7.Final
17:53:13.055 [Test worker] DEBUG o.s.w.t.h.s.r.b.UndertowHttpServer - Server stopped (0 millis).
17:53:13.063 [Test worker] DEBUG o.s.w.s.a.HttpWebHandlerAdapter - enableLoggingRequestDetails='false': form data and headers will be masked to prevent unsafe logging of potentially sensitive data
17:53:13.063 [Test worker] WARN  o.e.j.s.h.ContextHandler - Empty contextPath
17:53:13.063 [Test worker] INFO  o.e.j.s.h.ContextHandler - Started o.e.j.s.ServletContextHandler@6fb9fb5e{/,null,AVAILABLE}
17:53:13.063 [Test worker] DEBUG o.s.w.t.h.s.r.b.JettyHttpServer - Starting JettyHttpServer...
17:53:13.063 [Test worker] INFO  o.e.j.s.Server - jetty-9.4.39.v20210325; built: 2021-03-25T14:42:11.471Z; git: 9fc7ca5a922f2a37b84ec9dbc26a5168cee7e667; jvm 1.8.0_181-b13
17:53:13.065 [Test worker] INFO  o.e.j.s.AbstractConnector - Started ServerConnector@4788bf82{HTTP/1.1, (http/1.1)}{0.0.0.0:53986}
17:53:13.065 [Test worker] INFO  o.e.j.s.Server - Started @360116ms
17:53:13.065 [Test worker] DEBUG o.s.w.t.h.s.r.b.JettyHttpServer - Server started on port 53986(0 millis).
17:53:13.065 [Test worker] DEBUG o.s.w.r.f.c.ExchangeFunctions - [4dd194f4] HTTP GET http://localhost:53986/string
17:53:13.072 [qtp1771047166-1413] DEBUG o.s.w.s.a.HttpWebHandlerAdapter - [e41d2f4] HTTP GET "/string"
17:53:13.175 [reactor-http-nio-5] DEBUG o.s.w.r.f.c.ExchangeFunctions - [4dd194f4] [959c4b55-1, L:/127.0.0.1:53987 - R:localhost/127.0.0.1:53986] Response 200 OK
17:53:13.176 [reactor-http-nio-5] DEBUG o.s.c.c.StringDecoder - [4dd194f4] [959c4b55-1, L:/127.0.0.1:53987 - R:localhost/127.0.0.1:53986] Decoded "data:foo 0"
17:53:13.176 [reactor-http-nio-5] DEBUG o.s.c.c.StringDecoder - [4dd194f4] [959c4b55-1, L:/127.0.0.1:53987 - R:localhost/127.0.0.1:53986] Decoded ""
17:53:13.277 [parallel-2] DEBUG o.s.w.s.a.HttpWebHandlerAdapter - [e41d2f4] Completed 200 OK
17:53:13.277 [reactor-http-nio-5] DEBUG o.s.c.c.StringDecoder - [4dd194f4] [959c4b55-1, L:/127.0.0.1:53987 - R:localhost/127.0.0.1:53986] Decoded "data:foo 1"
17:53:13.277 [reactor-http-nio-5] DEBUG o.s.c.c.StringDecoder - [4dd194f4] [959c4b55-1, L:/127.0.0.1:53987 - R:localhost/127.0.0.1:53986] Decoded ""
17:53:13.278 [Test worker] DEBUG o.s.w.t.h.s.r.b.JettyHttpServer - Stopping JettyHttpServer...
17:53:13.278 [Test worker] INFO  o.e.j.s.h.ContextHandler - Stopped o.e.j.s.ServletContextHandler@6fb9fb5e{/,null,STOPPED}
17:53:13.280 [Test worker] INFO  o.e.j.s.AbstractConnector - Stopped ServerConnector@4788bf82{HTTP/1.1, (http/1.1)}{0.0.0.0:0}
17:53:13.280 [Test worker] DEBUG o.s.w.t.h.s.r.b.JettyHttpServer - Server stopped (0 millis).
17:53:13.287 [Test worker] DEBUG o.s.w.s.a.HttpWebHandlerAdapter - enableLoggingRequestDetails='false': form data and headers will be masked to prevent unsafe logging of potentially sensitive data
17:53:13.287 [Test worker] DEBUG o.s.w.t.h.s.r.b.ReactorHttpServer - Starting ReactorHttpServer...
17:53:13.287 [Test worker] DEBUG o.s.w.t.h.s.r.b.ReactorHttpServer - Server started on port 53988(0 millis).
17:53:13.288 [Test worker] DEBUG o.s.w.r.f.c.ExchangeFunctions - [ac4aed7] HTTP GET http://localhost:53988/string
17:53:13.293 [reactor-http-nio-8] DEBUG o.s.w.s.a.HttpWebHandlerAdapter - [39c2baf6-1, L:/127.0.0.1:53988 - R:/127.0.0.1:53989] HTTP GET "/string"
17:53:13.394 [reactor-http-nio-7] DEBUG o.s.w.r.f.c.ExchangeFunctions - [ac4aed7] [872cf3bf-1, L:/127.0.0.1:53989 - R:localhost/127.0.0.1:53988] Response 200 OK
17:53:13.395 [reactor-http-nio-7] DEBUG o.s.c.c.StringDecoder - [ac4aed7] [872cf3bf-1, L:/127.0.0.1:53989 - R:localhost/127.0.0.1:53988] Decoded "data:foo 0"
17:53:13.395 [reactor-http-nio-7] DEBUG o.s.c.c.StringDecoder - [ac4aed7] [872cf3bf-1, L:/127.0.0.1:53989 - R:localhost/127.0.0.1:53988] Decoded ""
17:53:13.499 [reactor-http-nio-8] DEBUG o.s.w.s.a.HttpWebHandlerAdapter - [39c2baf6-1, L:/127.0.0.1:53988 - R:/127.0.0.1:53989] Completed 200 OK
17:53:13.499 [reactor-http-nio-7] DEBUG o.s.c.c.StringDecoder - [ac4aed7] [872cf3bf-1, L:/127.0.0.1:53989 - R:localhost/127.0.0.1:53988] Decoded "data:foo 1"
17:53:13.499 [reactor-http-nio-7] DEBUG o.s.c.c.StringDecoder - [ac4aed7] [872cf3bf-1, L:/127.0.0.1:53989 - R:localhost/127.0.0.1:53988] Decoded ""
17:53:13.500 [Test worker] DEBUG o.s.w.t.h.s.r.b.ReactorHttpServer - Stopping ReactorHttpServer...
17:53:13.500 [Test worker] DEBUG o.s.w.t.h.s.r.b.ReactorHttpServer - Server stopped (0 millis).
17:53:13.507 [Test worker] DEBUG o.s.w.s.a.HttpWebHandlerAdapter - enableLoggingRequestDetails='false': form data and headers will be masked to prevent unsafe logging of potentially sensitive data
17:53:13.508 [Test worker] DEBUG o.s.w.t.h.s.r.b.TomcatHttpServer - Starting TomcatHttpServer...
17:53:13.512 [Test worker] DEBUG o.s.w.t.h.s.r.b.TomcatHttpServer - Server started on port 53990(0 millis).
17:53:13.513 [Test worker] DEBUG o.s.w.r.f.c.ExchangeFunctions - [26ab12bb] HTTP GET http://localhost:53990/string
17:53:13.521 [http-nio-auto-31-exec-1] DEBUG o.s.w.s.a.HttpWebHandlerAdapter - [3bc1242e] HTTP GET "/string"
17:53:13.623 [reactor-http-nio-9] DEBUG o.s.w.r.f.c.ExchangeFunctions - [26ab12bb] [65409048-1, L:/127.0.0.1:53991 - R:localhost/127.0.0.1:53990] Response 200 OK
17:53:13.623 [reactor-http-nio-9] DEBUG o.s.c.c.StringDecoder - [26ab12bb] [65409048-1, L:/127.0.0.1:53991 - R:localhost/127.0.0.1:53990] Decoded "data:foo 0"
17:53:13.623 [reactor-http-nio-9] DEBUG o.s.c.c.StringDecoder - [26ab12bb] [65409048-1, L:/127.0.0.1:53991 - R:localhost/127.0.0.1:53990] Decoded ""
17:53:13.723 [parallel-4] DEBUG o.s.w.s.a.HttpWebHandlerAdapter - [3bc1242e] Completed 200 OK
17:53:13.724 [reactor-http-nio-9] DEBUG o.s.c.c.StringDecoder - [26ab12bb] [65409048-1, L:/127.0.0.1:53991 - R:localhost/127.0.0.1:53990] Decoded "data:foo 1"
17:53:13.724 [reactor-http-nio-9] DEBUG o.s.c.c.StringDecoder - [26ab12bb] [65409048-1, L:/127.0.0.1:53991 - R:localhost/127.0.0.1:53990] Decoded ""
17:53:13.725 [Test worker] DEBUG o.s.w.t.h.s.r.b.TomcatHttpServer - Stopping TomcatHttpServer...
17:53:24.906 [Test worker] DEBUG o.s.w.t.h.s.r.b.TomcatHttpServer - Server stopped (0 millis).
17:53:24.915 [Test worker] DEBUG o.s.w.s.a.HttpWebHandlerAdapter - enableLoggingRequestDetails='false': form data and headers will be masked to prevent unsafe logging of potentially sensitive data
17:53:24.915 [Test worker] DEBUG o.s.w.t.h.s.r.b.UndertowHttpServer - Starting UndertowHttpServer...
17:53:24.915 [Test worker] INFO  i.undertow - starting server: Undertow - 2.2.7.Final
17:53:24.918 [Test worker] DEBUG o.s.w.t.h.s.r.b.UndertowHttpServer - Server started on port 54026(0 millis).
17:53:24.919 [Test worker] DEBUG o.s.w.r.f.c.ExchangeFunctions - [6f12297c] HTTP GET http://localhost:54026/string
17:53:24.926 [XNIO-30 I/O-1] DEBUG o.s.w.s.a.HttpWebHandlerAdapter - [262cd96a-30] HTTP GET "/string"
17:53:25.031 [reactor-http-nio-10] DEBUG o.s.w.r.f.c.ExchangeFunctions - [6f12297c] [18a39d4b-1, L:/127.0.0.1:54027 - R:localhost/127.0.0.1:54026] Response 200 OK
17:53:25.032 [reactor-http-nio-10] DEBUG o.s.c.c.StringDecoder - [6f12297c] [18a39d4b-1, L:/127.0.0.1:54027 - R:localhost/127.0.0.1:54026] Decoded "data:foo 0"
17:53:25.032 [reactor-http-nio-10] DEBUG o.s.c.c.StringDecoder - [6f12297c] [18a39d4b-1, L:/127.0.0.1:54027 - R:localhost/127.0.0.1:54026] Decoded ""
17:53:25.128 [XNIO-30 I/O-1] DEBUG o.s.w.s.a.HttpWebHandlerAdapter - [262cd96a-30] Completed 200 OK
17:53:25.128 [reactor-http-nio-10] DEBUG o.s.c.c.StringDecoder - [6f12297c] [18a39d4b-1, L:/127.0.0.1:54027 - R:localhost/127.0.0.1:54026] Decoded "data:foo 1"
17:53:25.128 [reactor-http-nio-10] DEBUG o.s.c.c.StringDecoder - [6f12297c] [18a39d4b-1, L:/127.0.0.1:54027 - R:localhost/127.0.0.1:54026] Decoded ""
17:53:25.129 [Test worker] DEBUG o.s.w.t.h.s.r.b.UndertowHttpServer - Stopping UndertowHttpServer...
17:53:25.129 [Test worker] INFO  i.undertow - stopping server: Undertow - 2.2.7.Final
17:53:25.130 [Test worker] DEBUG o.s.w.t.h.s.r.b.UndertowHttpServer - Server stopped (0 millis).
]]></system-out>
  <system-err><![CDATA[]]></system-err>
</testsuite>
