<?xml version="1.0" encoding="UTF-8"?>
<testsuite name="org.springframework.web.reactive.result.condition.CompositeRequestConditionTests" tests="9" skipped="0" failures="0" errors="0" timestamp="2021-04-26T08:31:58" hostname="wangweilideMacBook-Pro.local" time="0.081">
  <properties/>
  <testcase name="combineDifferentLength()" classname="org.springframework.web.reactive.result.condition.CompositeRequestConditionTests" time="0.009"/>
  <testcase name="compareEmpty()" classname="org.springframework.web.reactive.result.condition.CompositeRequestConditionTests" time="0.01"/>
  <testcase name="match()" classname="org.springframework.web.reactive.result.condition.CompositeRequestConditionTests" time="0.012"/>
  <testcase name="combine()" classname="org.springframework.web.reactive.result.condition.CompositeRequestConditionTests" time="0.001"/>
  <testcase name="compare()" classname="org.springframework.web.reactive.result.condition.CompositeRequestConditionTests" time="0.011"/>
  <testcase name="compareDifferentLength()" classname="org.springframework.web.reactive.result.condition.CompositeRequestConditionTests" time="0.011"/>
  <testcase name="combineEmpty()" classname="org.springframework.web.reactive.result.condition.CompositeRequestConditionTests" time="0.001"/>
  <testcase name="matchEmpty()" classname="org.springframework.web.reactive.result.condition.CompositeRequestConditionTests" time="0.011"/>
  <testcase name="noMatch()" classname="org.springframework.web.reactive.result.condition.CompositeRequestConditionTests" time="0.011"/>
  <system-out><![CDATA[]]></system-out>
  <system-err><![CDATA[]]></system-err>
</testsuite>
