<?xml version="1.0" encoding="UTF-8"?>
<testsuite name="org.springframework.web.reactive.function.server.RequestPredicateTests" tests="3" skipped="0" failures="0" errors="0" timestamp="2021-04-26T08:41:33" hostname="wangweilideMacBook-Pro.local" time="0.016">
  <properties/>
  <testcase name="negate()" classname="org.springframework.web.reactive.function.server.RequestPredicateTests" time="0.006"/>
  <testcase name="or()" classname="org.springframework.web.reactive.function.server.RequestPredicateTests" time="0.006"/>
  <testcase name="and()" classname="org.springframework.web.reactive.function.server.RequestPredicateTests" time="0.004"/>
  <system-out><![CDATA[]]></system-out>
  <system-err><![CDATA[]]></system-err>
</testsuite>
