<?xml version="1.0" encoding="UTF-8"?>
<testsuite name="org.springframework.web.reactive.result.method.annotation.RequestParamMapMethodArgumentResolverTests" tests="3" skipped="0" failures="0" errors="0" timestamp="2021-05-01T09:50:27" hostname="wangweilideMBP.lan" time="0.011">
  <properties/>
  <testcase name="resolveMapArgumentWithQueryString()" classname="org.springframework.web.reactive.result.method.annotation.RequestParamMapMethodArgumentResolverTests" time="0.005"/>
  <testcase name="resolveMultiValueMapArgument()" classname="org.springframework.web.reactive.result.method.annotation.RequestParamMapMethodArgumentResolverTests" time="0.005"/>
  <testcase name="supportsParameter()" classname="org.springframework.web.reactive.result.method.annotation.RequestParamMapMethodArgumentResolverTests" time="0.001"/>
  <system-out><![CDATA[]]></system-out>
  <system-err><![CDATA[]]></system-err>
</testsuite>
