<?xml version="1.0" encoding="UTF-8"?>
<testsuite name="org.springframework.web.reactive.function.server.RouterFunctionBuilderTests" tests="6" skipped="0" failures="0" errors="0" timestamp="2021-04-26T08:37:28" hostname="wangweilideMacBook-Pro.local" time="0.074">
  <properties/>
  <testcase name="resources()" classname="org.springframework.web.reactive.function.server.RouterFunctionBuilderTests" time="0.015"/>
  <testcase name="multipleOnErrors()" classname="org.springframework.web.reactive.function.server.RouterFunctionBuilderTests" time="0.009"/>
  <testcase name="filters()" classname="org.springframework.web.reactive.function.server.RouterFunctionBuilderTests" time="0.013"/>
  <testcase name="nest()" classname="org.springframework.web.reactive.function.server.RouterFunctionBuilderTests" time="0.008"/>
  <testcase name="route()" classname="org.springframework.web.reactive.function.server.RouterFunctionBuilderTests" time="0.025"/>
  <testcase name="attributes()" classname="org.springframework.web.reactive.function.server.RouterFunctionBuilderTests" time="0.004"/>
  <system-out><![CDATA[]]></system-out>
  <system-err><![CDATA[]]></system-err>
</testsuite>
