<?xml version="1.0" encoding="UTF-8"?>
<testsuite name="org.springframework.web.reactive.result.method.annotation.RequestMappingIntegrationTests" tests="12" skipped="0" failures="0" errors="0" timestamp="2021-04-26T08:33:57" hostname="wangweilideMacBook-Pro.local" time="34.932">
  <properties/>
  <testcase name="[1] org.springframework.web.testfixture.http.server.reactive.bootstrap.JettyHttpServer@7abefc82" classname="org.springframework.web.reactive.result.method.annotation.RequestMappingIntegrationTests" time="0.043"/>
  <testcase name="[2] org.springframework.web.testfixture.http.server.reactive.bootstrap.ReactorHttpServer@4dd5f4d4" classname="org.springframework.web.reactive.result.method.annotation.RequestMappingIntegrationTests" time="0.03"/>
  <testcase name="[3] org.springframework.web.testfixture.http.server.reactive.bootstrap.TomcatHttpServer@4bde745e" classname="org.springframework.web.reactive.result.method.annotation.RequestMappingIntegrationTests" time="11.185"/>
  <testcase name="[4] org.springframework.web.testfixture.http.server.reactive.bootstrap.UndertowHttpServer@ebb53f6" classname="org.springframework.web.reactive.result.method.annotation.RequestMappingIntegrationTests" time="0.032"/>
  <testcase name="[1] org.springframework.web.testfixture.http.server.reactive.bootstrap.JettyHttpServer@23beaae5" classname="org.springframework.web.reactive.result.method.annotation.RequestMappingIntegrationTests" time="0.292"/>
  <testcase name="[2] org.springframework.web.testfixture.http.server.reactive.bootstrap.ReactorHttpServer@2a8bc9e5" classname="org.springframework.web.reactive.result.method.annotation.RequestMappingIntegrationTests" time="0.285"/>
  <testcase name="[3] org.springframework.web.testfixture.http.server.reactive.bootstrap.TomcatHttpServer@41a51e6b" classname="org.springframework.web.reactive.result.method.annotation.RequestMappingIntegrationTests" time="11.468"/>
  <testcase name="[4] org.springframework.web.testfixture.http.server.reactive.bootstrap.UndertowHttpServer@74d79d6d" classname="org.springframework.web.reactive.result.method.annotation.RequestMappingIntegrationTests" time="0.292"/>
  <testcase name="[1] org.springframework.web.testfixture.http.server.reactive.bootstrap.JettyHttpServer@1d147da" classname="org.springframework.web.reactive.result.method.annotation.RequestMappingIntegrationTests" time="0.029"/>
  <testcase name="[2] org.springframework.web.testfixture.http.server.reactive.bootstrap.ReactorHttpServer@61e9331f" classname="org.springframework.web.reactive.result.method.annotation.RequestMappingIntegrationTests" time="0.023"/>
  <testcase name="[3] org.springframework.web.testfixture.http.server.reactive.bootstrap.TomcatHttpServer@4102614" classname="org.springframework.web.reactive.result.method.annotation.RequestMappingIntegrationTests" time="11.168"/>
  <testcase name="[4] org.springframework.web.testfixture.http.server.reactive.bootstrap.UndertowHttpServer@3b0bb350" classname="org.springframework.web.reactive.result.method.annotation.RequestMappingIntegrationTests" time="0.032"/>
  <system-out><![CDATA[16:33:57.272 [Test worker] DEBUG o.s.w.r.r.m.a.RequestMappingHandlerMapping - 4 mappings in 'requestMappingHandlerMapping'
16:33:57.282 [Test worker] DEBUG o.s.w.r.r.m.a.ControllerMethodResolver - ControllerAdvice beans: none
16:33:57.288 [Test worker] DEBUG o.s.w.s.a.HttpWebHandlerAdapter - enableLoggingRequestDetails='false': form data and headers will be masked to prevent unsafe logging of potentially sensitive data
16:33:57.288 [Test worker] WARN  o.e.j.s.h.ContextHandler - Empty contextPath
16:33:57.288 [Test worker] INFO  o.e.j.s.h.ContextHandler - Started o.e.j.s.ServletContextHandler@325c923b{/,null,AVAILABLE}
16:33:57.288 [Test worker] DEBUG o.s.w.t.h.s.r.b.JettyHttpServer - Starting JettyHttpServer...
16:33:57.289 [Test worker] INFO  o.e.j.s.Server - jetty-9.4.39.v20210325; built: 2021-03-25T14:42:11.471Z; git: 9fc7ca5a922f2a37b84ec9dbc26a5168cee7e667; jvm 11.0.9+7-LTS
16:33:57.290 [Test worker] INFO  o.e.j.s.AbstractConnector - Started ServerConnector@18452ea1{HTTP/1.1, (http/1.1)}{0.0.0.0:61682}
16:33:57.291 [Test worker] INFO  o.e.j.s.Server - Started @125701ms
16:33:57.291 [Test worker] DEBUG o.s.w.t.h.s.r.b.JettyHttpServer - Server started on port 61682(0 millis).
16:33:57.291 [Test worker] DEBUG o.s.w.c.RestTemplate - HTTP GET http://localhost:61682/uri
16:33:57.291 [Test worker] DEBUG o.s.w.c.RestTemplate - Accept=[text/plain, application/json, application/x-jackson-smile, application/*+json, */*]
16:33:57.296 [qtp1978177708-509] DEBUG o.s.w.s.a.HttpWebHandlerAdapter - [7acf7cde] HTTP GET "/uri"
16:33:57.296 [qtp1978177708-509] DEBUG o.s.w.r.r.m.a.RequestMappingHandlerMapping - [7acf7cde] Mapped to org.springframework.web.reactive.result.method.annotation.RequestMappingIntegrationTests$TestRestController#uri(ServerHttpRequest)
16:33:57.297 [qtp1978177708-509] DEBUG o.s.w.r.r.m.a.ResponseBodyResultHandler - [7acf7cde] Using 'text/plain;charset=UTF-8' given [text/plain, application/json, application/x-jackson-smile, application/*+json, */*] and supported [text/plain;charset=UTF-8, text/event-stream, text/plain;charset=UTF-8, */*]
16:33:57.297 [qtp1978177708-509] DEBUG o.s.w.r.r.m.a.ResponseBodyResultHandler - [7acf7cde] 0..1 [java.lang.String]
16:33:57.298 [qtp1978177708-509] DEBUG o.s.c.c.CharSequenceEncoder - [7acf7cde] Writing "https://84.198.58.199/uri"
16:33:57.299 [qtp1978177708-509] DEBUG o.s.w.s.a.HttpWebHandlerAdapter - [7acf7cde] Completed 200 OK
16:33:57.299 [Test worker] DEBUG o.s.w.c.RestTemplate - Response 200 OK
16:33:57.299 [Test worker] DEBUG o.s.w.c.RestTemplate - Reading to [java.lang.String] as "text/plain;charset=utf-8"
16:33:57.299 [Test worker] DEBUG o.s.w.t.h.s.r.b.JettyHttpServer - Stopping JettyHttpServer...
16:33:57.299 [Test worker] INFO  o.e.j.s.h.ContextHandler - Stopped o.e.j.s.ServletContextHandler@325c923b{/,null,STOPPED}
16:33:57.301 [Test worker] INFO  o.e.j.s.AbstractConnector - Stopped ServerConnector@18452ea1{HTTP/1.1, (http/1.1)}{0.0.0.0:0}
16:33:57.302 [Test worker] DEBUG o.s.w.t.h.s.r.b.JettyHttpServer - Server stopped (0 millis).
16:33:57.319 [Test worker] DEBUG o.s.w.r.r.m.a.RequestMappingHandlerMapping - 4 mappings in 'requestMappingHandlerMapping'
16:33:57.329 [Test worker] DEBUG o.s.w.r.r.m.a.ControllerMethodResolver - ControllerAdvice beans: none
16:33:57.331 [Test worker] DEBUG o.s.w.s.a.HttpWebHandlerAdapter - enableLoggingRequestDetails='false': form data and headers will be masked to prevent unsafe logging of potentially sensitive data
16:33:57.331 [Test worker] DEBUG o.s.w.t.h.s.r.b.ReactorHttpServer - Starting ReactorHttpServer...
16:33:57.332 [Test worker] DEBUG o.s.w.t.h.s.r.b.ReactorHttpServer - Server started on port 61684(0 millis).
16:33:57.332 [Test worker] DEBUG o.s.w.c.RestTemplate - HTTP GET http://localhost:61684/uri
16:33:57.333 [Test worker] DEBUG o.s.w.c.RestTemplate - Accept=[text/plain, application/json, application/x-jackson-smile, application/*+json, */*]
16:33:57.334 [reactor-http-nio-11] DEBUG o.s.w.s.a.HttpWebHandlerAdapter - [b868a901-1, L:/127.0.0.1:61684 - R:/127.0.0.1:61685] HTTP GET "/uri"
16:33:57.334 [reactor-http-nio-11] DEBUG o.s.w.r.r.m.a.RequestMappingHandlerMapping - [b868a901-1, L:/127.0.0.1:61684 - R:/127.0.0.1:61685] Mapped to org.springframework.web.reactive.result.method.annotation.RequestMappingIntegrationTests$TestRestController#uri(ServerHttpRequest)
16:33:57.335 [reactor-http-nio-11] DEBUG o.s.w.r.r.m.a.ResponseBodyResultHandler - [b868a901-1, L:/127.0.0.1:61684 - R:/127.0.0.1:61685] Using 'text/plain;charset=UTF-8' given [text/plain, application/json, application/x-jackson-smile, application/*+json, */*] and supported [text/plain;charset=UTF-8, text/event-stream, text/plain;charset=UTF-8, */*]
16:33:57.335 [reactor-http-nio-11] DEBUG o.s.w.r.r.m.a.ResponseBodyResultHandler - [b868a901-1, L:/127.0.0.1:61684 - R:/127.0.0.1:61685] 0..1 [java.lang.String]
16:33:57.335 [reactor-http-nio-11] DEBUG o.s.c.c.CharSequenceEncoder - [b868a901-1, L:/127.0.0.1:61684 - R:/127.0.0.1:61685] Writing "https://84.198.58.199/uri"
16:33:57.336 [reactor-http-nio-11] DEBUG o.s.w.s.a.HttpWebHandlerAdapter - [b868a901-1, L:/127.0.0.1:61684 - R:/127.0.0.1:61685] Completed 200 OK
16:33:57.336 [Test worker] DEBUG o.s.w.c.RestTemplate - Response 200 OK
16:33:57.336 [Test worker] DEBUG o.s.w.c.RestTemplate - Reading to [java.lang.String] as "text/plain;charset=UTF-8"
16:33:57.337 [Test worker] DEBUG o.s.w.t.h.s.r.b.ReactorHttpServer - Stopping ReactorHttpServer...
16:33:57.337 [Test worker] DEBUG o.s.w.t.h.s.r.b.ReactorHttpServer - Server stopped (0 millis).
16:33:57.352 [Test worker] DEBUG o.s.w.r.r.m.a.RequestMappingHandlerMapping - 4 mappings in 'requestMappingHandlerMapping'
16:33:57.361 [Test worker] DEBUG o.s.w.r.r.m.a.ControllerMethodResolver - ControllerAdvice beans: none
16:33:57.363 [Test worker] DEBUG o.s.w.s.a.HttpWebHandlerAdapter - enableLoggingRequestDetails='false': form data and headers will be masked to prevent unsafe logging of potentially sensitive data
16:33:57.363 [Test worker] DEBUG o.s.w.t.h.s.r.b.TomcatHttpServer - Starting TomcatHttpServer...
16:33:57.368 [Test worker] DEBUG o.s.w.t.h.s.r.b.TomcatHttpServer - Server started on port 61686(0 millis).
16:33:57.369 [Test worker] DEBUG o.s.w.c.RestTemplate - HTTP GET http://localhost:61686/uri
16:33:57.369 [Test worker] DEBUG o.s.w.c.RestTemplate - Accept=[text/plain, application/json, application/x-jackson-smile, application/*+json, */*]
16:33:57.371 [http-nio-auto-11-exec-1] DEBUG o.s.w.s.a.HttpWebHandlerAdapter - [67cc265d] HTTP GET "/uri"
16:33:57.371 [http-nio-auto-11-exec-1] DEBUG o.s.w.r.r.m.a.RequestMappingHandlerMapping - [67cc265d] Mapped to org.springframework.web.reactive.result.method.annotation.RequestMappingIntegrationTests$TestRestController#uri(ServerHttpRequest)
16:33:57.372 [http-nio-auto-11-exec-1] DEBUG o.s.w.r.r.m.a.ResponseBodyResultHandler - [67cc265d] Using 'text/plain;charset=UTF-8' given [text/plain, application/json, application/x-jackson-smile, application/*+json, */*] and supported [text/plain;charset=UTF-8, text/event-stream, text/plain;charset=UTF-8, */*]
16:33:57.372 [http-nio-auto-11-exec-1] DEBUG o.s.w.r.r.m.a.ResponseBodyResultHandler - [67cc265d] 0..1 [java.lang.String]
16:33:57.372 [http-nio-auto-11-exec-1] DEBUG o.s.c.c.CharSequenceEncoder - [67cc265d] Writing "https://84.198.58.199/uri"
16:33:57.373 [http-nio-auto-11-exec-1] DEBUG o.s.w.s.a.HttpWebHandlerAdapter - [67cc265d] Completed 200 OK
16:33:57.373 [Test worker] DEBUG o.s.w.c.RestTemplate - Response 200 OK
16:33:57.373 [Test worker] DEBUG o.s.w.c.RestTemplate - Reading to [java.lang.String] as "text/plain;charset=UTF-8"
16:33:57.374 [Test worker] DEBUG o.s.w.t.h.s.r.b.TomcatHttpServer - Stopping TomcatHttpServer...
16:34:08.528 [Test worker] DEBUG o.s.w.t.h.s.r.b.TomcatHttpServer - Server stopped (0 millis).
16:34:08.545 [Test worker] DEBUG o.s.w.r.r.m.a.RequestMappingHandlerMapping - 4 mappings in 'requestMappingHandlerMapping'
16:34:08.555 [Test worker] DEBUG o.s.w.r.r.m.a.ControllerMethodResolver - ControllerAdvice beans: none
16:34:08.557 [Test worker] DEBUG o.s.w.s.a.HttpWebHandlerAdapter - enableLoggingRequestDetails='false': form data and headers will be masked to prevent unsafe logging of potentially sensitive data
16:34:08.557 [Test worker] DEBUG o.s.w.t.h.s.r.b.UndertowHttpServer - Starting UndertowHttpServer...
16:34:08.557 [Test worker] INFO  i.undertow - starting server: Undertow - 2.2.7.Final
16:34:08.560 [Test worker] DEBUG o.s.w.t.h.s.r.b.UndertowHttpServer - Server started on port 61746(0 millis).
16:34:08.560 [Test worker] DEBUG o.s.w.c.RestTemplate - HTTP GET http://localhost:61746/uri
16:34:08.561 [Test worker] DEBUG o.s.w.c.RestTemplate - Accept=[text/plain, application/json, application/x-jackson-smile, application/*+json, */*]
16:34:08.562 [XNIO-11 I/O-5] DEBUG o.s.w.s.a.HttpWebHandlerAdapter - [60f68dc9-11] HTTP GET "/uri"
16:34:08.562 [XNIO-11 I/O-5] DEBUG o.s.w.r.r.m.a.RequestMappingHandlerMapping - [60f68dc9-11] Mapped to org.springframework.web.reactive.result.method.annotation.RequestMappingIntegrationTests$TestRestController#uri(ServerHttpRequest)
16:34:08.563 [XNIO-11 I/O-5] DEBUG o.s.w.r.r.m.a.ResponseBodyResultHandler - [60f68dc9-11] Using 'text/plain;charset=UTF-8' given [text/plain, application/json, application/x-jackson-smile, application/*+json, */*] and supported [text/plain;charset=UTF-8, text/event-stream, text/plain;charset=UTF-8, */*]
16:34:08.563 [XNIO-11 I/O-5] DEBUG o.s.w.r.r.m.a.ResponseBodyResultHandler - [60f68dc9-11] 0..1 [java.lang.String]
16:34:08.563 [XNIO-11 I/O-5] DEBUG o.s.c.c.CharSequenceEncoder - [60f68dc9-11] Writing "https://84.198.58.199/uri"
16:34:08.563 [XNIO-11 I/O-5] DEBUG o.s.w.s.a.HttpWebHandlerAdapter - [60f68dc9-11] Completed 200 OK
16:34:08.563 [Test worker] DEBUG o.s.w.c.RestTemplate - Response 200 OK
16:34:08.563 [Test worker] DEBUG o.s.w.c.RestTemplate - Reading to [java.lang.String] as "text/plain;charset=UTF-8"
16:34:08.564 [Test worker] DEBUG o.s.w.t.h.s.r.b.UndertowHttpServer - Stopping UndertowHttpServer...
16:34:08.564 [Test worker] INFO  i.undertow - stopping server: Undertow - 2.2.7.Final
16:34:08.564 [Test worker] DEBUG o.s.w.t.h.s.r.b.UndertowHttpServer - Server stopped (0 millis).
16:34:08.579 [Test worker] DEBUG o.s.w.r.r.m.a.RequestMappingHandlerMapping - 4 mappings in 'requestMappingHandlerMapping'
16:34:08.589 [Test worker] DEBUG o.s.w.r.r.m.a.ControllerMethodResolver - ControllerAdvice beans: none
16:34:08.591 [Test worker] DEBUG o.s.w.s.a.HttpWebHandlerAdapter - enableLoggingRequestDetails='false': form data and headers will be masked to prevent unsafe logging of potentially sensitive data
16:34:08.592 [Test worker] WARN  o.e.j.s.h.ContextHandler - Empty contextPath
16:34:08.592 [Test worker] INFO  o.e.j.s.h.ContextHandler - Started o.e.j.s.ServletContextHandler@4af31e88{/,null,AVAILABLE}
16:34:08.592 [Test worker] DEBUG o.s.w.t.h.s.r.b.JettyHttpServer - Starting JettyHttpServer...
16:34:08.592 [Test worker] INFO  o.e.j.s.Server - jetty-9.4.39.v20210325; built: 2021-03-25T14:42:11.471Z; git: 9fc7ca5a922f2a37b84ec9dbc26a5168cee7e667; jvm 11.0.9+7-LTS
16:34:08.594 [Test worker] INFO  o.e.j.s.AbstractConnector - Started ServerConnector@3f0f12e5{HTTP/1.1, (http/1.1)}{0.0.0.0:61748}
16:34:08.594 [Test worker] INFO  o.e.j.s.Server - Started @137005ms
16:34:08.594 [Test worker] DEBUG o.s.w.t.h.s.r.b.JettyHttpServer - Server started on port 61748(0 millis).
16:34:08.594 [Test worker] DEBUG o.s.w.c.RestTemplate - HTTP GET http://localhost:61748/stream
16:34:08.595 [Test worker] DEBUG o.s.w.c.RestTemplate - Accept=[application/json, application/x-jackson-smile, application/*+json]
16:34:08.597 [qtp102901110-554] DEBUG o.s.w.s.a.HttpWebHandlerAdapter - [45d2f3ec] HTTP GET "/stream"
16:34:08.597 [qtp102901110-554] DEBUG o.s.w.r.r.m.a.RequestMappingHandlerMapping - [45d2f3ec] Mapped to org.springframework.web.reactive.result.method.annotation.RequestMappingIntegrationTests$TestRestController#stream()
16:34:08.599 [qtp102901110-554] DEBUG o.s.w.r.r.m.a.ResponseBodyResultHandler - [45d2f3ec] Using 'application/json' given [application/json, application/x-jackson-smile, application/*+json] and supported [application/json, application/*+json, application/x-ndjson, application/x-jackson-smile, application/*+x-jackson-smile, text/event-stream]
16:34:08.599 [qtp102901110-554] DEBUG o.s.w.r.r.m.a.ResponseBodyResultHandler - [45d2f3ec] 0..N [java.lang.Long]
16:34:08.856 [parallel-1] DEBUG o.s.h.c.j.Jackson2JsonEncoder - [45d2f3ec] Encoding [[0, 1, 2, 3, 4]]
16:34:08.857 [parallel-1] DEBUG o.s.w.s.a.HttpWebHandlerAdapter - [45d2f3ec] Completed 200 OK
16:34:08.857 [Test worker] DEBUG o.s.w.c.RestTemplate - Response 200 OK
16:34:08.857 [Test worker] DEBUG o.s.w.c.RestTemplate - Reading to [java.lang.String[]]
16:34:08.860 [Test worker] DEBUG o.s.w.t.h.s.r.b.JettyHttpServer - Stopping JettyHttpServer...
16:34:08.860 [Test worker] INFO  o.e.j.s.h.ContextHandler - Stopped o.e.j.s.ServletContextHandler@4af31e88{/,null,STOPPED}
16:34:08.862 [Test worker] INFO  o.e.j.s.AbstractConnector - Stopped ServerConnector@3f0f12e5{HTTP/1.1, (http/1.1)}{0.0.0.0:0}
16:34:08.862 [Test worker] DEBUG o.s.w.t.h.s.r.b.JettyHttpServer - Server stopped (0 millis).
16:34:08.876 [Test worker] DEBUG o.s.w.r.r.m.a.RequestMappingHandlerMapping - 4 mappings in 'requestMappingHandlerMapping'
16:34:08.886 [Test worker] DEBUG o.s.w.r.r.m.a.ControllerMethodResolver - ControllerAdvice beans: none
16:34:08.888 [Test worker] DEBUG o.s.w.s.a.HttpWebHandlerAdapter - enableLoggingRequestDetails='false': form data and headers will be masked to prevent unsafe logging of potentially sensitive data
16:34:08.888 [Test worker] DEBUG o.s.w.t.h.s.r.b.ReactorHttpServer - Starting ReactorHttpServer...
16:34:08.889 [Test worker] DEBUG o.s.w.t.h.s.r.b.ReactorHttpServer - Server started on port 61752(0 millis).
16:34:08.889 [Test worker] DEBUG o.s.w.c.RestTemplate - HTTP GET http://localhost:61752/stream
16:34:08.890 [Test worker] DEBUG o.s.w.c.RestTemplate - Accept=[application/json, application/x-jackson-smile, application/*+json]
16:34:08.891 [reactor-http-nio-13] DEBUG o.s.w.s.a.HttpWebHandlerAdapter - [39737f59-1, L:/127.0.0.1:61752 - R:/127.0.0.1:61753] HTTP GET "/stream"
16:34:08.892 [reactor-http-nio-13] DEBUG o.s.w.r.r.m.a.RequestMappingHandlerMapping - [39737f59-1, L:/127.0.0.1:61752 - R:/127.0.0.1:61753] Mapped to org.springframework.web.reactive.result.method.annotation.RequestMappingIntegrationTests$TestRestController#stream()
16:34:08.892 [reactor-http-nio-13] DEBUG o.s.w.r.r.m.a.ResponseBodyResultHandler - [39737f59-1, L:/127.0.0.1:61752 - R:/127.0.0.1:61753] Using 'application/json' given [application/json, application/x-jackson-smile, application/*+json] and supported [application/json, application/*+json, application/x-ndjson, application/x-jackson-smile, application/*+x-jackson-smile, text/event-stream]
16:34:08.892 [reactor-http-nio-13] DEBUG o.s.w.r.r.m.a.ResponseBodyResultHandler - [39737f59-1, L:/127.0.0.1:61752 - R:/127.0.0.1:61753] 0..N [java.lang.Long]
16:34:09.147 [parallel-2] DEBUG o.s.h.c.j.Jackson2JsonEncoder - [39737f59-1, L:/127.0.0.1:61752 - R:/127.0.0.1:61753] Encoding [[0, 1, 2, 3, 4]]
16:34:09.150 [Test worker] DEBUG o.s.w.c.RestTemplate - Response 200 OK
16:34:09.151 [reactor-http-nio-13] DEBUG o.s.w.s.a.HttpWebHandlerAdapter - [39737f59-1, L:/127.0.0.1:61752 - R:/127.0.0.1:61753] Completed 200 OK
16:34:09.151 [Test worker] DEBUG o.s.w.c.RestTemplate - Reading to [java.lang.String[]]
16:34:09.152 [Test worker] DEBUG o.s.w.t.h.s.r.b.ReactorHttpServer - Stopping ReactorHttpServer...
16:34:09.152 [Test worker] DEBUG o.s.w.t.h.s.r.b.ReactorHttpServer - Server stopped (0 millis).
16:34:09.166 [Test worker] DEBUG o.s.w.r.r.m.a.RequestMappingHandlerMapping - 4 mappings in 'requestMappingHandlerMapping'
16:34:09.179 [Test worker] DEBUG o.s.w.r.r.m.a.ControllerMethodResolver - ControllerAdvice beans: none
16:34:09.181 [Test worker] DEBUG o.s.w.s.a.HttpWebHandlerAdapter - enableLoggingRequestDetails='false': form data and headers will be masked to prevent unsafe logging of potentially sensitive data
16:34:09.182 [Test worker] DEBUG o.s.w.t.h.s.r.b.TomcatHttpServer - Starting TomcatHttpServer...
16:34:09.187 [Test worker] DEBUG o.s.w.t.h.s.r.b.TomcatHttpServer - Server started on port 61759(0 millis).
16:34:09.187 [Test worker] DEBUG o.s.w.c.RestTemplate - HTTP GET http://localhost:61759/stream
16:34:09.187 [Test worker] DEBUG o.s.w.c.RestTemplate - Accept=[application/json, application/x-jackson-smile, application/*+json]
16:34:09.190 [http-nio-auto-12-exec-1] DEBUG o.s.w.s.a.HttpWebHandlerAdapter - [e146f9b] HTTP GET "/stream"
16:34:09.190 [http-nio-auto-12-exec-1] DEBUG o.s.w.r.r.m.a.RequestMappingHandlerMapping - [e146f9b] Mapped to org.springframework.web.reactive.result.method.annotation.RequestMappingIntegrationTests$TestRestController#stream()
16:34:09.190 [http-nio-auto-12-exec-1] DEBUG o.s.w.r.r.m.a.ResponseBodyResultHandler - [e146f9b] Using 'application/json' given [application/json, application/x-jackson-smile, application/*+json] and supported [application/json, application/*+json, application/x-ndjson, application/x-jackson-smile, application/*+x-jackson-smile, text/event-stream]
16:34:09.190 [http-nio-auto-12-exec-1] DEBUG o.s.w.r.r.m.a.ResponseBodyResultHandler - [e146f9b] 0..N [java.lang.Long]
16:34:09.443 [parallel-3] DEBUG o.s.h.c.j.Jackson2JsonEncoder - [e146f9b] Encoding [[0, 1, 2, 3, 4]]
16:34:09.443 [parallel-3] DEBUG o.s.w.s.a.HttpWebHandlerAdapter - [e146f9b] Completed 200 OK
16:34:09.444 [Test worker] DEBUG o.s.w.c.RestTemplate - Response 200 OK
16:34:09.445 [Test worker] DEBUG o.s.w.c.RestTemplate - Reading to [java.lang.String[]]
16:34:09.445 [Test worker] DEBUG o.s.w.t.h.s.r.b.TomcatHttpServer - Stopping TomcatHttpServer...
16:34:20.623 [Test worker] DEBUG o.s.w.t.h.s.r.b.TomcatHttpServer - Server stopped (0 millis).
16:34:20.645 [Test worker] DEBUG o.s.w.r.r.m.a.RequestMappingHandlerMapping - 4 mappings in 'requestMappingHandlerMapping'
16:34:20.654 [Test worker] DEBUG o.s.w.r.r.m.a.ControllerMethodResolver - ControllerAdvice beans: none
16:34:20.657 [Test worker] DEBUG o.s.w.s.a.HttpWebHandlerAdapter - enableLoggingRequestDetails='false': form data and headers will be masked to prevent unsafe logging of potentially sensitive data
16:34:20.657 [Test worker] DEBUG o.s.w.t.h.s.r.b.UndertowHttpServer - Starting UndertowHttpServer...
16:34:20.657 [Test worker] INFO  i.undertow - starting server: Undertow - 2.2.7.Final
16:34:20.661 [Test worker] DEBUG o.s.w.t.h.s.r.b.UndertowHttpServer - Server started on port 61796(0 millis).
16:34:20.661 [Test worker] DEBUG o.s.w.c.RestTemplate - HTTP GET http://localhost:61796/stream
16:34:20.661 [Test worker] DEBUG o.s.w.c.RestTemplate - Accept=[application/json, application/x-jackson-smile, application/*+json]
16:34:20.662 [XNIO-12 I/O-9] DEBUG o.s.w.s.a.HttpWebHandlerAdapter - [5eb4ecd4-12] HTTP GET "/stream"
16:34:20.662 [XNIO-12 I/O-9] DEBUG o.s.w.r.r.m.a.RequestMappingHandlerMapping - [5eb4ecd4-12] Mapped to org.springframework.web.reactive.result.method.annotation.RequestMappingIntegrationTests$TestRestController#stream()
16:34:20.663 [XNIO-12 I/O-9] DEBUG o.s.w.r.r.m.a.ResponseBodyResultHandler - [5eb4ecd4-12] Using 'application/json' given [application/json, application/x-jackson-smile, application/*+json] and supported [application/json, application/*+json, application/x-ndjson, application/x-jackson-smile, application/*+x-jackson-smile, text/event-stream]
16:34:20.663 [XNIO-12 I/O-9] DEBUG o.s.w.r.r.m.a.ResponseBodyResultHandler - [5eb4ecd4-12] 0..N [java.lang.Long]
16:34:20.918 [parallel-4] DEBUG o.s.h.c.j.Jackson2JsonEncoder - [5eb4ecd4-12] Encoding [[0, 1, 2, 3, 4]]
16:34:20.919 [XNIO-12 I/O-9] DEBUG o.s.w.s.a.HttpWebHandlerAdapter - [5eb4ecd4-12] Completed 200 OK
16:34:20.919 [Test worker] DEBUG o.s.w.c.RestTemplate - Response 200 OK
16:34:20.919 [Test worker] DEBUG o.s.w.c.RestTemplate - Reading to [java.lang.String[]]
16:34:20.920 [Test worker] DEBUG o.s.w.t.h.s.r.b.UndertowHttpServer - Stopping UndertowHttpServer...
16:34:20.920 [Test worker] INFO  i.undertow - stopping server: Undertow - 2.2.7.Final
16:34:20.921 [Test worker] DEBUG o.s.w.t.h.s.r.b.UndertowHttpServer - Server stopped (0 millis).
16:34:20.934 [Test worker] DEBUG o.s.w.r.r.m.a.RequestMappingHandlerMapping - 4 mappings in 'requestMappingHandlerMapping'
16:34:20.942 [Test worker] DEBUG o.s.w.r.r.m.a.ControllerMethodResolver - ControllerAdvice beans: none
16:34:20.944 [Test worker] DEBUG o.s.w.s.a.HttpWebHandlerAdapter - enableLoggingRequestDetails='false': form data and headers will be masked to prevent unsafe logging of potentially sensitive data
16:34:20.944 [Test worker] WARN  o.e.j.s.h.ContextHandler - Empty contextPath
16:34:20.945 [Test worker] INFO  o.e.j.s.h.ContextHandler - Started o.e.j.s.ServletContextHandler@21682e56{/,null,AVAILABLE}
16:34:20.945 [Test worker] DEBUG o.s.w.t.h.s.r.b.JettyHttpServer - Starting JettyHttpServer...
16:34:20.945 [Test worker] INFO  o.e.j.s.Server - jetty-9.4.39.v20210325; built: 2021-03-25T14:42:11.471Z; git: 9fc7ca5a922f2a37b84ec9dbc26a5168cee7e667; jvm 11.0.9+7-LTS
16:34:20.947 [Test worker] INFO  o.e.j.s.AbstractConnector - Started ServerConnector@7d4ac367{HTTP/1.1, (http/1.1)}{0.0.0.0:61798}
16:34:20.947 [Test worker] INFO  o.e.j.s.Server - Started @149358ms
16:34:20.947 [Test worker] DEBUG o.s.w.t.h.s.r.b.JettyHttpServer - Server started on port 61798(0 millis).
16:34:20.948 [Test worker] DEBUG o.s.w.c.RestTemplate - HTTP HEAD http://localhost:61798/text
16:34:20.950 [qtp1204347074-603] DEBUG o.s.w.s.a.HttpWebHandlerAdapter - [e7016e6] HTTP HEAD "/text"
16:34:20.951 [qtp1204347074-603] DEBUG o.s.w.r.r.m.a.RequestMappingHandlerMapping - [e7016e6] Mapped to org.springframework.web.reactive.result.method.annotation.RequestMappingIntegrationTests$TestRestController#textHead()
16:34:20.951 [qtp1204347074-603] DEBUG o.s.w.r.r.m.a.ResponseBodyResultHandler - [e7016e6] Using 'text/html' given [text/html, image/gif, image/jpeg, */*;q=.2, */*;q=.2] and supported [text/plain;charset=UTF-8, text/event-stream, text/plain;charset=UTF-8, */*]
16:34:20.951 [qtp1204347074-603] DEBUG o.s.w.r.r.m.a.ResponseBodyResultHandler - [e7016e6] 0..1 [java.lang.String]
16:34:20.951 [qtp1204347074-603] DEBUG o.s.c.c.CharSequenceEncoder - [e7016e6] Writing "Foo"
16:34:20.952 [qtp1204347074-603] DEBUG o.s.w.s.a.HttpWebHandlerAdapter - [e7016e6] Completed 200 OK
16:34:20.952 [Test worker] DEBUG o.s.w.c.RestTemplate - Response 200 OK
16:34:20.953 [Test worker] DEBUG o.s.w.t.h.s.r.b.JettyHttpServer - Stopping JettyHttpServer...
16:34:20.953 [Test worker] INFO  o.e.j.s.h.ContextHandler - Stopped o.e.j.s.ServletContextHandler@21682e56{/,null,STOPPED}
16:34:20.954 [Test worker] INFO  o.e.j.s.AbstractConnector - Stopped ServerConnector@7d4ac367{HTTP/1.1, (http/1.1)}{0.0.0.0:0}
16:34:20.954 [Test worker] DEBUG o.s.w.t.h.s.r.b.JettyHttpServer - Server stopped (0 millis).
16:34:20.967 [Test worker] DEBUG o.s.w.r.r.m.a.RequestMappingHandlerMapping - 4 mappings in 'requestMappingHandlerMapping'
16:34:20.976 [Test worker] DEBUG o.s.w.r.r.m.a.ControllerMethodResolver - ControllerAdvice beans: none
16:34:20.978 [Test worker] DEBUG o.s.w.s.a.HttpWebHandlerAdapter - enableLoggingRequestDetails='false': form data and headers will be masked to prevent unsafe logging of potentially sensitive data
16:34:20.978 [Test worker] DEBUG o.s.w.t.h.s.r.b.ReactorHttpServer - Starting ReactorHttpServer...
16:34:20.978 [Test worker] DEBUG o.s.w.t.h.s.r.b.ReactorHttpServer - Server started on port 61800(0 millis).
16:34:20.978 [Test worker] DEBUG o.s.w.c.RestTemplate - HTTP HEAD http://localhost:61800/text
16:34:20.980 [reactor-http-nio-15] DEBUG o.s.w.s.a.HttpWebHandlerAdapter - [58b60519-1, L:/127.0.0.1:61800 - R:/127.0.0.1:61801] HTTP HEAD "/text"
16:34:20.980 [reactor-http-nio-15] DEBUG o.s.w.r.r.m.a.RequestMappingHandlerMapping - [58b60519-1, L:/127.0.0.1:61800 - R:/127.0.0.1:61801] Mapped to org.springframework.web.reactive.result.method.annotation.RequestMappingIntegrationTests$TestRestController#textHead()
16:34:20.981 [reactor-http-nio-15] DEBUG o.s.w.r.r.m.a.ResponseBodyResultHandler - [58b60519-1, L:/127.0.0.1:61800 - R:/127.0.0.1:61801] Using 'text/html' given [text/html, image/gif, image/jpeg, */*;q=.2, */*;q=.2] and supported [text/plain;charset=UTF-8, text/event-stream, text/plain;charset=UTF-8, */*]
16:34:20.981 [reactor-http-nio-15] DEBUG o.s.w.r.r.m.a.ResponseBodyResultHandler - [58b60519-1, L:/127.0.0.1:61800 - R:/127.0.0.1:61801] 0..1 [java.lang.String]
16:34:20.981 [reactor-http-nio-15] DEBUG o.s.c.c.CharSequenceEncoder - [58b60519-1, L:/127.0.0.1:61800 - R:/127.0.0.1:61801] Writing "Foo"
16:34:20.981 [reactor-http-nio-15] DEBUG o.s.w.s.a.HttpWebHandlerAdapter - [58b60519-1, L:/127.0.0.1:61800 - R:/127.0.0.1:61801] Completed 200 OK
16:34:20.982 [Test worker] DEBUG o.s.w.c.RestTemplate - Response 200 OK
16:34:20.982 [Test worker] DEBUG o.s.w.t.h.s.r.b.ReactorHttpServer - Stopping ReactorHttpServer...
16:34:20.982 [Test worker] DEBUG o.s.w.t.h.s.r.b.ReactorHttpServer - Server stopped (0 millis).
16:34:20.995 [Test worker] DEBUG o.s.w.r.r.m.a.RequestMappingHandlerMapping - 4 mappings in 'requestMappingHandlerMapping'
16:34:21.003 [Test worker] DEBUG o.s.w.r.r.m.a.ControllerMethodResolver - ControllerAdvice beans: none
16:34:21.005 [Test worker] DEBUG o.s.w.s.a.HttpWebHandlerAdapter - enableLoggingRequestDetails='false': form data and headers will be masked to prevent unsafe logging of potentially sensitive data
16:34:21.005 [Test worker] DEBUG o.s.w.t.h.s.r.b.TomcatHttpServer - Starting TomcatHttpServer...
16:34:21.012 [Test worker] DEBUG o.s.w.t.h.s.r.b.TomcatHttpServer - Server started on port 61802(0 millis).
16:34:21.012 [Test worker] DEBUG o.s.w.c.RestTemplate - HTTP HEAD http://localhost:61802/text
16:34:21.014 [http-nio-auto-13-exec-1] DEBUG o.s.w.s.a.HttpWebHandlerAdapter - [2d31d386] HTTP HEAD "/text"
16:34:21.014 [http-nio-auto-13-exec-1] DEBUG o.s.w.r.r.m.a.RequestMappingHandlerMapping - [2d31d386] Mapped to org.springframework.web.reactive.result.method.annotation.RequestMappingIntegrationTests$TestRestController#textHead()
16:34:21.015 [http-nio-auto-13-exec-1] DEBUG o.s.w.r.r.m.a.ResponseBodyResultHandler - [2d31d386] Using 'text/html' given [text/html, image/gif, image/jpeg, */*;q=.2, */*;q=.2] and supported [text/plain;charset=UTF-8, text/event-stream, text/plain;charset=UTF-8, */*]
16:34:21.015 [http-nio-auto-13-exec-1] DEBUG o.s.w.r.r.m.a.ResponseBodyResultHandler - [2d31d386] 0..1 [java.lang.String]
16:34:21.015 [http-nio-auto-13-exec-1] DEBUG o.s.c.c.CharSequenceEncoder - [2d31d386] Writing "Foo"
16:34:21.015 [http-nio-auto-13-exec-1] DEBUG o.s.w.s.a.HttpWebHandlerAdapter - [2d31d386] Completed 200 OK
16:34:21.016 [Test worker] DEBUG o.s.w.c.RestTemplate - Response 200 OK
16:34:21.016 [Test worker] DEBUG o.s.w.t.h.s.r.b.TomcatHttpServer - Stopping TomcatHttpServer...
16:34:32.154 [Test worker] DEBUG o.s.w.t.h.s.r.b.TomcatHttpServer - Server stopped (0 millis).
16:34:32.169 [Test worker] DEBUG o.s.w.r.r.m.a.RequestMappingHandlerMapping - 4 mappings in 'requestMappingHandlerMapping'
16:34:32.179 [Test worker] DEBUG o.s.w.r.r.m.a.ControllerMethodResolver - ControllerAdvice beans: none
16:34:32.181 [Test worker] DEBUG o.s.w.s.a.HttpWebHandlerAdapter - enableLoggingRequestDetails='false': form data and headers will be masked to prevent unsafe logging of potentially sensitive data
16:34:32.181 [Test worker] DEBUG o.s.w.t.h.s.r.b.UndertowHttpServer - Starting UndertowHttpServer...
16:34:32.181 [Test worker] INFO  i.undertow - starting server: Undertow - 2.2.7.Final
16:34:32.185 [Test worker] DEBUG o.s.w.t.h.s.r.b.UndertowHttpServer - Server started on port 61837(0 millis).
16:34:32.186 [Test worker] DEBUG o.s.w.c.RestTemplate - HTTP HEAD http://localhost:61837/text
16:34:32.188 [XNIO-13 I/O-11] DEBUG o.s.w.s.a.HttpWebHandlerAdapter - [1d309da7-13] HTTP HEAD "/text"
16:34:32.188 [XNIO-13 I/O-11] DEBUG o.s.w.r.r.m.a.RequestMappingHandlerMapping - [1d309da7-13] Mapped to org.springframework.web.reactive.result.method.annotation.RequestMappingIntegrationTests$TestRestController#textHead()
16:34:32.188 [XNIO-13 I/O-11] DEBUG o.s.w.r.r.m.a.ResponseBodyResultHandler - [1d309da7-13] Using 'text/html' given [text/html, image/gif, image/jpeg, */*;q=.2, */*;q=.2] and supported [text/plain;charset=UTF-8, text/event-stream, text/plain;charset=UTF-8, */*]
16:34:32.188 [XNIO-13 I/O-11] DEBUG o.s.w.r.r.m.a.ResponseBodyResultHandler - [1d309da7-13] 0..1 [java.lang.String]
16:34:32.189 [XNIO-13 I/O-11] DEBUG o.s.c.c.CharSequenceEncoder - [1d309da7-13] Writing "Foo"
16:34:32.189 [XNIO-13 I/O-11] DEBUG o.s.w.s.a.HttpWebHandlerAdapter - [1d309da7-13] Completed 200 OK
16:34:32.189 [Test worker] DEBUG o.s.w.c.RestTemplate - Response 200 OK
16:34:32.190 [Test worker] DEBUG o.s.w.t.h.s.r.b.UndertowHttpServer - Stopping UndertowHttpServer...
16:34:32.190 [Test worker] INFO  i.undertow - stopping server: Undertow - 2.2.7.Final
16:34:32.190 [Test worker] DEBUG o.s.w.t.h.s.r.b.UndertowHttpServer - Server stopped (0 millis).
]]></system-out>
  <system-err><![CDATA[]]></system-err>
</testsuite>
