<?xml version="1.0" encoding="UTF-8"?>
<testsuite name="org.springframework.web.reactive.result.view.HttpMessageWriterViewTests" tests="7" skipped="0" failures="0" errors="0" timestamp="2021-04-26T08:31:58" hostname="wangweilideMacBook-Pro.local" time="0.166">
  <properties/>
  <testcase name="singleMatch()" classname="org.springframework.web.reactive.result.view.HttpMessageWriterViewTests" time="0.062"/>
  <testcase name="multipleMatches()" classname="org.springframework.web.reactive.result.view.HttpMessageWriterViewTests" time="0.007"/>
  <testcase name="render()" classname="org.springframework.web.reactive.result.view.HttpMessageWriterViewTests" time="0.004"/>
  <testcase name="noMatchBecauseNotSupported()" classname="org.springframework.web.reactive.result.view.HttpMessageWriterViewTests" time="0.002"/>
  <testcase name="supportedMediaTypes()" classname="org.springframework.web.reactive.result.view.HttpMessageWriterViewTests" time="0.003"/>
  <testcase name="multipleMatchesNotSupported()" classname="org.springframework.web.reactive.result.view.HttpMessageWriterViewTests" time="0.002"/>
  <testcase name="noMatch()" classname="org.springframework.web.reactive.result.view.HttpMessageWriterViewTests" time="0.001"/>
  <system-out><![CDATA[16:31:58.564 [Test worker] DEBUG o.s.h.c.j.Jackson2JsonEncoder - [2214c76a] Encoding [[bar2]]
16:31:58.626 [Test worker] DEBUG o.s.h.c.j.Jackson2JsonEncoder - [153558b5] Encoding [{foo1=[bar1], foo2=[bar2]}]
16:31:58.643 [Test worker] DEBUG o.s.h.c.j.Jackson2JsonEncoder - [4dda0897] Encoding [{foo=f, bar=b}]
]]></system-out>
  <system-err><![CDATA[]]></system-err>
</testsuite>
