<?xml version="1.0" encoding="UTF-8"?>
<testsuite name="org.springframework.web.reactive.accept.HeaderContentTypeResolverTests" tests="2" skipped="0" failures="0" errors="0" timestamp="2021-05-01T09:50:28" hostname="wangweilideMBP.lan" time="0.01">
  <properties/>
  <testcase name="resolveMediaTypes()" classname="org.springframework.web.reactive.accept.HeaderContentTypeResolverTests" time="0.005"/>
  <testcase name="resolveMediaTypesParseError()" classname="org.springframework.web.reactive.accept.HeaderContentTypeResolverTests" time="0.005"/>
  <system-out><![CDATA[]]></system-out>
  <system-err><![CDATA[]]></system-err>
</testsuite>
