<?xml version="1.0" encoding="UTF-8"?>
<testsuite name="org.springframework.web.reactive.function.client.DefaultClientResponseTests" tests="15" skipped="0" failures="0" errors="0" timestamp="2021-05-01T09:53:58" hostname="wangweilideMBP.lan" time="0.039">
  <properties/>
  <testcase name="toEntityListTypeReference()" classname="org.springframework.web.reactive.function.client.DefaultClientResponseTests" time="0.022"/>
  <testcase name="bodyToFluxTypeReference()" classname="org.springframework.web.reactive.function.client.DefaultClientResponseTests" time="0.001"/>
  <testcase name="header()" classname="org.springframework.web.reactive.function.client.DefaultClientResponseTests" time="0.003"/>
  <testcase name="rawStatusCode()" classname="org.springframework.web.reactive.function.client.DefaultClientResponseTests" time="0.001"/>
  <testcase name="bodyToFlux()" classname="org.springframework.web.reactive.function.client.DefaultClientResponseTests" time="0.001"/>
  <testcase name="bodyToMono()" classname="org.springframework.web.reactive.function.client.DefaultClientResponseTests" time="0.001"/>
  <testcase name="toEntityWithUnknownStatusCode()" classname="org.springframework.web.reactive.function.client.DefaultClientResponseTests" time="0.002"/>
  <testcase name="body()" classname="org.springframework.web.reactive.function.client.DefaultClientResponseTests" time="0.001"/>
  <testcase name="statusCode()" classname="org.springframework.web.reactive.function.client.DefaultClientResponseTests" time="0.001"/>
  <testcase name="bodyToMonoTypeReference()" classname="org.springframework.web.reactive.function.client.DefaultClientResponseTests" time="0.001"/>
  <testcase name="toEntityList()" classname="org.springframework.web.reactive.function.client.DefaultClientResponseTests" time="0.001"/>
  <testcase name="cookies()" classname="org.springframework.web.reactive.function.client.DefaultClientResponseTests" time="0.001"/>
  <testcase name="toEntityTypeReference()" classname="org.springframework.web.reactive.function.client.DefaultClientResponseTests" time="0.001"/>
  <testcase name="toEntityListWithUnknownStatusCode()" classname="org.springframework.web.reactive.function.client.DefaultClientResponseTests" time="0.001"/>
  <testcase name="toEntity()" classname="org.springframework.web.reactive.function.client.DefaultClientResponseTests" time="0.001"/>
  <system-out><![CDATA[17:53:58.954 [Test worker] DEBUG o.s.c.c.StringDecoder - Decoded "foo"
17:53:58.955 [Test worker] DEBUG o.s.c.c.StringDecoder - Decoded "foo"
17:53:58.960 [Test worker] DEBUG o.s.c.c.StringDecoder - Decoded "foo"
17:53:58.961 [Test worker] DEBUG o.s.c.c.StringDecoder - Decoded "foo"
17:53:58.963 [Test worker] DEBUG o.s.c.c.StringDecoder - Decoded "foo"
17:53:58.964 [Test worker] DEBUG o.s.c.c.StringDecoder - Decoded "foo"
17:53:58.966 [Test worker] DEBUG o.s.c.c.StringDecoder - Decoded "foo"
17:53:58.967 [Test worker] DEBUG o.s.c.c.StringDecoder - Decoded "foo"
17:53:58.969 [Test worker] DEBUG o.s.c.c.StringDecoder - Decoded "foo"
17:53:58.970 [Test worker] DEBUG o.s.c.c.StringDecoder - Decoded "foo"
17:53:58.971 [Test worker] DEBUG o.s.c.c.StringDecoder - Decoded "foo"
]]></system-out>
  <system-err><![CDATA[]]></system-err>
</testsuite>
