<?xml version="1.0" encoding="UTF-8"?>
<testsuite name="org.springframework.web.reactive.result.view.freemarker.FreeMarkerViewTests" tests="5" skipped="0" failures="0" errors="0" timestamp="2021-05-01T09:48:06" hostname="wangweilideMBP.lan" time="0.51">
  <properties/>
  <testcase name="checkResourceExists()" classname="org.springframework.web.reactive.result.view.freemarker.FreeMarkerViewTests" time="0.446"/>
  <testcase name="render()" classname="org.springframework.web.reactive.result.view.freemarker.FreeMarkerViewTests" time="0.023"/>
  <testcase name="noFreeMarkerConfig()" classname="org.springframework.web.reactive.result.view.freemarker.FreeMarkerViewTests" time="0.002"/>
  <testcase name="noTemplateName()" classname="org.springframework.web.reactive.result.view.freemarker.FreeMarkerViewTests" time="0.001"/>
  <testcase name="subscribeWithoutDemand()" classname="org.springframework.web.reactive.result.view.freemarker.FreeMarkerViewTests" time="0.017"/>
  <system-out><![CDATA[17:48:06.825 [Test worker] DEBUG o.s.w.r.r.v.f.FreeMarkerConfigurer - File system access not preferred: using SpringTemplateLoader
17:48:06.973 [Test worker] DEBUG o.s.w.r.r.v.f.FreeMarkerConfigurer - File system access not preferred: using SpringTemplateLoader
17:48:06.973 [Test worker] DEBUG o.s.w.r.r.v.f.FreeMarkerView - [1d1fae9c] View [FreeMarkerView], model {hello=hi FreeMarker}
17:48:06.979 [Test worker] DEBUG o.s.w.r.r.v.f.FreeMarkerView - [1d1fae9c] Rendering [test.ftl]
17:48:07.000 [Test worker] DEBUG o.s.w.r.r.v.f.FreeMarkerConfigurer - File system access not preferred: using SpringTemplateLoader
17:48:07.007 [Test worker] DEBUG o.s.w.r.r.v.f.FreeMarkerConfigurer - File system access not preferred: using SpringTemplateLoader
17:48:07.013 [Test worker] DEBUG o.s.w.r.r.v.f.FreeMarkerConfigurer - File system access not preferred: using SpringTemplateLoader
17:48:07.020 [Test worker] DEBUG o.s.w.r.r.v.f.FreeMarkerView - [6c1d3737] View [FreeMarkerView], model {hello=hi FreeMarker}
17:48:07.022 [Test worker] DEBUG o.s.w.r.r.v.f.FreeMarkerView - [6c1d3737] Rendering [test.ftl]
]]></system-out>
  <system-err><![CDATA[]]></system-err>
</testsuite>
