<?xml version="1.0" encoding="UTF-8"?>
<testsuite name="org.springframework.web.reactive.result.method.annotation.HttpEntityMethodArgumentResolverTests" tests="17" skipped="0" failures="0" errors="0" timestamp="2021-05-01T09:49:32" hostname="wangweilideMBP.lan" time="0.091">
  <properties/>
  <testcase name="supports()" classname="org.springframework.web.reactive.result.method.annotation.HttpEntityMethodArgumentResolverTests" time="0.004"/>
  <testcase name="httpEntityWithMonoBody()" classname="org.springframework.web.reactive.result.method.annotation.HttpEntityMethodArgumentResolverTests" time="0.006"/>
  <testcase name="httpEntityWithStringBody()" classname="org.springframework.web.reactive.result.method.annotation.HttpEntityMethodArgumentResolverTests" time="0.004"/>
  <testcase name="emptyBodyWithSingle()" classname="org.springframework.web.reactive.result.method.annotation.HttpEntityMethodArgumentResolverTests" time="0.005"/>
  <testcase name="emptyBodyWithString()" classname="org.springframework.web.reactive.result.method.annotation.HttpEntityMethodArgumentResolverTests" time="0.005"/>
  <testcase name="emptyBodyWithCompletableFuture()" classname="org.springframework.web.reactive.result.method.annotation.HttpEntityMethodArgumentResolverTests" time="0.005"/>
  <testcase name="emptyBodyWithFlowable()" classname="org.springframework.web.reactive.result.method.annotation.HttpEntityMethodArgumentResolverTests" time="0.009"/>
  <testcase name="emptyBodyWithFlux()" classname="org.springframework.web.reactive.result.method.annotation.HttpEntityMethodArgumentResolverTests" time="0.005"/>
  <testcase name="emptyBodyWithMono()" classname="org.springframework.web.reactive.result.method.annotation.HttpEntityMethodArgumentResolverTests" time="0.005"/>
  <testcase name="httpEntityWithMaybeBody()" classname="org.springframework.web.reactive.result.method.annotation.HttpEntityMethodArgumentResolverTests" time="0.005"/>
  <testcase name="emptyBodyWithMaybe()" classname="org.springframework.web.reactive.result.method.annotation.HttpEntityMethodArgumentResolverTests" time="0.005"/>
  <testcase name="httpEntityWithFluxBody()" classname="org.springframework.web.reactive.result.method.annotation.HttpEntityMethodArgumentResolverTests" time="0.005"/>
  <testcase name="requestEntity()" classname="org.springframework.web.reactive.result.method.annotation.HttpEntityMethodArgumentResolverTests" time="0.006"/>
  <testcase name="doesNotSupport()" classname="org.springframework.web.reactive.result.method.annotation.HttpEntityMethodArgumentResolverTests" time="0.002"/>
  <testcase name="httpEntityWithSingleBody()" classname="org.springframework.web.reactive.result.method.annotation.HttpEntityMethodArgumentResolverTests" time="0.005"/>
  <testcase name="httpEntityWithCompletableFutureBody()" classname="org.springframework.web.reactive.result.method.annotation.HttpEntityMethodArgumentResolverTests" time="0.005"/>
  <testcase name="emptyBodyWithObservable()" classname="org.springframework.web.reactive.result.method.annotation.HttpEntityMethodArgumentResolverTests" time="0.005"/>
  <system-out><![CDATA[17:49:32.157 [Test worker] DEBUG o.s.w.r.r.m.a.HttpEntityMethodArgumentResolver - [52b043cb] Content-Type:text/plain
17:49:32.157 [Test worker] DEBUG o.s.w.r.r.m.a.HttpEntityMethodArgumentResolver - [52b043cb] 0..1 [java.lang.String]
17:49:32.159 [Test worker] DEBUG o.s.c.c.StringDecoder - [52b043cb] Decoded "line1"
17:49:32.163 [Test worker] DEBUG o.s.w.r.r.m.a.HttpEntityMethodArgumentResolver - [59656aeb] Content-Type:text/plain
17:49:32.163 [Test worker] DEBUG o.s.w.r.r.m.a.HttpEntityMethodArgumentResolver - [59656aeb] 0..1 [java.lang.String]
17:49:32.164 [Test worker] DEBUG o.s.c.c.StringDecoder - [59656aeb] Decoded "line1"
17:49:32.168 [Test worker] DEBUG o.s.w.r.r.m.a.HttpEntityMethodArgumentResolver - [8764b51] No Content-Type, using application/octet-stream
17:49:32.168 [Test worker] DEBUG o.s.w.r.r.m.a.HttpEntityMethodArgumentResolver - [8764b51] 0..1 [java.lang.String]
17:49:32.175 [Test worker] DEBUG o.s.w.r.r.m.a.HttpEntityMethodArgumentResolver - [22dab508] No Content-Type, using application/octet-stream
17:49:32.175 [Test worker] DEBUG o.s.w.r.r.m.a.HttpEntityMethodArgumentResolver - [22dab508] 0..1 [java.lang.String]
17:49:32.180 [Test worker] DEBUG o.s.w.r.r.m.a.HttpEntityMethodArgumentResolver - [4161426b] No Content-Type, using application/octet-stream
17:49:32.180 [Test worker] DEBUG o.s.w.r.r.m.a.HttpEntityMethodArgumentResolver - [4161426b] 0..1 [java.lang.String]
17:49:32.185 [Test worker] DEBUG o.s.w.r.r.m.a.HttpEntityMethodArgumentResolver - [33bfa2aa] No Content-Type, using application/octet-stream
17:49:32.185 [Test worker] DEBUG o.s.w.r.r.m.a.HttpEntityMethodArgumentResolver - [33bfa2aa] 0..N [java.lang.String]
17:49:32.194 [Test worker] DEBUG o.s.w.r.r.m.a.HttpEntityMethodArgumentResolver - [5f45895b] No Content-Type, using application/octet-stream
17:49:32.194 [Test worker] DEBUG o.s.w.r.r.m.a.HttpEntityMethodArgumentResolver - [5f45895b] 0..N [java.lang.String]
17:49:32.199 [Test worker] DEBUG o.s.w.r.r.m.a.HttpEntityMethodArgumentResolver - [6d3f1ab6] No Content-Type, using application/octet-stream
17:49:32.199 [Test worker] DEBUG o.s.w.r.r.m.a.HttpEntityMethodArgumentResolver - [6d3f1ab6] 0..1 [java.lang.String]
17:49:32.204 [Test worker] DEBUG o.s.w.r.r.m.a.HttpEntityMethodArgumentResolver - [4013b8c9] Content-Type:text/plain
17:49:32.204 [Test worker] DEBUG o.s.w.r.r.m.a.HttpEntityMethodArgumentResolver - [4013b8c9] 0..1 [java.lang.String]
17:49:32.205 [Test worker] DEBUG o.s.c.c.StringDecoder - [4013b8c9] Decoded "line1"
17:49:32.209 [Test worker] DEBUG o.s.w.r.r.m.a.HttpEntityMethodArgumentResolver - [7d338df1] No Content-Type, using application/octet-stream
17:49:32.209 [Test worker] DEBUG o.s.w.r.r.m.a.HttpEntityMethodArgumentResolver - [7d338df1] 0..1 [java.lang.String]
17:49:32.215 [Test worker] DEBUG o.s.w.r.r.m.a.HttpEntityMethodArgumentResolver - [31bd8e47] Content-Type:text/plain
17:49:32.215 [Test worker] DEBUG o.s.w.r.r.m.a.HttpEntityMethodArgumentResolver - [31bd8e47] 0..N [java.lang.String]
17:49:32.215 [Test worker] DEBUG o.s.c.c.StringDecoder - [31bd8e47] Decoded "line1"
17:49:32.215 [Test worker] DEBUG o.s.c.c.StringDecoder - [31bd8e47] Decoded "line2"
17:49:32.215 [Test worker] DEBUG o.s.c.c.StringDecoder - [31bd8e47] Decoded "line3"
17:49:32.220 [Test worker] DEBUG o.s.w.r.r.m.a.HttpEntityMethodArgumentResolver - [5080d184] Content-Type:text/plain
17:49:32.220 [Test worker] DEBUG o.s.w.r.r.m.a.HttpEntityMethodArgumentResolver - [5080d184] 0..1 [java.lang.String]
17:49:32.220 [Test worker] DEBUG o.s.c.c.StringDecoder - [5080d184] Decoded "line1"
17:49:32.228 [Test worker] DEBUG o.s.w.r.r.m.a.HttpEntityMethodArgumentResolver - [58a639da] Content-Type:text/plain
17:49:32.228 [Test worker] DEBUG o.s.w.r.r.m.a.HttpEntityMethodArgumentResolver - [58a639da] 0..1 [java.lang.String]
17:49:32.228 [Test worker] DEBUG o.s.c.c.StringDecoder - [58a639da] Decoded "line1"
17:49:32.233 [Test worker] DEBUG o.s.w.r.r.m.a.HttpEntityMethodArgumentResolver - [3f04c602] Content-Type:text/plain
17:49:32.233 [Test worker] DEBUG o.s.w.r.r.m.a.HttpEntityMethodArgumentResolver - [3f04c602] 0..1 [java.lang.String]
17:49:32.234 [Test worker] DEBUG o.s.c.c.StringDecoder - [3f04c602] Decoded "line1"
17:49:32.239 [Test worker] DEBUG o.s.w.r.r.m.a.HttpEntityMethodArgumentResolver - [573bd3c7] No Content-Type, using application/octet-stream
17:49:32.239 [Test worker] DEBUG o.s.w.r.r.m.a.HttpEntityMethodArgumentResolver - [573bd3c7] 0..N [java.lang.String]
]]></system-out>
  <system-err><![CDATA[]]></system-err>
</testsuite>
