<?xml version="1.0" encoding="UTF-8"?>
<testsuite name="org.springframework.web.reactive.DispatcherHandlerTests" tests="2" skipped="0" failures="0" errors="0" timestamp="2021-04-26T08:38:38" hostname="wangweilideMacBook-Pro.local" time="0.032">
  <properties/>
  <testcase name="handlerMappingOrder()" classname="org.springframework.web.reactive.DispatcherHandlerTests" time="0.015"/>
  <testcase name="preFlightRequest()" classname="org.springframework.web.reactive.DispatcherHandlerTests" time="0.017"/>
  <system-out><![CDATA[]]></system-out>
  <system-err><![CDATA[]]></system-err>
</testsuite>
