<?xml version="1.0" encoding="UTF-8"?>
<testsuite name="org.springframework.web.reactive.function.client.support.ClientResponseWrapperTests" tests="14" skipped="0" failures="0" errors="0" timestamp="2021-04-26T08:35:56" hostname="wangweilideMacBook-Pro.local" time="0.022">
  <properties/>
  <testcase name="bodyToFluxParameterizedTypeReference()" classname="org.springframework.web.reactive.function.client.support.ClientResponseWrapperTests" time="0.001"/>
  <testcase name="bodyExtractor()" classname="org.springframework.web.reactive.function.client.support.ClientResponseWrapperTests" time="0.001"/>
  <testcase name="rawStatusCode()" classname="org.springframework.web.reactive.function.client.support.ClientResponseWrapperTests" time="0.001"/>
  <testcase name="response()" classname="org.springframework.web.reactive.function.client.support.ClientResponseWrapperTests" time="0.001"/>
  <testcase name="toEntityListClass()" classname="org.springframework.web.reactive.function.client.support.ClientResponseWrapperTests" time="0.001"/>
  <testcase name="bodyToMonoClass()" classname="org.springframework.web.reactive.function.client.support.ClientResponseWrapperTests" time="0.001"/>
  <testcase name="statusCode()" classname="org.springframework.web.reactive.function.client.support.ClientResponseWrapperTests" time="0.001"/>
  <testcase name="toEntityClass()" classname="org.springframework.web.reactive.function.client.support.ClientResponseWrapperTests" time="0.0"/>
  <testcase name="toEntityListParameterizedTypeReference()" classname="org.springframework.web.reactive.function.client.support.ClientResponseWrapperTests" time="0.0"/>
  <testcase name="headers()" classname="org.springframework.web.reactive.function.client.support.ClientResponseWrapperTests" time="0.008"/>
  <testcase name="cookies()" classname="org.springframework.web.reactive.function.client.support.ClientResponseWrapperTests" time="0.002"/>
  <testcase name="toEntityParameterizedTypeReference()" classname="org.springframework.web.reactive.function.client.support.ClientResponseWrapperTests" time="0.001"/>
  <testcase name="bodyToFluxClass()" classname="org.springframework.web.reactive.function.client.support.ClientResponseWrapperTests" time="0.0"/>
  <testcase name="bodyToMonoParameterizedTypeReference()" classname="org.springframework.web.reactive.function.client.support.ClientResponseWrapperTests" time="0.002"/>
  <system-out><![CDATA[]]></system-out>
  <system-err><![CDATA[]]></system-err>
</testsuite>
