<?xml version="1.0" encoding="UTF-8"?>
<testsuite name="org.springframework.web.reactive.handler.SimpleUrlHandlerMappingTests" tests="3" skipped="0" failures="0" errors="0" timestamp="2021-05-01T09:47:15" hostname="wangweilideMBP.lan" time="4.158">
  <properties/>
  <testcase name="handlerMappingJavaConfig()" classname="org.springframework.web.reactive.handler.SimpleUrlHandlerMappingTests" time="3.667"/>
  <testcase name="handlerMappingXmlConfig()" classname="org.springframework.web.reactive.handler.SimpleUrlHandlerMappingTests" time="0.47"/>
  <testcase name="uriTemplateVariables()" classname="org.springframework.web.reactive.handler.SimpleUrlHandlerMappingTests" time="0.02"/>
  <system-out><![CDATA[17:47:18.597 [Test worker] WARN  o.s.h.c.j.Jackson2ObjectMapperBuilder - For Jackson Kotlin classes support please add "com.fasterxml.jackson.module:jackson-module-kotlin" to the classpath
17:47:18.754 [Test worker] DEBUG o.s.w.r.h.SimpleUrlHandlerMapping - [1bc4f6fb] Mapped to java.lang.Object@26a69bab
17:47:18.854 [Test worker] DEBUG o.s.w.r.h.SimpleUrlHandlerMapping - [3d35292f] Mapped to java.lang.Object@6c0eef9a
17:47:18.866 [Test worker] DEBUG o.s.w.r.h.SimpleUrlHandlerMapping - [54ef0864] Mapped to java.lang.Object@6c0eef9a
17:47:18.875 [Test worker] DEBUG o.s.w.r.h.SimpleUrlHandlerMapping - [15691413] Mapped to java.lang.Object@26a69bab
17:47:18.891 [Test worker] DEBUG o.s.w.r.h.SimpleUrlHandlerMapping - [54f9dcab] Mapped to java.lang.Object@26a69bab
17:47:19.107 [Test worker] DEBUG o.s.w.r.h.SimpleUrlHandlerMapping - Patterns [/shortpattern/testing, /*/test.jpeg, /pathmatching??.html, /??path??matching.html, /welcome.html, /anotherTest*, /administrator/*/pathmatching.html, /confirmation.html, /outofpattern*yeah, /administrator/*/testlast*, /sho*, /reservation.html, /payment.html, /*pathmatchingTest.html, /*test*.jpeg, /administrator/another/bla.xml, /path??matching.html, /stillAnotherTestYeah, /show123.html, /bookseats.html, /administrator/testing/longer/*, /administrator/pathmatching.html] in 'mapping'
17:47:19.135 [Test worker] DEBUG o.s.w.r.h.SimpleUrlHandlerMapping - Patterns [/shortpattern/testing, /*/test.jpeg, /pathmatching??.html, /??path??matching.html, /welcome.html, /anotherTest*, /administrator/*/pathmatching.html, /confirmation.html, /outofpattern*yeah, /administrator/*/testlast*, /sho*, /reservation.html, /payment.html, /*pathmatchingTest.html, /*test*.jpeg, /administrator/another/bla.xml, /path??matching.html, /stillAnotherTestYeah, /show123.html, /bookseats.html, /administrator/testing/longer/*, /administrator/pathmatching.html] in 'mapping'
17:47:19.145 [Test worker] DEBUG o.s.w.r.h.SimpleUrlHandlerMapping - [69401b85] Mapped to java.lang.Object@48190245
17:47:19.162 [Test worker] DEBUG o.s.w.r.h.SimpleUrlHandlerMapping - [45734f7b] Mapped to java.lang.Object@48190245
17:47:19.177 [Test worker] DEBUG o.s.w.r.h.SimpleUrlHandlerMapping - [25eea842] Mapped to java.lang.Object@48190245
17:47:19.184 [Test worker] DEBUG o.s.w.r.h.SimpleUrlHandlerMapping - [65315bea] Mapped to java.lang.Object@48190245
17:47:19.199 [Test worker] DEBUG o.s.w.r.h.SimpleUrlHandlerMapping - [695761df] Mapped to java.lang.Object@48190245
17:47:19.214 [Test worker] DEBUG o.s.w.r.h.SimpleUrlHandlerMapping - [56aa8acb] Mapped to java.lang.Object@48190245
17:47:19.229 [Test worker] DEBUG o.s.w.r.h.SimpleUrlHandlerMapping - [6a874a7e] Mapped to java.lang.Object@48190245
17:47:19.254 [Test worker] DEBUG o.s.w.r.h.SimpleUrlHandlerMapping - [64a6dfff] Mapped to java.lang.Object@48190245
17:47:19.261 [Test worker] DEBUG o.s.w.r.h.SimpleUrlHandlerMapping - [34a2adaf] Mapped to java.lang.Object@48190245
17:47:19.288 [Test worker] DEBUG o.s.w.r.h.SimpleUrlHandlerMapping - [4f6eb283] Mapped to java.lang.Object@48190245
17:47:19.297 [Test worker] DEBUG o.s.w.r.h.SimpleUrlHandlerMapping - [6e80a114] Mapped to java.lang.Object@48190245
17:47:19.312 [Test worker] DEBUG o.s.w.r.h.SimpleUrlHandlerMapping - [77fef9bb] Mapped to java.lang.Object@48190245
17:47:19.321 [Test worker] DEBUG o.s.w.r.h.SimpleUrlHandlerMapping - [44571a44] Mapped to java.lang.Object@48190245
17:47:19.337 [Test worker] DEBUG o.s.w.r.h.SimpleUrlHandlerMapping - [1574c420] Mapped to java.lang.Object@48190245
17:47:19.356 [Test worker] DEBUG o.s.w.r.h.SimpleUrlHandlerMapping - [693e69c2] Mapped to java.lang.Object@48190245
17:47:19.373 [Test worker] DEBUG o.s.w.r.h.SimpleUrlHandlerMapping - Patterns [/foo/{bar}/baz] in <unknown>
17:47:19.385 [Test worker] DEBUG o.s.w.r.h.SimpleUrlHandlerMapping - [274664b0] Mapped to java.lang.Object@57f30491
]]></system-out>
  <system-err><![CDATA[]]></system-err>
</testsuite>
