<?xml version="1.0" encoding="UTF-8"?>
<testsuite name="org.springframework.web.reactive.FlushingIntegrationTests" tests="12" skipped="0" failures="0" errors="0" timestamp="2021-05-01T09:54:51" hostname="wangweilideMBP.lan" time="38.173">
  <properties/>
  <testcase name="[1] org.springframework.web.testfixture.http.server.reactive.bootstrap.JettyHttpServer@63af0ee0" classname="org.springframework.web.reactive.FlushingIntegrationTests" time="0.027"/>
  <testcase name="[2] org.springframework.web.testfixture.http.server.reactive.bootstrap.ReactorHttpServer@68326f75" classname="org.springframework.web.reactive.FlushingIntegrationTests" time="0.018"/>
  <testcase name="[3] org.springframework.web.testfixture.http.server.reactive.bootstrap.TomcatHttpServer@77aec7eb" classname="org.springframework.web.reactive.FlushingIntegrationTests" time="13.184"/>
  <testcase name="[4] org.springframework.web.testfixture.http.server.reactive.bootstrap.UndertowHttpServer@1bd96c67" classname="org.springframework.web.reactive.FlushingIntegrationTests" time="0.015"/>
  <testcase name="[1] org.springframework.web.testfixture.http.server.reactive.bootstrap.JettyHttpServer@16bed1cd" classname="org.springframework.web.reactive.FlushingIntegrationTests" time="0.115"/>
  <testcase name="[2] org.springframework.web.testfixture.http.server.reactive.bootstrap.ReactorHttpServer@7b6df1fc" classname="org.springframework.web.reactive.FlushingIntegrationTests" time="0.112"/>
  <testcase name="[3] org.springframework.web.testfixture.http.server.reactive.bootstrap.TomcatHttpServer@51dfe7fb" classname="org.springframework.web.reactive.FlushingIntegrationTests" time="13.359"/>
  <testcase name="[4] org.springframework.web.testfixture.http.server.reactive.bootstrap.UndertowHttpServer@76095c6e" classname="org.springframework.web.reactive.FlushingIntegrationTests" time="0.112"/>
  <testcase name="[1] org.springframework.web.testfixture.http.server.reactive.bootstrap.JettyHttpServer@18fe5fac" classname="org.springframework.web.reactive.FlushingIntegrationTests" time="0.023"/>
  <testcase name="[2] org.springframework.web.testfixture.http.server.reactive.bootstrap.ReactorHttpServer@111209a5" classname="org.springframework.web.reactive.FlushingIntegrationTests" time="0.016"/>
  <testcase name="[3] org.springframework.web.testfixture.http.server.reactive.bootstrap.TomcatHttpServer@153f26d7" classname="org.springframework.web.reactive.FlushingIntegrationTests" time="11.177"/>
  <testcase name="[4] org.springframework.web.testfixture.http.server.reactive.bootstrap.UndertowHttpServer@4b00c02f" classname="org.springframework.web.reactive.FlushingIntegrationTests" time="0.013"/>
  <system-out><![CDATA[17:54:51.960 [Test worker] WARN  o.e.j.s.h.ContextHandler - Empty contextPath
17:54:51.961 [Test worker] INFO  o.e.j.s.h.ContextHandler - Started o.e.j.s.ServletContextHandler@1b8a2dd4{/,null,AVAILABLE}
17:54:51.961 [Test worker] DEBUG o.s.w.t.h.s.r.b.JettyHttpServer - Starting JettyHttpServer...
17:54:51.961 [Test worker] INFO  o.e.j.s.Server - jetty-9.4.39.v20210325; built: 2021-03-25T14:42:11.471Z; git: 9fc7ca5a922f2a37b84ec9dbc26a5168cee7e667; jvm 1.8.0_181-b13
17:54:51.963 [Test worker] INFO  o.e.j.s.AbstractConnector - Started ServerConnector@49e84b{HTTP/1.1, (http/1.1)}{0.0.0.0:54429}
17:54:51.963 [Test worker] INFO  o.e.j.s.Server - Started @458992ms
17:54:51.963 [Test worker] DEBUG o.s.w.t.h.s.r.b.JettyHttpServer - Server started on port 54429(0 millis).
17:54:51.963 [Test worker] DEBUG o.s.w.r.f.c.ExchangeFunctions - [1b550de6] HTTP GET http://localhost:54429/write-and-never-complete
17:54:51.976 [reactor-http-nio-2] DEBUG o.s.w.r.f.c.ExchangeFunctions - [1b550de6] [30aab19b-1, L:/127.0.0.1:54430 - R:localhost/127.0.0.1:54429] Response 200 OK
17:54:51.983 [reactor-http-nio-2] DEBUG o.s.c.c.StringDecoder - [1b550de6] [30aab19b-1, L:/127.0.0.1:54430 - R:localhost/127.0.0.1:54429] Decoded "012345678901234567890123456789012345678901234567890123456789012345678901234567890123456789012345678 (truncated)...
17:54:51.983 [reactor-http-nio-2] DEBUG o.s.w.r.f.c.ExchangeFunctions - [1b550de6] Cancel signal (to close connection)
17:54:51.984 [Test worker] DEBUG o.s.w.t.h.s.r.b.JettyHttpServer - Stopping JettyHttpServer...
17:54:51.984 [Test worker] INFO  o.e.j.s.h.ContextHandler - Stopped o.e.j.s.ServletContextHandler@1b8a2dd4{/,null,STOPPED}
17:54:51.985 [Test worker] INFO  o.e.j.s.AbstractConnector - Stopped ServerConnector@49e84b{HTTP/1.1, (http/1.1)}{0.0.0.0:0}
17:54:51.987 [Test worker] DEBUG o.s.w.t.h.s.r.b.JettyHttpServer - Server stopped (0 millis).
17:54:51.988 [Test worker] DEBUG o.s.w.t.h.s.r.b.ReactorHttpServer - Starting ReactorHttpServer...
17:54:51.988 [Test worker] DEBUG o.s.w.t.h.s.r.b.ReactorHttpServer - Server started on port 54431(0 millis).
17:54:51.989 [Test worker] DEBUG o.s.w.r.f.c.ExchangeFunctions - [14130c17] HTTP GET http://localhost:54431/write-and-never-complete
17:54:51.992 [reactor-http-nio-4] DEBUG o.s.w.r.f.c.ExchangeFunctions - [14130c17] [fad319aa-1, L:/127.0.0.1:54432 - R:localhost/127.0.0.1:54431] Response 200 OK
17:54:52.005 [reactor-http-nio-4] DEBUG o.s.c.c.StringDecoder - [14130c17] [fad319aa-1, L:/127.0.0.1:54432 - R:localhost/127.0.0.1:54431] Decoded "012345678901234567890123456789012345678901234567890123456789012345678901234567890123456789012345678 (truncated)...
17:54:52.006 [reactor-http-nio-4] DEBUG o.s.w.r.f.c.ExchangeFunctions - [14130c17] Cancel signal (to close connection)
17:54:52.006 [Test worker] DEBUG o.s.w.t.h.s.r.b.ReactorHttpServer - Stopping ReactorHttpServer...
17:54:52.006 [Test worker] DEBUG o.s.w.t.h.s.r.b.ReactorHttpServer - Server stopped (0 millis).
17:54:52.007 [Test worker] DEBUG o.s.w.t.h.s.r.b.TomcatHttpServer - Starting TomcatHttpServer...
17:54:52.011 [Test worker] DEBUG o.s.w.t.h.s.r.b.TomcatHttpServer - Server started on port 54433(0 millis).
17:54:52.011 [Test worker] DEBUG o.s.w.r.f.c.ExchangeFunctions - [686dae1d] HTTP GET http://localhost:54433/write-and-never-complete
17:54:52.017 [reactor-http-nio-6] DEBUG o.s.w.r.f.c.ExchangeFunctions - [686dae1d] [6120fdca-1, L:/127.0.0.1:54434 - R:localhost/127.0.0.1:54433] Response 200 OK
17:54:52.025 [reactor-http-nio-6] DEBUG o.s.c.c.StringDecoder - [686dae1d] [6120fdca-1, L:/127.0.0.1:54434 - R:localhost/127.0.0.1:54433] Decoded "012345678901234567890123456789012345678901234567890123456789012345678901234567890123456789012345678 (truncated)...
17:54:52.025 [reactor-http-nio-6] DEBUG o.s.w.r.f.c.ExchangeFunctions - [686dae1d] Cancel signal (to close connection)
17:54:52.025 [Test worker] DEBUG o.s.w.t.h.s.r.b.TomcatHttpServer - Stopping TomcatHttpServer...
17:54:55.185 [http-nio-auto-40-exec-10] DEBUG o.s.h.s.r.ServletHttpHandlerAdapter - [51cb9dfe] AsyncEvent onTimeout
17:55:05.190 [Test worker] DEBUG o.s.w.t.h.s.r.b.TomcatHttpServer - Server stopped (0 millis).
17:55:05.191 [Test worker] DEBUG o.s.w.t.h.s.r.b.UndertowHttpServer - Starting UndertowHttpServer...
17:55:05.191 [Test worker] INFO  i.undertow - starting server: Undertow - 2.2.7.Final
17:55:05.195 [Test worker] DEBUG o.s.w.t.h.s.r.b.UndertowHttpServer - Server started on port 54457(0 millis).
17:55:05.195 [Test worker] DEBUG o.s.w.r.f.c.ExchangeFunctions - [643fd854] HTTP GET http://localhost:54457/write-and-never-complete
17:55:05.199 [reactor-http-nio-7] DEBUG o.s.w.r.f.c.ExchangeFunctions - [643fd854] [7564b800-1, L:/127.0.0.1:54458 - R:localhost/127.0.0.1:54457] Response 200 OK
17:55:05.205 [reactor-http-nio-7] DEBUG o.s.c.c.StringDecoder - [643fd854] [7564b800-1, L:/127.0.0.1:54458 - R:localhost/127.0.0.1:54457] Decoded "012345678901234567890123456789012345678901234567890123456789012345678901234567890123456789012345678 (truncated)...
17:55:05.205 [reactor-http-nio-7] DEBUG o.s.w.r.f.c.ExchangeFunctions - [643fd854] Cancel signal (to close connection)
17:55:05.205 [Test worker] DEBUG o.s.w.t.h.s.r.b.UndertowHttpServer - Stopping UndertowHttpServer...
17:55:05.205 [Test worker] INFO  i.undertow - stopping server: Undertow - 2.2.7.Final
17:55:05.206 [Test worker] DEBUG o.s.w.t.h.s.r.b.UndertowHttpServer - Server stopped (0 millis).
17:55:05.207 [Test worker] WARN  o.e.j.s.h.ContextHandler - Empty contextPath
17:55:05.207 [Test worker] INFO  o.e.j.s.h.ContextHandler - Started o.e.j.s.ServletContextHandler@1f026359{/,null,AVAILABLE}
17:55:05.207 [Test worker] DEBUG o.s.w.t.h.s.r.b.JettyHttpServer - Starting JettyHttpServer...
17:55:05.207 [Test worker] INFO  o.e.j.s.Server - jetty-9.4.39.v20210325; built: 2021-03-25T14:42:11.471Z; git: 9fc7ca5a922f2a37b84ec9dbc26a5168cee7e667; jvm 1.8.0_181-b13
17:55:05.209 [Test worker] INFO  o.e.j.s.AbstractConnector - Started ServerConnector@7f52e9cd{HTTP/1.1, (http/1.1)}{0.0.0.0:54459}
17:55:05.209 [Test worker] INFO  o.e.j.s.Server - Started @472237ms
17:55:05.209 [Test worker] DEBUG o.s.w.t.h.s.r.b.JettyHttpServer - Server started on port 54459(0 millis).
17:55:05.210 [Test worker] DEBUG o.s.w.r.f.c.ExchangeFunctions - [721448e2] HTTP GET http://localhost:54459/write-and-flush
17:55:05.268 [reactor-http-nio-8] DEBUG o.s.w.r.f.c.ExchangeFunctions - [721448e2] [1a295eac-1, L:/127.0.0.1:54460 - R:localhost/127.0.0.1:54459] Response 200 OK
17:55:05.268 [reactor-http-nio-8] DEBUG o.s.c.c.StringDecoder - [721448e2] [1a295eac-1, L:/127.0.0.1:54460 - R:localhost/127.0.0.1:54459] Decoded "data0"
17:55:05.319 [reactor-http-nio-8] DEBUG o.s.c.c.StringDecoder - [721448e2] [1a295eac-1, L:/127.0.0.1:54460 - R:localhost/127.0.0.1:54459] Decoded "data1"
17:55:05.320 [reactor-http-nio-8] DEBUG o.s.w.r.f.c.ExchangeFunctions - [721448e2] Cancel signal (to close connection)
17:55:05.320 [Test worker] DEBUG o.s.w.t.h.s.r.b.JettyHttpServer - Stopping JettyHttpServer...
17:55:05.320 [Test worker] INFO  o.e.j.s.h.ContextHandler - Stopped o.e.j.s.ServletContextHandler@1f026359{/,null,STOPPED}
17:55:05.321 [Test worker] INFO  o.e.j.s.AbstractConnector - Stopped ServerConnector@7f52e9cd{HTTP/1.1, (http/1.1)}{0.0.0.0:0}
17:55:05.321 [Test worker] DEBUG o.s.w.t.h.s.r.b.JettyHttpServer - Server stopped (0 millis).
17:55:05.322 [Test worker] DEBUG o.s.w.t.h.s.r.b.ReactorHttpServer - Starting ReactorHttpServer...
17:55:05.322 [Test worker] DEBUG o.s.w.t.h.s.r.b.ReactorHttpServer - Server started on port 54461(0 millis).
17:55:05.323 [Test worker] DEBUG o.s.w.r.f.c.ExchangeFunctions - [373a1c84] HTTP GET http://localhost:54461/write-and-flush
17:55:05.383 [reactor-http-nio-10] DEBUG o.s.w.r.f.c.ExchangeFunctions - [373a1c84] [bc2c73e5-1, L:/127.0.0.1:54462 - R:localhost/127.0.0.1:54461] Response 200 OK
17:55:05.384 [reactor-http-nio-10] DEBUG o.s.c.c.StringDecoder - [373a1c84] [bc2c73e5-1, L:/127.0.0.1:54462 - R:localhost/127.0.0.1:54461] Decoded "data0"
17:55:05.433 [reactor-http-nio-10] DEBUG o.s.c.c.StringDecoder - [373a1c84] [bc2c73e5-1, L:/127.0.0.1:54462 - R:localhost/127.0.0.1:54461] Decoded "data1"
17:55:05.433 [reactor-http-nio-10] DEBUG o.s.w.r.f.c.ExchangeFunctions - [373a1c84] Cancel signal (to close connection)
17:55:05.433 [Test worker] DEBUG o.s.w.t.h.s.r.b.ReactorHttpServer - Stopping ReactorHttpServer...
17:55:05.433 [Test worker] DEBUG o.s.w.t.h.s.r.b.ReactorHttpServer - Server stopped (0 millis).
17:55:05.434 [Test worker] DEBUG o.s.w.t.h.s.r.b.TomcatHttpServer - Starting TomcatHttpServer...
17:55:05.439 [Test worker] DEBUG o.s.w.t.h.s.r.b.TomcatHttpServer - Server started on port 54463(0 millis).
17:55:05.439 [Test worker] DEBUG o.s.w.r.f.c.ExchangeFunctions - [5f60f679] HTTP GET http://localhost:54463/write-and-flush
17:55:05.498 [reactor-http-nio-12] DEBUG o.s.w.r.f.c.ExchangeFunctions - [5f60f679] [14624c33-1, L:/127.0.0.1:54464 - R:localhost/127.0.0.1:54463] Response 200 OK
17:55:05.498 [reactor-http-nio-12] DEBUG o.s.c.c.StringDecoder - [5f60f679] [14624c33-1, L:/127.0.0.1:54464 - R:localhost/127.0.0.1:54463] Decoded "data0"
17:55:05.547 [reactor-http-nio-12] DEBUG o.s.c.c.StringDecoder - [5f60f679] [14624c33-1, L:/127.0.0.1:54464 - R:localhost/127.0.0.1:54463] Decoded "data1"
17:55:05.547 [reactor-http-nio-12] DEBUG o.s.w.r.f.c.ExchangeFunctions - [5f60f679] Cancel signal (to close connection)
17:55:05.547 [Test worker] DEBUG o.s.w.t.h.s.r.b.TomcatHttpServer - Stopping TomcatHttpServer...
17:55:08.785 [http-nio-auto-41-exec-2] DEBUG o.s.h.s.r.ServletHttpHandlerAdapter - [661650da] AsyncEvent onTimeout
17:55:18.792 [Test worker] DEBUG o.s.w.t.h.s.r.b.TomcatHttpServer - Server stopped (0 millis).
17:55:18.792 [Test worker] DEBUG o.s.w.t.h.s.r.b.UndertowHttpServer - Starting UndertowHttpServer...
17:55:18.792 [Test worker] INFO  i.undertow - starting server: Undertow - 2.2.7.Final
17:55:18.795 [Test worker] DEBUG o.s.w.t.h.s.r.b.UndertowHttpServer - Server started on port 54477(0 millis).
17:55:18.796 [Test worker] DEBUG o.s.w.r.f.c.ExchangeFunctions - [30557f83] HTTP GET http://localhost:54477/write-and-flush
17:55:18.854 [reactor-http-nio-13] DEBUG o.s.w.r.f.c.ExchangeFunctions - [30557f83] [0932ccc4-1, L:/127.0.0.1:54478 - R:localhost/127.0.0.1:54477] Response 200 OK
17:55:18.854 [reactor-http-nio-13] DEBUG o.s.c.c.StringDecoder - [30557f83] [0932ccc4-1, L:/127.0.0.1:54478 - R:localhost/127.0.0.1:54477] Decoded "data0"
17:55:18.902 [reactor-http-nio-13] DEBUG o.s.c.c.StringDecoder - [30557f83] [0932ccc4-1, L:/127.0.0.1:54478 - R:localhost/127.0.0.1:54477] Decoded "data1"
17:55:18.902 [reactor-http-nio-13] DEBUG o.s.w.r.f.c.ExchangeFunctions - [30557f83] Cancel signal (to close connection)
17:55:18.903 [Test worker] DEBUG o.s.w.t.h.s.r.b.UndertowHttpServer - Stopping UndertowHttpServer...
17:55:18.903 [Test worker] INFO  i.undertow - stopping server: Undertow - 2.2.7.Final
17:55:18.904 [Test worker] DEBUG o.s.w.t.h.s.r.b.UndertowHttpServer - Server stopped (0 millis).
17:55:18.906 [Test worker] WARN  o.e.j.s.h.ContextHandler - Empty contextPath
17:55:18.906 [Test worker] INFO  o.e.j.s.h.ContextHandler - Started o.e.j.s.ServletContextHandler@1abcac95{/,null,AVAILABLE}
17:55:18.906 [Test worker] DEBUG o.s.w.t.h.s.r.b.JettyHttpServer - Starting JettyHttpServer...
17:55:18.906 [Test worker] INFO  o.e.j.s.Server - jetty-9.4.39.v20210325; built: 2021-03-25T14:42:11.471Z; git: 9fc7ca5a922f2a37b84ec9dbc26a5168cee7e667; jvm 1.8.0_181-b13
17:55:18.907 [Test worker] INFO  o.e.j.s.AbstractConnector - Started ServerConnector@70558351{HTTP/1.1, (http/1.1)}{0.0.0.0:54479}
17:55:18.907 [Test worker] INFO  o.e.j.s.Server - Started @485936ms
17:55:18.907 [Test worker] DEBUG o.s.w.t.h.s.r.b.JettyHttpServer - Server started on port 54479(0 millis).
17:55:18.908 [Test worker] DEBUG o.s.w.r.f.c.ExchangeFunctions - [4c8e1f7a] HTTP GET http://localhost:54479/write-and-complete
17:55:18.911 [reactor-http-nio-14] DEBUG o.s.w.r.f.c.ExchangeFunctions - [4c8e1f7a] [2b78e843-1, L:/127.0.0.1:54480 - R:localhost/127.0.0.1:54479] Response 200 OK
17:55:18.926 [reactor-http-nio-14] DEBUG o.s.c.c.StringDecoder - [4c8e1f7a] [2b78e843-1, L:/127.0.0.1:54480 - R:localhost/127.0.0.1:54479] Decoded "012345678901234567890123456789012345678901234567890123456789012345678901234567890123456789012345678 (truncated)...
17:55:18.926 [Test worker] DEBUG o.s.w.t.h.s.r.b.JettyHttpServer - Stopping JettyHttpServer...
17:55:18.926 [Test worker] INFO  o.e.j.s.h.ContextHandler - Stopped o.e.j.s.ServletContextHandler@1abcac95{/,null,STOPPED}
17:55:18.927 [Test worker] INFO  o.e.j.s.AbstractConnector - Stopped ServerConnector@70558351{HTTP/1.1, (http/1.1)}{0.0.0.0:0}
17:55:18.927 [Test worker] DEBUG o.s.w.t.h.s.r.b.JettyHttpServer - Server stopped (0 millis).
17:55:18.928 [Test worker] DEBUG o.s.w.t.h.s.r.b.ReactorHttpServer - Starting ReactorHttpServer...
17:55:18.928 [Test worker] DEBUG o.s.w.t.h.s.r.b.ReactorHttpServer - Server started on port 54481(0 millis).
17:55:18.928 [Test worker] DEBUG o.s.w.r.f.c.ExchangeFunctions - [2976994c] HTTP GET http://localhost:54481/write-and-complete
17:55:18.932 [reactor-http-nio-16] DEBUG o.s.w.r.f.c.ExchangeFunctions - [2976994c] [688c43e5-1, L:/127.0.0.1:54482 - R:localhost/127.0.0.1:54481] Response 200 OK
17:55:18.943 [reactor-http-nio-16] DEBUG o.s.c.c.StringDecoder - [2976994c] [688c43e5-1, L:/127.0.0.1:54482 - R:localhost/127.0.0.1:54481] Decoded "012345678901234567890123456789012345678901234567890123456789012345678901234567890123456789012345678 (truncated)...
17:55:18.943 [Test worker] DEBUG o.s.w.t.h.s.r.b.ReactorHttpServer - Stopping ReactorHttpServer...
17:55:18.943 [Test worker] DEBUG o.s.w.t.h.s.r.b.ReactorHttpServer - Server stopped (0 millis).
17:55:18.944 [Test worker] DEBUG o.s.w.t.h.s.r.b.TomcatHttpServer - Starting TomcatHttpServer...
17:55:18.948 [Test worker] DEBUG o.s.w.t.h.s.r.b.TomcatHttpServer - Server started on port 54483(0 millis).
17:55:18.949 [Test worker] DEBUG o.s.w.r.f.c.ExchangeFunctions - [7b4144d] HTTP GET http://localhost:54483/write-and-complete
17:55:18.955 [reactor-http-nio-2] DEBUG o.s.w.r.f.c.ExchangeFunctions - [7b4144d] [b52be06a-1, L:/127.0.0.1:54484 - R:localhost/127.0.0.1:54483] Response 200 OK
17:55:18.958 [reactor-http-nio-2] DEBUG o.s.c.c.StringDecoder - [7b4144d] [b52be06a-1, L:/127.0.0.1:54484 - R:localhost/127.0.0.1:54483] Decoded "012345678901234567890123456789012345678901234567890123456789012345678901234567890123456789012345678 (truncated)...
17:55:18.958 [Test worker] DEBUG o.s.w.t.h.s.r.b.TomcatHttpServer - Stopping TomcatHttpServer...
17:55:30.120 [Test worker] DEBUG o.s.w.t.h.s.r.b.TomcatHttpServer - Server stopped (0 millis).
17:55:30.121 [Test worker] DEBUG o.s.w.t.h.s.r.b.UndertowHttpServer - Starting UndertowHttpServer...
17:55:30.121 [Test worker] INFO  i.undertow - starting server: Undertow - 2.2.7.Final
17:55:30.124 [Test worker] DEBUG o.s.w.t.h.s.r.b.UndertowHttpServer - Server started on port 54514(0 millis).
17:55:30.124 [Test worker] DEBUG o.s.w.r.f.c.ExchangeFunctions - [2fd7869c] HTTP GET http://localhost:54514/write-and-complete
17:55:30.128 [reactor-http-nio-3] DEBUG o.s.w.r.f.c.ExchangeFunctions - [2fd7869c] [aa033017-1, L:/127.0.0.1:54515 - R:localhost/127.0.0.1:54514] Response 200 OK
17:55:30.133 [reactor-http-nio-3] DEBUG o.s.c.c.StringDecoder - [2fd7869c] [aa033017-1, L:/127.0.0.1:54515 - R:localhost/127.0.0.1:54514] Decoded "012345678901234567890123456789012345678901234567890123456789012345678901234567890123456789012345678 (truncated)...
17:55:30.133 [Test worker] DEBUG o.s.w.t.h.s.r.b.UndertowHttpServer - Stopping UndertowHttpServer...
17:55:30.133 [Test worker] INFO  i.undertow - stopping server: Undertow - 2.2.7.Final
17:55:30.134 [Test worker] DEBUG o.s.w.t.h.s.r.b.UndertowHttpServer - Server stopped (0 millis).
]]></system-out>
  <system-err><![CDATA[]]></system-err>
</testsuite>
