<?xml version="1.0" encoding="UTF-8"?>
<testsuite name="org.springframework.web.reactive.accept.RequestedContentTypeResolverBuilderTests" tests="5" skipped="0" failures="0" errors="0" timestamp="2021-05-01T09:53:06" hostname="wangweilideMBP.lan" time="0.03">
  <properties/>
  <testcase name="parameterResolverWithCustomParamName()" classname="org.springframework.web.reactive.accept.RequestedContentTypeResolverBuilderTests" time="0.007"/>
  <testcase name="parameterResolver()" classname="org.springframework.web.reactive.accept.RequestedContentTypeResolverBuilderTests" time="0.005"/>
  <testcase name="defaultSettings()" classname="org.springframework.web.reactive.accept.RequestedContentTypeResolverBuilderTests" time="0.004"/>
  <testcase name="resolver()" classname="org.springframework.web.reactive.accept.RequestedContentTypeResolverBuilderTests" time="0.009"/>
  <testcase name="fixedResolver()" classname="org.springframework.web.reactive.accept.RequestedContentTypeResolverBuilderTests" time="0.004"/>
  <system-out><![CDATA[]]></system-out>
  <system-err><![CDATA[]]></system-err>
</testsuite>
