<?xml version="1.0" encoding="UTF-8"?>
<testsuite name="org.springframework.web.reactive.result.method.annotation.RequestMappingViewResolutionIntegrationTests" tests="12" skipped="0" failures="0" errors="0" timestamp="2021-05-01T09:48:12" hostname="wangweilideMBP.lan" time="34.495">
  <properties/>
  <testcase name="[1] org.springframework.web.testfixture.http.server.reactive.bootstrap.JettyHttpServer@7daa8115" classname="org.springframework.web.reactive.result.method.annotation.RequestMappingViewResolutionIntegrationTests" time="0.396"/>
  <testcase name="[2] org.springframework.web.testfixture.http.server.reactive.bootstrap.ReactorHttpServer@6d2e7df6" classname="org.springframework.web.reactive.result.method.annotation.RequestMappingViewResolutionIntegrationTests" time="0.062"/>
  <testcase name="[3] org.springframework.web.testfixture.http.server.reactive.bootstrap.TomcatHttpServer@ca4e22e" classname="org.springframework.web.reactive.result.method.annotation.RequestMappingViewResolutionIntegrationTests" time="11.246"/>
  <testcase name="[4] org.springframework.web.testfixture.http.server.reactive.bootstrap.UndertowHttpServer@33103a0d" classname="org.springframework.web.reactive.result.method.annotation.RequestMappingViewResolutionIntegrationTests" time="0.063"/>
  <testcase name="[1] org.springframework.web.testfixture.http.server.reactive.bootstrap.JettyHttpServer@352057c4" classname="org.springframework.web.reactive.result.method.annotation.RequestMappingViewResolutionIntegrationTests" time="0.061"/>
  <testcase name="[2] org.springframework.web.testfixture.http.server.reactive.bootstrap.ReactorHttpServer@2f04a3d0" classname="org.springframework.web.reactive.result.method.annotation.RequestMappingViewResolutionIntegrationTests" time="0.058"/>
  <testcase name="[3] org.springframework.web.testfixture.http.server.reactive.bootstrap.TomcatHttpServer@dfc8f00" classname="org.springframework.web.reactive.result.method.annotation.RequestMappingViewResolutionIntegrationTests" time="11.139"/>
  <testcase name="[4] org.springframework.web.testfixture.http.server.reactive.bootstrap.UndertowHttpServer@2a6acffb" classname="org.springframework.web.reactive.result.method.annotation.RequestMappingViewResolutionIntegrationTests" time="0.063"/>
  <testcase name="[1] org.springframework.web.testfixture.http.server.reactive.bootstrap.JettyHttpServer@6e26a473" classname="org.springframework.web.reactive.result.method.annotation.RequestMappingViewResolutionIntegrationTests" time="0.052"/>
  <testcase name="[2] org.springframework.web.testfixture.http.server.reactive.bootstrap.ReactorHttpServer@4f51aa7d" classname="org.springframework.web.reactive.result.method.annotation.RequestMappingViewResolutionIntegrationTests" time="0.046"/>
  <testcase name="[3] org.springframework.web.testfixture.http.server.reactive.bootstrap.TomcatHttpServer@58440cf3" classname="org.springframework.web.reactive.result.method.annotation.RequestMappingViewResolutionIntegrationTests" time="11.186"/>
  <testcase name="[4] org.springframework.web.testfixture.http.server.reactive.bootstrap.UndertowHttpServer@492d0aed" classname="org.springframework.web.reactive.result.method.annotation.RequestMappingViewResolutionIntegrationTests" time="0.049"/>
  <system-out><![CDATA[17:48:13.075 [Test worker] DEBUG o.s.w.r.r.m.a.RequestMappingHandlerMapping - 2 mappings in 'requestMappingHandlerMapping'
17:48:13.113 [Test worker] INFO  o.h.v.i.u.Version - HV000001: Hibernate Validator 6.2.0.Final
17:48:13.305 [Test worker] DEBUG o.s.w.r.r.m.a.ControllerMethodResolver - ControllerAdvice beans: none
17:48:13.326 [Test worker] DEBUG o.s.w.r.r.v.f.FreeMarkerConfigurer - File system access not preferred: using SpringTemplateLoader
17:48:13.331 [Test worker] DEBUG o.s.w.s.a.HttpWebHandlerAdapter - enableLoggingRequestDetails='false': form data and headers will be masked to prevent unsafe logging of potentially sensitive data
17:48:13.331 [Test worker] WARN  o.e.j.s.h.ContextHandler - Empty contextPath
17:48:13.332 [Test worker] INFO  o.e.j.s.h.ContextHandler - Started o.e.j.s.ServletContextHandler@1860033d{/,null,AVAILABLE}
17:48:13.332 [Test worker] DEBUG o.s.w.t.h.s.r.b.JettyHttpServer - Starting JettyHttpServer...
17:48:13.332 [Test worker] INFO  o.e.j.s.Server - jetty-9.4.39.v20210325; built: 2021-03-25T14:42:11.471Z; git: 9fc7ca5a922f2a37b84ec9dbc26a5168cee7e667; jvm 1.8.0_181-b13
17:48:13.334 [Test worker] INFO  o.e.j.s.AbstractConnector - Started ServerConnector@6c297d31{HTTP/1.1, (http/1.1)}{0.0.0.0:51963}
17:48:13.334 [Test worker] INFO  o.e.j.s.Server - Started @60363ms
17:48:13.334 [Test worker] DEBUG o.s.w.t.h.s.r.b.JettyHttpServer - Server started on port 51963(0 millis).
17:48:13.340 [Test worker] DEBUG o.s.w.c.RestTemplate - HTTP GET http://localhost:51963/redirect
17:48:13.351 [Test worker] DEBUG o.s.w.c.RestTemplate - Accept=[application/json, application/x-jackson-smile, application/*+json]
17:48:13.353 [qtp2097555792-226] DEBUG o.s.w.s.a.HttpWebHandlerAdapter - [6ccd7d62] HTTP GET "/redirect"
17:48:13.355 [qtp2097555792-226] DEBUG o.s.w.r.r.m.a.RequestMappingHandlerMapping - [6ccd7d62] Mapped to org.springframework.web.reactive.result.method.annotation.RequestMappingViewResolutionIntegrationTests$TestController#redirect()
17:48:13.362 [qtp2097555792-226] DEBUG o.s.w.r.r.v.RedirectView - [6ccd7d62] View name 'redirect:/', model {}
17:48:13.362 [qtp2097555792-226] DEBUG o.s.w.s.a.HttpWebHandlerAdapter - [6ccd7d62] Completed 303 SEE_OTHER
17:48:13.362 [Test worker] DEBUG o.s.w.c.RestTemplate - Response 303 SEE_OTHER
17:48:13.363 [Test worker] DEBUG o.s.w.t.h.s.r.b.JettyHttpServer - Stopping JettyHttpServer...
17:48:13.363 [Test worker] INFO  o.e.j.s.h.ContextHandler - Stopped o.e.j.s.ServletContextHandler@1860033d{/,null,STOPPED}
17:48:13.364 [Test worker] INFO  o.e.j.s.AbstractConnector - Stopped ServerConnector@6c297d31{HTTP/1.1, (http/1.1)}{0.0.0.0:0}
17:48:13.364 [Test worker] DEBUG o.s.w.t.h.s.r.b.JettyHttpServer - Server stopped (0 millis).
17:48:13.394 [Test worker] DEBUG o.s.w.r.r.m.a.RequestMappingHandlerMapping - 2 mappings in 'requestMappingHandlerMapping'
17:48:13.411 [Test worker] DEBUG o.s.w.r.r.m.a.ControllerMethodResolver - ControllerAdvice beans: none
17:48:13.415 [Test worker] DEBUG o.s.w.r.r.v.f.FreeMarkerConfigurer - File system access not preferred: using SpringTemplateLoader
17:48:13.417 [Test worker] DEBUG o.s.w.s.a.HttpWebHandlerAdapter - enableLoggingRequestDetails='false': form data and headers will be masked to prevent unsafe logging of potentially sensitive data
17:48:13.417 [Test worker] DEBUG o.s.w.t.h.s.r.b.ReactorHttpServer - Starting ReactorHttpServer...
17:48:13.418 [Test worker] DEBUG o.s.w.t.h.s.r.b.ReactorHttpServer - Server started on port 51967(0 millis).
17:48:13.425 [Test worker] DEBUG o.s.w.c.RestTemplate - HTTP GET http://localhost:51967/redirect
17:48:13.425 [Test worker] DEBUG o.s.w.c.RestTemplate - Accept=[application/json, application/x-jackson-smile, application/*+json]
17:48:13.428 [reactor-http-nio-10] DEBUG o.s.w.s.a.HttpWebHandlerAdapter - [6d365bf0-1, L:/127.0.0.1:51967 - R:/127.0.0.1:51968] HTTP GET "/redirect"
17:48:13.429 [reactor-http-nio-10] DEBUG o.s.w.r.r.m.a.RequestMappingHandlerMapping - [6d365bf0-1, L:/127.0.0.1:51967 - R:/127.0.0.1:51968] Mapped to org.springframework.web.reactive.result.method.annotation.RequestMappingViewResolutionIntegrationTests$TestController#redirect()
17:48:13.430 [reactor-http-nio-10] DEBUG o.s.w.r.r.v.RedirectView - [6d365bf0-1, L:/127.0.0.1:51967 - R:/127.0.0.1:51968] View name 'redirect:/', model {}
17:48:13.430 [reactor-http-nio-10] DEBUG o.s.w.s.a.HttpWebHandlerAdapter - [6d365bf0-1, L:/127.0.0.1:51967 - R:/127.0.0.1:51968] Completed 303 SEE_OTHER
17:48:13.431 [Test worker] DEBUG o.s.w.c.RestTemplate - Response 303 SEE_OTHER
17:48:13.431 [Test worker] DEBUG o.s.w.t.h.s.r.b.ReactorHttpServer - Stopping ReactorHttpServer...
17:48:13.431 [Test worker] DEBUG o.s.w.t.h.s.r.b.ReactorHttpServer - Server stopped (0 millis).
17:48:13.471 [Test worker] DEBUG o.s.w.r.r.m.a.RequestMappingHandlerMapping - 2 mappings in 'requestMappingHandlerMapping'
17:48:13.487 [Test worker] DEBUG o.s.w.r.r.m.a.ControllerMethodResolver - ControllerAdvice beans: none
17:48:13.491 [Test worker] DEBUG o.s.w.r.r.v.f.FreeMarkerConfigurer - File system access not preferred: using SpringTemplateLoader
17:48:13.493 [Test worker] DEBUG o.s.w.s.a.HttpWebHandlerAdapter - enableLoggingRequestDetails='false': form data and headers will be masked to prevent unsafe logging of potentially sensitive data
17:48:13.493 [Test worker] DEBUG o.s.w.t.h.s.r.b.TomcatHttpServer - Starting TomcatHttpServer...
17:48:13.502 [Test worker] DEBUG o.s.w.t.h.s.r.b.TomcatHttpServer - Server started on port 51969(0 millis).
17:48:13.509 [Test worker] DEBUG o.s.w.c.RestTemplate - HTTP GET http://localhost:51969/redirect
17:48:13.510 [Test worker] DEBUG o.s.w.c.RestTemplate - Accept=[application/json, application/x-jackson-smile, application/*+json]
17:48:13.512 [http-nio-auto-5-exec-1] DEBUG o.s.w.s.a.HttpWebHandlerAdapter - [44264262] HTTP GET "/redirect"
17:48:13.512 [http-nio-auto-5-exec-1] DEBUG o.s.w.r.r.m.a.RequestMappingHandlerMapping - [44264262] Mapped to org.springframework.web.reactive.result.method.annotation.RequestMappingViewResolutionIntegrationTests$TestController#redirect()
17:48:13.513 [http-nio-auto-5-exec-1] DEBUG o.s.w.r.r.v.RedirectView - [44264262] View name 'redirect:/', model {}
17:48:13.513 [http-nio-auto-5-exec-1] DEBUG o.s.w.s.a.HttpWebHandlerAdapter - [44264262] Completed 303 SEE_OTHER
17:48:13.514 [Test worker] DEBUG o.s.w.c.RestTemplate - Response 303 SEE_OTHER
17:48:13.515 [Test worker] DEBUG o.s.w.t.h.s.r.b.TomcatHttpServer - Stopping TomcatHttpServer...
17:48:24.684 [Test worker] DEBUG o.s.w.t.h.s.r.b.TomcatHttpServer - Server stopped (0 millis).
17:48:24.717 [Test worker] DEBUG o.s.w.r.r.m.a.RequestMappingHandlerMapping - 2 mappings in 'requestMappingHandlerMapping'
17:48:24.730 [Test worker] DEBUG o.s.w.r.r.m.a.ControllerMethodResolver - ControllerAdvice beans: none
17:48:24.732 [Test worker] DEBUG o.s.w.r.r.v.f.FreeMarkerConfigurer - File system access not preferred: using SpringTemplateLoader
17:48:24.733 [Test worker] DEBUG o.s.w.s.a.HttpWebHandlerAdapter - enableLoggingRequestDetails='false': form data and headers will be masked to prevent unsafe logging of potentially sensitive data
17:48:24.733 [Test worker] DEBUG o.s.w.t.h.s.r.b.UndertowHttpServer - Starting UndertowHttpServer...
17:48:24.733 [Test worker] INFO  i.undertow - starting server: Undertow - 2.2.7.Final
17:48:24.744 [Test worker] DEBUG o.s.w.t.h.s.r.b.UndertowHttpServer - Server started on port 52044(0 millis).
17:48:24.750 [Test worker] DEBUG o.s.w.c.RestTemplate - HTTP GET http://localhost:52044/redirect
17:48:24.750 [Test worker] DEBUG o.s.w.c.RestTemplate - Accept=[application/json, application/x-jackson-smile, application/*+json]
17:48:24.751 [XNIO-5 I/O-16] DEBUG o.s.w.s.a.HttpWebHandlerAdapter - [3990a481-5] HTTP GET "/redirect"
17:48:24.752 [XNIO-5 I/O-16] DEBUG o.s.w.r.r.m.a.RequestMappingHandlerMapping - [3990a481-5] Mapped to org.springframework.web.reactive.result.method.annotation.RequestMappingViewResolutionIntegrationTests$TestController#redirect()
17:48:24.752 [XNIO-5 I/O-16] DEBUG o.s.w.r.r.v.RedirectView - [3990a481-5] View name 'redirect:/', model {}
17:48:24.752 [XNIO-5 I/O-16] DEBUG o.s.w.s.a.HttpWebHandlerAdapter - [3990a481-5] Completed 303 SEE_OTHER
17:48:24.753 [Test worker] DEBUG o.s.w.c.RestTemplate - Response 303 SEE_OTHER
17:48:24.753 [Test worker] DEBUG o.s.w.t.h.s.r.b.UndertowHttpServer - Stopping UndertowHttpServer...
17:48:24.753 [Test worker] INFO  i.undertow - stopping server: Undertow - 2.2.7.Final
17:48:24.754 [Test worker] DEBUG o.s.w.t.h.s.r.b.UndertowHttpServer - Server stopped (0 millis).
17:48:24.780 [Test worker] DEBUG o.s.w.r.r.m.a.RequestMappingHandlerMapping - 2 mappings in 'requestMappingHandlerMapping'
17:48:24.792 [Test worker] DEBUG o.s.w.r.r.m.a.ControllerMethodResolver - ControllerAdvice beans: none
17:48:24.795 [Test worker] DEBUG o.s.w.r.r.v.f.FreeMarkerConfigurer - File system access not preferred: using SpringTemplateLoader
17:48:24.796 [Test worker] DEBUG o.s.w.s.a.HttpWebHandlerAdapter - enableLoggingRequestDetails='false': form data and headers will be masked to prevent unsafe logging of potentially sensitive data
17:48:24.796 [Test worker] WARN  o.e.j.s.h.ContextHandler - Empty contextPath
17:48:24.796 [Test worker] INFO  o.e.j.s.h.ContextHandler - Started o.e.j.s.ServletContextHandler@1e7ff75{/,null,AVAILABLE}
17:48:24.797 [Test worker] DEBUG o.s.w.t.h.s.r.b.JettyHttpServer - Starting JettyHttpServer...
17:48:24.797 [Test worker] INFO  o.e.j.s.Server - jetty-9.4.39.v20210325; built: 2021-03-25T14:42:11.471Z; git: 9fc7ca5a922f2a37b84ec9dbc26a5168cee7e667; jvm 1.8.0_181-b13
17:48:24.802 [Test worker] INFO  o.e.j.s.AbstractConnector - Started ServerConnector@8cbb754{HTTP/1.1, (http/1.1)}{0.0.0.0:52046}
17:48:24.802 [Test worker] INFO  o.e.j.s.Server - Started @71831ms
17:48:24.802 [Test worker] DEBUG o.s.w.t.h.s.r.b.JettyHttpServer - Server started on port 52046(0 millis).
17:48:24.802 [Test worker] DEBUG o.s.w.c.RestTemplate - HTTP GET http://localhost:52046/html?name=Jason
17:48:24.803 [Test worker] DEBUG o.s.w.c.RestTemplate - Accept=[text/plain, application/json, application/x-jackson-smile, application/*+json, */*]
17:48:24.804 [qtp1206159720-273] DEBUG o.s.w.s.a.HttpWebHandlerAdapter - [5b58881d] HTTP GET "/html?name=Jason"
17:48:24.805 [qtp1206159720-273] DEBUG o.s.w.r.r.m.a.RequestMappingHandlerMapping - [5b58881d] Mapped to org.springframework.web.reactive.result.method.annotation.RequestMappingViewResolutionIntegrationTests$TestController#getHtmlPage(Optional, Model, ServerWebExchange)
17:48:24.817 [qtp1206159720-273] DEBUG o.s.w.r.r.v.ViewResolutionResultHandler - [5b58881d] Using 'text/html;charset=UTF-8' given [text/html] and supported [text/html;charset=UTF-8]
17:48:24.818 [qtp1206159720-273] DEBUG o.s.w.r.r.v.f.FreeMarkerView - [5b58881d] View name 'test', model {hello=Hello: Jason!}
17:48:24.818 [qtp1206159720-273] DEBUG o.s.w.r.r.v.f.FreeMarkerView - [5b58881d] Rendering [test.ftl]
17:48:24.818 [qtp1206159720-273] DEBUG o.s.w.s.a.HttpWebHandlerAdapter - [5b58881d] Completed 200 OK
17:48:24.818 [Test worker] DEBUG o.s.w.c.RestTemplate - Response 200 OK
17:48:24.819 [Test worker] DEBUG o.s.w.c.RestTemplate - Reading to [java.lang.String] as "text/html;charset=utf-8"
17:48:24.819 [Test worker] DEBUG o.s.w.t.h.s.r.b.JettyHttpServer - Stopping JettyHttpServer...
17:48:24.819 [Test worker] INFO  o.e.j.s.h.ContextHandler - Stopped o.e.j.s.ServletContextHandler@1e7ff75{/,null,STOPPED}
17:48:24.820 [Test worker] INFO  o.e.j.s.AbstractConnector - Stopped ServerConnector@8cbb754{HTTP/1.1, (http/1.1)}{0.0.0.0:0}
17:48:24.821 [Test worker] DEBUG o.s.w.t.h.s.r.b.JettyHttpServer - Server stopped (0 millis).
17:48:24.851 [Test worker] DEBUG o.s.w.r.r.m.a.RequestMappingHandlerMapping - 2 mappings in 'requestMappingHandlerMapping'
17:48:24.865 [Test worker] DEBUG o.s.w.r.r.m.a.ControllerMethodResolver - ControllerAdvice beans: none
17:48:24.869 [Test worker] DEBUG o.s.w.r.r.v.f.FreeMarkerConfigurer - File system access not preferred: using SpringTemplateLoader
17:48:24.870 [Test worker] DEBUG o.s.w.s.a.HttpWebHandlerAdapter - enableLoggingRequestDetails='false': form data and headers will be masked to prevent unsafe logging of potentially sensitive data
17:48:24.870 [Test worker] DEBUG o.s.w.t.h.s.r.b.ReactorHttpServer - Starting ReactorHttpServer...
17:48:24.871 [Test worker] DEBUG o.s.w.t.h.s.r.b.ReactorHttpServer - Server started on port 52048(0 millis).
17:48:24.871 [Test worker] DEBUG o.s.w.c.RestTemplate - HTTP GET http://localhost:52048/html?name=Jason
17:48:24.872 [Test worker] DEBUG o.s.w.c.RestTemplate - Accept=[text/plain, application/json, application/x-jackson-smile, application/*+json, */*]
17:48:24.874 [reactor-http-nio-12] DEBUG o.s.w.s.a.HttpWebHandlerAdapter - [36af4185-1, L:/127.0.0.1:52048 - R:/127.0.0.1:52049] HTTP GET "/html?name=Jason"
17:48:24.875 [reactor-http-nio-12] DEBUG o.s.w.r.r.m.a.RequestMappingHandlerMapping - [36af4185-1, L:/127.0.0.1:52048 - R:/127.0.0.1:52049] Mapped to org.springframework.web.reactive.result.method.annotation.RequestMappingViewResolutionIntegrationTests$TestController#getHtmlPage(Optional, Model, ServerWebExchange)
17:48:24.879 [reactor-http-nio-12] DEBUG o.s.w.r.r.v.ViewResolutionResultHandler - [36af4185-1, L:/127.0.0.1:52048 - R:/127.0.0.1:52049] Using 'text/html;charset=UTF-8' given [text/html] and supported [text/html;charset=UTF-8]
17:48:24.879 [reactor-http-nio-12] DEBUG o.s.w.r.r.v.f.FreeMarkerView - [36af4185-1, L:/127.0.0.1:52048 - R:/127.0.0.1:52049] View name 'test', model {hello=Hello: Jason!}
17:48:24.879 [reactor-http-nio-12] DEBUG o.s.w.r.r.v.f.FreeMarkerView - [36af4185-1, L:/127.0.0.1:52048 - R:/127.0.0.1:52049] Rendering [test.ftl]
17:48:24.882 [reactor-http-nio-12] DEBUG o.s.w.s.a.HttpWebHandlerAdapter - [36af4185-1, L:/127.0.0.1:52048 - R:/127.0.0.1:52049] Completed 200 OK
17:48:24.884 [Test worker] DEBUG o.s.w.c.RestTemplate - Response 200 OK
17:48:24.884 [Test worker] DEBUG o.s.w.c.RestTemplate - Reading to [java.lang.String] as "text/html;charset=UTF-8"
17:48:24.885 [Test worker] DEBUG o.s.w.t.h.s.r.b.ReactorHttpServer - Stopping ReactorHttpServer...
17:48:24.885 [Test worker] DEBUG o.s.w.t.h.s.r.b.ReactorHttpServer - Server stopped (0 millis).
17:48:24.916 [Test worker] DEBUG o.s.w.r.r.m.a.RequestMappingHandlerMapping - 2 mappings in 'requestMappingHandlerMapping'
17:48:24.930 [Test worker] DEBUG o.s.w.r.r.m.a.ControllerMethodResolver - ControllerAdvice beans: none
17:48:24.933 [Test worker] DEBUG o.s.w.r.r.v.f.FreeMarkerConfigurer - File system access not preferred: using SpringTemplateLoader
17:48:24.934 [Test worker] DEBUG o.s.w.s.a.HttpWebHandlerAdapter - enableLoggingRequestDetails='false': form data and headers will be masked to prevent unsafe logging of potentially sensitive data
17:48:24.934 [Test worker] DEBUG o.s.w.t.h.s.r.b.TomcatHttpServer - Starting TomcatHttpServer...
17:48:24.941 [Test worker] DEBUG o.s.w.t.h.s.r.b.TomcatHttpServer - Server started on port 52050(0 millis).
17:48:24.941 [Test worker] DEBUG o.s.w.c.RestTemplate - HTTP GET http://localhost:52050/html?name=Jason
17:48:24.941 [Test worker] DEBUG o.s.w.c.RestTemplate - Accept=[text/plain, application/json, application/x-jackson-smile, application/*+json, */*]
17:48:24.943 [http-nio-auto-6-exec-1] DEBUG o.s.w.s.a.HttpWebHandlerAdapter - [55c0630b] HTTP GET "/html?name=Jason"
17:48:24.944 [http-nio-auto-6-exec-1] DEBUG o.s.w.r.r.m.a.RequestMappingHandlerMapping - [55c0630b] Mapped to org.springframework.web.reactive.result.method.annotation.RequestMappingViewResolutionIntegrationTests$TestController#getHtmlPage(Optional, Model, ServerWebExchange)
17:48:24.948 [http-nio-auto-6-exec-1] DEBUG o.s.w.r.r.v.ViewResolutionResultHandler - [55c0630b] Using 'text/html;charset=UTF-8' given [text/html] and supported [text/html;charset=UTF-8]
17:48:24.948 [http-nio-auto-6-exec-1] DEBUG o.s.w.r.r.v.f.FreeMarkerView - [55c0630b] View name 'test', model {hello=Hello: Jason!}
17:48:24.948 [http-nio-auto-6-exec-1] DEBUG o.s.w.r.r.v.f.FreeMarkerView - [55c0630b] Rendering [test.ftl]
17:48:24.950 [http-nio-auto-6-exec-1] DEBUG o.s.w.s.a.HttpWebHandlerAdapter - [55c0630b] Completed 200 OK
17:48:24.950 [Test worker] DEBUG o.s.w.c.RestTemplate - Response 200 OK
17:48:24.951 [Test worker] DEBUG o.s.w.c.RestTemplate - Reading to [java.lang.String] as "text/html;charset=UTF-8"
17:48:24.951 [Test worker] DEBUG o.s.w.t.h.s.r.b.TomcatHttpServer - Stopping TomcatHttpServer...
17:48:36.030 [Test worker] DEBUG o.s.w.t.h.s.r.b.TomcatHttpServer - Server stopped (0 millis).
17:48:36.064 [Test worker] DEBUG o.s.w.r.r.m.a.RequestMappingHandlerMapping - 2 mappings in 'requestMappingHandlerMapping'
17:48:36.079 [Test worker] DEBUG o.s.w.r.r.m.a.ControllerMethodResolver - ControllerAdvice beans: none
17:48:36.082 [Test worker] DEBUG o.s.w.r.r.v.f.FreeMarkerConfigurer - File system access not preferred: using SpringTemplateLoader
17:48:36.083 [Test worker] DEBUG o.s.w.s.a.HttpWebHandlerAdapter - enableLoggingRequestDetails='false': form data and headers will be masked to prevent unsafe logging of potentially sensitive data
17:48:36.083 [Test worker] DEBUG o.s.w.t.h.s.r.b.UndertowHttpServer - Starting UndertowHttpServer...
17:48:36.083 [Test worker] INFO  i.undertow - starting server: Undertow - 2.2.7.Final
17:48:36.092 [Test worker] DEBUG o.s.w.t.h.s.r.b.UndertowHttpServer - Server started on port 52391(0 millis).
17:48:36.093 [Test worker] DEBUG o.s.w.c.RestTemplate - HTTP GET http://localhost:52391/html?name=Jason
17:48:36.093 [Test worker] DEBUG o.s.w.c.RestTemplate - Accept=[text/plain, application/json, application/x-jackson-smile, application/*+json, */*]
17:48:36.095 [XNIO-6 I/O-3] DEBUG o.s.w.s.a.HttpWebHandlerAdapter - [2eb96a04-6] HTTP GET "/html?name=Jason"
17:48:36.096 [XNIO-6 I/O-3] DEBUG o.s.w.r.r.m.a.RequestMappingHandlerMapping - [2eb96a04-6] Mapped to org.springframework.web.reactive.result.method.annotation.RequestMappingViewResolutionIntegrationTests$TestController#getHtmlPage(Optional, Model, ServerWebExchange)
17:48:36.098 [XNIO-6 I/O-3] DEBUG o.s.w.r.r.v.ViewResolutionResultHandler - [2eb96a04-6] Using 'text/html;charset=UTF-8' given [text/html] and supported [text/html;charset=UTF-8]
17:48:36.099 [XNIO-6 I/O-3] DEBUG o.s.w.r.r.v.f.FreeMarkerView - [2eb96a04-6] View name 'test', model {hello=Hello: Jason!}
17:48:36.099 [XNIO-6 I/O-3] DEBUG o.s.w.r.r.v.f.FreeMarkerView - [2eb96a04-6] Rendering [test.ftl]
17:48:36.099 [XNIO-6 I/O-3] DEBUG o.s.w.s.a.HttpWebHandlerAdapter - [2eb96a04-6] Completed 200 OK
17:48:36.099 [Test worker] DEBUG o.s.w.c.RestTemplate - Response 200 OK
17:48:36.099 [Test worker] DEBUG o.s.w.c.RestTemplate - Reading to [java.lang.String] as "text/html;charset=UTF-8"
17:48:36.100 [Test worker] DEBUG o.s.w.t.h.s.r.b.UndertowHttpServer - Stopping UndertowHttpServer...
17:48:36.100 [Test worker] INFO  i.undertow - stopping server: Undertow - 2.2.7.Final
17:48:36.101 [Test worker] DEBUG o.s.w.t.h.s.r.b.UndertowHttpServer - Server stopped (0 millis).
17:48:36.130 [Test worker] DEBUG o.s.w.r.r.m.a.RequestMappingHandlerMapping - 2 mappings in 'requestMappingHandlerMapping'
17:48:36.146 [Test worker] DEBUG o.s.w.r.r.m.a.ControllerMethodResolver - ControllerAdvice beans: none
17:48:36.148 [Test worker] DEBUG o.s.w.r.r.v.f.FreeMarkerConfigurer - File system access not preferred: using SpringTemplateLoader
17:48:36.150 [Test worker] DEBUG o.s.w.s.a.HttpWebHandlerAdapter - enableLoggingRequestDetails='false': form data and headers will be masked to prevent unsafe logging of potentially sensitive data
17:48:36.150 [Test worker] WARN  o.e.j.s.h.ContextHandler - Empty contextPath
17:48:36.150 [Test worker] INFO  o.e.j.s.h.ContextHandler - Started o.e.j.s.ServletContextHandler@512e8eda{/,null,AVAILABLE}
17:48:36.150 [Test worker] DEBUG o.s.w.t.h.s.r.b.JettyHttpServer - Starting JettyHttpServer...
17:48:36.151 [Test worker] INFO  o.e.j.s.Server - jetty-9.4.39.v20210325; built: 2021-03-25T14:42:11.471Z; git: 9fc7ca5a922f2a37b84ec9dbc26a5168cee7e667; jvm 1.8.0_181-b13
17:48:36.154 [Test worker] INFO  o.e.j.s.AbstractConnector - Started ServerConnector@41ee1427{HTTP/1.1, (http/1.1)}{0.0.0.0:52393}
17:48:36.154 [Test worker] INFO  o.e.j.s.Server - Started @83183ms
17:48:36.154 [Test worker] DEBUG o.s.w.t.h.s.r.b.JettyHttpServer - Server started on port 52393(0 millis).
17:48:36.155 [Test worker] DEBUG o.s.w.c.RestTemplate - HTTP GET http://localhost:52393/html
17:48:36.155 [Test worker] DEBUG o.s.w.c.RestTemplate - Accept=[text/plain, application/json, application/x-jackson-smile, application/*+json, */*]
17:48:36.156 [qtp782160790-320] DEBUG o.s.w.s.a.HttpWebHandlerAdapter - [5bea1752] HTTP GET "/html"
17:48:36.156 [qtp782160790-320] DEBUG o.s.w.r.r.m.a.RequestMappingHandlerMapping - [5bea1752] Mapped to org.springframework.web.reactive.result.method.annotation.RequestMappingViewResolutionIntegrationTests$TestController#getHtmlPage(Optional, Model, ServerWebExchange)
17:48:36.157 [qtp782160790-320] DEBUG o.s.w.s.a.HttpWebHandlerAdapter - [5bea1752] Completed 304 NOT_MODIFIED
17:48:36.158 [Test worker] DEBUG o.s.w.c.RestTemplate - Response 304 NOT_MODIFIED
17:48:36.158 [Test worker] DEBUG o.s.w.t.h.s.r.b.JettyHttpServer - Stopping JettyHttpServer...
17:48:36.158 [Test worker] INFO  o.e.j.s.h.ContextHandler - Stopped o.e.j.s.ServletContextHandler@512e8eda{/,null,STOPPED}
17:48:36.160 [Test worker] INFO  o.e.j.s.AbstractConnector - Stopped ServerConnector@41ee1427{HTTP/1.1, (http/1.1)}{0.0.0.0:0}
17:48:36.160 [Test worker] DEBUG o.s.w.t.h.s.r.b.JettyHttpServer - Server stopped (0 millis).
17:48:36.188 [Test worker] DEBUG o.s.w.r.r.m.a.RequestMappingHandlerMapping - 2 mappings in 'requestMappingHandlerMapping'
17:48:36.203 [Test worker] DEBUG o.s.w.r.r.m.a.ControllerMethodResolver - ControllerAdvice beans: none
17:48:36.205 [Test worker] DEBUG o.s.w.r.r.v.f.FreeMarkerConfigurer - File system access not preferred: using SpringTemplateLoader
17:48:36.206 [Test worker] DEBUG o.s.w.s.a.HttpWebHandlerAdapter - enableLoggingRequestDetails='false': form data and headers will be masked to prevent unsafe logging of potentially sensitive data
17:48:36.206 [Test worker] DEBUG o.s.w.t.h.s.r.b.ReactorHttpServer - Starting ReactorHttpServer...
17:48:36.207 [Test worker] DEBUG o.s.w.t.h.s.r.b.ReactorHttpServer - Server started on port 52395(0 millis).
17:48:36.208 [Test worker] DEBUG o.s.w.c.RestTemplate - HTTP GET http://localhost:52395/html
17:48:36.208 [Test worker] DEBUG o.s.w.c.RestTemplate - Accept=[text/plain, application/json, application/x-jackson-smile, application/*+json, */*]
17:48:36.210 [reactor-http-nio-14] DEBUG o.s.w.s.a.HttpWebHandlerAdapter - [ec7e5aa1-1, L:/127.0.0.1:52395 - R:/127.0.0.1:52396] HTTP GET "/html"
17:48:36.211 [reactor-http-nio-14] DEBUG o.s.w.r.r.m.a.RequestMappingHandlerMapping - [ec7e5aa1-1, L:/127.0.0.1:52395 - R:/127.0.0.1:52396] Mapped to org.springframework.web.reactive.result.method.annotation.RequestMappingViewResolutionIntegrationTests$TestController#getHtmlPage(Optional, Model, ServerWebExchange)
17:48:36.212 [reactor-http-nio-14] DEBUG o.s.w.s.a.HttpWebHandlerAdapter - [ec7e5aa1-1, L:/127.0.0.1:52395 - R:/127.0.0.1:52396] Completed 304 NOT_MODIFIED
17:48:36.213 [Test worker] DEBUG o.s.w.c.RestTemplate - Response 304 NOT_MODIFIED
17:48:36.213 [Test worker] DEBUG o.s.w.t.h.s.r.b.ReactorHttpServer - Stopping ReactorHttpServer...
17:48:36.213 [Test worker] DEBUG o.s.w.t.h.s.r.b.ReactorHttpServer - Server stopped (0 millis).
17:48:36.246 [Test worker] DEBUG o.s.w.r.r.m.a.RequestMappingHandlerMapping - 2 mappings in 'requestMappingHandlerMapping'
17:48:36.261 [Test worker] DEBUG o.s.w.r.r.m.a.ControllerMethodResolver - ControllerAdvice beans: none
17:48:36.264 [Test worker] DEBUG o.s.w.r.r.v.f.FreeMarkerConfigurer - File system access not preferred: using SpringTemplateLoader
17:48:36.265 [Test worker] DEBUG o.s.w.s.a.HttpWebHandlerAdapter - enableLoggingRequestDetails='false': form data and headers will be masked to prevent unsafe logging of potentially sensitive data
17:48:36.266 [Test worker] DEBUG o.s.w.t.h.s.r.b.TomcatHttpServer - Starting TomcatHttpServer...
17:48:36.273 [Test worker] DEBUG o.s.w.t.h.s.r.b.TomcatHttpServer - Server started on port 52397(0 millis).
17:48:36.274 [Test worker] DEBUG o.s.w.c.RestTemplate - HTTP GET http://localhost:52397/html
17:48:36.274 [Test worker] DEBUG o.s.w.c.RestTemplate - Accept=[text/plain, application/json, application/x-jackson-smile, application/*+json, */*]
17:48:36.277 [http-nio-auto-7-exec-1] DEBUG o.s.w.s.a.HttpWebHandlerAdapter - [6c50fea4] HTTP GET "/html"
17:48:36.277 [http-nio-auto-7-exec-1] DEBUG o.s.w.r.r.m.a.RequestMappingHandlerMapping - [6c50fea4] Mapped to org.springframework.web.reactive.result.method.annotation.RequestMappingViewResolutionIntegrationTests$TestController#getHtmlPage(Optional, Model, ServerWebExchange)
17:48:36.279 [http-nio-auto-7-exec-1] DEBUG o.s.w.s.a.HttpWebHandlerAdapter - [6c50fea4] Completed 304 NOT_MODIFIED
17:48:36.280 [Test worker] DEBUG o.s.w.c.RestTemplate - Response 304 NOT_MODIFIED
17:48:36.281 [Test worker] DEBUG o.s.w.t.h.s.r.b.TomcatHttpServer - Stopping TomcatHttpServer...
17:48:47.407 [Test worker] DEBUG o.s.w.t.h.s.r.b.TomcatHttpServer - Server stopped (0 millis).
17:48:47.439 [Test worker] DEBUG o.s.w.r.r.m.a.RequestMappingHandlerMapping - 2 mappings in 'requestMappingHandlerMapping'
17:48:47.451 [Test worker] DEBUG o.s.w.r.r.m.a.ControllerMethodResolver - ControllerAdvice beans: none
17:48:47.453 [Test worker] DEBUG o.s.w.r.r.v.f.FreeMarkerConfigurer - File system access not preferred: using SpringTemplateLoader
17:48:47.454 [Test worker] DEBUG o.s.w.s.a.HttpWebHandlerAdapter - enableLoggingRequestDetails='false': form data and headers will be masked to prevent unsafe logging of potentially sensitive data
17:48:47.454 [Test worker] DEBUG o.s.w.t.h.s.r.b.UndertowHttpServer - Starting UndertowHttpServer...
17:48:47.454 [Test worker] INFO  i.undertow - starting server: Undertow - 2.2.7.Final
17:48:47.457 [Test worker] DEBUG o.s.w.t.h.s.r.b.UndertowHttpServer - Server started on port 52490(0 millis).
17:48:47.457 [Test worker] DEBUG o.s.w.c.RestTemplate - HTTP GET http://localhost:52490/html
17:48:47.458 [Test worker] DEBUG o.s.w.c.RestTemplate - Accept=[text/plain, application/json, application/x-jackson-smile, application/*+json, */*]
17:48:47.459 [XNIO-7 I/O-14] DEBUG o.s.w.s.a.HttpWebHandlerAdapter - [4ad2cdb2-7] HTTP GET "/html"
17:48:47.459 [XNIO-7 I/O-14] DEBUG o.s.w.r.r.m.a.RequestMappingHandlerMapping - [4ad2cdb2-7] Mapped to org.springframework.web.reactive.result.method.annotation.RequestMappingViewResolutionIntegrationTests$TestController#getHtmlPage(Optional, Model, ServerWebExchange)
17:48:47.461 [XNIO-7 I/O-14] DEBUG o.s.w.s.a.HttpWebHandlerAdapter - [4ad2cdb2-7] Completed 304 NOT_MODIFIED
17:48:47.461 [Test worker] DEBUG o.s.w.c.RestTemplate - Response 304 NOT_MODIFIED
17:48:47.462 [Test worker] DEBUG o.s.w.t.h.s.r.b.UndertowHttpServer - Stopping UndertowHttpServer...
17:48:47.462 [Test worker] INFO  i.undertow - stopping server: Undertow - 2.2.7.Final
17:48:47.462 [Test worker] DEBUG o.s.w.t.h.s.r.b.UndertowHttpServer - Server stopped (0 millis).
]]></system-out>
  <system-err><![CDATA[]]></system-err>
</testsuite>
