<?xml version="1.0" encoding="UTF-8"?>
<testsuite name="org.springframework.web.reactive.function.server.NestedRouteIntegrationTests" tests="24" skipped="0" failures="0" errors="0" timestamp="2021-05-01T09:53:42" hostname="wangweilideMBP.lan" time="67.508">
  <properties/>
  <testcase name="[1] org.springframework.web.testfixture.http.server.reactive.bootstrap.JettyHttpServer@611c8abe" classname="org.springframework.web.reactive.function.server.NestedRouteIntegrationTests" time="0.021"/>
  <testcase name="[2] org.springframework.web.testfixture.http.server.reactive.bootstrap.ReactorHttpServer@4cce2b9c" classname="org.springframework.web.reactive.function.server.NestedRouteIntegrationTests" time="0.021"/>
  <testcase name="[3] org.springframework.web.testfixture.http.server.reactive.bootstrap.TomcatHttpServer@20d906fd" classname="org.springframework.web.reactive.function.server.NestedRouteIntegrationTests" time="11.098"/>
  <testcase name="[4] org.springframework.web.testfixture.http.server.reactive.bootstrap.UndertowHttpServer@78fc1900" classname="org.springframework.web.reactive.function.server.NestedRouteIntegrationTests" time="0.017"/>
  <testcase name="[1] org.springframework.web.testfixture.http.server.reactive.bootstrap.JettyHttpServer@5212986d" classname="org.springframework.web.reactive.function.server.NestedRouteIntegrationTests" time="0.02"/>
  <testcase name="[2] org.springframework.web.testfixture.http.server.reactive.bootstrap.ReactorHttpServer@42f41f8e" classname="org.springframework.web.reactive.function.server.NestedRouteIntegrationTests" time="0.015"/>
  <testcase name="[3] org.springframework.web.testfixture.http.server.reactive.bootstrap.TomcatHttpServer@523473ee" classname="org.springframework.web.reactive.function.server.NestedRouteIntegrationTests" time="11.167"/>
  <testcase name="[4] org.springframework.web.testfixture.http.server.reactive.bootstrap.UndertowHttpServer@443eca3a" classname="org.springframework.web.reactive.function.server.NestedRouteIntegrationTests" time="0.024"/>
  <testcase name="[1] org.springframework.web.testfixture.http.server.reactive.bootstrap.JettyHttpServer@1902db3d" classname="org.springframework.web.reactive.function.server.NestedRouteIntegrationTests" time="0.024"/>
  <testcase name="[2] org.springframework.web.testfixture.http.server.reactive.bootstrap.ReactorHttpServer@28f2fb68" classname="org.springframework.web.reactive.function.server.NestedRouteIntegrationTests" time="0.027"/>
  <testcase name="[3] org.springframework.web.testfixture.http.server.reactive.bootstrap.TomcatHttpServer@48ac65dc" classname="org.springframework.web.reactive.function.server.NestedRouteIntegrationTests" time="11.141"/>
  <testcase name="[4] org.springframework.web.testfixture.http.server.reactive.bootstrap.UndertowHttpServer@31475b33" classname="org.springframework.web.reactive.function.server.NestedRouteIntegrationTests" time="0.02"/>
  <testcase name="[1] org.springframework.web.testfixture.http.server.reactive.bootstrap.JettyHttpServer@22977a48" classname="org.springframework.web.reactive.function.server.NestedRouteIntegrationTests" time="0.017"/>
  <testcase name="[2] org.springframework.web.testfixture.http.server.reactive.bootstrap.ReactorHttpServer@375adb7e" classname="org.springframework.web.reactive.function.server.NestedRouteIntegrationTests" time="0.014"/>
  <testcase name="[3] org.springframework.web.testfixture.http.server.reactive.bootstrap.TomcatHttpServer@760c4f70" classname="org.springframework.web.reactive.function.server.NestedRouteIntegrationTests" time="11.23"/>
  <testcase name="[4] org.springframework.web.testfixture.http.server.reactive.bootstrap.UndertowHttpServer@46ea30d6" classname="org.springframework.web.reactive.function.server.NestedRouteIntegrationTests" time="0.024"/>
  <testcase name="[1] org.springframework.web.testfixture.http.server.reactive.bootstrap.JettyHttpServer@7ea92d2" classname="org.springframework.web.reactive.function.server.NestedRouteIntegrationTests" time="0.018"/>
  <testcase name="[2] org.springframework.web.testfixture.http.server.reactive.bootstrap.ReactorHttpServer@7edceeea" classname="org.springframework.web.reactive.function.server.NestedRouteIntegrationTests" time="0.016"/>
  <testcase name="[3] org.springframework.web.testfixture.http.server.reactive.bootstrap.TomcatHttpServer@296122f" classname="org.springframework.web.reactive.function.server.NestedRouteIntegrationTests" time="11.186"/>
  <testcase name="[4] org.springframework.web.testfixture.http.server.reactive.bootstrap.UndertowHttpServer@2cc5f5a8" classname="org.springframework.web.reactive.function.server.NestedRouteIntegrationTests" time="0.017"/>
  <testcase name="[1] org.springframework.web.testfixture.http.server.reactive.bootstrap.JettyHttpServer@1adcd07d" classname="org.springframework.web.reactive.function.server.NestedRouteIntegrationTests" time="0.016"/>
  <testcase name="[2] org.springframework.web.testfixture.http.server.reactive.bootstrap.ReactorHttpServer@7920daa7" classname="org.springframework.web.reactive.function.server.NestedRouteIntegrationTests" time="0.015"/>
  <testcase name="[3] org.springframework.web.testfixture.http.server.reactive.bootstrap.TomcatHttpServer@4f4713ab" classname="org.springframework.web.reactive.function.server.NestedRouteIntegrationTests" time="11.195"/>
  <testcase name="[4] org.springframework.web.testfixture.http.server.reactive.bootstrap.UndertowHttpServer@65e75ad" classname="org.springframework.web.reactive.function.server.NestedRouteIntegrationTests" time="0.02"/>
  <system-out><![CDATA[17:53:42.033 [Test worker] DEBUG o.s.w.s.a.HttpWebHandlerAdapter - enableLoggingRequestDetails='false': form data and headers will be masked to prevent unsafe logging of potentially sensitive data
17:53:42.033 [Test worker] WARN  o.e.j.s.h.ContextHandler - Empty contextPath
17:53:42.033 [Test worker] INFO  o.e.j.s.h.ContextHandler - Started o.e.j.s.ServletContextHandler@bf4f0ea{/,null,AVAILABLE}
17:53:42.033 [Test worker] DEBUG o.s.w.t.h.s.r.b.JettyHttpServer - Starting JettyHttpServer...
17:53:42.033 [Test worker] INFO  o.e.j.s.Server - jetty-9.4.39.v20210325; built: 2021-03-25T14:42:11.471Z; git: 9fc7ca5a922f2a37b84ec9dbc26a5168cee7e667; jvm 1.8.0_181-b13
17:53:42.035 [Test worker] INFO  o.e.j.s.AbstractConnector - Started ServerConnector@59439839{HTTP/1.1, (http/1.1)}{0.0.0.0:54069}
17:53:42.035 [Test worker] INFO  o.e.j.s.Server - Started @389065ms
17:53:42.035 [Test worker] DEBUG o.s.w.t.h.s.r.b.JettyHttpServer - Server started on port 54069(0 millis).
17:53:42.035 [Test worker] DEBUG o.s.w.c.RestTemplate - HTTP POST http://localhost:54069/qux/quux
17:53:42.035 [Test worker] DEBUG o.s.w.c.RestTemplate - Accept=[text/plain, application/json, application/x-jackson-smile, application/*+json, */*]
17:53:42.035 [Test worker] DEBUG o.s.w.c.RestTemplate - Writing [] with org.springframework.http.converter.StringHttpMessageConverter
17:53:42.041 [qtp120632199-1695] DEBUG o.s.w.s.a.HttpWebHandlerAdapter - [373a8f03] HTTP POST "/qux/quux"
17:53:42.043 [qtp120632199-1695] DEBUG o.s.c.c.CharSequenceEncoder - [373a8f03] Writing "{}"
17:53:42.043 [qtp120632199-1695] DEBUG o.s.w.s.a.HttpWebHandlerAdapter - [373a8f03] Completed 200 OK
17:53:42.043 [Test worker] DEBUG o.s.w.c.RestTemplate - Response 200 OK
17:53:42.043 [Test worker] DEBUG o.s.w.c.RestTemplate - Reading to [java.lang.String] as "text/plain;charset=utf-8"
17:53:42.044 [Test worker] DEBUG o.s.w.t.h.s.r.b.JettyHttpServer - Stopping JettyHttpServer...
17:53:42.044 [Test worker] INFO  o.e.j.s.h.ContextHandler - Stopped o.e.j.s.ServletContextHandler@bf4f0ea{/,null,STOPPED}
17:53:42.045 [Test worker] INFO  o.e.j.s.AbstractConnector - Stopped ServerConnector@59439839{HTTP/1.1, (http/1.1)}{0.0.0.0:0}
17:53:42.045 [Test worker] DEBUG o.s.w.t.h.s.r.b.JettyHttpServer - Server stopped (0 millis).
17:53:42.062 [Test worker] DEBUG o.s.w.s.a.HttpWebHandlerAdapter - enableLoggingRequestDetails='false': form data and headers will be masked to prevent unsafe logging of potentially sensitive data
17:53:42.063 [Test worker] DEBUG o.s.w.t.h.s.r.b.ReactorHttpServer - Starting ReactorHttpServer...
17:53:42.063 [Test worker] DEBUG o.s.w.t.h.s.r.b.ReactorHttpServer - Server started on port 54071(0 millis).
17:53:42.064 [Test worker] DEBUG o.s.w.c.RestTemplate - HTTP POST http://localhost:54071/qux/quux
17:53:42.064 [Test worker] DEBUG o.s.w.c.RestTemplate - Accept=[text/plain, application/json, application/x-jackson-smile, application/*+json, */*]
17:53:42.064 [Test worker] DEBUG o.s.w.c.RestTemplate - Writing [] with org.springframework.http.converter.StringHttpMessageConverter
17:53:42.071 [reactor-http-nio-9] DEBUG o.s.w.s.a.HttpWebHandlerAdapter - [023215a6-1, L:/127.0.0.1:54071 - R:/127.0.0.1:54072] HTTP POST "/qux/quux"
17:53:42.071 [reactor-http-nio-9] DEBUG o.s.c.c.CharSequenceEncoder - [023215a6-1, L:/127.0.0.1:54071 - R:/127.0.0.1:54072] Writing "{}"
17:53:42.072 [Test worker] DEBUG o.s.w.c.RestTemplate - Response 200 OK
17:53:42.072 [Test worker] DEBUG o.s.w.c.RestTemplate - Reading to [java.lang.String] as "text/plain;charset=UTF-8"
17:53:42.072 [reactor-http-nio-9] DEBUG o.s.w.s.a.HttpWebHandlerAdapter - [023215a6-1, L:/127.0.0.1:54071 - R:/127.0.0.1:54072] Completed 200 OK
17:53:42.073 [Test worker] DEBUG o.s.w.t.h.s.r.b.ReactorHttpServer - Stopping ReactorHttpServer...
17:53:42.073 [Test worker] DEBUG o.s.w.t.h.s.r.b.ReactorHttpServer - Server stopped (0 millis).
17:53:42.090 [Test worker] DEBUG o.s.w.s.a.HttpWebHandlerAdapter - enableLoggingRequestDetails='false': form data and headers will be masked to prevent unsafe logging of potentially sensitive data
17:53:42.091 [Test worker] DEBUG o.s.w.t.h.s.r.b.TomcatHttpServer - Starting TomcatHttpServer...
17:53:42.096 [Test worker] DEBUG o.s.w.t.h.s.r.b.TomcatHttpServer - Server started on port 54073(0 millis).
17:53:42.096 [Test worker] DEBUG o.s.w.c.RestTemplate - HTTP POST http://localhost:54073/qux/quux
17:53:42.096 [Test worker] DEBUG o.s.w.c.RestTemplate - Accept=[text/plain, application/json, application/x-jackson-smile, application/*+json, */*]
17:53:42.096 [Test worker] DEBUG o.s.w.c.RestTemplate - Writing [] with org.springframework.http.converter.StringHttpMessageConverter
17:53:42.104 [http-nio-auto-34-exec-1] DEBUG o.s.w.s.a.HttpWebHandlerAdapter - [c8af105] HTTP POST "/qux/quux"
17:53:42.105 [http-nio-auto-34-exec-1] DEBUG o.s.c.c.CharSequenceEncoder - [c8af105] Writing "{}"
17:53:42.105 [http-nio-auto-34-exec-1] DEBUG o.s.w.s.a.HttpWebHandlerAdapter - [c8af105] Completed 200 OK
17:53:42.106 [Test worker] DEBUG o.s.w.c.RestTemplate - Response 200 OK
17:53:42.106 [Test worker] DEBUG o.s.w.c.RestTemplate - Reading to [java.lang.String] as "text/plain;charset=UTF-8"
17:53:42.106 [Test worker] DEBUG o.s.w.t.h.s.r.b.TomcatHttpServer - Stopping TomcatHttpServer...
17:53:53.177 [Test worker] DEBUG o.s.w.t.h.s.r.b.TomcatHttpServer - Server stopped (0 millis).
17:53:53.191 [Test worker] DEBUG o.s.w.s.a.HttpWebHandlerAdapter - enableLoggingRequestDetails='false': form data and headers will be masked to prevent unsafe logging of potentially sensitive data
17:53:53.191 [Test worker] DEBUG o.s.w.t.h.s.r.b.UndertowHttpServer - Starting UndertowHttpServer...
17:53:53.191 [Test worker] INFO  i.undertow - starting server: Undertow - 2.2.7.Final
17:53:53.194 [Test worker] DEBUG o.s.w.t.h.s.r.b.UndertowHttpServer - Server started on port 54120(0 millis).
17:53:53.194 [Test worker] DEBUG o.s.w.c.RestTemplate - HTTP POST http://localhost:54120/qux/quux
17:53:53.194 [Test worker] DEBUG o.s.w.c.RestTemplate - Accept=[text/plain, application/json, application/x-jackson-smile, application/*+json, */*]
17:53:53.194 [Test worker] DEBUG o.s.w.c.RestTemplate - Writing [] with org.springframework.http.converter.StringHttpMessageConverter
17:53:53.199 [XNIO-34 I/O-2] DEBUG o.s.w.s.a.HttpWebHandlerAdapter - [209dfcb1-37] HTTP POST "/qux/quux"
17:53:53.199 [XNIO-34 I/O-2] DEBUG o.s.c.c.CharSequenceEncoder - [209dfcb1-37] Writing "{}"
17:53:53.200 [XNIO-34 I/O-2] DEBUG o.s.w.s.a.HttpWebHandlerAdapter - [209dfcb1-37] Completed 200 OK
17:53:53.200 [Test worker] DEBUG o.s.w.c.RestTemplate - Response 200 OK
17:53:53.200 [Test worker] DEBUG o.s.w.c.RestTemplate - Reading to [java.lang.String] as "text/plain;charset=UTF-8"
17:53:53.200 [Test worker] DEBUG o.s.w.t.h.s.r.b.UndertowHttpServer - Stopping UndertowHttpServer...
17:53:53.200 [Test worker] INFO  i.undertow - stopping server: Undertow - 2.2.7.Final
17:53:53.201 [Test worker] DEBUG o.s.w.t.h.s.r.b.UndertowHttpServer - Server stopped (0 millis).
17:53:53.214 [Test worker] DEBUG o.s.w.s.a.HttpWebHandlerAdapter - enableLoggingRequestDetails='false': form data and headers will be masked to prevent unsafe logging of potentially sensitive data
17:53:53.214 [Test worker] WARN  o.e.j.s.h.ContextHandler - Empty contextPath
17:53:53.214 [Test worker] INFO  o.e.j.s.h.ContextHandler - Started o.e.j.s.ServletContextHandler@7844893{/,null,AVAILABLE}
17:53:53.214 [Test worker] DEBUG o.s.w.t.h.s.r.b.JettyHttpServer - Starting JettyHttpServer...
17:53:53.214 [Test worker] INFO  o.e.j.s.Server - jetty-9.4.39.v20210325; built: 2021-03-25T14:42:11.471Z; git: 9fc7ca5a922f2a37b84ec9dbc26a5168cee7e667; jvm 1.8.0_181-b13
17:53:53.215 [Test worker] INFO  o.e.j.s.AbstractConnector - Started ServerConnector@411379fe{HTTP/1.1, (http/1.1)}{0.0.0.0:54122}
17:53:53.215 [Test worker] INFO  o.e.j.s.Server - Started @400245ms
17:53:53.215 [Test worker] DEBUG o.s.w.t.h.s.r.b.JettyHttpServer - Server started on port 54122(0 millis).
17:53:53.215 [Test worker] DEBUG o.s.w.c.RestTemplate - HTTP GET http://localhost:54122/qux/quux
17:53:53.216 [Test worker] DEBUG o.s.w.c.RestTemplate - Accept=[text/plain, application/json, application/x-jackson-smile, application/*+json, */*]
17:53:53.222 [qtp1169745228-1740] DEBUG o.s.w.s.a.HttpWebHandlerAdapter - [312ba21] HTTP GET "/qux/quux"
17:53:53.224 [qtp1169745228-1740] DEBUG o.s.c.c.CharSequenceEncoder - [312ba21] Writing "/{qux}/quux"
17:53:53.224 [qtp1169745228-1740] DEBUG o.s.c.c.CharSequenceEncoder - [312ba21] Writing "
"
17:53:53.224 [Test worker] DEBUG o.s.w.c.RestTemplate - Response 200 OK
17:53:53.224 [qtp1169745228-1740] DEBUG o.s.c.c.CharSequenceEncoder - [312ba21] Writing "{qux=qux}"
17:53:53.224 [Test worker] DEBUG o.s.w.c.RestTemplate - Reading to [java.lang.String] as "text/plain;charset=utf-8"
17:53:53.224 [qtp1169745228-1740] DEBUG o.s.w.s.a.HttpWebHandlerAdapter - [312ba21] Completed 200 OK
17:53:53.225 [Test worker] DEBUG o.s.w.t.h.s.r.b.JettyHttpServer - Stopping JettyHttpServer...
17:53:53.225 [Test worker] INFO  o.e.j.s.h.ContextHandler - Stopped o.e.j.s.ServletContextHandler@7844893{/,null,STOPPED}
17:53:53.226 [Test worker] INFO  o.e.j.s.AbstractConnector - Stopped ServerConnector@411379fe{HTTP/1.1, (http/1.1)}{0.0.0.0:0}
17:53:53.226 [Test worker] DEBUG o.s.w.t.h.s.r.b.JettyHttpServer - Server stopped (0 millis).
17:53:53.238 [Test worker] DEBUG o.s.w.s.a.HttpWebHandlerAdapter - enableLoggingRequestDetails='false': form data and headers will be masked to prevent unsafe logging of potentially sensitive data
17:53:53.238 [Test worker] DEBUG o.s.w.t.h.s.r.b.ReactorHttpServer - Starting ReactorHttpServer...
17:53:53.239 [Test worker] DEBUG o.s.w.t.h.s.r.b.ReactorHttpServer - Server started on port 54124(0 millis).
17:53:53.239 [Test worker] DEBUG o.s.w.c.RestTemplate - HTTP GET http://localhost:54124/qux/quux
17:53:53.239 [Test worker] DEBUG o.s.w.c.RestTemplate - Accept=[text/plain, application/json, application/x-jackson-smile, application/*+json, */*]
17:53:53.244 [reactor-http-nio-11] DEBUG o.s.w.s.a.HttpWebHandlerAdapter - [6129cfca-1, L:/127.0.0.1:54124 - R:/127.0.0.1:54125] HTTP GET "/qux/quux"
17:53:53.244 [reactor-http-nio-11] DEBUG o.s.c.c.CharSequenceEncoder - [6129cfca-1, L:/127.0.0.1:54124 - R:/127.0.0.1:54125] Writing "/{qux}/quux"
17:53:53.245 [Test worker] DEBUG o.s.w.c.RestTemplate - Response 200 OK
17:53:53.245 [reactor-http-nio-11] DEBUG o.s.c.c.CharSequenceEncoder - [6129cfca-1, L:/127.0.0.1:54124 - R:/127.0.0.1:54125] Writing "
"
17:53:53.245 [reactor-http-nio-11] DEBUG o.s.c.c.CharSequenceEncoder - [6129cfca-1, L:/127.0.0.1:54124 - R:/127.0.0.1:54125] Writing "{qux=qux}"
17:53:53.246 [Test worker] DEBUG o.s.w.c.RestTemplate - Reading to [java.lang.String] as "text/plain;charset=UTF-8"
17:53:53.246 [reactor-http-nio-11] DEBUG o.s.w.s.a.HttpWebHandlerAdapter - [6129cfca-1, L:/127.0.0.1:54124 - R:/127.0.0.1:54125] Completed 200 OK
17:53:53.246 [Test worker] DEBUG o.s.w.t.h.s.r.b.ReactorHttpServer - Stopping ReactorHttpServer...
17:53:53.246 [Test worker] DEBUG o.s.w.t.h.s.r.b.ReactorHttpServer - Server stopped (0 millis).
17:53:53.258 [Test worker] DEBUG o.s.w.s.a.HttpWebHandlerAdapter - enableLoggingRequestDetails='false': form data and headers will be masked to prevent unsafe logging of potentially sensitive data
17:53:53.258 [Test worker] DEBUG o.s.w.t.h.s.r.b.TomcatHttpServer - Starting TomcatHttpServer...
17:53:53.265 [Test worker] DEBUG o.s.w.t.h.s.r.b.TomcatHttpServer - Server started on port 54126(0 millis).
17:53:53.265 [Test worker] DEBUG o.s.w.c.RestTemplate - HTTP GET http://localhost:54126/qux/quux
17:53:53.265 [Test worker] DEBUG o.s.w.c.RestTemplate - Accept=[text/plain, application/json, application/x-jackson-smile, application/*+json, */*]
17:53:53.271 [http-nio-auto-35-exec-1] DEBUG o.s.w.s.a.HttpWebHandlerAdapter - [5ac7403b] HTTP GET "/qux/quux"
17:53:53.271 [http-nio-auto-35-exec-1] DEBUG o.s.c.c.CharSequenceEncoder - [5ac7403b] Writing "/{qux}/quux"
17:53:53.271 [http-nio-auto-35-exec-1] DEBUG o.s.c.c.CharSequenceEncoder - [5ac7403b] Writing "
"
17:53:53.271 [http-nio-auto-35-exec-1] DEBUG o.s.c.c.CharSequenceEncoder - [5ac7403b] Writing "{qux=qux}"
17:53:53.272 [http-nio-auto-35-exec-1] DEBUG o.s.w.s.a.HttpWebHandlerAdapter - [5ac7403b] Completed 200 OK
17:53:53.272 [Test worker] DEBUG o.s.w.c.RestTemplate - Response 200 OK
17:53:53.272 [Test worker] DEBUG o.s.w.c.RestTemplate - Reading to [java.lang.String] as "text/plain;charset=UTF-8"
17:53:53.272 [Test worker] DEBUG o.s.w.t.h.s.r.b.TomcatHttpServer - Stopping TomcatHttpServer...
17:54:04.418 [Test worker] DEBUG o.s.w.t.h.s.r.b.TomcatHttpServer - Server stopped (0 millis).
17:54:04.435 [Test worker] DEBUG o.s.w.s.a.HttpWebHandlerAdapter - enableLoggingRequestDetails='false': form data and headers will be masked to prevent unsafe logging of potentially sensitive data
17:54:04.435 [Test worker] DEBUG o.s.w.t.h.s.r.b.UndertowHttpServer - Starting UndertowHttpServer...
17:54:04.435 [Test worker] INFO  i.undertow - starting server: Undertow - 2.2.7.Final
17:54:04.439 [Test worker] DEBUG o.s.w.t.h.s.r.b.UndertowHttpServer - Server started on port 54228(0 millis).
17:54:04.439 [Test worker] DEBUG o.s.w.c.RestTemplate - HTTP GET http://localhost:54228/qux/quux
17:54:04.439 [Test worker] DEBUG o.s.w.c.RestTemplate - Accept=[text/plain, application/json, application/x-jackson-smile, application/*+json, */*]
17:54:04.447 [XNIO-35 I/O-16] DEBUG o.s.w.s.a.HttpWebHandlerAdapter - [2e10dda5-38] HTTP GET "/qux/quux"
17:54:04.447 [XNIO-35 I/O-16] DEBUG o.s.c.c.CharSequenceEncoder - [2e10dda5-38] Writing "/{qux}/quux"
17:54:04.447 [XNIO-35 I/O-16] DEBUG o.s.c.c.CharSequenceEncoder - [2e10dda5-38] Writing "
"
17:54:04.448 [XNIO-35 I/O-16] DEBUG o.s.c.c.CharSequenceEncoder - [2e10dda5-38] Writing "{qux=qux}"
17:54:04.448 [Test worker] DEBUG o.s.w.c.RestTemplate - Response 200 OK
17:54:04.448 [XNIO-35 I/O-16] DEBUG o.s.w.s.a.HttpWebHandlerAdapter - [2e10dda5-38] Completed 200 OK
17:54:04.448 [Test worker] DEBUG o.s.w.c.RestTemplate - Reading to [java.lang.String] as "text/plain;charset=UTF-8"
17:54:04.448 [Test worker] DEBUG o.s.w.t.h.s.r.b.UndertowHttpServer - Stopping UndertowHttpServer...
17:54:04.448 [Test worker] INFO  i.undertow - stopping server: Undertow - 2.2.7.Final
17:54:04.449 [Test worker] DEBUG o.s.w.t.h.s.r.b.UndertowHttpServer - Server stopped (0 millis).
17:54:04.467 [Test worker] DEBUG o.s.w.s.a.HttpWebHandlerAdapter - enableLoggingRequestDetails='false': form data and headers will be masked to prevent unsafe logging of potentially sensitive data
17:54:04.467 [Test worker] WARN  o.e.j.s.h.ContextHandler - Empty contextPath
17:54:04.468 [Test worker] INFO  o.e.j.s.h.ContextHandler - Started o.e.j.s.ServletContextHandler@7a90ea17{/,null,AVAILABLE}
17:54:04.468 [Test worker] DEBUG o.s.w.t.h.s.r.b.JettyHttpServer - Starting JettyHttpServer...
17:54:04.468 [Test worker] INFO  o.e.j.s.Server - jetty-9.4.39.v20210325; built: 2021-03-25T14:42:11.471Z; git: 9fc7ca5a922f2a37b84ec9dbc26a5168cee7e667; jvm 1.8.0_181-b13
17:54:04.470 [Test worker] INFO  o.e.j.s.AbstractConnector - Started ServerConnector@75c41d4b{HTTP/1.1, (http/1.1)}{0.0.0.0:54230}
17:54:04.470 [Test worker] INFO  o.e.j.s.Server - Started @411499ms
17:54:04.470 [Test worker] DEBUG o.s.w.t.h.s.r.b.JettyHttpServer - Server started on port 54230(0 millis).
17:54:04.470 [Test worker] DEBUG o.s.w.c.RestTemplate - HTTP GET http://localhost:54230/1/2/3
17:54:04.470 [Test worker] DEBUG o.s.w.c.RestTemplate - Accept=[text/plain, application/json, application/x-jackson-smile, application/*+json, */*]
17:54:04.477 [qtp894662334-1785] DEBUG o.s.w.s.a.HttpWebHandlerAdapter - [74bcd1c] HTTP GET "/1/2/3"
17:54:04.478 [qtp894662334-1785] DEBUG o.s.c.c.CharSequenceEncoder - [74bcd1c] Writing "/{foo}/{bar}/{baz}"
17:54:04.478 [qtp894662334-1785] DEBUG o.s.c.c.CharSequenceEncoder - [74bcd1c] Writing "
"
17:54:04.478 [Test worker] DEBUG o.s.w.c.RestTemplate - Response 200 OK
17:54:04.479 [Test worker] DEBUG o.s.w.c.RestTemplate - Reading to [java.lang.String] as "text/plain;charset=utf-8"
17:54:04.479 [qtp894662334-1785] DEBUG o.s.c.c.CharSequenceEncoder - [74bcd1c] Writing "{foo=1, bar=2, baz=3}"
17:54:04.479 [qtp894662334-1785] DEBUG o.s.w.s.a.HttpWebHandlerAdapter - [74bcd1c] Completed 200 OK
17:54:04.479 [Test worker] DEBUG o.s.w.t.h.s.r.b.JettyHttpServer - Stopping JettyHttpServer...
17:54:04.479 [Test worker] INFO  o.e.j.s.h.ContextHandler - Stopped o.e.j.s.ServletContextHandler@7a90ea17{/,null,STOPPED}
17:54:04.480 [Test worker] INFO  o.e.j.s.AbstractConnector - Stopped ServerConnector@75c41d4b{HTTP/1.1, (http/1.1)}{0.0.0.0:0}
17:54:04.481 [Test worker] DEBUG o.s.w.t.h.s.r.b.JettyHttpServer - Server stopped (0 millis).
17:54:04.501 [Test worker] DEBUG o.s.w.s.a.HttpWebHandlerAdapter - enableLoggingRequestDetails='false': form data and headers will be masked to prevent unsafe logging of potentially sensitive data
17:54:04.501 [Test worker] DEBUG o.s.w.t.h.s.r.b.ReactorHttpServer - Starting ReactorHttpServer...
17:54:04.502 [Test worker] DEBUG o.s.w.t.h.s.r.b.ReactorHttpServer - Server started on port 54232(0 millis).
17:54:04.503 [Test worker] DEBUG o.s.w.c.RestTemplate - HTTP GET http://localhost:54232/1/2/3
17:54:04.503 [Test worker] DEBUG o.s.w.c.RestTemplate - Accept=[text/plain, application/json, application/x-jackson-smile, application/*+json, */*]
17:54:04.512 [reactor-http-nio-13] DEBUG o.s.w.s.a.HttpWebHandlerAdapter - [d8fe2b96-1, L:/127.0.0.1:54232 - R:/127.0.0.1:54233] HTTP GET "/1/2/3"
17:54:04.512 [reactor-http-nio-13] DEBUG o.s.c.c.CharSequenceEncoder - [d8fe2b96-1, L:/127.0.0.1:54232 - R:/127.0.0.1:54233] Writing "/{foo}/{bar}/{baz}"
17:54:04.513 [Test worker] DEBUG o.s.w.c.RestTemplate - Response 200 OK
17:54:04.514 [reactor-http-nio-13] DEBUG o.s.c.c.CharSequenceEncoder - [d8fe2b96-1, L:/127.0.0.1:54232 - R:/127.0.0.1:54233] Writing "
"
17:54:04.514 [reactor-http-nio-13] DEBUG o.s.c.c.CharSequenceEncoder - [d8fe2b96-1, L:/127.0.0.1:54232 - R:/127.0.0.1:54233] Writing "{foo=1, bar=2, baz=3}"
17:54:04.515 [Test worker] DEBUG o.s.w.c.RestTemplate - Reading to [java.lang.String] as "text/plain;charset=UTF-8"
17:54:04.515 [reactor-http-nio-13] DEBUG o.s.w.s.a.HttpWebHandlerAdapter - [d8fe2b96-1, L:/127.0.0.1:54232 - R:/127.0.0.1:54233] Completed 200 OK
17:54:04.516 [Test worker] DEBUG o.s.w.t.h.s.r.b.ReactorHttpServer - Stopping ReactorHttpServer...
17:54:04.516 [Test worker] DEBUG o.s.w.t.h.s.r.b.ReactorHttpServer - Server stopped (0 millis).
17:54:04.534 [Test worker] DEBUG o.s.w.s.a.HttpWebHandlerAdapter - enableLoggingRequestDetails='false': form data and headers will be masked to prevent unsafe logging of potentially sensitive data
17:54:04.534 [Test worker] DEBUG o.s.w.t.h.s.r.b.TomcatHttpServer - Starting TomcatHttpServer...
17:54:04.540 [Test worker] DEBUG o.s.w.t.h.s.r.b.TomcatHttpServer - Server started on port 54234(0 millis).
17:54:04.540 [Test worker] DEBUG o.s.w.c.RestTemplate - HTTP GET http://localhost:54234/1/2/3
17:54:04.540 [Test worker] DEBUG o.s.w.c.RestTemplate - Accept=[text/plain, application/json, application/x-jackson-smile, application/*+json, */*]
17:54:04.547 [http-nio-auto-36-exec-1] DEBUG o.s.w.s.a.HttpWebHandlerAdapter - [3812e92d] HTTP GET "/1/2/3"
17:54:04.548 [http-nio-auto-36-exec-1] DEBUG o.s.c.c.CharSequenceEncoder - [3812e92d] Writing "/{foo}/{bar}/{baz}"
17:54:04.548 [http-nio-auto-36-exec-1] DEBUG o.s.c.c.CharSequenceEncoder - [3812e92d] Writing "
"
17:54:04.548 [http-nio-auto-36-exec-1] DEBUG o.s.c.c.CharSequenceEncoder - [3812e92d] Writing "{foo=1, bar=2, baz=3}"
17:54:04.548 [http-nio-auto-36-exec-1] DEBUG o.s.w.s.a.HttpWebHandlerAdapter - [3812e92d] Completed 200 OK
17:54:04.549 [Test worker] DEBUG o.s.w.c.RestTemplate - Response 200 OK
17:54:04.549 [Test worker] DEBUG o.s.w.c.RestTemplate - Reading to [java.lang.String] as "text/plain;charset=UTF-8"
17:54:04.549 [Test worker] DEBUG o.s.w.t.h.s.r.b.TomcatHttpServer - Stopping TomcatHttpServer...
17:54:15.664 [Test worker] DEBUG o.s.w.t.h.s.r.b.TomcatHttpServer - Server stopped (0 millis).
17:54:15.683 [Test worker] DEBUG o.s.w.s.a.HttpWebHandlerAdapter - enableLoggingRequestDetails='false': form data and headers will be masked to prevent unsafe logging of potentially sensitive data
17:54:15.683 [Test worker] DEBUG o.s.w.t.h.s.r.b.UndertowHttpServer - Starting UndertowHttpServer...
17:54:15.683 [Test worker] INFO  i.undertow - starting server: Undertow - 2.2.7.Final
17:54:15.687 [Test worker] DEBUG o.s.w.t.h.s.r.b.UndertowHttpServer - Server started on port 54248(0 millis).
17:54:15.687 [Test worker] DEBUG o.s.w.c.RestTemplate - HTTP GET http://localhost:54248/1/2/3
17:54:15.687 [Test worker] DEBUG o.s.w.c.RestTemplate - Accept=[text/plain, application/json, application/x-jackson-smile, application/*+json, */*]
17:54:15.693 [XNIO-36 I/O-13] DEBUG o.s.w.s.a.HttpWebHandlerAdapter - [454d2ad8-39] HTTP GET "/1/2/3"
17:54:15.693 [XNIO-36 I/O-13] DEBUG o.s.c.c.CharSequenceEncoder - [454d2ad8-39] Writing "/{foo}/{bar}/{baz}"
17:54:15.694 [XNIO-36 I/O-13] DEBUG o.s.c.c.CharSequenceEncoder - [454d2ad8-39] Writing "
"
17:54:15.694 [Test worker] DEBUG o.s.w.c.RestTemplate - Response 200 OK
17:54:15.694 [XNIO-36 I/O-13] DEBUG o.s.c.c.CharSequenceEncoder - [454d2ad8-39] Writing "{foo=1, bar=2, baz=3}"
17:54:15.694 [Test worker] DEBUG o.s.w.c.RestTemplate - Reading to [java.lang.String] as "text/plain;charset=UTF-8"
17:54:15.694 [XNIO-36 I/O-13] DEBUG o.s.w.s.a.HttpWebHandlerAdapter - [454d2ad8-39] Completed 200 OK
17:54:15.694 [Test worker] DEBUG o.s.w.t.h.s.r.b.UndertowHttpServer - Stopping UndertowHttpServer...
17:54:15.694 [Test worker] INFO  i.undertow - stopping server: Undertow - 2.2.7.Final
17:54:15.695 [Test worker] DEBUG o.s.w.t.h.s.r.b.UndertowHttpServer - Server stopped (0 millis).
17:54:15.708 [Test worker] DEBUG o.s.w.s.a.HttpWebHandlerAdapter - enableLoggingRequestDetails='false': form data and headers will be masked to prevent unsafe logging of potentially sensitive data
17:54:15.709 [Test worker] WARN  o.e.j.s.h.ContextHandler - Empty contextPath
17:54:15.709 [Test worker] INFO  o.e.j.s.h.ContextHandler - Started o.e.j.s.ServletContextHandler@4f1db159{/,null,AVAILABLE}
17:54:15.709 [Test worker] DEBUG o.s.w.t.h.s.r.b.JettyHttpServer - Starting JettyHttpServer...
17:54:15.709 [Test worker] INFO  o.e.j.s.Server - jetty-9.4.39.v20210325; built: 2021-03-25T14:42:11.471Z; git: 9fc7ca5a922f2a37b84ec9dbc26a5168cee7e667; jvm 1.8.0_181-b13
17:54:15.710 [Test worker] INFO  o.e.j.s.AbstractConnector - Started ServerConnector@5641d7c8{HTTP/1.1, (http/1.1)}{0.0.0.0:54250}
17:54:15.710 [Test worker] INFO  o.e.j.s.Server - Started @422740ms
17:54:15.710 [Test worker] DEBUG o.s.w.t.h.s.r.b.JettyHttpServer - Server started on port 54250(0 millis).
17:54:15.710 [Test worker] DEBUG o.s.w.c.RestTemplate - HTTP GET http://localhost:54250/foo/bar
17:54:15.710 [Test worker] DEBUG o.s.w.c.RestTemplate - Accept=[text/plain, application/json, application/x-jackson-smile, application/*+json, */*]
17:54:15.715 [qtp1689146536-1830] DEBUG o.s.w.s.a.HttpWebHandlerAdapter - [3eb7e429] HTTP GET "/foo/bar"
17:54:15.716 [qtp1689146536-1830] DEBUG o.s.c.c.CharSequenceEncoder - [3eb7e429] Writing "/foo/bar"
17:54:15.716 [Test worker] DEBUG o.s.w.c.RestTemplate - Response 200 OK
17:54:15.716 [qtp1689146536-1830] DEBUG o.s.w.s.a.HttpWebHandlerAdapter - [3eb7e429] Completed 200 OK
17:54:15.716 [Test worker] DEBUG o.s.w.c.RestTemplate - Reading to [java.lang.String] as "text/plain;charset=utf-8"
17:54:15.716 [Test worker] DEBUG o.s.w.t.h.s.r.b.JettyHttpServer - Stopping JettyHttpServer...
17:54:15.716 [Test worker] INFO  o.e.j.s.h.ContextHandler - Stopped o.e.j.s.ServletContextHandler@4f1db159{/,null,STOPPED}
17:54:15.717 [Test worker] INFO  o.e.j.s.AbstractConnector - Stopped ServerConnector@5641d7c8{HTTP/1.1, (http/1.1)}{0.0.0.0:0}
17:54:15.717 [Test worker] DEBUG o.s.w.t.h.s.r.b.JettyHttpServer - Server stopped (0 millis).
17:54:15.730 [Test worker] DEBUG o.s.w.s.a.HttpWebHandlerAdapter - enableLoggingRequestDetails='false': form data and headers will be masked to prevent unsafe logging of potentially sensitive data
17:54:15.730 [Test worker] DEBUG o.s.w.t.h.s.r.b.ReactorHttpServer - Starting ReactorHttpServer...
17:54:15.730 [Test worker] DEBUG o.s.w.t.h.s.r.b.ReactorHttpServer - Server started on port 54252(0 millis).
17:54:15.730 [Test worker] DEBUG o.s.w.c.RestTemplate - HTTP GET http://localhost:54252/foo/bar
17:54:15.730 [Test worker] DEBUG o.s.w.c.RestTemplate - Accept=[text/plain, application/json, application/x-jackson-smile, application/*+json, */*]
17:54:15.736 [reactor-http-nio-15] DEBUG o.s.w.s.a.HttpWebHandlerAdapter - [a62a1c43-1, L:/127.0.0.1:54252 - R:/127.0.0.1:54253] HTTP GET "/foo/bar"
17:54:15.736 [reactor-http-nio-15] DEBUG o.s.c.c.CharSequenceEncoder - [a62a1c43-1, L:/127.0.0.1:54252 - R:/127.0.0.1:54253] Writing "/foo/bar"
17:54:15.737 [reactor-http-nio-15] DEBUG o.s.w.s.a.HttpWebHandlerAdapter - [a62a1c43-1, L:/127.0.0.1:54252 - R:/127.0.0.1:54253] Completed 200 OK
17:54:15.737 [Test worker] DEBUG o.s.w.c.RestTemplate - Response 200 OK
17:54:15.737 [Test worker] DEBUG o.s.w.c.RestTemplate - Reading to [java.lang.String] as "text/plain;charset=UTF-8"
17:54:15.737 [Test worker] DEBUG o.s.w.t.h.s.r.b.ReactorHttpServer - Stopping ReactorHttpServer...
17:54:15.737 [Test worker] DEBUG o.s.w.t.h.s.r.b.ReactorHttpServer - Server stopped (0 millis).
17:54:15.749 [Test worker] DEBUG o.s.w.s.a.HttpWebHandlerAdapter - enableLoggingRequestDetails='false': form data and headers will be masked to prevent unsafe logging of potentially sensitive data
17:54:15.749 [Test worker] DEBUG o.s.w.t.h.s.r.b.TomcatHttpServer - Starting TomcatHttpServer...
17:54:15.754 [Test worker] DEBUG o.s.w.t.h.s.r.b.TomcatHttpServer - Server started on port 54254(0 millis).
17:54:15.754 [Test worker] DEBUG o.s.w.c.RestTemplate - HTTP GET http://localhost:54254/foo/bar
17:54:15.754 [Test worker] DEBUG o.s.w.c.RestTemplate - Accept=[text/plain, application/json, application/x-jackson-smile, application/*+json, */*]
17:54:15.760 [http-nio-auto-37-exec-1] DEBUG o.s.w.s.a.HttpWebHandlerAdapter - [66c2f64c] HTTP GET "/foo/bar"
17:54:15.760 [http-nio-auto-37-exec-1] DEBUG o.s.c.c.CharSequenceEncoder - [66c2f64c] Writing "/foo/bar"
17:54:15.761 [http-nio-auto-37-exec-1] DEBUG o.s.w.s.a.HttpWebHandlerAdapter - [66c2f64c] Completed 200 OK
17:54:15.761 [Test worker] DEBUG o.s.w.c.RestTemplate - Response 200 OK
17:54:15.761 [Test worker] DEBUG o.s.w.c.RestTemplate - Reading to [java.lang.String] as "text/plain;charset=UTF-8"
17:54:15.761 [Test worker] DEBUG o.s.w.t.h.s.r.b.TomcatHttpServer - Stopping TomcatHttpServer...
17:54:26.971 [Test worker] DEBUG o.s.w.t.h.s.r.b.TomcatHttpServer - Server stopped (0 millis).
17:54:26.991 [Test worker] DEBUG o.s.w.s.a.HttpWebHandlerAdapter - enableLoggingRequestDetails='false': form data and headers will be masked to prevent unsafe logging of potentially sensitive data
17:54:26.991 [Test worker] DEBUG o.s.w.t.h.s.r.b.UndertowHttpServer - Starting UndertowHttpServer...
17:54:26.991 [Test worker] INFO  i.undertow - starting server: Undertow - 2.2.7.Final
17:54:26.994 [Test worker] DEBUG o.s.w.t.h.s.r.b.UndertowHttpServer - Server started on port 54268(0 millis).
17:54:26.994 [Test worker] DEBUG o.s.w.c.RestTemplate - HTTP GET http://localhost:54268/foo/bar
17:54:26.994 [Test worker] DEBUG o.s.w.c.RestTemplate - Accept=[text/plain, application/json, application/x-jackson-smile, application/*+json, */*]
17:54:27.000 [XNIO-37 I/O-9] DEBUG o.s.w.s.a.HttpWebHandlerAdapter - [6add172b-40] HTTP GET "/foo/bar"
17:54:27.001 [XNIO-37 I/O-9] DEBUG o.s.c.c.CharSequenceEncoder - [6add172b-40] Writing "/foo/bar"
17:54:27.001 [XNIO-37 I/O-9] DEBUG o.s.w.s.a.HttpWebHandlerAdapter - [6add172b-40] Completed 200 OK
17:54:27.001 [Test worker] DEBUG o.s.w.c.RestTemplate - Response 200 OK
17:54:27.002 [Test worker] DEBUG o.s.w.c.RestTemplate - Reading to [java.lang.String] as "text/plain;charset=UTF-8"
17:54:27.002 [Test worker] DEBUG o.s.w.t.h.s.r.b.UndertowHttpServer - Stopping UndertowHttpServer...
17:54:27.002 [Test worker] INFO  i.undertow - stopping server: Undertow - 2.2.7.Final
17:54:27.002 [Test worker] DEBUG o.s.w.t.h.s.r.b.UndertowHttpServer - Server stopped (0 millis).
17:54:27.017 [Test worker] DEBUG o.s.w.s.a.HttpWebHandlerAdapter - enableLoggingRequestDetails='false': form data and headers will be masked to prevent unsafe logging of potentially sensitive data
17:54:27.017 [Test worker] WARN  o.e.j.s.h.ContextHandler - Empty contextPath
17:54:27.018 [Test worker] INFO  o.e.j.s.h.ContextHandler - Started o.e.j.s.ServletContextHandler@630ee3d6{/,null,AVAILABLE}
17:54:27.018 [Test worker] DEBUG o.s.w.t.h.s.r.b.JettyHttpServer - Starting JettyHttpServer...
17:54:27.018 [Test worker] INFO  o.e.j.s.Server - jetty-9.4.39.v20210325; built: 2021-03-25T14:42:11.471Z; git: 9fc7ca5a922f2a37b84ec9dbc26a5168cee7e667; jvm 1.8.0_181-b13
17:54:27.019 [Test worker] INFO  o.e.j.s.AbstractConnector - Started ServerConnector@30218167{HTTP/1.1, (http/1.1)}{0.0.0.0:54270}
17:54:27.019 [Test worker] INFO  o.e.j.s.Server - Started @434048ms
17:54:27.019 [Test worker] DEBUG o.s.w.t.h.s.r.b.JettyHttpServer - Server started on port 54270(0 millis).
17:54:27.019 [Test worker] DEBUG o.s.w.c.RestTemplate - HTTP GET http://localhost:54270/foo/baz
17:54:27.019 [Test worker] DEBUG o.s.w.c.RestTemplate - Accept=[text/plain, application/json, application/x-jackson-smile, application/*+json, */*]
17:54:27.025 [qtp653379993-1875] DEBUG o.s.w.s.a.HttpWebHandlerAdapter - [224acced] HTTP GET "/foo/baz"
17:54:27.025 [qtp653379993-1875] DEBUG o.s.c.c.CharSequenceEncoder - [224acced] Writing "/foo/baz"
17:54:27.026 [Test worker] DEBUG o.s.w.c.RestTemplate - Response 200 OK
17:54:27.026 [qtp653379993-1875] DEBUG o.s.w.s.a.HttpWebHandlerAdapter - [224acced] Completed 200 OK
17:54:27.026 [Test worker] DEBUG o.s.w.c.RestTemplate - Reading to [java.lang.String] as "text/plain;charset=utf-8"
17:54:27.026 [Test worker] DEBUG o.s.w.t.h.s.r.b.JettyHttpServer - Stopping JettyHttpServer...
17:54:27.026 [Test worker] INFO  o.e.j.s.h.ContextHandler - Stopped o.e.j.s.ServletContextHandler@630ee3d6{/,null,STOPPED}
17:54:27.026 [Test worker] INFO  o.e.j.s.AbstractConnector - Stopped ServerConnector@30218167{HTTP/1.1, (http/1.1)}{0.0.0.0:0}
17:54:27.027 [Test worker] DEBUG o.s.w.t.h.s.r.b.JettyHttpServer - Server stopped (0 millis).
17:54:27.039 [Test worker] DEBUG o.s.w.s.a.HttpWebHandlerAdapter - enableLoggingRequestDetails='false': form data and headers will be masked to prevent unsafe logging of potentially sensitive data
17:54:27.039 [Test worker] DEBUG o.s.w.t.h.s.r.b.ReactorHttpServer - Starting ReactorHttpServer...
17:54:27.040 [Test worker] DEBUG o.s.w.t.h.s.r.b.ReactorHttpServer - Server started on port 54272(0 millis).
17:54:27.040 [Test worker] DEBUG o.s.w.c.RestTemplate - HTTP GET http://localhost:54272/foo/baz
17:54:27.040 [Test worker] DEBUG o.s.w.c.RestTemplate - Accept=[text/plain, application/json, application/x-jackson-smile, application/*+json, */*]
17:54:27.046 [reactor-http-nio-1] DEBUG o.s.w.s.a.HttpWebHandlerAdapter - [a31cf4de-1, L:/127.0.0.1:54272 - R:/127.0.0.1:54273] HTTP GET "/foo/baz"
17:54:27.047 [reactor-http-nio-1] DEBUG o.s.c.c.CharSequenceEncoder - [a31cf4de-1, L:/127.0.0.1:54272 - R:/127.0.0.1:54273] Writing "/foo/baz"
17:54:27.047 [reactor-http-nio-1] DEBUG o.s.w.s.a.HttpWebHandlerAdapter - [a31cf4de-1, L:/127.0.0.1:54272 - R:/127.0.0.1:54273] Completed 200 OK
17:54:27.047 [Test worker] DEBUG o.s.w.c.RestTemplate - Response 200 OK
17:54:27.047 [Test worker] DEBUG o.s.w.c.RestTemplate - Reading to [java.lang.String] as "text/plain;charset=UTF-8"
17:54:27.048 [Test worker] DEBUG o.s.w.t.h.s.r.b.ReactorHttpServer - Stopping ReactorHttpServer...
17:54:27.048 [Test worker] DEBUG o.s.w.t.h.s.r.b.ReactorHttpServer - Server stopped (0 millis).
17:54:27.060 [Test worker] DEBUG o.s.w.s.a.HttpWebHandlerAdapter - enableLoggingRequestDetails='false': form data and headers will be masked to prevent unsafe logging of potentially sensitive data
17:54:27.060 [Test worker] DEBUG o.s.w.t.h.s.r.b.TomcatHttpServer - Starting TomcatHttpServer...
17:54:27.064 [Test worker] DEBUG o.s.w.t.h.s.r.b.TomcatHttpServer - Server started on port 54274(0 millis).
17:54:27.064 [Test worker] DEBUG o.s.w.c.RestTemplate - HTTP GET http://localhost:54274/foo/baz
17:54:27.064 [Test worker] DEBUG o.s.w.c.RestTemplate - Accept=[text/plain, application/json, application/x-jackson-smile, application/*+json, */*]
17:54:27.070 [http-nio-auto-38-exec-1] DEBUG o.s.w.s.a.HttpWebHandlerAdapter - [db2f74b] HTTP GET "/foo/baz"
17:54:27.070 [http-nio-auto-38-exec-1] DEBUG o.s.c.c.CharSequenceEncoder - [db2f74b] Writing "/foo/baz"
17:54:27.070 [http-nio-auto-38-exec-1] DEBUG o.s.w.s.a.HttpWebHandlerAdapter - [db2f74b] Completed 200 OK
17:54:27.070 [Test worker] DEBUG o.s.w.c.RestTemplate - Response 200 OK
17:54:27.071 [Test worker] DEBUG o.s.w.c.RestTemplate - Reading to [java.lang.String] as "text/plain;charset=UTF-8"
17:54:27.071 [Test worker] DEBUG o.s.w.t.h.s.r.b.TomcatHttpServer - Stopping TomcatHttpServer...
17:54:38.238 [Test worker] DEBUG o.s.w.t.h.s.r.b.TomcatHttpServer - Server stopped (0 millis).
17:54:38.249 [Test worker] DEBUG o.s.w.s.a.HttpWebHandlerAdapter - enableLoggingRequestDetails='false': form data and headers will be masked to prevent unsafe logging of potentially sensitive data
17:54:38.249 [Test worker] DEBUG o.s.w.t.h.s.r.b.UndertowHttpServer - Starting UndertowHttpServer...
17:54:38.249 [Test worker] INFO  i.undertow - starting server: Undertow - 2.2.7.Final
17:54:38.253 [Test worker] DEBUG o.s.w.t.h.s.r.b.UndertowHttpServer - Server started on port 54297(0 millis).
17:54:38.253 [Test worker] DEBUG o.s.w.c.RestTemplate - HTTP GET http://localhost:54297/foo/baz
17:54:38.253 [Test worker] DEBUG o.s.w.c.RestTemplate - Accept=[text/plain, application/json, application/x-jackson-smile, application/*+json, */*]
17:54:38.257 [XNIO-38 I/O-8] DEBUG o.s.w.s.a.HttpWebHandlerAdapter - [56043384-41] HTTP GET "/foo/baz"
17:54:38.258 [XNIO-38 I/O-8] DEBUG o.s.c.c.CharSequenceEncoder - [56043384-41] Writing "/foo/baz"
17:54:38.258 [XNIO-38 I/O-8] DEBUG o.s.w.s.a.HttpWebHandlerAdapter - [56043384-41] Completed 200 OK
17:54:38.258 [Test worker] DEBUG o.s.w.c.RestTemplate - Response 200 OK
17:54:38.259 [Test worker] DEBUG o.s.w.c.RestTemplate - Reading to [java.lang.String] as "text/plain;charset=UTF-8"
17:54:38.259 [Test worker] DEBUG o.s.w.t.h.s.r.b.UndertowHttpServer - Stopping UndertowHttpServer...
17:54:38.259 [Test worker] INFO  i.undertow - stopping server: Undertow - 2.2.7.Final
17:54:38.260 [Test worker] DEBUG o.s.w.t.h.s.r.b.UndertowHttpServer - Server stopped (0 millis).
17:54:38.275 [Test worker] DEBUG o.s.w.s.a.HttpWebHandlerAdapter - enableLoggingRequestDetails='false': form data and headers will be masked to prevent unsafe logging of potentially sensitive data
17:54:38.275 [Test worker] WARN  o.e.j.s.h.ContextHandler - Empty contextPath
17:54:38.276 [Test worker] INFO  o.e.j.s.h.ContextHandler - Started o.e.j.s.ServletContextHandler@59eb9999{/,null,AVAILABLE}
17:54:38.276 [Test worker] DEBUG o.s.w.t.h.s.r.b.JettyHttpServer - Starting JettyHttpServer...
17:54:38.276 [Test worker] INFO  o.e.j.s.Server - jetty-9.4.39.v20210325; built: 2021-03-25T14:42:11.471Z; git: 9fc7ca5a922f2a37b84ec9dbc26a5168cee7e667; jvm 1.8.0_181-b13
17:54:38.277 [Test worker] INFO  o.e.j.s.AbstractConnector - Started ServerConnector@25c8f5e1{HTTP/1.1, (http/1.1)}{0.0.0.0:54299}
17:54:38.277 [Test worker] INFO  o.e.j.s.Server - Started @445306ms
17:54:38.277 [Test worker] DEBUG o.s.w.t.h.s.r.b.JettyHttpServer - Server started on port 54299(0 millis).
17:54:38.277 [Test worker] DEBUG o.s.w.c.RestTemplate - HTTP GET http://localhost:54299/1/bar
17:54:38.277 [Test worker] DEBUG o.s.w.c.RestTemplate - Accept=[text/plain, application/json, application/x-jackson-smile, application/*+json, */*]
17:54:38.282 [qtp1836316773-1920] DEBUG o.s.w.s.a.HttpWebHandlerAdapter - [17307cce] HTTP GET "/1/bar"
17:54:38.283 [qtp1836316773-1920] DEBUG o.s.c.c.CharSequenceEncoder - [17307cce] Writing "/{foo}/bar"
17:54:38.283 [qtp1836316773-1920] DEBUG o.s.c.c.CharSequenceEncoder - [17307cce] Writing "
"
17:54:38.283 [Test worker] DEBUG o.s.w.c.RestTemplate - Response 200 OK
17:54:38.283 [qtp1836316773-1920] DEBUG o.s.c.c.CharSequenceEncoder - [17307cce] Writing "{foo=1}"
17:54:38.283 [Test worker] DEBUG o.s.w.c.RestTemplate - Reading to [java.lang.String] as "text/plain;charset=utf-8"
17:54:38.283 [qtp1836316773-1920] DEBUG o.s.w.s.a.HttpWebHandlerAdapter - [17307cce] Completed 200 OK
17:54:38.283 [Test worker] DEBUG o.s.w.t.h.s.r.b.JettyHttpServer - Stopping JettyHttpServer...
17:54:38.284 [Test worker] INFO  o.e.j.s.h.ContextHandler - Stopped o.e.j.s.ServletContextHandler@59eb9999{/,null,STOPPED}
17:54:38.284 [Test worker] INFO  o.e.j.s.AbstractConnector - Stopped ServerConnector@25c8f5e1{HTTP/1.1, (http/1.1)}{0.0.0.0:0}
17:54:38.284 [Test worker] DEBUG o.s.w.t.h.s.r.b.JettyHttpServer - Server stopped (0 millis).
17:54:38.297 [Test worker] DEBUG o.s.w.s.a.HttpWebHandlerAdapter - enableLoggingRequestDetails='false': form data and headers will be masked to prevent unsafe logging of potentially sensitive data
17:54:38.297 [Test worker] DEBUG o.s.w.t.h.s.r.b.ReactorHttpServer - Starting ReactorHttpServer...
17:54:38.298 [Test worker] DEBUG o.s.w.t.h.s.r.b.ReactorHttpServer - Server started on port 54301(0 millis).
17:54:38.298 [Test worker] DEBUG o.s.w.c.RestTemplate - HTTP GET http://localhost:54301/1/bar
17:54:38.298 [Test worker] DEBUG o.s.w.c.RestTemplate - Accept=[text/plain, application/json, application/x-jackson-smile, application/*+json, */*]
17:54:38.303 [reactor-http-nio-3] DEBUG o.s.w.s.a.HttpWebHandlerAdapter - [95d7a8e5-1, L:/127.0.0.1:54301 - R:/127.0.0.1:54302] HTTP GET "/1/bar"
17:54:38.304 [reactor-http-nio-3] DEBUG o.s.c.c.CharSequenceEncoder - [95d7a8e5-1, L:/127.0.0.1:54301 - R:/127.0.0.1:54302] Writing "/{foo}/bar"
17:54:38.304 [Test worker] DEBUG o.s.w.c.RestTemplate - Response 200 OK
17:54:38.304 [reactor-http-nio-3] DEBUG o.s.c.c.CharSequenceEncoder - [95d7a8e5-1, L:/127.0.0.1:54301 - R:/127.0.0.1:54302] Writing "
"
17:54:38.304 [reactor-http-nio-3] DEBUG o.s.c.c.CharSequenceEncoder - [95d7a8e5-1, L:/127.0.0.1:54301 - R:/127.0.0.1:54302] Writing "{foo=1}"
17:54:38.305 [Test worker] DEBUG o.s.w.c.RestTemplate - Reading to [java.lang.String] as "text/plain;charset=UTF-8"
17:54:38.305 [reactor-http-nio-3] DEBUG o.s.w.s.a.HttpWebHandlerAdapter - [95d7a8e5-1, L:/127.0.0.1:54301 - R:/127.0.0.1:54302] Completed 200 OK
17:54:38.305 [Test worker] DEBUG o.s.w.t.h.s.r.b.ReactorHttpServer - Stopping ReactorHttpServer...
17:54:38.305 [Test worker] DEBUG o.s.w.t.h.s.r.b.ReactorHttpServer - Server stopped (0 millis).
17:54:38.317 [Test worker] DEBUG o.s.w.s.a.HttpWebHandlerAdapter - enableLoggingRequestDetails='false': form data and headers will be masked to prevent unsafe logging of potentially sensitive data
17:54:38.318 [Test worker] DEBUG o.s.w.t.h.s.r.b.TomcatHttpServer - Starting TomcatHttpServer...
17:54:38.321 [Test worker] DEBUG o.s.w.t.h.s.r.b.TomcatHttpServer - Server started on port 54303(0 millis).
17:54:38.321 [Test worker] DEBUG o.s.w.c.RestTemplate - HTTP GET http://localhost:54303/1/bar
17:54:38.322 [Test worker] DEBUG o.s.w.c.RestTemplate - Accept=[text/plain, application/json, application/x-jackson-smile, application/*+json, */*]
17:54:38.327 [http-nio-auto-39-exec-1] DEBUG o.s.w.s.a.HttpWebHandlerAdapter - [1dd634e7] HTTP GET "/1/bar"
17:54:38.328 [http-nio-auto-39-exec-1] DEBUG o.s.c.c.CharSequenceEncoder - [1dd634e7] Writing "/{foo}/bar"
17:54:38.328 [http-nio-auto-39-exec-1] DEBUG o.s.c.c.CharSequenceEncoder - [1dd634e7] Writing "
"
17:54:38.328 [http-nio-auto-39-exec-1] DEBUG o.s.c.c.CharSequenceEncoder - [1dd634e7] Writing "{foo=1}"
17:54:38.328 [http-nio-auto-39-exec-1] DEBUG o.s.w.s.a.HttpWebHandlerAdapter - [1dd634e7] Completed 200 OK
17:54:38.328 [Test worker] DEBUG o.s.w.c.RestTemplate - Response 200 OK
17:54:38.329 [Test worker] DEBUG o.s.w.c.RestTemplate - Reading to [java.lang.String] as "text/plain;charset=UTF-8"
17:54:38.329 [Test worker] DEBUG o.s.w.t.h.s.r.b.TomcatHttpServer - Stopping TomcatHttpServer...
17:54:49.505 [Test worker] DEBUG o.s.w.t.h.s.r.b.TomcatHttpServer - Server stopped (0 millis).
17:54:49.521 [Test worker] DEBUG o.s.w.s.a.HttpWebHandlerAdapter - enableLoggingRequestDetails='false': form data and headers will be masked to prevent unsafe logging of potentially sensitive data
17:54:49.521 [Test worker] DEBUG o.s.w.t.h.s.r.b.UndertowHttpServer - Starting UndertowHttpServer...
17:54:49.521 [Test worker] INFO  i.undertow - starting server: Undertow - 2.2.7.Final
17:54:49.524 [Test worker] DEBUG o.s.w.t.h.s.r.b.UndertowHttpServer - Server started on port 54319(0 millis).
17:54:49.525 [Test worker] DEBUG o.s.w.c.RestTemplate - HTTP GET http://localhost:54319/1/bar
17:54:49.525 [Test worker] DEBUG o.s.w.c.RestTemplate - Accept=[text/plain, application/json, application/x-jackson-smile, application/*+json, */*]
17:54:49.530 [XNIO-39 I/O-16] DEBUG o.s.w.s.a.HttpWebHandlerAdapter - [77660401-42] HTTP GET "/1/bar"
17:54:49.531 [XNIO-39 I/O-16] DEBUG o.s.c.c.CharSequenceEncoder - [77660401-42] Writing "/{foo}/bar"
17:54:49.531 [XNIO-39 I/O-16] DEBUG o.s.c.c.CharSequenceEncoder - [77660401-42] Writing "
"
17:54:49.531 [XNIO-39 I/O-16] DEBUG o.s.c.c.CharSequenceEncoder - [77660401-42] Writing "{foo=1}"
17:54:49.531 [Test worker] DEBUG o.s.w.c.RestTemplate - Response 200 OK
17:54:49.531 [XNIO-39 I/O-16] DEBUG o.s.w.s.a.HttpWebHandlerAdapter - [77660401-42] Completed 200 OK
17:54:49.531 [Test worker] DEBUG o.s.w.c.RestTemplate - Reading to [java.lang.String] as "text/plain;charset=UTF-8"
17:54:49.532 [Test worker] DEBUG o.s.w.t.h.s.r.b.UndertowHttpServer - Stopping UndertowHttpServer...
17:54:49.532 [Test worker] INFO  i.undertow - stopping server: Undertow - 2.2.7.Final
17:54:49.533 [Test worker] DEBUG o.s.w.t.h.s.r.b.UndertowHttpServer - Server stopped (0 millis).
]]></system-out>
  <system-err><![CDATA[]]></system-err>
</testsuite>
