<?xml version="1.0" encoding="UTF-8"?>
<testsuite name="org.springframework.web.reactive.result.method.annotation.RequestMappingIntegrationTests" tests="12" skipped="0" failures="0" errors="0" timestamp="2021-05-01T09:49:18" hostname="wangweilideMBP.lan" time="34.858">
  <properties/>
  <testcase name="[1] org.springframework.web.testfixture.http.server.reactive.bootstrap.JettyHttpServer@1dd53dd5" classname="org.springframework.web.reactive.result.method.annotation.RequestMappingIntegrationTests" time="0.037"/>
  <testcase name="[2] org.springframework.web.testfixture.http.server.reactive.bootstrap.ReactorHttpServer@5b3ea980" classname="org.springframework.web.reactive.result.method.annotation.RequestMappingIntegrationTests" time="0.026"/>
  <testcase name="[3] org.springframework.web.testfixture.http.server.reactive.bootstrap.TomcatHttpServer@7121d0cf" classname="org.springframework.web.reactive.result.method.annotation.RequestMappingIntegrationTests" time="11.158"/>
  <testcase name="[4] org.springframework.web.testfixture.http.server.reactive.bootstrap.UndertowHttpServer@4359c694" classname="org.springframework.web.reactive.result.method.annotation.RequestMappingIntegrationTests" time="0.056"/>
  <testcase name="[1] org.springframework.web.testfixture.http.server.reactive.bootstrap.JettyHttpServer@b79de2a" classname="org.springframework.web.reactive.result.method.annotation.RequestMappingIntegrationTests" time="0.297"/>
  <testcase name="[2] org.springframework.web.testfixture.http.server.reactive.bootstrap.ReactorHttpServer@14d627bc" classname="org.springframework.web.reactive.result.method.annotation.RequestMappingIntegrationTests" time="0.283"/>
  <testcase name="[3] org.springframework.web.testfixture.http.server.reactive.bootstrap.TomcatHttpServer@53529eac" classname="org.springframework.web.reactive.result.method.annotation.RequestMappingIntegrationTests" time="11.402"/>
  <testcase name="[4] org.springframework.web.testfixture.http.server.reactive.bootstrap.UndertowHttpServer@3dc33369" classname="org.springframework.web.reactive.result.method.annotation.RequestMappingIntegrationTests" time="0.283"/>
  <testcase name="[1] org.springframework.web.testfixture.http.server.reactive.bootstrap.JettyHttpServer@6d5b31e0" classname="org.springframework.web.reactive.result.method.annotation.RequestMappingIntegrationTests" time="0.032"/>
  <testcase name="[2] org.springframework.web.testfixture.http.server.reactive.bootstrap.ReactorHttpServer@56332b4b" classname="org.springframework.web.reactive.result.method.annotation.RequestMappingIntegrationTests" time="0.026"/>
  <testcase name="[3] org.springframework.web.testfixture.http.server.reactive.bootstrap.TomcatHttpServer@dab14b8" classname="org.springframework.web.reactive.result.method.annotation.RequestMappingIntegrationTests" time="11.148"/>
  <testcase name="[4] org.springframework.web.testfixture.http.server.reactive.bootstrap.UndertowHttpServer@743fd4af" classname="org.springframework.web.reactive.result.method.annotation.RequestMappingIntegrationTests" time="0.033"/>
  <system-out><![CDATA[17:49:18.814 [Test worker] DEBUG o.s.w.r.r.m.a.RequestMappingHandlerMapping - 4 mappings in 'requestMappingHandlerMapping'
17:49:18.824 [Test worker] DEBUG o.s.w.r.r.m.a.ControllerMethodResolver - ControllerAdvice beans: none
17:49:18.828 [Test worker] DEBUG o.s.w.s.a.HttpWebHandlerAdapter - enableLoggingRequestDetails='false': form data and headers will be masked to prevent unsafe logging of potentially sensitive data
17:49:18.828 [Test worker] WARN  o.e.j.s.h.ContextHandler - Empty contextPath
17:49:18.828 [Test worker] INFO  o.e.j.s.h.ContextHandler - Started o.e.j.s.ServletContextHandler@72e89b1a{/,null,AVAILABLE}
17:49:18.828 [Test worker] DEBUG o.s.w.t.h.s.r.b.JettyHttpServer - Starting JettyHttpServer...
17:49:18.829 [Test worker] INFO  o.e.j.s.Server - jetty-9.4.39.v20210325; built: 2021-03-25T14:42:11.471Z; git: 9fc7ca5a922f2a37b84ec9dbc26a5168cee7e667; jvm 1.8.0_181-b13
17:49:18.830 [Test worker] INFO  o.e.j.s.AbstractConnector - Started ServerConnector@7b57c34b{HTTP/1.1, (http/1.1)}{0.0.0.0:52814}
17:49:18.830 [Test worker] INFO  o.e.j.s.Server - Started @125865ms
17:49:18.830 [Test worker] DEBUG o.s.w.t.h.s.r.b.JettyHttpServer - Server started on port 52814(0 millis).
17:49:18.830 [Test worker] DEBUG o.s.w.c.RestTemplate - HTTP GET http://localhost:52814/uri
17:49:18.830 [Test worker] DEBUG o.s.w.c.RestTemplate - Accept=[text/plain, application/json, application/x-jackson-smile, application/*+json, */*]
17:49:18.833 [qtp426439023-508] DEBUG o.s.w.s.a.HttpWebHandlerAdapter - [6ad0d961] HTTP GET "/uri"
17:49:18.834 [qtp426439023-508] DEBUG o.s.w.r.r.m.a.RequestMappingHandlerMapping - [6ad0d961] Mapped to org.springframework.web.reactive.result.method.annotation.RequestMappingIntegrationTests$TestRestController#uri(ServerHttpRequest)
17:49:18.835 [qtp426439023-508] DEBUG o.s.w.r.r.m.a.ResponseBodyResultHandler - [6ad0d961] Using 'text/plain;charset=UTF-8' given [text/plain, application/json, application/x-jackson-smile, application/*+json, */*] and supported [text/plain;charset=UTF-8, text/event-stream, text/plain;charset=UTF-8, */*]
17:49:18.835 [qtp426439023-508] DEBUG o.s.w.r.r.m.a.ResponseBodyResultHandler - [6ad0d961] 0..1 [java.lang.String]
17:49:18.835 [qtp426439023-508] DEBUG o.s.c.c.CharSequenceEncoder - [6ad0d961] Writing "https://84.198.58.199/uri"
17:49:18.836 [Test worker] DEBUG o.s.w.c.RestTemplate - Response 200 OK
17:49:18.836 [qtp426439023-508] DEBUG o.s.w.s.a.HttpWebHandlerAdapter - [6ad0d961] Completed 200 OK
17:49:18.836 [Test worker] DEBUG o.s.w.c.RestTemplate - Reading to [java.lang.String] as "text/plain;charset=utf-8"
17:49:18.836 [Test worker] DEBUG o.s.w.t.h.s.r.b.JettyHttpServer - Stopping JettyHttpServer...
17:49:18.836 [Test worker] INFO  o.e.j.s.h.ContextHandler - Stopped o.e.j.s.ServletContextHandler@72e89b1a{/,null,STOPPED}
17:49:18.837 [Test worker] INFO  o.e.j.s.AbstractConnector - Stopped ServerConnector@7b57c34b{HTTP/1.1, (http/1.1)}{0.0.0.0:0}
17:49:18.837 [Test worker] DEBUG o.s.w.t.h.s.r.b.JettyHttpServer - Server stopped (0 millis).
17:49:18.858 [Test worker] DEBUG o.s.w.r.r.m.a.RequestMappingHandlerMapping - 4 mappings in 'requestMappingHandlerMapping'
17:49:18.868 [Test worker] DEBUG o.s.w.r.r.m.a.ControllerMethodResolver - ControllerAdvice beans: none
17:49:18.869 [Test worker] DEBUG o.s.w.s.a.HttpWebHandlerAdapter - enableLoggingRequestDetails='false': form data and headers will be masked to prevent unsafe logging of potentially sensitive data
17:49:18.869 [Test worker] DEBUG o.s.w.t.h.s.r.b.ReactorHttpServer - Starting ReactorHttpServer...
17:49:18.870 [Test worker] DEBUG o.s.w.t.h.s.r.b.ReactorHttpServer - Server started on port 52816(0 millis).
17:49:18.870 [Test worker] DEBUG o.s.w.c.RestTemplate - HTTP GET http://localhost:52816/uri
17:49:18.870 [Test worker] DEBUG o.s.w.c.RestTemplate - Accept=[text/plain, application/json, application/x-jackson-smile, application/*+json, */*]
17:49:18.872 [reactor-http-nio-11] DEBUG o.s.w.s.a.HttpWebHandlerAdapter - [918eec33-1, L:/127.0.0.1:52816 - R:/127.0.0.1:52817] HTTP GET "/uri"
17:49:18.872 [reactor-http-nio-11] DEBUG o.s.w.r.r.m.a.RequestMappingHandlerMapping - [918eec33-1, L:/127.0.0.1:52816 - R:/127.0.0.1:52817] Mapped to org.springframework.web.reactive.result.method.annotation.RequestMappingIntegrationTests$TestRestController#uri(ServerHttpRequest)
17:49:18.872 [reactor-http-nio-11] DEBUG o.s.w.r.r.m.a.ResponseBodyResultHandler - [918eec33-1, L:/127.0.0.1:52816 - R:/127.0.0.1:52817] Using 'text/plain;charset=UTF-8' given [text/plain, application/json, application/x-jackson-smile, application/*+json, */*] and supported [text/plain;charset=UTF-8, text/event-stream, text/plain;charset=UTF-8, */*]
17:49:18.872 [reactor-http-nio-11] DEBUG o.s.w.r.r.m.a.ResponseBodyResultHandler - [918eec33-1, L:/127.0.0.1:52816 - R:/127.0.0.1:52817] 0..1 [java.lang.String]
17:49:18.872 [reactor-http-nio-11] DEBUG o.s.c.c.CharSequenceEncoder - [918eec33-1, L:/127.0.0.1:52816 - R:/127.0.0.1:52817] Writing "https://84.198.58.199/uri"
17:49:18.873 [Test worker] DEBUG o.s.w.c.RestTemplate - Response 200 OK
17:49:18.873 [reactor-http-nio-11] DEBUG o.s.w.s.a.HttpWebHandlerAdapter - [918eec33-1, L:/127.0.0.1:52816 - R:/127.0.0.1:52817] Completed 200 OK
17:49:18.873 [Test worker] DEBUG o.s.w.c.RestTemplate - Reading to [java.lang.String] as "text/plain;charset=UTF-8"
17:49:18.873 [Test worker] DEBUG o.s.w.t.h.s.r.b.ReactorHttpServer - Stopping ReactorHttpServer...
17:49:18.873 [Test worker] DEBUG o.s.w.t.h.s.r.b.ReactorHttpServer - Server stopped (0 millis).
17:49:18.889 [Test worker] DEBUG o.s.w.r.r.m.a.RequestMappingHandlerMapping - 4 mappings in 'requestMappingHandlerMapping'
17:49:18.899 [Test worker] DEBUG o.s.w.r.r.m.a.ControllerMethodResolver - ControllerAdvice beans: none
17:49:18.900 [Test worker] DEBUG o.s.w.s.a.HttpWebHandlerAdapter - enableLoggingRequestDetails='false': form data and headers will be masked to prevent unsafe logging of potentially sensitive data
17:49:18.901 [Test worker] DEBUG o.s.w.t.h.s.r.b.TomcatHttpServer - Starting TomcatHttpServer...
17:49:18.905 [Test worker] DEBUG o.s.w.t.h.s.r.b.TomcatHttpServer - Server started on port 52818(0 millis).
17:49:18.905 [Test worker] DEBUG o.s.w.c.RestTemplate - HTTP GET http://localhost:52818/uri
17:49:18.905 [Test worker] DEBUG o.s.w.c.RestTemplate - Accept=[text/plain, application/json, application/x-jackson-smile, application/*+json, */*]
17:49:18.908 [http-nio-auto-11-exec-1] DEBUG o.s.w.s.a.HttpWebHandlerAdapter - [1da3fd5a] HTTP GET "/uri"
17:49:18.908 [http-nio-auto-11-exec-1] DEBUG o.s.w.r.r.m.a.RequestMappingHandlerMapping - [1da3fd5a] Mapped to org.springframework.web.reactive.result.method.annotation.RequestMappingIntegrationTests$TestRestController#uri(ServerHttpRequest)
17:49:18.908 [http-nio-auto-11-exec-1] DEBUG o.s.w.r.r.m.a.ResponseBodyResultHandler - [1da3fd5a] Using 'text/plain;charset=UTF-8' given [text/plain, application/json, application/x-jackson-smile, application/*+json, */*] and supported [text/plain;charset=UTF-8, text/event-stream, text/plain;charset=UTF-8, */*]
17:49:18.908 [http-nio-auto-11-exec-1] DEBUG o.s.w.r.r.m.a.ResponseBodyResultHandler - [1da3fd5a] 0..1 [java.lang.String]
17:49:18.908 [http-nio-auto-11-exec-1] DEBUG o.s.c.c.CharSequenceEncoder - [1da3fd5a] Writing "https://84.198.58.199/uri"
17:49:18.909 [http-nio-auto-11-exec-1] DEBUG o.s.w.s.a.HttpWebHandlerAdapter - [1da3fd5a] Completed 200 OK
17:49:18.909 [Test worker] DEBUG o.s.w.c.RestTemplate - Response 200 OK
17:49:18.909 [Test worker] DEBUG o.s.w.c.RestTemplate - Reading to [java.lang.String] as "text/plain;charset=UTF-8"
17:49:18.910 [Test worker] DEBUG o.s.w.t.h.s.r.b.TomcatHttpServer - Stopping TomcatHttpServer...
17:49:30.036 [Test worker] DEBUG o.s.w.t.h.s.r.b.TomcatHttpServer - Server stopped (0 millis).
17:49:30.075 [Test worker] DEBUG o.s.w.r.r.m.a.RequestMappingHandlerMapping - 4 mappings in 'requestMappingHandlerMapping'
17:49:30.091 [Test worker] DEBUG o.s.w.r.r.m.a.ControllerMethodResolver - ControllerAdvice beans: none
17:49:30.094 [Test worker] DEBUG o.s.w.s.a.HttpWebHandlerAdapter - enableLoggingRequestDetails='false': form data and headers will be masked to prevent unsafe logging of potentially sensitive data
17:49:30.094 [Test worker] DEBUG o.s.w.t.h.s.r.b.UndertowHttpServer - Starting UndertowHttpServer...
17:49:30.094 [Test worker] INFO  i.undertow - starting server: Undertow - 2.2.7.Final
17:49:30.098 [Test worker] DEBUG o.s.w.t.h.s.r.b.UndertowHttpServer - Server started on port 53055(0 millis).
17:49:30.098 [Test worker] DEBUG o.s.w.c.RestTemplate - HTTP GET http://localhost:53055/uri
17:49:30.098 [Test worker] DEBUG o.s.w.c.RestTemplate - Accept=[text/plain, application/json, application/x-jackson-smile, application/*+json, */*]
17:49:30.100 [XNIO-11 I/O-9] DEBUG o.s.w.s.a.HttpWebHandlerAdapter - [46ec7b12-11] HTTP GET "/uri"
17:49:30.100 [XNIO-11 I/O-9] DEBUG o.s.w.r.r.m.a.RequestMappingHandlerMapping - [46ec7b12-11] Mapped to org.springframework.web.reactive.result.method.annotation.RequestMappingIntegrationTests$TestRestController#uri(ServerHttpRequest)
17:49:30.101 [XNIO-11 I/O-9] DEBUG o.s.w.r.r.m.a.ResponseBodyResultHandler - [46ec7b12-11] Using 'text/plain;charset=UTF-8' given [text/plain, application/json, application/x-jackson-smile, application/*+json, */*] and supported [text/plain;charset=UTF-8, text/event-stream, text/plain;charset=UTF-8, */*]
17:49:30.101 [XNIO-11 I/O-9] DEBUG o.s.w.r.r.m.a.ResponseBodyResultHandler - [46ec7b12-11] 0..1 [java.lang.String]
17:49:30.101 [XNIO-11 I/O-9] DEBUG o.s.c.c.CharSequenceEncoder - [46ec7b12-11] Writing "https://84.198.58.199/uri"
17:49:30.101 [XNIO-11 I/O-9] DEBUG o.s.w.s.a.HttpWebHandlerAdapter - [46ec7b12-11] Completed 200 OK
17:49:30.101 [Test worker] DEBUG o.s.w.c.RestTemplate - Response 200 OK
17:49:30.101 [Test worker] DEBUG o.s.w.c.RestTemplate - Reading to [java.lang.String] as "text/plain;charset=UTF-8"
17:49:30.102 [Test worker] DEBUG o.s.w.t.h.s.r.b.UndertowHttpServer - Stopping UndertowHttpServer...
17:49:30.102 [Test worker] INFO  i.undertow - stopping server: Undertow - 2.2.7.Final
17:49:30.102 [Test worker] DEBUG o.s.w.t.h.s.r.b.UndertowHttpServer - Server stopped (0 millis).
17:49:30.120 [Test worker] DEBUG o.s.w.r.r.m.a.RequestMappingHandlerMapping - 4 mappings in 'requestMappingHandlerMapping'
17:49:30.130 [Test worker] DEBUG o.s.w.r.r.m.a.ControllerMethodResolver - ControllerAdvice beans: none
17:49:30.132 [Test worker] DEBUG o.s.w.s.a.HttpWebHandlerAdapter - enableLoggingRequestDetails='false': form data and headers will be masked to prevent unsafe logging of potentially sensitive data
17:49:30.132 [Test worker] WARN  o.e.j.s.h.ContextHandler - Empty contextPath
17:49:30.132 [Test worker] INFO  o.e.j.s.h.ContextHandler - Started o.e.j.s.ServletContextHandler@4d7b0f5c{/,null,AVAILABLE}
17:49:30.132 [Test worker] DEBUG o.s.w.t.h.s.r.b.JettyHttpServer - Starting JettyHttpServer...
17:49:30.132 [Test worker] INFO  o.e.j.s.Server - jetty-9.4.39.v20210325; built: 2021-03-25T14:42:11.471Z; git: 9fc7ca5a922f2a37b84ec9dbc26a5168cee7e667; jvm 1.8.0_181-b13
17:49:30.134 [Test worker] INFO  o.e.j.s.AbstractConnector - Started ServerConnector@1817081f{HTTP/1.1, (http/1.1)}{0.0.0.0:53057}
17:49:30.135 [Test worker] INFO  o.e.j.s.Server - Started @137170ms
17:49:30.135 [Test worker] DEBUG o.s.w.t.h.s.r.b.JettyHttpServer - Server started on port 53057(0 millis).
17:49:30.135 [Test worker] DEBUG o.s.w.c.RestTemplate - HTTP GET http://localhost:53057/stream
17:49:30.136 [Test worker] DEBUG o.s.w.c.RestTemplate - Accept=[application/json, application/x-jackson-smile, application/*+json]
17:49:30.138 [qtp1292773484-553] DEBUG o.s.w.s.a.HttpWebHandlerAdapter - [2c348667] HTTP GET "/stream"
17:49:30.138 [qtp1292773484-553] DEBUG o.s.w.r.r.m.a.RequestMappingHandlerMapping - [2c348667] Mapped to org.springframework.web.reactive.result.method.annotation.RequestMappingIntegrationTests$TestRestController#stream()
17:49:30.141 [qtp1292773484-553] DEBUG o.s.w.r.r.m.a.ResponseBodyResultHandler - [2c348667] Using 'application/json' given [application/json, application/x-jackson-smile, application/*+json] and supported [application/json, application/*+json, application/x-ndjson, application/x-jackson-smile, application/*+x-jackson-smile, text/event-stream]
17:49:30.141 [qtp1292773484-553] DEBUG o.s.w.r.r.m.a.ResponseBodyResultHandler - [2c348667] 0..N [java.lang.Long]
17:49:30.400 [parallel-1] DEBUG o.s.h.c.j.Jackson2JsonEncoder - [2c348667] Encoding [[0, 1, 2, 3, 4]]
17:49:30.402 [parallel-1] DEBUG o.s.w.s.a.HttpWebHandlerAdapter - [2c348667] Completed 200 OK
17:49:30.402 [Test worker] DEBUG o.s.w.c.RestTemplate - Response 200 OK
17:49:30.402 [Test worker] DEBUG o.s.w.c.RestTemplate - Reading to [java.lang.String[]]
17:49:30.405 [Test worker] DEBUG o.s.w.t.h.s.r.b.JettyHttpServer - Stopping JettyHttpServer...
17:49:30.405 [Test worker] INFO  o.e.j.s.h.ContextHandler - Stopped o.e.j.s.ServletContextHandler@4d7b0f5c{/,null,STOPPED}
17:49:30.406 [Test worker] INFO  o.e.j.s.AbstractConnector - Stopped ServerConnector@1817081f{HTTP/1.1, (http/1.1)}{0.0.0.0:0}
17:49:30.406 [Test worker] DEBUG o.s.w.t.h.s.r.b.JettyHttpServer - Server stopped (0 millis).
17:49:30.422 [Test worker] DEBUG o.s.w.r.r.m.a.RequestMappingHandlerMapping - 4 mappings in 'requestMappingHandlerMapping'
17:49:30.432 [Test worker] DEBUG o.s.w.r.r.m.a.ControllerMethodResolver - ControllerAdvice beans: none
17:49:30.434 [Test worker] DEBUG o.s.w.s.a.HttpWebHandlerAdapter - enableLoggingRequestDetails='false': form data and headers will be masked to prevent unsafe logging of potentially sensitive data
17:49:30.434 [Test worker] DEBUG o.s.w.t.h.s.r.b.ReactorHttpServer - Starting ReactorHttpServer...
17:49:30.435 [Test worker] DEBUG o.s.w.t.h.s.r.b.ReactorHttpServer - Server started on port 53065(0 millis).
17:49:30.435 [Test worker] DEBUG o.s.w.c.RestTemplate - HTTP GET http://localhost:53065/stream
17:49:30.435 [Test worker] DEBUG o.s.w.c.RestTemplate - Accept=[application/json, application/x-jackson-smile, application/*+json]
17:49:30.436 [reactor-http-nio-13] DEBUG o.s.w.s.a.HttpWebHandlerAdapter - [65608af4-1, L:/127.0.0.1:53065 - R:/127.0.0.1:53066] HTTP GET "/stream"
17:49:30.436 [reactor-http-nio-13] DEBUG o.s.w.r.r.m.a.RequestMappingHandlerMapping - [65608af4-1, L:/127.0.0.1:53065 - R:/127.0.0.1:53066] Mapped to org.springframework.web.reactive.result.method.annotation.RequestMappingIntegrationTests$TestRestController#stream()
17:49:30.437 [reactor-http-nio-13] DEBUG o.s.w.r.r.m.a.ResponseBodyResultHandler - [65608af4-1, L:/127.0.0.1:53065 - R:/127.0.0.1:53066] Using 'application/json' given [application/json, application/x-jackson-smile, application/*+json] and supported [application/json, application/*+json, application/x-ndjson, application/x-jackson-smile, application/*+x-jackson-smile, text/event-stream]
17:49:30.437 [reactor-http-nio-13] DEBUG o.s.w.r.r.m.a.ResponseBodyResultHandler - [65608af4-1, L:/127.0.0.1:53065 - R:/127.0.0.1:53066] 0..N [java.lang.Long]
17:49:30.690 [parallel-2] DEBUG o.s.h.c.j.Jackson2JsonEncoder - [65608af4-1, L:/127.0.0.1:53065 - R:/127.0.0.1:53066] Encoding [[0, 1, 2, 3, 4]]
17:49:30.692 [Test worker] DEBUG o.s.w.c.RestTemplate - Response 200 OK
17:49:30.694 [reactor-http-nio-13] DEBUG o.s.w.s.a.HttpWebHandlerAdapter - [65608af4-1, L:/127.0.0.1:53065 - R:/127.0.0.1:53066] Completed 200 OK
17:49:30.694 [Test worker] DEBUG o.s.w.c.RestTemplate - Reading to [java.lang.String[]]
17:49:30.695 [Test worker] DEBUG o.s.w.t.h.s.r.b.ReactorHttpServer - Stopping ReactorHttpServer...
17:49:30.695 [Test worker] DEBUG o.s.w.t.h.s.r.b.ReactorHttpServer - Server stopped (0 millis).
17:49:30.713 [Test worker] DEBUG o.s.w.r.r.m.a.RequestMappingHandlerMapping - 4 mappings in 'requestMappingHandlerMapping'
17:49:30.724 [Test worker] DEBUG o.s.w.r.r.m.a.ControllerMethodResolver - ControllerAdvice beans: none
17:49:30.725 [Test worker] DEBUG o.s.w.s.a.HttpWebHandlerAdapter - enableLoggingRequestDetails='false': form data and headers will be masked to prevent unsafe logging of potentially sensitive data
17:49:30.726 [Test worker] DEBUG o.s.w.t.h.s.r.b.TomcatHttpServer - Starting TomcatHttpServer...
17:49:30.730 [Test worker] DEBUG o.s.w.t.h.s.r.b.TomcatHttpServer - Server started on port 53069(0 millis).
17:49:30.730 [Test worker] DEBUG o.s.w.c.RestTemplate - HTTP GET http://localhost:53069/stream
17:49:30.730 [Test worker] DEBUG o.s.w.c.RestTemplate - Accept=[application/json, application/x-jackson-smile, application/*+json]
17:49:30.732 [http-nio-auto-12-exec-1] DEBUG o.s.w.s.a.HttpWebHandlerAdapter - [5216be4f] HTTP GET "/stream"
17:49:30.732 [http-nio-auto-12-exec-1] DEBUG o.s.w.r.r.m.a.RequestMappingHandlerMapping - [5216be4f] Mapped to org.springframework.web.reactive.result.method.annotation.RequestMappingIntegrationTests$TestRestController#stream()
17:49:30.733 [http-nio-auto-12-exec-1] DEBUG o.s.w.r.r.m.a.ResponseBodyResultHandler - [5216be4f] Using 'application/json' given [application/json, application/x-jackson-smile, application/*+json] and supported [application/json, application/*+json, application/x-ndjson, application/x-jackson-smile, application/*+x-jackson-smile, text/event-stream]
17:49:30.733 [http-nio-auto-12-exec-1] DEBUG o.s.w.r.r.m.a.ResponseBodyResultHandler - [5216be4f] 0..N [java.lang.Long]
17:49:30.984 [parallel-3] DEBUG o.s.h.c.j.Jackson2JsonEncoder - [5216be4f] Encoding [[0, 1, 2, 3, 4]]
17:49:30.984 [parallel-3] DEBUG o.s.w.s.a.HttpWebHandlerAdapter - [5216be4f] Completed 200 OK
17:49:30.985 [Test worker] DEBUG o.s.w.c.RestTemplate - Response 200 OK
17:49:30.985 [Test worker] DEBUG o.s.w.c.RestTemplate - Reading to [java.lang.String[]]
17:49:30.986 [Test worker] DEBUG o.s.w.t.h.s.r.b.TomcatHttpServer - Stopping TomcatHttpServer...
17:49:42.103 [Test worker] DEBUG o.s.w.t.h.s.r.b.TomcatHttpServer - Server stopped (0 millis).
17:49:42.123 [Test worker] DEBUG o.s.w.r.r.m.a.RequestMappingHandlerMapping - 4 mappings in 'requestMappingHandlerMapping'
17:49:42.133 [Test worker] DEBUG o.s.w.r.r.m.a.ControllerMethodResolver - ControllerAdvice beans: none
17:49:42.134 [Test worker] DEBUG o.s.w.s.a.HttpWebHandlerAdapter - enableLoggingRequestDetails='false': form data and headers will be masked to prevent unsafe logging of potentially sensitive data
17:49:42.134 [Test worker] DEBUG o.s.w.t.h.s.r.b.UndertowHttpServer - Starting UndertowHttpServer...
17:49:42.134 [Test worker] INFO  i.undertow - starting server: Undertow - 2.2.7.Final
17:49:42.137 [Test worker] DEBUG o.s.w.t.h.s.r.b.UndertowHttpServer - Server started on port 53178(0 millis).
17:49:42.137 [Test worker] DEBUG o.s.w.c.RestTemplate - HTTP GET http://localhost:53178/stream
17:49:42.137 [Test worker] DEBUG o.s.w.c.RestTemplate - Accept=[application/json, application/x-jackson-smile, application/*+json]
17:49:42.138 [XNIO-12 I/O-5] DEBUG o.s.w.s.a.HttpWebHandlerAdapter - [8db09c6-12] HTTP GET "/stream"
17:49:42.138 [XNIO-12 I/O-5] DEBUG o.s.w.r.r.m.a.RequestMappingHandlerMapping - [8db09c6-12] Mapped to org.springframework.web.reactive.result.method.annotation.RequestMappingIntegrationTests$TestRestController#stream()
17:49:42.139 [XNIO-12 I/O-5] DEBUG o.s.w.r.r.m.a.ResponseBodyResultHandler - [8db09c6-12] Using 'application/json' given [application/json, application/x-jackson-smile, application/*+json] and supported [application/json, application/*+json, application/x-ndjson, application/x-jackson-smile, application/*+x-jackson-smile, text/event-stream]
17:49:42.139 [XNIO-12 I/O-5] DEBUG o.s.w.r.r.m.a.ResponseBodyResultHandler - [8db09c6-12] 0..N [java.lang.Long]
17:49:42.390 [parallel-4] DEBUG o.s.h.c.j.Jackson2JsonEncoder - [8db09c6-12] Encoding [[0, 1, 2, 3, 4]]
17:49:42.390 [XNIO-12 I/O-5] DEBUG o.s.w.s.a.HttpWebHandlerAdapter - [8db09c6-12] Completed 200 OK
17:49:42.390 [Test worker] DEBUG o.s.w.c.RestTemplate - Response 200 OK
17:49:42.391 [Test worker] DEBUG o.s.w.c.RestTemplate - Reading to [java.lang.String[]]
17:49:42.391 [Test worker] DEBUG o.s.w.t.h.s.r.b.UndertowHttpServer - Stopping UndertowHttpServer...
17:49:42.391 [Test worker] INFO  i.undertow - stopping server: Undertow - 2.2.7.Final
17:49:42.391 [Test worker] DEBUG o.s.w.t.h.s.r.b.UndertowHttpServer - Server stopped (0 millis).
17:49:42.408 [Test worker] DEBUG o.s.w.r.r.m.a.RequestMappingHandlerMapping - 4 mappings in 'requestMappingHandlerMapping'
17:49:42.418 [Test worker] DEBUG o.s.w.r.r.m.a.ControllerMethodResolver - ControllerAdvice beans: none
17:49:42.420 [Test worker] DEBUG o.s.w.s.a.HttpWebHandlerAdapter - enableLoggingRequestDetails='false': form data and headers will be masked to prevent unsafe logging of potentially sensitive data
17:49:42.420 [Test worker] WARN  o.e.j.s.h.ContextHandler - Empty contextPath
17:49:42.420 [Test worker] INFO  o.e.j.s.h.ContextHandler - Started o.e.j.s.ServletContextHandler@dc09316{/,null,AVAILABLE}
17:49:42.420 [Test worker] DEBUG o.s.w.t.h.s.r.b.JettyHttpServer - Starting JettyHttpServer...
17:49:42.420 [Test worker] INFO  o.e.j.s.Server - jetty-9.4.39.v20210325; built: 2021-03-25T14:42:11.471Z; git: 9fc7ca5a922f2a37b84ec9dbc26a5168cee7e667; jvm 1.8.0_181-b13
17:49:42.421 [Test worker] INFO  o.e.j.s.AbstractConnector - Started ServerConnector@566e0105{HTTP/1.1, (http/1.1)}{0.0.0.0:53180}
17:49:42.421 [Test worker] INFO  o.e.j.s.Server - Started @149456ms
17:49:42.421 [Test worker] DEBUG o.s.w.t.h.s.r.b.JettyHttpServer - Server started on port 53180(0 millis).
17:49:42.422 [Test worker] DEBUG o.s.w.c.RestTemplate - HTTP HEAD http://localhost:53180/text
17:49:42.424 [qtp339615721-602] DEBUG o.s.w.s.a.HttpWebHandlerAdapter - [443cfb43] HTTP HEAD "/text"
17:49:42.425 [qtp339615721-602] DEBUG o.s.w.r.r.m.a.RequestMappingHandlerMapping - [443cfb43] Mapped to org.springframework.web.reactive.result.method.annotation.RequestMappingIntegrationTests$TestRestController#textHead()
17:49:42.426 [qtp339615721-602] DEBUG o.s.w.r.r.m.a.ResponseBodyResultHandler - [443cfb43] Using 'text/html' given [text/html, image/gif, image/jpeg, */*;q=.2, */*;q=.2] and supported [text/plain;charset=UTF-8, text/event-stream, text/plain;charset=UTF-8, */*]
17:49:42.427 [qtp339615721-602] DEBUG o.s.w.r.r.m.a.ResponseBodyResultHandler - [443cfb43] 0..1 [java.lang.String]
17:49:42.427 [qtp339615721-602] DEBUG o.s.c.c.CharSequenceEncoder - [443cfb43] Writing "Foo"
17:49:42.427 [qtp339615721-602] DEBUG o.s.w.s.a.HttpWebHandlerAdapter - [443cfb43] Completed 200 OK
17:49:42.427 [Test worker] DEBUG o.s.w.c.RestTemplate - Response 200 OK
17:49:42.428 [Test worker] DEBUG o.s.w.t.h.s.r.b.JettyHttpServer - Stopping JettyHttpServer...
17:49:42.428 [Test worker] INFO  o.e.j.s.h.ContextHandler - Stopped o.e.j.s.ServletContextHandler@dc09316{/,null,STOPPED}
17:49:42.429 [Test worker] INFO  o.e.j.s.AbstractConnector - Stopped ServerConnector@566e0105{HTTP/1.1, (http/1.1)}{0.0.0.0:0}
17:49:42.429 [Test worker] DEBUG o.s.w.t.h.s.r.b.JettyHttpServer - Server stopped (0 millis).
17:49:42.451 [Test worker] DEBUG o.s.w.r.r.m.a.RequestMappingHandlerMapping - 4 mappings in 'requestMappingHandlerMapping'
17:49:42.461 [Test worker] DEBUG o.s.w.r.r.m.a.ControllerMethodResolver - ControllerAdvice beans: none
17:49:42.463 [Test worker] DEBUG o.s.w.s.a.HttpWebHandlerAdapter - enableLoggingRequestDetails='false': form data and headers will be masked to prevent unsafe logging of potentially sensitive data
17:49:42.463 [Test worker] DEBUG o.s.w.t.h.s.r.b.ReactorHttpServer - Starting ReactorHttpServer...
17:49:42.463 [Test worker] DEBUG o.s.w.t.h.s.r.b.ReactorHttpServer - Server started on port 53182(0 millis).
17:49:42.463 [Test worker] DEBUG o.s.w.c.RestTemplate - HTTP HEAD http://localhost:53182/text
17:49:42.465 [reactor-http-nio-15] DEBUG o.s.w.s.a.HttpWebHandlerAdapter - [3257be5a-1, L:/127.0.0.1:53182 - R:/127.0.0.1:53183] HTTP HEAD "/text"
17:49:42.465 [reactor-http-nio-15] DEBUG o.s.w.r.r.m.a.RequestMappingHandlerMapping - [3257be5a-1, L:/127.0.0.1:53182 - R:/127.0.0.1:53183] Mapped to org.springframework.web.reactive.result.method.annotation.RequestMappingIntegrationTests$TestRestController#textHead()
17:49:42.466 [reactor-http-nio-15] DEBUG o.s.w.r.r.m.a.ResponseBodyResultHandler - [3257be5a-1, L:/127.0.0.1:53182 - R:/127.0.0.1:53183] Using 'text/html' given [text/html, image/gif, image/jpeg, */*;q=.2, */*;q=.2] and supported [text/plain;charset=UTF-8, text/event-stream, text/plain;charset=UTF-8, */*]
17:49:42.466 [reactor-http-nio-15] DEBUG o.s.w.r.r.m.a.ResponseBodyResultHandler - [3257be5a-1, L:/127.0.0.1:53182 - R:/127.0.0.1:53183] 0..1 [java.lang.String]
17:49:42.466 [reactor-http-nio-15] DEBUG o.s.c.c.CharSequenceEncoder - [3257be5a-1, L:/127.0.0.1:53182 - R:/127.0.0.1:53183] Writing "Foo"
17:49:42.466 [reactor-http-nio-15] DEBUG o.s.w.s.a.HttpWebHandlerAdapter - [3257be5a-1, L:/127.0.0.1:53182 - R:/127.0.0.1:53183] Completed 200 OK
17:49:42.467 [Test worker] DEBUG o.s.w.c.RestTemplate - Response 200 OK
17:49:42.467 [Test worker] DEBUG o.s.w.t.h.s.r.b.ReactorHttpServer - Stopping ReactorHttpServer...
17:49:42.467 [Test worker] DEBUG o.s.w.t.h.s.r.b.ReactorHttpServer - Server stopped (0 millis).
17:49:42.482 [Test worker] DEBUG o.s.w.r.r.m.a.RequestMappingHandlerMapping - 4 mappings in 'requestMappingHandlerMapping'
17:49:42.492 [Test worker] DEBUG o.s.w.r.r.m.a.ControllerMethodResolver - ControllerAdvice beans: none
17:49:42.493 [Test worker] DEBUG o.s.w.s.a.HttpWebHandlerAdapter - enableLoggingRequestDetails='false': form data and headers will be masked to prevent unsafe logging of potentially sensitive data
17:49:42.494 [Test worker] DEBUG o.s.w.t.h.s.r.b.TomcatHttpServer - Starting TomcatHttpServer...
17:49:42.499 [Test worker] DEBUG o.s.w.t.h.s.r.b.TomcatHttpServer - Server started on port 53184(0 millis).
17:49:42.499 [Test worker] DEBUG o.s.w.c.RestTemplate - HTTP HEAD http://localhost:53184/text
17:49:42.501 [http-nio-auto-13-exec-1] DEBUG o.s.w.s.a.HttpWebHandlerAdapter - [54e01262] HTTP HEAD "/text"
17:49:42.501 [http-nio-auto-13-exec-1] DEBUG o.s.w.r.r.m.a.RequestMappingHandlerMapping - [54e01262] Mapped to org.springframework.web.reactive.result.method.annotation.RequestMappingIntegrationTests$TestRestController#textHead()
17:49:42.502 [http-nio-auto-13-exec-1] DEBUG o.s.w.r.r.m.a.ResponseBodyResultHandler - [54e01262] Using 'text/html' given [text/html, image/gif, image/jpeg, */*;q=.2, */*;q=.2] and supported [text/plain;charset=UTF-8, text/event-stream, text/plain;charset=UTF-8, */*]
17:49:42.502 [http-nio-auto-13-exec-1] DEBUG o.s.w.r.r.m.a.ResponseBodyResultHandler - [54e01262] 0..1 [java.lang.String]
17:49:42.502 [http-nio-auto-13-exec-1] DEBUG o.s.c.c.CharSequenceEncoder - [54e01262] Writing "Foo"
17:49:42.502 [http-nio-auto-13-exec-1] DEBUG o.s.w.s.a.HttpWebHandlerAdapter - [54e01262] Completed 200 OK
17:49:42.502 [Test worker] DEBUG o.s.w.c.RestTemplate - Response 200 OK
17:49:42.503 [Test worker] DEBUG o.s.w.t.h.s.r.b.TomcatHttpServer - Stopping TomcatHttpServer...
17:49:53.619 [Test worker] DEBUG o.s.w.t.h.s.r.b.TomcatHttpServer - Server stopped (0 millis).
17:49:53.637 [Test worker] DEBUG o.s.w.r.r.m.a.RequestMappingHandlerMapping - 4 mappings in 'requestMappingHandlerMapping'
17:49:53.647 [Test worker] DEBUG o.s.w.r.r.m.a.ControllerMethodResolver - ControllerAdvice beans: none
17:49:53.650 [Test worker] DEBUG o.s.w.s.a.HttpWebHandlerAdapter - enableLoggingRequestDetails='false': form data and headers will be masked to prevent unsafe logging of potentially sensitive data
17:49:53.650 [Test worker] DEBUG o.s.w.t.h.s.r.b.UndertowHttpServer - Starting UndertowHttpServer...
17:49:53.650 [Test worker] INFO  i.undertow - starting server: Undertow - 2.2.7.Final
17:49:53.654 [Test worker] DEBUG o.s.w.t.h.s.r.b.UndertowHttpServer - Server started on port 53260(0 millis).
17:49:53.654 [Test worker] DEBUG o.s.w.c.RestTemplate - HTTP HEAD http://localhost:53260/text
17:49:53.656 [XNIO-13 I/O-12] DEBUG o.s.w.s.a.HttpWebHandlerAdapter - [72ac1a11-13] HTTP HEAD "/text"
17:49:53.656 [XNIO-13 I/O-12] DEBUG o.s.w.r.r.m.a.RequestMappingHandlerMapping - [72ac1a11-13] Mapped to org.springframework.web.reactive.result.method.annotation.RequestMappingIntegrationTests$TestRestController#textHead()
17:49:53.656 [XNIO-13 I/O-12] DEBUG o.s.w.r.r.m.a.ResponseBodyResultHandler - [72ac1a11-13] Using 'text/html' given [text/html, image/gif, image/jpeg, */*;q=.2, */*;q=.2] and supported [text/plain;charset=UTF-8, text/event-stream, text/plain;charset=UTF-8, */*]
17:49:53.656 [XNIO-13 I/O-12] DEBUG o.s.w.r.r.m.a.ResponseBodyResultHandler - [72ac1a11-13] 0..1 [java.lang.String]
17:49:53.657 [XNIO-13 I/O-12] DEBUG o.s.c.c.CharSequenceEncoder - [72ac1a11-13] Writing "Foo"
17:49:53.657 [XNIO-13 I/O-12] DEBUG o.s.w.s.a.HttpWebHandlerAdapter - [72ac1a11-13] Completed 200 OK
17:49:53.658 [Test worker] DEBUG o.s.w.c.RestTemplate - Response 200 OK
17:49:53.658 [Test worker] DEBUG o.s.w.t.h.s.r.b.UndertowHttpServer - Stopping UndertowHttpServer...
17:49:53.658 [Test worker] INFO  i.undertow - stopping server: Undertow - 2.2.7.Final
17:49:53.658 [Test worker] DEBUG o.s.w.t.h.s.r.b.UndertowHttpServer - Server stopped (0 millis).
]]></system-out>
  <system-err><![CDATA[]]></system-err>
</testsuite>
