<?xml version="1.0" encoding="UTF-8"?>
<testsuite name="org.springframework.web.reactive.result.method.RequestMappingInfoHandlerMappingTests" tests="19" skipped="0" failures="0" errors="0" timestamp="2021-05-01T09:56:11" hostname="wangweilideMBP.lan" time="0.16">
  <properties/>
  <testcase name="getHandlerHttpOptions()" classname="org.springframework.web.reactive.result.method.RequestMappingInfoHandlerMappingTests" time="0.03"/>
  <testcase name="getHandlerTestRequestParamMismatch()" classname="org.springframework.web.reactive.result.method.RequestMappingInfoHandlerMappingTests" time="0.007"/>
  <testcase name="getHandlerTestMediaTypeNotAcceptable()" classname="org.springframework.web.reactive.result.method.RequestMappingInfoHandlerMappingTests" time="0.01"/>
  <testcase name="getHandlerGlobMatch()" classname="org.springframework.web.reactive.result.method.RequestMappingInfoHandlerMappingTests" time="0.006"/>
  <testcase name="handleMatchBestMatchingPatternAttributeNoPatternsDefined()" classname="org.springframework.web.reactive.result.method.RequestMappingInfoHandlerMappingTests" time="0.004"/>
  <testcase name="getHandlerMediaTypeNotSupported()" classname="org.springframework.web.reactive.result.method.RequestMappingInfoHandlerMappingTests" time="0.015"/>
  <testcase name="getHandlerRequestMethodNotAllowed()" classname="org.springframework.web.reactive.result.method.RequestMappingInfoHandlerMappingTests" time="0.009"/>
  <testcase name="handleMatchUriTemplateVariables()" classname="org.springframework.web.reactive.result.method.RequestMappingInfoHandlerMappingTests" time="0.006"/>
  <testcase name="getHandlerBestMatch()" classname="org.springframework.web.reactive.result.method.RequestMappingInfoHandlerMappingTests" time="0.005"/>
  <testcase name="getHandlerProducibleMediaTypesAttribute()" classname="org.springframework.web.reactive.result.method.RequestMappingInfoHandlerMappingTests" time="0.009"/>
  <testcase name="handleMatchBestMatchingPatternAttribute()" classname="org.springframework.web.reactive.result.method.RequestMappingInfoHandlerMappingTests" time="0.005"/>
  <testcase name="handleMatchUriTemplateVariablesDecode()" classname="org.springframework.web.reactive.result.method.RequestMappingInfoHandlerMappingTests" time="0.005"/>
  <testcase name="getHandlerEmptyPathMatch()" classname="org.springframework.web.reactive.result.method.RequestMappingInfoHandlerMappingTests" time="0.009"/>
  <testcase name="handlePatchUnsupportedMediaType()" classname="org.springframework.web.reactive.result.method.RequestMappingInfoHandlerMappingTests" time="0.006"/>
  <testcase name="getHandlerTestInvalidContentType()" classname="org.springframework.web.reactive.result.method.RequestMappingInfoHandlerMappingTests" time="0.006"/>
  <testcase name="getHandlerDirectMatch()" classname="org.springframework.web.reactive.result.method.RequestMappingInfoHandlerMappingTests" time="0.005"/>
  <testcase name="getHandlerRequestMethodMatchFalsePositive()" classname="org.springframework.web.reactive.result.method.RequestMappingInfoHandlerMappingTests" time="0.005"/>
  <testcase name="handleMatchMatrixVariablesDecoding()" classname="org.springframework.web.reactive.result.method.RequestMappingInfoHandlerMappingTests" time="0.005"/>
  <testcase name="handleMatchMatrixVariables()" classname="org.springframework.web.reactive.result.method.RequestMappingInfoHandlerMappingTests" time="0.008"/>
  <system-out><![CDATA[17:56:11.463 [Test worker] DEBUG o.s.w.r.r.m.RequestMappingInfoHandlerMappingTests$TestRequestMappingInfoHandlerMapping - [6627859e] Mapped to org.springframework.web.reactive.result.method.RequestMappingInfoHandlerMapping$HttpOptionsHandler#handle()
17:56:11.468 [Test worker] DEBUG o.s.w.r.r.m.RequestMappingInfoHandlerMappingTests$TestRequestMappingInfoHandlerMapping - [6c2dae81] Mapped to org.springframework.web.reactive.result.method.RequestMappingInfoHandlerMapping$HttpOptionsHandler#handle()
17:56:11.473 [Test worker] DEBUG o.s.w.r.r.m.RequestMappingInfoHandlerMappingTests$TestRequestMappingInfoHandlerMapping - [543992ba] Mapped to org.springframework.web.reactive.result.method.RequestMappingInfoHandlerMapping$HttpOptionsHandler#handle()
17:56:11.478 [Test worker] DEBUG o.s.w.r.r.m.RequestMappingInfoHandlerMappingTests$TestRequestMappingInfoHandlerMapping - [10b668ff] Mapped to org.springframework.web.reactive.result.method.RequestMappingInfoHandlerMappingTests$TestController#fooOptions()
17:56:11.482 [Test worker] DEBUG o.s.w.r.r.m.RequestMappingInfoHandlerMappingTests$TestRequestMappingInfoHandlerMapping - [2cc5901a] Mapped to org.springframework.web.reactive.result.method.RequestMappingInfoHandlerMapping$HttpOptionsHandler#handle()
17:56:11.507 [Test worker] DEBUG o.s.w.r.r.m.RequestMappingInfoHandlerMappingTests$TestRequestMappingInfoHandlerMapping - [6a9dcfc1] Mapped to org.springframework.web.reactive.result.method.RequestMappingInfoHandlerMappingTests$TestController#bar()
17:56:11.547 [Test worker] DEBUG o.s.w.r.r.m.RequestMappingInfoHandlerMappingTests$TestRequestMappingInfoHandlerMapping - [45364899] Mapped to org.springframework.web.reactive.result.method.RequestMappingInfoHandlerMappingTests$TestController#fooParam()
17:56:11.552 [Test worker] DEBUG o.s.w.r.r.m.RequestMappingInfoHandlerMappingTests$TestRequestMappingInfoHandlerMapping - [63f4de1e] Mapped to org.springframework.web.reactive.result.method.RequestMappingInfoHandlerMappingTests$TestController#xmlContent()
17:56:11.556 [Test worker] DEBUG o.s.w.r.r.m.RequestMappingInfoHandlerMappingTests$TestRequestMappingInfoHandlerMapping - [367f76e7] Mapped to org.springframework.web.reactive.result.method.RequestMappingInfoHandlerMappingTests$TestController#nonXmlContent()
17:56:11.572 [Test worker] DEBUG o.s.w.r.r.m.RequestMappingInfoHandlerMappingTests$TestRequestMappingInfoHandlerMapping - [431eedf8] Mapped to org.springframework.web.reactive.result.method.RequestMappingInfoHandlerMappingTests$TestController#empty()
17:56:11.576 [Test worker] DEBUG o.s.w.r.r.m.RequestMappingInfoHandlerMappingTests$TestRequestMappingInfoHandlerMapping - [f9c4af1] Mapped to org.springframework.web.reactive.result.method.RequestMappingInfoHandlerMappingTests$TestController#empty()
17:56:11.594 [Test worker] DEBUG o.s.w.r.r.m.RequestMappingInfoHandlerMappingTests$TestRequestMappingInfoHandlerMapping - [42941c73] Mapped to org.springframework.web.reactive.result.method.RequestMappingInfoHandlerMappingTests$TestController#foo()
]]></system-out>
  <system-err><![CDATA[]]></system-err>
</testsuite>
