<?xml version="1.0" encoding="UTF-8"?>
<testsuite name="org.springframework.web.reactive.function.BodyInsertersTests" tests="16" skipped="0" failures="0" errors="0" timestamp="2021-05-01T09:54:49" hostname="wangweilideMBP.lan" time="0.058">
  <properties/>
  <testcase name="fromMultipartData()" classname="org.springframework.web.reactive.function.BodyInsertersTests" time="0.012"/>
  <testcase name="ofDataBuffers()" classname="org.springframework.web.reactive.function.BodyInsertersTests" time="0.003"/>
  <testcase name="ofObject()" classname="org.springframework.web.reactive.function.BodyInsertersTests" time="0.002"/>
  <testcase name="fromFormDataMap()" classname="org.springframework.web.reactive.function.BodyInsertersTests" time="0.005"/>
  <testcase name="ofPublisher()" classname="org.springframework.web.reactive.function.BodyInsertersTests" time="0.002"/>
  <testcase name="ofString()" classname="org.springframework.web.reactive.function.BodyInsertersTests" time="0.002"/>
  <testcase name="ofObjectWithHints()" classname="org.springframework.web.reactive.function.BodyInsertersTests" time="0.002"/>
  <testcase name="ofResource()" classname="org.springframework.web.reactive.function.BodyInsertersTests" time="0.005"/>
  <testcase name="fromMultipartDataWithMultipleValues()" classname="org.springframework.web.reactive.function.BodyInsertersTests" time="0.006"/>
  <testcase name="ofProducerWithFlux()" classname="org.springframework.web.reactive.function.BodyInsertersTests" time="0.002"/>
  <testcase name="ofProducerWithMono()" classname="org.springframework.web.reactive.function.BodyInsertersTests" time="0.002"/>
  <testcase name="ofResourceRange()" classname="org.springframework.web.reactive.function.BodyInsertersTests" time="0.005"/>
  <testcase name="fromFormDataWith()" classname="org.springframework.web.reactive.function.BodyInsertersTests" time="0.001"/>
  <testcase name="ofProducerWithSingle()" classname="org.springframework.web.reactive.function.BodyInsertersTests" time="0.002"/>
  <testcase name="ofServerSentEventFlux()" classname="org.springframework.web.reactive.function.BodyInsertersTests" time="0.004"/>
  <testcase name="ofResourceWithExplicitMediaType()" classname="org.springframework.web.reactive.function.BodyInsertersTests" time="0.002"/>
  <system-out><![CDATA[17:54:49.541 [Test worker] DEBUG o.s.h.c.m.MultipartHttpMessageWriter - Encoding parts [name 1, name 2, name 3] (content masked)
17:54:49.550 [Test worker] DEBUG o.s.h.c.j.Jackson2JsonEncoder - Encoding [org.springframework.web.reactive.function.BodyInsertersTests$User@43b846e6]
17:54:49.553 [Test worker] DEBUG o.s.h.c.FormHttpMessageWriter - Writing form fields [name 1, name 2, name 3] (content masked)
17:54:49.556 [Test worker] DEBUG o.s.c.c.CharSequenceEncoder - Writing "foo"
17:54:49.558 [Test worker] DEBUG o.s.c.c.CharSequenceEncoder - Writing "foo"
17:54:49.560 [Test worker] DEBUG o.s.h.c.j.Jackson2JsonEncoder - Encoding [org.springframework.web.reactive.function.BodyInsertersTests$User@525c1fe1]
17:54:49.563 [Test worker] DEBUG o.s.h.c.ResourceHttpMessageWriter - Resource associated with 'text/plain'
17:54:49.564 [Test worker] DEBUG o.s.c.c.ResourceEncoder - Writing [class path resource [org/springframework/web/reactive/function/response.txt]]
17:54:49.571 [Test worker] DEBUG o.s.h.c.m.MultipartHttpMessageWriter - Encoding parts [name] (content masked)
17:54:49.574 [Test worker] DEBUG o.s.c.c.CharSequenceEncoder - Writing "foo"
17:54:49.576 [Test worker] DEBUG o.s.h.c.j.Jackson2JsonEncoder - Encoding [org.springframework.web.reactive.function.BodyInsertersTests$User@9bbfa0e]
17:54:49.579 [Test worker] DEBUG o.s.h.c.ResourceHttpMessageWriter - Resource associated with 'text/plain'
17:54:49.579 [Test worker] DEBUG o.s.c.c.ResourceRegionEncoder - Writing region 10-49 of [class path resource [org/springframework/web/reactive/function/response.txt]]
17:54:49.583 [Test worker] DEBUG o.s.h.c.FormHttpMessageWriter - Writing form fields [name 1, name 2, name 3] (content masked)
17:54:49.585 [Test worker] DEBUG o.s.h.c.j.Jackson2JsonEncoder - Encoding [org.springframework.web.reactive.function.BodyInsertersTests$User@6c04115a]
17:54:49.591 [Test worker] DEBUG o.s.c.c.ResourceEncoder - Writing [class path resource [org/springframework/web/reactive/function/response.txt]]
]]></system-out>
  <system-err><![CDATA[]]></system-err>
</testsuite>
