<?xml version="1.0" encoding="UTF-8"?>
<testsuite name="org.springframework.web.reactive.resource.EncodedResourceResolverTests" tests="4" skipped="0" failures="0" errors="0" timestamp="2021-04-26T08:38:38" hostname="wangweilideMacBook-Pro.local" time="0.036">
  <properties/>
  <testcase name="resolveGzippedWithVersion(GzippedFiles)" classname="org.springframework.web.reactive.resource.EncodedResourceResolverTests" time="0.02"/>
  <testcase name="resolveGzipped(GzippedFiles)" classname="org.springframework.web.reactive.resource.EncodedResourceResolverTests" time="0.005"/>
  <testcase name="resolveWithNullRequest()" classname="org.springframework.web.reactive.resource.EncodedResourceResolverTests" time="0.001"/>
  <testcase name="resolveFromCacheWithEncodingVariants(GzippedFiles)" classname="org.springframework.web.reactive.resource.EncodedResourceResolverTests" time="0.009"/>
  <system-out><![CDATA[]]></system-out>
  <system-err><![CDATA[]]></system-err>
</testsuite>
