<?xml version="1.0" encoding="UTF-8"?>
<testsuite name="org.springframework.web.reactive.result.method.annotation.ExpressionValueMethodArgumentResolverTests" tests="3" skipped="0" failures="0" errors="0" timestamp="2021-04-26T08:33:03" hostname="wangweilideMacBook-Pro.local" time="0.054">
  <properties/>
  <testcase name="resolveSystemProperty()" classname="org.springframework.web.reactive.result.method.annotation.ExpressionValueMethodArgumentResolverTests" time="0.036"/>
  <testcase name="doesNotSupport()" classname="org.springframework.web.reactive.result.method.annotation.ExpressionValueMethodArgumentResolverTests" time="0.004"/>
  <testcase name="supportsParameter()" classname="org.springframework.web.reactive.result.method.annotation.ExpressionValueMethodArgumentResolverTests" time="0.003"/>
  <system-out><![CDATA[]]></system-out>
  <system-err><![CDATA[]]></system-err>
</testsuite>
