<?xml version="1.0" encoding="UTF-8"?>
<testsuite name="org.springframework.web.reactive.resource.AppCacheManifestTransformerTests" tests="3" skipped="0" failures="0" errors="0" timestamp="2021-05-01T09:53:59" hostname="wangweilideMBP.lan" time="0.028">
  <properties/>
  <testcase name="noTransformIfExtensionDoesNotMatch()" classname="org.springframework.web.reactive.resource.AppCacheManifestTransformerTests" time="0.006"/>
  <testcase name="transformManifest()" classname="org.springframework.web.reactive.resource.AppCacheManifestTransformerTests" time="0.016"/>
  <testcase name="syntaxErrorInManifest()" classname="org.springframework.web.reactive.resource.AppCacheManifestTransformerTests" time="0.006"/>
  <system-out><![CDATA[]]></system-out>
  <system-err><![CDATA[]]></system-err>
</testsuite>
