<?xml version="1.0" encoding="UTF-8"?>
<testsuite name="org.springframework.web.reactive.result.condition.ProducesRequestConditionTests" tests="22" skipped="0" failures="0" errors="0" timestamp="2021-04-26T08:31:57" hostname="wangweilideMacBook-Pro.local" time="0.291">
  <properties/>
  <testcase name="combineWithDefault()" classname="org.springframework.web.reactive.result.condition.ProducesRequestConditionTests" time="0.004"/>
  <testcase name="instantiateWithProducesAndHeaderConditions()" classname="org.springframework.web.reactive.result.condition.ProducesRequestConditionTests" time="0.005"/>
  <testcase name="matchWithNegationAndMediaTypeAllWithQualityParameter()" classname="org.springframework.web.reactive.result.condition.ProducesRequestConditionTests" time="0.011"/>
  <testcase name="matchParseError()" classname="org.springframework.web.reactive.result.condition.ProducesRequestConditionTests" time="0.013"/>
  <testcase name="compareTo()" classname="org.springframework.web.reactive.result.condition.ProducesRequestConditionTests" time="0.041"/>
  <testcase name="matchParseErrorWithNegation()" classname="org.springframework.web.reactive.result.condition.ProducesRequestConditionTests" time="0.012"/>
  <testcase name="compareToMediaTypeAll()" classname="org.springframework.web.reactive.result.condition.ProducesRequestConditionTests" time="0.019"/>
  <testcase name="matchNegated()" classname="org.springframework.web.reactive.result.condition.ProducesRequestConditionTests" time="0.01"/>
  <testcase name="compareToWithSingleExpression()" classname="org.springframework.web.reactive.result.condition.ProducesRequestConditionTests" time="0.01"/>
  <testcase name="getMatchingCondition()" classname="org.springframework.web.reactive.result.condition.ProducesRequestConditionTests" time="0.009"/>
  <testcase name="matchMultiple()" classname="org.springframework.web.reactive.result.condition.ProducesRequestConditionTests" time="0.009"/>
  <testcase name="match()" classname="org.springframework.web.reactive.result.condition.ProducesRequestConditionTests" time="0.009"/>
  <testcase name="getProducibleMediaTypes()" classname="org.springframework.web.reactive.result.condition.ProducesRequestConditionTests" time="0.01"/>
  <testcase name="compareToMediaTypeAllWithParameter()" classname="org.springframework.web.reactive.result.condition.ProducesRequestConditionTests" time="0.009"/>
  <testcase name="compareToEqualMatch()" classname="org.springframework.web.reactive.result.condition.ProducesRequestConditionTests" time="0.01"/>
  <testcase name="combine()" classname="org.springframework.web.reactive.result.condition.ProducesRequestConditionTests" time="0.0"/>
  <testcase name="matchAndCompare()" classname="org.springframework.web.reactive.result.condition.ProducesRequestConditionTests" time="0.012"/>
  <testcase name="matchSingle()" classname="org.springframework.web.reactive.result.condition.ProducesRequestConditionTests" time="0.009"/>
  <testcase name="matchWildcard()" classname="org.springframework.web.reactive.result.condition.ProducesRequestConditionTests" time="0.008"/>
  <testcase name="compareToMultipleExpressions()" classname="org.springframework.web.reactive.result.condition.ProducesRequestConditionTests" time="0.008"/>
  <testcase name="matchWithParameters()" classname="org.springframework.web.reactive.result.condition.ProducesRequestConditionTests" time="0.037"/>
  <testcase name="compareToMultipleExpressionsAndMultipleAcceptHeaderValues()" classname="org.springframework.web.reactive.result.condition.ProducesRequestConditionTests" time="0.021"/>
  <system-out><![CDATA[]]></system-out>
  <system-err><![CDATA[]]></system-err>
</testsuite>
