<?xml version="1.0" encoding="UTF-8"?>
<testsuite name="org.springframework.web.reactive.resource.AppCacheManifestTransformerTests" tests="3" skipped="0" failures="0" errors="0" timestamp="2021-04-26T08:38:38" hostname="wangweilideMacBook-Pro.local" time="0.027">
  <properties/>
  <testcase name="noTransformIfExtensionDoesNotMatch()" classname="org.springframework.web.reactive.resource.AppCacheManifestTransformerTests" time="0.005"/>
  <testcase name="transformManifest()" classname="org.springframework.web.reactive.resource.AppCacheManifestTransformerTests" time="0.017"/>
  <testcase name="syntaxErrorInManifest()" classname="org.springframework.web.reactive.resource.AppCacheManifestTransformerTests" time="0.005"/>
  <system-out><![CDATA[]]></system-out>
  <system-err><![CDATA[]]></system-err>
</testsuite>
