<?xml version="1.0" encoding="UTF-8"?>
<testsuite name="org.springframework.web.reactive.function.client.ExchangeStrategiesTests" tests="3" skipped="0" failures="0" errors="0" timestamp="2021-04-26T08:41:33" hostname="wangweilideMacBook-Pro.local" time="0.012">
  <properties/>
  <testcase name="withDefaults()" classname="org.springframework.web.reactive.function.client.ExchangeStrategiesTests" time="0.0"/>
  <testcase name="mutate()" classname="org.springframework.web.reactive.function.client.ExchangeStrategiesTests" time="0.008"/>
  <testcase name="empty()" classname="org.springframework.web.reactive.function.client.ExchangeStrategiesTests" time="0.004"/>
  <system-out><![CDATA[]]></system-out>
  <system-err><![CDATA[]]></system-err>
</testsuite>
