<?xml version="1.0" encoding="UTF-8"?>
<testsuite name="org.springframework.web.reactive.result.view.ViewResolutionResultHandlerTests" tests="9" skipped="0" failures="0" errors="0" timestamp="2021-04-26T08:32:53" hostname="wangweilideMacBook-Pro.local" time="0.814">
  <properties/>
  <testcase name="supports()" classname="org.springframework.web.reactive.result.view.ViewResolutionResultHandlerTests" time="0.567"/>
  <testcase name="contentNegotiationWith406()" classname="org.springframework.web.reactive.result.view.ViewResolutionResultHandlerTests" time="0.023"/>
  <testcase name="defaultViewName()" classname="org.springframework.web.reactive.result.view.ViewResolutionResultHandlerTests" time="0.105"/>
  <testcase name="unresolvedViewName()" classname="org.springframework.web.reactive.result.view.ViewResolutionResultHandlerTests" time="0.008"/>
  <testcase name="contentNegotiationWithRedirect()" classname="org.springframework.web.reactive.result.view.ViewResolutionResultHandlerTests" time="0.013"/>
  <testcase name="contentNegotiation()" classname="org.springframework.web.reactive.result.view.ViewResolutionResultHandlerTests" time="0.007"/>
  <testcase name="handleWithMultipleResolvers()" classname="org.springframework.web.reactive.result.view.ViewResolutionResultHandlerTests" time="0.009"/>
  <testcase name="handleReturnValueTypes()" classname="org.springframework.web.reactive.result.view.ViewResolutionResultHandlerTests" time="0.08"/>
  <testcase name="viewResolverOrder()" classname="org.springframework.web.reactive.result.view.ViewResolutionResultHandlerTests" time="0.001"/>
  <system-out><![CDATA[16:32:54.215 [Test worker] DEBUG o.s.w.r.r.v.ViewResolutionResultHandler - [76393eed] No match for [application/json], supported: [text/html]
16:32:54.224 [Test worker] DEBUG o.s.w.r.r.v.ViewResolutionResultHandler - [2a8295b7] Using 'text/html' given [*/*] and supported [text/html]
16:32:54.232 [Test worker] DEBUG o.s.w.r.r.v.ViewResolutionResultHandler - [7dea7e80] Using 'text/html' given [*/*] and supported [text/html]
16:32:54.239 [Test worker] DEBUG o.s.w.r.r.v.ViewResolutionResultHandler - [43fb73a7] Using 'text/html' given [*/*] and supported [text/html]
16:32:54.246 [Test worker] DEBUG o.s.w.r.r.v.ViewResolutionResultHandler - [4fd65d2b] Using 'text/html' given [*/*] and supported [text/html]
16:32:54.252 [Test worker] DEBUG o.s.w.r.r.v.ViewResolutionResultHandler - [4fd80af2] Using 'text/html' given [*/*] and supported [text/html]
16:32:54.259 [Test worker] DEBUG o.s.w.r.r.v.ViewResolutionResultHandler - [61e873f7] Using 'text/html' given [*/*] and supported [text/html]
16:32:54.266 [Test worker] DEBUG o.s.w.r.r.v.ViewResolutionResultHandler - [79164226] Using 'text/html' given [*/*] and supported [text/html]
16:32:54.274 [Test worker] DEBUG o.s.w.r.r.v.ViewResolutionResultHandler - [4d4772a] Using 'text/html' given [*/*] and supported [text/html]
16:32:54.282 [Test worker] DEBUG o.s.w.r.r.v.ViewResolutionResultHandler - [b5472d8] Using 'text/html' given [*/*] and supported [text/html]
16:32:54.306 [Test worker] DEBUG o.s.w.r.r.v.ViewResolutionResultHandler - [3a97953f] Using 'text/html' given [*/*] and supported [text/html]
16:32:54.314 [Test worker] DEBUG o.s.w.r.r.v.ViewResolutionResultHandler - [3911ed3f] Using 'text/html' given [*/*] and supported [text/html]
16:32:54.320 [Test worker] DEBUG o.s.w.r.r.v.ViewResolutionResultHandler - [1b0a9892] Using 'text/html' given [*/*] and supported [text/html]
16:32:54.342 [Test worker] DEBUG o.s.w.r.r.v.RedirectView - [47402734] View name 'redirect:/', model {}
16:32:54.349 [Test worker] DEBUG o.s.w.r.r.v.ViewResolutionResultHandler - [5db6a5c0] Using 'application/json' given [application/json] and supported [text/html, application/json]
16:32:54.358 [Test worker] DEBUG o.s.w.r.r.v.ViewResolutionResultHandler - [35cc6515] Using 'text/html' given [*/*] and supported [text/html]
16:32:54.366 [Test worker] DEBUG o.s.w.r.r.v.ViewResolutionResultHandler - [c49b06a] Using 'text/html' given [*/*] and supported [text/html]
16:32:54.374 [Test worker] DEBUG o.s.w.r.r.v.ViewResolutionResultHandler - [4af64f50] Using 'text/html' given [*/*] and supported [text/html]
16:32:54.380 [Test worker] DEBUG o.s.w.r.r.v.ViewResolutionResultHandler - [22866b6b] Using 'text/html' given [*/*] and supported [text/html]
16:32:54.387 [Test worker] DEBUG o.s.w.r.r.v.ViewResolutionResultHandler - [74b446e3] Using 'text/html' given [*/*] and supported [text/html]
16:32:54.393 [Test worker] DEBUG o.s.w.r.r.v.ViewResolutionResultHandler - [353f72ff] Using 'text/html' given [*/*] and supported [text/html]
16:32:54.399 [Test worker] DEBUG o.s.w.r.r.v.ViewResolutionResultHandler - [4dcb27c7] Using 'text/html' given [*/*] and supported [text/html]
16:32:54.407 [Test worker] DEBUG o.s.w.r.r.v.ViewResolutionResultHandler - [5c07d026] Using 'text/html' given [*/*] and supported [text/html]
16:32:54.414 [Test worker] DEBUG o.s.w.r.r.v.ViewResolutionResultHandler - [ad2161b] Using 'text/html' given [*/*] and supported [text/html]
16:32:54.423 [Test worker] DEBUG o.s.w.r.r.v.ViewResolutionResultHandler - [3231bba6] Using 'text/html' given [*/*] and supported [text/html]
16:32:54.430 [Test worker] DEBUG o.s.w.r.r.v.ViewResolutionResultHandler - [28490135] Using 'text/html' given [*/*] and supported [text/html]
16:32:54.438 [Test worker] DEBUG o.s.w.r.r.v.ViewResolutionResultHandler - [68a3dc20] Using 'text/html' given [*/*] and supported [text/html]
]]></system-out>
  <system-err><![CDATA[]]></system-err>
</testsuite>
