<?xml version="1.0" encoding="UTF-8"?>
<testsuite name="org.springframework.web.reactive.function.server.RequestPredicateAttributesTests" tests="10" skipped="0" failures="0" errors="0" timestamp="2021-05-01T09:53:41" hostname="wangweilideMBP.lan" time="0.055">
  <properties/>
  <testcase name="orLeftSucceed()" classname="org.springframework.web.reactive.function.server.RequestPredicateAttributesTests" time="0.005"/>
  <testcase name="andBothSucceed()" classname="org.springframework.web.reactive.function.server.RequestPredicateAttributesTests" time="0.005"/>
  <testcase name="andLeftSucceed()" classname="org.springframework.web.reactive.function.server.RequestPredicateAttributesTests" time="0.005"/>
  <testcase name="andBothFail()" classname="org.springframework.web.reactive.function.server.RequestPredicateAttributesTests" time="0.004"/>
  <testcase name="negateFail()" classname="org.springframework.web.reactive.function.server.RequestPredicateAttributesTests" time="0.012"/>
  <testcase name="negateSucceed()" classname="org.springframework.web.reactive.function.server.RequestPredicateAttributesTests" time="0.005"/>
  <testcase name="orRightSucceed()" classname="org.springframework.web.reactive.function.server.RequestPredicateAttributesTests" time="0.005"/>
  <testcase name="andRightSucceed()" classname="org.springframework.web.reactive.function.server.RequestPredicateAttributesTests" time="0.005"/>
  <testcase name="orBothFail()" classname="org.springframework.web.reactive.function.server.RequestPredicateAttributesTests" time="0.005"/>
  <testcase name="orBothSucceed()" classname="org.springframework.web.reactive.function.server.RequestPredicateAttributesTests" time="0.004"/>
  <system-out><![CDATA[]]></system-out>
  <system-err><![CDATA[]]></system-err>
</testsuite>
