<?xml version="1.0" encoding="UTF-8"?>
<testsuite name="org.springframework.web.reactive.function.server.support.RouterFunctionMappingTests" tests="3" skipped="0" failures="0" errors="0" timestamp="2021-04-26T08:37:28" hostname="wangweilideMacBook-Pro.local" time="0.028">
  <properties/>
  <testcase name="normal()" classname="org.springframework.web.reactive.function.server.support.RouterFunctionMappingTests" time="0.001"/>
  <testcase name="changeParser()" classname="org.springframework.web.reactive.function.server.support.RouterFunctionMappingTests" time="0.008"/>
  <testcase name="noMatch()" classname="org.springframework.web.reactive.function.server.support.RouterFunctionMappingTests" time="0.001"/>
  <system-out><![CDATA[16:37:28.693 [Test worker] DEBUG o.s.w.r.f.s.s.RouterFunctionMapping - [21ea4b38] Mapped to org.springframework.web.reactive.function.server.support.RouterFunctionMappingTests$$Lambda$1532/0x0000000800e98040@715cc192
16:37:28.709 [Test worker] DEBUG o.s.w.r.f.s.s.RouterFunctionMapping - [72c9a60] Mapped to org.springframework.web.reactive.function.server.support.RouterFunctionMappingTests$$Lambda$1535/0x0000000800e98c40@4bb10d78
]]></system-out>
  <system-err><![CDATA[]]></system-err>
</testsuite>
