<?xml version="1.0" encoding="UTF-8"?>
<testsuite name="org.springframework.web.reactive.handler.SimpleUrlHandlerMappingTests" tests="3" skipped="0" failures="0" errors="0" timestamp="2021-04-26T08:31:54" hostname="wangweilideMacBook-Pro.local" time="3.864">
  <properties/>
  <testcase name="handlerMappingJavaConfig()" classname="org.springframework.web.reactive.handler.SimpleUrlHandlerMappingTests" time="3.37"/>
  <testcase name="handlerMappingXmlConfig()" classname="org.springframework.web.reactive.handler.SimpleUrlHandlerMappingTests" time="0.47"/>
  <testcase name="uriTemplateVariables()" classname="org.springframework.web.reactive.handler.SimpleUrlHandlerMappingTests" time="0.023"/>
  <system-out><![CDATA[16:31:57.222 [Test worker] WARN  o.s.h.c.j.Jackson2ObjectMapperBuilder - For Jackson Kotlin classes support please add "com.fasterxml.jackson.module:jackson-module-kotlin" to the classpath
16:31:57.306 [Test worker] DEBUG o.s.w.r.h.SimpleUrlHandlerMapping - [a902bb1] Mapped to java.lang.Object@5a971637
16:31:57.389 [Test worker] DEBUG o.s.w.r.h.SimpleUrlHandlerMapping - [72563164] Mapped to java.lang.Object@44f7a25f
16:31:57.401 [Test worker] DEBUG o.s.w.r.h.SimpleUrlHandlerMapping - [7361c200] Mapped to java.lang.Object@44f7a25f
16:31:57.410 [Test worker] DEBUG o.s.w.r.h.SimpleUrlHandlerMapping - [71c42126] Mapped to java.lang.Object@5a971637
16:31:57.420 [Test worker] DEBUG o.s.w.r.h.SimpleUrlHandlerMapping - [2e3ff101] Mapped to java.lang.Object@5a971637
16:31:57.607 [Test worker] DEBUG o.s.w.r.h.SimpleUrlHandlerMapping - Patterns [/shortpattern/testing, /*/test.jpeg, /pathmatching??.html, /??path??matching.html, /welcome.html, /administrator/*/pathmatching.html, /anotherTest*, /confirmation.html, /outofpattern*yeah, /administrator/*/testlast*, /sho*, /reservation.html, /payment.html, /*pathmatchingTest.html, /*test*.jpeg, /administrator/another/bla.xml, /path??matching.html, /stillAnotherTestYeah, /show123.html, /bookseats.html, /administrator/testing/longer/*, /administrator/pathmatching.html] in 'mapping'
16:31:57.641 [Test worker] DEBUG o.s.w.r.h.SimpleUrlHandlerMapping - Patterns [/shortpattern/testing, /*/test.jpeg, /pathmatching??.html, /??path??matching.html, /welcome.html, /administrator/*/pathmatching.html, /anotherTest*, /confirmation.html, /outofpattern*yeah, /administrator/*/testlast*, /sho*, /reservation.html, /payment.html, /*pathmatchingTest.html, /*test*.jpeg, /administrator/another/bla.xml, /path??matching.html, /stillAnotherTestYeah, /show123.html, /bookseats.html, /administrator/testing/longer/*, /administrator/pathmatching.html] in 'mapping'
16:31:57.651 [Test worker] DEBUG o.s.w.r.h.SimpleUrlHandlerMapping - [396bbe4a] Mapped to java.lang.Object@151b5b2c
16:31:57.669 [Test worker] DEBUG o.s.w.r.h.SimpleUrlHandlerMapping - [3beb88c] Mapped to java.lang.Object@151b5b2c
16:31:57.684 [Test worker] DEBUG o.s.w.r.h.SimpleUrlHandlerMapping - [2dd80bf2] Mapped to java.lang.Object@151b5b2c
16:31:57.691 [Test worker] DEBUG o.s.w.r.h.SimpleUrlHandlerMapping - [4ac1e8b1] Mapped to java.lang.Object@151b5b2c
16:31:57.708 [Test worker] DEBUG o.s.w.r.h.SimpleUrlHandlerMapping - [79d335b0] Mapped to java.lang.Object@151b5b2c
16:31:57.726 [Test worker] DEBUG o.s.w.r.h.SimpleUrlHandlerMapping - [5178c0b5] Mapped to java.lang.Object@151b5b2c
16:31:57.744 [Test worker] DEBUG o.s.w.r.h.SimpleUrlHandlerMapping - [2dd9d4cc] Mapped to java.lang.Object@151b5b2c
16:31:57.775 [Test worker] DEBUG o.s.w.r.h.SimpleUrlHandlerMapping - [1fabe825] Mapped to java.lang.Object@151b5b2c
16:31:57.785 [Test worker] DEBUG o.s.w.r.h.SimpleUrlHandlerMapping - [7cb730a8] Mapped to java.lang.Object@151b5b2c
16:31:57.812 [Test worker] DEBUG o.s.w.r.h.SimpleUrlHandlerMapping - [6787173e] Mapped to java.lang.Object@151b5b2c
16:31:57.821 [Test worker] DEBUG o.s.w.r.h.SimpleUrlHandlerMapping - [22f04916] Mapped to java.lang.Object@151b5b2c
16:31:57.832 [Test worker] DEBUG o.s.w.r.h.SimpleUrlHandlerMapping - [3080ce0f] Mapped to java.lang.Object@151b5b2c
16:31:57.853 [Test worker] DEBUG o.s.w.r.h.SimpleUrlHandlerMapping - [7eaaf578] Mapped to java.lang.Object@151b5b2c
16:31:57.870 [Test worker] DEBUG o.s.w.r.h.SimpleUrlHandlerMapping - [1d376b2] Mapped to java.lang.Object@151b5b2c
16:31:57.886 [Test worker] DEBUG o.s.w.r.h.SimpleUrlHandlerMapping - [1e3d128e] Mapped to java.lang.Object@151b5b2c
16:31:57.901 [Test worker] DEBUG o.s.w.r.h.SimpleUrlHandlerMapping - Patterns [/foo/{bar}/baz] in <unknown>
16:31:57.914 [Test worker] DEBUG o.s.w.r.h.SimpleUrlHandlerMapping - [1fb36aa4] Mapped to java.lang.Object@d344914
]]></system-out>
  <system-err><![CDATA[]]></system-err>
</testsuite>
