<?xml version="1.0" encoding="UTF-8"?>
<testsuite name="org.springframework.web.reactive.result.method.annotation.RequestMappingExceptionHandlingIntegrationTests" tests="24" skipped="0" failures="0" errors="0" timestamp="2021-04-26T08:32:01" hostname="wangweilideMacBook-Pro.local" time="71.354">
  <properties/>
  <testcase name="[1] org.springframework.web.testfixture.http.server.reactive.bootstrap.JettyHttpServer@4247b701" classname="org.springframework.web.reactive.result.method.annotation.RequestMappingExceptionHandlingIntegrationTests" time="0.944"/>
  <testcase name="[2] org.springframework.web.testfixture.http.server.reactive.bootstrap.ReactorHttpServer@fcfdd4d" classname="org.springframework.web.reactive.result.method.annotation.RequestMappingExceptionHandlingIntegrationTests" time="0.376"/>
  <testcase name="[3] org.springframework.web.testfixture.http.server.reactive.bootstrap.TomcatHttpServer@1e98b9d7" classname="org.springframework.web.reactive.result.method.annotation.RequestMappingExceptionHandlingIntegrationTests" time="11.909"/>
  <testcase name="[4] org.springframework.web.testfixture.http.server.reactive.bootstrap.UndertowHttpServer@665dfa99" classname="org.springframework.web.reactive.result.method.annotation.RequestMappingExceptionHandlingIntegrationTests" time="0.229"/>
  <testcase name="[1] org.springframework.web.testfixture.http.server.reactive.bootstrap.JettyHttpServer@7e5cc905" classname="org.springframework.web.reactive.result.method.annotation.RequestMappingExceptionHandlingIntegrationTests" time="0.053"/>
  <testcase name="[2] org.springframework.web.testfixture.http.server.reactive.bootstrap.ReactorHttpServer@5f0e143c" classname="org.springframework.web.reactive.result.method.annotation.RequestMappingExceptionHandlingIntegrationTests" time="0.054"/>
  <testcase name="[3] org.springframework.web.testfixture.http.server.reactive.bootstrap.TomcatHttpServer@2d32f37" classname="org.springframework.web.reactive.result.method.annotation.RequestMappingExceptionHandlingIntegrationTests" time="11.179"/>
  <testcase name="[4] org.springframework.web.testfixture.http.server.reactive.bootstrap.UndertowHttpServer@3244c5be" classname="org.springframework.web.reactive.result.method.annotation.RequestMappingExceptionHandlingIntegrationTests" time="0.045"/>
  <testcase name="[1] org.springframework.web.testfixture.http.server.reactive.bootstrap.JettyHttpServer@675615a0" classname="org.springframework.web.reactive.result.method.annotation.RequestMappingExceptionHandlingIntegrationTests" time="0.076"/>
  <testcase name="[2] org.springframework.web.testfixture.http.server.reactive.bootstrap.ReactorHttpServer@77466923" classname="org.springframework.web.reactive.result.method.annotation.RequestMappingExceptionHandlingIntegrationTests" time="0.049"/>
  <testcase name="[3] org.springframework.web.testfixture.http.server.reactive.bootstrap.TomcatHttpServer@183fc701" classname="org.springframework.web.reactive.result.method.annotation.RequestMappingExceptionHandlingIntegrationTests" time="11.212"/>
  <testcase name="[4] org.springframework.web.testfixture.http.server.reactive.bootstrap.UndertowHttpServer@27e9b07d" classname="org.springframework.web.reactive.result.method.annotation.RequestMappingExceptionHandlingIntegrationTests" time="0.05"/>
  <testcase name="[1] org.springframework.web.testfixture.http.server.reactive.bootstrap.JettyHttpServer@3882bf44" classname="org.springframework.web.reactive.result.method.annotation.RequestMappingExceptionHandlingIntegrationTests" time="0.048"/>
  <testcase name="[2] org.springframework.web.testfixture.http.server.reactive.bootstrap.ReactorHttpServer@3309f135" classname="org.springframework.web.reactive.result.method.annotation.RequestMappingExceptionHandlingIntegrationTests" time="0.049"/>
  <testcase name="[3] org.springframework.web.testfixture.http.server.reactive.bootstrap.TomcatHttpServer@4c404e58" classname="org.springframework.web.reactive.result.method.annotation.RequestMappingExceptionHandlingIntegrationTests" time="11.167"/>
  <testcase name="[4] org.springframework.web.testfixture.http.server.reactive.bootstrap.UndertowHttpServer@2338f2ad" classname="org.springframework.web.reactive.result.method.annotation.RequestMappingExceptionHandlingIntegrationTests" time="0.109"/>
  <testcase name="[1] org.springframework.web.testfixture.http.server.reactive.bootstrap.JettyHttpServer@286cb210" classname="org.springframework.web.reactive.result.method.annotation.RequestMappingExceptionHandlingIntegrationTests" time="0.274"/>
  <testcase name="[2] org.springframework.web.testfixture.http.server.reactive.bootstrap.ReactorHttpServer@68892f1d" classname="org.springframework.web.reactive.result.method.annotation.RequestMappingExceptionHandlingIntegrationTests" time="0.496"/>
  <testcase name="[3] org.springframework.web.testfixture.http.server.reactive.bootstrap.TomcatHttpServer@11a07446" classname="org.springframework.web.reactive.result.method.annotation.RequestMappingExceptionHandlingIntegrationTests" time="11.244"/>
  <testcase name="[4] org.springframework.web.testfixture.http.server.reactive.bootstrap.UndertowHttpServer@107708e5" classname="org.springframework.web.reactive.result.method.annotation.RequestMappingExceptionHandlingIntegrationTests" time="0.272"/>
  <testcase name="[1] org.springframework.web.testfixture.http.server.reactive.bootstrap.JettyHttpServer@1ff6b55c" classname="org.springframework.web.reactive.result.method.annotation.RequestMappingExceptionHandlingIntegrationTests" time="0.09"/>
  <testcase name="[2] org.springframework.web.testfixture.http.server.reactive.bootstrap.ReactorHttpServer@55aa0fcc" classname="org.springframework.web.reactive.result.method.annotation.RequestMappingExceptionHandlingIntegrationTests" time="0.064"/>
  <testcase name="[3] org.springframework.web.testfixture.http.server.reactive.bootstrap.TomcatHttpServer@68066aa5" classname="org.springframework.web.reactive.result.method.annotation.RequestMappingExceptionHandlingIntegrationTests" time="11.137"/>
  <testcase name="[4] org.springframework.web.testfixture.http.server.reactive.bootstrap.UndertowHttpServer@155ef8f5" classname="org.springframework.web.reactive.result.method.annotation.RequestMappingExceptionHandlingIntegrationTests" time="0.039"/>
  <system-out><![CDATA[16:32:01.461 [Test worker] DEBUG o.s.w.r.r.m.a.RequestMappingHandlerMapping - 6 mappings in 'requestMappingHandlerMapping'
16:32:01.589 [Test worker] INFO  o.h.v.i.u.Version - HV000001: Hibernate Validator 6.2.0.Final
16:32:01.816 [Test worker] DEBUG o.s.w.r.r.m.a.ControllerMethodResolver - ControllerAdvice beans: none
16:32:01.855 [Test worker] DEBUG o.s.w.s.a.HttpWebHandlerAdapter - enableLoggingRequestDetails='false': form data and headers will be masked to prevent unsafe logging of potentially sensitive data
16:32:01.872 [Test worker] INFO  o.e.j.u.log - Logging initialized @10318ms to org.eclipse.jetty.util.log.Slf4jLog
16:32:01.914 [Test worker] WARN  o.e.j.s.h.ContextHandler - Empty contextPath
16:32:01.951 [Test worker] INFO  o.e.j.s.h.ContextHandler - Started o.e.j.s.ServletContextHandler@530afe3f{/,null,AVAILABLE}
16:32:01.985 [Test worker] DEBUG o.s.w.t.h.s.r.b.JettyHttpServer - Starting JettyHttpServer...
16:32:01.990 [Test worker] INFO  o.e.j.s.Server - jetty-9.4.39.v20210325; built: 2021-03-25T14:42:11.471Z; git: 9fc7ca5a922f2a37b84ec9dbc26a5168cee7e667; jvm 11.0.9+7-LTS
16:32:02.031 [Test worker] INFO  o.e.j.s.AbstractConnector - Started ServerConnector@7ad5bca5{HTTP/1.1, (http/1.1)}{0.0.0.0:61196}
16:32:02.031 [Test worker] INFO  o.e.j.s.Server - Started @10479ms
16:32:02.032 [Test worker] DEBUG o.s.w.t.h.s.r.b.JettyHttpServer - Server started on port 61196(0 millis).
16:32:02.046 [Test worker] DEBUG o.s.w.c.RestTemplate - HTTP GET http://localhost:61196/mono-error
16:32:02.052 [Test worker] DEBUG o.s.w.c.RestTemplate - Accept=[text/plain, application/json, application/x-jackson-smile, application/*+json, */*]
16:32:02.165 [qtp797180467-41] DEBUG o.s.w.s.a.HttpWebHandlerAdapter - [5676af8e] HTTP GET "/mono-error"
16:32:02.173 [qtp797180467-41] DEBUG o.s.w.r.r.m.a.RequestMappingHandlerMapping - [5676af8e] Mapped to org.springframework.web.reactive.result.method.annotation.RequestMappingExceptionHandlingIntegrationTests$TestController#handleWithError()
16:32:02.188 [qtp797180467-41] DEBUG o.s.w.r.r.m.a.ResponseBodyResultHandler - [5676af8e] Using 'text/plain;charset=UTF-8' given [text/plain, application/json, application/x-jackson-smile, application/*+json, */*] and supported [text/plain;charset=UTF-8, text/event-stream, text/plain;charset=UTF-8, */*]
16:32:02.188 [qtp797180467-41] DEBUG o.s.w.r.r.m.a.ResponseBodyResultHandler - [5676af8e] 0..1 [java.lang.String]
16:32:02.203 [qtp797180467-41] DEBUG o.s.w.r.r.m.a.RequestMappingHandlerAdapter - [5676af8e] Using @ExceptionHandler org.springframework.web.reactive.result.method.annotation.RequestMappingExceptionHandlingIntegrationTests$TestController#handleArgumentException(IllegalArgumentException)
16:32:02.207 [qtp797180467-41] DEBUG o.s.w.r.r.m.a.ResponseBodyResultHandler - [5676af8e] Using 'text/plain;charset=UTF-8' given [text/plain, application/json, application/x-jackson-smile, application/*+json, */*] and supported [text/plain;charset=UTF-8, text/event-stream, text/plain;charset=UTF-8, */*]
16:32:02.207 [qtp797180467-41] DEBUG o.s.w.r.r.m.a.ResponseBodyResultHandler - [5676af8e] 0..1 [java.lang.String]
16:32:02.208 [qtp797180467-41] DEBUG o.s.c.c.CharSequenceEncoder - [5676af8e] Writing "Recovered from error: Argument"
16:32:02.229 [qtp797180467-41] DEBUG o.s.w.s.a.HttpWebHandlerAdapter - [5676af8e] Completed 200 OK
16:32:02.229 [Test worker] DEBUG o.s.w.c.RestTemplate - Response 200 OK
16:32:02.230 [Test worker] DEBUG o.s.w.c.RestTemplate - Reading to [java.lang.String] as "text/plain;charset=utf-8"
16:32:02.235 [Test worker] DEBUG o.s.w.t.h.s.r.b.JettyHttpServer - Stopping JettyHttpServer...
16:32:02.236 [Test worker] INFO  o.e.j.s.h.ContextHandler - Stopped o.e.j.s.ServletContextHandler@530afe3f{/,null,STOPPED}
16:32:02.251 [Test worker] INFO  o.e.j.s.AbstractConnector - Stopped ServerConnector@7ad5bca5{HTTP/1.1, (http/1.1)}{0.0.0.0:0}
16:32:02.252 [Test worker] DEBUG o.s.w.t.h.s.r.b.JettyHttpServer - Server stopped (0 millis).
16:32:02.316 [Test worker] DEBUG o.s.w.r.r.m.a.RequestMappingHandlerMapping - 6 mappings in 'requestMappingHandlerMapping'
16:32:02.337 [Test worker] DEBUG o.s.w.r.r.m.a.ControllerMethodResolver - ControllerAdvice beans: none
16:32:02.344 [Test worker] DEBUG o.s.w.s.a.HttpWebHandlerAdapter - enableLoggingRequestDetails='false': form data and headers will be masked to prevent unsafe logging of potentially sensitive data
16:32:02.383 [Test worker] DEBUG o.s.w.t.h.s.r.b.ReactorHttpServer - Starting ReactorHttpServer...
16:32:02.515 [Test worker] DEBUG o.s.w.t.h.s.r.b.ReactorHttpServer - Server started on port 61200(0 millis).
16:32:02.515 [Test worker] DEBUG o.s.w.c.RestTemplate - HTTP GET http://localhost:61200/mono-error
16:32:02.516 [Test worker] DEBUG o.s.w.c.RestTemplate - Accept=[text/plain, application/json, application/x-jackson-smile, application/*+json, */*]
16:32:02.631 [reactor-http-nio-2] DEBUG o.s.w.s.a.HttpWebHandlerAdapter - [5f14eac5-1, L:/127.0.0.1:61200 - R:/127.0.0.1:61201] HTTP GET "/mono-error"
16:32:02.632 [reactor-http-nio-2] DEBUG o.s.w.r.r.m.a.RequestMappingHandlerMapping - [5f14eac5-1, L:/127.0.0.1:61200 - R:/127.0.0.1:61201] Mapped to org.springframework.web.reactive.result.method.annotation.RequestMappingExceptionHandlingIntegrationTests$TestController#handleWithError()
16:32:02.634 [reactor-http-nio-2] DEBUG o.s.w.r.r.m.a.ResponseBodyResultHandler - [5f14eac5-1, L:/127.0.0.1:61200 - R:/127.0.0.1:61201] Using 'text/plain;charset=UTF-8' given [text/plain, application/json, application/x-jackson-smile, application/*+json, */*] and supported [text/plain;charset=UTF-8, text/event-stream, text/plain;charset=UTF-8, */*]
16:32:02.634 [reactor-http-nio-2] DEBUG o.s.w.r.r.m.a.ResponseBodyResultHandler - [5f14eac5-1, L:/127.0.0.1:61200 - R:/127.0.0.1:61201] 0..1 [java.lang.String]
16:32:02.635 [reactor-http-nio-2] DEBUG o.s.w.r.r.m.a.RequestMappingHandlerAdapter - [5f14eac5-1, L:/127.0.0.1:61200 - R:/127.0.0.1:61201] Using @ExceptionHandler org.springframework.web.reactive.result.method.annotation.RequestMappingExceptionHandlingIntegrationTests$TestController#handleArgumentException(IllegalArgumentException)
16:32:02.635 [reactor-http-nio-2] DEBUG o.s.w.r.r.m.a.ResponseBodyResultHandler - [5f14eac5-1, L:/127.0.0.1:61200 - R:/127.0.0.1:61201] Using 'text/plain;charset=UTF-8' given [text/plain, application/json, application/x-jackson-smile, application/*+json, */*] and supported [text/plain;charset=UTF-8, text/event-stream, text/plain;charset=UTF-8, */*]
16:32:02.635 [reactor-http-nio-2] DEBUG o.s.w.r.r.m.a.ResponseBodyResultHandler - [5f14eac5-1, L:/127.0.0.1:61200 - R:/127.0.0.1:61201] 0..1 [java.lang.String]
16:32:02.636 [reactor-http-nio-2] DEBUG o.s.c.c.CharSequenceEncoder - [5f14eac5-1, L:/127.0.0.1:61200 - R:/127.0.0.1:61201] Writing "Recovered from error: Argument"
16:32:02.641 [Test worker] DEBUG o.s.w.c.RestTemplate - Response 200 OK
16:32:02.641 [Test worker] DEBUG o.s.w.c.RestTemplate - Reading to [java.lang.String] as "text/plain;charset=UTF-8"
16:32:02.642 [Test worker] DEBUG o.s.w.t.h.s.r.b.ReactorHttpServer - Stopping ReactorHttpServer...
16:32:02.643 [reactor-http-nio-2] DEBUG o.s.w.s.a.HttpWebHandlerAdapter - [5f14eac5-1, L:/127.0.0.1:61200 - R:/127.0.0.1:61201] Completed 200 OK
16:32:02.643 [Test worker] DEBUG o.s.w.t.h.s.r.b.ReactorHttpServer - Server stopped (0 millis).
16:32:02.691 [Test worker] DEBUG o.s.w.r.r.m.a.RequestMappingHandlerMapping - 6 mappings in 'requestMappingHandlerMapping'
16:32:02.711 [Test worker] DEBUG o.s.w.r.r.m.a.ControllerMethodResolver - ControllerAdvice beans: none
16:32:02.717 [Test worker] DEBUG o.s.w.s.a.HttpWebHandlerAdapter - enableLoggingRequestDetails='false': form data and headers will be masked to prevent unsafe logging of potentially sensitive data
16:32:02.814 [Test worker] DEBUG o.s.w.t.h.s.r.b.TomcatHttpServer - Starting TomcatHttpServer...
16:32:03.307 [Test worker] DEBUG o.s.w.t.h.s.r.b.TomcatHttpServer - Server started on port 61208(0 millis).
16:32:03.308 [Test worker] DEBUG o.s.w.c.RestTemplate - HTTP GET http://localhost:61208/mono-error
16:32:03.308 [Test worker] DEBUG o.s.w.c.RestTemplate - Accept=[text/plain, application/json, application/x-jackson-smile, application/*+json, */*]
16:32:03.373 [http-nio-auto-1-exec-1] DEBUG o.s.w.s.a.HttpWebHandlerAdapter - [4552a566] HTTP GET "/mono-error"
16:32:03.373 [http-nio-auto-1-exec-1] DEBUG o.s.w.r.r.m.a.RequestMappingHandlerMapping - [4552a566] Mapped to org.springframework.web.reactive.result.method.annotation.RequestMappingExceptionHandlingIntegrationTests$TestController#handleWithError()
16:32:03.375 [http-nio-auto-1-exec-1] DEBUG o.s.w.r.r.m.a.ResponseBodyResultHandler - [4552a566] Using 'text/plain;charset=UTF-8' given [text/plain, application/json, application/x-jackson-smile, application/*+json, */*] and supported [text/plain;charset=UTF-8, text/event-stream, text/plain;charset=UTF-8, */*]
16:32:03.375 [http-nio-auto-1-exec-1] DEBUG o.s.w.r.r.m.a.ResponseBodyResultHandler - [4552a566] 0..1 [java.lang.String]
16:32:03.376 [http-nio-auto-1-exec-1] DEBUG o.s.w.r.r.m.a.RequestMappingHandlerAdapter - [4552a566] Using @ExceptionHandler org.springframework.web.reactive.result.method.annotation.RequestMappingExceptionHandlingIntegrationTests$TestController#handleArgumentException(IllegalArgumentException)
16:32:03.376 [http-nio-auto-1-exec-1] DEBUG o.s.w.r.r.m.a.ResponseBodyResultHandler - [4552a566] Using 'text/plain;charset=UTF-8' given [text/plain, application/json, application/x-jackson-smile, application/*+json, */*] and supported [text/plain;charset=UTF-8, text/event-stream, text/plain;charset=UTF-8, */*]
16:32:03.376 [http-nio-auto-1-exec-1] DEBUG o.s.w.r.r.m.a.ResponseBodyResultHandler - [4552a566] 0..1 [java.lang.String]
16:32:03.376 [http-nio-auto-1-exec-1] DEBUG o.s.c.c.CharSequenceEncoder - [4552a566] Writing "Recovered from error: Argument"
16:32:03.379 [http-nio-auto-1-exec-1] DEBUG o.s.w.s.a.HttpWebHandlerAdapter - [4552a566] Completed 200 OK
16:32:03.380 [Test worker] DEBUG o.s.w.c.RestTemplate - Response 200 OK
16:32:03.380 [Test worker] DEBUG o.s.w.c.RestTemplate - Reading to [java.lang.String] as "text/plain;charset=UTF-8"
16:32:03.381 [Test worker] DEBUG o.s.w.t.h.s.r.b.TomcatHttpServer - Stopping TomcatHttpServer...
16:32:14.558 [Test worker] DEBUG o.s.w.t.h.s.r.b.TomcatHttpServer - Server stopped (0 millis).
16:32:14.594 [Test worker] DEBUG o.s.w.r.r.m.a.RequestMappingHandlerMapping - 6 mappings in 'requestMappingHandlerMapping'
16:32:14.609 [Test worker] DEBUG o.s.w.r.r.m.a.ControllerMethodResolver - ControllerAdvice beans: none
16:32:14.613 [Test worker] DEBUG o.s.w.s.a.HttpWebHandlerAdapter - enableLoggingRequestDetails='false': form data and headers will be masked to prevent unsafe logging of potentially sensitive data
16:32:14.618 [Test worker] DEBUG o.s.w.t.h.s.r.b.UndertowHttpServer - Starting UndertowHttpServer...
16:32:14.627 [Test worker] INFO  i.undertow - starting server: Undertow - 2.2.7.Final
16:32:14.636 [Test worker] INFO  o.xnio - XNIO version 3.8.0.Final
16:32:14.652 [Test worker] INFO  o.x.nio - XNIO NIO Implementation Version 3.8.0.Final
16:32:14.682 [Test worker] INFO  o.j.threads - JBoss Threads version 3.1.0.Final
16:32:14.747 [Test worker] DEBUG o.s.w.t.h.s.r.b.UndertowHttpServer - Server started on port 61244(0 millis).
16:32:14.748 [Test worker] DEBUG o.s.w.c.RestTemplate - HTTP GET http://localhost:61244/mono-error
16:32:14.748 [Test worker] DEBUG o.s.w.c.RestTemplate - Accept=[text/plain, application/json, application/x-jackson-smile, application/*+json, */*]
16:32:14.777 [XNIO-1 I/O-4] DEBUG o.s.w.s.a.HttpWebHandlerAdapter - [11751105-1] HTTP GET "/mono-error"
16:32:14.777 [XNIO-1 I/O-4] DEBUG o.s.w.r.r.m.a.RequestMappingHandlerMapping - [11751105-1] Mapped to org.springframework.web.reactive.result.method.annotation.RequestMappingExceptionHandlingIntegrationTests$TestController#handleWithError()
16:32:14.778 [XNIO-1 I/O-4] DEBUG o.s.w.r.r.m.a.ResponseBodyResultHandler - [11751105-1] Using 'text/plain;charset=UTF-8' given [text/plain, application/json, application/x-jackson-smile, application/*+json, */*] and supported [text/plain;charset=UTF-8, text/event-stream, text/plain;charset=UTF-8, */*]
16:32:14.778 [XNIO-1 I/O-4] DEBUG o.s.w.r.r.m.a.ResponseBodyResultHandler - [11751105-1] 0..1 [java.lang.String]
16:32:14.779 [XNIO-1 I/O-4] DEBUG o.s.w.r.r.m.a.RequestMappingHandlerAdapter - [11751105-1] Using @ExceptionHandler org.springframework.web.reactive.result.method.annotation.RequestMappingExceptionHandlingIntegrationTests$TestController#handleArgumentException(IllegalArgumentException)
16:32:14.779 [XNIO-1 I/O-4] DEBUG o.s.w.r.r.m.a.ResponseBodyResultHandler - [11751105-1] Using 'text/plain;charset=UTF-8' given [text/plain, application/json, application/x-jackson-smile, application/*+json, */*] and supported [text/plain;charset=UTF-8, text/event-stream, text/plain;charset=UTF-8, */*]
16:32:14.779 [XNIO-1 I/O-4] DEBUG o.s.w.r.r.m.a.ResponseBodyResultHandler - [11751105-1] 0..1 [java.lang.String]
16:32:14.780 [XNIO-1 I/O-4] DEBUG o.s.c.c.CharSequenceEncoder - [11751105-1] Writing "Recovered from error: Argument"
16:32:14.786 [Test worker] DEBUG o.s.w.c.RestTemplate - Response 200 OK
16:32:14.786 [Test worker] DEBUG o.s.w.c.RestTemplate - Reading to [java.lang.String] as "text/plain;charset=UTF-8"
16:32:14.787 [XNIO-1 I/O-4] DEBUG o.s.w.s.a.HttpWebHandlerAdapter - [11751105-1] Completed 200 OK
16:32:14.787 [Test worker] DEBUG o.s.w.t.h.s.r.b.UndertowHttpServer - Stopping UndertowHttpServer...
16:32:14.787 [Test worker] INFO  i.undertow - stopping server: Undertow - 2.2.7.Final
16:32:14.793 [Test worker] DEBUG o.s.w.t.h.s.r.b.UndertowHttpServer - Server stopped (0 millis).
16:32:14.824 [Test worker] DEBUG o.s.w.r.r.m.a.RequestMappingHandlerMapping - 6 mappings in 'requestMappingHandlerMapping'
16:32:14.836 [Test worker] DEBUG o.s.w.r.r.m.a.ControllerMethodResolver - ControllerAdvice beans: none
16:32:14.840 [Test worker] DEBUG o.s.w.s.a.HttpWebHandlerAdapter - enableLoggingRequestDetails='false': form data and headers will be masked to prevent unsafe logging of potentially sensitive data
16:32:14.840 [Test worker] WARN  o.e.j.s.h.ContextHandler - Empty contextPath
16:32:14.841 [Test worker] INFO  o.e.j.s.h.ContextHandler - Started o.e.j.s.ServletContextHandler@7954d359{/,null,AVAILABLE}
16:32:14.841 [Test worker] DEBUG o.s.w.t.h.s.r.b.JettyHttpServer - Starting JettyHttpServer...
16:32:14.841 [Test worker] INFO  o.e.j.s.Server - jetty-9.4.39.v20210325; built: 2021-03-25T14:42:11.471Z; git: 9fc7ca5a922f2a37b84ec9dbc26a5168cee7e667; jvm 11.0.9+7-LTS
16:32:14.845 [Test worker] INFO  o.e.j.s.AbstractConnector - Started ServerConnector@65196d94{HTTP/1.1, (http/1.1)}{0.0.0.0:61248}
16:32:14.845 [Test worker] INFO  o.e.j.s.Server - Started @23292ms
16:32:14.845 [Test worker] DEBUG o.s.w.t.h.s.r.b.JettyHttpServer - Server started on port 61248(0 millis).
16:32:14.845 [Test worker] DEBUG o.s.w.c.RestTemplate - HTTP GET http://localhost:61248/thrown-exception-with-cause-to-handle
16:32:14.845 [Test worker] DEBUG o.s.w.c.RestTemplate - Accept=[text/plain, application/json, application/x-jackson-smile, application/*+json, */*]
16:32:14.847 [qtp25943929-89] DEBUG o.s.w.s.a.HttpWebHandlerAdapter - [1a3ed0a6] HTTP GET "/thrown-exception-with-cause-to-handle"
16:32:14.847 [qtp25943929-89] DEBUG o.s.w.r.r.m.a.RequestMappingHandlerMapping - [1a3ed0a6] Mapped to org.springframework.web.reactive.result.method.annotation.RequestMappingExceptionHandlingIntegrationTests$TestController#handleAndThrowExceptionWithCauseToHandle()
16:32:14.848 [qtp25943929-89] DEBUG o.s.w.r.r.m.a.RequestMappingHandlerAdapter - [1a3ed0a6] Using @ExceptionHandler org.springframework.web.reactive.result.method.annotation.RequestMappingExceptionHandlingIntegrationTests$TestController#handleArgumentException(IOException)
16:32:14.849 [qtp25943929-89] DEBUG o.s.w.r.r.m.a.ResponseBodyResultHandler - [1a3ed0a6] Using 'text/plain;charset=UTF-8' given [text/plain, application/json, application/x-jackson-smile, application/*+json, */*] and supported [text/plain;charset=UTF-8, text/event-stream, text/plain;charset=UTF-8, */*]
16:32:14.849 [qtp25943929-89] DEBUG o.s.w.r.r.m.a.ResponseBodyResultHandler - [1a3ed0a6] 0..1 [java.lang.String]
16:32:14.849 [qtp25943929-89] DEBUG o.s.c.c.CharSequenceEncoder - [1a3ed0a6] Writing "Recovered from error: IO"
16:32:14.850 [qtp25943929-89] DEBUG o.s.w.s.a.HttpWebHandlerAdapter - [1a3ed0a6] Completed 200 OK
16:32:14.850 [Test worker] DEBUG o.s.w.c.RestTemplate - Response 200 OK
16:32:14.850 [Test worker] DEBUG o.s.w.c.RestTemplate - Reading to [java.lang.String] as "text/plain;charset=utf-8"
16:32:14.850 [Test worker] DEBUG o.s.w.t.h.s.r.b.JettyHttpServer - Stopping JettyHttpServer...
16:32:14.851 [Test worker] INFO  o.e.j.s.h.ContextHandler - Stopped o.e.j.s.ServletContextHandler@7954d359{/,null,STOPPED}
16:32:14.852 [Test worker] INFO  o.e.j.s.AbstractConnector - Stopped ServerConnector@65196d94{HTTP/1.1, (http/1.1)}{0.0.0.0:0}
16:32:14.853 [Test worker] DEBUG o.s.w.t.h.s.r.b.JettyHttpServer - Server stopped (0 millis).
16:32:14.881 [Test worker] DEBUG o.s.w.r.r.m.a.RequestMappingHandlerMapping - 6 mappings in 'requestMappingHandlerMapping'
16:32:14.894 [Test worker] DEBUG o.s.w.r.r.m.a.ControllerMethodResolver - ControllerAdvice beans: none
16:32:14.897 [Test worker] DEBUG o.s.w.s.a.HttpWebHandlerAdapter - enableLoggingRequestDetails='false': form data and headers will be masked to prevent unsafe logging of potentially sensitive data
16:32:14.897 [Test worker] DEBUG o.s.w.t.h.s.r.b.ReactorHttpServer - Starting ReactorHttpServer...
16:32:14.899 [Test worker] DEBUG o.s.w.t.h.s.r.b.ReactorHttpServer - Server started on port 61250(0 millis).
16:32:14.899 [Test worker] DEBUG o.s.w.c.RestTemplate - HTTP GET http://localhost:61250/thrown-exception-with-cause-to-handle
16:32:14.899 [Test worker] DEBUG o.s.w.c.RestTemplate - Accept=[text/plain, application/json, application/x-jackson-smile, application/*+json, */*]
16:32:14.909 [reactor-http-nio-4] DEBUG o.s.w.s.a.HttpWebHandlerAdapter - [9fce623c-1, L:/127.0.0.1:61250 - R:/127.0.0.1:61251] HTTP GET "/thrown-exception-with-cause-to-handle"
16:32:14.909 [reactor-http-nio-4] DEBUG o.s.w.r.r.m.a.RequestMappingHandlerMapping - [9fce623c-1, L:/127.0.0.1:61250 - R:/127.0.0.1:61251] Mapped to org.springframework.web.reactive.result.method.annotation.RequestMappingExceptionHandlingIntegrationTests$TestController#handleAndThrowExceptionWithCauseToHandle()
16:32:14.910 [reactor-http-nio-4] DEBUG o.s.w.r.r.m.a.RequestMappingHandlerAdapter - [9fce623c-1, L:/127.0.0.1:61250 - R:/127.0.0.1:61251] Using @ExceptionHandler org.springframework.web.reactive.result.method.annotation.RequestMappingExceptionHandlingIntegrationTests$TestController#handleArgumentException(IOException)
16:32:14.911 [reactor-http-nio-4] DEBUG o.s.w.r.r.m.a.ResponseBodyResultHandler - [9fce623c-1, L:/127.0.0.1:61250 - R:/127.0.0.1:61251] Using 'text/plain;charset=UTF-8' given [text/plain, application/json, application/x-jackson-smile, application/*+json, */*] and supported [text/plain;charset=UTF-8, text/event-stream, text/plain;charset=UTF-8, */*]
16:32:14.911 [reactor-http-nio-4] DEBUG o.s.w.r.r.m.a.ResponseBodyResultHandler - [9fce623c-1, L:/127.0.0.1:61250 - R:/127.0.0.1:61251] 0..1 [java.lang.String]
16:32:14.911 [reactor-http-nio-4] DEBUG o.s.c.c.CharSequenceEncoder - [9fce623c-1, L:/127.0.0.1:61250 - R:/127.0.0.1:61251] Writing "Recovered from error: IO"
16:32:14.912 [reactor-http-nio-4] DEBUG o.s.w.s.a.HttpWebHandlerAdapter - [9fce623c-1, L:/127.0.0.1:61250 - R:/127.0.0.1:61251] Completed 200 OK
16:32:14.912 [Test worker] DEBUG o.s.w.c.RestTemplate - Response 200 OK
16:32:14.912 [Test worker] DEBUG o.s.w.c.RestTemplate - Reading to [java.lang.String] as "text/plain;charset=UTF-8"
16:32:14.913 [Test worker] DEBUG o.s.w.t.h.s.r.b.ReactorHttpServer - Stopping ReactorHttpServer...
16:32:14.913 [Test worker] DEBUG o.s.w.t.h.s.r.b.ReactorHttpServer - Server stopped (0 millis).
16:32:14.940 [Test worker] DEBUG o.s.w.r.r.m.a.RequestMappingHandlerMapping - 6 mappings in 'requestMappingHandlerMapping'
16:32:14.954 [Test worker] DEBUG o.s.w.r.r.m.a.ControllerMethodResolver - ControllerAdvice beans: none
16:32:14.958 [Test worker] DEBUG o.s.w.s.a.HttpWebHandlerAdapter - enableLoggingRequestDetails='false': form data and headers will be masked to prevent unsafe logging of potentially sensitive data
16:32:14.958 [Test worker] DEBUG o.s.w.t.h.s.r.b.TomcatHttpServer - Starting TomcatHttpServer...
16:32:14.966 [Test worker] DEBUG o.s.w.t.h.s.r.b.TomcatHttpServer - Server started on port 61254(0 millis).
16:32:14.966 [Test worker] DEBUG o.s.w.c.RestTemplate - HTTP GET http://localhost:61254/thrown-exception-with-cause-to-handle
16:32:14.966 [Test worker] DEBUG o.s.w.c.RestTemplate - Accept=[text/plain, application/json, application/x-jackson-smile, application/*+json, */*]
16:32:14.968 [http-nio-auto-2-exec-1] DEBUG o.s.w.s.a.HttpWebHandlerAdapter - [6bb25e4e] HTTP GET "/thrown-exception-with-cause-to-handle"
16:32:14.969 [http-nio-auto-2-exec-1] DEBUG o.s.w.r.r.m.a.RequestMappingHandlerMapping - [6bb25e4e] Mapped to org.springframework.web.reactive.result.method.annotation.RequestMappingExceptionHandlingIntegrationTests$TestController#handleAndThrowExceptionWithCauseToHandle()
16:32:14.969 [http-nio-auto-2-exec-1] DEBUG o.s.w.r.r.m.a.RequestMappingHandlerAdapter - [6bb25e4e] Using @ExceptionHandler org.springframework.web.reactive.result.method.annotation.RequestMappingExceptionHandlingIntegrationTests$TestController#handleArgumentException(IOException)
16:32:14.970 [http-nio-auto-2-exec-1] DEBUG o.s.w.r.r.m.a.ResponseBodyResultHandler - [6bb25e4e] Using 'text/plain;charset=UTF-8' given [text/plain, application/json, application/x-jackson-smile, application/*+json, */*] and supported [text/plain;charset=UTF-8, text/event-stream, text/plain;charset=UTF-8, */*]
16:32:14.970 [http-nio-auto-2-exec-1] DEBUG o.s.w.r.r.m.a.ResponseBodyResultHandler - [6bb25e4e] 0..1 [java.lang.String]
16:32:14.970 [http-nio-auto-2-exec-1] DEBUG o.s.c.c.CharSequenceEncoder - [6bb25e4e] Writing "Recovered from error: IO"
16:32:14.971 [http-nio-auto-2-exec-1] DEBUG o.s.w.s.a.HttpWebHandlerAdapter - [6bb25e4e] Completed 200 OK
16:32:14.971 [Test worker] DEBUG o.s.w.c.RestTemplate - Response 200 OK
16:32:14.971 [Test worker] DEBUG o.s.w.c.RestTemplate - Reading to [java.lang.String] as "text/plain;charset=UTF-8"
16:32:14.972 [Test worker] DEBUG o.s.w.t.h.s.r.b.TomcatHttpServer - Stopping TomcatHttpServer...
16:32:26.097 [Test worker] DEBUG o.s.w.t.h.s.r.b.TomcatHttpServer - Server stopped (0 millis).
16:32:26.124 [Test worker] DEBUG o.s.w.r.r.m.a.RequestMappingHandlerMapping - 6 mappings in 'requestMappingHandlerMapping'
16:32:26.135 [Test worker] DEBUG o.s.w.r.r.m.a.ControllerMethodResolver - ControllerAdvice beans: none
16:32:26.138 [Test worker] DEBUG o.s.w.s.a.HttpWebHandlerAdapter - enableLoggingRequestDetails='false': form data and headers will be masked to prevent unsafe logging of potentially sensitive data
16:32:26.138 [Test worker] DEBUG o.s.w.t.h.s.r.b.UndertowHttpServer - Starting UndertowHttpServer...
16:32:26.138 [Test worker] INFO  i.undertow - starting server: Undertow - 2.2.7.Final
16:32:26.142 [Test worker] DEBUG o.s.w.t.h.s.r.b.UndertowHttpServer - Server started on port 61307(0 millis).
16:32:26.142 [Test worker] DEBUG o.s.w.c.RestTemplate - HTTP GET http://localhost:61307/thrown-exception-with-cause-to-handle
16:32:26.142 [Test worker] DEBUG o.s.w.c.RestTemplate - Accept=[text/plain, application/json, application/x-jackson-smile, application/*+json, */*]
16:32:26.143 [XNIO-2 I/O-4] DEBUG o.s.w.s.a.HttpWebHandlerAdapter - [b907210-2] HTTP GET "/thrown-exception-with-cause-to-handle"
16:32:26.143 [XNIO-2 I/O-4] DEBUG o.s.w.r.r.m.a.RequestMappingHandlerMapping - [b907210-2] Mapped to org.springframework.web.reactive.result.method.annotation.RequestMappingExceptionHandlingIntegrationTests$TestController#handleAndThrowExceptionWithCauseToHandle()
16:32:26.144 [XNIO-2 I/O-4] DEBUG o.s.w.r.r.m.a.RequestMappingHandlerAdapter - [b907210-2] Using @ExceptionHandler org.springframework.web.reactive.result.method.annotation.RequestMappingExceptionHandlingIntegrationTests$TestController#handleArgumentException(IOException)
16:32:26.144 [XNIO-2 I/O-4] DEBUG o.s.w.r.r.m.a.ResponseBodyResultHandler - [b907210-2] Using 'text/plain;charset=UTF-8' given [text/plain, application/json, application/x-jackson-smile, application/*+json, */*] and supported [text/plain;charset=UTF-8, text/event-stream, text/plain;charset=UTF-8, */*]
16:32:26.145 [XNIO-2 I/O-4] DEBUG o.s.w.r.r.m.a.ResponseBodyResultHandler - [b907210-2] 0..1 [java.lang.String]
16:32:26.145 [XNIO-2 I/O-4] DEBUG o.s.c.c.CharSequenceEncoder - [b907210-2] Writing "Recovered from error: IO"
16:32:26.145 [XNIO-2 I/O-4] DEBUG o.s.w.s.a.HttpWebHandlerAdapter - [b907210-2] Completed 200 OK
16:32:26.145 [Test worker] DEBUG o.s.w.c.RestTemplate - Response 200 OK
16:32:26.145 [Test worker] DEBUG o.s.w.c.RestTemplate - Reading to [java.lang.String] as "text/plain;charset=UTF-8"
16:32:26.145 [Test worker] DEBUG o.s.w.t.h.s.r.b.UndertowHttpServer - Stopping UndertowHttpServer...
16:32:26.146 [Test worker] INFO  i.undertow - stopping server: Undertow - 2.2.7.Final
16:32:26.147 [Test worker] DEBUG o.s.w.t.h.s.r.b.UndertowHttpServer - Server stopped (0 millis).
16:32:26.174 [Test worker] DEBUG o.s.w.r.r.m.a.RequestMappingHandlerMapping - 6 mappings in 'requestMappingHandlerMapping'
16:32:26.186 [Test worker] DEBUG o.s.w.r.r.m.a.ControllerMethodResolver - ControllerAdvice beans: none
16:32:26.189 [Test worker] DEBUG o.s.w.s.a.HttpWebHandlerAdapter - enableLoggingRequestDetails='false': form data and headers will be masked to prevent unsafe logging of potentially sensitive data
16:32:26.189 [Test worker] WARN  o.e.j.s.h.ContextHandler - Empty contextPath
16:32:26.189 [Test worker] INFO  o.e.j.s.h.ContextHandler - Started o.e.j.s.ServletContextHandler@72e27ae1{/,null,AVAILABLE}
16:32:26.190 [Test worker] DEBUG o.s.w.t.h.s.r.b.JettyHttpServer - Starting JettyHttpServer...
16:32:26.190 [Test worker] INFO  o.e.j.s.Server - jetty-9.4.39.v20210325; built: 2021-03-25T14:42:11.471Z; git: 9fc7ca5a922f2a37b84ec9dbc26a5168cee7e667; jvm 11.0.9+7-LTS
16:32:26.195 [Test worker] INFO  o.e.j.s.AbstractConnector - Started ServerConnector@2a88d26e{HTTP/1.1, (http/1.1)}{0.0.0.0:61309}
16:32:26.195 [Test worker] INFO  o.e.j.s.Server - Started @34642ms
16:32:26.195 [Test worker] DEBUG o.s.w.t.h.s.r.b.JettyHttpServer - Server started on port 61309(0 millis).
16:32:26.195 [Test worker] DEBUG o.s.w.c.RestTemplate - HTTP GET http://localhost:61309/SPR-16318
16:32:26.196 [Test worker] DEBUG o.s.w.c.RestTemplate - Accept=[text/plain, application/json, application/x-jackson-smile, application/*+json, */*]
16:32:26.198 [qtp1174381259-136] DEBUG o.s.w.s.a.HttpWebHandlerAdapter - [2d5980a7] HTTP GET "/SPR-16318"
16:32:26.198 [qtp1174381259-136] DEBUG o.s.w.r.r.m.a.RequestMappingHandlerMapping - [2d5980a7] Mapped to org.springframework.web.reactive.result.method.annotation.RequestMappingExceptionHandlingIntegrationTests$TestController#handleTextPlain()
16:32:26.199 [qtp1174381259-136] DEBUG o.s.w.r.r.m.a.ResponseBodyResultHandler - [2d5980a7] Using 'text/plain' given [text/plain, application/problem+json] and supported [text/plain]
16:32:26.199 [qtp1174381259-136] DEBUG o.s.w.r.r.m.a.ResponseBodyResultHandler - [2d5980a7] 0..1 [java.lang.String]
16:32:26.200 [qtp1174381259-136] DEBUG o.s.w.r.r.m.a.RequestMappingHandlerAdapter - [2d5980a7] Using @ExceptionHandler org.springframework.web.reactive.result.method.annotation.RequestMappingExceptionHandlingIntegrationTests$TestController#handle(Spr16318Exception)
16:32:26.209 [qtp1174381259-136] DEBUG o.s.w.r.r.m.a.ResponseEntityResultHandler - [2d5980a7] Using 'application/problem+json' given [text/plain, application/problem+json] and supported [application/json, application/*+json, application/x-ndjson, application/x-jackson-smile, application/*+x-jackson-smile, text/event-stream]
16:32:26.209 [qtp1174381259-136] DEBUG o.s.w.r.r.m.a.ResponseEntityResultHandler - [2d5980a7] 0..1 [java.util.Map<java.lang.String, java.lang.String>]
16:32:26.219 [qtp1174381259-136] DEBUG o.s.h.c.j.Jackson2JsonEncoder - [2d5980a7] Encoding [{reason=error}]
16:32:26.223 [qtp1174381259-136] DEBUG o.s.w.s.a.HttpWebHandlerAdapter - [2d5980a7] Completed 500 INTERNAL_SERVER_ERROR
16:32:26.223 [Test worker] DEBUG o.s.w.c.RestTemplate - Response 500 INTERNAL_SERVER_ERROR
16:32:26.226 [Test worker] DEBUG o.s.w.t.h.s.r.b.JettyHttpServer - Stopping JettyHttpServer...
16:32:26.226 [Test worker] INFO  o.e.j.s.h.ContextHandler - Stopped o.e.j.s.ServletContextHandler@72e27ae1{/,null,STOPPED}
16:32:26.228 [Test worker] INFO  o.e.j.s.AbstractConnector - Stopped ServerConnector@2a88d26e{HTTP/1.1, (http/1.1)}{0.0.0.0:0}
16:32:26.229 [Test worker] DEBUG o.s.w.t.h.s.r.b.JettyHttpServer - Server stopped (0 millis).
16:32:26.252 [Test worker] DEBUG o.s.w.r.r.m.a.RequestMappingHandlerMapping - 6 mappings in 'requestMappingHandlerMapping'
16:32:26.264 [Test worker] DEBUG o.s.w.r.r.m.a.ControllerMethodResolver - ControllerAdvice beans: none
16:32:26.267 [Test worker] DEBUG o.s.w.s.a.HttpWebHandlerAdapter - enableLoggingRequestDetails='false': form data and headers will be masked to prevent unsafe logging of potentially sensitive data
16:32:26.267 [Test worker] DEBUG o.s.w.t.h.s.r.b.ReactorHttpServer - Starting ReactorHttpServer...
16:32:26.268 [Test worker] DEBUG o.s.w.t.h.s.r.b.ReactorHttpServer - Server started on port 61313(0 millis).
16:32:26.268 [Test worker] DEBUG o.s.w.c.RestTemplate - HTTP GET http://localhost:61313/SPR-16318
16:32:26.269 [Test worker] DEBUG o.s.w.c.RestTemplate - Accept=[text/plain, application/json, application/x-jackson-smile, application/*+json, */*]
16:32:26.279 [reactor-http-nio-6] DEBUG o.s.w.s.a.HttpWebHandlerAdapter - [93ba3af6-1, L:/127.0.0.1:61313 - R:/127.0.0.1:61314] HTTP GET "/SPR-16318"
16:32:26.279 [reactor-http-nio-6] DEBUG o.s.w.r.r.m.a.RequestMappingHandlerMapping - [93ba3af6-1, L:/127.0.0.1:61313 - R:/127.0.0.1:61314] Mapped to org.springframework.web.reactive.result.method.annotation.RequestMappingExceptionHandlingIntegrationTests$TestController#handleTextPlain()
16:32:26.280 [reactor-http-nio-6] DEBUG o.s.w.r.r.m.a.ResponseBodyResultHandler - [93ba3af6-1, L:/127.0.0.1:61313 - R:/127.0.0.1:61314] Using 'text/plain' given [text/plain, application/problem+json] and supported [text/plain]
16:32:26.280 [reactor-http-nio-6] DEBUG o.s.w.r.r.m.a.ResponseBodyResultHandler - [93ba3af6-1, L:/127.0.0.1:61313 - R:/127.0.0.1:61314] 0..1 [java.lang.String]
16:32:26.280 [reactor-http-nio-6] DEBUG o.s.w.r.r.m.a.RequestMappingHandlerAdapter - [93ba3af6-1, L:/127.0.0.1:61313 - R:/127.0.0.1:61314] Using @ExceptionHandler org.springframework.web.reactive.result.method.annotation.RequestMappingExceptionHandlingIntegrationTests$TestController#handle(Spr16318Exception)
16:32:26.281 [reactor-http-nio-6] DEBUG o.s.w.r.r.m.a.ResponseEntityResultHandler - [93ba3af6-1, L:/127.0.0.1:61313 - R:/127.0.0.1:61314] Using 'application/problem+json' given [text/plain, application/problem+json] and supported [application/json, application/*+json, application/x-ndjson, application/x-jackson-smile, application/*+x-jackson-smile, text/event-stream]
16:32:26.281 [reactor-http-nio-6] DEBUG o.s.w.r.r.m.a.ResponseEntityResultHandler - [93ba3af6-1, L:/127.0.0.1:61313 - R:/127.0.0.1:61314] 0..1 [java.util.Map<java.lang.String, java.lang.String>]
16:32:26.281 [reactor-http-nio-6] DEBUG o.s.h.c.j.Jackson2JsonEncoder - [93ba3af6-1, L:/127.0.0.1:61313 - R:/127.0.0.1:61314] Encoding [{reason=error}]
16:32:26.283 [reactor-http-nio-6] DEBUG o.s.w.s.a.HttpWebHandlerAdapter - [93ba3af6-1, L:/127.0.0.1:61313 - R:/127.0.0.1:61314] Completed 500 INTERNAL_SERVER_ERROR
16:32:26.283 [Test worker] DEBUG o.s.w.c.RestTemplate - Response 500 INTERNAL_SERVER_ERROR
16:32:26.284 [Test worker] DEBUG o.s.w.t.h.s.r.b.ReactorHttpServer - Stopping ReactorHttpServer...
16:32:26.284 [Test worker] DEBUG o.s.w.t.h.s.r.b.ReactorHttpServer - Server stopped (0 millis).
16:32:26.310 [Test worker] DEBUG o.s.w.r.r.m.a.RequestMappingHandlerMapping - 6 mappings in 'requestMappingHandlerMapping'
16:32:26.321 [Test worker] DEBUG o.s.w.r.r.m.a.ControllerMethodResolver - ControllerAdvice beans: none
16:32:26.325 [Test worker] DEBUG o.s.w.s.a.HttpWebHandlerAdapter - enableLoggingRequestDetails='false': form data and headers will be masked to prevent unsafe logging of potentially sensitive data
16:32:26.325 [Test worker] DEBUG o.s.w.t.h.s.r.b.TomcatHttpServer - Starting TomcatHttpServer...
16:32:26.330 [Test worker] DEBUG o.s.w.t.h.s.r.b.TomcatHttpServer - Server started on port 61317(0 millis).
16:32:26.331 [Test worker] DEBUG o.s.w.c.RestTemplate - HTTP GET http://localhost:61317/SPR-16318
16:32:26.331 [Test worker] DEBUG o.s.w.c.RestTemplate - Accept=[text/plain, application/json, application/x-jackson-smile, application/*+json, */*]
16:32:26.333 [http-nio-auto-3-exec-1] DEBUG o.s.w.s.a.HttpWebHandlerAdapter - [5e19ba3c] HTTP GET "/SPR-16318"
16:32:26.333 [http-nio-auto-3-exec-1] DEBUG o.s.w.r.r.m.a.RequestMappingHandlerMapping - [5e19ba3c] Mapped to org.springframework.web.reactive.result.method.annotation.RequestMappingExceptionHandlingIntegrationTests$TestController#handleTextPlain()
16:32:26.334 [http-nio-auto-3-exec-1] DEBUG o.s.w.r.r.m.a.ResponseBodyResultHandler - [5e19ba3c] Using 'text/plain' given [text/plain, application/problem+json] and supported [text/plain]
16:32:26.334 [http-nio-auto-3-exec-1] DEBUG o.s.w.r.r.m.a.ResponseBodyResultHandler - [5e19ba3c] 0..1 [java.lang.String]
16:32:26.335 [http-nio-auto-3-exec-1] DEBUG o.s.w.r.r.m.a.RequestMappingHandlerAdapter - [5e19ba3c] Using @ExceptionHandler org.springframework.web.reactive.result.method.annotation.RequestMappingExceptionHandlingIntegrationTests$TestController#handle(Spr16318Exception)
16:32:26.335 [http-nio-auto-3-exec-1] DEBUG o.s.w.r.r.m.a.ResponseEntityResultHandler - [5e19ba3c] Using 'application/problem+json' given [text/plain, application/problem+json] and supported [application/json, application/*+json, application/x-ndjson, application/x-jackson-smile, application/*+x-jackson-smile, text/event-stream]
16:32:26.335 [http-nio-auto-3-exec-1] DEBUG o.s.w.r.r.m.a.ResponseEntityResultHandler - [5e19ba3c] 0..1 [java.util.Map<java.lang.String, java.lang.String>]
16:32:26.336 [http-nio-auto-3-exec-1] DEBUG o.s.h.c.j.Jackson2JsonEncoder - [5e19ba3c] Encoding [{reason=error}]
16:32:26.337 [http-nio-auto-3-exec-1] DEBUG o.s.w.s.a.HttpWebHandlerAdapter - [5e19ba3c] Completed 500 INTERNAL_SERVER_ERROR
16:32:26.337 [Test worker] DEBUG o.s.w.c.RestTemplate - Response 500 INTERNAL_SERVER_ERROR
16:32:26.338 [Test worker] DEBUG o.s.w.t.h.s.r.b.TomcatHttpServer - Stopping TomcatHttpServer...
16:32:37.501 [Test worker] DEBUG o.s.w.t.h.s.r.b.TomcatHttpServer - Server stopped (0 millis).
16:32:37.528 [Test worker] DEBUG o.s.w.r.r.m.a.RequestMappingHandlerMapping - 6 mappings in 'requestMappingHandlerMapping'
16:32:37.539 [Test worker] DEBUG o.s.w.r.r.m.a.ControllerMethodResolver - ControllerAdvice beans: none
16:32:37.541 [Test worker] DEBUG o.s.w.s.a.HttpWebHandlerAdapter - enableLoggingRequestDetails='false': form data and headers will be masked to prevent unsafe logging of potentially sensitive data
16:32:37.541 [Test worker] DEBUG o.s.w.t.h.s.r.b.UndertowHttpServer - Starting UndertowHttpServer...
16:32:37.541 [Test worker] INFO  i.undertow - starting server: Undertow - 2.2.7.Final
16:32:37.546 [Test worker] DEBUG o.s.w.t.h.s.r.b.UndertowHttpServer - Server started on port 61366(0 millis).
16:32:37.546 [Test worker] DEBUG o.s.w.c.RestTemplate - HTTP GET http://localhost:61366/SPR-16318
16:32:37.546 [Test worker] DEBUG o.s.w.c.RestTemplate - Accept=[text/plain, application/json, application/x-jackson-smile, application/*+json, */*]
16:32:37.548 [XNIO-3 I/O-8] DEBUG o.s.w.s.a.HttpWebHandlerAdapter - [152cb025-3] HTTP GET "/SPR-16318"
16:32:37.548 [XNIO-3 I/O-8] DEBUG o.s.w.r.r.m.a.RequestMappingHandlerMapping - [152cb025-3] Mapped to org.springframework.web.reactive.result.method.annotation.RequestMappingExceptionHandlingIntegrationTests$TestController#handleTextPlain()
16:32:37.549 [XNIO-3 I/O-8] DEBUG o.s.w.r.r.m.a.ResponseBodyResultHandler - [152cb025-3] Using 'text/plain' given [text/plain, application/problem+json] and supported [text/plain]
16:32:37.549 [XNIO-3 I/O-8] DEBUG o.s.w.r.r.m.a.ResponseBodyResultHandler - [152cb025-3] 0..1 [java.lang.String]
16:32:37.550 [XNIO-3 I/O-8] DEBUG o.s.w.r.r.m.a.RequestMappingHandlerAdapter - [152cb025-3] Using @ExceptionHandler org.springframework.web.reactive.result.method.annotation.RequestMappingExceptionHandlingIntegrationTests$TestController#handle(Spr16318Exception)
16:32:37.551 [XNIO-3 I/O-8] DEBUG o.s.w.r.r.m.a.ResponseEntityResultHandler - [152cb025-3] Using 'application/problem+json' given [text/plain, application/problem+json] and supported [application/json, application/*+json, application/x-ndjson, application/x-jackson-smile, application/*+x-jackson-smile, text/event-stream]
16:32:37.551 [XNIO-3 I/O-8] DEBUG o.s.w.r.r.m.a.ResponseEntityResultHandler - [152cb025-3] 0..1 [java.util.Map<java.lang.String, java.lang.String>]
16:32:37.551 [XNIO-3 I/O-8] DEBUG o.s.h.c.j.Jackson2JsonEncoder - [152cb025-3] Encoding [{reason=error}]
16:32:37.552 [XNIO-3 I/O-8] DEBUG o.s.w.s.a.HttpWebHandlerAdapter - [152cb025-3] Completed 500 INTERNAL_SERVER_ERROR
16:32:37.552 [Test worker] DEBUG o.s.w.c.RestTemplate - Response 500 INTERNAL_SERVER_ERROR
16:32:37.553 [Test worker] DEBUG o.s.w.t.h.s.r.b.UndertowHttpServer - Stopping UndertowHttpServer...
16:32:37.553 [Test worker] INFO  i.undertow - stopping server: Undertow - 2.2.7.Final
16:32:37.555 [Test worker] DEBUG o.s.w.t.h.s.r.b.UndertowHttpServer - Server stopped (0 millis).
16:32:37.582 [Test worker] DEBUG o.s.w.r.r.m.a.RequestMappingHandlerMapping - 6 mappings in 'requestMappingHandlerMapping'
16:32:37.593 [Test worker] DEBUG o.s.w.r.r.m.a.ControllerMethodResolver - ControllerAdvice beans: none
16:32:37.596 [Test worker] DEBUG o.s.w.s.a.HttpWebHandlerAdapter - enableLoggingRequestDetails='false': form data and headers will be masked to prevent unsafe logging of potentially sensitive data
16:32:37.596 [Test worker] WARN  o.e.j.s.h.ContextHandler - Empty contextPath
16:32:37.597 [Test worker] INFO  o.e.j.s.h.ContextHandler - Started o.e.j.s.ServletContextHandler@d924d7d{/,null,AVAILABLE}
16:32:37.597 [Test worker] DEBUG o.s.w.t.h.s.r.b.JettyHttpServer - Starting JettyHttpServer...
16:32:37.597 [Test worker] INFO  o.e.j.s.Server - jetty-9.4.39.v20210325; built: 2021-03-25T14:42:11.471Z; git: 9fc7ca5a922f2a37b84ec9dbc26a5168cee7e667; jvm 11.0.9+7-LTS
16:32:37.600 [Test worker] INFO  o.e.j.s.AbstractConnector - Started ServerConnector@3c4df043{HTTP/1.1, (http/1.1)}{0.0.0.0:61368}
16:32:37.601 [Test worker] INFO  o.e.j.s.Server - Started @46047ms
16:32:37.601 [Test worker] DEBUG o.s.w.t.h.s.r.b.JettyHttpServer - Server started on port 61368(0 millis).
16:32:37.601 [Test worker] DEBUG o.s.w.c.RestTemplate - HTTP GET http://localhost:61368/thrown-exception
16:32:37.601 [Test worker] DEBUG o.s.w.c.RestTemplate - Accept=[text/plain, application/json, application/x-jackson-smile, application/*+json, */*]
16:32:37.603 [qtp1032796037-183] DEBUG o.s.w.s.a.HttpWebHandlerAdapter - [41f633d2] HTTP GET "/thrown-exception"
16:32:37.603 [qtp1032796037-183] DEBUG o.s.w.r.r.m.a.RequestMappingHandlerMapping - [41f633d2] Mapped to org.springframework.web.reactive.result.method.annotation.RequestMappingExceptionHandlingIntegrationTests$TestController#handleAndThrowException()
16:32:37.604 [qtp1032796037-183] DEBUG o.s.w.r.r.m.a.RequestMappingHandlerAdapter - [41f633d2] Using @ExceptionHandler org.springframework.web.reactive.result.method.annotation.RequestMappingExceptionHandlingIntegrationTests$TestController#handleStateException(IllegalStateException)
16:32:37.604 [qtp1032796037-183] DEBUG o.s.w.r.r.m.a.ResponseEntityResultHandler - [41f633d2] Using 'text/plain;charset=UTF-8' given [text/plain, application/json, application/x-jackson-smile, application/*+json, */*] and supported [text/plain;charset=UTF-8, text/event-stream, text/plain;charset=UTF-8, */*]
16:32:37.604 [qtp1032796037-183] DEBUG o.s.w.r.r.m.a.ResponseEntityResultHandler - [41f633d2] 0..1 [java.lang.String]
16:32:37.604 [qtp1032796037-183] DEBUG o.s.c.c.CharSequenceEncoder - [41f633d2] Writing "Recovered from error: State"
16:32:37.605 [qtp1032796037-183] DEBUG o.s.w.s.a.HttpWebHandlerAdapter - [41f633d2] Completed 200 OK
16:32:37.605 [Test worker] DEBUG o.s.w.c.RestTemplate - Response 200 OK
16:32:37.605 [Test worker] DEBUG o.s.w.c.RestTemplate - Reading to [java.lang.String] as "text/plain;charset=utf-8"
16:32:37.605 [Test worker] DEBUG o.s.w.t.h.s.r.b.JettyHttpServer - Stopping JettyHttpServer...
16:32:37.605 [Test worker] INFO  o.e.j.s.h.ContextHandler - Stopped o.e.j.s.ServletContextHandler@d924d7d{/,null,STOPPED}
16:32:37.608 [Test worker] INFO  o.e.j.s.AbstractConnector - Stopped ServerConnector@3c4df043{HTTP/1.1, (http/1.1)}{0.0.0.0:0}
16:32:37.609 [Test worker] DEBUG o.s.w.t.h.s.r.b.JettyHttpServer - Server stopped (0 millis).
16:32:37.635 [Test worker] DEBUG o.s.w.r.r.m.a.RequestMappingHandlerMapping - 6 mappings in 'requestMappingHandlerMapping'
16:32:37.648 [Test worker] DEBUG o.s.w.r.r.m.a.ControllerMethodResolver - ControllerAdvice beans: none
16:32:37.651 [Test worker] DEBUG o.s.w.s.a.HttpWebHandlerAdapter - enableLoggingRequestDetails='false': form data and headers will be masked to prevent unsafe logging of potentially sensitive data
16:32:37.651 [Test worker] DEBUG o.s.w.t.h.s.r.b.ReactorHttpServer - Starting ReactorHttpServer...
16:32:37.652 [Test worker] DEBUG o.s.w.t.h.s.r.b.ReactorHttpServer - Server started on port 61372(0 millis).
16:32:37.652 [Test worker] DEBUG o.s.w.c.RestTemplate - HTTP GET http://localhost:61372/thrown-exception
16:32:37.652 [Test worker] DEBUG o.s.w.c.RestTemplate - Accept=[text/plain, application/json, application/x-jackson-smile, application/*+json, */*]
16:32:37.661 [reactor-http-nio-8] DEBUG o.s.w.s.a.HttpWebHandlerAdapter - [64c0282c-1, L:/127.0.0.1:61372 - R:/127.0.0.1:61373] HTTP GET "/thrown-exception"
16:32:37.662 [reactor-http-nio-8] DEBUG o.s.w.r.r.m.a.RequestMappingHandlerMapping - [64c0282c-1, L:/127.0.0.1:61372 - R:/127.0.0.1:61373] Mapped to org.springframework.web.reactive.result.method.annotation.RequestMappingExceptionHandlingIntegrationTests$TestController#handleAndThrowException()
16:32:37.662 [reactor-http-nio-8] DEBUG o.s.w.r.r.m.a.RequestMappingHandlerAdapter - [64c0282c-1, L:/127.0.0.1:61372 - R:/127.0.0.1:61373] Using @ExceptionHandler org.springframework.web.reactive.result.method.annotation.RequestMappingExceptionHandlingIntegrationTests$TestController#handleStateException(IllegalStateException)
16:32:37.663 [reactor-http-nio-8] DEBUG o.s.w.r.r.m.a.ResponseEntityResultHandler - [64c0282c-1, L:/127.0.0.1:61372 - R:/127.0.0.1:61373] Using 'text/plain;charset=UTF-8' given [text/plain, application/json, application/x-jackson-smile, application/*+json, */*] and supported [text/plain;charset=UTF-8, text/event-stream, text/plain;charset=UTF-8, */*]
16:32:37.663 [reactor-http-nio-8] DEBUG o.s.w.r.r.m.a.ResponseEntityResultHandler - [64c0282c-1, L:/127.0.0.1:61372 - R:/127.0.0.1:61373] 0..1 [java.lang.String]
16:32:37.663 [reactor-http-nio-8] DEBUG o.s.c.c.CharSequenceEncoder - [64c0282c-1, L:/127.0.0.1:61372 - R:/127.0.0.1:61373] Writing "Recovered from error: State"
16:32:37.664 [reactor-http-nio-8] DEBUG o.s.w.s.a.HttpWebHandlerAdapter - [64c0282c-1, L:/127.0.0.1:61372 - R:/127.0.0.1:61373] Completed 200 OK
16:32:37.664 [Test worker] DEBUG o.s.w.c.RestTemplate - Response 200 OK
16:32:37.664 [Test worker] DEBUG o.s.w.c.RestTemplate - Reading to [java.lang.String] as "text/plain;charset=UTF-8"
16:32:37.665 [Test worker] DEBUG o.s.w.t.h.s.r.b.ReactorHttpServer - Stopping ReactorHttpServer...
16:32:37.665 [Test worker] DEBUG o.s.w.t.h.s.r.b.ReactorHttpServer - Server stopped (0 millis).
16:32:37.690 [Test worker] DEBUG o.s.w.r.r.m.a.RequestMappingHandlerMapping - 6 mappings in 'requestMappingHandlerMapping'
16:32:37.701 [Test worker] DEBUG o.s.w.r.r.m.a.ControllerMethodResolver - ControllerAdvice beans: none
16:32:37.704 [Test worker] DEBUG o.s.w.s.a.HttpWebHandlerAdapter - enableLoggingRequestDetails='false': form data and headers will be masked to prevent unsafe logging of potentially sensitive data
16:32:37.704 [Test worker] DEBUG o.s.w.t.h.s.r.b.TomcatHttpServer - Starting TomcatHttpServer...
16:32:37.710 [Test worker] DEBUG o.s.w.t.h.s.r.b.TomcatHttpServer - Server started on port 61376(0 millis).
16:32:37.711 [Test worker] DEBUG o.s.w.c.RestTemplate - HTTP GET http://localhost:61376/thrown-exception
16:32:37.711 [Test worker] DEBUG o.s.w.c.RestTemplate - Accept=[text/plain, application/json, application/x-jackson-smile, application/*+json, */*]
16:32:37.713 [http-nio-auto-4-exec-1] DEBUG o.s.w.s.a.HttpWebHandlerAdapter - [1118b2a6] HTTP GET "/thrown-exception"
16:32:37.713 [http-nio-auto-4-exec-1] DEBUG o.s.w.r.r.m.a.RequestMappingHandlerMapping - [1118b2a6] Mapped to org.springframework.web.reactive.result.method.annotation.RequestMappingExceptionHandlingIntegrationTests$TestController#handleAndThrowException()
16:32:37.714 [http-nio-auto-4-exec-1] DEBUG o.s.w.r.r.m.a.RequestMappingHandlerAdapter - [1118b2a6] Using @ExceptionHandler org.springframework.web.reactive.result.method.annotation.RequestMappingExceptionHandlingIntegrationTests$TestController#handleStateException(IllegalStateException)
16:32:37.714 [http-nio-auto-4-exec-1] DEBUG o.s.w.r.r.m.a.ResponseEntityResultHandler - [1118b2a6] Using 'text/plain;charset=UTF-8' given [text/plain, application/json, application/x-jackson-smile, application/*+json, */*] and supported [text/plain;charset=UTF-8, text/event-stream, text/plain;charset=UTF-8, */*]
16:32:37.714 [http-nio-auto-4-exec-1] DEBUG o.s.w.r.r.m.a.ResponseEntityResultHandler - [1118b2a6] 0..1 [java.lang.String]
16:32:37.714 [http-nio-auto-4-exec-1] DEBUG o.s.c.c.CharSequenceEncoder - [1118b2a6] Writing "Recovered from error: State"
16:32:37.715 [http-nio-auto-4-exec-1] DEBUG o.s.w.s.a.HttpWebHandlerAdapter - [1118b2a6] Completed 200 OK
16:32:37.715 [Test worker] DEBUG o.s.w.c.RestTemplate - Response 200 OK
16:32:37.715 [Test worker] DEBUG o.s.w.c.RestTemplate - Reading to [java.lang.String] as "text/plain;charset=UTF-8"
16:32:37.716 [Test worker] DEBUG o.s.w.t.h.s.r.b.TomcatHttpServer - Stopping TomcatHttpServer...
16:32:48.837 [Test worker] DEBUG o.s.w.t.h.s.r.b.TomcatHttpServer - Server stopped (0 millis).
16:32:48.896 [Test worker] DEBUG o.s.w.r.r.m.a.RequestMappingHandlerMapping - 6 mappings in 'requestMappingHandlerMapping'
16:32:48.927 [Test worker] DEBUG o.s.w.r.r.m.a.ControllerMethodResolver - ControllerAdvice beans: none
16:32:48.938 [Test worker] DEBUG o.s.w.s.a.HttpWebHandlerAdapter - enableLoggingRequestDetails='false': form data and headers will be masked to prevent unsafe logging of potentially sensitive data
16:32:48.938 [Test worker] DEBUG o.s.w.t.h.s.r.b.UndertowHttpServer - Starting UndertowHttpServer...
16:32:48.938 [Test worker] INFO  i.undertow - starting server: Undertow - 2.2.7.Final
16:32:48.948 [Test worker] DEBUG o.s.w.t.h.s.r.b.UndertowHttpServer - Server started on port 61402(0 millis).
16:32:48.948 [Test worker] DEBUG o.s.w.c.RestTemplate - HTTP GET http://localhost:61402/thrown-exception
16:32:48.948 [Test worker] DEBUG o.s.w.c.RestTemplate - Accept=[text/plain, application/json, application/x-jackson-smile, application/*+json, */*]
16:32:48.950 [XNIO-4 I/O-6] DEBUG o.s.w.s.a.HttpWebHandlerAdapter - [74449ef-4] HTTP GET "/thrown-exception"
16:32:48.950 [XNIO-4 I/O-6] DEBUG o.s.w.r.r.m.a.RequestMappingHandlerMapping - [74449ef-4] Mapped to org.springframework.web.reactive.result.method.annotation.RequestMappingExceptionHandlingIntegrationTests$TestController#handleAndThrowException()
16:32:48.951 [XNIO-4 I/O-6] DEBUG o.s.w.r.r.m.a.RequestMappingHandlerAdapter - [74449ef-4] Using @ExceptionHandler org.springframework.web.reactive.result.method.annotation.RequestMappingExceptionHandlingIntegrationTests$TestController#handleStateException(IllegalStateException)
16:32:48.952 [XNIO-4 I/O-6] DEBUG o.s.w.r.r.m.a.ResponseEntityResultHandler - [74449ef-4] Using 'text/plain;charset=UTF-8' given [text/plain, application/json, application/x-jackson-smile, application/*+json, */*] and supported [text/plain;charset=UTF-8, text/event-stream, text/plain;charset=UTF-8, */*]
16:32:48.952 [XNIO-4 I/O-6] DEBUG o.s.w.r.r.m.a.ResponseEntityResultHandler - [74449ef-4] 0..1 [java.lang.String]
16:32:48.952 [XNIO-4 I/O-6] DEBUG o.s.c.c.CharSequenceEncoder - [74449ef-4] Writing "Recovered from error: State"
16:32:48.953 [XNIO-4 I/O-6] DEBUG o.s.w.s.a.HttpWebHandlerAdapter - [74449ef-4] Completed 200 OK
16:32:48.954 [Test worker] DEBUG o.s.w.c.RestTemplate - Response 200 OK
16:32:48.954 [Test worker] DEBUG o.s.w.c.RestTemplate - Reading to [java.lang.String] as "text/plain;charset=UTF-8"
16:32:48.955 [Test worker] DEBUG o.s.w.t.h.s.r.b.UndertowHttpServer - Stopping UndertowHttpServer...
16:32:48.955 [Test worker] INFO  i.undertow - stopping server: Undertow - 2.2.7.Final
16:32:48.957 [Test worker] DEBUG o.s.w.t.h.s.r.b.UndertowHttpServer - Server stopped (0 millis).
16:32:49.015 [Test worker] DEBUG o.s.w.r.r.m.a.RequestMappingHandlerMapping - 6 mappings in 'requestMappingHandlerMapping'
16:32:49.040 [Test worker] DEBUG o.s.w.r.r.m.a.ControllerMethodResolver - ControllerAdvice beans: none
16:32:49.046 [Test worker] DEBUG o.s.w.s.a.HttpWebHandlerAdapter - enableLoggingRequestDetails='false': form data and headers will be masked to prevent unsafe logging of potentially sensitive data
16:32:49.047 [Test worker] WARN  o.e.j.s.h.ContextHandler - Empty contextPath
16:32:49.048 [Test worker] INFO  o.e.j.s.h.ContextHandler - Started o.e.j.s.ServletContextHandler@5b9f4fed{/,null,AVAILABLE}
16:32:49.050 [Test worker] DEBUG o.s.w.t.h.s.r.b.JettyHttpServer - Starting JettyHttpServer...
16:32:49.050 [Test worker] INFO  o.e.j.s.Server - jetty-9.4.39.v20210325; built: 2021-03-25T14:42:11.471Z; git: 9fc7ca5a922f2a37b84ec9dbc26a5168cee7e667; jvm 11.0.9+7-LTS
16:32:49.060 [Test worker] INFO  o.e.j.s.AbstractConnector - Started ServerConnector@412fec85{HTTP/1.1, (http/1.1)}{0.0.0.0:61406}
16:32:49.061 [Test worker] INFO  o.e.j.s.Server - Started @57507ms
16:32:49.061 [Test worker] DEBUG o.s.w.t.h.s.r.b.JettyHttpServer - Server started on port 61406(0 millis).
16:32:49.062 [Test worker] DEBUG o.s.w.c.RestTemplate - HTTP GET http://localhost:61406/SPR-16051
16:32:49.062 [Test worker] DEBUG o.s.w.c.RestTemplate - Accept=[text/plain, application/json, application/x-jackson-smile, application/*+json, */*]
16:32:49.065 [qtp711025593-230] DEBUG o.s.w.s.a.HttpWebHandlerAdapter - [56534a0a] HTTP GET "/SPR-16051"
16:32:49.066 [qtp711025593-230] DEBUG o.s.w.r.r.m.a.RequestMappingHandlerMapping - [56534a0a] Mapped to org.springframework.web.reactive.result.method.annotation.RequestMappingExceptionHandlingIntegrationTests$TestController#errors()
16:32:49.067 [qtp711025593-230] DEBUG o.s.w.r.r.m.a.ResponseBodyResultHandler - [56534a0a] Using 'text/plain;charset=UTF-8' given [text/plain, application/json, application/x-jackson-smile, application/*+json, */*] and supported [text/plain;charset=UTF-8, text/event-stream, text/plain;charset=UTF-8, */*]
16:32:49.068 [qtp711025593-230] DEBUG o.s.w.r.r.m.a.ResponseBodyResultHandler - [56534a0a] 0..N [java.lang.String]
16:32:49.073 [qtp711025593-230] DEBUG o.s.c.c.CharSequenceEncoder - [56534a0a] Writing "1. foo bar"
16:32:49.074 [qtp711025593-230] DEBUG o.s.c.c.CharSequenceEncoder - [56534a0a] Writing "2. foo bar"
16:32:49.074 [qtp711025593-230] DEBUG o.s.c.c.CharSequenceEncoder - [56534a0a] Writing "3. foo bar"
16:32:49.074 [qtp711025593-230] DEBUG o.s.c.c.CharSequenceEncoder - [56534a0a] Writing "4. foo bar"
16:32:49.075 [qtp711025593-230] DEBUG o.s.c.c.CharSequenceEncoder - [56534a0a] Writing "5. foo bar"
16:32:49.075 [qtp711025593-230] DEBUG o.s.c.c.CharSequenceEncoder - [56534a0a] Writing "6. foo bar"
16:32:49.075 [qtp711025593-230] DEBUG o.s.c.c.CharSequenceEncoder - [56534a0a] Writing "7. foo bar"
16:32:49.075 [Test worker] DEBUG o.s.w.c.RestTemplate - Response 200 OK
16:32:49.076 [Test worker] DEBUG o.s.w.c.RestTemplate - Reading to [java.lang.String] as "text/plain;charset=utf-8"
16:32:49.076 [qtp711025593-230] DEBUG o.s.c.c.CharSequenceEncoder - [56534a0a] Writing "8. foo bar"
16:32:49.077 [qtp711025593-230] DEBUG o.s.c.c.CharSequenceEncoder - [56534a0a] Writing "9. foo bar"
16:32:49.077 [qtp711025593-230] DEBUG o.s.c.c.CharSequenceEncoder - [56534a0a] Writing "10. foo bar"
16:32:49.077 [qtp711025593-230] DEBUG o.s.c.c.CharSequenceEncoder - [56534a0a] Writing "11. foo bar"
16:32:49.078 [qtp711025593-230] DEBUG o.s.c.c.CharSequenceEncoder - [56534a0a] Writing "12. foo bar"
16:32:49.078 [qtp711025593-230] DEBUG o.s.c.c.CharSequenceEncoder - [56534a0a] Writing "13. foo bar"
16:32:49.078 [qtp711025593-230] DEBUG o.s.c.c.CharSequenceEncoder - [56534a0a] Writing "14. foo bar"
16:32:49.078 [qtp711025593-230] DEBUG o.s.c.c.CharSequenceEncoder - [56534a0a] Writing "15. foo bar"
16:32:49.079 [qtp711025593-230] DEBUG o.s.c.c.CharSequenceEncoder - [56534a0a] Writing "16. foo bar"
16:32:49.079 [qtp711025593-230] DEBUG o.s.c.c.CharSequenceEncoder - [56534a0a] Writing "17. foo bar"
16:32:49.079 [qtp711025593-230] DEBUG o.s.c.c.CharSequenceEncoder - [56534a0a] Writing "18. foo bar"
16:32:49.080 [qtp711025593-230] DEBUG o.s.c.c.CharSequenceEncoder - [56534a0a] Writing "19. foo bar"
16:32:49.080 [qtp711025593-230] DEBUG o.s.c.c.CharSequenceEncoder - [56534a0a] Writing "20. foo bar"
16:32:49.080 [qtp711025593-230] DEBUG o.s.c.c.CharSequenceEncoder - [56534a0a] Writing "21. foo bar"
16:32:49.080 [qtp711025593-230] DEBUG o.s.c.c.CharSequenceEncoder - [56534a0a] Writing "22. foo bar"
16:32:49.081 [qtp711025593-230] DEBUG o.s.c.c.CharSequenceEncoder - [56534a0a] Writing "23. foo bar"
16:32:49.081 [qtp711025593-230] DEBUG o.s.c.c.CharSequenceEncoder - [56534a0a] Writing "24. foo bar"
16:32:49.081 [qtp711025593-230] DEBUG o.s.c.c.CharSequenceEncoder - [56534a0a] Writing "25. foo bar"
16:32:49.081 [qtp711025593-230] DEBUG o.s.c.c.CharSequenceEncoder - [56534a0a] Writing "26. foo bar"
16:32:49.082 [qtp711025593-230] DEBUG o.s.c.c.CharSequenceEncoder - [56534a0a] Writing "27. foo bar"
16:32:49.082 [qtp711025593-230] DEBUG o.s.c.c.CharSequenceEncoder - [56534a0a] Writing "28. foo bar"
16:32:49.082 [qtp711025593-230] DEBUG o.s.c.c.CharSequenceEncoder - [56534a0a] Writing "29. foo bar"
16:32:49.083 [qtp711025593-230] DEBUG o.s.c.c.CharSequenceEncoder - [56534a0a] Writing "30. foo bar"
16:32:49.083 [qtp711025593-230] DEBUG o.s.c.c.CharSequenceEncoder - [56534a0a] Writing "31. foo bar"
16:32:49.083 [qtp711025593-230] DEBUG o.s.c.c.CharSequenceEncoder - [56534a0a] Writing "32. foo bar"
16:32:49.084 [qtp711025593-230] DEBUG o.s.c.c.CharSequenceEncoder - [56534a0a] Writing "33. foo bar"
16:32:49.084 [qtp711025593-230] DEBUG o.s.c.c.CharSequenceEncoder - [56534a0a] Writing "34. foo bar"
16:32:49.084 [qtp711025593-230] DEBUG o.s.c.c.CharSequenceEncoder - [56534a0a] Writing "35. foo bar"
16:32:49.084 [qtp711025593-230] DEBUG o.s.c.c.CharSequenceEncoder - [56534a0a] Writing "36. foo bar"
16:32:49.085 [qtp711025593-230] DEBUG o.s.c.c.CharSequenceEncoder - [56534a0a] Writing "37. foo bar"
16:32:49.085 [qtp711025593-230] DEBUG o.s.c.c.CharSequenceEncoder - [56534a0a] Writing "38. foo bar"
16:32:49.085 [qtp711025593-230] DEBUG o.s.c.c.CharSequenceEncoder - [56534a0a] Writing "39. foo bar"
16:32:49.085 [qtp711025593-230] DEBUG o.s.c.c.CharSequenceEncoder - [56534a0a] Writing "40. foo bar"
16:32:49.085 [qtp711025593-230] DEBUG o.s.c.c.CharSequenceEncoder - [56534a0a] Writing "41. foo bar"
16:32:49.086 [qtp711025593-230] DEBUG o.s.c.c.CharSequenceEncoder - [56534a0a] Writing "42. foo bar"
16:32:49.086 [qtp711025593-230] DEBUG o.s.c.c.CharSequenceEncoder - [56534a0a] Writing "43. foo bar"
16:32:49.086 [qtp711025593-230] DEBUG o.s.c.c.CharSequenceEncoder - [56534a0a] Writing "44. foo bar"
16:32:49.086 [qtp711025593-230] DEBUG o.s.c.c.CharSequenceEncoder - [56534a0a] Writing "45. foo bar"
16:32:49.087 [qtp711025593-230] DEBUG o.s.c.c.CharSequenceEncoder - [56534a0a] Writing "46. foo bar"
16:32:49.087 [qtp711025593-230] DEBUG o.s.c.c.CharSequenceEncoder - [56534a0a] Writing "47. foo bar"
16:32:49.087 [qtp711025593-230] DEBUG o.s.c.c.CharSequenceEncoder - [56534a0a] Writing "48. foo bar"
16:32:49.087 [qtp711025593-230] DEBUG o.s.c.c.CharSequenceEncoder - [56534a0a] Writing "49. foo bar"
16:32:49.088 [qtp711025593-230] DEBUG o.s.c.c.CharSequenceEncoder - [56534a0a] Writing "50. foo bar"
16:32:49.088 [qtp711025593-230] DEBUG o.s.c.c.CharSequenceEncoder - [56534a0a] Writing "51. foo bar"
16:32:49.088 [qtp711025593-230] DEBUG o.s.c.c.CharSequenceEncoder - [56534a0a] Writing "52. foo bar"
16:32:49.088 [qtp711025593-230] DEBUG o.s.c.c.CharSequenceEncoder - [56534a0a] Writing "53. foo bar"
16:32:49.089 [qtp711025593-230] DEBUG o.s.c.c.CharSequenceEncoder - [56534a0a] Writing "54. foo bar"
16:32:49.089 [qtp711025593-230] DEBUG o.s.c.c.CharSequenceEncoder - [56534a0a] Writing "55. foo bar"
16:32:49.089 [qtp711025593-230] DEBUG o.s.c.c.CharSequenceEncoder - [56534a0a] Writing "56. foo bar"
16:32:49.089 [qtp711025593-230] DEBUG o.s.c.c.CharSequenceEncoder - [56534a0a] Writing "57. foo bar"
16:32:49.090 [qtp711025593-230] DEBUG o.s.c.c.CharSequenceEncoder - [56534a0a] Writing "58. foo bar"
16:32:49.090 [qtp711025593-230] DEBUG o.s.c.c.CharSequenceEncoder - [56534a0a] Writing "59. foo bar"
16:32:49.090 [qtp711025593-230] DEBUG o.s.c.c.CharSequenceEncoder - [56534a0a] Writing "60. foo bar"
16:32:49.090 [qtp711025593-230] DEBUG o.s.c.c.CharSequenceEncoder - [56534a0a] Writing "61. foo bar"
16:32:49.091 [qtp711025593-230] DEBUG o.s.c.c.CharSequenceEncoder - [56534a0a] Writing "62. foo bar"
16:32:49.091 [qtp711025593-230] DEBUG o.s.c.c.CharSequenceEncoder - [56534a0a] Writing "63. foo bar"
16:32:49.091 [qtp711025593-230] DEBUG o.s.c.c.CharSequenceEncoder - [56534a0a] Writing "64. foo bar"
16:32:49.091 [qtp711025593-230] DEBUG o.s.c.c.CharSequenceEncoder - [56534a0a] Writing "65. foo bar"
16:32:49.091 [qtp711025593-230] DEBUG o.s.c.c.CharSequenceEncoder - [56534a0a] Writing "66. foo bar"
16:32:49.092 [qtp711025593-230] DEBUG o.s.c.c.CharSequenceEncoder - [56534a0a] Writing "67. foo bar"
16:32:49.092 [qtp711025593-230] DEBUG o.s.c.c.CharSequenceEncoder - [56534a0a] Writing "68. foo bar"
16:32:49.092 [qtp711025593-230] DEBUG o.s.c.c.CharSequenceEncoder - [56534a0a] Writing "69. foo bar"
16:32:49.092 [qtp711025593-230] DEBUG o.s.c.c.CharSequenceEncoder - [56534a0a] Writing "70. foo bar"
16:32:49.093 [qtp711025593-230] DEBUG o.s.c.c.CharSequenceEncoder - [56534a0a] Writing "71. foo bar"
16:32:49.093 [qtp711025593-230] DEBUG o.s.c.c.CharSequenceEncoder - [56534a0a] Writing "72. foo bar"
16:32:49.093 [qtp711025593-230] DEBUG o.s.c.c.CharSequenceEncoder - [56534a0a] Writing "73. foo bar"
16:32:49.093 [qtp711025593-230] DEBUG o.s.c.c.CharSequenceEncoder - [56534a0a] Writing "74. foo bar"
16:32:49.094 [qtp711025593-230] DEBUG o.s.c.c.CharSequenceEncoder - [56534a0a] Writing "75. foo bar"
16:32:49.094 [qtp711025593-230] DEBUG o.s.c.c.CharSequenceEncoder - [56534a0a] Writing "76. foo bar"
16:32:49.094 [qtp711025593-230] DEBUG o.s.c.c.CharSequenceEncoder - [56534a0a] Writing "77. foo bar"
16:32:49.094 [qtp711025593-230] DEBUG o.s.c.c.CharSequenceEncoder - [56534a0a] Writing "78. foo bar"
16:32:49.095 [qtp711025593-230] DEBUG o.s.c.c.CharSequenceEncoder - [56534a0a] Writing "79. foo bar"
16:32:49.095 [qtp711025593-230] DEBUG o.s.c.c.CharSequenceEncoder - [56534a0a] Writing "80. foo bar"
16:32:49.095 [qtp711025593-230] DEBUG o.s.c.c.CharSequenceEncoder - [56534a0a] Writing "81. foo bar"
16:32:49.095 [qtp711025593-230] DEBUG o.s.c.c.CharSequenceEncoder - [56534a0a] Writing "82. foo bar"
16:32:49.096 [qtp711025593-230] DEBUG o.s.c.c.CharSequenceEncoder - [56534a0a] Writing "83. foo bar"
16:32:49.096 [qtp711025593-230] DEBUG o.s.c.c.CharSequenceEncoder - [56534a0a] Writing "84. foo bar"
16:32:49.096 [qtp711025593-230] DEBUG o.s.c.c.CharSequenceEncoder - [56534a0a] Writing "85. foo bar"
16:32:49.096 [qtp711025593-230] DEBUG o.s.c.c.CharSequenceEncoder - [56534a0a] Writing "86. foo bar"
16:32:49.097 [qtp711025593-230] DEBUG o.s.c.c.CharSequenceEncoder - [56534a0a] Writing "87. foo bar"
16:32:49.097 [qtp711025593-230] DEBUG o.s.c.c.CharSequenceEncoder - [56534a0a] Writing "88. foo bar"
16:32:49.097 [qtp711025593-230] DEBUG o.s.c.c.CharSequenceEncoder - [56534a0a] Writing "89. foo bar"
16:32:49.097 [qtp711025593-230] DEBUG o.s.c.c.CharSequenceEncoder - [56534a0a] Writing "90. foo bar"
16:32:49.097 [qtp711025593-230] DEBUG o.s.c.c.CharSequenceEncoder - [56534a0a] Writing "91. foo bar"
16:32:49.098 [qtp711025593-230] DEBUG o.s.c.c.CharSequenceEncoder - [56534a0a] Writing "92. foo bar"
16:32:49.098 [qtp711025593-230] DEBUG o.s.c.c.CharSequenceEncoder - [56534a0a] Writing "93. foo bar"
16:32:49.098 [qtp711025593-230] DEBUG o.s.c.c.CharSequenceEncoder - [56534a0a] Writing "94. foo bar"
16:32:49.098 [qtp711025593-230] DEBUG o.s.c.c.CharSequenceEncoder - [56534a0a] Writing "95. foo bar"
16:32:49.099 [qtp711025593-230] DEBUG o.s.c.c.CharSequenceEncoder - [56534a0a] Writing "96. foo bar"
16:32:49.099 [qtp711025593-230] DEBUG o.s.c.c.CharSequenceEncoder - [56534a0a] Writing "97. foo bar"
16:32:49.099 [qtp711025593-230] DEBUG o.s.c.c.CharSequenceEncoder - [56534a0a] Writing "98. foo bar"
16:32:49.099 [qtp711025593-230] DEBUG o.s.c.c.CharSequenceEncoder - [56534a0a] Writing "99. foo bar"
16:32:49.100 [qtp711025593-230] DEBUG o.s.c.c.CharSequenceEncoder - [56534a0a] Writing "100. foo bar"
16:32:49.100 [qtp711025593-230] DEBUG o.s.c.c.CharSequenceEncoder - [56534a0a] Writing "101. foo bar"
16:32:49.100 [qtp711025593-230] DEBUG o.s.c.c.CharSequenceEncoder - [56534a0a] Writing "102. foo bar"
16:32:49.100 [qtp711025593-230] DEBUG o.s.c.c.CharSequenceEncoder - [56534a0a] Writing "103. foo bar"
16:32:49.101 [qtp711025593-230] DEBUG o.s.c.c.CharSequenceEncoder - [56534a0a] Writing "104. foo bar"
16:32:49.101 [qtp711025593-230] DEBUG o.s.c.c.CharSequenceEncoder - [56534a0a] Writing "105. foo bar"
16:32:49.101 [qtp711025593-230] DEBUG o.s.c.c.CharSequenceEncoder - [56534a0a] Writing "106. foo bar"
16:32:49.101 [qtp711025593-230] DEBUG o.s.c.c.CharSequenceEncoder - [56534a0a] Writing "107. foo bar"
16:32:49.101 [qtp711025593-230] DEBUG o.s.c.c.CharSequenceEncoder - [56534a0a] Writing "108. foo bar"
16:32:49.102 [qtp711025593-230] DEBUG o.s.c.c.CharSequenceEncoder - [56534a0a] Writing "109. foo bar"
16:32:49.102 [qtp711025593-230] DEBUG o.s.c.c.CharSequenceEncoder - [56534a0a] Writing "110. foo bar"
16:32:49.102 [qtp711025593-230] DEBUG o.s.c.c.CharSequenceEncoder - [56534a0a] Writing "111. foo bar"
16:32:49.102 [qtp711025593-230] DEBUG o.s.c.c.CharSequenceEncoder - [56534a0a] Writing "112. foo bar"
16:32:49.103 [qtp711025593-230] DEBUG o.s.c.c.CharSequenceEncoder - [56534a0a] Writing "113. foo bar"
16:32:49.103 [qtp711025593-230] DEBUG o.s.c.c.CharSequenceEncoder - [56534a0a] Writing "114. foo bar"
16:32:49.103 [qtp711025593-230] DEBUG o.s.c.c.CharSequenceEncoder - [56534a0a] Writing "115. foo bar"
16:32:49.103 [qtp711025593-230] DEBUG o.s.c.c.CharSequenceEncoder - [56534a0a] Writing "116. foo bar"
16:32:49.104 [qtp711025593-230] DEBUG o.s.c.c.CharSequenceEncoder - [56534a0a] Writing "117. foo bar"
16:32:49.104 [qtp711025593-230] DEBUG o.s.c.c.CharSequenceEncoder - [56534a0a] Writing "118. foo bar"
16:32:49.104 [qtp711025593-230] DEBUG o.s.c.c.CharSequenceEncoder - [56534a0a] Writing "119. foo bar"
16:32:49.104 [qtp711025593-230] DEBUG o.s.c.c.CharSequenceEncoder - [56534a0a] Writing "120. foo bar"
16:32:49.104 [qtp711025593-230] DEBUG o.s.c.c.CharSequenceEncoder - [56534a0a] Writing "121. foo bar"
16:32:49.105 [qtp711025593-230] DEBUG o.s.c.c.CharSequenceEncoder - [56534a0a] Writing "122. foo bar"
16:32:49.105 [qtp711025593-230] DEBUG o.s.c.c.CharSequenceEncoder - [56534a0a] Writing "123. foo bar"
16:32:49.105 [qtp711025593-230] DEBUG o.s.c.c.CharSequenceEncoder - [56534a0a] Writing "124. foo bar"
16:32:49.105 [qtp711025593-230] DEBUG o.s.c.c.CharSequenceEncoder - [56534a0a] Writing "125. foo bar"
16:32:49.106 [qtp711025593-230] DEBUG o.s.c.c.CharSequenceEncoder - [56534a0a] Writing "126. foo bar"
16:32:49.106 [qtp711025593-230] DEBUG o.s.c.c.CharSequenceEncoder - [56534a0a] Writing "127. foo bar"
16:32:49.106 [qtp711025593-230] DEBUG o.s.c.c.CharSequenceEncoder - [56534a0a] Writing "128. foo bar"
16:32:49.106 [qtp711025593-230] DEBUG o.s.c.c.CharSequenceEncoder - [56534a0a] Writing "129. foo bar"
16:32:49.107 [qtp711025593-230] DEBUG o.s.c.c.CharSequenceEncoder - [56534a0a] Writing "130. foo bar"
16:32:49.107 [qtp711025593-230] DEBUG o.s.c.c.CharSequenceEncoder - [56534a0a] Writing "131. foo bar"
16:32:49.107 [qtp711025593-230] DEBUG o.s.c.c.CharSequenceEncoder - [56534a0a] Writing "132. foo bar"
16:32:49.107 [qtp711025593-230] DEBUG o.s.c.c.CharSequenceEncoder - [56534a0a] Writing "133. foo bar"
16:32:49.107 [qtp711025593-230] DEBUG o.s.c.c.CharSequenceEncoder - [56534a0a] Writing "134. foo bar"
16:32:49.108 [qtp711025593-230] DEBUG o.s.c.c.CharSequenceEncoder - [56534a0a] Writing "135. foo bar"
16:32:49.108 [qtp711025593-230] DEBUG o.s.c.c.CharSequenceEncoder - [56534a0a] Writing "136. foo bar"
16:32:49.108 [qtp711025593-230] DEBUG o.s.c.c.CharSequenceEncoder - [56534a0a] Writing "137. foo bar"
16:32:49.108 [qtp711025593-230] DEBUG o.s.c.c.CharSequenceEncoder - [56534a0a] Writing "138. foo bar"
16:32:49.109 [qtp711025593-230] DEBUG o.s.c.c.CharSequenceEncoder - [56534a0a] Writing "139. foo bar"
16:32:49.109 [qtp711025593-230] DEBUG o.s.c.c.CharSequenceEncoder - [56534a0a] Writing "140. foo bar"
16:32:49.109 [qtp711025593-230] DEBUG o.s.c.c.CharSequenceEncoder - [56534a0a] Writing "141. foo bar"
16:32:49.109 [qtp711025593-230] DEBUG o.s.c.c.CharSequenceEncoder - [56534a0a] Writing "142. foo bar"
16:32:49.109 [qtp711025593-230] DEBUG o.s.c.c.CharSequenceEncoder - [56534a0a] Writing "143. foo bar"
16:32:49.110 [qtp711025593-230] DEBUG o.s.c.c.CharSequenceEncoder - [56534a0a] Writing "144. foo bar"
16:32:49.110 [qtp711025593-230] DEBUG o.s.c.c.CharSequenceEncoder - [56534a0a] Writing "145. foo bar"
16:32:49.110 [qtp711025593-230] DEBUG o.s.c.c.CharSequenceEncoder - [56534a0a] Writing "146. foo bar"
16:32:49.110 [qtp711025593-230] DEBUG o.s.c.c.CharSequenceEncoder - [56534a0a] Writing "147. foo bar"
16:32:49.110 [qtp711025593-230] DEBUG o.s.c.c.CharSequenceEncoder - [56534a0a] Writing "148. foo bar"
16:32:49.111 [qtp711025593-230] DEBUG o.s.c.c.CharSequenceEncoder - [56534a0a] Writing "149. foo bar"
16:32:49.111 [qtp711025593-230] DEBUG o.s.c.c.CharSequenceEncoder - [56534a0a] Writing "150. foo bar"
16:32:49.111 [qtp711025593-230] DEBUG o.s.c.c.CharSequenceEncoder - [56534a0a] Writing "151. foo bar"
16:32:49.111 [qtp711025593-230] DEBUG o.s.c.c.CharSequenceEncoder - [56534a0a] Writing "152. foo bar"
16:32:49.111 [qtp711025593-230] DEBUG o.s.c.c.CharSequenceEncoder - [56534a0a] Writing "153. foo bar"
16:32:49.112 [qtp711025593-230] DEBUG o.s.c.c.CharSequenceEncoder - [56534a0a] Writing "154. foo bar"
16:32:49.112 [qtp711025593-230] DEBUG o.s.c.c.CharSequenceEncoder - [56534a0a] Writing "155. foo bar"
16:32:49.112 [qtp711025593-230] DEBUG o.s.c.c.CharSequenceEncoder - [56534a0a] Writing "156. foo bar"
16:32:49.112 [qtp711025593-230] DEBUG o.s.c.c.CharSequenceEncoder - [56534a0a] Writing "157. foo bar"
16:32:49.112 [qtp711025593-230] DEBUG o.s.c.c.CharSequenceEncoder - [56534a0a] Writing "158. foo bar"
16:32:49.113 [qtp711025593-230] DEBUG o.s.c.c.CharSequenceEncoder - [56534a0a] Writing "159. foo bar"
16:32:49.113 [qtp711025593-230] DEBUG o.s.c.c.CharSequenceEncoder - [56534a0a] Writing "160. foo bar"
16:32:49.113 [qtp711025593-230] DEBUG o.s.c.c.CharSequenceEncoder - [56534a0a] Writing "161. foo bar"
16:32:49.113 [qtp711025593-230] DEBUG o.s.c.c.CharSequenceEncoder - [56534a0a] Writing "162. foo bar"
16:32:49.113 [qtp711025593-230] DEBUG o.s.c.c.CharSequenceEncoder - [56534a0a] Writing "163. foo bar"
16:32:49.114 [qtp711025593-230] DEBUG o.s.c.c.CharSequenceEncoder - [56534a0a] Writing "164. foo bar"
16:32:49.114 [qtp711025593-230] DEBUG o.s.c.c.CharSequenceEncoder - [56534a0a] Writing "165. foo bar"
16:32:49.114 [qtp711025593-230] DEBUG o.s.c.c.CharSequenceEncoder - [56534a0a] Writing "166. foo bar"
16:32:49.114 [qtp711025593-230] DEBUG o.s.c.c.CharSequenceEncoder - [56534a0a] Writing "167. foo bar"
16:32:49.114 [qtp711025593-230] DEBUG o.s.c.c.CharSequenceEncoder - [56534a0a] Writing "168. foo bar"
16:32:49.115 [qtp711025593-230] DEBUG o.s.c.c.CharSequenceEncoder - [56534a0a] Writing "169. foo bar"
16:32:49.115 [qtp711025593-230] DEBUG o.s.c.c.CharSequenceEncoder - [56534a0a] Writing "170. foo bar"
16:32:49.115 [qtp711025593-230] DEBUG o.s.c.c.CharSequenceEncoder - [56534a0a] Writing "171. foo bar"
16:32:49.115 [qtp711025593-230] DEBUG o.s.c.c.CharSequenceEncoder - [56534a0a] Writing "172. foo bar"
16:32:49.116 [qtp711025593-230] DEBUG o.s.c.c.CharSequenceEncoder - [56534a0a] Writing "173. foo bar"
16:32:49.116 [qtp711025593-230] DEBUG o.s.c.c.CharSequenceEncoder - [56534a0a] Writing "174. foo bar"
16:32:49.116 [qtp711025593-230] DEBUG o.s.c.c.CharSequenceEncoder - [56534a0a] Writing "175. foo bar"
16:32:49.116 [qtp711025593-230] DEBUG o.s.c.c.CharSequenceEncoder - [56534a0a] Writing "176. foo bar"
16:32:49.116 [qtp711025593-230] DEBUG o.s.c.c.CharSequenceEncoder - [56534a0a] Writing "177. foo bar"
16:32:49.117 [qtp711025593-230] DEBUG o.s.c.c.CharSequenceEncoder - [56534a0a] Writing "178. foo bar"
16:32:49.117 [qtp711025593-230] DEBUG o.s.c.c.CharSequenceEncoder - [56534a0a] Writing "179. foo bar"
16:32:49.117 [qtp711025593-230] DEBUG o.s.c.c.CharSequenceEncoder - [56534a0a] Writing "180. foo bar"
16:32:49.117 [qtp711025593-230] DEBUG o.s.c.c.CharSequenceEncoder - [56534a0a] Writing "181. foo bar"
16:32:49.117 [qtp711025593-230] DEBUG o.s.c.c.CharSequenceEncoder - [56534a0a] Writing "182. foo bar"
16:32:49.118 [qtp711025593-230] DEBUG o.s.c.c.CharSequenceEncoder - [56534a0a] Writing "183. foo bar"
16:32:49.118 [qtp711025593-230] DEBUG o.s.c.c.CharSequenceEncoder - [56534a0a] Writing "184. foo bar"
16:32:49.118 [qtp711025593-230] DEBUG o.s.c.c.CharSequenceEncoder - [56534a0a] Writing "185. foo bar"
16:32:49.118 [qtp711025593-230] DEBUG o.s.c.c.CharSequenceEncoder - [56534a0a] Writing "186. foo bar"
16:32:49.119 [qtp711025593-230] DEBUG o.s.c.c.CharSequenceEncoder - [56534a0a] Writing "187. foo bar"
16:32:49.119 [qtp711025593-230] DEBUG o.s.c.c.CharSequenceEncoder - [56534a0a] Writing "188. foo bar"
16:32:49.119 [qtp711025593-230] DEBUG o.s.c.c.CharSequenceEncoder - [56534a0a] Writing "189. foo bar"
16:32:49.119 [qtp711025593-230] DEBUG o.s.c.c.CharSequenceEncoder - [56534a0a] Writing "190. foo bar"
16:32:49.119 [qtp711025593-230] DEBUG o.s.c.c.CharSequenceEncoder - [56534a0a] Writing "191. foo bar"
16:32:49.120 [qtp711025593-230] DEBUG o.s.c.c.CharSequenceEncoder - [56534a0a] Writing "192. foo bar"
16:32:49.120 [qtp711025593-230] DEBUG o.s.c.c.CharSequenceEncoder - [56534a0a] Writing "193. foo bar"
16:32:49.120 [qtp711025593-230] DEBUG o.s.c.c.CharSequenceEncoder - [56534a0a] Writing "194. foo bar"
16:32:49.120 [qtp711025593-230] DEBUG o.s.c.c.CharSequenceEncoder - [56534a0a] Writing "195. foo bar"
16:32:49.120 [qtp711025593-230] DEBUG o.s.c.c.CharSequenceEncoder - [56534a0a] Writing "196. foo bar"
16:32:49.121 [qtp711025593-230] DEBUG o.s.c.c.CharSequenceEncoder - [56534a0a] Writing "197. foo bar"
16:32:49.121 [qtp711025593-230] DEBUG o.s.c.c.CharSequenceEncoder - [56534a0a] Writing "198. foo bar"
16:32:49.121 [qtp711025593-230] DEBUG o.s.c.c.CharSequenceEncoder - [56534a0a] Writing "199. foo bar"
16:32:49.121 [qtp711025593-230] DEBUG o.s.c.c.CharSequenceEncoder - [56534a0a] Writing "200. foo bar"
16:32:49.121 [qtp711025593-230] DEBUG o.s.c.c.CharSequenceEncoder - [56534a0a] Writing "201. foo bar"
16:32:49.122 [qtp711025593-230] DEBUG o.s.c.c.CharSequenceEncoder - [56534a0a] Writing "202. foo bar"
16:32:49.122 [qtp711025593-230] DEBUG o.s.c.c.CharSequenceEncoder - [56534a0a] Writing "203. foo bar"
16:32:49.122 [qtp711025593-230] DEBUG o.s.c.c.CharSequenceEncoder - [56534a0a] Writing "204. foo bar"
16:32:49.122 [qtp711025593-230] DEBUG o.s.c.c.CharSequenceEncoder - [56534a0a] Writing "205. foo bar"
16:32:49.122 [qtp711025593-230] DEBUG o.s.c.c.CharSequenceEncoder - [56534a0a] Writing "206. foo bar"
16:32:49.122 [qtp711025593-230] DEBUG o.s.c.c.CharSequenceEncoder - [56534a0a] Writing "207. foo bar"
16:32:49.123 [qtp711025593-230] DEBUG o.s.c.c.CharSequenceEncoder - [56534a0a] Writing "208. foo bar"
16:32:49.123 [qtp711025593-230] DEBUG o.s.c.c.CharSequenceEncoder - [56534a0a] Writing "209. foo bar"
16:32:49.123 [qtp711025593-230] DEBUG o.s.c.c.CharSequenceEncoder - [56534a0a] Writing "210. foo bar"
16:32:49.123 [qtp711025593-230] DEBUG o.s.c.c.CharSequenceEncoder - [56534a0a] Writing "211. foo bar"
16:32:49.123 [qtp711025593-230] DEBUG o.s.c.c.CharSequenceEncoder - [56534a0a] Writing "212. foo bar"
16:32:49.124 [qtp711025593-230] DEBUG o.s.c.c.CharSequenceEncoder - [56534a0a] Writing "213. foo bar"
16:32:49.124 [qtp711025593-230] DEBUG o.s.c.c.CharSequenceEncoder - [56534a0a] Writing "214. foo bar"
16:32:49.124 [qtp711025593-230] DEBUG o.s.c.c.CharSequenceEncoder - [56534a0a] Writing "215. foo bar"
16:32:49.124 [qtp711025593-230] DEBUG o.s.c.c.CharSequenceEncoder - [56534a0a] Writing "216. foo bar"
16:32:49.125 [qtp711025593-230] DEBUG o.s.c.c.CharSequenceEncoder - [56534a0a] Writing "217. foo bar"
16:32:49.125 [qtp711025593-230] DEBUG o.s.c.c.CharSequenceEncoder - [56534a0a] Writing "218. foo bar"
16:32:49.125 [qtp711025593-230] DEBUG o.s.c.c.CharSequenceEncoder - [56534a0a] Writing "219. foo bar"
16:32:49.125 [qtp711025593-230] DEBUG o.s.c.c.CharSequenceEncoder - [56534a0a] Writing "220. foo bar"
16:32:49.125 [qtp711025593-230] DEBUG o.s.c.c.CharSequenceEncoder - [56534a0a] Writing "221. foo bar"
16:32:49.126 [qtp711025593-230] DEBUG o.s.c.c.CharSequenceEncoder - [56534a0a] Writing "222. foo bar"
16:32:49.126 [qtp711025593-230] DEBUG o.s.c.c.CharSequenceEncoder - [56534a0a] Writing "223. foo bar"
16:32:49.126 [qtp711025593-230] DEBUG o.s.c.c.CharSequenceEncoder - [56534a0a] Writing "224. foo bar"
16:32:49.126 [qtp711025593-230] DEBUG o.s.c.c.CharSequenceEncoder - [56534a0a] Writing "225. foo bar"
16:32:49.126 [qtp711025593-230] DEBUG o.s.c.c.CharSequenceEncoder - [56534a0a] Writing "226. foo bar"
16:32:49.126 [qtp711025593-230] DEBUG o.s.c.c.CharSequenceEncoder - [56534a0a] Writing "227. foo bar"
16:32:49.127 [qtp711025593-230] DEBUG o.s.c.c.CharSequenceEncoder - [56534a0a] Writing "228. foo bar"
16:32:49.127 [qtp711025593-230] DEBUG o.s.c.c.CharSequenceEncoder - [56534a0a] Writing "229. foo bar"
16:32:49.127 [qtp711025593-230] DEBUG o.s.c.c.CharSequenceEncoder - [56534a0a] Writing "230. foo bar"
16:32:49.127 [qtp711025593-230] DEBUG o.s.c.c.CharSequenceEncoder - [56534a0a] Writing "231. foo bar"
16:32:49.127 [qtp711025593-230] DEBUG o.s.c.c.CharSequenceEncoder - [56534a0a] Writing "232. foo bar"
16:32:49.128 [qtp711025593-230] DEBUG o.s.c.c.CharSequenceEncoder - [56534a0a] Writing "233. foo bar"
16:32:49.128 [qtp711025593-230] DEBUG o.s.c.c.CharSequenceEncoder - [56534a0a] Writing "234. foo bar"
16:32:49.128 [qtp711025593-230] DEBUG o.s.c.c.CharSequenceEncoder - [56534a0a] Writing "235. foo bar"
16:32:49.128 [qtp711025593-230] DEBUG o.s.c.c.CharSequenceEncoder - [56534a0a] Writing "236. foo bar"
16:32:49.129 [qtp711025593-230] DEBUG o.s.c.c.CharSequenceEncoder - [56534a0a] Writing "237. foo bar"
16:32:49.129 [qtp711025593-230] DEBUG o.s.c.c.CharSequenceEncoder - [56534a0a] Writing "238. foo bar"
16:32:49.129 [qtp711025593-230] DEBUG o.s.c.c.CharSequenceEncoder - [56534a0a] Writing "239. foo bar"
16:32:49.129 [qtp711025593-230] DEBUG o.s.c.c.CharSequenceEncoder - [56534a0a] Writing "240. foo bar"
16:32:49.129 [qtp711025593-230] DEBUG o.s.c.c.CharSequenceEncoder - [56534a0a] Writing "241. foo bar"
16:32:49.130 [qtp711025593-230] DEBUG o.s.c.c.CharSequenceEncoder - [56534a0a] Writing "242. foo bar"
16:32:49.130 [qtp711025593-230] DEBUG o.s.c.c.CharSequenceEncoder - [56534a0a] Writing "243. foo bar"
16:32:49.130 [qtp711025593-230] DEBUG o.s.c.c.CharSequenceEncoder - [56534a0a] Writing "244. foo bar"
16:32:49.130 [qtp711025593-230] DEBUG o.s.c.c.CharSequenceEncoder - [56534a0a] Writing "245. foo bar"
16:32:49.130 [qtp711025593-230] DEBUG o.s.c.c.CharSequenceEncoder - [56534a0a] Writing "246. foo bar"
16:32:49.131 [qtp711025593-230] DEBUG o.s.c.c.CharSequenceEncoder - [56534a0a] Writing "247. foo bar"
16:32:49.131 [qtp711025593-230] DEBUG o.s.c.c.CharSequenceEncoder - [56534a0a] Writing "248. foo bar"
16:32:49.131 [qtp711025593-230] DEBUG o.s.c.c.CharSequenceEncoder - [56534a0a] Writing "249. foo bar"
16:32:49.132 [qtp711025593-230] DEBUG o.s.c.c.CharSequenceEncoder - [56534a0a] Writing "250. foo bar"
16:32:49.132 [qtp711025593-230] DEBUG o.s.c.c.CharSequenceEncoder - [56534a0a] Writing "251. foo bar"
16:32:49.132 [qtp711025593-230] DEBUG o.s.c.c.CharSequenceEncoder - [56534a0a] Writing "252. foo bar"
16:32:49.132 [qtp711025593-230] DEBUG o.s.c.c.CharSequenceEncoder - [56534a0a] Writing "253. foo bar"
16:32:49.132 [qtp711025593-230] DEBUG o.s.c.c.CharSequenceEncoder - [56534a0a] Writing "254. foo bar"
16:32:49.132 [qtp711025593-230] DEBUG o.s.c.c.CharSequenceEncoder - [56534a0a] Writing "255. foo bar"
16:32:49.133 [qtp711025593-230] DEBUG o.s.c.c.CharSequenceEncoder - [56534a0a] Writing "256. foo bar"
16:32:49.133 [qtp711025593-230] DEBUG o.s.c.c.CharSequenceEncoder - [56534a0a] Writing "257. foo bar"
16:32:49.133 [qtp711025593-230] DEBUG o.s.c.c.CharSequenceEncoder - [56534a0a] Writing "258. foo bar"
16:32:49.133 [qtp711025593-230] DEBUG o.s.c.c.CharSequenceEncoder - [56534a0a] Writing "259. foo bar"
16:32:49.133 [qtp711025593-230] DEBUG o.s.c.c.CharSequenceEncoder - [56534a0a] Writing "260. foo bar"
16:32:49.134 [qtp711025593-230] DEBUG o.s.c.c.CharSequenceEncoder - [56534a0a] Writing "261. foo bar"
16:32:49.134 [qtp711025593-230] DEBUG o.s.c.c.CharSequenceEncoder - [56534a0a] Writing "262. foo bar"
16:32:49.134 [qtp711025593-230] DEBUG o.s.c.c.CharSequenceEncoder - [56534a0a] Writing "263. foo bar"
16:32:49.134 [qtp711025593-230] DEBUG o.s.c.c.CharSequenceEncoder - [56534a0a] Writing "264. foo bar"
16:32:49.134 [qtp711025593-230] DEBUG o.s.c.c.CharSequenceEncoder - [56534a0a] Writing "265. foo bar"
16:32:49.134 [qtp711025593-230] DEBUG o.s.c.c.CharSequenceEncoder - [56534a0a] Writing "266. foo bar"
16:32:49.135 [qtp711025593-230] DEBUG o.s.c.c.CharSequenceEncoder - [56534a0a] Writing "267. foo bar"
16:32:49.135 [qtp711025593-230] DEBUG o.s.c.c.CharSequenceEncoder - [56534a0a] Writing "268. foo bar"
16:32:49.135 [qtp711025593-230] DEBUG o.s.c.c.CharSequenceEncoder - [56534a0a] Writing "269. foo bar"
16:32:49.135 [qtp711025593-230] DEBUG o.s.c.c.CharSequenceEncoder - [56534a0a] Writing "270. foo bar"
16:32:49.135 [qtp711025593-230] DEBUG o.s.c.c.CharSequenceEncoder - [56534a0a] Writing "271. foo bar"
16:32:49.135 [qtp711025593-230] DEBUG o.s.c.c.CharSequenceEncoder - [56534a0a] Writing "272. foo bar"
16:32:49.135 [qtp711025593-230] DEBUG o.s.c.c.CharSequenceEncoder - [56534a0a] Writing "273. foo bar"
16:32:49.135 [qtp711025593-230] DEBUG o.s.c.c.CharSequenceEncoder - [56534a0a] Writing "274. foo bar"
16:32:49.136 [qtp711025593-230] DEBUG o.s.c.c.CharSequenceEncoder - [56534a0a] Writing "275. foo bar"
16:32:49.136 [qtp711025593-230] DEBUG o.s.c.c.CharSequenceEncoder - [56534a0a] Writing "276. foo bar"
16:32:49.136 [qtp711025593-230] DEBUG o.s.c.c.CharSequenceEncoder - [56534a0a] Writing "277. foo bar"
16:32:49.136 [qtp711025593-230] DEBUG o.s.c.c.CharSequenceEncoder - [56534a0a] Writing "278. foo bar"
16:32:49.136 [qtp711025593-230] DEBUG o.s.c.c.CharSequenceEncoder - [56534a0a] Writing "279. foo bar"
16:32:49.136 [qtp711025593-230] DEBUG o.s.c.c.CharSequenceEncoder - [56534a0a] Writing "280. foo bar"
16:32:49.136 [qtp711025593-230] DEBUG o.s.c.c.CharSequenceEncoder - [56534a0a] Writing "281. foo bar"
16:32:49.137 [qtp711025593-230] DEBUG o.s.c.c.CharSequenceEncoder - [56534a0a] Writing "282. foo bar"
16:32:49.137 [qtp711025593-230] DEBUG o.s.c.c.CharSequenceEncoder - [56534a0a] Writing "283. foo bar"
16:32:49.137 [qtp711025593-230] DEBUG o.s.c.c.CharSequenceEncoder - [56534a0a] Writing "284. foo bar"
16:32:49.137 [qtp711025593-230] DEBUG o.s.c.c.CharSequenceEncoder - [56534a0a] Writing "285. foo bar"
16:32:49.137 [qtp711025593-230] DEBUG o.s.c.c.CharSequenceEncoder - [56534a0a] Writing "286. foo bar"
16:32:49.137 [qtp711025593-230] DEBUG o.s.c.c.CharSequenceEncoder - [56534a0a] Writing "287. foo bar"
16:32:49.137 [qtp711025593-230] DEBUG o.s.c.c.CharSequenceEncoder - [56534a0a] Writing "288. foo bar"
16:32:49.138 [qtp711025593-230] DEBUG o.s.c.c.CharSequenceEncoder - [56534a0a] Writing "289. foo bar"
16:32:49.138 [qtp711025593-230] DEBUG o.s.c.c.CharSequenceEncoder - [56534a0a] Writing "290. foo bar"
16:32:49.138 [qtp711025593-230] DEBUG o.s.c.c.CharSequenceEncoder - [56534a0a] Writing "291. foo bar"
16:32:49.138 [qtp711025593-230] DEBUG o.s.c.c.CharSequenceEncoder - [56534a0a] Writing "292. foo bar"
16:32:49.138 [qtp711025593-230] DEBUG o.s.c.c.CharSequenceEncoder - [56534a0a] Writing "293. foo bar"
16:32:49.138 [qtp711025593-230] DEBUG o.s.c.c.CharSequenceEncoder - [56534a0a] Writing "294. foo bar"
16:32:49.138 [qtp711025593-230] DEBUG o.s.c.c.CharSequenceEncoder - [56534a0a] Writing "295. foo bar"
16:32:49.138 [qtp711025593-230] DEBUG o.s.c.c.CharSequenceEncoder - [56534a0a] Writing "296. foo bar"
16:32:49.139 [qtp711025593-230] DEBUG o.s.c.c.CharSequenceEncoder - [56534a0a] Writing "297. foo bar"
16:32:49.139 [qtp711025593-230] DEBUG o.s.c.c.CharSequenceEncoder - [56534a0a] Writing "298. foo bar"
16:32:49.139 [qtp711025593-230] DEBUG o.s.c.c.CharSequenceEncoder - [56534a0a] Writing "299. foo bar"
16:32:49.139 [qtp711025593-230] DEBUG o.s.c.c.CharSequenceEncoder - [56534a0a] Writing "300. foo bar"
16:32:49.139 [qtp711025593-230] DEBUG o.s.c.c.CharSequenceEncoder - [56534a0a] Writing "301. foo bar"
16:32:49.139 [qtp711025593-230] DEBUG o.s.c.c.CharSequenceEncoder - [56534a0a] Writing "302. foo bar"
16:32:49.139 [qtp711025593-230] DEBUG o.s.c.c.CharSequenceEncoder - [56534a0a] Writing "303. foo bar"
16:32:49.140 [qtp711025593-230] DEBUG o.s.c.c.CharSequenceEncoder - [56534a0a] Writing "304. foo bar"
16:32:49.140 [qtp711025593-230] DEBUG o.s.c.c.CharSequenceEncoder - [56534a0a] Writing "305. foo bar"
16:32:49.140 [qtp711025593-230] DEBUG o.s.c.c.CharSequenceEncoder - [56534a0a] Writing "306. foo bar"
16:32:49.140 [qtp711025593-230] DEBUG o.s.c.c.CharSequenceEncoder - [56534a0a] Writing "307. foo bar"
16:32:49.140 [qtp711025593-230] DEBUG o.s.c.c.CharSequenceEncoder - [56534a0a] Writing "308. foo bar"
16:32:49.140 [qtp711025593-230] DEBUG o.s.c.c.CharSequenceEncoder - [56534a0a] Writing "309. foo bar"
16:32:49.140 [qtp711025593-230] DEBUG o.s.c.c.CharSequenceEncoder - [56534a0a] Writing "310. foo bar"
16:32:49.141 [qtp711025593-230] DEBUG o.s.c.c.CharSequenceEncoder - [56534a0a] Writing "311. foo bar"
16:32:49.141 [qtp711025593-230] DEBUG o.s.c.c.CharSequenceEncoder - [56534a0a] Writing "312. foo bar"
16:32:49.141 [qtp711025593-230] DEBUG o.s.c.c.CharSequenceEncoder - [56534a0a] Writing "313. foo bar"
16:32:49.141 [qtp711025593-230] DEBUG o.s.c.c.CharSequenceEncoder - [56534a0a] Writing "314. foo bar"
16:32:49.141 [qtp711025593-230] DEBUG o.s.c.c.CharSequenceEncoder - [56534a0a] Writing "315. foo bar"
16:32:49.141 [qtp711025593-230] DEBUG o.s.c.c.CharSequenceEncoder - [56534a0a] Writing "316. foo bar"
16:32:49.142 [qtp711025593-230] DEBUG o.s.c.c.CharSequenceEncoder - [56534a0a] Writing "317. foo bar"
16:32:49.142 [qtp711025593-230] DEBUG o.s.c.c.CharSequenceEncoder - [56534a0a] Writing "318. foo bar"
16:32:49.143 [qtp711025593-230] DEBUG o.s.c.c.CharSequenceEncoder - [56534a0a] Writing "319. foo bar"
16:32:49.143 [qtp711025593-230] DEBUG o.s.c.c.CharSequenceEncoder - [56534a0a] Writing "320. foo bar"
16:32:49.143 [qtp711025593-230] DEBUG o.s.c.c.CharSequenceEncoder - [56534a0a] Writing "321. foo bar"
16:32:49.143 [qtp711025593-230] DEBUG o.s.c.c.CharSequenceEncoder - [56534a0a] Writing "322. foo bar"
16:32:49.144 [qtp711025593-230] DEBUG o.s.c.c.CharSequenceEncoder - [56534a0a] Writing "323. foo bar"
16:32:49.144 [qtp711025593-230] DEBUG o.s.c.c.CharSequenceEncoder - [56534a0a] Writing "324. foo bar"
16:32:49.144 [qtp711025593-230] DEBUG o.s.c.c.CharSequenceEncoder - [56534a0a] Writing "325. foo bar"
16:32:49.144 [qtp711025593-230] DEBUG o.s.c.c.CharSequenceEncoder - [56534a0a] Writing "326. foo bar"
16:32:49.144 [qtp711025593-230] DEBUG o.s.c.c.CharSequenceEncoder - [56534a0a] Writing "327. foo bar"
16:32:49.144 [qtp711025593-230] DEBUG o.s.c.c.CharSequenceEncoder - [56534a0a] Writing "328. foo bar"
16:32:49.145 [qtp711025593-230] DEBUG o.s.c.c.CharSequenceEncoder - [56534a0a] Writing "329. foo bar"
16:32:49.145 [qtp711025593-230] DEBUG o.s.c.c.CharSequenceEncoder - [56534a0a] Writing "330. foo bar"
16:32:49.145 [qtp711025593-230] DEBUG o.s.c.c.CharSequenceEncoder - [56534a0a] Writing "331. foo bar"
16:32:49.145 [qtp711025593-230] DEBUG o.s.c.c.CharSequenceEncoder - [56534a0a] Writing "332. foo bar"
16:32:49.145 [qtp711025593-230] DEBUG o.s.c.c.CharSequenceEncoder - [56534a0a] Writing "333. foo bar"
16:32:49.145 [qtp711025593-230] DEBUG o.s.c.c.CharSequenceEncoder - [56534a0a] Writing "334. foo bar"
16:32:49.145 [qtp711025593-230] DEBUG o.s.c.c.CharSequenceEncoder - [56534a0a] Writing "335. foo bar"
16:32:49.146 [qtp711025593-230] DEBUG o.s.c.c.CharSequenceEncoder - [56534a0a] Writing "336. foo bar"
16:32:49.146 [qtp711025593-230] DEBUG o.s.c.c.CharSequenceEncoder - [56534a0a] Writing "337. foo bar"
16:32:49.146 [qtp711025593-230] DEBUG o.s.c.c.CharSequenceEncoder - [56534a0a] Writing "338. foo bar"
16:32:49.146 [qtp711025593-230] DEBUG o.s.c.c.CharSequenceEncoder - [56534a0a] Writing "339. foo bar"
16:32:49.146 [qtp711025593-230] DEBUG o.s.c.c.CharSequenceEncoder - [56534a0a] Writing "340. foo bar"
16:32:49.146 [qtp711025593-230] DEBUG o.s.c.c.CharSequenceEncoder - [56534a0a] Writing "341. foo bar"
16:32:49.147 [qtp711025593-230] DEBUG o.s.c.c.CharSequenceEncoder - [56534a0a] Writing "342. foo bar"
16:32:49.147 [qtp711025593-230] DEBUG o.s.c.c.CharSequenceEncoder - [56534a0a] Writing "343. foo bar"
16:32:49.147 [qtp711025593-230] DEBUG o.s.c.c.CharSequenceEncoder - [56534a0a] Writing "344. foo bar"
16:32:49.147 [qtp711025593-230] DEBUG o.s.c.c.CharSequenceEncoder - [56534a0a] Writing "345. foo bar"
16:32:49.147 [qtp711025593-230] DEBUG o.s.c.c.CharSequenceEncoder - [56534a0a] Writing "346. foo bar"
16:32:49.147 [qtp711025593-230] DEBUG o.s.c.c.CharSequenceEncoder - [56534a0a] Writing "347. foo bar"
16:32:49.147 [qtp711025593-230] DEBUG o.s.c.c.CharSequenceEncoder - [56534a0a] Writing "348. foo bar"
16:32:49.148 [qtp711025593-230] DEBUG o.s.c.c.CharSequenceEncoder - [56534a0a] Writing "349. foo bar"
16:32:49.148 [qtp711025593-230] DEBUG o.s.c.c.CharSequenceEncoder - [56534a0a] Writing "350. foo bar"
16:32:49.148 [qtp711025593-230] DEBUG o.s.c.c.CharSequenceEncoder - [56534a0a] Writing "351. foo bar"
16:32:49.148 [qtp711025593-230] DEBUG o.s.c.c.CharSequenceEncoder - [56534a0a] Writing "352. foo bar"
16:32:49.148 [qtp711025593-230] DEBUG o.s.c.c.CharSequenceEncoder - [56534a0a] Writing "353. foo bar"
16:32:49.148 [qtp711025593-230] DEBUG o.s.c.c.CharSequenceEncoder - [56534a0a] Writing "354. foo bar"
16:32:49.148 [qtp711025593-230] DEBUG o.s.c.c.CharSequenceEncoder - [56534a0a] Writing "355. foo bar"
16:32:49.148 [qtp711025593-230] DEBUG o.s.c.c.CharSequenceEncoder - [56534a0a] Writing "356. foo bar"
16:32:49.149 [qtp711025593-230] DEBUG o.s.c.c.CharSequenceEncoder - [56534a0a] Writing "357. foo bar"
16:32:49.149 [qtp711025593-230] DEBUG o.s.c.c.CharSequenceEncoder - [56534a0a] Writing "358. foo bar"
16:32:49.149 [qtp711025593-230] DEBUG o.s.c.c.CharSequenceEncoder - [56534a0a] Writing "359. foo bar"
16:32:49.149 [qtp711025593-230] DEBUG o.s.c.c.CharSequenceEncoder - [56534a0a] Writing "360. foo bar"
16:32:49.149 [qtp711025593-230] DEBUG o.s.c.c.CharSequenceEncoder - [56534a0a] Writing "361. foo bar"
16:32:49.149 [qtp711025593-230] DEBUG o.s.c.c.CharSequenceEncoder - [56534a0a] Writing "362. foo bar"
16:32:49.149 [qtp711025593-230] DEBUG o.s.c.c.CharSequenceEncoder - [56534a0a] Writing "363. foo bar"
16:32:49.150 [qtp711025593-230] DEBUG o.s.c.c.CharSequenceEncoder - [56534a0a] Writing "364. foo bar"
16:32:49.150 [qtp711025593-230] DEBUG o.s.c.c.CharSequenceEncoder - [56534a0a] Writing "365. foo bar"
16:32:49.150 [qtp711025593-230] DEBUG o.s.c.c.CharSequenceEncoder - [56534a0a] Writing "366. foo bar"
16:32:49.150 [qtp711025593-230] DEBUG o.s.c.c.CharSequenceEncoder - [56534a0a] Writing "367. foo bar"
16:32:49.150 [qtp711025593-230] DEBUG o.s.c.c.CharSequenceEncoder - [56534a0a] Writing "368. foo bar"
16:32:49.150 [qtp711025593-230] DEBUG o.s.c.c.CharSequenceEncoder - [56534a0a] Writing "369. foo bar"
16:32:49.150 [qtp711025593-230] DEBUG o.s.c.c.CharSequenceEncoder - [56534a0a] Writing "370. foo bar"
16:32:49.150 [qtp711025593-230] DEBUG o.s.c.c.CharSequenceEncoder - [56534a0a] Writing "371. foo bar"
16:32:49.151 [qtp711025593-230] DEBUG o.s.c.c.CharSequenceEncoder - [56534a0a] Writing "372. foo bar"
16:32:49.151 [qtp711025593-230] DEBUG o.s.c.c.CharSequenceEncoder - [56534a0a] Writing "373. foo bar"
16:32:49.151 [qtp711025593-230] DEBUG o.s.c.c.CharSequenceEncoder - [56534a0a] Writing "374. foo bar"
16:32:49.151 [qtp711025593-230] DEBUG o.s.c.c.CharSequenceEncoder - [56534a0a] Writing "375. foo bar"
16:32:49.152 [qtp711025593-230] DEBUG o.s.c.c.CharSequenceEncoder - [56534a0a] Writing "376. foo bar"
16:32:49.152 [qtp711025593-230] DEBUG o.s.c.c.CharSequenceEncoder - [56534a0a] Writing "377. foo bar"
16:32:49.152 [qtp711025593-230] DEBUG o.s.c.c.CharSequenceEncoder - [56534a0a] Writing "378. foo bar"
16:32:49.152 [qtp711025593-230] DEBUG o.s.c.c.CharSequenceEncoder - [56534a0a] Writing "379. foo bar"
16:32:49.152 [qtp711025593-230] DEBUG o.s.c.c.CharSequenceEncoder - [56534a0a] Writing "380. foo bar"
16:32:49.153 [qtp711025593-230] DEBUG o.s.c.c.CharSequenceEncoder - [56534a0a] Writing "381. foo bar"
16:32:49.153 [qtp711025593-230] DEBUG o.s.c.c.CharSequenceEncoder - [56534a0a] Writing "382. foo bar"
16:32:49.153 [qtp711025593-230] DEBUG o.s.c.c.CharSequenceEncoder - [56534a0a] Writing "383. foo bar"
16:32:49.153 [qtp711025593-230] DEBUG o.s.c.c.CharSequenceEncoder - [56534a0a] Writing "384. foo bar"
16:32:49.153 [qtp711025593-230] DEBUG o.s.c.c.CharSequenceEncoder - [56534a0a] Writing "385. foo bar"
16:32:49.153 [qtp711025593-230] DEBUG o.s.c.c.CharSequenceEncoder - [56534a0a] Writing "386. foo bar"
16:32:49.153 [qtp711025593-230] DEBUG o.s.c.c.CharSequenceEncoder - [56534a0a] Writing "387. foo bar"
16:32:49.154 [qtp711025593-230] DEBUG o.s.c.c.CharSequenceEncoder - [56534a0a] Writing "388. foo bar"
16:32:49.154 [qtp711025593-230] DEBUG o.s.c.c.CharSequenceEncoder - [56534a0a] Writing "389. foo bar"
16:32:49.154 [qtp711025593-230] DEBUG o.s.c.c.CharSequenceEncoder - [56534a0a] Writing "390. foo bar"
16:32:49.154 [qtp711025593-230] DEBUG o.s.c.c.CharSequenceEncoder - [56534a0a] Writing "391. foo bar"
16:32:49.154 [qtp711025593-230] DEBUG o.s.c.c.CharSequenceEncoder - [56534a0a] Writing "392. foo bar"
16:32:49.154 [qtp711025593-230] DEBUG o.s.c.c.CharSequenceEncoder - [56534a0a] Writing "393. foo bar"
16:32:49.154 [qtp711025593-230] DEBUG o.s.c.c.CharSequenceEncoder - [56534a0a] Writing "394. foo bar"
16:32:49.154 [qtp711025593-230] DEBUG o.s.c.c.CharSequenceEncoder - [56534a0a] Writing "395. foo bar"
16:32:49.155 [qtp711025593-230] DEBUG o.s.c.c.CharSequenceEncoder - [56534a0a] Writing "396. foo bar"
16:32:49.155 [qtp711025593-230] DEBUG o.s.c.c.CharSequenceEncoder - [56534a0a] Writing "397. foo bar"
16:32:49.155 [qtp711025593-230] DEBUG o.s.c.c.CharSequenceEncoder - [56534a0a] Writing "398. foo bar"
16:32:49.155 [qtp711025593-230] DEBUG o.s.c.c.CharSequenceEncoder - [56534a0a] Writing "399. foo bar"
16:32:49.155 [qtp711025593-230] DEBUG o.s.c.c.CharSequenceEncoder - [56534a0a] Writing "400. foo bar"
16:32:49.155 [qtp711025593-230] DEBUG o.s.c.c.CharSequenceEncoder - [56534a0a] Writing "401. foo bar"
16:32:49.155 [qtp711025593-230] DEBUG o.s.c.c.CharSequenceEncoder - [56534a0a] Writing "402. foo bar"
16:32:49.156 [qtp711025593-230] DEBUG o.s.c.c.CharSequenceEncoder - [56534a0a] Writing "403. foo bar"
16:32:49.156 [qtp711025593-230] DEBUG o.s.c.c.CharSequenceEncoder - [56534a0a] Writing "404. foo bar"
16:32:49.156 [qtp711025593-230] DEBUG o.s.c.c.CharSequenceEncoder - [56534a0a] Writing "405. foo bar"
16:32:49.156 [qtp711025593-230] DEBUG o.s.c.c.CharSequenceEncoder - [56534a0a] Writing "406. foo bar"
16:32:49.156 [qtp711025593-230] DEBUG o.s.c.c.CharSequenceEncoder - [56534a0a] Writing "407. foo bar"
16:32:49.156 [qtp711025593-230] DEBUG o.s.c.c.CharSequenceEncoder - [56534a0a] Writing "408. foo bar"
16:32:49.156 [qtp711025593-230] DEBUG o.s.c.c.CharSequenceEncoder - [56534a0a] Writing "409. foo bar"
16:32:49.156 [qtp711025593-230] DEBUG o.s.c.c.CharSequenceEncoder - [56534a0a] Writing "410. foo bar"
16:32:49.157 [qtp711025593-230] DEBUG o.s.c.c.CharSequenceEncoder - [56534a0a] Writing "411. foo bar"
16:32:49.157 [qtp711025593-230] DEBUG o.s.c.c.CharSequenceEncoder - [56534a0a] Writing "412. foo bar"
16:32:49.157 [qtp711025593-230] DEBUG o.s.c.c.CharSequenceEncoder - [56534a0a] Writing "413. foo bar"
16:32:49.157 [qtp711025593-230] DEBUG o.s.c.c.CharSequenceEncoder - [56534a0a] Writing "414. foo bar"
16:32:49.157 [qtp711025593-230] DEBUG o.s.c.c.CharSequenceEncoder - [56534a0a] Writing "415. foo bar"
16:32:49.157 [qtp711025593-230] DEBUG o.s.c.c.CharSequenceEncoder - [56534a0a] Writing "416. foo bar"
16:32:49.157 [qtp711025593-230] DEBUG o.s.c.c.CharSequenceEncoder - [56534a0a] Writing "417. foo bar"
16:32:49.157 [qtp711025593-230] DEBUG o.s.c.c.CharSequenceEncoder - [56534a0a] Writing "418. foo bar"
16:32:49.158 [qtp711025593-230] DEBUG o.s.c.c.CharSequenceEncoder - [56534a0a] Writing "419. foo bar"
16:32:49.158 [qtp711025593-230] DEBUG o.s.c.c.CharSequenceEncoder - [56534a0a] Writing "420. foo bar"
16:32:49.158 [qtp711025593-230] DEBUG o.s.c.c.CharSequenceEncoder - [56534a0a] Writing "421. foo bar"
16:32:49.158 [qtp711025593-230] DEBUG o.s.c.c.CharSequenceEncoder - [56534a0a] Writing "422. foo bar"
16:32:49.158 [qtp711025593-230] DEBUG o.s.c.c.CharSequenceEncoder - [56534a0a] Writing "423. foo bar"
16:32:49.158 [qtp711025593-230] DEBUG o.s.c.c.CharSequenceEncoder - [56534a0a] Writing "424. foo bar"
16:32:49.158 [qtp711025593-230] DEBUG o.s.c.c.CharSequenceEncoder - [56534a0a] Writing "425. foo bar"
16:32:49.158 [qtp711025593-230] DEBUG o.s.c.c.CharSequenceEncoder - [56534a0a] Writing "426. foo bar"
16:32:49.158 [qtp711025593-230] DEBUG o.s.c.c.CharSequenceEncoder - [56534a0a] Writing "427. foo bar"
16:32:49.159 [qtp711025593-230] DEBUG o.s.c.c.CharSequenceEncoder - [56534a0a] Writing "428. foo bar"
16:32:49.159 [qtp711025593-230] DEBUG o.s.c.c.CharSequenceEncoder - [56534a0a] Writing "429. foo bar"
16:32:49.159 [qtp711025593-230] DEBUG o.s.c.c.CharSequenceEncoder - [56534a0a] Writing "430. foo bar"
16:32:49.159 [qtp711025593-230] DEBUG o.s.c.c.CharSequenceEncoder - [56534a0a] Writing "431. foo bar"
16:32:49.159 [qtp711025593-230] DEBUG o.s.c.c.CharSequenceEncoder - [56534a0a] Writing "432. foo bar"
16:32:49.159 [qtp711025593-230] DEBUG o.s.c.c.CharSequenceEncoder - [56534a0a] Writing "433. foo bar"
16:32:49.159 [qtp711025593-230] DEBUG o.s.c.c.CharSequenceEncoder - [56534a0a] Writing "434. foo bar"
16:32:49.159 [qtp711025593-230] DEBUG o.s.c.c.CharSequenceEncoder - [56534a0a] Writing "435. foo bar"
16:32:49.159 [qtp711025593-230] DEBUG o.s.c.c.CharSequenceEncoder - [56534a0a] Writing "436. foo bar"
16:32:49.159 [qtp711025593-230] DEBUG o.s.c.c.CharSequenceEncoder - [56534a0a] Writing "437. foo bar"
16:32:49.160 [qtp711025593-230] DEBUG o.s.c.c.CharSequenceEncoder - [56534a0a] Writing "438. foo bar"
16:32:49.160 [qtp711025593-230] DEBUG o.s.c.c.CharSequenceEncoder - [56534a0a] Writing "439. foo bar"
16:32:49.160 [qtp711025593-230] DEBUG o.s.c.c.CharSequenceEncoder - [56534a0a] Writing "440. foo bar"
16:32:49.160 [qtp711025593-230] DEBUG o.s.c.c.CharSequenceEncoder - [56534a0a] Writing "441. foo bar"
16:32:49.160 [qtp711025593-230] DEBUG o.s.c.c.CharSequenceEncoder - [56534a0a] Writing "442. foo bar"
16:32:49.160 [qtp711025593-230] DEBUG o.s.c.c.CharSequenceEncoder - [56534a0a] Writing "443. foo bar"
16:32:49.160 [qtp711025593-230] DEBUG o.s.c.c.CharSequenceEncoder - [56534a0a] Writing "444. foo bar"
16:32:49.160 [qtp711025593-230] DEBUG o.s.c.c.CharSequenceEncoder - [56534a0a] Writing "445. foo bar"
16:32:49.160 [qtp711025593-230] DEBUG o.s.c.c.CharSequenceEncoder - [56534a0a] Writing "446. foo bar"
16:32:49.160 [qtp711025593-230] DEBUG o.s.c.c.CharSequenceEncoder - [56534a0a] Writing "447. foo bar"
16:32:49.161 [qtp711025593-230] DEBUG o.s.c.c.CharSequenceEncoder - [56534a0a] Writing "448. foo bar"
16:32:49.161 [qtp711025593-230] DEBUG o.s.c.c.CharSequenceEncoder - [56534a0a] Writing "449. foo bar"
16:32:49.161 [qtp711025593-230] DEBUG o.s.c.c.CharSequenceEncoder - [56534a0a] Writing "450. foo bar"
16:32:49.161 [qtp711025593-230] DEBUG o.s.c.c.CharSequenceEncoder - [56534a0a] Writing "451. foo bar"
16:32:49.161 [qtp711025593-230] DEBUG o.s.c.c.CharSequenceEncoder - [56534a0a] Writing "452. foo bar"
16:32:49.161 [qtp711025593-230] DEBUG o.s.c.c.CharSequenceEncoder - [56534a0a] Writing "453. foo bar"
16:32:49.161 [qtp711025593-230] DEBUG o.s.c.c.CharSequenceEncoder - [56534a0a] Writing "454. foo bar"
16:32:49.161 [qtp711025593-230] DEBUG o.s.c.c.CharSequenceEncoder - [56534a0a] Writing "455. foo bar"
16:32:49.161 [qtp711025593-230] DEBUG o.s.c.c.CharSequenceEncoder - [56534a0a] Writing "456. foo bar"
16:32:49.161 [qtp711025593-230] DEBUG o.s.c.c.CharSequenceEncoder - [56534a0a] Writing "457. foo bar"
16:32:49.162 [qtp711025593-230] DEBUG o.s.c.c.CharSequenceEncoder - [56534a0a] Writing "458. foo bar"
16:32:49.162 [qtp711025593-230] DEBUG o.s.c.c.CharSequenceEncoder - [56534a0a] Writing "459. foo bar"
16:32:49.162 [qtp711025593-230] DEBUG o.s.c.c.CharSequenceEncoder - [56534a0a] Writing "460. foo bar"
16:32:49.162 [qtp711025593-230] DEBUG o.s.c.c.CharSequenceEncoder - [56534a0a] Writing "461. foo bar"
16:32:49.162 [qtp711025593-230] DEBUG o.s.c.c.CharSequenceEncoder - [56534a0a] Writing "462. foo bar"
16:32:49.162 [qtp711025593-230] DEBUG o.s.c.c.CharSequenceEncoder - [56534a0a] Writing "463. foo bar"
16:32:49.162 [qtp711025593-230] DEBUG o.s.c.c.CharSequenceEncoder - [56534a0a] Writing "464. foo bar"
16:32:49.162 [qtp711025593-230] DEBUG o.s.c.c.CharSequenceEncoder - [56534a0a] Writing "465. foo bar"
16:32:49.163 [qtp711025593-230] DEBUG o.s.c.c.CharSequenceEncoder - [56534a0a] Writing "466. foo bar"
16:32:49.163 [qtp711025593-230] DEBUG o.s.c.c.CharSequenceEncoder - [56534a0a] Writing "467. foo bar"
16:32:49.163 [qtp711025593-230] DEBUG o.s.c.c.CharSequenceEncoder - [56534a0a] Writing "468. foo bar"
16:32:49.163 [qtp711025593-230] DEBUG o.s.c.c.CharSequenceEncoder - [56534a0a] Writing "469. foo bar"
16:32:49.163 [qtp711025593-230] DEBUG o.s.c.c.CharSequenceEncoder - [56534a0a] Writing "470. foo bar"
16:32:49.163 [qtp711025593-230] DEBUG o.s.c.c.CharSequenceEncoder - [56534a0a] Writing "471. foo bar"
16:32:49.163 [qtp711025593-230] DEBUG o.s.c.c.CharSequenceEncoder - [56534a0a] Writing "472. foo bar"
16:32:49.163 [qtp711025593-230] DEBUG o.s.c.c.CharSequenceEncoder - [56534a0a] Writing "473. foo bar"
16:32:49.163 [qtp711025593-230] DEBUG o.s.c.c.CharSequenceEncoder - [56534a0a] Writing "474. foo bar"
16:32:49.163 [qtp711025593-230] DEBUG o.s.c.c.CharSequenceEncoder - [56534a0a] Writing "475. foo bar"
16:32:49.164 [qtp711025593-230] DEBUG o.s.c.c.CharSequenceEncoder - [56534a0a] Writing "476. foo bar"
16:32:49.164 [qtp711025593-230] DEBUG o.s.c.c.CharSequenceEncoder - [56534a0a] Writing "477. foo bar"
16:32:49.164 [qtp711025593-230] DEBUG o.s.c.c.CharSequenceEncoder - [56534a0a] Writing "478. foo bar"
16:32:49.164 [qtp711025593-230] DEBUG o.s.c.c.CharSequenceEncoder - [56534a0a] Writing "479. foo bar"
16:32:49.164 [qtp711025593-230] DEBUG o.s.c.c.CharSequenceEncoder - [56534a0a] Writing "480. foo bar"
16:32:49.164 [qtp711025593-230] DEBUG o.s.c.c.CharSequenceEncoder - [56534a0a] Writing "481. foo bar"
16:32:49.164 [qtp711025593-230] DEBUG o.s.c.c.CharSequenceEncoder - [56534a0a] Writing "482. foo bar"
16:32:49.164 [qtp711025593-230] DEBUG o.s.c.c.CharSequenceEncoder - [56534a0a] Writing "483. foo bar"
16:32:49.164 [qtp711025593-230] DEBUG o.s.c.c.CharSequenceEncoder - [56534a0a] Writing "484. foo bar"
16:32:49.164 [qtp711025593-230] DEBUG o.s.c.c.CharSequenceEncoder - [56534a0a] Writing "485. foo bar"
16:32:49.164 [qtp711025593-230] DEBUG o.s.c.c.CharSequenceEncoder - [56534a0a] Writing "486. foo bar"
16:32:49.165 [qtp711025593-230] DEBUG o.s.c.c.CharSequenceEncoder - [56534a0a] Writing "487. foo bar"
16:32:49.165 [qtp711025593-230] DEBUG o.s.c.c.CharSequenceEncoder - [56534a0a] Writing "488. foo bar"
16:32:49.165 [qtp711025593-230] DEBUG o.s.c.c.CharSequenceEncoder - [56534a0a] Writing "489. foo bar"
16:32:49.165 [qtp711025593-230] DEBUG o.s.c.c.CharSequenceEncoder - [56534a0a] Writing "490. foo bar"
16:32:49.165 [qtp711025593-230] DEBUG o.s.c.c.CharSequenceEncoder - [56534a0a] Writing "491. foo bar"
16:32:49.165 [qtp711025593-230] DEBUG o.s.c.c.CharSequenceEncoder - [56534a0a] Writing "492. foo bar"
16:32:49.165 [qtp711025593-230] DEBUG o.s.c.c.CharSequenceEncoder - [56534a0a] Writing "493. foo bar"
16:32:49.165 [qtp711025593-230] DEBUG o.s.c.c.CharSequenceEncoder - [56534a0a] Writing "494. foo bar"
16:32:49.165 [qtp711025593-230] DEBUG o.s.c.c.CharSequenceEncoder - [56534a0a] Writing "495. foo bar"
16:32:49.165 [qtp711025593-230] DEBUG o.s.c.c.CharSequenceEncoder - [56534a0a] Writing "496. foo bar"
16:32:49.166 [qtp711025593-230] DEBUG o.s.c.c.CharSequenceEncoder - [56534a0a] Writing "497. foo bar"
16:32:49.166 [qtp711025593-230] DEBUG o.s.c.c.CharSequenceEncoder - [56534a0a] Writing "498. foo bar"
16:32:49.166 [qtp711025593-230] DEBUG o.s.c.c.CharSequenceEncoder - [56534a0a] Writing "499. foo bar"
16:32:49.166 [qtp711025593-230] DEBUG o.s.c.c.CharSequenceEncoder - [56534a0a] Writing "500. foo bar"
16:32:49.166 [qtp711025593-230] DEBUG o.s.c.c.CharSequenceEncoder - [56534a0a] Writing "501. foo bar"
16:32:49.166 [qtp711025593-230] DEBUG o.s.c.c.CharSequenceEncoder - [56534a0a] Writing "502. foo bar"
16:32:49.166 [qtp711025593-230] DEBUG o.s.c.c.CharSequenceEncoder - [56534a0a] Writing "503. foo bar"
16:32:49.166 [qtp711025593-230] DEBUG o.s.c.c.CharSequenceEncoder - [56534a0a] Writing "504. foo bar"
16:32:49.166 [qtp711025593-230] DEBUG o.s.c.c.CharSequenceEncoder - [56534a0a] Writing "505. foo bar"
16:32:49.166 [qtp711025593-230] DEBUG o.s.c.c.CharSequenceEncoder - [56534a0a] Writing "506. foo bar"
16:32:49.167 [qtp711025593-230] DEBUG o.s.c.c.CharSequenceEncoder - [56534a0a] Writing "507. foo bar"
16:32:49.167 [qtp711025593-230] DEBUG o.s.c.c.CharSequenceEncoder - [56534a0a] Writing "508. foo bar"
16:32:49.167 [qtp711025593-230] DEBUG o.s.c.c.CharSequenceEncoder - [56534a0a] Writing "509. foo bar"
16:32:49.167 [qtp711025593-230] DEBUG o.s.c.c.CharSequenceEncoder - [56534a0a] Writing "510. foo bar"
16:32:49.167 [qtp711025593-230] DEBUG o.s.c.c.CharSequenceEncoder - [56534a0a] Writing "511. foo bar"
16:32:49.167 [qtp711025593-230] DEBUG o.s.c.c.CharSequenceEncoder - [56534a0a] Writing "512. foo bar"
16:32:49.168 [qtp711025593-230] DEBUG o.s.c.c.CharSequenceEncoder - [56534a0a] Writing "513. foo bar"
16:32:49.169 [qtp711025593-230] DEBUG o.s.c.c.CharSequenceEncoder - [56534a0a] Writing "514. foo bar"
16:32:49.169 [qtp711025593-230] DEBUG o.s.c.c.CharSequenceEncoder - [56534a0a] Writing "515. foo bar"
16:32:49.169 [qtp711025593-230] DEBUG o.s.c.c.CharSequenceEncoder - [56534a0a] Writing "516. foo bar"
16:32:49.169 [qtp711025593-230] DEBUG o.s.c.c.CharSequenceEncoder - [56534a0a] Writing "517. foo bar"
16:32:49.170 [qtp711025593-230] DEBUG o.s.c.c.CharSequenceEncoder - [56534a0a] Writing "518. foo bar"
16:32:49.170 [qtp711025593-230] DEBUG o.s.c.c.CharSequenceEncoder - [56534a0a] Writing "519. foo bar"
16:32:49.170 [qtp711025593-230] DEBUG o.s.c.c.CharSequenceEncoder - [56534a0a] Writing "520. foo bar"
16:32:49.170 [qtp711025593-230] DEBUG o.s.c.c.CharSequenceEncoder - [56534a0a] Writing "521. foo bar"
16:32:49.170 [qtp711025593-230] DEBUG o.s.c.c.CharSequenceEncoder - [56534a0a] Writing "522. foo bar"
16:32:49.170 [qtp711025593-230] DEBUG o.s.c.c.CharSequenceEncoder - [56534a0a] Writing "523. foo bar"
16:32:49.170 [qtp711025593-230] DEBUG o.s.c.c.CharSequenceEncoder - [56534a0a] Writing "524. foo bar"
16:32:49.170 [qtp711025593-230] DEBUG o.s.c.c.CharSequenceEncoder - [56534a0a] Writing "525. foo bar"
16:32:49.170 [qtp711025593-230] DEBUG o.s.c.c.CharSequenceEncoder - [56534a0a] Writing "526. foo bar"
16:32:49.170 [qtp711025593-230] DEBUG o.s.c.c.CharSequenceEncoder - [56534a0a] Writing "527. foo bar"
16:32:49.170 [qtp711025593-230] DEBUG o.s.c.c.CharSequenceEncoder - [56534a0a] Writing "528. foo bar"
16:32:49.171 [qtp711025593-230] DEBUG o.s.c.c.CharSequenceEncoder - [56534a0a] Writing "529. foo bar"
16:32:49.171 [qtp711025593-230] DEBUG o.s.c.c.CharSequenceEncoder - [56534a0a] Writing "530. foo bar"
16:32:49.171 [qtp711025593-230] DEBUG o.s.c.c.CharSequenceEncoder - [56534a0a] Writing "531. foo bar"
16:32:49.171 [qtp711025593-230] DEBUG o.s.c.c.CharSequenceEncoder - [56534a0a] Writing "532. foo bar"
16:32:49.171 [qtp711025593-230] DEBUG o.s.c.c.CharSequenceEncoder - [56534a0a] Writing "533. foo bar"
16:32:49.171 [qtp711025593-230] DEBUG o.s.c.c.CharSequenceEncoder - [56534a0a] Writing "534. foo bar"
16:32:49.171 [qtp711025593-230] DEBUG o.s.c.c.CharSequenceEncoder - [56534a0a] Writing "535. foo bar"
16:32:49.171 [qtp711025593-230] DEBUG o.s.c.c.CharSequenceEncoder - [56534a0a] Writing "536. foo bar"
16:32:49.171 [qtp711025593-230] DEBUG o.s.c.c.CharSequenceEncoder - [56534a0a] Writing "537. foo bar"
16:32:49.171 [qtp711025593-230] DEBUG o.s.c.c.CharSequenceEncoder - [56534a0a] Writing "538. foo bar"
16:32:49.171 [qtp711025593-230] DEBUG o.s.c.c.CharSequenceEncoder - [56534a0a] Writing "539. foo bar"
16:32:49.171 [qtp711025593-230] DEBUG o.s.c.c.CharSequenceEncoder - [56534a0a] Writing "540. foo bar"
16:32:49.171 [qtp711025593-230] DEBUG o.s.c.c.CharSequenceEncoder - [56534a0a] Writing "541. foo bar"
16:32:49.172 [qtp711025593-230] DEBUG o.s.c.c.CharSequenceEncoder - [56534a0a] Writing "542. foo bar"
16:32:49.172 [qtp711025593-230] DEBUG o.s.c.c.CharSequenceEncoder - [56534a0a] Writing "543. foo bar"
16:32:49.172 [qtp711025593-230] DEBUG o.s.c.c.CharSequenceEncoder - [56534a0a] Writing "544. foo bar"
16:32:49.172 [qtp711025593-230] DEBUG o.s.c.c.CharSequenceEncoder - [56534a0a] Writing "545. foo bar"
16:32:49.172 [qtp711025593-230] DEBUG o.s.c.c.CharSequenceEncoder - [56534a0a] Writing "546. foo bar"
16:32:49.172 [qtp711025593-230] DEBUG o.s.c.c.CharSequenceEncoder - [56534a0a] Writing "547. foo bar"
16:32:49.172 [qtp711025593-230] DEBUG o.s.c.c.CharSequenceEncoder - [56534a0a] Writing "548. foo bar"
16:32:49.172 [qtp711025593-230] DEBUG o.s.c.c.CharSequenceEncoder - [56534a0a] Writing "549. foo bar"
16:32:49.172 [qtp711025593-230] DEBUG o.s.c.c.CharSequenceEncoder - [56534a0a] Writing "550. foo bar"
16:32:49.172 [qtp711025593-230] DEBUG o.s.c.c.CharSequenceEncoder - [56534a0a] Writing "551. foo bar"
16:32:49.172 [qtp711025593-230] DEBUG o.s.c.c.CharSequenceEncoder - [56534a0a] Writing "552. foo bar"
16:32:49.172 [qtp711025593-230] DEBUG o.s.c.c.CharSequenceEncoder - [56534a0a] Writing "553. foo bar"
16:32:49.173 [qtp711025593-230] DEBUG o.s.c.c.CharSequenceEncoder - [56534a0a] Writing "554. foo bar"
16:32:49.173 [qtp711025593-230] DEBUG o.s.c.c.CharSequenceEncoder - [56534a0a] Writing "555. foo bar"
16:32:49.173 [qtp711025593-230] DEBUG o.s.c.c.CharSequenceEncoder - [56534a0a] Writing "556. foo bar"
16:32:49.173 [qtp711025593-230] DEBUG o.s.c.c.CharSequenceEncoder - [56534a0a] Writing "557. foo bar"
16:32:49.173 [qtp711025593-230] DEBUG o.s.c.c.CharSequenceEncoder - [56534a0a] Writing "558. foo bar"
16:32:49.173 [qtp711025593-230] DEBUG o.s.c.c.CharSequenceEncoder - [56534a0a] Writing "559. foo bar"
16:32:49.173 [qtp711025593-230] DEBUG o.s.c.c.CharSequenceEncoder - [56534a0a] Writing "560. foo bar"
16:32:49.173 [qtp711025593-230] DEBUG o.s.c.c.CharSequenceEncoder - [56534a0a] Writing "561. foo bar"
16:32:49.173 [qtp711025593-230] DEBUG o.s.c.c.CharSequenceEncoder - [56534a0a] Writing "562. foo bar"
16:32:49.173 [qtp711025593-230] DEBUG o.s.c.c.CharSequenceEncoder - [56534a0a] Writing "563. foo bar"
16:32:49.173 [qtp711025593-230] DEBUG o.s.c.c.CharSequenceEncoder - [56534a0a] Writing "564. foo bar"
16:32:49.173 [qtp711025593-230] DEBUG o.s.c.c.CharSequenceEncoder - [56534a0a] Writing "565. foo bar"
16:32:49.174 [qtp711025593-230] DEBUG o.s.c.c.CharSequenceEncoder - [56534a0a] Writing "566. foo bar"
16:32:49.174 [qtp711025593-230] DEBUG o.s.c.c.CharSequenceEncoder - [56534a0a] Writing "567. foo bar"
16:32:49.174 [qtp711025593-230] DEBUG o.s.c.c.CharSequenceEncoder - [56534a0a] Writing "568. foo bar"
16:32:49.174 [qtp711025593-230] DEBUG o.s.c.c.CharSequenceEncoder - [56534a0a] Writing "569. foo bar"
16:32:49.174 [qtp711025593-230] DEBUG o.s.c.c.CharSequenceEncoder - [56534a0a] Writing "570. foo bar"
16:32:49.174 [qtp711025593-230] DEBUG o.s.c.c.CharSequenceEncoder - [56534a0a] Writing "571. foo bar"
16:32:49.174 [qtp711025593-230] DEBUG o.s.c.c.CharSequenceEncoder - [56534a0a] Writing "572. foo bar"
16:32:49.174 [qtp711025593-230] DEBUG o.s.c.c.CharSequenceEncoder - [56534a0a] Writing "573. foo bar"
16:32:49.174 [qtp711025593-230] DEBUG o.s.c.c.CharSequenceEncoder - [56534a0a] Writing "574. foo bar"
16:32:49.174 [qtp711025593-230] DEBUG o.s.c.c.CharSequenceEncoder - [56534a0a] Writing "575. foo bar"
16:32:49.174 [qtp711025593-230] DEBUG o.s.c.c.CharSequenceEncoder - [56534a0a] Writing "576. foo bar"
16:32:49.174 [qtp711025593-230] DEBUG o.s.c.c.CharSequenceEncoder - [56534a0a] Writing "577. foo bar"
16:32:49.174 [qtp711025593-230] DEBUG o.s.c.c.CharSequenceEncoder - [56534a0a] Writing "578. foo bar"
16:32:49.175 [qtp711025593-230] DEBUG o.s.c.c.CharSequenceEncoder - [56534a0a] Writing "579. foo bar"
16:32:49.175 [qtp711025593-230] DEBUG o.s.c.c.CharSequenceEncoder - [56534a0a] Writing "580. foo bar"
16:32:49.175 [qtp711025593-230] DEBUG o.s.c.c.CharSequenceEncoder - [56534a0a] Writing "581. foo bar"
16:32:49.175 [qtp711025593-230] DEBUG o.s.c.c.CharSequenceEncoder - [56534a0a] Writing "582. foo bar"
16:32:49.175 [qtp711025593-230] DEBUG o.s.c.c.CharSequenceEncoder - [56534a0a] Writing "583. foo bar"
16:32:49.175 [qtp711025593-230] DEBUG o.s.c.c.CharSequenceEncoder - [56534a0a] Writing "584. foo bar"
16:32:49.175 [qtp711025593-230] DEBUG o.s.c.c.CharSequenceEncoder - [56534a0a] Writing "585. foo bar"
16:32:49.175 [qtp711025593-230] DEBUG o.s.c.c.CharSequenceEncoder - [56534a0a] Writing "586. foo bar"
16:32:49.175 [qtp711025593-230] DEBUG o.s.c.c.CharSequenceEncoder - [56534a0a] Writing "587. foo bar"
16:32:49.175 [qtp711025593-230] DEBUG o.s.c.c.CharSequenceEncoder - [56534a0a] Writing "588. foo bar"
16:32:49.175 [qtp711025593-230] DEBUG o.s.c.c.CharSequenceEncoder - [56534a0a] Writing "589. foo bar"
16:32:49.175 [qtp711025593-230] DEBUG o.s.c.c.CharSequenceEncoder - [56534a0a] Writing "590. foo bar"
16:32:49.176 [qtp711025593-230] DEBUG o.s.c.c.CharSequenceEncoder - [56534a0a] Writing "591. foo bar"
16:32:49.176 [qtp711025593-230] DEBUG o.s.c.c.CharSequenceEncoder - [56534a0a] Writing "592. foo bar"
16:32:49.176 [qtp711025593-230] DEBUG o.s.c.c.CharSequenceEncoder - [56534a0a] Writing "593. foo bar"
16:32:49.176 [qtp711025593-230] DEBUG o.s.c.c.CharSequenceEncoder - [56534a0a] Writing "594. foo bar"
16:32:49.176 [qtp711025593-230] DEBUG o.s.c.c.CharSequenceEncoder - [56534a0a] Writing "595. foo bar"
16:32:49.176 [qtp711025593-230] DEBUG o.s.c.c.CharSequenceEncoder - [56534a0a] Writing "596. foo bar"
16:32:49.176 [qtp711025593-230] DEBUG o.s.c.c.CharSequenceEncoder - [56534a0a] Writing "597. foo bar"
16:32:49.176 [qtp711025593-230] DEBUG o.s.c.c.CharSequenceEncoder - [56534a0a] Writing "598. foo bar"
16:32:49.176 [qtp711025593-230] DEBUG o.s.c.c.CharSequenceEncoder - [56534a0a] Writing "599. foo bar"
16:32:49.176 [qtp711025593-230] DEBUG o.s.c.c.CharSequenceEncoder - [56534a0a] Writing "600. foo bar"
16:32:49.176 [qtp711025593-230] DEBUG o.s.c.c.CharSequenceEncoder - [56534a0a] Writing "601. foo bar"
16:32:49.176 [qtp711025593-230] DEBUG o.s.c.c.CharSequenceEncoder - [56534a0a] Writing "602. foo bar"
16:32:49.176 [qtp711025593-230] DEBUG o.s.c.c.CharSequenceEncoder - [56534a0a] Writing "603. foo bar"
16:32:49.177 [qtp711025593-230] DEBUG o.s.c.c.CharSequenceEncoder - [56534a0a] Writing "604. foo bar"
16:32:49.177 [qtp711025593-230] DEBUG o.s.c.c.CharSequenceEncoder - [56534a0a] Writing "605. foo bar"
16:32:49.177 [qtp711025593-230] DEBUG o.s.c.c.CharSequenceEncoder - [56534a0a] Writing "606. foo bar"
16:32:49.177 [qtp711025593-230] DEBUG o.s.c.c.CharSequenceEncoder - [56534a0a] Writing "607. foo bar"
16:32:49.177 [qtp711025593-230] DEBUG o.s.c.c.CharSequenceEncoder - [56534a0a] Writing "608. foo bar"
16:32:49.177 [qtp711025593-230] DEBUG o.s.c.c.CharSequenceEncoder - [56534a0a] Writing "609. foo bar"
16:32:49.177 [qtp711025593-230] DEBUG o.s.c.c.CharSequenceEncoder - [56534a0a] Writing "610. foo bar"
16:32:49.177 [qtp711025593-230] DEBUG o.s.c.c.CharSequenceEncoder - [56534a0a] Writing "611. foo bar"
16:32:49.177 [qtp711025593-230] DEBUG o.s.c.c.CharSequenceEncoder - [56534a0a] Writing "612. foo bar"
16:32:49.177 [qtp711025593-230] DEBUG o.s.c.c.CharSequenceEncoder - [56534a0a] Writing "613. foo bar"
16:32:49.177 [qtp711025593-230] DEBUG o.s.c.c.CharSequenceEncoder - [56534a0a] Writing "614. foo bar"
16:32:49.177 [qtp711025593-230] DEBUG o.s.c.c.CharSequenceEncoder - [56534a0a] Writing "615. foo bar"
16:32:49.177 [qtp711025593-230] DEBUG o.s.c.c.CharSequenceEncoder - [56534a0a] Writing "616. foo bar"
16:32:49.178 [qtp711025593-230] DEBUG o.s.c.c.CharSequenceEncoder - [56534a0a] Writing "617. foo bar"
16:32:49.178 [qtp711025593-230] DEBUG o.s.c.c.CharSequenceEncoder - [56534a0a] Writing "618. foo bar"
16:32:49.178 [qtp711025593-230] DEBUG o.s.c.c.CharSequenceEncoder - [56534a0a] Writing "619. foo bar"
16:32:49.178 [qtp711025593-230] DEBUG o.s.c.c.CharSequenceEncoder - [56534a0a] Writing "620. foo bar"
16:32:49.178 [qtp711025593-230] DEBUG o.s.c.c.CharSequenceEncoder - [56534a0a] Writing "621. foo bar"
16:32:49.178 [qtp711025593-230] DEBUG o.s.c.c.CharSequenceEncoder - [56534a0a] Writing "622. foo bar"
16:32:49.178 [qtp711025593-230] DEBUG o.s.c.c.CharSequenceEncoder - [56534a0a] Writing "623. foo bar"
16:32:49.178 [qtp711025593-230] DEBUG o.s.c.c.CharSequenceEncoder - [56534a0a] Writing "624. foo bar"
16:32:49.178 [qtp711025593-230] DEBUG o.s.c.c.CharSequenceEncoder - [56534a0a] Writing "625. foo bar"
16:32:49.178 [qtp711025593-230] DEBUG o.s.c.c.CharSequenceEncoder - [56534a0a] Writing "626. foo bar"
16:32:49.178 [qtp711025593-230] DEBUG o.s.c.c.CharSequenceEncoder - [56534a0a] Writing "627. foo bar"
16:32:49.178 [qtp711025593-230] DEBUG o.s.c.c.CharSequenceEncoder - [56534a0a] Writing "628. foo bar"
16:32:49.178 [qtp711025593-230] DEBUG o.s.c.c.CharSequenceEncoder - [56534a0a] Writing "629. foo bar"
16:32:49.179 [qtp711025593-230] DEBUG o.s.c.c.CharSequenceEncoder - [56534a0a] Writing "630. foo bar"
16:32:49.179 [qtp711025593-230] DEBUG o.s.c.c.CharSequenceEncoder - [56534a0a] Writing "631. foo bar"
16:32:49.179 [qtp711025593-230] DEBUG o.s.c.c.CharSequenceEncoder - [56534a0a] Writing "632. foo bar"
16:32:49.179 [qtp711025593-230] DEBUG o.s.c.c.CharSequenceEncoder - [56534a0a] Writing "633. foo bar"
16:32:49.179 [qtp711025593-230] DEBUG o.s.c.c.CharSequenceEncoder - [56534a0a] Writing "634. foo bar"
16:32:49.179 [qtp711025593-230] DEBUG o.s.c.c.CharSequenceEncoder - [56534a0a] Writing "635. foo bar"
16:32:49.179 [qtp711025593-230] DEBUG o.s.c.c.CharSequenceEncoder - [56534a0a] Writing "636. foo bar"
16:32:49.179 [qtp711025593-230] DEBUG o.s.c.c.CharSequenceEncoder - [56534a0a] Writing "637. foo bar"
16:32:49.179 [qtp711025593-230] DEBUG o.s.c.c.CharSequenceEncoder - [56534a0a] Writing "638. foo bar"
16:32:49.179 [qtp711025593-230] DEBUG o.s.c.c.CharSequenceEncoder - [56534a0a] Writing "639. foo bar"
16:32:49.179 [qtp711025593-230] DEBUG o.s.c.c.CharSequenceEncoder - [56534a0a] Writing "640. foo bar"
16:32:49.179 [qtp711025593-230] DEBUG o.s.c.c.CharSequenceEncoder - [56534a0a] Writing "641. foo bar"
16:32:49.180 [qtp711025593-230] DEBUG o.s.c.c.CharSequenceEncoder - [56534a0a] Writing "642. foo bar"
16:32:49.180 [qtp711025593-230] DEBUG o.s.c.c.CharSequenceEncoder - [56534a0a] Writing "643. foo bar"
16:32:49.180 [qtp711025593-230] DEBUG o.s.c.c.CharSequenceEncoder - [56534a0a] Writing "644. foo bar"
16:32:49.180 [qtp711025593-230] DEBUG o.s.c.c.CharSequenceEncoder - [56534a0a] Writing "645. foo bar"
16:32:49.180 [qtp711025593-230] DEBUG o.s.c.c.CharSequenceEncoder - [56534a0a] Writing "646. foo bar"
16:32:49.180 [qtp711025593-230] DEBUG o.s.c.c.CharSequenceEncoder - [56534a0a] Writing "647. foo bar"
16:32:49.180 [qtp711025593-230] DEBUG o.s.c.c.CharSequenceEncoder - [56534a0a] Writing "648. foo bar"
16:32:49.180 [qtp711025593-230] DEBUG o.s.c.c.CharSequenceEncoder - [56534a0a] Writing "649. foo bar"
16:32:49.180 [qtp711025593-230] DEBUG o.s.c.c.CharSequenceEncoder - [56534a0a] Writing "650. foo bar"
16:32:49.180 [qtp711025593-230] DEBUG o.s.c.c.CharSequenceEncoder - [56534a0a] Writing "651. foo bar"
16:32:49.180 [qtp711025593-230] DEBUG o.s.c.c.CharSequenceEncoder - [56534a0a] Writing "652. foo bar"
16:32:49.180 [qtp711025593-230] DEBUG o.s.c.c.CharSequenceEncoder - [56534a0a] Writing "653. foo bar"
16:32:49.180 [qtp711025593-230] DEBUG o.s.c.c.CharSequenceEncoder - [56534a0a] Writing "654. foo bar"
16:32:49.181 [qtp711025593-230] DEBUG o.s.c.c.CharSequenceEncoder - [56534a0a] Writing "655. foo bar"
16:32:49.181 [qtp711025593-230] DEBUG o.s.c.c.CharSequenceEncoder - [56534a0a] Writing "656. foo bar"
16:32:49.181 [qtp711025593-230] DEBUG o.s.c.c.CharSequenceEncoder - [56534a0a] Writing "657. foo bar"
16:32:49.181 [qtp711025593-230] DEBUG o.s.c.c.CharSequenceEncoder - [56534a0a] Writing "658. foo bar"
16:32:49.181 [qtp711025593-230] DEBUG o.s.c.c.CharSequenceEncoder - [56534a0a] Writing "659. foo bar"
16:32:49.181 [qtp711025593-230] DEBUG o.s.c.c.CharSequenceEncoder - [56534a0a] Writing "660. foo bar"
16:32:49.181 [qtp711025593-230] DEBUG o.s.c.c.CharSequenceEncoder - [56534a0a] Writing "661. foo bar"
16:32:49.181 [qtp711025593-230] DEBUG o.s.c.c.CharSequenceEncoder - [56534a0a] Writing "662. foo bar"
16:32:49.181 [qtp711025593-230] DEBUG o.s.c.c.CharSequenceEncoder - [56534a0a] Writing "663. foo bar"
16:32:49.181 [qtp711025593-230] DEBUG o.s.c.c.CharSequenceEncoder - [56534a0a] Writing "664. foo bar"
16:32:49.181 [qtp711025593-230] DEBUG o.s.c.c.CharSequenceEncoder - [56534a0a] Writing "665. foo bar"
16:32:49.181 [qtp711025593-230] DEBUG o.s.c.c.CharSequenceEncoder - [56534a0a] Writing "666. foo bar"
16:32:49.181 [qtp711025593-230] DEBUG o.s.c.c.CharSequenceEncoder - [56534a0a] Writing "667. foo bar"
16:32:49.182 [qtp711025593-230] DEBUG o.s.c.c.CharSequenceEncoder - [56534a0a] Writing "668. foo bar"
16:32:49.182 [qtp711025593-230] DEBUG o.s.c.c.CharSequenceEncoder - [56534a0a] Writing "669. foo bar"
16:32:49.182 [qtp711025593-230] DEBUG o.s.c.c.CharSequenceEncoder - [56534a0a] Writing "670. foo bar"
16:32:49.182 [qtp711025593-230] DEBUG o.s.c.c.CharSequenceEncoder - [56534a0a] Writing "671. foo bar"
16:32:49.182 [qtp711025593-230] DEBUG o.s.c.c.CharSequenceEncoder - [56534a0a] Writing "672. foo bar"
16:32:49.182 [qtp711025593-230] DEBUG o.s.c.c.CharSequenceEncoder - [56534a0a] Writing "673. foo bar"
16:32:49.182 [qtp711025593-230] DEBUG o.s.c.c.CharSequenceEncoder - [56534a0a] Writing "674. foo bar"
16:32:49.182 [qtp711025593-230] DEBUG o.s.c.c.CharSequenceEncoder - [56534a0a] Writing "675. foo bar"
16:32:49.182 [qtp711025593-230] DEBUG o.s.c.c.CharSequenceEncoder - [56534a0a] Writing "676. foo bar"
16:32:49.182 [qtp711025593-230] DEBUG o.s.c.c.CharSequenceEncoder - [56534a0a] Writing "677. foo bar"
16:32:49.182 [qtp711025593-230] DEBUG o.s.c.c.CharSequenceEncoder - [56534a0a] Writing "678. foo bar"
16:32:49.182 [qtp711025593-230] DEBUG o.s.c.c.CharSequenceEncoder - [56534a0a] Writing "679. foo bar"
16:32:49.182 [qtp711025593-230] DEBUG o.s.c.c.CharSequenceEncoder - [56534a0a] Writing "680. foo bar"
16:32:49.182 [qtp711025593-230] DEBUG o.s.c.c.CharSequenceEncoder - [56534a0a] Writing "681. foo bar"
16:32:49.183 [qtp711025593-230] DEBUG o.s.c.c.CharSequenceEncoder - [56534a0a] Writing "682. foo bar"
16:32:49.183 [qtp711025593-230] DEBUG o.s.c.c.CharSequenceEncoder - [56534a0a] Writing "683. foo bar"
16:32:49.183 [qtp711025593-230] DEBUG o.s.c.c.CharSequenceEncoder - [56534a0a] Writing "684. foo bar"
16:32:49.183 [qtp711025593-230] DEBUG o.s.c.c.CharSequenceEncoder - [56534a0a] Writing "685. foo bar"
16:32:49.183 [qtp711025593-230] DEBUG o.s.c.c.CharSequenceEncoder - [56534a0a] Writing "686. foo bar"
16:32:49.183 [qtp711025593-230] DEBUG o.s.c.c.CharSequenceEncoder - [56534a0a] Writing "687. foo bar"
16:32:49.183 [qtp711025593-230] DEBUG o.s.c.c.CharSequenceEncoder - [56534a0a] Writing "688. foo bar"
16:32:49.183 [qtp711025593-230] DEBUG o.s.c.c.CharSequenceEncoder - [56534a0a] Writing "689. foo bar"
16:32:49.183 [qtp711025593-230] DEBUG o.s.c.c.CharSequenceEncoder - [56534a0a] Writing "690. foo bar"
16:32:49.183 [qtp711025593-230] DEBUG o.s.c.c.CharSequenceEncoder - [56534a0a] Writing "691. foo bar"
16:32:49.183 [qtp711025593-230] DEBUG o.s.c.c.CharSequenceEncoder - [56534a0a] Writing "692. foo bar"
16:32:49.183 [qtp711025593-230] DEBUG o.s.c.c.CharSequenceEncoder - [56534a0a] Writing "693. foo bar"
16:32:49.183 [qtp711025593-230] DEBUG o.s.c.c.CharSequenceEncoder - [56534a0a] Writing "694. foo bar"
16:32:49.184 [qtp711025593-230] DEBUG o.s.c.c.CharSequenceEncoder - [56534a0a] Writing "695. foo bar"
16:32:49.184 [qtp711025593-230] DEBUG o.s.c.c.CharSequenceEncoder - [56534a0a] Writing "696. foo bar"
16:32:49.184 [qtp711025593-230] DEBUG o.s.c.c.CharSequenceEncoder - [56534a0a] Writing "697. foo bar"
16:32:49.184 [qtp711025593-230] DEBUG o.s.c.c.CharSequenceEncoder - [56534a0a] Writing "698. foo bar"
16:32:49.184 [qtp711025593-230] DEBUG o.s.c.c.CharSequenceEncoder - [56534a0a] Writing "699. foo bar"
16:32:49.184 [qtp711025593-230] DEBUG o.s.c.c.CharSequenceEncoder - [56534a0a] Writing "700. foo bar"
16:32:49.184 [qtp711025593-230] DEBUG o.s.c.c.CharSequenceEncoder - [56534a0a] Writing "701. foo bar"
16:32:49.184 [qtp711025593-230] DEBUG o.s.c.c.CharSequenceEncoder - [56534a0a] Writing "702. foo bar"
16:32:49.184 [qtp711025593-230] DEBUG o.s.c.c.CharSequenceEncoder - [56534a0a] Writing "703. foo bar"
16:32:49.184 [qtp711025593-230] DEBUG o.s.c.c.CharSequenceEncoder - [56534a0a] Writing "704. foo bar"
16:32:49.184 [qtp711025593-230] DEBUG o.s.c.c.CharSequenceEncoder - [56534a0a] Writing "705. foo bar"
16:32:49.184 [qtp711025593-230] DEBUG o.s.c.c.CharSequenceEncoder - [56534a0a] Writing "706. foo bar"
16:32:49.184 [qtp711025593-230] DEBUG o.s.c.c.CharSequenceEncoder - [56534a0a] Writing "707. foo bar"
16:32:49.185 [qtp711025593-230] DEBUG o.s.c.c.CharSequenceEncoder - [56534a0a] Writing "708. foo bar"
16:32:49.185 [qtp711025593-230] DEBUG o.s.c.c.CharSequenceEncoder - [56534a0a] Writing "709. foo bar"
16:32:49.185 [qtp711025593-230] DEBUG o.s.c.c.CharSequenceEncoder - [56534a0a] Writing "710. foo bar"
16:32:49.185 [qtp711025593-230] DEBUG o.s.c.c.CharSequenceEncoder - [56534a0a] Writing "711. foo bar"
16:32:49.185 [qtp711025593-230] DEBUG o.s.c.c.CharSequenceEncoder - [56534a0a] Writing "712. foo bar"
16:32:49.185 [qtp711025593-230] DEBUG o.s.c.c.CharSequenceEncoder - [56534a0a] Writing "713. foo bar"
16:32:49.185 [qtp711025593-230] DEBUG o.s.c.c.CharSequenceEncoder - [56534a0a] Writing "714. foo bar"
16:32:49.185 [qtp711025593-230] DEBUG o.s.c.c.CharSequenceEncoder - [56534a0a] Writing "715. foo bar"
16:32:49.185 [qtp711025593-230] DEBUG o.s.c.c.CharSequenceEncoder - [56534a0a] Writing "716. foo bar"
16:32:49.185 [qtp711025593-230] DEBUG o.s.c.c.CharSequenceEncoder - [56534a0a] Writing "717. foo bar"
16:32:49.185 [qtp711025593-230] DEBUG o.s.c.c.CharSequenceEncoder - [56534a0a] Writing "718. foo bar"
16:32:49.185 [qtp711025593-230] DEBUG o.s.c.c.CharSequenceEncoder - [56534a0a] Writing "719. foo bar"
16:32:49.185 [qtp711025593-230] DEBUG o.s.c.c.CharSequenceEncoder - [56534a0a] Writing "720. foo bar"
16:32:49.186 [qtp711025593-230] DEBUG o.s.c.c.CharSequenceEncoder - [56534a0a] Writing "721. foo bar"
16:32:49.186 [qtp711025593-230] DEBUG o.s.c.c.CharSequenceEncoder - [56534a0a] Writing "722. foo bar"
16:32:49.186 [qtp711025593-230] DEBUG o.s.c.c.CharSequenceEncoder - [56534a0a] Writing "723. foo bar"
16:32:49.186 [qtp711025593-230] DEBUG o.s.c.c.CharSequenceEncoder - [56534a0a] Writing "724. foo bar"
16:32:49.186 [qtp711025593-230] DEBUG o.s.c.c.CharSequenceEncoder - [56534a0a] Writing "725. foo bar"
16:32:49.186 [qtp711025593-230] DEBUG o.s.c.c.CharSequenceEncoder - [56534a0a] Writing "726. foo bar"
16:32:49.186 [qtp711025593-230] DEBUG o.s.c.c.CharSequenceEncoder - [56534a0a] Writing "727. foo bar"
16:32:49.186 [qtp711025593-230] DEBUG o.s.c.c.CharSequenceEncoder - [56534a0a] Writing "728. foo bar"
16:32:49.186 [qtp711025593-230] DEBUG o.s.c.c.CharSequenceEncoder - [56534a0a] Writing "729. foo bar"
16:32:49.186 [qtp711025593-230] DEBUG o.s.c.c.CharSequenceEncoder - [56534a0a] Writing "730. foo bar"
16:32:49.186 [qtp711025593-230] DEBUG o.s.c.c.CharSequenceEncoder - [56534a0a] Writing "731. foo bar"
16:32:49.186 [qtp711025593-230] DEBUG o.s.c.c.CharSequenceEncoder - [56534a0a] Writing "732. foo bar"
16:32:49.186 [qtp711025593-230] DEBUG o.s.c.c.CharSequenceEncoder - [56534a0a] Writing "733. foo bar"
16:32:49.187 [qtp711025593-230] DEBUG o.s.c.c.CharSequenceEncoder - [56534a0a] Writing "734. foo bar"
16:32:49.187 [qtp711025593-230] DEBUG o.s.c.c.CharSequenceEncoder - [56534a0a] Writing "735. foo bar"
16:32:49.187 [qtp711025593-230] DEBUG o.s.c.c.CharSequenceEncoder - [56534a0a] Writing "736. foo bar"
16:32:49.187 [qtp711025593-230] DEBUG o.s.c.c.CharSequenceEncoder - [56534a0a] Writing "737. foo bar"
16:32:49.187 [qtp711025593-230] DEBUG o.s.c.c.CharSequenceEncoder - [56534a0a] Writing "738. foo bar"
16:32:49.187 [qtp711025593-230] DEBUG o.s.c.c.CharSequenceEncoder - [56534a0a] Writing "739. foo bar"
16:32:49.187 [qtp711025593-230] DEBUG o.s.c.c.CharSequenceEncoder - [56534a0a] Writing "740. foo bar"
16:32:49.187 [qtp711025593-230] DEBUG o.s.c.c.CharSequenceEncoder - [56534a0a] Writing "741. foo bar"
16:32:49.187 [qtp711025593-230] DEBUG o.s.c.c.CharSequenceEncoder - [56534a0a] Writing "742. foo bar"
16:32:49.187 [qtp711025593-230] DEBUG o.s.c.c.CharSequenceEncoder - [56534a0a] Writing "743. foo bar"
16:32:49.187 [qtp711025593-230] DEBUG o.s.c.c.CharSequenceEncoder - [56534a0a] Writing "744. foo bar"
16:32:49.187 [qtp711025593-230] DEBUG o.s.c.c.CharSequenceEncoder - [56534a0a] Writing "745. foo bar"
16:32:49.187 [qtp711025593-230] DEBUG o.s.c.c.CharSequenceEncoder - [56534a0a] Writing "746. foo bar"
16:32:49.188 [qtp711025593-230] DEBUG o.s.c.c.CharSequenceEncoder - [56534a0a] Writing "747. foo bar"
16:32:49.188 [qtp711025593-230] DEBUG o.s.c.c.CharSequenceEncoder - [56534a0a] Writing "748. foo bar"
16:32:49.188 [qtp711025593-230] DEBUG o.s.c.c.CharSequenceEncoder - [56534a0a] Writing "749. foo bar"
16:32:49.188 [qtp711025593-230] DEBUG o.s.c.c.CharSequenceEncoder - [56534a0a] Writing "750. foo bar"
16:32:49.188 [qtp711025593-230] DEBUG o.s.c.c.CharSequenceEncoder - [56534a0a] Writing "751. foo bar"
16:32:49.188 [qtp711025593-230] DEBUG o.s.c.c.CharSequenceEncoder - [56534a0a] Writing "752. foo bar"
16:32:49.188 [qtp711025593-230] DEBUG o.s.c.c.CharSequenceEncoder - [56534a0a] Writing "753. foo bar"
16:32:49.188 [qtp711025593-230] DEBUG o.s.c.c.CharSequenceEncoder - [56534a0a] Writing "754. foo bar"
16:32:49.188 [qtp711025593-230] DEBUG o.s.c.c.CharSequenceEncoder - [56534a0a] Writing "755. foo bar"
16:32:49.188 [qtp711025593-230] DEBUG o.s.c.c.CharSequenceEncoder - [56534a0a] Writing "756. foo bar"
16:32:49.188 [qtp711025593-230] DEBUG o.s.c.c.CharSequenceEncoder - [56534a0a] Writing "757. foo bar"
16:32:49.188 [qtp711025593-230] DEBUG o.s.c.c.CharSequenceEncoder - [56534a0a] Writing "758. foo bar"
16:32:49.188 [qtp711025593-230] DEBUG o.s.c.c.CharSequenceEncoder - [56534a0a] Writing "759. foo bar"
16:32:49.189 [qtp711025593-230] DEBUG o.s.c.c.CharSequenceEncoder - [56534a0a] Writing "760. foo bar"
16:32:49.189 [qtp711025593-230] DEBUG o.s.c.c.CharSequenceEncoder - [56534a0a] Writing "761. foo bar"
16:32:49.189 [qtp711025593-230] DEBUG o.s.c.c.CharSequenceEncoder - [56534a0a] Writing "762. foo bar"
16:32:49.189 [qtp711025593-230] DEBUG o.s.c.c.CharSequenceEncoder - [56534a0a] Writing "763. foo bar"
16:32:49.189 [qtp711025593-230] DEBUG o.s.c.c.CharSequenceEncoder - [56534a0a] Writing "764. foo bar"
16:32:49.189 [qtp711025593-230] DEBUG o.s.c.c.CharSequenceEncoder - [56534a0a] Writing "765. foo bar"
16:32:49.189 [qtp711025593-230] DEBUG o.s.c.c.CharSequenceEncoder - [56534a0a] Writing "766. foo bar"
16:32:49.189 [qtp711025593-230] DEBUG o.s.c.c.CharSequenceEncoder - [56534a0a] Writing "767. foo bar"
16:32:49.189 [qtp711025593-230] DEBUG o.s.c.c.CharSequenceEncoder - [56534a0a] Writing "768. foo bar"
16:32:49.189 [qtp711025593-230] DEBUG o.s.c.c.CharSequenceEncoder - [56534a0a] Writing "769. foo bar"
16:32:49.189 [qtp711025593-230] DEBUG o.s.c.c.CharSequenceEncoder - [56534a0a] Writing "770. foo bar"
16:32:49.189 [qtp711025593-230] DEBUG o.s.c.c.CharSequenceEncoder - [56534a0a] Writing "771. foo bar"
16:32:49.189 [qtp711025593-230] DEBUG o.s.c.c.CharSequenceEncoder - [56534a0a] Writing "772. foo bar"
16:32:49.190 [qtp711025593-230] DEBUG o.s.c.c.CharSequenceEncoder - [56534a0a] Writing "773. foo bar"
16:32:49.190 [qtp711025593-230] DEBUG o.s.c.c.CharSequenceEncoder - [56534a0a] Writing "774. foo bar"
16:32:49.190 [qtp711025593-230] DEBUG o.s.c.c.CharSequenceEncoder - [56534a0a] Writing "775. foo bar"
16:32:49.190 [qtp711025593-230] DEBUG o.s.c.c.CharSequenceEncoder - [56534a0a] Writing "776. foo bar"
16:32:49.190 [qtp711025593-230] DEBUG o.s.c.c.CharSequenceEncoder - [56534a0a] Writing "777. foo bar"
16:32:49.190 [qtp711025593-230] DEBUG o.s.c.c.CharSequenceEncoder - [56534a0a] Writing "778. foo bar"
16:32:49.190 [qtp711025593-230] DEBUG o.s.c.c.CharSequenceEncoder - [56534a0a] Writing "779. foo bar"
16:32:49.190 [qtp711025593-230] DEBUG o.s.c.c.CharSequenceEncoder - [56534a0a] Writing "780. foo bar"
16:32:49.190 [qtp711025593-230] DEBUG o.s.c.c.CharSequenceEncoder - [56534a0a] Writing "781. foo bar"
16:32:49.190 [qtp711025593-230] DEBUG o.s.c.c.CharSequenceEncoder - [56534a0a] Writing "782. foo bar"
16:32:49.190 [qtp711025593-230] DEBUG o.s.c.c.CharSequenceEncoder - [56534a0a] Writing "783. foo bar"
16:32:49.190 [qtp711025593-230] DEBUG o.s.c.c.CharSequenceEncoder - [56534a0a] Writing "784. foo bar"
16:32:49.190 [qtp711025593-230] DEBUG o.s.c.c.CharSequenceEncoder - [56534a0a] Writing "785. foo bar"
16:32:49.191 [qtp711025593-230] DEBUG o.s.c.c.CharSequenceEncoder - [56534a0a] Writing "786. foo bar"
16:32:49.191 [qtp711025593-230] DEBUG o.s.c.c.CharSequenceEncoder - [56534a0a] Writing "787. foo bar"
16:32:49.191 [qtp711025593-230] DEBUG o.s.c.c.CharSequenceEncoder - [56534a0a] Writing "788. foo bar"
16:32:49.191 [qtp711025593-230] DEBUG o.s.c.c.CharSequenceEncoder - [56534a0a] Writing "789. foo bar"
16:32:49.191 [qtp711025593-230] DEBUG o.s.c.c.CharSequenceEncoder - [56534a0a] Writing "790. foo bar"
16:32:49.191 [qtp711025593-230] DEBUG o.s.c.c.CharSequenceEncoder - [56534a0a] Writing "791. foo bar"
16:32:49.191 [qtp711025593-230] DEBUG o.s.c.c.CharSequenceEncoder - [56534a0a] Writing "792. foo bar"
16:32:49.191 [qtp711025593-230] DEBUG o.s.c.c.CharSequenceEncoder - [56534a0a] Writing "793. foo bar"
16:32:49.191 [qtp711025593-230] DEBUG o.s.c.c.CharSequenceEncoder - [56534a0a] Writing "794. foo bar"
16:32:49.191 [qtp711025593-230] DEBUG o.s.c.c.CharSequenceEncoder - [56534a0a] Writing "795. foo bar"
16:32:49.191 [qtp711025593-230] DEBUG o.s.c.c.CharSequenceEncoder - [56534a0a] Writing "796. foo bar"
16:32:49.191 [qtp711025593-230] DEBUG o.s.c.c.CharSequenceEncoder - [56534a0a] Writing "797. foo bar"
16:32:49.191 [qtp711025593-230] DEBUG o.s.c.c.CharSequenceEncoder - [56534a0a] Writing "798. foo bar"
16:32:49.191 [qtp711025593-230] DEBUG o.s.c.c.CharSequenceEncoder - [56534a0a] Writing "799. foo bar"
16:32:49.192 [qtp711025593-230] DEBUG o.s.c.c.CharSequenceEncoder - [56534a0a] Writing "800. foo bar"
16:32:49.192 [qtp711025593-230] DEBUG o.s.c.c.CharSequenceEncoder - [56534a0a] Writing "801. foo bar"
16:32:49.192 [qtp711025593-230] DEBUG o.s.c.c.CharSequenceEncoder - [56534a0a] Writing "802. foo bar"
16:32:49.192 [qtp711025593-230] DEBUG o.s.c.c.CharSequenceEncoder - [56534a0a] Writing "803. foo bar"
16:32:49.192 [qtp711025593-230] DEBUG o.s.c.c.CharSequenceEncoder - [56534a0a] Writing "804. foo bar"
16:32:49.192 [qtp711025593-230] DEBUG o.s.c.c.CharSequenceEncoder - [56534a0a] Writing "805. foo bar"
16:32:49.192 [qtp711025593-230] DEBUG o.s.c.c.CharSequenceEncoder - [56534a0a] Writing "806. foo bar"
16:32:49.192 [qtp711025593-230] DEBUG o.s.c.c.CharSequenceEncoder - [56534a0a] Writing "807. foo bar"
16:32:49.192 [qtp711025593-230] DEBUG o.s.c.c.CharSequenceEncoder - [56534a0a] Writing "808. foo bar"
16:32:49.192 [qtp711025593-230] DEBUG o.s.c.c.CharSequenceEncoder - [56534a0a] Writing "809. foo bar"
16:32:49.192 [qtp711025593-230] DEBUG o.s.c.c.CharSequenceEncoder - [56534a0a] Writing "810. foo bar"
16:32:49.192 [qtp711025593-230] DEBUG o.s.c.c.CharSequenceEncoder - [56534a0a] Writing "811. foo bar"
16:32:49.192 [qtp711025593-230] DEBUG o.s.c.c.CharSequenceEncoder - [56534a0a] Writing "812. foo bar"
16:32:49.193 [qtp711025593-230] DEBUG o.s.c.c.CharSequenceEncoder - [56534a0a] Writing "813. foo bar"
16:32:49.193 [qtp711025593-230] DEBUG o.s.c.c.CharSequenceEncoder - [56534a0a] Writing "814. foo bar"
16:32:49.193 [qtp711025593-230] DEBUG o.s.c.c.CharSequenceEncoder - [56534a0a] Writing "815. foo bar"
16:32:49.193 [qtp711025593-230] DEBUG o.s.c.c.CharSequenceEncoder - [56534a0a] Writing "816. foo bar"
16:32:49.193 [qtp711025593-230] DEBUG o.s.c.c.CharSequenceEncoder - [56534a0a] Writing "817. foo bar"
16:32:49.193 [qtp711025593-230] DEBUG o.s.c.c.CharSequenceEncoder - [56534a0a] Writing "818. foo bar"
16:32:49.193 [qtp711025593-230] DEBUG o.s.c.c.CharSequenceEncoder - [56534a0a] Writing "819. foo bar"
16:32:49.193 [qtp711025593-230] DEBUG o.s.c.c.CharSequenceEncoder - [56534a0a] Writing "820. foo bar"
16:32:49.193 [qtp711025593-230] DEBUG o.s.c.c.CharSequenceEncoder - [56534a0a] Writing "821. foo bar"
16:32:49.193 [qtp711025593-230] DEBUG o.s.c.c.CharSequenceEncoder - [56534a0a] Writing "822. foo bar"
16:32:49.193 [qtp711025593-230] DEBUG o.s.c.c.CharSequenceEncoder - [56534a0a] Writing "823. foo bar"
16:32:49.193 [qtp711025593-230] DEBUG o.s.c.c.CharSequenceEncoder - [56534a0a] Writing "824. foo bar"
16:32:49.193 [qtp711025593-230] DEBUG o.s.c.c.CharSequenceEncoder - [56534a0a] Writing "825. foo bar"
16:32:49.194 [qtp711025593-230] DEBUG o.s.c.c.CharSequenceEncoder - [56534a0a] Writing "826. foo bar"
16:32:49.194 [qtp711025593-230] DEBUG o.s.c.c.CharSequenceEncoder - [56534a0a] Writing "827. foo bar"
16:32:49.194 [qtp711025593-230] DEBUG o.s.c.c.CharSequenceEncoder - [56534a0a] Writing "828. foo bar"
16:32:49.194 [qtp711025593-230] DEBUG o.s.c.c.CharSequenceEncoder - [56534a0a] Writing "829. foo bar"
16:32:49.194 [qtp711025593-230] DEBUG o.s.c.c.CharSequenceEncoder - [56534a0a] Writing "830. foo bar"
16:32:49.194 [qtp711025593-230] DEBUG o.s.c.c.CharSequenceEncoder - [56534a0a] Writing "831. foo bar"
16:32:49.194 [qtp711025593-230] DEBUG o.s.c.c.CharSequenceEncoder - [56534a0a] Writing "832. foo bar"
16:32:49.194 [qtp711025593-230] DEBUG o.s.c.c.CharSequenceEncoder - [56534a0a] Writing "833. foo bar"
16:32:49.194 [qtp711025593-230] DEBUG o.s.c.c.CharSequenceEncoder - [56534a0a] Writing "834. foo bar"
16:32:49.194 [qtp711025593-230] DEBUG o.s.c.c.CharSequenceEncoder - [56534a0a] Writing "835. foo bar"
16:32:49.194 [qtp711025593-230] DEBUG o.s.c.c.CharSequenceEncoder - [56534a0a] Writing "836. foo bar"
16:32:49.194 [qtp711025593-230] DEBUG o.s.c.c.CharSequenceEncoder - [56534a0a] Writing "837. foo bar"
16:32:49.194 [qtp711025593-230] DEBUG o.s.c.c.CharSequenceEncoder - [56534a0a] Writing "838. foo bar"
16:32:49.195 [qtp711025593-230] DEBUG o.s.c.c.CharSequenceEncoder - [56534a0a] Writing "839. foo bar"
16:32:49.195 [qtp711025593-230] DEBUG o.s.c.c.CharSequenceEncoder - [56534a0a] Writing "840. foo bar"
16:32:49.195 [qtp711025593-230] DEBUG o.s.c.c.CharSequenceEncoder - [56534a0a] Writing "841. foo bar"
16:32:49.195 [qtp711025593-230] DEBUG o.s.c.c.CharSequenceEncoder - [56534a0a] Writing "842. foo bar"
16:32:49.195 [qtp711025593-230] DEBUG o.s.c.c.CharSequenceEncoder - [56534a0a] Writing "843. foo bar"
16:32:49.195 [qtp711025593-230] DEBUG o.s.c.c.CharSequenceEncoder - [56534a0a] Writing "844. foo bar"
16:32:49.195 [qtp711025593-230] DEBUG o.s.c.c.CharSequenceEncoder - [56534a0a] Writing "845. foo bar"
16:32:49.195 [qtp711025593-230] DEBUG o.s.c.c.CharSequenceEncoder - [56534a0a] Writing "846. foo bar"
16:32:49.195 [qtp711025593-230] DEBUG o.s.c.c.CharSequenceEncoder - [56534a0a] Writing "847. foo bar"
16:32:49.195 [qtp711025593-230] DEBUG o.s.c.c.CharSequenceEncoder - [56534a0a] Writing "848. foo bar"
16:32:49.195 [qtp711025593-230] DEBUG o.s.c.c.CharSequenceEncoder - [56534a0a] Writing "849. foo bar"
16:32:49.195 [qtp711025593-230] DEBUG o.s.c.c.CharSequenceEncoder - [56534a0a] Writing "850. foo bar"
16:32:49.195 [qtp711025593-230] DEBUG o.s.c.c.CharSequenceEncoder - [56534a0a] Writing "851. foo bar"
16:32:49.196 [qtp711025593-230] DEBUG o.s.c.c.CharSequenceEncoder - [56534a0a] Writing "852. foo bar"
16:32:49.196 [qtp711025593-230] DEBUG o.s.c.c.CharSequenceEncoder - [56534a0a] Writing "853. foo bar"
16:32:49.196 [qtp711025593-230] DEBUG o.s.c.c.CharSequenceEncoder - [56534a0a] Writing "854. foo bar"
16:32:49.196 [qtp711025593-230] DEBUG o.s.c.c.CharSequenceEncoder - [56534a0a] Writing "855. foo bar"
16:32:49.196 [qtp711025593-230] DEBUG o.s.c.c.CharSequenceEncoder - [56534a0a] Writing "856. foo bar"
16:32:49.196 [qtp711025593-230] DEBUG o.s.c.c.CharSequenceEncoder - [56534a0a] Writing "857. foo bar"
16:32:49.196 [qtp711025593-230] DEBUG o.s.c.c.CharSequenceEncoder - [56534a0a] Writing "858. foo bar"
16:32:49.196 [qtp711025593-230] DEBUG o.s.c.c.CharSequenceEncoder - [56534a0a] Writing "859. foo bar"
16:32:49.196 [qtp711025593-230] DEBUG o.s.c.c.CharSequenceEncoder - [56534a0a] Writing "860. foo bar"
16:32:49.196 [qtp711025593-230] DEBUG o.s.c.c.CharSequenceEncoder - [56534a0a] Writing "861. foo bar"
16:32:49.196 [qtp711025593-230] DEBUG o.s.c.c.CharSequenceEncoder - [56534a0a] Writing "862. foo bar"
16:32:49.196 [qtp711025593-230] DEBUG o.s.c.c.CharSequenceEncoder - [56534a0a] Writing "863. foo bar"
16:32:49.196 [qtp711025593-230] DEBUG o.s.c.c.CharSequenceEncoder - [56534a0a] Writing "864. foo bar"
16:32:49.197 [qtp711025593-230] DEBUG o.s.c.c.CharSequenceEncoder - [56534a0a] Writing "865. foo bar"
16:32:49.197 [qtp711025593-230] DEBUG o.s.c.c.CharSequenceEncoder - [56534a0a] Writing "866. foo bar"
16:32:49.197 [qtp711025593-230] DEBUG o.s.c.c.CharSequenceEncoder - [56534a0a] Writing "867. foo bar"
16:32:49.197 [qtp711025593-230] DEBUG o.s.c.c.CharSequenceEncoder - [56534a0a] Writing "868. foo bar"
16:32:49.197 [qtp711025593-230] DEBUG o.s.c.c.CharSequenceEncoder - [56534a0a] Writing "869. foo bar"
16:32:49.197 [qtp711025593-230] DEBUG o.s.c.c.CharSequenceEncoder - [56534a0a] Writing "870. foo bar"
16:32:49.197 [qtp711025593-230] DEBUG o.s.c.c.CharSequenceEncoder - [56534a0a] Writing "871. foo bar"
16:32:49.197 [qtp711025593-230] DEBUG o.s.c.c.CharSequenceEncoder - [56534a0a] Writing "872. foo bar"
16:32:49.197 [qtp711025593-230] DEBUG o.s.c.c.CharSequenceEncoder - [56534a0a] Writing "873. foo bar"
16:32:49.197 [qtp711025593-230] DEBUG o.s.c.c.CharSequenceEncoder - [56534a0a] Writing "874. foo bar"
16:32:49.197 [qtp711025593-230] DEBUG o.s.c.c.CharSequenceEncoder - [56534a0a] Writing "875. foo bar"
16:32:49.197 [qtp711025593-230] DEBUG o.s.c.c.CharSequenceEncoder - [56534a0a] Writing "876. foo bar"
16:32:49.197 [qtp711025593-230] DEBUG o.s.c.c.CharSequenceEncoder - [56534a0a] Writing "877. foo bar"
16:32:49.197 [qtp711025593-230] DEBUG o.s.c.c.CharSequenceEncoder - [56534a0a] Writing "878. foo bar"
16:32:49.198 [qtp711025593-230] DEBUG o.s.c.c.CharSequenceEncoder - [56534a0a] Writing "879. foo bar"
16:32:49.198 [qtp711025593-230] DEBUG o.s.c.c.CharSequenceEncoder - [56534a0a] Writing "880. foo bar"
16:32:49.198 [qtp711025593-230] DEBUG o.s.c.c.CharSequenceEncoder - [56534a0a] Writing "881. foo bar"
16:32:49.198 [qtp711025593-230] DEBUG o.s.c.c.CharSequenceEncoder - [56534a0a] Writing "882. foo bar"
16:32:49.198 [qtp711025593-230] DEBUG o.s.c.c.CharSequenceEncoder - [56534a0a] Writing "883. foo bar"
16:32:49.198 [qtp711025593-230] DEBUG o.s.c.c.CharSequenceEncoder - [56534a0a] Writing "884. foo bar"
16:32:49.198 [qtp711025593-230] DEBUG o.s.c.c.CharSequenceEncoder - [56534a0a] Writing "885. foo bar"
16:32:49.198 [qtp711025593-230] DEBUG o.s.c.c.CharSequenceEncoder - [56534a0a] Writing "886. foo bar"
16:32:49.198 [qtp711025593-230] DEBUG o.s.c.c.CharSequenceEncoder - [56534a0a] Writing "887. foo bar"
16:32:49.198 [qtp711025593-230] DEBUG o.s.c.c.CharSequenceEncoder - [56534a0a] Writing "888. foo bar"
16:32:49.198 [qtp711025593-230] DEBUG o.s.c.c.CharSequenceEncoder - [56534a0a] Writing "889. foo bar"
16:32:49.198 [qtp711025593-230] DEBUG o.s.c.c.CharSequenceEncoder - [56534a0a] Writing "890. foo bar"
16:32:49.199 [qtp711025593-230] DEBUG o.s.c.c.CharSequenceEncoder - [56534a0a] Writing "891. foo bar"
16:32:49.199 [qtp711025593-230] DEBUG o.s.c.c.CharSequenceEncoder - [56534a0a] Writing "892. foo bar"
16:32:49.199 [qtp711025593-230] DEBUG o.s.c.c.CharSequenceEncoder - [56534a0a] Writing "893. foo bar"
16:32:49.199 [qtp711025593-230] DEBUG o.s.c.c.CharSequenceEncoder - [56534a0a] Writing "894. foo bar"
16:32:49.199 [qtp711025593-230] DEBUG o.s.c.c.CharSequenceEncoder - [56534a0a] Writing "895. foo bar"
16:32:49.199 [qtp711025593-230] DEBUG o.s.c.c.CharSequenceEncoder - [56534a0a] Writing "896. foo bar"
16:32:49.200 [qtp711025593-230] DEBUG o.s.c.c.CharSequenceEncoder - [56534a0a] Writing "897. foo bar"
16:32:49.200 [qtp711025593-230] DEBUG o.s.c.c.CharSequenceEncoder - [56534a0a] Writing "898. foo bar"
16:32:49.200 [qtp711025593-230] DEBUG o.s.c.c.CharSequenceEncoder - [56534a0a] Writing "899. foo bar"
16:32:49.200 [qtp711025593-230] DEBUG o.s.c.c.CharSequenceEncoder - [56534a0a] Writing "900. foo bar"
16:32:49.200 [qtp711025593-230] DEBUG o.s.c.c.CharSequenceEncoder - [56534a0a] Writing "901. foo bar"
16:32:49.200 [qtp711025593-230] DEBUG o.s.c.c.CharSequenceEncoder - [56534a0a] Writing "902. foo bar"
16:32:49.200 [qtp711025593-230] DEBUG o.s.c.c.CharSequenceEncoder - [56534a0a] Writing "903. foo bar"
16:32:49.200 [qtp711025593-230] DEBUG o.s.c.c.CharSequenceEncoder - [56534a0a] Writing "904. foo bar"
16:32:49.200 [qtp711025593-230] DEBUG o.s.c.c.CharSequenceEncoder - [56534a0a] Writing "905. foo bar"
16:32:49.200 [qtp711025593-230] DEBUG o.s.c.c.CharSequenceEncoder - [56534a0a] Writing "906. foo bar"
16:32:49.200 [qtp711025593-230] DEBUG o.s.c.c.CharSequenceEncoder - [56534a0a] Writing "907. foo bar"
16:32:49.200 [qtp711025593-230] DEBUG o.s.c.c.CharSequenceEncoder - [56534a0a] Writing "908. foo bar"
16:32:49.200 [qtp711025593-230] DEBUG o.s.c.c.CharSequenceEncoder - [56534a0a] Writing "909. foo bar"
16:32:49.201 [qtp711025593-230] DEBUG o.s.c.c.CharSequenceEncoder - [56534a0a] Writing "910. foo bar"
16:32:49.201 [qtp711025593-230] DEBUG o.s.c.c.CharSequenceEncoder - [56534a0a] Writing "911. foo bar"
16:32:49.201 [qtp711025593-230] DEBUG o.s.c.c.CharSequenceEncoder - [56534a0a] Writing "912. foo bar"
16:32:49.201 [qtp711025593-230] DEBUG o.s.c.c.CharSequenceEncoder - [56534a0a] Writing "913. foo bar"
16:32:49.201 [qtp711025593-230] DEBUG o.s.c.c.CharSequenceEncoder - [56534a0a] Writing "914. foo bar"
16:32:49.201 [qtp711025593-230] DEBUG o.s.c.c.CharSequenceEncoder - [56534a0a] Writing "915. foo bar"
16:32:49.201 [qtp711025593-230] DEBUG o.s.c.c.CharSequenceEncoder - [56534a0a] Writing "916. foo bar"
16:32:49.201 [qtp711025593-230] DEBUG o.s.c.c.CharSequenceEncoder - [56534a0a] Writing "917. foo bar"
16:32:49.201 [qtp711025593-230] DEBUG o.s.c.c.CharSequenceEncoder - [56534a0a] Writing "918. foo bar"
16:32:49.201 [qtp711025593-230] DEBUG o.s.c.c.CharSequenceEncoder - [56534a0a] Writing "919. foo bar"
16:32:49.201 [qtp711025593-230] DEBUG o.s.c.c.CharSequenceEncoder - [56534a0a] Writing "920. foo bar"
16:32:49.201 [qtp711025593-230] DEBUG o.s.c.c.CharSequenceEncoder - [56534a0a] Writing "921. foo bar"
16:32:49.202 [qtp711025593-230] DEBUG o.s.c.c.CharSequenceEncoder - [56534a0a] Writing "922. foo bar"
16:32:49.202 [qtp711025593-230] DEBUG o.s.c.c.CharSequenceEncoder - [56534a0a] Writing "923. foo bar"
16:32:49.202 [qtp711025593-230] DEBUG o.s.c.c.CharSequenceEncoder - [56534a0a] Writing "924. foo bar"
16:32:49.202 [qtp711025593-230] DEBUG o.s.c.c.CharSequenceEncoder - [56534a0a] Writing "925. foo bar"
16:32:49.202 [qtp711025593-230] DEBUG o.s.c.c.CharSequenceEncoder - [56534a0a] Writing "926. foo bar"
16:32:49.202 [qtp711025593-230] DEBUG o.s.c.c.CharSequenceEncoder - [56534a0a] Writing "927. foo bar"
16:32:49.202 [qtp711025593-230] DEBUG o.s.c.c.CharSequenceEncoder - [56534a0a] Writing "928. foo bar"
16:32:49.202 [qtp711025593-230] DEBUG o.s.c.c.CharSequenceEncoder - [56534a0a] Writing "929. foo bar"
16:32:49.202 [qtp711025593-230] DEBUG o.s.c.c.CharSequenceEncoder - [56534a0a] Writing "930. foo bar"
16:32:49.202 [qtp711025593-230] DEBUG o.s.c.c.CharSequenceEncoder - [56534a0a] Writing "931. foo bar"
16:32:49.202 [qtp711025593-230] DEBUG o.s.c.c.CharSequenceEncoder - [56534a0a] Writing "932. foo bar"
16:32:49.202 [qtp711025593-230] DEBUG o.s.c.c.CharSequenceEncoder - [56534a0a] Writing "933. foo bar"
16:32:49.203 [qtp711025593-230] DEBUG o.s.c.c.CharSequenceEncoder - [56534a0a] Writing "934. foo bar"
16:32:49.203 [qtp711025593-230] DEBUG o.s.c.c.CharSequenceEncoder - [56534a0a] Writing "935. foo bar"
16:32:49.203 [qtp711025593-230] DEBUG o.s.c.c.CharSequenceEncoder - [56534a0a] Writing "936. foo bar"
16:32:49.203 [qtp711025593-230] DEBUG o.s.c.c.CharSequenceEncoder - [56534a0a] Writing "937. foo bar"
16:32:49.203 [qtp711025593-230] DEBUG o.s.c.c.CharSequenceEncoder - [56534a0a] Writing "938. foo bar"
16:32:49.203 [qtp711025593-230] DEBUG o.s.c.c.CharSequenceEncoder - [56534a0a] Writing "939. foo bar"
16:32:49.203 [qtp711025593-230] DEBUG o.s.c.c.CharSequenceEncoder - [56534a0a] Writing "940. foo bar"
16:32:49.203 [qtp711025593-230] DEBUG o.s.c.c.CharSequenceEncoder - [56534a0a] Writing "941. foo bar"
16:32:49.203 [qtp711025593-230] DEBUG o.s.c.c.CharSequenceEncoder - [56534a0a] Writing "942. foo bar"
16:32:49.203 [qtp711025593-230] DEBUG o.s.c.c.CharSequenceEncoder - [56534a0a] Writing "943. foo bar"
16:32:49.203 [qtp711025593-230] DEBUG o.s.c.c.CharSequenceEncoder - [56534a0a] Writing "944. foo bar"
16:32:49.203 [qtp711025593-230] DEBUG o.s.c.c.CharSequenceEncoder - [56534a0a] Writing "945. foo bar"
16:32:49.203 [qtp711025593-230] DEBUG o.s.c.c.CharSequenceEncoder - [56534a0a] Writing "946. foo bar"
16:32:49.204 [qtp711025593-230] DEBUG o.s.c.c.CharSequenceEncoder - [56534a0a] Writing "947. foo bar"
16:32:49.204 [qtp711025593-230] DEBUG o.s.c.c.CharSequenceEncoder - [56534a0a] Writing "948. foo bar"
16:32:49.204 [qtp711025593-230] DEBUG o.s.c.c.CharSequenceEncoder - [56534a0a] Writing "949. foo bar"
16:32:49.204 [qtp711025593-230] DEBUG o.s.c.c.CharSequenceEncoder - [56534a0a] Writing "950. foo bar"
16:32:49.204 [qtp711025593-230] DEBUG o.s.c.c.CharSequenceEncoder - [56534a0a] Writing "951. foo bar"
16:32:49.204 [qtp711025593-230] DEBUG o.s.c.c.CharSequenceEncoder - [56534a0a] Writing "952. foo bar"
16:32:49.204 [qtp711025593-230] DEBUG o.s.c.c.CharSequenceEncoder - [56534a0a] Writing "953. foo bar"
16:32:49.204 [qtp711025593-230] DEBUG o.s.c.c.CharSequenceEncoder - [56534a0a] Writing "954. foo bar"
16:32:49.204 [qtp711025593-230] DEBUG o.s.c.c.CharSequenceEncoder - [56534a0a] Writing "955. foo bar"
16:32:49.204 [qtp711025593-230] DEBUG o.s.c.c.CharSequenceEncoder - [56534a0a] Writing "956. foo bar"
16:32:49.204 [qtp711025593-230] DEBUG o.s.c.c.CharSequenceEncoder - [56534a0a] Writing "957. foo bar"
16:32:49.204 [qtp711025593-230] DEBUG o.s.c.c.CharSequenceEncoder - [56534a0a] Writing "958. foo bar"
16:32:49.204 [qtp711025593-230] DEBUG o.s.c.c.CharSequenceEncoder - [56534a0a] Writing "959. foo bar"
16:32:49.204 [qtp711025593-230] DEBUG o.s.c.c.CharSequenceEncoder - [56534a0a] Writing "960. foo bar"
16:32:49.205 [qtp711025593-230] DEBUG o.s.c.c.CharSequenceEncoder - [56534a0a] Writing "961. foo bar"
16:32:49.205 [qtp711025593-230] DEBUG o.s.c.c.CharSequenceEncoder - [56534a0a] Writing "962. foo bar"
16:32:49.205 [qtp711025593-230] DEBUG o.s.c.c.CharSequenceEncoder - [56534a0a] Writing "963. foo bar"
16:32:49.205 [qtp711025593-230] DEBUG o.s.c.c.CharSequenceEncoder - [56534a0a] Writing "964. foo bar"
16:32:49.205 [qtp711025593-230] DEBUG o.s.c.c.CharSequenceEncoder - [56534a0a] Writing "965. foo bar"
16:32:49.205 [qtp711025593-230] DEBUG o.s.c.c.CharSequenceEncoder - [56534a0a] Writing "966. foo bar"
16:32:49.205 [qtp711025593-230] DEBUG o.s.c.c.CharSequenceEncoder - [56534a0a] Writing "967. foo bar"
16:32:49.205 [qtp711025593-230] DEBUG o.s.c.c.CharSequenceEncoder - [56534a0a] Writing "968. foo bar"
16:32:49.205 [qtp711025593-230] DEBUG o.s.c.c.CharSequenceEncoder - [56534a0a] Writing "969. foo bar"
16:32:49.206 [qtp711025593-230] DEBUG o.s.c.c.CharSequenceEncoder - [56534a0a] Writing "970. foo bar"
16:32:49.206 [qtp711025593-230] DEBUG o.s.c.c.CharSequenceEncoder - [56534a0a] Writing "971. foo bar"
16:32:49.206 [qtp711025593-230] DEBUG o.s.c.c.CharSequenceEncoder - [56534a0a] Writing "972. foo bar"
16:32:49.206 [qtp711025593-230] DEBUG o.s.c.c.CharSequenceEncoder - [56534a0a] Writing "973. foo bar"
16:32:49.206 [qtp711025593-230] DEBUG o.s.c.c.CharSequenceEncoder - [56534a0a] Writing "974. foo bar"
16:32:49.206 [qtp711025593-230] DEBUG o.s.c.c.CharSequenceEncoder - [56534a0a] Writing "975. foo bar"
16:32:49.206 [qtp711025593-230] DEBUG o.s.c.c.CharSequenceEncoder - [56534a0a] Writing "976. foo bar"
16:32:49.206 [qtp711025593-230] DEBUG o.s.c.c.CharSequenceEncoder - [56534a0a] Writing "977. foo bar"
16:32:49.207 [qtp711025593-230] DEBUG o.s.c.c.CharSequenceEncoder - [56534a0a] Writing "978. foo bar"
16:32:49.207 [qtp711025593-230] DEBUG o.s.c.c.CharSequenceEncoder - [56534a0a] Writing "979. foo bar"
16:32:49.207 [qtp711025593-230] DEBUG o.s.c.c.CharSequenceEncoder - [56534a0a] Writing "980. foo bar"
16:32:49.207 [qtp711025593-230] DEBUG o.s.c.c.CharSequenceEncoder - [56534a0a] Writing "981. foo bar"
16:32:49.207 [qtp711025593-230] DEBUG o.s.c.c.CharSequenceEncoder - [56534a0a] Writing "982. foo bar"
16:32:49.207 [qtp711025593-230] DEBUG o.s.c.c.CharSequenceEncoder - [56534a0a] Writing "983. foo bar"
16:32:49.207 [qtp711025593-230] DEBUG o.s.c.c.CharSequenceEncoder - [56534a0a] Writing "984. foo bar"
16:32:49.207 [qtp711025593-230] DEBUG o.s.c.c.CharSequenceEncoder - [56534a0a] Writing "985. foo bar"
16:32:49.207 [qtp711025593-230] DEBUG o.s.c.c.CharSequenceEncoder - [56534a0a] Writing "986. foo bar"
16:32:49.207 [qtp711025593-230] DEBUG o.s.c.c.CharSequenceEncoder - [56534a0a] Writing "987. foo bar"
16:32:49.207 [qtp711025593-230] DEBUG o.s.c.c.CharSequenceEncoder - [56534a0a] Writing "988. foo bar"
16:32:49.207 [qtp711025593-230] DEBUG o.s.c.c.CharSequenceEncoder - [56534a0a] Writing "989. foo bar"
16:32:49.208 [qtp711025593-230] DEBUG o.s.c.c.CharSequenceEncoder - [56534a0a] Writing "990. foo bar"
16:32:49.208 [qtp711025593-230] DEBUG o.s.c.c.CharSequenceEncoder - [56534a0a] Writing "991. foo bar"
16:32:49.208 [qtp711025593-230] DEBUG o.s.c.c.CharSequenceEncoder - [56534a0a] Writing "992. foo bar"
16:32:49.208 [qtp711025593-230] DEBUG o.s.c.c.CharSequenceEncoder - [56534a0a] Writing "993. foo bar"
16:32:49.208 [qtp711025593-230] DEBUG o.s.c.c.CharSequenceEncoder - [56534a0a] Writing "994. foo bar"
16:32:49.208 [qtp711025593-230] DEBUG o.s.c.c.CharSequenceEncoder - [56534a0a] Writing "995. foo bar"
16:32:49.208 [qtp711025593-230] DEBUG o.s.c.c.CharSequenceEncoder - [56534a0a] Writing "996. foo bar"
16:32:49.208 [qtp711025593-230] DEBUG o.s.c.c.CharSequenceEncoder - [56534a0a] Writing "997. foo bar"
16:32:49.208 [qtp711025593-230] DEBUG o.s.c.c.CharSequenceEncoder - [56534a0a] Writing "998. foo bar"
16:32:49.208 [qtp711025593-230] DEBUG o.s.c.c.CharSequenceEncoder - [56534a0a] Writing "999. foo bar"
16:32:49.211 [qtp711025593-230] ERROR o.s.w.s.a.HttpWebHandlerAdapter - [56534a0a] Error [java.lang.RuntimeException: Random error] for HTTP GET "/SPR-16051", but ServerHttpResponse already committed (200 OK)
16:32:49.214 [qtp711025593-230] WARN  o.e.j.s.HttpChannel - /SPR-16051
javax.servlet.ServletException: Failed to create response content
	at org.springframework.http.server.reactive.ServletHttpHandlerAdapter.service(ServletHttpHandlerAdapter.java:162) ~[spring-web-5.3.7-SNAPSHOT.jar:5.3.7-SNAPSHOT]
	at org.eclipse.jetty.servlet.ServletHolder.handle(ServletHolder.java:791) ~[jetty-servlet-9.4.39.v20210325.jar:9.4.39.v20210325]
	at org.eclipse.jetty.servlet.ServletHandler.doHandle(ServletHandler.java:550) ~[jetty-servlet-9.4.39.v20210325.jar:9.4.39.v20210325]
	at org.eclipse.jetty.server.handler.ScopedHandler.nextHandle(ScopedHandler.java:233) ~[jetty-server-9.4.39.v20210325.jar:9.4.39.v20210325]
	at org.eclipse.jetty.server.handler.ContextHandler.doHandle(ContextHandler.java:1435) ~[jetty-server-9.4.39.v20210325.jar:9.4.39.v20210325]
	at org.eclipse.jetty.server.handler.ScopedHandler.nextScope(ScopedHandler.java:188) ~[jetty-server-9.4.39.v20210325.jar:9.4.39.v20210325]
	at org.eclipse.jetty.servlet.ServletHandler.doScope(ServletHandler.java:501) ~[jetty-servlet-9.4.39.v20210325.jar:9.4.39.v20210325]
	at org.eclipse.jetty.server.handler.ScopedHandler.nextScope(ScopedHandler.java:186) ~[jetty-server-9.4.39.v20210325.jar:9.4.39.v20210325]
	at org.eclipse.jetty.server.handler.ContextHandler.doScope(ContextHandler.java:1350) ~[jetty-server-9.4.39.v20210325.jar:9.4.39.v20210325]
	at org.eclipse.jetty.server.handler.ScopedHandler.handle(ScopedHandler.java:141) ~[jetty-server-9.4.39.v20210325.jar:9.4.39.v20210325]
	at org.eclipse.jetty.server.handler.HandlerWrapper.handle(HandlerWrapper.java:127) ~[jetty-server-9.4.39.v20210325.jar:9.4.39.v20210325]
	at org.eclipse.jetty.server.Server.handleAsync(Server.java:559) ~[jetty-server-9.4.39.v20210325.jar:9.4.39.v20210325]
	at org.eclipse.jetty.server.HttpChannel.lambda$handle$2(HttpChannel.java:396) ~[jetty-server-9.4.39.v20210325.jar:9.4.39.v20210325]
	at org.eclipse.jetty.server.HttpChannel.dispatch(HttpChannel.java:633) ~[jetty-server-9.4.39.v20210325.jar:9.4.39.v20210325]
	at org.eclipse.jetty.server.HttpChannel.handle(HttpChannel.java:396) [jetty-server-9.4.39.v20210325.jar:9.4.39.v20210325]
	at org.eclipse.jetty.server.HttpConnection.onFillable(HttpConnection.java:279) [jetty-server-9.4.39.v20210325.jar:9.4.39.v20210325]
	at org.eclipse.jetty.io.AbstractConnection$ReadCallback.succeeded(AbstractConnection.java:311) [jetty-io-9.4.39.v20210325.jar:9.4.39.v20210325]
	at org.eclipse.jetty.io.FillInterest.fillable(FillInterest.java:105) [jetty-io-9.4.39.v20210325.jar:9.4.39.v20210325]
	at org.eclipse.jetty.io.ChannelEndPoint$1.run(ChannelEndPoint.java:104) [jetty-io-9.4.39.v20210325.jar:9.4.39.v20210325]
	at org.eclipse.jetty.util.thread.QueuedThreadPool.runJob(QueuedThreadPool.java:882) [jetty-util-9.4.39.v20210325.jar:9.4.39.v20210325]
	at org.eclipse.jetty.util.thread.QueuedThreadPool$Runner.run(QueuedThreadPool.java:1036) [jetty-util-9.4.39.v20210325.jar:9.4.39.v20210325]
	at java.lang.Thread.run(Thread.java:834) [?:?]
Caused by: java.lang.RuntimeException: Random error
	at org.springframework.web.reactive.result.method.annotation.RequestMappingExceptionHandlingIntegrationTests$TestController.lambda$errors$0(RequestMappingExceptionHandlingIntegrationTests.java:154) ~[test/:?]
	Suppressed: reactor.core.publisher.FluxOnAssembly$OnAssemblyException: 
Error has been observed at the following site(s):
	|_ checkpoint ⇢ Handler org.springframework.web.reactive.result.method.annotation.RequestMappingExceptionHandlingIntegrationTests$TestController#errors() [DispatcherHandler]
	|_ checkpoint ⇢ HTTP GET "/SPR-16051" [ExceptionHandlingWebHandler]
Stack trace:
		at org.springframework.web.reactive.result.method.annotation.RequestMappingExceptionHandlingIntegrationTests$TestController.lambda$errors$0(RequestMappingExceptionHandlingIntegrationTests.java:154) ~[test/:?]
		at reactor.core.publisher.FluxMapFuseable$MapFuseableSubscriber.onNext(FluxMapFuseable.java:113) ~[reactor-core-3.4.5.jar:3.4.5]
		at reactor.core.publisher.FluxRange$RangeSubscription.slowPath(FluxRange.java:155) ~[reactor-core-3.4.5.jar:3.4.5]
		at reactor.core.publisher.FluxRange$RangeSubscription.request(FluxRange.java:110) ~[reactor-core-3.4.5.jar:3.4.5]
		at reactor.core.publisher.FluxMapFuseable$MapFuseableSubscriber.request(FluxMapFuseable.java:169) ~[reactor-core-3.4.5.jar:3.4.5]
		at reactor.core.publisher.FluxMapFuseable$MapFuseableSubscriber.request(FluxMapFuseable.java:169) ~[reactor-core-3.4.5.jar:3.4.5]
		at reactor.core.publisher.FluxPeekFuseable$PeekFuseableSubscriber.request(FluxPeekFuseable.java:144) ~[reactor-core-3.4.5.jar:3.4.5]
		at org.springframework.http.server.reactive.ChannelSendOperator$WriteBarrier.onSubscribe(ChannelSendOperator.java:166) ~[spring-web-5.3.7-SNAPSHOT.jar:5.3.7-SNAPSHOT]
		at reactor.core.publisher.FluxPeekFuseable$PeekFuseableSubscriber.onSubscribe(FluxPeekFuseable.java:178) ~[reactor-core-3.4.5.jar:3.4.5]
		at reactor.core.publisher.FluxMapFuseable$MapFuseableSubscriber.onSubscribe(FluxMapFuseable.java:96) ~[reactor-core-3.4.5.jar:3.4.5]
		at reactor.core.publisher.FluxMapFuseable$MapFuseableSubscriber.onSubscribe(FluxMapFuseable.java:96) ~[reactor-core-3.4.5.jar:3.4.5]
		at reactor.core.publisher.FluxRange.subscribe(FluxRange.java:68) ~[reactor-core-3.4.5.jar:3.4.5]
		at reactor.core.publisher.InternalFluxOperator.subscribe(InternalFluxOperator.java:62) ~[reactor-core-3.4.5.jar:3.4.5]
		at org.springframework.http.server.reactive.ChannelSendOperator.subscribe(ChannelSendOperator.java:77) ~[spring-web-5.3.7-SNAPSHOT.jar:5.3.7-SNAPSHOT]
		at reactor.core.publisher.InternalMonoOperator.subscribe(InternalMonoOperator.java:64) ~[reactor-core-3.4.5.jar:3.4.5]
		at reactor.core.publisher.MonoFlatMap$FlatMapMain.onNext(MonoFlatMap.java:157) ~[reactor-core-3.4.5.jar:3.4.5]
		at reactor.core.publisher.Operators$MonoSubscriber.complete(Operators.java:1815) ~[reactor-core-3.4.5.jar:3.4.5]
		at reactor.core.publisher.MonoFlatMap$FlatMapInner.onNext(MonoFlatMap.java:249) ~[reactor-core-3.4.5.jar:3.4.5]
		at reactor.core.publisher.FluxOnErrorResume$ResumeSubscriber.onNext(FluxOnErrorResume.java:79) ~[reactor-core-3.4.5.jar:3.4.5]
		at reactor.core.publisher.FluxPeek$PeekSubscriber.onNext(FluxPeek.java:199) ~[reactor-core-3.4.5.jar:3.4.5]
		at reactor.core.publisher.FluxPeek$PeekSubscriber.onNext(FluxPeek.java:199) ~[reactor-core-3.4.5.jar:3.4.5]
		at reactor.core.publisher.MonoIgnoreThen$ThenIgnoreMain.complete(MonoIgnoreThen.java:284) ~[reactor-core-3.4.5.jar:3.4.5]
		at reactor.core.publisher.MonoIgnoreThen$ThenIgnoreMain.onNext(MonoIgnoreThen.java:187) ~[reactor-core-3.4.5.jar:3.4.5]
		at reactor.core.publisher.Operators$ScalarSubscription.request(Operators.java:2397) ~[reactor-core-3.4.5.jar:3.4.5]
		at reactor.core.publisher.MonoIgnoreThen$ThenIgnoreMain.onSubscribe(MonoIgnoreThen.java:134) ~[reactor-core-3.4.5.jar:3.4.5]
		at reactor.core.publisher.FluxFlatMap.trySubscribeScalarMap(FluxFlatMap.java:192) ~[reactor-core-3.4.5.jar:3.4.5]
		at reactor.core.publisher.MonoFlatMap.subscribeOrReturn(MonoFlatMap.java:53) ~[reactor-core-3.4.5.jar:3.4.5]
		at reactor.core.publisher.InternalMonoOperator.subscribe(InternalMonoOperator.java:57) ~[reactor-core-3.4.5.jar:3.4.5]
		at reactor.core.publisher.MonoDefer.subscribe(MonoDefer.java:52) ~[reactor-core-3.4.5.jar:3.4.5]
		at reactor.core.publisher.MonoIgnoreThen$ThenIgnoreMain.subscribeNext(MonoIgnoreThen.java:236) ~[reactor-core-3.4.5.jar:3.4.5]
		at reactor.core.publisher.MonoIgnoreThen$ThenIgnoreMain.onComplete(MonoIgnoreThen.java:203) ~[reactor-core-3.4.5.jar:3.4.5]
		at reactor.core.publisher.MonoFlatMap$FlatMapMain.onComplete(MonoFlatMap.java:181) ~[reactor-core-3.4.5.jar:3.4.5]
		at reactor.core.publisher.Operators.complete(Operators.java:136) ~[reactor-core-3.4.5.jar:3.4.5]
		at reactor.core.publisher.MonoZip.subscribe(MonoZip.java:120) ~[reactor-core-3.4.5.jar:3.4.5]
		at reactor.core.publisher.Mono.subscribe(Mono.java:4150) ~[reactor-core-3.4.5.jar:3.4.5]
		at reactor.core.publisher.MonoIgnoreThen$ThenIgnoreMain.subscribeNext(MonoIgnoreThen.java:255) ~[reactor-core-3.4.5.jar:3.4.5]
		at reactor.core.publisher.MonoIgnoreThen.subscribe(MonoIgnoreThen.java:51) ~[reactor-core-3.4.5.jar:3.4.5]
		at reactor.core.publisher.InternalMonoOperator.subscribe(InternalMonoOperator.java:64) ~[reactor-core-3.4.5.jar:3.4.5]
		at reactor.core.publisher.MonoFlatMap$FlatMapMain.onNext(MonoFlatMap.java:157) ~[reactor-core-3.4.5.jar:3.4.5]
		at reactor.core.publisher.FluxSwitchIfEmpty$SwitchIfEmptySubscriber.onNext(FluxSwitchIfEmpty.java:73) ~[reactor-core-3.4.5.jar:3.4.5]
		at reactor.core.publisher.MonoNext$NextSubscriber.onNext(MonoNext.java:82) ~[reactor-core-3.4.5.jar:3.4.5]
		at reactor.core.publisher.FluxConcatMap$ConcatMapImmediate.innerNext(FluxConcatMap.java:281) ~[reactor-core-3.4.5.jar:3.4.5]
		at reactor.core.publisher.FluxConcatMap$ConcatMapInner.onNext(FluxConcatMap.java:860) ~[reactor-core-3.4.5.jar:3.4.5]
		at reactor.core.publisher.FluxMapFuseable$MapFuseableSubscriber.onNext(FluxMapFuseable.java:127) ~[reactor-core-3.4.5.jar:3.4.5]
		at reactor.core.publisher.MonoPeekTerminal$MonoTerminalPeekSubscriber.onNext(MonoPeekTerminal.java:180) ~[reactor-core-3.4.5.jar:3.4.5]
		at reactor.core.publisher.Operators$ScalarSubscription.request(Operators.java:2397) ~[reactor-core-3.4.5.jar:3.4.5]
		at reactor.core.publisher.MonoPeekTerminal$MonoTerminalPeekSubscriber.request(MonoPeekTerminal.java:139) ~[reactor-core-3.4.5.jar:3.4.5]
		at reactor.core.publisher.FluxMapFuseable$MapFuseableSubscriber.request(FluxMapFuseable.java:169) ~[reactor-core-3.4.5.jar:3.4.5]
		at reactor.core.publisher.Operators$MultiSubscriptionSubscriber.set(Operators.java:2193) ~[reactor-core-3.4.5.jar:3.4.5]
		at reactor.core.publisher.Operators$MultiSubscriptionSubscriber.onSubscribe(Operators.java:2067) ~[reactor-core-3.4.5.jar:3.4.5]
		at reactor.core.publisher.FluxMapFuseable$MapFuseableSubscriber.onSubscribe(FluxMapFuseable.java:96) ~[reactor-core-3.4.5.jar:3.4.5]
		at reactor.core.publisher.MonoPeekTerminal$MonoTerminalPeekSubscriber.onSubscribe(MonoPeekTerminal.java:152) ~[reactor-core-3.4.5.jar:3.4.5]
		at reactor.core.publisher.MonoJust.subscribe(MonoJust.java:54) ~[reactor-core-3.4.5.jar:3.4.5]
		at reactor.core.publisher.Mono.subscribe(Mono.java:4150) ~[reactor-core-3.4.5.jar:3.4.5]
		at reactor.core.publisher.FluxConcatMap$ConcatMapImmediate.drain(FluxConcatMap.java:448) ~[reactor-core-3.4.5.jar:3.4.5]
		at reactor.core.publisher.FluxConcatMap$ConcatMapImmediate.onSubscribe(FluxConcatMap.java:218) ~[reactor-core-3.4.5.jar:3.4.5]
		at reactor.core.publisher.FluxIterable.subscribe(FluxIterable.java:164) ~[reactor-core-3.4.5.jar:3.4.5]
		at reactor.core.publisher.FluxIterable.subscribe(FluxIterable.java:86) ~[reactor-core-3.4.5.jar:3.4.5]
		at reactor.core.publisher.InternalMonoOperator.subscribe(InternalMonoOperator.java:64) ~[reactor-core-3.4.5.jar:3.4.5]
		at reactor.core.publisher.MonoDefer.subscribe(MonoDefer.java:52) ~[reactor-core-3.4.5.jar:3.4.5]
		at reactor.core.publisher.Mono.subscribe(Mono.java:4150) ~[reactor-core-3.4.5.jar:3.4.5]
		at reactor.core.publisher.MonoIgnoreThen$ThenIgnoreMain.subscribeNext(MonoIgnoreThen.java:255) ~[reactor-core-3.4.5.jar:3.4.5]
		at reactor.core.publisher.MonoIgnoreThen.subscribe(MonoIgnoreThen.java:51) ~[reactor-core-3.4.5.jar:3.4.5]
		at reactor.core.publisher.Mono.subscribe(Mono.java:4150) ~[reactor-core-3.4.5.jar:3.4.5]
		at org.springframework.http.server.reactive.ServletHttpHandlerAdapter.service(ServletHttpHandlerAdapter.java:198) ~[spring-web-5.3.7-SNAPSHOT.jar:5.3.7-SNAPSHOT]
		at org.eclipse.jetty.servlet.ServletHolder.handle(ServletHolder.java:791) ~[jetty-servlet-9.4.39.v20210325.jar:9.4.39.v20210325]
		at org.eclipse.jetty.servlet.ServletHandler.doHandle(ServletHandler.java:550) ~[jetty-servlet-9.4.39.v20210325.jar:9.4.39.v20210325]
		at org.eclipse.jetty.server.handler.ScopedHandler.nextHandle(ScopedHandler.java:233) ~[jetty-server-9.4.39.v20210325.jar:9.4.39.v20210325]
		at org.eclipse.jetty.server.handler.ContextHandler.doHandle(ContextHandler.java:1435) ~[jetty-server-9.4.39.v20210325.jar:9.4.39.v20210325]
		at org.eclipse.jetty.server.handler.ScopedHandler.nextScope(ScopedHandler.java:188) ~[jetty-server-9.4.39.v20210325.jar:9.4.39.v20210325]
		at org.eclipse.jetty.servlet.ServletHandler.doScope(ServletHandler.java:501) ~[jetty-servlet-9.4.39.v20210325.jar:9.4.39.v20210325]
		at org.eclipse.jetty.server.handler.ScopedHandler.nextScope(ScopedHandler.java:186) ~[jetty-server-9.4.39.v20210325.jar:9.4.39.v20210325]
		at org.eclipse.jetty.server.handler.ContextHandler.doScope(ContextHandler.java:1350) ~[jetty-server-9.4.39.v20210325.jar:9.4.39.v20210325]
		at org.eclipse.jetty.server.handler.ScopedHandler.handle(ScopedHandler.java:141) ~[jetty-server-9.4.39.v20210325.jar:9.4.39.v20210325]
		at org.eclipse.jetty.server.handler.HandlerWrapper.handle(HandlerWrapper.java:127) ~[jetty-server-9.4.39.v20210325.jar:9.4.39.v20210325]
		at org.eclipse.jetty.server.Server.handle(Server.java:516) ~[jetty-server-9.4.39.v20210325.jar:9.4.39.v20210325]
		at org.eclipse.jetty.server.HttpChannel.lambda$handle$1(HttpChannel.java:388) ~[jetty-server-9.4.39.v20210325.jar:9.4.39.v20210325]
		at org.eclipse.jetty.server.HttpChannel.dispatch(HttpChannel.java:633) ~[jetty-server-9.4.39.v20210325.jar:9.4.39.v20210325]
		at org.eclipse.jetty.server.HttpChannel.handle(HttpChannel.java:380) [jetty-server-9.4.39.v20210325.jar:9.4.39.v20210325]
		at org.eclipse.jetty.server.HttpConnection.onFillable(HttpConnection.java:279) [jetty-server-9.4.39.v20210325.jar:9.4.39.v20210325]
		at org.eclipse.jetty.io.AbstractConnection$ReadCallback.succeeded(AbstractConnection.java:311) [jetty-io-9.4.39.v20210325.jar:9.4.39.v20210325]
		at org.eclipse.jetty.io.FillInterest.fillable(FillInterest.java:105) [jetty-io-9.4.39.v20210325.jar:9.4.39.v20210325]
		at org.eclipse.jetty.io.ChannelEndPoint$1.run(ChannelEndPoint.java:104) [jetty-io-9.4.39.v20210325.jar:9.4.39.v20210325]
		at org.eclipse.jetty.util.thread.QueuedThreadPool.runJob(QueuedThreadPool.java:882) [jetty-util-9.4.39.v20210325.jar:9.4.39.v20210325]
		at org.eclipse.jetty.util.thread.QueuedThreadPool$Runner.run(QueuedThreadPool.java:1036) [jetty-util-9.4.39.v20210325.jar:9.4.39.v20210325]
		at java.lang.Thread.run(Thread.java:834) [?:?]
16:32:49.240 [Test worker] DEBUG o.s.w.t.h.s.r.b.JettyHttpServer - Stopping JettyHttpServer...
16:32:49.240 [Test worker] INFO  o.e.j.s.h.ContextHandler - Stopped o.e.j.s.ServletContextHandler@5b9f4fed{/,null,STOPPED}
16:32:49.243 [Test worker] INFO  o.e.j.s.AbstractConnector - Stopped ServerConnector@412fec85{HTTP/1.1, (http/1.1)}{0.0.0.0:0}
16:32:49.244 [Test worker] DEBUG o.s.w.t.h.s.r.b.JettyHttpServer - Server stopped (0 millis).
16:32:49.291 [Test worker] DEBUG o.s.w.r.r.m.a.RequestMappingHandlerMapping - 6 mappings in 'requestMappingHandlerMapping'
16:32:49.311 [Test worker] DEBUG o.s.w.r.r.m.a.ControllerMethodResolver - ControllerAdvice beans: none
16:32:49.317 [Test worker] DEBUG o.s.w.s.a.HttpWebHandlerAdapter - enableLoggingRequestDetails='false': form data and headers will be masked to prevent unsafe logging of potentially sensitive data
16:32:49.317 [Test worker] DEBUG o.s.w.t.h.s.r.b.ReactorHttpServer - Starting ReactorHttpServer...
16:32:49.319 [Test worker] DEBUG o.s.w.t.h.s.r.b.ReactorHttpServer - Server started on port 61412(0 millis).
16:32:49.319 [Test worker] DEBUG o.s.w.c.RestTemplate - HTTP GET http://localhost:61412/SPR-16051
16:32:49.319 [Test worker] DEBUG o.s.w.c.RestTemplate - Accept=[text/plain, application/json, application/x-jackson-smile, application/*+json, */*]
16:32:49.338 [reactor-http-nio-10] DEBUG o.s.w.s.a.HttpWebHandlerAdapter - [3dbbcab4-1, L:/127.0.0.1:61412 - R:/127.0.0.1:61413] HTTP GET "/SPR-16051"
16:32:49.338 [reactor-http-nio-10] DEBUG o.s.w.r.r.m.a.RequestMappingHandlerMapping - [3dbbcab4-1, L:/127.0.0.1:61412 - R:/127.0.0.1:61413] Mapped to org.springframework.web.reactive.result.method.annotation.RequestMappingExceptionHandlingIntegrationTests$TestController#errors()
16:32:49.341 [reactor-http-nio-10] DEBUG o.s.w.r.r.m.a.ResponseBodyResultHandler - [3dbbcab4-1, L:/127.0.0.1:61412 - R:/127.0.0.1:61413] Using 'text/plain;charset=UTF-8' given [text/plain, application/json, application/x-jackson-smile, application/*+json, */*] and supported [text/plain;charset=UTF-8, text/event-stream, text/plain;charset=UTF-8, */*]
16:32:49.341 [reactor-http-nio-10] DEBUG o.s.w.r.r.m.a.ResponseBodyResultHandler - [3dbbcab4-1, L:/127.0.0.1:61412 - R:/127.0.0.1:61413] 0..N [java.lang.String]
16:32:49.342 [reactor-http-nio-10] DEBUG o.s.c.c.CharSequenceEncoder - [3dbbcab4-1, L:/127.0.0.1:61412 - R:/127.0.0.1:61413] Writing "1. foo bar"
16:32:49.350 [Test worker] DEBUG o.s.w.c.RestTemplate - Response 200 OK
16:32:49.361 [reactor-http-nio-10] DEBUG o.s.c.c.CharSequenceEncoder - [3dbbcab4-1, L:/127.0.0.1:61412 - R:/127.0.0.1:61413] Writing "2. foo bar"
16:32:49.362 [reactor-http-nio-10] DEBUG o.s.c.c.CharSequenceEncoder - [3dbbcab4-1, L:/127.0.0.1:61412 - R:/127.0.0.1:61413] Writing "3. foo bar"
16:32:49.363 [reactor-http-nio-10] DEBUG o.s.c.c.CharSequenceEncoder - [3dbbcab4-1, L:/127.0.0.1:61412 - R:/127.0.0.1:61413] Writing "4. foo bar"
16:32:49.363 [reactor-http-nio-10] DEBUG o.s.c.c.CharSequenceEncoder - [3dbbcab4-1, L:/127.0.0.1:61412 - R:/127.0.0.1:61413] Writing "5. foo bar"
16:32:49.364 [reactor-http-nio-10] DEBUG o.s.c.c.CharSequenceEncoder - [3dbbcab4-1, L:/127.0.0.1:61412 - R:/127.0.0.1:61413] Writing "6. foo bar"
16:32:49.365 [reactor-http-nio-10] DEBUG o.s.c.c.CharSequenceEncoder - [3dbbcab4-1, L:/127.0.0.1:61412 - R:/127.0.0.1:61413] Writing "7. foo bar"
16:32:49.366 [reactor-http-nio-10] DEBUG o.s.c.c.CharSequenceEncoder - [3dbbcab4-1, L:/127.0.0.1:61412 - R:/127.0.0.1:61413] Writing "8. foo bar"
16:32:49.366 [reactor-http-nio-10] DEBUG o.s.c.c.CharSequenceEncoder - [3dbbcab4-1, L:/127.0.0.1:61412 - R:/127.0.0.1:61413] Writing "9. foo bar"
16:32:49.367 [reactor-http-nio-10] DEBUG o.s.c.c.CharSequenceEncoder - [3dbbcab4-1, L:/127.0.0.1:61412 - R:/127.0.0.1:61413] Writing "10. foo bar"
16:32:49.368 [reactor-http-nio-10] DEBUG o.s.c.c.CharSequenceEncoder - [3dbbcab4-1, L:/127.0.0.1:61412 - R:/127.0.0.1:61413] Writing "11. foo bar"
16:32:49.368 [reactor-http-nio-10] DEBUG o.s.c.c.CharSequenceEncoder - [3dbbcab4-1, L:/127.0.0.1:61412 - R:/127.0.0.1:61413] Writing "12. foo bar"
16:32:49.369 [reactor-http-nio-10] DEBUG o.s.c.c.CharSequenceEncoder - [3dbbcab4-1, L:/127.0.0.1:61412 - R:/127.0.0.1:61413] Writing "13. foo bar"
16:32:49.369 [reactor-http-nio-10] DEBUG o.s.c.c.CharSequenceEncoder - [3dbbcab4-1, L:/127.0.0.1:61412 - R:/127.0.0.1:61413] Writing "14. foo bar"
16:32:49.370 [reactor-http-nio-10] DEBUG o.s.c.c.CharSequenceEncoder - [3dbbcab4-1, L:/127.0.0.1:61412 - R:/127.0.0.1:61413] Writing "15. foo bar"
16:32:49.371 [reactor-http-nio-10] DEBUG o.s.c.c.CharSequenceEncoder - [3dbbcab4-1, L:/127.0.0.1:61412 - R:/127.0.0.1:61413] Writing "16. foo bar"
16:32:49.372 [reactor-http-nio-10] DEBUG o.s.c.c.CharSequenceEncoder - [3dbbcab4-1, L:/127.0.0.1:61412 - R:/127.0.0.1:61413] Writing "17. foo bar"
16:32:49.373 [reactor-http-nio-10] DEBUG o.s.c.c.CharSequenceEncoder - [3dbbcab4-1, L:/127.0.0.1:61412 - R:/127.0.0.1:61413] Writing "18. foo bar"
16:32:49.373 [reactor-http-nio-10] DEBUG o.s.c.c.CharSequenceEncoder - [3dbbcab4-1, L:/127.0.0.1:61412 - R:/127.0.0.1:61413] Writing "19. foo bar"
16:32:49.374 [reactor-http-nio-10] DEBUG o.s.c.c.CharSequenceEncoder - [3dbbcab4-1, L:/127.0.0.1:61412 - R:/127.0.0.1:61413] Writing "20. foo bar"
16:32:49.375 [reactor-http-nio-10] DEBUG o.s.c.c.CharSequenceEncoder - [3dbbcab4-1, L:/127.0.0.1:61412 - R:/127.0.0.1:61413] Writing "21. foo bar"
16:32:49.375 [reactor-http-nio-10] DEBUG o.s.c.c.CharSequenceEncoder - [3dbbcab4-1, L:/127.0.0.1:61412 - R:/127.0.0.1:61413] Writing "22. foo bar"
16:32:49.376 [reactor-http-nio-10] DEBUG o.s.c.c.CharSequenceEncoder - [3dbbcab4-1, L:/127.0.0.1:61412 - R:/127.0.0.1:61413] Writing "23. foo bar"
16:32:49.377 [reactor-http-nio-10] DEBUG o.s.c.c.CharSequenceEncoder - [3dbbcab4-1, L:/127.0.0.1:61412 - R:/127.0.0.1:61413] Writing "24. foo bar"
16:32:49.377 [reactor-http-nio-10] DEBUG o.s.c.c.CharSequenceEncoder - [3dbbcab4-1, L:/127.0.0.1:61412 - R:/127.0.0.1:61413] Writing "25. foo bar"
16:32:49.378 [reactor-http-nio-10] DEBUG o.s.c.c.CharSequenceEncoder - [3dbbcab4-1, L:/127.0.0.1:61412 - R:/127.0.0.1:61413] Writing "26. foo bar"
16:32:49.379 [reactor-http-nio-10] DEBUG o.s.c.c.CharSequenceEncoder - [3dbbcab4-1, L:/127.0.0.1:61412 - R:/127.0.0.1:61413] Writing "27. foo bar"
16:32:49.379 [reactor-http-nio-10] DEBUG o.s.c.c.CharSequenceEncoder - [3dbbcab4-1, L:/127.0.0.1:61412 - R:/127.0.0.1:61413] Writing "28. foo bar"
16:32:49.380 [reactor-http-nio-10] DEBUG o.s.c.c.CharSequenceEncoder - [3dbbcab4-1, L:/127.0.0.1:61412 - R:/127.0.0.1:61413] Writing "29. foo bar"
16:32:49.381 [reactor-http-nio-10] DEBUG o.s.c.c.CharSequenceEncoder - [3dbbcab4-1, L:/127.0.0.1:61412 - R:/127.0.0.1:61413] Writing "30. foo bar"
16:32:49.381 [reactor-http-nio-10] DEBUG o.s.c.c.CharSequenceEncoder - [3dbbcab4-1, L:/127.0.0.1:61412 - R:/127.0.0.1:61413] Writing "31. foo bar"
16:32:49.382 [reactor-http-nio-10] DEBUG o.s.c.c.CharSequenceEncoder - [3dbbcab4-1, L:/127.0.0.1:61412 - R:/127.0.0.1:61413] Writing "32. foo bar"
16:32:49.383 [reactor-http-nio-10] DEBUG o.s.c.c.CharSequenceEncoder - [3dbbcab4-1, L:/127.0.0.1:61412 - R:/127.0.0.1:61413] Writing "33. foo bar"
16:32:49.383 [reactor-http-nio-10] DEBUG o.s.c.c.CharSequenceEncoder - [3dbbcab4-1, L:/127.0.0.1:61412 - R:/127.0.0.1:61413] Writing "34. foo bar"
16:32:49.384 [reactor-http-nio-10] DEBUG o.s.c.c.CharSequenceEncoder - [3dbbcab4-1, L:/127.0.0.1:61412 - R:/127.0.0.1:61413] Writing "35. foo bar"
16:32:49.385 [reactor-http-nio-10] DEBUG o.s.c.c.CharSequenceEncoder - [3dbbcab4-1, L:/127.0.0.1:61412 - R:/127.0.0.1:61413] Writing "36. foo bar"
16:32:49.385 [reactor-http-nio-10] DEBUG o.s.c.c.CharSequenceEncoder - [3dbbcab4-1, L:/127.0.0.1:61412 - R:/127.0.0.1:61413] Writing "37. foo bar"
16:32:49.386 [reactor-http-nio-10] DEBUG o.s.c.c.CharSequenceEncoder - [3dbbcab4-1, L:/127.0.0.1:61412 - R:/127.0.0.1:61413] Writing "38. foo bar"
16:32:49.387 [reactor-http-nio-10] DEBUG o.s.c.c.CharSequenceEncoder - [3dbbcab4-1, L:/127.0.0.1:61412 - R:/127.0.0.1:61413] Writing "39. foo bar"
16:32:49.387 [reactor-http-nio-10] DEBUG o.s.c.c.CharSequenceEncoder - [3dbbcab4-1, L:/127.0.0.1:61412 - R:/127.0.0.1:61413] Writing "40. foo bar"
16:32:49.388 [reactor-http-nio-10] DEBUG o.s.c.c.CharSequenceEncoder - [3dbbcab4-1, L:/127.0.0.1:61412 - R:/127.0.0.1:61413] Writing "41. foo bar"
16:32:49.389 [reactor-http-nio-10] DEBUG o.s.c.c.CharSequenceEncoder - [3dbbcab4-1, L:/127.0.0.1:61412 - R:/127.0.0.1:61413] Writing "42. foo bar"
16:32:49.389 [reactor-http-nio-10] DEBUG o.s.c.c.CharSequenceEncoder - [3dbbcab4-1, L:/127.0.0.1:61412 - R:/127.0.0.1:61413] Writing "43. foo bar"
16:32:49.390 [reactor-http-nio-10] DEBUG o.s.c.c.CharSequenceEncoder - [3dbbcab4-1, L:/127.0.0.1:61412 - R:/127.0.0.1:61413] Writing "44. foo bar"
16:32:49.391 [reactor-http-nio-10] DEBUG o.s.c.c.CharSequenceEncoder - [3dbbcab4-1, L:/127.0.0.1:61412 - R:/127.0.0.1:61413] Writing "45. foo bar"
16:32:49.391 [reactor-http-nio-10] DEBUG o.s.c.c.CharSequenceEncoder - [3dbbcab4-1, L:/127.0.0.1:61412 - R:/127.0.0.1:61413] Writing "46. foo bar"
16:32:49.392 [reactor-http-nio-10] DEBUG o.s.c.c.CharSequenceEncoder - [3dbbcab4-1, L:/127.0.0.1:61412 - R:/127.0.0.1:61413] Writing "47. foo bar"
16:32:49.392 [reactor-http-nio-10] DEBUG o.s.c.c.CharSequenceEncoder - [3dbbcab4-1, L:/127.0.0.1:61412 - R:/127.0.0.1:61413] Writing "48. foo bar"
16:32:49.393 [reactor-http-nio-10] DEBUG o.s.c.c.CharSequenceEncoder - [3dbbcab4-1, L:/127.0.0.1:61412 - R:/127.0.0.1:61413] Writing "49. foo bar"
16:32:49.394 [reactor-http-nio-10] DEBUG o.s.c.c.CharSequenceEncoder - [3dbbcab4-1, L:/127.0.0.1:61412 - R:/127.0.0.1:61413] Writing "50. foo bar"
16:32:49.394 [reactor-http-nio-10] DEBUG o.s.c.c.CharSequenceEncoder - [3dbbcab4-1, L:/127.0.0.1:61412 - R:/127.0.0.1:61413] Writing "51. foo bar"
16:32:49.395 [reactor-http-nio-10] DEBUG o.s.c.c.CharSequenceEncoder - [3dbbcab4-1, L:/127.0.0.1:61412 - R:/127.0.0.1:61413] Writing "52. foo bar"
16:32:49.396 [reactor-http-nio-10] DEBUG o.s.c.c.CharSequenceEncoder - [3dbbcab4-1, L:/127.0.0.1:61412 - R:/127.0.0.1:61413] Writing "53. foo bar"
16:32:49.396 [reactor-http-nio-10] DEBUG o.s.c.c.CharSequenceEncoder - [3dbbcab4-1, L:/127.0.0.1:61412 - R:/127.0.0.1:61413] Writing "54. foo bar"
16:32:49.397 [reactor-http-nio-10] DEBUG o.s.c.c.CharSequenceEncoder - [3dbbcab4-1, L:/127.0.0.1:61412 - R:/127.0.0.1:61413] Writing "55. foo bar"
16:32:49.398 [reactor-http-nio-10] DEBUG o.s.c.c.CharSequenceEncoder - [3dbbcab4-1, L:/127.0.0.1:61412 - R:/127.0.0.1:61413] Writing "56. foo bar"
16:32:49.398 [reactor-http-nio-10] DEBUG o.s.c.c.CharSequenceEncoder - [3dbbcab4-1, L:/127.0.0.1:61412 - R:/127.0.0.1:61413] Writing "57. foo bar"
16:32:49.399 [reactor-http-nio-10] DEBUG o.s.c.c.CharSequenceEncoder - [3dbbcab4-1, L:/127.0.0.1:61412 - R:/127.0.0.1:61413] Writing "58. foo bar"
16:32:49.399 [reactor-http-nio-10] DEBUG o.s.c.c.CharSequenceEncoder - [3dbbcab4-1, L:/127.0.0.1:61412 - R:/127.0.0.1:61413] Writing "59. foo bar"
16:32:49.400 [reactor-http-nio-10] DEBUG o.s.c.c.CharSequenceEncoder - [3dbbcab4-1, L:/127.0.0.1:61412 - R:/127.0.0.1:61413] Writing "60. foo bar"
16:32:49.401 [reactor-http-nio-10] DEBUG o.s.c.c.CharSequenceEncoder - [3dbbcab4-1, L:/127.0.0.1:61412 - R:/127.0.0.1:61413] Writing "61. foo bar"
16:32:49.401 [reactor-http-nio-10] DEBUG o.s.c.c.CharSequenceEncoder - [3dbbcab4-1, L:/127.0.0.1:61412 - R:/127.0.0.1:61413] Writing "62. foo bar"
16:32:49.402 [reactor-http-nio-10] DEBUG o.s.c.c.CharSequenceEncoder - [3dbbcab4-1, L:/127.0.0.1:61412 - R:/127.0.0.1:61413] Writing "63. foo bar"
16:32:49.403 [reactor-http-nio-10] DEBUG o.s.c.c.CharSequenceEncoder - [3dbbcab4-1, L:/127.0.0.1:61412 - R:/127.0.0.1:61413] Writing "64. foo bar"
16:32:49.403 [reactor-http-nio-10] DEBUG o.s.c.c.CharSequenceEncoder - [3dbbcab4-1, L:/127.0.0.1:61412 - R:/127.0.0.1:61413] Writing "65. foo bar"
16:32:49.404 [reactor-http-nio-10] DEBUG o.s.c.c.CharSequenceEncoder - [3dbbcab4-1, L:/127.0.0.1:61412 - R:/127.0.0.1:61413] Writing "66. foo bar"
16:32:49.404 [reactor-http-nio-10] DEBUG o.s.c.c.CharSequenceEncoder - [3dbbcab4-1, L:/127.0.0.1:61412 - R:/127.0.0.1:61413] Writing "67. foo bar"
16:32:49.405 [reactor-http-nio-10] DEBUG o.s.c.c.CharSequenceEncoder - [3dbbcab4-1, L:/127.0.0.1:61412 - R:/127.0.0.1:61413] Writing "68. foo bar"
16:32:49.405 [reactor-http-nio-10] DEBUG o.s.c.c.CharSequenceEncoder - [3dbbcab4-1, L:/127.0.0.1:61412 - R:/127.0.0.1:61413] Writing "69. foo bar"
16:32:49.406 [reactor-http-nio-10] DEBUG o.s.c.c.CharSequenceEncoder - [3dbbcab4-1, L:/127.0.0.1:61412 - R:/127.0.0.1:61413] Writing "70. foo bar"
16:32:49.407 [reactor-http-nio-10] DEBUG o.s.c.c.CharSequenceEncoder - [3dbbcab4-1, L:/127.0.0.1:61412 - R:/127.0.0.1:61413] Writing "71. foo bar"
16:32:49.407 [reactor-http-nio-10] DEBUG o.s.c.c.CharSequenceEncoder - [3dbbcab4-1, L:/127.0.0.1:61412 - R:/127.0.0.1:61413] Writing "72. foo bar"
16:32:49.408 [reactor-http-nio-10] DEBUG o.s.c.c.CharSequenceEncoder - [3dbbcab4-1, L:/127.0.0.1:61412 - R:/127.0.0.1:61413] Writing "73. foo bar"
16:32:49.408 [reactor-http-nio-10] DEBUG o.s.c.c.CharSequenceEncoder - [3dbbcab4-1, L:/127.0.0.1:61412 - R:/127.0.0.1:61413] Writing "74. foo bar"
16:32:49.409 [reactor-http-nio-10] DEBUG o.s.c.c.CharSequenceEncoder - [3dbbcab4-1, L:/127.0.0.1:61412 - R:/127.0.0.1:61413] Writing "75. foo bar"
16:32:49.409 [reactor-http-nio-10] DEBUG o.s.c.c.CharSequenceEncoder - [3dbbcab4-1, L:/127.0.0.1:61412 - R:/127.0.0.1:61413] Writing "76. foo bar"
16:32:49.410 [reactor-http-nio-10] DEBUG o.s.c.c.CharSequenceEncoder - [3dbbcab4-1, L:/127.0.0.1:61412 - R:/127.0.0.1:61413] Writing "77. foo bar"
16:32:49.411 [reactor-http-nio-10] DEBUG o.s.c.c.CharSequenceEncoder - [3dbbcab4-1, L:/127.0.0.1:61412 - R:/127.0.0.1:61413] Writing "78. foo bar"
16:32:49.411 [reactor-http-nio-10] DEBUG o.s.c.c.CharSequenceEncoder - [3dbbcab4-1, L:/127.0.0.1:61412 - R:/127.0.0.1:61413] Writing "79. foo bar"
16:32:49.412 [reactor-http-nio-10] DEBUG o.s.c.c.CharSequenceEncoder - [3dbbcab4-1, L:/127.0.0.1:61412 - R:/127.0.0.1:61413] Writing "80. foo bar"
16:32:49.413 [reactor-http-nio-10] DEBUG o.s.c.c.CharSequenceEncoder - [3dbbcab4-1, L:/127.0.0.1:61412 - R:/127.0.0.1:61413] Writing "81. foo bar"
16:32:49.414 [reactor-http-nio-10] DEBUG o.s.c.c.CharSequenceEncoder - [3dbbcab4-1, L:/127.0.0.1:61412 - R:/127.0.0.1:61413] Writing "82. foo bar"
16:32:49.415 [reactor-http-nio-10] DEBUG o.s.c.c.CharSequenceEncoder - [3dbbcab4-1, L:/127.0.0.1:61412 - R:/127.0.0.1:61413] Writing "83. foo bar"
16:32:49.416 [reactor-http-nio-10] DEBUG o.s.c.c.CharSequenceEncoder - [3dbbcab4-1, L:/127.0.0.1:61412 - R:/127.0.0.1:61413] Writing "84. foo bar"
16:32:49.417 [reactor-http-nio-10] DEBUG o.s.c.c.CharSequenceEncoder - [3dbbcab4-1, L:/127.0.0.1:61412 - R:/127.0.0.1:61413] Writing "85. foo bar"
16:32:49.417 [reactor-http-nio-10] DEBUG o.s.c.c.CharSequenceEncoder - [3dbbcab4-1, L:/127.0.0.1:61412 - R:/127.0.0.1:61413] Writing "86. foo bar"
16:32:49.418 [reactor-http-nio-10] DEBUG o.s.c.c.CharSequenceEncoder - [3dbbcab4-1, L:/127.0.0.1:61412 - R:/127.0.0.1:61413] Writing "87. foo bar"
16:32:49.419 [reactor-http-nio-10] DEBUG o.s.c.c.CharSequenceEncoder - [3dbbcab4-1, L:/127.0.0.1:61412 - R:/127.0.0.1:61413] Writing "88. foo bar"
16:32:49.419 [reactor-http-nio-10] DEBUG o.s.c.c.CharSequenceEncoder - [3dbbcab4-1, L:/127.0.0.1:61412 - R:/127.0.0.1:61413] Writing "89. foo bar"
16:32:49.420 [reactor-http-nio-10] DEBUG o.s.c.c.CharSequenceEncoder - [3dbbcab4-1, L:/127.0.0.1:61412 - R:/127.0.0.1:61413] Writing "90. foo bar"
16:32:49.420 [reactor-http-nio-10] DEBUG o.s.c.c.CharSequenceEncoder - [3dbbcab4-1, L:/127.0.0.1:61412 - R:/127.0.0.1:61413] Writing "91. foo bar"
16:32:49.421 [reactor-http-nio-10] DEBUG o.s.c.c.CharSequenceEncoder - [3dbbcab4-1, L:/127.0.0.1:61412 - R:/127.0.0.1:61413] Writing "92. foo bar"
16:32:49.421 [reactor-http-nio-10] DEBUG o.s.c.c.CharSequenceEncoder - [3dbbcab4-1, L:/127.0.0.1:61412 - R:/127.0.0.1:61413] Writing "93. foo bar"
16:32:49.422 [reactor-http-nio-10] DEBUG o.s.c.c.CharSequenceEncoder - [3dbbcab4-1, L:/127.0.0.1:61412 - R:/127.0.0.1:61413] Writing "94. foo bar"
16:32:49.422 [reactor-http-nio-10] DEBUG o.s.c.c.CharSequenceEncoder - [3dbbcab4-1, L:/127.0.0.1:61412 - R:/127.0.0.1:61413] Writing "95. foo bar"
16:32:49.423 [reactor-http-nio-10] DEBUG o.s.c.c.CharSequenceEncoder - [3dbbcab4-1, L:/127.0.0.1:61412 - R:/127.0.0.1:61413] Writing "96. foo bar"
16:32:49.424 [reactor-http-nio-10] DEBUG o.s.c.c.CharSequenceEncoder - [3dbbcab4-1, L:/127.0.0.1:61412 - R:/127.0.0.1:61413] Writing "97. foo bar"
16:32:49.424 [reactor-http-nio-10] DEBUG o.s.c.c.CharSequenceEncoder - [3dbbcab4-1, L:/127.0.0.1:61412 - R:/127.0.0.1:61413] Writing "98. foo bar"
16:32:49.425 [reactor-http-nio-10] DEBUG o.s.c.c.CharSequenceEncoder - [3dbbcab4-1, L:/127.0.0.1:61412 - R:/127.0.0.1:61413] Writing "99. foo bar"
16:32:49.425 [reactor-http-nio-10] DEBUG o.s.c.c.CharSequenceEncoder - [3dbbcab4-1, L:/127.0.0.1:61412 - R:/127.0.0.1:61413] Writing "100. foo bar"
16:32:49.426 [reactor-http-nio-10] DEBUG o.s.c.c.CharSequenceEncoder - [3dbbcab4-1, L:/127.0.0.1:61412 - R:/127.0.0.1:61413] Writing "101. foo bar"
16:32:49.426 [reactor-http-nio-10] DEBUG o.s.c.c.CharSequenceEncoder - [3dbbcab4-1, L:/127.0.0.1:61412 - R:/127.0.0.1:61413] Writing "102. foo bar"
16:32:49.427 [reactor-http-nio-10] DEBUG o.s.c.c.CharSequenceEncoder - [3dbbcab4-1, L:/127.0.0.1:61412 - R:/127.0.0.1:61413] Writing "103. foo bar"
16:32:49.427 [reactor-http-nio-10] DEBUG o.s.c.c.CharSequenceEncoder - [3dbbcab4-1, L:/127.0.0.1:61412 - R:/127.0.0.1:61413] Writing "104. foo bar"
16:32:49.428 [reactor-http-nio-10] DEBUG o.s.c.c.CharSequenceEncoder - [3dbbcab4-1, L:/127.0.0.1:61412 - R:/127.0.0.1:61413] Writing "105. foo bar"
16:32:49.428 [reactor-http-nio-10] DEBUG o.s.c.c.CharSequenceEncoder - [3dbbcab4-1, L:/127.0.0.1:61412 - R:/127.0.0.1:61413] Writing "106. foo bar"
16:32:49.429 [reactor-http-nio-10] DEBUG o.s.c.c.CharSequenceEncoder - [3dbbcab4-1, L:/127.0.0.1:61412 - R:/127.0.0.1:61413] Writing "107. foo bar"
16:32:49.430 [reactor-http-nio-10] DEBUG o.s.c.c.CharSequenceEncoder - [3dbbcab4-1, L:/127.0.0.1:61412 - R:/127.0.0.1:61413] Writing "108. foo bar"
16:32:49.430 [reactor-http-nio-10] DEBUG o.s.c.c.CharSequenceEncoder - [3dbbcab4-1, L:/127.0.0.1:61412 - R:/127.0.0.1:61413] Writing "109. foo bar"
16:32:49.431 [reactor-http-nio-10] DEBUG o.s.c.c.CharSequenceEncoder - [3dbbcab4-1, L:/127.0.0.1:61412 - R:/127.0.0.1:61413] Writing "110. foo bar"
16:32:49.432 [reactor-http-nio-10] DEBUG o.s.c.c.CharSequenceEncoder - [3dbbcab4-1, L:/127.0.0.1:61412 - R:/127.0.0.1:61413] Writing "111. foo bar"
16:32:49.433 [reactor-http-nio-10] DEBUG o.s.c.c.CharSequenceEncoder - [3dbbcab4-1, L:/127.0.0.1:61412 - R:/127.0.0.1:61413] Writing "112. foo bar"
16:32:49.434 [reactor-http-nio-10] DEBUG o.s.c.c.CharSequenceEncoder - [3dbbcab4-1, L:/127.0.0.1:61412 - R:/127.0.0.1:61413] Writing "113. foo bar"
16:32:49.435 [reactor-http-nio-10] DEBUG o.s.c.c.CharSequenceEncoder - [3dbbcab4-1, L:/127.0.0.1:61412 - R:/127.0.0.1:61413] Writing "114. foo bar"
16:32:49.435 [reactor-http-nio-10] DEBUG o.s.c.c.CharSequenceEncoder - [3dbbcab4-1, L:/127.0.0.1:61412 - R:/127.0.0.1:61413] Writing "115. foo bar"
16:32:49.436 [reactor-http-nio-10] DEBUG o.s.c.c.CharSequenceEncoder - [3dbbcab4-1, L:/127.0.0.1:61412 - R:/127.0.0.1:61413] Writing "116. foo bar"
16:32:49.436 [reactor-http-nio-10] DEBUG o.s.c.c.CharSequenceEncoder - [3dbbcab4-1, L:/127.0.0.1:61412 - R:/127.0.0.1:61413] Writing "117. foo bar"
16:32:49.437 [reactor-http-nio-10] DEBUG o.s.c.c.CharSequenceEncoder - [3dbbcab4-1, L:/127.0.0.1:61412 - R:/127.0.0.1:61413] Writing "118. foo bar"
16:32:49.437 [reactor-http-nio-10] DEBUG o.s.c.c.CharSequenceEncoder - [3dbbcab4-1, L:/127.0.0.1:61412 - R:/127.0.0.1:61413] Writing "119. foo bar"
16:32:49.438 [reactor-http-nio-10] DEBUG o.s.c.c.CharSequenceEncoder - [3dbbcab4-1, L:/127.0.0.1:61412 - R:/127.0.0.1:61413] Writing "120. foo bar"
16:32:49.438 [reactor-http-nio-10] DEBUG o.s.c.c.CharSequenceEncoder - [3dbbcab4-1, L:/127.0.0.1:61412 - R:/127.0.0.1:61413] Writing "121. foo bar"
16:32:49.439 [reactor-http-nio-10] DEBUG o.s.c.c.CharSequenceEncoder - [3dbbcab4-1, L:/127.0.0.1:61412 - R:/127.0.0.1:61413] Writing "122. foo bar"
16:32:49.439 [reactor-http-nio-10] DEBUG o.s.c.c.CharSequenceEncoder - [3dbbcab4-1, L:/127.0.0.1:61412 - R:/127.0.0.1:61413] Writing "123. foo bar"
16:32:49.440 [reactor-http-nio-10] DEBUG o.s.c.c.CharSequenceEncoder - [3dbbcab4-1, L:/127.0.0.1:61412 - R:/127.0.0.1:61413] Writing "124. foo bar"
16:32:49.441 [reactor-http-nio-10] DEBUG o.s.c.c.CharSequenceEncoder - [3dbbcab4-1, L:/127.0.0.1:61412 - R:/127.0.0.1:61413] Writing "125. foo bar"
16:32:49.442 [reactor-http-nio-10] DEBUG o.s.c.c.CharSequenceEncoder - [3dbbcab4-1, L:/127.0.0.1:61412 - R:/127.0.0.1:61413] Writing "126. foo bar"
16:32:49.442 [reactor-http-nio-10] DEBUG o.s.c.c.CharSequenceEncoder - [3dbbcab4-1, L:/127.0.0.1:61412 - R:/127.0.0.1:61413] Writing "127. foo bar"
16:32:49.443 [reactor-http-nio-10] DEBUG o.s.c.c.CharSequenceEncoder - [3dbbcab4-1, L:/127.0.0.1:61412 - R:/127.0.0.1:61413] Writing "128. foo bar"
16:32:49.451 [Test worker] DEBUG o.s.w.c.RestTemplate - Reading to [java.lang.String] as "text/plain;charset=UTF-8"
16:32:49.455 [reactor-http-nio-10] DEBUG o.s.c.c.CharSequenceEncoder - [3dbbcab4-1, L:/127.0.0.1:61412 - R:/127.0.0.1:61413] Writing "129. foo bar"
16:32:49.455 [reactor-http-nio-10] DEBUG o.s.c.c.CharSequenceEncoder - [3dbbcab4-1, L:/127.0.0.1:61412 - R:/127.0.0.1:61413] Writing "130. foo bar"
16:32:49.455 [reactor-http-nio-10] DEBUG o.s.c.c.CharSequenceEncoder - [3dbbcab4-1, L:/127.0.0.1:61412 - R:/127.0.0.1:61413] Writing "131. foo bar"
16:32:49.455 [reactor-http-nio-10] DEBUG o.s.c.c.CharSequenceEncoder - [3dbbcab4-1, L:/127.0.0.1:61412 - R:/127.0.0.1:61413] Writing "132. foo bar"
16:32:49.455 [reactor-http-nio-10] DEBUG o.s.c.c.CharSequenceEncoder - [3dbbcab4-1, L:/127.0.0.1:61412 - R:/127.0.0.1:61413] Writing "133. foo bar"
16:32:49.455 [reactor-http-nio-10] DEBUG o.s.c.c.CharSequenceEncoder - [3dbbcab4-1, L:/127.0.0.1:61412 - R:/127.0.0.1:61413] Writing "134. foo bar"
16:32:49.456 [reactor-http-nio-10] DEBUG o.s.c.c.CharSequenceEncoder - [3dbbcab4-1, L:/127.0.0.1:61412 - R:/127.0.0.1:61413] Writing "135. foo bar"
16:32:49.456 [reactor-http-nio-10] DEBUG o.s.c.c.CharSequenceEncoder - [3dbbcab4-1, L:/127.0.0.1:61412 - R:/127.0.0.1:61413] Writing "136. foo bar"
16:32:49.456 [reactor-http-nio-10] DEBUG o.s.c.c.CharSequenceEncoder - [3dbbcab4-1, L:/127.0.0.1:61412 - R:/127.0.0.1:61413] Writing "137. foo bar"
16:32:49.456 [reactor-http-nio-10] DEBUG o.s.c.c.CharSequenceEncoder - [3dbbcab4-1, L:/127.0.0.1:61412 - R:/127.0.0.1:61413] Writing "138. foo bar"
16:32:49.456 [reactor-http-nio-10] DEBUG o.s.c.c.CharSequenceEncoder - [3dbbcab4-1, L:/127.0.0.1:61412 - R:/127.0.0.1:61413] Writing "139. foo bar"
16:32:49.456 [reactor-http-nio-10] DEBUG o.s.c.c.CharSequenceEncoder - [3dbbcab4-1, L:/127.0.0.1:61412 - R:/127.0.0.1:61413] Writing "140. foo bar"
16:32:49.456 [reactor-http-nio-10] DEBUG o.s.c.c.CharSequenceEncoder - [3dbbcab4-1, L:/127.0.0.1:61412 - R:/127.0.0.1:61413] Writing "141. foo bar"
16:32:49.456 [reactor-http-nio-10] DEBUG o.s.c.c.CharSequenceEncoder - [3dbbcab4-1, L:/127.0.0.1:61412 - R:/127.0.0.1:61413] Writing "142. foo bar"
16:32:49.457 [reactor-http-nio-10] DEBUG o.s.c.c.CharSequenceEncoder - [3dbbcab4-1, L:/127.0.0.1:61412 - R:/127.0.0.1:61413] Writing "143. foo bar"
16:32:49.457 [reactor-http-nio-10] DEBUG o.s.c.c.CharSequenceEncoder - [3dbbcab4-1, L:/127.0.0.1:61412 - R:/127.0.0.1:61413] Writing "144. foo bar"
16:32:49.457 [reactor-http-nio-10] DEBUG o.s.c.c.CharSequenceEncoder - [3dbbcab4-1, L:/127.0.0.1:61412 - R:/127.0.0.1:61413] Writing "145. foo bar"
16:32:49.457 [reactor-http-nio-10] DEBUG o.s.c.c.CharSequenceEncoder - [3dbbcab4-1, L:/127.0.0.1:61412 - R:/127.0.0.1:61413] Writing "146. foo bar"
16:32:49.457 [reactor-http-nio-10] DEBUG o.s.c.c.CharSequenceEncoder - [3dbbcab4-1, L:/127.0.0.1:61412 - R:/127.0.0.1:61413] Writing "147. foo bar"
16:32:49.457 [reactor-http-nio-10] DEBUG o.s.c.c.CharSequenceEncoder - [3dbbcab4-1, L:/127.0.0.1:61412 - R:/127.0.0.1:61413] Writing "148. foo bar"
16:32:49.457 [reactor-http-nio-10] DEBUG o.s.c.c.CharSequenceEncoder - [3dbbcab4-1, L:/127.0.0.1:61412 - R:/127.0.0.1:61413] Writing "149. foo bar"
16:32:49.457 [reactor-http-nio-10] DEBUG o.s.c.c.CharSequenceEncoder - [3dbbcab4-1, L:/127.0.0.1:61412 - R:/127.0.0.1:61413] Writing "150. foo bar"
16:32:49.457 [reactor-http-nio-10] DEBUG o.s.c.c.CharSequenceEncoder - [3dbbcab4-1, L:/127.0.0.1:61412 - R:/127.0.0.1:61413] Writing "151. foo bar"
16:32:49.457 [reactor-http-nio-10] DEBUG o.s.c.c.CharSequenceEncoder - [3dbbcab4-1, L:/127.0.0.1:61412 - R:/127.0.0.1:61413] Writing "152. foo bar"
16:32:49.458 [reactor-http-nio-10] DEBUG o.s.c.c.CharSequenceEncoder - [3dbbcab4-1, L:/127.0.0.1:61412 - R:/127.0.0.1:61413] Writing "153. foo bar"
16:32:49.458 [reactor-http-nio-10] DEBUG o.s.c.c.CharSequenceEncoder - [3dbbcab4-1, L:/127.0.0.1:61412 - R:/127.0.0.1:61413] Writing "154. foo bar"
16:32:49.458 [reactor-http-nio-10] DEBUG o.s.c.c.CharSequenceEncoder - [3dbbcab4-1, L:/127.0.0.1:61412 - R:/127.0.0.1:61413] Writing "155. foo bar"
16:32:49.458 [reactor-http-nio-10] DEBUG o.s.c.c.CharSequenceEncoder - [3dbbcab4-1, L:/127.0.0.1:61412 - R:/127.0.0.1:61413] Writing "156. foo bar"
16:32:49.458 [reactor-http-nio-10] DEBUG o.s.c.c.CharSequenceEncoder - [3dbbcab4-1, L:/127.0.0.1:61412 - R:/127.0.0.1:61413] Writing "157. foo bar"
16:32:49.458 [reactor-http-nio-10] DEBUG o.s.c.c.CharSequenceEncoder - [3dbbcab4-1, L:/127.0.0.1:61412 - R:/127.0.0.1:61413] Writing "158. foo bar"
16:32:49.458 [reactor-http-nio-10] DEBUG o.s.c.c.CharSequenceEncoder - [3dbbcab4-1, L:/127.0.0.1:61412 - R:/127.0.0.1:61413] Writing "159. foo bar"
16:32:49.458 [reactor-http-nio-10] DEBUG o.s.c.c.CharSequenceEncoder - [3dbbcab4-1, L:/127.0.0.1:61412 - R:/127.0.0.1:61413] Writing "160. foo bar"
16:32:49.458 [reactor-http-nio-10] DEBUG o.s.c.c.CharSequenceEncoder - [3dbbcab4-1, L:/127.0.0.1:61412 - R:/127.0.0.1:61413] Writing "161. foo bar"
16:32:49.459 [reactor-http-nio-10] DEBUG o.s.c.c.CharSequenceEncoder - [3dbbcab4-1, L:/127.0.0.1:61412 - R:/127.0.0.1:61413] Writing "162. foo bar"
16:32:49.459 [reactor-http-nio-10] DEBUG o.s.c.c.CharSequenceEncoder - [3dbbcab4-1, L:/127.0.0.1:61412 - R:/127.0.0.1:61413] Writing "163. foo bar"
16:32:49.459 [reactor-http-nio-10] DEBUG o.s.c.c.CharSequenceEncoder - [3dbbcab4-1, L:/127.0.0.1:61412 - R:/127.0.0.1:61413] Writing "164. foo bar"
16:32:49.459 [reactor-http-nio-10] DEBUG o.s.c.c.CharSequenceEncoder - [3dbbcab4-1, L:/127.0.0.1:61412 - R:/127.0.0.1:61413] Writing "165. foo bar"
16:32:49.459 [reactor-http-nio-10] DEBUG o.s.c.c.CharSequenceEncoder - [3dbbcab4-1, L:/127.0.0.1:61412 - R:/127.0.0.1:61413] Writing "166. foo bar"
16:32:49.459 [reactor-http-nio-10] DEBUG o.s.c.c.CharSequenceEncoder - [3dbbcab4-1, L:/127.0.0.1:61412 - R:/127.0.0.1:61413] Writing "167. foo bar"
16:32:49.459 [reactor-http-nio-10] DEBUG o.s.c.c.CharSequenceEncoder - [3dbbcab4-1, L:/127.0.0.1:61412 - R:/127.0.0.1:61413] Writing "168. foo bar"
16:32:49.459 [reactor-http-nio-10] DEBUG o.s.c.c.CharSequenceEncoder - [3dbbcab4-1, L:/127.0.0.1:61412 - R:/127.0.0.1:61413] Writing "169. foo bar"
16:32:49.459 [reactor-http-nio-10] DEBUG o.s.c.c.CharSequenceEncoder - [3dbbcab4-1, L:/127.0.0.1:61412 - R:/127.0.0.1:61413] Writing "170. foo bar"
16:32:49.459 [reactor-http-nio-10] DEBUG o.s.c.c.CharSequenceEncoder - [3dbbcab4-1, L:/127.0.0.1:61412 - R:/127.0.0.1:61413] Writing "171. foo bar"
16:32:49.459 [reactor-http-nio-10] DEBUG o.s.c.c.CharSequenceEncoder - [3dbbcab4-1, L:/127.0.0.1:61412 - R:/127.0.0.1:61413] Writing "172. foo bar"
16:32:49.460 [reactor-http-nio-10] DEBUG o.s.c.c.CharSequenceEncoder - [3dbbcab4-1, L:/127.0.0.1:61412 - R:/127.0.0.1:61413] Writing "173. foo bar"
16:32:49.460 [reactor-http-nio-10] DEBUG o.s.c.c.CharSequenceEncoder - [3dbbcab4-1, L:/127.0.0.1:61412 - R:/127.0.0.1:61413] Writing "174. foo bar"
16:32:49.460 [reactor-http-nio-10] DEBUG o.s.c.c.CharSequenceEncoder - [3dbbcab4-1, L:/127.0.0.1:61412 - R:/127.0.0.1:61413] Writing "175. foo bar"
16:32:49.460 [reactor-http-nio-10] DEBUG o.s.c.c.CharSequenceEncoder - [3dbbcab4-1, L:/127.0.0.1:61412 - R:/127.0.0.1:61413] Writing "176. foo bar"
16:32:49.460 [reactor-http-nio-10] DEBUG o.s.c.c.CharSequenceEncoder - [3dbbcab4-1, L:/127.0.0.1:61412 - R:/127.0.0.1:61413] Writing "177. foo bar"
16:32:49.460 [reactor-http-nio-10] DEBUG o.s.c.c.CharSequenceEncoder - [3dbbcab4-1, L:/127.0.0.1:61412 - R:/127.0.0.1:61413] Writing "178. foo bar"
16:32:49.460 [reactor-http-nio-10] DEBUG o.s.c.c.CharSequenceEncoder - [3dbbcab4-1, L:/127.0.0.1:61412 - R:/127.0.0.1:61413] Writing "179. foo bar"
16:32:49.460 [reactor-http-nio-10] DEBUG o.s.c.c.CharSequenceEncoder - [3dbbcab4-1, L:/127.0.0.1:61412 - R:/127.0.0.1:61413] Writing "180. foo bar"
16:32:49.460 [reactor-http-nio-10] DEBUG o.s.c.c.CharSequenceEncoder - [3dbbcab4-1, L:/127.0.0.1:61412 - R:/127.0.0.1:61413] Writing "181. foo bar"
16:32:49.460 [reactor-http-nio-10] DEBUG o.s.c.c.CharSequenceEncoder - [3dbbcab4-1, L:/127.0.0.1:61412 - R:/127.0.0.1:61413] Writing "182. foo bar"
16:32:49.460 [reactor-http-nio-10] DEBUG o.s.c.c.CharSequenceEncoder - [3dbbcab4-1, L:/127.0.0.1:61412 - R:/127.0.0.1:61413] Writing "183. foo bar"
16:32:49.461 [reactor-http-nio-10] DEBUG o.s.c.c.CharSequenceEncoder - [3dbbcab4-1, L:/127.0.0.1:61412 - R:/127.0.0.1:61413] Writing "184. foo bar"
16:32:49.461 [reactor-http-nio-10] DEBUG o.s.c.c.CharSequenceEncoder - [3dbbcab4-1, L:/127.0.0.1:61412 - R:/127.0.0.1:61413] Writing "185. foo bar"
16:32:49.461 [reactor-http-nio-10] DEBUG o.s.c.c.CharSequenceEncoder - [3dbbcab4-1, L:/127.0.0.1:61412 - R:/127.0.0.1:61413] Writing "186. foo bar"
16:32:49.461 [reactor-http-nio-10] DEBUG o.s.c.c.CharSequenceEncoder - [3dbbcab4-1, L:/127.0.0.1:61412 - R:/127.0.0.1:61413] Writing "187. foo bar"
16:32:49.461 [reactor-http-nio-10] DEBUG o.s.c.c.CharSequenceEncoder - [3dbbcab4-1, L:/127.0.0.1:61412 - R:/127.0.0.1:61413] Writing "188. foo bar"
16:32:49.461 [reactor-http-nio-10] DEBUG o.s.c.c.CharSequenceEncoder - [3dbbcab4-1, L:/127.0.0.1:61412 - R:/127.0.0.1:61413] Writing "189. foo bar"
16:32:49.461 [reactor-http-nio-10] DEBUG o.s.c.c.CharSequenceEncoder - [3dbbcab4-1, L:/127.0.0.1:61412 - R:/127.0.0.1:61413] Writing "190. foo bar"
16:32:49.462 [reactor-http-nio-10] DEBUG o.s.c.c.CharSequenceEncoder - [3dbbcab4-1, L:/127.0.0.1:61412 - R:/127.0.0.1:61413] Writing "191. foo bar"
16:32:49.462 [reactor-http-nio-10] DEBUG o.s.c.c.CharSequenceEncoder - [3dbbcab4-1, L:/127.0.0.1:61412 - R:/127.0.0.1:61413] Writing "192. foo bar"
16:32:49.479 [reactor-http-nio-10] DEBUG o.s.c.c.CharSequenceEncoder - [3dbbcab4-1, L:/127.0.0.1:61412 - R:/127.0.0.1:61413] Writing "193. foo bar"
16:32:49.479 [reactor-http-nio-10] DEBUG o.s.c.c.CharSequenceEncoder - [3dbbcab4-1, L:/127.0.0.1:61412 - R:/127.0.0.1:61413] Writing "194. foo bar"
16:32:49.479 [reactor-http-nio-10] DEBUG o.s.c.c.CharSequenceEncoder - [3dbbcab4-1, L:/127.0.0.1:61412 - R:/127.0.0.1:61413] Writing "195. foo bar"
16:32:49.479 [reactor-http-nio-10] DEBUG o.s.c.c.CharSequenceEncoder - [3dbbcab4-1, L:/127.0.0.1:61412 - R:/127.0.0.1:61413] Writing "196. foo bar"
16:32:49.479 [reactor-http-nio-10] DEBUG o.s.c.c.CharSequenceEncoder - [3dbbcab4-1, L:/127.0.0.1:61412 - R:/127.0.0.1:61413] Writing "197. foo bar"
16:32:49.479 [reactor-http-nio-10] DEBUG o.s.c.c.CharSequenceEncoder - [3dbbcab4-1, L:/127.0.0.1:61412 - R:/127.0.0.1:61413] Writing "198. foo bar"
16:32:49.480 [reactor-http-nio-10] DEBUG o.s.c.c.CharSequenceEncoder - [3dbbcab4-1, L:/127.0.0.1:61412 - R:/127.0.0.1:61413] Writing "199. foo bar"
16:32:49.480 [reactor-http-nio-10] DEBUG o.s.c.c.CharSequenceEncoder - [3dbbcab4-1, L:/127.0.0.1:61412 - R:/127.0.0.1:61413] Writing "200. foo bar"
16:32:49.480 [reactor-http-nio-10] DEBUG o.s.c.c.CharSequenceEncoder - [3dbbcab4-1, L:/127.0.0.1:61412 - R:/127.0.0.1:61413] Writing "201. foo bar"
16:32:49.480 [reactor-http-nio-10] DEBUG o.s.c.c.CharSequenceEncoder - [3dbbcab4-1, L:/127.0.0.1:61412 - R:/127.0.0.1:61413] Writing "202. foo bar"
16:32:49.480 [reactor-http-nio-10] DEBUG o.s.c.c.CharSequenceEncoder - [3dbbcab4-1, L:/127.0.0.1:61412 - R:/127.0.0.1:61413] Writing "203. foo bar"
16:32:49.480 [reactor-http-nio-10] DEBUG o.s.c.c.CharSequenceEncoder - [3dbbcab4-1, L:/127.0.0.1:61412 - R:/127.0.0.1:61413] Writing "204. foo bar"
16:32:49.480 [reactor-http-nio-10] DEBUG o.s.c.c.CharSequenceEncoder - [3dbbcab4-1, L:/127.0.0.1:61412 - R:/127.0.0.1:61413] Writing "205. foo bar"
16:32:49.480 [reactor-http-nio-10] DEBUG o.s.c.c.CharSequenceEncoder - [3dbbcab4-1, L:/127.0.0.1:61412 - R:/127.0.0.1:61413] Writing "206. foo bar"
16:32:49.480 [reactor-http-nio-10] DEBUG o.s.c.c.CharSequenceEncoder - [3dbbcab4-1, L:/127.0.0.1:61412 - R:/127.0.0.1:61413] Writing "207. foo bar"
16:32:49.480 [reactor-http-nio-10] DEBUG o.s.c.c.CharSequenceEncoder - [3dbbcab4-1, L:/127.0.0.1:61412 - R:/127.0.0.1:61413] Writing "208. foo bar"
16:32:49.480 [reactor-http-nio-10] DEBUG o.s.c.c.CharSequenceEncoder - [3dbbcab4-1, L:/127.0.0.1:61412 - R:/127.0.0.1:61413] Writing "209. foo bar"
16:32:49.481 [reactor-http-nio-10] DEBUG o.s.c.c.CharSequenceEncoder - [3dbbcab4-1, L:/127.0.0.1:61412 - R:/127.0.0.1:61413] Writing "210. foo bar"
16:32:49.481 [reactor-http-nio-10] DEBUG o.s.c.c.CharSequenceEncoder - [3dbbcab4-1, L:/127.0.0.1:61412 - R:/127.0.0.1:61413] Writing "211. foo bar"
16:32:49.481 [reactor-http-nio-10] DEBUG o.s.c.c.CharSequenceEncoder - [3dbbcab4-1, L:/127.0.0.1:61412 - R:/127.0.0.1:61413] Writing "212. foo bar"
16:32:49.481 [reactor-http-nio-10] DEBUG o.s.c.c.CharSequenceEncoder - [3dbbcab4-1, L:/127.0.0.1:61412 - R:/127.0.0.1:61413] Writing "213. foo bar"
16:32:49.481 [reactor-http-nio-10] DEBUG o.s.c.c.CharSequenceEncoder - [3dbbcab4-1, L:/127.0.0.1:61412 - R:/127.0.0.1:61413] Writing "214. foo bar"
16:32:49.481 [reactor-http-nio-10] DEBUG o.s.c.c.CharSequenceEncoder - [3dbbcab4-1, L:/127.0.0.1:61412 - R:/127.0.0.1:61413] Writing "215. foo bar"
16:32:49.481 [reactor-http-nio-10] DEBUG o.s.c.c.CharSequenceEncoder - [3dbbcab4-1, L:/127.0.0.1:61412 - R:/127.0.0.1:61413] Writing "216. foo bar"
16:32:49.481 [reactor-http-nio-10] DEBUG o.s.c.c.CharSequenceEncoder - [3dbbcab4-1, L:/127.0.0.1:61412 - R:/127.0.0.1:61413] Writing "217. foo bar"
16:32:49.481 [reactor-http-nio-10] DEBUG o.s.c.c.CharSequenceEncoder - [3dbbcab4-1, L:/127.0.0.1:61412 - R:/127.0.0.1:61413] Writing "218. foo bar"
16:32:49.481 [reactor-http-nio-10] DEBUG o.s.c.c.CharSequenceEncoder - [3dbbcab4-1, L:/127.0.0.1:61412 - R:/127.0.0.1:61413] Writing "219. foo bar"
16:32:49.482 [reactor-http-nio-10] DEBUG o.s.c.c.CharSequenceEncoder - [3dbbcab4-1, L:/127.0.0.1:61412 - R:/127.0.0.1:61413] Writing "220. foo bar"
16:32:49.482 [reactor-http-nio-10] DEBUG o.s.c.c.CharSequenceEncoder - [3dbbcab4-1, L:/127.0.0.1:61412 - R:/127.0.0.1:61413] Writing "221. foo bar"
16:32:49.482 [reactor-http-nio-10] DEBUG o.s.c.c.CharSequenceEncoder - [3dbbcab4-1, L:/127.0.0.1:61412 - R:/127.0.0.1:61413] Writing "222. foo bar"
16:32:49.482 [reactor-http-nio-10] DEBUG o.s.c.c.CharSequenceEncoder - [3dbbcab4-1, L:/127.0.0.1:61412 - R:/127.0.0.1:61413] Writing "223. foo bar"
16:32:49.482 [reactor-http-nio-10] DEBUG o.s.c.c.CharSequenceEncoder - [3dbbcab4-1, L:/127.0.0.1:61412 - R:/127.0.0.1:61413] Writing "224. foo bar"
16:32:49.482 [reactor-http-nio-10] DEBUG o.s.c.c.CharSequenceEncoder - [3dbbcab4-1, L:/127.0.0.1:61412 - R:/127.0.0.1:61413] Writing "225. foo bar"
16:32:49.482 [reactor-http-nio-10] DEBUG o.s.c.c.CharSequenceEncoder - [3dbbcab4-1, L:/127.0.0.1:61412 - R:/127.0.0.1:61413] Writing "226. foo bar"
16:32:49.482 [reactor-http-nio-10] DEBUG o.s.c.c.CharSequenceEncoder - [3dbbcab4-1, L:/127.0.0.1:61412 - R:/127.0.0.1:61413] Writing "227. foo bar"
16:32:49.482 [reactor-http-nio-10] DEBUG o.s.c.c.CharSequenceEncoder - [3dbbcab4-1, L:/127.0.0.1:61412 - R:/127.0.0.1:61413] Writing "228. foo bar"
16:32:49.482 [reactor-http-nio-10] DEBUG o.s.c.c.CharSequenceEncoder - [3dbbcab4-1, L:/127.0.0.1:61412 - R:/127.0.0.1:61413] Writing "229. foo bar"
16:32:49.482 [reactor-http-nio-10] DEBUG o.s.c.c.CharSequenceEncoder - [3dbbcab4-1, L:/127.0.0.1:61412 - R:/127.0.0.1:61413] Writing "230. foo bar"
16:32:49.482 [reactor-http-nio-10] DEBUG o.s.c.c.CharSequenceEncoder - [3dbbcab4-1, L:/127.0.0.1:61412 - R:/127.0.0.1:61413] Writing "231. foo bar"
16:32:49.483 [reactor-http-nio-10] DEBUG o.s.c.c.CharSequenceEncoder - [3dbbcab4-1, L:/127.0.0.1:61412 - R:/127.0.0.1:61413] Writing "232. foo bar"
16:32:49.483 [reactor-http-nio-10] DEBUG o.s.c.c.CharSequenceEncoder - [3dbbcab4-1, L:/127.0.0.1:61412 - R:/127.0.0.1:61413] Writing "233. foo bar"
16:32:49.483 [reactor-http-nio-10] DEBUG o.s.c.c.CharSequenceEncoder - [3dbbcab4-1, L:/127.0.0.1:61412 - R:/127.0.0.1:61413] Writing "234. foo bar"
16:32:49.483 [reactor-http-nio-10] DEBUG o.s.c.c.CharSequenceEncoder - [3dbbcab4-1, L:/127.0.0.1:61412 - R:/127.0.0.1:61413] Writing "235. foo bar"
16:32:49.483 [reactor-http-nio-10] DEBUG o.s.c.c.CharSequenceEncoder - [3dbbcab4-1, L:/127.0.0.1:61412 - R:/127.0.0.1:61413] Writing "236. foo bar"
16:32:49.483 [reactor-http-nio-10] DEBUG o.s.c.c.CharSequenceEncoder - [3dbbcab4-1, L:/127.0.0.1:61412 - R:/127.0.0.1:61413] Writing "237. foo bar"
16:32:49.483 [reactor-http-nio-10] DEBUG o.s.c.c.CharSequenceEncoder - [3dbbcab4-1, L:/127.0.0.1:61412 - R:/127.0.0.1:61413] Writing "238. foo bar"
16:32:49.483 [reactor-http-nio-10] DEBUG o.s.c.c.CharSequenceEncoder - [3dbbcab4-1, L:/127.0.0.1:61412 - R:/127.0.0.1:61413] Writing "239. foo bar"
16:32:49.483 [reactor-http-nio-10] DEBUG o.s.c.c.CharSequenceEncoder - [3dbbcab4-1, L:/127.0.0.1:61412 - R:/127.0.0.1:61413] Writing "240. foo bar"
16:32:49.483 [reactor-http-nio-10] DEBUG o.s.c.c.CharSequenceEncoder - [3dbbcab4-1, L:/127.0.0.1:61412 - R:/127.0.0.1:61413] Writing "241. foo bar"
16:32:49.483 [reactor-http-nio-10] DEBUG o.s.c.c.CharSequenceEncoder - [3dbbcab4-1, L:/127.0.0.1:61412 - R:/127.0.0.1:61413] Writing "242. foo bar"
16:32:49.484 [reactor-http-nio-10] DEBUG o.s.c.c.CharSequenceEncoder - [3dbbcab4-1, L:/127.0.0.1:61412 - R:/127.0.0.1:61413] Writing "243. foo bar"
16:32:49.484 [reactor-http-nio-10] DEBUG o.s.c.c.CharSequenceEncoder - [3dbbcab4-1, L:/127.0.0.1:61412 - R:/127.0.0.1:61413] Writing "244. foo bar"
16:32:49.484 [reactor-http-nio-10] DEBUG o.s.c.c.CharSequenceEncoder - [3dbbcab4-1, L:/127.0.0.1:61412 - R:/127.0.0.1:61413] Writing "245. foo bar"
16:32:49.484 [reactor-http-nio-10] DEBUG o.s.c.c.CharSequenceEncoder - [3dbbcab4-1, L:/127.0.0.1:61412 - R:/127.0.0.1:61413] Writing "246. foo bar"
16:32:49.484 [reactor-http-nio-10] DEBUG o.s.c.c.CharSequenceEncoder - [3dbbcab4-1, L:/127.0.0.1:61412 - R:/127.0.0.1:61413] Writing "247. foo bar"
16:32:49.484 [reactor-http-nio-10] DEBUG o.s.c.c.CharSequenceEncoder - [3dbbcab4-1, L:/127.0.0.1:61412 - R:/127.0.0.1:61413] Writing "248. foo bar"
16:32:49.484 [reactor-http-nio-10] DEBUG o.s.c.c.CharSequenceEncoder - [3dbbcab4-1, L:/127.0.0.1:61412 - R:/127.0.0.1:61413] Writing "249. foo bar"
16:32:49.484 [reactor-http-nio-10] DEBUG o.s.c.c.CharSequenceEncoder - [3dbbcab4-1, L:/127.0.0.1:61412 - R:/127.0.0.1:61413] Writing "250. foo bar"
16:32:49.484 [reactor-http-nio-10] DEBUG o.s.c.c.CharSequenceEncoder - [3dbbcab4-1, L:/127.0.0.1:61412 - R:/127.0.0.1:61413] Writing "251. foo bar"
16:32:49.484 [reactor-http-nio-10] DEBUG o.s.c.c.CharSequenceEncoder - [3dbbcab4-1, L:/127.0.0.1:61412 - R:/127.0.0.1:61413] Writing "252. foo bar"
16:32:49.485 [reactor-http-nio-10] DEBUG o.s.c.c.CharSequenceEncoder - [3dbbcab4-1, L:/127.0.0.1:61412 - R:/127.0.0.1:61413] Writing "253. foo bar"
16:32:49.485 [reactor-http-nio-10] DEBUG o.s.c.c.CharSequenceEncoder - [3dbbcab4-1, L:/127.0.0.1:61412 - R:/127.0.0.1:61413] Writing "254. foo bar"
16:32:49.485 [reactor-http-nio-10] DEBUG o.s.c.c.CharSequenceEncoder - [3dbbcab4-1, L:/127.0.0.1:61412 - R:/127.0.0.1:61413] Writing "255. foo bar"
16:32:49.485 [reactor-http-nio-10] DEBUG o.s.c.c.CharSequenceEncoder - [3dbbcab4-1, L:/127.0.0.1:61412 - R:/127.0.0.1:61413] Writing "256. foo bar"
16:32:49.505 [reactor-http-nio-10] DEBUG o.s.c.c.CharSequenceEncoder - [3dbbcab4-1, L:/127.0.0.1:61412 - R:/127.0.0.1:61413] Writing "257. foo bar"
16:32:49.505 [reactor-http-nio-10] DEBUG o.s.c.c.CharSequenceEncoder - [3dbbcab4-1, L:/127.0.0.1:61412 - R:/127.0.0.1:61413] Writing "258. foo bar"
16:32:49.506 [reactor-http-nio-10] DEBUG o.s.c.c.CharSequenceEncoder - [3dbbcab4-1, L:/127.0.0.1:61412 - R:/127.0.0.1:61413] Writing "259. foo bar"
16:32:49.506 [reactor-http-nio-10] DEBUG o.s.c.c.CharSequenceEncoder - [3dbbcab4-1, L:/127.0.0.1:61412 - R:/127.0.0.1:61413] Writing "260. foo bar"
16:32:49.506 [reactor-http-nio-10] DEBUG o.s.c.c.CharSequenceEncoder - [3dbbcab4-1, L:/127.0.0.1:61412 - R:/127.0.0.1:61413] Writing "261. foo bar"
16:32:49.506 [reactor-http-nio-10] DEBUG o.s.c.c.CharSequenceEncoder - [3dbbcab4-1, L:/127.0.0.1:61412 - R:/127.0.0.1:61413] Writing "262. foo bar"
16:32:49.506 [reactor-http-nio-10] DEBUG o.s.c.c.CharSequenceEncoder - [3dbbcab4-1, L:/127.0.0.1:61412 - R:/127.0.0.1:61413] Writing "263. foo bar"
16:32:49.506 [reactor-http-nio-10] DEBUG o.s.c.c.CharSequenceEncoder - [3dbbcab4-1, L:/127.0.0.1:61412 - R:/127.0.0.1:61413] Writing "264. foo bar"
16:32:49.506 [reactor-http-nio-10] DEBUG o.s.c.c.CharSequenceEncoder - [3dbbcab4-1, L:/127.0.0.1:61412 - R:/127.0.0.1:61413] Writing "265. foo bar"
16:32:49.506 [reactor-http-nio-10] DEBUG o.s.c.c.CharSequenceEncoder - [3dbbcab4-1, L:/127.0.0.1:61412 - R:/127.0.0.1:61413] Writing "266. foo bar"
16:32:49.506 [reactor-http-nio-10] DEBUG o.s.c.c.CharSequenceEncoder - [3dbbcab4-1, L:/127.0.0.1:61412 - R:/127.0.0.1:61413] Writing "267. foo bar"
16:32:49.506 [reactor-http-nio-10] DEBUG o.s.c.c.CharSequenceEncoder - [3dbbcab4-1, L:/127.0.0.1:61412 - R:/127.0.0.1:61413] Writing "268. foo bar"
16:32:49.507 [reactor-http-nio-10] DEBUG o.s.c.c.CharSequenceEncoder - [3dbbcab4-1, L:/127.0.0.1:61412 - R:/127.0.0.1:61413] Writing "269. foo bar"
16:32:49.507 [reactor-http-nio-10] DEBUG o.s.c.c.CharSequenceEncoder - [3dbbcab4-1, L:/127.0.0.1:61412 - R:/127.0.0.1:61413] Writing "270. foo bar"
16:32:49.507 [reactor-http-nio-10] DEBUG o.s.c.c.CharSequenceEncoder - [3dbbcab4-1, L:/127.0.0.1:61412 - R:/127.0.0.1:61413] Writing "271. foo bar"
16:32:49.507 [reactor-http-nio-10] DEBUG o.s.c.c.CharSequenceEncoder - [3dbbcab4-1, L:/127.0.0.1:61412 - R:/127.0.0.1:61413] Writing "272. foo bar"
16:32:49.507 [reactor-http-nio-10] DEBUG o.s.c.c.CharSequenceEncoder - [3dbbcab4-1, L:/127.0.0.1:61412 - R:/127.0.0.1:61413] Writing "273. foo bar"
16:32:49.507 [reactor-http-nio-10] DEBUG o.s.c.c.CharSequenceEncoder - [3dbbcab4-1, L:/127.0.0.1:61412 - R:/127.0.0.1:61413] Writing "274. foo bar"
16:32:49.507 [reactor-http-nio-10] DEBUG o.s.c.c.CharSequenceEncoder - [3dbbcab4-1, L:/127.0.0.1:61412 - R:/127.0.0.1:61413] Writing "275. foo bar"
16:32:49.507 [reactor-http-nio-10] DEBUG o.s.c.c.CharSequenceEncoder - [3dbbcab4-1, L:/127.0.0.1:61412 - R:/127.0.0.1:61413] Writing "276. foo bar"
16:32:49.507 [reactor-http-nio-10] DEBUG o.s.c.c.CharSequenceEncoder - [3dbbcab4-1, L:/127.0.0.1:61412 - R:/127.0.0.1:61413] Writing "277. foo bar"
16:32:49.507 [reactor-http-nio-10] DEBUG o.s.c.c.CharSequenceEncoder - [3dbbcab4-1, L:/127.0.0.1:61412 - R:/127.0.0.1:61413] Writing "278. foo bar"
16:32:49.507 [reactor-http-nio-10] DEBUG o.s.c.c.CharSequenceEncoder - [3dbbcab4-1, L:/127.0.0.1:61412 - R:/127.0.0.1:61413] Writing "279. foo bar"
16:32:49.508 [reactor-http-nio-10] DEBUG o.s.c.c.CharSequenceEncoder - [3dbbcab4-1, L:/127.0.0.1:61412 - R:/127.0.0.1:61413] Writing "280. foo bar"
16:32:49.508 [reactor-http-nio-10] DEBUG o.s.c.c.CharSequenceEncoder - [3dbbcab4-1, L:/127.0.0.1:61412 - R:/127.0.0.1:61413] Writing "281. foo bar"
16:32:49.508 [reactor-http-nio-10] DEBUG o.s.c.c.CharSequenceEncoder - [3dbbcab4-1, L:/127.0.0.1:61412 - R:/127.0.0.1:61413] Writing "282. foo bar"
16:32:49.508 [reactor-http-nio-10] DEBUG o.s.c.c.CharSequenceEncoder - [3dbbcab4-1, L:/127.0.0.1:61412 - R:/127.0.0.1:61413] Writing "283. foo bar"
16:32:49.508 [reactor-http-nio-10] DEBUG o.s.c.c.CharSequenceEncoder - [3dbbcab4-1, L:/127.0.0.1:61412 - R:/127.0.0.1:61413] Writing "284. foo bar"
16:32:49.508 [reactor-http-nio-10] DEBUG o.s.c.c.CharSequenceEncoder - [3dbbcab4-1, L:/127.0.0.1:61412 - R:/127.0.0.1:61413] Writing "285. foo bar"
16:32:49.508 [reactor-http-nio-10] DEBUG o.s.c.c.CharSequenceEncoder - [3dbbcab4-1, L:/127.0.0.1:61412 - R:/127.0.0.1:61413] Writing "286. foo bar"
16:32:49.508 [reactor-http-nio-10] DEBUG o.s.c.c.CharSequenceEncoder - [3dbbcab4-1, L:/127.0.0.1:61412 - R:/127.0.0.1:61413] Writing "287. foo bar"
16:32:49.508 [reactor-http-nio-10] DEBUG o.s.c.c.CharSequenceEncoder - [3dbbcab4-1, L:/127.0.0.1:61412 - R:/127.0.0.1:61413] Writing "288. foo bar"
16:32:49.508 [reactor-http-nio-10] DEBUG o.s.c.c.CharSequenceEncoder - [3dbbcab4-1, L:/127.0.0.1:61412 - R:/127.0.0.1:61413] Writing "289. foo bar"
16:32:49.508 [reactor-http-nio-10] DEBUG o.s.c.c.CharSequenceEncoder - [3dbbcab4-1, L:/127.0.0.1:61412 - R:/127.0.0.1:61413] Writing "290. foo bar"
16:32:49.508 [reactor-http-nio-10] DEBUG o.s.c.c.CharSequenceEncoder - [3dbbcab4-1, L:/127.0.0.1:61412 - R:/127.0.0.1:61413] Writing "291. foo bar"
16:32:49.509 [reactor-http-nio-10] DEBUG o.s.c.c.CharSequenceEncoder - [3dbbcab4-1, L:/127.0.0.1:61412 - R:/127.0.0.1:61413] Writing "292. foo bar"
16:32:49.509 [reactor-http-nio-10] DEBUG o.s.c.c.CharSequenceEncoder - [3dbbcab4-1, L:/127.0.0.1:61412 - R:/127.0.0.1:61413] Writing "293. foo bar"
16:32:49.509 [reactor-http-nio-10] DEBUG o.s.c.c.CharSequenceEncoder - [3dbbcab4-1, L:/127.0.0.1:61412 - R:/127.0.0.1:61413] Writing "294. foo bar"
16:32:49.509 [reactor-http-nio-10] DEBUG o.s.c.c.CharSequenceEncoder - [3dbbcab4-1, L:/127.0.0.1:61412 - R:/127.0.0.1:61413] Writing "295. foo bar"
16:32:49.509 [reactor-http-nio-10] DEBUG o.s.c.c.CharSequenceEncoder - [3dbbcab4-1, L:/127.0.0.1:61412 - R:/127.0.0.1:61413] Writing "296. foo bar"
16:32:49.509 [reactor-http-nio-10] DEBUG o.s.c.c.CharSequenceEncoder - [3dbbcab4-1, L:/127.0.0.1:61412 - R:/127.0.0.1:61413] Writing "297. foo bar"
16:32:49.509 [reactor-http-nio-10] DEBUG o.s.c.c.CharSequenceEncoder - [3dbbcab4-1, L:/127.0.0.1:61412 - R:/127.0.0.1:61413] Writing "298. foo bar"
16:32:49.509 [reactor-http-nio-10] DEBUG o.s.c.c.CharSequenceEncoder - [3dbbcab4-1, L:/127.0.0.1:61412 - R:/127.0.0.1:61413] Writing "299. foo bar"
16:32:49.510 [reactor-http-nio-10] DEBUG o.s.c.c.CharSequenceEncoder - [3dbbcab4-1, L:/127.0.0.1:61412 - R:/127.0.0.1:61413] Writing "300. foo bar"
16:32:49.510 [reactor-http-nio-10] DEBUG o.s.c.c.CharSequenceEncoder - [3dbbcab4-1, L:/127.0.0.1:61412 - R:/127.0.0.1:61413] Writing "301. foo bar"
16:32:49.510 [reactor-http-nio-10] DEBUG o.s.c.c.CharSequenceEncoder - [3dbbcab4-1, L:/127.0.0.1:61412 - R:/127.0.0.1:61413] Writing "302. foo bar"
16:32:49.510 [reactor-http-nio-10] DEBUG o.s.c.c.CharSequenceEncoder - [3dbbcab4-1, L:/127.0.0.1:61412 - R:/127.0.0.1:61413] Writing "303. foo bar"
16:32:49.510 [reactor-http-nio-10] DEBUG o.s.c.c.CharSequenceEncoder - [3dbbcab4-1, L:/127.0.0.1:61412 - R:/127.0.0.1:61413] Writing "304. foo bar"
16:32:49.510 [reactor-http-nio-10] DEBUG o.s.c.c.CharSequenceEncoder - [3dbbcab4-1, L:/127.0.0.1:61412 - R:/127.0.0.1:61413] Writing "305. foo bar"
16:32:49.510 [reactor-http-nio-10] DEBUG o.s.c.c.CharSequenceEncoder - [3dbbcab4-1, L:/127.0.0.1:61412 - R:/127.0.0.1:61413] Writing "306. foo bar"
16:32:49.510 [reactor-http-nio-10] DEBUG o.s.c.c.CharSequenceEncoder - [3dbbcab4-1, L:/127.0.0.1:61412 - R:/127.0.0.1:61413] Writing "307. foo bar"
16:32:49.510 [reactor-http-nio-10] DEBUG o.s.c.c.CharSequenceEncoder - [3dbbcab4-1, L:/127.0.0.1:61412 - R:/127.0.0.1:61413] Writing "308. foo bar"
16:32:49.511 [reactor-http-nio-10] DEBUG o.s.c.c.CharSequenceEncoder - [3dbbcab4-1, L:/127.0.0.1:61412 - R:/127.0.0.1:61413] Writing "309. foo bar"
16:32:49.511 [reactor-http-nio-10] DEBUG o.s.c.c.CharSequenceEncoder - [3dbbcab4-1, L:/127.0.0.1:61412 - R:/127.0.0.1:61413] Writing "310. foo bar"
16:32:49.511 [reactor-http-nio-10] DEBUG o.s.c.c.CharSequenceEncoder - [3dbbcab4-1, L:/127.0.0.1:61412 - R:/127.0.0.1:61413] Writing "311. foo bar"
16:32:49.511 [reactor-http-nio-10] DEBUG o.s.c.c.CharSequenceEncoder - [3dbbcab4-1, L:/127.0.0.1:61412 - R:/127.0.0.1:61413] Writing "312. foo bar"
16:32:49.511 [reactor-http-nio-10] DEBUG o.s.c.c.CharSequenceEncoder - [3dbbcab4-1, L:/127.0.0.1:61412 - R:/127.0.0.1:61413] Writing "313. foo bar"
16:32:49.511 [reactor-http-nio-10] DEBUG o.s.c.c.CharSequenceEncoder - [3dbbcab4-1, L:/127.0.0.1:61412 - R:/127.0.0.1:61413] Writing "314. foo bar"
16:32:49.511 [reactor-http-nio-10] DEBUG o.s.c.c.CharSequenceEncoder - [3dbbcab4-1, L:/127.0.0.1:61412 - R:/127.0.0.1:61413] Writing "315. foo bar"
16:32:49.511 [reactor-http-nio-10] DEBUG o.s.c.c.CharSequenceEncoder - [3dbbcab4-1, L:/127.0.0.1:61412 - R:/127.0.0.1:61413] Writing "316. foo bar"
16:32:49.512 [reactor-http-nio-10] DEBUG o.s.c.c.CharSequenceEncoder - [3dbbcab4-1, L:/127.0.0.1:61412 - R:/127.0.0.1:61413] Writing "317. foo bar"
16:32:49.512 [reactor-http-nio-10] DEBUG o.s.c.c.CharSequenceEncoder - [3dbbcab4-1, L:/127.0.0.1:61412 - R:/127.0.0.1:61413] Writing "318. foo bar"
16:32:49.512 [reactor-http-nio-10] DEBUG o.s.c.c.CharSequenceEncoder - [3dbbcab4-1, L:/127.0.0.1:61412 - R:/127.0.0.1:61413] Writing "319. foo bar"
16:32:49.512 [reactor-http-nio-10] DEBUG o.s.c.c.CharSequenceEncoder - [3dbbcab4-1, L:/127.0.0.1:61412 - R:/127.0.0.1:61413] Writing "320. foo bar"
16:32:49.523 [reactor-http-nio-10] DEBUG o.s.c.c.CharSequenceEncoder - [3dbbcab4-1, L:/127.0.0.1:61412 - R:/127.0.0.1:61413] Writing "321. foo bar"
16:32:49.524 [reactor-http-nio-10] DEBUG o.s.c.c.CharSequenceEncoder - [3dbbcab4-1, L:/127.0.0.1:61412 - R:/127.0.0.1:61413] Writing "322. foo bar"
16:32:49.524 [reactor-http-nio-10] DEBUG o.s.c.c.CharSequenceEncoder - [3dbbcab4-1, L:/127.0.0.1:61412 - R:/127.0.0.1:61413] Writing "323. foo bar"
16:32:49.524 [reactor-http-nio-10] DEBUG o.s.c.c.CharSequenceEncoder - [3dbbcab4-1, L:/127.0.0.1:61412 - R:/127.0.0.1:61413] Writing "324. foo bar"
16:32:49.524 [reactor-http-nio-10] DEBUG o.s.c.c.CharSequenceEncoder - [3dbbcab4-1, L:/127.0.0.1:61412 - R:/127.0.0.1:61413] Writing "325. foo bar"
16:32:49.524 [reactor-http-nio-10] DEBUG o.s.c.c.CharSequenceEncoder - [3dbbcab4-1, L:/127.0.0.1:61412 - R:/127.0.0.1:61413] Writing "326. foo bar"
16:32:49.524 [reactor-http-nio-10] DEBUG o.s.c.c.CharSequenceEncoder - [3dbbcab4-1, L:/127.0.0.1:61412 - R:/127.0.0.1:61413] Writing "327. foo bar"
16:32:49.525 [reactor-http-nio-10] DEBUG o.s.c.c.CharSequenceEncoder - [3dbbcab4-1, L:/127.0.0.1:61412 - R:/127.0.0.1:61413] Writing "328. foo bar"
16:32:49.525 [reactor-http-nio-10] DEBUG o.s.c.c.CharSequenceEncoder - [3dbbcab4-1, L:/127.0.0.1:61412 - R:/127.0.0.1:61413] Writing "329. foo bar"
16:32:49.525 [reactor-http-nio-10] DEBUG o.s.c.c.CharSequenceEncoder - [3dbbcab4-1, L:/127.0.0.1:61412 - R:/127.0.0.1:61413] Writing "330. foo bar"
16:32:49.525 [reactor-http-nio-10] DEBUG o.s.c.c.CharSequenceEncoder - [3dbbcab4-1, L:/127.0.0.1:61412 - R:/127.0.0.1:61413] Writing "331. foo bar"
16:32:49.525 [reactor-http-nio-10] DEBUG o.s.c.c.CharSequenceEncoder - [3dbbcab4-1, L:/127.0.0.1:61412 - R:/127.0.0.1:61413] Writing "332. foo bar"
16:32:49.525 [reactor-http-nio-10] DEBUG o.s.c.c.CharSequenceEncoder - [3dbbcab4-1, L:/127.0.0.1:61412 - R:/127.0.0.1:61413] Writing "333. foo bar"
16:32:49.525 [reactor-http-nio-10] DEBUG o.s.c.c.CharSequenceEncoder - [3dbbcab4-1, L:/127.0.0.1:61412 - R:/127.0.0.1:61413] Writing "334. foo bar"
16:32:49.525 [reactor-http-nio-10] DEBUG o.s.c.c.CharSequenceEncoder - [3dbbcab4-1, L:/127.0.0.1:61412 - R:/127.0.0.1:61413] Writing "335. foo bar"
16:32:49.525 [reactor-http-nio-10] DEBUG o.s.c.c.CharSequenceEncoder - [3dbbcab4-1, L:/127.0.0.1:61412 - R:/127.0.0.1:61413] Writing "336. foo bar"
16:32:49.525 [reactor-http-nio-10] DEBUG o.s.c.c.CharSequenceEncoder - [3dbbcab4-1, L:/127.0.0.1:61412 - R:/127.0.0.1:61413] Writing "337. foo bar"
16:32:49.526 [reactor-http-nio-10] DEBUG o.s.c.c.CharSequenceEncoder - [3dbbcab4-1, L:/127.0.0.1:61412 - R:/127.0.0.1:61413] Writing "338. foo bar"
16:32:49.526 [reactor-http-nio-10] DEBUG o.s.c.c.CharSequenceEncoder - [3dbbcab4-1, L:/127.0.0.1:61412 - R:/127.0.0.1:61413] Writing "339. foo bar"
16:32:49.526 [reactor-http-nio-10] DEBUG o.s.c.c.CharSequenceEncoder - [3dbbcab4-1, L:/127.0.0.1:61412 - R:/127.0.0.1:61413] Writing "340. foo bar"
16:32:49.526 [reactor-http-nio-10] DEBUG o.s.c.c.CharSequenceEncoder - [3dbbcab4-1, L:/127.0.0.1:61412 - R:/127.0.0.1:61413] Writing "341. foo bar"
16:32:49.526 [reactor-http-nio-10] DEBUG o.s.c.c.CharSequenceEncoder - [3dbbcab4-1, L:/127.0.0.1:61412 - R:/127.0.0.1:61413] Writing "342. foo bar"
16:32:49.526 [reactor-http-nio-10] DEBUG o.s.c.c.CharSequenceEncoder - [3dbbcab4-1, L:/127.0.0.1:61412 - R:/127.0.0.1:61413] Writing "343. foo bar"
16:32:49.526 [reactor-http-nio-10] DEBUG o.s.c.c.CharSequenceEncoder - [3dbbcab4-1, L:/127.0.0.1:61412 - R:/127.0.0.1:61413] Writing "344. foo bar"
16:32:49.526 [reactor-http-nio-10] DEBUG o.s.c.c.CharSequenceEncoder - [3dbbcab4-1, L:/127.0.0.1:61412 - R:/127.0.0.1:61413] Writing "345. foo bar"
16:32:49.526 [reactor-http-nio-10] DEBUG o.s.c.c.CharSequenceEncoder - [3dbbcab4-1, L:/127.0.0.1:61412 - R:/127.0.0.1:61413] Writing "346. foo bar"
16:32:49.526 [reactor-http-nio-10] DEBUG o.s.c.c.CharSequenceEncoder - [3dbbcab4-1, L:/127.0.0.1:61412 - R:/127.0.0.1:61413] Writing "347. foo bar"
16:32:49.527 [reactor-http-nio-10] DEBUG o.s.c.c.CharSequenceEncoder - [3dbbcab4-1, L:/127.0.0.1:61412 - R:/127.0.0.1:61413] Writing "348. foo bar"
16:32:49.527 [reactor-http-nio-10] DEBUG o.s.c.c.CharSequenceEncoder - [3dbbcab4-1, L:/127.0.0.1:61412 - R:/127.0.0.1:61413] Writing "349. foo bar"
16:32:49.527 [reactor-http-nio-10] DEBUG o.s.c.c.CharSequenceEncoder - [3dbbcab4-1, L:/127.0.0.1:61412 - R:/127.0.0.1:61413] Writing "350. foo bar"
16:32:49.527 [reactor-http-nio-10] DEBUG o.s.c.c.CharSequenceEncoder - [3dbbcab4-1, L:/127.0.0.1:61412 - R:/127.0.0.1:61413] Writing "351. foo bar"
16:32:49.527 [reactor-http-nio-10] DEBUG o.s.c.c.CharSequenceEncoder - [3dbbcab4-1, L:/127.0.0.1:61412 - R:/127.0.0.1:61413] Writing "352. foo bar"
16:32:49.527 [reactor-http-nio-10] DEBUG o.s.c.c.CharSequenceEncoder - [3dbbcab4-1, L:/127.0.0.1:61412 - R:/127.0.0.1:61413] Writing "353. foo bar"
16:32:49.527 [reactor-http-nio-10] DEBUG o.s.c.c.CharSequenceEncoder - [3dbbcab4-1, L:/127.0.0.1:61412 - R:/127.0.0.1:61413] Writing "354. foo bar"
16:32:49.527 [reactor-http-nio-10] DEBUG o.s.c.c.CharSequenceEncoder - [3dbbcab4-1, L:/127.0.0.1:61412 - R:/127.0.0.1:61413] Writing "355. foo bar"
16:32:49.527 [reactor-http-nio-10] DEBUG o.s.c.c.CharSequenceEncoder - [3dbbcab4-1, L:/127.0.0.1:61412 - R:/127.0.0.1:61413] Writing "356. foo bar"
16:32:49.527 [reactor-http-nio-10] DEBUG o.s.c.c.CharSequenceEncoder - [3dbbcab4-1, L:/127.0.0.1:61412 - R:/127.0.0.1:61413] Writing "357. foo bar"
16:32:49.527 [reactor-http-nio-10] DEBUG o.s.c.c.CharSequenceEncoder - [3dbbcab4-1, L:/127.0.0.1:61412 - R:/127.0.0.1:61413] Writing "358. foo bar"
16:32:49.527 [reactor-http-nio-10] DEBUG o.s.c.c.CharSequenceEncoder - [3dbbcab4-1, L:/127.0.0.1:61412 - R:/127.0.0.1:61413] Writing "359. foo bar"
16:32:49.528 [reactor-http-nio-10] DEBUG o.s.c.c.CharSequenceEncoder - [3dbbcab4-1, L:/127.0.0.1:61412 - R:/127.0.0.1:61413] Writing "360. foo bar"
16:32:49.528 [reactor-http-nio-10] DEBUG o.s.c.c.CharSequenceEncoder - [3dbbcab4-1, L:/127.0.0.1:61412 - R:/127.0.0.1:61413] Writing "361. foo bar"
16:32:49.528 [reactor-http-nio-10] DEBUG o.s.c.c.CharSequenceEncoder - [3dbbcab4-1, L:/127.0.0.1:61412 - R:/127.0.0.1:61413] Writing "362. foo bar"
16:32:49.528 [reactor-http-nio-10] DEBUG o.s.c.c.CharSequenceEncoder - [3dbbcab4-1, L:/127.0.0.1:61412 - R:/127.0.0.1:61413] Writing "363. foo bar"
16:32:49.528 [reactor-http-nio-10] DEBUG o.s.c.c.CharSequenceEncoder - [3dbbcab4-1, L:/127.0.0.1:61412 - R:/127.0.0.1:61413] Writing "364. foo bar"
16:32:49.528 [reactor-http-nio-10] DEBUG o.s.c.c.CharSequenceEncoder - [3dbbcab4-1, L:/127.0.0.1:61412 - R:/127.0.0.1:61413] Writing "365. foo bar"
16:32:49.528 [reactor-http-nio-10] DEBUG o.s.c.c.CharSequenceEncoder - [3dbbcab4-1, L:/127.0.0.1:61412 - R:/127.0.0.1:61413] Writing "366. foo bar"
16:32:49.528 [reactor-http-nio-10] DEBUG o.s.c.c.CharSequenceEncoder - [3dbbcab4-1, L:/127.0.0.1:61412 - R:/127.0.0.1:61413] Writing "367. foo bar"
16:32:49.528 [reactor-http-nio-10] DEBUG o.s.c.c.CharSequenceEncoder - [3dbbcab4-1, L:/127.0.0.1:61412 - R:/127.0.0.1:61413] Writing "368. foo bar"
16:32:49.528 [reactor-http-nio-10] DEBUG o.s.c.c.CharSequenceEncoder - [3dbbcab4-1, L:/127.0.0.1:61412 - R:/127.0.0.1:61413] Writing "369. foo bar"
16:32:49.529 [reactor-http-nio-10] DEBUG o.s.c.c.CharSequenceEncoder - [3dbbcab4-1, L:/127.0.0.1:61412 - R:/127.0.0.1:61413] Writing "370. foo bar"
16:32:49.529 [reactor-http-nio-10] DEBUG o.s.c.c.CharSequenceEncoder - [3dbbcab4-1, L:/127.0.0.1:61412 - R:/127.0.0.1:61413] Writing "371. foo bar"
16:32:49.529 [reactor-http-nio-10] DEBUG o.s.c.c.CharSequenceEncoder - [3dbbcab4-1, L:/127.0.0.1:61412 - R:/127.0.0.1:61413] Writing "372. foo bar"
16:32:49.529 [reactor-http-nio-10] DEBUG o.s.c.c.CharSequenceEncoder - [3dbbcab4-1, L:/127.0.0.1:61412 - R:/127.0.0.1:61413] Writing "373. foo bar"
16:32:49.529 [reactor-http-nio-10] DEBUG o.s.c.c.CharSequenceEncoder - [3dbbcab4-1, L:/127.0.0.1:61412 - R:/127.0.0.1:61413] Writing "374. foo bar"
16:32:49.529 [reactor-http-nio-10] DEBUG o.s.c.c.CharSequenceEncoder - [3dbbcab4-1, L:/127.0.0.1:61412 - R:/127.0.0.1:61413] Writing "375. foo bar"
16:32:49.529 [reactor-http-nio-10] DEBUG o.s.c.c.CharSequenceEncoder - [3dbbcab4-1, L:/127.0.0.1:61412 - R:/127.0.0.1:61413] Writing "376. foo bar"
16:32:49.529 [reactor-http-nio-10] DEBUG o.s.c.c.CharSequenceEncoder - [3dbbcab4-1, L:/127.0.0.1:61412 - R:/127.0.0.1:61413] Writing "377. foo bar"
16:32:49.530 [reactor-http-nio-10] DEBUG o.s.c.c.CharSequenceEncoder - [3dbbcab4-1, L:/127.0.0.1:61412 - R:/127.0.0.1:61413] Writing "378. foo bar"
16:32:49.530 [reactor-http-nio-10] DEBUG o.s.c.c.CharSequenceEncoder - [3dbbcab4-1, L:/127.0.0.1:61412 - R:/127.0.0.1:61413] Writing "379. foo bar"
16:32:49.530 [reactor-http-nio-10] DEBUG o.s.c.c.CharSequenceEncoder - [3dbbcab4-1, L:/127.0.0.1:61412 - R:/127.0.0.1:61413] Writing "380. foo bar"
16:32:49.530 [reactor-http-nio-10] DEBUG o.s.c.c.CharSequenceEncoder - [3dbbcab4-1, L:/127.0.0.1:61412 - R:/127.0.0.1:61413] Writing "381. foo bar"
16:32:49.530 [reactor-http-nio-10] DEBUG o.s.c.c.CharSequenceEncoder - [3dbbcab4-1, L:/127.0.0.1:61412 - R:/127.0.0.1:61413] Writing "382. foo bar"
16:32:49.530 [reactor-http-nio-10] DEBUG o.s.c.c.CharSequenceEncoder - [3dbbcab4-1, L:/127.0.0.1:61412 - R:/127.0.0.1:61413] Writing "383. foo bar"
16:32:49.530 [reactor-http-nio-10] DEBUG o.s.c.c.CharSequenceEncoder - [3dbbcab4-1, L:/127.0.0.1:61412 - R:/127.0.0.1:61413] Writing "384. foo bar"
16:32:49.548 [reactor-http-nio-10] DEBUG o.s.c.c.CharSequenceEncoder - [3dbbcab4-1, L:/127.0.0.1:61412 - R:/127.0.0.1:61413] Writing "385. foo bar"
16:32:49.549 [reactor-http-nio-10] DEBUG o.s.c.c.CharSequenceEncoder - [3dbbcab4-1, L:/127.0.0.1:61412 - R:/127.0.0.1:61413] Writing "386. foo bar"
16:32:49.549 [reactor-http-nio-10] DEBUG o.s.c.c.CharSequenceEncoder - [3dbbcab4-1, L:/127.0.0.1:61412 - R:/127.0.0.1:61413] Writing "387. foo bar"
16:32:49.549 [reactor-http-nio-10] DEBUG o.s.c.c.CharSequenceEncoder - [3dbbcab4-1, L:/127.0.0.1:61412 - R:/127.0.0.1:61413] Writing "388. foo bar"
16:32:49.549 [reactor-http-nio-10] DEBUG o.s.c.c.CharSequenceEncoder - [3dbbcab4-1, L:/127.0.0.1:61412 - R:/127.0.0.1:61413] Writing "389. foo bar"
16:32:49.549 [reactor-http-nio-10] DEBUG o.s.c.c.CharSequenceEncoder - [3dbbcab4-1, L:/127.0.0.1:61412 - R:/127.0.0.1:61413] Writing "390. foo bar"
16:32:49.549 [reactor-http-nio-10] DEBUG o.s.c.c.CharSequenceEncoder - [3dbbcab4-1, L:/127.0.0.1:61412 - R:/127.0.0.1:61413] Writing "391. foo bar"
16:32:49.549 [reactor-http-nio-10] DEBUG o.s.c.c.CharSequenceEncoder - [3dbbcab4-1, L:/127.0.0.1:61412 - R:/127.0.0.1:61413] Writing "392. foo bar"
16:32:49.549 [reactor-http-nio-10] DEBUG o.s.c.c.CharSequenceEncoder - [3dbbcab4-1, L:/127.0.0.1:61412 - R:/127.0.0.1:61413] Writing "393. foo bar"
16:32:49.549 [reactor-http-nio-10] DEBUG o.s.c.c.CharSequenceEncoder - [3dbbcab4-1, L:/127.0.0.1:61412 - R:/127.0.0.1:61413] Writing "394. foo bar"
16:32:49.549 [reactor-http-nio-10] DEBUG o.s.c.c.CharSequenceEncoder - [3dbbcab4-1, L:/127.0.0.1:61412 - R:/127.0.0.1:61413] Writing "395. foo bar"
16:32:49.549 [reactor-http-nio-10] DEBUG o.s.c.c.CharSequenceEncoder - [3dbbcab4-1, L:/127.0.0.1:61412 - R:/127.0.0.1:61413] Writing "396. foo bar"
16:32:49.550 [reactor-http-nio-10] DEBUG o.s.c.c.CharSequenceEncoder - [3dbbcab4-1, L:/127.0.0.1:61412 - R:/127.0.0.1:61413] Writing "397. foo bar"
16:32:49.550 [reactor-http-nio-10] DEBUG o.s.c.c.CharSequenceEncoder - [3dbbcab4-1, L:/127.0.0.1:61412 - R:/127.0.0.1:61413] Writing "398. foo bar"
16:32:49.550 [reactor-http-nio-10] DEBUG o.s.c.c.CharSequenceEncoder - [3dbbcab4-1, L:/127.0.0.1:61412 - R:/127.0.0.1:61413] Writing "399. foo bar"
16:32:49.550 [reactor-http-nio-10] DEBUG o.s.c.c.CharSequenceEncoder - [3dbbcab4-1, L:/127.0.0.1:61412 - R:/127.0.0.1:61413] Writing "400. foo bar"
16:32:49.550 [reactor-http-nio-10] DEBUG o.s.c.c.CharSequenceEncoder - [3dbbcab4-1, L:/127.0.0.1:61412 - R:/127.0.0.1:61413] Writing "401. foo bar"
16:32:49.550 [reactor-http-nio-10] DEBUG o.s.c.c.CharSequenceEncoder - [3dbbcab4-1, L:/127.0.0.1:61412 - R:/127.0.0.1:61413] Writing "402. foo bar"
16:32:49.550 [reactor-http-nio-10] DEBUG o.s.c.c.CharSequenceEncoder - [3dbbcab4-1, L:/127.0.0.1:61412 - R:/127.0.0.1:61413] Writing "403. foo bar"
16:32:49.550 [reactor-http-nio-10] DEBUG o.s.c.c.CharSequenceEncoder - [3dbbcab4-1, L:/127.0.0.1:61412 - R:/127.0.0.1:61413] Writing "404. foo bar"
16:32:49.550 [reactor-http-nio-10] DEBUG o.s.c.c.CharSequenceEncoder - [3dbbcab4-1, L:/127.0.0.1:61412 - R:/127.0.0.1:61413] Writing "405. foo bar"
16:32:49.550 [reactor-http-nio-10] DEBUG o.s.c.c.CharSequenceEncoder - [3dbbcab4-1, L:/127.0.0.1:61412 - R:/127.0.0.1:61413] Writing "406. foo bar"
16:32:49.550 [reactor-http-nio-10] DEBUG o.s.c.c.CharSequenceEncoder - [3dbbcab4-1, L:/127.0.0.1:61412 - R:/127.0.0.1:61413] Writing "407. foo bar"
16:32:49.550 [reactor-http-nio-10] DEBUG o.s.c.c.CharSequenceEncoder - [3dbbcab4-1, L:/127.0.0.1:61412 - R:/127.0.0.1:61413] Writing "408. foo bar"
16:32:49.551 [reactor-http-nio-10] DEBUG o.s.c.c.CharSequenceEncoder - [3dbbcab4-1, L:/127.0.0.1:61412 - R:/127.0.0.1:61413] Writing "409. foo bar"
16:32:49.551 [reactor-http-nio-10] DEBUG o.s.c.c.CharSequenceEncoder - [3dbbcab4-1, L:/127.0.0.1:61412 - R:/127.0.0.1:61413] Writing "410. foo bar"
16:32:49.551 [reactor-http-nio-10] DEBUG o.s.c.c.CharSequenceEncoder - [3dbbcab4-1, L:/127.0.0.1:61412 - R:/127.0.0.1:61413] Writing "411. foo bar"
16:32:49.551 [reactor-http-nio-10] DEBUG o.s.c.c.CharSequenceEncoder - [3dbbcab4-1, L:/127.0.0.1:61412 - R:/127.0.0.1:61413] Writing "412. foo bar"
16:32:49.551 [reactor-http-nio-10] DEBUG o.s.c.c.CharSequenceEncoder - [3dbbcab4-1, L:/127.0.0.1:61412 - R:/127.0.0.1:61413] Writing "413. foo bar"
16:32:49.551 [reactor-http-nio-10] DEBUG o.s.c.c.CharSequenceEncoder - [3dbbcab4-1, L:/127.0.0.1:61412 - R:/127.0.0.1:61413] Writing "414. foo bar"
16:32:49.551 [reactor-http-nio-10] DEBUG o.s.c.c.CharSequenceEncoder - [3dbbcab4-1, L:/127.0.0.1:61412 - R:/127.0.0.1:61413] Writing "415. foo bar"
16:32:49.551 [reactor-http-nio-10] DEBUG o.s.c.c.CharSequenceEncoder - [3dbbcab4-1, L:/127.0.0.1:61412 - R:/127.0.0.1:61413] Writing "416. foo bar"
16:32:49.551 [reactor-http-nio-10] DEBUG o.s.c.c.CharSequenceEncoder - [3dbbcab4-1, L:/127.0.0.1:61412 - R:/127.0.0.1:61413] Writing "417. foo bar"
16:32:49.551 [reactor-http-nio-10] DEBUG o.s.c.c.CharSequenceEncoder - [3dbbcab4-1, L:/127.0.0.1:61412 - R:/127.0.0.1:61413] Writing "418. foo bar"
16:32:49.551 [reactor-http-nio-10] DEBUG o.s.c.c.CharSequenceEncoder - [3dbbcab4-1, L:/127.0.0.1:61412 - R:/127.0.0.1:61413] Writing "419. foo bar"
16:32:49.551 [reactor-http-nio-10] DEBUG o.s.c.c.CharSequenceEncoder - [3dbbcab4-1, L:/127.0.0.1:61412 - R:/127.0.0.1:61413] Writing "420. foo bar"
16:32:49.552 [reactor-http-nio-10] DEBUG o.s.c.c.CharSequenceEncoder - [3dbbcab4-1, L:/127.0.0.1:61412 - R:/127.0.0.1:61413] Writing "421. foo bar"
16:32:49.552 [reactor-http-nio-10] DEBUG o.s.c.c.CharSequenceEncoder - [3dbbcab4-1, L:/127.0.0.1:61412 - R:/127.0.0.1:61413] Writing "422. foo bar"
16:32:49.552 [reactor-http-nio-10] DEBUG o.s.c.c.CharSequenceEncoder - [3dbbcab4-1, L:/127.0.0.1:61412 - R:/127.0.0.1:61413] Writing "423. foo bar"
16:32:49.552 [reactor-http-nio-10] DEBUG o.s.c.c.CharSequenceEncoder - [3dbbcab4-1, L:/127.0.0.1:61412 - R:/127.0.0.1:61413] Writing "424. foo bar"
16:32:49.552 [reactor-http-nio-10] DEBUG o.s.c.c.CharSequenceEncoder - [3dbbcab4-1, L:/127.0.0.1:61412 - R:/127.0.0.1:61413] Writing "425. foo bar"
16:32:49.552 [reactor-http-nio-10] DEBUG o.s.c.c.CharSequenceEncoder - [3dbbcab4-1, L:/127.0.0.1:61412 - R:/127.0.0.1:61413] Writing "426. foo bar"
16:32:49.552 [reactor-http-nio-10] DEBUG o.s.c.c.CharSequenceEncoder - [3dbbcab4-1, L:/127.0.0.1:61412 - R:/127.0.0.1:61413] Writing "427. foo bar"
16:32:49.552 [reactor-http-nio-10] DEBUG o.s.c.c.CharSequenceEncoder - [3dbbcab4-1, L:/127.0.0.1:61412 - R:/127.0.0.1:61413] Writing "428. foo bar"
16:32:49.552 [reactor-http-nio-10] DEBUG o.s.c.c.CharSequenceEncoder - [3dbbcab4-1, L:/127.0.0.1:61412 - R:/127.0.0.1:61413] Writing "429. foo bar"
16:32:49.552 [reactor-http-nio-10] DEBUG o.s.c.c.CharSequenceEncoder - [3dbbcab4-1, L:/127.0.0.1:61412 - R:/127.0.0.1:61413] Writing "430. foo bar"
16:32:49.552 [reactor-http-nio-10] DEBUG o.s.c.c.CharSequenceEncoder - [3dbbcab4-1, L:/127.0.0.1:61412 - R:/127.0.0.1:61413] Writing "431. foo bar"
16:32:49.552 [reactor-http-nio-10] DEBUG o.s.c.c.CharSequenceEncoder - [3dbbcab4-1, L:/127.0.0.1:61412 - R:/127.0.0.1:61413] Writing "432. foo bar"
16:32:49.552 [reactor-http-nio-10] DEBUG o.s.c.c.CharSequenceEncoder - [3dbbcab4-1, L:/127.0.0.1:61412 - R:/127.0.0.1:61413] Writing "433. foo bar"
16:32:49.552 [reactor-http-nio-10] DEBUG o.s.c.c.CharSequenceEncoder - [3dbbcab4-1, L:/127.0.0.1:61412 - R:/127.0.0.1:61413] Writing "434. foo bar"
16:32:49.553 [reactor-http-nio-10] DEBUG o.s.c.c.CharSequenceEncoder - [3dbbcab4-1, L:/127.0.0.1:61412 - R:/127.0.0.1:61413] Writing "435. foo bar"
16:32:49.553 [reactor-http-nio-10] DEBUG o.s.c.c.CharSequenceEncoder - [3dbbcab4-1, L:/127.0.0.1:61412 - R:/127.0.0.1:61413] Writing "436. foo bar"
16:32:49.553 [reactor-http-nio-10] DEBUG o.s.c.c.CharSequenceEncoder - [3dbbcab4-1, L:/127.0.0.1:61412 - R:/127.0.0.1:61413] Writing "437. foo bar"
16:32:49.553 [reactor-http-nio-10] DEBUG o.s.c.c.CharSequenceEncoder - [3dbbcab4-1, L:/127.0.0.1:61412 - R:/127.0.0.1:61413] Writing "438. foo bar"
16:32:49.553 [reactor-http-nio-10] DEBUG o.s.c.c.CharSequenceEncoder - [3dbbcab4-1, L:/127.0.0.1:61412 - R:/127.0.0.1:61413] Writing "439. foo bar"
16:32:49.553 [reactor-http-nio-10] DEBUG o.s.c.c.CharSequenceEncoder - [3dbbcab4-1, L:/127.0.0.1:61412 - R:/127.0.0.1:61413] Writing "440. foo bar"
16:32:49.553 [reactor-http-nio-10] DEBUG o.s.c.c.CharSequenceEncoder - [3dbbcab4-1, L:/127.0.0.1:61412 - R:/127.0.0.1:61413] Writing "441. foo bar"
16:32:49.553 [reactor-http-nio-10] DEBUG o.s.c.c.CharSequenceEncoder - [3dbbcab4-1, L:/127.0.0.1:61412 - R:/127.0.0.1:61413] Writing "442. foo bar"
16:32:49.553 [reactor-http-nio-10] DEBUG o.s.c.c.CharSequenceEncoder - [3dbbcab4-1, L:/127.0.0.1:61412 - R:/127.0.0.1:61413] Writing "443. foo bar"
16:32:49.553 [reactor-http-nio-10] DEBUG o.s.c.c.CharSequenceEncoder - [3dbbcab4-1, L:/127.0.0.1:61412 - R:/127.0.0.1:61413] Writing "444. foo bar"
16:32:49.553 [reactor-http-nio-10] DEBUG o.s.c.c.CharSequenceEncoder - [3dbbcab4-1, L:/127.0.0.1:61412 - R:/127.0.0.1:61413] Writing "445. foo bar"
16:32:49.553 [reactor-http-nio-10] DEBUG o.s.c.c.CharSequenceEncoder - [3dbbcab4-1, L:/127.0.0.1:61412 - R:/127.0.0.1:61413] Writing "446. foo bar"
16:32:49.553 [reactor-http-nio-10] DEBUG o.s.c.c.CharSequenceEncoder - [3dbbcab4-1, L:/127.0.0.1:61412 - R:/127.0.0.1:61413] Writing "447. foo bar"
16:32:49.553 [reactor-http-nio-10] DEBUG o.s.c.c.CharSequenceEncoder - [3dbbcab4-1, L:/127.0.0.1:61412 - R:/127.0.0.1:61413] Writing "448. foo bar"
16:32:49.564 [reactor-http-nio-10] DEBUG o.s.c.c.CharSequenceEncoder - [3dbbcab4-1, L:/127.0.0.1:61412 - R:/127.0.0.1:61413] Writing "449. foo bar"
16:32:49.564 [reactor-http-nio-10] DEBUG o.s.c.c.CharSequenceEncoder - [3dbbcab4-1, L:/127.0.0.1:61412 - R:/127.0.0.1:61413] Writing "450. foo bar"
16:32:49.564 [reactor-http-nio-10] DEBUG o.s.c.c.CharSequenceEncoder - [3dbbcab4-1, L:/127.0.0.1:61412 - R:/127.0.0.1:61413] Writing "451. foo bar"
16:32:49.564 [reactor-http-nio-10] DEBUG o.s.c.c.CharSequenceEncoder - [3dbbcab4-1, L:/127.0.0.1:61412 - R:/127.0.0.1:61413] Writing "452. foo bar"
16:32:49.564 [reactor-http-nio-10] DEBUG o.s.c.c.CharSequenceEncoder - [3dbbcab4-1, L:/127.0.0.1:61412 - R:/127.0.0.1:61413] Writing "453. foo bar"
16:32:49.564 [reactor-http-nio-10] DEBUG o.s.c.c.CharSequenceEncoder - [3dbbcab4-1, L:/127.0.0.1:61412 - R:/127.0.0.1:61413] Writing "454. foo bar"
16:32:49.565 [reactor-http-nio-10] DEBUG o.s.c.c.CharSequenceEncoder - [3dbbcab4-1, L:/127.0.0.1:61412 - R:/127.0.0.1:61413] Writing "455. foo bar"
16:32:49.565 [reactor-http-nio-10] DEBUG o.s.c.c.CharSequenceEncoder - [3dbbcab4-1, L:/127.0.0.1:61412 - R:/127.0.0.1:61413] Writing "456. foo bar"
16:32:49.565 [reactor-http-nio-10] DEBUG o.s.c.c.CharSequenceEncoder - [3dbbcab4-1, L:/127.0.0.1:61412 - R:/127.0.0.1:61413] Writing "457. foo bar"
16:32:49.565 [reactor-http-nio-10] DEBUG o.s.c.c.CharSequenceEncoder - [3dbbcab4-1, L:/127.0.0.1:61412 - R:/127.0.0.1:61413] Writing "458. foo bar"
16:32:49.565 [reactor-http-nio-10] DEBUG o.s.c.c.CharSequenceEncoder - [3dbbcab4-1, L:/127.0.0.1:61412 - R:/127.0.0.1:61413] Writing "459. foo bar"
16:32:49.565 [reactor-http-nio-10] DEBUG o.s.c.c.CharSequenceEncoder - [3dbbcab4-1, L:/127.0.0.1:61412 - R:/127.0.0.1:61413] Writing "460. foo bar"
16:32:49.565 [reactor-http-nio-10] DEBUG o.s.c.c.CharSequenceEncoder - [3dbbcab4-1, L:/127.0.0.1:61412 - R:/127.0.0.1:61413] Writing "461. foo bar"
16:32:49.565 [reactor-http-nio-10] DEBUG o.s.c.c.CharSequenceEncoder - [3dbbcab4-1, L:/127.0.0.1:61412 - R:/127.0.0.1:61413] Writing "462. foo bar"
16:32:49.565 [reactor-http-nio-10] DEBUG o.s.c.c.CharSequenceEncoder - [3dbbcab4-1, L:/127.0.0.1:61412 - R:/127.0.0.1:61413] Writing "463. foo bar"
16:32:49.565 [reactor-http-nio-10] DEBUG o.s.c.c.CharSequenceEncoder - [3dbbcab4-1, L:/127.0.0.1:61412 - R:/127.0.0.1:61413] Writing "464. foo bar"
16:32:49.565 [reactor-http-nio-10] DEBUG o.s.c.c.CharSequenceEncoder - [3dbbcab4-1, L:/127.0.0.1:61412 - R:/127.0.0.1:61413] Writing "465. foo bar"
16:32:49.566 [reactor-http-nio-10] DEBUG o.s.c.c.CharSequenceEncoder - [3dbbcab4-1, L:/127.0.0.1:61412 - R:/127.0.0.1:61413] Writing "466. foo bar"
16:32:49.566 [reactor-http-nio-10] DEBUG o.s.c.c.CharSequenceEncoder - [3dbbcab4-1, L:/127.0.0.1:61412 - R:/127.0.0.1:61413] Writing "467. foo bar"
16:32:49.566 [reactor-http-nio-10] DEBUG o.s.c.c.CharSequenceEncoder - [3dbbcab4-1, L:/127.0.0.1:61412 - R:/127.0.0.1:61413] Writing "468. foo bar"
16:32:49.566 [reactor-http-nio-10] DEBUG o.s.c.c.CharSequenceEncoder - [3dbbcab4-1, L:/127.0.0.1:61412 - R:/127.0.0.1:61413] Writing "469. foo bar"
16:32:49.566 [reactor-http-nio-10] DEBUG o.s.c.c.CharSequenceEncoder - [3dbbcab4-1, L:/127.0.0.1:61412 - R:/127.0.0.1:61413] Writing "470. foo bar"
16:32:49.566 [reactor-http-nio-10] DEBUG o.s.c.c.CharSequenceEncoder - [3dbbcab4-1, L:/127.0.0.1:61412 - R:/127.0.0.1:61413] Writing "471. foo bar"
16:32:49.566 [reactor-http-nio-10] DEBUG o.s.c.c.CharSequenceEncoder - [3dbbcab4-1, L:/127.0.0.1:61412 - R:/127.0.0.1:61413] Writing "472. foo bar"
16:32:49.566 [reactor-http-nio-10] DEBUG o.s.c.c.CharSequenceEncoder - [3dbbcab4-1, L:/127.0.0.1:61412 - R:/127.0.0.1:61413] Writing "473. foo bar"
16:32:49.566 [reactor-http-nio-10] DEBUG o.s.c.c.CharSequenceEncoder - [3dbbcab4-1, L:/127.0.0.1:61412 - R:/127.0.0.1:61413] Writing "474. foo bar"
16:32:49.566 [reactor-http-nio-10] DEBUG o.s.c.c.CharSequenceEncoder - [3dbbcab4-1, L:/127.0.0.1:61412 - R:/127.0.0.1:61413] Writing "475. foo bar"
16:32:49.566 [reactor-http-nio-10] DEBUG o.s.c.c.CharSequenceEncoder - [3dbbcab4-1, L:/127.0.0.1:61412 - R:/127.0.0.1:61413] Writing "476. foo bar"
16:32:49.567 [reactor-http-nio-10] DEBUG o.s.c.c.CharSequenceEncoder - [3dbbcab4-1, L:/127.0.0.1:61412 - R:/127.0.0.1:61413] Writing "477. foo bar"
16:32:49.567 [reactor-http-nio-10] DEBUG o.s.c.c.CharSequenceEncoder - [3dbbcab4-1, L:/127.0.0.1:61412 - R:/127.0.0.1:61413] Writing "478. foo bar"
16:32:49.567 [reactor-http-nio-10] DEBUG o.s.c.c.CharSequenceEncoder - [3dbbcab4-1, L:/127.0.0.1:61412 - R:/127.0.0.1:61413] Writing "479. foo bar"
16:32:49.567 [reactor-http-nio-10] DEBUG o.s.c.c.CharSequenceEncoder - [3dbbcab4-1, L:/127.0.0.1:61412 - R:/127.0.0.1:61413] Writing "480. foo bar"
16:32:49.567 [reactor-http-nio-10] DEBUG o.s.c.c.CharSequenceEncoder - [3dbbcab4-1, L:/127.0.0.1:61412 - R:/127.0.0.1:61413] Writing "481. foo bar"
16:32:49.567 [reactor-http-nio-10] DEBUG o.s.c.c.CharSequenceEncoder - [3dbbcab4-1, L:/127.0.0.1:61412 - R:/127.0.0.1:61413] Writing "482. foo bar"
16:32:49.567 [reactor-http-nio-10] DEBUG o.s.c.c.CharSequenceEncoder - [3dbbcab4-1, L:/127.0.0.1:61412 - R:/127.0.0.1:61413] Writing "483. foo bar"
16:32:49.567 [reactor-http-nio-10] DEBUG o.s.c.c.CharSequenceEncoder - [3dbbcab4-1, L:/127.0.0.1:61412 - R:/127.0.0.1:61413] Writing "484. foo bar"
16:32:49.567 [reactor-http-nio-10] DEBUG o.s.c.c.CharSequenceEncoder - [3dbbcab4-1, L:/127.0.0.1:61412 - R:/127.0.0.1:61413] Writing "485. foo bar"
16:32:49.567 [reactor-http-nio-10] DEBUG o.s.c.c.CharSequenceEncoder - [3dbbcab4-1, L:/127.0.0.1:61412 - R:/127.0.0.1:61413] Writing "486. foo bar"
16:32:49.567 [reactor-http-nio-10] DEBUG o.s.c.c.CharSequenceEncoder - [3dbbcab4-1, L:/127.0.0.1:61412 - R:/127.0.0.1:61413] Writing "487. foo bar"
16:32:49.567 [reactor-http-nio-10] DEBUG o.s.c.c.CharSequenceEncoder - [3dbbcab4-1, L:/127.0.0.1:61412 - R:/127.0.0.1:61413] Writing "488. foo bar"
16:32:49.568 [reactor-http-nio-10] DEBUG o.s.c.c.CharSequenceEncoder - [3dbbcab4-1, L:/127.0.0.1:61412 - R:/127.0.0.1:61413] Writing "489. foo bar"
16:32:49.568 [reactor-http-nio-10] DEBUG o.s.c.c.CharSequenceEncoder - [3dbbcab4-1, L:/127.0.0.1:61412 - R:/127.0.0.1:61413] Writing "490. foo bar"
16:32:49.568 [reactor-http-nio-10] DEBUG o.s.c.c.CharSequenceEncoder - [3dbbcab4-1, L:/127.0.0.1:61412 - R:/127.0.0.1:61413] Writing "491. foo bar"
16:32:49.568 [reactor-http-nio-10] DEBUG o.s.c.c.CharSequenceEncoder - [3dbbcab4-1, L:/127.0.0.1:61412 - R:/127.0.0.1:61413] Writing "492. foo bar"
16:32:49.568 [reactor-http-nio-10] DEBUG o.s.c.c.CharSequenceEncoder - [3dbbcab4-1, L:/127.0.0.1:61412 - R:/127.0.0.1:61413] Writing "493. foo bar"
16:32:49.568 [reactor-http-nio-10] DEBUG o.s.c.c.CharSequenceEncoder - [3dbbcab4-1, L:/127.0.0.1:61412 - R:/127.0.0.1:61413] Writing "494. foo bar"
16:32:49.568 [reactor-http-nio-10] DEBUG o.s.c.c.CharSequenceEncoder - [3dbbcab4-1, L:/127.0.0.1:61412 - R:/127.0.0.1:61413] Writing "495. foo bar"
16:32:49.568 [reactor-http-nio-10] DEBUG o.s.c.c.CharSequenceEncoder - [3dbbcab4-1, L:/127.0.0.1:61412 - R:/127.0.0.1:61413] Writing "496. foo bar"
16:32:49.568 [reactor-http-nio-10] DEBUG o.s.c.c.CharSequenceEncoder - [3dbbcab4-1, L:/127.0.0.1:61412 - R:/127.0.0.1:61413] Writing "497. foo bar"
16:32:49.568 [reactor-http-nio-10] DEBUG o.s.c.c.CharSequenceEncoder - [3dbbcab4-1, L:/127.0.0.1:61412 - R:/127.0.0.1:61413] Writing "498. foo bar"
16:32:49.569 [reactor-http-nio-10] DEBUG o.s.c.c.CharSequenceEncoder - [3dbbcab4-1, L:/127.0.0.1:61412 - R:/127.0.0.1:61413] Writing "499. foo bar"
16:32:49.569 [reactor-http-nio-10] DEBUG o.s.c.c.CharSequenceEncoder - [3dbbcab4-1, L:/127.0.0.1:61412 - R:/127.0.0.1:61413] Writing "500. foo bar"
16:32:49.569 [reactor-http-nio-10] DEBUG o.s.c.c.CharSequenceEncoder - [3dbbcab4-1, L:/127.0.0.1:61412 - R:/127.0.0.1:61413] Writing "501. foo bar"
16:32:49.569 [reactor-http-nio-10] DEBUG o.s.c.c.CharSequenceEncoder - [3dbbcab4-1, L:/127.0.0.1:61412 - R:/127.0.0.1:61413] Writing "502. foo bar"
16:32:49.569 [reactor-http-nio-10] DEBUG o.s.c.c.CharSequenceEncoder - [3dbbcab4-1, L:/127.0.0.1:61412 - R:/127.0.0.1:61413] Writing "503. foo bar"
16:32:49.569 [reactor-http-nio-10] DEBUG o.s.c.c.CharSequenceEncoder - [3dbbcab4-1, L:/127.0.0.1:61412 - R:/127.0.0.1:61413] Writing "504. foo bar"
16:32:49.569 [reactor-http-nio-10] DEBUG o.s.c.c.CharSequenceEncoder - [3dbbcab4-1, L:/127.0.0.1:61412 - R:/127.0.0.1:61413] Writing "505. foo bar"
16:32:49.569 [reactor-http-nio-10] DEBUG o.s.c.c.CharSequenceEncoder - [3dbbcab4-1, L:/127.0.0.1:61412 - R:/127.0.0.1:61413] Writing "506. foo bar"
16:32:49.570 [reactor-http-nio-10] DEBUG o.s.c.c.CharSequenceEncoder - [3dbbcab4-1, L:/127.0.0.1:61412 - R:/127.0.0.1:61413] Writing "507. foo bar"
16:32:49.570 [reactor-http-nio-10] DEBUG o.s.c.c.CharSequenceEncoder - [3dbbcab4-1, L:/127.0.0.1:61412 - R:/127.0.0.1:61413] Writing "508. foo bar"
16:32:49.570 [reactor-http-nio-10] DEBUG o.s.c.c.CharSequenceEncoder - [3dbbcab4-1, L:/127.0.0.1:61412 - R:/127.0.0.1:61413] Writing "509. foo bar"
16:32:49.570 [reactor-http-nio-10] DEBUG o.s.c.c.CharSequenceEncoder - [3dbbcab4-1, L:/127.0.0.1:61412 - R:/127.0.0.1:61413] Writing "510. foo bar"
16:32:49.570 [reactor-http-nio-10] DEBUG o.s.c.c.CharSequenceEncoder - [3dbbcab4-1, L:/127.0.0.1:61412 - R:/127.0.0.1:61413] Writing "511. foo bar"
16:32:49.570 [reactor-http-nio-10] DEBUG o.s.c.c.CharSequenceEncoder - [3dbbcab4-1, L:/127.0.0.1:61412 - R:/127.0.0.1:61413] Writing "512. foo bar"
16:32:49.588 [reactor-http-nio-10] DEBUG o.s.c.c.CharSequenceEncoder - [3dbbcab4-1, L:/127.0.0.1:61412 - R:/127.0.0.1:61413] Writing "513. foo bar"
16:32:49.588 [reactor-http-nio-10] DEBUG o.s.c.c.CharSequenceEncoder - [3dbbcab4-1, L:/127.0.0.1:61412 - R:/127.0.0.1:61413] Writing "514. foo bar"
16:32:49.588 [reactor-http-nio-10] DEBUG o.s.c.c.CharSequenceEncoder - [3dbbcab4-1, L:/127.0.0.1:61412 - R:/127.0.0.1:61413] Writing "515. foo bar"
16:32:49.589 [reactor-http-nio-10] DEBUG o.s.c.c.CharSequenceEncoder - [3dbbcab4-1, L:/127.0.0.1:61412 - R:/127.0.0.1:61413] Writing "516. foo bar"
16:32:49.589 [reactor-http-nio-10] DEBUG o.s.c.c.CharSequenceEncoder - [3dbbcab4-1, L:/127.0.0.1:61412 - R:/127.0.0.1:61413] Writing "517. foo bar"
16:32:49.589 [reactor-http-nio-10] DEBUG o.s.c.c.CharSequenceEncoder - [3dbbcab4-1, L:/127.0.0.1:61412 - R:/127.0.0.1:61413] Writing "518. foo bar"
16:32:49.589 [reactor-http-nio-10] DEBUG o.s.c.c.CharSequenceEncoder - [3dbbcab4-1, L:/127.0.0.1:61412 - R:/127.0.0.1:61413] Writing "519. foo bar"
16:32:49.589 [reactor-http-nio-10] DEBUG o.s.c.c.CharSequenceEncoder - [3dbbcab4-1, L:/127.0.0.1:61412 - R:/127.0.0.1:61413] Writing "520. foo bar"
16:32:49.589 [reactor-http-nio-10] DEBUG o.s.c.c.CharSequenceEncoder - [3dbbcab4-1, L:/127.0.0.1:61412 - R:/127.0.0.1:61413] Writing "521. foo bar"
16:32:49.589 [reactor-http-nio-10] DEBUG o.s.c.c.CharSequenceEncoder - [3dbbcab4-1, L:/127.0.0.1:61412 - R:/127.0.0.1:61413] Writing "522. foo bar"
16:32:49.589 [reactor-http-nio-10] DEBUG o.s.c.c.CharSequenceEncoder - [3dbbcab4-1, L:/127.0.0.1:61412 - R:/127.0.0.1:61413] Writing "523. foo bar"
16:32:49.589 [reactor-http-nio-10] DEBUG o.s.c.c.CharSequenceEncoder - [3dbbcab4-1, L:/127.0.0.1:61412 - R:/127.0.0.1:61413] Writing "524. foo bar"
16:32:49.589 [reactor-http-nio-10] DEBUG o.s.c.c.CharSequenceEncoder - [3dbbcab4-1, L:/127.0.0.1:61412 - R:/127.0.0.1:61413] Writing "525. foo bar"
16:32:49.589 [reactor-http-nio-10] DEBUG o.s.c.c.CharSequenceEncoder - [3dbbcab4-1, L:/127.0.0.1:61412 - R:/127.0.0.1:61413] Writing "526. foo bar"
16:32:49.590 [reactor-http-nio-10] DEBUG o.s.c.c.CharSequenceEncoder - [3dbbcab4-1, L:/127.0.0.1:61412 - R:/127.0.0.1:61413] Writing "527. foo bar"
16:32:49.590 [reactor-http-nio-10] DEBUG o.s.c.c.CharSequenceEncoder - [3dbbcab4-1, L:/127.0.0.1:61412 - R:/127.0.0.1:61413] Writing "528. foo bar"
16:32:49.590 [reactor-http-nio-10] DEBUG o.s.c.c.CharSequenceEncoder - [3dbbcab4-1, L:/127.0.0.1:61412 - R:/127.0.0.1:61413] Writing "529. foo bar"
16:32:49.590 [reactor-http-nio-10] DEBUG o.s.c.c.CharSequenceEncoder - [3dbbcab4-1, L:/127.0.0.1:61412 - R:/127.0.0.1:61413] Writing "530. foo bar"
16:32:49.590 [reactor-http-nio-10] DEBUG o.s.c.c.CharSequenceEncoder - [3dbbcab4-1, L:/127.0.0.1:61412 - R:/127.0.0.1:61413] Writing "531. foo bar"
16:32:49.590 [reactor-http-nio-10] DEBUG o.s.c.c.CharSequenceEncoder - [3dbbcab4-1, L:/127.0.0.1:61412 - R:/127.0.0.1:61413] Writing "532. foo bar"
16:32:49.590 [reactor-http-nio-10] DEBUG o.s.c.c.CharSequenceEncoder - [3dbbcab4-1, L:/127.0.0.1:61412 - R:/127.0.0.1:61413] Writing "533. foo bar"
16:32:49.590 [reactor-http-nio-10] DEBUG o.s.c.c.CharSequenceEncoder - [3dbbcab4-1, L:/127.0.0.1:61412 - R:/127.0.0.1:61413] Writing "534. foo bar"
16:32:49.590 [reactor-http-nio-10] DEBUG o.s.c.c.CharSequenceEncoder - [3dbbcab4-1, L:/127.0.0.1:61412 - R:/127.0.0.1:61413] Writing "535. foo bar"
16:32:49.590 [reactor-http-nio-10] DEBUG o.s.c.c.CharSequenceEncoder - [3dbbcab4-1, L:/127.0.0.1:61412 - R:/127.0.0.1:61413] Writing "536. foo bar"
16:32:49.590 [reactor-http-nio-10] DEBUG o.s.c.c.CharSequenceEncoder - [3dbbcab4-1, L:/127.0.0.1:61412 - R:/127.0.0.1:61413] Writing "537. foo bar"
16:32:49.590 [reactor-http-nio-10] DEBUG o.s.c.c.CharSequenceEncoder - [3dbbcab4-1, L:/127.0.0.1:61412 - R:/127.0.0.1:61413] Writing "538. foo bar"
16:32:49.590 [reactor-http-nio-10] DEBUG o.s.c.c.CharSequenceEncoder - [3dbbcab4-1, L:/127.0.0.1:61412 - R:/127.0.0.1:61413] Writing "539. foo bar"
16:32:49.590 [reactor-http-nio-10] DEBUG o.s.c.c.CharSequenceEncoder - [3dbbcab4-1, L:/127.0.0.1:61412 - R:/127.0.0.1:61413] Writing "540. foo bar"
16:32:49.591 [reactor-http-nio-10] DEBUG o.s.c.c.CharSequenceEncoder - [3dbbcab4-1, L:/127.0.0.1:61412 - R:/127.0.0.1:61413] Writing "541. foo bar"
16:32:49.591 [reactor-http-nio-10] DEBUG o.s.c.c.CharSequenceEncoder - [3dbbcab4-1, L:/127.0.0.1:61412 - R:/127.0.0.1:61413] Writing "542. foo bar"
16:32:49.591 [reactor-http-nio-10] DEBUG o.s.c.c.CharSequenceEncoder - [3dbbcab4-1, L:/127.0.0.1:61412 - R:/127.0.0.1:61413] Writing "543. foo bar"
16:32:49.591 [reactor-http-nio-10] DEBUG o.s.c.c.CharSequenceEncoder - [3dbbcab4-1, L:/127.0.0.1:61412 - R:/127.0.0.1:61413] Writing "544. foo bar"
16:32:49.591 [reactor-http-nio-10] DEBUG o.s.c.c.CharSequenceEncoder - [3dbbcab4-1, L:/127.0.0.1:61412 - R:/127.0.0.1:61413] Writing "545. foo bar"
16:32:49.591 [reactor-http-nio-10] DEBUG o.s.c.c.CharSequenceEncoder - [3dbbcab4-1, L:/127.0.0.1:61412 - R:/127.0.0.1:61413] Writing "546. foo bar"
16:32:49.591 [reactor-http-nio-10] DEBUG o.s.c.c.CharSequenceEncoder - [3dbbcab4-1, L:/127.0.0.1:61412 - R:/127.0.0.1:61413] Writing "547. foo bar"
16:32:49.591 [reactor-http-nio-10] DEBUG o.s.c.c.CharSequenceEncoder - [3dbbcab4-1, L:/127.0.0.1:61412 - R:/127.0.0.1:61413] Writing "548. foo bar"
16:32:49.592 [reactor-http-nio-10] DEBUG o.s.c.c.CharSequenceEncoder - [3dbbcab4-1, L:/127.0.0.1:61412 - R:/127.0.0.1:61413] Writing "549. foo bar"
16:32:49.592 [reactor-http-nio-10] DEBUG o.s.c.c.CharSequenceEncoder - [3dbbcab4-1, L:/127.0.0.1:61412 - R:/127.0.0.1:61413] Writing "550. foo bar"
16:32:49.592 [reactor-http-nio-10] DEBUG o.s.c.c.CharSequenceEncoder - [3dbbcab4-1, L:/127.0.0.1:61412 - R:/127.0.0.1:61413] Writing "551. foo bar"
16:32:49.592 [reactor-http-nio-10] DEBUG o.s.c.c.CharSequenceEncoder - [3dbbcab4-1, L:/127.0.0.1:61412 - R:/127.0.0.1:61413] Writing "552. foo bar"
16:32:49.592 [reactor-http-nio-10] DEBUG o.s.c.c.CharSequenceEncoder - [3dbbcab4-1, L:/127.0.0.1:61412 - R:/127.0.0.1:61413] Writing "553. foo bar"
16:32:49.592 [reactor-http-nio-10] DEBUG o.s.c.c.CharSequenceEncoder - [3dbbcab4-1, L:/127.0.0.1:61412 - R:/127.0.0.1:61413] Writing "554. foo bar"
16:32:49.592 [reactor-http-nio-10] DEBUG o.s.c.c.CharSequenceEncoder - [3dbbcab4-1, L:/127.0.0.1:61412 - R:/127.0.0.1:61413] Writing "555. foo bar"
16:32:49.592 [reactor-http-nio-10] DEBUG o.s.c.c.CharSequenceEncoder - [3dbbcab4-1, L:/127.0.0.1:61412 - R:/127.0.0.1:61413] Writing "556. foo bar"
16:32:49.592 [reactor-http-nio-10] DEBUG o.s.c.c.CharSequenceEncoder - [3dbbcab4-1, L:/127.0.0.1:61412 - R:/127.0.0.1:61413] Writing "557. foo bar"
16:32:49.593 [reactor-http-nio-10] DEBUG o.s.c.c.CharSequenceEncoder - [3dbbcab4-1, L:/127.0.0.1:61412 - R:/127.0.0.1:61413] Writing "558. foo bar"
16:32:49.593 [reactor-http-nio-10] DEBUG o.s.c.c.CharSequenceEncoder - [3dbbcab4-1, L:/127.0.0.1:61412 - R:/127.0.0.1:61413] Writing "559. foo bar"
16:32:49.593 [reactor-http-nio-10] DEBUG o.s.c.c.CharSequenceEncoder - [3dbbcab4-1, L:/127.0.0.1:61412 - R:/127.0.0.1:61413] Writing "560. foo bar"
16:32:49.593 [reactor-http-nio-10] DEBUG o.s.c.c.CharSequenceEncoder - [3dbbcab4-1, L:/127.0.0.1:61412 - R:/127.0.0.1:61413] Writing "561. foo bar"
16:32:49.593 [reactor-http-nio-10] DEBUG o.s.c.c.CharSequenceEncoder - [3dbbcab4-1, L:/127.0.0.1:61412 - R:/127.0.0.1:61413] Writing "562. foo bar"
16:32:49.593 [reactor-http-nio-10] DEBUG o.s.c.c.CharSequenceEncoder - [3dbbcab4-1, L:/127.0.0.1:61412 - R:/127.0.0.1:61413] Writing "563. foo bar"
16:32:49.593 [reactor-http-nio-10] DEBUG o.s.c.c.CharSequenceEncoder - [3dbbcab4-1, L:/127.0.0.1:61412 - R:/127.0.0.1:61413] Writing "564. foo bar"
16:32:49.593 [reactor-http-nio-10] DEBUG o.s.c.c.CharSequenceEncoder - [3dbbcab4-1, L:/127.0.0.1:61412 - R:/127.0.0.1:61413] Writing "565. foo bar"
16:32:49.593 [reactor-http-nio-10] DEBUG o.s.c.c.CharSequenceEncoder - [3dbbcab4-1, L:/127.0.0.1:61412 - R:/127.0.0.1:61413] Writing "566. foo bar"
16:32:49.593 [reactor-http-nio-10] DEBUG o.s.c.c.CharSequenceEncoder - [3dbbcab4-1, L:/127.0.0.1:61412 - R:/127.0.0.1:61413] Writing "567. foo bar"
16:32:49.593 [reactor-http-nio-10] DEBUG o.s.c.c.CharSequenceEncoder - [3dbbcab4-1, L:/127.0.0.1:61412 - R:/127.0.0.1:61413] Writing "568. foo bar"
16:32:49.593 [reactor-http-nio-10] DEBUG o.s.c.c.CharSequenceEncoder - [3dbbcab4-1, L:/127.0.0.1:61412 - R:/127.0.0.1:61413] Writing "569. foo bar"
16:32:49.593 [reactor-http-nio-10] DEBUG o.s.c.c.CharSequenceEncoder - [3dbbcab4-1, L:/127.0.0.1:61412 - R:/127.0.0.1:61413] Writing "570. foo bar"
16:32:49.593 [reactor-http-nio-10] DEBUG o.s.c.c.CharSequenceEncoder - [3dbbcab4-1, L:/127.0.0.1:61412 - R:/127.0.0.1:61413] Writing "571. foo bar"
16:32:49.594 [reactor-http-nio-10] DEBUG o.s.c.c.CharSequenceEncoder - [3dbbcab4-1, L:/127.0.0.1:61412 - R:/127.0.0.1:61413] Writing "572. foo bar"
16:32:49.594 [reactor-http-nio-10] DEBUG o.s.c.c.CharSequenceEncoder - [3dbbcab4-1, L:/127.0.0.1:61412 - R:/127.0.0.1:61413] Writing "573. foo bar"
16:32:49.594 [reactor-http-nio-10] DEBUG o.s.c.c.CharSequenceEncoder - [3dbbcab4-1, L:/127.0.0.1:61412 - R:/127.0.0.1:61413] Writing "574. foo bar"
16:32:49.594 [reactor-http-nio-10] DEBUG o.s.c.c.CharSequenceEncoder - [3dbbcab4-1, L:/127.0.0.1:61412 - R:/127.0.0.1:61413] Writing "575. foo bar"
16:32:49.594 [reactor-http-nio-10] DEBUG o.s.c.c.CharSequenceEncoder - [3dbbcab4-1, L:/127.0.0.1:61412 - R:/127.0.0.1:61413] Writing "576. foo bar"
16:32:49.605 [reactor-http-nio-10] DEBUG o.s.c.c.CharSequenceEncoder - [3dbbcab4-1, L:/127.0.0.1:61412 - R:/127.0.0.1:61413] Writing "577. foo bar"
16:32:49.605 [reactor-http-nio-10] DEBUG o.s.c.c.CharSequenceEncoder - [3dbbcab4-1, L:/127.0.0.1:61412 - R:/127.0.0.1:61413] Writing "578. foo bar"
16:32:49.605 [reactor-http-nio-10] DEBUG o.s.c.c.CharSequenceEncoder - [3dbbcab4-1, L:/127.0.0.1:61412 - R:/127.0.0.1:61413] Writing "579. foo bar"
16:32:49.605 [reactor-http-nio-10] DEBUG o.s.c.c.CharSequenceEncoder - [3dbbcab4-1, L:/127.0.0.1:61412 - R:/127.0.0.1:61413] Writing "580. foo bar"
16:32:49.605 [reactor-http-nio-10] DEBUG o.s.c.c.CharSequenceEncoder - [3dbbcab4-1, L:/127.0.0.1:61412 - R:/127.0.0.1:61413] Writing "581. foo bar"
16:32:49.606 [reactor-http-nio-10] DEBUG o.s.c.c.CharSequenceEncoder - [3dbbcab4-1, L:/127.0.0.1:61412 - R:/127.0.0.1:61413] Writing "582. foo bar"
16:32:49.606 [reactor-http-nio-10] DEBUG o.s.c.c.CharSequenceEncoder - [3dbbcab4-1, L:/127.0.0.1:61412 - R:/127.0.0.1:61413] Writing "583. foo bar"
16:32:49.606 [reactor-http-nio-10] DEBUG o.s.c.c.CharSequenceEncoder - [3dbbcab4-1, L:/127.0.0.1:61412 - R:/127.0.0.1:61413] Writing "584. foo bar"
16:32:49.606 [reactor-http-nio-10] DEBUG o.s.c.c.CharSequenceEncoder - [3dbbcab4-1, L:/127.0.0.1:61412 - R:/127.0.0.1:61413] Writing "585. foo bar"
16:32:49.606 [reactor-http-nio-10] DEBUG o.s.c.c.CharSequenceEncoder - [3dbbcab4-1, L:/127.0.0.1:61412 - R:/127.0.0.1:61413] Writing "586. foo bar"
16:32:49.606 [reactor-http-nio-10] DEBUG o.s.c.c.CharSequenceEncoder - [3dbbcab4-1, L:/127.0.0.1:61412 - R:/127.0.0.1:61413] Writing "587. foo bar"
16:32:49.606 [reactor-http-nio-10] DEBUG o.s.c.c.CharSequenceEncoder - [3dbbcab4-1, L:/127.0.0.1:61412 - R:/127.0.0.1:61413] Writing "588. foo bar"
16:32:49.606 [reactor-http-nio-10] DEBUG o.s.c.c.CharSequenceEncoder - [3dbbcab4-1, L:/127.0.0.1:61412 - R:/127.0.0.1:61413] Writing "589. foo bar"
16:32:49.606 [reactor-http-nio-10] DEBUG o.s.c.c.CharSequenceEncoder - [3dbbcab4-1, L:/127.0.0.1:61412 - R:/127.0.0.1:61413] Writing "590. foo bar"
16:32:49.606 [reactor-http-nio-10] DEBUG o.s.c.c.CharSequenceEncoder - [3dbbcab4-1, L:/127.0.0.1:61412 - R:/127.0.0.1:61413] Writing "591. foo bar"
16:32:49.607 [reactor-http-nio-10] DEBUG o.s.c.c.CharSequenceEncoder - [3dbbcab4-1, L:/127.0.0.1:61412 - R:/127.0.0.1:61413] Writing "592. foo bar"
16:32:49.607 [reactor-http-nio-10] DEBUG o.s.c.c.CharSequenceEncoder - [3dbbcab4-1, L:/127.0.0.1:61412 - R:/127.0.0.1:61413] Writing "593. foo bar"
16:32:49.607 [reactor-http-nio-10] DEBUG o.s.c.c.CharSequenceEncoder - [3dbbcab4-1, L:/127.0.0.1:61412 - R:/127.0.0.1:61413] Writing "594. foo bar"
16:32:49.607 [reactor-http-nio-10] DEBUG o.s.c.c.CharSequenceEncoder - [3dbbcab4-1, L:/127.0.0.1:61412 - R:/127.0.0.1:61413] Writing "595. foo bar"
16:32:49.607 [reactor-http-nio-10] DEBUG o.s.c.c.CharSequenceEncoder - [3dbbcab4-1, L:/127.0.0.1:61412 - R:/127.0.0.1:61413] Writing "596. foo bar"
16:32:49.607 [reactor-http-nio-10] DEBUG o.s.c.c.CharSequenceEncoder - [3dbbcab4-1, L:/127.0.0.1:61412 - R:/127.0.0.1:61413] Writing "597. foo bar"
16:32:49.607 [reactor-http-nio-10] DEBUG o.s.c.c.CharSequenceEncoder - [3dbbcab4-1, L:/127.0.0.1:61412 - R:/127.0.0.1:61413] Writing "598. foo bar"
16:32:49.607 [reactor-http-nio-10] DEBUG o.s.c.c.CharSequenceEncoder - [3dbbcab4-1, L:/127.0.0.1:61412 - R:/127.0.0.1:61413] Writing "599. foo bar"
16:32:49.607 [reactor-http-nio-10] DEBUG o.s.c.c.CharSequenceEncoder - [3dbbcab4-1, L:/127.0.0.1:61412 - R:/127.0.0.1:61413] Writing "600. foo bar"
16:32:49.607 [reactor-http-nio-10] DEBUG o.s.c.c.CharSequenceEncoder - [3dbbcab4-1, L:/127.0.0.1:61412 - R:/127.0.0.1:61413] Writing "601. foo bar"
16:32:49.607 [reactor-http-nio-10] DEBUG o.s.c.c.CharSequenceEncoder - [3dbbcab4-1, L:/127.0.0.1:61412 - R:/127.0.0.1:61413] Writing "602. foo bar"
16:32:49.607 [reactor-http-nio-10] DEBUG o.s.c.c.CharSequenceEncoder - [3dbbcab4-1, L:/127.0.0.1:61412 - R:/127.0.0.1:61413] Writing "603. foo bar"
16:32:49.607 [reactor-http-nio-10] DEBUG o.s.c.c.CharSequenceEncoder - [3dbbcab4-1, L:/127.0.0.1:61412 - R:/127.0.0.1:61413] Writing "604. foo bar"
16:32:49.607 [reactor-http-nio-10] DEBUG o.s.c.c.CharSequenceEncoder - [3dbbcab4-1, L:/127.0.0.1:61412 - R:/127.0.0.1:61413] Writing "605. foo bar"
16:32:49.608 [reactor-http-nio-10] DEBUG o.s.c.c.CharSequenceEncoder - [3dbbcab4-1, L:/127.0.0.1:61412 - R:/127.0.0.1:61413] Writing "606. foo bar"
16:32:49.608 [reactor-http-nio-10] DEBUG o.s.c.c.CharSequenceEncoder - [3dbbcab4-1, L:/127.0.0.1:61412 - R:/127.0.0.1:61413] Writing "607. foo bar"
16:32:49.608 [reactor-http-nio-10] DEBUG o.s.c.c.CharSequenceEncoder - [3dbbcab4-1, L:/127.0.0.1:61412 - R:/127.0.0.1:61413] Writing "608. foo bar"
16:32:49.608 [reactor-http-nio-10] DEBUG o.s.c.c.CharSequenceEncoder - [3dbbcab4-1, L:/127.0.0.1:61412 - R:/127.0.0.1:61413] Writing "609. foo bar"
16:32:49.608 [reactor-http-nio-10] DEBUG o.s.c.c.CharSequenceEncoder - [3dbbcab4-1, L:/127.0.0.1:61412 - R:/127.0.0.1:61413] Writing "610. foo bar"
16:32:49.608 [reactor-http-nio-10] DEBUG o.s.c.c.CharSequenceEncoder - [3dbbcab4-1, L:/127.0.0.1:61412 - R:/127.0.0.1:61413] Writing "611. foo bar"
16:32:49.608 [reactor-http-nio-10] DEBUG o.s.c.c.CharSequenceEncoder - [3dbbcab4-1, L:/127.0.0.1:61412 - R:/127.0.0.1:61413] Writing "612. foo bar"
16:32:49.608 [reactor-http-nio-10] DEBUG o.s.c.c.CharSequenceEncoder - [3dbbcab4-1, L:/127.0.0.1:61412 - R:/127.0.0.1:61413] Writing "613. foo bar"
16:32:49.608 [reactor-http-nio-10] DEBUG o.s.c.c.CharSequenceEncoder - [3dbbcab4-1, L:/127.0.0.1:61412 - R:/127.0.0.1:61413] Writing "614. foo bar"
16:32:49.608 [reactor-http-nio-10] DEBUG o.s.c.c.CharSequenceEncoder - [3dbbcab4-1, L:/127.0.0.1:61412 - R:/127.0.0.1:61413] Writing "615. foo bar"
16:32:49.608 [reactor-http-nio-10] DEBUG o.s.c.c.CharSequenceEncoder - [3dbbcab4-1, L:/127.0.0.1:61412 - R:/127.0.0.1:61413] Writing "616. foo bar"
16:32:49.608 [reactor-http-nio-10] DEBUG o.s.c.c.CharSequenceEncoder - [3dbbcab4-1, L:/127.0.0.1:61412 - R:/127.0.0.1:61413] Writing "617. foo bar"
16:32:49.608 [reactor-http-nio-10] DEBUG o.s.c.c.CharSequenceEncoder - [3dbbcab4-1, L:/127.0.0.1:61412 - R:/127.0.0.1:61413] Writing "618. foo bar"
16:32:49.608 [reactor-http-nio-10] DEBUG o.s.c.c.CharSequenceEncoder - [3dbbcab4-1, L:/127.0.0.1:61412 - R:/127.0.0.1:61413] Writing "619. foo bar"
16:32:49.609 [reactor-http-nio-10] DEBUG o.s.c.c.CharSequenceEncoder - [3dbbcab4-1, L:/127.0.0.1:61412 - R:/127.0.0.1:61413] Writing "620. foo bar"
16:32:49.609 [reactor-http-nio-10] DEBUG o.s.c.c.CharSequenceEncoder - [3dbbcab4-1, L:/127.0.0.1:61412 - R:/127.0.0.1:61413] Writing "621. foo bar"
16:32:49.609 [reactor-http-nio-10] DEBUG o.s.c.c.CharSequenceEncoder - [3dbbcab4-1, L:/127.0.0.1:61412 - R:/127.0.0.1:61413] Writing "622. foo bar"
16:32:49.609 [reactor-http-nio-10] DEBUG o.s.c.c.CharSequenceEncoder - [3dbbcab4-1, L:/127.0.0.1:61412 - R:/127.0.0.1:61413] Writing "623. foo bar"
16:32:49.609 [reactor-http-nio-10] DEBUG o.s.c.c.CharSequenceEncoder - [3dbbcab4-1, L:/127.0.0.1:61412 - R:/127.0.0.1:61413] Writing "624. foo bar"
16:32:49.609 [reactor-http-nio-10] DEBUG o.s.c.c.CharSequenceEncoder - [3dbbcab4-1, L:/127.0.0.1:61412 - R:/127.0.0.1:61413] Writing "625. foo bar"
16:32:49.609 [reactor-http-nio-10] DEBUG o.s.c.c.CharSequenceEncoder - [3dbbcab4-1, L:/127.0.0.1:61412 - R:/127.0.0.1:61413] Writing "626. foo bar"
16:32:49.609 [reactor-http-nio-10] DEBUG o.s.c.c.CharSequenceEncoder - [3dbbcab4-1, L:/127.0.0.1:61412 - R:/127.0.0.1:61413] Writing "627. foo bar"
16:32:49.609 [reactor-http-nio-10] DEBUG o.s.c.c.CharSequenceEncoder - [3dbbcab4-1, L:/127.0.0.1:61412 - R:/127.0.0.1:61413] Writing "628. foo bar"
16:32:49.609 [reactor-http-nio-10] DEBUG o.s.c.c.CharSequenceEncoder - [3dbbcab4-1, L:/127.0.0.1:61412 - R:/127.0.0.1:61413] Writing "629. foo bar"
16:32:49.609 [reactor-http-nio-10] DEBUG o.s.c.c.CharSequenceEncoder - [3dbbcab4-1, L:/127.0.0.1:61412 - R:/127.0.0.1:61413] Writing "630. foo bar"
16:32:49.609 [reactor-http-nio-10] DEBUG o.s.c.c.CharSequenceEncoder - [3dbbcab4-1, L:/127.0.0.1:61412 - R:/127.0.0.1:61413] Writing "631. foo bar"
16:32:49.610 [reactor-http-nio-10] DEBUG o.s.c.c.CharSequenceEncoder - [3dbbcab4-1, L:/127.0.0.1:61412 - R:/127.0.0.1:61413] Writing "632. foo bar"
16:32:49.610 [reactor-http-nio-10] DEBUG o.s.c.c.CharSequenceEncoder - [3dbbcab4-1, L:/127.0.0.1:61412 - R:/127.0.0.1:61413] Writing "633. foo bar"
16:32:49.610 [reactor-http-nio-10] DEBUG o.s.c.c.CharSequenceEncoder - [3dbbcab4-1, L:/127.0.0.1:61412 - R:/127.0.0.1:61413] Writing "634. foo bar"
16:32:49.610 [reactor-http-nio-10] DEBUG o.s.c.c.CharSequenceEncoder - [3dbbcab4-1, L:/127.0.0.1:61412 - R:/127.0.0.1:61413] Writing "635. foo bar"
16:32:49.610 [reactor-http-nio-10] DEBUG o.s.c.c.CharSequenceEncoder - [3dbbcab4-1, L:/127.0.0.1:61412 - R:/127.0.0.1:61413] Writing "636. foo bar"
16:32:49.610 [reactor-http-nio-10] DEBUG o.s.c.c.CharSequenceEncoder - [3dbbcab4-1, L:/127.0.0.1:61412 - R:/127.0.0.1:61413] Writing "637. foo bar"
16:32:49.610 [reactor-http-nio-10] DEBUG o.s.c.c.CharSequenceEncoder - [3dbbcab4-1, L:/127.0.0.1:61412 - R:/127.0.0.1:61413] Writing "638. foo bar"
16:32:49.610 [reactor-http-nio-10] DEBUG o.s.c.c.CharSequenceEncoder - [3dbbcab4-1, L:/127.0.0.1:61412 - R:/127.0.0.1:61413] Writing "639. foo bar"
16:32:49.610 [reactor-http-nio-10] DEBUG o.s.c.c.CharSequenceEncoder - [3dbbcab4-1, L:/127.0.0.1:61412 - R:/127.0.0.1:61413] Writing "640. foo bar"
16:32:49.626 [reactor-http-nio-10] DEBUG o.s.c.c.CharSequenceEncoder - [3dbbcab4-1, L:/127.0.0.1:61412 - R:/127.0.0.1:61413] Writing "641. foo bar"
16:32:49.626 [reactor-http-nio-10] DEBUG o.s.c.c.CharSequenceEncoder - [3dbbcab4-1, L:/127.0.0.1:61412 - R:/127.0.0.1:61413] Writing "642. foo bar"
16:32:49.626 [reactor-http-nio-10] DEBUG o.s.c.c.CharSequenceEncoder - [3dbbcab4-1, L:/127.0.0.1:61412 - R:/127.0.0.1:61413] Writing "643. foo bar"
16:32:49.627 [reactor-http-nio-10] DEBUG o.s.c.c.CharSequenceEncoder - [3dbbcab4-1, L:/127.0.0.1:61412 - R:/127.0.0.1:61413] Writing "644. foo bar"
16:32:49.627 [reactor-http-nio-10] DEBUG o.s.c.c.CharSequenceEncoder - [3dbbcab4-1, L:/127.0.0.1:61412 - R:/127.0.0.1:61413] Writing "645. foo bar"
16:32:49.627 [reactor-http-nio-10] DEBUG o.s.c.c.CharSequenceEncoder - [3dbbcab4-1, L:/127.0.0.1:61412 - R:/127.0.0.1:61413] Writing "646. foo bar"
16:32:49.627 [reactor-http-nio-10] DEBUG o.s.c.c.CharSequenceEncoder - [3dbbcab4-1, L:/127.0.0.1:61412 - R:/127.0.0.1:61413] Writing "647. foo bar"
16:32:49.627 [reactor-http-nio-10] DEBUG o.s.c.c.CharSequenceEncoder - [3dbbcab4-1, L:/127.0.0.1:61412 - R:/127.0.0.1:61413] Writing "648. foo bar"
16:32:49.627 [reactor-http-nio-10] DEBUG o.s.c.c.CharSequenceEncoder - [3dbbcab4-1, L:/127.0.0.1:61412 - R:/127.0.0.1:61413] Writing "649. foo bar"
16:32:49.627 [reactor-http-nio-10] DEBUG o.s.c.c.CharSequenceEncoder - [3dbbcab4-1, L:/127.0.0.1:61412 - R:/127.0.0.1:61413] Writing "650. foo bar"
16:32:49.627 [reactor-http-nio-10] DEBUG o.s.c.c.CharSequenceEncoder - [3dbbcab4-1, L:/127.0.0.1:61412 - R:/127.0.0.1:61413] Writing "651. foo bar"
16:32:49.627 [reactor-http-nio-10] DEBUG o.s.c.c.CharSequenceEncoder - [3dbbcab4-1, L:/127.0.0.1:61412 - R:/127.0.0.1:61413] Writing "652. foo bar"
16:32:49.627 [reactor-http-nio-10] DEBUG o.s.c.c.CharSequenceEncoder - [3dbbcab4-1, L:/127.0.0.1:61412 - R:/127.0.0.1:61413] Writing "653. foo bar"
16:32:49.627 [reactor-http-nio-10] DEBUG o.s.c.c.CharSequenceEncoder - [3dbbcab4-1, L:/127.0.0.1:61412 - R:/127.0.0.1:61413] Writing "654. foo bar"
16:32:49.627 [reactor-http-nio-10] DEBUG o.s.c.c.CharSequenceEncoder - [3dbbcab4-1, L:/127.0.0.1:61412 - R:/127.0.0.1:61413] Writing "655. foo bar"
16:32:49.627 [reactor-http-nio-10] DEBUG o.s.c.c.CharSequenceEncoder - [3dbbcab4-1, L:/127.0.0.1:61412 - R:/127.0.0.1:61413] Writing "656. foo bar"
16:32:49.627 [reactor-http-nio-10] DEBUG o.s.c.c.CharSequenceEncoder - [3dbbcab4-1, L:/127.0.0.1:61412 - R:/127.0.0.1:61413] Writing "657. foo bar"
16:32:49.628 [reactor-http-nio-10] DEBUG o.s.c.c.CharSequenceEncoder - [3dbbcab4-1, L:/127.0.0.1:61412 - R:/127.0.0.1:61413] Writing "658. foo bar"
16:32:49.628 [reactor-http-nio-10] DEBUG o.s.c.c.CharSequenceEncoder - [3dbbcab4-1, L:/127.0.0.1:61412 - R:/127.0.0.1:61413] Writing "659. foo bar"
16:32:49.628 [reactor-http-nio-10] DEBUG o.s.c.c.CharSequenceEncoder - [3dbbcab4-1, L:/127.0.0.1:61412 - R:/127.0.0.1:61413] Writing "660. foo bar"
16:32:49.628 [reactor-http-nio-10] DEBUG o.s.c.c.CharSequenceEncoder - [3dbbcab4-1, L:/127.0.0.1:61412 - R:/127.0.0.1:61413] Writing "661. foo bar"
16:32:49.628 [reactor-http-nio-10] DEBUG o.s.c.c.CharSequenceEncoder - [3dbbcab4-1, L:/127.0.0.1:61412 - R:/127.0.0.1:61413] Writing "662. foo bar"
16:32:49.628 [reactor-http-nio-10] DEBUG o.s.c.c.CharSequenceEncoder - [3dbbcab4-1, L:/127.0.0.1:61412 - R:/127.0.0.1:61413] Writing "663. foo bar"
16:32:49.628 [reactor-http-nio-10] DEBUG o.s.c.c.CharSequenceEncoder - [3dbbcab4-1, L:/127.0.0.1:61412 - R:/127.0.0.1:61413] Writing "664. foo bar"
16:32:49.628 [reactor-http-nio-10] DEBUG o.s.c.c.CharSequenceEncoder - [3dbbcab4-1, L:/127.0.0.1:61412 - R:/127.0.0.1:61413] Writing "665. foo bar"
16:32:49.628 [reactor-http-nio-10] DEBUG o.s.c.c.CharSequenceEncoder - [3dbbcab4-1, L:/127.0.0.1:61412 - R:/127.0.0.1:61413] Writing "666. foo bar"
16:32:49.628 [reactor-http-nio-10] DEBUG o.s.c.c.CharSequenceEncoder - [3dbbcab4-1, L:/127.0.0.1:61412 - R:/127.0.0.1:61413] Writing "667. foo bar"
16:32:49.628 [reactor-http-nio-10] DEBUG o.s.c.c.CharSequenceEncoder - [3dbbcab4-1, L:/127.0.0.1:61412 - R:/127.0.0.1:61413] Writing "668. foo bar"
16:32:49.628 [reactor-http-nio-10] DEBUG o.s.c.c.CharSequenceEncoder - [3dbbcab4-1, L:/127.0.0.1:61412 - R:/127.0.0.1:61413] Writing "669. foo bar"
16:32:49.628 [reactor-http-nio-10] DEBUG o.s.c.c.CharSequenceEncoder - [3dbbcab4-1, L:/127.0.0.1:61412 - R:/127.0.0.1:61413] Writing "670. foo bar"
16:32:49.628 [reactor-http-nio-10] DEBUG o.s.c.c.CharSequenceEncoder - [3dbbcab4-1, L:/127.0.0.1:61412 - R:/127.0.0.1:61413] Writing "671. foo bar"
16:32:49.629 [reactor-http-nio-10] DEBUG o.s.c.c.CharSequenceEncoder - [3dbbcab4-1, L:/127.0.0.1:61412 - R:/127.0.0.1:61413] Writing "672. foo bar"
16:32:49.629 [reactor-http-nio-10] DEBUG o.s.c.c.CharSequenceEncoder - [3dbbcab4-1, L:/127.0.0.1:61412 - R:/127.0.0.1:61413] Writing "673. foo bar"
16:32:49.629 [reactor-http-nio-10] DEBUG o.s.c.c.CharSequenceEncoder - [3dbbcab4-1, L:/127.0.0.1:61412 - R:/127.0.0.1:61413] Writing "674. foo bar"
16:32:49.629 [reactor-http-nio-10] DEBUG o.s.c.c.CharSequenceEncoder - [3dbbcab4-1, L:/127.0.0.1:61412 - R:/127.0.0.1:61413] Writing "675. foo bar"
16:32:49.629 [reactor-http-nio-10] DEBUG o.s.c.c.CharSequenceEncoder - [3dbbcab4-1, L:/127.0.0.1:61412 - R:/127.0.0.1:61413] Writing "676. foo bar"
16:32:49.629 [reactor-http-nio-10] DEBUG o.s.c.c.CharSequenceEncoder - [3dbbcab4-1, L:/127.0.0.1:61412 - R:/127.0.0.1:61413] Writing "677. foo bar"
16:32:49.629 [reactor-http-nio-10] DEBUG o.s.c.c.CharSequenceEncoder - [3dbbcab4-1, L:/127.0.0.1:61412 - R:/127.0.0.1:61413] Writing "678. foo bar"
16:32:49.629 [reactor-http-nio-10] DEBUG o.s.c.c.CharSequenceEncoder - [3dbbcab4-1, L:/127.0.0.1:61412 - R:/127.0.0.1:61413] Writing "679. foo bar"
16:32:49.629 [reactor-http-nio-10] DEBUG o.s.c.c.CharSequenceEncoder - [3dbbcab4-1, L:/127.0.0.1:61412 - R:/127.0.0.1:61413] Writing "680. foo bar"
16:32:49.629 [reactor-http-nio-10] DEBUG o.s.c.c.CharSequenceEncoder - [3dbbcab4-1, L:/127.0.0.1:61412 - R:/127.0.0.1:61413] Writing "681. foo bar"
16:32:49.629 [reactor-http-nio-10] DEBUG o.s.c.c.CharSequenceEncoder - [3dbbcab4-1, L:/127.0.0.1:61412 - R:/127.0.0.1:61413] Writing "682. foo bar"
16:32:49.629 [reactor-http-nio-10] DEBUG o.s.c.c.CharSequenceEncoder - [3dbbcab4-1, L:/127.0.0.1:61412 - R:/127.0.0.1:61413] Writing "683. foo bar"
16:32:49.629 [reactor-http-nio-10] DEBUG o.s.c.c.CharSequenceEncoder - [3dbbcab4-1, L:/127.0.0.1:61412 - R:/127.0.0.1:61413] Writing "684. foo bar"
16:32:49.629 [reactor-http-nio-10] DEBUG o.s.c.c.CharSequenceEncoder - [3dbbcab4-1, L:/127.0.0.1:61412 - R:/127.0.0.1:61413] Writing "685. foo bar"
16:32:49.629 [reactor-http-nio-10] DEBUG o.s.c.c.CharSequenceEncoder - [3dbbcab4-1, L:/127.0.0.1:61412 - R:/127.0.0.1:61413] Writing "686. foo bar"
16:32:49.630 [reactor-http-nio-10] DEBUG o.s.c.c.CharSequenceEncoder - [3dbbcab4-1, L:/127.0.0.1:61412 - R:/127.0.0.1:61413] Writing "687. foo bar"
16:32:49.630 [reactor-http-nio-10] DEBUG o.s.c.c.CharSequenceEncoder - [3dbbcab4-1, L:/127.0.0.1:61412 - R:/127.0.0.1:61413] Writing "688. foo bar"
16:32:49.630 [reactor-http-nio-10] DEBUG o.s.c.c.CharSequenceEncoder - [3dbbcab4-1, L:/127.0.0.1:61412 - R:/127.0.0.1:61413] Writing "689. foo bar"
16:32:49.630 [reactor-http-nio-10] DEBUG o.s.c.c.CharSequenceEncoder - [3dbbcab4-1, L:/127.0.0.1:61412 - R:/127.0.0.1:61413] Writing "690. foo bar"
16:32:49.630 [reactor-http-nio-10] DEBUG o.s.c.c.CharSequenceEncoder - [3dbbcab4-1, L:/127.0.0.1:61412 - R:/127.0.0.1:61413] Writing "691. foo bar"
16:32:49.630 [reactor-http-nio-10] DEBUG o.s.c.c.CharSequenceEncoder - [3dbbcab4-1, L:/127.0.0.1:61412 - R:/127.0.0.1:61413] Writing "692. foo bar"
16:32:49.630 [reactor-http-nio-10] DEBUG o.s.c.c.CharSequenceEncoder - [3dbbcab4-1, L:/127.0.0.1:61412 - R:/127.0.0.1:61413] Writing "693. foo bar"
16:32:49.630 [reactor-http-nio-10] DEBUG o.s.c.c.CharSequenceEncoder - [3dbbcab4-1, L:/127.0.0.1:61412 - R:/127.0.0.1:61413] Writing "694. foo bar"
16:32:49.630 [reactor-http-nio-10] DEBUG o.s.c.c.CharSequenceEncoder - [3dbbcab4-1, L:/127.0.0.1:61412 - R:/127.0.0.1:61413] Writing "695. foo bar"
16:32:49.630 [reactor-http-nio-10] DEBUG o.s.c.c.CharSequenceEncoder - [3dbbcab4-1, L:/127.0.0.1:61412 - R:/127.0.0.1:61413] Writing "696. foo bar"
16:32:49.630 [reactor-http-nio-10] DEBUG o.s.c.c.CharSequenceEncoder - [3dbbcab4-1, L:/127.0.0.1:61412 - R:/127.0.0.1:61413] Writing "697. foo bar"
16:32:49.630 [reactor-http-nio-10] DEBUG o.s.c.c.CharSequenceEncoder - [3dbbcab4-1, L:/127.0.0.1:61412 - R:/127.0.0.1:61413] Writing "698. foo bar"
16:32:49.630 [reactor-http-nio-10] DEBUG o.s.c.c.CharSequenceEncoder - [3dbbcab4-1, L:/127.0.0.1:61412 - R:/127.0.0.1:61413] Writing "699. foo bar"
16:32:49.631 [reactor-http-nio-10] DEBUG o.s.c.c.CharSequenceEncoder - [3dbbcab4-1, L:/127.0.0.1:61412 - R:/127.0.0.1:61413] Writing "700. foo bar"
16:32:49.631 [reactor-http-nio-10] DEBUG o.s.c.c.CharSequenceEncoder - [3dbbcab4-1, L:/127.0.0.1:61412 - R:/127.0.0.1:61413] Writing "701. foo bar"
16:32:49.631 [reactor-http-nio-10] DEBUG o.s.c.c.CharSequenceEncoder - [3dbbcab4-1, L:/127.0.0.1:61412 - R:/127.0.0.1:61413] Writing "702. foo bar"
16:32:49.631 [reactor-http-nio-10] DEBUG o.s.c.c.CharSequenceEncoder - [3dbbcab4-1, L:/127.0.0.1:61412 - R:/127.0.0.1:61413] Writing "703. foo bar"
16:32:49.631 [reactor-http-nio-10] DEBUG o.s.c.c.CharSequenceEncoder - [3dbbcab4-1, L:/127.0.0.1:61412 - R:/127.0.0.1:61413] Writing "704. foo bar"
16:32:49.641 [reactor-http-nio-10] DEBUG o.s.c.c.CharSequenceEncoder - [3dbbcab4-1, L:/127.0.0.1:61412 - R:/127.0.0.1:61413] Writing "705. foo bar"
16:32:49.642 [reactor-http-nio-10] DEBUG o.s.c.c.CharSequenceEncoder - [3dbbcab4-1, L:/127.0.0.1:61412 - R:/127.0.0.1:61413] Writing "706. foo bar"
16:32:49.642 [reactor-http-nio-10] DEBUG o.s.c.c.CharSequenceEncoder - [3dbbcab4-1, L:/127.0.0.1:61412 - R:/127.0.0.1:61413] Writing "707. foo bar"
16:32:49.642 [reactor-http-nio-10] DEBUG o.s.c.c.CharSequenceEncoder - [3dbbcab4-1, L:/127.0.0.1:61412 - R:/127.0.0.1:61413] Writing "708. foo bar"
16:32:49.642 [reactor-http-nio-10] DEBUG o.s.c.c.CharSequenceEncoder - [3dbbcab4-1, L:/127.0.0.1:61412 - R:/127.0.0.1:61413] Writing "709. foo bar"
16:32:49.642 [reactor-http-nio-10] DEBUG o.s.c.c.CharSequenceEncoder - [3dbbcab4-1, L:/127.0.0.1:61412 - R:/127.0.0.1:61413] Writing "710. foo bar"
16:32:49.642 [reactor-http-nio-10] DEBUG o.s.c.c.CharSequenceEncoder - [3dbbcab4-1, L:/127.0.0.1:61412 - R:/127.0.0.1:61413] Writing "711. foo bar"
16:32:49.642 [reactor-http-nio-10] DEBUG o.s.c.c.CharSequenceEncoder - [3dbbcab4-1, L:/127.0.0.1:61412 - R:/127.0.0.1:61413] Writing "712. foo bar"
16:32:49.642 [reactor-http-nio-10] DEBUG o.s.c.c.CharSequenceEncoder - [3dbbcab4-1, L:/127.0.0.1:61412 - R:/127.0.0.1:61413] Writing "713. foo bar"
16:32:49.642 [reactor-http-nio-10] DEBUG o.s.c.c.CharSequenceEncoder - [3dbbcab4-1, L:/127.0.0.1:61412 - R:/127.0.0.1:61413] Writing "714. foo bar"
16:32:49.642 [reactor-http-nio-10] DEBUG o.s.c.c.CharSequenceEncoder - [3dbbcab4-1, L:/127.0.0.1:61412 - R:/127.0.0.1:61413] Writing "715. foo bar"
16:32:49.642 [reactor-http-nio-10] DEBUG o.s.c.c.CharSequenceEncoder - [3dbbcab4-1, L:/127.0.0.1:61412 - R:/127.0.0.1:61413] Writing "716. foo bar"
16:32:49.642 [reactor-http-nio-10] DEBUG o.s.c.c.CharSequenceEncoder - [3dbbcab4-1, L:/127.0.0.1:61412 - R:/127.0.0.1:61413] Writing "717. foo bar"
16:32:49.642 [reactor-http-nio-10] DEBUG o.s.c.c.CharSequenceEncoder - [3dbbcab4-1, L:/127.0.0.1:61412 - R:/127.0.0.1:61413] Writing "718. foo bar"
16:32:49.642 [reactor-http-nio-10] DEBUG o.s.c.c.CharSequenceEncoder - [3dbbcab4-1, L:/127.0.0.1:61412 - R:/127.0.0.1:61413] Writing "719. foo bar"
16:32:49.643 [reactor-http-nio-10] DEBUG o.s.c.c.CharSequenceEncoder - [3dbbcab4-1, L:/127.0.0.1:61412 - R:/127.0.0.1:61413] Writing "720. foo bar"
16:32:49.643 [reactor-http-nio-10] DEBUG o.s.c.c.CharSequenceEncoder - [3dbbcab4-1, L:/127.0.0.1:61412 - R:/127.0.0.1:61413] Writing "721. foo bar"
16:32:49.643 [reactor-http-nio-10] DEBUG o.s.c.c.CharSequenceEncoder - [3dbbcab4-1, L:/127.0.0.1:61412 - R:/127.0.0.1:61413] Writing "722. foo bar"
16:32:49.643 [reactor-http-nio-10] DEBUG o.s.c.c.CharSequenceEncoder - [3dbbcab4-1, L:/127.0.0.1:61412 - R:/127.0.0.1:61413] Writing "723. foo bar"
16:32:49.643 [reactor-http-nio-10] DEBUG o.s.c.c.CharSequenceEncoder - [3dbbcab4-1, L:/127.0.0.1:61412 - R:/127.0.0.1:61413] Writing "724. foo bar"
16:32:49.643 [reactor-http-nio-10] DEBUG o.s.c.c.CharSequenceEncoder - [3dbbcab4-1, L:/127.0.0.1:61412 - R:/127.0.0.1:61413] Writing "725. foo bar"
16:32:49.643 [reactor-http-nio-10] DEBUG o.s.c.c.CharSequenceEncoder - [3dbbcab4-1, L:/127.0.0.1:61412 - R:/127.0.0.1:61413] Writing "726. foo bar"
16:32:49.643 [reactor-http-nio-10] DEBUG o.s.c.c.CharSequenceEncoder - [3dbbcab4-1, L:/127.0.0.1:61412 - R:/127.0.0.1:61413] Writing "727. foo bar"
16:32:49.643 [reactor-http-nio-10] DEBUG o.s.c.c.CharSequenceEncoder - [3dbbcab4-1, L:/127.0.0.1:61412 - R:/127.0.0.1:61413] Writing "728. foo bar"
16:32:49.643 [reactor-http-nio-10] DEBUG o.s.c.c.CharSequenceEncoder - [3dbbcab4-1, L:/127.0.0.1:61412 - R:/127.0.0.1:61413] Writing "729. foo bar"
16:32:49.643 [reactor-http-nio-10] DEBUG o.s.c.c.CharSequenceEncoder - [3dbbcab4-1, L:/127.0.0.1:61412 - R:/127.0.0.1:61413] Writing "730. foo bar"
16:32:49.643 [reactor-http-nio-10] DEBUG o.s.c.c.CharSequenceEncoder - [3dbbcab4-1, L:/127.0.0.1:61412 - R:/127.0.0.1:61413] Writing "731. foo bar"
16:32:49.643 [reactor-http-nio-10] DEBUG o.s.c.c.CharSequenceEncoder - [3dbbcab4-1, L:/127.0.0.1:61412 - R:/127.0.0.1:61413] Writing "732. foo bar"
16:32:49.643 [reactor-http-nio-10] DEBUG o.s.c.c.CharSequenceEncoder - [3dbbcab4-1, L:/127.0.0.1:61412 - R:/127.0.0.1:61413] Writing "733. foo bar"
16:32:49.643 [reactor-http-nio-10] DEBUG o.s.c.c.CharSequenceEncoder - [3dbbcab4-1, L:/127.0.0.1:61412 - R:/127.0.0.1:61413] Writing "734. foo bar"
16:32:49.644 [reactor-http-nio-10] DEBUG o.s.c.c.CharSequenceEncoder - [3dbbcab4-1, L:/127.0.0.1:61412 - R:/127.0.0.1:61413] Writing "735. foo bar"
16:32:49.644 [reactor-http-nio-10] DEBUG o.s.c.c.CharSequenceEncoder - [3dbbcab4-1, L:/127.0.0.1:61412 - R:/127.0.0.1:61413] Writing "736. foo bar"
16:32:49.644 [reactor-http-nio-10] DEBUG o.s.c.c.CharSequenceEncoder - [3dbbcab4-1, L:/127.0.0.1:61412 - R:/127.0.0.1:61413] Writing "737. foo bar"
16:32:49.644 [reactor-http-nio-10] DEBUG o.s.c.c.CharSequenceEncoder - [3dbbcab4-1, L:/127.0.0.1:61412 - R:/127.0.0.1:61413] Writing "738. foo bar"
16:32:49.644 [reactor-http-nio-10] DEBUG o.s.c.c.CharSequenceEncoder - [3dbbcab4-1, L:/127.0.0.1:61412 - R:/127.0.0.1:61413] Writing "739. foo bar"
16:32:49.644 [reactor-http-nio-10] DEBUG o.s.c.c.CharSequenceEncoder - [3dbbcab4-1, L:/127.0.0.1:61412 - R:/127.0.0.1:61413] Writing "740. foo bar"
16:32:49.644 [reactor-http-nio-10] DEBUG o.s.c.c.CharSequenceEncoder - [3dbbcab4-1, L:/127.0.0.1:61412 - R:/127.0.0.1:61413] Writing "741. foo bar"
16:32:49.644 [reactor-http-nio-10] DEBUG o.s.c.c.CharSequenceEncoder - [3dbbcab4-1, L:/127.0.0.1:61412 - R:/127.0.0.1:61413] Writing "742. foo bar"
16:32:49.644 [reactor-http-nio-10] DEBUG o.s.c.c.CharSequenceEncoder - [3dbbcab4-1, L:/127.0.0.1:61412 - R:/127.0.0.1:61413] Writing "743. foo bar"
16:32:49.644 [reactor-http-nio-10] DEBUG o.s.c.c.CharSequenceEncoder - [3dbbcab4-1, L:/127.0.0.1:61412 - R:/127.0.0.1:61413] Writing "744. foo bar"
16:32:49.644 [reactor-http-nio-10] DEBUG o.s.c.c.CharSequenceEncoder - [3dbbcab4-1, L:/127.0.0.1:61412 - R:/127.0.0.1:61413] Writing "745. foo bar"
16:32:49.645 [reactor-http-nio-10] DEBUG o.s.c.c.CharSequenceEncoder - [3dbbcab4-1, L:/127.0.0.1:61412 - R:/127.0.0.1:61413] Writing "746. foo bar"
16:32:49.645 [reactor-http-nio-10] DEBUG o.s.c.c.CharSequenceEncoder - [3dbbcab4-1, L:/127.0.0.1:61412 - R:/127.0.0.1:61413] Writing "747. foo bar"
16:32:49.645 [reactor-http-nio-10] DEBUG o.s.c.c.CharSequenceEncoder - [3dbbcab4-1, L:/127.0.0.1:61412 - R:/127.0.0.1:61413] Writing "748. foo bar"
16:32:49.645 [reactor-http-nio-10] DEBUG o.s.c.c.CharSequenceEncoder - [3dbbcab4-1, L:/127.0.0.1:61412 - R:/127.0.0.1:61413] Writing "749. foo bar"
16:32:49.645 [reactor-http-nio-10] DEBUG o.s.c.c.CharSequenceEncoder - [3dbbcab4-1, L:/127.0.0.1:61412 - R:/127.0.0.1:61413] Writing "750. foo bar"
16:32:49.645 [reactor-http-nio-10] DEBUG o.s.c.c.CharSequenceEncoder - [3dbbcab4-1, L:/127.0.0.1:61412 - R:/127.0.0.1:61413] Writing "751. foo bar"
16:32:49.645 [reactor-http-nio-10] DEBUG o.s.c.c.CharSequenceEncoder - [3dbbcab4-1, L:/127.0.0.1:61412 - R:/127.0.0.1:61413] Writing "752. foo bar"
16:32:49.645 [reactor-http-nio-10] DEBUG o.s.c.c.CharSequenceEncoder - [3dbbcab4-1, L:/127.0.0.1:61412 - R:/127.0.0.1:61413] Writing "753. foo bar"
16:32:49.645 [reactor-http-nio-10] DEBUG o.s.c.c.CharSequenceEncoder - [3dbbcab4-1, L:/127.0.0.1:61412 - R:/127.0.0.1:61413] Writing "754. foo bar"
16:32:49.645 [reactor-http-nio-10] DEBUG o.s.c.c.CharSequenceEncoder - [3dbbcab4-1, L:/127.0.0.1:61412 - R:/127.0.0.1:61413] Writing "755. foo bar"
16:32:49.645 [reactor-http-nio-10] DEBUG o.s.c.c.CharSequenceEncoder - [3dbbcab4-1, L:/127.0.0.1:61412 - R:/127.0.0.1:61413] Writing "756. foo bar"
16:32:49.645 [reactor-http-nio-10] DEBUG o.s.c.c.CharSequenceEncoder - [3dbbcab4-1, L:/127.0.0.1:61412 - R:/127.0.0.1:61413] Writing "757. foo bar"
16:32:49.646 [reactor-http-nio-10] DEBUG o.s.c.c.CharSequenceEncoder - [3dbbcab4-1, L:/127.0.0.1:61412 - R:/127.0.0.1:61413] Writing "758. foo bar"
16:32:49.646 [reactor-http-nio-10] DEBUG o.s.c.c.CharSequenceEncoder - [3dbbcab4-1, L:/127.0.0.1:61412 - R:/127.0.0.1:61413] Writing "759. foo bar"
16:32:49.646 [reactor-http-nio-10] DEBUG o.s.c.c.CharSequenceEncoder - [3dbbcab4-1, L:/127.0.0.1:61412 - R:/127.0.0.1:61413] Writing "760. foo bar"
16:32:49.646 [reactor-http-nio-10] DEBUG o.s.c.c.CharSequenceEncoder - [3dbbcab4-1, L:/127.0.0.1:61412 - R:/127.0.0.1:61413] Writing "761. foo bar"
16:32:49.646 [reactor-http-nio-10] DEBUG o.s.c.c.CharSequenceEncoder - [3dbbcab4-1, L:/127.0.0.1:61412 - R:/127.0.0.1:61413] Writing "762. foo bar"
16:32:49.646 [reactor-http-nio-10] DEBUG o.s.c.c.CharSequenceEncoder - [3dbbcab4-1, L:/127.0.0.1:61412 - R:/127.0.0.1:61413] Writing "763. foo bar"
16:32:49.646 [reactor-http-nio-10] DEBUG o.s.c.c.CharSequenceEncoder - [3dbbcab4-1, L:/127.0.0.1:61412 - R:/127.0.0.1:61413] Writing "764. foo bar"
16:32:49.646 [reactor-http-nio-10] DEBUG o.s.c.c.CharSequenceEncoder - [3dbbcab4-1, L:/127.0.0.1:61412 - R:/127.0.0.1:61413] Writing "765. foo bar"
16:32:49.646 [reactor-http-nio-10] DEBUG o.s.c.c.CharSequenceEncoder - [3dbbcab4-1, L:/127.0.0.1:61412 - R:/127.0.0.1:61413] Writing "766. foo bar"
16:32:49.646 [reactor-http-nio-10] DEBUG o.s.c.c.CharSequenceEncoder - [3dbbcab4-1, L:/127.0.0.1:61412 - R:/127.0.0.1:61413] Writing "767. foo bar"
16:32:49.646 [reactor-http-nio-10] DEBUG o.s.c.c.CharSequenceEncoder - [3dbbcab4-1, L:/127.0.0.1:61412 - R:/127.0.0.1:61413] Writing "768. foo bar"
16:32:49.662 [reactor-http-nio-10] DEBUG o.s.c.c.CharSequenceEncoder - [3dbbcab4-1, L:/127.0.0.1:61412 - R:/127.0.0.1:61413] Writing "769. foo bar"
16:32:49.662 [reactor-http-nio-10] DEBUG o.s.c.c.CharSequenceEncoder - [3dbbcab4-1, L:/127.0.0.1:61412 - R:/127.0.0.1:61413] Writing "770. foo bar"
16:32:49.662 [reactor-http-nio-10] DEBUG o.s.c.c.CharSequenceEncoder - [3dbbcab4-1, L:/127.0.0.1:61412 - R:/127.0.0.1:61413] Writing "771. foo bar"
16:32:49.663 [reactor-http-nio-10] DEBUG o.s.c.c.CharSequenceEncoder - [3dbbcab4-1, L:/127.0.0.1:61412 - R:/127.0.0.1:61413] Writing "772. foo bar"
16:32:49.663 [reactor-http-nio-10] DEBUG o.s.c.c.CharSequenceEncoder - [3dbbcab4-1, L:/127.0.0.1:61412 - R:/127.0.0.1:61413] Writing "773. foo bar"
16:32:49.663 [reactor-http-nio-10] DEBUG o.s.c.c.CharSequenceEncoder - [3dbbcab4-1, L:/127.0.0.1:61412 - R:/127.0.0.1:61413] Writing "774. foo bar"
16:32:49.663 [reactor-http-nio-10] DEBUG o.s.c.c.CharSequenceEncoder - [3dbbcab4-1, L:/127.0.0.1:61412 - R:/127.0.0.1:61413] Writing "775. foo bar"
16:32:49.663 [reactor-http-nio-10] DEBUG o.s.c.c.CharSequenceEncoder - [3dbbcab4-1, L:/127.0.0.1:61412 - R:/127.0.0.1:61413] Writing "776. foo bar"
16:32:49.663 [reactor-http-nio-10] DEBUG o.s.c.c.CharSequenceEncoder - [3dbbcab4-1, L:/127.0.0.1:61412 - R:/127.0.0.1:61413] Writing "777. foo bar"
16:32:49.663 [reactor-http-nio-10] DEBUG o.s.c.c.CharSequenceEncoder - [3dbbcab4-1, L:/127.0.0.1:61412 - R:/127.0.0.1:61413] Writing "778. foo bar"
16:32:49.663 [reactor-http-nio-10] DEBUG o.s.c.c.CharSequenceEncoder - [3dbbcab4-1, L:/127.0.0.1:61412 - R:/127.0.0.1:61413] Writing "779. foo bar"
16:32:49.663 [reactor-http-nio-10] DEBUG o.s.c.c.CharSequenceEncoder - [3dbbcab4-1, L:/127.0.0.1:61412 - R:/127.0.0.1:61413] Writing "780. foo bar"
16:32:49.663 [reactor-http-nio-10] DEBUG o.s.c.c.CharSequenceEncoder - [3dbbcab4-1, L:/127.0.0.1:61412 - R:/127.0.0.1:61413] Writing "781. foo bar"
16:32:49.663 [reactor-http-nio-10] DEBUG o.s.c.c.CharSequenceEncoder - [3dbbcab4-1, L:/127.0.0.1:61412 - R:/127.0.0.1:61413] Writing "782. foo bar"
16:32:49.663 [reactor-http-nio-10] DEBUG o.s.c.c.CharSequenceEncoder - [3dbbcab4-1, L:/127.0.0.1:61412 - R:/127.0.0.1:61413] Writing "783. foo bar"
16:32:49.663 [reactor-http-nio-10] DEBUG o.s.c.c.CharSequenceEncoder - [3dbbcab4-1, L:/127.0.0.1:61412 - R:/127.0.0.1:61413] Writing "784. foo bar"
16:32:49.664 [reactor-http-nio-10] DEBUG o.s.c.c.CharSequenceEncoder - [3dbbcab4-1, L:/127.0.0.1:61412 - R:/127.0.0.1:61413] Writing "785. foo bar"
16:32:49.664 [reactor-http-nio-10] DEBUG o.s.c.c.CharSequenceEncoder - [3dbbcab4-1, L:/127.0.0.1:61412 - R:/127.0.0.1:61413] Writing "786. foo bar"
16:32:49.664 [reactor-http-nio-10] DEBUG o.s.c.c.CharSequenceEncoder - [3dbbcab4-1, L:/127.0.0.1:61412 - R:/127.0.0.1:61413] Writing "787. foo bar"
16:32:49.664 [reactor-http-nio-10] DEBUG o.s.c.c.CharSequenceEncoder - [3dbbcab4-1, L:/127.0.0.1:61412 - R:/127.0.0.1:61413] Writing "788. foo bar"
16:32:49.664 [reactor-http-nio-10] DEBUG o.s.c.c.CharSequenceEncoder - [3dbbcab4-1, L:/127.0.0.1:61412 - R:/127.0.0.1:61413] Writing "789. foo bar"
16:32:49.664 [reactor-http-nio-10] DEBUG o.s.c.c.CharSequenceEncoder - [3dbbcab4-1, L:/127.0.0.1:61412 - R:/127.0.0.1:61413] Writing "790. foo bar"
16:32:49.664 [reactor-http-nio-10] DEBUG o.s.c.c.CharSequenceEncoder - [3dbbcab4-1, L:/127.0.0.1:61412 - R:/127.0.0.1:61413] Writing "791. foo bar"
16:32:49.664 [reactor-http-nio-10] DEBUG o.s.c.c.CharSequenceEncoder - [3dbbcab4-1, L:/127.0.0.1:61412 - R:/127.0.0.1:61413] Writing "792. foo bar"
16:32:49.664 [reactor-http-nio-10] DEBUG o.s.c.c.CharSequenceEncoder - [3dbbcab4-1, L:/127.0.0.1:61412 - R:/127.0.0.1:61413] Writing "793. foo bar"
16:32:49.664 [reactor-http-nio-10] DEBUG o.s.c.c.CharSequenceEncoder - [3dbbcab4-1, L:/127.0.0.1:61412 - R:/127.0.0.1:61413] Writing "794. foo bar"
16:32:49.664 [reactor-http-nio-10] DEBUG o.s.c.c.CharSequenceEncoder - [3dbbcab4-1, L:/127.0.0.1:61412 - R:/127.0.0.1:61413] Writing "795. foo bar"
16:32:49.664 [reactor-http-nio-10] DEBUG o.s.c.c.CharSequenceEncoder - [3dbbcab4-1, L:/127.0.0.1:61412 - R:/127.0.0.1:61413] Writing "796. foo bar"
16:32:49.665 [reactor-http-nio-10] DEBUG o.s.c.c.CharSequenceEncoder - [3dbbcab4-1, L:/127.0.0.1:61412 - R:/127.0.0.1:61413] Writing "797. foo bar"
16:32:49.665 [reactor-http-nio-10] DEBUG o.s.c.c.CharSequenceEncoder - [3dbbcab4-1, L:/127.0.0.1:61412 - R:/127.0.0.1:61413] Writing "798. foo bar"
16:32:49.665 [reactor-http-nio-10] DEBUG o.s.c.c.CharSequenceEncoder - [3dbbcab4-1, L:/127.0.0.1:61412 - R:/127.0.0.1:61413] Writing "799. foo bar"
16:32:49.665 [reactor-http-nio-10] DEBUG o.s.c.c.CharSequenceEncoder - [3dbbcab4-1, L:/127.0.0.1:61412 - R:/127.0.0.1:61413] Writing "800. foo bar"
16:32:49.665 [reactor-http-nio-10] DEBUG o.s.c.c.CharSequenceEncoder - [3dbbcab4-1, L:/127.0.0.1:61412 - R:/127.0.0.1:61413] Writing "801. foo bar"
16:32:49.665 [reactor-http-nio-10] DEBUG o.s.c.c.CharSequenceEncoder - [3dbbcab4-1, L:/127.0.0.1:61412 - R:/127.0.0.1:61413] Writing "802. foo bar"
16:32:49.665 [reactor-http-nio-10] DEBUG o.s.c.c.CharSequenceEncoder - [3dbbcab4-1, L:/127.0.0.1:61412 - R:/127.0.0.1:61413] Writing "803. foo bar"
16:32:49.665 [reactor-http-nio-10] DEBUG o.s.c.c.CharSequenceEncoder - [3dbbcab4-1, L:/127.0.0.1:61412 - R:/127.0.0.1:61413] Writing "804. foo bar"
16:32:49.665 [reactor-http-nio-10] DEBUG o.s.c.c.CharSequenceEncoder - [3dbbcab4-1, L:/127.0.0.1:61412 - R:/127.0.0.1:61413] Writing "805. foo bar"
16:32:49.665 [reactor-http-nio-10] DEBUG o.s.c.c.CharSequenceEncoder - [3dbbcab4-1, L:/127.0.0.1:61412 - R:/127.0.0.1:61413] Writing "806. foo bar"
16:32:49.665 [reactor-http-nio-10] DEBUG o.s.c.c.CharSequenceEncoder - [3dbbcab4-1, L:/127.0.0.1:61412 - R:/127.0.0.1:61413] Writing "807. foo bar"
16:32:49.665 [reactor-http-nio-10] DEBUG o.s.c.c.CharSequenceEncoder - [3dbbcab4-1, L:/127.0.0.1:61412 - R:/127.0.0.1:61413] Writing "808. foo bar"
16:32:49.666 [reactor-http-nio-10] DEBUG o.s.c.c.CharSequenceEncoder - [3dbbcab4-1, L:/127.0.0.1:61412 - R:/127.0.0.1:61413] Writing "809. foo bar"
16:32:49.666 [reactor-http-nio-10] DEBUG o.s.c.c.CharSequenceEncoder - [3dbbcab4-1, L:/127.0.0.1:61412 - R:/127.0.0.1:61413] Writing "810. foo bar"
16:32:49.666 [reactor-http-nio-10] DEBUG o.s.c.c.CharSequenceEncoder - [3dbbcab4-1, L:/127.0.0.1:61412 - R:/127.0.0.1:61413] Writing "811. foo bar"
16:32:49.666 [reactor-http-nio-10] DEBUG o.s.c.c.CharSequenceEncoder - [3dbbcab4-1, L:/127.0.0.1:61412 - R:/127.0.0.1:61413] Writing "812. foo bar"
16:32:49.666 [reactor-http-nio-10] DEBUG o.s.c.c.CharSequenceEncoder - [3dbbcab4-1, L:/127.0.0.1:61412 - R:/127.0.0.1:61413] Writing "813. foo bar"
16:32:49.666 [reactor-http-nio-10] DEBUG o.s.c.c.CharSequenceEncoder - [3dbbcab4-1, L:/127.0.0.1:61412 - R:/127.0.0.1:61413] Writing "814. foo bar"
16:32:49.666 [reactor-http-nio-10] DEBUG o.s.c.c.CharSequenceEncoder - [3dbbcab4-1, L:/127.0.0.1:61412 - R:/127.0.0.1:61413] Writing "815. foo bar"
16:32:49.666 [reactor-http-nio-10] DEBUG o.s.c.c.CharSequenceEncoder - [3dbbcab4-1, L:/127.0.0.1:61412 - R:/127.0.0.1:61413] Writing "816. foo bar"
16:32:49.667 [reactor-http-nio-10] DEBUG o.s.c.c.CharSequenceEncoder - [3dbbcab4-1, L:/127.0.0.1:61412 - R:/127.0.0.1:61413] Writing "817. foo bar"
16:32:49.667 [reactor-http-nio-10] DEBUG o.s.c.c.CharSequenceEncoder - [3dbbcab4-1, L:/127.0.0.1:61412 - R:/127.0.0.1:61413] Writing "818. foo bar"
16:32:49.667 [reactor-http-nio-10] DEBUG o.s.c.c.CharSequenceEncoder - [3dbbcab4-1, L:/127.0.0.1:61412 - R:/127.0.0.1:61413] Writing "819. foo bar"
16:32:49.667 [reactor-http-nio-10] DEBUG o.s.c.c.CharSequenceEncoder - [3dbbcab4-1, L:/127.0.0.1:61412 - R:/127.0.0.1:61413] Writing "820. foo bar"
16:32:49.667 [reactor-http-nio-10] DEBUG o.s.c.c.CharSequenceEncoder - [3dbbcab4-1, L:/127.0.0.1:61412 - R:/127.0.0.1:61413] Writing "821. foo bar"
16:32:49.667 [reactor-http-nio-10] DEBUG o.s.c.c.CharSequenceEncoder - [3dbbcab4-1, L:/127.0.0.1:61412 - R:/127.0.0.1:61413] Writing "822. foo bar"
16:32:49.667 [reactor-http-nio-10] DEBUG o.s.c.c.CharSequenceEncoder - [3dbbcab4-1, L:/127.0.0.1:61412 - R:/127.0.0.1:61413] Writing "823. foo bar"
16:32:49.667 [reactor-http-nio-10] DEBUG o.s.c.c.CharSequenceEncoder - [3dbbcab4-1, L:/127.0.0.1:61412 - R:/127.0.0.1:61413] Writing "824. foo bar"
16:32:49.668 [reactor-http-nio-10] DEBUG o.s.c.c.CharSequenceEncoder - [3dbbcab4-1, L:/127.0.0.1:61412 - R:/127.0.0.1:61413] Writing "825. foo bar"
16:32:49.668 [reactor-http-nio-10] DEBUG o.s.c.c.CharSequenceEncoder - [3dbbcab4-1, L:/127.0.0.1:61412 - R:/127.0.0.1:61413] Writing "826. foo bar"
16:32:49.668 [reactor-http-nio-10] DEBUG o.s.c.c.CharSequenceEncoder - [3dbbcab4-1, L:/127.0.0.1:61412 - R:/127.0.0.1:61413] Writing "827. foo bar"
16:32:49.668 [reactor-http-nio-10] DEBUG o.s.c.c.CharSequenceEncoder - [3dbbcab4-1, L:/127.0.0.1:61412 - R:/127.0.0.1:61413] Writing "828. foo bar"
16:32:49.668 [reactor-http-nio-10] DEBUG o.s.c.c.CharSequenceEncoder - [3dbbcab4-1, L:/127.0.0.1:61412 - R:/127.0.0.1:61413] Writing "829. foo bar"
16:32:49.668 [reactor-http-nio-10] DEBUG o.s.c.c.CharSequenceEncoder - [3dbbcab4-1, L:/127.0.0.1:61412 - R:/127.0.0.1:61413] Writing "830. foo bar"
16:32:49.668 [reactor-http-nio-10] DEBUG o.s.c.c.CharSequenceEncoder - [3dbbcab4-1, L:/127.0.0.1:61412 - R:/127.0.0.1:61413] Writing "831. foo bar"
16:32:49.668 [reactor-http-nio-10] DEBUG o.s.c.c.CharSequenceEncoder - [3dbbcab4-1, L:/127.0.0.1:61412 - R:/127.0.0.1:61413] Writing "832. foo bar"
16:32:49.679 [reactor-http-nio-10] DEBUG o.s.c.c.CharSequenceEncoder - [3dbbcab4-1, L:/127.0.0.1:61412 - R:/127.0.0.1:61413] Writing "833. foo bar"
16:32:49.679 [reactor-http-nio-10] DEBUG o.s.c.c.CharSequenceEncoder - [3dbbcab4-1, L:/127.0.0.1:61412 - R:/127.0.0.1:61413] Writing "834. foo bar"
16:32:49.679 [reactor-http-nio-10] DEBUG o.s.c.c.CharSequenceEncoder - [3dbbcab4-1, L:/127.0.0.1:61412 - R:/127.0.0.1:61413] Writing "835. foo bar"
16:32:49.680 [reactor-http-nio-10] DEBUG o.s.c.c.CharSequenceEncoder - [3dbbcab4-1, L:/127.0.0.1:61412 - R:/127.0.0.1:61413] Writing "836. foo bar"
16:32:49.680 [reactor-http-nio-10] DEBUG o.s.c.c.CharSequenceEncoder - [3dbbcab4-1, L:/127.0.0.1:61412 - R:/127.0.0.1:61413] Writing "837. foo bar"
16:32:49.680 [reactor-http-nio-10] DEBUG o.s.c.c.CharSequenceEncoder - [3dbbcab4-1, L:/127.0.0.1:61412 - R:/127.0.0.1:61413] Writing "838. foo bar"
16:32:49.680 [reactor-http-nio-10] DEBUG o.s.c.c.CharSequenceEncoder - [3dbbcab4-1, L:/127.0.0.1:61412 - R:/127.0.0.1:61413] Writing "839. foo bar"
16:32:49.680 [reactor-http-nio-10] DEBUG o.s.c.c.CharSequenceEncoder - [3dbbcab4-1, L:/127.0.0.1:61412 - R:/127.0.0.1:61413] Writing "840. foo bar"
16:32:49.680 [reactor-http-nio-10] DEBUG o.s.c.c.CharSequenceEncoder - [3dbbcab4-1, L:/127.0.0.1:61412 - R:/127.0.0.1:61413] Writing "841. foo bar"
16:32:49.680 [reactor-http-nio-10] DEBUG o.s.c.c.CharSequenceEncoder - [3dbbcab4-1, L:/127.0.0.1:61412 - R:/127.0.0.1:61413] Writing "842. foo bar"
16:32:49.680 [reactor-http-nio-10] DEBUG o.s.c.c.CharSequenceEncoder - [3dbbcab4-1, L:/127.0.0.1:61412 - R:/127.0.0.1:61413] Writing "843. foo bar"
16:32:49.680 [reactor-http-nio-10] DEBUG o.s.c.c.CharSequenceEncoder - [3dbbcab4-1, L:/127.0.0.1:61412 - R:/127.0.0.1:61413] Writing "844. foo bar"
16:32:49.680 [reactor-http-nio-10] DEBUG o.s.c.c.CharSequenceEncoder - [3dbbcab4-1, L:/127.0.0.1:61412 - R:/127.0.0.1:61413] Writing "845. foo bar"
16:32:49.680 [reactor-http-nio-10] DEBUG o.s.c.c.CharSequenceEncoder - [3dbbcab4-1, L:/127.0.0.1:61412 - R:/127.0.0.1:61413] Writing "846. foo bar"
16:32:49.680 [reactor-http-nio-10] DEBUG o.s.c.c.CharSequenceEncoder - [3dbbcab4-1, L:/127.0.0.1:61412 - R:/127.0.0.1:61413] Writing "847. foo bar"
16:32:49.680 [reactor-http-nio-10] DEBUG o.s.c.c.CharSequenceEncoder - [3dbbcab4-1, L:/127.0.0.1:61412 - R:/127.0.0.1:61413] Writing "848. foo bar"
16:32:49.681 [reactor-http-nio-10] DEBUG o.s.c.c.CharSequenceEncoder - [3dbbcab4-1, L:/127.0.0.1:61412 - R:/127.0.0.1:61413] Writing "849. foo bar"
16:32:49.681 [reactor-http-nio-10] DEBUG o.s.c.c.CharSequenceEncoder - [3dbbcab4-1, L:/127.0.0.1:61412 - R:/127.0.0.1:61413] Writing "850. foo bar"
16:32:49.681 [reactor-http-nio-10] DEBUG o.s.c.c.CharSequenceEncoder - [3dbbcab4-1, L:/127.0.0.1:61412 - R:/127.0.0.1:61413] Writing "851. foo bar"
16:32:49.681 [reactor-http-nio-10] DEBUG o.s.c.c.CharSequenceEncoder - [3dbbcab4-1, L:/127.0.0.1:61412 - R:/127.0.0.1:61413] Writing "852. foo bar"
16:32:49.681 [reactor-http-nio-10] DEBUG o.s.c.c.CharSequenceEncoder - [3dbbcab4-1, L:/127.0.0.1:61412 - R:/127.0.0.1:61413] Writing "853. foo bar"
16:32:49.681 [reactor-http-nio-10] DEBUG o.s.c.c.CharSequenceEncoder - [3dbbcab4-1, L:/127.0.0.1:61412 - R:/127.0.0.1:61413] Writing "854. foo bar"
16:32:49.681 [reactor-http-nio-10] DEBUG o.s.c.c.CharSequenceEncoder - [3dbbcab4-1, L:/127.0.0.1:61412 - R:/127.0.0.1:61413] Writing "855. foo bar"
16:32:49.681 [reactor-http-nio-10] DEBUG o.s.c.c.CharSequenceEncoder - [3dbbcab4-1, L:/127.0.0.1:61412 - R:/127.0.0.1:61413] Writing "856. foo bar"
16:32:49.681 [reactor-http-nio-10] DEBUG o.s.c.c.CharSequenceEncoder - [3dbbcab4-1, L:/127.0.0.1:61412 - R:/127.0.0.1:61413] Writing "857. foo bar"
16:32:49.681 [reactor-http-nio-10] DEBUG o.s.c.c.CharSequenceEncoder - [3dbbcab4-1, L:/127.0.0.1:61412 - R:/127.0.0.1:61413] Writing "858. foo bar"
16:32:49.681 [reactor-http-nio-10] DEBUG o.s.c.c.CharSequenceEncoder - [3dbbcab4-1, L:/127.0.0.1:61412 - R:/127.0.0.1:61413] Writing "859. foo bar"
16:32:49.681 [reactor-http-nio-10] DEBUG o.s.c.c.CharSequenceEncoder - [3dbbcab4-1, L:/127.0.0.1:61412 - R:/127.0.0.1:61413] Writing "860. foo bar"
16:32:49.682 [reactor-http-nio-10] DEBUG o.s.c.c.CharSequenceEncoder - [3dbbcab4-1, L:/127.0.0.1:61412 - R:/127.0.0.1:61413] Writing "861. foo bar"
16:32:49.682 [reactor-http-nio-10] DEBUG o.s.c.c.CharSequenceEncoder - [3dbbcab4-1, L:/127.0.0.1:61412 - R:/127.0.0.1:61413] Writing "862. foo bar"
16:32:49.682 [reactor-http-nio-10] DEBUG o.s.c.c.CharSequenceEncoder - [3dbbcab4-1, L:/127.0.0.1:61412 - R:/127.0.0.1:61413] Writing "863. foo bar"
16:32:49.682 [reactor-http-nio-10] DEBUG o.s.c.c.CharSequenceEncoder - [3dbbcab4-1, L:/127.0.0.1:61412 - R:/127.0.0.1:61413] Writing "864. foo bar"
16:32:49.682 [reactor-http-nio-10] DEBUG o.s.c.c.CharSequenceEncoder - [3dbbcab4-1, L:/127.0.0.1:61412 - R:/127.0.0.1:61413] Writing "865. foo bar"
16:32:49.682 [reactor-http-nio-10] DEBUG o.s.c.c.CharSequenceEncoder - [3dbbcab4-1, L:/127.0.0.1:61412 - R:/127.0.0.1:61413] Writing "866. foo bar"
16:32:49.682 [reactor-http-nio-10] DEBUG o.s.c.c.CharSequenceEncoder - [3dbbcab4-1, L:/127.0.0.1:61412 - R:/127.0.0.1:61413] Writing "867. foo bar"
16:32:49.682 [reactor-http-nio-10] DEBUG o.s.c.c.CharSequenceEncoder - [3dbbcab4-1, L:/127.0.0.1:61412 - R:/127.0.0.1:61413] Writing "868. foo bar"
16:32:49.682 [reactor-http-nio-10] DEBUG o.s.c.c.CharSequenceEncoder - [3dbbcab4-1, L:/127.0.0.1:61412 - R:/127.0.0.1:61413] Writing "869. foo bar"
16:32:49.682 [reactor-http-nio-10] DEBUG o.s.c.c.CharSequenceEncoder - [3dbbcab4-1, L:/127.0.0.1:61412 - R:/127.0.0.1:61413] Writing "870. foo bar"
16:32:49.682 [reactor-http-nio-10] DEBUG o.s.c.c.CharSequenceEncoder - [3dbbcab4-1, L:/127.0.0.1:61412 - R:/127.0.0.1:61413] Writing "871. foo bar"
16:32:49.682 [reactor-http-nio-10] DEBUG o.s.c.c.CharSequenceEncoder - [3dbbcab4-1, L:/127.0.0.1:61412 - R:/127.0.0.1:61413] Writing "872. foo bar"
16:32:49.682 [reactor-http-nio-10] DEBUG o.s.c.c.CharSequenceEncoder - [3dbbcab4-1, L:/127.0.0.1:61412 - R:/127.0.0.1:61413] Writing "873. foo bar"
16:32:49.683 [reactor-http-nio-10] DEBUG o.s.c.c.CharSequenceEncoder - [3dbbcab4-1, L:/127.0.0.1:61412 - R:/127.0.0.1:61413] Writing "874. foo bar"
16:32:49.683 [reactor-http-nio-10] DEBUG o.s.c.c.CharSequenceEncoder - [3dbbcab4-1, L:/127.0.0.1:61412 - R:/127.0.0.1:61413] Writing "875. foo bar"
16:32:49.683 [reactor-http-nio-10] DEBUG o.s.c.c.CharSequenceEncoder - [3dbbcab4-1, L:/127.0.0.1:61412 - R:/127.0.0.1:61413] Writing "876. foo bar"
16:32:49.684 [reactor-http-nio-10] DEBUG o.s.c.c.CharSequenceEncoder - [3dbbcab4-1, L:/127.0.0.1:61412 - R:/127.0.0.1:61413] Writing "877. foo bar"
16:32:49.684 [reactor-http-nio-10] DEBUG o.s.c.c.CharSequenceEncoder - [3dbbcab4-1, L:/127.0.0.1:61412 - R:/127.0.0.1:61413] Writing "878. foo bar"
16:32:49.684 [reactor-http-nio-10] DEBUG o.s.c.c.CharSequenceEncoder - [3dbbcab4-1, L:/127.0.0.1:61412 - R:/127.0.0.1:61413] Writing "879. foo bar"
16:32:49.684 [reactor-http-nio-10] DEBUG o.s.c.c.CharSequenceEncoder - [3dbbcab4-1, L:/127.0.0.1:61412 - R:/127.0.0.1:61413] Writing "880. foo bar"
16:32:49.684 [reactor-http-nio-10] DEBUG o.s.c.c.CharSequenceEncoder - [3dbbcab4-1, L:/127.0.0.1:61412 - R:/127.0.0.1:61413] Writing "881. foo bar"
16:32:49.684 [reactor-http-nio-10] DEBUG o.s.c.c.CharSequenceEncoder - [3dbbcab4-1, L:/127.0.0.1:61412 - R:/127.0.0.1:61413] Writing "882. foo bar"
16:32:49.685 [reactor-http-nio-10] DEBUG o.s.c.c.CharSequenceEncoder - [3dbbcab4-1, L:/127.0.0.1:61412 - R:/127.0.0.1:61413] Writing "883. foo bar"
16:32:49.685 [reactor-http-nio-10] DEBUG o.s.c.c.CharSequenceEncoder - [3dbbcab4-1, L:/127.0.0.1:61412 - R:/127.0.0.1:61413] Writing "884. foo bar"
16:32:49.686 [reactor-http-nio-10] DEBUG o.s.c.c.CharSequenceEncoder - [3dbbcab4-1, L:/127.0.0.1:61412 - R:/127.0.0.1:61413] Writing "885. foo bar"
16:32:49.686 [reactor-http-nio-10] DEBUG o.s.c.c.CharSequenceEncoder - [3dbbcab4-1, L:/127.0.0.1:61412 - R:/127.0.0.1:61413] Writing "886. foo bar"
16:32:49.686 [reactor-http-nio-10] DEBUG o.s.c.c.CharSequenceEncoder - [3dbbcab4-1, L:/127.0.0.1:61412 - R:/127.0.0.1:61413] Writing "887. foo bar"
16:32:49.686 [reactor-http-nio-10] DEBUG o.s.c.c.CharSequenceEncoder - [3dbbcab4-1, L:/127.0.0.1:61412 - R:/127.0.0.1:61413] Writing "888. foo bar"
16:32:49.687 [reactor-http-nio-10] DEBUG o.s.c.c.CharSequenceEncoder - [3dbbcab4-1, L:/127.0.0.1:61412 - R:/127.0.0.1:61413] Writing "889. foo bar"
16:32:49.687 [reactor-http-nio-10] DEBUG o.s.c.c.CharSequenceEncoder - [3dbbcab4-1, L:/127.0.0.1:61412 - R:/127.0.0.1:61413] Writing "890. foo bar"
16:32:49.687 [reactor-http-nio-10] DEBUG o.s.c.c.CharSequenceEncoder - [3dbbcab4-1, L:/127.0.0.1:61412 - R:/127.0.0.1:61413] Writing "891. foo bar"
16:32:49.687 [reactor-http-nio-10] DEBUG o.s.c.c.CharSequenceEncoder - [3dbbcab4-1, L:/127.0.0.1:61412 - R:/127.0.0.1:61413] Writing "892. foo bar"
16:32:49.687 [reactor-http-nio-10] DEBUG o.s.c.c.CharSequenceEncoder - [3dbbcab4-1, L:/127.0.0.1:61412 - R:/127.0.0.1:61413] Writing "893. foo bar"
16:32:49.687 [reactor-http-nio-10] DEBUG o.s.c.c.CharSequenceEncoder - [3dbbcab4-1, L:/127.0.0.1:61412 - R:/127.0.0.1:61413] Writing "894. foo bar"
16:32:49.687 [reactor-http-nio-10] DEBUG o.s.c.c.CharSequenceEncoder - [3dbbcab4-1, L:/127.0.0.1:61412 - R:/127.0.0.1:61413] Writing "895. foo bar"
16:32:49.687 [reactor-http-nio-10] DEBUG o.s.c.c.CharSequenceEncoder - [3dbbcab4-1, L:/127.0.0.1:61412 - R:/127.0.0.1:61413] Writing "896. foo bar"
16:32:49.704 [reactor-http-nio-10] DEBUG o.s.c.c.CharSequenceEncoder - [3dbbcab4-1, L:/127.0.0.1:61412 - R:/127.0.0.1:61413] Writing "897. foo bar"
16:32:49.704 [reactor-http-nio-10] DEBUG o.s.c.c.CharSequenceEncoder - [3dbbcab4-1, L:/127.0.0.1:61412 - R:/127.0.0.1:61413] Writing "898. foo bar"
16:32:49.704 [reactor-http-nio-10] DEBUG o.s.c.c.CharSequenceEncoder - [3dbbcab4-1, L:/127.0.0.1:61412 - R:/127.0.0.1:61413] Writing "899. foo bar"
16:32:49.704 [reactor-http-nio-10] DEBUG o.s.c.c.CharSequenceEncoder - [3dbbcab4-1, L:/127.0.0.1:61412 - R:/127.0.0.1:61413] Writing "900. foo bar"
16:32:49.705 [reactor-http-nio-10] DEBUG o.s.c.c.CharSequenceEncoder - [3dbbcab4-1, L:/127.0.0.1:61412 - R:/127.0.0.1:61413] Writing "901. foo bar"
16:32:49.705 [reactor-http-nio-10] DEBUG o.s.c.c.CharSequenceEncoder - [3dbbcab4-1, L:/127.0.0.1:61412 - R:/127.0.0.1:61413] Writing "902. foo bar"
16:32:49.705 [reactor-http-nio-10] DEBUG o.s.c.c.CharSequenceEncoder - [3dbbcab4-1, L:/127.0.0.1:61412 - R:/127.0.0.1:61413] Writing "903. foo bar"
16:32:49.705 [reactor-http-nio-10] DEBUG o.s.c.c.CharSequenceEncoder - [3dbbcab4-1, L:/127.0.0.1:61412 - R:/127.0.0.1:61413] Writing "904. foo bar"
16:32:49.707 [reactor-http-nio-10] DEBUG o.s.c.c.CharSequenceEncoder - [3dbbcab4-1, L:/127.0.0.1:61412 - R:/127.0.0.1:61413] Writing "905. foo bar"
16:32:49.707 [reactor-http-nio-10] DEBUG o.s.c.c.CharSequenceEncoder - [3dbbcab4-1, L:/127.0.0.1:61412 - R:/127.0.0.1:61413] Writing "906. foo bar"
16:32:49.707 [reactor-http-nio-10] DEBUG o.s.c.c.CharSequenceEncoder - [3dbbcab4-1, L:/127.0.0.1:61412 - R:/127.0.0.1:61413] Writing "907. foo bar"
16:32:49.707 [reactor-http-nio-10] DEBUG o.s.c.c.CharSequenceEncoder - [3dbbcab4-1, L:/127.0.0.1:61412 - R:/127.0.0.1:61413] Writing "908. foo bar"
16:32:49.707 [reactor-http-nio-10] DEBUG o.s.c.c.CharSequenceEncoder - [3dbbcab4-1, L:/127.0.0.1:61412 - R:/127.0.0.1:61413] Writing "909. foo bar"
16:32:49.707 [reactor-http-nio-10] DEBUG o.s.c.c.CharSequenceEncoder - [3dbbcab4-1, L:/127.0.0.1:61412 - R:/127.0.0.1:61413] Writing "910. foo bar"
16:32:49.707 [reactor-http-nio-10] DEBUG o.s.c.c.CharSequenceEncoder - [3dbbcab4-1, L:/127.0.0.1:61412 - R:/127.0.0.1:61413] Writing "911. foo bar"
16:32:49.707 [reactor-http-nio-10] DEBUG o.s.c.c.CharSequenceEncoder - [3dbbcab4-1, L:/127.0.0.1:61412 - R:/127.0.0.1:61413] Writing "912. foo bar"
16:32:49.707 [reactor-http-nio-10] DEBUG o.s.c.c.CharSequenceEncoder - [3dbbcab4-1, L:/127.0.0.1:61412 - R:/127.0.0.1:61413] Writing "913. foo bar"
16:32:49.707 [reactor-http-nio-10] DEBUG o.s.c.c.CharSequenceEncoder - [3dbbcab4-1, L:/127.0.0.1:61412 - R:/127.0.0.1:61413] Writing "914. foo bar"
16:32:49.707 [reactor-http-nio-10] DEBUG o.s.c.c.CharSequenceEncoder - [3dbbcab4-1, L:/127.0.0.1:61412 - R:/127.0.0.1:61413] Writing "915. foo bar"
16:32:49.708 [reactor-http-nio-10] DEBUG o.s.c.c.CharSequenceEncoder - [3dbbcab4-1, L:/127.0.0.1:61412 - R:/127.0.0.1:61413] Writing "916. foo bar"
16:32:49.708 [reactor-http-nio-10] DEBUG o.s.c.c.CharSequenceEncoder - [3dbbcab4-1, L:/127.0.0.1:61412 - R:/127.0.0.1:61413] Writing "917. foo bar"
16:32:49.708 [reactor-http-nio-10] DEBUG o.s.c.c.CharSequenceEncoder - [3dbbcab4-1, L:/127.0.0.1:61412 - R:/127.0.0.1:61413] Writing "918. foo bar"
16:32:49.708 [reactor-http-nio-10] DEBUG o.s.c.c.CharSequenceEncoder - [3dbbcab4-1, L:/127.0.0.1:61412 - R:/127.0.0.1:61413] Writing "919. foo bar"
16:32:49.708 [reactor-http-nio-10] DEBUG o.s.c.c.CharSequenceEncoder - [3dbbcab4-1, L:/127.0.0.1:61412 - R:/127.0.0.1:61413] Writing "920. foo bar"
16:32:49.710 [reactor-http-nio-10] DEBUG o.s.c.c.CharSequenceEncoder - [3dbbcab4-1, L:/127.0.0.1:61412 - R:/127.0.0.1:61413] Writing "921. foo bar"
16:32:49.710 [reactor-http-nio-10] DEBUG o.s.c.c.CharSequenceEncoder - [3dbbcab4-1, L:/127.0.0.1:61412 - R:/127.0.0.1:61413] Writing "922. foo bar"
16:32:49.710 [reactor-http-nio-10] DEBUG o.s.c.c.CharSequenceEncoder - [3dbbcab4-1, L:/127.0.0.1:61412 - R:/127.0.0.1:61413] Writing "923. foo bar"
16:32:49.710 [reactor-http-nio-10] DEBUG o.s.c.c.CharSequenceEncoder - [3dbbcab4-1, L:/127.0.0.1:61412 - R:/127.0.0.1:61413] Writing "924. foo bar"
16:32:49.710 [reactor-http-nio-10] DEBUG o.s.c.c.CharSequenceEncoder - [3dbbcab4-1, L:/127.0.0.1:61412 - R:/127.0.0.1:61413] Writing "925. foo bar"
16:32:49.710 [reactor-http-nio-10] DEBUG o.s.c.c.CharSequenceEncoder - [3dbbcab4-1, L:/127.0.0.1:61412 - R:/127.0.0.1:61413] Writing "926. foo bar"
16:32:49.711 [reactor-http-nio-10] DEBUG o.s.c.c.CharSequenceEncoder - [3dbbcab4-1, L:/127.0.0.1:61412 - R:/127.0.0.1:61413] Writing "927. foo bar"
16:32:49.711 [reactor-http-nio-10] DEBUG o.s.c.c.CharSequenceEncoder - [3dbbcab4-1, L:/127.0.0.1:61412 - R:/127.0.0.1:61413] Writing "928. foo bar"
16:32:49.711 [reactor-http-nio-10] DEBUG o.s.c.c.CharSequenceEncoder - [3dbbcab4-1, L:/127.0.0.1:61412 - R:/127.0.0.1:61413] Writing "929. foo bar"
16:32:49.711 [reactor-http-nio-10] DEBUG o.s.c.c.CharSequenceEncoder - [3dbbcab4-1, L:/127.0.0.1:61412 - R:/127.0.0.1:61413] Writing "930. foo bar"
16:32:49.711 [reactor-http-nio-10] DEBUG o.s.c.c.CharSequenceEncoder - [3dbbcab4-1, L:/127.0.0.1:61412 - R:/127.0.0.1:61413] Writing "931. foo bar"
16:32:49.711 [reactor-http-nio-10] DEBUG o.s.c.c.CharSequenceEncoder - [3dbbcab4-1, L:/127.0.0.1:61412 - R:/127.0.0.1:61413] Writing "932. foo bar"
16:32:49.711 [reactor-http-nio-10] DEBUG o.s.c.c.CharSequenceEncoder - [3dbbcab4-1, L:/127.0.0.1:61412 - R:/127.0.0.1:61413] Writing "933. foo bar"
16:32:49.711 [reactor-http-nio-10] DEBUG o.s.c.c.CharSequenceEncoder - [3dbbcab4-1, L:/127.0.0.1:61412 - R:/127.0.0.1:61413] Writing "934. foo bar"
16:32:49.711 [reactor-http-nio-10] DEBUG o.s.c.c.CharSequenceEncoder - [3dbbcab4-1, L:/127.0.0.1:61412 - R:/127.0.0.1:61413] Writing "935. foo bar"
16:32:49.711 [reactor-http-nio-10] DEBUG o.s.c.c.CharSequenceEncoder - [3dbbcab4-1, L:/127.0.0.1:61412 - R:/127.0.0.1:61413] Writing "936. foo bar"
16:32:49.711 [reactor-http-nio-10] DEBUG o.s.c.c.CharSequenceEncoder - [3dbbcab4-1, L:/127.0.0.1:61412 - R:/127.0.0.1:61413] Writing "937. foo bar"
16:32:49.711 [reactor-http-nio-10] DEBUG o.s.c.c.CharSequenceEncoder - [3dbbcab4-1, L:/127.0.0.1:61412 - R:/127.0.0.1:61413] Writing "938. foo bar"
16:32:49.712 [reactor-http-nio-10] DEBUG o.s.c.c.CharSequenceEncoder - [3dbbcab4-1, L:/127.0.0.1:61412 - R:/127.0.0.1:61413] Writing "939. foo bar"
16:32:49.712 [reactor-http-nio-10] DEBUG o.s.c.c.CharSequenceEncoder - [3dbbcab4-1, L:/127.0.0.1:61412 - R:/127.0.0.1:61413] Writing "940. foo bar"
16:32:49.712 [reactor-http-nio-10] DEBUG o.s.c.c.CharSequenceEncoder - [3dbbcab4-1, L:/127.0.0.1:61412 - R:/127.0.0.1:61413] Writing "941. foo bar"
16:32:49.712 [reactor-http-nio-10] DEBUG o.s.c.c.CharSequenceEncoder - [3dbbcab4-1, L:/127.0.0.1:61412 - R:/127.0.0.1:61413] Writing "942. foo bar"
16:32:49.712 [reactor-http-nio-10] DEBUG o.s.c.c.CharSequenceEncoder - [3dbbcab4-1, L:/127.0.0.1:61412 - R:/127.0.0.1:61413] Writing "943. foo bar"
16:32:49.712 [reactor-http-nio-10] DEBUG o.s.c.c.CharSequenceEncoder - [3dbbcab4-1, L:/127.0.0.1:61412 - R:/127.0.0.1:61413] Writing "944. foo bar"
16:32:49.712 [reactor-http-nio-10] DEBUG o.s.c.c.CharSequenceEncoder - [3dbbcab4-1, L:/127.0.0.1:61412 - R:/127.0.0.1:61413] Writing "945. foo bar"
16:32:49.712 [reactor-http-nio-10] DEBUG o.s.c.c.CharSequenceEncoder - [3dbbcab4-1, L:/127.0.0.1:61412 - R:/127.0.0.1:61413] Writing "946. foo bar"
16:32:49.712 [reactor-http-nio-10] DEBUG o.s.c.c.CharSequenceEncoder - [3dbbcab4-1, L:/127.0.0.1:61412 - R:/127.0.0.1:61413] Writing "947. foo bar"
16:32:49.712 [reactor-http-nio-10] DEBUG o.s.c.c.CharSequenceEncoder - [3dbbcab4-1, L:/127.0.0.1:61412 - R:/127.0.0.1:61413] Writing "948. foo bar"
16:32:49.712 [reactor-http-nio-10] DEBUG o.s.c.c.CharSequenceEncoder - [3dbbcab4-1, L:/127.0.0.1:61412 - R:/127.0.0.1:61413] Writing "949. foo bar"
16:32:49.712 [reactor-http-nio-10] DEBUG o.s.c.c.CharSequenceEncoder - [3dbbcab4-1, L:/127.0.0.1:61412 - R:/127.0.0.1:61413] Writing "950. foo bar"
16:32:49.712 [reactor-http-nio-10] DEBUG o.s.c.c.CharSequenceEncoder - [3dbbcab4-1, L:/127.0.0.1:61412 - R:/127.0.0.1:61413] Writing "951. foo bar"
16:32:49.713 [reactor-http-nio-10] DEBUG o.s.c.c.CharSequenceEncoder - [3dbbcab4-1, L:/127.0.0.1:61412 - R:/127.0.0.1:61413] Writing "952. foo bar"
16:32:49.713 [reactor-http-nio-10] DEBUG o.s.c.c.CharSequenceEncoder - [3dbbcab4-1, L:/127.0.0.1:61412 - R:/127.0.0.1:61413] Writing "953. foo bar"
16:32:49.713 [reactor-http-nio-10] DEBUG o.s.c.c.CharSequenceEncoder - [3dbbcab4-1, L:/127.0.0.1:61412 - R:/127.0.0.1:61413] Writing "954. foo bar"
16:32:49.713 [reactor-http-nio-10] DEBUG o.s.c.c.CharSequenceEncoder - [3dbbcab4-1, L:/127.0.0.1:61412 - R:/127.0.0.1:61413] Writing "955. foo bar"
16:32:49.713 [reactor-http-nio-10] DEBUG o.s.c.c.CharSequenceEncoder - [3dbbcab4-1, L:/127.0.0.1:61412 - R:/127.0.0.1:61413] Writing "956. foo bar"
16:32:49.713 [reactor-http-nio-10] DEBUG o.s.c.c.CharSequenceEncoder - [3dbbcab4-1, L:/127.0.0.1:61412 - R:/127.0.0.1:61413] Writing "957. foo bar"
16:32:49.713 [reactor-http-nio-10] DEBUG o.s.c.c.CharSequenceEncoder - [3dbbcab4-1, L:/127.0.0.1:61412 - R:/127.0.0.1:61413] Writing "958. foo bar"
16:32:49.713 [reactor-http-nio-10] DEBUG o.s.c.c.CharSequenceEncoder - [3dbbcab4-1, L:/127.0.0.1:61412 - R:/127.0.0.1:61413] Writing "959. foo bar"
16:32:49.713 [reactor-http-nio-10] DEBUG o.s.c.c.CharSequenceEncoder - [3dbbcab4-1, L:/127.0.0.1:61412 - R:/127.0.0.1:61413] Writing "960. foo bar"
16:32:49.724 [reactor-http-nio-10] DEBUG o.s.c.c.CharSequenceEncoder - [3dbbcab4-1, L:/127.0.0.1:61412 - R:/127.0.0.1:61413] Writing "961. foo bar"
16:32:49.724 [reactor-http-nio-10] DEBUG o.s.c.c.CharSequenceEncoder - [3dbbcab4-1, L:/127.0.0.1:61412 - R:/127.0.0.1:61413] Writing "962. foo bar"
16:32:49.725 [reactor-http-nio-10] DEBUG o.s.c.c.CharSequenceEncoder - [3dbbcab4-1, L:/127.0.0.1:61412 - R:/127.0.0.1:61413] Writing "963. foo bar"
16:32:49.725 [reactor-http-nio-10] DEBUG o.s.c.c.CharSequenceEncoder - [3dbbcab4-1, L:/127.0.0.1:61412 - R:/127.0.0.1:61413] Writing "964. foo bar"
16:32:49.725 [reactor-http-nio-10] DEBUG o.s.c.c.CharSequenceEncoder - [3dbbcab4-1, L:/127.0.0.1:61412 - R:/127.0.0.1:61413] Writing "965. foo bar"
16:32:49.725 [reactor-http-nio-10] DEBUG o.s.c.c.CharSequenceEncoder - [3dbbcab4-1, L:/127.0.0.1:61412 - R:/127.0.0.1:61413] Writing "966. foo bar"
16:32:49.725 [reactor-http-nio-10] DEBUG o.s.c.c.CharSequenceEncoder - [3dbbcab4-1, L:/127.0.0.1:61412 - R:/127.0.0.1:61413] Writing "967. foo bar"
16:32:49.725 [reactor-http-nio-10] DEBUG o.s.c.c.CharSequenceEncoder - [3dbbcab4-1, L:/127.0.0.1:61412 - R:/127.0.0.1:61413] Writing "968. foo bar"
16:32:49.725 [reactor-http-nio-10] DEBUG o.s.c.c.CharSequenceEncoder - [3dbbcab4-1, L:/127.0.0.1:61412 - R:/127.0.0.1:61413] Writing "969. foo bar"
16:32:49.725 [reactor-http-nio-10] DEBUG o.s.c.c.CharSequenceEncoder - [3dbbcab4-1, L:/127.0.0.1:61412 - R:/127.0.0.1:61413] Writing "970. foo bar"
16:32:49.725 [reactor-http-nio-10] DEBUG o.s.c.c.CharSequenceEncoder - [3dbbcab4-1, L:/127.0.0.1:61412 - R:/127.0.0.1:61413] Writing "971. foo bar"
16:32:49.726 [reactor-http-nio-10] DEBUG o.s.c.c.CharSequenceEncoder - [3dbbcab4-1, L:/127.0.0.1:61412 - R:/127.0.0.1:61413] Writing "972. foo bar"
16:32:49.726 [reactor-http-nio-10] DEBUG o.s.c.c.CharSequenceEncoder - [3dbbcab4-1, L:/127.0.0.1:61412 - R:/127.0.0.1:61413] Writing "973. foo bar"
16:32:49.726 [reactor-http-nio-10] DEBUG o.s.c.c.CharSequenceEncoder - [3dbbcab4-1, L:/127.0.0.1:61412 - R:/127.0.0.1:61413] Writing "974. foo bar"
16:32:49.726 [reactor-http-nio-10] DEBUG o.s.c.c.CharSequenceEncoder - [3dbbcab4-1, L:/127.0.0.1:61412 - R:/127.0.0.1:61413] Writing "975. foo bar"
16:32:49.726 [reactor-http-nio-10] DEBUG o.s.c.c.CharSequenceEncoder - [3dbbcab4-1, L:/127.0.0.1:61412 - R:/127.0.0.1:61413] Writing "976. foo bar"
16:32:49.726 [reactor-http-nio-10] DEBUG o.s.c.c.CharSequenceEncoder - [3dbbcab4-1, L:/127.0.0.1:61412 - R:/127.0.0.1:61413] Writing "977. foo bar"
16:32:49.726 [reactor-http-nio-10] DEBUG o.s.c.c.CharSequenceEncoder - [3dbbcab4-1, L:/127.0.0.1:61412 - R:/127.0.0.1:61413] Writing "978. foo bar"
16:32:49.726 [reactor-http-nio-10] DEBUG o.s.c.c.CharSequenceEncoder - [3dbbcab4-1, L:/127.0.0.1:61412 - R:/127.0.0.1:61413] Writing "979. foo bar"
16:32:49.726 [reactor-http-nio-10] DEBUG o.s.c.c.CharSequenceEncoder - [3dbbcab4-1, L:/127.0.0.1:61412 - R:/127.0.0.1:61413] Writing "980. foo bar"
16:32:49.726 [reactor-http-nio-10] DEBUG o.s.c.c.CharSequenceEncoder - [3dbbcab4-1, L:/127.0.0.1:61412 - R:/127.0.0.1:61413] Writing "981. foo bar"
16:32:49.726 [reactor-http-nio-10] DEBUG o.s.c.c.CharSequenceEncoder - [3dbbcab4-1, L:/127.0.0.1:61412 - R:/127.0.0.1:61413] Writing "982. foo bar"
16:32:49.726 [reactor-http-nio-10] DEBUG o.s.c.c.CharSequenceEncoder - [3dbbcab4-1, L:/127.0.0.1:61412 - R:/127.0.0.1:61413] Writing "983. foo bar"
16:32:49.726 [reactor-http-nio-10] DEBUG o.s.c.c.CharSequenceEncoder - [3dbbcab4-1, L:/127.0.0.1:61412 - R:/127.0.0.1:61413] Writing "984. foo bar"
16:32:49.727 [reactor-http-nio-10] DEBUG o.s.c.c.CharSequenceEncoder - [3dbbcab4-1, L:/127.0.0.1:61412 - R:/127.0.0.1:61413] Writing "985. foo bar"
16:32:49.727 [reactor-http-nio-10] DEBUG o.s.c.c.CharSequenceEncoder - [3dbbcab4-1, L:/127.0.0.1:61412 - R:/127.0.0.1:61413] Writing "986. foo bar"
16:32:49.727 [reactor-http-nio-10] DEBUG o.s.c.c.CharSequenceEncoder - [3dbbcab4-1, L:/127.0.0.1:61412 - R:/127.0.0.1:61413] Writing "987. foo bar"
16:32:49.727 [reactor-http-nio-10] DEBUG o.s.c.c.CharSequenceEncoder - [3dbbcab4-1, L:/127.0.0.1:61412 - R:/127.0.0.1:61413] Writing "988. foo bar"
16:32:49.727 [reactor-http-nio-10] DEBUG o.s.c.c.CharSequenceEncoder - [3dbbcab4-1, L:/127.0.0.1:61412 - R:/127.0.0.1:61413] Writing "989. foo bar"
16:32:49.727 [reactor-http-nio-10] DEBUG o.s.c.c.CharSequenceEncoder - [3dbbcab4-1, L:/127.0.0.1:61412 - R:/127.0.0.1:61413] Writing "990. foo bar"
16:32:49.727 [reactor-http-nio-10] DEBUG o.s.c.c.CharSequenceEncoder - [3dbbcab4-1, L:/127.0.0.1:61412 - R:/127.0.0.1:61413] Writing "991. foo bar"
16:32:49.727 [reactor-http-nio-10] DEBUG o.s.c.c.CharSequenceEncoder - [3dbbcab4-1, L:/127.0.0.1:61412 - R:/127.0.0.1:61413] Writing "992. foo bar"
16:32:49.727 [reactor-http-nio-10] DEBUG o.s.c.c.CharSequenceEncoder - [3dbbcab4-1, L:/127.0.0.1:61412 - R:/127.0.0.1:61413] Writing "993. foo bar"
16:32:49.727 [reactor-http-nio-10] DEBUG o.s.c.c.CharSequenceEncoder - [3dbbcab4-1, L:/127.0.0.1:61412 - R:/127.0.0.1:61413] Writing "994. foo bar"
16:32:49.727 [reactor-http-nio-10] DEBUG o.s.c.c.CharSequenceEncoder - [3dbbcab4-1, L:/127.0.0.1:61412 - R:/127.0.0.1:61413] Writing "995. foo bar"
16:32:49.727 [reactor-http-nio-10] DEBUG o.s.c.c.CharSequenceEncoder - [3dbbcab4-1, L:/127.0.0.1:61412 - R:/127.0.0.1:61413] Writing "996. foo bar"
16:32:49.727 [reactor-http-nio-10] DEBUG o.s.c.c.CharSequenceEncoder - [3dbbcab4-1, L:/127.0.0.1:61412 - R:/127.0.0.1:61413] Writing "997. foo bar"
16:32:49.728 [reactor-http-nio-10] DEBUG o.s.c.c.CharSequenceEncoder - [3dbbcab4-1, L:/127.0.0.1:61412 - R:/127.0.0.1:61413] Writing "998. foo bar"
16:32:49.728 [reactor-http-nio-10] DEBUG o.s.c.c.CharSequenceEncoder - [3dbbcab4-1, L:/127.0.0.1:61412 - R:/127.0.0.1:61413] Writing "999. foo bar"
16:32:49.742 [reactor-http-nio-10] ERROR o.s.w.s.a.HttpWebHandlerAdapter - [3dbbcab4-1, L:/127.0.0.1:61412 - R:/127.0.0.1:61413] Error [java.lang.RuntimeException: Random error] for HTTP GET "/SPR-16051", but ServerHttpResponse already committed (200 OK)
16:32:49.742 [reactor-http-nio-10] ERROR r.n.h.s.HttpServerOperations - [id:3dbbcab4-1, L:/127.0.0.1:61412 - R:/127.0.0.1:61413] Error finishing response. Closing connection
java.lang.RuntimeException: Random error
	at org.springframework.web.reactive.result.method.annotation.RequestMappingExceptionHandlingIntegrationTests$TestController.lambda$errors$0(RequestMappingExceptionHandlingIntegrationTests.java:154) ~[test/:?]
	Suppressed: reactor.core.publisher.FluxOnAssembly$OnAssemblyException: 
Error has been observed at the following site(s):
	|_ checkpoint ⇢ Handler org.springframework.web.reactive.result.method.annotation.RequestMappingExceptionHandlingIntegrationTests$TestController#errors() [DispatcherHandler]
	|_ checkpoint ⇢ HTTP GET "/SPR-16051" [ExceptionHandlingWebHandler]
Stack trace:
		at org.springframework.web.reactive.result.method.annotation.RequestMappingExceptionHandlingIntegrationTests$TestController.lambda$errors$0(RequestMappingExceptionHandlingIntegrationTests.java:154) ~[test/:?]
		at reactor.core.publisher.FluxMapFuseable$MapFuseableSubscriber.onNext(FluxMapFuseable.java:113) ~[reactor-core-3.4.5.jar:3.4.5]
		at reactor.core.publisher.FluxRange$RangeSubscription.slowPath(FluxRange.java:155) ~[reactor-core-3.4.5.jar:3.4.5]
		at reactor.core.publisher.FluxRange$RangeSubscription.request(FluxRange.java:110) ~[reactor-core-3.4.5.jar:3.4.5]
		at reactor.core.publisher.FluxMapFuseable$MapFuseableSubscriber.request(FluxMapFuseable.java:169) ~[reactor-core-3.4.5.jar:3.4.5]
		at reactor.core.publisher.FluxMapFuseable$MapFuseableSubscriber.request(FluxMapFuseable.java:169) ~[reactor-core-3.4.5.jar:3.4.5]
		at reactor.core.publisher.FluxPeekFuseable$PeekFuseableSubscriber.request(FluxPeekFuseable.java:144) ~[reactor-core-3.4.5.jar:3.4.5]
		at org.springframework.http.server.reactive.ChannelSendOperator$WriteBarrier.request(ChannelSendOperator.java:272) ~[spring-web-5.3.7-SNAPSHOT.jar:5.3.7-SNAPSHOT]
		at reactor.core.publisher.FluxMap$MapSubscriber.request(FluxMap.java:162) ~[reactor-core-3.4.5.jar:3.4.5]
		at reactor.netty.channel.MonoSendMany$SendManyInner.run(MonoSendMany.java:360) [reactor-netty-core-1.0.6.jar:1.0.6]
		at reactor.netty.channel.MonoSendMany$SendManyInner.trySchedule(MonoSendMany.java:423) [reactor-netty-core-1.0.6.jar:1.0.6]
		at reactor.netty.channel.MonoSendMany$SendManyInner.trySuccess(MonoSendMany.java:590) [reactor-netty-core-1.0.6.jar:1.0.6]
		at reactor.netty.channel.MonoSendMany$SendManyInner.trySuccess(MonoSendMany.java:118) [reactor-netty-core-1.0.6.jar:1.0.6]
		at io.netty.util.concurrent.PromiseCombiner.tryPromise(PromiseCombiner.java:170) [netty-common-4.1.63.Final.jar:4.1.63.Final]
		at io.netty.util.concurrent.PromiseCombiner.access$600(PromiseCombiner.java:35) [netty-common-4.1.63.Final.jar:4.1.63.Final]
		at io.netty.util.concurrent.PromiseCombiner$1.operationComplete0(PromiseCombiner.java:62) [netty-common-4.1.63.Final.jar:4.1.63.Final]
		at io.netty.util.concurrent.PromiseCombiner$1.operationComplete(PromiseCombiner.java:44) [netty-common-4.1.63.Final.jar:4.1.63.Final]
		at io.netty.util.concurrent.DefaultPromise.notifyListener0(DefaultPromise.java:578) [netty-common-4.1.63.Final.jar:4.1.63.Final]
		at io.netty.util.concurrent.DefaultPromise.notifyListenersNow(DefaultPromise.java:552) [netty-common-4.1.63.Final.jar:4.1.63.Final]
		at io.netty.util.concurrent.DefaultPromise.notifyListeners(DefaultPromise.java:491) [netty-common-4.1.63.Final.jar:4.1.63.Final]
		at io.netty.util.concurrent.DefaultPromise.setValue0(DefaultPromise.java:616) [netty-common-4.1.63.Final.jar:4.1.63.Final]
		at io.netty.util.concurrent.DefaultPromise.setSuccess0(DefaultPromise.java:605) [netty-common-4.1.63.Final.jar:4.1.63.Final]
		at io.netty.util.concurrent.DefaultPromise.trySuccess(DefaultPromise.java:104) [netty-common-4.1.63.Final.jar:4.1.63.Final]
		at io.netty.util.internal.PromiseNotificationUtil.trySuccess(PromiseNotificationUtil.java:48) [netty-common-4.1.63.Final.jar:4.1.63.Final]
		at io.netty.channel.ChannelOutboundBuffer.safeSuccess(ChannelOutboundBuffer.java:717) [netty-transport-4.1.63.Final.jar:4.1.63.Final]
		at io.netty.channel.ChannelOutboundBuffer.remove(ChannelOutboundBuffer.java:272) [netty-transport-4.1.63.Final.jar:4.1.63.Final]
		at io.netty.channel.ChannelOutboundBuffer.removeBytes(ChannelOutboundBuffer.java:352) [netty-transport-4.1.63.Final.jar:4.1.63.Final]
		at io.netty.channel.socket.nio.NioSocketChannel.doWrite(NioSocketChannel.java:431) [netty-transport-4.1.63.Final.jar:4.1.63.Final]
		at io.netty.channel.AbstractChannel$AbstractUnsafe.flush0(AbstractChannel.java:953) [netty-transport-4.1.63.Final.jar:4.1.63.Final]
		at io.netty.channel.nio.AbstractNioChannel$AbstractNioUnsafe.flush0(AbstractNioChannel.java:354) [netty-transport-4.1.63.Final.jar:4.1.63.Final]
		at io.netty.channel.AbstractChannel$AbstractUnsafe.flush(AbstractChannel.java:917) [netty-transport-4.1.63.Final.jar:4.1.63.Final]
		at io.netty.channel.DefaultChannelPipeline$HeadContext.flush(DefaultChannelPipeline.java:1372) [netty-transport-4.1.63.Final.jar:4.1.63.Final]
		at io.netty.channel.AbstractChannelHandlerContext.invokeFlush0(AbstractChannelHandlerContext.java:750) [netty-transport-4.1.63.Final.jar:4.1.63.Final]
		at io.netty.channel.AbstractChannelHandlerContext.invokeFlush(AbstractChannelHandlerContext.java:742) [netty-transport-4.1.63.Final.jar:4.1.63.Final]
		at io.netty.channel.AbstractChannelHandlerContext.flush(AbstractChannelHandlerContext.java:728) [netty-transport-4.1.63.Final.jar:4.1.63.Final]
		at io.netty.channel.CombinedChannelDuplexHandler$DelegatingChannelHandlerContext.flush(CombinedChannelDuplexHandler.java:531) [netty-transport-4.1.63.Final.jar:4.1.63.Final]
		at io.netty.channel.ChannelOutboundHandlerAdapter.flush(ChannelOutboundHandlerAdapter.java:125) [netty-transport-4.1.63.Final.jar:4.1.63.Final]
		at io.netty.channel.CombinedChannelDuplexHandler.flush(CombinedChannelDuplexHandler.java:356) [netty-transport-4.1.63.Final.jar:4.1.63.Final]
		at io.netty.channel.AbstractChannelHandlerContext.invokeFlush0(AbstractChannelHandlerContext.java:750) [netty-transport-4.1.63.Final.jar:4.1.63.Final]
		at io.netty.channel.AbstractChannelHandlerContext.invokeFlush(AbstractChannelHandlerContext.java:742) [netty-transport-4.1.63.Final.jar:4.1.63.Final]
		at io.netty.channel.AbstractChannelHandlerContext.flush(AbstractChannelHandlerContext.java:728) [netty-transport-4.1.63.Final.jar:4.1.63.Final]
		at reactor.netty.channel.MonoSendMany$SendManyInner$AsyncFlush.run(MonoSendMany.java:778) [reactor-netty-core-1.0.6.jar:1.0.6]
		at io.netty.util.concurrent.AbstractEventExecutor.safeExecute(AbstractEventExecutor.java:164) [netty-common-4.1.63.Final.jar:4.1.63.Final]
		at io.netty.util.concurrent.SingleThreadEventExecutor.runAllTasks(SingleThreadEventExecutor.java:472) [netty-common-4.1.63.Final.jar:4.1.63.Final]
		at io.netty.channel.nio.NioEventLoop.run(NioEventLoop.java:497) [netty-transport-4.1.63.Final.jar:4.1.63.Final]
		at io.netty.util.concurrent.SingleThreadEventExecutor$4.run(SingleThreadEventExecutor.java:989) [netty-common-4.1.63.Final.jar:4.1.63.Final]
		at io.netty.util.internal.ThreadExecutorMap$2.run(ThreadExecutorMap.java:74) [netty-common-4.1.63.Final.jar:4.1.63.Final]
		at io.netty.util.concurrent.FastThreadLocalRunnable.run(FastThreadLocalRunnable.java:30) [netty-common-4.1.63.Final.jar:4.1.63.Final]
		at java.lang.Thread.run(Thread.java:834) [?:?]
16:32:49.750 [Test worker] DEBUG o.s.w.t.h.s.r.b.ReactorHttpServer - Stopping ReactorHttpServer...
16:32:49.750 [Test worker] DEBUG o.s.w.t.h.s.r.b.ReactorHttpServer - Server stopped (0 millis).
16:32:49.802 [Test worker] DEBUG o.s.w.r.r.m.a.RequestMappingHandlerMapping - 6 mappings in 'requestMappingHandlerMapping'
16:32:49.828 [Test worker] DEBUG o.s.w.r.r.m.a.ControllerMethodResolver - ControllerAdvice beans: none
16:32:49.838 [Test worker] DEBUG o.s.w.s.a.HttpWebHandlerAdapter - enableLoggingRequestDetails='false': form data and headers will be masked to prevent unsafe logging of potentially sensitive data
16:32:49.839 [Test worker] DEBUG o.s.w.t.h.s.r.b.TomcatHttpServer - Starting TomcatHttpServer...
16:32:49.852 [Test worker] DEBUG o.s.w.t.h.s.r.b.TomcatHttpServer - Server started on port 61418(0 millis).
16:32:49.853 [Test worker] DEBUG o.s.w.c.RestTemplate - HTTP GET http://localhost:61418/SPR-16051
16:32:49.853 [Test worker] DEBUG o.s.w.c.RestTemplate - Accept=[text/plain, application/json, application/x-jackson-smile, application/*+json, */*]
16:32:49.857 [http-nio-auto-5-exec-1] DEBUG o.s.w.s.a.HttpWebHandlerAdapter - [71314762] HTTP GET "/SPR-16051"
16:32:49.857 [http-nio-auto-5-exec-1] DEBUG o.s.w.r.r.m.a.RequestMappingHandlerMapping - [71314762] Mapped to org.springframework.web.reactive.result.method.annotation.RequestMappingExceptionHandlingIntegrationTests$TestController#errors()
16:32:49.859 [http-nio-auto-5-exec-1] DEBUG o.s.w.r.r.m.a.ResponseBodyResultHandler - [71314762] Using 'text/plain;charset=UTF-8' given [text/plain, application/json, application/x-jackson-smile, application/*+json, */*] and supported [text/plain;charset=UTF-8, text/event-stream, text/plain;charset=UTF-8, */*]
16:32:49.859 [http-nio-auto-5-exec-1] DEBUG o.s.w.r.r.m.a.ResponseBodyResultHandler - [71314762] 0..N [java.lang.String]
16:32:49.859 [http-nio-auto-5-exec-1] DEBUG o.s.c.c.CharSequenceEncoder - [71314762] Writing "1. foo bar"
16:32:49.860 [http-nio-auto-5-exec-1] DEBUG o.s.c.c.CharSequenceEncoder - [71314762] Writing "2. foo bar"
16:32:49.860 [http-nio-auto-5-exec-1] DEBUG o.s.c.c.CharSequenceEncoder - [71314762] Writing "3. foo bar"
16:32:49.860 [http-nio-auto-5-exec-1] DEBUG o.s.c.c.CharSequenceEncoder - [71314762] Writing "4. foo bar"
16:32:49.860 [http-nio-auto-5-exec-1] DEBUG o.s.c.c.CharSequenceEncoder - [71314762] Writing "5. foo bar"
16:32:49.860 [http-nio-auto-5-exec-1] DEBUG o.s.c.c.CharSequenceEncoder - [71314762] Writing "6. foo bar"
16:32:49.860 [http-nio-auto-5-exec-1] DEBUG o.s.c.c.CharSequenceEncoder - [71314762] Writing "7. foo bar"
16:32:49.860 [http-nio-auto-5-exec-1] DEBUG o.s.c.c.CharSequenceEncoder - [71314762] Writing "8. foo bar"
16:32:49.860 [http-nio-auto-5-exec-1] DEBUG o.s.c.c.CharSequenceEncoder - [71314762] Writing "9. foo bar"
16:32:49.860 [http-nio-auto-5-exec-1] DEBUG o.s.c.c.CharSequenceEncoder - [71314762] Writing "10. foo bar"
16:32:49.860 [http-nio-auto-5-exec-1] DEBUG o.s.c.c.CharSequenceEncoder - [71314762] Writing "11. foo bar"
16:32:49.860 [http-nio-auto-5-exec-1] DEBUG o.s.c.c.CharSequenceEncoder - [71314762] Writing "12. foo bar"
16:32:49.860 [http-nio-auto-5-exec-1] DEBUG o.s.c.c.CharSequenceEncoder - [71314762] Writing "13. foo bar"
16:32:49.860 [http-nio-auto-5-exec-1] DEBUG o.s.c.c.CharSequenceEncoder - [71314762] Writing "14. foo bar"
16:32:49.860 [http-nio-auto-5-exec-1] DEBUG o.s.c.c.CharSequenceEncoder - [71314762] Writing "15. foo bar"
16:32:49.860 [http-nio-auto-5-exec-1] DEBUG o.s.c.c.CharSequenceEncoder - [71314762] Writing "16. foo bar"
16:32:49.860 [http-nio-auto-5-exec-1] DEBUG o.s.c.c.CharSequenceEncoder - [71314762] Writing "17. foo bar"
16:32:49.860 [http-nio-auto-5-exec-1] DEBUG o.s.c.c.CharSequenceEncoder - [71314762] Writing "18. foo bar"
16:32:49.860 [http-nio-auto-5-exec-1] DEBUG o.s.c.c.CharSequenceEncoder - [71314762] Writing "19. foo bar"
16:32:49.861 [http-nio-auto-5-exec-1] DEBUG o.s.c.c.CharSequenceEncoder - [71314762] Writing "20. foo bar"
16:32:49.861 [http-nio-auto-5-exec-1] DEBUG o.s.c.c.CharSequenceEncoder - [71314762] Writing "21. foo bar"
16:32:49.861 [http-nio-auto-5-exec-1] DEBUG o.s.c.c.CharSequenceEncoder - [71314762] Writing "22. foo bar"
16:32:49.861 [http-nio-auto-5-exec-1] DEBUG o.s.c.c.CharSequenceEncoder - [71314762] Writing "23. foo bar"
16:32:49.861 [http-nio-auto-5-exec-1] DEBUG o.s.c.c.CharSequenceEncoder - [71314762] Writing "24. foo bar"
16:32:49.861 [http-nio-auto-5-exec-1] DEBUG o.s.c.c.CharSequenceEncoder - [71314762] Writing "25. foo bar"
16:32:49.861 [http-nio-auto-5-exec-1] DEBUG o.s.c.c.CharSequenceEncoder - [71314762] Writing "26. foo bar"
16:32:49.861 [http-nio-auto-5-exec-1] DEBUG o.s.c.c.CharSequenceEncoder - [71314762] Writing "27. foo bar"
16:32:49.861 [http-nio-auto-5-exec-1] DEBUG o.s.c.c.CharSequenceEncoder - [71314762] Writing "28. foo bar"
16:32:49.861 [http-nio-auto-5-exec-1] DEBUG o.s.c.c.CharSequenceEncoder - [71314762] Writing "29. foo bar"
16:32:49.861 [http-nio-auto-5-exec-1] DEBUG o.s.c.c.CharSequenceEncoder - [71314762] Writing "30. foo bar"
16:32:49.861 [http-nio-auto-5-exec-1] DEBUG o.s.c.c.CharSequenceEncoder - [71314762] Writing "31. foo bar"
16:32:49.861 [http-nio-auto-5-exec-1] DEBUG o.s.c.c.CharSequenceEncoder - [71314762] Writing "32. foo bar"
16:32:49.861 [http-nio-auto-5-exec-1] DEBUG o.s.c.c.CharSequenceEncoder - [71314762] Writing "33. foo bar"
16:32:49.861 [http-nio-auto-5-exec-1] DEBUG o.s.c.c.CharSequenceEncoder - [71314762] Writing "34. foo bar"
16:32:49.861 [http-nio-auto-5-exec-1] DEBUG o.s.c.c.CharSequenceEncoder - [71314762] Writing "35. foo bar"
16:32:49.861 [http-nio-auto-5-exec-1] DEBUG o.s.c.c.CharSequenceEncoder - [71314762] Writing "36. foo bar"
16:32:49.861 [http-nio-auto-5-exec-1] DEBUG o.s.c.c.CharSequenceEncoder - [71314762] Writing "37. foo bar"
16:32:49.861 [http-nio-auto-5-exec-1] DEBUG o.s.c.c.CharSequenceEncoder - [71314762] Writing "38. foo bar"
16:32:49.862 [http-nio-auto-5-exec-1] DEBUG o.s.c.c.CharSequenceEncoder - [71314762] Writing "39. foo bar"
16:32:49.862 [http-nio-auto-5-exec-1] DEBUG o.s.c.c.CharSequenceEncoder - [71314762] Writing "40. foo bar"
16:32:49.862 [http-nio-auto-5-exec-1] DEBUG o.s.c.c.CharSequenceEncoder - [71314762] Writing "41. foo bar"
16:32:49.862 [http-nio-auto-5-exec-1] DEBUG o.s.c.c.CharSequenceEncoder - [71314762] Writing "42. foo bar"
16:32:49.862 [http-nio-auto-5-exec-1] DEBUG o.s.c.c.CharSequenceEncoder - [71314762] Writing "43. foo bar"
16:32:49.862 [http-nio-auto-5-exec-1] DEBUG o.s.c.c.CharSequenceEncoder - [71314762] Writing "44. foo bar"
16:32:49.862 [http-nio-auto-5-exec-1] DEBUG o.s.c.c.CharSequenceEncoder - [71314762] Writing "45. foo bar"
16:32:49.862 [http-nio-auto-5-exec-1] DEBUG o.s.c.c.CharSequenceEncoder - [71314762] Writing "46. foo bar"
16:32:49.862 [http-nio-auto-5-exec-1] DEBUG o.s.c.c.CharSequenceEncoder - [71314762] Writing "47. foo bar"
16:32:49.862 [http-nio-auto-5-exec-1] DEBUG o.s.c.c.CharSequenceEncoder - [71314762] Writing "48. foo bar"
16:32:49.862 [http-nio-auto-5-exec-1] DEBUG o.s.c.c.CharSequenceEncoder - [71314762] Writing "49. foo bar"
16:32:49.862 [http-nio-auto-5-exec-1] DEBUG o.s.c.c.CharSequenceEncoder - [71314762] Writing "50. foo bar"
16:32:49.862 [http-nio-auto-5-exec-1] DEBUG o.s.c.c.CharSequenceEncoder - [71314762] Writing "51. foo bar"
16:32:49.862 [http-nio-auto-5-exec-1] DEBUG o.s.c.c.CharSequenceEncoder - [71314762] Writing "52. foo bar"
16:32:49.862 [http-nio-auto-5-exec-1] DEBUG o.s.c.c.CharSequenceEncoder - [71314762] Writing "53. foo bar"
16:32:49.862 [http-nio-auto-5-exec-1] DEBUG o.s.c.c.CharSequenceEncoder - [71314762] Writing "54. foo bar"
16:32:49.862 [http-nio-auto-5-exec-1] DEBUG o.s.c.c.CharSequenceEncoder - [71314762] Writing "55. foo bar"
16:32:49.862 [http-nio-auto-5-exec-1] DEBUG o.s.c.c.CharSequenceEncoder - [71314762] Writing "56. foo bar"
16:32:49.863 [http-nio-auto-5-exec-1] DEBUG o.s.c.c.CharSequenceEncoder - [71314762] Writing "57. foo bar"
16:32:49.863 [http-nio-auto-5-exec-1] DEBUG o.s.c.c.CharSequenceEncoder - [71314762] Writing "58. foo bar"
16:32:49.863 [http-nio-auto-5-exec-1] DEBUG o.s.c.c.CharSequenceEncoder - [71314762] Writing "59. foo bar"
16:32:49.863 [http-nio-auto-5-exec-1] DEBUG o.s.c.c.CharSequenceEncoder - [71314762] Writing "60. foo bar"
16:32:49.863 [http-nio-auto-5-exec-1] DEBUG o.s.c.c.CharSequenceEncoder - [71314762] Writing "61. foo bar"
16:32:49.863 [http-nio-auto-5-exec-1] DEBUG o.s.c.c.CharSequenceEncoder - [71314762] Writing "62. foo bar"
16:32:49.863 [http-nio-auto-5-exec-1] DEBUG o.s.c.c.CharSequenceEncoder - [71314762] Writing "63. foo bar"
16:32:49.863 [http-nio-auto-5-exec-1] DEBUG o.s.c.c.CharSequenceEncoder - [71314762] Writing "64. foo bar"
16:32:49.863 [http-nio-auto-5-exec-1] DEBUG o.s.c.c.CharSequenceEncoder - [71314762] Writing "65. foo bar"
16:32:49.863 [http-nio-auto-5-exec-1] DEBUG o.s.c.c.CharSequenceEncoder - [71314762] Writing "66. foo bar"
16:32:49.864 [http-nio-auto-5-exec-1] DEBUG o.s.c.c.CharSequenceEncoder - [71314762] Writing "67. foo bar"
16:32:49.864 [http-nio-auto-5-exec-1] DEBUG o.s.c.c.CharSequenceEncoder - [71314762] Writing "68. foo bar"
16:32:49.864 [http-nio-auto-5-exec-1] DEBUG o.s.c.c.CharSequenceEncoder - [71314762] Writing "69. foo bar"
16:32:49.864 [http-nio-auto-5-exec-1] DEBUG o.s.c.c.CharSequenceEncoder - [71314762] Writing "70. foo bar"
16:32:49.864 [http-nio-auto-5-exec-1] DEBUG o.s.c.c.CharSequenceEncoder - [71314762] Writing "71. foo bar"
16:32:49.864 [http-nio-auto-5-exec-1] DEBUG o.s.c.c.CharSequenceEncoder - [71314762] Writing "72. foo bar"
16:32:49.864 [http-nio-auto-5-exec-1] DEBUG o.s.c.c.CharSequenceEncoder - [71314762] Writing "73. foo bar"
16:32:49.864 [http-nio-auto-5-exec-1] DEBUG o.s.c.c.CharSequenceEncoder - [71314762] Writing "74. foo bar"
16:32:49.864 [http-nio-auto-5-exec-1] DEBUG o.s.c.c.CharSequenceEncoder - [71314762] Writing "75. foo bar"
16:32:49.864 [http-nio-auto-5-exec-1] DEBUG o.s.c.c.CharSequenceEncoder - [71314762] Writing "76. foo bar"
16:32:49.864 [http-nio-auto-5-exec-1] DEBUG o.s.c.c.CharSequenceEncoder - [71314762] Writing "77. foo bar"
16:32:49.864 [http-nio-auto-5-exec-1] DEBUG o.s.c.c.CharSequenceEncoder - [71314762] Writing "78. foo bar"
16:32:49.864 [http-nio-auto-5-exec-1] DEBUG o.s.c.c.CharSequenceEncoder - [71314762] Writing "79. foo bar"
16:32:49.864 [http-nio-auto-5-exec-1] DEBUG o.s.c.c.CharSequenceEncoder - [71314762] Writing "80. foo bar"
16:32:49.864 [http-nio-auto-5-exec-1] DEBUG o.s.c.c.CharSequenceEncoder - [71314762] Writing "81. foo bar"
16:32:49.864 [http-nio-auto-5-exec-1] DEBUG o.s.c.c.CharSequenceEncoder - [71314762] Writing "82. foo bar"
16:32:49.864 [http-nio-auto-5-exec-1] DEBUG o.s.c.c.CharSequenceEncoder - [71314762] Writing "83. foo bar"
16:32:49.865 [http-nio-auto-5-exec-1] DEBUG o.s.c.c.CharSequenceEncoder - [71314762] Writing "84. foo bar"
16:32:49.865 [http-nio-auto-5-exec-1] DEBUG o.s.c.c.CharSequenceEncoder - [71314762] Writing "85. foo bar"
16:32:49.865 [http-nio-auto-5-exec-1] DEBUG o.s.c.c.CharSequenceEncoder - [71314762] Writing "86. foo bar"
16:32:49.865 [http-nio-auto-5-exec-1] DEBUG o.s.c.c.CharSequenceEncoder - [71314762] Writing "87. foo bar"
16:32:49.865 [http-nio-auto-5-exec-1] DEBUG o.s.c.c.CharSequenceEncoder - [71314762] Writing "88. foo bar"
16:32:49.865 [http-nio-auto-5-exec-1] DEBUG o.s.c.c.CharSequenceEncoder - [71314762] Writing "89. foo bar"
16:32:49.865 [http-nio-auto-5-exec-1] DEBUG o.s.c.c.CharSequenceEncoder - [71314762] Writing "90. foo bar"
16:32:49.865 [http-nio-auto-5-exec-1] DEBUG o.s.c.c.CharSequenceEncoder - [71314762] Writing "91. foo bar"
16:32:49.865 [http-nio-auto-5-exec-1] DEBUG o.s.c.c.CharSequenceEncoder - [71314762] Writing "92. foo bar"
16:32:49.865 [http-nio-auto-5-exec-1] DEBUG o.s.c.c.CharSequenceEncoder - [71314762] Writing "93. foo bar"
16:32:49.865 [http-nio-auto-5-exec-1] DEBUG o.s.c.c.CharSequenceEncoder - [71314762] Writing "94. foo bar"
16:32:49.865 [http-nio-auto-5-exec-1] DEBUG o.s.c.c.CharSequenceEncoder - [71314762] Writing "95. foo bar"
16:32:49.865 [http-nio-auto-5-exec-1] DEBUG o.s.c.c.CharSequenceEncoder - [71314762] Writing "96. foo bar"
16:32:49.865 [http-nio-auto-5-exec-1] DEBUG o.s.c.c.CharSequenceEncoder - [71314762] Writing "97. foo bar"
16:32:49.865 [http-nio-auto-5-exec-1] DEBUG o.s.c.c.CharSequenceEncoder - [71314762] Writing "98. foo bar"
16:32:49.865 [http-nio-auto-5-exec-1] DEBUG o.s.c.c.CharSequenceEncoder - [71314762] Writing "99. foo bar"
16:32:49.865 [http-nio-auto-5-exec-1] DEBUG o.s.c.c.CharSequenceEncoder - [71314762] Writing "100. foo bar"
16:32:49.865 [http-nio-auto-5-exec-1] DEBUG o.s.c.c.CharSequenceEncoder - [71314762] Writing "101. foo bar"
16:32:49.865 [http-nio-auto-5-exec-1] DEBUG o.s.c.c.CharSequenceEncoder - [71314762] Writing "102. foo bar"
16:32:49.865 [http-nio-auto-5-exec-1] DEBUG o.s.c.c.CharSequenceEncoder - [71314762] Writing "103. foo bar"
16:32:49.866 [http-nio-auto-5-exec-1] DEBUG o.s.c.c.CharSequenceEncoder - [71314762] Writing "104. foo bar"
16:32:49.866 [http-nio-auto-5-exec-1] DEBUG o.s.c.c.CharSequenceEncoder - [71314762] Writing "105. foo bar"
16:32:49.866 [http-nio-auto-5-exec-1] DEBUG o.s.c.c.CharSequenceEncoder - [71314762] Writing "106. foo bar"
16:32:49.866 [http-nio-auto-5-exec-1] DEBUG o.s.c.c.CharSequenceEncoder - [71314762] Writing "107. foo bar"
16:32:49.866 [http-nio-auto-5-exec-1] DEBUG o.s.c.c.CharSequenceEncoder - [71314762] Writing "108. foo bar"
16:32:49.866 [http-nio-auto-5-exec-1] DEBUG o.s.c.c.CharSequenceEncoder - [71314762] Writing "109. foo bar"
16:32:49.866 [http-nio-auto-5-exec-1] DEBUG o.s.c.c.CharSequenceEncoder - [71314762] Writing "110. foo bar"
16:32:49.866 [http-nio-auto-5-exec-1] DEBUG o.s.c.c.CharSequenceEncoder - [71314762] Writing "111. foo bar"
16:32:49.866 [http-nio-auto-5-exec-1] DEBUG o.s.c.c.CharSequenceEncoder - [71314762] Writing "112. foo bar"
16:32:49.866 [http-nio-auto-5-exec-1] DEBUG o.s.c.c.CharSequenceEncoder - [71314762] Writing "113. foo bar"
16:32:49.866 [http-nio-auto-5-exec-1] DEBUG o.s.c.c.CharSequenceEncoder - [71314762] Writing "114. foo bar"
16:32:49.866 [http-nio-auto-5-exec-1] DEBUG o.s.c.c.CharSequenceEncoder - [71314762] Writing "115. foo bar"
16:32:49.866 [http-nio-auto-5-exec-1] DEBUG o.s.c.c.CharSequenceEncoder - [71314762] Writing "116. foo bar"
16:32:49.866 [http-nio-auto-5-exec-1] DEBUG o.s.c.c.CharSequenceEncoder - [71314762] Writing "117. foo bar"
16:32:49.867 [http-nio-auto-5-exec-1] DEBUG o.s.c.c.CharSequenceEncoder - [71314762] Writing "118. foo bar"
16:32:49.867 [http-nio-auto-5-exec-1] DEBUG o.s.c.c.CharSequenceEncoder - [71314762] Writing "119. foo bar"
16:32:49.867 [http-nio-auto-5-exec-1] DEBUG o.s.c.c.CharSequenceEncoder - [71314762] Writing "120. foo bar"
16:32:49.867 [http-nio-auto-5-exec-1] DEBUG o.s.c.c.CharSequenceEncoder - [71314762] Writing "121. foo bar"
16:32:49.867 [http-nio-auto-5-exec-1] DEBUG o.s.c.c.CharSequenceEncoder - [71314762] Writing "122. foo bar"
16:32:49.867 [http-nio-auto-5-exec-1] DEBUG o.s.c.c.CharSequenceEncoder - [71314762] Writing "123. foo bar"
16:32:49.867 [http-nio-auto-5-exec-1] DEBUG o.s.c.c.CharSequenceEncoder - [71314762] Writing "124. foo bar"
16:32:49.867 [http-nio-auto-5-exec-1] DEBUG o.s.c.c.CharSequenceEncoder - [71314762] Writing "125. foo bar"
16:32:49.867 [http-nio-auto-5-exec-1] DEBUG o.s.c.c.CharSequenceEncoder - [71314762] Writing "126. foo bar"
16:32:49.867 [http-nio-auto-5-exec-1] DEBUG o.s.c.c.CharSequenceEncoder - [71314762] Writing "127. foo bar"
16:32:49.867 [http-nio-auto-5-exec-1] DEBUG o.s.c.c.CharSequenceEncoder - [71314762] Writing "128. foo bar"
16:32:49.867 [http-nio-auto-5-exec-1] DEBUG o.s.c.c.CharSequenceEncoder - [71314762] Writing "129. foo bar"
16:32:49.868 [http-nio-auto-5-exec-1] DEBUG o.s.c.c.CharSequenceEncoder - [71314762] Writing "130. foo bar"
16:32:49.868 [http-nio-auto-5-exec-1] DEBUG o.s.c.c.CharSequenceEncoder - [71314762] Writing "131. foo bar"
16:32:49.868 [http-nio-auto-5-exec-1] DEBUG o.s.c.c.CharSequenceEncoder - [71314762] Writing "132. foo bar"
16:32:49.868 [http-nio-auto-5-exec-1] DEBUG o.s.c.c.CharSequenceEncoder - [71314762] Writing "133. foo bar"
16:32:49.868 [http-nio-auto-5-exec-1] DEBUG o.s.c.c.CharSequenceEncoder - [71314762] Writing "134. foo bar"
16:32:49.868 [http-nio-auto-5-exec-1] DEBUG o.s.c.c.CharSequenceEncoder - [71314762] Writing "135. foo bar"
16:32:49.868 [http-nio-auto-5-exec-1] DEBUG o.s.c.c.CharSequenceEncoder - [71314762] Writing "136. foo bar"
16:32:49.868 [http-nio-auto-5-exec-1] DEBUG o.s.c.c.CharSequenceEncoder - [71314762] Writing "137. foo bar"
16:32:49.868 [http-nio-auto-5-exec-1] DEBUG o.s.c.c.CharSequenceEncoder - [71314762] Writing "138. foo bar"
16:32:49.868 [http-nio-auto-5-exec-1] DEBUG o.s.c.c.CharSequenceEncoder - [71314762] Writing "139. foo bar"
16:32:49.868 [http-nio-auto-5-exec-1] DEBUG o.s.c.c.CharSequenceEncoder - [71314762] Writing "140. foo bar"
16:32:49.868 [http-nio-auto-5-exec-1] DEBUG o.s.c.c.CharSequenceEncoder - [71314762] Writing "141. foo bar"
16:32:49.868 [http-nio-auto-5-exec-1] DEBUG o.s.c.c.CharSequenceEncoder - [71314762] Writing "142. foo bar"
16:32:49.868 [http-nio-auto-5-exec-1] DEBUG o.s.c.c.CharSequenceEncoder - [71314762] Writing "143. foo bar"
16:32:49.868 [http-nio-auto-5-exec-1] DEBUG o.s.c.c.CharSequenceEncoder - [71314762] Writing "144. foo bar"
16:32:49.868 [http-nio-auto-5-exec-1] DEBUG o.s.c.c.CharSequenceEncoder - [71314762] Writing "145. foo bar"
16:32:49.868 [http-nio-auto-5-exec-1] DEBUG o.s.c.c.CharSequenceEncoder - [71314762] Writing "146. foo bar"
16:32:49.868 [http-nio-auto-5-exec-1] DEBUG o.s.c.c.CharSequenceEncoder - [71314762] Writing "147. foo bar"
16:32:49.868 [http-nio-auto-5-exec-1] DEBUG o.s.c.c.CharSequenceEncoder - [71314762] Writing "148. foo bar"
16:32:49.868 [http-nio-auto-5-exec-1] DEBUG o.s.c.c.CharSequenceEncoder - [71314762] Writing "149. foo bar"
16:32:49.869 [http-nio-auto-5-exec-1] DEBUG o.s.c.c.CharSequenceEncoder - [71314762] Writing "150. foo bar"
16:32:49.869 [http-nio-auto-5-exec-1] DEBUG o.s.c.c.CharSequenceEncoder - [71314762] Writing "151. foo bar"
16:32:49.869 [http-nio-auto-5-exec-1] DEBUG o.s.c.c.CharSequenceEncoder - [71314762] Writing "152. foo bar"
16:32:49.869 [http-nio-auto-5-exec-1] DEBUG o.s.c.c.CharSequenceEncoder - [71314762] Writing "153. foo bar"
16:32:49.869 [http-nio-auto-5-exec-1] DEBUG o.s.c.c.CharSequenceEncoder - [71314762] Writing "154. foo bar"
16:32:49.869 [http-nio-auto-5-exec-1] DEBUG o.s.c.c.CharSequenceEncoder - [71314762] Writing "155. foo bar"
16:32:49.869 [http-nio-auto-5-exec-1] DEBUG o.s.c.c.CharSequenceEncoder - [71314762] Writing "156. foo bar"
16:32:49.869 [http-nio-auto-5-exec-1] DEBUG o.s.c.c.CharSequenceEncoder - [71314762] Writing "157. foo bar"
16:32:49.869 [http-nio-auto-5-exec-1] DEBUG o.s.c.c.CharSequenceEncoder - [71314762] Writing "158. foo bar"
16:32:49.869 [http-nio-auto-5-exec-1] DEBUG o.s.c.c.CharSequenceEncoder - [71314762] Writing "159. foo bar"
16:32:49.869 [http-nio-auto-5-exec-1] DEBUG o.s.c.c.CharSequenceEncoder - [71314762] Writing "160. foo bar"
16:32:49.869 [http-nio-auto-5-exec-1] DEBUG o.s.c.c.CharSequenceEncoder - [71314762] Writing "161. foo bar"
16:32:49.869 [http-nio-auto-5-exec-1] DEBUG o.s.c.c.CharSequenceEncoder - [71314762] Writing "162. foo bar"
16:32:49.869 [http-nio-auto-5-exec-1] DEBUG o.s.c.c.CharSequenceEncoder - [71314762] Writing "163. foo bar"
16:32:49.869 [http-nio-auto-5-exec-1] DEBUG o.s.c.c.CharSequenceEncoder - [71314762] Writing "164. foo bar"
16:32:49.869 [http-nio-auto-5-exec-1] DEBUG o.s.c.c.CharSequenceEncoder - [71314762] Writing "165. foo bar"
16:32:49.869 [http-nio-auto-5-exec-1] DEBUG o.s.c.c.CharSequenceEncoder - [71314762] Writing "166. foo bar"
16:32:49.869 [http-nio-auto-5-exec-1] DEBUG o.s.c.c.CharSequenceEncoder - [71314762] Writing "167. foo bar"
16:32:49.870 [http-nio-auto-5-exec-1] DEBUG o.s.c.c.CharSequenceEncoder - [71314762] Writing "168. foo bar"
16:32:49.870 [http-nio-auto-5-exec-1] DEBUG o.s.c.c.CharSequenceEncoder - [71314762] Writing "169. foo bar"
16:32:49.870 [http-nio-auto-5-exec-1] DEBUG o.s.c.c.CharSequenceEncoder - [71314762] Writing "170. foo bar"
16:32:49.870 [http-nio-auto-5-exec-1] DEBUG o.s.c.c.CharSequenceEncoder - [71314762] Writing "171. foo bar"
16:32:49.870 [http-nio-auto-5-exec-1] DEBUG o.s.c.c.CharSequenceEncoder - [71314762] Writing "172. foo bar"
16:32:49.870 [http-nio-auto-5-exec-1] DEBUG o.s.c.c.CharSequenceEncoder - [71314762] Writing "173. foo bar"
16:32:49.870 [http-nio-auto-5-exec-1] DEBUG o.s.c.c.CharSequenceEncoder - [71314762] Writing "174. foo bar"
16:32:49.870 [http-nio-auto-5-exec-1] DEBUG o.s.c.c.CharSequenceEncoder - [71314762] Writing "175. foo bar"
16:32:49.870 [http-nio-auto-5-exec-1] DEBUG o.s.c.c.CharSequenceEncoder - [71314762] Writing "176. foo bar"
16:32:49.870 [http-nio-auto-5-exec-1] DEBUG o.s.c.c.CharSequenceEncoder - [71314762] Writing "177. foo bar"
16:32:49.870 [http-nio-auto-5-exec-1] DEBUG o.s.c.c.CharSequenceEncoder - [71314762] Writing "178. foo bar"
16:32:49.870 [http-nio-auto-5-exec-1] DEBUG o.s.c.c.CharSequenceEncoder - [71314762] Writing "179. foo bar"
16:32:49.870 [http-nio-auto-5-exec-1] DEBUG o.s.c.c.CharSequenceEncoder - [71314762] Writing "180. foo bar"
16:32:49.871 [http-nio-auto-5-exec-1] DEBUG o.s.c.c.CharSequenceEncoder - [71314762] Writing "181. foo bar"
16:32:49.871 [http-nio-auto-5-exec-1] DEBUG o.s.c.c.CharSequenceEncoder - [71314762] Writing "182. foo bar"
16:32:49.871 [http-nio-auto-5-exec-1] DEBUG o.s.c.c.CharSequenceEncoder - [71314762] Writing "183. foo bar"
16:32:49.871 [http-nio-auto-5-exec-1] DEBUG o.s.c.c.CharSequenceEncoder - [71314762] Writing "184. foo bar"
16:32:49.871 [http-nio-auto-5-exec-1] DEBUG o.s.c.c.CharSequenceEncoder - [71314762] Writing "185. foo bar"
16:32:49.871 [http-nio-auto-5-exec-1] DEBUG o.s.c.c.CharSequenceEncoder - [71314762] Writing "186. foo bar"
16:32:49.871 [http-nio-auto-5-exec-1] DEBUG o.s.c.c.CharSequenceEncoder - [71314762] Writing "187. foo bar"
16:32:49.871 [http-nio-auto-5-exec-1] DEBUG o.s.c.c.CharSequenceEncoder - [71314762] Writing "188. foo bar"
16:32:49.871 [http-nio-auto-5-exec-1] DEBUG o.s.c.c.CharSequenceEncoder - [71314762] Writing "189. foo bar"
16:32:49.871 [http-nio-auto-5-exec-1] DEBUG o.s.c.c.CharSequenceEncoder - [71314762] Writing "190. foo bar"
16:32:49.871 [http-nio-auto-5-exec-1] DEBUG o.s.c.c.CharSequenceEncoder - [71314762] Writing "191. foo bar"
16:32:49.871 [http-nio-auto-5-exec-1] DEBUG o.s.c.c.CharSequenceEncoder - [71314762] Writing "192. foo bar"
16:32:49.871 [http-nio-auto-5-exec-1] DEBUG o.s.c.c.CharSequenceEncoder - [71314762] Writing "193. foo bar"
16:32:49.871 [http-nio-auto-5-exec-1] DEBUG o.s.c.c.CharSequenceEncoder - [71314762] Writing "194. foo bar"
16:32:49.872 [http-nio-auto-5-exec-1] DEBUG o.s.c.c.CharSequenceEncoder - [71314762] Writing "195. foo bar"
16:32:49.872 [http-nio-auto-5-exec-1] DEBUG o.s.c.c.CharSequenceEncoder - [71314762] Writing "196. foo bar"
16:32:49.872 [http-nio-auto-5-exec-1] DEBUG o.s.c.c.CharSequenceEncoder - [71314762] Writing "197. foo bar"
16:32:49.872 [http-nio-auto-5-exec-1] DEBUG o.s.c.c.CharSequenceEncoder - [71314762] Writing "198. foo bar"
16:32:49.872 [http-nio-auto-5-exec-1] DEBUG o.s.c.c.CharSequenceEncoder - [71314762] Writing "199. foo bar"
16:32:49.872 [http-nio-auto-5-exec-1] DEBUG o.s.c.c.CharSequenceEncoder - [71314762] Writing "200. foo bar"
16:32:49.872 [http-nio-auto-5-exec-1] DEBUG o.s.c.c.CharSequenceEncoder - [71314762] Writing "201. foo bar"
16:32:49.872 [http-nio-auto-5-exec-1] DEBUG o.s.c.c.CharSequenceEncoder - [71314762] Writing "202. foo bar"
16:32:49.872 [http-nio-auto-5-exec-1] DEBUG o.s.c.c.CharSequenceEncoder - [71314762] Writing "203. foo bar"
16:32:49.872 [http-nio-auto-5-exec-1] DEBUG o.s.c.c.CharSequenceEncoder - [71314762] Writing "204. foo bar"
16:32:49.872 [http-nio-auto-5-exec-1] DEBUG o.s.c.c.CharSequenceEncoder - [71314762] Writing "205. foo bar"
16:32:49.872 [http-nio-auto-5-exec-1] DEBUG o.s.c.c.CharSequenceEncoder - [71314762] Writing "206. foo bar"
16:32:49.872 [http-nio-auto-5-exec-1] DEBUG o.s.c.c.CharSequenceEncoder - [71314762] Writing "207. foo bar"
16:32:49.872 [http-nio-auto-5-exec-1] DEBUG o.s.c.c.CharSequenceEncoder - [71314762] Writing "208. foo bar"
16:32:49.872 [http-nio-auto-5-exec-1] DEBUG o.s.c.c.CharSequenceEncoder - [71314762] Writing "209. foo bar"
16:32:49.872 [http-nio-auto-5-exec-1] DEBUG o.s.c.c.CharSequenceEncoder - [71314762] Writing "210. foo bar"
16:32:49.872 [http-nio-auto-5-exec-1] DEBUG o.s.c.c.CharSequenceEncoder - [71314762] Writing "211. foo bar"
16:32:49.872 [http-nio-auto-5-exec-1] DEBUG o.s.c.c.CharSequenceEncoder - [71314762] Writing "212. foo bar"
16:32:49.872 [http-nio-auto-5-exec-1] DEBUG o.s.c.c.CharSequenceEncoder - [71314762] Writing "213. foo bar"
16:32:49.872 [http-nio-auto-5-exec-1] DEBUG o.s.c.c.CharSequenceEncoder - [71314762] Writing "214. foo bar"
16:32:49.873 [http-nio-auto-5-exec-1] DEBUG o.s.c.c.CharSequenceEncoder - [71314762] Writing "215. foo bar"
16:32:49.873 [http-nio-auto-5-exec-1] DEBUG o.s.c.c.CharSequenceEncoder - [71314762] Writing "216. foo bar"
16:32:49.873 [http-nio-auto-5-exec-1] DEBUG o.s.c.c.CharSequenceEncoder - [71314762] Writing "217. foo bar"
16:32:49.873 [http-nio-auto-5-exec-1] DEBUG o.s.c.c.CharSequenceEncoder - [71314762] Writing "218. foo bar"
16:32:49.873 [http-nio-auto-5-exec-1] DEBUG o.s.c.c.CharSequenceEncoder - [71314762] Writing "219. foo bar"
16:32:49.873 [http-nio-auto-5-exec-1] DEBUG o.s.c.c.CharSequenceEncoder - [71314762] Writing "220. foo bar"
16:32:49.873 [http-nio-auto-5-exec-1] DEBUG o.s.c.c.CharSequenceEncoder - [71314762] Writing "221. foo bar"
16:32:49.873 [http-nio-auto-5-exec-1] DEBUG o.s.c.c.CharSequenceEncoder - [71314762] Writing "222. foo bar"
16:32:49.873 [http-nio-auto-5-exec-1] DEBUG o.s.c.c.CharSequenceEncoder - [71314762] Writing "223. foo bar"
16:32:49.873 [http-nio-auto-5-exec-1] DEBUG o.s.c.c.CharSequenceEncoder - [71314762] Writing "224. foo bar"
16:32:49.873 [http-nio-auto-5-exec-1] DEBUG o.s.c.c.CharSequenceEncoder - [71314762] Writing "225. foo bar"
16:32:49.873 [http-nio-auto-5-exec-1] DEBUG o.s.c.c.CharSequenceEncoder - [71314762] Writing "226. foo bar"
16:32:49.873 [http-nio-auto-5-exec-1] DEBUG o.s.c.c.CharSequenceEncoder - [71314762] Writing "227. foo bar"
16:32:49.873 [http-nio-auto-5-exec-1] DEBUG o.s.c.c.CharSequenceEncoder - [71314762] Writing "228. foo bar"
16:32:49.874 [http-nio-auto-5-exec-1] DEBUG o.s.c.c.CharSequenceEncoder - [71314762] Writing "229. foo bar"
16:32:49.874 [http-nio-auto-5-exec-1] DEBUG o.s.c.c.CharSequenceEncoder - [71314762] Writing "230. foo bar"
16:32:49.874 [http-nio-auto-5-exec-1] DEBUG o.s.c.c.CharSequenceEncoder - [71314762] Writing "231. foo bar"
16:32:49.874 [http-nio-auto-5-exec-1] DEBUG o.s.c.c.CharSequenceEncoder - [71314762] Writing "232. foo bar"
16:32:49.874 [http-nio-auto-5-exec-1] DEBUG o.s.c.c.CharSequenceEncoder - [71314762] Writing "233. foo bar"
16:32:49.874 [http-nio-auto-5-exec-1] DEBUG o.s.c.c.CharSequenceEncoder - [71314762] Writing "234. foo bar"
16:32:49.874 [http-nio-auto-5-exec-1] DEBUG o.s.c.c.CharSequenceEncoder - [71314762] Writing "235. foo bar"
16:32:49.874 [http-nio-auto-5-exec-1] DEBUG o.s.c.c.CharSequenceEncoder - [71314762] Writing "236. foo bar"
16:32:49.874 [http-nio-auto-5-exec-1] DEBUG o.s.c.c.CharSequenceEncoder - [71314762] Writing "237. foo bar"
16:32:49.874 [http-nio-auto-5-exec-1] DEBUG o.s.c.c.CharSequenceEncoder - [71314762] Writing "238. foo bar"
16:32:49.874 [http-nio-auto-5-exec-1] DEBUG o.s.c.c.CharSequenceEncoder - [71314762] Writing "239. foo bar"
16:32:49.874 [http-nio-auto-5-exec-1] DEBUG o.s.c.c.CharSequenceEncoder - [71314762] Writing "240. foo bar"
16:32:49.874 [http-nio-auto-5-exec-1] DEBUG o.s.c.c.CharSequenceEncoder - [71314762] Writing "241. foo bar"
16:32:49.874 [http-nio-auto-5-exec-1] DEBUG o.s.c.c.CharSequenceEncoder - [71314762] Writing "242. foo bar"
16:32:49.874 [http-nio-auto-5-exec-1] DEBUG o.s.c.c.CharSequenceEncoder - [71314762] Writing "243. foo bar"
16:32:49.874 [http-nio-auto-5-exec-1] DEBUG o.s.c.c.CharSequenceEncoder - [71314762] Writing "244. foo bar"
16:32:49.874 [http-nio-auto-5-exec-1] DEBUG o.s.c.c.CharSequenceEncoder - [71314762] Writing "245. foo bar"
16:32:49.874 [http-nio-auto-5-exec-1] DEBUG o.s.c.c.CharSequenceEncoder - [71314762] Writing "246. foo bar"
16:32:49.875 [http-nio-auto-5-exec-1] DEBUG o.s.c.c.CharSequenceEncoder - [71314762] Writing "247. foo bar"
16:32:49.875 [http-nio-auto-5-exec-1] DEBUG o.s.c.c.CharSequenceEncoder - [71314762] Writing "248. foo bar"
16:32:49.875 [http-nio-auto-5-exec-1] DEBUG o.s.c.c.CharSequenceEncoder - [71314762] Writing "249. foo bar"
16:32:49.875 [http-nio-auto-5-exec-1] DEBUG o.s.c.c.CharSequenceEncoder - [71314762] Writing "250. foo bar"
16:32:49.875 [http-nio-auto-5-exec-1] DEBUG o.s.c.c.CharSequenceEncoder - [71314762] Writing "251. foo bar"
16:32:49.875 [http-nio-auto-5-exec-1] DEBUG o.s.c.c.CharSequenceEncoder - [71314762] Writing "252. foo bar"
16:32:49.876 [http-nio-auto-5-exec-1] DEBUG o.s.c.c.CharSequenceEncoder - [71314762] Writing "253. foo bar"
16:32:49.876 [http-nio-auto-5-exec-1] DEBUG o.s.c.c.CharSequenceEncoder - [71314762] Writing "254. foo bar"
16:32:49.876 [http-nio-auto-5-exec-1] DEBUG o.s.c.c.CharSequenceEncoder - [71314762] Writing "255. foo bar"
16:32:49.876 [http-nio-auto-5-exec-1] DEBUG o.s.c.c.CharSequenceEncoder - [71314762] Writing "256. foo bar"
16:32:49.876 [http-nio-auto-5-exec-1] DEBUG o.s.c.c.CharSequenceEncoder - [71314762] Writing "257. foo bar"
16:32:49.876 [http-nio-auto-5-exec-1] DEBUG o.s.c.c.CharSequenceEncoder - [71314762] Writing "258. foo bar"
16:32:49.876 [http-nio-auto-5-exec-1] DEBUG o.s.c.c.CharSequenceEncoder - [71314762] Writing "259. foo bar"
16:32:49.876 [http-nio-auto-5-exec-1] DEBUG o.s.c.c.CharSequenceEncoder - [71314762] Writing "260. foo bar"
16:32:49.876 [http-nio-auto-5-exec-1] DEBUG o.s.c.c.CharSequenceEncoder - [71314762] Writing "261. foo bar"
16:32:49.876 [http-nio-auto-5-exec-1] DEBUG o.s.c.c.CharSequenceEncoder - [71314762] Writing "262. foo bar"
16:32:49.876 [http-nio-auto-5-exec-1] DEBUG o.s.c.c.CharSequenceEncoder - [71314762] Writing "263. foo bar"
16:32:49.876 [http-nio-auto-5-exec-1] DEBUG o.s.c.c.CharSequenceEncoder - [71314762] Writing "264. foo bar"
16:32:49.876 [http-nio-auto-5-exec-1] DEBUG o.s.c.c.CharSequenceEncoder - [71314762] Writing "265. foo bar"
16:32:49.876 [http-nio-auto-5-exec-1] DEBUG o.s.c.c.CharSequenceEncoder - [71314762] Writing "266. foo bar"
16:32:49.876 [http-nio-auto-5-exec-1] DEBUG o.s.c.c.CharSequenceEncoder - [71314762] Writing "267. foo bar"
16:32:49.877 [http-nio-auto-5-exec-1] DEBUG o.s.c.c.CharSequenceEncoder - [71314762] Writing "268. foo bar"
16:32:49.877 [http-nio-auto-5-exec-1] DEBUG o.s.c.c.CharSequenceEncoder - [71314762] Writing "269. foo bar"
16:32:49.877 [http-nio-auto-5-exec-1] DEBUG o.s.c.c.CharSequenceEncoder - [71314762] Writing "270. foo bar"
16:32:49.877 [http-nio-auto-5-exec-1] DEBUG o.s.c.c.CharSequenceEncoder - [71314762] Writing "271. foo bar"
16:32:49.877 [http-nio-auto-5-exec-1] DEBUG o.s.c.c.CharSequenceEncoder - [71314762] Writing "272. foo bar"
16:32:49.877 [http-nio-auto-5-exec-1] DEBUG o.s.c.c.CharSequenceEncoder - [71314762] Writing "273. foo bar"
16:32:49.877 [http-nio-auto-5-exec-1] DEBUG o.s.c.c.CharSequenceEncoder - [71314762] Writing "274. foo bar"
16:32:49.877 [http-nio-auto-5-exec-1] DEBUG o.s.c.c.CharSequenceEncoder - [71314762] Writing "275. foo bar"
16:32:49.877 [http-nio-auto-5-exec-1] DEBUG o.s.c.c.CharSequenceEncoder - [71314762] Writing "276. foo bar"
16:32:49.878 [http-nio-auto-5-exec-1] DEBUG o.s.c.c.CharSequenceEncoder - [71314762] Writing "277. foo bar"
16:32:49.878 [http-nio-auto-5-exec-1] DEBUG o.s.c.c.CharSequenceEncoder - [71314762] Writing "278. foo bar"
16:32:49.878 [http-nio-auto-5-exec-1] DEBUG o.s.c.c.CharSequenceEncoder - [71314762] Writing "279. foo bar"
16:32:49.878 [http-nio-auto-5-exec-1] DEBUG o.s.c.c.CharSequenceEncoder - [71314762] Writing "280. foo bar"
16:32:49.878 [http-nio-auto-5-exec-1] DEBUG o.s.c.c.CharSequenceEncoder - [71314762] Writing "281. foo bar"
16:32:49.878 [http-nio-auto-5-exec-1] DEBUG o.s.c.c.CharSequenceEncoder - [71314762] Writing "282. foo bar"
16:32:49.878 [http-nio-auto-5-exec-1] DEBUG o.s.c.c.CharSequenceEncoder - [71314762] Writing "283. foo bar"
16:32:49.878 [http-nio-auto-5-exec-1] DEBUG o.s.c.c.CharSequenceEncoder - [71314762] Writing "284. foo bar"
16:32:49.878 [http-nio-auto-5-exec-1] DEBUG o.s.c.c.CharSequenceEncoder - [71314762] Writing "285. foo bar"
16:32:49.878 [http-nio-auto-5-exec-1] DEBUG o.s.c.c.CharSequenceEncoder - [71314762] Writing "286. foo bar"
16:32:49.878 [http-nio-auto-5-exec-1] DEBUG o.s.c.c.CharSequenceEncoder - [71314762] Writing "287. foo bar"
16:32:49.878 [http-nio-auto-5-exec-1] DEBUG o.s.c.c.CharSequenceEncoder - [71314762] Writing "288. foo bar"
16:32:49.878 [http-nio-auto-5-exec-1] DEBUG o.s.c.c.CharSequenceEncoder - [71314762] Writing "289. foo bar"
16:32:49.878 [http-nio-auto-5-exec-1] DEBUG o.s.c.c.CharSequenceEncoder - [71314762] Writing "290. foo bar"
16:32:49.878 [http-nio-auto-5-exec-1] DEBUG o.s.c.c.CharSequenceEncoder - [71314762] Writing "291. foo bar"
16:32:49.878 [http-nio-auto-5-exec-1] DEBUG o.s.c.c.CharSequenceEncoder - [71314762] Writing "292. foo bar"
16:32:49.878 [http-nio-auto-5-exec-1] DEBUG o.s.c.c.CharSequenceEncoder - [71314762] Writing "293. foo bar"
16:32:49.878 [http-nio-auto-5-exec-1] DEBUG o.s.c.c.CharSequenceEncoder - [71314762] Writing "294. foo bar"
16:32:49.878 [http-nio-auto-5-exec-1] DEBUG o.s.c.c.CharSequenceEncoder - [71314762] Writing "295. foo bar"
16:32:49.878 [http-nio-auto-5-exec-1] DEBUG o.s.c.c.CharSequenceEncoder - [71314762] Writing "296. foo bar"
16:32:49.878 [http-nio-auto-5-exec-1] DEBUG o.s.c.c.CharSequenceEncoder - [71314762] Writing "297. foo bar"
16:32:49.878 [http-nio-auto-5-exec-1] DEBUG o.s.c.c.CharSequenceEncoder - [71314762] Writing "298. foo bar"
16:32:49.878 [http-nio-auto-5-exec-1] DEBUG o.s.c.c.CharSequenceEncoder - [71314762] Writing "299. foo bar"
16:32:49.878 [http-nio-auto-5-exec-1] DEBUG o.s.c.c.CharSequenceEncoder - [71314762] Writing "300. foo bar"
16:32:49.879 [http-nio-auto-5-exec-1] DEBUG o.s.c.c.CharSequenceEncoder - [71314762] Writing "301. foo bar"
16:32:49.879 [http-nio-auto-5-exec-1] DEBUG o.s.c.c.CharSequenceEncoder - [71314762] Writing "302. foo bar"
16:32:49.879 [http-nio-auto-5-exec-1] DEBUG o.s.c.c.CharSequenceEncoder - [71314762] Writing "303. foo bar"
16:32:49.879 [http-nio-auto-5-exec-1] DEBUG o.s.c.c.CharSequenceEncoder - [71314762] Writing "304. foo bar"
16:32:49.879 [http-nio-auto-5-exec-1] DEBUG o.s.c.c.CharSequenceEncoder - [71314762] Writing "305. foo bar"
16:32:49.879 [http-nio-auto-5-exec-1] DEBUG o.s.c.c.CharSequenceEncoder - [71314762] Writing "306. foo bar"
16:32:49.879 [http-nio-auto-5-exec-1] DEBUG o.s.c.c.CharSequenceEncoder - [71314762] Writing "307. foo bar"
16:32:49.879 [http-nio-auto-5-exec-1] DEBUG o.s.c.c.CharSequenceEncoder - [71314762] Writing "308. foo bar"
16:32:49.879 [http-nio-auto-5-exec-1] DEBUG o.s.c.c.CharSequenceEncoder - [71314762] Writing "309. foo bar"
16:32:49.879 [http-nio-auto-5-exec-1] DEBUG o.s.c.c.CharSequenceEncoder - [71314762] Writing "310. foo bar"
16:32:49.879 [http-nio-auto-5-exec-1] DEBUG o.s.c.c.CharSequenceEncoder - [71314762] Writing "311. foo bar"
16:32:49.879 [http-nio-auto-5-exec-1] DEBUG o.s.c.c.CharSequenceEncoder - [71314762] Writing "312. foo bar"
16:32:49.879 [http-nio-auto-5-exec-1] DEBUG o.s.c.c.CharSequenceEncoder - [71314762] Writing "313. foo bar"
16:32:49.879 [http-nio-auto-5-exec-1] DEBUG o.s.c.c.CharSequenceEncoder - [71314762] Writing "314. foo bar"
16:32:49.879 [http-nio-auto-5-exec-1] DEBUG o.s.c.c.CharSequenceEncoder - [71314762] Writing "315. foo bar"
16:32:49.879 [http-nio-auto-5-exec-1] DEBUG o.s.c.c.CharSequenceEncoder - [71314762] Writing "316. foo bar"
16:32:49.879 [http-nio-auto-5-exec-1] DEBUG o.s.c.c.CharSequenceEncoder - [71314762] Writing "317. foo bar"
16:32:49.879 [http-nio-auto-5-exec-1] DEBUG o.s.c.c.CharSequenceEncoder - [71314762] Writing "318. foo bar"
16:32:49.879 [http-nio-auto-5-exec-1] DEBUG o.s.c.c.CharSequenceEncoder - [71314762] Writing "319. foo bar"
16:32:49.879 [http-nio-auto-5-exec-1] DEBUG o.s.c.c.CharSequenceEncoder - [71314762] Writing "320. foo bar"
16:32:49.879 [http-nio-auto-5-exec-1] DEBUG o.s.c.c.CharSequenceEncoder - [71314762] Writing "321. foo bar"
16:32:49.879 [http-nio-auto-5-exec-1] DEBUG o.s.c.c.CharSequenceEncoder - [71314762] Writing "322. foo bar"
16:32:49.879 [http-nio-auto-5-exec-1] DEBUG o.s.c.c.CharSequenceEncoder - [71314762] Writing "323. foo bar"
16:32:49.880 [http-nio-auto-5-exec-1] DEBUG o.s.c.c.CharSequenceEncoder - [71314762] Writing "324. foo bar"
16:32:49.880 [http-nio-auto-5-exec-1] DEBUG o.s.c.c.CharSequenceEncoder - [71314762] Writing "325. foo bar"
16:32:49.880 [http-nio-auto-5-exec-1] DEBUG o.s.c.c.CharSequenceEncoder - [71314762] Writing "326. foo bar"
16:32:49.880 [http-nio-auto-5-exec-1] DEBUG o.s.c.c.CharSequenceEncoder - [71314762] Writing "327. foo bar"
16:32:49.880 [http-nio-auto-5-exec-1] DEBUG o.s.c.c.CharSequenceEncoder - [71314762] Writing "328. foo bar"
16:32:49.880 [http-nio-auto-5-exec-1] DEBUG o.s.c.c.CharSequenceEncoder - [71314762] Writing "329. foo bar"
16:32:49.880 [http-nio-auto-5-exec-1] DEBUG o.s.c.c.CharSequenceEncoder - [71314762] Writing "330. foo bar"
16:32:49.880 [http-nio-auto-5-exec-1] DEBUG o.s.c.c.CharSequenceEncoder - [71314762] Writing "331. foo bar"
16:32:49.880 [http-nio-auto-5-exec-1] DEBUG o.s.c.c.CharSequenceEncoder - [71314762] Writing "332. foo bar"
16:32:49.880 [http-nio-auto-5-exec-1] DEBUG o.s.c.c.CharSequenceEncoder - [71314762] Writing "333. foo bar"
16:32:49.880 [http-nio-auto-5-exec-1] DEBUG o.s.c.c.CharSequenceEncoder - [71314762] Writing "334. foo bar"
16:32:49.880 [http-nio-auto-5-exec-1] DEBUG o.s.c.c.CharSequenceEncoder - [71314762] Writing "335. foo bar"
16:32:49.880 [http-nio-auto-5-exec-1] DEBUG o.s.c.c.CharSequenceEncoder - [71314762] Writing "336. foo bar"
16:32:49.880 [http-nio-auto-5-exec-1] DEBUG o.s.c.c.CharSequenceEncoder - [71314762] Writing "337. foo bar"
16:32:49.880 [http-nio-auto-5-exec-1] DEBUG o.s.c.c.CharSequenceEncoder - [71314762] Writing "338. foo bar"
16:32:49.880 [http-nio-auto-5-exec-1] DEBUG o.s.c.c.CharSequenceEncoder - [71314762] Writing "339. foo bar"
16:32:49.880 [http-nio-auto-5-exec-1] DEBUG o.s.c.c.CharSequenceEncoder - [71314762] Writing "340. foo bar"
16:32:49.880 [http-nio-auto-5-exec-1] DEBUG o.s.c.c.CharSequenceEncoder - [71314762] Writing "341. foo bar"
16:32:49.880 [http-nio-auto-5-exec-1] DEBUG o.s.c.c.CharSequenceEncoder - [71314762] Writing "342. foo bar"
16:32:49.880 [http-nio-auto-5-exec-1] DEBUG o.s.c.c.CharSequenceEncoder - [71314762] Writing "343. foo bar"
16:32:49.880 [http-nio-auto-5-exec-1] DEBUG o.s.c.c.CharSequenceEncoder - [71314762] Writing "344. foo bar"
16:32:49.881 [http-nio-auto-5-exec-1] DEBUG o.s.c.c.CharSequenceEncoder - [71314762] Writing "345. foo bar"
16:32:49.881 [http-nio-auto-5-exec-1] DEBUG o.s.c.c.CharSequenceEncoder - [71314762] Writing "346. foo bar"
16:32:49.881 [http-nio-auto-5-exec-1] DEBUG o.s.c.c.CharSequenceEncoder - [71314762] Writing "347. foo bar"
16:32:49.881 [http-nio-auto-5-exec-1] DEBUG o.s.c.c.CharSequenceEncoder - [71314762] Writing "348. foo bar"
16:32:49.881 [http-nio-auto-5-exec-1] DEBUG o.s.c.c.CharSequenceEncoder - [71314762] Writing "349. foo bar"
16:32:49.881 [http-nio-auto-5-exec-1] DEBUG o.s.c.c.CharSequenceEncoder - [71314762] Writing "350. foo bar"
16:32:49.881 [http-nio-auto-5-exec-1] DEBUG o.s.c.c.CharSequenceEncoder - [71314762] Writing "351. foo bar"
16:32:49.881 [http-nio-auto-5-exec-1] DEBUG o.s.c.c.CharSequenceEncoder - [71314762] Writing "352. foo bar"
16:32:49.881 [http-nio-auto-5-exec-1] DEBUG o.s.c.c.CharSequenceEncoder - [71314762] Writing "353. foo bar"
16:32:49.881 [http-nio-auto-5-exec-1] DEBUG o.s.c.c.CharSequenceEncoder - [71314762] Writing "354. foo bar"
16:32:49.881 [http-nio-auto-5-exec-1] DEBUG o.s.c.c.CharSequenceEncoder - [71314762] Writing "355. foo bar"
16:32:49.881 [http-nio-auto-5-exec-1] DEBUG o.s.c.c.CharSequenceEncoder - [71314762] Writing "356. foo bar"
16:32:49.881 [http-nio-auto-5-exec-1] DEBUG o.s.c.c.CharSequenceEncoder - [71314762] Writing "357. foo bar"
16:32:49.881 [http-nio-auto-5-exec-1] DEBUG o.s.c.c.CharSequenceEncoder - [71314762] Writing "358. foo bar"
16:32:49.881 [http-nio-auto-5-exec-1] DEBUG o.s.c.c.CharSequenceEncoder - [71314762] Writing "359. foo bar"
16:32:49.881 [http-nio-auto-5-exec-1] DEBUG o.s.c.c.CharSequenceEncoder - [71314762] Writing "360. foo bar"
16:32:49.881 [http-nio-auto-5-exec-1] DEBUG o.s.c.c.CharSequenceEncoder - [71314762] Writing "361. foo bar"
16:32:49.881 [http-nio-auto-5-exec-1] DEBUG o.s.c.c.CharSequenceEncoder - [71314762] Writing "362. foo bar"
16:32:49.881 [http-nio-auto-5-exec-1] DEBUG o.s.c.c.CharSequenceEncoder - [71314762] Writing "363. foo bar"
16:32:49.881 [http-nio-auto-5-exec-1] DEBUG o.s.c.c.CharSequenceEncoder - [71314762] Writing "364. foo bar"
16:32:49.881 [http-nio-auto-5-exec-1] DEBUG o.s.c.c.CharSequenceEncoder - [71314762] Writing "365. foo bar"
16:32:49.881 [http-nio-auto-5-exec-1] DEBUG o.s.c.c.CharSequenceEncoder - [71314762] Writing "366. foo bar"
16:32:49.881 [http-nio-auto-5-exec-1] DEBUG o.s.c.c.CharSequenceEncoder - [71314762] Writing "367. foo bar"
16:32:49.881 [http-nio-auto-5-exec-1] DEBUG o.s.c.c.CharSequenceEncoder - [71314762] Writing "368. foo bar"
16:32:49.881 [http-nio-auto-5-exec-1] DEBUG o.s.c.c.CharSequenceEncoder - [71314762] Writing "369. foo bar"
16:32:49.881 [http-nio-auto-5-exec-1] DEBUG o.s.c.c.CharSequenceEncoder - [71314762] Writing "370. foo bar"
16:32:49.881 [http-nio-auto-5-exec-1] DEBUG o.s.c.c.CharSequenceEncoder - [71314762] Writing "371. foo bar"
16:32:49.881 [http-nio-auto-5-exec-1] DEBUG o.s.c.c.CharSequenceEncoder - [71314762] Writing "372. foo bar"
16:32:49.881 [http-nio-auto-5-exec-1] DEBUG o.s.c.c.CharSequenceEncoder - [71314762] Writing "373. foo bar"
16:32:49.882 [http-nio-auto-5-exec-1] DEBUG o.s.c.c.CharSequenceEncoder - [71314762] Writing "374. foo bar"
16:32:49.882 [http-nio-auto-5-exec-1] DEBUG o.s.c.c.CharSequenceEncoder - [71314762] Writing "375. foo bar"
16:32:49.882 [http-nio-auto-5-exec-1] DEBUG o.s.c.c.CharSequenceEncoder - [71314762] Writing "376. foo bar"
16:32:49.882 [http-nio-auto-5-exec-1] DEBUG o.s.c.c.CharSequenceEncoder - [71314762] Writing "377. foo bar"
16:32:49.882 [http-nio-auto-5-exec-1] DEBUG o.s.c.c.CharSequenceEncoder - [71314762] Writing "378. foo bar"
16:32:49.882 [http-nio-auto-5-exec-1] DEBUG o.s.c.c.CharSequenceEncoder - [71314762] Writing "379. foo bar"
16:32:49.882 [http-nio-auto-5-exec-1] DEBUG o.s.c.c.CharSequenceEncoder - [71314762] Writing "380. foo bar"
16:32:49.882 [http-nio-auto-5-exec-1] DEBUG o.s.c.c.CharSequenceEncoder - [71314762] Writing "381. foo bar"
16:32:49.882 [http-nio-auto-5-exec-1] DEBUG o.s.c.c.CharSequenceEncoder - [71314762] Writing "382. foo bar"
16:32:49.882 [http-nio-auto-5-exec-1] DEBUG o.s.c.c.CharSequenceEncoder - [71314762] Writing "383. foo bar"
16:32:49.882 [http-nio-auto-5-exec-1] DEBUG o.s.c.c.CharSequenceEncoder - [71314762] Writing "384. foo bar"
16:32:49.882 [http-nio-auto-5-exec-1] DEBUG o.s.c.c.CharSequenceEncoder - [71314762] Writing "385. foo bar"
16:32:49.882 [http-nio-auto-5-exec-1] DEBUG o.s.c.c.CharSequenceEncoder - [71314762] Writing "386. foo bar"
16:32:49.882 [http-nio-auto-5-exec-1] DEBUG o.s.c.c.CharSequenceEncoder - [71314762] Writing "387. foo bar"
16:32:49.882 [http-nio-auto-5-exec-1] DEBUG o.s.c.c.CharSequenceEncoder - [71314762] Writing "388. foo bar"
16:32:49.882 [http-nio-auto-5-exec-1] DEBUG o.s.c.c.CharSequenceEncoder - [71314762] Writing "389. foo bar"
16:32:49.882 [http-nio-auto-5-exec-1] DEBUG o.s.c.c.CharSequenceEncoder - [71314762] Writing "390. foo bar"
16:32:49.882 [http-nio-auto-5-exec-1] DEBUG o.s.c.c.CharSequenceEncoder - [71314762] Writing "391. foo bar"
16:32:49.882 [http-nio-auto-5-exec-1] DEBUG o.s.c.c.CharSequenceEncoder - [71314762] Writing "392. foo bar"
16:32:49.882 [http-nio-auto-5-exec-1] DEBUG o.s.c.c.CharSequenceEncoder - [71314762] Writing "393. foo bar"
16:32:49.882 [http-nio-auto-5-exec-1] DEBUG o.s.c.c.CharSequenceEncoder - [71314762] Writing "394. foo bar"
16:32:49.882 [http-nio-auto-5-exec-1] DEBUG o.s.c.c.CharSequenceEncoder - [71314762] Writing "395. foo bar"
16:32:49.882 [http-nio-auto-5-exec-1] DEBUG o.s.c.c.CharSequenceEncoder - [71314762] Writing "396. foo bar"
16:32:49.882 [http-nio-auto-5-exec-1] DEBUG o.s.c.c.CharSequenceEncoder - [71314762] Writing "397. foo bar"
16:32:49.882 [http-nio-auto-5-exec-1] DEBUG o.s.c.c.CharSequenceEncoder - [71314762] Writing "398. foo bar"
16:32:49.882 [http-nio-auto-5-exec-1] DEBUG o.s.c.c.CharSequenceEncoder - [71314762] Writing "399. foo bar"
16:32:49.883 [http-nio-auto-5-exec-1] DEBUG o.s.c.c.CharSequenceEncoder - [71314762] Writing "400. foo bar"
16:32:49.883 [http-nio-auto-5-exec-1] DEBUG o.s.c.c.CharSequenceEncoder - [71314762] Writing "401. foo bar"
16:32:49.883 [http-nio-auto-5-exec-1] DEBUG o.s.c.c.CharSequenceEncoder - [71314762] Writing "402. foo bar"
16:32:49.883 [http-nio-auto-5-exec-1] DEBUG o.s.c.c.CharSequenceEncoder - [71314762] Writing "403. foo bar"
16:32:49.883 [http-nio-auto-5-exec-1] DEBUG o.s.c.c.CharSequenceEncoder - [71314762] Writing "404. foo bar"
16:32:49.883 [http-nio-auto-5-exec-1] DEBUG o.s.c.c.CharSequenceEncoder - [71314762] Writing "405. foo bar"
16:32:49.883 [http-nio-auto-5-exec-1] DEBUG o.s.c.c.CharSequenceEncoder - [71314762] Writing "406. foo bar"
16:32:49.883 [http-nio-auto-5-exec-1] DEBUG o.s.c.c.CharSequenceEncoder - [71314762] Writing "407. foo bar"
16:32:49.883 [http-nio-auto-5-exec-1] DEBUG o.s.c.c.CharSequenceEncoder - [71314762] Writing "408. foo bar"
16:32:49.883 [http-nio-auto-5-exec-1] DEBUG o.s.c.c.CharSequenceEncoder - [71314762] Writing "409. foo bar"
16:32:49.883 [http-nio-auto-5-exec-1] DEBUG o.s.c.c.CharSequenceEncoder - [71314762] Writing "410. foo bar"
16:32:49.883 [http-nio-auto-5-exec-1] DEBUG o.s.c.c.CharSequenceEncoder - [71314762] Writing "411. foo bar"
16:32:49.883 [http-nio-auto-5-exec-1] DEBUG o.s.c.c.CharSequenceEncoder - [71314762] Writing "412. foo bar"
16:32:49.883 [http-nio-auto-5-exec-1] DEBUG o.s.c.c.CharSequenceEncoder - [71314762] Writing "413. foo bar"
16:32:49.883 [http-nio-auto-5-exec-1] DEBUG o.s.c.c.CharSequenceEncoder - [71314762] Writing "414. foo bar"
16:32:49.883 [http-nio-auto-5-exec-1] DEBUG o.s.c.c.CharSequenceEncoder - [71314762] Writing "415. foo bar"
16:32:49.884 [http-nio-auto-5-exec-1] DEBUG o.s.c.c.CharSequenceEncoder - [71314762] Writing "416. foo bar"
16:32:49.884 [http-nio-auto-5-exec-1] DEBUG o.s.c.c.CharSequenceEncoder - [71314762] Writing "417. foo bar"
16:32:49.884 [http-nio-auto-5-exec-1] DEBUG o.s.c.c.CharSequenceEncoder - [71314762] Writing "418. foo bar"
16:32:49.884 [http-nio-auto-5-exec-1] DEBUG o.s.c.c.CharSequenceEncoder - [71314762] Writing "419. foo bar"
16:32:49.884 [http-nio-auto-5-exec-1] DEBUG o.s.c.c.CharSequenceEncoder - [71314762] Writing "420. foo bar"
16:32:49.884 [http-nio-auto-5-exec-1] DEBUG o.s.c.c.CharSequenceEncoder - [71314762] Writing "421. foo bar"
16:32:49.884 [http-nio-auto-5-exec-1] DEBUG o.s.c.c.CharSequenceEncoder - [71314762] Writing "422. foo bar"
16:32:49.884 [http-nio-auto-5-exec-1] DEBUG o.s.c.c.CharSequenceEncoder - [71314762] Writing "423. foo bar"
16:32:49.884 [http-nio-auto-5-exec-1] DEBUG o.s.c.c.CharSequenceEncoder - [71314762] Writing "424. foo bar"
16:32:49.884 [http-nio-auto-5-exec-1] DEBUG o.s.c.c.CharSequenceEncoder - [71314762] Writing "425. foo bar"
16:32:49.884 [http-nio-auto-5-exec-1] DEBUG o.s.c.c.CharSequenceEncoder - [71314762] Writing "426. foo bar"
16:32:49.884 [http-nio-auto-5-exec-1] DEBUG o.s.c.c.CharSequenceEncoder - [71314762] Writing "427. foo bar"
16:32:49.884 [http-nio-auto-5-exec-1] DEBUG o.s.c.c.CharSequenceEncoder - [71314762] Writing "428. foo bar"
16:32:49.884 [http-nio-auto-5-exec-1] DEBUG o.s.c.c.CharSequenceEncoder - [71314762] Writing "429. foo bar"
16:32:49.884 [http-nio-auto-5-exec-1] DEBUG o.s.c.c.CharSequenceEncoder - [71314762] Writing "430. foo bar"
16:32:49.884 [http-nio-auto-5-exec-1] DEBUG o.s.c.c.CharSequenceEncoder - [71314762] Writing "431. foo bar"
16:32:49.884 [http-nio-auto-5-exec-1] DEBUG o.s.c.c.CharSequenceEncoder - [71314762] Writing "432. foo bar"
16:32:49.884 [http-nio-auto-5-exec-1] DEBUG o.s.c.c.CharSequenceEncoder - [71314762] Writing "433. foo bar"
16:32:49.884 [http-nio-auto-5-exec-1] DEBUG o.s.c.c.CharSequenceEncoder - [71314762] Writing "434. foo bar"
16:32:49.884 [http-nio-auto-5-exec-1] DEBUG o.s.c.c.CharSequenceEncoder - [71314762] Writing "435. foo bar"
16:32:49.884 [http-nio-auto-5-exec-1] DEBUG o.s.c.c.CharSequenceEncoder - [71314762] Writing "436. foo bar"
16:32:49.884 [http-nio-auto-5-exec-1] DEBUG o.s.c.c.CharSequenceEncoder - [71314762] Writing "437. foo bar"
16:32:49.884 [http-nio-auto-5-exec-1] DEBUG o.s.c.c.CharSequenceEncoder - [71314762] Writing "438. foo bar"
16:32:49.884 [http-nio-auto-5-exec-1] DEBUG o.s.c.c.CharSequenceEncoder - [71314762] Writing "439. foo bar"
16:32:49.884 [http-nio-auto-5-exec-1] DEBUG o.s.c.c.CharSequenceEncoder - [71314762] Writing "440. foo bar"
16:32:49.884 [http-nio-auto-5-exec-1] DEBUG o.s.c.c.CharSequenceEncoder - [71314762] Writing "441. foo bar"
16:32:49.884 [http-nio-auto-5-exec-1] DEBUG o.s.c.c.CharSequenceEncoder - [71314762] Writing "442. foo bar"
16:32:49.884 [http-nio-auto-5-exec-1] DEBUG o.s.c.c.CharSequenceEncoder - [71314762] Writing "443. foo bar"
16:32:49.884 [http-nio-auto-5-exec-1] DEBUG o.s.c.c.CharSequenceEncoder - [71314762] Writing "444. foo bar"
16:32:49.884 [http-nio-auto-5-exec-1] DEBUG o.s.c.c.CharSequenceEncoder - [71314762] Writing "445. foo bar"
16:32:49.884 [http-nio-auto-5-exec-1] DEBUG o.s.c.c.CharSequenceEncoder - [71314762] Writing "446. foo bar"
16:32:49.884 [http-nio-auto-5-exec-1] DEBUG o.s.c.c.CharSequenceEncoder - [71314762] Writing "447. foo bar"
16:32:49.884 [http-nio-auto-5-exec-1] DEBUG o.s.c.c.CharSequenceEncoder - [71314762] Writing "448. foo bar"
16:32:49.884 [http-nio-auto-5-exec-1] DEBUG o.s.c.c.CharSequenceEncoder - [71314762] Writing "449. foo bar"
16:32:49.885 [http-nio-auto-5-exec-1] DEBUG o.s.c.c.CharSequenceEncoder - [71314762] Writing "450. foo bar"
16:32:49.885 [http-nio-auto-5-exec-1] DEBUG o.s.c.c.CharSequenceEncoder - [71314762] Writing "451. foo bar"
16:32:49.885 [http-nio-auto-5-exec-1] DEBUG o.s.c.c.CharSequenceEncoder - [71314762] Writing "452. foo bar"
16:32:49.885 [http-nio-auto-5-exec-1] DEBUG o.s.c.c.CharSequenceEncoder - [71314762] Writing "453. foo bar"
16:32:49.885 [http-nio-auto-5-exec-1] DEBUG o.s.c.c.CharSequenceEncoder - [71314762] Writing "454. foo bar"
16:32:49.885 [http-nio-auto-5-exec-1] DEBUG o.s.c.c.CharSequenceEncoder - [71314762] Writing "455. foo bar"
16:32:49.885 [http-nio-auto-5-exec-1] DEBUG o.s.c.c.CharSequenceEncoder - [71314762] Writing "456. foo bar"
16:32:49.885 [http-nio-auto-5-exec-1] DEBUG o.s.c.c.CharSequenceEncoder - [71314762] Writing "457. foo bar"
16:32:49.885 [http-nio-auto-5-exec-1] DEBUG o.s.c.c.CharSequenceEncoder - [71314762] Writing "458. foo bar"
16:32:49.885 [http-nio-auto-5-exec-1] DEBUG o.s.c.c.CharSequenceEncoder - [71314762] Writing "459. foo bar"
16:32:49.885 [http-nio-auto-5-exec-1] DEBUG o.s.c.c.CharSequenceEncoder - [71314762] Writing "460. foo bar"
16:32:49.885 [http-nio-auto-5-exec-1] DEBUG o.s.c.c.CharSequenceEncoder - [71314762] Writing "461. foo bar"
16:32:49.885 [http-nio-auto-5-exec-1] DEBUG o.s.c.c.CharSequenceEncoder - [71314762] Writing "462. foo bar"
16:32:49.885 [http-nio-auto-5-exec-1] DEBUG o.s.c.c.CharSequenceEncoder - [71314762] Writing "463. foo bar"
16:32:49.885 [http-nio-auto-5-exec-1] DEBUG o.s.c.c.CharSequenceEncoder - [71314762] Writing "464. foo bar"
16:32:49.885 [http-nio-auto-5-exec-1] DEBUG o.s.c.c.CharSequenceEncoder - [71314762] Writing "465. foo bar"
16:32:49.885 [http-nio-auto-5-exec-1] DEBUG o.s.c.c.CharSequenceEncoder - [71314762] Writing "466. foo bar"
16:32:49.885 [http-nio-auto-5-exec-1] DEBUG o.s.c.c.CharSequenceEncoder - [71314762] Writing "467. foo bar"
16:32:49.885 [http-nio-auto-5-exec-1] DEBUG o.s.c.c.CharSequenceEncoder - [71314762] Writing "468. foo bar"
16:32:49.885 [http-nio-auto-5-exec-1] DEBUG o.s.c.c.CharSequenceEncoder - [71314762] Writing "469. foo bar"
16:32:49.885 [http-nio-auto-5-exec-1] DEBUG o.s.c.c.CharSequenceEncoder - [71314762] Writing "470. foo bar"
16:32:49.885 [http-nio-auto-5-exec-1] DEBUG o.s.c.c.CharSequenceEncoder - [71314762] Writing "471. foo bar"
16:32:49.885 [http-nio-auto-5-exec-1] DEBUG o.s.c.c.CharSequenceEncoder - [71314762] Writing "472. foo bar"
16:32:49.885 [http-nio-auto-5-exec-1] DEBUG o.s.c.c.CharSequenceEncoder - [71314762] Writing "473. foo bar"
16:32:49.885 [http-nio-auto-5-exec-1] DEBUG o.s.c.c.CharSequenceEncoder - [71314762] Writing "474. foo bar"
16:32:49.885 [http-nio-auto-5-exec-1] DEBUG o.s.c.c.CharSequenceEncoder - [71314762] Writing "475. foo bar"
16:32:49.885 [http-nio-auto-5-exec-1] DEBUG o.s.c.c.CharSequenceEncoder - [71314762] Writing "476. foo bar"
16:32:49.885 [http-nio-auto-5-exec-1] DEBUG o.s.c.c.CharSequenceEncoder - [71314762] Writing "477. foo bar"
16:32:49.885 [http-nio-auto-5-exec-1] DEBUG o.s.c.c.CharSequenceEncoder - [71314762] Writing "478. foo bar"
16:32:49.885 [http-nio-auto-5-exec-1] DEBUG o.s.c.c.CharSequenceEncoder - [71314762] Writing "479. foo bar"
16:32:49.885 [http-nio-auto-5-exec-1] DEBUG o.s.c.c.CharSequenceEncoder - [71314762] Writing "480. foo bar"
16:32:49.885 [http-nio-auto-5-exec-1] DEBUG o.s.c.c.CharSequenceEncoder - [71314762] Writing "481. foo bar"
16:32:49.885 [http-nio-auto-5-exec-1] DEBUG o.s.c.c.CharSequenceEncoder - [71314762] Writing "482. foo bar"
16:32:49.886 [http-nio-auto-5-exec-1] DEBUG o.s.c.c.CharSequenceEncoder - [71314762] Writing "483. foo bar"
16:32:49.886 [http-nio-auto-5-exec-1] DEBUG o.s.c.c.CharSequenceEncoder - [71314762] Writing "484. foo bar"
16:32:49.886 [http-nio-auto-5-exec-1] DEBUG o.s.c.c.CharSequenceEncoder - [71314762] Writing "485. foo bar"
16:32:49.886 [http-nio-auto-5-exec-1] DEBUG o.s.c.c.CharSequenceEncoder - [71314762] Writing "486. foo bar"
16:32:49.886 [http-nio-auto-5-exec-1] DEBUG o.s.c.c.CharSequenceEncoder - [71314762] Writing "487. foo bar"
16:32:49.886 [http-nio-auto-5-exec-1] DEBUG o.s.c.c.CharSequenceEncoder - [71314762] Writing "488. foo bar"
16:32:49.886 [http-nio-auto-5-exec-1] DEBUG o.s.c.c.CharSequenceEncoder - [71314762] Writing "489. foo bar"
16:32:49.886 [http-nio-auto-5-exec-1] DEBUG o.s.c.c.CharSequenceEncoder - [71314762] Writing "490. foo bar"
16:32:49.886 [http-nio-auto-5-exec-1] DEBUG o.s.c.c.CharSequenceEncoder - [71314762] Writing "491. foo bar"
16:32:49.886 [http-nio-auto-5-exec-1] DEBUG o.s.c.c.CharSequenceEncoder - [71314762] Writing "492. foo bar"
16:32:49.886 [http-nio-auto-5-exec-1] DEBUG o.s.c.c.CharSequenceEncoder - [71314762] Writing "493. foo bar"
16:32:49.886 [http-nio-auto-5-exec-1] DEBUG o.s.c.c.CharSequenceEncoder - [71314762] Writing "494. foo bar"
16:32:49.886 [http-nio-auto-5-exec-1] DEBUG o.s.c.c.CharSequenceEncoder - [71314762] Writing "495. foo bar"
16:32:49.886 [http-nio-auto-5-exec-1] DEBUG o.s.c.c.CharSequenceEncoder - [71314762] Writing "496. foo bar"
16:32:49.886 [http-nio-auto-5-exec-1] DEBUG o.s.c.c.CharSequenceEncoder - [71314762] Writing "497. foo bar"
16:32:49.886 [http-nio-auto-5-exec-1] DEBUG o.s.c.c.CharSequenceEncoder - [71314762] Writing "498. foo bar"
16:32:49.886 [http-nio-auto-5-exec-1] DEBUG o.s.c.c.CharSequenceEncoder - [71314762] Writing "499. foo bar"
16:32:49.886 [http-nio-auto-5-exec-1] DEBUG o.s.c.c.CharSequenceEncoder - [71314762] Writing "500. foo bar"
16:32:49.886 [http-nio-auto-5-exec-1] DEBUG o.s.c.c.CharSequenceEncoder - [71314762] Writing "501. foo bar"
16:32:49.886 [http-nio-auto-5-exec-1] DEBUG o.s.c.c.CharSequenceEncoder - [71314762] Writing "502. foo bar"
16:32:49.886 [http-nio-auto-5-exec-1] DEBUG o.s.c.c.CharSequenceEncoder - [71314762] Writing "503. foo bar"
16:32:49.886 [http-nio-auto-5-exec-1] DEBUG o.s.c.c.CharSequenceEncoder - [71314762] Writing "504. foo bar"
16:32:49.886 [http-nio-auto-5-exec-1] DEBUG o.s.c.c.CharSequenceEncoder - [71314762] Writing "505. foo bar"
16:32:49.886 [http-nio-auto-5-exec-1] DEBUG o.s.c.c.CharSequenceEncoder - [71314762] Writing "506. foo bar"
16:32:49.886 [http-nio-auto-5-exec-1] DEBUG o.s.c.c.CharSequenceEncoder - [71314762] Writing "507. foo bar"
16:32:49.886 [http-nio-auto-5-exec-1] DEBUG o.s.c.c.CharSequenceEncoder - [71314762] Writing "508. foo bar"
16:32:49.887 [http-nio-auto-5-exec-1] DEBUG o.s.c.c.CharSequenceEncoder - [71314762] Writing "509. foo bar"
16:32:49.887 [http-nio-auto-5-exec-1] DEBUG o.s.c.c.CharSequenceEncoder - [71314762] Writing "510. foo bar"
16:32:49.887 [http-nio-auto-5-exec-1] DEBUG o.s.c.c.CharSequenceEncoder - [71314762] Writing "511. foo bar"
16:32:49.887 [http-nio-auto-5-exec-1] DEBUG o.s.c.c.CharSequenceEncoder - [71314762] Writing "512. foo bar"
16:32:49.887 [http-nio-auto-5-exec-1] DEBUG o.s.c.c.CharSequenceEncoder - [71314762] Writing "513. foo bar"
16:32:49.887 [http-nio-auto-5-exec-1] DEBUG o.s.c.c.CharSequenceEncoder - [71314762] Writing "514. foo bar"
16:32:49.887 [http-nio-auto-5-exec-1] DEBUG o.s.c.c.CharSequenceEncoder - [71314762] Writing "515. foo bar"
16:32:49.887 [http-nio-auto-5-exec-1] DEBUG o.s.c.c.CharSequenceEncoder - [71314762] Writing "516. foo bar"
16:32:49.887 [http-nio-auto-5-exec-1] DEBUG o.s.c.c.CharSequenceEncoder - [71314762] Writing "517. foo bar"
16:32:49.887 [http-nio-auto-5-exec-1] DEBUG o.s.c.c.CharSequenceEncoder - [71314762] Writing "518. foo bar"
16:32:49.887 [http-nio-auto-5-exec-1] DEBUG o.s.c.c.CharSequenceEncoder - [71314762] Writing "519. foo bar"
16:32:49.887 [http-nio-auto-5-exec-1] DEBUG o.s.c.c.CharSequenceEncoder - [71314762] Writing "520. foo bar"
16:32:49.887 [http-nio-auto-5-exec-1] DEBUG o.s.c.c.CharSequenceEncoder - [71314762] Writing "521. foo bar"
16:32:49.887 [http-nio-auto-5-exec-1] DEBUG o.s.c.c.CharSequenceEncoder - [71314762] Writing "522. foo bar"
16:32:49.887 [http-nio-auto-5-exec-1] DEBUG o.s.c.c.CharSequenceEncoder - [71314762] Writing "523. foo bar"
16:32:49.887 [http-nio-auto-5-exec-1] DEBUG o.s.c.c.CharSequenceEncoder - [71314762] Writing "524. foo bar"
16:32:49.887 [http-nio-auto-5-exec-1] DEBUG o.s.c.c.CharSequenceEncoder - [71314762] Writing "525. foo bar"
16:32:49.887 [http-nio-auto-5-exec-1] DEBUG o.s.c.c.CharSequenceEncoder - [71314762] Writing "526. foo bar"
16:32:49.887 [http-nio-auto-5-exec-1] DEBUG o.s.c.c.CharSequenceEncoder - [71314762] Writing "527. foo bar"
16:32:49.887 [http-nio-auto-5-exec-1] DEBUG o.s.c.c.CharSequenceEncoder - [71314762] Writing "528. foo bar"
16:32:49.887 [http-nio-auto-5-exec-1] DEBUG o.s.c.c.CharSequenceEncoder - [71314762] Writing "529. foo bar"
16:32:49.887 [http-nio-auto-5-exec-1] DEBUG o.s.c.c.CharSequenceEncoder - [71314762] Writing "530. foo bar"
16:32:49.887 [http-nio-auto-5-exec-1] DEBUG o.s.c.c.CharSequenceEncoder - [71314762] Writing "531. foo bar"
16:32:49.887 [http-nio-auto-5-exec-1] DEBUG o.s.c.c.CharSequenceEncoder - [71314762] Writing "532. foo bar"
16:32:49.887 [http-nio-auto-5-exec-1] DEBUG o.s.c.c.CharSequenceEncoder - [71314762] Writing "533. foo bar"
16:32:49.887 [http-nio-auto-5-exec-1] DEBUG o.s.c.c.CharSequenceEncoder - [71314762] Writing "534. foo bar"
16:32:49.887 [http-nio-auto-5-exec-1] DEBUG o.s.c.c.CharSequenceEncoder - [71314762] Writing "535. foo bar"
16:32:49.887 [http-nio-auto-5-exec-1] DEBUG o.s.c.c.CharSequenceEncoder - [71314762] Writing "536. foo bar"
16:32:49.887 [http-nio-auto-5-exec-1] DEBUG o.s.c.c.CharSequenceEncoder - [71314762] Writing "537. foo bar"
16:32:49.888 [http-nio-auto-5-exec-1] DEBUG o.s.c.c.CharSequenceEncoder - [71314762] Writing "538. foo bar"
16:32:49.888 [http-nio-auto-5-exec-1] DEBUG o.s.c.c.CharSequenceEncoder - [71314762] Writing "539. foo bar"
16:32:49.888 [http-nio-auto-5-exec-1] DEBUG o.s.c.c.CharSequenceEncoder - [71314762] Writing "540. foo bar"
16:32:49.888 [http-nio-auto-5-exec-1] DEBUG o.s.c.c.CharSequenceEncoder - [71314762] Writing "541. foo bar"
16:32:49.888 [http-nio-auto-5-exec-1] DEBUG o.s.c.c.CharSequenceEncoder - [71314762] Writing "542. foo bar"
16:32:49.888 [http-nio-auto-5-exec-1] DEBUG o.s.c.c.CharSequenceEncoder - [71314762] Writing "543. foo bar"
16:32:49.888 [http-nio-auto-5-exec-1] DEBUG o.s.c.c.CharSequenceEncoder - [71314762] Writing "544. foo bar"
16:32:49.888 [http-nio-auto-5-exec-1] DEBUG o.s.c.c.CharSequenceEncoder - [71314762] Writing "545. foo bar"
16:32:49.888 [http-nio-auto-5-exec-1] DEBUG o.s.c.c.CharSequenceEncoder - [71314762] Writing "546. foo bar"
16:32:49.888 [http-nio-auto-5-exec-1] DEBUG o.s.c.c.CharSequenceEncoder - [71314762] Writing "547. foo bar"
16:32:49.888 [http-nio-auto-5-exec-1] DEBUG o.s.c.c.CharSequenceEncoder - [71314762] Writing "548. foo bar"
16:32:49.888 [http-nio-auto-5-exec-1] DEBUG o.s.c.c.CharSequenceEncoder - [71314762] Writing "549. foo bar"
16:32:49.888 [http-nio-auto-5-exec-1] DEBUG o.s.c.c.CharSequenceEncoder - [71314762] Writing "550. foo bar"
16:32:49.888 [http-nio-auto-5-exec-1] DEBUG o.s.c.c.CharSequenceEncoder - [71314762] Writing "551. foo bar"
16:32:49.888 [http-nio-auto-5-exec-1] DEBUG o.s.c.c.CharSequenceEncoder - [71314762] Writing "552. foo bar"
16:32:49.888 [http-nio-auto-5-exec-1] DEBUG o.s.c.c.CharSequenceEncoder - [71314762] Writing "553. foo bar"
16:32:49.888 [http-nio-auto-5-exec-1] DEBUG o.s.c.c.CharSequenceEncoder - [71314762] Writing "554. foo bar"
16:32:49.888 [http-nio-auto-5-exec-1] DEBUG o.s.c.c.CharSequenceEncoder - [71314762] Writing "555. foo bar"
16:32:49.888 [http-nio-auto-5-exec-1] DEBUG o.s.c.c.CharSequenceEncoder - [71314762] Writing "556. foo bar"
16:32:49.888 [http-nio-auto-5-exec-1] DEBUG o.s.c.c.CharSequenceEncoder - [71314762] Writing "557. foo bar"
16:32:49.888 [http-nio-auto-5-exec-1] DEBUG o.s.c.c.CharSequenceEncoder - [71314762] Writing "558. foo bar"
16:32:49.888 [http-nio-auto-5-exec-1] DEBUG o.s.c.c.CharSequenceEncoder - [71314762] Writing "559. foo bar"
16:32:49.888 [http-nio-auto-5-exec-1] DEBUG o.s.c.c.CharSequenceEncoder - [71314762] Writing "560. foo bar"
16:32:49.888 [http-nio-auto-5-exec-1] DEBUG o.s.c.c.CharSequenceEncoder - [71314762] Writing "561. foo bar"
16:32:49.888 [http-nio-auto-5-exec-1] DEBUG o.s.c.c.CharSequenceEncoder - [71314762] Writing "562. foo bar"
16:32:49.888 [http-nio-auto-5-exec-1] DEBUG o.s.c.c.CharSequenceEncoder - [71314762] Writing "563. foo bar"
16:32:49.888 [http-nio-auto-5-exec-1] DEBUG o.s.c.c.CharSequenceEncoder - [71314762] Writing "564. foo bar"
16:32:49.888 [http-nio-auto-5-exec-1] DEBUG o.s.c.c.CharSequenceEncoder - [71314762] Writing "565. foo bar"
16:32:49.888 [http-nio-auto-5-exec-1] DEBUG o.s.c.c.CharSequenceEncoder - [71314762] Writing "566. foo bar"
16:32:49.889 [http-nio-auto-5-exec-1] DEBUG o.s.c.c.CharSequenceEncoder - [71314762] Writing "567. foo bar"
16:32:49.889 [http-nio-auto-5-exec-1] DEBUG o.s.c.c.CharSequenceEncoder - [71314762] Writing "568. foo bar"
16:32:49.889 [http-nio-auto-5-exec-1] DEBUG o.s.c.c.CharSequenceEncoder - [71314762] Writing "569. foo bar"
16:32:49.889 [http-nio-auto-5-exec-1] DEBUG o.s.c.c.CharSequenceEncoder - [71314762] Writing "570. foo bar"
16:32:49.889 [http-nio-auto-5-exec-1] DEBUG o.s.c.c.CharSequenceEncoder - [71314762] Writing "571. foo bar"
16:32:49.889 [http-nio-auto-5-exec-1] DEBUG o.s.c.c.CharSequenceEncoder - [71314762] Writing "572. foo bar"
16:32:49.889 [http-nio-auto-5-exec-1] DEBUG o.s.c.c.CharSequenceEncoder - [71314762] Writing "573. foo bar"
16:32:49.889 [http-nio-auto-5-exec-1] DEBUG o.s.c.c.CharSequenceEncoder - [71314762] Writing "574. foo bar"
16:32:49.889 [http-nio-auto-5-exec-1] DEBUG o.s.c.c.CharSequenceEncoder - [71314762] Writing "575. foo bar"
16:32:49.889 [http-nio-auto-5-exec-1] DEBUG o.s.c.c.CharSequenceEncoder - [71314762] Writing "576. foo bar"
16:32:49.889 [http-nio-auto-5-exec-1] DEBUG o.s.c.c.CharSequenceEncoder - [71314762] Writing "577. foo bar"
16:32:49.889 [http-nio-auto-5-exec-1] DEBUG o.s.c.c.CharSequenceEncoder - [71314762] Writing "578. foo bar"
16:32:49.889 [http-nio-auto-5-exec-1] DEBUG o.s.c.c.CharSequenceEncoder - [71314762] Writing "579. foo bar"
16:32:49.889 [http-nio-auto-5-exec-1] DEBUG o.s.c.c.CharSequenceEncoder - [71314762] Writing "580. foo bar"
16:32:49.889 [http-nio-auto-5-exec-1] DEBUG o.s.c.c.CharSequenceEncoder - [71314762] Writing "581. foo bar"
16:32:49.889 [http-nio-auto-5-exec-1] DEBUG o.s.c.c.CharSequenceEncoder - [71314762] Writing "582. foo bar"
16:32:49.889 [http-nio-auto-5-exec-1] DEBUG o.s.c.c.CharSequenceEncoder - [71314762] Writing "583. foo bar"
16:32:49.889 [http-nio-auto-5-exec-1] DEBUG o.s.c.c.CharSequenceEncoder - [71314762] Writing "584. foo bar"
16:32:49.889 [http-nio-auto-5-exec-1] DEBUG o.s.c.c.CharSequenceEncoder - [71314762] Writing "585. foo bar"
16:32:49.889 [http-nio-auto-5-exec-1] DEBUG o.s.c.c.CharSequenceEncoder - [71314762] Writing "586. foo bar"
16:32:49.889 [http-nio-auto-5-exec-1] DEBUG o.s.c.c.CharSequenceEncoder - [71314762] Writing "587. foo bar"
16:32:49.889 [http-nio-auto-5-exec-1] DEBUG o.s.c.c.CharSequenceEncoder - [71314762] Writing "588. foo bar"
16:32:49.889 [http-nio-auto-5-exec-1] DEBUG o.s.c.c.CharSequenceEncoder - [71314762] Writing "589. foo bar"
16:32:49.889 [http-nio-auto-5-exec-1] DEBUG o.s.c.c.CharSequenceEncoder - [71314762] Writing "590. foo bar"
16:32:49.889 [http-nio-auto-5-exec-1] DEBUG o.s.c.c.CharSequenceEncoder - [71314762] Writing "591. foo bar"
16:32:49.889 [http-nio-auto-5-exec-1] DEBUG o.s.c.c.CharSequenceEncoder - [71314762] Writing "592. foo bar"
16:32:49.890 [http-nio-auto-5-exec-1] DEBUG o.s.c.c.CharSequenceEncoder - [71314762] Writing "593. foo bar"
16:32:49.890 [http-nio-auto-5-exec-1] DEBUG o.s.c.c.CharSequenceEncoder - [71314762] Writing "594. foo bar"
16:32:49.890 [http-nio-auto-5-exec-1] DEBUG o.s.c.c.CharSequenceEncoder - [71314762] Writing "595. foo bar"
16:32:49.890 [http-nio-auto-5-exec-1] DEBUG o.s.c.c.CharSequenceEncoder - [71314762] Writing "596. foo bar"
16:32:49.890 [http-nio-auto-5-exec-1] DEBUG o.s.c.c.CharSequenceEncoder - [71314762] Writing "597. foo bar"
16:32:49.890 [http-nio-auto-5-exec-1] DEBUG o.s.c.c.CharSequenceEncoder - [71314762] Writing "598. foo bar"
16:32:49.890 [http-nio-auto-5-exec-1] DEBUG o.s.c.c.CharSequenceEncoder - [71314762] Writing "599. foo bar"
16:32:49.890 [http-nio-auto-5-exec-1] DEBUG o.s.c.c.CharSequenceEncoder - [71314762] Writing "600. foo bar"
16:32:49.890 [http-nio-auto-5-exec-1] DEBUG o.s.c.c.CharSequenceEncoder - [71314762] Writing "601. foo bar"
16:32:49.890 [http-nio-auto-5-exec-1] DEBUG o.s.c.c.CharSequenceEncoder - [71314762] Writing "602. foo bar"
16:32:49.890 [http-nio-auto-5-exec-1] DEBUG o.s.c.c.CharSequenceEncoder - [71314762] Writing "603. foo bar"
16:32:49.890 [http-nio-auto-5-exec-1] DEBUG o.s.c.c.CharSequenceEncoder - [71314762] Writing "604. foo bar"
16:32:49.890 [http-nio-auto-5-exec-1] DEBUG o.s.c.c.CharSequenceEncoder - [71314762] Writing "605. foo bar"
16:32:49.891 [http-nio-auto-5-exec-1] DEBUG o.s.c.c.CharSequenceEncoder - [71314762] Writing "606. foo bar"
16:32:49.891 [http-nio-auto-5-exec-1] DEBUG o.s.c.c.CharSequenceEncoder - [71314762] Writing "607. foo bar"
16:32:49.891 [http-nio-auto-5-exec-1] DEBUG o.s.c.c.CharSequenceEncoder - [71314762] Writing "608. foo bar"
16:32:49.891 [http-nio-auto-5-exec-1] DEBUG o.s.c.c.CharSequenceEncoder - [71314762] Writing "609. foo bar"
16:32:49.891 [http-nio-auto-5-exec-1] DEBUG o.s.c.c.CharSequenceEncoder - [71314762] Writing "610. foo bar"
16:32:49.891 [http-nio-auto-5-exec-1] DEBUG o.s.c.c.CharSequenceEncoder - [71314762] Writing "611. foo bar"
16:32:49.891 [http-nio-auto-5-exec-1] DEBUG o.s.c.c.CharSequenceEncoder - [71314762] Writing "612. foo bar"
16:32:49.891 [http-nio-auto-5-exec-1] DEBUG o.s.c.c.CharSequenceEncoder - [71314762] Writing "613. foo bar"
16:32:49.891 [http-nio-auto-5-exec-1] DEBUG o.s.c.c.CharSequenceEncoder - [71314762] Writing "614. foo bar"
16:32:49.891 [http-nio-auto-5-exec-1] DEBUG o.s.c.c.CharSequenceEncoder - [71314762] Writing "615. foo bar"
16:32:49.891 [http-nio-auto-5-exec-1] DEBUG o.s.c.c.CharSequenceEncoder - [71314762] Writing "616. foo bar"
16:32:49.891 [http-nio-auto-5-exec-1] DEBUG o.s.c.c.CharSequenceEncoder - [71314762] Writing "617. foo bar"
16:32:49.891 [http-nio-auto-5-exec-1] DEBUG o.s.c.c.CharSequenceEncoder - [71314762] Writing "618. foo bar"
16:32:49.891 [http-nio-auto-5-exec-1] DEBUG o.s.c.c.CharSequenceEncoder - [71314762] Writing "619. foo bar"
16:32:49.891 [http-nio-auto-5-exec-1] DEBUG o.s.c.c.CharSequenceEncoder - [71314762] Writing "620. foo bar"
16:32:49.891 [http-nio-auto-5-exec-1] DEBUG o.s.c.c.CharSequenceEncoder - [71314762] Writing "621. foo bar"
16:32:49.891 [http-nio-auto-5-exec-1] DEBUG o.s.c.c.CharSequenceEncoder - [71314762] Writing "622. foo bar"
16:32:49.891 [http-nio-auto-5-exec-1] DEBUG o.s.c.c.CharSequenceEncoder - [71314762] Writing "623. foo bar"
16:32:49.891 [http-nio-auto-5-exec-1] DEBUG o.s.c.c.CharSequenceEncoder - [71314762] Writing "624. foo bar"
16:32:49.891 [http-nio-auto-5-exec-1] DEBUG o.s.c.c.CharSequenceEncoder - [71314762] Writing "625. foo bar"
16:32:49.891 [http-nio-auto-5-exec-1] DEBUG o.s.c.c.CharSequenceEncoder - [71314762] Writing "626. foo bar"
16:32:49.891 [http-nio-auto-5-exec-1] DEBUG o.s.c.c.CharSequenceEncoder - [71314762] Writing "627. foo bar"
16:32:49.891 [http-nio-auto-5-exec-1] DEBUG o.s.c.c.CharSequenceEncoder - [71314762] Writing "628. foo bar"
16:32:49.891 [http-nio-auto-5-exec-1] DEBUG o.s.c.c.CharSequenceEncoder - [71314762] Writing "629. foo bar"
16:32:49.892 [http-nio-auto-5-exec-1] DEBUG o.s.c.c.CharSequenceEncoder - [71314762] Writing "630. foo bar"
16:32:49.892 [http-nio-auto-5-exec-1] DEBUG o.s.c.c.CharSequenceEncoder - [71314762] Writing "631. foo bar"
16:32:49.892 [http-nio-auto-5-exec-1] DEBUG o.s.c.c.CharSequenceEncoder - [71314762] Writing "632. foo bar"
16:32:49.892 [http-nio-auto-5-exec-1] DEBUG o.s.c.c.CharSequenceEncoder - [71314762] Writing "633. foo bar"
16:32:49.892 [http-nio-auto-5-exec-1] DEBUG o.s.c.c.CharSequenceEncoder - [71314762] Writing "634. foo bar"
16:32:49.892 [http-nio-auto-5-exec-1] DEBUG o.s.c.c.CharSequenceEncoder - [71314762] Writing "635. foo bar"
16:32:49.892 [http-nio-auto-5-exec-1] DEBUG o.s.c.c.CharSequenceEncoder - [71314762] Writing "636. foo bar"
16:32:49.892 [http-nio-auto-5-exec-1] DEBUG o.s.c.c.CharSequenceEncoder - [71314762] Writing "637. foo bar"
16:32:49.892 [http-nio-auto-5-exec-1] DEBUG o.s.c.c.CharSequenceEncoder - [71314762] Writing "638. foo bar"
16:32:49.892 [http-nio-auto-5-exec-1] DEBUG o.s.c.c.CharSequenceEncoder - [71314762] Writing "639. foo bar"
16:32:49.892 [http-nio-auto-5-exec-1] DEBUG o.s.c.c.CharSequenceEncoder - [71314762] Writing "640. foo bar"
16:32:49.892 [http-nio-auto-5-exec-1] DEBUG o.s.c.c.CharSequenceEncoder - [71314762] Writing "641. foo bar"
16:32:49.892 [http-nio-auto-5-exec-1] DEBUG o.s.c.c.CharSequenceEncoder - [71314762] Writing "642. foo bar"
16:32:49.892 [http-nio-auto-5-exec-1] DEBUG o.s.c.c.CharSequenceEncoder - [71314762] Writing "643. foo bar"
16:32:49.892 [http-nio-auto-5-exec-1] DEBUG o.s.c.c.CharSequenceEncoder - [71314762] Writing "644. foo bar"
16:32:49.892 [http-nio-auto-5-exec-1] DEBUG o.s.c.c.CharSequenceEncoder - [71314762] Writing "645. foo bar"
16:32:49.892 [http-nio-auto-5-exec-1] DEBUG o.s.c.c.CharSequenceEncoder - [71314762] Writing "646. foo bar"
16:32:49.892 [http-nio-auto-5-exec-1] DEBUG o.s.c.c.CharSequenceEncoder - [71314762] Writing "647. foo bar"
16:32:49.892 [http-nio-auto-5-exec-1] DEBUG o.s.c.c.CharSequenceEncoder - [71314762] Writing "648. foo bar"
16:32:49.892 [http-nio-auto-5-exec-1] DEBUG o.s.c.c.CharSequenceEncoder - [71314762] Writing "649. foo bar"
16:32:49.892 [http-nio-auto-5-exec-1] DEBUG o.s.c.c.CharSequenceEncoder - [71314762] Writing "650. foo bar"
16:32:49.892 [http-nio-auto-5-exec-1] DEBUG o.s.c.c.CharSequenceEncoder - [71314762] Writing "651. foo bar"
16:32:49.892 [http-nio-auto-5-exec-1] DEBUG o.s.c.c.CharSequenceEncoder - [71314762] Writing "652. foo bar"
16:32:49.892 [http-nio-auto-5-exec-1] DEBUG o.s.c.c.CharSequenceEncoder - [71314762] Writing "653. foo bar"
16:32:49.892 [http-nio-auto-5-exec-1] DEBUG o.s.c.c.CharSequenceEncoder - [71314762] Writing "654. foo bar"
16:32:49.892 [http-nio-auto-5-exec-1] DEBUG o.s.c.c.CharSequenceEncoder - [71314762] Writing "655. foo bar"
16:32:49.892 [http-nio-auto-5-exec-1] DEBUG o.s.c.c.CharSequenceEncoder - [71314762] Writing "656. foo bar"
16:32:49.892 [http-nio-auto-5-exec-1] DEBUG o.s.c.c.CharSequenceEncoder - [71314762] Writing "657. foo bar"
16:32:49.892 [http-nio-auto-5-exec-1] DEBUG o.s.c.c.CharSequenceEncoder - [71314762] Writing "658. foo bar"
16:32:49.892 [http-nio-auto-5-exec-1] DEBUG o.s.c.c.CharSequenceEncoder - [71314762] Writing "659. foo bar"
16:32:49.892 [http-nio-auto-5-exec-1] DEBUG o.s.c.c.CharSequenceEncoder - [71314762] Writing "660. foo bar"
16:32:49.892 [http-nio-auto-5-exec-1] DEBUG o.s.c.c.CharSequenceEncoder - [71314762] Writing "661. foo bar"
16:32:49.892 [http-nio-auto-5-exec-1] DEBUG o.s.c.c.CharSequenceEncoder - [71314762] Writing "662. foo bar"
16:32:49.892 [http-nio-auto-5-exec-1] DEBUG o.s.c.c.CharSequenceEncoder - [71314762] Writing "663. foo bar"
16:32:49.892 [http-nio-auto-5-exec-1] DEBUG o.s.c.c.CharSequenceEncoder - [71314762] Writing "664. foo bar"
16:32:49.892 [http-nio-auto-5-exec-1] DEBUG o.s.c.c.CharSequenceEncoder - [71314762] Writing "665. foo bar"
16:32:49.892 [http-nio-auto-5-exec-1] DEBUG o.s.c.c.CharSequenceEncoder - [71314762] Writing "666. foo bar"
16:32:49.893 [http-nio-auto-5-exec-1] DEBUG o.s.c.c.CharSequenceEncoder - [71314762] Writing "667. foo bar"
16:32:49.893 [http-nio-auto-5-exec-1] DEBUG o.s.c.c.CharSequenceEncoder - [71314762] Writing "668. foo bar"
16:32:49.893 [http-nio-auto-5-exec-1] DEBUG o.s.c.c.CharSequenceEncoder - [71314762] Writing "669. foo bar"
16:32:49.893 [http-nio-auto-5-exec-1] DEBUG o.s.c.c.CharSequenceEncoder - [71314762] Writing "670. foo bar"
16:32:49.893 [http-nio-auto-5-exec-1] DEBUG o.s.c.c.CharSequenceEncoder - [71314762] Writing "671. foo bar"
16:32:49.893 [http-nio-auto-5-exec-1] DEBUG o.s.c.c.CharSequenceEncoder - [71314762] Writing "672. foo bar"
16:32:49.893 [http-nio-auto-5-exec-1] DEBUG o.s.c.c.CharSequenceEncoder - [71314762] Writing "673. foo bar"
16:32:49.893 [http-nio-auto-5-exec-1] DEBUG o.s.c.c.CharSequenceEncoder - [71314762] Writing "674. foo bar"
16:32:49.893 [http-nio-auto-5-exec-1] DEBUG o.s.c.c.CharSequenceEncoder - [71314762] Writing "675. foo bar"
16:32:49.893 [http-nio-auto-5-exec-1] DEBUG o.s.c.c.CharSequenceEncoder - [71314762] Writing "676. foo bar"
16:32:49.893 [http-nio-auto-5-exec-1] DEBUG o.s.c.c.CharSequenceEncoder - [71314762] Writing "677. foo bar"
16:32:49.893 [http-nio-auto-5-exec-1] DEBUG o.s.c.c.CharSequenceEncoder - [71314762] Writing "678. foo bar"
16:32:49.893 [http-nio-auto-5-exec-1] DEBUG o.s.c.c.CharSequenceEncoder - [71314762] Writing "679. foo bar"
16:32:49.893 [http-nio-auto-5-exec-1] DEBUG o.s.c.c.CharSequenceEncoder - [71314762] Writing "680. foo bar"
16:32:49.893 [http-nio-auto-5-exec-1] DEBUG o.s.c.c.CharSequenceEncoder - [71314762] Writing "681. foo bar"
16:32:49.893 [http-nio-auto-5-exec-1] DEBUG o.s.c.c.CharSequenceEncoder - [71314762] Writing "682. foo bar"
16:32:49.893 [http-nio-auto-5-exec-1] DEBUG o.s.c.c.CharSequenceEncoder - [71314762] Writing "683. foo bar"
16:32:49.893 [http-nio-auto-5-exec-1] DEBUG o.s.c.c.CharSequenceEncoder - [71314762] Writing "684. foo bar"
16:32:49.893 [http-nio-auto-5-exec-1] DEBUG o.s.c.c.CharSequenceEncoder - [71314762] Writing "685. foo bar"
16:32:49.893 [http-nio-auto-5-exec-1] DEBUG o.s.c.c.CharSequenceEncoder - [71314762] Writing "686. foo bar"
16:32:49.893 [http-nio-auto-5-exec-1] DEBUG o.s.c.c.CharSequenceEncoder - [71314762] Writing "687. foo bar"
16:32:49.893 [http-nio-auto-5-exec-1] DEBUG o.s.c.c.CharSequenceEncoder - [71314762] Writing "688. foo bar"
16:32:49.893 [http-nio-auto-5-exec-1] DEBUG o.s.c.c.CharSequenceEncoder - [71314762] Writing "689. foo bar"
16:32:49.893 [http-nio-auto-5-exec-1] DEBUG o.s.c.c.CharSequenceEncoder - [71314762] Writing "690. foo bar"
16:32:49.894 [http-nio-auto-5-exec-1] DEBUG o.s.c.c.CharSequenceEncoder - [71314762] Writing "691. foo bar"
16:32:49.894 [http-nio-auto-5-exec-1] DEBUG o.s.c.c.CharSequenceEncoder - [71314762] Writing "692. foo bar"
16:32:49.894 [http-nio-auto-5-exec-1] DEBUG o.s.c.c.CharSequenceEncoder - [71314762] Writing "693. foo bar"
16:32:49.895 [Test worker] DEBUG o.s.w.c.RestTemplate - Response 200 OK
16:32:49.895 [http-nio-auto-5-exec-1] DEBUG o.s.c.c.CharSequenceEncoder - [71314762] Writing "694. foo bar"
16:32:49.895 [Test worker] DEBUG o.s.w.c.RestTemplate - Reading to [java.lang.String] as "text/plain;charset=UTF-8"
16:32:49.895 [http-nio-auto-5-exec-1] DEBUG o.s.c.c.CharSequenceEncoder - [71314762] Writing "695. foo bar"
16:32:49.895 [http-nio-auto-5-exec-1] DEBUG o.s.c.c.CharSequenceEncoder - [71314762] Writing "696. foo bar"
16:32:49.895 [http-nio-auto-5-exec-1] DEBUG o.s.c.c.CharSequenceEncoder - [71314762] Writing "697. foo bar"
16:32:49.895 [http-nio-auto-5-exec-1] DEBUG o.s.c.c.CharSequenceEncoder - [71314762] Writing "698. foo bar"
16:32:49.895 [http-nio-auto-5-exec-1] DEBUG o.s.c.c.CharSequenceEncoder - [71314762] Writing "699. foo bar"
16:32:49.895 [http-nio-auto-5-exec-1] DEBUG o.s.c.c.CharSequenceEncoder - [71314762] Writing "700. foo bar"
16:32:49.895 [http-nio-auto-5-exec-1] DEBUG o.s.c.c.CharSequenceEncoder - [71314762] Writing "701. foo bar"
16:32:49.895 [http-nio-auto-5-exec-1] DEBUG o.s.c.c.CharSequenceEncoder - [71314762] Writing "702. foo bar"
16:32:49.895 [http-nio-auto-5-exec-1] DEBUG o.s.c.c.CharSequenceEncoder - [71314762] Writing "703. foo bar"
16:32:49.895 [http-nio-auto-5-exec-1] DEBUG o.s.c.c.CharSequenceEncoder - [71314762] Writing "704. foo bar"
16:32:49.895 [http-nio-auto-5-exec-1] DEBUG o.s.c.c.CharSequenceEncoder - [71314762] Writing "705. foo bar"
16:32:49.895 [http-nio-auto-5-exec-1] DEBUG o.s.c.c.CharSequenceEncoder - [71314762] Writing "706. foo bar"
16:32:49.895 [http-nio-auto-5-exec-1] DEBUG o.s.c.c.CharSequenceEncoder - [71314762] Writing "707. foo bar"
16:32:49.895 [http-nio-auto-5-exec-1] DEBUG o.s.c.c.CharSequenceEncoder - [71314762] Writing "708. foo bar"
16:32:49.895 [http-nio-auto-5-exec-1] DEBUG o.s.c.c.CharSequenceEncoder - [71314762] Writing "709. foo bar"
16:32:49.895 [http-nio-auto-5-exec-1] DEBUG o.s.c.c.CharSequenceEncoder - [71314762] Writing "710. foo bar"
16:32:49.895 [http-nio-auto-5-exec-1] DEBUG o.s.c.c.CharSequenceEncoder - [71314762] Writing "711. foo bar"
16:32:49.895 [http-nio-auto-5-exec-1] DEBUG o.s.c.c.CharSequenceEncoder - [71314762] Writing "712. foo bar"
16:32:49.895 [http-nio-auto-5-exec-1] DEBUG o.s.c.c.CharSequenceEncoder - [71314762] Writing "713. foo bar"
16:32:49.895 [http-nio-auto-5-exec-1] DEBUG o.s.c.c.CharSequenceEncoder - [71314762] Writing "714. foo bar"
16:32:49.895 [http-nio-auto-5-exec-1] DEBUG o.s.c.c.CharSequenceEncoder - [71314762] Writing "715. foo bar"
16:32:49.895 [http-nio-auto-5-exec-1] DEBUG o.s.c.c.CharSequenceEncoder - [71314762] Writing "716. foo bar"
16:32:49.896 [http-nio-auto-5-exec-1] DEBUG o.s.c.c.CharSequenceEncoder - [71314762] Writing "717. foo bar"
16:32:49.896 [http-nio-auto-5-exec-1] DEBUG o.s.c.c.CharSequenceEncoder - [71314762] Writing "718. foo bar"
16:32:49.896 [http-nio-auto-5-exec-1] DEBUG o.s.c.c.CharSequenceEncoder - [71314762] Writing "719. foo bar"
16:32:49.896 [http-nio-auto-5-exec-1] DEBUG o.s.c.c.CharSequenceEncoder - [71314762] Writing "720. foo bar"
16:32:49.896 [http-nio-auto-5-exec-1] DEBUG o.s.c.c.CharSequenceEncoder - [71314762] Writing "721. foo bar"
16:32:49.896 [http-nio-auto-5-exec-1] DEBUG o.s.c.c.CharSequenceEncoder - [71314762] Writing "722. foo bar"
16:32:49.896 [http-nio-auto-5-exec-1] DEBUG o.s.c.c.CharSequenceEncoder - [71314762] Writing "723. foo bar"
16:32:49.896 [http-nio-auto-5-exec-1] DEBUG o.s.c.c.CharSequenceEncoder - [71314762] Writing "724. foo bar"
16:32:49.896 [http-nio-auto-5-exec-1] DEBUG o.s.c.c.CharSequenceEncoder - [71314762] Writing "725. foo bar"
16:32:49.896 [http-nio-auto-5-exec-1] DEBUG o.s.c.c.CharSequenceEncoder - [71314762] Writing "726. foo bar"
16:32:49.896 [http-nio-auto-5-exec-1] DEBUG o.s.c.c.CharSequenceEncoder - [71314762] Writing "727. foo bar"
16:32:49.896 [http-nio-auto-5-exec-1] DEBUG o.s.c.c.CharSequenceEncoder - [71314762] Writing "728. foo bar"
16:32:49.896 [http-nio-auto-5-exec-1] DEBUG o.s.c.c.CharSequenceEncoder - [71314762] Writing "729. foo bar"
16:32:49.896 [http-nio-auto-5-exec-1] DEBUG o.s.c.c.CharSequenceEncoder - [71314762] Writing "730. foo bar"
16:32:49.896 [http-nio-auto-5-exec-1] DEBUG o.s.c.c.CharSequenceEncoder - [71314762] Writing "731. foo bar"
16:32:49.896 [http-nio-auto-5-exec-1] DEBUG o.s.c.c.CharSequenceEncoder - [71314762] Writing "732. foo bar"
16:32:49.896 [http-nio-auto-5-exec-1] DEBUG o.s.c.c.CharSequenceEncoder - [71314762] Writing "733. foo bar"
16:32:49.896 [http-nio-auto-5-exec-1] DEBUG o.s.c.c.CharSequenceEncoder - [71314762] Writing "734. foo bar"
16:32:49.896 [http-nio-auto-5-exec-1] DEBUG o.s.c.c.CharSequenceEncoder - [71314762] Writing "735. foo bar"
16:32:49.896 [http-nio-auto-5-exec-1] DEBUG o.s.c.c.CharSequenceEncoder - [71314762] Writing "736. foo bar"
16:32:49.896 [http-nio-auto-5-exec-1] DEBUG o.s.c.c.CharSequenceEncoder - [71314762] Writing "737. foo bar"
16:32:49.896 [http-nio-auto-5-exec-1] DEBUG o.s.c.c.CharSequenceEncoder - [71314762] Writing "738. foo bar"
16:32:49.896 [http-nio-auto-5-exec-1] DEBUG o.s.c.c.CharSequenceEncoder - [71314762] Writing "739. foo bar"
16:32:49.896 [http-nio-auto-5-exec-1] DEBUG o.s.c.c.CharSequenceEncoder - [71314762] Writing "740. foo bar"
16:32:49.896 [http-nio-auto-5-exec-1] DEBUG o.s.c.c.CharSequenceEncoder - [71314762] Writing "741. foo bar"
16:32:49.896 [http-nio-auto-5-exec-1] DEBUG o.s.c.c.CharSequenceEncoder - [71314762] Writing "742. foo bar"
16:32:49.897 [http-nio-auto-5-exec-1] DEBUG o.s.c.c.CharSequenceEncoder - [71314762] Writing "743. foo bar"
16:32:49.897 [http-nio-auto-5-exec-1] DEBUG o.s.c.c.CharSequenceEncoder - [71314762] Writing "744. foo bar"
16:32:49.897 [http-nio-auto-5-exec-1] DEBUG o.s.c.c.CharSequenceEncoder - [71314762] Writing "745. foo bar"
16:32:49.897 [http-nio-auto-5-exec-1] DEBUG o.s.c.c.CharSequenceEncoder - [71314762] Writing "746. foo bar"
16:32:49.897 [http-nio-auto-5-exec-1] DEBUG o.s.c.c.CharSequenceEncoder - [71314762] Writing "747. foo bar"
16:32:49.897 [http-nio-auto-5-exec-1] DEBUG o.s.c.c.CharSequenceEncoder - [71314762] Writing "748. foo bar"
16:32:49.897 [http-nio-auto-5-exec-1] DEBUG o.s.c.c.CharSequenceEncoder - [71314762] Writing "749. foo bar"
16:32:49.897 [http-nio-auto-5-exec-1] DEBUG o.s.c.c.CharSequenceEncoder - [71314762] Writing "750. foo bar"
16:32:49.897 [http-nio-auto-5-exec-1] DEBUG o.s.c.c.CharSequenceEncoder - [71314762] Writing "751. foo bar"
16:32:49.897 [http-nio-auto-5-exec-1] DEBUG o.s.c.c.CharSequenceEncoder - [71314762] Writing "752. foo bar"
16:32:49.897 [http-nio-auto-5-exec-1] DEBUG o.s.c.c.CharSequenceEncoder - [71314762] Writing "753. foo bar"
16:32:49.897 [http-nio-auto-5-exec-1] DEBUG o.s.c.c.CharSequenceEncoder - [71314762] Writing "754. foo bar"
16:32:49.897 [http-nio-auto-5-exec-1] DEBUG o.s.c.c.CharSequenceEncoder - [71314762] Writing "755. foo bar"
16:32:49.897 [http-nio-auto-5-exec-1] DEBUG o.s.c.c.CharSequenceEncoder - [71314762] Writing "756. foo bar"
16:32:49.898 [http-nio-auto-5-exec-1] DEBUG o.s.c.c.CharSequenceEncoder - [71314762] Writing "757. foo bar"
16:32:49.898 [http-nio-auto-5-exec-1] DEBUG o.s.c.c.CharSequenceEncoder - [71314762] Writing "758. foo bar"
16:32:49.898 [http-nio-auto-5-exec-1] DEBUG o.s.c.c.CharSequenceEncoder - [71314762] Writing "759. foo bar"
16:32:49.898 [http-nio-auto-5-exec-1] DEBUG o.s.c.c.CharSequenceEncoder - [71314762] Writing "760. foo bar"
16:32:49.898 [http-nio-auto-5-exec-1] DEBUG o.s.c.c.CharSequenceEncoder - [71314762] Writing "761. foo bar"
16:32:49.898 [http-nio-auto-5-exec-1] DEBUG o.s.c.c.CharSequenceEncoder - [71314762] Writing "762. foo bar"
16:32:49.898 [http-nio-auto-5-exec-1] DEBUG o.s.c.c.CharSequenceEncoder - [71314762] Writing "763. foo bar"
16:32:49.898 [http-nio-auto-5-exec-1] DEBUG o.s.c.c.CharSequenceEncoder - [71314762] Writing "764. foo bar"
16:32:49.898 [http-nio-auto-5-exec-1] DEBUG o.s.c.c.CharSequenceEncoder - [71314762] Writing "765. foo bar"
16:32:49.898 [http-nio-auto-5-exec-1] DEBUG o.s.c.c.CharSequenceEncoder - [71314762] Writing "766. foo bar"
16:32:49.898 [http-nio-auto-5-exec-1] DEBUG o.s.c.c.CharSequenceEncoder - [71314762] Writing "767. foo bar"
16:32:49.898 [http-nio-auto-5-exec-1] DEBUG o.s.c.c.CharSequenceEncoder - [71314762] Writing "768. foo bar"
16:32:49.898 [http-nio-auto-5-exec-1] DEBUG o.s.c.c.CharSequenceEncoder - [71314762] Writing "769. foo bar"
16:32:49.898 [http-nio-auto-5-exec-1] DEBUG o.s.c.c.CharSequenceEncoder - [71314762] Writing "770. foo bar"
16:32:49.898 [http-nio-auto-5-exec-1] DEBUG o.s.c.c.CharSequenceEncoder - [71314762] Writing "771. foo bar"
16:32:49.899 [http-nio-auto-5-exec-1] DEBUG o.s.c.c.CharSequenceEncoder - [71314762] Writing "772. foo bar"
16:32:49.899 [http-nio-auto-5-exec-1] DEBUG o.s.c.c.CharSequenceEncoder - [71314762] Writing "773. foo bar"
16:32:49.899 [http-nio-auto-5-exec-1] DEBUG o.s.c.c.CharSequenceEncoder - [71314762] Writing "774. foo bar"
16:32:49.899 [http-nio-auto-5-exec-1] DEBUG o.s.c.c.CharSequenceEncoder - [71314762] Writing "775. foo bar"
16:32:49.899 [http-nio-auto-5-exec-1] DEBUG o.s.c.c.CharSequenceEncoder - [71314762] Writing "776. foo bar"
16:32:49.899 [http-nio-auto-5-exec-1] DEBUG o.s.c.c.CharSequenceEncoder - [71314762] Writing "777. foo bar"
16:32:49.899 [http-nio-auto-5-exec-1] DEBUG o.s.c.c.CharSequenceEncoder - [71314762] Writing "778. foo bar"
16:32:49.899 [http-nio-auto-5-exec-1] DEBUG o.s.c.c.CharSequenceEncoder - [71314762] Writing "779. foo bar"
16:32:49.899 [http-nio-auto-5-exec-1] DEBUG o.s.c.c.CharSequenceEncoder - [71314762] Writing "780. foo bar"
16:32:49.899 [http-nio-auto-5-exec-1] DEBUG o.s.c.c.CharSequenceEncoder - [71314762] Writing "781. foo bar"
16:32:49.899 [http-nio-auto-5-exec-1] DEBUG o.s.c.c.CharSequenceEncoder - [71314762] Writing "782. foo bar"
16:32:49.899 [http-nio-auto-5-exec-1] DEBUG o.s.c.c.CharSequenceEncoder - [71314762] Writing "783. foo bar"
16:32:49.899 [http-nio-auto-5-exec-1] DEBUG o.s.c.c.CharSequenceEncoder - [71314762] Writing "784. foo bar"
16:32:49.899 [http-nio-auto-5-exec-1] DEBUG o.s.c.c.CharSequenceEncoder - [71314762] Writing "785. foo bar"
16:32:49.899 [http-nio-auto-5-exec-1] DEBUG o.s.c.c.CharSequenceEncoder - [71314762] Writing "786. foo bar"
16:32:49.899 [http-nio-auto-5-exec-1] DEBUG o.s.c.c.CharSequenceEncoder - [71314762] Writing "787. foo bar"
16:32:49.899 [http-nio-auto-5-exec-1] DEBUG o.s.c.c.CharSequenceEncoder - [71314762] Writing "788. foo bar"
16:32:49.899 [http-nio-auto-5-exec-1] DEBUG o.s.c.c.CharSequenceEncoder - [71314762] Writing "789. foo bar"
16:32:49.899 [http-nio-auto-5-exec-1] DEBUG o.s.c.c.CharSequenceEncoder - [71314762] Writing "790. foo bar"
16:32:49.899 [http-nio-auto-5-exec-1] DEBUG o.s.c.c.CharSequenceEncoder - [71314762] Writing "791. foo bar"
16:32:49.899 [http-nio-auto-5-exec-1] DEBUG o.s.c.c.CharSequenceEncoder - [71314762] Writing "792. foo bar"
16:32:49.899 [http-nio-auto-5-exec-1] DEBUG o.s.c.c.CharSequenceEncoder - [71314762] Writing "793. foo bar"
16:32:49.899 [http-nio-auto-5-exec-1] DEBUG o.s.c.c.CharSequenceEncoder - [71314762] Writing "794. foo bar"
16:32:49.900 [http-nio-auto-5-exec-1] DEBUG o.s.c.c.CharSequenceEncoder - [71314762] Writing "795. foo bar"
16:32:49.900 [http-nio-auto-5-exec-1] DEBUG o.s.c.c.CharSequenceEncoder - [71314762] Writing "796. foo bar"
16:32:49.900 [http-nio-auto-5-exec-1] DEBUG o.s.c.c.CharSequenceEncoder - [71314762] Writing "797. foo bar"
16:32:49.900 [http-nio-auto-5-exec-1] DEBUG o.s.c.c.CharSequenceEncoder - [71314762] Writing "798. foo bar"
16:32:49.900 [http-nio-auto-5-exec-1] DEBUG o.s.c.c.CharSequenceEncoder - [71314762] Writing "799. foo bar"
16:32:49.900 [http-nio-auto-5-exec-1] DEBUG o.s.c.c.CharSequenceEncoder - [71314762] Writing "800. foo bar"
16:32:49.900 [http-nio-auto-5-exec-1] DEBUG o.s.c.c.CharSequenceEncoder - [71314762] Writing "801. foo bar"
16:32:49.900 [http-nio-auto-5-exec-1] DEBUG o.s.c.c.CharSequenceEncoder - [71314762] Writing "802. foo bar"
16:32:49.900 [http-nio-auto-5-exec-1] DEBUG o.s.c.c.CharSequenceEncoder - [71314762] Writing "803. foo bar"
16:32:49.900 [http-nio-auto-5-exec-1] DEBUG o.s.c.c.CharSequenceEncoder - [71314762] Writing "804. foo bar"
16:32:49.900 [http-nio-auto-5-exec-1] DEBUG o.s.c.c.CharSequenceEncoder - [71314762] Writing "805. foo bar"
16:32:49.900 [http-nio-auto-5-exec-1] DEBUG o.s.c.c.CharSequenceEncoder - [71314762] Writing "806. foo bar"
16:32:49.900 [http-nio-auto-5-exec-1] DEBUG o.s.c.c.CharSequenceEncoder - [71314762] Writing "807. foo bar"
16:32:49.900 [http-nio-auto-5-exec-1] DEBUG o.s.c.c.CharSequenceEncoder - [71314762] Writing "808. foo bar"
16:32:49.900 [http-nio-auto-5-exec-1] DEBUG o.s.c.c.CharSequenceEncoder - [71314762] Writing "809. foo bar"
16:32:49.900 [http-nio-auto-5-exec-1] DEBUG o.s.c.c.CharSequenceEncoder - [71314762] Writing "810. foo bar"
16:32:49.900 [http-nio-auto-5-exec-1] DEBUG o.s.c.c.CharSequenceEncoder - [71314762] Writing "811. foo bar"
16:32:49.900 [http-nio-auto-5-exec-1] DEBUG o.s.c.c.CharSequenceEncoder - [71314762] Writing "812. foo bar"
16:32:49.900 [http-nio-auto-5-exec-1] DEBUG o.s.c.c.CharSequenceEncoder - [71314762] Writing "813. foo bar"
16:32:49.900 [http-nio-auto-5-exec-1] DEBUG o.s.c.c.CharSequenceEncoder - [71314762] Writing "814. foo bar"
16:32:49.900 [http-nio-auto-5-exec-1] DEBUG o.s.c.c.CharSequenceEncoder - [71314762] Writing "815. foo bar"
16:32:49.900 [http-nio-auto-5-exec-1] DEBUG o.s.c.c.CharSequenceEncoder - [71314762] Writing "816. foo bar"
16:32:49.900 [http-nio-auto-5-exec-1] DEBUG o.s.c.c.CharSequenceEncoder - [71314762] Writing "817. foo bar"
16:32:49.900 [http-nio-auto-5-exec-1] DEBUG o.s.c.c.CharSequenceEncoder - [71314762] Writing "818. foo bar"
16:32:49.900 [http-nio-auto-5-exec-1] DEBUG o.s.c.c.CharSequenceEncoder - [71314762] Writing "819. foo bar"
16:32:49.900 [http-nio-auto-5-exec-1] DEBUG o.s.c.c.CharSequenceEncoder - [71314762] Writing "820. foo bar"
16:32:49.900 [http-nio-auto-5-exec-1] DEBUG o.s.c.c.CharSequenceEncoder - [71314762] Writing "821. foo bar"
16:32:49.900 [http-nio-auto-5-exec-1] DEBUG o.s.c.c.CharSequenceEncoder - [71314762] Writing "822. foo bar"
16:32:49.900 [http-nio-auto-5-exec-1] DEBUG o.s.c.c.CharSequenceEncoder - [71314762] Writing "823. foo bar"
16:32:49.900 [http-nio-auto-5-exec-1] DEBUG o.s.c.c.CharSequenceEncoder - [71314762] Writing "824. foo bar"
16:32:49.900 [http-nio-auto-5-exec-1] DEBUG o.s.c.c.CharSequenceEncoder - [71314762] Writing "825. foo bar"
16:32:49.900 [http-nio-auto-5-exec-1] DEBUG o.s.c.c.CharSequenceEncoder - [71314762] Writing "826. foo bar"
16:32:49.900 [http-nio-auto-5-exec-1] DEBUG o.s.c.c.CharSequenceEncoder - [71314762] Writing "827. foo bar"
16:32:49.900 [http-nio-auto-5-exec-1] DEBUG o.s.c.c.CharSequenceEncoder - [71314762] Writing "828. foo bar"
16:32:49.900 [http-nio-auto-5-exec-1] DEBUG o.s.c.c.CharSequenceEncoder - [71314762] Writing "829. foo bar"
16:32:49.901 [http-nio-auto-5-exec-1] DEBUG o.s.c.c.CharSequenceEncoder - [71314762] Writing "830. foo bar"
16:32:49.901 [http-nio-auto-5-exec-1] DEBUG o.s.c.c.CharSequenceEncoder - [71314762] Writing "831. foo bar"
16:32:49.901 [http-nio-auto-5-exec-1] DEBUG o.s.c.c.CharSequenceEncoder - [71314762] Writing "832. foo bar"
16:32:49.901 [http-nio-auto-5-exec-1] DEBUG o.s.c.c.CharSequenceEncoder - [71314762] Writing "833. foo bar"
16:32:49.901 [http-nio-auto-5-exec-1] DEBUG o.s.c.c.CharSequenceEncoder - [71314762] Writing "834. foo bar"
16:32:49.901 [http-nio-auto-5-exec-1] DEBUG o.s.c.c.CharSequenceEncoder - [71314762] Writing "835. foo bar"
16:32:49.901 [http-nio-auto-5-exec-1] DEBUG o.s.c.c.CharSequenceEncoder - [71314762] Writing "836. foo bar"
16:32:49.901 [http-nio-auto-5-exec-1] DEBUG o.s.c.c.CharSequenceEncoder - [71314762] Writing "837. foo bar"
16:32:49.901 [http-nio-auto-5-exec-1] DEBUG o.s.c.c.CharSequenceEncoder - [71314762] Writing "838. foo bar"
16:32:49.901 [http-nio-auto-5-exec-1] DEBUG o.s.c.c.CharSequenceEncoder - [71314762] Writing "839. foo bar"
16:32:49.901 [http-nio-auto-5-exec-1] DEBUG o.s.c.c.CharSequenceEncoder - [71314762] Writing "840. foo bar"
16:32:49.901 [http-nio-auto-5-exec-1] DEBUG o.s.c.c.CharSequenceEncoder - [71314762] Writing "841. foo bar"
16:32:49.901 [http-nio-auto-5-exec-1] DEBUG o.s.c.c.CharSequenceEncoder - [71314762] Writing "842. foo bar"
16:32:49.901 [http-nio-auto-5-exec-1] DEBUG o.s.c.c.CharSequenceEncoder - [71314762] Writing "843. foo bar"
16:32:49.901 [http-nio-auto-5-exec-1] DEBUG o.s.c.c.CharSequenceEncoder - [71314762] Writing "844. foo bar"
16:32:49.901 [http-nio-auto-5-exec-1] DEBUG o.s.c.c.CharSequenceEncoder - [71314762] Writing "845. foo bar"
16:32:49.901 [http-nio-auto-5-exec-1] DEBUG o.s.c.c.CharSequenceEncoder - [71314762] Writing "846. foo bar"
16:32:49.901 [http-nio-auto-5-exec-1] DEBUG o.s.c.c.CharSequenceEncoder - [71314762] Writing "847. foo bar"
16:32:49.901 [http-nio-auto-5-exec-1] DEBUG o.s.c.c.CharSequenceEncoder - [71314762] Writing "848. foo bar"
16:32:49.901 [http-nio-auto-5-exec-1] DEBUG o.s.c.c.CharSequenceEncoder - [71314762] Writing "849. foo bar"
16:32:49.901 [http-nio-auto-5-exec-1] DEBUG o.s.c.c.CharSequenceEncoder - [71314762] Writing "850. foo bar"
16:32:49.901 [http-nio-auto-5-exec-1] DEBUG o.s.c.c.CharSequenceEncoder - [71314762] Writing "851. foo bar"
16:32:49.901 [http-nio-auto-5-exec-1] DEBUG o.s.c.c.CharSequenceEncoder - [71314762] Writing "852. foo bar"
16:32:49.902 [http-nio-auto-5-exec-1] DEBUG o.s.c.c.CharSequenceEncoder - [71314762] Writing "853. foo bar"
16:32:49.902 [http-nio-auto-5-exec-1] DEBUG o.s.c.c.CharSequenceEncoder - [71314762] Writing "854. foo bar"
16:32:49.902 [http-nio-auto-5-exec-1] DEBUG o.s.c.c.CharSequenceEncoder - [71314762] Writing "855. foo bar"
16:32:49.902 [http-nio-auto-5-exec-1] DEBUG o.s.c.c.CharSequenceEncoder - [71314762] Writing "856. foo bar"
16:32:49.902 [http-nio-auto-5-exec-1] DEBUG o.s.c.c.CharSequenceEncoder - [71314762] Writing "857. foo bar"
16:32:49.902 [http-nio-auto-5-exec-1] DEBUG o.s.c.c.CharSequenceEncoder - [71314762] Writing "858. foo bar"
16:32:49.902 [http-nio-auto-5-exec-1] DEBUG o.s.c.c.CharSequenceEncoder - [71314762] Writing "859. foo bar"
16:32:49.902 [http-nio-auto-5-exec-1] DEBUG o.s.c.c.CharSequenceEncoder - [71314762] Writing "860. foo bar"
16:32:49.902 [http-nio-auto-5-exec-1] DEBUG o.s.c.c.CharSequenceEncoder - [71314762] Writing "861. foo bar"
16:32:49.902 [http-nio-auto-5-exec-1] DEBUG o.s.c.c.CharSequenceEncoder - [71314762] Writing "862. foo bar"
16:32:49.902 [http-nio-auto-5-exec-1] DEBUG o.s.c.c.CharSequenceEncoder - [71314762] Writing "863. foo bar"
16:32:49.902 [http-nio-auto-5-exec-1] DEBUG o.s.c.c.CharSequenceEncoder - [71314762] Writing "864. foo bar"
16:32:49.902 [http-nio-auto-5-exec-1] DEBUG o.s.c.c.CharSequenceEncoder - [71314762] Writing "865. foo bar"
16:32:49.902 [http-nio-auto-5-exec-1] DEBUG o.s.c.c.CharSequenceEncoder - [71314762] Writing "866. foo bar"
16:32:49.902 [http-nio-auto-5-exec-1] DEBUG o.s.c.c.CharSequenceEncoder - [71314762] Writing "867. foo bar"
16:32:49.902 [http-nio-auto-5-exec-1] DEBUG o.s.c.c.CharSequenceEncoder - [71314762] Writing "868. foo bar"
16:32:49.902 [http-nio-auto-5-exec-1] DEBUG o.s.c.c.CharSequenceEncoder - [71314762] Writing "869. foo bar"
16:32:49.902 [http-nio-auto-5-exec-1] DEBUG o.s.c.c.CharSequenceEncoder - [71314762] Writing "870. foo bar"
16:32:49.902 [http-nio-auto-5-exec-1] DEBUG o.s.c.c.CharSequenceEncoder - [71314762] Writing "871. foo bar"
16:32:49.902 [http-nio-auto-5-exec-1] DEBUG o.s.c.c.CharSequenceEncoder - [71314762] Writing "872. foo bar"
16:32:49.902 [http-nio-auto-5-exec-1] DEBUG o.s.c.c.CharSequenceEncoder - [71314762] Writing "873. foo bar"
16:32:49.902 [http-nio-auto-5-exec-1] DEBUG o.s.c.c.CharSequenceEncoder - [71314762] Writing "874. foo bar"
16:32:49.903 [http-nio-auto-5-exec-1] DEBUG o.s.c.c.CharSequenceEncoder - [71314762] Writing "875. foo bar"
16:32:49.903 [http-nio-auto-5-exec-1] DEBUG o.s.c.c.CharSequenceEncoder - [71314762] Writing "876. foo bar"
16:32:49.903 [http-nio-auto-5-exec-1] DEBUG o.s.c.c.CharSequenceEncoder - [71314762] Writing "877. foo bar"
16:32:49.903 [http-nio-auto-5-exec-1] DEBUG o.s.c.c.CharSequenceEncoder - [71314762] Writing "878. foo bar"
16:32:49.903 [http-nio-auto-5-exec-1] DEBUG o.s.c.c.CharSequenceEncoder - [71314762] Writing "879. foo bar"
16:32:49.903 [http-nio-auto-5-exec-1] DEBUG o.s.c.c.CharSequenceEncoder - [71314762] Writing "880. foo bar"
16:32:49.903 [http-nio-auto-5-exec-1] DEBUG o.s.c.c.CharSequenceEncoder - [71314762] Writing "881. foo bar"
16:32:49.903 [http-nio-auto-5-exec-1] DEBUG o.s.c.c.CharSequenceEncoder - [71314762] Writing "882. foo bar"
16:32:49.903 [http-nio-auto-5-exec-1] DEBUG o.s.c.c.CharSequenceEncoder - [71314762] Writing "883. foo bar"
16:32:49.903 [http-nio-auto-5-exec-1] DEBUG o.s.c.c.CharSequenceEncoder - [71314762] Writing "884. foo bar"
16:32:49.903 [http-nio-auto-5-exec-1] DEBUG o.s.c.c.CharSequenceEncoder - [71314762] Writing "885. foo bar"
16:32:49.903 [http-nio-auto-5-exec-1] DEBUG o.s.c.c.CharSequenceEncoder - [71314762] Writing "886. foo bar"
16:32:49.903 [http-nio-auto-5-exec-1] DEBUG o.s.c.c.CharSequenceEncoder - [71314762] Writing "887. foo bar"
16:32:49.903 [http-nio-auto-5-exec-1] DEBUG o.s.c.c.CharSequenceEncoder - [71314762] Writing "888. foo bar"
16:32:49.903 [http-nio-auto-5-exec-1] DEBUG o.s.c.c.CharSequenceEncoder - [71314762] Writing "889. foo bar"
16:32:49.903 [http-nio-auto-5-exec-1] DEBUG o.s.c.c.CharSequenceEncoder - [71314762] Writing "890. foo bar"
16:32:49.903 [http-nio-auto-5-exec-1] DEBUG o.s.c.c.CharSequenceEncoder - [71314762] Writing "891. foo bar"
16:32:49.903 [http-nio-auto-5-exec-1] DEBUG o.s.c.c.CharSequenceEncoder - [71314762] Writing "892. foo bar"
16:32:49.903 [http-nio-auto-5-exec-1] DEBUG o.s.c.c.CharSequenceEncoder - [71314762] Writing "893. foo bar"
16:32:49.903 [http-nio-auto-5-exec-1] DEBUG o.s.c.c.CharSequenceEncoder - [71314762] Writing "894. foo bar"
16:32:49.903 [http-nio-auto-5-exec-1] DEBUG o.s.c.c.CharSequenceEncoder - [71314762] Writing "895. foo bar"
16:32:49.903 [http-nio-auto-5-exec-1] DEBUG o.s.c.c.CharSequenceEncoder - [71314762] Writing "896. foo bar"
16:32:49.903 [http-nio-auto-5-exec-1] DEBUG o.s.c.c.CharSequenceEncoder - [71314762] Writing "897. foo bar"
16:32:49.904 [http-nio-auto-5-exec-1] DEBUG o.s.c.c.CharSequenceEncoder - [71314762] Writing "898. foo bar"
16:32:49.904 [http-nio-auto-5-exec-1] DEBUG o.s.c.c.CharSequenceEncoder - [71314762] Writing "899. foo bar"
16:32:49.904 [http-nio-auto-5-exec-1] DEBUG o.s.c.c.CharSequenceEncoder - [71314762] Writing "900. foo bar"
16:32:49.904 [http-nio-auto-5-exec-1] DEBUG o.s.c.c.CharSequenceEncoder - [71314762] Writing "901. foo bar"
16:32:49.904 [http-nio-auto-5-exec-1] DEBUG o.s.c.c.CharSequenceEncoder - [71314762] Writing "902. foo bar"
16:32:49.904 [http-nio-auto-5-exec-1] DEBUG o.s.c.c.CharSequenceEncoder - [71314762] Writing "903. foo bar"
16:32:49.904 [http-nio-auto-5-exec-1] DEBUG o.s.c.c.CharSequenceEncoder - [71314762] Writing "904. foo bar"
16:32:49.904 [http-nio-auto-5-exec-1] DEBUG o.s.c.c.CharSequenceEncoder - [71314762] Writing "905. foo bar"
16:32:49.904 [http-nio-auto-5-exec-1] DEBUG o.s.c.c.CharSequenceEncoder - [71314762] Writing "906. foo bar"
16:32:49.904 [http-nio-auto-5-exec-1] DEBUG o.s.c.c.CharSequenceEncoder - [71314762] Writing "907. foo bar"
16:32:49.904 [http-nio-auto-5-exec-1] DEBUG o.s.c.c.CharSequenceEncoder - [71314762] Writing "908. foo bar"
16:32:49.904 [http-nio-auto-5-exec-1] DEBUG o.s.c.c.CharSequenceEncoder - [71314762] Writing "909. foo bar"
16:32:49.904 [http-nio-auto-5-exec-1] DEBUG o.s.c.c.CharSequenceEncoder - [71314762] Writing "910. foo bar"
16:32:49.904 [http-nio-auto-5-exec-1] DEBUG o.s.c.c.CharSequenceEncoder - [71314762] Writing "911. foo bar"
16:32:49.904 [http-nio-auto-5-exec-1] DEBUG o.s.c.c.CharSequenceEncoder - [71314762] Writing "912. foo bar"
16:32:49.904 [http-nio-auto-5-exec-1] DEBUG o.s.c.c.CharSequenceEncoder - [71314762] Writing "913. foo bar"
16:32:49.904 [http-nio-auto-5-exec-1] DEBUG o.s.c.c.CharSequenceEncoder - [71314762] Writing "914. foo bar"
16:32:49.904 [http-nio-auto-5-exec-1] DEBUG o.s.c.c.CharSequenceEncoder - [71314762] Writing "915. foo bar"
16:32:49.904 [http-nio-auto-5-exec-1] DEBUG o.s.c.c.CharSequenceEncoder - [71314762] Writing "916. foo bar"
16:32:49.904 [http-nio-auto-5-exec-1] DEBUG o.s.c.c.CharSequenceEncoder - [71314762] Writing "917. foo bar"
16:32:49.905 [http-nio-auto-5-exec-1] DEBUG o.s.c.c.CharSequenceEncoder - [71314762] Writing "918. foo bar"
16:32:49.905 [http-nio-auto-5-exec-1] DEBUG o.s.c.c.CharSequenceEncoder - [71314762] Writing "919. foo bar"
16:32:49.905 [http-nio-auto-5-exec-1] DEBUG o.s.c.c.CharSequenceEncoder - [71314762] Writing "920. foo bar"
16:32:49.905 [http-nio-auto-5-exec-1] DEBUG o.s.c.c.CharSequenceEncoder - [71314762] Writing "921. foo bar"
16:32:49.905 [http-nio-auto-5-exec-1] DEBUG o.s.c.c.CharSequenceEncoder - [71314762] Writing "922. foo bar"
16:32:49.905 [http-nio-auto-5-exec-1] DEBUG o.s.c.c.CharSequenceEncoder - [71314762] Writing "923. foo bar"
16:32:49.905 [http-nio-auto-5-exec-1] DEBUG o.s.c.c.CharSequenceEncoder - [71314762] Writing "924. foo bar"
16:32:49.905 [http-nio-auto-5-exec-1] DEBUG o.s.c.c.CharSequenceEncoder - [71314762] Writing "925. foo bar"
16:32:49.905 [http-nio-auto-5-exec-1] DEBUG o.s.c.c.CharSequenceEncoder - [71314762] Writing "926. foo bar"
16:32:49.905 [http-nio-auto-5-exec-1] DEBUG o.s.c.c.CharSequenceEncoder - [71314762] Writing "927. foo bar"
16:32:49.905 [http-nio-auto-5-exec-1] DEBUG o.s.c.c.CharSequenceEncoder - [71314762] Writing "928. foo bar"
16:32:49.905 [http-nio-auto-5-exec-1] DEBUG o.s.c.c.CharSequenceEncoder - [71314762] Writing "929. foo bar"
16:32:49.905 [http-nio-auto-5-exec-1] DEBUG o.s.c.c.CharSequenceEncoder - [71314762] Writing "930. foo bar"
16:32:49.905 [http-nio-auto-5-exec-1] DEBUG o.s.c.c.CharSequenceEncoder - [71314762] Writing "931. foo bar"
16:32:49.905 [http-nio-auto-5-exec-1] DEBUG o.s.c.c.CharSequenceEncoder - [71314762] Writing "932. foo bar"
16:32:49.905 [http-nio-auto-5-exec-1] DEBUG o.s.c.c.CharSequenceEncoder - [71314762] Writing "933. foo bar"
16:32:49.905 [http-nio-auto-5-exec-1] DEBUG o.s.c.c.CharSequenceEncoder - [71314762] Writing "934. foo bar"
16:32:49.905 [http-nio-auto-5-exec-1] DEBUG o.s.c.c.CharSequenceEncoder - [71314762] Writing "935. foo bar"
16:32:49.905 [http-nio-auto-5-exec-1] DEBUG o.s.c.c.CharSequenceEncoder - [71314762] Writing "936. foo bar"
16:32:49.905 [http-nio-auto-5-exec-1] DEBUG o.s.c.c.CharSequenceEncoder - [71314762] Writing "937. foo bar"
16:32:49.905 [http-nio-auto-5-exec-1] DEBUG o.s.c.c.CharSequenceEncoder - [71314762] Writing "938. foo bar"
16:32:49.905 [http-nio-auto-5-exec-1] DEBUG o.s.c.c.CharSequenceEncoder - [71314762] Writing "939. foo bar"
16:32:49.905 [http-nio-auto-5-exec-1] DEBUG o.s.c.c.CharSequenceEncoder - [71314762] Writing "940. foo bar"
16:32:49.905 [http-nio-auto-5-exec-1] DEBUG o.s.c.c.CharSequenceEncoder - [71314762] Writing "941. foo bar"
16:32:49.905 [http-nio-auto-5-exec-1] DEBUG o.s.c.c.CharSequenceEncoder - [71314762] Writing "942. foo bar"
16:32:49.905 [http-nio-auto-5-exec-1] DEBUG o.s.c.c.CharSequenceEncoder - [71314762] Writing "943. foo bar"
16:32:49.905 [http-nio-auto-5-exec-1] DEBUG o.s.c.c.CharSequenceEncoder - [71314762] Writing "944. foo bar"
16:32:49.905 [http-nio-auto-5-exec-1] DEBUG o.s.c.c.CharSequenceEncoder - [71314762] Writing "945. foo bar"
16:32:49.905 [http-nio-auto-5-exec-1] DEBUG o.s.c.c.CharSequenceEncoder - [71314762] Writing "946. foo bar"
16:32:49.905 [http-nio-auto-5-exec-1] DEBUG o.s.c.c.CharSequenceEncoder - [71314762] Writing "947. foo bar"
16:32:49.905 [http-nio-auto-5-exec-1] DEBUG o.s.c.c.CharSequenceEncoder - [71314762] Writing "948. foo bar"
16:32:49.905 [http-nio-auto-5-exec-1] DEBUG o.s.c.c.CharSequenceEncoder - [71314762] Writing "949. foo bar"
16:32:49.905 [http-nio-auto-5-exec-1] DEBUG o.s.c.c.CharSequenceEncoder - [71314762] Writing "950. foo bar"
16:32:49.906 [http-nio-auto-5-exec-1] DEBUG o.s.c.c.CharSequenceEncoder - [71314762] Writing "951. foo bar"
16:32:49.906 [http-nio-auto-5-exec-1] DEBUG o.s.c.c.CharSequenceEncoder - [71314762] Writing "952. foo bar"
16:32:49.906 [http-nio-auto-5-exec-1] DEBUG o.s.c.c.CharSequenceEncoder - [71314762] Writing "953. foo bar"
16:32:49.906 [http-nio-auto-5-exec-1] DEBUG o.s.c.c.CharSequenceEncoder - [71314762] Writing "954. foo bar"
16:32:49.906 [http-nio-auto-5-exec-1] DEBUG o.s.c.c.CharSequenceEncoder - [71314762] Writing "955. foo bar"
16:32:49.906 [http-nio-auto-5-exec-1] DEBUG o.s.c.c.CharSequenceEncoder - [71314762] Writing "956. foo bar"
16:32:49.906 [http-nio-auto-5-exec-1] DEBUG o.s.c.c.CharSequenceEncoder - [71314762] Writing "957. foo bar"
16:32:49.906 [http-nio-auto-5-exec-1] DEBUG o.s.c.c.CharSequenceEncoder - [71314762] Writing "958. foo bar"
16:32:49.906 [http-nio-auto-5-exec-1] DEBUG o.s.c.c.CharSequenceEncoder - [71314762] Writing "959. foo bar"
16:32:49.906 [http-nio-auto-5-exec-1] DEBUG o.s.c.c.CharSequenceEncoder - [71314762] Writing "960. foo bar"
16:32:49.906 [http-nio-auto-5-exec-1] DEBUG o.s.c.c.CharSequenceEncoder - [71314762] Writing "961. foo bar"
16:32:49.906 [http-nio-auto-5-exec-1] DEBUG o.s.c.c.CharSequenceEncoder - [71314762] Writing "962. foo bar"
16:32:49.906 [http-nio-auto-5-exec-1] DEBUG o.s.c.c.CharSequenceEncoder - [71314762] Writing "963. foo bar"
16:32:49.906 [http-nio-auto-5-exec-1] DEBUG o.s.c.c.CharSequenceEncoder - [71314762] Writing "964. foo bar"
16:32:49.906 [http-nio-auto-5-exec-1] DEBUG o.s.c.c.CharSequenceEncoder - [71314762] Writing "965. foo bar"
16:32:49.906 [http-nio-auto-5-exec-1] DEBUG o.s.c.c.CharSequenceEncoder - [71314762] Writing "966. foo bar"
16:32:49.906 [http-nio-auto-5-exec-1] DEBUG o.s.c.c.CharSequenceEncoder - [71314762] Writing "967. foo bar"
16:32:49.906 [http-nio-auto-5-exec-1] DEBUG o.s.c.c.CharSequenceEncoder - [71314762] Writing "968. foo bar"
16:32:49.906 [http-nio-auto-5-exec-1] DEBUG o.s.c.c.CharSequenceEncoder - [71314762] Writing "969. foo bar"
16:32:49.906 [http-nio-auto-5-exec-1] DEBUG o.s.c.c.CharSequenceEncoder - [71314762] Writing "970. foo bar"
16:32:49.906 [http-nio-auto-5-exec-1] DEBUG o.s.c.c.CharSequenceEncoder - [71314762] Writing "971. foo bar"
16:32:49.906 [http-nio-auto-5-exec-1] DEBUG o.s.c.c.CharSequenceEncoder - [71314762] Writing "972. foo bar"
16:32:49.906 [http-nio-auto-5-exec-1] DEBUG o.s.c.c.CharSequenceEncoder - [71314762] Writing "973. foo bar"
16:32:49.907 [http-nio-auto-5-exec-1] DEBUG o.s.c.c.CharSequenceEncoder - [71314762] Writing "974. foo bar"
16:32:49.907 [http-nio-auto-5-exec-1] DEBUG o.s.c.c.CharSequenceEncoder - [71314762] Writing "975. foo bar"
16:32:49.907 [http-nio-auto-5-exec-1] DEBUG o.s.c.c.CharSequenceEncoder - [71314762] Writing "976. foo bar"
16:32:49.907 [http-nio-auto-5-exec-1] DEBUG o.s.c.c.CharSequenceEncoder - [71314762] Writing "977. foo bar"
16:32:49.907 [http-nio-auto-5-exec-1] DEBUG o.s.c.c.CharSequenceEncoder - [71314762] Writing "978. foo bar"
16:32:49.907 [http-nio-auto-5-exec-1] DEBUG o.s.c.c.CharSequenceEncoder - [71314762] Writing "979. foo bar"
16:32:49.907 [http-nio-auto-5-exec-1] DEBUG o.s.c.c.CharSequenceEncoder - [71314762] Writing "980. foo bar"
16:32:49.907 [http-nio-auto-5-exec-1] DEBUG o.s.c.c.CharSequenceEncoder - [71314762] Writing "981. foo bar"
16:32:49.907 [http-nio-auto-5-exec-1] DEBUG o.s.c.c.CharSequenceEncoder - [71314762] Writing "982. foo bar"
16:32:49.907 [http-nio-auto-5-exec-1] DEBUG o.s.c.c.CharSequenceEncoder - [71314762] Writing "983. foo bar"
16:32:49.907 [http-nio-auto-5-exec-1] DEBUG o.s.c.c.CharSequenceEncoder - [71314762] Writing "984. foo bar"
16:32:49.907 [http-nio-auto-5-exec-1] DEBUG o.s.c.c.CharSequenceEncoder - [71314762] Writing "985. foo bar"
16:32:49.907 [http-nio-auto-5-exec-1] DEBUG o.s.c.c.CharSequenceEncoder - [71314762] Writing "986. foo bar"
16:32:49.907 [http-nio-auto-5-exec-1] DEBUG o.s.c.c.CharSequenceEncoder - [71314762] Writing "987. foo bar"
16:32:49.907 [http-nio-auto-5-exec-1] DEBUG o.s.c.c.CharSequenceEncoder - [71314762] Writing "988. foo bar"
16:32:49.907 [http-nio-auto-5-exec-1] DEBUG o.s.c.c.CharSequenceEncoder - [71314762] Writing "989. foo bar"
16:32:49.907 [http-nio-auto-5-exec-1] DEBUG o.s.c.c.CharSequenceEncoder - [71314762] Writing "990. foo bar"
16:32:49.907 [http-nio-auto-5-exec-1] DEBUG o.s.c.c.CharSequenceEncoder - [71314762] Writing "991. foo bar"
16:32:49.907 [http-nio-auto-5-exec-1] DEBUG o.s.c.c.CharSequenceEncoder - [71314762] Writing "992. foo bar"
16:32:49.907 [http-nio-auto-5-exec-1] DEBUG o.s.c.c.CharSequenceEncoder - [71314762] Writing "993. foo bar"
16:32:49.907 [http-nio-auto-5-exec-1] DEBUG o.s.c.c.CharSequenceEncoder - [71314762] Writing "994. foo bar"
16:32:49.907 [http-nio-auto-5-exec-1] DEBUG o.s.c.c.CharSequenceEncoder - [71314762] Writing "995. foo bar"
16:32:49.907 [http-nio-auto-5-exec-1] DEBUG o.s.c.c.CharSequenceEncoder - [71314762] Writing "996. foo bar"
16:32:49.907 [http-nio-auto-5-exec-1] DEBUG o.s.c.c.CharSequenceEncoder - [71314762] Writing "997. foo bar"
16:32:49.907 [http-nio-auto-5-exec-1] DEBUG o.s.c.c.CharSequenceEncoder - [71314762] Writing "998. foo bar"
16:32:49.907 [http-nio-auto-5-exec-1] DEBUG o.s.c.c.CharSequenceEncoder - [71314762] Writing "999. foo bar"
16:32:49.908 [http-nio-auto-5-exec-1] ERROR o.s.w.s.a.HttpWebHandlerAdapter - [71314762] Error [java.lang.RuntimeException: Random error] for HTTP GET "/SPR-16051", but ServerHttpResponse already committed (200 OK)
16:32:49.917 [http-nio-auto-5-exec-1] DEBUG o.s.h.s.r.ServletHttpHandlerAdapter - [71314762] AsyncEvent onError: javax.servlet.ServletException: Failed to create response content
16:32:49.919 [Test worker] DEBUG o.s.w.t.h.s.r.b.TomcatHttpServer - Stopping TomcatHttpServer...
16:33:01.004 [Test worker] DEBUG o.s.w.t.h.s.r.b.TomcatHttpServer - Server stopped (0 millis).
16:33:01.066 [Test worker] DEBUG o.s.w.r.r.m.a.RequestMappingHandlerMapping - 6 mappings in 'requestMappingHandlerMapping'
16:33:01.093 [Test worker] DEBUG o.s.w.r.r.m.a.ControllerMethodResolver - ControllerAdvice beans: none
16:33:01.099 [Test worker] DEBUG o.s.w.s.a.HttpWebHandlerAdapter - enableLoggingRequestDetails='false': form data and headers will be masked to prevent unsafe logging of potentially sensitive data
16:33:01.099 [Test worker] DEBUG o.s.w.t.h.s.r.b.UndertowHttpServer - Starting UndertowHttpServer...
16:33:01.099 [Test worker] INFO  i.undertow - starting server: Undertow - 2.2.7.Final
16:33:01.182 [Test worker] DEBUG o.s.w.t.h.s.r.b.UndertowHttpServer - Server started on port 61453(0 millis).
16:33:01.183 [Test worker] DEBUG o.s.w.c.RestTemplate - HTTP GET http://localhost:61453/SPR-16051
16:33:01.183 [Test worker] DEBUG o.s.w.c.RestTemplate - Accept=[text/plain, application/json, application/x-jackson-smile, application/*+json, */*]
16:33:01.185 [XNIO-5 I/O-10] DEBUG o.s.w.s.a.HttpWebHandlerAdapter - [658967c6-5] HTTP GET "/SPR-16051"
16:33:01.185 [XNIO-5 I/O-10] DEBUG o.s.w.r.r.m.a.RequestMappingHandlerMapping - [658967c6-5] Mapped to org.springframework.web.reactive.result.method.annotation.RequestMappingExceptionHandlingIntegrationTests$TestController#errors()
16:33:01.186 [XNIO-5 I/O-10] DEBUG o.s.w.r.r.m.a.ResponseBodyResultHandler - [658967c6-5] Using 'text/plain;charset=UTF-8' given [text/plain, application/json, application/x-jackson-smile, application/*+json, */*] and supported [text/plain;charset=UTF-8, text/event-stream, text/plain;charset=UTF-8, */*]
16:33:01.186 [XNIO-5 I/O-10] DEBUG o.s.w.r.r.m.a.ResponseBodyResultHandler - [658967c6-5] 0..N [java.lang.String]
16:33:01.186 [XNIO-5 I/O-10] DEBUG o.s.c.c.CharSequenceEncoder - [658967c6-5] Writing "1. foo bar"
16:33:01.193 [XNIO-5 I/O-10] DEBUG o.s.c.c.CharSequenceEncoder - [658967c6-5] Writing "2. foo bar"
16:33:01.193 [XNIO-5 I/O-10] DEBUG o.s.c.c.CharSequenceEncoder - [658967c6-5] Writing "3. foo bar"
16:33:01.194 [XNIO-5 I/O-10] DEBUG o.s.c.c.CharSequenceEncoder - [658967c6-5] Writing "4. foo bar"
16:33:01.194 [XNIO-5 I/O-10] DEBUG o.s.c.c.CharSequenceEncoder - [658967c6-5] Writing "5. foo bar"
16:33:01.194 [XNIO-5 I/O-10] DEBUG o.s.c.c.CharSequenceEncoder - [658967c6-5] Writing "6. foo bar"
16:33:01.194 [Test worker] DEBUG o.s.w.c.RestTemplate - Response 200 OK
16:33:01.194 [XNIO-5 I/O-10] DEBUG o.s.c.c.CharSequenceEncoder - [658967c6-5] Writing "7. foo bar"
16:33:01.194 [Test worker] DEBUG o.s.w.c.RestTemplate - Reading to [java.lang.String] as "text/plain;charset=UTF-8"
16:33:01.194 [XNIO-5 I/O-10] DEBUG o.s.c.c.CharSequenceEncoder - [658967c6-5] Writing "8. foo bar"
16:33:01.194 [XNIO-5 I/O-10] DEBUG o.s.c.c.CharSequenceEncoder - [658967c6-5] Writing "9. foo bar"
16:33:01.194 [XNIO-5 I/O-10] DEBUG o.s.c.c.CharSequenceEncoder - [658967c6-5] Writing "10. foo bar"
16:33:01.195 [XNIO-5 I/O-10] DEBUG o.s.c.c.CharSequenceEncoder - [658967c6-5] Writing "11. foo bar"
16:33:01.195 [XNIO-5 I/O-10] DEBUG o.s.c.c.CharSequenceEncoder - [658967c6-5] Writing "12. foo bar"
16:33:01.195 [XNIO-5 I/O-10] DEBUG o.s.c.c.CharSequenceEncoder - [658967c6-5] Writing "13. foo bar"
16:33:01.195 [XNIO-5 I/O-10] DEBUG o.s.c.c.CharSequenceEncoder - [658967c6-5] Writing "14. foo bar"
16:33:01.195 [XNIO-5 I/O-10] DEBUG o.s.c.c.CharSequenceEncoder - [658967c6-5] Writing "15. foo bar"
16:33:01.195 [XNIO-5 I/O-10] DEBUG o.s.c.c.CharSequenceEncoder - [658967c6-5] Writing "16. foo bar"
16:33:01.195 [XNIO-5 I/O-10] DEBUG o.s.c.c.CharSequenceEncoder - [658967c6-5] Writing "17. foo bar"
16:33:01.196 [XNIO-5 I/O-10] DEBUG o.s.c.c.CharSequenceEncoder - [658967c6-5] Writing "18. foo bar"
16:33:01.196 [XNIO-5 I/O-10] DEBUG o.s.c.c.CharSequenceEncoder - [658967c6-5] Writing "19. foo bar"
16:33:01.196 [XNIO-5 I/O-10] DEBUG o.s.c.c.CharSequenceEncoder - [658967c6-5] Writing "20. foo bar"
16:33:01.196 [XNIO-5 I/O-10] DEBUG o.s.c.c.CharSequenceEncoder - [658967c6-5] Writing "21. foo bar"
16:33:01.196 [XNIO-5 I/O-10] DEBUG o.s.c.c.CharSequenceEncoder - [658967c6-5] Writing "22. foo bar"
16:33:01.196 [XNIO-5 I/O-10] DEBUG o.s.c.c.CharSequenceEncoder - [658967c6-5] Writing "23. foo bar"
16:33:01.196 [XNIO-5 I/O-10] DEBUG o.s.c.c.CharSequenceEncoder - [658967c6-5] Writing "24. foo bar"
16:33:01.196 [XNIO-5 I/O-10] DEBUG o.s.c.c.CharSequenceEncoder - [658967c6-5] Writing "25. foo bar"
16:33:01.196 [XNIO-5 I/O-10] DEBUG o.s.c.c.CharSequenceEncoder - [658967c6-5] Writing "26. foo bar"
16:33:01.196 [XNIO-5 I/O-10] DEBUG o.s.c.c.CharSequenceEncoder - [658967c6-5] Writing "27. foo bar"
16:33:01.197 [XNIO-5 I/O-10] DEBUG o.s.c.c.CharSequenceEncoder - [658967c6-5] Writing "28. foo bar"
16:33:01.197 [XNIO-5 I/O-10] DEBUG o.s.c.c.CharSequenceEncoder - [658967c6-5] Writing "29. foo bar"
16:33:01.197 [XNIO-5 I/O-10] DEBUG o.s.c.c.CharSequenceEncoder - [658967c6-5] Writing "30. foo bar"
16:33:01.197 [XNIO-5 I/O-10] DEBUG o.s.c.c.CharSequenceEncoder - [658967c6-5] Writing "31. foo bar"
16:33:01.197 [XNIO-5 I/O-10] DEBUG o.s.c.c.CharSequenceEncoder - [658967c6-5] Writing "32. foo bar"
16:33:01.197 [XNIO-5 I/O-10] DEBUG o.s.c.c.CharSequenceEncoder - [658967c6-5] Writing "33. foo bar"
16:33:01.197 [XNIO-5 I/O-10] DEBUG o.s.c.c.CharSequenceEncoder - [658967c6-5] Writing "34. foo bar"
16:33:01.197 [XNIO-5 I/O-10] DEBUG o.s.c.c.CharSequenceEncoder - [658967c6-5] Writing "35. foo bar"
16:33:01.197 [XNIO-5 I/O-10] DEBUG o.s.c.c.CharSequenceEncoder - [658967c6-5] Writing "36. foo bar"
16:33:01.197 [XNIO-5 I/O-10] DEBUG o.s.c.c.CharSequenceEncoder - [658967c6-5] Writing "37. foo bar"
16:33:01.197 [XNIO-5 I/O-10] DEBUG o.s.c.c.CharSequenceEncoder - [658967c6-5] Writing "38. foo bar"
16:33:01.198 [XNIO-5 I/O-10] DEBUG o.s.c.c.CharSequenceEncoder - [658967c6-5] Writing "39. foo bar"
16:33:01.198 [XNIO-5 I/O-10] DEBUG o.s.c.c.CharSequenceEncoder - [658967c6-5] Writing "40. foo bar"
16:33:01.198 [XNIO-5 I/O-10] DEBUG o.s.c.c.CharSequenceEncoder - [658967c6-5] Writing "41. foo bar"
16:33:01.198 [XNIO-5 I/O-10] DEBUG o.s.c.c.CharSequenceEncoder - [658967c6-5] Writing "42. foo bar"
16:33:01.198 [XNIO-5 I/O-10] DEBUG o.s.c.c.CharSequenceEncoder - [658967c6-5] Writing "43. foo bar"
16:33:01.198 [XNIO-5 I/O-10] DEBUG o.s.c.c.CharSequenceEncoder - [658967c6-5] Writing "44. foo bar"
16:33:01.198 [XNIO-5 I/O-10] DEBUG o.s.c.c.CharSequenceEncoder - [658967c6-5] Writing "45. foo bar"
16:33:01.198 [XNIO-5 I/O-10] DEBUG o.s.c.c.CharSequenceEncoder - [658967c6-5] Writing "46. foo bar"
16:33:01.198 [XNIO-5 I/O-10] DEBUG o.s.c.c.CharSequenceEncoder - [658967c6-5] Writing "47. foo bar"
16:33:01.198 [XNIO-5 I/O-10] DEBUG o.s.c.c.CharSequenceEncoder - [658967c6-5] Writing "48. foo bar"
16:33:01.199 [XNIO-5 I/O-10] DEBUG o.s.c.c.CharSequenceEncoder - [658967c6-5] Writing "49. foo bar"
16:33:01.199 [XNIO-5 I/O-10] DEBUG o.s.c.c.CharSequenceEncoder - [658967c6-5] Writing "50. foo bar"
16:33:01.199 [XNIO-5 I/O-10] DEBUG o.s.c.c.CharSequenceEncoder - [658967c6-5] Writing "51. foo bar"
16:33:01.199 [XNIO-5 I/O-10] DEBUG o.s.c.c.CharSequenceEncoder - [658967c6-5] Writing "52. foo bar"
16:33:01.199 [XNIO-5 I/O-10] DEBUG o.s.c.c.CharSequenceEncoder - [658967c6-5] Writing "53. foo bar"
16:33:01.199 [XNIO-5 I/O-10] DEBUG o.s.c.c.CharSequenceEncoder - [658967c6-5] Writing "54. foo bar"
16:33:01.199 [XNIO-5 I/O-10] DEBUG o.s.c.c.CharSequenceEncoder - [658967c6-5] Writing "55. foo bar"
16:33:01.199 [XNIO-5 I/O-10] DEBUG o.s.c.c.CharSequenceEncoder - [658967c6-5] Writing "56. foo bar"
16:33:01.199 [XNIO-5 I/O-10] DEBUG o.s.c.c.CharSequenceEncoder - [658967c6-5] Writing "57. foo bar"
16:33:01.199 [XNIO-5 I/O-10] DEBUG o.s.c.c.CharSequenceEncoder - [658967c6-5] Writing "58. foo bar"
16:33:01.199 [XNIO-5 I/O-10] DEBUG o.s.c.c.CharSequenceEncoder - [658967c6-5] Writing "59. foo bar"
16:33:01.199 [XNIO-5 I/O-10] DEBUG o.s.c.c.CharSequenceEncoder - [658967c6-5] Writing "60. foo bar"
16:33:01.199 [XNIO-5 I/O-10] DEBUG o.s.c.c.CharSequenceEncoder - [658967c6-5] Writing "61. foo bar"
16:33:01.200 [XNIO-5 I/O-10] DEBUG o.s.c.c.CharSequenceEncoder - [658967c6-5] Writing "62. foo bar"
16:33:01.200 [XNIO-5 I/O-10] DEBUG o.s.c.c.CharSequenceEncoder - [658967c6-5] Writing "63. foo bar"
16:33:01.200 [XNIO-5 I/O-10] DEBUG o.s.c.c.CharSequenceEncoder - [658967c6-5] Writing "64. foo bar"
16:33:01.200 [XNIO-5 I/O-10] DEBUG o.s.c.c.CharSequenceEncoder - [658967c6-5] Writing "65. foo bar"
16:33:01.200 [XNIO-5 I/O-10] DEBUG o.s.c.c.CharSequenceEncoder - [658967c6-5] Writing "66. foo bar"
16:33:01.200 [XNIO-5 I/O-10] DEBUG o.s.c.c.CharSequenceEncoder - [658967c6-5] Writing "67. foo bar"
16:33:01.200 [XNIO-5 I/O-10] DEBUG o.s.c.c.CharSequenceEncoder - [658967c6-5] Writing "68. foo bar"
16:33:01.200 [XNIO-5 I/O-10] DEBUG o.s.c.c.CharSequenceEncoder - [658967c6-5] Writing "69. foo bar"
16:33:01.200 [XNIO-5 I/O-10] DEBUG o.s.c.c.CharSequenceEncoder - [658967c6-5] Writing "70. foo bar"
16:33:01.201 [XNIO-5 I/O-10] DEBUG o.s.c.c.CharSequenceEncoder - [658967c6-5] Writing "71. foo bar"
16:33:01.201 [XNIO-5 I/O-10] DEBUG o.s.c.c.CharSequenceEncoder - [658967c6-5] Writing "72. foo bar"
16:33:01.201 [XNIO-5 I/O-10] DEBUG o.s.c.c.CharSequenceEncoder - [658967c6-5] Writing "73. foo bar"
16:33:01.201 [XNIO-5 I/O-10] DEBUG o.s.c.c.CharSequenceEncoder - [658967c6-5] Writing "74. foo bar"
16:33:01.201 [XNIO-5 I/O-10] DEBUG o.s.c.c.CharSequenceEncoder - [658967c6-5] Writing "75. foo bar"
16:33:01.201 [XNIO-5 I/O-10] DEBUG o.s.c.c.CharSequenceEncoder - [658967c6-5] Writing "76. foo bar"
16:33:01.201 [XNIO-5 I/O-10] DEBUG o.s.c.c.CharSequenceEncoder - [658967c6-5] Writing "77. foo bar"
16:33:01.201 [XNIO-5 I/O-10] DEBUG o.s.c.c.CharSequenceEncoder - [658967c6-5] Writing "78. foo bar"
16:33:01.201 [XNIO-5 I/O-10] DEBUG o.s.c.c.CharSequenceEncoder - [658967c6-5] Writing "79. foo bar"
16:33:01.201 [XNIO-5 I/O-10] DEBUG o.s.c.c.CharSequenceEncoder - [658967c6-5] Writing "80. foo bar"
16:33:01.202 [XNIO-5 I/O-10] DEBUG o.s.c.c.CharSequenceEncoder - [658967c6-5] Writing "81. foo bar"
16:33:01.202 [XNIO-5 I/O-10] DEBUG o.s.c.c.CharSequenceEncoder - [658967c6-5] Writing "82. foo bar"
16:33:01.202 [XNIO-5 I/O-10] DEBUG o.s.c.c.CharSequenceEncoder - [658967c6-5] Writing "83. foo bar"
16:33:01.202 [XNIO-5 I/O-10] DEBUG o.s.c.c.CharSequenceEncoder - [658967c6-5] Writing "84. foo bar"
16:33:01.202 [XNIO-5 I/O-10] DEBUG o.s.c.c.CharSequenceEncoder - [658967c6-5] Writing "85. foo bar"
16:33:01.202 [XNIO-5 I/O-10] DEBUG o.s.c.c.CharSequenceEncoder - [658967c6-5] Writing "86. foo bar"
16:33:01.202 [XNIO-5 I/O-10] DEBUG o.s.c.c.CharSequenceEncoder - [658967c6-5] Writing "87. foo bar"
16:33:01.202 [XNIO-5 I/O-10] DEBUG o.s.c.c.CharSequenceEncoder - [658967c6-5] Writing "88. foo bar"
16:33:01.202 [XNIO-5 I/O-10] DEBUG o.s.c.c.CharSequenceEncoder - [658967c6-5] Writing "89. foo bar"
16:33:01.202 [XNIO-5 I/O-10] DEBUG o.s.c.c.CharSequenceEncoder - [658967c6-5] Writing "90. foo bar"
16:33:01.202 [XNIO-5 I/O-10] DEBUG o.s.c.c.CharSequenceEncoder - [658967c6-5] Writing "91. foo bar"
16:33:01.202 [XNIO-5 I/O-10] DEBUG o.s.c.c.CharSequenceEncoder - [658967c6-5] Writing "92. foo bar"
16:33:01.202 [XNIO-5 I/O-10] DEBUG o.s.c.c.CharSequenceEncoder - [658967c6-5] Writing "93. foo bar"
16:33:01.203 [XNIO-5 I/O-10] DEBUG o.s.c.c.CharSequenceEncoder - [658967c6-5] Writing "94. foo bar"
16:33:01.203 [XNIO-5 I/O-10] DEBUG o.s.c.c.CharSequenceEncoder - [658967c6-5] Writing "95. foo bar"
16:33:01.203 [XNIO-5 I/O-10] DEBUG o.s.c.c.CharSequenceEncoder - [658967c6-5] Writing "96. foo bar"
16:33:01.203 [XNIO-5 I/O-10] DEBUG o.s.c.c.CharSequenceEncoder - [658967c6-5] Writing "97. foo bar"
16:33:01.203 [XNIO-5 I/O-10] DEBUG o.s.c.c.CharSequenceEncoder - [658967c6-5] Writing "98. foo bar"
16:33:01.203 [XNIO-5 I/O-10] DEBUG o.s.c.c.CharSequenceEncoder - [658967c6-5] Writing "99. foo bar"
16:33:01.203 [XNIO-5 I/O-10] DEBUG o.s.c.c.CharSequenceEncoder - [658967c6-5] Writing "100. foo bar"
16:33:01.203 [XNIO-5 I/O-10] DEBUG o.s.c.c.CharSequenceEncoder - [658967c6-5] Writing "101. foo bar"
16:33:01.203 [XNIO-5 I/O-10] DEBUG o.s.c.c.CharSequenceEncoder - [658967c6-5] Writing "102. foo bar"
16:33:01.203 [XNIO-5 I/O-10] DEBUG o.s.c.c.CharSequenceEncoder - [658967c6-5] Writing "103. foo bar"
16:33:01.204 [XNIO-5 I/O-10] DEBUG o.s.c.c.CharSequenceEncoder - [658967c6-5] Writing "104. foo bar"
16:33:01.206 [XNIO-5 I/O-10] DEBUG o.s.c.c.CharSequenceEncoder - [658967c6-5] Writing "105. foo bar"
16:33:01.206 [XNIO-5 I/O-10] DEBUG o.s.c.c.CharSequenceEncoder - [658967c6-5] Writing "106. foo bar"
16:33:01.206 [XNIO-5 I/O-10] DEBUG o.s.c.c.CharSequenceEncoder - [658967c6-5] Writing "107. foo bar"
16:33:01.206 [XNIO-5 I/O-10] DEBUG o.s.c.c.CharSequenceEncoder - [658967c6-5] Writing "108. foo bar"
16:33:01.206 [XNIO-5 I/O-10] DEBUG o.s.c.c.CharSequenceEncoder - [658967c6-5] Writing "109. foo bar"
16:33:01.206 [XNIO-5 I/O-10] DEBUG o.s.c.c.CharSequenceEncoder - [658967c6-5] Writing "110. foo bar"
16:33:01.206 [XNIO-5 I/O-10] DEBUG o.s.c.c.CharSequenceEncoder - [658967c6-5] Writing "111. foo bar"
16:33:01.207 [XNIO-5 I/O-10] DEBUG o.s.c.c.CharSequenceEncoder - [658967c6-5] Writing "112. foo bar"
16:33:01.207 [XNIO-5 I/O-10] DEBUG o.s.c.c.CharSequenceEncoder - [658967c6-5] Writing "113. foo bar"
16:33:01.207 [XNIO-5 I/O-10] DEBUG o.s.c.c.CharSequenceEncoder - [658967c6-5] Writing "114. foo bar"
16:33:01.208 [XNIO-5 I/O-10] DEBUG o.s.c.c.CharSequenceEncoder - [658967c6-5] Writing "115. foo bar"
16:33:01.208 [XNIO-5 I/O-10] DEBUG o.s.c.c.CharSequenceEncoder - [658967c6-5] Writing "116. foo bar"
16:33:01.208 [XNIO-5 I/O-10] DEBUG o.s.c.c.CharSequenceEncoder - [658967c6-5] Writing "117. foo bar"
16:33:01.208 [XNIO-5 I/O-10] DEBUG o.s.c.c.CharSequenceEncoder - [658967c6-5] Writing "118. foo bar"
16:33:01.208 [XNIO-5 I/O-10] DEBUG o.s.c.c.CharSequenceEncoder - [658967c6-5] Writing "119. foo bar"
16:33:01.208 [XNIO-5 I/O-10] DEBUG o.s.c.c.CharSequenceEncoder - [658967c6-5] Writing "120. foo bar"
16:33:01.208 [XNIO-5 I/O-10] DEBUG o.s.c.c.CharSequenceEncoder - [658967c6-5] Writing "121. foo bar"
16:33:01.208 [XNIO-5 I/O-10] DEBUG o.s.c.c.CharSequenceEncoder - [658967c6-5] Writing "122. foo bar"
16:33:01.208 [XNIO-5 I/O-10] DEBUG o.s.c.c.CharSequenceEncoder - [658967c6-5] Writing "123. foo bar"
16:33:01.208 [XNIO-5 I/O-10] DEBUG o.s.c.c.CharSequenceEncoder - [658967c6-5] Writing "124. foo bar"
16:33:01.209 [XNIO-5 I/O-10] DEBUG o.s.c.c.CharSequenceEncoder - [658967c6-5] Writing "125. foo bar"
16:33:01.209 [XNIO-5 I/O-10] DEBUG o.s.c.c.CharSequenceEncoder - [658967c6-5] Writing "126. foo bar"
16:33:01.209 [XNIO-5 I/O-10] DEBUG o.s.c.c.CharSequenceEncoder - [658967c6-5] Writing "127. foo bar"
16:33:01.209 [XNIO-5 I/O-10] DEBUG o.s.c.c.CharSequenceEncoder - [658967c6-5] Writing "128. foo bar"
16:33:01.209 [XNIO-5 I/O-10] DEBUG o.s.c.c.CharSequenceEncoder - [658967c6-5] Writing "129. foo bar"
16:33:01.209 [XNIO-5 I/O-10] DEBUG o.s.c.c.CharSequenceEncoder - [658967c6-5] Writing "130. foo bar"
16:33:01.209 [XNIO-5 I/O-10] DEBUG o.s.c.c.CharSequenceEncoder - [658967c6-5] Writing "131. foo bar"
16:33:01.209 [XNIO-5 I/O-10] DEBUG o.s.c.c.CharSequenceEncoder - [658967c6-5] Writing "132. foo bar"
16:33:01.209 [XNIO-5 I/O-10] DEBUG o.s.c.c.CharSequenceEncoder - [658967c6-5] Writing "133. foo bar"
16:33:01.210 [XNIO-5 I/O-10] DEBUG o.s.c.c.CharSequenceEncoder - [658967c6-5] Writing "134. foo bar"
16:33:01.210 [XNIO-5 I/O-10] DEBUG o.s.c.c.CharSequenceEncoder - [658967c6-5] Writing "135. foo bar"
16:33:01.210 [XNIO-5 I/O-10] DEBUG o.s.c.c.CharSequenceEncoder - [658967c6-5] Writing "136. foo bar"
16:33:01.210 [XNIO-5 I/O-10] DEBUG o.s.c.c.CharSequenceEncoder - [658967c6-5] Writing "137. foo bar"
16:33:01.210 [XNIO-5 I/O-10] DEBUG o.s.c.c.CharSequenceEncoder - [658967c6-5] Writing "138. foo bar"
16:33:01.210 [XNIO-5 I/O-10] DEBUG o.s.c.c.CharSequenceEncoder - [658967c6-5] Writing "139. foo bar"
16:33:01.210 [XNIO-5 I/O-10] DEBUG o.s.c.c.CharSequenceEncoder - [658967c6-5] Writing "140. foo bar"
16:33:01.210 [XNIO-5 I/O-10] DEBUG o.s.c.c.CharSequenceEncoder - [658967c6-5] Writing "141. foo bar"
16:33:01.210 [XNIO-5 I/O-10] DEBUG o.s.c.c.CharSequenceEncoder - [658967c6-5] Writing "142. foo bar"
16:33:01.210 [XNIO-5 I/O-10] DEBUG o.s.c.c.CharSequenceEncoder - [658967c6-5] Writing "143. foo bar"
16:33:01.210 [XNIO-5 I/O-10] DEBUG o.s.c.c.CharSequenceEncoder - [658967c6-5] Writing "144. foo bar"
16:33:01.210 [XNIO-5 I/O-10] DEBUG o.s.c.c.CharSequenceEncoder - [658967c6-5] Writing "145. foo bar"
16:33:01.211 [XNIO-5 I/O-10] DEBUG o.s.c.c.CharSequenceEncoder - [658967c6-5] Writing "146. foo bar"
16:33:01.211 [XNIO-5 I/O-10] DEBUG o.s.c.c.CharSequenceEncoder - [658967c6-5] Writing "147. foo bar"
16:33:01.211 [XNIO-5 I/O-10] DEBUG o.s.c.c.CharSequenceEncoder - [658967c6-5] Writing "148. foo bar"
16:33:01.211 [XNIO-5 I/O-10] DEBUG o.s.c.c.CharSequenceEncoder - [658967c6-5] Writing "149. foo bar"
16:33:01.211 [XNIO-5 I/O-10] DEBUG o.s.c.c.CharSequenceEncoder - [658967c6-5] Writing "150. foo bar"
16:33:01.211 [XNIO-5 I/O-10] DEBUG o.s.c.c.CharSequenceEncoder - [658967c6-5] Writing "151. foo bar"
16:33:01.211 [XNIO-5 I/O-10] DEBUG o.s.c.c.CharSequenceEncoder - [658967c6-5] Writing "152. foo bar"
16:33:01.211 [XNIO-5 I/O-10] DEBUG o.s.c.c.CharSequenceEncoder - [658967c6-5] Writing "153. foo bar"
16:33:01.211 [XNIO-5 I/O-10] DEBUG o.s.c.c.CharSequenceEncoder - [658967c6-5] Writing "154. foo bar"
16:33:01.211 [XNIO-5 I/O-10] DEBUG o.s.c.c.CharSequenceEncoder - [658967c6-5] Writing "155. foo bar"
16:33:01.211 [XNIO-5 I/O-10] DEBUG o.s.c.c.CharSequenceEncoder - [658967c6-5] Writing "156. foo bar"
16:33:01.211 [XNIO-5 I/O-10] DEBUG o.s.c.c.CharSequenceEncoder - [658967c6-5] Writing "157. foo bar"
16:33:01.211 [XNIO-5 I/O-10] DEBUG o.s.c.c.CharSequenceEncoder - [658967c6-5] Writing "158. foo bar"
16:33:01.211 [XNIO-5 I/O-10] DEBUG o.s.c.c.CharSequenceEncoder - [658967c6-5] Writing "159. foo bar"
16:33:01.212 [XNIO-5 I/O-10] DEBUG o.s.c.c.CharSequenceEncoder - [658967c6-5] Writing "160. foo bar"
16:33:01.212 [XNIO-5 I/O-10] DEBUG o.s.c.c.CharSequenceEncoder - [658967c6-5] Writing "161. foo bar"
16:33:01.212 [XNIO-5 I/O-10] DEBUG o.s.c.c.CharSequenceEncoder - [658967c6-5] Writing "162. foo bar"
16:33:01.212 [XNIO-5 I/O-10] DEBUG o.s.c.c.CharSequenceEncoder - [658967c6-5] Writing "163. foo bar"
16:33:01.212 [XNIO-5 I/O-10] DEBUG o.s.c.c.CharSequenceEncoder - [658967c6-5] Writing "164. foo bar"
16:33:01.213 [XNIO-5 I/O-10] DEBUG o.s.c.c.CharSequenceEncoder - [658967c6-5] Writing "165. foo bar"
16:33:01.213 [XNIO-5 I/O-10] DEBUG o.s.c.c.CharSequenceEncoder - [658967c6-5] Writing "166. foo bar"
16:33:01.213 [XNIO-5 I/O-10] DEBUG o.s.c.c.CharSequenceEncoder - [658967c6-5] Writing "167. foo bar"
16:33:01.213 [XNIO-5 I/O-10] DEBUG o.s.c.c.CharSequenceEncoder - [658967c6-5] Writing "168. foo bar"
16:33:01.213 [XNIO-5 I/O-10] DEBUG o.s.c.c.CharSequenceEncoder - [658967c6-5] Writing "169. foo bar"
16:33:01.214 [XNIO-5 I/O-10] DEBUG o.s.c.c.CharSequenceEncoder - [658967c6-5] Writing "170. foo bar"
16:33:01.214 [XNIO-5 I/O-10] DEBUG o.s.c.c.CharSequenceEncoder - [658967c6-5] Writing "171. foo bar"
16:33:01.214 [XNIO-5 I/O-10] DEBUG o.s.c.c.CharSequenceEncoder - [658967c6-5] Writing "172. foo bar"
16:33:01.214 [XNIO-5 I/O-10] DEBUG o.s.c.c.CharSequenceEncoder - [658967c6-5] Writing "173. foo bar"
16:33:01.214 [XNIO-5 I/O-10] DEBUG o.s.c.c.CharSequenceEncoder - [658967c6-5] Writing "174. foo bar"
16:33:01.215 [XNIO-5 I/O-10] DEBUG o.s.c.c.CharSequenceEncoder - [658967c6-5] Writing "175. foo bar"
16:33:01.215 [XNIO-5 I/O-10] DEBUG o.s.c.c.CharSequenceEncoder - [658967c6-5] Writing "176. foo bar"
16:33:01.215 [XNIO-5 I/O-10] DEBUG o.s.c.c.CharSequenceEncoder - [658967c6-5] Writing "177. foo bar"
16:33:01.215 [XNIO-5 I/O-10] DEBUG o.s.c.c.CharSequenceEncoder - [658967c6-5] Writing "178. foo bar"
16:33:01.216 [XNIO-5 I/O-10] DEBUG o.s.c.c.CharSequenceEncoder - [658967c6-5] Writing "179. foo bar"
16:33:01.216 [XNIO-5 I/O-10] DEBUG o.s.c.c.CharSequenceEncoder - [658967c6-5] Writing "180. foo bar"
16:33:01.216 [XNIO-5 I/O-10] DEBUG o.s.c.c.CharSequenceEncoder - [658967c6-5] Writing "181. foo bar"
16:33:01.216 [XNIO-5 I/O-10] DEBUG o.s.c.c.CharSequenceEncoder - [658967c6-5] Writing "182. foo bar"
16:33:01.216 [XNIO-5 I/O-10] DEBUG o.s.c.c.CharSequenceEncoder - [658967c6-5] Writing "183. foo bar"
16:33:01.216 [XNIO-5 I/O-10] DEBUG o.s.c.c.CharSequenceEncoder - [658967c6-5] Writing "184. foo bar"
16:33:01.216 [XNIO-5 I/O-10] DEBUG o.s.c.c.CharSequenceEncoder - [658967c6-5] Writing "185. foo bar"
16:33:01.216 [XNIO-5 I/O-10] DEBUG o.s.c.c.CharSequenceEncoder - [658967c6-5] Writing "186. foo bar"
16:33:01.216 [XNIO-5 I/O-10] DEBUG o.s.c.c.CharSequenceEncoder - [658967c6-5] Writing "187. foo bar"
16:33:01.216 [XNIO-5 I/O-10] DEBUG o.s.c.c.CharSequenceEncoder - [658967c6-5] Writing "188. foo bar"
16:33:01.217 [XNIO-5 I/O-10] DEBUG o.s.c.c.CharSequenceEncoder - [658967c6-5] Writing "189. foo bar"
16:33:01.217 [XNIO-5 I/O-10] DEBUG o.s.c.c.CharSequenceEncoder - [658967c6-5] Writing "190. foo bar"
16:33:01.217 [XNIO-5 I/O-10] DEBUG o.s.c.c.CharSequenceEncoder - [658967c6-5] Writing "191. foo bar"
16:33:01.217 [XNIO-5 I/O-10] DEBUG o.s.c.c.CharSequenceEncoder - [658967c6-5] Writing "192. foo bar"
16:33:01.217 [XNIO-5 I/O-10] DEBUG o.s.c.c.CharSequenceEncoder - [658967c6-5] Writing "193. foo bar"
16:33:01.217 [XNIO-5 I/O-10] DEBUG o.s.c.c.CharSequenceEncoder - [658967c6-5] Writing "194. foo bar"
16:33:01.217 [XNIO-5 I/O-10] DEBUG o.s.c.c.CharSequenceEncoder - [658967c6-5] Writing "195. foo bar"
16:33:01.218 [XNIO-5 I/O-10] DEBUG o.s.c.c.CharSequenceEncoder - [658967c6-5] Writing "196. foo bar"
16:33:01.218 [XNIO-5 I/O-10] DEBUG o.s.c.c.CharSequenceEncoder - [658967c6-5] Writing "197. foo bar"
16:33:01.218 [XNIO-5 I/O-10] DEBUG o.s.c.c.CharSequenceEncoder - [658967c6-5] Writing "198. foo bar"
16:33:01.218 [XNIO-5 I/O-10] DEBUG o.s.c.c.CharSequenceEncoder - [658967c6-5] Writing "199. foo bar"
16:33:01.218 [XNIO-5 I/O-10] DEBUG o.s.c.c.CharSequenceEncoder - [658967c6-5] Writing "200. foo bar"
16:33:01.218 [XNIO-5 I/O-10] DEBUG o.s.c.c.CharSequenceEncoder - [658967c6-5] Writing "201. foo bar"
16:33:01.218 [XNIO-5 I/O-10] DEBUG o.s.c.c.CharSequenceEncoder - [658967c6-5] Writing "202. foo bar"
16:33:01.219 [XNIO-5 I/O-10] DEBUG o.s.c.c.CharSequenceEncoder - [658967c6-5] Writing "203. foo bar"
16:33:01.219 [XNIO-5 I/O-10] DEBUG o.s.c.c.CharSequenceEncoder - [658967c6-5] Writing "204. foo bar"
16:33:01.219 [XNIO-5 I/O-10] DEBUG o.s.c.c.CharSequenceEncoder - [658967c6-5] Writing "205. foo bar"
16:33:01.219 [XNIO-5 I/O-10] DEBUG o.s.c.c.CharSequenceEncoder - [658967c6-5] Writing "206. foo bar"
16:33:01.219 [XNIO-5 I/O-10] DEBUG o.s.c.c.CharSequenceEncoder - [658967c6-5] Writing "207. foo bar"
16:33:01.219 [XNIO-5 I/O-10] DEBUG o.s.c.c.CharSequenceEncoder - [658967c6-5] Writing "208. foo bar"
16:33:01.220 [XNIO-5 I/O-10] DEBUG o.s.c.c.CharSequenceEncoder - [658967c6-5] Writing "209. foo bar"
16:33:01.220 [XNIO-5 I/O-10] DEBUG o.s.c.c.CharSequenceEncoder - [658967c6-5] Writing "210. foo bar"
16:33:01.220 [XNIO-5 I/O-10] DEBUG o.s.c.c.CharSequenceEncoder - [658967c6-5] Writing "211. foo bar"
16:33:01.220 [XNIO-5 I/O-10] DEBUG o.s.c.c.CharSequenceEncoder - [658967c6-5] Writing "212. foo bar"
16:33:01.220 [XNIO-5 I/O-10] DEBUG o.s.c.c.CharSequenceEncoder - [658967c6-5] Writing "213. foo bar"
16:33:01.221 [XNIO-5 I/O-10] DEBUG o.s.c.c.CharSequenceEncoder - [658967c6-5] Writing "214. foo bar"
16:33:01.221 [XNIO-5 I/O-10] DEBUG o.s.c.c.CharSequenceEncoder - [658967c6-5] Writing "215. foo bar"
16:33:01.221 [XNIO-5 I/O-10] DEBUG o.s.c.c.CharSequenceEncoder - [658967c6-5] Writing "216. foo bar"
16:33:01.221 [XNIO-5 I/O-10] DEBUG o.s.c.c.CharSequenceEncoder - [658967c6-5] Writing "217. foo bar"
16:33:01.221 [XNIO-5 I/O-10] DEBUG o.s.c.c.CharSequenceEncoder - [658967c6-5] Writing "218. foo bar"
16:33:01.222 [XNIO-5 I/O-10] DEBUG o.s.c.c.CharSequenceEncoder - [658967c6-5] Writing "219. foo bar"
16:33:01.222 [XNIO-5 I/O-10] DEBUG o.s.c.c.CharSequenceEncoder - [658967c6-5] Writing "220. foo bar"
16:33:01.222 [XNIO-5 I/O-10] DEBUG o.s.c.c.CharSequenceEncoder - [658967c6-5] Writing "221. foo bar"
16:33:01.222 [XNIO-5 I/O-10] DEBUG o.s.c.c.CharSequenceEncoder - [658967c6-5] Writing "222. foo bar"
16:33:01.222 [XNIO-5 I/O-10] DEBUG o.s.c.c.CharSequenceEncoder - [658967c6-5] Writing "223. foo bar"
16:33:01.222 [XNIO-5 I/O-10] DEBUG o.s.c.c.CharSequenceEncoder - [658967c6-5] Writing "224. foo bar"
16:33:01.222 [XNIO-5 I/O-10] DEBUG o.s.c.c.CharSequenceEncoder - [658967c6-5] Writing "225. foo bar"
16:33:01.222 [XNIO-5 I/O-10] DEBUG o.s.c.c.CharSequenceEncoder - [658967c6-5] Writing "226. foo bar"
16:33:01.222 [XNIO-5 I/O-10] DEBUG o.s.c.c.CharSequenceEncoder - [658967c6-5] Writing "227. foo bar"
16:33:01.222 [XNIO-5 I/O-10] DEBUG o.s.c.c.CharSequenceEncoder - [658967c6-5] Writing "228. foo bar"
16:33:01.222 [XNIO-5 I/O-10] DEBUG o.s.c.c.CharSequenceEncoder - [658967c6-5] Writing "229. foo bar"
16:33:01.223 [XNIO-5 I/O-10] DEBUG o.s.c.c.CharSequenceEncoder - [658967c6-5] Writing "230. foo bar"
16:33:01.223 [XNIO-5 I/O-10] DEBUG o.s.c.c.CharSequenceEncoder - [658967c6-5] Writing "231. foo bar"
16:33:01.223 [XNIO-5 I/O-10] DEBUG o.s.c.c.CharSequenceEncoder - [658967c6-5] Writing "232. foo bar"
16:33:01.223 [XNIO-5 I/O-10] DEBUG o.s.c.c.CharSequenceEncoder - [658967c6-5] Writing "233. foo bar"
16:33:01.223 [XNIO-5 I/O-10] DEBUG o.s.c.c.CharSequenceEncoder - [658967c6-5] Writing "234. foo bar"
16:33:01.223 [XNIO-5 I/O-10] DEBUG o.s.c.c.CharSequenceEncoder - [658967c6-5] Writing "235. foo bar"
16:33:01.223 [XNIO-5 I/O-10] DEBUG o.s.c.c.CharSequenceEncoder - [658967c6-5] Writing "236. foo bar"
16:33:01.223 [XNIO-5 I/O-10] DEBUG o.s.c.c.CharSequenceEncoder - [658967c6-5] Writing "237. foo bar"
16:33:01.224 [XNIO-5 I/O-10] DEBUG o.s.c.c.CharSequenceEncoder - [658967c6-5] Writing "238. foo bar"
16:33:01.224 [XNIO-5 I/O-10] DEBUG o.s.c.c.CharSequenceEncoder - [658967c6-5] Writing "239. foo bar"
16:33:01.224 [XNIO-5 I/O-10] DEBUG o.s.c.c.CharSequenceEncoder - [658967c6-5] Writing "240. foo bar"
16:33:01.224 [XNIO-5 I/O-10] DEBUG o.s.c.c.CharSequenceEncoder - [658967c6-5] Writing "241. foo bar"
16:33:01.224 [XNIO-5 I/O-10] DEBUG o.s.c.c.CharSequenceEncoder - [658967c6-5] Writing "242. foo bar"
16:33:01.224 [XNIO-5 I/O-10] DEBUG o.s.c.c.CharSequenceEncoder - [658967c6-5] Writing "243. foo bar"
16:33:01.224 [XNIO-5 I/O-10] DEBUG o.s.c.c.CharSequenceEncoder - [658967c6-5] Writing "244. foo bar"
16:33:01.225 [XNIO-5 I/O-10] DEBUG o.s.c.c.CharSequenceEncoder - [658967c6-5] Writing "245. foo bar"
16:33:01.225 [XNIO-5 I/O-10] DEBUG o.s.c.c.CharSequenceEncoder - [658967c6-5] Writing "246. foo bar"
16:33:01.225 [XNIO-5 I/O-10] DEBUG o.s.c.c.CharSequenceEncoder - [658967c6-5] Writing "247. foo bar"
16:33:01.226 [XNIO-5 I/O-10] DEBUG o.s.c.c.CharSequenceEncoder - [658967c6-5] Writing "248. foo bar"
16:33:01.226 [XNIO-5 I/O-10] DEBUG o.s.c.c.CharSequenceEncoder - [658967c6-5] Writing "249. foo bar"
16:33:01.226 [XNIO-5 I/O-10] DEBUG o.s.c.c.CharSequenceEncoder - [658967c6-5] Writing "250. foo bar"
16:33:01.227 [XNIO-5 I/O-10] DEBUG o.s.c.c.CharSequenceEncoder - [658967c6-5] Writing "251. foo bar"
16:33:01.227 [XNIO-5 I/O-10] DEBUG o.s.c.c.CharSequenceEncoder - [658967c6-5] Writing "252. foo bar"
16:33:01.227 [XNIO-5 I/O-10] DEBUG o.s.c.c.CharSequenceEncoder - [658967c6-5] Writing "253. foo bar"
16:33:01.227 [XNIO-5 I/O-10] DEBUG o.s.c.c.CharSequenceEncoder - [658967c6-5] Writing "254. foo bar"
16:33:01.228 [XNIO-5 I/O-10] DEBUG o.s.c.c.CharSequenceEncoder - [658967c6-5] Writing "255. foo bar"
16:33:01.228 [XNIO-5 I/O-10] DEBUG o.s.c.c.CharSequenceEncoder - [658967c6-5] Writing "256. foo bar"
16:33:01.228 [XNIO-5 I/O-10] DEBUG o.s.c.c.CharSequenceEncoder - [658967c6-5] Writing "257. foo bar"
16:33:01.228 [XNIO-5 I/O-10] DEBUG o.s.c.c.CharSequenceEncoder - [658967c6-5] Writing "258. foo bar"
16:33:01.229 [XNIO-5 I/O-10] DEBUG o.s.c.c.CharSequenceEncoder - [658967c6-5] Writing "259. foo bar"
16:33:01.229 [XNIO-5 I/O-10] DEBUG o.s.c.c.CharSequenceEncoder - [658967c6-5] Writing "260. foo bar"
16:33:01.229 [XNIO-5 I/O-10] DEBUG o.s.c.c.CharSequenceEncoder - [658967c6-5] Writing "261. foo bar"
16:33:01.229 [XNIO-5 I/O-10] DEBUG o.s.c.c.CharSequenceEncoder - [658967c6-5] Writing "262. foo bar"
16:33:01.229 [XNIO-5 I/O-10] DEBUG o.s.c.c.CharSequenceEncoder - [658967c6-5] Writing "263. foo bar"
16:33:01.229 [XNIO-5 I/O-10] DEBUG o.s.c.c.CharSequenceEncoder - [658967c6-5] Writing "264. foo bar"
16:33:01.230 [XNIO-5 I/O-10] DEBUG o.s.c.c.CharSequenceEncoder - [658967c6-5] Writing "265. foo bar"
16:33:01.230 [XNIO-5 I/O-10] DEBUG o.s.c.c.CharSequenceEncoder - [658967c6-5] Writing "266. foo bar"
16:33:01.230 [XNIO-5 I/O-10] DEBUG o.s.c.c.CharSequenceEncoder - [658967c6-5] Writing "267. foo bar"
16:33:01.230 [XNIO-5 I/O-10] DEBUG o.s.c.c.CharSequenceEncoder - [658967c6-5] Writing "268. foo bar"
16:33:01.230 [XNIO-5 I/O-10] DEBUG o.s.c.c.CharSequenceEncoder - [658967c6-5] Writing "269. foo bar"
16:33:01.230 [XNIO-5 I/O-10] DEBUG o.s.c.c.CharSequenceEncoder - [658967c6-5] Writing "270. foo bar"
16:33:01.230 [XNIO-5 I/O-10] DEBUG o.s.c.c.CharSequenceEncoder - [658967c6-5] Writing "271. foo bar"
16:33:01.230 [XNIO-5 I/O-10] DEBUG o.s.c.c.CharSequenceEncoder - [658967c6-5] Writing "272. foo bar"
16:33:01.230 [XNIO-5 I/O-10] DEBUG o.s.c.c.CharSequenceEncoder - [658967c6-5] Writing "273. foo bar"
16:33:01.230 [XNIO-5 I/O-10] DEBUG o.s.c.c.CharSequenceEncoder - [658967c6-5] Writing "274. foo bar"
16:33:01.231 [XNIO-5 I/O-10] DEBUG o.s.c.c.CharSequenceEncoder - [658967c6-5] Writing "275. foo bar"
16:33:01.231 [XNIO-5 I/O-10] DEBUG o.s.c.c.CharSequenceEncoder - [658967c6-5] Writing "276. foo bar"
16:33:01.231 [XNIO-5 I/O-10] DEBUG o.s.c.c.CharSequenceEncoder - [658967c6-5] Writing "277. foo bar"
16:33:01.231 [XNIO-5 I/O-10] DEBUG o.s.c.c.CharSequenceEncoder - [658967c6-5] Writing "278. foo bar"
16:33:01.231 [XNIO-5 I/O-10] DEBUG o.s.c.c.CharSequenceEncoder - [658967c6-5] Writing "279. foo bar"
16:33:01.231 [XNIO-5 I/O-10] DEBUG o.s.c.c.CharSequenceEncoder - [658967c6-5] Writing "280. foo bar"
16:33:01.231 [XNIO-5 I/O-10] DEBUG o.s.c.c.CharSequenceEncoder - [658967c6-5] Writing "281. foo bar"
16:33:01.231 [XNIO-5 I/O-10] DEBUG o.s.c.c.CharSequenceEncoder - [658967c6-5] Writing "282. foo bar"
16:33:01.231 [XNIO-5 I/O-10] DEBUG o.s.c.c.CharSequenceEncoder - [658967c6-5] Writing "283. foo bar"
16:33:01.232 [XNIO-5 I/O-10] DEBUG o.s.c.c.CharSequenceEncoder - [658967c6-5] Writing "284. foo bar"
16:33:01.232 [XNIO-5 I/O-10] DEBUG o.s.c.c.CharSequenceEncoder - [658967c6-5] Writing "285. foo bar"
16:33:01.232 [XNIO-5 I/O-10] DEBUG o.s.c.c.CharSequenceEncoder - [658967c6-5] Writing "286. foo bar"
16:33:01.232 [XNIO-5 I/O-10] DEBUG o.s.c.c.CharSequenceEncoder - [658967c6-5] Writing "287. foo bar"
16:33:01.232 [XNIO-5 I/O-10] DEBUG o.s.c.c.CharSequenceEncoder - [658967c6-5] Writing "288. foo bar"
16:33:01.232 [XNIO-5 I/O-10] DEBUG o.s.c.c.CharSequenceEncoder - [658967c6-5] Writing "289. foo bar"
16:33:01.233 [XNIO-5 I/O-10] DEBUG o.s.c.c.CharSequenceEncoder - [658967c6-5] Writing "290. foo bar"
16:33:01.233 [XNIO-5 I/O-10] DEBUG o.s.c.c.CharSequenceEncoder - [658967c6-5] Writing "291. foo bar"
16:33:01.233 [XNIO-5 I/O-10] DEBUG o.s.c.c.CharSequenceEncoder - [658967c6-5] Writing "292. foo bar"
16:33:01.233 [XNIO-5 I/O-10] DEBUG o.s.c.c.CharSequenceEncoder - [658967c6-5] Writing "293. foo bar"
16:33:01.233 [XNIO-5 I/O-10] DEBUG o.s.c.c.CharSequenceEncoder - [658967c6-5] Writing "294. foo bar"
16:33:01.233 [XNIO-5 I/O-10] DEBUG o.s.c.c.CharSequenceEncoder - [658967c6-5] Writing "295. foo bar"
16:33:01.234 [XNIO-5 I/O-10] DEBUG o.s.c.c.CharSequenceEncoder - [658967c6-5] Writing "296. foo bar"
16:33:01.234 [XNIO-5 I/O-10] DEBUG o.s.c.c.CharSequenceEncoder - [658967c6-5] Writing "297. foo bar"
16:33:01.234 [XNIO-5 I/O-10] DEBUG o.s.c.c.CharSequenceEncoder - [658967c6-5] Writing "298. foo bar"
16:33:01.234 [XNIO-5 I/O-10] DEBUG o.s.c.c.CharSequenceEncoder - [658967c6-5] Writing "299. foo bar"
16:33:01.234 [XNIO-5 I/O-10] DEBUG o.s.c.c.CharSequenceEncoder - [658967c6-5] Writing "300. foo bar"
16:33:01.235 [XNIO-5 I/O-10] DEBUG o.s.c.c.CharSequenceEncoder - [658967c6-5] Writing "301. foo bar"
16:33:01.235 [XNIO-5 I/O-10] DEBUG o.s.c.c.CharSequenceEncoder - [658967c6-5] Writing "302. foo bar"
16:33:01.235 [XNIO-5 I/O-10] DEBUG o.s.c.c.CharSequenceEncoder - [658967c6-5] Writing "303. foo bar"
16:33:01.235 [XNIO-5 I/O-10] DEBUG o.s.c.c.CharSequenceEncoder - [658967c6-5] Writing "304. foo bar"
16:33:01.235 [XNIO-5 I/O-10] DEBUG o.s.c.c.CharSequenceEncoder - [658967c6-5] Writing "305. foo bar"
16:33:01.235 [XNIO-5 I/O-10] DEBUG o.s.c.c.CharSequenceEncoder - [658967c6-5] Writing "306. foo bar"
16:33:01.236 [XNIO-5 I/O-10] DEBUG o.s.c.c.CharSequenceEncoder - [658967c6-5] Writing "307. foo bar"
16:33:01.236 [XNIO-5 I/O-10] DEBUG o.s.c.c.CharSequenceEncoder - [658967c6-5] Writing "308. foo bar"
16:33:01.236 [XNIO-5 I/O-10] DEBUG o.s.c.c.CharSequenceEncoder - [658967c6-5] Writing "309. foo bar"
16:33:01.236 [XNIO-5 I/O-10] DEBUG o.s.c.c.CharSequenceEncoder - [658967c6-5] Writing "310. foo bar"
16:33:01.236 [XNIO-5 I/O-10] DEBUG o.s.c.c.CharSequenceEncoder - [658967c6-5] Writing "311. foo bar"
16:33:01.236 [XNIO-5 I/O-10] DEBUG o.s.c.c.CharSequenceEncoder - [658967c6-5] Writing "312. foo bar"
16:33:01.236 [XNIO-5 I/O-10] DEBUG o.s.c.c.CharSequenceEncoder - [658967c6-5] Writing "313. foo bar"
16:33:01.236 [XNIO-5 I/O-10] DEBUG o.s.c.c.CharSequenceEncoder - [658967c6-5] Writing "314. foo bar"
16:33:01.236 [XNIO-5 I/O-10] DEBUG o.s.c.c.CharSequenceEncoder - [658967c6-5] Writing "315. foo bar"
16:33:01.236 [XNIO-5 I/O-10] DEBUG o.s.c.c.CharSequenceEncoder - [658967c6-5] Writing "316. foo bar"
16:33:01.236 [XNIO-5 I/O-10] DEBUG o.s.c.c.CharSequenceEncoder - [658967c6-5] Writing "317. foo bar"
16:33:01.236 [XNIO-5 I/O-10] DEBUG o.s.c.c.CharSequenceEncoder - [658967c6-5] Writing "318. foo bar"
16:33:01.237 [XNIO-5 I/O-10] DEBUG o.s.c.c.CharSequenceEncoder - [658967c6-5] Writing "319. foo bar"
16:33:01.237 [XNIO-5 I/O-10] DEBUG o.s.c.c.CharSequenceEncoder - [658967c6-5] Writing "320. foo bar"
16:33:01.237 [XNIO-5 I/O-10] DEBUG o.s.c.c.CharSequenceEncoder - [658967c6-5] Writing "321. foo bar"
16:33:01.237 [XNIO-5 I/O-10] DEBUG o.s.c.c.CharSequenceEncoder - [658967c6-5] Writing "322. foo bar"
16:33:01.237 [XNIO-5 I/O-10] DEBUG o.s.c.c.CharSequenceEncoder - [658967c6-5] Writing "323. foo bar"
16:33:01.237 [XNIO-5 I/O-10] DEBUG o.s.c.c.CharSequenceEncoder - [658967c6-5] Writing "324. foo bar"
16:33:01.237 [XNIO-5 I/O-10] DEBUG o.s.c.c.CharSequenceEncoder - [658967c6-5] Writing "325. foo bar"
16:33:01.237 [XNIO-5 I/O-10] DEBUG o.s.c.c.CharSequenceEncoder - [658967c6-5] Writing "326. foo bar"
16:33:01.238 [XNIO-5 I/O-10] DEBUG o.s.c.c.CharSequenceEncoder - [658967c6-5] Writing "327. foo bar"
16:33:01.238 [XNIO-5 I/O-10] DEBUG o.s.c.c.CharSequenceEncoder - [658967c6-5] Writing "328. foo bar"
16:33:01.238 [XNIO-5 I/O-10] DEBUG o.s.c.c.CharSequenceEncoder - [658967c6-5] Writing "329. foo bar"
16:33:01.238 [XNIO-5 I/O-10] DEBUG o.s.c.c.CharSequenceEncoder - [658967c6-5] Writing "330. foo bar"
16:33:01.238 [XNIO-5 I/O-10] DEBUG o.s.c.c.CharSequenceEncoder - [658967c6-5] Writing "331. foo bar"
16:33:01.238 [XNIO-5 I/O-10] DEBUG o.s.c.c.CharSequenceEncoder - [658967c6-5] Writing "332. foo bar"
16:33:01.238 [XNIO-5 I/O-10] DEBUG o.s.c.c.CharSequenceEncoder - [658967c6-5] Writing "333. foo bar"
16:33:01.238 [XNIO-5 I/O-10] DEBUG o.s.c.c.CharSequenceEncoder - [658967c6-5] Writing "334. foo bar"
16:33:01.238 [XNIO-5 I/O-10] DEBUG o.s.c.c.CharSequenceEncoder - [658967c6-5] Writing "335. foo bar"
16:33:01.238 [XNIO-5 I/O-10] DEBUG o.s.c.c.CharSequenceEncoder - [658967c6-5] Writing "336. foo bar"
16:33:01.238 [XNIO-5 I/O-10] DEBUG o.s.c.c.CharSequenceEncoder - [658967c6-5] Writing "337. foo bar"
16:33:01.239 [XNIO-5 I/O-10] DEBUG o.s.c.c.CharSequenceEncoder - [658967c6-5] Writing "338. foo bar"
16:33:01.239 [XNIO-5 I/O-10] DEBUG o.s.c.c.CharSequenceEncoder - [658967c6-5] Writing "339. foo bar"
16:33:01.239 [XNIO-5 I/O-10] DEBUG o.s.c.c.CharSequenceEncoder - [658967c6-5] Writing "340. foo bar"
16:33:01.239 [XNIO-5 I/O-10] DEBUG o.s.c.c.CharSequenceEncoder - [658967c6-5] Writing "341. foo bar"
16:33:01.239 [XNIO-5 I/O-10] DEBUG o.s.c.c.CharSequenceEncoder - [658967c6-5] Writing "342. foo bar"
16:33:01.240 [XNIO-5 I/O-10] DEBUG o.s.c.c.CharSequenceEncoder - [658967c6-5] Writing "343. foo bar"
16:33:01.240 [XNIO-5 I/O-10] DEBUG o.s.c.c.CharSequenceEncoder - [658967c6-5] Writing "344. foo bar"
16:33:01.240 [XNIO-5 I/O-10] DEBUG o.s.c.c.CharSequenceEncoder - [658967c6-5] Writing "345. foo bar"
16:33:01.240 [XNIO-5 I/O-10] DEBUG o.s.c.c.CharSequenceEncoder - [658967c6-5] Writing "346. foo bar"
16:33:01.240 [XNIO-5 I/O-10] DEBUG o.s.c.c.CharSequenceEncoder - [658967c6-5] Writing "347. foo bar"
16:33:01.240 [XNIO-5 I/O-10] DEBUG o.s.c.c.CharSequenceEncoder - [658967c6-5] Writing "348. foo bar"
16:33:01.240 [XNIO-5 I/O-10] DEBUG o.s.c.c.CharSequenceEncoder - [658967c6-5] Writing "349. foo bar"
16:33:01.240 [XNIO-5 I/O-10] DEBUG o.s.c.c.CharSequenceEncoder - [658967c6-5] Writing "350. foo bar"
16:33:01.240 [XNIO-5 I/O-10] DEBUG o.s.c.c.CharSequenceEncoder - [658967c6-5] Writing "351. foo bar"
16:33:01.240 [XNIO-5 I/O-10] DEBUG o.s.c.c.CharSequenceEncoder - [658967c6-5] Writing "352. foo bar"
16:33:01.241 [XNIO-5 I/O-10] DEBUG o.s.c.c.CharSequenceEncoder - [658967c6-5] Writing "353. foo bar"
16:33:01.241 [XNIO-5 I/O-10] DEBUG o.s.c.c.CharSequenceEncoder - [658967c6-5] Writing "354. foo bar"
16:33:01.241 [XNIO-5 I/O-10] DEBUG o.s.c.c.CharSequenceEncoder - [658967c6-5] Writing "355. foo bar"
16:33:01.241 [XNIO-5 I/O-10] DEBUG o.s.c.c.CharSequenceEncoder - [658967c6-5] Writing "356. foo bar"
16:33:01.241 [XNIO-5 I/O-10] DEBUG o.s.c.c.CharSequenceEncoder - [658967c6-5] Writing "357. foo bar"
16:33:01.241 [XNIO-5 I/O-10] DEBUG o.s.c.c.CharSequenceEncoder - [658967c6-5] Writing "358. foo bar"
16:33:01.241 [XNIO-5 I/O-10] DEBUG o.s.c.c.CharSequenceEncoder - [658967c6-5] Writing "359. foo bar"
16:33:01.241 [XNIO-5 I/O-10] DEBUG o.s.c.c.CharSequenceEncoder - [658967c6-5] Writing "360. foo bar"
16:33:01.241 [XNIO-5 I/O-10] DEBUG o.s.c.c.CharSequenceEncoder - [658967c6-5] Writing "361. foo bar"
16:33:01.241 [XNIO-5 I/O-10] DEBUG o.s.c.c.CharSequenceEncoder - [658967c6-5] Writing "362. foo bar"
16:33:01.242 [XNIO-5 I/O-10] DEBUG o.s.c.c.CharSequenceEncoder - [658967c6-5] Writing "363. foo bar"
16:33:01.242 [XNIO-5 I/O-10] DEBUG o.s.c.c.CharSequenceEncoder - [658967c6-5] Writing "364. foo bar"
16:33:01.242 [XNIO-5 I/O-10] DEBUG o.s.c.c.CharSequenceEncoder - [658967c6-5] Writing "365. foo bar"
16:33:01.242 [XNIO-5 I/O-10] DEBUG o.s.c.c.CharSequenceEncoder - [658967c6-5] Writing "366. foo bar"
16:33:01.242 [XNIO-5 I/O-10] DEBUG o.s.c.c.CharSequenceEncoder - [658967c6-5] Writing "367. foo bar"
16:33:01.242 [XNIO-5 I/O-10] DEBUG o.s.c.c.CharSequenceEncoder - [658967c6-5] Writing "368. foo bar"
16:33:01.242 [XNIO-5 I/O-10] DEBUG o.s.c.c.CharSequenceEncoder - [658967c6-5] Writing "369. foo bar"
16:33:01.242 [XNIO-5 I/O-10] DEBUG o.s.c.c.CharSequenceEncoder - [658967c6-5] Writing "370. foo bar"
16:33:01.242 [XNIO-5 I/O-10] DEBUG o.s.c.c.CharSequenceEncoder - [658967c6-5] Writing "371. foo bar"
16:33:01.242 [XNIO-5 I/O-10] DEBUG o.s.c.c.CharSequenceEncoder - [658967c6-5] Writing "372. foo bar"
16:33:01.242 [XNIO-5 I/O-10] DEBUG o.s.c.c.CharSequenceEncoder - [658967c6-5] Writing "373. foo bar"
16:33:01.243 [XNIO-5 I/O-10] DEBUG o.s.c.c.CharSequenceEncoder - [658967c6-5] Writing "374. foo bar"
16:33:01.243 [XNIO-5 I/O-10] DEBUG o.s.c.c.CharSequenceEncoder - [658967c6-5] Writing "375. foo bar"
16:33:01.243 [XNIO-5 I/O-10] DEBUG o.s.c.c.CharSequenceEncoder - [658967c6-5] Writing "376. foo bar"
16:33:01.243 [XNIO-5 I/O-10] DEBUG o.s.c.c.CharSequenceEncoder - [658967c6-5] Writing "377. foo bar"
16:33:01.243 [XNIO-5 I/O-10] DEBUG o.s.c.c.CharSequenceEncoder - [658967c6-5] Writing "378. foo bar"
16:33:01.243 [XNIO-5 I/O-10] DEBUG o.s.c.c.CharSequenceEncoder - [658967c6-5] Writing "379. foo bar"
16:33:01.243 [XNIO-5 I/O-10] DEBUG o.s.c.c.CharSequenceEncoder - [658967c6-5] Writing "380. foo bar"
16:33:01.243 [XNIO-5 I/O-10] DEBUG o.s.c.c.CharSequenceEncoder - [658967c6-5] Writing "381. foo bar"
16:33:01.243 [XNIO-5 I/O-10] DEBUG o.s.c.c.CharSequenceEncoder - [658967c6-5] Writing "382. foo bar"
16:33:01.243 [XNIO-5 I/O-10] DEBUG o.s.c.c.CharSequenceEncoder - [658967c6-5] Writing "383. foo bar"
16:33:01.244 [XNIO-5 I/O-10] DEBUG o.s.c.c.CharSequenceEncoder - [658967c6-5] Writing "384. foo bar"
16:33:01.244 [XNIO-5 I/O-10] DEBUG o.s.c.c.CharSequenceEncoder - [658967c6-5] Writing "385. foo bar"
16:33:01.244 [XNIO-5 I/O-10] DEBUG o.s.c.c.CharSequenceEncoder - [658967c6-5] Writing "386. foo bar"
16:33:01.244 [XNIO-5 I/O-10] DEBUG o.s.c.c.CharSequenceEncoder - [658967c6-5] Writing "387. foo bar"
16:33:01.244 [XNIO-5 I/O-10] DEBUG o.s.c.c.CharSequenceEncoder - [658967c6-5] Writing "388. foo bar"
16:33:01.244 [XNIO-5 I/O-10] DEBUG o.s.c.c.CharSequenceEncoder - [658967c6-5] Writing "389. foo bar"
16:33:01.244 [XNIO-5 I/O-10] DEBUG o.s.c.c.CharSequenceEncoder - [658967c6-5] Writing "390. foo bar"
16:33:01.244 [XNIO-5 I/O-10] DEBUG o.s.c.c.CharSequenceEncoder - [658967c6-5] Writing "391. foo bar"
16:33:01.244 [XNIO-5 I/O-10] DEBUG o.s.c.c.CharSequenceEncoder - [658967c6-5] Writing "392. foo bar"
16:33:01.244 [XNIO-5 I/O-10] DEBUG o.s.c.c.CharSequenceEncoder - [658967c6-5] Writing "393. foo bar"
16:33:01.244 [XNIO-5 I/O-10] DEBUG o.s.c.c.CharSequenceEncoder - [658967c6-5] Writing "394. foo bar"
16:33:01.245 [XNIO-5 I/O-10] DEBUG o.s.c.c.CharSequenceEncoder - [658967c6-5] Writing "395. foo bar"
16:33:01.245 [XNIO-5 I/O-10] DEBUG o.s.c.c.CharSequenceEncoder - [658967c6-5] Writing "396. foo bar"
16:33:01.245 [XNIO-5 I/O-10] DEBUG o.s.c.c.CharSequenceEncoder - [658967c6-5] Writing "397. foo bar"
16:33:01.245 [XNIO-5 I/O-10] DEBUG o.s.c.c.CharSequenceEncoder - [658967c6-5] Writing "398. foo bar"
16:33:01.245 [XNIO-5 I/O-10] DEBUG o.s.c.c.CharSequenceEncoder - [658967c6-5] Writing "399. foo bar"
16:33:01.245 [XNIO-5 I/O-10] DEBUG o.s.c.c.CharSequenceEncoder - [658967c6-5] Writing "400. foo bar"
16:33:01.245 [XNIO-5 I/O-10] DEBUG o.s.c.c.CharSequenceEncoder - [658967c6-5] Writing "401. foo bar"
16:33:01.245 [XNIO-5 I/O-10] DEBUG o.s.c.c.CharSequenceEncoder - [658967c6-5] Writing "402. foo bar"
16:33:01.245 [XNIO-5 I/O-10] DEBUG o.s.c.c.CharSequenceEncoder - [658967c6-5] Writing "403. foo bar"
16:33:01.245 [XNIO-5 I/O-10] DEBUG o.s.c.c.CharSequenceEncoder - [658967c6-5] Writing "404. foo bar"
16:33:01.245 [XNIO-5 I/O-10] DEBUG o.s.c.c.CharSequenceEncoder - [658967c6-5] Writing "405. foo bar"
16:33:01.245 [XNIO-5 I/O-10] DEBUG o.s.c.c.CharSequenceEncoder - [658967c6-5] Writing "406. foo bar"
16:33:01.245 [XNIO-5 I/O-10] DEBUG o.s.c.c.CharSequenceEncoder - [658967c6-5] Writing "407. foo bar"
16:33:01.245 [XNIO-5 I/O-10] DEBUG o.s.c.c.CharSequenceEncoder - [658967c6-5] Writing "408. foo bar"
16:33:01.246 [XNIO-5 I/O-10] DEBUG o.s.c.c.CharSequenceEncoder - [658967c6-5] Writing "409. foo bar"
16:33:01.246 [XNIO-5 I/O-10] DEBUG o.s.c.c.CharSequenceEncoder - [658967c6-5] Writing "410. foo bar"
16:33:01.246 [XNIO-5 I/O-10] DEBUG o.s.c.c.CharSequenceEncoder - [658967c6-5] Writing "411. foo bar"
16:33:01.246 [XNIO-5 I/O-10] DEBUG o.s.c.c.CharSequenceEncoder - [658967c6-5] Writing "412. foo bar"
16:33:01.246 [XNIO-5 I/O-10] DEBUG o.s.c.c.CharSequenceEncoder - [658967c6-5] Writing "413. foo bar"
16:33:01.246 [XNIO-5 I/O-10] DEBUG o.s.c.c.CharSequenceEncoder - [658967c6-5] Writing "414. foo bar"
16:33:01.246 [XNIO-5 I/O-10] DEBUG o.s.c.c.CharSequenceEncoder - [658967c6-5] Writing "415. foo bar"
16:33:01.246 [XNIO-5 I/O-10] DEBUG o.s.c.c.CharSequenceEncoder - [658967c6-5] Writing "416. foo bar"
16:33:01.246 [XNIO-5 I/O-10] DEBUG o.s.c.c.CharSequenceEncoder - [658967c6-5] Writing "417. foo bar"
16:33:01.246 [XNIO-5 I/O-10] DEBUG o.s.c.c.CharSequenceEncoder - [658967c6-5] Writing "418. foo bar"
16:33:01.246 [XNIO-5 I/O-10] DEBUG o.s.c.c.CharSequenceEncoder - [658967c6-5] Writing "419. foo bar"
16:33:01.246 [XNIO-5 I/O-10] DEBUG o.s.c.c.CharSequenceEncoder - [658967c6-5] Writing "420. foo bar"
16:33:01.246 [XNIO-5 I/O-10] DEBUG o.s.c.c.CharSequenceEncoder - [658967c6-5] Writing "421. foo bar"
16:33:01.246 [XNIO-5 I/O-10] DEBUG o.s.c.c.CharSequenceEncoder - [658967c6-5] Writing "422. foo bar"
16:33:01.246 [XNIO-5 I/O-10] DEBUG o.s.c.c.CharSequenceEncoder - [658967c6-5] Writing "423. foo bar"
16:33:01.247 [XNIO-5 I/O-10] DEBUG o.s.c.c.CharSequenceEncoder - [658967c6-5] Writing "424. foo bar"
16:33:01.247 [XNIO-5 I/O-10] DEBUG o.s.c.c.CharSequenceEncoder - [658967c6-5] Writing "425. foo bar"
16:33:01.247 [XNIO-5 I/O-10] DEBUG o.s.c.c.CharSequenceEncoder - [658967c6-5] Writing "426. foo bar"
16:33:01.247 [XNIO-5 I/O-10] DEBUG o.s.c.c.CharSequenceEncoder - [658967c6-5] Writing "427. foo bar"
16:33:01.247 [XNIO-5 I/O-10] DEBUG o.s.c.c.CharSequenceEncoder - [658967c6-5] Writing "428. foo bar"
16:33:01.247 [XNIO-5 I/O-10] DEBUG o.s.c.c.CharSequenceEncoder - [658967c6-5] Writing "429. foo bar"
16:33:01.247 [XNIO-5 I/O-10] DEBUG o.s.c.c.CharSequenceEncoder - [658967c6-5] Writing "430. foo bar"
16:33:01.247 [XNIO-5 I/O-10] DEBUG o.s.c.c.CharSequenceEncoder - [658967c6-5] Writing "431. foo bar"
16:33:01.247 [XNIO-5 I/O-10] DEBUG o.s.c.c.CharSequenceEncoder - [658967c6-5] Writing "432. foo bar"
16:33:01.247 [XNIO-5 I/O-10] DEBUG o.s.c.c.CharSequenceEncoder - [658967c6-5] Writing "433. foo bar"
16:33:01.247 [XNIO-5 I/O-10] DEBUG o.s.c.c.CharSequenceEncoder - [658967c6-5] Writing "434. foo bar"
16:33:01.247 [XNIO-5 I/O-10] DEBUG o.s.c.c.CharSequenceEncoder - [658967c6-5] Writing "435. foo bar"
16:33:01.247 [XNIO-5 I/O-10] DEBUG o.s.c.c.CharSequenceEncoder - [658967c6-5] Writing "436. foo bar"
16:33:01.248 [XNIO-5 I/O-10] DEBUG o.s.c.c.CharSequenceEncoder - [658967c6-5] Writing "437. foo bar"
16:33:01.248 [XNIO-5 I/O-10] DEBUG o.s.c.c.CharSequenceEncoder - [658967c6-5] Writing "438. foo bar"
16:33:01.248 [XNIO-5 I/O-10] DEBUG o.s.c.c.CharSequenceEncoder - [658967c6-5] Writing "439. foo bar"
16:33:01.248 [XNIO-5 I/O-10] DEBUG o.s.c.c.CharSequenceEncoder - [658967c6-5] Writing "440. foo bar"
16:33:01.248 [XNIO-5 I/O-10] DEBUG o.s.c.c.CharSequenceEncoder - [658967c6-5] Writing "441. foo bar"
16:33:01.248 [XNIO-5 I/O-10] DEBUG o.s.c.c.CharSequenceEncoder - [658967c6-5] Writing "442. foo bar"
16:33:01.248 [XNIO-5 I/O-10] DEBUG o.s.c.c.CharSequenceEncoder - [658967c6-5] Writing "443. foo bar"
16:33:01.248 [XNIO-5 I/O-10] DEBUG o.s.c.c.CharSequenceEncoder - [658967c6-5] Writing "444. foo bar"
16:33:01.248 [XNIO-5 I/O-10] DEBUG o.s.c.c.CharSequenceEncoder - [658967c6-5] Writing "445. foo bar"
16:33:01.248 [XNIO-5 I/O-10] DEBUG o.s.c.c.CharSequenceEncoder - [658967c6-5] Writing "446. foo bar"
16:33:01.248 [XNIO-5 I/O-10] DEBUG o.s.c.c.CharSequenceEncoder - [658967c6-5] Writing "447. foo bar"
16:33:01.248 [XNIO-5 I/O-10] DEBUG o.s.c.c.CharSequenceEncoder - [658967c6-5] Writing "448. foo bar"
16:33:01.248 [XNIO-5 I/O-10] DEBUG o.s.c.c.CharSequenceEncoder - [658967c6-5] Writing "449. foo bar"
16:33:01.248 [XNIO-5 I/O-10] DEBUG o.s.c.c.CharSequenceEncoder - [658967c6-5] Writing "450. foo bar"
16:33:01.249 [XNIO-5 I/O-10] DEBUG o.s.c.c.CharSequenceEncoder - [658967c6-5] Writing "451. foo bar"
16:33:01.249 [XNIO-5 I/O-10] DEBUG o.s.c.c.CharSequenceEncoder - [658967c6-5] Writing "452. foo bar"
16:33:01.249 [XNIO-5 I/O-10] DEBUG o.s.c.c.CharSequenceEncoder - [658967c6-5] Writing "453. foo bar"
16:33:01.249 [XNIO-5 I/O-10] DEBUG o.s.c.c.CharSequenceEncoder - [658967c6-5] Writing "454. foo bar"
16:33:01.249 [XNIO-5 I/O-10] DEBUG o.s.c.c.CharSequenceEncoder - [658967c6-5] Writing "455. foo bar"
16:33:01.249 [XNIO-5 I/O-10] DEBUG o.s.c.c.CharSequenceEncoder - [658967c6-5] Writing "456. foo bar"
16:33:01.249 [XNIO-5 I/O-10] DEBUG o.s.c.c.CharSequenceEncoder - [658967c6-5] Writing "457. foo bar"
16:33:01.249 [XNIO-5 I/O-10] DEBUG o.s.c.c.CharSequenceEncoder - [658967c6-5] Writing "458. foo bar"
16:33:01.249 [XNIO-5 I/O-10] DEBUG o.s.c.c.CharSequenceEncoder - [658967c6-5] Writing "459. foo bar"
16:33:01.249 [XNIO-5 I/O-10] DEBUG o.s.c.c.CharSequenceEncoder - [658967c6-5] Writing "460. foo bar"
16:33:01.249 [XNIO-5 I/O-10] DEBUG o.s.c.c.CharSequenceEncoder - [658967c6-5] Writing "461. foo bar"
16:33:01.249 [XNIO-5 I/O-10] DEBUG o.s.c.c.CharSequenceEncoder - [658967c6-5] Writing "462. foo bar"
16:33:01.250 [XNIO-5 I/O-10] DEBUG o.s.c.c.CharSequenceEncoder - [658967c6-5] Writing "463. foo bar"
16:33:01.250 [XNIO-5 I/O-10] DEBUG o.s.c.c.CharSequenceEncoder - [658967c6-5] Writing "464. foo bar"
16:33:01.250 [XNIO-5 I/O-10] DEBUG o.s.c.c.CharSequenceEncoder - [658967c6-5] Writing "465. foo bar"
16:33:01.250 [XNIO-5 I/O-10] DEBUG o.s.c.c.CharSequenceEncoder - [658967c6-5] Writing "466. foo bar"
16:33:01.250 [XNIO-5 I/O-10] DEBUG o.s.c.c.CharSequenceEncoder - [658967c6-5] Writing "467. foo bar"
16:33:01.250 [XNIO-5 I/O-10] DEBUG o.s.c.c.CharSequenceEncoder - [658967c6-5] Writing "468. foo bar"
16:33:01.250 [XNIO-5 I/O-10] DEBUG o.s.c.c.CharSequenceEncoder - [658967c6-5] Writing "469. foo bar"
16:33:01.250 [XNIO-5 I/O-10] DEBUG o.s.c.c.CharSequenceEncoder - [658967c6-5] Writing "470. foo bar"
16:33:01.250 [XNIO-5 I/O-10] DEBUG o.s.c.c.CharSequenceEncoder - [658967c6-5] Writing "471. foo bar"
16:33:01.250 [XNIO-5 I/O-10] DEBUG o.s.c.c.CharSequenceEncoder - [658967c6-5] Writing "472. foo bar"
16:33:01.250 [XNIO-5 I/O-10] DEBUG o.s.c.c.CharSequenceEncoder - [658967c6-5] Writing "473. foo bar"
16:33:01.250 [XNIO-5 I/O-10] DEBUG o.s.c.c.CharSequenceEncoder - [658967c6-5] Writing "474. foo bar"
16:33:01.250 [XNIO-5 I/O-10] DEBUG o.s.c.c.CharSequenceEncoder - [658967c6-5] Writing "475. foo bar"
16:33:01.250 [XNIO-5 I/O-10] DEBUG o.s.c.c.CharSequenceEncoder - [658967c6-5] Writing "476. foo bar"
16:33:01.251 [XNIO-5 I/O-10] DEBUG o.s.c.c.CharSequenceEncoder - [658967c6-5] Writing "477. foo bar"
16:33:01.251 [XNIO-5 I/O-10] DEBUG o.s.c.c.CharSequenceEncoder - [658967c6-5] Writing "478. foo bar"
16:33:01.251 [XNIO-5 I/O-10] DEBUG o.s.c.c.CharSequenceEncoder - [658967c6-5] Writing "479. foo bar"
16:33:01.251 [XNIO-5 I/O-10] DEBUG o.s.c.c.CharSequenceEncoder - [658967c6-5] Writing "480. foo bar"
16:33:01.251 [XNIO-5 I/O-10] DEBUG o.s.c.c.CharSequenceEncoder - [658967c6-5] Writing "481. foo bar"
16:33:01.251 [XNIO-5 I/O-10] DEBUG o.s.c.c.CharSequenceEncoder - [658967c6-5] Writing "482. foo bar"
16:33:01.251 [XNIO-5 I/O-10] DEBUG o.s.c.c.CharSequenceEncoder - [658967c6-5] Writing "483. foo bar"
16:33:01.251 [XNIO-5 I/O-10] DEBUG o.s.c.c.CharSequenceEncoder - [658967c6-5] Writing "484. foo bar"
16:33:01.251 [XNIO-5 I/O-10] DEBUG o.s.c.c.CharSequenceEncoder - [658967c6-5] Writing "485. foo bar"
16:33:01.251 [XNIO-5 I/O-10] DEBUG o.s.c.c.CharSequenceEncoder - [658967c6-5] Writing "486. foo bar"
16:33:01.251 [XNIO-5 I/O-10] DEBUG o.s.c.c.CharSequenceEncoder - [658967c6-5] Writing "487. foo bar"
16:33:01.251 [XNIO-5 I/O-10] DEBUG o.s.c.c.CharSequenceEncoder - [658967c6-5] Writing "488. foo bar"
16:33:01.251 [XNIO-5 I/O-10] DEBUG o.s.c.c.CharSequenceEncoder - [658967c6-5] Writing "489. foo bar"
16:33:01.251 [XNIO-5 I/O-10] DEBUG o.s.c.c.CharSequenceEncoder - [658967c6-5] Writing "490. foo bar"
16:33:01.251 [XNIO-5 I/O-10] DEBUG o.s.c.c.CharSequenceEncoder - [658967c6-5] Writing "491. foo bar"
16:33:01.252 [XNIO-5 I/O-10] DEBUG o.s.c.c.CharSequenceEncoder - [658967c6-5] Writing "492. foo bar"
16:33:01.252 [XNIO-5 I/O-10] DEBUG o.s.c.c.CharSequenceEncoder - [658967c6-5] Writing "493. foo bar"
16:33:01.252 [XNIO-5 I/O-10] DEBUG o.s.c.c.CharSequenceEncoder - [658967c6-5] Writing "494. foo bar"
16:33:01.252 [XNIO-5 I/O-10] DEBUG o.s.c.c.CharSequenceEncoder - [658967c6-5] Writing "495. foo bar"
16:33:01.252 [XNIO-5 I/O-10] DEBUG o.s.c.c.CharSequenceEncoder - [658967c6-5] Writing "496. foo bar"
16:33:01.252 [XNIO-5 I/O-10] DEBUG o.s.c.c.CharSequenceEncoder - [658967c6-5] Writing "497. foo bar"
16:33:01.252 [XNIO-5 I/O-10] DEBUG o.s.c.c.CharSequenceEncoder - [658967c6-5] Writing "498. foo bar"
16:33:01.252 [XNIO-5 I/O-10] DEBUG o.s.c.c.CharSequenceEncoder - [658967c6-5] Writing "499. foo bar"
16:33:01.252 [XNIO-5 I/O-10] DEBUG o.s.c.c.CharSequenceEncoder - [658967c6-5] Writing "500. foo bar"
16:33:01.252 [XNIO-5 I/O-10] DEBUG o.s.c.c.CharSequenceEncoder - [658967c6-5] Writing "501. foo bar"
16:33:01.252 [XNIO-5 I/O-10] DEBUG o.s.c.c.CharSequenceEncoder - [658967c6-5] Writing "502. foo bar"
16:33:01.252 [XNIO-5 I/O-10] DEBUG o.s.c.c.CharSequenceEncoder - [658967c6-5] Writing "503. foo bar"
16:33:01.252 [XNIO-5 I/O-10] DEBUG o.s.c.c.CharSequenceEncoder - [658967c6-5] Writing "504. foo bar"
16:33:01.252 [XNIO-5 I/O-10] DEBUG o.s.c.c.CharSequenceEncoder - [658967c6-5] Writing "505. foo bar"
16:33:01.253 [XNIO-5 I/O-10] DEBUG o.s.c.c.CharSequenceEncoder - [658967c6-5] Writing "506. foo bar"
16:33:01.253 [XNIO-5 I/O-10] DEBUG o.s.c.c.CharSequenceEncoder - [658967c6-5] Writing "507. foo bar"
16:33:01.253 [XNIO-5 I/O-10] DEBUG o.s.c.c.CharSequenceEncoder - [658967c6-5] Writing "508. foo bar"
16:33:01.253 [XNIO-5 I/O-10] DEBUG o.s.c.c.CharSequenceEncoder - [658967c6-5] Writing "509. foo bar"
16:33:01.253 [XNIO-5 I/O-10] DEBUG o.s.c.c.CharSequenceEncoder - [658967c6-5] Writing "510. foo bar"
16:33:01.253 [XNIO-5 I/O-10] DEBUG o.s.c.c.CharSequenceEncoder - [658967c6-5] Writing "511. foo bar"
16:33:01.253 [XNIO-5 I/O-10] DEBUG o.s.c.c.CharSequenceEncoder - [658967c6-5] Writing "512. foo bar"
16:33:01.253 [XNIO-5 I/O-10] DEBUG o.s.c.c.CharSequenceEncoder - [658967c6-5] Writing "513. foo bar"
16:33:01.253 [XNIO-5 I/O-10] DEBUG o.s.c.c.CharSequenceEncoder - [658967c6-5] Writing "514. foo bar"
16:33:01.253 [XNIO-5 I/O-10] DEBUG o.s.c.c.CharSequenceEncoder - [658967c6-5] Writing "515. foo bar"
16:33:01.253 [XNIO-5 I/O-10] DEBUG o.s.c.c.CharSequenceEncoder - [658967c6-5] Writing "516. foo bar"
16:33:01.253 [XNIO-5 I/O-10] DEBUG o.s.c.c.CharSequenceEncoder - [658967c6-5] Writing "517. foo bar"
16:33:01.253 [XNIO-5 I/O-10] DEBUG o.s.c.c.CharSequenceEncoder - [658967c6-5] Writing "518. foo bar"
16:33:01.253 [XNIO-5 I/O-10] DEBUG o.s.c.c.CharSequenceEncoder - [658967c6-5] Writing "519. foo bar"
16:33:01.253 [XNIO-5 I/O-10] DEBUG o.s.c.c.CharSequenceEncoder - [658967c6-5] Writing "520. foo bar"
16:33:01.254 [XNIO-5 I/O-10] DEBUG o.s.c.c.CharSequenceEncoder - [658967c6-5] Writing "521. foo bar"
16:33:01.254 [XNIO-5 I/O-10] DEBUG o.s.c.c.CharSequenceEncoder - [658967c6-5] Writing "522. foo bar"
16:33:01.254 [XNIO-5 I/O-10] DEBUG o.s.c.c.CharSequenceEncoder - [658967c6-5] Writing "523. foo bar"
16:33:01.254 [XNIO-5 I/O-10] DEBUG o.s.c.c.CharSequenceEncoder - [658967c6-5] Writing "524. foo bar"
16:33:01.254 [XNIO-5 I/O-10] DEBUG o.s.c.c.CharSequenceEncoder - [658967c6-5] Writing "525. foo bar"
16:33:01.254 [XNIO-5 I/O-10] DEBUG o.s.c.c.CharSequenceEncoder - [658967c6-5] Writing "526. foo bar"
16:33:01.254 [XNIO-5 I/O-10] DEBUG o.s.c.c.CharSequenceEncoder - [658967c6-5] Writing "527. foo bar"
16:33:01.254 [XNIO-5 I/O-10] DEBUG o.s.c.c.CharSequenceEncoder - [658967c6-5] Writing "528. foo bar"
16:33:01.254 [XNIO-5 I/O-10] DEBUG o.s.c.c.CharSequenceEncoder - [658967c6-5] Writing "529. foo bar"
16:33:01.254 [XNIO-5 I/O-10] DEBUG o.s.c.c.CharSequenceEncoder - [658967c6-5] Writing "530. foo bar"
16:33:01.254 [XNIO-5 I/O-10] DEBUG o.s.c.c.CharSequenceEncoder - [658967c6-5] Writing "531. foo bar"
16:33:01.254 [XNIO-5 I/O-10] DEBUG o.s.c.c.CharSequenceEncoder - [658967c6-5] Writing "532. foo bar"
16:33:01.254 [XNIO-5 I/O-10] DEBUG o.s.c.c.CharSequenceEncoder - [658967c6-5] Writing "533. foo bar"
16:33:01.254 [XNIO-5 I/O-10] DEBUG o.s.c.c.CharSequenceEncoder - [658967c6-5] Writing "534. foo bar"
16:33:01.254 [XNIO-5 I/O-10] DEBUG o.s.c.c.CharSequenceEncoder - [658967c6-5] Writing "535. foo bar"
16:33:01.255 [XNIO-5 I/O-10] DEBUG o.s.c.c.CharSequenceEncoder - [658967c6-5] Writing "536. foo bar"
16:33:01.255 [XNIO-5 I/O-10] DEBUG o.s.c.c.CharSequenceEncoder - [658967c6-5] Writing "537. foo bar"
16:33:01.255 [XNIO-5 I/O-10] DEBUG o.s.c.c.CharSequenceEncoder - [658967c6-5] Writing "538. foo bar"
16:33:01.255 [XNIO-5 I/O-10] DEBUG o.s.c.c.CharSequenceEncoder - [658967c6-5] Writing "539. foo bar"
16:33:01.255 [XNIO-5 I/O-10] DEBUG o.s.c.c.CharSequenceEncoder - [658967c6-5] Writing "540. foo bar"
16:33:01.255 [XNIO-5 I/O-10] DEBUG o.s.c.c.CharSequenceEncoder - [658967c6-5] Writing "541. foo bar"
16:33:01.255 [XNIO-5 I/O-10] DEBUG o.s.c.c.CharSequenceEncoder - [658967c6-5] Writing "542. foo bar"
16:33:01.255 [XNIO-5 I/O-10] DEBUG o.s.c.c.CharSequenceEncoder - [658967c6-5] Writing "543. foo bar"
16:33:01.255 [XNIO-5 I/O-10] DEBUG o.s.c.c.CharSequenceEncoder - [658967c6-5] Writing "544. foo bar"
16:33:01.255 [XNIO-5 I/O-10] DEBUG o.s.c.c.CharSequenceEncoder - [658967c6-5] Writing "545. foo bar"
16:33:01.255 [XNIO-5 I/O-10] DEBUG o.s.c.c.CharSequenceEncoder - [658967c6-5] Writing "546. foo bar"
16:33:01.255 [XNIO-5 I/O-10] DEBUG o.s.c.c.CharSequenceEncoder - [658967c6-5] Writing "547. foo bar"
16:33:01.255 [XNIO-5 I/O-10] DEBUG o.s.c.c.CharSequenceEncoder - [658967c6-5] Writing "548. foo bar"
16:33:01.255 [XNIO-5 I/O-10] DEBUG o.s.c.c.CharSequenceEncoder - [658967c6-5] Writing "549. foo bar"
16:33:01.256 [XNIO-5 I/O-10] DEBUG o.s.c.c.CharSequenceEncoder - [658967c6-5] Writing "550. foo bar"
16:33:01.256 [XNIO-5 I/O-10] DEBUG o.s.c.c.CharSequenceEncoder - [658967c6-5] Writing "551. foo bar"
16:33:01.256 [XNIO-5 I/O-10] DEBUG o.s.c.c.CharSequenceEncoder - [658967c6-5] Writing "552. foo bar"
16:33:01.256 [XNIO-5 I/O-10] DEBUG o.s.c.c.CharSequenceEncoder - [658967c6-5] Writing "553. foo bar"
16:33:01.256 [XNIO-5 I/O-10] DEBUG o.s.c.c.CharSequenceEncoder - [658967c6-5] Writing "554. foo bar"
16:33:01.256 [XNIO-5 I/O-10] DEBUG o.s.c.c.CharSequenceEncoder - [658967c6-5] Writing "555. foo bar"
16:33:01.256 [XNIO-5 I/O-10] DEBUG o.s.c.c.CharSequenceEncoder - [658967c6-5] Writing "556. foo bar"
16:33:01.256 [XNIO-5 I/O-10] DEBUG o.s.c.c.CharSequenceEncoder - [658967c6-5] Writing "557. foo bar"
16:33:01.256 [XNIO-5 I/O-10] DEBUG o.s.c.c.CharSequenceEncoder - [658967c6-5] Writing "558. foo bar"
16:33:01.256 [XNIO-5 I/O-10] DEBUG o.s.c.c.CharSequenceEncoder - [658967c6-5] Writing "559. foo bar"
16:33:01.256 [XNIO-5 I/O-10] DEBUG o.s.c.c.CharSequenceEncoder - [658967c6-5] Writing "560. foo bar"
16:33:01.256 [XNIO-5 I/O-10] DEBUG o.s.c.c.CharSequenceEncoder - [658967c6-5] Writing "561. foo bar"
16:33:01.256 [XNIO-5 I/O-10] DEBUG o.s.c.c.CharSequenceEncoder - [658967c6-5] Writing "562. foo bar"
16:33:01.256 [XNIO-5 I/O-10] DEBUG o.s.c.c.CharSequenceEncoder - [658967c6-5] Writing "563. foo bar"
16:33:01.257 [XNIO-5 I/O-10] DEBUG o.s.c.c.CharSequenceEncoder - [658967c6-5] Writing "564. foo bar"
16:33:01.257 [XNIO-5 I/O-10] DEBUG o.s.c.c.CharSequenceEncoder - [658967c6-5] Writing "565. foo bar"
16:33:01.257 [XNIO-5 I/O-10] DEBUG o.s.c.c.CharSequenceEncoder - [658967c6-5] Writing "566. foo bar"
16:33:01.257 [XNIO-5 I/O-10] DEBUG o.s.c.c.CharSequenceEncoder - [658967c6-5] Writing "567. foo bar"
16:33:01.257 [XNIO-5 I/O-10] DEBUG o.s.c.c.CharSequenceEncoder - [658967c6-5] Writing "568. foo bar"
16:33:01.257 [XNIO-5 I/O-10] DEBUG o.s.c.c.CharSequenceEncoder - [658967c6-5] Writing "569. foo bar"
16:33:01.257 [XNIO-5 I/O-10] DEBUG o.s.c.c.CharSequenceEncoder - [658967c6-5] Writing "570. foo bar"
16:33:01.257 [XNIO-5 I/O-10] DEBUG o.s.c.c.CharSequenceEncoder - [658967c6-5] Writing "571. foo bar"
16:33:01.257 [XNIO-5 I/O-10] DEBUG o.s.c.c.CharSequenceEncoder - [658967c6-5] Writing "572. foo bar"
16:33:01.257 [XNIO-5 I/O-10] DEBUG o.s.c.c.CharSequenceEncoder - [658967c6-5] Writing "573. foo bar"
16:33:01.257 [XNIO-5 I/O-10] DEBUG o.s.c.c.CharSequenceEncoder - [658967c6-5] Writing "574. foo bar"
16:33:01.257 [XNIO-5 I/O-10] DEBUG o.s.c.c.CharSequenceEncoder - [658967c6-5] Writing "575. foo bar"
16:33:01.257 [XNIO-5 I/O-10] DEBUG o.s.c.c.CharSequenceEncoder - [658967c6-5] Writing "576. foo bar"
16:33:01.257 [XNIO-5 I/O-10] DEBUG o.s.c.c.CharSequenceEncoder - [658967c6-5] Writing "577. foo bar"
16:33:01.257 [XNIO-5 I/O-10] DEBUG o.s.c.c.CharSequenceEncoder - [658967c6-5] Writing "578. foo bar"
16:33:01.258 [XNIO-5 I/O-10] DEBUG o.s.c.c.CharSequenceEncoder - [658967c6-5] Writing "579. foo bar"
16:33:01.258 [XNIO-5 I/O-10] DEBUG o.s.c.c.CharSequenceEncoder - [658967c6-5] Writing "580. foo bar"
16:33:01.258 [XNIO-5 I/O-10] DEBUG o.s.c.c.CharSequenceEncoder - [658967c6-5] Writing "581. foo bar"
16:33:01.258 [XNIO-5 I/O-10] DEBUG o.s.c.c.CharSequenceEncoder - [658967c6-5] Writing "582. foo bar"
16:33:01.258 [XNIO-5 I/O-10] DEBUG o.s.c.c.CharSequenceEncoder - [658967c6-5] Writing "583. foo bar"
16:33:01.258 [XNIO-5 I/O-10] DEBUG o.s.c.c.CharSequenceEncoder - [658967c6-5] Writing "584. foo bar"
16:33:01.258 [XNIO-5 I/O-10] DEBUG o.s.c.c.CharSequenceEncoder - [658967c6-5] Writing "585. foo bar"
16:33:01.258 [XNIO-5 I/O-10] DEBUG o.s.c.c.CharSequenceEncoder - [658967c6-5] Writing "586. foo bar"
16:33:01.258 [XNIO-5 I/O-10] DEBUG o.s.c.c.CharSequenceEncoder - [658967c6-5] Writing "587. foo bar"
16:33:01.258 [XNIO-5 I/O-10] DEBUG o.s.c.c.CharSequenceEncoder - [658967c6-5] Writing "588. foo bar"
16:33:01.258 [XNIO-5 I/O-10] DEBUG o.s.c.c.CharSequenceEncoder - [658967c6-5] Writing "589. foo bar"
16:33:01.258 [XNIO-5 I/O-10] DEBUG o.s.c.c.CharSequenceEncoder - [658967c6-5] Writing "590. foo bar"
16:33:01.258 [XNIO-5 I/O-10] DEBUG o.s.c.c.CharSequenceEncoder - [658967c6-5] Writing "591. foo bar"
16:33:01.258 [XNIO-5 I/O-10] DEBUG o.s.c.c.CharSequenceEncoder - [658967c6-5] Writing "592. foo bar"
16:33:01.258 [XNIO-5 I/O-10] DEBUG o.s.c.c.CharSequenceEncoder - [658967c6-5] Writing "593. foo bar"
16:33:01.259 [XNIO-5 I/O-10] DEBUG o.s.c.c.CharSequenceEncoder - [658967c6-5] Writing "594. foo bar"
16:33:01.259 [XNIO-5 I/O-10] DEBUG o.s.c.c.CharSequenceEncoder - [658967c6-5] Writing "595. foo bar"
16:33:01.259 [XNIO-5 I/O-10] DEBUG o.s.c.c.CharSequenceEncoder - [658967c6-5] Writing "596. foo bar"
16:33:01.259 [XNIO-5 I/O-10] DEBUG o.s.c.c.CharSequenceEncoder - [658967c6-5] Writing "597. foo bar"
16:33:01.259 [XNIO-5 I/O-10] DEBUG o.s.c.c.CharSequenceEncoder - [658967c6-5] Writing "598. foo bar"
16:33:01.259 [XNIO-5 I/O-10] DEBUG o.s.c.c.CharSequenceEncoder - [658967c6-5] Writing "599. foo bar"
16:33:01.259 [XNIO-5 I/O-10] DEBUG o.s.c.c.CharSequenceEncoder - [658967c6-5] Writing "600. foo bar"
16:33:01.259 [XNIO-5 I/O-10] DEBUG o.s.c.c.CharSequenceEncoder - [658967c6-5] Writing "601. foo bar"
16:33:01.259 [XNIO-5 I/O-10] DEBUG o.s.c.c.CharSequenceEncoder - [658967c6-5] Writing "602. foo bar"
16:33:01.259 [XNIO-5 I/O-10] DEBUG o.s.c.c.CharSequenceEncoder - [658967c6-5] Writing "603. foo bar"
16:33:01.259 [XNIO-5 I/O-10] DEBUG o.s.c.c.CharSequenceEncoder - [658967c6-5] Writing "604. foo bar"
16:33:01.259 [XNIO-5 I/O-10] DEBUG o.s.c.c.CharSequenceEncoder - [658967c6-5] Writing "605. foo bar"
16:33:01.259 [XNIO-5 I/O-10] DEBUG o.s.c.c.CharSequenceEncoder - [658967c6-5] Writing "606. foo bar"
16:33:01.260 [XNIO-5 I/O-10] DEBUG o.s.c.c.CharSequenceEncoder - [658967c6-5] Writing "607. foo bar"
16:33:01.260 [XNIO-5 I/O-10] DEBUG o.s.c.c.CharSequenceEncoder - [658967c6-5] Writing "608. foo bar"
16:33:01.260 [XNIO-5 I/O-10] DEBUG o.s.c.c.CharSequenceEncoder - [658967c6-5] Writing "609. foo bar"
16:33:01.260 [XNIO-5 I/O-10] DEBUG o.s.c.c.CharSequenceEncoder - [658967c6-5] Writing "610. foo bar"
16:33:01.260 [XNIO-5 I/O-10] DEBUG o.s.c.c.CharSequenceEncoder - [658967c6-5] Writing "611. foo bar"
16:33:01.260 [XNIO-5 I/O-10] DEBUG o.s.c.c.CharSequenceEncoder - [658967c6-5] Writing "612. foo bar"
16:33:01.260 [XNIO-5 I/O-10] DEBUG o.s.c.c.CharSequenceEncoder - [658967c6-5] Writing "613. foo bar"
16:33:01.260 [XNIO-5 I/O-10] DEBUG o.s.c.c.CharSequenceEncoder - [658967c6-5] Writing "614. foo bar"
16:33:01.260 [XNIO-5 I/O-10] DEBUG o.s.c.c.CharSequenceEncoder - [658967c6-5] Writing "615. foo bar"
16:33:01.260 [XNIO-5 I/O-10] DEBUG o.s.c.c.CharSequenceEncoder - [658967c6-5] Writing "616. foo bar"
16:33:01.260 [XNIO-5 I/O-10] DEBUG o.s.c.c.CharSequenceEncoder - [658967c6-5] Writing "617. foo bar"
16:33:01.260 [XNIO-5 I/O-10] DEBUG o.s.c.c.CharSequenceEncoder - [658967c6-5] Writing "618. foo bar"
16:33:01.260 [XNIO-5 I/O-10] DEBUG o.s.c.c.CharSequenceEncoder - [658967c6-5] Writing "619. foo bar"
16:33:01.260 [XNIO-5 I/O-10] DEBUG o.s.c.c.CharSequenceEncoder - [658967c6-5] Writing "620. foo bar"
16:33:01.260 [XNIO-5 I/O-10] DEBUG o.s.c.c.CharSequenceEncoder - [658967c6-5] Writing "621. foo bar"
16:33:01.260 [XNIO-5 I/O-10] DEBUG o.s.c.c.CharSequenceEncoder - [658967c6-5] Writing "622. foo bar"
16:33:01.260 [XNIO-5 I/O-10] DEBUG o.s.c.c.CharSequenceEncoder - [658967c6-5] Writing "623. foo bar"
16:33:01.260 [XNIO-5 I/O-10] DEBUG o.s.c.c.CharSequenceEncoder - [658967c6-5] Writing "624. foo bar"
16:33:01.261 [XNIO-5 I/O-10] DEBUG o.s.c.c.CharSequenceEncoder - [658967c6-5] Writing "625. foo bar"
16:33:01.261 [XNIO-5 I/O-10] DEBUG o.s.c.c.CharSequenceEncoder - [658967c6-5] Writing "626. foo bar"
16:33:01.261 [XNIO-5 I/O-10] DEBUG o.s.c.c.CharSequenceEncoder - [658967c6-5] Writing "627. foo bar"
16:33:01.261 [XNIO-5 I/O-10] DEBUG o.s.c.c.CharSequenceEncoder - [658967c6-5] Writing "628. foo bar"
16:33:01.261 [XNIO-5 I/O-10] DEBUG o.s.c.c.CharSequenceEncoder - [658967c6-5] Writing "629. foo bar"
16:33:01.261 [XNIO-5 I/O-10] DEBUG o.s.c.c.CharSequenceEncoder - [658967c6-5] Writing "630. foo bar"
16:33:01.261 [XNIO-5 I/O-10] DEBUG o.s.c.c.CharSequenceEncoder - [658967c6-5] Writing "631. foo bar"
16:33:01.261 [XNIO-5 I/O-10] DEBUG o.s.c.c.CharSequenceEncoder - [658967c6-5] Writing "632. foo bar"
16:33:01.261 [XNIO-5 I/O-10] DEBUG o.s.c.c.CharSequenceEncoder - [658967c6-5] Writing "633. foo bar"
16:33:01.261 [XNIO-5 I/O-10] DEBUG o.s.c.c.CharSequenceEncoder - [658967c6-5] Writing "634. foo bar"
16:33:01.261 [XNIO-5 I/O-10] DEBUG o.s.c.c.CharSequenceEncoder - [658967c6-5] Writing "635. foo bar"
16:33:01.261 [XNIO-5 I/O-10] DEBUG o.s.c.c.CharSequenceEncoder - [658967c6-5] Writing "636. foo bar"
16:33:01.261 [XNIO-5 I/O-10] DEBUG o.s.c.c.CharSequenceEncoder - [658967c6-5] Writing "637. foo bar"
16:33:01.261 [XNIO-5 I/O-10] DEBUG o.s.c.c.CharSequenceEncoder - [658967c6-5] Writing "638. foo bar"
16:33:01.261 [XNIO-5 I/O-10] DEBUG o.s.c.c.CharSequenceEncoder - [658967c6-5] Writing "639. foo bar"
16:33:01.261 [XNIO-5 I/O-10] DEBUG o.s.c.c.CharSequenceEncoder - [658967c6-5] Writing "640. foo bar"
16:33:01.262 [XNIO-5 I/O-10] DEBUG o.s.c.c.CharSequenceEncoder - [658967c6-5] Writing "641. foo bar"
16:33:01.262 [XNIO-5 I/O-10] DEBUG o.s.c.c.CharSequenceEncoder - [658967c6-5] Writing "642. foo bar"
16:33:01.262 [XNIO-5 I/O-10] DEBUG o.s.c.c.CharSequenceEncoder - [658967c6-5] Writing "643. foo bar"
16:33:01.262 [XNIO-5 I/O-10] DEBUG o.s.c.c.CharSequenceEncoder - [658967c6-5] Writing "644. foo bar"
16:33:01.262 [XNIO-5 I/O-10] DEBUG o.s.c.c.CharSequenceEncoder - [658967c6-5] Writing "645. foo bar"
16:33:01.262 [XNIO-5 I/O-10] DEBUG o.s.c.c.CharSequenceEncoder - [658967c6-5] Writing "646. foo bar"
16:33:01.262 [XNIO-5 I/O-10] DEBUG o.s.c.c.CharSequenceEncoder - [658967c6-5] Writing "647. foo bar"
16:33:01.262 [XNIO-5 I/O-10] DEBUG o.s.c.c.CharSequenceEncoder - [658967c6-5] Writing "648. foo bar"
16:33:01.262 [XNIO-5 I/O-10] DEBUG o.s.c.c.CharSequenceEncoder - [658967c6-5] Writing "649. foo bar"
16:33:01.262 [XNIO-5 I/O-10] DEBUG o.s.c.c.CharSequenceEncoder - [658967c6-5] Writing "650. foo bar"
16:33:01.262 [XNIO-5 I/O-10] DEBUG o.s.c.c.CharSequenceEncoder - [658967c6-5] Writing "651. foo bar"
16:33:01.262 [XNIO-5 I/O-10] DEBUG o.s.c.c.CharSequenceEncoder - [658967c6-5] Writing "652. foo bar"
16:33:01.262 [XNIO-5 I/O-10] DEBUG o.s.c.c.CharSequenceEncoder - [658967c6-5] Writing "653. foo bar"
16:33:01.262 [XNIO-5 I/O-10] DEBUG o.s.c.c.CharSequenceEncoder - [658967c6-5] Writing "654. foo bar"
16:33:01.262 [XNIO-5 I/O-10] DEBUG o.s.c.c.CharSequenceEncoder - [658967c6-5] Writing "655. foo bar"
16:33:01.262 [XNIO-5 I/O-10] DEBUG o.s.c.c.CharSequenceEncoder - [658967c6-5] Writing "656. foo bar"
16:33:01.263 [XNIO-5 I/O-10] DEBUG o.s.c.c.CharSequenceEncoder - [658967c6-5] Writing "657. foo bar"
16:33:01.263 [XNIO-5 I/O-10] DEBUG o.s.c.c.CharSequenceEncoder - [658967c6-5] Writing "658. foo bar"
16:33:01.263 [XNIO-5 I/O-10] DEBUG o.s.c.c.CharSequenceEncoder - [658967c6-5] Writing "659. foo bar"
16:33:01.263 [XNIO-5 I/O-10] DEBUG o.s.c.c.CharSequenceEncoder - [658967c6-5] Writing "660. foo bar"
16:33:01.263 [XNIO-5 I/O-10] DEBUG o.s.c.c.CharSequenceEncoder - [658967c6-5] Writing "661. foo bar"
16:33:01.263 [XNIO-5 I/O-10] DEBUG o.s.c.c.CharSequenceEncoder - [658967c6-5] Writing "662. foo bar"
16:33:01.263 [XNIO-5 I/O-10] DEBUG o.s.c.c.CharSequenceEncoder - [658967c6-5] Writing "663. foo bar"
16:33:01.263 [XNIO-5 I/O-10] DEBUG o.s.c.c.CharSequenceEncoder - [658967c6-5] Writing "664. foo bar"
16:33:01.263 [XNIO-5 I/O-10] DEBUG o.s.c.c.CharSequenceEncoder - [658967c6-5] Writing "665. foo bar"
16:33:01.263 [XNIO-5 I/O-10] DEBUG o.s.c.c.CharSequenceEncoder - [658967c6-5] Writing "666. foo bar"
16:33:01.263 [XNIO-5 I/O-10] DEBUG o.s.c.c.CharSequenceEncoder - [658967c6-5] Writing "667. foo bar"
16:33:01.263 [XNIO-5 I/O-10] DEBUG o.s.c.c.CharSequenceEncoder - [658967c6-5] Writing "668. foo bar"
16:33:01.263 [XNIO-5 I/O-10] DEBUG o.s.c.c.CharSequenceEncoder - [658967c6-5] Writing "669. foo bar"
16:33:01.263 [XNIO-5 I/O-10] DEBUG o.s.c.c.CharSequenceEncoder - [658967c6-5] Writing "670. foo bar"
16:33:01.263 [XNIO-5 I/O-10] DEBUG o.s.c.c.CharSequenceEncoder - [658967c6-5] Writing "671. foo bar"
16:33:01.263 [XNIO-5 I/O-10] DEBUG o.s.c.c.CharSequenceEncoder - [658967c6-5] Writing "672. foo bar"
16:33:01.264 [XNIO-5 I/O-10] DEBUG o.s.c.c.CharSequenceEncoder - [658967c6-5] Writing "673. foo bar"
16:33:01.264 [XNIO-5 I/O-10] DEBUG o.s.c.c.CharSequenceEncoder - [658967c6-5] Writing "674. foo bar"
16:33:01.264 [XNIO-5 I/O-10] DEBUG o.s.c.c.CharSequenceEncoder - [658967c6-5] Writing "675. foo bar"
16:33:01.264 [XNIO-5 I/O-10] DEBUG o.s.c.c.CharSequenceEncoder - [658967c6-5] Writing "676. foo bar"
16:33:01.264 [XNIO-5 I/O-10] DEBUG o.s.c.c.CharSequenceEncoder - [658967c6-5] Writing "677. foo bar"
16:33:01.264 [XNIO-5 I/O-10] DEBUG o.s.c.c.CharSequenceEncoder - [658967c6-5] Writing "678. foo bar"
16:33:01.264 [XNIO-5 I/O-10] DEBUG o.s.c.c.CharSequenceEncoder - [658967c6-5] Writing "679. foo bar"
16:33:01.264 [XNIO-5 I/O-10] DEBUG o.s.c.c.CharSequenceEncoder - [658967c6-5] Writing "680. foo bar"
16:33:01.264 [XNIO-5 I/O-10] DEBUG o.s.c.c.CharSequenceEncoder - [658967c6-5] Writing "681. foo bar"
16:33:01.264 [XNIO-5 I/O-10] DEBUG o.s.c.c.CharSequenceEncoder - [658967c6-5] Writing "682. foo bar"
16:33:01.264 [XNIO-5 I/O-10] DEBUG o.s.c.c.CharSequenceEncoder - [658967c6-5] Writing "683. foo bar"
16:33:01.264 [XNIO-5 I/O-10] DEBUG o.s.c.c.CharSequenceEncoder - [658967c6-5] Writing "684. foo bar"
16:33:01.264 [XNIO-5 I/O-10] DEBUG o.s.c.c.CharSequenceEncoder - [658967c6-5] Writing "685. foo bar"
16:33:01.264 [XNIO-5 I/O-10] DEBUG o.s.c.c.CharSequenceEncoder - [658967c6-5] Writing "686. foo bar"
16:33:01.264 [XNIO-5 I/O-10] DEBUG o.s.c.c.CharSequenceEncoder - [658967c6-5] Writing "687. foo bar"
16:33:01.264 [XNIO-5 I/O-10] DEBUG o.s.c.c.CharSequenceEncoder - [658967c6-5] Writing "688. foo bar"
16:33:01.265 [XNIO-5 I/O-10] DEBUG o.s.c.c.CharSequenceEncoder - [658967c6-5] Writing "689. foo bar"
16:33:01.265 [XNIO-5 I/O-10] DEBUG o.s.c.c.CharSequenceEncoder - [658967c6-5] Writing "690. foo bar"
16:33:01.265 [XNIO-5 I/O-10] DEBUG o.s.c.c.CharSequenceEncoder - [658967c6-5] Writing "691. foo bar"
16:33:01.265 [XNIO-5 I/O-10] DEBUG o.s.c.c.CharSequenceEncoder - [658967c6-5] Writing "692. foo bar"
16:33:01.265 [XNIO-5 I/O-10] DEBUG o.s.c.c.CharSequenceEncoder - [658967c6-5] Writing "693. foo bar"
16:33:01.265 [XNIO-5 I/O-10] DEBUG o.s.c.c.CharSequenceEncoder - [658967c6-5] Writing "694. foo bar"
16:33:01.265 [XNIO-5 I/O-10] DEBUG o.s.c.c.CharSequenceEncoder - [658967c6-5] Writing "695. foo bar"
16:33:01.265 [XNIO-5 I/O-10] DEBUG o.s.c.c.CharSequenceEncoder - [658967c6-5] Writing "696. foo bar"
16:33:01.265 [XNIO-5 I/O-10] DEBUG o.s.c.c.CharSequenceEncoder - [658967c6-5] Writing "697. foo bar"
16:33:01.265 [XNIO-5 I/O-10] DEBUG o.s.c.c.CharSequenceEncoder - [658967c6-5] Writing "698. foo bar"
16:33:01.265 [XNIO-5 I/O-10] DEBUG o.s.c.c.CharSequenceEncoder - [658967c6-5] Writing "699. foo bar"
16:33:01.265 [XNIO-5 I/O-10] DEBUG o.s.c.c.CharSequenceEncoder - [658967c6-5] Writing "700. foo bar"
16:33:01.265 [XNIO-5 I/O-10] DEBUG o.s.c.c.CharSequenceEncoder - [658967c6-5] Writing "701. foo bar"
16:33:01.265 [XNIO-5 I/O-10] DEBUG o.s.c.c.CharSequenceEncoder - [658967c6-5] Writing "702. foo bar"
16:33:01.266 [XNIO-5 I/O-10] DEBUG o.s.c.c.CharSequenceEncoder - [658967c6-5] Writing "703. foo bar"
16:33:01.266 [XNIO-5 I/O-10] DEBUG o.s.c.c.CharSequenceEncoder - [658967c6-5] Writing "704. foo bar"
16:33:01.266 [XNIO-5 I/O-10] DEBUG o.s.c.c.CharSequenceEncoder - [658967c6-5] Writing "705. foo bar"
16:33:01.266 [XNIO-5 I/O-10] DEBUG o.s.c.c.CharSequenceEncoder - [658967c6-5] Writing "706. foo bar"
16:33:01.266 [XNIO-5 I/O-10] DEBUG o.s.c.c.CharSequenceEncoder - [658967c6-5] Writing "707. foo bar"
16:33:01.266 [XNIO-5 I/O-10] DEBUG o.s.c.c.CharSequenceEncoder - [658967c6-5] Writing "708. foo bar"
16:33:01.266 [XNIO-5 I/O-10] DEBUG o.s.c.c.CharSequenceEncoder - [658967c6-5] Writing "709. foo bar"
16:33:01.266 [XNIO-5 I/O-10] DEBUG o.s.c.c.CharSequenceEncoder - [658967c6-5] Writing "710. foo bar"
16:33:01.266 [XNIO-5 I/O-10] DEBUG o.s.c.c.CharSequenceEncoder - [658967c6-5] Writing "711. foo bar"
16:33:01.266 [XNIO-5 I/O-10] DEBUG o.s.c.c.CharSequenceEncoder - [658967c6-5] Writing "712. foo bar"
16:33:01.266 [XNIO-5 I/O-10] DEBUG o.s.c.c.CharSequenceEncoder - [658967c6-5] Writing "713. foo bar"
16:33:01.266 [XNIO-5 I/O-10] DEBUG o.s.c.c.CharSequenceEncoder - [658967c6-5] Writing "714. foo bar"
16:33:01.266 [XNIO-5 I/O-10] DEBUG o.s.c.c.CharSequenceEncoder - [658967c6-5] Writing "715. foo bar"
16:33:01.266 [XNIO-5 I/O-10] DEBUG o.s.c.c.CharSequenceEncoder - [658967c6-5] Writing "716. foo bar"
16:33:01.267 [XNIO-5 I/O-10] DEBUG o.s.c.c.CharSequenceEncoder - [658967c6-5] Writing "717. foo bar"
16:33:01.267 [XNIO-5 I/O-10] DEBUG o.s.c.c.CharSequenceEncoder - [658967c6-5] Writing "718. foo bar"
16:33:01.267 [XNIO-5 I/O-10] DEBUG o.s.c.c.CharSequenceEncoder - [658967c6-5] Writing "719. foo bar"
16:33:01.267 [XNIO-5 I/O-10] DEBUG o.s.c.c.CharSequenceEncoder - [658967c6-5] Writing "720. foo bar"
16:33:01.267 [XNIO-5 I/O-10] DEBUG o.s.c.c.CharSequenceEncoder - [658967c6-5] Writing "721. foo bar"
16:33:01.267 [XNIO-5 I/O-10] DEBUG o.s.c.c.CharSequenceEncoder - [658967c6-5] Writing "722. foo bar"
16:33:01.267 [XNIO-5 I/O-10] DEBUG o.s.c.c.CharSequenceEncoder - [658967c6-5] Writing "723. foo bar"
16:33:01.267 [XNIO-5 I/O-10] DEBUG o.s.c.c.CharSequenceEncoder - [658967c6-5] Writing "724. foo bar"
16:33:01.267 [XNIO-5 I/O-10] DEBUG o.s.c.c.CharSequenceEncoder - [658967c6-5] Writing "725. foo bar"
16:33:01.267 [XNIO-5 I/O-10] DEBUG o.s.c.c.CharSequenceEncoder - [658967c6-5] Writing "726. foo bar"
16:33:01.267 [XNIO-5 I/O-10] DEBUG o.s.c.c.CharSequenceEncoder - [658967c6-5] Writing "727. foo bar"
16:33:01.267 [XNIO-5 I/O-10] DEBUG o.s.c.c.CharSequenceEncoder - [658967c6-5] Writing "728. foo bar"
16:33:01.267 [XNIO-5 I/O-10] DEBUG o.s.c.c.CharSequenceEncoder - [658967c6-5] Writing "729. foo bar"
16:33:01.267 [XNIO-5 I/O-10] DEBUG o.s.c.c.CharSequenceEncoder - [658967c6-5] Writing "730. foo bar"
16:33:01.267 [XNIO-5 I/O-10] DEBUG o.s.c.c.CharSequenceEncoder - [658967c6-5] Writing "731. foo bar"
16:33:01.268 [XNIO-5 I/O-10] DEBUG o.s.c.c.CharSequenceEncoder - [658967c6-5] Writing "732. foo bar"
16:33:01.268 [XNIO-5 I/O-10] DEBUG o.s.c.c.CharSequenceEncoder - [658967c6-5] Writing "733. foo bar"
16:33:01.268 [XNIO-5 I/O-10] DEBUG o.s.c.c.CharSequenceEncoder - [658967c6-5] Writing "734. foo bar"
16:33:01.268 [XNIO-5 I/O-10] DEBUG o.s.c.c.CharSequenceEncoder - [658967c6-5] Writing "735. foo bar"
16:33:01.268 [XNIO-5 I/O-10] DEBUG o.s.c.c.CharSequenceEncoder - [658967c6-5] Writing "736. foo bar"
16:33:01.268 [XNIO-5 I/O-10] DEBUG o.s.c.c.CharSequenceEncoder - [658967c6-5] Writing "737. foo bar"
16:33:01.268 [XNIO-5 I/O-10] DEBUG o.s.c.c.CharSequenceEncoder - [658967c6-5] Writing "738. foo bar"
16:33:01.268 [XNIO-5 I/O-10] DEBUG o.s.c.c.CharSequenceEncoder - [658967c6-5] Writing "739. foo bar"
16:33:01.268 [XNIO-5 I/O-10] DEBUG o.s.c.c.CharSequenceEncoder - [658967c6-5] Writing "740. foo bar"
16:33:01.268 [XNIO-5 I/O-10] DEBUG o.s.c.c.CharSequenceEncoder - [658967c6-5] Writing "741. foo bar"
16:33:01.268 [XNIO-5 I/O-10] DEBUG o.s.c.c.CharSequenceEncoder - [658967c6-5] Writing "742. foo bar"
16:33:01.268 [XNIO-5 I/O-10] DEBUG o.s.c.c.CharSequenceEncoder - [658967c6-5] Writing "743. foo bar"
16:33:01.268 [XNIO-5 I/O-10] DEBUG o.s.c.c.CharSequenceEncoder - [658967c6-5] Writing "744. foo bar"
16:33:01.268 [XNIO-5 I/O-10] DEBUG o.s.c.c.CharSequenceEncoder - [658967c6-5] Writing "745. foo bar"
16:33:01.268 [XNIO-5 I/O-10] DEBUG o.s.c.c.CharSequenceEncoder - [658967c6-5] Writing "746. foo bar"
16:33:01.269 [XNIO-5 I/O-10] DEBUG o.s.c.c.CharSequenceEncoder - [658967c6-5] Writing "747. foo bar"
16:33:01.269 [XNIO-5 I/O-10] DEBUG o.s.c.c.CharSequenceEncoder - [658967c6-5] Writing "748. foo bar"
16:33:01.269 [XNIO-5 I/O-10] DEBUG o.s.c.c.CharSequenceEncoder - [658967c6-5] Writing "749. foo bar"
16:33:01.269 [XNIO-5 I/O-10] DEBUG o.s.c.c.CharSequenceEncoder - [658967c6-5] Writing "750. foo bar"
16:33:01.269 [XNIO-5 I/O-10] DEBUG o.s.c.c.CharSequenceEncoder - [658967c6-5] Writing "751. foo bar"
16:33:01.269 [XNIO-5 I/O-10] DEBUG o.s.c.c.CharSequenceEncoder - [658967c6-5] Writing "752. foo bar"
16:33:01.269 [XNIO-5 I/O-10] DEBUG o.s.c.c.CharSequenceEncoder - [658967c6-5] Writing "753. foo bar"
16:33:01.269 [XNIO-5 I/O-10] DEBUG o.s.c.c.CharSequenceEncoder - [658967c6-5] Writing "754. foo bar"
16:33:01.269 [XNIO-5 I/O-10] DEBUG o.s.c.c.CharSequenceEncoder - [658967c6-5] Writing "755. foo bar"
16:33:01.269 [XNIO-5 I/O-10] DEBUG o.s.c.c.CharSequenceEncoder - [658967c6-5] Writing "756. foo bar"
16:33:01.269 [XNIO-5 I/O-10] DEBUG o.s.c.c.CharSequenceEncoder - [658967c6-5] Writing "757. foo bar"
16:33:01.269 [XNIO-5 I/O-10] DEBUG o.s.c.c.CharSequenceEncoder - [658967c6-5] Writing "758. foo bar"
16:33:01.270 [XNIO-5 I/O-10] DEBUG o.s.c.c.CharSequenceEncoder - [658967c6-5] Writing "759. foo bar"
16:33:01.270 [XNIO-5 I/O-10] DEBUG o.s.c.c.CharSequenceEncoder - [658967c6-5] Writing "760. foo bar"
16:33:01.270 [XNIO-5 I/O-10] DEBUG o.s.c.c.CharSequenceEncoder - [658967c6-5] Writing "761. foo bar"
16:33:01.270 [XNIO-5 I/O-10] DEBUG o.s.c.c.CharSequenceEncoder - [658967c6-5] Writing "762. foo bar"
16:33:01.270 [XNIO-5 I/O-10] DEBUG o.s.c.c.CharSequenceEncoder - [658967c6-5] Writing "763. foo bar"
16:33:01.270 [XNIO-5 I/O-10] DEBUG o.s.c.c.CharSequenceEncoder - [658967c6-5] Writing "764. foo bar"
16:33:01.270 [XNIO-5 I/O-10] DEBUG o.s.c.c.CharSequenceEncoder - [658967c6-5] Writing "765. foo bar"
16:33:01.270 [XNIO-5 I/O-10] DEBUG o.s.c.c.CharSequenceEncoder - [658967c6-5] Writing "766. foo bar"
16:33:01.270 [XNIO-5 I/O-10] DEBUG o.s.c.c.CharSequenceEncoder - [658967c6-5] Writing "767. foo bar"
16:33:01.270 [XNIO-5 I/O-10] DEBUG o.s.c.c.CharSequenceEncoder - [658967c6-5] Writing "768. foo bar"
16:33:01.270 [XNIO-5 I/O-10] DEBUG o.s.c.c.CharSequenceEncoder - [658967c6-5] Writing "769. foo bar"
16:33:01.270 [XNIO-5 I/O-10] DEBUG o.s.c.c.CharSequenceEncoder - [658967c6-5] Writing "770. foo bar"
16:33:01.270 [XNIO-5 I/O-10] DEBUG o.s.c.c.CharSequenceEncoder - [658967c6-5] Writing "771. foo bar"
16:33:01.270 [XNIO-5 I/O-10] DEBUG o.s.c.c.CharSequenceEncoder - [658967c6-5] Writing "772. foo bar"
16:33:01.270 [XNIO-5 I/O-10] DEBUG o.s.c.c.CharSequenceEncoder - [658967c6-5] Writing "773. foo bar"
16:33:01.270 [XNIO-5 I/O-10] DEBUG o.s.c.c.CharSequenceEncoder - [658967c6-5] Writing "774. foo bar"
16:33:01.271 [XNIO-5 I/O-10] DEBUG o.s.c.c.CharSequenceEncoder - [658967c6-5] Writing "775. foo bar"
16:33:01.271 [XNIO-5 I/O-10] DEBUG o.s.c.c.CharSequenceEncoder - [658967c6-5] Writing "776. foo bar"
16:33:01.271 [XNIO-5 I/O-10] DEBUG o.s.c.c.CharSequenceEncoder - [658967c6-5] Writing "777. foo bar"
16:33:01.271 [XNIO-5 I/O-10] DEBUG o.s.c.c.CharSequenceEncoder - [658967c6-5] Writing "778. foo bar"
16:33:01.271 [XNIO-5 I/O-10] DEBUG o.s.c.c.CharSequenceEncoder - [658967c6-5] Writing "779. foo bar"
16:33:01.271 [XNIO-5 I/O-10] DEBUG o.s.c.c.CharSequenceEncoder - [658967c6-5] Writing "780. foo bar"
16:33:01.271 [XNIO-5 I/O-10] DEBUG o.s.c.c.CharSequenceEncoder - [658967c6-5] Writing "781. foo bar"
16:33:01.271 [XNIO-5 I/O-10] DEBUG o.s.c.c.CharSequenceEncoder - [658967c6-5] Writing "782. foo bar"
16:33:01.271 [XNIO-5 I/O-10] DEBUG o.s.c.c.CharSequenceEncoder - [658967c6-5] Writing "783. foo bar"
16:33:01.271 [XNIO-5 I/O-10] DEBUG o.s.c.c.CharSequenceEncoder - [658967c6-5] Writing "784. foo bar"
16:33:01.271 [XNIO-5 I/O-10] DEBUG o.s.c.c.CharSequenceEncoder - [658967c6-5] Writing "785. foo bar"
16:33:01.271 [XNIO-5 I/O-10] DEBUG o.s.c.c.CharSequenceEncoder - [658967c6-5] Writing "786. foo bar"
16:33:01.271 [XNIO-5 I/O-10] DEBUG o.s.c.c.CharSequenceEncoder - [658967c6-5] Writing "787. foo bar"
16:33:01.271 [XNIO-5 I/O-10] DEBUG o.s.c.c.CharSequenceEncoder - [658967c6-5] Writing "788. foo bar"
16:33:01.271 [XNIO-5 I/O-10] DEBUG o.s.c.c.CharSequenceEncoder - [658967c6-5] Writing "789. foo bar"
16:33:01.271 [XNIO-5 I/O-10] DEBUG o.s.c.c.CharSequenceEncoder - [658967c6-5] Writing "790. foo bar"
16:33:01.271 [XNIO-5 I/O-10] DEBUG o.s.c.c.CharSequenceEncoder - [658967c6-5] Writing "791. foo bar"
16:33:01.272 [XNIO-5 I/O-10] DEBUG o.s.c.c.CharSequenceEncoder - [658967c6-5] Writing "792. foo bar"
16:33:01.272 [XNIO-5 I/O-10] DEBUG o.s.c.c.CharSequenceEncoder - [658967c6-5] Writing "793. foo bar"
16:33:01.272 [XNIO-5 I/O-10] DEBUG o.s.c.c.CharSequenceEncoder - [658967c6-5] Writing "794. foo bar"
16:33:01.272 [XNIO-5 I/O-10] DEBUG o.s.c.c.CharSequenceEncoder - [658967c6-5] Writing "795. foo bar"
16:33:01.272 [XNIO-5 I/O-10] DEBUG o.s.c.c.CharSequenceEncoder - [658967c6-5] Writing "796. foo bar"
16:33:01.272 [XNIO-5 I/O-10] DEBUG o.s.c.c.CharSequenceEncoder - [658967c6-5] Writing "797. foo bar"
16:33:01.272 [XNIO-5 I/O-10] DEBUG o.s.c.c.CharSequenceEncoder - [658967c6-5] Writing "798. foo bar"
16:33:01.272 [XNIO-5 I/O-10] DEBUG o.s.c.c.CharSequenceEncoder - [658967c6-5] Writing "799. foo bar"
16:33:01.272 [XNIO-5 I/O-10] DEBUG o.s.c.c.CharSequenceEncoder - [658967c6-5] Writing "800. foo bar"
16:33:01.272 [XNIO-5 I/O-10] DEBUG o.s.c.c.CharSequenceEncoder - [658967c6-5] Writing "801. foo bar"
16:33:01.272 [XNIO-5 I/O-10] DEBUG o.s.c.c.CharSequenceEncoder - [658967c6-5] Writing "802. foo bar"
16:33:01.272 [XNIO-5 I/O-10] DEBUG o.s.c.c.CharSequenceEncoder - [658967c6-5] Writing "803. foo bar"
16:33:01.272 [XNIO-5 I/O-10] DEBUG o.s.c.c.CharSequenceEncoder - [658967c6-5] Writing "804. foo bar"
16:33:01.272 [XNIO-5 I/O-10] DEBUG o.s.c.c.CharSequenceEncoder - [658967c6-5] Writing "805. foo bar"
16:33:01.272 [XNIO-5 I/O-10] DEBUG o.s.c.c.CharSequenceEncoder - [658967c6-5] Writing "806. foo bar"
16:33:01.273 [XNIO-5 I/O-10] DEBUG o.s.c.c.CharSequenceEncoder - [658967c6-5] Writing "807. foo bar"
16:33:01.273 [XNIO-5 I/O-10] DEBUG o.s.c.c.CharSequenceEncoder - [658967c6-5] Writing "808. foo bar"
16:33:01.273 [XNIO-5 I/O-10] DEBUG o.s.c.c.CharSequenceEncoder - [658967c6-5] Writing "809. foo bar"
16:33:01.273 [XNIO-5 I/O-10] DEBUG o.s.c.c.CharSequenceEncoder - [658967c6-5] Writing "810. foo bar"
16:33:01.273 [XNIO-5 I/O-10] DEBUG o.s.c.c.CharSequenceEncoder - [658967c6-5] Writing "811. foo bar"
16:33:01.273 [XNIO-5 I/O-10] DEBUG o.s.c.c.CharSequenceEncoder - [658967c6-5] Writing "812. foo bar"
16:33:01.273 [XNIO-5 I/O-10] DEBUG o.s.c.c.CharSequenceEncoder - [658967c6-5] Writing "813. foo bar"
16:33:01.273 [XNIO-5 I/O-10] DEBUG o.s.c.c.CharSequenceEncoder - [658967c6-5] Writing "814. foo bar"
16:33:01.273 [XNIO-5 I/O-10] DEBUG o.s.c.c.CharSequenceEncoder - [658967c6-5] Writing "815. foo bar"
16:33:01.273 [XNIO-5 I/O-10] DEBUG o.s.c.c.CharSequenceEncoder - [658967c6-5] Writing "816. foo bar"
16:33:01.273 [XNIO-5 I/O-10] DEBUG o.s.c.c.CharSequenceEncoder - [658967c6-5] Writing "817. foo bar"
16:33:01.273 [XNIO-5 I/O-10] DEBUG o.s.c.c.CharSequenceEncoder - [658967c6-5] Writing "818. foo bar"
16:33:01.273 [XNIO-5 I/O-10] DEBUG o.s.c.c.CharSequenceEncoder - [658967c6-5] Writing "819. foo bar"
16:33:01.273 [XNIO-5 I/O-10] DEBUG o.s.c.c.CharSequenceEncoder - [658967c6-5] Writing "820. foo bar"
16:33:01.274 [XNIO-5 I/O-10] DEBUG o.s.c.c.CharSequenceEncoder - [658967c6-5] Writing "821. foo bar"
16:33:01.274 [XNIO-5 I/O-10] DEBUG o.s.c.c.CharSequenceEncoder - [658967c6-5] Writing "822. foo bar"
16:33:01.274 [XNIO-5 I/O-10] DEBUG o.s.c.c.CharSequenceEncoder - [658967c6-5] Writing "823. foo bar"
16:33:01.274 [XNIO-5 I/O-10] DEBUG o.s.c.c.CharSequenceEncoder - [658967c6-5] Writing "824. foo bar"
16:33:01.274 [XNIO-5 I/O-10] DEBUG o.s.c.c.CharSequenceEncoder - [658967c6-5] Writing "825. foo bar"
16:33:01.274 [XNIO-5 I/O-10] DEBUG o.s.c.c.CharSequenceEncoder - [658967c6-5] Writing "826. foo bar"
16:33:01.274 [XNIO-5 I/O-10] DEBUG o.s.c.c.CharSequenceEncoder - [658967c6-5] Writing "827. foo bar"
16:33:01.274 [XNIO-5 I/O-10] DEBUG o.s.c.c.CharSequenceEncoder - [658967c6-5] Writing "828. foo bar"
16:33:01.274 [XNIO-5 I/O-10] DEBUG o.s.c.c.CharSequenceEncoder - [658967c6-5] Writing "829. foo bar"
16:33:01.274 [XNIO-5 I/O-10] DEBUG o.s.c.c.CharSequenceEncoder - [658967c6-5] Writing "830. foo bar"
16:33:01.274 [XNIO-5 I/O-10] DEBUG o.s.c.c.CharSequenceEncoder - [658967c6-5] Writing "831. foo bar"
16:33:01.274 [XNIO-5 I/O-10] DEBUG o.s.c.c.CharSequenceEncoder - [658967c6-5] Writing "832. foo bar"
16:33:01.274 [XNIO-5 I/O-10] DEBUG o.s.c.c.CharSequenceEncoder - [658967c6-5] Writing "833. foo bar"
16:33:01.274 [XNIO-5 I/O-10] DEBUG o.s.c.c.CharSequenceEncoder - [658967c6-5] Writing "834. foo bar"
16:33:01.275 [XNIO-5 I/O-10] DEBUG o.s.c.c.CharSequenceEncoder - [658967c6-5] Writing "835. foo bar"
16:33:01.275 [XNIO-5 I/O-10] DEBUG o.s.c.c.CharSequenceEncoder - [658967c6-5] Writing "836. foo bar"
16:33:01.275 [XNIO-5 I/O-10] DEBUG o.s.c.c.CharSequenceEncoder - [658967c6-5] Writing "837. foo bar"
16:33:01.275 [XNIO-5 I/O-10] DEBUG o.s.c.c.CharSequenceEncoder - [658967c6-5] Writing "838. foo bar"
16:33:01.275 [XNIO-5 I/O-10] DEBUG o.s.c.c.CharSequenceEncoder - [658967c6-5] Writing "839. foo bar"
16:33:01.275 [XNIO-5 I/O-10] DEBUG o.s.c.c.CharSequenceEncoder - [658967c6-5] Writing "840. foo bar"
16:33:01.275 [XNIO-5 I/O-10] DEBUG o.s.c.c.CharSequenceEncoder - [658967c6-5] Writing "841. foo bar"
16:33:01.275 [XNIO-5 I/O-10] DEBUG o.s.c.c.CharSequenceEncoder - [658967c6-5] Writing "842. foo bar"
16:33:01.275 [XNIO-5 I/O-10] DEBUG o.s.c.c.CharSequenceEncoder - [658967c6-5] Writing "843. foo bar"
16:33:01.275 [XNIO-5 I/O-10] DEBUG o.s.c.c.CharSequenceEncoder - [658967c6-5] Writing "844. foo bar"
16:33:01.275 [XNIO-5 I/O-10] DEBUG o.s.c.c.CharSequenceEncoder - [658967c6-5] Writing "845. foo bar"
16:33:01.275 [XNIO-5 I/O-10] DEBUG o.s.c.c.CharSequenceEncoder - [658967c6-5] Writing "846. foo bar"
16:33:01.275 [XNIO-5 I/O-10] DEBUG o.s.c.c.CharSequenceEncoder - [658967c6-5] Writing "847. foo bar"
16:33:01.275 [XNIO-5 I/O-10] DEBUG o.s.c.c.CharSequenceEncoder - [658967c6-5] Writing "848. foo bar"
16:33:01.276 [XNIO-5 I/O-10] DEBUG o.s.c.c.CharSequenceEncoder - [658967c6-5] Writing "849. foo bar"
16:33:01.276 [XNIO-5 I/O-10] DEBUG o.s.c.c.CharSequenceEncoder - [658967c6-5] Writing "850. foo bar"
16:33:01.276 [XNIO-5 I/O-10] DEBUG o.s.c.c.CharSequenceEncoder - [658967c6-5] Writing "851. foo bar"
16:33:01.276 [XNIO-5 I/O-10] DEBUG o.s.c.c.CharSequenceEncoder - [658967c6-5] Writing "852. foo bar"
16:33:01.276 [XNIO-5 I/O-10] DEBUG o.s.c.c.CharSequenceEncoder - [658967c6-5] Writing "853. foo bar"
16:33:01.276 [XNIO-5 I/O-10] DEBUG o.s.c.c.CharSequenceEncoder - [658967c6-5] Writing "854. foo bar"
16:33:01.276 [XNIO-5 I/O-10] DEBUG o.s.c.c.CharSequenceEncoder - [658967c6-5] Writing "855. foo bar"
16:33:01.276 [XNIO-5 I/O-10] DEBUG o.s.c.c.CharSequenceEncoder - [658967c6-5] Writing "856. foo bar"
16:33:01.276 [XNIO-5 I/O-10] DEBUG o.s.c.c.CharSequenceEncoder - [658967c6-5] Writing "857. foo bar"
16:33:01.276 [XNIO-5 I/O-10] DEBUG o.s.c.c.CharSequenceEncoder - [658967c6-5] Writing "858. foo bar"
16:33:01.276 [XNIO-5 I/O-10] DEBUG o.s.c.c.CharSequenceEncoder - [658967c6-5] Writing "859. foo bar"
16:33:01.276 [XNIO-5 I/O-10] DEBUG o.s.c.c.CharSequenceEncoder - [658967c6-5] Writing "860. foo bar"
16:33:01.276 [XNIO-5 I/O-10] DEBUG o.s.c.c.CharSequenceEncoder - [658967c6-5] Writing "861. foo bar"
16:33:01.277 [XNIO-5 I/O-10] DEBUG o.s.c.c.CharSequenceEncoder - [658967c6-5] Writing "862. foo bar"
16:33:01.277 [XNIO-5 I/O-10] DEBUG o.s.c.c.CharSequenceEncoder - [658967c6-5] Writing "863. foo bar"
16:33:01.277 [XNIO-5 I/O-10] DEBUG o.s.c.c.CharSequenceEncoder - [658967c6-5] Writing "864. foo bar"
16:33:01.277 [XNIO-5 I/O-10] DEBUG o.s.c.c.CharSequenceEncoder - [658967c6-5] Writing "865. foo bar"
16:33:01.277 [XNIO-5 I/O-10] DEBUG o.s.c.c.CharSequenceEncoder - [658967c6-5] Writing "866. foo bar"
16:33:01.277 [XNIO-5 I/O-10] DEBUG o.s.c.c.CharSequenceEncoder - [658967c6-5] Writing "867. foo bar"
16:33:01.277 [XNIO-5 I/O-10] DEBUG o.s.c.c.CharSequenceEncoder - [658967c6-5] Writing "868. foo bar"
16:33:01.277 [XNIO-5 I/O-10] DEBUG o.s.c.c.CharSequenceEncoder - [658967c6-5] Writing "869. foo bar"
16:33:01.277 [XNIO-5 I/O-10] DEBUG o.s.c.c.CharSequenceEncoder - [658967c6-5] Writing "870. foo bar"
16:33:01.277 [XNIO-5 I/O-10] DEBUG o.s.c.c.CharSequenceEncoder - [658967c6-5] Writing "871. foo bar"
16:33:01.277 [XNIO-5 I/O-10] DEBUG o.s.c.c.CharSequenceEncoder - [658967c6-5] Writing "872. foo bar"
16:33:01.277 [XNIO-5 I/O-10] DEBUG o.s.c.c.CharSequenceEncoder - [658967c6-5] Writing "873. foo bar"
16:33:01.278 [XNIO-5 I/O-10] DEBUG o.s.c.c.CharSequenceEncoder - [658967c6-5] Writing "874. foo bar"
16:33:01.278 [XNIO-5 I/O-10] DEBUG o.s.c.c.CharSequenceEncoder - [658967c6-5] Writing "875. foo bar"
16:33:01.278 [XNIO-5 I/O-10] DEBUG o.s.c.c.CharSequenceEncoder - [658967c6-5] Writing "876. foo bar"
16:33:01.278 [XNIO-5 I/O-10] DEBUG o.s.c.c.CharSequenceEncoder - [658967c6-5] Writing "877. foo bar"
16:33:01.278 [XNIO-5 I/O-10] DEBUG o.s.c.c.CharSequenceEncoder - [658967c6-5] Writing "878. foo bar"
16:33:01.278 [XNIO-5 I/O-10] DEBUG o.s.c.c.CharSequenceEncoder - [658967c6-5] Writing "879. foo bar"
16:33:01.278 [XNIO-5 I/O-10] DEBUG o.s.c.c.CharSequenceEncoder - [658967c6-5] Writing "880. foo bar"
16:33:01.278 [XNIO-5 I/O-10] DEBUG o.s.c.c.CharSequenceEncoder - [658967c6-5] Writing "881. foo bar"
16:33:01.278 [XNIO-5 I/O-10] DEBUG o.s.c.c.CharSequenceEncoder - [658967c6-5] Writing "882. foo bar"
16:33:01.278 [XNIO-5 I/O-10] DEBUG o.s.c.c.CharSequenceEncoder - [658967c6-5] Writing "883. foo bar"
16:33:01.278 [XNIO-5 I/O-10] DEBUG o.s.c.c.CharSequenceEncoder - [658967c6-5] Writing "884. foo bar"
16:33:01.278 [XNIO-5 I/O-10] DEBUG o.s.c.c.CharSequenceEncoder - [658967c6-5] Writing "885. foo bar"
16:33:01.278 [XNIO-5 I/O-10] DEBUG o.s.c.c.CharSequenceEncoder - [658967c6-5] Writing "886. foo bar"
16:33:01.278 [XNIO-5 I/O-10] DEBUG o.s.c.c.CharSequenceEncoder - [658967c6-5] Writing "887. foo bar"
16:33:01.278 [XNIO-5 I/O-10] DEBUG o.s.c.c.CharSequenceEncoder - [658967c6-5] Writing "888. foo bar"
16:33:01.279 [XNIO-5 I/O-10] DEBUG o.s.c.c.CharSequenceEncoder - [658967c6-5] Writing "889. foo bar"
16:33:01.279 [XNIO-5 I/O-10] DEBUG o.s.c.c.CharSequenceEncoder - [658967c6-5] Writing "890. foo bar"
16:33:01.279 [XNIO-5 I/O-10] DEBUG o.s.c.c.CharSequenceEncoder - [658967c6-5] Writing "891. foo bar"
16:33:01.279 [XNIO-5 I/O-10] DEBUG o.s.c.c.CharSequenceEncoder - [658967c6-5] Writing "892. foo bar"
16:33:01.279 [XNIO-5 I/O-10] DEBUG o.s.c.c.CharSequenceEncoder - [658967c6-5] Writing "893. foo bar"
16:33:01.279 [XNIO-5 I/O-10] DEBUG o.s.c.c.CharSequenceEncoder - [658967c6-5] Writing "894. foo bar"
16:33:01.279 [XNIO-5 I/O-10] DEBUG o.s.c.c.CharSequenceEncoder - [658967c6-5] Writing "895. foo bar"
16:33:01.279 [XNIO-5 I/O-10] DEBUG o.s.c.c.CharSequenceEncoder - [658967c6-5] Writing "896. foo bar"
16:33:01.279 [XNIO-5 I/O-10] DEBUG o.s.c.c.CharSequenceEncoder - [658967c6-5] Writing "897. foo bar"
16:33:01.279 [XNIO-5 I/O-10] DEBUG o.s.c.c.CharSequenceEncoder - [658967c6-5] Writing "898. foo bar"
16:33:01.279 [XNIO-5 I/O-10] DEBUG o.s.c.c.CharSequenceEncoder - [658967c6-5] Writing "899. foo bar"
16:33:01.279 [XNIO-5 I/O-10] DEBUG o.s.c.c.CharSequenceEncoder - [658967c6-5] Writing "900. foo bar"
16:33:01.279 [XNIO-5 I/O-10] DEBUG o.s.c.c.CharSequenceEncoder - [658967c6-5] Writing "901. foo bar"
16:33:01.280 [XNIO-5 I/O-10] DEBUG o.s.c.c.CharSequenceEncoder - [658967c6-5] Writing "902. foo bar"
16:33:01.280 [XNIO-5 I/O-10] DEBUG o.s.c.c.CharSequenceEncoder - [658967c6-5] Writing "903. foo bar"
16:33:01.280 [XNIO-5 I/O-10] DEBUG o.s.c.c.CharSequenceEncoder - [658967c6-5] Writing "904. foo bar"
16:33:01.280 [XNIO-5 I/O-10] DEBUG o.s.c.c.CharSequenceEncoder - [658967c6-5] Writing "905. foo bar"
16:33:01.280 [XNIO-5 I/O-10] DEBUG o.s.c.c.CharSequenceEncoder - [658967c6-5] Writing "906. foo bar"
16:33:01.280 [XNIO-5 I/O-10] DEBUG o.s.c.c.CharSequenceEncoder - [658967c6-5] Writing "907. foo bar"
16:33:01.280 [XNIO-5 I/O-10] DEBUG o.s.c.c.CharSequenceEncoder - [658967c6-5] Writing "908. foo bar"
16:33:01.280 [XNIO-5 I/O-10] DEBUG o.s.c.c.CharSequenceEncoder - [658967c6-5] Writing "909. foo bar"
16:33:01.280 [XNIO-5 I/O-10] DEBUG o.s.c.c.CharSequenceEncoder - [658967c6-5] Writing "910. foo bar"
16:33:01.280 [XNIO-5 I/O-10] DEBUG o.s.c.c.CharSequenceEncoder - [658967c6-5] Writing "911. foo bar"
16:33:01.280 [XNIO-5 I/O-10] DEBUG o.s.c.c.CharSequenceEncoder - [658967c6-5] Writing "912. foo bar"
16:33:01.280 [XNIO-5 I/O-10] DEBUG o.s.c.c.CharSequenceEncoder - [658967c6-5] Writing "913. foo bar"
16:33:01.280 [XNIO-5 I/O-10] DEBUG o.s.c.c.CharSequenceEncoder - [658967c6-5] Writing "914. foo bar"
16:33:01.280 [XNIO-5 I/O-10] DEBUG o.s.c.c.CharSequenceEncoder - [658967c6-5] Writing "915. foo bar"
16:33:01.280 [XNIO-5 I/O-10] DEBUG o.s.c.c.CharSequenceEncoder - [658967c6-5] Writing "916. foo bar"
16:33:01.280 [XNIO-5 I/O-10] DEBUG o.s.c.c.CharSequenceEncoder - [658967c6-5] Writing "917. foo bar"
16:33:01.280 [XNIO-5 I/O-10] DEBUG o.s.c.c.CharSequenceEncoder - [658967c6-5] Writing "918. foo bar"
16:33:01.281 [XNIO-5 I/O-10] DEBUG o.s.c.c.CharSequenceEncoder - [658967c6-5] Writing "919. foo bar"
16:33:01.281 [XNIO-5 I/O-10] DEBUG o.s.c.c.CharSequenceEncoder - [658967c6-5] Writing "920. foo bar"
16:33:01.281 [XNIO-5 I/O-10] DEBUG o.s.c.c.CharSequenceEncoder - [658967c6-5] Writing "921. foo bar"
16:33:01.281 [XNIO-5 I/O-10] DEBUG o.s.c.c.CharSequenceEncoder - [658967c6-5] Writing "922. foo bar"
16:33:01.281 [XNIO-5 I/O-10] DEBUG o.s.c.c.CharSequenceEncoder - [658967c6-5] Writing "923. foo bar"
16:33:01.281 [XNIO-5 I/O-10] DEBUG o.s.c.c.CharSequenceEncoder - [658967c6-5] Writing "924. foo bar"
16:33:01.281 [XNIO-5 I/O-10] DEBUG o.s.c.c.CharSequenceEncoder - [658967c6-5] Writing "925. foo bar"
16:33:01.281 [XNIO-5 I/O-10] DEBUG o.s.c.c.CharSequenceEncoder - [658967c6-5] Writing "926. foo bar"
16:33:01.281 [XNIO-5 I/O-10] DEBUG o.s.c.c.CharSequenceEncoder - [658967c6-5] Writing "927. foo bar"
16:33:01.281 [XNIO-5 I/O-10] DEBUG o.s.c.c.CharSequenceEncoder - [658967c6-5] Writing "928. foo bar"
16:33:01.281 [XNIO-5 I/O-10] DEBUG o.s.c.c.CharSequenceEncoder - [658967c6-5] Writing "929. foo bar"
16:33:01.281 [XNIO-5 I/O-10] DEBUG o.s.c.c.CharSequenceEncoder - [658967c6-5] Writing "930. foo bar"
16:33:01.281 [XNIO-5 I/O-10] DEBUG o.s.c.c.CharSequenceEncoder - [658967c6-5] Writing "931. foo bar"
16:33:01.281 [XNIO-5 I/O-10] DEBUG o.s.c.c.CharSequenceEncoder - [658967c6-5] Writing "932. foo bar"
16:33:01.281 [XNIO-5 I/O-10] DEBUG o.s.c.c.CharSequenceEncoder - [658967c6-5] Writing "933. foo bar"
16:33:01.281 [XNIO-5 I/O-10] DEBUG o.s.c.c.CharSequenceEncoder - [658967c6-5] Writing "934. foo bar"
16:33:01.282 [XNIO-5 I/O-10] DEBUG o.s.c.c.CharSequenceEncoder - [658967c6-5] Writing "935. foo bar"
16:33:01.282 [XNIO-5 I/O-10] DEBUG o.s.c.c.CharSequenceEncoder - [658967c6-5] Writing "936. foo bar"
16:33:01.282 [XNIO-5 I/O-10] DEBUG o.s.c.c.CharSequenceEncoder - [658967c6-5] Writing "937. foo bar"
16:33:01.282 [XNIO-5 I/O-10] DEBUG o.s.c.c.CharSequenceEncoder - [658967c6-5] Writing "938. foo bar"
16:33:01.282 [XNIO-5 I/O-10] DEBUG o.s.c.c.CharSequenceEncoder - [658967c6-5] Writing "939. foo bar"
16:33:01.282 [XNIO-5 I/O-10] DEBUG o.s.c.c.CharSequenceEncoder - [658967c6-5] Writing "940. foo bar"
16:33:01.282 [XNIO-5 I/O-10] DEBUG o.s.c.c.CharSequenceEncoder - [658967c6-5] Writing "941. foo bar"
16:33:01.282 [XNIO-5 I/O-10] DEBUG o.s.c.c.CharSequenceEncoder - [658967c6-5] Writing "942. foo bar"
16:33:01.282 [XNIO-5 I/O-10] DEBUG o.s.c.c.CharSequenceEncoder - [658967c6-5] Writing "943. foo bar"
16:33:01.282 [XNIO-5 I/O-10] DEBUG o.s.c.c.CharSequenceEncoder - [658967c6-5] Writing "944. foo bar"
16:33:01.282 [XNIO-5 I/O-10] DEBUG o.s.c.c.CharSequenceEncoder - [658967c6-5] Writing "945. foo bar"
16:33:01.282 [XNIO-5 I/O-10] DEBUG o.s.c.c.CharSequenceEncoder - [658967c6-5] Writing "946. foo bar"
16:33:01.282 [XNIO-5 I/O-10] DEBUG o.s.c.c.CharSequenceEncoder - [658967c6-5] Writing "947. foo bar"
16:33:01.282 [XNIO-5 I/O-10] DEBUG o.s.c.c.CharSequenceEncoder - [658967c6-5] Writing "948. foo bar"
16:33:01.282 [XNIO-5 I/O-10] DEBUG o.s.c.c.CharSequenceEncoder - [658967c6-5] Writing "949. foo bar"
16:33:01.282 [XNIO-5 I/O-10] DEBUG o.s.c.c.CharSequenceEncoder - [658967c6-5] Writing "950. foo bar"
16:33:01.282 [XNIO-5 I/O-10] DEBUG o.s.c.c.CharSequenceEncoder - [658967c6-5] Writing "951. foo bar"
16:33:01.282 [XNIO-5 I/O-10] DEBUG o.s.c.c.CharSequenceEncoder - [658967c6-5] Writing "952. foo bar"
16:33:01.283 [XNIO-5 I/O-10] DEBUG o.s.c.c.CharSequenceEncoder - [658967c6-5] Writing "953. foo bar"
16:33:01.283 [XNIO-5 I/O-10] DEBUG o.s.c.c.CharSequenceEncoder - [658967c6-5] Writing "954. foo bar"
16:33:01.283 [XNIO-5 I/O-10] DEBUG o.s.c.c.CharSequenceEncoder - [658967c6-5] Writing "955. foo bar"
16:33:01.283 [XNIO-5 I/O-10] DEBUG o.s.c.c.CharSequenceEncoder - [658967c6-5] Writing "956. foo bar"
16:33:01.283 [XNIO-5 I/O-10] DEBUG o.s.c.c.CharSequenceEncoder - [658967c6-5] Writing "957. foo bar"
16:33:01.283 [XNIO-5 I/O-10] DEBUG o.s.c.c.CharSequenceEncoder - [658967c6-5] Writing "958. foo bar"
16:33:01.283 [XNIO-5 I/O-10] DEBUG o.s.c.c.CharSequenceEncoder - [658967c6-5] Writing "959. foo bar"
16:33:01.283 [XNIO-5 I/O-10] DEBUG o.s.c.c.CharSequenceEncoder - [658967c6-5] Writing "960. foo bar"
16:33:01.283 [XNIO-5 I/O-10] DEBUG o.s.c.c.CharSequenceEncoder - [658967c6-5] Writing "961. foo bar"
16:33:01.283 [XNIO-5 I/O-10] DEBUG o.s.c.c.CharSequenceEncoder - [658967c6-5] Writing "962. foo bar"
16:33:01.283 [XNIO-5 I/O-10] DEBUG o.s.c.c.CharSequenceEncoder - [658967c6-5] Writing "963. foo bar"
16:33:01.284 [XNIO-5 I/O-10] DEBUG o.s.c.c.CharSequenceEncoder - [658967c6-5] Writing "964. foo bar"
16:33:01.284 [XNIO-5 I/O-10] DEBUG o.s.c.c.CharSequenceEncoder - [658967c6-5] Writing "965. foo bar"
16:33:01.284 [XNIO-5 I/O-10] DEBUG o.s.c.c.CharSequenceEncoder - [658967c6-5] Writing "966. foo bar"
16:33:01.284 [XNIO-5 I/O-10] DEBUG o.s.c.c.CharSequenceEncoder - [658967c6-5] Writing "967. foo bar"
16:33:01.284 [XNIO-5 I/O-10] DEBUG o.s.c.c.CharSequenceEncoder - [658967c6-5] Writing "968. foo bar"
16:33:01.284 [XNIO-5 I/O-10] DEBUG o.s.c.c.CharSequenceEncoder - [658967c6-5] Writing "969. foo bar"
16:33:01.284 [XNIO-5 I/O-10] DEBUG o.s.c.c.CharSequenceEncoder - [658967c6-5] Writing "970. foo bar"
16:33:01.284 [XNIO-5 I/O-10] DEBUG o.s.c.c.CharSequenceEncoder - [658967c6-5] Writing "971. foo bar"
16:33:01.284 [XNIO-5 I/O-10] DEBUG o.s.c.c.CharSequenceEncoder - [658967c6-5] Writing "972. foo bar"
16:33:01.285 [XNIO-5 I/O-10] DEBUG o.s.c.c.CharSequenceEncoder - [658967c6-5] Writing "973. foo bar"
16:33:01.285 [XNIO-5 I/O-10] DEBUG o.s.c.c.CharSequenceEncoder - [658967c6-5] Writing "974. foo bar"
16:33:01.285 [XNIO-5 I/O-10] DEBUG o.s.c.c.CharSequenceEncoder - [658967c6-5] Writing "975. foo bar"
16:33:01.285 [XNIO-5 I/O-10] DEBUG o.s.c.c.CharSequenceEncoder - [658967c6-5] Writing "976. foo bar"
16:33:01.285 [XNIO-5 I/O-10] DEBUG o.s.c.c.CharSequenceEncoder - [658967c6-5] Writing "977. foo bar"
16:33:01.285 [XNIO-5 I/O-10] DEBUG o.s.c.c.CharSequenceEncoder - [658967c6-5] Writing "978. foo bar"
16:33:01.285 [XNIO-5 I/O-10] DEBUG o.s.c.c.CharSequenceEncoder - [658967c6-5] Writing "979. foo bar"
16:33:01.285 [XNIO-5 I/O-10] DEBUG o.s.c.c.CharSequenceEncoder - [658967c6-5] Writing "980. foo bar"
16:33:01.285 [XNIO-5 I/O-10] DEBUG o.s.c.c.CharSequenceEncoder - [658967c6-5] Writing "981. foo bar"
16:33:01.285 [XNIO-5 I/O-10] DEBUG o.s.c.c.CharSequenceEncoder - [658967c6-5] Writing "982. foo bar"
16:33:01.285 [XNIO-5 I/O-10] DEBUG o.s.c.c.CharSequenceEncoder - [658967c6-5] Writing "983. foo bar"
16:33:01.285 [XNIO-5 I/O-10] DEBUG o.s.c.c.CharSequenceEncoder - [658967c6-5] Writing "984. foo bar"
16:33:01.286 [XNIO-5 I/O-10] DEBUG o.s.c.c.CharSequenceEncoder - [658967c6-5] Writing "985. foo bar"
16:33:01.286 [XNIO-5 I/O-10] DEBUG o.s.c.c.CharSequenceEncoder - [658967c6-5] Writing "986. foo bar"
16:33:01.286 [XNIO-5 I/O-10] DEBUG o.s.c.c.CharSequenceEncoder - [658967c6-5] Writing "987. foo bar"
16:33:01.286 [XNIO-5 I/O-10] DEBUG o.s.c.c.CharSequenceEncoder - [658967c6-5] Writing "988. foo bar"
16:33:01.286 [XNIO-5 I/O-10] DEBUG o.s.c.c.CharSequenceEncoder - [658967c6-5] Writing "989. foo bar"
16:33:01.286 [XNIO-5 I/O-10] DEBUG o.s.c.c.CharSequenceEncoder - [658967c6-5] Writing "990. foo bar"
16:33:01.286 [XNIO-5 I/O-10] DEBUG o.s.c.c.CharSequenceEncoder - [658967c6-5] Writing "991. foo bar"
16:33:01.286 [XNIO-5 I/O-10] DEBUG o.s.c.c.CharSequenceEncoder - [658967c6-5] Writing "992. foo bar"
16:33:01.286 [XNIO-5 I/O-10] DEBUG o.s.c.c.CharSequenceEncoder - [658967c6-5] Writing "993. foo bar"
16:33:01.286 [XNIO-5 I/O-10] DEBUG o.s.c.c.CharSequenceEncoder - [658967c6-5] Writing "994. foo bar"
16:33:01.286 [XNIO-5 I/O-10] DEBUG o.s.c.c.CharSequenceEncoder - [658967c6-5] Writing "995. foo bar"
16:33:01.286 [XNIO-5 I/O-10] DEBUG o.s.c.c.CharSequenceEncoder - [658967c6-5] Writing "996. foo bar"
16:33:01.286 [XNIO-5 I/O-10] DEBUG o.s.c.c.CharSequenceEncoder - [658967c6-5] Writing "997. foo bar"
16:33:01.287 [XNIO-5 I/O-10] DEBUG o.s.c.c.CharSequenceEncoder - [658967c6-5] Writing "998. foo bar"
16:33:01.287 [XNIO-5 I/O-10] DEBUG o.s.c.c.CharSequenceEncoder - [658967c6-5] Writing "999. foo bar"
16:33:01.287 [XNIO-5 I/O-10] ERROR o.s.w.s.a.HttpWebHandlerAdapter - [658967c6-5] Error [java.lang.RuntimeException: Random error] for HTTP GET "/SPR-16051", but ServerHttpResponse already committed (200 OK)
16:33:01.287 [XNIO-5 I/O-10] DEBUG o.s.h.s.r.UndertowHttpHandlerAdapter - [658967c6-5] Closing connection
16:33:01.288 [Test worker] DEBUG o.s.w.t.h.s.r.b.UndertowHttpServer - Stopping UndertowHttpServer...
16:33:01.288 [Test worker] INFO  i.undertow - stopping server: Undertow - 2.2.7.Final
16:33:01.289 [Test worker] DEBUG o.s.w.t.h.s.r.b.UndertowHttpServer - Server stopped (0 millis).
16:33:01.346 [Test worker] DEBUG o.s.w.r.r.m.a.RequestMappingHandlerMapping - 6 mappings in 'requestMappingHandlerMapping'
16:33:01.374 [Test worker] DEBUG o.s.w.r.r.m.a.ControllerMethodResolver - ControllerAdvice beans: none
16:33:01.380 [Test worker] DEBUG o.s.w.s.a.HttpWebHandlerAdapter - enableLoggingRequestDetails='false': form data and headers will be masked to prevent unsafe logging of potentially sensitive data
16:33:01.380 [Test worker] WARN  o.e.j.s.h.ContextHandler - Empty contextPath
16:33:01.381 [Test worker] INFO  o.e.j.s.h.ContextHandler - Started o.e.j.s.ServletContextHandler@5ca49b98{/,null,AVAILABLE}
16:33:01.381 [Test worker] DEBUG o.s.w.t.h.s.r.b.JettyHttpServer - Starting JettyHttpServer...
16:33:01.381 [Test worker] INFO  o.e.j.s.Server - jetty-9.4.39.v20210325; built: 2021-03-25T14:42:11.471Z; git: 9fc7ca5a922f2a37b84ec9dbc26a5168cee7e667; jvm 11.0.9+7-LTS
16:33:01.385 [Test worker] INFO  o.e.j.s.AbstractConnector - Started ServerConnector@24d64f7e{HTTP/1.1, (http/1.1)}{0.0.0.0:61455}
16:33:01.385 [Test worker] INFO  o.e.j.s.Server - Started @69831ms
16:33:01.385 [Test worker] DEBUG o.s.w.t.h.s.r.b.JettyHttpServer - Server started on port 61455(0 millis).
16:33:01.386 [Test worker] DEBUG o.s.w.c.RestTemplate - HTTP GET http://localhost:61455/thrown-exception-with-cause
16:33:01.386 [Test worker] DEBUG o.s.w.c.RestTemplate - Accept=[text/plain, application/json, application/x-jackson-smile, application/*+json, */*]
16:33:01.388 [qtp1546844922-278] DEBUG o.s.w.s.a.HttpWebHandlerAdapter - [2ed9d0eb] HTTP GET "/thrown-exception-with-cause"
16:33:01.389 [qtp1546844922-278] DEBUG o.s.w.r.r.m.a.RequestMappingHandlerMapping - [2ed9d0eb] Mapped to org.springframework.web.reactive.result.method.annotation.RequestMappingExceptionHandlingIntegrationTests$TestController#handleAndThrowExceptionWithCause()
16:33:01.390 [qtp1546844922-278] DEBUG o.s.w.r.r.m.a.RequestMappingHandlerAdapter - [2ed9d0eb] Using @ExceptionHandler org.springframework.web.reactive.result.method.annotation.RequestMappingExceptionHandlingIntegrationTests$TestController#handleStateException(IllegalStateException)
16:33:01.390 [qtp1546844922-278] DEBUG o.s.w.r.r.m.a.ResponseEntityResultHandler - [2ed9d0eb] Using 'text/plain;charset=UTF-8' given [text/plain, application/json, application/x-jackson-smile, application/*+json, */*] and supported [text/plain;charset=UTF-8, text/event-stream, text/plain;charset=UTF-8, */*]
16:33:01.390 [qtp1546844922-278] DEBUG o.s.w.r.r.m.a.ResponseEntityResultHandler - [2ed9d0eb] 0..1 [java.lang.String]
16:33:01.390 [qtp1546844922-278] DEBUG o.s.c.c.CharSequenceEncoder - [2ed9d0eb] Writing "Recovered from error: State"
16:33:01.391 [Test worker] DEBUG o.s.w.c.RestTemplate - Response 200 OK
16:33:01.391 [qtp1546844922-278] DEBUG o.s.w.s.a.HttpWebHandlerAdapter - [2ed9d0eb] Completed 200 OK
16:33:01.391 [Test worker] DEBUG o.s.w.c.RestTemplate - Reading to [java.lang.String] as "text/plain;charset=utf-8"
16:33:01.392 [Test worker] DEBUG o.s.w.t.h.s.r.b.JettyHttpServer - Stopping JettyHttpServer...
16:33:01.392 [Test worker] INFO  o.e.j.s.h.ContextHandler - Stopped o.e.j.s.ServletContextHandler@5ca49b98{/,null,STOPPED}
16:33:01.394 [Test worker] INFO  o.e.j.s.AbstractConnector - Stopped ServerConnector@24d64f7e{HTTP/1.1, (http/1.1)}{0.0.0.0:0}
16:33:01.395 [Test worker] DEBUG o.s.w.t.h.s.r.b.JettyHttpServer - Server stopped (0 millis).
16:33:01.444 [Test worker] DEBUG o.s.w.r.r.m.a.RequestMappingHandlerMapping - 6 mappings in 'requestMappingHandlerMapping'
16:33:01.461 [Test worker] DEBUG o.s.w.r.r.m.a.ControllerMethodResolver - ControllerAdvice beans: none
16:33:01.465 [Test worker] DEBUG o.s.w.s.a.HttpWebHandlerAdapter - enableLoggingRequestDetails='false': form data and headers will be masked to prevent unsafe logging of potentially sensitive data
16:33:01.465 [Test worker] DEBUG o.s.w.t.h.s.r.b.ReactorHttpServer - Starting ReactorHttpServer...
16:33:01.466 [Test worker] DEBUG o.s.w.t.h.s.r.b.ReactorHttpServer - Server started on port 61457(0 millis).
16:33:01.466 [Test worker] DEBUG o.s.w.c.RestTemplate - HTTP GET http://localhost:61457/thrown-exception-with-cause
16:33:01.466 [Test worker] DEBUG o.s.w.c.RestTemplate - Accept=[text/plain, application/json, application/x-jackson-smile, application/*+json, */*]
16:33:01.469 [reactor-http-nio-12] DEBUG o.s.w.s.a.HttpWebHandlerAdapter - [0ad55088-1, L:/127.0.0.1:61457 - R:/127.0.0.1:61458] HTTP GET "/thrown-exception-with-cause"
16:33:01.470 [reactor-http-nio-12] DEBUG o.s.w.r.r.m.a.RequestMappingHandlerMapping - [0ad55088-1, L:/127.0.0.1:61457 - R:/127.0.0.1:61458] Mapped to org.springframework.web.reactive.result.method.annotation.RequestMappingExceptionHandlingIntegrationTests$TestController#handleAndThrowExceptionWithCause()
16:33:01.470 [reactor-http-nio-12] DEBUG o.s.w.r.r.m.a.RequestMappingHandlerAdapter - [0ad55088-1, L:/127.0.0.1:61457 - R:/127.0.0.1:61458] Using @ExceptionHandler org.springframework.web.reactive.result.method.annotation.RequestMappingExceptionHandlingIntegrationTests$TestController#handleStateException(IllegalStateException)
16:33:01.471 [reactor-http-nio-12] DEBUG o.s.w.r.r.m.a.ResponseEntityResultHandler - [0ad55088-1, L:/127.0.0.1:61457 - R:/127.0.0.1:61458] Using 'text/plain;charset=UTF-8' given [text/plain, application/json, application/x-jackson-smile, application/*+json, */*] and supported [text/plain;charset=UTF-8, text/event-stream, text/plain;charset=UTF-8, */*]
16:33:01.471 [reactor-http-nio-12] DEBUG o.s.w.r.r.m.a.ResponseEntityResultHandler - [0ad55088-1, L:/127.0.0.1:61457 - R:/127.0.0.1:61458] 0..1 [java.lang.String]
16:33:01.471 [reactor-http-nio-12] DEBUG o.s.c.c.CharSequenceEncoder - [0ad55088-1, L:/127.0.0.1:61457 - R:/127.0.0.1:61458] Writing "Recovered from error: State"
16:33:01.473 [reactor-http-nio-12] DEBUG o.s.w.s.a.HttpWebHandlerAdapter - [0ad55088-1, L:/127.0.0.1:61457 - R:/127.0.0.1:61458] Completed 200 OK
16:33:01.473 [Test worker] DEBUG o.s.w.c.RestTemplate - Response 200 OK
16:33:01.473 [Test worker] DEBUG o.s.w.c.RestTemplate - Reading to [java.lang.String] as "text/plain;charset=UTF-8"
16:33:01.473 [Test worker] DEBUG o.s.w.t.h.s.r.b.ReactorHttpServer - Stopping ReactorHttpServer...
16:33:01.474 [Test worker] DEBUG o.s.w.t.h.s.r.b.ReactorHttpServer - Server stopped (0 millis).
16:33:01.510 [Test worker] DEBUG o.s.w.r.r.m.a.RequestMappingHandlerMapping - 6 mappings in 'requestMappingHandlerMapping'
16:33:01.528 [Test worker] DEBUG o.s.w.r.r.m.a.ControllerMethodResolver - ControllerAdvice beans: none
16:33:01.533 [Test worker] DEBUG o.s.w.s.a.HttpWebHandlerAdapter - enableLoggingRequestDetails='false': form data and headers will be masked to prevent unsafe logging of potentially sensitive data
16:33:01.533 [Test worker] DEBUG o.s.w.t.h.s.r.b.TomcatHttpServer - Starting TomcatHttpServer...
16:33:01.542 [Test worker] DEBUG o.s.w.t.h.s.r.b.TomcatHttpServer - Server started on port 61459(0 millis).
16:33:01.542 [Test worker] DEBUG o.s.w.c.RestTemplate - HTTP GET http://localhost:61459/thrown-exception-with-cause
16:33:01.543 [Test worker] DEBUG o.s.w.c.RestTemplate - Accept=[text/plain, application/json, application/x-jackson-smile, application/*+json, */*]
16:33:01.546 [http-nio-auto-6-exec-1] DEBUG o.s.w.s.a.HttpWebHandlerAdapter - [79ada6f2] HTTP GET "/thrown-exception-with-cause"
16:33:01.546 [http-nio-auto-6-exec-1] DEBUG o.s.w.r.r.m.a.RequestMappingHandlerMapping - [79ada6f2] Mapped to org.springframework.web.reactive.result.method.annotation.RequestMappingExceptionHandlingIntegrationTests$TestController#handleAndThrowExceptionWithCause()
16:33:01.547 [http-nio-auto-6-exec-1] DEBUG o.s.w.r.r.m.a.RequestMappingHandlerAdapter - [79ada6f2] Using @ExceptionHandler org.springframework.web.reactive.result.method.annotation.RequestMappingExceptionHandlingIntegrationTests$TestController#handleStateException(IllegalStateException)
16:33:01.548 [http-nio-auto-6-exec-1] DEBUG o.s.w.r.r.m.a.ResponseEntityResultHandler - [79ada6f2] Using 'text/plain;charset=UTF-8' given [text/plain, application/json, application/x-jackson-smile, application/*+json, */*] and supported [text/plain;charset=UTF-8, text/event-stream, text/plain;charset=UTF-8, */*]
16:33:01.548 [http-nio-auto-6-exec-1] DEBUG o.s.w.r.r.m.a.ResponseEntityResultHandler - [79ada6f2] 0..1 [java.lang.String]
16:33:01.548 [http-nio-auto-6-exec-1] DEBUG o.s.c.c.CharSequenceEncoder - [79ada6f2] Writing "Recovered from error: State"
16:33:01.549 [http-nio-auto-6-exec-1] DEBUG o.s.w.s.a.HttpWebHandlerAdapter - [79ada6f2] Completed 200 OK
16:33:01.549 [Test worker] DEBUG o.s.w.c.RestTemplate - Response 200 OK
16:33:01.549 [Test worker] DEBUG o.s.w.c.RestTemplate - Reading to [java.lang.String] as "text/plain;charset=UTF-8"
16:33:01.551 [Test worker] DEBUG o.s.w.t.h.s.r.b.TomcatHttpServer - Stopping TomcatHttpServer...
16:33:12.619 [Test worker] DEBUG o.s.w.t.h.s.r.b.TomcatHttpServer - Server stopped (0 millis).
16:33:12.641 [Test worker] DEBUG o.s.w.r.r.m.a.RequestMappingHandlerMapping - 6 mappings in 'requestMappingHandlerMapping'
16:33:12.652 [Test worker] DEBUG o.s.w.r.r.m.a.ControllerMethodResolver - ControllerAdvice beans: none
16:33:12.654 [Test worker] DEBUG o.s.w.s.a.HttpWebHandlerAdapter - enableLoggingRequestDetails='false': form data and headers will be masked to prevent unsafe logging of potentially sensitive data
16:33:12.654 [Test worker] DEBUG o.s.w.t.h.s.r.b.UndertowHttpServer - Starting UndertowHttpServer...
16:33:12.654 [Test worker] INFO  i.undertow - starting server: Undertow - 2.2.7.Final
16:33:12.658 [Test worker] DEBUG o.s.w.t.h.s.r.b.UndertowHttpServer - Server started on port 61496(0 millis).
16:33:12.658 [Test worker] DEBUG o.s.w.c.RestTemplate - HTTP GET http://localhost:61496/thrown-exception-with-cause
16:33:12.658 [Test worker] DEBUG o.s.w.c.RestTemplate - Accept=[text/plain, application/json, application/x-jackson-smile, application/*+json, */*]
16:33:12.659 [XNIO-6 I/O-9] DEBUG o.s.w.s.a.HttpWebHandlerAdapter - [362ccb57-6] HTTP GET "/thrown-exception-with-cause"
16:33:12.660 [XNIO-6 I/O-9] DEBUG o.s.w.r.r.m.a.RequestMappingHandlerMapping - [362ccb57-6] Mapped to org.springframework.web.reactive.result.method.annotation.RequestMappingExceptionHandlingIntegrationTests$TestController#handleAndThrowExceptionWithCause()
16:33:12.660 [XNIO-6 I/O-9] DEBUG o.s.w.r.r.m.a.RequestMappingHandlerAdapter - [362ccb57-6] Using @ExceptionHandler org.springframework.web.reactive.result.method.annotation.RequestMappingExceptionHandlingIntegrationTests$TestController#handleStateException(IllegalStateException)
16:33:12.661 [XNIO-6 I/O-9] DEBUG o.s.w.r.r.m.a.ResponseEntityResultHandler - [362ccb57-6] Using 'text/plain;charset=UTF-8' given [text/plain, application/json, application/x-jackson-smile, application/*+json, */*] and supported [text/plain;charset=UTF-8, text/event-stream, text/plain;charset=UTF-8, */*]
16:33:12.661 [XNIO-6 I/O-9] DEBUG o.s.w.r.r.m.a.ResponseEntityResultHandler - [362ccb57-6] 0..1 [java.lang.String]
16:33:12.661 [XNIO-6 I/O-9] DEBUG o.s.c.c.CharSequenceEncoder - [362ccb57-6] Writing "Recovered from error: State"
16:33:12.661 [XNIO-6 I/O-9] DEBUG o.s.w.s.a.HttpWebHandlerAdapter - [362ccb57-6] Completed 200 OK
16:33:12.661 [Test worker] DEBUG o.s.w.c.RestTemplate - Response 200 OK
16:33:12.661 [Test worker] DEBUG o.s.w.c.RestTemplate - Reading to [java.lang.String] as "text/plain;charset=UTF-8"
16:33:12.661 [Test worker] DEBUG o.s.w.t.h.s.r.b.UndertowHttpServer - Stopping UndertowHttpServer...
16:33:12.661 [Test worker] INFO  i.undertow - stopping server: Undertow - 2.2.7.Final
16:33:12.662 [Test worker] DEBUG o.s.w.t.h.s.r.b.UndertowHttpServer - Server stopped (0 millis).
]]></system-out>
  <system-err><![CDATA[]]></system-err>
</testsuite>
