<?xml version="1.0" encoding="UTF-8"?>
<testsuite name="org.springframework.web.reactive.result.method.annotation.RequestHeaderMapMethodArgumentResolverTests" tests="4" skipped="0" failures="0" errors="0" timestamp="2021-04-26T08:34:32" hostname="wangweilideMacBook-Pro.local" time="0.025">
  <properties/>
  <testcase name="resolveMapArgument()" classname="org.springframework.web.reactive.result.method.annotation.RequestHeaderMapMethodArgumentResolverTests" time="0.007"/>
  <testcase name="resolveHttpHeadersArgument()" classname="org.springframework.web.reactive.result.method.annotation.RequestHeaderMapMethodArgumentResolverTests" time="0.004"/>
  <testcase name="resolveMultiValueMapArgument()" classname="org.springframework.web.reactive.result.method.annotation.RequestHeaderMapMethodArgumentResolverTests" time="0.01"/>
  <testcase name="supportsParameter()" classname="org.springframework.web.reactive.result.method.annotation.RequestHeaderMapMethodArgumentResolverTests" time="0.003"/>
  <system-out><![CDATA[]]></system-out>
  <system-err><![CDATA[]]></system-err>
</testsuite>
