<?xml version="1.0" encoding="UTF-8"?>
<testsuite name="org.springframework.web.reactive.function.MultipartIntegrationTests" tests="12" skipped="0" failures="0" errors="0" timestamp="2021-05-01T09:53:25" hostname="wangweilideMBP.lan" time="33.791">
  <properties/>
  <testcase name="[1] org.springframework.web.testfixture.http.server.reactive.bootstrap.JettyHttpServer@39081f83" classname="org.springframework.web.reactive.function.MultipartIntegrationTests" time="0.031"/>
  <testcase name="[2] org.springframework.web.testfixture.http.server.reactive.bootstrap.ReactorHttpServer@245f0da4" classname="org.springframework.web.reactive.function.MultipartIntegrationTests" time="0.018"/>
  <testcase name="[3] org.springframework.web.testfixture.http.server.reactive.bootstrap.TomcatHttpServer@39cccbb5" classname="org.springframework.web.reactive.function.MultipartIntegrationTests" time="11.251"/>
  <testcase name="[4] org.springframework.web.testfixture.http.server.reactive.bootstrap.UndertowHttpServer@9415cdf" classname="org.springframework.web.reactive.function.MultipartIntegrationTests" time="0.001"/>
  <testcase name="[1] org.springframework.web.testfixture.http.server.reactive.bootstrap.JettyHttpServer@723124e4" classname="org.springframework.web.reactive.function.MultipartIntegrationTests" time="0.029"/>
  <testcase name="[2] org.springframework.web.testfixture.http.server.reactive.bootstrap.ReactorHttpServer@3c1b1aa4" classname="org.springframework.web.reactive.function.MultipartIntegrationTests" time="0.019"/>
  <testcase name="[3] org.springframework.web.testfixture.http.server.reactive.bootstrap.TomcatHttpServer@38623600" classname="org.springframework.web.reactive.function.MultipartIntegrationTests" time="11.228"/>
  <testcase name="[4] org.springframework.web.testfixture.http.server.reactive.bootstrap.UndertowHttpServer@40ce2224" classname="org.springframework.web.reactive.function.MultipartIntegrationTests" time="0.018"/>
  <testcase name="[1] org.springframework.web.testfixture.http.server.reactive.bootstrap.JettyHttpServer@2915ebce" classname="org.springframework.web.reactive.function.MultipartIntegrationTests" time="0.021"/>
  <testcase name="[2] org.springframework.web.testfixture.http.server.reactive.bootstrap.ReactorHttpServer@71cbc14c" classname="org.springframework.web.reactive.function.MultipartIntegrationTests" time="0.018"/>
  <testcase name="[3] org.springframework.web.testfixture.http.server.reactive.bootstrap.TomcatHttpServer@141fe97" classname="org.springframework.web.reactive.function.MultipartIntegrationTests" time="11.131"/>
  <testcase name="[4] org.springframework.web.testfixture.http.server.reactive.bootstrap.UndertowHttpServer@703edb84" classname="org.springframework.web.reactive.function.MultipartIntegrationTests" time="0.022"/>
  <system-out><![CDATA[17:53:25.139 [Test worker] DEBUG o.s.w.s.a.HttpWebHandlerAdapter - enableLoggingRequestDetails='false': form data and headers will be masked to prevent unsafe logging of potentially sensitive data
17:53:25.139 [Test worker] WARN  o.e.j.s.h.ContextHandler - Empty contextPath
17:53:25.140 [Test worker] INFO  o.e.j.s.h.ContextHandler - Started o.e.j.s.ServletContextHandler@294c995a{/,null,AVAILABLE}
17:53:25.140 [Test worker] DEBUG o.s.w.t.h.s.r.b.JettyHttpServer - Starting JettyHttpServer...
17:53:25.140 [Test worker] INFO  o.e.j.s.Server - jetty-9.4.39.v20210325; built: 2021-03-25T14:42:11.471Z; git: 9fc7ca5a922f2a37b84ec9dbc26a5168cee7e667; jvm 1.8.0_181-b13
17:53:25.143 [Test worker] INFO  o.e.j.s.AbstractConnector - Started ServerConnector@7ac90fd8{HTTP/1.1, (http/1.1)}{0.0.0.0:54028}
17:53:25.143 [Test worker] INFO  o.e.j.s.Server - Started @372194ms
17:53:25.143 [Test worker] DEBUG o.s.w.t.h.s.r.b.JettyHttpServer - Server started on port 54028(0 millis).
17:53:25.144 [Test worker] DEBUG o.s.w.r.f.c.ExchangeFunctions - [7d01709] HTTP POST http://localhost:54028/transferTo
17:53:25.146 [reactor-http-nio-11] DEBUG o.s.h.c.m.MultipartHttpMessageWriter - [7d01709] Encoding parts [fooPart, barPart] (content masked)
17:53:25.155 [qtp1798430045-1447] DEBUG o.s.w.s.a.HttpWebHandlerAdapter - [3a36f45b] HTTP POST "/transferTo"
17:53:25.160 [Thread-295] DEBUG o.s.c.c.CharSequenceEncoder - [3a36f45b] Writing "/var/folders/gm/wxj0g0cx0dbf978gx7941f440000gn/T/MultipartIntegrationTests5133465924225785715.tmp"
17:53:25.160 [Thread-295] DEBUG o.s.w.s.a.HttpWebHandlerAdapter - [3a36f45b] Completed 200 OK
17:53:25.160 [reactor-http-nio-11] DEBUG o.s.w.r.f.c.ExchangeFunctions - [7d01709] [0368c9f0-1, L:/127.0.0.1:54029 - R:localhost/127.0.0.1:54028] Response 200 OK
17:53:25.161 [reactor-http-nio-11] DEBUG o.s.c.c.StringDecoder - [7d01709] [0368c9f0-1, L:/127.0.0.1:54029 - R:localhost/127.0.0.1:54028] Decoded "/var/folders/gm/wxj0g0cx0dbf978gx7941f440000gn/T/MultipartIntegrationTests5133465924225785715.tmp"
17:53:25.161 [Test worker] DEBUG o.s.w.t.h.s.r.b.JettyHttpServer - Stopping JettyHttpServer...
17:53:25.161 [Test worker] INFO  o.e.j.s.h.ContextHandler - Stopped o.e.j.s.ServletContextHandler@294c995a{/,null,STOPPED}
17:53:25.163 [Test worker] INFO  o.e.j.s.AbstractConnector - Stopped ServerConnector@7ac90fd8{HTTP/1.1, (http/1.1)}{0.0.0.0:0}
17:53:25.163 [Test worker] DEBUG o.s.w.t.h.s.r.b.JettyHttpServer - Server stopped (0 millis).
17:53:25.170 [Test worker] DEBUG o.s.w.s.a.HttpWebHandlerAdapter - enableLoggingRequestDetails='false': form data and headers will be masked to prevent unsafe logging of potentially sensitive data
17:53:25.170 [Test worker] DEBUG o.s.w.t.h.s.r.b.ReactorHttpServer - Starting ReactorHttpServer...
17:53:25.170 [Test worker] DEBUG o.s.w.t.h.s.r.b.ReactorHttpServer - Server started on port 54030(0 millis).
17:53:25.171 [Test worker] DEBUG o.s.w.r.f.c.ExchangeFunctions - [3ea3fb37] HTTP POST http://localhost:54030/transferTo
17:53:25.172 [reactor-http-nio-13] DEBUG o.s.h.c.m.MultipartHttpMessageWriter - [3ea3fb37] Encoding parts [fooPart, barPart] (content masked)
17:53:25.176 [reactor-http-nio-14] DEBUG o.s.w.s.a.HttpWebHandlerAdapter - [f2cba674-1, L:/127.0.0.1:54030 - R:/127.0.0.1:54031] HTTP POST "/transferTo"
17:53:25.178 [Thread-295] DEBUG o.s.c.c.CharSequenceEncoder - [f2cba674-1, L:/127.0.0.1:54030 - R:/127.0.0.1:54031] Writing "/var/folders/gm/wxj0g0cx0dbf978gx7941f440000gn/T/MultipartIntegrationTests8907940033602076368.tmp"
17:53:25.180 [reactor-http-nio-14] DEBUG o.s.w.s.a.HttpWebHandlerAdapter - [f2cba674-1, L:/127.0.0.1:54030 - R:/127.0.0.1:54031] Completed 200 OK
17:53:25.180 [reactor-http-nio-13] DEBUG o.s.w.r.f.c.ExchangeFunctions - [3ea3fb37] [09c1258e-1, L:/127.0.0.1:54031 - R:localhost/127.0.0.1:54030] Response 200 OK
17:53:25.180 [reactor-http-nio-13] DEBUG o.s.c.c.StringDecoder - [3ea3fb37] [09c1258e-1, L:/127.0.0.1:54031 - R:localhost/127.0.0.1:54030] Decoded "/var/folders/gm/wxj0g0cx0dbf978gx7941f440000gn/T/MultipartIntegrationTests8907940033602076368.tmp"
17:53:25.181 [Test worker] DEBUG o.s.w.t.h.s.r.b.ReactorHttpServer - Stopping ReactorHttpServer...
17:53:25.181 [Test worker] DEBUG o.s.w.t.h.s.r.b.ReactorHttpServer - Server stopped (0 millis).
17:53:25.187 [Test worker] DEBUG o.s.w.s.a.HttpWebHandlerAdapter - enableLoggingRequestDetails='false': form data and headers will be masked to prevent unsafe logging of potentially sensitive data
17:53:25.188 [Test worker] DEBUG o.s.w.t.h.s.r.b.TomcatHttpServer - Starting TomcatHttpServer...
17:53:25.194 [Test worker] DEBUG o.s.w.t.h.s.r.b.TomcatHttpServer - Server started on port 54032(0 millis).
17:53:25.194 [Test worker] DEBUG o.s.w.r.f.c.ExchangeFunctions - [4835d15e] HTTP POST http://localhost:54032/transferTo
17:53:25.196 [reactor-http-nio-15] DEBUG o.s.h.c.m.MultipartHttpMessageWriter - [4835d15e] Encoding parts [fooPart, barPart] (content masked)
17:53:25.202 [http-nio-auto-32-exec-1] DEBUG o.s.w.s.a.HttpWebHandlerAdapter - [7b3b286d] HTTP POST "/transferTo"
17:53:25.204 [Thread-295] DEBUG o.s.c.c.CharSequenceEncoder - [7b3b286d] Writing "/var/folders/gm/wxj0g0cx0dbf978gx7941f440000gn/T/MultipartIntegrationTests5128516467261995624.tmp"
17:53:25.204 [Thread-295] DEBUG o.s.w.s.a.HttpWebHandlerAdapter - [7b3b286d] Completed 200 OK
17:53:25.205 [reactor-http-nio-15] DEBUG o.s.w.r.f.c.ExchangeFunctions - [4835d15e] [cc187286-1, L:/127.0.0.1:54033 - R:localhost/127.0.0.1:54032] Response 200 OK
17:53:25.205 [reactor-http-nio-15] DEBUG o.s.c.c.StringDecoder - [4835d15e] [cc187286-1, L:/127.0.0.1:54033 - R:localhost/127.0.0.1:54032] Decoded "/var/folders/gm/wxj0g0cx0dbf978gx7941f440000gn/T/MultipartIntegrationTests5128516467261995624.tmp"
17:53:25.205 [Test worker] DEBUG o.s.w.t.h.s.r.b.TomcatHttpServer - Stopping TomcatHttpServer...
17:53:36.432 [Test worker] DEBUG o.s.w.t.h.s.r.b.TomcatHttpServer - Server stopped (0 millis).
17:53:36.447 [Test worker] DEBUG o.s.w.s.a.HttpWebHandlerAdapter - enableLoggingRequestDetails='false': form data and headers will be masked to prevent unsafe logging of potentially sensitive data
17:53:36.447 [Test worker] WARN  o.e.j.s.h.ContextHandler - Empty contextPath
17:53:36.447 [Test worker] INFO  o.e.j.s.h.ContextHandler - Started o.e.j.s.ServletContextHandler@5be8aebb{/,null,AVAILABLE}
17:53:36.447 [Test worker] DEBUG o.s.w.t.h.s.r.b.JettyHttpServer - Starting JettyHttpServer...
17:53:36.447 [Test worker] INFO  o.e.j.s.Server - jetty-9.4.39.v20210325; built: 2021-03-25T14:42:11.471Z; git: 9fc7ca5a922f2a37b84ec9dbc26a5168cee7e667; jvm 1.8.0_181-b13
17:53:36.449 [Test worker] INFO  o.e.j.s.AbstractConnector - Started ServerConnector@2085a726{HTTP/1.1, (http/1.1)}{0.0.0.0:54059}
17:53:36.449 [Test worker] INFO  o.e.j.s.Server - Started @383500ms
17:53:36.449 [Test worker] DEBUG o.s.w.t.h.s.r.b.JettyHttpServer - Server started on port 54059(0 millis).
17:53:36.449 [Test worker] DEBUG o.s.w.r.f.c.ExchangeFunctions - [1b678663] HTTP POST http://localhost:54059/multipartData
17:53:36.451 [reactor-http-nio-16] DEBUG o.s.h.c.m.MultipartHttpMessageWriter - [1b678663] Encoding parts [fooPart, barPart] (content masked)
17:53:36.460 [qtp332372632-1476] DEBUG o.s.w.s.a.HttpWebHandlerAdapter - [6b801ef2] HTTP POST "/multipartData"
17:53:36.461 [qtp332372632-1476] DEBUG o.s.h.c.m.MultipartHttpMessageReader - [6b801ef2] Parsed parts [barPart, fooPart] (content masked)
17:53:36.461 [qtp332372632-1476] DEBUG o.s.w.s.a.HttpWebHandlerAdapter - [6b801ef2] Completed 200 OK
17:53:36.461 [reactor-http-nio-16] DEBUG o.s.w.r.f.c.ExchangeFunctions - [1b678663] [10aa8fa0-1, L:/127.0.0.1:54060 - R:localhost/127.0.0.1:54059] Response 200 OK
17:53:36.462 [Test worker] DEBUG o.s.w.t.h.s.r.b.JettyHttpServer - Stopping JettyHttpServer...
17:53:36.463 [Test worker] INFO  o.e.j.s.h.ContextHandler - Stopped o.e.j.s.ServletContextHandler@5be8aebb{/,null,STOPPED}
17:53:36.463 [Test worker] INFO  o.e.j.s.AbstractConnector - Stopped ServerConnector@2085a726{HTTP/1.1, (http/1.1)}{0.0.0.0:0}
17:53:36.464 [Test worker] DEBUG o.s.w.t.h.s.r.b.JettyHttpServer - Server stopped (0 millis).
17:53:36.472 [Test worker] DEBUG o.s.w.s.a.HttpWebHandlerAdapter - enableLoggingRequestDetails='false': form data and headers will be masked to prevent unsafe logging of potentially sensitive data
17:53:36.472 [Test worker] DEBUG o.s.w.t.h.s.r.b.ReactorHttpServer - Starting ReactorHttpServer...
17:53:36.473 [Test worker] DEBUG o.s.w.t.h.s.r.b.ReactorHttpServer - Server started on port 54061(0 millis).
17:53:36.473 [Test worker] DEBUG o.s.w.r.f.c.ExchangeFunctions - [1f11ef1f] HTTP POST http://localhost:54061/multipartData
17:53:36.475 [reactor-http-nio-2] DEBUG o.s.h.c.m.MultipartHttpMessageWriter - [1f11ef1f] Encoding parts [fooPart, barPart] (content masked)
17:53:36.480 [reactor-http-nio-3] DEBUG o.s.w.s.a.HttpWebHandlerAdapter - [f71c97bd-1, L:/127.0.0.1:54061 - R:/127.0.0.1:54062] HTTP POST "/multipartData"
17:53:36.483 [reactor-http-nio-3] DEBUG o.s.h.c.m.MultipartHttpMessageReader - [f71c97bd-1, L:/127.0.0.1:54061 - R:/127.0.0.1:54062] Parsed parts [barPart, fooPart] (content masked)
17:53:36.483 [reactor-http-nio-3] DEBUG o.s.w.s.a.HttpWebHandlerAdapter - [f71c97bd-1, L:/127.0.0.1:54061 - R:/127.0.0.1:54062] Completed 200 OK
17:53:36.483 [reactor-http-nio-2] DEBUG o.s.w.r.f.c.ExchangeFunctions - [1f11ef1f] [b56387e2-1, L:/127.0.0.1:54062 - R:localhost/127.0.0.1:54061] Response 200 OK
17:53:36.484 [Test worker] DEBUG o.s.w.t.h.s.r.b.ReactorHttpServer - Stopping ReactorHttpServer...
17:53:36.484 [Test worker] DEBUG o.s.w.t.h.s.r.b.ReactorHttpServer - Server stopped (0 millis).
17:53:36.491 [Test worker] DEBUG o.s.w.s.a.HttpWebHandlerAdapter - enableLoggingRequestDetails='false': form data and headers will be masked to prevent unsafe logging of potentially sensitive data
17:53:36.491 [Test worker] DEBUG o.s.w.t.h.s.r.b.TomcatHttpServer - Starting TomcatHttpServer...
17:53:36.495 [Test worker] DEBUG o.s.w.t.h.s.r.b.TomcatHttpServer - Server started on port 54063(0 millis).
17:53:36.495 [Test worker] DEBUG o.s.w.r.f.c.ExchangeFunctions - [3f082c88] HTTP POST http://localhost:54063/multipartData
17:53:36.497 [reactor-http-nio-4] DEBUG o.s.h.c.m.MultipartHttpMessageWriter - [3f082c88] Encoding parts [fooPart, barPart] (content masked)
17:53:36.502 [http-nio-auto-33-exec-1] DEBUG o.s.w.s.a.HttpWebHandlerAdapter - [8da1aa0] HTTP POST "/multipartData"
17:53:36.503 [http-nio-auto-33-exec-2] DEBUG o.s.h.c.m.MultipartHttpMessageReader - [8da1aa0] Parsed parts [barPart, fooPart] (content masked)
17:53:36.504 [http-nio-auto-33-exec-2] DEBUG o.s.w.s.a.HttpWebHandlerAdapter - [8da1aa0] Completed 200 OK
17:53:36.505 [reactor-http-nio-4] DEBUG o.s.w.r.f.c.ExchangeFunctions - [3f082c88] [c7c84421-1, L:/127.0.0.1:54064 - R:localhost/127.0.0.1:54063] Response 200 OK
17:53:36.505 [Test worker] DEBUG o.s.w.t.h.s.r.b.TomcatHttpServer - Stopping TomcatHttpServer...
17:53:47.712 [Test worker] DEBUG o.s.w.t.h.s.r.b.TomcatHttpServer - Server stopped (0 millis).
17:53:47.720 [Test worker] DEBUG o.s.w.s.a.HttpWebHandlerAdapter - enableLoggingRequestDetails='false': form data and headers will be masked to prevent unsafe logging of potentially sensitive data
17:53:47.720 [Test worker] DEBUG o.s.w.t.h.s.r.b.UndertowHttpServer - Starting UndertowHttpServer...
17:53:47.720 [Test worker] INFO  i.undertow - starting server: Undertow - 2.2.7.Final
17:53:47.723 [Test worker] DEBUG o.s.w.t.h.s.r.b.UndertowHttpServer - Server started on port 54107(0 millis).
17:53:47.723 [Test worker] DEBUG o.s.w.r.f.c.ExchangeFunctions - [6daf4dc8] HTTP POST http://localhost:54107/multipartData
17:53:47.725 [reactor-http-nio-5] DEBUG o.s.h.c.m.MultipartHttpMessageWriter - [6daf4dc8] Encoding parts [fooPart, barPart] (content masked)
17:53:47.729 [XNIO-31 I/O-16] DEBUG o.s.w.s.a.HttpWebHandlerAdapter - [57dcd3fa-31] HTTP POST "/multipartData"
17:53:47.730 [XNIO-31 I/O-16] DEBUG o.s.h.c.m.MultipartHttpMessageReader - [57dcd3fa-31] Parsed parts [barPart, fooPart] (content masked)
17:53:47.730 [XNIO-31 I/O-16] DEBUG o.s.w.s.a.HttpWebHandlerAdapter - [57dcd3fa-31] Completed 200 OK
17:53:47.730 [reactor-http-nio-5] DEBUG o.s.w.r.f.c.ExchangeFunctions - [6daf4dc8] [69a4a969-1, L:/127.0.0.1:54108 - R:localhost/127.0.0.1:54107] Response 200 OK
17:53:47.730 [Test worker] DEBUG o.s.w.t.h.s.r.b.UndertowHttpServer - Stopping UndertowHttpServer...
17:53:47.730 [Test worker] INFO  i.undertow - stopping server: Undertow - 2.2.7.Final
17:53:47.731 [Test worker] DEBUG o.s.w.t.h.s.r.b.UndertowHttpServer - Server stopped (0 millis).
17:53:47.739 [Test worker] DEBUG o.s.w.s.a.HttpWebHandlerAdapter - enableLoggingRequestDetails='false': form data and headers will be masked to prevent unsafe logging of potentially sensitive data
17:53:47.739 [Test worker] WARN  o.e.j.s.h.ContextHandler - Empty contextPath
17:53:47.739 [Test worker] INFO  o.e.j.s.h.ContextHandler - Started o.e.j.s.ServletContextHandler@6524efa8{/,null,AVAILABLE}
17:53:47.739 [Test worker] DEBUG o.s.w.t.h.s.r.b.JettyHttpServer - Starting JettyHttpServer...
17:53:47.739 [Test worker] INFO  o.e.j.s.Server - jetty-9.4.39.v20210325; built: 2021-03-25T14:42:11.471Z; git: 9fc7ca5a922f2a37b84ec9dbc26a5168cee7e667; jvm 1.8.0_181-b13
17:53:47.741 [Test worker] INFO  o.e.j.s.AbstractConnector - Started ServerConnector@63692359{HTTP/1.1, (http/1.1)}{0.0.0.0:54109}
17:53:47.741 [Test worker] INFO  o.e.j.s.Server - Started @394791ms
17:53:47.741 [Test worker] DEBUG o.s.w.t.h.s.r.b.JettyHttpServer - Server started on port 54109(0 millis).
17:53:47.741 [Test worker] DEBUG o.s.w.r.f.c.ExchangeFunctions - [34f715e0] HTTP POST http://localhost:54109/parts
17:53:47.743 [reactor-http-nio-6] DEBUG o.s.h.c.m.MultipartHttpMessageWriter - [34f715e0] Encoding parts [fooPart, barPart] (content masked)
17:53:47.750 [qtp1134181997-1521] DEBUG o.s.w.s.a.HttpWebHandlerAdapter - [42a08551] HTTP POST "/parts"
17:53:47.751 [qtp1134181997-1521] DEBUG o.s.w.s.a.HttpWebHandlerAdapter - [42a08551] Completed 200 OK
17:53:47.751 [reactor-http-nio-6] DEBUG o.s.w.r.f.c.ExchangeFunctions - [34f715e0] [81d3dad9-1, L:/127.0.0.1:54110 - R:localhost/127.0.0.1:54109] Response 200 OK
17:53:47.752 [Test worker] DEBUG o.s.w.t.h.s.r.b.JettyHttpServer - Stopping JettyHttpServer...
17:53:47.752 [Test worker] INFO  o.e.j.s.h.ContextHandler - Stopped o.e.j.s.ServletContextHandler@6524efa8{/,null,STOPPED}
17:53:47.752 [Test worker] INFO  o.e.j.s.AbstractConnector - Stopped ServerConnector@63692359{HTTP/1.1, (http/1.1)}{0.0.0.0:0}
17:53:47.753 [Test worker] DEBUG o.s.w.t.h.s.r.b.JettyHttpServer - Server stopped (0 millis).
17:53:47.760 [Test worker] DEBUG o.s.w.s.a.HttpWebHandlerAdapter - enableLoggingRequestDetails='false': form data and headers will be masked to prevent unsafe logging of potentially sensitive data
17:53:47.760 [Test worker] DEBUG o.s.w.t.h.s.r.b.ReactorHttpServer - Starting ReactorHttpServer...
17:53:47.761 [Test worker] DEBUG o.s.w.t.h.s.r.b.ReactorHttpServer - Server started on port 54111(0 millis).
17:53:47.761 [Test worker] DEBUG o.s.w.r.f.c.ExchangeFunctions - [d95a2d0] HTTP POST http://localhost:54111/parts
17:53:47.762 [reactor-http-nio-8] DEBUG o.s.h.c.m.MultipartHttpMessageWriter - [d95a2d0] Encoding parts [fooPart, barPart] (content masked)
17:53:47.767 [reactor-http-nio-9] DEBUG o.s.w.s.a.HttpWebHandlerAdapter - [0ca5506d-1, L:/127.0.0.1:54111 - R:/127.0.0.1:54112] HTTP POST "/parts"
17:53:47.769 [reactor-http-nio-9] DEBUG o.s.w.s.a.HttpWebHandlerAdapter - [0ca5506d-1, L:/127.0.0.1:54111 - R:/127.0.0.1:54112] Completed 200 OK
17:53:47.770 [reactor-http-nio-8] DEBUG o.s.w.r.f.c.ExchangeFunctions - [d95a2d0] [dc0193bc-1, L:/127.0.0.1:54112 - R:localhost/127.0.0.1:54111] Response 200 OK
17:53:47.770 [Test worker] DEBUG o.s.w.t.h.s.r.b.ReactorHttpServer - Stopping ReactorHttpServer...
17:53:47.770 [Test worker] DEBUG o.s.w.t.h.s.r.b.ReactorHttpServer - Server stopped (0 millis).
17:53:47.778 [Test worker] DEBUG o.s.w.s.a.HttpWebHandlerAdapter - enableLoggingRequestDetails='false': form data and headers will be masked to prevent unsafe logging of potentially sensitive data
17:53:47.778 [Test worker] DEBUG o.s.w.t.h.s.r.b.TomcatHttpServer - Starting TomcatHttpServer...
17:53:47.783 [Test worker] DEBUG o.s.w.t.h.s.r.b.TomcatHttpServer - Server started on port 54113(0 millis).
17:53:47.784 [Test worker] DEBUG o.s.w.r.f.c.ExchangeFunctions - [23c74583] HTTP POST http://localhost:54113/parts
17:53:47.786 [reactor-http-nio-10] DEBUG o.s.h.c.m.MultipartHttpMessageWriter - [23c74583] Encoding parts [fooPart, barPart] (content masked)
17:53:47.793 [http-nio-auto-34-exec-1] DEBUG o.s.w.s.a.HttpWebHandlerAdapter - [73fa225a] HTTP POST "/parts"
17:53:47.794 [http-nio-auto-34-exec-2] DEBUG o.s.w.s.a.HttpWebHandlerAdapter - [73fa225a] Completed 200 OK
17:53:47.795 [reactor-http-nio-10] DEBUG o.s.w.r.f.c.ExchangeFunctions - [23c74583] [10de664b-1, L:/127.0.0.1:54114 - R:localhost/127.0.0.1:54113] Response 200 OK
17:53:47.795 [Test worker] DEBUG o.s.w.t.h.s.r.b.TomcatHttpServer - Stopping TomcatHttpServer...
17:53:58.901 [Test worker] DEBUG o.s.w.t.h.s.r.b.TomcatHttpServer - Server stopped (0 millis).
17:53:58.911 [Test worker] DEBUG o.s.w.s.a.HttpWebHandlerAdapter - enableLoggingRequestDetails='false': form data and headers will be masked to prevent unsafe logging of potentially sensitive data
17:53:58.911 [Test worker] DEBUG o.s.w.t.h.s.r.b.UndertowHttpServer - Starting UndertowHttpServer...
17:53:58.911 [Test worker] INFO  i.undertow - starting server: Undertow - 2.2.7.Final
17:53:58.914 [Test worker] DEBUG o.s.w.t.h.s.r.b.UndertowHttpServer - Server started on port 54216(0 millis).
17:53:58.914 [Test worker] DEBUG o.s.w.r.f.c.ExchangeFunctions - [3e3c4943] HTTP POST http://localhost:54216/parts
17:53:58.916 [reactor-http-nio-11] DEBUG o.s.h.c.m.MultipartHttpMessageWriter - [3e3c4943] Encoding parts [fooPart, barPart] (content masked)
17:53:58.922 [XNIO-32 I/O-6] DEBUG o.s.w.s.a.HttpWebHandlerAdapter - [37a9b890-32] HTTP POST "/parts"
17:53:58.922 [XNIO-32 I/O-6] DEBUG o.s.w.s.a.HttpWebHandlerAdapter - [37a9b890-32] Completed 200 OK
17:53:58.923 [reactor-http-nio-11] DEBUG o.s.w.r.f.c.ExchangeFunctions - [3e3c4943] [8b3fffb9-1, L:/127.0.0.1:54217 - R:localhost/127.0.0.1:54216] Response 200 OK
17:53:58.923 [Test worker] DEBUG o.s.w.t.h.s.r.b.UndertowHttpServer - Stopping UndertowHttpServer...
17:53:58.923 [Test worker] INFO  i.undertow - stopping server: Undertow - 2.2.7.Final
17:53:58.924 [Test worker] DEBUG o.s.w.t.h.s.r.b.UndertowHttpServer - Server stopped (0 millis).
]]></system-out>
  <system-err><![CDATA[]]></system-err>
</testsuite>
