<?xml version="1.0" encoding="UTF-8"?>
<testsuite name="org.springframework.web.reactive.result.view.AbstractViewTests" tests="1" skipped="0" failures="0" errors="0" timestamp="2021-05-01T09:47:19" hostname="wangweilideMBP.lan" time="0.094">
  <properties/>
  <testcase name="resolveAsyncAttributes()" classname="org.springframework.web.reactive.result.view.AbstractViewTests" time="0.094"/>
  <system-out><![CDATA[17:47:19.919 [Test worker] DEBUG o.s.w.r.r.v.AbstractViewTests$TestView - [41960da9] View [TestView], model {attr5=MonoEmpty, attr2=FluxConcatMap, attr1=MonoDelayElement, attr4=io.reactivex.rxjava3.internal.operators.observable.ObservableFromArray@27b2549, attr3=io.reactivex.rxjava3.internal.operators.single.SingleJust@52d66e67}
]]></system-out>
  <system-err><![CDATA[]]></system-err>
</testsuite>
