<?xml version="1.0" encoding="UTF-8"?>
<testsuite name="org.springframework.web.reactive.socket.server.upgrade.ReactorNettyRequestUpgradeStrategyTests" tests="1" skipped="0" failures="0" errors="0" timestamp="2021-05-01T09:51:14" hostname="wangweilideMBP.lan" time="0.003">
  <properties/>
  <testcase name="defaultWebSocketSpecBuilderIsUniquePerRequest()" classname="org.springframework.web.reactive.socket.server.upgrade.ReactorNettyRequestUpgradeStrategyTests" time="0.003"/>
  <system-out><![CDATA[]]></system-out>
  <system-err><![CDATA[]]></system-err>
</testsuite>
