<?xml version="1.0" encoding="UTF-8"?>
<testsuite name="org.springframework.web.reactive.result.method.annotation.RequestParamMapMethodArgumentResolverTests" tests="3" skipped="0" failures="0" errors="0" timestamp="2021-04-26T08:35:09" hostname="wangweilideMacBook-Pro.local" time="0.012">
  <properties/>
  <testcase name="resolveMapArgumentWithQueryString()" classname="org.springframework.web.reactive.result.method.annotation.RequestParamMapMethodArgumentResolverTests" time="0.006"/>
  <testcase name="resolveMultiValueMapArgument()" classname="org.springframework.web.reactive.result.method.annotation.RequestParamMapMethodArgumentResolverTests" time="0.004"/>
  <testcase name="supportsParameter()" classname="org.springframework.web.reactive.result.method.annotation.RequestParamMapMethodArgumentResolverTests" time="0.002"/>
  <system-out><![CDATA[]]></system-out>
  <system-err><![CDATA[]]></system-err>
</testsuite>
