<?xml version="1.0" encoding="UTF-8"?>
<testsuite name="org.springframework.web.reactive.function.server.DefaultServerRequestTests" tests="43" skipped="0" failures="0" errors="0" timestamp="2021-05-01T09:53:41" hostname="wangweilideMBP.lan" time="0.307">
  <properties/>
  <testcase name="[1] GET" classname="org.springframework.web.reactive.function.server.DefaultServerRequestTests" time="0.006"/>
  <testcase name="[2] HEAD" classname="org.springframework.web.reactive.function.server.DefaultServerRequestTests" time="0.005"/>
  <testcase name="bodyUnacceptable()" classname="org.springframework.web.reactive.function.server.DefaultServerRequestTests" time="0.007"/>
  <testcase name="bodyToFluxParameterizedTypeReference()" classname="org.springframework.web.reactive.function.server.DefaultServerRequestTests" time="0.005"/>
  <testcase name="absentQueryParam()" classname="org.springframework.web.reactive.function.server.DefaultServerRequestTests" time="0.004"/>
  <testcase name="[1] GET" classname="org.springframework.web.reactive.function.server.DefaultServerRequestTests" time="0.005"/>
  <testcase name="[2] HEAD" classname="org.springframework.web.reactive.function.server.DefaultServerRequestTests" time="0.005"/>
  <testcase name="multipartData()" classname="org.springframework.web.reactive.function.server.DefaultServerRequestTests" time="0.017"/>
  <testcase name="queryParams()" classname="org.springframework.web.reactive.function.server.DefaultServerRequestTests" time="0.005"/>
  <testcase name="header()" classname="org.springframework.web.reactive.function.server.DefaultServerRequestTests" time="0.005"/>
  <testcase name="uriBuilder()" classname="org.springframework.web.reactive.function.server.DefaultServerRequestTests" time="0.004"/>
  <testcase name="method()" classname="org.springframework.web.reactive.function.server.DefaultServerRequestTests" time="0.004"/>
  <testcase name="[1] GET" classname="org.springframework.web.reactive.function.server.DefaultServerRequestTests" time="0.005"/>
  <testcase name="[2] HEAD" classname="org.springframework.web.reactive.function.server.DefaultServerRequestTests" time="0.004"/>
  <testcase name="[1] GET" classname="org.springframework.web.reactive.function.server.DefaultServerRequestTests" time="0.005"/>
  <testcase name="[2] HEAD" classname="org.springframework.web.reactive.function.server.DefaultServerRequestTests" time="0.005"/>
  <testcase name="[1] GET" classname="org.springframework.web.reactive.function.server.DefaultServerRequestTests" time="0.005"/>
  <testcase name="[2] HEAD" classname="org.springframework.web.reactive.function.server.DefaultServerRequestTests" time="0.004"/>
  <testcase name="bodyToFlux()" classname="org.springframework.web.reactive.function.server.DefaultServerRequestTests" time="0.004"/>
  <testcase name="bodyToMono()" classname="org.springframework.web.reactive.function.server.DefaultServerRequestTests" time="0.005"/>
  <testcase name="uri()" classname="org.springframework.web.reactive.function.server.DefaultServerRequestTests" time="0.005"/>
  <testcase name="body()" classname="org.springframework.web.reactive.function.server.DefaultServerRequestTests" time="0.005"/>
  <testcase name="attribute()" classname="org.springframework.web.reactive.function.server.DefaultServerRequestTests" time="0.004"/>
  <testcase name="[1] GET" classname="org.springframework.web.reactive.function.server.DefaultServerRequestTests" time="0.005"/>
  <testcase name="[2] HEAD" classname="org.springframework.web.reactive.function.server.DefaultServerRequestTests" time="0.005"/>
  <testcase name="formData()" classname="org.springframework.web.reactive.function.server.DefaultServerRequestTests" time="0.006"/>
  <testcase name="pathVariableNotFound()" classname="org.springframework.web.reactive.function.server.DefaultServerRequestTests" time="0.004"/>
  <testcase name="[1] GET" classname="org.springframework.web.reactive.function.server.DefaultServerRequestTests" time="0.004"/>
  <testcase name="[2] HEAD" classname="org.springframework.web.reactive.function.server.DefaultServerRequestTests" time="0.004"/>
  <testcase name="cookies()" classname="org.springframework.web.reactive.function.server.DefaultServerRequestTests" time="0.004"/>
  <testcase name="emptyQueryParam()" classname="org.springframework.web.reactive.function.server.DefaultServerRequestTests" time="0.004"/>
  <testcase name="[1] GET" classname="org.springframework.web.reactive.function.server.DefaultServerRequestTests" time="0.014"/>
  <testcase name="[2] HEAD" classname="org.springframework.web.reactive.function.server.DefaultServerRequestTests" time="0.005"/>
  <testcase name="[1] GET" classname="org.springframework.web.reactive.function.server.DefaultServerRequestTests" time="0.004"/>
  <testcase name="[2] HEAD" classname="org.springframework.web.reactive.function.server.DefaultServerRequestTests" time="0.004"/>
  <testcase name="pathVariables()" classname="org.springframework.web.reactive.function.server.DefaultServerRequestTests" time="0.004"/>
  <testcase name="pathVariable()" classname="org.springframework.web.reactive.function.server.DefaultServerRequestTests" time="0.005"/>
  <testcase name="[1] GET" classname="org.springframework.web.reactive.function.server.DefaultServerRequestTests" time="0.005"/>
  <testcase name="[2] HEAD" classname="org.springframework.web.reactive.function.server.DefaultServerRequestTests" time="0.004"/>
  <testcase name="bodyToMonoParameterizedTypeReference()" classname="org.springframework.web.reactive.function.server.DefaultServerRequestTests" time="0.004"/>
  <testcase name="[1] GET" classname="org.springframework.web.reactive.function.server.DefaultServerRequestTests" time="0.005"/>
  <testcase name="[2] HEAD" classname="org.springframework.web.reactive.function.server.DefaultServerRequestTests" time="0.004"/>
  <testcase name="bodyToMonoDecodingException()" classname="org.springframework.web.reactive.function.server.DefaultServerRequestTests" time="0.007"/>
  <system-out><![CDATA[17:53:41.671 [Test worker] DEBUG o.s.c.c.StringDecoder - [fc00f71] Decoded "foo"
17:53:41.707 [Test worker] DEBUG o.s.h.c.m.MultipartHttpMessageReader - [10628a75] Parsed parts [foo, baz] (content masked)
17:53:41.787 [Test worker] DEBUG o.s.c.c.StringDecoder - [2377d322] Decoded "foo"
17:53:41.793 [Test worker] DEBUG o.s.c.c.StringDecoder - [6769fb60] Decoded "foo"
17:53:41.805 [Test worker] DEBUG o.s.c.c.StringDecoder - [6a735295] Decoded "foo"
17:53:41.831 [Test worker] DEBUG o.s.h.c.FormHttpMessageReader - [cd8afc7] Read form fields [foo, baz] (content masked)
17:53:41.918 [Test worker] DEBUG o.s.c.c.StringDecoder - [37446760] Decoded "foo"
]]></system-out>
  <system-err><![CDATA[]]></system-err>
</testsuite>
