<?xml version="1.0" encoding="UTF-8"?>
<testsuite name="org.springframework.web.reactive.function.server.CoRouterFunctionDslTests" tests="12" skipped="0" failures="0" errors="0" timestamp="2021-04-26T08:40:07" hostname="wangweilideMacBook-Pro.local" time="0.161">
  <properties/>
  <testcase name="accept()" classname="org.springframework.web.reactive.function.server.CoRouterFunctionDslTests" time="0.028"/>
  <testcase name="header()" classname="org.springframework.web.reactive.function.server.CoRouterFunctionDslTests" time="0.005"/>
  <testcase name="method()" classname="org.springframework.web.reactive.function.server.CoRouterFunctionDslTests" time="0.005"/>
  <testcase name="resourceByPath()" classname="org.springframework.web.reactive.function.server.CoRouterFunctionDslTests" time="0.008"/>
  <testcase name="contentType()" classname="org.springframework.web.reactive.function.server.CoRouterFunctionDslTests" time="0.006"/>
  <testcase name="resource()" classname="org.springframework.web.reactive.function.server.CoRouterFunctionDslTests" time="0.057"/>
  <testcase name="path()" classname="org.springframework.web.reactive.function.server.CoRouterFunctionDslTests" time="0.005"/>
  <testcase name="emptyRouter()" classname="org.springframework.web.reactive.function.server.CoRouterFunctionDslTests" time="0.001"/>
  <testcase name="acceptAndPOSTWithRequestPredicate()" classname="org.springframework.web.reactive.function.server.CoRouterFunctionDslTests" time="0.008"/>
  <testcase name="rendering()" classname="org.springframework.web.reactive.function.server.CoRouterFunctionDslTests" time="0.024"/>
  <testcase name="acceptAndPOST()" classname="org.springframework.web.reactive.function.server.CoRouterFunctionDslTests" time="0.005"/>
  <testcase name="noRoute()" classname="org.springframework.web.reactive.function.server.CoRouterFunctionDslTests" time="0.005"/>
  <system-out><![CDATA[]]></system-out>
  <system-err><![CDATA[]]></system-err>
</testsuite>
