<?xml version="1.0" encoding="UTF-8"?>
<testsuite name="org.springframework.web.reactive.handler.WebFluxResponseStatusExceptionHandlerTests" tests="8" skipped="0" failures="0" errors="0" timestamp="2021-05-01T09:47:17" hostname="wangweilideMBP.lan" time="0.427">
  <properties/>
  <testcase name="handleNestedResponseStatusException()" classname="org.springframework.web.reactive.handler.WebFluxResponseStatusExceptionHandlerTests" time="0.184"/>
  <testcase name="unresolvedException()" classname="org.springframework.web.reactive.handler.WebFluxResponseStatusExceptionHandlerTests" time="0.027"/>
  <testcase name="handleResponseStatusExceptionWithHeaders()" classname="org.springframework.web.reactive.handler.WebFluxResponseStatusExceptionHandlerTests" time="0.031"/>
  <testcase name="handleMethodNotAllowed()" classname="org.springframework.web.reactive.handler.WebFluxResponseStatusExceptionHandlerTests" time="0.005"/>
  <testcase name="responseCommitted()" classname="org.springframework.web.reactive.handler.WebFluxResponseStatusExceptionHandlerTests" time="0.003"/>
  <testcase name="handleResponseStatusException()" classname="org.springframework.web.reactive.handler.WebFluxResponseStatusExceptionHandlerTests" time="0.001"/>
  <testcase name="handleAnnotatedException()" classname="org.springframework.web.reactive.handler.WebFluxResponseStatusExceptionHandlerTests" time="0.045"/>
  <testcase name="handleNestedAnnotatedException()" classname="org.springframework.web.reactive.handler.WebFluxResponseStatusExceptionHandlerTests" time="0.001"/>
  <system-out><![CDATA[17:47:17.844 [Test worker] WARN  o.s.h.c.j.Jackson2ObjectMapperBuilder - For Jackson Kotlin classes support please add "com.fasterxml.jackson.module:jackson-module-kotlin" to the classpath
17:47:18.013 [Test worker] DEBUG o.s.w.s.h.ResponseStatusExceptionHandler - [39a860a7] Resolved [Exception: org.springframework.web.server.ResponseStatusException: 400 BAD_REQUEST ""] for HTTP GET /
17:47:18.247 [Test worker] DEBUG o.s.w.s.h.ResponseStatusExceptionHandler - [2337ea8d] Resolved [NotAcceptableStatusException: 406 NOT_ACCEPTABLE "Could not find acceptable representation"] for HTTP GET /
17:47:18.288 [Test worker] DEBUG o.s.w.s.h.ResponseStatusExceptionHandler - [5f12e09c] Resolved [MethodNotAllowedException: 405 METHOD_NOT_ALLOWED "Request method 'PATCH' not supported"] for HTTP GET /
17:47:18.323 [Test worker] DEBUG o.s.w.s.h.ResponseStatusExceptionHandler - [1a68c562] Resolved [ResponseStatusException: 400 BAD_REQUEST ""] for HTTP GET /
17:47:18.383 [Test worker] DEBUG o.s.w.s.h.ResponseStatusExceptionHandler - [6dd5b1a] Resolved [CustomException: null] for HTTP GET /
17:47:18.413 [Test worker] DEBUG o.s.w.s.h.ResponseStatusExceptionHandler - [3d7beb16] Resolved [Exception: org.springframework.web.reactive.handler.WebFluxResponseStatusExceptionHandlerTests$CustomException] for HTTP GET /
]]></system-out>
  <system-err><![CDATA[]]></system-err>
</testsuite>
