<?xml version="1.0" encoding="UTF-8"?>
<testsuite name="org.springframework.web.reactive.result.view.RequestContextTests" tests="3" skipped="0" failures="0" errors="0" timestamp="2021-04-26T08:32:01" hostname="wangweilideMacBook-Pro.local" time="0.022">
  <properties/>
  <testcase name="testGetContextUrlWithMap()" classname="org.springframework.web.reactive.result.view.RequestContextTests" time="0.002"/>
  <testcase name="testGetContextUrlWithMapEscaping()" classname="org.springframework.web.reactive.result.view.RequestContextTests" time="0.003"/>
  <testcase name="testGetContextUrl()" classname="org.springframework.web.reactive.result.view.RequestContextTests" time="0.001"/>
  <system-out><![CDATA[]]></system-out>
  <system-err><![CDATA[]]></system-err>
</testsuite>
