<?xml version="1.0" encoding="UTF-8"?>
<testsuite name="org.springframework.web.reactive.accept.RequestedContentTypeResolverBuilderTests" tests="5" skipped="0" failures="0" errors="0" timestamp="2021-04-26T08:37:45" hostname="wangweilideMacBook-Pro.local" time="0.031">
  <properties/>
  <testcase name="parameterResolverWithCustomParamName()" classname="org.springframework.web.reactive.accept.RequestedContentTypeResolverBuilderTests" time="0.008"/>
  <testcase name="parameterResolver()" classname="org.springframework.web.reactive.accept.RequestedContentTypeResolverBuilderTests" time="0.004"/>
  <testcase name="defaultSettings()" classname="org.springframework.web.reactive.accept.RequestedContentTypeResolverBuilderTests" time="0.005"/>
  <testcase name="resolver()" classname="org.springframework.web.reactive.accept.RequestedContentTypeResolverBuilderTests" time="0.008"/>
  <testcase name="fixedResolver()" classname="org.springframework.web.reactive.accept.RequestedContentTypeResolverBuilderTests" time="0.005"/>
  <system-out><![CDATA[]]></system-out>
  <system-err><![CDATA[]]></system-err>
</testsuite>
