<?xml version="1.0" encoding="UTF-8"?>
<testsuite name="org.springframework.web.reactive.result.SimpleUrlHandlerMappingIntegrationTests" tests="16" skipped="0" failures="0" errors="0" timestamp="2021-05-01T09:47:18" hostname="wangweilideMBP.lan" time="47.675">
  <properties/>
  <testcase name="[1] org.springframework.web.testfixture.http.server.reactive.bootstrap.JettyHttpServer@4381937" classname="org.springframework.web.reactive.result.SimpleUrlHandlerMappingIntegrationTests" time="1.087"/>
  <testcase name="[2] org.springframework.web.testfixture.http.server.reactive.bootstrap.ReactorHttpServer@77f37e76" classname="org.springframework.web.reactive.result.SimpleUrlHandlerMappingIntegrationTests" time="0.61"/>
  <testcase name="[3] org.springframework.web.testfixture.http.server.reactive.bootstrap.TomcatHttpServer@52f604a3" classname="org.springframework.web.reactive.result.SimpleUrlHandlerMappingIntegrationTests" time="11.999"/>
  <testcase name="[4] org.springframework.web.testfixture.http.server.reactive.bootstrap.UndertowHttpServer@351bdd11" classname="org.springframework.web.reactive.result.SimpleUrlHandlerMappingIntegrationTests" time="0.182"/>
  <testcase name="[1] org.springframework.web.testfixture.http.server.reactive.bootstrap.JettyHttpServer@44527f6d" classname="org.springframework.web.reactive.result.SimpleUrlHandlerMappingIntegrationTests" time="0.042"/>
  <testcase name="[2] org.springframework.web.testfixture.http.server.reactive.bootstrap.ReactorHttpServer@2f4f99c0" classname="org.springframework.web.reactive.result.SimpleUrlHandlerMappingIntegrationTests" time="0.034"/>
  <testcase name="[3] org.springframework.web.testfixture.http.server.reactive.bootstrap.TomcatHttpServer@7f3423ba" classname="org.springframework.web.reactive.result.SimpleUrlHandlerMappingIntegrationTests" time="11.181"/>
  <testcase name="[4] org.springframework.web.testfixture.http.server.reactive.bootstrap.UndertowHttpServer@60b25431" classname="org.springframework.web.reactive.result.SimpleUrlHandlerMappingIntegrationTests" time="0.033"/>
  <testcase name="[1] org.springframework.web.testfixture.http.server.reactive.bootstrap.JettyHttpServer@37114de" classname="org.springframework.web.reactive.result.SimpleUrlHandlerMappingIntegrationTests" time="0.025"/>
  <testcase name="[2] org.springframework.web.testfixture.http.server.reactive.bootstrap.ReactorHttpServer@b76a044" classname="org.springframework.web.reactive.result.SimpleUrlHandlerMappingIntegrationTests" time="0.018"/>
  <testcase name="[3] org.springframework.web.testfixture.http.server.reactive.bootstrap.TomcatHttpServer@53e0ac6e" classname="org.springframework.web.reactive.result.SimpleUrlHandlerMappingIntegrationTests" time="11.166"/>
  <testcase name="[4] org.springframework.web.testfixture.http.server.reactive.bootstrap.UndertowHttpServer@24e5eb82" classname="org.springframework.web.reactive.result.SimpleUrlHandlerMappingIntegrationTests" time="0.028"/>
  <testcase name="[1] org.springframework.web.testfixture.http.server.reactive.bootstrap.JettyHttpServer@23c9011e" classname="org.springframework.web.reactive.result.SimpleUrlHandlerMappingIntegrationTests" time="0.024"/>
  <testcase name="[2] org.springframework.web.testfixture.http.server.reactive.bootstrap.ReactorHttpServer@8c6d98a" classname="org.springframework.web.reactive.result.SimpleUrlHandlerMappingIntegrationTests" time="0.02"/>
  <testcase name="[3] org.springframework.web.testfixture.http.server.reactive.bootstrap.TomcatHttpServer@4c20d20e" classname="org.springframework.web.reactive.result.SimpleUrlHandlerMappingIntegrationTests" time="11.181"/>
  <testcase name="[4] org.springframework.web.testfixture.http.server.reactive.bootstrap.UndertowHttpServer@42e86c60" classname="org.springframework.web.reactive.result.SimpleUrlHandlerMappingIntegrationTests" time="0.027"/>
  <system-out><![CDATA[17:47:19.316 [Test worker] DEBUG o.s.w.r.h.SimpleUrlHandlerMapping - Patterns [/foo, /bar, /header] in 'handlerMapping'
17:47:19.341 [Test worker] DEBUG o.s.w.s.a.HttpWebHandlerAdapter - enableLoggingRequestDetails='false': form data and headers will be masked to prevent unsafe logging of potentially sensitive data
17:47:19.365 [Test worker] INFO  o.e.j.u.log - Logging initialized @6392ms to org.eclipse.jetty.util.log.Slf4jLog
17:47:19.414 [Test worker] WARN  o.e.j.s.h.ContextHandler - Empty contextPath
17:47:19.465 [Test worker] INFO  o.e.j.s.h.ContextHandler - Started o.e.j.s.ServletContextHandler@7877a29b{/,null,AVAILABLE}
17:47:19.508 [Test worker] DEBUG o.s.w.t.h.s.r.b.JettyHttpServer - Starting JettyHttpServer...
17:47:19.515 [Test worker] INFO  o.e.j.s.Server - jetty-9.4.39.v20210325; built: 2021-03-25T14:42:11.471Z; git: 9fc7ca5a922f2a37b84ec9dbc26a5168cee7e667; jvm 1.8.0_181-b13
17:47:19.567 [Test worker] INFO  o.e.j.s.AbstractConnector - Started ServerConnector@399424e3{HTTP/1.1, (http/1.1)}{0.0.0.0:51661}
17:47:19.568 [Test worker] INFO  o.e.j.s.Server - Started @6597ms
17:47:19.568 [Test worker] DEBUG o.s.w.t.h.s.r.b.JettyHttpServer - Server started on port 51661(0 millis).
17:47:19.627 [Test worker] DEBUG o.s.w.c.RestTemplate - HTTP GET http://localhost:51661/oops
17:47:19.651 [Test worker] DEBUG o.s.w.c.RestTemplate - Accept=[application/octet-stream, application/json, application/x-jackson-smile, application/*+json, */*]
17:47:19.844 [qtp2127483643-37] DEBUG o.s.w.s.a.HttpWebHandlerAdapter - [5aafa626] HTTP GET "/oops"
17:47:19.871 [qtp2127483643-37] DEBUG o.s.w.s.h.ResponseStatusExceptionHandler - [5aafa626] Resolved [ResponseStatusException: 404 NOT_FOUND "No matching handler"] for HTTP GET /oops
17:47:19.872 [qtp2127483643-37] DEBUG o.s.w.s.a.HttpWebHandlerAdapter - [5aafa626] Completed 404 NOT_FOUND
17:47:19.882 [Test worker] DEBUG o.s.w.c.RestTemplate - Response 404 NOT_FOUND
17:47:19.891 [Test worker] DEBUG o.s.w.t.h.s.r.b.JettyHttpServer - Stopping JettyHttpServer...
17:47:19.894 [Test worker] INFO  o.e.j.s.h.ContextHandler - Stopped o.e.j.s.ServletContextHandler@7877a29b{/,null,STOPPED}
17:47:19.914 [Test worker] INFO  o.e.j.s.AbstractConnector - Stopped ServerConnector@399424e3{HTTP/1.1, (http/1.1)}{0.0.0.0:0}
17:47:19.919 [Test worker] DEBUG o.s.w.t.h.s.r.b.JettyHttpServer - Server stopped (0 millis).
17:47:19.945 [Test worker] DEBUG o.s.w.r.h.SimpleUrlHandlerMapping - Patterns [/foo, /bar, /header] in 'handlerMapping'
17:47:19.947 [Test worker] DEBUG o.s.w.s.a.HttpWebHandlerAdapter - enableLoggingRequestDetails='false': form data and headers will be masked to prevent unsafe logging of potentially sensitive data
17:47:20.086 [Test worker] DEBUG o.s.w.t.h.s.r.b.ReactorHttpServer - Starting ReactorHttpServer...
17:47:20.332 [Test worker] DEBUG o.s.w.t.h.s.r.b.ReactorHttpServer - Server started on port 51669(0 millis).
17:47:20.345 [Test worker] DEBUG o.s.w.c.RestTemplate - HTTP GET http://localhost:51669/oops
17:47:20.345 [Test worker] DEBUG o.s.w.c.RestTemplate - Accept=[application/octet-stream, application/json, application/x-jackson-smile, application/*+json, */*]
17:47:20.521 [reactor-http-nio-2] DEBUG o.s.w.s.a.HttpWebHandlerAdapter - [9fdab0c3-1, L:/127.0.0.1:51669 - R:/127.0.0.1:51670] HTTP GET "/oops"
17:47:20.523 [reactor-http-nio-2] DEBUG o.s.w.s.h.ResponseStatusExceptionHandler - [9fdab0c3-1, L:/127.0.0.1:51669 - R:/127.0.0.1:51670] Resolved [ResponseStatusException: 404 NOT_FOUND "No matching handler"] for HTTP GET /oops
17:47:20.523 [reactor-http-nio-2] DEBUG o.s.w.s.a.HttpWebHandlerAdapter - [9fdab0c3-1, L:/127.0.0.1:51669 - R:/127.0.0.1:51670] Completed 404 NOT_FOUND
17:47:20.531 [Test worker] DEBUG o.s.w.c.RestTemplate - Response 404 NOT_FOUND
17:47:20.532 [Test worker] DEBUG o.s.w.t.h.s.r.b.ReactorHttpServer - Stopping ReactorHttpServer...
17:47:20.535 [Test worker] DEBUG o.s.w.t.h.s.r.b.ReactorHttpServer - Server stopped (0 millis).
17:47:20.549 [Test worker] DEBUG o.s.w.r.h.SimpleUrlHandlerMapping - Patterns [/foo, /bar, /header] in 'handlerMapping'
17:47:20.550 [Test worker] DEBUG o.s.w.s.a.HttpWebHandlerAdapter - enableLoggingRequestDetails='false': form data and headers will be masked to prevent unsafe logging of potentially sensitive data
17:47:20.629 [Test worker] DEBUG o.s.w.t.h.s.r.b.TomcatHttpServer - Starting TomcatHttpServer...
17:47:21.234 [Test worker] DEBUG o.s.w.t.h.s.r.b.TomcatHttpServer - Server started on port 51678(0 millis).
17:47:21.248 [Test worker] DEBUG o.s.w.c.RestTemplate - HTTP GET http://localhost:51678/oops
17:47:21.248 [Test worker] DEBUG o.s.w.c.RestTemplate - Accept=[application/octet-stream, application/json, application/x-jackson-smile, application/*+json, */*]
17:47:21.343 [http-nio-auto-1-exec-1] DEBUG o.s.w.s.a.HttpWebHandlerAdapter - [3c4d14b9] HTTP GET "/oops"
17:47:21.344 [http-nio-auto-1-exec-1] DEBUG o.s.w.s.h.ResponseStatusExceptionHandler - [3c4d14b9] Resolved [ResponseStatusException: 404 NOT_FOUND "No matching handler"] for HTTP GET /oops
17:47:21.345 [http-nio-auto-1-exec-1] DEBUG o.s.w.s.a.HttpWebHandlerAdapter - [3c4d14b9] Completed 404 NOT_FOUND
17:47:21.348 [Test worker] DEBUG o.s.w.c.RestTemplate - Response 404 NOT_FOUND
17:47:21.350 [Test worker] DEBUG o.s.w.t.h.s.r.b.TomcatHttpServer - Stopping TomcatHttpServer...
17:47:32.535 [Test worker] DEBUG o.s.w.t.h.s.r.b.TomcatHttpServer - Server stopped (0 millis).
17:47:32.544 [Test worker] DEBUG o.s.w.r.h.SimpleUrlHandlerMapping - Patterns [/foo, /bar, /header] in 'handlerMapping'
17:47:32.545 [Test worker] DEBUG o.s.w.s.a.HttpWebHandlerAdapter - enableLoggingRequestDetails='false': form data and headers will be masked to prevent unsafe logging of potentially sensitive data
17:47:32.550 [Test worker] DEBUG o.s.w.t.h.s.r.b.UndertowHttpServer - Starting UndertowHttpServer...
17:47:32.568 [Test worker] INFO  i.undertow - starting server: Undertow - 2.2.7.Final
17:47:32.577 [Test worker] INFO  o.xnio - XNIO version 3.8.0.Final
17:47:32.599 [Test worker] INFO  o.x.nio - XNIO NIO Implementation Version 3.8.0.Final
17:47:32.624 [Test worker] INFO  o.j.threads - JBoss Threads version 3.1.0.Final
17:47:32.670 [Test worker] DEBUG o.s.w.t.h.s.r.b.UndertowHttpServer - Server started on port 51723(0 millis).
17:47:32.676 [Test worker] DEBUG o.s.w.c.RestTemplate - HTTP GET http://localhost:51723/oops
17:47:32.676 [Test worker] DEBUG o.s.w.c.RestTemplate - Accept=[application/octet-stream, application/json, application/x-jackson-smile, application/*+json, */*]
17:47:32.707 [XNIO-1 I/O-7] DEBUG o.s.w.s.a.HttpWebHandlerAdapter - [81f2f44-1] HTTP GET "/oops"
17:47:32.708 [XNIO-1 I/O-7] DEBUG o.s.w.s.h.ResponseStatusExceptionHandler - [81f2f44-1] Resolved [ResponseStatusException: 404 NOT_FOUND "No matching handler"] for HTTP GET /oops
17:47:32.708 [XNIO-1 I/O-7] DEBUG o.s.w.s.a.HttpWebHandlerAdapter - [81f2f44-1] Completed 404 NOT_FOUND
17:47:32.712 [Test worker] DEBUG o.s.w.c.RestTemplate - Response 404 NOT_FOUND
17:47:32.713 [Test worker] DEBUG o.s.w.t.h.s.r.b.UndertowHttpServer - Stopping UndertowHttpServer...
17:47:32.713 [Test worker] INFO  i.undertow - stopping server: Undertow - 2.2.7.Final
17:47:32.718 [Test worker] DEBUG o.s.w.t.h.s.r.b.UndertowHttpServer - Server stopped (0 millis).
17:47:32.726 [Test worker] DEBUG o.s.w.r.h.SimpleUrlHandlerMapping - Patterns [/foo, /bar, /header] in 'handlerMapping'
17:47:32.727 [Test worker] DEBUG o.s.w.s.a.HttpWebHandlerAdapter - enableLoggingRequestDetails='false': form data and headers will be masked to prevent unsafe logging of potentially sensitive data
17:47:32.727 [Test worker] WARN  o.e.j.s.h.ContextHandler - Empty contextPath
17:47:32.728 [Test worker] INFO  o.e.j.s.h.ContextHandler - Started o.e.j.s.ServletContextHandler@3e0270ff{/,null,AVAILABLE}
17:47:32.728 [Test worker] DEBUG o.s.w.t.h.s.r.b.JettyHttpServer - Starting JettyHttpServer...
17:47:32.728 [Test worker] INFO  o.e.j.s.Server - jetty-9.4.39.v20210325; built: 2021-03-25T14:42:11.471Z; git: 9fc7ca5a922f2a37b84ec9dbc26a5168cee7e667; jvm 1.8.0_181-b13
17:47:32.731 [Test worker] INFO  o.e.j.s.AbstractConnector - Started ServerConnector@1e32dce5{HTTP/1.1, (http/1.1)}{0.0.0.0:51725}
17:47:32.731 [Test worker] INFO  o.e.j.s.Server - Started @19760ms
17:47:32.731 [Test worker] DEBUG o.s.w.t.h.s.r.b.JettyHttpServer - Server started on port 51725(0 millis).
17:47:32.736 [Test worker] DEBUG o.s.w.c.RestTemplate - HTTP GET http://localhost:51725/foo
17:47:32.737 [Test worker] DEBUG o.s.w.c.RestTemplate - Accept=[application/octet-stream, application/json, application/x-jackson-smile, application/*+json, */*]
17:47:32.742 [qtp1328659333-85] DEBUG o.s.w.s.a.HttpWebHandlerAdapter - [3caa3ba0] HTTP GET "/foo"
17:47:32.744 [qtp1328659333-85] DEBUG o.s.w.r.h.SimpleUrlHandlerMapping - [3caa3ba0] Mapped to org.springframework.web.reactive.result.SimpleUrlHandlerMappingIntegrationTests$WebConfig$$Lambda$564/1811950045@592b4933
17:47:32.753 [Test worker] DEBUG o.s.w.c.RestTemplate - Response 200 OK
17:47:32.755 [Test worker] DEBUG o.s.w.c.RestTemplate - Reading to [[B] as "application/octet-stream"
17:47:32.756 [qtp1328659333-85] DEBUG o.s.w.s.a.HttpWebHandlerAdapter - [3caa3ba0] Completed 200 OK
17:47:32.760 [Test worker] DEBUG o.s.w.t.h.s.r.b.JettyHttpServer - Stopping JettyHttpServer...
17:47:32.760 [Test worker] INFO  o.e.j.s.h.ContextHandler - Stopped o.e.j.s.ServletContextHandler@3e0270ff{/,null,STOPPED}
17:47:32.762 [Test worker] INFO  o.e.j.s.AbstractConnector - Stopped ServerConnector@1e32dce5{HTTP/1.1, (http/1.1)}{0.0.0.0:0}
17:47:32.762 [Test worker] DEBUG o.s.w.t.h.s.r.b.JettyHttpServer - Server stopped (0 millis).
17:47:32.768 [Test worker] DEBUG o.s.w.r.h.SimpleUrlHandlerMapping - Patterns [/foo, /bar, /header] in 'handlerMapping'
17:47:32.769 [Test worker] DEBUG o.s.w.s.a.HttpWebHandlerAdapter - enableLoggingRequestDetails='false': form data and headers will be masked to prevent unsafe logging of potentially sensitive data
17:47:32.769 [Test worker] DEBUG o.s.w.t.h.s.r.b.ReactorHttpServer - Starting ReactorHttpServer...
17:47:32.770 [Test worker] DEBUG o.s.w.t.h.s.r.b.ReactorHttpServer - Server started on port 51727(0 millis).
17:47:32.775 [Test worker] DEBUG o.s.w.c.RestTemplate - HTTP GET http://localhost:51727/foo
17:47:32.776 [Test worker] DEBUG o.s.w.c.RestTemplate - Accept=[application/octet-stream, application/json, application/x-jackson-smile, application/*+json, */*]
17:47:32.784 [reactor-http-nio-4] DEBUG o.s.w.s.a.HttpWebHandlerAdapter - [785c7a92-1, L:/127.0.0.1:51727 - R:/127.0.0.1:51728] HTTP GET "/foo"
17:47:32.784 [reactor-http-nio-4] DEBUG o.s.w.r.h.SimpleUrlHandlerMapping - [785c7a92-1, L:/127.0.0.1:51727 - R:/127.0.0.1:51728] Mapped to org.springframework.web.reactive.result.SimpleUrlHandlerMappingIntegrationTests$WebConfig$$Lambda$564/1811950045@592b4933
17:47:32.789 [Test worker] DEBUG o.s.w.c.RestTemplate - Response 200 OK
17:47:32.796 [Test worker] DEBUG o.s.w.c.RestTemplate - Reading to [[B] as "application/octet-stream"
17:47:32.796 [reactor-http-nio-4] DEBUG o.s.w.s.a.HttpWebHandlerAdapter - [785c7a92-1, L:/127.0.0.1:51727 - R:/127.0.0.1:51728] Completed 200 OK
17:47:32.797 [Test worker] DEBUG o.s.w.t.h.s.r.b.ReactorHttpServer - Stopping ReactorHttpServer...
17:47:32.797 [Test worker] DEBUG o.s.w.t.h.s.r.b.ReactorHttpServer - Server stopped (0 millis).
17:47:32.804 [Test worker] DEBUG o.s.w.r.h.SimpleUrlHandlerMapping - Patterns [/foo, /bar, /header] in 'handlerMapping'
17:47:32.804 [Test worker] DEBUG o.s.w.s.a.HttpWebHandlerAdapter - enableLoggingRequestDetails='false': form data and headers will be masked to prevent unsafe logging of potentially sensitive data
17:47:32.805 [Test worker] DEBUG o.s.w.t.h.s.r.b.TomcatHttpServer - Starting TomcatHttpServer...
17:47:32.811 [Test worker] DEBUG o.s.w.t.h.s.r.b.TomcatHttpServer - Server started on port 51730(0 millis).
17:47:32.817 [Test worker] DEBUG o.s.w.c.RestTemplate - HTTP GET http://localhost:51730/foo
17:47:32.818 [Test worker] DEBUG o.s.w.c.RestTemplate - Accept=[application/octet-stream, application/json, application/x-jackson-smile, application/*+json, */*]
17:47:32.825 [http-nio-auto-2-exec-1] DEBUG o.s.w.s.a.HttpWebHandlerAdapter - [63ed6e7b] HTTP GET "/foo"
17:47:32.825 [http-nio-auto-2-exec-1] DEBUG o.s.w.r.h.SimpleUrlHandlerMapping - [63ed6e7b] Mapped to org.springframework.web.reactive.result.SimpleUrlHandlerMappingIntegrationTests$WebConfig$$Lambda$564/1811950045@592b4933
17:47:32.826 [http-nio-auto-2-exec-1] DEBUG o.s.w.s.a.HttpWebHandlerAdapter - [63ed6e7b] Completed 200 OK
17:47:32.826 [Test worker] DEBUG o.s.w.c.RestTemplate - Response 200 OK
17:47:32.826 [Test worker] DEBUG o.s.w.c.RestTemplate - Reading to [[B] as "application/octet-stream"
17:47:32.827 [Test worker] DEBUG o.s.w.t.h.s.r.b.TomcatHttpServer - Stopping TomcatHttpServer...
17:47:43.979 [Test worker] DEBUG o.s.w.t.h.s.r.b.TomcatHttpServer - Server stopped (0 millis).
17:47:43.986 [Test worker] DEBUG o.s.w.r.h.SimpleUrlHandlerMapping - Patterns [/foo, /bar, /header] in 'handlerMapping'
17:47:43.987 [Test worker] DEBUG o.s.w.s.a.HttpWebHandlerAdapter - enableLoggingRequestDetails='false': form data and headers will be masked to prevent unsafe logging of potentially sensitive data
17:47:43.987 [Test worker] DEBUG o.s.w.t.h.s.r.b.UndertowHttpServer - Starting UndertowHttpServer...
17:47:43.988 [Test worker] INFO  i.undertow - starting server: Undertow - 2.2.7.Final
17:47:43.991 [Test worker] DEBUG o.s.w.t.h.s.r.b.UndertowHttpServer - Server started on port 51785(0 millis).
17:47:43.997 [Test worker] DEBUG o.s.w.c.RestTemplate - HTTP GET http://localhost:51785/foo
17:47:43.998 [Test worker] DEBUG o.s.w.c.RestTemplate - Accept=[application/octet-stream, application/json, application/x-jackson-smile, application/*+json, */*]
17:47:44.004 [XNIO-2 I/O-14] DEBUG o.s.w.s.a.HttpWebHandlerAdapter - [548a7605-2] HTTP GET "/foo"
17:47:44.004 [XNIO-2 I/O-14] DEBUG o.s.w.r.h.SimpleUrlHandlerMapping - [548a7605-2] Mapped to org.springframework.web.reactive.result.SimpleUrlHandlerMappingIntegrationTests$WebConfig$$Lambda$564/1811950045@592b4933
17:47:44.011 [XNIO-2 I/O-14] DEBUG o.s.w.s.a.HttpWebHandlerAdapter - [548a7605-2] Completed 200 OK
17:47:44.011 [Test worker] DEBUG o.s.w.c.RestTemplate - Response 200 OK
17:47:44.011 [Test worker] DEBUG o.s.w.c.RestTemplate - Reading to [[B] as "application/octet-stream"
17:47:44.012 [Test worker] DEBUG o.s.w.t.h.s.r.b.UndertowHttpServer - Stopping UndertowHttpServer...
17:47:44.012 [Test worker] INFO  i.undertow - stopping server: Undertow - 2.2.7.Final
17:47:44.013 [Test worker] DEBUG o.s.w.t.h.s.r.b.UndertowHttpServer - Server stopped (0 millis).
17:47:44.019 [Test worker] DEBUG o.s.w.r.h.SimpleUrlHandlerMapping - Patterns [/foo, /bar, /header] in 'handlerMapping'
17:47:44.020 [Test worker] DEBUG o.s.w.s.a.HttpWebHandlerAdapter - enableLoggingRequestDetails='false': form data and headers will be masked to prevent unsafe logging of potentially sensitive data
17:47:44.020 [Test worker] WARN  o.e.j.s.h.ContextHandler - Empty contextPath
17:47:44.020 [Test worker] INFO  o.e.j.s.h.ContextHandler - Started o.e.j.s.ServletContextHandler@548d7e9f{/,null,AVAILABLE}
17:47:44.021 [Test worker] DEBUG o.s.w.t.h.s.r.b.JettyHttpServer - Starting JettyHttpServer...
17:47:44.021 [Test worker] INFO  o.e.j.s.Server - jetty-9.4.39.v20210325; built: 2021-03-25T14:42:11.471Z; git: 9fc7ca5a922f2a37b84ec9dbc26a5168cee7e667; jvm 1.8.0_181-b13
17:47:44.023 [Test worker] INFO  o.e.j.s.AbstractConnector - Started ServerConnector@6b543498{HTTP/1.1, (http/1.1)}{0.0.0.0:51787}
17:47:44.024 [Test worker] INFO  o.e.j.s.Server - Started @31053ms
17:47:44.024 [Test worker] DEBUG o.s.w.t.h.s.r.b.JettyHttpServer - Server started on port 51787(0 millis).
17:47:44.029 [Test worker] DEBUG o.s.w.c.RestTemplate - HTTP GET http://localhost:51787/header
17:47:44.029 [Test worker] DEBUG o.s.w.c.RestTemplate - Accept=[application/octet-stream, application/json, application/x-jackson-smile, application/*+json, */*]
17:47:44.035 [qtp2048983370-132] DEBUG o.s.w.s.a.HttpWebHandlerAdapter - [8fae5a0] HTTP GET "/header"
17:47:44.035 [qtp2048983370-132] DEBUG o.s.w.r.h.SimpleUrlHandlerMapping - [8fae5a0] Mapped to org.springframework.web.reactive.result.SimpleUrlHandlerMappingIntegrationTests$WebConfig$$Lambda$566/768445033@63d0acf
17:47:44.035 [qtp2048983370-132] DEBUG o.s.w.s.a.HttpWebHandlerAdapter - [8fae5a0] Completed 200 OK
17:47:44.035 [Test worker] DEBUG o.s.w.c.RestTemplate - Response 200 OK
17:47:44.038 [Test worker] DEBUG o.s.w.t.h.s.r.b.JettyHttpServer - Stopping JettyHttpServer...
17:47:44.038 [Test worker] INFO  o.e.j.s.h.ContextHandler - Stopped o.e.j.s.ServletContextHandler@548d7e9f{/,null,STOPPED}
17:47:44.039 [Test worker] INFO  o.e.j.s.AbstractConnector - Stopped ServerConnector@6b543498{HTTP/1.1, (http/1.1)}{0.0.0.0:0}
17:47:44.040 [Test worker] DEBUG o.s.w.t.h.s.r.b.JettyHttpServer - Server stopped (0 millis).
17:47:44.044 [Test worker] DEBUG o.s.w.r.h.SimpleUrlHandlerMapping - Patterns [/foo, /bar, /header] in 'handlerMapping'
17:47:44.045 [Test worker] DEBUG o.s.w.s.a.HttpWebHandlerAdapter - enableLoggingRequestDetails='false': form data and headers will be masked to prevent unsafe logging of potentially sensitive data
17:47:44.045 [Test worker] DEBUG o.s.w.t.h.s.r.b.ReactorHttpServer - Starting ReactorHttpServer...
17:47:44.046 [Test worker] DEBUG o.s.w.t.h.s.r.b.ReactorHttpServer - Server started on port 51789(0 millis).
17:47:44.051 [Test worker] DEBUG o.s.w.c.RestTemplate - HTTP GET http://localhost:51789/header
17:47:44.052 [Test worker] DEBUG o.s.w.c.RestTemplate - Accept=[application/octet-stream, application/json, application/x-jackson-smile, application/*+json, */*]
17:47:44.058 [reactor-http-nio-6] DEBUG o.s.w.s.a.HttpWebHandlerAdapter - [0b9743c4-1, L:/127.0.0.1:51789 - R:/127.0.0.1:51790] HTTP GET "/header"
17:47:44.058 [reactor-http-nio-6] DEBUG o.s.w.r.h.SimpleUrlHandlerMapping - [0b9743c4-1, L:/127.0.0.1:51789 - R:/127.0.0.1:51790] Mapped to org.springframework.web.reactive.result.SimpleUrlHandlerMappingIntegrationTests$WebConfig$$Lambda$566/768445033@63d0acf
17:47:44.058 [reactor-http-nio-6] DEBUG o.s.w.s.a.HttpWebHandlerAdapter - [0b9743c4-1, L:/127.0.0.1:51789 - R:/127.0.0.1:51790] Completed 200 OK
17:47:44.059 [Test worker] DEBUG o.s.w.c.RestTemplate - Response 200 OK
17:47:44.059 [Test worker] DEBUG o.s.w.t.h.s.r.b.ReactorHttpServer - Stopping ReactorHttpServer...
17:47:44.059 [Test worker] DEBUG o.s.w.t.h.s.r.b.ReactorHttpServer - Server stopped (0 millis).
17:47:44.064 [Test worker] DEBUG o.s.w.r.h.SimpleUrlHandlerMapping - Patterns [/foo, /bar, /header] in 'handlerMapping'
17:47:44.064 [Test worker] DEBUG o.s.w.s.a.HttpWebHandlerAdapter - enableLoggingRequestDetails='false': form data and headers will be masked to prevent unsafe logging of potentially sensitive data
17:47:44.064 [Test worker] DEBUG o.s.w.t.h.s.r.b.TomcatHttpServer - Starting TomcatHttpServer...
17:47:44.069 [Test worker] DEBUG o.s.w.t.h.s.r.b.TomcatHttpServer - Server started on port 51791(0 millis).
17:47:44.074 [Test worker] DEBUG o.s.w.c.RestTemplate - HTTP GET http://localhost:51791/header
17:47:44.074 [Test worker] DEBUG o.s.w.c.RestTemplate - Accept=[application/octet-stream, application/json, application/x-jackson-smile, application/*+json, */*]
17:47:44.080 [http-nio-auto-3-exec-1] DEBUG o.s.w.s.a.HttpWebHandlerAdapter - [19c8a6ce] HTTP GET "/header"
17:47:44.080 [http-nio-auto-3-exec-1] DEBUG o.s.w.r.h.SimpleUrlHandlerMapping - [19c8a6ce] Mapped to org.springframework.web.reactive.result.SimpleUrlHandlerMappingIntegrationTests$WebConfig$$Lambda$566/768445033@63d0acf
17:47:44.080 [http-nio-auto-3-exec-1] DEBUG o.s.w.s.a.HttpWebHandlerAdapter - [19c8a6ce] Completed 200 OK
17:47:44.081 [Test worker] DEBUG o.s.w.c.RestTemplate - Response 200 OK
17:47:44.081 [Test worker] DEBUG o.s.w.t.h.s.r.b.TomcatHttpServer - Stopping TomcatHttpServer...
17:47:55.225 [Test worker] DEBUG o.s.w.t.h.s.r.b.TomcatHttpServer - Server stopped (0 millis).
17:47:55.231 [Test worker] DEBUG o.s.w.r.h.SimpleUrlHandlerMapping - Patterns [/foo, /bar, /header] in 'handlerMapping'
17:47:55.231 [Test worker] DEBUG o.s.w.s.a.HttpWebHandlerAdapter - enableLoggingRequestDetails='false': form data and headers will be masked to prevent unsafe logging of potentially sensitive data
17:47:55.232 [Test worker] DEBUG o.s.w.t.h.s.r.b.UndertowHttpServer - Starting UndertowHttpServer...
17:47:55.232 [Test worker] INFO  i.undertow - starting server: Undertow - 2.2.7.Final
17:47:55.235 [Test worker] DEBUG o.s.w.t.h.s.r.b.UndertowHttpServer - Server started on port 51855(0 millis).
17:47:55.245 [Test worker] DEBUG o.s.w.c.RestTemplate - HTTP GET http://localhost:51855/header
17:47:55.245 [Test worker] DEBUG o.s.w.c.RestTemplate - Accept=[application/octet-stream, application/json, application/x-jackson-smile, application/*+json, */*]
17:47:55.251 [XNIO-3 I/O-3] DEBUG o.s.w.s.a.HttpWebHandlerAdapter - [240db23d-3] HTTP GET "/header"
17:47:55.251 [XNIO-3 I/O-3] DEBUG o.s.w.r.h.SimpleUrlHandlerMapping - [240db23d-3] Mapped to org.springframework.web.reactive.result.SimpleUrlHandlerMappingIntegrationTests$WebConfig$$Lambda$566/768445033@63d0acf
17:47:55.251 [XNIO-3 I/O-3] DEBUG o.s.w.s.a.HttpWebHandlerAdapter - [240db23d-3] Completed 200 OK
17:47:55.251 [Test worker] DEBUG o.s.w.c.RestTemplate - Response 200 OK
17:47:55.252 [Test worker] DEBUG o.s.w.t.h.s.r.b.UndertowHttpServer - Stopping UndertowHttpServer...
17:47:55.252 [Test worker] INFO  i.undertow - stopping server: Undertow - 2.2.7.Final
17:47:55.254 [Test worker] DEBUG o.s.w.t.h.s.r.b.UndertowHttpServer - Server stopped (0 millis).
17:47:55.259 [Test worker] DEBUG o.s.w.r.h.SimpleUrlHandlerMapping - Patterns [/foo, /bar, /header] in 'handlerMapping'
17:47:55.260 [Test worker] DEBUG o.s.w.s.a.HttpWebHandlerAdapter - enableLoggingRequestDetails='false': form data and headers will be masked to prevent unsafe logging of potentially sensitive data
17:47:55.260 [Test worker] WARN  o.e.j.s.h.ContextHandler - Empty contextPath
17:47:55.261 [Test worker] INFO  o.e.j.s.h.ContextHandler - Started o.e.j.s.ServletContextHandler@798deea4{/,null,AVAILABLE}
17:47:55.261 [Test worker] DEBUG o.s.w.t.h.s.r.b.JettyHttpServer - Starting JettyHttpServer...
17:47:55.261 [Test worker] INFO  o.e.j.s.Server - jetty-9.4.39.v20210325; built: 2021-03-25T14:42:11.471Z; git: 9fc7ca5a922f2a37b84ec9dbc26a5168cee7e667; jvm 1.8.0_181-b13
17:47:55.263 [Test worker] INFO  o.e.j.s.AbstractConnector - Started ServerConnector@15178c62{HTTP/1.1, (http/1.1)}{0.0.0.0:51857}
17:47:55.263 [Test worker] INFO  o.e.j.s.Server - Started @42292ms
17:47:55.263 [Test worker] DEBUG o.s.w.t.h.s.r.b.JettyHttpServer - Server started on port 51857(0 millis).
17:47:55.269 [Test worker] DEBUG o.s.w.c.RestTemplate - HTTP GET http://localhost:51857/bar
17:47:55.269 [Test worker] DEBUG o.s.w.c.RestTemplate - Accept=[application/octet-stream, application/json, application/x-jackson-smile, application/*+json, */*]
17:47:55.275 [qtp893313754-179] DEBUG o.s.w.s.a.HttpWebHandlerAdapter - [225f2ccc] HTTP GET "/bar"
17:47:55.275 [qtp893313754-179] DEBUG o.s.w.r.h.SimpleUrlHandlerMapping - [225f2ccc] Mapped to org.springframework.web.reactive.result.SimpleUrlHandlerMappingIntegrationTests$WebConfig$$Lambda$565/198451962@2c98d6f7
17:47:55.276 [qtp893313754-179] DEBUG o.s.w.s.a.HttpWebHandlerAdapter - [225f2ccc] Completed 200 OK
17:47:55.276 [Test worker] DEBUG o.s.w.c.RestTemplate - Response 200 OK
17:47:55.276 [Test worker] DEBUG o.s.w.c.RestTemplate - Reading to [[B] as "application/octet-stream"
17:47:55.276 [Test worker] DEBUG o.s.w.t.h.s.r.b.JettyHttpServer - Stopping JettyHttpServer...
17:47:55.276 [Test worker] INFO  o.e.j.s.h.ContextHandler - Stopped o.e.j.s.ServletContextHandler@798deea4{/,null,STOPPED}
17:47:55.279 [Test worker] INFO  o.e.j.s.AbstractConnector - Stopped ServerConnector@15178c62{HTTP/1.1, (http/1.1)}{0.0.0.0:0}
17:47:55.279 [Test worker] DEBUG o.s.w.t.h.s.r.b.JettyHttpServer - Server stopped (0 millis).
17:47:55.284 [Test worker] DEBUG o.s.w.r.h.SimpleUrlHandlerMapping - Patterns [/foo, /bar, /header] in 'handlerMapping'
17:47:55.285 [Test worker] DEBUG o.s.w.s.a.HttpWebHandlerAdapter - enableLoggingRequestDetails='false': form data and headers will be masked to prevent unsafe logging of potentially sensitive data
17:47:55.285 [Test worker] DEBUG o.s.w.t.h.s.r.b.ReactorHttpServer - Starting ReactorHttpServer...
17:47:55.286 [Test worker] DEBUG o.s.w.t.h.s.r.b.ReactorHttpServer - Server started on port 51859(0 millis).
17:47:55.291 [Test worker] DEBUG o.s.w.c.RestTemplate - HTTP GET http://localhost:51859/bar
17:47:55.292 [Test worker] DEBUG o.s.w.c.RestTemplate - Accept=[application/octet-stream, application/json, application/x-jackson-smile, application/*+json, */*]
17:47:55.298 [reactor-http-nio-8] DEBUG o.s.w.s.a.HttpWebHandlerAdapter - [a9e4da1a-1, L:/127.0.0.1:51859 - R:/127.0.0.1:51860] HTTP GET "/bar"
17:47:55.298 [reactor-http-nio-8] DEBUG o.s.w.r.h.SimpleUrlHandlerMapping - [a9e4da1a-1, L:/127.0.0.1:51859 - R:/127.0.0.1:51860] Mapped to org.springframework.web.reactive.result.SimpleUrlHandlerMappingIntegrationTests$WebConfig$$Lambda$565/198451962@2c98d6f7
17:47:55.299 [Test worker] DEBUG o.s.w.c.RestTemplate - Response 200 OK
17:47:55.299 [Test worker] DEBUG o.s.w.c.RestTemplate - Reading to [[B] as "application/octet-stream"
17:47:55.299 [reactor-http-nio-8] DEBUG o.s.w.s.a.HttpWebHandlerAdapter - [a9e4da1a-1, L:/127.0.0.1:51859 - R:/127.0.0.1:51860] Completed 200 OK
17:47:55.300 [Test worker] DEBUG o.s.w.t.h.s.r.b.ReactorHttpServer - Stopping ReactorHttpServer...
17:47:55.300 [Test worker] DEBUG o.s.w.t.h.s.r.b.ReactorHttpServer - Server stopped (0 millis).
17:47:55.305 [Test worker] DEBUG o.s.w.r.h.SimpleUrlHandlerMapping - Patterns [/foo, /bar, /header] in 'handlerMapping'
17:47:55.306 [Test worker] DEBUG o.s.w.s.a.HttpWebHandlerAdapter - enableLoggingRequestDetails='false': form data and headers will be masked to prevent unsafe logging of potentially sensitive data
17:47:55.306 [Test worker] DEBUG o.s.w.t.h.s.r.b.TomcatHttpServer - Starting TomcatHttpServer...
17:47:55.312 [Test worker] DEBUG o.s.w.t.h.s.r.b.TomcatHttpServer - Server started on port 51861(0 millis).
17:47:55.318 [Test worker] DEBUG o.s.w.c.RestTemplate - HTTP GET http://localhost:51861/bar
17:47:55.318 [Test worker] DEBUG o.s.w.c.RestTemplate - Accept=[application/octet-stream, application/json, application/x-jackson-smile, application/*+json, */*]
17:47:55.324 [http-nio-auto-4-exec-1] DEBUG o.s.w.s.a.HttpWebHandlerAdapter - [e9feac8] HTTP GET "/bar"
17:47:55.325 [http-nio-auto-4-exec-1] DEBUG o.s.w.r.h.SimpleUrlHandlerMapping - [e9feac8] Mapped to org.springframework.web.reactive.result.SimpleUrlHandlerMappingIntegrationTests$WebConfig$$Lambda$565/198451962@2c98d6f7
17:47:55.325 [http-nio-auto-4-exec-1] DEBUG o.s.w.s.a.HttpWebHandlerAdapter - [e9feac8] Completed 200 OK
17:47:55.325 [Test worker] DEBUG o.s.w.c.RestTemplate - Response 200 OK
17:47:55.325 [Test worker] DEBUG o.s.w.c.RestTemplate - Reading to [[B] as "application/octet-stream"
17:47:55.326 [Test worker] DEBUG o.s.w.t.h.s.r.b.TomcatHttpServer - Stopping TomcatHttpServer...
17:48:06.481 [Test worker] DEBUG o.s.w.t.h.s.r.b.TomcatHttpServer - Server stopped (0 millis).
17:48:06.488 [Test worker] DEBUG o.s.w.r.h.SimpleUrlHandlerMapping - Patterns [/foo, /bar, /header] in 'handlerMapping'
17:48:06.489 [Test worker] DEBUG o.s.w.s.a.HttpWebHandlerAdapter - enableLoggingRequestDetails='false': form data and headers will be masked to prevent unsafe logging of potentially sensitive data
17:48:06.489 [Test worker] DEBUG o.s.w.t.h.s.r.b.UndertowHttpServer - Starting UndertowHttpServer...
17:48:06.489 [Test worker] INFO  i.undertow - starting server: Undertow - 2.2.7.Final
17:48:06.493 [Test worker] DEBUG o.s.w.t.h.s.r.b.UndertowHttpServer - Server started on port 51915(0 millis).
17:48:06.499 [Test worker] DEBUG o.s.w.c.RestTemplate - HTTP GET http://localhost:51915/bar
17:48:06.499 [Test worker] DEBUG o.s.w.c.RestTemplate - Accept=[application/octet-stream, application/json, application/x-jackson-smile, application/*+json, */*]
17:48:06.505 [XNIO-4 I/O-12] DEBUG o.s.w.s.a.HttpWebHandlerAdapter - [e5df29f-4] HTTP GET "/bar"
17:48:06.505 [XNIO-4 I/O-12] DEBUG o.s.w.r.h.SimpleUrlHandlerMapping - [e5df29f-4] Mapped to org.springframework.web.reactive.result.SimpleUrlHandlerMappingIntegrationTests$WebConfig$$Lambda$565/198451962@2c98d6f7
17:48:06.505 [XNIO-4 I/O-12] DEBUG o.s.w.s.a.HttpWebHandlerAdapter - [e5df29f-4] Completed 200 OK
17:48:06.506 [Test worker] DEBUG o.s.w.c.RestTemplate - Response 200 OK
17:48:06.506 [Test worker] DEBUG o.s.w.c.RestTemplate - Reading to [[B] as "application/octet-stream"
17:48:06.506 [Test worker] DEBUG o.s.w.t.h.s.r.b.UndertowHttpServer - Stopping UndertowHttpServer...
17:48:06.506 [Test worker] INFO  i.undertow - stopping server: Undertow - 2.2.7.Final
17:48:06.509 [Test worker] DEBUG o.s.w.t.h.s.r.b.UndertowHttpServer - Server stopped (0 millis).
]]></system-out>
  <system-err><![CDATA[]]></system-err>
</testsuite>
