<?xml version="1.0" encoding="UTF-8"?>
<testsuite name="org.springframework.web.reactive.function.server.DefaultEntityResponseBuilderTests" tests="17" skipped="0" failures="0" errors="0" timestamp="2021-05-01T09:51:13" hostname="wangweilideMBP.lan" time="0.03">
  <properties/>
  <testcase name="notModifiedEtag()" classname="org.springframework.web.reactive.function.server.DefaultEntityResponseBuilderTests" time="0.006"/>
  <testcase name="status()" classname="org.springframework.web.reactive.function.server.DefaultEntityResponseBuilderTests" time="0.001"/>
  <testcase name="varyBy()" classname="org.springframework.web.reactive.function.server.DefaultEntityResponseBuilderTests" time="0.0"/>
  <testcase name="fromPublisher()" classname="org.springframework.web.reactive.function.server.DefaultEntityResponseBuilderTests" time="0.001"/>
  <testcase name="contentLength()" classname="org.springframework.web.reactive.function.server.DefaultEntityResponseBuilderTests" time="0.0"/>
  <testcase name="contentType()" classname="org.springframework.web.reactive.function.server.DefaultEntityResponseBuilderTests" time="0.0"/>
  <testcase name="etag()" classname="org.springframework.web.reactive.function.server.DefaultEntityResponseBuilderTests" time="0.001"/>
  <testcase name="allow()" classname="org.springframework.web.reactive.function.server.DefaultEntityResponseBuilderTests" time="0.0"/>
  <testcase name="cacheControlTag()" classname="org.springframework.web.reactive.function.server.DefaultEntityResponseBuilderTests" time="0.0"/>
  <testcase name="notModifiedLastModified()" classname="org.springframework.web.reactive.function.server.DefaultEntityResponseBuilderTests" time="0.01"/>
  <testcase name="bodyInserter()" classname="org.springframework.web.reactive.function.server.DefaultEntityResponseBuilderTests" time="0.006"/>
  <testcase name="headers()" classname="org.springframework.web.reactive.function.server.DefaultEntityResponseBuilderTests" time="0.0"/>
  <testcase name="fromProducer()" classname="org.springframework.web.reactive.function.server.DefaultEntityResponseBuilderTests" time="0.001"/>
  <testcase name="cookies()" classname="org.springframework.web.reactive.function.server.DefaultEntityResponseBuilderTests" time="0.0"/>
  <testcase name="fromPublisherClass()" classname="org.springframework.web.reactive.function.server.DefaultEntityResponseBuilderTests" time="0.0"/>
  <testcase name="lastModified()" classname="org.springframework.web.reactive.function.server.DefaultEntityResponseBuilderTests" time="0.0"/>
  <testcase name="fromObject()" classname="org.springframework.web.reactive.function.server.DefaultEntityResponseBuilderTests" time="0.0"/>
  <system-out><![CDATA[]]></system-out>
  <system-err><![CDATA[]]></system-err>
</testsuite>
