<?xml version="1.0" encoding="UTF-8"?>
<testsuite name="org.springframework.web.reactive.config.ResourceHandlerRegistryTests" tests="11" skipped="0" failures="0" errors="0" timestamp="2021-05-01T09:53:06" hostname="wangweilideMBP.lan" time="0.76">
  <properties/>
  <testcase name="resourceChainWithVersionResolver()" classname="org.springframework.web.reactive.config.ResourceHandlerRegistryTests" time="0.331"/>
  <testcase name="cacheControl()" classname="org.springframework.web.reactive.config.ResourceHandlerRegistryTests" time="0.001"/>
  <testcase name="hasMappingForPattern()" classname="org.springframework.web.reactive.config.ResourceHandlerRegistryTests" time="0.0"/>
  <testcase name="noResourceHandlers()" classname="org.springframework.web.reactive.config.ResourceHandlerRegistryTests" time="0.0"/>
  <testcase name="mapPathToLocation()" classname="org.springframework.web.reactive.config.ResourceHandlerRegistryTests" time="0.032"/>
  <testcase name="resourceChainWithOverrides()" classname="org.springframework.web.reactive.config.ResourceHandlerRegistryTests" time="0.089"/>
  <testcase name="order()" classname="org.springframework.web.reactive.config.ResourceHandlerRegistryTests" time="0.0"/>
  <testcase name="ignoreLastModified()" classname="org.springframework.web.reactive.config.ResourceHandlerRegistryTests" time="0.0"/>
  <testcase name="resourceChainWithoutCaching()" classname="org.springframework.web.reactive.config.ResourceHandlerRegistryTests" time="0.119"/>
  <testcase name="resourceChain()" classname="org.springframework.web.reactive.config.ResourceHandlerRegistryTests" time="0.186"/>
  <testcase name="mediaTypes()" classname="org.springframework.web.reactive.config.ResourceHandlerRegistryTests" time="0.001"/>
  <system-out><![CDATA[17:53:07.237 [Test worker] DEBUG o.s.c.c.ResourceEncoder - [4bd46ed8] Writing [class path resource [org/springframework/web/reactive/config/testStylesheet.css]]
]]></system-out>
  <system-err><![CDATA[]]></system-err>
</testsuite>
