<?xml version="1.0" encoding="UTF-8"?>
<testsuite name="org.springframework.web.reactive.result.method.annotation.ContextPathIntegrationTests" tests="2" skipped="0" failures="0" errors="0" timestamp="2021-05-01T09:48:47" hostname="wangweilideMBP.lan" time="11.27">
  <properties/>
  <testcase name="servletPathMapping()" classname="org.springframework.web.reactive.result.method.annotation.ContextPathIntegrationTests" time="11.208"/>
  <testcase name="multipleWebFluxApps()" classname="org.springframework.web.reactive.result.method.annotation.ContextPathIntegrationTests" time="0.062"/>
  <system-out><![CDATA[17:48:47.516 [Test worker] DEBUG o.s.w.r.r.m.a.RequestMappingHandlerMapping - 1 mappings in 'requestMappingHandlerMapping'
17:48:47.526 [Test worker] DEBUG o.s.w.r.r.m.a.ControllerMethodResolver - ControllerAdvice beans: none
17:48:47.530 [Test worker] DEBUG o.s.w.s.a.HttpWebHandlerAdapter - enableLoggingRequestDetails='false': form data and headers will be masked to prevent unsafe logging of potentially sensitive data
17:48:47.531 [Test worker] DEBUG o.s.w.t.h.s.r.b.TomcatHttpServer - Starting TomcatHttpServer...
17:48:47.536 [Test worker] DEBUG o.s.w.t.h.s.r.b.TomcatHttpServer - Server started on port 52492(0 millis).
17:48:47.544 [Test worker] DEBUG o.s.w.c.RestTemplate - HTTP GET http://localhost:52492/app/api/test
17:48:47.544 [Test worker] DEBUG o.s.w.c.RestTemplate - Accept=[text/plain, application/json, application/x-jackson-smile, application/*+json, */*]
17:48:47.546 [http-nio-auto-8-exec-1] DEBUG o.s.h.s.r.ServletHttpHandlerAdapter - Found servlet mapping prefix '/api' for 'httpHandlerServlet'
17:48:47.547 [http-nio-auto-8-exec-1] DEBUG o.s.w.s.a.HttpWebHandlerAdapter - [1a889562] HTTP GET "/app/api/test"
17:48:47.547 [http-nio-auto-8-exec-1] DEBUG o.s.w.r.r.m.a.RequestMappingHandlerMapping - [1a889562] Mapped to org.springframework.web.reactive.result.method.annotation.ContextPathIntegrationTests$TestController#handle(ServerHttpRequest)
17:48:47.549 [http-nio-auto-8-exec-1] DEBUG o.s.w.r.r.m.a.ResponseBodyResultHandler - [1a889562] Using 'text/plain;charset=UTF-8' given [text/plain, application/json, application/x-jackson-smile, application/*+json, */*] and supported [text/plain;charset=UTF-8, text/event-stream, text/plain;charset=UTF-8, */*]
17:48:47.549 [http-nio-auto-8-exec-1] DEBUG o.s.w.r.r.m.a.ResponseBodyResultHandler - [1a889562] 0..1 [java.lang.String]
17:48:47.551 [http-nio-auto-8-exec-1] DEBUG o.s.c.c.CharSequenceEncoder - [1a889562] Writing "Tested in /app/api"
17:48:47.553 [http-nio-auto-8-exec-1] DEBUG o.s.w.s.a.HttpWebHandlerAdapter - [1a889562] Completed 200 OK
17:48:47.553 [Test worker] DEBUG o.s.w.c.RestTemplate - Response 200 OK
17:48:47.553 [Test worker] DEBUG o.s.w.c.RestTemplate - Reading to [java.lang.String] as "text/plain;charset=UTF-8"
17:48:47.554 [Test worker] DEBUG o.s.w.t.h.s.r.b.TomcatHttpServer - Stopping TomcatHttpServer...
17:48:58.714 [Test worker] DEBUG o.s.w.t.h.s.r.b.TomcatHttpServer - Server stopped (0 millis).
17:48:58.725 [Test worker] DEBUG o.s.w.r.r.m.a.RequestMappingHandlerMapping - 1 mappings in 'requestMappingHandlerMapping'
17:48:58.734 [Test worker] DEBUG o.s.w.r.r.m.a.ControllerMethodResolver - ControllerAdvice beans: none
17:48:58.742 [Test worker] DEBUG o.s.w.r.r.m.a.RequestMappingHandlerMapping - 1 mappings in 'requestMappingHandlerMapping'
17:48:58.752 [Test worker] DEBUG o.s.w.r.r.m.a.ControllerMethodResolver - ControllerAdvice beans: none
17:48:58.755 [Test worker] DEBUG o.s.w.s.a.HttpWebHandlerAdapter - enableLoggingRequestDetails='false': form data and headers will be masked to prevent unsafe logging of potentially sensitive data
17:48:58.755 [Test worker] DEBUG o.s.w.s.a.HttpWebHandlerAdapter - enableLoggingRequestDetails='false': form data and headers will be masked to prevent unsafe logging of potentially sensitive data
17:48:58.756 [Test worker] DEBUG o.s.w.t.h.s.r.b.ReactorHttpServer - Starting ReactorHttpServer...
17:48:58.757 [Test worker] DEBUG o.s.w.t.h.s.r.b.ReactorHttpServer - Server started on port 52693(0 millis).
17:48:58.762 [Test worker] DEBUG o.s.w.c.RestTemplate - HTTP GET http://localhost:52693/webApp1/test
17:48:58.763 [Test worker] DEBUG o.s.w.c.RestTemplate - Accept=[text/plain, application/json, application/x-jackson-smile, application/*+json, */*]
17:48:58.770 [reactor-http-nio-16] DEBUG o.s.w.s.a.HttpWebHandlerAdapter - [b7062362-1, L:/127.0.0.1:52693 - R:/127.0.0.1:52694] HTTP GET "/webApp1/test"
17:48:58.770 [reactor-http-nio-16] DEBUG o.s.w.r.r.m.a.RequestMappingHandlerMapping - [b7062362-1, L:/127.0.0.1:52693 - R:/127.0.0.1:52694] Mapped to org.springframework.web.reactive.result.method.annotation.ContextPathIntegrationTests$TestController#handle(ServerHttpRequest)
17:48:58.771 [reactor-http-nio-16] DEBUG o.s.w.r.r.m.a.ResponseBodyResultHandler - [b7062362-1, L:/127.0.0.1:52693 - R:/127.0.0.1:52694] Using 'text/plain;charset=UTF-8' given [text/plain, application/json, application/x-jackson-smile, application/*+json, */*] and supported [text/plain;charset=UTF-8, text/event-stream, text/plain;charset=UTF-8, */*]
17:48:58.771 [reactor-http-nio-16] DEBUG o.s.w.r.r.m.a.ResponseBodyResultHandler - [b7062362-1, L:/127.0.0.1:52693 - R:/127.0.0.1:52694] 0..1 [java.lang.String]
17:48:58.771 [reactor-http-nio-16] DEBUG o.s.c.c.CharSequenceEncoder - [b7062362-1, L:/127.0.0.1:52693 - R:/127.0.0.1:52694] Writing "Tested in /webApp1"
17:48:58.773 [reactor-http-nio-16] DEBUG o.s.w.s.a.HttpWebHandlerAdapter - [b7062362-1, L:/127.0.0.1:52693 - R:/127.0.0.1:52694] Completed 200 OK
17:48:58.773 [Test worker] DEBUG o.s.w.c.RestTemplate - Response 200 OK
17:48:58.773 [Test worker] DEBUG o.s.w.c.RestTemplate - Reading to [java.lang.String] as "text/plain;charset=UTF-8"
17:48:58.773 [Test worker] DEBUG o.s.w.c.RestTemplate - HTTP GET http://localhost:52693/webApp2/test
17:48:58.773 [Test worker] DEBUG o.s.w.c.RestTemplate - Accept=[text/plain, application/json, application/x-jackson-smile, application/*+json, */*]
17:48:58.774 [reactor-http-nio-16] DEBUG o.s.w.s.a.HttpWebHandlerAdapter - [b7062362-2, L:/127.0.0.1:52693 - R:/127.0.0.1:52694] HTTP GET "/webApp2/test"
17:48:58.775 [reactor-http-nio-16] DEBUG o.s.w.r.r.m.a.RequestMappingHandlerMapping - [b7062362-2, L:/127.0.0.1:52693 - R:/127.0.0.1:52694] Mapped to org.springframework.web.reactive.result.method.annotation.ContextPathIntegrationTests$TestController#handle(ServerHttpRequest)
17:48:58.775 [reactor-http-nio-16] DEBUG o.s.w.r.r.m.a.ResponseBodyResultHandler - [b7062362-2, L:/127.0.0.1:52693 - R:/127.0.0.1:52694] Using 'text/plain;charset=UTF-8' given [text/plain, application/json, application/x-jackson-smile, application/*+json, */*] and supported [text/plain;charset=UTF-8, text/event-stream, text/plain;charset=UTF-8, */*]
17:48:58.775 [reactor-http-nio-16] DEBUG o.s.w.r.r.m.a.ResponseBodyResultHandler - [b7062362-2, L:/127.0.0.1:52693 - R:/127.0.0.1:52694] 0..1 [java.lang.String]
17:48:58.775 [reactor-http-nio-16] DEBUG o.s.c.c.CharSequenceEncoder - [b7062362-2, L:/127.0.0.1:52693 - R:/127.0.0.1:52694] Writing "Tested in /webApp2"
17:48:58.776 [reactor-http-nio-16] DEBUG o.s.w.s.a.HttpWebHandlerAdapter - [b7062362-2, L:/127.0.0.1:52693 - R:/127.0.0.1:52694] Completed 200 OK
17:48:58.776 [Test worker] DEBUG o.s.w.c.RestTemplate - Response 200 OK
17:48:58.776 [Test worker] DEBUG o.s.w.c.RestTemplate - Reading to [java.lang.String] as "text/plain;charset=UTF-8"
17:48:58.776 [Test worker] DEBUG o.s.w.t.h.s.r.b.ReactorHttpServer - Stopping ReactorHttpServer...
17:48:58.776 [Test worker] DEBUG o.s.w.t.h.s.r.b.ReactorHttpServer - Server stopped (0 millis).
]]></system-out>
  <system-err><![CDATA[]]></system-err>
</testsuite>
