<?xml version="1.0" encoding="UTF-8"?>
<testsuite name="org.springframework.web.reactive.resource.PathResourceResolverTests" tests="9" skipped="0" failures="0" errors="0" timestamp="2021-04-26T08:41:35" hostname="wangweilideMacBook-Pro.local" time="0.008">
  <properties/>
  <testcase name="checkFileLocation()" classname="org.springframework.web.reactive.resource.PathResourceResolverTests" time="0.0"/>
  <testcase name="ignoreInvalidEscapeSequence()" classname="org.springframework.web.reactive.resource.PathResourceResolverTests" time="0.0"/>
  <testcase name="checkResourceWithAllowedLocations()" classname="org.springframework.web.reactive.resource.PathResourceResolverTests" time="0.0"/>
  <testcase name="resolveFromClasspathRoot()" classname="org.springframework.web.reactive.resource.PathResourceResolverTests" time="0.0"/>
  <testcase name="resolveFromClasspath()" classname="org.springframework.web.reactive.resource.PathResourceResolverTests" time="0.001"/>
  <testcase name="resolvePathRootResource()" classname="org.springframework.web.reactive.resource.PathResourceResolverTests" time="0.0"/>
  <testcase name="checkRelativeLocation()" classname="org.springframework.web.reactive.resource.PathResourceResolverTests" time="0.0"/>
  <testcase name="resolveWithEncodedPath()" classname="org.springframework.web.reactive.resource.PathResourceResolverTests" time="0.004"/>
  <testcase name="checkResource()" classname="org.springframework.web.reactive.resource.PathResourceResolverTests" time="0.002"/>
  <system-out><![CDATA[16:41:35.270 [Test worker] WARN  o.s.w.r.r.PathResourceResolver - Resource path "../testsecret/secret.txt" was successfully resolved but resource "file:/Users/wangweili/Documents/MyDesign/learning/msb-source/msb-spring/spring-webflux/build/resources/test/org/springframework/web/reactive/resource/testsecret/secret.txt" is neither under the current location "file:/Users/wangweili/Documents/MyDesign/learning/msb-source/msb-spring/spring-webflux/build/resources/test/org/springframework/web/reactive/resource/test/" nor under any of the allowed locations []
16:41:35.270 [Test worker] WARN  o.s.w.r.r.PathResourceResolver - Resource path "test/../../testsecret/secret.txt" was successfully resolved but resource "file:/Users/wangweili/Documents/MyDesign/learning/msb-source/msb-spring/spring-webflux/build/resources/test/org/springframework/web/reactive/resource/testsecret/secret.txt" is neither under the current location "file:/Users/wangweili/Documents/MyDesign/learning/msb-source/msb-spring/spring-webflux/build/resources/test/org/springframework/web/reactive/resource/test/" nor under any of the allowed locations []
16:41:35.270 [Test worker] WARN  o.s.w.r.r.PathResourceResolver - Resource path "file:/Users/wangweili/Documents/MyDesign/learning/msb-source/msb-spring/spring-webflux/build/resources/test/org/springframework/web/reactive/resource/testsecret/secret.txt" was successfully resolved but resource "file:/Users/wangweili/Documents/MyDesign/learning/msb-source/msb-spring/spring-webflux/build/resources/test/org/springframework/web/reactive/resource/testsecret/secret.txt" is neither under the current location "file:/Users/wangweili/Documents/MyDesign/learning/msb-source/msb-spring/spring-webflux/build/resources/test/org/springframework/web/reactive/resource/test/" nor under any of the allowed locations []
16:41:35.270 [Test worker] WARN  o.s.w.r.r.PathResourceResolver - Resource path "/file:/Users/wangweili/Documents/MyDesign/learning/msb-source/msb-spring/spring-webflux/build/resources/test/org/springframework/web/reactive/resource/testsecret/secret.txt" was successfully resolved but resource "file:/Users/wangweili/Documents/MyDesign/learning/msb-source/msb-spring/spring-webflux/build/resources/test/org/springframework/web/reactive/resource/testsecret/secret.txt" is neither under the current location "file:/Users/wangweili/Documents/MyDesign/learning/msb-source/msb-spring/spring-webflux/build/resources/test/org/springframework/web/reactive/resource/test/" nor under any of the allowed locations []
16:41:35.270 [Test worker] WARN  o.s.w.r.r.PathResourceResolver - Resource path "//Users/wangweili/Documents/MyDesign/learning/msb-source/msb-spring/spring-webflux/build/resources/test/org/springframework/web/reactive/resource/testsecret/secret.txt" was successfully resolved but resource "file:/Users/wangweili/Documents/MyDesign/learning/msb-source/msb-spring/spring-webflux/build/resources/test/org/springframework/web/reactive/resource/testsecret/secret.txt" is neither under the current location "file:/Users/wangweili/Documents/MyDesign/learning/msb-source/msb-spring/spring-webflux/build/resources/test/org/springframework/web/reactive/resource/test/" nor under any of the allowed locations []
16:41:35.270 [Test worker] WARN  o.s.w.r.r.PathResourceResolver - Resource path "////../../Users/wangweili/Documents/MyDesign/learning/msb-source/msb-spring/spring-webflux/build/resources/test/org/springframework/web/reactive/resource/testsecret/secret.txt" was successfully resolved but resource "file:/../../Users/wangweili/Documents/MyDesign/learning/msb-source/msb-spring/spring-webflux/build/resources/test/org/springframework/web/reactive/resource/testsecret/secret.txt" is neither under the current location "file:/Users/wangweili/Documents/MyDesign/learning/msb-source/msb-spring/spring-webflux/build/resources/test/org/springframework/web/reactive/resource/test/" nor under any of the allowed locations []
16:41:35.271 [Test worker] WARN  o.s.w.r.r.PathResourceResolver - Resolved resource path contains encoded "../" or "..\": file:/Users/wangweili/Documents/MyDesign/learning/msb-source/msb-spring/spring-webflux/build/resources/test/org/springframework/web/reactive/resource/test/%2E%2E/testsecret/secret.txt
16:41:35.271 [Test worker] WARN  o.s.w.r.r.PathResourceResolver - Resource path "/%2E%2E/testsecret/secret.txt" was successfully resolved but resource "file:/Users/wangweili/Documents/MyDesign/learning/msb-source/msb-spring/spring-webflux/build/resources/test/org/springframework/web/reactive/resource/test/%2E%2E/testsecret/secret.txt" is neither under the current location "file:/Users/wangweili/Documents/MyDesign/learning/msb-source/msb-spring/spring-webflux/build/resources/test/org/springframework/web/reactive/resource/test/" nor under any of the allowed locations []
16:41:35.271 [Test worker] WARN  o.s.w.r.r.PathResourceResolver - Resolved resource path contains encoded "../" or "..\": file:/Users/wangweili/Documents/MyDesign/learning/msb-source/msb-spring/spring-webflux/build/resources/test/org/springframework/web/reactive/resource/test/%2e%2e/testsecret/secret.txt
16:41:35.271 [Test worker] WARN  o.s.w.r.r.PathResourceResolver - Resource path "/%2e%2e/testsecret/secret.txt" was successfully resolved but resource "file:/Users/wangweili/Documents/MyDesign/learning/msb-source/msb-spring/spring-webflux/build/resources/test/org/springframework/web/reactive/resource/test/%2e%2e/testsecret/secret.txt" is neither under the current location "file:/Users/wangweili/Documents/MyDesign/learning/msb-source/msb-spring/spring-webflux/build/resources/test/org/springframework/web/reactive/resource/test/" nor under any of the allowed locations []
16:41:35.271 [Test worker] WARN  o.s.w.r.r.PathResourceResolver - Resource path " /Users/wangweili/Documents/MyDesign/learning/msb-source/msb-spring/spring-webflux/build/resources/test/org/springframework/web/reactive/resource/testsecret/secret.txt" was successfully resolved but resource "file:/Users/wangweili/Documents/MyDesign/learning/msb-source/msb-spring/spring-webflux/build/resources/test/org/springframework/web/reactive/resource/testsecret/secret.txt" is neither under the current location "file:/Users/wangweili/Documents/MyDesign/learning/msb-source/msb-spring/spring-webflux/build/resources/test/org/springframework/web/reactive/resource/test/" nor under any of the allowed locations []
16:41:35.271 [Test worker] WARN  o.s.w.r.r.PathResourceResolver - Resource path "/  /Users/wangweili/Documents/MyDesign/learning/msb-source/msb-spring/spring-webflux/build/resources/test/org/springframework/web/reactive/resource/testsecret/secret.txt" was successfully resolved but resource "file:/Users/wangweili/Documents/MyDesign/learning/msb-source/msb-spring/spring-webflux/build/resources/test/org/springframework/web/reactive/resource/testsecret/secret.txt" is neither under the current location "file:/Users/wangweili/Documents/MyDesign/learning/msb-source/msb-spring/spring-webflux/build/resources/test/org/springframework/web/reactive/resource/test/" nor under any of the allowed locations []
16:41:35.271 [Test worker] WARN  o.s.w.r.r.PathResourceResolver - Resource path "url:/Users/wangweili/Documents/MyDesign/learning/msb-source/msb-spring/spring-webflux/build/resources/test/org/springframework/web/reactive/resource/testsecret/secret.txt" was successfully resolved but resource "file:/Users/wangweili/Documents/MyDesign/learning/msb-source/msb-spring/spring-webflux/build/resources/test/org/springframework/web/reactive/resource/testsecret/secret.txt" is neither under the current location "file:/Users/wangweili/Documents/MyDesign/learning/msb-source/msb-spring/spring-webflux/build/resources/test/org/springframework/web/reactive/resource/test/" nor under any of the allowed locations []
]]></system-out>
  <system-err><![CDATA[]]></system-err>
</testsuite>
