<?xml version="1.0" encoding="UTF-8"?>
<testsuite name="org.springframework.web.reactive.function.server.LocaleContextResolverIntegrationTests" tests="4" skipped="0" failures="0" errors="0" timestamp="2021-05-01T09:56:45" hostname="wangweilideMBP.lan" time="11.287">
  <properties/>
  <testcase name="[1] org.springframework.web.testfixture.http.server.reactive.bootstrap.JettyHttpServer@56845237" classname="org.springframework.web.reactive.function.server.LocaleContextResolverIntegrationTests" time="0.024"/>
  <testcase name="[2] org.springframework.web.testfixture.http.server.reactive.bootstrap.ReactorHttpServer@647a83d6" classname="org.springframework.web.reactive.function.server.LocaleContextResolverIntegrationTests" time="0.019"/>
  <testcase name="[3] org.springframework.web.testfixture.http.server.reactive.bootstrap.TomcatHttpServer@10817a1b" classname="org.springframework.web.reactive.function.server.LocaleContextResolverIntegrationTests" time="11.222"/>
  <testcase name="[4] org.springframework.web.testfixture.http.server.reactive.bootstrap.UndertowHttpServer@2f70c897" classname="org.springframework.web.reactive.function.server.LocaleContextResolverIntegrationTests" time="0.022"/>
  <system-out><![CDATA[17:56:45.883 [Test worker] DEBUG o.s.w.s.a.HttpWebHandlerAdapter - enableLoggingRequestDetails='false': form data and headers will be masked to prevent unsafe logging of potentially sensitive data
17:56:45.883 [Test worker] WARN  o.e.j.s.h.ContextHandler - Empty contextPath
17:56:45.883 [Test worker] INFO  o.e.j.s.h.ContextHandler - Started o.e.j.s.ServletContextHandler@136f7931{/,null,AVAILABLE}
17:56:45.883 [Test worker] DEBUG o.s.w.t.h.s.r.b.JettyHttpServer - Starting JettyHttpServer...
17:56:45.883 [Test worker] INFO  o.e.j.s.Server - jetty-9.4.39.v20210325; built: 2021-03-25T14:42:11.471Z; git: 9fc7ca5a922f2a37b84ec9dbc26a5168cee7e667; jvm 1.8.0_181-b13
17:56:45.884 [Test worker] INFO  o.e.j.s.AbstractConnector - Started ServerConnector@7584df61{HTTP/1.1, (http/1.1)}{0.0.0.0:54677}
17:56:45.884 [Test worker] INFO  o.e.j.s.Server - Started @572918ms
17:56:45.884 [Test worker] DEBUG o.s.w.t.h.s.r.b.JettyHttpServer - Server started on port 54677(0 millis).
17:56:45.885 [Test worker] DEBUG o.s.w.r.f.c.ExchangeFunctions - [2f85b7b3] HTTP GET http://localhost:54677/
17:56:45.892 [qtp975499025-2275] DEBUG o.s.w.s.a.HttpWebHandlerAdapter - [eeda31] HTTP GET "/"
17:56:45.893 [qtp975499025-2275] DEBUG o.s.w.s.a.HttpWebHandlerAdapter - [eeda31] Completed 200 OK
17:56:45.894 [reactor-http-nio-12] DEBUG o.s.w.r.f.c.ExchangeFunctions - [2f85b7b3] [0a6e1af2-1, L:/127.0.0.1:54678 - R:localhost/127.0.0.1:54677] Response 200 OK
17:56:45.896 [Test worker] DEBUG o.s.w.t.h.s.r.b.JettyHttpServer - Stopping JettyHttpServer...
17:56:45.896 [Test worker] INFO  o.e.j.s.h.ContextHandler - Stopped o.e.j.s.ServletContextHandler@136f7931{/,null,STOPPED}
17:56:45.897 [Test worker] INFO  o.e.j.s.AbstractConnector - Stopped ServerConnector@7584df61{HTTP/1.1, (http/1.1)}{0.0.0.0:0}
17:56:45.898 [Test worker] DEBUG o.s.w.t.h.s.r.b.JettyHttpServer - Server stopped (0 millis).
17:56:45.907 [Test worker] DEBUG o.s.w.s.a.HttpWebHandlerAdapter - enableLoggingRequestDetails='false': form data and headers will be masked to prevent unsafe logging of potentially sensitive data
17:56:45.907 [Test worker] DEBUG o.s.w.t.h.s.r.b.ReactorHttpServer - Starting ReactorHttpServer...
17:56:45.908 [Test worker] DEBUG o.s.w.t.h.s.r.b.ReactorHttpServer - Server started on port 54679(0 millis).
17:56:45.908 [Test worker] DEBUG o.s.w.r.f.c.ExchangeFunctions - [66c098c5] HTTP GET http://localhost:54679/
17:56:45.915 [reactor-http-nio-15] DEBUG o.s.w.s.a.HttpWebHandlerAdapter - [d179e1d3-1, L:/127.0.0.1:54679 - R:/127.0.0.1:54680] HTTP GET "/"
17:56:45.915 [reactor-http-nio-15] DEBUG o.s.w.s.a.HttpWebHandlerAdapter - [d179e1d3-1, L:/127.0.0.1:54679 - R:/127.0.0.1:54680] Completed 200 OK
17:56:45.916 [reactor-http-nio-14] DEBUG o.s.w.r.f.c.ExchangeFunctions - [66c098c5] [0286661e-1, L:/127.0.0.1:54680 - R:localhost/127.0.0.1:54679] Response 200 OK
17:56:45.916 [Test worker] DEBUG o.s.w.t.h.s.r.b.ReactorHttpServer - Stopping ReactorHttpServer...
17:56:45.916 [Test worker] DEBUG o.s.w.t.h.s.r.b.ReactorHttpServer - Server stopped (0 millis).
17:56:45.925 [Test worker] DEBUG o.s.w.s.a.HttpWebHandlerAdapter - enableLoggingRequestDetails='false': form data and headers will be masked to prevent unsafe logging of potentially sensitive data
17:56:45.925 [Test worker] DEBUG o.s.w.t.h.s.r.b.TomcatHttpServer - Starting TomcatHttpServer...
17:56:45.930 [Test worker] DEBUG o.s.w.t.h.s.r.b.TomcatHttpServer - Server started on port 54681(0 millis).
17:56:45.930 [Test worker] DEBUG o.s.w.r.f.c.ExchangeFunctions - [3751f50b] HTTP GET http://localhost:54681/
17:56:45.938 [http-nio-auto-50-exec-1] DEBUG o.s.w.s.a.HttpWebHandlerAdapter - [437b231d] HTTP GET "/"
17:56:45.938 [http-nio-auto-50-exec-1] DEBUG o.s.w.s.a.HttpWebHandlerAdapter - [437b231d] Completed 200 OK
17:56:45.939 [reactor-http-nio-16] DEBUG o.s.w.r.f.c.ExchangeFunctions - [3751f50b] [7c7e7385-1, L:/127.0.0.1:54682 - R:localhost/127.0.0.1:54681] Response 200 OK
17:56:45.939 [Test worker] DEBUG o.s.w.t.h.s.r.b.TomcatHttpServer - Stopping TomcatHttpServer...
17:56:57.138 [Test worker] DEBUG o.s.w.t.h.s.r.b.TomcatHttpServer - Server stopped (0 millis).
17:56:57.147 [Test worker] DEBUG o.s.w.s.a.HttpWebHandlerAdapter - enableLoggingRequestDetails='false': form data and headers will be masked to prevent unsafe logging of potentially sensitive data
17:56:57.147 [Test worker] DEBUG o.s.w.t.h.s.r.b.UndertowHttpServer - Starting UndertowHttpServer...
17:56:57.147 [Test worker] INFO  i.undertow - starting server: Undertow - 2.2.7.Final
17:56:57.150 [Test worker] DEBUG o.s.w.t.h.s.r.b.UndertowHttpServer - Server started on port 54707(0 millis).
17:56:57.150 [Test worker] DEBUG o.s.w.r.f.c.ExchangeFunctions - [df0d679] HTTP GET http://localhost:54707/
17:56:57.158 [XNIO-50 I/O-5] DEBUG o.s.w.s.a.HttpWebHandlerAdapter - [6fd1059c-51] HTTP GET "/"
17:56:57.159 [XNIO-50 I/O-5] DEBUG o.s.w.s.a.HttpWebHandlerAdapter - [6fd1059c-51] Completed 200 OK
17:56:57.159 [reactor-http-nio-1] DEBUG o.s.w.r.f.c.ExchangeFunctions - [df0d679] [735b27e3-1, L:/127.0.0.1:54708 - R:localhost/127.0.0.1:54707] Response 200 OK
17:56:57.159 [Test worker] DEBUG o.s.w.t.h.s.r.b.UndertowHttpServer - Stopping UndertowHttpServer...
17:56:57.159 [Test worker] INFO  i.undertow - stopping server: Undertow - 2.2.7.Final
17:56:57.160 [Test worker] DEBUG o.s.w.t.h.s.r.b.UndertowHttpServer - Server stopped (0 millis).
]]></system-out>
  <system-err><![CDATA[]]></system-err>
</testsuite>
