<?xml version="1.0" encoding="UTF-8"?>
<testsuite name="org.springframework.web.reactive.function.client.ExchangeFilterFunctionsTests" tests="9" skipped="0" failures="0" errors="0" timestamp="2021-04-26T08:41:33" hostname="wangweilideMacBook-Pro.local" time="0.04">
  <properties/>
  <testcase name="basicAuthenticationInvalidCharacters()" classname="org.springframework.web.reactive.function.client.ExchangeFilterFunctionsTests" time="0.002"/>
  <testcase name="basicAuthenticationUsernamePassword()" classname="org.springframework.web.reactive.function.client.ExchangeFilterFunctionsTests" time="0.025"/>
  <testcase name="statusHandlerNoMatch()" classname="org.springframework.web.reactive.function.client.ExchangeFilterFunctionsTests" time="0.002"/>
  <testcase name="andThen()" classname="org.springframework.web.reactive.function.client.ExchangeFilterFunctionsTests" time="0.001"/>
  <testcase name="basicAuthenticationAttributes()" classname="org.springframework.web.reactive.function.client.ExchangeFilterFunctionsTests" time="0.001"/>
  <testcase name="limitResponseSize()" classname="org.springframework.web.reactive.function.client.ExchangeFilterFunctionsTests" time="0.005"/>
  <testcase name="apply()" classname="org.springframework.web.reactive.function.client.ExchangeFilterFunctionsTests" time="0.0"/>
  <testcase name="basicAuthenticationAbsentAttributes()" classname="org.springframework.web.reactive.function.client.ExchangeFilterFunctionsTests" time="0.001"/>
  <testcase name="statusHandlerMatch()" classname="org.springframework.web.reactive.function.client.ExchangeFilterFunctionsTests" time="0.001"/>
  <system-out><![CDATA[]]></system-out>
  <system-err><![CDATA[]]></system-err>
</testsuite>
