<?xml version="1.0" encoding="UTF-8"?>
<testsuite name="org.springframework.web.reactive.accept.ParameterContentTypeResolverTests" tests="5" skipped="0" failures="0" errors="0" timestamp="2021-04-26T08:37:16" hostname="wangweilideMacBook-Pro.local" time="0.02">
  <properties/>
  <testcase name="noMatchForKey()" classname="org.springframework.web.reactive.accept.ParameterContentTypeResolverTests" time="0.005"/>
  <testcase name="resolveKeyThroughMediaTypeFactory()" classname="org.springframework.web.reactive.accept.ParameterContentTypeResolverTests" time="0.004"/>
  <testcase name="noKey()" classname="org.springframework.web.reactive.accept.ParameterContentTypeResolverTests" time="0.004"/>
  <testcase name="resolveKeyFromRegistrations()" classname="org.springframework.web.reactive.accept.ParameterContentTypeResolverTests" time="0.003"/>
  <testcase name="resolveKeyIsCaseInsensitive()" classname="org.springframework.web.reactive.accept.ParameterContentTypeResolverTests" time="0.004"/>
  <system-out><![CDATA[]]></system-out>
  <system-err><![CDATA[]]></system-err>
</testsuite>
