<?xml version="1.0" encoding="UTF-8"?>
<testsuite name="org.springframework.web.reactive.resource.FixedVersionStrategyTests" tests="5" skipped="0" failures="0" errors="0" timestamp="2021-05-01T09:53:59" hostname="wangweilideMBP.lan" time="0.002">
  <properties/>
  <testcase name="addVersion()" classname="org.springframework.web.reactive.resource.FixedVersionStrategyTests" time="0.001"/>
  <testcase name="addVersionRelativePath()" classname="org.springframework.web.reactive.resource.FixedVersionStrategyTests" time="0.0"/>
  <testcase name="emptyPrefixVersion()" classname="org.springframework.web.reactive.resource.FixedVersionStrategyTests" time="0.0"/>
  <testcase name="extractVersion()" classname="org.springframework.web.reactive.resource.FixedVersionStrategyTests" time="0.0"/>
  <testcase name="removeVersion()" classname="org.springframework.web.reactive.resource.FixedVersionStrategyTests" time="0.001"/>
  <system-out><![CDATA[]]></system-out>
  <system-err><![CDATA[]]></system-err>
</testsuite>
