<?xml version="1.0" encoding="UTF-8"?>
<testsuite name="org.springframework.web.reactive.function.server.DefaultServerRequestBuilderTests" tests="1" skipped="0" failures="0" errors="0" timestamp="2021-04-26T08:35:56" hostname="wangweilideMacBook-Pro.local" time="0.027">
  <properties/>
  <testcase name="from()" classname="org.springframework.web.reactive.function.server.DefaultServerRequestBuilderTests" time="0.027"/>
  <system-out><![CDATA[16:35:56.064 [Test worker] DEBUG o.s.c.c.StringDecoder - [6527ff5d] Decoded "baz"
]]></system-out>
  <system-err><![CDATA[]]></system-err>
</testsuite>
