<?xml version="1.0" encoding="UTF-8"?>
<testsuite name="org.springframework.web.reactive.result.method.annotation.ServerWebExchangeMethodArgumentResolverTests" tests="4" skipped="0" failures="0" errors="0" timestamp="2021-05-01T09:51:14" hostname="wangweilideMBP.lan" time="0.022">
  <properties/>
  <testcase name="resolveUriComponentsBuilder()" classname="org.springframework.web.reactive.result.method.annotation.ServerWebExchangeMethodArgumentResolverTests" time="0.002"/>
  <testcase name="resolveArgument()" classname="org.springframework.web.reactive.result.method.annotation.ServerWebExchangeMethodArgumentResolverTests" time="0.0"/>
  <testcase name="resolveUriComponentsBuilderWithContextPath()" classname="org.springframework.web.reactive.result.method.annotation.ServerWebExchangeMethodArgumentResolverTests" time="0.004"/>
  <testcase name="supportsParameter()" classname="org.springframework.web.reactive.result.method.annotation.ServerWebExchangeMethodArgumentResolverTests" time="0.001"/>
  <system-out><![CDATA[]]></system-out>
  <system-err><![CDATA[]]></system-err>
</testsuite>
