<?xml version="1.0" encoding="UTF-8"?>
<testsuite name="org.springframework.web.reactive.function.server.DefaultRenderingResponseTests" tests="11" skipped="0" failures="0" errors="0" timestamp="2021-05-01T09:52:48" hostname="wangweilideMBP.lan" time="0.067">
  <properties/>
  <testcase name="notModifiedEtag()" classname="org.springframework.web.reactive.function.server.DefaultRenderingResponseTests" time="0.009"/>
  <testcase name="create()" classname="org.springframework.web.reactive.function.server.DefaultRenderingResponseTests" time="0.001"/>
  <testcase name="modelAttributes()" classname="org.springframework.web.reactive.function.server.DefaultRenderingResponseTests" time="0.0"/>
  <testcase name="render()" classname="org.springframework.web.reactive.function.server.DefaultRenderingResponseTests" time="0.034"/>
  <testcase name="modelAttribute()" classname="org.springframework.web.reactive.function.server.DefaultRenderingResponseTests" time="0.001"/>
  <testcase name="modelAttributesConventions()" classname="org.springframework.web.reactive.function.server.DefaultRenderingResponseTests" time="0.0"/>
  <testcase name="notModifiedLastModified()" classname="org.springframework.web.reactive.function.server.DefaultRenderingResponseTests" time="0.005"/>
  <testcase name="defaultContentType()" classname="org.springframework.web.reactive.function.server.DefaultRenderingResponseTests" time="0.014"/>
  <testcase name="headers()" classname="org.springframework.web.reactive.function.server.DefaultRenderingResponseTests" time="0.0"/>
  <testcase name="cookies()" classname="org.springframework.web.reactive.function.server.DefaultRenderingResponseTests" time="0.002"/>
  <testcase name="modelAttributeConventions()" classname="org.springframework.web.reactive.function.server.DefaultRenderingResponseTests" time="0.0"/>
  <system-out><![CDATA[17:52:48.669 [Test worker] DEBUG o.s.w.r.f.s.DefaultRenderingResponseTests$TestView - [61d5d001] View [TestView], model {}
]]></system-out>
  <system-err><![CDATA[]]></system-err>
</testsuite>
