<?xml version="1.0" encoding="UTF-8"?>
<testsuite name="org.springframework.web.reactive.config.WebFluxConfigurationSupportTests" tests="9" skipped="0" failures="0" errors="0" timestamp="2021-05-01T09:52:36" hostname="wangweilideMBP.lan" time="0.176">
  <properties/>
  <testcase name="resourceUrlProvider()" classname="org.springframework.web.reactive.config.WebFluxConfigurationSupportTests" time="0.013"/>
  <testcase name="customPathMatchConfig()" classname="org.springframework.web.reactive.config.WebFluxConfigurationSupportTests" time="0.026"/>
  <testcase name="requestMappingHandlerAdapter()" classname="org.springframework.web.reactive.config.WebFluxConfigurationSupportTests" time="0.015"/>
  <testcase name="customMessageConverterConfig()" classname="org.springframework.web.reactive.config.WebFluxConfigurationSupportTests" time="0.021"/>
  <testcase name="responseBodyResultHandler()" classname="org.springframework.web.reactive.config.WebFluxConfigurationSupportTests" time="0.015"/>
  <testcase name="viewResolutionResultHandler()" classname="org.springframework.web.reactive.config.WebFluxConfigurationSupportTests" time="0.026"/>
  <testcase name="requestMappingHandlerMapping()" classname="org.springframework.web.reactive.config.WebFluxConfigurationSupportTests" time="0.021"/>
  <testcase name="resourceHandler()" classname="org.springframework.web.reactive.config.WebFluxConfigurationSupportTests" time="0.024"/>
  <testcase name="responseEntityResultHandler()" classname="org.springframework.web.reactive.config.WebFluxConfigurationSupportTests" time="0.014"/>
  <system-out><![CDATA[17:52:36.968 [Test worker] DEBUG o.s.w.r.r.m.a.ControllerMethodResolver - ControllerAdvice beans: none
17:52:36.984 [Test worker] DEBUG o.s.w.r.r.m.a.RequestMappingHandlerMapping - 1 mappings in 'requestMappingHandlerMapping'
17:52:36.993 [Test worker] DEBUG o.s.w.r.r.m.a.ControllerMethodResolver - ControllerAdvice beans: none
17:52:37.007 [Test worker] DEBUG o.s.w.r.r.m.a.ControllerMethodResolver - ControllerAdvice beans: none
17:52:37.029 [Test worker] DEBUG o.s.w.r.r.m.a.ControllerMethodResolver - ControllerAdvice beans: none
17:52:37.044 [Test worker] DEBUG o.s.w.r.r.m.a.ControllerMethodResolver - ControllerAdvice beans: none
17:52:37.066 [Test worker] DEBUG o.s.w.r.r.m.a.ControllerMethodResolver - ControllerAdvice beans: none
17:52:37.087 [Test worker] DEBUG o.s.w.r.r.m.a.ControllerMethodResolver - ControllerAdvice beans: none
17:52:37.111 [Test worker] DEBUG o.s.w.r.h.SimpleUrlHandlerMapping - Patterns [/images/**] in 'resourceHandlerMapping'
17:52:37.115 [Test worker] DEBUG o.s.w.r.r.m.a.ControllerMethodResolver - ControllerAdvice beans: none
17:52:37.130 [Test worker] DEBUG o.s.w.r.r.m.a.ControllerMethodResolver - ControllerAdvice beans: none
]]></system-out>
  <system-err><![CDATA[]]></system-err>
</testsuite>
