<?xml version="1.0" encoding="UTF-8"?>
<testsuite name="org.springframework.web.reactive.function.server.PublisherHandlerFunctionIntegrationTests" tests="12" skipped="0" failures="0" errors="0" timestamp="2021-04-26T08:37:46" hostname="wangweilideMacBook-Pro.local" time="33.705">
  <properties/>
  <testcase name="[1] org.springframework.web.testfixture.http.server.reactive.bootstrap.JettyHttpServer@63e4ab71" classname="org.springframework.web.reactive.function.server.PublisherHandlerFunctionIntegrationTests" time="0.041"/>
  <testcase name="[2] org.springframework.web.testfixture.http.server.reactive.bootstrap.ReactorHttpServer@74483d5b" classname="org.springframework.web.reactive.function.server.PublisherHandlerFunctionIntegrationTests" time="0.021"/>
  <testcase name="[3] org.springframework.web.testfixture.http.server.reactive.bootstrap.TomcatHttpServer@38444da3" classname="org.springframework.web.reactive.function.server.PublisherHandlerFunctionIntegrationTests" time="11.142"/>
  <testcase name="[4] org.springframework.web.testfixture.http.server.reactive.bootstrap.UndertowHttpServer@7a5006f5" classname="org.springframework.web.reactive.function.server.PublisherHandlerFunctionIntegrationTests" time="0.017"/>
  <testcase name="[1] org.springframework.web.testfixture.http.server.reactive.bootstrap.JettyHttpServer@50e5d774" classname="org.springframework.web.reactive.function.server.PublisherHandlerFunctionIntegrationTests" time="0.016"/>
  <testcase name="[2] org.springframework.web.testfixture.http.server.reactive.bootstrap.ReactorHttpServer@3ac5c8c6" classname="org.springframework.web.reactive.function.server.PublisherHandlerFunctionIntegrationTests" time="0.013"/>
  <testcase name="[3] org.springframework.web.testfixture.http.server.reactive.bootstrap.TomcatHttpServer@765dc494" classname="org.springframework.web.reactive.function.server.PublisherHandlerFunctionIntegrationTests" time="11.182"/>
  <testcase name="[4] org.springframework.web.testfixture.http.server.reactive.bootstrap.UndertowHttpServer@282e5448" classname="org.springframework.web.reactive.function.server.PublisherHandlerFunctionIntegrationTests" time="0.016"/>
  <testcase name="[1] org.springframework.web.testfixture.http.server.reactive.bootstrap.JettyHttpServer@3de1fc66" classname="org.springframework.web.reactive.function.server.PublisherHandlerFunctionIntegrationTests" time="0.02"/>
  <testcase name="[2] org.springframework.web.testfixture.http.server.reactive.bootstrap.ReactorHttpServer@44a683c7" classname="org.springframework.web.reactive.function.server.PublisherHandlerFunctionIntegrationTests" time="0.016"/>
  <testcase name="[3] org.springframework.web.testfixture.http.server.reactive.bootstrap.TomcatHttpServer@21c517e9" classname="org.springframework.web.reactive.function.server.PublisherHandlerFunctionIntegrationTests" time="11.148"/>
  <testcase name="[4] org.springframework.web.testfixture.http.server.reactive.bootstrap.UndertowHttpServer@52dd0775" classname="org.springframework.web.reactive.function.server.PublisherHandlerFunctionIntegrationTests" time="0.018"/>
  <system-out><![CDATA[16:37:46.201 [Test worker] DEBUG o.s.w.s.a.HttpWebHandlerAdapter - enableLoggingRequestDetails='false': form data and headers will be masked to prevent unsafe logging of potentially sensitive data
16:37:46.201 [Test worker] WARN  o.e.j.s.h.ContextHandler - Empty contextPath
16:37:46.201 [Test worker] INFO  o.e.j.s.h.ContextHandler - Started o.e.j.s.ServletContextHandler@2494d2bd{/,null,AVAILABLE}
16:37:46.202 [Test worker] DEBUG o.s.w.t.h.s.r.b.JettyHttpServer - Starting JettyHttpServer...
16:37:46.202 [Test worker] INFO  o.e.j.s.Server - jetty-9.4.39.v20210325; built: 2021-03-25T14:42:11.471Z; git: 9fc7ca5a922f2a37b84ec9dbc26a5168cee7e667; jvm 11.0.9+7-LTS
16:37:46.203 [Test worker] INFO  o.e.j.s.AbstractConnector - Started ServerConnector@59dd7673{HTTP/1.1, (http/1.1)}{0.0.0.0:63007}
16:37:46.203 [Test worker] INFO  o.e.j.s.Server - Started @354610ms
16:37:46.203 [Test worker] DEBUG o.s.w.t.h.s.r.b.JettyHttpServer - Server started on port 63007(0 millis).
16:37:46.204 [Test worker] DEBUG o.s.w.c.RestTemplate - HTTP GET http://localhost:63007/flux
16:37:46.207 [Test worker] DEBUG o.s.w.c.RestTemplate - Accept=[application/json, application/x-jackson-smile, application/*+json]
16:37:46.212 [qtp1912758245-1560] DEBUG o.s.w.s.a.HttpWebHandlerAdapter - [65c2c330] HTTP GET "/flux"
16:37:46.223 [qtp1912758245-1560] DEBUG o.s.h.c.j.Jackson2JsonEncoder - [65c2c330] Encoding [[Person{name='John'}, Person{name='Jane'}]]
16:37:46.224 [qtp1912758245-1560] DEBUG o.s.w.s.a.HttpWebHandlerAdapter - [65c2c330] Completed 200 OK
16:37:46.224 [Test worker] DEBUG o.s.w.c.RestTemplate - Response 200 OK
16:37:46.224 [Test worker] DEBUG o.s.w.c.RestTemplate - Reading to [java.util.List<org.springframework.web.reactive.function.server.PublisherHandlerFunctionIntegrationTests$Person>]
16:37:46.226 [Test worker] DEBUG o.s.w.t.h.s.r.b.JettyHttpServer - Stopping JettyHttpServer...
16:37:46.227 [Test worker] INFO  o.e.j.s.h.ContextHandler - Stopped o.e.j.s.ServletContextHandler@2494d2bd{/,null,STOPPED}
16:37:46.228 [Test worker] INFO  o.e.j.s.AbstractConnector - Stopped ServerConnector@59dd7673{HTTP/1.1, (http/1.1)}{0.0.0.0:0}
16:37:46.228 [Test worker] DEBUG o.s.w.t.h.s.r.b.JettyHttpServer - Server stopped (0 millis).
16:37:46.243 [Test worker] DEBUG o.s.w.s.a.HttpWebHandlerAdapter - enableLoggingRequestDetails='false': form data and headers will be masked to prevent unsafe logging of potentially sensitive data
16:37:46.243 [Test worker] DEBUG o.s.w.t.h.s.r.b.ReactorHttpServer - Starting ReactorHttpServer...
16:37:46.244 [Test worker] DEBUG o.s.w.t.h.s.r.b.ReactorHttpServer - Server started on port 63009(0 millis).
16:37:46.244 [Test worker] DEBUG o.s.w.c.RestTemplate - HTTP GET http://localhost:63009/flux
16:37:46.244 [Test worker] DEBUG o.s.w.c.RestTemplate - Accept=[application/json, application/x-jackson-smile, application/*+json]
16:37:46.250 [reactor-http-nio-3] DEBUG o.s.w.s.a.HttpWebHandlerAdapter - [d7ee419f-1, L:/127.0.0.1:63009 - R:/127.0.0.1:63010] HTTP GET "/flux"
16:37:46.251 [reactor-http-nio-3] DEBUG o.s.h.c.j.Jackson2JsonEncoder - [d7ee419f-1, L:/127.0.0.1:63009 - R:/127.0.0.1:63010] Encoding [[Person{name='John'}, Person{name='Jane'}]]
16:37:46.252 [Test worker] DEBUG o.s.w.c.RestTemplate - Response 200 OK
16:37:46.253 [reactor-http-nio-3] DEBUG o.s.w.s.a.HttpWebHandlerAdapter - [d7ee419f-1, L:/127.0.0.1:63009 - R:/127.0.0.1:63010] Completed 200 OK
16:37:46.253 [Test worker] DEBUG o.s.w.c.RestTemplate - Reading to [java.util.List<org.springframework.web.reactive.function.server.PublisherHandlerFunctionIntegrationTests$Person>]
16:37:46.254 [Test worker] DEBUG o.s.w.t.h.s.r.b.ReactorHttpServer - Stopping ReactorHttpServer...
16:37:46.255 [Test worker] DEBUG o.s.w.t.h.s.r.b.ReactorHttpServer - Server stopped (0 millis).
16:37:46.267 [Test worker] DEBUG o.s.w.s.a.HttpWebHandlerAdapter - enableLoggingRequestDetails='false': form data and headers will be masked to prevent unsafe logging of potentially sensitive data
16:37:46.268 [Test worker] DEBUG o.s.w.t.h.s.r.b.TomcatHttpServer - Starting TomcatHttpServer...
16:37:46.275 [Test worker] DEBUG o.s.w.t.h.s.r.b.TomcatHttpServer - Server started on port 63011(0 millis).
16:37:46.275 [Test worker] DEBUG o.s.w.c.RestTemplate - HTTP GET http://localhost:63011/flux
16:37:46.275 [Test worker] DEBUG o.s.w.c.RestTemplate - Accept=[application/json, application/x-jackson-smile, application/*+json]
16:37:46.281 [http-nio-auto-31-exec-1] DEBUG o.s.w.s.a.HttpWebHandlerAdapter - [247aee36] HTTP GET "/flux"
16:37:46.282 [http-nio-auto-31-exec-1] DEBUG o.s.h.c.j.Jackson2JsonEncoder - [247aee36] Encoding [[Person{name='John'}, Person{name='Jane'}]]
16:37:46.282 [http-nio-auto-31-exec-1] DEBUG o.s.w.s.a.HttpWebHandlerAdapter - [247aee36] Completed 200 OK
16:37:46.282 [Test worker] DEBUG o.s.w.c.RestTemplate - Response 200 OK
16:37:46.283 [Test worker] DEBUG o.s.w.c.RestTemplate - Reading to [java.util.List<org.springframework.web.reactive.function.server.PublisherHandlerFunctionIntegrationTests$Person>]
16:37:46.283 [Test worker] DEBUG o.s.w.t.h.s.r.b.TomcatHttpServer - Stopping TomcatHttpServer...
16:37:57.402 [Test worker] DEBUG o.s.w.t.h.s.r.b.TomcatHttpServer - Server stopped (0 millis).
16:37:57.414 [Test worker] DEBUG o.s.w.s.a.HttpWebHandlerAdapter - enableLoggingRequestDetails='false': form data and headers will be masked to prevent unsafe logging of potentially sensitive data
16:37:57.414 [Test worker] DEBUG o.s.w.t.h.s.r.b.UndertowHttpServer - Starting UndertowHttpServer...
16:37:57.414 [Test worker] INFO  i.undertow - starting server: Undertow - 2.2.7.Final
16:37:57.417 [Test worker] DEBUG o.s.w.t.h.s.r.b.UndertowHttpServer - Server started on port 63064(0 millis).
16:37:57.417 [Test worker] DEBUG o.s.w.c.RestTemplate - HTTP GET http://localhost:63064/flux
16:37:57.417 [Test worker] DEBUG o.s.w.c.RestTemplate - Accept=[application/json, application/x-jackson-smile, application/*+json]
16:37:57.422 [XNIO-31 I/O-3] DEBUG o.s.w.s.a.HttpWebHandlerAdapter - [8da1aa0-34] HTTP GET "/flux"
16:37:57.423 [XNIO-31 I/O-3] DEBUG o.s.h.c.j.Jackson2JsonEncoder - [8da1aa0-34] Encoding [[Person{name='John'}, Person{name='Jane'}]]
16:37:57.424 [XNIO-31 I/O-3] DEBUG o.s.w.s.a.HttpWebHandlerAdapter - [8da1aa0-34] Completed 200 OK
16:37:57.424 [Test worker] DEBUG o.s.w.c.RestTemplate - Response 200 OK
16:37:57.424 [Test worker] DEBUG o.s.w.c.RestTemplate - Reading to [java.util.List<org.springframework.web.reactive.function.server.PublisherHandlerFunctionIntegrationTests$Person>]
16:37:57.424 [Test worker] DEBUG o.s.w.t.h.s.r.b.UndertowHttpServer - Stopping UndertowHttpServer...
16:37:57.425 [Test worker] INFO  i.undertow - stopping server: Undertow - 2.2.7.Final
16:37:57.425 [Test worker] DEBUG o.s.w.t.h.s.r.b.UndertowHttpServer - Server stopped (0 millis).
16:37:57.436 [Test worker] DEBUG o.s.w.s.a.HttpWebHandlerAdapter - enableLoggingRequestDetails='false': form data and headers will be masked to prevent unsafe logging of potentially sensitive data
16:37:57.437 [Test worker] WARN  o.e.j.s.h.ContextHandler - Empty contextPath
16:37:57.437 [Test worker] INFO  o.e.j.s.h.ContextHandler - Started o.e.j.s.ServletContextHandler@6a0ed0de{/,null,AVAILABLE}
16:37:57.437 [Test worker] DEBUG o.s.w.t.h.s.r.b.JettyHttpServer - Starting JettyHttpServer...
16:37:57.437 [Test worker] INFO  o.e.j.s.Server - jetty-9.4.39.v20210325; built: 2021-03-25T14:42:11.471Z; git: 9fc7ca5a922f2a37b84ec9dbc26a5168cee7e667; jvm 11.0.9+7-LTS
16:37:57.438 [Test worker] INFO  o.e.j.s.AbstractConnector - Started ServerConnector@142ef49c{HTTP/1.1, (http/1.1)}{0.0.0.0:63066}
16:37:57.438 [Test worker] INFO  o.e.j.s.Server - Started @365845ms
16:37:57.438 [Test worker] DEBUG o.s.w.t.h.s.r.b.JettyHttpServer - Server started on port 63066(0 millis).
16:37:57.438 [Test worker] DEBUG o.s.w.c.RestTemplate - HTTP GET http://localhost:63066/mono
16:37:57.439 [Test worker] DEBUG o.s.w.c.RestTemplate - Accept=[application/json, application/x-jackson-smile, application/*+json]
16:37:57.443 [qtp993982913-1606] DEBUG o.s.w.s.a.HttpWebHandlerAdapter - [7dcc23f7] HTTP GET "/mono"
16:37:57.444 [qtp993982913-1606] DEBUG o.s.h.c.j.Jackson2JsonEncoder - [7dcc23f7] Encoding [Person{name='John'}]
16:37:57.444 [qtp993982913-1606] DEBUG o.s.w.s.a.HttpWebHandlerAdapter - [7dcc23f7] Completed 200 OK
16:37:57.444 [Test worker] DEBUG o.s.w.c.RestTemplate - Response 200 OK
16:37:57.445 [Test worker] DEBUG o.s.w.c.RestTemplate - Reading to [org.springframework.web.reactive.function.server.PublisherHandlerFunctionIntegrationTests$Person]
16:37:57.445 [Test worker] DEBUG o.s.w.t.h.s.r.b.JettyHttpServer - Stopping JettyHttpServer...
16:37:57.445 [Test worker] INFO  o.e.j.s.h.ContextHandler - Stopped o.e.j.s.ServletContextHandler@6a0ed0de{/,null,STOPPED}
16:37:57.446 [Test worker] INFO  o.e.j.s.AbstractConnector - Stopped ServerConnector@142ef49c{HTTP/1.1, (http/1.1)}{0.0.0.0:0}
16:37:57.446 [Test worker] DEBUG o.s.w.t.h.s.r.b.JettyHttpServer - Server stopped (0 millis).
16:37:57.456 [Test worker] DEBUG o.s.w.s.a.HttpWebHandlerAdapter - enableLoggingRequestDetails='false': form data and headers will be masked to prevent unsafe logging of potentially sensitive data
16:37:57.456 [Test worker] DEBUG o.s.w.t.h.s.r.b.ReactorHttpServer - Starting ReactorHttpServer...
16:37:57.457 [Test worker] DEBUG o.s.w.t.h.s.r.b.ReactorHttpServer - Server started on port 63068(0 millis).
16:37:57.457 [Test worker] DEBUG o.s.w.c.RestTemplate - HTTP GET http://localhost:63068/mono
16:37:57.457 [Test worker] DEBUG o.s.w.c.RestTemplate - Accept=[application/json, application/x-jackson-smile, application/*+json]
16:37:57.461 [reactor-http-nio-5] DEBUG o.s.w.s.a.HttpWebHandlerAdapter - [eb545d89-1, L:/127.0.0.1:63068 - R:/127.0.0.1:63069] HTTP GET "/mono"
16:37:57.462 [reactor-http-nio-5] DEBUG o.s.h.c.j.Jackson2JsonEncoder - [eb545d89-1, L:/127.0.0.1:63068 - R:/127.0.0.1:63069] Encoding [Person{name='John'}]
16:37:57.463 [reactor-http-nio-5] DEBUG o.s.w.s.a.HttpWebHandlerAdapter - [eb545d89-1, L:/127.0.0.1:63068 - R:/127.0.0.1:63069] Completed 200 OK
16:37:57.463 [Test worker] DEBUG o.s.w.c.RestTemplate - Response 200 OK
16:37:57.463 [Test worker] DEBUG o.s.w.c.RestTemplate - Reading to [org.springframework.web.reactive.function.server.PublisherHandlerFunctionIntegrationTests$Person]
16:37:57.463 [Test worker] DEBUG o.s.w.t.h.s.r.b.ReactorHttpServer - Stopping ReactorHttpServer...
16:37:57.463 [Test worker] DEBUG o.s.w.t.h.s.r.b.ReactorHttpServer - Server stopped (0 millis).
16:37:57.473 [Test worker] DEBUG o.s.w.s.a.HttpWebHandlerAdapter - enableLoggingRequestDetails='false': form data and headers will be masked to prevent unsafe logging of potentially sensitive data
16:37:57.473 [Test worker] DEBUG o.s.w.t.h.s.r.b.TomcatHttpServer - Starting TomcatHttpServer...
16:37:57.477 [Test worker] DEBUG o.s.w.t.h.s.r.b.TomcatHttpServer - Server started on port 63070(0 millis).
16:37:57.477 [Test worker] DEBUG o.s.w.c.RestTemplate - HTTP GET http://localhost:63070/mono
16:37:57.478 [Test worker] DEBUG o.s.w.c.RestTemplate - Accept=[application/json, application/x-jackson-smile, application/*+json]
16:37:57.483 [http-nio-auto-32-exec-1] DEBUG o.s.w.s.a.HttpWebHandlerAdapter - [4c923058] HTTP GET "/mono"
16:37:57.484 [http-nio-auto-32-exec-1] DEBUG o.s.h.c.j.Jackson2JsonEncoder - [4c923058] Encoding [Person{name='John'}]
16:37:57.484 [http-nio-auto-32-exec-1] DEBUG o.s.w.s.a.HttpWebHandlerAdapter - [4c923058] Completed 200 OK
16:37:57.484 [Test worker] DEBUG o.s.w.c.RestTemplate - Response 200 OK
16:37:57.484 [Test worker] DEBUG o.s.w.c.RestTemplate - Reading to [org.springframework.web.reactive.function.server.PublisherHandlerFunctionIntegrationTests$Person]
16:37:57.485 [Test worker] DEBUG o.s.w.t.h.s.r.b.TomcatHttpServer - Stopping TomcatHttpServer...
16:38:08.649 [Test worker] DEBUG o.s.w.t.h.s.r.b.TomcatHttpServer - Server stopped (0 millis).
16:38:08.661 [Test worker] DEBUG o.s.w.s.a.HttpWebHandlerAdapter - enableLoggingRequestDetails='false': form data and headers will be masked to prevent unsafe logging of potentially sensitive data
16:38:08.661 [Test worker] DEBUG o.s.w.t.h.s.r.b.UndertowHttpServer - Starting UndertowHttpServer...
16:38:08.661 [Test worker] INFO  i.undertow - starting server: Undertow - 2.2.7.Final
16:38:08.663 [Test worker] DEBUG o.s.w.t.h.s.r.b.UndertowHttpServer - Server started on port 63121(0 millis).
16:38:08.663 [Test worker] DEBUG o.s.w.c.RestTemplate - HTTP GET http://localhost:63121/mono
16:38:08.664 [Test worker] DEBUG o.s.w.c.RestTemplate - Accept=[application/json, application/x-jackson-smile, application/*+json]
16:38:08.669 [XNIO-32 I/O-9] DEBUG o.s.w.s.a.HttpWebHandlerAdapter - [144b627b-35] HTTP GET "/mono"
16:38:08.669 [XNIO-32 I/O-9] DEBUG o.s.h.c.j.Jackson2JsonEncoder - [144b627b-35] Encoding [Person{name='John'}]
16:38:08.670 [XNIO-32 I/O-9] DEBUG o.s.w.s.a.HttpWebHandlerAdapter - [144b627b-35] Completed 200 OK
16:38:08.670 [Test worker] DEBUG o.s.w.c.RestTemplate - Response 200 OK
16:38:08.670 [Test worker] DEBUG o.s.w.c.RestTemplate - Reading to [org.springframework.web.reactive.function.server.PublisherHandlerFunctionIntegrationTests$Person]
16:38:08.670 [Test worker] DEBUG o.s.w.t.h.s.r.b.UndertowHttpServer - Stopping UndertowHttpServer...
16:38:08.670 [Test worker] INFO  i.undertow - stopping server: Undertow - 2.2.7.Final
16:38:08.671 [Test worker] DEBUG o.s.w.t.h.s.r.b.UndertowHttpServer - Server stopped (0 millis).
16:38:08.682 [Test worker] DEBUG o.s.w.s.a.HttpWebHandlerAdapter - enableLoggingRequestDetails='false': form data and headers will be masked to prevent unsafe logging of potentially sensitive data
16:38:08.682 [Test worker] WARN  o.e.j.s.h.ContextHandler - Empty contextPath
16:38:08.682 [Test worker] INFO  o.e.j.s.h.ContextHandler - Started o.e.j.s.ServletContextHandler@7e91c129{/,null,AVAILABLE}
16:38:08.682 [Test worker] DEBUG o.s.w.t.h.s.r.b.JettyHttpServer - Starting JettyHttpServer...
16:38:08.682 [Test worker] INFO  o.e.j.s.Server - jetty-9.4.39.v20210325; built: 2021-03-25T14:42:11.471Z; git: 9fc7ca5a922f2a37b84ec9dbc26a5168cee7e667; jvm 11.0.9+7-LTS
16:38:08.684 [Test worker] INFO  o.e.j.s.AbstractConnector - Started ServerConnector@4c210051{HTTP/1.1, (http/1.1)}{0.0.0.0:63123}
16:38:08.684 [Test worker] INFO  o.e.j.s.Server - Started @377090ms
16:38:08.684 [Test worker] DEBUG o.s.w.t.h.s.r.b.JettyHttpServer - Server started on port 63123(0 millis).
16:38:08.684 [Test worker] DEBUG o.s.w.c.RestTemplate - HTTP POST http://localhost:63123/mono
16:38:08.684 [Test worker] DEBUG o.s.w.c.RestTemplate - Accept=[application/json, application/x-jackson-smile, application/*+json]
16:38:08.685 [Test worker] DEBUG o.s.w.c.RestTemplate - Writing [Person{name='Jack'}] with org.springframework.http.converter.json.MappingJackson2HttpMessageConverter
16:38:08.690 [qtp906574508-1651] DEBUG o.s.w.s.a.HttpWebHandlerAdapter - [6aa244dc] HTTP POST "/mono"
16:38:08.693 [qtp906574508-1651] DEBUG o.s.h.c.j.Jackson2JsonDecoder - [6aa244dc] Decoded [Person{name='Jack'}]
16:38:08.693 [qtp906574508-1651] DEBUG o.s.h.c.j.Jackson2JsonEncoder - [6aa244dc] Encoding [Person{name='Jack'}]
16:38:08.694 [qtp906574508-1651] DEBUG o.s.w.s.a.HttpWebHandlerAdapter - [6aa244dc] Completed 200 OK
16:38:08.694 [Test worker] DEBUG o.s.w.c.RestTemplate - Response 200 OK
16:38:08.694 [Test worker] DEBUG o.s.w.c.RestTemplate - Reading to [org.springframework.web.reactive.function.server.PublisherHandlerFunctionIntegrationTests$Person]
16:38:08.694 [Test worker] DEBUG o.s.w.t.h.s.r.b.JettyHttpServer - Stopping JettyHttpServer...
16:38:08.694 [Test worker] INFO  o.e.j.s.h.ContextHandler - Stopped o.e.j.s.ServletContextHandler@7e91c129{/,null,STOPPED}
16:38:08.695 [Test worker] INFO  o.e.j.s.AbstractConnector - Stopped ServerConnector@4c210051{HTTP/1.1, (http/1.1)}{0.0.0.0:0}
16:38:08.695 [Test worker] DEBUG o.s.w.t.h.s.r.b.JettyHttpServer - Server stopped (0 millis).
16:38:08.706 [Test worker] DEBUG o.s.w.s.a.HttpWebHandlerAdapter - enableLoggingRequestDetails='false': form data and headers will be masked to prevent unsafe logging of potentially sensitive data
16:38:08.706 [Test worker] DEBUG o.s.w.t.h.s.r.b.ReactorHttpServer - Starting ReactorHttpServer...
16:38:08.707 [Test worker] DEBUG o.s.w.t.h.s.r.b.ReactorHttpServer - Server started on port 63125(0 millis).
16:38:08.707 [Test worker] DEBUG o.s.w.c.RestTemplate - HTTP POST http://localhost:63125/mono
16:38:08.707 [Test worker] DEBUG o.s.w.c.RestTemplate - Accept=[application/json, application/x-jackson-smile, application/*+json]
16:38:08.708 [Test worker] DEBUG o.s.w.c.RestTemplate - Writing [Person{name='Jack'}] with org.springframework.http.converter.json.MappingJackson2HttpMessageConverter
16:38:08.713 [reactor-http-nio-7] DEBUG o.s.w.s.a.HttpWebHandlerAdapter - [0b77e865-1, L:/127.0.0.1:63125 - R:/127.0.0.1:63126] HTTP POST "/mono"
16:38:08.714 [reactor-http-nio-7] DEBUG o.s.h.c.j.Jackson2JsonDecoder - [0b77e865-1, L:/127.0.0.1:63125 - R:/127.0.0.1:63126] Decoded [Person{name='Jack'}]
16:38:08.714 [reactor-http-nio-7] DEBUG o.s.h.c.j.Jackson2JsonEncoder - [0b77e865-1, L:/127.0.0.1:63125 - R:/127.0.0.1:63126] Encoding [Person{name='Jack'}]
16:38:08.715 [reactor-http-nio-7] DEBUG o.s.w.s.a.HttpWebHandlerAdapter - [0b77e865-1, L:/127.0.0.1:63125 - R:/127.0.0.1:63126] Completed 200 OK
16:38:08.715 [Test worker] DEBUG o.s.w.c.RestTemplate - Response 200 OK
16:38:08.715 [Test worker] DEBUG o.s.w.c.RestTemplate - Reading to [org.springframework.web.reactive.function.server.PublisherHandlerFunctionIntegrationTests$Person]
16:38:08.716 [Test worker] DEBUG o.s.w.t.h.s.r.b.ReactorHttpServer - Stopping ReactorHttpServer...
16:38:08.716 [Test worker] DEBUG o.s.w.t.h.s.r.b.ReactorHttpServer - Server stopped (0 millis).
16:38:08.726 [Test worker] DEBUG o.s.w.s.a.HttpWebHandlerAdapter - enableLoggingRequestDetails='false': form data and headers will be masked to prevent unsafe logging of potentially sensitive data
16:38:08.726 [Test worker] DEBUG o.s.w.t.h.s.r.b.TomcatHttpServer - Starting TomcatHttpServer...
16:38:08.730 [Test worker] DEBUG o.s.w.t.h.s.r.b.TomcatHttpServer - Server started on port 63127(0 millis).
16:38:08.730 [Test worker] DEBUG o.s.w.c.RestTemplate - HTTP POST http://localhost:63127/mono
16:38:08.731 [Test worker] DEBUG o.s.w.c.RestTemplate - Accept=[application/json, application/x-jackson-smile, application/*+json]
16:38:08.731 [Test worker] DEBUG o.s.w.c.RestTemplate - Writing [Person{name='Jack'}] with org.springframework.http.converter.json.MappingJackson2HttpMessageConverter
16:38:08.736 [http-nio-auto-33-exec-1] DEBUG o.s.w.s.a.HttpWebHandlerAdapter - [5f26aa78] HTTP POST "/mono"
16:38:08.737 [http-nio-auto-33-exec-1] DEBUG o.s.h.c.j.Jackson2JsonDecoder - [5f26aa78] Decoded [Person{name='Jack'}]
16:38:08.737 [http-nio-auto-33-exec-1] DEBUG o.s.h.c.j.Jackson2JsonEncoder - [5f26aa78] Encoding [Person{name='Jack'}]
16:38:08.738 [http-nio-auto-33-exec-1] DEBUG o.s.w.s.a.HttpWebHandlerAdapter - [5f26aa78] Completed 200 OK
16:38:08.738 [Test worker] DEBUG o.s.w.c.RestTemplate - Response 200 OK
16:38:08.738 [Test worker] DEBUG o.s.w.c.RestTemplate - Reading to [org.springframework.web.reactive.function.server.PublisherHandlerFunctionIntegrationTests$Person]
16:38:08.739 [Test worker] DEBUG o.s.w.t.h.s.r.b.TomcatHttpServer - Stopping TomcatHttpServer...
16:38:19.867 [Test worker] DEBUG o.s.w.t.h.s.r.b.TomcatHttpServer - Server stopped (0 millis).
16:38:19.880 [Test worker] DEBUG o.s.w.s.a.HttpWebHandlerAdapter - enableLoggingRequestDetails='false': form data and headers will be masked to prevent unsafe logging of potentially sensitive data
16:38:19.880 [Test worker] DEBUG o.s.w.t.h.s.r.b.UndertowHttpServer - Starting UndertowHttpServer...
16:38:19.880 [Test worker] INFO  i.undertow - starting server: Undertow - 2.2.7.Final
16:38:19.883 [Test worker] DEBUG o.s.w.t.h.s.r.b.UndertowHttpServer - Server started on port 63157(0 millis).
16:38:19.883 [Test worker] DEBUG o.s.w.c.RestTemplate - HTTP POST http://localhost:63157/mono
16:38:19.884 [Test worker] DEBUG o.s.w.c.RestTemplate - Accept=[application/json, application/x-jackson-smile, application/*+json]
16:38:19.884 [Test worker] DEBUG o.s.w.c.RestTemplate - Writing [Person{name='Jack'}] with org.springframework.http.converter.json.MappingJackson2HttpMessageConverter
16:38:19.889 [XNIO-33 I/O-11] DEBUG o.s.w.s.a.HttpWebHandlerAdapter - [29337d21-36] HTTP POST "/mono"
16:38:19.890 [XNIO-33 I/O-11] DEBUG o.s.h.c.j.Jackson2JsonDecoder - [29337d21-36] Decoded [Person{name='Jack'}]
16:38:19.890 [XNIO-33 I/O-11] DEBUG o.s.h.c.j.Jackson2JsonEncoder - [29337d21-36] Encoding [Person{name='Jack'}]
16:38:19.891 [XNIO-33 I/O-11] DEBUG o.s.w.s.a.HttpWebHandlerAdapter - [29337d21-36] Completed 200 OK
16:38:19.891 [Test worker] DEBUG o.s.w.c.RestTemplate - Response 200 OK
16:38:19.891 [Test worker] DEBUG o.s.w.c.RestTemplate - Reading to [org.springframework.web.reactive.function.server.PublisherHandlerFunctionIntegrationTests$Person]
16:38:19.891 [Test worker] DEBUG o.s.w.t.h.s.r.b.UndertowHttpServer - Stopping UndertowHttpServer...
16:38:19.891 [Test worker] INFO  i.undertow - stopping server: Undertow - 2.2.7.Final
16:38:19.892 [Test worker] DEBUG o.s.w.t.h.s.r.b.UndertowHttpServer - Server stopped (0 millis).
]]></system-out>
  <system-err><![CDATA[]]></system-err>
</testsuite>
