<?xml version="1.0" encoding="UTF-8"?>
<testsuite name="org.springframework.web.reactive.result.method.annotation.PrincipalMethodArgumentResolverTests" tests="2" skipped="0" failures="0" errors="0" timestamp="2021-04-26T08:33:03" hostname="wangweilideMacBook-Pro.local" time="0.014">
  <properties/>
  <testcase name="resolverArgument()" classname="org.springframework.web.reactive.result.method.annotation.PrincipalMethodArgumentResolverTests" time="0.013"/>
  <testcase name="supportsParameter()" classname="org.springframework.web.reactive.result.method.annotation.PrincipalMethodArgumentResolverTests" time="0.0"/>
  <system-out><![CDATA[]]></system-out>
  <system-err><![CDATA[]]></system-err>
</testsuite>
