<?xml version="1.0" encoding="UTF-8"?>
<testsuite name="org.springframework.web.reactive.result.method.annotation.RequestMappingHandlerMappingTests" tests="10" skipped="0" failures="0" errors="0" timestamp="2021-05-01T09:47:36" hostname="wangweilideMBP.lan" time="0.03">
  <properties/>
  <testcase name="getMappingOverridesConsumesFromTypeLevelAnnotation()" classname="org.springframework.web.reactive.result.method.annotation.RequestMappingHandlerMappingTests" time="0.001"/>
  <testcase name="patchMapping()" classname="org.springframework.web.reactive.result.method.annotation.RequestMappingHandlerMappingTests" time="0.001"/>
  <testcase name="resolveRequestMappingViaComposedAnnotation()" classname="org.springframework.web.reactive.result.method.annotation.RequestMappingHandlerMappingTests" time="0.001"/>
  <testcase name="consumesWithOptionalRequestBody()" classname="org.springframework.web.reactive.result.method.annotation.RequestMappingHandlerMappingTests" time="0.011"/>
  <testcase name="deleteMapping()" classname="org.springframework.web.reactive.result.method.annotation.RequestMappingHandlerMappingTests" time="0.0"/>
  <testcase name="pathPrefix()" classname="org.springframework.web.reactive.result.method.annotation.RequestMappingHandlerMappingTests" time="0.004"/>
  <testcase name="putMapping()" classname="org.springframework.web.reactive.result.method.annotation.RequestMappingHandlerMappingTests" time="0.0"/>
  <testcase name="resolveEmbeddedValuesInPatterns()" classname="org.springframework.web.reactive.result.method.annotation.RequestMappingHandlerMappingTests" time="0.005"/>
  <testcase name="postMapping()" classname="org.springframework.web.reactive.result.method.annotation.RequestMappingHandlerMappingTests" time="0.001"/>
  <testcase name="getMapping()" classname="org.springframework.web.reactive.result.method.annotation.RequestMappingHandlerMappingTests" time="0.001"/>
  <system-out><![CDATA[17:47:36.257 [Test worker] DEBUG o.s.w.c.s.StaticWebApplicationContext - Refreshing Root WebApplicationContext
17:47:36.268 [Test worker] DEBUG o.s.w.r.r.m.a.RequestMappingHandlerMapping - 7 mappings in <unknown>
]]></system-out>
  <system-err><![CDATA[]]></system-err>
</testsuite>
