<?xml version="1.0" encoding="UTF-8"?>
<testsuite name="org.springframework.web.reactive.function.server.PathResourceLookupFunctionTests" tests="4" skipped="0" failures="0" errors="0" timestamp="2021-05-01T09:53:41" hostname="wangweilideMBP.lan" time="0.023">
  <properties/>
  <testcase name="subPath()" classname="org.springframework.web.reactive.function.server.PathResourceLookupFunctionTests" time="0.007"/>
  <testcase name="normal()" classname="org.springframework.web.reactive.function.server.PathResourceLookupFunctionTests" time="0.005"/>
  <testcase name="composeResourceLookupFunction()" classname="org.springframework.web.reactive.function.server.PathResourceLookupFunctionTests" time="0.005"/>
  <testcase name="notFound()" classname="org.springframework.web.reactive.function.server.PathResourceLookupFunctionTests" time="0.005"/>
  <system-out><![CDATA[]]></system-out>
  <system-err><![CDATA[]]></system-err>
</testsuite>
