<?xml version="1.0" encoding="UTF-8"?>
<testsuite name="org.springframework.web.reactive.resource.CssLinkResourceTransformerTests" tests="6" skipped="0" failures="0" errors="0" timestamp="2021-05-01T09:57:03" hostname="wangweilideMBP.lan" time="0.199">
  <properties/>
  <testcase name="transformSkippedForNonCssResource()" classname="org.springframework.web.reactive.resource.CssLinkResourceTransformerTests" time="0.011"/>
  <testcase name="transformEmptyUrlFunction()" classname="org.springframework.web.reactive.resource.CssLinkResourceTransformerTests" time="0.02"/>
  <testcase name="transformSkippedForGzippedResource(GzippedFiles)" classname="org.springframework.web.reactive.resource.CssLinkResourceTransformerTests" time="0.079"/>
  <testcase name="transformNoLinks()" classname="org.springframework.web.reactive.resource.CssLinkResourceTransformerTests" time="0.015"/>
  <testcase name="transformExtLinksNotAllowed()" classname="org.springframework.web.reactive.resource.CssLinkResourceTransformerTests" time="0.032"/>
  <testcase name="transform()" classname="org.springframework.web.reactive.resource.CssLinkResourceTransformerTests" time="0.041"/>
  <system-out><![CDATA[]]></system-out>
  <system-err><![CDATA[]]></system-err>
</testsuite>
