<?xml version="1.0" encoding="UTF-8"?>
<testsuite name="org.springframework.web.reactive.result.method.annotation.JacksonStreamingIntegrationTests" tests="8" skipped="0" failures="0" errors="0" timestamp="2021-05-01T09:48:00" hostname="wangweilideMBP.lan" time="24.484">
  <properties/>
  <testcase name="[1] org.springframework.web.testfixture.http.server.reactive.bootstrap.JettyHttpServer@6c8a7c7" classname="org.springframework.web.reactive.result.method.annotation.JacksonStreamingIntegrationTests" time="0.422"/>
  <testcase name="[2] org.springframework.web.testfixture.http.server.reactive.bootstrap.ReactorHttpServer@1e0831ad" classname="org.springframework.web.reactive.result.method.annotation.JacksonStreamingIntegrationTests" time="0.239"/>
  <testcase name="[3] org.springframework.web.testfixture.http.server.reactive.bootstrap.TomcatHttpServer@26c8559d" classname="org.springframework.web.reactive.result.method.annotation.JacksonStreamingIntegrationTests" time="11.422"/>
  <testcase name="[4] org.springframework.web.testfixture.http.server.reactive.bootstrap.UndertowHttpServer@171436f8" classname="org.springframework.web.reactive.result.method.annotation.JacksonStreamingIntegrationTests" time="0.25"/>
  <testcase name="[1] org.springframework.web.testfixture.http.server.reactive.bootstrap.JettyHttpServer@4893b5d9" classname="org.springframework.web.reactive.result.method.annotation.JacksonStreamingIntegrationTests" time="0.243"/>
  <testcase name="[2] org.springframework.web.testfixture.http.server.reactive.bootstrap.ReactorHttpServer@5d8b0290" classname="org.springframework.web.reactive.result.method.annotation.JacksonStreamingIntegrationTests" time="0.242"/>
  <testcase name="[3] org.springframework.web.testfixture.http.server.reactive.bootstrap.TomcatHttpServer@501525b2" classname="org.springframework.web.reactive.result.method.annotation.JacksonStreamingIntegrationTests" time="11.418"/>
  <testcase name="[4] org.springframework.web.testfixture.http.server.reactive.bootstrap.UndertowHttpServer@79434374" classname="org.springframework.web.reactive.result.method.annotation.JacksonStreamingIntegrationTests" time="0.245"/>
  <system-out><![CDATA[17:48:00.812 [Test worker] DEBUG o.s.w.r.r.m.a.RequestMappingHandlerMapping - 1 mappings in 'requestMappingHandlerMapping'
17:48:00.824 [Test worker] DEBUG o.s.w.r.r.m.a.ControllerMethodResolver - ControllerAdvice beans: none
17:48:00.831 [Test worker] DEBUG o.s.w.s.a.HttpWebHandlerAdapter - enableLoggingRequestDetails='false': form data and headers will be masked to prevent unsafe logging of potentially sensitive data
17:48:00.832 [Test worker] WARN  o.e.j.s.h.ContextHandler - Empty contextPath
17:48:00.832 [Test worker] INFO  o.e.j.s.h.ContextHandler - Started o.e.j.s.ServletContextHandler@577939d1{/,null,AVAILABLE}
17:48:00.832 [Test worker] DEBUG o.s.w.t.h.s.r.b.JettyHttpServer - Starting JettyHttpServer...
17:48:00.832 [Test worker] INFO  o.e.j.s.Server - jetty-9.4.39.v20210325; built: 2021-03-25T14:42:11.471Z; git: 9fc7ca5a922f2a37b84ec9dbc26a5168cee7e667; jvm 1.8.0_181-b13
17:48:00.836 [Test worker] INFO  o.e.j.s.AbstractConnector - Started ServerConnector@6b59f94b{HTTP/1.1, (http/1.1)}{0.0.0.0:51895}
17:48:00.836 [Test worker] INFO  o.e.j.s.Server - Started @47879ms
17:48:00.836 [Test worker] DEBUG o.s.w.t.h.s.r.b.JettyHttpServer - Server started on port 51895(0 millis).
17:48:00.898 [Test worker] DEBUG o.s.w.r.f.c.ExchangeFunctions - [3a73def1] HTTP GET http://localhost:51895/stream
17:48:00.999 [qtp1540558757-193] DEBUG o.s.w.s.a.HttpWebHandlerAdapter - [25238a74] HTTP GET "/stream"
17:48:01.000 [qtp1540558757-193] DEBUG o.s.w.r.r.m.a.RequestMappingHandlerMapping - [25238a74] Mapped to org.springframework.web.reactive.result.method.annotation.JacksonStreamingIntegrationTests$JacksonStreamingController#person()
17:48:01.003 [qtp1540558757-193] DEBUG o.s.w.r.r.m.a.ResponseBodyResultHandler - [25238a74] Using 'application/stream+x-jackson-smile' given [application/stream+x-jackson-smile] and supported [application/stream+x-jackson-smile]
17:48:01.003 [qtp1540558757-193] DEBUG o.s.w.r.r.m.a.ResponseBodyResultHandler - [25238a74] 0..N [org.springframework.web.reactive.result.method.annotation.JacksonStreamingIntegrationTests$Person]
17:48:01.115 [parallel-1] DEBUG o.s.h.c.j.Jackson2SmileEncoder - [25238a74] Encoding [Person{name='foo 0'}]
17:48:01.119 [reactor-http-nio-8] DEBUG o.s.w.r.f.c.ExchangeFunctions - [3a73def1] [ab3c7ecd-1, L:/127.0.0.1:51896 - R:localhost/127.0.0.1:51895] Response 200 OK
17:48:01.170 [reactor-http-nio-8] DEBUG o.s.h.c.j.Jackson2SmileDecoder - [3a73def1] [ab3c7ecd-1, L:/127.0.0.1:51896 - R:localhost/127.0.0.1:51895] Decoded [Person{name='foo 0'}]
17:48:01.214 [parallel-1] DEBUG o.s.h.c.j.Jackson2SmileEncoder - [25238a74] Encoding [Person{name='foo 1'}]
17:48:01.215 [reactor-http-nio-8] DEBUG o.s.h.c.j.Jackson2SmileDecoder - [3a73def1] [ab3c7ecd-1, L:/127.0.0.1:51896 - R:localhost/127.0.0.1:51895] Decoded [Person{name='foo 1'}]
17:48:01.216 [reactor-http-nio-8] DEBUG o.s.w.r.f.c.ExchangeFunctions - [3a73def1] Cancel signal (to close connection)
17:48:01.219 [Test worker] DEBUG o.s.w.t.h.s.r.b.JettyHttpServer - Stopping JettyHttpServer...
17:48:01.219 [Test worker] INFO  o.e.j.s.h.ContextHandler - Stopped o.e.j.s.ServletContextHandler@577939d1{/,null,STOPPED}
17:48:01.223 [Test worker] INFO  o.e.j.s.AbstractConnector - Stopped ServerConnector@6b59f94b{HTTP/1.1, (http/1.1)}{0.0.0.0:0}
17:48:01.224 [Test worker] DEBUG o.s.w.t.h.s.r.b.JettyHttpServer - Server stopped (0 millis).
17:48:01.232 [Test worker] DEBUG o.s.w.r.r.m.a.RequestMappingHandlerMapping - 1 mappings in 'requestMappingHandlerMapping'
17:48:01.244 [Test worker] DEBUG o.s.w.r.r.m.a.ControllerMethodResolver - ControllerAdvice beans: none
17:48:01.248 [Test worker] DEBUG o.s.w.s.a.HttpWebHandlerAdapter - enableLoggingRequestDetails='false': form data and headers will be masked to prevent unsafe logging of potentially sensitive data
17:48:01.248 [Test worker] DEBUG o.s.w.t.h.s.r.b.ReactorHttpServer - Starting ReactorHttpServer...
17:48:01.249 [Test worker] DEBUG o.s.w.t.h.s.r.b.ReactorHttpServer - Server started on port 51897(0 millis).
17:48:01.249 [Test worker] DEBUG o.s.w.r.f.c.ExchangeFunctions - [4eb3bdc8] HTTP GET http://localhost:51897/stream
17:48:01.258 [reactor-http-nio-11] DEBUG o.s.w.s.a.HttpWebHandlerAdapter - [dc431a24-1, L:/127.0.0.1:51897 - R:/127.0.0.1:51898] HTTP GET "/stream"
17:48:01.258 [reactor-http-nio-11] DEBUG o.s.w.r.r.m.a.RequestMappingHandlerMapping - [dc431a24-1, L:/127.0.0.1:51897 - R:/127.0.0.1:51898] Mapped to org.springframework.web.reactive.result.method.annotation.JacksonStreamingIntegrationTests$JacksonStreamingController#person()
17:48:01.259 [reactor-http-nio-11] DEBUG o.s.w.r.r.m.a.ResponseBodyResultHandler - [dc431a24-1, L:/127.0.0.1:51897 - R:/127.0.0.1:51898] Using 'application/stream+x-jackson-smile' given [application/stream+x-jackson-smile] and supported [application/stream+x-jackson-smile]
17:48:01.259 [reactor-http-nio-11] DEBUG o.s.w.r.r.m.a.ResponseBodyResultHandler - [dc431a24-1, L:/127.0.0.1:51897 - R:/127.0.0.1:51898] 0..N [org.springframework.web.reactive.result.method.annotation.JacksonStreamingIntegrationTests$Person]
17:48:01.316 [parallel-1] DEBUG o.s.h.c.j.Jackson2SmileEncoder - [25238a74] Encoding [Person{name='foo 2'}]
17:48:01.363 [parallel-2] DEBUG o.s.h.c.j.Jackson2SmileEncoder - [dc431a24-1, L:/127.0.0.1:51897 - R:/127.0.0.1:51898] Encoding [Person{name='foo 0'}]
17:48:01.366 [reactor-http-nio-10] DEBUG o.s.w.r.f.c.ExchangeFunctions - [4eb3bdc8] [f61cc5f6-1, L:/127.0.0.1:51898 - R:localhost/127.0.0.1:51897] Response 200 OK
17:48:01.369 [reactor-http-nio-10] DEBUG o.s.h.c.j.Jackson2SmileDecoder - [4eb3bdc8] [f61cc5f6-1, L:/127.0.0.1:51898 - R:localhost/127.0.0.1:51897] Decoded [Person{name='foo 0'}]
17:48:01.415 [parallel-1] DEBUG o.s.h.c.j.Jackson2SmileEncoder - [25238a74] Encoding [Person{name='foo 3'}]
17:48:01.462 [parallel-2] DEBUG o.s.h.c.j.Jackson2SmileEncoder - [dc431a24-1, L:/127.0.0.1:51897 - R:/127.0.0.1:51898] Encoding [Person{name='foo 1'}]
17:48:01.463 [reactor-http-nio-10] DEBUG o.s.h.c.j.Jackson2SmileDecoder - [4eb3bdc8] [f61cc5f6-1, L:/127.0.0.1:51898 - R:localhost/127.0.0.1:51897] Decoded [Person{name='foo 1'}]
17:48:01.463 [reactor-http-nio-10] DEBUG o.s.w.r.f.c.ExchangeFunctions - [4eb3bdc8] Cancel signal (to close connection)
17:48:01.463 [Test worker] DEBUG o.s.w.t.h.s.r.b.ReactorHttpServer - Stopping ReactorHttpServer...
17:48:01.463 [reactor-http-nio-11] DEBUG o.s.w.s.a.HttpWebHandlerAdapter - [dc431a24-1, L:/127.0.0.1:51897 - R:/127.0.0.1:51898] Completed 200 OK
17:48:01.463 [Test worker] DEBUG o.s.w.t.h.s.r.b.ReactorHttpServer - Server stopped (0 millis).
17:48:01.471 [Test worker] DEBUG o.s.w.r.r.m.a.RequestMappingHandlerMapping - 1 mappings in 'requestMappingHandlerMapping'
17:48:01.483 [Test worker] DEBUG o.s.w.r.r.m.a.ControllerMethodResolver - ControllerAdvice beans: none
17:48:01.485 [Test worker] DEBUG o.s.w.s.a.HttpWebHandlerAdapter - enableLoggingRequestDetails='false': form data and headers will be masked to prevent unsafe logging of potentially sensitive data
17:48:01.486 [Test worker] DEBUG o.s.w.t.h.s.r.b.TomcatHttpServer - Starting TomcatHttpServer...
17:48:01.492 [Test worker] DEBUG o.s.w.t.h.s.r.b.TomcatHttpServer - Server started on port 51899(0 millis).
17:48:01.492 [Test worker] DEBUG o.s.w.r.f.c.ExchangeFunctions - [15a76201] HTTP GET http://localhost:51899/stream
17:48:01.502 [http-nio-auto-4-exec-1] DEBUG o.s.w.s.a.HttpWebHandlerAdapter - [3375779] HTTP GET "/stream"
17:48:01.503 [http-nio-auto-4-exec-1] DEBUG o.s.w.r.r.m.a.RequestMappingHandlerMapping - [3375779] Mapped to org.springframework.web.reactive.result.method.annotation.JacksonStreamingIntegrationTests$JacksonStreamingController#person()
17:48:01.504 [http-nio-auto-4-exec-1] DEBUG o.s.w.r.r.m.a.ResponseBodyResultHandler - [3375779] Using 'application/stream+x-jackson-smile' given [application/stream+x-jackson-smile] and supported [application/stream+x-jackson-smile]
17:48:01.504 [http-nio-auto-4-exec-1] DEBUG o.s.w.r.r.m.a.ResponseBodyResultHandler - [3375779] 0..N [org.springframework.web.reactive.result.method.annotation.JacksonStreamingIntegrationTests$Person]
17:48:01.606 [parallel-3] DEBUG o.s.h.c.j.Jackson2SmileEncoder - [3375779] Encoding [Person{name='foo 0'}]
17:48:01.609 [reactor-http-nio-12] DEBUG o.s.w.r.f.c.ExchangeFunctions - [15a76201] [19518dbc-1, L:/127.0.0.1:51900 - R:localhost/127.0.0.1:51899] Response 200 OK
17:48:01.609 [reactor-http-nio-12] DEBUG o.s.h.c.j.Jackson2SmileDecoder - [15a76201] [19518dbc-1, L:/127.0.0.1:51900 - R:localhost/127.0.0.1:51899] Decoded [Person{name='foo 0'}]
17:48:01.710 [parallel-3] DEBUG o.s.h.c.j.Jackson2SmileEncoder - [3375779] Encoding [Person{name='foo 1'}]
17:48:01.711 [reactor-http-nio-12] DEBUG o.s.h.c.j.Jackson2SmileDecoder - [15a76201] [19518dbc-1, L:/127.0.0.1:51900 - R:localhost/127.0.0.1:51899] Decoded [Person{name='foo 1'}]
17:48:01.711 [reactor-http-nio-12] DEBUG o.s.w.r.f.c.ExchangeFunctions - [15a76201] Cancel signal (to close connection)
17:48:01.712 [Test worker] DEBUG o.s.w.t.h.s.r.b.TomcatHttpServer - Stopping TomcatHttpServer...
17:48:01.808 [parallel-3] DEBUG o.s.h.c.j.Jackson2SmileEncoder - [3375779] Encoding [Person{name='foo 2'}]
17:48:01.906 [parallel-3] DEBUG o.s.h.c.j.Jackson2SmileEncoder - [3375779] Encoding [Person{name='foo 3'}]
17:48:01.907 [http-nio-auto-4-exec-2] DEBUG o.s.h.s.r.ServletHttpHandlerAdapter - [3375779] AsyncEvent onError: java.io.IOException: Broken pipe
17:48:01.913 [parallel-3] DEBUG o.s.w.s.DisconnectedClient - [3375779] Client went away: org.apache.catalina.connector.ClientAbortException: java.io.IOException: Broken pipe (stacktrace at TRACE level for 'org.springframework.web.server.DisconnectedClient')
17:48:12.884 [Test worker] DEBUG o.s.w.t.h.s.r.b.TomcatHttpServer - Server stopped (0 millis).
17:48:12.897 [Test worker] DEBUG o.s.w.r.r.m.a.RequestMappingHandlerMapping - 1 mappings in 'requestMappingHandlerMapping'
17:48:12.910 [Test worker] DEBUG o.s.w.r.r.m.a.ControllerMethodResolver - ControllerAdvice beans: none
17:48:12.914 [Test worker] DEBUG o.s.w.s.a.HttpWebHandlerAdapter - enableLoggingRequestDetails='false': form data and headers will be masked to prevent unsafe logging of potentially sensitive data
17:48:12.914 [Test worker] DEBUG o.s.w.t.h.s.r.b.UndertowHttpServer - Starting UndertowHttpServer...
17:48:12.914 [Test worker] INFO  i.undertow - starting server: Undertow - 2.2.7.Final
17:48:12.919 [Test worker] DEBUG o.s.w.t.h.s.r.b.UndertowHttpServer - Server started on port 51957(0 millis).
17:48:12.919 [Test worker] DEBUG o.s.w.r.f.c.ExchangeFunctions - [6984a4dd] HTTP GET http://localhost:51957/stream
17:48:12.927 [XNIO-4 I/O-6] DEBUG o.s.w.s.a.HttpWebHandlerAdapter - [28d1b9e7-4] HTTP GET "/stream"
17:48:12.928 [XNIO-4 I/O-6] DEBUG o.s.w.r.r.m.a.RequestMappingHandlerMapping - [28d1b9e7-4] Mapped to org.springframework.web.reactive.result.method.annotation.JacksonStreamingIntegrationTests$JacksonStreamingController#person()
17:48:12.928 [XNIO-4 I/O-6] DEBUG o.s.w.r.r.m.a.ResponseBodyResultHandler - [28d1b9e7-4] Using 'application/stream+x-jackson-smile' given [application/stream+x-jackson-smile] and supported [application/stream+x-jackson-smile]
17:48:12.928 [XNIO-4 I/O-6] DEBUG o.s.w.r.r.m.a.ResponseBodyResultHandler - [28d1b9e7-4] 0..N [org.springframework.web.reactive.result.method.annotation.JacksonStreamingIntegrationTests$Person]
17:48:13.033 [parallel-4] DEBUG o.s.h.c.j.Jackson2SmileEncoder - [28d1b9e7-4] Encoding [Person{name='foo 0'}]
17:48:13.035 [reactor-http-nio-13] DEBUG o.s.w.r.f.c.ExchangeFunctions - [6984a4dd] [76f5b49b-1, L:/127.0.0.1:51958 - R:localhost/127.0.0.1:51957] Response 200 OK
17:48:13.035 [reactor-http-nio-13] DEBUG o.s.h.c.j.Jackson2SmileDecoder - [6984a4dd] [76f5b49b-1, L:/127.0.0.1:51958 - R:localhost/127.0.0.1:51957] Decoded [Person{name='foo 0'}]
17:48:13.132 [parallel-4] DEBUG o.s.h.c.j.Jackson2SmileEncoder - [28d1b9e7-4] Encoding [Person{name='foo 1'}]
17:48:13.133 [reactor-http-nio-13] DEBUG o.s.h.c.j.Jackson2SmileDecoder - [6984a4dd] [76f5b49b-1, L:/127.0.0.1:51958 - R:localhost/127.0.0.1:51957] Decoded [Person{name='foo 1'}]
17:48:13.133 [reactor-http-nio-13] DEBUG o.s.w.r.f.c.ExchangeFunctions - [6984a4dd] Cancel signal (to close connection)
17:48:13.134 [Test worker] DEBUG o.s.w.t.h.s.r.b.UndertowHttpServer - Stopping UndertowHttpServer...
17:48:13.134 [Test worker] INFO  i.undertow - stopping server: Undertow - 2.2.7.Final
17:48:13.135 [Test worker] DEBUG o.s.w.t.h.s.r.b.UndertowHttpServer - Server stopped (0 millis).
17:48:13.142 [Test worker] DEBUG o.s.w.r.r.m.a.RequestMappingHandlerMapping - 1 mappings in 'requestMappingHandlerMapping'
17:48:13.153 [Test worker] DEBUG o.s.w.r.r.m.a.ControllerMethodResolver - ControllerAdvice beans: none
17:48:13.156 [Test worker] DEBUG o.s.w.s.a.HttpWebHandlerAdapter - enableLoggingRequestDetails='false': form data and headers will be masked to prevent unsafe logging of potentially sensitive data
17:48:13.156 [Test worker] WARN  o.e.j.s.h.ContextHandler - Empty contextPath
17:48:13.156 [Test worker] INFO  o.e.j.s.h.ContextHandler - Started o.e.j.s.ServletContextHandler@6b54514{/,null,AVAILABLE}
17:48:13.156 [Test worker] DEBUG o.s.w.t.h.s.r.b.JettyHttpServer - Starting JettyHttpServer...
17:48:13.156 [Test worker] INFO  o.e.j.s.Server - jetty-9.4.39.v20210325; built: 2021-03-25T14:42:11.471Z; git: 9fc7ca5a922f2a37b84ec9dbc26a5168cee7e667; jvm 1.8.0_181-b13
17:48:13.159 [Test worker] INFO  o.e.j.s.AbstractConnector - Started ServerConnector@373fa4a7{HTTP/1.1, (http/1.1)}{0.0.0.0:51959}
17:48:13.159 [Test worker] INFO  o.e.j.s.Server - Started @60202ms
17:48:13.160 [Test worker] DEBUG o.s.w.t.h.s.r.b.JettyHttpServer - Server started on port 51959(0 millis).
17:48:13.160 [Test worker] DEBUG o.s.w.r.f.c.ExchangeFunctions - [18e6154d] HTTP GET http://localhost:51959/stream
17:48:13.172 [qtp429362983-242] DEBUG o.s.w.s.a.HttpWebHandlerAdapter - [66676d8] HTTP GET "/stream"
17:48:13.172 [qtp429362983-242] DEBUG o.s.w.r.r.m.a.RequestMappingHandlerMapping - [66676d8] Mapped to org.springframework.web.reactive.result.method.annotation.JacksonStreamingIntegrationTests$JacksonStreamingController#person()
17:48:13.173 [qtp429362983-242] DEBUG o.s.w.r.r.m.a.ResponseBodyResultHandler - [66676d8] Using 'application/x-ndjson' given [application/x-ndjson] and supported [application/x-ndjson]
17:48:13.173 [qtp429362983-242] DEBUG o.s.w.r.r.m.a.ResponseBodyResultHandler - [66676d8] 0..N [org.springframework.web.reactive.result.method.annotation.JacksonStreamingIntegrationTests$Person]
17:48:13.231 [parallel-4] DEBUG o.s.h.c.j.Jackson2SmileEncoder - [28d1b9e7-4] Encoding [Person{name='foo 2'}]
17:48:13.273 [parallel-5] DEBUG o.s.h.c.j.Jackson2JsonEncoder - [66676d8] Encoding [Person{name='foo 0'}]
17:48:13.275 [reactor-http-nio-14] DEBUG o.s.w.r.f.c.ExchangeFunctions - [18e6154d] [6a5f73fc-1, L:/127.0.0.1:51960 - R:localhost/127.0.0.1:51959] Response 200 OK
17:48:13.279 [reactor-http-nio-14] DEBUG o.s.h.c.j.Jackson2JsonDecoder - [18e6154d] [6a5f73fc-1, L:/127.0.0.1:51960 - R:localhost/127.0.0.1:51959] Decoded [Person{name='foo 0'}]
17:48:13.376 [parallel-5] DEBUG o.s.h.c.j.Jackson2JsonEncoder - [66676d8] Encoding [Person{name='foo 1'}]
17:48:13.377 [reactor-http-nio-14] DEBUG o.s.h.c.j.Jackson2JsonDecoder - [18e6154d] [6a5f73fc-1, L:/127.0.0.1:51960 - R:localhost/127.0.0.1:51959] Decoded [Person{name='foo 1'}]
17:48:13.377 [reactor-http-nio-14] DEBUG o.s.w.r.f.c.ExchangeFunctions - [18e6154d] Cancel signal (to close connection)
17:48:13.377 [Test worker] DEBUG o.s.w.t.h.s.r.b.JettyHttpServer - Stopping JettyHttpServer...
17:48:13.377 [Test worker] INFO  o.e.j.s.h.ContextHandler - Stopped o.e.j.s.ServletContextHandler@6b54514{/,null,STOPPED}
17:48:13.379 [Test worker] INFO  o.e.j.s.AbstractConnector - Stopped ServerConnector@373fa4a7{HTTP/1.1, (http/1.1)}{0.0.0.0:0}
17:48:13.379 [Test worker] DEBUG o.s.w.t.h.s.r.b.JettyHttpServer - Server stopped (0 millis).
17:48:13.386 [Test worker] DEBUG o.s.w.r.r.m.a.RequestMappingHandlerMapping - 1 mappings in 'requestMappingHandlerMapping'
17:48:13.399 [Test worker] DEBUG o.s.w.r.r.m.a.ControllerMethodResolver - ControllerAdvice beans: none
17:48:13.401 [Test worker] DEBUG o.s.w.s.a.HttpWebHandlerAdapter - enableLoggingRequestDetails='false': form data and headers will be masked to prevent unsafe logging of potentially sensitive data
17:48:13.401 [Test worker] DEBUG o.s.w.t.h.s.r.b.ReactorHttpServer - Starting ReactorHttpServer...
17:48:13.402 [Test worker] DEBUG o.s.w.t.h.s.r.b.ReactorHttpServer - Server started on port 51965(0 millis).
17:48:13.403 [Test worker] DEBUG o.s.w.r.f.c.ExchangeFunctions - [8ca5d5b] HTTP GET http://localhost:51965/stream
17:48:13.415 [reactor-http-nio-1] DEBUG o.s.w.s.a.HttpWebHandlerAdapter - [88bf6a5e-1, L:/127.0.0.1:51965 - R:/127.0.0.1:51966] HTTP GET "/stream"
17:48:13.415 [reactor-http-nio-1] DEBUG o.s.w.r.r.m.a.RequestMappingHandlerMapping - [88bf6a5e-1, L:/127.0.0.1:51965 - R:/127.0.0.1:51966] Mapped to org.springframework.web.reactive.result.method.annotation.JacksonStreamingIntegrationTests$JacksonStreamingController#person()
17:48:13.416 [reactor-http-nio-1] DEBUG o.s.w.r.r.m.a.ResponseBodyResultHandler - [88bf6a5e-1, L:/127.0.0.1:51965 - R:/127.0.0.1:51966] Using 'application/x-ndjson' given [application/x-ndjson] and supported [application/x-ndjson]
17:48:13.416 [reactor-http-nio-1] DEBUG o.s.w.r.r.m.a.ResponseBodyResultHandler - [88bf6a5e-1, L:/127.0.0.1:51965 - R:/127.0.0.1:51966] 0..N [org.springframework.web.reactive.result.method.annotation.JacksonStreamingIntegrationTests$Person]
17:48:13.474 [parallel-5] DEBUG o.s.h.c.j.Jackson2JsonEncoder - [66676d8] Encoding [Person{name='foo 2'}]
17:48:13.520 [parallel-6] DEBUG o.s.h.c.j.Jackson2JsonEncoder - [88bf6a5e-1, L:/127.0.0.1:51965 - R:/127.0.0.1:51966] Encoding [Person{name='foo 0'}]
17:48:13.522 [reactor-http-nio-16] DEBUG o.s.w.r.f.c.ExchangeFunctions - [8ca5d5b] [d63c3c59-1, L:/127.0.0.1:51966 - R:localhost/127.0.0.1:51965] Response 200 OK
17:48:13.523 [reactor-http-nio-16] DEBUG o.s.h.c.j.Jackson2JsonDecoder - [8ca5d5b] [d63c3c59-1, L:/127.0.0.1:51966 - R:localhost/127.0.0.1:51965] Decoded [Person{name='foo 0'}]
17:48:13.576 [parallel-5] DEBUG o.s.h.c.j.Jackson2JsonEncoder - [66676d8] Encoding [Person{name='foo 3'}]
17:48:13.620 [parallel-6] DEBUG o.s.h.c.j.Jackson2JsonEncoder - [88bf6a5e-1, L:/127.0.0.1:51965 - R:/127.0.0.1:51966] Encoding [Person{name='foo 1'}]
17:48:13.621 [reactor-http-nio-16] DEBUG o.s.h.c.j.Jackson2JsonDecoder - [8ca5d5b] [d63c3c59-1, L:/127.0.0.1:51966 - R:localhost/127.0.0.1:51965] Decoded [Person{name='foo 1'}]
17:48:13.621 [reactor-http-nio-16] DEBUG o.s.w.r.f.c.ExchangeFunctions - [8ca5d5b] Cancel signal (to close connection)
17:48:13.622 [reactor-http-nio-1] DEBUG o.s.w.s.a.HttpWebHandlerAdapter - [88bf6a5e-1, L:/127.0.0.1:51965 - R:/127.0.0.1:51966] Completed 200 OK
17:48:13.622 [Test worker] DEBUG o.s.w.t.h.s.r.b.ReactorHttpServer - Stopping ReactorHttpServer...
17:48:13.622 [Test worker] DEBUG o.s.w.t.h.s.r.b.ReactorHttpServer - Server stopped (0 millis).
17:48:13.629 [Test worker] DEBUG o.s.w.r.r.m.a.RequestMappingHandlerMapping - 1 mappings in 'requestMappingHandlerMapping'
17:48:13.639 [Test worker] DEBUG o.s.w.r.r.m.a.ControllerMethodResolver - ControllerAdvice beans: none
17:48:13.641 [Test worker] DEBUG o.s.w.s.a.HttpWebHandlerAdapter - enableLoggingRequestDetails='false': form data and headers will be masked to prevent unsafe logging of potentially sensitive data
17:48:13.642 [Test worker] DEBUG o.s.w.t.h.s.r.b.TomcatHttpServer - Starting TomcatHttpServer...
17:48:13.646 [Test worker] DEBUG o.s.w.t.h.s.r.b.TomcatHttpServer - Server started on port 51973(0 millis).
17:48:13.647 [Test worker] DEBUG o.s.w.r.f.c.ExchangeFunctions - [49491c2d] HTTP GET http://localhost:51973/stream
17:48:13.655 [http-nio-auto-5-exec-1] DEBUG o.s.w.s.a.HttpWebHandlerAdapter - [17844060] HTTP GET "/stream"
17:48:13.655 [http-nio-auto-5-exec-1] DEBUG o.s.w.r.r.m.a.RequestMappingHandlerMapping - [17844060] Mapped to org.springframework.web.reactive.result.method.annotation.JacksonStreamingIntegrationTests$JacksonStreamingController#person()
17:48:13.656 [http-nio-auto-5-exec-1] DEBUG o.s.w.r.r.m.a.ResponseBodyResultHandler - [17844060] Using 'application/x-ndjson' given [application/x-ndjson] and supported [application/x-ndjson]
17:48:13.656 [http-nio-auto-5-exec-1] DEBUG o.s.w.r.r.m.a.ResponseBodyResultHandler - [17844060] 0..N [org.springframework.web.reactive.result.method.annotation.JacksonStreamingIntegrationTests$Person]
17:48:13.759 [parallel-7] DEBUG o.s.h.c.j.Jackson2JsonEncoder - [17844060] Encoding [Person{name='foo 0'}]
17:48:13.761 [reactor-http-nio-2] DEBUG o.s.w.r.f.c.ExchangeFunctions - [49491c2d] [47b9ad70-1, L:/127.0.0.1:51974 - R:localhost/127.0.0.1:51973] Response 200 OK
17:48:13.761 [reactor-http-nio-2] DEBUG o.s.h.c.j.Jackson2JsonDecoder - [49491c2d] [47b9ad70-1, L:/127.0.0.1:51974 - R:localhost/127.0.0.1:51973] Decoded [Person{name='foo 0'}]
17:48:13.860 [parallel-7] DEBUG o.s.h.c.j.Jackson2JsonEncoder - [17844060] Encoding [Person{name='foo 1'}]
17:48:13.862 [reactor-http-nio-2] DEBUG o.s.h.c.j.Jackson2JsonDecoder - [49491c2d] [47b9ad70-1, L:/127.0.0.1:51974 - R:localhost/127.0.0.1:51973] Decoded [Person{name='foo 1'}]
17:48:13.862 [reactor-http-nio-2] DEBUG o.s.w.r.f.c.ExchangeFunctions - [49491c2d] Cancel signal (to close connection)
17:48:13.862 [Test worker] DEBUG o.s.w.t.h.s.r.b.TomcatHttpServer - Stopping TomcatHttpServer...
17:48:13.959 [parallel-7] DEBUG o.s.h.c.j.Jackson2JsonEncoder - [17844060] Encoding [Person{name='foo 2'}]
17:48:14.060 [parallel-7] DEBUG o.s.h.c.j.Jackson2JsonEncoder - [17844060] Encoding [Person{name='foo 3'}]
17:48:14.062 [http-nio-auto-5-exec-2] DEBUG o.s.h.s.r.ServletHttpHandlerAdapter - [17844060] AsyncEvent onError: java.io.IOException: Broken pipe
17:48:14.062 [parallel-7] DEBUG o.s.w.s.DisconnectedClient - [17844060] Client went away: org.apache.catalina.connector.ClientAbortException: java.io.IOException: Broken pipe (stacktrace at TRACE level for 'org.springframework.web.server.DisconnectedClient')
17:48:25.040 [Test worker] DEBUG o.s.w.t.h.s.r.b.TomcatHttpServer - Server stopped (0 millis).
17:48:25.050 [Test worker] DEBUG o.s.w.r.r.m.a.RequestMappingHandlerMapping - 1 mappings in 'requestMappingHandlerMapping'
17:48:25.061 [Test worker] DEBUG o.s.w.r.r.m.a.ControllerMethodResolver - ControllerAdvice beans: none
17:48:25.064 [Test worker] DEBUG o.s.w.s.a.HttpWebHandlerAdapter - enableLoggingRequestDetails='false': form data and headers will be masked to prevent unsafe logging of potentially sensitive data
17:48:25.064 [Test worker] DEBUG o.s.w.t.h.s.r.b.UndertowHttpServer - Starting UndertowHttpServer...
17:48:25.064 [Test worker] INFO  i.undertow - starting server: Undertow - 2.2.7.Final
17:48:25.067 [Test worker] DEBUG o.s.w.t.h.s.r.b.UndertowHttpServer - Server started on port 52054(0 millis).
17:48:25.068 [Test worker] DEBUG o.s.w.r.f.c.ExchangeFunctions - [1d502c88] HTTP GET http://localhost:52054/stream
17:48:25.076 [XNIO-5 I/O-15] DEBUG o.s.w.s.a.HttpWebHandlerAdapter - [4ffee060-5] HTTP GET "/stream"
17:48:25.076 [XNIO-5 I/O-15] DEBUG o.s.w.r.r.m.a.RequestMappingHandlerMapping - [4ffee060-5] Mapped to org.springframework.web.reactive.result.method.annotation.JacksonStreamingIntegrationTests$JacksonStreamingController#person()
17:48:25.076 [XNIO-5 I/O-15] DEBUG o.s.w.r.r.m.a.ResponseBodyResultHandler - [4ffee060-5] Using 'application/x-ndjson' given [application/x-ndjson] and supported [application/x-ndjson]
17:48:25.076 [XNIO-5 I/O-15] DEBUG o.s.w.r.r.m.a.ResponseBodyResultHandler - [4ffee060-5] 0..N [org.springframework.web.reactive.result.method.annotation.JacksonStreamingIntegrationTests$Person]
17:48:25.180 [parallel-8] DEBUG o.s.h.c.j.Jackson2JsonEncoder - [4ffee060-5] Encoding [Person{name='foo 0'}]
17:48:25.181 [reactor-http-nio-3] DEBUG o.s.w.r.f.c.ExchangeFunctions - [1d502c88] [a615d756-1, L:/127.0.0.1:52055 - R:localhost/127.0.0.1:52054] Response 200 OK
17:48:25.182 [reactor-http-nio-3] DEBUG o.s.h.c.j.Jackson2JsonDecoder - [1d502c88] [a615d756-1, L:/127.0.0.1:52055 - R:localhost/127.0.0.1:52054] Decoded [Person{name='foo 0'}]
17:48:25.281 [parallel-8] DEBUG o.s.h.c.j.Jackson2JsonEncoder - [4ffee060-5] Encoding [Person{name='foo 1'}]
17:48:25.282 [reactor-http-nio-3] DEBUG o.s.h.c.j.Jackson2JsonDecoder - [1d502c88] [a615d756-1, L:/127.0.0.1:52055 - R:localhost/127.0.0.1:52054] Decoded [Person{name='foo 1'}]
17:48:25.282 [reactor-http-nio-3] DEBUG o.s.w.r.f.c.ExchangeFunctions - [1d502c88] Cancel signal (to close connection)
17:48:25.282 [Test worker] DEBUG o.s.w.t.h.s.r.b.UndertowHttpServer - Stopping UndertowHttpServer...
17:48:25.282 [Test worker] INFO  i.undertow - stopping server: Undertow - 2.2.7.Final
17:48:25.285 [Test worker] DEBUG o.s.w.t.h.s.r.b.UndertowHttpServer - Server stopped (0 millis).
]]></system-out>
  <system-err><![CDATA[]]></system-err>
</testsuite>
