<?xml version="1.0" encoding="UTF-8"?>
<testsuite name="org.springframework.web.reactive.result.method.annotation.ResponseEntityResultHandlerTests" tests="20" skipped="0" failures="0" errors="0" timestamp="2021-04-26T08:33:02" hostname="wangweilideMacBook-Pro.local" time="0.241">
  <properties/>
  <testcase name="handleReturnValueEtagInvalidIfNoneMatch()" classname="org.springframework.web.reactive.result.method.annotation.ResponseEntityResultHandlerTests" time="0.012"/>
  <testcase name="malformedAcceptHeader()" classname="org.springframework.web.reactive.result.method.annotation.ResponseEntityResultHandlerTests" time="0.011"/>
  <testcase name="supports()" classname="org.springframework.web.reactive.result.method.annotation.ResponseEntityResultHandlerTests" time="0.005"/>
  <testcase name="handleMonoWithWildcardBodyTypeAndNullBody()" classname="org.springframework.web.reactive.result.method.annotation.ResponseEntityResultHandlerTests" time="0.012"/>
  <testcase name="handleReturnTypes()" classname="org.springframework.web.reactive.result.method.annotation.ResponseEntityResultHandlerTests" time="0.039"/>
  <testcase name="defaultOrder()" classname="org.springframework.web.reactive.result.method.annotation.ResponseEntityResultHandlerTests" time="0.002"/>
  <testcase name="responseEntityHeaders()" classname="org.springframework.web.reactive.result.method.annotation.ResponseEntityResultHandlerTests" time="0.009"/>
  <testcase name="handleReturnValueEtag()" classname="org.springframework.web.reactive.result.method.annotation.ResponseEntityResultHandlerTests" time="0.008"/>
  <testcase name="handleReturnValueChangedETagAndLastModified()" classname="org.springframework.web.reactive.result.method.annotation.ResponseEntityResultHandlerTests" time="0.034"/>
  <testcase name="handleWithPresetContentTypeShouldFailWithServerError()" classname="org.springframework.web.reactive.result.method.annotation.ResponseEntityResultHandlerTests" time="0.01"/>
  <testcase name="handleResponseEntityWithNullBody()" classname="org.springframework.web.reactive.result.method.annotation.ResponseEntityResultHandlerTests" time="0.008"/>
  <testcase name="handleReturnValueETagAndLastModified()" classname="org.springframework.web.reactive.result.method.annotation.ResponseEntityResultHandlerTests" time="0.01"/>
  <testcase name="handleWithProducibleContentTypeShouldFailWithServerError()" classname="org.springframework.web.reactive.result.method.annotation.ResponseEntityResultHandlerTests" time="0.01"/>
  <testcase name="doesNotSupport()" classname="org.springframework.web.reactive.result.method.annotation.ResponseEntityResultHandlerTests" time="0.003"/>
  <testcase name="handleReturnValueLastModified()" classname="org.springframework.web.reactive.result.method.annotation.ResponseEntityResultHandlerTests" time="0.01"/>
  <testcase name="responseEntityStatusCode()" classname="org.springframework.web.reactive.result.method.annotation.ResponseEntityResultHandlerTests" time="0.008"/>
  <testcase name="handleMonoWithWildcardBodyType()" classname="org.springframework.web.reactive.result.method.annotation.ResponseEntityResultHandlerTests" time="0.011"/>
  <testcase name="httpHeaders()" classname="org.springframework.web.reactive.result.method.annotation.ResponseEntityResultHandlerTests" time="0.009"/>
  <testcase name="handleWithPresetContentType()" classname="org.springframework.web.reactive.result.method.annotation.ResponseEntityResultHandlerTests" time="0.009"/>
  <testcase name="handleWithObjectMapperByTypeRegistration()" classname="org.springframework.web.reactive.result.method.annotation.ResponseEntityResultHandlerTests" time="0.012"/>
  <system-out><![CDATA[16:33:02.697 [Test worker] DEBUG o.s.w.r.r.m.a.ResponseEntityResultHandler - [61c697e7] Using 'text/plain;charset=UTF-8' given [*/*] and supported [text/plain;charset=UTF-8, text/plain;charset=UTF-8, */*]
16:33:02.697 [Test worker] DEBUG o.s.w.r.r.m.a.ResponseEntityResultHandler - [61c697e7] 0..1 [java.lang.String]
16:33:02.697 [Test worker] DEBUG o.s.c.c.CharSequenceEncoder - [61c697e7] Writing "body"
16:33:02.709 [Test worker] DEBUG o.s.w.r.r.m.a.ResponseEntityResultHandler - Ignoring error response content (if any). Could not parse 'Accept' header [null]: Invalid mime type "null": does not contain '/'
16:33:02.736 [Test worker] DEBUG o.s.w.r.r.m.a.ResponseEntityResultHandler - [ce69282] Using 'text/plain;charset=UTF-8' given [*/*] and supported [text/plain;charset=UTF-8, text/plain;charset=UTF-8, */*]
16:33:02.736 [Test worker] DEBUG o.s.w.r.r.m.a.ResponseEntityResultHandler - [ce69282] 0..1 [java.lang.String]
16:33:02.737 [Test worker] DEBUG o.s.c.c.CharSequenceEncoder - [ce69282] Writing "abc"
16:33:02.743 [Test worker] DEBUG o.s.w.r.r.m.a.ResponseEntityResultHandler - [569987db] Using 'text/plain;charset=UTF-8' given [*/*] and supported [text/plain;charset=UTF-8, text/plain;charset=UTF-8, */*]
16:33:02.743 [Test worker] DEBUG o.s.w.r.r.m.a.ResponseEntityResultHandler - [569987db] 0..1 [java.lang.String]
16:33:02.743 [Test worker] DEBUG o.s.c.c.CharSequenceEncoder - [569987db] Writing "abc"
16:33:02.750 [Test worker] DEBUG o.s.w.r.r.m.a.ResponseEntityResultHandler - [40dbd160] Using 'text/plain;charset=UTF-8' given [*/*] and supported [text/plain;charset=UTF-8, text/plain;charset=UTF-8, */*]
16:33:02.750 [Test worker] DEBUG o.s.w.r.r.m.a.ResponseEntityResultHandler - [40dbd160] 0..1 [java.lang.String]
16:33:02.750 [Test worker] DEBUG o.s.c.c.CharSequenceEncoder - [40dbd160] Writing "abc"
16:33:02.757 [Test worker] DEBUG o.s.w.r.r.m.a.ResponseEntityResultHandler - [148f8ef2] Using 'text/plain;charset=UTF-8' given [*/*] and supported [text/plain;charset=UTF-8, text/plain;charset=UTF-8, */*]
16:33:02.757 [Test worker] DEBUG o.s.w.r.r.m.a.ResponseEntityResultHandler - [148f8ef2] 0..1 [java.lang.String]
16:33:02.758 [Test worker] DEBUG o.s.c.c.CharSequenceEncoder - [148f8ef2] Writing "abc"
16:33:02.765 [Test worker] DEBUG o.s.w.r.r.m.a.ResponseEntityResultHandler - [2cc56c63] Using 'text/plain;charset=UTF-8' given [*/*] and supported [text/plain;charset=UTF-8, text/plain;charset=UTF-8, */*]
16:33:02.765 [Test worker] DEBUG o.s.w.r.r.m.a.ResponseEntityResultHandler - [2cc56c63] 0..1 [java.lang.String]
16:33:02.765 [Test worker] DEBUG o.s.c.c.CharSequenceEncoder - [2cc56c63] Writing "abc"
16:33:02.770 [parallel-8] DEBUG o.s.h.c.j.Jackson2JsonEncoder - [f53c187-5] Encoding [Person{name='foo 2'}]
16:33:02.821 [Test worker] DEBUG o.s.w.r.r.m.a.ResponseEntityResultHandler - [cafae08] Using 'text/plain;charset=UTF-8' given [*/*] and supported [text/plain;charset=UTF-8, text/plain;charset=UTF-8, */*]
16:33:02.821 [Test worker] DEBUG o.s.w.r.r.m.a.ResponseEntityResultHandler - [cafae08] 0..1 [java.lang.String]
16:33:02.821 [Test worker] DEBUG o.s.c.c.CharSequenceEncoder - [cafae08] Writing "body"
16:33:02.833 [Test worker] DEBUG o.s.w.r.r.m.a.ResponseEntityResultHandler - [236c639a] Found 'Content-Type:application/xml' in response
16:33:02.833 [Test worker] DEBUG o.s.w.r.r.m.a.ResponseEntityResultHandler - [236c639a] 0..1 [java.lang.String]
16:33:02.862 [Test worker] DEBUG o.s.w.r.r.m.a.ResponseEntityResultHandler - [2f88510b] Using 'application/xml' given [*/*] and supported [application/xml]
16:33:02.862 [Test worker] DEBUG o.s.w.r.r.m.a.ResponseEntityResultHandler - [2f88510b] 0..1 [java.lang.String]
16:33:02.894 [Test worker] DEBUG o.s.w.r.r.m.a.ResponseEntityResultHandler - [66c21f84] Using 'application/json' given [*/*] and supported [application/json]
16:33:02.894 [Test worker] DEBUG o.s.w.r.r.m.a.ResponseEntityResultHandler - [66c21f84] 0..1 [java.lang.String]
16:33:02.895 [Test worker] DEBUG o.s.c.c.CharSequenceEncoder - [66c21f84] Writing "body"
16:33:02.925 [Test worker] DEBUG o.s.w.r.r.m.a.ResponseEntityResultHandler - [f5d3b16] Using 'application/hal+json' given [application/prs.hal-forms+json, application/hal+json] and supported [application/hal+json]
16:33:02.925 [Test worker] DEBUG o.s.w.r.r.m.a.ResponseEntityResultHandler - [f5d3b16] 0..1 [org.springframework.web.reactive.result.method.annotation.ResponseEntityResultHandlerTests$Person]
16:33:02.925 [Test worker] DEBUG o.s.h.c.j.Jackson2JsonEncoder - [f5d3b16] Encoding [org.springframework.web.reactive.result.method.annotation.ResponseEntityResultHandlerTests$Person@46 (truncated)...]
]]></system-out>
  <system-err><![CDATA[]]></system-err>
</testsuite>
