<?xml version="1.0" encoding="UTF-8"?>
<testsuite name="org.springframework.web.reactive.accept.HeaderContentTypeResolverTests" tests="2" skipped="0" failures="0" errors="0" timestamp="2021-04-26T08:35:09" hostname="wangweilideMacBook-Pro.local" time="0.009">
  <properties/>
  <testcase name="resolveMediaTypes()" classname="org.springframework.web.reactive.accept.HeaderContentTypeResolverTests" time="0.004"/>
  <testcase name="resolveMediaTypesParseError()" classname="org.springframework.web.reactive.accept.HeaderContentTypeResolverTests" time="0.005"/>
  <system-out><![CDATA[]]></system-out>
  <system-err><![CDATA[]]></system-err>
</testsuite>
