<?xml version="1.0" encoding="UTF-8"?>
<testsuite name="org.springframework.web.reactive.result.method.annotation.CookieValueMethodArgumentResolverTests" tests="6" skipped="0" failures="0" errors="0" timestamp="2021-04-26T08:35:53" hostname="wangweilideMacBook-Pro.local" time="0.041">
  <properties/>
  <testcase name="resolveCookieArgument()" classname="org.springframework.web.reactive.result.method.annotation.CookieValueMethodArgumentResolverTests" time="0.01"/>
  <testcase name="resolveCookieDefaultValue()" classname="org.springframework.web.reactive.result.method.annotation.CookieValueMethodArgumentResolverTests" time="0.007"/>
  <testcase name="resolveCookieStringArgument()" classname="org.springframework.web.reactive.result.method.annotation.CookieValueMethodArgumentResolverTests" time="0.007"/>
  <testcase name="notFound()" classname="org.springframework.web.reactive.result.method.annotation.CookieValueMethodArgumentResolverTests" time="0.01"/>
  <testcase name="doesNotSupportParameter()" classname="org.springframework.web.reactive.result.method.annotation.CookieValueMethodArgumentResolverTests" time="0.004"/>
  <testcase name="supportsParameter()" classname="org.springframework.web.reactive.result.method.annotation.CookieValueMethodArgumentResolverTests" time="0.002"/>
  <system-out><![CDATA[]]></system-out>
  <system-err><![CDATA[]]></system-err>
</testsuite>
