<?xml version="1.0" encoding="UTF-8"?>
<testsuite name="org.springframework.web.reactive.function.client.DefaultClientResponseBuilderTests" tests="3" skipped="0" failures="0" errors="0" timestamp="2021-05-01T09:53:58" hostname="wangweilideMBP.lan" time="0.007">
  <properties/>
  <testcase name="mutateWithCustomStatus()" classname="org.springframework.web.reactive.function.client.DefaultClientResponseBuilderTests" time="0.002"/>
  <testcase name="mutate()" classname="org.springframework.web.reactive.function.client.DefaultClientResponseBuilderTests" time="0.004"/>
  <testcase name="normal()" classname="org.springframework.web.reactive.function.client.DefaultClientResponseBuilderTests" time="0.001"/>
  <system-out><![CDATA[17:53:58.930 [Test worker] DEBUG o.s.c.c.StringDecoder - my-prefixDecoded "foobar"
17:53:58.931 [Test worker] DEBUG o.s.c.c.StringDecoder - Decoded "baz"
]]></system-out>
  <system-err><![CDATA[]]></system-err>
</testsuite>
