<?xml version="1.0" encoding="UTF-8"?>
<testsuite name="org.springframework.web.reactive.result.condition.ProducesRequestConditionTests" tests="22" skipped="0" failures="0" errors="0" timestamp="2021-05-01T09:47:18" hostname="wangweilideMBP.lan" time="0.462">
  <properties/>
  <testcase name="combineWithDefault()" classname="org.springframework.web.reactive.result.condition.ProducesRequestConditionTests" time="0.011"/>
  <testcase name="instantiateWithProducesAndHeaderConditions()" classname="org.springframework.web.reactive.result.condition.ProducesRequestConditionTests" time="0.01"/>
  <testcase name="matchWithNegationAndMediaTypeAllWithQualityParameter()" classname="org.springframework.web.reactive.result.condition.ProducesRequestConditionTests" time="0.015"/>
  <testcase name="matchParseError()" classname="org.springframework.web.reactive.result.condition.ProducesRequestConditionTests" time="0.024"/>
  <testcase name="compareTo()" classname="org.springframework.web.reactive.result.condition.ProducesRequestConditionTests" time="0.079"/>
  <testcase name="matchParseErrorWithNegation()" classname="org.springframework.web.reactive.result.condition.ProducesRequestConditionTests" time="0.018"/>
  <testcase name="compareToMediaTypeAll()" classname="org.springframework.web.reactive.result.condition.ProducesRequestConditionTests" time="0.029"/>
  <testcase name="matchNegated()" classname="org.springframework.web.reactive.result.condition.ProducesRequestConditionTests" time="0.02"/>
  <testcase name="compareToWithSingleExpression()" classname="org.springframework.web.reactive.result.condition.ProducesRequestConditionTests" time="0.018"/>
  <testcase name="getMatchingCondition()" classname="org.springframework.web.reactive.result.condition.ProducesRequestConditionTests" time="0.014"/>
  <testcase name="matchMultiple()" classname="org.springframework.web.reactive.result.condition.ProducesRequestConditionTests" time="0.013"/>
  <testcase name="match()" classname="org.springframework.web.reactive.result.condition.ProducesRequestConditionTests" time="0.017"/>
  <testcase name="getProducibleMediaTypes()" classname="org.springframework.web.reactive.result.condition.ProducesRequestConditionTests" time="0.012"/>
  <testcase name="compareToMediaTypeAllWithParameter()" classname="org.springframework.web.reactive.result.condition.ProducesRequestConditionTests" time="0.014"/>
  <testcase name="compareToEqualMatch()" classname="org.springframework.web.reactive.result.condition.ProducesRequestConditionTests" time="0.016"/>
  <testcase name="combine()" classname="org.springframework.web.reactive.result.condition.ProducesRequestConditionTests" time="0.001"/>
  <testcase name="matchAndCompare()" classname="org.springframework.web.reactive.result.condition.ProducesRequestConditionTests" time="0.015"/>
  <testcase name="matchSingle()" classname="org.springframework.web.reactive.result.condition.ProducesRequestConditionTests" time="0.011"/>
  <testcase name="matchWildcard()" classname="org.springframework.web.reactive.result.condition.ProducesRequestConditionTests" time="0.012"/>
  <testcase name="compareToMultipleExpressions()" classname="org.springframework.web.reactive.result.condition.ProducesRequestConditionTests" time="0.014"/>
  <testcase name="matchWithParameters()" classname="org.springframework.web.reactive.result.condition.ProducesRequestConditionTests" time="0.048"/>
  <testcase name="compareToMultipleExpressionsAndMultipleAcceptHeaderValues()" classname="org.springframework.web.reactive.result.condition.ProducesRequestConditionTests" time="0.033"/>
  <system-out><![CDATA[]]></system-out>
  <system-err><![CDATA[]]></system-err>
</testsuite>
