<?xml version="1.0" encoding="UTF-8"?>
<testsuite name="org.springframework.web.reactive.socket.server.support.WebSocketUpgradeHandlerPredicateTests" tests="3" skipped="0" failures="0" errors="0" timestamp="2021-05-01T09:54:51" hostname="wangweilideMBP.lan" time="0.025">
  <properties/>
  <testcase name="match()" classname="org.springframework.web.reactive.socket.server.support.WebSocketUpgradeHandlerPredicateTests" time="0.0"/>
  <testcase name="simpleUrlHandlerMapping()" classname="org.springframework.web.reactive.socket.server.support.WebSocketUpgradeHandlerPredicateTests" time="0.0"/>
  <testcase name="noMatch()" classname="org.springframework.web.reactive.socket.server.support.WebSocketUpgradeHandlerPredicateTests" time="0.0"/>
  <system-out><![CDATA[17:54:51.947 [Test worker] DEBUG o.s.w.r.h.SimpleUrlHandlerMapping - Patterns [/path] in <unknown>
17:54:51.947 [Test worker] DEBUG o.s.w.r.h.SimpleUrlHandlerMapping - [571e42] Mapped to Mock for WebSocketHandler, hashCode: 698399215
17:54:51.947 [Test worker] DEBUG o.s.w.r.h.SimpleUrlHandlerMapping - [6df0aded] Mapped to Mock for WebSocketHandler, hashCode: 698399215
]]></system-out>
  <system-err><![CDATA[]]></system-err>
</testsuite>
