<?xml version="1.0" encoding="UTF-8"?>
<testsuite name="org.springframework.web.reactive.result.method.annotation.RequestMappingDataBindingIntegrationTests" tests="8" skipped="0" failures="0" errors="0" timestamp="2021-04-26T08:33:03" hostname="wangweilideMacBook-Pro.local" time="22.725">
  <properties/>
  <testcase name="[1] org.springframework.web.testfixture.http.server.reactive.bootstrap.JettyHttpServer@5172435d" classname="org.springframework.web.reactive.result.method.annotation.RequestMappingDataBindingIntegrationTests" time="0.094"/>
  <testcase name="[2] org.springframework.web.testfixture.http.server.reactive.bootstrap.ReactorHttpServer@73ad2f33" classname="org.springframework.web.reactive.result.method.annotation.RequestMappingDataBindingIntegrationTests" time="0.056"/>
  <testcase name="[3] org.springframework.web.testfixture.http.server.reactive.bootstrap.TomcatHttpServer@45e112bd" classname="org.springframework.web.reactive.result.method.annotation.RequestMappingDataBindingIntegrationTests" time="11.112"/>
  <testcase name="[4] org.springframework.web.testfixture.http.server.reactive.bootstrap.UndertowHttpServer@2abd69e3" classname="org.springframework.web.reactive.result.method.annotation.RequestMappingDataBindingIntegrationTests" time="0.071"/>
  <testcase name="[1] org.springframework.web.testfixture.http.server.reactive.bootstrap.JettyHttpServer@7672fcf5" classname="org.springframework.web.reactive.result.method.annotation.RequestMappingDataBindingIntegrationTests" time="0.086"/>
  <testcase name="[2] org.springframework.web.testfixture.http.server.reactive.bootstrap.ReactorHttpServer@296b43a1" classname="org.springframework.web.reactive.result.method.annotation.RequestMappingDataBindingIntegrationTests" time="0.061"/>
  <testcase name="[3] org.springframework.web.testfixture.http.server.reactive.bootstrap.TomcatHttpServer@6c1b83e5" classname="org.springframework.web.reactive.result.method.annotation.RequestMappingDataBindingIntegrationTests" time="11.114"/>
  <testcase name="[4] org.springframework.web.testfixture.http.server.reactive.bootstrap.UndertowHttpServer@795a6cab" classname="org.springframework.web.reactive.result.method.annotation.RequestMappingDataBindingIntegrationTests" time="0.075"/>
  <system-out><![CDATA[16:33:03.594 [Test worker] DEBUG o.s.w.r.r.m.a.RequestMappingHandlerMapping - 2 mappings in 'requestMappingHandlerMapping'
16:33:03.612 [Test worker] DEBUG o.s.w.r.r.m.a.ControllerMethodResolver - ControllerAdvice beans: none
16:33:03.616 [Test worker] DEBUG o.s.w.s.a.HttpWebHandlerAdapter - enableLoggingRequestDetails='false': form data and headers will be masked to prevent unsafe logging of potentially sensitive data
16:33:03.616 [Test worker] WARN  o.e.j.s.h.ContextHandler - Empty contextPath
16:33:03.617 [Test worker] INFO  o.e.j.s.h.ContextHandler - Started o.e.j.s.ServletContextHandler@6f9c431b{/,null,AVAILABLE}
16:33:03.617 [Test worker] DEBUG o.s.w.t.h.s.r.b.JettyHttpServer - Starting JettyHttpServer...
16:33:03.617 [Test worker] INFO  o.e.j.s.Server - jetty-9.4.39.v20210325; built: 2021-03-25T14:42:11.471Z; git: 9fc7ca5a922f2a37b84ec9dbc26a5168cee7e667; jvm 11.0.9+7-LTS
16:33:03.620 [Test worker] INFO  o.e.j.s.AbstractConnector - Started ServerConnector@1451ce85{HTTP/1.1, (http/1.1)}{0.0.0.0:61465}
16:33:03.620 [Test worker] INFO  o.e.j.s.Server - Started @72041ms
16:33:03.620 [Test worker] DEBUG o.s.w.t.h.s.r.b.JettyHttpServer - Server started on port 61465(0 millis).
16:33:03.620 [Test worker] DEBUG o.s.w.c.RestTemplate - HTTP POST http://localhost:61465/date-param?date=2016-10-31&date-pattern=YYYY-mm-dd
16:33:03.621 [Test worker] DEBUG o.s.w.c.RestTemplate - Accept=[text/plain, application/json, application/x-jackson-smile, application/*+json, */*]
16:33:03.624 [qtp648153583-292] DEBUG o.s.w.s.a.HttpWebHandlerAdapter - [2bc932ef] HTTP POST "/date-param?date=2016-10-31&date-pattern=YYYY-mm-dd"
16:33:03.624 [qtp648153583-292] DEBUG o.s.w.r.r.m.a.RequestMappingHandlerMapping - [2bc932ef] Mapped to org.springframework.web.reactive.result.method.annotation.RequestMappingDataBindingIntegrationTests$TestController#handleDateParam(Date)
16:33:03.634 [qtp648153583-292] DEBUG o.s.w.r.r.m.a.ResponseBodyResultHandler - [2bc932ef] Using 'text/plain;charset=UTF-8' given [text/plain, application/json, application/x-jackson-smile, application/*+json, */*] and supported [text/plain;charset=UTF-8, text/event-stream, text/plain;charset=UTF-8, */*]
16:33:03.634 [qtp648153583-292] DEBUG o.s.w.r.r.m.a.ResponseBodyResultHandler - [2bc932ef] 0..1 [java.lang.String]
16:33:03.635 [qtp648153583-292] DEBUG o.s.c.c.CharSequenceEncoder - [2bc932ef] Writing "Processed date!"
16:33:03.636 [qtp648153583-292] DEBUG o.s.w.s.a.HttpWebHandlerAdapter - [2bc932ef] Completed 200 OK
16:33:03.636 [Test worker] DEBUG o.s.w.c.RestTemplate - Response 200 OK
16:33:03.636 [Test worker] DEBUG o.s.w.c.RestTemplate - Reading to [java.lang.String] as "text/plain;charset=utf-8"
16:33:03.636 [Test worker] DEBUG o.s.w.t.h.s.r.b.JettyHttpServer - Stopping JettyHttpServer...
16:33:03.637 [Test worker] INFO  o.e.j.s.h.ContextHandler - Stopped o.e.j.s.ServletContextHandler@6f9c431b{/,null,STOPPED}
16:33:03.639 [Test worker] INFO  o.e.j.s.AbstractConnector - Stopped ServerConnector@1451ce85{HTTP/1.1, (http/1.1)}{0.0.0.0:0}
16:33:03.640 [Test worker] DEBUG o.s.w.t.h.s.r.b.JettyHttpServer - Server stopped (0 millis).
16:33:03.676 [Test worker] DEBUG o.s.w.r.r.m.a.RequestMappingHandlerMapping - 2 mappings in 'requestMappingHandlerMapping'
16:33:03.690 [Test worker] DEBUG o.s.w.r.r.m.a.ControllerMethodResolver - ControllerAdvice beans: none
16:33:03.694 [Test worker] DEBUG o.s.w.s.a.HttpWebHandlerAdapter - enableLoggingRequestDetails='false': form data and headers will be masked to prevent unsafe logging of potentially sensitive data
16:33:03.695 [Test worker] DEBUG o.s.w.t.h.s.r.b.ReactorHttpServer - Starting ReactorHttpServer...
16:33:03.696 [Test worker] DEBUG o.s.w.t.h.s.r.b.ReactorHttpServer - Server started on port 61467(0 millis).
16:33:03.696 [Test worker] DEBUG o.s.w.c.RestTemplate - HTTP POST http://localhost:61467/date-param?date=2016-10-31&date-pattern=YYYY-mm-dd
16:33:03.696 [Test worker] DEBUG o.s.w.c.RestTemplate - Accept=[text/plain, application/json, application/x-jackson-smile, application/*+json, */*]
16:33:03.699 [reactor-http-nio-5] DEBUG o.s.w.s.a.HttpWebHandlerAdapter - [4048ea97-1, L:/127.0.0.1:61467 - R:/127.0.0.1:61468] HTTP POST "/date-param?date=2016-10-31&date-pattern=YYYY-mm-dd"
16:33:03.700 [reactor-http-nio-5] DEBUG o.s.w.r.r.m.a.RequestMappingHandlerMapping - [4048ea97-1, L:/127.0.0.1:61467 - R:/127.0.0.1:61468] Mapped to org.springframework.web.reactive.result.method.annotation.RequestMappingDataBindingIntegrationTests$TestController#handleDateParam(Date)
16:33:03.702 [reactor-http-nio-5] DEBUG o.s.w.r.r.m.a.ResponseBodyResultHandler - [4048ea97-1, L:/127.0.0.1:61467 - R:/127.0.0.1:61468] Using 'text/plain;charset=UTF-8' given [text/plain, application/json, application/x-jackson-smile, application/*+json, */*] and supported [text/plain;charset=UTF-8, text/event-stream, text/plain;charset=UTF-8, */*]
16:33:03.702 [reactor-http-nio-5] DEBUG o.s.w.r.r.m.a.ResponseBodyResultHandler - [4048ea97-1, L:/127.0.0.1:61467 - R:/127.0.0.1:61468] 0..1 [java.lang.String]
16:33:03.703 [reactor-http-nio-5] DEBUG o.s.c.c.CharSequenceEncoder - [4048ea97-1, L:/127.0.0.1:61467 - R:/127.0.0.1:61468] Writing "Processed date!"
16:33:03.704 [reactor-http-nio-5] DEBUG o.s.w.s.a.HttpWebHandlerAdapter - [4048ea97-1, L:/127.0.0.1:61467 - R:/127.0.0.1:61468] Completed 200 OK
16:33:03.704 [Test worker] DEBUG o.s.w.c.RestTemplate - Response 200 OK
16:33:03.704 [Test worker] DEBUG o.s.w.c.RestTemplate - Reading to [java.lang.String] as "text/plain;charset=UTF-8"
16:33:03.704 [Test worker] DEBUG o.s.w.t.h.s.r.b.ReactorHttpServer - Stopping ReactorHttpServer...
16:33:03.704 [Test worker] DEBUG o.s.w.t.h.s.r.b.ReactorHttpServer - Server stopped (0 millis).
16:33:03.740 [Test worker] DEBUG o.s.w.r.r.m.a.RequestMappingHandlerMapping - 2 mappings in 'requestMappingHandlerMapping'
16:33:03.753 [Test worker] DEBUG o.s.w.r.r.m.a.ControllerMethodResolver - ControllerAdvice beans: none
16:33:03.756 [Test worker] DEBUG o.s.w.s.a.HttpWebHandlerAdapter - enableLoggingRequestDetails='false': form data and headers will be masked to prevent unsafe logging of potentially sensitive data
16:33:03.757 [Test worker] DEBUG o.s.w.t.h.s.r.b.TomcatHttpServer - Starting TomcatHttpServer...
16:33:03.765 [Test worker] DEBUG o.s.w.t.h.s.r.b.TomcatHttpServer - Server started on port 61469(0 millis).
16:33:03.765 [Test worker] DEBUG o.s.w.c.RestTemplate - HTTP POST http://localhost:61469/date-param?date=2016-10-31&date-pattern=YYYY-mm-dd
16:33:03.765 [Test worker] DEBUG o.s.w.c.RestTemplate - Accept=[text/plain, application/json, application/x-jackson-smile, application/*+json, */*]
16:33:03.769 [http-nio-auto-6-exec-1] DEBUG o.s.w.s.a.HttpWebHandlerAdapter - [1272b61a] HTTP POST "/date-param?date=2016-10-31&date-pattern=YYYY-mm-dd"
16:33:03.769 [http-nio-auto-6-exec-1] DEBUG o.s.w.r.r.m.a.RequestMappingHandlerMapping - [1272b61a] Mapped to org.springframework.web.reactive.result.method.annotation.RequestMappingDataBindingIntegrationTests$TestController#handleDateParam(Date)
16:33:03.772 [http-nio-auto-6-exec-1] DEBUG o.s.w.r.r.m.a.ResponseBodyResultHandler - [1272b61a] Using 'text/plain;charset=UTF-8' given [text/plain, application/json, application/x-jackson-smile, application/*+json, */*] and supported [text/plain;charset=UTF-8, text/event-stream, text/plain;charset=UTF-8, */*]
16:33:03.773 [http-nio-auto-6-exec-1] DEBUG o.s.w.r.r.m.a.ResponseBodyResultHandler - [1272b61a] 0..1 [java.lang.String]
16:33:03.773 [http-nio-auto-6-exec-1] DEBUG o.s.c.c.CharSequenceEncoder - [1272b61a] Writing "Processed date!"
16:33:03.774 [http-nio-auto-6-exec-1] DEBUG o.s.w.s.a.HttpWebHandlerAdapter - [1272b61a] Completed 200 OK
16:33:03.774 [Test worker] DEBUG o.s.w.c.RestTemplate - Response 200 OK
16:33:03.774 [Test worker] DEBUG o.s.w.c.RestTemplate - Reading to [java.lang.String] as "text/plain;charset=UTF-8"
16:33:03.774 [Test worker] DEBUG o.s.w.t.h.s.r.b.TomcatHttpServer - Stopping TomcatHttpServer...
16:33:14.824 [Test worker] DEBUG o.s.w.t.h.s.r.b.TomcatHttpServer - Server stopped (0 millis).
16:33:14.866 [Test worker] DEBUG o.s.w.r.r.m.a.RequestMappingHandlerMapping - 2 mappings in 'requestMappingHandlerMapping'
16:33:14.882 [Test worker] DEBUG o.s.w.r.r.m.a.ControllerMethodResolver - ControllerAdvice beans: none
16:33:14.886 [Test worker] DEBUG o.s.w.s.a.HttpWebHandlerAdapter - enableLoggingRequestDetails='false': form data and headers will be masked to prevent unsafe logging of potentially sensitive data
16:33:14.886 [Test worker] DEBUG o.s.w.t.h.s.r.b.UndertowHttpServer - Starting UndertowHttpServer...
16:33:14.886 [Test worker] INFO  i.undertow - starting server: Undertow - 2.2.7.Final
16:33:14.893 [Test worker] DEBUG o.s.w.t.h.s.r.b.UndertowHttpServer - Server started on port 61510(0 millis).
16:33:14.893 [Test worker] DEBUG o.s.w.c.RestTemplate - HTTP POST http://localhost:61510/date-param?date=2016-10-31&date-pattern=YYYY-mm-dd
16:33:14.893 [Test worker] DEBUG o.s.w.c.RestTemplate - Accept=[text/plain, application/json, application/x-jackson-smile, application/*+json, */*]
16:33:14.895 [XNIO-6 I/O-13] DEBUG o.s.w.s.a.HttpWebHandlerAdapter - [34543fa2-6] HTTP POST "/date-param?date=2016-10-31&date-pattern=YYYY-mm-dd"
16:33:14.896 [XNIO-6 I/O-13] DEBUG o.s.w.r.r.m.a.RequestMappingHandlerMapping - [34543fa2-6] Mapped to org.springframework.web.reactive.result.method.annotation.RequestMappingDataBindingIntegrationTests$TestController#handleDateParam(Date)
16:33:14.901 [XNIO-6 I/O-13] DEBUG o.s.w.r.r.m.a.ResponseBodyResultHandler - [34543fa2-6] Using 'text/plain;charset=UTF-8' given [text/plain, application/json, application/x-jackson-smile, application/*+json, */*] and supported [text/plain;charset=UTF-8, text/event-stream, text/plain;charset=UTF-8, */*]
16:33:14.901 [XNIO-6 I/O-13] DEBUG o.s.w.r.r.m.a.ResponseBodyResultHandler - [34543fa2-6] 0..1 [java.lang.String]
16:33:14.901 [XNIO-6 I/O-13] DEBUG o.s.c.c.CharSequenceEncoder - [34543fa2-6] Writing "Processed date!"
16:33:14.901 [XNIO-6 I/O-13] DEBUG o.s.w.s.a.HttpWebHandlerAdapter - [34543fa2-6] Completed 200 OK
16:33:14.902 [Test worker] DEBUG o.s.w.c.RestTemplate - Response 200 OK
16:33:14.902 [Test worker] DEBUG o.s.w.c.RestTemplate - Reading to [java.lang.String] as "text/plain;charset=UTF-8"
16:33:14.902 [Test worker] DEBUG o.s.w.t.h.s.r.b.UndertowHttpServer - Stopping UndertowHttpServer...
16:33:14.902 [Test worker] INFO  i.undertow - stopping server: Undertow - 2.2.7.Final
16:33:14.903 [Test worker] DEBUG o.s.w.t.h.s.r.b.UndertowHttpServer - Server stopped (0 millis).
16:33:14.939 [Test worker] DEBUG o.s.w.r.r.m.a.RequestMappingHandlerMapping - 2 mappings in 'requestMappingHandlerMapping'
16:33:14.956 [Test worker] DEBUG o.s.w.r.r.m.a.ControllerMethodResolver - ControllerAdvice beans: none
16:33:14.959 [Test worker] DEBUG o.s.w.s.a.HttpWebHandlerAdapter - enableLoggingRequestDetails='false': form data and headers will be masked to prevent unsafe logging of potentially sensitive data
16:33:14.960 [Test worker] WARN  o.e.j.s.h.ContextHandler - Empty contextPath
16:33:14.960 [Test worker] INFO  o.e.j.s.h.ContextHandler - Started o.e.j.s.ServletContextHandler@5737a238{/,null,AVAILABLE}
16:33:14.960 [Test worker] DEBUG o.s.w.t.h.s.r.b.JettyHttpServer - Starting JettyHttpServer...
16:33:14.960 [Test worker] INFO  o.e.j.s.Server - jetty-9.4.39.v20210325; built: 2021-03-25T14:42:11.471Z; git: 9fc7ca5a922f2a37b84ec9dbc26a5168cee7e667; jvm 11.0.9+7-LTS
16:33:14.963 [Test worker] INFO  o.e.j.s.AbstractConnector - Started ServerConnector@7ee92d66{HTTP/1.1, (http/1.1)}{0.0.0.0:61512}
16:33:14.963 [Test worker] INFO  o.e.j.s.Server - Started @83384ms
16:33:14.963 [Test worker] DEBUG o.s.w.t.h.s.r.b.JettyHttpServer - Server started on port 61512(0 millis).
16:33:14.964 [Test worker] DEBUG o.s.w.c.RestTemplate - HTTP POST http://localhost:61512/foos/1
16:33:14.964 [Test worker] DEBUG o.s.w.c.RestTemplate - Accept=[text/plain, application/json, application/x-jackson-smile, application/*+json, */*]
16:33:14.965 [Test worker] DEBUG o.s.w.c.RestTemplate - Writing [{name=[George], age=[5]}] as "application/x-www-form-urlencoded"
16:33:14.969 [qtp1301010750-337] DEBUG o.s.w.s.a.HttpWebHandlerAdapter - [5d49c0b0] HTTP POST "/foos/1"
16:33:14.969 [qtp1301010750-337] DEBUG o.s.w.r.r.m.a.RequestMappingHandlerMapping - [5d49c0b0] Mapped to org.springframework.web.reactive.result.method.annotation.RequestMappingDataBindingIntegrationTests$TestController#handleForm(Foo, Errors)
16:33:14.983 [qtp1301010750-337] DEBUG o.s.h.c.FormHttpMessageReader - [5d49c0b0] Read form fields [name, age] (content masked)
16:33:14.993 [qtp1301010750-337] DEBUG o.s.w.r.r.m.a.ResponseBodyResultHandler - [5d49c0b0] Using 'text/plain;charset=UTF-8' given [text/plain] and supported [text/plain;charset=UTF-8, text/event-stream, text/plain;charset=UTF-8, */*]
16:33:14.993 [qtp1301010750-337] DEBUG o.s.w.r.r.m.a.ResponseBodyResultHandler - [5d49c0b0] 0..1 [java.lang.String]
16:33:14.993 [qtp1301010750-337] DEBUG o.s.c.c.CharSequenceEncoder - [5d49c0b0] Writing "Processed form: Foo[id=1, name='George', age=5]"
16:33:14.994 [qtp1301010750-337] DEBUG o.s.w.s.a.HttpWebHandlerAdapter - [5d49c0b0] Completed 200 OK
16:33:14.994 [Test worker] DEBUG o.s.w.c.RestTemplate - Response 200 OK
16:33:14.994 [Test worker] DEBUG o.s.w.c.RestTemplate - Reading to [java.lang.String] as "text/plain;charset=utf-8"
16:33:14.995 [Test worker] DEBUG o.s.w.t.h.s.r.b.JettyHttpServer - Stopping JettyHttpServer...
16:33:14.995 [Test worker] INFO  o.e.j.s.h.ContextHandler - Stopped o.e.j.s.ServletContextHandler@5737a238{/,null,STOPPED}
16:33:14.997 [Test worker] INFO  o.e.j.s.AbstractConnector - Stopped ServerConnector@7ee92d66{HTTP/1.1, (http/1.1)}{0.0.0.0:0}
16:33:14.997 [Test worker] DEBUG o.s.w.t.h.s.r.b.JettyHttpServer - Server stopped (0 millis).
16:33:15.034 [Test worker] DEBUG o.s.w.r.r.m.a.RequestMappingHandlerMapping - 2 mappings in 'requestMappingHandlerMapping'
16:33:15.049 [Test worker] DEBUG o.s.w.r.r.m.a.ControllerMethodResolver - ControllerAdvice beans: none
16:33:15.053 [Test worker] DEBUG o.s.w.s.a.HttpWebHandlerAdapter - enableLoggingRequestDetails='false': form data and headers will be masked to prevent unsafe logging of potentially sensitive data
16:33:15.053 [Test worker] DEBUG o.s.w.t.h.s.r.b.ReactorHttpServer - Starting ReactorHttpServer...
16:33:15.054 [Test worker] DEBUG o.s.w.t.h.s.r.b.ReactorHttpServer - Server started on port 61514(0 millis).
16:33:15.054 [Test worker] DEBUG o.s.w.c.RestTemplate - HTTP POST http://localhost:61514/foos/1
16:33:15.054 [Test worker] DEBUG o.s.w.c.RestTemplate - Accept=[text/plain, application/json, application/x-jackson-smile, application/*+json, */*]
16:33:15.054 [Test worker] DEBUG o.s.w.c.RestTemplate - Writing [{name=[George], age=[5]}] as "application/x-www-form-urlencoded"
16:33:15.057 [reactor-http-nio-7] DEBUG o.s.w.s.a.HttpWebHandlerAdapter - [73400fcb-1, L:/127.0.0.1:61514 - R:/127.0.0.1:61515] HTTP POST "/foos/1"
16:33:15.057 [reactor-http-nio-7] DEBUG o.s.w.r.r.m.a.RequestMappingHandlerMapping - [73400fcb-1, L:/127.0.0.1:61514 - R:/127.0.0.1:61515] Mapped to org.springframework.web.reactive.result.method.annotation.RequestMappingDataBindingIntegrationTests$TestController#handleForm(Foo, Errors)
16:33:15.063 [reactor-http-nio-7] DEBUG o.s.h.c.FormHttpMessageReader - [73400fcb-1, L:/127.0.0.1:61514 - R:/127.0.0.1:61515] Read form fields [name, age] (content masked)
16:33:15.064 [reactor-http-nio-7] DEBUG o.s.w.r.r.m.a.ResponseBodyResultHandler - [73400fcb-1, L:/127.0.0.1:61514 - R:/127.0.0.1:61515] Using 'text/plain;charset=UTF-8' given [text/plain] and supported [text/plain;charset=UTF-8, text/event-stream, text/plain;charset=UTF-8, */*]
16:33:15.064 [reactor-http-nio-7] DEBUG o.s.w.r.r.m.a.ResponseBodyResultHandler - [73400fcb-1, L:/127.0.0.1:61514 - R:/127.0.0.1:61515] 0..1 [java.lang.String]
16:33:15.065 [reactor-http-nio-7] DEBUG o.s.c.c.CharSequenceEncoder - [73400fcb-1, L:/127.0.0.1:61514 - R:/127.0.0.1:61515] Writing "Processed form: Foo[id=1, name='George', age=5]"
16:33:15.066 [Test worker] DEBUG o.s.w.c.RestTemplate - Response 200 OK
16:33:15.066 [reactor-http-nio-7] DEBUG o.s.w.s.a.HttpWebHandlerAdapter - [73400fcb-1, L:/127.0.0.1:61514 - R:/127.0.0.1:61515] Completed 200 OK
16:33:15.066 [Test worker] DEBUG o.s.w.c.RestTemplate - Reading to [java.lang.String] as "text/plain;charset=UTF-8"
16:33:15.067 [Test worker] DEBUG o.s.w.t.h.s.r.b.ReactorHttpServer - Stopping ReactorHttpServer...
16:33:15.067 [Test worker] DEBUG o.s.w.t.h.s.r.b.ReactorHttpServer - Server stopped (0 millis).
16:33:15.102 [Test worker] DEBUG o.s.w.r.r.m.a.RequestMappingHandlerMapping - 2 mappings in 'requestMappingHandlerMapping'
16:33:15.118 [Test worker] DEBUG o.s.w.r.r.m.a.ControllerMethodResolver - ControllerAdvice beans: none
16:33:15.122 [Test worker] DEBUG o.s.w.s.a.HttpWebHandlerAdapter - enableLoggingRequestDetails='false': form data and headers will be masked to prevent unsafe logging of potentially sensitive data
16:33:15.123 [Test worker] DEBUG o.s.w.t.h.s.r.b.TomcatHttpServer - Starting TomcatHttpServer...
16:33:15.132 [Test worker] DEBUG o.s.w.t.h.s.r.b.TomcatHttpServer - Server started on port 61516(0 millis).
16:33:15.132 [Test worker] DEBUG o.s.w.c.RestTemplate - HTTP POST http://localhost:61516/foos/1
16:33:15.133 [Test worker] DEBUG o.s.w.c.RestTemplate - Accept=[text/plain, application/json, application/x-jackson-smile, application/*+json, */*]
16:33:15.133 [Test worker] DEBUG o.s.w.c.RestTemplate - Writing [{name=[George], age=[5]}] as "application/x-www-form-urlencoded"
16:33:15.136 [http-nio-auto-7-exec-1] DEBUG o.s.w.s.a.HttpWebHandlerAdapter - [3af50a4b] HTTP POST "/foos/1"
16:33:15.136 [http-nio-auto-7-exec-1] DEBUG o.s.w.r.r.m.a.RequestMappingHandlerMapping - [3af50a4b] Mapped to org.springframework.web.reactive.result.method.annotation.RequestMappingDataBindingIntegrationTests$TestController#handleForm(Foo, Errors)
16:33:15.140 [http-nio-auto-7-exec-1] DEBUG o.s.h.c.FormHttpMessageReader - [3af50a4b] Read form fields [name, age] (content masked)
16:33:15.141 [http-nio-auto-7-exec-1] DEBUG o.s.w.r.r.m.a.ResponseBodyResultHandler - [3af50a4b] Using 'text/plain;charset=UTF-8' given [text/plain] and supported [text/plain;charset=UTF-8, text/event-stream, text/plain;charset=UTF-8, */*]
16:33:15.141 [http-nio-auto-7-exec-1] DEBUG o.s.w.r.r.m.a.ResponseBodyResultHandler - [3af50a4b] 0..1 [java.lang.String]
16:33:15.141 [http-nio-auto-7-exec-1] DEBUG o.s.c.c.CharSequenceEncoder - [3af50a4b] Writing "Processed form: Foo[id=1, name='George', age=5]"
16:33:15.142 [http-nio-auto-7-exec-1] DEBUG o.s.w.s.a.HttpWebHandlerAdapter - [3af50a4b] Completed 200 OK
16:33:15.143 [Test worker] DEBUG o.s.w.c.RestTemplate - Response 200 OK
16:33:15.144 [Test worker] DEBUG o.s.w.c.RestTemplate - Reading to [java.lang.String] as "text/plain;charset=UTF-8"
16:33:15.144 [Test worker] DEBUG o.s.w.t.h.s.r.b.TomcatHttpServer - Stopping TomcatHttpServer...
16:33:26.188 [Test worker] DEBUG o.s.w.t.h.s.r.b.TomcatHttpServer - Server stopped (0 millis).
16:33:26.229 [Test worker] DEBUG o.s.w.r.r.m.a.RequestMappingHandlerMapping - 2 mappings in 'requestMappingHandlerMapping'
16:33:26.244 [Test worker] DEBUG o.s.w.r.r.m.a.ControllerMethodResolver - ControllerAdvice beans: none
16:33:26.247 [Test worker] DEBUG o.s.w.s.a.HttpWebHandlerAdapter - enableLoggingRequestDetails='false': form data and headers will be masked to prevent unsafe logging of potentially sensitive data
16:33:26.247 [Test worker] DEBUG o.s.w.t.h.s.r.b.UndertowHttpServer - Starting UndertowHttpServer...
16:33:26.248 [Test worker] INFO  i.undertow - starting server: Undertow - 2.2.7.Final
16:33:26.253 [Test worker] DEBUG o.s.w.t.h.s.r.b.UndertowHttpServer - Server started on port 61555(0 millis).
16:33:26.254 [Test worker] DEBUG o.s.w.c.RestTemplate - HTTP POST http://localhost:61555/foos/1
16:33:26.254 [Test worker] DEBUG o.s.w.c.RestTemplate - Accept=[text/plain, application/json, application/x-jackson-smile, application/*+json, */*]
16:33:26.254 [Test worker] DEBUG o.s.w.c.RestTemplate - Writing [{name=[George], age=[5]}] as "application/x-www-form-urlencoded"
16:33:26.260 [XNIO-7 I/O-4] DEBUG o.s.w.s.a.HttpWebHandlerAdapter - [266e02d-7] HTTP POST "/foos/1"
16:33:26.261 [XNIO-7 I/O-4] DEBUG o.s.w.r.r.m.a.RequestMappingHandlerMapping - [266e02d-7] Mapped to org.springframework.web.reactive.result.method.annotation.RequestMappingDataBindingIntegrationTests$TestController#handleForm(Foo, Errors)
16:33:26.264 [XNIO-7 I/O-4] DEBUG o.s.h.c.FormHttpMessageReader - [266e02d-7] Read form fields [name, age] (content masked)
16:33:26.267 [XNIO-7 I/O-4] DEBUG o.s.w.r.r.m.a.ResponseBodyResultHandler - [266e02d-7] Using 'text/plain;charset=UTF-8' given [text/plain] and supported [text/plain;charset=UTF-8, text/event-stream, text/plain;charset=UTF-8, */*]
16:33:26.267 [XNIO-7 I/O-4] DEBUG o.s.w.r.r.m.a.ResponseBodyResultHandler - [266e02d-7] 0..1 [java.lang.String]
16:33:26.268 [XNIO-7 I/O-4] DEBUG o.s.c.c.CharSequenceEncoder - [266e02d-7] Writing "Processed form: Foo[id=1, name='George', age=5]"
16:33:26.268 [XNIO-7 I/O-4] DEBUG o.s.w.s.a.HttpWebHandlerAdapter - [266e02d-7] Completed 200 OK
16:33:26.268 [Test worker] DEBUG o.s.w.c.RestTemplate - Response 200 OK
16:33:26.269 [Test worker] DEBUG o.s.w.c.RestTemplate - Reading to [java.lang.String] as "text/plain;charset=UTF-8"
16:33:26.269 [Test worker] DEBUG o.s.w.t.h.s.r.b.UndertowHttpServer - Stopping UndertowHttpServer...
16:33:26.269 [Test worker] INFO  i.undertow - stopping server: Undertow - 2.2.7.Final
16:33:26.270 [Test worker] DEBUG o.s.w.t.h.s.r.b.UndertowHttpServer - Server stopped (0 millis).
]]></system-out>
  <system-err><![CDATA[]]></system-err>
</testsuite>
