<?xml version="1.0" encoding="UTF-8"?>
<testsuite name="org.springframework.web.reactive.function.server.SseHandlerFunctionIntegrationTests" tests="12" skipped="0" failures="0" errors="0" timestamp="2021-04-26T08:37:28" hostname="wangweilideMacBook-Pro.local" time="36.075">
  <properties/>
  <testcase name="[1] org.springframework.web.testfixture.http.server.reactive.bootstrap.JettyHttpServer@1b3f6882" classname="org.springframework.web.reactive.function.server.SseHandlerFunctionIntegrationTests" time="0.226"/>
  <testcase name="[2] org.springframework.web.testfixture.http.server.reactive.bootstrap.ReactorHttpServer@79a9ad73" classname="org.springframework.web.reactive.function.server.SseHandlerFunctionIntegrationTests" time="0.217"/>
  <testcase name="[3] org.springframework.web.testfixture.http.server.reactive.bootstrap.TomcatHttpServer@1c830459" classname="org.springframework.web.reactive.function.server.SseHandlerFunctionIntegrationTests" time="11.34"/>
  <testcase name="[4] org.springframework.web.testfixture.http.server.reactive.bootstrap.UndertowHttpServer@24a555f" classname="org.springframework.web.reactive.function.server.SseHandlerFunctionIntegrationTests" time="0.221"/>
  <testcase name="[1] org.springframework.web.testfixture.http.server.reactive.bootstrap.JettyHttpServer@255867f8" classname="org.springframework.web.reactive.function.server.SseHandlerFunctionIntegrationTests" time="0.221"/>
  <testcase name="[2] org.springframework.web.testfixture.http.server.reactive.bootstrap.ReactorHttpServer@50345c18" classname="org.springframework.web.reactive.function.server.SseHandlerFunctionIntegrationTests" time="0.219"/>
  <testcase name="[3] org.springframework.web.testfixture.http.server.reactive.bootstrap.TomcatHttpServer@655d023f" classname="org.springframework.web.reactive.function.server.SseHandlerFunctionIntegrationTests" time="11.379"/>
  <testcase name="[4] org.springframework.web.testfixture.http.server.reactive.bootstrap.UndertowHttpServer@6ba60bd9" classname="org.springframework.web.reactive.function.server.SseHandlerFunctionIntegrationTests" time="0.218"/>
  <testcase name="[1] org.springframework.web.testfixture.http.server.reactive.bootstrap.JettyHttpServer@2bae135a" classname="org.springframework.web.reactive.function.server.SseHandlerFunctionIntegrationTests" time="0.221"/>
  <testcase name="[2] org.springframework.web.testfixture.http.server.reactive.bootstrap.ReactorHttpServer@6bf898a4" classname="org.springframework.web.reactive.function.server.SseHandlerFunctionIntegrationTests" time="0.22"/>
  <testcase name="[3] org.springframework.web.testfixture.http.server.reactive.bootstrap.TomcatHttpServer@174ce41e" classname="org.springframework.web.reactive.function.server.SseHandlerFunctionIntegrationTests" time="11.369"/>
  <testcase name="[4] org.springframework.web.testfixture.http.server.reactive.bootstrap.UndertowHttpServer@e3db6d1" classname="org.springframework.web.reactive.function.server.SseHandlerFunctionIntegrationTests" time="0.22"/>
  <system-out><![CDATA[16:37:28.815 [Test worker] DEBUG o.s.w.s.a.HttpWebHandlerAdapter - enableLoggingRequestDetails='false': form data and headers will be masked to prevent unsafe logging of potentially sensitive data
16:37:28.815 [Test worker] WARN  o.e.j.s.h.ContextHandler - Empty contextPath
16:37:28.815 [Test worker] INFO  o.e.j.s.h.ContextHandler - Started o.e.j.s.ServletContextHandler@4ecbbbd1{/,null,AVAILABLE}
16:37:28.815 [Test worker] DEBUG o.s.w.t.h.s.r.b.JettyHttpServer - Starting JettyHttpServer...
16:37:28.815 [Test worker] INFO  o.e.j.s.Server - jetty-9.4.39.v20210325; built: 2021-03-25T14:42:11.471Z; git: 9fc7ca5a922f2a37b84ec9dbc26a5168cee7e667; jvm 11.0.9+7-LTS
16:37:28.817 [Test worker] INFO  o.e.j.s.AbstractConnector - Started ServerConnector@577004f6{HTTP/1.1, (http/1.1)}{0.0.0.0:62945}
16:37:28.817 [Test worker] INFO  o.e.j.s.Server - Started @337258ms
16:37:28.817 [Test worker] DEBUG o.s.w.t.h.s.r.b.JettyHttpServer - Server started on port 62945(0 millis).
16:37:28.818 [Test worker] DEBUG o.s.w.r.f.c.ExchangeFunctions - [53e0ac40] HTTP GET http://localhost:62945/event
16:37:28.826 [qtp425641927-1317] DEBUG o.s.w.s.a.HttpWebHandlerAdapter - [35767a86] HTTP GET "/event"
16:37:28.931 [reactor-http-nio-9] DEBUG o.s.w.r.f.c.ExchangeFunctions - [53e0ac40] [f77376a7-1, L:/127.0.0.1:62946 - R:localhost/127.0.0.1:62945] Response 200 OK
16:37:28.935 [reactor-http-nio-9] DEBUG o.s.c.c.StringDecoder - [53e0ac40] [f77376a7-1, L:/127.0.0.1:62946 - R:localhost/127.0.0.1:62945] Decoded "id:0"
16:37:28.935 [reactor-http-nio-9] DEBUG o.s.c.c.StringDecoder - [53e0ac40] [f77376a7-1, L:/127.0.0.1:62946 - R:localhost/127.0.0.1:62945] Decoded ":bar"
16:37:28.935 [reactor-http-nio-9] DEBUG o.s.c.c.StringDecoder - [53e0ac40] [f77376a7-1, L:/127.0.0.1:62946 - R:localhost/127.0.0.1:62945] Decoded "data:foo"
16:37:28.935 [reactor-http-nio-9] DEBUG o.s.c.c.StringDecoder - [53e0ac40] [f77376a7-1, L:/127.0.0.1:62946 - R:localhost/127.0.0.1:62945] Decoded ""
16:37:29.030 [parallel-10] DEBUG o.s.w.s.a.HttpWebHandlerAdapter - [35767a86] Completed 200 OK
16:37:29.031 [reactor-http-nio-9] DEBUG o.s.c.c.StringDecoder - [53e0ac40] [f77376a7-1, L:/127.0.0.1:62946 - R:localhost/127.0.0.1:62945] Decoded "id:1"
16:37:29.031 [reactor-http-nio-9] DEBUG o.s.c.c.StringDecoder - [53e0ac40] [f77376a7-1, L:/127.0.0.1:62946 - R:localhost/127.0.0.1:62945] Decoded ":bar"
16:37:29.031 [reactor-http-nio-9] DEBUG o.s.c.c.StringDecoder - [53e0ac40] [f77376a7-1, L:/127.0.0.1:62946 - R:localhost/127.0.0.1:62945] Decoded "data:foo"
16:37:29.031 [reactor-http-nio-9] DEBUG o.s.c.c.StringDecoder - [53e0ac40] [f77376a7-1, L:/127.0.0.1:62946 - R:localhost/127.0.0.1:62945] Decoded ""
16:37:29.031 [Test worker] DEBUG o.s.w.t.h.s.r.b.JettyHttpServer - Stopping JettyHttpServer...
16:37:29.031 [Test worker] INFO  o.e.j.s.h.ContextHandler - Stopped o.e.j.s.ServletContextHandler@4ecbbbd1{/,null,STOPPED}
16:37:29.032 [Test worker] INFO  o.e.j.s.AbstractConnector - Stopped ServerConnector@577004f6{HTTP/1.1, (http/1.1)}{0.0.0.0:0}
16:37:29.032 [Test worker] DEBUG o.s.w.t.h.s.r.b.JettyHttpServer - Server stopped (0 millis).
16:37:29.038 [Test worker] DEBUG o.s.w.s.a.HttpWebHandlerAdapter - enableLoggingRequestDetails='false': form data and headers will be masked to prevent unsafe logging of potentially sensitive data
16:37:29.038 [Test worker] DEBUG o.s.w.t.h.s.r.b.ReactorHttpServer - Starting ReactorHttpServer...
16:37:29.039 [Test worker] DEBUG o.s.w.t.h.s.r.b.ReactorHttpServer - Server started on port 62947(0 millis).
16:37:29.039 [Test worker] DEBUG o.s.w.r.f.c.ExchangeFunctions - [14895fcf] HTTP GET http://localhost:62947/event
16:37:29.044 [reactor-http-nio-12] DEBUG o.s.w.s.a.HttpWebHandlerAdapter - [dd5873ff-1, L:/127.0.0.1:62947 - R:/127.0.0.1:62948] HTTP GET "/event"
16:37:29.149 [reactor-http-nio-11] DEBUG o.s.w.r.f.c.ExchangeFunctions - [14895fcf] [1dc0f411-1, L:/127.0.0.1:62948 - R:localhost/127.0.0.1:62947] Response 200 OK
16:37:29.150 [reactor-http-nio-11] DEBUG o.s.c.c.StringDecoder - [14895fcf] [1dc0f411-1, L:/127.0.0.1:62948 - R:localhost/127.0.0.1:62947] Decoded "id:0"
16:37:29.150 [reactor-http-nio-11] DEBUG o.s.c.c.StringDecoder - [14895fcf] [1dc0f411-1, L:/127.0.0.1:62948 - R:localhost/127.0.0.1:62947] Decoded ":bar"
16:37:29.150 [reactor-http-nio-11] DEBUG o.s.c.c.StringDecoder - [14895fcf] [1dc0f411-1, L:/127.0.0.1:62948 - R:localhost/127.0.0.1:62947] Decoded "data:foo"
16:37:29.150 [reactor-http-nio-11] DEBUG o.s.c.c.StringDecoder - [14895fcf] [1dc0f411-1, L:/127.0.0.1:62948 - R:localhost/127.0.0.1:62947] Decoded ""
16:37:29.249 [reactor-http-nio-12] DEBUG o.s.w.s.a.HttpWebHandlerAdapter - [dd5873ff-1, L:/127.0.0.1:62947 - R:/127.0.0.1:62948] Completed 200 OK
16:37:29.249 [reactor-http-nio-11] DEBUG o.s.c.c.StringDecoder - [14895fcf] [1dc0f411-1, L:/127.0.0.1:62948 - R:localhost/127.0.0.1:62947] Decoded "id:1"
16:37:29.249 [reactor-http-nio-11] DEBUG o.s.c.c.StringDecoder - [14895fcf] [1dc0f411-1, L:/127.0.0.1:62948 - R:localhost/127.0.0.1:62947] Decoded ":bar"
16:37:29.249 [reactor-http-nio-11] DEBUG o.s.c.c.StringDecoder - [14895fcf] [1dc0f411-1, L:/127.0.0.1:62948 - R:localhost/127.0.0.1:62947] Decoded "data:foo"
16:37:29.249 [reactor-http-nio-11] DEBUG o.s.c.c.StringDecoder - [14895fcf] [1dc0f411-1, L:/127.0.0.1:62948 - R:localhost/127.0.0.1:62947] Decoded ""
16:37:29.249 [Test worker] DEBUG o.s.w.t.h.s.r.b.ReactorHttpServer - Stopping ReactorHttpServer...
16:37:29.250 [Test worker] DEBUG o.s.w.t.h.s.r.b.ReactorHttpServer - Server stopped (0 millis).
16:37:29.256 [Test worker] DEBUG o.s.w.s.a.HttpWebHandlerAdapter - enableLoggingRequestDetails='false': form data and headers will be masked to prevent unsafe logging of potentially sensitive data
16:37:29.256 [Test worker] DEBUG o.s.w.t.h.s.r.b.TomcatHttpServer - Starting TomcatHttpServer...
16:37:29.261 [Test worker] DEBUG o.s.w.t.h.s.r.b.TomcatHttpServer - Server started on port 62952(0 millis).
16:37:29.261 [Test worker] DEBUG o.s.w.r.f.c.ExchangeFunctions - [2ce11913] HTTP GET http://localhost:62952/event
16:37:29.267 [http-nio-auto-29-exec-1] DEBUG o.s.w.s.a.HttpWebHandlerAdapter - [46e45ed0] HTTP GET "/event"
16:37:29.372 [reactor-http-nio-13] DEBUG o.s.w.r.f.c.ExchangeFunctions - [2ce11913] [4671fa6a-1, L:/127.0.0.1:62953 - R:localhost/127.0.0.1:62952] Response 200 OK
16:37:29.372 [reactor-http-nio-13] DEBUG o.s.c.c.StringDecoder - [2ce11913] [4671fa6a-1, L:/127.0.0.1:62953 - R:localhost/127.0.0.1:62952] Decoded "id:0"
16:37:29.372 [reactor-http-nio-13] DEBUG o.s.c.c.StringDecoder - [2ce11913] [4671fa6a-1, L:/127.0.0.1:62953 - R:localhost/127.0.0.1:62952] Decoded ":bar"
16:37:29.372 [reactor-http-nio-13] DEBUG o.s.c.c.StringDecoder - [2ce11913] [4671fa6a-1, L:/127.0.0.1:62953 - R:localhost/127.0.0.1:62952] Decoded "data:foo"
16:37:29.372 [reactor-http-nio-13] DEBUG o.s.c.c.StringDecoder - [2ce11913] [4671fa6a-1, L:/127.0.0.1:62953 - R:localhost/127.0.0.1:62952] Decoded ""
16:37:29.468 [parallel-12] DEBUG o.s.w.s.a.HttpWebHandlerAdapter - [46e45ed0] Completed 200 OK
16:37:29.469 [reactor-http-nio-13] DEBUG o.s.c.c.StringDecoder - [2ce11913] [4671fa6a-1, L:/127.0.0.1:62953 - R:localhost/127.0.0.1:62952] Decoded "id:1"
16:37:29.469 [reactor-http-nio-13] DEBUG o.s.c.c.StringDecoder - [2ce11913] [4671fa6a-1, L:/127.0.0.1:62953 - R:localhost/127.0.0.1:62952] Decoded ":bar"
16:37:29.469 [reactor-http-nio-13] DEBUG o.s.c.c.StringDecoder - [2ce11913] [4671fa6a-1, L:/127.0.0.1:62953 - R:localhost/127.0.0.1:62952] Decoded "data:foo"
16:37:29.469 [reactor-http-nio-13] DEBUG o.s.c.c.StringDecoder - [2ce11913] [4671fa6a-1, L:/127.0.0.1:62953 - R:localhost/127.0.0.1:62952] Decoded ""
16:37:29.470 [Test worker] DEBUG o.s.w.t.h.s.r.b.TomcatHttpServer - Stopping TomcatHttpServer...
16:37:40.589 [Test worker] DEBUG o.s.w.t.h.s.r.b.TomcatHttpServer - Server stopped (0 millis).
16:37:40.597 [Test worker] DEBUG o.s.w.s.a.HttpWebHandlerAdapter - enableLoggingRequestDetails='false': form data and headers will be masked to prevent unsafe logging of potentially sensitive data
16:37:40.597 [Test worker] DEBUG o.s.w.t.h.s.r.b.UndertowHttpServer - Starting UndertowHttpServer...
16:37:40.597 [Test worker] INFO  i.undertow - starting server: Undertow - 2.2.7.Final
16:37:40.601 [Test worker] DEBUG o.s.w.t.h.s.r.b.UndertowHttpServer - Server started on port 62991(0 millis).
16:37:40.601 [Test worker] DEBUG o.s.w.r.f.c.ExchangeFunctions - [46ce6b0a] HTTP GET http://localhost:62991/event
16:37:40.608 [XNIO-28 I/O-10] DEBUG o.s.w.s.a.HttpWebHandlerAdapter - [49366bd5-28] HTTP GET "/event"
16:37:40.713 [reactor-http-nio-14] DEBUG o.s.w.r.f.c.ExchangeFunctions - [46ce6b0a] [56a05417-1, L:/127.0.0.1:62992 - R:localhost/127.0.0.1:62991] Response 200 OK
16:37:40.713 [reactor-http-nio-14] DEBUG o.s.c.c.StringDecoder - [46ce6b0a] [56a05417-1, L:/127.0.0.1:62992 - R:localhost/127.0.0.1:62991] Decoded "id:0"
16:37:40.714 [reactor-http-nio-14] DEBUG o.s.c.c.StringDecoder - [46ce6b0a] [56a05417-1, L:/127.0.0.1:62992 - R:localhost/127.0.0.1:62991] Decoded ":bar"
16:37:40.714 [reactor-http-nio-14] DEBUG o.s.c.c.StringDecoder - [46ce6b0a] [56a05417-1, L:/127.0.0.1:62992 - R:localhost/127.0.0.1:62991] Decoded "data:foo"
16:37:40.714 [reactor-http-nio-14] DEBUG o.s.c.c.StringDecoder - [46ce6b0a] [56a05417-1, L:/127.0.0.1:62992 - R:localhost/127.0.0.1:62991] Decoded ""
16:37:40.809 [XNIO-28 I/O-10] DEBUG o.s.w.s.a.HttpWebHandlerAdapter - [49366bd5-28] Completed 200 OK
16:37:40.810 [reactor-http-nio-14] DEBUG o.s.c.c.StringDecoder - [46ce6b0a] [56a05417-1, L:/127.0.0.1:62992 - R:localhost/127.0.0.1:62991] Decoded "id:1"
16:37:40.810 [reactor-http-nio-14] DEBUG o.s.c.c.StringDecoder - [46ce6b0a] [56a05417-1, L:/127.0.0.1:62992 - R:localhost/127.0.0.1:62991] Decoded ":bar"
16:37:40.810 [reactor-http-nio-14] DEBUG o.s.c.c.StringDecoder - [46ce6b0a] [56a05417-1, L:/127.0.0.1:62992 - R:localhost/127.0.0.1:62991] Decoded "data:foo"
16:37:40.810 [reactor-http-nio-14] DEBUG o.s.c.c.StringDecoder - [46ce6b0a] [56a05417-1, L:/127.0.0.1:62992 - R:localhost/127.0.0.1:62991] Decoded ""
16:37:40.810 [Test worker] DEBUG o.s.w.t.h.s.r.b.UndertowHttpServer - Stopping UndertowHttpServer...
16:37:40.810 [Test worker] INFO  i.undertow - stopping server: Undertow - 2.2.7.Final
16:37:40.811 [Test worker] DEBUG o.s.w.t.h.s.r.b.UndertowHttpServer - Server stopped (0 millis).
16:37:40.817 [Test worker] DEBUG o.s.w.s.a.HttpWebHandlerAdapter - enableLoggingRequestDetails='false': form data and headers will be masked to prevent unsafe logging of potentially sensitive data
16:37:40.817 [Test worker] WARN  o.e.j.s.h.ContextHandler - Empty contextPath
16:37:40.817 [Test worker] INFO  o.e.j.s.h.ContextHandler - Started o.e.j.s.ServletContextHandler@403f1308{/,null,AVAILABLE}
16:37:40.817 [Test worker] DEBUG o.s.w.t.h.s.r.b.JettyHttpServer - Starting JettyHttpServer...
16:37:40.817 [Test worker] INFO  o.e.j.s.Server - jetty-9.4.39.v20210325; built: 2021-03-25T14:42:11.471Z; git: 9fc7ca5a922f2a37b84ec9dbc26a5168cee7e667; jvm 11.0.9+7-LTS
16:37:40.819 [Test worker] INFO  o.e.j.s.AbstractConnector - Started ServerConnector@263ecb50{HTTP/1.1, (http/1.1)}{0.0.0.0:62997}
16:37:40.819 [Test worker] INFO  o.e.j.s.Server - Started @349260ms
16:37:40.819 [Test worker] DEBUG o.s.w.t.h.s.r.b.JettyHttpServer - Server started on port 62997(0 millis).
16:37:40.819 [Test worker] DEBUG o.s.w.r.f.c.ExchangeFunctions - [74fa28b8] HTTP GET http://localhost:62997/person
16:37:40.825 [qtp1221207875-1366] DEBUG o.s.w.s.a.HttpWebHandlerAdapter - [289dbc6] HTTP GET "/person"
16:37:40.929 [parallel-14] DEBUG o.s.h.c.j.Jackson2JsonEncoder - [289dbc6] Encoding [Person{name='foo 0'}]
16:37:40.930 [reactor-http-nio-15] DEBUG o.s.w.r.f.c.ExchangeFunctions - [74fa28b8] [b6a9c888-1, L:/127.0.0.1:62998 - R:localhost/127.0.0.1:62997] Response 200 OK
16:37:40.932 [reactor-http-nio-15] DEBUG o.s.c.c.StringDecoder - [74fa28b8] [b6a9c888-1, L:/127.0.0.1:62998 - R:localhost/127.0.0.1:62997] Decoded "data:{"name":"foo 0"}"
16:37:40.932 [reactor-http-nio-15] DEBUG o.s.c.c.StringDecoder - [74fa28b8] [b6a9c888-1, L:/127.0.0.1:62998 - R:localhost/127.0.0.1:62997] Decoded ""
16:37:40.932 [reactor-http-nio-15] DEBUG o.s.h.c.j.Jackson2JsonDecoder - [74fa28b8] [b6a9c888-1, L:/127.0.0.1:62998 - R:localhost/127.0.0.1:62997] Decoded [Person{name='foo 0'}]
16:37:41.027 [parallel-14] DEBUG o.s.h.c.j.Jackson2JsonEncoder - [289dbc6] Encoding [Person{name='foo 1'}]
16:37:41.028 [parallel-14] DEBUG o.s.w.s.a.HttpWebHandlerAdapter - [289dbc6] Completed 200 OK
16:37:41.029 [reactor-http-nio-15] DEBUG o.s.c.c.StringDecoder - [74fa28b8] [b6a9c888-1, L:/127.0.0.1:62998 - R:localhost/127.0.0.1:62997] Decoded "data:{"name":"foo 1"}"
16:37:41.029 [reactor-http-nio-15] DEBUG o.s.c.c.StringDecoder - [74fa28b8] [b6a9c888-1, L:/127.0.0.1:62998 - R:localhost/127.0.0.1:62997] Decoded ""
16:37:41.029 [reactor-http-nio-15] DEBUG o.s.h.c.j.Jackson2JsonDecoder - [74fa28b8] [b6a9c888-1, L:/127.0.0.1:62998 - R:localhost/127.0.0.1:62997] Decoded [Person{name='foo 1'}]
16:37:41.029 [Test worker] DEBUG o.s.w.t.h.s.r.b.JettyHttpServer - Stopping JettyHttpServer...
16:37:41.029 [Test worker] INFO  o.e.j.s.h.ContextHandler - Stopped o.e.j.s.ServletContextHandler@403f1308{/,null,STOPPED}
16:37:41.031 [Test worker] INFO  o.e.j.s.AbstractConnector - Stopped ServerConnector@263ecb50{HTTP/1.1, (http/1.1)}{0.0.0.0:0}
16:37:41.031 [Test worker] DEBUG o.s.w.t.h.s.r.b.JettyHttpServer - Server stopped (0 millis).
16:37:41.037 [Test worker] DEBUG o.s.w.s.a.HttpWebHandlerAdapter - enableLoggingRequestDetails='false': form data and headers will be masked to prevent unsafe logging of potentially sensitive data
16:37:41.037 [Test worker] DEBUG o.s.w.t.h.s.r.b.ReactorHttpServer - Starting ReactorHttpServer...
16:37:41.038 [Test worker] DEBUG o.s.w.t.h.s.r.b.ReactorHttpServer - Server started on port 62999(0 millis).
16:37:41.039 [Test worker] DEBUG o.s.w.r.f.c.ExchangeFunctions - [40475d67] HTTP GET http://localhost:62999/person
16:37:41.045 [reactor-http-nio-2] DEBUG o.s.w.s.a.HttpWebHandlerAdapter - [d3a6c7fb-1, L:/127.0.0.1:62999 - R:/127.0.0.1:63000] HTTP GET "/person"
16:37:41.151 [reactor-http-nio-2] DEBUG o.s.h.c.j.Jackson2JsonEncoder - [d3a6c7fb-1, L:/127.0.0.1:62999 - R:/127.0.0.1:63000] Encoding [Person{name='foo 0'}]
16:37:41.151 [reactor-http-nio-1] DEBUG o.s.w.r.f.c.ExchangeFunctions - [40475d67] [dc5d9db0-1, L:/127.0.0.1:63000 - R:localhost/127.0.0.1:62999] Response 200 OK
16:37:41.153 [reactor-http-nio-1] DEBUG o.s.c.c.StringDecoder - [40475d67] [dc5d9db0-1, L:/127.0.0.1:63000 - R:localhost/127.0.0.1:62999] Decoded "data:{"name":"foo 0"}"
16:37:41.153 [reactor-http-nio-1] DEBUG o.s.c.c.StringDecoder - [40475d67] [dc5d9db0-1, L:/127.0.0.1:63000 - R:localhost/127.0.0.1:62999] Decoded ""
16:37:41.153 [reactor-http-nio-1] DEBUG o.s.h.c.j.Jackson2JsonDecoder - [40475d67] [dc5d9db0-1, L:/127.0.0.1:63000 - R:localhost/127.0.0.1:62999] Decoded [Person{name='foo 0'}]
16:37:41.249 [parallel-15] DEBUG o.s.h.c.j.Jackson2JsonEncoder - [d3a6c7fb-1, L:/127.0.0.1:62999 - R:/127.0.0.1:63000] Encoding [Person{name='foo 1'}]
16:37:41.250 [reactor-http-nio-2] DEBUG o.s.w.s.a.HttpWebHandlerAdapter - [d3a6c7fb-1, L:/127.0.0.1:62999 - R:/127.0.0.1:63000] Completed 200 OK
16:37:41.251 [reactor-http-nio-1] DEBUG o.s.c.c.StringDecoder - [40475d67] [dc5d9db0-1, L:/127.0.0.1:63000 - R:localhost/127.0.0.1:62999] Decoded "data:{"name":"foo 1"}"
16:37:41.251 [reactor-http-nio-1] DEBUG o.s.c.c.StringDecoder - [40475d67] [dc5d9db0-1, L:/127.0.0.1:63000 - R:localhost/127.0.0.1:62999] Decoded ""
16:37:41.251 [reactor-http-nio-1] DEBUG o.s.h.c.j.Jackson2JsonDecoder - [40475d67] [dc5d9db0-1, L:/127.0.0.1:63000 - R:localhost/127.0.0.1:62999] Decoded [Person{name='foo 1'}]
16:37:41.251 [Test worker] DEBUG o.s.w.t.h.s.r.b.ReactorHttpServer - Stopping ReactorHttpServer...
16:37:41.251 [Test worker] DEBUG o.s.w.t.h.s.r.b.ReactorHttpServer - Server stopped (0 millis).
16:37:41.258 [Test worker] DEBUG o.s.w.s.a.HttpWebHandlerAdapter - enableLoggingRequestDetails='false': form data and headers will be masked to prevent unsafe logging of potentially sensitive data
16:37:41.258 [Test worker] DEBUG o.s.w.t.h.s.r.b.TomcatHttpServer - Starting TomcatHttpServer...
16:37:41.262 [Test worker] DEBUG o.s.w.t.h.s.r.b.TomcatHttpServer - Server started on port 63001(0 millis).
16:37:41.262 [Test worker] DEBUG o.s.w.r.f.c.ExchangeFunctions - [71b0926d] HTTP GET http://localhost:63001/person
16:37:41.268 [http-nio-auto-30-exec-1] DEBUG o.s.w.s.a.HttpWebHandlerAdapter - [7c87c48f] HTTP GET "/person"
16:37:41.374 [parallel-16] DEBUG o.s.h.c.j.Jackson2JsonEncoder - [7c87c48f] Encoding [Person{name='foo 0'}]
16:37:41.375 [reactor-http-nio-3] DEBUG o.s.w.r.f.c.ExchangeFunctions - [71b0926d] [070a4f01-1, L:/127.0.0.1:63002 - R:localhost/127.0.0.1:63001] Response 200 OK
16:37:41.376 [reactor-http-nio-3] DEBUG o.s.c.c.StringDecoder - [71b0926d] [070a4f01-1, L:/127.0.0.1:63002 - R:localhost/127.0.0.1:63001] Decoded "data:{"name":"foo 0"}"
16:37:41.376 [reactor-http-nio-3] DEBUG o.s.c.c.StringDecoder - [71b0926d] [070a4f01-1, L:/127.0.0.1:63002 - R:localhost/127.0.0.1:63001] Decoded ""
16:37:41.376 [reactor-http-nio-3] DEBUG o.s.h.c.j.Jackson2JsonDecoder - [71b0926d] [070a4f01-1, L:/127.0.0.1:63002 - R:localhost/127.0.0.1:63001] Decoded [Person{name='foo 0'}]
16:37:41.473 [parallel-16] DEBUG o.s.h.c.j.Jackson2JsonEncoder - [7c87c48f] Encoding [Person{name='foo 1'}]
16:37:41.474 [parallel-16] DEBUG o.s.w.s.a.HttpWebHandlerAdapter - [7c87c48f] Completed 200 OK
16:37:41.476 [reactor-http-nio-3] DEBUG o.s.c.c.StringDecoder - [71b0926d] [070a4f01-1, L:/127.0.0.1:63002 - R:localhost/127.0.0.1:63001] Decoded "data:{"name":"foo 1"}"
16:37:41.476 [reactor-http-nio-3] DEBUG o.s.c.c.StringDecoder - [71b0926d] [070a4f01-1, L:/127.0.0.1:63002 - R:localhost/127.0.0.1:63001] Decoded ""
16:37:41.476 [reactor-http-nio-3] DEBUG o.s.h.c.j.Jackson2JsonDecoder - [71b0926d] [070a4f01-1, L:/127.0.0.1:63002 - R:localhost/127.0.0.1:63001] Decoded [Person{name='foo 1'}]
16:37:41.476 [Test worker] DEBUG o.s.w.t.h.s.r.b.TomcatHttpServer - Stopping TomcatHttpServer...
16:37:52.631 [Test worker] DEBUG o.s.w.t.h.s.r.b.TomcatHttpServer - Server stopped (0 millis).
16:37:52.637 [Test worker] DEBUG o.s.w.s.a.HttpWebHandlerAdapter - enableLoggingRequestDetails='false': form data and headers will be masked to prevent unsafe logging of potentially sensitive data
16:37:52.637 [Test worker] DEBUG o.s.w.t.h.s.r.b.UndertowHttpServer - Starting UndertowHttpServer...
16:37:52.637 [Test worker] INFO  i.undertow - starting server: Undertow - 2.2.7.Final
16:37:52.640 [Test worker] DEBUG o.s.w.t.h.s.r.b.UndertowHttpServer - Server started on port 63034(0 millis).
16:37:52.640 [Test worker] DEBUG o.s.w.r.f.c.ExchangeFunctions - [302c0c7c] HTTP GET http://localhost:63034/person
16:37:52.646 [XNIO-29 I/O-2] DEBUG o.s.w.s.a.HttpWebHandlerAdapter - [745a249e-29] HTTP GET "/person"
16:37:52.748 [parallel-1] DEBUG o.s.h.c.j.Jackson2JsonEncoder - [745a249e-29] Encoding [Person{name='foo 0'}]
16:37:52.749 [reactor-http-nio-4] DEBUG o.s.w.r.f.c.ExchangeFunctions - [302c0c7c] [66a686ff-1, L:/127.0.0.1:63035 - R:localhost/127.0.0.1:63034] Response 200 OK
16:37:52.750 [reactor-http-nio-4] DEBUG o.s.c.c.StringDecoder - [302c0c7c] [66a686ff-1, L:/127.0.0.1:63035 - R:localhost/127.0.0.1:63034] Decoded "data:{"name":"foo 0"}"
16:37:52.750 [reactor-http-nio-4] DEBUG o.s.c.c.StringDecoder - [302c0c7c] [66a686ff-1, L:/127.0.0.1:63035 - R:localhost/127.0.0.1:63034] Decoded ""
16:37:52.750 [reactor-http-nio-4] DEBUG o.s.h.c.j.Jackson2JsonDecoder - [302c0c7c] [66a686ff-1, L:/127.0.0.1:63035 - R:localhost/127.0.0.1:63034] Decoded [Person{name='foo 0'}]
16:37:52.846 [parallel-1] DEBUG o.s.h.c.j.Jackson2JsonEncoder - [745a249e-29] Encoding [Person{name='foo 1'}]
16:37:52.847 [XNIO-29 I/O-2] DEBUG o.s.w.s.a.HttpWebHandlerAdapter - [745a249e-29] Completed 200 OK
16:37:52.848 [reactor-http-nio-4] DEBUG o.s.c.c.StringDecoder - [302c0c7c] [66a686ff-1, L:/127.0.0.1:63035 - R:localhost/127.0.0.1:63034] Decoded "data:{"name":"foo 1"}"
16:37:52.848 [reactor-http-nio-4] DEBUG o.s.c.c.StringDecoder - [302c0c7c] [66a686ff-1, L:/127.0.0.1:63035 - R:localhost/127.0.0.1:63034] Decoded ""
16:37:52.848 [reactor-http-nio-4] DEBUG o.s.h.c.j.Jackson2JsonDecoder - [302c0c7c] [66a686ff-1, L:/127.0.0.1:63035 - R:localhost/127.0.0.1:63034] Decoded [Person{name='foo 1'}]
16:37:52.848 [Test worker] DEBUG o.s.w.t.h.s.r.b.UndertowHttpServer - Stopping UndertowHttpServer...
16:37:52.848 [Test worker] INFO  i.undertow - stopping server: Undertow - 2.2.7.Final
16:37:52.849 [Test worker] DEBUG o.s.w.t.h.s.r.b.UndertowHttpServer - Server stopped (0 millis).
16:37:52.855 [Test worker] DEBUG o.s.w.s.a.HttpWebHandlerAdapter - enableLoggingRequestDetails='false': form data and headers will be masked to prevent unsafe logging of potentially sensitive data
16:37:52.855 [Test worker] WARN  o.e.j.s.h.ContextHandler - Empty contextPath
16:37:52.855 [Test worker] INFO  o.e.j.s.h.ContextHandler - Started o.e.j.s.ServletContextHandler@6e4c8670{/,null,AVAILABLE}
16:37:52.855 [Test worker] DEBUG o.s.w.t.h.s.r.b.JettyHttpServer - Starting JettyHttpServer...
16:37:52.855 [Test worker] INFO  o.e.j.s.Server - jetty-9.4.39.v20210325; built: 2021-03-25T14:42:11.471Z; git: 9fc7ca5a922f2a37b84ec9dbc26a5168cee7e667; jvm 11.0.9+7-LTS
16:37:52.856 [Test worker] INFO  o.e.j.s.AbstractConnector - Started ServerConnector@35a36c20{HTTP/1.1, (http/1.1)}{0.0.0.0:63036}
16:37:52.856 [Test worker] INFO  o.e.j.s.Server - Started @361297ms
16:37:52.856 [Test worker] DEBUG o.s.w.t.h.s.r.b.JettyHttpServer - Server started on port 63036(0 millis).
16:37:52.857 [Test worker] DEBUG o.s.w.r.f.c.ExchangeFunctions - [6552dbea] HTTP GET http://localhost:63036/string
16:37:52.862 [qtp1016587101-1414] DEBUG o.s.w.s.a.HttpWebHandlerAdapter - [2ece91e3] HTTP GET "/string"
16:37:52.965 [reactor-http-nio-5] DEBUG o.s.w.r.f.c.ExchangeFunctions - [6552dbea] [ce8ba21e-1, L:/127.0.0.1:63037 - R:localhost/127.0.0.1:63036] Response 200 OK
16:37:52.965 [reactor-http-nio-5] DEBUG o.s.c.c.StringDecoder - [6552dbea] [ce8ba21e-1, L:/127.0.0.1:63037 - R:localhost/127.0.0.1:63036] Decoded "data:foo 0"
16:37:52.966 [reactor-http-nio-5] DEBUG o.s.c.c.StringDecoder - [6552dbea] [ce8ba21e-1, L:/127.0.0.1:63037 - R:localhost/127.0.0.1:63036] Decoded ""
16:37:53.067 [parallel-2] DEBUG o.s.w.s.a.HttpWebHandlerAdapter - [2ece91e3] Completed 200 OK
16:37:53.068 [reactor-http-nio-5] DEBUG o.s.c.c.StringDecoder - [6552dbea] [ce8ba21e-1, L:/127.0.0.1:63037 - R:localhost/127.0.0.1:63036] Decoded "data:foo 1"
16:37:53.068 [reactor-http-nio-5] DEBUG o.s.c.c.StringDecoder - [6552dbea] [ce8ba21e-1, L:/127.0.0.1:63037 - R:localhost/127.0.0.1:63036] Decoded ""
16:37:53.068 [Test worker] DEBUG o.s.w.t.h.s.r.b.JettyHttpServer - Stopping JettyHttpServer...
16:37:53.068 [Test worker] INFO  o.e.j.s.h.ContextHandler - Stopped o.e.j.s.ServletContextHandler@6e4c8670{/,null,STOPPED}
16:37:53.070 [Test worker] INFO  o.e.j.s.AbstractConnector - Stopped ServerConnector@35a36c20{HTTP/1.1, (http/1.1)}{0.0.0.0:0}
16:37:53.071 [Test worker] DEBUG o.s.w.t.h.s.r.b.JettyHttpServer - Server stopped (0 millis).
16:37:53.076 [Test worker] DEBUG o.s.w.s.a.HttpWebHandlerAdapter - enableLoggingRequestDetails='false': form data and headers will be masked to prevent unsafe logging of potentially sensitive data
16:37:53.076 [Test worker] DEBUG o.s.w.t.h.s.r.b.ReactorHttpServer - Starting ReactorHttpServer...
16:37:53.077 [Test worker] DEBUG o.s.w.t.h.s.r.b.ReactorHttpServer - Server started on port 63038(0 millis).
16:37:53.077 [Test worker] DEBUG o.s.w.r.f.c.ExchangeFunctions - [62d9315e] HTTP GET http://localhost:63038/string
16:37:53.086 [reactor-http-nio-8] DEBUG o.s.w.s.a.HttpWebHandlerAdapter - [5db36d30-1, L:/127.0.0.1:63038 - R:/127.0.0.1:63039] HTTP GET "/string"
16:37:53.190 [reactor-http-nio-7] DEBUG o.s.w.r.f.c.ExchangeFunctions - [62d9315e] [519b61e6-1, L:/127.0.0.1:63039 - R:localhost/127.0.0.1:63038] Response 200 OK
16:37:53.191 [reactor-http-nio-7] DEBUG o.s.c.c.StringDecoder - [62d9315e] [519b61e6-1, L:/127.0.0.1:63039 - R:localhost/127.0.0.1:63038] Decoded "data:foo 0"
16:37:53.191 [reactor-http-nio-7] DEBUG o.s.c.c.StringDecoder - [62d9315e] [519b61e6-1, L:/127.0.0.1:63039 - R:localhost/127.0.0.1:63038] Decoded ""
16:37:53.291 [reactor-http-nio-8] DEBUG o.s.w.s.a.HttpWebHandlerAdapter - [5db36d30-1, L:/127.0.0.1:63038 - R:/127.0.0.1:63039] Completed 200 OK
16:37:53.291 [reactor-http-nio-7] DEBUG o.s.c.c.StringDecoder - [62d9315e] [519b61e6-1, L:/127.0.0.1:63039 - R:localhost/127.0.0.1:63038] Decoded "data:foo 1"
16:37:53.291 [reactor-http-nio-7] DEBUG o.s.c.c.StringDecoder - [62d9315e] [519b61e6-1, L:/127.0.0.1:63039 - R:localhost/127.0.0.1:63038] Decoded ""
16:37:53.292 [Test worker] DEBUG o.s.w.t.h.s.r.b.ReactorHttpServer - Stopping ReactorHttpServer...
16:37:53.292 [Test worker] DEBUG o.s.w.t.h.s.r.b.ReactorHttpServer - Server stopped (0 millis).
16:37:53.297 [Test worker] DEBUG o.s.w.s.a.HttpWebHandlerAdapter - enableLoggingRequestDetails='false': form data and headers will be masked to prevent unsafe logging of potentially sensitive data
16:37:53.298 [Test worker] DEBUG o.s.w.t.h.s.r.b.TomcatHttpServer - Starting TomcatHttpServer...
16:37:53.302 [Test worker] DEBUG o.s.w.t.h.s.r.b.TomcatHttpServer - Server started on port 63044(0 millis).
16:37:53.302 [Test worker] DEBUG o.s.w.r.f.c.ExchangeFunctions - [17ec2e85] HTTP GET http://localhost:63044/string
16:37:53.308 [http-nio-auto-31-exec-1] DEBUG o.s.w.s.a.HttpWebHandlerAdapter - [426c88f7] HTTP GET "/string"
16:37:53.414 [reactor-http-nio-9] DEBUG o.s.w.r.f.c.ExchangeFunctions - [17ec2e85] [1a4453b6-1, L:/127.0.0.1:63045 - R:localhost/127.0.0.1:63044] Response 200 OK
16:37:53.414 [reactor-http-nio-9] DEBUG o.s.c.c.StringDecoder - [17ec2e85] [1a4453b6-1, L:/127.0.0.1:63045 - R:localhost/127.0.0.1:63044] Decoded "data:foo 0"
16:37:53.415 [reactor-http-nio-9] DEBUG o.s.c.c.StringDecoder - [17ec2e85] [1a4453b6-1, L:/127.0.0.1:63045 - R:localhost/127.0.0.1:63044] Decoded ""
16:37:53.512 [parallel-4] DEBUG o.s.w.s.a.HttpWebHandlerAdapter - [426c88f7] Completed 200 OK
16:37:53.513 [reactor-http-nio-9] DEBUG o.s.c.c.StringDecoder - [17ec2e85] [1a4453b6-1, L:/127.0.0.1:63045 - R:localhost/127.0.0.1:63044] Decoded "data:foo 1"
16:37:53.513 [reactor-http-nio-9] DEBUG o.s.c.c.StringDecoder - [17ec2e85] [1a4453b6-1, L:/127.0.0.1:63045 - R:localhost/127.0.0.1:63044] Decoded ""
16:37:53.514 [Test worker] DEBUG o.s.w.t.h.s.r.b.TomcatHttpServer - Stopping TomcatHttpServer...
16:38:04.661 [Test worker] DEBUG o.s.w.t.h.s.r.b.TomcatHttpServer - Server stopped (0 millis).
16:38:04.667 [Test worker] DEBUG o.s.w.s.a.HttpWebHandlerAdapter - enableLoggingRequestDetails='false': form data and headers will be masked to prevent unsafe logging of potentially sensitive data
16:38:04.667 [Test worker] DEBUG o.s.w.t.h.s.r.b.UndertowHttpServer - Starting UndertowHttpServer...
16:38:04.667 [Test worker] INFO  i.undertow - starting server: Undertow - 2.2.7.Final
16:38:04.670 [Test worker] DEBUG o.s.w.t.h.s.r.b.UndertowHttpServer - Server started on port 63104(0 millis).
16:38:04.670 [Test worker] DEBUG o.s.w.r.f.c.ExchangeFunctions - [41abb86b] HTTP GET http://localhost:63104/string
16:38:04.676 [XNIO-30 I/O-4] DEBUG o.s.w.s.a.HttpWebHandlerAdapter - [73dfcb64-30] HTTP GET "/string"
16:38:04.778 [reactor-http-nio-10] DEBUG o.s.w.r.f.c.ExchangeFunctions - [41abb86b] [4b4d20f3-1, L:/127.0.0.1:63105 - R:localhost/127.0.0.1:63104] Response 200 OK
16:38:04.779 [reactor-http-nio-10] DEBUG o.s.c.c.StringDecoder - [41abb86b] [4b4d20f3-1, L:/127.0.0.1:63105 - R:localhost/127.0.0.1:63104] Decoded "data:foo 0"
16:38:04.779 [reactor-http-nio-10] DEBUG o.s.c.c.StringDecoder - [41abb86b] [4b4d20f3-1, L:/127.0.0.1:63105 - R:localhost/127.0.0.1:63104] Decoded ""
16:38:04.880 [XNIO-30 I/O-4] DEBUG o.s.w.s.a.HttpWebHandlerAdapter - [73dfcb64-30] Completed 200 OK
16:38:04.880 [reactor-http-nio-10] DEBUG o.s.c.c.StringDecoder - [41abb86b] [4b4d20f3-1, L:/127.0.0.1:63105 - R:localhost/127.0.0.1:63104] Decoded "data:foo 1"
16:38:04.880 [reactor-http-nio-10] DEBUG o.s.c.c.StringDecoder - [41abb86b] [4b4d20f3-1, L:/127.0.0.1:63105 - R:localhost/127.0.0.1:63104] Decoded ""
16:38:04.880 [Test worker] DEBUG o.s.w.t.h.s.r.b.UndertowHttpServer - Stopping UndertowHttpServer...
16:38:04.880 [Test worker] INFO  i.undertow - stopping server: Undertow - 2.2.7.Final
16:38:04.882 [Test worker] DEBUG o.s.w.t.h.s.r.b.UndertowHttpServer - Server stopped (0 millis).
]]></system-out>
  <system-err><![CDATA[]]></system-err>
</testsuite>
