<?xml version="1.0" encoding="UTF-8"?>
<testsuite name="org.springframework.web.reactive.function.server.RouterFunctionDslTests" tests="12" skipped="0" failures="0" errors="0" timestamp="2021-05-01T10:01:58" hostname="wangweilideMBP.lan" time="0.065">
  <properties/>
  <testcase name="accept()" classname="org.springframework.web.reactive.function.server.RouterFunctionDslTests" time="0.016"/>
  <testcase name="header()" classname="org.springframework.web.reactive.function.server.RouterFunctionDslTests" time="0.005"/>
  <testcase name="method()" classname="org.springframework.web.reactive.function.server.RouterFunctionDslTests" time="0.005"/>
  <testcase name="resourceByPath()" classname="org.springframework.web.reactive.function.server.RouterFunctionDslTests" time="0.005"/>
  <testcase name="contentType()" classname="org.springframework.web.reactive.function.server.RouterFunctionDslTests" time="0.004"/>
  <testcase name="resource()" classname="org.springframework.web.reactive.function.server.RouterFunctionDslTests" time="0.004"/>
  <testcase name="path()" classname="org.springframework.web.reactive.function.server.RouterFunctionDslTests" time="0.004"/>
  <testcase name="emptyRouter()" classname="org.springframework.web.reactive.function.server.RouterFunctionDslTests" time="0.001"/>
  <testcase name="acceptAndPOSTWithRequestPredicate()" classname="org.springframework.web.reactive.function.server.RouterFunctionDslTests" time="0.004"/>
  <testcase name="rendering()" classname="org.springframework.web.reactive.function.server.RouterFunctionDslTests" time="0.005"/>
  <testcase name="acceptAndPOST()" classname="org.springframework.web.reactive.function.server.RouterFunctionDslTests" time="0.005"/>
  <testcase name="noRoute()" classname="org.springframework.web.reactive.function.server.RouterFunctionDslTests" time="0.004"/>
  <system-out><![CDATA[]]></system-out>
  <system-err><![CDATA[]]></system-err>
</testsuite>
