<?xml version="1.0" encoding="UTF-8"?>
<testsuite name="org.springframework.web.reactive.result.method.annotation.SessionAttributeMethodArgumentResolverTests" tests="5" skipped="0" failures="0" errors="0" timestamp="2021-04-26T08:34:32" hostname="wangweilideMacBook-Pro.local" time="0.083">
  <properties/>
  <testcase name="resolveOptional()" classname="org.springframework.web.reactive.result.method.annotation.SessionAttributeMethodArgumentResolverTests" time="0.041"/>
  <testcase name="resolve()" classname="org.springframework.web.reactive.result.method.annotation.SessionAttributeMethodArgumentResolverTests" time="0.008"/>
  <testcase name="resolveNotRequired()" classname="org.springframework.web.reactive.result.method.annotation.SessionAttributeMethodArgumentResolverTests" time="0.007"/>
  <testcase name="resolveWithName()" classname="org.springframework.web.reactive.result.method.annotation.SessionAttributeMethodArgumentResolverTests" time="0.008"/>
  <testcase name="supportsParameter()" classname="org.springframework.web.reactive.result.method.annotation.SessionAttributeMethodArgumentResolverTests" time="0.018"/>
  <system-out><![CDATA[]]></system-out>
  <system-err><![CDATA[]]></system-err>
</testsuite>
