<?xml version="1.0" encoding="UTF-8"?>
<testsuite name="org.springframework.web.reactive.result.method.annotation.ModelInitializerTests" tests="6" skipped="0" failures="0" errors="0" timestamp="2021-05-01T09:49:31" hostname="wangweilideMBP.lan" time="0.357">
  <properties/>
  <testcase name="clearModelAttributeFromSession()" classname="org.springframework.web.reactive.result.method.annotation.ModelInitializerTests" time="0.022"/>
  <testcase name="modelAttributeMethods()" classname="org.springframework.web.reactive.result.method.annotation.ModelInitializerTests" time="0.002"/>
  <testcase name="initBinderMethod()" classname="org.springframework.web.reactive.result.method.annotation.ModelInitializerTests" time="0.296"/>
  <testcase name="requiredSessionAttributeMissing()" classname="org.springframework.web.reactive.result.method.annotation.ModelInitializerTests" time="0.002"/>
  <testcase name="saveModelAttributeToSession()" classname="org.springframework.web.reactive.result.method.annotation.ModelInitializerTests" time="0.002"/>
  <testcase name="retrieveModelAttributeFromSession()" classname="org.springframework.web.reactive.result.method.annotation.ModelInitializerTests" time="0.002"/>
  <system-out><![CDATA[17:49:31.793 [Test worker] DEBUG o.s.w.r.r.m.a.ControllerMethodResolver - ControllerAdvice beans: none
17:49:31.798 [boundedElastic-1] DEBUG o.s.w.s.s.DefaultWebSessionManager - Created new WebSession.
17:49:31.818 [Test worker] DEBUG o.s.w.r.r.m.a.ControllerMethodResolver - ControllerAdvice beans: none
17:49:31.819 [boundedElastic-1] DEBUG o.s.w.s.s.DefaultWebSessionManager - Created new WebSession.
17:49:31.825 [Test worker] DEBUG o.s.w.r.r.m.a.ControllerMethodResolver - ControllerAdvice beans: none
17:49:32.118 [boundedElastic-1] DEBUG o.s.w.s.s.DefaultWebSessionManager - Created new WebSession.
17:49:32.125 [Test worker] DEBUG o.s.w.r.r.m.a.ControllerMethodResolver - ControllerAdvice beans: none
17:49:32.126 [boundedElastic-1] DEBUG o.s.w.s.s.DefaultWebSessionManager - Created new WebSession.
17:49:32.133 [Test worker] DEBUG o.s.w.r.r.m.a.ControllerMethodResolver - ControllerAdvice beans: none
17:49:32.133 [boundedElastic-1] DEBUG o.s.w.s.s.DefaultWebSessionManager - Created new WebSession.
17:49:32.147 [Test worker] DEBUG o.s.w.r.r.m.a.ControllerMethodResolver - ControllerAdvice beans: none
17:49:32.147 [boundedElastic-1] DEBUG o.s.w.s.s.DefaultWebSessionManager - Created new WebSession.
]]></system-out>
  <system-err><![CDATA[]]></system-err>
</testsuite>
