<?xml version="1.0" encoding="UTF-8"?>
<testsuite name="org.springframework.web.reactive.function.client.DefaultClientRequestBuilderTests" tests="8" skipped="0" failures="0" errors="0" timestamp="2021-04-26T08:39:28" hostname="wangweilideMacBook-Pro.local" time="0.016">
  <properties/>
  <testcase name="cookie()" classname="org.springframework.web.reactive.function.client.DefaultClientRequestBuilderTests" time="0.001"/>
  <testcase name="method()" classname="org.springframework.web.reactive.function.client.DefaultClientRequestBuilderTests" time="0.0"/>
  <testcase name="url()" classname="org.springframework.web.reactive.function.client.DefaultClientRequestBuilderTests" time="0.0"/>
  <testcase name="from()" classname="org.springframework.web.reactive.function.client.DefaultClientRequestBuilderTests" time="0.001"/>
  <testcase name="build()" classname="org.springframework.web.reactive.function.client.DefaultClientRequestBuilderTests" time="0.01"/>
  <testcase name="bodyParameterizedTypeReference()" classname="org.springframework.web.reactive.function.client.DefaultClientRequestBuilderTests" time="0.002"/>
  <testcase name="bodyInserter()" classname="org.springframework.web.reactive.function.client.DefaultClientRequestBuilderTests" time="0.001"/>
  <testcase name="bodyClass()" classname="org.springframework.web.reactive.function.client.DefaultClientRequestBuilderTests" time="0.0"/>
  <system-out><![CDATA[16:39:28.597 [Test worker] DEBUG o.s.c.c.CharSequenceEncoder - [571ed3a1] Writing "foo"
16:39:28.599 [Test worker] DEBUG o.s.c.c.CharSequenceEncoder - [19945674] Writing "foo"
]]></system-out>
  <system-err><![CDATA[]]></system-err>
</testsuite>
