<?xml version="1.0" encoding="UTF-8"?>
<testsuite name="org.springframework.web.reactive.result.method.annotation.CrossOriginAnnotationIntegrationTests" tests="68" skipped="0" failures="0" errors="0" timestamp="2021-05-01T09:49:53" hostname="wangweilideMBP.lan" time="192.987">
  <properties/>
  <testcase name="[1] org.springframework.web.testfixture.http.server.reactive.bootstrap.JettyHttpServer@7cfe3ad8" classname="org.springframework.web.reactive.result.method.annotation.CrossOriginAnnotationIntegrationTests" time="0.288"/>
  <testcase name="[2] org.springframework.web.testfixture.http.server.reactive.bootstrap.ReactorHttpServer@68b736d4" classname="org.springframework.web.reactive.result.method.annotation.CrossOriginAnnotationIntegrationTests" time="0.036"/>
  <testcase name="[3] org.springframework.web.testfixture.http.server.reactive.bootstrap.TomcatHttpServer@6c7d7465" classname="org.springframework.web.reactive.result.method.annotation.CrossOriginAnnotationIntegrationTests" time="11.207"/>
  <testcase name="[4] org.springframework.web.testfixture.http.server.reactive.bootstrap.UndertowHttpServer@b9180e3" classname="org.springframework.web.reactive.result.method.annotation.CrossOriginAnnotationIntegrationTests" time="0.043"/>
  <testcase name="[1] org.springframework.web.testfixture.http.server.reactive.bootstrap.JettyHttpServer@1badcc8c" classname="org.springframework.web.reactive.result.method.annotation.CrossOriginAnnotationIntegrationTests" time="0.035"/>
  <testcase name="[2] org.springframework.web.testfixture.http.server.reactive.bootstrap.ReactorHttpServer@25ab4f58" classname="org.springframework.web.reactive.result.method.annotation.CrossOriginAnnotationIntegrationTests" time="0.041"/>
  <testcase name="[3] org.springframework.web.testfixture.http.server.reactive.bootstrap.TomcatHttpServer@70a16821" classname="org.springframework.web.reactive.result.method.annotation.CrossOriginAnnotationIntegrationTests" time="11.21"/>
  <testcase name="[4] org.springframework.web.testfixture.http.server.reactive.bootstrap.UndertowHttpServer@4e6a8a95" classname="org.springframework.web.reactive.result.method.annotation.CrossOriginAnnotationIntegrationTests" time="0.038"/>
  <testcase name="[1] org.springframework.web.testfixture.http.server.reactive.bootstrap.JettyHttpServer@85b1976" classname="org.springframework.web.reactive.result.method.annotation.CrossOriginAnnotationIntegrationTests" time="0.036"/>
  <testcase name="[2] org.springframework.web.testfixture.http.server.reactive.bootstrap.ReactorHttpServer@5bcb8f5a" classname="org.springframework.web.reactive.result.method.annotation.CrossOriginAnnotationIntegrationTests" time="0.033"/>
  <testcase name="[3] org.springframework.web.testfixture.http.server.reactive.bootstrap.TomcatHttpServer@2d41f9ea" classname="org.springframework.web.reactive.result.method.annotation.CrossOriginAnnotationIntegrationTests" time="11.208"/>
  <testcase name="[4] org.springframework.web.testfixture.http.server.reactive.bootstrap.UndertowHttpServer@3ec52c74" classname="org.springframework.web.reactive.result.method.annotation.CrossOriginAnnotationIntegrationTests" time="0.04"/>
  <testcase name="[1] org.springframework.web.testfixture.http.server.reactive.bootstrap.JettyHttpServer@7260bf7d" classname="org.springframework.web.reactive.result.method.annotation.CrossOriginAnnotationIntegrationTests" time="0.045"/>
  <testcase name="[2] org.springframework.web.testfixture.http.server.reactive.bootstrap.ReactorHttpServer@1f96263f" classname="org.springframework.web.reactive.result.method.annotation.CrossOriginAnnotationIntegrationTests" time="0.036"/>
  <testcase name="[3] org.springframework.web.testfixture.http.server.reactive.bootstrap.TomcatHttpServer@51833956" classname="org.springframework.web.reactive.result.method.annotation.CrossOriginAnnotationIntegrationTests" time="11.175"/>
  <testcase name="[4] org.springframework.web.testfixture.http.server.reactive.bootstrap.UndertowHttpServer@6625d4c7" classname="org.springframework.web.reactive.result.method.annotation.CrossOriginAnnotationIntegrationTests" time="0.043"/>
  <testcase name="[1] org.springframework.web.testfixture.http.server.reactive.bootstrap.JettyHttpServer@1adaa24c" classname="org.springframework.web.reactive.result.method.annotation.CrossOriginAnnotationIntegrationTests" time="0.036"/>
  <testcase name="[2] org.springframework.web.testfixture.http.server.reactive.bootstrap.ReactorHttpServer@15c0a2b6" classname="org.springframework.web.reactive.result.method.annotation.CrossOriginAnnotationIntegrationTests" time="0.036"/>
  <testcase name="[3] org.springframework.web.testfixture.http.server.reactive.bootstrap.TomcatHttpServer@467a0ee4" classname="org.springframework.web.reactive.result.method.annotation.CrossOriginAnnotationIntegrationTests" time="11.187"/>
  <testcase name="[4] org.springframework.web.testfixture.http.server.reactive.bootstrap.UndertowHttpServer@38450df3" classname="org.springframework.web.reactive.result.method.annotation.CrossOriginAnnotationIntegrationTests" time="0.049"/>
  <testcase name="[1] org.springframework.web.testfixture.http.server.reactive.bootstrap.JettyHttpServer@3406b926" classname="org.springframework.web.reactive.result.method.annotation.CrossOriginAnnotationIntegrationTests" time="0.033"/>
  <testcase name="[2] org.springframework.web.testfixture.http.server.reactive.bootstrap.ReactorHttpServer@4231902b" classname="org.springframework.web.reactive.result.method.annotation.CrossOriginAnnotationIntegrationTests" time="0.031"/>
  <testcase name="[3] org.springframework.web.testfixture.http.server.reactive.bootstrap.TomcatHttpServer@455c14af" classname="org.springframework.web.reactive.result.method.annotation.CrossOriginAnnotationIntegrationTests" time="11.174"/>
  <testcase name="[4] org.springframework.web.testfixture.http.server.reactive.bootstrap.UndertowHttpServer@2cc96aad" classname="org.springframework.web.reactive.result.method.annotation.CrossOriginAnnotationIntegrationTests" time="0.035"/>
  <testcase name="[1] org.springframework.web.testfixture.http.server.reactive.bootstrap.JettyHttpServer@288193dd" classname="org.springframework.web.reactive.result.method.annotation.CrossOriginAnnotationIntegrationTests" time="0.033"/>
  <testcase name="[2] org.springframework.web.testfixture.http.server.reactive.bootstrap.ReactorHttpServer@7c5a7253" classname="org.springframework.web.reactive.result.method.annotation.CrossOriginAnnotationIntegrationTests" time="0.032"/>
  <testcase name="[3] org.springframework.web.testfixture.http.server.reactive.bootstrap.TomcatHttpServer@7c499c2f" classname="org.springframework.web.reactive.result.method.annotation.CrossOriginAnnotationIntegrationTests" time="11.19"/>
  <testcase name="[4] org.springframework.web.testfixture.http.server.reactive.bootstrap.UndertowHttpServer@410c453f" classname="org.springframework.web.reactive.result.method.annotation.CrossOriginAnnotationIntegrationTests" time="0.042"/>
  <testcase name="[1] org.springframework.web.testfixture.http.server.reactive.bootstrap.JettyHttpServer@522ac223" classname="org.springframework.web.reactive.result.method.annotation.CrossOriginAnnotationIntegrationTests" time="0.039"/>
  <testcase name="[2] org.springframework.web.testfixture.http.server.reactive.bootstrap.ReactorHttpServer@6fe5d991" classname="org.springframework.web.reactive.result.method.annotation.CrossOriginAnnotationIntegrationTests" time="0.03"/>
  <testcase name="[3] org.springframework.web.testfixture.http.server.reactive.bootstrap.TomcatHttpServer@5ee57b4d" classname="org.springframework.web.reactive.result.method.annotation.CrossOriginAnnotationIntegrationTests" time="11.191"/>
  <testcase name="[4] org.springframework.web.testfixture.http.server.reactive.bootstrap.UndertowHttpServer@6857bf87" classname="org.springframework.web.reactive.result.method.annotation.CrossOriginAnnotationIntegrationTests" time="0.037"/>
  <testcase name="[1] org.springframework.web.testfixture.http.server.reactive.bootstrap.JettyHttpServer@27c6cd3c" classname="org.springframework.web.reactive.result.method.annotation.CrossOriginAnnotationIntegrationTests" time="0.041"/>
  <testcase name="[2] org.springframework.web.testfixture.http.server.reactive.bootstrap.ReactorHttpServer@6a453c06" classname="org.springframework.web.reactive.result.method.annotation.CrossOriginAnnotationIntegrationTests" time="0.034"/>
  <testcase name="[3] org.springframework.web.testfixture.http.server.reactive.bootstrap.TomcatHttpServer@30cc70e6" classname="org.springframework.web.reactive.result.method.annotation.CrossOriginAnnotationIntegrationTests" time="11.227"/>
  <testcase name="[4] org.springframework.web.testfixture.http.server.reactive.bootstrap.UndertowHttpServer@1232c419" classname="org.springframework.web.reactive.result.method.annotation.CrossOriginAnnotationIntegrationTests" time="0.04"/>
  <testcase name="[1] org.springframework.web.testfixture.http.server.reactive.bootstrap.JettyHttpServer@2395cf1b" classname="org.springframework.web.reactive.result.method.annotation.CrossOriginAnnotationIntegrationTests" time="0.031"/>
  <testcase name="[2] org.springframework.web.testfixture.http.server.reactive.bootstrap.ReactorHttpServer@5217466a" classname="org.springframework.web.reactive.result.method.annotation.CrossOriginAnnotationIntegrationTests" time="0.029"/>
  <testcase name="[3] org.springframework.web.testfixture.http.server.reactive.bootstrap.TomcatHttpServer@525ee4e7" classname="org.springframework.web.reactive.result.method.annotation.CrossOriginAnnotationIntegrationTests" time="11.241"/>
  <testcase name="[4] org.springframework.web.testfixture.http.server.reactive.bootstrap.UndertowHttpServer@67d07564" classname="org.springframework.web.reactive.result.method.annotation.CrossOriginAnnotationIntegrationTests" time="0.043"/>
  <testcase name="[1] org.springframework.web.testfixture.http.server.reactive.bootstrap.JettyHttpServer@3688da97" classname="org.springframework.web.reactive.result.method.annotation.CrossOriginAnnotationIntegrationTests" time="0.03"/>
  <testcase name="[2] org.springframework.web.testfixture.http.server.reactive.bootstrap.ReactorHttpServer@2311e818" classname="org.springframework.web.reactive.result.method.annotation.CrossOriginAnnotationIntegrationTests" time="0.028"/>
  <testcase name="[3] org.springframework.web.testfixture.http.server.reactive.bootstrap.TomcatHttpServer@5073ebb6" classname="org.springframework.web.reactive.result.method.annotation.CrossOriginAnnotationIntegrationTests" time="11.204"/>
  <testcase name="[4] org.springframework.web.testfixture.http.server.reactive.bootstrap.UndertowHttpServer@34e70d1b" classname="org.springframework.web.reactive.result.method.annotation.CrossOriginAnnotationIntegrationTests" time="0.038"/>
  <testcase name="[1] org.springframework.web.testfixture.http.server.reactive.bootstrap.JettyHttpServer@3e68001d" classname="org.springframework.web.reactive.result.method.annotation.CrossOriginAnnotationIntegrationTests" time="0.032"/>
  <testcase name="[2] org.springframework.web.testfixture.http.server.reactive.bootstrap.ReactorHttpServer@154027b2" classname="org.springframework.web.reactive.result.method.annotation.CrossOriginAnnotationIntegrationTests" time="0.038"/>
  <testcase name="[3] org.springframework.web.testfixture.http.server.reactive.bootstrap.TomcatHttpServer@6d1c9509" classname="org.springframework.web.reactive.result.method.annotation.CrossOriginAnnotationIntegrationTests" time="11.209"/>
  <testcase name="[4] org.springframework.web.testfixture.http.server.reactive.bootstrap.UndertowHttpServer@24c736fe" classname="org.springframework.web.reactive.result.method.annotation.CrossOriginAnnotationIntegrationTests" time="0.041"/>
  <testcase name="[1] org.springframework.web.testfixture.http.server.reactive.bootstrap.JettyHttpServer@5f4eccb6" classname="org.springframework.web.reactive.result.method.annotation.CrossOriginAnnotationIntegrationTests" time="0.031"/>
  <testcase name="[2] org.springframework.web.testfixture.http.server.reactive.bootstrap.ReactorHttpServer@15cdee02" classname="org.springframework.web.reactive.result.method.annotation.CrossOriginAnnotationIntegrationTests" time="0.03"/>
  <testcase name="[3] org.springframework.web.testfixture.http.server.reactive.bootstrap.TomcatHttpServer@1fb79060" classname="org.springframework.web.reactive.result.method.annotation.CrossOriginAnnotationIntegrationTests" time="11.173"/>
  <testcase name="[4] org.springframework.web.testfixture.http.server.reactive.bootstrap.UndertowHttpServer@48325d6b" classname="org.springframework.web.reactive.result.method.annotation.CrossOriginAnnotationIntegrationTests" time="0.044"/>
  <testcase name="[1] org.springframework.web.testfixture.http.server.reactive.bootstrap.JettyHttpServer@535cd74c" classname="org.springframework.web.reactive.result.method.annotation.CrossOriginAnnotationIntegrationTests" time="0.03"/>
  <testcase name="[2] org.springframework.web.testfixture.http.server.reactive.bootstrap.ReactorHttpServer@790f1ea" classname="org.springframework.web.reactive.result.method.annotation.CrossOriginAnnotationIntegrationTests" time="0.031"/>
  <testcase name="[3] org.springframework.web.testfixture.http.server.reactive.bootstrap.TomcatHttpServer@33c296b3" classname="org.springframework.web.reactive.result.method.annotation.CrossOriginAnnotationIntegrationTests" time="11.233"/>
  <testcase name="[4] org.springframework.web.testfixture.http.server.reactive.bootstrap.UndertowHttpServer@6a0d7acc" classname="org.springframework.web.reactive.result.method.annotation.CrossOriginAnnotationIntegrationTests" time="0.039"/>
  <testcase name="[1] org.springframework.web.testfixture.http.server.reactive.bootstrap.JettyHttpServer@57a96ee7" classname="org.springframework.web.reactive.result.method.annotation.CrossOriginAnnotationIntegrationTests" time="0.03"/>
  <testcase name="[2] org.springframework.web.testfixture.http.server.reactive.bootstrap.ReactorHttpServer@55471706" classname="org.springframework.web.reactive.result.method.annotation.CrossOriginAnnotationIntegrationTests" time="0.028"/>
  <testcase name="[3] org.springframework.web.testfixture.http.server.reactive.bootstrap.TomcatHttpServer@655ac82e" classname="org.springframework.web.reactive.result.method.annotation.CrossOriginAnnotationIntegrationTests" time="11.24"/>
  <testcase name="[4] org.springframework.web.testfixture.http.server.reactive.bootstrap.UndertowHttpServer@4e73e1ac" classname="org.springframework.web.reactive.result.method.annotation.CrossOriginAnnotationIntegrationTests" time="0.036"/>
  <testcase name="[1] org.springframework.web.testfixture.http.server.reactive.bootstrap.JettyHttpServer@516dfaad" classname="org.springframework.web.reactive.result.method.annotation.CrossOriginAnnotationIntegrationTests" time="0.031"/>
  <testcase name="[2] org.springframework.web.testfixture.http.server.reactive.bootstrap.ReactorHttpServer@797394f0" classname="org.springframework.web.reactive.result.method.annotation.CrossOriginAnnotationIntegrationTests" time="0.027"/>
  <testcase name="[3] org.springframework.web.testfixture.http.server.reactive.bootstrap.TomcatHttpServer@632a0fa8" classname="org.springframework.web.reactive.result.method.annotation.CrossOriginAnnotationIntegrationTests" time="11.24"/>
  <testcase name="[4] org.springframework.web.testfixture.http.server.reactive.bootstrap.UndertowHttpServer@1e2da1c3" classname="org.springframework.web.reactive.result.method.annotation.CrossOriginAnnotationIntegrationTests" time="0.04"/>
  <testcase name="[1] org.springframework.web.testfixture.http.server.reactive.bootstrap.JettyHttpServer@2ab4aa6b" classname="org.springframework.web.reactive.result.method.annotation.CrossOriginAnnotationIntegrationTests" time="0.037"/>
  <testcase name="[2] org.springframework.web.testfixture.http.server.reactive.bootstrap.ReactorHttpServer@76423d2" classname="org.springframework.web.reactive.result.method.annotation.CrossOriginAnnotationIntegrationTests" time="0.028"/>
  <testcase name="[3] org.springframework.web.testfixture.http.server.reactive.bootstrap.TomcatHttpServer@4765604e" classname="org.springframework.web.reactive.result.method.annotation.CrossOriginAnnotationIntegrationTests" time="11.219"/>
  <testcase name="[4] org.springframework.web.testfixture.http.server.reactive.bootstrap.UndertowHttpServer@777daab1" classname="org.springframework.web.reactive.result.method.annotation.CrossOriginAnnotationIntegrationTests" time="0.035"/>
  <system-out><![CDATA[17:49:54.088 [Test worker] DEBUG o.s.w.r.r.m.a.RequestMappingHandlerMapping - 18 mappings in 'requestMappingHandlerMapping'
17:49:54.097 [Test worker] DEBUG o.s.w.r.r.m.a.ControllerMethodResolver - ControllerAdvice beans: none
17:49:54.098 [Test worker] DEBUG o.s.w.s.a.HttpWebHandlerAdapter - enableLoggingRequestDetails='false': form data and headers will be masked to prevent unsafe logging of potentially sensitive data
17:49:54.099 [Test worker] WARN  o.e.j.s.h.ContextHandler - Empty contextPath
17:49:54.099 [Test worker] INFO  o.e.j.s.h.ContextHandler - Started o.e.j.s.ServletContextHandler@434128ad{/,null,AVAILABLE}
17:49:54.099 [Test worker] DEBUG o.s.w.t.h.s.r.b.JettyHttpServer - Starting JettyHttpServer...
17:49:54.099 [Test worker] INFO  o.e.j.s.Server - jetty-9.4.39.v20210325; built: 2021-03-25T14:42:11.471Z; git: 9fc7ca5a922f2a37b84ec9dbc26a5168cee7e667; jvm 1.8.0_181-b13
17:49:54.101 [Test worker] INFO  o.e.j.s.AbstractConnector - Started ServerConnector@479a3efc{HTTP/1.1, (http/1.1)}{0.0.0.0:53262}
17:49:54.101 [Test worker] INFO  o.e.j.s.Server - Started @161136ms
17:49:54.101 [Test worker] DEBUG o.s.w.t.h.s.r.b.JettyHttpServer - Server started on port 53262(0 millis).
17:49:54.106 [Test worker] DEBUG o.s.w.c.RestTemplate - HTTP GET http://localhost:53262/origin-placeholder
17:49:54.106 [Test worker] DEBUG o.s.w.c.RestTemplate - Accept=[text/plain, application/json, application/x-jackson-smile, application/*+json, */*]
17:49:54.141 [qtp1909236568-648] DEBUG o.s.w.s.a.HttpWebHandlerAdapter - [5418f97] HTTP GET "/origin-placeholder"
17:49:54.141 [qtp1909236568-648] DEBUG o.s.w.r.r.m.a.RequestMappingHandlerMapping - [5418f97] Mapped to org.springframework.web.reactive.result.method.annotation.CrossOriginAnnotationIntegrationTests$MethodLevelController#customOriginDefinedViaPlaceholder()
17:49:54.143 [qtp1909236568-648] DEBUG o.s.w.r.r.m.a.ResponseBodyResultHandler - [5418f97] Using 'text/plain;charset=UTF-8' given [text/plain, application/json, application/x-jackson-smile, application/*+json, */*] and supported [text/plain;charset=UTF-8, text/event-stream, text/plain;charset=UTF-8, */*]
17:49:54.143 [qtp1909236568-648] DEBUG o.s.w.r.r.m.a.ResponseBodyResultHandler - [5418f97] 0..1 [java.lang.String]
17:49:54.143 [qtp1909236568-648] DEBUG o.s.c.c.CharSequenceEncoder - [5418f97] Writing "placeholder"
17:49:54.144 [qtp1909236568-648] DEBUG o.s.w.s.a.HttpWebHandlerAdapter - [5418f97] Completed 200 OK
17:49:54.151 [Test worker] DEBUG o.s.w.c.RestTemplate - Response 200 OK
17:49:54.151 [Test worker] DEBUG o.s.w.c.RestTemplate - Reading to [java.lang.String] as "text/plain;charset=utf-8"
17:49:54.152 [Test worker] DEBUG o.s.w.t.h.s.r.b.JettyHttpServer - Stopping JettyHttpServer...
17:49:54.152 [Test worker] INFO  o.e.j.s.h.ContextHandler - Stopped o.e.j.s.ServletContextHandler@434128ad{/,null,STOPPED}
17:49:54.153 [Test worker] INFO  o.e.j.s.AbstractConnector - Stopped ServerConnector@479a3efc{HTTP/1.1, (http/1.1)}{0.0.0.0:0}
17:49:54.154 [Test worker] DEBUG o.s.w.t.h.s.r.b.JettyHttpServer - Server stopped (0 millis).
17:49:54.176 [Test worker] DEBUG o.s.w.r.r.m.a.RequestMappingHandlerMapping - 18 mappings in 'requestMappingHandlerMapping'
17:49:54.186 [Test worker] DEBUG o.s.w.r.r.m.a.ControllerMethodResolver - ControllerAdvice beans: none
17:49:54.188 [Test worker] DEBUG o.s.w.s.a.HttpWebHandlerAdapter - enableLoggingRequestDetails='false': form data and headers will be masked to prevent unsafe logging of potentially sensitive data
17:49:54.188 [Test worker] DEBUG o.s.w.t.h.s.r.b.ReactorHttpServer - Starting ReactorHttpServer...
17:49:54.188 [Test worker] DEBUG o.s.w.t.h.s.r.b.ReactorHttpServer - Server started on port 53264(0 millis).
17:49:54.188 [Test worker] DEBUG o.s.w.c.RestTemplate - HTTP GET http://localhost:53264/origin-placeholder
17:49:54.189 [Test worker] DEBUG o.s.w.c.RestTemplate - Accept=[text/plain, application/json, application/x-jackson-smile, application/*+json, */*]
17:49:54.190 [reactor-http-nio-1] DEBUG o.s.w.s.a.HttpWebHandlerAdapter - [6d24d0a4-1, L:/127.0.0.1:53264 - R:/127.0.0.1:53265] HTTP GET "/origin-placeholder"
17:49:54.190 [reactor-http-nio-1] DEBUG o.s.w.r.r.m.a.RequestMappingHandlerMapping - [6d24d0a4-1, L:/127.0.0.1:53264 - R:/127.0.0.1:53265] Mapped to org.springframework.web.reactive.result.method.annotation.CrossOriginAnnotationIntegrationTests$MethodLevelController#customOriginDefinedViaPlaceholder()
17:49:54.193 [reactor-http-nio-1] DEBUG o.s.w.r.r.m.a.ResponseBodyResultHandler - [6d24d0a4-1, L:/127.0.0.1:53264 - R:/127.0.0.1:53265] Using 'text/plain;charset=UTF-8' given [text/plain, application/json, application/x-jackson-smile, application/*+json, */*] and supported [text/plain;charset=UTF-8, text/event-stream, text/plain;charset=UTF-8, */*]
17:49:54.193 [reactor-http-nio-1] DEBUG o.s.w.r.r.m.a.ResponseBodyResultHandler - [6d24d0a4-1, L:/127.0.0.1:53264 - R:/127.0.0.1:53265] 0..1 [java.lang.String]
17:49:54.193 [reactor-http-nio-1] DEBUG o.s.c.c.CharSequenceEncoder - [6d24d0a4-1, L:/127.0.0.1:53264 - R:/127.0.0.1:53265] Writing "placeholder"
17:49:54.194 [reactor-http-nio-1] DEBUG o.s.w.s.a.HttpWebHandlerAdapter - [6d24d0a4-1, L:/127.0.0.1:53264 - R:/127.0.0.1:53265] Completed 200 OK
17:49:54.194 [Test worker] DEBUG o.s.w.c.RestTemplate - Response 200 OK
17:49:54.194 [Test worker] DEBUG o.s.w.c.RestTemplate - Reading to [java.lang.String] as "text/plain;charset=UTF-8"
17:49:54.195 [Test worker] DEBUG o.s.w.t.h.s.r.b.ReactorHttpServer - Stopping ReactorHttpServer...
17:49:54.195 [Test worker] DEBUG o.s.w.t.h.s.r.b.ReactorHttpServer - Server stopped (0 millis).
17:49:54.218 [Test worker] DEBUG o.s.w.r.r.m.a.RequestMappingHandlerMapping - 18 mappings in 'requestMappingHandlerMapping'
17:49:54.227 [Test worker] DEBUG o.s.w.r.r.m.a.ControllerMethodResolver - ControllerAdvice beans: none
17:49:54.229 [Test worker] DEBUG o.s.w.s.a.HttpWebHandlerAdapter - enableLoggingRequestDetails='false': form data and headers will be masked to prevent unsafe logging of potentially sensitive data
17:49:54.229 [Test worker] DEBUG o.s.w.t.h.s.r.b.TomcatHttpServer - Starting TomcatHttpServer...
17:49:54.234 [Test worker] DEBUG o.s.w.t.h.s.r.b.TomcatHttpServer - Server started on port 53266(0 millis).
17:49:54.234 [Test worker] DEBUG o.s.w.c.RestTemplate - HTTP GET http://localhost:53266/origin-placeholder
17:49:54.234 [Test worker] DEBUG o.s.w.c.RestTemplate - Accept=[text/plain, application/json, application/x-jackson-smile, application/*+json, */*]
17:49:54.236 [http-nio-auto-14-exec-1] DEBUG o.s.w.s.a.HttpWebHandlerAdapter - [353c4c0] HTTP GET "/origin-placeholder"
17:49:54.236 [http-nio-auto-14-exec-1] DEBUG o.s.w.r.r.m.a.RequestMappingHandlerMapping - [353c4c0] Mapped to org.springframework.web.reactive.result.method.annotation.CrossOriginAnnotationIntegrationTests$MethodLevelController#customOriginDefinedViaPlaceholder()
17:49:54.238 [http-nio-auto-14-exec-1] DEBUG o.s.w.r.r.m.a.ResponseBodyResultHandler - [353c4c0] Using 'text/plain;charset=UTF-8' given [text/plain, application/json, application/x-jackson-smile, application/*+json, */*] and supported [text/plain;charset=UTF-8, text/event-stream, text/plain;charset=UTF-8, */*]
17:49:54.238 [http-nio-auto-14-exec-1] DEBUG o.s.w.r.r.m.a.ResponseBodyResultHandler - [353c4c0] 0..1 [java.lang.String]
17:49:54.238 [http-nio-auto-14-exec-1] DEBUG o.s.c.c.CharSequenceEncoder - [353c4c0] Writing "placeholder"
17:49:54.239 [http-nio-auto-14-exec-1] DEBUG o.s.w.s.a.HttpWebHandlerAdapter - [353c4c0] Completed 200 OK
17:49:54.240 [Test worker] DEBUG o.s.w.c.RestTemplate - Response 200 OK
17:49:54.240 [Test worker] DEBUG o.s.w.c.RestTemplate - Reading to [java.lang.String] as "text/plain;charset=UTF-8"
17:49:54.240 [Test worker] DEBUG o.s.w.t.h.s.r.b.TomcatHttpServer - Stopping TomcatHttpServer...
17:50:05.408 [Test worker] DEBUG o.s.w.t.h.s.r.b.TomcatHttpServer - Server stopped (0 millis).
17:50:05.439 [Test worker] DEBUG o.s.w.r.r.m.a.RequestMappingHandlerMapping - 18 mappings in 'requestMappingHandlerMapping'
17:50:05.449 [Test worker] DEBUG o.s.w.r.r.m.a.ControllerMethodResolver - ControllerAdvice beans: none
17:50:05.451 [Test worker] DEBUG o.s.w.s.a.HttpWebHandlerAdapter - enableLoggingRequestDetails='false': form data and headers will be masked to prevent unsafe logging of potentially sensitive data
17:50:05.451 [Test worker] DEBUG o.s.w.t.h.s.r.b.UndertowHttpServer - Starting UndertowHttpServer...
17:50:05.451 [Test worker] INFO  i.undertow - starting server: Undertow - 2.2.7.Final
17:50:05.453 [Test worker] DEBUG o.s.w.t.h.s.r.b.UndertowHttpServer - Server started on port 53312(0 millis).
17:50:05.454 [Test worker] DEBUG o.s.w.c.RestTemplate - HTTP GET http://localhost:53312/origin-placeholder
17:50:05.454 [Test worker] DEBUG o.s.w.c.RestTemplate - Accept=[text/plain, application/json, application/x-jackson-smile, application/*+json, */*]
17:50:05.455 [XNIO-14 I/O-9] DEBUG o.s.w.s.a.HttpWebHandlerAdapter - [670abe27-14] HTTP GET "/origin-placeholder"
17:50:05.455 [XNIO-14 I/O-9] DEBUG o.s.w.r.r.m.a.RequestMappingHandlerMapping - [670abe27-14] Mapped to org.springframework.web.reactive.result.method.annotation.CrossOriginAnnotationIntegrationTests$MethodLevelController#customOriginDefinedViaPlaceholder()
17:50:05.457 [XNIO-14 I/O-9] DEBUG o.s.w.r.r.m.a.ResponseBodyResultHandler - [670abe27-14] Using 'text/plain;charset=UTF-8' given [text/plain, application/json, application/x-jackson-smile, application/*+json, */*] and supported [text/plain;charset=UTF-8, text/event-stream, text/plain;charset=UTF-8, */*]
17:50:05.457 [XNIO-14 I/O-9] DEBUG o.s.w.r.r.m.a.ResponseBodyResultHandler - [670abe27-14] 0..1 [java.lang.String]
17:50:05.457 [XNIO-14 I/O-9] DEBUG o.s.c.c.CharSequenceEncoder - [670abe27-14] Writing "placeholder"
17:50:05.457 [XNIO-14 I/O-9] DEBUG o.s.w.s.a.HttpWebHandlerAdapter - [670abe27-14] Completed 200 OK
17:50:05.458 [Test worker] DEBUG o.s.w.c.RestTemplate - Response 200 OK
17:50:05.458 [Test worker] DEBUG o.s.w.c.RestTemplate - Reading to [java.lang.String] as "text/plain;charset=UTF-8"
17:50:05.458 [Test worker] DEBUG o.s.w.t.h.s.r.b.UndertowHttpServer - Stopping UndertowHttpServer...
17:50:05.458 [Test worker] INFO  i.undertow - stopping server: Undertow - 2.2.7.Final
17:50:05.458 [Test worker] DEBUG o.s.w.t.h.s.r.b.UndertowHttpServer - Server stopped (0 millis).
17:50:05.480 [Test worker] DEBUG o.s.w.r.r.m.a.RequestMappingHandlerMapping - 18 mappings in 'requestMappingHandlerMapping'
17:50:05.490 [Test worker] DEBUG o.s.w.r.r.m.a.ControllerMethodResolver - ControllerAdvice beans: none
17:50:05.492 [Test worker] DEBUG o.s.w.s.a.HttpWebHandlerAdapter - enableLoggingRequestDetails='false': form data and headers will be masked to prevent unsafe logging of potentially sensitive data
17:50:05.492 [Test worker] WARN  o.e.j.s.h.ContextHandler - Empty contextPath
17:50:05.492 [Test worker] INFO  o.e.j.s.h.ContextHandler - Started o.e.j.s.ServletContextHandler@4bd12bd5{/,null,AVAILABLE}
17:50:05.492 [Test worker] DEBUG o.s.w.t.h.s.r.b.JettyHttpServer - Starting JettyHttpServer...
17:50:05.492 [Test worker] INFO  o.e.j.s.Server - jetty-9.4.39.v20210325; built: 2021-03-25T14:42:11.471Z; git: 9fc7ca5a922f2a37b84ec9dbc26a5168cee7e667; jvm 1.8.0_181-b13
17:50:05.494 [Test worker] INFO  o.e.j.s.AbstractConnector - Started ServerConnector@36a73c36{HTTP/1.1, (http/1.1)}{0.0.0.0:53314}
17:50:05.495 [Test worker] INFO  o.e.j.s.Server - Started @172529ms
17:50:05.495 [Test worker] DEBUG o.s.w.t.h.s.r.b.JettyHttpServer - Server started on port 53314(0 millis).
17:50:05.495 [Test worker] DEBUG o.s.w.c.RestTemplate - HTTP GET http://localhost:53314/origin-pattern-placeholder
17:50:05.495 [Test worker] DEBUG o.s.w.c.RestTemplate - Accept=[text/plain, application/json, application/x-jackson-smile, application/*+json, */*]
17:50:05.497 [qtp805750326-693] DEBUG o.s.w.s.a.HttpWebHandlerAdapter - [4465b10b] HTTP GET "/origin-pattern-placeholder"
17:50:05.497 [qtp805750326-693] DEBUG o.s.w.r.r.m.a.RequestMappingHandlerMapping - [4465b10b] Mapped to org.springframework.web.reactive.result.method.annotation.CrossOriginAnnotationIntegrationTests$MethodLevelController#customOriginPatternDefinedViaPlaceholder()
17:50:05.498 [qtp805750326-693] DEBUG o.s.w.r.r.m.a.ResponseBodyResultHandler - [4465b10b] Using 'text/plain;charset=UTF-8' given [text/plain, application/json, application/x-jackson-smile, application/*+json, */*] and supported [text/plain;charset=UTF-8, text/event-stream, text/plain;charset=UTF-8, */*]
17:50:05.498 [qtp805750326-693] DEBUG o.s.w.r.r.m.a.ResponseBodyResultHandler - [4465b10b] 0..1 [java.lang.String]
17:50:05.498 [qtp805750326-693] DEBUG o.s.c.c.CharSequenceEncoder - [4465b10b] Writing "pattern-placeholder"
17:50:05.498 [qtp805750326-693] DEBUG o.s.w.s.a.HttpWebHandlerAdapter - [4465b10b] Completed 200 OK
17:50:05.498 [Test worker] DEBUG o.s.w.c.RestTemplate - Response 200 OK
17:50:05.499 [Test worker] DEBUG o.s.w.c.RestTemplate - Reading to [java.lang.String] as "text/plain;charset=utf-8"
17:50:05.499 [Test worker] DEBUG o.s.w.t.h.s.r.b.JettyHttpServer - Stopping JettyHttpServer...
17:50:05.499 [Test worker] INFO  o.e.j.s.h.ContextHandler - Stopped o.e.j.s.ServletContextHandler@4bd12bd5{/,null,STOPPED}
17:50:05.500 [Test worker] INFO  o.e.j.s.AbstractConnector - Stopped ServerConnector@36a73c36{HTTP/1.1, (http/1.1)}{0.0.0.0:0}
17:50:05.500 [Test worker] DEBUG o.s.w.t.h.s.r.b.JettyHttpServer - Server stopped (0 millis).
17:50:05.524 [Test worker] DEBUG o.s.w.r.r.m.a.RequestMappingHandlerMapping - 18 mappings in 'requestMappingHandlerMapping'
17:50:05.541 [Test worker] DEBUG o.s.w.r.r.m.a.ControllerMethodResolver - ControllerAdvice beans: none
17:50:05.542 [Test worker] DEBUG o.s.w.s.a.HttpWebHandlerAdapter - enableLoggingRequestDetails='false': form data and headers will be masked to prevent unsafe logging of potentially sensitive data
17:50:05.542 [Test worker] DEBUG o.s.w.t.h.s.r.b.ReactorHttpServer - Starting ReactorHttpServer...
17:50:05.543 [Test worker] DEBUG o.s.w.t.h.s.r.b.ReactorHttpServer - Server started on port 53316(0 millis).
17:50:05.543 [Test worker] DEBUG o.s.w.c.RestTemplate - HTTP GET http://localhost:53316/origin-pattern-placeholder
17:50:05.543 [Test worker] DEBUG o.s.w.c.RestTemplate - Accept=[text/plain, application/json, application/x-jackson-smile, application/*+json, */*]
17:50:05.544 [reactor-http-nio-3] DEBUG o.s.w.s.a.HttpWebHandlerAdapter - [9b2e6355-1, L:/127.0.0.1:53316 - R:/127.0.0.1:53317] HTTP GET "/origin-pattern-placeholder"
17:50:05.544 [reactor-http-nio-3] DEBUG o.s.w.r.r.m.a.RequestMappingHandlerMapping - [9b2e6355-1, L:/127.0.0.1:53316 - R:/127.0.0.1:53317] Mapped to org.springframework.web.reactive.result.method.annotation.CrossOriginAnnotationIntegrationTests$MethodLevelController#customOriginPatternDefinedViaPlaceholder()
17:50:05.545 [reactor-http-nio-3] DEBUG o.s.w.r.r.m.a.ResponseBodyResultHandler - [9b2e6355-1, L:/127.0.0.1:53316 - R:/127.0.0.1:53317] Using 'text/plain;charset=UTF-8' given [text/plain, application/json, application/x-jackson-smile, application/*+json, */*] and supported [text/plain;charset=UTF-8, text/event-stream, text/plain;charset=UTF-8, */*]
17:50:05.545 [reactor-http-nio-3] DEBUG o.s.w.r.r.m.a.ResponseBodyResultHandler - [9b2e6355-1, L:/127.0.0.1:53316 - R:/127.0.0.1:53317] 0..1 [java.lang.String]
17:50:05.545 [reactor-http-nio-3] DEBUG o.s.c.c.CharSequenceEncoder - [9b2e6355-1, L:/127.0.0.1:53316 - R:/127.0.0.1:53317] Writing "pattern-placeholder"
17:50:05.546 [reactor-http-nio-3] DEBUG o.s.w.s.a.HttpWebHandlerAdapter - [9b2e6355-1, L:/127.0.0.1:53316 - R:/127.0.0.1:53317] Completed 200 OK
17:50:05.546 [Test worker] DEBUG o.s.w.c.RestTemplate - Response 200 OK
17:50:05.546 [Test worker] DEBUG o.s.w.c.RestTemplate - Reading to [java.lang.String] as "text/plain;charset=UTF-8"
17:50:05.546 [Test worker] DEBUG o.s.w.t.h.s.r.b.ReactorHttpServer - Stopping ReactorHttpServer...
17:50:05.547 [Test worker] DEBUG o.s.w.t.h.s.r.b.ReactorHttpServer - Server stopped (0 millis).
17:50:05.568 [Test worker] DEBUG o.s.w.r.r.m.a.RequestMappingHandlerMapping - 18 mappings in 'requestMappingHandlerMapping'
17:50:05.577 [Test worker] DEBUG o.s.w.r.r.m.a.ControllerMethodResolver - ControllerAdvice beans: none
17:50:05.578 [Test worker] DEBUG o.s.w.s.a.HttpWebHandlerAdapter - enableLoggingRequestDetails='false': form data and headers will be masked to prevent unsafe logging of potentially sensitive data
17:50:05.579 [Test worker] DEBUG o.s.w.t.h.s.r.b.TomcatHttpServer - Starting TomcatHttpServer...
17:50:05.583 [Test worker] DEBUG o.s.w.t.h.s.r.b.TomcatHttpServer - Server started on port 53318(0 millis).
17:50:05.583 [Test worker] DEBUG o.s.w.c.RestTemplate - HTTP GET http://localhost:53318/origin-pattern-placeholder
17:50:05.583 [Test worker] DEBUG o.s.w.c.RestTemplate - Accept=[text/plain, application/json, application/x-jackson-smile, application/*+json, */*]
17:50:05.585 [http-nio-auto-15-exec-1] DEBUG o.s.w.s.a.HttpWebHandlerAdapter - [42b5c436] HTTP GET "/origin-pattern-placeholder"
17:50:05.585 [http-nio-auto-15-exec-1] DEBUG o.s.w.r.r.m.a.RequestMappingHandlerMapping - [42b5c436] Mapped to org.springframework.web.reactive.result.method.annotation.CrossOriginAnnotationIntegrationTests$MethodLevelController#customOriginPatternDefinedViaPlaceholder()
17:50:05.586 [http-nio-auto-15-exec-1] DEBUG o.s.w.r.r.m.a.ResponseBodyResultHandler - [42b5c436] Using 'text/plain;charset=UTF-8' given [text/plain, application/json, application/x-jackson-smile, application/*+json, */*] and supported [text/plain;charset=UTF-8, text/event-stream, text/plain;charset=UTF-8, */*]
17:50:05.586 [http-nio-auto-15-exec-1] DEBUG o.s.w.r.r.m.a.ResponseBodyResultHandler - [42b5c436] 0..1 [java.lang.String]
17:50:05.586 [http-nio-auto-15-exec-1] DEBUG o.s.c.c.CharSequenceEncoder - [42b5c436] Writing "pattern-placeholder"
17:50:05.586 [http-nio-auto-15-exec-1] DEBUG o.s.w.s.a.HttpWebHandlerAdapter - [42b5c436] Completed 200 OK
17:50:05.587 [Test worker] DEBUG o.s.w.c.RestTemplate - Response 200 OK
17:50:05.587 [Test worker] DEBUG o.s.w.c.RestTemplate - Reading to [java.lang.String] as "text/plain;charset=UTF-8"
17:50:05.587 [Test worker] DEBUG o.s.w.t.h.s.r.b.TomcatHttpServer - Stopping TomcatHttpServer...
17:50:16.761 [Test worker] DEBUG o.s.w.t.h.s.r.b.TomcatHttpServer - Server stopped (0 millis).
17:50:16.788 [Test worker] DEBUG o.s.w.r.r.m.a.RequestMappingHandlerMapping - 18 mappings in 'requestMappingHandlerMapping'
17:50:16.797 [Test worker] DEBUG o.s.w.r.r.m.a.ControllerMethodResolver - ControllerAdvice beans: none
17:50:16.799 [Test worker] DEBUG o.s.w.s.a.HttpWebHandlerAdapter - enableLoggingRequestDetails='false': form data and headers will be masked to prevent unsafe logging of potentially sensitive data
17:50:16.799 [Test worker] DEBUG o.s.w.t.h.s.r.b.UndertowHttpServer - Starting UndertowHttpServer...
17:50:16.799 [Test worker] INFO  i.undertow - starting server: Undertow - 2.2.7.Final
17:50:16.802 [Test worker] DEBUG o.s.w.t.h.s.r.b.UndertowHttpServer - Server started on port 53352(0 millis).
17:50:16.802 [Test worker] DEBUG o.s.w.c.RestTemplate - HTTP GET http://localhost:53352/origin-pattern-placeholder
17:50:16.802 [Test worker] DEBUG o.s.w.c.RestTemplate - Accept=[text/plain, application/json, application/x-jackson-smile, application/*+json, */*]
17:50:16.804 [XNIO-15 I/O-8] DEBUG o.s.w.s.a.HttpWebHandlerAdapter - [2e38d4b1-15] HTTP GET "/origin-pattern-placeholder"
17:50:16.804 [XNIO-15 I/O-8] DEBUG o.s.w.r.r.m.a.RequestMappingHandlerMapping - [2e38d4b1-15] Mapped to org.springframework.web.reactive.result.method.annotation.CrossOriginAnnotationIntegrationTests$MethodLevelController#customOriginPatternDefinedViaPlaceholder()
17:50:16.804 [XNIO-15 I/O-8] DEBUG o.s.w.r.r.m.a.ResponseBodyResultHandler - [2e38d4b1-15] Using 'text/plain;charset=UTF-8' given [text/plain, application/json, application/x-jackson-smile, application/*+json, */*] and supported [text/plain;charset=UTF-8, text/event-stream, text/plain;charset=UTF-8, */*]
17:50:16.804 [XNIO-15 I/O-8] DEBUG o.s.w.r.r.m.a.ResponseBodyResultHandler - [2e38d4b1-15] 0..1 [java.lang.String]
17:50:16.804 [XNIO-15 I/O-8] DEBUG o.s.c.c.CharSequenceEncoder - [2e38d4b1-15] Writing "pattern-placeholder"
17:50:16.805 [XNIO-15 I/O-8] DEBUG o.s.w.s.a.HttpWebHandlerAdapter - [2e38d4b1-15] Completed 200 OK
17:50:16.805 [Test worker] DEBUG o.s.w.c.RestTemplate - Response 200 OK
17:50:16.805 [Test worker] DEBUG o.s.w.c.RestTemplate - Reading to [java.lang.String] as "text/plain;charset=UTF-8"
17:50:16.805 [Test worker] DEBUG o.s.w.t.h.s.r.b.UndertowHttpServer - Stopping UndertowHttpServer...
17:50:16.805 [Test worker] INFO  i.undertow - stopping server: Undertow - 2.2.7.Final
17:50:16.806 [Test worker] DEBUG o.s.w.t.h.s.r.b.UndertowHttpServer - Server stopped (0 millis).
17:50:16.831 [Test worker] DEBUG o.s.w.r.r.m.a.RequestMappingHandlerMapping - 18 mappings in 'requestMappingHandlerMapping'
17:50:16.842 [Test worker] DEBUG o.s.w.r.r.m.a.ControllerMethodResolver - ControllerAdvice beans: none
17:50:16.843 [Test worker] DEBUG o.s.w.s.a.HttpWebHandlerAdapter - enableLoggingRequestDetails='false': form data and headers will be masked to prevent unsafe logging of potentially sensitive data
17:50:16.843 [Test worker] WARN  o.e.j.s.h.ContextHandler - Empty contextPath
17:50:16.844 [Test worker] INFO  o.e.j.s.h.ContextHandler - Started o.e.j.s.ServletContextHandler@7dacd312{/,null,AVAILABLE}
17:50:16.844 [Test worker] DEBUG o.s.w.t.h.s.r.b.JettyHttpServer - Starting JettyHttpServer...
17:50:16.844 [Test worker] INFO  o.e.j.s.Server - jetty-9.4.39.v20210325; built: 2021-03-25T14:42:11.471Z; git: 9fc7ca5a922f2a37b84ec9dbc26a5168cee7e667; jvm 1.8.0_181-b13
17:50:16.845 [Test worker] INFO  o.e.j.s.AbstractConnector - Started ServerConnector@66acb829{HTTP/1.1, (http/1.1)}{0.0.0.0:53354}
17:50:16.845 [Test worker] INFO  o.e.j.s.Server - Started @183879ms
17:50:16.845 [Test worker] DEBUG o.s.w.t.h.s.r.b.JettyHttpServer - Server started on port 53354(0 millis).
17:50:16.845 [Test worker] DEBUG o.s.w.c.RestTemplate - HTTP GET http://localhost:53354/no
17:50:16.845 [Test worker] DEBUG o.s.w.c.RestTemplate - Accept=[text/plain, application/json, application/x-jackson-smile, application/*+json, */*]
17:50:16.847 [qtp721431611-738] DEBUG o.s.w.s.a.HttpWebHandlerAdapter - [3ba7fc00] HTTP GET "/no"
17:50:16.847 [qtp721431611-738] DEBUG o.s.w.r.r.m.a.RequestMappingHandlerMapping - [3ba7fc00] Mapped to org.springframework.web.reactive.result.method.annotation.CrossOriginAnnotationIntegrationTests$MethodLevelController#noAnnotation()
17:50:16.848 [qtp721431611-738] DEBUG o.s.w.r.r.m.a.ResponseBodyResultHandler - [3ba7fc00] Using 'text/plain;charset=UTF-8' given [text/plain, application/json, application/x-jackson-smile, application/*+json, */*] and supported [text/plain;charset=UTF-8, text/event-stream, text/plain;charset=UTF-8, */*]
17:50:16.848 [qtp721431611-738] DEBUG o.s.w.r.r.m.a.ResponseBodyResultHandler - [3ba7fc00] 0..1 [java.lang.String]
17:50:16.848 [qtp721431611-738] DEBUG o.s.c.c.CharSequenceEncoder - [3ba7fc00] Writing "no"
17:50:16.848 [qtp721431611-738] DEBUG o.s.w.s.a.HttpWebHandlerAdapter - [3ba7fc00] Completed 200 OK
17:50:16.848 [Test worker] DEBUG o.s.w.c.RestTemplate - Response 200 OK
17:50:16.848 [Test worker] DEBUG o.s.w.c.RestTemplate - Reading to [java.lang.String] as "text/plain;charset=utf-8"
17:50:16.848 [Test worker] DEBUG o.s.w.t.h.s.r.b.JettyHttpServer - Stopping JettyHttpServer...
17:50:16.849 [Test worker] INFO  o.e.j.s.h.ContextHandler - Stopped o.e.j.s.ServletContextHandler@7dacd312{/,null,STOPPED}
17:50:16.849 [Test worker] INFO  o.e.j.s.AbstractConnector - Stopped ServerConnector@66acb829{HTTP/1.1, (http/1.1)}{0.0.0.0:0}
17:50:16.850 [Test worker] DEBUG o.s.w.t.h.s.r.b.JettyHttpServer - Server stopped (0 millis).
17:50:16.872 [Test worker] DEBUG o.s.w.r.r.m.a.RequestMappingHandlerMapping - 18 mappings in 'requestMappingHandlerMapping'
17:50:16.882 [Test worker] DEBUG o.s.w.r.r.m.a.ControllerMethodResolver - ControllerAdvice beans: none
17:50:16.883 [Test worker] DEBUG o.s.w.s.a.HttpWebHandlerAdapter - enableLoggingRequestDetails='false': form data and headers will be masked to prevent unsafe logging of potentially sensitive data
17:50:16.883 [Test worker] DEBUG o.s.w.t.h.s.r.b.ReactorHttpServer - Starting ReactorHttpServer...
17:50:16.884 [Test worker] DEBUG o.s.w.t.h.s.r.b.ReactorHttpServer - Server started on port 53356(0 millis).
17:50:16.884 [Test worker] DEBUG o.s.w.c.RestTemplate - HTTP GET http://localhost:53356/no
17:50:16.884 [Test worker] DEBUG o.s.w.c.RestTemplate - Accept=[text/plain, application/json, application/x-jackson-smile, application/*+json, */*]
17:50:16.886 [reactor-http-nio-5] DEBUG o.s.w.s.a.HttpWebHandlerAdapter - [6f99c519-1, L:/127.0.0.1:53356 - R:/127.0.0.1:53357] HTTP GET "/no"
17:50:16.886 [reactor-http-nio-5] DEBUG o.s.w.r.r.m.a.RequestMappingHandlerMapping - [6f99c519-1, L:/127.0.0.1:53356 - R:/127.0.0.1:53357] Mapped to org.springframework.web.reactive.result.method.annotation.CrossOriginAnnotationIntegrationTests$MethodLevelController#noAnnotation()
17:50:16.887 [reactor-http-nio-5] DEBUG o.s.w.r.r.m.a.ResponseBodyResultHandler - [6f99c519-1, L:/127.0.0.1:53356 - R:/127.0.0.1:53357] Using 'text/plain;charset=UTF-8' given [text/plain, application/json, application/x-jackson-smile, application/*+json, */*] and supported [text/plain;charset=UTF-8, text/event-stream, text/plain;charset=UTF-8, */*]
17:50:16.887 [reactor-http-nio-5] DEBUG o.s.w.r.r.m.a.ResponseBodyResultHandler - [6f99c519-1, L:/127.0.0.1:53356 - R:/127.0.0.1:53357] 0..1 [java.lang.String]
17:50:16.887 [reactor-http-nio-5] DEBUG o.s.c.c.CharSequenceEncoder - [6f99c519-1, L:/127.0.0.1:53356 - R:/127.0.0.1:53357] Writing "no"
17:50:16.888 [reactor-http-nio-5] DEBUG o.s.w.s.a.HttpWebHandlerAdapter - [6f99c519-1, L:/127.0.0.1:53356 - R:/127.0.0.1:53357] Completed 200 OK
17:50:16.888 [Test worker] DEBUG o.s.w.c.RestTemplate - Response 200 OK
17:50:16.888 [Test worker] DEBUG o.s.w.c.RestTemplate - Reading to [java.lang.String] as "text/plain;charset=UTF-8"
17:50:16.888 [Test worker] DEBUG o.s.w.t.h.s.r.b.ReactorHttpServer - Stopping ReactorHttpServer...
17:50:16.888 [Test worker] DEBUG o.s.w.t.h.s.r.b.ReactorHttpServer - Server stopped (0 millis).
17:50:16.911 [Test worker] DEBUG o.s.w.r.r.m.a.RequestMappingHandlerMapping - 18 mappings in 'requestMappingHandlerMapping'
17:50:16.922 [Test worker] DEBUG o.s.w.r.r.m.a.ControllerMethodResolver - ControllerAdvice beans: none
17:50:16.923 [Test worker] DEBUG o.s.w.s.a.HttpWebHandlerAdapter - enableLoggingRequestDetails='false': form data and headers will be masked to prevent unsafe logging of potentially sensitive data
17:50:16.924 [Test worker] DEBUG o.s.w.t.h.s.r.b.TomcatHttpServer - Starting TomcatHttpServer...
17:50:16.930 [Test worker] DEBUG o.s.w.t.h.s.r.b.TomcatHttpServer - Server started on port 53358(0 millis).
17:50:16.930 [Test worker] DEBUG o.s.w.c.RestTemplate - HTTP GET http://localhost:53358/no
17:50:16.931 [Test worker] DEBUG o.s.w.c.RestTemplate - Accept=[text/plain, application/json, application/x-jackson-smile, application/*+json, */*]
17:50:16.933 [http-nio-auto-16-exec-1] DEBUG o.s.w.s.a.HttpWebHandlerAdapter - [63325f95] HTTP GET "/no"
17:50:16.933 [http-nio-auto-16-exec-1] DEBUG o.s.w.r.r.m.a.RequestMappingHandlerMapping - [63325f95] Mapped to org.springframework.web.reactive.result.method.annotation.CrossOriginAnnotationIntegrationTests$MethodLevelController#noAnnotation()
17:50:16.934 [http-nio-auto-16-exec-1] DEBUG o.s.w.r.r.m.a.ResponseBodyResultHandler - [63325f95] Using 'text/plain;charset=UTF-8' given [text/plain, application/json, application/x-jackson-smile, application/*+json, */*] and supported [text/plain;charset=UTF-8, text/event-stream, text/plain;charset=UTF-8, */*]
17:50:16.934 [http-nio-auto-16-exec-1] DEBUG o.s.w.r.r.m.a.ResponseBodyResultHandler - [63325f95] 0..1 [java.lang.String]
17:50:16.934 [http-nio-auto-16-exec-1] DEBUG o.s.c.c.CharSequenceEncoder - [63325f95] Writing "no"
17:50:16.935 [http-nio-auto-16-exec-1] DEBUG o.s.w.s.a.HttpWebHandlerAdapter - [63325f95] Completed 200 OK
17:50:16.936 [Test worker] DEBUG o.s.w.c.RestTemplate - Response 200 OK
17:50:16.936 [Test worker] DEBUG o.s.w.c.RestTemplate - Reading to [java.lang.String] as "text/plain;charset=UTF-8"
17:50:16.936 [Test worker] DEBUG o.s.w.t.h.s.r.b.TomcatHttpServer - Stopping TomcatHttpServer...
17:50:28.102 [Test worker] DEBUG o.s.w.t.h.s.r.b.TomcatHttpServer - Server stopped (0 millis).
17:50:28.128 [Test worker] DEBUG o.s.w.r.r.m.a.RequestMappingHandlerMapping - 18 mappings in 'requestMappingHandlerMapping'
17:50:28.138 [Test worker] DEBUG o.s.w.r.r.m.a.ControllerMethodResolver - ControllerAdvice beans: none
17:50:28.140 [Test worker] DEBUG o.s.w.s.a.HttpWebHandlerAdapter - enableLoggingRequestDetails='false': form data and headers will be masked to prevent unsafe logging of potentially sensitive data
17:50:28.140 [Test worker] DEBUG o.s.w.t.h.s.r.b.UndertowHttpServer - Starting UndertowHttpServer...
17:50:28.140 [Test worker] INFO  i.undertow - starting server: Undertow - 2.2.7.Final
17:50:28.143 [Test worker] DEBUG o.s.w.t.h.s.r.b.UndertowHttpServer - Server started on port 53392(0 millis).
17:50:28.143 [Test worker] DEBUG o.s.w.c.RestTemplate - HTTP GET http://localhost:53392/no
17:50:28.144 [Test worker] DEBUG o.s.w.c.RestTemplate - Accept=[text/plain, application/json, application/x-jackson-smile, application/*+json, */*]
17:50:28.145 [XNIO-16 I/O-10] DEBUG o.s.w.s.a.HttpWebHandlerAdapter - [24c6d706-16] HTTP GET "/no"
17:50:28.146 [XNIO-16 I/O-10] DEBUG o.s.w.r.r.m.a.RequestMappingHandlerMapping - [24c6d706-16] Mapped to org.springframework.web.reactive.result.method.annotation.CrossOriginAnnotationIntegrationTests$MethodLevelController#noAnnotation()
17:50:28.146 [XNIO-16 I/O-10] DEBUG o.s.w.r.r.m.a.ResponseBodyResultHandler - [24c6d706-16] Using 'text/plain;charset=UTF-8' given [text/plain, application/json, application/x-jackson-smile, application/*+json, */*] and supported [text/plain;charset=UTF-8, text/event-stream, text/plain;charset=UTF-8, */*]
17:50:28.146 [XNIO-16 I/O-10] DEBUG o.s.w.r.r.m.a.ResponseBodyResultHandler - [24c6d706-16] 0..1 [java.lang.String]
17:50:28.146 [XNIO-16 I/O-10] DEBUG o.s.c.c.CharSequenceEncoder - [24c6d706-16] Writing "no"
17:50:28.147 [XNIO-16 I/O-10] DEBUG o.s.w.s.a.HttpWebHandlerAdapter - [24c6d706-16] Completed 200 OK
17:50:28.147 [Test worker] DEBUG o.s.w.c.RestTemplate - Response 200 OK
17:50:28.147 [Test worker] DEBUG o.s.w.c.RestTemplate - Reading to [java.lang.String] as "text/plain;charset=UTF-8"
17:50:28.147 [Test worker] DEBUG o.s.w.t.h.s.r.b.UndertowHttpServer - Stopping UndertowHttpServer...
17:50:28.147 [Test worker] INFO  i.undertow - stopping server: Undertow - 2.2.7.Final
17:50:28.148 [Test worker] DEBUG o.s.w.t.h.s.r.b.UndertowHttpServer - Server stopped (0 millis).
17:50:28.179 [Test worker] DEBUG o.s.w.r.r.m.a.RequestMappingHandlerMapping - 18 mappings in 'requestMappingHandlerMapping'
17:50:28.189 [Test worker] DEBUG o.s.w.r.r.m.a.ControllerMethodResolver - ControllerAdvice beans: none
17:50:28.192 [Test worker] DEBUG o.s.w.s.a.HttpWebHandlerAdapter - enableLoggingRequestDetails='false': form data and headers will be masked to prevent unsafe logging of potentially sensitive data
17:50:28.192 [Test worker] WARN  o.e.j.s.h.ContextHandler - Empty contextPath
17:50:28.192 [Test worker] INFO  o.e.j.s.h.ContextHandler - Started o.e.j.s.ServletContextHandler@642b9dff{/,null,AVAILABLE}
17:50:28.192 [Test worker] DEBUG o.s.w.t.h.s.r.b.JettyHttpServer - Starting JettyHttpServer...
17:50:28.192 [Test worker] INFO  o.e.j.s.Server - jetty-9.4.39.v20210325; built: 2021-03-25T14:42:11.471Z; git: 9fc7ca5a922f2a37b84ec9dbc26a5168cee7e667; jvm 1.8.0_181-b13
17:50:28.194 [Test worker] INFO  o.e.j.s.AbstractConnector - Started ServerConnector@2adbf413{HTTP/1.1, (http/1.1)}{0.0.0.0:53394}
17:50:28.194 [Test worker] INFO  o.e.j.s.Server - Started @195228ms
17:50:28.194 [Test worker] DEBUG o.s.w.t.h.s.r.b.JettyHttpServer - Server started on port 53394(0 millis).
17:50:28.194 [Test worker] DEBUG o.s.w.c.RestTemplate - HTTP GET http://localhost:53394/origin-value-attribute
17:50:28.194 [Test worker] DEBUG o.s.w.c.RestTemplate - Accept=[text/plain, application/json, application/x-jackson-smile, application/*+json, */*]
17:50:28.196 [qtp1695330080-783] DEBUG o.s.w.s.a.HttpWebHandlerAdapter - [22232caf] HTTP GET "/origin-value-attribute"
17:50:28.196 [qtp1695330080-783] DEBUG o.s.w.r.r.m.a.RequestMappingHandlerMapping - [22232caf] Mapped to org.springframework.web.reactive.result.method.annotation.CrossOriginAnnotationIntegrationTests$MethodLevelController#customOriginDefinedViaValueAttribute()
17:50:28.197 [qtp1695330080-783] DEBUG o.s.w.r.r.m.a.ResponseBodyResultHandler - [22232caf] Using 'text/plain;charset=UTF-8' given [text/plain, application/json, application/x-jackson-smile, application/*+json, */*] and supported [text/plain;charset=UTF-8, text/event-stream, text/plain;charset=UTF-8, */*]
17:50:28.197 [qtp1695330080-783] DEBUG o.s.w.r.r.m.a.ResponseBodyResultHandler - [22232caf] 0..1 [java.lang.String]
17:50:28.197 [qtp1695330080-783] DEBUG o.s.c.c.CharSequenceEncoder - [22232caf] Writing "value-attribute"
17:50:28.197 [qtp1695330080-783] DEBUG o.s.w.s.a.HttpWebHandlerAdapter - [22232caf] Completed 200 OK
17:50:28.197 [Test worker] DEBUG o.s.w.c.RestTemplate - Response 200 OK
17:50:28.197 [Test worker] DEBUG o.s.w.c.RestTemplate - Reading to [java.lang.String] as "text/plain;charset=utf-8"
17:50:28.198 [Test worker] DEBUG o.s.w.t.h.s.r.b.JettyHttpServer - Stopping JettyHttpServer...
17:50:28.198 [Test worker] INFO  o.e.j.s.h.ContextHandler - Stopped o.e.j.s.ServletContextHandler@642b9dff{/,null,STOPPED}
17:50:28.199 [Test worker] INFO  o.e.j.s.AbstractConnector - Stopped ServerConnector@2adbf413{HTTP/1.1, (http/1.1)}{0.0.0.0:0}
17:50:28.199 [Test worker] DEBUG o.s.w.t.h.s.r.b.JettyHttpServer - Server stopped (0 millis).
17:50:28.223 [Test worker] DEBUG o.s.w.r.r.m.a.RequestMappingHandlerMapping - 18 mappings in 'requestMappingHandlerMapping'
17:50:28.234 [Test worker] DEBUG o.s.w.r.r.m.a.ControllerMethodResolver - ControllerAdvice beans: none
17:50:28.236 [Test worker] DEBUG o.s.w.s.a.HttpWebHandlerAdapter - enableLoggingRequestDetails='false': form data and headers will be masked to prevent unsafe logging of potentially sensitive data
17:50:28.236 [Test worker] DEBUG o.s.w.t.h.s.r.b.ReactorHttpServer - Starting ReactorHttpServer...
17:50:28.236 [Test worker] DEBUG o.s.w.t.h.s.r.b.ReactorHttpServer - Server started on port 53396(0 millis).
17:50:28.236 [Test worker] DEBUG o.s.w.c.RestTemplate - HTTP GET http://localhost:53396/origin-value-attribute
17:50:28.237 [Test worker] DEBUG o.s.w.c.RestTemplate - Accept=[text/plain, application/json, application/x-jackson-smile, application/*+json, */*]
17:50:28.238 [reactor-http-nio-7] DEBUG o.s.w.s.a.HttpWebHandlerAdapter - [11c1229a-1, L:/127.0.0.1:53396 - R:/127.0.0.1:53397] HTTP GET "/origin-value-attribute"
17:50:28.238 [reactor-http-nio-7] DEBUG o.s.w.r.r.m.a.RequestMappingHandlerMapping - [11c1229a-1, L:/127.0.0.1:53396 - R:/127.0.0.1:53397] Mapped to org.springframework.web.reactive.result.method.annotation.CrossOriginAnnotationIntegrationTests$MethodLevelController#customOriginDefinedViaValueAttribute()
17:50:28.239 [reactor-http-nio-7] DEBUG o.s.w.r.r.m.a.ResponseBodyResultHandler - [11c1229a-1, L:/127.0.0.1:53396 - R:/127.0.0.1:53397] Using 'text/plain;charset=UTF-8' given [text/plain, application/json, application/x-jackson-smile, application/*+json, */*] and supported [text/plain;charset=UTF-8, text/event-stream, text/plain;charset=UTF-8, */*]
17:50:28.239 [reactor-http-nio-7] DEBUG o.s.w.r.r.m.a.ResponseBodyResultHandler - [11c1229a-1, L:/127.0.0.1:53396 - R:/127.0.0.1:53397] 0..1 [java.lang.String]
17:50:28.239 [reactor-http-nio-7] DEBUG o.s.c.c.CharSequenceEncoder - [11c1229a-1, L:/127.0.0.1:53396 - R:/127.0.0.1:53397] Writing "value-attribute"
17:50:28.241 [reactor-http-nio-7] DEBUG o.s.w.s.a.HttpWebHandlerAdapter - [11c1229a-1, L:/127.0.0.1:53396 - R:/127.0.0.1:53397] Completed 200 OK
17:50:28.241 [Test worker] DEBUG o.s.w.c.RestTemplate - Response 200 OK
17:50:28.241 [Test worker] DEBUG o.s.w.c.RestTemplate - Reading to [java.lang.String] as "text/plain;charset=UTF-8"
17:50:28.241 [Test worker] DEBUG o.s.w.t.h.s.r.b.ReactorHttpServer - Stopping ReactorHttpServer...
17:50:28.241 [Test worker] DEBUG o.s.w.t.h.s.r.b.ReactorHttpServer - Server stopped (0 millis).
17:50:28.264 [Test worker] DEBUG o.s.w.r.r.m.a.RequestMappingHandlerMapping - 18 mappings in 'requestMappingHandlerMapping'
17:50:28.275 [Test worker] DEBUG o.s.w.r.r.m.a.ControllerMethodResolver - ControllerAdvice beans: none
17:50:28.277 [Test worker] DEBUG o.s.w.s.a.HttpWebHandlerAdapter - enableLoggingRequestDetails='false': form data and headers will be masked to prevent unsafe logging of potentially sensitive data
17:50:28.277 [Test worker] DEBUG o.s.w.t.h.s.r.b.TomcatHttpServer - Starting TomcatHttpServer...
17:50:28.282 [Test worker] DEBUG o.s.w.t.h.s.r.b.TomcatHttpServer - Server started on port 53398(0 millis).
17:50:28.282 [Test worker] DEBUG o.s.w.c.RestTemplate - HTTP GET http://localhost:53398/origin-value-attribute
17:50:28.282 [Test worker] DEBUG o.s.w.c.RestTemplate - Accept=[text/plain, application/json, application/x-jackson-smile, application/*+json, */*]
17:50:28.284 [http-nio-auto-17-exec-1] DEBUG o.s.w.s.a.HttpWebHandlerAdapter - [670c73fc] HTTP GET "/origin-value-attribute"
17:50:28.285 [http-nio-auto-17-exec-1] DEBUG o.s.w.r.r.m.a.RequestMappingHandlerMapping - [670c73fc] Mapped to org.springframework.web.reactive.result.method.annotation.CrossOriginAnnotationIntegrationTests$MethodLevelController#customOriginDefinedViaValueAttribute()
17:50:28.285 [http-nio-auto-17-exec-1] DEBUG o.s.w.r.r.m.a.ResponseBodyResultHandler - [670c73fc] Using 'text/plain;charset=UTF-8' given [text/plain, application/json, application/x-jackson-smile, application/*+json, */*] and supported [text/plain;charset=UTF-8, text/event-stream, text/plain;charset=UTF-8, */*]
17:50:28.285 [http-nio-auto-17-exec-1] DEBUG o.s.w.r.r.m.a.ResponseBodyResultHandler - [670c73fc] 0..1 [java.lang.String]
17:50:28.285 [http-nio-auto-17-exec-1] DEBUG o.s.c.c.CharSequenceEncoder - [670c73fc] Writing "value-attribute"
17:50:28.286 [http-nio-auto-17-exec-1] DEBUG o.s.w.s.a.HttpWebHandlerAdapter - [670c73fc] Completed 200 OK
17:50:28.286 [Test worker] DEBUG o.s.w.c.RestTemplate - Response 200 OK
17:50:28.287 [Test worker] DEBUG o.s.w.c.RestTemplate - Reading to [java.lang.String] as "text/plain;charset=UTF-8"
17:50:28.287 [Test worker] DEBUG o.s.w.t.h.s.r.b.TomcatHttpServer - Stopping TomcatHttpServer...
17:50:39.422 [Test worker] DEBUG o.s.w.t.h.s.r.b.TomcatHttpServer - Server stopped (0 millis).
17:50:39.454 [Test worker] DEBUG o.s.w.r.r.m.a.RequestMappingHandlerMapping - 18 mappings in 'requestMappingHandlerMapping'
17:50:39.464 [Test worker] DEBUG o.s.w.r.r.m.a.ControllerMethodResolver - ControllerAdvice beans: none
17:50:39.465 [Test worker] DEBUG o.s.w.s.a.HttpWebHandlerAdapter - enableLoggingRequestDetails='false': form data and headers will be masked to prevent unsafe logging of potentially sensitive data
17:50:39.465 [Test worker] DEBUG o.s.w.t.h.s.r.b.UndertowHttpServer - Starting UndertowHttpServer...
17:50:39.466 [Test worker] INFO  i.undertow - starting server: Undertow - 2.2.7.Final
17:50:39.468 [Test worker] DEBUG o.s.w.t.h.s.r.b.UndertowHttpServer - Server started on port 53440(0 millis).
17:50:39.469 [Test worker] DEBUG o.s.w.c.RestTemplate - HTTP GET http://localhost:53440/origin-value-attribute
17:50:39.469 [Test worker] DEBUG o.s.w.c.RestTemplate - Accept=[text/plain, application/json, application/x-jackson-smile, application/*+json, */*]
17:50:39.470 [XNIO-17 I/O-12] DEBUG o.s.w.s.a.HttpWebHandlerAdapter - [563b8b15-17] HTTP GET "/origin-value-attribute"
17:50:39.470 [XNIO-17 I/O-12] DEBUG o.s.w.r.r.m.a.RequestMappingHandlerMapping - [563b8b15-17] Mapped to org.springframework.web.reactive.result.method.annotation.CrossOriginAnnotationIntegrationTests$MethodLevelController#customOriginDefinedViaValueAttribute()
17:50:39.471 [XNIO-17 I/O-12] DEBUG o.s.w.r.r.m.a.ResponseBodyResultHandler - [563b8b15-17] Using 'text/plain;charset=UTF-8' given [text/plain, application/json, application/x-jackson-smile, application/*+json, */*] and supported [text/plain;charset=UTF-8, text/event-stream, text/plain;charset=UTF-8, */*]
17:50:39.471 [XNIO-17 I/O-12] DEBUG o.s.w.r.r.m.a.ResponseBodyResultHandler - [563b8b15-17] 0..1 [java.lang.String]
17:50:39.471 [XNIO-17 I/O-12] DEBUG o.s.c.c.CharSequenceEncoder - [563b8b15-17] Writing "value-attribute"
17:50:39.471 [XNIO-17 I/O-12] DEBUG o.s.w.s.a.HttpWebHandlerAdapter - [563b8b15-17] Completed 200 OK
17:50:39.471 [Test worker] DEBUG o.s.w.c.RestTemplate - Response 200 OK
17:50:39.471 [Test worker] DEBUG o.s.w.c.RestTemplate - Reading to [java.lang.String] as "text/plain;charset=UTF-8"
17:50:39.472 [Test worker] DEBUG o.s.w.t.h.s.r.b.UndertowHttpServer - Stopping UndertowHttpServer...
17:50:39.472 [Test worker] INFO  i.undertow - stopping server: Undertow - 2.2.7.Final
17:50:39.472 [Test worker] DEBUG o.s.w.t.h.s.r.b.UndertowHttpServer - Server stopped (0 millis).
17:50:39.494 [Test worker] DEBUG o.s.w.r.r.m.a.RequestMappingHandlerMapping - 18 mappings in 'requestMappingHandlerMapping'
17:50:39.504 [Test worker] DEBUG o.s.w.r.r.m.a.ControllerMethodResolver - ControllerAdvice beans: none
17:50:39.505 [Test worker] DEBUG o.s.w.s.a.HttpWebHandlerAdapter - enableLoggingRequestDetails='false': form data and headers will be masked to prevent unsafe logging of potentially sensitive data
17:50:39.505 [Test worker] WARN  o.e.j.s.h.ContextHandler - Empty contextPath
17:50:39.505 [Test worker] INFO  o.e.j.s.h.ContextHandler - Started o.e.j.s.ServletContextHandler@14320195{/,null,AVAILABLE}
17:50:39.505 [Test worker] DEBUG o.s.w.t.h.s.r.b.JettyHttpServer - Starting JettyHttpServer...
17:50:39.506 [Test worker] INFO  o.e.j.s.Server - jetty-9.4.39.v20210325; built: 2021-03-25T14:42:11.471Z; git: 9fc7ca5a922f2a37b84ec9dbc26a5168cee7e667; jvm 1.8.0_181-b13
17:50:39.507 [Test worker] INFO  o.e.j.s.AbstractConnector - Started ServerConnector@5edea89{HTTP/1.1, (http/1.1)}{0.0.0.0:53442}
17:50:39.507 [Test worker] INFO  o.e.j.s.Server - Started @206540ms
17:50:39.507 [Test worker] DEBUG o.s.w.t.h.s.r.b.JettyHttpServer - Server started on port 53442(0 millis).
17:50:39.507 [Test worker] DEBUG o.s.w.c.RestTemplate - HTTP GET http://localhost:53442/foo
17:50:39.507 [Test worker] DEBUG o.s.w.c.RestTemplate - Accept=[text/plain, application/json, application/x-jackson-smile, application/*+json, */*]
17:50:39.508 [qtp464026890-828] DEBUG o.s.w.s.a.HttpWebHandlerAdapter - [f53c187] HTTP GET "/foo"
17:50:39.508 [qtp464026890-828] DEBUG o.s.w.r.r.m.a.RequestMappingHandlerMapping - [f53c187] Mapped to org.springframework.web.reactive.result.method.annotation.CrossOriginAnnotationIntegrationTests$ClassLevelController#foo()
17:50:39.509 [qtp464026890-828] DEBUG o.s.w.r.r.m.a.ResponseBodyResultHandler - [f53c187] Using 'text/plain;charset=UTF-8' given [text/plain, application/json, application/x-jackson-smile, application/*+json, */*] and supported [text/plain;charset=UTF-8, text/event-stream, text/plain;charset=UTF-8, */*]
17:50:39.509 [qtp464026890-828] DEBUG o.s.w.r.r.m.a.ResponseBodyResultHandler - [f53c187] 0..1 [java.lang.String]
17:50:39.509 [qtp464026890-828] DEBUG o.s.c.c.CharSequenceEncoder - [f53c187] Writing "foo"
17:50:39.509 [qtp464026890-828] DEBUG o.s.w.s.a.HttpWebHandlerAdapter - [f53c187] Completed 200 OK
17:50:39.509 [Test worker] DEBUG o.s.w.c.RestTemplate - Response 200 OK
17:50:39.510 [Test worker] DEBUG o.s.w.c.RestTemplate - Reading to [java.lang.String] as "text/plain;charset=utf-8"
17:50:39.510 [Test worker] DEBUG o.s.w.c.RestTemplate - HTTP GET http://localhost:53442/bar
17:50:39.510 [Test worker] DEBUG o.s.w.c.RestTemplate - Accept=[text/plain, application/json, application/x-jackson-smile, application/*+json, */*]
17:50:39.511 [qtp464026890-817] DEBUG o.s.w.s.a.HttpWebHandlerAdapter - [69958ca7] HTTP GET "/bar"
17:50:39.511 [qtp464026890-817] DEBUG o.s.w.r.r.m.a.RequestMappingHandlerMapping - [69958ca7] Mapped to org.springframework.web.reactive.result.method.annotation.CrossOriginAnnotationIntegrationTests$ClassLevelController#bar()
17:50:39.512 [qtp464026890-817] DEBUG o.s.w.r.r.m.a.ResponseBodyResultHandler - [69958ca7] Using 'text/plain;charset=UTF-8' given [text/plain, application/json, application/x-jackson-smile, application/*+json, */*] and supported [text/plain;charset=UTF-8, text/event-stream, text/plain;charset=UTF-8, */*]
17:50:39.512 [qtp464026890-817] DEBUG o.s.w.r.r.m.a.ResponseBodyResultHandler - [69958ca7] 0..1 [java.lang.String]
17:50:39.512 [qtp464026890-817] DEBUG o.s.c.c.CharSequenceEncoder - [69958ca7] Writing "bar"
17:50:39.512 [qtp464026890-817] DEBUG o.s.w.s.a.HttpWebHandlerAdapter - [69958ca7] Completed 200 OK
17:50:39.512 [Test worker] DEBUG o.s.w.c.RestTemplate - Response 200 OK
17:50:39.512 [Test worker] DEBUG o.s.w.c.RestTemplate - Reading to [java.lang.String] as "text/plain;charset=utf-8"
17:50:39.512 [Test worker] DEBUG o.s.w.c.RestTemplate - HTTP GET http://localhost:53442/baz
17:50:39.512 [Test worker] DEBUG o.s.w.c.RestTemplate - Accept=[text/plain, application/json, application/x-jackson-smile, application/*+json, */*]
17:50:39.513 [qtp464026890-826] DEBUG o.s.w.s.a.HttpWebHandlerAdapter - [7a4954e1] HTTP GET "/baz"
17:50:39.513 [qtp464026890-826] DEBUG o.s.w.r.r.m.a.RequestMappingHandlerMapping - [7a4954e1] Mapped to org.springframework.web.reactive.result.method.annotation.CrossOriginAnnotationIntegrationTests$ClassLevelController#baz()
17:50:39.513 [qtp464026890-826] DEBUG o.s.w.r.r.m.a.ResponseBodyResultHandler - [7a4954e1] Using 'text/plain;charset=UTF-8' given [text/plain, application/json, application/x-jackson-smile, application/*+json, */*] and supported [text/plain;charset=UTF-8, text/event-stream, text/plain;charset=UTF-8, */*]
17:50:39.513 [qtp464026890-826] DEBUG o.s.w.r.r.m.a.ResponseBodyResultHandler - [7a4954e1] 0..1 [java.lang.String]
17:50:39.513 [qtp464026890-826] DEBUG o.s.c.c.CharSequenceEncoder - [7a4954e1] Writing "baz"
17:50:39.513 [qtp464026890-826] DEBUG o.s.w.s.a.HttpWebHandlerAdapter - [7a4954e1] Completed 200 OK
17:50:39.514 [Test worker] DEBUG o.s.w.c.RestTemplate - Response 200 OK
17:50:39.514 [Test worker] DEBUG o.s.w.c.RestTemplate - Reading to [java.lang.String] as "text/plain;charset=utf-8"
17:50:39.514 [Test worker] DEBUG o.s.w.t.h.s.r.b.JettyHttpServer - Stopping JettyHttpServer...
17:50:39.514 [Test worker] INFO  o.e.j.s.h.ContextHandler - Stopped o.e.j.s.ServletContextHandler@14320195{/,null,STOPPED}
17:50:39.514 [Test worker] INFO  o.e.j.s.AbstractConnector - Stopped ServerConnector@5edea89{HTTP/1.1, (http/1.1)}{0.0.0.0:0}
17:50:39.515 [Test worker] DEBUG o.s.w.t.h.s.r.b.JettyHttpServer - Server stopped (0 millis).
17:50:39.536 [Test worker] DEBUG o.s.w.r.r.m.a.RequestMappingHandlerMapping - 18 mappings in 'requestMappingHandlerMapping'
17:50:39.545 [Test worker] DEBUG o.s.w.r.r.m.a.ControllerMethodResolver - ControllerAdvice beans: none
17:50:39.547 [Test worker] DEBUG o.s.w.s.a.HttpWebHandlerAdapter - enableLoggingRequestDetails='false': form data and headers will be masked to prevent unsafe logging of potentially sensitive data
17:50:39.547 [Test worker] DEBUG o.s.w.t.h.s.r.b.ReactorHttpServer - Starting ReactorHttpServer...
17:50:39.547 [Test worker] DEBUG o.s.w.t.h.s.r.b.ReactorHttpServer - Server started on port 53444(0 millis).
17:50:39.548 [Test worker] DEBUG o.s.w.c.RestTemplate - HTTP GET http://localhost:53444/foo
17:50:39.548 [Test worker] DEBUG o.s.w.c.RestTemplate - Accept=[text/plain, application/json, application/x-jackson-smile, application/*+json, */*]
17:50:39.549 [reactor-http-nio-9] DEBUG o.s.w.s.a.HttpWebHandlerAdapter - [41c97ac5-1, L:/127.0.0.1:53444 - R:/127.0.0.1:53445] HTTP GET "/foo"
17:50:39.549 [reactor-http-nio-9] DEBUG o.s.w.r.r.m.a.RequestMappingHandlerMapping - [41c97ac5-1, L:/127.0.0.1:53444 - R:/127.0.0.1:53445] Mapped to org.springframework.web.reactive.result.method.annotation.CrossOriginAnnotationIntegrationTests$ClassLevelController#foo()
17:50:39.550 [reactor-http-nio-9] DEBUG o.s.w.r.r.m.a.ResponseBodyResultHandler - [41c97ac5-1, L:/127.0.0.1:53444 - R:/127.0.0.1:53445] Using 'text/plain;charset=UTF-8' given [text/plain, application/json, application/x-jackson-smile, application/*+json, */*] and supported [text/plain;charset=UTF-8, text/event-stream, text/plain;charset=UTF-8, */*]
17:50:39.550 [reactor-http-nio-9] DEBUG o.s.w.r.r.m.a.ResponseBodyResultHandler - [41c97ac5-1, L:/127.0.0.1:53444 - R:/127.0.0.1:53445] 0..1 [java.lang.String]
17:50:39.550 [reactor-http-nio-9] DEBUG o.s.c.c.CharSequenceEncoder - [41c97ac5-1, L:/127.0.0.1:53444 - R:/127.0.0.1:53445] Writing "foo"
17:50:39.551 [reactor-http-nio-9] DEBUG o.s.w.s.a.HttpWebHandlerAdapter - [41c97ac5-1, L:/127.0.0.1:53444 - R:/127.0.0.1:53445] Completed 200 OK
17:50:39.551 [Test worker] DEBUG o.s.w.c.RestTemplate - Response 200 OK
17:50:39.551 [Test worker] DEBUG o.s.w.c.RestTemplate - Reading to [java.lang.String] as "text/plain;charset=UTF-8"
17:50:39.551 [Test worker] DEBUG o.s.w.c.RestTemplate - HTTP GET http://localhost:53444/bar
17:50:39.551 [Test worker] DEBUG o.s.w.c.RestTemplate - Accept=[text/plain, application/json, application/x-jackson-smile, application/*+json, */*]
17:50:39.552 [reactor-http-nio-9] DEBUG o.s.w.s.a.HttpWebHandlerAdapter - [41c97ac5-2, L:/127.0.0.1:53444 - R:/127.0.0.1:53445] HTTP GET "/bar"
17:50:39.552 [reactor-http-nio-9] DEBUG o.s.w.r.r.m.a.RequestMappingHandlerMapping - [41c97ac5-2, L:/127.0.0.1:53444 - R:/127.0.0.1:53445] Mapped to org.springframework.web.reactive.result.method.annotation.CrossOriginAnnotationIntegrationTests$ClassLevelController#bar()
17:50:39.552 [reactor-http-nio-9] DEBUG o.s.w.r.r.m.a.ResponseBodyResultHandler - [41c97ac5-2, L:/127.0.0.1:53444 - R:/127.0.0.1:53445] Using 'text/plain;charset=UTF-8' given [text/plain, application/json, application/x-jackson-smile, application/*+json, */*] and supported [text/plain;charset=UTF-8, text/event-stream, text/plain;charset=UTF-8, */*]
17:50:39.552 [reactor-http-nio-9] DEBUG o.s.w.r.r.m.a.ResponseBodyResultHandler - [41c97ac5-2, L:/127.0.0.1:53444 - R:/127.0.0.1:53445] 0..1 [java.lang.String]
17:50:39.552 [reactor-http-nio-9] DEBUG o.s.c.c.CharSequenceEncoder - [41c97ac5-2, L:/127.0.0.1:53444 - R:/127.0.0.1:53445] Writing "bar"
17:50:39.553 [reactor-http-nio-9] DEBUG o.s.w.s.a.HttpWebHandlerAdapter - [41c97ac5-2, L:/127.0.0.1:53444 - R:/127.0.0.1:53445] Completed 200 OK
17:50:39.553 [Test worker] DEBUG o.s.w.c.RestTemplate - Response 200 OK
17:50:39.553 [Test worker] DEBUG o.s.w.c.RestTemplate - Reading to [java.lang.String] as "text/plain;charset=UTF-8"
17:50:39.553 [Test worker] DEBUG o.s.w.c.RestTemplate - HTTP GET http://localhost:53444/baz
17:50:39.553 [Test worker] DEBUG o.s.w.c.RestTemplate - Accept=[text/plain, application/json, application/x-jackson-smile, application/*+json, */*]
17:50:39.554 [reactor-http-nio-9] DEBUG o.s.w.s.a.HttpWebHandlerAdapter - [41c97ac5-3, L:/127.0.0.1:53444 - R:/127.0.0.1:53445] HTTP GET "/baz"
17:50:39.554 [reactor-http-nio-9] DEBUG o.s.w.r.r.m.a.RequestMappingHandlerMapping - [41c97ac5-3, L:/127.0.0.1:53444 - R:/127.0.0.1:53445] Mapped to org.springframework.web.reactive.result.method.annotation.CrossOriginAnnotationIntegrationTests$ClassLevelController#baz()
17:50:39.554 [reactor-http-nio-9] DEBUG o.s.w.r.r.m.a.ResponseBodyResultHandler - [41c97ac5-3, L:/127.0.0.1:53444 - R:/127.0.0.1:53445] Using 'text/plain;charset=UTF-8' given [text/plain, application/json, application/x-jackson-smile, application/*+json, */*] and supported [text/plain;charset=UTF-8, text/event-stream, text/plain;charset=UTF-8, */*]
17:50:39.554 [reactor-http-nio-9] DEBUG o.s.w.r.r.m.a.ResponseBodyResultHandler - [41c97ac5-3, L:/127.0.0.1:53444 - R:/127.0.0.1:53445] 0..1 [java.lang.String]
17:50:39.555 [reactor-http-nio-9] DEBUG o.s.c.c.CharSequenceEncoder - [41c97ac5-3, L:/127.0.0.1:53444 - R:/127.0.0.1:53445] Writing "baz"
17:50:39.555 [reactor-http-nio-9] DEBUG o.s.w.s.a.HttpWebHandlerAdapter - [41c97ac5-3, L:/127.0.0.1:53444 - R:/127.0.0.1:53445] Completed 200 OK
17:50:39.555 [Test worker] DEBUG o.s.w.c.RestTemplate - Response 200 OK
17:50:39.556 [Test worker] DEBUG o.s.w.c.RestTemplate - Reading to [java.lang.String] as "text/plain;charset=UTF-8"
17:50:39.556 [Test worker] DEBUG o.s.w.t.h.s.r.b.ReactorHttpServer - Stopping ReactorHttpServer...
17:50:39.556 [Test worker] DEBUG o.s.w.t.h.s.r.b.ReactorHttpServer - Server stopped (0 millis).
17:50:39.577 [Test worker] DEBUG o.s.w.r.r.m.a.RequestMappingHandlerMapping - 18 mappings in 'requestMappingHandlerMapping'
17:50:39.585 [Test worker] DEBUG o.s.w.r.r.m.a.ControllerMethodResolver - ControllerAdvice beans: none
17:50:39.587 [Test worker] DEBUG o.s.w.s.a.HttpWebHandlerAdapter - enableLoggingRequestDetails='false': form data and headers will be masked to prevent unsafe logging of potentially sensitive data
17:50:39.587 [Test worker] DEBUG o.s.w.t.h.s.r.b.TomcatHttpServer - Starting TomcatHttpServer...
17:50:39.592 [Test worker] DEBUG o.s.w.t.h.s.r.b.TomcatHttpServer - Server started on port 53446(0 millis).
17:50:39.592 [Test worker] DEBUG o.s.w.c.RestTemplate - HTTP GET http://localhost:53446/foo
17:50:39.592 [Test worker] DEBUG o.s.w.c.RestTemplate - Accept=[text/plain, application/json, application/x-jackson-smile, application/*+json, */*]
17:50:39.595 [http-nio-auto-18-exec-1] DEBUG o.s.w.s.a.HttpWebHandlerAdapter - [206d8feb] HTTP GET "/foo"
17:50:39.596 [http-nio-auto-18-exec-1] DEBUG o.s.w.r.r.m.a.RequestMappingHandlerMapping - [206d8feb] Mapped to org.springframework.web.reactive.result.method.annotation.CrossOriginAnnotationIntegrationTests$ClassLevelController#foo()
17:50:39.596 [http-nio-auto-18-exec-1] DEBUG o.s.w.r.r.m.a.ResponseBodyResultHandler - [206d8feb] Using 'text/plain;charset=UTF-8' given [text/plain, application/json, application/x-jackson-smile, application/*+json, */*] and supported [text/plain;charset=UTF-8, text/event-stream, text/plain;charset=UTF-8, */*]
17:50:39.596 [http-nio-auto-18-exec-1] DEBUG o.s.w.r.r.m.a.ResponseBodyResultHandler - [206d8feb] 0..1 [java.lang.String]
17:50:39.596 [http-nio-auto-18-exec-1] DEBUG o.s.c.c.CharSequenceEncoder - [206d8feb] Writing "foo"
17:50:39.597 [http-nio-auto-18-exec-1] DEBUG o.s.w.s.a.HttpWebHandlerAdapter - [206d8feb] Completed 200 OK
17:50:39.597 [Test worker] DEBUG o.s.w.c.RestTemplate - Response 200 OK
17:50:39.597 [Test worker] DEBUG o.s.w.c.RestTemplate - Reading to [java.lang.String] as "text/plain;charset=UTF-8"
17:50:39.597 [Test worker] DEBUG o.s.w.c.RestTemplate - HTTP GET http://localhost:53446/bar
17:50:39.598 [Test worker] DEBUG o.s.w.c.RestTemplate - Accept=[text/plain, application/json, application/x-jackson-smile, application/*+json, */*]
17:50:39.599 [http-nio-auto-18-exec-2] DEBUG o.s.w.s.a.HttpWebHandlerAdapter - [442d48d6] HTTP GET "/bar"
17:50:39.599 [http-nio-auto-18-exec-2] DEBUG o.s.w.r.r.m.a.RequestMappingHandlerMapping - [442d48d6] Mapped to org.springframework.web.reactive.result.method.annotation.CrossOriginAnnotationIntegrationTests$ClassLevelController#bar()
17:50:39.599 [http-nio-auto-18-exec-2] DEBUG o.s.w.r.r.m.a.ResponseBodyResultHandler - [442d48d6] Using 'text/plain;charset=UTF-8' given [text/plain, application/json, application/x-jackson-smile, application/*+json, */*] and supported [text/plain;charset=UTF-8, text/event-stream, text/plain;charset=UTF-8, */*]
17:50:39.599 [http-nio-auto-18-exec-2] DEBUG o.s.w.r.r.m.a.ResponseBodyResultHandler - [442d48d6] 0..1 [java.lang.String]
17:50:39.599 [http-nio-auto-18-exec-2] DEBUG o.s.c.c.CharSequenceEncoder - [442d48d6] Writing "bar"
17:50:39.600 [http-nio-auto-18-exec-2] DEBUG o.s.w.s.a.HttpWebHandlerAdapter - [442d48d6] Completed 200 OK
17:50:39.600 [Test worker] DEBUG o.s.w.c.RestTemplate - Response 200 OK
17:50:39.600 [Test worker] DEBUG o.s.w.c.RestTemplate - Reading to [java.lang.String] as "text/plain;charset=UTF-8"
17:50:39.601 [Test worker] DEBUG o.s.w.c.RestTemplate - HTTP GET http://localhost:53446/baz
17:50:39.601 [Test worker] DEBUG o.s.w.c.RestTemplate - Accept=[text/plain, application/json, application/x-jackson-smile, application/*+json, */*]
17:50:39.601 [http-nio-auto-18-exec-3] DEBUG o.s.w.s.a.HttpWebHandlerAdapter - [4c666356] HTTP GET "/baz"
17:50:39.602 [http-nio-auto-18-exec-3] DEBUG o.s.w.r.r.m.a.RequestMappingHandlerMapping - [4c666356] Mapped to org.springframework.web.reactive.result.method.annotation.CrossOriginAnnotationIntegrationTests$ClassLevelController#baz()
17:50:39.602 [http-nio-auto-18-exec-3] DEBUG o.s.w.r.r.m.a.ResponseBodyResultHandler - [4c666356] Using 'text/plain;charset=UTF-8' given [text/plain, application/json, application/x-jackson-smile, application/*+json, */*] and supported [text/plain;charset=UTF-8, text/event-stream, text/plain;charset=UTF-8, */*]
17:50:39.602 [http-nio-auto-18-exec-3] DEBUG o.s.w.r.r.m.a.ResponseBodyResultHandler - [4c666356] 0..1 [java.lang.String]
17:50:39.602 [http-nio-auto-18-exec-3] DEBUG o.s.c.c.CharSequenceEncoder - [4c666356] Writing "baz"
17:50:39.602 [http-nio-auto-18-exec-3] DEBUG o.s.w.s.a.HttpWebHandlerAdapter - [4c666356] Completed 200 OK
17:50:39.602 [Test worker] DEBUG o.s.w.c.RestTemplate - Response 200 OK
17:50:39.602 [Test worker] DEBUG o.s.w.c.RestTemplate - Reading to [java.lang.String] as "text/plain;charset=UTF-8"
17:50:39.603 [Test worker] DEBUG o.s.w.t.h.s.r.b.TomcatHttpServer - Stopping TomcatHttpServer...
17:50:50.748 [Test worker] DEBUG o.s.w.t.h.s.r.b.TomcatHttpServer - Server stopped (0 millis).
17:50:50.782 [Test worker] DEBUG o.s.w.r.r.m.a.RequestMappingHandlerMapping - 18 mappings in 'requestMappingHandlerMapping'
17:50:50.791 [Test worker] DEBUG o.s.w.r.r.m.a.ControllerMethodResolver - ControllerAdvice beans: none
17:50:50.792 [Test worker] DEBUG o.s.w.s.a.HttpWebHandlerAdapter - enableLoggingRequestDetails='false': form data and headers will be masked to prevent unsafe logging of potentially sensitive data
17:50:50.792 [Test worker] DEBUG o.s.w.t.h.s.r.b.UndertowHttpServer - Starting UndertowHttpServer...
17:50:50.792 [Test worker] INFO  i.undertow - starting server: Undertow - 2.2.7.Final
17:50:50.795 [Test worker] DEBUG o.s.w.t.h.s.r.b.UndertowHttpServer - Server started on port 53510(0 millis).
17:50:50.795 [Test worker] DEBUG o.s.w.c.RestTemplate - HTTP GET http://localhost:53510/foo
17:50:50.795 [Test worker] DEBUG o.s.w.c.RestTemplate - Accept=[text/plain, application/json, application/x-jackson-smile, application/*+json, */*]
17:50:50.796 [XNIO-18 I/O-4] DEBUG o.s.w.s.a.HttpWebHandlerAdapter - [544855e5-18] HTTP GET "/foo"
17:50:50.797 [XNIO-18 I/O-4] DEBUG o.s.w.r.r.m.a.RequestMappingHandlerMapping - [544855e5-18] Mapped to org.springframework.web.reactive.result.method.annotation.CrossOriginAnnotationIntegrationTests$ClassLevelController#foo()
17:50:50.797 [XNIO-18 I/O-4] DEBUG o.s.w.r.r.m.a.ResponseBodyResultHandler - [544855e5-18] Using 'text/plain;charset=UTF-8' given [text/plain, application/json, application/x-jackson-smile, application/*+json, */*] and supported [text/plain;charset=UTF-8, text/event-stream, text/plain;charset=UTF-8, */*]
17:50:50.797 [XNIO-18 I/O-4] DEBUG o.s.w.r.r.m.a.ResponseBodyResultHandler - [544855e5-18] 0..1 [java.lang.String]
17:50:50.797 [XNIO-18 I/O-4] DEBUG o.s.c.c.CharSequenceEncoder - [544855e5-18] Writing "foo"
17:50:50.797 [XNIO-18 I/O-4] DEBUG o.s.w.s.a.HttpWebHandlerAdapter - [544855e5-18] Completed 200 OK
17:50:50.798 [Test worker] DEBUG o.s.w.c.RestTemplate - Response 200 OK
17:50:50.798 [Test worker] DEBUG o.s.w.c.RestTemplate - Reading to [java.lang.String] as "text/plain;charset=UTF-8"
17:50:50.798 [Test worker] DEBUG o.s.w.c.RestTemplate - HTTP GET http://localhost:53510/bar
17:50:50.798 [Test worker] DEBUG o.s.w.c.RestTemplate - Accept=[text/plain, application/json, application/x-jackson-smile, application/*+json, */*]
17:50:50.798 [XNIO-18 I/O-4] DEBUG o.s.w.s.a.HttpWebHandlerAdapter - [544855e5-19] HTTP GET "/bar"
17:50:50.798 [XNIO-18 I/O-4] DEBUG o.s.w.r.r.m.a.RequestMappingHandlerMapping - [544855e5-19] Mapped to org.springframework.web.reactive.result.method.annotation.CrossOriginAnnotationIntegrationTests$ClassLevelController#bar()
17:50:50.799 [XNIO-18 I/O-4] DEBUG o.s.w.r.r.m.a.ResponseBodyResultHandler - [544855e5-19] Using 'text/plain;charset=UTF-8' given [text/plain, application/json, application/x-jackson-smile, application/*+json, */*] and supported [text/plain;charset=UTF-8, text/event-stream, text/plain;charset=UTF-8, */*]
17:50:50.799 [XNIO-18 I/O-4] DEBUG o.s.w.r.r.m.a.ResponseBodyResultHandler - [544855e5-19] 0..1 [java.lang.String]
17:50:50.799 [XNIO-18 I/O-4] DEBUG o.s.c.c.CharSequenceEncoder - [544855e5-19] Writing "bar"
17:50:50.799 [XNIO-18 I/O-4] DEBUG o.s.w.s.a.HttpWebHandlerAdapter - [544855e5-19] Completed 200 OK
17:50:50.799 [Test worker] DEBUG o.s.w.c.RestTemplate - Response 200 OK
17:50:50.799 [Test worker] DEBUG o.s.w.c.RestTemplate - Reading to [java.lang.String] as "text/plain;charset=UTF-8"
17:50:50.799 [Test worker] DEBUG o.s.w.c.RestTemplate - HTTP GET http://localhost:53510/baz
17:50:50.799 [Test worker] DEBUG o.s.w.c.RestTemplate - Accept=[text/plain, application/json, application/x-jackson-smile, application/*+json, */*]
17:50:50.800 [XNIO-18 I/O-4] DEBUG o.s.w.s.a.HttpWebHandlerAdapter - [544855e5-20] HTTP GET "/baz"
17:50:50.800 [XNIO-18 I/O-4] DEBUG o.s.w.r.r.m.a.RequestMappingHandlerMapping - [544855e5-20] Mapped to org.springframework.web.reactive.result.method.annotation.CrossOriginAnnotationIntegrationTests$ClassLevelController#baz()
17:50:50.800 [XNIO-18 I/O-4] DEBUG o.s.w.r.r.m.a.ResponseBodyResultHandler - [544855e5-20] Using 'text/plain;charset=UTF-8' given [text/plain, application/json, application/x-jackson-smile, application/*+json, */*] and supported [text/plain;charset=UTF-8, text/event-stream, text/plain;charset=UTF-8, */*]
17:50:50.800 [XNIO-18 I/O-4] DEBUG o.s.w.r.r.m.a.ResponseBodyResultHandler - [544855e5-20] 0..1 [java.lang.String]
17:50:50.800 [XNIO-18 I/O-4] DEBUG o.s.c.c.CharSequenceEncoder - [544855e5-20] Writing "baz"
17:50:50.800 [XNIO-18 I/O-4] DEBUG o.s.w.s.a.HttpWebHandlerAdapter - [544855e5-20] Completed 200 OK
17:50:50.801 [Test worker] DEBUG o.s.w.c.RestTemplate - Response 200 OK
17:50:50.801 [Test worker] DEBUG o.s.w.c.RestTemplate - Reading to [java.lang.String] as "text/plain;charset=UTF-8"
17:50:50.801 [Test worker] DEBUG o.s.w.t.h.s.r.b.UndertowHttpServer - Stopping UndertowHttpServer...
17:50:50.801 [Test worker] INFO  i.undertow - stopping server: Undertow - 2.2.7.Final
17:50:50.802 [Test worker] DEBUG o.s.w.t.h.s.r.b.UndertowHttpServer - Server stopped (0 millis).
17:50:50.823 [Test worker] DEBUG o.s.w.r.r.m.a.RequestMappingHandlerMapping - 18 mappings in 'requestMappingHandlerMapping'
17:50:50.831 [Test worker] DEBUG o.s.w.r.r.m.a.ControllerMethodResolver - ControllerAdvice beans: none
17:50:50.833 [Test worker] DEBUG o.s.w.s.a.HttpWebHandlerAdapter - enableLoggingRequestDetails='false': form data and headers will be masked to prevent unsafe logging of potentially sensitive data
17:50:50.833 [Test worker] WARN  o.e.j.s.h.ContextHandler - Empty contextPath
17:50:50.834 [Test worker] INFO  o.e.j.s.h.ContextHandler - Started o.e.j.s.ServletContextHandler@134d7e2e{/,null,AVAILABLE}
17:50:50.834 [Test worker] DEBUG o.s.w.t.h.s.r.b.JettyHttpServer - Starting JettyHttpServer...
17:50:50.834 [Test worker] INFO  o.e.j.s.Server - jetty-9.4.39.v20210325; built: 2021-03-25T14:42:11.471Z; git: 9fc7ca5a922f2a37b84ec9dbc26a5168cee7e667; jvm 1.8.0_181-b13
17:50:50.836 [Test worker] INFO  o.e.j.s.AbstractConnector - Started ServerConnector@e24eff5{HTTP/1.1, (http/1.1)}{0.0.0.0:53512}
17:50:50.836 [Test worker] INFO  o.e.j.s.Server - Started @217869ms
17:50:50.836 [Test worker] DEBUG o.s.w.t.h.s.r.b.JettyHttpServer - Server started on port 53512(0 millis).
17:50:50.836 [Test worker] DEBUG o.s.w.c.RestTemplate - HTTP GET http://localhost:53512/default
17:50:50.836 [Test worker] DEBUG o.s.w.c.RestTemplate - Accept=[text/plain, application/json, application/x-jackson-smile, application/*+json, */*]
17:50:50.838 [qtp1777253136-873] DEBUG o.s.w.s.a.HttpWebHandlerAdapter - [2fd95958] HTTP GET "/default"
17:50:50.838 [qtp1777253136-873] DEBUG o.s.w.r.r.m.a.RequestMappingHandlerMapping - [2fd95958] Mapped to org.springframework.web.reactive.result.method.annotation.CrossOriginAnnotationIntegrationTests$MethodLevelController#defaultAnnotation()
17:50:50.839 [qtp1777253136-873] DEBUG o.s.w.r.r.m.a.ResponseBodyResultHandler - [2fd95958] Using 'text/plain;charset=UTF-8' given [text/plain, application/json, application/x-jackson-smile, application/*+json, */*] and supported [text/plain;charset=UTF-8, text/event-stream, text/plain;charset=UTF-8, */*]
17:50:50.839 [qtp1777253136-873] DEBUG o.s.w.r.r.m.a.ResponseBodyResultHandler - [2fd95958] 0..1 [java.lang.String]
17:50:50.839 [qtp1777253136-873] DEBUG o.s.c.c.CharSequenceEncoder - [2fd95958] Writing "default"
17:50:50.839 [qtp1777253136-873] DEBUG o.s.w.s.a.HttpWebHandlerAdapter - [2fd95958] Completed 200 OK
17:50:50.839 [Test worker] DEBUG o.s.w.c.RestTemplate - Response 200 OK
17:50:50.839 [Test worker] DEBUG o.s.w.c.RestTemplate - Reading to [java.lang.String] as "text/plain;charset=utf-8"
17:50:50.839 [Test worker] DEBUG o.s.w.t.h.s.r.b.JettyHttpServer - Stopping JettyHttpServer...
17:50:50.839 [Test worker] INFO  o.e.j.s.h.ContextHandler - Stopped o.e.j.s.ServletContextHandler@134d7e2e{/,null,STOPPED}
17:50:50.840 [Test worker] INFO  o.e.j.s.AbstractConnector - Stopped ServerConnector@e24eff5{HTTP/1.1, (http/1.1)}{0.0.0.0:0}
17:50:50.840 [Test worker] DEBUG o.s.w.t.h.s.r.b.JettyHttpServer - Server stopped (0 millis).
17:50:50.861 [Test worker] DEBUG o.s.w.r.r.m.a.RequestMappingHandlerMapping - 18 mappings in 'requestMappingHandlerMapping'
17:50:50.869 [Test worker] DEBUG o.s.w.r.r.m.a.ControllerMethodResolver - ControllerAdvice beans: none
17:50:50.871 [Test worker] DEBUG o.s.w.s.a.HttpWebHandlerAdapter - enableLoggingRequestDetails='false': form data and headers will be masked to prevent unsafe logging of potentially sensitive data
17:50:50.871 [Test worker] DEBUG o.s.w.t.h.s.r.b.ReactorHttpServer - Starting ReactorHttpServer...
17:50:50.871 [Test worker] DEBUG o.s.w.t.h.s.r.b.ReactorHttpServer - Server started on port 53514(0 millis).
17:50:50.872 [Test worker] DEBUG o.s.w.c.RestTemplate - HTTP GET http://localhost:53514/default
17:50:50.872 [Test worker] DEBUG o.s.w.c.RestTemplate - Accept=[text/plain, application/json, application/x-jackson-smile, application/*+json, */*]
17:50:50.874 [reactor-http-nio-11] DEBUG o.s.w.s.a.HttpWebHandlerAdapter - [c7ae7fe0-1, L:/127.0.0.1:53514 - R:/127.0.0.1:53515] HTTP GET "/default"
17:50:50.874 [reactor-http-nio-11] DEBUG o.s.w.r.r.m.a.RequestMappingHandlerMapping - [c7ae7fe0-1, L:/127.0.0.1:53514 - R:/127.0.0.1:53515] Mapped to org.springframework.web.reactive.result.method.annotation.CrossOriginAnnotationIntegrationTests$MethodLevelController#defaultAnnotation()
17:50:50.875 [reactor-http-nio-11] DEBUG o.s.w.r.r.m.a.ResponseBodyResultHandler - [c7ae7fe0-1, L:/127.0.0.1:53514 - R:/127.0.0.1:53515] Using 'text/plain;charset=UTF-8' given [text/plain, application/json, application/x-jackson-smile, application/*+json, */*] and supported [text/plain;charset=UTF-8, text/event-stream, text/plain;charset=UTF-8, */*]
17:50:50.875 [reactor-http-nio-11] DEBUG o.s.w.r.r.m.a.ResponseBodyResultHandler - [c7ae7fe0-1, L:/127.0.0.1:53514 - R:/127.0.0.1:53515] 0..1 [java.lang.String]
17:50:50.875 [reactor-http-nio-11] DEBUG o.s.c.c.CharSequenceEncoder - [c7ae7fe0-1, L:/127.0.0.1:53514 - R:/127.0.0.1:53515] Writing "default"
17:50:50.876 [reactor-http-nio-11] DEBUG o.s.w.s.a.HttpWebHandlerAdapter - [c7ae7fe0-1, L:/127.0.0.1:53514 - R:/127.0.0.1:53515] Completed 200 OK
17:50:50.876 [Test worker] DEBUG o.s.w.c.RestTemplate - Response 200 OK
17:50:50.876 [Test worker] DEBUG o.s.w.c.RestTemplate - Reading to [java.lang.String] as "text/plain;charset=UTF-8"
17:50:50.877 [Test worker] DEBUG o.s.w.t.h.s.r.b.ReactorHttpServer - Stopping ReactorHttpServer...
17:50:50.877 [Test worker] DEBUG o.s.w.t.h.s.r.b.ReactorHttpServer - Server stopped (0 millis).
17:50:50.897 [Test worker] DEBUG o.s.w.r.r.m.a.RequestMappingHandlerMapping - 18 mappings in 'requestMappingHandlerMapping'
17:50:50.906 [Test worker] DEBUG o.s.w.r.r.m.a.ControllerMethodResolver - ControllerAdvice beans: none
17:50:50.908 [Test worker] DEBUG o.s.w.s.a.HttpWebHandlerAdapter - enableLoggingRequestDetails='false': form data and headers will be masked to prevent unsafe logging of potentially sensitive data
17:50:50.908 [Test worker] DEBUG o.s.w.t.h.s.r.b.TomcatHttpServer - Starting TomcatHttpServer...
17:50:50.914 [Test worker] DEBUG o.s.w.t.h.s.r.b.TomcatHttpServer - Server started on port 53516(0 millis).
17:50:50.914 [Test worker] DEBUG o.s.w.c.RestTemplate - HTTP GET http://localhost:53516/default
17:50:50.914 [Test worker] DEBUG o.s.w.c.RestTemplate - Accept=[text/plain, application/json, application/x-jackson-smile, application/*+json, */*]
17:50:50.916 [http-nio-auto-19-exec-1] DEBUG o.s.w.s.a.HttpWebHandlerAdapter - [4bf32c6b] HTTP GET "/default"
17:50:50.916 [http-nio-auto-19-exec-1] DEBUG o.s.w.r.r.m.a.RequestMappingHandlerMapping - [4bf32c6b] Mapped to org.springframework.web.reactive.result.method.annotation.CrossOriginAnnotationIntegrationTests$MethodLevelController#defaultAnnotation()
17:50:50.917 [http-nio-auto-19-exec-1] DEBUG o.s.w.r.r.m.a.ResponseBodyResultHandler - [4bf32c6b] Using 'text/plain;charset=UTF-8' given [text/plain, application/json, application/x-jackson-smile, application/*+json, */*] and supported [text/plain;charset=UTF-8, text/event-stream, text/plain;charset=UTF-8, */*]
17:50:50.917 [http-nio-auto-19-exec-1] DEBUG o.s.w.r.r.m.a.ResponseBodyResultHandler - [4bf32c6b] 0..1 [java.lang.String]
17:50:50.917 [http-nio-auto-19-exec-1] DEBUG o.s.c.c.CharSequenceEncoder - [4bf32c6b] Writing "default"
17:50:50.917 [http-nio-auto-19-exec-1] DEBUG o.s.w.s.a.HttpWebHandlerAdapter - [4bf32c6b] Completed 200 OK
17:50:50.918 [Test worker] DEBUG o.s.w.c.RestTemplate - Response 200 OK
17:50:50.918 [Test worker] DEBUG o.s.w.c.RestTemplate - Reading to [java.lang.String] as "text/plain;charset=UTF-8"
17:50:50.918 [Test worker] DEBUG o.s.w.t.h.s.r.b.TomcatHttpServer - Stopping TomcatHttpServer...
17:51:02.055 [Test worker] DEBUG o.s.w.t.h.s.r.b.TomcatHttpServer - Server stopped (0 millis).
17:51:02.080 [Test worker] DEBUG o.s.w.r.r.m.a.RequestMappingHandlerMapping - 18 mappings in 'requestMappingHandlerMapping'
17:51:02.089 [Test worker] DEBUG o.s.w.r.r.m.a.ControllerMethodResolver - ControllerAdvice beans: none
17:51:02.090 [Test worker] DEBUG o.s.w.s.a.HttpWebHandlerAdapter - enableLoggingRequestDetails='false': form data and headers will be masked to prevent unsafe logging of potentially sensitive data
17:51:02.090 [Test worker] DEBUG o.s.w.t.h.s.r.b.UndertowHttpServer - Starting UndertowHttpServer...
17:51:02.090 [Test worker] INFO  i.undertow - starting server: Undertow - 2.2.7.Final
17:51:02.093 [Test worker] DEBUG o.s.w.t.h.s.r.b.UndertowHttpServer - Server started on port 53557(0 millis).
17:51:02.093 [Test worker] DEBUG o.s.w.c.RestTemplate - HTTP GET http://localhost:53557/default
17:51:02.093 [Test worker] DEBUG o.s.w.c.RestTemplate - Accept=[text/plain, application/json, application/x-jackson-smile, application/*+json, */*]
17:51:02.095 [XNIO-19 I/O-14] DEBUG o.s.w.s.a.HttpWebHandlerAdapter - [738322c5-21] HTTP GET "/default"
17:51:02.095 [XNIO-19 I/O-14] DEBUG o.s.w.r.r.m.a.RequestMappingHandlerMapping - [738322c5-21] Mapped to org.springframework.web.reactive.result.method.annotation.CrossOriginAnnotationIntegrationTests$MethodLevelController#defaultAnnotation()
17:51:02.095 [XNIO-19 I/O-14] DEBUG o.s.w.r.r.m.a.ResponseBodyResultHandler - [738322c5-21] Using 'text/plain;charset=UTF-8' given [text/plain, application/json, application/x-jackson-smile, application/*+json, */*] and supported [text/plain;charset=UTF-8, text/event-stream, text/plain;charset=UTF-8, */*]
17:51:02.095 [XNIO-19 I/O-14] DEBUG o.s.w.r.r.m.a.ResponseBodyResultHandler - [738322c5-21] 0..1 [java.lang.String]
17:51:02.095 [XNIO-19 I/O-14] DEBUG o.s.c.c.CharSequenceEncoder - [738322c5-21] Writing "default"
17:51:02.096 [XNIO-19 I/O-14] DEBUG o.s.w.s.a.HttpWebHandlerAdapter - [738322c5-21] Completed 200 OK
17:51:02.096 [Test worker] DEBUG o.s.w.c.RestTemplate - Response 200 OK
17:51:02.096 [Test worker] DEBUG o.s.w.c.RestTemplate - Reading to [java.lang.String] as "text/plain;charset=UTF-8"
17:51:02.096 [Test worker] DEBUG o.s.w.t.h.s.r.b.UndertowHttpServer - Stopping UndertowHttpServer...
17:51:02.096 [Test worker] INFO  i.undertow - stopping server: Undertow - 2.2.7.Final
17:51:02.097 [Test worker] DEBUG o.s.w.t.h.s.r.b.UndertowHttpServer - Server stopped (0 millis).
17:51:02.118 [Test worker] DEBUG o.s.w.r.r.m.a.RequestMappingHandlerMapping - 18 mappings in 'requestMappingHandlerMapping'
17:51:02.128 [Test worker] DEBUG o.s.w.r.r.m.a.ControllerMethodResolver - ControllerAdvice beans: none
17:51:02.129 [Test worker] DEBUG o.s.w.s.a.HttpWebHandlerAdapter - enableLoggingRequestDetails='false': form data and headers will be masked to prevent unsafe logging of potentially sensitive data
17:51:02.129 [Test worker] WARN  o.e.j.s.h.ContextHandler - Empty contextPath
17:51:02.130 [Test worker] INFO  o.e.j.s.h.ContextHandler - Started o.e.j.s.ServletContextHandler@2239b4f5{/,null,AVAILABLE}
17:51:02.130 [Test worker] DEBUG o.s.w.t.h.s.r.b.JettyHttpServer - Starting JettyHttpServer...
17:51:02.130 [Test worker] INFO  o.e.j.s.Server - jetty-9.4.39.v20210325; built: 2021-03-25T14:42:11.471Z; git: 9fc7ca5a922f2a37b84ec9dbc26a5168cee7e667; jvm 1.8.0_181-b13
17:51:02.131 [Test worker] INFO  o.e.j.s.AbstractConnector - Started ServerConnector@15529fba{HTTP/1.1, (http/1.1)}{0.0.0.0:53559}
17:51:02.131 [Test worker] INFO  o.e.j.s.Server - Started @229164ms
17:51:02.131 [Test worker] DEBUG o.s.w.t.h.s.r.b.JettyHttpServer - Server started on port 53559(0 millis).
17:51:02.131 [Test worker] DEBUG o.s.w.c.RestTemplate - HTTP GET http://localhost:53559/customized
17:51:02.131 [Test worker] DEBUG o.s.w.c.RestTemplate - Accept=[text/plain, application/json, application/x-jackson-smile, application/*+json, */*]
17:51:02.133 [qtp1168668461-918] DEBUG o.s.w.s.a.HttpWebHandlerAdapter - [27624518] HTTP GET "/customized"
17:51:02.133 [qtp1168668461-918] DEBUG o.s.w.r.r.m.a.RequestMappingHandlerMapping - [27624518] Mapped to org.springframework.web.reactive.result.method.annotation.CrossOriginAnnotationIntegrationTests$MethodLevelController#customized()
17:51:02.133 [qtp1168668461-918] DEBUG o.s.w.r.r.m.a.ResponseBodyResultHandler - [27624518] Using 'text/plain;charset=UTF-8' given [text/plain, application/json, application/x-jackson-smile, application/*+json, */*] and supported [text/plain;charset=UTF-8, text/event-stream, text/plain;charset=UTF-8, */*]
17:51:02.133 [qtp1168668461-918] DEBUG o.s.w.r.r.m.a.ResponseBodyResultHandler - [27624518] 0..1 [java.lang.String]
17:51:02.133 [qtp1168668461-918] DEBUG o.s.c.c.CharSequenceEncoder - [27624518] Writing "customized"
17:51:02.134 [qtp1168668461-918] DEBUG o.s.w.s.a.HttpWebHandlerAdapter - [27624518] Completed 200 OK
17:51:02.134 [Test worker] DEBUG o.s.w.c.RestTemplate - Response 200 OK
17:51:02.134 [Test worker] DEBUG o.s.w.c.RestTemplate - Reading to [java.lang.String] as "text/plain;charset=utf-8"
17:51:02.134 [Test worker] DEBUG o.s.w.t.h.s.r.b.JettyHttpServer - Stopping JettyHttpServer...
17:51:02.134 [Test worker] INFO  o.e.j.s.h.ContextHandler - Stopped o.e.j.s.ServletContextHandler@2239b4f5{/,null,STOPPED}
17:51:02.135 [Test worker] INFO  o.e.j.s.AbstractConnector - Stopped ServerConnector@15529fba{HTTP/1.1, (http/1.1)}{0.0.0.0:0}
17:51:02.135 [Test worker] DEBUG o.s.w.t.h.s.r.b.JettyHttpServer - Server stopped (0 millis).
17:51:02.157 [Test worker] DEBUG o.s.w.r.r.m.a.RequestMappingHandlerMapping - 18 mappings in 'requestMappingHandlerMapping'
17:51:02.167 [Test worker] DEBUG o.s.w.r.r.m.a.ControllerMethodResolver - ControllerAdvice beans: none
17:51:02.168 [Test worker] DEBUG o.s.w.s.a.HttpWebHandlerAdapter - enableLoggingRequestDetails='false': form data and headers will be masked to prevent unsafe logging of potentially sensitive data
17:51:02.168 [Test worker] DEBUG o.s.w.t.h.s.r.b.ReactorHttpServer - Starting ReactorHttpServer...
17:51:02.169 [Test worker] DEBUG o.s.w.t.h.s.r.b.ReactorHttpServer - Server started on port 53561(0 millis).
17:51:02.169 [Test worker] DEBUG o.s.w.c.RestTemplate - HTTP GET http://localhost:53561/customized
17:51:02.169 [Test worker] DEBUG o.s.w.c.RestTemplate - Accept=[text/plain, application/json, application/x-jackson-smile, application/*+json, */*]
17:51:02.170 [reactor-http-nio-13] DEBUG o.s.w.s.a.HttpWebHandlerAdapter - [b268e3fe-1, L:/127.0.0.1:53561 - R:/127.0.0.1:53562] HTTP GET "/customized"
17:51:02.170 [reactor-http-nio-13] DEBUG o.s.w.r.r.m.a.RequestMappingHandlerMapping - [b268e3fe-1, L:/127.0.0.1:53561 - R:/127.0.0.1:53562] Mapped to org.springframework.web.reactive.result.method.annotation.CrossOriginAnnotationIntegrationTests$MethodLevelController#customized()
17:51:02.171 [reactor-http-nio-13] DEBUG o.s.w.r.r.m.a.ResponseBodyResultHandler - [b268e3fe-1, L:/127.0.0.1:53561 - R:/127.0.0.1:53562] Using 'text/plain;charset=UTF-8' given [text/plain, application/json, application/x-jackson-smile, application/*+json, */*] and supported [text/plain;charset=UTF-8, text/event-stream, text/plain;charset=UTF-8, */*]
17:51:02.171 [reactor-http-nio-13] DEBUG o.s.w.r.r.m.a.ResponseBodyResultHandler - [b268e3fe-1, L:/127.0.0.1:53561 - R:/127.0.0.1:53562] 0..1 [java.lang.String]
17:51:02.171 [reactor-http-nio-13] DEBUG o.s.c.c.CharSequenceEncoder - [b268e3fe-1, L:/127.0.0.1:53561 - R:/127.0.0.1:53562] Writing "customized"
17:51:02.172 [reactor-http-nio-13] DEBUG o.s.w.s.a.HttpWebHandlerAdapter - [b268e3fe-1, L:/127.0.0.1:53561 - R:/127.0.0.1:53562] Completed 200 OK
17:51:02.172 [Test worker] DEBUG o.s.w.c.RestTemplate - Response 200 OK
17:51:02.172 [Test worker] DEBUG o.s.w.c.RestTemplate - Reading to [java.lang.String] as "text/plain;charset=UTF-8"
17:51:02.173 [Test worker] DEBUG o.s.w.t.h.s.r.b.ReactorHttpServer - Stopping ReactorHttpServer...
17:51:02.173 [Test worker] DEBUG o.s.w.t.h.s.r.b.ReactorHttpServer - Server stopped (0 millis).
17:51:02.210 [Test worker] DEBUG o.s.w.r.r.m.a.RequestMappingHandlerMapping - 18 mappings in 'requestMappingHandlerMapping'
17:51:02.223 [Test worker] DEBUG o.s.w.r.r.m.a.ControllerMethodResolver - ControllerAdvice beans: none
17:51:02.225 [Test worker] DEBUG o.s.w.s.a.HttpWebHandlerAdapter - enableLoggingRequestDetails='false': form data and headers will be masked to prevent unsafe logging of potentially sensitive data
17:51:02.225 [Test worker] DEBUG o.s.w.t.h.s.r.b.TomcatHttpServer - Starting TomcatHttpServer...
17:51:02.231 [Test worker] DEBUG o.s.w.t.h.s.r.b.TomcatHttpServer - Server started on port 53563(0 millis).
17:51:02.232 [Test worker] DEBUG o.s.w.c.RestTemplate - HTTP GET http://localhost:53563/customized
17:51:02.232 [Test worker] DEBUG o.s.w.c.RestTemplate - Accept=[text/plain, application/json, application/x-jackson-smile, application/*+json, */*]
17:51:02.235 [http-nio-auto-20-exec-1] DEBUG o.s.w.s.a.HttpWebHandlerAdapter - [1b1e5638] HTTP GET "/customized"
17:51:02.235 [http-nio-auto-20-exec-1] DEBUG o.s.w.r.r.m.a.RequestMappingHandlerMapping - [1b1e5638] Mapped to org.springframework.web.reactive.result.method.annotation.CrossOriginAnnotationIntegrationTests$MethodLevelController#customized()
17:51:02.236 [http-nio-auto-20-exec-1] DEBUG o.s.w.r.r.m.a.ResponseBodyResultHandler - [1b1e5638] Using 'text/plain;charset=UTF-8' given [text/plain, application/json, application/x-jackson-smile, application/*+json, */*] and supported [text/plain;charset=UTF-8, text/event-stream, text/plain;charset=UTF-8, */*]
17:51:02.236 [http-nio-auto-20-exec-1] DEBUG o.s.w.r.r.m.a.ResponseBodyResultHandler - [1b1e5638] 0..1 [java.lang.String]
17:51:02.236 [http-nio-auto-20-exec-1] DEBUG o.s.c.c.CharSequenceEncoder - [1b1e5638] Writing "customized"
17:51:02.237 [http-nio-auto-20-exec-1] DEBUG o.s.w.s.a.HttpWebHandlerAdapter - [1b1e5638] Completed 200 OK
17:51:02.237 [Test worker] DEBUG o.s.w.c.RestTemplate - Response 200 OK
17:51:02.238 [Test worker] DEBUG o.s.w.c.RestTemplate - Reading to [java.lang.String] as "text/plain;charset=UTF-8"
17:51:02.238 [Test worker] DEBUG o.s.w.t.h.s.r.b.TomcatHttpServer - Stopping TomcatHttpServer...
17:51:13.369 [Test worker] DEBUG o.s.w.t.h.s.r.b.TomcatHttpServer - Server stopped (0 millis).
17:51:13.399 [Test worker] DEBUG o.s.w.r.r.m.a.RequestMappingHandlerMapping - 18 mappings in 'requestMappingHandlerMapping'
17:51:13.410 [Test worker] DEBUG o.s.w.r.r.m.a.ControllerMethodResolver - ControllerAdvice beans: none
17:51:13.412 [Test worker] DEBUG o.s.w.s.a.HttpWebHandlerAdapter - enableLoggingRequestDetails='false': form data and headers will be masked to prevent unsafe logging of potentially sensitive data
17:51:13.412 [Test worker] DEBUG o.s.w.t.h.s.r.b.UndertowHttpServer - Starting UndertowHttpServer...
17:51:13.412 [Test worker] INFO  i.undertow - starting server: Undertow - 2.2.7.Final
17:51:13.415 [Test worker] DEBUG o.s.w.t.h.s.r.b.UndertowHttpServer - Server started on port 53629(0 millis).
17:51:13.415 [Test worker] DEBUG o.s.w.c.RestTemplate - HTTP GET http://localhost:53629/customized
17:51:13.415 [Test worker] DEBUG o.s.w.c.RestTemplate - Accept=[text/plain, application/json, application/x-jackson-smile, application/*+json, */*]
17:51:13.416 [XNIO-20 I/O-4] DEBUG o.s.w.s.a.HttpWebHandlerAdapter - [2942cceb-22] HTTP GET "/customized"
17:51:13.416 [XNIO-20 I/O-4] DEBUG o.s.w.r.r.m.a.RequestMappingHandlerMapping - [2942cceb-22] Mapped to org.springframework.web.reactive.result.method.annotation.CrossOriginAnnotationIntegrationTests$MethodLevelController#customized()
17:51:13.417 [XNIO-20 I/O-4] DEBUG o.s.w.r.r.m.a.ResponseBodyResultHandler - [2942cceb-22] Using 'text/plain;charset=UTF-8' given [text/plain, application/json, application/x-jackson-smile, application/*+json, */*] and supported [text/plain;charset=UTF-8, text/event-stream, text/plain;charset=UTF-8, */*]
17:51:13.417 [XNIO-20 I/O-4] DEBUG o.s.w.r.r.m.a.ResponseBodyResultHandler - [2942cceb-22] 0..1 [java.lang.String]
17:51:13.417 [XNIO-20 I/O-4] DEBUG o.s.c.c.CharSequenceEncoder - [2942cceb-22] Writing "customized"
17:51:13.417 [XNIO-20 I/O-4] DEBUG o.s.w.s.a.HttpWebHandlerAdapter - [2942cceb-22] Completed 200 OK
17:51:13.418 [Test worker] DEBUG o.s.w.c.RestTemplate - Response 200 OK
17:51:13.418 [Test worker] DEBUG o.s.w.c.RestTemplate - Reading to [java.lang.String] as "text/plain;charset=UTF-8"
17:51:13.418 [Test worker] DEBUG o.s.w.t.h.s.r.b.UndertowHttpServer - Stopping UndertowHttpServer...
17:51:13.418 [Test worker] INFO  i.undertow - stopping server: Undertow - 2.2.7.Final
17:51:13.419 [Test worker] DEBUG o.s.w.t.h.s.r.b.UndertowHttpServer - Server stopped (0 millis).
17:51:13.440 [Test worker] DEBUG o.s.w.r.r.m.a.RequestMappingHandlerMapping - 18 mappings in 'requestMappingHandlerMapping'
17:51:13.449 [Test worker] DEBUG o.s.w.r.r.m.a.ControllerMethodResolver - ControllerAdvice beans: none
17:51:13.450 [Test worker] DEBUG o.s.w.s.a.HttpWebHandlerAdapter - enableLoggingRequestDetails='false': form data and headers will be masked to prevent unsafe logging of potentially sensitive data
17:51:13.451 [Test worker] WARN  o.e.j.s.h.ContextHandler - Empty contextPath
17:51:13.451 [Test worker] INFO  o.e.j.s.h.ContextHandler - Started o.e.j.s.ServletContextHandler@4f8954cb{/,null,AVAILABLE}
17:51:13.451 [Test worker] DEBUG o.s.w.t.h.s.r.b.JettyHttpServer - Starting JettyHttpServer...
17:51:13.451 [Test worker] INFO  o.e.j.s.Server - jetty-9.4.39.v20210325; built: 2021-03-25T14:42:11.471Z; git: 9fc7ca5a922f2a37b84ec9dbc26a5168cee7e667; jvm 1.8.0_181-b13
17:51:13.452 [Test worker] INFO  o.e.j.s.AbstractConnector - Started ServerConnector@28168f52{HTTP/1.1, (http/1.1)}{0.0.0.0:53631}
17:51:13.452 [Test worker] INFO  o.e.j.s.Server - Started @240485ms
17:51:13.452 [Test worker] DEBUG o.s.w.t.h.s.r.b.JettyHttpServer - Server started on port 53631(0 millis).
17:51:13.453 [Test worker] DEBUG o.s.w.c.RestTemplate - HTTP OPTIONS http://localhost:53631/no
17:51:13.458 [Test worker] DEBUG o.s.w.c.RestTemplate - Accept=[application/json, application/x-jackson-smile, application/*+json]
17:51:13.460 [qtp1100016207-963] DEBUG o.s.w.s.a.HttpWebHandlerAdapter - [62ad5f81] HTTP OPTIONS "/no"
17:51:13.461 [qtp1100016207-963] DEBUG o.s.w.r.r.m.a.RequestMappingHandlerMapping - [62ad5f81] Mapped to org.springframework.web.reactive.result.method.annotation.CrossOriginAnnotationIntegrationTests$MethodLevelController#noAnnotation()
17:51:13.461 [qtp1100016207-963] DEBUG o.s.w.s.a.HttpWebHandlerAdapter - [62ad5f81] Completed 403 FORBIDDEN
17:51:13.461 [Test worker] DEBUG o.s.w.c.RestTemplate - Response 403 FORBIDDEN
17:51:13.464 [Test worker] DEBUG o.s.w.t.h.s.r.b.JettyHttpServer - Stopping JettyHttpServer...
17:51:13.464 [Test worker] INFO  o.e.j.s.h.ContextHandler - Stopped o.e.j.s.ServletContextHandler@4f8954cb{/,null,STOPPED}
17:51:13.464 [Test worker] INFO  o.e.j.s.AbstractConnector - Stopped ServerConnector@28168f52{HTTP/1.1, (http/1.1)}{0.0.0.0:0}
17:51:13.465 [Test worker] DEBUG o.s.w.t.h.s.r.b.JettyHttpServer - Server stopped (0 millis).
17:51:13.486 [Test worker] DEBUG o.s.w.r.r.m.a.RequestMappingHandlerMapping - 18 mappings in 'requestMappingHandlerMapping'
17:51:13.494 [Test worker] DEBUG o.s.w.r.r.m.a.ControllerMethodResolver - ControllerAdvice beans: none
17:51:13.496 [Test worker] DEBUG o.s.w.s.a.HttpWebHandlerAdapter - enableLoggingRequestDetails='false': form data and headers will be masked to prevent unsafe logging of potentially sensitive data
17:51:13.496 [Test worker] DEBUG o.s.w.t.h.s.r.b.ReactorHttpServer - Starting ReactorHttpServer...
17:51:13.497 [Test worker] DEBUG o.s.w.t.h.s.r.b.ReactorHttpServer - Server started on port 53633(0 millis).
17:51:13.497 [Test worker] DEBUG o.s.w.c.RestTemplate - HTTP OPTIONS http://localhost:53633/no
17:51:13.497 [Test worker] DEBUG o.s.w.c.RestTemplate - Accept=[application/json, application/x-jackson-smile, application/*+json]
17:51:13.499 [reactor-http-nio-15] DEBUG o.s.w.s.a.HttpWebHandlerAdapter - [c855231b-1, L:/127.0.0.1:53633 - R:/127.0.0.1:53634] HTTP OPTIONS "/no"
17:51:13.499 [reactor-http-nio-15] DEBUG o.s.w.r.r.m.a.RequestMappingHandlerMapping - [c855231b-1, L:/127.0.0.1:53633 - R:/127.0.0.1:53634] Mapped to org.springframework.web.reactive.result.method.annotation.CrossOriginAnnotationIntegrationTests$MethodLevelController#noAnnotation()
17:51:13.499 [reactor-http-nio-15] DEBUG o.s.w.s.a.HttpWebHandlerAdapter - [c855231b-1, L:/127.0.0.1:53633 - R:/127.0.0.1:53634] Completed 403 FORBIDDEN
17:51:13.500 [Test worker] DEBUG o.s.w.c.RestTemplate - Response 403 FORBIDDEN
17:51:13.501 [Test worker] DEBUG o.s.w.t.h.s.r.b.ReactorHttpServer - Stopping ReactorHttpServer...
17:51:13.501 [Test worker] DEBUG o.s.w.t.h.s.r.b.ReactorHttpServer - Server stopped (0 millis).
17:51:13.523 [Test worker] DEBUG o.s.w.r.r.m.a.RequestMappingHandlerMapping - 18 mappings in 'requestMappingHandlerMapping'
17:51:13.533 [Test worker] DEBUG o.s.w.r.r.m.a.ControllerMethodResolver - ControllerAdvice beans: none
17:51:13.535 [Test worker] DEBUG o.s.w.s.a.HttpWebHandlerAdapter - enableLoggingRequestDetails='false': form data and headers will be masked to prevent unsafe logging of potentially sensitive data
17:51:13.535 [Test worker] DEBUG o.s.w.t.h.s.r.b.TomcatHttpServer - Starting TomcatHttpServer...
17:51:13.540 [Test worker] DEBUG o.s.w.t.h.s.r.b.TomcatHttpServer - Server started on port 53635(0 millis).
17:51:13.540 [Test worker] DEBUG o.s.w.c.RestTemplate - HTTP OPTIONS http://localhost:53635/no
17:51:13.540 [Test worker] DEBUG o.s.w.c.RestTemplate - Accept=[application/json, application/x-jackson-smile, application/*+json]
17:51:13.542 [http-nio-auto-21-exec-1] DEBUG o.s.w.s.a.HttpWebHandlerAdapter - [51ab3f51] HTTP OPTIONS "/no"
17:51:13.543 [http-nio-auto-21-exec-1] DEBUG o.s.w.r.r.m.a.RequestMappingHandlerMapping - [51ab3f51] Mapped to org.springframework.web.reactive.result.method.annotation.CrossOriginAnnotationIntegrationTests$MethodLevelController#noAnnotation()
17:51:13.543 [http-nio-auto-21-exec-1] DEBUG o.s.w.s.a.HttpWebHandlerAdapter - [51ab3f51] Completed 403 FORBIDDEN
17:51:13.544 [Test worker] DEBUG o.s.w.c.RestTemplate - Response 403 FORBIDDEN
17:51:13.544 [Test worker] DEBUG o.s.w.t.h.s.r.b.TomcatHttpServer - Stopping TomcatHttpServer...
17:51:24.697 [Test worker] DEBUG o.s.w.t.h.s.r.b.TomcatHttpServer - Server stopped (0 millis).
17:51:24.722 [Test worker] DEBUG o.s.w.r.r.m.a.RequestMappingHandlerMapping - 18 mappings in 'requestMappingHandlerMapping'
17:51:24.731 [Test worker] DEBUG o.s.w.r.r.m.a.ControllerMethodResolver - ControllerAdvice beans: none
17:51:24.732 [Test worker] DEBUG o.s.w.s.a.HttpWebHandlerAdapter - enableLoggingRequestDetails='false': form data and headers will be masked to prevent unsafe logging of potentially sensitive data
17:51:24.732 [Test worker] DEBUG o.s.w.t.h.s.r.b.UndertowHttpServer - Starting UndertowHttpServer...
17:51:24.732 [Test worker] INFO  i.undertow - starting server: Undertow - 2.2.7.Final
17:51:24.735 [Test worker] DEBUG o.s.w.t.h.s.r.b.UndertowHttpServer - Server started on port 53667(0 millis).
17:51:24.736 [Test worker] DEBUG o.s.w.c.RestTemplate - HTTP OPTIONS http://localhost:53667/no
17:51:24.736 [Test worker] DEBUG o.s.w.c.RestTemplate - Accept=[application/json, application/x-jackson-smile, application/*+json]
17:51:24.737 [XNIO-21 I/O-4] DEBUG o.s.w.s.a.HttpWebHandlerAdapter - [2d6d5fa9-23] HTTP OPTIONS "/no"
17:51:24.738 [XNIO-21 I/O-4] DEBUG o.s.w.r.r.m.a.RequestMappingHandlerMapping - [2d6d5fa9-23] Mapped to org.springframework.web.reactive.result.method.annotation.CrossOriginAnnotationIntegrationTests$MethodLevelController#noAnnotation()
17:51:24.738 [XNIO-21 I/O-4] DEBUG o.s.w.s.a.HttpWebHandlerAdapter - [2d6d5fa9-23] Completed 403 FORBIDDEN
17:51:24.738 [Test worker] DEBUG o.s.w.c.RestTemplate - Response 403 FORBIDDEN
17:51:24.738 [Test worker] DEBUG o.s.w.t.h.s.r.b.UndertowHttpServer - Stopping UndertowHttpServer...
17:51:24.738 [Test worker] INFO  i.undertow - stopping server: Undertow - 2.2.7.Final
17:51:24.739 [Test worker] DEBUG o.s.w.t.h.s.r.b.UndertowHttpServer - Server stopped (0 millis).
17:51:24.760 [Test worker] DEBUG o.s.w.r.r.m.a.RequestMappingHandlerMapping - 18 mappings in 'requestMappingHandlerMapping'
17:51:24.776 [Test worker] DEBUG o.s.w.r.r.m.a.ControllerMethodResolver - ControllerAdvice beans: none
17:51:24.778 [Test worker] DEBUG o.s.w.s.a.HttpWebHandlerAdapter - enableLoggingRequestDetails='false': form data and headers will be masked to prevent unsafe logging of potentially sensitive data
17:51:24.778 [Test worker] WARN  o.e.j.s.h.ContextHandler - Empty contextPath
17:51:24.779 [Test worker] INFO  o.e.j.s.h.ContextHandler - Started o.e.j.s.ServletContextHandler@479e1714{/,null,AVAILABLE}
17:51:24.779 [Test worker] DEBUG o.s.w.t.h.s.r.b.JettyHttpServer - Starting JettyHttpServer...
17:51:24.779 [Test worker] INFO  o.e.j.s.Server - jetty-9.4.39.v20210325; built: 2021-03-25T14:42:11.471Z; git: 9fc7ca5a922f2a37b84ec9dbc26a5168cee7e667; jvm 1.8.0_181-b13
17:51:24.780 [Test worker] INFO  o.e.j.s.AbstractConnector - Started ServerConnector@65fa5b08{HTTP/1.1, (http/1.1)}{0.0.0.0:53669}
17:51:24.781 [Test worker] INFO  o.e.j.s.Server - Started @251813ms
17:51:24.781 [Test worker] DEBUG o.s.w.t.h.s.r.b.JettyHttpServer - Server started on port 53669(0 millis).
17:51:24.781 [Test worker] DEBUG o.s.w.c.RestTemplate - HTTP OPTIONS http://localhost:53669/ambiguous-header
17:51:24.781 [Test worker] DEBUG o.s.w.c.RestTemplate - Accept=[text/plain, application/json, application/x-jackson-smile, application/*+json, */*]
17:51:24.783 [qtp265008287-1008] DEBUG o.s.w.s.a.HttpWebHandlerAdapter - [5e7e69f0] HTTP OPTIONS "/ambiguous-header"
17:51:24.783 [qtp265008287-1008] DEBUG o.s.w.r.r.m.a.RequestMappingHandlerMapping - [5e7e69f0] Mapped to org.springframework.web.reactive.result.method.AbstractHandlerMethodMapping$PreFlightAmbiguousMatchHandler#handle()
17:51:24.783 [qtp265008287-1008] DEBUG o.s.w.s.a.HttpWebHandlerAdapter - [5e7e69f0] Completed 200 OK
17:51:24.783 [Test worker] DEBUG o.s.w.c.RestTemplate - Response 200 OK
17:51:24.784 [Test worker] DEBUG o.s.w.t.h.s.r.b.JettyHttpServer - Stopping JettyHttpServer...
17:51:24.784 [Test worker] INFO  o.e.j.s.h.ContextHandler - Stopped o.e.j.s.ServletContextHandler@479e1714{/,null,STOPPED}
17:51:24.785 [Test worker] INFO  o.e.j.s.AbstractConnector - Stopped ServerConnector@65fa5b08{HTTP/1.1, (http/1.1)}{0.0.0.0:0}
17:51:24.785 [Test worker] DEBUG o.s.w.t.h.s.r.b.JettyHttpServer - Server stopped (0 millis).
17:51:24.806 [Test worker] DEBUG o.s.w.r.r.m.a.RequestMappingHandlerMapping - 18 mappings in 'requestMappingHandlerMapping'
17:51:24.817 [Test worker] DEBUG o.s.w.r.r.m.a.ControllerMethodResolver - ControllerAdvice beans: none
17:51:24.819 [Test worker] DEBUG o.s.w.s.a.HttpWebHandlerAdapter - enableLoggingRequestDetails='false': form data and headers will be masked to prevent unsafe logging of potentially sensitive data
17:51:24.819 [Test worker] DEBUG o.s.w.t.h.s.r.b.ReactorHttpServer - Starting ReactorHttpServer...
17:51:24.820 [Test worker] DEBUG o.s.w.t.h.s.r.b.ReactorHttpServer - Server started on port 53671(0 millis).
17:51:24.820 [Test worker] DEBUG o.s.w.c.RestTemplate - HTTP OPTIONS http://localhost:53671/ambiguous-header
17:51:24.820 [Test worker] DEBUG o.s.w.c.RestTemplate - Accept=[text/plain, application/json, application/x-jackson-smile, application/*+json, */*]
17:51:24.821 [reactor-http-nio-1] DEBUG o.s.w.s.a.HttpWebHandlerAdapter - [33dcf8b0-1, L:/127.0.0.1:53671 - R:/127.0.0.1:53672] HTTP OPTIONS "/ambiguous-header"
17:51:24.822 [reactor-http-nio-1] DEBUG o.s.w.r.r.m.a.RequestMappingHandlerMapping - [33dcf8b0-1, L:/127.0.0.1:53671 - R:/127.0.0.1:53672] Mapped to org.springframework.web.reactive.result.method.AbstractHandlerMethodMapping$PreFlightAmbiguousMatchHandler#handle()
17:51:24.822 [reactor-http-nio-1] DEBUG o.s.w.s.a.HttpWebHandlerAdapter - [33dcf8b0-1, L:/127.0.0.1:53671 - R:/127.0.0.1:53672] Completed 200 OK
17:51:24.823 [Test worker] DEBUG o.s.w.c.RestTemplate - Response 200 OK
17:51:24.823 [Test worker] DEBUG o.s.w.t.h.s.r.b.ReactorHttpServer - Stopping ReactorHttpServer...
17:51:24.823 [Test worker] DEBUG o.s.w.t.h.s.r.b.ReactorHttpServer - Server stopped (0 millis).
17:51:24.847 [Test worker] DEBUG o.s.w.r.r.m.a.RequestMappingHandlerMapping - 18 mappings in 'requestMappingHandlerMapping'
17:51:24.857 [Test worker] DEBUG o.s.w.r.r.m.a.ControllerMethodResolver - ControllerAdvice beans: none
17:51:24.859 [Test worker] DEBUG o.s.w.s.a.HttpWebHandlerAdapter - enableLoggingRequestDetails='false': form data and headers will be masked to prevent unsafe logging of potentially sensitive data
17:51:24.859 [Test worker] DEBUG o.s.w.t.h.s.r.b.TomcatHttpServer - Starting TomcatHttpServer...
17:51:24.868 [Test worker] DEBUG o.s.w.t.h.s.r.b.TomcatHttpServer - Server started on port 53673(0 millis).
17:51:24.868 [Test worker] DEBUG o.s.w.c.RestTemplate - HTTP OPTIONS http://localhost:53673/ambiguous-header
17:51:24.868 [Test worker] DEBUG o.s.w.c.RestTemplate - Accept=[text/plain, application/json, application/x-jackson-smile, application/*+json, */*]
17:51:24.871 [http-nio-auto-22-exec-1] DEBUG o.s.w.s.a.HttpWebHandlerAdapter - [1d0fe2c5] HTTP OPTIONS "/ambiguous-header"
17:51:24.871 [http-nio-auto-22-exec-1] DEBUG o.s.w.r.r.m.a.RequestMappingHandlerMapping - [1d0fe2c5] Mapped to org.springframework.web.reactive.result.method.AbstractHandlerMethodMapping$PreFlightAmbiguousMatchHandler#handle()
17:51:24.871 [http-nio-auto-22-exec-1] DEBUG o.s.w.s.a.HttpWebHandlerAdapter - [1d0fe2c5] Completed 200 OK
17:51:24.873 [Test worker] DEBUG o.s.w.c.RestTemplate - Response 200 OK
17:51:24.873 [Test worker] DEBUG o.s.w.t.h.s.r.b.TomcatHttpServer - Stopping TomcatHttpServer...
17:51:36.056 [Test worker] DEBUG o.s.w.t.h.s.r.b.TomcatHttpServer - Server stopped (0 millis).
17:51:36.085 [Test worker] DEBUG o.s.w.r.r.m.a.RequestMappingHandlerMapping - 18 mappings in 'requestMappingHandlerMapping'
17:51:36.095 [Test worker] DEBUG o.s.w.r.r.m.a.ControllerMethodResolver - ControllerAdvice beans: none
17:51:36.096 [Test worker] DEBUG o.s.w.s.a.HttpWebHandlerAdapter - enableLoggingRequestDetails='false': form data and headers will be masked to prevent unsafe logging of potentially sensitive data
17:51:36.096 [Test worker] DEBUG o.s.w.t.h.s.r.b.UndertowHttpServer - Starting UndertowHttpServer...
17:51:36.096 [Test worker] INFO  i.undertow - starting server: Undertow - 2.2.7.Final
17:51:36.099 [Test worker] DEBUG o.s.w.t.h.s.r.b.UndertowHttpServer - Server started on port 53698(0 millis).
17:51:36.099 [Test worker] DEBUG o.s.w.c.RestTemplate - HTTP OPTIONS http://localhost:53698/ambiguous-header
17:51:36.099 [Test worker] DEBUG o.s.w.c.RestTemplate - Accept=[text/plain, application/json, application/x-jackson-smile, application/*+json, */*]
17:51:36.101 [XNIO-22 I/O-7] DEBUG o.s.w.s.a.HttpWebHandlerAdapter - [75c69702-24] HTTP OPTIONS "/ambiguous-header"
17:51:36.101 [XNIO-22 I/O-7] DEBUG o.s.w.r.r.m.a.RequestMappingHandlerMapping - [75c69702-24] Mapped to org.springframework.web.reactive.result.method.AbstractHandlerMethodMapping$PreFlightAmbiguousMatchHandler#handle()
17:51:36.102 [XNIO-22 I/O-7] DEBUG o.s.w.s.a.HttpWebHandlerAdapter - [75c69702-24] Completed 200 OK
17:51:36.102 [Test worker] DEBUG o.s.w.c.RestTemplate - Response 200 OK
17:51:36.102 [Test worker] DEBUG o.s.w.t.h.s.r.b.UndertowHttpServer - Stopping UndertowHttpServer...
17:51:36.102 [Test worker] INFO  i.undertow - stopping server: Undertow - 2.2.7.Final
17:51:36.103 [Test worker] DEBUG o.s.w.t.h.s.r.b.UndertowHttpServer - Server stopped (0 millis).
17:51:36.124 [Test worker] DEBUG o.s.w.r.r.m.a.RequestMappingHandlerMapping - 18 mappings in 'requestMappingHandlerMapping'
17:51:36.133 [Test worker] DEBUG o.s.w.r.r.m.a.ControllerMethodResolver - ControllerAdvice beans: none
17:51:36.134 [Test worker] DEBUG o.s.w.s.a.HttpWebHandlerAdapter - enableLoggingRequestDetails='false': form data and headers will be masked to prevent unsafe logging of potentially sensitive data
17:51:36.134 [Test worker] WARN  o.e.j.s.h.ContextHandler - Empty contextPath
17:51:36.134 [Test worker] INFO  o.e.j.s.h.ContextHandler - Started o.e.j.s.ServletContextHandler@7297bb0b{/,null,AVAILABLE}
17:51:36.134 [Test worker] DEBUG o.s.w.t.h.s.r.b.JettyHttpServer - Starting JettyHttpServer...
17:51:36.134 [Test worker] INFO  o.e.j.s.Server - jetty-9.4.39.v20210325; built: 2021-03-25T14:42:11.471Z; git: 9fc7ca5a922f2a37b84ec9dbc26a5168cee7e667; jvm 1.8.0_181-b13
17:51:36.136 [Test worker] INFO  o.e.j.s.AbstractConnector - Started ServerConnector@13bba33e{HTTP/1.1, (http/1.1)}{0.0.0.0:53700}
17:51:36.136 [Test worker] INFO  o.e.j.s.Server - Started @263168ms
17:51:36.136 [Test worker] DEBUG o.s.w.t.h.s.r.b.JettyHttpServer - Server started on port 53700(0 millis).
17:51:36.136 [Test worker] DEBUG o.s.w.c.RestTemplate - HTTP OPTIONS http://localhost:53700/ambiguous-produces
17:51:36.136 [Test worker] DEBUG o.s.w.c.RestTemplate - Accept=[text/plain, application/json, application/x-jackson-smile, application/*+json, */*]
17:51:36.137 [qtp656483728-1053] DEBUG o.s.w.s.a.HttpWebHandlerAdapter - [6b10ea49] HTTP OPTIONS "/ambiguous-produces"
17:51:36.138 [qtp656483728-1053] DEBUG o.s.w.r.r.m.a.RequestMappingHandlerMapping - [6b10ea49] Mapped to org.springframework.web.reactive.result.method.AbstractHandlerMethodMapping$PreFlightAmbiguousMatchHandler#handle()
17:51:36.138 [qtp656483728-1053] DEBUG o.s.w.s.a.HttpWebHandlerAdapter - [6b10ea49] Completed 200 OK
17:51:36.138 [Test worker] DEBUG o.s.w.c.RestTemplate - Response 200 OK
17:51:36.138 [Test worker] DEBUG o.s.w.t.h.s.r.b.JettyHttpServer - Stopping JettyHttpServer...
17:51:36.138 [Test worker] INFO  o.e.j.s.h.ContextHandler - Stopped o.e.j.s.ServletContextHandler@7297bb0b{/,null,STOPPED}
17:51:36.139 [Test worker] INFO  o.e.j.s.AbstractConnector - Stopped ServerConnector@13bba33e{HTTP/1.1, (http/1.1)}{0.0.0.0:0}
17:51:36.139 [Test worker] DEBUG o.s.w.t.h.s.r.b.JettyHttpServer - Server stopped (0 millis).
17:51:36.160 [Test worker] DEBUG o.s.w.r.r.m.a.RequestMappingHandlerMapping - 18 mappings in 'requestMappingHandlerMapping'
17:51:36.169 [Test worker] DEBUG o.s.w.r.r.m.a.ControllerMethodResolver - ControllerAdvice beans: none
17:51:36.170 [Test worker] DEBUG o.s.w.s.a.HttpWebHandlerAdapter - enableLoggingRequestDetails='false': form data and headers will be masked to prevent unsafe logging of potentially sensitive data
17:51:36.170 [Test worker] DEBUG o.s.w.t.h.s.r.b.ReactorHttpServer - Starting ReactorHttpServer...
17:51:36.171 [Test worker] DEBUG o.s.w.t.h.s.r.b.ReactorHttpServer - Server started on port 53702(0 millis).
17:51:36.171 [Test worker] DEBUG o.s.w.c.RestTemplate - HTTP OPTIONS http://localhost:53702/ambiguous-produces
17:51:36.171 [Test worker] DEBUG o.s.w.c.RestTemplate - Accept=[text/plain, application/json, application/x-jackson-smile, application/*+json, */*]
17:51:36.173 [reactor-http-nio-3] DEBUG o.s.w.s.a.HttpWebHandlerAdapter - [b32c7546-1, L:/127.0.0.1:53702 - R:/127.0.0.1:53703] HTTP OPTIONS "/ambiguous-produces"
17:51:36.173 [reactor-http-nio-3] DEBUG o.s.w.r.r.m.a.RequestMappingHandlerMapping - [b32c7546-1, L:/127.0.0.1:53702 - R:/127.0.0.1:53703] Mapped to org.springframework.web.reactive.result.method.AbstractHandlerMethodMapping$PreFlightAmbiguousMatchHandler#handle()
17:51:36.173 [reactor-http-nio-3] DEBUG o.s.w.s.a.HttpWebHandlerAdapter - [b32c7546-1, L:/127.0.0.1:53702 - R:/127.0.0.1:53703] Completed 200 OK
17:51:36.174 [Test worker] DEBUG o.s.w.c.RestTemplate - Response 200 OK
17:51:36.174 [Test worker] DEBUG o.s.w.t.h.s.r.b.ReactorHttpServer - Stopping ReactorHttpServer...
17:51:36.174 [Test worker] DEBUG o.s.w.t.h.s.r.b.ReactorHttpServer - Server stopped (0 millis).
17:51:36.193 [Test worker] DEBUG o.s.w.r.r.m.a.RequestMappingHandlerMapping - 18 mappings in 'requestMappingHandlerMapping'
17:51:36.201 [Test worker] DEBUG o.s.w.r.r.m.a.ControllerMethodResolver - ControllerAdvice beans: none
17:51:36.203 [Test worker] DEBUG o.s.w.s.a.HttpWebHandlerAdapter - enableLoggingRequestDetails='false': form data and headers will be masked to prevent unsafe logging of potentially sensitive data
17:51:36.203 [Test worker] DEBUG o.s.w.t.h.s.r.b.TomcatHttpServer - Starting TomcatHttpServer...
17:51:36.207 [Test worker] DEBUG o.s.w.t.h.s.r.b.TomcatHttpServer - Server started on port 53704(0 millis).
17:51:36.207 [Test worker] DEBUG o.s.w.c.RestTemplate - HTTP OPTIONS http://localhost:53704/ambiguous-produces
17:51:36.207 [Test worker] DEBUG o.s.w.c.RestTemplate - Accept=[text/plain, application/json, application/x-jackson-smile, application/*+json, */*]
17:51:36.209 [http-nio-auto-23-exec-1] DEBUG o.s.w.s.a.HttpWebHandlerAdapter - [15c76cb4] HTTP OPTIONS "/ambiguous-produces"
17:51:36.209 [http-nio-auto-23-exec-1] DEBUG o.s.w.r.r.m.a.RequestMappingHandlerMapping - [15c76cb4] Mapped to org.springframework.web.reactive.result.method.AbstractHandlerMethodMapping$PreFlightAmbiguousMatchHandler#handle()
17:51:36.209 [http-nio-auto-23-exec-1] DEBUG o.s.w.s.a.HttpWebHandlerAdapter - [15c76cb4] Completed 200 OK
17:51:36.210 [Test worker] DEBUG o.s.w.c.RestTemplate - Response 200 OK
17:51:36.210 [Test worker] DEBUG o.s.w.t.h.s.r.b.TomcatHttpServer - Stopping TomcatHttpServer...
17:51:47.420 [Test worker] DEBUG o.s.w.t.h.s.r.b.TomcatHttpServer - Server stopped (0 millis).
17:51:47.454 [Test worker] DEBUG o.s.w.r.r.m.a.RequestMappingHandlerMapping - 18 mappings in 'requestMappingHandlerMapping'
17:51:47.463 [Test worker] DEBUG o.s.w.r.r.m.a.ControllerMethodResolver - ControllerAdvice beans: none
17:51:47.464 [Test worker] DEBUG o.s.w.s.a.HttpWebHandlerAdapter - enableLoggingRequestDetails='false': form data and headers will be masked to prevent unsafe logging of potentially sensitive data
17:51:47.464 [Test worker] DEBUG o.s.w.t.h.s.r.b.UndertowHttpServer - Starting UndertowHttpServer...
17:51:47.464 [Test worker] INFO  i.undertow - starting server: Undertow - 2.2.7.Final
17:51:47.467 [Test worker] DEBUG o.s.w.t.h.s.r.b.UndertowHttpServer - Server started on port 53728(0 millis).
17:51:47.467 [Test worker] DEBUG o.s.w.c.RestTemplate - HTTP OPTIONS http://localhost:53728/ambiguous-produces
17:51:47.467 [Test worker] DEBUG o.s.w.c.RestTemplate - Accept=[text/plain, application/json, application/x-jackson-smile, application/*+json, */*]
17:51:47.468 [XNIO-23 I/O-15] DEBUG o.s.w.s.a.HttpWebHandlerAdapter - [360e205e-25] HTTP OPTIONS "/ambiguous-produces"
17:51:47.469 [XNIO-23 I/O-15] DEBUG o.s.w.r.r.m.a.RequestMappingHandlerMapping - [360e205e-25] Mapped to org.springframework.web.reactive.result.method.AbstractHandlerMethodMapping$PreFlightAmbiguousMatchHandler#handle()
17:51:47.469 [XNIO-23 I/O-15] DEBUG o.s.w.s.a.HttpWebHandlerAdapter - [360e205e-25] Completed 200 OK
17:51:47.469 [Test worker] DEBUG o.s.w.c.RestTemplate - Response 200 OK
17:51:47.469 [Test worker] DEBUG o.s.w.t.h.s.r.b.UndertowHttpServer - Stopping UndertowHttpServer...
17:51:47.469 [Test worker] INFO  i.undertow - stopping server: Undertow - 2.2.7.Final
17:51:47.470 [Test worker] DEBUG o.s.w.t.h.s.r.b.UndertowHttpServer - Server stopped (0 millis).
17:51:47.491 [Test worker] DEBUG o.s.w.r.r.m.a.RequestMappingHandlerMapping - 18 mappings in 'requestMappingHandlerMapping'
17:51:47.500 [Test worker] DEBUG o.s.w.r.r.m.a.ControllerMethodResolver - ControllerAdvice beans: none
17:51:47.501 [Test worker] DEBUG o.s.w.s.a.HttpWebHandlerAdapter - enableLoggingRequestDetails='false': form data and headers will be masked to prevent unsafe logging of potentially sensitive data
17:51:47.501 [Test worker] WARN  o.e.j.s.h.ContextHandler - Empty contextPath
17:51:47.501 [Test worker] INFO  o.e.j.s.h.ContextHandler - Started o.e.j.s.ServletContextHandler@2cfa528c{/,null,AVAILABLE}
17:51:47.501 [Test worker] DEBUG o.s.w.t.h.s.r.b.JettyHttpServer - Starting JettyHttpServer...
17:51:47.501 [Test worker] INFO  o.e.j.s.Server - jetty-9.4.39.v20210325; built: 2021-03-25T14:42:11.471Z; git: 9fc7ca5a922f2a37b84ec9dbc26a5168cee7e667; jvm 1.8.0_181-b13
17:51:47.503 [Test worker] INFO  o.e.j.s.AbstractConnector - Started ServerConnector@429b2b50{HTTP/1.1, (http/1.1)}{0.0.0.0:53730}
17:51:47.503 [Test worker] INFO  o.e.j.s.Server - Started @274535ms
17:51:47.503 [Test worker] DEBUG o.s.w.t.h.s.r.b.JettyHttpServer - Server started on port 53730(0 millis).
17:51:47.503 [Test worker] DEBUG o.s.w.c.RestTemplate - HTTP OPTIONS http://localhost:53730/default
17:51:47.503 [Test worker] DEBUG o.s.w.c.RestTemplate - Accept=[application/json, application/x-jackson-smile, application/*+json]
17:51:47.505 [qtp1220663745-1098] DEBUG o.s.w.s.a.HttpWebHandlerAdapter - [76fbdf4c] HTTP OPTIONS "/default"
17:51:47.505 [qtp1220663745-1098] DEBUG o.s.w.r.r.m.a.RequestMappingHandlerMapping - [76fbdf4c] Mapped to org.springframework.web.reactive.result.method.annotation.CrossOriginAnnotationIntegrationTests$MethodLevelController#defaultAnnotation()
17:51:47.505 [qtp1220663745-1098] DEBUG o.s.w.s.a.HttpWebHandlerAdapter - [76fbdf4c] Completed 200 OK
17:51:47.505 [Test worker] DEBUG o.s.w.c.RestTemplate - Response 200 OK
17:51:47.505 [Test worker] DEBUG o.s.w.t.h.s.r.b.JettyHttpServer - Stopping JettyHttpServer...
17:51:47.505 [Test worker] INFO  o.e.j.s.h.ContextHandler - Stopped o.e.j.s.ServletContextHandler@2cfa528c{/,null,STOPPED}
17:51:47.506 [Test worker] INFO  o.e.j.s.AbstractConnector - Stopped ServerConnector@429b2b50{HTTP/1.1, (http/1.1)}{0.0.0.0:0}
17:51:47.506 [Test worker] DEBUG o.s.w.t.h.s.r.b.JettyHttpServer - Server stopped (0 millis).
17:51:47.526 [Test worker] DEBUG o.s.w.r.r.m.a.RequestMappingHandlerMapping - 18 mappings in 'requestMappingHandlerMapping'
17:51:47.535 [Test worker] DEBUG o.s.w.r.r.m.a.ControllerMethodResolver - ControllerAdvice beans: none
17:51:47.536 [Test worker] DEBUG o.s.w.s.a.HttpWebHandlerAdapter - enableLoggingRequestDetails='false': form data and headers will be masked to prevent unsafe logging of potentially sensitive data
17:51:47.536 [Test worker] DEBUG o.s.w.t.h.s.r.b.ReactorHttpServer - Starting ReactorHttpServer...
17:51:47.537 [Test worker] DEBUG o.s.w.t.h.s.r.b.ReactorHttpServer - Server started on port 53732(0 millis).
17:51:47.537 [Test worker] DEBUG o.s.w.c.RestTemplate - HTTP OPTIONS http://localhost:53732/default
17:51:47.537 [Test worker] DEBUG o.s.w.c.RestTemplate - Accept=[application/json, application/x-jackson-smile, application/*+json]
17:51:47.539 [reactor-http-nio-5] DEBUG o.s.w.s.a.HttpWebHandlerAdapter - [4b2386fc-1, L:/127.0.0.1:53732 - R:/127.0.0.1:53733] HTTP OPTIONS "/default"
17:51:47.539 [reactor-http-nio-5] DEBUG o.s.w.r.r.m.a.RequestMappingHandlerMapping - [4b2386fc-1, L:/127.0.0.1:53732 - R:/127.0.0.1:53733] Mapped to org.springframework.web.reactive.result.method.annotation.CrossOriginAnnotationIntegrationTests$MethodLevelController#defaultAnnotation()
17:51:47.539 [reactor-http-nio-5] DEBUG o.s.w.s.a.HttpWebHandlerAdapter - [4b2386fc-1, L:/127.0.0.1:53732 - R:/127.0.0.1:53733] Completed 200 OK
17:51:47.539 [Test worker] DEBUG o.s.w.c.RestTemplate - Response 200 OK
17:51:47.540 [Test worker] DEBUG o.s.w.t.h.s.r.b.ReactorHttpServer - Stopping ReactorHttpServer...
17:51:47.540 [Test worker] DEBUG o.s.w.t.h.s.r.b.ReactorHttpServer - Server stopped (0 millis).
17:51:47.560 [Test worker] DEBUG o.s.w.r.r.m.a.RequestMappingHandlerMapping - 18 mappings in 'requestMappingHandlerMapping'
17:51:47.569 [Test worker] DEBUG o.s.w.r.r.m.a.ControllerMethodResolver - ControllerAdvice beans: none
17:51:47.570 [Test worker] DEBUG o.s.w.s.a.HttpWebHandlerAdapter - enableLoggingRequestDetails='false': form data and headers will be masked to prevent unsafe logging of potentially sensitive data
17:51:47.571 [Test worker] DEBUG o.s.w.t.h.s.r.b.TomcatHttpServer - Starting TomcatHttpServer...
17:51:47.574 [Test worker] DEBUG o.s.w.t.h.s.r.b.TomcatHttpServer - Server started on port 53734(0 millis).
17:51:47.574 [Test worker] DEBUG o.s.w.c.RestTemplate - HTTP OPTIONS http://localhost:53734/default
17:51:47.575 [Test worker] DEBUG o.s.w.c.RestTemplate - Accept=[application/json, application/x-jackson-smile, application/*+json]
17:51:47.577 [http-nio-auto-24-exec-1] DEBUG o.s.w.s.a.HttpWebHandlerAdapter - [9623615] HTTP OPTIONS "/default"
17:51:47.577 [http-nio-auto-24-exec-1] DEBUG o.s.w.r.r.m.a.RequestMappingHandlerMapping - [9623615] Mapped to org.springframework.web.reactive.result.method.annotation.CrossOriginAnnotationIntegrationTests$MethodLevelController#defaultAnnotation()
17:51:47.577 [http-nio-auto-24-exec-1] DEBUG o.s.w.s.a.HttpWebHandlerAdapter - [9623615] Completed 200 OK
17:51:47.578 [Test worker] DEBUG o.s.w.c.RestTemplate - Response 200 OK
17:51:47.578 [Test worker] DEBUG o.s.w.t.h.s.r.b.TomcatHttpServer - Stopping TomcatHttpServer...
17:51:58.748 [Test worker] DEBUG o.s.w.t.h.s.r.b.TomcatHttpServer - Server stopped (0 millis).
17:51:58.777 [Test worker] DEBUG o.s.w.r.r.m.a.RequestMappingHandlerMapping - 18 mappings in 'requestMappingHandlerMapping'
17:51:58.787 [Test worker] DEBUG o.s.w.r.r.m.a.ControllerMethodResolver - ControllerAdvice beans: none
17:51:58.788 [Test worker] DEBUG o.s.w.s.a.HttpWebHandlerAdapter - enableLoggingRequestDetails='false': form data and headers will be masked to prevent unsafe logging of potentially sensitive data
17:51:58.788 [Test worker] DEBUG o.s.w.t.h.s.r.b.UndertowHttpServer - Starting UndertowHttpServer...
17:51:58.788 [Test worker] INFO  i.undertow - starting server: Undertow - 2.2.7.Final
17:51:58.791 [Test worker] DEBUG o.s.w.t.h.s.r.b.UndertowHttpServer - Server started on port 53758(0 millis).
17:51:58.791 [Test worker] DEBUG o.s.w.c.RestTemplate - HTTP OPTIONS http://localhost:53758/default
17:51:58.791 [Test worker] DEBUG o.s.w.c.RestTemplate - Accept=[application/json, application/x-jackson-smile, application/*+json]
17:51:58.793 [XNIO-24 I/O-12] DEBUG o.s.w.s.a.HttpWebHandlerAdapter - [316941f4-26] HTTP OPTIONS "/default"
17:51:58.793 [XNIO-24 I/O-12] DEBUG o.s.w.r.r.m.a.RequestMappingHandlerMapping - [316941f4-26] Mapped to org.springframework.web.reactive.result.method.annotation.CrossOriginAnnotationIntegrationTests$MethodLevelController#defaultAnnotation()
17:51:58.793 [XNIO-24 I/O-12] DEBUG o.s.w.s.a.HttpWebHandlerAdapter - [316941f4-26] Completed 200 OK
17:51:58.793 [Test worker] DEBUG o.s.w.c.RestTemplate - Response 200 OK
17:51:58.793 [Test worker] DEBUG o.s.w.t.h.s.r.b.UndertowHttpServer - Stopping UndertowHttpServer...
17:51:58.793 [Test worker] INFO  i.undertow - stopping server: Undertow - 2.2.7.Final
17:51:58.794 [Test worker] DEBUG o.s.w.t.h.s.r.b.UndertowHttpServer - Server stopped (0 millis).
17:51:58.814 [Test worker] DEBUG o.s.w.r.r.m.a.RequestMappingHandlerMapping - 18 mappings in 'requestMappingHandlerMapping'
17:51:58.823 [Test worker] DEBUG o.s.w.r.r.m.a.ControllerMethodResolver - ControllerAdvice beans: none
17:51:58.825 [Test worker] DEBUG o.s.w.s.a.HttpWebHandlerAdapter - enableLoggingRequestDetails='false': form data and headers will be masked to prevent unsafe logging of potentially sensitive data
17:51:58.825 [Test worker] WARN  o.e.j.s.h.ContextHandler - Empty contextPath
17:51:58.825 [Test worker] INFO  o.e.j.s.h.ContextHandler - Started o.e.j.s.ServletContextHandler@2706d801{/,null,AVAILABLE}
17:51:58.825 [Test worker] DEBUG o.s.w.t.h.s.r.b.JettyHttpServer - Starting JettyHttpServer...
17:51:58.825 [Test worker] INFO  o.e.j.s.Server - jetty-9.4.39.v20210325; built: 2021-03-25T14:42:11.471Z; git: 9fc7ca5a922f2a37b84ec9dbc26a5168cee7e667; jvm 1.8.0_181-b13
17:51:58.826 [Test worker] INFO  o.e.j.s.AbstractConnector - Started ServerConnector@3be423d7{HTTP/1.1, (http/1.1)}{0.0.0.0:53760}
17:51:58.826 [Test worker] INFO  o.e.j.s.Server - Started @285858ms
17:51:58.826 [Test worker] DEBUG o.s.w.t.h.s.r.b.JettyHttpServer - Server started on port 53760(0 millis).
17:51:58.826 [Test worker] DEBUG o.s.w.c.RestTemplate - HTTP OPTIONS http://localhost:53760/classAge
17:51:58.827 [Test worker] DEBUG o.s.w.c.RestTemplate - Accept=[text/plain, application/json, application/x-jackson-smile, application/*+json, */*]
17:51:58.828 [qtp1273013898-1143] DEBUG o.s.w.s.a.HttpWebHandlerAdapter - [6d00a51f] HTTP OPTIONS "/classAge"
17:51:58.828 [qtp1273013898-1143] DEBUG o.s.w.r.r.m.a.RequestMappingHandlerMapping - [6d00a51f] Mapped to org.springframework.web.reactive.result.method.annotation.CrossOriginAnnotationIntegrationTests$MaxAgeWithDefaultOriginController#classAge()
17:51:58.828 [qtp1273013898-1143] DEBUG o.s.w.s.a.HttpWebHandlerAdapter - [6d00a51f] Completed 200 OK
17:51:58.828 [Test worker] DEBUG o.s.w.c.RestTemplate - Response 200 OK
17:51:58.829 [Test worker] DEBUG o.s.w.c.RestTemplate - HTTP OPTIONS http://localhost:53760/methodAge
17:51:58.829 [Test worker] DEBUG o.s.w.c.RestTemplate - Accept=[text/plain, application/json, application/x-jackson-smile, application/*+json, */*]
17:51:58.830 [qtp1273013898-1132] DEBUG o.s.w.s.a.HttpWebHandlerAdapter - [37c981d0] HTTP OPTIONS "/methodAge"
17:51:58.830 [qtp1273013898-1132] DEBUG o.s.w.r.r.m.a.RequestMappingHandlerMapping - [37c981d0] Mapped to org.springframework.web.reactive.result.method.annotation.CrossOriginAnnotationIntegrationTests$MaxAgeWithDefaultOriginController#methodAge()
17:51:58.830 [qtp1273013898-1132] DEBUG o.s.w.s.a.HttpWebHandlerAdapter - [37c981d0] Completed 200 OK
17:51:58.830 [Test worker] DEBUG o.s.w.c.RestTemplate - Response 200 OK
17:51:58.830 [Test worker] DEBUG o.s.w.t.h.s.r.b.JettyHttpServer - Stopping JettyHttpServer...
17:51:58.830 [Test worker] INFO  o.e.j.s.h.ContextHandler - Stopped o.e.j.s.ServletContextHandler@2706d801{/,null,STOPPED}
17:51:58.831 [Test worker] INFO  o.e.j.s.AbstractConnector - Stopped ServerConnector@3be423d7{HTTP/1.1, (http/1.1)}{0.0.0.0:0}
17:51:58.831 [Test worker] DEBUG o.s.w.t.h.s.r.b.JettyHttpServer - Server stopped (0 millis).
17:51:58.852 [Test worker] DEBUG o.s.w.r.r.m.a.RequestMappingHandlerMapping - 18 mappings in 'requestMappingHandlerMapping'
17:51:58.867 [Test worker] DEBUG o.s.w.r.r.m.a.ControllerMethodResolver - ControllerAdvice beans: none
17:51:58.869 [Test worker] DEBUG o.s.w.s.a.HttpWebHandlerAdapter - enableLoggingRequestDetails='false': form data and headers will be masked to prevent unsafe logging of potentially sensitive data
17:51:58.869 [Test worker] DEBUG o.s.w.t.h.s.r.b.ReactorHttpServer - Starting ReactorHttpServer...
17:51:58.870 [Test worker] DEBUG o.s.w.t.h.s.r.b.ReactorHttpServer - Server started on port 53762(0 millis).
17:51:58.870 [Test worker] DEBUG o.s.w.c.RestTemplate - HTTP OPTIONS http://localhost:53762/classAge
17:51:58.870 [Test worker] DEBUG o.s.w.c.RestTemplate - Accept=[text/plain, application/json, application/x-jackson-smile, application/*+json, */*]
17:51:58.871 [reactor-http-nio-7] DEBUG o.s.w.s.a.HttpWebHandlerAdapter - [3d6b91f1-1, L:/127.0.0.1:53762 - R:/127.0.0.1:53763] HTTP OPTIONS "/classAge"
17:51:58.871 [reactor-http-nio-7] DEBUG o.s.w.r.r.m.a.RequestMappingHandlerMapping - [3d6b91f1-1, L:/127.0.0.1:53762 - R:/127.0.0.1:53763] Mapped to org.springframework.web.reactive.result.method.annotation.CrossOriginAnnotationIntegrationTests$MaxAgeWithDefaultOriginController#classAge()
17:51:58.871 [reactor-http-nio-7] DEBUG o.s.w.s.a.HttpWebHandlerAdapter - [3d6b91f1-1, L:/127.0.0.1:53762 - R:/127.0.0.1:53763] Completed 200 OK
17:51:58.872 [Test worker] DEBUG o.s.w.c.RestTemplate - Response 200 OK
17:51:58.872 [Test worker] DEBUG o.s.w.c.RestTemplate - HTTP OPTIONS http://localhost:53762/methodAge
17:51:58.872 [Test worker] DEBUG o.s.w.c.RestTemplate - Accept=[text/plain, application/json, application/x-jackson-smile, application/*+json, */*]
17:51:58.873 [reactor-http-nio-7] DEBUG o.s.w.s.a.HttpWebHandlerAdapter - [3d6b91f1-2, L:/127.0.0.1:53762 - R:/127.0.0.1:53763] HTTP OPTIONS "/methodAge"
17:51:58.873 [reactor-http-nio-7] DEBUG o.s.w.r.r.m.a.RequestMappingHandlerMapping - [3d6b91f1-2, L:/127.0.0.1:53762 - R:/127.0.0.1:53763] Mapped to org.springframework.web.reactive.result.method.annotation.CrossOriginAnnotationIntegrationTests$MaxAgeWithDefaultOriginController#methodAge()
17:51:58.873 [reactor-http-nio-7] DEBUG o.s.w.s.a.HttpWebHandlerAdapter - [3d6b91f1-2, L:/127.0.0.1:53762 - R:/127.0.0.1:53763] Completed 200 OK
17:51:58.874 [Test worker] DEBUG o.s.w.c.RestTemplate - Response 200 OK
17:51:58.874 [Test worker] DEBUG o.s.w.t.h.s.r.b.ReactorHttpServer - Stopping ReactorHttpServer...
17:51:58.874 [Test worker] DEBUG o.s.w.t.h.s.r.b.ReactorHttpServer - Server stopped (0 millis).
17:51:58.899 [Test worker] DEBUG o.s.w.r.r.m.a.RequestMappingHandlerMapping - 18 mappings in 'requestMappingHandlerMapping'
17:51:58.909 [Test worker] DEBUG o.s.w.r.r.m.a.ControllerMethodResolver - ControllerAdvice beans: none
17:51:58.911 [Test worker] DEBUG o.s.w.s.a.HttpWebHandlerAdapter - enableLoggingRequestDetails='false': form data and headers will be masked to prevent unsafe logging of potentially sensitive data
17:51:58.911 [Test worker] DEBUG o.s.w.t.h.s.r.b.TomcatHttpServer - Starting TomcatHttpServer...
17:51:58.916 [Test worker] DEBUG o.s.w.t.h.s.r.b.TomcatHttpServer - Server started on port 53764(0 millis).
17:51:58.916 [Test worker] DEBUG o.s.w.c.RestTemplate - HTTP OPTIONS http://localhost:53764/classAge
17:51:58.916 [Test worker] DEBUG o.s.w.c.RestTemplate - Accept=[text/plain, application/json, application/x-jackson-smile, application/*+json, */*]
17:51:58.918 [http-nio-auto-25-exec-1] DEBUG o.s.w.s.a.HttpWebHandlerAdapter - [6d2fed02] HTTP OPTIONS "/classAge"
17:51:58.918 [http-nio-auto-25-exec-1] DEBUG o.s.w.r.r.m.a.RequestMappingHandlerMapping - [6d2fed02] Mapped to org.springframework.web.reactive.result.method.annotation.CrossOriginAnnotationIntegrationTests$MaxAgeWithDefaultOriginController#classAge()
17:51:58.918 [http-nio-auto-25-exec-1] DEBUG o.s.w.s.a.HttpWebHandlerAdapter - [6d2fed02] Completed 200 OK
17:51:58.919 [Test worker] DEBUG o.s.w.c.RestTemplate - Response 200 OK
17:51:58.919 [Test worker] DEBUG o.s.w.c.RestTemplate - HTTP OPTIONS http://localhost:53764/methodAge
17:51:58.919 [Test worker] DEBUG o.s.w.c.RestTemplate - Accept=[text/plain, application/json, application/x-jackson-smile, application/*+json, */*]
17:51:58.920 [http-nio-auto-25-exec-2] DEBUG o.s.w.s.a.HttpWebHandlerAdapter - [5c0d2058] HTTP OPTIONS "/methodAge"
17:51:58.920 [http-nio-auto-25-exec-2] DEBUG o.s.w.r.r.m.a.RequestMappingHandlerMapping - [5c0d2058] Mapped to org.springframework.web.reactive.result.method.annotation.CrossOriginAnnotationIntegrationTests$MaxAgeWithDefaultOriginController#methodAge()
17:51:58.920 [http-nio-auto-25-exec-2] DEBUG o.s.w.s.a.HttpWebHandlerAdapter - [5c0d2058] Completed 200 OK
17:51:58.921 [Test worker] DEBUG o.s.w.c.RestTemplate - Response 200 OK
17:51:58.921 [Test worker] DEBUG o.s.w.t.h.s.r.b.TomcatHttpServer - Stopping TomcatHttpServer...
17:52:10.089 [Test worker] DEBUG o.s.w.t.h.s.r.b.TomcatHttpServer - Server stopped (0 millis).
17:52:10.118 [Test worker] DEBUG o.s.w.r.r.m.a.RequestMappingHandlerMapping - 18 mappings in 'requestMappingHandlerMapping'
17:52:10.128 [Test worker] DEBUG o.s.w.r.r.m.a.ControllerMethodResolver - ControllerAdvice beans: none
17:52:10.129 [Test worker] DEBUG o.s.w.s.a.HttpWebHandlerAdapter - enableLoggingRequestDetails='false': form data and headers will be masked to prevent unsafe logging of potentially sensitive data
17:52:10.129 [Test worker] DEBUG o.s.w.t.h.s.r.b.UndertowHttpServer - Starting UndertowHttpServer...
17:52:10.129 [Test worker] INFO  i.undertow - starting server: Undertow - 2.2.7.Final
17:52:10.132 [Test worker] DEBUG o.s.w.t.h.s.r.b.UndertowHttpServer - Server started on port 53794(0 millis).
17:52:10.132 [Test worker] DEBUG o.s.w.c.RestTemplate - HTTP OPTIONS http://localhost:53794/classAge
17:52:10.132 [Test worker] DEBUG o.s.w.c.RestTemplate - Accept=[text/plain, application/json, application/x-jackson-smile, application/*+json, */*]
17:52:10.134 [XNIO-25 I/O-5] DEBUG o.s.w.s.a.HttpWebHandlerAdapter - [5779c1e1-27] HTTP OPTIONS "/classAge"
17:52:10.134 [XNIO-25 I/O-5] DEBUG o.s.w.r.r.m.a.RequestMappingHandlerMapping - [5779c1e1-27] Mapped to org.springframework.web.reactive.result.method.annotation.CrossOriginAnnotationIntegrationTests$MaxAgeWithDefaultOriginController#classAge()
17:52:10.134 [XNIO-25 I/O-5] DEBUG o.s.w.s.a.HttpWebHandlerAdapter - [5779c1e1-27] Completed 200 OK
17:52:10.134 [Test worker] DEBUG o.s.w.c.RestTemplate - Response 200 OK
17:52:10.135 [Test worker] DEBUG o.s.w.c.RestTemplate - HTTP OPTIONS http://localhost:53794/methodAge
17:52:10.135 [Test worker] DEBUG o.s.w.c.RestTemplate - Accept=[text/plain, application/json, application/x-jackson-smile, application/*+json, */*]
17:52:10.135 [XNIO-25 I/O-5] DEBUG o.s.w.s.a.HttpWebHandlerAdapter - [5779c1e1-28] HTTP OPTIONS "/methodAge"
17:52:10.135 [XNIO-25 I/O-5] DEBUG o.s.w.r.r.m.a.RequestMappingHandlerMapping - [5779c1e1-28] Mapped to org.springframework.web.reactive.result.method.annotation.CrossOriginAnnotationIntegrationTests$MaxAgeWithDefaultOriginController#methodAge()
17:52:10.135 [XNIO-25 I/O-5] DEBUG o.s.w.s.a.HttpWebHandlerAdapter - [5779c1e1-28] Completed 200 OK
17:52:10.136 [Test worker] DEBUG o.s.w.c.RestTemplate - Response 200 OK
17:52:10.136 [Test worker] DEBUG o.s.w.t.h.s.r.b.UndertowHttpServer - Stopping UndertowHttpServer...
17:52:10.136 [Test worker] INFO  i.undertow - stopping server: Undertow - 2.2.7.Final
17:52:10.136 [Test worker] DEBUG o.s.w.t.h.s.r.b.UndertowHttpServer - Server stopped (0 millis).
17:52:10.158 [Test worker] DEBUG o.s.w.r.r.m.a.RequestMappingHandlerMapping - 18 mappings in 'requestMappingHandlerMapping'
17:52:10.167 [Test worker] DEBUG o.s.w.r.r.m.a.ControllerMethodResolver - ControllerAdvice beans: none
17:52:10.168 [Test worker] DEBUG o.s.w.s.a.HttpWebHandlerAdapter - enableLoggingRequestDetails='false': form data and headers will be masked to prevent unsafe logging of potentially sensitive data
17:52:10.168 [Test worker] WARN  o.e.j.s.h.ContextHandler - Empty contextPath
17:52:10.168 [Test worker] INFO  o.e.j.s.h.ContextHandler - Started o.e.j.s.ServletContextHandler@283eb5a{/,null,AVAILABLE}
17:52:10.168 [Test worker] DEBUG o.s.w.t.h.s.r.b.JettyHttpServer - Starting JettyHttpServer...
17:52:10.168 [Test worker] INFO  o.e.j.s.Server - jetty-9.4.39.v20210325; built: 2021-03-25T14:42:11.471Z; git: 9fc7ca5a922f2a37b84ec9dbc26a5168cee7e667; jvm 1.8.0_181-b13
17:52:10.170 [Test worker] INFO  o.e.j.s.AbstractConnector - Started ServerConnector@662e76c8{HTTP/1.1, (http/1.1)}{0.0.0.0:53796}
17:52:10.170 [Test worker] INFO  o.e.j.s.Server - Started @297201ms
17:52:10.170 [Test worker] DEBUG o.s.w.t.h.s.r.b.JettyHttpServer - Server started on port 53796(0 millis).
17:52:10.170 [Test worker] DEBUG o.s.w.c.RestTemplate - HTTP GET http://localhost:53796/origin-pattern-value-attribute
17:52:10.170 [Test worker] DEBUG o.s.w.c.RestTemplate - Accept=[text/plain, application/json, application/x-jackson-smile, application/*+json, */*]
17:52:10.171 [qtp1526303357-1188] DEBUG o.s.w.s.a.HttpWebHandlerAdapter - [16ca864a] HTTP GET "/origin-pattern-value-attribute"
17:52:10.171 [qtp1526303357-1188] DEBUG o.s.w.r.r.m.a.RequestMappingHandlerMapping - [16ca864a] Mapped to org.springframework.web.reactive.result.method.annotation.CrossOriginAnnotationIntegrationTests$MethodLevelController#customOriginPatternDefinedViaValueAttribute()
17:52:10.172 [qtp1526303357-1188] DEBUG o.s.w.r.r.m.a.ResponseBodyResultHandler - [16ca864a] Using 'text/plain;charset=UTF-8' given [text/plain, application/json, application/x-jackson-smile, application/*+json, */*] and supported [text/plain;charset=UTF-8, text/event-stream, text/plain;charset=UTF-8, */*]
17:52:10.172 [qtp1526303357-1188] DEBUG o.s.w.r.r.m.a.ResponseBodyResultHandler - [16ca864a] 0..1 [java.lang.String]
17:52:10.172 [qtp1526303357-1188] DEBUG o.s.c.c.CharSequenceEncoder - [16ca864a] Writing "pattern-value-attribute"
17:52:10.172 [qtp1526303357-1188] DEBUG o.s.w.s.a.HttpWebHandlerAdapter - [16ca864a] Completed 200 OK
17:52:10.172 [Test worker] DEBUG o.s.w.c.RestTemplate - Response 200 OK
17:52:10.172 [Test worker] DEBUG o.s.w.c.RestTemplate - Reading to [java.lang.String] as "text/plain;charset=utf-8"
17:52:10.172 [Test worker] DEBUG o.s.w.t.h.s.r.b.JettyHttpServer - Stopping JettyHttpServer...
17:52:10.172 [Test worker] INFO  o.e.j.s.h.ContextHandler - Stopped o.e.j.s.ServletContextHandler@283eb5a{/,null,STOPPED}
17:52:10.173 [Test worker] INFO  o.e.j.s.AbstractConnector - Stopped ServerConnector@662e76c8{HTTP/1.1, (http/1.1)}{0.0.0.0:0}
17:52:10.173 [Test worker] DEBUG o.s.w.t.h.s.r.b.JettyHttpServer - Server stopped (0 millis).
17:52:10.193 [Test worker] DEBUG o.s.w.r.r.m.a.RequestMappingHandlerMapping - 18 mappings in 'requestMappingHandlerMapping'
17:52:10.202 [Test worker] DEBUG o.s.w.r.r.m.a.ControllerMethodResolver - ControllerAdvice beans: none
17:52:10.204 [Test worker] DEBUG o.s.w.s.a.HttpWebHandlerAdapter - enableLoggingRequestDetails='false': form data and headers will be masked to prevent unsafe logging of potentially sensitive data
17:52:10.204 [Test worker] DEBUG o.s.w.t.h.s.r.b.ReactorHttpServer - Starting ReactorHttpServer...
17:52:10.204 [Test worker] DEBUG o.s.w.t.h.s.r.b.ReactorHttpServer - Server started on port 53798(0 millis).
17:52:10.204 [Test worker] DEBUG o.s.w.c.RestTemplate - HTTP GET http://localhost:53798/origin-pattern-value-attribute
17:52:10.204 [Test worker] DEBUG o.s.w.c.RestTemplate - Accept=[text/plain, application/json, application/x-jackson-smile, application/*+json, */*]
17:52:10.206 [reactor-http-nio-9] DEBUG o.s.w.s.a.HttpWebHandlerAdapter - [b3ba47ec-1, L:/127.0.0.1:53798 - R:/127.0.0.1:53799] HTTP GET "/origin-pattern-value-attribute"
17:52:10.206 [reactor-http-nio-9] DEBUG o.s.w.r.r.m.a.RequestMappingHandlerMapping - [b3ba47ec-1, L:/127.0.0.1:53798 - R:/127.0.0.1:53799] Mapped to org.springframework.web.reactive.result.method.annotation.CrossOriginAnnotationIntegrationTests$MethodLevelController#customOriginPatternDefinedViaValueAttribute()
17:52:10.206 [reactor-http-nio-9] DEBUG o.s.w.r.r.m.a.ResponseBodyResultHandler - [b3ba47ec-1, L:/127.0.0.1:53798 - R:/127.0.0.1:53799] Using 'text/plain;charset=UTF-8' given [text/plain, application/json, application/x-jackson-smile, application/*+json, */*] and supported [text/plain;charset=UTF-8, text/event-stream, text/plain;charset=UTF-8, */*]
17:52:10.206 [reactor-http-nio-9] DEBUG o.s.w.r.r.m.a.ResponseBodyResultHandler - [b3ba47ec-1, L:/127.0.0.1:53798 - R:/127.0.0.1:53799] 0..1 [java.lang.String]
17:52:10.207 [reactor-http-nio-9] DEBUG o.s.c.c.CharSequenceEncoder - [b3ba47ec-1, L:/127.0.0.1:53798 - R:/127.0.0.1:53799] Writing "pattern-value-attribute"
17:52:10.208 [reactor-http-nio-9] DEBUG o.s.w.s.a.HttpWebHandlerAdapter - [b3ba47ec-1, L:/127.0.0.1:53798 - R:/127.0.0.1:53799] Completed 200 OK
17:52:10.208 [Test worker] DEBUG o.s.w.c.RestTemplate - Response 200 OK
17:52:10.208 [Test worker] DEBUG o.s.w.c.RestTemplate - Reading to [java.lang.String] as "text/plain;charset=UTF-8"
17:52:10.208 [Test worker] DEBUG o.s.w.t.h.s.r.b.ReactorHttpServer - Stopping ReactorHttpServer...
17:52:10.208 [Test worker] DEBUG o.s.w.t.h.s.r.b.ReactorHttpServer - Server stopped (0 millis).
17:52:10.228 [Test worker] DEBUG o.s.w.r.r.m.a.RequestMappingHandlerMapping - 18 mappings in 'requestMappingHandlerMapping'
17:52:10.237 [Test worker] DEBUG o.s.w.r.r.m.a.ControllerMethodResolver - ControllerAdvice beans: none
17:52:10.238 [Test worker] DEBUG o.s.w.s.a.HttpWebHandlerAdapter - enableLoggingRequestDetails='false': form data and headers will be masked to prevent unsafe logging of potentially sensitive data
17:52:10.239 [Test worker] DEBUG o.s.w.t.h.s.r.b.TomcatHttpServer - Starting TomcatHttpServer...
17:52:10.243 [Test worker] DEBUG o.s.w.t.h.s.r.b.TomcatHttpServer - Server started on port 53800(0 millis).
17:52:10.243 [Test worker] DEBUG o.s.w.c.RestTemplate - HTTP GET http://localhost:53800/origin-pattern-value-attribute
17:52:10.243 [Test worker] DEBUG o.s.w.c.RestTemplate - Accept=[text/plain, application/json, application/x-jackson-smile, application/*+json, */*]
17:52:10.245 [http-nio-auto-26-exec-1] DEBUG o.s.w.s.a.HttpWebHandlerAdapter - [7ed67fb7] HTTP GET "/origin-pattern-value-attribute"
17:52:10.245 [http-nio-auto-26-exec-1] DEBUG o.s.w.r.r.m.a.RequestMappingHandlerMapping - [7ed67fb7] Mapped to org.springframework.web.reactive.result.method.annotation.CrossOriginAnnotationIntegrationTests$MethodLevelController#customOriginPatternDefinedViaValueAttribute()
17:52:10.245 [http-nio-auto-26-exec-1] DEBUG o.s.w.r.r.m.a.ResponseBodyResultHandler - [7ed67fb7] Using 'text/plain;charset=UTF-8' given [text/plain, application/json, application/x-jackson-smile, application/*+json, */*] and supported [text/plain;charset=UTF-8, text/event-stream, text/plain;charset=UTF-8, */*]
17:52:10.245 [http-nio-auto-26-exec-1] DEBUG o.s.w.r.r.m.a.ResponseBodyResultHandler - [7ed67fb7] 0..1 [java.lang.String]
17:52:10.245 [http-nio-auto-26-exec-1] DEBUG o.s.c.c.CharSequenceEncoder - [7ed67fb7] Writing "pattern-value-attribute"
17:52:10.246 [http-nio-auto-26-exec-1] DEBUG o.s.w.s.a.HttpWebHandlerAdapter - [7ed67fb7] Completed 200 OK
17:52:10.246 [Test worker] DEBUG o.s.w.c.RestTemplate - Response 200 OK
17:52:10.246 [Test worker] DEBUG o.s.w.c.RestTemplate - Reading to [java.lang.String] as "text/plain;charset=UTF-8"
17:52:10.246 [Test worker] DEBUG o.s.w.t.h.s.r.b.TomcatHttpServer - Stopping TomcatHttpServer...
17:52:21.386 [Test worker] DEBUG o.s.w.t.h.s.r.b.TomcatHttpServer - Server stopped (0 millis).
17:52:21.415 [Test worker] DEBUG o.s.w.r.r.m.a.RequestMappingHandlerMapping - 18 mappings in 'requestMappingHandlerMapping'
17:52:21.424 [Test worker] DEBUG o.s.w.r.r.m.a.ControllerMethodResolver - ControllerAdvice beans: none
17:52:21.426 [Test worker] DEBUG o.s.w.s.a.HttpWebHandlerAdapter - enableLoggingRequestDetails='false': form data and headers will be masked to prevent unsafe logging of potentially sensitive data
17:52:21.426 [Test worker] DEBUG o.s.w.t.h.s.r.b.UndertowHttpServer - Starting UndertowHttpServer...
17:52:21.426 [Test worker] INFO  i.undertow - starting server: Undertow - 2.2.7.Final
17:52:21.433 [Test worker] DEBUG o.s.w.t.h.s.r.b.UndertowHttpServer - Server started on port 53837(0 millis).
17:52:21.433 [Test worker] DEBUG o.s.w.c.RestTemplate - HTTP GET http://localhost:53837/origin-pattern-value-attribute
17:52:21.433 [Test worker] DEBUG o.s.w.c.RestTemplate - Accept=[text/plain, application/json, application/x-jackson-smile, application/*+json, */*]
17:52:21.435 [XNIO-26 I/O-10] DEBUG o.s.w.s.a.HttpWebHandlerAdapter - [4cb3cef-29] HTTP GET "/origin-pattern-value-attribute"
17:52:21.435 [XNIO-26 I/O-10] DEBUG o.s.w.r.r.m.a.RequestMappingHandlerMapping - [4cb3cef-29] Mapped to org.springframework.web.reactive.result.method.annotation.CrossOriginAnnotationIntegrationTests$MethodLevelController#customOriginPatternDefinedViaValueAttribute()
17:52:21.435 [XNIO-26 I/O-10] DEBUG o.s.w.r.r.m.a.ResponseBodyResultHandler - [4cb3cef-29] Using 'text/plain;charset=UTF-8' given [text/plain, application/json, application/x-jackson-smile, application/*+json, */*] and supported [text/plain;charset=UTF-8, text/event-stream, text/plain;charset=UTF-8, */*]
17:52:21.435 [XNIO-26 I/O-10] DEBUG o.s.w.r.r.m.a.ResponseBodyResultHandler - [4cb3cef-29] 0..1 [java.lang.String]
17:52:21.435 [XNIO-26 I/O-10] DEBUG o.s.c.c.CharSequenceEncoder - [4cb3cef-29] Writing "pattern-value-attribute"
17:52:21.436 [XNIO-26 I/O-10] DEBUG o.s.w.s.a.HttpWebHandlerAdapter - [4cb3cef-29] Completed 200 OK
17:52:21.436 [Test worker] DEBUG o.s.w.c.RestTemplate - Response 200 OK
17:52:21.436 [Test worker] DEBUG o.s.w.c.RestTemplate - Reading to [java.lang.String] as "text/plain;charset=UTF-8"
17:52:21.436 [Test worker] DEBUG o.s.w.t.h.s.r.b.UndertowHttpServer - Stopping UndertowHttpServer...
17:52:21.436 [Test worker] INFO  i.undertow - stopping server: Undertow - 2.2.7.Final
17:52:21.437 [Test worker] DEBUG o.s.w.t.h.s.r.b.UndertowHttpServer - Server stopped (0 millis).
17:52:21.457 [Test worker] DEBUG o.s.w.r.r.m.a.RequestMappingHandlerMapping - 18 mappings in 'requestMappingHandlerMapping'
17:52:21.466 [Test worker] DEBUG o.s.w.r.r.m.a.ControllerMethodResolver - ControllerAdvice beans: none
17:52:21.468 [Test worker] DEBUG o.s.w.s.a.HttpWebHandlerAdapter - enableLoggingRequestDetails='false': form data and headers will be masked to prevent unsafe logging of potentially sensitive data
17:52:21.468 [Test worker] WARN  o.e.j.s.h.ContextHandler - Empty contextPath
17:52:21.468 [Test worker] INFO  o.e.j.s.h.ContextHandler - Started o.e.j.s.ServletContextHandler@5a54c366{/,null,AVAILABLE}
17:52:21.468 [Test worker] DEBUG o.s.w.t.h.s.r.b.JettyHttpServer - Starting JettyHttpServer...
17:52:21.468 [Test worker] INFO  o.e.j.s.Server - jetty-9.4.39.v20210325; built: 2021-03-25T14:42:11.471Z; git: 9fc7ca5a922f2a37b84ec9dbc26a5168cee7e667; jvm 1.8.0_181-b13
17:52:21.469 [Test worker] INFO  o.e.j.s.AbstractConnector - Started ServerConnector@2c33678a{HTTP/1.1, (http/1.1)}{0.0.0.0:53839}
17:52:21.469 [Test worker] INFO  o.e.j.s.Server - Started @308501ms
17:52:21.469 [Test worker] DEBUG o.s.w.t.h.s.r.b.JettyHttpServer - Server started on port 53839(0 millis).
17:52:21.470 [Test worker] DEBUG o.s.w.c.RestTemplate - HTTP OPTIONS http://localhost:53839/customized
17:52:21.470 [Test worker] DEBUG o.s.w.c.RestTemplate - Accept=[text/plain, application/json, application/x-jackson-smile, application/*+json, */*]
17:52:21.471 [qtp2013988988-1233] DEBUG o.s.w.s.a.HttpWebHandlerAdapter - [6d2a5b0f] HTTP OPTIONS "/customized"
17:52:21.471 [qtp2013988988-1233] DEBUG o.s.w.r.r.m.a.RequestMappingHandlerMapping - [6d2a5b0f] Mapped to org.springframework.web.reactive.result.method.annotation.CrossOriginAnnotationIntegrationTests$MethodLevelController#customized()
17:52:21.471 [qtp2013988988-1233] DEBUG o.s.w.s.a.HttpWebHandlerAdapter - [6d2a5b0f] Completed 200 OK
17:52:21.472 [Test worker] DEBUG o.s.w.c.RestTemplate - Response 200 OK
17:52:21.472 [Test worker] DEBUG o.s.w.t.h.s.r.b.JettyHttpServer - Stopping JettyHttpServer...
17:52:21.472 [Test worker] INFO  o.e.j.s.h.ContextHandler - Stopped o.e.j.s.ServletContextHandler@5a54c366{/,null,STOPPED}
17:52:21.472 [Test worker] INFO  o.e.j.s.AbstractConnector - Stopped ServerConnector@2c33678a{HTTP/1.1, (http/1.1)}{0.0.0.0:0}
17:52:21.472 [Test worker] DEBUG o.s.w.t.h.s.r.b.JettyHttpServer - Server stopped (0 millis).
17:52:21.494 [Test worker] DEBUG o.s.w.r.r.m.a.RequestMappingHandlerMapping - 18 mappings in 'requestMappingHandlerMapping'
17:52:21.502 [Test worker] DEBUG o.s.w.r.r.m.a.ControllerMethodResolver - ControllerAdvice beans: none
17:52:21.503 [Test worker] DEBUG o.s.w.s.a.HttpWebHandlerAdapter - enableLoggingRequestDetails='false': form data and headers will be masked to prevent unsafe logging of potentially sensitive data
17:52:21.503 [Test worker] DEBUG o.s.w.t.h.s.r.b.ReactorHttpServer - Starting ReactorHttpServer...
17:52:21.504 [Test worker] DEBUG o.s.w.t.h.s.r.b.ReactorHttpServer - Server started on port 53841(0 millis).
17:52:21.504 [Test worker] DEBUG o.s.w.c.RestTemplate - HTTP OPTIONS http://localhost:53841/customized
17:52:21.505 [Test worker] DEBUG o.s.w.c.RestTemplate - Accept=[text/plain, application/json, application/x-jackson-smile, application/*+json, */*]
17:52:21.507 [reactor-http-nio-11] DEBUG o.s.w.s.a.HttpWebHandlerAdapter - [0648c361-1, L:/127.0.0.1:53841 - R:/127.0.0.1:53842] HTTP OPTIONS "/customized"
17:52:21.507 [reactor-http-nio-11] DEBUG o.s.w.r.r.m.a.RequestMappingHandlerMapping - [0648c361-1, L:/127.0.0.1:53841 - R:/127.0.0.1:53842] Mapped to org.springframework.web.reactive.result.method.annotation.CrossOriginAnnotationIntegrationTests$MethodLevelController#customized()
17:52:21.507 [reactor-http-nio-11] DEBUG o.s.w.s.a.HttpWebHandlerAdapter - [0648c361-1, L:/127.0.0.1:53841 - R:/127.0.0.1:53842] Completed 200 OK
17:52:21.509 [Test worker] DEBUG o.s.w.c.RestTemplate - Response 200 OK
17:52:21.509 [Test worker] DEBUG o.s.w.t.h.s.r.b.ReactorHttpServer - Stopping ReactorHttpServer...
17:52:21.509 [Test worker] DEBUG o.s.w.t.h.s.r.b.ReactorHttpServer - Server stopped (0 millis).
17:52:21.528 [Test worker] DEBUG o.s.w.r.r.m.a.RequestMappingHandlerMapping - 18 mappings in 'requestMappingHandlerMapping'
17:52:21.535 [Test worker] DEBUG o.s.w.r.r.m.a.ControllerMethodResolver - ControllerAdvice beans: none
17:52:21.536 [Test worker] DEBUG o.s.w.s.a.HttpWebHandlerAdapter - enableLoggingRequestDetails='false': form data and headers will be masked to prevent unsafe logging of potentially sensitive data
17:52:21.537 [Test worker] DEBUG o.s.w.t.h.s.r.b.TomcatHttpServer - Starting TomcatHttpServer...
17:52:21.540 [Test worker] DEBUG o.s.w.t.h.s.r.b.TomcatHttpServer - Server started on port 53843(0 millis).
17:52:21.540 [Test worker] DEBUG o.s.w.c.RestTemplate - HTTP OPTIONS http://localhost:53843/customized
17:52:21.540 [Test worker] DEBUG o.s.w.c.RestTemplate - Accept=[text/plain, application/json, application/x-jackson-smile, application/*+json, */*]
17:52:21.542 [http-nio-auto-27-exec-1] DEBUG o.s.w.s.a.HttpWebHandlerAdapter - [358aad0c] HTTP OPTIONS "/customized"
17:52:21.542 [http-nio-auto-27-exec-1] DEBUG o.s.w.r.r.m.a.RequestMappingHandlerMapping - [358aad0c] Mapped to org.springframework.web.reactive.result.method.annotation.CrossOriginAnnotationIntegrationTests$MethodLevelController#customized()
17:52:21.543 [http-nio-auto-27-exec-1] DEBUG o.s.w.s.a.HttpWebHandlerAdapter - [358aad0c] Completed 200 OK
17:52:21.543 [Test worker] DEBUG o.s.w.c.RestTemplate - Response 200 OK
17:52:21.543 [Test worker] DEBUG o.s.w.t.h.s.r.b.TomcatHttpServer - Stopping TomcatHttpServer...
17:52:32.747 [Test worker] DEBUG o.s.w.t.h.s.r.b.TomcatHttpServer - Server stopped (0 millis).
17:52:32.776 [Test worker] DEBUG o.s.w.r.r.m.a.RequestMappingHandlerMapping - 18 mappings in 'requestMappingHandlerMapping'
17:52:32.787 [Test worker] DEBUG o.s.w.r.r.m.a.ControllerMethodResolver - ControllerAdvice beans: none
17:52:32.788 [Test worker] DEBUG o.s.w.s.a.HttpWebHandlerAdapter - enableLoggingRequestDetails='false': form data and headers will be masked to prevent unsafe logging of potentially sensitive data
17:52:32.788 [Test worker] DEBUG o.s.w.t.h.s.r.b.UndertowHttpServer - Starting UndertowHttpServer...
17:52:32.788 [Test worker] INFO  i.undertow - starting server: Undertow - 2.2.7.Final
17:52:32.791 [Test worker] DEBUG o.s.w.t.h.s.r.b.UndertowHttpServer - Server started on port 53867(0 millis).
17:52:32.791 [Test worker] DEBUG o.s.w.c.RestTemplate - HTTP OPTIONS http://localhost:53867/customized
17:52:32.791 [Test worker] DEBUG o.s.w.c.RestTemplate - Accept=[text/plain, application/json, application/x-jackson-smile, application/*+json, */*]
17:52:32.792 [XNIO-27 I/O-3] DEBUG o.s.w.s.a.HttpWebHandlerAdapter - [70640180-30] HTTP OPTIONS "/customized"
17:52:32.792 [XNIO-27 I/O-3] DEBUG o.s.w.r.r.m.a.RequestMappingHandlerMapping - [70640180-30] Mapped to org.springframework.web.reactive.result.method.annotation.CrossOriginAnnotationIntegrationTests$MethodLevelController#customized()
17:52:32.792 [XNIO-27 I/O-3] DEBUG o.s.w.s.a.HttpWebHandlerAdapter - [70640180-30] Completed 200 OK
17:52:32.793 [Test worker] DEBUG o.s.w.c.RestTemplate - Response 200 OK
17:52:32.793 [Test worker] DEBUG o.s.w.t.h.s.r.b.UndertowHttpServer - Stopping UndertowHttpServer...
17:52:32.793 [Test worker] INFO  i.undertow - stopping server: Undertow - 2.2.7.Final
17:52:32.793 [Test worker] DEBUG o.s.w.t.h.s.r.b.UndertowHttpServer - Server stopped (0 millis).
17:52:32.814 [Test worker] DEBUG o.s.w.r.r.m.a.RequestMappingHandlerMapping - 18 mappings in 'requestMappingHandlerMapping'
17:52:32.823 [Test worker] DEBUG o.s.w.r.r.m.a.ControllerMethodResolver - ControllerAdvice beans: none
17:52:32.824 [Test worker] DEBUG o.s.w.s.a.HttpWebHandlerAdapter - enableLoggingRequestDetails='false': form data and headers will be masked to prevent unsafe logging of potentially sensitive data
17:52:32.824 [Test worker] WARN  o.e.j.s.h.ContextHandler - Empty contextPath
17:52:32.824 [Test worker] INFO  o.e.j.s.h.ContextHandler - Started o.e.j.s.ServletContextHandler@6820e0b{/,null,AVAILABLE}
17:52:32.825 [Test worker] DEBUG o.s.w.t.h.s.r.b.JettyHttpServer - Starting JettyHttpServer...
17:52:32.825 [Test worker] INFO  o.e.j.s.Server - jetty-9.4.39.v20210325; built: 2021-03-25T14:42:11.471Z; git: 9fc7ca5a922f2a37b84ec9dbc26a5168cee7e667; jvm 1.8.0_181-b13
17:52:32.826 [Test worker] INFO  o.e.j.s.AbstractConnector - Started ServerConnector@2cf843cc{HTTP/1.1, (http/1.1)}{0.0.0.0:53869}
17:52:32.826 [Test worker] INFO  o.e.j.s.Server - Started @319857ms
17:52:32.826 [Test worker] DEBUG o.s.w.t.h.s.r.b.JettyHttpServer - Server started on port 53869(0 millis).
17:52:32.826 [Test worker] DEBUG o.s.w.c.RestTemplate - HTTP GET http://localhost:53869/default
17:52:32.826 [Test worker] DEBUG o.s.w.c.RestTemplate - Accept=[text/plain, application/json, application/x-jackson-smile, application/*+json, */*]
17:52:32.827 [qtp1889305778-1278] DEBUG o.s.w.s.a.HttpWebHandlerAdapter - [296f8e9d] HTTP GET "/default"
17:52:32.828 [qtp1889305778-1278] DEBUG o.s.w.r.r.m.a.RequestMappingHandlerMapping - [296f8e9d] Mapped to org.springframework.web.reactive.result.method.annotation.CrossOriginAnnotationIntegrationTests$MethodLevelController#defaultAnnotation()
17:52:32.828 [qtp1889305778-1278] DEBUG o.s.w.r.r.m.a.ResponseBodyResultHandler - [296f8e9d] Using 'text/plain;charset=UTF-8' given [text/plain, application/json, application/x-jackson-smile, application/*+json, */*] and supported [text/plain;charset=UTF-8, text/event-stream, text/plain;charset=UTF-8, */*]
17:52:32.828 [qtp1889305778-1278] DEBUG o.s.w.r.r.m.a.ResponseBodyResultHandler - [296f8e9d] 0..1 [java.lang.String]
17:52:32.828 [qtp1889305778-1278] DEBUG o.s.c.c.CharSequenceEncoder - [296f8e9d] Writing "default"
17:52:32.829 [Test worker] DEBUG o.s.w.c.RestTemplate - Response 200 OK
17:52:32.829 [Test worker] DEBUG o.s.w.c.RestTemplate - Reading to [java.lang.String] as "text/plain;charset=utf-8"
17:52:32.829 [qtp1889305778-1278] DEBUG o.s.w.s.a.HttpWebHandlerAdapter - [296f8e9d] Completed 200 OK
17:52:32.829 [Test worker] DEBUG o.s.w.t.h.s.r.b.JettyHttpServer - Stopping JettyHttpServer...
17:52:32.829 [Test worker] INFO  o.e.j.s.h.ContextHandler - Stopped o.e.j.s.ServletContextHandler@6820e0b{/,null,STOPPED}
17:52:32.829 [Test worker] INFO  o.e.j.s.AbstractConnector - Stopped ServerConnector@2cf843cc{HTTP/1.1, (http/1.1)}{0.0.0.0:0}
17:52:32.830 [Test worker] DEBUG o.s.w.t.h.s.r.b.JettyHttpServer - Server stopped (0 millis).
17:52:32.849 [Test worker] DEBUG o.s.w.r.r.m.a.RequestMappingHandlerMapping - 18 mappings in 'requestMappingHandlerMapping'
17:52:32.858 [Test worker] DEBUG o.s.w.r.r.m.a.ControllerMethodResolver - ControllerAdvice beans: none
17:52:32.859 [Test worker] DEBUG o.s.w.s.a.HttpWebHandlerAdapter - enableLoggingRequestDetails='false': form data and headers will be masked to prevent unsafe logging of potentially sensitive data
17:52:32.859 [Test worker] DEBUG o.s.w.t.h.s.r.b.ReactorHttpServer - Starting ReactorHttpServer...
17:52:32.860 [Test worker] DEBUG o.s.w.t.h.s.r.b.ReactorHttpServer - Server started on port 53871(0 millis).
17:52:32.860 [Test worker] DEBUG o.s.w.c.RestTemplate - HTTP GET http://localhost:53871/default
17:52:32.860 [Test worker] DEBUG o.s.w.c.RestTemplate - Accept=[text/plain, application/json, application/x-jackson-smile, application/*+json, */*]
17:52:32.862 [reactor-http-nio-13] DEBUG o.s.w.s.a.HttpWebHandlerAdapter - [0d4bac71-1, L:/127.0.0.1:53871 - R:/127.0.0.1:53872] HTTP GET "/default"
17:52:32.862 [reactor-http-nio-13] DEBUG o.s.w.r.r.m.a.RequestMappingHandlerMapping - [0d4bac71-1, L:/127.0.0.1:53871 - R:/127.0.0.1:53872] Mapped to org.springframework.web.reactive.result.method.annotation.CrossOriginAnnotationIntegrationTests$MethodLevelController#defaultAnnotation()
17:52:32.862 [reactor-http-nio-13] DEBUG o.s.w.r.r.m.a.ResponseBodyResultHandler - [0d4bac71-1, L:/127.0.0.1:53871 - R:/127.0.0.1:53872] Using 'text/plain;charset=UTF-8' given [text/plain, application/json, application/x-jackson-smile, application/*+json, */*] and supported [text/plain;charset=UTF-8, text/event-stream, text/plain;charset=UTF-8, */*]
17:52:32.862 [reactor-http-nio-13] DEBUG o.s.w.r.r.m.a.ResponseBodyResultHandler - [0d4bac71-1, L:/127.0.0.1:53871 - R:/127.0.0.1:53872] 0..1 [java.lang.String]
17:52:32.862 [reactor-http-nio-13] DEBUG o.s.c.c.CharSequenceEncoder - [0d4bac71-1, L:/127.0.0.1:53871 - R:/127.0.0.1:53872] Writing "default"
17:52:32.863 [reactor-http-nio-13] DEBUG o.s.w.s.a.HttpWebHandlerAdapter - [0d4bac71-1, L:/127.0.0.1:53871 - R:/127.0.0.1:53872] Completed 200 OK
17:52:32.863 [Test worker] DEBUG o.s.w.c.RestTemplate - Response 200 OK
17:52:32.863 [Test worker] DEBUG o.s.w.c.RestTemplate - Reading to [java.lang.String] as "text/plain;charset=UTF-8"
17:52:32.864 [Test worker] DEBUG o.s.w.t.h.s.r.b.ReactorHttpServer - Stopping ReactorHttpServer...
17:52:32.864 [Test worker] DEBUG o.s.w.t.h.s.r.b.ReactorHttpServer - Server stopped (0 millis).
17:52:32.883 [Test worker] DEBUG o.s.w.r.r.m.a.RequestMappingHandlerMapping - 18 mappings in 'requestMappingHandlerMapping'
17:52:32.897 [Test worker] DEBUG o.s.w.r.r.m.a.ControllerMethodResolver - ControllerAdvice beans: none
17:52:32.898 [Test worker] DEBUG o.s.w.s.a.HttpWebHandlerAdapter - enableLoggingRequestDetails='false': form data and headers will be masked to prevent unsafe logging of potentially sensitive data
17:52:32.899 [Test worker] DEBUG o.s.w.t.h.s.r.b.TomcatHttpServer - Starting TomcatHttpServer...
17:52:32.904 [Test worker] DEBUG o.s.w.t.h.s.r.b.TomcatHttpServer - Server started on port 53873(0 millis).
17:52:32.904 [Test worker] DEBUG o.s.w.c.RestTemplate - HTTP GET http://localhost:53873/default
17:52:32.904 [Test worker] DEBUG o.s.w.c.RestTemplate - Accept=[text/plain, application/json, application/x-jackson-smile, application/*+json, */*]
17:52:32.905 [http-nio-auto-28-exec-1] DEBUG o.s.w.s.a.HttpWebHandlerAdapter - [30dd95cc] HTTP GET "/default"
17:52:32.906 [http-nio-auto-28-exec-1] DEBUG o.s.w.r.r.m.a.RequestMappingHandlerMapping - [30dd95cc] Mapped to org.springframework.web.reactive.result.method.annotation.CrossOriginAnnotationIntegrationTests$MethodLevelController#defaultAnnotation()
17:52:32.906 [http-nio-auto-28-exec-1] DEBUG o.s.w.r.r.m.a.ResponseBodyResultHandler - [30dd95cc] Using 'text/plain;charset=UTF-8' given [text/plain, application/json, application/x-jackson-smile, application/*+json, */*] and supported [text/plain;charset=UTF-8, text/event-stream, text/plain;charset=UTF-8, */*]
17:52:32.906 [http-nio-auto-28-exec-1] DEBUG o.s.w.r.r.m.a.ResponseBodyResultHandler - [30dd95cc] 0..1 [java.lang.String]
17:52:32.906 [http-nio-auto-28-exec-1] DEBUG o.s.c.c.CharSequenceEncoder - [30dd95cc] Writing "default"
17:52:32.907 [http-nio-auto-28-exec-1] DEBUG o.s.w.s.a.HttpWebHandlerAdapter - [30dd95cc] Completed 200 OK
17:52:32.907 [Test worker] DEBUG o.s.w.c.RestTemplate - Response 200 OK
17:52:32.907 [Test worker] DEBUG o.s.w.c.RestTemplate - Reading to [java.lang.String] as "text/plain;charset=UTF-8"
17:52:32.907 [Test worker] DEBUG o.s.w.t.h.s.r.b.TomcatHttpServer - Stopping TomcatHttpServer...
17:52:44.109 [Test worker] DEBUG o.s.w.t.h.s.r.b.TomcatHttpServer - Server stopped (0 millis).
17:52:44.135 [Test worker] DEBUG o.s.w.r.r.m.a.RequestMappingHandlerMapping - 18 mappings in 'requestMappingHandlerMapping'
17:52:44.144 [Test worker] DEBUG o.s.w.r.r.m.a.ControllerMethodResolver - ControllerAdvice beans: none
17:52:44.145 [Test worker] DEBUG o.s.w.s.a.HttpWebHandlerAdapter - enableLoggingRequestDetails='false': form data and headers will be masked to prevent unsafe logging of potentially sensitive data
17:52:44.145 [Test worker] DEBUG o.s.w.t.h.s.r.b.UndertowHttpServer - Starting UndertowHttpServer...
17:52:44.145 [Test worker] INFO  i.undertow - starting server: Undertow - 2.2.7.Final
17:52:44.148 [Test worker] DEBUG o.s.w.t.h.s.r.b.UndertowHttpServer - Server started on port 53897(0 millis).
17:52:44.148 [Test worker] DEBUG o.s.w.c.RestTemplate - HTTP GET http://localhost:53897/default
17:52:44.148 [Test worker] DEBUG o.s.w.c.RestTemplate - Accept=[text/plain, application/json, application/x-jackson-smile, application/*+json, */*]
17:52:44.150 [XNIO-28 I/O-3] DEBUG o.s.w.s.a.HttpWebHandlerAdapter - [10028733-31] HTTP GET "/default"
17:52:44.150 [XNIO-28 I/O-3] DEBUG o.s.w.r.r.m.a.RequestMappingHandlerMapping - [10028733-31] Mapped to org.springframework.web.reactive.result.method.annotation.CrossOriginAnnotationIntegrationTests$MethodLevelController#defaultAnnotation()
17:52:44.150 [XNIO-28 I/O-3] DEBUG o.s.w.r.r.m.a.ResponseBodyResultHandler - [10028733-31] Using 'text/plain;charset=UTF-8' given [text/plain, application/json, application/x-jackson-smile, application/*+json, */*] and supported [text/plain;charset=UTF-8, text/event-stream, text/plain;charset=UTF-8, */*]
17:52:44.150 [XNIO-28 I/O-3] DEBUG o.s.w.r.r.m.a.ResponseBodyResultHandler - [10028733-31] 0..1 [java.lang.String]
17:52:44.150 [XNIO-28 I/O-3] DEBUG o.s.c.c.CharSequenceEncoder - [10028733-31] Writing "default"
17:52:44.151 [XNIO-28 I/O-3] DEBUG o.s.w.s.a.HttpWebHandlerAdapter - [10028733-31] Completed 200 OK
17:52:44.151 [Test worker] DEBUG o.s.w.c.RestTemplate - Response 200 OK
17:52:44.151 [Test worker] DEBUG o.s.w.c.RestTemplate - Reading to [java.lang.String] as "text/plain;charset=UTF-8"
17:52:44.151 [Test worker] DEBUG o.s.w.t.h.s.r.b.UndertowHttpServer - Stopping UndertowHttpServer...
17:52:44.151 [Test worker] INFO  i.undertow - stopping server: Undertow - 2.2.7.Final
17:52:44.152 [Test worker] DEBUG o.s.w.t.h.s.r.b.UndertowHttpServer - Server stopped (0 millis).
17:52:44.171 [Test worker] DEBUG o.s.w.r.r.m.a.RequestMappingHandlerMapping - 18 mappings in 'requestMappingHandlerMapping'
17:52:44.180 [Test worker] DEBUG o.s.w.r.r.m.a.ControllerMethodResolver - ControllerAdvice beans: none
17:52:44.181 [Test worker] DEBUG o.s.w.s.a.HttpWebHandlerAdapter - enableLoggingRequestDetails='false': form data and headers will be masked to prevent unsafe logging of potentially sensitive data
17:52:44.181 [Test worker] WARN  o.e.j.s.h.ContextHandler - Empty contextPath
17:52:44.181 [Test worker] INFO  o.e.j.s.h.ContextHandler - Started o.e.j.s.ServletContextHandler@4a59724c{/,null,AVAILABLE}
17:52:44.182 [Test worker] DEBUG o.s.w.t.h.s.r.b.JettyHttpServer - Starting JettyHttpServer...
17:52:44.182 [Test worker] INFO  o.e.j.s.Server - jetty-9.4.39.v20210325; built: 2021-03-25T14:42:11.471Z; git: 9fc7ca5a922f2a37b84ec9dbc26a5168cee7e667; jvm 1.8.0_181-b13
17:52:44.183 [Test worker] INFO  o.e.j.s.AbstractConnector - Started ServerConnector@2e426ef3{HTTP/1.1, (http/1.1)}{0.0.0.0:53899}
17:52:44.183 [Test worker] INFO  o.e.j.s.Server - Started @331214ms
17:52:44.183 [Test worker] DEBUG o.s.w.t.h.s.r.b.JettyHttpServer - Server started on port 53899(0 millis).
17:52:44.183 [Test worker] DEBUG o.s.w.c.RestTemplate - HTTP OPTIONS http://localhost:53899/no
17:52:44.183 [Test worker] DEBUG o.s.w.c.RestTemplate - Accept=[text/plain, application/json, application/x-jackson-smile, application/*+json, */*]
17:52:44.184 [qtp2031351211-1323] DEBUG o.s.w.s.a.HttpWebHandlerAdapter - [20fe24d7] HTTP OPTIONS "/no"
17:52:44.185 [qtp2031351211-1323] DEBUG o.s.w.r.r.m.a.RequestMappingHandlerMapping - [20fe24d7] Mapped to org.springframework.web.reactive.result.method.RequestMappingInfoHandlerMapping$HttpOptionsHandler#handle()
17:52:44.186 [qtp2031351211-1323] DEBUG o.s.w.s.a.HttpWebHandlerAdapter - [20fe24d7] Completed 200 OK
17:52:44.187 [Test worker] DEBUG o.s.w.c.RestTemplate - Response 200 OK
17:52:44.187 [Test worker] DEBUG o.s.w.t.h.s.r.b.JettyHttpServer - Stopping JettyHttpServer...
17:52:44.187 [Test worker] INFO  o.e.j.s.h.ContextHandler - Stopped o.e.j.s.ServletContextHandler@4a59724c{/,null,STOPPED}
17:52:44.187 [Test worker] INFO  o.e.j.s.AbstractConnector - Stopped ServerConnector@2e426ef3{HTTP/1.1, (http/1.1)}{0.0.0.0:0}
17:52:44.188 [Test worker] DEBUG o.s.w.t.h.s.r.b.JettyHttpServer - Server stopped (0 millis).
17:52:44.207 [Test worker] DEBUG o.s.w.r.r.m.a.RequestMappingHandlerMapping - 18 mappings in 'requestMappingHandlerMapping'
17:52:44.216 [Test worker] DEBUG o.s.w.r.r.m.a.ControllerMethodResolver - ControllerAdvice beans: none
17:52:44.217 [Test worker] DEBUG o.s.w.s.a.HttpWebHandlerAdapter - enableLoggingRequestDetails='false': form data and headers will be masked to prevent unsafe logging of potentially sensitive data
17:52:44.217 [Test worker] DEBUG o.s.w.t.h.s.r.b.ReactorHttpServer - Starting ReactorHttpServer...
17:52:44.217 [Test worker] DEBUG o.s.w.t.h.s.r.b.ReactorHttpServer - Server started on port 53901(0 millis).
17:52:44.217 [Test worker] DEBUG o.s.w.c.RestTemplate - HTTP OPTIONS http://localhost:53901/no
17:52:44.218 [Test worker] DEBUG o.s.w.c.RestTemplate - Accept=[text/plain, application/json, application/x-jackson-smile, application/*+json, */*]
17:52:44.219 [reactor-http-nio-15] DEBUG o.s.w.s.a.HttpWebHandlerAdapter - [6332dc13-1, L:/127.0.0.1:53901 - R:/127.0.0.1:53902] HTTP OPTIONS "/no"
17:52:44.219 [reactor-http-nio-15] DEBUG o.s.w.r.r.m.a.RequestMappingHandlerMapping - [6332dc13-1, L:/127.0.0.1:53901 - R:/127.0.0.1:53902] Mapped to org.springframework.web.reactive.result.method.RequestMappingInfoHandlerMapping$HttpOptionsHandler#handle()
17:52:44.219 [reactor-http-nio-15] DEBUG o.s.w.s.a.HttpWebHandlerAdapter - [6332dc13-1, L:/127.0.0.1:53901 - R:/127.0.0.1:53902] Completed 200 OK
17:52:44.220 [Test worker] DEBUG o.s.w.c.RestTemplate - Response 200 OK
17:52:44.220 [Test worker] DEBUG o.s.w.t.h.s.r.b.ReactorHttpServer - Stopping ReactorHttpServer...
17:52:44.220 [Test worker] DEBUG o.s.w.t.h.s.r.b.ReactorHttpServer - Server stopped (0 millis).
17:52:44.240 [Test worker] DEBUG o.s.w.r.r.m.a.RequestMappingHandlerMapping - 18 mappings in 'requestMappingHandlerMapping'
17:52:44.249 [Test worker] DEBUG o.s.w.r.r.m.a.ControllerMethodResolver - ControllerAdvice beans: none
17:52:44.250 [Test worker] DEBUG o.s.w.s.a.HttpWebHandlerAdapter - enableLoggingRequestDetails='false': form data and headers will be masked to prevent unsafe logging of potentially sensitive data
17:52:44.250 [Test worker] DEBUG o.s.w.t.h.s.r.b.TomcatHttpServer - Starting TomcatHttpServer...
17:52:44.255 [Test worker] DEBUG o.s.w.t.h.s.r.b.TomcatHttpServer - Server started on port 53903(0 millis).
17:52:44.255 [Test worker] DEBUG o.s.w.c.RestTemplate - HTTP OPTIONS http://localhost:53903/no
17:52:44.255 [Test worker] DEBUG o.s.w.c.RestTemplate - Accept=[text/plain, application/json, application/x-jackson-smile, application/*+json, */*]
17:52:44.257 [http-nio-auto-29-exec-1] DEBUG o.s.w.s.a.HttpWebHandlerAdapter - [34532145] HTTP OPTIONS "/no"
17:52:44.257 [http-nio-auto-29-exec-1] DEBUG o.s.w.r.r.m.a.RequestMappingHandlerMapping - [34532145] Mapped to org.springframework.web.reactive.result.method.RequestMappingInfoHandlerMapping$HttpOptionsHandler#handle()
17:52:44.258 [http-nio-auto-29-exec-1] DEBUG o.s.w.s.a.HttpWebHandlerAdapter - [34532145] Completed 200 OK
17:52:44.258 [Test worker] DEBUG o.s.w.c.RestTemplate - Response 200 OK
17:52:44.259 [Test worker] DEBUG o.s.w.t.h.s.r.b.TomcatHttpServer - Stopping TomcatHttpServer...
17:52:55.463 [Test worker] DEBUG o.s.w.t.h.s.r.b.TomcatHttpServer - Server stopped (0 millis).
17:52:55.493 [Test worker] DEBUG o.s.w.r.r.m.a.RequestMappingHandlerMapping - 18 mappings in 'requestMappingHandlerMapping'
17:52:55.503 [Test worker] DEBUG o.s.w.r.r.m.a.ControllerMethodResolver - ControllerAdvice beans: none
17:52:55.505 [Test worker] DEBUG o.s.w.s.a.HttpWebHandlerAdapter - enableLoggingRequestDetails='false': form data and headers will be masked to prevent unsafe logging of potentially sensitive data
17:52:55.505 [Test worker] DEBUG o.s.w.t.h.s.r.b.UndertowHttpServer - Starting UndertowHttpServer...
17:52:55.505 [Test worker] INFO  i.undertow - starting server: Undertow - 2.2.7.Final
17:52:55.508 [Test worker] DEBUG o.s.w.t.h.s.r.b.UndertowHttpServer - Server started on port 53932(0 millis).
17:52:55.508 [Test worker] DEBUG o.s.w.c.RestTemplate - HTTP OPTIONS http://localhost:53932/no
17:52:55.508 [Test worker] DEBUG o.s.w.c.RestTemplate - Accept=[text/plain, application/json, application/x-jackson-smile, application/*+json, */*]
17:52:55.509 [XNIO-29 I/O-13] DEBUG o.s.w.s.a.HttpWebHandlerAdapter - [211498e0-32] HTTP OPTIONS "/no"
17:52:55.510 [XNIO-29 I/O-13] DEBUG o.s.w.r.r.m.a.RequestMappingHandlerMapping - [211498e0-32] Mapped to org.springframework.web.reactive.result.method.RequestMappingInfoHandlerMapping$HttpOptionsHandler#handle()
17:52:55.510 [XNIO-29 I/O-13] DEBUG o.s.w.s.a.HttpWebHandlerAdapter - [211498e0-32] Completed 200 OK
17:52:55.510 [Test worker] DEBUG o.s.w.c.RestTemplate - Response 200 OK
17:52:55.510 [Test worker] DEBUG o.s.w.t.h.s.r.b.UndertowHttpServer - Stopping UndertowHttpServer...
17:52:55.510 [Test worker] INFO  i.undertow - stopping server: Undertow - 2.2.7.Final
17:52:55.511 [Test worker] DEBUG o.s.w.t.h.s.r.b.UndertowHttpServer - Server stopped (0 millis).
17:52:55.532 [Test worker] DEBUG o.s.w.r.r.m.a.RequestMappingHandlerMapping - 18 mappings in 'requestMappingHandlerMapping'
17:52:55.540 [Test worker] DEBUG o.s.w.r.r.m.a.ControllerMethodResolver - ControllerAdvice beans: none
17:52:55.541 [Test worker] DEBUG o.s.w.s.a.HttpWebHandlerAdapter - enableLoggingRequestDetails='false': form data and headers will be masked to prevent unsafe logging of potentially sensitive data
17:52:55.542 [Test worker] WARN  o.e.j.s.h.ContextHandler - Empty contextPath
17:52:55.542 [Test worker] INFO  o.e.j.s.h.ContextHandler - Started o.e.j.s.ServletContextHandler@7d87aa01{/,null,AVAILABLE}
17:52:55.542 [Test worker] DEBUG o.s.w.t.h.s.r.b.JettyHttpServer - Starting JettyHttpServer...
17:52:55.542 [Test worker] INFO  o.e.j.s.Server - jetty-9.4.39.v20210325; built: 2021-03-25T14:42:11.471Z; git: 9fc7ca5a922f2a37b84ec9dbc26a5168cee7e667; jvm 1.8.0_181-b13
17:52:55.547 [Test worker] INFO  o.e.j.s.AbstractConnector - Started ServerConnector@2ff2797c{HTTP/1.1, (http/1.1)}{0.0.0.0:53934}
17:52:55.548 [Test worker] INFO  o.e.j.s.Server - Started @342578ms
17:52:55.548 [Test worker] DEBUG o.s.w.t.h.s.r.b.JettyHttpServer - Server started on port 53934(0 millis).
17:52:55.549 [Test worker] DEBUG o.s.w.c.RestTemplate - HTTP POST http://localhost:53934/no
17:52:55.549 [Test worker] DEBUG o.s.w.c.RestTemplate - Accept=[text/plain, application/json, application/x-jackson-smile, application/*+json, */*]
17:52:55.551 [qtp861015864-1368] DEBUG o.s.w.s.a.HttpWebHandlerAdapter - [d78928c] HTTP POST "/no"
17:52:55.551 [qtp861015864-1368] DEBUG o.s.w.r.r.m.a.RequestMappingHandlerMapping - [d78928c] Mapped to org.springframework.web.reactive.result.method.annotation.CrossOriginAnnotationIntegrationTests$MethodLevelController#noAnnotationPost()
17:52:55.552 [qtp861015864-1368] DEBUG o.s.w.r.r.m.a.ResponseBodyResultHandler - [d78928c] Using 'text/plain;charset=UTF-8' given [text/plain, application/json, application/x-jackson-smile, application/*+json, */*] and supported [text/plain;charset=UTF-8, text/event-stream, text/plain;charset=UTF-8, */*]
17:52:55.552 [qtp861015864-1368] DEBUG o.s.w.r.r.m.a.ResponseBodyResultHandler - [d78928c] 0..1 [java.lang.String]
17:52:55.552 [qtp861015864-1368] DEBUG o.s.c.c.CharSequenceEncoder - [d78928c] Writing "no-post"
17:52:55.552 [qtp861015864-1368] DEBUG o.s.w.s.a.HttpWebHandlerAdapter - [d78928c] Completed 200 OK
17:52:55.552 [Test worker] DEBUG o.s.w.c.RestTemplate - Response 200 OK
17:52:55.552 [Test worker] DEBUG o.s.w.c.RestTemplate - Reading to [java.lang.String] as "text/plain;charset=utf-8"
17:52:55.553 [Test worker] DEBUG o.s.w.t.h.s.r.b.JettyHttpServer - Stopping JettyHttpServer...
17:52:55.553 [Test worker] INFO  o.e.j.s.h.ContextHandler - Stopped o.e.j.s.ServletContextHandler@7d87aa01{/,null,STOPPED}
17:52:55.553 [Test worker] INFO  o.e.j.s.AbstractConnector - Stopped ServerConnector@2ff2797c{HTTP/1.1, (http/1.1)}{0.0.0.0:0}
17:52:55.554 [Test worker] DEBUG o.s.w.t.h.s.r.b.JettyHttpServer - Server stopped (0 millis).
17:52:55.574 [Test worker] DEBUG o.s.w.r.r.m.a.RequestMappingHandlerMapping - 18 mappings in 'requestMappingHandlerMapping'
17:52:55.582 [Test worker] DEBUG o.s.w.r.r.m.a.ControllerMethodResolver - ControllerAdvice beans: none
17:52:55.583 [Test worker] DEBUG o.s.w.s.a.HttpWebHandlerAdapter - enableLoggingRequestDetails='false': form data and headers will be masked to prevent unsafe logging of potentially sensitive data
17:52:55.584 [Test worker] DEBUG o.s.w.t.h.s.r.b.ReactorHttpServer - Starting ReactorHttpServer...
17:52:55.584 [Test worker] DEBUG o.s.w.t.h.s.r.b.ReactorHttpServer - Server started on port 53936(0 millis).
17:52:55.584 [Test worker] DEBUG o.s.w.c.RestTemplate - HTTP POST http://localhost:53936/no
17:52:55.584 [Test worker] DEBUG o.s.w.c.RestTemplate - Accept=[text/plain, application/json, application/x-jackson-smile, application/*+json, */*]
17:52:55.586 [reactor-http-nio-1] DEBUG o.s.w.s.a.HttpWebHandlerAdapter - [a2682c90-1, L:/127.0.0.1:53936 - R:/127.0.0.1:53937] HTTP POST "/no"
17:52:55.586 [reactor-http-nio-1] DEBUG o.s.w.r.r.m.a.RequestMappingHandlerMapping - [a2682c90-1, L:/127.0.0.1:53936 - R:/127.0.0.1:53937] Mapped to org.springframework.web.reactive.result.method.annotation.CrossOriginAnnotationIntegrationTests$MethodLevelController#noAnnotationPost()
17:52:55.586 [reactor-http-nio-1] DEBUG o.s.w.r.r.m.a.ResponseBodyResultHandler - [a2682c90-1, L:/127.0.0.1:53936 - R:/127.0.0.1:53937] Using 'text/plain;charset=UTF-8' given [text/plain, application/json, application/x-jackson-smile, application/*+json, */*] and supported [text/plain;charset=UTF-8, text/event-stream, text/plain;charset=UTF-8, */*]
17:52:55.586 [reactor-http-nio-1] DEBUG o.s.w.r.r.m.a.ResponseBodyResultHandler - [a2682c90-1, L:/127.0.0.1:53936 - R:/127.0.0.1:53937] 0..1 [java.lang.String]
17:52:55.586 [reactor-http-nio-1] DEBUG o.s.c.c.CharSequenceEncoder - [a2682c90-1, L:/127.0.0.1:53936 - R:/127.0.0.1:53937] Writing "no-post"
17:52:55.587 [reactor-http-nio-1] DEBUG o.s.w.s.a.HttpWebHandlerAdapter - [a2682c90-1, L:/127.0.0.1:53936 - R:/127.0.0.1:53937] Completed 200 OK
17:52:55.587 [Test worker] DEBUG o.s.w.c.RestTemplate - Response 200 OK
17:52:55.587 [Test worker] DEBUG o.s.w.c.RestTemplate - Reading to [java.lang.String] as "text/plain;charset=UTF-8"
17:52:55.587 [Test worker] DEBUG o.s.w.t.h.s.r.b.ReactorHttpServer - Stopping ReactorHttpServer...
17:52:55.587 [Test worker] DEBUG o.s.w.t.h.s.r.b.ReactorHttpServer - Server stopped (0 millis).
17:52:55.608 [Test worker] DEBUG o.s.w.r.r.m.a.RequestMappingHandlerMapping - 18 mappings in 'requestMappingHandlerMapping'
17:52:55.617 [Test worker] DEBUG o.s.w.r.r.m.a.ControllerMethodResolver - ControllerAdvice beans: none
17:52:55.618 [Test worker] DEBUG o.s.w.s.a.HttpWebHandlerAdapter - enableLoggingRequestDetails='false': form data and headers will be masked to prevent unsafe logging of potentially sensitive data
17:52:55.618 [Test worker] DEBUG o.s.w.t.h.s.r.b.TomcatHttpServer - Starting TomcatHttpServer...
17:52:55.622 [Test worker] DEBUG o.s.w.t.h.s.r.b.TomcatHttpServer - Server started on port 53938(0 millis).
17:52:55.622 [Test worker] DEBUG o.s.w.c.RestTemplate - HTTP POST http://localhost:53938/no
17:52:55.622 [Test worker] DEBUG o.s.w.c.RestTemplate - Accept=[text/plain, application/json, application/x-jackson-smile, application/*+json, */*]
17:52:55.624 [http-nio-auto-30-exec-1] DEBUG o.s.w.s.a.HttpWebHandlerAdapter - [40414610] HTTP POST "/no"
17:52:55.624 [http-nio-auto-30-exec-1] DEBUG o.s.w.r.r.m.a.RequestMappingHandlerMapping - [40414610] Mapped to org.springframework.web.reactive.result.method.annotation.CrossOriginAnnotationIntegrationTests$MethodLevelController#noAnnotationPost()
17:52:55.624 [http-nio-auto-30-exec-1] DEBUG o.s.w.r.r.m.a.ResponseBodyResultHandler - [40414610] Using 'text/plain;charset=UTF-8' given [text/plain, application/json, application/x-jackson-smile, application/*+json, */*] and supported [text/plain;charset=UTF-8, text/event-stream, text/plain;charset=UTF-8, */*]
17:52:55.624 [http-nio-auto-30-exec-1] DEBUG o.s.w.r.r.m.a.ResponseBodyResultHandler - [40414610] 0..1 [java.lang.String]
17:52:55.625 [http-nio-auto-30-exec-1] DEBUG o.s.c.c.CharSequenceEncoder - [40414610] Writing "no-post"
17:52:55.625 [http-nio-auto-30-exec-1] DEBUG o.s.w.s.a.HttpWebHandlerAdapter - [40414610] Completed 200 OK
17:52:55.625 [Test worker] DEBUG o.s.w.c.RestTemplate - Response 200 OK
17:52:55.625 [Test worker] DEBUG o.s.w.c.RestTemplate - Reading to [java.lang.String] as "text/plain;charset=UTF-8"
17:52:55.625 [Test worker] DEBUG o.s.w.t.h.s.r.b.TomcatHttpServer - Stopping TomcatHttpServer...
17:53:06.812 [Test worker] DEBUG o.s.w.t.h.s.r.b.TomcatHttpServer - Server stopped (0 millis).
17:53:06.837 [Test worker] DEBUG o.s.w.r.r.m.a.RequestMappingHandlerMapping - 18 mappings in 'requestMappingHandlerMapping'
17:53:06.846 [Test worker] DEBUG o.s.w.r.r.m.a.ControllerMethodResolver - ControllerAdvice beans: none
17:53:06.848 [Test worker] DEBUG o.s.w.s.a.HttpWebHandlerAdapter - enableLoggingRequestDetails='false': form data and headers will be masked to prevent unsafe logging of potentially sensitive data
17:53:06.848 [Test worker] DEBUG o.s.w.t.h.s.r.b.UndertowHttpServer - Starting UndertowHttpServer...
17:53:06.848 [Test worker] INFO  i.undertow - starting server: Undertow - 2.2.7.Final
17:53:06.850 [Test worker] DEBUG o.s.w.t.h.s.r.b.UndertowHttpServer - Server started on port 53964(0 millis).
17:53:06.850 [Test worker] DEBUG o.s.w.c.RestTemplate - HTTP POST http://localhost:53964/no
17:53:06.850 [Test worker] DEBUG o.s.w.c.RestTemplate - Accept=[text/plain, application/json, application/x-jackson-smile, application/*+json, */*]
17:53:06.851 [XNIO-30 I/O-6] DEBUG o.s.w.s.a.HttpWebHandlerAdapter - [5ff258ba-33] HTTP POST "/no"
17:53:06.852 [XNIO-30 I/O-6] DEBUG o.s.w.r.r.m.a.RequestMappingHandlerMapping - [5ff258ba-33] Mapped to org.springframework.web.reactive.result.method.annotation.CrossOriginAnnotationIntegrationTests$MethodLevelController#noAnnotationPost()
17:53:06.852 [XNIO-30 I/O-6] DEBUG o.s.w.r.r.m.a.ResponseBodyResultHandler - [5ff258ba-33] Using 'text/plain;charset=UTF-8' given [text/plain, application/json, application/x-jackson-smile, application/*+json, */*] and supported [text/plain;charset=UTF-8, text/event-stream, text/plain;charset=UTF-8, */*]
17:53:06.852 [XNIO-30 I/O-6] DEBUG o.s.w.r.r.m.a.ResponseBodyResultHandler - [5ff258ba-33] 0..1 [java.lang.String]
17:53:06.852 [XNIO-30 I/O-6] DEBUG o.s.c.c.CharSequenceEncoder - [5ff258ba-33] Writing "no-post"
17:53:06.852 [XNIO-30 I/O-6] DEBUG o.s.w.s.a.HttpWebHandlerAdapter - [5ff258ba-33] Completed 200 OK
17:53:06.852 [Test worker] DEBUG o.s.w.c.RestTemplate - Response 200 OK
17:53:06.852 [Test worker] DEBUG o.s.w.c.RestTemplate - Reading to [java.lang.String] as "text/plain;charset=UTF-8"
17:53:06.853 [Test worker] DEBUG o.s.w.t.h.s.r.b.UndertowHttpServer - Stopping UndertowHttpServer...
17:53:06.853 [Test worker] INFO  i.undertow - stopping server: Undertow - 2.2.7.Final
17:53:06.853 [Test worker] DEBUG o.s.w.t.h.s.r.b.UndertowHttpServer - Server stopped (0 millis).
]]></system-out>
  <system-err><![CDATA[]]></system-err>
</testsuite>
