<?xml version="1.0" encoding="UTF-8"?>
<testsuite name="org.springframework.web.reactive.result.method.annotation.ModelInitializerTests" tests="6" skipped="0" failures="0" errors="0" timestamp="2021-04-26T08:34:10" hostname="wangweilideMacBook-Pro.local" time="0.399">
  <properties/>
  <testcase name="clearModelAttributeFromSession()" classname="org.springframework.web.reactive.result.method.annotation.ModelInitializerTests" time="0.025"/>
  <testcase name="modelAttributeMethods()" classname="org.springframework.web.reactive.result.method.annotation.ModelInitializerTests" time="0.003"/>
  <testcase name="initBinderMethod()" classname="org.springframework.web.reactive.result.method.annotation.ModelInitializerTests" time="0.347"/>
  <testcase name="requiredSessionAttributeMissing()" classname="org.springframework.web.reactive.result.method.annotation.ModelInitializerTests" time="0.002"/>
  <testcase name="saveModelAttributeToSession()" classname="org.springframework.web.reactive.result.method.annotation.ModelInitializerTests" time="0.001"/>
  <testcase name="retrieveModelAttributeFromSession()" classname="org.springframework.web.reactive.result.method.annotation.ModelInitializerTests" time="0.001"/>
  <system-out><![CDATA[16:34:10.249 [Test worker] DEBUG o.s.w.r.r.m.a.ControllerMethodResolver - ControllerAdvice beans: none
16:34:10.254 [boundedElastic-1] DEBUG o.s.w.s.s.DefaultWebSessionManager - Created new WebSession.
16:34:10.276 [Test worker] DEBUG o.s.w.r.r.m.a.ControllerMethodResolver - ControllerAdvice beans: none
16:34:10.276 [boundedElastic-1] DEBUG o.s.w.s.s.DefaultWebSessionManager - Created new WebSession.
16:34:10.282 [Test worker] DEBUG o.s.w.r.r.m.a.ControllerMethodResolver - ControllerAdvice beans: none
16:34:10.627 [boundedElastic-1] DEBUG o.s.w.s.s.DefaultWebSessionManager - Created new WebSession.
16:34:10.633 [Test worker] DEBUG o.s.w.r.r.m.a.ControllerMethodResolver - ControllerAdvice beans: none
16:34:10.635 [boundedElastic-1] DEBUG o.s.w.s.s.DefaultWebSessionManager - Created new WebSession.
16:34:10.639 [Test worker] DEBUG o.s.w.r.r.m.a.ControllerMethodResolver - ControllerAdvice beans: none
16:34:10.640 [boundedElastic-1] DEBUG o.s.w.s.s.DefaultWebSessionManager - Created new WebSession.
16:34:10.644 [Test worker] DEBUG o.s.w.r.r.m.a.ControllerMethodResolver - ControllerAdvice beans: none
16:34:10.644 [boundedElastic-1] DEBUG o.s.w.s.s.DefaultWebSessionManager - Created new WebSession.
]]></system-out>
  <system-err><![CDATA[]]></system-err>
</testsuite>
