<?xml version="1.0" encoding="UTF-8"?>
<testsuite name="org.springframework.web.reactive.resource.ResourceWebHandlerTests" tests="34" skipped="0" failures="0" errors="0" timestamp="2021-04-26T08:39:29" hostname="wangweilideMacBook-Pro.local" time="0.586">
  <properties/>
  <testcase name="getResourceNoCache()" classname="org.springframework.web.reactive.resource.ResourceWebHandlerTests" time="0.007"/>
  <testcase name="getResourceFromAlternatePath()" classname="org.springframework.web.reactive.resource.ResourceWebHandlerTests" time="0.007"/>
  <testcase name="getResourceFromFileSystem()" classname="org.springframework.web.reactive.resource.ResourceWebHandlerTests" time="0.006"/>
  <testcase name="missingResourcePath()" classname="org.springframework.web.reactive.resource.ResourceWebHandlerTests" time="0.005"/>
  <testcase name="partialContentMultipleByteRanges()" classname="org.springframework.web.reactive.resource.ResourceWebHandlerTests" time="0.009"/>
  <testcase name="testInvalidPath()" classname="org.springframework.web.reactive.resource.ResourceWebHandlerTests" time="0.041"/>
  <testcase name="partialContentByteRange()" classname="org.springframework.web.reactive.resource.ResourceWebHandlerTests" time="0.004"/>
  <testcase name="getResourceFromSubDirectoryOfAlternatePath()" classname="org.springframework.web.reactive.resource.ResourceWebHandlerTests" time="0.006"/>
  <testcase name="getResourceHttpOptions()" classname="org.springframework.web.reactive.resource.ResourceWebHandlerTests" time="0.003"/>
  <testcase name="directory()" classname="org.springframework.web.reactive.resource.ResourceWebHandlerTests" time="0.005"/>
  <testcase name="modified()" classname="org.springframework.web.reactive.resource.ResourceWebHandlerTests" time="0.004"/>
  <testcase name="partialContentByteRangeNoEnd()" classname="org.springframework.web.reactive.resource.ResourceWebHandlerTests" time="0.005"/>
  <testcase name="resourceNotFound()" classname="org.springframework.web.reactive.resource.ResourceWebHandlerTests" time="0.039"/>
  <testcase name="unsupportedHttpMethod()" classname="org.springframework.web.reactive.resource.ResourceWebHandlerTests" time="0.004"/>
  <testcase name="notModified()" classname="org.springframework.web.reactive.resource.ResourceWebHandlerTests" time="0.005"/>
  <testcase name="processPath()" classname="org.springframework.web.reactive.resource.ResourceWebHandlerTests" time="0.001"/>
  <testcase name="partialContentSuffixRange()" classname="org.springframework.web.reactive.resource.ResourceWebHandlerTests" time="0.005"/>
  <testcase name="doOverwriteExistingCacheControlHeaders()" classname="org.springframework.web.reactive.resource.ResourceWebHandlerTests" time="0.006"/>
  <testcase name="ignoreLastModified()" classname="org.springframework.web.reactive.resource.ResourceWebHandlerTests" time="0.031"/>
  <testcase name="getResourceWithHtmlMediaType()" classname="org.springframework.web.reactive.resource.ResourceWebHandlerTests" time="0.007"/>
  <testcase name="partialContentInvalidRangeHeader()" classname="org.springframework.web.reactive.resource.ResourceWebHandlerTests" time="0.005"/>
  <testcase name="directoryInJarFile()" classname="org.springframework.web.reactive.resource.ResourceWebHandlerTests" time="0.005"/>
  <testcase name="initAllowedLocationsWithExplicitConfiguration()" classname="org.springframework.web.reactive.resource.ResourceWebHandlerTests" time="0.0"/>
  <testcase name="testResolvePathWithTraversal()" classname="org.springframework.web.reactive.resource.ResourceWebHandlerTests" time="0.322"/>
  <testcase name="getMediaTypeWithFavorPathExtensionOff()" classname="org.springframework.web.reactive.resource.ResourceWebHandlerTests" time="0.004"/>
  <testcase name="partialContentSuffixRangeLargeSuffix()" classname="org.springframework.web.reactive.resource.ResourceWebHandlerTests" time="0.004"/>
  <testcase name="noPathWithinHandlerMappingAttribute()" classname="org.springframework.web.reactive.resource.ResourceWebHandlerTests" time="0.004"/>
  <testcase name="partialContentByteRangeLargeEnd()" classname="org.springframework.web.reactive.resource.ResourceWebHandlerTests" time="0.004"/>
  <testcase name="getResourceFromSubDirectory()" classname="org.springframework.web.reactive.resource.ResourceWebHandlerTests" time="0.005"/>
  <testcase name="getVersionedResource()" classname="org.springframework.web.reactive.resource.ResourceWebHandlerTests" time="0.009"/>
  <testcase name="initAllowedLocations()" classname="org.springframework.web.reactive.resource.ResourceWebHandlerTests" time="0.0"/>
  <testcase name="getResource()" classname="org.springframework.web.reactive.resource.ResourceWebHandlerTests" time="0.006"/>
  <testcase name="getResourceWithRegisteredMediaType()" classname="org.springframework.web.reactive.resource.ResourceWebHandlerTests" time="0.005"/>
  <testcase name="getResourceHttpHeader()" classname="org.springframework.web.reactive.resource.ResourceWebHandlerTests" time="0.005"/>
  <system-out><![CDATA[16:39:29.243 [Test worker] DEBUG o.s.c.c.ResourceEncoder - [458d909f] Writing [class path resource [org/springframework/web/reactive/resource/test/foo.css]]
16:39:29.249 [Test worker] DEBUG o.s.c.c.ResourceEncoder - [169084e] Writing [class path resource [org/springframework/web/reactive/resource/testalternatepath/baz.css]]
16:39:29.256 [Test worker] DEBUG o.s.c.c.ResourceEncoder - [1ca5bf18] Writing [file [/Users/wangweili/Documents/MyDesign/learning/msb-source/msb-spring/spring-webflux/build/resources/test/org/springframework/web/reactive/resource/test/foo with spaces.css]]
16:39:29.262 [Test worker] DEBUG o.s.w.r.r.ResourceWebHandler - [3505cd7b] Resource not found
16:39:29.268 [Test worker] DEBUG o.s.c.c.ResourceRegionEncoder - [3322df98] Writing region 0-2 of [class path resource [org/springframework/web/reactive/resource/test/foo.txt]]
16:39:29.269 [Thread-529] DEBUG o.s.c.c.ResourceRegionEncoder - [3322df98] Writing region 4-6 of [class path resource [org/springframework/web/reactive/resource/test/foo.txt]]
16:39:29.269 [Thread-528] DEBUG o.s.c.c.ResourceRegionEncoder - [3322df98] Writing region 8-10 of [class path resource [org/springframework/web/reactive/resource/test/foo.txt]]
16:39:29.277 [Test worker] WARN  o.s.w.r.r.ResourceWebHandler - Path contains "../" after call to StringUtils#cleanPath: [../testsecret/secret.txt]
16:39:29.277 [Test worker] DEBUG o.s.w.r.r.ResourceWebHandler - [271a6929] Resource not found
16:39:29.281 [Test worker] WARN  o.s.w.r.r.ResourceWebHandler - Path contains "../" after call to StringUtils#cleanPath: [test/../../testsecret/secret.txt]
16:39:29.281 [Test worker] DEBUG o.s.w.r.r.ResourceWebHandler - [5bb2a811] Resource not found
16:39:29.284 [Test worker] WARN  o.s.w.r.r.ResourceWebHandler - Path contains "../" after call to StringUtils#cleanPath: [:/../../testsecret/secret.txt]
16:39:29.284 [Test worker] DEBUG o.s.w.r.r.ResourceWebHandler - [6deb7542] Resource not found
16:39:29.289 [Test worker] WARN  o.s.w.r.r.ResourceWebHandler - Path represents URL or has "url:" prefix: [file:/Users/wangweili/Documents/MyDesign/learning/msb-source/msb-spring/spring-webflux/build/resources/test/org/springframework/web/reactive/resource/testsecret/secret.txt]
16:39:29.289 [Test worker] DEBUG o.s.w.r.r.ResourceWebHandler - [19cc0af7] Resource not found
16:39:29.293 [Test worker] WARN  o.s.w.r.r.ResourceWebHandler - Path represents URL or has "url:" prefix: [/file:/Users/wangweili/Documents/MyDesign/learning/msb-source/msb-spring/spring-webflux/build/resources/test/org/springframework/web/reactive/resource/testsecret/secret.txt]
16:39:29.293 [Test worker] DEBUG o.s.w.r.r.ResourceWebHandler - [60983909] Resource not found
16:39:29.296 [Test worker] WARN  o.s.w.r.r.ResourceWebHandler - Path represents URL or has "url:" prefix: [url:/Users/wangweili/Documents/MyDesign/learning/msb-source/msb-spring/spring-webflux/build/resources/test/org/springframework/web/reactive/resource/testsecret/secret.txt]
16:39:29.297 [Test worker] DEBUG o.s.w.r.r.ResourceWebHandler - [2e24f72b] Resource not found
16:39:29.300 [Test worker] WARN  o.s.w.r.r.ResourceWebHandler - Path represents URL or has "url:" prefix: [/url:/Users/wangweili/Documents/MyDesign/learning/msb-source/msb-spring/spring-webflux/build/resources/test/org/springframework/web/reactive/resource/testsecret/secret.txt]
16:39:29.300 [Test worker] DEBUG o.s.w.r.r.ResourceWebHandler - [1853c6c8] Resource not found
16:39:29.303 [Test worker] WARN  o.s.w.r.r.ResourceWebHandler - Path contains "../" after call to StringUtils#cleanPath: [/../../Users/wangweili/Documents/MyDesign/learning/msb-source/msb-spring/spring-webflux/build/resources/test/org/springframework/web/reactive/resource/testsecret/secret.txt]
16:39:29.304 [Test worker] DEBUG o.s.w.r.r.ResourceWebHandler - [61b1fc87] Resource not found
16:39:29.307 [Test worker] WARN  o.s.w.r.r.ResourceWebHandler - Path contains "../" after call to StringUtils#cleanPath: [/../testsecret/secret.txt]
16:39:29.307 [Test worker] DEBUG o.s.w.r.r.ResourceWebHandler - [40c0c1c9] Resource not found
16:39:29.310 [Test worker] WARN  o.s.w.r.r.ResourceWebHandler - Path contains "../" after call to StringUtils#cleanPath: [/../testsecret/secret.txt]
16:39:29.310 [Test worker] DEBUG o.s.w.r.r.ResourceWebHandler - [49d4eb55] Resource not found
16:39:29.313 [Test worker] WARN  o.s.w.r.r.ResourceWebHandler - Path contains "../" after call to StringUtils#cleanPath: [/../../Users/wangweili/Documents/MyDesign/learning/msb-source/msb-spring/spring-webflux/build/resources/test/org/springframework/web/reactive/resource/testsecret/secret.txt]
16:39:29.313 [Test worker] DEBUG o.s.w.r.r.ResourceWebHandler - [4fb70121] Resource not found
16:39:29.317 [Test worker] DEBUG o.s.c.c.ResourceRegionEncoder - [218c9994] Writing region 0-2 of [class path resource [org/springframework/web/reactive/resource/test/foo.txt]]
16:39:29.323 [Test worker] DEBUG o.s.c.c.ResourceEncoder - [6784dae5] Writing [class path resource [org/springframework/web/reactive/resource/testalternatepath/js/baz.js]]
16:39:29.331 [Test worker] DEBUG o.s.w.r.r.ResourceWebHandler - [7eadbd17] Resource not found
16:39:29.335 [Test worker] DEBUG o.s.c.c.ResourceEncoder - [7a3a6d0d] Writing [class path resource [org/springframework/web/reactive/resource/test/foo.css]]
16:39:29.340 [Test worker] DEBUG o.s.c.c.ResourceRegionEncoder - [53afcd5a] Writing region 9-10 of [class path resource [org/springframework/web/reactive/resource/test/foo.txt]]
16:39:29.345 [Test worker] DEBUG o.s.w.r.r.ResourceWebHandler - [4079873d] Resource not found
16:39:29.346 [Test worker] DEBUG o.s.w.r.r.ResourceWebHandler - [4079873d] Resource not found
16:39:29.347 [Test worker] DEBUG o.s.w.r.r.ResourceWebHandler - [4079873d] Resource not found
16:39:29.350 [Test worker] DEBUG o.s.w.r.r.ResourceWebHandler - [35a8ede0] Resource not found
16:39:29.351 [Test worker] DEBUG o.s.w.r.r.ResourceWebHandler - [35a8ede0] Resource not found
16:39:29.351 [Test worker] DEBUG o.s.w.r.r.ResourceWebHandler - [35a8ede0] Resource not found
16:39:29.356 [Test worker] DEBUG o.s.w.r.r.ResourceWebHandler - [32a7cc14] Resource not found
16:39:29.357 [Test worker] DEBUG o.s.w.r.r.ResourceWebHandler - [32a7cc14] Resource not found
16:39:29.357 [Test worker] DEBUG o.s.w.r.r.ResourceWebHandler - [32a7cc14] Resource not found
16:39:29.361 [Test worker] DEBUG o.s.w.r.r.ResourceWebHandler - [46a56357] Resource not found
16:39:29.362 [Test worker] DEBUG o.s.w.r.r.ResourceWebHandler - [46a56357] Resource not found
16:39:29.362 [Test worker] DEBUG o.s.w.r.r.ResourceWebHandler - [46a56357] Resource not found
16:39:29.365 [Test worker] DEBUG o.s.w.r.r.ResourceWebHandler - [597296a8] Resource not found
16:39:29.366 [Test worker] DEBUG o.s.w.r.r.ResourceWebHandler - [597296a8] Resource not found
16:39:29.366 [Test worker] DEBUG o.s.w.r.r.ResourceWebHandler - [597296a8] Resource not found
16:39:29.370 [Test worker] DEBUG o.s.w.r.r.ResourceWebHandler - [2b47b78b] Resource not found
16:39:29.370 [Test worker] DEBUG o.s.w.r.r.ResourceWebHandler - [2b47b78b] Resource not found
16:39:29.371 [Test worker] DEBUG o.s.w.r.r.ResourceWebHandler - [2b47b78b] Resource not found
16:39:29.374 [Test worker] DEBUG o.s.w.r.r.ResourceWebHandler - [278c099b] Resource not found
16:39:29.375 [Test worker] DEBUG o.s.w.r.r.ResourceWebHandler - [278c099b] Resource not found
16:39:29.375 [Test worker] DEBUG o.s.w.r.r.ResourceWebHandler - [278c099b] Resource not found
16:39:29.379 [Test worker] DEBUG o.s.w.r.r.ResourceWebHandler - [4ade79e6] Resource not found
16:39:29.379 [Test worker] DEBUG o.s.w.r.r.ResourceWebHandler - [4ade79e6] Resource not found
16:39:29.380 [Test worker] DEBUG o.s.w.r.r.ResourceWebHandler - [4ade79e6] Resource not found
16:39:29.395 [Test worker] DEBUG o.s.c.c.ResourceRegionEncoder - [65d61f34] Writing region 9-10 of [class path resource [org/springframework/web/reactive/resource/test/foo.txt]]
16:39:29.400 [Test worker] DEBUG o.s.c.c.ResourceEncoder - [13d10687] Writing [class path resource [org/springframework/web/reactive/resource/test/foo.css]]
16:39:29.406 [Test worker] DEBUG o.s.c.c.ResourceEncoder - [74d0422f] Writing [class path resource [org/springframework/web/reactive/resource/test/foo.css]]
16:39:29.438 [Test worker] DEBUG o.s.c.c.ResourceEncoder - [212adc3e] Writing [class path resource [org/springframework/web/reactive/resource/test/foo.html]]
16:39:29.450 [Test worker] DEBUG o.s.w.r.r.ResourceWebHandler - [7bc44479] Resource not found
16:39:29.454 [Test worker] WARN  o.s.w.r.r.ResourceWebHandler - Path contains "../" after call to StringUtils#cleanPath: [../testsecret/secret.txt]
16:39:29.454 [Test worker] DEBUG o.s.w.r.r.ResourceWebHandler - [17613423] Resource not found
16:39:29.458 [Test worker] WARN  o.s.w.r.r.ResourceWebHandler - Path contains "../" after call to StringUtils#cleanPath: [test/../../testsecret/secret.txt]
16:39:29.458 [Test worker] DEBUG o.s.w.r.r.ResourceWebHandler - [778a905] Resource not found
16:39:29.462 [Test worker] WARN  o.s.w.r.r.ResourceWebHandler - Path contains "../" after call to StringUtils#cleanPath: [:/../../testsecret/secret.txt]
16:39:29.462 [Test worker] DEBUG o.s.w.r.r.ResourceWebHandler - [3323e849] Resource not found
16:39:29.466 [Test worker] WARN  o.s.w.r.r.ResourceWebHandler - Path represents URL or has "url:" prefix: [file:/Users/wangweili/Documents/MyDesign/learning/msb-source/msb-spring/spring-webflux/build/resources/test/org/springframework/web/reactive/resource/testsecret/secret.txt]
16:39:29.466 [Test worker] DEBUG o.s.w.r.r.ResourceWebHandler - [2d7d0222] Resource not found
16:39:29.470 [Test worker] WARN  o.s.w.r.r.ResourceWebHandler - Path represents URL or has "url:" prefix: [/file:/Users/wangweili/Documents/MyDesign/learning/msb-source/msb-spring/spring-webflux/build/resources/test/org/springframework/web/reactive/resource/testsecret/secret.txt]
16:39:29.470 [Test worker] DEBUG o.s.w.r.r.ResourceWebHandler - [3cc0b65b] Resource not found
16:39:29.474 [Test worker] WARN  o.s.w.r.r.ResourceWebHandler - Path represents URL or has "url:" prefix: [url:/Users/wangweili/Documents/MyDesign/learning/msb-source/msb-spring/spring-webflux/build/resources/test/org/springframework/web/reactive/resource/testsecret/secret.txt]
16:39:29.474 [Test worker] DEBUG o.s.w.r.r.ResourceWebHandler - [7eb21047] Resource not found
16:39:29.478 [Test worker] WARN  o.s.w.r.r.ResourceWebHandler - Path represents URL or has "url:" prefix: [/url:/Users/wangweili/Documents/MyDesign/learning/msb-source/msb-spring/spring-webflux/build/resources/test/org/springframework/web/reactive/resource/testsecret/secret.txt]
16:39:29.478 [Test worker] DEBUG o.s.w.r.r.ResourceWebHandler - [52ffce78] Resource not found
16:39:29.481 [Test worker] WARN  o.s.w.r.r.ResourceWebHandler - Path contains "../" after call to StringUtils#cleanPath: [/../../Users/wangweili/Documents/MyDesign/learning/msb-source/msb-spring/spring-webflux/build/resources/test/org/springframework/web/reactive/resource/testsecret/secret.txt]
16:39:29.481 [Test worker] DEBUG o.s.w.r.r.ResourceWebHandler - [17d6aa17] Resource not found
16:39:29.485 [Test worker] WARN  o.s.w.r.r.ResourceWebHandler - Path contains "../" after call to StringUtils#cleanPath: [/../testsecret/secret.txt]
16:39:29.485 [Test worker] DEBUG o.s.w.r.r.ResourceWebHandler - [2e1da4d8] Resource not found
16:39:29.489 [Test worker] WARN  o.s.w.r.r.ResourceWebHandler - Path contains "../" after call to StringUtils#cleanPath: [/../testsecret/secret.txt]
16:39:29.489 [Test worker] DEBUG o.s.w.r.r.ResourceWebHandler - [4043b974] Resource not found
16:39:29.492 [Test worker] WARN  o.s.w.r.r.ResourceWebHandler - Path represents URL or has "url:" prefix: [url:/Users/wangweili/Documents/MyDesign/learning/msb-source/msb-spring/spring-webflux/build/resources/test/org/springframework/web/reactive/resource/testsecret/secret.txt]
16:39:29.492 [Test worker] DEBUG o.s.w.r.r.ResourceWebHandler - [6ce3330a] Resource not found
16:39:29.496 [Test worker] WARN  o.s.w.r.r.ResourceWebHandler - Path contains "../" after call to StringUtils#cleanPath: [../testsecret/secret.txt]
16:39:29.496 [Test worker] DEBUG o.s.w.r.r.ResourceWebHandler - [4e47aa93] Resource not found
16:39:29.499 [Test worker] WARN  o.s.w.r.r.ResourceWebHandler - Path contains "../" after call to StringUtils#cleanPath: [test/../../testsecret/secret.txt]
16:39:29.499 [Test worker] DEBUG o.s.w.r.r.ResourceWebHandler - [dbffce7] Resource not found
16:39:29.503 [Test worker] WARN  o.s.w.r.r.ResourceWebHandler - Path contains "../" after call to StringUtils#cleanPath: [:/../../testsecret/secret.txt]
16:39:29.503 [Test worker] DEBUG o.s.w.r.r.ResourceWebHandler - [506a7c3d] Resource not found
16:39:29.506 [Test worker] WARN  o.s.w.r.r.ResourceWebHandler - Path represents URL or has "url:" prefix: [file:/Users/wangweili/Documents/MyDesign/learning/msb-source/msb-spring/spring-webflux/build/resources/test/org/springframework/web/reactive/resource/testsecret/secret.txt]
16:39:29.506 [Test worker] DEBUG o.s.w.r.r.ResourceWebHandler - [25647e59] Resource not found
16:39:29.510 [Test worker] WARN  o.s.w.r.r.ResourceWebHandler - Path represents URL or has "url:" prefix: [/file:/Users/wangweili/Documents/MyDesign/learning/msb-source/msb-spring/spring-webflux/build/resources/test/org/springframework/web/reactive/resource/testsecret/secret.txt]
16:39:29.510 [Test worker] DEBUG o.s.w.r.r.ResourceWebHandler - [56044b54] Resource not found
16:39:29.514 [Test worker] WARN  o.s.w.r.r.ResourceWebHandler - Path represents URL or has "url:" prefix: [url:/Users/wangweili/Documents/MyDesign/learning/msb-source/msb-spring/spring-webflux/build/resources/test/org/springframework/web/reactive/resource/testsecret/secret.txt]
16:39:29.514 [Test worker] DEBUG o.s.w.r.r.ResourceWebHandler - [242ecdb7] Resource not found
16:39:29.517 [Test worker] WARN  o.s.w.r.r.ResourceWebHandler - Path represents URL or has "url:" prefix: [/url:/Users/wangweili/Documents/MyDesign/learning/msb-source/msb-spring/spring-webflux/build/resources/test/org/springframework/web/reactive/resource/testsecret/secret.txt]
16:39:29.517 [Test worker] DEBUG o.s.w.r.r.ResourceWebHandler - [2726c69b] Resource not found
16:39:29.520 [Test worker] WARN  o.s.w.r.r.ResourceWebHandler - Path contains "../" after call to StringUtils#cleanPath: [/../../Users/wangweili/Documents/MyDesign/learning/msb-source/msb-spring/spring-webflux/build/resources/test/org/springframework/web/reactive/resource/testsecret/secret.txt]
16:39:29.520 [Test worker] DEBUG o.s.w.r.r.ResourceWebHandler - [2136e290] Resource not found
16:39:29.523 [Test worker] WARN  o.s.w.r.r.ResourceWebHandler - Path contains "../" after call to StringUtils#cleanPath: [/../testsecret/secret.txt]
16:39:29.523 [Test worker] DEBUG o.s.w.r.r.ResourceWebHandler - [559c4309] Resource not found
16:39:29.527 [Test worker] WARN  o.s.w.r.r.ResourceWebHandler - Path contains "../" after call to StringUtils#cleanPath: [/../testsecret/secret.txt]
16:39:29.527 [Test worker] DEBUG o.s.w.r.r.ResourceWebHandler - [70d7f78] Resource not found
16:39:29.530 [Test worker] WARN  o.s.w.r.r.ResourceWebHandler - Path represents URL or has "url:" prefix: [url:/Users/wangweili/Documents/MyDesign/learning/msb-source/msb-spring/spring-webflux/build/resources/test/org/springframework/web/reactive/resource/testsecret/secret.txt]
16:39:29.531 [Test worker] DEBUG o.s.w.r.r.ResourceWebHandler - [160e631c] Resource not found
16:39:29.534 [Test worker] WARN  o.s.w.r.r.ResourceWebHandler - Path contains "../" after call to StringUtils#cleanPath: [../testsecret/secret.txt]
16:39:29.534 [Test worker] DEBUG o.s.w.r.r.ResourceWebHandler - [3a312f] Resource not found
16:39:29.537 [Test worker] WARN  o.s.w.r.r.ResourceWebHandler - Path contains "../" after call to StringUtils#cleanPath: [test/../../testsecret/secret.txt]
16:39:29.537 [Test worker] DEBUG o.s.w.r.r.ResourceWebHandler - [3709ae2a] Resource not found
16:39:29.543 [Test worker] WARN  o.s.w.r.r.ResourceWebHandler - Path contains "../" after call to StringUtils#cleanPath: [:/../../testsecret/secret.txt]
16:39:29.543 [Test worker] DEBUG o.s.w.r.r.ResourceWebHandler - [5b13e10c] Resource not found
16:39:29.546 [Test worker] WARN  o.s.w.r.r.ResourceWebHandler - Path represents URL or has "url:" prefix: [file:/Users/wangweili/Documents/MyDesign/learning/msb-source/msb-spring/spring-webflux/build/resources/test/org/springframework/web/reactive/resource/testsecret/secret.txt]
16:39:29.546 [Test worker] DEBUG o.s.w.r.r.ResourceWebHandler - [3ee06ff1] Resource not found
16:39:29.550 [Test worker] WARN  o.s.w.r.r.ResourceWebHandler - Path represents URL or has "url:" prefix: [/file:/Users/wangweili/Documents/MyDesign/learning/msb-source/msb-spring/spring-webflux/build/resources/test/org/springframework/web/reactive/resource/testsecret/secret.txt]
16:39:29.550 [Test worker] DEBUG o.s.w.r.r.ResourceWebHandler - [6f02924b] Resource not found
16:39:29.553 [Test worker] WARN  o.s.w.r.r.ResourceWebHandler - Path represents URL or has "url:" prefix: [url:/Users/wangweili/Documents/MyDesign/learning/msb-source/msb-spring/spring-webflux/build/resources/test/org/springframework/web/reactive/resource/testsecret/secret.txt]
16:39:29.554 [Test worker] DEBUG o.s.w.r.r.ResourceWebHandler - [1500197f] Resource not found
16:39:29.557 [Test worker] WARN  o.s.w.r.r.ResourceWebHandler - Path represents URL or has "url:" prefix: [/url:/Users/wangweili/Documents/MyDesign/learning/msb-source/msb-spring/spring-webflux/build/resources/test/org/springframework/web/reactive/resource/testsecret/secret.txt]
16:39:29.557 [Test worker] DEBUG o.s.w.r.r.ResourceWebHandler - [515f8152] Resource not found
16:39:29.562 [Test worker] WARN  o.s.w.r.r.ResourceWebHandler - Path contains "../" after call to StringUtils#cleanPath: [/../../Users/wangweili/Documents/MyDesign/learning/msb-source/msb-spring/spring-webflux/build/resources/test/org/springframework/web/reactive/resource/testsecret/secret.txt]
16:39:29.562 [Test worker] DEBUG o.s.w.r.r.ResourceWebHandler - [6cfdf36f] Resource not found
16:39:29.565 [Test worker] WARN  o.s.w.r.r.ResourceWebHandler - Path contains "../" after call to StringUtils#cleanPath: [/../testsecret/secret.txt]
16:39:29.565 [Test worker] DEBUG o.s.w.r.r.ResourceWebHandler - [1716a471] Resource not found
16:39:29.569 [Test worker] WARN  o.s.w.r.r.ResourceWebHandler - Path contains "../" after call to StringUtils#cleanPath: [/../testsecret/secret.txt]
16:39:29.569 [Test worker] DEBUG o.s.w.r.r.ResourceWebHandler - [2c88c0d] Resource not found
16:39:29.572 [Test worker] WARN  o.s.w.r.r.ResourceWebHandler - Path represents URL or has "url:" prefix: [url:/Users/wangweili/Documents/MyDesign/learning/msb-source/msb-spring/spring-webflux/build/resources/test/org/springframework/web/reactive/resource/testsecret/secret.txt]
16:39:29.572 [Test worker] DEBUG o.s.w.r.r.ResourceWebHandler - [2f30c817] Resource not found
16:39:29.575 [Test worker] WARN  o.s.w.r.r.ResourceWebHandler - Path contains "../" after call to StringUtils#cleanPath: [../testsecret/secret.txt]
16:39:29.575 [Test worker] DEBUG o.s.w.r.r.ResourceWebHandler - [2cd53015] Resource not found
16:39:29.578 [Test worker] WARN  o.s.w.r.r.ResourceWebHandler - Path contains "../" after call to StringUtils#cleanPath: [test/../../testsecret/secret.txt]
16:39:29.578 [Test worker] DEBUG o.s.w.r.r.ResourceWebHandler - [e422cd2] Resource not found
16:39:29.581 [Test worker] WARN  o.s.w.r.r.ResourceWebHandler - Path contains "../" after call to StringUtils#cleanPath: [:/../../testsecret/secret.txt]
16:39:29.581 [Test worker] DEBUG o.s.w.r.r.ResourceWebHandler - [48ac71f3] Resource not found
16:39:29.584 [Test worker] WARN  o.s.w.r.r.ResourceWebHandler - Path represents URL or has "url:" prefix: [file:/Users/wangweili/Documents/MyDesign/learning/msb-source/msb-spring/spring-webflux/build/resources/test/org/springframework/web/reactive/resource/testsecret/secret.txt]
16:39:29.584 [Test worker] DEBUG o.s.w.r.r.ResourceWebHandler - [61f56881] Resource not found
16:39:29.588 [Test worker] WARN  o.s.w.r.r.ResourceWebHandler - Path represents URL or has "url:" prefix: [/file:/Users/wangweili/Documents/MyDesign/learning/msb-source/msb-spring/spring-webflux/build/resources/test/org/springframework/web/reactive/resource/testsecret/secret.txt]
16:39:29.588 [Test worker] DEBUG o.s.w.r.r.ResourceWebHandler - [6425b932] Resource not found
16:39:29.591 [Test worker] WARN  o.s.w.r.r.ResourceWebHandler - Path represents URL or has "url:" prefix: [url:/Users/wangweili/Documents/MyDesign/learning/msb-source/msb-spring/spring-webflux/build/resources/test/org/springframework/web/reactive/resource/testsecret/secret.txt]
16:39:29.591 [Test worker] DEBUG o.s.w.r.r.ResourceWebHandler - [7b9e2dd8] Resource not found
16:39:29.594 [Test worker] WARN  o.s.w.r.r.ResourceWebHandler - Path represents URL or has "url:" prefix: [/url:/Users/wangweili/Documents/MyDesign/learning/msb-source/msb-spring/spring-webflux/build/resources/test/org/springframework/web/reactive/resource/testsecret/secret.txt]
16:39:29.594 [Test worker] DEBUG o.s.w.r.r.ResourceWebHandler - [5016f8b1] Resource not found
16:39:29.598 [Test worker] WARN  o.s.w.r.r.ResourceWebHandler - Path contains "../" after call to StringUtils#cleanPath: [/../../Users/wangweili/Documents/MyDesign/learning/msb-source/msb-spring/spring-webflux/build/resources/test/org/springframework/web/reactive/resource/testsecret/secret.txt]
16:39:29.598 [Test worker] DEBUG o.s.w.r.r.ResourceWebHandler - [1aed2352] Resource not found
16:39:29.601 [Test worker] WARN  o.s.w.r.r.ResourceWebHandler - Path contains "../" after call to StringUtils#cleanPath: [/../testsecret/secret.txt]
16:39:29.601 [Test worker] DEBUG o.s.w.r.r.ResourceWebHandler - [5348e514] Resource not found
16:39:29.606 [Test worker] WARN  o.s.w.r.r.ResourceWebHandler - Path contains "../" after call to StringUtils#cleanPath: [/../testsecret/secret.txt]
16:39:29.606 [Test worker] DEBUG o.s.w.r.r.ResourceWebHandler - [59b2f248] Resource not found
16:39:29.610 [Test worker] WARN  o.s.w.r.r.ResourceWebHandler - Path represents URL or has "url:" prefix: [url:/Users/wangweili/Documents/MyDesign/learning/msb-source/msb-spring/spring-webflux/build/resources/test/org/springframework/web/reactive/resource/testsecret/secret.txt]
16:39:29.610 [Test worker] DEBUG o.s.w.r.r.ResourceWebHandler - [3e865abf] Resource not found
16:39:29.613 [Test worker] WARN  o.s.w.r.r.ResourceWebHandler - Path contains "../" after call to StringUtils#cleanPath: [../testsecret/secret.txt]
16:39:29.613 [Test worker] DEBUG o.s.w.r.r.ResourceWebHandler - [4d02098e] Resource not found
16:39:29.616 [Test worker] WARN  o.s.w.r.r.ResourceWebHandler - Path contains "../" after call to StringUtils#cleanPath: [test/../../testsecret/secret.txt]
16:39:29.617 [Test worker] DEBUG o.s.w.r.r.ResourceWebHandler - [5976357f] Resource not found
16:39:29.621 [Test worker] WARN  o.s.w.r.r.ResourceWebHandler - Path contains "../" after call to StringUtils#cleanPath: [:/../../testsecret/secret.txt]
16:39:29.621 [Test worker] DEBUG o.s.w.r.r.ResourceWebHandler - [1798bcab] Resource not found
16:39:29.625 [Test worker] WARN  o.s.w.r.r.ResourceWebHandler - Path represents URL or has "url:" prefix: [file:/Users/wangweili/Documents/MyDesign/learning/msb-source/msb-spring/spring-webflux/build/resources/test/org/springframework/web/reactive/resource/testsecret/secret.txt]
16:39:29.625 [Test worker] DEBUG o.s.w.r.r.ResourceWebHandler - [1b474f45] Resource not found
16:39:29.629 [Test worker] WARN  o.s.w.r.r.ResourceWebHandler - Path represents URL or has "url:" prefix: [/file:/Users/wangweili/Documents/MyDesign/learning/msb-source/msb-spring/spring-webflux/build/resources/test/org/springframework/web/reactive/resource/testsecret/secret.txt]
16:39:29.629 [Test worker] DEBUG o.s.w.r.r.ResourceWebHandler - [46d46bda] Resource not found
16:39:29.633 [Test worker] WARN  o.s.w.r.r.ResourceWebHandler - Path represents URL or has "url:" prefix: [url:/Users/wangweili/Documents/MyDesign/learning/msb-source/msb-spring/spring-webflux/build/resources/test/org/springframework/web/reactive/resource/testsecret/secret.txt]
16:39:29.633 [Test worker] DEBUG o.s.w.r.r.ResourceWebHandler - [2e6173b2] Resource not found
16:39:29.637 [Test worker] WARN  o.s.w.r.r.ResourceWebHandler - Path represents URL or has "url:" prefix: [/url:/Users/wangweili/Documents/MyDesign/learning/msb-source/msb-spring/spring-webflux/build/resources/test/org/springframework/web/reactive/resource/testsecret/secret.txt]
16:39:29.637 [Test worker] DEBUG o.s.w.r.r.ResourceWebHandler - [7cceef31] Resource not found
16:39:29.641 [Test worker] WARN  o.s.w.r.r.ResourceWebHandler - Path contains "../" after call to StringUtils#cleanPath: [/../../Users/wangweili/Documents/MyDesign/learning/msb-source/msb-spring/spring-webflux/build/resources/test/org/springframework/web/reactive/resource/testsecret/secret.txt]
16:39:29.642 [Test worker] DEBUG o.s.w.r.r.ResourceWebHandler - [5d52aa8a] Resource not found
16:39:29.645 [Test worker] WARN  o.s.w.r.r.ResourceWebHandler - Path contains "../" after call to StringUtils#cleanPath: [/../testsecret/secret.txt]
16:39:29.646 [Test worker] DEBUG o.s.w.r.r.ResourceWebHandler - [383d9041] Resource not found
16:39:29.650 [Test worker] WARN  o.s.w.r.r.ResourceWebHandler - Path contains "../" after call to StringUtils#cleanPath: [/../testsecret/secret.txt]
16:39:29.650 [Test worker] DEBUG o.s.w.r.r.ResourceWebHandler - [1de49817] Resource not found
16:39:29.654 [Test worker] WARN  o.s.w.r.r.ResourceWebHandler - Path represents URL or has "url:" prefix: [url:/Users/wangweili/Documents/MyDesign/learning/msb-source/msb-spring/spring-webflux/build/resources/test/org/springframework/web/reactive/resource/testsecret/secret.txt]
16:39:29.654 [Test worker] DEBUG o.s.w.r.r.ResourceWebHandler - [16d85bfd] Resource not found
16:39:29.658 [Test worker] WARN  o.s.w.r.r.ResourceWebHandler - Path contains "../" after call to StringUtils#cleanPath: [../testsecret/secret.txt]
16:39:29.658 [Test worker] DEBUG o.s.w.r.r.ResourceWebHandler - [5e16a556] Resource not found
16:39:29.662 [Test worker] WARN  o.s.w.r.r.ResourceWebHandler - Path contains "../" after call to StringUtils#cleanPath: [test/../../testsecret/secret.txt]
16:39:29.662 [Test worker] DEBUG o.s.w.r.r.ResourceWebHandler - [afd994d] Resource not found
16:39:29.665 [Test worker] WARN  o.s.w.r.r.ResourceWebHandler - Path contains "../" after call to StringUtils#cleanPath: [:/../../testsecret/secret.txt]
16:39:29.666 [Test worker] DEBUG o.s.w.r.r.ResourceWebHandler - [33608c25] Resource not found
16:39:29.670 [Test worker] WARN  o.s.w.r.r.ResourceWebHandler - Path represents URL or has "url:" prefix: [file:/Users/wangweili/Documents/MyDesign/learning/msb-source/msb-spring/spring-webflux/build/resources/test/org/springframework/web/reactive/resource/testsecret/secret.txt]
16:39:29.670 [Test worker] DEBUG o.s.w.r.r.ResourceWebHandler - [67b33e07] Resource not found
16:39:29.674 [Test worker] WARN  o.s.w.r.r.ResourceWebHandler - Path represents URL or has "url:" prefix: [/file:/Users/wangweili/Documents/MyDesign/learning/msb-source/msb-spring/spring-webflux/build/resources/test/org/springframework/web/reactive/resource/testsecret/secret.txt]
16:39:29.674 [Test worker] DEBUG o.s.w.r.r.ResourceWebHandler - [ce40bb2] Resource not found
16:39:29.677 [Test worker] WARN  o.s.w.r.r.ResourceWebHandler - Path represents URL or has "url:" prefix: [url:/Users/wangweili/Documents/MyDesign/learning/msb-source/msb-spring/spring-webflux/build/resources/test/org/springframework/web/reactive/resource/testsecret/secret.txt]
16:39:29.678 [Test worker] DEBUG o.s.w.r.r.ResourceWebHandler - [6ab5dc92] Resource not found
16:39:29.681 [Test worker] WARN  o.s.w.r.r.ResourceWebHandler - Path represents URL or has "url:" prefix: [/url:/Users/wangweili/Documents/MyDesign/learning/msb-source/msb-spring/spring-webflux/build/resources/test/org/springframework/web/reactive/resource/testsecret/secret.txt]
16:39:29.681 [Test worker] DEBUG o.s.w.r.r.ResourceWebHandler - [5d836445] Resource not found
16:39:29.684 [Test worker] WARN  o.s.w.r.r.ResourceWebHandler - Path contains "../" after call to StringUtils#cleanPath: [/../../Users/wangweili/Documents/MyDesign/learning/msb-source/msb-spring/spring-webflux/build/resources/test/org/springframework/web/reactive/resource/testsecret/secret.txt]
16:39:29.684 [Test worker] DEBUG o.s.w.r.r.ResourceWebHandler - [23be3af4] Resource not found
16:39:29.688 [Test worker] WARN  o.s.w.r.r.ResourceWebHandler - Path contains "../" after call to StringUtils#cleanPath: [/../testsecret/secret.txt]
16:39:29.688 [Test worker] DEBUG o.s.w.r.r.ResourceWebHandler - [fab0caa] Resource not found
16:39:29.691 [Test worker] WARN  o.s.w.r.r.ResourceWebHandler - Path contains "../" after call to StringUtils#cleanPath: [/../testsecret/secret.txt]
16:39:29.691 [Test worker] DEBUG o.s.w.r.r.ResourceWebHandler - [4bbe1081] Resource not found
16:39:29.695 [Test worker] WARN  o.s.w.r.r.ResourceWebHandler - Path represents URL or has "url:" prefix: [url:/Users/wangweili/Documents/MyDesign/learning/msb-source/msb-spring/spring-webflux/build/resources/test/org/springframework/web/reactive/resource/testsecret/secret.txt]
16:39:29.695 [Test worker] DEBUG o.s.w.r.r.ResourceWebHandler - [dd9f4ff] Resource not found
16:39:29.698 [Test worker] WARN  o.s.w.r.r.ResourceWebHandler - Path contains "../" after call to StringUtils#cleanPath: [../testsecret/secret.txt]
16:39:29.698 [Test worker] DEBUG o.s.w.r.r.ResourceWebHandler - [5fe2162a] Resource not found
16:39:29.702 [Test worker] WARN  o.s.w.r.r.ResourceWebHandler - Path contains "../" after call to StringUtils#cleanPath: [test/../../testsecret/secret.txt]
16:39:29.702 [Test worker] DEBUG o.s.w.r.r.ResourceWebHandler - [87b9f20] Resource not found
16:39:29.705 [Test worker] WARN  o.s.w.r.r.ResourceWebHandler - Path contains "../" after call to StringUtils#cleanPath: [:/../../testsecret/secret.txt]
16:39:29.705 [Test worker] DEBUG o.s.w.r.r.ResourceWebHandler - [33faacb6] Resource not found
16:39:29.709 [Test worker] WARN  o.s.w.r.r.ResourceWebHandler - Path represents URL or has "url:" prefix: [file:/Users/wangweili/Documents/MyDesign/learning/msb-source/msb-spring/spring-webflux/build/resources/test/org/springframework/web/reactive/resource/testsecret/secret.txt]
16:39:29.709 [Test worker] DEBUG o.s.w.r.r.ResourceWebHandler - [71c6d83a] Resource not found
16:39:29.713 [Test worker] WARN  o.s.w.r.r.ResourceWebHandler - Path represents URL or has "url:" prefix: [/file:/Users/wangweili/Documents/MyDesign/learning/msb-source/msb-spring/spring-webflux/build/resources/test/org/springframework/web/reactive/resource/testsecret/secret.txt]
16:39:29.713 [Test worker] DEBUG o.s.w.r.r.ResourceWebHandler - [3e5ac36e] Resource not found
16:39:29.717 [Test worker] WARN  o.s.w.r.r.ResourceWebHandler - Path represents URL or has "url:" prefix: [url:/Users/wangweili/Documents/MyDesign/learning/msb-source/msb-spring/spring-webflux/build/resources/test/org/springframework/web/reactive/resource/testsecret/secret.txt]
16:39:29.717 [Test worker] DEBUG o.s.w.r.r.ResourceWebHandler - [6a8cc91a] Resource not found
16:39:29.720 [Test worker] WARN  o.s.w.r.r.ResourceWebHandler - Path represents URL or has "url:" prefix: [/url:/Users/wangweili/Documents/MyDesign/learning/msb-source/msb-spring/spring-webflux/build/resources/test/org/springframework/web/reactive/resource/testsecret/secret.txt]
16:39:29.720 [Test worker] DEBUG o.s.w.r.r.ResourceWebHandler - [cf557e1] Resource not found
16:39:29.724 [Test worker] WARN  o.s.w.r.r.ResourceWebHandler - Path contains "../" after call to StringUtils#cleanPath: [/../../Users/wangweili/Documents/MyDesign/learning/msb-source/msb-spring/spring-webflux/build/resources/test/org/springframework/web/reactive/resource/testsecret/secret.txt]
16:39:29.724 [Test worker] DEBUG o.s.w.r.r.ResourceWebHandler - [4bb5594d] Resource not found
16:39:29.727 [Test worker] WARN  o.s.w.r.r.ResourceWebHandler - Path contains "../" after call to StringUtils#cleanPath: [/../testsecret/secret.txt]
16:39:29.727 [Test worker] DEBUG o.s.w.r.r.ResourceWebHandler - [239ca2e6] Resource not found
16:39:29.730 [Test worker] WARN  o.s.w.r.r.ResourceWebHandler - Path contains "../" after call to StringUtils#cleanPath: [/../testsecret/secret.txt]
16:39:29.730 [Test worker] DEBUG o.s.w.r.r.ResourceWebHandler - [2fd47b96] Resource not found
16:39:29.734 [Test worker] WARN  o.s.w.r.r.ResourceWebHandler - Path represents URL or has "url:" prefix: [url:/Users/wangweili/Documents/MyDesign/learning/msb-source/msb-spring/spring-webflux/build/resources/test/org/springframework/web/reactive/resource/testsecret/secret.txt]
16:39:29.734 [Test worker] DEBUG o.s.w.r.r.ResourceWebHandler - [9387bd2] Resource not found
16:39:29.737 [Test worker] WARN  o.s.w.r.r.ResourceWebHandler - Path contains "../" after call to StringUtils#cleanPath: [../testsecret/secret.txt]
16:39:29.737 [Test worker] DEBUG o.s.w.r.r.ResourceWebHandler - [68a63489] Resource not found
16:39:29.740 [Test worker] WARN  o.s.w.r.r.ResourceWebHandler - Path contains "../" after call to StringUtils#cleanPath: [test/../../testsecret/secret.txt]
16:39:29.740 [Test worker] DEBUG o.s.w.r.r.ResourceWebHandler - [2eeb30e9] Resource not found
16:39:29.743 [Test worker] WARN  o.s.w.r.r.ResourceWebHandler - Path contains "../" after call to StringUtils#cleanPath: [:/../../testsecret/secret.txt]
16:39:29.743 [Test worker] DEBUG o.s.w.r.r.ResourceWebHandler - [22eff669] Resource not found
16:39:29.747 [Test worker] WARN  o.s.w.r.r.ResourceWebHandler - Path represents URL or has "url:" prefix: [file:/Users/wangweili/Documents/MyDesign/learning/msb-source/msb-spring/spring-webflux/build/resources/test/org/springframework/web/reactive/resource/testsecret/secret.txt]
16:39:29.747 [Test worker] DEBUG o.s.w.r.r.ResourceWebHandler - [68c3ff0d] Resource not found
16:39:29.750 [Test worker] WARN  o.s.w.r.r.ResourceWebHandler - Path represents URL or has "url:" prefix: [/file:/Users/wangweili/Documents/MyDesign/learning/msb-source/msb-spring/spring-webflux/build/resources/test/org/springframework/web/reactive/resource/testsecret/secret.txt]
16:39:29.750 [Test worker] DEBUG o.s.w.r.r.ResourceWebHandler - [31189ce0] Resource not found
16:39:29.753 [Test worker] WARN  o.s.w.r.r.ResourceWebHandler - Path represents URL or has "url:" prefix: [url:/Users/wangweili/Documents/MyDesign/learning/msb-source/msb-spring/spring-webflux/build/resources/test/org/springframework/web/reactive/resource/testsecret/secret.txt]
16:39:29.753 [Test worker] DEBUG o.s.w.r.r.ResourceWebHandler - [46038e52] Resource not found
16:39:29.757 [Test worker] WARN  o.s.w.r.r.ResourceWebHandler - Path represents URL or has "url:" prefix: [/url:/Users/wangweili/Documents/MyDesign/learning/msb-source/msb-spring/spring-webflux/build/resources/test/org/springframework/web/reactive/resource/testsecret/secret.txt]
16:39:29.758 [Test worker] DEBUG o.s.w.r.r.ResourceWebHandler - [1b026445] Resource not found
16:39:29.762 [Test worker] WARN  o.s.w.r.r.ResourceWebHandler - Path contains "../" after call to StringUtils#cleanPath: [/../../Users/wangweili/Documents/MyDesign/learning/msb-source/msb-spring/spring-webflux/build/resources/test/org/springframework/web/reactive/resource/testsecret/secret.txt]
16:39:29.762 [Test worker] DEBUG o.s.w.r.r.ResourceWebHandler - [6ccecbbf] Resource not found
16:39:29.765 [Test worker] WARN  o.s.w.r.r.ResourceWebHandler - Path contains "../" after call to StringUtils#cleanPath: [/../testsecret/secret.txt]
16:39:29.765 [Test worker] DEBUG o.s.w.r.r.ResourceWebHandler - [19c4b55a] Resource not found
16:39:29.768 [Test worker] WARN  o.s.w.r.r.ResourceWebHandler - Path contains "../" after call to StringUtils#cleanPath: [/../testsecret/secret.txt]
16:39:29.768 [Test worker] DEBUG o.s.w.r.r.ResourceWebHandler - [43efd92e] Resource not found
16:39:29.772 [Test worker] WARN  o.s.w.r.r.ResourceWebHandler - Path represents URL or has "url:" prefix: [url:/Users/wangweili/Documents/MyDesign/learning/msb-source/msb-spring/spring-webflux/build/resources/test/org/springframework/web/reactive/resource/testsecret/secret.txt]
16:39:29.772 [Test worker] DEBUG o.s.w.r.r.ResourceWebHandler - [4bc7bd5a] Resource not found
16:39:29.777 [Test worker] DEBUG o.s.c.c.ResourceEncoder - [51ce14ae] Writing [class path resource [org/springframework/web/reactive/resource/test/foo.html]]
16:39:29.782 [Test worker] DEBUG o.s.c.c.ResourceRegionEncoder - [6d9c05a8] Writing region 0-10 of [class path resource [org/springframework/web/reactive/resource/test/foo.txt]]
16:39:29.792 [Test worker] DEBUG o.s.c.c.ResourceRegionEncoder - [716d6aa] Writing region 9-10 of [class path resource [org/springframework/web/reactive/resource/test/foo.txt]]
16:39:29.796 [Test worker] DEBUG o.s.c.c.ResourceEncoder - [aaa22a5] Writing [class path resource [org/springframework/web/reactive/resource/test/js/foo.js]]
16:39:29.805 [Test worker] DEBUG o.s.c.c.ResourceEncoder - [667d6f1b] Writing [class path resource [org/springframework/web/reactive/resource/test/foo.css]]
16:39:29.811 [Test worker] DEBUG o.s.c.c.ResourceEncoder - [5de16f1c] Writing [class path resource [org/springframework/web/reactive/resource/test/foo.css]]
16:39:29.816 [Test worker] DEBUG o.s.c.c.ResourceEncoder - [9ab10] Writing [class path resource [org/springframework/web/reactive/resource/test/foo.bar]]
16:39:29.822 [Test worker] DEBUG o.s.c.c.ResourceEncoder - [4f761a2] Writing [class path resource [org/springframework/web/reactive/resource/test/foo.css]]
]]></system-out>
  <system-err><![CDATA[]]></system-err>
</testsuite>
