<?xml version="1.0" encoding="UTF-8"?>
<testsuite name="org.springframework.web.reactive.DispatcherHandlerTests" tests="2" skipped="0" failures="0" errors="0" timestamp="2021-05-01T09:53:59" hostname="wangweilideMBP.lan" time="0.031">
  <properties/>
  <testcase name="handlerMappingOrder()" classname="org.springframework.web.reactive.DispatcherHandlerTests" time="0.014"/>
  <testcase name="preFlightRequest()" classname="org.springframework.web.reactive.DispatcherHandlerTests" time="0.017"/>
  <system-out><![CDATA[]]></system-out>
  <system-err><![CDATA[]]></system-err>
</testsuite>
