<?xml version="1.0" encoding="UTF-8"?>
<testsuite name="org.springframework.web.reactive.result.method.HandlerMethodMappingTests" tests="9" skipped="0" failures="0" errors="0" timestamp="2021-05-01T09:47:22" hostname="wangweilideMBP.lan" time="0.147">
  <properties/>
  <testcase name="directMatch()" classname="org.springframework.web.reactive.result.method.HandlerMethodMappingTests" time="0.031"/>
  <testcase name="ambiguousMatchOnPreFlightRequestWithCorsConfig()" classname="org.springframework.web.reactive.result.method.HandlerMethodMappingTests" time="0.034"/>
  <testcase name="ambiguousMatchOnPreFlightRequestWithoutCorsConfig()" classname="org.springframework.web.reactive.result.method.HandlerMethodMappingTests" time="0.013"/>
  <testcase name="patternMatch()" classname="org.springframework.web.reactive.result.method.HandlerMethodMappingTests" time="0.018"/>
  <testcase name="unregisterMapping()" classname="org.springframework.web.reactive.result.method.HandlerMethodMappingTests" time="0.024"/>
  <testcase name="registerMappingWithSameMethodAndTwoHandlerInstances()" classname="org.springframework.web.reactive.result.method.HandlerMethodMappingTests" time="0.001"/>
  <testcase name="registerDuplicates()" classname="org.springframework.web.reactive.result.method.HandlerMethodMappingTests" time="0.001"/>
  <testcase name="registerMapping()" classname="org.springframework.web.reactive.result.method.HandlerMethodMappingTests" time="0.001"/>
  <testcase name="ambiguousMatch()" classname="org.springframework.web.reactive.result.method.HandlerMethodMappingTests" time="0.019"/>
  <system-out><![CDATA[17:47:22.677 [Test worker] DEBUG o.s.w.r.r.m.HandlerMethodMappingTests$MyHandlerMethodMapping - [5ddec616] Mapped to org.springframework.web.reactive.result.method.HandlerMethodMappingTests$MyHandler#handlerMethod1()
17:47:22.710 [Test worker] DEBUG o.s.w.r.r.m.HandlerMethodMappingTests$MyHandlerMethodMapping - [6fd9a901] Mapped to org.springframework.web.reactive.result.method.AbstractHandlerMethodMapping$PreFlightAmbiguousMatchHandler#handle()
17:47:22.723 [Test worker] DEBUG o.s.w.r.r.m.HandlerMethodMappingTests$MyHandlerMethodMapping - [ba0fdad] Mapped to org.springframework.web.reactive.result.method.HandlerMethodMappingTests$MyHandler#handlerMethod1()
17:47:22.744 [Test worker] DEBUG o.s.w.r.r.m.HandlerMethodMappingTests$MyHandlerMethodMapping - [7ea0de97] Mapped to org.springframework.web.reactive.result.method.HandlerMethodMappingTests$MyHandler#handlerMethod1()
17:47:22.756 [Test worker] DEBUG o.s.w.r.r.m.HandlerMethodMappingTests$MyHandlerMethodMapping - [381787b8] Mapped to org.springframework.web.reactive.result.method.HandlerMethodMappingTests$MyHandler#handlerMethod1()
]]></system-out>
  <system-err><![CDATA[]]></system-err>
</testsuite>
