<?xml version="1.0" encoding="UTF-8"?>
<testsuite name="org.springframework.web.reactive.socket.WebSocketIntegrationTests" tests="80" skipped="0" failures="0" errors="0" timestamp="2021-04-26T08:41:35" hostname="wangweilideMacBook-Pro.local" time="225.561">
  <properties/>
  <testcase name="[1] client[org.springframework.web.reactive.socket.client.TomcatWebSocketClient@cca44b1], server[org.springframework.web.testfixture.http.server.reactive.bootstrap.TomcatHttpServer@e75a920]" classname="org.springframework.web.reactive.socket.WebSocketIntegrationTests" time="11.279"/>
  <testcase name="[2] client[org.springframework.web.reactive.socket.client.TomcatWebSocketClient@cca44b1], server[org.springframework.web.testfixture.http.server.reactive.bootstrap.JettyHttpServer@115a2f11]" classname="org.springframework.web.reactive.socket.WebSocketIntegrationTests" time="0.081"/>
  <testcase name="[3] client[org.springframework.web.reactive.socket.client.TomcatWebSocketClient@cca44b1], server[org.springframework.web.testfixture.http.server.reactive.bootstrap.ReactorHttpServer@65e5d921]" classname="org.springframework.web.reactive.socket.WebSocketIntegrationTests" time="0.045"/>
  <testcase name="[4] client[org.springframework.web.reactive.socket.client.TomcatWebSocketClient@cca44b1], server[org.springframework.web.testfixture.http.server.reactive.bootstrap.UndertowHttpServer@3ddedf0d]" classname="org.springframework.web.reactive.socket.WebSocketIntegrationTests" time="0.069"/>
  <testcase name="[5] client[org.springframework.web.reactive.socket.client.JettyWebSocketClient@4542947d], server[org.springframework.web.testfixture.http.server.reactive.bootstrap.TomcatHttpServer@e75a920]" classname="org.springframework.web.reactive.socket.WebSocketIntegrationTests" time="11.283"/>
  <testcase name="[6] client[org.springframework.web.reactive.socket.client.JettyWebSocketClient@4542947d], server[org.springframework.web.testfixture.http.server.reactive.bootstrap.JettyHttpServer@115a2f11]" classname="org.springframework.web.reactive.socket.WebSocketIntegrationTests" time="0.036"/>
  <testcase name="[7] client[org.springframework.web.reactive.socket.client.JettyWebSocketClient@4542947d], server[org.springframework.web.testfixture.http.server.reactive.bootstrap.ReactorHttpServer@65e5d921]" classname="org.springframework.web.reactive.socket.WebSocketIntegrationTests" time="0.017"/>
  <testcase name="[8] client[org.springframework.web.reactive.socket.client.JettyWebSocketClient@4542947d], server[org.springframework.web.testfixture.http.server.reactive.bootstrap.UndertowHttpServer@3ddedf0d]" classname="org.springframework.web.reactive.socket.WebSocketIntegrationTests" time="0.019"/>
  <testcase name="[9] client[org.springframework.web.reactive.socket.client.ReactorNettyWebSocketClient@3b54f37e], server[org.springframework.web.testfixture.http.server.reactive.bootstrap.TomcatHttpServer@e75a920]" classname="org.springframework.web.reactive.socket.WebSocketIntegrationTests" time="11.234"/>
  <testcase name="[10] client[org.springframework.web.reactive.socket.client.ReactorNettyWebSocketClient@3b54f37e], server[org.springframework.web.testfixture.http.server.reactive.bootstrap.JettyHttpServer@115a2f11]" classname="org.springframework.web.reactive.socket.WebSocketIntegrationTests" time="0.018"/>
  <testcase name="[11] client[org.springframework.web.reactive.socket.client.ReactorNettyWebSocketClient@3b54f37e], server[org.springframework.web.testfixture.http.server.reactive.bootstrap.ReactorHttpServer@65e5d921]" classname="org.springframework.web.reactive.socket.WebSocketIntegrationTests" time="0.014"/>
  <testcase name="[12] client[org.springframework.web.reactive.socket.client.ReactorNettyWebSocketClient@3b54f37e], server[org.springframework.web.testfixture.http.server.reactive.bootstrap.UndertowHttpServer@3ddedf0d]" classname="org.springframework.web.reactive.socket.WebSocketIntegrationTests" time="0.018"/>
  <testcase name="[13] client[org.springframework.web.reactive.socket.client.UndertowWebSocketClient@40b33d1e], server[org.springframework.web.testfixture.http.server.reactive.bootstrap.TomcatHttpServer@e75a920]" classname="org.springframework.web.reactive.socket.WebSocketIntegrationTests" time="11.222"/>
  <testcase name="[14] client[org.springframework.web.reactive.socket.client.UndertowWebSocketClient@40b33d1e], server[org.springframework.web.testfixture.http.server.reactive.bootstrap.JettyHttpServer@115a2f11]" classname="org.springframework.web.reactive.socket.WebSocketIntegrationTests" time="0.016"/>
  <testcase name="[15] client[org.springframework.web.reactive.socket.client.UndertowWebSocketClient@40b33d1e], server[org.springframework.web.testfixture.http.server.reactive.bootstrap.ReactorHttpServer@65e5d921]" classname="org.springframework.web.reactive.socket.WebSocketIntegrationTests" time="0.012"/>
  <testcase name="[16] client[org.springframework.web.reactive.socket.client.UndertowWebSocketClient@40b33d1e], server[org.springframework.web.testfixture.http.server.reactive.bootstrap.UndertowHttpServer@3ddedf0d]" classname="org.springframework.web.reactive.socket.WebSocketIntegrationTests" time="0.016"/>
  <testcase name="[1] client[org.springframework.web.reactive.socket.client.TomcatWebSocketClient@5b98aad2], server[org.springframework.web.testfixture.http.server.reactive.bootstrap.TomcatHttpServer@79c7c4a8]" classname="org.springframework.web.reactive.socket.WebSocketIntegrationTests" time="11.207"/>
  <testcase name="[2] client[org.springframework.web.reactive.socket.client.TomcatWebSocketClient@5b98aad2], server[org.springframework.web.testfixture.http.server.reactive.bootstrap.JettyHttpServer@5d74a564]" classname="org.springframework.web.reactive.socket.WebSocketIntegrationTests" time="0.02"/>
  <testcase name="[3] client[org.springframework.web.reactive.socket.client.TomcatWebSocketClient@5b98aad2], server[org.springframework.web.testfixture.http.server.reactive.bootstrap.ReactorHttpServer@15759be3]" classname="org.springframework.web.reactive.socket.WebSocketIntegrationTests" time="0.015"/>
  <testcase name="[4] client[org.springframework.web.reactive.socket.client.TomcatWebSocketClient@5b98aad2], server[org.springframework.web.testfixture.http.server.reactive.bootstrap.UndertowHttpServer@1cbddf69]" classname="org.springframework.web.reactive.socket.WebSocketIntegrationTests" time="0.032"/>
  <testcase name="[5] client[org.springframework.web.reactive.socket.client.JettyWebSocketClient@424145dd], server[org.springframework.web.testfixture.http.server.reactive.bootstrap.TomcatHttpServer@79c7c4a8]" classname="org.springframework.web.reactive.socket.WebSocketIntegrationTests" time="11.2"/>
  <testcase name="[6] client[org.springframework.web.reactive.socket.client.JettyWebSocketClient@424145dd], server[org.springframework.web.testfixture.http.server.reactive.bootstrap.JettyHttpServer@5d74a564]" classname="org.springframework.web.reactive.socket.WebSocketIntegrationTests" time="0.024"/>
  <testcase name="[7] client[org.springframework.web.reactive.socket.client.JettyWebSocketClient@424145dd], server[org.springframework.web.testfixture.http.server.reactive.bootstrap.ReactorHttpServer@15759be3]" classname="org.springframework.web.reactive.socket.WebSocketIntegrationTests" time="0.016"/>
  <testcase name="[8] client[org.springframework.web.reactive.socket.client.JettyWebSocketClient@424145dd], server[org.springframework.web.testfixture.http.server.reactive.bootstrap.UndertowHttpServer@1cbddf69]" classname="org.springframework.web.reactive.socket.WebSocketIntegrationTests" time="0.018"/>
  <testcase name="[9] client[org.springframework.web.reactive.socket.client.ReactorNettyWebSocketClient@2677b4f], server[org.springframework.web.testfixture.http.server.reactive.bootstrap.TomcatHttpServer@79c7c4a8]" classname="org.springframework.web.reactive.socket.WebSocketIntegrationTests" time="11.21"/>
  <testcase name="[10] client[org.springframework.web.reactive.socket.client.ReactorNettyWebSocketClient@2677b4f], server[org.springframework.web.testfixture.http.server.reactive.bootstrap.JettyHttpServer@5d74a564]" classname="org.springframework.web.reactive.socket.WebSocketIntegrationTests" time="0.017"/>
  <testcase name="[11] client[org.springframework.web.reactive.socket.client.ReactorNettyWebSocketClient@2677b4f], server[org.springframework.web.testfixture.http.server.reactive.bootstrap.ReactorHttpServer@15759be3]" classname="org.springframework.web.reactive.socket.WebSocketIntegrationTests" time="0.025"/>
  <testcase name="[12] client[org.springframework.web.reactive.socket.client.ReactorNettyWebSocketClient@2677b4f], server[org.springframework.web.testfixture.http.server.reactive.bootstrap.UndertowHttpServer@1cbddf69]" classname="org.springframework.web.reactive.socket.WebSocketIntegrationTests" time="0.016"/>
  <testcase name="[13] client[org.springframework.web.reactive.socket.client.UndertowWebSocketClient@4674cad7], server[org.springframework.web.testfixture.http.server.reactive.bootstrap.TomcatHttpServer@79c7c4a8]" classname="org.springframework.web.reactive.socket.WebSocketIntegrationTests" time="11.166"/>
  <testcase name="[14] client[org.springframework.web.reactive.socket.client.UndertowWebSocketClient@4674cad7], server[org.springframework.web.testfixture.http.server.reactive.bootstrap.JettyHttpServer@5d74a564]" classname="org.springframework.web.reactive.socket.WebSocketIntegrationTests" time="0.015"/>
  <testcase name="[15] client[org.springframework.web.reactive.socket.client.UndertowWebSocketClient@4674cad7], server[org.springframework.web.testfixture.http.server.reactive.bootstrap.ReactorHttpServer@15759be3]" classname="org.springframework.web.reactive.socket.WebSocketIntegrationTests" time="0.01"/>
  <testcase name="[16] client[org.springframework.web.reactive.socket.client.UndertowWebSocketClient@4674cad7], server[org.springframework.web.testfixture.http.server.reactive.bootstrap.UndertowHttpServer@1cbddf69]" classname="org.springframework.web.reactive.socket.WebSocketIntegrationTests" time="0.015"/>
  <testcase name="[1] client[org.springframework.web.reactive.socket.client.TomcatWebSocketClient@16fe20e6], server[org.springframework.web.testfixture.http.server.reactive.bootstrap.TomcatHttpServer@1742caac]" classname="org.springframework.web.reactive.socket.WebSocketIntegrationTests" time="11.227"/>
  <testcase name="[2] client[org.springframework.web.reactive.socket.client.TomcatWebSocketClient@16fe20e6], server[org.springframework.web.testfixture.http.server.reactive.bootstrap.JettyHttpServer@a6ff41c]" classname="org.springframework.web.reactive.socket.WebSocketIntegrationTests" time="0.027"/>
  <testcase name="[3] client[org.springframework.web.reactive.socket.client.TomcatWebSocketClient@16fe20e6], server[org.springframework.web.testfixture.http.server.reactive.bootstrap.ReactorHttpServer@3f677690]" classname="org.springframework.web.reactive.socket.WebSocketIntegrationTests" time="0.04"/>
  <testcase name="[4] client[org.springframework.web.reactive.socket.client.TomcatWebSocketClient@16fe20e6], server[org.springframework.web.testfixture.http.server.reactive.bootstrap.UndertowHttpServer@17689f0d]" classname="org.springframework.web.reactive.socket.WebSocketIntegrationTests" time="0.026"/>
  <testcase name="[5] client[org.springframework.web.reactive.socket.client.JettyWebSocketClient@34029b2f], server[org.springframework.web.testfixture.http.server.reactive.bootstrap.TomcatHttpServer@1742caac]" classname="org.springframework.web.reactive.socket.WebSocketIntegrationTests" time="11.234"/>
  <testcase name="[6] client[org.springframework.web.reactive.socket.client.JettyWebSocketClient@34029b2f], server[org.springframework.web.testfixture.http.server.reactive.bootstrap.JettyHttpServer@a6ff41c]" classname="org.springframework.web.reactive.socket.WebSocketIntegrationTests" time="0.028"/>
  <testcase name="[7] client[org.springframework.web.reactive.socket.client.JettyWebSocketClient@34029b2f], server[org.springframework.web.testfixture.http.server.reactive.bootstrap.ReactorHttpServer@3f677690]" classname="org.springframework.web.reactive.socket.WebSocketIntegrationTests" time="0.034"/>
  <testcase name="[8] client[org.springframework.web.reactive.socket.client.JettyWebSocketClient@34029b2f], server[org.springframework.web.testfixture.http.server.reactive.bootstrap.UndertowHttpServer@17689f0d]" classname="org.springframework.web.reactive.socket.WebSocketIntegrationTests" time="0.029"/>
  <testcase name="[9] client[org.springframework.web.reactive.socket.client.ReactorNettyWebSocketClient@2ea7ef6f], server[org.springframework.web.testfixture.http.server.reactive.bootstrap.TomcatHttpServer@1742caac]" classname="org.springframework.web.reactive.socket.WebSocketIntegrationTests" time="11.191"/>
  <testcase name="[10] client[org.springframework.web.reactive.socket.client.ReactorNettyWebSocketClient@2ea7ef6f], server[org.springframework.web.testfixture.http.server.reactive.bootstrap.JettyHttpServer@a6ff41c]" classname="org.springframework.web.reactive.socket.WebSocketIntegrationTests" time="0.056"/>
  <testcase name="[11] client[org.springframework.web.reactive.socket.client.ReactorNettyWebSocketClient@2ea7ef6f], server[org.springframework.web.testfixture.http.server.reactive.bootstrap.ReactorHttpServer@3f677690]" classname="org.springframework.web.reactive.socket.WebSocketIntegrationTests" time="0.037"/>
  <testcase name="[12] client[org.springframework.web.reactive.socket.client.ReactorNettyWebSocketClient@2ea7ef6f], server[org.springframework.web.testfixture.http.server.reactive.bootstrap.UndertowHttpServer@17689f0d]" classname="org.springframework.web.reactive.socket.WebSocketIntegrationTests" time="0.031"/>
  <testcase name="[13] client[org.springframework.web.reactive.socket.client.UndertowWebSocketClient@1eb87355], server[org.springframework.web.testfixture.http.server.reactive.bootstrap.TomcatHttpServer@1742caac]" classname="org.springframework.web.reactive.socket.WebSocketIntegrationTests" time="11.191"/>
  <testcase name="[14] client[org.springframework.web.reactive.socket.client.UndertowWebSocketClient@1eb87355], server[org.springframework.web.testfixture.http.server.reactive.bootstrap.JettyHttpServer@a6ff41c]" classname="org.springframework.web.reactive.socket.WebSocketIntegrationTests" time="0.023"/>
  <testcase name="[15] client[org.springframework.web.reactive.socket.client.UndertowWebSocketClient@1eb87355], server[org.springframework.web.testfixture.http.server.reactive.bootstrap.ReactorHttpServer@3f677690]" classname="org.springframework.web.reactive.socket.WebSocketIntegrationTests" time="0.034"/>
  <testcase name="[16] client[org.springframework.web.reactive.socket.client.UndertowWebSocketClient@1eb87355], server[org.springframework.web.testfixture.http.server.reactive.bootstrap.UndertowHttpServer@17689f0d]" classname="org.springframework.web.reactive.socket.WebSocketIntegrationTests" time="0.016"/>
  <testcase name="[1] client[org.springframework.web.reactive.socket.client.TomcatWebSocketClient@7b4aa170], server[org.springframework.web.testfixture.http.server.reactive.bootstrap.TomcatHttpServer@37e3bfde]" classname="org.springframework.web.reactive.socket.WebSocketIntegrationTests" time="11.185"/>
  <testcase name="[2] client[org.springframework.web.reactive.socket.client.TomcatWebSocketClient@7b4aa170], server[org.springframework.web.testfixture.http.server.reactive.bootstrap.JettyHttpServer@6183c77c]" classname="org.springframework.web.reactive.socket.WebSocketIntegrationTests" time="0.037"/>
  <testcase name="[3] client[org.springframework.web.reactive.socket.client.TomcatWebSocketClient@7b4aa170], server[org.springframework.web.testfixture.http.server.reactive.bootstrap.ReactorHttpServer@2311d538]" classname="org.springframework.web.reactive.socket.WebSocketIntegrationTests" time="0.015"/>
  <testcase name="[4] client[org.springframework.web.reactive.socket.client.TomcatWebSocketClient@7b4aa170], server[org.springframework.web.testfixture.http.server.reactive.bootstrap.UndertowHttpServer@517de9ce]" classname="org.springframework.web.reactive.socket.WebSocketIntegrationTests" time="0.016"/>
  <testcase name="[5] client[org.springframework.web.reactive.socket.client.JettyWebSocketClient@7ea9d1a1], server[org.springframework.web.testfixture.http.server.reactive.bootstrap.TomcatHttpServer@37e3bfde]" classname="org.springframework.web.reactive.socket.WebSocketIntegrationTests" time="11.234"/>
  <testcase name="[6] client[org.springframework.web.reactive.socket.client.JettyWebSocketClient@7ea9d1a1], server[org.springframework.web.testfixture.http.server.reactive.bootstrap.JettyHttpServer@6183c77c]" classname="org.springframework.web.reactive.socket.WebSocketIntegrationTests" time="0.026"/>
  <testcase name="[7] client[org.springframework.web.reactive.socket.client.JettyWebSocketClient@7ea9d1a1], server[org.springframework.web.testfixture.http.server.reactive.bootstrap.ReactorHttpServer@2311d538]" classname="org.springframework.web.reactive.socket.WebSocketIntegrationTests" time="0.015"/>
  <testcase name="[8] client[org.springframework.web.reactive.socket.client.JettyWebSocketClient@7ea9d1a1], server[org.springframework.web.testfixture.http.server.reactive.bootstrap.UndertowHttpServer@517de9ce]" classname="org.springframework.web.reactive.socket.WebSocketIntegrationTests" time="0.025"/>
  <testcase name="[9] client[org.springframework.web.reactive.socket.client.ReactorNettyWebSocketClient@5031995f], server[org.springframework.web.testfixture.http.server.reactive.bootstrap.TomcatHttpServer@37e3bfde]" classname="org.springframework.web.reactive.socket.WebSocketIntegrationTests" time="11.172"/>
  <testcase name="[10] client[org.springframework.web.reactive.socket.client.ReactorNettyWebSocketClient@5031995f], server[org.springframework.web.testfixture.http.server.reactive.bootstrap.JettyHttpServer@6183c77c]" classname="org.springframework.web.reactive.socket.WebSocketIntegrationTests" time="0.016"/>
  <testcase name="[11] client[org.springframework.web.reactive.socket.client.ReactorNettyWebSocketClient@5031995f], server[org.springframework.web.testfixture.http.server.reactive.bootstrap.ReactorHttpServer@2311d538]" classname="org.springframework.web.reactive.socket.WebSocketIntegrationTests" time="0.012"/>
  <testcase name="[12] client[org.springframework.web.reactive.socket.client.ReactorNettyWebSocketClient@5031995f], server[org.springframework.web.testfixture.http.server.reactive.bootstrap.UndertowHttpServer@517de9ce]" classname="org.springframework.web.reactive.socket.WebSocketIntegrationTests" time="0.016"/>
  <testcase name="[13] client[org.springframework.web.reactive.socket.client.UndertowWebSocketClient@72bb5d39], server[org.springframework.web.testfixture.http.server.reactive.bootstrap.TomcatHttpServer@37e3bfde]" classname="org.springframework.web.reactive.socket.WebSocketIntegrationTests" time="11.179"/>
  <testcase name="[14] client[org.springframework.web.reactive.socket.client.UndertowWebSocketClient@72bb5d39], server[org.springframework.web.testfixture.http.server.reactive.bootstrap.JettyHttpServer@6183c77c]" classname="org.springframework.web.reactive.socket.WebSocketIntegrationTests" time="0.017"/>
  <testcase name="[15] client[org.springframework.web.reactive.socket.client.UndertowWebSocketClient@72bb5d39], server[org.springframework.web.testfixture.http.server.reactive.bootstrap.ReactorHttpServer@2311d538]" classname="org.springframework.web.reactive.socket.WebSocketIntegrationTests" time="0.012"/>
  <testcase name="[16] client[org.springframework.web.reactive.socket.client.UndertowWebSocketClient@72bb5d39], server[org.springframework.web.testfixture.http.server.reactive.bootstrap.UndertowHttpServer@517de9ce]" classname="org.springframework.web.reactive.socket.WebSocketIntegrationTests" time="0.014"/>
  <testcase name="[1] client[org.springframework.web.reactive.socket.client.TomcatWebSocketClient@6f26fa84], server[org.springframework.web.testfixture.http.server.reactive.bootstrap.TomcatHttpServer@8b72062]" classname="org.springframework.web.reactive.socket.WebSocketIntegrationTests" time="11.168"/>
  <testcase name="[2] client[org.springframework.web.reactive.socket.client.TomcatWebSocketClient@6f26fa84], server[org.springframework.web.testfixture.http.server.reactive.bootstrap.JettyHttpServer@3b0fa6ba]" classname="org.springframework.web.reactive.socket.WebSocketIntegrationTests" time="0.019"/>
  <testcase name="[3] client[org.springframework.web.reactive.socket.client.TomcatWebSocketClient@6f26fa84], server[org.springframework.web.testfixture.http.server.reactive.bootstrap.ReactorHttpServer@34c5d17a]" classname="org.springframework.web.reactive.socket.WebSocketIntegrationTests" time="0.014"/>
  <testcase name="[4] client[org.springframework.web.reactive.socket.client.TomcatWebSocketClient@6f26fa84], server[org.springframework.web.testfixture.http.server.reactive.bootstrap.UndertowHttpServer@5ea36502]" classname="org.springframework.web.reactive.socket.WebSocketIntegrationTests" time="0.016"/>
  <testcase name="[5] client[org.springframework.web.reactive.socket.client.JettyWebSocketClient@4a738058], server[org.springframework.web.testfixture.http.server.reactive.bootstrap.TomcatHttpServer@8b72062]" classname="org.springframework.web.reactive.socket.WebSocketIntegrationTests" time="11.181"/>
  <testcase name="[6] client[org.springframework.web.reactive.socket.client.JettyWebSocketClient@4a738058], server[org.springframework.web.testfixture.http.server.reactive.bootstrap.JettyHttpServer@3b0fa6ba]" classname="org.springframework.web.reactive.socket.WebSocketIntegrationTests" time="0.018"/>
  <testcase name="[7] client[org.springframework.web.reactive.socket.client.JettyWebSocketClient@4a738058], server[org.springframework.web.testfixture.http.server.reactive.bootstrap.ReactorHttpServer@34c5d17a]" classname="org.springframework.web.reactive.socket.WebSocketIntegrationTests" time="0.015"/>
  <testcase name="[8] client[org.springframework.web.reactive.socket.client.JettyWebSocketClient@4a738058], server[org.springframework.web.testfixture.http.server.reactive.bootstrap.UndertowHttpServer@5ea36502]" classname="org.springframework.web.reactive.socket.WebSocketIntegrationTests" time="0.017"/>
  <testcase name="[9] client[org.springframework.web.reactive.socket.client.ReactorNettyWebSocketClient@4478c5ff], server[org.springframework.web.testfixture.http.server.reactive.bootstrap.TomcatHttpServer@8b72062]" classname="org.springframework.web.reactive.socket.WebSocketIntegrationTests" time="11.182"/>
  <testcase name="[10] client[org.springframework.web.reactive.socket.client.ReactorNettyWebSocketClient@4478c5ff], server[org.springframework.web.testfixture.http.server.reactive.bootstrap.JettyHttpServer@3b0fa6ba]" classname="org.springframework.web.reactive.socket.WebSocketIntegrationTests" time="0.015"/>
  <testcase name="[11] client[org.springframework.web.reactive.socket.client.ReactorNettyWebSocketClient@4478c5ff], server[org.springframework.web.testfixture.http.server.reactive.bootstrap.ReactorHttpServer@34c5d17a]" classname="org.springframework.web.reactive.socket.WebSocketIntegrationTests" time="0.013"/>
  <testcase name="[12] client[org.springframework.web.reactive.socket.client.ReactorNettyWebSocketClient@4478c5ff], server[org.springframework.web.testfixture.http.server.reactive.bootstrap.UndertowHttpServer@5ea36502]" classname="org.springframework.web.reactive.socket.WebSocketIntegrationTests" time="0.016"/>
  <testcase name="[13] client[org.springframework.web.reactive.socket.client.UndertowWebSocketClient@2c443839], server[org.springframework.web.testfixture.http.server.reactive.bootstrap.TomcatHttpServer@8b72062]" classname="org.springframework.web.reactive.socket.WebSocketIntegrationTests" time="11.208"/>
  <testcase name="[14] client[org.springframework.web.reactive.socket.client.UndertowWebSocketClient@2c443839], server[org.springframework.web.testfixture.http.server.reactive.bootstrap.JettyHttpServer@3b0fa6ba]" classname="org.springframework.web.reactive.socket.WebSocketIntegrationTests" time="0.015"/>
  <testcase name="[15] client[org.springframework.web.reactive.socket.client.UndertowWebSocketClient@2c443839], server[org.springframework.web.testfixture.http.server.reactive.bootstrap.ReactorHttpServer@34c5d17a]" classname="org.springframework.web.reactive.socket.WebSocketIntegrationTests" time="0.011"/>
  <testcase name="[16] client[org.springframework.web.reactive.socket.client.UndertowWebSocketClient@2c443839], server[org.springframework.web.testfixture.http.server.reactive.bootstrap.UndertowHttpServer@5ea36502]" classname="org.springframework.web.reactive.socket.WebSocketIntegrationTests" time="0.014"/>
  <system-out><![CDATA[16:41:35.342 [Test worker] DEBUG o.s.w.r.h.SimpleUrlHandlerMapping - Patterns [/close, /echo, /sub-protocol, /cookie, /custom-header] in 'handlerMapping'
16:41:35.347 [Test worker] DEBUG o.s.w.s.a.HttpWebHandlerAdapter - enableLoggingRequestDetails='false': form data and headers will be masked to prevent unsafe logging of potentially sensitive data
16:41:35.347 [Test worker] DEBUG o.s.w.t.h.s.r.b.TomcatHttpServer - Starting TomcatHttpServer...
16:41:35.361 [Test worker] DEBUG o.s.w.t.h.s.r.b.TomcatHttpServer - Server started on port 64247(0 millis).
16:41:35.370 [boundedElastic-1] DEBUG o.s.w.r.s.c.StandardWebSocketClient - Connecting to ws://localhost:64247/close
16:41:35.392 [http-nio-auto-51-exec-1] DEBUG o.s.w.s.a.HttpWebHandlerAdapter - [6203cb06] HTTP GET "/close"
16:41:35.396 [http-nio-auto-51-exec-1] DEBUG o.s.w.r.h.SimpleUrlHandlerMapping - [6203cb06] Mapped to org.springframework.web.reactive.socket.WebSocketIntegrationTests$SessionClosingHandler@4a35d6a1
16:41:35.412 [http-nio-auto-51-exec-1] DEBUG o.s.w.s.a.HttpWebHandlerAdapter - [6203cb06] Completed 101 SWITCHING_PROTOCOLS
16:41:35.429 [boundedElastic-1] DEBUG o.s.w.r.s.a.TomcatWebSocketSession - [0] Session id "0" for ws://localhost:64247/close
16:41:35.429 [http-nio-auto-51-exec-1] DEBUG o.s.w.r.s.a.TomcatWebSocketSession - [6203cb06] Session id "1" for http://localhost:64247/close
16:41:35.433 [boundedElastic-1] DEBUG o.s.w.r.s.WebSocketIntegrationTests - Starting..
16:41:35.441 [Test worker] DEBUG o.s.w.t.h.s.r.b.TomcatHttpServer - Stopping TomcatHttpServer...
16:41:35.443 [WebSocketClient-AsyncIO-1] DEBUG o.s.w.r.s.WebSocketIntegrationTests - Completed with: onComplete
16:41:46.606 [Test worker] DEBUG o.s.w.t.h.s.r.b.TomcatHttpServer - Server stopped (0 millis).
16:41:46.611 [Test worker] DEBUG o.s.w.r.h.SimpleUrlHandlerMapping - Patterns [/close, /echo, /sub-protocol, /cookie, /custom-header] in 'handlerMapping'
16:41:46.616 [Test worker] DEBUG o.s.w.s.a.HttpWebHandlerAdapter - enableLoggingRequestDetails='false': form data and headers will be masked to prevent unsafe logging of potentially sensitive data
16:41:46.616 [Test worker] WARN  o.e.j.s.h.ContextHandler - Empty contextPath
16:41:46.616 [Test worker] INFO  o.e.j.s.h.ContextHandler - Started o.e.j.s.ServletContextHandler@1fb83bd2{/,null,AVAILABLE}
16:41:46.616 [Test worker] DEBUG o.s.w.t.h.s.r.b.JettyHttpServer - Starting JettyHttpServer...
16:41:46.616 [Test worker] INFO  o.e.j.s.Server - jetty-9.4.39.v20210325; built: 2021-03-25T14:42:11.471Z; git: 9fc7ca5a922f2a37b84ec9dbc26a5168cee7e667; jvm 11.0.9+7-LTS
16:41:46.618 [Test worker] INFO  o.e.j.s.AbstractConnector - Started ServerConnector@313151c8{HTTP/1.1, (http/1.1)}{0.0.0.0:64263}
16:41:46.618 [Test worker] INFO  o.e.j.s.Server - Started @595030ms
16:41:46.618 [Test worker] DEBUG o.s.w.t.h.s.r.b.JettyHttpServer - Server started on port 64263(0 millis).
16:41:46.618 [boundedElastic-1] DEBUG o.s.w.r.s.c.StandardWebSocketClient - Connecting to ws://localhost:64263/close
16:41:46.627 [qtp466248217-3689] DEBUG o.s.w.s.a.HttpWebHandlerAdapter - [35b52da0] HTTP GET "/close"
16:41:46.627 [qtp466248217-3689] DEBUG o.s.w.r.h.SimpleUrlHandlerMapping - [35b52da0] Mapped to org.springframework.web.reactive.socket.WebSocketIntegrationTests$SessionClosingHandler@2c52dd5a
16:41:46.676 [qtp466248217-3689] DEBUG o.s.w.s.a.HttpWebHandlerAdapter - [35b52da0] Completed 101 SWITCHING_PROTOCOLS
16:41:46.678 [boundedElastic-1] DEBUG o.s.w.r.s.a.TomcatWebSocketSession - [2] Session id "2" for ws://localhost:64263/close
16:41:46.678 [boundedElastic-1] DEBUG o.s.w.r.s.WebSocketIntegrationTests - Starting..
16:41:46.682 [qtp466248217-3689] DEBUG o.s.w.r.s.a.JettyWebSocketSession - [35b52da0] Session id "4c326437" for http://localhost:64263/close
16:41:46.685 [WebSocketClient-AsyncIO-1] DEBUG o.s.w.r.s.WebSocketIntegrationTests - Completed with: onComplete
16:41:46.685 [Test worker] DEBUG o.s.w.t.h.s.r.b.JettyHttpServer - Stopping JettyHttpServer...
16:41:46.685 [Test worker] INFO  o.e.j.s.h.ContextHandler - Stopped o.e.j.s.ServletContextHandler@1fb83bd2{/,null,STOPPED}
16:41:46.686 [Test worker] INFO  o.e.j.s.AbstractConnector - Stopped ServerConnector@313151c8{HTTP/1.1, (http/1.1)}{0.0.0.0:0}
16:41:46.687 [Test worker] DEBUG o.s.w.t.h.s.r.b.JettyHttpServer - Server stopped (0 millis).
16:41:46.691 [Test worker] DEBUG o.s.w.r.h.SimpleUrlHandlerMapping - Patterns [/close, /echo, /sub-protocol, /cookie, /custom-header] in 'handlerMapping'
16:41:46.695 [Test worker] DEBUG o.s.w.s.a.HttpWebHandlerAdapter - enableLoggingRequestDetails='false': form data and headers will be masked to prevent unsafe logging of potentially sensitive data
16:41:46.695 [Test worker] DEBUG o.s.w.t.h.s.r.b.ReactorHttpServer - Starting ReactorHttpServer...
16:41:46.695 [Test worker] DEBUG o.s.w.t.h.s.r.b.ReactorHttpServer - Server started on port 64265(0 millis).
16:41:46.695 [boundedElastic-1] DEBUG o.s.w.r.s.c.StandardWebSocketClient - Connecting to ws://localhost:64265/close
16:41:46.702 [reactor-http-nio-13] DEBUG o.s.w.s.a.HttpWebHandlerAdapter - [1fa78e24-1, L:/127.0.0.1:64265 - R:/127.0.0.1:64266] HTTP GET "/close"
16:41:46.702 [reactor-http-nio-13] DEBUG o.s.w.r.h.SimpleUrlHandlerMapping - [1fa78e24-1, L:/127.0.0.1:64265 - R:/127.0.0.1:64266] Mapped to org.springframework.web.reactive.socket.WebSocketIntegrationTests$SessionClosingHandler@3ff1e828
16:41:46.725 [boundedElastic-1] DEBUG o.s.w.r.s.a.TomcatWebSocketSession - [3] Session id "3" for ws://localhost:64265/close
16:41:46.725 [boundedElastic-1] DEBUG o.s.w.r.s.WebSocketIntegrationTests - Starting..
16:41:46.728 [reactor-http-nio-13] DEBUG o.s.w.r.s.a.ReactorNettyWebSocketSession - [1fa78e24-1, L:/127.0.0.1:64265 - R:/127.0.0.1:64266] Session id "1dc09e93" for http://localhost:64265/close
16:41:46.732 [WebSocketClient-AsyncIO-1] DEBUG o.s.w.r.s.WebSocketIntegrationTests - Completed with: onComplete
16:41:46.732 [Test worker] DEBUG o.s.w.t.h.s.r.b.ReactorHttpServer - Stopping ReactorHttpServer...
16:41:46.732 [Test worker] DEBUG o.s.w.t.h.s.r.b.ReactorHttpServer - Server stopped (0 millis).
16:41:46.733 [reactor-http-nio-13] DEBUG o.s.w.s.a.HttpWebHandlerAdapter - [1fa78e24-1, L:/127.0.0.1:64265 - R:/127.0.0.1:64266] Completed 200 OK
16:41:46.737 [Test worker] DEBUG o.s.w.r.h.SimpleUrlHandlerMapping - Patterns [/close, /echo, /sub-protocol, /cookie, /custom-header] in 'handlerMapping'
16:41:46.739 [Test worker] DEBUG o.s.w.s.a.HttpWebHandlerAdapter - enableLoggingRequestDetails='false': form data and headers will be masked to prevent unsafe logging of potentially sensitive data
16:41:46.739 [Test worker] DEBUG o.s.w.t.h.s.r.b.UndertowHttpServer - Starting UndertowHttpServer...
16:41:46.739 [Test worker] INFO  i.undertow - starting server: Undertow - 2.2.7.Final
16:41:46.742 [Test worker] DEBUG o.s.w.t.h.s.r.b.UndertowHttpServer - Server started on port 64267(0 millis).
16:41:46.742 [boundedElastic-1] DEBUG o.s.w.r.s.c.StandardWebSocketClient - Connecting to ws://localhost:64267/close
16:41:46.748 [XNIO-52 I/O-13] DEBUG o.s.w.s.a.HttpWebHandlerAdapter - [34c63e86-52] HTTP GET "/close"
16:41:46.748 [XNIO-52 I/O-13] DEBUG o.s.w.r.h.SimpleUrlHandlerMapping - [34c63e86-52] Mapped to org.springframework.web.reactive.socket.WebSocketIntegrationTests$SessionClosingHandler@3a01c66e
16:41:46.773 [boundedElastic-1] DEBUG o.s.w.r.s.a.TomcatWebSocketSession - [4] Session id "4" for ws://localhost:64267/close
16:41:46.773 [boundedElastic-1] DEBUG o.s.w.r.s.WebSocketIntegrationTests - Starting..
16:41:46.788 [XNIO-52 I/O-13] DEBUG o.s.w.r.s.a.UndertowWebSocketSession - [34c63e86-52] Session id "509c2229" for http://localhost:64267/close
16:41:46.793 [XNIO-52 I/O-13] DEBUG o.s.w.s.a.HttpWebHandlerAdapter - [34c63e86-52] Completed 101 SWITCHING_PROTOCOLS
16:41:46.794 [WebSocketClient-AsyncIO-1] DEBUG o.s.w.r.s.WebSocketIntegrationTests - Completed with: onComplete
16:41:46.795 [Test worker] DEBUG o.s.w.t.h.s.r.b.UndertowHttpServer - Stopping UndertowHttpServer...
16:41:46.795 [Test worker] INFO  i.undertow - stopping server: Undertow - 2.2.7.Final
16:41:46.802 [Test worker] DEBUG o.s.w.t.h.s.r.b.UndertowHttpServer - Server stopped (0 millis).
16:41:46.807 [Test worker] DEBUG o.s.w.r.h.SimpleUrlHandlerMapping - Patterns [/close, /echo, /sub-protocol, /cookie, /custom-header] in 'handlerMapping'
16:41:46.807 [Test worker] DEBUG o.s.w.s.a.HttpWebHandlerAdapter - enableLoggingRequestDetails='false': form data and headers will be masked to prevent unsafe logging of potentially sensitive data
16:41:46.808 [Test worker] DEBUG o.s.w.t.h.s.r.b.TomcatHttpServer - Starting TomcatHttpServer...
16:41:46.812 [Test worker] DEBUG o.s.w.t.h.s.r.b.TomcatHttpServer - Server started on port 64269(0 millis).
16:41:46.831 [Test worker] DEBUG o.s.w.r.s.c.JettyWebSocketClient - Connecting to ws://localhost:64269/close
16:41:46.868 [http-nio-auto-52-exec-1] DEBUG o.s.w.s.a.HttpWebHandlerAdapter - [6d05b52d] HTTP GET "/close"
16:41:46.868 [http-nio-auto-52-exec-1] DEBUG o.s.w.r.h.SimpleUrlHandlerMapping - [6d05b52d] Mapped to org.springframework.web.reactive.socket.WebSocketIntegrationTests$SessionClosingHandler@63c256fd
16:41:46.870 [http-nio-auto-52-exec-1] DEBUG o.s.w.s.a.HttpWebHandlerAdapter - [6d05b52d] Completed 101 SWITCHING_PROTOCOLS
16:41:46.872 [http-nio-auto-52-exec-1] DEBUG o.s.w.r.s.a.TomcatWebSocketSession - [6d05b52d] Session id "5" for http://localhost:64269/close
16:41:46.888 [WebSocketClient@1431158184-3737] DEBUG o.s.w.r.s.a.JettyWebSocketSession - [43a3d782] Session id "43a3d782" for ws://localhost:64269/close
16:41:46.888 [WebSocketClient@1431158184-3737] DEBUG o.s.w.r.s.WebSocketIntegrationTests - Starting..
16:41:46.898 [WebSocketClient@1431158184-3727] DEBUG o.s.w.r.s.WebSocketIntegrationTests - Completed with: onComplete
16:41:46.901 [Test worker] DEBUG o.s.w.t.h.s.r.b.TomcatHttpServer - Stopping TomcatHttpServer...
16:41:58.086 [Test worker] DEBUG o.s.w.t.h.s.r.b.TomcatHttpServer - Server stopped (0 millis).
16:41:58.090 [Test worker] DEBUG o.s.w.r.h.SimpleUrlHandlerMapping - Patterns [/close, /echo, /sub-protocol, /cookie, /custom-header] in 'handlerMapping'
16:41:58.091 [Test worker] DEBUG o.s.w.s.a.HttpWebHandlerAdapter - enableLoggingRequestDetails='false': form data and headers will be masked to prevent unsafe logging of potentially sensitive data
16:41:58.092 [Test worker] WARN  o.e.j.s.h.ContextHandler - Empty contextPath
16:41:58.092 [Test worker] INFO  o.e.j.s.h.ContextHandler - Started o.e.j.s.ServletContextHandler@5b22a861{/,null,AVAILABLE}
16:41:58.092 [Test worker] DEBUG o.s.w.t.h.s.r.b.JettyHttpServer - Starting JettyHttpServer...
16:41:58.092 [Test worker] INFO  o.e.j.s.Server - jetty-9.4.39.v20210325; built: 2021-03-25T14:42:11.471Z; git: 9fc7ca5a922f2a37b84ec9dbc26a5168cee7e667; jvm 11.0.9+7-LTS
16:41:58.094 [Test worker] INFO  o.e.j.s.AbstractConnector - Started ServerConnector@7ee532fd{HTTP/1.1, (http/1.1)}{0.0.0.0:64282}
16:41:58.094 [Test worker] INFO  o.e.j.s.Server - Started @606505ms
16:41:58.094 [Test worker] DEBUG o.s.w.t.h.s.r.b.JettyHttpServer - Server started on port 64282(0 millis).
16:41:58.096 [Test worker] DEBUG o.s.w.r.s.c.JettyWebSocketClient - Connecting to ws://localhost:64282/close
16:41:58.102 [qtp1076822848-3761] DEBUG o.s.w.s.a.HttpWebHandlerAdapter - [66d559b2] HTTP GET "/close"
16:41:58.102 [qtp1076822848-3761] DEBUG o.s.w.r.h.SimpleUrlHandlerMapping - [66d559b2] Mapped to org.springframework.web.reactive.socket.WebSocketIntegrationTests$SessionClosingHandler@6812bb18
16:41:58.104 [qtp1076822848-3761] DEBUG o.s.w.s.a.HttpWebHandlerAdapter - [66d559b2] Completed 101 SWITCHING_PROTOCOLS
16:41:58.104 [qtp1076822848-3761] DEBUG o.s.w.r.s.a.JettyWebSocketSession - [66d559b2] Session id "77ee8abc" for http://localhost:64282/close
16:41:58.120 [WebSocketClient@1431158184-3762] DEBUG o.s.w.r.s.a.JettyWebSocketSession - [3a74904f] Session id "3a74904f" for ws://localhost:64282/close
16:41:58.120 [WebSocketClient@1431158184-3762] DEBUG o.s.w.r.s.WebSocketIntegrationTests - Starting..
16:41:58.120 [WebSocketClient@1431158184-3762] DEBUG o.s.w.r.s.WebSocketIntegrationTests - Completed with: onComplete
16:41:58.122 [Test worker] DEBUG o.s.w.t.h.s.r.b.JettyHttpServer - Stopping JettyHttpServer...
16:41:58.122 [Test worker] INFO  o.e.j.s.h.ContextHandler - Stopped o.e.j.s.ServletContextHandler@5b22a861{/,null,STOPPED}
16:41:58.123 [Test worker] INFO  o.e.j.s.AbstractConnector - Stopped ServerConnector@7ee532fd{HTTP/1.1, (http/1.1)}{0.0.0.0:0}
16:41:58.123 [Test worker] DEBUG o.s.w.t.h.s.r.b.JettyHttpServer - Server stopped (0 millis).
16:41:58.127 [Test worker] DEBUG o.s.w.r.h.SimpleUrlHandlerMapping - Patterns [/close, /echo, /sub-protocol, /cookie, /custom-header] in 'handlerMapping'
16:41:58.128 [Test worker] DEBUG o.s.w.s.a.HttpWebHandlerAdapter - enableLoggingRequestDetails='false': form data and headers will be masked to prevent unsafe logging of potentially sensitive data
16:41:58.128 [Test worker] DEBUG o.s.w.t.h.s.r.b.ReactorHttpServer - Starting ReactorHttpServer...
16:41:58.128 [Test worker] DEBUG o.s.w.t.h.s.r.b.ReactorHttpServer - Server started on port 64284(0 millis).
16:41:58.130 [Test worker] DEBUG o.s.w.r.s.c.JettyWebSocketClient - Connecting to ws://localhost:64284/close
16:41:58.137 [reactor-http-nio-15] DEBUG o.s.w.s.a.HttpWebHandlerAdapter - [31493fed-1, L:/127.0.0.1:64284 - R:/127.0.0.1:64285] HTTP GET "/close"
16:41:58.137 [reactor-http-nio-15] DEBUG o.s.w.r.h.SimpleUrlHandlerMapping - [31493fed-1, L:/127.0.0.1:64284 - R:/127.0.0.1:64285] Mapped to org.springframework.web.reactive.socket.WebSocketIntegrationTests$SessionClosingHandler@27f86702
16:41:58.138 [reactor-http-nio-15] DEBUG o.s.w.r.s.a.ReactorNettyWebSocketSession - [31493fed-1, L:/127.0.0.1:64284 - R:/127.0.0.1:64285] Session id "e2d616e" for http://localhost:64284/close
16:41:58.138 [reactor-http-nio-15] DEBUG o.s.w.s.a.HttpWebHandlerAdapter - [31493fed-1, L:/127.0.0.1:64284 - R:/127.0.0.1:64285] Completed 200 OK
16:41:58.138 [WebSocketClient@1431158184-3775] DEBUG o.s.w.r.s.a.JettyWebSocketSession - [3076db6c] Session id "3076db6c" for ws://localhost:64284/close
16:41:58.138 [WebSocketClient@1431158184-3775] DEBUG o.s.w.r.s.WebSocketIntegrationTests - Starting..
16:41:58.139 [WebSocketClient@1431158184-3766] DEBUG o.s.w.r.s.WebSocketIntegrationTests - Completed with: onComplete
16:41:58.141 [Test worker] DEBUG o.s.w.t.h.s.r.b.ReactorHttpServer - Stopping ReactorHttpServer...
16:41:58.141 [Test worker] DEBUG o.s.w.t.h.s.r.b.ReactorHttpServer - Server stopped (0 millis).
16:41:58.144 [Test worker] DEBUG o.s.w.r.h.SimpleUrlHandlerMapping - Patterns [/close, /echo, /sub-protocol, /cookie, /custom-header] in 'handlerMapping'
16:41:58.145 [Test worker] DEBUG o.s.w.s.a.HttpWebHandlerAdapter - enableLoggingRequestDetails='false': form data and headers will be masked to prevent unsafe logging of potentially sensitive data
16:41:58.145 [Test worker] DEBUG o.s.w.t.h.s.r.b.UndertowHttpServer - Starting UndertowHttpServer...
16:41:58.145 [Test worker] INFO  i.undertow - starting server: Undertow - 2.2.7.Final
16:41:58.148 [Test worker] DEBUG o.s.w.t.h.s.r.b.UndertowHttpServer - Server started on port 64286(0 millis).
16:41:58.150 [Test worker] DEBUG o.s.w.r.s.c.JettyWebSocketClient - Connecting to ws://localhost:64286/close
16:41:58.156 [XNIO-53 I/O-4] DEBUG o.s.w.s.a.HttpWebHandlerAdapter - [fda6963-53] HTTP GET "/close"
16:41:58.156 [XNIO-53 I/O-4] DEBUG o.s.w.r.h.SimpleUrlHandlerMapping - [fda6963-53] Mapped to org.springframework.web.reactive.socket.WebSocketIntegrationTests$SessionClosingHandler@11d96e8
16:41:58.157 [XNIO-53 I/O-4] DEBUG o.s.w.r.s.a.UndertowWebSocketSession - [fda6963-53] Session id "68bed866" for http://localhost:64286/close
16:41:58.157 [XNIO-53 I/O-4] DEBUG o.s.w.s.a.HttpWebHandlerAdapter - [fda6963-53] Completed 101 SWITCHING_PROTOCOLS
16:41:58.157 [WebSocketClient@1431158184-3804] DEBUG o.s.w.r.s.a.JettyWebSocketSession - [360069c0] Session id "360069c0" for ws://localhost:64286/close
16:41:58.157 [WebSocketClient@1431158184-3804] DEBUG o.s.w.r.s.WebSocketIntegrationTests - Starting..
16:41:58.158 [WebSocketClient@1431158184-3804] DEBUG o.s.w.r.s.WebSocketIntegrationTests - Completed with: onComplete
16:41:58.159 [Test worker] DEBUG o.s.w.t.h.s.r.b.UndertowHttpServer - Stopping UndertowHttpServer...
16:41:58.159 [Test worker] INFO  i.undertow - stopping server: Undertow - 2.2.7.Final
16:41:58.160 [Test worker] DEBUG o.s.w.t.h.s.r.b.UndertowHttpServer - Server stopped (0 millis).
16:41:58.163 [Test worker] DEBUG o.s.w.r.h.SimpleUrlHandlerMapping - Patterns [/close, /echo, /sub-protocol, /cookie, /custom-header] in 'handlerMapping'
16:41:58.164 [Test worker] DEBUG o.s.w.s.a.HttpWebHandlerAdapter - enableLoggingRequestDetails='false': form data and headers will be masked to prevent unsafe logging of potentially sensitive data
16:41:58.164 [Test worker] DEBUG o.s.w.t.h.s.r.b.TomcatHttpServer - Starting TomcatHttpServer...
16:41:58.169 [Test worker] DEBUG o.s.w.t.h.s.r.b.TomcatHttpServer - Server started on port 64288(0 millis).
16:41:58.171 [Test worker] DEBUG o.s.w.r.s.c.ReactorNettyWebSocketClient - Connecting to ws://localhost:64288/close
16:41:58.196 [http-nio-auto-53-exec-1] DEBUG o.s.w.s.a.HttpWebHandlerAdapter - [6dfcb226] HTTP GET "/close"
16:41:58.196 [http-nio-auto-53-exec-1] DEBUG o.s.w.r.h.SimpleUrlHandlerMapping - [6dfcb226] Mapped to org.springframework.web.reactive.socket.WebSocketIntegrationTests$SessionClosingHandler@633b51e9
16:41:58.197 [http-nio-auto-53-exec-1] DEBUG o.s.w.s.a.HttpWebHandlerAdapter - [6dfcb226] Completed 101 SWITCHING_PROTOCOLS
16:41:58.199 [http-nio-auto-53-exec-1] DEBUG o.s.w.r.s.a.TomcatWebSocketSession - [6dfcb226] Session id "6" for http://localhost:64288/close
16:41:58.206 [reactor-http-nio-16] DEBUG o.s.w.r.s.a.ReactorNettyWebSocketSession - [a1cf82] Session id "a1cf82" for ws://localhost:64288/close
16:41:58.206 [reactor-http-nio-16] DEBUG o.s.w.r.s.c.ReactorNettyWebSocketClient - Started session 'a1cf82' for ws://localhost:64288/close
16:41:58.206 [reactor-http-nio-16] DEBUG o.s.w.r.s.WebSocketIntegrationTests - Starting..
16:41:58.211 [reactor-http-nio-16] DEBUG o.s.w.r.s.WebSocketIntegrationTests - Completed with: onComplete
16:41:58.213 [Test worker] DEBUG o.s.w.t.h.s.r.b.TomcatHttpServer - Stopping TomcatHttpServer...
16:42:09.393 [Test worker] DEBUG o.s.w.t.h.s.r.b.TomcatHttpServer - Server stopped (0 millis).
16:42:09.398 [Test worker] DEBUG o.s.w.r.h.SimpleUrlHandlerMapping - Patterns [/close, /echo, /sub-protocol, /cookie, /custom-header] in 'handlerMapping'
16:42:09.398 [Test worker] DEBUG o.s.w.s.a.HttpWebHandlerAdapter - enableLoggingRequestDetails='false': form data and headers will be masked to prevent unsafe logging of potentially sensitive data
16:42:09.399 [Test worker] WARN  o.e.j.s.h.ContextHandler - Empty contextPath
16:42:09.399 [Test worker] INFO  o.e.j.s.h.ContextHandler - Started o.e.j.s.ServletContextHandler@2b31504b{/,null,AVAILABLE}
16:42:09.399 [Test worker] DEBUG o.s.w.t.h.s.r.b.JettyHttpServer - Starting JettyHttpServer...
16:42:09.399 [Test worker] INFO  o.e.j.s.Server - jetty-9.4.39.v20210325; built: 2021-03-25T14:42:11.471Z; git: 9fc7ca5a922f2a37b84ec9dbc26a5168cee7e667; jvm 11.0.9+7-LTS
16:42:09.401 [Test worker] INFO  o.e.j.s.AbstractConnector - Started ServerConnector@4578afd8{HTTP/1.1, (http/1.1)}{0.0.0.0:64298}
16:42:09.401 [Test worker] INFO  o.e.j.s.Server - Started @617812ms
16:42:09.401 [Test worker] DEBUG o.s.w.t.h.s.r.b.JettyHttpServer - Server started on port 64298(0 millis).
16:42:09.401 [Test worker] DEBUG o.s.w.r.s.c.ReactorNettyWebSocketClient - Connecting to ws://localhost:64298/close
16:42:09.407 [qtp2146079989-3833] DEBUG o.s.w.s.a.HttpWebHandlerAdapter - [5bea45c5] HTTP GET "/close"
16:42:09.407 [qtp2146079989-3833] DEBUG o.s.w.r.h.SimpleUrlHandlerMapping - [5bea45c5] Mapped to org.springframework.web.reactive.socket.WebSocketIntegrationTests$SessionClosingHandler@552db0c8
16:42:09.409 [qtp2146079989-3833] DEBUG o.s.w.s.a.HttpWebHandlerAdapter - [5bea45c5] Completed 101 SWITCHING_PROTOCOLS
16:42:09.409 [qtp2146079989-3833] DEBUG o.s.w.r.s.a.JettyWebSocketSession - [5bea45c5] Session id "199512b" for http://localhost:64298/close
16:42:09.409 [reactor-http-nio-1] DEBUG o.s.w.r.s.a.ReactorNettyWebSocketSession - [2ab7bf86] Session id "2ab7bf86" for ws://localhost:64298/close
16:42:09.409 [reactor-http-nio-1] DEBUG o.s.w.r.s.c.ReactorNettyWebSocketClient - Started session '2ab7bf86' for ws://localhost:64298/close
16:42:09.409 [reactor-http-nio-1] DEBUG o.s.w.r.s.WebSocketIntegrationTests - Starting..
16:42:09.410 [reactor-http-nio-1] DEBUG o.s.w.r.s.WebSocketIntegrationTests - Completed with: onComplete
16:42:09.410 [Test worker] DEBUG o.s.w.t.h.s.r.b.JettyHttpServer - Stopping JettyHttpServer...
16:42:09.410 [Test worker] INFO  o.e.j.s.h.ContextHandler - Stopped o.e.j.s.ServletContextHandler@2b31504b{/,null,STOPPED}
16:42:09.411 [Test worker] INFO  o.e.j.s.AbstractConnector - Stopped ServerConnector@4578afd8{HTTP/1.1, (http/1.1)}{0.0.0.0:0}
16:42:09.412 [Test worker] DEBUG o.s.w.t.h.s.r.b.JettyHttpServer - Server stopped (0 millis).
16:42:09.415 [Test worker] DEBUG o.s.w.r.h.SimpleUrlHandlerMapping - Patterns [/close, /echo, /sub-protocol, /cookie, /custom-header] in 'handlerMapping'
16:42:09.416 [Test worker] DEBUG o.s.w.s.a.HttpWebHandlerAdapter - enableLoggingRequestDetails='false': form data and headers will be masked to prevent unsafe logging of potentially sensitive data
16:42:09.416 [Test worker] DEBUG o.s.w.t.h.s.r.b.ReactorHttpServer - Starting ReactorHttpServer...
16:42:09.416 [Test worker] DEBUG o.s.w.t.h.s.r.b.ReactorHttpServer - Server started on port 64300(0 millis).
16:42:09.417 [Test worker] DEBUG o.s.w.r.s.c.ReactorNettyWebSocketClient - Connecting to ws://localhost:64300/close
16:42:09.423 [reactor-http-nio-4] DEBUG o.s.w.s.a.HttpWebHandlerAdapter - [62feecc5-1, L:/127.0.0.1:64300 - R:/127.0.0.1:64301] HTTP GET "/close"
16:42:09.424 [reactor-http-nio-4] DEBUG o.s.w.r.h.SimpleUrlHandlerMapping - [62feecc5-1, L:/127.0.0.1:64300 - R:/127.0.0.1:64301] Mapped to org.springframework.web.reactive.socket.WebSocketIntegrationTests$SessionClosingHandler@1817abbc
16:42:09.425 [reactor-http-nio-4] DEBUG o.s.w.r.s.a.ReactorNettyWebSocketSession - [62feecc5-1, L:/127.0.0.1:64300 - R:/127.0.0.1:64301] Session id "16714e02" for http://localhost:64300/close
16:42:09.425 [reactor-http-nio-3] DEBUG o.s.w.r.s.a.ReactorNettyWebSocketSession - [4fa2f931] Session id "4fa2f931" for ws://localhost:64300/close
16:42:09.425 [reactor-http-nio-3] DEBUG o.s.w.r.s.c.ReactorNettyWebSocketClient - Started session '4fa2f931' for ws://localhost:64300/close
16:42:09.425 [reactor-http-nio-3] DEBUG o.s.w.r.s.WebSocketIntegrationTests - Starting..
16:42:09.425 [reactor-http-nio-4] DEBUG o.s.w.s.a.HttpWebHandlerAdapter - [62feecc5-1, L:/127.0.0.1:64300 - R:/127.0.0.1:64301] Completed 200 OK
16:42:09.425 [reactor-http-nio-3] DEBUG o.s.w.r.s.WebSocketIntegrationTests - Completed with: onComplete
16:42:09.426 [Test worker] DEBUG o.s.w.t.h.s.r.b.ReactorHttpServer - Stopping ReactorHttpServer...
16:42:09.426 [Test worker] DEBUG o.s.w.t.h.s.r.b.ReactorHttpServer - Server stopped (0 millis).
16:42:09.429 [Test worker] DEBUG o.s.w.r.h.SimpleUrlHandlerMapping - Patterns [/close, /echo, /sub-protocol, /cookie, /custom-header] in 'handlerMapping'
16:42:09.430 [Test worker] DEBUG o.s.w.s.a.HttpWebHandlerAdapter - enableLoggingRequestDetails='false': form data and headers will be masked to prevent unsafe logging of potentially sensitive data
16:42:09.430 [Test worker] DEBUG o.s.w.t.h.s.r.b.UndertowHttpServer - Starting UndertowHttpServer...
16:42:09.430 [Test worker] INFO  i.undertow - starting server: Undertow - 2.2.7.Final
16:42:09.433 [Test worker] DEBUG o.s.w.t.h.s.r.b.UndertowHttpServer - Server started on port 64302(0 millis).
16:42:09.433 [Test worker] DEBUG o.s.w.r.s.c.ReactorNettyWebSocketClient - Connecting to ws://localhost:64302/close
16:42:09.441 [XNIO-54 I/O-14] DEBUG o.s.w.s.a.HttpWebHandlerAdapter - [28c0806-54] HTTP GET "/close"
16:42:09.441 [XNIO-54 I/O-14] DEBUG o.s.w.r.h.SimpleUrlHandlerMapping - [28c0806-54] Mapped to org.springframework.web.reactive.socket.WebSocketIntegrationTests$SessionClosingHandler@c4bf627
16:42:09.441 [XNIO-54 I/O-14] DEBUG o.s.w.r.s.a.UndertowWebSocketSession - [28c0806-54] Session id "29175abb" for http://localhost:64302/close
16:42:09.442 [XNIO-54 I/O-14] DEBUG o.s.w.s.a.HttpWebHandlerAdapter - [28c0806-54] Completed 101 SWITCHING_PROTOCOLS
16:42:09.442 [reactor-http-nio-5] DEBUG o.s.w.r.s.a.ReactorNettyWebSocketSession - [72d9f1be] Session id "72d9f1be" for ws://localhost:64302/close
16:42:09.442 [reactor-http-nio-5] DEBUG o.s.w.r.s.c.ReactorNettyWebSocketClient - Started session '72d9f1be' for ws://localhost:64302/close
16:42:09.442 [reactor-http-nio-5] DEBUG o.s.w.r.s.WebSocketIntegrationTests - Starting..
16:42:09.442 [reactor-http-nio-5] DEBUG o.s.w.r.s.WebSocketIntegrationTests - Completed with: onComplete
16:42:09.443 [Test worker] DEBUG o.s.w.t.h.s.r.b.UndertowHttpServer - Stopping UndertowHttpServer...
16:42:09.443 [Test worker] INFO  i.undertow - stopping server: Undertow - 2.2.7.Final
16:42:09.443 [Test worker] DEBUG o.s.w.t.h.s.r.b.UndertowHttpServer - Server stopped (0 millis).
16:42:09.447 [Test worker] DEBUG o.s.w.r.h.SimpleUrlHandlerMapping - Patterns [/close, /echo, /sub-protocol, /cookie, /custom-header] in 'handlerMapping'
16:42:09.448 [Test worker] DEBUG o.s.w.s.a.HttpWebHandlerAdapter - enableLoggingRequestDetails='false': form data and headers will be masked to prevent unsafe logging of potentially sensitive data
16:42:09.449 [Test worker] DEBUG o.s.w.t.h.s.r.b.TomcatHttpServer - Starting TomcatHttpServer...
16:42:09.455 [Test worker] DEBUG o.s.w.t.h.s.r.b.TomcatHttpServer - Server started on port 64304(0 millis).
16:42:09.455 [Test worker] DEBUG o.s.w.r.s.c.UndertowWebSocketClient - Connecting to ws://localhost:64304/close
16:42:09.484 [http-nio-auto-54-exec-1] DEBUG o.s.w.s.a.HttpWebHandlerAdapter - [19e159c0] HTTP GET "/close"
16:42:09.484 [http-nio-auto-54-exec-1] DEBUG o.s.w.r.h.SimpleUrlHandlerMapping - [19e159c0] Mapped to org.springframework.web.reactive.socket.WebSocketIntegrationTests$SessionClosingHandler@1726a48c
16:42:09.486 [http-nio-auto-54-exec-1] DEBUG o.s.w.s.a.HttpWebHandlerAdapter - [19e159c0] Completed 101 SWITCHING_PROTOCOLS
16:42:09.488 [http-nio-auto-54-exec-1] DEBUG o.s.w.r.s.a.TomcatWebSocketSession - [19e159c0] Session id "7" for http://localhost:64304/close
16:42:09.490 [XNIO-51 I/O-1] DEBUG o.s.w.r.s.a.UndertowWebSocketSession - [25a96a7a] Session id "25a96a7a" for ws://localhost:64304/close
16:42:09.490 [XNIO-51 I/O-1] DEBUG o.s.w.r.s.WebSocketIntegrationTests - Starting..
16:42:09.490 [Test worker] DEBUG o.s.w.t.h.s.r.b.TomcatHttpServer - Stopping TomcatHttpServer...
16:42:09.490 [XNIO-51 I/O-1] DEBUG o.s.w.r.s.WebSocketIntegrationTests - Completed with: onComplete
16:42:20.665 [Test worker] DEBUG o.s.w.t.h.s.r.b.TomcatHttpServer - Server stopped (0 millis).
16:42:20.669 [Test worker] DEBUG o.s.w.r.h.SimpleUrlHandlerMapping - Patterns [/close, /echo, /sub-protocol, /cookie, /custom-header] in 'handlerMapping'
16:42:20.670 [Test worker] DEBUG o.s.w.s.a.HttpWebHandlerAdapter - enableLoggingRequestDetails='false': form data and headers will be masked to prevent unsafe logging of potentially sensitive data
16:42:20.670 [Test worker] WARN  o.e.j.s.h.ContextHandler - Empty contextPath
16:42:20.671 [Test worker] INFO  o.e.j.s.h.ContextHandler - Started o.e.j.s.ServletContextHandler@383842fa{/,null,AVAILABLE}
16:42:20.671 [Test worker] DEBUG o.s.w.t.h.s.r.b.JettyHttpServer - Starting JettyHttpServer...
16:42:20.671 [Test worker] INFO  o.e.j.s.Server - jetty-9.4.39.v20210325; built: 2021-03-25T14:42:11.471Z; git: 9fc7ca5a922f2a37b84ec9dbc26a5168cee7e667; jvm 11.0.9+7-LTS
16:42:20.672 [Test worker] INFO  o.e.j.s.AbstractConnector - Started ServerConnector@2cc5a825{HTTP/1.1, (http/1.1)}{0.0.0.0:64329}
16:42:20.672 [Test worker] INFO  o.e.j.s.Server - Started @629083ms
16:42:20.672 [Test worker] DEBUG o.s.w.t.h.s.r.b.JettyHttpServer - Server started on port 64329(0 millis).
16:42:20.672 [Test worker] DEBUG o.s.w.r.s.c.UndertowWebSocketClient - Connecting to ws://localhost:64329/close
16:42:20.678 [qtp360194930-3879] DEBUG o.s.w.s.a.HttpWebHandlerAdapter - [2c7e7789] HTTP GET "/close"
16:42:20.679 [qtp360194930-3879] DEBUG o.s.w.r.h.SimpleUrlHandlerMapping - [2c7e7789] Mapped to org.springframework.web.reactive.socket.WebSocketIntegrationTests$SessionClosingHandler@22b98c76
16:42:20.680 [qtp360194930-3879] DEBUG o.s.w.s.a.HttpWebHandlerAdapter - [2c7e7789] Completed 101 SWITCHING_PROTOCOLS
16:42:20.680 [qtp360194930-3879] DEBUG o.s.w.r.s.a.JettyWebSocketSession - [2c7e7789] Session id "74f9e3c3" for http://localhost:64329/close
16:42:20.680 [XNIO-51 I/O-1] DEBUG o.s.w.r.s.a.UndertowWebSocketSession - [141a5637] Session id "141a5637" for ws://localhost:64329/close
16:42:20.680 [XNIO-51 I/O-1] DEBUG o.s.w.r.s.WebSocketIntegrationTests - Starting..
16:42:20.680 [Test worker] DEBUG o.s.w.t.h.s.r.b.JettyHttpServer - Stopping JettyHttpServer...
16:42:20.680 [XNIO-51 I/O-1] DEBUG o.s.w.r.s.WebSocketIntegrationTests - Completed with: onComplete
16:42:20.680 [Test worker] INFO  o.e.j.s.h.ContextHandler - Stopped o.e.j.s.ServletContextHandler@383842fa{/,null,STOPPED}
16:42:20.682 [Test worker] INFO  o.e.j.s.AbstractConnector - Stopped ServerConnector@2cc5a825{HTTP/1.1, (http/1.1)}{0.0.0.0:0}
16:42:20.682 [Test worker] DEBUG o.s.w.t.h.s.r.b.JettyHttpServer - Server stopped (0 millis).
16:42:20.686 [Test worker] DEBUG o.s.w.r.h.SimpleUrlHandlerMapping - Patterns [/close, /echo, /sub-protocol, /cookie, /custom-header] in 'handlerMapping'
16:42:20.687 [Test worker] DEBUG o.s.w.s.a.HttpWebHandlerAdapter - enableLoggingRequestDetails='false': form data and headers will be masked to prevent unsafe logging of potentially sensitive data
16:42:20.687 [Test worker] DEBUG o.s.w.t.h.s.r.b.ReactorHttpServer - Starting ReactorHttpServer...
16:42:20.687 [Test worker] DEBUG o.s.w.t.h.s.r.b.ReactorHttpServer - Server started on port 64331(0 millis).
16:42:20.687 [Test worker] DEBUG o.s.w.r.s.c.UndertowWebSocketClient - Connecting to ws://localhost:64331/close
16:42:20.693 [reactor-http-nio-7] DEBUG o.s.w.s.a.HttpWebHandlerAdapter - [1920943e-1, L:/127.0.0.1:64331 - R:/127.0.0.1:64332] HTTP GET "/close"
16:42:20.693 [reactor-http-nio-7] DEBUG o.s.w.r.h.SimpleUrlHandlerMapping - [1920943e-1, L:/127.0.0.1:64331 - R:/127.0.0.1:64332] Mapped to org.springframework.web.reactive.socket.WebSocketIntegrationTests$SessionClosingHandler@1daf7397
16:42:20.694 [reactor-http-nio-7] DEBUG o.s.w.r.s.a.ReactorNettyWebSocketSession - [1920943e-1, L:/127.0.0.1:64331 - R:/127.0.0.1:64332] Session id "3214df9" for http://localhost:64331/close
16:42:20.694 [XNIO-51 I/O-1] DEBUG o.s.w.r.s.a.UndertowWebSocketSession - [67885c5a] Session id "67885c5a" for ws://localhost:64331/close
16:42:20.694 [XNIO-51 I/O-1] DEBUG o.s.w.r.s.WebSocketIntegrationTests - Starting..
16:42:20.694 [reactor-http-nio-7] DEBUG o.s.w.s.a.HttpWebHandlerAdapter - [1920943e-1, L:/127.0.0.1:64331 - R:/127.0.0.1:64332] Completed 200 OK
16:42:20.695 [XNIO-51 I/O-1] DEBUG o.s.w.r.s.WebSocketIntegrationTests - Completed with: onComplete
16:42:20.695 [Test worker] DEBUG o.s.w.t.h.s.r.b.ReactorHttpServer - Stopping ReactorHttpServer...
16:42:20.695 [Test worker] DEBUG o.s.w.t.h.s.r.b.ReactorHttpServer - Server stopped (0 millis).
16:42:20.700 [Test worker] DEBUG o.s.w.r.h.SimpleUrlHandlerMapping - Patterns [/close, /echo, /sub-protocol, /cookie, /custom-header] in 'handlerMapping'
16:42:20.701 [Test worker] DEBUG o.s.w.s.a.HttpWebHandlerAdapter - enableLoggingRequestDetails='false': form data and headers will be masked to prevent unsafe logging of potentially sensitive data
16:42:20.701 [Test worker] DEBUG o.s.w.t.h.s.r.b.UndertowHttpServer - Starting UndertowHttpServer...
16:42:20.701 [Test worker] INFO  i.undertow - starting server: Undertow - 2.2.7.Final
16:42:20.704 [Test worker] DEBUG o.s.w.t.h.s.r.b.UndertowHttpServer - Server started on port 64333(0 millis).
16:42:20.704 [Test worker] DEBUG o.s.w.r.s.c.UndertowWebSocketClient - Connecting to ws://localhost:64333/close
16:42:20.710 [XNIO-55 I/O-13] DEBUG o.s.w.s.a.HttpWebHandlerAdapter - [3a9918d8-55] HTTP GET "/close"
16:42:20.710 [XNIO-55 I/O-13] DEBUG o.s.w.r.h.SimpleUrlHandlerMapping - [3a9918d8-55] Mapped to org.springframework.web.reactive.socket.WebSocketIntegrationTests$SessionClosingHandler@345ee1fb
16:42:20.710 [XNIO-55 I/O-13] DEBUG o.s.w.r.s.a.UndertowWebSocketSession - [3a9918d8-55] Session id "61655958" for http://localhost:64333/close
16:42:20.710 [XNIO-51 I/O-1] DEBUG o.s.w.r.s.a.UndertowWebSocketSession - [5aa4a653] Session id "5aa4a653" for ws://localhost:64333/close
16:42:20.710 [XNIO-51 I/O-1] DEBUG o.s.w.r.s.WebSocketIntegrationTests - Starting..
16:42:20.710 [XNIO-55 I/O-13] DEBUG o.s.w.s.a.HttpWebHandlerAdapter - [3a9918d8-55] Completed 101 SWITCHING_PROTOCOLS
16:42:20.711 [XNIO-51 I/O-1] DEBUG o.s.w.r.s.WebSocketIntegrationTests - Completed with: onComplete
16:42:20.711 [Test worker] DEBUG o.s.w.t.h.s.r.b.UndertowHttpServer - Stopping UndertowHttpServer...
16:42:20.711 [Test worker] INFO  i.undertow - stopping server: Undertow - 2.2.7.Final
16:42:20.711 [Test worker] DEBUG o.s.w.t.h.s.r.b.UndertowHttpServer - Server stopped (0 millis).
16:42:20.718 [Test worker] DEBUG o.s.w.r.h.SimpleUrlHandlerMapping - Patterns [/close, /echo, /sub-protocol, /cookie, /custom-header] in 'handlerMapping'
16:42:20.719 [Test worker] DEBUG o.s.w.s.a.HttpWebHandlerAdapter - enableLoggingRequestDetails='false': form data and headers will be masked to prevent unsafe logging of potentially sensitive data
16:42:20.719 [Test worker] DEBUG o.s.w.t.h.s.r.b.TomcatHttpServer - Starting TomcatHttpServer...
16:42:20.723 [Test worker] DEBUG o.s.w.t.h.s.r.b.TomcatHttpServer - Server started on port 64335(0 millis).
16:42:20.724 [boundedElastic-1] DEBUG o.s.w.r.s.c.StandardWebSocketClient - Connecting to ws://localhost:64335/cookie
16:42:20.732 [http-nio-auto-55-exec-1] DEBUG o.s.w.s.a.HttpWebHandlerAdapter - [75335b89] HTTP GET "/cookie"
16:42:20.733 [http-nio-auto-55-exec-1] DEBUG o.s.w.r.h.SimpleUrlHandlerMapping - [75335b89] Mapped to org.springframework.web.reactive.socket.WebSocketIntegrationTests$CookieHandler@7bf4bb5f
16:42:20.744 [http-nio-auto-55-exec-1] DEBUG o.s.w.s.a.HttpWebHandlerAdapter - [75335b89] Completed 101 SWITCHING_PROTOCOLS
16:42:20.746 [http-nio-auto-55-exec-1] DEBUG o.s.w.r.s.a.TomcatWebSocketSession - [75335b89] Session id "8" for http://localhost:64335/cookie
16:42:20.746 [boundedElastic-1] DEBUG o.s.w.r.s.a.TomcatWebSocketSession - [9] Session id "9" for ws://localhost:64335/cookie
16:42:20.752 [Test worker] DEBUG o.s.w.t.h.s.r.b.TomcatHttpServer - Stopping TomcatHttpServer...
16:42:31.922 [Test worker] DEBUG o.s.w.t.h.s.r.b.TomcatHttpServer - Server stopped (0 millis).
16:42:31.926 [Test worker] DEBUG o.s.w.r.h.SimpleUrlHandlerMapping - Patterns [/close, /echo, /sub-protocol, /cookie, /custom-header] in 'handlerMapping'
16:42:31.927 [Test worker] DEBUG o.s.w.s.a.HttpWebHandlerAdapter - enableLoggingRequestDetails='false': form data and headers will be masked to prevent unsafe logging of potentially sensitive data
16:42:31.927 [Test worker] WARN  o.e.j.s.h.ContextHandler - Empty contextPath
16:42:31.928 [Test worker] INFO  o.e.j.s.h.ContextHandler - Started o.e.j.s.ServletContextHandler@134be45e{/,null,AVAILABLE}
16:42:31.928 [Test worker] DEBUG o.s.w.t.h.s.r.b.JettyHttpServer - Starting JettyHttpServer...
16:42:31.928 [Test worker] INFO  o.e.j.s.Server - jetty-9.4.39.v20210325; built: 2021-03-25T14:42:11.471Z; git: 9fc7ca5a922f2a37b84ec9dbc26a5168cee7e667; jvm 11.0.9+7-LTS
16:42:31.929 [Test worker] INFO  o.e.j.s.AbstractConnector - Started ServerConnector@753a06f2{HTTP/1.1, (http/1.1)}{0.0.0.0:64344}
16:42:31.929 [Test worker] INFO  o.e.j.s.Server - Started @640340ms
16:42:31.929 [Test worker] DEBUG o.s.w.t.h.s.r.b.JettyHttpServer - Server started on port 64344(0 millis).
16:42:31.929 [boundedElastic-1] DEBUG o.s.w.r.s.c.StandardWebSocketClient - Connecting to ws://localhost:64344/cookie
16:42:31.936 [qtp1022336413-3928] DEBUG o.s.w.s.a.HttpWebHandlerAdapter - [1cfc9293] HTTP GET "/cookie"
16:42:31.936 [qtp1022336413-3928] DEBUG o.s.w.r.h.SimpleUrlHandlerMapping - [1cfc9293] Mapped to org.springframework.web.reactive.socket.WebSocketIntegrationTests$CookieHandler@123b6f7c
16:42:31.937 [qtp1022336413-3928] DEBUG o.s.w.s.a.HttpWebHandlerAdapter - [1cfc9293] Completed 101 SWITCHING_PROTOCOLS
16:42:31.937 [qtp1022336413-3928] DEBUG o.s.w.r.s.a.JettyWebSocketSession - [1cfc9293] Session id "28c90a3e" for http://localhost:64344/cookie
16:42:31.938 [boundedElastic-1] DEBUG o.s.w.r.s.a.TomcatWebSocketSession - [a] Session id "a" for ws://localhost:64344/cookie
16:42:31.941 [Test worker] DEBUG o.s.w.t.h.s.r.b.JettyHttpServer - Stopping JettyHttpServer...
16:42:31.942 [Test worker] INFO  o.e.j.s.h.ContextHandler - Stopped o.e.j.s.ServletContextHandler@134be45e{/,null,STOPPED}
16:42:31.943 [Test worker] INFO  o.e.j.s.AbstractConnector - Stopped ServerConnector@753a06f2{HTTP/1.1, (http/1.1)}{0.0.0.0:0}
16:42:31.943 [Test worker] DEBUG o.s.w.t.h.s.r.b.JettyHttpServer - Server stopped (0 millis).
16:42:31.946 [Test worker] DEBUG o.s.w.r.h.SimpleUrlHandlerMapping - Patterns [/close, /echo, /sub-protocol, /cookie, /custom-header] in 'handlerMapping'
16:42:31.947 [Test worker] DEBUG o.s.w.s.a.HttpWebHandlerAdapter - enableLoggingRequestDetails='false': form data and headers will be masked to prevent unsafe logging of potentially sensitive data
16:42:31.947 [Test worker] DEBUG o.s.w.t.h.s.r.b.ReactorHttpServer - Starting ReactorHttpServer...
16:42:31.948 [Test worker] DEBUG o.s.w.t.h.s.r.b.ReactorHttpServer - Server started on port 64346(0 millis).
16:42:31.948 [boundedElastic-1] DEBUG o.s.w.r.s.c.StandardWebSocketClient - Connecting to ws://localhost:64346/cookie
16:42:31.954 [reactor-http-nio-9] DEBUG o.s.w.s.a.HttpWebHandlerAdapter - [0fae7954-1, L:/127.0.0.1:64346 - R:/127.0.0.1:64347] HTTP GET "/cookie"
16:42:31.954 [reactor-http-nio-9] DEBUG o.s.w.r.h.SimpleUrlHandlerMapping - [0fae7954-1, L:/127.0.0.1:64346 - R:/127.0.0.1:64347] Mapped to org.springframework.web.reactive.socket.WebSocketIntegrationTests$CookieHandler@ab6e3f0
16:42:31.955 [reactor-http-nio-9] DEBUG o.s.w.r.s.a.ReactorNettyWebSocketSession - [0fae7954-1, L:/127.0.0.1:64346 - R:/127.0.0.1:64347] Session id "1e0f646e" for http://localhost:64346/cookie
16:42:31.956 [boundedElastic-1] DEBUG o.s.w.r.s.a.TomcatWebSocketSession - [b] Session id "b" for ws://localhost:64346/cookie
16:42:31.956 [reactor-http-nio-9] DEBUG o.s.w.s.a.HttpWebHandlerAdapter - [0fae7954-1, L:/127.0.0.1:64346 - R:/127.0.0.1:64347] Completed 200 OK
16:42:31.958 [Test worker] DEBUG o.s.w.t.h.s.r.b.ReactorHttpServer - Stopping ReactorHttpServer...
16:42:31.958 [Test worker] DEBUG o.s.w.t.h.s.r.b.ReactorHttpServer - Server stopped (0 millis).
16:42:31.961 [Test worker] DEBUG o.s.w.r.h.SimpleUrlHandlerMapping - Patterns [/close, /echo, /sub-protocol, /cookie, /custom-header] in 'handlerMapping'
16:42:31.962 [Test worker] DEBUG o.s.w.s.a.HttpWebHandlerAdapter - enableLoggingRequestDetails='false': form data and headers will be masked to prevent unsafe logging of potentially sensitive data
16:42:31.962 [Test worker] DEBUG o.s.w.t.h.s.r.b.UndertowHttpServer - Starting UndertowHttpServer...
16:42:31.962 [Test worker] INFO  i.undertow - starting server: Undertow - 2.2.7.Final
16:42:31.965 [Test worker] DEBUG o.s.w.t.h.s.r.b.UndertowHttpServer - Server started on port 64348(0 millis).
16:42:31.965 [boundedElastic-1] DEBUG o.s.w.r.s.c.StandardWebSocketClient - Connecting to ws://localhost:64348/cookie
16:42:31.971 [XNIO-57 I/O-9] DEBUG o.s.w.s.a.HttpWebHandlerAdapter - [7d6df37c-56] HTTP GET "/cookie"
16:42:31.971 [XNIO-57 I/O-9] DEBUG o.s.w.r.h.SimpleUrlHandlerMapping - [7d6df37c-56] Mapped to org.springframework.web.reactive.socket.WebSocketIntegrationTests$CookieHandler@73aa12a1
16:42:31.980 [XNIO-57 I/O-9] WARN  i.u.request - Ignoring specified SameSite mode [null] for cookie [project]
java.lang.IllegalArgumentException: UT000162: An invalid SameSite attribute [null] is specified. It must be one of [Strict, Lax, None]
	at io.undertow.server.handlers.CookieImpl.setSameSiteMode(CookieImpl.java:174) ~[undertow-core-2.2.7.Final.jar:2.2.7.Final]
	at org.springframework.http.server.reactive.UndertowServerHttpResponse.applyCookies(UndertowServerHttpResponse.java:124) ~[spring-web-5.3.7-SNAPSHOT.jar:5.3.7-SNAPSHOT]
	at org.springframework.http.server.reactive.AbstractServerHttpResponse.lambda$doCommit$14(AbstractServerHttpResponse.java:292) ~[spring-web-5.3.7-SNAPSHOT.jar:5.3.7-SNAPSHOT]
	at reactor.core.publisher.MonoRunnable.subscribe(MonoRunnable.java:49) ~[reactor-core-3.4.5.jar:3.4.5]
	at reactor.core.publisher.Mono.subscribe(Mono.java:4150) ~[reactor-core-3.4.5.jar:3.4.5]
	at reactor.core.publisher.FluxConcatArray$ConcatArraySubscriber.onComplete(FluxConcatArray.java:208) ~[reactor-core-3.4.5.jar:3.4.5]
	at reactor.core.publisher.FluxConcatArray.subscribe(FluxConcatArray.java:80) ~[reactor-core-3.4.5.jar:3.4.5]
	at reactor.core.publisher.Mono.subscribe(Mono.java:4150) ~[reactor-core-3.4.5.jar:3.4.5]
	at reactor.core.publisher.MonoIgnoreThen$ThenIgnoreMain.subscribeNext(MonoIgnoreThen.java:255) ~[reactor-core-3.4.5.jar:3.4.5]
	at reactor.core.publisher.MonoIgnoreThen.subscribe(MonoIgnoreThen.java:51) ~[reactor-core-3.4.5.jar:3.4.5]
	at reactor.core.publisher.Mono.subscribe(Mono.java:4150) ~[reactor-core-3.4.5.jar:3.4.5]
	at reactor.core.publisher.FluxFlatMap.trySubscribeScalarMap(FluxFlatMap.java:203) ~[reactor-core-3.4.5.jar:3.4.5]
	at reactor.core.publisher.MonoFlatMap.subscribeOrReturn(MonoFlatMap.java:53) ~[reactor-core-3.4.5.jar:3.4.5]
	at reactor.core.publisher.Mono.subscribe(Mono.java:4135) ~[reactor-core-3.4.5.jar:3.4.5]
	at reactor.core.publisher.MonoIgnoreThen$ThenIgnoreMain.subscribeNext(MonoIgnoreThen.java:255) ~[reactor-core-3.4.5.jar:3.4.5]
	at reactor.core.publisher.MonoIgnoreThen.subscribe(MonoIgnoreThen.java:51) ~[reactor-core-3.4.5.jar:3.4.5]
	at reactor.core.publisher.MonoFlatMap$FlatMapMain.onNext(MonoFlatMap.java:157) ~[reactor-core-3.4.5.jar:3.4.5]
	at reactor.core.publisher.FluxSwitchIfEmpty$SwitchIfEmptySubscriber.onNext(FluxSwitchIfEmpty.java:73) ~[reactor-core-3.4.5.jar:3.4.5]
	at reactor.core.publisher.MonoNext$NextSubscriber.onNext(MonoNext.java:82) ~[reactor-core-3.4.5.jar:3.4.5]
	at reactor.core.publisher.FluxConcatMap$ConcatMapImmediate.innerNext(FluxConcatMap.java:281) ~[reactor-core-3.4.5.jar:3.4.5]
	at reactor.core.publisher.FluxConcatMap$ConcatMapInner.onNext(FluxConcatMap.java:860) ~[reactor-core-3.4.5.jar:3.4.5]
	at reactor.core.publisher.FluxMapFuseable$MapFuseableSubscriber.onNext(FluxMapFuseable.java:127) ~[reactor-core-3.4.5.jar:3.4.5]
	at reactor.core.publisher.Operators$ScalarSubscription.request(Operators.java:2397) ~[reactor-core-3.4.5.jar:3.4.5]
	at reactor.core.publisher.FluxMapFuseable$MapFuseableSubscriber.request(FluxMapFuseable.java:169) ~[reactor-core-3.4.5.jar:3.4.5]
	at reactor.core.publisher.Operators$MultiSubscriptionSubscriber.set(Operators.java:2193) ~[reactor-core-3.4.5.jar:3.4.5]
	at reactor.core.publisher.Operators$MultiSubscriptionSubscriber.onSubscribe(Operators.java:2067) ~[reactor-core-3.4.5.jar:3.4.5]
	at reactor.core.publisher.FluxMapFuseable$MapFuseableSubscriber.onSubscribe(FluxMapFuseable.java:96) ~[reactor-core-3.4.5.jar:3.4.5]
	at reactor.core.publisher.MonoJust.subscribe(MonoJust.java:54) ~[reactor-core-3.4.5.jar:3.4.5]
	at reactor.core.publisher.Mono.subscribe(Mono.java:4150) ~[reactor-core-3.4.5.jar:3.4.5]
	at reactor.core.publisher.FluxConcatMap$ConcatMapImmediate.drain(FluxConcatMap.java:448) ~[reactor-core-3.4.5.jar:3.4.5]
	at reactor.core.publisher.FluxConcatMap$ConcatMapImmediate.onSubscribe(FluxConcatMap.java:218) ~[reactor-core-3.4.5.jar:3.4.5]
	at reactor.core.publisher.FluxIterable.subscribe(FluxIterable.java:164) ~[reactor-core-3.4.5.jar:3.4.5]
	at reactor.core.publisher.FluxIterable.subscribe(FluxIterable.java:86) ~[reactor-core-3.4.5.jar:3.4.5]
	at reactor.core.publisher.InternalMonoOperator.subscribe(InternalMonoOperator.java:64) ~[reactor-core-3.4.5.jar:3.4.5]
	at reactor.core.publisher.MonoDefer.subscribe(MonoDefer.java:52) ~[reactor-core-3.4.5.jar:3.4.5]
	at reactor.core.publisher.InternalMonoOperator.subscribe(InternalMonoOperator.java:64) ~[reactor-core-3.4.5.jar:3.4.5]
	at reactor.core.publisher.MonoDefer.subscribe(MonoDefer.java:52) ~[reactor-core-3.4.5.jar:3.4.5]
	at reactor.core.publisher.InternalMonoOperator.subscribe(InternalMonoOperator.java:64) ~[reactor-core-3.4.5.jar:3.4.5]
	at reactor.core.publisher.MonoDefer.subscribe(MonoDefer.java:52) ~[reactor-core-3.4.5.jar:3.4.5]
	at reactor.core.publisher.Mono.subscribe(Mono.java:4150) ~[reactor-core-3.4.5.jar:3.4.5]
	at reactor.core.publisher.MonoIgnoreThen$ThenIgnoreMain.subscribeNext(MonoIgnoreThen.java:255) ~[reactor-core-3.4.5.jar:3.4.5]
	at reactor.core.publisher.MonoIgnoreThen.subscribe(MonoIgnoreThen.java:51) ~[reactor-core-3.4.5.jar:3.4.5]
	at reactor.core.publisher.Mono.subscribe(Mono.java:4150) ~[reactor-core-3.4.5.jar:3.4.5]
	at org.springframework.http.server.reactive.UndertowHttpHandlerAdapter.handleRequest(UndertowHttpHandlerAdapter.java:87) ~[spring-web-5.3.7-SNAPSHOT.jar:5.3.7-SNAPSHOT]
	at io.undertow.server.Connectors.executeRootHandler(Connectors.java:387) ~[undertow-core-2.2.7.Final.jar:2.2.7.Final]
	at io.undertow.server.protocol.http.HttpReadListener.handleEventWithNoRunningRequest(HttpReadListener.java:255) ~[undertow-core-2.2.7.Final.jar:2.2.7.Final]
	at io.undertow.server.protocol.http.HttpReadListener.handleEvent(HttpReadListener.java:136) ~[undertow-core-2.2.7.Final.jar:2.2.7.Final]
	at io.undertow.server.protocol.http.HttpOpenListener.handleEvent(HttpOpenListener.java:162) ~[undertow-core-2.2.7.Final.jar:2.2.7.Final]
	at io.undertow.server.protocol.http.HttpOpenListener.handleEvent(HttpOpenListener.java:100) ~[undertow-core-2.2.7.Final.jar:2.2.7.Final]
	at io.undertow.server.protocol.http.HttpOpenListener.handleEvent(HttpOpenListener.java:57) ~[undertow-core-2.2.7.Final.jar:2.2.7.Final]
	at org.xnio.ChannelListeners.invokeChannelListener(ChannelListeners.java:92) ~[xnio-api-3.8.0.Final.jar:3.8.0.Final]
	at org.xnio.ChannelListeners$10.handleEvent(ChannelListeners.java:291) ~[xnio-api-3.8.0.Final.jar:3.8.0.Final]
	at org.xnio.ChannelListeners$10.handleEvent(ChannelListeners.java:286) ~[xnio-api-3.8.0.Final.jar:3.8.0.Final]
	at org.xnio.ChannelListeners.invokeChannelListener(ChannelListeners.java:92) ~[xnio-api-3.8.0.Final.jar:3.8.0.Final]
	at org.xnio.nio.QueuedNioTcpServer2.acceptTask(QueuedNioTcpServer2.java:178) ~[xnio-nio-3.8.0.Final.jar:3.8.0.Final]
	at org.xnio.nio.WorkerThread.safeRun(WorkerThread.java:612) [xnio-nio-3.8.0.Final.jar:3.8.0.Final]
	at org.xnio.nio.WorkerThread.run(WorkerThread.java:479) [xnio-nio-3.8.0.Final.jar:3.8.0.Final]
16:42:31.987 [XNIO-57 I/O-9] DEBUG o.s.w.r.s.a.UndertowWebSocketSession - [7d6df37c-56] Session id "4e47c6a3" for http://localhost:64348/cookie
16:42:31.988 [boundedElastic-1] DEBUG o.s.w.r.s.a.TomcatWebSocketSession - [c] Session id "c" for ws://localhost:64348/cookie
16:42:31.989 [XNIO-57 I/O-9] DEBUG o.s.w.s.a.HttpWebHandlerAdapter - [7d6df37c-56] Completed 101 SWITCHING_PROTOCOLS
16:42:31.990 [Test worker] DEBUG o.s.w.t.h.s.r.b.UndertowHttpServer - Stopping UndertowHttpServer...
16:42:31.990 [Test worker] INFO  i.undertow - stopping server: Undertow - 2.2.7.Final
16:42:31.991 [Test worker] DEBUG o.s.w.t.h.s.r.b.UndertowHttpServer - Server stopped (0 millis).
16:42:31.994 [Test worker] DEBUG o.s.w.r.h.SimpleUrlHandlerMapping - Patterns [/close, /echo, /sub-protocol, /cookie, /custom-header] in 'handlerMapping'
16:42:31.995 [Test worker] DEBUG o.s.w.s.a.HttpWebHandlerAdapter - enableLoggingRequestDetails='false': form data and headers will be masked to prevent unsafe logging of potentially sensitive data
16:42:31.995 [Test worker] DEBUG o.s.w.t.h.s.r.b.TomcatHttpServer - Starting TomcatHttpServer...
16:42:32.000 [Test worker] DEBUG o.s.w.t.h.s.r.b.TomcatHttpServer - Server started on port 64350(0 millis).
16:42:32.002 [Test worker] DEBUG o.s.w.r.s.c.JettyWebSocketClient - Connecting to ws://localhost:64350/cookie
16:42:32.011 [http-nio-auto-56-exec-1] DEBUG o.s.w.s.a.HttpWebHandlerAdapter - [5a296d16] HTTP GET "/cookie"
16:42:32.011 [http-nio-auto-56-exec-1] DEBUG o.s.w.r.h.SimpleUrlHandlerMapping - [5a296d16] Mapped to org.springframework.web.reactive.socket.WebSocketIntegrationTests$CookieHandler@54ee8823
16:42:32.012 [http-nio-auto-56-exec-1] DEBUG o.s.w.s.a.HttpWebHandlerAdapter - [5a296d16] Completed 101 SWITCHING_PROTOCOLS
16:42:32.014 [http-nio-auto-56-exec-1] DEBUG o.s.w.r.s.a.TomcatWebSocketSession - [5a296d16] Session id "d" for http://localhost:64350/cookie
16:42:32.015 [WebSocketClient@1307622674-3975] DEBUG o.s.w.r.s.a.JettyWebSocketSession - [6a8b8c0] Session id "6a8b8c0" for ws://localhost:64350/cookie
16:42:32.019 [Test worker] DEBUG o.s.w.t.h.s.r.b.TomcatHttpServer - Stopping TomcatHttpServer...
16:42:43.189 [Test worker] DEBUG o.s.w.t.h.s.r.b.TomcatHttpServer - Server stopped (0 millis).
16:42:43.193 [Test worker] DEBUG o.s.w.r.h.SimpleUrlHandlerMapping - Patterns [/close, /echo, /sub-protocol, /cookie, /custom-header] in 'handlerMapping'
16:42:43.194 [Test worker] DEBUG o.s.w.s.a.HttpWebHandlerAdapter - enableLoggingRequestDetails='false': form data and headers will be masked to prevent unsafe logging of potentially sensitive data
16:42:43.194 [Test worker] WARN  o.e.j.s.h.ContextHandler - Empty contextPath
16:42:43.195 [Test worker] INFO  o.e.j.s.h.ContextHandler - Started o.e.j.s.ServletContextHandler@1255734d{/,null,AVAILABLE}
16:42:43.195 [Test worker] DEBUG o.s.w.t.h.s.r.b.JettyHttpServer - Starting JettyHttpServer...
16:42:43.195 [Test worker] INFO  o.e.j.s.Server - jetty-9.4.39.v20210325; built: 2021-03-25T14:42:11.471Z; git: 9fc7ca5a922f2a37b84ec9dbc26a5168cee7e667; jvm 11.0.9+7-LTS
16:42:43.196 [Test worker] INFO  o.e.j.s.AbstractConnector - Started ServerConnector@12b02e7c{HTTP/1.1, (http/1.1)}{0.0.0.0:64361}
16:42:43.196 [Test worker] INFO  o.e.j.s.Server - Started @651607ms
16:42:43.196 [Test worker] DEBUG o.s.w.t.h.s.r.b.JettyHttpServer - Server started on port 64361(0 millis).
16:42:43.198 [Test worker] DEBUG o.s.w.r.s.c.JettyWebSocketClient - Connecting to ws://localhost:64361/cookie
16:42:43.204 [qtp297897021-4000] DEBUG o.s.w.s.a.HttpWebHandlerAdapter - [43eec113] HTTP GET "/cookie"
16:42:43.205 [qtp297897021-4000] DEBUG o.s.w.r.h.SimpleUrlHandlerMapping - [43eec113] Mapped to org.springframework.web.reactive.socket.WebSocketIntegrationTests$CookieHandler@4d29271e
16:42:43.211 [qtp297897021-4000] DEBUG o.s.w.s.a.HttpWebHandlerAdapter - [43eec113] Completed 101 SWITCHING_PROTOCOLS
16:42:43.211 [qtp297897021-4000] DEBUG o.s.w.r.s.a.JettyWebSocketSession - [43eec113] Session id "62b28f6a" for http://localhost:64361/cookie
16:42:43.212 [WebSocketClient@1307622674-4001] DEBUG o.s.w.r.s.a.JettyWebSocketSession - [616fead8] Session id "616fead8" for ws://localhost:64361/cookie
16:42:43.213 [Test worker] DEBUG o.s.w.t.h.s.r.b.JettyHttpServer - Stopping JettyHttpServer...
16:42:43.213 [Test worker] INFO  o.e.j.s.h.ContextHandler - Stopped o.e.j.s.ServletContextHandler@1255734d{/,null,STOPPED}
16:42:43.214 [Test worker] INFO  o.e.j.s.AbstractConnector - Stopped ServerConnector@12b02e7c{HTTP/1.1, (http/1.1)}{0.0.0.0:0}
16:42:43.214 [Test worker] DEBUG o.s.w.t.h.s.r.b.JettyHttpServer - Server stopped (0 millis).
16:42:43.218 [Test worker] DEBUG o.s.w.r.h.SimpleUrlHandlerMapping - Patterns [/close, /echo, /sub-protocol, /cookie, /custom-header] in 'handlerMapping'
16:42:43.219 [Test worker] DEBUG o.s.w.s.a.HttpWebHandlerAdapter - enableLoggingRequestDetails='false': form data and headers will be masked to prevent unsafe logging of potentially sensitive data
16:42:43.219 [Test worker] DEBUG o.s.w.t.h.s.r.b.ReactorHttpServer - Starting ReactorHttpServer...
16:42:43.219 [Test worker] DEBUG o.s.w.t.h.s.r.b.ReactorHttpServer - Server started on port 64363(0 millis).
16:42:43.221 [Test worker] DEBUG o.s.w.r.s.c.JettyWebSocketClient - Connecting to ws://localhost:64363/cookie
16:42:43.228 [reactor-http-nio-11] DEBUG o.s.w.s.a.HttpWebHandlerAdapter - [32c75cbd-1, L:/127.0.0.1:64363 - R:/127.0.0.1:64364] HTTP GET "/cookie"
16:42:43.228 [reactor-http-nio-11] DEBUG o.s.w.r.h.SimpleUrlHandlerMapping - [32c75cbd-1, L:/127.0.0.1:64363 - R:/127.0.0.1:64364] Mapped to org.springframework.web.reactive.socket.WebSocketIntegrationTests$CookieHandler@69c6cda0
16:42:43.229 [reactor-http-nio-11] DEBUG o.s.w.r.s.a.ReactorNettyWebSocketSession - [32c75cbd-1, L:/127.0.0.1:64363 - R:/127.0.0.1:64364] Session id "2cff239f" for http://localhost:64363/cookie
16:42:43.229 [reactor-http-nio-11] DEBUG o.s.w.s.a.HttpWebHandlerAdapter - [32c75cbd-1, L:/127.0.0.1:64363 - R:/127.0.0.1:64364] Completed 200 OK
16:42:43.230 [WebSocketClient@1307622674-4014] DEBUG o.s.w.r.s.a.JettyWebSocketSession - [3599641] Session id "3599641" for ws://localhost:64363/cookie
16:42:43.231 [Test worker] DEBUG o.s.w.t.h.s.r.b.ReactorHttpServer - Stopping ReactorHttpServer...
16:42:43.231 [Test worker] DEBUG o.s.w.t.h.s.r.b.ReactorHttpServer - Server stopped (0 millis).
16:42:43.234 [Test worker] DEBUG o.s.w.r.h.SimpleUrlHandlerMapping - Patterns [/close, /echo, /sub-protocol, /cookie, /custom-header] in 'handlerMapping'
16:42:43.235 [Test worker] DEBUG o.s.w.s.a.HttpWebHandlerAdapter - enableLoggingRequestDetails='false': form data and headers will be masked to prevent unsafe logging of potentially sensitive data
16:42:43.235 [Test worker] DEBUG o.s.w.t.h.s.r.b.UndertowHttpServer - Starting UndertowHttpServer...
16:42:43.235 [Test worker] INFO  i.undertow - starting server: Undertow - 2.2.7.Final
16:42:43.238 [Test worker] DEBUG o.s.w.t.h.s.r.b.UndertowHttpServer - Server started on port 64365(0 millis).
16:42:43.240 [Test worker] DEBUG o.s.w.r.s.c.JettyWebSocketClient - Connecting to ws://localhost:64365/cookie
16:42:43.245 [XNIO-58 I/O-10] DEBUG o.s.w.s.a.HttpWebHandlerAdapter - [46c389a4-57] HTTP GET "/cookie"
16:42:43.245 [XNIO-58 I/O-10] DEBUG o.s.w.r.h.SimpleUrlHandlerMapping - [46c389a4-57] Mapped to org.springframework.web.reactive.socket.WebSocketIntegrationTests$CookieHandler@48046f0c
16:42:43.246 [XNIO-58 I/O-10] WARN  i.u.request - Ignoring specified SameSite mode [null] for cookie [project]
java.lang.IllegalArgumentException: UT000162: An invalid SameSite attribute [null] is specified. It must be one of [Strict, Lax, None]
	at io.undertow.server.handlers.CookieImpl.setSameSiteMode(CookieImpl.java:174) ~[undertow-core-2.2.7.Final.jar:2.2.7.Final]
	at org.springframework.http.server.reactive.UndertowServerHttpResponse.applyCookies(UndertowServerHttpResponse.java:124) ~[spring-web-5.3.7-SNAPSHOT.jar:5.3.7-SNAPSHOT]
	at org.springframework.http.server.reactive.AbstractServerHttpResponse.lambda$doCommit$14(AbstractServerHttpResponse.java:292) ~[spring-web-5.3.7-SNAPSHOT.jar:5.3.7-SNAPSHOT]
	at reactor.core.publisher.MonoRunnable.subscribe(MonoRunnable.java:49) [reactor-core-3.4.5.jar:3.4.5]
	at reactor.core.publisher.Mono.subscribe(Mono.java:4150) [reactor-core-3.4.5.jar:3.4.5]
	at reactor.core.publisher.FluxConcatArray$ConcatArraySubscriber.onComplete(FluxConcatArray.java:208) [reactor-core-3.4.5.jar:3.4.5]
	at reactor.core.publisher.FluxConcatArray.subscribe(FluxConcatArray.java:80) [reactor-core-3.4.5.jar:3.4.5]
	at reactor.core.publisher.Mono.subscribe(Mono.java:4150) [reactor-core-3.4.5.jar:3.4.5]
	at reactor.core.publisher.MonoIgnoreThen$ThenIgnoreMain.subscribeNext(MonoIgnoreThen.java:255) [reactor-core-3.4.5.jar:3.4.5]
	at reactor.core.publisher.MonoIgnoreThen.subscribe(MonoIgnoreThen.java:51) [reactor-core-3.4.5.jar:3.4.5]
	at reactor.core.publisher.Mono.subscribe(Mono.java:4150) [reactor-core-3.4.5.jar:3.4.5]
	at reactor.core.publisher.FluxFlatMap.trySubscribeScalarMap(FluxFlatMap.java:203) [reactor-core-3.4.5.jar:3.4.5]
	at reactor.core.publisher.MonoFlatMap.subscribeOrReturn(MonoFlatMap.java:53) [reactor-core-3.4.5.jar:3.4.5]
	at reactor.core.publisher.Mono.subscribe(Mono.java:4135) [reactor-core-3.4.5.jar:3.4.5]
	at reactor.core.publisher.MonoIgnoreThen$ThenIgnoreMain.subscribeNext(MonoIgnoreThen.java:255) [reactor-core-3.4.5.jar:3.4.5]
	at reactor.core.publisher.MonoIgnoreThen.subscribe(MonoIgnoreThen.java:51) [reactor-core-3.4.5.jar:3.4.5]
	at reactor.core.publisher.MonoFlatMap$FlatMapMain.onNext(MonoFlatMap.java:157) [reactor-core-3.4.5.jar:3.4.5]
	at reactor.core.publisher.FluxSwitchIfEmpty$SwitchIfEmptySubscriber.onNext(FluxSwitchIfEmpty.java:73) [reactor-core-3.4.5.jar:3.4.5]
	at reactor.core.publisher.MonoNext$NextSubscriber.onNext(MonoNext.java:82) [reactor-core-3.4.5.jar:3.4.5]
	at reactor.core.publisher.FluxConcatMap$ConcatMapImmediate.innerNext(FluxConcatMap.java:281) [reactor-core-3.4.5.jar:3.4.5]
	at reactor.core.publisher.FluxConcatMap$ConcatMapInner.onNext(FluxConcatMap.java:860) [reactor-core-3.4.5.jar:3.4.5]
	at reactor.core.publisher.FluxMapFuseable$MapFuseableSubscriber.onNext(FluxMapFuseable.java:127) [reactor-core-3.4.5.jar:3.4.5]
	at reactor.core.publisher.Operators$ScalarSubscription.request(Operators.java:2397) [reactor-core-3.4.5.jar:3.4.5]
	at reactor.core.publisher.FluxMapFuseable$MapFuseableSubscriber.request(FluxMapFuseable.java:169) [reactor-core-3.4.5.jar:3.4.5]
	at reactor.core.publisher.Operators$MultiSubscriptionSubscriber.set(Operators.java:2193) [reactor-core-3.4.5.jar:3.4.5]
	at reactor.core.publisher.Operators$MultiSubscriptionSubscriber.onSubscribe(Operators.java:2067) [reactor-core-3.4.5.jar:3.4.5]
	at reactor.core.publisher.FluxMapFuseable$MapFuseableSubscriber.onSubscribe(FluxMapFuseable.java:96) [reactor-core-3.4.5.jar:3.4.5]
	at reactor.core.publisher.MonoJust.subscribe(MonoJust.java:54) [reactor-core-3.4.5.jar:3.4.5]
	at reactor.core.publisher.Mono.subscribe(Mono.java:4150) [reactor-core-3.4.5.jar:3.4.5]
	at reactor.core.publisher.FluxConcatMap$ConcatMapImmediate.drain(FluxConcatMap.java:448) [reactor-core-3.4.5.jar:3.4.5]
	at reactor.core.publisher.FluxConcatMap$ConcatMapImmediate.onSubscribe(FluxConcatMap.java:218) [reactor-core-3.4.5.jar:3.4.5]
	at reactor.core.publisher.FluxIterable.subscribe(FluxIterable.java:164) [reactor-core-3.4.5.jar:3.4.5]
	at reactor.core.publisher.FluxIterable.subscribe(FluxIterable.java:86) [reactor-core-3.4.5.jar:3.4.5]
	at reactor.core.publisher.InternalMonoOperator.subscribe(InternalMonoOperator.java:64) [reactor-core-3.4.5.jar:3.4.5]
	at reactor.core.publisher.MonoDefer.subscribe(MonoDefer.java:52) [reactor-core-3.4.5.jar:3.4.5]
	at reactor.core.publisher.InternalMonoOperator.subscribe(InternalMonoOperator.java:64) [reactor-core-3.4.5.jar:3.4.5]
	at reactor.core.publisher.MonoDefer.subscribe(MonoDefer.java:52) [reactor-core-3.4.5.jar:3.4.5]
	at reactor.core.publisher.InternalMonoOperator.subscribe(InternalMonoOperator.java:64) [reactor-core-3.4.5.jar:3.4.5]
	at reactor.core.publisher.MonoDefer.subscribe(MonoDefer.java:52) [reactor-core-3.4.5.jar:3.4.5]
	at reactor.core.publisher.Mono.subscribe(Mono.java:4150) [reactor-core-3.4.5.jar:3.4.5]
	at reactor.core.publisher.MonoIgnoreThen$ThenIgnoreMain.subscribeNext(MonoIgnoreThen.java:255) [reactor-core-3.4.5.jar:3.4.5]
	at reactor.core.publisher.MonoIgnoreThen.subscribe(MonoIgnoreThen.java:51) [reactor-core-3.4.5.jar:3.4.5]
	at reactor.core.publisher.Mono.subscribe(Mono.java:4150) [reactor-core-3.4.5.jar:3.4.5]
	at org.springframework.http.server.reactive.UndertowHttpHandlerAdapter.handleRequest(UndertowHttpHandlerAdapter.java:87) [spring-web-5.3.7-SNAPSHOT.jar:5.3.7-SNAPSHOT]
	at io.undertow.server.Connectors.executeRootHandler(Connectors.java:387) [undertow-core-2.2.7.Final.jar:2.2.7.Final]
	at io.undertow.server.protocol.http.HttpReadListener.handleEventWithNoRunningRequest(HttpReadListener.java:255) [undertow-core-2.2.7.Final.jar:2.2.7.Final]
	at io.undertow.server.protocol.http.HttpReadListener.handleEvent(HttpReadListener.java:136) [undertow-core-2.2.7.Final.jar:2.2.7.Final]
	at io.undertow.server.protocol.http.HttpReadListener.handleEvent(HttpReadListener.java:59) [undertow-core-2.2.7.Final.jar:2.2.7.Final]
	at org.xnio.ChannelListeners.invokeChannelListener(ChannelListeners.java:92) [xnio-api-3.8.0.Final.jar:3.8.0.Final]
	at org.xnio.conduits.ReadReadyHandler$ChannelListenerHandler.readReady(ReadReadyHandler.java:66) [xnio-api-3.8.0.Final.jar:3.8.0.Final]
	at org.xnio.nio.NioSocketConduit.handleReady(NioSocketConduit.java:89) [xnio-nio-3.8.0.Final.jar:3.8.0.Final]
	at org.xnio.nio.WorkerThread.run(WorkerThread.java:591) [xnio-nio-3.8.0.Final.jar:3.8.0.Final]
16:42:43.246 [XNIO-58 I/O-10] DEBUG o.s.w.r.s.a.UndertowWebSocketSession - [46c389a4-57] Session id "fb981e" for http://localhost:64365/cookie
16:42:43.247 [XNIO-58 I/O-10] DEBUG o.s.w.s.a.HttpWebHandlerAdapter - [46c389a4-57] Completed 101 SWITCHING_PROTOCOLS
16:42:43.247 [WebSocketClient@1307622674-4043] DEBUG o.s.w.r.s.a.JettyWebSocketSession - [7554903d] Session id "7554903d" for ws://localhost:64365/cookie
16:42:43.248 [Test worker] DEBUG o.s.w.t.h.s.r.b.UndertowHttpServer - Stopping UndertowHttpServer...
16:42:43.248 [Test worker] INFO  i.undertow - stopping server: Undertow - 2.2.7.Final
16:42:43.249 [Test worker] DEBUG o.s.w.t.h.s.r.b.UndertowHttpServer - Server stopped (0 millis).
16:42:43.252 [Test worker] DEBUG o.s.w.r.h.SimpleUrlHandlerMapping - Patterns [/close, /echo, /sub-protocol, /cookie, /custom-header] in 'handlerMapping'
16:42:43.253 [Test worker] DEBUG o.s.w.s.a.HttpWebHandlerAdapter - enableLoggingRequestDetails='false': form data and headers will be masked to prevent unsafe logging of potentially sensitive data
16:42:43.253 [Test worker] DEBUG o.s.w.t.h.s.r.b.TomcatHttpServer - Starting TomcatHttpServer...
16:42:43.258 [Test worker] DEBUG o.s.w.t.h.s.r.b.TomcatHttpServer - Server started on port 64367(0 millis).
16:42:43.258 [Test worker] DEBUG o.s.w.r.s.c.ReactorNettyWebSocketClient - Connecting to ws://localhost:64367/cookie
16:42:43.266 [http-nio-auto-57-exec-1] DEBUG o.s.w.s.a.HttpWebHandlerAdapter - [7ac439fb] HTTP GET "/cookie"
16:42:43.267 [http-nio-auto-57-exec-1] DEBUG o.s.w.r.h.SimpleUrlHandlerMapping - [7ac439fb] Mapped to org.springframework.web.reactive.socket.WebSocketIntegrationTests$CookieHandler@7403d8d3
16:42:43.268 [http-nio-auto-57-exec-1] DEBUG o.s.w.s.a.HttpWebHandlerAdapter - [7ac439fb] Completed 101 SWITCHING_PROTOCOLS
16:42:43.270 [http-nio-auto-57-exec-1] DEBUG o.s.w.r.s.a.TomcatWebSocketSession - [7ac439fb] Session id "e" for http://localhost:64367/cookie
16:42:43.270 [reactor-http-nio-12] DEBUG o.s.w.r.s.a.ReactorNettyWebSocketSession - [27ed7136] Session id "27ed7136" for ws://localhost:64367/cookie
16:42:43.270 [reactor-http-nio-12] DEBUG o.s.w.r.s.c.ReactorNettyWebSocketClient - Started session '27ed7136' for ws://localhost:64367/cookie
16:42:43.274 [Test worker] DEBUG o.s.w.t.h.s.r.b.TomcatHttpServer - Stopping TomcatHttpServer...
16:42:54.458 [Test worker] DEBUG o.s.w.t.h.s.r.b.TomcatHttpServer - Server stopped (0 millis).
16:42:54.462 [Test worker] DEBUG o.s.w.r.h.SimpleUrlHandlerMapping - Patterns [/close, /echo, /sub-protocol, /cookie, /custom-header] in 'handlerMapping'
16:42:54.463 [Test worker] DEBUG o.s.w.s.a.HttpWebHandlerAdapter - enableLoggingRequestDetails='false': form data and headers will be masked to prevent unsafe logging of potentially sensitive data
16:42:54.464 [Test worker] WARN  o.e.j.s.h.ContextHandler - Empty contextPath
16:42:54.464 [Test worker] INFO  o.e.j.s.h.ContextHandler - Started o.e.j.s.ServletContextHandler@200496e1{/,null,AVAILABLE}
16:42:54.464 [Test worker] DEBUG o.s.w.t.h.s.r.b.JettyHttpServer - Starting JettyHttpServer...
16:42:54.464 [Test worker] INFO  o.e.j.s.Server - jetty-9.4.39.v20210325; built: 2021-03-25T14:42:11.471Z; git: 9fc7ca5a922f2a37b84ec9dbc26a5168cee7e667; jvm 11.0.9+7-LTS
16:42:54.465 [Test worker] INFO  o.e.j.s.AbstractConnector - Started ServerConnector@2e70f556{HTTP/1.1, (http/1.1)}{0.0.0.0:64375}
16:42:54.465 [Test worker] INFO  o.e.j.s.Server - Started @662875ms
16:42:54.465 [Test worker] DEBUG o.s.w.t.h.s.r.b.JettyHttpServer - Server started on port 64375(0 millis).
16:42:54.465 [Test worker] DEBUG o.s.w.r.s.c.ReactorNettyWebSocketClient - Connecting to ws://localhost:64375/cookie
16:42:54.472 [qtp1050334899-4073] DEBUG o.s.w.s.a.HttpWebHandlerAdapter - [2499c9f2] HTTP GET "/cookie"
16:42:54.472 [qtp1050334899-4073] DEBUG o.s.w.r.h.SimpleUrlHandlerMapping - [2499c9f2] Mapped to org.springframework.web.reactive.socket.WebSocketIntegrationTests$CookieHandler@2a5e3311
16:42:54.473 [qtp1050334899-4073] DEBUG o.s.w.s.a.HttpWebHandlerAdapter - [2499c9f2] Completed 101 SWITCHING_PROTOCOLS
16:42:54.473 [qtp1050334899-4073] DEBUG o.s.w.r.s.a.JettyWebSocketSession - [2499c9f2] Session id "77b00422" for http://localhost:64375/cookie
16:42:54.473 [reactor-http-nio-13] DEBUG o.s.w.r.s.a.ReactorNettyWebSocketSession - [7d09521e] Session id "7d09521e" for ws://localhost:64375/cookie
16:42:54.474 [reactor-http-nio-13] DEBUG o.s.w.r.s.c.ReactorNettyWebSocketClient - Started session '7d09521e' for ws://localhost:64375/cookie
16:42:54.474 [Test worker] DEBUG o.s.w.t.h.s.r.b.JettyHttpServer - Stopping JettyHttpServer...
16:42:54.474 [Test worker] INFO  o.e.j.s.h.ContextHandler - Stopped o.e.j.s.ServletContextHandler@200496e1{/,null,STOPPED}
16:42:54.475 [Test worker] INFO  o.e.j.s.AbstractConnector - Stopped ServerConnector@2e70f556{HTTP/1.1, (http/1.1)}{0.0.0.0:0}
16:42:54.476 [Test worker] DEBUG o.s.w.t.h.s.r.b.JettyHttpServer - Server stopped (0 millis).
16:42:54.479 [Test worker] DEBUG o.s.w.r.h.SimpleUrlHandlerMapping - Patterns [/close, /echo, /sub-protocol, /cookie, /custom-header] in 'handlerMapping'
16:42:54.480 [Test worker] DEBUG o.s.w.s.a.HttpWebHandlerAdapter - enableLoggingRequestDetails='false': form data and headers will be masked to prevent unsafe logging of potentially sensitive data
16:42:54.480 [Test worker] DEBUG o.s.w.t.h.s.r.b.ReactorHttpServer - Starting ReactorHttpServer...
16:42:54.480 [Test worker] DEBUG o.s.w.t.h.s.r.b.ReactorHttpServer - Server started on port 64377(0 millis).
16:42:54.480 [Test worker] DEBUG o.s.w.r.s.c.ReactorNettyWebSocketClient - Connecting to ws://localhost:64377/cookie
16:42:54.487 [reactor-http-nio-16] DEBUG o.s.w.s.a.HttpWebHandlerAdapter - [c507b9dd-1, L:/127.0.0.1:64377 - R:/127.0.0.1:64378] HTTP GET "/cookie"
16:42:54.488 [reactor-http-nio-16] DEBUG o.s.w.r.h.SimpleUrlHandlerMapping - [c507b9dd-1, L:/127.0.0.1:64377 - R:/127.0.0.1:64378] Mapped to org.springframework.web.reactive.socket.WebSocketIntegrationTests$CookieHandler@46073ac4
16:42:54.488 [reactor-http-nio-16] DEBUG o.s.w.r.s.a.ReactorNettyWebSocketSession - [c507b9dd-1, L:/127.0.0.1:64377 - R:/127.0.0.1:64378] Session id "71573829" for http://localhost:64377/cookie
16:42:54.489 [reactor-http-nio-16] DEBUG o.s.w.s.a.HttpWebHandlerAdapter - [c507b9dd-1, L:/127.0.0.1:64377 - R:/127.0.0.1:64378] Completed 200 OK
16:42:54.489 [reactor-http-nio-15] DEBUG o.s.w.r.s.a.ReactorNettyWebSocketSession - [5d24a26] Session id "5d24a26" for ws://localhost:64377/cookie
16:42:54.489 [reactor-http-nio-15] DEBUG o.s.w.r.s.c.ReactorNettyWebSocketClient - Started session '5d24a26' for ws://localhost:64377/cookie
16:42:54.501 [Test worker] DEBUG o.s.w.t.h.s.r.b.ReactorHttpServer - Stopping ReactorHttpServer...
16:42:54.501 [Test worker] DEBUG o.s.w.t.h.s.r.b.ReactorHttpServer - Server stopped (0 millis).
16:42:54.505 [Test worker] DEBUG o.s.w.r.h.SimpleUrlHandlerMapping - Patterns [/close, /echo, /sub-protocol, /cookie, /custom-header] in 'handlerMapping'
16:42:54.506 [Test worker] DEBUG o.s.w.s.a.HttpWebHandlerAdapter - enableLoggingRequestDetails='false': form data and headers will be masked to prevent unsafe logging of potentially sensitive data
16:42:54.506 [Test worker] DEBUG o.s.w.t.h.s.r.b.UndertowHttpServer - Starting UndertowHttpServer...
16:42:54.506 [Test worker] INFO  i.undertow - starting server: Undertow - 2.2.7.Final
16:42:54.509 [Test worker] DEBUG o.s.w.t.h.s.r.b.UndertowHttpServer - Server started on port 64379(0 millis).
16:42:54.509 [Test worker] DEBUG o.s.w.r.s.c.ReactorNettyWebSocketClient - Connecting to ws://localhost:64379/cookie
16:42:54.515 [XNIO-59 I/O-6] DEBUG o.s.w.s.a.HttpWebHandlerAdapter - [324c3a36-58] HTTP GET "/cookie"
16:42:54.515 [XNIO-59 I/O-6] DEBUG o.s.w.r.h.SimpleUrlHandlerMapping - [324c3a36-58] Mapped to org.springframework.web.reactive.socket.WebSocketIntegrationTests$CookieHandler@3c8bc20f
16:42:54.516 [XNIO-59 I/O-6] WARN  i.u.request - Ignoring specified SameSite mode [null] for cookie [project]
java.lang.IllegalArgumentException: UT000162: An invalid SameSite attribute [null] is specified. It must be one of [Strict, Lax, None]
	at io.undertow.server.handlers.CookieImpl.setSameSiteMode(CookieImpl.java:174) ~[undertow-core-2.2.7.Final.jar:2.2.7.Final]
	at org.springframework.http.server.reactive.UndertowServerHttpResponse.applyCookies(UndertowServerHttpResponse.java:124) ~[spring-web-5.3.7-SNAPSHOT.jar:5.3.7-SNAPSHOT]
	at org.springframework.http.server.reactive.AbstractServerHttpResponse.lambda$doCommit$14(AbstractServerHttpResponse.java:292) ~[spring-web-5.3.7-SNAPSHOT.jar:5.3.7-SNAPSHOT]
	at reactor.core.publisher.MonoRunnable.subscribe(MonoRunnable.java:49) [reactor-core-3.4.5.jar:3.4.5]
	at reactor.core.publisher.Mono.subscribe(Mono.java:4150) [reactor-core-3.4.5.jar:3.4.5]
	at reactor.core.publisher.FluxConcatArray$ConcatArraySubscriber.onComplete(FluxConcatArray.java:208) [reactor-core-3.4.5.jar:3.4.5]
	at reactor.core.publisher.FluxConcatArray.subscribe(FluxConcatArray.java:80) [reactor-core-3.4.5.jar:3.4.5]
	at reactor.core.publisher.Mono.subscribe(Mono.java:4150) [reactor-core-3.4.5.jar:3.4.5]
	at reactor.core.publisher.MonoIgnoreThen$ThenIgnoreMain.subscribeNext(MonoIgnoreThen.java:255) [reactor-core-3.4.5.jar:3.4.5]
	at reactor.core.publisher.MonoIgnoreThen.subscribe(MonoIgnoreThen.java:51) [reactor-core-3.4.5.jar:3.4.5]
	at reactor.core.publisher.Mono.subscribe(Mono.java:4150) [reactor-core-3.4.5.jar:3.4.5]
	at reactor.core.publisher.FluxFlatMap.trySubscribeScalarMap(FluxFlatMap.java:203) [reactor-core-3.4.5.jar:3.4.5]
	at reactor.core.publisher.MonoFlatMap.subscribeOrReturn(MonoFlatMap.java:53) [reactor-core-3.4.5.jar:3.4.5]
	at reactor.core.publisher.Mono.subscribe(Mono.java:4135) [reactor-core-3.4.5.jar:3.4.5]
	at reactor.core.publisher.MonoIgnoreThen$ThenIgnoreMain.subscribeNext(MonoIgnoreThen.java:255) [reactor-core-3.4.5.jar:3.4.5]
	at reactor.core.publisher.MonoIgnoreThen.subscribe(MonoIgnoreThen.java:51) [reactor-core-3.4.5.jar:3.4.5]
	at reactor.core.publisher.MonoFlatMap$FlatMapMain.onNext(MonoFlatMap.java:157) [reactor-core-3.4.5.jar:3.4.5]
	at reactor.core.publisher.FluxSwitchIfEmpty$SwitchIfEmptySubscriber.onNext(FluxSwitchIfEmpty.java:73) [reactor-core-3.4.5.jar:3.4.5]
	at reactor.core.publisher.MonoNext$NextSubscriber.onNext(MonoNext.java:82) [reactor-core-3.4.5.jar:3.4.5]
	at reactor.core.publisher.FluxConcatMap$ConcatMapImmediate.innerNext(FluxConcatMap.java:281) [reactor-core-3.4.5.jar:3.4.5]
	at reactor.core.publisher.FluxConcatMap$ConcatMapInner.onNext(FluxConcatMap.java:860) [reactor-core-3.4.5.jar:3.4.5]
	at reactor.core.publisher.FluxMapFuseable$MapFuseableSubscriber.onNext(FluxMapFuseable.java:127) [reactor-core-3.4.5.jar:3.4.5]
	at reactor.core.publisher.Operators$ScalarSubscription.request(Operators.java:2397) [reactor-core-3.4.5.jar:3.4.5]
	at reactor.core.publisher.FluxMapFuseable$MapFuseableSubscriber.request(FluxMapFuseable.java:169) [reactor-core-3.4.5.jar:3.4.5]
	at reactor.core.publisher.Operators$MultiSubscriptionSubscriber.set(Operators.java:2193) [reactor-core-3.4.5.jar:3.4.5]
	at reactor.core.publisher.Operators$MultiSubscriptionSubscriber.onSubscribe(Operators.java:2067) [reactor-core-3.4.5.jar:3.4.5]
	at reactor.core.publisher.FluxMapFuseable$MapFuseableSubscriber.onSubscribe(FluxMapFuseable.java:96) [reactor-core-3.4.5.jar:3.4.5]
	at reactor.core.publisher.MonoJust.subscribe(MonoJust.java:54) [reactor-core-3.4.5.jar:3.4.5]
	at reactor.core.publisher.Mono.subscribe(Mono.java:4150) [reactor-core-3.4.5.jar:3.4.5]
	at reactor.core.publisher.FluxConcatMap$ConcatMapImmediate.drain(FluxConcatMap.java:448) [reactor-core-3.4.5.jar:3.4.5]
	at reactor.core.publisher.FluxConcatMap$ConcatMapImmediate.onSubscribe(FluxConcatMap.java:218) [reactor-core-3.4.5.jar:3.4.5]
	at reactor.core.publisher.FluxIterable.subscribe(FluxIterable.java:164) [reactor-core-3.4.5.jar:3.4.5]
	at reactor.core.publisher.FluxIterable.subscribe(FluxIterable.java:86) [reactor-core-3.4.5.jar:3.4.5]
	at reactor.core.publisher.InternalMonoOperator.subscribe(InternalMonoOperator.java:64) [reactor-core-3.4.5.jar:3.4.5]
	at reactor.core.publisher.MonoDefer.subscribe(MonoDefer.java:52) [reactor-core-3.4.5.jar:3.4.5]
	at reactor.core.publisher.InternalMonoOperator.subscribe(InternalMonoOperator.java:64) [reactor-core-3.4.5.jar:3.4.5]
	at reactor.core.publisher.MonoDefer.subscribe(MonoDefer.java:52) [reactor-core-3.4.5.jar:3.4.5]
	at reactor.core.publisher.InternalMonoOperator.subscribe(InternalMonoOperator.java:64) [reactor-core-3.4.5.jar:3.4.5]
	at reactor.core.publisher.MonoDefer.subscribe(MonoDefer.java:52) [reactor-core-3.4.5.jar:3.4.5]
	at reactor.core.publisher.Mono.subscribe(Mono.java:4150) [reactor-core-3.4.5.jar:3.4.5]
	at reactor.core.publisher.MonoIgnoreThen$ThenIgnoreMain.subscribeNext(MonoIgnoreThen.java:255) [reactor-core-3.4.5.jar:3.4.5]
	at reactor.core.publisher.MonoIgnoreThen.subscribe(MonoIgnoreThen.java:51) [reactor-core-3.4.5.jar:3.4.5]
	at reactor.core.publisher.Mono.subscribe(Mono.java:4150) [reactor-core-3.4.5.jar:3.4.5]
	at org.springframework.http.server.reactive.UndertowHttpHandlerAdapter.handleRequest(UndertowHttpHandlerAdapter.java:87) [spring-web-5.3.7-SNAPSHOT.jar:5.3.7-SNAPSHOT]
	at io.undertow.server.Connectors.executeRootHandler(Connectors.java:387) [undertow-core-2.2.7.Final.jar:2.2.7.Final]
	at io.undertow.server.protocol.http.HttpReadListener.handleEventWithNoRunningRequest(HttpReadListener.java:255) [undertow-core-2.2.7.Final.jar:2.2.7.Final]
	at io.undertow.server.protocol.http.HttpReadListener.handleEvent(HttpReadListener.java:136) [undertow-core-2.2.7.Final.jar:2.2.7.Final]
	at io.undertow.server.protocol.http.HttpReadListener.handleEvent(HttpReadListener.java:59) [undertow-core-2.2.7.Final.jar:2.2.7.Final]
	at org.xnio.ChannelListeners.invokeChannelListener(ChannelListeners.java:92) [xnio-api-3.8.0.Final.jar:3.8.0.Final]
	at org.xnio.conduits.ReadReadyHandler$ChannelListenerHandler.readReady(ReadReadyHandler.java:66) [xnio-api-3.8.0.Final.jar:3.8.0.Final]
	at org.xnio.nio.NioSocketConduit.handleReady(NioSocketConduit.java:89) [xnio-nio-3.8.0.Final.jar:3.8.0.Final]
	at org.xnio.nio.WorkerThread.run(WorkerThread.java:591) [xnio-nio-3.8.0.Final.jar:3.8.0.Final]
16:42:54.517 [XNIO-59 I/O-6] DEBUG o.s.w.r.s.a.UndertowWebSocketSession - [324c3a36-58] Session id "19d74e43" for http://localhost:64379/cookie
16:42:54.517 [reactor-http-nio-1] DEBUG o.s.w.r.s.a.ReactorNettyWebSocketSession - [1242b4c8] Session id "1242b4c8" for ws://localhost:64379/cookie
16:42:54.517 [reactor-http-nio-1] DEBUG o.s.w.r.s.c.ReactorNettyWebSocketClient - Started session '1242b4c8' for ws://localhost:64379/cookie
16:42:54.517 [XNIO-59 I/O-6] DEBUG o.s.w.s.a.HttpWebHandlerAdapter - [324c3a36-58] Completed 101 SWITCHING_PROTOCOLS
16:42:54.518 [Test worker] DEBUG o.s.w.t.h.s.r.b.UndertowHttpServer - Stopping UndertowHttpServer...
16:42:54.518 [Test worker] INFO  i.undertow - stopping server: Undertow - 2.2.7.Final
16:42:54.518 [Test worker] DEBUG o.s.w.t.h.s.r.b.UndertowHttpServer - Server stopped (0 millis).
16:42:54.522 [Test worker] DEBUG o.s.w.r.h.SimpleUrlHandlerMapping - Patterns [/close, /echo, /sub-protocol, /cookie, /custom-header] in 'handlerMapping'
16:42:54.522 [Test worker] DEBUG o.s.w.s.a.HttpWebHandlerAdapter - enableLoggingRequestDetails='false': form data and headers will be masked to prevent unsafe logging of potentially sensitive data
16:42:54.523 [Test worker] DEBUG o.s.w.t.h.s.r.b.TomcatHttpServer - Starting TomcatHttpServer...
16:42:54.527 [Test worker] DEBUG o.s.w.t.h.s.r.b.TomcatHttpServer - Server started on port 64381(0 millis).
16:42:54.527 [Test worker] DEBUG o.s.w.r.s.c.UndertowWebSocketClient - Connecting to ws://localhost:64381/cookie
16:42:54.536 [http-nio-auto-58-exec-1] DEBUG o.s.w.s.a.HttpWebHandlerAdapter - [4ca102b9] HTTP GET "/cookie"
16:42:54.536 [http-nio-auto-58-exec-1] DEBUG o.s.w.r.h.SimpleUrlHandlerMapping - [4ca102b9] Mapped to org.springframework.web.reactive.socket.WebSocketIntegrationTests$CookieHandler@4266f55d
16:42:54.537 [http-nio-auto-58-exec-1] DEBUG o.s.w.s.a.HttpWebHandlerAdapter - [4ca102b9] Completed 101 SWITCHING_PROTOCOLS
16:42:54.538 [XNIO-56 I/O-1] DEBUG o.s.w.r.s.a.UndertowWebSocketSession - [1a01b6cf] Session id "1a01b6cf" for ws://localhost:64381/cookie
16:42:54.539 [http-nio-auto-58-exec-1] DEBUG o.s.w.r.s.a.TomcatWebSocketSession - [4ca102b9] Session id "f" for http://localhost:64381/cookie
16:42:54.543 [Test worker] DEBUG o.s.w.t.h.s.r.b.TomcatHttpServer - Stopping TomcatHttpServer...
16:43:05.685 [Test worker] DEBUG o.s.w.t.h.s.r.b.TomcatHttpServer - Server stopped (0 millis).
16:43:05.689 [Test worker] DEBUG o.s.w.r.h.SimpleUrlHandlerMapping - Patterns [/close, /echo, /sub-protocol, /cookie, /custom-header] in 'handlerMapping'
16:43:05.690 [Test worker] DEBUG o.s.w.s.a.HttpWebHandlerAdapter - enableLoggingRequestDetails='false': form data and headers will be masked to prevent unsafe logging of potentially sensitive data
16:43:05.690 [Test worker] WARN  o.e.j.s.h.ContextHandler - Empty contextPath
16:43:05.690 [Test worker] INFO  o.e.j.s.h.ContextHandler - Started o.e.j.s.ServletContextHandler@78d22ed1{/,null,AVAILABLE}
16:43:05.690 [Test worker] DEBUG o.s.w.t.h.s.r.b.JettyHttpServer - Starting JettyHttpServer...
16:43:05.690 [Test worker] INFO  o.e.j.s.Server - jetty-9.4.39.v20210325; built: 2021-03-25T14:42:11.471Z; git: 9fc7ca5a922f2a37b84ec9dbc26a5168cee7e667; jvm 11.0.9+7-LTS
16:43:05.692 [Test worker] INFO  o.e.j.s.AbstractConnector - Started ServerConnector@66b3fb8f{HTTP/1.1, (http/1.1)}{0.0.0.0:64394}
16:43:05.692 [Test worker] INFO  o.e.j.s.Server - Started @674102ms
16:43:05.692 [Test worker] DEBUG o.s.w.t.h.s.r.b.JettyHttpServer - Server started on port 64394(0 millis).
16:43:05.692 [Test worker] DEBUG o.s.w.r.s.c.UndertowWebSocketClient - Connecting to ws://localhost:64394/cookie
16:43:05.697 [qtp851750517-4120] DEBUG o.s.w.s.a.HttpWebHandlerAdapter - [c6bb17a] HTTP GET "/cookie"
16:43:05.697 [qtp851750517-4120] DEBUG o.s.w.r.h.SimpleUrlHandlerMapping - [c6bb17a] Mapped to org.springframework.web.reactive.socket.WebSocketIntegrationTests$CookieHandler@2ac4e87
16:43:05.698 [qtp851750517-4120] DEBUG o.s.w.s.a.HttpWebHandlerAdapter - [c6bb17a] Completed 101 SWITCHING_PROTOCOLS
16:43:05.698 [XNIO-56 I/O-1] DEBUG o.s.w.r.s.a.UndertowWebSocketSession - [2e8702b9] Session id "2e8702b9" for ws://localhost:64394/cookie
16:43:05.698 [qtp851750517-4120] DEBUG o.s.w.r.s.a.JettyWebSocketSession - [c6bb17a] Session id "37e40424" for http://localhost:64394/cookie
16:43:05.699 [Test worker] DEBUG o.s.w.t.h.s.r.b.JettyHttpServer - Stopping JettyHttpServer...
16:43:05.699 [Test worker] INFO  o.e.j.s.h.ContextHandler - Stopped o.e.j.s.ServletContextHandler@78d22ed1{/,null,STOPPED}
16:43:05.700 [Test worker] INFO  o.e.j.s.AbstractConnector - Stopped ServerConnector@66b3fb8f{HTTP/1.1, (http/1.1)}{0.0.0.0:0}
16:43:05.700 [Test worker] DEBUG o.s.w.t.h.s.r.b.JettyHttpServer - Server stopped (0 millis).
16:43:05.703 [Test worker] DEBUG o.s.w.r.h.SimpleUrlHandlerMapping - Patterns [/close, /echo, /sub-protocol, /cookie, /custom-header] in 'handlerMapping'
16:43:05.704 [Test worker] DEBUG o.s.w.s.a.HttpWebHandlerAdapter - enableLoggingRequestDetails='false': form data and headers will be masked to prevent unsafe logging of potentially sensitive data
16:43:05.704 [Test worker] DEBUG o.s.w.t.h.s.r.b.ReactorHttpServer - Starting ReactorHttpServer...
16:43:05.704 [Test worker] DEBUG o.s.w.t.h.s.r.b.ReactorHttpServer - Server started on port 64396(0 millis).
16:43:05.704 [Test worker] DEBUG o.s.w.r.s.c.UndertowWebSocketClient - Connecting to ws://localhost:64396/cookie
16:43:05.709 [reactor-http-nio-3] DEBUG o.s.w.s.a.HttpWebHandlerAdapter - [e362e611-1, L:/127.0.0.1:64396 - R:/127.0.0.1:64397] HTTP GET "/cookie"
16:43:05.710 [reactor-http-nio-3] DEBUG o.s.w.r.h.SimpleUrlHandlerMapping - [e362e611-1, L:/127.0.0.1:64396 - R:/127.0.0.1:64397] Mapped to org.springframework.web.reactive.socket.WebSocketIntegrationTests$CookieHandler@4c8a7c3a
16:43:05.710 [reactor-http-nio-3] DEBUG o.s.w.r.s.a.ReactorNettyWebSocketSession - [e362e611-1, L:/127.0.0.1:64396 - R:/127.0.0.1:64397] Session id "4b7668ba" for http://localhost:64396/cookie
16:43:05.710 [XNIO-56 I/O-1] DEBUG o.s.w.r.s.a.UndertowWebSocketSession - [6a2418ec] Session id "6a2418ec" for ws://localhost:64396/cookie
16:43:05.710 [reactor-http-nio-3] DEBUG o.s.w.s.a.HttpWebHandlerAdapter - [e362e611-1, L:/127.0.0.1:64396 - R:/127.0.0.1:64397] Completed 200 OK
16:43:05.711 [Test worker] DEBUG o.s.w.t.h.s.r.b.ReactorHttpServer - Stopping ReactorHttpServer...
16:43:05.711 [Test worker] DEBUG o.s.w.t.h.s.r.b.ReactorHttpServer - Server stopped (0 millis).
16:43:05.714 [Test worker] DEBUG o.s.w.r.h.SimpleUrlHandlerMapping - Patterns [/close, /echo, /sub-protocol, /cookie, /custom-header] in 'handlerMapping'
16:43:05.715 [Test worker] DEBUG o.s.w.s.a.HttpWebHandlerAdapter - enableLoggingRequestDetails='false': form data and headers will be masked to prevent unsafe logging of potentially sensitive data
16:43:05.715 [Test worker] DEBUG o.s.w.t.h.s.r.b.UndertowHttpServer - Starting UndertowHttpServer...
16:43:05.715 [Test worker] INFO  i.undertow - starting server: Undertow - 2.2.7.Final
16:43:05.718 [Test worker] DEBUG o.s.w.t.h.s.r.b.UndertowHttpServer - Server started on port 64398(0 millis).
16:43:05.718 [Test worker] DEBUG o.s.w.r.s.c.UndertowWebSocketClient - Connecting to ws://localhost:64398/cookie
16:43:05.723 [XNIO-60 I/O-7] DEBUG o.s.w.s.a.HttpWebHandlerAdapter - [1a359a6a-59] HTTP GET "/cookie"
16:43:05.723 [XNIO-60 I/O-7] DEBUG o.s.w.r.h.SimpleUrlHandlerMapping - [1a359a6a-59] Mapped to org.springframework.web.reactive.socket.WebSocketIntegrationTests$CookieHandler@14f2775c
16:43:05.723 [XNIO-60 I/O-7] WARN  i.u.request - Ignoring specified SameSite mode [null] for cookie [project]
java.lang.IllegalArgumentException: UT000162: An invalid SameSite attribute [null] is specified. It must be one of [Strict, Lax, None]
	at io.undertow.server.handlers.CookieImpl.setSameSiteMode(CookieImpl.java:174) ~[undertow-core-2.2.7.Final.jar:2.2.7.Final]
	at org.springframework.http.server.reactive.UndertowServerHttpResponse.applyCookies(UndertowServerHttpResponse.java:124) ~[spring-web-5.3.7-SNAPSHOT.jar:5.3.7-SNAPSHOT]
	at org.springframework.http.server.reactive.AbstractServerHttpResponse.lambda$doCommit$14(AbstractServerHttpResponse.java:292) ~[spring-web-5.3.7-SNAPSHOT.jar:5.3.7-SNAPSHOT]
	at reactor.core.publisher.MonoRunnable.subscribe(MonoRunnable.java:49) ~[reactor-core-3.4.5.jar:3.4.5]
	at reactor.core.publisher.Mono.subscribe(Mono.java:4150) ~[reactor-core-3.4.5.jar:3.4.5]
	at reactor.core.publisher.FluxConcatArray$ConcatArraySubscriber.onComplete(FluxConcatArray.java:208) ~[reactor-core-3.4.5.jar:3.4.5]
	at reactor.core.publisher.FluxConcatArray.subscribe(FluxConcatArray.java:80) ~[reactor-core-3.4.5.jar:3.4.5]
	at reactor.core.publisher.Mono.subscribe(Mono.java:4150) ~[reactor-core-3.4.5.jar:3.4.5]
	at reactor.core.publisher.MonoIgnoreThen$ThenIgnoreMain.subscribeNext(MonoIgnoreThen.java:255) ~[reactor-core-3.4.5.jar:3.4.5]
	at reactor.core.publisher.MonoIgnoreThen.subscribe(MonoIgnoreThen.java:51) ~[reactor-core-3.4.5.jar:3.4.5]
	at reactor.core.publisher.Mono.subscribe(Mono.java:4150) ~[reactor-core-3.4.5.jar:3.4.5]
	at reactor.core.publisher.FluxFlatMap.trySubscribeScalarMap(FluxFlatMap.java:203) ~[reactor-core-3.4.5.jar:3.4.5]
	at reactor.core.publisher.MonoFlatMap.subscribeOrReturn(MonoFlatMap.java:53) ~[reactor-core-3.4.5.jar:3.4.5]
	at reactor.core.publisher.Mono.subscribe(Mono.java:4135) ~[reactor-core-3.4.5.jar:3.4.5]
	at reactor.core.publisher.MonoIgnoreThen$ThenIgnoreMain.subscribeNext(MonoIgnoreThen.java:255) ~[reactor-core-3.4.5.jar:3.4.5]
	at reactor.core.publisher.MonoIgnoreThen.subscribe(MonoIgnoreThen.java:51) ~[reactor-core-3.4.5.jar:3.4.5]
	at reactor.core.publisher.MonoFlatMap$FlatMapMain.onNext(MonoFlatMap.java:157) ~[reactor-core-3.4.5.jar:3.4.5]
	at reactor.core.publisher.FluxSwitchIfEmpty$SwitchIfEmptySubscriber.onNext(FluxSwitchIfEmpty.java:73) ~[reactor-core-3.4.5.jar:3.4.5]
	at reactor.core.publisher.MonoNext$NextSubscriber.onNext(MonoNext.java:82) ~[reactor-core-3.4.5.jar:3.4.5]
	at reactor.core.publisher.FluxConcatMap$ConcatMapImmediate.innerNext(FluxConcatMap.java:281) ~[reactor-core-3.4.5.jar:3.4.5]
	at reactor.core.publisher.FluxConcatMap$ConcatMapInner.onNext(FluxConcatMap.java:860) ~[reactor-core-3.4.5.jar:3.4.5]
	at reactor.core.publisher.FluxMapFuseable$MapFuseableSubscriber.onNext(FluxMapFuseable.java:127) ~[reactor-core-3.4.5.jar:3.4.5]
	at reactor.core.publisher.Operators$ScalarSubscription.request(Operators.java:2397) ~[reactor-core-3.4.5.jar:3.4.5]
	at reactor.core.publisher.FluxMapFuseable$MapFuseableSubscriber.request(FluxMapFuseable.java:169) ~[reactor-core-3.4.5.jar:3.4.5]
	at reactor.core.publisher.Operators$MultiSubscriptionSubscriber.set(Operators.java:2193) ~[reactor-core-3.4.5.jar:3.4.5]
	at reactor.core.publisher.Operators$MultiSubscriptionSubscriber.onSubscribe(Operators.java:2067) ~[reactor-core-3.4.5.jar:3.4.5]
	at reactor.core.publisher.FluxMapFuseable$MapFuseableSubscriber.onSubscribe(FluxMapFuseable.java:96) ~[reactor-core-3.4.5.jar:3.4.5]
	at reactor.core.publisher.MonoJust.subscribe(MonoJust.java:54) ~[reactor-core-3.4.5.jar:3.4.5]
	at reactor.core.publisher.Mono.subscribe(Mono.java:4150) ~[reactor-core-3.4.5.jar:3.4.5]
	at reactor.core.publisher.FluxConcatMap$ConcatMapImmediate.drain(FluxConcatMap.java:448) ~[reactor-core-3.4.5.jar:3.4.5]
	at reactor.core.publisher.FluxConcatMap$ConcatMapImmediate.onSubscribe(FluxConcatMap.java:218) ~[reactor-core-3.4.5.jar:3.4.5]
	at reactor.core.publisher.FluxIterable.subscribe(FluxIterable.java:164) ~[reactor-core-3.4.5.jar:3.4.5]
	at reactor.core.publisher.FluxIterable.subscribe(FluxIterable.java:86) ~[reactor-core-3.4.5.jar:3.4.5]
	at reactor.core.publisher.InternalMonoOperator.subscribe(InternalMonoOperator.java:64) ~[reactor-core-3.4.5.jar:3.4.5]
	at reactor.core.publisher.MonoDefer.subscribe(MonoDefer.java:52) ~[reactor-core-3.4.5.jar:3.4.5]
	at reactor.core.publisher.InternalMonoOperator.subscribe(InternalMonoOperator.java:64) ~[reactor-core-3.4.5.jar:3.4.5]
	at reactor.core.publisher.MonoDefer.subscribe(MonoDefer.java:52) ~[reactor-core-3.4.5.jar:3.4.5]
	at reactor.core.publisher.InternalMonoOperator.subscribe(InternalMonoOperator.java:64) ~[reactor-core-3.4.5.jar:3.4.5]
	at reactor.core.publisher.MonoDefer.subscribe(MonoDefer.java:52) ~[reactor-core-3.4.5.jar:3.4.5]
	at reactor.core.publisher.Mono.subscribe(Mono.java:4150) ~[reactor-core-3.4.5.jar:3.4.5]
	at reactor.core.publisher.MonoIgnoreThen$ThenIgnoreMain.subscribeNext(MonoIgnoreThen.java:255) ~[reactor-core-3.4.5.jar:3.4.5]
	at reactor.core.publisher.MonoIgnoreThen.subscribe(MonoIgnoreThen.java:51) ~[reactor-core-3.4.5.jar:3.4.5]
	at reactor.core.publisher.Mono.subscribe(Mono.java:4150) ~[reactor-core-3.4.5.jar:3.4.5]
	at org.springframework.http.server.reactive.UndertowHttpHandlerAdapter.handleRequest(UndertowHttpHandlerAdapter.java:87) ~[spring-web-5.3.7-SNAPSHOT.jar:5.3.7-SNAPSHOT]
	at io.undertow.server.Connectors.executeRootHandler(Connectors.java:387) ~[undertow-core-2.2.7.Final.jar:2.2.7.Final]
	at io.undertow.server.protocol.http.HttpReadListener.handleEventWithNoRunningRequest(HttpReadListener.java:255) ~[undertow-core-2.2.7.Final.jar:2.2.7.Final]
	at io.undertow.server.protocol.http.HttpReadListener.handleEvent(HttpReadListener.java:136) ~[undertow-core-2.2.7.Final.jar:2.2.7.Final]
	at io.undertow.server.protocol.http.HttpOpenListener.handleEvent(HttpOpenListener.java:162) ~[undertow-core-2.2.7.Final.jar:2.2.7.Final]
	at io.undertow.server.protocol.http.HttpOpenListener.handleEvent(HttpOpenListener.java:100) ~[undertow-core-2.2.7.Final.jar:2.2.7.Final]
	at io.undertow.server.protocol.http.HttpOpenListener.handleEvent(HttpOpenListener.java:57) ~[undertow-core-2.2.7.Final.jar:2.2.7.Final]
	at org.xnio.ChannelListeners.invokeChannelListener(ChannelListeners.java:92) ~[xnio-api-3.8.0.Final.jar:3.8.0.Final]
	at org.xnio.ChannelListeners$10.handleEvent(ChannelListeners.java:291) ~[xnio-api-3.8.0.Final.jar:3.8.0.Final]
	at org.xnio.ChannelListeners$10.handleEvent(ChannelListeners.java:286) ~[xnio-api-3.8.0.Final.jar:3.8.0.Final]
	at org.xnio.ChannelListeners.invokeChannelListener(ChannelListeners.java:92) ~[xnio-api-3.8.0.Final.jar:3.8.0.Final]
	at org.xnio.nio.QueuedNioTcpServer2.acceptTask(QueuedNioTcpServer2.java:178) ~[xnio-nio-3.8.0.Final.jar:3.8.0.Final]
	at org.xnio.nio.WorkerThread.safeRun(WorkerThread.java:612) [xnio-nio-3.8.0.Final.jar:3.8.0.Final]
	at org.xnio.nio.WorkerThread.run(WorkerThread.java:479) [xnio-nio-3.8.0.Final.jar:3.8.0.Final]
16:43:05.724 [XNIO-60 I/O-7] DEBUG o.s.w.r.s.a.UndertowWebSocketSession - [1a359a6a-59] Session id "2cbdfb41" for http://localhost:64398/cookie
16:43:05.724 [XNIO-56 I/O-1] DEBUG o.s.w.r.s.a.UndertowWebSocketSession - [212a25b6] Session id "212a25b6" for ws://localhost:64398/cookie
16:43:05.724 [XNIO-60 I/O-7] DEBUG o.s.w.s.a.HttpWebHandlerAdapter - [1a359a6a-59] Completed 101 SWITCHING_PROTOCOLS
16:43:05.724 [Test worker] DEBUG o.s.w.t.h.s.r.b.UndertowHttpServer - Stopping UndertowHttpServer...
16:43:05.724 [Test worker] INFO  i.undertow - stopping server: Undertow - 2.2.7.Final
16:43:05.726 [Test worker] DEBUG o.s.w.t.h.s.r.b.UndertowHttpServer - Server stopped (0 millis).
16:43:05.731 [Test worker] DEBUG o.s.w.r.h.SimpleUrlHandlerMapping - Patterns [/close, /echo, /sub-protocol, /cookie, /custom-header] in 'handlerMapping'
16:43:05.731 [Test worker] DEBUG o.s.w.s.a.HttpWebHandlerAdapter - enableLoggingRequestDetails='false': form data and headers will be masked to prevent unsafe logging of potentially sensitive data
16:43:05.732 [Test worker] DEBUG o.s.w.t.h.s.r.b.TomcatHttpServer - Starting TomcatHttpServer...
16:43:05.736 [Test worker] DEBUG o.s.w.t.h.s.r.b.TomcatHttpServer - Server started on port 64400(0 millis).
16:43:05.737 [boundedElastic-1] DEBUG o.s.w.r.s.c.StandardWebSocketClient - Connecting to ws://localhost:64400/echo
16:43:05.745 [http-nio-auto-59-exec-1] DEBUG o.s.w.s.a.HttpWebHandlerAdapter - [331c230f] HTTP GET "/echo"
16:43:05.745 [http-nio-auto-59-exec-1] DEBUG o.s.w.r.h.SimpleUrlHandlerMapping - [331c230f] Mapped to org.springframework.web.reactive.socket.WebSocketIntegrationTests$EchoWebSocketHandler@3ddbcb1c
16:43:05.746 [http-nio-auto-59-exec-1] DEBUG o.s.w.s.a.HttpWebHandlerAdapter - [331c230f] Completed 101 SWITCHING_PROTOCOLS
16:43:05.757 [boundedElastic-1] DEBUG o.s.w.r.s.a.TomcatWebSocketSession - [10] Session id "10" for ws://localhost:64400/echo
16:43:05.758 [http-nio-auto-59-exec-1] DEBUG o.s.w.r.s.a.TomcatWebSocketSession - [331c230f] Session id "11" for http://localhost:64400/echo
16:43:05.771 [Test worker] DEBUG o.s.w.t.h.s.r.b.TomcatHttpServer - Stopping TomcatHttpServer...
16:43:16.954 [Test worker] DEBUG o.s.w.t.h.s.r.b.TomcatHttpServer - Server stopped (0 millis).
16:43:16.958 [Test worker] DEBUG o.s.w.r.h.SimpleUrlHandlerMapping - Patterns [/close, /echo, /sub-protocol, /cookie, /custom-header] in 'handlerMapping'
16:43:16.958 [Test worker] DEBUG o.s.w.s.a.HttpWebHandlerAdapter - enableLoggingRequestDetails='false': form data and headers will be masked to prevent unsafe logging of potentially sensitive data
16:43:16.959 [Test worker] WARN  o.e.j.s.h.ContextHandler - Empty contextPath
16:43:16.959 [Test worker] INFO  o.e.j.s.h.ContextHandler - Started o.e.j.s.ServletContextHandler@7e393795{/,null,AVAILABLE}
16:43:16.959 [Test worker] DEBUG o.s.w.t.h.s.r.b.JettyHttpServer - Starting JettyHttpServer...
16:43:16.959 [Test worker] INFO  o.e.j.s.Server - jetty-9.4.39.v20210325; built: 2021-03-25T14:42:11.471Z; git: 9fc7ca5a922f2a37b84ec9dbc26a5168cee7e667; jvm 11.0.9+7-LTS
16:43:16.960 [Test worker] INFO  o.e.j.s.AbstractConnector - Started ServerConnector@16d08570{HTTP/1.1, (http/1.1)}{0.0.0.0:64407}
16:43:16.960 [Test worker] INFO  o.e.j.s.Server - Started @685370ms
16:43:16.960 [Test worker] DEBUG o.s.w.t.h.s.r.b.JettyHttpServer - Server started on port 64407(0 millis).
16:43:16.960 [boundedElastic-1] DEBUG o.s.w.r.s.c.StandardWebSocketClient - Connecting to ws://localhost:64407/echo
16:43:16.966 [qtp81404787-4170] DEBUG o.s.w.s.a.HttpWebHandlerAdapter - [39182c9f] HTTP GET "/echo"
16:43:16.967 [qtp81404787-4170] DEBUG o.s.w.r.h.SimpleUrlHandlerMapping - [39182c9f] Mapped to org.springframework.web.reactive.socket.WebSocketIntegrationTests$EchoWebSocketHandler@37dfc5cc
16:43:16.968 [qtp81404787-4170] DEBUG o.s.w.s.a.HttpWebHandlerAdapter - [39182c9f] Completed 101 SWITCHING_PROTOCOLS
16:43:16.969 [qtp81404787-4170] DEBUG o.s.w.r.s.a.JettyWebSocketSession - [39182c9f] Session id "2b5de668" for http://localhost:64407/echo
16:43:16.969 [boundedElastic-1] DEBUG o.s.w.r.s.a.TomcatWebSocketSession - [12] Session id "12" for ws://localhost:64407/echo
16:43:16.981 [Test worker] DEBUG o.s.w.t.h.s.r.b.JettyHttpServer - Stopping JettyHttpServer...
16:43:16.981 [Test worker] INFO  o.e.j.s.h.ContextHandler - Stopped o.e.j.s.ServletContextHandler@7e393795{/,null,STOPPED}
16:43:16.982 [Test worker] INFO  o.e.j.s.AbstractConnector - Stopped ServerConnector@16d08570{HTTP/1.1, (http/1.1)}{0.0.0.0:0}
16:43:16.982 [Test worker] DEBUG o.s.w.t.h.s.r.b.JettyHttpServer - Server stopped (0 millis).
16:43:16.985 [Test worker] DEBUG o.s.w.r.h.SimpleUrlHandlerMapping - Patterns [/close, /echo, /sub-protocol, /cookie, /custom-header] in 'handlerMapping'
16:43:16.986 [Test worker] DEBUG o.s.w.s.a.HttpWebHandlerAdapter - enableLoggingRequestDetails='false': form data and headers will be masked to prevent unsafe logging of potentially sensitive data
16:43:16.986 [Test worker] DEBUG o.s.w.t.h.s.r.b.ReactorHttpServer - Starting ReactorHttpServer...
16:43:16.986 [Test worker] DEBUG o.s.w.t.h.s.r.b.ReactorHttpServer - Server started on port 64409(0 millis).
16:43:16.986 [boundedElastic-1] DEBUG o.s.w.r.s.c.StandardWebSocketClient - Connecting to ws://localhost:64409/echo
16:43:17.001 [reactor-http-nio-5] DEBUG o.s.w.s.a.HttpWebHandlerAdapter - [9b5ed257-1, L:/127.0.0.1:64409 - R:/127.0.0.1:64410] HTTP GET "/echo"
16:43:17.001 [reactor-http-nio-5] DEBUG o.s.w.r.h.SimpleUrlHandlerMapping - [9b5ed257-1, L:/127.0.0.1:64409 - R:/127.0.0.1:64410] Mapped to org.springframework.web.reactive.socket.WebSocketIntegrationTests$EchoWebSocketHandler@7dd44d66
16:43:17.001 [reactor-http-nio-5] DEBUG o.s.w.r.s.a.ReactorNettyWebSocketSession - [9b5ed257-1, L:/127.0.0.1:64409 - R:/127.0.0.1:64410] Session id "6ac329ae" for http://localhost:64409/echo
16:43:17.002 [reactor-http-nio-5] DEBUG o.s.w.s.a.HttpWebHandlerAdapter - [9b5ed257-1, L:/127.0.0.1:64409 - R:/127.0.0.1:64410] Completed 200 OK
16:43:17.002 [boundedElastic-1] DEBUG o.s.w.r.s.a.TomcatWebSocketSession - [13] Session id "13" for ws://localhost:64409/echo
16:43:17.022 [Test worker] DEBUG o.s.w.t.h.s.r.b.ReactorHttpServer - Stopping ReactorHttpServer...
16:43:17.023 [Test worker] DEBUG o.s.w.t.h.s.r.b.ReactorHttpServer - Server stopped (0 millis).
16:43:17.026 [Test worker] DEBUG o.s.w.r.h.SimpleUrlHandlerMapping - Patterns [/close, /echo, /sub-protocol, /cookie, /custom-header] in 'handlerMapping'
16:43:17.027 [Test worker] DEBUG o.s.w.s.a.HttpWebHandlerAdapter - enableLoggingRequestDetails='false': form data and headers will be masked to prevent unsafe logging of potentially sensitive data
16:43:17.027 [Test worker] DEBUG o.s.w.t.h.s.r.b.UndertowHttpServer - Starting UndertowHttpServer...
16:43:17.027 [Test worker] INFO  i.undertow - starting server: Undertow - 2.2.7.Final
16:43:17.029 [Test worker] DEBUG o.s.w.t.h.s.r.b.UndertowHttpServer - Server started on port 64411(0 millis).
16:43:17.029 [boundedElastic-1] DEBUG o.s.w.r.s.c.StandardWebSocketClient - Connecting to ws://localhost:64411/echo
16:43:17.035 [XNIO-62 I/O-5] DEBUG o.s.w.s.a.HttpWebHandlerAdapter - [1050cf6b-60] HTTP GET "/echo"
16:43:17.035 [XNIO-62 I/O-5] DEBUG o.s.w.r.h.SimpleUrlHandlerMapping - [1050cf6b-60] Mapped to org.springframework.web.reactive.socket.WebSocketIntegrationTests$EchoWebSocketHandler@1e973311
16:43:17.036 [XNIO-62 I/O-5] DEBUG o.s.w.r.s.a.UndertowWebSocketSession - [1050cf6b-60] Session id "4a96a130" for http://localhost:64411/echo
16:43:17.036 [XNIO-62 I/O-5] DEBUG o.s.w.s.a.HttpWebHandlerAdapter - [1050cf6b-60] Completed 101 SWITCHING_PROTOCOLS
16:43:17.036 [boundedElastic-1] DEBUG o.s.w.r.s.a.TomcatWebSocketSession - [14] Session id "14" for ws://localhost:64411/echo
16:43:17.048 [Test worker] DEBUG o.s.w.t.h.s.r.b.UndertowHttpServer - Stopping UndertowHttpServer...
16:43:17.048 [Test worker] INFO  i.undertow - stopping server: Undertow - 2.2.7.Final
16:43:17.048 [Test worker] DEBUG o.s.w.t.h.s.r.b.UndertowHttpServer - Server stopped (0 millis).
16:43:17.051 [Test worker] DEBUG o.s.w.r.h.SimpleUrlHandlerMapping - Patterns [/close, /echo, /sub-protocol, /cookie, /custom-header] in 'handlerMapping'
16:43:17.052 [Test worker] DEBUG o.s.w.s.a.HttpWebHandlerAdapter - enableLoggingRequestDetails='false': form data and headers will be masked to prevent unsafe logging of potentially sensitive data
16:43:17.052 [Test worker] DEBUG o.s.w.t.h.s.r.b.TomcatHttpServer - Starting TomcatHttpServer...
16:43:17.058 [Test worker] DEBUG o.s.w.t.h.s.r.b.TomcatHttpServer - Server started on port 64413(0 millis).
16:43:17.060 [Test worker] DEBUG o.s.w.r.s.c.JettyWebSocketClient - Connecting to ws://localhost:64413/echo
16:43:17.069 [http-nio-auto-60-exec-1] DEBUG o.s.w.s.a.HttpWebHandlerAdapter - [2865f511] HTTP GET "/echo"
16:43:17.069 [http-nio-auto-60-exec-1] DEBUG o.s.w.r.h.SimpleUrlHandlerMapping - [2865f511] Mapped to org.springframework.web.reactive.socket.WebSocketIntegrationTests$EchoWebSocketHandler@26a21e6d
16:43:17.070 [http-nio-auto-60-exec-1] DEBUG o.s.w.s.a.HttpWebHandlerAdapter - [2865f511] Completed 101 SWITCHING_PROTOCOLS
16:43:17.072 [http-nio-auto-60-exec-1] DEBUG o.s.w.r.s.a.TomcatWebSocketSession - [2865f511] Session id "15" for http://localhost:64413/echo
16:43:17.074 [WebSocketClient@1903956804-4217] DEBUG o.s.w.r.s.a.JettyWebSocketSession - [54f57efd] Session id "54f57efd" for ws://localhost:64413/echo
16:43:17.085 [Test worker] DEBUG o.s.w.t.h.s.r.b.TomcatHttpServer - Stopping TomcatHttpServer...
16:43:28.282 [Test worker] DEBUG o.s.w.t.h.s.r.b.TomcatHttpServer - Server stopped (0 millis).
16:43:28.285 [Test worker] DEBUG o.s.w.r.h.SimpleUrlHandlerMapping - Patterns [/close, /echo, /sub-protocol, /cookie, /custom-header] in 'handlerMapping'
16:43:28.286 [Test worker] DEBUG o.s.w.s.a.HttpWebHandlerAdapter - enableLoggingRequestDetails='false': form data and headers will be masked to prevent unsafe logging of potentially sensitive data
16:43:28.286 [Test worker] WARN  o.e.j.s.h.ContextHandler - Empty contextPath
16:43:28.286 [Test worker] INFO  o.e.j.s.h.ContextHandler - Started o.e.j.s.ServletContextHandler@3de661ab{/,null,AVAILABLE}
16:43:28.286 [Test worker] DEBUG o.s.w.t.h.s.r.b.JettyHttpServer - Starting JettyHttpServer...
16:43:28.286 [Test worker] INFO  o.e.j.s.Server - jetty-9.4.39.v20210325; built: 2021-03-25T14:42:11.471Z; git: 9fc7ca5a922f2a37b84ec9dbc26a5168cee7e667; jvm 11.0.9+7-LTS
16:43:28.287 [Test worker] INFO  o.e.j.s.AbstractConnector - Started ServerConnector@7131b996{HTTP/1.1, (http/1.1)}{0.0.0.0:64458}
16:43:28.287 [Test worker] INFO  o.e.j.s.Server - Started @696697ms
16:43:28.287 [Test worker] DEBUG o.s.w.t.h.s.r.b.JettyHttpServer - Server started on port 64458(0 millis).
16:43:28.289 [Test worker] DEBUG o.s.w.r.s.c.JettyWebSocketClient - Connecting to ws://localhost:64458/echo
16:43:28.294 [qtp694184764-4241] DEBUG o.s.w.s.a.HttpWebHandlerAdapter - [5aa926a0] HTTP GET "/echo"
16:43:28.295 [qtp694184764-4241] DEBUG o.s.w.r.h.SimpleUrlHandlerMapping - [5aa926a0] Mapped to org.springframework.web.reactive.socket.WebSocketIntegrationTests$EchoWebSocketHandler@546ed385
16:43:28.296 [qtp694184764-4241] DEBUG o.s.w.s.a.HttpWebHandlerAdapter - [5aa926a0] Completed 101 SWITCHING_PROTOCOLS
16:43:28.296 [qtp694184764-4241] DEBUG o.s.w.r.s.a.JettyWebSocketSession - [5aa926a0] Session id "1049992d" for http://localhost:64458/echo
16:43:28.296 [WebSocketClient@1903956804-4242] DEBUG o.s.w.r.s.a.JettyWebSocketSession - [704614e3] Session id "704614e3" for ws://localhost:64458/echo
16:43:28.309 [Test worker] DEBUG o.s.w.t.h.s.r.b.JettyHttpServer - Stopping JettyHttpServer...
16:43:28.309 [Test worker] INFO  o.e.j.s.h.ContextHandler - Stopped o.e.j.s.ServletContextHandler@3de661ab{/,null,STOPPED}
16:43:28.310 [Test worker] INFO  o.e.j.s.AbstractConnector - Stopped ServerConnector@7131b996{HTTP/1.1, (http/1.1)}{0.0.0.0:0}
16:43:28.310 [Test worker] DEBUG o.s.w.t.h.s.r.b.JettyHttpServer - Server stopped (0 millis).
16:43:28.314 [Test worker] DEBUG o.s.w.r.h.SimpleUrlHandlerMapping - Patterns [/close, /echo, /sub-protocol, /cookie, /custom-header] in 'handlerMapping'
16:43:28.315 [Test worker] DEBUG o.s.w.s.a.HttpWebHandlerAdapter - enableLoggingRequestDetails='false': form data and headers will be masked to prevent unsafe logging of potentially sensitive data
16:43:28.315 [Test worker] DEBUG o.s.w.t.h.s.r.b.ReactorHttpServer - Starting ReactorHttpServer...
16:43:28.315 [Test worker] DEBUG o.s.w.t.h.s.r.b.ReactorHttpServer - Server started on port 64460(0 millis).
16:43:28.317 [Test worker] DEBUG o.s.w.r.s.c.JettyWebSocketClient - Connecting to ws://localhost:64460/echo
16:43:28.322 [reactor-http-nio-7] DEBUG o.s.w.s.a.HttpWebHandlerAdapter - [87aff757-1, L:/127.0.0.1:64460 - R:/127.0.0.1:64461] HTTP GET "/echo"
16:43:28.323 [reactor-http-nio-7] DEBUG o.s.w.r.h.SimpleUrlHandlerMapping - [87aff757-1, L:/127.0.0.1:64460 - R:/127.0.0.1:64461] Mapped to org.springframework.web.reactive.socket.WebSocketIntegrationTests$EchoWebSocketHandler@7f218618
16:43:28.324 [reactor-http-nio-7] DEBUG o.s.w.r.s.a.ReactorNettyWebSocketSession - [87aff757-1, L:/127.0.0.1:64460 - R:/127.0.0.1:64461] Session id "9031ed6" for http://localhost:64460/echo
16:43:28.324 [reactor-http-nio-7] DEBUG o.s.w.s.a.HttpWebHandlerAdapter - [87aff757-1, L:/127.0.0.1:64460 - R:/127.0.0.1:64461] Completed 200 OK
16:43:28.324 [WebSocketClient@1903956804-4255] DEBUG o.s.w.r.s.a.JettyWebSocketSession - [77016faa] Session id "77016faa" for ws://localhost:64460/echo
16:43:28.344 [Test worker] DEBUG o.s.w.t.h.s.r.b.ReactorHttpServer - Stopping ReactorHttpServer...
16:43:28.344 [Test worker] DEBUG o.s.w.t.h.s.r.b.ReactorHttpServer - Server stopped (0 millis).
16:43:28.347 [Test worker] DEBUG o.s.w.r.h.SimpleUrlHandlerMapping - Patterns [/close, /echo, /sub-protocol, /cookie, /custom-header] in 'handlerMapping'
16:43:28.348 [Test worker] DEBUG o.s.w.s.a.HttpWebHandlerAdapter - enableLoggingRequestDetails='false': form data and headers will be masked to prevent unsafe logging of potentially sensitive data
16:43:28.348 [Test worker] DEBUG o.s.w.t.h.s.r.b.UndertowHttpServer - Starting UndertowHttpServer...
16:43:28.348 [Test worker] INFO  i.undertow - starting server: Undertow - 2.2.7.Final
16:43:28.351 [Test worker] DEBUG o.s.w.t.h.s.r.b.UndertowHttpServer - Server started on port 64462(0 millis).
16:43:28.352 [Test worker] DEBUG o.s.w.r.s.c.JettyWebSocketClient - Connecting to ws://localhost:64462/echo
16:43:28.357 [XNIO-63 I/O-6] DEBUG o.s.w.s.a.HttpWebHandlerAdapter - [79f9ba0d-61] HTTP GET "/echo"
16:43:28.358 [XNIO-63 I/O-6] DEBUG o.s.w.r.h.SimpleUrlHandlerMapping - [79f9ba0d-61] Mapped to org.springframework.web.reactive.socket.WebSocketIntegrationTests$EchoWebSocketHandler@773e4b42
16:43:28.358 [XNIO-63 I/O-6] DEBUG o.s.w.r.s.a.UndertowWebSocketSession - [79f9ba0d-61] Session id "457b8d7b" for http://localhost:64462/echo
16:43:28.358 [XNIO-63 I/O-6] DEBUG o.s.w.s.a.HttpWebHandlerAdapter - [79f9ba0d-61] Completed 101 SWITCHING_PROTOCOLS
16:43:28.359 [WebSocketClient@1903956804-4284] DEBUG o.s.w.r.s.a.JettyWebSocketSession - [554be622] Session id "554be622" for ws://localhost:64462/echo
16:43:28.372 [Test worker] DEBUG o.s.w.t.h.s.r.b.UndertowHttpServer - Stopping UndertowHttpServer...
16:43:28.372 [Test worker] INFO  i.undertow - stopping server: Undertow - 2.2.7.Final
16:43:28.373 [Test worker] DEBUG o.s.w.t.h.s.r.b.UndertowHttpServer - Server stopped (0 millis).
16:43:28.376 [Test worker] DEBUG o.s.w.r.h.SimpleUrlHandlerMapping - Patterns [/close, /echo, /sub-protocol, /cookie, /custom-header] in 'handlerMapping'
16:43:28.377 [Test worker] DEBUG o.s.w.s.a.HttpWebHandlerAdapter - enableLoggingRequestDetails='false': form data and headers will be masked to prevent unsafe logging of potentially sensitive data
16:43:28.377 [Test worker] DEBUG o.s.w.t.h.s.r.b.TomcatHttpServer - Starting TomcatHttpServer...
16:43:28.381 [Test worker] DEBUG o.s.w.t.h.s.r.b.TomcatHttpServer - Server started on port 64464(0 millis).
16:43:28.381 [Test worker] DEBUG o.s.w.r.s.c.ReactorNettyWebSocketClient - Connecting to ws://localhost:64464/echo
16:43:28.400 [http-nio-auto-61-exec-1] DEBUG o.s.w.s.a.HttpWebHandlerAdapter - [27d52e2b] HTTP GET "/echo"
16:43:28.400 [http-nio-auto-61-exec-1] DEBUG o.s.w.r.h.SimpleUrlHandlerMapping - [27d52e2b] Mapped to org.springframework.web.reactive.socket.WebSocketIntegrationTests$EchoWebSocketHandler@2912d4a1
16:43:28.401 [http-nio-auto-61-exec-1] DEBUG o.s.w.s.a.HttpWebHandlerAdapter - [27d52e2b] Completed 101 SWITCHING_PROTOCOLS
16:43:28.403 [http-nio-auto-61-exec-1] DEBUG o.s.w.r.s.a.TomcatWebSocketSession - [27d52e2b] Session id "16" for http://localhost:64464/echo
16:43:28.403 [reactor-http-nio-8] DEBUG o.s.w.r.s.a.ReactorNettyWebSocketSession - [52aee68d] Session id "52aee68d" for ws://localhost:64464/echo
16:43:28.403 [reactor-http-nio-8] DEBUG o.s.w.r.s.c.ReactorNettyWebSocketClient - Started session '52aee68d' for ws://localhost:64464/echo
16:43:28.431 [Test worker] DEBUG o.s.w.t.h.s.r.b.TomcatHttpServer - Stopping TomcatHttpServer...
16:43:39.564 [Test worker] DEBUG o.s.w.t.h.s.r.b.TomcatHttpServer - Server stopped (0 millis).
16:43:39.568 [Test worker] DEBUG o.s.w.r.h.SimpleUrlHandlerMapping - Patterns [/close, /echo, /sub-protocol, /cookie, /custom-header] in 'handlerMapping'
16:43:39.569 [Test worker] DEBUG o.s.w.s.a.HttpWebHandlerAdapter - enableLoggingRequestDetails='false': form data and headers will be masked to prevent unsafe logging of potentially sensitive data
16:43:39.569 [Test worker] WARN  o.e.j.s.h.ContextHandler - Empty contextPath
16:43:39.569 [Test worker] INFO  o.e.j.s.h.ContextHandler - Started o.e.j.s.ServletContextHandler@2b86a7fb{/,null,AVAILABLE}
16:43:39.569 [Test worker] DEBUG o.s.w.t.h.s.r.b.JettyHttpServer - Starting JettyHttpServer...
16:43:39.569 [Test worker] INFO  o.e.j.s.Server - jetty-9.4.39.v20210325; built: 2021-03-25T14:42:11.471Z; git: 9fc7ca5a922f2a37b84ec9dbc26a5168cee7e667; jvm 11.0.9+7-LTS
16:43:39.571 [Test worker] INFO  o.e.j.s.AbstractConnector - Started ServerConnector@7f12441a{HTTP/1.1, (http/1.1)}{0.0.0.0:64649}
16:43:39.571 [Test worker] INFO  o.e.j.s.Server - Started @707980ms
16:43:39.571 [Test worker] DEBUG o.s.w.t.h.s.r.b.JettyHttpServer - Server started on port 64649(0 millis).
16:43:39.571 [Test worker] DEBUG o.s.w.r.s.c.ReactorNettyWebSocketClient - Connecting to ws://localhost:64649/echo
16:43:39.577 [qtp1302418659-4314] DEBUG o.s.w.s.a.HttpWebHandlerAdapter - [29ba1f28] HTTP GET "/echo"
16:43:39.577 [qtp1302418659-4314] DEBUG o.s.w.r.h.SimpleUrlHandlerMapping - [29ba1f28] Mapped to org.springframework.web.reactive.socket.WebSocketIntegrationTests$EchoWebSocketHandler@277de46f
16:43:39.579 [qtp1302418659-4314] DEBUG o.s.w.s.a.HttpWebHandlerAdapter - [29ba1f28] Completed 101 SWITCHING_PROTOCOLS
16:43:39.579 [qtp1302418659-4314] DEBUG o.s.w.r.s.a.JettyWebSocketSession - [29ba1f28] Session id "4e2a2a8b" for http://localhost:64649/echo
16:43:39.580 [reactor-http-nio-9] DEBUG o.s.w.r.s.a.ReactorNettyWebSocketSession - [7d45a408] Session id "7d45a408" for ws://localhost:64649/echo
16:43:39.580 [reactor-http-nio-9] DEBUG o.s.w.r.s.c.ReactorNettyWebSocketClient - Started session '7d45a408' for ws://localhost:64649/echo
16:43:39.619 [Test worker] DEBUG o.s.w.t.h.s.r.b.JettyHttpServer - Stopping JettyHttpServer...
16:43:39.619 [Test worker] INFO  o.e.j.s.h.ContextHandler - Stopped o.e.j.s.ServletContextHandler@2b86a7fb{/,null,STOPPED}
16:43:39.621 [Test worker] INFO  o.e.j.s.AbstractConnector - Stopped ServerConnector@7f12441a{HTTP/1.1, (http/1.1)}{0.0.0.0:0}
16:43:39.621 [Test worker] DEBUG o.s.w.t.h.s.r.b.JettyHttpServer - Server stopped (0 millis).
16:43:39.624 [Test worker] DEBUG o.s.w.r.h.SimpleUrlHandlerMapping - Patterns [/close, /echo, /sub-protocol, /cookie, /custom-header] in 'handlerMapping'
16:43:39.625 [Test worker] DEBUG o.s.w.s.a.HttpWebHandlerAdapter - enableLoggingRequestDetails='false': form data and headers will be masked to prevent unsafe logging of potentially sensitive data
16:43:39.625 [Test worker] DEBUG o.s.w.t.h.s.r.b.ReactorHttpServer - Starting ReactorHttpServer...
16:43:39.625 [Test worker] DEBUG o.s.w.t.h.s.r.b.ReactorHttpServer - Server started on port 64651(0 millis).
16:43:39.625 [Test worker] DEBUG o.s.w.r.s.c.ReactorNettyWebSocketClient - Connecting to ws://localhost:64651/echo
16:43:39.632 [reactor-http-nio-12] DEBUG o.s.w.s.a.HttpWebHandlerAdapter - [bd21c4bb-1, L:/127.0.0.1:64651 - R:/127.0.0.1:64652] HTTP GET "/echo"
16:43:39.633 [reactor-http-nio-12] DEBUG o.s.w.r.h.SimpleUrlHandlerMapping - [bd21c4bb-1, L:/127.0.0.1:64651 - R:/127.0.0.1:64652] Mapped to org.springframework.web.reactive.socket.WebSocketIntegrationTests$EchoWebSocketHandler@5eb3613c
16:43:39.633 [reactor-http-nio-12] DEBUG o.s.w.r.s.a.ReactorNettyWebSocketSession - [bd21c4bb-1, L:/127.0.0.1:64651 - R:/127.0.0.1:64652] Session id "6936c5f6" for http://localhost:64651/echo
16:43:39.633 [reactor-http-nio-12] DEBUG o.s.w.s.a.HttpWebHandlerAdapter - [bd21c4bb-1, L:/127.0.0.1:64651 - R:/127.0.0.1:64652] Completed 200 OK
16:43:39.634 [reactor-http-nio-11] DEBUG o.s.w.r.s.a.ReactorNettyWebSocketSession - [7ff2ca6f] Session id "7ff2ca6f" for ws://localhost:64651/echo
16:43:39.634 [reactor-http-nio-11] DEBUG o.s.w.r.s.c.ReactorNettyWebSocketClient - Started session '7ff2ca6f' for ws://localhost:64651/echo
16:43:39.657 [Test worker] DEBUG o.s.w.t.h.s.r.b.ReactorHttpServer - Stopping ReactorHttpServer...
16:43:39.658 [Test worker] DEBUG o.s.w.t.h.s.r.b.ReactorHttpServer - Server stopped (0 millis).
16:43:39.660 [Test worker] DEBUG o.s.w.r.h.SimpleUrlHandlerMapping - Patterns [/close, /echo, /sub-protocol, /cookie, /custom-header] in 'handlerMapping'
16:43:39.661 [Test worker] DEBUG o.s.w.s.a.HttpWebHandlerAdapter - enableLoggingRequestDetails='false': form data and headers will be masked to prevent unsafe logging of potentially sensitive data
16:43:39.661 [Test worker] DEBUG o.s.w.t.h.s.r.b.UndertowHttpServer - Starting UndertowHttpServer...
16:43:39.661 [Test worker] INFO  i.undertow - starting server: Undertow - 2.2.7.Final
16:43:39.664 [Test worker] DEBUG o.s.w.t.h.s.r.b.UndertowHttpServer - Server started on port 64653(0 millis).
16:43:39.664 [Test worker] DEBUG o.s.w.r.s.c.ReactorNettyWebSocketClient - Connecting to ws://localhost:64653/echo
16:43:39.670 [XNIO-64 I/O-5] DEBUG o.s.w.s.a.HttpWebHandlerAdapter - [262e5a49-62] HTTP GET "/echo"
16:43:39.670 [XNIO-64 I/O-5] DEBUG o.s.w.r.h.SimpleUrlHandlerMapping - [262e5a49-62] Mapped to org.springframework.web.reactive.socket.WebSocketIntegrationTests$EchoWebSocketHandler@28e9a0fc
16:43:39.671 [XNIO-64 I/O-5] DEBUG o.s.w.r.s.a.UndertowWebSocketSession - [262e5a49-62] Session id "db528c2" for http://localhost:64653/echo
16:43:39.671 [XNIO-64 I/O-5] DEBUG o.s.w.s.a.HttpWebHandlerAdapter - [262e5a49-62] Completed 101 SWITCHING_PROTOCOLS
16:43:39.671 [reactor-http-nio-13] DEBUG o.s.w.r.s.a.ReactorNettyWebSocketSession - [2529871e] Session id "2529871e" for ws://localhost:64653/echo
16:43:39.671 [reactor-http-nio-13] DEBUG o.s.w.r.s.c.ReactorNettyWebSocketClient - Started session '2529871e' for ws://localhost:64653/echo
16:43:39.689 [Test worker] DEBUG o.s.w.t.h.s.r.b.UndertowHttpServer - Stopping UndertowHttpServer...
16:43:39.689 [Test worker] INFO  i.undertow - stopping server: Undertow - 2.2.7.Final
16:43:39.689 [Test worker] DEBUG o.s.w.t.h.s.r.b.UndertowHttpServer - Server stopped (0 millis).
16:43:39.692 [Test worker] DEBUG o.s.w.r.h.SimpleUrlHandlerMapping - Patterns [/close, /echo, /sub-protocol, /cookie, /custom-header] in 'handlerMapping'
16:43:39.693 [Test worker] DEBUG o.s.w.s.a.HttpWebHandlerAdapter - enableLoggingRequestDetails='false': form data and headers will be masked to prevent unsafe logging of potentially sensitive data
16:43:39.693 [Test worker] DEBUG o.s.w.t.h.s.r.b.TomcatHttpServer - Starting TomcatHttpServer...
16:43:39.698 [Test worker] DEBUG o.s.w.t.h.s.r.b.TomcatHttpServer - Server started on port 64655(0 millis).
16:43:39.698 [Test worker] DEBUG o.s.w.r.s.c.UndertowWebSocketClient - Connecting to ws://localhost:64655/echo
16:43:39.714 [http-nio-auto-62-exec-1] DEBUG o.s.w.s.a.HttpWebHandlerAdapter - [2cbe4e8e] HTTP GET "/echo"
16:43:39.715 [http-nio-auto-62-exec-1] DEBUG o.s.w.r.h.SimpleUrlHandlerMapping - [2cbe4e8e] Mapped to org.springframework.web.reactive.socket.WebSocketIntegrationTests$EchoWebSocketHandler@2279b569
16:43:39.716 [http-nio-auto-62-exec-1] DEBUG o.s.w.s.a.HttpWebHandlerAdapter - [2cbe4e8e] Completed 101 SWITCHING_PROTOCOLS
16:43:39.717 [XNIO-61 I/O-1] DEBUG o.s.w.r.s.a.UndertowWebSocketSession - [287999fb] Session id "287999fb" for ws://localhost:64655/echo
16:43:39.718 [http-nio-auto-62-exec-1] DEBUG o.s.w.r.s.a.TomcatWebSocketSession - [2cbe4e8e] Session id "17" for http://localhost:64655/echo
16:43:39.727 [Test worker] DEBUG o.s.w.t.h.s.r.b.TomcatHttpServer - Stopping TomcatHttpServer...
16:43:50.879 [Test worker] DEBUG o.s.w.t.h.s.r.b.TomcatHttpServer - Server stopped (0 millis).
16:43:50.883 [Test worker] DEBUG o.s.w.r.h.SimpleUrlHandlerMapping - Patterns [/close, /echo, /sub-protocol, /cookie, /custom-header] in 'handlerMapping'
16:43:50.884 [Test worker] DEBUG o.s.w.s.a.HttpWebHandlerAdapter - enableLoggingRequestDetails='false': form data and headers will be masked to prevent unsafe logging of potentially sensitive data
16:43:50.884 [Test worker] WARN  o.e.j.s.h.ContextHandler - Empty contextPath
16:43:50.884 [Test worker] INFO  o.e.j.s.h.ContextHandler - Started o.e.j.s.ServletContextHandler@18c77e71{/,null,AVAILABLE}
16:43:50.884 [Test worker] DEBUG o.s.w.t.h.s.r.b.JettyHttpServer - Starting JettyHttpServer...
16:43:50.884 [Test worker] INFO  o.e.j.s.Server - jetty-9.4.39.v20210325; built: 2021-03-25T14:42:11.471Z; git: 9fc7ca5a922f2a37b84ec9dbc26a5168cee7e667; jvm 11.0.9+7-LTS
16:43:50.885 [Test worker] INFO  o.e.j.s.AbstractConnector - Started ServerConnector@68a55a56{HTTP/1.1, (http/1.1)}{0.0.0.0:64711}
16:43:50.885 [Test worker] INFO  o.e.j.s.Server - Started @719294ms
16:43:50.885 [Test worker] DEBUG o.s.w.t.h.s.r.b.JettyHttpServer - Server started on port 64711(0 millis).
16:43:50.885 [Test worker] DEBUG o.s.w.r.s.c.UndertowWebSocketClient - Connecting to ws://localhost:64711/echo
16:43:50.891 [qtp1103071776-4361] DEBUG o.s.w.s.a.HttpWebHandlerAdapter - [23e0739a] HTTP GET "/echo"
16:43:50.891 [qtp1103071776-4361] DEBUG o.s.w.r.h.SimpleUrlHandlerMapping - [23e0739a] Mapped to org.springframework.web.reactive.socket.WebSocketIntegrationTests$EchoWebSocketHandler@2d279996
16:43:50.894 [qtp1103071776-4361] DEBUG o.s.w.s.a.HttpWebHandlerAdapter - [23e0739a] Completed 101 SWITCHING_PROTOCOLS
16:43:50.894 [qtp1103071776-4361] DEBUG o.s.w.r.s.a.JettyWebSocketSession - [23e0739a] Session id "72054a8a" for http://localhost:64711/echo
16:43:50.894 [XNIO-61 I/O-1] DEBUG o.s.w.r.s.a.UndertowWebSocketSession - [26be6284] Session id "26be6284" for ws://localhost:64711/echo
16:43:50.900 [Test worker] DEBUG o.s.w.t.h.s.r.b.JettyHttpServer - Stopping JettyHttpServer...
16:43:50.901 [Test worker] INFO  o.e.j.s.h.ContextHandler - Stopped o.e.j.s.ServletContextHandler@18c77e71{/,null,STOPPED}
16:43:50.902 [Test worker] INFO  o.e.j.s.AbstractConnector - Stopped ServerConnector@68a55a56{HTTP/1.1, (http/1.1)}{0.0.0.0:0}
16:43:50.903 [Test worker] DEBUG o.s.w.t.h.s.r.b.JettyHttpServer - Server stopped (0 millis).
16:43:50.906 [Test worker] DEBUG o.s.w.r.h.SimpleUrlHandlerMapping - Patterns [/close, /echo, /sub-protocol, /cookie, /custom-header] in 'handlerMapping'
16:43:50.907 [Test worker] DEBUG o.s.w.s.a.HttpWebHandlerAdapter - enableLoggingRequestDetails='false': form data and headers will be masked to prevent unsafe logging of potentially sensitive data
16:43:50.907 [Test worker] DEBUG o.s.w.t.h.s.r.b.ReactorHttpServer - Starting ReactorHttpServer...
16:43:50.907 [Test worker] DEBUG o.s.w.t.h.s.r.b.ReactorHttpServer - Server started on port 64713(0 millis).
16:43:50.907 [Test worker] DEBUG o.s.w.r.s.c.UndertowWebSocketClient - Connecting to ws://localhost:64713/echo
16:43:50.923 [reactor-http-nio-15] DEBUG o.s.w.s.a.HttpWebHandlerAdapter - [4087963f-1, L:/127.0.0.1:64713 - R:/127.0.0.1:64714] HTTP GET "/echo"
16:43:50.923 [reactor-http-nio-15] DEBUG o.s.w.r.h.SimpleUrlHandlerMapping - [4087963f-1, L:/127.0.0.1:64713 - R:/127.0.0.1:64714] Mapped to org.springframework.web.reactive.socket.WebSocketIntegrationTests$EchoWebSocketHandler@1d194ac8
16:43:50.924 [reactor-http-nio-15] DEBUG o.s.w.r.s.a.ReactorNettyWebSocketSession - [4087963f-1, L:/127.0.0.1:64713 - R:/127.0.0.1:64714] Session id "251cd551" for http://localhost:64713/echo
16:43:50.924 [XNIO-61 I/O-1] DEBUG o.s.w.r.s.a.UndertowWebSocketSession - [2281f28b] Session id "2281f28b" for ws://localhost:64713/echo
16:43:50.924 [reactor-http-nio-15] DEBUG o.s.w.s.a.HttpWebHandlerAdapter - [4087963f-1, L:/127.0.0.1:64713 - R:/127.0.0.1:64714] Completed 200 OK
16:43:50.937 [Test worker] DEBUG o.s.w.t.h.s.r.b.ReactorHttpServer - Stopping ReactorHttpServer...
16:43:50.937 [Test worker] DEBUG o.s.w.t.h.s.r.b.ReactorHttpServer - Server stopped (0 millis).
16:43:50.940 [Test worker] DEBUG o.s.w.r.h.SimpleUrlHandlerMapping - Patterns [/close, /echo, /sub-protocol, /cookie, /custom-header] in 'handlerMapping'
16:43:50.941 [Test worker] DEBUG o.s.w.s.a.HttpWebHandlerAdapter - enableLoggingRequestDetails='false': form data and headers will be masked to prevent unsafe logging of potentially sensitive data
16:43:50.941 [Test worker] DEBUG o.s.w.t.h.s.r.b.UndertowHttpServer - Starting UndertowHttpServer...
16:43:50.941 [Test worker] INFO  i.undertow - starting server: Undertow - 2.2.7.Final
16:43:50.943 [Test worker] DEBUG o.s.w.t.h.s.r.b.UndertowHttpServer - Server started on port 64715(0 millis).
16:43:50.943 [Test worker] DEBUG o.s.w.r.s.c.UndertowWebSocketClient - Connecting to ws://localhost:64715/echo
16:43:50.948 [XNIO-65 I/O-7] DEBUG o.s.w.s.a.HttpWebHandlerAdapter - [6f205e2f-63] HTTP GET "/echo"
16:43:50.948 [XNIO-65 I/O-7] DEBUG o.s.w.r.h.SimpleUrlHandlerMapping - [6f205e2f-63] Mapped to org.springframework.web.reactive.socket.WebSocketIntegrationTests$EchoWebSocketHandler@61e7bdbb
16:43:50.948 [XNIO-65 I/O-7] DEBUG o.s.w.r.s.a.UndertowWebSocketSession - [6f205e2f-63] Session id "3fc84697" for http://localhost:64715/echo
16:43:50.948 [XNIO-65 I/O-7] DEBUG o.s.w.s.a.HttpWebHandlerAdapter - [6f205e2f-63] Completed 101 SWITCHING_PROTOCOLS
16:43:50.949 [XNIO-61 I/O-1] DEBUG o.s.w.r.s.a.UndertowWebSocketSession - [678368bf] Session id "678368bf" for ws://localhost:64715/echo
16:43:50.953 [Test worker] DEBUG o.s.w.t.h.s.r.b.UndertowHttpServer - Stopping UndertowHttpServer...
16:43:50.953 [Test worker] INFO  i.undertow - stopping server: Undertow - 2.2.7.Final
16:43:50.953 [Test worker] DEBUG o.s.w.t.h.s.r.b.UndertowHttpServer - Server stopped (0 millis).
16:43:50.966 [Test worker] DEBUG o.s.w.r.h.SimpleUrlHandlerMapping - Patterns [/close, /echo, /sub-protocol, /cookie, /custom-header] in 'handlerMapping'
16:43:50.967 [Test worker] DEBUG o.s.w.s.a.HttpWebHandlerAdapter - enableLoggingRequestDetails='false': form data and headers will be masked to prevent unsafe logging of potentially sensitive data
16:43:50.967 [Test worker] DEBUG o.s.w.t.h.s.r.b.TomcatHttpServer - Starting TomcatHttpServer...
16:43:50.973 [Test worker] DEBUG o.s.w.t.h.s.r.b.TomcatHttpServer - Server started on port 64717(0 millis).
16:43:50.973 [boundedElastic-1] DEBUG o.s.w.r.s.c.StandardWebSocketClient - Connecting to ws://localhost:64717/custom-header
16:43:50.981 [http-nio-auto-63-exec-1] DEBUG o.s.w.s.a.HttpWebHandlerAdapter - [76141f6f] HTTP GET "/custom-header"
16:43:50.981 [http-nio-auto-63-exec-1] DEBUG o.s.w.r.h.SimpleUrlHandlerMapping - [76141f6f] Mapped to org.springframework.web.reactive.socket.WebSocketIntegrationTests$CustomHeaderHandler@78d3ffdd
16:43:50.983 [http-nio-auto-63-exec-1] DEBUG o.s.w.s.a.HttpWebHandlerAdapter - [76141f6f] Completed 101 SWITCHING_PROTOCOLS
16:43:50.984 [boundedElastic-1] DEBUG o.s.w.r.s.a.TomcatWebSocketSession - [18] Session id "18" for ws://localhost:64717/custom-header
16:43:50.985 [http-nio-auto-63-exec-1] DEBUG o.s.w.r.s.a.TomcatWebSocketSession - [76141f6f] Session id "19" for http://localhost:64717/custom-header
16:43:50.995 [Test worker] DEBUG o.s.w.t.h.s.r.b.TomcatHttpServer - Stopping TomcatHttpServer...
16:44:02.149 [Test worker] DEBUG o.s.w.t.h.s.r.b.TomcatHttpServer - Server stopped (0 millis).
16:44:02.159 [Test worker] DEBUG o.s.w.r.h.SimpleUrlHandlerMapping - Patterns [/close, /echo, /sub-protocol, /cookie, /custom-header] in 'handlerMapping'
16:44:02.160 [Test worker] DEBUG o.s.w.s.a.HttpWebHandlerAdapter - enableLoggingRequestDetails='false': form data and headers will be masked to prevent unsafe logging of potentially sensitive data
16:44:02.160 [Test worker] WARN  o.e.j.s.h.ContextHandler - Empty contextPath
16:44:02.160 [Test worker] INFO  o.e.j.s.h.ContextHandler - Started o.e.j.s.ServletContextHandler@4024140f{/,null,AVAILABLE}
16:44:02.161 [Test worker] DEBUG o.s.w.t.h.s.r.b.JettyHttpServer - Starting JettyHttpServer...
16:44:02.161 [Test worker] INFO  o.e.j.s.Server - jetty-9.4.39.v20210325; built: 2021-03-25T14:42:11.471Z; git: 9fc7ca5a922f2a37b84ec9dbc26a5168cee7e667; jvm 11.0.9+7-LTS
16:44:02.162 [Test worker] INFO  o.e.j.s.AbstractConnector - Started ServerConnector@d9b3a70{HTTP/1.1, (http/1.1)}{0.0.0.0:64791}
16:44:02.162 [Test worker] INFO  o.e.j.s.Server - Started @730571ms
16:44:02.162 [Test worker] DEBUG o.s.w.t.h.s.r.b.JettyHttpServer - Server started on port 64791(0 millis).
16:44:02.162 [boundedElastic-1] DEBUG o.s.w.r.s.c.StandardWebSocketClient - Connecting to ws://localhost:64791/custom-header
16:44:02.169 [qtp956645370-4412] DEBUG o.s.w.s.a.HttpWebHandlerAdapter - [94cf5cf] HTTP GET "/custom-header"
16:44:02.169 [qtp956645370-4412] DEBUG o.s.w.r.h.SimpleUrlHandlerMapping - [94cf5cf] Mapped to org.springframework.web.reactive.socket.WebSocketIntegrationTests$CustomHeaderHandler@78b1a96
16:44:02.170 [qtp956645370-4412] DEBUG o.s.w.s.a.HttpWebHandlerAdapter - [94cf5cf] Completed 101 SWITCHING_PROTOCOLS
16:44:02.171 [qtp956645370-4412] DEBUG o.s.w.r.s.a.JettyWebSocketSession - [94cf5cf] Session id "5de147b7" for http://localhost:64791/custom-header
16:44:02.172 [boundedElastic-1] DEBUG o.s.w.r.s.a.TomcatWebSocketSession - [1a] Session id "1a" for ws://localhost:64791/custom-header
16:44:02.184 [Test worker] DEBUG o.s.w.t.h.s.r.b.JettyHttpServer - Stopping JettyHttpServer...
16:44:02.184 [Test worker] INFO  o.e.j.s.h.ContextHandler - Stopped o.e.j.s.ServletContextHandler@4024140f{/,null,STOPPED}
16:44:02.185 [Test worker] INFO  o.e.j.s.AbstractConnector - Stopped ServerConnector@d9b3a70{HTTP/1.1, (http/1.1)}{0.0.0.0:0}
16:44:02.186 [Test worker] DEBUG o.s.w.t.h.s.r.b.JettyHttpServer - Server stopped (0 millis).
16:44:02.189 [Test worker] DEBUG o.s.w.r.h.SimpleUrlHandlerMapping - Patterns [/close, /echo, /sub-protocol, /cookie, /custom-header] in 'handlerMapping'
16:44:02.190 [Test worker] DEBUG o.s.w.s.a.HttpWebHandlerAdapter - enableLoggingRequestDetails='false': form data and headers will be masked to prevent unsafe logging of potentially sensitive data
16:44:02.190 [Test worker] DEBUG o.s.w.t.h.s.r.b.ReactorHttpServer - Starting ReactorHttpServer...
16:44:02.190 [Test worker] DEBUG o.s.w.t.h.s.r.b.ReactorHttpServer - Server started on port 64793(0 millis).
16:44:02.191 [boundedElastic-1] DEBUG o.s.w.r.s.c.StandardWebSocketClient - Connecting to ws://localhost:64793/custom-header
16:44:02.197 [reactor-http-nio-1] DEBUG o.s.w.s.a.HttpWebHandlerAdapter - [f49a2101-1, L:/127.0.0.1:64793 - R:/127.0.0.1:64794] HTTP GET "/custom-header"
16:44:02.197 [reactor-http-nio-1] DEBUG o.s.w.r.h.SimpleUrlHandlerMapping - [f49a2101-1, L:/127.0.0.1:64793 - R:/127.0.0.1:64794] Mapped to org.springframework.web.reactive.socket.WebSocketIntegrationTests$CustomHeaderHandler@2d792a23
16:44:02.198 [reactor-http-nio-1] DEBUG o.s.w.r.s.a.ReactorNettyWebSocketSession - [f49a2101-1, L:/127.0.0.1:64793 - R:/127.0.0.1:64794] Session id "751a89bb" for http://localhost:64793/custom-header
16:44:02.199 [boundedElastic-1] DEBUG o.s.w.r.s.a.TomcatWebSocketSession - [1b] Session id "1b" for ws://localhost:64793/custom-header
16:44:02.199 [reactor-http-nio-1] DEBUG o.s.w.s.a.HttpWebHandlerAdapter - [f49a2101-1, L:/127.0.0.1:64793 - R:/127.0.0.1:64794] Completed 200 OK
16:44:02.201 [Test worker] DEBUG o.s.w.t.h.s.r.b.ReactorHttpServer - Stopping ReactorHttpServer...
16:44:02.201 [Test worker] DEBUG o.s.w.t.h.s.r.b.ReactorHttpServer - Server stopped (0 millis).
16:44:02.204 [Test worker] DEBUG o.s.w.r.h.SimpleUrlHandlerMapping - Patterns [/close, /echo, /sub-protocol, /cookie, /custom-header] in 'handlerMapping'
16:44:02.205 [Test worker] DEBUG o.s.w.s.a.HttpWebHandlerAdapter - enableLoggingRequestDetails='false': form data and headers will be masked to prevent unsafe logging of potentially sensitive data
16:44:02.205 [Test worker] DEBUG o.s.w.t.h.s.r.b.UndertowHttpServer - Starting UndertowHttpServer...
16:44:02.205 [Test worker] INFO  i.undertow - starting server: Undertow - 2.2.7.Final
16:44:02.208 [Test worker] DEBUG o.s.w.t.h.s.r.b.UndertowHttpServer - Server started on port 64795(0 millis).
16:44:02.208 [boundedElastic-1] DEBUG o.s.w.r.s.c.StandardWebSocketClient - Connecting to ws://localhost:64795/custom-header
16:44:02.214 [XNIO-67 I/O-2] DEBUG o.s.w.s.a.HttpWebHandlerAdapter - [1fd83684-64] HTTP GET "/custom-header"
16:44:02.214 [XNIO-67 I/O-2] DEBUG o.s.w.r.h.SimpleUrlHandlerMapping - [1fd83684-64] Mapped to org.springframework.web.reactive.socket.WebSocketIntegrationTests$CustomHeaderHandler@111fdb0f
16:44:02.215 [XNIO-67 I/O-2] DEBUG o.s.w.r.s.a.UndertowWebSocketSession - [1fd83684-64] Session id "1ca22972" for http://localhost:64795/custom-header
16:44:02.215 [boundedElastic-1] DEBUG o.s.w.r.s.a.TomcatWebSocketSession - [1c] Session id "1c" for ws://localhost:64795/custom-header
16:44:02.215 [XNIO-67 I/O-2] DEBUG o.s.w.s.a.HttpWebHandlerAdapter - [1fd83684-64] Completed 101 SWITCHING_PROTOCOLS
16:44:02.217 [Test worker] DEBUG o.s.w.t.h.s.r.b.UndertowHttpServer - Stopping UndertowHttpServer...
16:44:02.217 [Test worker] INFO  i.undertow - stopping server: Undertow - 2.2.7.Final
16:44:02.218 [Test worker] DEBUG o.s.w.t.h.s.r.b.UndertowHttpServer - Server stopped (0 millis).
16:44:02.230 [Test worker] DEBUG o.s.w.r.h.SimpleUrlHandlerMapping - Patterns [/close, /echo, /sub-protocol, /cookie, /custom-header] in 'handlerMapping'
16:44:02.231 [Test worker] DEBUG o.s.w.s.a.HttpWebHandlerAdapter - enableLoggingRequestDetails='false': form data and headers will be masked to prevent unsafe logging of potentially sensitive data
16:44:02.232 [Test worker] DEBUG o.s.w.t.h.s.r.b.TomcatHttpServer - Starting TomcatHttpServer...
16:44:02.244 [Test worker] DEBUG o.s.w.t.h.s.r.b.TomcatHttpServer - Server started on port 64797(0 millis).
16:44:02.247 [Test worker] DEBUG o.s.w.r.s.c.JettyWebSocketClient - Connecting to ws://localhost:64797/custom-header
16:44:02.270 [http-nio-auto-64-exec-1] DEBUG o.s.w.s.a.HttpWebHandlerAdapter - [67204a94] HTTP GET "/custom-header"
16:44:02.270 [http-nio-auto-64-exec-1] DEBUG o.s.w.r.h.SimpleUrlHandlerMapping - [67204a94] Mapped to org.springframework.web.reactive.socket.WebSocketIntegrationTests$CustomHeaderHandler@69e7a800
16:44:02.271 [http-nio-auto-64-exec-1] DEBUG o.s.w.s.a.HttpWebHandlerAdapter - [67204a94] Completed 101 SWITCHING_PROTOCOLS
16:44:02.281 [http-nio-auto-64-exec-1] DEBUG o.s.w.r.s.a.TomcatWebSocketSession - [67204a94] Session id "1d" for http://localhost:64797/custom-header
16:44:02.283 [WebSocketClient@487784403-4459] DEBUG o.s.w.r.s.a.JettyWebSocketSession - [3938a270] Session id "3938a270" for ws://localhost:64797/custom-header
16:44:02.293 [Test worker] DEBUG o.s.w.t.h.s.r.b.TomcatHttpServer - Stopping TomcatHttpServer...
16:44:13.452 [Test worker] DEBUG o.s.w.t.h.s.r.b.TomcatHttpServer - Server stopped (0 millis).
16:44:13.456 [Test worker] DEBUG o.s.w.r.h.SimpleUrlHandlerMapping - Patterns [/close, /echo, /sub-protocol, /cookie, /custom-header] in 'handlerMapping'
16:44:13.456 [Test worker] DEBUG o.s.w.s.a.HttpWebHandlerAdapter - enableLoggingRequestDetails='false': form data and headers will be masked to prevent unsafe logging of potentially sensitive data
16:44:13.464 [Test worker] WARN  o.e.j.s.h.ContextHandler - Empty contextPath
16:44:13.465 [Test worker] INFO  o.e.j.s.h.ContextHandler - Started o.e.j.s.ServletContextHandler@6ed36fdd{/,null,AVAILABLE}
16:44:13.465 [Test worker] DEBUG o.s.w.t.h.s.r.b.JettyHttpServer - Starting JettyHttpServer...
16:44:13.465 [Test worker] INFO  o.e.j.s.Server - jetty-9.4.39.v20210325; built: 2021-03-25T14:42:11.471Z; git: 9fc7ca5a922f2a37b84ec9dbc26a5168cee7e667; jvm 11.0.9+7-LTS
16:44:13.466 [Test worker] INFO  o.e.j.s.AbstractConnector - Started ServerConnector@1b0ea51b{HTTP/1.1, (http/1.1)}{0.0.0.0:64906}
16:44:13.466 [Test worker] INFO  o.e.j.s.Server - Started @741872ms
16:44:13.466 [Test worker] DEBUG o.s.w.t.h.s.r.b.JettyHttpServer - Server started on port 64906(0 millis).
16:44:13.468 [Test worker] DEBUG o.s.w.r.s.c.JettyWebSocketClient - Connecting to ws://localhost:64906/custom-header
16:44:13.473 [qtp796380582-4484] DEBUG o.s.w.s.a.HttpWebHandlerAdapter - [526a765] HTTP GET "/custom-header"
16:44:13.474 [qtp796380582-4484] DEBUG o.s.w.r.h.SimpleUrlHandlerMapping - [526a765] Mapped to org.springframework.web.reactive.socket.WebSocketIntegrationTests$CustomHeaderHandler@be149b1
16:44:13.475 [qtp796380582-4484] DEBUG o.s.w.s.a.HttpWebHandlerAdapter - [526a765] Completed 101 SWITCHING_PROTOCOLS
16:44:13.475 [qtp796380582-4484] DEBUG o.s.w.r.s.a.JettyWebSocketSession - [526a765] Session id "5e3719a0" for http://localhost:64906/custom-header
16:44:13.476 [WebSocketClient@487784403-4485] DEBUG o.s.w.r.s.a.JettyWebSocketSession - [3e4c5b85] Session id "3e4c5b85" for ws://localhost:64906/custom-header
16:44:13.477 [Test worker] DEBUG o.s.w.t.h.s.r.b.JettyHttpServer - Stopping JettyHttpServer...
16:44:13.477 [Test worker] INFO  o.e.j.s.h.ContextHandler - Stopped o.e.j.s.ServletContextHandler@6ed36fdd{/,null,STOPPED}
16:44:13.478 [Test worker] INFO  o.e.j.s.AbstractConnector - Stopped ServerConnector@1b0ea51b{HTTP/1.1, (http/1.1)}{0.0.0.0:0}
16:44:13.479 [Test worker] DEBUG o.s.w.t.h.s.r.b.JettyHttpServer - Server stopped (0 millis).
16:44:13.482 [Test worker] DEBUG o.s.w.r.h.SimpleUrlHandlerMapping - Patterns [/close, /echo, /sub-protocol, /cookie, /custom-header] in 'handlerMapping'
16:44:13.483 [Test worker] DEBUG o.s.w.s.a.HttpWebHandlerAdapter - enableLoggingRequestDetails='false': form data and headers will be masked to prevent unsafe logging of potentially sensitive data
16:44:13.483 [Test worker] DEBUG o.s.w.t.h.s.r.b.ReactorHttpServer - Starting ReactorHttpServer...
16:44:13.483 [Test worker] DEBUG o.s.w.t.h.s.r.b.ReactorHttpServer - Server started on port 64908(0 millis).
16:44:13.485 [Test worker] DEBUG o.s.w.r.s.c.JettyWebSocketClient - Connecting to ws://localhost:64908/custom-header
16:44:13.491 [reactor-http-nio-3] DEBUG o.s.w.s.a.HttpWebHandlerAdapter - [97a2eb24-1, L:/127.0.0.1:64908 - R:/127.0.0.1:64909] HTTP GET "/custom-header"
16:44:13.491 [reactor-http-nio-3] DEBUG o.s.w.r.h.SimpleUrlHandlerMapping - [97a2eb24-1, L:/127.0.0.1:64908 - R:/127.0.0.1:64909] Mapped to org.springframework.web.reactive.socket.WebSocketIntegrationTests$CustomHeaderHandler@4cf376f9
16:44:13.492 [reactor-http-nio-3] DEBUG o.s.w.r.s.a.ReactorNettyWebSocketSession - [97a2eb24-1, L:/127.0.0.1:64908 - R:/127.0.0.1:64909] Session id "4a251282" for http://localhost:64908/custom-header
16:44:13.492 [reactor-http-nio-3] DEBUG o.s.w.s.a.HttpWebHandlerAdapter - [97a2eb24-1, L:/127.0.0.1:64908 - R:/127.0.0.1:64909] Completed 200 OK
16:44:13.493 [WebSocketClient@487784403-4498] DEBUG o.s.w.r.s.a.JettyWebSocketSession - [44f43a8f] Session id "44f43a8f" for ws://localhost:64908/custom-header
16:44:13.494 [Test worker] DEBUG o.s.w.t.h.s.r.b.ReactorHttpServer - Stopping ReactorHttpServer...
16:44:13.494 [Test worker] DEBUG o.s.w.t.h.s.r.b.ReactorHttpServer - Server stopped (0 millis).
16:44:13.498 [Test worker] DEBUG o.s.w.r.h.SimpleUrlHandlerMapping - Patterns [/close, /echo, /sub-protocol, /cookie, /custom-header] in 'handlerMapping'
16:44:13.498 [Test worker] DEBUG o.s.w.s.a.HttpWebHandlerAdapter - enableLoggingRequestDetails='false': form data and headers will be masked to prevent unsafe logging of potentially sensitive data
16:44:13.499 [Test worker] DEBUG o.s.w.t.h.s.r.b.UndertowHttpServer - Starting UndertowHttpServer...
16:44:13.499 [Test worker] INFO  i.undertow - starting server: Undertow - 2.2.7.Final
16:44:13.501 [Test worker] DEBUG o.s.w.t.h.s.r.b.UndertowHttpServer - Server started on port 64910(0 millis).
16:44:13.503 [Test worker] DEBUG o.s.w.r.s.c.JettyWebSocketClient - Connecting to ws://localhost:64910/custom-header
16:44:13.516 [XNIO-68 I/O-5] DEBUG o.s.w.s.a.HttpWebHandlerAdapter - [a6b059f-65] HTTP GET "/custom-header"
16:44:13.516 [XNIO-68 I/O-5] DEBUG o.s.w.r.h.SimpleUrlHandlerMapping - [a6b059f-65] Mapped to org.springframework.web.reactive.socket.WebSocketIntegrationTests$CustomHeaderHandler@4aceaa2
16:44:13.516 [XNIO-68 I/O-5] DEBUG o.s.w.r.s.a.UndertowWebSocketSession - [a6b059f-65] Session id "1d0a1f73" for http://localhost:64910/custom-header
16:44:13.516 [XNIO-68 I/O-5] DEBUG o.s.w.s.a.HttpWebHandlerAdapter - [a6b059f-65] Completed 101 SWITCHING_PROTOCOLS
16:44:13.517 [WebSocketClient@487784403-4527] DEBUG o.s.w.r.s.a.JettyWebSocketSession - [2b307fcf] Session id "2b307fcf" for ws://localhost:64910/custom-header
16:44:13.518 [Test worker] DEBUG o.s.w.t.h.s.r.b.UndertowHttpServer - Stopping UndertowHttpServer...
16:44:13.518 [Test worker] INFO  i.undertow - stopping server: Undertow - 2.2.7.Final
16:44:13.519 [Test worker] DEBUG o.s.w.t.h.s.r.b.UndertowHttpServer - Server stopped (0 millis).
16:44:13.523 [Test worker] DEBUG o.s.w.r.h.SimpleUrlHandlerMapping - Patterns [/close, /echo, /sub-protocol, /cookie, /custom-header] in 'handlerMapping'
16:44:13.523 [Test worker] DEBUG o.s.w.s.a.HttpWebHandlerAdapter - enableLoggingRequestDetails='false': form data and headers will be masked to prevent unsafe logging of potentially sensitive data
16:44:13.524 [Test worker] DEBUG o.s.w.t.h.s.r.b.TomcatHttpServer - Starting TomcatHttpServer...
16:44:13.528 [Test worker] DEBUG o.s.w.t.h.s.r.b.TomcatHttpServer - Server started on port 64912(0 millis).
16:44:13.528 [Test worker] DEBUG o.s.w.r.s.c.ReactorNettyWebSocketClient - Connecting to ws://localhost:64912/custom-header
16:44:13.539 [http-nio-auto-65-exec-1] DEBUG o.s.w.s.a.HttpWebHandlerAdapter - [2a264241] HTTP GET "/custom-header"
16:44:13.539 [http-nio-auto-65-exec-1] DEBUG o.s.w.r.h.SimpleUrlHandlerMapping - [2a264241] Mapped to org.springframework.web.reactive.socket.WebSocketIntegrationTests$CustomHeaderHandler@24e1b975
16:44:13.540 [http-nio-auto-65-exec-1] DEBUG o.s.w.s.a.HttpWebHandlerAdapter - [2a264241] Completed 101 SWITCHING_PROTOCOLS
16:44:13.542 [http-nio-auto-65-exec-1] DEBUG o.s.w.r.s.a.TomcatWebSocketSession - [2a264241] Session id "1e" for http://localhost:64912/custom-header
16:44:13.542 [reactor-http-nio-4] DEBUG o.s.w.r.s.a.ReactorNettyWebSocketSession - [50cdbef9] Session id "50cdbef9" for ws://localhost:64912/custom-header
16:44:13.542 [reactor-http-nio-4] DEBUG o.s.w.r.s.c.ReactorNettyWebSocketClient - Started session '50cdbef9' for ws://localhost:64912/custom-header
16:44:13.547 [Test worker] DEBUG o.s.w.t.h.s.r.b.TomcatHttpServer - Stopping TomcatHttpServer...
16:44:24.691 [Test worker] DEBUG o.s.w.t.h.s.r.b.TomcatHttpServer - Server stopped (0 millis).
16:44:24.694 [Test worker] DEBUG o.s.w.r.h.SimpleUrlHandlerMapping - Patterns [/close, /echo, /sub-protocol, /cookie, /custom-header] in 'handlerMapping'
16:44:24.695 [Test worker] DEBUG o.s.w.s.a.HttpWebHandlerAdapter - enableLoggingRequestDetails='false': form data and headers will be masked to prevent unsafe logging of potentially sensitive data
16:44:24.695 [Test worker] WARN  o.e.j.s.h.ContextHandler - Empty contextPath
16:44:24.695 [Test worker] INFO  o.e.j.s.h.ContextHandler - Started o.e.j.s.ServletContextHandler@830084f{/,null,AVAILABLE}
16:44:24.695 [Test worker] DEBUG o.s.w.t.h.s.r.b.JettyHttpServer - Starting JettyHttpServer...
16:44:24.695 [Test worker] INFO  o.e.j.s.Server - jetty-9.4.39.v20210325; built: 2021-03-25T14:42:11.471Z; git: 9fc7ca5a922f2a37b84ec9dbc26a5168cee7e667; jvm 11.0.9+7-LTS
16:44:24.697 [Test worker] INFO  o.e.j.s.AbstractConnector - Started ServerConnector@3f5af418{HTTP/1.1, (http/1.1)}{0.0.0.0:64932}
16:44:24.697 [Test worker] INFO  o.e.j.s.Server - Started @753099ms
16:44:24.697 [Test worker] DEBUG o.s.w.t.h.s.r.b.JettyHttpServer - Server started on port 64932(0 millis).
16:44:24.697 [Test worker] DEBUG o.s.w.r.s.c.ReactorNettyWebSocketClient - Connecting to ws://localhost:64932/custom-header
16:44:24.703 [qtp1435364408-4557] DEBUG o.s.w.s.a.HttpWebHandlerAdapter - [6b8bc7a5] HTTP GET "/custom-header"
16:44:24.703 [qtp1435364408-4557] DEBUG o.s.w.r.h.SimpleUrlHandlerMapping - [6b8bc7a5] Mapped to org.springframework.web.reactive.socket.WebSocketIntegrationTests$CustomHeaderHandler@654c34a4
16:44:24.705 [qtp1435364408-4557] DEBUG o.s.w.s.a.HttpWebHandlerAdapter - [6b8bc7a5] Completed 101 SWITCHING_PROTOCOLS
16:44:24.705 [qtp1435364408-4557] DEBUG o.s.w.r.s.a.JettyWebSocketSession - [6b8bc7a5] Session id "46340aab" for http://localhost:64932/custom-header
16:44:24.705 [reactor-http-nio-5] DEBUG o.s.w.r.s.a.ReactorNettyWebSocketSession - [3f614b22] Session id "3f614b22" for ws://localhost:64932/custom-header
16:44:24.705 [reactor-http-nio-5] DEBUG o.s.w.r.s.c.ReactorNettyWebSocketClient - Started session '3f614b22' for ws://localhost:64932/custom-header
16:44:24.706 [Test worker] DEBUG o.s.w.t.h.s.r.b.JettyHttpServer - Stopping JettyHttpServer...
16:44:24.706 [Test worker] INFO  o.e.j.s.h.ContextHandler - Stopped o.e.j.s.ServletContextHandler@830084f{/,null,STOPPED}
16:44:24.707 [Test worker] INFO  o.e.j.s.AbstractConnector - Stopped ServerConnector@3f5af418{HTTP/1.1, (http/1.1)}{0.0.0.0:0}
16:44:24.707 [Test worker] DEBUG o.s.w.t.h.s.r.b.JettyHttpServer - Server stopped (0 millis).
16:44:24.711 [Test worker] DEBUG o.s.w.r.h.SimpleUrlHandlerMapping - Patterns [/close, /echo, /sub-protocol, /cookie, /custom-header] in 'handlerMapping'
16:44:24.712 [Test worker] DEBUG o.s.w.s.a.HttpWebHandlerAdapter - enableLoggingRequestDetails='false': form data and headers will be masked to prevent unsafe logging of potentially sensitive data
16:44:24.712 [Test worker] DEBUG o.s.w.t.h.s.r.b.ReactorHttpServer - Starting ReactorHttpServer...
16:44:24.712 [Test worker] DEBUG o.s.w.t.h.s.r.b.ReactorHttpServer - Server started on port 64934(0 millis).
16:44:24.712 [Test worker] DEBUG o.s.w.r.s.c.ReactorNettyWebSocketClient - Connecting to ws://localhost:64934/custom-header
16:44:24.719 [reactor-http-nio-8] DEBUG o.s.w.s.a.HttpWebHandlerAdapter - [e61eb535-1, L:/127.0.0.1:64934 - R:/127.0.0.1:64935] HTTP GET "/custom-header"
16:44:24.719 [reactor-http-nio-8] DEBUG o.s.w.r.h.SimpleUrlHandlerMapping - [e61eb535-1, L:/127.0.0.1:64934 - R:/127.0.0.1:64935] Mapped to org.springframework.web.reactive.socket.WebSocketIntegrationTests$CustomHeaderHandler@74a23561
16:44:24.720 [reactor-http-nio-8] DEBUG o.s.w.r.s.a.ReactorNettyWebSocketSession - [e61eb535-1, L:/127.0.0.1:64934 - R:/127.0.0.1:64935] Session id "3298d57" for http://localhost:64934/custom-header
16:44:24.720 [reactor-http-nio-8] DEBUG o.s.w.s.a.HttpWebHandlerAdapter - [e61eb535-1, L:/127.0.0.1:64934 - R:/127.0.0.1:64935] Completed 200 OK
16:44:24.720 [reactor-http-nio-7] DEBUG o.s.w.r.s.a.ReactorNettyWebSocketSession - [3d97cd86] Session id "3d97cd86" for ws://localhost:64934/custom-header
16:44:24.720 [reactor-http-nio-7] DEBUG o.s.w.r.s.c.ReactorNettyWebSocketClient - Started session '3d97cd86' for ws://localhost:64934/custom-header
16:44:24.720 [Test worker] DEBUG o.s.w.t.h.s.r.b.ReactorHttpServer - Stopping ReactorHttpServer...
16:44:24.721 [Test worker] DEBUG o.s.w.t.h.s.r.b.ReactorHttpServer - Server stopped (0 millis).
16:44:24.724 [Test worker] DEBUG o.s.w.r.h.SimpleUrlHandlerMapping - Patterns [/close, /echo, /sub-protocol, /cookie, /custom-header] in 'handlerMapping'
16:44:24.725 [Test worker] DEBUG o.s.w.s.a.HttpWebHandlerAdapter - enableLoggingRequestDetails='false': form data and headers will be masked to prevent unsafe logging of potentially sensitive data
16:44:24.725 [Test worker] DEBUG o.s.w.t.h.s.r.b.UndertowHttpServer - Starting UndertowHttpServer...
16:44:24.725 [Test worker] INFO  i.undertow - starting server: Undertow - 2.2.7.Final
16:44:24.727 [Test worker] DEBUG o.s.w.t.h.s.r.b.UndertowHttpServer - Server started on port 64936(0 millis).
16:44:24.728 [Test worker] DEBUG o.s.w.r.s.c.ReactorNettyWebSocketClient - Connecting to ws://localhost:64936/custom-header
16:44:24.734 [XNIO-69 I/O-6] DEBUG o.s.w.s.a.HttpWebHandlerAdapter - [3ee63c15-66] HTTP GET "/custom-header"
16:44:24.734 [XNIO-69 I/O-6] DEBUG o.s.w.r.h.SimpleUrlHandlerMapping - [3ee63c15-66] Mapped to org.springframework.web.reactive.socket.WebSocketIntegrationTests$CustomHeaderHandler@3021c5b9
16:44:24.735 [XNIO-69 I/O-6] DEBUG o.s.w.r.s.a.UndertowWebSocketSession - [3ee63c15-66] Session id "be4e545" for http://localhost:64936/custom-header
16:44:24.735 [XNIO-69 I/O-6] DEBUG o.s.w.s.a.HttpWebHandlerAdapter - [3ee63c15-66] Completed 101 SWITCHING_PROTOCOLS
16:44:24.735 [reactor-http-nio-9] DEBUG o.s.w.r.s.a.ReactorNettyWebSocketSession - [6d7ad529] Session id "6d7ad529" for ws://localhost:64936/custom-header
16:44:24.735 [reactor-http-nio-9] DEBUG o.s.w.r.s.c.ReactorNettyWebSocketClient - Started session '6d7ad529' for ws://localhost:64936/custom-header
16:44:24.736 [Test worker] DEBUG o.s.w.t.h.s.r.b.UndertowHttpServer - Stopping UndertowHttpServer...
16:44:24.736 [Test worker] INFO  i.undertow - stopping server: Undertow - 2.2.7.Final
16:44:24.737 [Test worker] DEBUG o.s.w.t.h.s.r.b.UndertowHttpServer - Server stopped (0 millis).
16:44:24.741 [Test worker] DEBUG o.s.w.r.h.SimpleUrlHandlerMapping - Patterns [/close, /echo, /sub-protocol, /cookie, /custom-header] in 'handlerMapping'
16:44:24.742 [Test worker] DEBUG o.s.w.s.a.HttpWebHandlerAdapter - enableLoggingRequestDetails='false': form data and headers will be masked to prevent unsafe logging of potentially sensitive data
16:44:24.743 [Test worker] DEBUG o.s.w.t.h.s.r.b.TomcatHttpServer - Starting TomcatHttpServer...
16:44:24.749 [Test worker] DEBUG o.s.w.t.h.s.r.b.TomcatHttpServer - Server started on port 64938(0 millis).
16:44:24.749 [Test worker] DEBUG o.s.w.r.s.c.UndertowWebSocketClient - Connecting to ws://localhost:64938/custom-header
16:44:24.758 [http-nio-auto-66-exec-1] DEBUG o.s.w.s.a.HttpWebHandlerAdapter - [319291c5] HTTP GET "/custom-header"
16:44:24.758 [http-nio-auto-66-exec-1] DEBUG o.s.w.r.h.SimpleUrlHandlerMapping - [319291c5] Mapped to org.springframework.web.reactive.socket.WebSocketIntegrationTests$CustomHeaderHandler@3f556987
16:44:24.762 [http-nio-auto-66-exec-1] DEBUG o.s.w.s.a.HttpWebHandlerAdapter - [319291c5] Completed 101 SWITCHING_PROTOCOLS
16:44:24.763 [XNIO-66 I/O-1] DEBUG o.s.w.r.s.a.UndertowWebSocketSession - [5d2218ef] Session id "5d2218ef" for ws://localhost:64938/custom-header
16:44:24.764 [http-nio-auto-66-exec-1] DEBUG o.s.w.r.s.a.TomcatWebSocketSession - [319291c5] Session id "1f" for http://localhost:64938/custom-header
16:44:24.766 [Test worker] DEBUG o.s.w.t.h.s.r.b.TomcatHttpServer - Stopping TomcatHttpServer...
16:44:35.916 [Test worker] DEBUG o.s.w.t.h.s.r.b.TomcatHttpServer - Server stopped (0 millis).
16:44:35.920 [Test worker] DEBUG o.s.w.r.h.SimpleUrlHandlerMapping - Patterns [/close, /echo, /sub-protocol, /cookie, /custom-header] in 'handlerMapping'
16:44:35.921 [Test worker] DEBUG o.s.w.s.a.HttpWebHandlerAdapter - enableLoggingRequestDetails='false': form data and headers will be masked to prevent unsafe logging of potentially sensitive data
16:44:35.921 [Test worker] WARN  o.e.j.s.h.ContextHandler - Empty contextPath
16:44:35.921 [Test worker] INFO  o.e.j.s.h.ContextHandler - Started o.e.j.s.ServletContextHandler@41b4da89{/,null,AVAILABLE}
16:44:35.921 [Test worker] DEBUG o.s.w.t.h.s.r.b.JettyHttpServer - Starting JettyHttpServer...
16:44:35.921 [Test worker] INFO  o.e.j.s.Server - jetty-9.4.39.v20210325; built: 2021-03-25T14:42:11.471Z; git: 9fc7ca5a922f2a37b84ec9dbc26a5168cee7e667; jvm 11.0.9+7-LTS
16:44:35.923 [Test worker] INFO  o.e.j.s.AbstractConnector - Started ServerConnector@d5820c7{HTTP/1.1, (http/1.1)}{0.0.0.0:64960}
16:44:35.923 [Test worker] INFO  o.e.j.s.Server - Started @764323ms
16:44:35.923 [Test worker] DEBUG o.s.w.t.h.s.r.b.JettyHttpServer - Server started on port 64960(0 millis).
16:44:35.923 [Test worker] DEBUG o.s.w.r.s.c.UndertowWebSocketClient - Connecting to ws://localhost:64960/custom-header
16:44:35.929 [qtp1735933847-4604] DEBUG o.s.w.s.a.HttpWebHandlerAdapter - [37db00cf] HTTP GET "/custom-header"
16:44:35.929 [qtp1735933847-4604] DEBUG o.s.w.r.h.SimpleUrlHandlerMapping - [37db00cf] Mapped to org.springframework.web.reactive.socket.WebSocketIntegrationTests$CustomHeaderHandler@391ce844
16:44:35.930 [qtp1735933847-4604] DEBUG o.s.w.s.a.HttpWebHandlerAdapter - [37db00cf] Completed 101 SWITCHING_PROTOCOLS
16:44:35.930 [qtp1735933847-4604] DEBUG o.s.w.r.s.a.JettyWebSocketSession - [37db00cf] Session id "1556f3d5" for http://localhost:64960/custom-header
16:44:35.930 [XNIO-66 I/O-1] DEBUG o.s.w.r.s.a.UndertowWebSocketSession - [53e5fd3b] Session id "53e5fd3b" for ws://localhost:64960/custom-header
16:44:35.932 [Test worker] DEBUG o.s.w.t.h.s.r.b.JettyHttpServer - Stopping JettyHttpServer...
16:44:35.932 [Test worker] INFO  o.e.j.s.h.ContextHandler - Stopped o.e.j.s.ServletContextHandler@41b4da89{/,null,STOPPED}
16:44:35.933 [Test worker] INFO  o.e.j.s.AbstractConnector - Stopped ServerConnector@d5820c7{HTTP/1.1, (http/1.1)}{0.0.0.0:0}
16:44:35.934 [Test worker] DEBUG o.s.w.t.h.s.r.b.JettyHttpServer - Server stopped (0 millis).
16:44:35.937 [Test worker] DEBUG o.s.w.r.h.SimpleUrlHandlerMapping - Patterns [/close, /echo, /sub-protocol, /cookie, /custom-header] in 'handlerMapping'
16:44:35.938 [Test worker] DEBUG o.s.w.s.a.HttpWebHandlerAdapter - enableLoggingRequestDetails='false': form data and headers will be masked to prevent unsafe logging of potentially sensitive data
16:44:35.938 [Test worker] DEBUG o.s.w.t.h.s.r.b.ReactorHttpServer - Starting ReactorHttpServer...
16:44:35.938 [Test worker] DEBUG o.s.w.t.h.s.r.b.ReactorHttpServer - Server started on port 64962(0 millis).
16:44:35.938 [Test worker] DEBUG o.s.w.r.s.c.UndertowWebSocketClient - Connecting to ws://localhost:64962/custom-header
16:44:35.944 [reactor-http-nio-11] DEBUG o.s.w.s.a.HttpWebHandlerAdapter - [da8b033f-1, L:/127.0.0.1:64962 - R:/127.0.0.1:64963] HTTP GET "/custom-header"
16:44:35.944 [reactor-http-nio-11] DEBUG o.s.w.r.h.SimpleUrlHandlerMapping - [da8b033f-1, L:/127.0.0.1:64962 - R:/127.0.0.1:64963] Mapped to org.springframework.web.reactive.socket.WebSocketIntegrationTests$CustomHeaderHandler@2351d664
16:44:35.945 [reactor-http-nio-11] DEBUG o.s.w.r.s.a.ReactorNettyWebSocketSession - [da8b033f-1, L:/127.0.0.1:64962 - R:/127.0.0.1:64963] Session id "398c952b" for http://localhost:64962/custom-header
16:44:35.945 [XNIO-66 I/O-1] DEBUG o.s.w.r.s.a.UndertowWebSocketSession - [23804234] Session id "23804234" for ws://localhost:64962/custom-header
16:44:35.945 [reactor-http-nio-11] DEBUG o.s.w.s.a.HttpWebHandlerAdapter - [da8b033f-1, L:/127.0.0.1:64962 - R:/127.0.0.1:64963] Completed 200 OK
16:44:35.946 [Test worker] DEBUG o.s.w.t.h.s.r.b.ReactorHttpServer - Stopping ReactorHttpServer...
16:44:35.946 [Test worker] DEBUG o.s.w.t.h.s.r.b.ReactorHttpServer - Server stopped (0 millis).
16:44:35.950 [Test worker] DEBUG o.s.w.r.h.SimpleUrlHandlerMapping - Patterns [/close, /echo, /sub-protocol, /cookie, /custom-header] in 'handlerMapping'
16:44:35.950 [Test worker] DEBUG o.s.w.s.a.HttpWebHandlerAdapter - enableLoggingRequestDetails='false': form data and headers will be masked to prevent unsafe logging of potentially sensitive data
16:44:35.950 [Test worker] DEBUG o.s.w.t.h.s.r.b.UndertowHttpServer - Starting UndertowHttpServer...
16:44:35.950 [Test worker] INFO  i.undertow - starting server: Undertow - 2.2.7.Final
16:44:35.953 [Test worker] DEBUG o.s.w.t.h.s.r.b.UndertowHttpServer - Server started on port 64964(0 millis).
16:44:35.953 [Test worker] DEBUG o.s.w.r.s.c.UndertowWebSocketClient - Connecting to ws://localhost:64964/custom-header
16:44:35.959 [XNIO-70 I/O-13] DEBUG o.s.w.s.a.HttpWebHandlerAdapter - [510a4dcd-67] HTTP GET "/custom-header"
16:44:35.959 [XNIO-70 I/O-13] DEBUG o.s.w.r.h.SimpleUrlHandlerMapping - [510a4dcd-67] Mapped to org.springframework.web.reactive.socket.WebSocketIntegrationTests$CustomHeaderHandler@5fcda99c
16:44:35.959 [XNIO-70 I/O-13] DEBUG o.s.w.r.s.a.UndertowWebSocketSession - [510a4dcd-67] Session id "521b53bb" for http://localhost:64964/custom-header
16:44:35.959 [XNIO-66 I/O-1] DEBUG o.s.w.r.s.a.UndertowWebSocketSession - [27429b50] Session id "27429b50" for ws://localhost:64964/custom-header
16:44:35.960 [XNIO-70 I/O-13] DEBUG o.s.w.s.a.HttpWebHandlerAdapter - [510a4dcd-67] Completed 101 SWITCHING_PROTOCOLS
16:44:35.960 [Test worker] DEBUG o.s.w.t.h.s.r.b.UndertowHttpServer - Stopping UndertowHttpServer...
16:44:35.960 [Test worker] INFO  i.undertow - stopping server: Undertow - 2.2.7.Final
16:44:35.960 [Test worker] DEBUG o.s.w.t.h.s.r.b.UndertowHttpServer - Server stopped (0 millis).
16:44:35.966 [Test worker] DEBUG o.s.w.r.h.SimpleUrlHandlerMapping - Patterns [/close, /echo, /sub-protocol, /cookie, /custom-header] in 'handlerMapping'
16:44:35.966 [Test worker] DEBUG o.s.w.s.a.HttpWebHandlerAdapter - enableLoggingRequestDetails='false': form data and headers will be masked to prevent unsafe logging of potentially sensitive data
16:44:35.967 [Test worker] DEBUG o.s.w.t.h.s.r.b.TomcatHttpServer - Starting TomcatHttpServer...
16:44:35.971 [Test worker] DEBUG o.s.w.t.h.s.r.b.TomcatHttpServer - Server started on port 64966(0 millis).
16:44:35.972 [boundedElastic-1] DEBUG o.s.w.r.s.c.StandardWebSocketClient - Connecting to ws://localhost:64966/sub-protocol
16:44:35.980 [http-nio-auto-67-exec-1] DEBUG o.s.w.s.a.HttpWebHandlerAdapter - [403bd0e2] HTTP GET "/sub-protocol"
16:44:35.981 [http-nio-auto-67-exec-1] DEBUG o.s.w.r.h.SimpleUrlHandlerMapping - [403bd0e2] Mapped to org.springframework.web.reactive.socket.WebSocketIntegrationTests$SubProtocolWebSocketHandler@4efc3695
16:44:35.982 [http-nio-auto-67-exec-1] DEBUG o.s.w.s.a.HttpWebHandlerAdapter - [403bd0e2] Completed 101 SWITCHING_PROTOCOLS
16:44:35.984 [boundedElastic-1] DEBUG o.s.w.r.s.a.TomcatWebSocketSession - [21] Session id "21" for ws://localhost:64966/sub-protocol
16:44:35.984 [http-nio-auto-67-exec-1] DEBUG o.s.w.r.s.a.TomcatWebSocketSession - [403bd0e2] Session id "20" for http://localhost:64966/sub-protocol
16:44:35.989 [Test worker] DEBUG o.s.w.t.h.s.r.b.TomcatHttpServer - Stopping TomcatHttpServer...
16:44:47.131 [Test worker] DEBUG o.s.w.t.h.s.r.b.TomcatHttpServer - Server stopped (0 millis).
16:44:47.135 [Test worker] DEBUG o.s.w.r.h.SimpleUrlHandlerMapping - Patterns [/close, /echo, /sub-protocol, /cookie, /custom-header] in 'handlerMapping'
16:44:47.135 [Test worker] DEBUG o.s.w.s.a.HttpWebHandlerAdapter - enableLoggingRequestDetails='false': form data and headers will be masked to prevent unsafe logging of potentially sensitive data
16:44:47.136 [Test worker] WARN  o.e.j.s.h.ContextHandler - Empty contextPath
16:44:47.136 [Test worker] INFO  o.e.j.s.h.ContextHandler - Started o.e.j.s.ServletContextHandler@5041d80f{/,null,AVAILABLE}
16:44:47.136 [Test worker] DEBUG o.s.w.t.h.s.r.b.JettyHttpServer - Starting JettyHttpServer...
16:44:47.136 [Test worker] INFO  o.e.j.s.Server - jetty-9.4.39.v20210325; built: 2021-03-25T14:42:11.471Z; git: 9fc7ca5a922f2a37b84ec9dbc26a5168cee7e667; jvm 11.0.9+7-LTS
16:44:47.137 [Test worker] INFO  o.e.j.s.AbstractConnector - Started ServerConnector@65edbc4f{HTTP/1.1, (http/1.1)}{0.0.0.0:64973}
16:44:47.137 [Test worker] INFO  o.e.j.s.Server - Started @775537ms
16:44:47.137 [Test worker] DEBUG o.s.w.t.h.s.r.b.JettyHttpServer - Server started on port 64973(0 millis).
16:44:47.137 [boundedElastic-1] DEBUG o.s.w.r.s.c.StandardWebSocketClient - Connecting to ws://localhost:64973/sub-protocol
16:44:47.144 [qtp34317243-4655] DEBUG o.s.w.s.a.HttpWebHandlerAdapter - [41e5ffa9] HTTP GET "/sub-protocol"
16:44:47.144 [qtp34317243-4655] DEBUG o.s.w.r.h.SimpleUrlHandlerMapping - [41e5ffa9] Mapped to org.springframework.web.reactive.socket.WebSocketIntegrationTests$SubProtocolWebSocketHandler@4f2209e5
16:44:47.146 [qtp34317243-4655] DEBUG o.s.w.s.a.HttpWebHandlerAdapter - [41e5ffa9] Completed 101 SWITCHING_PROTOCOLS
16:44:47.147 [qtp34317243-4655] DEBUG o.s.w.r.s.a.JettyWebSocketSession - [41e5ffa9] Session id "431cd5f1" for http://localhost:64973/sub-protocol
16:44:47.147 [boundedElastic-1] DEBUG o.s.w.r.s.a.TomcatWebSocketSession - [22] Session id "22" for ws://localhost:64973/sub-protocol
16:44:47.149 [Test worker] DEBUG o.s.w.t.h.s.r.b.JettyHttpServer - Stopping JettyHttpServer...
16:44:47.149 [Test worker] INFO  o.e.j.s.h.ContextHandler - Stopped o.e.j.s.ServletContextHandler@5041d80f{/,null,STOPPED}
16:44:47.150 [Test worker] INFO  o.e.j.s.AbstractConnector - Stopped ServerConnector@65edbc4f{HTTP/1.1, (http/1.1)}{0.0.0.0:0}
16:44:47.150 [Test worker] DEBUG o.s.w.t.h.s.r.b.JettyHttpServer - Server stopped (0 millis).
16:44:47.154 [Test worker] DEBUG o.s.w.r.h.SimpleUrlHandlerMapping - Patterns [/close, /echo, /sub-protocol, /cookie, /custom-header] in 'handlerMapping'
16:44:47.155 [Test worker] DEBUG o.s.w.s.a.HttpWebHandlerAdapter - enableLoggingRequestDetails='false': form data and headers will be masked to prevent unsafe logging of potentially sensitive data
16:44:47.155 [Test worker] DEBUG o.s.w.t.h.s.r.b.ReactorHttpServer - Starting ReactorHttpServer...
16:44:47.155 [Test worker] DEBUG o.s.w.t.h.s.r.b.ReactorHttpServer - Server started on port 64975(0 millis).
16:44:47.155 [boundedElastic-1] DEBUG o.s.w.r.s.c.StandardWebSocketClient - Connecting to ws://localhost:64975/sub-protocol
16:44:47.161 [reactor-http-nio-13] DEBUG o.s.w.s.a.HttpWebHandlerAdapter - [2b698231-1, L:/127.0.0.1:64975 - R:/127.0.0.1:64976] HTTP GET "/sub-protocol"
16:44:47.161 [reactor-http-nio-13] DEBUG o.s.w.r.h.SimpleUrlHandlerMapping - [2b698231-1, L:/127.0.0.1:64975 - R:/127.0.0.1:64976] Mapped to org.springframework.web.reactive.socket.WebSocketIntegrationTests$SubProtocolWebSocketHandler@2e3face2
16:44:47.163 [reactor-http-nio-13] DEBUG o.s.w.r.s.a.ReactorNettyWebSocketSession - [2b698231-1, L:/127.0.0.1:64975 - R:/127.0.0.1:64976] Session id "2ef41cb2" for http://localhost:64975/sub-protocol
16:44:47.163 [boundedElastic-1] DEBUG o.s.w.r.s.a.TomcatWebSocketSession - [23] Session id "23" for ws://localhost:64975/sub-protocol
16:44:47.163 [reactor-http-nio-13] DEBUG o.s.w.s.a.HttpWebHandlerAdapter - [2b698231-1, L:/127.0.0.1:64975 - R:/127.0.0.1:64976] Completed 200 OK
16:44:47.165 [Test worker] DEBUG o.s.w.t.h.s.r.b.ReactorHttpServer - Stopping ReactorHttpServer...
16:44:47.165 [Test worker] DEBUG o.s.w.t.h.s.r.b.ReactorHttpServer - Server stopped (0 millis).
16:44:47.168 [Test worker] DEBUG o.s.w.r.h.SimpleUrlHandlerMapping - Patterns [/close, /echo, /sub-protocol, /cookie, /custom-header] in 'handlerMapping'
16:44:47.169 [Test worker] DEBUG o.s.w.s.a.HttpWebHandlerAdapter - enableLoggingRequestDetails='false': form data and headers will be masked to prevent unsafe logging of potentially sensitive data
16:44:47.169 [Test worker] DEBUG o.s.w.t.h.s.r.b.UndertowHttpServer - Starting UndertowHttpServer...
16:44:47.169 [Test worker] INFO  i.undertow - starting server: Undertow - 2.2.7.Final
16:44:47.172 [Test worker] DEBUG o.s.w.t.h.s.r.b.UndertowHttpServer - Server started on port 64977(0 millis).
16:44:47.172 [boundedElastic-1] DEBUG o.s.w.r.s.c.StandardWebSocketClient - Connecting to ws://localhost:64977/sub-protocol
16:44:47.178 [XNIO-72 I/O-11] DEBUG o.s.w.s.a.HttpWebHandlerAdapter - [3126f30d-68] HTTP GET "/sub-protocol"
16:44:47.178 [XNIO-72 I/O-11] DEBUG o.s.w.r.h.SimpleUrlHandlerMapping - [3126f30d-68] Mapped to org.springframework.web.reactive.socket.WebSocketIntegrationTests$SubProtocolWebSocketHandler@3fe10b59
16:44:47.179 [XNIO-72 I/O-11] DEBUG o.s.w.r.s.a.UndertowWebSocketSession - [3126f30d-68] Session id "4a170240" for http://localhost:64977/sub-protocol
16:44:47.179 [boundedElastic-1] DEBUG o.s.w.r.s.a.TomcatWebSocketSession - [24] Session id "24" for ws://localhost:64977/sub-protocol
16:44:47.179 [XNIO-72 I/O-11] DEBUG o.s.w.s.a.HttpWebHandlerAdapter - [3126f30d-68] Completed 101 SWITCHING_PROTOCOLS
16:44:47.181 [Test worker] DEBUG o.s.w.t.h.s.r.b.UndertowHttpServer - Stopping UndertowHttpServer...
16:44:47.181 [Test worker] INFO  i.undertow - stopping server: Undertow - 2.2.7.Final
16:44:47.181 [Test worker] DEBUG o.s.w.t.h.s.r.b.UndertowHttpServer - Server stopped (0 millis).
16:44:47.184 [Test worker] DEBUG o.s.w.r.h.SimpleUrlHandlerMapping - Patterns [/close, /echo, /sub-protocol, /cookie, /custom-header] in 'handlerMapping'
16:44:47.185 [Test worker] DEBUG o.s.w.s.a.HttpWebHandlerAdapter - enableLoggingRequestDetails='false': form data and headers will be masked to prevent unsafe logging of potentially sensitive data
16:44:47.185 [Test worker] DEBUG o.s.w.t.h.s.r.b.TomcatHttpServer - Starting TomcatHttpServer...
16:44:47.190 [Test worker] DEBUG o.s.w.t.h.s.r.b.TomcatHttpServer - Server started on port 64979(0 millis).
16:44:47.191 [Test worker] DEBUG o.s.w.r.s.c.JettyWebSocketClient - Connecting to ws://localhost:64979/sub-protocol
16:44:47.200 [http-nio-auto-68-exec-1] DEBUG o.s.w.s.a.HttpWebHandlerAdapter - [56e98ebf] HTTP GET "/sub-protocol"
16:44:47.200 [http-nio-auto-68-exec-1] DEBUG o.s.w.r.h.SimpleUrlHandlerMapping - [56e98ebf] Mapped to org.springframework.web.reactive.socket.WebSocketIntegrationTests$SubProtocolWebSocketHandler@582e7a12
16:44:47.201 [http-nio-auto-68-exec-1] DEBUG o.s.w.s.a.HttpWebHandlerAdapter - [56e98ebf] Completed 101 SWITCHING_PROTOCOLS
16:44:47.202 [http-nio-auto-68-exec-1] DEBUG o.s.w.r.s.a.TomcatWebSocketSession - [56e98ebf] Session id "25" for http://localhost:64979/sub-protocol
16:44:47.204 [WebSocketClient@1414638463-4702] DEBUG o.s.w.r.s.a.JettyWebSocketSession - [155c74c6] Session id "155c74c6" for ws://localhost:64979/sub-protocol
16:44:47.206 [Test worker] DEBUG o.s.w.t.h.s.r.b.TomcatHttpServer - Stopping TomcatHttpServer...
16:44:58.362 [Test worker] DEBUG o.s.w.t.h.s.r.b.TomcatHttpServer - Server stopped (0 millis).
16:44:58.365 [Test worker] DEBUG o.s.w.r.h.SimpleUrlHandlerMapping - Patterns [/close, /echo, /sub-protocol, /cookie, /custom-header] in 'handlerMapping'
16:44:58.366 [Test worker] DEBUG o.s.w.s.a.HttpWebHandlerAdapter - enableLoggingRequestDetails='false': form data and headers will be masked to prevent unsafe logging of potentially sensitive data
16:44:58.366 [Test worker] WARN  o.e.j.s.h.ContextHandler - Empty contextPath
16:44:58.367 [Test worker] INFO  o.e.j.s.h.ContextHandler - Started o.e.j.s.ServletContextHandler@4f44ef22{/,null,AVAILABLE}
16:44:58.367 [Test worker] DEBUG o.s.w.t.h.s.r.b.JettyHttpServer - Starting JettyHttpServer...
16:44:58.367 [Test worker] INFO  o.e.j.s.Server - jetty-9.4.39.v20210325; built: 2021-03-25T14:42:11.471Z; git: 9fc7ca5a922f2a37b84ec9dbc26a5168cee7e667; jvm 11.0.9+7-LTS
16:44:58.368 [Test worker] INFO  o.e.j.s.AbstractConnector - Started ServerConnector@41f5308a{HTTP/1.1, (http/1.1)}{0.0.0.0:64991}
16:44:58.368 [Test worker] INFO  o.e.j.s.Server - Started @786767ms
16:44:58.368 [Test worker] DEBUG o.s.w.t.h.s.r.b.JettyHttpServer - Server started on port 64991(0 millis).
16:44:58.370 [Test worker] DEBUG o.s.w.r.s.c.JettyWebSocketClient - Connecting to ws://localhost:64991/sub-protocol
16:44:58.375 [qtp1839042855-4727] DEBUG o.s.w.s.a.HttpWebHandlerAdapter - [4f6a7ef9] HTTP GET "/sub-protocol"
16:44:58.376 [qtp1839042855-4727] DEBUG o.s.w.r.h.SimpleUrlHandlerMapping - [4f6a7ef9] Mapped to org.springframework.web.reactive.socket.WebSocketIntegrationTests$SubProtocolWebSocketHandler@41ad8964
16:44:58.377 [qtp1839042855-4727] DEBUG o.s.w.s.a.HttpWebHandlerAdapter - [4f6a7ef9] Completed 101 SWITCHING_PROTOCOLS
16:44:58.377 [qtp1839042855-4727] DEBUG o.s.w.r.s.a.JettyWebSocketSession - [4f6a7ef9] Session id "717f09ad" for http://localhost:64991/sub-protocol
16:44:58.378 [WebSocketClient@1414638463-4728] DEBUG o.s.w.r.s.a.JettyWebSocketSession - [76964b79] Session id "76964b79" for ws://localhost:64991/sub-protocol
16:44:58.379 [Test worker] DEBUG o.s.w.t.h.s.r.b.JettyHttpServer - Stopping JettyHttpServer...
16:44:58.379 [Test worker] INFO  o.e.j.s.h.ContextHandler - Stopped o.e.j.s.ServletContextHandler@4f44ef22{/,null,STOPPED}
16:44:58.380 [Test worker] INFO  o.e.j.s.AbstractConnector - Stopped ServerConnector@41f5308a{HTTP/1.1, (http/1.1)}{0.0.0.0:0}
16:44:58.380 [Test worker] DEBUG o.s.w.t.h.s.r.b.JettyHttpServer - Server stopped (0 millis).
16:44:58.383 [Test worker] DEBUG o.s.w.r.h.SimpleUrlHandlerMapping - Patterns [/close, /echo, /sub-protocol, /cookie, /custom-header] in 'handlerMapping'
16:44:58.384 [Test worker] DEBUG o.s.w.s.a.HttpWebHandlerAdapter - enableLoggingRequestDetails='false': form data and headers will be masked to prevent unsafe logging of potentially sensitive data
16:44:58.384 [Test worker] DEBUG o.s.w.t.h.s.r.b.ReactorHttpServer - Starting ReactorHttpServer...
16:44:58.384 [Test worker] DEBUG o.s.w.t.h.s.r.b.ReactorHttpServer - Server started on port 64993(0 millis).
16:44:58.386 [Test worker] DEBUG o.s.w.r.s.c.JettyWebSocketClient - Connecting to ws://localhost:64993/sub-protocol
16:44:58.392 [reactor-http-nio-15] DEBUG o.s.w.s.a.HttpWebHandlerAdapter - [8be4d29c-1, L:/127.0.0.1:64993 - R:/127.0.0.1:64994] HTTP GET "/sub-protocol"
16:44:58.392 [reactor-http-nio-15] DEBUG o.s.w.r.h.SimpleUrlHandlerMapping - [8be4d29c-1, L:/127.0.0.1:64993 - R:/127.0.0.1:64994] Mapped to org.springframework.web.reactive.socket.WebSocketIntegrationTests$SubProtocolWebSocketHandler@642b12e
16:44:58.393 [reactor-http-nio-15] DEBUG o.s.w.r.s.a.ReactorNettyWebSocketSession - [8be4d29c-1, L:/127.0.0.1:64993 - R:/127.0.0.1:64994] Session id "60b76d3" for http://localhost:64993/sub-protocol
16:44:58.393 [reactor-http-nio-15] DEBUG o.s.w.s.a.HttpWebHandlerAdapter - [8be4d29c-1, L:/127.0.0.1:64993 - R:/127.0.0.1:64994] Completed 200 OK
16:44:58.394 [WebSocketClient@1414638463-4741] DEBUG o.s.w.r.s.a.JettyWebSocketSession - [76624603] Session id "76624603" for ws://localhost:64993/sub-protocol
16:44:58.395 [Test worker] DEBUG o.s.w.t.h.s.r.b.ReactorHttpServer - Stopping ReactorHttpServer...
16:44:58.395 [Test worker] DEBUG o.s.w.t.h.s.r.b.ReactorHttpServer - Server stopped (0 millis).
16:44:58.398 [Test worker] DEBUG o.s.w.r.h.SimpleUrlHandlerMapping - Patterns [/close, /echo, /sub-protocol, /cookie, /custom-header] in 'handlerMapping'
16:44:58.399 [Test worker] DEBUG o.s.w.s.a.HttpWebHandlerAdapter - enableLoggingRequestDetails='false': form data and headers will be masked to prevent unsafe logging of potentially sensitive data
16:44:58.399 [Test worker] DEBUG o.s.w.t.h.s.r.b.UndertowHttpServer - Starting UndertowHttpServer...
16:44:58.399 [Test worker] INFO  i.undertow - starting server: Undertow - 2.2.7.Final
16:44:58.402 [Test worker] DEBUG o.s.w.t.h.s.r.b.UndertowHttpServer - Server started on port 64995(0 millis).
16:44:58.404 [Test worker] DEBUG o.s.w.r.s.c.JettyWebSocketClient - Connecting to ws://localhost:64995/sub-protocol
16:44:58.409 [XNIO-73 I/O-8] DEBUG o.s.w.s.a.HttpWebHandlerAdapter - [d56c8fa-69] HTTP GET "/sub-protocol"
16:44:58.409 [XNIO-73 I/O-8] DEBUG o.s.w.r.h.SimpleUrlHandlerMapping - [d56c8fa-69] Mapped to org.springframework.web.reactive.socket.WebSocketIntegrationTests$SubProtocolWebSocketHandler@3912720
16:44:58.410 [XNIO-73 I/O-8] DEBUG o.s.w.r.s.a.UndertowWebSocketSession - [d56c8fa-69] Session id "45f5bb1c" for http://localhost:64995/sub-protocol
16:44:58.410 [XNIO-73 I/O-8] DEBUG o.s.w.s.a.HttpWebHandlerAdapter - [d56c8fa-69] Completed 101 SWITCHING_PROTOCOLS
16:44:58.411 [WebSocketClient@1414638463-4770] DEBUG o.s.w.r.s.a.JettyWebSocketSession - [2582a099] Session id "2582a099" for ws://localhost:64995/sub-protocol
16:44:58.412 [Test worker] DEBUG o.s.w.t.h.s.r.b.UndertowHttpServer - Stopping UndertowHttpServer...
16:44:58.412 [Test worker] INFO  i.undertow - stopping server: Undertow - 2.2.7.Final
16:44:58.412 [Test worker] DEBUG o.s.w.t.h.s.r.b.UndertowHttpServer - Server stopped (0 millis).
16:44:58.415 [Test worker] DEBUG o.s.w.r.h.SimpleUrlHandlerMapping - Patterns [/close, /echo, /sub-protocol, /cookie, /custom-header] in 'handlerMapping'
16:44:58.416 [Test worker] DEBUG o.s.w.s.a.HttpWebHandlerAdapter - enableLoggingRequestDetails='false': form data and headers will be masked to prevent unsafe logging of potentially sensitive data
16:44:58.416 [Test worker] DEBUG o.s.w.t.h.s.r.b.TomcatHttpServer - Starting TomcatHttpServer...
16:44:58.421 [Test worker] DEBUG o.s.w.t.h.s.r.b.TomcatHttpServer - Server started on port 64997(0 millis).
16:44:58.421 [Test worker] DEBUG o.s.w.r.s.c.ReactorNettyWebSocketClient - Connecting to ws://localhost:64997/sub-protocol
16:44:58.431 [http-nio-auto-69-exec-1] DEBUG o.s.w.s.a.HttpWebHandlerAdapter - [761b354d] HTTP GET "/sub-protocol"
16:44:58.431 [http-nio-auto-69-exec-1] DEBUG o.s.w.r.h.SimpleUrlHandlerMapping - [761b354d] Mapped to org.springframework.web.reactive.socket.WebSocketIntegrationTests$SubProtocolWebSocketHandler@78dcd5fe
16:44:58.432 [http-nio-auto-69-exec-1] DEBUG o.s.w.s.a.HttpWebHandlerAdapter - [761b354d] Completed 101 SWITCHING_PROTOCOLS
16:44:58.433 [http-nio-auto-69-exec-1] DEBUG o.s.w.r.s.a.TomcatWebSocketSession - [761b354d] Session id "26" for http://localhost:64997/sub-protocol
16:44:58.433 [reactor-http-nio-16] DEBUG o.s.w.r.s.a.ReactorNettyWebSocketSession - [47478b32] Session id "47478b32" for ws://localhost:64997/sub-protocol
16:44:58.434 [reactor-http-nio-16] DEBUG o.s.w.r.s.c.ReactorNettyWebSocketClient - Started session '47478b32' for ws://localhost:64997/sub-protocol
16:44:58.438 [Test worker] DEBUG o.s.w.t.h.s.r.b.TomcatHttpServer - Stopping TomcatHttpServer...
16:45:09.594 [Test worker] DEBUG o.s.w.t.h.s.r.b.TomcatHttpServer - Server stopped (0 millis).
16:45:09.597 [Test worker] DEBUG o.s.w.r.h.SimpleUrlHandlerMapping - Patterns [/close, /echo, /sub-protocol, /cookie, /custom-header] in 'handlerMapping'
16:45:09.598 [Test worker] DEBUG o.s.w.s.a.HttpWebHandlerAdapter - enableLoggingRequestDetails='false': form data and headers will be masked to prevent unsafe logging of potentially sensitive data
16:45:09.598 [Test worker] WARN  o.e.j.s.h.ContextHandler - Empty contextPath
16:45:09.598 [Test worker] INFO  o.e.j.s.h.ContextHandler - Started o.e.j.s.ServletContextHandler@624bbe43{/,null,AVAILABLE}
16:45:09.598 [Test worker] DEBUG o.s.w.t.h.s.r.b.JettyHttpServer - Starting JettyHttpServer...
16:45:09.598 [Test worker] INFO  o.e.j.s.Server - jetty-9.4.39.v20210325; built: 2021-03-25T14:42:11.471Z; git: 9fc7ca5a922f2a37b84ec9dbc26a5168cee7e667; jvm 11.0.9+7-LTS
16:45:09.599 [Test worker] INFO  o.e.j.s.AbstractConnector - Started ServerConnector@40561c9d{HTTP/1.1, (http/1.1)}{0.0.0.0:65009}
16:45:09.600 [Test worker] INFO  o.e.j.s.Server - Started @797998ms
16:45:09.600 [Test worker] DEBUG o.s.w.t.h.s.r.b.JettyHttpServer - Server started on port 65009(0 millis).
16:45:09.600 [Test worker] DEBUG o.s.w.r.s.c.ReactorNettyWebSocketClient - Connecting to ws://localhost:65009/sub-protocol
16:45:09.606 [qtp419912812-4800] DEBUG o.s.w.s.a.HttpWebHandlerAdapter - [30f0d971] HTTP GET "/sub-protocol"
16:45:09.606 [qtp419912812-4800] DEBUG o.s.w.r.h.SimpleUrlHandlerMapping - [30f0d971] Mapped to org.springframework.web.reactive.socket.WebSocketIntegrationTests$SubProtocolWebSocketHandler@3e37311f
16:45:09.607 [qtp419912812-4800] DEBUG o.s.w.s.a.HttpWebHandlerAdapter - [30f0d971] Completed 101 SWITCHING_PROTOCOLS
16:45:09.607 [qtp419912812-4800] DEBUG o.s.w.r.s.a.JettyWebSocketSession - [30f0d971] Session id "6ca6511c" for http://localhost:65009/sub-protocol
16:45:09.607 [reactor-http-nio-1] DEBUG o.s.w.r.s.a.ReactorNettyWebSocketSession - [1b1e38f6] Session id "1b1e38f6" for ws://localhost:65009/sub-protocol
16:45:09.607 [reactor-http-nio-1] DEBUG o.s.w.r.s.c.ReactorNettyWebSocketClient - Started session '1b1e38f6' for ws://localhost:65009/sub-protocol
16:45:09.608 [Test worker] DEBUG o.s.w.t.h.s.r.b.JettyHttpServer - Stopping JettyHttpServer...
16:45:09.608 [Test worker] INFO  o.e.j.s.h.ContextHandler - Stopped o.e.j.s.ServletContextHandler@624bbe43{/,null,STOPPED}
16:45:09.609 [Test worker] INFO  o.e.j.s.AbstractConnector - Stopped ServerConnector@40561c9d{HTTP/1.1, (http/1.1)}{0.0.0.0:0}
16:45:09.609 [Test worker] DEBUG o.s.w.t.h.s.r.b.JettyHttpServer - Server stopped (0 millis).
16:45:09.613 [Test worker] DEBUG o.s.w.r.h.SimpleUrlHandlerMapping - Patterns [/close, /echo, /sub-protocol, /cookie, /custom-header] in 'handlerMapping'
16:45:09.613 [Test worker] DEBUG o.s.w.s.a.HttpWebHandlerAdapter - enableLoggingRequestDetails='false': form data and headers will be masked to prevent unsafe logging of potentially sensitive data
16:45:09.613 [Test worker] DEBUG o.s.w.t.h.s.r.b.ReactorHttpServer - Starting ReactorHttpServer...
16:45:09.614 [Test worker] DEBUG o.s.w.t.h.s.r.b.ReactorHttpServer - Server started on port 65011(0 millis).
16:45:09.614 [Test worker] DEBUG o.s.w.r.s.c.ReactorNettyWebSocketClient - Connecting to ws://localhost:65011/sub-protocol
16:45:09.621 [reactor-http-nio-4] DEBUG o.s.w.s.a.HttpWebHandlerAdapter - [af47c965-1, L:/127.0.0.1:65011 - R:/127.0.0.1:65012] HTTP GET "/sub-protocol"
16:45:09.621 [reactor-http-nio-4] DEBUG o.s.w.r.h.SimpleUrlHandlerMapping - [af47c965-1, L:/127.0.0.1:65011 - R:/127.0.0.1:65012] Mapped to org.springframework.web.reactive.socket.WebSocketIntegrationTests$SubProtocolWebSocketHandler@2db468e6
16:45:09.622 [reactor-http-nio-4] DEBUG o.s.w.r.s.a.ReactorNettyWebSocketSession - [af47c965-1, L:/127.0.0.1:65011 - R:/127.0.0.1:65012] Session id "18cf4686" for http://localhost:65011/sub-protocol
16:45:09.622 [reactor-http-nio-4] DEBUG o.s.w.s.a.HttpWebHandlerAdapter - [af47c965-1, L:/127.0.0.1:65011 - R:/127.0.0.1:65012] Completed 200 OK
16:45:09.622 [reactor-http-nio-3] DEBUG o.s.w.r.s.a.ReactorNettyWebSocketSession - [50b31fb4] Session id "50b31fb4" for ws://localhost:65011/sub-protocol
16:45:09.622 [reactor-http-nio-3] DEBUG o.s.w.r.s.c.ReactorNettyWebSocketClient - Started session '50b31fb4' for ws://localhost:65011/sub-protocol
16:45:09.623 [Test worker] DEBUG o.s.w.t.h.s.r.b.ReactorHttpServer - Stopping ReactorHttpServer...
16:45:09.623 [Test worker] DEBUG o.s.w.t.h.s.r.b.ReactorHttpServer - Server stopped (0 millis).
16:45:09.626 [Test worker] DEBUG o.s.w.r.h.SimpleUrlHandlerMapping - Patterns [/close, /echo, /sub-protocol, /cookie, /custom-header] in 'handlerMapping'
16:45:09.627 [Test worker] DEBUG o.s.w.s.a.HttpWebHandlerAdapter - enableLoggingRequestDetails='false': form data and headers will be masked to prevent unsafe logging of potentially sensitive data
16:45:09.627 [Test worker] DEBUG o.s.w.t.h.s.r.b.UndertowHttpServer - Starting UndertowHttpServer...
16:45:09.627 [Test worker] INFO  i.undertow - starting server: Undertow - 2.2.7.Final
16:45:09.630 [Test worker] DEBUG o.s.w.t.h.s.r.b.UndertowHttpServer - Server started on port 65013(0 millis).
16:45:09.630 [Test worker] DEBUG o.s.w.r.s.c.ReactorNettyWebSocketClient - Connecting to ws://localhost:65013/sub-protocol
16:45:09.637 [XNIO-74 I/O-4] DEBUG o.s.w.s.a.HttpWebHandlerAdapter - [4733a496-70] HTTP GET "/sub-protocol"
16:45:09.637 [XNIO-74 I/O-4] DEBUG o.s.w.r.h.SimpleUrlHandlerMapping - [4733a496-70] Mapped to org.springframework.web.reactive.socket.WebSocketIntegrationTests$SubProtocolWebSocketHandler@49f45200
16:45:09.637 [XNIO-74 I/O-4] DEBUG o.s.w.r.s.a.UndertowWebSocketSession - [4733a496-70] Session id "49c64c8d" for http://localhost:65013/sub-protocol
16:45:09.637 [XNIO-74 I/O-4] DEBUG o.s.w.s.a.HttpWebHandlerAdapter - [4733a496-70] Completed 101 SWITCHING_PROTOCOLS
16:45:09.637 [reactor-http-nio-5] DEBUG o.s.w.r.s.a.ReactorNettyWebSocketSession - [2aa035e6] Session id "2aa035e6" for ws://localhost:65013/sub-protocol
16:45:09.637 [reactor-http-nio-5] DEBUG o.s.w.r.s.c.ReactorNettyWebSocketClient - Started session '2aa035e6' for ws://localhost:65013/sub-protocol
16:45:09.638 [Test worker] DEBUG o.s.w.t.h.s.r.b.UndertowHttpServer - Stopping UndertowHttpServer...
16:45:09.638 [Test worker] INFO  i.undertow - stopping server: Undertow - 2.2.7.Final
16:45:09.639 [Test worker] DEBUG o.s.w.t.h.s.r.b.UndertowHttpServer - Server stopped (0 millis).
16:45:09.642 [Test worker] DEBUG o.s.w.r.h.SimpleUrlHandlerMapping - Patterns [/close, /echo, /sub-protocol, /cookie, /custom-header] in 'handlerMapping'
16:45:09.643 [Test worker] DEBUG o.s.w.s.a.HttpWebHandlerAdapter - enableLoggingRequestDetails='false': form data and headers will be masked to prevent unsafe logging of potentially sensitive data
16:45:09.643 [Test worker] DEBUG o.s.w.t.h.s.r.b.TomcatHttpServer - Starting TomcatHttpServer...
16:45:09.648 [Test worker] DEBUG o.s.w.t.h.s.r.b.TomcatHttpServer - Server started on port 65015(0 millis).
16:45:09.648 [Test worker] DEBUG o.s.w.r.s.c.UndertowWebSocketClient - Connecting to ws://localhost:65015/sub-protocol
16:45:09.656 [http-nio-auto-70-exec-1] DEBUG o.s.w.s.a.HttpWebHandlerAdapter - [6507fe8c] HTTP GET "/sub-protocol"
16:45:09.656 [http-nio-auto-70-exec-1] DEBUG o.s.w.r.h.SimpleUrlHandlerMapping - [6507fe8c] Mapped to org.springframework.web.reactive.socket.WebSocketIntegrationTests$SubProtocolWebSocketHandler@6bc01c5c
16:45:09.657 [http-nio-auto-70-exec-1] DEBUG o.s.w.s.a.HttpWebHandlerAdapter - [6507fe8c] Completed 101 SWITCHING_PROTOCOLS
16:45:09.667 [XNIO-71 I/O-1] DEBUG o.s.w.r.s.a.UndertowWebSocketSession - [6409f3c9] Session id "6409f3c9" for ws://localhost:65015/sub-protocol
16:45:09.667 [http-nio-auto-70-exec-1] DEBUG o.s.w.r.s.a.TomcatWebSocketSession - [6507fe8c] Session id "27" for http://localhost:65015/sub-protocol
16:45:09.675 [Test worker] DEBUG o.s.w.t.h.s.r.b.TomcatHttpServer - Stopping TomcatHttpServer...
16:45:20.847 [Test worker] DEBUG o.s.w.t.h.s.r.b.TomcatHttpServer - Server stopped (0 millis).
16:45:20.851 [Test worker] DEBUG o.s.w.r.h.SimpleUrlHandlerMapping - Patterns [/close, /echo, /sub-protocol, /cookie, /custom-header] in 'handlerMapping'
16:45:20.851 [Test worker] DEBUG o.s.w.s.a.HttpWebHandlerAdapter - enableLoggingRequestDetails='false': form data and headers will be masked to prevent unsafe logging of potentially sensitive data
16:45:20.852 [Test worker] WARN  o.e.j.s.h.ContextHandler - Empty contextPath
16:45:20.852 [Test worker] INFO  o.e.j.s.h.ContextHandler - Started o.e.j.s.ServletContextHandler@1627267e{/,null,AVAILABLE}
16:45:20.852 [Test worker] DEBUG o.s.w.t.h.s.r.b.JettyHttpServer - Starting JettyHttpServer...
16:45:20.852 [Test worker] INFO  o.e.j.s.Server - jetty-9.4.39.v20210325; built: 2021-03-25T14:42:11.471Z; git: 9fc7ca5a922f2a37b84ec9dbc26a5168cee7e667; jvm 11.0.9+7-LTS
16:45:20.853 [Test worker] INFO  o.e.j.s.AbstractConnector - Started ServerConnector@70eaa534{HTTP/1.1, (http/1.1)}{0.0.0.0:65025}
16:45:20.853 [Test worker] INFO  o.e.j.s.Server - Started @809252ms
16:45:20.853 [Test worker] DEBUG o.s.w.t.h.s.r.b.JettyHttpServer - Server started on port 65025(0 millis).
16:45:20.853 [Test worker] DEBUG o.s.w.r.s.c.UndertowWebSocketClient - Connecting to ws://localhost:65025/sub-protocol
16:45:20.859 [qtp1356249652-4847] DEBUG o.s.w.s.a.HttpWebHandlerAdapter - [198e9cea] HTTP GET "/sub-protocol"
16:45:20.859 [qtp1356249652-4847] DEBUG o.s.w.r.h.SimpleUrlHandlerMapping - [198e9cea] Mapped to org.springframework.web.reactive.socket.WebSocketIntegrationTests$SubProtocolWebSocketHandler@174971ab
16:45:20.860 [qtp1356249652-4847] DEBUG o.s.w.s.a.HttpWebHandlerAdapter - [198e9cea] Completed 101 SWITCHING_PROTOCOLS
16:45:20.860 [qtp1356249652-4847] DEBUG o.s.w.r.s.a.JettyWebSocketSession - [198e9cea] Session id "b35d578" for http://localhost:65025/sub-protocol
16:45:20.861 [XNIO-71 I/O-1] DEBUG o.s.w.r.s.a.UndertowWebSocketSession - [6ace0138] Session id "6ace0138" for ws://localhost:65025/sub-protocol
16:45:20.861 [Test worker] DEBUG o.s.w.t.h.s.r.b.JettyHttpServer - Stopping JettyHttpServer...
16:45:20.861 [Test worker] INFO  o.e.j.s.h.ContextHandler - Stopped o.e.j.s.ServletContextHandler@1627267e{/,null,STOPPED}
16:45:20.862 [Test worker] INFO  o.e.j.s.AbstractConnector - Stopped ServerConnector@70eaa534{HTTP/1.1, (http/1.1)}{0.0.0.0:0}
16:45:20.862 [Test worker] DEBUG o.s.w.t.h.s.r.b.JettyHttpServer - Server stopped (0 millis).
16:45:20.865 [Test worker] DEBUG o.s.w.r.h.SimpleUrlHandlerMapping - Patterns [/close, /echo, /sub-protocol, /cookie, /custom-header] in 'handlerMapping'
16:45:20.866 [Test worker] DEBUG o.s.w.s.a.HttpWebHandlerAdapter - enableLoggingRequestDetails='false': form data and headers will be masked to prevent unsafe logging of potentially sensitive data
16:45:20.866 [Test worker] DEBUG o.s.w.t.h.s.r.b.ReactorHttpServer - Starting ReactorHttpServer...
16:45:20.867 [Test worker] DEBUG o.s.w.t.h.s.r.b.ReactorHttpServer - Server started on port 65027(0 millis).
16:45:20.867 [Test worker] DEBUG o.s.w.r.s.c.UndertowWebSocketClient - Connecting to ws://localhost:65027/sub-protocol
16:45:20.872 [reactor-http-nio-7] DEBUG o.s.w.s.a.HttpWebHandlerAdapter - [7cb050e0-1, L:/127.0.0.1:65027 - R:/127.0.0.1:65028] HTTP GET "/sub-protocol"
16:45:20.873 [reactor-http-nio-7] DEBUG o.s.w.r.h.SimpleUrlHandlerMapping - [7cb050e0-1, L:/127.0.0.1:65027 - R:/127.0.0.1:65028] Mapped to org.springframework.web.reactive.socket.WebSocketIntegrationTests$SubProtocolWebSocketHandler@38c817e2
16:45:20.873 [reactor-http-nio-7] DEBUG o.s.w.r.s.a.ReactorNettyWebSocketSession - [7cb050e0-1, L:/127.0.0.1:65027 - R:/127.0.0.1:65028] Session id "53fddf8c" for http://localhost:65027/sub-protocol
16:45:20.874 [XNIO-71 I/O-1] DEBUG o.s.w.r.s.a.UndertowWebSocketSession - [6ef198b9] Session id "6ef198b9" for ws://localhost:65027/sub-protocol
16:45:20.874 [reactor-http-nio-7] DEBUG o.s.w.s.a.HttpWebHandlerAdapter - [7cb050e0-1, L:/127.0.0.1:65027 - R:/127.0.0.1:65028] Completed 200 OK
16:45:20.874 [Test worker] DEBUG o.s.w.t.h.s.r.b.ReactorHttpServer - Stopping ReactorHttpServer...
16:45:20.874 [Test worker] DEBUG o.s.w.t.h.s.r.b.ReactorHttpServer - Server stopped (0 millis).
16:45:20.878 [Test worker] DEBUG o.s.w.r.h.SimpleUrlHandlerMapping - Patterns [/close, /echo, /sub-protocol, /cookie, /custom-header] in 'handlerMapping'
16:45:20.878 [Test worker] DEBUG o.s.w.s.a.HttpWebHandlerAdapter - enableLoggingRequestDetails='false': form data and headers will be masked to prevent unsafe logging of potentially sensitive data
16:45:20.878 [Test worker] DEBUG o.s.w.t.h.s.r.b.UndertowHttpServer - Starting UndertowHttpServer...
16:45:20.878 [Test worker] INFO  i.undertow - starting server: Undertow - 2.2.7.Final
16:45:20.882 [Test worker] DEBUG o.s.w.t.h.s.r.b.UndertowHttpServer - Server started on port 65029(0 millis).
16:45:20.882 [Test worker] DEBUG o.s.w.r.s.c.UndertowWebSocketClient - Connecting to ws://localhost:65029/sub-protocol
16:45:20.887 [XNIO-75 I/O-3] DEBUG o.s.w.s.a.HttpWebHandlerAdapter - [7b4b6374-71] HTTP GET "/sub-protocol"
16:45:20.888 [XNIO-75 I/O-3] DEBUG o.s.w.r.h.SimpleUrlHandlerMapping - [7b4b6374-71] Mapped to org.springframework.web.reactive.socket.WebSocketIntegrationTests$SubProtocolWebSocketHandler@758c826d
16:45:20.888 [XNIO-75 I/O-3] DEBUG o.s.w.r.s.a.UndertowWebSocketSession - [7b4b6374-71] Session id "364acd8f" for http://localhost:65029/sub-protocol
16:45:20.888 [XNIO-71 I/O-1] DEBUG o.s.w.r.s.a.UndertowWebSocketSession - [2bf30b03] Session id "2bf30b03" for ws://localhost:65029/sub-protocol
16:45:20.888 [XNIO-75 I/O-3] DEBUG o.s.w.s.a.HttpWebHandlerAdapter - [7b4b6374-71] Completed 101 SWITCHING_PROTOCOLS
16:45:20.888 [Test worker] DEBUG o.s.w.t.h.s.r.b.UndertowHttpServer - Stopping UndertowHttpServer...
16:45:20.888 [Test worker] INFO  i.undertow - stopping server: Undertow - 2.2.7.Final
16:45:20.889 [Test worker] DEBUG o.s.w.t.h.s.r.b.UndertowHttpServer - Server stopped (0 millis).
]]></system-out>
  <system-err><![CDATA[]]></system-err>
</testsuite>
