<?xml version="1.0" encoding="UTF-8"?>
<testsuite name="org.springframework.web.reactive.config.ResourceHandlerRegistryTests" tests="11" skipped="0" failures="0" errors="0" timestamp="2021-04-26T08:37:45" hostname="wangweilideMacBook-Pro.local" time="0.903">
  <properties/>
  <testcase name="resourceChainWithVersionResolver()" classname="org.springframework.web.reactive.config.ResourceHandlerRegistryTests" time="0.427"/>
  <testcase name="cacheControl()" classname="org.springframework.web.reactive.config.ResourceHandlerRegistryTests" time="0.0"/>
  <testcase name="hasMappingForPattern()" classname="org.springframework.web.reactive.config.ResourceHandlerRegistryTests" time="0.0"/>
  <testcase name="noResourceHandlers()" classname="org.springframework.web.reactive.config.ResourceHandlerRegistryTests" time="0.0"/>
  <testcase name="mapPathToLocation()" classname="org.springframework.web.reactive.config.ResourceHandlerRegistryTests" time="0.045"/>
  <testcase name="resourceChainWithOverrides()" classname="org.springframework.web.reactive.config.ResourceHandlerRegistryTests" time="0.103"/>
  <testcase name="order()" classname="org.springframework.web.reactive.config.ResourceHandlerRegistryTests" time="0.0"/>
  <testcase name="ignoreLastModified()" classname="org.springframework.web.reactive.config.ResourceHandlerRegistryTests" time="0.0"/>
  <testcase name="resourceChainWithoutCaching()" classname="org.springframework.web.reactive.config.ResourceHandlerRegistryTests" time="0.122"/>
  <testcase name="resourceChain()" classname="org.springframework.web.reactive.config.ResourceHandlerRegistryTests" time="0.202"/>
  <testcase name="mediaTypes()" classname="org.springframework.web.reactive.config.ResourceHandlerRegistryTests" time="0.001"/>
  <system-out><![CDATA[16:37:45.740 [Test worker] DEBUG o.s.c.c.ResourceEncoder - [1a4640b2] Writing [class path resource [org/springframework/web/reactive/config/testStylesheet.css]]
]]></system-out>
  <system-err><![CDATA[]]></system-err>
</testsuite>
