<?xml version="1.0" encoding="UTF-8"?>
<testsuite name="org.springframework.web.reactive.function.server.RenderingResponseIntegrationTests" tests="8" skipped="0" failures="0" errors="0" timestamp="2021-05-01T09:56:23" hostname="wangweilideMBP.lan" time="22.568">
  <properties/>
  <testcase name="[1] org.springframework.web.testfixture.http.server.reactive.bootstrap.JettyHttpServer@197d334c" classname="org.springframework.web.reactive.function.server.RenderingResponseIntegrationTests" time="0.023"/>
  <testcase name="[2] org.springframework.web.testfixture.http.server.reactive.bootstrap.ReactorHttpServer@48f80685" classname="org.springframework.web.reactive.function.server.RenderingResponseIntegrationTests" time="0.013"/>
  <testcase name="[3] org.springframework.web.testfixture.http.server.reactive.bootstrap.TomcatHttpServer@4f02753a" classname="org.springframework.web.reactive.function.server.RenderingResponseIntegrationTests" time="11.208"/>
  <testcase name="[4] org.springframework.web.testfixture.http.server.reactive.bootstrap.UndertowHttpServer@42b09cf" classname="org.springframework.web.reactive.function.server.RenderingResponseIntegrationTests" time="0.018"/>
  <testcase name="[1] org.springframework.web.testfixture.http.server.reactive.bootstrap.JettyHttpServer@74dc39f" classname="org.springframework.web.reactive.function.server.RenderingResponseIntegrationTests" time="0.015"/>
  <testcase name="[2] org.springframework.web.testfixture.http.server.reactive.bootstrap.ReactorHttpServer@235b45d4" classname="org.springframework.web.reactive.function.server.RenderingResponseIntegrationTests" time="0.014"/>
  <testcase name="[3] org.springframework.web.testfixture.http.server.reactive.bootstrap.TomcatHttpServer@606674a" classname="org.springframework.web.reactive.function.server.RenderingResponseIntegrationTests" time="11.215"/>
  <testcase name="[4] org.springframework.web.testfixture.http.server.reactive.bootstrap.UndertowHttpServer@72641249" classname="org.springframework.web.reactive.function.server.RenderingResponseIntegrationTests" time="0.019"/>
  <system-out><![CDATA[17:56:23.314 [Test worker] DEBUG o.s.w.s.a.HttpWebHandlerAdapter - enableLoggingRequestDetails='false': form data and headers will be masked to prevent unsafe logging of potentially sensitive data
17:56:23.314 [Test worker] WARN  o.e.j.s.h.ContextHandler - Empty contextPath
17:56:23.314 [Test worker] INFO  o.e.j.s.h.ContextHandler - Started o.e.j.s.ServletContextHandler@551eda7{/,null,AVAILABLE}
17:56:23.314 [Test worker] DEBUG o.s.w.t.h.s.r.b.JettyHttpServer - Starting JettyHttpServer...
17:56:23.314 [Test worker] INFO  o.e.j.s.Server - jetty-9.4.39.v20210325; built: 2021-03-25T14:42:11.471Z; git: 9fc7ca5a922f2a37b84ec9dbc26a5168cee7e667; jvm 1.8.0_181-b13
17:56:23.316 [Test worker] INFO  o.e.j.s.AbstractConnector - Started ServerConnector@59256583{HTTP/1.1, (http/1.1)}{0.0.0.0:54657}
17:56:23.316 [Test worker] INFO  o.e.j.s.Server - Started @550350ms
17:56:23.316 [Test worker] DEBUG o.s.w.t.h.s.r.b.JettyHttpServer - Server started on port 54657(0 millis).
17:56:23.316 [Test worker] DEBUG o.s.w.c.RestTemplate - HTTP GET http://localhost:54657/filter
17:56:23.316 [Test worker] DEBUG o.s.w.c.RestTemplate - Accept=[text/plain, application/json, application/x-jackson-smile, application/*+json, */*]
17:56:23.321 [qtp61756707-2185] DEBUG o.s.w.s.a.HttpWebHandlerAdapter - [7c3840f7] HTTP GET "/filter"
17:56:23.325 [qtp61756707-2185] DEBUG o.s.w.s.a.HttpWebHandlerAdapter - [7c3840f7] Completed 200 OK
17:56:23.325 [Test worker] DEBUG o.s.w.c.RestTemplate - Response 200 OK
17:56:23.325 [Test worker] DEBUG o.s.w.c.RestTemplate - Reading to [java.lang.String] as "text/plain"
17:56:23.325 [Test worker] DEBUG o.s.w.t.h.s.r.b.JettyHttpServer - Stopping JettyHttpServer...
17:56:23.325 [Test worker] INFO  o.e.j.s.h.ContextHandler - Stopped o.e.j.s.ServletContextHandler@551eda7{/,null,STOPPED}
17:56:23.326 [Test worker] INFO  o.e.j.s.AbstractConnector - Stopped ServerConnector@59256583{HTTP/1.1, (http/1.1)}{0.0.0.0:0}
17:56:23.327 [Test worker] DEBUG o.s.w.t.h.s.r.b.JettyHttpServer - Server stopped (0 millis).
17:56:23.339 [Test worker] DEBUG o.s.w.s.a.HttpWebHandlerAdapter - enableLoggingRequestDetails='false': form data and headers will be masked to prevent unsafe logging of potentially sensitive data
17:56:23.339 [Test worker] DEBUG o.s.w.t.h.s.r.b.ReactorHttpServer - Starting ReactorHttpServer...
17:56:23.339 [Test worker] DEBUG o.s.w.t.h.s.r.b.ReactorHttpServer - Server started on port 54659(0 millis).
17:56:23.339 [Test worker] DEBUG o.s.w.c.RestTemplate - HTTP GET http://localhost:54659/filter
17:56:23.340 [Test worker] DEBUG o.s.w.c.RestTemplate - Accept=[text/plain, application/json, application/x-jackson-smile, application/*+json, */*]
17:56:23.344 [reactor-http-nio-9] DEBUG o.s.w.s.a.HttpWebHandlerAdapter - [68a4c64b-1, L:/127.0.0.1:54659 - R:/127.0.0.1:54660] HTTP GET "/filter"
17:56:23.345 [reactor-http-nio-9] DEBUG o.s.w.s.a.HttpWebHandlerAdapter - [68a4c64b-1, L:/127.0.0.1:54659 - R:/127.0.0.1:54660] Completed 200 OK
17:56:23.345 [Test worker] DEBUG o.s.w.c.RestTemplate - Response 200 OK
17:56:23.345 [Test worker] DEBUG o.s.w.c.RestTemplate - Reading to [java.lang.String] as "text/plain"
17:56:23.345 [Test worker] DEBUG o.s.w.t.h.s.r.b.ReactorHttpServer - Stopping ReactorHttpServer...
17:56:23.345 [Test worker] DEBUG o.s.w.t.h.s.r.b.ReactorHttpServer - Server stopped (0 millis).
17:56:23.357 [Test worker] DEBUG o.s.w.s.a.HttpWebHandlerAdapter - enableLoggingRequestDetails='false': form data and headers will be masked to prevent unsafe logging of potentially sensitive data
17:56:23.358 [Test worker] DEBUG o.s.w.t.h.s.r.b.TomcatHttpServer - Starting TomcatHttpServer...
17:56:23.361 [Test worker] DEBUG o.s.w.t.h.s.r.b.TomcatHttpServer - Server started on port 54661(0 millis).
17:56:23.361 [Test worker] DEBUG o.s.w.c.RestTemplate - HTTP GET http://localhost:54661/filter
17:56:23.361 [Test worker] DEBUG o.s.w.c.RestTemplate - Accept=[text/plain, application/json, application/x-jackson-smile, application/*+json, */*]
17:56:23.367 [http-nio-auto-48-exec-1] DEBUG o.s.w.s.a.HttpWebHandlerAdapter - [4527562e] HTTP GET "/filter"
17:56:23.367 [http-nio-auto-48-exec-1] DEBUG o.s.w.s.a.HttpWebHandlerAdapter - [4527562e] Completed 200 OK
17:56:23.367 [Test worker] DEBUG o.s.w.c.RestTemplate - Response 200 OK
17:56:23.368 [Test worker] DEBUG o.s.w.c.RestTemplate - Reading to [java.lang.String] as "text/plain"
17:56:23.368 [Test worker] DEBUG o.s.w.t.h.s.r.b.TomcatHttpServer - Stopping TomcatHttpServer...
17:56:34.559 [Test worker] DEBUG o.s.w.t.h.s.r.b.TomcatHttpServer - Server stopped (0 millis).
17:56:34.574 [Test worker] DEBUG o.s.w.s.a.HttpWebHandlerAdapter - enableLoggingRequestDetails='false': form data and headers will be masked to prevent unsafe logging of potentially sensitive data
17:56:34.574 [Test worker] DEBUG o.s.w.t.h.s.r.b.UndertowHttpServer - Starting UndertowHttpServer...
17:56:34.574 [Test worker] INFO  i.undertow - starting server: Undertow - 2.2.7.Final
17:56:34.576 [Test worker] DEBUG o.s.w.t.h.s.r.b.UndertowHttpServer - Server started on port 54665(0 millis).
17:56:34.577 [Test worker] DEBUG o.s.w.c.RestTemplate - HTTP GET http://localhost:54665/filter
17:56:34.577 [Test worker] DEBUG o.s.w.c.RestTemplate - Accept=[text/plain, application/json, application/x-jackson-smile, application/*+json, */*]
17:56:34.582 [XNIO-48 I/O-11] DEBUG o.s.w.s.a.HttpWebHandlerAdapter - [1fd778ad-49] HTTP GET "/filter"
17:56:34.583 [XNIO-48 I/O-11] DEBUG o.s.w.s.a.HttpWebHandlerAdapter - [1fd778ad-49] Completed 200 OK
17:56:34.583 [Test worker] DEBUG o.s.w.c.RestTemplate - Response 200 OK
17:56:34.583 [Test worker] DEBUG o.s.w.c.RestTemplate - Reading to [java.lang.String] as "text/plain"
17:56:34.583 [Test worker] DEBUG o.s.w.t.h.s.r.b.UndertowHttpServer - Stopping UndertowHttpServer...
17:56:34.583 [Test worker] INFO  i.undertow - stopping server: Undertow - 2.2.7.Final
17:56:34.584 [Test worker] DEBUG o.s.w.t.h.s.r.b.UndertowHttpServer - Server stopped (0 millis).
17:56:34.597 [Test worker] DEBUG o.s.w.s.a.HttpWebHandlerAdapter - enableLoggingRequestDetails='false': form data and headers will be masked to prevent unsafe logging of potentially sensitive data
17:56:34.597 [Test worker] WARN  o.e.j.s.h.ContextHandler - Empty contextPath
17:56:34.597 [Test worker] INFO  o.e.j.s.h.ContextHandler - Started o.e.j.s.ServletContextHandler@2cfc8414{/,null,AVAILABLE}
17:56:34.597 [Test worker] DEBUG o.s.w.t.h.s.r.b.JettyHttpServer - Starting JettyHttpServer...
17:56:34.597 [Test worker] INFO  o.e.j.s.Server - jetty-9.4.39.v20210325; built: 2021-03-25T14:42:11.471Z; git: 9fc7ca5a922f2a37b84ec9dbc26a5168cee7e667; jvm 1.8.0_181-b13
17:56:34.598 [Test worker] INFO  o.e.j.s.AbstractConnector - Started ServerConnector@45c4fb2f{HTTP/1.1, (http/1.1)}{0.0.0.0:54667}
17:56:34.598 [Test worker] INFO  o.e.j.s.Server - Started @561632ms
17:56:34.598 [Test worker] DEBUG o.s.w.t.h.s.r.b.JettyHttpServer - Server started on port 54667(0 millis).
17:56:34.598 [Test worker] DEBUG o.s.w.c.RestTemplate - HTTP GET http://localhost:54667/normal
17:56:34.599 [Test worker] DEBUG o.s.w.c.RestTemplate - Accept=[text/plain, application/json, application/x-jackson-smile, application/*+json, */*]
17:56:34.603 [qtp1732460293-2230] DEBUG o.s.w.s.a.HttpWebHandlerAdapter - [40899c67] HTTP GET "/normal"
17:56:34.604 [qtp1732460293-2230] DEBUG o.s.w.s.a.HttpWebHandlerAdapter - [40899c67] Completed 200 OK
17:56:34.604 [Test worker] DEBUG o.s.w.c.RestTemplate - Response 200 OK
17:56:34.604 [Test worker] DEBUG o.s.w.c.RestTemplate - Reading to [java.lang.String] as "text/plain"
17:56:34.604 [Test worker] DEBUG o.s.w.t.h.s.r.b.JettyHttpServer - Stopping JettyHttpServer...
17:56:34.604 [Test worker] INFO  o.e.j.s.h.ContextHandler - Stopped o.e.j.s.ServletContextHandler@2cfc8414{/,null,STOPPED}
17:56:34.605 [Test worker] INFO  o.e.j.s.AbstractConnector - Stopped ServerConnector@45c4fb2f{HTTP/1.1, (http/1.1)}{0.0.0.0:0}
17:56:34.605 [Test worker] DEBUG o.s.w.t.h.s.r.b.JettyHttpServer - Server stopped (0 millis).
17:56:34.620 [Test worker] DEBUG o.s.w.s.a.HttpWebHandlerAdapter - enableLoggingRequestDetails='false': form data and headers will be masked to prevent unsafe logging of potentially sensitive data
17:56:34.620 [Test worker] DEBUG o.s.w.t.h.s.r.b.ReactorHttpServer - Starting ReactorHttpServer...
17:56:34.621 [Test worker] DEBUG o.s.w.t.h.s.r.b.ReactorHttpServer - Server started on port 54669(0 millis).
17:56:34.621 [Test worker] DEBUG o.s.w.c.RestTemplate - HTTP GET http://localhost:54669/normal
17:56:34.621 [Test worker] DEBUG o.s.w.c.RestTemplate - Accept=[text/plain, application/json, application/x-jackson-smile, application/*+json, */*]
17:56:34.626 [reactor-http-nio-11] DEBUG o.s.w.s.a.HttpWebHandlerAdapter - [abe3a812-1, L:/127.0.0.1:54669 - R:/127.0.0.1:54670] HTTP GET "/normal"
17:56:34.627 [reactor-http-nio-11] DEBUG o.s.w.s.a.HttpWebHandlerAdapter - [abe3a812-1, L:/127.0.0.1:54669 - R:/127.0.0.1:54670] Completed 200 OK
17:56:34.627 [Test worker] DEBUG o.s.w.c.RestTemplate - Response 200 OK
17:56:34.627 [Test worker] DEBUG o.s.w.c.RestTemplate - Reading to [java.lang.String] as "text/plain"
17:56:34.627 [Test worker] DEBUG o.s.w.t.h.s.r.b.ReactorHttpServer - Stopping ReactorHttpServer...
17:56:34.627 [Test worker] DEBUG o.s.w.t.h.s.r.b.ReactorHttpServer - Server stopped (0 millis).
17:56:34.639 [Test worker] DEBUG o.s.w.s.a.HttpWebHandlerAdapter - enableLoggingRequestDetails='false': form data and headers will be masked to prevent unsafe logging of potentially sensitive data
17:56:34.639 [Test worker] DEBUG o.s.w.t.h.s.r.b.TomcatHttpServer - Starting TomcatHttpServer...
17:56:34.643 [Test worker] DEBUG o.s.w.t.h.s.r.b.TomcatHttpServer - Server started on port 54671(0 millis).
17:56:34.643 [Test worker] DEBUG o.s.w.c.RestTemplate - HTTP GET http://localhost:54671/normal
17:56:34.643 [Test worker] DEBUG o.s.w.c.RestTemplate - Accept=[text/plain, application/json, application/x-jackson-smile, application/*+json, */*]
17:56:34.648 [http-nio-auto-49-exec-1] DEBUG o.s.w.s.a.HttpWebHandlerAdapter - [31c6ef84] HTTP GET "/normal"
17:56:34.649 [http-nio-auto-49-exec-1] DEBUG o.s.w.s.a.HttpWebHandlerAdapter - [31c6ef84] Completed 200 OK
17:56:34.649 [Test worker] DEBUG o.s.w.c.RestTemplate - Response 200 OK
17:56:34.649 [Test worker] DEBUG o.s.w.c.RestTemplate - Reading to [java.lang.String] as "text/plain"
17:56:34.649 [Test worker] DEBUG o.s.w.t.h.s.r.b.TomcatHttpServer - Stopping TomcatHttpServer...
17:56:45.847 [Test worker] DEBUG o.s.w.t.h.s.r.b.TomcatHttpServer - Server stopped (0 millis).
17:56:45.862 [Test worker] DEBUG o.s.w.s.a.HttpWebHandlerAdapter - enableLoggingRequestDetails='false': form data and headers will be masked to prevent unsafe logging of potentially sensitive data
17:56:45.862 [Test worker] DEBUG o.s.w.t.h.s.r.b.UndertowHttpServer - Starting UndertowHttpServer...
17:56:45.862 [Test worker] INFO  i.undertow - starting server: Undertow - 2.2.7.Final
17:56:45.865 [Test worker] DEBUG o.s.w.t.h.s.r.b.UndertowHttpServer - Server started on port 54675(0 millis).
17:56:45.865 [Test worker] DEBUG o.s.w.c.RestTemplate - HTTP GET http://localhost:54675/normal
17:56:45.865 [Test worker] DEBUG o.s.w.c.RestTemplate - Accept=[text/plain, application/json, application/x-jackson-smile, application/*+json, */*]
17:56:45.871 [XNIO-49 I/O-7] DEBUG o.s.w.s.a.HttpWebHandlerAdapter - [54d39922-50] HTTP GET "/normal"
17:56:45.871 [XNIO-49 I/O-7] DEBUG o.s.w.s.a.HttpWebHandlerAdapter - [54d39922-50] Completed 200 OK
17:56:45.872 [Test worker] DEBUG o.s.w.c.RestTemplate - Response 200 OK
17:56:45.872 [Test worker] DEBUG o.s.w.c.RestTemplate - Reading to [java.lang.String] as "text/plain"
17:56:45.872 [Test worker] DEBUG o.s.w.t.h.s.r.b.UndertowHttpServer - Stopping UndertowHttpServer...
17:56:45.872 [Test worker] INFO  i.undertow - stopping server: Undertow - 2.2.7.Final
17:56:45.873 [Test worker] DEBUG o.s.w.t.h.s.r.b.UndertowHttpServer - Server stopped (0 millis).
]]></system-out>
  <system-err><![CDATA[]]></system-err>
</testsuite>
