<?xml version="1.0" encoding="UTF-8"?>
<testsuite name="org.springframework.web.reactive.result.method.annotation.RequestMappingMessageConversionIntegrationTests" tests="156" skipped="0" failures="0" errors="0" timestamp="2021-05-01T09:48:48" hostname="wangweilideMBP.lan" time="442.694">
  <properties/>
  <testcase name="[1] org.springframework.web.testfixture.http.server.reactive.bootstrap.JettyHttpServer@5e9a71b8" classname="org.springframework.web.reactive.result.method.annotation.RequestMappingMessageConversionIntegrationTests" time="0.059"/>
  <testcase name="[2] org.springframework.web.testfixture.http.server.reactive.bootstrap.ReactorHttpServer@3b493380" classname="org.springframework.web.reactive.result.method.annotation.RequestMappingMessageConversionIntegrationTests" time="0.047"/>
  <testcase name="[3] org.springframework.web.testfixture.http.server.reactive.bootstrap.TomcatHttpServer@17707e61" classname="org.springframework.web.reactive.result.method.annotation.RequestMappingMessageConversionIntegrationTests" time="11.249"/>
  <testcase name="[4] org.springframework.web.testfixture.http.server.reactive.bootstrap.UndertowHttpServer@b19a010" classname="org.springframework.web.reactive.result.method.annotation.RequestMappingMessageConversionIntegrationTests" time="0.06"/>
  <testcase name="[1] org.springframework.web.testfixture.http.server.reactive.bootstrap.JettyHttpServer@593749c5" classname="org.springframework.web.reactive.result.method.annotation.RequestMappingMessageConversionIntegrationTests" time="0.055"/>
  <testcase name="[2] org.springframework.web.testfixture.http.server.reactive.bootstrap.ReactorHttpServer@25dd3562" classname="org.springframework.web.reactive.result.method.annotation.RequestMappingMessageConversionIntegrationTests" time="0.046"/>
  <testcase name="[3] org.springframework.web.testfixture.http.server.reactive.bootstrap.TomcatHttpServer@775c51bb" classname="org.springframework.web.reactive.result.method.annotation.RequestMappingMessageConversionIntegrationTests" time="11.164"/>
  <testcase name="[4] org.springframework.web.testfixture.http.server.reactive.bootstrap.UndertowHttpServer@5addf452" classname="org.springframework.web.reactive.result.method.annotation.RequestMappingMessageConversionIntegrationTests" time="0.052"/>
  <testcase name="[1] org.springframework.web.testfixture.http.server.reactive.bootstrap.JettyHttpServer@1d92ed8c" classname="org.springframework.web.reactive.result.method.annotation.RequestMappingMessageConversionIntegrationTests" time="0.038"/>
  <testcase name="[2] org.springframework.web.testfixture.http.server.reactive.bootstrap.ReactorHttpServer@263c422b" classname="org.springframework.web.reactive.result.method.annotation.RequestMappingMessageConversionIntegrationTests" time="0.034"/>
  <testcase name="[3] org.springframework.web.testfixture.http.server.reactive.bootstrap.TomcatHttpServer@3da631c1" classname="org.springframework.web.reactive.result.method.annotation.RequestMappingMessageConversionIntegrationTests" time="11.197"/>
  <testcase name="[4] org.springframework.web.testfixture.http.server.reactive.bootstrap.UndertowHttpServer@7c95ab08" classname="org.springframework.web.reactive.result.method.annotation.RequestMappingMessageConversionIntegrationTests" time="0.041"/>
  <testcase name="[1] org.springframework.web.testfixture.http.server.reactive.bootstrap.JettyHttpServer@350555a6" classname="org.springframework.web.reactive.result.method.annotation.RequestMappingMessageConversionIntegrationTests" time="0.194"/>
  <testcase name="[2] org.springframework.web.testfixture.http.server.reactive.bootstrap.ReactorHttpServer@6801dc79" classname="org.springframework.web.reactive.result.method.annotation.RequestMappingMessageConversionIntegrationTests" time="0.04"/>
  <testcase name="[3] org.springframework.web.testfixture.http.server.reactive.bootstrap.TomcatHttpServer@221a1793" classname="org.springframework.web.reactive.result.method.annotation.RequestMappingMessageConversionIntegrationTests" time="11.212"/>
  <testcase name="[4] org.springframework.web.testfixture.http.server.reactive.bootstrap.UndertowHttpServer@73d86344" classname="org.springframework.web.reactive.result.method.annotation.RequestMappingMessageConversionIntegrationTests" time="0.047"/>
  <testcase name="[1] org.springframework.web.testfixture.http.server.reactive.bootstrap.JettyHttpServer@f8281db" classname="org.springframework.web.reactive.result.method.annotation.RequestMappingMessageConversionIntegrationTests" time="0.04"/>
  <testcase name="[2] org.springframework.web.testfixture.http.server.reactive.bootstrap.ReactorHttpServer@43f6692e" classname="org.springframework.web.reactive.result.method.annotation.RequestMappingMessageConversionIntegrationTests" time="0.042"/>
  <testcase name="[3] org.springframework.web.testfixture.http.server.reactive.bootstrap.TomcatHttpServer@15d7ca9f" classname="org.springframework.web.reactive.result.method.annotation.RequestMappingMessageConversionIntegrationTests" time="11.16"/>
  <testcase name="[4] org.springframework.web.testfixture.http.server.reactive.bootstrap.UndertowHttpServer@48de8cb1" classname="org.springframework.web.reactive.result.method.annotation.RequestMappingMessageConversionIntegrationTests" time="0.046"/>
  <testcase name="[1] org.springframework.web.testfixture.http.server.reactive.bootstrap.JettyHttpServer@2f46cda0" classname="org.springframework.web.reactive.result.method.annotation.RequestMappingMessageConversionIntegrationTests" time="0.042"/>
  <testcase name="[2] org.springframework.web.testfixture.http.server.reactive.bootstrap.ReactorHttpServer@3f669d2e" classname="org.springframework.web.reactive.result.method.annotation.RequestMappingMessageConversionIntegrationTests" time="0.037"/>
  <testcase name="[3] org.springframework.web.testfixture.http.server.reactive.bootstrap.TomcatHttpServer@62538baa" classname="org.springframework.web.reactive.result.method.annotation.RequestMappingMessageConversionIntegrationTests" time="11.157"/>
  <testcase name="[4] org.springframework.web.testfixture.http.server.reactive.bootstrap.UndertowHttpServer@3cd4f07f" classname="org.springframework.web.reactive.result.method.annotation.RequestMappingMessageConversionIntegrationTests" time="0.041"/>
  <testcase name="[1] org.springframework.web.testfixture.http.server.reactive.bootstrap.JettyHttpServer@2b403eb1" classname="org.springframework.web.reactive.result.method.annotation.RequestMappingMessageConversionIntegrationTests" time="0.037"/>
  <testcase name="[2] org.springframework.web.testfixture.http.server.reactive.bootstrap.ReactorHttpServer@633d17f3" classname="org.springframework.web.reactive.result.method.annotation.RequestMappingMessageConversionIntegrationTests" time="0.039"/>
  <testcase name="[3] org.springframework.web.testfixture.http.server.reactive.bootstrap.TomcatHttpServer@7348701" classname="org.springframework.web.reactive.result.method.annotation.RequestMappingMessageConversionIntegrationTests" time="11.226"/>
  <testcase name="[4] org.springframework.web.testfixture.http.server.reactive.bootstrap.UndertowHttpServer@aa4d68b" classname="org.springframework.web.reactive.result.method.annotation.RequestMappingMessageConversionIntegrationTests" time="0.044"/>
  <testcase name="[1] org.springframework.web.testfixture.http.server.reactive.bootstrap.JettyHttpServer@6a4514b1" classname="org.springframework.web.reactive.result.method.annotation.RequestMappingMessageConversionIntegrationTests" time="0.036"/>
  <testcase name="[2] org.springframework.web.testfixture.http.server.reactive.bootstrap.ReactorHttpServer@2a7de67e" classname="org.springframework.web.reactive.result.method.annotation.RequestMappingMessageConversionIntegrationTests" time="0.035"/>
  <testcase name="[3] org.springframework.web.testfixture.http.server.reactive.bootstrap.TomcatHttpServer@59033157" classname="org.springframework.web.reactive.result.method.annotation.RequestMappingMessageConversionIntegrationTests" time="11.226"/>
  <testcase name="[4] org.springframework.web.testfixture.http.server.reactive.bootstrap.UndertowHttpServer@7674f051" classname="org.springframework.web.reactive.result.method.annotation.RequestMappingMessageConversionIntegrationTests" time="0.046"/>
  <testcase name="[1] org.springframework.web.testfixture.http.server.reactive.bootstrap.JettyHttpServer@14bcb982" classname="org.springframework.web.reactive.result.method.annotation.RequestMappingMessageConversionIntegrationTests" time="0.035"/>
  <testcase name="[2] org.springframework.web.testfixture.http.server.reactive.bootstrap.ReactorHttpServer@24128bc5" classname="org.springframework.web.reactive.result.method.annotation.RequestMappingMessageConversionIntegrationTests" time="0.032"/>
  <testcase name="[3] org.springframework.web.testfixture.http.server.reactive.bootstrap.TomcatHttpServer@6a47fe0c" classname="org.springframework.web.reactive.result.method.annotation.RequestMappingMessageConversionIntegrationTests" time="11.208"/>
  <testcase name="[4] org.springframework.web.testfixture.http.server.reactive.bootstrap.UndertowHttpServer@539f55f6" classname="org.springframework.web.reactive.result.method.annotation.RequestMappingMessageConversionIntegrationTests" time="0.043"/>
  <testcase name="[1] org.springframework.web.testfixture.http.server.reactive.bootstrap.JettyHttpServer@632f9ff8" classname="org.springframework.web.reactive.result.method.annotation.RequestMappingMessageConversionIntegrationTests" time="0.039"/>
  <testcase name="[2] org.springframework.web.testfixture.http.server.reactive.bootstrap.ReactorHttpServer@54d5eeee" classname="org.springframework.web.reactive.result.method.annotation.RequestMappingMessageConversionIntegrationTests" time="0.056"/>
  <testcase name="[3] org.springframework.web.testfixture.http.server.reactive.bootstrap.TomcatHttpServer@539a7344" classname="org.springframework.web.reactive.result.method.annotation.RequestMappingMessageConversionIntegrationTests" time="11.153"/>
  <testcase name="[4] org.springframework.web.testfixture.http.server.reactive.bootstrap.UndertowHttpServer@29ddf53c" classname="org.springframework.web.reactive.result.method.annotation.RequestMappingMessageConversionIntegrationTests" time="0.04"/>
  <testcase name="[1] org.springframework.web.testfixture.http.server.reactive.bootstrap.JettyHttpServer@54ca4249" classname="org.springframework.web.reactive.result.method.annotation.RequestMappingMessageConversionIntegrationTests" time="0.033"/>
  <testcase name="[2] org.springframework.web.testfixture.http.server.reactive.bootstrap.ReactorHttpServer@43ee2930" classname="org.springframework.web.reactive.result.method.annotation.RequestMappingMessageConversionIntegrationTests" time="0.038"/>
  <testcase name="[3] org.springframework.web.testfixture.http.server.reactive.bootstrap.TomcatHttpServer@66e77a5f" classname="org.springframework.web.reactive.result.method.annotation.RequestMappingMessageConversionIntegrationTests" time="11.179"/>
  <testcase name="[4] org.springframework.web.testfixture.http.server.reactive.bootstrap.UndertowHttpServer@1dd8658d" classname="org.springframework.web.reactive.result.method.annotation.RequestMappingMessageConversionIntegrationTests" time="0.049"/>
  <testcase name="[1] org.springframework.web.testfixture.http.server.reactive.bootstrap.JettyHttpServer@161d160a" classname="org.springframework.web.reactive.result.method.annotation.RequestMappingMessageConversionIntegrationTests" time="0.036"/>
  <testcase name="[2] org.springframework.web.testfixture.http.server.reactive.bootstrap.ReactorHttpServer@1befb40a" classname="org.springframework.web.reactive.result.method.annotation.RequestMappingMessageConversionIntegrationTests" time="0.032"/>
  <testcase name="[3] org.springframework.web.testfixture.http.server.reactive.bootstrap.TomcatHttpServer@56974c8" classname="org.springframework.web.reactive.result.method.annotation.RequestMappingMessageConversionIntegrationTests" time="11.161"/>
  <testcase name="[4] org.springframework.web.testfixture.http.server.reactive.bootstrap.UndertowHttpServer@454c8475" classname="org.springframework.web.reactive.result.method.annotation.RequestMappingMessageConversionIntegrationTests" time="0.04"/>
  <testcase name="[1] org.springframework.web.testfixture.http.server.reactive.bootstrap.JettyHttpServer@37421165" classname="org.springframework.web.reactive.result.method.annotation.RequestMappingMessageConversionIntegrationTests" time="0.033"/>
  <testcase name="[2] org.springframework.web.testfixture.http.server.reactive.bootstrap.ReactorHttpServer@a2f2623" classname="org.springframework.web.reactive.result.method.annotation.RequestMappingMessageConversionIntegrationTests" time="0.037"/>
  <testcase name="[3] org.springframework.web.testfixture.http.server.reactive.bootstrap.TomcatHttpServer@733f4913" classname="org.springframework.web.reactive.result.method.annotation.RequestMappingMessageConversionIntegrationTests" time="11.165"/>
  <testcase name="[4] org.springframework.web.testfixture.http.server.reactive.bootstrap.UndertowHttpServer@595cd2be" classname="org.springframework.web.reactive.result.method.annotation.RequestMappingMessageConversionIntegrationTests" time="0.041"/>
  <testcase name="[1] org.springframework.web.testfixture.http.server.reactive.bootstrap.JettyHttpServer@7c6a3e79" classname="org.springframework.web.reactive.result.method.annotation.RequestMappingMessageConversionIntegrationTests" time="0.037"/>
  <testcase name="[2] org.springframework.web.testfixture.http.server.reactive.bootstrap.ReactorHttpServer@2a5f437d" classname="org.springframework.web.reactive.result.method.annotation.RequestMappingMessageConversionIntegrationTests" time="0.034"/>
  <testcase name="[3] org.springframework.web.testfixture.http.server.reactive.bootstrap.TomcatHttpServer@1b3e0c6" classname="org.springframework.web.reactive.result.method.annotation.RequestMappingMessageConversionIntegrationTests" time="11.201"/>
  <testcase name="[4] org.springframework.web.testfixture.http.server.reactive.bootstrap.UndertowHttpServer@234ebc0b" classname="org.springframework.web.reactive.result.method.annotation.RequestMappingMessageConversionIntegrationTests" time="0.042"/>
  <testcase name="[1] org.springframework.web.testfixture.http.server.reactive.bootstrap.JettyHttpServer@4a558a70" classname="org.springframework.web.reactive.result.method.annotation.RequestMappingMessageConversionIntegrationTests" time="0.045"/>
  <testcase name="[2] org.springframework.web.testfixture.http.server.reactive.bootstrap.ReactorHttpServer@5a06e792" classname="org.springframework.web.reactive.result.method.annotation.RequestMappingMessageConversionIntegrationTests" time="0.045"/>
  <testcase name="[3] org.springframework.web.testfixture.http.server.reactive.bootstrap.TomcatHttpServer@587c3de6" classname="org.springframework.web.reactive.result.method.annotation.RequestMappingMessageConversionIntegrationTests" time="11.392"/>
  <testcase name="[4] org.springframework.web.testfixture.http.server.reactive.bootstrap.UndertowHttpServer@73de6545" classname="org.springframework.web.reactive.result.method.annotation.RequestMappingMessageConversionIntegrationTests" time="0.044"/>
  <testcase name="[1] org.springframework.web.testfixture.http.server.reactive.bootstrap.JettyHttpServer@47169675" classname="org.springframework.web.reactive.result.method.annotation.RequestMappingMessageConversionIntegrationTests" time="0.035"/>
  <testcase name="[2] org.springframework.web.testfixture.http.server.reactive.bootstrap.ReactorHttpServer@2467cd57" classname="org.springframework.web.reactive.result.method.annotation.RequestMappingMessageConversionIntegrationTests" time="0.034"/>
  <testcase name="[3] org.springframework.web.testfixture.http.server.reactive.bootstrap.TomcatHttpServer@260d30d8" classname="org.springframework.web.reactive.result.method.annotation.RequestMappingMessageConversionIntegrationTests" time="11.181"/>
  <testcase name="[4] org.springframework.web.testfixture.http.server.reactive.bootstrap.UndertowHttpServer@173d432b" classname="org.springframework.web.reactive.result.method.annotation.RequestMappingMessageConversionIntegrationTests" time="0.041"/>
  <testcase name="[1] org.springframework.web.testfixture.http.server.reactive.bootstrap.JettyHttpServer@6c4846f6" classname="org.springframework.web.reactive.result.method.annotation.RequestMappingMessageConversionIntegrationTests" time="0.036"/>
  <testcase name="[2] org.springframework.web.testfixture.http.server.reactive.bootstrap.ReactorHttpServer@518e85a9" classname="org.springframework.web.reactive.result.method.annotation.RequestMappingMessageConversionIntegrationTests" time="0.031"/>
  <testcase name="[3] org.springframework.web.testfixture.http.server.reactive.bootstrap.TomcatHttpServer@137b32ca" classname="org.springframework.web.reactive.result.method.annotation.RequestMappingMessageConversionIntegrationTests" time="11.221"/>
  <testcase name="[4] org.springframework.web.testfixture.http.server.reactive.bootstrap.UndertowHttpServer@61644a71" classname="org.springframework.web.reactive.result.method.annotation.RequestMappingMessageConversionIntegrationTests" time="0.043"/>
  <testcase name="[1] org.springframework.web.testfixture.http.server.reactive.bootstrap.JettyHttpServer@3e55418f" classname="org.springframework.web.reactive.result.method.annotation.RequestMappingMessageConversionIntegrationTests" time="0.034"/>
  <testcase name="[2] org.springframework.web.testfixture.http.server.reactive.bootstrap.ReactorHttpServer@6983cba1" classname="org.springframework.web.reactive.result.method.annotation.RequestMappingMessageConversionIntegrationTests" time="0.033"/>
  <testcase name="[3] org.springframework.web.testfixture.http.server.reactive.bootstrap.TomcatHttpServer@12d01e6f" classname="org.springframework.web.reactive.result.method.annotation.RequestMappingMessageConversionIntegrationTests" time="11.218"/>
  <testcase name="[4] org.springframework.web.testfixture.http.server.reactive.bootstrap.UndertowHttpServer@e6a694e" classname="org.springframework.web.reactive.result.method.annotation.RequestMappingMessageConversionIntegrationTests" time="0.038"/>
  <testcase name="[1] org.springframework.web.testfixture.http.server.reactive.bootstrap.JettyHttpServer@6115d2ea" classname="org.springframework.web.reactive.result.method.annotation.RequestMappingMessageConversionIntegrationTests" time="0.039"/>
  <testcase name="[2] org.springframework.web.testfixture.http.server.reactive.bootstrap.ReactorHttpServer@4a540d1f" classname="org.springframework.web.reactive.result.method.annotation.RequestMappingMessageConversionIntegrationTests" time="0.031"/>
  <testcase name="[3] org.springframework.web.testfixture.http.server.reactive.bootstrap.TomcatHttpServer@12531e9a" classname="org.springframework.web.reactive.result.method.annotation.RequestMappingMessageConversionIntegrationTests" time="11.224"/>
  <testcase name="[4] org.springframework.web.testfixture.http.server.reactive.bootstrap.UndertowHttpServer@7ddc6e1e" classname="org.springframework.web.reactive.result.method.annotation.RequestMappingMessageConversionIntegrationTests" time="0.042"/>
  <testcase name="[1] org.springframework.web.testfixture.http.server.reactive.bootstrap.JettyHttpServer@4a74eba0" classname="org.springframework.web.reactive.result.method.annotation.RequestMappingMessageConversionIntegrationTests" time="0.036"/>
  <testcase name="[2] org.springframework.web.testfixture.http.server.reactive.bootstrap.ReactorHttpServer@7778e400" classname="org.springframework.web.reactive.result.method.annotation.RequestMappingMessageConversionIntegrationTests" time="0.03"/>
  <testcase name="[3] org.springframework.web.testfixture.http.server.reactive.bootstrap.TomcatHttpServer@33f49ce" classname="org.springframework.web.reactive.result.method.annotation.RequestMappingMessageConversionIntegrationTests" time="11.239"/>
  <testcase name="[4] org.springframework.web.testfixture.http.server.reactive.bootstrap.UndertowHttpServer@5969afde" classname="org.springframework.web.reactive.result.method.annotation.RequestMappingMessageConversionIntegrationTests" time="0.043"/>
  <testcase name="[1] org.springframework.web.testfixture.http.server.reactive.bootstrap.JettyHttpServer@4ee78ae7" classname="org.springframework.web.reactive.result.method.annotation.RequestMappingMessageConversionIntegrationTests" time="0.032"/>
  <testcase name="[2] org.springframework.web.testfixture.http.server.reactive.bootstrap.ReactorHttpServer@5c882ff0" classname="org.springframework.web.reactive.result.method.annotation.RequestMappingMessageConversionIntegrationTests" time="0.03"/>
  <testcase name="[3] org.springframework.web.testfixture.http.server.reactive.bootstrap.TomcatHttpServer@5a272abe" classname="org.springframework.web.reactive.result.method.annotation.RequestMappingMessageConversionIntegrationTests" time="11.231"/>
  <testcase name="[4] org.springframework.web.testfixture.http.server.reactive.bootstrap.UndertowHttpServer@5225237" classname="org.springframework.web.reactive.result.method.annotation.RequestMappingMessageConversionIntegrationTests" time="0.04"/>
  <testcase name="[1] org.springframework.web.testfixture.http.server.reactive.bootstrap.JettyHttpServer@61ea8b86" classname="org.springframework.web.reactive.result.method.annotation.RequestMappingMessageConversionIntegrationTests" time="0.031"/>
  <testcase name="[2] org.springframework.web.testfixture.http.server.reactive.bootstrap.ReactorHttpServer@1d3a78ef" classname="org.springframework.web.reactive.result.method.annotation.RequestMappingMessageConversionIntegrationTests" time="0.028"/>
  <testcase name="[3] org.springframework.web.testfixture.http.server.reactive.bootstrap.TomcatHttpServer@5e4d5e16" classname="org.springframework.web.reactive.result.method.annotation.RequestMappingMessageConversionIntegrationTests" time="11.251"/>
  <testcase name="[4] org.springframework.web.testfixture.http.server.reactive.bootstrap.UndertowHttpServer@6db6eba8" classname="org.springframework.web.reactive.result.method.annotation.RequestMappingMessageConversionIntegrationTests" time="0.041"/>
  <testcase name="[1] org.springframework.web.testfixture.http.server.reactive.bootstrap.JettyHttpServer@236ef8a2" classname="org.springframework.web.reactive.result.method.annotation.RequestMappingMessageConversionIntegrationTests" time="0.034"/>
  <testcase name="[2] org.springframework.web.testfixture.http.server.reactive.bootstrap.ReactorHttpServer@52528c5" classname="org.springframework.web.reactive.result.method.annotation.RequestMappingMessageConversionIntegrationTests" time="0.031"/>
  <testcase name="[3] org.springframework.web.testfixture.http.server.reactive.bootstrap.TomcatHttpServer@60c6ade7" classname="org.springframework.web.reactive.result.method.annotation.RequestMappingMessageConversionIntegrationTests" time="11.186"/>
  <testcase name="[4] org.springframework.web.testfixture.http.server.reactive.bootstrap.UndertowHttpServer@582f8aa9" classname="org.springframework.web.reactive.result.method.annotation.RequestMappingMessageConversionIntegrationTests" time="0.039"/>
  <testcase name="[1] org.springframework.web.testfixture.http.server.reactive.bootstrap.JettyHttpServer@605ef6dd" classname="org.springframework.web.reactive.result.method.annotation.RequestMappingMessageConversionIntegrationTests" time="0.032"/>
  <testcase name="[2] org.springframework.web.testfixture.http.server.reactive.bootstrap.ReactorHttpServer@71789442" classname="org.springframework.web.reactive.result.method.annotation.RequestMappingMessageConversionIntegrationTests" time="0.033"/>
  <testcase name="[3] org.springframework.web.testfixture.http.server.reactive.bootstrap.TomcatHttpServer@7062492c" classname="org.springframework.web.reactive.result.method.annotation.RequestMappingMessageConversionIntegrationTests" time="11.22"/>
  <testcase name="[4] org.springframework.web.testfixture.http.server.reactive.bootstrap.UndertowHttpServer@1fcbedd6" classname="org.springframework.web.reactive.result.method.annotation.RequestMappingMessageConversionIntegrationTests" time="0.042"/>
  <testcase name="[1] org.springframework.web.testfixture.http.server.reactive.bootstrap.JettyHttpServer@656b1dd6" classname="org.springframework.web.reactive.result.method.annotation.RequestMappingMessageConversionIntegrationTests" time="0.033"/>
  <testcase name="[2] org.springframework.web.testfixture.http.server.reactive.bootstrap.ReactorHttpServer@373f3557" classname="org.springframework.web.reactive.result.method.annotation.RequestMappingMessageConversionIntegrationTests" time="0.029"/>
  <testcase name="[3] org.springframework.web.testfixture.http.server.reactive.bootstrap.TomcatHttpServer@281e34ee" classname="org.springframework.web.reactive.result.method.annotation.RequestMappingMessageConversionIntegrationTests" time="11.262"/>
  <testcase name="[4] org.springframework.web.testfixture.http.server.reactive.bootstrap.UndertowHttpServer@272e133a" classname="org.springframework.web.reactive.result.method.annotation.RequestMappingMessageConversionIntegrationTests" time="0.044"/>
  <testcase name="[1] org.springframework.web.testfixture.http.server.reactive.bootstrap.JettyHttpServer@58345b1c" classname="org.springframework.web.reactive.result.method.annotation.RequestMappingMessageConversionIntegrationTests" time="0.032"/>
  <testcase name="[2] org.springframework.web.testfixture.http.server.reactive.bootstrap.ReactorHttpServer@4484fe68" classname="org.springframework.web.reactive.result.method.annotation.RequestMappingMessageConversionIntegrationTests" time="0.03"/>
  <testcase name="[3] org.springframework.web.testfixture.http.server.reactive.bootstrap.TomcatHttpServer@f3fd34d" classname="org.springframework.web.reactive.result.method.annotation.RequestMappingMessageConversionIntegrationTests" time="11.22"/>
  <testcase name="[4] org.springframework.web.testfixture.http.server.reactive.bootstrap.UndertowHttpServer@724b59bc" classname="org.springframework.web.reactive.result.method.annotation.RequestMappingMessageConversionIntegrationTests" time="0.042"/>
  <testcase name="[1] org.springframework.web.testfixture.http.server.reactive.bootstrap.JettyHttpServer@59b4534a" classname="org.springframework.web.reactive.result.method.annotation.RequestMappingMessageConversionIntegrationTests" time="0.042"/>
  <testcase name="[2] org.springframework.web.testfixture.http.server.reactive.bootstrap.ReactorHttpServer@10aed95" classname="org.springframework.web.reactive.result.method.annotation.RequestMappingMessageConversionIntegrationTests" time="0.046"/>
  <testcase name="[3] org.springframework.web.testfixture.http.server.reactive.bootstrap.TomcatHttpServer@2833c41" classname="org.springframework.web.reactive.result.method.annotation.RequestMappingMessageConversionIntegrationTests" time="11.139"/>
  <testcase name="[4] org.springframework.web.testfixture.http.server.reactive.bootstrap.UndertowHttpServer@5a183ed5" classname="org.springframework.web.reactive.result.method.annotation.RequestMappingMessageConversionIntegrationTests" time="0.037"/>
  <testcase name="[1] org.springframework.web.testfixture.http.server.reactive.bootstrap.JettyHttpServer@e316e75" classname="org.springframework.web.reactive.result.method.annotation.RequestMappingMessageConversionIntegrationTests" time="0.036"/>
  <testcase name="[2] org.springframework.web.testfixture.http.server.reactive.bootstrap.ReactorHttpServer@a035912" classname="org.springframework.web.reactive.result.method.annotation.RequestMappingMessageConversionIntegrationTests" time="0.031"/>
  <testcase name="[3] org.springframework.web.testfixture.http.server.reactive.bootstrap.TomcatHttpServer@138b4cdf" classname="org.springframework.web.reactive.result.method.annotation.RequestMappingMessageConversionIntegrationTests" time="11.238"/>
  <testcase name="[4] org.springframework.web.testfixture.http.server.reactive.bootstrap.UndertowHttpServer@cac4196" classname="org.springframework.web.reactive.result.method.annotation.RequestMappingMessageConversionIntegrationTests" time="0.046"/>
  <testcase name="[1] org.springframework.web.testfixture.http.server.reactive.bootstrap.JettyHttpServer@24d1716" classname="org.springframework.web.reactive.result.method.annotation.RequestMappingMessageConversionIntegrationTests" time="0.036"/>
  <testcase name="[2] org.springframework.web.testfixture.http.server.reactive.bootstrap.ReactorHttpServer@6f95b54a" classname="org.springframework.web.reactive.result.method.annotation.RequestMappingMessageConversionIntegrationTests" time="0.03"/>
  <testcase name="[3] org.springframework.web.testfixture.http.server.reactive.bootstrap.TomcatHttpServer@755d1fa7" classname="org.springframework.web.reactive.result.method.annotation.RequestMappingMessageConversionIntegrationTests" time="11.183"/>
  <testcase name="[4] org.springframework.web.testfixture.http.server.reactive.bootstrap.UndertowHttpServer@38b3bc8b" classname="org.springframework.web.reactive.result.method.annotation.RequestMappingMessageConversionIntegrationTests" time="0.042"/>
  <testcase name="[1] org.springframework.web.testfixture.http.server.reactive.bootstrap.JettyHttpServer@134c93c6" classname="org.springframework.web.reactive.result.method.annotation.RequestMappingMessageConversionIntegrationTests" time="0.031"/>
  <testcase name="[2] org.springframework.web.testfixture.http.server.reactive.bootstrap.ReactorHttpServer@caf28bc" classname="org.springframework.web.reactive.result.method.annotation.RequestMappingMessageConversionIntegrationTests" time="0.032"/>
  <testcase name="[3] org.springframework.web.testfixture.http.server.reactive.bootstrap.TomcatHttpServer@2979920d" classname="org.springframework.web.reactive.result.method.annotation.RequestMappingMessageConversionIntegrationTests" time="11.241"/>
  <testcase name="[4] org.springframework.web.testfixture.http.server.reactive.bootstrap.UndertowHttpServer@1900662" classname="org.springframework.web.reactive.result.method.annotation.RequestMappingMessageConversionIntegrationTests" time="0.037"/>
  <testcase name="[1] org.springframework.web.testfixture.http.server.reactive.bootstrap.JettyHttpServer@10c0889f" classname="org.springframework.web.reactive.result.method.annotation.RequestMappingMessageConversionIntegrationTests" time="0.034"/>
  <testcase name="[2] org.springframework.web.testfixture.http.server.reactive.bootstrap.ReactorHttpServer@2c6d04a8" classname="org.springframework.web.reactive.result.method.annotation.RequestMappingMessageConversionIntegrationTests" time="0.033"/>
  <testcase name="[3] org.springframework.web.testfixture.http.server.reactive.bootstrap.TomcatHttpServer@6169219" classname="org.springframework.web.reactive.result.method.annotation.RequestMappingMessageConversionIntegrationTests" time="11.196"/>
  <testcase name="[4] org.springframework.web.testfixture.http.server.reactive.bootstrap.UndertowHttpServer@3dcfa0" classname="org.springframework.web.reactive.result.method.annotation.RequestMappingMessageConversionIntegrationTests" time="0.043"/>
  <testcase name="[1] org.springframework.web.testfixture.http.server.reactive.bootstrap.JettyHttpServer@264f9834" classname="org.springframework.web.reactive.result.method.annotation.RequestMappingMessageConversionIntegrationTests" time="0.034"/>
  <testcase name="[2] org.springframework.web.testfixture.http.server.reactive.bootstrap.ReactorHttpServer@5314a085" classname="org.springframework.web.reactive.result.method.annotation.RequestMappingMessageConversionIntegrationTests" time="0.031"/>
  <testcase name="[3] org.springframework.web.testfixture.http.server.reactive.bootstrap.TomcatHttpServer@1e09d4f" classname="org.springframework.web.reactive.result.method.annotation.RequestMappingMessageConversionIntegrationTests" time="11.185"/>
  <testcase name="[4] org.springframework.web.testfixture.http.server.reactive.bootstrap.UndertowHttpServer@22abb5d7" classname="org.springframework.web.reactive.result.method.annotation.RequestMappingMessageConversionIntegrationTests" time="0.036"/>
  <testcase name="[1] org.springframework.web.testfixture.http.server.reactive.bootstrap.JettyHttpServer@6fd6a5ab" classname="org.springframework.web.reactive.result.method.annotation.RequestMappingMessageConversionIntegrationTests" time="0.031"/>
  <testcase name="[2] org.springframework.web.testfixture.http.server.reactive.bootstrap.ReactorHttpServer@536afecb" classname="org.springframework.web.reactive.result.method.annotation.RequestMappingMessageConversionIntegrationTests" time="0.031"/>
  <testcase name="[3] org.springframework.web.testfixture.http.server.reactive.bootstrap.TomcatHttpServer@79b232d9" classname="org.springframework.web.reactive.result.method.annotation.RequestMappingMessageConversionIntegrationTests" time="11.204"/>
  <testcase name="[4] org.springframework.web.testfixture.http.server.reactive.bootstrap.UndertowHttpServer@aad1adf" classname="org.springframework.web.reactive.result.method.annotation.RequestMappingMessageConversionIntegrationTests" time="0.043"/>
  <testcase name="[1] org.springframework.web.testfixture.http.server.reactive.bootstrap.JettyHttpServer@396dce60" classname="org.springframework.web.reactive.result.method.annotation.RequestMappingMessageConversionIntegrationTests" time="0.049"/>
  <testcase name="[2] org.springframework.web.testfixture.http.server.reactive.bootstrap.ReactorHttpServer@158dd450" classname="org.springframework.web.reactive.result.method.annotation.RequestMappingMessageConversionIntegrationTests" time="0.035"/>
  <testcase name="[3] org.springframework.web.testfixture.http.server.reactive.bootstrap.TomcatHttpServer@1618363" classname="org.springframework.web.reactive.result.method.annotation.RequestMappingMessageConversionIntegrationTests" time="11.222"/>
  <testcase name="[4] org.springframework.web.testfixture.http.server.reactive.bootstrap.UndertowHttpServer@2a98ad20" classname="org.springframework.web.reactive.result.method.annotation.RequestMappingMessageConversionIntegrationTests" time="0.044"/>
  <testcase name="[1] org.springframework.web.testfixture.http.server.reactive.bootstrap.JettyHttpServer@24fd3d1d" classname="org.springframework.web.reactive.result.method.annotation.RequestMappingMessageConversionIntegrationTests" time="0.034"/>
  <testcase name="[2] org.springframework.web.testfixture.http.server.reactive.bootstrap.ReactorHttpServer@319534fa" classname="org.springframework.web.reactive.result.method.annotation.RequestMappingMessageConversionIntegrationTests" time="0.032"/>
  <testcase name="[3] org.springframework.web.testfixture.http.server.reactive.bootstrap.TomcatHttpServer@2c01c0af" classname="org.springframework.web.reactive.result.method.annotation.RequestMappingMessageConversionIntegrationTests" time="11.186"/>
  <testcase name="[4] org.springframework.web.testfixture.http.server.reactive.bootstrap.UndertowHttpServer@551ef9b" classname="org.springframework.web.reactive.result.method.annotation.RequestMappingMessageConversionIntegrationTests" time="0.038"/>
  <testcase name="[1] org.springframework.web.testfixture.http.server.reactive.bootstrap.JettyHttpServer@f848546" classname="org.springframework.web.reactive.result.method.annotation.RequestMappingMessageConversionIntegrationTests" time="0.037"/>
  <testcase name="[2] org.springframework.web.testfixture.http.server.reactive.bootstrap.ReactorHttpServer@1691514a" classname="org.springframework.web.reactive.result.method.annotation.RequestMappingMessageConversionIntegrationTests" time="0.031"/>
  <testcase name="[3] org.springframework.web.testfixture.http.server.reactive.bootstrap.TomcatHttpServer@3769f12f" classname="org.springframework.web.reactive.result.method.annotation.RequestMappingMessageConversionIntegrationTests" time="11.211"/>
  <testcase name="[4] org.springframework.web.testfixture.http.server.reactive.bootstrap.UndertowHttpServer@57cffd1e" classname="org.springframework.web.reactive.result.method.annotation.RequestMappingMessageConversionIntegrationTests" time="0.042"/>
  <testcase name="[1] org.springframework.web.testfixture.http.server.reactive.bootstrap.JettyHttpServer@460d5009" classname="org.springframework.web.reactive.result.method.annotation.RequestMappingMessageConversionIntegrationTests" time="0.031"/>
  <testcase name="[2] org.springframework.web.testfixture.http.server.reactive.bootstrap.ReactorHttpServer@32780771" classname="org.springframework.web.reactive.result.method.annotation.RequestMappingMessageConversionIntegrationTests" time="0.028"/>
  <testcase name="[3] org.springframework.web.testfixture.http.server.reactive.bootstrap.TomcatHttpServer@7dce8a81" classname="org.springframework.web.reactive.result.method.annotation.RequestMappingMessageConversionIntegrationTests" time="11.206"/>
  <testcase name="[4] org.springframework.web.testfixture.http.server.reactive.bootstrap.UndertowHttpServer@186ecefb" classname="org.springframework.web.reactive.result.method.annotation.RequestMappingMessageConversionIntegrationTests" time="0.041"/>
  <testcase name="[1] org.springframework.web.testfixture.http.server.reactive.bootstrap.JettyHttpServer@1a791503" classname="org.springframework.web.reactive.result.method.annotation.RequestMappingMessageConversionIntegrationTests" time="0.031"/>
  <testcase name="[2] org.springframework.web.testfixture.http.server.reactive.bootstrap.ReactorHttpServer@34a189a6" classname="org.springframework.web.reactive.result.method.annotation.RequestMappingMessageConversionIntegrationTests" time="0.03"/>
  <testcase name="[3] org.springframework.web.testfixture.http.server.reactive.bootstrap.TomcatHttpServer@4fc11c66" classname="org.springframework.web.reactive.result.method.annotation.RequestMappingMessageConversionIntegrationTests" time="11.209"/>
  <testcase name="[4] org.springframework.web.testfixture.http.server.reactive.bootstrap.UndertowHttpServer@7178d3a3" classname="org.springframework.web.reactive.result.method.annotation.RequestMappingMessageConversionIntegrationTests" time="0.042"/>
  <testcase name="[1] org.springframework.web.testfixture.http.server.reactive.bootstrap.JettyHttpServer@7029fe41" classname="org.springframework.web.reactive.result.method.annotation.RequestMappingMessageConversionIntegrationTests" time="0.035"/>
  <testcase name="[2] org.springframework.web.testfixture.http.server.reactive.bootstrap.ReactorHttpServer@3223ec50" classname="org.springframework.web.reactive.result.method.annotation.RequestMappingMessageConversionIntegrationTests" time="0.03"/>
  <testcase name="[3] org.springframework.web.testfixture.http.server.reactive.bootstrap.TomcatHttpServer@4e3bfbbb" classname="org.springframework.web.reactive.result.method.annotation.RequestMappingMessageConversionIntegrationTests" time="11.217"/>
  <testcase name="[4] org.springframework.web.testfixture.http.server.reactive.bootstrap.UndertowHttpServer@6b70d8eb" classname="org.springframework.web.reactive.result.method.annotation.RequestMappingMessageConversionIntegrationTests" time="0.04"/>
  <system-out><![CDATA[17:48:48.789 [Test worker] DEBUG o.s.w.r.r.m.a.RequestMappingHandlerMapping - 34 mappings in 'requestMappingHandlerMapping'
17:48:48.800 [Test worker] DEBUG o.s.w.r.r.m.a.ControllerMethodResolver - ControllerAdvice beans: none
17:48:48.803 [Test worker] DEBUG o.s.w.s.a.HttpWebHandlerAdapter - enableLoggingRequestDetails='false': form data and headers will be masked to prevent unsafe logging of potentially sensitive data
17:48:48.803 [Test worker] WARN  o.e.j.s.h.ContextHandler - Empty contextPath
17:48:48.803 [Test worker] INFO  o.e.j.s.h.ContextHandler - Started o.e.j.s.ServletContextHandler@77a9360e{/,null,AVAILABLE}
17:48:48.803 [Test worker] DEBUG o.s.w.t.h.s.r.b.JettyHttpServer - Starting JettyHttpServer...
17:48:48.803 [Test worker] INFO  o.e.j.s.Server - jetty-9.4.39.v20210325; built: 2021-03-25T14:42:11.471Z; git: 9fc7ca5a922f2a37b84ec9dbc26a5168cee7e667; jvm 1.8.0_181-b13
17:48:48.805 [Test worker] INFO  o.e.j.s.AbstractConnector - Started ServerConnector@15a88ac1{HTTP/1.1, (http/1.1)}{0.0.0.0:52498}
17:48:48.805 [Test worker] INFO  o.e.j.s.Server - Started @95847ms
17:48:48.805 [Test worker] DEBUG o.s.w.t.h.s.r.b.JettyHttpServer - Server started on port 52498(0 millis).
17:48:48.805 [Test worker] DEBUG o.s.w.c.RestTemplate - HTTP GET http://localhost:52498/person-response/mono-declared-as-object
17:48:48.806 [Test worker] DEBUG o.s.w.c.RestTemplate - Accept=[application/xml, text/xml, application/json, application/x-jackson-smile, application/*+xml, application/*+json]
17:48:48.808 [qtp420910455-381] DEBUG o.s.w.s.a.HttpWebHandlerAdapter - [1e5fa848] HTTP GET "/person-response/mono-declared-as-object"
17:48:48.808 [qtp420910455-381] DEBUG o.s.w.r.r.m.a.RequestMappingHandlerMapping - [1e5fa848] Mapped to org.springframework.web.reactive.result.method.annotation.RequestMappingMessageConversionIntegrationTests$PersonResponseBodyController#getMonoDeclaredAsObject()
17:48:48.808 [qtp420910455-381] DEBUG o.s.w.r.r.m.a.ResponseBodyResultHandler - [1e5fa848] Using 'application/json' given [application/json] and supported [application/json, application/*+json, application/x-ndjson, application/x-jackson-smile, application/*+x-jackson-smile, text/event-stream]
17:48:48.808 [qtp420910455-381] DEBUG o.s.w.r.r.m.a.ResponseBodyResultHandler - [1e5fa848] 0..1 [java.lang.Object]
17:48:48.809 [qtp420910455-381] DEBUG o.s.h.c.j.Jackson2JsonEncoder - [1e5fa848] Encoding [Person{name='Robert'}]
17:48:48.810 [Test worker] DEBUG o.s.w.c.RestTemplate - Response 200 OK
17:48:48.810 [qtp420910455-381] DEBUG o.s.w.s.a.HttpWebHandlerAdapter - [1e5fa848] Completed 200 OK
17:48:48.810 [Test worker] DEBUG o.s.w.c.RestTemplate - Reading to [org.springframework.web.reactive.result.method.annotation.RequestMappingMessageConversionIntegrationTests$Person]
17:48:48.815 [Test worker] DEBUG o.s.w.t.h.s.r.b.JettyHttpServer - Stopping JettyHttpServer...
17:48:48.815 [Test worker] INFO  o.e.j.s.h.ContextHandler - Stopped o.e.j.s.ServletContextHandler@77a9360e{/,null,STOPPED}
17:48:48.817 [Test worker] INFO  o.e.j.s.AbstractConnector - Stopped ServerConnector@15a88ac1{HTTP/1.1, (http/1.1)}{0.0.0.0:0}
17:48:48.817 [Test worker] DEBUG o.s.w.t.h.s.r.b.JettyHttpServer - Server stopped (0 millis).
17:48:48.847 [Test worker] DEBUG o.s.w.r.r.m.a.RequestMappingHandlerMapping - 34 mappings in 'requestMappingHandlerMapping'
17:48:48.862 [Test worker] DEBUG o.s.w.r.r.m.a.ControllerMethodResolver - ControllerAdvice beans: none
17:48:48.864 [Test worker] DEBUG o.s.w.s.a.HttpWebHandlerAdapter - enableLoggingRequestDetails='false': form data and headers will be masked to prevent unsafe logging of potentially sensitive data
17:48:48.864 [Test worker] DEBUG o.s.w.t.h.s.r.b.ReactorHttpServer - Starting ReactorHttpServer...
17:48:48.864 [Test worker] DEBUG o.s.w.t.h.s.r.b.ReactorHttpServer - Server started on port 52500(0 millis).
17:48:48.864 [Test worker] DEBUG o.s.w.c.RestTemplate - HTTP GET http://localhost:52500/person-response/mono-declared-as-object
17:48:48.865 [Test worker] DEBUG o.s.w.c.RestTemplate - Accept=[application/xml, text/xml, application/json, application/x-jackson-smile, application/*+xml, application/*+json]
17:48:48.867 [reactor-http-nio-9] DEBUG o.s.w.s.a.HttpWebHandlerAdapter - [b9d994f1-1, L:/127.0.0.1:52500 - R:/127.0.0.1:52501] HTTP GET "/person-response/mono-declared-as-object"
17:48:48.867 [reactor-http-nio-9] DEBUG o.s.w.r.r.m.a.RequestMappingHandlerMapping - [b9d994f1-1, L:/127.0.0.1:52500 - R:/127.0.0.1:52501] Mapped to org.springframework.web.reactive.result.method.annotation.RequestMappingMessageConversionIntegrationTests$PersonResponseBodyController#getMonoDeclaredAsObject()
17:48:48.867 [reactor-http-nio-9] DEBUG o.s.w.r.r.m.a.ResponseBodyResultHandler - [b9d994f1-1, L:/127.0.0.1:52500 - R:/127.0.0.1:52501] Using 'application/json' given [application/json] and supported [application/json, application/*+json, application/x-ndjson, application/x-jackson-smile, application/*+x-jackson-smile, text/event-stream]
17:48:48.867 [reactor-http-nio-9] DEBUG o.s.w.r.r.m.a.ResponseBodyResultHandler - [b9d994f1-1, L:/127.0.0.1:52500 - R:/127.0.0.1:52501] 0..1 [java.lang.Object]
17:48:48.868 [reactor-http-nio-9] DEBUG o.s.h.c.j.Jackson2JsonEncoder - [b9d994f1-1, L:/127.0.0.1:52500 - R:/127.0.0.1:52501] Encoding [Person{name='Robert'}]
17:48:48.869 [reactor-http-nio-9] DEBUG o.s.w.s.a.HttpWebHandlerAdapter - [b9d994f1-1, L:/127.0.0.1:52500 - R:/127.0.0.1:52501] Completed 200 OK
17:48:48.869 [Test worker] DEBUG o.s.w.c.RestTemplate - Response 200 OK
17:48:48.869 [Test worker] DEBUG o.s.w.c.RestTemplate - Reading to [org.springframework.web.reactive.result.method.annotation.RequestMappingMessageConversionIntegrationTests$Person]
17:48:48.869 [Test worker] DEBUG o.s.w.t.h.s.r.b.ReactorHttpServer - Stopping ReactorHttpServer...
17:48:48.869 [Test worker] DEBUG o.s.w.t.h.s.r.b.ReactorHttpServer - Server stopped (0 millis).
17:48:48.900 [Test worker] DEBUG o.s.w.r.r.m.a.RequestMappingHandlerMapping - 34 mappings in 'requestMappingHandlerMapping'
17:48:48.911 [Test worker] DEBUG o.s.w.r.r.m.a.ControllerMethodResolver - ControllerAdvice beans: none
17:48:48.914 [Test worker] DEBUG o.s.w.s.a.HttpWebHandlerAdapter - enableLoggingRequestDetails='false': form data and headers will be masked to prevent unsafe logging of potentially sensitive data
17:48:48.914 [Test worker] DEBUG o.s.w.t.h.s.r.b.TomcatHttpServer - Starting TomcatHttpServer...
17:48:48.920 [Test worker] DEBUG o.s.w.t.h.s.r.b.TomcatHttpServer - Server started on port 52502(0 millis).
17:48:48.920 [Test worker] DEBUG o.s.w.c.RestTemplate - HTTP GET http://localhost:52502/person-response/mono-declared-as-object
17:48:48.921 [Test worker] DEBUG o.s.w.c.RestTemplate - Accept=[application/xml, text/xml, application/json, application/x-jackson-smile, application/*+xml, application/*+json]
17:48:48.923 [http-nio-auto-8-exec-1] DEBUG o.s.w.s.a.HttpWebHandlerAdapter - [3ba95c86] HTTP GET "/person-response/mono-declared-as-object"
17:48:48.923 [http-nio-auto-8-exec-1] DEBUG o.s.w.r.r.m.a.RequestMappingHandlerMapping - [3ba95c86] Mapped to org.springframework.web.reactive.result.method.annotation.RequestMappingMessageConversionIntegrationTests$PersonResponseBodyController#getMonoDeclaredAsObject()
17:48:48.923 [http-nio-auto-8-exec-1] DEBUG o.s.w.r.r.m.a.ResponseBodyResultHandler - [3ba95c86] Using 'application/json' given [application/json] and supported [application/json, application/*+json, application/x-ndjson, application/x-jackson-smile, application/*+x-jackson-smile, text/event-stream]
17:48:48.923 [http-nio-auto-8-exec-1] DEBUG o.s.w.r.r.m.a.ResponseBodyResultHandler - [3ba95c86] 0..1 [java.lang.Object]
17:48:48.923 [http-nio-auto-8-exec-1] DEBUG o.s.h.c.j.Jackson2JsonEncoder - [3ba95c86] Encoding [Person{name='Robert'}]
17:48:48.924 [http-nio-auto-8-exec-1] DEBUG o.s.w.s.a.HttpWebHandlerAdapter - [3ba95c86] Completed 200 OK
17:48:48.924 [Test worker] DEBUG o.s.w.c.RestTemplate - Response 200 OK
17:48:48.925 [Test worker] DEBUG o.s.w.c.RestTemplate - Reading to [org.springframework.web.reactive.result.method.annotation.RequestMappingMessageConversionIntegrationTests$Person]
17:48:48.925 [Test worker] DEBUG o.s.w.t.h.s.r.b.TomcatHttpServer - Stopping TomcatHttpServer...
17:49:00.124 [Test worker] DEBUG o.s.w.t.h.s.r.b.TomcatHttpServer - Server stopped (0 millis).
17:49:00.166 [Test worker] DEBUG o.s.w.r.r.m.a.RequestMappingHandlerMapping - 34 mappings in 'requestMappingHandlerMapping'
17:49:00.180 [Test worker] DEBUG o.s.w.r.r.m.a.ControllerMethodResolver - ControllerAdvice beans: none
17:49:00.182 [Test worker] DEBUG o.s.w.s.a.HttpWebHandlerAdapter - enableLoggingRequestDetails='false': form data and headers will be masked to prevent unsafe logging of potentially sensitive data
17:49:00.182 [Test worker] DEBUG o.s.w.t.h.s.r.b.UndertowHttpServer - Starting UndertowHttpServer...
17:49:00.182 [Test worker] INFO  i.undertow - starting server: Undertow - 2.2.7.Final
17:49:00.186 [Test worker] DEBUG o.s.w.t.h.s.r.b.UndertowHttpServer - Server started on port 52711(0 millis).
17:49:00.186 [Test worker] DEBUG o.s.w.c.RestTemplate - HTTP GET http://localhost:52711/person-response/mono-declared-as-object
17:49:00.187 [Test worker] DEBUG o.s.w.c.RestTemplate - Accept=[application/xml, text/xml, application/json, application/x-jackson-smile, application/*+xml, application/*+json]
17:49:00.188 [XNIO-8 I/O-6] DEBUG o.s.w.s.a.HttpWebHandlerAdapter - [23f4fe89-8] HTTP GET "/person-response/mono-declared-as-object"
17:49:00.188 [XNIO-8 I/O-6] DEBUG o.s.w.r.r.m.a.RequestMappingHandlerMapping - [23f4fe89-8] Mapped to org.springframework.web.reactive.result.method.annotation.RequestMappingMessageConversionIntegrationTests$PersonResponseBodyController#getMonoDeclaredAsObject()
17:49:00.189 [XNIO-8 I/O-6] DEBUG o.s.w.r.r.m.a.ResponseBodyResultHandler - [23f4fe89-8] Using 'application/json' given [application/json] and supported [application/json, application/*+json, application/x-ndjson, application/x-jackson-smile, application/*+x-jackson-smile, text/event-stream]
17:49:00.189 [XNIO-8 I/O-6] DEBUG o.s.w.r.r.m.a.ResponseBodyResultHandler - [23f4fe89-8] 0..1 [java.lang.Object]
17:49:00.189 [XNIO-8 I/O-6] DEBUG o.s.h.c.j.Jackson2JsonEncoder - [23f4fe89-8] Encoding [Person{name='Robert'}]
17:49:00.190 [XNIO-8 I/O-6] DEBUG o.s.w.s.a.HttpWebHandlerAdapter - [23f4fe89-8] Completed 200 OK
17:49:00.190 [Test worker] DEBUG o.s.w.c.RestTemplate - Response 200 OK
17:49:00.190 [Test worker] DEBUG o.s.w.c.RestTemplate - Reading to [org.springframework.web.reactive.result.method.annotation.RequestMappingMessageConversionIntegrationTests$Person]
17:49:00.190 [Test worker] DEBUG o.s.w.t.h.s.r.b.UndertowHttpServer - Stopping UndertowHttpServer...
17:49:00.190 [Test worker] INFO  i.undertow - stopping server: Undertow - 2.2.7.Final
17:49:00.191 [Test worker] DEBUG o.s.w.t.h.s.r.b.UndertowHttpServer - Server stopped (0 millis).
17:49:00.220 [Test worker] DEBUG o.s.w.r.r.m.a.RequestMappingHandlerMapping - 34 mappings in 'requestMappingHandlerMapping'
17:49:00.231 [Test worker] DEBUG o.s.w.r.r.m.a.ControllerMethodResolver - ControllerAdvice beans: none
17:49:00.233 [Test worker] DEBUG o.s.w.s.a.HttpWebHandlerAdapter - enableLoggingRequestDetails='false': form data and headers will be masked to prevent unsafe logging of potentially sensitive data
17:49:00.234 [Test worker] WARN  o.e.j.s.h.ContextHandler - Empty contextPath
17:49:00.234 [Test worker] INFO  o.e.j.s.h.ContextHandler - Started o.e.j.s.ServletContextHandler@115044d9{/,null,AVAILABLE}
17:49:00.234 [Test worker] DEBUG o.s.w.t.h.s.r.b.JettyHttpServer - Starting JettyHttpServer...
17:49:00.234 [Test worker] INFO  o.e.j.s.Server - jetty-9.4.39.v20210325; built: 2021-03-25T14:42:11.471Z; git: 9fc7ca5a922f2a37b84ec9dbc26a5168cee7e667; jvm 1.8.0_181-b13
17:49:00.237 [Test worker] INFO  o.e.j.s.AbstractConnector - Started ServerConnector@531be742{HTTP/1.1, (http/1.1)}{0.0.0.0:52713}
17:49:00.237 [Test worker] INFO  o.e.j.s.Server - Started @107279ms
17:49:00.237 [Test worker] DEBUG o.s.w.t.h.s.r.b.JettyHttpServer - Server started on port 52713(0 millis).
17:49:00.237 [Test worker] DEBUG o.s.w.c.RestTemplate - HTTP GET http://localhost:52713/raw-response/publisher
17:49:00.238 [Test worker] DEBUG o.s.w.c.RestTemplate - Accept=[application/xml, text/xml, application/json, application/x-jackson-smile, application/*+xml, application/*+json]
17:49:00.240 [qtp545092654-426] DEBUG o.s.w.s.a.HttpWebHandlerAdapter - [34256527] HTTP GET "/raw-response/publisher"
17:49:00.241 [qtp545092654-426] DEBUG o.s.w.r.r.m.a.RequestMappingHandlerMapping - [34256527] Mapped to org.springframework.web.reactive.result.method.annotation.RequestMappingMessageConversionIntegrationTests$RawResponseBodyController#getPublisher()
17:49:00.247 [qtp545092654-426] DEBUG o.s.w.r.r.m.a.ResponseBodyResultHandler - [34256527] Using 'application/json' given [application/json] and supported [*/*, application/json, application/*+json, application/x-ndjson, application/x-jackson-smile, application/*+x-jackson-smile, text/event-stream]
17:49:00.247 [qtp545092654-426] DEBUG o.s.w.r.r.m.a.ResponseBodyResultHandler - [34256527] 0..N [java.nio.ByteBuffer]
17:49:00.248 [qtp545092654-426] DEBUG o.s.h.c.j.Jackson2JsonEncoder - Encoding [Person{name='Robert'}]
17:49:00.248 [qtp545092654-426] DEBUG o.s.c.c.ByteBufferEncoder - [34256527] Writing 17 bytes
17:49:00.249 [qtp545092654-426] DEBUG o.s.w.s.a.HttpWebHandlerAdapter - [34256527] Completed 200 OK
17:49:00.249 [Test worker] DEBUG o.s.w.c.RestTemplate - Response 200 OK
17:49:00.249 [Test worker] DEBUG o.s.w.c.RestTemplate - Reading to [org.springframework.web.reactive.result.method.annotation.RequestMappingMessageConversionIntegrationTests$Person]
17:49:00.250 [Test worker] DEBUG o.s.w.t.h.s.r.b.JettyHttpServer - Stopping JettyHttpServer...
17:49:00.250 [Test worker] INFO  o.e.j.s.h.ContextHandler - Stopped o.e.j.s.ServletContextHandler@115044d9{/,null,STOPPED}
17:49:00.252 [Test worker] INFO  o.e.j.s.AbstractConnector - Stopped ServerConnector@531be742{HTTP/1.1, (http/1.1)}{0.0.0.0:0}
17:49:00.252 [Test worker] DEBUG o.s.w.t.h.s.r.b.JettyHttpServer - Server stopped (0 millis).
17:49:00.282 [Test worker] DEBUG o.s.w.r.r.m.a.RequestMappingHandlerMapping - 34 mappings in 'requestMappingHandlerMapping'
17:49:00.293 [Test worker] DEBUG o.s.w.r.r.m.a.ControllerMethodResolver - ControllerAdvice beans: none
17:49:00.295 [Test worker] DEBUG o.s.w.s.a.HttpWebHandlerAdapter - enableLoggingRequestDetails='false': form data and headers will be masked to prevent unsafe logging of potentially sensitive data
17:49:00.295 [Test worker] DEBUG o.s.w.t.h.s.r.b.ReactorHttpServer - Starting ReactorHttpServer...
17:49:00.295 [Test worker] DEBUG o.s.w.t.h.s.r.b.ReactorHttpServer - Server started on port 52715(0 millis).
17:49:00.295 [Test worker] DEBUG o.s.w.c.RestTemplate - HTTP GET http://localhost:52715/raw-response/publisher
17:49:00.296 [Test worker] DEBUG o.s.w.c.RestTemplate - Accept=[application/xml, text/xml, application/json, application/x-jackson-smile, application/*+xml, application/*+json]
17:49:00.298 [reactor-http-nio-11] DEBUG o.s.w.s.a.HttpWebHandlerAdapter - [09c9dd37-1, L:/127.0.0.1:52715 - R:/127.0.0.1:52716] HTTP GET "/raw-response/publisher"
17:49:00.298 [reactor-http-nio-11] DEBUG o.s.w.r.r.m.a.RequestMappingHandlerMapping - [09c9dd37-1, L:/127.0.0.1:52715 - R:/127.0.0.1:52716] Mapped to org.springframework.web.reactive.result.method.annotation.RequestMappingMessageConversionIntegrationTests$RawResponseBodyController#getPublisher()
17:49:00.302 [reactor-http-nio-11] DEBUG o.s.w.r.r.m.a.ResponseBodyResultHandler - [09c9dd37-1, L:/127.0.0.1:52715 - R:/127.0.0.1:52716] Using 'application/json' given [application/json] and supported [*/*, application/json, application/*+json, application/x-ndjson, application/x-jackson-smile, application/*+x-jackson-smile, text/event-stream]
17:49:00.302 [reactor-http-nio-11] DEBUG o.s.w.r.r.m.a.ResponseBodyResultHandler - [09c9dd37-1, L:/127.0.0.1:52715 - R:/127.0.0.1:52716] 0..N [java.nio.ByteBuffer]
17:49:00.302 [reactor-http-nio-11] DEBUG o.s.h.c.j.Jackson2JsonEncoder - Encoding [Person{name='Robert'}]
17:49:00.303 [reactor-http-nio-11] DEBUG o.s.c.c.ByteBufferEncoder - [09c9dd37-1, L:/127.0.0.1:52715 - R:/127.0.0.1:52716] Writing 17 bytes
17:49:00.304 [Test worker] DEBUG o.s.w.c.RestTemplate - Response 200 OK
17:49:00.304 [reactor-http-nio-11] DEBUG o.s.w.s.a.HttpWebHandlerAdapter - [09c9dd37-1, L:/127.0.0.1:52715 - R:/127.0.0.1:52716] Completed 200 OK
17:49:00.304 [Test worker] DEBUG o.s.w.c.RestTemplate - Reading to [org.springframework.web.reactive.result.method.annotation.RequestMappingMessageConversionIntegrationTests$Person]
17:49:00.305 [Test worker] DEBUG o.s.w.t.h.s.r.b.ReactorHttpServer - Stopping ReactorHttpServer...
17:49:00.305 [Test worker] DEBUG o.s.w.t.h.s.r.b.ReactorHttpServer - Server stopped (0 millis).
17:49:00.336 [Test worker] DEBUG o.s.w.r.r.m.a.RequestMappingHandlerMapping - 34 mappings in 'requestMappingHandlerMapping'
17:49:00.346 [Test worker] DEBUG o.s.w.r.r.m.a.ControllerMethodResolver - ControllerAdvice beans: none
17:49:00.348 [Test worker] DEBUG o.s.w.s.a.HttpWebHandlerAdapter - enableLoggingRequestDetails='false': form data and headers will be masked to prevent unsafe logging of potentially sensitive data
17:49:00.349 [Test worker] DEBUG o.s.w.t.h.s.r.b.TomcatHttpServer - Starting TomcatHttpServer...
17:49:00.355 [Test worker] DEBUG o.s.w.t.h.s.r.b.TomcatHttpServer - Server started on port 52717(0 millis).
17:49:00.356 [Test worker] DEBUG o.s.w.c.RestTemplate - HTTP GET http://localhost:52717/raw-response/publisher
17:49:00.356 [Test worker] DEBUG o.s.w.c.RestTemplate - Accept=[application/xml, text/xml, application/json, application/x-jackson-smile, application/*+xml, application/*+json]
17:49:00.358 [http-nio-auto-9-exec-1] DEBUG o.s.w.s.a.HttpWebHandlerAdapter - [1b1b17ab] HTTP GET "/raw-response/publisher"
17:49:00.358 [http-nio-auto-9-exec-1] DEBUG o.s.w.r.r.m.a.RequestMappingHandlerMapping - [1b1b17ab] Mapped to org.springframework.web.reactive.result.method.annotation.RequestMappingMessageConversionIntegrationTests$RawResponseBodyController#getPublisher()
17:49:00.361 [http-nio-auto-9-exec-1] DEBUG o.s.w.r.r.m.a.ResponseBodyResultHandler - [1b1b17ab] Using 'application/json' given [application/json] and supported [*/*, application/json, application/*+json, application/x-ndjson, application/x-jackson-smile, application/*+x-jackson-smile, text/event-stream]
17:49:00.361 [http-nio-auto-9-exec-1] DEBUG o.s.w.r.r.m.a.ResponseBodyResultHandler - [1b1b17ab] 0..N [java.nio.ByteBuffer]
17:49:00.361 [http-nio-auto-9-exec-1] DEBUG o.s.h.c.j.Jackson2JsonEncoder - Encoding [Person{name='Robert'}]
17:49:00.362 [http-nio-auto-9-exec-1] DEBUG o.s.c.c.ByteBufferEncoder - [1b1b17ab] Writing 17 bytes
17:49:00.362 [http-nio-auto-9-exec-1] DEBUG o.s.w.s.a.HttpWebHandlerAdapter - [1b1b17ab] Completed 200 OK
17:49:00.362 [Test worker] DEBUG o.s.w.c.RestTemplate - Response 200 OK
17:49:00.363 [Test worker] DEBUG o.s.w.c.RestTemplate - Reading to [org.springframework.web.reactive.result.method.annotation.RequestMappingMessageConversionIntegrationTests$Person]
17:49:00.363 [Test worker] DEBUG o.s.w.t.h.s.r.b.TomcatHttpServer - Stopping TomcatHttpServer...
17:49:11.475 [Test worker] DEBUG o.s.w.t.h.s.r.b.TomcatHttpServer - Server stopped (0 millis).
17:49:11.510 [Test worker] DEBUG o.s.w.r.r.m.a.RequestMappingHandlerMapping - 34 mappings in 'requestMappingHandlerMapping'
17:49:11.521 [Test worker] DEBUG o.s.w.r.r.m.a.ControllerMethodResolver - ControllerAdvice beans: none
17:49:11.523 [Test worker] DEBUG o.s.w.s.a.HttpWebHandlerAdapter - enableLoggingRequestDetails='false': form data and headers will be masked to prevent unsafe logging of potentially sensitive data
17:49:11.523 [Test worker] DEBUG o.s.w.t.h.s.r.b.UndertowHttpServer - Starting UndertowHttpServer...
17:49:11.523 [Test worker] INFO  i.undertow - starting server: Undertow - 2.2.7.Final
17:49:11.528 [Test worker] DEBUG o.s.w.t.h.s.r.b.UndertowHttpServer - Server started on port 52764(0 millis).
17:49:11.528 [Test worker] DEBUG o.s.w.c.RestTemplate - HTTP GET http://localhost:52764/raw-response/publisher
17:49:11.528 [Test worker] DEBUG o.s.w.c.RestTemplate - Accept=[application/xml, text/xml, application/json, application/x-jackson-smile, application/*+xml, application/*+json]
17:49:11.530 [XNIO-9 I/O-2] DEBUG o.s.w.s.a.HttpWebHandlerAdapter - [40e69345-9] HTTP GET "/raw-response/publisher"
17:49:11.530 [XNIO-9 I/O-2] DEBUG o.s.w.r.r.m.a.RequestMappingHandlerMapping - [40e69345-9] Mapped to org.springframework.web.reactive.result.method.annotation.RequestMappingMessageConversionIntegrationTests$RawResponseBodyController#getPublisher()
17:49:11.532 [XNIO-9 I/O-2] DEBUG o.s.w.r.r.m.a.ResponseBodyResultHandler - [40e69345-9] Using 'application/json' given [application/json] and supported [*/*, application/json, application/*+json, application/x-ndjson, application/x-jackson-smile, application/*+x-jackson-smile, text/event-stream]
17:49:11.532 [XNIO-9 I/O-2] DEBUG o.s.w.r.r.m.a.ResponseBodyResultHandler - [40e69345-9] 0..N [java.nio.ByteBuffer]
17:49:11.532 [XNIO-9 I/O-2] DEBUG o.s.h.c.j.Jackson2JsonEncoder - Encoding [Person{name='Robert'}]
17:49:11.533 [XNIO-9 I/O-2] DEBUG o.s.c.c.ByteBufferEncoder - [40e69345-9] Writing 17 bytes
17:49:11.533 [XNIO-9 I/O-2] DEBUG o.s.w.s.a.HttpWebHandlerAdapter - [40e69345-9] Completed 200 OK
17:49:11.533 [Test worker] DEBUG o.s.w.c.RestTemplate - Response 200 OK
17:49:11.533 [Test worker] DEBUG o.s.w.c.RestTemplate - Reading to [org.springframework.web.reactive.result.method.annotation.RequestMappingMessageConversionIntegrationTests$Person]
17:49:11.533 [Test worker] DEBUG o.s.w.t.h.s.r.b.UndertowHttpServer - Stopping UndertowHttpServer...
17:49:11.533 [Test worker] INFO  i.undertow - stopping server: Undertow - 2.2.7.Final
17:49:11.534 [Test worker] DEBUG o.s.w.t.h.s.r.b.UndertowHttpServer - Server stopped (0 millis).
17:49:11.562 [Test worker] DEBUG o.s.w.r.r.m.a.RequestMappingHandlerMapping - 34 mappings in 'requestMappingHandlerMapping'
17:49:11.572 [Test worker] DEBUG o.s.w.r.r.m.a.ControllerMethodResolver - ControllerAdvice beans: none
17:49:11.573 [Test worker] DEBUG o.s.w.s.a.HttpWebHandlerAdapter - enableLoggingRequestDetails='false': form data and headers will be masked to prevent unsafe logging of potentially sensitive data
17:49:11.574 [Test worker] WARN  o.e.j.s.h.ContextHandler - Empty contextPath
17:49:11.574 [Test worker] INFO  o.e.j.s.h.ContextHandler - Started o.e.j.s.ServletContextHandler@71baf124{/,null,AVAILABLE}
17:49:11.574 [Test worker] DEBUG o.s.w.t.h.s.r.b.JettyHttpServer - Starting JettyHttpServer...
17:49:11.574 [Test worker] INFO  o.e.j.s.Server - jetty-9.4.39.v20210325; built: 2021-03-25T14:42:11.471Z; git: 9fc7ca5a922f2a37b84ec9dbc26a5168cee7e667; jvm 1.8.0_181-b13
17:49:11.575 [Test worker] INFO  o.e.j.s.AbstractConnector - Started ServerConnector@ac3ec0{HTTP/1.1, (http/1.1)}{0.0.0.0:52766}
17:49:11.575 [Test worker] INFO  o.e.j.s.Server - Started @118617ms
17:49:11.575 [Test worker] DEBUG o.s.w.t.h.s.r.b.JettyHttpServer - Server started on port 52766(0 millis).
17:49:11.576 [Test worker] DEBUG o.s.w.c.RestTemplate - HTTP GET http://localhost:52766/person-response/completable-future
17:49:11.576 [Test worker] DEBUG o.s.w.c.RestTemplate - Accept=[application/xml, text/xml, application/json, application/x-jackson-smile, application/*+xml, application/*+json]
17:49:11.577 [qtp603996278-471] DEBUG o.s.w.s.a.HttpWebHandlerAdapter - [65a81ac7] HTTP GET "/person-response/completable-future"
17:49:11.578 [qtp603996278-471] DEBUG o.s.w.r.r.m.a.RequestMappingHandlerMapping - [65a81ac7] Mapped to org.springframework.web.reactive.result.method.annotation.RequestMappingMessageConversionIntegrationTests$PersonResponseBodyController#getCompletableFuture()
17:49:11.579 [qtp603996278-471] DEBUG o.s.w.r.r.m.a.ResponseBodyResultHandler - [65a81ac7] Using 'application/json' given [application/json] and supported [application/json, application/*+json, application/x-ndjson, application/x-jackson-smile, application/*+x-jackson-smile, application/xml, text/xml, application/*+xml, text/event-stream]
17:49:11.579 [qtp603996278-471] DEBUG o.s.w.r.r.m.a.ResponseBodyResultHandler - [65a81ac7] 0..1 [org.springframework.web.reactive.result.method.annotation.RequestMappingMessageConversionIntegrationTests$Person]
17:49:11.579 [qtp603996278-471] DEBUG o.s.h.c.j.Jackson2JsonEncoder - [65a81ac7] Encoding [Person{name='Robert'}]
17:49:11.580 [qtp603996278-471] DEBUG o.s.w.s.a.HttpWebHandlerAdapter - [65a81ac7] Completed 200 OK
17:49:11.580 [Test worker] DEBUG o.s.w.c.RestTemplate - Response 200 OK
17:49:11.580 [Test worker] DEBUG o.s.w.c.RestTemplate - Reading to [org.springframework.web.reactive.result.method.annotation.RequestMappingMessageConversionIntegrationTests$Person]
17:49:11.580 [Test worker] DEBUG o.s.w.t.h.s.r.b.JettyHttpServer - Stopping JettyHttpServer...
17:49:11.580 [Test worker] INFO  o.e.j.s.h.ContextHandler - Stopped o.e.j.s.ServletContextHandler@71baf124{/,null,STOPPED}
17:49:11.581 [Test worker] INFO  o.e.j.s.AbstractConnector - Stopped ServerConnector@ac3ec0{HTTP/1.1, (http/1.1)}{0.0.0.0:0}
17:49:11.581 [Test worker] DEBUG o.s.w.t.h.s.r.b.JettyHttpServer - Server stopped (0 millis).
17:49:11.604 [Test worker] DEBUG o.s.w.r.r.m.a.RequestMappingHandlerMapping - 34 mappings in 'requestMappingHandlerMapping'
17:49:11.614 [Test worker] DEBUG o.s.w.r.r.m.a.ControllerMethodResolver - ControllerAdvice beans: none
17:49:11.615 [Test worker] DEBUG o.s.w.s.a.HttpWebHandlerAdapter - enableLoggingRequestDetails='false': form data and headers will be masked to prevent unsafe logging of potentially sensitive data
17:49:11.615 [Test worker] DEBUG o.s.w.t.h.s.r.b.ReactorHttpServer - Starting ReactorHttpServer...
17:49:11.616 [Test worker] DEBUG o.s.w.t.h.s.r.b.ReactorHttpServer - Server started on port 52768(0 millis).
17:49:11.616 [Test worker] DEBUG o.s.w.c.RestTemplate - HTTP GET http://localhost:52768/person-response/completable-future
17:49:11.617 [Test worker] DEBUG o.s.w.c.RestTemplate - Accept=[application/xml, text/xml, application/json, application/x-jackson-smile, application/*+xml, application/*+json]
17:49:11.618 [reactor-http-nio-13] DEBUG o.s.w.s.a.HttpWebHandlerAdapter - [b36ecaf2-1, L:/127.0.0.1:52768 - R:/127.0.0.1:52769] HTTP GET "/person-response/completable-future"
17:49:11.618 [reactor-http-nio-13] DEBUG o.s.w.r.r.m.a.RequestMappingHandlerMapping - [b36ecaf2-1, L:/127.0.0.1:52768 - R:/127.0.0.1:52769] Mapped to org.springframework.web.reactive.result.method.annotation.RequestMappingMessageConversionIntegrationTests$PersonResponseBodyController#getCompletableFuture()
17:49:11.619 [reactor-http-nio-13] DEBUG o.s.w.r.r.m.a.ResponseBodyResultHandler - [b36ecaf2-1, L:/127.0.0.1:52768 - R:/127.0.0.1:52769] Using 'application/json' given [application/json] and supported [application/json, application/*+json, application/x-ndjson, application/x-jackson-smile, application/*+x-jackson-smile, application/xml, text/xml, application/*+xml, text/event-stream]
17:49:11.619 [reactor-http-nio-13] DEBUG o.s.w.r.r.m.a.ResponseBodyResultHandler - [b36ecaf2-1, L:/127.0.0.1:52768 - R:/127.0.0.1:52769] 0..1 [org.springframework.web.reactive.result.method.annotation.RequestMappingMessageConversionIntegrationTests$Person]
17:49:11.620 [reactor-http-nio-13] DEBUG o.s.h.c.j.Jackson2JsonEncoder - [b36ecaf2-1, L:/127.0.0.1:52768 - R:/127.0.0.1:52769] Encoding [Person{name='Robert'}]
17:49:11.620 [reactor-http-nio-13] DEBUG o.s.w.s.a.HttpWebHandlerAdapter - [b36ecaf2-1, L:/127.0.0.1:52768 - R:/127.0.0.1:52769] Completed 200 OK
17:49:11.620 [Test worker] DEBUG o.s.w.c.RestTemplate - Response 200 OK
17:49:11.621 [Test worker] DEBUG o.s.w.c.RestTemplate - Reading to [org.springframework.web.reactive.result.method.annotation.RequestMappingMessageConversionIntegrationTests$Person]
17:49:11.621 [Test worker] DEBUG o.s.w.t.h.s.r.b.ReactorHttpServer - Stopping ReactorHttpServer...
17:49:11.621 [Test worker] DEBUG o.s.w.t.h.s.r.b.ReactorHttpServer - Server stopped (0 millis).
17:49:11.645 [Test worker] DEBUG o.s.w.r.r.m.a.RequestMappingHandlerMapping - 34 mappings in 'requestMappingHandlerMapping'
17:49:11.656 [Test worker] DEBUG o.s.w.r.r.m.a.ControllerMethodResolver - ControllerAdvice beans: none
17:49:11.657 [Test worker] DEBUG o.s.w.s.a.HttpWebHandlerAdapter - enableLoggingRequestDetails='false': form data and headers will be masked to prevent unsafe logging of potentially sensitive data
17:49:11.658 [Test worker] DEBUG o.s.w.t.h.s.r.b.TomcatHttpServer - Starting TomcatHttpServer...
17:49:11.664 [Test worker] DEBUG o.s.w.t.h.s.r.b.TomcatHttpServer - Server started on port 52770(0 millis).
17:49:11.664 [Test worker] DEBUG o.s.w.c.RestTemplate - HTTP GET http://localhost:52770/person-response/completable-future
17:49:11.665 [Test worker] DEBUG o.s.w.c.RestTemplate - Accept=[application/xml, text/xml, application/json, application/x-jackson-smile, application/*+xml, application/*+json]
17:49:11.667 [http-nio-auto-10-exec-1] DEBUG o.s.w.s.a.HttpWebHandlerAdapter - [148d854e] HTTP GET "/person-response/completable-future"
17:49:11.667 [http-nio-auto-10-exec-1] DEBUG o.s.w.r.r.m.a.RequestMappingHandlerMapping - [148d854e] Mapped to org.springframework.web.reactive.result.method.annotation.RequestMappingMessageConversionIntegrationTests$PersonResponseBodyController#getCompletableFuture()
17:49:11.668 [http-nio-auto-10-exec-1] DEBUG o.s.w.r.r.m.a.ResponseBodyResultHandler - [148d854e] Using 'application/json' given [application/json] and supported [application/json, application/*+json, application/x-ndjson, application/x-jackson-smile, application/*+x-jackson-smile, application/xml, text/xml, application/*+xml, text/event-stream]
17:49:11.668 [http-nio-auto-10-exec-1] DEBUG o.s.w.r.r.m.a.ResponseBodyResultHandler - [148d854e] 0..1 [org.springframework.web.reactive.result.method.annotation.RequestMappingMessageConversionIntegrationTests$Person]
17:49:11.669 [http-nio-auto-10-exec-1] DEBUG o.s.h.c.j.Jackson2JsonEncoder - [148d854e] Encoding [Person{name='Robert'}]
17:49:11.669 [http-nio-auto-10-exec-1] DEBUG o.s.w.s.a.HttpWebHandlerAdapter - [148d854e] Completed 200 OK
17:49:11.669 [Test worker] DEBUG o.s.w.c.RestTemplate - Response 200 OK
17:49:11.669 [Test worker] DEBUG o.s.w.c.RestTemplate - Reading to [org.springframework.web.reactive.result.method.annotation.RequestMappingMessageConversionIntegrationTests$Person]
17:49:11.670 [Test worker] DEBUG o.s.w.t.h.s.r.b.TomcatHttpServer - Stopping TomcatHttpServer...
17:49:22.823 [Test worker] DEBUG o.s.w.t.h.s.r.b.TomcatHttpServer - Server stopped (0 millis).
17:49:22.852 [Test worker] DEBUG o.s.w.r.r.m.a.RequestMappingHandlerMapping - 34 mappings in 'requestMappingHandlerMapping'
17:49:22.861 [Test worker] DEBUG o.s.w.r.r.m.a.ControllerMethodResolver - ControllerAdvice beans: none
17:49:22.863 [Test worker] DEBUG o.s.w.s.a.HttpWebHandlerAdapter - enableLoggingRequestDetails='false': form data and headers will be masked to prevent unsafe logging of potentially sensitive data
17:49:22.863 [Test worker] DEBUG o.s.w.t.h.s.r.b.UndertowHttpServer - Starting UndertowHttpServer...
17:49:22.863 [Test worker] INFO  i.undertow - starting server: Undertow - 2.2.7.Final
17:49:22.866 [Test worker] DEBUG o.s.w.t.h.s.r.b.UndertowHttpServer - Server started on port 52870(0 millis).
17:49:22.866 [Test worker] DEBUG o.s.w.c.RestTemplate - HTTP GET http://localhost:52870/person-response/completable-future
17:49:22.867 [Test worker] DEBUG o.s.w.c.RestTemplate - Accept=[application/xml, text/xml, application/json, application/x-jackson-smile, application/*+xml, application/*+json]
17:49:22.868 [XNIO-10 I/O-13] DEBUG o.s.w.s.a.HttpWebHandlerAdapter - [4c70bc12-10] HTTP GET "/person-response/completable-future"
17:49:22.868 [XNIO-10 I/O-13] DEBUG o.s.w.r.r.m.a.RequestMappingHandlerMapping - [4c70bc12-10] Mapped to org.springframework.web.reactive.result.method.annotation.RequestMappingMessageConversionIntegrationTests$PersonResponseBodyController#getCompletableFuture()
17:49:22.869 [XNIO-10 I/O-13] DEBUG o.s.w.r.r.m.a.ResponseBodyResultHandler - [4c70bc12-10] Using 'application/json' given [application/json] and supported [application/json, application/*+json, application/x-ndjson, application/x-jackson-smile, application/*+x-jackson-smile, application/xml, text/xml, application/*+xml, text/event-stream]
17:49:22.869 [XNIO-10 I/O-13] DEBUG o.s.w.r.r.m.a.ResponseBodyResultHandler - [4c70bc12-10] 0..1 [org.springframework.web.reactive.result.method.annotation.RequestMappingMessageConversionIntegrationTests$Person]
17:49:22.869 [XNIO-10 I/O-13] DEBUG o.s.h.c.j.Jackson2JsonEncoder - [4c70bc12-10] Encoding [Person{name='Robert'}]
17:49:22.870 [XNIO-10 I/O-13] DEBUG o.s.w.s.a.HttpWebHandlerAdapter - [4c70bc12-10] Completed 200 OK
17:49:22.870 [Test worker] DEBUG o.s.w.c.RestTemplate - Response 200 OK
17:49:22.870 [Test worker] DEBUG o.s.w.c.RestTemplate - Reading to [org.springframework.web.reactive.result.method.annotation.RequestMappingMessageConversionIntegrationTests$Person]
17:49:22.870 [Test worker] DEBUG o.s.w.t.h.s.r.b.UndertowHttpServer - Stopping UndertowHttpServer...
17:49:22.870 [Test worker] INFO  i.undertow - stopping server: Undertow - 2.2.7.Final
17:49:22.871 [Test worker] DEBUG o.s.w.t.h.s.r.b.UndertowHttpServer - Server stopped (0 millis).
17:49:22.894 [Test worker] DEBUG o.s.w.r.r.m.a.RequestMappingHandlerMapping - 34 mappings in 'requestMappingHandlerMapping'
17:49:22.904 [Test worker] DEBUG o.s.w.r.r.m.a.ControllerMethodResolver - ControllerAdvice beans: none
17:49:22.905 [Test worker] DEBUG o.s.w.s.a.HttpWebHandlerAdapter - enableLoggingRequestDetails='false': form data and headers will be masked to prevent unsafe logging of potentially sensitive data
17:49:22.905 [Test worker] WARN  o.e.j.s.h.ContextHandler - Empty contextPath
17:49:22.906 [Test worker] INFO  o.e.j.s.h.ContextHandler - Started o.e.j.s.ServletContextHandler@6de4a15b{/,null,AVAILABLE}
17:49:22.906 [Test worker] DEBUG o.s.w.t.h.s.r.b.JettyHttpServer - Starting JettyHttpServer...
17:49:22.906 [Test worker] INFO  o.e.j.s.Server - jetty-9.4.39.v20210325; built: 2021-03-25T14:42:11.471Z; git: 9fc7ca5a922f2a37b84ec9dbc26a5168cee7e667; jvm 1.8.0_181-b13
17:49:22.907 [Test worker] INFO  o.e.j.s.AbstractConnector - Started ServerConnector@2f456465{HTTP/1.1, (http/1.1)}{0.0.0.0:52872}
17:49:22.907 [Test worker] INFO  o.e.j.s.Server - Started @129949ms
17:49:22.907 [Test worker] DEBUG o.s.w.t.h.s.r.b.JettyHttpServer - Server started on port 52872(0 millis).
17:49:22.908 [Test worker] DEBUG o.s.w.c.RestTemplate - HTTP POST http://localhost:52872/person-create/observable
17:49:22.914 [Test worker] DEBUG o.s.w.c.RestTemplate - Accept=[application/json, application/x-jackson-smile, application/*+json]
17:49:22.914 [Test worker] DEBUG o.s.w.c.RestTemplate - Writing [org.springframework.web.reactive.result.method.annotation.RequestMappingMessageConversionIntegrationTests$People@7824f070] as "application/xml"
17:49:23.026 [qtp552569567-516] DEBUG o.s.w.s.a.HttpWebHandlerAdapter - [7e9986b8] HTTP POST "/person-create/observable"
17:49:23.026 [qtp552569567-516] DEBUG o.s.w.r.r.m.a.RequestMappingHandlerMapping - [7e9986b8] Mapped to org.springframework.web.reactive.result.method.annotation.RequestMappingMessageConversionIntegrationTests$PersonCreateController#createWithObservable(Observable)
17:49:23.028 [qtp552569567-516] DEBUG o.s.w.r.r.m.a.RequestBodyMethodArgumentResolver - [7e9986b8] Content-Type:application/xml
17:49:23.028 [qtp552569567-516] DEBUG o.s.w.r.r.m.a.RequestBodyMethodArgumentResolver - [7e9986b8] 0..N [org.springframework.web.reactive.result.method.annotation.RequestMappingMessageConversionIntegrationTests$Person]
17:49:23.068 [qtp552569567-516] DEBUG o.s.h.c.x.Jaxb2XmlDecoder - [7e9986b8] Decoded [Person{name='Robert'}]
17:49:23.069 [qtp552569567-516] DEBUG o.s.h.c.x.Jaxb2XmlDecoder - [7e9986b8] Decoded [Person{name='Marie'}]
17:49:23.069 [qtp552569567-516] DEBUG o.s.w.s.a.HttpWebHandlerAdapter - [7e9986b8] Completed 200 OK
17:49:23.069 [Test worker] DEBUG o.s.w.c.RestTemplate - Response 200 OK
17:49:23.070 [Test worker] DEBUG o.s.w.t.h.s.r.b.JettyHttpServer - Stopping JettyHttpServer...
17:49:23.070 [Test worker] INFO  o.e.j.s.h.ContextHandler - Stopped o.e.j.s.ServletContextHandler@6de4a15b{/,null,STOPPED}
17:49:23.071 [Test worker] INFO  o.e.j.s.AbstractConnector - Stopped ServerConnector@2f456465{HTTP/1.1, (http/1.1)}{0.0.0.0:0}
17:49:23.071 [Test worker] DEBUG o.s.w.t.h.s.r.b.JettyHttpServer - Server stopped (0 millis).
17:49:23.100 [Test worker] DEBUG o.s.w.r.r.m.a.RequestMappingHandlerMapping - 34 mappings in 'requestMappingHandlerMapping'
17:49:23.110 [Test worker] DEBUG o.s.w.r.r.m.a.ControllerMethodResolver - ControllerAdvice beans: none
17:49:23.112 [Test worker] DEBUG o.s.w.s.a.HttpWebHandlerAdapter - enableLoggingRequestDetails='false': form data and headers will be masked to prevent unsafe logging of potentially sensitive data
17:49:23.112 [Test worker] DEBUG o.s.w.t.h.s.r.b.ReactorHttpServer - Starting ReactorHttpServer...
17:49:23.113 [Test worker] DEBUG o.s.w.t.h.s.r.b.ReactorHttpServer - Server started on port 52881(0 millis).
17:49:23.113 [Test worker] DEBUG o.s.w.c.RestTemplate - HTTP POST http://localhost:52881/person-create/observable
17:49:23.113 [Test worker] DEBUG o.s.w.c.RestTemplate - Accept=[application/json, application/x-jackson-smile, application/*+json]
17:49:23.113 [Test worker] DEBUG o.s.w.c.RestTemplate - Writing [org.springframework.web.reactive.result.method.annotation.RequestMappingMessageConversionIntegrationTests$People@17651d50] as "application/xml"
17:49:23.117 [reactor-http-nio-15] DEBUG o.s.w.s.a.HttpWebHandlerAdapter - [7670c7de-1, L:/127.0.0.1:52881 - R:/127.0.0.1:52882] HTTP POST "/person-create/observable"
17:49:23.118 [reactor-http-nio-15] DEBUG o.s.w.r.r.m.a.RequestMappingHandlerMapping - [7670c7de-1, L:/127.0.0.1:52881 - R:/127.0.0.1:52882] Mapped to org.springframework.web.reactive.result.method.annotation.RequestMappingMessageConversionIntegrationTests$PersonCreateController#createWithObservable(Observable)
17:49:23.118 [reactor-http-nio-15] DEBUG o.s.w.r.r.m.a.RequestBodyMethodArgumentResolver - [7670c7de-1, L:/127.0.0.1:52881 - R:/127.0.0.1:52882] Content-Type:application/xml
17:49:23.118 [reactor-http-nio-15] DEBUG o.s.w.r.r.m.a.RequestBodyMethodArgumentResolver - [7670c7de-1, L:/127.0.0.1:52881 - R:/127.0.0.1:52882] 0..N [org.springframework.web.reactive.result.method.annotation.RequestMappingMessageConversionIntegrationTests$Person]
17:49:23.120 [reactor-http-nio-15] DEBUG o.s.h.c.x.Jaxb2XmlDecoder - [7670c7de-1, L:/127.0.0.1:52881 - R:/127.0.0.1:52882] Decoded [Person{name='Robert'}]
17:49:23.120 [reactor-http-nio-15] DEBUG o.s.h.c.x.Jaxb2XmlDecoder - [7670c7de-1, L:/127.0.0.1:52881 - R:/127.0.0.1:52882] Decoded [Person{name='Marie'}]
17:49:23.121 [reactor-http-nio-15] DEBUG o.s.w.s.a.HttpWebHandlerAdapter - [7670c7de-1, L:/127.0.0.1:52881 - R:/127.0.0.1:52882] Completed 200 OK
17:49:23.121 [Test worker] DEBUG o.s.w.c.RestTemplate - Response 200 OK
17:49:23.121 [Test worker] DEBUG o.s.w.t.h.s.r.b.ReactorHttpServer - Stopping ReactorHttpServer...
17:49:23.121 [Test worker] DEBUG o.s.w.t.h.s.r.b.ReactorHttpServer - Server stopped (0 millis).
17:49:23.147 [Test worker] DEBUG o.s.w.r.r.m.a.RequestMappingHandlerMapping - 34 mappings in 'requestMappingHandlerMapping'
17:49:23.158 [Test worker] DEBUG o.s.w.r.r.m.a.ControllerMethodResolver - ControllerAdvice beans: none
17:49:23.159 [Test worker] DEBUG o.s.w.s.a.HttpWebHandlerAdapter - enableLoggingRequestDetails='false': form data and headers will be masked to prevent unsafe logging of potentially sensitive data
17:49:23.160 [Test worker] DEBUG o.s.w.t.h.s.r.b.TomcatHttpServer - Starting TomcatHttpServer...
17:49:23.164 [Test worker] DEBUG o.s.w.t.h.s.r.b.TomcatHttpServer - Server started on port 52883(0 millis).
17:49:23.164 [Test worker] DEBUG o.s.w.c.RestTemplate - HTTP POST http://localhost:52883/person-create/observable
17:49:23.164 [Test worker] DEBUG o.s.w.c.RestTemplate - Accept=[application/json, application/x-jackson-smile, application/*+json]
17:49:23.165 [Test worker] DEBUG o.s.w.c.RestTemplate - Writing [org.springframework.web.reactive.result.method.annotation.RequestMappingMessageConversionIntegrationTests$People@3e9571f] as "application/xml"
17:49:23.168 [http-nio-auto-11-exec-1] DEBUG o.s.w.s.a.HttpWebHandlerAdapter - [7997ce2] HTTP POST "/person-create/observable"
17:49:23.169 [http-nio-auto-11-exec-1] DEBUG o.s.w.r.r.m.a.RequestMappingHandlerMapping - [7997ce2] Mapped to org.springframework.web.reactive.result.method.annotation.RequestMappingMessageConversionIntegrationTests$PersonCreateController#createWithObservable(Observable)
17:49:23.169 [http-nio-auto-11-exec-1] DEBUG o.s.w.r.r.m.a.RequestBodyMethodArgumentResolver - [7997ce2] Content-Type:application/xml
17:49:23.169 [http-nio-auto-11-exec-1] DEBUG o.s.w.r.r.m.a.RequestBodyMethodArgumentResolver - [7997ce2] 0..N [org.springframework.web.reactive.result.method.annotation.RequestMappingMessageConversionIntegrationTests$Person]
17:49:23.172 [http-nio-auto-11-exec-1] DEBUG o.s.h.c.x.Jaxb2XmlDecoder - [7997ce2] Decoded [Person{name='Robert'}]
17:49:23.172 [http-nio-auto-11-exec-1] DEBUG o.s.h.c.x.Jaxb2XmlDecoder - [7997ce2] Decoded [Person{name='Marie'}]
17:49:23.172 [http-nio-auto-11-exec-1] DEBUG o.s.w.s.a.HttpWebHandlerAdapter - [7997ce2] Completed 200 OK
17:49:23.173 [Test worker] DEBUG o.s.w.c.RestTemplate - Response 200 OK
17:49:23.173 [Test worker] DEBUG o.s.w.t.h.s.r.b.TomcatHttpServer - Stopping TomcatHttpServer...
17:49:34.339 [Test worker] DEBUG o.s.w.t.h.s.r.b.TomcatHttpServer - Server stopped (0 millis).
17:49:34.370 [Test worker] DEBUG o.s.w.r.r.m.a.RequestMappingHandlerMapping - 34 mappings in 'requestMappingHandlerMapping'
17:49:34.379 [Test worker] DEBUG o.s.w.r.r.m.a.ControllerMethodResolver - ControllerAdvice beans: none
17:49:34.381 [Test worker] DEBUG o.s.w.s.a.HttpWebHandlerAdapter - enableLoggingRequestDetails='false': form data and headers will be masked to prevent unsafe logging of potentially sensitive data
17:49:34.381 [Test worker] DEBUG o.s.w.t.h.s.r.b.UndertowHttpServer - Starting UndertowHttpServer...
17:49:34.381 [Test worker] INFO  i.undertow - starting server: Undertow - 2.2.7.Final
17:49:34.384 [Test worker] DEBUG o.s.w.t.h.s.r.b.UndertowHttpServer - Server started on port 53159(0 millis).
17:49:34.384 [Test worker] DEBUG o.s.w.c.RestTemplate - HTTP POST http://localhost:53159/person-create/observable
17:49:34.385 [Test worker] DEBUG o.s.w.c.RestTemplate - Accept=[application/json, application/x-jackson-smile, application/*+json]
17:49:34.385 [Test worker] DEBUG o.s.w.c.RestTemplate - Writing [org.springframework.web.reactive.result.method.annotation.RequestMappingMessageConversionIntegrationTests$People@6d047c79] as "application/xml"
17:49:34.388 [XNIO-11 I/O-6] DEBUG o.s.w.s.a.HttpWebHandlerAdapter - [3dcb0462-11] HTTP POST "/person-create/observable"
17:49:34.388 [XNIO-11 I/O-6] DEBUG o.s.w.r.r.m.a.RequestMappingHandlerMapping - [3dcb0462-11] Mapped to org.springframework.web.reactive.result.method.annotation.RequestMappingMessageConversionIntegrationTests$PersonCreateController#createWithObservable(Observable)
17:49:34.389 [XNIO-11 I/O-6] DEBUG o.s.w.r.r.m.a.RequestBodyMethodArgumentResolver - [3dcb0462-11] Content-Type:application/xml
17:49:34.389 [XNIO-11 I/O-6] DEBUG o.s.w.r.r.m.a.RequestBodyMethodArgumentResolver - [3dcb0462-11] 0..N [org.springframework.web.reactive.result.method.annotation.RequestMappingMessageConversionIntegrationTests$Person]
17:49:34.391 [XNIO-11 I/O-6] DEBUG o.s.h.c.x.Jaxb2XmlDecoder - [3dcb0462-11] Decoded [Person{name='Robert'}]
17:49:34.391 [XNIO-11 I/O-6] DEBUG o.s.h.c.x.Jaxb2XmlDecoder - [3dcb0462-11] Decoded [Person{name='Marie'}]
17:49:34.391 [XNIO-11 I/O-6] DEBUG o.s.w.s.a.HttpWebHandlerAdapter - [3dcb0462-11] Completed 200 OK
17:49:34.391 [Test worker] DEBUG o.s.w.c.RestTemplate - Response 200 OK
17:49:34.391 [Test worker] DEBUG o.s.w.t.h.s.r.b.UndertowHttpServer - Stopping UndertowHttpServer...
17:49:34.391 [Test worker] INFO  i.undertow - stopping server: Undertow - 2.2.7.Final
17:49:34.392 [Test worker] DEBUG o.s.w.t.h.s.r.b.UndertowHttpServer - Server stopped (0 millis).
17:49:34.417 [Test worker] DEBUG o.s.w.r.r.m.a.RequestMappingHandlerMapping - 34 mappings in 'requestMappingHandlerMapping'
17:49:34.427 [Test worker] DEBUG o.s.w.r.r.m.a.ControllerMethodResolver - ControllerAdvice beans: none
17:49:34.428 [Test worker] DEBUG o.s.w.s.a.HttpWebHandlerAdapter - enableLoggingRequestDetails='false': form data and headers will be masked to prevent unsafe logging of potentially sensitive data
17:49:34.428 [Test worker] WARN  o.e.j.s.h.ContextHandler - Empty contextPath
17:49:34.429 [Test worker] INFO  o.e.j.s.h.ContextHandler - Started o.e.j.s.ServletContextHandler@698ebbb8{/,null,AVAILABLE}
17:49:34.429 [Test worker] DEBUG o.s.w.t.h.s.r.b.JettyHttpServer - Starting JettyHttpServer...
17:49:34.429 [Test worker] INFO  o.e.j.s.Server - jetty-9.4.39.v20210325; built: 2021-03-25T14:42:11.471Z; git: 9fc7ca5a922f2a37b84ec9dbc26a5168cee7e667; jvm 1.8.0_181-b13
17:49:34.430 [Test worker] INFO  o.e.j.s.AbstractConnector - Started ServerConnector@17f75c2b{HTTP/1.1, (http/1.1)}{0.0.0.0:53161}
17:49:34.430 [Test worker] INFO  o.e.j.s.Server - Started @141471ms
17:49:34.430 [Test worker] DEBUG o.s.w.t.h.s.r.b.JettyHttpServer - Server started on port 53161(0 millis).
17:49:34.430 [Test worker] DEBUG o.s.w.c.RestTemplate - HTTP GET http://localhost:53161/person-response/publisher
17:49:34.432 [Test worker] DEBUG o.s.w.c.RestTemplate - Accept=[application/json, application/x-jackson-smile, application/*+json]
17:49:34.434 [qtp519377352-561] DEBUG o.s.w.s.a.HttpWebHandlerAdapter - [2423fa61] HTTP GET "/person-response/publisher"
17:49:34.434 [qtp519377352-561] DEBUG o.s.w.r.r.m.a.RequestMappingHandlerMapping - [2423fa61] Mapped to org.springframework.web.reactive.result.method.annotation.RequestMappingMessageConversionIntegrationTests$PersonResponseBodyController#getPublisher()
17:49:34.435 [qtp519377352-561] DEBUG o.s.w.r.r.m.a.ResponseBodyResultHandler - [2423fa61] Using 'application/json' given [application/json] and supported [application/json, application/*+json, application/x-ndjson, application/x-jackson-smile, application/*+x-jackson-smile, application/xml, text/xml, application/*+xml, text/event-stream]
17:49:34.435 [qtp519377352-561] DEBUG o.s.w.r.r.m.a.ResponseBodyResultHandler - [2423fa61] 0..N [org.springframework.web.reactive.result.method.annotation.RequestMappingMessageConversionIntegrationTests$Person]
17:49:34.436 [qtp519377352-561] DEBUG o.s.h.c.j.Jackson2JsonEncoder - [2423fa61] Encoding [[Person{name='Robert'}, Person{name='Marie'}]]
17:49:34.437 [qtp519377352-561] DEBUG o.s.w.s.a.HttpWebHandlerAdapter - [2423fa61] Completed 200 OK
17:49:34.437 [Test worker] DEBUG o.s.w.c.RestTemplate - Response 200 OK
17:49:34.437 [Test worker] DEBUG o.s.w.c.RestTemplate - Reading to [java.util.List<org.springframework.web.reactive.result.method.annotation.RequestMappingMessageConversionIntegrationTests$Person>]
17:49:34.438 [Test worker] DEBUG o.s.w.t.h.s.r.b.JettyHttpServer - Stopping JettyHttpServer...
17:49:34.438 [Test worker] INFO  o.e.j.s.h.ContextHandler - Stopped o.e.j.s.ServletContextHandler@698ebbb8{/,null,STOPPED}
17:49:34.439 [Test worker] INFO  o.e.j.s.AbstractConnector - Stopped ServerConnector@17f75c2b{HTTP/1.1, (http/1.1)}{0.0.0.0:0}
17:49:34.439 [Test worker] DEBUG o.s.w.t.h.s.r.b.JettyHttpServer - Server stopped (0 millis).
17:49:34.466 [Test worker] DEBUG o.s.w.r.r.m.a.RequestMappingHandlerMapping - 34 mappings in 'requestMappingHandlerMapping'
17:49:34.477 [Test worker] DEBUG o.s.w.r.r.m.a.ControllerMethodResolver - ControllerAdvice beans: none
17:49:34.479 [Test worker] DEBUG o.s.w.s.a.HttpWebHandlerAdapter - enableLoggingRequestDetails='false': form data and headers will be masked to prevent unsafe logging of potentially sensitive data
17:49:34.479 [Test worker] DEBUG o.s.w.t.h.s.r.b.ReactorHttpServer - Starting ReactorHttpServer...
17:49:34.480 [Test worker] DEBUG o.s.w.t.h.s.r.b.ReactorHttpServer - Server started on port 53163(0 millis).
17:49:34.480 [Test worker] DEBUG o.s.w.c.RestTemplate - HTTP GET http://localhost:53163/person-response/publisher
17:49:34.481 [Test worker] DEBUG o.s.w.c.RestTemplate - Accept=[application/json, application/x-jackson-smile, application/*+json]
17:49:34.482 [reactor-http-nio-1] DEBUG o.s.w.s.a.HttpWebHandlerAdapter - [c92ecd20-1, L:/127.0.0.1:53163 - R:/127.0.0.1:53164] HTTP GET "/person-response/publisher"
17:49:34.482 [reactor-http-nio-1] DEBUG o.s.w.r.r.m.a.RequestMappingHandlerMapping - [c92ecd20-1, L:/127.0.0.1:53163 - R:/127.0.0.1:53164] Mapped to org.springframework.web.reactive.result.method.annotation.RequestMappingMessageConversionIntegrationTests$PersonResponseBodyController#getPublisher()
17:49:34.484 [reactor-http-nio-1] DEBUG o.s.w.r.r.m.a.ResponseBodyResultHandler - [c92ecd20-1, L:/127.0.0.1:53163 - R:/127.0.0.1:53164] Using 'application/json' given [application/json] and supported [application/json, application/*+json, application/x-ndjson, application/x-jackson-smile, application/*+x-jackson-smile, application/xml, text/xml, application/*+xml, text/event-stream]
17:49:34.484 [reactor-http-nio-1] DEBUG o.s.w.r.r.m.a.ResponseBodyResultHandler - [c92ecd20-1, L:/127.0.0.1:53163 - R:/127.0.0.1:53164] 0..N [org.springframework.web.reactive.result.method.annotation.RequestMappingMessageConversionIntegrationTests$Person]
17:49:34.484 [reactor-http-nio-1] DEBUG o.s.h.c.j.Jackson2JsonEncoder - [c92ecd20-1, L:/127.0.0.1:53163 - R:/127.0.0.1:53164] Encoding [[Person{name='Robert'}, Person{name='Marie'}]]
17:49:34.485 [Test worker] DEBUG o.s.w.c.RestTemplate - Response 200 OK
17:49:34.485 [reactor-http-nio-1] DEBUG o.s.w.s.a.HttpWebHandlerAdapter - [c92ecd20-1, L:/127.0.0.1:53163 - R:/127.0.0.1:53164] Completed 200 OK
17:49:34.486 [Test worker] DEBUG o.s.w.c.RestTemplate - Reading to [java.util.List<org.springframework.web.reactive.result.method.annotation.RequestMappingMessageConversionIntegrationTests$Person>]
17:49:34.486 [Test worker] DEBUG o.s.w.t.h.s.r.b.ReactorHttpServer - Stopping ReactorHttpServer...
17:49:34.487 [Test worker] DEBUG o.s.w.t.h.s.r.b.ReactorHttpServer - Server stopped (0 millis).
17:49:34.510 [Test worker] DEBUG o.s.w.r.r.m.a.RequestMappingHandlerMapping - 34 mappings in 'requestMappingHandlerMapping'
17:49:34.520 [Test worker] DEBUG o.s.w.r.r.m.a.ControllerMethodResolver - ControllerAdvice beans: none
17:49:34.522 [Test worker] DEBUG o.s.w.s.a.HttpWebHandlerAdapter - enableLoggingRequestDetails='false': form data and headers will be masked to prevent unsafe logging of potentially sensitive data
17:49:34.522 [Test worker] DEBUG o.s.w.t.h.s.r.b.TomcatHttpServer - Starting TomcatHttpServer...
17:49:34.526 [Test worker] DEBUG o.s.w.t.h.s.r.b.TomcatHttpServer - Server started on port 53165(0 millis).
17:49:34.526 [Test worker] DEBUG o.s.w.c.RestTemplate - HTTP GET http://localhost:53165/person-response/publisher
17:49:34.527 [Test worker] DEBUG o.s.w.c.RestTemplate - Accept=[application/json, application/x-jackson-smile, application/*+json]
17:49:34.528 [http-nio-auto-12-exec-1] DEBUG o.s.w.s.a.HttpWebHandlerAdapter - [637bb3d4] HTTP GET "/person-response/publisher"
17:49:34.529 [http-nio-auto-12-exec-1] DEBUG o.s.w.r.r.m.a.RequestMappingHandlerMapping - [637bb3d4] Mapped to org.springframework.web.reactive.result.method.annotation.RequestMappingMessageConversionIntegrationTests$PersonResponseBodyController#getPublisher()
17:49:34.530 [http-nio-auto-12-exec-1] DEBUG o.s.w.r.r.m.a.ResponseBodyResultHandler - [637bb3d4] Using 'application/json' given [application/json] and supported [application/json, application/*+json, application/x-ndjson, application/x-jackson-smile, application/*+x-jackson-smile, application/xml, text/xml, application/*+xml, text/event-stream]
17:49:34.530 [http-nio-auto-12-exec-1] DEBUG o.s.w.r.r.m.a.ResponseBodyResultHandler - [637bb3d4] 0..N [org.springframework.web.reactive.result.method.annotation.RequestMappingMessageConversionIntegrationTests$Person]
17:49:34.530 [http-nio-auto-12-exec-1] DEBUG o.s.h.c.j.Jackson2JsonEncoder - [637bb3d4] Encoding [[Person{name='Robert'}, Person{name='Marie'}]]
17:49:34.530 [http-nio-auto-12-exec-1] DEBUG o.s.w.s.a.HttpWebHandlerAdapter - [637bb3d4] Completed 200 OK
17:49:34.530 [Test worker] DEBUG o.s.w.c.RestTemplate - Response 200 OK
17:49:34.531 [Test worker] DEBUG o.s.w.c.RestTemplate - Reading to [java.util.List<org.springframework.web.reactive.result.method.annotation.RequestMappingMessageConversionIntegrationTests$Person>]
17:49:34.531 [Test worker] DEBUG o.s.w.t.h.s.r.b.TomcatHttpServer - Stopping TomcatHttpServer...
17:49:45.652 [Test worker] DEBUG o.s.w.t.h.s.r.b.TomcatHttpServer - Server stopped (0 millis).
17:49:45.684 [Test worker] DEBUG o.s.w.r.r.m.a.RequestMappingHandlerMapping - 34 mappings in 'requestMappingHandlerMapping'
17:49:45.694 [Test worker] DEBUG o.s.w.r.r.m.a.ControllerMethodResolver - ControllerAdvice beans: none
17:49:45.695 [Test worker] DEBUG o.s.w.s.a.HttpWebHandlerAdapter - enableLoggingRequestDetails='false': form data and headers will be masked to prevent unsafe logging of potentially sensitive data
17:49:45.696 [Test worker] DEBUG o.s.w.t.h.s.r.b.UndertowHttpServer - Starting UndertowHttpServer...
17:49:45.696 [Test worker] INFO  i.undertow - starting server: Undertow - 2.2.7.Final
17:49:45.698 [Test worker] DEBUG o.s.w.t.h.s.r.b.UndertowHttpServer - Server started on port 53203(0 millis).
17:49:45.699 [Test worker] DEBUG o.s.w.c.RestTemplate - HTTP GET http://localhost:53203/person-response/publisher
17:49:45.699 [Test worker] DEBUG o.s.w.c.RestTemplate - Accept=[application/json, application/x-jackson-smile, application/*+json]
17:49:45.701 [XNIO-12 I/O-5] DEBUG o.s.w.s.a.HttpWebHandlerAdapter - [65277872-12] HTTP GET "/person-response/publisher"
17:49:45.701 [XNIO-12 I/O-5] DEBUG o.s.w.r.r.m.a.RequestMappingHandlerMapping - [65277872-12] Mapped to org.springframework.web.reactive.result.method.annotation.RequestMappingMessageConversionIntegrationTests$PersonResponseBodyController#getPublisher()
17:49:45.702 [XNIO-12 I/O-5] DEBUG o.s.w.r.r.m.a.ResponseBodyResultHandler - [65277872-12] Using 'application/json' given [application/json] and supported [application/json, application/*+json, application/x-ndjson, application/x-jackson-smile, application/*+x-jackson-smile, application/xml, text/xml, application/*+xml, text/event-stream]
17:49:45.702 [XNIO-12 I/O-5] DEBUG o.s.w.r.r.m.a.ResponseBodyResultHandler - [65277872-12] 0..N [org.springframework.web.reactive.result.method.annotation.RequestMappingMessageConversionIntegrationTests$Person]
17:49:45.702 [XNIO-12 I/O-5] DEBUG o.s.h.c.j.Jackson2JsonEncoder - [65277872-12] Encoding [[Person{name='Robert'}, Person{name='Marie'}]]
17:49:45.702 [XNIO-12 I/O-5] DEBUG o.s.w.s.a.HttpWebHandlerAdapter - [65277872-12] Completed 200 OK
17:49:45.702 [Test worker] DEBUG o.s.w.c.RestTemplate - Response 200 OK
17:49:45.703 [Test worker] DEBUG o.s.w.c.RestTemplate - Reading to [java.util.List<org.springframework.web.reactive.result.method.annotation.RequestMappingMessageConversionIntegrationTests$Person>]
17:49:45.703 [Test worker] DEBUG o.s.w.t.h.s.r.b.UndertowHttpServer - Stopping UndertowHttpServer...
17:49:45.703 [Test worker] INFO  i.undertow - stopping server: Undertow - 2.2.7.Final
17:49:45.704 [Test worker] DEBUG o.s.w.t.h.s.r.b.UndertowHttpServer - Server stopped (0 millis).
17:49:45.729 [Test worker] DEBUG o.s.w.r.r.m.a.RequestMappingHandlerMapping - 34 mappings in 'requestMappingHandlerMapping'
17:49:45.740 [Test worker] DEBUG o.s.w.r.r.m.a.ControllerMethodResolver - ControllerAdvice beans: none
17:49:45.741 [Test worker] DEBUG o.s.w.s.a.HttpWebHandlerAdapter - enableLoggingRequestDetails='false': form data and headers will be masked to prevent unsafe logging of potentially sensitive data
17:49:45.742 [Test worker] WARN  o.e.j.s.h.ContextHandler - Empty contextPath
17:49:45.742 [Test worker] INFO  o.e.j.s.h.ContextHandler - Started o.e.j.s.ServletContextHandler@11d53474{/,null,AVAILABLE}
17:49:45.742 [Test worker] DEBUG o.s.w.t.h.s.r.b.JettyHttpServer - Starting JettyHttpServer...
17:49:45.742 [Test worker] INFO  o.e.j.s.Server - jetty-9.4.39.v20210325; built: 2021-03-25T14:42:11.471Z; git: 9fc7ca5a922f2a37b84ec9dbc26a5168cee7e667; jvm 1.8.0_181-b13
17:49:45.744 [Test worker] INFO  o.e.j.s.AbstractConnector - Started ServerConnector@387b5c2{HTTP/1.1, (http/1.1)}{0.0.0.0:53205}
17:49:45.744 [Test worker] INFO  o.e.j.s.Server - Started @152785ms
17:49:45.744 [Test worker] DEBUG o.s.w.t.h.s.r.b.JettyHttpServer - Server started on port 53205(0 millis).
17:49:45.744 [Test worker] DEBUG o.s.w.c.RestTemplate - HTTP POST http://localhost:53205/person-create/publisher
17:49:45.744 [Test worker] DEBUG o.s.w.c.RestTemplate - Accept=[application/json, application/x-jackson-smile, application/*+json]
17:49:45.744 [Test worker] DEBUG o.s.w.c.RestTemplate - Writing [org.springframework.web.reactive.result.method.annotation.RequestMappingMessageConversionIntegrationTests$People@78f8646d] as "application/xml"
17:49:45.747 [qtp94469820-606] DEBUG o.s.w.s.a.HttpWebHandlerAdapter - [615aaabb] HTTP POST "/person-create/publisher"
17:49:45.747 [qtp94469820-606] DEBUG o.s.w.r.r.m.a.RequestMappingHandlerMapping - [615aaabb] Mapped to org.springframework.web.reactive.result.method.annotation.RequestMappingMessageConversionIntegrationTests$PersonCreateController#createWithPublisher(Publisher)
17:49:45.748 [qtp94469820-606] DEBUG o.s.w.r.r.m.a.RequestBodyMethodArgumentResolver - [615aaabb] Content-Type:application/xml
17:49:45.748 [qtp94469820-606] DEBUG o.s.w.r.r.m.a.RequestBodyMethodArgumentResolver - [615aaabb] 0..N [org.springframework.web.reactive.result.method.annotation.RequestMappingMessageConversionIntegrationTests$Person]
17:49:45.750 [qtp94469820-606] DEBUG o.s.h.c.x.Jaxb2XmlDecoder - [615aaabb] Decoded [Person{name='Robert'}]
17:49:45.750 [qtp94469820-606] DEBUG o.s.h.c.x.Jaxb2XmlDecoder - [615aaabb] Decoded [Person{name='Marie'}]
17:49:45.750 [qtp94469820-606] DEBUG o.s.w.s.a.HttpWebHandlerAdapter - [615aaabb] Completed 200 OK
17:49:45.751 [Test worker] DEBUG o.s.w.c.RestTemplate - Response 200 OK
17:49:45.751 [Test worker] DEBUG o.s.w.t.h.s.r.b.JettyHttpServer - Stopping JettyHttpServer...
17:49:45.751 [Test worker] INFO  o.e.j.s.h.ContextHandler - Stopped o.e.j.s.ServletContextHandler@11d53474{/,null,STOPPED}
17:49:45.752 [Test worker] INFO  o.e.j.s.AbstractConnector - Stopped ServerConnector@387b5c2{HTTP/1.1, (http/1.1)}{0.0.0.0:0}
17:49:45.752 [Test worker] DEBUG o.s.w.t.h.s.r.b.JettyHttpServer - Server stopped (0 millis).
17:49:45.776 [Test worker] DEBUG o.s.w.r.r.m.a.RequestMappingHandlerMapping - 34 mappings in 'requestMappingHandlerMapping'
17:49:45.786 [Test worker] DEBUG o.s.w.r.r.m.a.ControllerMethodResolver - ControllerAdvice beans: none
17:49:45.787 [Test worker] DEBUG o.s.w.s.a.HttpWebHandlerAdapter - enableLoggingRequestDetails='false': form data and headers will be masked to prevent unsafe logging of potentially sensitive data
17:49:45.788 [Test worker] DEBUG o.s.w.t.h.s.r.b.ReactorHttpServer - Starting ReactorHttpServer...
17:49:45.788 [Test worker] DEBUG o.s.w.t.h.s.r.b.ReactorHttpServer - Server started on port 53207(0 millis).
17:49:45.788 [Test worker] DEBUG o.s.w.c.RestTemplate - HTTP POST http://localhost:53207/person-create/publisher
17:49:45.788 [Test worker] DEBUG o.s.w.c.RestTemplate - Accept=[application/json, application/x-jackson-smile, application/*+json]
17:49:45.788 [Test worker] DEBUG o.s.w.c.RestTemplate - Writing [org.springframework.web.reactive.result.method.annotation.RequestMappingMessageConversionIntegrationTests$People@57721006] as "application/xml"
17:49:45.792 [reactor-http-nio-3] DEBUG o.s.w.s.a.HttpWebHandlerAdapter - [58b07bb6-1, L:/127.0.0.1:53207 - R:/127.0.0.1:53208] HTTP POST "/person-create/publisher"
17:49:45.792 [reactor-http-nio-3] DEBUG o.s.w.r.r.m.a.RequestMappingHandlerMapping - [58b07bb6-1, L:/127.0.0.1:53207 - R:/127.0.0.1:53208] Mapped to org.springframework.web.reactive.result.method.annotation.RequestMappingMessageConversionIntegrationTests$PersonCreateController#createWithPublisher(Publisher)
17:49:45.793 [reactor-http-nio-3] DEBUG o.s.w.r.r.m.a.RequestBodyMethodArgumentResolver - [58b07bb6-1, L:/127.0.0.1:53207 - R:/127.0.0.1:53208] Content-Type:application/xml
17:49:45.793 [reactor-http-nio-3] DEBUG o.s.w.r.r.m.a.RequestBodyMethodArgumentResolver - [58b07bb6-1, L:/127.0.0.1:53207 - R:/127.0.0.1:53208] 0..N [org.springframework.web.reactive.result.method.annotation.RequestMappingMessageConversionIntegrationTests$Person]
17:49:45.795 [reactor-http-nio-3] DEBUG o.s.h.c.x.Jaxb2XmlDecoder - [58b07bb6-1, L:/127.0.0.1:53207 - R:/127.0.0.1:53208] Decoded [Person{name='Robert'}]
17:49:45.795 [reactor-http-nio-3] DEBUG o.s.h.c.x.Jaxb2XmlDecoder - [58b07bb6-1, L:/127.0.0.1:53207 - R:/127.0.0.1:53208] Decoded [Person{name='Marie'}]
17:49:45.795 [reactor-http-nio-3] DEBUG o.s.w.s.a.HttpWebHandlerAdapter - [58b07bb6-1, L:/127.0.0.1:53207 - R:/127.0.0.1:53208] Completed 200 OK
17:49:45.795 [Test worker] DEBUG o.s.w.c.RestTemplate - Response 200 OK
17:49:45.795 [Test worker] DEBUG o.s.w.t.h.s.r.b.ReactorHttpServer - Stopping ReactorHttpServer...
17:49:45.795 [Test worker] DEBUG o.s.w.t.h.s.r.b.ReactorHttpServer - Server stopped (0 millis).
17:49:45.819 [Test worker] DEBUG o.s.w.r.r.m.a.RequestMappingHandlerMapping - 34 mappings in 'requestMappingHandlerMapping'
17:49:45.829 [Test worker] DEBUG o.s.w.r.r.m.a.ControllerMethodResolver - ControllerAdvice beans: none
17:49:45.830 [Test worker] DEBUG o.s.w.s.a.HttpWebHandlerAdapter - enableLoggingRequestDetails='false': form data and headers will be masked to prevent unsafe logging of potentially sensitive data
17:49:45.830 [Test worker] DEBUG o.s.w.t.h.s.r.b.TomcatHttpServer - Starting TomcatHttpServer...
17:49:45.835 [Test worker] DEBUG o.s.w.t.h.s.r.b.TomcatHttpServer - Server started on port 53209(0 millis).
17:49:45.836 [Test worker] DEBUG o.s.w.c.RestTemplate - HTTP POST http://localhost:53209/person-create/publisher
17:49:45.836 [Test worker] DEBUG o.s.w.c.RestTemplate - Accept=[application/json, application/x-jackson-smile, application/*+json]
17:49:45.836 [Test worker] DEBUG o.s.w.c.RestTemplate - Writing [org.springframework.web.reactive.result.method.annotation.RequestMappingMessageConversionIntegrationTests$People@691c3939] as "application/xml"
17:49:45.840 [http-nio-auto-13-exec-1] DEBUG o.s.w.s.a.HttpWebHandlerAdapter - [15ffe6d6] HTTP POST "/person-create/publisher"
17:49:45.840 [http-nio-auto-13-exec-1] DEBUG o.s.w.r.r.m.a.RequestMappingHandlerMapping - [15ffe6d6] Mapped to org.springframework.web.reactive.result.method.annotation.RequestMappingMessageConversionIntegrationTests$PersonCreateController#createWithPublisher(Publisher)
17:49:45.840 [http-nio-auto-13-exec-1] DEBUG o.s.w.r.r.m.a.RequestBodyMethodArgumentResolver - [15ffe6d6] Content-Type:application/xml
17:49:45.840 [http-nio-auto-13-exec-1] DEBUG o.s.w.r.r.m.a.RequestBodyMethodArgumentResolver - [15ffe6d6] 0..N [org.springframework.web.reactive.result.method.annotation.RequestMappingMessageConversionIntegrationTests$Person]
17:49:45.842 [http-nio-auto-13-exec-1] DEBUG o.s.h.c.x.Jaxb2XmlDecoder - [15ffe6d6] Decoded [Person{name='Robert'}]
17:49:45.842 [http-nio-auto-13-exec-1] DEBUG o.s.h.c.x.Jaxb2XmlDecoder - [15ffe6d6] Decoded [Person{name='Marie'}]
17:49:45.842 [http-nio-auto-13-exec-1] DEBUG o.s.w.s.a.HttpWebHandlerAdapter - [15ffe6d6] Completed 200 OK
17:49:45.843 [Test worker] DEBUG o.s.w.c.RestTemplate - Response 200 OK
17:49:45.843 [Test worker] DEBUG o.s.w.t.h.s.r.b.TomcatHttpServer - Stopping TomcatHttpServer...
17:49:56.957 [Test worker] DEBUG o.s.w.t.h.s.r.b.TomcatHttpServer - Server stopped (0 millis).
17:49:56.981 [Test worker] DEBUG o.s.w.r.r.m.a.RequestMappingHandlerMapping - 34 mappings in 'requestMappingHandlerMapping'
17:49:56.990 [Test worker] DEBUG o.s.w.r.r.m.a.ControllerMethodResolver - ControllerAdvice beans: none
17:49:56.991 [Test worker] DEBUG o.s.w.s.a.HttpWebHandlerAdapter - enableLoggingRequestDetails='false': form data and headers will be masked to prevent unsafe logging of potentially sensitive data
17:49:56.991 [Test worker] DEBUG o.s.w.t.h.s.r.b.UndertowHttpServer - Starting UndertowHttpServer...
17:49:56.991 [Test worker] INFO  i.undertow - starting server: Undertow - 2.2.7.Final
17:49:56.995 [Test worker] DEBUG o.s.w.t.h.s.r.b.UndertowHttpServer - Server started on port 53292(0 millis).
17:49:56.995 [Test worker] DEBUG o.s.w.c.RestTemplate - HTTP POST http://localhost:53292/person-create/publisher
17:49:56.995 [Test worker] DEBUG o.s.w.c.RestTemplate - Accept=[application/json, application/x-jackson-smile, application/*+json]
17:49:56.995 [Test worker] DEBUG o.s.w.c.RestTemplate - Writing [org.springframework.web.reactive.result.method.annotation.RequestMappingMessageConversionIntegrationTests$People@5a1ba71f] as "application/xml"
17:49:56.999 [XNIO-13 I/O-6] DEBUG o.s.w.s.a.HttpWebHandlerAdapter - [71beea9c-13] HTTP POST "/person-create/publisher"
17:49:56.999 [XNIO-13 I/O-6] DEBUG o.s.w.r.r.m.a.RequestMappingHandlerMapping - [71beea9c-13] Mapped to org.springframework.web.reactive.result.method.annotation.RequestMappingMessageConversionIntegrationTests$PersonCreateController#createWithPublisher(Publisher)
17:49:57.000 [XNIO-13 I/O-6] DEBUG o.s.w.r.r.m.a.RequestBodyMethodArgumentResolver - [71beea9c-13] Content-Type:application/xml
17:49:57.000 [XNIO-13 I/O-6] DEBUG o.s.w.r.r.m.a.RequestBodyMethodArgumentResolver - [71beea9c-13] 0..N [org.springframework.web.reactive.result.method.annotation.RequestMappingMessageConversionIntegrationTests$Person]
17:49:57.002 [XNIO-13 I/O-6] DEBUG o.s.h.c.x.Jaxb2XmlDecoder - [71beea9c-13] Decoded [Person{name='Robert'}]
17:49:57.002 [XNIO-13 I/O-6] DEBUG o.s.h.c.x.Jaxb2XmlDecoder - [71beea9c-13] Decoded [Person{name='Marie'}]
17:49:57.002 [XNIO-13 I/O-6] DEBUG o.s.w.s.a.HttpWebHandlerAdapter - [71beea9c-13] Completed 200 OK
17:49:57.002 [Test worker] DEBUG o.s.w.c.RestTemplate - Response 200 OK
17:49:57.003 [Test worker] DEBUG o.s.w.t.h.s.r.b.UndertowHttpServer - Stopping UndertowHttpServer...
17:49:57.003 [Test worker] INFO  i.undertow - stopping server: Undertow - 2.2.7.Final
17:49:57.004 [Test worker] DEBUG o.s.w.t.h.s.r.b.UndertowHttpServer - Server stopped (0 millis).
17:49:57.025 [Test worker] DEBUG o.s.w.r.r.m.a.RequestMappingHandlerMapping - 34 mappings in 'requestMappingHandlerMapping'
17:49:57.034 [Test worker] DEBUG o.s.w.r.r.m.a.ControllerMethodResolver - ControllerAdvice beans: none
17:49:57.036 [Test worker] DEBUG o.s.w.s.a.HttpWebHandlerAdapter - enableLoggingRequestDetails='false': form data and headers will be masked to prevent unsafe logging of potentially sensitive data
17:49:57.036 [Test worker] WARN  o.e.j.s.h.ContextHandler - Empty contextPath
17:49:57.036 [Test worker] INFO  o.e.j.s.h.ContextHandler - Started o.e.j.s.ServletContextHandler@3df604e2{/,null,AVAILABLE}
17:49:57.036 [Test worker] DEBUG o.s.w.t.h.s.r.b.JettyHttpServer - Starting JettyHttpServer...
17:49:57.036 [Test worker] INFO  o.e.j.s.Server - jetty-9.4.39.v20210325; built: 2021-03-25T14:42:11.471Z; git: 9fc7ca5a922f2a37b84ec9dbc26a5168cee7e667; jvm 1.8.0_181-b13
17:49:57.038 [Test worker] INFO  o.e.j.s.AbstractConnector - Started ServerConnector@7e603176{HTTP/1.1, (http/1.1)}{0.0.0.0:53294}
17:49:57.038 [Test worker] INFO  o.e.j.s.Server - Started @164080ms
17:49:57.038 [Test worker] DEBUG o.s.w.t.h.s.r.b.JettyHttpServer - Server started on port 53294(0 millis).
17:49:57.039 [Test worker] DEBUG o.s.w.c.RestTemplate - HTTP POST http://localhost:53294/person-transform/completable-future
17:49:57.039 [Test worker] DEBUG o.s.w.c.RestTemplate - Accept=[application/xml, text/xml, application/json, application/x-jackson-smile, application/*+xml, application/*+json]
17:49:57.040 [Test worker] DEBUG o.s.w.c.RestTemplate - Writing [Person{name='Robert'}] as "application/json"
17:49:57.042 [qtp530904035-651] DEBUG o.s.w.s.a.HttpWebHandlerAdapter - [690d5d85] HTTP POST "/person-transform/completable-future"
17:49:57.042 [qtp530904035-651] DEBUG o.s.w.r.r.m.a.RequestMappingHandlerMapping - [690d5d85] Mapped to org.springframework.web.reactive.result.method.annotation.RequestMappingMessageConversionIntegrationTests$PersonTransformationController#transformCompletableFuture(CompletableFuture)
17:49:57.043 [qtp530904035-651] DEBUG o.s.w.r.r.m.a.RequestBodyMethodArgumentResolver - [690d5d85] Content-Type:application/json
17:49:57.043 [qtp530904035-651] DEBUG o.s.w.r.r.m.a.RequestBodyMethodArgumentResolver - [690d5d85] 0..1 [org.springframework.web.reactive.result.method.annotation.RequestMappingMessageConversionIntegrationTests$Person]
17:49:57.044 [qtp530904035-651] DEBUG o.s.h.c.j.Jackson2JsonDecoder - [690d5d85] Decoded [Person{name='Robert'}]
17:49:57.045 [qtp530904035-651] DEBUG o.s.w.r.r.m.a.ResponseBodyResultHandler - [690d5d85] Using 'application/json' given [application/json] and supported [application/json, application/*+json, application/x-ndjson, application/x-jackson-smile, application/*+x-jackson-smile, application/xml, text/xml, application/*+xml, text/event-stream]
17:49:57.045 [qtp530904035-651] DEBUG o.s.w.r.r.m.a.ResponseBodyResultHandler - [690d5d85] 0..1 [org.springframework.web.reactive.result.method.annotation.RequestMappingMessageConversionIntegrationTests$Person]
17:49:57.045 [qtp530904035-651] DEBUG o.s.h.c.j.Jackson2JsonEncoder - [690d5d85] Encoding [Person{name='ROBERT'}]
17:49:57.046 [Test worker] DEBUG o.s.w.c.RestTemplate - Response 200 OK
17:49:57.046 [qtp530904035-651] DEBUG o.s.w.s.a.HttpWebHandlerAdapter - [690d5d85] Completed 200 OK
17:49:57.046 [Test worker] DEBUG o.s.w.c.RestTemplate - Reading to [org.springframework.web.reactive.result.method.annotation.RequestMappingMessageConversionIntegrationTests$Person]
17:49:57.046 [Test worker] DEBUG o.s.w.t.h.s.r.b.JettyHttpServer - Stopping JettyHttpServer...
17:49:57.046 [Test worker] INFO  o.e.j.s.h.ContextHandler - Stopped o.e.j.s.ServletContextHandler@3df604e2{/,null,STOPPED}
17:49:57.047 [Test worker] INFO  o.e.j.s.AbstractConnector - Stopped ServerConnector@7e603176{HTTP/1.1, (http/1.1)}{0.0.0.0:0}
17:49:57.047 [Test worker] DEBUG o.s.w.t.h.s.r.b.JettyHttpServer - Server stopped (0 millis).
17:49:57.074 [Test worker] DEBUG o.s.w.r.r.m.a.RequestMappingHandlerMapping - 34 mappings in 'requestMappingHandlerMapping'
17:49:57.084 [Test worker] DEBUG o.s.w.r.r.m.a.ControllerMethodResolver - ControllerAdvice beans: none
17:49:57.085 [Test worker] DEBUG o.s.w.s.a.HttpWebHandlerAdapter - enableLoggingRequestDetails='false': form data and headers will be masked to prevent unsafe logging of potentially sensitive data
17:49:57.085 [Test worker] DEBUG o.s.w.t.h.s.r.b.ReactorHttpServer - Starting ReactorHttpServer...
17:49:57.086 [Test worker] DEBUG o.s.w.t.h.s.r.b.ReactorHttpServer - Server started on port 53296(0 millis).
17:49:57.086 [Test worker] DEBUG o.s.w.c.RestTemplate - HTTP POST http://localhost:53296/person-transform/completable-future
17:49:57.087 [Test worker] DEBUG o.s.w.c.RestTemplate - Accept=[application/xml, text/xml, application/json, application/x-jackson-smile, application/*+xml, application/*+json]
17:49:57.087 [Test worker] DEBUG o.s.w.c.RestTemplate - Writing [Person{name='Robert'}] as "application/json"
17:49:57.088 [reactor-http-nio-5] DEBUG o.s.w.s.a.HttpWebHandlerAdapter - [d2d497f9-1, L:/127.0.0.1:53296 - R:/127.0.0.1:53297] HTTP POST "/person-transform/completable-future"
17:49:57.088 [reactor-http-nio-5] DEBUG o.s.w.r.r.m.a.RequestMappingHandlerMapping - [d2d497f9-1, L:/127.0.0.1:53296 - R:/127.0.0.1:53297] Mapped to org.springframework.web.reactive.result.method.annotation.RequestMappingMessageConversionIntegrationTests$PersonTransformationController#transformCompletableFuture(CompletableFuture)
17:49:57.089 [reactor-http-nio-5] DEBUG o.s.w.r.r.m.a.RequestBodyMethodArgumentResolver - [d2d497f9-1, L:/127.0.0.1:53296 - R:/127.0.0.1:53297] Content-Type:application/json
17:49:57.089 [reactor-http-nio-5] DEBUG o.s.w.r.r.m.a.RequestBodyMethodArgumentResolver - [d2d497f9-1, L:/127.0.0.1:53296 - R:/127.0.0.1:53297] 0..1 [org.springframework.web.reactive.result.method.annotation.RequestMappingMessageConversionIntegrationTests$Person]
17:49:57.090 [reactor-http-nio-5] DEBUG o.s.w.r.r.m.a.ResponseBodyResultHandler - [d2d497f9-1, L:/127.0.0.1:53296 - R:/127.0.0.1:53297] Using 'application/json' given [application/json] and supported [application/json, application/*+json, application/x-ndjson, application/x-jackson-smile, application/*+x-jackson-smile, application/xml, text/xml, application/*+xml, text/event-stream]
17:49:57.090 [reactor-http-nio-5] DEBUG o.s.w.r.r.m.a.ResponseBodyResultHandler - [d2d497f9-1, L:/127.0.0.1:53296 - R:/127.0.0.1:53297] 0..1 [org.springframework.web.reactive.result.method.annotation.RequestMappingMessageConversionIntegrationTests$Person]
17:49:57.091 [reactor-http-nio-5] DEBUG o.s.h.c.j.Jackson2JsonDecoder - [d2d497f9-1, L:/127.0.0.1:53296 - R:/127.0.0.1:53297] Decoded [Person{name='Robert'}]
17:49:57.091 [reactor-http-nio-5] DEBUG o.s.h.c.j.Jackson2JsonEncoder - [d2d497f9-1, L:/127.0.0.1:53296 - R:/127.0.0.1:53297] Encoding [Person{name='ROBERT'}]
17:49:57.091 [Test worker] DEBUG o.s.w.c.RestTemplate - Response 200 OK
17:49:57.091 [reactor-http-nio-5] DEBUG o.s.w.s.a.HttpWebHandlerAdapter - [d2d497f9-1, L:/127.0.0.1:53296 - R:/127.0.0.1:53297] Completed 200 OK
17:49:57.091 [Test worker] DEBUG o.s.w.c.RestTemplate - Reading to [org.springframework.web.reactive.result.method.annotation.RequestMappingMessageConversionIntegrationTests$Person]
17:49:57.092 [Test worker] DEBUG o.s.w.t.h.s.r.b.ReactorHttpServer - Stopping ReactorHttpServer...
17:49:57.092 [Test worker] DEBUG o.s.w.t.h.s.r.b.ReactorHttpServer - Server stopped (0 millis).
17:49:57.114 [Test worker] DEBUG o.s.w.r.r.m.a.RequestMappingHandlerMapping - 34 mappings in 'requestMappingHandlerMapping'
17:49:57.123 [Test worker] DEBUG o.s.w.r.r.m.a.ControllerMethodResolver - ControllerAdvice beans: none
17:49:57.124 [Test worker] DEBUG o.s.w.s.a.HttpWebHandlerAdapter - enableLoggingRequestDetails='false': form data and headers will be masked to prevent unsafe logging of potentially sensitive data
17:49:57.125 [Test worker] DEBUG o.s.w.t.h.s.r.b.TomcatHttpServer - Starting TomcatHttpServer...
17:49:57.131 [Test worker] DEBUG o.s.w.t.h.s.r.b.TomcatHttpServer - Server started on port 53298(0 millis).
17:49:57.131 [Test worker] DEBUG o.s.w.c.RestTemplate - HTTP POST http://localhost:53298/person-transform/completable-future
17:49:57.132 [Test worker] DEBUG o.s.w.c.RestTemplate - Accept=[application/xml, text/xml, application/json, application/x-jackson-smile, application/*+xml, application/*+json]
17:49:57.132 [Test worker] DEBUG o.s.w.c.RestTemplate - Writing [Person{name='Robert'}] as "application/json"
17:49:57.134 [http-nio-auto-14-exec-1] DEBUG o.s.w.s.a.HttpWebHandlerAdapter - [6e559c63] HTTP POST "/person-transform/completable-future"
17:49:57.134 [http-nio-auto-14-exec-1] DEBUG o.s.w.r.r.m.a.RequestMappingHandlerMapping - [6e559c63] Mapped to org.springframework.web.reactive.result.method.annotation.RequestMappingMessageConversionIntegrationTests$PersonTransformationController#transformCompletableFuture(CompletableFuture)
17:49:57.135 [http-nio-auto-14-exec-1] DEBUG o.s.w.r.r.m.a.RequestBodyMethodArgumentResolver - [6e559c63] Content-Type:application/json
17:49:57.135 [http-nio-auto-14-exec-1] DEBUG o.s.w.r.r.m.a.RequestBodyMethodArgumentResolver - [6e559c63] 0..1 [org.springframework.web.reactive.result.method.annotation.RequestMappingMessageConversionIntegrationTests$Person]
17:49:57.136 [http-nio-auto-14-exec-1] DEBUG o.s.w.r.r.m.a.ResponseBodyResultHandler - [6e559c63] Using 'application/json' given [application/json] and supported [application/json, application/*+json, application/x-ndjson, application/x-jackson-smile, application/*+x-jackson-smile, application/xml, text/xml, application/*+xml, text/event-stream]
17:49:57.136 [http-nio-auto-14-exec-1] DEBUG o.s.w.r.r.m.a.ResponseBodyResultHandler - [6e559c63] 0..1 [org.springframework.web.reactive.result.method.annotation.RequestMappingMessageConversionIntegrationTests$Person]
17:49:57.136 [http-nio-auto-14-exec-1] DEBUG o.s.h.c.j.Jackson2JsonDecoder - [6e559c63] Decoded [Person{name='Robert'}]
17:49:57.136 [http-nio-auto-14-exec-1] DEBUG o.s.h.c.j.Jackson2JsonEncoder - [6e559c63] Encoding [Person{name='ROBERT'}]
17:49:57.137 [http-nio-auto-14-exec-1] DEBUG o.s.w.s.a.HttpWebHandlerAdapter - [6e559c63] Completed 200 OK
17:49:57.137 [Test worker] DEBUG o.s.w.c.RestTemplate - Response 200 OK
17:49:57.137 [Test worker] DEBUG o.s.w.c.RestTemplate - Reading to [org.springframework.web.reactive.result.method.annotation.RequestMappingMessageConversionIntegrationTests$Person]
17:49:57.138 [Test worker] DEBUG o.s.w.t.h.s.r.b.TomcatHttpServer - Stopping TomcatHttpServer...
17:50:08.322 [Test worker] DEBUG o.s.w.t.h.s.r.b.TomcatHttpServer - Server stopped (0 millis).
17:50:08.354 [Test worker] DEBUG o.s.w.r.r.m.a.RequestMappingHandlerMapping - 34 mappings in 'requestMappingHandlerMapping'
17:50:08.364 [Test worker] DEBUG o.s.w.r.r.m.a.ControllerMethodResolver - ControllerAdvice beans: none
17:50:08.365 [Test worker] DEBUG o.s.w.s.a.HttpWebHandlerAdapter - enableLoggingRequestDetails='false': form data and headers will be masked to prevent unsafe logging of potentially sensitive data
17:50:08.366 [Test worker] DEBUG o.s.w.t.h.s.r.b.UndertowHttpServer - Starting UndertowHttpServer...
17:50:08.366 [Test worker] INFO  i.undertow - starting server: Undertow - 2.2.7.Final
17:50:08.368 [Test worker] DEBUG o.s.w.t.h.s.r.b.UndertowHttpServer - Server started on port 53332(0 millis).
17:50:08.368 [Test worker] DEBUG o.s.w.c.RestTemplate - HTTP POST http://localhost:53332/person-transform/completable-future
17:50:08.369 [Test worker] DEBUG o.s.w.c.RestTemplate - Accept=[application/xml, text/xml, application/json, application/x-jackson-smile, application/*+xml, application/*+json]
17:50:08.369 [Test worker] DEBUG o.s.w.c.RestTemplate - Writing [Person{name='Robert'}] as "application/json"
17:50:08.370 [XNIO-14 I/O-1] DEBUG o.s.w.s.a.HttpWebHandlerAdapter - [9759a7f-14] HTTP POST "/person-transform/completable-future"
17:50:08.370 [XNIO-14 I/O-1] DEBUG o.s.w.r.r.m.a.RequestMappingHandlerMapping - [9759a7f-14] Mapped to org.springframework.web.reactive.result.method.annotation.RequestMappingMessageConversionIntegrationTests$PersonTransformationController#transformCompletableFuture(CompletableFuture)
17:50:08.371 [XNIO-14 I/O-1] DEBUG o.s.w.r.r.m.a.RequestBodyMethodArgumentResolver - [9759a7f-14] Content-Type:application/json
17:50:08.371 [XNIO-14 I/O-1] DEBUG o.s.w.r.r.m.a.RequestBodyMethodArgumentResolver - [9759a7f-14] 0..1 [org.springframework.web.reactive.result.method.annotation.RequestMappingMessageConversionIntegrationTests$Person]
17:50:08.371 [XNIO-14 I/O-1] DEBUG o.s.h.c.j.Jackson2JsonDecoder - [9759a7f-14] Decoded [Person{name='Robert'}]
17:50:08.372 [XNIO-14 I/O-1] DEBUG o.s.w.r.r.m.a.ResponseBodyResultHandler - [9759a7f-14] Using 'application/json' given [application/json] and supported [application/json, application/*+json, application/x-ndjson, application/x-jackson-smile, application/*+x-jackson-smile, application/xml, text/xml, application/*+xml, text/event-stream]
17:50:08.372 [XNIO-14 I/O-1] DEBUG o.s.w.r.r.m.a.ResponseBodyResultHandler - [9759a7f-14] 0..1 [org.springframework.web.reactive.result.method.annotation.RequestMappingMessageConversionIntegrationTests$Person]
17:50:08.372 [XNIO-14 I/O-1] DEBUG o.s.h.c.j.Jackson2JsonEncoder - [9759a7f-14] Encoding [Person{name='ROBERT'}]
17:50:08.372 [Test worker] DEBUG o.s.w.c.RestTemplate - Response 200 OK
17:50:08.372 [XNIO-14 I/O-1] DEBUG o.s.w.s.a.HttpWebHandlerAdapter - [9759a7f-14] Completed 200 OK
17:50:08.373 [Test worker] DEBUG o.s.w.c.RestTemplate - Reading to [org.springframework.web.reactive.result.method.annotation.RequestMappingMessageConversionIntegrationTests$Person]
17:50:08.373 [Test worker] DEBUG o.s.w.t.h.s.r.b.UndertowHttpServer - Stopping UndertowHttpServer...
17:50:08.373 [Test worker] INFO  i.undertow - stopping server: Undertow - 2.2.7.Final
17:50:08.374 [Test worker] DEBUG o.s.w.t.h.s.r.b.UndertowHttpServer - Server stopped (0 millis).
17:50:08.397 [Test worker] DEBUG o.s.w.r.r.m.a.RequestMappingHandlerMapping - 34 mappings in 'requestMappingHandlerMapping'
17:50:08.406 [Test worker] DEBUG o.s.w.r.r.m.a.ControllerMethodResolver - ControllerAdvice beans: none
17:50:08.407 [Test worker] DEBUG o.s.w.s.a.HttpWebHandlerAdapter - enableLoggingRequestDetails='false': form data and headers will be masked to prevent unsafe logging of potentially sensitive data
17:50:08.407 [Test worker] WARN  o.e.j.s.h.ContextHandler - Empty contextPath
17:50:08.408 [Test worker] INFO  o.e.j.s.h.ContextHandler - Started o.e.j.s.ServletContextHandler@403768f2{/,null,AVAILABLE}
17:50:08.408 [Test worker] DEBUG o.s.w.t.h.s.r.b.JettyHttpServer - Starting JettyHttpServer...
17:50:08.408 [Test worker] INFO  o.e.j.s.Server - jetty-9.4.39.v20210325; built: 2021-03-25T14:42:11.471Z; git: 9fc7ca5a922f2a37b84ec9dbc26a5168cee7e667; jvm 1.8.0_181-b13
17:50:08.409 [Test worker] INFO  o.e.j.s.AbstractConnector - Started ServerConnector@551e0311{HTTP/1.1, (http/1.1)}{0.0.0.0:53334}
17:50:08.409 [Test worker] INFO  o.e.j.s.Server - Started @175450ms
17:50:08.409 [Test worker] DEBUG o.s.w.t.h.s.r.b.JettyHttpServer - Server started on port 53334(0 millis).
17:50:08.409 [Test worker] DEBUG o.s.w.c.RestTemplate - HTTP POST http://localhost:53334/person-transform/single
17:50:08.410 [Test worker] DEBUG o.s.w.c.RestTemplate - Accept=[application/xml, text/xml, application/json, application/x-jackson-smile, application/*+xml, application/*+json]
17:50:08.410 [Test worker] DEBUG o.s.w.c.RestTemplate - Writing [Person{name='Robert'}] as "application/json"
17:50:08.411 [qtp862139798-696] DEBUG o.s.w.s.a.HttpWebHandlerAdapter - [93aac27] HTTP POST "/person-transform/single"
17:50:08.412 [qtp862139798-696] DEBUG o.s.w.r.r.m.a.RequestMappingHandlerMapping - [93aac27] Mapped to org.springframework.web.reactive.result.method.annotation.RequestMappingMessageConversionIntegrationTests$PersonTransformationController#transformSingle(Single)
17:50:08.412 [qtp862139798-696] DEBUG o.s.w.r.r.m.a.RequestBodyMethodArgumentResolver - [93aac27] Content-Type:application/json
17:50:08.412 [qtp862139798-696] DEBUG o.s.w.r.r.m.a.RequestBodyMethodArgumentResolver - [93aac27] 0..1 [org.springframework.web.reactive.result.method.annotation.RequestMappingMessageConversionIntegrationTests$Person]
17:50:08.413 [qtp862139798-696] DEBUG o.s.w.r.r.m.a.ResponseBodyResultHandler - [93aac27] Using 'application/json' given [application/json] and supported [application/json, application/*+json, application/x-ndjson, application/x-jackson-smile, application/*+x-jackson-smile, application/xml, text/xml, application/*+xml, text/event-stream]
17:50:08.413 [qtp862139798-696] DEBUG o.s.w.r.r.m.a.ResponseBodyResultHandler - [93aac27] 0..1 [org.springframework.web.reactive.result.method.annotation.RequestMappingMessageConversionIntegrationTests$Person]
17:50:08.414 [qtp862139798-696] DEBUG o.s.h.c.j.Jackson2JsonDecoder - [93aac27] Decoded [Person{name='Robert'}]
17:50:08.414 [qtp862139798-696] DEBUG o.s.h.c.j.Jackson2JsonEncoder - [93aac27] Encoding [Person{name='ROBERT'}]
17:50:08.415 [qtp862139798-696] DEBUG o.s.w.s.a.HttpWebHandlerAdapter - [93aac27] Completed 200 OK
17:50:08.415 [Test worker] DEBUG o.s.w.c.RestTemplate - Response 200 OK
17:50:08.415 [Test worker] DEBUG o.s.w.c.RestTemplate - Reading to [org.springframework.web.reactive.result.method.annotation.RequestMappingMessageConversionIntegrationTests$Person]
17:50:08.415 [Test worker] DEBUG o.s.w.t.h.s.r.b.JettyHttpServer - Stopping JettyHttpServer...
17:50:08.415 [Test worker] INFO  o.e.j.s.h.ContextHandler - Stopped o.e.j.s.ServletContextHandler@403768f2{/,null,STOPPED}
17:50:08.416 [Test worker] INFO  o.e.j.s.AbstractConnector - Stopped ServerConnector@551e0311{HTTP/1.1, (http/1.1)}{0.0.0.0:0}
17:50:08.416 [Test worker] DEBUG o.s.w.t.h.s.r.b.JettyHttpServer - Server stopped (0 millis).
17:50:08.439 [Test worker] DEBUG o.s.w.r.r.m.a.RequestMappingHandlerMapping - 34 mappings in 'requestMappingHandlerMapping'
17:50:08.449 [Test worker] DEBUG o.s.w.r.r.m.a.ControllerMethodResolver - ControllerAdvice beans: none
17:50:08.450 [Test worker] DEBUG o.s.w.s.a.HttpWebHandlerAdapter - enableLoggingRequestDetails='false': form data and headers will be masked to prevent unsafe logging of potentially sensitive data
17:50:08.450 [Test worker] DEBUG o.s.w.t.h.s.r.b.ReactorHttpServer - Starting ReactorHttpServer...
17:50:08.451 [Test worker] DEBUG o.s.w.t.h.s.r.b.ReactorHttpServer - Server started on port 53336(0 millis).
17:50:08.451 [Test worker] DEBUG o.s.w.c.RestTemplate - HTTP POST http://localhost:53336/person-transform/single
17:50:08.452 [Test worker] DEBUG o.s.w.c.RestTemplate - Accept=[application/xml, text/xml, application/json, application/x-jackson-smile, application/*+xml, application/*+json]
17:50:08.452 [Test worker] DEBUG o.s.w.c.RestTemplate - Writing [Person{name='Robert'}] as "application/json"
17:50:08.453 [reactor-http-nio-7] DEBUG o.s.w.s.a.HttpWebHandlerAdapter - [ffbf1f9c-1, L:/127.0.0.1:53336 - R:/127.0.0.1:53337] HTTP POST "/person-transform/single"
17:50:08.454 [reactor-http-nio-7] DEBUG o.s.w.r.r.m.a.RequestMappingHandlerMapping - [ffbf1f9c-1, L:/127.0.0.1:53336 - R:/127.0.0.1:53337] Mapped to org.springframework.web.reactive.result.method.annotation.RequestMappingMessageConversionIntegrationTests$PersonTransformationController#transformSingle(Single)
17:50:08.454 [reactor-http-nio-7] DEBUG o.s.w.r.r.m.a.RequestBodyMethodArgumentResolver - [ffbf1f9c-1, L:/127.0.0.1:53336 - R:/127.0.0.1:53337] Content-Type:application/json
17:50:08.454 [reactor-http-nio-7] DEBUG o.s.w.r.r.m.a.RequestBodyMethodArgumentResolver - [ffbf1f9c-1, L:/127.0.0.1:53336 - R:/127.0.0.1:53337] 0..1 [org.springframework.web.reactive.result.method.annotation.RequestMappingMessageConversionIntegrationTests$Person]
17:50:08.455 [reactor-http-nio-7] DEBUG o.s.w.r.r.m.a.ResponseBodyResultHandler - [ffbf1f9c-1, L:/127.0.0.1:53336 - R:/127.0.0.1:53337] Using 'application/json' given [application/json] and supported [application/json, application/*+json, application/x-ndjson, application/x-jackson-smile, application/*+x-jackson-smile, application/xml, text/xml, application/*+xml, text/event-stream]
17:50:08.455 [reactor-http-nio-7] DEBUG o.s.w.r.r.m.a.ResponseBodyResultHandler - [ffbf1f9c-1, L:/127.0.0.1:53336 - R:/127.0.0.1:53337] 0..1 [org.springframework.web.reactive.result.method.annotation.RequestMappingMessageConversionIntegrationTests$Person]
17:50:08.456 [reactor-http-nio-7] DEBUG o.s.h.c.j.Jackson2JsonDecoder - [ffbf1f9c-1, L:/127.0.0.1:53336 - R:/127.0.0.1:53337] Decoded [Person{name='Robert'}]
17:50:08.456 [reactor-http-nio-7] DEBUG o.s.h.c.j.Jackson2JsonEncoder - [ffbf1f9c-1, L:/127.0.0.1:53336 - R:/127.0.0.1:53337] Encoding [Person{name='ROBERT'}]
17:50:08.456 [Test worker] DEBUG o.s.w.c.RestTemplate - Response 200 OK
17:50:08.456 [reactor-http-nio-7] DEBUG o.s.w.s.a.HttpWebHandlerAdapter - [ffbf1f9c-1, L:/127.0.0.1:53336 - R:/127.0.0.1:53337] Completed 200 OK
17:50:08.456 [Test worker] DEBUG o.s.w.c.RestTemplate - Reading to [org.springframework.web.reactive.result.method.annotation.RequestMappingMessageConversionIntegrationTests$Person]
17:50:08.457 [Test worker] DEBUG o.s.w.t.h.s.r.b.ReactorHttpServer - Stopping ReactorHttpServer...
17:50:08.457 [Test worker] DEBUG o.s.w.t.h.s.r.b.ReactorHttpServer - Server stopped (0 millis).
17:50:08.479 [Test worker] DEBUG o.s.w.r.r.m.a.RequestMappingHandlerMapping - 34 mappings in 'requestMappingHandlerMapping'
17:50:08.488 [Test worker] DEBUG o.s.w.r.r.m.a.ControllerMethodResolver - ControllerAdvice beans: none
17:50:08.489 [Test worker] DEBUG o.s.w.s.a.HttpWebHandlerAdapter - enableLoggingRequestDetails='false': form data and headers will be masked to prevent unsafe logging of potentially sensitive data
17:50:08.490 [Test worker] DEBUG o.s.w.t.h.s.r.b.TomcatHttpServer - Starting TomcatHttpServer...
17:50:08.494 [Test worker] DEBUG o.s.w.t.h.s.r.b.TomcatHttpServer - Server started on port 53338(0 millis).
17:50:08.494 [Test worker] DEBUG o.s.w.c.RestTemplate - HTTP POST http://localhost:53338/person-transform/single
17:50:08.495 [Test worker] DEBUG o.s.w.c.RestTemplate - Accept=[application/xml, text/xml, application/json, application/x-jackson-smile, application/*+xml, application/*+json]
17:50:08.496 [Test worker] DEBUG o.s.w.c.RestTemplate - Writing [Person{name='Robert'}] as "application/json"
17:50:08.498 [http-nio-auto-15-exec-1] DEBUG o.s.w.s.a.HttpWebHandlerAdapter - [12a766fc] HTTP POST "/person-transform/single"
17:50:08.499 [http-nio-auto-15-exec-1] DEBUG o.s.w.r.r.m.a.RequestMappingHandlerMapping - [12a766fc] Mapped to org.springframework.web.reactive.result.method.annotation.RequestMappingMessageConversionIntegrationTests$PersonTransformationController#transformSingle(Single)
17:50:08.499 [http-nio-auto-15-exec-1] DEBUG o.s.w.r.r.m.a.RequestBodyMethodArgumentResolver - [12a766fc] Content-Type:application/json
17:50:08.499 [http-nio-auto-15-exec-1] DEBUG o.s.w.r.r.m.a.RequestBodyMethodArgumentResolver - [12a766fc] 0..1 [org.springframework.web.reactive.result.method.annotation.RequestMappingMessageConversionIntegrationTests$Person]
17:50:08.500 [http-nio-auto-15-exec-1] DEBUG o.s.w.r.r.m.a.ResponseBodyResultHandler - [12a766fc] Using 'application/json' given [application/json] and supported [application/json, application/*+json, application/x-ndjson, application/x-jackson-smile, application/*+x-jackson-smile, application/xml, text/xml, application/*+xml, text/event-stream]
17:50:08.500 [http-nio-auto-15-exec-1] DEBUG o.s.w.r.r.m.a.ResponseBodyResultHandler - [12a766fc] 0..1 [org.springframework.web.reactive.result.method.annotation.RequestMappingMessageConversionIntegrationTests$Person]
17:50:08.501 [http-nio-auto-15-exec-1] DEBUG o.s.h.c.j.Jackson2JsonDecoder - [12a766fc] Decoded [Person{name='Robert'}]
17:50:08.501 [http-nio-auto-15-exec-1] DEBUG o.s.h.c.j.Jackson2JsonEncoder - [12a766fc] Encoding [Person{name='ROBERT'}]
17:50:08.501 [http-nio-auto-15-exec-1] DEBUG o.s.w.s.a.HttpWebHandlerAdapter - [12a766fc] Completed 200 OK
17:50:08.501 [Test worker] DEBUG o.s.w.c.RestTemplate - Response 200 OK
17:50:08.502 [Test worker] DEBUG o.s.w.c.RestTemplate - Reading to [org.springframework.web.reactive.result.method.annotation.RequestMappingMessageConversionIntegrationTests$Person]
17:50:08.502 [Test worker] DEBUG o.s.w.t.h.s.r.b.TomcatHttpServer - Stopping TomcatHttpServer...
17:50:19.688 [Test worker] DEBUG o.s.w.t.h.s.r.b.TomcatHttpServer - Server stopped (0 millis).
17:50:19.720 [Test worker] DEBUG o.s.w.r.r.m.a.RequestMappingHandlerMapping - 34 mappings in 'requestMappingHandlerMapping'
17:50:19.729 [Test worker] DEBUG o.s.w.r.r.m.a.ControllerMethodResolver - ControllerAdvice beans: none
17:50:19.731 [Test worker] DEBUG o.s.w.s.a.HttpWebHandlerAdapter - enableLoggingRequestDetails='false': form data and headers will be masked to prevent unsafe logging of potentially sensitive data
17:50:19.731 [Test worker] DEBUG o.s.w.t.h.s.r.b.UndertowHttpServer - Starting UndertowHttpServer...
17:50:19.731 [Test worker] INFO  i.undertow - starting server: Undertow - 2.2.7.Final
17:50:19.734 [Test worker] DEBUG o.s.w.t.h.s.r.b.UndertowHttpServer - Server started on port 53376(0 millis).
17:50:19.734 [Test worker] DEBUG o.s.w.c.RestTemplate - HTTP POST http://localhost:53376/person-transform/single
17:50:19.735 [Test worker] DEBUG o.s.w.c.RestTemplate - Accept=[application/xml, text/xml, application/json, application/x-jackson-smile, application/*+xml, application/*+json]
17:50:19.735 [Test worker] DEBUG o.s.w.c.RestTemplate - Writing [Person{name='Robert'}] as "application/json"
17:50:19.737 [XNIO-15 I/O-12] DEBUG o.s.w.s.a.HttpWebHandlerAdapter - [1a3514a0-15] HTTP POST "/person-transform/single"
17:50:19.737 [XNIO-15 I/O-12] DEBUG o.s.w.r.r.m.a.RequestMappingHandlerMapping - [1a3514a0-15] Mapped to org.springframework.web.reactive.result.method.annotation.RequestMappingMessageConversionIntegrationTests$PersonTransformationController#transformSingle(Single)
17:50:19.738 [XNIO-15 I/O-12] DEBUG o.s.w.r.r.m.a.RequestBodyMethodArgumentResolver - [1a3514a0-15] Content-Type:application/json
17:50:19.738 [XNIO-15 I/O-12] DEBUG o.s.w.r.r.m.a.RequestBodyMethodArgumentResolver - [1a3514a0-15] 0..1 [org.springframework.web.reactive.result.method.annotation.RequestMappingMessageConversionIntegrationTests$Person]
17:50:19.739 [XNIO-15 I/O-12] DEBUG o.s.w.r.r.m.a.ResponseBodyResultHandler - [1a3514a0-15] Using 'application/json' given [application/json] and supported [application/json, application/*+json, application/x-ndjson, application/x-jackson-smile, application/*+x-jackson-smile, application/xml, text/xml, application/*+xml, text/event-stream]
17:50:19.739 [XNIO-15 I/O-12] DEBUG o.s.w.r.r.m.a.ResponseBodyResultHandler - [1a3514a0-15] 0..1 [org.springframework.web.reactive.result.method.annotation.RequestMappingMessageConversionIntegrationTests$Person]
17:50:19.739 [XNIO-15 I/O-12] DEBUG o.s.h.c.j.Jackson2JsonDecoder - [1a3514a0-15] Decoded [Person{name='Robert'}]
17:50:19.739 [XNIO-15 I/O-12] DEBUG o.s.h.c.j.Jackson2JsonEncoder - [1a3514a0-15] Encoding [Person{name='ROBERT'}]
17:50:19.739 [XNIO-15 I/O-12] DEBUG o.s.w.s.a.HttpWebHandlerAdapter - [1a3514a0-15] Completed 200 OK
17:50:19.739 [Test worker] DEBUG o.s.w.c.RestTemplate - Response 200 OK
17:50:19.739 [Test worker] DEBUG o.s.w.c.RestTemplate - Reading to [org.springframework.web.reactive.result.method.annotation.RequestMappingMessageConversionIntegrationTests$Person]
17:50:19.740 [Test worker] DEBUG o.s.w.t.h.s.r.b.UndertowHttpServer - Stopping UndertowHttpServer...
17:50:19.740 [Test worker] INFO  i.undertow - stopping server: Undertow - 2.2.7.Final
17:50:19.740 [Test worker] DEBUG o.s.w.t.h.s.r.b.UndertowHttpServer - Server stopped (0 millis).
17:50:19.764 [Test worker] DEBUG o.s.w.r.r.m.a.RequestMappingHandlerMapping - 34 mappings in 'requestMappingHandlerMapping'
17:50:19.773 [Test worker] DEBUG o.s.w.r.r.m.a.ControllerMethodResolver - ControllerAdvice beans: none
17:50:19.774 [Test worker] DEBUG o.s.w.s.a.HttpWebHandlerAdapter - enableLoggingRequestDetails='false': form data and headers will be masked to prevent unsafe logging of potentially sensitive data
17:50:19.774 [Test worker] WARN  o.e.j.s.h.ContextHandler - Empty contextPath
17:50:19.775 [Test worker] INFO  o.e.j.s.h.ContextHandler - Started o.e.j.s.ServletContextHandler@47b3ffd7{/,null,AVAILABLE}
17:50:19.775 [Test worker] DEBUG o.s.w.t.h.s.r.b.JettyHttpServer - Starting JettyHttpServer...
17:50:19.775 [Test worker] INFO  o.e.j.s.Server - jetty-9.4.39.v20210325; built: 2021-03-25T14:42:11.471Z; git: 9fc7ca5a922f2a37b84ec9dbc26a5168cee7e667; jvm 1.8.0_181-b13
17:50:19.776 [Test worker] INFO  o.e.j.s.AbstractConnector - Started ServerConnector@5e332a93{HTTP/1.1, (http/1.1)}{0.0.0.0:53378}
17:50:19.776 [Test worker] INFO  o.e.j.s.Server - Started @186817ms
17:50:19.776 [Test worker] DEBUG o.s.w.t.h.s.r.b.JettyHttpServer - Server started on port 53378(0 millis).
17:50:19.776 [Test worker] DEBUG o.s.w.c.RestTemplate - HTTP GET http://localhost:53378/person-response/mono-response-entity-xml
17:50:19.776 [Test worker] DEBUG o.s.w.c.RestTemplate - Accept=[text/plain, application/json, application/x-jackson-smile, application/*+json, */*]
17:50:19.777 [qtp231439957-741] DEBUG o.s.w.s.a.HttpWebHandlerAdapter - [1ec3e256] HTTP GET "/person-response/mono-response-entity-xml"
17:50:19.777 [qtp231439957-741] DEBUG o.s.w.r.r.m.a.RequestMappingHandlerMapping - [1ec3e256] Mapped to org.springframework.web.reactive.result.method.annotation.RequestMappingMessageConversionIntegrationTests$PersonResponseBodyController#getMonoResponseEntityXml()
17:50:19.778 [qtp231439957-741] DEBUG o.s.w.r.r.m.a.ResponseEntityResultHandler - [1ec3e256] Found 'Content-Type:application/xml' in response
17:50:19.778 [qtp231439957-741] DEBUG o.s.w.r.r.m.a.ResponseEntityResultHandler - [1ec3e256] 0..1 [org.springframework.web.reactive.result.method.annotation.RequestMappingMessageConversionIntegrationTests$Person]
17:50:19.779 [qtp231439957-741] DEBUG o.s.h.c.x.Jaxb2XmlEncoder - [1ec3e256] Encoding [Person{name='Robert'}]
17:50:19.781 [Test worker] DEBUG o.s.w.c.RestTemplate - Response 200 OK
17:50:19.781 [qtp231439957-741] DEBUG o.s.w.s.a.HttpWebHandlerAdapter - [1ec3e256] Completed 200 OK
17:50:19.781 [Test worker] DEBUG o.s.w.c.RestTemplate - Reading to [java.lang.String] as "application/xml"
17:50:19.781 [Test worker] DEBUG o.s.w.t.h.s.r.b.JettyHttpServer - Stopping JettyHttpServer...
17:50:19.781 [Test worker] INFO  o.e.j.s.h.ContextHandler - Stopped o.e.j.s.ServletContextHandler@47b3ffd7{/,null,STOPPED}
17:50:19.782 [Test worker] INFO  o.e.j.s.AbstractConnector - Stopped ServerConnector@5e332a93{HTTP/1.1, (http/1.1)}{0.0.0.0:0}
17:50:19.782 [Test worker] DEBUG o.s.w.t.h.s.r.b.JettyHttpServer - Server stopped (0 millis).
17:50:19.804 [Test worker] DEBUG o.s.w.r.r.m.a.RequestMappingHandlerMapping - 34 mappings in 'requestMappingHandlerMapping'
17:50:19.813 [Test worker] DEBUG o.s.w.r.r.m.a.ControllerMethodResolver - ControllerAdvice beans: none
17:50:19.815 [Test worker] DEBUG o.s.w.s.a.HttpWebHandlerAdapter - enableLoggingRequestDetails='false': form data and headers will be masked to prevent unsafe logging of potentially sensitive data
17:50:19.815 [Test worker] DEBUG o.s.w.t.h.s.r.b.ReactorHttpServer - Starting ReactorHttpServer...
17:50:19.815 [Test worker] DEBUG o.s.w.t.h.s.r.b.ReactorHttpServer - Server started on port 53380(0 millis).
17:50:19.815 [Test worker] DEBUG o.s.w.c.RestTemplate - HTTP GET http://localhost:53380/person-response/mono-response-entity-xml
17:50:19.816 [Test worker] DEBUG o.s.w.c.RestTemplate - Accept=[text/plain, application/json, application/x-jackson-smile, application/*+json, */*]
17:50:19.817 [reactor-http-nio-9] DEBUG o.s.w.s.a.HttpWebHandlerAdapter - [936b901d-1, L:/127.0.0.1:53380 - R:/127.0.0.1:53381] HTTP GET "/person-response/mono-response-entity-xml"
17:50:19.817 [reactor-http-nio-9] DEBUG o.s.w.r.r.m.a.RequestMappingHandlerMapping - [936b901d-1, L:/127.0.0.1:53380 - R:/127.0.0.1:53381] Mapped to org.springframework.web.reactive.result.method.annotation.RequestMappingMessageConversionIntegrationTests$PersonResponseBodyController#getMonoResponseEntityXml()
17:50:19.817 [reactor-http-nio-9] DEBUG o.s.w.r.r.m.a.ResponseEntityResultHandler - [936b901d-1, L:/127.0.0.1:53380 - R:/127.0.0.1:53381] Found 'Content-Type:application/xml' in response
17:50:19.817 [reactor-http-nio-9] DEBUG o.s.w.r.r.m.a.ResponseEntityResultHandler - [936b901d-1, L:/127.0.0.1:53380 - R:/127.0.0.1:53381] 0..1 [org.springframework.web.reactive.result.method.annotation.RequestMappingMessageConversionIntegrationTests$Person]
17:50:19.817 [reactor-http-nio-9] DEBUG o.s.h.c.x.Jaxb2XmlEncoder - [936b901d-1, L:/127.0.0.1:53380 - R:/127.0.0.1:53381] Encoding [Person{name='Robert'}]
17:50:19.820 [reactor-http-nio-9] DEBUG o.s.w.s.a.HttpWebHandlerAdapter - [936b901d-1, L:/127.0.0.1:53380 - R:/127.0.0.1:53381] Completed 200 OK
17:50:19.820 [Test worker] DEBUG o.s.w.c.RestTemplate - Response 200 OK
17:50:19.820 [Test worker] DEBUG o.s.w.c.RestTemplate - Reading to [java.lang.String] as "application/xml"
17:50:19.820 [Test worker] DEBUG o.s.w.t.h.s.r.b.ReactorHttpServer - Stopping ReactorHttpServer...
17:50:19.820 [Test worker] DEBUG o.s.w.t.h.s.r.b.ReactorHttpServer - Server stopped (0 millis).
17:50:19.842 [Test worker] DEBUG o.s.w.r.r.m.a.RequestMappingHandlerMapping - 34 mappings in 'requestMappingHandlerMapping'
17:50:19.851 [Test worker] DEBUG o.s.w.r.r.m.a.ControllerMethodResolver - ControllerAdvice beans: none
17:50:19.853 [Test worker] DEBUG o.s.w.s.a.HttpWebHandlerAdapter - enableLoggingRequestDetails='false': form data and headers will be masked to prevent unsafe logging of potentially sensitive data
17:50:19.853 [Test worker] DEBUG o.s.w.t.h.s.r.b.TomcatHttpServer - Starting TomcatHttpServer...
17:50:19.860 [Test worker] DEBUG o.s.w.t.h.s.r.b.TomcatHttpServer - Server started on port 53382(0 millis).
17:50:19.860 [Test worker] DEBUG o.s.w.c.RestTemplate - HTTP GET http://localhost:53382/person-response/mono-response-entity-xml
17:50:19.860 [Test worker] DEBUG o.s.w.c.RestTemplate - Accept=[text/plain, application/json, application/x-jackson-smile, application/*+json, */*]
17:50:19.862 [http-nio-auto-16-exec-1] DEBUG o.s.w.s.a.HttpWebHandlerAdapter - [1d372fec] HTTP GET "/person-response/mono-response-entity-xml"
17:50:19.862 [http-nio-auto-16-exec-1] DEBUG o.s.w.r.r.m.a.RequestMappingHandlerMapping - [1d372fec] Mapped to org.springframework.web.reactive.result.method.annotation.RequestMappingMessageConversionIntegrationTests$PersonResponseBodyController#getMonoResponseEntityXml()
17:50:19.862 [http-nio-auto-16-exec-1] DEBUG o.s.w.r.r.m.a.ResponseEntityResultHandler - [1d372fec] Found 'Content-Type:application/xml' in response
17:50:19.862 [http-nio-auto-16-exec-1] DEBUG o.s.w.r.r.m.a.ResponseEntityResultHandler - [1d372fec] 0..1 [org.springframework.web.reactive.result.method.annotation.RequestMappingMessageConversionIntegrationTests$Person]
17:50:19.863 [http-nio-auto-16-exec-1] DEBUG o.s.h.c.x.Jaxb2XmlEncoder - [1d372fec] Encoding [Person{name='Robert'}]
17:50:19.865 [http-nio-auto-16-exec-1] DEBUG o.s.w.s.a.HttpWebHandlerAdapter - [1d372fec] Completed 200 OK
17:50:19.865 [Test worker] DEBUG o.s.w.c.RestTemplate - Response 200 OK
17:50:19.865 [Test worker] DEBUG o.s.w.c.RestTemplate - Reading to [java.lang.String] as "application/xml"
17:50:19.866 [Test worker] DEBUG o.s.w.t.h.s.r.b.TomcatHttpServer - Stopping TomcatHttpServer...
17:50:31.033 [Test worker] DEBUG o.s.w.t.h.s.r.b.TomcatHttpServer - Server stopped (0 millis).
17:50:31.059 [Test worker] DEBUG o.s.w.r.r.m.a.RequestMappingHandlerMapping - 34 mappings in 'requestMappingHandlerMapping'
17:50:31.070 [Test worker] DEBUG o.s.w.r.r.m.a.ControllerMethodResolver - ControllerAdvice beans: none
17:50:31.072 [Test worker] DEBUG o.s.w.s.a.HttpWebHandlerAdapter - enableLoggingRequestDetails='false': form data and headers will be masked to prevent unsafe logging of potentially sensitive data
17:50:31.072 [Test worker] DEBUG o.s.w.t.h.s.r.b.UndertowHttpServer - Starting UndertowHttpServer...
17:50:31.072 [Test worker] INFO  i.undertow - starting server: Undertow - 2.2.7.Final
17:50:31.076 [Test worker] DEBUG o.s.w.t.h.s.r.b.UndertowHttpServer - Server started on port 53430(0 millis).
17:50:31.076 [Test worker] DEBUG o.s.w.c.RestTemplate - HTTP GET http://localhost:53430/person-response/mono-response-entity-xml
17:50:31.076 [Test worker] DEBUG o.s.w.c.RestTemplate - Accept=[text/plain, application/json, application/x-jackson-smile, application/*+json, */*]
17:50:31.077 [XNIO-16 I/O-2] DEBUG o.s.w.s.a.HttpWebHandlerAdapter - [3c6f5735-16] HTTP GET "/person-response/mono-response-entity-xml"
17:50:31.077 [XNIO-16 I/O-2] DEBUG o.s.w.r.r.m.a.RequestMappingHandlerMapping - [3c6f5735-16] Mapped to org.springframework.web.reactive.result.method.annotation.RequestMappingMessageConversionIntegrationTests$PersonResponseBodyController#getMonoResponseEntityXml()
17:50:31.078 [XNIO-16 I/O-2] DEBUG o.s.w.r.r.m.a.ResponseEntityResultHandler - [3c6f5735-16] Found 'Content-Type:application/xml' in response
17:50:31.078 [XNIO-16 I/O-2] DEBUG o.s.w.r.r.m.a.ResponseEntityResultHandler - [3c6f5735-16] 0..1 [org.springframework.web.reactive.result.method.annotation.RequestMappingMessageConversionIntegrationTests$Person]
17:50:31.078 [XNIO-16 I/O-2] DEBUG o.s.h.c.x.Jaxb2XmlEncoder - [3c6f5735-16] Encoding [Person{name='Robert'}]
17:50:31.080 [XNIO-16 I/O-2] DEBUG o.s.w.s.a.HttpWebHandlerAdapter - [3c6f5735-16] Completed 200 OK
17:50:31.080 [Test worker] DEBUG o.s.w.c.RestTemplate - Response 200 OK
17:50:31.080 [Test worker] DEBUG o.s.w.c.RestTemplate - Reading to [java.lang.String] as "application/xml"
17:50:31.080 [Test worker] DEBUG o.s.w.t.h.s.r.b.UndertowHttpServer - Stopping UndertowHttpServer...
17:50:31.080 [Test worker] INFO  i.undertow - stopping server: Undertow - 2.2.7.Final
17:50:31.081 [Test worker] DEBUG o.s.w.t.h.s.r.b.UndertowHttpServer - Server stopped (0 millis).
17:50:31.107 [Test worker] DEBUG o.s.w.r.r.m.a.RequestMappingHandlerMapping - 34 mappings in 'requestMappingHandlerMapping'
17:50:31.118 [Test worker] DEBUG o.s.w.r.r.m.a.ControllerMethodResolver - ControllerAdvice beans: none
17:50:31.120 [Test worker] DEBUG o.s.w.s.a.HttpWebHandlerAdapter - enableLoggingRequestDetails='false': form data and headers will be masked to prevent unsafe logging of potentially sensitive data
17:50:31.120 [Test worker] WARN  o.e.j.s.h.ContextHandler - Empty contextPath
17:50:31.120 [Test worker] INFO  o.e.j.s.h.ContextHandler - Started o.e.j.s.ServletContextHandler@24a28a89{/,null,AVAILABLE}
17:50:31.120 [Test worker] DEBUG o.s.w.t.h.s.r.b.JettyHttpServer - Starting JettyHttpServer...
17:50:31.120 [Test worker] INFO  o.e.j.s.Server - jetty-9.4.39.v20210325; built: 2021-03-25T14:42:11.471Z; git: 9fc7ca5a922f2a37b84ec9dbc26a5168cee7e667; jvm 1.8.0_181-b13
17:50:31.122 [Test worker] INFO  o.e.j.s.AbstractConnector - Started ServerConnector@2153bf5f{HTTP/1.1, (http/1.1)}{0.0.0.0:53432}
17:50:31.122 [Test worker] INFO  o.e.j.s.Server - Started @198162ms
17:50:31.122 [Test worker] DEBUG o.s.w.t.h.s.r.b.JettyHttpServer - Server started on port 53432(0 millis).
17:50:31.122 [Test worker] DEBUG o.s.w.c.RestTemplate - HTTP GET http://localhost:53432/raw-response/flux
17:50:31.122 [Test worker] DEBUG o.s.w.c.RestTemplate - Accept=[text/plain, application/json, application/x-jackson-smile, application/*+json, */*]
17:50:31.123 [qtp235137799-786] DEBUG o.s.w.s.a.HttpWebHandlerAdapter - [17e4fee5] HTTP GET "/raw-response/flux"
17:50:31.124 [qtp235137799-786] DEBUG o.s.w.r.r.m.a.RequestMappingHandlerMapping - [17e4fee5] Mapped to org.springframework.web.reactive.result.method.annotation.RequestMappingMessageConversionIntegrationTests$RawResponseBodyController#getFlux()
17:50:31.125 [qtp235137799-786] DEBUG o.s.w.r.r.m.a.ResponseBodyResultHandler - [17e4fee5] Using 'text/plain' given [text/plain, application/json, application/x-jackson-smile, application/*+json, */*] and supported [*/*, application/json, application/*+json, application/x-ndjson, application/x-jackson-smile, application/*+x-jackson-smile, text/event-stream]
17:50:31.125 [qtp235137799-786] DEBUG o.s.w.r.r.m.a.ResponseBodyResultHandler - [17e4fee5] 0..N [java.nio.ByteBuffer]
17:50:31.125 [qtp235137799-786] DEBUG o.s.c.c.ByteBufferEncoder - [17e4fee5] Writing 6 bytes
17:50:31.126 [qtp235137799-786] DEBUG o.s.w.s.a.HttpWebHandlerAdapter - [17e4fee5] Completed 200 OK
17:50:31.126 [Test worker] DEBUG o.s.w.c.RestTemplate - Response 200 OK
17:50:31.126 [Test worker] DEBUG o.s.w.c.RestTemplate - Reading to [java.lang.String] as "text/plain"
17:50:31.126 [Test worker] DEBUG o.s.w.t.h.s.r.b.JettyHttpServer - Stopping JettyHttpServer...
17:50:31.126 [Test worker] INFO  o.e.j.s.h.ContextHandler - Stopped o.e.j.s.ServletContextHandler@24a28a89{/,null,STOPPED}
17:50:31.127 [Test worker] INFO  o.e.j.s.AbstractConnector - Stopped ServerConnector@2153bf5f{HTTP/1.1, (http/1.1)}{0.0.0.0:0}
17:50:31.127 [Test worker] DEBUG o.s.w.t.h.s.r.b.JettyHttpServer - Server stopped (0 millis).
17:50:31.166 [Test worker] DEBUG o.s.w.r.r.m.a.RequestMappingHandlerMapping - 34 mappings in 'requestMappingHandlerMapping'
17:50:31.181 [Test worker] DEBUG o.s.w.r.r.m.a.ControllerMethodResolver - ControllerAdvice beans: none
17:50:31.184 [Test worker] DEBUG o.s.w.s.a.HttpWebHandlerAdapter - enableLoggingRequestDetails='false': form data and headers will be masked to prevent unsafe logging of potentially sensitive data
17:50:31.184 [Test worker] DEBUG o.s.w.t.h.s.r.b.ReactorHttpServer - Starting ReactorHttpServer...
17:50:31.185 [Test worker] DEBUG o.s.w.t.h.s.r.b.ReactorHttpServer - Server started on port 53434(0 millis).
17:50:31.185 [Test worker] DEBUG o.s.w.c.RestTemplate - HTTP GET http://localhost:53434/raw-response/flux
17:50:31.185 [Test worker] DEBUG o.s.w.c.RestTemplate - Accept=[text/plain, application/json, application/x-jackson-smile, application/*+json, */*]
17:50:31.187 [reactor-http-nio-11] DEBUG o.s.w.s.a.HttpWebHandlerAdapter - [cfeaa525-1, L:/127.0.0.1:53434 - R:/127.0.0.1:53435] HTTP GET "/raw-response/flux"
17:50:31.187 [reactor-http-nio-11] DEBUG o.s.w.r.r.m.a.RequestMappingHandlerMapping - [cfeaa525-1, L:/127.0.0.1:53434 - R:/127.0.0.1:53435] Mapped to org.springframework.web.reactive.result.method.annotation.RequestMappingMessageConversionIntegrationTests$RawResponseBodyController#getFlux()
17:50:31.189 [reactor-http-nio-11] DEBUG o.s.w.r.r.m.a.ResponseBodyResultHandler - [cfeaa525-1, L:/127.0.0.1:53434 - R:/127.0.0.1:53435] Using 'text/plain' given [text/plain, application/json, application/x-jackson-smile, application/*+json, */*] and supported [*/*, application/json, application/*+json, application/x-ndjson, application/x-jackson-smile, application/*+x-jackson-smile, text/event-stream]
17:50:31.189 [reactor-http-nio-11] DEBUG o.s.w.r.r.m.a.ResponseBodyResultHandler - [cfeaa525-1, L:/127.0.0.1:53434 - R:/127.0.0.1:53435] 0..N [java.nio.ByteBuffer]
17:50:31.189 [reactor-http-nio-11] DEBUG o.s.c.c.ByteBufferEncoder - [cfeaa525-1, L:/127.0.0.1:53434 - R:/127.0.0.1:53435] Writing 6 bytes
17:50:31.190 [Test worker] DEBUG o.s.w.c.RestTemplate - Response 200 OK
17:50:31.191 [Test worker] DEBUG o.s.w.c.RestTemplate - Reading to [java.lang.String] as "text/plain"
17:50:31.191 [reactor-http-nio-11] DEBUG o.s.w.s.a.HttpWebHandlerAdapter - [cfeaa525-1, L:/127.0.0.1:53434 - R:/127.0.0.1:53435] Completed 200 OK
17:50:31.191 [Test worker] DEBUG o.s.w.t.h.s.r.b.ReactorHttpServer - Stopping ReactorHttpServer...
17:50:31.191 [Test worker] DEBUG o.s.w.t.h.s.r.b.ReactorHttpServer - Server stopped (0 millis).
17:50:31.219 [Test worker] DEBUG o.s.w.r.r.m.a.RequestMappingHandlerMapping - 34 mappings in 'requestMappingHandlerMapping'
17:50:31.231 [Test worker] DEBUG o.s.w.r.r.m.a.ControllerMethodResolver - ControllerAdvice beans: none
17:50:31.232 [Test worker] DEBUG o.s.w.s.a.HttpWebHandlerAdapter - enableLoggingRequestDetails='false': form data and headers will be masked to prevent unsafe logging of potentially sensitive data
17:50:31.233 [Test worker] DEBUG o.s.w.t.h.s.r.b.TomcatHttpServer - Starting TomcatHttpServer...
17:50:31.238 [Test worker] DEBUG o.s.w.t.h.s.r.b.TomcatHttpServer - Server started on port 53436(0 millis).
17:50:31.238 [Test worker] DEBUG o.s.w.c.RestTemplate - HTTP GET http://localhost:53436/raw-response/flux
17:50:31.238 [Test worker] DEBUG o.s.w.c.RestTemplate - Accept=[text/plain, application/json, application/x-jackson-smile, application/*+json, */*]
17:50:31.241 [http-nio-auto-17-exec-1] DEBUG o.s.w.s.a.HttpWebHandlerAdapter - [8fa0aad] HTTP GET "/raw-response/flux"
17:50:31.241 [http-nio-auto-17-exec-1] DEBUG o.s.w.r.r.m.a.RequestMappingHandlerMapping - [8fa0aad] Mapped to org.springframework.web.reactive.result.method.annotation.RequestMappingMessageConversionIntegrationTests$RawResponseBodyController#getFlux()
17:50:31.242 [http-nio-auto-17-exec-1] DEBUG o.s.w.r.r.m.a.ResponseBodyResultHandler - [8fa0aad] Using 'text/plain' given [text/plain, application/json, application/x-jackson-smile, application/*+json, */*] and supported [*/*, application/json, application/*+json, application/x-ndjson, application/x-jackson-smile, application/*+x-jackson-smile, text/event-stream]
17:50:31.242 [http-nio-auto-17-exec-1] DEBUG o.s.w.r.r.m.a.ResponseBodyResultHandler - [8fa0aad] 0..N [java.nio.ByteBuffer]
17:50:31.242 [http-nio-auto-17-exec-1] DEBUG o.s.c.c.ByteBufferEncoder - [8fa0aad] Writing 6 bytes
17:50:31.243 [http-nio-auto-17-exec-1] DEBUG o.s.w.s.a.HttpWebHandlerAdapter - [8fa0aad] Completed 200 OK
17:50:31.243 [Test worker] DEBUG o.s.w.c.RestTemplate - Response 200 OK
17:50:31.243 [Test worker] DEBUG o.s.w.c.RestTemplate - Reading to [java.lang.String] as "text/plain"
17:50:31.243 [Test worker] DEBUG o.s.w.t.h.s.r.b.TomcatHttpServer - Stopping TomcatHttpServer...
17:50:42.350 [Test worker] DEBUG o.s.w.t.h.s.r.b.TomcatHttpServer - Server stopped (0 millis).
17:50:42.379 [Test worker] DEBUG o.s.w.r.r.m.a.RequestMappingHandlerMapping - 34 mappings in 'requestMappingHandlerMapping'
17:50:42.389 [Test worker] DEBUG o.s.w.r.r.m.a.ControllerMethodResolver - ControllerAdvice beans: none
17:50:42.390 [Test worker] DEBUG o.s.w.s.a.HttpWebHandlerAdapter - enableLoggingRequestDetails='false': form data and headers will be masked to prevent unsafe logging of potentially sensitive data
17:50:42.390 [Test worker] DEBUG o.s.w.t.h.s.r.b.UndertowHttpServer - Starting UndertowHttpServer...
17:50:42.390 [Test worker] INFO  i.undertow - starting server: Undertow - 2.2.7.Final
17:50:42.393 [Test worker] DEBUG o.s.w.t.h.s.r.b.UndertowHttpServer - Server started on port 53478(0 millis).
17:50:42.393 [Test worker] DEBUG o.s.w.c.RestTemplate - HTTP GET http://localhost:53478/raw-response/flux
17:50:42.393 [Test worker] DEBUG o.s.w.c.RestTemplate - Accept=[text/plain, application/json, application/x-jackson-smile, application/*+json, */*]
17:50:42.394 [XNIO-17 I/O-16] DEBUG o.s.w.s.a.HttpWebHandlerAdapter - [7747092-17] HTTP GET "/raw-response/flux"
17:50:42.394 [XNIO-17 I/O-16] DEBUG o.s.w.r.r.m.a.RequestMappingHandlerMapping - [7747092-17] Mapped to org.springframework.web.reactive.result.method.annotation.RequestMappingMessageConversionIntegrationTests$RawResponseBodyController#getFlux()
17:50:42.396 [XNIO-17 I/O-16] DEBUG o.s.w.r.r.m.a.ResponseBodyResultHandler - [7747092-17] Using 'text/plain' given [text/plain, application/json, application/x-jackson-smile, application/*+json, */*] and supported [*/*, application/json, application/*+json, application/x-ndjson, application/x-jackson-smile, application/*+x-jackson-smile, text/event-stream]
17:50:42.396 [XNIO-17 I/O-16] DEBUG o.s.w.r.r.m.a.ResponseBodyResultHandler - [7747092-17] 0..N [java.nio.ByteBuffer]
17:50:42.396 [XNIO-17 I/O-16] DEBUG o.s.c.c.ByteBufferEncoder - [7747092-17] Writing 6 bytes
17:50:42.396 [XNIO-17 I/O-16] DEBUG o.s.w.s.a.HttpWebHandlerAdapter - [7747092-17] Completed 200 OK
17:50:42.396 [Test worker] DEBUG o.s.w.c.RestTemplate - Response 200 OK
17:50:42.396 [Test worker] DEBUG o.s.w.c.RestTemplate - Reading to [java.lang.String] as "text/plain"
17:50:42.396 [Test worker] DEBUG o.s.w.t.h.s.r.b.UndertowHttpServer - Stopping UndertowHttpServer...
17:50:42.397 [Test worker] INFO  i.undertow - stopping server: Undertow - 2.2.7.Final
17:50:42.397 [Test worker] DEBUG o.s.w.t.h.s.r.b.UndertowHttpServer - Server stopped (0 millis).
17:50:42.421 [Test worker] DEBUG o.s.w.r.r.m.a.RequestMappingHandlerMapping - 34 mappings in 'requestMappingHandlerMapping'
17:50:42.430 [Test worker] DEBUG o.s.w.r.r.m.a.ControllerMethodResolver - ControllerAdvice beans: none
17:50:42.432 [Test worker] DEBUG o.s.w.s.a.HttpWebHandlerAdapter - enableLoggingRequestDetails='false': form data and headers will be masked to prevent unsafe logging of potentially sensitive data
17:50:42.432 [Test worker] WARN  o.e.j.s.h.ContextHandler - Empty contextPath
17:50:42.432 [Test worker] INFO  o.e.j.s.h.ContextHandler - Started o.e.j.s.ServletContextHandler@6298c0e3{/,null,AVAILABLE}
17:50:42.432 [Test worker] DEBUG o.s.w.t.h.s.r.b.JettyHttpServer - Starting JettyHttpServer...
17:50:42.432 [Test worker] INFO  o.e.j.s.Server - jetty-9.4.39.v20210325; built: 2021-03-25T14:42:11.471Z; git: 9fc7ca5a922f2a37b84ec9dbc26a5168cee7e667; jvm 1.8.0_181-b13
17:50:42.433 [Test worker] INFO  o.e.j.s.AbstractConnector - Started ServerConnector@11328d3e{HTTP/1.1, (http/1.1)}{0.0.0.0:53480}
17:50:42.433 [Test worker] INFO  o.e.j.s.Server - Started @209473ms
17:50:42.433 [Test worker] DEBUG o.s.w.t.h.s.r.b.JettyHttpServer - Server started on port 53480(0 millis).
17:50:42.433 [Test worker] DEBUG o.s.w.c.RestTemplate - HTTP GET http://localhost:53480/raw-response/mono
17:50:42.433 [Test worker] DEBUG o.s.w.c.RestTemplate - Accept=[text/plain, application/json, application/x-jackson-smile, application/*+json, */*]
17:50:42.434 [qtp620823702-831] DEBUG o.s.w.s.a.HttpWebHandlerAdapter - [1eb793c6] HTTP GET "/raw-response/mono"
17:50:42.435 [qtp620823702-831] DEBUG o.s.w.r.r.m.a.RequestMappingHandlerMapping - [1eb793c6] Mapped to org.springframework.web.reactive.result.method.annotation.RequestMappingMessageConversionIntegrationTests$RawResponseBodyController#getMonoString()
17:50:42.436 [qtp620823702-831] DEBUG o.s.w.r.r.m.a.ResponseBodyResultHandler - [1eb793c6] Using 'text/plain' given [text/plain, application/json, application/x-jackson-smile, application/*+json, */*] and supported [*/*, application/json, application/*+json, application/x-ndjson, application/x-jackson-smile, application/*+x-jackson-smile, text/event-stream]
17:50:42.436 [qtp620823702-831] DEBUG o.s.w.r.r.m.a.ResponseBodyResultHandler - [1eb793c6] 0..1 [java.nio.ByteBuffer]
17:50:42.436 [qtp620823702-831] DEBUG o.s.c.c.ByteBufferEncoder - [1eb793c6] Writing 6 bytes
17:50:42.436 [Test worker] DEBUG o.s.w.c.RestTemplate - Response 200 OK
17:50:42.436 [qtp620823702-831] DEBUG o.s.w.s.a.HttpWebHandlerAdapter - [1eb793c6] Completed 200 OK
17:50:42.436 [Test worker] DEBUG o.s.w.c.RestTemplate - Reading to [java.lang.String] as "text/plain"
17:50:42.436 [Test worker] DEBUG o.s.w.t.h.s.r.b.JettyHttpServer - Stopping JettyHttpServer...
17:50:42.436 [Test worker] INFO  o.e.j.s.h.ContextHandler - Stopped o.e.j.s.ServletContextHandler@6298c0e3{/,null,STOPPED}
17:50:42.437 [Test worker] INFO  o.e.j.s.AbstractConnector - Stopped ServerConnector@11328d3e{HTTP/1.1, (http/1.1)}{0.0.0.0:0}
17:50:42.437 [Test worker] DEBUG o.s.w.t.h.s.r.b.JettyHttpServer - Server stopped (0 millis).
17:50:42.462 [Test worker] DEBUG o.s.w.r.r.m.a.RequestMappingHandlerMapping - 34 mappings in 'requestMappingHandlerMapping'
17:50:42.473 [Test worker] DEBUG o.s.w.r.r.m.a.ControllerMethodResolver - ControllerAdvice beans: none
17:50:42.475 [Test worker] DEBUG o.s.w.s.a.HttpWebHandlerAdapter - enableLoggingRequestDetails='false': form data and headers will be masked to prevent unsafe logging of potentially sensitive data
17:50:42.475 [Test worker] DEBUG o.s.w.t.h.s.r.b.ReactorHttpServer - Starting ReactorHttpServer...
17:50:42.476 [Test worker] DEBUG o.s.w.t.h.s.r.b.ReactorHttpServer - Server started on port 53482(0 millis).
17:50:42.476 [Test worker] DEBUG o.s.w.c.RestTemplate - HTTP GET http://localhost:53482/raw-response/mono
17:50:42.476 [Test worker] DEBUG o.s.w.c.RestTemplate - Accept=[text/plain, application/json, application/x-jackson-smile, application/*+json, */*]
17:50:42.479 [reactor-http-nio-13] DEBUG o.s.w.s.a.HttpWebHandlerAdapter - [540f06e5-1, L:/127.0.0.1:53482 - R:/127.0.0.1:53483] HTTP GET "/raw-response/mono"
17:50:42.479 [reactor-http-nio-13] DEBUG o.s.w.r.r.m.a.RequestMappingHandlerMapping - [540f06e5-1, L:/127.0.0.1:53482 - R:/127.0.0.1:53483] Mapped to org.springframework.web.reactive.result.method.annotation.RequestMappingMessageConversionIntegrationTests$RawResponseBodyController#getMonoString()
17:50:42.480 [reactor-http-nio-13] DEBUG o.s.w.r.r.m.a.ResponseBodyResultHandler - [540f06e5-1, L:/127.0.0.1:53482 - R:/127.0.0.1:53483] Using 'text/plain' given [text/plain, application/json, application/x-jackson-smile, application/*+json, */*] and supported [*/*, application/json, application/*+json, application/x-ndjson, application/x-jackson-smile, application/*+x-jackson-smile, text/event-stream]
17:50:42.480 [reactor-http-nio-13] DEBUG o.s.w.r.r.m.a.ResponseBodyResultHandler - [540f06e5-1, L:/127.0.0.1:53482 - R:/127.0.0.1:53483] 0..1 [java.nio.ByteBuffer]
17:50:42.480 [reactor-http-nio-13] DEBUG o.s.c.c.ByteBufferEncoder - [540f06e5-1, L:/127.0.0.1:53482 - R:/127.0.0.1:53483] Writing 6 bytes
17:50:42.481 [reactor-http-nio-13] DEBUG o.s.w.s.a.HttpWebHandlerAdapter - [540f06e5-1, L:/127.0.0.1:53482 - R:/127.0.0.1:53483] Completed 200 OK
17:50:42.481 [Test worker] DEBUG o.s.w.c.RestTemplate - Response 200 OK
17:50:42.481 [Test worker] DEBUG o.s.w.c.RestTemplate - Reading to [java.lang.String] as "text/plain"
17:50:42.481 [Test worker] DEBUG o.s.w.t.h.s.r.b.ReactorHttpServer - Stopping ReactorHttpServer...
17:50:42.481 [Test worker] DEBUG o.s.w.t.h.s.r.b.ReactorHttpServer - Server stopped (0 millis).
17:50:42.507 [Test worker] DEBUG o.s.w.r.r.m.a.RequestMappingHandlerMapping - 34 mappings in 'requestMappingHandlerMapping'
17:50:42.516 [Test worker] DEBUG o.s.w.r.r.m.a.ControllerMethodResolver - ControllerAdvice beans: none
17:50:42.517 [Test worker] DEBUG o.s.w.s.a.HttpWebHandlerAdapter - enableLoggingRequestDetails='false': form data and headers will be masked to prevent unsafe logging of potentially sensitive data
17:50:42.518 [Test worker] DEBUG o.s.w.t.h.s.r.b.TomcatHttpServer - Starting TomcatHttpServer...
17:50:42.522 [Test worker] DEBUG o.s.w.t.h.s.r.b.TomcatHttpServer - Server started on port 53484(0 millis).
17:50:42.522 [Test worker] DEBUG o.s.w.c.RestTemplate - HTTP GET http://localhost:53484/raw-response/mono
17:50:42.522 [Test worker] DEBUG o.s.w.c.RestTemplate - Accept=[text/plain, application/json, application/x-jackson-smile, application/*+json, */*]
17:50:42.524 [http-nio-auto-18-exec-1] DEBUG o.s.w.s.a.HttpWebHandlerAdapter - [126e21e5] HTTP GET "/raw-response/mono"
17:50:42.524 [http-nio-auto-18-exec-1] DEBUG o.s.w.r.r.m.a.RequestMappingHandlerMapping - [126e21e5] Mapped to org.springframework.web.reactive.result.method.annotation.RequestMappingMessageConversionIntegrationTests$RawResponseBodyController#getMonoString()
17:50:42.525 [http-nio-auto-18-exec-1] DEBUG o.s.w.r.r.m.a.ResponseBodyResultHandler - [126e21e5] Using 'text/plain' given [text/plain, application/json, application/x-jackson-smile, application/*+json, */*] and supported [*/*, application/json, application/*+json, application/x-ndjson, application/x-jackson-smile, application/*+x-jackson-smile, text/event-stream]
17:50:42.526 [http-nio-auto-18-exec-1] DEBUG o.s.w.r.r.m.a.ResponseBodyResultHandler - [126e21e5] 0..1 [java.nio.ByteBuffer]
17:50:42.526 [http-nio-auto-18-exec-1] DEBUG o.s.c.c.ByteBufferEncoder - [126e21e5] Writing 6 bytes
17:50:42.526 [http-nio-auto-18-exec-1] DEBUG o.s.w.s.a.HttpWebHandlerAdapter - [126e21e5] Completed 200 OK
17:50:42.526 [Test worker] DEBUG o.s.w.c.RestTemplate - Response 200 OK
17:50:42.526 [Test worker] DEBUG o.s.w.c.RestTemplate - Reading to [java.lang.String] as "text/plain"
17:50:42.527 [Test worker] DEBUG o.s.w.t.h.s.r.b.TomcatHttpServer - Stopping TomcatHttpServer...
17:50:53.667 [Test worker] DEBUG o.s.w.t.h.s.r.b.TomcatHttpServer - Server stopped (0 millis).
17:50:53.703 [Test worker] DEBUG o.s.w.r.r.m.a.RequestMappingHandlerMapping - 34 mappings in 'requestMappingHandlerMapping'
17:50:53.714 [Test worker] DEBUG o.s.w.r.r.m.a.ControllerMethodResolver - ControllerAdvice beans: none
17:50:53.715 [Test worker] DEBUG o.s.w.s.a.HttpWebHandlerAdapter - enableLoggingRequestDetails='false': form data and headers will be masked to prevent unsafe logging of potentially sensitive data
17:50:53.715 [Test worker] DEBUG o.s.w.t.h.s.r.b.UndertowHttpServer - Starting UndertowHttpServer...
17:50:53.715 [Test worker] INFO  i.undertow - starting server: Undertow - 2.2.7.Final
17:50:53.719 [Test worker] DEBUG o.s.w.t.h.s.r.b.UndertowHttpServer - Server started on port 53544(0 millis).
17:50:53.719 [Test worker] DEBUG o.s.w.c.RestTemplate - HTTP GET http://localhost:53544/raw-response/mono
17:50:53.719 [Test worker] DEBUG o.s.w.c.RestTemplate - Accept=[text/plain, application/json, application/x-jackson-smile, application/*+json, */*]
17:50:53.720 [XNIO-18 I/O-13] DEBUG o.s.w.s.a.HttpWebHandlerAdapter - [243afd47-18] HTTP GET "/raw-response/mono"
17:50:53.720 [XNIO-18 I/O-13] DEBUG o.s.w.r.r.m.a.RequestMappingHandlerMapping - [243afd47-18] Mapped to org.springframework.web.reactive.result.method.annotation.RequestMappingMessageConversionIntegrationTests$RawResponseBodyController#getMonoString()
17:50:53.721 [XNIO-18 I/O-13] DEBUG o.s.w.r.r.m.a.ResponseBodyResultHandler - [243afd47-18] Using 'text/plain' given [text/plain, application/json, application/x-jackson-smile, application/*+json, */*] and supported [*/*, application/json, application/*+json, application/x-ndjson, application/x-jackson-smile, application/*+x-jackson-smile, text/event-stream]
17:50:53.721 [XNIO-18 I/O-13] DEBUG o.s.w.r.r.m.a.ResponseBodyResultHandler - [243afd47-18] 0..1 [java.nio.ByteBuffer]
17:50:53.722 [XNIO-18 I/O-13] DEBUG o.s.c.c.ByteBufferEncoder - [243afd47-18] Writing 6 bytes
17:50:53.722 [XNIO-18 I/O-13] DEBUG o.s.w.s.a.HttpWebHandlerAdapter - [243afd47-18] Completed 200 OK
17:50:53.722 [Test worker] DEBUG o.s.w.c.RestTemplate - Response 200 OK
17:50:53.722 [Test worker] DEBUG o.s.w.c.RestTemplate - Reading to [java.lang.String] as "text/plain"
17:50:53.722 [Test worker] DEBUG o.s.w.t.h.s.r.b.UndertowHttpServer - Stopping UndertowHttpServer...
17:50:53.722 [Test worker] INFO  i.undertow - stopping server: Undertow - 2.2.7.Final
17:50:53.724 [Test worker] DEBUG o.s.w.t.h.s.r.b.UndertowHttpServer - Server stopped (0 millis).
17:50:53.745 [Test worker] DEBUG o.s.w.r.r.m.a.RequestMappingHandlerMapping - 34 mappings in 'requestMappingHandlerMapping'
17:50:53.754 [Test worker] DEBUG o.s.w.r.r.m.a.ControllerMethodResolver - ControllerAdvice beans: none
17:50:53.756 [Test worker] DEBUG o.s.w.s.a.HttpWebHandlerAdapter - enableLoggingRequestDetails='false': form data and headers will be masked to prevent unsafe logging of potentially sensitive data
17:50:53.756 [Test worker] WARN  o.e.j.s.h.ContextHandler - Empty contextPath
17:50:53.756 [Test worker] INFO  o.e.j.s.h.ContextHandler - Started o.e.j.s.ServletContextHandler@6b8d2603{/,null,AVAILABLE}
17:50:53.756 [Test worker] DEBUG o.s.w.t.h.s.r.b.JettyHttpServer - Starting JettyHttpServer...
17:50:53.756 [Test worker] INFO  o.e.j.s.Server - jetty-9.4.39.v20210325; built: 2021-03-25T14:42:11.471Z; git: 9fc7ca5a922f2a37b84ec9dbc26a5168cee7e667; jvm 1.8.0_181-b13
17:50:53.757 [Test worker] INFO  o.e.j.s.AbstractConnector - Started ServerConnector@2b7fc089{HTTP/1.1, (http/1.1)}{0.0.0.0:53546}
17:50:53.757 [Test worker] INFO  o.e.j.s.Server - Started @220797ms
17:50:53.757 [Test worker] DEBUG o.s.w.t.h.s.r.b.JettyHttpServer - Server started on port 53546(0 millis).
17:50:53.758 [Test worker] DEBUG o.s.w.c.RestTemplate - HTTP POST http://localhost:53546/person-transform/flowable
17:50:53.758 [Test worker] DEBUG o.s.w.c.RestTemplate - Accept=[application/json, application/x-jackson-smile, application/*+json]
17:50:53.758 [Test worker] DEBUG o.s.w.c.RestTemplate - Writing [[Person{name='Robert'}, Person{name='Marie'}]] as "application/json"
17:50:53.759 [qtp1462601571-876] DEBUG o.s.w.s.a.HttpWebHandlerAdapter - [1ee1834d] HTTP POST "/person-transform/flowable"
17:50:53.760 [qtp1462601571-876] DEBUG o.s.w.r.r.m.a.RequestMappingHandlerMapping - [1ee1834d] Mapped to org.springframework.web.reactive.result.method.annotation.RequestMappingMessageConversionIntegrationTests$PersonTransformationController#transformFlowable(Flowable)
17:50:53.760 [qtp1462601571-876] DEBUG o.s.w.r.r.m.a.RequestBodyMethodArgumentResolver - [1ee1834d] Content-Type:application/json
17:50:53.760 [qtp1462601571-876] DEBUG o.s.w.r.r.m.a.RequestBodyMethodArgumentResolver - [1ee1834d] 0..N [org.springframework.web.reactive.result.method.annotation.RequestMappingMessageConversionIntegrationTests$Person]
17:50:53.761 [qtp1462601571-876] DEBUG o.s.w.r.r.m.a.ResponseBodyResultHandler - [1ee1834d] Using 'application/json' given [application/json] and supported [application/json, application/*+json, application/x-ndjson, application/x-jackson-smile, application/*+x-jackson-smile, application/xml, text/xml, application/*+xml, text/event-stream]
17:50:53.761 [qtp1462601571-876] DEBUG o.s.w.r.r.m.a.ResponseBodyResultHandler - [1ee1834d] 0..N [org.springframework.web.reactive.result.method.annotation.RequestMappingMessageConversionIntegrationTests$Person]
17:50:53.763 [qtp1462601571-876] DEBUG o.s.h.c.j.Jackson2JsonDecoder - [1ee1834d] Decoded [Person{name='Robert'}]
17:50:53.763 [qtp1462601571-876] DEBUG o.s.h.c.j.Jackson2JsonDecoder - [1ee1834d] Decoded [Person{name='Marie'}]
17:50:53.763 [qtp1462601571-876] DEBUG o.s.h.c.j.Jackson2JsonEncoder - [1ee1834d] Encoding [[Person{name='ROBERT'}, Person{name='MARIE'}]]
17:50:53.764 [qtp1462601571-876] DEBUG o.s.w.s.a.HttpWebHandlerAdapter - [1ee1834d] Completed 200 OK
17:50:53.764 [Test worker] DEBUG o.s.w.c.RestTemplate - Response 200 OK
17:50:53.764 [Test worker] DEBUG o.s.w.c.RestTemplate - Reading to [java.util.List<org.springframework.web.reactive.result.method.annotation.RequestMappingMessageConversionIntegrationTests$Person>]
17:50:53.764 [Test worker] DEBUG o.s.w.t.h.s.r.b.JettyHttpServer - Stopping JettyHttpServer...
17:50:53.764 [Test worker] INFO  o.e.j.s.h.ContextHandler - Stopped o.e.j.s.ServletContextHandler@6b8d2603{/,null,STOPPED}
17:50:53.765 [Test worker] INFO  o.e.j.s.AbstractConnector - Stopped ServerConnector@2b7fc089{HTTP/1.1, (http/1.1)}{0.0.0.0:0}
17:50:53.765 [Test worker] DEBUG o.s.w.t.h.s.r.b.JettyHttpServer - Server stopped (0 millis).
17:50:53.785 [Test worker] DEBUG o.s.w.r.r.m.a.RequestMappingHandlerMapping - 34 mappings in 'requestMappingHandlerMapping'
17:50:53.794 [Test worker] DEBUG o.s.w.r.r.m.a.ControllerMethodResolver - ControllerAdvice beans: none
17:50:53.796 [Test worker] DEBUG o.s.w.s.a.HttpWebHandlerAdapter - enableLoggingRequestDetails='false': form data and headers will be masked to prevent unsafe logging of potentially sensitive data
17:50:53.796 [Test worker] DEBUG o.s.w.t.h.s.r.b.ReactorHttpServer - Starting ReactorHttpServer...
17:50:53.796 [Test worker] DEBUG o.s.w.t.h.s.r.b.ReactorHttpServer - Server started on port 53548(0 millis).
17:50:53.797 [Test worker] DEBUG o.s.w.c.RestTemplate - HTTP POST http://localhost:53548/person-transform/flowable
17:50:53.797 [Test worker] DEBUG o.s.w.c.RestTemplate - Accept=[application/json, application/x-jackson-smile, application/*+json]
17:50:53.797 [Test worker] DEBUG o.s.w.c.RestTemplate - Writing [[Person{name='Robert'}, Person{name='Marie'}]] as "application/json"
17:50:53.799 [reactor-http-nio-15] DEBUG o.s.w.s.a.HttpWebHandlerAdapter - [173c9c01-1, L:/127.0.0.1:53548 - R:/127.0.0.1:53549] HTTP POST "/person-transform/flowable"
17:50:53.799 [reactor-http-nio-15] DEBUG o.s.w.r.r.m.a.RequestMappingHandlerMapping - [173c9c01-1, L:/127.0.0.1:53548 - R:/127.0.0.1:53549] Mapped to org.springframework.web.reactive.result.method.annotation.RequestMappingMessageConversionIntegrationTests$PersonTransformationController#transformFlowable(Flowable)
17:50:53.799 [reactor-http-nio-15] DEBUG o.s.w.r.r.m.a.RequestBodyMethodArgumentResolver - [173c9c01-1, L:/127.0.0.1:53548 - R:/127.0.0.1:53549] Content-Type:application/json
17:50:53.799 [reactor-http-nio-15] DEBUG o.s.w.r.r.m.a.RequestBodyMethodArgumentResolver - [173c9c01-1, L:/127.0.0.1:53548 - R:/127.0.0.1:53549] 0..N [org.springframework.web.reactive.result.method.annotation.RequestMappingMessageConversionIntegrationTests$Person]
17:50:53.800 [reactor-http-nio-15] DEBUG o.s.w.r.r.m.a.ResponseBodyResultHandler - [173c9c01-1, L:/127.0.0.1:53548 - R:/127.0.0.1:53549] Using 'application/json' given [application/json] and supported [application/json, application/*+json, application/x-ndjson, application/x-jackson-smile, application/*+x-jackson-smile, application/xml, text/xml, application/*+xml, text/event-stream]
17:50:53.800 [reactor-http-nio-15] DEBUG o.s.w.r.r.m.a.ResponseBodyResultHandler - [173c9c01-1, L:/127.0.0.1:53548 - R:/127.0.0.1:53549] 0..N [org.springframework.web.reactive.result.method.annotation.RequestMappingMessageConversionIntegrationTests$Person]
17:50:53.800 [reactor-http-nio-15] DEBUG o.s.h.c.j.Jackson2JsonDecoder - [173c9c01-1, L:/127.0.0.1:53548 - R:/127.0.0.1:53549] Decoded [Person{name='Robert'}]
17:50:53.801 [reactor-http-nio-15] DEBUG o.s.h.c.j.Jackson2JsonDecoder - [173c9c01-1, L:/127.0.0.1:53548 - R:/127.0.0.1:53549] Decoded [Person{name='Marie'}]
17:50:53.801 [reactor-http-nio-15] DEBUG o.s.h.c.j.Jackson2JsonEncoder - [173c9c01-1, L:/127.0.0.1:53548 - R:/127.0.0.1:53549] Encoding [[Person{name='ROBERT'}, Person{name='MARIE'}]]
17:50:53.801 [Test worker] DEBUG o.s.w.c.RestTemplate - Response 200 OK
17:50:53.802 [Test worker] DEBUG o.s.w.c.RestTemplate - Reading to [java.util.List<org.springframework.web.reactive.result.method.annotation.RequestMappingMessageConversionIntegrationTests$Person>]
17:50:53.802 [reactor-http-nio-15] DEBUG o.s.w.s.a.HttpWebHandlerAdapter - [173c9c01-1, L:/127.0.0.1:53548 - R:/127.0.0.1:53549] Completed 200 OK
17:50:53.802 [Test worker] DEBUG o.s.w.t.h.s.r.b.ReactorHttpServer - Stopping ReactorHttpServer...
17:50:53.802 [Test worker] DEBUG o.s.w.t.h.s.r.b.ReactorHttpServer - Server stopped (0 millis).
17:50:53.825 [Test worker] DEBUG o.s.w.r.r.m.a.RequestMappingHandlerMapping - 34 mappings in 'requestMappingHandlerMapping'
17:50:53.834 [Test worker] DEBUG o.s.w.r.r.m.a.ControllerMethodResolver - ControllerAdvice beans: none
17:50:53.835 [Test worker] DEBUG o.s.w.s.a.HttpWebHandlerAdapter - enableLoggingRequestDetails='false': form data and headers will be masked to prevent unsafe logging of potentially sensitive data
17:50:53.836 [Test worker] DEBUG o.s.w.t.h.s.r.b.TomcatHttpServer - Starting TomcatHttpServer...
17:50:53.841 [Test worker] DEBUG o.s.w.t.h.s.r.b.TomcatHttpServer - Server started on port 53550(0 millis).
17:50:53.841 [Test worker] DEBUG o.s.w.c.RestTemplate - HTTP POST http://localhost:53550/person-transform/flowable
17:50:53.841 [Test worker] DEBUG o.s.w.c.RestTemplate - Accept=[application/json, application/x-jackson-smile, application/*+json]
17:50:53.841 [Test worker] DEBUG o.s.w.c.RestTemplate - Writing [[Person{name='Robert'}, Person{name='Marie'}]] as "application/json"
17:50:53.843 [http-nio-auto-19-exec-1] DEBUG o.s.w.s.a.HttpWebHandlerAdapter - [306f60da] HTTP POST "/person-transform/flowable"
17:50:53.843 [http-nio-auto-19-exec-1] DEBUG o.s.w.r.r.m.a.RequestMappingHandlerMapping - [306f60da] Mapped to org.springframework.web.reactive.result.method.annotation.RequestMappingMessageConversionIntegrationTests$PersonTransformationController#transformFlowable(Flowable)
17:50:53.844 [http-nio-auto-19-exec-1] DEBUG o.s.w.r.r.m.a.RequestBodyMethodArgumentResolver - [306f60da] Content-Type:application/json
17:50:53.844 [http-nio-auto-19-exec-1] DEBUG o.s.w.r.r.m.a.RequestBodyMethodArgumentResolver - [306f60da] 0..N [org.springframework.web.reactive.result.method.annotation.RequestMappingMessageConversionIntegrationTests$Person]
17:50:53.845 [http-nio-auto-19-exec-1] DEBUG o.s.w.r.r.m.a.ResponseBodyResultHandler - [306f60da] Using 'application/json' given [application/json] and supported [application/json, application/*+json, application/x-ndjson, application/x-jackson-smile, application/*+x-jackson-smile, application/xml, text/xml, application/*+xml, text/event-stream]
17:50:53.845 [http-nio-auto-19-exec-1] DEBUG o.s.w.r.r.m.a.ResponseBodyResultHandler - [306f60da] 0..N [org.springframework.web.reactive.result.method.annotation.RequestMappingMessageConversionIntegrationTests$Person]
17:50:53.845 [http-nio-auto-19-exec-1] DEBUG o.s.h.c.j.Jackson2JsonDecoder - [306f60da] Decoded [Person{name='Robert'}]
17:50:53.845 [http-nio-auto-19-exec-1] DEBUG o.s.h.c.j.Jackson2JsonDecoder - [306f60da] Decoded [Person{name='Marie'}]
17:50:53.845 [http-nio-auto-19-exec-1] DEBUG o.s.h.c.j.Jackson2JsonEncoder - [306f60da] Encoding [[Person{name='ROBERT'}, Person{name='MARIE'}]]
17:50:53.846 [http-nio-auto-19-exec-1] DEBUG o.s.w.s.a.HttpWebHandlerAdapter - [306f60da] Completed 200 OK
17:50:53.846 [Test worker] DEBUG o.s.w.c.RestTemplate - Response 200 OK
17:50:53.846 [Test worker] DEBUG o.s.w.c.RestTemplate - Reading to [java.util.List<org.springframework.web.reactive.result.method.annotation.RequestMappingMessageConversionIntegrationTests$Person>]
17:50:53.846 [Test worker] DEBUG o.s.w.t.h.s.r.b.TomcatHttpServer - Stopping TomcatHttpServer...
17:51:04.969 [Test worker] DEBUG o.s.w.t.h.s.r.b.TomcatHttpServer - Server stopped (0 millis).
17:51:04.996 [Test worker] DEBUG o.s.w.r.r.m.a.RequestMappingHandlerMapping - 34 mappings in 'requestMappingHandlerMapping'
17:51:05.006 [Test worker] DEBUG o.s.w.r.r.m.a.ControllerMethodResolver - ControllerAdvice beans: none
17:51:05.007 [Test worker] DEBUG o.s.w.s.a.HttpWebHandlerAdapter - enableLoggingRequestDetails='false': form data and headers will be masked to prevent unsafe logging of potentially sensitive data
17:51:05.007 [Test worker] DEBUG o.s.w.t.h.s.r.b.UndertowHttpServer - Starting UndertowHttpServer...
17:51:05.007 [Test worker] INFO  i.undertow - starting server: Undertow - 2.2.7.Final
17:51:05.010 [Test worker] DEBUG o.s.w.t.h.s.r.b.UndertowHttpServer - Server started on port 53590(0 millis).
17:51:05.010 [Test worker] DEBUG o.s.w.c.RestTemplate - HTTP POST http://localhost:53590/person-transform/flowable
17:51:05.010 [Test worker] DEBUG o.s.w.c.RestTemplate - Accept=[application/json, application/x-jackson-smile, application/*+json]
17:51:05.010 [Test worker] DEBUG o.s.w.c.RestTemplate - Writing [[Person{name='Robert'}, Person{name='Marie'}]] as "application/json"
17:51:05.012 [XNIO-19 I/O-13] DEBUG o.s.w.s.a.HttpWebHandlerAdapter - [1ccd5db-19] HTTP POST "/person-transform/flowable"
17:51:05.012 [XNIO-19 I/O-13] DEBUG o.s.w.r.r.m.a.RequestMappingHandlerMapping - [1ccd5db-19] Mapped to org.springframework.web.reactive.result.method.annotation.RequestMappingMessageConversionIntegrationTests$PersonTransformationController#transformFlowable(Flowable)
17:51:05.012 [XNIO-19 I/O-13] DEBUG o.s.w.r.r.m.a.RequestBodyMethodArgumentResolver - [1ccd5db-19] Content-Type:application/json
17:51:05.013 [XNIO-19 I/O-13] DEBUG o.s.w.r.r.m.a.RequestBodyMethodArgumentResolver - [1ccd5db-19] 0..N [org.springframework.web.reactive.result.method.annotation.RequestMappingMessageConversionIntegrationTests$Person]
17:51:05.013 [XNIO-19 I/O-13] DEBUG o.s.w.r.r.m.a.ResponseBodyResultHandler - [1ccd5db-19] Using 'application/json' given [application/json] and supported [application/json, application/*+json, application/x-ndjson, application/x-jackson-smile, application/*+x-jackson-smile, application/xml, text/xml, application/*+xml, text/event-stream]
17:51:05.013 [XNIO-19 I/O-13] DEBUG o.s.w.r.r.m.a.ResponseBodyResultHandler - [1ccd5db-19] 0..N [org.springframework.web.reactive.result.method.annotation.RequestMappingMessageConversionIntegrationTests$Person]
17:51:05.014 [XNIO-19 I/O-13] DEBUG o.s.h.c.j.Jackson2JsonDecoder - [1ccd5db-19] Decoded [Person{name='Robert'}]
17:51:05.014 [XNIO-19 I/O-13] DEBUG o.s.h.c.j.Jackson2JsonDecoder - [1ccd5db-19] Decoded [Person{name='Marie'}]
17:51:05.014 [XNIO-19 I/O-13] DEBUG o.s.h.c.j.Jackson2JsonEncoder - [1ccd5db-19] Encoding [[Person{name='ROBERT'}, Person{name='MARIE'}]]
17:51:05.014 [XNIO-19 I/O-13] DEBUG o.s.w.s.a.HttpWebHandlerAdapter - [1ccd5db-19] Completed 200 OK
17:51:05.014 [Test worker] DEBUG o.s.w.c.RestTemplate - Response 200 OK
17:51:05.014 [Test worker] DEBUG o.s.w.c.RestTemplate - Reading to [java.util.List<org.springframework.web.reactive.result.method.annotation.RequestMappingMessageConversionIntegrationTests$Person>]
17:51:05.015 [Test worker] DEBUG o.s.w.t.h.s.r.b.UndertowHttpServer - Stopping UndertowHttpServer...
17:51:05.015 [Test worker] INFO  i.undertow - stopping server: Undertow - 2.2.7.Final
17:51:05.015 [Test worker] DEBUG o.s.w.t.h.s.r.b.UndertowHttpServer - Server stopped (0 millis).
17:51:05.038 [Test worker] DEBUG o.s.w.r.r.m.a.RequestMappingHandlerMapping - 34 mappings in 'requestMappingHandlerMapping'
17:51:05.047 [Test worker] DEBUG o.s.w.r.r.m.a.ControllerMethodResolver - ControllerAdvice beans: none
17:51:05.048 [Test worker] DEBUG o.s.w.s.a.HttpWebHandlerAdapter - enableLoggingRequestDetails='false': form data and headers will be masked to prevent unsafe logging of potentially sensitive data
17:51:05.049 [Test worker] WARN  o.e.j.s.h.ContextHandler - Empty contextPath
17:51:05.049 [Test worker] INFO  o.e.j.s.h.ContextHandler - Started o.e.j.s.ServletContextHandler@14dfc2e3{/,null,AVAILABLE}
17:51:05.049 [Test worker] DEBUG o.s.w.t.h.s.r.b.JettyHttpServer - Starting JettyHttpServer...
17:51:05.049 [Test worker] INFO  o.e.j.s.Server - jetty-9.4.39.v20210325; built: 2021-03-25T14:42:11.471Z; git: 9fc7ca5a922f2a37b84ec9dbc26a5168cee7e667; jvm 1.8.0_181-b13
17:51:05.050 [Test worker] INFO  o.e.j.s.AbstractConnector - Started ServerConnector@39593803{HTTP/1.1, (http/1.1)}{0.0.0.0:53592}
17:51:05.050 [Test worker] INFO  o.e.j.s.Server - Started @232090ms
17:51:05.050 [Test worker] DEBUG o.s.w.t.h.s.r.b.JettyHttpServer - Server started on port 53592(0 millis).
17:51:05.050 [Test worker] DEBUG o.s.w.c.RestTemplate - HTTP POST http://localhost:53592/person-create/flux
17:51:05.051 [Test worker] DEBUG o.s.w.c.RestTemplate - Accept=[application/json, application/x-jackson-smile, application/*+json]
17:51:05.051 [Test worker] DEBUG o.s.w.c.RestTemplate - Writing [[Person{name='Robert'}, Person{name='Marie'}]] as "application/json"
17:51:05.052 [qtp1428507193-921] DEBUG o.s.w.s.a.HttpWebHandlerAdapter - [69e0557a] HTTP POST "/person-create/flux"
17:51:05.052 [qtp1428507193-921] DEBUG o.s.w.r.r.m.a.RequestMappingHandlerMapping - [69e0557a] Mapped to org.springframework.web.reactive.result.method.annotation.RequestMappingMessageConversionIntegrationTests$PersonCreateController#createWithFlux(Flux)
17:51:05.053 [qtp1428507193-921] DEBUG o.s.w.r.r.m.a.RequestBodyMethodArgumentResolver - [69e0557a] Content-Type:application/json
17:51:05.053 [qtp1428507193-921] DEBUG o.s.w.r.r.m.a.RequestBodyMethodArgumentResolver - [69e0557a] 0..N [org.springframework.web.reactive.result.method.annotation.RequestMappingMessageConversionIntegrationTests$Person]
17:51:05.054 [qtp1428507193-921] DEBUG o.s.h.c.j.Jackson2JsonDecoder - [69e0557a] Decoded [Person{name='Robert'}]
17:51:05.054 [qtp1428507193-921] DEBUG o.s.h.c.j.Jackson2JsonDecoder - [69e0557a] Decoded [Person{name='Marie'}]
17:51:05.054 [qtp1428507193-921] DEBUG o.s.w.s.a.HttpWebHandlerAdapter - [69e0557a] Completed 200 OK
17:51:05.054 [Test worker] DEBUG o.s.w.c.RestTemplate - Response 200 OK
17:51:05.054 [Test worker] DEBUG o.s.w.t.h.s.r.b.JettyHttpServer - Stopping JettyHttpServer...
17:51:05.054 [Test worker] INFO  o.e.j.s.h.ContextHandler - Stopped o.e.j.s.ServletContextHandler@14dfc2e3{/,null,STOPPED}
17:51:05.055 [Test worker] INFO  o.e.j.s.AbstractConnector - Stopped ServerConnector@39593803{HTTP/1.1, (http/1.1)}{0.0.0.0:0}
17:51:05.055 [Test worker] DEBUG o.s.w.t.h.s.r.b.JettyHttpServer - Server stopped (0 millis).
17:51:05.081 [Test worker] DEBUG o.s.w.r.r.m.a.RequestMappingHandlerMapping - 34 mappings in 'requestMappingHandlerMapping'
17:51:05.092 [Test worker] DEBUG o.s.w.r.r.m.a.ControllerMethodResolver - ControllerAdvice beans: none
17:51:05.095 [Test worker] DEBUG o.s.w.s.a.HttpWebHandlerAdapter - enableLoggingRequestDetails='false': form data and headers will be masked to prevent unsafe logging of potentially sensitive data
17:51:05.095 [Test worker] DEBUG o.s.w.t.h.s.r.b.ReactorHttpServer - Starting ReactorHttpServer...
17:51:05.095 [Test worker] DEBUG o.s.w.t.h.s.r.b.ReactorHttpServer - Server started on port 53594(0 millis).
17:51:05.096 [Test worker] DEBUG o.s.w.c.RestTemplate - HTTP POST http://localhost:53594/person-create/flux
17:51:05.096 [Test worker] DEBUG o.s.w.c.RestTemplate - Accept=[application/json, application/x-jackson-smile, application/*+json]
17:51:05.096 [Test worker] DEBUG o.s.w.c.RestTemplate - Writing [[Person{name='Robert'}, Person{name='Marie'}]] as "application/json"
17:51:05.098 [reactor-http-nio-1] DEBUG o.s.w.s.a.HttpWebHandlerAdapter - [f7a59015-1, L:/127.0.0.1:53594 - R:/127.0.0.1:53595] HTTP POST "/person-create/flux"
17:51:05.098 [reactor-http-nio-1] DEBUG o.s.w.r.r.m.a.RequestMappingHandlerMapping - [f7a59015-1, L:/127.0.0.1:53594 - R:/127.0.0.1:53595] Mapped to org.springframework.web.reactive.result.method.annotation.RequestMappingMessageConversionIntegrationTests$PersonCreateController#createWithFlux(Flux)
17:51:05.099 [reactor-http-nio-1] DEBUG o.s.w.r.r.m.a.RequestBodyMethodArgumentResolver - [f7a59015-1, L:/127.0.0.1:53594 - R:/127.0.0.1:53595] Content-Type:application/json
17:51:05.099 [reactor-http-nio-1] DEBUG o.s.w.r.r.m.a.RequestBodyMethodArgumentResolver - [f7a59015-1, L:/127.0.0.1:53594 - R:/127.0.0.1:53595] 0..N [org.springframework.web.reactive.result.method.annotation.RequestMappingMessageConversionIntegrationTests$Person]
17:51:05.100 [reactor-http-nio-1] DEBUG o.s.h.c.j.Jackson2JsonDecoder - [f7a59015-1, L:/127.0.0.1:53594 - R:/127.0.0.1:53595] Decoded [Person{name='Robert'}]
17:51:05.100 [reactor-http-nio-1] DEBUG o.s.h.c.j.Jackson2JsonDecoder - [f7a59015-1, L:/127.0.0.1:53594 - R:/127.0.0.1:53595] Decoded [Person{name='Marie'}]
17:51:05.100 [reactor-http-nio-1] DEBUG o.s.w.s.a.HttpWebHandlerAdapter - [f7a59015-1, L:/127.0.0.1:53594 - R:/127.0.0.1:53595] Completed 200 OK
17:51:05.101 [Test worker] DEBUG o.s.w.c.RestTemplate - Response 200 OK
17:51:05.101 [Test worker] DEBUG o.s.w.t.h.s.r.b.ReactorHttpServer - Stopping ReactorHttpServer...
17:51:05.101 [Test worker] DEBUG o.s.w.t.h.s.r.b.ReactorHttpServer - Server stopped (0 millis).
17:51:05.136 [Test worker] DEBUG o.s.w.r.r.m.a.RequestMappingHandlerMapping - 34 mappings in 'requestMappingHandlerMapping'
17:51:05.150 [Test worker] DEBUG o.s.w.r.r.m.a.ControllerMethodResolver - ControllerAdvice beans: none
17:51:05.152 [Test worker] DEBUG o.s.w.s.a.HttpWebHandlerAdapter - enableLoggingRequestDetails='false': form data and headers will be masked to prevent unsafe logging of potentially sensitive data
17:51:05.153 [Test worker] DEBUG o.s.w.t.h.s.r.b.TomcatHttpServer - Starting TomcatHttpServer...
17:51:05.158 [Test worker] DEBUG o.s.w.t.h.s.r.b.TomcatHttpServer - Server started on port 53597(0 millis).
17:51:05.159 [Test worker] DEBUG o.s.w.c.RestTemplate - HTTP POST http://localhost:53597/person-create/flux
17:51:05.159 [Test worker] DEBUG o.s.w.c.RestTemplate - Accept=[application/json, application/x-jackson-smile, application/*+json]
17:51:05.159 [Test worker] DEBUG o.s.w.c.RestTemplate - Writing [[Person{name='Robert'}, Person{name='Marie'}]] as "application/json"
17:51:05.161 [http-nio-auto-20-exec-1] DEBUG o.s.w.s.a.HttpWebHandlerAdapter - [71c6df0e] HTTP POST "/person-create/flux"
17:51:05.162 [http-nio-auto-20-exec-1] DEBUG o.s.w.r.r.m.a.RequestMappingHandlerMapping - [71c6df0e] Mapped to org.springframework.web.reactive.result.method.annotation.RequestMappingMessageConversionIntegrationTests$PersonCreateController#createWithFlux(Flux)
17:51:05.162 [http-nio-auto-20-exec-1] DEBUG o.s.w.r.r.m.a.RequestBodyMethodArgumentResolver - [71c6df0e] Content-Type:application/json
17:51:05.162 [http-nio-auto-20-exec-1] DEBUG o.s.w.r.r.m.a.RequestBodyMethodArgumentResolver - [71c6df0e] 0..N [org.springframework.web.reactive.result.method.annotation.RequestMappingMessageConversionIntegrationTests$Person]
17:51:05.163 [http-nio-auto-20-exec-1] DEBUG o.s.h.c.j.Jackson2JsonDecoder - [71c6df0e] Decoded [Person{name='Robert'}]
17:51:05.163 [http-nio-auto-20-exec-1] DEBUG o.s.h.c.j.Jackson2JsonDecoder - [71c6df0e] Decoded [Person{name='Marie'}]
17:51:05.163 [http-nio-auto-20-exec-1] DEBUG o.s.w.s.a.HttpWebHandlerAdapter - [71c6df0e] Completed 200 OK
17:51:05.164 [Test worker] DEBUG o.s.w.c.RestTemplate - Response 200 OK
17:51:05.164 [Test worker] DEBUG o.s.w.t.h.s.r.b.TomcatHttpServer - Stopping TomcatHttpServer...
17:51:16.276 [Test worker] DEBUG o.s.w.t.h.s.r.b.TomcatHttpServer - Server stopped (0 millis).
17:51:16.307 [Test worker] DEBUG o.s.w.r.r.m.a.RequestMappingHandlerMapping - 34 mappings in 'requestMappingHandlerMapping'
17:51:16.316 [Test worker] DEBUG o.s.w.r.r.m.a.ControllerMethodResolver - ControllerAdvice beans: none
17:51:16.318 [Test worker] DEBUG o.s.w.s.a.HttpWebHandlerAdapter - enableLoggingRequestDetails='false': form data and headers will be masked to prevent unsafe logging of potentially sensitive data
17:51:16.318 [Test worker] DEBUG o.s.w.t.h.s.r.b.UndertowHttpServer - Starting UndertowHttpServer...
17:51:16.318 [Test worker] INFO  i.undertow - starting server: Undertow - 2.2.7.Final
17:51:16.320 [Test worker] DEBUG o.s.w.t.h.s.r.b.UndertowHttpServer - Server started on port 53651(0 millis).
17:51:16.320 [Test worker] DEBUG o.s.w.c.RestTemplate - HTTP POST http://localhost:53651/person-create/flux
17:51:16.321 [Test worker] DEBUG o.s.w.c.RestTemplate - Accept=[application/json, application/x-jackson-smile, application/*+json]
17:51:16.321 [Test worker] DEBUG o.s.w.c.RestTemplate - Writing [[Person{name='Robert'}, Person{name='Marie'}]] as "application/json"
17:51:16.322 [XNIO-20 I/O-4] DEBUG o.s.w.s.a.HttpWebHandlerAdapter - [46f4495b-20] HTTP POST "/person-create/flux"
17:51:16.322 [XNIO-20 I/O-4] DEBUG o.s.w.r.r.m.a.RequestMappingHandlerMapping - [46f4495b-20] Mapped to org.springframework.web.reactive.result.method.annotation.RequestMappingMessageConversionIntegrationTests$PersonCreateController#createWithFlux(Flux)
17:51:16.323 [XNIO-20 I/O-4] DEBUG o.s.w.r.r.m.a.RequestBodyMethodArgumentResolver - [46f4495b-20] Content-Type:application/json
17:51:16.323 [XNIO-20 I/O-4] DEBUG o.s.w.r.r.m.a.RequestBodyMethodArgumentResolver - [46f4495b-20] 0..N [org.springframework.web.reactive.result.method.annotation.RequestMappingMessageConversionIntegrationTests$Person]
17:51:16.323 [XNIO-20 I/O-4] DEBUG o.s.h.c.j.Jackson2JsonDecoder - [46f4495b-20] Decoded [Person{name='Robert'}]
17:51:16.323 [XNIO-20 I/O-4] DEBUG o.s.h.c.j.Jackson2JsonDecoder - [46f4495b-20] Decoded [Person{name='Marie'}]
17:51:16.323 [XNIO-20 I/O-4] DEBUG o.s.w.s.a.HttpWebHandlerAdapter - [46f4495b-20] Completed 200 OK
17:51:16.323 [Test worker] DEBUG o.s.w.c.RestTemplate - Response 200 OK
17:51:16.324 [Test worker] DEBUG o.s.w.t.h.s.r.b.UndertowHttpServer - Stopping UndertowHttpServer...
17:51:16.324 [Test worker] INFO  i.undertow - stopping server: Undertow - 2.2.7.Final
17:51:16.324 [Test worker] DEBUG o.s.w.t.h.s.r.b.UndertowHttpServer - Server stopped (0 millis).
17:51:16.346 [Test worker] DEBUG o.s.w.r.r.m.a.RequestMappingHandlerMapping - 34 mappings in 'requestMappingHandlerMapping'
17:51:16.355 [Test worker] DEBUG o.s.w.r.r.m.a.ControllerMethodResolver - ControllerAdvice beans: none
17:51:16.357 [Test worker] DEBUG o.s.w.s.a.HttpWebHandlerAdapter - enableLoggingRequestDetails='false': form data and headers will be masked to prevent unsafe logging of potentially sensitive data
17:51:16.357 [Test worker] WARN  o.e.j.s.h.ContextHandler - Empty contextPath
17:51:16.357 [Test worker] INFO  o.e.j.s.h.ContextHandler - Started o.e.j.s.ServletContextHandler@11571f9{/,null,AVAILABLE}
17:51:16.357 [Test worker] DEBUG o.s.w.t.h.s.r.b.JettyHttpServer - Starting JettyHttpServer...
17:51:16.357 [Test worker] INFO  o.e.j.s.Server - jetty-9.4.39.v20210325; built: 2021-03-25T14:42:11.471Z; git: 9fc7ca5a922f2a37b84ec9dbc26a5168cee7e667; jvm 1.8.0_181-b13
17:51:16.358 [Test worker] INFO  o.e.j.s.AbstractConnector - Started ServerConnector@33a672f6{HTTP/1.1, (http/1.1)}{0.0.0.0:53653}
17:51:16.358 [Test worker] INFO  o.e.j.s.Server - Started @243397ms
17:51:16.358 [Test worker] DEBUG o.s.w.t.h.s.r.b.JettyHttpServer - Server started on port 53653(0 millis).
17:51:16.358 [Test worker] DEBUG o.s.w.c.RestTemplate - HTTP POST http://localhost:53653/person-create/flowable
17:51:16.358 [Test worker] DEBUG o.s.w.c.RestTemplate - Accept=[application/json, application/x-jackson-smile, application/*+json]
17:51:16.358 [Test worker] DEBUG o.s.w.c.RestTemplate - Writing [org.springframework.web.reactive.result.method.annotation.RequestMappingMessageConversionIntegrationTests$People@35b4cf2e] as "application/xml"
17:51:16.361 [qtp1925891564-966] DEBUG o.s.w.s.a.HttpWebHandlerAdapter - [297cf8eb] HTTP POST "/person-create/flowable"
17:51:16.362 [qtp1925891564-966] DEBUG o.s.w.r.r.m.a.RequestMappingHandlerMapping - [297cf8eb] Mapped to org.springframework.web.reactive.result.method.annotation.RequestMappingMessageConversionIntegrationTests$PersonCreateController#createWithFlowable(Flowable)
17:51:16.362 [qtp1925891564-966] DEBUG o.s.w.r.r.m.a.RequestBodyMethodArgumentResolver - [297cf8eb] Content-Type:application/xml
17:51:16.362 [qtp1925891564-966] DEBUG o.s.w.r.r.m.a.RequestBodyMethodArgumentResolver - [297cf8eb] 0..N [org.springframework.web.reactive.result.method.annotation.RequestMappingMessageConversionIntegrationTests$Person]
17:51:16.365 [qtp1925891564-966] DEBUG o.s.h.c.x.Jaxb2XmlDecoder - [297cf8eb] Decoded [Person{name='Robert'}]
17:51:16.365 [qtp1925891564-966] DEBUG o.s.h.c.x.Jaxb2XmlDecoder - [297cf8eb] Decoded [Person{name='Marie'}]
17:51:16.365 [qtp1925891564-966] DEBUG o.s.w.s.a.HttpWebHandlerAdapter - [297cf8eb] Completed 200 OK
17:51:16.365 [Test worker] DEBUG o.s.w.c.RestTemplate - Response 200 OK
17:51:16.365 [Test worker] DEBUG o.s.w.t.h.s.r.b.JettyHttpServer - Stopping JettyHttpServer...
17:51:16.365 [Test worker] INFO  o.e.j.s.h.ContextHandler - Stopped o.e.j.s.ServletContextHandler@11571f9{/,null,STOPPED}
17:51:16.366 [Test worker] INFO  o.e.j.s.AbstractConnector - Stopped ServerConnector@33a672f6{HTTP/1.1, (http/1.1)}{0.0.0.0:0}
17:51:16.366 [Test worker] DEBUG o.s.w.t.h.s.r.b.JettyHttpServer - Server stopped (0 millis).
17:51:16.388 [Test worker] DEBUG o.s.w.r.r.m.a.RequestMappingHandlerMapping - 34 mappings in 'requestMappingHandlerMapping'
17:51:16.397 [Test worker] DEBUG o.s.w.r.r.m.a.ControllerMethodResolver - ControllerAdvice beans: none
17:51:16.398 [Test worker] DEBUG o.s.w.s.a.HttpWebHandlerAdapter - enableLoggingRequestDetails='false': form data and headers will be masked to prevent unsafe logging of potentially sensitive data
17:51:16.398 [Test worker] DEBUG o.s.w.t.h.s.r.b.ReactorHttpServer - Starting ReactorHttpServer...
17:51:16.399 [Test worker] DEBUG o.s.w.t.h.s.r.b.ReactorHttpServer - Server started on port 53655(0 millis).
17:51:16.399 [Test worker] DEBUG o.s.w.c.RestTemplate - HTTP POST http://localhost:53655/person-create/flowable
17:51:16.399 [Test worker] DEBUG o.s.w.c.RestTemplate - Accept=[application/json, application/x-jackson-smile, application/*+json]
17:51:16.399 [Test worker] DEBUG o.s.w.c.RestTemplate - Writing [org.springframework.web.reactive.result.method.annotation.RequestMappingMessageConversionIntegrationTests$People@7f89c5a2] as "application/xml"
17:51:16.403 [reactor-http-nio-3] DEBUG o.s.w.s.a.HttpWebHandlerAdapter - [5fd427c9-1, L:/127.0.0.1:53655 - R:/127.0.0.1:53656] HTTP POST "/person-create/flowable"
17:51:16.403 [reactor-http-nio-3] DEBUG o.s.w.r.r.m.a.RequestMappingHandlerMapping - [5fd427c9-1, L:/127.0.0.1:53655 - R:/127.0.0.1:53656] Mapped to org.springframework.web.reactive.result.method.annotation.RequestMappingMessageConversionIntegrationTests$PersonCreateController#createWithFlowable(Flowable)
17:51:16.403 [reactor-http-nio-3] DEBUG o.s.w.r.r.m.a.RequestBodyMethodArgumentResolver - [5fd427c9-1, L:/127.0.0.1:53655 - R:/127.0.0.1:53656] Content-Type:application/xml
17:51:16.403 [reactor-http-nio-3] DEBUG o.s.w.r.r.m.a.RequestBodyMethodArgumentResolver - [5fd427c9-1, L:/127.0.0.1:53655 - R:/127.0.0.1:53656] 0..N [org.springframework.web.reactive.result.method.annotation.RequestMappingMessageConversionIntegrationTests$Person]
17:51:16.405 [reactor-http-nio-3] DEBUG o.s.h.c.x.Jaxb2XmlDecoder - [5fd427c9-1, L:/127.0.0.1:53655 - R:/127.0.0.1:53656] Decoded [Person{name='Robert'}]
17:51:16.405 [reactor-http-nio-3] DEBUG o.s.h.c.x.Jaxb2XmlDecoder - [5fd427c9-1, L:/127.0.0.1:53655 - R:/127.0.0.1:53656] Decoded [Person{name='Marie'}]
17:51:16.405 [reactor-http-nio-3] DEBUG o.s.w.s.a.HttpWebHandlerAdapter - [5fd427c9-1, L:/127.0.0.1:53655 - R:/127.0.0.1:53656] Completed 200 OK
17:51:16.406 [Test worker] DEBUG o.s.w.c.RestTemplate - Response 200 OK
17:51:16.406 [Test worker] DEBUG o.s.w.t.h.s.r.b.ReactorHttpServer - Stopping ReactorHttpServer...
17:51:16.406 [Test worker] DEBUG o.s.w.t.h.s.r.b.ReactorHttpServer - Server stopped (0 millis).
17:51:16.427 [Test worker] DEBUG o.s.w.r.r.m.a.RequestMappingHandlerMapping - 34 mappings in 'requestMappingHandlerMapping'
17:51:16.436 [Test worker] DEBUG o.s.w.r.r.m.a.ControllerMethodResolver - ControllerAdvice beans: none
17:51:16.437 [Test worker] DEBUG o.s.w.s.a.HttpWebHandlerAdapter - enableLoggingRequestDetails='false': form data and headers will be masked to prevent unsafe logging of potentially sensitive data
17:51:16.437 [Test worker] DEBUG o.s.w.t.h.s.r.b.TomcatHttpServer - Starting TomcatHttpServer...
17:51:16.445 [Test worker] DEBUG o.s.w.t.h.s.r.b.TomcatHttpServer - Server started on port 53657(0 millis).
17:51:16.445 [Test worker] DEBUG o.s.w.c.RestTemplate - HTTP POST http://localhost:53657/person-create/flowable
17:51:16.445 [Test worker] DEBUG o.s.w.c.RestTemplate - Accept=[application/json, application/x-jackson-smile, application/*+json]
17:51:16.446 [Test worker] DEBUG o.s.w.c.RestTemplate - Writing [org.springframework.web.reactive.result.method.annotation.RequestMappingMessageConversionIntegrationTests$People@477eec52] as "application/xml"
17:51:16.449 [http-nio-auto-21-exec-1] DEBUG o.s.w.s.a.HttpWebHandlerAdapter - [6dd57349] HTTP POST "/person-create/flowable"
17:51:16.449 [http-nio-auto-21-exec-1] DEBUG o.s.w.r.r.m.a.RequestMappingHandlerMapping - [6dd57349] Mapped to org.springframework.web.reactive.result.method.annotation.RequestMappingMessageConversionIntegrationTests$PersonCreateController#createWithFlowable(Flowable)
17:51:16.450 [http-nio-auto-21-exec-1] DEBUG o.s.w.r.r.m.a.RequestBodyMethodArgumentResolver - [6dd57349] Content-Type:application/xml
17:51:16.450 [http-nio-auto-21-exec-1] DEBUG o.s.w.r.r.m.a.RequestBodyMethodArgumentResolver - [6dd57349] 0..N [org.springframework.web.reactive.result.method.annotation.RequestMappingMessageConversionIntegrationTests$Person]
17:51:16.452 [http-nio-auto-21-exec-1] DEBUG o.s.h.c.x.Jaxb2XmlDecoder - [6dd57349] Decoded [Person{name='Robert'}]
17:51:16.452 [http-nio-auto-21-exec-1] DEBUG o.s.h.c.x.Jaxb2XmlDecoder - [6dd57349] Decoded [Person{name='Marie'}]
17:51:16.452 [http-nio-auto-21-exec-1] DEBUG o.s.w.s.a.HttpWebHandlerAdapter - [6dd57349] Completed 200 OK
17:51:16.452 [Test worker] DEBUG o.s.w.c.RestTemplate - Response 200 OK
17:51:16.453 [Test worker] DEBUG o.s.w.t.h.s.r.b.TomcatHttpServer - Stopping TomcatHttpServer...
17:51:27.612 [Test worker] DEBUG o.s.w.t.h.s.r.b.TomcatHttpServer - Server stopped (0 millis).
17:51:27.639 [Test worker] DEBUG o.s.w.r.r.m.a.RequestMappingHandlerMapping - 34 mappings in 'requestMappingHandlerMapping'
17:51:27.648 [Test worker] DEBUG o.s.w.r.r.m.a.ControllerMethodResolver - ControllerAdvice beans: none
17:51:27.650 [Test worker] DEBUG o.s.w.s.a.HttpWebHandlerAdapter - enableLoggingRequestDetails='false': form data and headers will be masked to prevent unsafe logging of potentially sensitive data
17:51:27.650 [Test worker] DEBUG o.s.w.t.h.s.r.b.UndertowHttpServer - Starting UndertowHttpServer...
17:51:27.650 [Test worker] INFO  i.undertow - starting server: Undertow - 2.2.7.Final
17:51:27.653 [Test worker] DEBUG o.s.w.t.h.s.r.b.UndertowHttpServer - Server started on port 53688(0 millis).
17:51:27.653 [Test worker] DEBUG o.s.w.c.RestTemplate - HTTP POST http://localhost:53688/person-create/flowable
17:51:27.653 [Test worker] DEBUG o.s.w.c.RestTemplate - Accept=[application/json, application/x-jackson-smile, application/*+json]
17:51:27.654 [Test worker] DEBUG o.s.w.c.RestTemplate - Writing [org.springframework.web.reactive.result.method.annotation.RequestMappingMessageConversionIntegrationTests$People@1c445fb2] as "application/xml"
17:51:27.657 [XNIO-21 I/O-10] DEBUG o.s.w.s.a.HttpWebHandlerAdapter - [4d35f68f-21] HTTP POST "/person-create/flowable"
17:51:27.657 [XNIO-21 I/O-10] DEBUG o.s.w.r.r.m.a.RequestMappingHandlerMapping - [4d35f68f-21] Mapped to org.springframework.web.reactive.result.method.annotation.RequestMappingMessageConversionIntegrationTests$PersonCreateController#createWithFlowable(Flowable)
17:51:27.657 [XNIO-21 I/O-10] DEBUG o.s.w.r.r.m.a.RequestBodyMethodArgumentResolver - [4d35f68f-21] Content-Type:application/xml
17:51:27.657 [XNIO-21 I/O-10] DEBUG o.s.w.r.r.m.a.RequestBodyMethodArgumentResolver - [4d35f68f-21] 0..N [org.springframework.web.reactive.result.method.annotation.RequestMappingMessageConversionIntegrationTests$Person]
17:51:27.659 [XNIO-21 I/O-10] DEBUG o.s.h.c.x.Jaxb2XmlDecoder - [4d35f68f-21] Decoded [Person{name='Robert'}]
17:51:27.659 [XNIO-21 I/O-10] DEBUG o.s.h.c.x.Jaxb2XmlDecoder - [4d35f68f-21] Decoded [Person{name='Marie'}]
17:51:27.659 [XNIO-21 I/O-10] DEBUG o.s.w.s.a.HttpWebHandlerAdapter - [4d35f68f-21] Completed 200 OK
17:51:27.659 [Test worker] DEBUG o.s.w.c.RestTemplate - Response 200 OK
17:51:27.659 [Test worker] DEBUG o.s.w.t.h.s.r.b.UndertowHttpServer - Stopping UndertowHttpServer...
17:51:27.659 [Test worker] INFO  i.undertow - stopping server: Undertow - 2.2.7.Final
17:51:27.660 [Test worker] DEBUG o.s.w.t.h.s.r.b.UndertowHttpServer - Server stopped (0 millis).
17:51:27.682 [Test worker] DEBUG o.s.w.r.r.m.a.RequestMappingHandlerMapping - 34 mappings in 'requestMappingHandlerMapping'
17:51:27.691 [Test worker] DEBUG o.s.w.r.r.m.a.ControllerMethodResolver - ControllerAdvice beans: none
17:51:27.693 [Test worker] DEBUG o.s.w.s.a.HttpWebHandlerAdapter - enableLoggingRequestDetails='false': form data and headers will be masked to prevent unsafe logging of potentially sensitive data
17:51:27.693 [Test worker] WARN  o.e.j.s.h.ContextHandler - Empty contextPath
17:51:27.694 [Test worker] INFO  o.e.j.s.h.ContextHandler - Started o.e.j.s.ServletContextHandler@7623c1fd{/,null,AVAILABLE}
17:51:27.694 [Test worker] DEBUG o.s.w.t.h.s.r.b.JettyHttpServer - Starting JettyHttpServer...
17:51:27.694 [Test worker] INFO  o.e.j.s.Server - jetty-9.4.39.v20210325; built: 2021-03-25T14:42:11.471Z; git: 9fc7ca5a922f2a37b84ec9dbc26a5168cee7e667; jvm 1.8.0_181-b13
17:51:27.696 [Test worker] INFO  o.e.j.s.AbstractConnector - Started ServerConnector@54b89078{HTTP/1.1, (http/1.1)}{0.0.0.0:53690}
17:51:27.696 [Test worker] INFO  o.e.j.s.Server - Started @254735ms
17:51:27.696 [Test worker] DEBUG o.s.w.t.h.s.r.b.JettyHttpServer - Server started on port 53690(0 millis).
17:51:27.696 [Test worker] DEBUG o.s.w.c.RestTemplate - HTTP GET http://localhost:53690/resource
17:51:27.699 [Test worker] DEBUG o.s.w.c.RestTemplate - Accept=[application/octet-stream, application/json, application/x-jackson-smile, application/*+json, */*]
17:51:27.701 [qtp890120028-1011] DEBUG o.s.w.s.a.HttpWebHandlerAdapter - [4e098777] HTTP GET "/resource"
17:51:27.701 [qtp890120028-1011] DEBUG o.s.w.r.r.m.a.RequestMappingHandlerMapping - [4e098777] Mapped to org.springframework.web.reactive.result.method.annotation.RequestMappingMessageConversionIntegrationTests$ResourceController#resource()
17:51:27.707 [qtp890120028-1011] DEBUG o.s.w.r.r.m.a.ResponseBodyResultHandler - [4e098777] Using 'application/octet-stream' given [application/octet-stream, application/json, application/x-jackson-smile, application/*+json, */*] and supported [application/octet-stream, */*, application/json, application/*+json, application/x-ndjson, application/x-jackson-smile, application/*+x-jackson-smile, text/event-stream]
17:51:27.707 [qtp890120028-1011] DEBUG o.s.w.r.r.m.a.ResponseBodyResultHandler - [4e098777] 0..1 [org.springframework.core.io.Resource]
17:51:27.708 [qtp890120028-1011] DEBUG o.s.h.c.ResourceHttpMessageWriter - [4e098777] Resource associated with 'image/png'
17:51:27.708 [qtp890120028-1011] DEBUG o.s.c.c.ResourceEncoder - [4e098777] Writing [class path resource [org/springframework/web/reactive/spring.png]]
17:51:27.709 [Test worker] DEBUG o.s.w.c.RestTemplate - Response 200 OK
17:51:27.709 [Test worker] DEBUG o.s.w.c.RestTemplate - Reading to [[B] as "image/png"
17:51:27.710 [Thread-309] DEBUG o.s.w.s.a.HttpWebHandlerAdapter - [4e098777] Completed 200 OK
17:51:27.710 [Test worker] DEBUG o.s.w.t.h.s.r.b.JettyHttpServer - Stopping JettyHttpServer...
17:51:27.710 [Test worker] INFO  o.e.j.s.h.ContextHandler - Stopped o.e.j.s.ServletContextHandler@7623c1fd{/,null,STOPPED}
17:51:27.711 [Test worker] INFO  o.e.j.s.AbstractConnector - Stopped ServerConnector@54b89078{HTTP/1.1, (http/1.1)}{0.0.0.0:0}
17:51:27.711 [Test worker] DEBUG o.s.w.t.h.s.r.b.JettyHttpServer - Server stopped (0 millis).
17:51:27.733 [Test worker] DEBUG o.s.w.r.r.m.a.RequestMappingHandlerMapping - 34 mappings in 'requestMappingHandlerMapping'
17:51:27.744 [Test worker] DEBUG o.s.w.r.r.m.a.ControllerMethodResolver - ControllerAdvice beans: none
17:51:27.746 [Test worker] DEBUG o.s.w.s.a.HttpWebHandlerAdapter - enableLoggingRequestDetails='false': form data and headers will be masked to prevent unsafe logging of potentially sensitive data
17:51:27.746 [Test worker] DEBUG o.s.w.t.h.s.r.b.ReactorHttpServer - Starting ReactorHttpServer...
17:51:27.747 [Test worker] DEBUG o.s.w.t.h.s.r.b.ReactorHttpServer - Server started on port 53692(0 millis).
17:51:27.747 [Test worker] DEBUG o.s.w.c.RestTemplate - HTTP GET http://localhost:53692/resource
17:51:27.748 [Test worker] DEBUG o.s.w.c.RestTemplate - Accept=[application/octet-stream, application/json, application/x-jackson-smile, application/*+json, */*]
17:51:27.749 [reactor-http-nio-5] DEBUG o.s.w.s.a.HttpWebHandlerAdapter - [dfef6cf8-1, L:/127.0.0.1:53692 - R:/127.0.0.1:53693] HTTP GET "/resource"
17:51:27.749 [reactor-http-nio-5] DEBUG o.s.w.r.r.m.a.RequestMappingHandlerMapping - [dfef6cf8-1, L:/127.0.0.1:53692 - R:/127.0.0.1:53693] Mapped to org.springframework.web.reactive.result.method.annotation.RequestMappingMessageConversionIntegrationTests$ResourceController#resource()
17:51:27.753 [reactor-http-nio-5] DEBUG o.s.w.r.r.m.a.ResponseBodyResultHandler - [dfef6cf8-1, L:/127.0.0.1:53692 - R:/127.0.0.1:53693] Using 'application/octet-stream' given [application/octet-stream, application/json, application/x-jackson-smile, application/*+json, */*] and supported [application/octet-stream, */*, application/json, application/*+json, application/x-ndjson, application/x-jackson-smile, application/*+x-jackson-smile, text/event-stream]
17:51:27.753 [reactor-http-nio-5] DEBUG o.s.w.r.r.m.a.ResponseBodyResultHandler - [dfef6cf8-1, L:/127.0.0.1:53692 - R:/127.0.0.1:53693] 0..1 [org.springframework.core.io.Resource]
17:51:27.753 [reactor-http-nio-5] DEBUG o.s.h.c.ResourceHttpMessageWriter - [dfef6cf8-1, L:/127.0.0.1:53692 - R:/127.0.0.1:53693] Resource associated with 'image/png'
17:51:27.754 [reactor-http-nio-5] DEBUG o.s.h.c.ResourceHttpMessageWriter - [dfef6cf8-1, L:/127.0.0.1:53692 - R:/127.0.0.1:53693] Zero-copy [class path resource [org/springframework/web/reactive/spring.png]]
17:51:27.757 [Test worker] DEBUG o.s.w.c.RestTemplate - Response 200 OK
17:51:27.760 [Test worker] DEBUG o.s.w.c.RestTemplate - Reading to [[B] as "image/png"
17:51:27.761 [Test worker] DEBUG o.s.w.t.h.s.r.b.ReactorHttpServer - Stopping ReactorHttpServer...
17:51:27.761 [Test worker] DEBUG o.s.w.t.h.s.r.b.ReactorHttpServer - Server stopped (0 millis).
17:51:27.761 [reactor-http-nio-5] DEBUG o.s.w.s.a.HttpWebHandlerAdapter - [dfef6cf8-1, L:/127.0.0.1:53692 - R:/127.0.0.1:53693] Completed 200 OK
17:51:27.782 [Test worker] DEBUG o.s.w.r.r.m.a.RequestMappingHandlerMapping - 34 mappings in 'requestMappingHandlerMapping'
17:51:27.792 [Test worker] DEBUG o.s.w.r.r.m.a.ControllerMethodResolver - ControllerAdvice beans: none
17:51:27.794 [Test worker] DEBUG o.s.w.s.a.HttpWebHandlerAdapter - enableLoggingRequestDetails='false': form data and headers will be masked to prevent unsafe logging of potentially sensitive data
17:51:27.794 [Test worker] DEBUG o.s.w.t.h.s.r.b.TomcatHttpServer - Starting TomcatHttpServer...
17:51:27.799 [Test worker] DEBUG o.s.w.t.h.s.r.b.TomcatHttpServer - Server started on port 53694(0 millis).
17:51:27.799 [Test worker] DEBUG o.s.w.c.RestTemplate - HTTP GET http://localhost:53694/resource
17:51:27.800 [Test worker] DEBUG o.s.w.c.RestTemplate - Accept=[application/octet-stream, application/json, application/x-jackson-smile, application/*+json, */*]
17:51:27.801 [http-nio-auto-22-exec-1] DEBUG o.s.w.s.a.HttpWebHandlerAdapter - [2b40b9a1] HTTP GET "/resource"
17:51:27.802 [http-nio-auto-22-exec-1] DEBUG o.s.w.r.r.m.a.RequestMappingHandlerMapping - [2b40b9a1] Mapped to org.springframework.web.reactive.result.method.annotation.RequestMappingMessageConversionIntegrationTests$ResourceController#resource()
17:51:27.804 [http-nio-auto-22-exec-1] DEBUG o.s.w.r.r.m.a.ResponseBodyResultHandler - [2b40b9a1] Using 'application/octet-stream' given [application/octet-stream, application/json, application/x-jackson-smile, application/*+json, */*] and supported [application/octet-stream, */*, application/json, application/*+json, application/x-ndjson, application/x-jackson-smile, application/*+x-jackson-smile, text/event-stream]
17:51:27.804 [http-nio-auto-22-exec-1] DEBUG o.s.w.r.r.m.a.ResponseBodyResultHandler - [2b40b9a1] 0..1 [org.springframework.core.io.Resource]
17:51:27.804 [http-nio-auto-22-exec-1] DEBUG o.s.h.c.ResourceHttpMessageWriter - [2b40b9a1] Resource associated with 'image/png'
17:51:27.804 [http-nio-auto-22-exec-1] DEBUG o.s.c.c.ResourceEncoder - [2b40b9a1] Writing [class path resource [org/springframework/web/reactive/spring.png]]
17:51:27.805 [Thread-308] DEBUG o.s.w.s.a.HttpWebHandlerAdapter - [2b40b9a1] Completed 200 OK
17:51:27.805 [Test worker] DEBUG o.s.w.c.RestTemplate - Response 200 OK
17:51:27.805 [Test worker] DEBUG o.s.w.c.RestTemplate - Reading to [[B] as "image/png"
17:51:27.806 [Test worker] DEBUG o.s.w.t.h.s.r.b.TomcatHttpServer - Stopping TomcatHttpServer...
17:51:39.157 [Test worker] DEBUG o.s.w.t.h.s.r.b.TomcatHttpServer - Server stopped (0 millis).
17:51:39.188 [Test worker] DEBUG o.s.w.r.r.m.a.RequestMappingHandlerMapping - 34 mappings in 'requestMappingHandlerMapping'
17:51:39.198 [Test worker] DEBUG o.s.w.r.r.m.a.ControllerMethodResolver - ControllerAdvice beans: none
17:51:39.199 [Test worker] DEBUG o.s.w.s.a.HttpWebHandlerAdapter - enableLoggingRequestDetails='false': form data and headers will be masked to prevent unsafe logging of potentially sensitive data
17:51:39.199 [Test worker] DEBUG o.s.w.t.h.s.r.b.UndertowHttpServer - Starting UndertowHttpServer...
17:51:39.199 [Test worker] INFO  i.undertow - starting server: Undertow - 2.2.7.Final
17:51:39.202 [Test worker] DEBUG o.s.w.t.h.s.r.b.UndertowHttpServer - Server started on port 53716(0 millis).
17:51:39.202 [Test worker] DEBUG o.s.w.c.RestTemplate - HTTP GET http://localhost:53716/resource
17:51:39.203 [Test worker] DEBUG o.s.w.c.RestTemplate - Accept=[application/octet-stream, application/json, application/x-jackson-smile, application/*+json, */*]
17:51:39.204 [XNIO-22 I/O-10] DEBUG o.s.w.s.a.HttpWebHandlerAdapter - [6d1102db-22] HTTP GET "/resource"
17:51:39.204 [XNIO-22 I/O-10] DEBUG o.s.w.r.r.m.a.RequestMappingHandlerMapping - [6d1102db-22] Mapped to org.springframework.web.reactive.result.method.annotation.RequestMappingMessageConversionIntegrationTests$ResourceController#resource()
17:51:39.206 [XNIO-22 I/O-10] DEBUG o.s.w.r.r.m.a.ResponseBodyResultHandler - [6d1102db-22] Using 'application/octet-stream' given [application/octet-stream, application/json, application/x-jackson-smile, application/*+json, */*] and supported [application/octet-stream, */*, application/json, application/*+json, application/x-ndjson, application/x-jackson-smile, application/*+x-jackson-smile, text/event-stream]
17:51:39.206 [XNIO-22 I/O-10] DEBUG o.s.w.r.r.m.a.ResponseBodyResultHandler - [6d1102db-22] 0..1 [org.springframework.core.io.Resource]
17:51:39.206 [XNIO-22 I/O-10] DEBUG o.s.h.c.ResourceHttpMessageWriter - [6d1102db-22] Resource associated with 'image/png'
17:51:39.207 [XNIO-22 I/O-10] DEBUG o.s.h.c.ResourceHttpMessageWriter - [6d1102db-22] Zero-copy [class path resource [org/springframework/web/reactive/spring.png]]
17:51:39.208 [XNIO-22 I/O-10] DEBUG o.s.w.s.a.HttpWebHandlerAdapter - [6d1102db-22] Completed 200 OK
17:51:39.208 [Test worker] DEBUG o.s.w.c.RestTemplate - Response 200 OK
17:51:39.208 [Test worker] DEBUG o.s.w.c.RestTemplate - Reading to [[B] as "image/png"
17:51:39.208 [Test worker] DEBUG o.s.w.t.h.s.r.b.UndertowHttpServer - Stopping UndertowHttpServer...
17:51:39.209 [Test worker] INFO  i.undertow - stopping server: Undertow - 2.2.7.Final
17:51:39.209 [Test worker] DEBUG o.s.w.t.h.s.r.b.UndertowHttpServer - Server stopped (0 millis).
17:51:39.231 [Test worker] DEBUG o.s.w.r.r.m.a.RequestMappingHandlerMapping - 34 mappings in 'requestMappingHandlerMapping'
17:51:39.240 [Test worker] DEBUG o.s.w.r.r.m.a.ControllerMethodResolver - ControllerAdvice beans: none
17:51:39.241 [Test worker] DEBUG o.s.w.s.a.HttpWebHandlerAdapter - enableLoggingRequestDetails='false': form data and headers will be masked to prevent unsafe logging of potentially sensitive data
17:51:39.241 [Test worker] WARN  o.e.j.s.h.ContextHandler - Empty contextPath
17:51:39.242 [Test worker] INFO  o.e.j.s.h.ContextHandler - Started o.e.j.s.ServletContextHandler@7906c693{/,null,AVAILABLE}
17:51:39.242 [Test worker] DEBUG o.s.w.t.h.s.r.b.JettyHttpServer - Starting JettyHttpServer...
17:51:39.242 [Test worker] INFO  o.e.j.s.Server - jetty-9.4.39.v20210325; built: 2021-03-25T14:42:11.471Z; git: 9fc7ca5a922f2a37b84ec9dbc26a5168cee7e667; jvm 1.8.0_181-b13
17:51:39.243 [Test worker] INFO  o.e.j.s.AbstractConnector - Started ServerConnector@3971e5e5{HTTP/1.1, (http/1.1)}{0.0.0.0:53718}
17:51:39.243 [Test worker] INFO  o.e.j.s.Server - Started @266282ms
17:51:39.243 [Test worker] DEBUG o.s.w.t.h.s.r.b.JettyHttpServer - Server started on port 53718(0 millis).
17:51:39.243 [Test worker] DEBUG o.s.w.c.RestTemplate - HTTP POST http://localhost:53718/person-create/flux
17:51:39.243 [Test worker] DEBUG o.s.w.c.RestTemplate - Accept=[application/json, application/x-jackson-smile, application/*+json]
17:51:39.243 [Test worker] DEBUG o.s.w.c.RestTemplate - Writing [org.springframework.web.reactive.result.method.annotation.RequestMappingMessageConversionIntegrationTests$People@362848bd] as "application/xml"
17:51:39.246 [qtp1327286691-1058] DEBUG o.s.w.s.a.HttpWebHandlerAdapter - [241f099c] HTTP POST "/person-create/flux"
17:51:39.246 [qtp1327286691-1058] DEBUG o.s.w.r.r.m.a.RequestMappingHandlerMapping - [241f099c] Mapped to org.springframework.web.reactive.result.method.annotation.RequestMappingMessageConversionIntegrationTests$PersonCreateController#createWithFlux(Flux)
17:51:39.247 [qtp1327286691-1058] DEBUG o.s.w.r.r.m.a.RequestBodyMethodArgumentResolver - [241f099c] Content-Type:application/xml
17:51:39.247 [qtp1327286691-1058] DEBUG o.s.w.r.r.m.a.RequestBodyMethodArgumentResolver - [241f099c] 0..N [org.springframework.web.reactive.result.method.annotation.RequestMappingMessageConversionIntegrationTests$Person]
17:51:39.248 [qtp1327286691-1058] DEBUG o.s.h.c.x.Jaxb2XmlDecoder - [241f099c] Decoded [Person{name='Robert'}]
17:51:39.248 [qtp1327286691-1058] DEBUG o.s.h.c.x.Jaxb2XmlDecoder - [241f099c] Decoded [Person{name='Marie'}]
17:51:39.249 [qtp1327286691-1058] DEBUG o.s.w.s.a.HttpWebHandlerAdapter - [241f099c] Completed 200 OK
17:51:39.249 [Test worker] DEBUG o.s.w.c.RestTemplate - Response 200 OK
17:51:39.249 [Test worker] DEBUG o.s.w.t.h.s.r.b.JettyHttpServer - Stopping JettyHttpServer...
17:51:39.249 [Test worker] INFO  o.e.j.s.h.ContextHandler - Stopped o.e.j.s.ServletContextHandler@7906c693{/,null,STOPPED}
17:51:39.250 [Test worker] INFO  o.e.j.s.AbstractConnector - Stopped ServerConnector@3971e5e5{HTTP/1.1, (http/1.1)}{0.0.0.0:0}
17:51:39.250 [Test worker] DEBUG o.s.w.t.h.s.r.b.JettyHttpServer - Server stopped (0 millis).
17:51:39.272 [Test worker] DEBUG o.s.w.r.r.m.a.RequestMappingHandlerMapping - 34 mappings in 'requestMappingHandlerMapping'
17:51:39.281 [Test worker] DEBUG o.s.w.r.r.m.a.ControllerMethodResolver - ControllerAdvice beans: none
17:51:39.282 [Test worker] DEBUG o.s.w.s.a.HttpWebHandlerAdapter - enableLoggingRequestDetails='false': form data and headers will be masked to prevent unsafe logging of potentially sensitive data
17:51:39.282 [Test worker] DEBUG o.s.w.t.h.s.r.b.ReactorHttpServer - Starting ReactorHttpServer...
17:51:39.283 [Test worker] DEBUG o.s.w.t.h.s.r.b.ReactorHttpServer - Server started on port 53720(0 millis).
17:51:39.283 [Test worker] DEBUG o.s.w.c.RestTemplate - HTTP POST http://localhost:53720/person-create/flux
17:51:39.283 [Test worker] DEBUG o.s.w.c.RestTemplate - Accept=[application/json, application/x-jackson-smile, application/*+json]
17:51:39.283 [Test worker] DEBUG o.s.w.c.RestTemplate - Writing [org.springframework.web.reactive.result.method.annotation.RequestMappingMessageConversionIntegrationTests$People@26a48193] as "application/xml"
17:51:39.287 [reactor-http-nio-7] DEBUG o.s.w.s.a.HttpWebHandlerAdapter - [825c816d-1, L:/127.0.0.1:53720 - R:/127.0.0.1:53721] HTTP POST "/person-create/flux"
17:51:39.287 [reactor-http-nio-7] DEBUG o.s.w.r.r.m.a.RequestMappingHandlerMapping - [825c816d-1, L:/127.0.0.1:53720 - R:/127.0.0.1:53721] Mapped to org.springframework.web.reactive.result.method.annotation.RequestMappingMessageConversionIntegrationTests$PersonCreateController#createWithFlux(Flux)
17:51:39.287 [reactor-http-nio-7] DEBUG o.s.w.r.r.m.a.RequestBodyMethodArgumentResolver - [825c816d-1, L:/127.0.0.1:53720 - R:/127.0.0.1:53721] Content-Type:application/xml
17:51:39.287 [reactor-http-nio-7] DEBUG o.s.w.r.r.m.a.RequestBodyMethodArgumentResolver - [825c816d-1, L:/127.0.0.1:53720 - R:/127.0.0.1:53721] 0..N [org.springframework.web.reactive.result.method.annotation.RequestMappingMessageConversionIntegrationTests$Person]
17:51:39.289 [reactor-http-nio-7] DEBUG o.s.h.c.x.Jaxb2XmlDecoder - [825c816d-1, L:/127.0.0.1:53720 - R:/127.0.0.1:53721] Decoded [Person{name='Robert'}]
17:51:39.289 [reactor-http-nio-7] DEBUG o.s.h.c.x.Jaxb2XmlDecoder - [825c816d-1, L:/127.0.0.1:53720 - R:/127.0.0.1:53721] Decoded [Person{name='Marie'}]
17:51:39.289 [reactor-http-nio-7] DEBUG o.s.w.s.a.HttpWebHandlerAdapter - [825c816d-1, L:/127.0.0.1:53720 - R:/127.0.0.1:53721] Completed 200 OK
17:51:39.290 [Test worker] DEBUG o.s.w.c.RestTemplate - Response 200 OK
17:51:39.290 [Test worker] DEBUG o.s.w.t.h.s.r.b.ReactorHttpServer - Stopping ReactorHttpServer...
17:51:39.290 [Test worker] DEBUG o.s.w.t.h.s.r.b.ReactorHttpServer - Server stopped (0 millis).
17:51:39.312 [Test worker] DEBUG o.s.w.r.r.m.a.RequestMappingHandlerMapping - 34 mappings in 'requestMappingHandlerMapping'
17:51:39.321 [Test worker] DEBUG o.s.w.r.r.m.a.ControllerMethodResolver - ControllerAdvice beans: none
17:51:39.322 [Test worker] DEBUG o.s.w.s.a.HttpWebHandlerAdapter - enableLoggingRequestDetails='false': form data and headers will be masked to prevent unsafe logging of potentially sensitive data
17:51:39.323 [Test worker] DEBUG o.s.w.t.h.s.r.b.TomcatHttpServer - Starting TomcatHttpServer...
17:51:39.327 [Test worker] DEBUG o.s.w.t.h.s.r.b.TomcatHttpServer - Server started on port 53722(0 millis).
17:51:39.327 [Test worker] DEBUG o.s.w.c.RestTemplate - HTTP POST http://localhost:53722/person-create/flux
17:51:39.327 [Test worker] DEBUG o.s.w.c.RestTemplate - Accept=[application/json, application/x-jackson-smile, application/*+json]
17:51:39.327 [Test worker] DEBUG o.s.w.c.RestTemplate - Writing [org.springframework.web.reactive.result.method.annotation.RequestMappingMessageConversionIntegrationTests$People@22cd3112] as "application/xml"
17:51:39.330 [http-nio-auto-23-exec-1] DEBUG o.s.w.s.a.HttpWebHandlerAdapter - [36ce457a] HTTP POST "/person-create/flux"
17:51:39.331 [http-nio-auto-23-exec-1] DEBUG o.s.w.r.r.m.a.RequestMappingHandlerMapping - [36ce457a] Mapped to org.springframework.web.reactive.result.method.annotation.RequestMappingMessageConversionIntegrationTests$PersonCreateController#createWithFlux(Flux)
17:51:39.331 [http-nio-auto-23-exec-1] DEBUG o.s.w.r.r.m.a.RequestBodyMethodArgumentResolver - [36ce457a] Content-Type:application/xml
17:51:39.331 [http-nio-auto-23-exec-1] DEBUG o.s.w.r.r.m.a.RequestBodyMethodArgumentResolver - [36ce457a] 0..N [org.springframework.web.reactive.result.method.annotation.RequestMappingMessageConversionIntegrationTests$Person]
17:51:39.333 [http-nio-auto-23-exec-1] DEBUG o.s.h.c.x.Jaxb2XmlDecoder - [36ce457a] Decoded [Person{name='Robert'}]
17:51:39.333 [http-nio-auto-23-exec-1] DEBUG o.s.h.c.x.Jaxb2XmlDecoder - [36ce457a] Decoded [Person{name='Marie'}]
17:51:39.333 [http-nio-auto-23-exec-1] DEBUG o.s.w.s.a.HttpWebHandlerAdapter - [36ce457a] Completed 200 OK
17:51:39.334 [Test worker] DEBUG o.s.w.c.RestTemplate - Response 200 OK
17:51:39.334 [Test worker] DEBUG o.s.w.t.h.s.r.b.TomcatHttpServer - Stopping TomcatHttpServer...
17:51:50.476 [Test worker] DEBUG o.s.w.t.h.s.r.b.TomcatHttpServer - Server stopped (0 millis).
17:51:50.502 [Test worker] DEBUG o.s.w.r.r.m.a.RequestMappingHandlerMapping - 34 mappings in 'requestMappingHandlerMapping'
17:51:50.511 [Test worker] DEBUG o.s.w.r.r.m.a.ControllerMethodResolver - ControllerAdvice beans: none
17:51:50.513 [Test worker] DEBUG o.s.w.s.a.HttpWebHandlerAdapter - enableLoggingRequestDetails='false': form data and headers will be masked to prevent unsafe logging of potentially sensitive data
17:51:50.513 [Test worker] DEBUG o.s.w.t.h.s.r.b.UndertowHttpServer - Starting UndertowHttpServer...
17:51:50.513 [Test worker] INFO  i.undertow - starting server: Undertow - 2.2.7.Final
17:51:50.515 [Test worker] DEBUG o.s.w.t.h.s.r.b.UndertowHttpServer - Server started on port 53748(0 millis).
17:51:50.515 [Test worker] DEBUG o.s.w.c.RestTemplate - HTTP POST http://localhost:53748/person-create/flux
17:51:50.515 [Test worker] DEBUG o.s.w.c.RestTemplate - Accept=[application/json, application/x-jackson-smile, application/*+json]
17:51:50.515 [Test worker] DEBUG o.s.w.c.RestTemplate - Writing [org.springframework.web.reactive.result.method.annotation.RequestMappingMessageConversionIntegrationTests$People@109f99e5] as "application/xml"
17:51:50.519 [XNIO-23 I/O-1] DEBUG o.s.w.s.a.HttpWebHandlerAdapter - [b6c4cc8-23] HTTP POST "/person-create/flux"
17:51:50.519 [XNIO-23 I/O-1] DEBUG o.s.w.r.r.m.a.RequestMappingHandlerMapping - [b6c4cc8-23] Mapped to org.springframework.web.reactive.result.method.annotation.RequestMappingMessageConversionIntegrationTests$PersonCreateController#createWithFlux(Flux)
17:51:50.519 [XNIO-23 I/O-1] DEBUG o.s.w.r.r.m.a.RequestBodyMethodArgumentResolver - [b6c4cc8-23] Content-Type:application/xml
17:51:50.519 [XNIO-23 I/O-1] DEBUG o.s.w.r.r.m.a.RequestBodyMethodArgumentResolver - [b6c4cc8-23] 0..N [org.springframework.web.reactive.result.method.annotation.RequestMappingMessageConversionIntegrationTests$Person]
17:51:50.521 [XNIO-23 I/O-1] DEBUG o.s.h.c.x.Jaxb2XmlDecoder - [b6c4cc8-23] Decoded [Person{name='Robert'}]
17:51:50.521 [XNIO-23 I/O-1] DEBUG o.s.h.c.x.Jaxb2XmlDecoder - [b6c4cc8-23] Decoded [Person{name='Marie'}]
17:51:50.522 [XNIO-23 I/O-1] DEBUG o.s.w.s.a.HttpWebHandlerAdapter - [b6c4cc8-23] Completed 200 OK
17:51:50.522 [Test worker] DEBUG o.s.w.c.RestTemplate - Response 200 OK
17:51:50.522 [Test worker] DEBUG o.s.w.t.h.s.r.b.UndertowHttpServer - Stopping UndertowHttpServer...
17:51:50.522 [Test worker] INFO  i.undertow - stopping server: Undertow - 2.2.7.Final
17:51:50.523 [Test worker] DEBUG o.s.w.t.h.s.r.b.UndertowHttpServer - Server stopped (0 millis).
17:51:50.545 [Test worker] DEBUG o.s.w.r.r.m.a.RequestMappingHandlerMapping - 34 mappings in 'requestMappingHandlerMapping'
17:51:50.557 [Test worker] DEBUG o.s.w.r.r.m.a.ControllerMethodResolver - ControllerAdvice beans: none
17:51:50.558 [Test worker] DEBUG o.s.w.s.a.HttpWebHandlerAdapter - enableLoggingRequestDetails='false': form data and headers will be masked to prevent unsafe logging of potentially sensitive data
17:51:50.558 [Test worker] WARN  o.e.j.s.h.ContextHandler - Empty contextPath
17:51:50.558 [Test worker] INFO  o.e.j.s.h.ContextHandler - Started o.e.j.s.ServletContextHandler@2bd1b7e6{/,null,AVAILABLE}
17:51:50.558 [Test worker] DEBUG o.s.w.t.h.s.r.b.JettyHttpServer - Starting JettyHttpServer...
17:51:50.559 [Test worker] INFO  o.e.j.s.Server - jetty-9.4.39.v20210325; built: 2021-03-25T14:42:11.471Z; git: 9fc7ca5a922f2a37b84ec9dbc26a5168cee7e667; jvm 1.8.0_181-b13
17:51:50.560 [Test worker] INFO  o.e.j.s.AbstractConnector - Started ServerConnector@2994ab83{HTTP/1.1, (http/1.1)}{0.0.0.0:53750}
17:51:50.560 [Test worker] INFO  o.e.j.s.Server - Started @277598ms
17:51:50.560 [Test worker] DEBUG o.s.w.t.h.s.r.b.JettyHttpServer - Server started on port 53750(0 millis).
17:51:50.560 [Test worker] DEBUG o.s.w.c.RestTemplate - HTTP GET http://localhost:53750/person-response/mono-response-entity
17:51:50.560 [Test worker] DEBUG o.s.w.c.RestTemplate - Accept=[application/xml, text/xml, application/json, application/x-jackson-smile, application/*+xml, application/*+json]
17:51:50.562 [qtp273750934-1103] DEBUG o.s.w.s.a.HttpWebHandlerAdapter - [25c3a96c] HTTP GET "/person-response/mono-response-entity"
17:51:50.562 [qtp273750934-1103] DEBUG o.s.w.r.r.m.a.RequestMappingHandlerMapping - [25c3a96c] Mapped to org.springframework.web.reactive.result.method.annotation.RequestMappingMessageConversionIntegrationTests$PersonResponseBodyController#getMonoResponseEntity()
17:51:50.563 [qtp273750934-1103] DEBUG o.s.w.r.r.m.a.ResponseEntityResultHandler - [25c3a96c] Using 'application/json' given [application/json] and supported [application/json, application/*+json, application/x-ndjson, application/x-jackson-smile, application/*+x-jackson-smile, application/xml, text/xml, application/*+xml, text/event-stream]
17:51:50.563 [qtp273750934-1103] DEBUG o.s.w.r.r.m.a.ResponseEntityResultHandler - [25c3a96c] 0..1 [org.springframework.web.reactive.result.method.annotation.RequestMappingMessageConversionIntegrationTests$Person]
17:51:50.563 [qtp273750934-1103] DEBUG o.s.h.c.j.Jackson2JsonEncoder - [25c3a96c] Encoding [Person{name='Robert'}]
17:51:50.563 [Test worker] DEBUG o.s.w.c.RestTemplate - Response 200 OK
17:51:50.563 [qtp273750934-1103] DEBUG o.s.w.s.a.HttpWebHandlerAdapter - [25c3a96c] Completed 200 OK
17:51:50.563 [Test worker] DEBUG o.s.w.c.RestTemplate - Reading to [org.springframework.web.reactive.result.method.annotation.RequestMappingMessageConversionIntegrationTests$Person]
17:51:50.563 [Test worker] DEBUG o.s.w.t.h.s.r.b.JettyHttpServer - Stopping JettyHttpServer...
17:51:50.564 [Test worker] INFO  o.e.j.s.h.ContextHandler - Stopped o.e.j.s.ServletContextHandler@2bd1b7e6{/,null,STOPPED}
17:51:50.564 [Test worker] INFO  o.e.j.s.AbstractConnector - Stopped ServerConnector@2994ab83{HTTP/1.1, (http/1.1)}{0.0.0.0:0}
17:51:50.564 [Test worker] DEBUG o.s.w.t.h.s.r.b.JettyHttpServer - Server stopped (0 millis).
17:51:50.586 [Test worker] DEBUG o.s.w.r.r.m.a.RequestMappingHandlerMapping - 34 mappings in 'requestMappingHandlerMapping'
17:51:50.595 [Test worker] DEBUG o.s.w.r.r.m.a.ControllerMethodResolver - ControllerAdvice beans: none
17:51:50.596 [Test worker] DEBUG o.s.w.s.a.HttpWebHandlerAdapter - enableLoggingRequestDetails='false': form data and headers will be masked to prevent unsafe logging of potentially sensitive data
17:51:50.596 [Test worker] DEBUG o.s.w.t.h.s.r.b.ReactorHttpServer - Starting ReactorHttpServer...
17:51:50.597 [Test worker] DEBUG o.s.w.t.h.s.r.b.ReactorHttpServer - Server started on port 53752(0 millis).
17:51:50.597 [Test worker] DEBUG o.s.w.c.RestTemplate - HTTP GET http://localhost:53752/person-response/mono-response-entity
17:51:50.597 [Test worker] DEBUG o.s.w.c.RestTemplate - Accept=[application/xml, text/xml, application/json, application/x-jackson-smile, application/*+xml, application/*+json]
17:51:50.598 [reactor-http-nio-9] DEBUG o.s.w.s.a.HttpWebHandlerAdapter - [2d985a30-1, L:/127.0.0.1:53752 - R:/127.0.0.1:53753] HTTP GET "/person-response/mono-response-entity"
17:51:50.598 [reactor-http-nio-9] DEBUG o.s.w.r.r.m.a.RequestMappingHandlerMapping - [2d985a30-1, L:/127.0.0.1:53752 - R:/127.0.0.1:53753] Mapped to org.springframework.web.reactive.result.method.annotation.RequestMappingMessageConversionIntegrationTests$PersonResponseBodyController#getMonoResponseEntity()
17:51:50.599 [reactor-http-nio-9] DEBUG o.s.w.r.r.m.a.ResponseEntityResultHandler - [2d985a30-1, L:/127.0.0.1:53752 - R:/127.0.0.1:53753] Using 'application/json' given [application/json] and supported [application/json, application/*+json, application/x-ndjson, application/x-jackson-smile, application/*+x-jackson-smile, application/xml, text/xml, application/*+xml, text/event-stream]
17:51:50.599 [reactor-http-nio-9] DEBUG o.s.w.r.r.m.a.ResponseEntityResultHandler - [2d985a30-1, L:/127.0.0.1:53752 - R:/127.0.0.1:53753] 0..1 [org.springframework.web.reactive.result.method.annotation.RequestMappingMessageConversionIntegrationTests$Person]
17:51:50.599 [reactor-http-nio-9] DEBUG o.s.h.c.j.Jackson2JsonEncoder - [2d985a30-1, L:/127.0.0.1:53752 - R:/127.0.0.1:53753] Encoding [Person{name='Robert'}]
17:51:50.600 [Test worker] DEBUG o.s.w.c.RestTemplate - Response 200 OK
17:51:50.600 [reactor-http-nio-9] DEBUG o.s.w.s.a.HttpWebHandlerAdapter - [2d985a30-1, L:/127.0.0.1:53752 - R:/127.0.0.1:53753] Completed 200 OK
17:51:50.600 [Test worker] DEBUG o.s.w.c.RestTemplate - Reading to [org.springframework.web.reactive.result.method.annotation.RequestMappingMessageConversionIntegrationTests$Person]
17:51:50.600 [Test worker] DEBUG o.s.w.t.h.s.r.b.ReactorHttpServer - Stopping ReactorHttpServer...
17:51:50.600 [Test worker] DEBUG o.s.w.t.h.s.r.b.ReactorHttpServer - Server stopped (0 millis).
17:51:50.622 [Test worker] DEBUG o.s.w.r.r.m.a.RequestMappingHandlerMapping - 34 mappings in 'requestMappingHandlerMapping'
17:51:50.631 [Test worker] DEBUG o.s.w.r.r.m.a.ControllerMethodResolver - ControllerAdvice beans: none
17:51:50.633 [Test worker] DEBUG o.s.w.s.a.HttpWebHandlerAdapter - enableLoggingRequestDetails='false': form data and headers will be masked to prevent unsafe logging of potentially sensitive data
17:51:50.633 [Test worker] DEBUG o.s.w.t.h.s.r.b.TomcatHttpServer - Starting TomcatHttpServer...
17:51:50.637 [Test worker] DEBUG o.s.w.t.h.s.r.b.TomcatHttpServer - Server started on port 53754(0 millis).
17:51:50.637 [Test worker] DEBUG o.s.w.c.RestTemplate - HTTP GET http://localhost:53754/person-response/mono-response-entity
17:51:50.638 [Test worker] DEBUG o.s.w.c.RestTemplate - Accept=[application/xml, text/xml, application/json, application/x-jackson-smile, application/*+xml, application/*+json]
17:51:50.639 [http-nio-auto-24-exec-1] DEBUG o.s.w.s.a.HttpWebHandlerAdapter - [5522a8e9] HTTP GET "/person-response/mono-response-entity"
17:51:50.639 [http-nio-auto-24-exec-1] DEBUG o.s.w.r.r.m.a.RequestMappingHandlerMapping - [5522a8e9] Mapped to org.springframework.web.reactive.result.method.annotation.RequestMappingMessageConversionIntegrationTests$PersonResponseBodyController#getMonoResponseEntity()
17:51:50.640 [http-nio-auto-24-exec-1] DEBUG o.s.w.r.r.m.a.ResponseEntityResultHandler - [5522a8e9] Using 'application/json' given [application/json] and supported [application/json, application/*+json, application/x-ndjson, application/x-jackson-smile, application/*+x-jackson-smile, application/xml, text/xml, application/*+xml, text/event-stream]
17:51:50.640 [http-nio-auto-24-exec-1] DEBUG o.s.w.r.r.m.a.ResponseEntityResultHandler - [5522a8e9] 0..1 [org.springframework.web.reactive.result.method.annotation.RequestMappingMessageConversionIntegrationTests$Person]
17:51:50.640 [http-nio-auto-24-exec-1] DEBUG o.s.h.c.j.Jackson2JsonEncoder - [5522a8e9] Encoding [Person{name='Robert'}]
17:51:50.641 [http-nio-auto-24-exec-1] DEBUG o.s.w.s.a.HttpWebHandlerAdapter - [5522a8e9] Completed 200 OK
17:51:50.641 [Test worker] DEBUG o.s.w.c.RestTemplate - Response 200 OK
17:51:50.641 [Test worker] DEBUG o.s.w.c.RestTemplate - Reading to [org.springframework.web.reactive.result.method.annotation.RequestMappingMessageConversionIntegrationTests$Person]
17:51:50.642 [Test worker] DEBUG o.s.w.t.h.s.r.b.TomcatHttpServer - Stopping TomcatHttpServer...
17:52:01.826 [Test worker] DEBUG o.s.w.t.h.s.r.b.TomcatHttpServer - Server stopped (0 millis).
17:52:01.855 [Test worker] DEBUG o.s.w.r.r.m.a.RequestMappingHandlerMapping - 34 mappings in 'requestMappingHandlerMapping'
17:52:01.865 [Test worker] DEBUG o.s.w.r.r.m.a.ControllerMethodResolver - ControllerAdvice beans: none
17:52:01.866 [Test worker] DEBUG o.s.w.s.a.HttpWebHandlerAdapter - enableLoggingRequestDetails='false': form data and headers will be masked to prevent unsafe logging of potentially sensitive data
17:52:01.866 [Test worker] DEBUG o.s.w.t.h.s.r.b.UndertowHttpServer - Starting UndertowHttpServer...
17:52:01.866 [Test worker] INFO  i.undertow - starting server: Undertow - 2.2.7.Final
17:52:01.869 [Test worker] DEBUG o.s.w.t.h.s.r.b.UndertowHttpServer - Server started on port 53778(0 millis).
17:52:01.869 [Test worker] DEBUG o.s.w.c.RestTemplate - HTTP GET http://localhost:53778/person-response/mono-response-entity
17:52:01.870 [Test worker] DEBUG o.s.w.c.RestTemplate - Accept=[application/xml, text/xml, application/json, application/x-jackson-smile, application/*+xml, application/*+json]
17:52:01.872 [XNIO-24 I/O-3] DEBUG o.s.w.s.a.HttpWebHandlerAdapter - [5ed33b23-24] HTTP GET "/person-response/mono-response-entity"
17:52:01.872 [XNIO-24 I/O-3] DEBUG o.s.w.r.r.m.a.RequestMappingHandlerMapping - [5ed33b23-24] Mapped to org.springframework.web.reactive.result.method.annotation.RequestMappingMessageConversionIntegrationTests$PersonResponseBodyController#getMonoResponseEntity()
17:52:01.874 [XNIO-24 I/O-3] DEBUG o.s.w.r.r.m.a.ResponseEntityResultHandler - [5ed33b23-24] Using 'application/json' given [application/json] and supported [application/json, application/*+json, application/x-ndjson, application/x-jackson-smile, application/*+x-jackson-smile, application/xml, text/xml, application/*+xml, text/event-stream]
17:52:01.874 [XNIO-24 I/O-3] DEBUG o.s.w.r.r.m.a.ResponseEntityResultHandler - [5ed33b23-24] 0..1 [org.springframework.web.reactive.result.method.annotation.RequestMappingMessageConversionIntegrationTests$Person]
17:52:01.874 [XNIO-24 I/O-3] DEBUG o.s.h.c.j.Jackson2JsonEncoder - [5ed33b23-24] Encoding [Person{name='Robert'}]
17:52:01.874 [XNIO-24 I/O-3] DEBUG o.s.w.s.a.HttpWebHandlerAdapter - [5ed33b23-24] Completed 200 OK
17:52:01.874 [Test worker] DEBUG o.s.w.c.RestTemplate - Response 200 OK
17:52:01.874 [Test worker] DEBUG o.s.w.c.RestTemplate - Reading to [org.springframework.web.reactive.result.method.annotation.RequestMappingMessageConversionIntegrationTests$Person]
17:52:01.875 [Test worker] DEBUG o.s.w.t.h.s.r.b.UndertowHttpServer - Stopping UndertowHttpServer...
17:52:01.875 [Test worker] INFO  i.undertow - stopping server: Undertow - 2.2.7.Final
17:52:01.876 [Test worker] DEBUG o.s.w.t.h.s.r.b.UndertowHttpServer - Server stopped (0 millis).
17:52:01.899 [Test worker] DEBUG o.s.w.r.r.m.a.RequestMappingHandlerMapping - 34 mappings in 'requestMappingHandlerMapping'
17:52:01.908 [Test worker] DEBUG o.s.w.r.r.m.a.ControllerMethodResolver - ControllerAdvice beans: none
17:52:01.910 [Test worker] DEBUG o.s.w.s.a.HttpWebHandlerAdapter - enableLoggingRequestDetails='false': form data and headers will be masked to prevent unsafe logging of potentially sensitive data
17:52:01.910 [Test worker] WARN  o.e.j.s.h.ContextHandler - Empty contextPath
17:52:01.910 [Test worker] INFO  o.e.j.s.h.ContextHandler - Started o.e.j.s.ServletContextHandler@764cac73{/,null,AVAILABLE}
17:52:01.910 [Test worker] DEBUG o.s.w.t.h.s.r.b.JettyHttpServer - Starting JettyHttpServer...
17:52:01.910 [Test worker] INFO  o.e.j.s.Server - jetty-9.4.39.v20210325; built: 2021-03-25T14:42:11.471Z; git: 9fc7ca5a922f2a37b84ec9dbc26a5168cee7e667; jvm 1.8.0_181-b13
17:52:01.912 [Test worker] INFO  o.e.j.s.AbstractConnector - Started ServerConnector@101444d1{HTTP/1.1, (http/1.1)}{0.0.0.0:53780}
17:52:01.912 [Test worker] INFO  o.e.j.s.Server - Started @288950ms
17:52:01.912 [Test worker] DEBUG o.s.w.t.h.s.r.b.JettyHttpServer - Server started on port 53780(0 millis).
17:52:01.912 [Test worker] DEBUG o.s.w.c.RestTemplate - HTTP POST http://localhost:53780/person-create/single
17:52:01.912 [Test worker] DEBUG o.s.w.c.RestTemplate - Accept=[application/json, application/x-jackson-smile, application/*+json]
17:52:01.912 [Test worker] DEBUG o.s.w.c.RestTemplate - Writing [Person{name='Robert'}] as "application/json"
17:52:01.914 [qtp1287164293-1148] DEBUG o.s.w.s.a.HttpWebHandlerAdapter - [2b2eae47] HTTP POST "/person-create/single"
17:52:01.914 [qtp1287164293-1148] DEBUG o.s.w.r.r.m.a.RequestMappingHandlerMapping - [2b2eae47] Mapped to org.springframework.web.reactive.result.method.annotation.RequestMappingMessageConversionIntegrationTests$PersonCreateController#createWithSingle(Single)
17:52:01.914 [qtp1287164293-1148] DEBUG o.s.w.r.r.m.a.RequestBodyMethodArgumentResolver - [2b2eae47] Content-Type:application/json
17:52:01.914 [qtp1287164293-1148] DEBUG o.s.w.r.r.m.a.RequestBodyMethodArgumentResolver - [2b2eae47] 0..1 [org.springframework.web.reactive.result.method.annotation.RequestMappingMessageConversionIntegrationTests$Person]
17:52:01.915 [qtp1287164293-1148] DEBUG o.s.h.c.j.Jackson2JsonDecoder - [2b2eae47] Decoded [Person{name='Robert'}]
17:52:01.915 [qtp1287164293-1148] DEBUG o.s.w.s.a.HttpWebHandlerAdapter - [2b2eae47] Completed 200 OK
17:52:01.915 [Test worker] DEBUG o.s.w.c.RestTemplate - Response 200 OK
17:52:01.915 [Test worker] DEBUG o.s.w.t.h.s.r.b.JettyHttpServer - Stopping JettyHttpServer...
17:52:01.916 [Test worker] INFO  o.e.j.s.h.ContextHandler - Stopped o.e.j.s.ServletContextHandler@764cac73{/,null,STOPPED}
17:52:01.916 [Test worker] INFO  o.e.j.s.AbstractConnector - Stopped ServerConnector@101444d1{HTTP/1.1, (http/1.1)}{0.0.0.0:0}
17:52:01.917 [Test worker] DEBUG o.s.w.t.h.s.r.b.JettyHttpServer - Server stopped (0 millis).
17:52:01.940 [Test worker] DEBUG o.s.w.r.r.m.a.RequestMappingHandlerMapping - 34 mappings in 'requestMappingHandlerMapping'
17:52:01.949 [Test worker] DEBUG o.s.w.r.r.m.a.ControllerMethodResolver - ControllerAdvice beans: none
17:52:01.950 [Test worker] DEBUG o.s.w.s.a.HttpWebHandlerAdapter - enableLoggingRequestDetails='false': form data and headers will be masked to prevent unsafe logging of potentially sensitive data
17:52:01.950 [Test worker] DEBUG o.s.w.t.h.s.r.b.ReactorHttpServer - Starting ReactorHttpServer...
17:52:01.951 [Test worker] DEBUG o.s.w.t.h.s.r.b.ReactorHttpServer - Server started on port 53782(0 millis).
17:52:01.951 [Test worker] DEBUG o.s.w.c.RestTemplate - HTTP POST http://localhost:53782/person-create/single
17:52:01.951 [Test worker] DEBUG o.s.w.c.RestTemplate - Accept=[application/json, application/x-jackson-smile, application/*+json]
17:52:01.951 [Test worker] DEBUG o.s.w.c.RestTemplate - Writing [Person{name='Robert'}] as "application/json"
17:52:01.953 [reactor-http-nio-11] DEBUG o.s.w.s.a.HttpWebHandlerAdapter - [07f7fe71-1, L:/127.0.0.1:53782 - R:/127.0.0.1:53783] HTTP POST "/person-create/single"
17:52:01.953 [reactor-http-nio-11] DEBUG o.s.w.r.r.m.a.RequestMappingHandlerMapping - [07f7fe71-1, L:/127.0.0.1:53782 - R:/127.0.0.1:53783] Mapped to org.springframework.web.reactive.result.method.annotation.RequestMappingMessageConversionIntegrationTests$PersonCreateController#createWithSingle(Single)
17:52:01.954 [reactor-http-nio-11] DEBUG o.s.w.r.r.m.a.RequestBodyMethodArgumentResolver - [07f7fe71-1, L:/127.0.0.1:53782 - R:/127.0.0.1:53783] Content-Type:application/json
17:52:01.954 [reactor-http-nio-11] DEBUG o.s.w.r.r.m.a.RequestBodyMethodArgumentResolver - [07f7fe71-1, L:/127.0.0.1:53782 - R:/127.0.0.1:53783] 0..1 [org.springframework.web.reactive.result.method.annotation.RequestMappingMessageConversionIntegrationTests$Person]
17:52:01.955 [reactor-http-nio-11] DEBUG o.s.h.c.j.Jackson2JsonDecoder - [07f7fe71-1, L:/127.0.0.1:53782 - R:/127.0.0.1:53783] Decoded [Person{name='Robert'}]
17:52:01.955 [reactor-http-nio-11] DEBUG o.s.w.s.a.HttpWebHandlerAdapter - [07f7fe71-1, L:/127.0.0.1:53782 - R:/127.0.0.1:53783] Completed 200 OK
17:52:01.955 [Test worker] DEBUG o.s.w.c.RestTemplate - Response 200 OK
17:52:01.956 [Test worker] DEBUG o.s.w.t.h.s.r.b.ReactorHttpServer - Stopping ReactorHttpServer...
17:52:01.956 [Test worker] DEBUG o.s.w.t.h.s.r.b.ReactorHttpServer - Server stopped (0 millis).
17:52:01.982 [Test worker] DEBUG o.s.w.r.r.m.a.RequestMappingHandlerMapping - 34 mappings in 'requestMappingHandlerMapping'
17:52:01.995 [Test worker] DEBUG o.s.w.r.r.m.a.ControllerMethodResolver - ControllerAdvice beans: none
17:52:01.996 [Test worker] DEBUG o.s.w.s.a.HttpWebHandlerAdapter - enableLoggingRequestDetails='false': form data and headers will be masked to prevent unsafe logging of potentially sensitive data
17:52:01.997 [Test worker] DEBUG o.s.w.t.h.s.r.b.TomcatHttpServer - Starting TomcatHttpServer...
17:52:02.002 [Test worker] DEBUG o.s.w.t.h.s.r.b.TomcatHttpServer - Server started on port 53784(0 millis).
17:52:02.002 [Test worker] DEBUG o.s.w.c.RestTemplate - HTTP POST http://localhost:53784/person-create/single
17:52:02.002 [Test worker] DEBUG o.s.w.c.RestTemplate - Accept=[application/json, application/x-jackson-smile, application/*+json]
17:52:02.002 [Test worker] DEBUG o.s.w.c.RestTemplate - Writing [Person{name='Robert'}] as "application/json"
17:52:02.004 [http-nio-auto-25-exec-1] DEBUG o.s.w.s.a.HttpWebHandlerAdapter - [4fc393eb] HTTP POST "/person-create/single"
17:52:02.004 [http-nio-auto-25-exec-1] DEBUG o.s.w.r.r.m.a.RequestMappingHandlerMapping - [4fc393eb] Mapped to org.springframework.web.reactive.result.method.annotation.RequestMappingMessageConversionIntegrationTests$PersonCreateController#createWithSingle(Single)
17:52:02.005 [http-nio-auto-25-exec-1] DEBUG o.s.w.r.r.m.a.RequestBodyMethodArgumentResolver - [4fc393eb] Content-Type:application/json
17:52:02.005 [http-nio-auto-25-exec-1] DEBUG o.s.w.r.r.m.a.RequestBodyMethodArgumentResolver - [4fc393eb] 0..1 [org.springframework.web.reactive.result.method.annotation.RequestMappingMessageConversionIntegrationTests$Person]
17:52:02.006 [http-nio-auto-25-exec-1] DEBUG o.s.h.c.j.Jackson2JsonDecoder - [4fc393eb] Decoded [Person{name='Robert'}]
17:52:02.006 [http-nio-auto-25-exec-1] DEBUG o.s.w.s.a.HttpWebHandlerAdapter - [4fc393eb] Completed 200 OK
17:52:02.006 [Test worker] DEBUG o.s.w.c.RestTemplate - Response 200 OK
17:52:02.007 [Test worker] DEBUG o.s.w.t.h.s.r.b.TomcatHttpServer - Stopping TomcatHttpServer...
17:52:13.178 [Test worker] DEBUG o.s.w.t.h.s.r.b.TomcatHttpServer - Server stopped (0 millis).
17:52:13.203 [Test worker] DEBUG o.s.w.r.r.m.a.RequestMappingHandlerMapping - 34 mappings in 'requestMappingHandlerMapping'
17:52:13.212 [Test worker] DEBUG o.s.w.r.r.m.a.ControllerMethodResolver - ControllerAdvice beans: none
17:52:13.213 [Test worker] DEBUG o.s.w.s.a.HttpWebHandlerAdapter - enableLoggingRequestDetails='false': form data and headers will be masked to prevent unsafe logging of potentially sensitive data
17:52:13.213 [Test worker] DEBUG o.s.w.t.h.s.r.b.UndertowHttpServer - Starting UndertowHttpServer...
17:52:13.213 [Test worker] INFO  i.undertow - starting server: Undertow - 2.2.7.Final
17:52:13.218 [Test worker] DEBUG o.s.w.t.h.s.r.b.UndertowHttpServer - Server started on port 53812(0 millis).
17:52:13.218 [Test worker] DEBUG o.s.w.c.RestTemplate - HTTP POST http://localhost:53812/person-create/single
17:52:13.218 [Test worker] DEBUG o.s.w.c.RestTemplate - Accept=[application/json, application/x-jackson-smile, application/*+json]
17:52:13.218 [Test worker] DEBUG o.s.w.c.RestTemplate - Writing [Person{name='Robert'}] as "application/json"
17:52:13.219 [XNIO-25 I/O-5] DEBUG o.s.w.s.a.HttpWebHandlerAdapter - [2d51c462-25] HTTP POST "/person-create/single"
17:52:13.220 [XNIO-25 I/O-5] DEBUG o.s.w.r.r.m.a.RequestMappingHandlerMapping - [2d51c462-25] Mapped to org.springframework.web.reactive.result.method.annotation.RequestMappingMessageConversionIntegrationTests$PersonCreateController#createWithSingle(Single)
17:52:13.220 [XNIO-25 I/O-5] DEBUG o.s.w.r.r.m.a.RequestBodyMethodArgumentResolver - [2d51c462-25] Content-Type:application/json
17:52:13.220 [XNIO-25 I/O-5] DEBUG o.s.w.r.r.m.a.RequestBodyMethodArgumentResolver - [2d51c462-25] 0..1 [org.springframework.web.reactive.result.method.annotation.RequestMappingMessageConversionIntegrationTests$Person]
17:52:13.221 [XNIO-25 I/O-5] DEBUG o.s.h.c.j.Jackson2JsonDecoder - [2d51c462-25] Decoded [Person{name='Robert'}]
17:52:13.221 [XNIO-25 I/O-5] DEBUG o.s.w.s.a.HttpWebHandlerAdapter - [2d51c462-25] Completed 200 OK
17:52:13.221 [Test worker] DEBUG o.s.w.c.RestTemplate - Response 200 OK
17:52:13.221 [Test worker] DEBUG o.s.w.t.h.s.r.b.UndertowHttpServer - Stopping UndertowHttpServer...
17:52:13.221 [Test worker] INFO  i.undertow - stopping server: Undertow - 2.2.7.Final
17:52:13.222 [Test worker] DEBUG o.s.w.t.h.s.r.b.UndertowHttpServer - Server stopped (0 millis).
17:52:13.245 [Test worker] DEBUG o.s.w.r.r.m.a.RequestMappingHandlerMapping - 34 mappings in 'requestMappingHandlerMapping'
17:52:13.255 [Test worker] DEBUG o.s.w.r.r.m.a.ControllerMethodResolver - ControllerAdvice beans: none
17:52:13.257 [Test worker] DEBUG o.s.w.s.a.HttpWebHandlerAdapter - enableLoggingRequestDetails='false': form data and headers will be masked to prevent unsafe logging of potentially sensitive data
17:52:13.257 [Test worker] WARN  o.e.j.s.h.ContextHandler - Empty contextPath
17:52:13.257 [Test worker] INFO  o.e.j.s.h.ContextHandler - Started o.e.j.s.ServletContextHandler@143450a5{/,null,AVAILABLE}
17:52:13.258 [Test worker] DEBUG o.s.w.t.h.s.r.b.JettyHttpServer - Starting JettyHttpServer...
17:52:13.258 [Test worker] INFO  o.e.j.s.Server - jetty-9.4.39.v20210325; built: 2021-03-25T14:42:11.471Z; git: 9fc7ca5a922f2a37b84ec9dbc26a5168cee7e667; jvm 1.8.0_181-b13
17:52:13.260 [Test worker] INFO  o.e.j.s.AbstractConnector - Started ServerConnector@42133d4{HTTP/1.1, (http/1.1)}{0.0.0.0:53814}
17:52:13.260 [Test worker] INFO  o.e.j.s.Server - Started @300298ms
17:52:13.260 [Test worker] DEBUG o.s.w.t.h.s.r.b.JettyHttpServer - Server started on port 53814(0 millis).
17:52:13.260 [Test worker] DEBUG o.s.w.c.RestTemplate - HTTP GET http://localhost:53814/raw-response/observable
17:52:13.260 [Test worker] DEBUG o.s.w.c.RestTemplate - Accept=[text/plain, application/json, application/x-jackson-smile, application/*+json, */*]
17:52:13.262 [qtp1860025679-1193] DEBUG o.s.w.s.a.HttpWebHandlerAdapter - [36cff276] HTTP GET "/raw-response/observable"
17:52:13.262 [qtp1860025679-1193] DEBUG o.s.w.r.r.m.a.RequestMappingHandlerMapping - [36cff276] Mapped to org.springframework.web.reactive.result.method.annotation.RequestMappingMessageConversionIntegrationTests$RawResponseBodyController#getObservable()
17:52:13.263 [qtp1860025679-1193] DEBUG o.s.w.r.r.m.a.ResponseBodyResultHandler - [36cff276] Using 'text/plain' given [text/plain, application/json, application/x-jackson-smile, application/*+json, */*] and supported [*/*, application/json, application/*+json, application/x-ndjson, application/x-jackson-smile, application/*+x-jackson-smile, text/event-stream]
17:52:13.263 [qtp1860025679-1193] DEBUG o.s.w.r.r.m.a.ResponseBodyResultHandler - [36cff276] 0..N [java.nio.ByteBuffer]
17:52:13.264 [qtp1860025679-1193] DEBUG o.s.c.c.ByteBufferEncoder - [36cff276] Writing 6 bytes
17:52:13.264 [qtp1860025679-1193] DEBUG o.s.w.s.a.HttpWebHandlerAdapter - [36cff276] Completed 200 OK
17:52:13.264 [Test worker] DEBUG o.s.w.c.RestTemplate - Response 200 OK
17:52:13.264 [Test worker] DEBUG o.s.w.c.RestTemplate - Reading to [java.lang.String] as "text/plain"
17:52:13.265 [Test worker] DEBUG o.s.w.t.h.s.r.b.JettyHttpServer - Stopping JettyHttpServer...
17:52:13.265 [Test worker] INFO  o.e.j.s.h.ContextHandler - Stopped o.e.j.s.ServletContextHandler@143450a5{/,null,STOPPED}
17:52:13.266 [Test worker] INFO  o.e.j.s.AbstractConnector - Stopped ServerConnector@42133d4{HTTP/1.1, (http/1.1)}{0.0.0.0:0}
17:52:13.266 [Test worker] DEBUG o.s.w.t.h.s.r.b.JettyHttpServer - Server stopped (0 millis).
17:52:13.287 [Test worker] DEBUG o.s.w.r.r.m.a.RequestMappingHandlerMapping - 34 mappings in 'requestMappingHandlerMapping'
17:52:13.296 [Test worker] DEBUG o.s.w.r.r.m.a.ControllerMethodResolver - ControllerAdvice beans: none
17:52:13.298 [Test worker] DEBUG o.s.w.s.a.HttpWebHandlerAdapter - enableLoggingRequestDetails='false': form data and headers will be masked to prevent unsafe logging of potentially sensitive data
17:52:13.298 [Test worker] DEBUG o.s.w.t.h.s.r.b.ReactorHttpServer - Starting ReactorHttpServer...
17:52:13.298 [Test worker] DEBUG o.s.w.t.h.s.r.b.ReactorHttpServer - Server started on port 53816(0 millis).
17:52:13.299 [Test worker] DEBUG o.s.w.c.RestTemplate - HTTP GET http://localhost:53816/raw-response/observable
17:52:13.299 [Test worker] DEBUG o.s.w.c.RestTemplate - Accept=[text/plain, application/json, application/x-jackson-smile, application/*+json, */*]
17:52:13.301 [reactor-http-nio-13] DEBUG o.s.w.s.a.HttpWebHandlerAdapter - [3eac7b4c-1, L:/127.0.0.1:53816 - R:/127.0.0.1:53817] HTTP GET "/raw-response/observable"
17:52:13.301 [reactor-http-nio-13] DEBUG o.s.w.r.r.m.a.RequestMappingHandlerMapping - [3eac7b4c-1, L:/127.0.0.1:53816 - R:/127.0.0.1:53817] Mapped to org.springframework.web.reactive.result.method.annotation.RequestMappingMessageConversionIntegrationTests$RawResponseBodyController#getObservable()
17:52:13.302 [reactor-http-nio-13] DEBUG o.s.w.r.r.m.a.ResponseBodyResultHandler - [3eac7b4c-1, L:/127.0.0.1:53816 - R:/127.0.0.1:53817] Using 'text/plain' given [text/plain, application/json, application/x-jackson-smile, application/*+json, */*] and supported [*/*, application/json, application/*+json, application/x-ndjson, application/x-jackson-smile, application/*+x-jackson-smile, text/event-stream]
17:52:13.302 [reactor-http-nio-13] DEBUG o.s.w.r.r.m.a.ResponseBodyResultHandler - [3eac7b4c-1, L:/127.0.0.1:53816 - R:/127.0.0.1:53817] 0..N [java.nio.ByteBuffer]
17:52:13.302 [reactor-http-nio-13] DEBUG o.s.c.c.ByteBufferEncoder - [3eac7b4c-1, L:/127.0.0.1:53816 - R:/127.0.0.1:53817] Writing 6 bytes
17:52:13.302 [Test worker] DEBUG o.s.w.c.RestTemplate - Response 200 OK
17:52:13.303 [Test worker] DEBUG o.s.w.c.RestTemplate - Reading to [java.lang.String] as "text/plain"
17:52:13.303 [reactor-http-nio-13] DEBUG o.s.w.s.a.HttpWebHandlerAdapter - [3eac7b4c-1, L:/127.0.0.1:53816 - R:/127.0.0.1:53817] Completed 200 OK
17:52:13.303 [Test worker] DEBUG o.s.w.t.h.s.r.b.ReactorHttpServer - Stopping ReactorHttpServer...
17:52:13.303 [Test worker] DEBUG o.s.w.t.h.s.r.b.ReactorHttpServer - Server stopped (0 millis).
17:52:13.327 [Test worker] DEBUG o.s.w.r.r.m.a.RequestMappingHandlerMapping - 34 mappings in 'requestMappingHandlerMapping'
17:52:13.336 [Test worker] DEBUG o.s.w.r.r.m.a.ControllerMethodResolver - ControllerAdvice beans: none
17:52:13.338 [Test worker] DEBUG o.s.w.s.a.HttpWebHandlerAdapter - enableLoggingRequestDetails='false': form data and headers will be masked to prevent unsafe logging of potentially sensitive data
17:52:13.338 [Test worker] DEBUG o.s.w.t.h.s.r.b.TomcatHttpServer - Starting TomcatHttpServer...
17:52:13.344 [Test worker] DEBUG o.s.w.t.h.s.r.b.TomcatHttpServer - Server started on port 53818(0 millis).
17:52:13.344 [Test worker] DEBUG o.s.w.c.RestTemplate - HTTP GET http://localhost:53818/raw-response/observable
17:52:13.344 [Test worker] DEBUG o.s.w.c.RestTemplate - Accept=[text/plain, application/json, application/x-jackson-smile, application/*+json, */*]
17:52:13.346 [http-nio-auto-26-exec-1] DEBUG o.s.w.s.a.HttpWebHandlerAdapter - [1c572f8c] HTTP GET "/raw-response/observable"
17:52:13.347 [http-nio-auto-26-exec-1] DEBUG o.s.w.r.r.m.a.RequestMappingHandlerMapping - [1c572f8c] Mapped to org.springframework.web.reactive.result.method.annotation.RequestMappingMessageConversionIntegrationTests$RawResponseBodyController#getObservable()
17:52:13.347 [http-nio-auto-26-exec-1] DEBUG o.s.w.r.r.m.a.ResponseBodyResultHandler - [1c572f8c] Using 'text/plain' given [text/plain, application/json, application/x-jackson-smile, application/*+json, */*] and supported [*/*, application/json, application/*+json, application/x-ndjson, application/x-jackson-smile, application/*+x-jackson-smile, text/event-stream]
17:52:13.347 [http-nio-auto-26-exec-1] DEBUG o.s.w.r.r.m.a.ResponseBodyResultHandler - [1c572f8c] 0..N [java.nio.ByteBuffer]
17:52:13.348 [http-nio-auto-26-exec-1] DEBUG o.s.c.c.ByteBufferEncoder - [1c572f8c] Writing 6 bytes
17:52:13.348 [http-nio-auto-26-exec-1] DEBUG o.s.w.s.a.HttpWebHandlerAdapter - [1c572f8c] Completed 200 OK
17:52:13.348 [Test worker] DEBUG o.s.w.c.RestTemplate - Response 200 OK
17:52:13.348 [Test worker] DEBUG o.s.w.c.RestTemplate - Reading to [java.lang.String] as "text/plain"
17:52:13.349 [Test worker] DEBUG o.s.w.t.h.s.r.b.TomcatHttpServer - Stopping TomcatHttpServer...
17:52:24.532 [Test worker] DEBUG o.s.w.t.h.s.r.b.TomcatHttpServer - Server stopped (0 millis).
17:52:24.563 [Test worker] DEBUG o.s.w.r.r.m.a.RequestMappingHandlerMapping - 34 mappings in 'requestMappingHandlerMapping'
17:52:24.574 [Test worker] DEBUG o.s.w.r.r.m.a.ControllerMethodResolver - ControllerAdvice beans: none
17:52:24.575 [Test worker] DEBUG o.s.w.s.a.HttpWebHandlerAdapter - enableLoggingRequestDetails='false': form data and headers will be masked to prevent unsafe logging of potentially sensitive data
17:52:24.575 [Test worker] DEBUG o.s.w.t.h.s.r.b.UndertowHttpServer - Starting UndertowHttpServer...
17:52:24.575 [Test worker] INFO  i.undertow - starting server: Undertow - 2.2.7.Final
17:52:24.578 [Test worker] DEBUG o.s.w.t.h.s.r.b.UndertowHttpServer - Server started on port 53847(0 millis).
17:52:24.578 [Test worker] DEBUG o.s.w.c.RestTemplate - HTTP GET http://localhost:53847/raw-response/observable
17:52:24.578 [Test worker] DEBUG o.s.w.c.RestTemplate - Accept=[text/plain, application/json, application/x-jackson-smile, application/*+json, */*]
17:52:24.579 [XNIO-26 I/O-9] DEBUG o.s.w.s.a.HttpWebHandlerAdapter - [73a891b1-26] HTTP GET "/raw-response/observable"
17:52:24.580 [XNIO-26 I/O-9] DEBUG o.s.w.r.r.m.a.RequestMappingHandlerMapping - [73a891b1-26] Mapped to org.springframework.web.reactive.result.method.annotation.RequestMappingMessageConversionIntegrationTests$RawResponseBodyController#getObservable()
17:52:24.580 [XNIO-26 I/O-9] DEBUG o.s.w.r.r.m.a.ResponseBodyResultHandler - [73a891b1-26] Using 'text/plain' given [text/plain, application/json, application/x-jackson-smile, application/*+json, */*] and supported [*/*, application/json, application/*+json, application/x-ndjson, application/x-jackson-smile, application/*+x-jackson-smile, text/event-stream]
17:52:24.580 [XNIO-26 I/O-9] DEBUG o.s.w.r.r.m.a.ResponseBodyResultHandler - [73a891b1-26] 0..N [java.nio.ByteBuffer]
17:52:24.581 [XNIO-26 I/O-9] DEBUG o.s.c.c.ByteBufferEncoder - [73a891b1-26] Writing 6 bytes
17:52:24.581 [XNIO-26 I/O-9] DEBUG o.s.w.s.a.HttpWebHandlerAdapter - [73a891b1-26] Completed 200 OK
17:52:24.581 [Test worker] DEBUG o.s.w.c.RestTemplate - Response 200 OK
17:52:24.581 [Test worker] DEBUG o.s.w.c.RestTemplate - Reading to [java.lang.String] as "text/plain"
17:52:24.581 [Test worker] DEBUG o.s.w.t.h.s.r.b.UndertowHttpServer - Stopping UndertowHttpServer...
17:52:24.581 [Test worker] INFO  i.undertow - stopping server: Undertow - 2.2.7.Final
17:52:24.582 [Test worker] DEBUG o.s.w.t.h.s.r.b.UndertowHttpServer - Server stopped (0 millis).
17:52:24.607 [Test worker] DEBUG o.s.w.r.r.m.a.RequestMappingHandlerMapping - 34 mappings in 'requestMappingHandlerMapping'
17:52:24.616 [Test worker] DEBUG o.s.w.r.r.m.a.ControllerMethodResolver - ControllerAdvice beans: none
17:52:24.617 [Test worker] DEBUG o.s.w.s.a.HttpWebHandlerAdapter - enableLoggingRequestDetails='false': form data and headers will be masked to prevent unsafe logging of potentially sensitive data
17:52:24.618 [Test worker] WARN  o.e.j.s.h.ContextHandler - Empty contextPath
17:52:24.618 [Test worker] INFO  o.e.j.s.h.ContextHandler - Started o.e.j.s.ServletContextHandler@105330b0{/,null,AVAILABLE}
17:52:24.618 [Test worker] DEBUG o.s.w.t.h.s.r.b.JettyHttpServer - Starting JettyHttpServer...
17:52:24.618 [Test worker] INFO  o.e.j.s.Server - jetty-9.4.39.v20210325; built: 2021-03-25T14:42:11.471Z; git: 9fc7ca5a922f2a37b84ec9dbc26a5168cee7e667; jvm 1.8.0_181-b13
17:52:24.619 [Test worker] INFO  o.e.j.s.AbstractConnector - Started ServerConnector@19a31e57{HTTP/1.1, (http/1.1)}{0.0.0.0:53849}
17:52:24.619 [Test worker] INFO  o.e.j.s.Server - Started @311657ms
17:52:24.619 [Test worker] DEBUG o.s.w.t.h.s.r.b.JettyHttpServer - Server started on port 53849(0 millis).
17:52:24.620 [Test worker] DEBUG o.s.w.c.RestTemplate - HTTP GET http://localhost:53849/person-response/flux
17:52:24.620 [Test worker] DEBUG o.s.w.c.RestTemplate - Accept=[application/json, application/x-jackson-smile, application/*+json]
17:52:24.621 [qtp806936935-1238] DEBUG o.s.w.s.a.HttpWebHandlerAdapter - [2bb5b9ce] HTTP GET "/person-response/flux"
17:52:24.621 [qtp806936935-1238] DEBUG o.s.w.r.r.m.a.RequestMappingHandlerMapping - [2bb5b9ce] Mapped to org.springframework.web.reactive.result.method.annotation.RequestMappingMessageConversionIntegrationTests$PersonResponseBodyController#getFlux()
17:52:24.622 [qtp806936935-1238] DEBUG o.s.w.r.r.m.a.ResponseBodyResultHandler - [2bb5b9ce] Using 'application/json' given [application/json] and supported [application/json, application/*+json, application/x-ndjson, application/x-jackson-smile, application/*+x-jackson-smile, application/xml, text/xml, application/*+xml, text/event-stream]
17:52:24.622 [qtp806936935-1238] DEBUG o.s.w.r.r.m.a.ResponseBodyResultHandler - [2bb5b9ce] 0..N [org.springframework.web.reactive.result.method.annotation.RequestMappingMessageConversionIntegrationTests$Person]
17:52:24.622 [qtp806936935-1238] DEBUG o.s.h.c.j.Jackson2JsonEncoder - [2bb5b9ce] Encoding [[Person{name='Robert'}, Person{name='Marie'}]]
17:52:24.623 [Test worker] DEBUG o.s.w.c.RestTemplate - Response 200 OK
17:52:24.623 [qtp806936935-1238] DEBUG o.s.w.s.a.HttpWebHandlerAdapter - [2bb5b9ce] Completed 200 OK
17:52:24.623 [Test worker] DEBUG o.s.w.c.RestTemplate - Reading to [java.util.List<org.springframework.web.reactive.result.method.annotation.RequestMappingMessageConversionIntegrationTests$Person>]
17:52:24.623 [Test worker] DEBUG o.s.w.t.h.s.r.b.JettyHttpServer - Stopping JettyHttpServer...
17:52:24.623 [Test worker] INFO  o.e.j.s.h.ContextHandler - Stopped o.e.j.s.ServletContextHandler@105330b0{/,null,STOPPED}
17:52:24.624 [Test worker] INFO  o.e.j.s.AbstractConnector - Stopped ServerConnector@19a31e57{HTTP/1.1, (http/1.1)}{0.0.0.0:0}
17:52:24.624 [Test worker] DEBUG o.s.w.t.h.s.r.b.JettyHttpServer - Server stopped (0 millis).
17:52:24.644 [Test worker] DEBUG o.s.w.r.r.m.a.RequestMappingHandlerMapping - 34 mappings in 'requestMappingHandlerMapping'
17:52:24.652 [Test worker] DEBUG o.s.w.r.r.m.a.ControllerMethodResolver - ControllerAdvice beans: none
17:52:24.654 [Test worker] DEBUG o.s.w.s.a.HttpWebHandlerAdapter - enableLoggingRequestDetails='false': form data and headers will be masked to prevent unsafe logging of potentially sensitive data
17:52:24.654 [Test worker] DEBUG o.s.w.t.h.s.r.b.ReactorHttpServer - Starting ReactorHttpServer...
17:52:24.655 [Test worker] DEBUG o.s.w.t.h.s.r.b.ReactorHttpServer - Server started on port 53851(0 millis).
17:52:24.655 [Test worker] DEBUG o.s.w.c.RestTemplate - HTTP GET http://localhost:53851/person-response/flux
17:52:24.655 [Test worker] DEBUG o.s.w.c.RestTemplate - Accept=[application/json, application/x-jackson-smile, application/*+json]
17:52:24.656 [reactor-http-nio-15] DEBUG o.s.w.s.a.HttpWebHandlerAdapter - [d7d729c1-1, L:/127.0.0.1:53851 - R:/127.0.0.1:53852] HTTP GET "/person-response/flux"
17:52:24.656 [reactor-http-nio-15] DEBUG o.s.w.r.r.m.a.RequestMappingHandlerMapping - [d7d729c1-1, L:/127.0.0.1:53851 - R:/127.0.0.1:53852] Mapped to org.springframework.web.reactive.result.method.annotation.RequestMappingMessageConversionIntegrationTests$PersonResponseBodyController#getFlux()
17:52:24.657 [reactor-http-nio-15] DEBUG o.s.w.r.r.m.a.ResponseBodyResultHandler - [d7d729c1-1, L:/127.0.0.1:53851 - R:/127.0.0.1:53852] Using 'application/json' given [application/json] and supported [application/json, application/*+json, application/x-ndjson, application/x-jackson-smile, application/*+x-jackson-smile, application/xml, text/xml, application/*+xml, text/event-stream]
17:52:24.657 [reactor-http-nio-15] DEBUG o.s.w.r.r.m.a.ResponseBodyResultHandler - [d7d729c1-1, L:/127.0.0.1:53851 - R:/127.0.0.1:53852] 0..N [org.springframework.web.reactive.result.method.annotation.RequestMappingMessageConversionIntegrationTests$Person]
17:52:24.658 [reactor-http-nio-15] DEBUG o.s.h.c.j.Jackson2JsonEncoder - [d7d729c1-1, L:/127.0.0.1:53851 - R:/127.0.0.1:53852] Encoding [[Person{name='Robert'}, Person{name='Marie'}]]
17:52:24.658 [Test worker] DEBUG o.s.w.c.RestTemplate - Response 200 OK
17:52:24.659 [reactor-http-nio-15] DEBUG o.s.w.s.a.HttpWebHandlerAdapter - [d7d729c1-1, L:/127.0.0.1:53851 - R:/127.0.0.1:53852] Completed 200 OK
17:52:24.659 [Test worker] DEBUG o.s.w.c.RestTemplate - Reading to [java.util.List<org.springframework.web.reactive.result.method.annotation.RequestMappingMessageConversionIntegrationTests$Person>]
17:52:24.659 [Test worker] DEBUG o.s.w.t.h.s.r.b.ReactorHttpServer - Stopping ReactorHttpServer...
17:52:24.660 [Test worker] DEBUG o.s.w.t.h.s.r.b.ReactorHttpServer - Server stopped (0 millis).
17:52:24.680 [Test worker] DEBUG o.s.w.r.r.m.a.RequestMappingHandlerMapping - 34 mappings in 'requestMappingHandlerMapping'
17:52:24.689 [Test worker] DEBUG o.s.w.r.r.m.a.ControllerMethodResolver - ControllerAdvice beans: none
17:52:24.690 [Test worker] DEBUG o.s.w.s.a.HttpWebHandlerAdapter - enableLoggingRequestDetails='false': form data and headers will be masked to prevent unsafe logging of potentially sensitive data
17:52:24.690 [Test worker] DEBUG o.s.w.t.h.s.r.b.TomcatHttpServer - Starting TomcatHttpServer...
17:52:24.696 [Test worker] DEBUG o.s.w.t.h.s.r.b.TomcatHttpServer - Server started on port 53853(0 millis).
17:52:24.696 [Test worker] DEBUG o.s.w.c.RestTemplate - HTTP GET http://localhost:53853/person-response/flux
17:52:24.697 [Test worker] DEBUG o.s.w.c.RestTemplate - Accept=[application/json, application/x-jackson-smile, application/*+json]
17:52:24.699 [http-nio-auto-27-exec-1] DEBUG o.s.w.s.a.HttpWebHandlerAdapter - [639f5ef2] HTTP GET "/person-response/flux"
17:52:24.699 [http-nio-auto-27-exec-1] DEBUG o.s.w.r.r.m.a.RequestMappingHandlerMapping - [639f5ef2] Mapped to org.springframework.web.reactive.result.method.annotation.RequestMappingMessageConversionIntegrationTests$PersonResponseBodyController#getFlux()
17:52:24.700 [http-nio-auto-27-exec-1] DEBUG o.s.w.r.r.m.a.ResponseBodyResultHandler - [639f5ef2] Using 'application/json' given [application/json] and supported [application/json, application/*+json, application/x-ndjson, application/x-jackson-smile, application/*+x-jackson-smile, application/xml, text/xml, application/*+xml, text/event-stream]
17:52:24.700 [http-nio-auto-27-exec-1] DEBUG o.s.w.r.r.m.a.ResponseBodyResultHandler - [639f5ef2] 0..N [org.springframework.web.reactive.result.method.annotation.RequestMappingMessageConversionIntegrationTests$Person]
17:52:24.701 [http-nio-auto-27-exec-1] DEBUG o.s.h.c.j.Jackson2JsonEncoder - [639f5ef2] Encoding [[Person{name='Robert'}, Person{name='Marie'}]]
17:52:24.701 [http-nio-auto-27-exec-1] DEBUG o.s.w.s.a.HttpWebHandlerAdapter - [639f5ef2] Completed 200 OK
17:52:24.701 [Test worker] DEBUG o.s.w.c.RestTemplate - Response 200 OK
17:52:24.702 [Test worker] DEBUG o.s.w.c.RestTemplate - Reading to [java.util.List<org.springframework.web.reactive.result.method.annotation.RequestMappingMessageConversionIntegrationTests$Person>]
17:52:24.702 [Test worker] DEBUG o.s.w.t.h.s.r.b.TomcatHttpServer - Stopping TomcatHttpServer...
17:52:35.903 [Test worker] DEBUG o.s.w.t.h.s.r.b.TomcatHttpServer - Server stopped (0 millis).
17:52:35.935 [Test worker] DEBUG o.s.w.r.r.m.a.RequestMappingHandlerMapping - 34 mappings in 'requestMappingHandlerMapping'
17:52:35.945 [Test worker] DEBUG o.s.w.r.r.m.a.ControllerMethodResolver - ControllerAdvice beans: none
17:52:35.947 [Test worker] DEBUG o.s.w.s.a.HttpWebHandlerAdapter - enableLoggingRequestDetails='false': form data and headers will be masked to prevent unsafe logging of potentially sensitive data
17:52:35.947 [Test worker] DEBUG o.s.w.t.h.s.r.b.UndertowHttpServer - Starting UndertowHttpServer...
17:52:35.947 [Test worker] INFO  i.undertow - starting server: Undertow - 2.2.7.Final
17:52:35.950 [Test worker] DEBUG o.s.w.t.h.s.r.b.UndertowHttpServer - Server started on port 53877(0 millis).
17:52:35.950 [Test worker] DEBUG o.s.w.c.RestTemplate - HTTP GET http://localhost:53877/person-response/flux
17:52:35.950 [Test worker] DEBUG o.s.w.c.RestTemplate - Accept=[application/json, application/x-jackson-smile, application/*+json]
17:52:35.951 [XNIO-27 I/O-16] DEBUG o.s.w.s.a.HttpWebHandlerAdapter - [e881b9d-27] HTTP GET "/person-response/flux"
17:52:35.952 [XNIO-27 I/O-16] DEBUG o.s.w.r.r.m.a.RequestMappingHandlerMapping - [e881b9d-27] Mapped to org.springframework.web.reactive.result.method.annotation.RequestMappingMessageConversionIntegrationTests$PersonResponseBodyController#getFlux()
17:52:35.952 [XNIO-27 I/O-16] DEBUG o.s.w.r.r.m.a.ResponseBodyResultHandler - [e881b9d-27] Using 'application/json' given [application/json] and supported [application/json, application/*+json, application/x-ndjson, application/x-jackson-smile, application/*+x-jackson-smile, application/xml, text/xml, application/*+xml, text/event-stream]
17:52:35.952 [XNIO-27 I/O-16] DEBUG o.s.w.r.r.m.a.ResponseBodyResultHandler - [e881b9d-27] 0..N [org.springframework.web.reactive.result.method.annotation.RequestMappingMessageConversionIntegrationTests$Person]
17:52:35.952 [XNIO-27 I/O-16] DEBUG o.s.h.c.j.Jackson2JsonEncoder - [e881b9d-27] Encoding [[Person{name='Robert'}, Person{name='Marie'}]]
17:52:35.953 [XNIO-27 I/O-16] DEBUG o.s.w.s.a.HttpWebHandlerAdapter - [e881b9d-27] Completed 200 OK
17:52:35.953 [Test worker] DEBUG o.s.w.c.RestTemplate - Response 200 OK
17:52:35.953 [Test worker] DEBUG o.s.w.c.RestTemplate - Reading to [java.util.List<org.springframework.web.reactive.result.method.annotation.RequestMappingMessageConversionIntegrationTests$Person>]
17:52:35.953 [Test worker] DEBUG o.s.w.t.h.s.r.b.UndertowHttpServer - Stopping UndertowHttpServer...
17:52:35.954 [Test worker] INFO  i.undertow - stopping server: Undertow - 2.2.7.Final
17:52:35.954 [Test worker] DEBUG o.s.w.t.h.s.r.b.UndertowHttpServer - Server stopped (0 millis).
17:52:35.976 [Test worker] DEBUG o.s.w.r.r.m.a.RequestMappingHandlerMapping - 34 mappings in 'requestMappingHandlerMapping'
17:52:35.985 [Test worker] DEBUG o.s.w.r.r.m.a.ControllerMethodResolver - ControllerAdvice beans: none
17:52:35.986 [Test worker] DEBUG o.s.w.s.a.HttpWebHandlerAdapter - enableLoggingRequestDetails='false': form data and headers will be masked to prevent unsafe logging of potentially sensitive data
17:52:35.986 [Test worker] WARN  o.e.j.s.h.ContextHandler - Empty contextPath
17:52:35.987 [Test worker] INFO  o.e.j.s.h.ContextHandler - Started o.e.j.s.ServletContextHandler@24bdbdad{/,null,AVAILABLE}
17:52:35.987 [Test worker] DEBUG o.s.w.t.h.s.r.b.JettyHttpServer - Starting JettyHttpServer...
17:52:35.987 [Test worker] INFO  o.e.j.s.Server - jetty-9.4.39.v20210325; built: 2021-03-25T14:42:11.471Z; git: 9fc7ca5a922f2a37b84ec9dbc26a5168cee7e667; jvm 1.8.0_181-b13
17:52:35.988 [Test worker] INFO  o.e.j.s.AbstractConnector - Started ServerConnector@44d311c2{HTTP/1.1, (http/1.1)}{0.0.0.0:53879}
17:52:35.988 [Test worker] INFO  o.e.j.s.Server - Started @323026ms
17:52:35.988 [Test worker] DEBUG o.s.w.t.h.s.r.b.JettyHttpServer - Server started on port 53879(0 millis).
17:52:35.988 [Test worker] DEBUG o.s.w.c.RestTemplate - HTTP GET http://localhost:53879/person-response/list
17:52:35.988 [Test worker] DEBUG o.s.w.c.RestTemplate - Accept=[application/json, application/x-jackson-smile, application/*+json]
17:52:35.990 [qtp849326563-1283] DEBUG o.s.w.s.a.HttpWebHandlerAdapter - [66272bbf] HTTP GET "/person-response/list"
17:52:35.990 [qtp849326563-1283] DEBUG o.s.w.r.r.m.a.RequestMappingHandlerMapping - [66272bbf] Mapped to org.springframework.web.reactive.result.method.annotation.RequestMappingMessageConversionIntegrationTests$PersonResponseBodyController#getList()
17:52:35.990 [qtp849326563-1283] DEBUG o.s.w.r.r.m.a.ResponseBodyResultHandler - [66272bbf] Using 'application/json' given [application/json] and supported [application/json, application/*+json, application/x-ndjson, application/x-jackson-smile, application/*+x-jackson-smile, text/event-stream]
17:52:35.990 [qtp849326563-1283] DEBUG o.s.w.r.r.m.a.ResponseBodyResultHandler - [66272bbf] 0..1 [java.util.List<org.springframework.web.reactive.result.method.annotation.RequestMappingMessageConversionIntegrationTests$Person>]
17:52:35.991 [qtp849326563-1283] DEBUG o.s.h.c.j.Jackson2JsonEncoder - [66272bbf] Encoding [[Person{name='Robert'}, Person{name='Marie'}]]
17:52:35.991 [Test worker] DEBUG o.s.w.c.RestTemplate - Response 200 OK
17:52:35.991 [qtp849326563-1283] DEBUG o.s.w.s.a.HttpWebHandlerAdapter - [66272bbf] Completed 200 OK
17:52:35.991 [Test worker] DEBUG o.s.w.c.RestTemplate - Reading to [java.util.List<org.springframework.web.reactive.result.method.annotation.RequestMappingMessageConversionIntegrationTests$Person>]
17:52:35.992 [Test worker] DEBUG o.s.w.t.h.s.r.b.JettyHttpServer - Stopping JettyHttpServer...
17:52:35.992 [Test worker] INFO  o.e.j.s.h.ContextHandler - Stopped o.e.j.s.ServletContextHandler@24bdbdad{/,null,STOPPED}
17:52:35.992 [Test worker] INFO  o.e.j.s.AbstractConnector - Stopped ServerConnector@44d311c2{HTTP/1.1, (http/1.1)}{0.0.0.0:0}
17:52:35.993 [Test worker] DEBUG o.s.w.t.h.s.r.b.JettyHttpServer - Server stopped (0 millis).
17:52:36.014 [Test worker] DEBUG o.s.w.r.r.m.a.RequestMappingHandlerMapping - 34 mappings in 'requestMappingHandlerMapping'
17:52:36.022 [Test worker] DEBUG o.s.w.r.r.m.a.ControllerMethodResolver - ControllerAdvice beans: none
17:52:36.023 [Test worker] DEBUG o.s.w.s.a.HttpWebHandlerAdapter - enableLoggingRequestDetails='false': form data and headers will be masked to prevent unsafe logging of potentially sensitive data
17:52:36.024 [Test worker] DEBUG o.s.w.t.h.s.r.b.ReactorHttpServer - Starting ReactorHttpServer...
17:52:36.024 [Test worker] DEBUG o.s.w.t.h.s.r.b.ReactorHttpServer - Server started on port 53881(0 millis).
17:52:36.024 [Test worker] DEBUG o.s.w.c.RestTemplate - HTTP GET http://localhost:53881/person-response/list
17:52:36.024 [Test worker] DEBUG o.s.w.c.RestTemplate - Accept=[application/json, application/x-jackson-smile, application/*+json]
17:52:36.025 [reactor-http-nio-1] DEBUG o.s.w.s.a.HttpWebHandlerAdapter - [a8f30e1c-1, L:/127.0.0.1:53881 - R:/127.0.0.1:53882] HTTP GET "/person-response/list"
17:52:36.026 [reactor-http-nio-1] DEBUG o.s.w.r.r.m.a.RequestMappingHandlerMapping - [a8f30e1c-1, L:/127.0.0.1:53881 - R:/127.0.0.1:53882] Mapped to org.springframework.web.reactive.result.method.annotation.RequestMappingMessageConversionIntegrationTests$PersonResponseBodyController#getList()
17:52:36.026 [reactor-http-nio-1] DEBUG o.s.w.r.r.m.a.ResponseBodyResultHandler - [a8f30e1c-1, L:/127.0.0.1:53881 - R:/127.0.0.1:53882] Using 'application/json' given [application/json] and supported [application/json, application/*+json, application/x-ndjson, application/x-jackson-smile, application/*+x-jackson-smile, text/event-stream]
17:52:36.026 [reactor-http-nio-1] DEBUG o.s.w.r.r.m.a.ResponseBodyResultHandler - [a8f30e1c-1, L:/127.0.0.1:53881 - R:/127.0.0.1:53882] 0..1 [java.util.List<org.springframework.web.reactive.result.method.annotation.RequestMappingMessageConversionIntegrationTests$Person>]
17:52:36.026 [reactor-http-nio-1] DEBUG o.s.h.c.j.Jackson2JsonEncoder - [a8f30e1c-1, L:/127.0.0.1:53881 - R:/127.0.0.1:53882] Encoding [[Person{name='Robert'}, Person{name='Marie'}]]
17:52:36.027 [reactor-http-nio-1] DEBUG o.s.w.s.a.HttpWebHandlerAdapter - [a8f30e1c-1, L:/127.0.0.1:53881 - R:/127.0.0.1:53882] Completed 200 OK
17:52:36.027 [Test worker] DEBUG o.s.w.c.RestTemplate - Response 200 OK
17:52:36.028 [Test worker] DEBUG o.s.w.c.RestTemplate - Reading to [java.util.List<org.springframework.web.reactive.result.method.annotation.RequestMappingMessageConversionIntegrationTests$Person>]
17:52:36.028 [Test worker] DEBUG o.s.w.t.h.s.r.b.ReactorHttpServer - Stopping ReactorHttpServer...
17:52:36.028 [Test worker] DEBUG o.s.w.t.h.s.r.b.ReactorHttpServer - Server stopped (0 millis).
17:52:36.052 [Test worker] DEBUG o.s.w.r.r.m.a.RequestMappingHandlerMapping - 34 mappings in 'requestMappingHandlerMapping'
17:52:36.060 [Test worker] DEBUG o.s.w.r.r.m.a.ControllerMethodResolver - ControllerAdvice beans: none
17:52:36.062 [Test worker] DEBUG o.s.w.s.a.HttpWebHandlerAdapter - enableLoggingRequestDetails='false': form data and headers will be masked to prevent unsafe logging of potentially sensitive data
17:52:36.062 [Test worker] DEBUG o.s.w.t.h.s.r.b.TomcatHttpServer - Starting TomcatHttpServer...
17:52:36.067 [Test worker] DEBUG o.s.w.t.h.s.r.b.TomcatHttpServer - Server started on port 53883(0 millis).
17:52:36.067 [Test worker] DEBUG o.s.w.c.RestTemplate - HTTP GET http://localhost:53883/person-response/list
17:52:36.067 [Test worker] DEBUG o.s.w.c.RestTemplate - Accept=[application/json, application/x-jackson-smile, application/*+json]
17:52:36.068 [http-nio-auto-28-exec-1] DEBUG o.s.w.s.a.HttpWebHandlerAdapter - [28934c95] HTTP GET "/person-response/list"
17:52:36.069 [http-nio-auto-28-exec-1] DEBUG o.s.w.r.r.m.a.RequestMappingHandlerMapping - [28934c95] Mapped to org.springframework.web.reactive.result.method.annotation.RequestMappingMessageConversionIntegrationTests$PersonResponseBodyController#getList()
17:52:36.069 [http-nio-auto-28-exec-1] DEBUG o.s.w.r.r.m.a.ResponseBodyResultHandler - [28934c95] Using 'application/json' given [application/json] and supported [application/json, application/*+json, application/x-ndjson, application/x-jackson-smile, application/*+x-jackson-smile, text/event-stream]
17:52:36.069 [http-nio-auto-28-exec-1] DEBUG o.s.w.r.r.m.a.ResponseBodyResultHandler - [28934c95] 0..1 [java.util.List<org.springframework.web.reactive.result.method.annotation.RequestMappingMessageConversionIntegrationTests$Person>]
17:52:36.069 [http-nio-auto-28-exec-1] DEBUG o.s.h.c.j.Jackson2JsonEncoder - [28934c95] Encoding [[Person{name='Robert'}, Person{name='Marie'}]]
17:52:36.070 [http-nio-auto-28-exec-1] DEBUG o.s.w.s.a.HttpWebHandlerAdapter - [28934c95] Completed 200 OK
17:52:36.070 [Test worker] DEBUG o.s.w.c.RestTemplate - Response 200 OK
17:52:36.070 [Test worker] DEBUG o.s.w.c.RestTemplate - Reading to [java.util.List<org.springframework.web.reactive.result.method.annotation.RequestMappingMessageConversionIntegrationTests$Person>]
17:52:36.071 [Test worker] DEBUG o.s.w.t.h.s.r.b.TomcatHttpServer - Stopping TomcatHttpServer...
17:52:47.265 [Test worker] DEBUG o.s.w.t.h.s.r.b.TomcatHttpServer - Server stopped (0 millis).
17:52:47.294 [Test worker] DEBUG o.s.w.r.r.m.a.RequestMappingHandlerMapping - 34 mappings in 'requestMappingHandlerMapping'
17:52:47.304 [Test worker] DEBUG o.s.w.r.r.m.a.ControllerMethodResolver - ControllerAdvice beans: none
17:52:47.306 [Test worker] DEBUG o.s.w.s.a.HttpWebHandlerAdapter - enableLoggingRequestDetails='false': form data and headers will be masked to prevent unsafe logging of potentially sensitive data
17:52:47.306 [Test worker] DEBUG o.s.w.t.h.s.r.b.UndertowHttpServer - Starting UndertowHttpServer...
17:52:47.306 [Test worker] INFO  i.undertow - starting server: Undertow - 2.2.7.Final
17:52:47.309 [Test worker] DEBUG o.s.w.t.h.s.r.b.UndertowHttpServer - Server started on port 53907(0 millis).
17:52:47.309 [Test worker] DEBUG o.s.w.c.RestTemplate - HTTP GET http://localhost:53907/person-response/list
17:52:47.309 [Test worker] DEBUG o.s.w.c.RestTemplate - Accept=[application/json, application/x-jackson-smile, application/*+json]
17:52:47.310 [XNIO-28 I/O-11] DEBUG o.s.w.s.a.HttpWebHandlerAdapter - [3d2e308f-28] HTTP GET "/person-response/list"
17:52:47.310 [XNIO-28 I/O-11] DEBUG o.s.w.r.r.m.a.RequestMappingHandlerMapping - [3d2e308f-28] Mapped to org.springframework.web.reactive.result.method.annotation.RequestMappingMessageConversionIntegrationTests$PersonResponseBodyController#getList()
17:52:47.310 [XNIO-28 I/O-11] DEBUG o.s.w.r.r.m.a.ResponseBodyResultHandler - [3d2e308f-28] Using 'application/json' given [application/json] and supported [application/json, application/*+json, application/x-ndjson, application/x-jackson-smile, application/*+x-jackson-smile, text/event-stream]
17:52:47.310 [XNIO-28 I/O-11] DEBUG o.s.w.r.r.m.a.ResponseBodyResultHandler - [3d2e308f-28] 0..1 [java.util.List<org.springframework.web.reactive.result.method.annotation.RequestMappingMessageConversionIntegrationTests$Person>]
17:52:47.311 [XNIO-28 I/O-11] DEBUG o.s.h.c.j.Jackson2JsonEncoder - [3d2e308f-28] Encoding [[Person{name='Robert'}, Person{name='Marie'}]]
17:52:47.311 [XNIO-28 I/O-11] DEBUG o.s.w.s.a.HttpWebHandlerAdapter - [3d2e308f-28] Completed 200 OK
17:52:47.311 [Test worker] DEBUG o.s.w.c.RestTemplate - Response 200 OK
17:52:47.311 [Test worker] DEBUG o.s.w.c.RestTemplate - Reading to [java.util.List<org.springframework.web.reactive.result.method.annotation.RequestMappingMessageConversionIntegrationTests$Person>]
17:52:47.312 [Test worker] DEBUG o.s.w.t.h.s.r.b.UndertowHttpServer - Stopping UndertowHttpServer...
17:52:47.312 [Test worker] INFO  i.undertow - stopping server: Undertow - 2.2.7.Final
17:52:47.312 [Test worker] DEBUG o.s.w.t.h.s.r.b.UndertowHttpServer - Server stopped (0 millis).
17:52:47.334 [Test worker] DEBUG o.s.w.r.r.m.a.RequestMappingHandlerMapping - 34 mappings in 'requestMappingHandlerMapping'
17:52:47.343 [Test worker] DEBUG o.s.w.r.r.m.a.ControllerMethodResolver - ControllerAdvice beans: none
17:52:47.344 [Test worker] DEBUG o.s.w.s.a.HttpWebHandlerAdapter - enableLoggingRequestDetails='false': form data and headers will be masked to prevent unsafe logging of potentially sensitive data
17:52:47.344 [Test worker] WARN  o.e.j.s.h.ContextHandler - Empty contextPath
17:52:47.344 [Test worker] INFO  o.e.j.s.h.ContextHandler - Started o.e.j.s.ServletContextHandler@261bc6bb{/,null,AVAILABLE}
17:52:47.344 [Test worker] DEBUG o.s.w.t.h.s.r.b.JettyHttpServer - Starting JettyHttpServer...
17:52:47.344 [Test worker] INFO  o.e.j.s.Server - jetty-9.4.39.v20210325; built: 2021-03-25T14:42:11.471Z; git: 9fc7ca5a922f2a37b84ec9dbc26a5168cee7e667; jvm 1.8.0_181-b13
17:52:47.346 [Test worker] INFO  o.e.j.s.AbstractConnector - Started ServerConnector@28bab895{HTTP/1.1, (http/1.1)}{0.0.0.0:53909}
17:52:47.346 [Test worker] INFO  o.e.j.s.Server - Started @334383ms
17:52:47.346 [Test worker] DEBUG o.s.w.t.h.s.r.b.JettyHttpServer - Server started on port 53909(0 millis).
17:52:47.346 [Test worker] DEBUG o.s.w.c.RestTemplate - HTTP GET http://localhost:53909/person-response/mono
17:52:47.346 [Test worker] DEBUG o.s.w.c.RestTemplate - Accept=[application/xml, text/xml, application/json, application/x-jackson-smile, application/*+xml, application/*+json]
17:52:47.347 [qtp2061699781-1328] DEBUG o.s.w.s.a.HttpWebHandlerAdapter - [3862ded0] HTTP GET "/person-response/mono"
17:52:47.348 [qtp2061699781-1328] DEBUG o.s.w.r.r.m.a.RequestMappingHandlerMapping - [3862ded0] Mapped to org.springframework.web.reactive.result.method.annotation.RequestMappingMessageConversionIntegrationTests$PersonResponseBodyController#getMono()
17:52:47.348 [qtp2061699781-1328] DEBUG o.s.w.r.r.m.a.ResponseBodyResultHandler - [3862ded0] Using 'application/json' given [application/json] and supported [application/json, application/*+json, application/x-ndjson, application/x-jackson-smile, application/*+x-jackson-smile, application/xml, text/xml, application/*+xml, text/event-stream]
17:52:47.348 [qtp2061699781-1328] DEBUG o.s.w.r.r.m.a.ResponseBodyResultHandler - [3862ded0] 0..1 [org.springframework.web.reactive.result.method.annotation.RequestMappingMessageConversionIntegrationTests$Person]
17:52:47.348 [qtp2061699781-1328] DEBUG o.s.h.c.j.Jackson2JsonEncoder - [3862ded0] Encoding [Person{name='Robert'}]
17:52:47.349 [Test worker] DEBUG o.s.w.c.RestTemplate - Response 200 OK
17:52:47.349 [qtp2061699781-1328] DEBUG o.s.w.s.a.HttpWebHandlerAdapter - [3862ded0] Completed 200 OK
17:52:47.349 [Test worker] DEBUG o.s.w.c.RestTemplate - Reading to [org.springframework.web.reactive.result.method.annotation.RequestMappingMessageConversionIntegrationTests$Person]
17:52:47.349 [Test worker] DEBUG o.s.w.t.h.s.r.b.JettyHttpServer - Stopping JettyHttpServer...
17:52:47.349 [Test worker] INFO  o.e.j.s.h.ContextHandler - Stopped o.e.j.s.ServletContextHandler@261bc6bb{/,null,STOPPED}
17:52:47.350 [Test worker] INFO  o.e.j.s.AbstractConnector - Stopped ServerConnector@28bab895{HTTP/1.1, (http/1.1)}{0.0.0.0:0}
17:52:47.350 [Test worker] DEBUG o.s.w.t.h.s.r.b.JettyHttpServer - Server stopped (0 millis).
17:52:47.370 [Test worker] DEBUG o.s.w.r.r.m.a.RequestMappingHandlerMapping - 34 mappings in 'requestMappingHandlerMapping'
17:52:47.378 [Test worker] DEBUG o.s.w.r.r.m.a.ControllerMethodResolver - ControllerAdvice beans: none
17:52:47.379 [Test worker] DEBUG o.s.w.s.a.HttpWebHandlerAdapter - enableLoggingRequestDetails='false': form data and headers will be masked to prevent unsafe logging of potentially sensitive data
17:52:47.379 [Test worker] DEBUG o.s.w.t.h.s.r.b.ReactorHttpServer - Starting ReactorHttpServer...
17:52:47.380 [Test worker] DEBUG o.s.w.t.h.s.r.b.ReactorHttpServer - Server started on port 53911(0 millis).
17:52:47.380 [Test worker] DEBUG o.s.w.c.RestTemplate - HTTP GET http://localhost:53911/person-response/mono
17:52:47.381 [Test worker] DEBUG o.s.w.c.RestTemplate - Accept=[application/xml, text/xml, application/json, application/x-jackson-smile, application/*+xml, application/*+json]
17:52:47.382 [reactor-http-nio-3] DEBUG o.s.w.s.a.HttpWebHandlerAdapter - [20c10cf1-1, L:/127.0.0.1:53911 - R:/127.0.0.1:53912] HTTP GET "/person-response/mono"
17:52:47.382 [reactor-http-nio-3] DEBUG o.s.w.r.r.m.a.RequestMappingHandlerMapping - [20c10cf1-1, L:/127.0.0.1:53911 - R:/127.0.0.1:53912] Mapped to org.springframework.web.reactive.result.method.annotation.RequestMappingMessageConversionIntegrationTests$PersonResponseBodyController#getMono()
17:52:47.383 [reactor-http-nio-3] DEBUG o.s.w.r.r.m.a.ResponseBodyResultHandler - [20c10cf1-1, L:/127.0.0.1:53911 - R:/127.0.0.1:53912] Using 'application/json' given [application/json] and supported [application/json, application/*+json, application/x-ndjson, application/x-jackson-smile, application/*+x-jackson-smile, application/xml, text/xml, application/*+xml, text/event-stream]
17:52:47.383 [reactor-http-nio-3] DEBUG o.s.w.r.r.m.a.ResponseBodyResultHandler - [20c10cf1-1, L:/127.0.0.1:53911 - R:/127.0.0.1:53912] 0..1 [org.springframework.web.reactive.result.method.annotation.RequestMappingMessageConversionIntegrationTests$Person]
17:52:47.383 [reactor-http-nio-3] DEBUG o.s.h.c.j.Jackson2JsonEncoder - [20c10cf1-1, L:/127.0.0.1:53911 - R:/127.0.0.1:53912] Encoding [Person{name='Robert'}]
17:52:47.384 [reactor-http-nio-3] DEBUG o.s.w.s.a.HttpWebHandlerAdapter - [20c10cf1-1, L:/127.0.0.1:53911 - R:/127.0.0.1:53912] Completed 200 OK
17:52:47.384 [Test worker] DEBUG o.s.w.c.RestTemplate - Response 200 OK
17:52:47.384 [Test worker] DEBUG o.s.w.c.RestTemplate - Reading to [org.springframework.web.reactive.result.method.annotation.RequestMappingMessageConversionIntegrationTests$Person]
17:52:47.384 [Test worker] DEBUG o.s.w.t.h.s.r.b.ReactorHttpServer - Stopping ReactorHttpServer...
17:52:47.384 [Test worker] DEBUG o.s.w.t.h.s.r.b.ReactorHttpServer - Server stopped (0 millis).
17:52:47.404 [Test worker] DEBUG o.s.w.r.r.m.a.RequestMappingHandlerMapping - 34 mappings in 'requestMappingHandlerMapping'
17:52:47.412 [Test worker] DEBUG o.s.w.r.r.m.a.ControllerMethodResolver - ControllerAdvice beans: none
17:52:47.413 [Test worker] DEBUG o.s.w.s.a.HttpWebHandlerAdapter - enableLoggingRequestDetails='false': form data and headers will be masked to prevent unsafe logging of potentially sensitive data
17:52:47.413 [Test worker] DEBUG o.s.w.t.h.s.r.b.TomcatHttpServer - Starting TomcatHttpServer...
17:52:47.417 [Test worker] DEBUG o.s.w.t.h.s.r.b.TomcatHttpServer - Server started on port 53913(0 millis).
17:52:47.417 [Test worker] DEBUG o.s.w.c.RestTemplate - HTTP GET http://localhost:53913/person-response/mono
17:52:47.418 [Test worker] DEBUG o.s.w.c.RestTemplate - Accept=[application/xml, text/xml, application/json, application/x-jackson-smile, application/*+xml, application/*+json]
17:52:47.420 [http-nio-auto-29-exec-1] DEBUG o.s.w.s.a.HttpWebHandlerAdapter - [24af1211] HTTP GET "/person-response/mono"
17:52:47.420 [http-nio-auto-29-exec-1] DEBUG o.s.w.r.r.m.a.RequestMappingHandlerMapping - [24af1211] Mapped to org.springframework.web.reactive.result.method.annotation.RequestMappingMessageConversionIntegrationTests$PersonResponseBodyController#getMono()
17:52:47.420 [http-nio-auto-29-exec-1] DEBUG o.s.w.r.r.m.a.ResponseBodyResultHandler - [24af1211] Using 'application/json' given [application/json] and supported [application/json, application/*+json, application/x-ndjson, application/x-jackson-smile, application/*+x-jackson-smile, application/xml, text/xml, application/*+xml, text/event-stream]
17:52:47.420 [http-nio-auto-29-exec-1] DEBUG o.s.w.r.r.m.a.ResponseBodyResultHandler - [24af1211] 0..1 [org.springframework.web.reactive.result.method.annotation.RequestMappingMessageConversionIntegrationTests$Person]
17:52:47.421 [http-nio-auto-29-exec-1] DEBUG o.s.h.c.j.Jackson2JsonEncoder - [24af1211] Encoding [Person{name='Robert'}]
17:52:47.421 [http-nio-auto-29-exec-1] DEBUG o.s.w.s.a.HttpWebHandlerAdapter - [24af1211] Completed 200 OK
17:52:47.421 [Test worker] DEBUG o.s.w.c.RestTemplate - Response 200 OK
17:52:47.421 [Test worker] DEBUG o.s.w.c.RestTemplate - Reading to [org.springframework.web.reactive.result.method.annotation.RequestMappingMessageConversionIntegrationTests$Person]
17:52:47.422 [Test worker] DEBUG o.s.w.t.h.s.r.b.TomcatHttpServer - Stopping TomcatHttpServer...
17:52:58.640 [Test worker] DEBUG o.s.w.t.h.s.r.b.TomcatHttpServer - Server stopped (0 millis).
17:52:58.669 [Test worker] DEBUG o.s.w.r.r.m.a.RequestMappingHandlerMapping - 34 mappings in 'requestMappingHandlerMapping'
17:52:58.677 [Test worker] DEBUG o.s.w.r.r.m.a.ControllerMethodResolver - ControllerAdvice beans: none
17:52:58.679 [Test worker] DEBUG o.s.w.s.a.HttpWebHandlerAdapter - enableLoggingRequestDetails='false': form data and headers will be masked to prevent unsafe logging of potentially sensitive data
17:52:58.679 [Test worker] DEBUG o.s.w.t.h.s.r.b.UndertowHttpServer - Starting UndertowHttpServer...
17:52:58.679 [Test worker] INFO  i.undertow - starting server: Undertow - 2.2.7.Final
17:52:58.681 [Test worker] DEBUG o.s.w.t.h.s.r.b.UndertowHttpServer - Server started on port 53944(0 millis).
17:52:58.681 [Test worker] DEBUG o.s.w.c.RestTemplate - HTTP GET http://localhost:53944/person-response/mono
17:52:58.682 [Test worker] DEBUG o.s.w.c.RestTemplate - Accept=[application/xml, text/xml, application/json, application/x-jackson-smile, application/*+xml, application/*+json]
17:52:58.683 [XNIO-29 I/O-12] DEBUG o.s.w.s.a.HttpWebHandlerAdapter - [78b57cc1-29] HTTP GET "/person-response/mono"
17:52:58.683 [XNIO-29 I/O-12] DEBUG o.s.w.r.r.m.a.RequestMappingHandlerMapping - [78b57cc1-29] Mapped to org.springframework.web.reactive.result.method.annotation.RequestMappingMessageConversionIntegrationTests$PersonResponseBodyController#getMono()
17:52:58.683 [XNIO-29 I/O-12] DEBUG o.s.w.r.r.m.a.ResponseBodyResultHandler - [78b57cc1-29] Using 'application/json' given [application/json] and supported [application/json, application/*+json, application/x-ndjson, application/x-jackson-smile, application/*+x-jackson-smile, application/xml, text/xml, application/*+xml, text/event-stream]
17:52:58.683 [XNIO-29 I/O-12] DEBUG o.s.w.r.r.m.a.ResponseBodyResultHandler - [78b57cc1-29] 0..1 [org.springframework.web.reactive.result.method.annotation.RequestMappingMessageConversionIntegrationTests$Person]
17:52:58.686 [XNIO-29 I/O-12] DEBUG o.s.h.c.j.Jackson2JsonEncoder - [78b57cc1-29] Encoding [Person{name='Robert'}]
17:52:58.687 [XNIO-29 I/O-12] DEBUG o.s.w.s.a.HttpWebHandlerAdapter - [78b57cc1-29] Completed 200 OK
17:52:58.687 [Test worker] DEBUG o.s.w.c.RestTemplate - Response 200 OK
17:52:58.687 [Test worker] DEBUG o.s.w.c.RestTemplate - Reading to [org.springframework.web.reactive.result.method.annotation.RequestMappingMessageConversionIntegrationTests$Person]
17:52:58.687 [Test worker] DEBUG o.s.w.t.h.s.r.b.UndertowHttpServer - Stopping UndertowHttpServer...
17:52:58.687 [Test worker] INFO  i.undertow - stopping server: Undertow - 2.2.7.Final
17:52:58.688 [Test worker] DEBUG o.s.w.t.h.s.r.b.UndertowHttpServer - Server stopped (0 millis).
17:52:58.709 [Test worker] DEBUG o.s.w.r.r.m.a.RequestMappingHandlerMapping - 34 mappings in 'requestMappingHandlerMapping'
17:52:58.718 [Test worker] DEBUG o.s.w.r.r.m.a.ControllerMethodResolver - ControllerAdvice beans: none
17:52:58.719 [Test worker] DEBUG o.s.w.s.a.HttpWebHandlerAdapter - enableLoggingRequestDetails='false': form data and headers will be masked to prevent unsafe logging of potentially sensitive data
17:52:58.719 [Test worker] WARN  o.e.j.s.h.ContextHandler - Empty contextPath
17:52:58.720 [Test worker] INFO  o.e.j.s.h.ContextHandler - Started o.e.j.s.ServletContextHandler@3af5e565{/,null,AVAILABLE}
17:52:58.720 [Test worker] DEBUG o.s.w.t.h.s.r.b.JettyHttpServer - Starting JettyHttpServer...
17:52:58.720 [Test worker] INFO  o.e.j.s.Server - jetty-9.4.39.v20210325; built: 2021-03-25T14:42:11.471Z; git: 9fc7ca5a922f2a37b84ec9dbc26a5168cee7e667; jvm 1.8.0_181-b13
17:52:58.721 [Test worker] INFO  o.e.j.s.AbstractConnector - Started ServerConnector@33c6b192{HTTP/1.1, (http/1.1)}{0.0.0.0:53946}
17:52:58.721 [Test worker] INFO  o.e.j.s.Server - Started @345759ms
17:52:58.721 [Test worker] DEBUG o.s.w.t.h.s.r.b.JettyHttpServer - Server started on port 53946(0 millis).
17:52:58.721 [Test worker] DEBUG o.s.w.c.RestTemplate - HTTP POST http://localhost:53946/person-transform/observable
17:52:58.721 [Test worker] DEBUG o.s.w.c.RestTemplate - Accept=[application/json, application/x-jackson-smile, application/*+json]
17:52:58.722 [Test worker] DEBUG o.s.w.c.RestTemplate - Writing [[Person{name='Robert'}, Person{name='Marie'}]] as "application/json"
17:52:58.723 [qtp1485107493-1373] DEBUG o.s.w.s.a.HttpWebHandlerAdapter - [3edf217a] HTTP POST "/person-transform/observable"
17:52:58.723 [qtp1485107493-1373] DEBUG o.s.w.r.r.m.a.RequestMappingHandlerMapping - [3edf217a] Mapped to org.springframework.web.reactive.result.method.annotation.RequestMappingMessageConversionIntegrationTests$PersonTransformationController#transformObservable(Observable)
17:52:58.723 [qtp1485107493-1373] DEBUG o.s.w.r.r.m.a.RequestBodyMethodArgumentResolver - [3edf217a] Content-Type:application/json
17:52:58.724 [qtp1485107493-1373] DEBUG o.s.w.r.r.m.a.RequestBodyMethodArgumentResolver - [3edf217a] 0..N [org.springframework.web.reactive.result.method.annotation.RequestMappingMessageConversionIntegrationTests$Person]
17:52:58.724 [qtp1485107493-1373] DEBUG o.s.w.r.r.m.a.ResponseBodyResultHandler - [3edf217a] Using 'application/json' given [application/json] and supported [application/json, application/*+json, application/x-ndjson, application/x-jackson-smile, application/*+x-jackson-smile, application/xml, text/xml, application/*+xml, text/event-stream]
17:52:58.724 [qtp1485107493-1373] DEBUG o.s.w.r.r.m.a.ResponseBodyResultHandler - [3edf217a] 0..N [org.springframework.web.reactive.result.method.annotation.RequestMappingMessageConversionIntegrationTests$Person]
17:52:58.725 [qtp1485107493-1373] DEBUG o.s.h.c.j.Jackson2JsonDecoder - [3edf217a] Decoded [Person{name='Robert'}]
17:52:58.725 [qtp1485107493-1373] DEBUG o.s.h.c.j.Jackson2JsonDecoder - [3edf217a] Decoded [Person{name='Marie'}]
17:52:58.726 [qtp1485107493-1373] DEBUG o.s.h.c.j.Jackson2JsonEncoder - [3edf217a] Encoding [[Person{name='ROBERT'}, Person{name='MARIE'}]]
17:52:58.726 [qtp1485107493-1373] DEBUG o.s.w.s.a.HttpWebHandlerAdapter - [3edf217a] Completed 200 OK
17:52:58.726 [Test worker] DEBUG o.s.w.c.RestTemplate - Response 200 OK
17:52:58.726 [Test worker] DEBUG o.s.w.c.RestTemplate - Reading to [java.util.List<org.springframework.web.reactive.result.method.annotation.RequestMappingMessageConversionIntegrationTests$Person>]
17:52:58.726 [Test worker] DEBUG o.s.w.t.h.s.r.b.JettyHttpServer - Stopping JettyHttpServer...
17:52:58.727 [Test worker] INFO  o.e.j.s.h.ContextHandler - Stopped o.e.j.s.ServletContextHandler@3af5e565{/,null,STOPPED}
17:52:58.727 [Test worker] INFO  o.e.j.s.AbstractConnector - Stopped ServerConnector@33c6b192{HTTP/1.1, (http/1.1)}{0.0.0.0:0}
17:52:58.728 [Test worker] DEBUG o.s.w.t.h.s.r.b.JettyHttpServer - Server stopped (0 millis).
17:52:58.748 [Test worker] DEBUG o.s.w.r.r.m.a.RequestMappingHandlerMapping - 34 mappings in 'requestMappingHandlerMapping'
17:52:58.757 [Test worker] DEBUG o.s.w.r.r.m.a.ControllerMethodResolver - ControllerAdvice beans: none
17:52:58.758 [Test worker] DEBUG o.s.w.s.a.HttpWebHandlerAdapter - enableLoggingRequestDetails='false': form data and headers will be masked to prevent unsafe logging of potentially sensitive data
17:52:58.758 [Test worker] DEBUG o.s.w.t.h.s.r.b.ReactorHttpServer - Starting ReactorHttpServer...
17:52:58.759 [Test worker] DEBUG o.s.w.t.h.s.r.b.ReactorHttpServer - Server started on port 53948(0 millis).
17:52:58.759 [Test worker] DEBUG o.s.w.c.RestTemplate - HTTP POST http://localhost:53948/person-transform/observable
17:52:58.759 [Test worker] DEBUG o.s.w.c.RestTemplate - Accept=[application/json, application/x-jackson-smile, application/*+json]
17:52:58.759 [Test worker] DEBUG o.s.w.c.RestTemplate - Writing [[Person{name='Robert'}, Person{name='Marie'}]] as "application/json"
17:52:58.761 [reactor-http-nio-5] DEBUG o.s.w.s.a.HttpWebHandlerAdapter - [865805bb-1, L:/127.0.0.1:53948 - R:/127.0.0.1:53949] HTTP POST "/person-transform/observable"
17:52:58.761 [reactor-http-nio-5] DEBUG o.s.w.r.r.m.a.RequestMappingHandlerMapping - [865805bb-1, L:/127.0.0.1:53948 - R:/127.0.0.1:53949] Mapped to org.springframework.web.reactive.result.method.annotation.RequestMappingMessageConversionIntegrationTests$PersonTransformationController#transformObservable(Observable)
17:52:58.761 [reactor-http-nio-5] DEBUG o.s.w.r.r.m.a.RequestBodyMethodArgumentResolver - [865805bb-1, L:/127.0.0.1:53948 - R:/127.0.0.1:53949] Content-Type:application/json
17:52:58.762 [reactor-http-nio-5] DEBUG o.s.w.r.r.m.a.RequestBodyMethodArgumentResolver - [865805bb-1, L:/127.0.0.1:53948 - R:/127.0.0.1:53949] 0..N [org.springframework.web.reactive.result.method.annotation.RequestMappingMessageConversionIntegrationTests$Person]
17:52:58.762 [reactor-http-nio-5] DEBUG o.s.w.r.r.m.a.ResponseBodyResultHandler - [865805bb-1, L:/127.0.0.1:53948 - R:/127.0.0.1:53949] Using 'application/json' given [application/json] and supported [application/json, application/*+json, application/x-ndjson, application/x-jackson-smile, application/*+x-jackson-smile, application/xml, text/xml, application/*+xml, text/event-stream]
17:52:58.762 [reactor-http-nio-5] DEBUG o.s.w.r.r.m.a.ResponseBodyResultHandler - [865805bb-1, L:/127.0.0.1:53948 - R:/127.0.0.1:53949] 0..N [org.springframework.web.reactive.result.method.annotation.RequestMappingMessageConversionIntegrationTests$Person]
17:52:58.762 [reactor-http-nio-5] DEBUG o.s.h.c.j.Jackson2JsonDecoder - [865805bb-1, L:/127.0.0.1:53948 - R:/127.0.0.1:53949] Decoded [Person{name='Robert'}]
17:52:58.762 [reactor-http-nio-5] DEBUG o.s.h.c.j.Jackson2JsonDecoder - [865805bb-1, L:/127.0.0.1:53948 - R:/127.0.0.1:53949] Decoded [Person{name='Marie'}]
17:52:58.763 [reactor-http-nio-5] DEBUG o.s.h.c.j.Jackson2JsonEncoder - [865805bb-1, L:/127.0.0.1:53948 - R:/127.0.0.1:53949] Encoding [[Person{name='ROBERT'}, Person{name='MARIE'}]]
17:52:58.763 [Test worker] DEBUG o.s.w.c.RestTemplate - Response 200 OK
17:52:58.763 [reactor-http-nio-5] DEBUG o.s.w.s.a.HttpWebHandlerAdapter - [865805bb-1, L:/127.0.0.1:53948 - R:/127.0.0.1:53949] Completed 200 OK
17:52:58.763 [Test worker] DEBUG o.s.w.c.RestTemplate - Reading to [java.util.List<org.springframework.web.reactive.result.method.annotation.RequestMappingMessageConversionIntegrationTests$Person>]
17:52:58.764 [Test worker] DEBUG o.s.w.t.h.s.r.b.ReactorHttpServer - Stopping ReactorHttpServer...
17:52:58.764 [Test worker] DEBUG o.s.w.t.h.s.r.b.ReactorHttpServer - Server stopped (0 millis).
17:52:58.785 [Test worker] DEBUG o.s.w.r.r.m.a.RequestMappingHandlerMapping - 34 mappings in 'requestMappingHandlerMapping'
17:52:58.794 [Test worker] DEBUG o.s.w.r.r.m.a.ControllerMethodResolver - ControllerAdvice beans: none
17:52:58.795 [Test worker] DEBUG o.s.w.s.a.HttpWebHandlerAdapter - enableLoggingRequestDetails='false': form data and headers will be masked to prevent unsafe logging of potentially sensitive data
17:52:58.795 [Test worker] DEBUG o.s.w.t.h.s.r.b.TomcatHttpServer - Starting TomcatHttpServer...
17:52:58.799 [Test worker] DEBUG o.s.w.t.h.s.r.b.TomcatHttpServer - Server started on port 53950(0 millis).
17:52:58.799 [Test worker] DEBUG o.s.w.c.RestTemplate - HTTP POST http://localhost:53950/person-transform/observable
17:52:58.799 [Test worker] DEBUG o.s.w.c.RestTemplate - Accept=[application/json, application/x-jackson-smile, application/*+json]
17:52:58.799 [Test worker] DEBUG o.s.w.c.RestTemplate - Writing [[Person{name='Robert'}, Person{name='Marie'}]] as "application/json"
17:52:58.801 [http-nio-auto-30-exec-1] DEBUG o.s.w.s.a.HttpWebHandlerAdapter - [18905b53] HTTP POST "/person-transform/observable"
17:52:58.801 [http-nio-auto-30-exec-1] DEBUG o.s.w.r.r.m.a.RequestMappingHandlerMapping - [18905b53] Mapped to org.springframework.web.reactive.result.method.annotation.RequestMappingMessageConversionIntegrationTests$PersonTransformationController#transformObservable(Observable)
17:52:58.801 [http-nio-auto-30-exec-1] DEBUG o.s.w.r.r.m.a.RequestBodyMethodArgumentResolver - [18905b53] Content-Type:application/json
17:52:58.802 [http-nio-auto-30-exec-1] DEBUG o.s.w.r.r.m.a.RequestBodyMethodArgumentResolver - [18905b53] 0..N [org.springframework.web.reactive.result.method.annotation.RequestMappingMessageConversionIntegrationTests$Person]
17:52:58.802 [http-nio-auto-30-exec-1] DEBUG o.s.w.r.r.m.a.ResponseBodyResultHandler - [18905b53] Using 'application/json' given [application/json] and supported [application/json, application/*+json, application/x-ndjson, application/x-jackson-smile, application/*+x-jackson-smile, application/xml, text/xml, application/*+xml, text/event-stream]
17:52:58.802 [http-nio-auto-30-exec-1] DEBUG o.s.w.r.r.m.a.ResponseBodyResultHandler - [18905b53] 0..N [org.springframework.web.reactive.result.method.annotation.RequestMappingMessageConversionIntegrationTests$Person]
17:52:58.802 [http-nio-auto-30-exec-1] DEBUG o.s.h.c.j.Jackson2JsonDecoder - [18905b53] Decoded [Person{name='Robert'}]
17:52:58.802 [http-nio-auto-30-exec-1] DEBUG o.s.h.c.j.Jackson2JsonDecoder - [18905b53] Decoded [Person{name='Marie'}]
17:52:58.803 [http-nio-auto-30-exec-1] DEBUG o.s.h.c.j.Jackson2JsonEncoder - [18905b53] Encoding [[Person{name='ROBERT'}, Person{name='MARIE'}]]
17:52:58.803 [http-nio-auto-30-exec-1] DEBUG o.s.w.s.a.HttpWebHandlerAdapter - [18905b53] Completed 200 OK
17:52:58.803 [Test worker] DEBUG o.s.w.c.RestTemplate - Response 200 OK
17:52:58.803 [Test worker] DEBUG o.s.w.c.RestTemplate - Reading to [java.util.List<org.springframework.web.reactive.result.method.annotation.RequestMappingMessageConversionIntegrationTests$Person>]
17:52:58.804 [Test worker] DEBUG o.s.w.t.h.s.r.b.TomcatHttpServer - Stopping TomcatHttpServer...
17:53:09.955 [Test worker] DEBUG o.s.w.t.h.s.r.b.TomcatHttpServer - Server stopped (0 millis).
17:53:09.980 [Test worker] DEBUG o.s.w.r.r.m.a.RequestMappingHandlerMapping - 34 mappings in 'requestMappingHandlerMapping'
17:53:09.990 [Test worker] DEBUG o.s.w.r.r.m.a.ControllerMethodResolver - ControllerAdvice beans: none
17:53:09.991 [Test worker] DEBUG o.s.w.s.a.HttpWebHandlerAdapter - enableLoggingRequestDetails='false': form data and headers will be masked to prevent unsafe logging of potentially sensitive data
17:53:09.991 [Test worker] DEBUG o.s.w.t.h.s.r.b.UndertowHttpServer - Starting UndertowHttpServer...
17:53:09.991 [Test worker] INFO  i.undertow - starting server: Undertow - 2.2.7.Final
17:53:09.994 [Test worker] DEBUG o.s.w.t.h.s.r.b.UndertowHttpServer - Server started on port 53974(0 millis).
17:53:09.994 [Test worker] DEBUG o.s.w.c.RestTemplate - HTTP POST http://localhost:53974/person-transform/observable
17:53:09.994 [Test worker] DEBUG o.s.w.c.RestTemplate - Accept=[application/json, application/x-jackson-smile, application/*+json]
17:53:09.994 [Test worker] DEBUG o.s.w.c.RestTemplate - Writing [[Person{name='Robert'}, Person{name='Marie'}]] as "application/json"
17:53:09.996 [XNIO-30 I/O-14] DEBUG o.s.w.s.a.HttpWebHandlerAdapter - [79fccfab-30] HTTP POST "/person-transform/observable"
17:53:09.996 [XNIO-30 I/O-14] DEBUG o.s.w.r.r.m.a.RequestMappingHandlerMapping - [79fccfab-30] Mapped to org.springframework.web.reactive.result.method.annotation.RequestMappingMessageConversionIntegrationTests$PersonTransformationController#transformObservable(Observable)
17:53:09.996 [XNIO-30 I/O-14] DEBUG o.s.w.r.r.m.a.RequestBodyMethodArgumentResolver - [79fccfab-30] Content-Type:application/json
17:53:09.997 [XNIO-30 I/O-14] DEBUG o.s.w.r.r.m.a.RequestBodyMethodArgumentResolver - [79fccfab-30] 0..N [org.springframework.web.reactive.result.method.annotation.RequestMappingMessageConversionIntegrationTests$Person]
17:53:09.997 [XNIO-30 I/O-14] DEBUG o.s.w.r.r.m.a.ResponseBodyResultHandler - [79fccfab-30] Using 'application/json' given [application/json] and supported [application/json, application/*+json, application/x-ndjson, application/x-jackson-smile, application/*+x-jackson-smile, application/xml, text/xml, application/*+xml, text/event-stream]
17:53:09.997 [XNIO-30 I/O-14] DEBUG o.s.w.r.r.m.a.ResponseBodyResultHandler - [79fccfab-30] 0..N [org.springframework.web.reactive.result.method.annotation.RequestMappingMessageConversionIntegrationTests$Person]
17:53:09.997 [XNIO-30 I/O-14] DEBUG o.s.h.c.j.Jackson2JsonDecoder - [79fccfab-30] Decoded [Person{name='Robert'}]
17:53:09.998 [XNIO-30 I/O-14] DEBUG o.s.h.c.j.Jackson2JsonDecoder - [79fccfab-30] Decoded [Person{name='Marie'}]
17:53:09.998 [XNIO-30 I/O-14] DEBUG o.s.h.c.j.Jackson2JsonEncoder - [79fccfab-30] Encoding [[Person{name='ROBERT'}, Person{name='MARIE'}]]
17:53:09.998 [XNIO-30 I/O-14] DEBUG o.s.w.s.a.HttpWebHandlerAdapter - [79fccfab-30] Completed 200 OK
17:53:09.998 [Test worker] DEBUG o.s.w.c.RestTemplate - Response 200 OK
17:53:09.998 [Test worker] DEBUG o.s.w.c.RestTemplate - Reading to [java.util.List<org.springframework.web.reactive.result.method.annotation.RequestMappingMessageConversionIntegrationTests$Person>]
17:53:09.999 [Test worker] DEBUG o.s.w.t.h.s.r.b.UndertowHttpServer - Stopping UndertowHttpServer...
17:53:09.999 [Test worker] INFO  i.undertow - stopping server: Undertow - 2.2.7.Final
17:53:09.999 [Test worker] DEBUG o.s.w.t.h.s.r.b.UndertowHttpServer - Server stopped (0 millis).
17:53:10.021 [Test worker] DEBUG o.s.w.r.r.m.a.RequestMappingHandlerMapping - 34 mappings in 'requestMappingHandlerMapping'
17:53:10.030 [Test worker] DEBUG o.s.w.r.r.m.a.ControllerMethodResolver - ControllerAdvice beans: none
17:53:10.032 [Test worker] DEBUG o.s.w.s.a.HttpWebHandlerAdapter - enableLoggingRequestDetails='false': form data and headers will be masked to prevent unsafe logging of potentially sensitive data
17:53:10.032 [Test worker] WARN  o.e.j.s.h.ContextHandler - Empty contextPath
17:53:10.032 [Test worker] INFO  o.e.j.s.h.ContextHandler - Started o.e.j.s.ServletContextHandler@b5ca25d{/,null,AVAILABLE}
17:53:10.032 [Test worker] DEBUG o.s.w.t.h.s.r.b.JettyHttpServer - Starting JettyHttpServer...
17:53:10.032 [Test worker] INFO  o.e.j.s.Server - jetty-9.4.39.v20210325; built: 2021-03-25T14:42:11.471Z; git: 9fc7ca5a922f2a37b84ec9dbc26a5168cee7e667; jvm 1.8.0_181-b13
17:53:10.033 [Test worker] INFO  o.e.j.s.AbstractConnector - Started ServerConnector@765403e5{HTTP/1.1, (http/1.1)}{0.0.0.0:53976}
17:53:10.033 [Test worker] INFO  o.e.j.s.Server - Started @357071ms
17:53:10.033 [Test worker] DEBUG o.s.w.t.h.s.r.b.JettyHttpServer - Server started on port 53976(0 millis).
17:53:10.034 [Test worker] DEBUG o.s.w.c.RestTemplate - HTTP POST http://localhost:53976/person-create/publisher
17:53:10.034 [Test worker] DEBUG o.s.w.c.RestTemplate - Accept=[application/json, application/x-jackson-smile, application/*+json]
17:53:10.034 [Test worker] DEBUG o.s.w.c.RestTemplate - Writing [[Person{name='Robert'}, Person{name='Marie'}]] as "application/json"
17:53:10.035 [qtp1227163794-1418] DEBUG o.s.w.s.a.HttpWebHandlerAdapter - [4f373327] HTTP POST "/person-create/publisher"
17:53:10.035 [qtp1227163794-1418] DEBUG o.s.w.r.r.m.a.RequestMappingHandlerMapping - [4f373327] Mapped to org.springframework.web.reactive.result.method.annotation.RequestMappingMessageConversionIntegrationTests$PersonCreateController#createWithPublisher(Publisher)
17:53:10.036 [qtp1227163794-1418] DEBUG o.s.w.r.r.m.a.RequestBodyMethodArgumentResolver - [4f373327] Content-Type:application/json
17:53:10.036 [qtp1227163794-1418] DEBUG o.s.w.r.r.m.a.RequestBodyMethodArgumentResolver - [4f373327] 0..N [org.springframework.web.reactive.result.method.annotation.RequestMappingMessageConversionIntegrationTests$Person]
17:53:10.036 [qtp1227163794-1418] DEBUG o.s.h.c.j.Jackson2JsonDecoder - [4f373327] Decoded [Person{name='Robert'}]
17:53:10.036 [qtp1227163794-1418] DEBUG o.s.h.c.j.Jackson2JsonDecoder - [4f373327] Decoded [Person{name='Marie'}]
17:53:10.036 [qtp1227163794-1418] DEBUG o.s.w.s.a.HttpWebHandlerAdapter - [4f373327] Completed 200 OK
17:53:10.037 [Test worker] DEBUG o.s.w.c.RestTemplate - Response 200 OK
17:53:10.037 [Test worker] DEBUG o.s.w.t.h.s.r.b.JettyHttpServer - Stopping JettyHttpServer...
17:53:10.037 [Test worker] INFO  o.e.j.s.h.ContextHandler - Stopped o.e.j.s.ServletContextHandler@b5ca25d{/,null,STOPPED}
17:53:10.037 [Test worker] INFO  o.e.j.s.AbstractConnector - Stopped ServerConnector@765403e5{HTTP/1.1, (http/1.1)}{0.0.0.0:0}
17:53:10.038 [Test worker] DEBUG o.s.w.t.h.s.r.b.JettyHttpServer - Server stopped (0 millis).
17:53:10.059 [Test worker] DEBUG o.s.w.r.r.m.a.RequestMappingHandlerMapping - 34 mappings in 'requestMappingHandlerMapping'
17:53:10.068 [Test worker] DEBUG o.s.w.r.r.m.a.ControllerMethodResolver - ControllerAdvice beans: none
17:53:10.069 [Test worker] DEBUG o.s.w.s.a.HttpWebHandlerAdapter - enableLoggingRequestDetails='false': form data and headers will be masked to prevent unsafe logging of potentially sensitive data
17:53:10.070 [Test worker] DEBUG o.s.w.t.h.s.r.b.ReactorHttpServer - Starting ReactorHttpServer...
17:53:10.070 [Test worker] DEBUG o.s.w.t.h.s.r.b.ReactorHttpServer - Server started on port 53978(0 millis).
17:53:10.070 [Test worker] DEBUG o.s.w.c.RestTemplate - HTTP POST http://localhost:53978/person-create/publisher
17:53:10.070 [Test worker] DEBUG o.s.w.c.RestTemplate - Accept=[application/json, application/x-jackson-smile, application/*+json]
17:53:10.070 [Test worker] DEBUG o.s.w.c.RestTemplate - Writing [[Person{name='Robert'}, Person{name='Marie'}]] as "application/json"
17:53:10.075 [reactor-http-nio-7] DEBUG o.s.w.s.a.HttpWebHandlerAdapter - [2118c327-1, L:/127.0.0.1:53978 - R:/127.0.0.1:53979] HTTP POST "/person-create/publisher"
17:53:10.075 [reactor-http-nio-7] DEBUG o.s.w.r.r.m.a.RequestMappingHandlerMapping - [2118c327-1, L:/127.0.0.1:53978 - R:/127.0.0.1:53979] Mapped to org.springframework.web.reactive.result.method.annotation.RequestMappingMessageConversionIntegrationTests$PersonCreateController#createWithPublisher(Publisher)
17:53:10.076 [reactor-http-nio-7] DEBUG o.s.w.r.r.m.a.RequestBodyMethodArgumentResolver - [2118c327-1, L:/127.0.0.1:53978 - R:/127.0.0.1:53979] Content-Type:application/json
17:53:10.076 [reactor-http-nio-7] DEBUG o.s.w.r.r.m.a.RequestBodyMethodArgumentResolver - [2118c327-1, L:/127.0.0.1:53978 - R:/127.0.0.1:53979] 0..N [org.springframework.web.reactive.result.method.annotation.RequestMappingMessageConversionIntegrationTests$Person]
17:53:10.076 [reactor-http-nio-7] DEBUG o.s.h.c.j.Jackson2JsonDecoder - [2118c327-1, L:/127.0.0.1:53978 - R:/127.0.0.1:53979] Decoded [Person{name='Robert'}]
17:53:10.076 [reactor-http-nio-7] DEBUG o.s.h.c.j.Jackson2JsonDecoder - [2118c327-1, L:/127.0.0.1:53978 - R:/127.0.0.1:53979] Decoded [Person{name='Marie'}]
17:53:10.076 [reactor-http-nio-7] DEBUG o.s.w.s.a.HttpWebHandlerAdapter - [2118c327-1, L:/127.0.0.1:53978 - R:/127.0.0.1:53979] Completed 200 OK
17:53:10.077 [Test worker] DEBUG o.s.w.c.RestTemplate - Response 200 OK
17:53:10.077 [Test worker] DEBUG o.s.w.t.h.s.r.b.ReactorHttpServer - Stopping ReactorHttpServer...
17:53:10.077 [Test worker] DEBUG o.s.w.t.h.s.r.b.ReactorHttpServer - Server stopped (0 millis).
17:53:10.098 [Test worker] DEBUG o.s.w.r.r.m.a.RequestMappingHandlerMapping - 34 mappings in 'requestMappingHandlerMapping'
17:53:10.107 [Test worker] DEBUG o.s.w.r.r.m.a.ControllerMethodResolver - ControllerAdvice beans: none
17:53:10.108 [Test worker] DEBUG o.s.w.s.a.HttpWebHandlerAdapter - enableLoggingRequestDetails='false': form data and headers will be masked to prevent unsafe logging of potentially sensitive data
17:53:10.108 [Test worker] DEBUG o.s.w.t.h.s.r.b.TomcatHttpServer - Starting TomcatHttpServer...
17:53:10.113 [Test worker] DEBUG o.s.w.t.h.s.r.b.TomcatHttpServer - Server started on port 53980(0 millis).
17:53:10.113 [Test worker] DEBUG o.s.w.c.RestTemplate - HTTP POST http://localhost:53980/person-create/publisher
17:53:10.113 [Test worker] DEBUG o.s.w.c.RestTemplate - Accept=[application/json, application/x-jackson-smile, application/*+json]
17:53:10.113 [Test worker] DEBUG o.s.w.c.RestTemplate - Writing [[Person{name='Robert'}, Person{name='Marie'}]] as "application/json"
17:53:10.115 [http-nio-auto-31-exec-1] DEBUG o.s.w.s.a.HttpWebHandlerAdapter - [64c28b76] HTTP POST "/person-create/publisher"
17:53:10.115 [http-nio-auto-31-exec-1] DEBUG o.s.w.r.r.m.a.RequestMappingHandlerMapping - [64c28b76] Mapped to org.springframework.web.reactive.result.method.annotation.RequestMappingMessageConversionIntegrationTests$PersonCreateController#createWithPublisher(Publisher)
17:53:10.115 [http-nio-auto-31-exec-1] DEBUG o.s.w.r.r.m.a.RequestBodyMethodArgumentResolver - [64c28b76] Content-Type:application/json
17:53:10.115 [http-nio-auto-31-exec-1] DEBUG o.s.w.r.r.m.a.RequestBodyMethodArgumentResolver - [64c28b76] 0..N [org.springframework.web.reactive.result.method.annotation.RequestMappingMessageConversionIntegrationTests$Person]
17:53:10.116 [http-nio-auto-31-exec-1] DEBUG o.s.h.c.j.Jackson2JsonDecoder - [64c28b76] Decoded [Person{name='Robert'}]
17:53:10.116 [http-nio-auto-31-exec-1] DEBUG o.s.h.c.j.Jackson2JsonDecoder - [64c28b76] Decoded [Person{name='Marie'}]
17:53:10.116 [http-nio-auto-31-exec-1] DEBUG o.s.w.s.a.HttpWebHandlerAdapter - [64c28b76] Completed 200 OK
17:53:10.117 [Test worker] DEBUG o.s.w.c.RestTemplate - Response 200 OK
17:53:10.117 [Test worker] DEBUG o.s.w.t.h.s.r.b.TomcatHttpServer - Stopping TomcatHttpServer...
17:53:21.302 [Test worker] DEBUG o.s.w.t.h.s.r.b.TomcatHttpServer - Server stopped (0 millis).
17:53:21.333 [Test worker] DEBUG o.s.w.r.r.m.a.RequestMappingHandlerMapping - 34 mappings in 'requestMappingHandlerMapping'
17:53:21.343 [Test worker] DEBUG o.s.w.r.r.m.a.ControllerMethodResolver - ControllerAdvice beans: none
17:53:21.344 [Test worker] DEBUG o.s.w.s.a.HttpWebHandlerAdapter - enableLoggingRequestDetails='false': form data and headers will be masked to prevent unsafe logging of potentially sensitive data
17:53:21.345 [Test worker] DEBUG o.s.w.t.h.s.r.b.UndertowHttpServer - Starting UndertowHttpServer...
17:53:21.345 [Test worker] INFO  i.undertow - starting server: Undertow - 2.2.7.Final
17:53:21.348 [Test worker] DEBUG o.s.w.t.h.s.r.b.UndertowHttpServer - Server started on port 54016(0 millis).
17:53:21.348 [Test worker] DEBUG o.s.w.c.RestTemplate - HTTP POST http://localhost:54016/person-create/publisher
17:53:21.348 [Test worker] DEBUG o.s.w.c.RestTemplate - Accept=[application/json, application/x-jackson-smile, application/*+json]
17:53:21.348 [Test worker] DEBUG o.s.w.c.RestTemplate - Writing [[Person{name='Robert'}, Person{name='Marie'}]] as "application/json"
17:53:21.349 [XNIO-31 I/O-8] DEBUG o.s.w.s.a.HttpWebHandlerAdapter - [79c944b1-31] HTTP POST "/person-create/publisher"
17:53:21.350 [XNIO-31 I/O-8] DEBUG o.s.w.r.r.m.a.RequestMappingHandlerMapping - [79c944b1-31] Mapped to org.springframework.web.reactive.result.method.annotation.RequestMappingMessageConversionIntegrationTests$PersonCreateController#createWithPublisher(Publisher)
17:53:21.350 [XNIO-31 I/O-8] DEBUG o.s.w.r.r.m.a.RequestBodyMethodArgumentResolver - [79c944b1-31] Content-Type:application/json
17:53:21.350 [XNIO-31 I/O-8] DEBUG o.s.w.r.r.m.a.RequestBodyMethodArgumentResolver - [79c944b1-31] 0..N [org.springframework.web.reactive.result.method.annotation.RequestMappingMessageConversionIntegrationTests$Person]
17:53:21.351 [XNIO-31 I/O-8] DEBUG o.s.h.c.j.Jackson2JsonDecoder - [79c944b1-31] Decoded [Person{name='Robert'}]
17:53:21.351 [XNIO-31 I/O-8] DEBUG o.s.h.c.j.Jackson2JsonDecoder - [79c944b1-31] Decoded [Person{name='Marie'}]
17:53:21.351 [XNIO-31 I/O-8] DEBUG o.s.w.s.a.HttpWebHandlerAdapter - [79c944b1-31] Completed 200 OK
17:53:21.351 [Test worker] DEBUG o.s.w.c.RestTemplate - Response 200 OK
17:53:21.351 [Test worker] DEBUG o.s.w.t.h.s.r.b.UndertowHttpServer - Stopping UndertowHttpServer...
17:53:21.351 [Test worker] INFO  i.undertow - stopping server: Undertow - 2.2.7.Final
17:53:21.352 [Test worker] DEBUG o.s.w.t.h.s.r.b.UndertowHttpServer - Server stopped (0 millis).
17:53:21.372 [Test worker] DEBUG o.s.w.r.r.m.a.RequestMappingHandlerMapping - 34 mappings in 'requestMappingHandlerMapping'
17:53:21.381 [Test worker] DEBUG o.s.w.r.r.m.a.ControllerMethodResolver - ControllerAdvice beans: none
17:53:21.382 [Test worker] DEBUG o.s.w.s.a.HttpWebHandlerAdapter - enableLoggingRequestDetails='false': form data and headers will be masked to prevent unsafe logging of potentially sensitive data
17:53:21.383 [Test worker] WARN  o.e.j.s.h.ContextHandler - Empty contextPath
17:53:21.383 [Test worker] INFO  o.e.j.s.h.ContextHandler - Started o.e.j.s.ServletContextHandler@65b0bd86{/,null,AVAILABLE}
17:53:21.383 [Test worker] DEBUG o.s.w.t.h.s.r.b.JettyHttpServer - Starting JettyHttpServer...
17:53:21.383 [Test worker] INFO  o.e.j.s.Server - jetty-9.4.39.v20210325; built: 2021-03-25T14:42:11.471Z; git: 9fc7ca5a922f2a37b84ec9dbc26a5168cee7e667; jvm 1.8.0_181-b13
17:53:21.385 [Test worker] INFO  o.e.j.s.AbstractConnector - Started ServerConnector@1ae2f199{HTTP/1.1, (http/1.1)}{0.0.0.0:54018}
17:53:21.385 [Test worker] INFO  o.e.j.s.Server - Started @368422ms
17:53:21.385 [Test worker] DEBUG o.s.w.t.h.s.r.b.JettyHttpServer - Server started on port 54018(0 millis).
17:53:21.385 [Test worker] DEBUG o.s.w.c.RestTemplate - HTTP GET http://localhost:54018/person-response/mono-empty
17:53:21.385 [Test worker] DEBUG o.s.w.c.RestTemplate - Accept=[application/xml, text/xml, application/json, application/x-jackson-smile, application/*+xml, application/*+json]
17:53:21.386 [qtp538828329-1463] DEBUG o.s.w.s.a.HttpWebHandlerAdapter - [1adeda5c] HTTP GET "/person-response/mono-empty"
17:53:21.387 [qtp538828329-1463] DEBUG o.s.w.r.r.m.a.RequestMappingHandlerMapping - [1adeda5c] Mapped to org.springframework.web.reactive.result.method.annotation.RequestMappingMessageConversionIntegrationTests$PersonResponseBodyController#getMonoEmpty()
17:53:21.387 [qtp538828329-1463] DEBUG o.s.w.r.r.m.a.ResponseBodyResultHandler - [1adeda5c] Using 'application/json' given [application/json] and supported [application/json, application/*+json, application/x-ndjson, application/x-jackson-smile, application/*+x-jackson-smile, application/xml, text/xml, application/*+xml, text/event-stream]
17:53:21.387 [qtp538828329-1463] DEBUG o.s.w.r.r.m.a.ResponseBodyResultHandler - [1adeda5c] 0..1 [org.springframework.web.reactive.result.method.annotation.RequestMappingMessageConversionIntegrationTests$Person]
17:53:21.388 [qtp538828329-1463] DEBUG o.s.w.s.a.HttpWebHandlerAdapter - [1adeda5c] Completed 200 OK
17:53:21.388 [Test worker] DEBUG o.s.w.c.RestTemplate - Response 200 OK
17:53:21.388 [Test worker] DEBUG o.s.w.c.RestTemplate - HTTP GET http://localhost:54018/person-response/mono-empty
17:53:21.388 [Test worker] DEBUG o.s.w.c.RestTemplate - Accept=[application/xml, text/xml, application/json, application/x-jackson-smile, application/*+xml, application/*+json]
17:53:21.389 [qtp538828329-1452] DEBUG o.s.w.s.a.HttpWebHandlerAdapter - [7099b7e4] HTTP GET "/person-response/mono-empty"
17:53:21.389 [qtp538828329-1452] DEBUG o.s.w.r.r.m.a.RequestMappingHandlerMapping - [7099b7e4] Mapped to org.springframework.web.reactive.result.method.annotation.RequestMappingMessageConversionIntegrationTests$PersonResponseBodyController#getMonoEmpty()
17:53:21.390 [qtp538828329-1452] DEBUG o.s.w.r.r.m.a.ResponseBodyResultHandler - [7099b7e4] Using 'application/json' given [application/json] and supported [application/json, application/*+json, application/x-ndjson, application/x-jackson-smile, application/*+x-jackson-smile, application/xml, text/xml, application/*+xml, text/event-stream]
17:53:21.390 [qtp538828329-1452] DEBUG o.s.w.r.r.m.a.ResponseBodyResultHandler - [7099b7e4] 0..1 [org.springframework.web.reactive.result.method.annotation.RequestMappingMessageConversionIntegrationTests$Person]
17:53:21.390 [qtp538828329-1452] DEBUG o.s.w.s.a.HttpWebHandlerAdapter - [7099b7e4] Completed 200 OK
17:53:21.390 [Test worker] DEBUG o.s.w.c.RestTemplate - Response 200 OK
17:53:21.390 [Test worker] DEBUG o.s.w.t.h.s.r.b.JettyHttpServer - Stopping JettyHttpServer...
17:53:21.390 [Test worker] INFO  o.e.j.s.h.ContextHandler - Stopped o.e.j.s.ServletContextHandler@65b0bd86{/,null,STOPPED}
17:53:21.391 [Test worker] INFO  o.e.j.s.AbstractConnector - Stopped ServerConnector@1ae2f199{HTTP/1.1, (http/1.1)}{0.0.0.0:0}
17:53:21.391 [Test worker] DEBUG o.s.w.t.h.s.r.b.JettyHttpServer - Server stopped (0 millis).
17:53:21.411 [Test worker] DEBUG o.s.w.r.r.m.a.RequestMappingHandlerMapping - 34 mappings in 'requestMappingHandlerMapping'
17:53:21.420 [Test worker] DEBUG o.s.w.r.r.m.a.ControllerMethodResolver - ControllerAdvice beans: none
17:53:21.421 [Test worker] DEBUG o.s.w.s.a.HttpWebHandlerAdapter - enableLoggingRequestDetails='false': form data and headers will be masked to prevent unsafe logging of potentially sensitive data
17:53:21.421 [Test worker] DEBUG o.s.w.t.h.s.r.b.ReactorHttpServer - Starting ReactorHttpServer...
17:53:21.421 [Test worker] DEBUG o.s.w.t.h.s.r.b.ReactorHttpServer - Server started on port 54020(0 millis).
17:53:21.421 [Test worker] DEBUG o.s.w.c.RestTemplate - HTTP GET http://localhost:54020/person-response/mono-empty
17:53:21.422 [Test worker] DEBUG o.s.w.c.RestTemplate - Accept=[application/xml, text/xml, application/json, application/x-jackson-smile, application/*+xml, application/*+json]
17:53:21.423 [reactor-http-nio-9] DEBUG o.s.w.s.a.HttpWebHandlerAdapter - [6282e7a6-1, L:/127.0.0.1:54020 - R:/127.0.0.1:54021] HTTP GET "/person-response/mono-empty"
17:53:21.423 [reactor-http-nio-9] DEBUG o.s.w.r.r.m.a.RequestMappingHandlerMapping - [6282e7a6-1, L:/127.0.0.1:54020 - R:/127.0.0.1:54021] Mapped to org.springframework.web.reactive.result.method.annotation.RequestMappingMessageConversionIntegrationTests$PersonResponseBodyController#getMonoEmpty()
17:53:21.424 [reactor-http-nio-9] DEBUG o.s.w.r.r.m.a.ResponseBodyResultHandler - [6282e7a6-1, L:/127.0.0.1:54020 - R:/127.0.0.1:54021] Using 'application/json' given [application/json] and supported [application/json, application/*+json, application/x-ndjson, application/x-jackson-smile, application/*+x-jackson-smile, application/xml, text/xml, application/*+xml, text/event-stream]
17:53:21.424 [reactor-http-nio-9] DEBUG o.s.w.r.r.m.a.ResponseBodyResultHandler - [6282e7a6-1, L:/127.0.0.1:54020 - R:/127.0.0.1:54021] 0..1 [org.springframework.web.reactive.result.method.annotation.RequestMappingMessageConversionIntegrationTests$Person]
17:53:21.424 [reactor-http-nio-9] DEBUG o.s.w.s.a.HttpWebHandlerAdapter - [6282e7a6-1, L:/127.0.0.1:54020 - R:/127.0.0.1:54021] Completed 200 OK
17:53:21.425 [Test worker] DEBUG o.s.w.c.RestTemplate - Response 200 OK
17:53:21.425 [Test worker] DEBUG o.s.w.c.RestTemplate - HTTP GET http://localhost:54020/person-response/mono-empty
17:53:21.425 [Test worker] DEBUG o.s.w.c.RestTemplate - Accept=[application/xml, text/xml, application/json, application/x-jackson-smile, application/*+xml, application/*+json]
17:53:21.425 [reactor-http-nio-9] DEBUG o.s.w.s.a.HttpWebHandlerAdapter - [6282e7a6-2, L:/127.0.0.1:54020 - R:/127.0.0.1:54021] HTTP GET "/person-response/mono-empty"
17:53:21.425 [reactor-http-nio-9] DEBUG o.s.w.r.r.m.a.RequestMappingHandlerMapping - [6282e7a6-2, L:/127.0.0.1:54020 - R:/127.0.0.1:54021] Mapped to org.springframework.web.reactive.result.method.annotation.RequestMappingMessageConversionIntegrationTests$PersonResponseBodyController#getMonoEmpty()
17:53:21.425 [reactor-http-nio-9] DEBUG o.s.w.r.r.m.a.ResponseBodyResultHandler - [6282e7a6-2, L:/127.0.0.1:54020 - R:/127.0.0.1:54021] Using 'application/json' given [application/json] and supported [application/json, application/*+json, application/x-ndjson, application/x-jackson-smile, application/*+x-jackson-smile, application/xml, text/xml, application/*+xml, text/event-stream]
17:53:21.425 [reactor-http-nio-9] DEBUG o.s.w.r.r.m.a.ResponseBodyResultHandler - [6282e7a6-2, L:/127.0.0.1:54020 - R:/127.0.0.1:54021] 0..1 [org.springframework.web.reactive.result.method.annotation.RequestMappingMessageConversionIntegrationTests$Person]
17:53:21.426 [reactor-http-nio-9] DEBUG o.s.w.s.a.HttpWebHandlerAdapter - [6282e7a6-2, L:/127.0.0.1:54020 - R:/127.0.0.1:54021] Completed 200 OK
17:53:21.426 [Test worker] DEBUG o.s.w.c.RestTemplate - Response 200 OK
17:53:21.426 [Test worker] DEBUG o.s.w.t.h.s.r.b.ReactorHttpServer - Stopping ReactorHttpServer...
17:53:21.426 [Test worker] DEBUG o.s.w.t.h.s.r.b.ReactorHttpServer - Server stopped (0 millis).
17:53:21.447 [Test worker] DEBUG o.s.w.r.r.m.a.RequestMappingHandlerMapping - 34 mappings in 'requestMappingHandlerMapping'
17:53:21.456 [Test worker] DEBUG o.s.w.r.r.m.a.ControllerMethodResolver - ControllerAdvice beans: none
17:53:21.458 [Test worker] DEBUG o.s.w.s.a.HttpWebHandlerAdapter - enableLoggingRequestDetails='false': form data and headers will be masked to prevent unsafe logging of potentially sensitive data
17:53:21.458 [Test worker] DEBUG o.s.w.t.h.s.r.b.TomcatHttpServer - Starting TomcatHttpServer...
17:53:21.463 [Test worker] DEBUG o.s.w.t.h.s.r.b.TomcatHttpServer - Server started on port 54022(0 millis).
17:53:21.463 [Test worker] DEBUG o.s.w.c.RestTemplate - HTTP GET http://localhost:54022/person-response/mono-empty
17:53:21.463 [Test worker] DEBUG o.s.w.c.RestTemplate - Accept=[application/xml, text/xml, application/json, application/x-jackson-smile, application/*+xml, application/*+json]
17:53:21.465 [http-nio-auto-32-exec-1] DEBUG o.s.w.s.a.HttpWebHandlerAdapter - [781b8d1a] HTTP GET "/person-response/mono-empty"
17:53:21.465 [http-nio-auto-32-exec-1] DEBUG o.s.w.r.r.m.a.RequestMappingHandlerMapping - [781b8d1a] Mapped to org.springframework.web.reactive.result.method.annotation.RequestMappingMessageConversionIntegrationTests$PersonResponseBodyController#getMonoEmpty()
17:53:21.466 [http-nio-auto-32-exec-1] DEBUG o.s.w.r.r.m.a.ResponseBodyResultHandler - [781b8d1a] Using 'application/json' given [application/json] and supported [application/json, application/*+json, application/x-ndjson, application/x-jackson-smile, application/*+x-jackson-smile, application/xml, text/xml, application/*+xml, text/event-stream]
17:53:21.466 [http-nio-auto-32-exec-1] DEBUG o.s.w.r.r.m.a.ResponseBodyResultHandler - [781b8d1a] 0..1 [org.springframework.web.reactive.result.method.annotation.RequestMappingMessageConversionIntegrationTests$Person]
17:53:21.466 [http-nio-auto-32-exec-1] DEBUG o.s.w.s.a.HttpWebHandlerAdapter - [781b8d1a] Completed 200 OK
17:53:21.467 [Test worker] DEBUG o.s.w.c.RestTemplate - Response 200 OK
17:53:21.467 [Test worker] DEBUG o.s.w.c.RestTemplate - HTTP GET http://localhost:54022/person-response/mono-empty
17:53:21.467 [Test worker] DEBUG o.s.w.c.RestTemplate - Accept=[application/xml, text/xml, application/json, application/x-jackson-smile, application/*+xml, application/*+json]
17:53:21.468 [http-nio-auto-32-exec-2] DEBUG o.s.w.s.a.HttpWebHandlerAdapter - [119bc58a] HTTP GET "/person-response/mono-empty"
17:53:21.468 [http-nio-auto-32-exec-2] DEBUG o.s.w.r.r.m.a.RequestMappingHandlerMapping - [119bc58a] Mapped to org.springframework.web.reactive.result.method.annotation.RequestMappingMessageConversionIntegrationTests$PersonResponseBodyController#getMonoEmpty()
17:53:21.468 [http-nio-auto-32-exec-2] DEBUG o.s.w.r.r.m.a.ResponseBodyResultHandler - [119bc58a] Using 'application/json' given [application/json] and supported [application/json, application/*+json, application/x-ndjson, application/x-jackson-smile, application/*+x-jackson-smile, application/xml, text/xml, application/*+xml, text/event-stream]
17:53:21.468 [http-nio-auto-32-exec-2] DEBUG o.s.w.r.r.m.a.ResponseBodyResultHandler - [119bc58a] 0..1 [org.springframework.web.reactive.result.method.annotation.RequestMappingMessageConversionIntegrationTests$Person]
17:53:21.469 [http-nio-auto-32-exec-2] DEBUG o.s.w.s.a.HttpWebHandlerAdapter - [119bc58a] Completed 200 OK
17:53:21.469 [Test worker] DEBUG o.s.w.c.RestTemplate - Response 200 OK
17:53:21.469 [Test worker] DEBUG o.s.w.t.h.s.r.b.TomcatHttpServer - Stopping TomcatHttpServer...
17:53:32.693 [Test worker] DEBUG o.s.w.t.h.s.r.b.TomcatHttpServer - Server stopped (0 millis).
17:53:32.722 [Test worker] DEBUG o.s.w.r.r.m.a.RequestMappingHandlerMapping - 34 mappings in 'requestMappingHandlerMapping'
17:53:32.737 [Test worker] DEBUG o.s.w.r.r.m.a.ControllerMethodResolver - ControllerAdvice beans: none
17:53:32.738 [Test worker] DEBUG o.s.w.s.a.HttpWebHandlerAdapter - enableLoggingRequestDetails='false': form data and headers will be masked to prevent unsafe logging of potentially sensitive data
17:53:32.738 [Test worker] DEBUG o.s.w.t.h.s.r.b.UndertowHttpServer - Starting UndertowHttpServer...
17:53:32.738 [Test worker] INFO  i.undertow - starting server: Undertow - 2.2.7.Final
17:53:32.741 [Test worker] DEBUG o.s.w.t.h.s.r.b.UndertowHttpServer - Server started on port 54046(0 millis).
17:53:32.741 [Test worker] DEBUG o.s.w.c.RestTemplate - HTTP GET http://localhost:54046/person-response/mono-empty
17:53:32.741 [Test worker] DEBUG o.s.w.c.RestTemplate - Accept=[application/xml, text/xml, application/json, application/x-jackson-smile, application/*+xml, application/*+json]
17:53:32.742 [XNIO-32 I/O-11] DEBUG o.s.w.s.a.HttpWebHandlerAdapter - [67e49cd3-32] HTTP GET "/person-response/mono-empty"
17:53:32.742 [XNIO-32 I/O-11] DEBUG o.s.w.r.r.m.a.RequestMappingHandlerMapping - [67e49cd3-32] Mapped to org.springframework.web.reactive.result.method.annotation.RequestMappingMessageConversionIntegrationTests$PersonResponseBodyController#getMonoEmpty()
17:53:32.743 [XNIO-32 I/O-11] DEBUG o.s.w.r.r.m.a.ResponseBodyResultHandler - [67e49cd3-32] Using 'application/json' given [application/json] and supported [application/json, application/*+json, application/x-ndjson, application/x-jackson-smile, application/*+x-jackson-smile, application/xml, text/xml, application/*+xml, text/event-stream]
17:53:32.743 [XNIO-32 I/O-11] DEBUG o.s.w.r.r.m.a.ResponseBodyResultHandler - [67e49cd3-32] 0..1 [org.springframework.web.reactive.result.method.annotation.RequestMappingMessageConversionIntegrationTests$Person]
17:53:32.743 [XNIO-32 I/O-11] DEBUG o.s.w.s.a.HttpWebHandlerAdapter - [67e49cd3-32] Completed 200 OK
17:53:32.743 [Test worker] DEBUG o.s.w.c.RestTemplate - Response 200 OK
17:53:32.743 [Test worker] DEBUG o.s.w.c.RestTemplate - HTTP GET http://localhost:54046/person-response/mono-empty
17:53:32.743 [Test worker] DEBUG o.s.w.c.RestTemplate - Accept=[application/xml, text/xml, application/json, application/x-jackson-smile, application/*+xml, application/*+json]
17:53:32.744 [XNIO-32 I/O-11] DEBUG o.s.w.s.a.HttpWebHandlerAdapter - [67e49cd3-33] HTTP GET "/person-response/mono-empty"
17:53:32.744 [XNIO-32 I/O-11] DEBUG o.s.w.r.r.m.a.RequestMappingHandlerMapping - [67e49cd3-33] Mapped to org.springframework.web.reactive.result.method.annotation.RequestMappingMessageConversionIntegrationTests$PersonResponseBodyController#getMonoEmpty()
17:53:32.744 [XNIO-32 I/O-11] DEBUG o.s.w.r.r.m.a.ResponseBodyResultHandler - [67e49cd3-33] Using 'application/json' given [application/json] and supported [application/json, application/*+json, application/x-ndjson, application/x-jackson-smile, application/*+x-jackson-smile, application/xml, text/xml, application/*+xml, text/event-stream]
17:53:32.744 [XNIO-32 I/O-11] DEBUG o.s.w.r.r.m.a.ResponseBodyResultHandler - [67e49cd3-33] 0..1 [org.springframework.web.reactive.result.method.annotation.RequestMappingMessageConversionIntegrationTests$Person]
17:53:32.744 [XNIO-32 I/O-11] DEBUG o.s.w.s.a.HttpWebHandlerAdapter - [67e49cd3-33] Completed 200 OK
17:53:32.744 [Test worker] DEBUG o.s.w.c.RestTemplate - Response 200 OK
17:53:32.744 [Test worker] DEBUG o.s.w.t.h.s.r.b.UndertowHttpServer - Stopping UndertowHttpServer...
17:53:32.744 [Test worker] INFO  i.undertow - stopping server: Undertow - 2.2.7.Final
17:53:32.745 [Test worker] DEBUG o.s.w.t.h.s.r.b.UndertowHttpServer - Server stopped (0 millis).
17:53:32.766 [Test worker] DEBUG o.s.w.r.r.m.a.RequestMappingHandlerMapping - 34 mappings in 'requestMappingHandlerMapping'
17:53:32.775 [Test worker] DEBUG o.s.w.r.r.m.a.ControllerMethodResolver - ControllerAdvice beans: none
17:53:32.776 [Test worker] DEBUG o.s.w.s.a.HttpWebHandlerAdapter - enableLoggingRequestDetails='false': form data and headers will be masked to prevent unsafe logging of potentially sensitive data
17:53:32.776 [Test worker] WARN  o.e.j.s.h.ContextHandler - Empty contextPath
17:53:32.776 [Test worker] INFO  o.e.j.s.h.ContextHandler - Started o.e.j.s.ServletContextHandler@6662ba51{/,null,AVAILABLE}
17:53:32.776 [Test worker] DEBUG o.s.w.t.h.s.r.b.JettyHttpServer - Starting JettyHttpServer...
17:53:32.777 [Test worker] INFO  o.e.j.s.Server - jetty-9.4.39.v20210325; built: 2021-03-25T14:42:11.471Z; git: 9fc7ca5a922f2a37b84ec9dbc26a5168cee7e667; jvm 1.8.0_181-b13
17:53:32.778 [Test worker] INFO  o.e.j.s.AbstractConnector - Started ServerConnector@35cf03f0{HTTP/1.1, (http/1.1)}{0.0.0.0:54048}
17:53:32.778 [Test worker] INFO  o.e.j.s.Server - Started @379815ms
17:53:32.778 [Test worker] DEBUG o.s.w.t.h.s.r.b.JettyHttpServer - Server started on port 54048(0 millis).
17:53:32.778 [Test worker] DEBUG o.s.w.c.RestTemplate - HTTP GET http://localhost:54048/person-response/single
17:53:32.778 [Test worker] DEBUG o.s.w.c.RestTemplate - Accept=[application/xml, text/xml, application/json, application/x-jackson-smile, application/*+xml, application/*+json]
17:53:32.780 [qtp1948187945-1508] DEBUG o.s.w.s.a.HttpWebHandlerAdapter - [459d6617] HTTP GET "/person-response/single"
17:53:32.780 [qtp1948187945-1508] DEBUG o.s.w.r.r.m.a.RequestMappingHandlerMapping - [459d6617] Mapped to org.springframework.web.reactive.result.method.annotation.RequestMappingMessageConversionIntegrationTests$PersonResponseBodyController#getSingle()
17:53:32.781 [qtp1948187945-1508] DEBUG o.s.w.r.r.m.a.ResponseBodyResultHandler - [459d6617] Using 'application/json' given [application/json] and supported [application/json, application/*+json, application/x-ndjson, application/x-jackson-smile, application/*+x-jackson-smile, application/xml, text/xml, application/*+xml, text/event-stream]
17:53:32.781 [qtp1948187945-1508] DEBUG o.s.w.r.r.m.a.ResponseBodyResultHandler - [459d6617] 0..1 [org.springframework.web.reactive.result.method.annotation.RequestMappingMessageConversionIntegrationTests$Person]
17:53:32.781 [qtp1948187945-1508] DEBUG o.s.h.c.j.Jackson2JsonEncoder - [459d6617] Encoding [Person{name='Robert'}]
17:53:32.781 [Test worker] DEBUG o.s.w.c.RestTemplate - Response 200 OK
17:53:32.781 [qtp1948187945-1508] DEBUG o.s.w.s.a.HttpWebHandlerAdapter - [459d6617] Completed 200 OK
17:53:32.781 [Test worker] DEBUG o.s.w.c.RestTemplate - Reading to [org.springframework.web.reactive.result.method.annotation.RequestMappingMessageConversionIntegrationTests$Person]
17:53:32.781 [Test worker] DEBUG o.s.w.t.h.s.r.b.JettyHttpServer - Stopping JettyHttpServer...
17:53:32.781 [Test worker] INFO  o.e.j.s.h.ContextHandler - Stopped o.e.j.s.ServletContextHandler@6662ba51{/,null,STOPPED}
17:53:32.782 [Test worker] INFO  o.e.j.s.AbstractConnector - Stopped ServerConnector@35cf03f0{HTTP/1.1, (http/1.1)}{0.0.0.0:0}
17:53:32.782 [Test worker] DEBUG o.s.w.t.h.s.r.b.JettyHttpServer - Server stopped (0 millis).
17:53:32.803 [Test worker] DEBUG o.s.w.r.r.m.a.RequestMappingHandlerMapping - 34 mappings in 'requestMappingHandlerMapping'
17:53:32.812 [Test worker] DEBUG o.s.w.r.r.m.a.ControllerMethodResolver - ControllerAdvice beans: none
17:53:32.813 [Test worker] DEBUG o.s.w.s.a.HttpWebHandlerAdapter - enableLoggingRequestDetails='false': form data and headers will be masked to prevent unsafe logging of potentially sensitive data
17:53:32.814 [Test worker] DEBUG o.s.w.t.h.s.r.b.ReactorHttpServer - Starting ReactorHttpServer...
17:53:32.814 [Test worker] DEBUG o.s.w.t.h.s.r.b.ReactorHttpServer - Server started on port 54050(0 millis).
17:53:32.814 [Test worker] DEBUG o.s.w.c.RestTemplate - HTTP GET http://localhost:54050/person-response/single
17:53:32.815 [Test worker] DEBUG o.s.w.c.RestTemplate - Accept=[application/xml, text/xml, application/json, application/x-jackson-smile, application/*+xml, application/*+json]
17:53:32.816 [reactor-http-nio-11] DEBUG o.s.w.s.a.HttpWebHandlerAdapter - [5e5a10ce-1, L:/127.0.0.1:54050 - R:/127.0.0.1:54051] HTTP GET "/person-response/single"
17:53:32.816 [reactor-http-nio-11] DEBUG o.s.w.r.r.m.a.RequestMappingHandlerMapping - [5e5a10ce-1, L:/127.0.0.1:54050 - R:/127.0.0.1:54051] Mapped to org.springframework.web.reactive.result.method.annotation.RequestMappingMessageConversionIntegrationTests$PersonResponseBodyController#getSingle()
17:53:32.816 [reactor-http-nio-11] DEBUG o.s.w.r.r.m.a.ResponseBodyResultHandler - [5e5a10ce-1, L:/127.0.0.1:54050 - R:/127.0.0.1:54051] Using 'application/json' given [application/json] and supported [application/json, application/*+json, application/x-ndjson, application/x-jackson-smile, application/*+x-jackson-smile, application/xml, text/xml, application/*+xml, text/event-stream]
17:53:32.816 [reactor-http-nio-11] DEBUG o.s.w.r.r.m.a.ResponseBodyResultHandler - [5e5a10ce-1, L:/127.0.0.1:54050 - R:/127.0.0.1:54051] 0..1 [org.springframework.web.reactive.result.method.annotation.RequestMappingMessageConversionIntegrationTests$Person]
17:53:32.817 [reactor-http-nio-11] DEBUG o.s.h.c.j.Jackson2JsonEncoder - [5e5a10ce-1, L:/127.0.0.1:54050 - R:/127.0.0.1:54051] Encoding [Person{name='Robert'}]
17:53:32.817 [Test worker] DEBUG o.s.w.c.RestTemplate - Response 200 OK
17:53:32.817 [reactor-http-nio-11] DEBUG o.s.w.s.a.HttpWebHandlerAdapter - [5e5a10ce-1, L:/127.0.0.1:54050 - R:/127.0.0.1:54051] Completed 200 OK
17:53:32.817 [Test worker] DEBUG o.s.w.c.RestTemplate - Reading to [org.springframework.web.reactive.result.method.annotation.RequestMappingMessageConversionIntegrationTests$Person]
17:53:32.818 [Test worker] DEBUG o.s.w.t.h.s.r.b.ReactorHttpServer - Stopping ReactorHttpServer...
17:53:32.818 [Test worker] DEBUG o.s.w.t.h.s.r.b.ReactorHttpServer - Server stopped (0 millis).
17:53:32.838 [Test worker] DEBUG o.s.w.r.r.m.a.RequestMappingHandlerMapping - 34 mappings in 'requestMappingHandlerMapping'
17:53:32.847 [Test worker] DEBUG o.s.w.r.r.m.a.ControllerMethodResolver - ControllerAdvice beans: none
17:53:32.848 [Test worker] DEBUG o.s.w.s.a.HttpWebHandlerAdapter - enableLoggingRequestDetails='false': form data and headers will be masked to prevent unsafe logging of potentially sensitive data
17:53:32.849 [Test worker] DEBUG o.s.w.t.h.s.r.b.TomcatHttpServer - Starting TomcatHttpServer...
17:53:32.852 [Test worker] DEBUG o.s.w.t.h.s.r.b.TomcatHttpServer - Server started on port 54052(0 millis).
17:53:32.852 [Test worker] DEBUG o.s.w.c.RestTemplate - HTTP GET http://localhost:54052/person-response/single
17:53:32.853 [Test worker] DEBUG o.s.w.c.RestTemplate - Accept=[application/xml, text/xml, application/json, application/x-jackson-smile, application/*+xml, application/*+json]
17:53:32.854 [http-nio-auto-33-exec-1] DEBUG o.s.w.s.a.HttpWebHandlerAdapter - [bc50524] HTTP GET "/person-response/single"
17:53:32.855 [http-nio-auto-33-exec-1] DEBUG o.s.w.r.r.m.a.RequestMappingHandlerMapping - [bc50524] Mapped to org.springframework.web.reactive.result.method.annotation.RequestMappingMessageConversionIntegrationTests$PersonResponseBodyController#getSingle()
17:53:32.855 [http-nio-auto-33-exec-1] DEBUG o.s.w.r.r.m.a.ResponseBodyResultHandler - [bc50524] Using 'application/json' given [application/json] and supported [application/json, application/*+json, application/x-ndjson, application/x-jackson-smile, application/*+x-jackson-smile, application/xml, text/xml, application/*+xml, text/event-stream]
17:53:32.855 [http-nio-auto-33-exec-1] DEBUG o.s.w.r.r.m.a.ResponseBodyResultHandler - [bc50524] 0..1 [org.springframework.web.reactive.result.method.annotation.RequestMappingMessageConversionIntegrationTests$Person]
17:53:32.855 [http-nio-auto-33-exec-1] DEBUG o.s.h.c.j.Jackson2JsonEncoder - [bc50524] Encoding [Person{name='Robert'}]
17:53:32.856 [http-nio-auto-33-exec-1] DEBUG o.s.w.s.a.HttpWebHandlerAdapter - [bc50524] Completed 200 OK
17:53:32.856 [Test worker] DEBUG o.s.w.c.RestTemplate - Response 200 OK
17:53:32.856 [Test worker] DEBUG o.s.w.c.RestTemplate - Reading to [org.springframework.web.reactive.result.method.annotation.RequestMappingMessageConversionIntegrationTests$Person]
17:53:32.856 [Test worker] DEBUG o.s.w.t.h.s.r.b.TomcatHttpServer - Stopping TomcatHttpServer...
17:53:44.043 [Test worker] DEBUG o.s.w.t.h.s.r.b.TomcatHttpServer - Server stopped (0 millis).
17:53:44.072 [Test worker] DEBUG o.s.w.r.r.m.a.RequestMappingHandlerMapping - 34 mappings in 'requestMappingHandlerMapping'
17:53:44.082 [Test worker] DEBUG o.s.w.r.r.m.a.ControllerMethodResolver - ControllerAdvice beans: none
17:53:44.084 [Test worker] DEBUG o.s.w.s.a.HttpWebHandlerAdapter - enableLoggingRequestDetails='false': form data and headers will be masked to prevent unsafe logging of potentially sensitive data
17:53:44.084 [Test worker] DEBUG o.s.w.t.h.s.r.b.UndertowHttpServer - Starting UndertowHttpServer...
17:53:44.084 [Test worker] INFO  i.undertow - starting server: Undertow - 2.2.7.Final
17:53:44.086 [Test worker] DEBUG o.s.w.t.h.s.r.b.UndertowHttpServer - Server started on port 54095(0 millis).
17:53:44.086 [Test worker] DEBUG o.s.w.c.RestTemplate - HTTP GET http://localhost:54095/person-response/single
17:53:44.087 [Test worker] DEBUG o.s.w.c.RestTemplate - Accept=[application/xml, text/xml, application/json, application/x-jackson-smile, application/*+xml, application/*+json]
17:53:44.089 [XNIO-33 I/O-13] DEBUG o.s.w.s.a.HttpWebHandlerAdapter - [1ff768cf-34] HTTP GET "/person-response/single"
17:53:44.089 [XNIO-33 I/O-13] DEBUG o.s.w.r.r.m.a.RequestMappingHandlerMapping - [1ff768cf-34] Mapped to org.springframework.web.reactive.result.method.annotation.RequestMappingMessageConversionIntegrationTests$PersonResponseBodyController#getSingle()
17:53:44.090 [XNIO-33 I/O-13] DEBUG o.s.w.r.r.m.a.ResponseBodyResultHandler - [1ff768cf-34] Using 'application/json' given [application/json] and supported [application/json, application/*+json, application/x-ndjson, application/x-jackson-smile, application/*+x-jackson-smile, application/xml, text/xml, application/*+xml, text/event-stream]
17:53:44.090 [XNIO-33 I/O-13] DEBUG o.s.w.r.r.m.a.ResponseBodyResultHandler - [1ff768cf-34] 0..1 [org.springframework.web.reactive.result.method.annotation.RequestMappingMessageConversionIntegrationTests$Person]
17:53:44.090 [XNIO-33 I/O-13] DEBUG o.s.h.c.j.Jackson2JsonEncoder - [1ff768cf-34] Encoding [Person{name='Robert'}]
17:53:44.090 [XNIO-33 I/O-13] DEBUG o.s.w.s.a.HttpWebHandlerAdapter - [1ff768cf-34] Completed 200 OK
17:53:44.091 [Test worker] DEBUG o.s.w.c.RestTemplate - Response 200 OK
17:53:44.091 [Test worker] DEBUG o.s.w.c.RestTemplate - Reading to [org.springframework.web.reactive.result.method.annotation.RequestMappingMessageConversionIntegrationTests$Person]
17:53:44.091 [Test worker] DEBUG o.s.w.t.h.s.r.b.UndertowHttpServer - Stopping UndertowHttpServer...
17:53:44.091 [Test worker] INFO  i.undertow - stopping server: Undertow - 2.2.7.Final
17:53:44.092 [Test worker] DEBUG o.s.w.t.h.s.r.b.UndertowHttpServer - Server stopped (0 millis).
17:53:44.117 [Test worker] DEBUG o.s.w.r.r.m.a.RequestMappingHandlerMapping - 34 mappings in 'requestMappingHandlerMapping'
17:53:44.127 [Test worker] DEBUG o.s.w.r.r.m.a.ControllerMethodResolver - ControllerAdvice beans: none
17:53:44.128 [Test worker] DEBUG o.s.w.s.a.HttpWebHandlerAdapter - enableLoggingRequestDetails='false': form data and headers will be masked to prevent unsafe logging of potentially sensitive data
17:53:44.128 [Test worker] WARN  o.e.j.s.h.ContextHandler - Empty contextPath
17:53:44.128 [Test worker] INFO  o.e.j.s.h.ContextHandler - Started o.e.j.s.ServletContextHandler@24f35faf{/,null,AVAILABLE}
17:53:44.129 [Test worker] DEBUG o.s.w.t.h.s.r.b.JettyHttpServer - Starting JettyHttpServer...
17:53:44.129 [Test worker] INFO  o.e.j.s.Server - jetty-9.4.39.v20210325; built: 2021-03-25T14:42:11.471Z; git: 9fc7ca5a922f2a37b84ec9dbc26a5168cee7e667; jvm 1.8.0_181-b13
17:53:44.130 [Test worker] INFO  o.e.j.s.AbstractConnector - Started ServerConnector@1d9e7b5e{HTTP/1.1, (http/1.1)}{0.0.0.0:54097}
17:53:44.131 [Test worker] INFO  o.e.j.s.Server - Started @391167ms
17:53:44.131 [Test worker] DEBUG o.s.w.t.h.s.r.b.JettyHttpServer - Server started on port 54097(0 millis).
17:53:44.131 [Test worker] DEBUG o.s.w.c.RestTemplate - HTTP POST http://localhost:54097/23791
17:53:44.131 [Test worker] DEBUG o.s.w.c.RestTemplate - Accept=[text/plain, application/json, application/x-jackson-smile, application/*+json, */*]
17:53:44.131 [Test worker] DEBUG o.s.w.c.RestTemplate - Writing [Person{name='Robert'}] as "application/json"
17:53:44.133 [qtp28706781-1553] DEBUG o.s.w.s.a.HttpWebHandlerAdapter - [2e6bec2f] HTTP POST "/23791"
17:53:44.133 [qtp28706781-1553] DEBUG o.s.w.r.r.m.a.RequestMappingHandlerMapping - [2e6bec2f] Mapped to org.springframework.web.reactive.result.method.annotation.RequestMappingMessageConversionIntegrationTests$ConcreteController23791#test(Mono)
17:53:44.134 [qtp28706781-1553] DEBUG o.s.w.r.r.m.a.RequestBodyMethodArgumentResolver - [2e6bec2f] Content-Type:application/json
17:53:44.138 [qtp28706781-1553] DEBUG o.s.w.r.r.m.a.RequestBodyMethodArgumentResolver - [2e6bec2f] 0..1 [org.springframework.web.reactive.result.method.annotation.RequestMappingMessageConversionIntegrationTests$Person]
17:53:44.139 [qtp28706781-1553] DEBUG o.s.w.r.r.m.a.ResponseBodyResultHandler - [2e6bec2f] Using 'text/plain;charset=UTF-8' given [text/plain, application/json, application/x-jackson-smile, application/*+json, */*] and supported [text/plain;charset=UTF-8, text/event-stream, text/plain;charset=UTF-8, */*]
17:53:44.140 [qtp28706781-1553] DEBUG o.s.w.r.r.m.a.ResponseBodyResultHandler - [2e6bec2f] 0..1 [java.lang.String]
17:53:44.140 [qtp28706781-1553] DEBUG o.s.h.c.j.Jackson2JsonDecoder - [2e6bec2f] Decoded [Person{name='Robert'}]
17:53:44.140 [qtp28706781-1553] DEBUG o.s.c.c.CharSequenceEncoder - [2e6bec2f] Writing "Person"
17:53:44.141 [Test worker] DEBUG o.s.w.c.RestTemplate - Response 200 OK
17:53:44.141 [qtp28706781-1553] DEBUG o.s.w.s.a.HttpWebHandlerAdapter - [2e6bec2f] Completed 200 OK
17:53:44.141 [Test worker] DEBUG o.s.w.c.RestTemplate - Reading to [java.lang.String] as "text/plain;charset=utf-8"
17:53:44.141 [Test worker] DEBUG o.s.w.t.h.s.r.b.JettyHttpServer - Stopping JettyHttpServer...
17:53:44.141 [Test worker] INFO  o.e.j.s.h.ContextHandler - Stopped o.e.j.s.ServletContextHandler@24f35faf{/,null,STOPPED}
17:53:44.142 [Test worker] INFO  o.e.j.s.AbstractConnector - Stopped ServerConnector@1d9e7b5e{HTTP/1.1, (http/1.1)}{0.0.0.0:0}
17:53:44.143 [Test worker] DEBUG o.s.w.t.h.s.r.b.JettyHttpServer - Server stopped (0 millis).
17:53:44.167 [Test worker] DEBUG o.s.w.r.r.m.a.RequestMappingHandlerMapping - 34 mappings in 'requestMappingHandlerMapping'
17:53:44.184 [Test worker] DEBUG o.s.w.r.r.m.a.ControllerMethodResolver - ControllerAdvice beans: none
17:53:44.187 [Test worker] DEBUG o.s.w.s.a.HttpWebHandlerAdapter - enableLoggingRequestDetails='false': form data and headers will be masked to prevent unsafe logging of potentially sensitive data
17:53:44.187 [Test worker] DEBUG o.s.w.t.h.s.r.b.ReactorHttpServer - Starting ReactorHttpServer...
17:53:44.188 [Test worker] DEBUG o.s.w.t.h.s.r.b.ReactorHttpServer - Server started on port 54099(0 millis).
17:53:44.188 [Test worker] DEBUG o.s.w.c.RestTemplate - HTTP POST http://localhost:54099/23791
17:53:44.188 [Test worker] DEBUG o.s.w.c.RestTemplate - Accept=[text/plain, application/json, application/x-jackson-smile, application/*+json, */*]
17:53:44.189 [Test worker] DEBUG o.s.w.c.RestTemplate - Writing [Person{name='Robert'}] as "application/json"
17:53:44.191 [reactor-http-nio-13] DEBUG o.s.w.s.a.HttpWebHandlerAdapter - [97baffee-1, L:/127.0.0.1:54099 - R:/127.0.0.1:54100] HTTP POST "/23791"
17:53:44.191 [reactor-http-nio-13] DEBUG o.s.w.r.r.m.a.RequestMappingHandlerMapping - [97baffee-1, L:/127.0.0.1:54099 - R:/127.0.0.1:54100] Mapped to org.springframework.web.reactive.result.method.annotation.RequestMappingMessageConversionIntegrationTests$ConcreteController23791#test(Mono)
17:53:44.191 [reactor-http-nio-13] DEBUG o.s.w.r.r.m.a.RequestBodyMethodArgumentResolver - [97baffee-1, L:/127.0.0.1:54099 - R:/127.0.0.1:54100] Content-Type:application/json
17:53:44.192 [reactor-http-nio-13] DEBUG o.s.w.r.r.m.a.RequestBodyMethodArgumentResolver - [97baffee-1, L:/127.0.0.1:54099 - R:/127.0.0.1:54100] 0..1 [org.springframework.web.reactive.result.method.annotation.RequestMappingMessageConversionIntegrationTests$Person]
17:53:44.192 [reactor-http-nio-13] DEBUG o.s.w.r.r.m.a.ResponseBodyResultHandler - [97baffee-1, L:/127.0.0.1:54099 - R:/127.0.0.1:54100] Using 'text/plain;charset=UTF-8' given [text/plain, application/json, application/x-jackson-smile, application/*+json, */*] and supported [text/plain;charset=UTF-8, text/event-stream, text/plain;charset=UTF-8, */*]
17:53:44.192 [reactor-http-nio-13] DEBUG o.s.w.r.r.m.a.ResponseBodyResultHandler - [97baffee-1, L:/127.0.0.1:54099 - R:/127.0.0.1:54100] 0..1 [java.lang.String]
17:53:44.193 [reactor-http-nio-13] DEBUG o.s.h.c.j.Jackson2JsonDecoder - [97baffee-1, L:/127.0.0.1:54099 - R:/127.0.0.1:54100] Decoded [Person{name='Robert'}]
17:53:44.193 [reactor-http-nio-13] DEBUG o.s.c.c.CharSequenceEncoder - [97baffee-1, L:/127.0.0.1:54099 - R:/127.0.0.1:54100] Writing "Person"
17:53:44.194 [Test worker] DEBUG o.s.w.c.RestTemplate - Response 200 OK
17:53:44.194 [reactor-http-nio-13] DEBUG o.s.w.s.a.HttpWebHandlerAdapter - [97baffee-1, L:/127.0.0.1:54099 - R:/127.0.0.1:54100] Completed 200 OK
17:53:44.194 [Test worker] DEBUG o.s.w.c.RestTemplate - Reading to [java.lang.String] as "text/plain;charset=UTF-8"
17:53:44.194 [Test worker] DEBUG o.s.w.t.h.s.r.b.ReactorHttpServer - Stopping ReactorHttpServer...
17:53:44.194 [Test worker] DEBUG o.s.w.t.h.s.r.b.ReactorHttpServer - Server stopped (0 millis).
17:53:44.222 [Test worker] DEBUG o.s.w.r.r.m.a.RequestMappingHandlerMapping - 34 mappings in 'requestMappingHandlerMapping'
17:53:44.231 [Test worker] DEBUG o.s.w.r.r.m.a.ControllerMethodResolver - ControllerAdvice beans: none
17:53:44.233 [Test worker] DEBUG o.s.w.s.a.HttpWebHandlerAdapter - enableLoggingRequestDetails='false': form data and headers will be masked to prevent unsafe logging of potentially sensitive data
17:53:44.233 [Test worker] DEBUG o.s.w.t.h.s.r.b.TomcatHttpServer - Starting TomcatHttpServer...
17:53:44.238 [Test worker] DEBUG o.s.w.t.h.s.r.b.TomcatHttpServer - Server started on port 54101(0 millis).
17:53:44.238 [Test worker] DEBUG o.s.w.c.RestTemplate - HTTP POST http://localhost:54101/23791
17:53:44.238 [Test worker] DEBUG o.s.w.c.RestTemplate - Accept=[text/plain, application/json, application/x-jackson-smile, application/*+json, */*]
17:53:44.238 [Test worker] DEBUG o.s.w.c.RestTemplate - Writing [Person{name='Robert'}] as "application/json"
17:53:44.241 [http-nio-auto-34-exec-1] DEBUG o.s.w.s.a.HttpWebHandlerAdapter - [50c36aff] HTTP POST "/23791"
17:53:44.241 [http-nio-auto-34-exec-1] DEBUG o.s.w.r.r.m.a.RequestMappingHandlerMapping - [50c36aff] Mapped to org.springframework.web.reactive.result.method.annotation.RequestMappingMessageConversionIntegrationTests$ConcreteController23791#test(Mono)
17:53:44.242 [http-nio-auto-34-exec-1] DEBUG o.s.w.r.r.m.a.RequestBodyMethodArgumentResolver - [50c36aff] Content-Type:application/json
17:53:44.242 [http-nio-auto-34-exec-1] DEBUG o.s.w.r.r.m.a.RequestBodyMethodArgumentResolver - [50c36aff] 0..1 [org.springframework.web.reactive.result.method.annotation.RequestMappingMessageConversionIntegrationTests$Person]
17:53:44.242 [http-nio-auto-34-exec-1] DEBUG o.s.w.r.r.m.a.ResponseBodyResultHandler - [50c36aff] Using 'text/plain;charset=UTF-8' given [text/plain, application/json, application/x-jackson-smile, application/*+json, */*] and supported [text/plain;charset=UTF-8, text/event-stream, text/plain;charset=UTF-8, */*]
17:53:44.242 [http-nio-auto-34-exec-1] DEBUG o.s.w.r.r.m.a.ResponseBodyResultHandler - [50c36aff] 0..1 [java.lang.String]
17:53:44.243 [http-nio-auto-34-exec-1] DEBUG o.s.h.c.j.Jackson2JsonDecoder - [50c36aff] Decoded [Person{name='Robert'}]
17:53:44.243 [http-nio-auto-34-exec-1] DEBUG o.s.c.c.CharSequenceEncoder - [50c36aff] Writing "Person"
17:53:44.244 [http-nio-auto-34-exec-1] DEBUG o.s.w.s.a.HttpWebHandlerAdapter - [50c36aff] Completed 200 OK
17:53:44.244 [Test worker] DEBUG o.s.w.c.RestTemplate - Response 200 OK
17:53:44.244 [Test worker] DEBUG o.s.w.c.RestTemplate - Reading to [java.lang.String] as "text/plain;charset=UTF-8"
17:53:44.245 [Test worker] DEBUG o.s.w.t.h.s.r.b.TomcatHttpServer - Stopping TomcatHttpServer...
17:53:55.340 [Test worker] DEBUG o.s.w.t.h.s.r.b.TomcatHttpServer - Server stopped (0 millis).
17:53:55.365 [Test worker] DEBUG o.s.w.r.r.m.a.RequestMappingHandlerMapping - 34 mappings in 'requestMappingHandlerMapping'
17:53:55.375 [Test worker] DEBUG o.s.w.r.r.m.a.ControllerMethodResolver - ControllerAdvice beans: none
17:53:55.376 [Test worker] DEBUG o.s.w.s.a.HttpWebHandlerAdapter - enableLoggingRequestDetails='false': form data and headers will be masked to prevent unsafe logging of potentially sensitive data
17:53:55.376 [Test worker] DEBUG o.s.w.t.h.s.r.b.UndertowHttpServer - Starting UndertowHttpServer...
17:53:55.376 [Test worker] INFO  i.undertow - starting server: Undertow - 2.2.7.Final
17:53:55.379 [Test worker] DEBUG o.s.w.t.h.s.r.b.UndertowHttpServer - Server started on port 54132(0 millis).
17:53:55.379 [Test worker] DEBUG o.s.w.c.RestTemplate - HTTP POST http://localhost:54132/23791
17:53:55.379 [Test worker] DEBUG o.s.w.c.RestTemplate - Accept=[text/plain, application/json, application/x-jackson-smile, application/*+json, */*]
17:53:55.379 [Test worker] DEBUG o.s.w.c.RestTemplate - Writing [Person{name='Robert'}] as "application/json"
17:53:55.380 [XNIO-34 I/O-13] DEBUG o.s.w.s.a.HttpWebHandlerAdapter - [5651b708-35] HTTP POST "/23791"
17:53:55.381 [XNIO-34 I/O-13] DEBUG o.s.w.r.r.m.a.RequestMappingHandlerMapping - [5651b708-35] Mapped to org.springframework.web.reactive.result.method.annotation.RequestMappingMessageConversionIntegrationTests$ConcreteController23791#test(Mono)
17:53:55.381 [XNIO-34 I/O-13] DEBUG o.s.w.r.r.m.a.RequestBodyMethodArgumentResolver - [5651b708-35] Content-Type:application/json
17:53:55.381 [XNIO-34 I/O-13] DEBUG o.s.w.r.r.m.a.RequestBodyMethodArgumentResolver - [5651b708-35] 0..1 [org.springframework.web.reactive.result.method.annotation.RequestMappingMessageConversionIntegrationTests$Person]
17:53:55.381 [XNIO-34 I/O-13] DEBUG o.s.w.r.r.m.a.ResponseBodyResultHandler - [5651b708-35] Using 'text/plain;charset=UTF-8' given [text/plain, application/json, application/x-jackson-smile, application/*+json, */*] and supported [text/plain;charset=UTF-8, text/event-stream, text/plain;charset=UTF-8, */*]
17:53:55.381 [XNIO-34 I/O-13] DEBUG o.s.w.r.r.m.a.ResponseBodyResultHandler - [5651b708-35] 0..1 [java.lang.String]
17:53:55.382 [XNIO-34 I/O-13] DEBUG o.s.h.c.j.Jackson2JsonDecoder - [5651b708-35] Decoded [Person{name='Robert'}]
17:53:55.382 [XNIO-34 I/O-13] DEBUG o.s.c.c.CharSequenceEncoder - [5651b708-35] Writing "Person"
17:53:55.382 [XNIO-34 I/O-13] DEBUG o.s.w.s.a.HttpWebHandlerAdapter - [5651b708-35] Completed 200 OK
17:53:55.382 [Test worker] DEBUG o.s.w.c.RestTemplate - Response 200 OK
17:53:55.382 [Test worker] DEBUG o.s.w.c.RestTemplate - Reading to [java.lang.String] as "text/plain;charset=UTF-8"
17:53:55.382 [Test worker] DEBUG o.s.w.t.h.s.r.b.UndertowHttpServer - Stopping UndertowHttpServer...
17:53:55.382 [Test worker] INFO  i.undertow - stopping server: Undertow - 2.2.7.Final
17:53:55.383 [Test worker] DEBUG o.s.w.t.h.s.r.b.UndertowHttpServer - Server stopped (0 millis).
17:53:55.405 [Test worker] DEBUG o.s.w.r.r.m.a.RequestMappingHandlerMapping - 34 mappings in 'requestMappingHandlerMapping'
17:53:55.414 [Test worker] DEBUG o.s.w.r.r.m.a.ControllerMethodResolver - ControllerAdvice beans: none
17:53:55.415 [Test worker] DEBUG o.s.w.s.a.HttpWebHandlerAdapter - enableLoggingRequestDetails='false': form data and headers will be masked to prevent unsafe logging of potentially sensitive data
17:53:55.416 [Test worker] WARN  o.e.j.s.h.ContextHandler - Empty contextPath
17:53:55.416 [Test worker] INFO  o.e.j.s.h.ContextHandler - Started o.e.j.s.ServletContextHandler@1275a29d{/,null,AVAILABLE}
17:53:55.416 [Test worker] DEBUG o.s.w.t.h.s.r.b.JettyHttpServer - Starting JettyHttpServer...
17:53:55.416 [Test worker] INFO  o.e.j.s.Server - jetty-9.4.39.v20210325; built: 2021-03-25T14:42:11.471Z; git: 9fc7ca5a922f2a37b84ec9dbc26a5168cee7e667; jvm 1.8.0_181-b13
17:53:55.418 [Test worker] INFO  o.e.j.s.AbstractConnector - Started ServerConnector@5d5e114{HTTP/1.1, (http/1.1)}{0.0.0.0:54134}
17:53:55.418 [Test worker] INFO  o.e.j.s.Server - Started @402455ms
17:53:55.418 [Test worker] DEBUG o.s.w.t.h.s.r.b.JettyHttpServer - Server started on port 54134(0 millis).
17:53:55.418 [Test worker] DEBUG o.s.w.c.RestTemplate - HTTP POST http://localhost:54134/person-transform/maybe
17:53:55.419 [Test worker] DEBUG o.s.w.c.RestTemplate - Accept=[application/xml, text/xml, application/json, application/x-jackson-smile, application/*+xml, application/*+json]
17:53:55.420 [Test worker] DEBUG o.s.w.c.RestTemplate - Writing [Person{name='Robert'}] as "application/json"
17:53:55.421 [qtp273610687-1598] DEBUG o.s.w.s.a.HttpWebHandlerAdapter - [5b0f31ae] HTTP POST "/person-transform/maybe"
17:53:55.421 [qtp273610687-1598] DEBUG o.s.w.r.r.m.a.RequestMappingHandlerMapping - [5b0f31ae] Mapped to org.springframework.web.reactive.result.method.annotation.RequestMappingMessageConversionIntegrationTests$PersonTransformationController#transformMaybe(Maybe)
17:53:55.421 [qtp273610687-1598] DEBUG o.s.w.r.r.m.a.RequestBodyMethodArgumentResolver - [5b0f31ae] Content-Type:application/json
17:53:55.421 [qtp273610687-1598] DEBUG o.s.w.r.r.m.a.RequestBodyMethodArgumentResolver - [5b0f31ae] 0..1 [org.springframework.web.reactive.result.method.annotation.RequestMappingMessageConversionIntegrationTests$Person]
17:53:55.422 [qtp273610687-1598] DEBUG o.s.w.r.r.m.a.ResponseBodyResultHandler - [5b0f31ae] Using 'application/json' given [application/json] and supported [application/json, application/*+json, application/x-ndjson, application/x-jackson-smile, application/*+x-jackson-smile, application/xml, text/xml, application/*+xml, text/event-stream]
17:53:55.422 [qtp273610687-1598] DEBUG o.s.w.r.r.m.a.ResponseBodyResultHandler - [5b0f31ae] 0..1 [org.springframework.web.reactive.result.method.annotation.RequestMappingMessageConversionIntegrationTests$Person]
17:53:55.424 [qtp273610687-1598] DEBUG o.s.h.c.j.Jackson2JsonDecoder - [5b0f31ae] Decoded [Person{name='Robert'}]
17:53:55.424 [qtp273610687-1598] DEBUG o.s.h.c.j.Jackson2JsonEncoder - [5b0f31ae] Encoding [Person{name='ROBERT'}]
17:53:55.424 [qtp273610687-1598] DEBUG o.s.w.s.a.HttpWebHandlerAdapter - [5b0f31ae] Completed 200 OK
17:53:55.424 [Test worker] DEBUG o.s.w.c.RestTemplate - Response 200 OK
17:53:55.424 [Test worker] DEBUG o.s.w.c.RestTemplate - Reading to [org.springframework.web.reactive.result.method.annotation.RequestMappingMessageConversionIntegrationTests$Person]
17:53:55.425 [Test worker] DEBUG o.s.w.t.h.s.r.b.JettyHttpServer - Stopping JettyHttpServer...
17:53:55.425 [Test worker] INFO  o.e.j.s.h.ContextHandler - Stopped o.e.j.s.ServletContextHandler@1275a29d{/,null,STOPPED}
17:53:55.425 [Test worker] INFO  o.e.j.s.AbstractConnector - Stopped ServerConnector@5d5e114{HTTP/1.1, (http/1.1)}{0.0.0.0:0}
17:53:55.426 [Test worker] DEBUG o.s.w.t.h.s.r.b.JettyHttpServer - Server stopped (0 millis).
17:53:55.445 [Test worker] DEBUG o.s.w.r.r.m.a.RequestMappingHandlerMapping - 34 mappings in 'requestMappingHandlerMapping'
17:53:55.453 [Test worker] DEBUG o.s.w.r.r.m.a.ControllerMethodResolver - ControllerAdvice beans: none
17:53:55.455 [Test worker] DEBUG o.s.w.s.a.HttpWebHandlerAdapter - enableLoggingRequestDetails='false': form data and headers will be masked to prevent unsafe logging of potentially sensitive data
17:53:55.455 [Test worker] DEBUG o.s.w.t.h.s.r.b.ReactorHttpServer - Starting ReactorHttpServer...
17:53:55.456 [Test worker] DEBUG o.s.w.t.h.s.r.b.ReactorHttpServer - Server started on port 54136(0 millis).
17:53:55.456 [Test worker] DEBUG o.s.w.c.RestTemplate - HTTP POST http://localhost:54136/person-transform/maybe
17:53:55.457 [Test worker] DEBUG o.s.w.c.RestTemplate - Accept=[application/xml, text/xml, application/json, application/x-jackson-smile, application/*+xml, application/*+json]
17:53:55.457 [Test worker] DEBUG o.s.w.c.RestTemplate - Writing [Person{name='Robert'}] as "application/json"
17:53:55.459 [reactor-http-nio-15] DEBUG o.s.w.s.a.HttpWebHandlerAdapter - [5efaacb5-1, L:/127.0.0.1:54136 - R:/127.0.0.1:54137] HTTP POST "/person-transform/maybe"
17:53:55.459 [reactor-http-nio-15] DEBUG o.s.w.r.r.m.a.RequestMappingHandlerMapping - [5efaacb5-1, L:/127.0.0.1:54136 - R:/127.0.0.1:54137] Mapped to org.springframework.web.reactive.result.method.annotation.RequestMappingMessageConversionIntegrationTests$PersonTransformationController#transformMaybe(Maybe)
17:53:55.459 [reactor-http-nio-15] DEBUG o.s.w.r.r.m.a.RequestBodyMethodArgumentResolver - [5efaacb5-1, L:/127.0.0.1:54136 - R:/127.0.0.1:54137] Content-Type:application/json
17:53:55.459 [reactor-http-nio-15] DEBUG o.s.w.r.r.m.a.RequestBodyMethodArgumentResolver - [5efaacb5-1, L:/127.0.0.1:54136 - R:/127.0.0.1:54137] 0..1 [org.springframework.web.reactive.result.method.annotation.RequestMappingMessageConversionIntegrationTests$Person]
17:53:55.460 [reactor-http-nio-15] DEBUG o.s.w.r.r.m.a.ResponseBodyResultHandler - [5efaacb5-1, L:/127.0.0.1:54136 - R:/127.0.0.1:54137] Using 'application/json' given [application/json] and supported [application/json, application/*+json, application/x-ndjson, application/x-jackson-smile, application/*+x-jackson-smile, application/xml, text/xml, application/*+xml, text/event-stream]
17:53:55.460 [reactor-http-nio-15] DEBUG o.s.w.r.r.m.a.ResponseBodyResultHandler - [5efaacb5-1, L:/127.0.0.1:54136 - R:/127.0.0.1:54137] 0..1 [org.springframework.web.reactive.result.method.annotation.RequestMappingMessageConversionIntegrationTests$Person]
17:53:55.460 [reactor-http-nio-15] DEBUG o.s.h.c.j.Jackson2JsonDecoder - [5efaacb5-1, L:/127.0.0.1:54136 - R:/127.0.0.1:54137] Decoded [Person{name='Robert'}]
17:53:55.460 [reactor-http-nio-15] DEBUG o.s.h.c.j.Jackson2JsonEncoder - [5efaacb5-1, L:/127.0.0.1:54136 - R:/127.0.0.1:54137] Encoding [Person{name='ROBERT'}]
17:53:55.461 [reactor-http-nio-15] DEBUG o.s.w.s.a.HttpWebHandlerAdapter - [5efaacb5-1, L:/127.0.0.1:54136 - R:/127.0.0.1:54137] Completed 200 OK
17:53:55.461 [Test worker] DEBUG o.s.w.c.RestTemplate - Response 200 OK
17:53:55.461 [Test worker] DEBUG o.s.w.c.RestTemplate - Reading to [org.springframework.web.reactive.result.method.annotation.RequestMappingMessageConversionIntegrationTests$Person]
17:53:55.461 [Test worker] DEBUG o.s.w.t.h.s.r.b.ReactorHttpServer - Stopping ReactorHttpServer...
17:53:55.461 [Test worker] DEBUG o.s.w.t.h.s.r.b.ReactorHttpServer - Server stopped (0 millis).
17:53:55.480 [Test worker] DEBUG o.s.w.r.r.m.a.RequestMappingHandlerMapping - 34 mappings in 'requestMappingHandlerMapping'
17:53:55.488 [Test worker] DEBUG o.s.w.r.r.m.a.ControllerMethodResolver - ControllerAdvice beans: none
17:53:55.489 [Test worker] DEBUG o.s.w.s.a.HttpWebHandlerAdapter - enableLoggingRequestDetails='false': form data and headers will be masked to prevent unsafe logging of potentially sensitive data
17:53:55.490 [Test worker] DEBUG o.s.w.t.h.s.r.b.TomcatHttpServer - Starting TomcatHttpServer...
17:53:55.494 [Test worker] DEBUG o.s.w.t.h.s.r.b.TomcatHttpServer - Server started on port 54138(0 millis).
17:53:55.494 [Test worker] DEBUG o.s.w.c.RestTemplate - HTTP POST http://localhost:54138/person-transform/maybe
17:53:55.494 [Test worker] DEBUG o.s.w.c.RestTemplate - Accept=[application/xml, text/xml, application/json, application/x-jackson-smile, application/*+xml, application/*+json]
17:53:55.495 [Test worker] DEBUG o.s.w.c.RestTemplate - Writing [Person{name='Robert'}] as "application/json"
17:53:55.496 [http-nio-auto-35-exec-1] DEBUG o.s.w.s.a.HttpWebHandlerAdapter - [658d174e] HTTP POST "/person-transform/maybe"
17:53:55.497 [http-nio-auto-35-exec-1] DEBUG o.s.w.r.r.m.a.RequestMappingHandlerMapping - [658d174e] Mapped to org.springframework.web.reactive.result.method.annotation.RequestMappingMessageConversionIntegrationTests$PersonTransformationController#transformMaybe(Maybe)
17:53:55.497 [http-nio-auto-35-exec-1] DEBUG o.s.w.r.r.m.a.RequestBodyMethodArgumentResolver - [658d174e] Content-Type:application/json
17:53:55.497 [http-nio-auto-35-exec-1] DEBUG o.s.w.r.r.m.a.RequestBodyMethodArgumentResolver - [658d174e] 0..1 [org.springframework.web.reactive.result.method.annotation.RequestMappingMessageConversionIntegrationTests$Person]
17:53:55.498 [http-nio-auto-35-exec-1] DEBUG o.s.w.r.r.m.a.ResponseBodyResultHandler - [658d174e] Using 'application/json' given [application/json] and supported [application/json, application/*+json, application/x-ndjson, application/x-jackson-smile, application/*+x-jackson-smile, application/xml, text/xml, application/*+xml, text/event-stream]
17:53:55.498 [http-nio-auto-35-exec-1] DEBUG o.s.w.r.r.m.a.ResponseBodyResultHandler - [658d174e] 0..1 [org.springframework.web.reactive.result.method.annotation.RequestMappingMessageConversionIntegrationTests$Person]
17:53:55.498 [http-nio-auto-35-exec-1] DEBUG o.s.h.c.j.Jackson2JsonDecoder - [658d174e] Decoded [Person{name='Robert'}]
17:53:55.498 [http-nio-auto-35-exec-1] DEBUG o.s.h.c.j.Jackson2JsonEncoder - [658d174e] Encoding [Person{name='ROBERT'}]
17:53:55.499 [http-nio-auto-35-exec-1] DEBUG o.s.w.s.a.HttpWebHandlerAdapter - [658d174e] Completed 200 OK
17:53:55.499 [Test worker] DEBUG o.s.w.c.RestTemplate - Response 200 OK
17:53:55.499 [Test worker] DEBUG o.s.w.c.RestTemplate - Reading to [org.springframework.web.reactive.result.method.annotation.RequestMappingMessageConversionIntegrationTests$Person]
17:53:55.500 [Test worker] DEBUG o.s.w.t.h.s.r.b.TomcatHttpServer - Stopping TomcatHttpServer...
17:54:06.704 [Test worker] DEBUG o.s.w.t.h.s.r.b.TomcatHttpServer - Server stopped (0 millis).
17:54:06.734 [Test worker] DEBUG o.s.w.r.r.m.a.RequestMappingHandlerMapping - 34 mappings in 'requestMappingHandlerMapping'
17:54:06.743 [Test worker] DEBUG o.s.w.r.r.m.a.ControllerMethodResolver - ControllerAdvice beans: none
17:54:06.745 [Test worker] DEBUG o.s.w.s.a.HttpWebHandlerAdapter - enableLoggingRequestDetails='false': form data and headers will be masked to prevent unsafe logging of potentially sensitive data
17:54:06.745 [Test worker] DEBUG o.s.w.t.h.s.r.b.UndertowHttpServer - Starting UndertowHttpServer...
17:54:06.745 [Test worker] INFO  i.undertow - starting server: Undertow - 2.2.7.Final
17:54:06.749 [Test worker] DEBUG o.s.w.t.h.s.r.b.UndertowHttpServer - Server started on port 54238(0 millis).
17:54:06.749 [Test worker] DEBUG o.s.w.c.RestTemplate - HTTP POST http://localhost:54238/person-transform/maybe
17:54:06.750 [Test worker] DEBUG o.s.w.c.RestTemplate - Accept=[application/xml, text/xml, application/json, application/x-jackson-smile, application/*+xml, application/*+json]
17:54:06.750 [Test worker] DEBUG o.s.w.c.RestTemplate - Writing [Person{name='Robert'}] as "application/json"
17:54:06.752 [XNIO-35 I/O-10] DEBUG o.s.w.s.a.HttpWebHandlerAdapter - [59a7a632-36] HTTP POST "/person-transform/maybe"
17:54:06.752 [XNIO-35 I/O-10] DEBUG o.s.w.r.r.m.a.RequestMappingHandlerMapping - [59a7a632-36] Mapped to org.springframework.web.reactive.result.method.annotation.RequestMappingMessageConversionIntegrationTests$PersonTransformationController#transformMaybe(Maybe)
17:54:06.753 [XNIO-35 I/O-10] DEBUG o.s.w.r.r.m.a.RequestBodyMethodArgumentResolver - [59a7a632-36] Content-Type:application/json
17:54:06.753 [XNIO-35 I/O-10] DEBUG o.s.w.r.r.m.a.RequestBodyMethodArgumentResolver - [59a7a632-36] 0..1 [org.springframework.web.reactive.result.method.annotation.RequestMappingMessageConversionIntegrationTests$Person]
17:54:06.754 [XNIO-35 I/O-10] DEBUG o.s.w.r.r.m.a.ResponseBodyResultHandler - [59a7a632-36] Using 'application/json' given [application/json] and supported [application/json, application/*+json, application/x-ndjson, application/x-jackson-smile, application/*+x-jackson-smile, application/xml, text/xml, application/*+xml, text/event-stream]
17:54:06.754 [XNIO-35 I/O-10] DEBUG o.s.w.r.r.m.a.ResponseBodyResultHandler - [59a7a632-36] 0..1 [org.springframework.web.reactive.result.method.annotation.RequestMappingMessageConversionIntegrationTests$Person]
17:54:06.754 [XNIO-35 I/O-10] DEBUG o.s.h.c.j.Jackson2JsonDecoder - [59a7a632-36] Decoded [Person{name='Robert'}]
17:54:06.754 [XNIO-35 I/O-10] DEBUG o.s.h.c.j.Jackson2JsonEncoder - [59a7a632-36] Encoding [Person{name='ROBERT'}]
17:54:06.754 [XNIO-35 I/O-10] DEBUG o.s.w.s.a.HttpWebHandlerAdapter - [59a7a632-36] Completed 200 OK
17:54:06.755 [Test worker] DEBUG o.s.w.c.RestTemplate - Response 200 OK
17:54:06.755 [Test worker] DEBUG o.s.w.c.RestTemplate - Reading to [org.springframework.web.reactive.result.method.annotation.RequestMappingMessageConversionIntegrationTests$Person]
17:54:06.755 [Test worker] DEBUG o.s.w.t.h.s.r.b.UndertowHttpServer - Stopping UndertowHttpServer...
17:54:06.755 [Test worker] INFO  i.undertow - stopping server: Undertow - 2.2.7.Final
17:54:06.756 [Test worker] DEBUG o.s.w.t.h.s.r.b.UndertowHttpServer - Server stopped (0 millis).
17:54:06.781 [Test worker] DEBUG o.s.w.r.r.m.a.RequestMappingHandlerMapping - 34 mappings in 'requestMappingHandlerMapping'
17:54:06.791 [Test worker] DEBUG o.s.w.r.r.m.a.ControllerMethodResolver - ControllerAdvice beans: none
17:54:06.792 [Test worker] DEBUG o.s.w.s.a.HttpWebHandlerAdapter - enableLoggingRequestDetails='false': form data and headers will be masked to prevent unsafe logging of potentially sensitive data
17:54:06.792 [Test worker] WARN  o.e.j.s.h.ContextHandler - Empty contextPath
17:54:06.792 [Test worker] INFO  o.e.j.s.h.ContextHandler - Started o.e.j.s.ServletContextHandler@77476f6d{/,null,AVAILABLE}
17:54:06.792 [Test worker] DEBUG o.s.w.t.h.s.r.b.JettyHttpServer - Starting JettyHttpServer...
17:54:06.792 [Test worker] INFO  o.e.j.s.Server - jetty-9.4.39.v20210325; built: 2021-03-25T14:42:11.471Z; git: 9fc7ca5a922f2a37b84ec9dbc26a5168cee7e667; jvm 1.8.0_181-b13
17:54:06.794 [Test worker] INFO  o.e.j.s.AbstractConnector - Started ServerConnector@667a39a3{HTTP/1.1, (http/1.1)}{0.0.0.0:54240}
17:54:06.794 [Test worker] INFO  o.e.j.s.Server - Started @413830ms
17:54:06.794 [Test worker] DEBUG o.s.w.t.h.s.r.b.JettyHttpServer - Server started on port 54240(0 millis).
17:54:06.794 [Test worker] DEBUG o.s.w.c.RestTemplate - HTTP POST http://localhost:54240/person-create/flowable
17:54:06.794 [Test worker] DEBUG o.s.w.c.RestTemplate - Accept=[application/json, application/x-jackson-smile, application/*+json]
17:54:06.794 [Test worker] DEBUG o.s.w.c.RestTemplate - Writing [[Person{name='Robert'}, Person{name='Marie'}]] as "application/json"
17:54:06.796 [qtp1710627755-1643] DEBUG o.s.w.s.a.HttpWebHandlerAdapter - [8c065ac] HTTP POST "/person-create/flowable"
17:54:06.796 [qtp1710627755-1643] DEBUG o.s.w.r.r.m.a.RequestMappingHandlerMapping - [8c065ac] Mapped to org.springframework.web.reactive.result.method.annotation.RequestMappingMessageConversionIntegrationTests$PersonCreateController#createWithFlowable(Flowable)
17:54:06.796 [qtp1710627755-1643] DEBUG o.s.w.r.r.m.a.RequestBodyMethodArgumentResolver - [8c065ac] Content-Type:application/json
17:54:06.796 [qtp1710627755-1643] DEBUG o.s.w.r.r.m.a.RequestBodyMethodArgumentResolver - [8c065ac] 0..N [org.springframework.web.reactive.result.method.annotation.RequestMappingMessageConversionIntegrationTests$Person]
17:54:06.797 [qtp1710627755-1643] DEBUG o.s.h.c.j.Jackson2JsonDecoder - [8c065ac] Decoded [Person{name='Robert'}]
17:54:06.797 [qtp1710627755-1643] DEBUG o.s.h.c.j.Jackson2JsonDecoder - [8c065ac] Decoded [Person{name='Marie'}]
17:54:06.797 [qtp1710627755-1643] DEBUG o.s.w.s.a.HttpWebHandlerAdapter - [8c065ac] Completed 200 OK
17:54:06.797 [Test worker] DEBUG o.s.w.c.RestTemplate - Response 200 OK
17:54:06.797 [Test worker] DEBUG o.s.w.t.h.s.r.b.JettyHttpServer - Stopping JettyHttpServer...
17:54:06.797 [Test worker] INFO  o.e.j.s.h.ContextHandler - Stopped o.e.j.s.ServletContextHandler@77476f6d{/,null,STOPPED}
17:54:06.798 [Test worker] INFO  o.e.j.s.AbstractConnector - Stopped ServerConnector@667a39a3{HTTP/1.1, (http/1.1)}{0.0.0.0:0}
17:54:06.798 [Test worker] DEBUG o.s.w.t.h.s.r.b.JettyHttpServer - Server stopped (0 millis).
17:54:06.819 [Test worker] DEBUG o.s.w.r.r.m.a.RequestMappingHandlerMapping - 34 mappings in 'requestMappingHandlerMapping'
17:54:06.828 [Test worker] DEBUG o.s.w.r.r.m.a.ControllerMethodResolver - ControllerAdvice beans: none
17:54:06.829 [Test worker] DEBUG o.s.w.s.a.HttpWebHandlerAdapter - enableLoggingRequestDetails='false': form data and headers will be masked to prevent unsafe logging of potentially sensitive data
17:54:06.829 [Test worker] DEBUG o.s.w.t.h.s.r.b.ReactorHttpServer - Starting ReactorHttpServer...
17:54:06.830 [Test worker] DEBUG o.s.w.t.h.s.r.b.ReactorHttpServer - Server started on port 54242(0 millis).
17:54:06.830 [Test worker] DEBUG o.s.w.c.RestTemplate - HTTP POST http://localhost:54242/person-create/flowable
17:54:06.830 [Test worker] DEBUG o.s.w.c.RestTemplate - Accept=[application/json, application/x-jackson-smile, application/*+json]
17:54:06.830 [Test worker] DEBUG o.s.w.c.RestTemplate - Writing [[Person{name='Robert'}, Person{name='Marie'}]] as "application/json"
17:54:06.832 [reactor-http-nio-1] DEBUG o.s.w.s.a.HttpWebHandlerAdapter - [79a719d9-1, L:/127.0.0.1:54242 - R:/127.0.0.1:54243] HTTP POST "/person-create/flowable"
17:54:06.832 [reactor-http-nio-1] DEBUG o.s.w.r.r.m.a.RequestMappingHandlerMapping - [79a719d9-1, L:/127.0.0.1:54242 - R:/127.0.0.1:54243] Mapped to org.springframework.web.reactive.result.method.annotation.RequestMappingMessageConversionIntegrationTests$PersonCreateController#createWithFlowable(Flowable)
17:54:06.832 [reactor-http-nio-1] DEBUG o.s.w.r.r.m.a.RequestBodyMethodArgumentResolver - [79a719d9-1, L:/127.0.0.1:54242 - R:/127.0.0.1:54243] Content-Type:application/json
17:54:06.832 [reactor-http-nio-1] DEBUG o.s.w.r.r.m.a.RequestBodyMethodArgumentResolver - [79a719d9-1, L:/127.0.0.1:54242 - R:/127.0.0.1:54243] 0..N [org.springframework.web.reactive.result.method.annotation.RequestMappingMessageConversionIntegrationTests$Person]
17:54:06.833 [reactor-http-nio-1] DEBUG o.s.h.c.j.Jackson2JsonDecoder - [79a719d9-1, L:/127.0.0.1:54242 - R:/127.0.0.1:54243] Decoded [Person{name='Robert'}]
17:54:06.833 [reactor-http-nio-1] DEBUG o.s.h.c.j.Jackson2JsonDecoder - [79a719d9-1, L:/127.0.0.1:54242 - R:/127.0.0.1:54243] Decoded [Person{name='Marie'}]
17:54:06.833 [reactor-http-nio-1] DEBUG o.s.w.s.a.HttpWebHandlerAdapter - [79a719d9-1, L:/127.0.0.1:54242 - R:/127.0.0.1:54243] Completed 200 OK
17:54:06.833 [Test worker] DEBUG o.s.w.c.RestTemplate - Response 200 OK
17:54:06.834 [Test worker] DEBUG o.s.w.t.h.s.r.b.ReactorHttpServer - Stopping ReactorHttpServer...
17:54:06.834 [Test worker] DEBUG o.s.w.t.h.s.r.b.ReactorHttpServer - Server stopped (0 millis).
17:54:06.855 [Test worker] DEBUG o.s.w.r.r.m.a.RequestMappingHandlerMapping - 34 mappings in 'requestMappingHandlerMapping'
17:54:06.864 [Test worker] DEBUG o.s.w.r.r.m.a.ControllerMethodResolver - ControllerAdvice beans: none
17:54:06.865 [Test worker] DEBUG o.s.w.s.a.HttpWebHandlerAdapter - enableLoggingRequestDetails='false': form data and headers will be masked to prevent unsafe logging of potentially sensitive data
17:54:06.865 [Test worker] DEBUG o.s.w.t.h.s.r.b.TomcatHttpServer - Starting TomcatHttpServer...
17:54:06.869 [Test worker] DEBUG o.s.w.t.h.s.r.b.TomcatHttpServer - Server started on port 54244(0 millis).
17:54:06.869 [Test worker] DEBUG o.s.w.c.RestTemplate - HTTP POST http://localhost:54244/person-create/flowable
17:54:06.869 [Test worker] DEBUG o.s.w.c.RestTemplate - Accept=[application/json, application/x-jackson-smile, application/*+json]
17:54:06.869 [Test worker] DEBUG o.s.w.c.RestTemplate - Writing [[Person{name='Robert'}, Person{name='Marie'}]] as "application/json"
17:54:06.871 [http-nio-auto-36-exec-1] DEBUG o.s.w.s.a.HttpWebHandlerAdapter - [44d3b3f0] HTTP POST "/person-create/flowable"
17:54:06.871 [http-nio-auto-36-exec-1] DEBUG o.s.w.r.r.m.a.RequestMappingHandlerMapping - [44d3b3f0] Mapped to org.springframework.web.reactive.result.method.annotation.RequestMappingMessageConversionIntegrationTests$PersonCreateController#createWithFlowable(Flowable)
17:54:06.872 [http-nio-auto-36-exec-1] DEBUG o.s.w.r.r.m.a.RequestBodyMethodArgumentResolver - [44d3b3f0] Content-Type:application/json
17:54:06.872 [http-nio-auto-36-exec-1] DEBUG o.s.w.r.r.m.a.RequestBodyMethodArgumentResolver - [44d3b3f0] 0..N [org.springframework.web.reactive.result.method.annotation.RequestMappingMessageConversionIntegrationTests$Person]
17:54:06.872 [http-nio-auto-36-exec-1] DEBUG o.s.h.c.j.Jackson2JsonDecoder - [44d3b3f0] Decoded [Person{name='Robert'}]
17:54:06.872 [http-nio-auto-36-exec-1] DEBUG o.s.h.c.j.Jackson2JsonDecoder - [44d3b3f0] Decoded [Person{name='Marie'}]
17:54:06.873 [http-nio-auto-36-exec-1] DEBUG o.s.w.s.a.HttpWebHandlerAdapter - [44d3b3f0] Completed 200 OK
17:54:06.873 [Test worker] DEBUG o.s.w.c.RestTemplate - Response 200 OK
17:54:06.873 [Test worker] DEBUG o.s.w.t.h.s.r.b.TomcatHttpServer - Stopping TomcatHttpServer...
17:54:18.021 [Test worker] DEBUG o.s.w.t.h.s.r.b.TomcatHttpServer - Server stopped (0 millis).
17:54:18.051 [Test worker] DEBUG o.s.w.r.r.m.a.RequestMappingHandlerMapping - 34 mappings in 'requestMappingHandlerMapping'
17:54:18.062 [Test worker] DEBUG o.s.w.r.r.m.a.ControllerMethodResolver - ControllerAdvice beans: none
17:54:18.063 [Test worker] DEBUG o.s.w.s.a.HttpWebHandlerAdapter - enableLoggingRequestDetails='false': form data and headers will be masked to prevent unsafe logging of potentially sensitive data
17:54:18.063 [Test worker] DEBUG o.s.w.t.h.s.r.b.UndertowHttpServer - Starting UndertowHttpServer...
17:54:18.063 [Test worker] INFO  i.undertow - starting server: Undertow - 2.2.7.Final
17:54:18.066 [Test worker] DEBUG o.s.w.t.h.s.r.b.UndertowHttpServer - Server started on port 54258(0 millis).
17:54:18.066 [Test worker] DEBUG o.s.w.c.RestTemplate - HTTP POST http://localhost:54258/person-create/flowable
17:54:18.066 [Test worker] DEBUG o.s.w.c.RestTemplate - Accept=[application/json, application/x-jackson-smile, application/*+json]
17:54:18.066 [Test worker] DEBUG o.s.w.c.RestTemplate - Writing [[Person{name='Robert'}, Person{name='Marie'}]] as "application/json"
17:54:18.068 [XNIO-36 I/O-6] DEBUG o.s.w.s.a.HttpWebHandlerAdapter - [6824a131-37] HTTP POST "/person-create/flowable"
17:54:18.068 [XNIO-36 I/O-6] DEBUG o.s.w.r.r.m.a.RequestMappingHandlerMapping - [6824a131-37] Mapped to org.springframework.web.reactive.result.method.annotation.RequestMappingMessageConversionIntegrationTests$PersonCreateController#createWithFlowable(Flowable)
17:54:18.069 [XNIO-36 I/O-6] DEBUG o.s.w.r.r.m.a.RequestBodyMethodArgumentResolver - [6824a131-37] Content-Type:application/json
17:54:18.069 [XNIO-36 I/O-6] DEBUG o.s.w.r.r.m.a.RequestBodyMethodArgumentResolver - [6824a131-37] 0..N [org.springframework.web.reactive.result.method.annotation.RequestMappingMessageConversionIntegrationTests$Person]
17:54:18.069 [XNIO-36 I/O-6] DEBUG o.s.h.c.j.Jackson2JsonDecoder - [6824a131-37] Decoded [Person{name='Robert'}]
17:54:18.069 [XNIO-36 I/O-6] DEBUG o.s.h.c.j.Jackson2JsonDecoder - [6824a131-37] Decoded [Person{name='Marie'}]
17:54:18.069 [XNIO-36 I/O-6] DEBUG o.s.w.s.a.HttpWebHandlerAdapter - [6824a131-37] Completed 200 OK
17:54:18.070 [Test worker] DEBUG o.s.w.c.RestTemplate - Response 200 OK
17:54:18.070 [Test worker] DEBUG o.s.w.t.h.s.r.b.UndertowHttpServer - Stopping UndertowHttpServer...
17:54:18.070 [Test worker] INFO  i.undertow - stopping server: Undertow - 2.2.7.Final
17:54:18.070 [Test worker] DEBUG o.s.w.t.h.s.r.b.UndertowHttpServer - Server stopped (0 millis).
17:54:18.092 [Test worker] DEBUG o.s.w.r.r.m.a.RequestMappingHandlerMapping - 34 mappings in 'requestMappingHandlerMapping'
17:54:18.101 [Test worker] DEBUG o.s.w.r.r.m.a.ControllerMethodResolver - ControllerAdvice beans: none
17:54:18.102 [Test worker] DEBUG o.s.w.s.a.HttpWebHandlerAdapter - enableLoggingRequestDetails='false': form data and headers will be masked to prevent unsafe logging of potentially sensitive data
17:54:18.103 [Test worker] WARN  o.e.j.s.h.ContextHandler - Empty contextPath
17:54:18.103 [Test worker] INFO  o.e.j.s.h.ContextHandler - Started o.e.j.s.ServletContextHandler@33e0aa14{/,null,AVAILABLE}
17:54:18.103 [Test worker] DEBUG o.s.w.t.h.s.r.b.JettyHttpServer - Starting JettyHttpServer...
17:54:18.103 [Test worker] INFO  o.e.j.s.Server - jetty-9.4.39.v20210325; built: 2021-03-25T14:42:11.471Z; git: 9fc7ca5a922f2a37b84ec9dbc26a5168cee7e667; jvm 1.8.0_181-b13
17:54:18.104 [Test worker] INFO  o.e.j.s.AbstractConnector - Started ServerConnector@627f6175{HTTP/1.1, (http/1.1)}{0.0.0.0:54260}
17:54:18.104 [Test worker] INFO  o.e.j.s.Server - Started @425140ms
17:54:18.104 [Test worker] DEBUG o.s.w.t.h.s.r.b.JettyHttpServer - Server started on port 54260(0 millis).
17:54:18.104 [Test worker] DEBUG o.s.w.c.RestTemplate - HTTP GET http://localhost:54260/raw-response/flowable
17:54:18.104 [Test worker] DEBUG o.s.w.c.RestTemplate - Accept=[text/plain, application/json, application/x-jackson-smile, application/*+json, */*]
17:54:18.106 [qtp889201533-1688] DEBUG o.s.w.s.a.HttpWebHandlerAdapter - [354da357] HTTP GET "/raw-response/flowable"
17:54:18.106 [qtp889201533-1688] DEBUG o.s.w.r.r.m.a.RequestMappingHandlerMapping - [354da357] Mapped to org.springframework.web.reactive.result.method.annotation.RequestMappingMessageConversionIntegrationTests$RawResponseBodyController#getFlowable()
17:54:18.106 [qtp889201533-1688] DEBUG o.s.w.r.r.m.a.ResponseBodyResultHandler - [354da357] Using 'text/plain' given [text/plain, application/json, application/x-jackson-smile, application/*+json, */*] and supported [*/*, application/json, application/*+json, application/x-ndjson, application/x-jackson-smile, application/*+x-jackson-smile, text/event-stream]
17:54:18.106 [qtp889201533-1688] DEBUG o.s.w.r.r.m.a.ResponseBodyResultHandler - [354da357] 0..N [java.nio.ByteBuffer]
17:54:18.107 [qtp889201533-1688] DEBUG o.s.c.c.ByteBufferEncoder - [354da357] Writing 6 bytes
17:54:18.107 [qtp889201533-1688] DEBUG o.s.w.s.a.HttpWebHandlerAdapter - [354da357] Completed 200 OK
17:54:18.107 [Test worker] DEBUG o.s.w.c.RestTemplate - Response 200 OK
17:54:18.107 [Test worker] DEBUG o.s.w.c.RestTemplate - Reading to [java.lang.String] as "text/plain"
17:54:18.108 [Test worker] DEBUG o.s.w.t.h.s.r.b.JettyHttpServer - Stopping JettyHttpServer...
17:54:18.108 [Test worker] INFO  o.e.j.s.h.ContextHandler - Stopped o.e.j.s.ServletContextHandler@33e0aa14{/,null,STOPPED}
17:54:18.108 [Test worker] INFO  o.e.j.s.AbstractConnector - Stopped ServerConnector@627f6175{HTTP/1.1, (http/1.1)}{0.0.0.0:0}
17:54:18.108 [Test worker] DEBUG o.s.w.t.h.s.r.b.JettyHttpServer - Server stopped (0 millis).
17:54:18.132 [Test worker] DEBUG o.s.w.r.r.m.a.RequestMappingHandlerMapping - 34 mappings in 'requestMappingHandlerMapping'
17:54:18.141 [Test worker] DEBUG o.s.w.r.r.m.a.ControllerMethodResolver - ControllerAdvice beans: none
17:54:18.142 [Test worker] DEBUG o.s.w.s.a.HttpWebHandlerAdapter - enableLoggingRequestDetails='false': form data and headers will be masked to prevent unsafe logging of potentially sensitive data
17:54:18.142 [Test worker] DEBUG o.s.w.t.h.s.r.b.ReactorHttpServer - Starting ReactorHttpServer...
17:54:18.143 [Test worker] DEBUG o.s.w.t.h.s.r.b.ReactorHttpServer - Server started on port 54262(0 millis).
17:54:18.143 [Test worker] DEBUG o.s.w.c.RestTemplate - HTTP GET http://localhost:54262/raw-response/flowable
17:54:18.143 [Test worker] DEBUG o.s.w.c.RestTemplate - Accept=[text/plain, application/json, application/x-jackson-smile, application/*+json, */*]
17:54:18.144 [reactor-http-nio-3] DEBUG o.s.w.s.a.HttpWebHandlerAdapter - [36349391-1, L:/127.0.0.1:54262 - R:/127.0.0.1:54263] HTTP GET "/raw-response/flowable"
17:54:18.144 [reactor-http-nio-3] DEBUG o.s.w.r.r.m.a.RequestMappingHandlerMapping - [36349391-1, L:/127.0.0.1:54262 - R:/127.0.0.1:54263] Mapped to org.springframework.web.reactive.result.method.annotation.RequestMappingMessageConversionIntegrationTests$RawResponseBodyController#getFlowable()
17:54:18.145 [reactor-http-nio-3] DEBUG o.s.w.r.r.m.a.ResponseBodyResultHandler - [36349391-1, L:/127.0.0.1:54262 - R:/127.0.0.1:54263] Using 'text/plain' given [text/plain, application/json, application/x-jackson-smile, application/*+json, */*] and supported [*/*, application/json, application/*+json, application/x-ndjson, application/x-jackson-smile, application/*+x-jackson-smile, text/event-stream]
17:54:18.145 [reactor-http-nio-3] DEBUG o.s.w.r.r.m.a.ResponseBodyResultHandler - [36349391-1, L:/127.0.0.1:54262 - R:/127.0.0.1:54263] 0..N [java.nio.ByteBuffer]
17:54:18.145 [reactor-http-nio-3] DEBUG o.s.c.c.ByteBufferEncoder - [36349391-1, L:/127.0.0.1:54262 - R:/127.0.0.1:54263] Writing 6 bytes
17:54:18.146 [Test worker] DEBUG o.s.w.c.RestTemplate - Response 200 OK
17:54:18.146 [reactor-http-nio-3] DEBUG o.s.w.s.a.HttpWebHandlerAdapter - [36349391-1, L:/127.0.0.1:54262 - R:/127.0.0.1:54263] Completed 200 OK
17:54:18.146 [Test worker] DEBUG o.s.w.c.RestTemplate - Reading to [java.lang.String] as "text/plain"
17:54:18.146 [Test worker] DEBUG o.s.w.t.h.s.r.b.ReactorHttpServer - Stopping ReactorHttpServer...
17:54:18.146 [Test worker] DEBUG o.s.w.t.h.s.r.b.ReactorHttpServer - Server stopped (0 millis).
17:54:18.166 [Test worker] DEBUG o.s.w.r.r.m.a.RequestMappingHandlerMapping - 34 mappings in 'requestMappingHandlerMapping'
17:54:18.173 [Test worker] DEBUG o.s.w.r.r.m.a.ControllerMethodResolver - ControllerAdvice beans: none
17:54:18.175 [Test worker] DEBUG o.s.w.s.a.HttpWebHandlerAdapter - enableLoggingRequestDetails='false': form data and headers will be masked to prevent unsafe logging of potentially sensitive data
17:54:18.175 [Test worker] DEBUG o.s.w.t.h.s.r.b.TomcatHttpServer - Starting TomcatHttpServer...
17:54:18.180 [Test worker] DEBUG o.s.w.t.h.s.r.b.TomcatHttpServer - Server started on port 54264(0 millis).
17:54:18.180 [Test worker] DEBUG o.s.w.c.RestTemplate - HTTP GET http://localhost:54264/raw-response/flowable
17:54:18.180 [Test worker] DEBUG o.s.w.c.RestTemplate - Accept=[text/plain, application/json, application/x-jackson-smile, application/*+json, */*]
17:54:18.181 [http-nio-auto-37-exec-1] DEBUG o.s.w.s.a.HttpWebHandlerAdapter - [20794eed] HTTP GET "/raw-response/flowable"
17:54:18.181 [http-nio-auto-37-exec-1] DEBUG o.s.w.r.r.m.a.RequestMappingHandlerMapping - [20794eed] Mapped to org.springframework.web.reactive.result.method.annotation.RequestMappingMessageConversionIntegrationTests$RawResponseBodyController#getFlowable()
17:54:18.182 [http-nio-auto-37-exec-1] DEBUG o.s.w.r.r.m.a.ResponseBodyResultHandler - [20794eed] Using 'text/plain' given [text/plain, application/json, application/x-jackson-smile, application/*+json, */*] and supported [*/*, application/json, application/*+json, application/x-ndjson, application/x-jackson-smile, application/*+x-jackson-smile, text/event-stream]
17:54:18.182 [http-nio-auto-37-exec-1] DEBUG o.s.w.r.r.m.a.ResponseBodyResultHandler - [20794eed] 0..N [java.nio.ByteBuffer]
17:54:18.182 [http-nio-auto-37-exec-1] DEBUG o.s.c.c.ByteBufferEncoder - [20794eed] Writing 6 bytes
17:54:18.183 [http-nio-auto-37-exec-1] DEBUG o.s.w.s.a.HttpWebHandlerAdapter - [20794eed] Completed 200 OK
17:54:18.183 [Test worker] DEBUG o.s.w.c.RestTemplate - Response 200 OK
17:54:18.183 [Test worker] DEBUG o.s.w.c.RestTemplate - Reading to [java.lang.String] as "text/plain"
17:54:18.184 [Test worker] DEBUG o.s.w.t.h.s.r.b.TomcatHttpServer - Stopping TomcatHttpServer...
17:54:29.392 [Test worker] DEBUG o.s.w.t.h.s.r.b.TomcatHttpServer - Server stopped (0 millis).
17:54:29.417 [Test worker] DEBUG o.s.w.r.r.m.a.RequestMappingHandlerMapping - 34 mappings in 'requestMappingHandlerMapping'
17:54:29.426 [Test worker] DEBUG o.s.w.r.r.m.a.ControllerMethodResolver - ControllerAdvice beans: none
17:54:29.428 [Test worker] DEBUG o.s.w.s.a.HttpWebHandlerAdapter - enableLoggingRequestDetails='false': form data and headers will be masked to prevent unsafe logging of potentially sensitive data
17:54:29.428 [Test worker] DEBUG o.s.w.t.h.s.r.b.UndertowHttpServer - Starting UndertowHttpServer...
17:54:29.428 [Test worker] INFO  i.undertow - starting server: Undertow - 2.2.7.Final
17:54:29.431 [Test worker] DEBUG o.s.w.t.h.s.r.b.UndertowHttpServer - Server started on port 54280(0 millis).
17:54:29.431 [Test worker] DEBUG o.s.w.c.RestTemplate - HTTP GET http://localhost:54280/raw-response/flowable
17:54:29.431 [Test worker] DEBUG o.s.w.c.RestTemplate - Accept=[text/plain, application/json, application/x-jackson-smile, application/*+json, */*]
17:54:29.432 [XNIO-37 I/O-9] DEBUG o.s.w.s.a.HttpWebHandlerAdapter - [39d67fad-38] HTTP GET "/raw-response/flowable"
17:54:29.432 [XNIO-37 I/O-9] DEBUG o.s.w.r.r.m.a.RequestMappingHandlerMapping - [39d67fad-38] Mapped to org.springframework.web.reactive.result.method.annotation.RequestMappingMessageConversionIntegrationTests$RawResponseBodyController#getFlowable()
17:54:29.433 [XNIO-37 I/O-9] DEBUG o.s.w.r.r.m.a.ResponseBodyResultHandler - [39d67fad-38] Using 'text/plain' given [text/plain, application/json, application/x-jackson-smile, application/*+json, */*] and supported [*/*, application/json, application/*+json, application/x-ndjson, application/x-jackson-smile, application/*+x-jackson-smile, text/event-stream]
17:54:29.433 [XNIO-37 I/O-9] DEBUG o.s.w.r.r.m.a.ResponseBodyResultHandler - [39d67fad-38] 0..N [java.nio.ByteBuffer]
17:54:29.433 [XNIO-37 I/O-9] DEBUG o.s.c.c.ByteBufferEncoder - [39d67fad-38] Writing 6 bytes
17:54:29.433 [XNIO-37 I/O-9] DEBUG o.s.w.s.a.HttpWebHandlerAdapter - [39d67fad-38] Completed 200 OK
17:54:29.433 [Test worker] DEBUG o.s.w.c.RestTemplate - Response 200 OK
17:54:29.433 [Test worker] DEBUG o.s.w.c.RestTemplate - Reading to [java.lang.String] as "text/plain"
17:54:29.433 [Test worker] DEBUG o.s.w.t.h.s.r.b.UndertowHttpServer - Stopping UndertowHttpServer...
17:54:29.433 [Test worker] INFO  i.undertow - stopping server: Undertow - 2.2.7.Final
17:54:29.434 [Test worker] DEBUG o.s.w.t.h.s.r.b.UndertowHttpServer - Server stopped (0 millis).
17:54:29.456 [Test worker] DEBUG o.s.w.r.r.m.a.RequestMappingHandlerMapping - 34 mappings in 'requestMappingHandlerMapping'
17:54:29.465 [Test worker] DEBUG o.s.w.r.r.m.a.ControllerMethodResolver - ControllerAdvice beans: none
17:54:29.466 [Test worker] DEBUG o.s.w.s.a.HttpWebHandlerAdapter - enableLoggingRequestDetails='false': form data and headers will be masked to prevent unsafe logging of potentially sensitive data
17:54:29.466 [Test worker] WARN  o.e.j.s.h.ContextHandler - Empty contextPath
17:54:29.467 [Test worker] INFO  o.e.j.s.h.ContextHandler - Started o.e.j.s.ServletContextHandler@76e33ff6{/,null,AVAILABLE}
17:54:29.467 [Test worker] DEBUG o.s.w.t.h.s.r.b.JettyHttpServer - Starting JettyHttpServer...
17:54:29.467 [Test worker] INFO  o.e.j.s.Server - jetty-9.4.39.v20210325; built: 2021-03-25T14:42:11.471Z; git: 9fc7ca5a922f2a37b84ec9dbc26a5168cee7e667; jvm 1.8.0_181-b13
17:54:29.468 [Test worker] INFO  o.e.j.s.AbstractConnector - Started ServerConnector@1d2a60b0{HTTP/1.1, (http/1.1)}{0.0.0.0:54282}
17:54:29.468 [Test worker] INFO  o.e.j.s.Server - Started @436504ms
17:54:29.468 [Test worker] DEBUG o.s.w.t.h.s.r.b.JettyHttpServer - Server started on port 54282(0 millis).
17:54:29.468 [Test worker] DEBUG o.s.w.c.RestTemplate - HTTP POST http://localhost:54282/person-transform/flux
17:54:29.468 [Test worker] DEBUG o.s.w.c.RestTemplate - Accept=[application/json, application/x-jackson-smile, application/*+json]
17:54:29.469 [Test worker] DEBUG o.s.w.c.RestTemplate - Writing [[Person{name='Robert'}, Person{name='Marie'}]] as "application/json"
17:54:29.470 [qtp738371079-1733] DEBUG o.s.w.s.a.HttpWebHandlerAdapter - [38173f0b] HTTP POST "/person-transform/flux"
17:54:29.470 [qtp738371079-1733] DEBUG o.s.w.r.r.m.a.RequestMappingHandlerMapping - [38173f0b] Mapped to org.springframework.web.reactive.result.method.annotation.RequestMappingMessageConversionIntegrationTests$PersonTransformationController#transformFlux(Flux)
17:54:29.470 [qtp738371079-1733] DEBUG o.s.w.r.r.m.a.RequestBodyMethodArgumentResolver - [38173f0b] Content-Type:application/json
17:54:29.471 [qtp738371079-1733] DEBUG o.s.w.r.r.m.a.RequestBodyMethodArgumentResolver - [38173f0b] 0..N [org.springframework.web.reactive.result.method.annotation.RequestMappingMessageConversionIntegrationTests$Person]
17:54:29.471 [qtp738371079-1733] DEBUG o.s.w.r.r.m.a.ResponseBodyResultHandler - [38173f0b] Using 'application/json' given [application/json] and supported [application/json, application/*+json, application/x-ndjson, application/x-jackson-smile, application/*+x-jackson-smile, application/xml, text/xml, application/*+xml, text/event-stream]
17:54:29.471 [qtp738371079-1733] DEBUG o.s.w.r.r.m.a.ResponseBodyResultHandler - [38173f0b] 0..N [org.springframework.web.reactive.result.method.annotation.RequestMappingMessageConversionIntegrationTests$Person]
17:54:29.472 [qtp738371079-1733] DEBUG o.s.h.c.j.Jackson2JsonDecoder - [38173f0b] Decoded [Person{name='Robert'}]
17:54:29.472 [qtp738371079-1733] DEBUG o.s.h.c.j.Jackson2JsonDecoder - [38173f0b] Decoded [Person{name='Marie'}]
17:54:29.472 [qtp738371079-1733] DEBUG o.s.h.c.j.Jackson2JsonEncoder - [38173f0b] Encoding [[Person{name='ROBERT'}, Person{name='MARIE'}]]
17:54:29.472 [qtp738371079-1733] DEBUG o.s.w.s.a.HttpWebHandlerAdapter - [38173f0b] Completed 200 OK
17:54:29.472 [Test worker] DEBUG o.s.w.c.RestTemplate - Response 200 OK
17:54:29.472 [Test worker] DEBUG o.s.w.c.RestTemplate - Reading to [java.util.List<org.springframework.web.reactive.result.method.annotation.RequestMappingMessageConversionIntegrationTests$Person>]
17:54:29.473 [Test worker] DEBUG o.s.w.t.h.s.r.b.JettyHttpServer - Stopping JettyHttpServer...
17:54:29.473 [Test worker] INFO  o.e.j.s.h.ContextHandler - Stopped o.e.j.s.ServletContextHandler@76e33ff6{/,null,STOPPED}
17:54:29.474 [Test worker] INFO  o.e.j.s.AbstractConnector - Stopped ServerConnector@1d2a60b0{HTTP/1.1, (http/1.1)}{0.0.0.0:0}
17:54:29.474 [Test worker] DEBUG o.s.w.t.h.s.r.b.JettyHttpServer - Server stopped (0 millis).
17:54:29.496 [Test worker] DEBUG o.s.w.r.r.m.a.RequestMappingHandlerMapping - 34 mappings in 'requestMappingHandlerMapping'
17:54:29.505 [Test worker] DEBUG o.s.w.r.r.m.a.ControllerMethodResolver - ControllerAdvice beans: none
17:54:29.507 [Test worker] DEBUG o.s.w.s.a.HttpWebHandlerAdapter - enableLoggingRequestDetails='false': form data and headers will be masked to prevent unsafe logging of potentially sensitive data
17:54:29.507 [Test worker] DEBUG o.s.w.t.h.s.r.b.ReactorHttpServer - Starting ReactorHttpServer...
17:54:29.507 [Test worker] DEBUG o.s.w.t.h.s.r.b.ReactorHttpServer - Server started on port 54284(0 millis).
17:54:29.507 [Test worker] DEBUG o.s.w.c.RestTemplate - HTTP POST http://localhost:54284/person-transform/flux
17:54:29.508 [Test worker] DEBUG o.s.w.c.RestTemplate - Accept=[application/json, application/x-jackson-smile, application/*+json]
17:54:29.508 [Test worker] DEBUG o.s.w.c.RestTemplate - Writing [[Person{name='Robert'}, Person{name='Marie'}]] as "application/json"
17:54:29.509 [reactor-http-nio-5] DEBUG o.s.w.s.a.HttpWebHandlerAdapter - [a961deed-1, L:/127.0.0.1:54284 - R:/127.0.0.1:54285] HTTP POST "/person-transform/flux"
17:54:29.510 [reactor-http-nio-5] DEBUG o.s.w.r.r.m.a.RequestMappingHandlerMapping - [a961deed-1, L:/127.0.0.1:54284 - R:/127.0.0.1:54285] Mapped to org.springframework.web.reactive.result.method.annotation.RequestMappingMessageConversionIntegrationTests$PersonTransformationController#transformFlux(Flux)
17:54:29.510 [reactor-http-nio-5] DEBUG o.s.w.r.r.m.a.RequestBodyMethodArgumentResolver - [a961deed-1, L:/127.0.0.1:54284 - R:/127.0.0.1:54285] Content-Type:application/json
17:54:29.510 [reactor-http-nio-5] DEBUG o.s.w.r.r.m.a.RequestBodyMethodArgumentResolver - [a961deed-1, L:/127.0.0.1:54284 - R:/127.0.0.1:54285] 0..N [org.springframework.web.reactive.result.method.annotation.RequestMappingMessageConversionIntegrationTests$Person]
17:54:29.511 [reactor-http-nio-5] DEBUG o.s.w.r.r.m.a.ResponseBodyResultHandler - [a961deed-1, L:/127.0.0.1:54284 - R:/127.0.0.1:54285] Using 'application/json' given [application/json] and supported [application/json, application/*+json, application/x-ndjson, application/x-jackson-smile, application/*+x-jackson-smile, application/xml, text/xml, application/*+xml, text/event-stream]
17:54:29.511 [reactor-http-nio-5] DEBUG o.s.w.r.r.m.a.ResponseBodyResultHandler - [a961deed-1, L:/127.0.0.1:54284 - R:/127.0.0.1:54285] 0..N [org.springframework.web.reactive.result.method.annotation.RequestMappingMessageConversionIntegrationTests$Person]
17:54:29.511 [reactor-http-nio-5] DEBUG o.s.h.c.j.Jackson2JsonDecoder - [a961deed-1, L:/127.0.0.1:54284 - R:/127.0.0.1:54285] Decoded [Person{name='Robert'}]
17:54:29.511 [reactor-http-nio-5] DEBUG o.s.h.c.j.Jackson2JsonDecoder - [a961deed-1, L:/127.0.0.1:54284 - R:/127.0.0.1:54285] Decoded [Person{name='Marie'}]
17:54:29.511 [reactor-http-nio-5] DEBUG o.s.h.c.j.Jackson2JsonEncoder - [a961deed-1, L:/127.0.0.1:54284 - R:/127.0.0.1:54285] Encoding [[Person{name='ROBERT'}, Person{name='MARIE'}]]
17:54:29.512 [Test worker] DEBUG o.s.w.c.RestTemplate - Response 200 OK
17:54:29.512 [Test worker] DEBUG o.s.w.c.RestTemplate - Reading to [java.util.List<org.springframework.web.reactive.result.method.annotation.RequestMappingMessageConversionIntegrationTests$Person>]
17:54:29.512 [reactor-http-nio-5] DEBUG o.s.w.s.a.HttpWebHandlerAdapter - [a961deed-1, L:/127.0.0.1:54284 - R:/127.0.0.1:54285] Completed 200 OK
17:54:29.513 [Test worker] DEBUG o.s.w.t.h.s.r.b.ReactorHttpServer - Stopping ReactorHttpServer...
17:54:29.513 [Test worker] DEBUG o.s.w.t.h.s.r.b.ReactorHttpServer - Server stopped (0 millis).
17:54:29.534 [Test worker] DEBUG o.s.w.r.r.m.a.RequestMappingHandlerMapping - 34 mappings in 'requestMappingHandlerMapping'
17:54:29.544 [Test worker] DEBUG o.s.w.r.r.m.a.ControllerMethodResolver - ControllerAdvice beans: none
17:54:29.546 [Test worker] DEBUG o.s.w.s.a.HttpWebHandlerAdapter - enableLoggingRequestDetails='false': form data and headers will be masked to prevent unsafe logging of potentially sensitive data
17:54:29.546 [Test worker] DEBUG o.s.w.t.h.s.r.b.TomcatHttpServer - Starting TomcatHttpServer...
17:54:29.549 [Test worker] DEBUG o.s.w.t.h.s.r.b.TomcatHttpServer - Server started on port 54286(0 millis).
17:54:29.550 [Test worker] DEBUG o.s.w.c.RestTemplate - HTTP POST http://localhost:54286/person-transform/flux
17:54:29.550 [Test worker] DEBUG o.s.w.c.RestTemplate - Accept=[application/json, application/x-jackson-smile, application/*+json]
17:54:29.550 [Test worker] DEBUG o.s.w.c.RestTemplate - Writing [[Person{name='Robert'}, Person{name='Marie'}]] as "application/json"
17:54:29.552 [http-nio-auto-38-exec-1] DEBUG o.s.w.s.a.HttpWebHandlerAdapter - [250ec7d7] HTTP POST "/person-transform/flux"
17:54:29.552 [http-nio-auto-38-exec-1] DEBUG o.s.w.r.r.m.a.RequestMappingHandlerMapping - [250ec7d7] Mapped to org.springframework.web.reactive.result.method.annotation.RequestMappingMessageConversionIntegrationTests$PersonTransformationController#transformFlux(Flux)
17:54:29.552 [http-nio-auto-38-exec-1] DEBUG o.s.w.r.r.m.a.RequestBodyMethodArgumentResolver - [250ec7d7] Content-Type:application/json
17:54:29.552 [http-nio-auto-38-exec-1] DEBUG o.s.w.r.r.m.a.RequestBodyMethodArgumentResolver - [250ec7d7] 0..N [org.springframework.web.reactive.result.method.annotation.RequestMappingMessageConversionIntegrationTests$Person]
17:54:29.553 [http-nio-auto-38-exec-1] DEBUG o.s.w.r.r.m.a.ResponseBodyResultHandler - [250ec7d7] Using 'application/json' given [application/json] and supported [application/json, application/*+json, application/x-ndjson, application/x-jackson-smile, application/*+x-jackson-smile, application/xml, text/xml, application/*+xml, text/event-stream]
17:54:29.553 [http-nio-auto-38-exec-1] DEBUG o.s.w.r.r.m.a.ResponseBodyResultHandler - [250ec7d7] 0..N [org.springframework.web.reactive.result.method.annotation.RequestMappingMessageConversionIntegrationTests$Person]
17:54:29.553 [http-nio-auto-38-exec-1] DEBUG o.s.h.c.j.Jackson2JsonDecoder - [250ec7d7] Decoded [Person{name='Robert'}]
17:54:29.553 [http-nio-auto-38-exec-1] DEBUG o.s.h.c.j.Jackson2JsonDecoder - [250ec7d7] Decoded [Person{name='Marie'}]
17:54:29.553 [http-nio-auto-38-exec-1] DEBUG o.s.h.c.j.Jackson2JsonEncoder - [250ec7d7] Encoding [[Person{name='ROBERT'}, Person{name='MARIE'}]]
17:54:29.554 [http-nio-auto-38-exec-1] DEBUG o.s.w.s.a.HttpWebHandlerAdapter - [250ec7d7] Completed 200 OK
17:54:29.554 [Test worker] DEBUG o.s.w.c.RestTemplate - Response 200 OK
17:54:29.554 [Test worker] DEBUG o.s.w.c.RestTemplate - Reading to [java.util.List<org.springframework.web.reactive.result.method.annotation.RequestMappingMessageConversionIntegrationTests$Person>]
17:54:29.554 [Test worker] DEBUG o.s.w.t.h.s.r.b.TomcatHttpServer - Stopping TomcatHttpServer...
17:54:40.714 [Test worker] DEBUG o.s.w.t.h.s.r.b.TomcatHttpServer - Server stopped (0 millis).
17:54:40.745 [Test worker] DEBUG o.s.w.r.r.m.a.RequestMappingHandlerMapping - 34 mappings in 'requestMappingHandlerMapping'
17:54:40.754 [Test worker] DEBUG o.s.w.r.r.m.a.ControllerMethodResolver - ControllerAdvice beans: none
17:54:40.755 [Test worker] DEBUG o.s.w.s.a.HttpWebHandlerAdapter - enableLoggingRequestDetails='false': form data and headers will be masked to prevent unsafe logging of potentially sensitive data
17:54:40.755 [Test worker] DEBUG o.s.w.t.h.s.r.b.UndertowHttpServer - Starting UndertowHttpServer...
17:54:40.755 [Test worker] INFO  i.undertow - starting server: Undertow - 2.2.7.Final
17:54:40.758 [Test worker] DEBUG o.s.w.t.h.s.r.b.UndertowHttpServer - Server started on port 54307(0 millis).
17:54:40.758 [Test worker] DEBUG o.s.w.c.RestTemplate - HTTP POST http://localhost:54307/person-transform/flux
17:54:40.758 [Test worker] DEBUG o.s.w.c.RestTemplate - Accept=[application/json, application/x-jackson-smile, application/*+json]
17:54:40.758 [Test worker] DEBUG o.s.w.c.RestTemplate - Writing [[Person{name='Robert'}, Person{name='Marie'}]] as "application/json"
17:54:40.760 [XNIO-38 I/O-8] DEBUG o.s.w.s.a.HttpWebHandlerAdapter - [6faa520d-39] HTTP POST "/person-transform/flux"
17:54:40.760 [XNIO-38 I/O-8] DEBUG o.s.w.r.r.m.a.RequestMappingHandlerMapping - [6faa520d-39] Mapped to org.springframework.web.reactive.result.method.annotation.RequestMappingMessageConversionIntegrationTests$PersonTransformationController#transformFlux(Flux)
17:54:40.760 [XNIO-38 I/O-8] DEBUG o.s.w.r.r.m.a.RequestBodyMethodArgumentResolver - [6faa520d-39] Content-Type:application/json
17:54:40.760 [XNIO-38 I/O-8] DEBUG o.s.w.r.r.m.a.RequestBodyMethodArgumentResolver - [6faa520d-39] 0..N [org.springframework.web.reactive.result.method.annotation.RequestMappingMessageConversionIntegrationTests$Person]
17:54:40.761 [XNIO-38 I/O-8] DEBUG o.s.w.r.r.m.a.ResponseBodyResultHandler - [6faa520d-39] Using 'application/json' given [application/json] and supported [application/json, application/*+json, application/x-ndjson, application/x-jackson-smile, application/*+x-jackson-smile, application/xml, text/xml, application/*+xml, text/event-stream]
17:54:40.761 [XNIO-38 I/O-8] DEBUG o.s.w.r.r.m.a.ResponseBodyResultHandler - [6faa520d-39] 0..N [org.springframework.web.reactive.result.method.annotation.RequestMappingMessageConversionIntegrationTests$Person]
17:54:40.761 [XNIO-38 I/O-8] DEBUG o.s.h.c.j.Jackson2JsonDecoder - [6faa520d-39] Decoded [Person{name='Robert'}]
17:54:40.761 [XNIO-38 I/O-8] DEBUG o.s.h.c.j.Jackson2JsonDecoder - [6faa520d-39] Decoded [Person{name='Marie'}]
17:54:40.761 [XNIO-38 I/O-8] DEBUG o.s.h.c.j.Jackson2JsonEncoder - [6faa520d-39] Encoding [[Person{name='ROBERT'}, Person{name='MARIE'}]]
17:54:40.762 [XNIO-38 I/O-8] DEBUG o.s.w.s.a.HttpWebHandlerAdapter - [6faa520d-39] Completed 200 OK
17:54:40.762 [Test worker] DEBUG o.s.w.c.RestTemplate - Response 200 OK
17:54:40.762 [Test worker] DEBUG o.s.w.c.RestTemplate - Reading to [java.util.List<org.springframework.web.reactive.result.method.annotation.RequestMappingMessageConversionIntegrationTests$Person>]
17:54:40.762 [Test worker] DEBUG o.s.w.t.h.s.r.b.UndertowHttpServer - Stopping UndertowHttpServer...
17:54:40.762 [Test worker] INFO  i.undertow - stopping server: Undertow - 2.2.7.Final
17:54:40.763 [Test worker] DEBUG o.s.w.t.h.s.r.b.UndertowHttpServer - Server stopped (0 millis).
17:54:40.784 [Test worker] DEBUG o.s.w.r.r.m.a.RequestMappingHandlerMapping - 34 mappings in 'requestMappingHandlerMapping'
17:54:40.793 [Test worker] DEBUG o.s.w.r.r.m.a.ControllerMethodResolver - ControllerAdvice beans: none
17:54:40.795 [Test worker] DEBUG o.s.w.s.a.HttpWebHandlerAdapter - enableLoggingRequestDetails='false': form data and headers will be masked to prevent unsafe logging of potentially sensitive data
17:54:40.795 [Test worker] WARN  o.e.j.s.h.ContextHandler - Empty contextPath
17:54:40.795 [Test worker] INFO  o.e.j.s.h.ContextHandler - Started o.e.j.s.ServletContextHandler@7e0df2a4{/,null,AVAILABLE}
17:54:40.795 [Test worker] DEBUG o.s.w.t.h.s.r.b.JettyHttpServer - Starting JettyHttpServer...
17:54:40.795 [Test worker] INFO  o.e.j.s.Server - jetty-9.4.39.v20210325; built: 2021-03-25T14:42:11.471Z; git: 9fc7ca5a922f2a37b84ec9dbc26a5168cee7e667; jvm 1.8.0_181-b13
17:54:40.796 [Test worker] INFO  o.e.j.s.AbstractConnector - Started ServerConnector@4d0cbb29{HTTP/1.1, (http/1.1)}{0.0.0.0:54309}
17:54:40.796 [Test worker] INFO  o.e.j.s.Server - Started @447832ms
17:54:40.797 [Test worker] DEBUG o.s.w.t.h.s.r.b.JettyHttpServer - Server started on port 54309(0 millis).
17:54:40.797 [Test worker] DEBUG o.s.w.c.RestTemplate - HTTP POST http://localhost:54309/person-transform/mono
17:54:40.797 [Test worker] DEBUG o.s.w.c.RestTemplate - Accept=[application/xml, text/xml, application/json, application/x-jackson-smile, application/*+xml, application/*+json]
17:54:40.797 [Test worker] DEBUG o.s.w.c.RestTemplate - Writing [Person{name='Robert'}] as "application/json"
17:54:40.799 [qtp303169722-1778] DEBUG o.s.w.s.a.HttpWebHandlerAdapter - [5ed47de5] HTTP POST "/person-transform/mono"
17:54:40.799 [qtp303169722-1778] DEBUG o.s.w.r.r.m.a.RequestMappingHandlerMapping - [5ed47de5] Mapped to org.springframework.web.reactive.result.method.annotation.RequestMappingMessageConversionIntegrationTests$PersonTransformationController#transformMono(Mono)
17:54:40.799 [qtp303169722-1778] DEBUG o.s.w.r.r.m.a.RequestBodyMethodArgumentResolver - [5ed47de5] Content-Type:application/json
17:54:40.799 [qtp303169722-1778] DEBUG o.s.w.r.r.m.a.RequestBodyMethodArgumentResolver - [5ed47de5] 0..1 [org.springframework.web.reactive.result.method.annotation.RequestMappingMessageConversionIntegrationTests$Person]
17:54:40.800 [qtp303169722-1778] DEBUG o.s.w.r.r.m.a.ResponseBodyResultHandler - [5ed47de5] Using 'application/json' given [application/json] and supported [application/json, application/*+json, application/x-ndjson, application/x-jackson-smile, application/*+x-jackson-smile, application/xml, text/xml, application/*+xml, text/event-stream]
17:54:40.800 [qtp303169722-1778] DEBUG o.s.w.r.r.m.a.ResponseBodyResultHandler - [5ed47de5] 0..1 [org.springframework.web.reactive.result.method.annotation.RequestMappingMessageConversionIntegrationTests$Person]
17:54:40.800 [qtp303169722-1778] DEBUG o.s.h.c.j.Jackson2JsonDecoder - [5ed47de5] Decoded [Person{name='Robert'}]
17:54:40.800 [qtp303169722-1778] DEBUG o.s.h.c.j.Jackson2JsonEncoder - [5ed47de5] Encoding [Person{name='ROBERT'}]
17:54:40.801 [Test worker] DEBUG o.s.w.c.RestTemplate - Response 200 OK
17:54:40.801 [qtp303169722-1778] DEBUG o.s.w.s.a.HttpWebHandlerAdapter - [5ed47de5] Completed 200 OK
17:54:40.801 [Test worker] DEBUG o.s.w.c.RestTemplate - Reading to [org.springframework.web.reactive.result.method.annotation.RequestMappingMessageConversionIntegrationTests$Person]
17:54:40.801 [Test worker] DEBUG o.s.w.t.h.s.r.b.JettyHttpServer - Stopping JettyHttpServer...
17:54:40.801 [Test worker] INFO  o.e.j.s.h.ContextHandler - Stopped o.e.j.s.ServletContextHandler@7e0df2a4{/,null,STOPPED}
17:54:40.802 [Test worker] INFO  o.e.j.s.AbstractConnector - Stopped ServerConnector@4d0cbb29{HTTP/1.1, (http/1.1)}{0.0.0.0:0}
17:54:40.802 [Test worker] DEBUG o.s.w.t.h.s.r.b.JettyHttpServer - Server stopped (0 millis).
17:54:40.824 [Test worker] DEBUG o.s.w.r.r.m.a.RequestMappingHandlerMapping - 34 mappings in 'requestMappingHandlerMapping'
17:54:40.833 [Test worker] DEBUG o.s.w.r.r.m.a.ControllerMethodResolver - ControllerAdvice beans: none
17:54:40.834 [Test worker] DEBUG o.s.w.s.a.HttpWebHandlerAdapter - enableLoggingRequestDetails='false': form data and headers will be masked to prevent unsafe logging of potentially sensitive data
17:54:40.834 [Test worker] DEBUG o.s.w.t.h.s.r.b.ReactorHttpServer - Starting ReactorHttpServer...
17:54:40.835 [Test worker] DEBUG o.s.w.t.h.s.r.b.ReactorHttpServer - Server started on port 54311(0 millis).
17:54:40.835 [Test worker] DEBUG o.s.w.c.RestTemplate - HTTP POST http://localhost:54311/person-transform/mono
17:54:40.835 [Test worker] DEBUG o.s.w.c.RestTemplate - Accept=[application/xml, text/xml, application/json, application/x-jackson-smile, application/*+xml, application/*+json]
17:54:40.836 [Test worker] DEBUG o.s.w.c.RestTemplate - Writing [Person{name='Robert'}] as "application/json"
17:54:40.837 [reactor-http-nio-7] DEBUG o.s.w.s.a.HttpWebHandlerAdapter - [bb383f39-1, L:/127.0.0.1:54311 - R:/127.0.0.1:54312] HTTP POST "/person-transform/mono"
17:54:40.837 [reactor-http-nio-7] DEBUG o.s.w.r.r.m.a.RequestMappingHandlerMapping - [bb383f39-1, L:/127.0.0.1:54311 - R:/127.0.0.1:54312] Mapped to org.springframework.web.reactive.result.method.annotation.RequestMappingMessageConversionIntegrationTests$PersonTransformationController#transformMono(Mono)
17:54:40.837 [reactor-http-nio-7] DEBUG o.s.w.r.r.m.a.RequestBodyMethodArgumentResolver - [bb383f39-1, L:/127.0.0.1:54311 - R:/127.0.0.1:54312] Content-Type:application/json
17:54:40.837 [reactor-http-nio-7] DEBUG o.s.w.r.r.m.a.RequestBodyMethodArgumentResolver - [bb383f39-1, L:/127.0.0.1:54311 - R:/127.0.0.1:54312] 0..1 [org.springframework.web.reactive.result.method.annotation.RequestMappingMessageConversionIntegrationTests$Person]
17:54:40.838 [reactor-http-nio-7] DEBUG o.s.w.r.r.m.a.ResponseBodyResultHandler - [bb383f39-1, L:/127.0.0.1:54311 - R:/127.0.0.1:54312] Using 'application/json' given [application/json] and supported [application/json, application/*+json, application/x-ndjson, application/x-jackson-smile, application/*+x-jackson-smile, application/xml, text/xml, application/*+xml, text/event-stream]
17:54:40.838 [reactor-http-nio-7] DEBUG o.s.w.r.r.m.a.ResponseBodyResultHandler - [bb383f39-1, L:/127.0.0.1:54311 - R:/127.0.0.1:54312] 0..1 [org.springframework.web.reactive.result.method.annotation.RequestMappingMessageConversionIntegrationTests$Person]
17:54:40.838 [reactor-http-nio-7] DEBUG o.s.h.c.j.Jackson2JsonDecoder - [bb383f39-1, L:/127.0.0.1:54311 - R:/127.0.0.1:54312] Decoded [Person{name='Robert'}]
17:54:40.838 [reactor-http-nio-7] DEBUG o.s.h.c.j.Jackson2JsonEncoder - [bb383f39-1, L:/127.0.0.1:54311 - R:/127.0.0.1:54312] Encoding [Person{name='ROBERT'}]
17:54:40.839 [reactor-http-nio-7] DEBUG o.s.w.s.a.HttpWebHandlerAdapter - [bb383f39-1, L:/127.0.0.1:54311 - R:/127.0.0.1:54312] Completed 200 OK
17:54:40.839 [Test worker] DEBUG o.s.w.c.RestTemplate - Response 200 OK
17:54:40.839 [Test worker] DEBUG o.s.w.c.RestTemplate - Reading to [org.springframework.web.reactive.result.method.annotation.RequestMappingMessageConversionIntegrationTests$Person]
17:54:40.839 [Test worker] DEBUG o.s.w.t.h.s.r.b.ReactorHttpServer - Stopping ReactorHttpServer...
17:54:40.839 [Test worker] DEBUG o.s.w.t.h.s.r.b.ReactorHttpServer - Server stopped (0 millis).
17:54:40.861 [Test worker] DEBUG o.s.w.r.r.m.a.RequestMappingHandlerMapping - 34 mappings in 'requestMappingHandlerMapping'
17:54:40.870 [Test worker] DEBUG o.s.w.r.r.m.a.ControllerMethodResolver - ControllerAdvice beans: none
17:54:40.871 [Test worker] DEBUG o.s.w.s.a.HttpWebHandlerAdapter - enableLoggingRequestDetails='false': form data and headers will be masked to prevent unsafe logging of potentially sensitive data
17:54:40.872 [Test worker] DEBUG o.s.w.t.h.s.r.b.TomcatHttpServer - Starting TomcatHttpServer...
17:54:40.875 [Test worker] DEBUG o.s.w.t.h.s.r.b.TomcatHttpServer - Server started on port 54313(0 millis).
17:54:40.875 [Test worker] DEBUG o.s.w.c.RestTemplate - HTTP POST http://localhost:54313/person-transform/mono
17:54:40.876 [Test worker] DEBUG o.s.w.c.RestTemplate - Accept=[application/xml, text/xml, application/json, application/x-jackson-smile, application/*+xml, application/*+json]
17:54:40.876 [Test worker] DEBUG o.s.w.c.RestTemplate - Writing [Person{name='Robert'}] as "application/json"
17:54:40.878 [http-nio-auto-39-exec-1] DEBUG o.s.w.s.a.HttpWebHandlerAdapter - [ba58af2] HTTP POST "/person-transform/mono"
17:54:40.878 [http-nio-auto-39-exec-1] DEBUG o.s.w.r.r.m.a.RequestMappingHandlerMapping - [ba58af2] Mapped to org.springframework.web.reactive.result.method.annotation.RequestMappingMessageConversionIntegrationTests$PersonTransformationController#transformMono(Mono)
17:54:40.878 [http-nio-auto-39-exec-1] DEBUG o.s.w.r.r.m.a.RequestBodyMethodArgumentResolver - [ba58af2] Content-Type:application/json
17:54:40.879 [http-nio-auto-39-exec-1] DEBUG o.s.w.r.r.m.a.RequestBodyMethodArgumentResolver - [ba58af2] 0..1 [org.springframework.web.reactive.result.method.annotation.RequestMappingMessageConversionIntegrationTests$Person]
17:54:40.879 [http-nio-auto-39-exec-1] DEBUG o.s.w.r.r.m.a.ResponseBodyResultHandler - [ba58af2] Using 'application/json' given [application/json] and supported [application/json, application/*+json, application/x-ndjson, application/x-jackson-smile, application/*+x-jackson-smile, application/xml, text/xml, application/*+xml, text/event-stream]
17:54:40.879 [http-nio-auto-39-exec-1] DEBUG o.s.w.r.r.m.a.ResponseBodyResultHandler - [ba58af2] 0..1 [org.springframework.web.reactive.result.method.annotation.RequestMappingMessageConversionIntegrationTests$Person]
17:54:40.879 [http-nio-auto-39-exec-1] DEBUG o.s.h.c.j.Jackson2JsonDecoder - [ba58af2] Decoded [Person{name='Robert'}]
17:54:40.879 [http-nio-auto-39-exec-1] DEBUG o.s.h.c.j.Jackson2JsonEncoder - [ba58af2] Encoding [Person{name='ROBERT'}]
17:54:40.880 [http-nio-auto-39-exec-1] DEBUG o.s.w.s.a.HttpWebHandlerAdapter - [ba58af2] Completed 200 OK
17:54:40.880 [Test worker] DEBUG o.s.w.c.RestTemplate - Response 200 OK
17:54:40.880 [Test worker] DEBUG o.s.w.c.RestTemplate - Reading to [org.springframework.web.reactive.result.method.annotation.RequestMappingMessageConversionIntegrationTests$Person]
17:54:40.880 [Test worker] DEBUG o.s.w.t.h.s.r.b.TomcatHttpServer - Stopping TomcatHttpServer...
17:54:52.029 [Test worker] DEBUG o.s.w.t.h.s.r.b.TomcatHttpServer - Server stopped (0 millis).
17:54:52.053 [Test worker] DEBUG o.s.w.r.r.m.a.RequestMappingHandlerMapping - 34 mappings in 'requestMappingHandlerMapping'
17:54:52.062 [Test worker] DEBUG o.s.w.r.r.m.a.ControllerMethodResolver - ControllerAdvice beans: none
17:54:52.063 [Test worker] DEBUG o.s.w.s.a.HttpWebHandlerAdapter - enableLoggingRequestDetails='false': form data and headers will be masked to prevent unsafe logging of potentially sensitive data
17:54:52.063 [Test worker] DEBUG o.s.w.t.h.s.r.b.UndertowHttpServer - Starting UndertowHttpServer...
17:54:52.063 [Test worker] INFO  i.undertow - starting server: Undertow - 2.2.7.Final
17:54:52.065 [Test worker] DEBUG o.s.w.t.h.s.r.b.UndertowHttpServer - Server started on port 54437(0 millis).
17:54:52.065 [Test worker] DEBUG o.s.w.c.RestTemplate - HTTP POST http://localhost:54437/person-transform/mono
17:54:52.066 [Test worker] DEBUG o.s.w.c.RestTemplate - Accept=[application/xml, text/xml, application/json, application/x-jackson-smile, application/*+xml, application/*+json]
17:54:52.066 [Test worker] DEBUG o.s.w.c.RestTemplate - Writing [Person{name='Robert'}] as "application/json"
17:54:52.068 [XNIO-39 I/O-5] DEBUG o.s.w.s.a.HttpWebHandlerAdapter - [2a976bd0-40] HTTP POST "/person-transform/mono"
17:54:52.068 [XNIO-39 I/O-5] DEBUG o.s.w.r.r.m.a.RequestMappingHandlerMapping - [2a976bd0-40] Mapped to org.springframework.web.reactive.result.method.annotation.RequestMappingMessageConversionIntegrationTests$PersonTransformationController#transformMono(Mono)
17:54:52.068 [XNIO-39 I/O-5] DEBUG o.s.w.r.r.m.a.RequestBodyMethodArgumentResolver - [2a976bd0-40] Content-Type:application/json
17:54:52.068 [XNIO-39 I/O-5] DEBUG o.s.w.r.r.m.a.RequestBodyMethodArgumentResolver - [2a976bd0-40] 0..1 [org.springframework.web.reactive.result.method.annotation.RequestMappingMessageConversionIntegrationTests$Person]
17:54:52.069 [XNIO-39 I/O-5] DEBUG o.s.w.r.r.m.a.ResponseBodyResultHandler - [2a976bd0-40] Using 'application/json' given [application/json] and supported [application/json, application/*+json, application/x-ndjson, application/x-jackson-smile, application/*+x-jackson-smile, application/xml, text/xml, application/*+xml, text/event-stream]
17:54:52.069 [XNIO-39 I/O-5] DEBUG o.s.w.r.r.m.a.ResponseBodyResultHandler - [2a976bd0-40] 0..1 [org.springframework.web.reactive.result.method.annotation.RequestMappingMessageConversionIntegrationTests$Person]
17:54:52.069 [XNIO-39 I/O-5] DEBUG o.s.h.c.j.Jackson2JsonDecoder - [2a976bd0-40] Decoded [Person{name='Robert'}]
17:54:52.069 [XNIO-39 I/O-5] DEBUG o.s.h.c.j.Jackson2JsonEncoder - [2a976bd0-40] Encoding [Person{name='ROBERT'}]
17:54:52.069 [XNIO-39 I/O-5] DEBUG o.s.w.s.a.HttpWebHandlerAdapter - [2a976bd0-40] Completed 200 OK
17:54:52.069 [Test worker] DEBUG o.s.w.c.RestTemplate - Response 200 OK
17:54:52.069 [Test worker] DEBUG o.s.w.c.RestTemplate - Reading to [org.springframework.web.reactive.result.method.annotation.RequestMappingMessageConversionIntegrationTests$Person]
17:54:52.069 [Test worker] DEBUG o.s.w.t.h.s.r.b.UndertowHttpServer - Stopping UndertowHttpServer...
17:54:52.069 [Test worker] INFO  i.undertow - stopping server: Undertow - 2.2.7.Final
17:54:52.070 [Test worker] DEBUG o.s.w.t.h.s.r.b.UndertowHttpServer - Server stopped (0 millis).
17:54:52.091 [Test worker] DEBUG o.s.w.r.r.m.a.RequestMappingHandlerMapping - 34 mappings in 'requestMappingHandlerMapping'
17:54:52.099 [Test worker] DEBUG o.s.w.r.r.m.a.ControllerMethodResolver - ControllerAdvice beans: none
17:54:52.101 [Test worker] DEBUG o.s.w.s.a.HttpWebHandlerAdapter - enableLoggingRequestDetails='false': form data and headers will be masked to prevent unsafe logging of potentially sensitive data
17:54:52.101 [Test worker] WARN  o.e.j.s.h.ContextHandler - Empty contextPath
17:54:52.101 [Test worker] INFO  o.e.j.s.h.ContextHandler - Started o.e.j.s.ServletContextHandler@33b2df0e{/,null,AVAILABLE}
17:54:52.101 [Test worker] DEBUG o.s.w.t.h.s.r.b.JettyHttpServer - Starting JettyHttpServer...
17:54:52.101 [Test worker] INFO  o.e.j.s.Server - jetty-9.4.39.v20210325; built: 2021-03-25T14:42:11.471Z; git: 9fc7ca5a922f2a37b84ec9dbc26a5168cee7e667; jvm 1.8.0_181-b13
17:54:52.102 [Test worker] INFO  o.e.j.s.AbstractConnector - Started ServerConnector@654ac517{HTTP/1.1, (http/1.1)}{0.0.0.0:54439}
17:54:52.102 [Test worker] INFO  o.e.j.s.Server - Started @459138ms
17:54:52.103 [Test worker] DEBUG o.s.w.t.h.s.r.b.JettyHttpServer - Server started on port 54439(0 millis).
17:54:52.103 [Test worker] DEBUG o.s.w.c.RestTemplate - HTTP POST http://localhost:54439/person-transform/person
17:54:52.103 [Test worker] DEBUG o.s.w.c.RestTemplate - Accept=[application/xml, text/xml, application/json, application/x-jackson-smile, application/*+xml, application/*+json]
17:54:52.103 [Test worker] DEBUG o.s.w.c.RestTemplate - Writing [Person{name='Robert'}] as "application/json"
17:54:52.104 [qtp1909003547-1823] DEBUG o.s.w.s.a.HttpWebHandlerAdapter - [34a3cb4b] HTTP POST "/person-transform/person"
17:54:52.104 [qtp1909003547-1823] DEBUG o.s.w.r.r.m.a.RequestMappingHandlerMapping - [34a3cb4b] Mapped to org.springframework.web.reactive.result.method.annotation.RequestMappingMessageConversionIntegrationTests$PersonTransformationController#transformPerson(Person)
17:54:52.105 [qtp1909003547-1823] DEBUG o.s.w.r.r.m.a.RequestBodyMethodArgumentResolver - [34a3cb4b] Content-Type:application/json
17:54:52.105 [qtp1909003547-1823] DEBUG o.s.w.r.r.m.a.RequestBodyMethodArgumentResolver - [34a3cb4b] 0..1 [org.springframework.web.reactive.result.method.annotation.RequestMappingMessageConversionIntegrationTests$Person]
17:54:52.105 [qtp1909003547-1823] DEBUG o.s.h.c.j.Jackson2JsonDecoder - [34a3cb4b] Decoded [Person{name='Robert'}]
17:54:52.105 [qtp1909003547-1823] DEBUG o.s.w.r.r.m.a.ResponseBodyResultHandler - [34a3cb4b] Using 'application/json' given [application/json] and supported [application/json, application/*+json, application/x-ndjson, application/x-jackson-smile, application/*+x-jackson-smile, application/xml, text/xml, application/*+xml, text/event-stream]
17:54:52.105 [qtp1909003547-1823] DEBUG o.s.w.r.r.m.a.ResponseBodyResultHandler - [34a3cb4b] 0..1 [org.springframework.web.reactive.result.method.annotation.RequestMappingMessageConversionIntegrationTests$Person]
17:54:52.106 [qtp1909003547-1823] DEBUG o.s.h.c.j.Jackson2JsonEncoder - [34a3cb4b] Encoding [Person{name='ROBERT'}]
17:54:52.106 [Test worker] DEBUG o.s.w.c.RestTemplate - Response 200 OK
17:54:52.106 [qtp1909003547-1823] DEBUG o.s.w.s.a.HttpWebHandlerAdapter - [34a3cb4b] Completed 200 OK
17:54:52.106 [Test worker] DEBUG o.s.w.c.RestTemplate - Reading to [org.springframework.web.reactive.result.method.annotation.RequestMappingMessageConversionIntegrationTests$Person]
17:54:52.106 [Test worker] DEBUG o.s.w.t.h.s.r.b.JettyHttpServer - Stopping JettyHttpServer...
17:54:52.106 [Test worker] INFO  o.e.j.s.h.ContextHandler - Stopped o.e.j.s.ServletContextHandler@33b2df0e{/,null,STOPPED}
17:54:52.107 [Test worker] INFO  o.e.j.s.AbstractConnector - Stopped ServerConnector@654ac517{HTTP/1.1, (http/1.1)}{0.0.0.0:0}
17:54:52.107 [Test worker] DEBUG o.s.w.t.h.s.r.b.JettyHttpServer - Server stopped (0 millis).
17:54:52.131 [Test worker] DEBUG o.s.w.r.r.m.a.RequestMappingHandlerMapping - 34 mappings in 'requestMappingHandlerMapping'
17:54:52.139 [Test worker] DEBUG o.s.w.r.r.m.a.ControllerMethodResolver - ControllerAdvice beans: none
17:54:52.141 [Test worker] DEBUG o.s.w.s.a.HttpWebHandlerAdapter - enableLoggingRequestDetails='false': form data and headers will be masked to prevent unsafe logging of potentially sensitive data
17:54:52.141 [Test worker] DEBUG o.s.w.t.h.s.r.b.ReactorHttpServer - Starting ReactorHttpServer...
17:54:52.141 [Test worker] DEBUG o.s.w.t.h.s.r.b.ReactorHttpServer - Server started on port 54441(0 millis).
17:54:52.141 [Test worker] DEBUG o.s.w.c.RestTemplate - HTTP POST http://localhost:54441/person-transform/person
17:54:52.142 [Test worker] DEBUG o.s.w.c.RestTemplate - Accept=[application/xml, text/xml, application/json, application/x-jackson-smile, application/*+xml, application/*+json]
17:54:52.142 [Test worker] DEBUG o.s.w.c.RestTemplate - Writing [Person{name='Robert'}] as "application/json"
17:54:52.144 [reactor-http-nio-9] DEBUG o.s.w.s.a.HttpWebHandlerAdapter - [86c75379-1, L:/127.0.0.1:54441 - R:/127.0.0.1:54442] HTTP POST "/person-transform/person"
17:54:52.144 [reactor-http-nio-9] DEBUG o.s.w.r.r.m.a.RequestMappingHandlerMapping - [86c75379-1, L:/127.0.0.1:54441 - R:/127.0.0.1:54442] Mapped to org.springframework.web.reactive.result.method.annotation.RequestMappingMessageConversionIntegrationTests$PersonTransformationController#transformPerson(Person)
17:54:52.144 [reactor-http-nio-9] DEBUG o.s.w.r.r.m.a.RequestBodyMethodArgumentResolver - [86c75379-1, L:/127.0.0.1:54441 - R:/127.0.0.1:54442] Content-Type:application/json
17:54:52.145 [reactor-http-nio-9] DEBUG o.s.w.r.r.m.a.RequestBodyMethodArgumentResolver - [86c75379-1, L:/127.0.0.1:54441 - R:/127.0.0.1:54442] 0..1 [org.springframework.web.reactive.result.method.annotation.RequestMappingMessageConversionIntegrationTests$Person]
17:54:52.145 [reactor-http-nio-9] DEBUG o.s.h.c.j.Jackson2JsonDecoder - [86c75379-1, L:/127.0.0.1:54441 - R:/127.0.0.1:54442] Decoded [Person{name='Robert'}]
17:54:52.145 [reactor-http-nio-9] DEBUG o.s.w.r.r.m.a.ResponseBodyResultHandler - [86c75379-1, L:/127.0.0.1:54441 - R:/127.0.0.1:54442] Using 'application/json' given [application/json] and supported [application/json, application/*+json, application/x-ndjson, application/x-jackson-smile, application/*+x-jackson-smile, application/xml, text/xml, application/*+xml, text/event-stream]
17:54:52.145 [reactor-http-nio-9] DEBUG o.s.w.r.r.m.a.ResponseBodyResultHandler - [86c75379-1, L:/127.0.0.1:54441 - R:/127.0.0.1:54442] 0..1 [org.springframework.web.reactive.result.method.annotation.RequestMappingMessageConversionIntegrationTests$Person]
17:54:52.145 [reactor-http-nio-9] DEBUG o.s.h.c.j.Jackson2JsonEncoder - [86c75379-1, L:/127.0.0.1:54441 - R:/127.0.0.1:54442] Encoding [Person{name='ROBERT'}]
17:54:52.146 [Test worker] DEBUG o.s.w.c.RestTemplate - Response 200 OK
17:54:52.146 [reactor-http-nio-9] DEBUG o.s.w.s.a.HttpWebHandlerAdapter - [86c75379-1, L:/127.0.0.1:54441 - R:/127.0.0.1:54442] Completed 200 OK
17:54:52.146 [Test worker] DEBUG o.s.w.c.RestTemplate - Reading to [org.springframework.web.reactive.result.method.annotation.RequestMappingMessageConversionIntegrationTests$Person]
17:54:52.146 [Test worker] DEBUG o.s.w.t.h.s.r.b.ReactorHttpServer - Stopping ReactorHttpServer...
17:54:52.146 [Test worker] DEBUG o.s.w.t.h.s.r.b.ReactorHttpServer - Server stopped (0 millis).
17:54:52.167 [Test worker] DEBUG o.s.w.r.r.m.a.RequestMappingHandlerMapping - 34 mappings in 'requestMappingHandlerMapping'
17:54:52.176 [Test worker] DEBUG o.s.w.r.r.m.a.ControllerMethodResolver - ControllerAdvice beans: none
17:54:52.177 [Test worker] DEBUG o.s.w.s.a.HttpWebHandlerAdapter - enableLoggingRequestDetails='false': form data and headers will be masked to prevent unsafe logging of potentially sensitive data
17:54:52.177 [Test worker] DEBUG o.s.w.t.h.s.r.b.TomcatHttpServer - Starting TomcatHttpServer...
17:54:52.182 [Test worker] DEBUG o.s.w.t.h.s.r.b.TomcatHttpServer - Server started on port 54443(0 millis).
17:54:52.182 [Test worker] DEBUG o.s.w.c.RestTemplate - HTTP POST http://localhost:54443/person-transform/person
17:54:52.182 [Test worker] DEBUG o.s.w.c.RestTemplate - Accept=[application/xml, text/xml, application/json, application/x-jackson-smile, application/*+xml, application/*+json]
17:54:52.182 [Test worker] DEBUG o.s.w.c.RestTemplate - Writing [Person{name='Robert'}] as "application/json"
17:54:52.184 [http-nio-auto-40-exec-1] DEBUG o.s.w.s.a.HttpWebHandlerAdapter - [182f0609] HTTP POST "/person-transform/person"
17:54:52.184 [http-nio-auto-40-exec-1] DEBUG o.s.w.r.r.m.a.RequestMappingHandlerMapping - [182f0609] Mapped to org.springframework.web.reactive.result.method.annotation.RequestMappingMessageConversionIntegrationTests$PersonTransformationController#transformPerson(Person)
17:54:52.184 [http-nio-auto-40-exec-1] DEBUG o.s.w.r.r.m.a.RequestBodyMethodArgumentResolver - [182f0609] Content-Type:application/json
17:54:52.185 [http-nio-auto-40-exec-1] DEBUG o.s.w.r.r.m.a.RequestBodyMethodArgumentResolver - [182f0609] 0..1 [org.springframework.web.reactive.result.method.annotation.RequestMappingMessageConversionIntegrationTests$Person]
17:54:52.185 [http-nio-auto-40-exec-1] DEBUG o.s.h.c.j.Jackson2JsonDecoder - [182f0609] Decoded [Person{name='Robert'}]
17:54:52.185 [http-nio-auto-40-exec-1] DEBUG o.s.w.r.r.m.a.ResponseBodyResultHandler - [182f0609] Using 'application/json' given [application/json] and supported [application/json, application/*+json, application/x-ndjson, application/x-jackson-smile, application/*+x-jackson-smile, application/xml, text/xml, application/*+xml, text/event-stream]
17:54:52.185 [http-nio-auto-40-exec-1] DEBUG o.s.w.r.r.m.a.ResponseBodyResultHandler - [182f0609] 0..1 [org.springframework.web.reactive.result.method.annotation.RequestMappingMessageConversionIntegrationTests$Person]
17:54:52.185 [http-nio-auto-40-exec-1] DEBUG o.s.h.c.j.Jackson2JsonEncoder - [182f0609] Encoding [Person{name='ROBERT'}]
17:54:52.186 [http-nio-auto-40-exec-1] DEBUG o.s.w.s.a.HttpWebHandlerAdapter - [182f0609] Completed 200 OK
17:54:52.186 [Test worker] DEBUG o.s.w.c.RestTemplate - Response 200 OK
17:54:52.186 [Test worker] DEBUG o.s.w.c.RestTemplate - Reading to [org.springframework.web.reactive.result.method.annotation.RequestMappingMessageConversionIntegrationTests$Person]
17:54:52.186 [Test worker] DEBUG o.s.w.t.h.s.r.b.TomcatHttpServer - Stopping TomcatHttpServer...
17:55:03.355 [Test worker] DEBUG o.s.w.t.h.s.r.b.TomcatHttpServer - Server stopped (0 millis).
17:55:03.385 [Test worker] DEBUG o.s.w.r.r.m.a.RequestMappingHandlerMapping - 34 mappings in 'requestMappingHandlerMapping'
17:55:03.395 [Test worker] DEBUG o.s.w.r.r.m.a.ControllerMethodResolver - ControllerAdvice beans: none
17:55:03.397 [Test worker] DEBUG o.s.w.s.a.HttpWebHandlerAdapter - enableLoggingRequestDetails='false': form data and headers will be masked to prevent unsafe logging of potentially sensitive data
17:55:03.397 [Test worker] DEBUG o.s.w.t.h.s.r.b.UndertowHttpServer - Starting UndertowHttpServer...
17:55:03.397 [Test worker] INFO  i.undertow - starting server: Undertow - 2.2.7.Final
17:55:03.400 [Test worker] DEBUG o.s.w.t.h.s.r.b.UndertowHttpServer - Server started on port 54447(0 millis).
17:55:03.400 [Test worker] DEBUG o.s.w.c.RestTemplate - HTTP POST http://localhost:54447/person-transform/person
17:55:03.400 [Test worker] DEBUG o.s.w.c.RestTemplate - Accept=[application/xml, text/xml, application/json, application/x-jackson-smile, application/*+xml, application/*+json]
17:55:03.400 [Test worker] DEBUG o.s.w.c.RestTemplate - Writing [Person{name='Robert'}] as "application/json"
17:55:03.402 [XNIO-40 I/O-1] DEBUG o.s.w.s.a.HttpWebHandlerAdapter - [77e27de4-41] HTTP POST "/person-transform/person"
17:55:03.402 [XNIO-40 I/O-1] DEBUG o.s.w.r.r.m.a.RequestMappingHandlerMapping - [77e27de4-41] Mapped to org.springframework.web.reactive.result.method.annotation.RequestMappingMessageConversionIntegrationTests$PersonTransformationController#transformPerson(Person)
17:55:03.402 [XNIO-40 I/O-1] DEBUG o.s.w.r.r.m.a.RequestBodyMethodArgumentResolver - [77e27de4-41] Content-Type:application/json
17:55:03.402 [XNIO-40 I/O-1] DEBUG o.s.w.r.r.m.a.RequestBodyMethodArgumentResolver - [77e27de4-41] 0..1 [org.springframework.web.reactive.result.method.annotation.RequestMappingMessageConversionIntegrationTests$Person]
17:55:03.403 [XNIO-40 I/O-1] DEBUG o.s.h.c.j.Jackson2JsonDecoder - [77e27de4-41] Decoded [Person{name='Robert'}]
17:55:03.403 [XNIO-40 I/O-1] DEBUG o.s.w.r.r.m.a.ResponseBodyResultHandler - [77e27de4-41] Using 'application/json' given [application/json] and supported [application/json, application/*+json, application/x-ndjson, application/x-jackson-smile, application/*+x-jackson-smile, application/xml, text/xml, application/*+xml, text/event-stream]
17:55:03.403 [XNIO-40 I/O-1] DEBUG o.s.w.r.r.m.a.ResponseBodyResultHandler - [77e27de4-41] 0..1 [org.springframework.web.reactive.result.method.annotation.RequestMappingMessageConversionIntegrationTests$Person]
17:55:03.403 [XNIO-40 I/O-1] DEBUG o.s.h.c.j.Jackson2JsonEncoder - [77e27de4-41] Encoding [Person{name='ROBERT'}]
17:55:03.404 [XNIO-40 I/O-1] DEBUG o.s.w.s.a.HttpWebHandlerAdapter - [77e27de4-41] Completed 200 OK
17:55:03.404 [Test worker] DEBUG o.s.w.c.RestTemplate - Response 200 OK
17:55:03.404 [Test worker] DEBUG o.s.w.c.RestTemplate - Reading to [org.springframework.web.reactive.result.method.annotation.RequestMappingMessageConversionIntegrationTests$Person]
17:55:03.404 [Test worker] DEBUG o.s.w.t.h.s.r.b.UndertowHttpServer - Stopping UndertowHttpServer...
17:55:03.404 [Test worker] INFO  i.undertow - stopping server: Undertow - 2.2.7.Final
17:55:03.405 [Test worker] DEBUG o.s.w.t.h.s.r.b.UndertowHttpServer - Server stopped (0 millis).
17:55:03.428 [Test worker] DEBUG o.s.w.r.r.m.a.RequestMappingHandlerMapping - 34 mappings in 'requestMappingHandlerMapping'
17:55:03.436 [Test worker] DEBUG o.s.w.r.r.m.a.ControllerMethodResolver - ControllerAdvice beans: none
17:55:03.438 [Test worker] DEBUG o.s.w.s.a.HttpWebHandlerAdapter - enableLoggingRequestDetails='false': form data and headers will be masked to prevent unsafe logging of potentially sensitive data
17:55:03.438 [Test worker] WARN  o.e.j.s.h.ContextHandler - Empty contextPath
17:55:03.438 [Test worker] INFO  o.e.j.s.h.ContextHandler - Started o.e.j.s.ServletContextHandler@218f7514{/,null,AVAILABLE}
17:55:03.438 [Test worker] DEBUG o.s.w.t.h.s.r.b.JettyHttpServer - Starting JettyHttpServer...
17:55:03.438 [Test worker] INFO  o.e.j.s.Server - jetty-9.4.39.v20210325; built: 2021-03-25T14:42:11.471Z; git: 9fc7ca5a922f2a37b84ec9dbc26a5168cee7e667; jvm 1.8.0_181-b13
17:55:03.439 [Test worker] INFO  o.e.j.s.AbstractConnector - Started ServerConnector@5069e76e{HTTP/1.1, (http/1.1)}{0.0.0.0:54449}
17:55:03.439 [Test worker] INFO  o.e.j.s.Server - Started @470475ms
17:55:03.439 [Test worker] DEBUG o.s.w.t.h.s.r.b.JettyHttpServer - Server started on port 54449(0 millis).
17:55:03.439 [Test worker] DEBUG o.s.w.c.RestTemplate - HTTP POST http://localhost:54449/person-transform/mono
17:55:03.440 [Test worker] DEBUG o.s.w.c.RestTemplate - Accept=[application/xml, text/xml, application/json, application/x-jackson-smile, application/*+xml, application/*+json]
17:55:03.440 [Test worker] DEBUG o.s.w.c.RestTemplate - Writing [Person{name='Robert'}] as "application/xml"
17:55:03.443 [qtp549685466-1868] DEBUG o.s.w.s.a.HttpWebHandlerAdapter - [2e2dc524] HTTP POST "/person-transform/mono"
17:55:03.443 [qtp549685466-1868] DEBUG o.s.w.r.r.m.a.RequestMappingHandlerMapping - [2e2dc524] Mapped to org.springframework.web.reactive.result.method.annotation.RequestMappingMessageConversionIntegrationTests$PersonTransformationController#transformMono(Mono)
17:55:03.443 [qtp549685466-1868] DEBUG o.s.w.r.r.m.a.RequestBodyMethodArgumentResolver - [2e2dc524] Content-Type:application/xml
17:55:03.443 [qtp549685466-1868] DEBUG o.s.w.r.r.m.a.RequestBodyMethodArgumentResolver - [2e2dc524] 0..1 [org.springframework.web.reactive.result.method.annotation.RequestMappingMessageConversionIntegrationTests$Person]
17:55:03.444 [qtp549685466-1868] DEBUG o.s.w.r.r.m.a.ResponseBodyResultHandler - [2e2dc524] Using 'application/xml' given [application/xml] and supported [application/json, application/*+json, application/x-ndjson, application/x-jackson-smile, application/*+x-jackson-smile, application/xml, text/xml, application/*+xml, text/event-stream]
17:55:03.444 [qtp549685466-1868] DEBUG o.s.w.r.r.m.a.ResponseBodyResultHandler - [2e2dc524] 0..1 [org.springframework.web.reactive.result.method.annotation.RequestMappingMessageConversionIntegrationTests$Person]
17:55:03.454 [qtp549685466-1868] DEBUG o.s.h.c.x.Jaxb2XmlEncoder - [2e2dc524] Encoding [Person{name='ROBERT'}]
17:55:03.455 [qtp549685466-1868] DEBUG o.s.w.s.a.HttpWebHandlerAdapter - [2e2dc524] Completed 200 OK
17:55:03.455 [Test worker] DEBUG o.s.w.c.RestTemplate - Response 200 OK
17:55:03.455 [Test worker] DEBUG o.s.w.c.RestTemplate - Reading to [org.springframework.web.reactive.result.method.annotation.RequestMappingMessageConversionIntegrationTests$Person] as "application/xml"
17:55:03.459 [Test worker] DEBUG o.s.w.t.h.s.r.b.JettyHttpServer - Stopping JettyHttpServer...
17:55:03.459 [Test worker] INFO  o.e.j.s.h.ContextHandler - Stopped o.e.j.s.ServletContextHandler@218f7514{/,null,STOPPED}
17:55:03.460 [Test worker] INFO  o.e.j.s.AbstractConnector - Stopped ServerConnector@5069e76e{HTTP/1.1, (http/1.1)}{0.0.0.0:0}
17:55:03.460 [Test worker] DEBUG o.s.w.t.h.s.r.b.JettyHttpServer - Server stopped (0 millis).
17:55:03.480 [Test worker] DEBUG o.s.w.r.r.m.a.RequestMappingHandlerMapping - 34 mappings in 'requestMappingHandlerMapping'
17:55:03.490 [Test worker] DEBUG o.s.w.r.r.m.a.ControllerMethodResolver - ControllerAdvice beans: none
17:55:03.491 [Test worker] DEBUG o.s.w.s.a.HttpWebHandlerAdapter - enableLoggingRequestDetails='false': form data and headers will be masked to prevent unsafe logging of potentially sensitive data
17:55:03.491 [Test worker] DEBUG o.s.w.t.h.s.r.b.ReactorHttpServer - Starting ReactorHttpServer...
17:55:03.491 [Test worker] DEBUG o.s.w.t.h.s.r.b.ReactorHttpServer - Server started on port 54451(0 millis).
17:55:03.492 [Test worker] DEBUG o.s.w.c.RestTemplate - HTTP POST http://localhost:54451/person-transform/mono
17:55:03.492 [Test worker] DEBUG o.s.w.c.RestTemplate - Accept=[application/xml, text/xml, application/json, application/x-jackson-smile, application/*+xml, application/*+json]
17:55:03.492 [Test worker] DEBUG o.s.w.c.RestTemplate - Writing [Person{name='Robert'}] as "application/xml"
17:55:03.495 [reactor-http-nio-11] DEBUG o.s.w.s.a.HttpWebHandlerAdapter - [2d6dc912-1, L:/127.0.0.1:54451 - R:/127.0.0.1:54452] HTTP POST "/person-transform/mono"
17:55:03.495 [reactor-http-nio-11] DEBUG o.s.w.r.r.m.a.RequestMappingHandlerMapping - [2d6dc912-1, L:/127.0.0.1:54451 - R:/127.0.0.1:54452] Mapped to org.springframework.web.reactive.result.method.annotation.RequestMappingMessageConversionIntegrationTests$PersonTransformationController#transformMono(Mono)
17:55:03.495 [reactor-http-nio-11] DEBUG o.s.w.r.r.m.a.RequestBodyMethodArgumentResolver - [2d6dc912-1, L:/127.0.0.1:54451 - R:/127.0.0.1:54452] Content-Type:application/xml
17:55:03.495 [reactor-http-nio-11] DEBUG o.s.w.r.r.m.a.RequestBodyMethodArgumentResolver - [2d6dc912-1, L:/127.0.0.1:54451 - R:/127.0.0.1:54452] 0..1 [org.springframework.web.reactive.result.method.annotation.RequestMappingMessageConversionIntegrationTests$Person]
17:55:03.496 [reactor-http-nio-11] DEBUG o.s.w.r.r.m.a.ResponseBodyResultHandler - [2d6dc912-1, L:/127.0.0.1:54451 - R:/127.0.0.1:54452] Using 'application/xml' given [application/xml] and supported [application/json, application/*+json, application/x-ndjson, application/x-jackson-smile, application/*+x-jackson-smile, application/xml, text/xml, application/*+xml, text/event-stream]
17:55:03.496 [reactor-http-nio-11] DEBUG o.s.w.r.r.m.a.ResponseBodyResultHandler - [2d6dc912-1, L:/127.0.0.1:54451 - R:/127.0.0.1:54452] 0..1 [org.springframework.web.reactive.result.method.annotation.RequestMappingMessageConversionIntegrationTests$Person]
17:55:03.498 [reactor-http-nio-11] DEBUG o.s.h.c.x.Jaxb2XmlEncoder - [2d6dc912-1, L:/127.0.0.1:54451 - R:/127.0.0.1:54452] Encoding [Person{name='ROBERT'}]
17:55:03.499 [Test worker] DEBUG o.s.w.c.RestTemplate - Response 200 OK
17:55:03.499 [reactor-http-nio-11] DEBUG o.s.w.s.a.HttpWebHandlerAdapter - [2d6dc912-1, L:/127.0.0.1:54451 - R:/127.0.0.1:54452] Completed 200 OK
17:55:03.499 [Test worker] DEBUG o.s.w.c.RestTemplate - Reading to [org.springframework.web.reactive.result.method.annotation.RequestMappingMessageConversionIntegrationTests$Person] as "application/xml"
17:55:03.500 [Test worker] DEBUG o.s.w.t.h.s.r.b.ReactorHttpServer - Stopping ReactorHttpServer...
17:55:03.500 [Test worker] DEBUG o.s.w.t.h.s.r.b.ReactorHttpServer - Server stopped (0 millis).
17:55:03.521 [Test worker] DEBUG o.s.w.r.r.m.a.RequestMappingHandlerMapping - 34 mappings in 'requestMappingHandlerMapping'
17:55:03.530 [Test worker] DEBUG o.s.w.r.r.m.a.ControllerMethodResolver - ControllerAdvice beans: none
17:55:03.531 [Test worker] DEBUG o.s.w.s.a.HttpWebHandlerAdapter - enableLoggingRequestDetails='false': form data and headers will be masked to prevent unsafe logging of potentially sensitive data
17:55:03.531 [Test worker] DEBUG o.s.w.t.h.s.r.b.TomcatHttpServer - Starting TomcatHttpServer...
17:55:03.538 [Test worker] DEBUG o.s.w.t.h.s.r.b.TomcatHttpServer - Server started on port 54453(0 millis).
17:55:03.538 [Test worker] DEBUG o.s.w.c.RestTemplate - HTTP POST http://localhost:54453/person-transform/mono
17:55:03.539 [Test worker] DEBUG o.s.w.c.RestTemplate - Accept=[application/xml, text/xml, application/json, application/x-jackson-smile, application/*+xml, application/*+json]
17:55:03.539 [Test worker] DEBUG o.s.w.c.RestTemplate - Writing [Person{name='Robert'}] as "application/xml"
17:55:03.542 [http-nio-auto-41-exec-1] DEBUG o.s.w.s.a.HttpWebHandlerAdapter - [603a4a84] HTTP POST "/person-transform/mono"
17:55:03.542 [http-nio-auto-41-exec-1] DEBUG o.s.w.r.r.m.a.RequestMappingHandlerMapping - [603a4a84] Mapped to org.springframework.web.reactive.result.method.annotation.RequestMappingMessageConversionIntegrationTests$PersonTransformationController#transformMono(Mono)
17:55:03.542 [http-nio-auto-41-exec-1] DEBUG o.s.w.r.r.m.a.RequestBodyMethodArgumentResolver - [603a4a84] Content-Type:application/xml
17:55:03.542 [http-nio-auto-41-exec-1] DEBUG o.s.w.r.r.m.a.RequestBodyMethodArgumentResolver - [603a4a84] 0..1 [org.springframework.web.reactive.result.method.annotation.RequestMappingMessageConversionIntegrationTests$Person]
17:55:03.543 [http-nio-auto-41-exec-1] DEBUG o.s.w.r.r.m.a.ResponseBodyResultHandler - [603a4a84] Using 'application/xml' given [application/xml] and supported [application/json, application/*+json, application/x-ndjson, application/x-jackson-smile, application/*+x-jackson-smile, application/xml, text/xml, application/*+xml, text/event-stream]
17:55:03.543 [http-nio-auto-41-exec-1] DEBUG o.s.w.r.r.m.a.ResponseBodyResultHandler - [603a4a84] 0..1 [org.springframework.web.reactive.result.method.annotation.RequestMappingMessageConversionIntegrationTests$Person]
17:55:03.545 [http-nio-auto-41-exec-1] DEBUG o.s.h.c.x.Jaxb2XmlEncoder - [603a4a84] Encoding [Person{name='ROBERT'}]
17:55:03.547 [http-nio-auto-41-exec-1] DEBUG o.s.w.s.a.HttpWebHandlerAdapter - [603a4a84] Completed 200 OK
17:55:03.547 [Test worker] DEBUG o.s.w.c.RestTemplate - Response 200 OK
17:55:03.547 [Test worker] DEBUG o.s.w.c.RestTemplate - Reading to [org.springframework.web.reactive.result.method.annotation.RequestMappingMessageConversionIntegrationTests$Person] as "application/xml"
17:55:03.548 [Test worker] DEBUG o.s.w.t.h.s.r.b.TomcatHttpServer - Stopping TomcatHttpServer...
17:55:14.727 [Test worker] DEBUG o.s.w.t.h.s.r.b.TomcatHttpServer - Server stopped (0 millis).
17:55:14.753 [Test worker] DEBUG o.s.w.r.r.m.a.RequestMappingHandlerMapping - 34 mappings in 'requestMappingHandlerMapping'
17:55:14.762 [Test worker] DEBUG o.s.w.r.r.m.a.ControllerMethodResolver - ControllerAdvice beans: none
17:55:14.764 [Test worker] DEBUG o.s.w.s.a.HttpWebHandlerAdapter - enableLoggingRequestDetails='false': form data and headers will be masked to prevent unsafe logging of potentially sensitive data
17:55:14.764 [Test worker] DEBUG o.s.w.t.h.s.r.b.UndertowHttpServer - Starting UndertowHttpServer...
17:55:14.764 [Test worker] INFO  i.undertow - starting server: Undertow - 2.2.7.Final
17:55:14.766 [Test worker] DEBUG o.s.w.t.h.s.r.b.UndertowHttpServer - Server started on port 54467(0 millis).
17:55:14.767 [Test worker] DEBUG o.s.w.c.RestTemplate - HTTP POST http://localhost:54467/person-transform/mono
17:55:14.767 [Test worker] DEBUG o.s.w.c.RestTemplate - Accept=[application/xml, text/xml, application/json, application/x-jackson-smile, application/*+xml, application/*+json]
17:55:14.767 [Test worker] DEBUG o.s.w.c.RestTemplate - Writing [Person{name='Robert'}] as "application/xml"
17:55:14.770 [XNIO-41 I/O-1] DEBUG o.s.w.s.a.HttpWebHandlerAdapter - [34fbd313-42] HTTP POST "/person-transform/mono"
17:55:14.770 [XNIO-41 I/O-1] DEBUG o.s.w.r.r.m.a.RequestMappingHandlerMapping - [34fbd313-42] Mapped to org.springframework.web.reactive.result.method.annotation.RequestMappingMessageConversionIntegrationTests$PersonTransformationController#transformMono(Mono)
17:55:14.770 [XNIO-41 I/O-1] DEBUG o.s.w.r.r.m.a.RequestBodyMethodArgumentResolver - [34fbd313-42] Content-Type:application/xml
17:55:14.771 [XNIO-41 I/O-1] DEBUG o.s.w.r.r.m.a.RequestBodyMethodArgumentResolver - [34fbd313-42] 0..1 [org.springframework.web.reactive.result.method.annotation.RequestMappingMessageConversionIntegrationTests$Person]
17:55:14.771 [XNIO-41 I/O-1] DEBUG o.s.w.r.r.m.a.ResponseBodyResultHandler - [34fbd313-42] Using 'application/xml' given [application/xml] and supported [application/json, application/*+json, application/x-ndjson, application/x-jackson-smile, application/*+x-jackson-smile, application/xml, text/xml, application/*+xml, text/event-stream]
17:55:14.771 [XNIO-41 I/O-1] DEBUG o.s.w.r.r.m.a.ResponseBodyResultHandler - [34fbd313-42] 0..1 [org.springframework.web.reactive.result.method.annotation.RequestMappingMessageConversionIntegrationTests$Person]
17:55:14.773 [XNIO-41 I/O-1] DEBUG o.s.h.c.x.Jaxb2XmlEncoder - [34fbd313-42] Encoding [Person{name='ROBERT'}]
17:55:14.775 [XNIO-41 I/O-1] DEBUG o.s.w.s.a.HttpWebHandlerAdapter - [34fbd313-42] Completed 200 OK
17:55:14.775 [Test worker] DEBUG o.s.w.c.RestTemplate - Response 200 OK
17:55:14.775 [Test worker] DEBUG o.s.w.c.RestTemplate - Reading to [org.springframework.web.reactive.result.method.annotation.RequestMappingMessageConversionIntegrationTests$Person] as "application/xml"
17:55:14.776 [Test worker] DEBUG o.s.w.t.h.s.r.b.UndertowHttpServer - Stopping UndertowHttpServer...
17:55:14.776 [Test worker] INFO  i.undertow - stopping server: Undertow - 2.2.7.Final
17:55:14.776 [Test worker] DEBUG o.s.w.t.h.s.r.b.UndertowHttpServer - Server stopped (0 millis).
17:55:14.798 [Test worker] DEBUG o.s.w.r.r.m.a.RequestMappingHandlerMapping - 34 mappings in 'requestMappingHandlerMapping'
17:55:14.808 [Test worker] DEBUG o.s.w.r.r.m.a.ControllerMethodResolver - ControllerAdvice beans: none
17:55:14.810 [Test worker] DEBUG o.s.w.s.a.HttpWebHandlerAdapter - enableLoggingRequestDetails='false': form data and headers will be masked to prevent unsafe logging of potentially sensitive data
17:55:14.810 [Test worker] WARN  o.e.j.s.h.ContextHandler - Empty contextPath
17:55:14.811 [Test worker] INFO  o.e.j.s.h.ContextHandler - Started o.e.j.s.ServletContextHandler@3bbfdc8d{/,null,AVAILABLE}
17:55:14.811 [Test worker] DEBUG o.s.w.t.h.s.r.b.JettyHttpServer - Starting JettyHttpServer...
17:55:14.811 [Test worker] INFO  o.e.j.s.Server - jetty-9.4.39.v20210325; built: 2021-03-25T14:42:11.471Z; git: 9fc7ca5a922f2a37b84ec9dbc26a5168cee7e667; jvm 1.8.0_181-b13
17:55:14.812 [Test worker] INFO  o.e.j.s.AbstractConnector - Started ServerConnector@28f992b2{HTTP/1.1, (http/1.1)}{0.0.0.0:54469}
17:55:14.812 [Test worker] INFO  o.e.j.s.Server - Started @481847ms
17:55:14.812 [Test worker] DEBUG o.s.w.t.h.s.r.b.JettyHttpServer - Server started on port 54469(0 millis).
17:55:14.812 [Test worker] DEBUG o.s.w.c.RestTemplate - HTTP GET http://localhost:54469/person-response/observable
17:55:14.812 [Test worker] DEBUG o.s.w.c.RestTemplate - Accept=[application/json, application/x-jackson-smile, application/*+json]
17:55:14.813 [qtp535722779-1913] DEBUG o.s.w.s.a.HttpWebHandlerAdapter - [697a9a20] HTTP GET "/person-response/observable"
17:55:14.813 [qtp535722779-1913] DEBUG o.s.w.r.r.m.a.RequestMappingHandlerMapping - [697a9a20] Mapped to org.springframework.web.reactive.result.method.annotation.RequestMappingMessageConversionIntegrationTests$PersonResponseBodyController#getObservable()
17:55:14.814 [qtp535722779-1913] DEBUG o.s.w.r.r.m.a.ResponseBodyResultHandler - [697a9a20] Using 'application/json' given [application/json] and supported [application/json, application/*+json, application/x-ndjson, application/x-jackson-smile, application/*+x-jackson-smile, application/xml, text/xml, application/*+xml, text/event-stream]
17:55:14.814 [qtp535722779-1913] DEBUG o.s.w.r.r.m.a.ResponseBodyResultHandler - [697a9a20] 0..N [org.springframework.web.reactive.result.method.annotation.RequestMappingMessageConversionIntegrationTests$Person]
17:55:14.815 [qtp535722779-1913] DEBUG o.s.h.c.j.Jackson2JsonEncoder - [697a9a20] Encoding [[Person{name='Robert'}, Person{name='Marie'}]]
17:55:14.815 [qtp535722779-1913] DEBUG o.s.w.s.a.HttpWebHandlerAdapter - [697a9a20] Completed 200 OK
17:55:14.815 [Test worker] DEBUG o.s.w.c.RestTemplate - Response 200 OK
17:55:14.815 [Test worker] DEBUG o.s.w.c.RestTemplate - Reading to [java.util.List<org.springframework.web.reactive.result.method.annotation.RequestMappingMessageConversionIntegrationTests$Person>]
17:55:14.816 [Test worker] DEBUG o.s.w.t.h.s.r.b.JettyHttpServer - Stopping JettyHttpServer...
17:55:14.816 [Test worker] INFO  o.e.j.s.h.ContextHandler - Stopped o.e.j.s.ServletContextHandler@3bbfdc8d{/,null,STOPPED}
17:55:14.816 [Test worker] INFO  o.e.j.s.AbstractConnector - Stopped ServerConnector@28f992b2{HTTP/1.1, (http/1.1)}{0.0.0.0:0}
17:55:14.817 [Test worker] DEBUG o.s.w.t.h.s.r.b.JettyHttpServer - Server stopped (0 millis).
17:55:14.838 [Test worker] DEBUG o.s.w.r.r.m.a.RequestMappingHandlerMapping - 34 mappings in 'requestMappingHandlerMapping'
17:55:14.848 [Test worker] DEBUG o.s.w.r.r.m.a.ControllerMethodResolver - ControllerAdvice beans: none
17:55:14.850 [Test worker] DEBUG o.s.w.s.a.HttpWebHandlerAdapter - enableLoggingRequestDetails='false': form data and headers will be masked to prevent unsafe logging of potentially sensitive data
17:55:14.850 [Test worker] DEBUG o.s.w.t.h.s.r.b.ReactorHttpServer - Starting ReactorHttpServer...
17:55:14.850 [Test worker] DEBUG o.s.w.t.h.s.r.b.ReactorHttpServer - Server started on port 54471(0 millis).
17:55:14.851 [Test worker] DEBUG o.s.w.c.RestTemplate - HTTP GET http://localhost:54471/person-response/observable
17:55:14.851 [Test worker] DEBUG o.s.w.c.RestTemplate - Accept=[application/json, application/x-jackson-smile, application/*+json]
17:55:14.852 [reactor-http-nio-13] DEBUG o.s.w.s.a.HttpWebHandlerAdapter - [3557ba24-1, L:/127.0.0.1:54471 - R:/127.0.0.1:54472] HTTP GET "/person-response/observable"
17:55:14.852 [reactor-http-nio-13] DEBUG o.s.w.r.r.m.a.RequestMappingHandlerMapping - [3557ba24-1, L:/127.0.0.1:54471 - R:/127.0.0.1:54472] Mapped to org.springframework.web.reactive.result.method.annotation.RequestMappingMessageConversionIntegrationTests$PersonResponseBodyController#getObservable()
17:55:14.853 [reactor-http-nio-13] DEBUG o.s.w.r.r.m.a.ResponseBodyResultHandler - [3557ba24-1, L:/127.0.0.1:54471 - R:/127.0.0.1:54472] Using 'application/json' given [application/json] and supported [application/json, application/*+json, application/x-ndjson, application/x-jackson-smile, application/*+x-jackson-smile, application/xml, text/xml, application/*+xml, text/event-stream]
17:55:14.853 [reactor-http-nio-13] DEBUG o.s.w.r.r.m.a.ResponseBodyResultHandler - [3557ba24-1, L:/127.0.0.1:54471 - R:/127.0.0.1:54472] 0..N [org.springframework.web.reactive.result.method.annotation.RequestMappingMessageConversionIntegrationTests$Person]
17:55:14.853 [reactor-http-nio-13] DEBUG o.s.h.c.j.Jackson2JsonEncoder - [3557ba24-1, L:/127.0.0.1:54471 - R:/127.0.0.1:54472] Encoding [[Person{name='Robert'}, Person{name='Marie'}]]
17:55:14.854 [Test worker] DEBUG o.s.w.c.RestTemplate - Response 200 OK
17:55:14.854 [reactor-http-nio-13] DEBUG o.s.w.s.a.HttpWebHandlerAdapter - [3557ba24-1, L:/127.0.0.1:54471 - R:/127.0.0.1:54472] Completed 200 OK
17:55:14.854 [Test worker] DEBUG o.s.w.c.RestTemplate - Reading to [java.util.List<org.springframework.web.reactive.result.method.annotation.RequestMappingMessageConversionIntegrationTests$Person>]
17:55:14.855 [Test worker] DEBUG o.s.w.t.h.s.r.b.ReactorHttpServer - Stopping ReactorHttpServer...
17:55:14.855 [Test worker] DEBUG o.s.w.t.h.s.r.b.ReactorHttpServer - Server stopped (0 millis).
17:55:14.878 [Test worker] DEBUG o.s.w.r.r.m.a.RequestMappingHandlerMapping - 34 mappings in 'requestMappingHandlerMapping'
17:55:14.890 [Test worker] DEBUG o.s.w.r.r.m.a.ControllerMethodResolver - ControllerAdvice beans: none
17:55:14.892 [Test worker] DEBUG o.s.w.s.a.HttpWebHandlerAdapter - enableLoggingRequestDetails='false': form data and headers will be masked to prevent unsafe logging of potentially sensitive data
17:55:14.892 [Test worker] DEBUG o.s.w.t.h.s.r.b.TomcatHttpServer - Starting TomcatHttpServer...
17:55:14.897 [Test worker] DEBUG o.s.w.t.h.s.r.b.TomcatHttpServer - Server started on port 54473(0 millis).
17:55:14.897 [Test worker] DEBUG o.s.w.c.RestTemplate - HTTP GET http://localhost:54473/person-response/observable
17:55:14.897 [Test worker] DEBUG o.s.w.c.RestTemplate - Accept=[application/json, application/x-jackson-smile, application/*+json]
17:55:14.900 [http-nio-auto-42-exec-1] DEBUG o.s.w.s.a.HttpWebHandlerAdapter - [6db60bd1] HTTP GET "/person-response/observable"
17:55:14.900 [http-nio-auto-42-exec-1] DEBUG o.s.w.r.r.m.a.RequestMappingHandlerMapping - [6db60bd1] Mapped to org.springframework.web.reactive.result.method.annotation.RequestMappingMessageConversionIntegrationTests$PersonResponseBodyController#getObservable()
17:55:14.901 [http-nio-auto-42-exec-1] DEBUG o.s.w.r.r.m.a.ResponseBodyResultHandler - [6db60bd1] Using 'application/json' given [application/json] and supported [application/json, application/*+json, application/x-ndjson, application/x-jackson-smile, application/*+x-jackson-smile, application/xml, text/xml, application/*+xml, text/event-stream]
17:55:14.901 [http-nio-auto-42-exec-1] DEBUG o.s.w.r.r.m.a.ResponseBodyResultHandler - [6db60bd1] 0..N [org.springframework.web.reactive.result.method.annotation.RequestMappingMessageConversionIntegrationTests$Person]
17:55:14.901 [http-nio-auto-42-exec-1] DEBUG o.s.h.c.j.Jackson2JsonEncoder - [6db60bd1] Encoding [[Person{name='Robert'}, Person{name='Marie'}]]
17:55:14.902 [http-nio-auto-42-exec-1] DEBUG o.s.w.s.a.HttpWebHandlerAdapter - [6db60bd1] Completed 200 OK
17:55:14.902 [Test worker] DEBUG o.s.w.c.RestTemplate - Response 200 OK
17:55:14.902 [Test worker] DEBUG o.s.w.c.RestTemplate - Reading to [java.util.List<org.springframework.web.reactive.result.method.annotation.RequestMappingMessageConversionIntegrationTests$Person>]
17:55:14.903 [Test worker] DEBUG o.s.w.t.h.s.r.b.TomcatHttpServer - Stopping TomcatHttpServer...
17:55:26.045 [Test worker] DEBUG o.s.w.t.h.s.r.b.TomcatHttpServer - Server stopped (0 millis).
17:55:26.072 [Test worker] DEBUG o.s.w.r.r.m.a.RequestMappingHandlerMapping - 34 mappings in 'requestMappingHandlerMapping'
17:55:26.083 [Test worker] DEBUG o.s.w.r.r.m.a.ControllerMethodResolver - ControllerAdvice beans: none
17:55:26.084 [Test worker] DEBUG o.s.w.s.a.HttpWebHandlerAdapter - enableLoggingRequestDetails='false': form data and headers will be masked to prevent unsafe logging of potentially sensitive data
17:55:26.084 [Test worker] DEBUG o.s.w.t.h.s.r.b.UndertowHttpServer - Starting UndertowHttpServer...
17:55:26.084 [Test worker] INFO  i.undertow - starting server: Undertow - 2.2.7.Final
17:55:26.086 [Test worker] DEBUG o.s.w.t.h.s.r.b.UndertowHttpServer - Server started on port 54490(0 millis).
17:55:26.086 [Test worker] DEBUG o.s.w.c.RestTemplate - HTTP GET http://localhost:54490/person-response/observable
17:55:26.086 [Test worker] DEBUG o.s.w.c.RestTemplate - Accept=[application/json, application/x-jackson-smile, application/*+json]
17:55:26.087 [XNIO-42 I/O-15] DEBUG o.s.w.s.a.HttpWebHandlerAdapter - [33cc114a-43] HTTP GET "/person-response/observable"
17:55:26.088 [XNIO-42 I/O-15] DEBUG o.s.w.r.r.m.a.RequestMappingHandlerMapping - [33cc114a-43] Mapped to org.springframework.web.reactive.result.method.annotation.RequestMappingMessageConversionIntegrationTests$PersonResponseBodyController#getObservable()
17:55:26.088 [XNIO-42 I/O-15] DEBUG o.s.w.r.r.m.a.ResponseBodyResultHandler - [33cc114a-43] Using 'application/json' given [application/json] and supported [application/json, application/*+json, application/x-ndjson, application/x-jackson-smile, application/*+x-jackson-smile, application/xml, text/xml, application/*+xml, text/event-stream]
17:55:26.088 [XNIO-42 I/O-15] DEBUG o.s.w.r.r.m.a.ResponseBodyResultHandler - [33cc114a-43] 0..N [org.springframework.web.reactive.result.method.annotation.RequestMappingMessageConversionIntegrationTests$Person]
17:55:26.088 [XNIO-42 I/O-15] DEBUG o.s.h.c.j.Jackson2JsonEncoder - [33cc114a-43] Encoding [[Person{name='Robert'}, Person{name='Marie'}]]
17:55:26.089 [XNIO-42 I/O-15] DEBUG o.s.w.s.a.HttpWebHandlerAdapter - [33cc114a-43] Completed 200 OK
17:55:26.089 [Test worker] DEBUG o.s.w.c.RestTemplate - Response 200 OK
17:55:26.089 [Test worker] DEBUG o.s.w.c.RestTemplate - Reading to [java.util.List<org.springframework.web.reactive.result.method.annotation.RequestMappingMessageConversionIntegrationTests$Person>]
17:55:26.089 [Test worker] DEBUG o.s.w.t.h.s.r.b.UndertowHttpServer - Stopping UndertowHttpServer...
17:55:26.089 [Test worker] INFO  i.undertow - stopping server: Undertow - 2.2.7.Final
17:55:26.090 [Test worker] DEBUG o.s.w.t.h.s.r.b.UndertowHttpServer - Server stopped (0 millis).
17:55:26.115 [Test worker] DEBUG o.s.w.r.r.m.a.RequestMappingHandlerMapping - 34 mappings in 'requestMappingHandlerMapping'
17:55:26.124 [Test worker] DEBUG o.s.w.r.r.m.a.ControllerMethodResolver - ControllerAdvice beans: none
17:55:26.126 [Test worker] DEBUG o.s.w.s.a.HttpWebHandlerAdapter - enableLoggingRequestDetails='false': form data and headers will be masked to prevent unsafe logging of potentially sensitive data
17:55:26.126 [Test worker] WARN  o.e.j.s.h.ContextHandler - Empty contextPath
17:55:26.126 [Test worker] INFO  o.e.j.s.h.ContextHandler - Started o.e.j.s.ServletContextHandler@5238307a{/,null,AVAILABLE}
17:55:26.126 [Test worker] DEBUG o.s.w.t.h.s.r.b.JettyHttpServer - Starting JettyHttpServer...
17:55:26.126 [Test worker] INFO  o.e.j.s.Server - jetty-9.4.39.v20210325; built: 2021-03-25T14:42:11.471Z; git: 9fc7ca5a922f2a37b84ec9dbc26a5168cee7e667; jvm 1.8.0_181-b13
17:55:26.127 [Test worker] INFO  o.e.j.s.AbstractConnector - Started ServerConnector@6c0ee1c4{HTTP/1.1, (http/1.1)}{0.0.0.0:54494}
17:55:26.127 [Test worker] INFO  o.e.j.s.Server - Started @493162ms
17:55:26.127 [Test worker] DEBUG o.s.w.t.h.s.r.b.JettyHttpServer - Server started on port 54494(0 millis).
17:55:26.127 [Test worker] DEBUG o.s.w.c.RestTemplate - HTTP POST http://localhost:54494/person-transform/publisher
17:55:26.128 [Test worker] DEBUG o.s.w.c.RestTemplate - Accept=[application/json, application/x-jackson-smile, application/*+json]
17:55:26.128 [Test worker] DEBUG o.s.w.c.RestTemplate - Writing [[Person{name='Robert'}, Person{name='Marie'}]] as "application/json"
17:55:26.129 [qtp743473262-1958] DEBUG o.s.w.s.a.HttpWebHandlerAdapter - [7a486f41] HTTP POST "/person-transform/publisher"
17:55:26.129 [qtp743473262-1958] DEBUG o.s.w.r.r.m.a.RequestMappingHandlerMapping - [7a486f41] Mapped to org.springframework.web.reactive.result.method.annotation.RequestMappingMessageConversionIntegrationTests$PersonTransformationController#transformPublisher(Publisher)
17:55:26.130 [qtp743473262-1958] DEBUG o.s.w.r.r.m.a.RequestBodyMethodArgumentResolver - [7a486f41] Content-Type:application/json
17:55:26.130 [qtp743473262-1958] DEBUG o.s.w.r.r.m.a.RequestBodyMethodArgumentResolver - [7a486f41] 0..N [org.springframework.web.reactive.result.method.annotation.RequestMappingMessageConversionIntegrationTests$Person]
17:55:26.131 [qtp743473262-1958] DEBUG o.s.w.r.r.m.a.ResponseBodyResultHandler - [7a486f41] Using 'application/json' given [application/json] and supported [application/json, application/*+json, application/x-ndjson, application/x-jackson-smile, application/*+x-jackson-smile, application/xml, text/xml, application/*+xml, text/event-stream]
17:55:26.131 [qtp743473262-1958] DEBUG o.s.w.r.r.m.a.ResponseBodyResultHandler - [7a486f41] 0..N [org.springframework.web.reactive.result.method.annotation.RequestMappingMessageConversionIntegrationTests$Person]
17:55:26.131 [qtp743473262-1958] DEBUG o.s.h.c.j.Jackson2JsonDecoder - [7a486f41] Decoded [Person{name='Robert'}]
17:55:26.131 [qtp743473262-1958] DEBUG o.s.h.c.j.Jackson2JsonDecoder - [7a486f41] Decoded [Person{name='Marie'}]
17:55:26.131 [qtp743473262-1958] DEBUG o.s.h.c.j.Jackson2JsonEncoder - [7a486f41] Encoding [[Person{name='ROBERT'}, Person{name='MARIE'}]]
17:55:26.132 [qtp743473262-1958] DEBUG o.s.w.s.a.HttpWebHandlerAdapter - [7a486f41] Completed 200 OK
17:55:26.132 [Test worker] DEBUG o.s.w.c.RestTemplate - Response 200 OK
17:55:26.132 [Test worker] DEBUG o.s.w.c.RestTemplate - Reading to [java.util.List<org.springframework.web.reactive.result.method.annotation.RequestMappingMessageConversionIntegrationTests$Person>]
17:55:26.132 [Test worker] DEBUG o.s.w.t.h.s.r.b.JettyHttpServer - Stopping JettyHttpServer...
17:55:26.132 [Test worker] INFO  o.e.j.s.h.ContextHandler - Stopped o.e.j.s.ServletContextHandler@5238307a{/,null,STOPPED}
17:55:26.133 [Test worker] INFO  o.e.j.s.AbstractConnector - Stopped ServerConnector@6c0ee1c4{HTTP/1.1, (http/1.1)}{0.0.0.0:0}
17:55:26.133 [Test worker] DEBUG o.s.w.t.h.s.r.b.JettyHttpServer - Server stopped (0 millis).
17:55:26.154 [Test worker] DEBUG o.s.w.r.r.m.a.RequestMappingHandlerMapping - 34 mappings in 'requestMappingHandlerMapping'
17:55:26.164 [Test worker] DEBUG o.s.w.r.r.m.a.ControllerMethodResolver - ControllerAdvice beans: none
17:55:26.165 [Test worker] DEBUG o.s.w.s.a.HttpWebHandlerAdapter - enableLoggingRequestDetails='false': form data and headers will be masked to prevent unsafe logging of potentially sensitive data
17:55:26.165 [Test worker] DEBUG o.s.w.t.h.s.r.b.ReactorHttpServer - Starting ReactorHttpServer...
17:55:26.166 [Test worker] DEBUG o.s.w.t.h.s.r.b.ReactorHttpServer - Server started on port 54496(0 millis).
17:55:26.166 [Test worker] DEBUG o.s.w.c.RestTemplate - HTTP POST http://localhost:54496/person-transform/publisher
17:55:26.166 [Test worker] DEBUG o.s.w.c.RestTemplate - Accept=[application/json, application/x-jackson-smile, application/*+json]
17:55:26.166 [Test worker] DEBUG o.s.w.c.RestTemplate - Writing [[Person{name='Robert'}, Person{name='Marie'}]] as "application/json"
17:55:26.168 [reactor-http-nio-15] DEBUG o.s.w.s.a.HttpWebHandlerAdapter - [eae9728b-1, L:/127.0.0.1:54496 - R:/127.0.0.1:54497] HTTP POST "/person-transform/publisher"
17:55:26.168 [reactor-http-nio-15] DEBUG o.s.w.r.r.m.a.RequestMappingHandlerMapping - [eae9728b-1, L:/127.0.0.1:54496 - R:/127.0.0.1:54497] Mapped to org.springframework.web.reactive.result.method.annotation.RequestMappingMessageConversionIntegrationTests$PersonTransformationController#transformPublisher(Publisher)
17:55:26.168 [reactor-http-nio-15] DEBUG o.s.w.r.r.m.a.RequestBodyMethodArgumentResolver - [eae9728b-1, L:/127.0.0.1:54496 - R:/127.0.0.1:54497] Content-Type:application/json
17:55:26.168 [reactor-http-nio-15] DEBUG o.s.w.r.r.m.a.RequestBodyMethodArgumentResolver - [eae9728b-1, L:/127.0.0.1:54496 - R:/127.0.0.1:54497] 0..N [org.springframework.web.reactive.result.method.annotation.RequestMappingMessageConversionIntegrationTests$Person]
17:55:26.169 [reactor-http-nio-15] DEBUG o.s.w.r.r.m.a.ResponseBodyResultHandler - [eae9728b-1, L:/127.0.0.1:54496 - R:/127.0.0.1:54497] Using 'application/json' given [application/json] and supported [application/json, application/*+json, application/x-ndjson, application/x-jackson-smile, application/*+x-jackson-smile, application/xml, text/xml, application/*+xml, text/event-stream]
17:55:26.169 [reactor-http-nio-15] DEBUG o.s.w.r.r.m.a.ResponseBodyResultHandler - [eae9728b-1, L:/127.0.0.1:54496 - R:/127.0.0.1:54497] 0..N [org.springframework.web.reactive.result.method.annotation.RequestMappingMessageConversionIntegrationTests$Person]
17:55:26.169 [reactor-http-nio-15] DEBUG o.s.h.c.j.Jackson2JsonDecoder - [eae9728b-1, L:/127.0.0.1:54496 - R:/127.0.0.1:54497] Decoded [Person{name='Robert'}]
17:55:26.169 [reactor-http-nio-15] DEBUG o.s.h.c.j.Jackson2JsonDecoder - [eae9728b-1, L:/127.0.0.1:54496 - R:/127.0.0.1:54497] Decoded [Person{name='Marie'}]
17:55:26.169 [reactor-http-nio-15] DEBUG o.s.h.c.j.Jackson2JsonEncoder - [eae9728b-1, L:/127.0.0.1:54496 - R:/127.0.0.1:54497] Encoding [[Person{name='ROBERT'}, Person{name='MARIE'}]]
17:55:26.170 [Test worker] DEBUG o.s.w.c.RestTemplate - Response 200 OK
17:55:26.170 [Test worker] DEBUG o.s.w.c.RestTemplate - Reading to [java.util.List<org.springframework.web.reactive.result.method.annotation.RequestMappingMessageConversionIntegrationTests$Person>]
17:55:26.170 [reactor-http-nio-15] DEBUG o.s.w.s.a.HttpWebHandlerAdapter - [eae9728b-1, L:/127.0.0.1:54496 - R:/127.0.0.1:54497] Completed 200 OK
17:55:26.170 [Test worker] DEBUG o.s.w.t.h.s.r.b.ReactorHttpServer - Stopping ReactorHttpServer...
17:55:26.170 [Test worker] DEBUG o.s.w.t.h.s.r.b.ReactorHttpServer - Server stopped (0 millis).
17:55:26.192 [Test worker] DEBUG o.s.w.r.r.m.a.RequestMappingHandlerMapping - 34 mappings in 'requestMappingHandlerMapping'
17:55:26.201 [Test worker] DEBUG o.s.w.r.r.m.a.ControllerMethodResolver - ControllerAdvice beans: none
17:55:26.202 [Test worker] DEBUG o.s.w.s.a.HttpWebHandlerAdapter - enableLoggingRequestDetails='false': form data and headers will be masked to prevent unsafe logging of potentially sensitive data
17:55:26.202 [Test worker] DEBUG o.s.w.t.h.s.r.b.TomcatHttpServer - Starting TomcatHttpServer...
17:55:26.207 [Test worker] DEBUG o.s.w.t.h.s.r.b.TomcatHttpServer - Server started on port 54498(0 millis).
17:55:26.207 [Test worker] DEBUG o.s.w.c.RestTemplate - HTTP POST http://localhost:54498/person-transform/publisher
17:55:26.207 [Test worker] DEBUG o.s.w.c.RestTemplate - Accept=[application/json, application/x-jackson-smile, application/*+json]
17:55:26.207 [Test worker] DEBUG o.s.w.c.RestTemplate - Writing [[Person{name='Robert'}, Person{name='Marie'}]] as "application/json"
17:55:26.209 [http-nio-auto-43-exec-1] DEBUG o.s.w.s.a.HttpWebHandlerAdapter - [60e04c59] HTTP POST "/person-transform/publisher"
17:55:26.209 [http-nio-auto-43-exec-1] DEBUG o.s.w.r.r.m.a.RequestMappingHandlerMapping - [60e04c59] Mapped to org.springframework.web.reactive.result.method.annotation.RequestMappingMessageConversionIntegrationTests$PersonTransformationController#transformPublisher(Publisher)
17:55:26.210 [http-nio-auto-43-exec-1] DEBUG o.s.w.r.r.m.a.RequestBodyMethodArgumentResolver - [60e04c59] Content-Type:application/json
17:55:26.210 [http-nio-auto-43-exec-1] DEBUG o.s.w.r.r.m.a.RequestBodyMethodArgumentResolver - [60e04c59] 0..N [org.springframework.web.reactive.result.method.annotation.RequestMappingMessageConversionIntegrationTests$Person]
17:55:26.210 [http-nio-auto-43-exec-1] DEBUG o.s.w.r.r.m.a.ResponseBodyResultHandler - [60e04c59] Using 'application/json' given [application/json] and supported [application/json, application/*+json, application/x-ndjson, application/x-jackson-smile, application/*+x-jackson-smile, application/xml, text/xml, application/*+xml, text/event-stream]
17:55:26.210 [http-nio-auto-43-exec-1] DEBUG o.s.w.r.r.m.a.ResponseBodyResultHandler - [60e04c59] 0..N [org.springframework.web.reactive.result.method.annotation.RequestMappingMessageConversionIntegrationTests$Person]
17:55:26.211 [http-nio-auto-43-exec-1] DEBUG o.s.h.c.j.Jackson2JsonDecoder - [60e04c59] Decoded [Person{name='Robert'}]
17:55:26.211 [http-nio-auto-43-exec-1] DEBUG o.s.h.c.j.Jackson2JsonDecoder - [60e04c59] Decoded [Person{name='Marie'}]
17:55:26.211 [http-nio-auto-43-exec-1] DEBUG o.s.h.c.j.Jackson2JsonEncoder - [60e04c59] Encoding [[Person{name='ROBERT'}, Person{name='MARIE'}]]
17:55:26.211 [http-nio-auto-43-exec-1] DEBUG o.s.w.s.a.HttpWebHandlerAdapter - [60e04c59] Completed 200 OK
17:55:26.211 [Test worker] DEBUG o.s.w.c.RestTemplate - Response 200 OK
17:55:26.211 [Test worker] DEBUG o.s.w.c.RestTemplate - Reading to [java.util.List<org.springframework.web.reactive.result.method.annotation.RequestMappingMessageConversionIntegrationTests$Person>]
17:55:26.212 [Test worker] DEBUG o.s.w.t.h.s.r.b.TomcatHttpServer - Stopping TomcatHttpServer...
17:55:37.387 [Test worker] DEBUG o.s.w.t.h.s.r.b.TomcatHttpServer - Server stopped (0 millis).
17:55:37.417 [Test worker] DEBUG o.s.w.r.r.m.a.RequestMappingHandlerMapping - 34 mappings in 'requestMappingHandlerMapping'
17:55:37.427 [Test worker] DEBUG o.s.w.r.r.m.a.ControllerMethodResolver - ControllerAdvice beans: none
17:55:37.429 [Test worker] DEBUG o.s.w.s.a.HttpWebHandlerAdapter - enableLoggingRequestDetails='false': form data and headers will be masked to prevent unsafe logging of potentially sensitive data
17:55:37.429 [Test worker] DEBUG o.s.w.t.h.s.r.b.UndertowHttpServer - Starting UndertowHttpServer...
17:55:37.429 [Test worker] INFO  i.undertow - starting server: Undertow - 2.2.7.Final
17:55:37.432 [Test worker] DEBUG o.s.w.t.h.s.r.b.UndertowHttpServer - Server started on port 54605(0 millis).
17:55:37.432 [Test worker] DEBUG o.s.w.c.RestTemplate - HTTP POST http://localhost:54605/person-transform/publisher
17:55:37.432 [Test worker] DEBUG o.s.w.c.RestTemplate - Accept=[application/json, application/x-jackson-smile, application/*+json]
17:55:37.432 [Test worker] DEBUG o.s.w.c.RestTemplate - Writing [[Person{name='Robert'}, Person{name='Marie'}]] as "application/json"
17:55:37.434 [XNIO-43 I/O-13] DEBUG o.s.w.s.a.HttpWebHandlerAdapter - [319f62be-44] HTTP POST "/person-transform/publisher"
17:55:37.434 [XNIO-43 I/O-13] DEBUG o.s.w.r.r.m.a.RequestMappingHandlerMapping - [319f62be-44] Mapped to org.springframework.web.reactive.result.method.annotation.RequestMappingMessageConversionIntegrationTests$PersonTransformationController#transformPublisher(Publisher)
17:55:37.434 [XNIO-43 I/O-13] DEBUG o.s.w.r.r.m.a.RequestBodyMethodArgumentResolver - [319f62be-44] Content-Type:application/json
17:55:37.434 [XNIO-43 I/O-13] DEBUG o.s.w.r.r.m.a.RequestBodyMethodArgumentResolver - [319f62be-44] 0..N [org.springframework.web.reactive.result.method.annotation.RequestMappingMessageConversionIntegrationTests$Person]
17:55:37.435 [XNIO-43 I/O-13] DEBUG o.s.w.r.r.m.a.ResponseBodyResultHandler - [319f62be-44] Using 'application/json' given [application/json] and supported [application/json, application/*+json, application/x-ndjson, application/x-jackson-smile, application/*+x-jackson-smile, application/xml, text/xml, application/*+xml, text/event-stream]
17:55:37.435 [XNIO-43 I/O-13] DEBUG o.s.w.r.r.m.a.ResponseBodyResultHandler - [319f62be-44] 0..N [org.springframework.web.reactive.result.method.annotation.RequestMappingMessageConversionIntegrationTests$Person]
17:55:37.435 [XNIO-43 I/O-13] DEBUG o.s.h.c.j.Jackson2JsonDecoder - [319f62be-44] Decoded [Person{name='Robert'}]
17:55:37.435 [XNIO-43 I/O-13] DEBUG o.s.h.c.j.Jackson2JsonDecoder - [319f62be-44] Decoded [Person{name='Marie'}]
17:55:37.435 [XNIO-43 I/O-13] DEBUG o.s.h.c.j.Jackson2JsonEncoder - [319f62be-44] Encoding [[Person{name='ROBERT'}, Person{name='MARIE'}]]
17:55:37.436 [XNIO-43 I/O-13] DEBUG o.s.w.s.a.HttpWebHandlerAdapter - [319f62be-44] Completed 200 OK
17:55:37.436 [Test worker] DEBUG o.s.w.c.RestTemplate - Response 200 OK
17:55:37.436 [Test worker] DEBUG o.s.w.c.RestTemplate - Reading to [java.util.List<org.springframework.web.reactive.result.method.annotation.RequestMappingMessageConversionIntegrationTests$Person>]
17:55:37.436 [Test worker] DEBUG o.s.w.t.h.s.r.b.UndertowHttpServer - Stopping UndertowHttpServer...
17:55:37.436 [Test worker] INFO  i.undertow - stopping server: Undertow - 2.2.7.Final
17:55:37.437 [Test worker] DEBUG o.s.w.t.h.s.r.b.UndertowHttpServer - Server stopped (0 millis).
17:55:37.459 [Test worker] DEBUG o.s.w.r.r.m.a.RequestMappingHandlerMapping - 34 mappings in 'requestMappingHandlerMapping'
17:55:37.468 [Test worker] DEBUG o.s.w.r.r.m.a.ControllerMethodResolver - ControllerAdvice beans: none
17:55:37.469 [Test worker] DEBUG o.s.w.s.a.HttpWebHandlerAdapter - enableLoggingRequestDetails='false': form data and headers will be masked to prevent unsafe logging of potentially sensitive data
17:55:37.470 [Test worker] WARN  o.e.j.s.h.ContextHandler - Empty contextPath
17:55:37.470 [Test worker] INFO  o.e.j.s.h.ContextHandler - Started o.e.j.s.ServletContextHandler@6bc50ffa{/,null,AVAILABLE}
17:55:37.470 [Test worker] DEBUG o.s.w.t.h.s.r.b.JettyHttpServer - Starting JettyHttpServer...
17:55:37.470 [Test worker] INFO  o.e.j.s.Server - jetty-9.4.39.v20210325; built: 2021-03-25T14:42:11.471Z; git: 9fc7ca5a922f2a37b84ec9dbc26a5168cee7e667; jvm 1.8.0_181-b13
17:55:37.471 [Test worker] INFO  o.e.j.s.AbstractConnector - Started ServerConnector@7eb143b7{HTTP/1.1, (http/1.1)}{0.0.0.0:54607}
17:55:37.471 [Test worker] INFO  o.e.j.s.Server - Started @504506ms
17:55:37.471 [Test worker] DEBUG o.s.w.t.h.s.r.b.JettyHttpServer - Server started on port 54607(0 millis).
17:55:37.471 [Test worker] DEBUG o.s.w.c.RestTemplate - HTTP POST http://localhost:54607/person-create/observable
17:55:37.471 [Test worker] DEBUG o.s.w.c.RestTemplate - Accept=[application/json, application/x-jackson-smile, application/*+json]
17:55:37.471 [Test worker] DEBUG o.s.w.c.RestTemplate - Writing [[Person{name='Robert'}, Person{name='Marie'}]] as "application/json"
17:55:37.473 [qtp1530353499-2003] DEBUG o.s.w.s.a.HttpWebHandlerAdapter - [149988fd] HTTP POST "/person-create/observable"
17:55:37.473 [qtp1530353499-2003] DEBUG o.s.w.r.r.m.a.RequestMappingHandlerMapping - [149988fd] Mapped to org.springframework.web.reactive.result.method.annotation.RequestMappingMessageConversionIntegrationTests$PersonCreateController#createWithObservable(Observable)
17:55:37.473 [qtp1530353499-2003] DEBUG o.s.w.r.r.m.a.RequestBodyMethodArgumentResolver - [149988fd] Content-Type:application/json
17:55:37.473 [qtp1530353499-2003] DEBUG o.s.w.r.r.m.a.RequestBodyMethodArgumentResolver - [149988fd] 0..N [org.springframework.web.reactive.result.method.annotation.RequestMappingMessageConversionIntegrationTests$Person]
17:55:37.474 [qtp1530353499-2003] DEBUG o.s.h.c.j.Jackson2JsonDecoder - [149988fd] Decoded [Person{name='Robert'}]
17:55:37.474 [qtp1530353499-2003] DEBUG o.s.h.c.j.Jackson2JsonDecoder - [149988fd] Decoded [Person{name='Marie'}]
17:55:37.474 [qtp1530353499-2003] DEBUG o.s.w.s.a.HttpWebHandlerAdapter - [149988fd] Completed 200 OK
17:55:37.474 [Test worker] DEBUG o.s.w.c.RestTemplate - Response 200 OK
17:55:37.474 [Test worker] DEBUG o.s.w.t.h.s.r.b.JettyHttpServer - Stopping JettyHttpServer...
17:55:37.474 [Test worker] INFO  o.e.j.s.h.ContextHandler - Stopped o.e.j.s.ServletContextHandler@6bc50ffa{/,null,STOPPED}
17:55:37.475 [Test worker] INFO  o.e.j.s.AbstractConnector - Stopped ServerConnector@7eb143b7{HTTP/1.1, (http/1.1)}{0.0.0.0:0}
17:55:37.475 [Test worker] DEBUG o.s.w.t.h.s.r.b.JettyHttpServer - Server stopped (0 millis).
17:55:37.495 [Test worker] DEBUG o.s.w.r.r.m.a.RequestMappingHandlerMapping - 34 mappings in 'requestMappingHandlerMapping'
17:55:37.504 [Test worker] DEBUG o.s.w.r.r.m.a.ControllerMethodResolver - ControllerAdvice beans: none
17:55:37.505 [Test worker] DEBUG o.s.w.s.a.HttpWebHandlerAdapter - enableLoggingRequestDetails='false': form data and headers will be masked to prevent unsafe logging of potentially sensitive data
17:55:37.505 [Test worker] DEBUG o.s.w.t.h.s.r.b.ReactorHttpServer - Starting ReactorHttpServer...
17:55:37.506 [Test worker] DEBUG o.s.w.t.h.s.r.b.ReactorHttpServer - Server started on port 54609(0 millis).
17:55:37.506 [Test worker] DEBUG o.s.w.c.RestTemplate - HTTP POST http://localhost:54609/person-create/observable
17:55:37.506 [Test worker] DEBUG o.s.w.c.RestTemplate - Accept=[application/json, application/x-jackson-smile, application/*+json]
17:55:37.506 [Test worker] DEBUG o.s.w.c.RestTemplate - Writing [[Person{name='Robert'}, Person{name='Marie'}]] as "application/json"
17:55:37.507 [reactor-http-nio-1] DEBUG o.s.w.s.a.HttpWebHandlerAdapter - [c7cccc43-1, L:/127.0.0.1:54609 - R:/127.0.0.1:54610] HTTP POST "/person-create/observable"
17:55:37.508 [reactor-http-nio-1] DEBUG o.s.w.r.r.m.a.RequestMappingHandlerMapping - [c7cccc43-1, L:/127.0.0.1:54609 - R:/127.0.0.1:54610] Mapped to org.springframework.web.reactive.result.method.annotation.RequestMappingMessageConversionIntegrationTests$PersonCreateController#createWithObservable(Observable)
17:55:37.508 [reactor-http-nio-1] DEBUG o.s.w.r.r.m.a.RequestBodyMethodArgumentResolver - [c7cccc43-1, L:/127.0.0.1:54609 - R:/127.0.0.1:54610] Content-Type:application/json
17:55:37.508 [reactor-http-nio-1] DEBUG o.s.w.r.r.m.a.RequestBodyMethodArgumentResolver - [c7cccc43-1, L:/127.0.0.1:54609 - R:/127.0.0.1:54610] 0..N [org.springframework.web.reactive.result.method.annotation.RequestMappingMessageConversionIntegrationTests$Person]
17:55:37.508 [reactor-http-nio-1] DEBUG o.s.h.c.j.Jackson2JsonDecoder - [c7cccc43-1, L:/127.0.0.1:54609 - R:/127.0.0.1:54610] Decoded [Person{name='Robert'}]
17:55:37.509 [reactor-http-nio-1] DEBUG o.s.h.c.j.Jackson2JsonDecoder - [c7cccc43-1, L:/127.0.0.1:54609 - R:/127.0.0.1:54610] Decoded [Person{name='Marie'}]
17:55:37.509 [reactor-http-nio-1] DEBUG o.s.w.s.a.HttpWebHandlerAdapter - [c7cccc43-1, L:/127.0.0.1:54609 - R:/127.0.0.1:54610] Completed 200 OK
17:55:37.509 [Test worker] DEBUG o.s.w.c.RestTemplate - Response 200 OK
17:55:37.509 [Test worker] DEBUG o.s.w.t.h.s.r.b.ReactorHttpServer - Stopping ReactorHttpServer...
17:55:37.509 [Test worker] DEBUG o.s.w.t.h.s.r.b.ReactorHttpServer - Server stopped (0 millis).
17:55:37.533 [Test worker] DEBUG o.s.w.r.r.m.a.RequestMappingHandlerMapping - 34 mappings in 'requestMappingHandlerMapping'
17:55:37.544 [Test worker] DEBUG o.s.w.r.r.m.a.ControllerMethodResolver - ControllerAdvice beans: none
17:55:37.546 [Test worker] DEBUG o.s.w.s.a.HttpWebHandlerAdapter - enableLoggingRequestDetails='false': form data and headers will be masked to prevent unsafe logging of potentially sensitive data
17:55:37.546 [Test worker] DEBUG o.s.w.t.h.s.r.b.TomcatHttpServer - Starting TomcatHttpServer...
17:55:37.550 [Test worker] DEBUG o.s.w.t.h.s.r.b.TomcatHttpServer - Server started on port 54619(0 millis).
17:55:37.550 [Test worker] DEBUG o.s.w.c.RestTemplate - HTTP POST http://localhost:54619/person-create/observable
17:55:37.550 [Test worker] DEBUG o.s.w.c.RestTemplate - Accept=[application/json, application/x-jackson-smile, application/*+json]
17:55:37.550 [Test worker] DEBUG o.s.w.c.RestTemplate - Writing [[Person{name='Robert'}, Person{name='Marie'}]] as "application/json"
17:55:37.552 [http-nio-auto-44-exec-1] DEBUG o.s.w.s.a.HttpWebHandlerAdapter - [630f9006] HTTP POST "/person-create/observable"
17:55:37.553 [http-nio-auto-44-exec-1] DEBUG o.s.w.r.r.m.a.RequestMappingHandlerMapping - [630f9006] Mapped to org.springframework.web.reactive.result.method.annotation.RequestMappingMessageConversionIntegrationTests$PersonCreateController#createWithObservable(Observable)
17:55:37.553 [http-nio-auto-44-exec-1] DEBUG o.s.w.r.r.m.a.RequestBodyMethodArgumentResolver - [630f9006] Content-Type:application/json
17:55:37.553 [http-nio-auto-44-exec-1] DEBUG o.s.w.r.r.m.a.RequestBodyMethodArgumentResolver - [630f9006] 0..N [org.springframework.web.reactive.result.method.annotation.RequestMappingMessageConversionIntegrationTests$Person]
17:55:37.553 [http-nio-auto-44-exec-1] DEBUG o.s.h.c.j.Jackson2JsonDecoder - [630f9006] Decoded [Person{name='Robert'}]
17:55:37.554 [http-nio-auto-44-exec-1] DEBUG o.s.h.c.j.Jackson2JsonDecoder - [630f9006] Decoded [Person{name='Marie'}]
17:55:37.554 [http-nio-auto-44-exec-1] DEBUG o.s.w.s.a.HttpWebHandlerAdapter - [630f9006] Completed 200 OK
17:55:37.554 [Test worker] DEBUG o.s.w.c.RestTemplate - Response 200 OK
17:55:37.554 [Test worker] DEBUG o.s.w.t.h.s.r.b.TomcatHttpServer - Stopping TomcatHttpServer...
17:55:48.720 [Test worker] DEBUG o.s.w.t.h.s.r.b.TomcatHttpServer - Server stopped (0 millis).
17:55:48.750 [Test worker] DEBUG o.s.w.r.r.m.a.RequestMappingHandlerMapping - 34 mappings in 'requestMappingHandlerMapping'
17:55:48.761 [Test worker] DEBUG o.s.w.r.r.m.a.ControllerMethodResolver - ControllerAdvice beans: none
17:55:48.762 [Test worker] DEBUG o.s.w.s.a.HttpWebHandlerAdapter - enableLoggingRequestDetails='false': form data and headers will be masked to prevent unsafe logging of potentially sensitive data
17:55:48.762 [Test worker] DEBUG o.s.w.t.h.s.r.b.UndertowHttpServer - Starting UndertowHttpServer...
17:55:48.762 [Test worker] INFO  i.undertow - starting server: Undertow - 2.2.7.Final
17:55:48.765 [Test worker] DEBUG o.s.w.t.h.s.r.b.UndertowHttpServer - Server started on port 54623(0 millis).
17:55:48.765 [Test worker] DEBUG o.s.w.c.RestTemplate - HTTP POST http://localhost:54623/person-create/observable
17:55:48.765 [Test worker] DEBUG o.s.w.c.RestTemplate - Accept=[application/json, application/x-jackson-smile, application/*+json]
17:55:48.765 [Test worker] DEBUG o.s.w.c.RestTemplate - Writing [[Person{name='Robert'}, Person{name='Marie'}]] as "application/json"
17:55:48.767 [XNIO-44 I/O-1] DEBUG o.s.w.s.a.HttpWebHandlerAdapter - [3f1b0e2d-45] HTTP POST "/person-create/observable"
17:55:48.767 [XNIO-44 I/O-1] DEBUG o.s.w.r.r.m.a.RequestMappingHandlerMapping - [3f1b0e2d-45] Mapped to org.springframework.web.reactive.result.method.annotation.RequestMappingMessageConversionIntegrationTests$PersonCreateController#createWithObservable(Observable)
17:55:48.767 [XNIO-44 I/O-1] DEBUG o.s.w.r.r.m.a.RequestBodyMethodArgumentResolver - [3f1b0e2d-45] Content-Type:application/json
17:55:48.767 [XNIO-44 I/O-1] DEBUG o.s.w.r.r.m.a.RequestBodyMethodArgumentResolver - [3f1b0e2d-45] 0..N [org.springframework.web.reactive.result.method.annotation.RequestMappingMessageConversionIntegrationTests$Person]
17:55:48.768 [XNIO-44 I/O-1] DEBUG o.s.h.c.j.Jackson2JsonDecoder - [3f1b0e2d-45] Decoded [Person{name='Robert'}]
17:55:48.768 [XNIO-44 I/O-1] DEBUG o.s.h.c.j.Jackson2JsonDecoder - [3f1b0e2d-45] Decoded [Person{name='Marie'}]
17:55:48.768 [XNIO-44 I/O-1] DEBUG o.s.w.s.a.HttpWebHandlerAdapter - [3f1b0e2d-45] Completed 200 OK
17:55:48.768 [Test worker] DEBUG o.s.w.c.RestTemplate - Response 200 OK
17:55:48.768 [Test worker] DEBUG o.s.w.t.h.s.r.b.UndertowHttpServer - Stopping UndertowHttpServer...
17:55:48.768 [Test worker] INFO  i.undertow - stopping server: Undertow - 2.2.7.Final
17:55:48.769 [Test worker] DEBUG o.s.w.t.h.s.r.b.UndertowHttpServer - Server stopped (0 millis).
17:55:48.791 [Test worker] DEBUG o.s.w.r.r.m.a.RequestMappingHandlerMapping - 34 mappings in 'requestMappingHandlerMapping'
17:55:48.800 [Test worker] DEBUG o.s.w.r.r.m.a.ControllerMethodResolver - ControllerAdvice beans: none
17:55:48.801 [Test worker] DEBUG o.s.w.s.a.HttpWebHandlerAdapter - enableLoggingRequestDetails='false': form data and headers will be masked to prevent unsafe logging of potentially sensitive data
17:55:48.801 [Test worker] WARN  o.e.j.s.h.ContextHandler - Empty contextPath
17:55:48.802 [Test worker] INFO  o.e.j.s.h.ContextHandler - Started o.e.j.s.ServletContextHandler@3936d207{/,null,AVAILABLE}
17:55:48.802 [Test worker] DEBUG o.s.w.t.h.s.r.b.JettyHttpServer - Starting JettyHttpServer...
17:55:48.802 [Test worker] INFO  o.e.j.s.Server - jetty-9.4.39.v20210325; built: 2021-03-25T14:42:11.471Z; git: 9fc7ca5a922f2a37b84ec9dbc26a5168cee7e667; jvm 1.8.0_181-b13
17:55:48.803 [Test worker] INFO  o.e.j.s.AbstractConnector - Started ServerConnector@7b905680{HTTP/1.1, (http/1.1)}{0.0.0.0:54625}
17:55:48.803 [Test worker] INFO  o.e.j.s.Server - Started @515838ms
17:55:48.803 [Test worker] DEBUG o.s.w.t.h.s.r.b.JettyHttpServer - Server started on port 54625(0 millis).
17:55:48.803 [Test worker] DEBUG o.s.w.c.RestTemplate - HTTP POST http://localhost:54625/person-create/mono
17:55:48.803 [Test worker] DEBUG o.s.w.c.RestTemplate - Accept=[application/json, application/x-jackson-smile, application/*+json]
17:55:48.803 [Test worker] DEBUG o.s.w.c.RestTemplate - Writing [Person{name='Robert'}] as "application/json"
17:55:48.804 [qtp508193383-2048] DEBUG o.s.w.s.a.HttpWebHandlerAdapter - [36f9fe61] HTTP POST "/person-create/mono"
17:55:48.805 [qtp508193383-2048] DEBUG o.s.w.r.r.m.a.RequestMappingHandlerMapping - [36f9fe61] Mapped to org.springframework.web.reactive.result.method.annotation.RequestMappingMessageConversionIntegrationTests$PersonCreateController#createWithMono(Mono)
17:55:48.805 [qtp508193383-2048] DEBUG o.s.w.r.r.m.a.RequestBodyMethodArgumentResolver - [36f9fe61] Content-Type:application/json
17:55:48.805 [qtp508193383-2048] DEBUG o.s.w.r.r.m.a.RequestBodyMethodArgumentResolver - [36f9fe61] 0..1 [org.springframework.web.reactive.result.method.annotation.RequestMappingMessageConversionIntegrationTests$Person]
17:55:48.806 [qtp508193383-2048] DEBUG o.s.h.c.j.Jackson2JsonDecoder - [36f9fe61] Decoded [Person{name='Robert'}]
17:55:48.806 [qtp508193383-2048] DEBUG o.s.w.s.a.HttpWebHandlerAdapter - [36f9fe61] Completed 200 OK
17:55:48.806 [Test worker] DEBUG o.s.w.c.RestTemplate - Response 200 OK
17:55:48.806 [Test worker] DEBUG o.s.w.t.h.s.r.b.JettyHttpServer - Stopping JettyHttpServer...
17:55:48.806 [Test worker] INFO  o.e.j.s.h.ContextHandler - Stopped o.e.j.s.ServletContextHandler@3936d207{/,null,STOPPED}
17:55:48.807 [Test worker] INFO  o.e.j.s.AbstractConnector - Stopped ServerConnector@7b905680{HTTP/1.1, (http/1.1)}{0.0.0.0:0}
17:55:48.807 [Test worker] DEBUG o.s.w.t.h.s.r.b.JettyHttpServer - Server stopped (0 millis).
17:55:48.828 [Test worker] DEBUG o.s.w.r.r.m.a.RequestMappingHandlerMapping - 34 mappings in 'requestMappingHandlerMapping'
17:55:48.837 [Test worker] DEBUG o.s.w.r.r.m.a.ControllerMethodResolver - ControllerAdvice beans: none
17:55:48.838 [Test worker] DEBUG o.s.w.s.a.HttpWebHandlerAdapter - enableLoggingRequestDetails='false': form data and headers will be masked to prevent unsafe logging of potentially sensitive data
17:55:48.838 [Test worker] DEBUG o.s.w.t.h.s.r.b.ReactorHttpServer - Starting ReactorHttpServer...
17:55:48.839 [Test worker] DEBUG o.s.w.t.h.s.r.b.ReactorHttpServer - Server started on port 54627(0 millis).
17:55:48.839 [Test worker] DEBUG o.s.w.c.RestTemplate - HTTP POST http://localhost:54627/person-create/mono
17:55:48.839 [Test worker] DEBUG o.s.w.c.RestTemplate - Accept=[application/json, application/x-jackson-smile, application/*+json]
17:55:48.839 [Test worker] DEBUG o.s.w.c.RestTemplate - Writing [Person{name='Robert'}] as "application/json"
17:55:48.841 [reactor-http-nio-3] DEBUG o.s.w.s.a.HttpWebHandlerAdapter - [fc26264c-1, L:/127.0.0.1:54627 - R:/127.0.0.1:54628] HTTP POST "/person-create/mono"
17:55:48.841 [reactor-http-nio-3] DEBUG o.s.w.r.r.m.a.RequestMappingHandlerMapping - [fc26264c-1, L:/127.0.0.1:54627 - R:/127.0.0.1:54628] Mapped to org.springframework.web.reactive.result.method.annotation.RequestMappingMessageConversionIntegrationTests$PersonCreateController#createWithMono(Mono)
17:55:48.841 [reactor-http-nio-3] DEBUG o.s.w.r.r.m.a.RequestBodyMethodArgumentResolver - [fc26264c-1, L:/127.0.0.1:54627 - R:/127.0.0.1:54628] Content-Type:application/json
17:55:48.841 [reactor-http-nio-3] DEBUG o.s.w.r.r.m.a.RequestBodyMethodArgumentResolver - [fc26264c-1, L:/127.0.0.1:54627 - R:/127.0.0.1:54628] 0..1 [org.springframework.web.reactive.result.method.annotation.RequestMappingMessageConversionIntegrationTests$Person]
17:55:48.842 [reactor-http-nio-3] DEBUG o.s.h.c.j.Jackson2JsonDecoder - [fc26264c-1, L:/127.0.0.1:54627 - R:/127.0.0.1:54628] Decoded [Person{name='Robert'}]
17:55:48.842 [reactor-http-nio-3] DEBUG o.s.w.s.a.HttpWebHandlerAdapter - [fc26264c-1, L:/127.0.0.1:54627 - R:/127.0.0.1:54628] Completed 200 OK
17:55:48.842 [Test worker] DEBUG o.s.w.c.RestTemplate - Response 200 OK
17:55:48.842 [Test worker] DEBUG o.s.w.t.h.s.r.b.ReactorHttpServer - Stopping ReactorHttpServer...
17:55:48.843 [Test worker] DEBUG o.s.w.t.h.s.r.b.ReactorHttpServer - Server stopped (0 millis).
17:55:48.863 [Test worker] DEBUG o.s.w.r.r.m.a.RequestMappingHandlerMapping - 34 mappings in 'requestMappingHandlerMapping'
17:55:48.871 [Test worker] DEBUG o.s.w.r.r.m.a.ControllerMethodResolver - ControllerAdvice beans: none
17:55:48.872 [Test worker] DEBUG o.s.w.s.a.HttpWebHandlerAdapter - enableLoggingRequestDetails='false': form data and headers will be masked to prevent unsafe logging of potentially sensitive data
17:55:48.872 [Test worker] DEBUG o.s.w.t.h.s.r.b.TomcatHttpServer - Starting TomcatHttpServer...
17:55:48.876 [Test worker] DEBUG o.s.w.t.h.s.r.b.TomcatHttpServer - Server started on port 54629(0 millis).
17:55:48.876 [Test worker] DEBUG o.s.w.c.RestTemplate - HTTP POST http://localhost:54629/person-create/mono
17:55:48.876 [Test worker] DEBUG o.s.w.c.RestTemplate - Accept=[application/json, application/x-jackson-smile, application/*+json]
17:55:48.877 [Test worker] DEBUG o.s.w.c.RestTemplate - Writing [Person{name='Robert'}] as "application/json"
17:55:48.878 [http-nio-auto-45-exec-1] DEBUG o.s.w.s.a.HttpWebHandlerAdapter - [34c4233c] HTTP POST "/person-create/mono"
17:55:48.879 [http-nio-auto-45-exec-1] DEBUG o.s.w.r.r.m.a.RequestMappingHandlerMapping - [34c4233c] Mapped to org.springframework.web.reactive.result.method.annotation.RequestMappingMessageConversionIntegrationTests$PersonCreateController#createWithMono(Mono)
17:55:48.879 [http-nio-auto-45-exec-1] DEBUG o.s.w.r.r.m.a.RequestBodyMethodArgumentResolver - [34c4233c] Content-Type:application/json
17:55:48.879 [http-nio-auto-45-exec-1] DEBUG o.s.w.r.r.m.a.RequestBodyMethodArgumentResolver - [34c4233c] 0..1 [org.springframework.web.reactive.result.method.annotation.RequestMappingMessageConversionIntegrationTests$Person]
17:55:48.880 [http-nio-auto-45-exec-1] DEBUG o.s.h.c.j.Jackson2JsonDecoder - [34c4233c] Decoded [Person{name='Robert'}]
17:55:48.880 [http-nio-auto-45-exec-1] DEBUG o.s.w.s.a.HttpWebHandlerAdapter - [34c4233c] Completed 200 OK
17:55:48.880 [Test worker] DEBUG o.s.w.c.RestTemplate - Response 200 OK
17:55:48.881 [Test worker] DEBUG o.s.w.t.h.s.r.b.TomcatHttpServer - Stopping TomcatHttpServer...
17:56:00.057 [Test worker] DEBUG o.s.w.t.h.s.r.b.TomcatHttpServer - Server stopped (0 millis).
17:56:00.086 [Test worker] DEBUG o.s.w.r.r.m.a.RequestMappingHandlerMapping - 34 mappings in 'requestMappingHandlerMapping'
17:56:00.097 [Test worker] DEBUG o.s.w.r.r.m.a.ControllerMethodResolver - ControllerAdvice beans: none
17:56:00.098 [Test worker] DEBUG o.s.w.s.a.HttpWebHandlerAdapter - enableLoggingRequestDetails='false': form data and headers will be masked to prevent unsafe logging of potentially sensitive data
17:56:00.098 [Test worker] DEBUG o.s.w.t.h.s.r.b.UndertowHttpServer - Starting UndertowHttpServer...
17:56:00.098 [Test worker] INFO  i.undertow - starting server: Undertow - 2.2.7.Final
17:56:00.101 [Test worker] DEBUG o.s.w.t.h.s.r.b.UndertowHttpServer - Server started on port 54635(0 millis).
17:56:00.101 [Test worker] DEBUG o.s.w.c.RestTemplate - HTTP POST http://localhost:54635/person-create/mono
17:56:00.101 [Test worker] DEBUG o.s.w.c.RestTemplate - Accept=[application/json, application/x-jackson-smile, application/*+json]
17:56:00.101 [Test worker] DEBUG o.s.w.c.RestTemplate - Writing [Person{name='Robert'}] as "application/json"
17:56:00.103 [XNIO-45 I/O-2] DEBUG o.s.w.s.a.HttpWebHandlerAdapter - [3af3e5da-46] HTTP POST "/person-create/mono"
17:56:00.103 [XNIO-45 I/O-2] DEBUG o.s.w.r.r.m.a.RequestMappingHandlerMapping - [3af3e5da-46] Mapped to org.springframework.web.reactive.result.method.annotation.RequestMappingMessageConversionIntegrationTests$PersonCreateController#createWithMono(Mono)
17:56:00.104 [XNIO-45 I/O-2] DEBUG o.s.w.r.r.m.a.RequestBodyMethodArgumentResolver - [3af3e5da-46] Content-Type:application/json
17:56:00.104 [XNIO-45 I/O-2] DEBUG o.s.w.r.r.m.a.RequestBodyMethodArgumentResolver - [3af3e5da-46] 0..1 [org.springframework.web.reactive.result.method.annotation.RequestMappingMessageConversionIntegrationTests$Person]
17:56:00.104 [XNIO-45 I/O-2] DEBUG o.s.h.c.j.Jackson2JsonDecoder - [3af3e5da-46] Decoded [Person{name='Robert'}]
17:56:00.104 [XNIO-45 I/O-2] DEBUG o.s.w.s.a.HttpWebHandlerAdapter - [3af3e5da-46] Completed 200 OK
17:56:00.105 [Test worker] DEBUG o.s.w.c.RestTemplate - Response 200 OK
17:56:00.105 [Test worker] DEBUG o.s.w.t.h.s.r.b.UndertowHttpServer - Stopping UndertowHttpServer...
17:56:00.105 [Test worker] INFO  i.undertow - stopping server: Undertow - 2.2.7.Final
17:56:00.105 [Test worker] DEBUG o.s.w.t.h.s.r.b.UndertowHttpServer - Server stopped (0 millis).
17:56:00.130 [Test worker] DEBUG o.s.w.r.r.m.a.RequestMappingHandlerMapping - 34 mappings in 'requestMappingHandlerMapping'
17:56:00.140 [Test worker] DEBUG o.s.w.r.r.m.a.ControllerMethodResolver - ControllerAdvice beans: none
17:56:00.141 [Test worker] DEBUG o.s.w.s.a.HttpWebHandlerAdapter - enableLoggingRequestDetails='false': form data and headers will be masked to prevent unsafe logging of potentially sensitive data
17:56:00.141 [Test worker] WARN  o.e.j.s.h.ContextHandler - Empty contextPath
17:56:00.141 [Test worker] INFO  o.e.j.s.h.ContextHandler - Started o.e.j.s.ServletContextHandler@39dc9690{/,null,AVAILABLE}
17:56:00.141 [Test worker] DEBUG o.s.w.t.h.s.r.b.JettyHttpServer - Starting JettyHttpServer...
17:56:00.141 [Test worker] INFO  o.e.j.s.Server - jetty-9.4.39.v20210325; built: 2021-03-25T14:42:11.471Z; git: 9fc7ca5a922f2a37b84ec9dbc26a5168cee7e667; jvm 1.8.0_181-b13
17:56:00.143 [Test worker] INFO  o.e.j.s.AbstractConnector - Started ServerConnector@2a3ed5c{HTTP/1.1, (http/1.1)}{0.0.0.0:54637}
17:56:00.143 [Test worker] INFO  o.e.j.s.Server - Started @527177ms
17:56:00.143 [Test worker] DEBUG o.s.w.t.h.s.r.b.JettyHttpServer - Server started on port 54637(0 millis).
17:56:00.143 [Test worker] DEBUG o.s.w.c.RestTemplate - HTTP GET http://localhost:54637/person-response/person
17:56:00.143 [Test worker] DEBUG o.s.w.c.RestTemplate - Accept=[application/xml, text/xml, application/json, application/x-jackson-smile, application/*+xml, application/*+json]
17:56:00.144 [qtp1122046238-2093] DEBUG o.s.w.s.a.HttpWebHandlerAdapter - [4eeb3aa6] HTTP GET "/person-response/person"
17:56:00.144 [qtp1122046238-2093] DEBUG o.s.w.r.r.m.a.RequestMappingHandlerMapping - [4eeb3aa6] Mapped to org.springframework.web.reactive.result.method.annotation.RequestMappingMessageConversionIntegrationTests$PersonResponseBodyController#getPerson()
17:56:00.145 [qtp1122046238-2093] DEBUG o.s.w.r.r.m.a.ResponseBodyResultHandler - [4eeb3aa6] Using 'application/json' given [application/json] and supported [application/json, application/*+json, application/x-ndjson, application/x-jackson-smile, application/*+x-jackson-smile, application/xml, text/xml, application/*+xml, text/event-stream]
17:56:00.145 [qtp1122046238-2093] DEBUG o.s.w.r.r.m.a.ResponseBodyResultHandler - [4eeb3aa6] 0..1 [org.springframework.web.reactive.result.method.annotation.RequestMappingMessageConversionIntegrationTests$Person]
17:56:00.145 [qtp1122046238-2093] DEBUG o.s.h.c.j.Jackson2JsonEncoder - [4eeb3aa6] Encoding [Person{name='Robert'}]
17:56:00.145 [qtp1122046238-2093] DEBUG o.s.w.s.a.HttpWebHandlerAdapter - [4eeb3aa6] Completed 200 OK
17:56:00.145 [Test worker] DEBUG o.s.w.c.RestTemplate - Response 200 OK
17:56:00.146 [Test worker] DEBUG o.s.w.c.RestTemplate - Reading to [org.springframework.web.reactive.result.method.annotation.RequestMappingMessageConversionIntegrationTests$Person]
17:56:00.146 [Test worker] DEBUG o.s.w.t.h.s.r.b.JettyHttpServer - Stopping JettyHttpServer...
17:56:00.146 [Test worker] INFO  o.e.j.s.h.ContextHandler - Stopped o.e.j.s.ServletContextHandler@39dc9690{/,null,STOPPED}
17:56:00.147 [Test worker] INFO  o.e.j.s.AbstractConnector - Stopped ServerConnector@2a3ed5c{HTTP/1.1, (http/1.1)}{0.0.0.0:0}
17:56:00.147 [Test worker] DEBUG o.s.w.t.h.s.r.b.JettyHttpServer - Server stopped (0 millis).
17:56:00.168 [Test worker] DEBUG o.s.w.r.r.m.a.RequestMappingHandlerMapping - 34 mappings in 'requestMappingHandlerMapping'
17:56:00.177 [Test worker] DEBUG o.s.w.r.r.m.a.ControllerMethodResolver - ControllerAdvice beans: none
17:56:00.178 [Test worker] DEBUG o.s.w.s.a.HttpWebHandlerAdapter - enableLoggingRequestDetails='false': form data and headers will be masked to prevent unsafe logging of potentially sensitive data
17:56:00.178 [Test worker] DEBUG o.s.w.t.h.s.r.b.ReactorHttpServer - Starting ReactorHttpServer...
17:56:00.179 [Test worker] DEBUG o.s.w.t.h.s.r.b.ReactorHttpServer - Server started on port 54639(0 millis).
17:56:00.179 [Test worker] DEBUG o.s.w.c.RestTemplate - HTTP GET http://localhost:54639/person-response/person
17:56:00.180 [Test worker] DEBUG o.s.w.c.RestTemplate - Accept=[application/xml, text/xml, application/json, application/x-jackson-smile, application/*+xml, application/*+json]
17:56:00.181 [reactor-http-nio-5] DEBUG o.s.w.s.a.HttpWebHandlerAdapter - [d9144f72-1, L:/127.0.0.1:54639 - R:/127.0.0.1:54640] HTTP GET "/person-response/person"
17:56:00.181 [reactor-http-nio-5] DEBUG o.s.w.r.r.m.a.RequestMappingHandlerMapping - [d9144f72-1, L:/127.0.0.1:54639 - R:/127.0.0.1:54640] Mapped to org.springframework.web.reactive.result.method.annotation.RequestMappingMessageConversionIntegrationTests$PersonResponseBodyController#getPerson()
17:56:00.182 [reactor-http-nio-5] DEBUG o.s.w.r.r.m.a.ResponseBodyResultHandler - [d9144f72-1, L:/127.0.0.1:54639 - R:/127.0.0.1:54640] Using 'application/json' given [application/json] and supported [application/json, application/*+json, application/x-ndjson, application/x-jackson-smile, application/*+x-jackson-smile, application/xml, text/xml, application/*+xml, text/event-stream]
17:56:00.182 [reactor-http-nio-5] DEBUG o.s.w.r.r.m.a.ResponseBodyResultHandler - [d9144f72-1, L:/127.0.0.1:54639 - R:/127.0.0.1:54640] 0..1 [org.springframework.web.reactive.result.method.annotation.RequestMappingMessageConversionIntegrationTests$Person]
17:56:00.182 [reactor-http-nio-5] DEBUG o.s.h.c.j.Jackson2JsonEncoder - [d9144f72-1, L:/127.0.0.1:54639 - R:/127.0.0.1:54640] Encoding [Person{name='Robert'}]
17:56:00.182 [Test worker] DEBUG o.s.w.c.RestTemplate - Response 200 OK
17:56:00.182 [reactor-http-nio-5] DEBUG o.s.w.s.a.HttpWebHandlerAdapter - [d9144f72-1, L:/127.0.0.1:54639 - R:/127.0.0.1:54640] Completed 200 OK
17:56:00.183 [Test worker] DEBUG o.s.w.c.RestTemplate - Reading to [org.springframework.web.reactive.result.method.annotation.RequestMappingMessageConversionIntegrationTests$Person]
17:56:00.183 [Test worker] DEBUG o.s.w.t.h.s.r.b.ReactorHttpServer - Stopping ReactorHttpServer...
17:56:00.183 [Test worker] DEBUG o.s.w.t.h.s.r.b.ReactorHttpServer - Server stopped (0 millis).
17:56:00.203 [Test worker] DEBUG o.s.w.r.r.m.a.RequestMappingHandlerMapping - 34 mappings in 'requestMappingHandlerMapping'
17:56:00.212 [Test worker] DEBUG o.s.w.r.r.m.a.ControllerMethodResolver - ControllerAdvice beans: none
17:56:00.214 [Test worker] DEBUG o.s.w.s.a.HttpWebHandlerAdapter - enableLoggingRequestDetails='false': form data and headers will be masked to prevent unsafe logging of potentially sensitive data
17:56:00.214 [Test worker] DEBUG o.s.w.t.h.s.r.b.TomcatHttpServer - Starting TomcatHttpServer...
17:56:00.220 [Test worker] DEBUG o.s.w.t.h.s.r.b.TomcatHttpServer - Server started on port 54641(0 millis).
17:56:00.220 [Test worker] DEBUG o.s.w.c.RestTemplate - HTTP GET http://localhost:54641/person-response/person
17:56:00.221 [Test worker] DEBUG o.s.w.c.RestTemplate - Accept=[application/xml, text/xml, application/json, application/x-jackson-smile, application/*+xml, application/*+json]
17:56:00.223 [http-nio-auto-46-exec-1] DEBUG o.s.w.s.a.HttpWebHandlerAdapter - [22bcc3b8] HTTP GET "/person-response/person"
17:56:00.223 [http-nio-auto-46-exec-1] DEBUG o.s.w.r.r.m.a.RequestMappingHandlerMapping - [22bcc3b8] Mapped to org.springframework.web.reactive.result.method.annotation.RequestMappingMessageConversionIntegrationTests$PersonResponseBodyController#getPerson()
17:56:00.224 [http-nio-auto-46-exec-1] DEBUG o.s.w.r.r.m.a.ResponseBodyResultHandler - [22bcc3b8] Using 'application/json' given [application/json] and supported [application/json, application/*+json, application/x-ndjson, application/x-jackson-smile, application/*+x-jackson-smile, application/xml, text/xml, application/*+xml, text/event-stream]
17:56:00.224 [http-nio-auto-46-exec-1] DEBUG o.s.w.r.r.m.a.ResponseBodyResultHandler - [22bcc3b8] 0..1 [org.springframework.web.reactive.result.method.annotation.RequestMappingMessageConversionIntegrationTests$Person]
17:56:00.224 [http-nio-auto-46-exec-1] DEBUG o.s.h.c.j.Jackson2JsonEncoder - [22bcc3b8] Encoding [Person{name='Robert'}]
17:56:00.224 [http-nio-auto-46-exec-1] DEBUG o.s.w.s.a.HttpWebHandlerAdapter - [22bcc3b8] Completed 200 OK
17:56:00.225 [Test worker] DEBUG o.s.w.c.RestTemplate - Response 200 OK
17:56:00.225 [Test worker] DEBUG o.s.w.c.RestTemplate - Reading to [org.springframework.web.reactive.result.method.annotation.RequestMappingMessageConversionIntegrationTests$Person]
17:56:00.226 [Test worker] DEBUG o.s.w.t.h.s.r.b.TomcatHttpServer - Stopping TomcatHttpServer...
17:56:11.405 [Test worker] DEBUG o.s.w.t.h.s.r.b.TomcatHttpServer - Server stopped (0 millis).
17:56:11.434 [Test worker] DEBUG o.s.w.r.r.m.a.RequestMappingHandlerMapping - 34 mappings in 'requestMappingHandlerMapping'
17:56:11.444 [Test worker] DEBUG o.s.w.r.r.m.a.ControllerMethodResolver - ControllerAdvice beans: none
17:56:11.445 [Test worker] DEBUG o.s.w.s.a.HttpWebHandlerAdapter - enableLoggingRequestDetails='false': form data and headers will be masked to prevent unsafe logging of potentially sensitive data
17:56:11.446 [Test worker] DEBUG o.s.w.t.h.s.r.b.UndertowHttpServer - Starting UndertowHttpServer...
17:56:11.446 [Test worker] INFO  i.undertow - starting server: Undertow - 2.2.7.Final
17:56:11.448 [Test worker] DEBUG o.s.w.t.h.s.r.b.UndertowHttpServer - Server started on port 54645(0 millis).
17:56:11.448 [Test worker] DEBUG o.s.w.c.RestTemplate - HTTP GET http://localhost:54645/person-response/person
17:56:11.449 [Test worker] DEBUG o.s.w.c.RestTemplate - Accept=[application/xml, text/xml, application/json, application/x-jackson-smile, application/*+xml, application/*+json]
17:56:11.450 [XNIO-46 I/O-3] DEBUG o.s.w.s.a.HttpWebHandlerAdapter - [7148708b-47] HTTP GET "/person-response/person"
17:56:11.451 [XNIO-46 I/O-3] DEBUG o.s.w.r.r.m.a.RequestMappingHandlerMapping - [7148708b-47] Mapped to org.springframework.web.reactive.result.method.annotation.RequestMappingMessageConversionIntegrationTests$PersonResponseBodyController#getPerson()
17:56:11.451 [XNIO-46 I/O-3] DEBUG o.s.w.r.r.m.a.ResponseBodyResultHandler - [7148708b-47] Using 'application/json' given [application/json] and supported [application/json, application/*+json, application/x-ndjson, application/x-jackson-smile, application/*+x-jackson-smile, application/xml, text/xml, application/*+xml, text/event-stream]
17:56:11.451 [XNIO-46 I/O-3] DEBUG o.s.w.r.r.m.a.ResponseBodyResultHandler - [7148708b-47] 0..1 [org.springframework.web.reactive.result.method.annotation.RequestMappingMessageConversionIntegrationTests$Person]
17:56:11.451 [XNIO-46 I/O-3] DEBUG o.s.h.c.j.Jackson2JsonEncoder - [7148708b-47] Encoding [Person{name='Robert'}]
17:56:11.452 [Test worker] DEBUG o.s.w.c.RestTemplate - Response 200 OK
17:56:11.452 [XNIO-46 I/O-3] DEBUG o.s.w.s.a.HttpWebHandlerAdapter - [7148708b-47] Completed 200 OK
17:56:11.452 [Test worker] DEBUG o.s.w.c.RestTemplate - Reading to [org.springframework.web.reactive.result.method.annotation.RequestMappingMessageConversionIntegrationTests$Person]
17:56:11.452 [Test worker] DEBUG o.s.w.t.h.s.r.b.UndertowHttpServer - Stopping UndertowHttpServer...
17:56:11.452 [Test worker] INFO  i.undertow - stopping server: Undertow - 2.2.7.Final
17:56:11.452 [Test worker] DEBUG o.s.w.t.h.s.r.b.UndertowHttpServer - Server stopped (0 millis).
]]></system-out>
  <system-err><![CDATA[]]></system-err>
</testsuite>
