<?xml version="1.0" encoding="UTF-8"?>
<testsuite name="org.springframework.web.reactive.function.server.DispatcherHandlerIntegrationTests" tests="16" skipped="0" failures="0" errors="0" timestamp="2021-04-26T08:35:10" hostname="wangweilideMacBook-Pro.local" time="45.524">
  <properties/>
  <testcase name="[1] org.springframework.web.testfixture.http.server.reactive.bootstrap.JettyHttpServer@7e60ed87" classname="org.springframework.web.reactive.function.server.DispatcherHandlerIntegrationTests" time="0.082"/>
  <testcase name="[2] org.springframework.web.testfixture.http.server.reactive.bootstrap.ReactorHttpServer@32b5dfda" classname="org.springframework.web.reactive.function.server.DispatcherHandlerIntegrationTests" time="0.031"/>
  <testcase name="[3] org.springframework.web.testfixture.http.server.reactive.bootstrap.TomcatHttpServer@6d94ff1d" classname="org.springframework.web.reactive.function.server.DispatcherHandlerIntegrationTests" time="11.235"/>
  <testcase name="[4] org.springframework.web.testfixture.http.server.reactive.bootstrap.UndertowHttpServer@315d66d2" classname="org.springframework.web.reactive.function.server.DispatcherHandlerIntegrationTests" time="0.073"/>
  <testcase name="[1] org.springframework.web.testfixture.http.server.reactive.bootstrap.JettyHttpServer@15ef7d77" classname="org.springframework.web.reactive.function.server.DispatcherHandlerIntegrationTests" time="0.043"/>
  <testcase name="[2] org.springframework.web.testfixture.http.server.reactive.bootstrap.ReactorHttpServer@2da3e621" classname="org.springframework.web.reactive.function.server.DispatcherHandlerIntegrationTests" time="0.037"/>
  <testcase name="[3] org.springframework.web.testfixture.http.server.reactive.bootstrap.TomcatHttpServer@21f6f21d" classname="org.springframework.web.reactive.function.server.DispatcherHandlerIntegrationTests" time="11.21"/>
  <testcase name="[4] org.springframework.web.testfixture.http.server.reactive.bootstrap.UndertowHttpServer@4432616d" classname="org.springframework.web.reactive.function.server.DispatcherHandlerIntegrationTests" time="0.037"/>
  <testcase name="[1] org.springframework.web.testfixture.http.server.reactive.bootstrap.JettyHttpServer@697dd4a2" classname="org.springframework.web.reactive.function.server.DispatcherHandlerIntegrationTests" time="0.039"/>
  <testcase name="[2] org.springframework.web.testfixture.http.server.reactive.bootstrap.ReactorHttpServer@7597c226" classname="org.springframework.web.reactive.function.server.DispatcherHandlerIntegrationTests" time="0.026"/>
  <testcase name="[3] org.springframework.web.testfixture.http.server.reactive.bootstrap.TomcatHttpServer@2e381534" classname="org.springframework.web.reactive.function.server.DispatcherHandlerIntegrationTests" time="11.222"/>
  <testcase name="[4] org.springframework.web.testfixture.http.server.reactive.bootstrap.UndertowHttpServer@46369ed3" classname="org.springframework.web.reactive.function.server.DispatcherHandlerIntegrationTests" time="0.038"/>
  <testcase name="[1] org.springframework.web.testfixture.http.server.reactive.bootstrap.JettyHttpServer@4c03ce2d" classname="org.springframework.web.reactive.function.server.DispatcherHandlerIntegrationTests" time="0.037"/>
  <testcase name="[2] org.springframework.web.testfixture.http.server.reactive.bootstrap.ReactorHttpServer@7cb164a2" classname="org.springframework.web.reactive.function.server.DispatcherHandlerIntegrationTests" time="0.034"/>
  <testcase name="[3] org.springframework.web.testfixture.http.server.reactive.bootstrap.TomcatHttpServer@65d711be" classname="org.springframework.web.reactive.function.server.DispatcherHandlerIntegrationTests" time="11.201"/>
  <testcase name="[4] org.springframework.web.testfixture.http.server.reactive.bootstrap.UndertowHttpServer@45654529" classname="org.springframework.web.reactive.function.server.DispatcherHandlerIntegrationTests" time="0.053"/>
  <system-out><![CDATA[16:35:10.384 [Test worker] DEBUG o.s.w.r.r.m.a.RequestMappingHandlerMapping - 1 mappings in 'requestMappingHandlerMapping'
16:35:10.396 [Test worker] DEBUG o.s.w.r.f.s.s.RouterFunctionMapping - 3 RouterFunction(s) in 'routerFunctionMapping'
16:35:10.401 [Test worker] DEBUG o.s.w.r.r.m.a.ControllerMethodResolver - ControllerAdvice beans: none
16:35:10.402 [Test worker] DEBUG o.s.w.s.a.HttpWebHandlerAdapter - enableLoggingRequestDetails='false': form data and headers will be masked to prevent unsafe logging of potentially sensitive data
16:35:10.409 [Test worker] WARN  o.e.j.s.h.ContextHandler - Empty contextPath
16:35:10.409 [Test worker] INFO  o.e.j.s.h.ContextHandler - Started o.e.j.s.ServletContextHandler@300faa65{/,null,AVAILABLE}
16:35:10.409 [Test worker] DEBUG o.s.w.t.h.s.r.b.JettyHttpServer - Starting JettyHttpServer...
16:35:10.409 [Test worker] INFO  o.e.j.s.Server - jetty-9.4.39.v20210325; built: 2021-03-25T14:42:11.471Z; git: 9fc7ca5a922f2a37b84ec9dbc26a5168cee7e667; jvm 11.0.9+7-LTS
16:35:10.416 [Test worker] INFO  o.e.j.s.AbstractConnector - Started ServerConnector@585133e6{HTTP/1.1, (http/1.1)}{0.0.0.0:62029}
16:35:10.416 [Test worker] INFO  o.e.j.s.Server - Started @198850ms
16:35:10.416 [Test worker] DEBUG o.s.w.t.h.s.r.b.JettyHttpServer - Server started on port 62029(0 millis).
16:35:10.416 [Test worker] DEBUG o.s.w.c.RestTemplate - HTTP GET http://localhost:62029/flux
16:35:10.417 [Test worker] DEBUG o.s.w.c.RestTemplate - Accept=[application/json, application/x-jackson-smile, application/*+json]
16:35:10.429 [qtp2054911361-1276] DEBUG o.s.w.s.a.HttpWebHandlerAdapter - [112227b2] HTTP GET "/flux"
16:35:10.436 [qtp2054911361-1276] DEBUG o.s.w.r.f.s.s.RouterFunctionMapping - [112227b2] Mapped to org.springframework.web.reactive.function.server.DispatcherHandlerIntegrationTests$TestConfiguration$$Lambda$1645/0x0000000801245c40@e66f953
16:35:10.448 [qtp2054911361-1276] DEBUG o.s.h.c.j.Jackson2JsonEncoder - [112227b2] Encoding [[Person{name='John'}, Person{name='Jane'}]]
16:35:10.450 [qtp2054911361-1276] DEBUG o.s.w.s.a.HttpWebHandlerAdapter - [112227b2] Completed 200 OK
16:35:10.450 [Test worker] DEBUG o.s.w.c.RestTemplate - Response 200 OK
16:35:10.450 [Test worker] DEBUG o.s.w.c.RestTemplate - Reading to [java.util.List<org.springframework.web.reactive.function.server.DispatcherHandlerIntegrationTests$Person>]
16:35:10.453 [Test worker] DEBUG o.s.w.t.h.s.r.b.JettyHttpServer - Stopping JettyHttpServer...
16:35:10.453 [Test worker] INFO  o.e.j.s.h.ContextHandler - Stopped o.e.j.s.ServletContextHandler@300faa65{/,null,STOPPED}
16:35:10.454 [Test worker] INFO  o.e.j.s.AbstractConnector - Stopped ServerConnector@585133e6{HTTP/1.1, (http/1.1)}{0.0.0.0:0}
16:35:10.455 [Test worker] DEBUG o.s.w.t.h.s.r.b.JettyHttpServer - Server stopped (0 millis).
16:35:10.467 [Test worker] DEBUG o.s.w.r.r.m.a.RequestMappingHandlerMapping - 1 mappings in 'requestMappingHandlerMapping'
16:35:10.472 [Test worker] DEBUG o.s.w.r.f.s.s.RouterFunctionMapping - 3 RouterFunction(s) in 'routerFunctionMapping'
16:35:10.477 [Test worker] DEBUG o.s.w.r.r.m.a.ControllerMethodResolver - ControllerAdvice beans: none
16:35:10.479 [Test worker] DEBUG o.s.w.s.a.HttpWebHandlerAdapter - enableLoggingRequestDetails='false': form data and headers will be masked to prevent unsafe logging of potentially sensitive data
16:35:10.479 [Test worker] DEBUG o.s.w.t.h.s.r.b.ReactorHttpServer - Starting ReactorHttpServer...
16:35:10.480 [Test worker] DEBUG o.s.w.t.h.s.r.b.ReactorHttpServer - Server started on port 62031(0 millis).
16:35:10.480 [Test worker] DEBUG o.s.w.c.RestTemplate - HTTP GET http://localhost:62031/flux
16:35:10.480 [Test worker] DEBUG o.s.w.c.RestTemplate - Accept=[application/json, application/x-jackson-smile, application/*+json]
16:35:10.488 [reactor-http-nio-2] DEBUG o.s.w.s.a.HttpWebHandlerAdapter - [1d428187-1, L:/127.0.0.1:62031 - R:/127.0.0.1:62032] HTTP GET "/flux"
16:35:10.488 [reactor-http-nio-2] DEBUG o.s.w.r.f.s.s.RouterFunctionMapping - [1d428187-1, L:/127.0.0.1:62031 - R:/127.0.0.1:62032] Mapped to org.springframework.web.reactive.function.server.DispatcherHandlerIntegrationTests$TestConfiguration$$Lambda$1645/0x0000000801245c40@1d7d7d73
16:35:10.489 [reactor-http-nio-2] DEBUG o.s.h.c.j.Jackson2JsonEncoder - [1d428187-1, L:/127.0.0.1:62031 - R:/127.0.0.1:62032] Encoding [[Person{name='John'}, Person{name='Jane'}]]
16:35:10.491 [Test worker] DEBUG o.s.w.c.RestTemplate - Response 200 OK
16:35:10.491 [reactor-http-nio-2] DEBUG o.s.w.s.a.HttpWebHandlerAdapter - [1d428187-1, L:/127.0.0.1:62031 - R:/127.0.0.1:62032] Completed 200 OK
16:35:10.491 [Test worker] DEBUG o.s.w.c.RestTemplate - Reading to [java.util.List<org.springframework.web.reactive.function.server.DispatcherHandlerIntegrationTests$Person>]
16:35:10.492 [Test worker] DEBUG o.s.w.t.h.s.r.b.ReactorHttpServer - Stopping ReactorHttpServer...
16:35:10.492 [Test worker] DEBUG o.s.w.t.h.s.r.b.ReactorHttpServer - Server stopped (0 millis).
16:35:10.506 [Test worker] DEBUG o.s.w.r.r.m.a.RequestMappingHandlerMapping - 1 mappings in 'requestMappingHandlerMapping'
16:35:10.512 [Test worker] DEBUG o.s.w.r.f.s.s.RouterFunctionMapping - 3 RouterFunction(s) in 'routerFunctionMapping'
16:35:10.516 [Test worker] DEBUG o.s.w.r.r.m.a.ControllerMethodResolver - ControllerAdvice beans: none
16:35:10.517 [Test worker] DEBUG o.s.w.s.a.HttpWebHandlerAdapter - enableLoggingRequestDetails='false': form data and headers will be masked to prevent unsafe logging of potentially sensitive data
16:35:10.521 [Test worker] DEBUG o.s.w.t.h.s.r.b.TomcatHttpServer - Starting TomcatHttpServer...
16:35:10.588 [Test worker] DEBUG o.s.w.t.h.s.r.b.TomcatHttpServer - Server started on port 62033(0 millis).
16:35:10.588 [Test worker] DEBUG o.s.w.c.RestTemplate - HTTP GET http://localhost:62033/flux
16:35:10.588 [Test worker] DEBUG o.s.w.c.RestTemplate - Accept=[application/json, application/x-jackson-smile, application/*+json]
16:35:10.603 [http-nio-auto-18-exec-1] DEBUG o.s.w.s.a.HttpWebHandlerAdapter - [abbeba1] HTTP GET "/flux"
16:35:10.603 [http-nio-auto-18-exec-1] DEBUG o.s.w.r.f.s.s.RouterFunctionMapping - [abbeba1] Mapped to org.springframework.web.reactive.function.server.DispatcherHandlerIntegrationTests$TestConfiguration$$Lambda$1645/0x0000000801245c40@47c0486
16:35:10.604 [http-nio-auto-18-exec-1] DEBUG o.s.h.c.j.Jackson2JsonEncoder - [abbeba1] Encoding [[Person{name='John'}, Person{name='Jane'}]]
16:35:10.605 [http-nio-auto-18-exec-1] DEBUG o.s.w.s.a.HttpWebHandlerAdapter - [abbeba1] Completed 200 OK
16:35:10.605 [Test worker] DEBUG o.s.w.c.RestTemplate - Response 200 OK
16:35:10.605 [Test worker] DEBUG o.s.w.c.RestTemplate - Reading to [java.util.List<org.springframework.web.reactive.function.server.DispatcherHandlerIntegrationTests$Person>]
16:35:10.607 [Test worker] DEBUG o.s.w.t.h.s.r.b.TomcatHttpServer - Stopping TomcatHttpServer...
16:35:21.732 [Test worker] DEBUG o.s.w.t.h.s.r.b.TomcatHttpServer - Server stopped (0 millis).
16:35:21.779 [Test worker] DEBUG o.s.w.r.r.m.a.RequestMappingHandlerMapping - 1 mappings in 'requestMappingHandlerMapping'
16:35:21.788 [Test worker] DEBUG o.s.w.r.f.s.s.RouterFunctionMapping - 3 RouterFunction(s) in 'routerFunctionMapping'
16:35:21.795 [Test worker] DEBUG o.s.w.r.r.m.a.ControllerMethodResolver - ControllerAdvice beans: none
16:35:21.798 [Test worker] DEBUG o.s.w.s.a.HttpWebHandlerAdapter - enableLoggingRequestDetails='false': form data and headers will be masked to prevent unsafe logging of potentially sensitive data
16:35:21.798 [Test worker] DEBUG o.s.w.t.h.s.r.b.UndertowHttpServer - Starting UndertowHttpServer...
16:35:21.798 [Test worker] INFO  i.undertow - starting server: Undertow - 2.2.7.Final
16:35:21.806 [Test worker] DEBUG o.s.w.t.h.s.r.b.UndertowHttpServer - Server started on port 62092(0 millis).
16:35:21.807 [Test worker] DEBUG o.s.w.c.RestTemplate - HTTP GET http://localhost:62092/flux
16:35:21.809 [Test worker] DEBUG o.s.w.c.RestTemplate - Accept=[application/json, application/x-jackson-smile, application/*+json]
16:35:21.818 [XNIO-17 I/O-3] DEBUG o.s.w.s.a.HttpWebHandlerAdapter - [64ada062-17] HTTP GET "/flux"
16:35:21.820 [XNIO-17 I/O-3] DEBUG o.s.w.r.f.s.s.RouterFunctionMapping - [64ada062-17] Mapped to org.springframework.web.reactive.function.server.DispatcherHandlerIntegrationTests$TestConfiguration$$Lambda$1645/0x0000000801245c40@6a6a4287
16:35:21.822 [XNIO-17 I/O-3] DEBUG o.s.h.c.j.Jackson2JsonEncoder - [64ada062-17] Encoding [[Person{name='John'}, Person{name='Jane'}]]
16:35:21.824 [XNIO-17 I/O-3] DEBUG o.s.w.s.a.HttpWebHandlerAdapter - [64ada062-17] Completed 200 OK
16:35:21.824 [Test worker] DEBUG o.s.w.c.RestTemplate - Response 200 OK
16:35:21.825 [Test worker] DEBUG o.s.w.c.RestTemplate - Reading to [java.util.List<org.springframework.web.reactive.function.server.DispatcherHandlerIntegrationTests$Person>]
16:35:21.826 [Test worker] DEBUG o.s.w.t.h.s.r.b.UndertowHttpServer - Stopping UndertowHttpServer...
16:35:21.827 [Test worker] INFO  i.undertow - stopping server: Undertow - 2.2.7.Final
16:35:21.828 [Test worker] DEBUG o.s.w.t.h.s.r.b.UndertowHttpServer - Server stopped (0 millis).
16:35:21.845 [Test worker] DEBUG o.s.w.r.r.m.a.RequestMappingHandlerMapping - 1 mappings in 'requestMappingHandlerMapping'
16:35:21.850 [Test worker] DEBUG o.s.w.r.f.s.s.RouterFunctionMapping - 3 RouterFunction(s) in 'routerFunctionMapping'
16:35:21.854 [Test worker] DEBUG o.s.w.r.r.m.a.ControllerMethodResolver - ControllerAdvice beans: none
16:35:21.856 [Test worker] DEBUG o.s.w.s.a.HttpWebHandlerAdapter - enableLoggingRequestDetails='false': form data and headers will be masked to prevent unsafe logging of potentially sensitive data
16:35:21.856 [Test worker] WARN  o.e.j.s.h.ContextHandler - Empty contextPath
16:35:21.857 [Test worker] INFO  o.e.j.s.h.ContextHandler - Started o.e.j.s.ServletContextHandler@cba7637{/,null,AVAILABLE}
16:35:21.858 [Test worker] DEBUG o.s.w.t.h.s.r.b.JettyHttpServer - Starting JettyHttpServer...
16:35:21.858 [Test worker] INFO  o.e.j.s.Server - jetty-9.4.39.v20210325; built: 2021-03-25T14:42:11.471Z; git: 9fc7ca5a922f2a37b84ec9dbc26a5168cee7e667; jvm 11.0.9+7-LTS
16:35:21.860 [Test worker] INFO  o.e.j.s.AbstractConnector - Started ServerConnector@5ef28b8f{HTTP/1.1, (http/1.1)}{0.0.0.0:62094}
16:35:21.860 [Test worker] INFO  o.e.j.s.Server - Started @210294ms
16:35:21.861 [Test worker] DEBUG o.s.w.t.h.s.r.b.JettyHttpServer - Server started on port 62094(0 millis).
16:35:21.861 [Test worker] DEBUG o.s.w.c.RestTemplate - HTTP GET http://localhost:62094/mono
16:35:21.861 [Test worker] DEBUG o.s.w.c.RestTemplate - Accept=[application/json, application/x-jackson-smile, application/*+json]
16:35:21.871 [qtp825754392-1322] DEBUG o.s.w.s.a.HttpWebHandlerAdapter - [408808d9] HTTP GET "/mono"
16:35:21.871 [qtp825754392-1322] DEBUG o.s.w.r.f.s.s.RouterFunctionMapping - [408808d9] Mapped to org.springframework.web.reactive.function.server.DispatcherHandlerIntegrationTests$TestConfiguration$$Lambda$1644/0x0000000801245840@4e4feeb8
16:35:21.878 [qtp825754392-1322] DEBUG o.s.h.c.j.Jackson2JsonEncoder - [408808d9] Encoding [Person{name='John'}]
16:35:21.879 [qtp825754392-1322] DEBUG o.s.w.s.a.HttpWebHandlerAdapter - [408808d9] Completed 200 OK
16:35:21.879 [Test worker] DEBUG o.s.w.c.RestTemplate - Response 200 OK
16:35:21.879 [Test worker] DEBUG o.s.w.c.RestTemplate - Reading to [org.springframework.web.reactive.function.server.DispatcherHandlerIntegrationTests$Person]
16:35:21.880 [Test worker] DEBUG o.s.w.t.h.s.r.b.JettyHttpServer - Stopping JettyHttpServer...
16:35:21.880 [Test worker] INFO  o.e.j.s.h.ContextHandler - Stopped o.e.j.s.ServletContextHandler@cba7637{/,null,STOPPED}
16:35:21.881 [Test worker] INFO  o.e.j.s.AbstractConnector - Stopped ServerConnector@5ef28b8f{HTTP/1.1, (http/1.1)}{0.0.0.0:0}
16:35:21.881 [Test worker] DEBUG o.s.w.t.h.s.r.b.JettyHttpServer - Server stopped (0 millis).
16:35:21.895 [Test worker] DEBUG o.s.w.r.r.m.a.RequestMappingHandlerMapping - 1 mappings in 'requestMappingHandlerMapping'
16:35:21.904 [Test worker] DEBUG o.s.w.r.f.s.s.RouterFunctionMapping - 3 RouterFunction(s) in 'routerFunctionMapping'
16:35:21.910 [Test worker] DEBUG o.s.w.r.r.m.a.ControllerMethodResolver - ControllerAdvice beans: none
16:35:21.912 [Test worker] DEBUG o.s.w.s.a.HttpWebHandlerAdapter - enableLoggingRequestDetails='false': form data and headers will be masked to prevent unsafe logging of potentially sensitive data
16:35:21.912 [Test worker] DEBUG o.s.w.t.h.s.r.b.ReactorHttpServer - Starting ReactorHttpServer...
16:35:21.914 [Test worker] DEBUG o.s.w.t.h.s.r.b.ReactorHttpServer - Server started on port 62096(0 millis).
16:35:21.914 [Test worker] DEBUG o.s.w.c.RestTemplate - HTTP GET http://localhost:62096/mono
16:35:21.915 [Test worker] DEBUG o.s.w.c.RestTemplate - Accept=[application/json, application/x-jackson-smile, application/*+json]
16:35:21.923 [reactor-http-nio-4] DEBUG o.s.w.s.a.HttpWebHandlerAdapter - [65629ead-1, L:/127.0.0.1:62096 - R:/127.0.0.1:62097] HTTP GET "/mono"
16:35:21.924 [reactor-http-nio-4] DEBUG o.s.w.r.f.s.s.RouterFunctionMapping - [65629ead-1, L:/127.0.0.1:62096 - R:/127.0.0.1:62097] Mapped to org.springframework.web.reactive.function.server.DispatcherHandlerIntegrationTests$TestConfiguration$$Lambda$1644/0x0000000801245840@3900c0ac
16:35:21.924 [reactor-http-nio-4] DEBUG o.s.h.c.j.Jackson2JsonEncoder - [65629ead-1, L:/127.0.0.1:62096 - R:/127.0.0.1:62097] Encoding [Person{name='John'}]
16:35:21.926 [Test worker] DEBUG o.s.w.c.RestTemplate - Response 200 OK
16:35:21.926 [reactor-http-nio-4] DEBUG o.s.w.s.a.HttpWebHandlerAdapter - [65629ead-1, L:/127.0.0.1:62096 - R:/127.0.0.1:62097] Completed 200 OK
16:35:21.926 [Test worker] DEBUG o.s.w.c.RestTemplate - Reading to [org.springframework.web.reactive.function.server.DispatcherHandlerIntegrationTests$Person]
16:35:21.926 [Test worker] DEBUG o.s.w.t.h.s.r.b.ReactorHttpServer - Stopping ReactorHttpServer...
16:35:21.926 [Test worker] DEBUG o.s.w.t.h.s.r.b.ReactorHttpServer - Server stopped (0 millis).
16:35:21.939 [Test worker] DEBUG o.s.w.r.r.m.a.RequestMappingHandlerMapping - 1 mappings in 'requestMappingHandlerMapping'
16:35:21.947 [Test worker] DEBUG o.s.w.r.f.s.s.RouterFunctionMapping - 3 RouterFunction(s) in 'routerFunctionMapping'
16:35:21.953 [Test worker] DEBUG o.s.w.r.r.m.a.ControllerMethodResolver - ControllerAdvice beans: none
16:35:21.955 [Test worker] DEBUG o.s.w.s.a.HttpWebHandlerAdapter - enableLoggingRequestDetails='false': form data and headers will be masked to prevent unsafe logging of potentially sensitive data
16:35:21.955 [Test worker] DEBUG o.s.w.t.h.s.r.b.TomcatHttpServer - Starting TomcatHttpServer...
16:35:21.963 [Test worker] DEBUG o.s.w.t.h.s.r.b.TomcatHttpServer - Server started on port 62098(0 millis).
16:35:21.963 [Test worker] DEBUG o.s.w.c.RestTemplate - HTTP GET http://localhost:62098/mono
16:35:21.963 [Test worker] DEBUG o.s.w.c.RestTemplate - Accept=[application/json, application/x-jackson-smile, application/*+json]
16:35:21.980 [http-nio-auto-19-exec-1] DEBUG o.s.w.s.a.HttpWebHandlerAdapter - [1ea96fa3] HTTP GET "/mono"
16:35:21.980 [http-nio-auto-19-exec-1] DEBUG o.s.w.r.f.s.s.RouterFunctionMapping - [1ea96fa3] Mapped to org.springframework.web.reactive.function.server.DispatcherHandlerIntegrationTests$TestConfiguration$$Lambda$1644/0x0000000801245840@106e9206
16:35:21.980 [http-nio-auto-19-exec-1] DEBUG o.s.h.c.j.Jackson2JsonEncoder - [1ea96fa3] Encoding [Person{name='John'}]
16:35:21.981 [http-nio-auto-19-exec-1] DEBUG o.s.w.s.a.HttpWebHandlerAdapter - [1ea96fa3] Completed 200 OK
16:35:21.981 [Test worker] DEBUG o.s.w.c.RestTemplate - Response 200 OK
16:35:21.982 [Test worker] DEBUG o.s.w.c.RestTemplate - Reading to [org.springframework.web.reactive.function.server.DispatcherHandlerIntegrationTests$Person]
16:35:21.982 [Test worker] DEBUG o.s.w.t.h.s.r.b.TomcatHttpServer - Stopping TomcatHttpServer...
16:35:33.143 [Test worker] DEBUG o.s.w.t.h.s.r.b.TomcatHttpServer - Server stopped (0 millis).
16:35:33.162 [Test worker] DEBUG o.s.w.r.r.m.a.RequestMappingHandlerMapping - 1 mappings in 'requestMappingHandlerMapping'
16:35:33.168 [Test worker] DEBUG o.s.w.r.f.s.s.RouterFunctionMapping - 3 RouterFunction(s) in 'routerFunctionMapping'
16:35:33.173 [Test worker] DEBUG o.s.w.r.r.m.a.ControllerMethodResolver - ControllerAdvice beans: none
16:35:33.175 [Test worker] DEBUG o.s.w.s.a.HttpWebHandlerAdapter - enableLoggingRequestDetails='false': form data and headers will be masked to prevent unsafe logging of potentially sensitive data
16:35:33.175 [Test worker] DEBUG o.s.w.t.h.s.r.b.UndertowHttpServer - Starting UndertowHttpServer...
16:35:33.175 [Test worker] INFO  i.undertow - starting server: Undertow - 2.2.7.Final
16:35:33.179 [Test worker] DEBUG o.s.w.t.h.s.r.b.UndertowHttpServer - Server started on port 62172(0 millis).
16:35:33.179 [Test worker] DEBUG o.s.w.c.RestTemplate - HTTP GET http://localhost:62172/mono
16:35:33.180 [Test worker] DEBUG o.s.w.c.RestTemplate - Accept=[application/json, application/x-jackson-smile, application/*+json]
16:35:33.187 [XNIO-18 I/O-8] DEBUG o.s.w.s.a.HttpWebHandlerAdapter - [3f3f195f-18] HTTP GET "/mono"
16:35:33.188 [XNIO-18 I/O-8] DEBUG o.s.w.r.f.s.s.RouterFunctionMapping - [3f3f195f-18] Mapped to org.springframework.web.reactive.function.server.DispatcherHandlerIntegrationTests$TestConfiguration$$Lambda$1644/0x0000000801245840@31f8f0c8
16:35:33.188 [XNIO-18 I/O-8] DEBUG o.s.h.c.j.Jackson2JsonEncoder - [3f3f195f-18] Encoding [Person{name='John'}]
16:35:33.189 [XNIO-18 I/O-8] DEBUG o.s.w.s.a.HttpWebHandlerAdapter - [3f3f195f-18] Completed 200 OK
16:35:33.189 [Test worker] DEBUG o.s.w.c.RestTemplate - Response 200 OK
16:35:33.189 [Test worker] DEBUG o.s.w.c.RestTemplate - Reading to [org.springframework.web.reactive.function.server.DispatcherHandlerIntegrationTests$Person]
16:35:33.189 [Test worker] DEBUG o.s.w.t.h.s.r.b.UndertowHttpServer - Stopping UndertowHttpServer...
16:35:33.189 [Test worker] INFO  i.undertow - stopping server: Undertow - 2.2.7.Final
16:35:33.190 [Test worker] DEBUG o.s.w.t.h.s.r.b.UndertowHttpServer - Server stopped (0 millis).
16:35:33.204 [Test worker] DEBUG o.s.w.r.r.m.a.RequestMappingHandlerMapping - 1 mappings in 'requestMappingHandlerMapping'
16:35:33.212 [Test worker] DEBUG o.s.w.r.f.s.s.RouterFunctionMapping - 3 RouterFunction(s) in 'routerFunctionMapping'
16:35:33.217 [Test worker] DEBUG o.s.w.r.r.m.a.ControllerMethodResolver - ControllerAdvice beans: none
16:35:33.220 [Test worker] DEBUG o.s.w.s.a.HttpWebHandlerAdapter - enableLoggingRequestDetails='false': form data and headers will be masked to prevent unsafe logging of potentially sensitive data
16:35:33.220 [Test worker] WARN  o.e.j.s.h.ContextHandler - Empty contextPath
16:35:33.220 [Test worker] INFO  o.e.j.s.h.ContextHandler - Started o.e.j.s.ServletContextHandler@528f8be9{/,null,AVAILABLE}
16:35:33.221 [Test worker] DEBUG o.s.w.t.h.s.r.b.JettyHttpServer - Starting JettyHttpServer...
16:35:33.221 [Test worker] INFO  o.e.j.s.Server - jetty-9.4.39.v20210325; built: 2021-03-25T14:42:11.471Z; git: 9fc7ca5a922f2a37b84ec9dbc26a5168cee7e667; jvm 11.0.9+7-LTS
16:35:33.222 [Test worker] INFO  o.e.j.s.AbstractConnector - Started ServerConnector@75c79cc7{HTTP/1.1, (http/1.1)}{0.0.0.0:62174}
16:35:33.222 [Test worker] INFO  o.e.j.s.Server - Started @221656ms
16:35:33.222 [Test worker] DEBUG o.s.w.t.h.s.r.b.JettyHttpServer - Server started on port 62174(0 millis).
16:35:33.223 [Test worker] DEBUG o.s.w.c.RestTemplate - HTTP GET http://localhost:62174/attributes/bar
16:35:33.223 [Test worker] DEBUG o.s.w.c.RestTemplate - Accept=[text/plain, application/json, application/x-jackson-smile, application/*+json, */*]
16:35:33.230 [qtp168931540-1367] DEBUG o.s.w.s.a.HttpWebHandlerAdapter - [199ee83e] HTTP GET "/attributes/bar"
16:35:33.234 [qtp168931540-1367] DEBUG o.s.w.r.f.s.s.RouterFunctionMapping - [199ee83e] Mapped to org.springframework.web.reactive.function.server.DispatcherHandlerIntegrationTests$TestConfiguration$$Lambda$1646/0x0000000801245040@7af66301
16:35:33.235 [qtp168931540-1367] DEBUG o.s.w.s.a.HttpWebHandlerAdapter - [199ee83e] Completed 200 OK
16:35:33.236 [Test worker] DEBUG o.s.w.c.RestTemplate - Response 200 OK
16:35:33.236 [Test worker] DEBUG o.s.w.t.h.s.r.b.JettyHttpServer - Stopping JettyHttpServer...
16:35:33.236 [Test worker] INFO  o.e.j.s.h.ContextHandler - Stopped o.e.j.s.ServletContextHandler@528f8be9{/,null,STOPPED}
16:35:33.237 [Test worker] INFO  o.e.j.s.AbstractConnector - Stopped ServerConnector@75c79cc7{HTTP/1.1, (http/1.1)}{0.0.0.0:0}
16:35:33.237 [Test worker] DEBUG o.s.w.t.h.s.r.b.JettyHttpServer - Server stopped (0 millis).
16:35:33.251 [Test worker] DEBUG o.s.w.r.r.m.a.RequestMappingHandlerMapping - 1 mappings in 'requestMappingHandlerMapping'
16:35:33.259 [Test worker] DEBUG o.s.w.r.f.s.s.RouterFunctionMapping - 3 RouterFunction(s) in 'routerFunctionMapping'
16:35:33.262 [Test worker] DEBUG o.s.w.r.r.m.a.ControllerMethodResolver - ControllerAdvice beans: none
16:35:33.264 [Test worker] DEBUG o.s.w.s.a.HttpWebHandlerAdapter - enableLoggingRequestDetails='false': form data and headers will be masked to prevent unsafe logging of potentially sensitive data
16:35:33.264 [Test worker] DEBUG o.s.w.t.h.s.r.b.ReactorHttpServer - Starting ReactorHttpServer...
16:35:33.265 [Test worker] DEBUG o.s.w.t.h.s.r.b.ReactorHttpServer - Server started on port 62176(0 millis).
16:35:33.265 [Test worker] DEBUG o.s.w.c.RestTemplate - HTTP GET http://localhost:62176/attributes/bar
16:35:33.265 [Test worker] DEBUG o.s.w.c.RestTemplate - Accept=[text/plain, application/json, application/x-jackson-smile, application/*+json, */*]
16:35:33.270 [reactor-http-nio-6] DEBUG o.s.w.s.a.HttpWebHandlerAdapter - [a5466cab-1, L:/127.0.0.1:62176 - R:/127.0.0.1:62177] HTTP GET "/attributes/bar"
16:35:33.270 [reactor-http-nio-6] DEBUG o.s.w.r.f.s.s.RouterFunctionMapping - [a5466cab-1, L:/127.0.0.1:62176 - R:/127.0.0.1:62177] Mapped to org.springframework.web.reactive.function.server.DispatcherHandlerIntegrationTests$TestConfiguration$$Lambda$1646/0x0000000801245040@7eaafa9f
16:35:33.270 [reactor-http-nio-6] DEBUG o.s.w.s.a.HttpWebHandlerAdapter - [a5466cab-1, L:/127.0.0.1:62176 - R:/127.0.0.1:62177] Completed 200 OK
16:35:33.271 [Test worker] DEBUG o.s.w.c.RestTemplate - Response 200 OK
16:35:33.271 [Test worker] DEBUG o.s.w.t.h.s.r.b.ReactorHttpServer - Stopping ReactorHttpServer...
16:35:33.271 [Test worker] DEBUG o.s.w.t.h.s.r.b.ReactorHttpServer - Server stopped (0 millis).
16:35:33.281 [Test worker] DEBUG o.s.w.r.r.m.a.RequestMappingHandlerMapping - 1 mappings in 'requestMappingHandlerMapping'
16:35:33.286 [Test worker] DEBUG o.s.w.r.f.s.s.RouterFunctionMapping - 3 RouterFunction(s) in 'routerFunctionMapping'
16:35:33.290 [Test worker] DEBUG o.s.w.r.r.m.a.ControllerMethodResolver - ControllerAdvice beans: none
16:35:33.291 [Test worker] DEBUG o.s.w.s.a.HttpWebHandlerAdapter - enableLoggingRequestDetails='false': form data and headers will be masked to prevent unsafe logging of potentially sensitive data
16:35:33.292 [Test worker] DEBUG o.s.w.t.h.s.r.b.TomcatHttpServer - Starting TomcatHttpServer...
16:35:33.303 [Test worker] DEBUG o.s.w.t.h.s.r.b.TomcatHttpServer - Server started on port 62178(0 millis).
16:35:33.303 [Test worker] DEBUG o.s.w.c.RestTemplate - HTTP GET http://localhost:62178/attributes/bar
16:35:33.303 [Test worker] DEBUG o.s.w.c.RestTemplate - Accept=[text/plain, application/json, application/x-jackson-smile, application/*+json, */*]
16:35:33.317 [http-nio-auto-20-exec-1] DEBUG o.s.w.s.a.HttpWebHandlerAdapter - [51265d5f] HTTP GET "/attributes/bar"
16:35:33.317 [http-nio-auto-20-exec-1] DEBUG o.s.w.r.f.s.s.RouterFunctionMapping - [51265d5f] Mapped to org.springframework.web.reactive.function.server.DispatcherHandlerIntegrationTests$TestConfiguration$$Lambda$1646/0x0000000801245040@5fe1b90b
16:35:33.318 [http-nio-auto-20-exec-1] DEBUG o.s.w.s.a.HttpWebHandlerAdapter - [51265d5f] Completed 200 OK
16:35:33.318 [Test worker] DEBUG o.s.w.c.RestTemplate - Response 200 OK
16:35:33.322 [Test worker] DEBUG o.s.w.t.h.s.r.b.TomcatHttpServer - Stopping TomcatHttpServer...
16:35:44.497 [Test worker] DEBUG o.s.w.t.h.s.r.b.TomcatHttpServer - Server stopped (0 millis).
16:35:44.516 [Test worker] DEBUG o.s.w.r.r.m.a.RequestMappingHandlerMapping - 1 mappings in 'requestMappingHandlerMapping'
16:35:44.523 [Test worker] DEBUG o.s.w.r.f.s.s.RouterFunctionMapping - 3 RouterFunction(s) in 'routerFunctionMapping'
16:35:44.528 [Test worker] DEBUG o.s.w.r.r.m.a.ControllerMethodResolver - ControllerAdvice beans: none
16:35:44.530 [Test worker] DEBUG o.s.w.s.a.HttpWebHandlerAdapter - enableLoggingRequestDetails='false': form data and headers will be masked to prevent unsafe logging of potentially sensitive data
16:35:44.530 [Test worker] DEBUG o.s.w.t.h.s.r.b.UndertowHttpServer - Starting UndertowHttpServer...
16:35:44.530 [Test worker] INFO  i.undertow - starting server: Undertow - 2.2.7.Final
16:35:44.533 [Test worker] DEBUG o.s.w.t.h.s.r.b.UndertowHttpServer - Server started on port 62239(0 millis).
16:35:44.534 [Test worker] DEBUG o.s.w.c.RestTemplate - HTTP GET http://localhost:62239/attributes/bar
16:35:44.534 [Test worker] DEBUG o.s.w.c.RestTemplate - Accept=[text/plain, application/json, application/x-jackson-smile, application/*+json, */*]
16:35:44.540 [XNIO-19 I/O-9] DEBUG o.s.w.s.a.HttpWebHandlerAdapter - [777dff63-19] HTTP GET "/attributes/bar"
16:35:44.541 [XNIO-19 I/O-9] DEBUG o.s.w.r.f.s.s.RouterFunctionMapping - [777dff63-19] Mapped to org.springframework.web.reactive.function.server.DispatcherHandlerIntegrationTests$TestConfiguration$$Lambda$1646/0x0000000801245040@79ba1ffc
16:35:44.541 [XNIO-19 I/O-9] DEBUG o.s.w.s.a.HttpWebHandlerAdapter - [777dff63-19] Completed 200 OK
16:35:44.541 [Test worker] DEBUG o.s.w.c.RestTemplate - Response 200 OK
16:35:44.541 [Test worker] DEBUG o.s.w.t.h.s.r.b.UndertowHttpServer - Stopping UndertowHttpServer...
16:35:44.541 [Test worker] INFO  i.undertow - stopping server: Undertow - 2.2.7.Final
16:35:44.542 [Test worker] DEBUG o.s.w.t.h.s.r.b.UndertowHttpServer - Server stopped (0 millis).
16:35:44.557 [Test worker] DEBUG o.s.w.r.r.m.a.RequestMappingHandlerMapping - 1 mappings in 'requestMappingHandlerMapping'
16:35:44.565 [Test worker] DEBUG o.s.w.r.f.s.s.RouterFunctionMapping - 3 RouterFunction(s) in 'routerFunctionMapping'
16:35:44.570 [Test worker] DEBUG o.s.w.r.r.m.a.ControllerMethodResolver - ControllerAdvice beans: none
16:35:44.572 [Test worker] DEBUG o.s.w.s.a.HttpWebHandlerAdapter - enableLoggingRequestDetails='false': form data and headers will be masked to prevent unsafe logging of potentially sensitive data
16:35:44.573 [Test worker] WARN  o.e.j.s.h.ContextHandler - Empty contextPath
16:35:44.573 [Test worker] INFO  o.e.j.s.h.ContextHandler - Started o.e.j.s.ServletContextHandler@19651d73{/,null,AVAILABLE}
16:35:44.573 [Test worker] DEBUG o.s.w.t.h.s.r.b.JettyHttpServer - Starting JettyHttpServer...
16:35:44.573 [Test worker] INFO  o.e.j.s.Server - jetty-9.4.39.v20210325; built: 2021-03-25T14:42:11.471Z; git: 9fc7ca5a922f2a37b84ec9dbc26a5168cee7e667; jvm 11.0.9+7-LTS
16:35:44.575 [Test worker] INFO  o.e.j.s.AbstractConnector - Started ServerConnector@67d6479d{HTTP/1.1, (http/1.1)}{0.0.0.0:62241}
16:35:44.575 [Test worker] INFO  o.e.j.s.Server - Started @233008ms
16:35:44.575 [Test worker] DEBUG o.s.w.t.h.s.r.b.JettyHttpServer - Server started on port 62241(0 millis).
16:35:44.575 [Test worker] DEBUG o.s.w.c.RestTemplate - HTTP GET http://localhost:62241/controller
16:35:44.576 [Test worker] DEBUG o.s.w.c.RestTemplate - Accept=[application/json, application/x-jackson-smile, application/*+json]
16:35:44.583 [qtp1956417268-1412] DEBUG o.s.w.s.a.HttpWebHandlerAdapter - [a5e6fe0] HTTP GET "/controller"
16:35:44.583 [qtp1956417268-1412] DEBUG o.s.w.r.r.m.a.RequestMappingHandlerMapping - [a5e6fe0] Mapped to org.springframework.web.reactive.function.server.DispatcherHandlerIntegrationTests$PersonController#controller()
16:35:44.585 [qtp1956417268-1412] DEBUG o.s.w.r.r.m.a.ResponseBodyResultHandler - [a5e6fe0] Using 'application/json' given [application/json, application/x-jackson-smile, application/*+json] and supported [application/json, application/*+json, application/x-ndjson, application/x-jackson-smile, application/*+x-jackson-smile, text/event-stream]
16:35:44.585 [qtp1956417268-1412] DEBUG o.s.w.r.r.m.a.ResponseBodyResultHandler - [a5e6fe0] 0..1 [org.springframework.web.reactive.function.server.DispatcherHandlerIntegrationTests$Person]
16:35:44.585 [qtp1956417268-1412] DEBUG o.s.h.c.j.Jackson2JsonEncoder - [a5e6fe0] Encoding [Person{name='John'}]
16:35:44.585 [qtp1956417268-1412] DEBUG o.s.w.s.a.HttpWebHandlerAdapter - [a5e6fe0] Completed 200 OK
16:35:44.585 [Test worker] DEBUG o.s.w.c.RestTemplate - Response 200 OK
16:35:44.586 [Test worker] DEBUG o.s.w.c.RestTemplate - Reading to [org.springframework.web.reactive.function.server.DispatcherHandlerIntegrationTests$Person]
16:35:44.586 [Test worker] DEBUG o.s.w.t.h.s.r.b.JettyHttpServer - Stopping JettyHttpServer...
16:35:44.586 [Test worker] INFO  o.e.j.s.h.ContextHandler - Stopped o.e.j.s.ServletContextHandler@19651d73{/,null,STOPPED}
16:35:44.587 [Test worker] INFO  o.e.j.s.AbstractConnector - Stopped ServerConnector@67d6479d{HTTP/1.1, (http/1.1)}{0.0.0.0:0}
16:35:44.587 [Test worker] DEBUG o.s.w.t.h.s.r.b.JettyHttpServer - Server stopped (0 millis).
16:35:44.600 [Test worker] DEBUG o.s.w.r.r.m.a.RequestMappingHandlerMapping - 1 mappings in 'requestMappingHandlerMapping'
16:35:44.608 [Test worker] DEBUG o.s.w.r.f.s.s.RouterFunctionMapping - 3 RouterFunction(s) in 'routerFunctionMapping'
16:35:44.613 [Test worker] DEBUG o.s.w.r.r.m.a.ControllerMethodResolver - ControllerAdvice beans: none
16:35:44.615 [Test worker] DEBUG o.s.w.s.a.HttpWebHandlerAdapter - enableLoggingRequestDetails='false': form data and headers will be masked to prevent unsafe logging of potentially sensitive data
16:35:44.615 [Test worker] DEBUG o.s.w.t.h.s.r.b.ReactorHttpServer - Starting ReactorHttpServer...
16:35:44.616 [Test worker] DEBUG o.s.w.t.h.s.r.b.ReactorHttpServer - Server started on port 62243(0 millis).
16:35:44.616 [Test worker] DEBUG o.s.w.c.RestTemplate - HTTP GET http://localhost:62243/controller
16:35:44.617 [Test worker] DEBUG o.s.w.c.RestTemplate - Accept=[application/json, application/x-jackson-smile, application/*+json]
16:35:44.625 [reactor-http-nio-8] DEBUG o.s.w.s.a.HttpWebHandlerAdapter - [eea87a70-1, L:/127.0.0.1:62243 - R:/127.0.0.1:62244] HTTP GET "/controller"
16:35:44.626 [reactor-http-nio-8] DEBUG o.s.w.r.r.m.a.RequestMappingHandlerMapping - [eea87a70-1, L:/127.0.0.1:62243 - R:/127.0.0.1:62244] Mapped to org.springframework.web.reactive.function.server.DispatcherHandlerIntegrationTests$PersonController#controller()
16:35:44.627 [reactor-http-nio-8] DEBUG o.s.w.r.r.m.a.ResponseBodyResultHandler - [eea87a70-1, L:/127.0.0.1:62243 - R:/127.0.0.1:62244] Using 'application/json' given [application/json, application/x-jackson-smile, application/*+json] and supported [application/json, application/*+json, application/x-ndjson, application/x-jackson-smile, application/*+x-jackson-smile, text/event-stream]
16:35:44.627 [reactor-http-nio-8] DEBUG o.s.w.r.r.m.a.ResponseBodyResultHandler - [eea87a70-1, L:/127.0.0.1:62243 - R:/127.0.0.1:62244] 0..1 [org.springframework.web.reactive.function.server.DispatcherHandlerIntegrationTests$Person]
16:35:44.627 [reactor-http-nio-8] DEBUG o.s.h.c.j.Jackson2JsonEncoder - [eea87a70-1, L:/127.0.0.1:62243 - R:/127.0.0.1:62244] Encoding [Person{name='John'}]
16:35:44.628 [reactor-http-nio-8] DEBUG o.s.w.s.a.HttpWebHandlerAdapter - [eea87a70-1, L:/127.0.0.1:62243 - R:/127.0.0.1:62244] Completed 200 OK
16:35:44.628 [Test worker] DEBUG o.s.w.c.RestTemplate - Response 200 OK
16:35:44.628 [Test worker] DEBUG o.s.w.c.RestTemplate - Reading to [org.springframework.web.reactive.function.server.DispatcherHandlerIntegrationTests$Person]
16:35:44.629 [Test worker] DEBUG o.s.w.t.h.s.r.b.ReactorHttpServer - Stopping ReactorHttpServer...
16:35:44.629 [Test worker] DEBUG o.s.w.t.h.s.r.b.ReactorHttpServer - Server stopped (0 millis).
16:35:44.643 [Test worker] DEBUG o.s.w.r.r.m.a.RequestMappingHandlerMapping - 1 mappings in 'requestMappingHandlerMapping'
16:35:44.651 [Test worker] DEBUG o.s.w.r.f.s.s.RouterFunctionMapping - 3 RouterFunction(s) in 'routerFunctionMapping'
16:35:44.657 [Test worker] DEBUG o.s.w.r.r.m.a.ControllerMethodResolver - ControllerAdvice beans: none
16:35:44.659 [Test worker] DEBUG o.s.w.s.a.HttpWebHandlerAdapter - enableLoggingRequestDetails='false': form data and headers will be masked to prevent unsafe logging of potentially sensitive data
16:35:44.659 [Test worker] DEBUG o.s.w.t.h.s.r.b.TomcatHttpServer - Starting TomcatHttpServer...
16:35:44.664 [Test worker] DEBUG o.s.w.t.h.s.r.b.TomcatHttpServer - Server started on port 62245(0 millis).
16:35:44.665 [Test worker] DEBUG o.s.w.c.RestTemplate - HTTP GET http://localhost:62245/controller
16:35:44.665 [Test worker] DEBUG o.s.w.c.RestTemplate - Accept=[application/json, application/x-jackson-smile, application/*+json]
16:35:44.675 [http-nio-auto-21-exec-1] DEBUG o.s.w.s.a.HttpWebHandlerAdapter - [3984002b] HTTP GET "/controller"
16:35:44.675 [http-nio-auto-21-exec-1] DEBUG o.s.w.r.r.m.a.RequestMappingHandlerMapping - [3984002b] Mapped to org.springframework.web.reactive.function.server.DispatcherHandlerIntegrationTests$PersonController#controller()
16:35:44.676 [http-nio-auto-21-exec-1] DEBUG o.s.w.r.r.m.a.ResponseBodyResultHandler - [3984002b] Using 'application/json' given [application/json, application/x-jackson-smile, application/*+json] and supported [application/json, application/*+json, application/x-ndjson, application/x-jackson-smile, application/*+x-jackson-smile, text/event-stream]
16:35:44.676 [http-nio-auto-21-exec-1] DEBUG o.s.w.r.r.m.a.ResponseBodyResultHandler - [3984002b] 0..1 [org.springframework.web.reactive.function.server.DispatcherHandlerIntegrationTests$Person]
16:35:44.676 [http-nio-auto-21-exec-1] DEBUG o.s.h.c.j.Jackson2JsonEncoder - [3984002b] Encoding [Person{name='John'}]
16:35:44.677 [http-nio-auto-21-exec-1] DEBUG o.s.w.s.a.HttpWebHandlerAdapter - [3984002b] Completed 200 OK
16:35:44.677 [Test worker] DEBUG o.s.w.c.RestTemplate - Response 200 OK
16:35:44.677 [Test worker] DEBUG o.s.w.c.RestTemplate - Reading to [org.springframework.web.reactive.function.server.DispatcherHandlerIntegrationTests$Person]
16:35:44.678 [Test worker] DEBUG o.s.w.t.h.s.r.b.TomcatHttpServer - Stopping TomcatHttpServer...
16:35:55.837 [Test worker] DEBUG o.s.w.t.h.s.r.b.TomcatHttpServer - Server stopped (0 millis).
16:35:55.857 [Test worker] DEBUG o.s.w.r.r.m.a.RequestMappingHandlerMapping - 1 mappings in 'requestMappingHandlerMapping'
16:35:55.866 [Test worker] DEBUG o.s.w.r.f.s.s.RouterFunctionMapping - 3 RouterFunction(s) in 'routerFunctionMapping'
16:35:55.872 [Test worker] DEBUG o.s.w.r.r.m.a.ControllerMethodResolver - ControllerAdvice beans: none
16:35:55.876 [Test worker] DEBUG o.s.w.s.a.HttpWebHandlerAdapter - enableLoggingRequestDetails='false': form data and headers will be masked to prevent unsafe logging of potentially sensitive data
16:35:55.876 [Test worker] DEBUG o.s.w.t.h.s.r.b.UndertowHttpServer - Starting UndertowHttpServer...
16:35:55.876 [Test worker] INFO  i.undertow - starting server: Undertow - 2.2.7.Final
16:35:55.879 [Test worker] DEBUG o.s.w.t.h.s.r.b.UndertowHttpServer - Server started on port 62318(0 millis).
16:35:55.879 [Test worker] DEBUG o.s.w.c.RestTemplate - HTTP GET http://localhost:62318/controller
16:35:55.880 [Test worker] DEBUG o.s.w.c.RestTemplate - Accept=[application/json, application/x-jackson-smile, application/*+json]
16:35:55.892 [XNIO-20 I/O-7] DEBUG o.s.w.s.a.HttpWebHandlerAdapter - [4fe2a5ac-20] HTTP GET "/controller"
16:35:55.893 [XNIO-20 I/O-7] DEBUG o.s.w.r.r.m.a.RequestMappingHandlerMapping - [4fe2a5ac-20] Mapped to org.springframework.web.reactive.function.server.DispatcherHandlerIntegrationTests$PersonController#controller()
16:35:55.894 [XNIO-20 I/O-7] DEBUG o.s.w.r.r.m.a.ResponseBodyResultHandler - [4fe2a5ac-20] Using 'application/json' given [application/json, application/x-jackson-smile, application/*+json] and supported [application/json, application/*+json, application/x-ndjson, application/x-jackson-smile, application/*+x-jackson-smile, text/event-stream]
16:35:55.894 [XNIO-20 I/O-7] DEBUG o.s.w.r.r.m.a.ResponseBodyResultHandler - [4fe2a5ac-20] 0..1 [org.springframework.web.reactive.function.server.DispatcherHandlerIntegrationTests$Person]
16:35:55.894 [XNIO-20 I/O-7] DEBUG o.s.h.c.j.Jackson2JsonEncoder - [4fe2a5ac-20] Encoding [Person{name='John'}]
16:35:55.895 [XNIO-20 I/O-7] DEBUG o.s.w.s.a.HttpWebHandlerAdapter - [4fe2a5ac-20] Completed 200 OK
16:35:55.895 [Test worker] DEBUG o.s.w.c.RestTemplate - Response 200 OK
16:35:55.895 [Test worker] DEBUG o.s.w.c.RestTemplate - Reading to [org.springframework.web.reactive.function.server.DispatcherHandlerIntegrationTests$Person]
16:35:55.896 [Test worker] DEBUG o.s.w.t.h.s.r.b.UndertowHttpServer - Stopping UndertowHttpServer...
16:35:55.896 [Test worker] INFO  i.undertow - stopping server: Undertow - 2.2.7.Final
16:35:55.897 [Test worker] DEBUG o.s.w.t.h.s.r.b.UndertowHttpServer - Server stopped (0 millis).
]]></system-out>
  <system-err><![CDATA[]]></system-err>
</testsuite>
