<?xml version="1.0" encoding="UTF-8"?>
<testsuite name="org.springframework.web.reactive.result.method.annotation.ControllerAdviceTests" tests="7" skipped="0" failures="0" errors="0" timestamp="2021-05-01T09:52:36" hostname="wangweilideMBP.lan" time="0.085">
  <properties/>
  <testcase name="resolveExceptionGlobalHandlerOrdered()" classname="org.springframework.web.reactive.result.method.annotation.ControllerAdviceTests" time="0.016"/>
  <testcase name="initBinderAdvice()" classname="org.springframework.web.reactive.result.method.annotation.ControllerAdviceTests" time="0.007"/>
  <testcase name="modelAttributeAdvice()" classname="org.springframework.web.reactive.result.method.annotation.ControllerAdviceTests" time="0.006"/>
  <testcase name="resolveExceptionGlobalHandler()" classname="org.springframework.web.reactive.result.method.annotation.ControllerAdviceTests" time="0.007"/>
  <testcase name="resolveExceptionWithAssertionError()" classname="org.springframework.web.reactive.result.method.annotation.ControllerAdviceTests" time="0.006"/>
  <testcase name="resolveExceptionWithAssertionErrorAsRootCause()" classname="org.springframework.web.reactive.result.method.annotation.ControllerAdviceTests" time="0.01"/>
  <testcase name="resolveExceptionWithHandlerMethodArg()" classname="org.springframework.web.reactive.result.method.annotation.ControllerAdviceTests" time="0.007"/>
  <system-out><![CDATA[17:52:36.527 [Test worker] DEBUG o.s.w.r.r.m.a.ControllerMethodResolver - ControllerAdvice beans: 1 @ModelAttribute, 0 @InitBinder, 2 @ExceptionHandler
17:52:36.528 [Test worker] DEBUG o.s.w.r.r.m.a.RequestMappingHandlerAdapter - [6756f531] Using @ExceptionHandler org.springframework.web.reactive.result.method.annotation.ControllerAdviceTests$OneControllerAdvice#handleException(IllegalStateException)
17:52:36.539 [Test worker] DEBUG o.s.w.r.r.m.a.ControllerMethodResolver - ControllerAdvice beans: 1 @ModelAttribute, 0 @InitBinder, 2 @ExceptionHandler
17:52:36.551 [Test worker] DEBUG o.s.w.r.r.m.a.ControllerMethodResolver - ControllerAdvice beans: 1 @ModelAttribute, 0 @InitBinder, 2 @ExceptionHandler
17:52:36.561 [Test worker] DEBUG o.s.w.r.r.m.a.ControllerMethodResolver - ControllerAdvice beans: 1 @ModelAttribute, 0 @InitBinder, 2 @ExceptionHandler
17:52:36.562 [Test worker] DEBUG o.s.w.r.r.m.a.RequestMappingHandlerAdapter - [4328696] Using @ExceptionHandler org.springframework.web.reactive.result.method.annotation.ControllerAdviceTests$SecondControllerAdvice#handleException(Exception)
17:52:36.571 [Test worker] DEBUG o.s.w.r.r.m.a.ControllerMethodResolver - ControllerAdvice beans: 1 @ModelAttribute, 0 @InitBinder, 2 @ExceptionHandler
17:52:36.572 [Test worker] DEBUG o.s.w.r.r.m.a.RequestMappingHandlerAdapter - [59708920] Using @ExceptionHandler org.springframework.web.reactive.result.method.annotation.ControllerAdviceTests$OneControllerAdvice#handleAssertionError(Error)
17:52:36.585 [Test worker] DEBUG o.s.w.r.r.m.a.ControllerMethodResolver - ControllerAdvice beans: 1 @ModelAttribute, 0 @InitBinder, 2 @ExceptionHandler
17:52:36.586 [Test worker] DEBUG o.s.w.r.r.m.a.RequestMappingHandlerAdapter - [50d9e95f] Using @ExceptionHandler org.springframework.web.reactive.result.method.annotation.ControllerAdviceTests$OneControllerAdvice#handleAssertionError(Error)
17:52:36.596 [Test worker] DEBUG o.s.w.r.r.m.a.ControllerMethodResolver - ControllerAdvice beans: 1 @ModelAttribute, 0 @InitBinder, 2 @ExceptionHandler
17:52:36.597 [Test worker] DEBUG o.s.w.r.r.m.a.RequestMappingHandlerAdapter - [764bdcdd] Using @ExceptionHandler org.springframework.web.reactive.result.method.annotation.ControllerAdviceTests$OneControllerAdvice#handleWithHandlerMethod(HandlerMethod)
]]></system-out>
  <system-err><![CDATA[]]></system-err>
</testsuite>
