<?xml version="1.0" encoding="UTF-8"?>
<testsuite name="org.springframework.web.reactive.function.server.DefaultServerRequestBuilderTests" tests="1" skipped="0" failures="0" errors="0" timestamp="2021-05-01T09:51:13" hostname="wangweilideMBP.lan" time="0.017">
  <properties/>
  <testcase name="from()" classname="org.springframework.web.reactive.function.server.DefaultServerRequestBuilderTests" time="0.017"/>
  <system-out><![CDATA[17:51:13.835 [Test worker] DEBUG o.s.c.c.StringDecoder - [3485daf6] Decoded "baz"
]]></system-out>
  <system-err><![CDATA[]]></system-err>
</testsuite>
