<?xml version="1.0" encoding="UTF-8"?>
<testsuite name="org.springframework.web.reactive.resource.CachingResourceResolverTests" tests="9" skipped="0" failures="0" errors="0" timestamp="2021-04-26T08:35:56" hostname="wangweilideMacBook-Pro.local" time="0.1">
  <properties/>
  <testcase name="resolveResourceMatchingEncoding()" classname="org.springframework.web.reactive.resource.CachingResourceResolverTests" time="0.035"/>
  <testcase name="resolveResourceInternal()" classname="org.springframework.web.reactive.resource.CachingResourceResolverTests" time="0.009"/>
  <testcase name="resolverUrlPathNoMatch()" classname="org.springframework.web.reactive.resource.CachingResourceResolverTests" time="0.002"/>
  <testcase name="resolverUrlPath()" classname="org.springframework.web.reactive.resource.CachingResourceResolverTests" time="0.001"/>
  <testcase name="resolverUrlPathFromCache()" classname="org.springframework.web.reactive.resource.CachingResourceResolverTests" time="0.0"/>
  <testcase name="resolveResourceInternalNoMatch()" classname="org.springframework.web.reactive.resource.CachingResourceResolverTests" time="0.008"/>
  <testcase name="resolveResourceNoAcceptEncoding()" classname="org.springframework.web.reactive.resource.CachingResourceResolverTests" time="0.008"/>
  <testcase name="resolveResourceAcceptEncodingInCacheKey(GzippedFiles)" classname="org.springframework.web.reactive.resource.CachingResourceResolverTests" time="0.026"/>
  <testcase name="resolveResourceInternalFromCache()" classname="org.springframework.web.reactive.resource.CachingResourceResolverTests" time="0.009"/>
  <system-out><![CDATA[]]></system-out>
  <system-err><![CDATA[]]></system-err>
</testsuite>
