<?xml version="1.0" encoding="UTF-8"?>
<testsuite name="org.springframework.web.reactive.function.server.support.DispatcherHandlerIntegrationTests" tests="4" skipped="0" failures="0" errors="0" timestamp="2021-05-01T09:56:11" hostname="wangweilideMBP.lan" time="11.344">
  <properties/>
  <testcase name="[1] org.springframework.web.testfixture.http.server.reactive.bootstrap.JettyHttpServer@3ba5002b" classname="org.springframework.web.reactive.function.server.support.DispatcherHandlerIntegrationTests" time="0.033"/>
  <testcase name="[2] org.springframework.web.testfixture.http.server.reactive.bootstrap.ReactorHttpServer@6dde864e" classname="org.springframework.web.reactive.function.server.support.DispatcherHandlerIntegrationTests" time="0.024"/>
  <testcase name="[3] org.springframework.web.testfixture.http.server.reactive.bootstrap.TomcatHttpServer@50bd426e" classname="org.springframework.web.reactive.function.server.support.DispatcherHandlerIntegrationTests" time="11.24"/>
  <testcase name="[4] org.springframework.web.testfixture.http.server.reactive.bootstrap.UndertowHttpServer@195f47e6" classname="org.springframework.web.reactive.function.server.support.DispatcherHandlerIntegrationTests" time="0.03"/>
  <system-out><![CDATA[17:56:11.969 [Test worker] DEBUG o.s.w.r.f.s.s.RouterFunctionMapping - 1 RouterFunction(s) in 'routerFunctionMapping'
17:56:11.973 [Test worker] DEBUG o.s.w.r.r.m.a.ControllerMethodResolver - ControllerAdvice beans: none
17:56:11.974 [Test worker] DEBUG o.s.w.s.a.HttpWebHandlerAdapter - enableLoggingRequestDetails='false': form data and headers will be masked to prevent unsafe logging of potentially sensitive data
17:56:11.975 [Test worker] WARN  o.e.j.s.h.ContextHandler - Empty contextPath
17:56:11.975 [Test worker] INFO  o.e.j.s.h.ContextHandler - Started o.e.j.s.ServletContextHandler@6fa01ef6{/,null,AVAILABLE}
17:56:11.975 [Test worker] DEBUG o.s.w.t.h.s.r.b.JettyHttpServer - Starting JettyHttpServer...
17:56:11.975 [Test worker] INFO  o.e.j.s.Server - jetty-9.4.39.v20210325; built: 2021-03-25T14:42:11.471Z; git: 9fc7ca5a922f2a37b84ec9dbc26a5168cee7e667; jvm 1.8.0_181-b13
17:56:11.976 [Test worker] INFO  o.e.j.s.AbstractConnector - Started ServerConnector@743444c1{HTTP/1.1, (http/1.1)}{0.0.0.0:54647}
17:56:11.976 [Test worker] INFO  o.e.j.s.Server - Started @539011ms
17:56:11.976 [Test worker] DEBUG o.s.w.t.h.s.r.b.JettyHttpServer - Server started on port 54647(0 millis).
17:56:11.977 [Test worker] DEBUG o.s.w.c.RestTemplate - HTTP GET http://localhost:54647/foo/bar
17:56:11.978 [Test worker] DEBUG o.s.w.c.RestTemplate - Accept=[text/plain, application/json, application/x-jackson-smile, application/*+json, */*]
17:56:11.982 [qtp1528073564-2140] DEBUG o.s.w.s.a.HttpWebHandlerAdapter - [715555ed] HTTP GET "/foo/bar"
17:56:11.984 [qtp1528073564-2140] DEBUG o.s.w.r.f.s.s.RouterFunctionMapping - [715555ed] Mapped to org.springframework.web.reactive.function.server.support.DispatcherHandlerIntegrationTests$TestConfiguration$$Lambda$1265/1594887099@38e566bc
17:56:11.985 [qtp1528073564-2140] DEBUG o.s.w.s.a.HttpWebHandlerAdapter - [715555ed] Completed 200 OK
17:56:11.985 [Test worker] DEBUG o.s.w.c.RestTemplate - Response 200 OK
17:56:11.986 [Test worker] DEBUG o.s.w.t.h.s.r.b.JettyHttpServer - Stopping JettyHttpServer...
17:56:11.986 [Test worker] INFO  o.e.j.s.h.ContextHandler - Stopped o.e.j.s.ServletContextHandler@6fa01ef6{/,null,STOPPED}
17:56:11.987 [Test worker] INFO  o.e.j.s.AbstractConnector - Stopped ServerConnector@743444c1{HTTP/1.1, (http/1.1)}{0.0.0.0:0}
17:56:11.987 [Test worker] DEBUG o.s.w.t.h.s.r.b.JettyHttpServer - Server stopped (0 millis).
17:56:12.001 [Test worker] DEBUG o.s.w.r.f.s.s.RouterFunctionMapping - 1 RouterFunction(s) in 'routerFunctionMapping'
17:56:12.004 [Test worker] DEBUG o.s.w.r.r.m.a.ControllerMethodResolver - ControllerAdvice beans: none
17:56:12.006 [Test worker] DEBUG o.s.w.s.a.HttpWebHandlerAdapter - enableLoggingRequestDetails='false': form data and headers will be masked to prevent unsafe logging of potentially sensitive data
17:56:12.006 [Test worker] DEBUG o.s.w.t.h.s.r.b.ReactorHttpServer - Starting ReactorHttpServer...
17:56:12.006 [Test worker] DEBUG o.s.w.t.h.s.r.b.ReactorHttpServer - Server started on port 54649(0 millis).
17:56:12.006 [Test worker] DEBUG o.s.w.c.RestTemplate - HTTP GET http://localhost:54649/foo/bar
17:56:12.006 [Test worker] DEBUG o.s.w.c.RestTemplate - Accept=[text/plain, application/json, application/x-jackson-smile, application/*+json, */*]
17:56:12.015 [reactor-http-nio-7] DEBUG o.s.w.s.a.HttpWebHandlerAdapter - [044219b1-1, L:/127.0.0.1:54649 - R:/127.0.0.1:54650] HTTP GET "/foo/bar"
17:56:12.015 [reactor-http-nio-7] DEBUG o.s.w.r.f.s.s.RouterFunctionMapping - [044219b1-1, L:/127.0.0.1:54649 - R:/127.0.0.1:54650] Mapped to org.springframework.web.reactive.function.server.support.DispatcherHandlerIntegrationTests$TestConfiguration$$Lambda$1265/1594887099@53c457e3
17:56:12.015 [reactor-http-nio-7] DEBUG o.s.w.s.a.HttpWebHandlerAdapter - [044219b1-1, L:/127.0.0.1:54649 - R:/127.0.0.1:54650] Completed 200 OK
17:56:12.016 [Test worker] DEBUG o.s.w.c.RestTemplate - Response 200 OK
17:56:12.016 [Test worker] DEBUG o.s.w.t.h.s.r.b.ReactorHttpServer - Stopping ReactorHttpServer...
17:56:12.016 [Test worker] DEBUG o.s.w.t.h.s.r.b.ReactorHttpServer - Server stopped (0 millis).
17:56:12.030 [Test worker] DEBUG o.s.w.r.f.s.s.RouterFunctionMapping - 1 RouterFunction(s) in 'routerFunctionMapping'
17:56:12.033 [Test worker] DEBUG o.s.w.r.r.m.a.ControllerMethodResolver - ControllerAdvice beans: none
17:56:12.035 [Test worker] DEBUG o.s.w.s.a.HttpWebHandlerAdapter - enableLoggingRequestDetails='false': form data and headers will be masked to prevent unsafe logging of potentially sensitive data
17:56:12.035 [Test worker] DEBUG o.s.w.t.h.s.r.b.TomcatHttpServer - Starting TomcatHttpServer...
17:56:12.038 [Test worker] DEBUG o.s.w.t.h.s.r.b.TomcatHttpServer - Server started on port 54651(0 millis).
17:56:12.038 [Test worker] DEBUG o.s.w.c.RestTemplate - HTTP GET http://localhost:54651/foo/bar
17:56:12.038 [Test worker] DEBUG o.s.w.c.RestTemplate - Accept=[text/plain, application/json, application/x-jackson-smile, application/*+json, */*]
17:56:12.044 [http-nio-auto-47-exec-1] DEBUG o.s.w.s.a.HttpWebHandlerAdapter - [48768cf7] HTTP GET "/foo/bar"
17:56:12.044 [http-nio-auto-47-exec-1] DEBUG o.s.w.r.f.s.s.RouterFunctionMapping - [48768cf7] Mapped to org.springframework.web.reactive.function.server.support.DispatcherHandlerIntegrationTests$TestConfiguration$$Lambda$1265/1594887099@46b16b89
17:56:12.044 [http-nio-auto-47-exec-1] DEBUG o.s.w.s.a.HttpWebHandlerAdapter - [48768cf7] Completed 200 OK
17:56:12.045 [Test worker] DEBUG o.s.w.c.RestTemplate - Response 200 OK
17:56:12.045 [Test worker] DEBUG o.s.w.t.h.s.r.b.TomcatHttpServer - Stopping TomcatHttpServer...
17:56:23.260 [Test worker] DEBUG o.s.w.t.h.s.r.b.TomcatHttpServer - Server stopped (0 millis).
17:56:23.282 [Test worker] DEBUG o.s.w.r.f.s.s.RouterFunctionMapping - 1 RouterFunction(s) in 'routerFunctionMapping'
17:56:23.286 [Test worker] DEBUG o.s.w.r.r.m.a.ControllerMethodResolver - ControllerAdvice beans: none
17:56:23.287 [Test worker] DEBUG o.s.w.s.a.HttpWebHandlerAdapter - enableLoggingRequestDetails='false': form data and headers will be masked to prevent unsafe logging of potentially sensitive data
17:56:23.287 [Test worker] DEBUG o.s.w.t.h.s.r.b.UndertowHttpServer - Starting UndertowHttpServer...
17:56:23.287 [Test worker] INFO  i.undertow - starting server: Undertow - 2.2.7.Final
17:56:23.291 [Test worker] DEBUG o.s.w.t.h.s.r.b.UndertowHttpServer - Server started on port 54655(0 millis).
17:56:23.291 [Test worker] DEBUG o.s.w.c.RestTemplate - HTTP GET http://localhost:54655/foo/bar
17:56:23.291 [Test worker] DEBUG o.s.w.c.RestTemplate - Accept=[text/plain, application/json, application/x-jackson-smile, application/*+json, */*]
17:56:23.296 [XNIO-47 I/O-7] DEBUG o.s.w.s.a.HttpWebHandlerAdapter - [6f382546-48] HTTP GET "/foo/bar"
17:56:23.297 [XNIO-47 I/O-7] DEBUG o.s.w.r.f.s.s.RouterFunctionMapping - [6f382546-48] Mapped to org.springframework.web.reactive.function.server.support.DispatcherHandlerIntegrationTests$TestConfiguration$$Lambda$1265/1594887099@61ffc6d1
17:56:23.297 [XNIO-47 I/O-7] DEBUG o.s.w.s.a.HttpWebHandlerAdapter - [6f382546-48] Completed 200 OK
17:56:23.297 [Test worker] DEBUG o.s.w.c.RestTemplate - Response 200 OK
17:56:23.297 [Test worker] DEBUG o.s.w.t.h.s.r.b.UndertowHttpServer - Stopping UndertowHttpServer...
17:56:23.297 [Test worker] INFO  i.undertow - stopping server: Undertow - 2.2.7.Final
17:56:23.298 [Test worker] DEBUG o.s.w.t.h.s.r.b.UndertowHttpServer - Server stopped (0 millis).
]]></system-out>
  <system-err><![CDATA[]]></system-err>
</testsuite>
