<?xml version="1.0" encoding="UTF-8"?>
<testsuite name="org.springframework.web.reactive.function.client.WebClientExtensionsTests" tests="17" skipped="0" failures="0" errors="0" timestamp="2021-05-01T09:54:06" hostname="wangweilideMBP.lan" time="0.704">
  <properties/>
  <testcase name="RequestBodySpec#body with CompletableFuture and reified type parameters()" classname="org.springframework.web.reactive.function.client.WebClientExtensionsTests" time="0.036"/>
  <testcase name="awaitBody of type Unit()" classname="org.springframework.web.reactive.function.client.WebClientExtensionsTests" time="0.137"/>
  <testcase name="bodyToFlow with reified type parameters()" classname="org.springframework.web.reactive.function.client.WebClientExtensionsTests" time="0.26"/>
  <testcase name="awaitBodyOrNull of type Unit()" classname="org.springframework.web.reactive.function.client.WebClientExtensionsTests" time="0.003"/>
  <testcase name="ResponseSpec#bodyToMono with reified type parameters()" classname="org.springframework.web.reactive.function.client.WebClientExtensionsTests" time="0.004"/>
  <testcase name="awaitExchange with function parameter()" classname="org.springframework.web.reactive.function.client.WebClientExtensionsTests" time="0.079"/>
  <testcase name="exchangeToFlow()" classname="org.springframework.web.reactive.function.client.WebClientExtensionsTests" time="0.04"/>
  <testcase name="RequestBodySpec#body with Publisher and reified type parameters()" classname="org.springframework.web.reactive.function.client.WebClientExtensionsTests" time="0.004"/>
  <testcase name="ResponseSpec#toEntity with reified type parameters()" classname="org.springframework.web.reactive.function.client.WebClientExtensionsTests" time="0.003"/>
  <testcase name="ResponseSpec#toEntityFlux with reified type parameters()" classname="org.springframework.web.reactive.function.client.WebClientExtensionsTests" time="0.004"/>
  <testcase name="awaitExchange()" classname="org.springframework.web.reactive.function.client.WebClientExtensionsTests" time="0.097"/>
  <testcase name="awaitBody()" classname="org.springframework.web.reactive.function.client.WebClientExtensionsTests" time="0.005"/>
  <testcase name="RequestBodySpec#body with Flow and reified type parameters()" classname="org.springframework.web.reactive.function.client.WebClientExtensionsTests" time="0.004"/>
  <testcase name="awaitBodilessEntity()" classname="org.springframework.web.reactive.function.client.WebClientExtensionsTests" time="0.004"/>
  <testcase name="ResponseSpec#toEntityList with reified type parameters()" classname="org.springframework.web.reactive.function.client.WebClientExtensionsTests" time="0.006"/>
  <testcase name="ResponseSpec#bodyToFlux with reified type parameters()" classname="org.springframework.web.reactive.function.client.WebClientExtensionsTests" time="0.002"/>
  <testcase name="awaitBodyOrNull()" classname="org.springframework.web.reactive.function.client.WebClientExtensionsTests" time="0.003"/>
  <system-out><![CDATA[]]></system-out>
  <system-err><![CDATA[]]></system-err>
</testsuite>
