<?xml version="1.0" encoding="UTF-8"?>
<testsuite name="org.springframework.web.reactive.result.view.script.ScriptTemplateViewResolverTests" tests="1" skipped="0" failures="0" errors="0" timestamp="2021-05-01T09:47:21" hostname="wangweilideMBP.lan" time="0.005">
  <properties/>
  <testcase name="viewClass()" classname="org.springframework.web.reactive.result.view.script.ScriptTemplateViewResolverTests" time="0.005"/>
  <system-out><![CDATA[]]></system-out>
  <system-err><![CDATA[]]></system-err>
</testsuite>
