<?xml version="1.0" encoding="UTF-8"?>
<testsuite name="org.springframework.web.reactive.function.server.support.RouterFunctionMappingTests" tests="3" skipped="0" failures="0" errors="0" timestamp="2021-05-01T09:52:48" hostname="wangweilideMBP.lan" time="0.022">
  <properties/>
  <testcase name="normal()" classname="org.springframework.web.reactive.function.server.support.RouterFunctionMappingTests" time="0.0"/>
  <testcase name="changeParser()" classname="org.springframework.web.reactive.function.server.support.RouterFunctionMappingTests" time="0.006"/>
  <testcase name="noMatch()" classname="org.springframework.web.reactive.function.server.support.RouterFunctionMappingTests" time="0.0"/>
  <system-out><![CDATA[17:52:48.801 [Test worker] DEBUG o.s.w.r.f.s.s.RouterFunctionMapping - [5c4a0cda] Mapped to org.springframework.web.reactive.function.server.support.RouterFunctionMappingTests$$Lambda$1360/1187054941@c8ea015
17:52:48.815 [Test worker] DEBUG o.s.w.r.f.s.s.RouterFunctionMapping - [553bede5] Mapped to org.springframework.web.reactive.function.server.support.RouterFunctionMappingTests$$Lambda$1363/296086194@7ea2426a
]]></system-out>
  <system-err><![CDATA[]]></system-err>
</testsuite>
