<?xml version="1.0" encoding="UTF-8"?>
<testsuite name="org.springframework.web.reactive.result.method.annotation.ModelMethodArgumentResolverTests" tests="2" skipped="0" failures="0" errors="0" timestamp="2021-04-26T08:32:14" hostname="wangweilideMacBook-Pro.local" time="0.007">
  <properties/>
  <testcase name="resolveArgument()" classname="org.springframework.web.reactive.result.method.annotation.ModelMethodArgumentResolverTests" time="0.001"/>
  <testcase name="supportsParameter()" classname="org.springframework.web.reactive.result.method.annotation.ModelMethodArgumentResolverTests" time="0.002"/>
  <system-out><![CDATA[]]></system-out>
  <system-err><![CDATA[]]></system-err>
</testsuite>
