<?xml version="1.0" encoding="UTF-8"?>
<testsuite name="org.springframework.web.reactive.resource.ResourceTransformerSupportTests" tests="4" skipped="0" failures="0" errors="0" timestamp="2021-04-26T08:35:56" hostname="wangweilideMacBook-Pro.local" time="0.058">
  <properties/>
  <testcase name="toAbsolutePath()" classname="org.springframework.web.reactive.resource.ResourceTransformerSupportTests" time="0.013"/>
  <testcase name="resolveUrlPathWithRelativePath()" classname="org.springframework.web.reactive.resource.ResourceTransformerSupportTests" time="0.022"/>
  <testcase name="resolveUrlPathWithRelativePathInParentDirectory()" classname="org.springframework.web.reactive.resource.ResourceTransformerSupportTests" time="0.01"/>
  <testcase name="resolveUrlPath()" classname="org.springframework.web.reactive.resource.ResourceTransformerSupportTests" time="0.011"/>
  <system-out><![CDATA[]]></system-out>
  <system-err><![CDATA[]]></system-err>
</testsuite>
