<?xml version="1.0" encoding="UTF-8"?>
<testsuite name="org.springframework.web.reactive.result.method.annotation.ControllerInputIntegrationTests" tests="12" skipped="0" failures="0" errors="0" timestamp="2021-05-01T09:47:23" hostname="wangweilideMBP.lan" time="36.67">
  <properties/>
  <testcase name="[1] org.springframework.web.testfixture.http.server.reactive.bootstrap.JettyHttpServer@3e874a2" classname="org.springframework.web.reactive.result.method.annotation.ControllerInputIntegrationTests" time="1.11"/>
  <testcase name="[2] org.springframework.web.testfixture.http.server.reactive.bootstrap.ReactorHttpServer@47917584" classname="org.springframework.web.reactive.result.method.annotation.ControllerInputIntegrationTests" time="0.608"/>
  <testcase name="[3] org.springframework.web.testfixture.http.server.reactive.bootstrap.TomcatHttpServer@7340a9ab" classname="org.springframework.web.reactive.result.method.annotation.ControllerInputIntegrationTests" time="11.923"/>
  <testcase name="[4] org.springframework.web.testfixture.http.server.reactive.bootstrap.UndertowHttpServer@695fde55" classname="org.springframework.web.reactive.result.method.annotation.ControllerInputIntegrationTests" time="0.188"/>
  <testcase name="[1] org.springframework.web.testfixture.http.server.reactive.bootstrap.JettyHttpServer@64cfc1ff" classname="org.springframework.web.reactive.result.method.annotation.ControllerInputIntegrationTests" time="0.051"/>
  <testcase name="[2] org.springframework.web.testfixture.http.server.reactive.bootstrap.ReactorHttpServer@2d634017" classname="org.springframework.web.reactive.result.method.annotation.ControllerInputIntegrationTests" time="0.053"/>
  <testcase name="[3] org.springframework.web.testfixture.http.server.reactive.bootstrap.TomcatHttpServer@4661023" classname="org.springframework.web.reactive.result.method.annotation.ControllerInputIntegrationTests" time="11.24"/>
  <testcase name="[4] org.springframework.web.testfixture.http.server.reactive.bootstrap.UndertowHttpServer@7b911fe9" classname="org.springframework.web.reactive.result.method.annotation.ControllerInputIntegrationTests" time="0.058"/>
  <testcase name="[1] org.springframework.web.testfixture.http.server.reactive.bootstrap.JettyHttpServer@5a6769dc" classname="org.springframework.web.reactive.result.method.annotation.ControllerInputIntegrationTests" time="0.04"/>
  <testcase name="[2] org.springframework.web.testfixture.http.server.reactive.bootstrap.ReactorHttpServer@2c218d0c" classname="org.springframework.web.reactive.result.method.annotation.ControllerInputIntegrationTests" time="0.034"/>
  <testcase name="[3] org.springframework.web.testfixture.http.server.reactive.bootstrap.TomcatHttpServer@20b9b774" classname="org.springframework.web.reactive.result.method.annotation.ControllerInputIntegrationTests" time="11.228"/>
  <testcase name="[4] org.springframework.web.testfixture.http.server.reactive.bootstrap.UndertowHttpServer@42e3b8eb" classname="org.springframework.web.reactive.result.method.annotation.ControllerInputIntegrationTests" time="0.045"/>
  <system-out><![CDATA[17:47:24.091 [Test worker] DEBUG o.s.w.r.r.m.a.RequestMappingHandlerMapping - 2 mappings in 'requestMappingHandlerMapping'
17:47:24.264 [Test worker] INFO  o.h.v.i.u.Version - HV000001: Hibernate Validator 6.2.0.Final
17:47:24.528 [Test worker] DEBUG o.s.w.r.r.m.a.ControllerMethodResolver - ControllerAdvice beans: none
17:47:24.567 [Test worker] DEBUG o.s.w.s.a.HttpWebHandlerAdapter - enableLoggingRequestDetails='false': form data and headers will be masked to prevent unsafe logging of potentially sensitive data
17:47:24.581 [Test worker] INFO  o.e.j.u.log - Logging initialized @11624ms to org.eclipse.jetty.util.log.Slf4jLog
17:47:24.629 [Test worker] WARN  o.e.j.s.h.ContextHandler - Empty contextPath
17:47:24.673 [Test worker] INFO  o.e.j.s.h.ContextHandler - Started o.e.j.s.ServletContextHandler@42554f60{/,null,AVAILABLE}
17:47:24.713 [Test worker] DEBUG o.s.w.t.h.s.r.b.JettyHttpServer - Starting JettyHttpServer...
17:47:24.718 [Test worker] INFO  o.e.j.s.Server - jetty-9.4.39.v20210325; built: 2021-03-25T14:42:11.471Z; git: 9fc7ca5a922f2a37b84ec9dbc26a5168cee7e667; jvm 1.8.0_181-b13
17:47:24.761 [Test worker] INFO  o.e.j.s.AbstractConnector - Started ServerConnector@1628874b{HTTP/1.1, (http/1.1)}{0.0.0.0:51699}
17:47:24.762 [Test worker] INFO  o.e.j.s.Server - Started @11805ms
17:47:24.762 [Test worker] DEBUG o.s.w.t.h.s.r.b.JettyHttpServer - Server started on port 51699(0 millis).
17:47:24.775 [Test worker] DEBUG o.s.w.c.RestTemplate - HTTP GET http://localhost:51699/param?name=%20%2B+%C3%A0
17:47:24.782 [Test worker] DEBUG o.s.w.c.RestTemplate - Accept=[text/plain, application/json, application/x-jackson-smile, application/*+json, */*]
17:47:24.922 [qtp1240053255-39] DEBUG o.s.w.s.a.HttpWebHandlerAdapter - [471322df] HTTP GET "/param?name=%20%2B+%C3%A0"
17:47:24.933 [qtp1240053255-39] DEBUG o.s.w.r.r.m.a.RequestMappingHandlerMapping - [471322df] Mapped to org.springframework.web.reactive.result.method.annotation.ControllerInputIntegrationTests$TestRestController#param(String)
17:47:24.962 [qtp1240053255-39] DEBUG o.s.w.r.r.m.a.ResponseBodyResultHandler - [471322df] Using 'text/plain;charset=UTF-8' given [text/plain, application/json, application/x-jackson-smile, application/*+json, */*] and supported [text/plain;charset=UTF-8, text/event-stream, text/plain;charset=UTF-8, */*]
17:47:24.962 [qtp1240053255-39] DEBUG o.s.w.r.r.m.a.ResponseBodyResultHandler - [471322df] 0..N [java.lang.String]
17:47:24.973 [qtp1240053255-39] DEBUG o.s.c.c.CharSequenceEncoder - [471322df] Writing "Hello "
17:47:24.999 [Test worker] DEBUG o.s.w.c.RestTemplate - Response 200 OK
17:47:25.001 [Test worker] DEBUG o.s.w.c.RestTemplate - Reading to [java.lang.String] as "text/plain;charset=utf-8"
17:47:25.004 [qtp1240053255-39] DEBUG o.s.c.c.CharSequenceEncoder - [471322df] Writing " + à"
17:47:25.005 [qtp1240053255-39] DEBUG o.s.c.c.CharSequenceEncoder - [471322df] Writing "!"
17:47:25.006 [qtp1240053255-39] DEBUG o.s.w.s.a.HttpWebHandlerAdapter - [471322df] Completed 200 OK
17:47:25.021 [Test worker] DEBUG o.s.w.t.h.s.r.b.JettyHttpServer - Stopping JettyHttpServer...
17:47:25.023 [Test worker] INFO  o.e.j.s.h.ContextHandler - Stopped o.e.j.s.ServletContextHandler@42554f60{/,null,STOPPED}
17:47:25.038 [Test worker] INFO  o.e.j.s.AbstractConnector - Stopped ServerConnector@1628874b{HTTP/1.1, (http/1.1)}{0.0.0.0:0}
17:47:25.050 [Test worker] DEBUG o.s.w.t.h.s.r.b.JettyHttpServer - Server stopped (0 millis).
17:47:25.109 [Test worker] DEBUG o.s.w.r.r.m.a.RequestMappingHandlerMapping - 2 mappings in 'requestMappingHandlerMapping'
17:47:25.139 [Test worker] DEBUG o.s.w.r.r.m.a.ControllerMethodResolver - ControllerAdvice beans: none
17:47:25.148 [Test worker] DEBUG o.s.w.s.a.HttpWebHandlerAdapter - enableLoggingRequestDetails='false': form data and headers will be masked to prevent unsafe logging of potentially sensitive data
17:47:25.263 [Test worker] DEBUG o.s.w.t.h.s.r.b.ReactorHttpServer - Starting ReactorHttpServer...
17:47:25.488 [Test worker] DEBUG o.s.w.t.h.s.r.b.ReactorHttpServer - Server started on port 51709(0 millis).
17:47:25.488 [Test worker] DEBUG o.s.w.c.RestTemplate - HTTP GET http://localhost:51709/param?name=%20%2B+%C3%A0
17:47:25.489 [Test worker] DEBUG o.s.w.c.RestTemplate - Accept=[text/plain, application/json, application/x-jackson-smile, application/*+json, */*]
17:47:25.645 [reactor-http-nio-2] DEBUG o.s.w.s.a.HttpWebHandlerAdapter - [6ea9df4b-1, L:/127.0.0.1:51709 - R:/127.0.0.1:51710] HTTP GET "/param?name=%20%2B+%C3%A0"
17:47:25.646 [reactor-http-nio-2] DEBUG o.s.w.r.r.m.a.RequestMappingHandlerMapping - [6ea9df4b-1, L:/127.0.0.1:51709 - R:/127.0.0.1:51710] Mapped to org.springframework.web.reactive.result.method.annotation.ControllerInputIntegrationTests$TestRestController#param(String)
17:47:25.649 [reactor-http-nio-2] DEBUG o.s.w.r.r.m.a.ResponseBodyResultHandler - [6ea9df4b-1, L:/127.0.0.1:51709 - R:/127.0.0.1:51710] Using 'text/plain;charset=UTF-8' given [text/plain, application/json, application/x-jackson-smile, application/*+json, */*] and supported [text/plain;charset=UTF-8, text/event-stream, text/plain;charset=UTF-8, */*]
17:47:25.649 [reactor-http-nio-2] DEBUG o.s.w.r.r.m.a.ResponseBodyResultHandler - [6ea9df4b-1, L:/127.0.0.1:51709 - R:/127.0.0.1:51710] 0..N [java.lang.String]
17:47:25.649 [reactor-http-nio-2] DEBUG o.s.c.c.CharSequenceEncoder - [6ea9df4b-1, L:/127.0.0.1:51709 - R:/127.0.0.1:51710] Writing "Hello "
17:47:25.662 [Test worker] DEBUG o.s.w.c.RestTemplate - Response 200 OK
17:47:25.669 [reactor-http-nio-2] DEBUG o.s.c.c.CharSequenceEncoder - [6ea9df4b-1, L:/127.0.0.1:51709 - R:/127.0.0.1:51710] Writing " + à"
17:47:25.670 [reactor-http-nio-2] DEBUG o.s.c.c.CharSequenceEncoder - [6ea9df4b-1, L:/127.0.0.1:51709 - R:/127.0.0.1:51710] Writing "!"
17:47:25.671 [Test worker] DEBUG o.s.w.c.RestTemplate - Reading to [java.lang.String] as "text/plain;charset=UTF-8"
17:47:25.672 [reactor-http-nio-2] DEBUG o.s.w.s.a.HttpWebHandlerAdapter - [6ea9df4b-1, L:/127.0.0.1:51709 - R:/127.0.0.1:51710] Completed 200 OK
17:47:25.675 [Test worker] DEBUG o.s.w.t.h.s.r.b.ReactorHttpServer - Stopping ReactorHttpServer...
17:47:25.677 [Test worker] DEBUG o.s.w.t.h.s.r.b.ReactorHttpServer - Server stopped (0 millis).
17:47:25.717 [Test worker] DEBUG o.s.w.r.r.m.a.RequestMappingHandlerMapping - 2 mappings in 'requestMappingHandlerMapping'
17:47:25.742 [Test worker] DEBUG o.s.w.r.r.m.a.ControllerMethodResolver - ControllerAdvice beans: none
17:47:25.750 [Test worker] DEBUG o.s.w.s.a.HttpWebHandlerAdapter - enableLoggingRequestDetails='false': form data and headers will be masked to prevent unsafe logging of potentially sensitive data
17:47:25.844 [Test worker] DEBUG o.s.w.t.h.s.r.b.TomcatHttpServer - Starting TomcatHttpServer...
17:47:26.352 [Test worker] DEBUG o.s.w.t.h.s.r.b.TomcatHttpServer - Server started on port 51711(0 millis).
17:47:26.352 [Test worker] DEBUG o.s.w.c.RestTemplate - HTTP GET http://localhost:51711/param?name=%20%2B+%C3%A0
17:47:26.353 [Test worker] DEBUG o.s.w.c.RestTemplate - Accept=[text/plain, application/json, application/x-jackson-smile, application/*+json, */*]
17:47:26.432 [http-nio-auto-1-exec-1] DEBUG o.s.w.s.a.HttpWebHandlerAdapter - [2cc14046] HTTP GET "/param?name=%20%2B+%C3%A0"
17:47:26.433 [http-nio-auto-1-exec-1] DEBUG o.s.w.r.r.m.a.RequestMappingHandlerMapping - [2cc14046] Mapped to org.springframework.web.reactive.result.method.annotation.ControllerInputIntegrationTests$TestRestController#param(String)
17:47:26.434 [http-nio-auto-1-exec-1] DEBUG o.s.w.r.r.m.a.ResponseBodyResultHandler - [2cc14046] Using 'text/plain;charset=UTF-8' given [text/plain, application/json, application/x-jackson-smile, application/*+json, */*] and supported [text/plain;charset=UTF-8, text/event-stream, text/plain;charset=UTF-8, */*]
17:47:26.435 [http-nio-auto-1-exec-1] DEBUG o.s.w.r.r.m.a.ResponseBodyResultHandler - [2cc14046] 0..N [java.lang.String]
17:47:26.435 [http-nio-auto-1-exec-1] DEBUG o.s.c.c.CharSequenceEncoder - [2cc14046] Writing "Hello "
17:47:26.436 [http-nio-auto-1-exec-1] DEBUG o.s.c.c.CharSequenceEncoder - [2cc14046] Writing " + à"
17:47:26.437 [http-nio-auto-1-exec-1] DEBUG o.s.c.c.CharSequenceEncoder - [2cc14046] Writing "!"
17:47:26.438 [http-nio-auto-1-exec-1] DEBUG o.s.w.s.a.HttpWebHandlerAdapter - [2cc14046] Completed 200 OK
17:47:26.439 [Test worker] DEBUG o.s.w.c.RestTemplate - Response 200 OK
17:47:26.439 [Test worker] DEBUG o.s.w.c.RestTemplate - Reading to [java.lang.String] as "text/plain;charset=UTF-8"
17:47:26.439 [Test worker] DEBUG o.s.w.t.h.s.r.b.TomcatHttpServer - Stopping TomcatHttpServer...
17:47:37.610 [Test worker] DEBUG o.s.w.t.h.s.r.b.TomcatHttpServer - Server stopped (0 millis).
17:47:37.641 [Test worker] DEBUG o.s.w.r.r.m.a.RequestMappingHandlerMapping - 2 mappings in 'requestMappingHandlerMapping'
17:47:37.655 [Test worker] DEBUG o.s.w.r.r.m.a.ControllerMethodResolver - ControllerAdvice beans: none
17:47:37.658 [Test worker] DEBUG o.s.w.s.a.HttpWebHandlerAdapter - enableLoggingRequestDetails='false': form data and headers will be masked to prevent unsafe logging of potentially sensitive data
17:47:37.663 [Test worker] DEBUG o.s.w.t.h.s.r.b.UndertowHttpServer - Starting UndertowHttpServer...
17:47:37.670 [Test worker] INFO  i.undertow - starting server: Undertow - 2.2.7.Final
17:47:37.679 [Test worker] INFO  o.xnio - XNIO version 3.8.0.Final
17:47:37.693 [Test worker] INFO  o.x.nio - XNIO NIO Implementation Version 3.8.0.Final
17:47:37.717 [Test worker] INFO  o.j.threads - JBoss Threads version 3.1.0.Final
17:47:37.763 [Test worker] DEBUG o.s.w.t.h.s.r.b.UndertowHttpServer - Server started on port 51761(0 millis).
17:47:37.763 [Test worker] DEBUG o.s.w.c.RestTemplate - HTTP GET http://localhost:51761/param?name=%20%2B+%C3%A0
17:47:37.763 [Test worker] DEBUG o.s.w.c.RestTemplate - Accept=[text/plain, application/json, application/x-jackson-smile, application/*+json, */*]
17:47:37.788 [XNIO-1 I/O-5] DEBUG o.s.w.s.a.HttpWebHandlerAdapter - [501f2d22-1] HTTP GET "/param?name=%20%2B+%C3%A0"
17:47:37.788 [XNIO-1 I/O-5] DEBUG o.s.w.r.r.m.a.RequestMappingHandlerMapping - [501f2d22-1] Mapped to org.springframework.web.reactive.result.method.annotation.ControllerInputIntegrationTests$TestRestController#param(String)
17:47:37.790 [XNIO-1 I/O-5] DEBUG o.s.w.r.r.m.a.ResponseBodyResultHandler - [501f2d22-1] Using 'text/plain;charset=UTF-8' given [text/plain, application/json, application/x-jackson-smile, application/*+json, */*] and supported [text/plain;charset=UTF-8, text/event-stream, text/plain;charset=UTF-8, */*]
17:47:37.790 [XNIO-1 I/O-5] DEBUG o.s.w.r.r.m.a.ResponseBodyResultHandler - [501f2d22-1] 0..N [java.lang.String]
17:47:37.791 [XNIO-1 I/O-5] DEBUG o.s.c.c.CharSequenceEncoder - [501f2d22-1] Writing "Hello "
17:47:37.799 [XNIO-1 I/O-5] DEBUG o.s.c.c.CharSequenceEncoder - [501f2d22-1] Writing " + à"
17:47:37.799 [Test worker] DEBUG o.s.w.c.RestTemplate - Response 200 OK
17:47:37.799 [XNIO-1 I/O-5] DEBUG o.s.c.c.CharSequenceEncoder - [501f2d22-1] Writing "!"
17:47:37.799 [Test worker] DEBUG o.s.w.c.RestTemplate - Reading to [java.lang.String] as "text/plain;charset=UTF-8"
17:47:37.800 [XNIO-1 I/O-5] DEBUG o.s.w.s.a.HttpWebHandlerAdapter - [501f2d22-1] Completed 200 OK
17:47:37.800 [Test worker] DEBUG o.s.w.t.h.s.r.b.UndertowHttpServer - Stopping UndertowHttpServer...
17:47:37.800 [Test worker] INFO  i.undertow - stopping server: Undertow - 2.2.7.Final
17:47:37.806 [Test worker] DEBUG o.s.w.t.h.s.r.b.UndertowHttpServer - Server stopped (0 millis).
17:47:37.829 [Test worker] DEBUG o.s.w.r.r.m.a.RequestMappingHandlerMapping - 2 mappings in 'requestMappingHandlerMapping'
17:47:37.842 [Test worker] DEBUG o.s.w.r.r.m.a.ControllerMethodResolver - ControllerAdvice beans: none
17:47:37.846 [Test worker] DEBUG o.s.w.s.a.HttpWebHandlerAdapter - enableLoggingRequestDetails='false': form data and headers will be masked to prevent unsafe logging of potentially sensitive data
17:47:37.847 [Test worker] WARN  o.e.j.s.h.ContextHandler - Empty contextPath
17:47:37.847 [Test worker] INFO  o.e.j.s.h.ContextHandler - Started o.e.j.s.ServletContextHandler@26140316{/,null,AVAILABLE}
17:47:37.847 [Test worker] DEBUG o.s.w.t.h.s.r.b.JettyHttpServer - Starting JettyHttpServer...
17:47:37.847 [Test worker] INFO  o.e.j.s.Server - jetty-9.4.39.v20210325; built: 2021-03-25T14:42:11.471Z; git: 9fc7ca5a922f2a37b84ec9dbc26a5168cee7e667; jvm 1.8.0_181-b13
17:47:37.851 [Test worker] INFO  o.e.j.s.AbstractConnector - Started ServerConnector@75dd77b8{HTTP/1.1, (http/1.1)}{0.0.0.0:51763}
17:47:37.851 [Test worker] INFO  o.e.j.s.Server - Started @24895ms
17:47:37.851 [Test worker] DEBUG o.s.w.t.h.s.r.b.JettyHttpServer - Server started on port 51763(0 millis).
17:47:37.851 [Test worker] DEBUG o.s.w.c.RestTemplate - HTTP GET http://localhost:51763/first;p=11/second;q=22/third-fourth;q=44
17:47:37.851 [Test worker] DEBUG o.s.w.c.RestTemplate - Accept=[text/plain, application/json, application/x-jackson-smile, application/*+json, */*]
17:47:37.853 [qtp1073754935-87] DEBUG o.s.w.s.a.HttpWebHandlerAdapter - [70131311] HTTP GET "/first;p=11/second;q=22/third-fourth;q=44"
17:47:37.853 [qtp1073754935-87] DEBUG o.s.w.r.r.m.a.RequestMappingHandlerMapping - [70131311] Mapped to org.springframework.web.reactive.result.method.annotation.ControllerInputIntegrationTests$TestRestController#matrixVar(int, int, int)
17:47:37.858 [qtp1073754935-87] DEBUG o.s.w.r.r.m.a.ResponseBodyResultHandler - [70131311] Using 'text/plain;charset=UTF-8' given [text/plain, application/json, application/x-jackson-smile, application/*+json, */*] and supported [text/plain;charset=UTF-8, text/event-stream, text/plain;charset=UTF-8, */*]
17:47:37.858 [qtp1073754935-87] DEBUG o.s.w.r.r.m.a.ResponseBodyResultHandler - [70131311] 0..1 [java.lang.String]
17:47:37.860 [qtp1073754935-87] DEBUG o.s.c.c.CharSequenceEncoder - [70131311] Writing "p=11, q2=22, q4=44"
17:47:37.861 [qtp1073754935-87] DEBUG o.s.w.s.a.HttpWebHandlerAdapter - [70131311] Completed 200 OK
17:47:37.862 [Test worker] DEBUG o.s.w.c.RestTemplate - Response 200 OK
17:47:37.862 [Test worker] DEBUG o.s.w.c.RestTemplate - Reading to [java.lang.String] as "text/plain;charset=utf-8"
17:47:37.863 [Test worker] DEBUG o.s.w.t.h.s.r.b.JettyHttpServer - Stopping JettyHttpServer...
17:47:37.863 [Test worker] INFO  o.e.j.s.h.ContextHandler - Stopped o.e.j.s.ServletContextHandler@26140316{/,null,STOPPED}
17:47:37.865 [Test worker] INFO  o.e.j.s.AbstractConnector - Stopped ServerConnector@75dd77b8{HTTP/1.1, (http/1.1)}{0.0.0.0:0}
17:47:37.865 [Test worker] DEBUG o.s.w.t.h.s.r.b.JettyHttpServer - Server stopped (0 millis).
17:47:37.892 [Test worker] DEBUG o.s.w.r.r.m.a.RequestMappingHandlerMapping - 2 mappings in 'requestMappingHandlerMapping'
17:47:37.910 [Test worker] DEBUG o.s.w.r.r.m.a.ControllerMethodResolver - ControllerAdvice beans: none
17:47:37.915 [Test worker] DEBUG o.s.w.s.a.HttpWebHandlerAdapter - enableLoggingRequestDetails='false': form data and headers will be masked to prevent unsafe logging of potentially sensitive data
17:47:37.915 [Test worker] DEBUG o.s.w.t.h.s.r.b.ReactorHttpServer - Starting ReactorHttpServer...
17:47:37.916 [Test worker] DEBUG o.s.w.t.h.s.r.b.ReactorHttpServer - Server started on port 51765(0 millis).
17:47:37.916 [Test worker] DEBUG o.s.w.c.RestTemplate - HTTP GET http://localhost:51765/first;p=11/second;q=22/third-fourth;q=44
17:47:37.917 [Test worker] DEBUG o.s.w.c.RestTemplate - Accept=[text/plain, application/json, application/x-jackson-smile, application/*+json, */*]
17:47:37.920 [reactor-http-nio-4] DEBUG o.s.w.s.a.HttpWebHandlerAdapter - [1673853b-1, L:/127.0.0.1:51765 - R:/127.0.0.1:51766] HTTP GET "/first;p=11/second;q=22/third-fourth;q=44"
17:47:37.920 [reactor-http-nio-4] DEBUG o.s.w.r.r.m.a.RequestMappingHandlerMapping - [1673853b-1, L:/127.0.0.1:51765 - R:/127.0.0.1:51766] Mapped to org.springframework.web.reactive.result.method.annotation.ControllerInputIntegrationTests$TestRestController#matrixVar(int, int, int)
17:47:37.923 [reactor-http-nio-4] DEBUG o.s.w.r.r.m.a.ResponseBodyResultHandler - [1673853b-1, L:/127.0.0.1:51765 - R:/127.0.0.1:51766] Using 'text/plain;charset=UTF-8' given [text/plain, application/json, application/x-jackson-smile, application/*+json, */*] and supported [text/plain;charset=UTF-8, text/event-stream, text/plain;charset=UTF-8, */*]
17:47:37.923 [reactor-http-nio-4] DEBUG o.s.w.r.r.m.a.ResponseBodyResultHandler - [1673853b-1, L:/127.0.0.1:51765 - R:/127.0.0.1:51766] 0..1 [java.lang.String]
17:47:37.923 [reactor-http-nio-4] DEBUG o.s.c.c.CharSequenceEncoder - [1673853b-1, L:/127.0.0.1:51765 - R:/127.0.0.1:51766] Writing "p=11, q2=22, q4=44"
17:47:37.926 [Test worker] DEBUG o.s.w.c.RestTemplate - Response 200 OK
17:47:37.926 [reactor-http-nio-4] DEBUG o.s.w.s.a.HttpWebHandlerAdapter - [1673853b-1, L:/127.0.0.1:51765 - R:/127.0.0.1:51766] Completed 200 OK
17:47:37.926 [Test worker] DEBUG o.s.w.c.RestTemplate - Reading to [java.lang.String] as "text/plain;charset=UTF-8"
17:47:37.927 [Test worker] DEBUG o.s.w.t.h.s.r.b.ReactorHttpServer - Stopping ReactorHttpServer...
17:47:37.927 [Test worker] DEBUG o.s.w.t.h.s.r.b.ReactorHttpServer - Server stopped (0 millis).
17:47:37.949 [Test worker] DEBUG o.s.w.r.r.m.a.RequestMappingHandlerMapping - 2 mappings in 'requestMappingHandlerMapping'
17:47:37.963 [Test worker] DEBUG o.s.w.r.r.m.a.ControllerMethodResolver - ControllerAdvice beans: none
17:47:37.966 [Test worker] DEBUG o.s.w.s.a.HttpWebHandlerAdapter - enableLoggingRequestDetails='false': form data and headers will be masked to prevent unsafe logging of potentially sensitive data
17:47:37.966 [Test worker] DEBUG o.s.w.t.h.s.r.b.TomcatHttpServer - Starting TomcatHttpServer...
17:47:37.972 [Test worker] DEBUG o.s.w.t.h.s.r.b.TomcatHttpServer - Server started on port 51767(0 millis).
17:47:37.973 [Test worker] DEBUG o.s.w.c.RestTemplate - HTTP GET http://localhost:51767/first;p=11/second;q=22/third-fourth;q=44
17:47:37.973 [Test worker] DEBUG o.s.w.c.RestTemplate - Accept=[text/plain, application/json, application/x-jackson-smile, application/*+json, */*]
17:47:37.975 [http-nio-auto-2-exec-1] DEBUG o.s.w.s.a.HttpWebHandlerAdapter - [7c3630e0] HTTP GET "/first;p=11/second;q=22/third-fourth;q=44"
17:47:37.976 [http-nio-auto-2-exec-1] DEBUG o.s.w.r.r.m.a.RequestMappingHandlerMapping - [7c3630e0] Mapped to org.springframework.web.reactive.result.method.annotation.ControllerInputIntegrationTests$TestRestController#matrixVar(int, int, int)
17:47:37.978 [http-nio-auto-2-exec-1] DEBUG o.s.w.r.r.m.a.ResponseBodyResultHandler - [7c3630e0] Using 'text/plain;charset=UTF-8' given [text/plain, application/json, application/x-jackson-smile, application/*+json, */*] and supported [text/plain;charset=UTF-8, text/event-stream, text/plain;charset=UTF-8, */*]
17:47:37.978 [http-nio-auto-2-exec-1] DEBUG o.s.w.r.r.m.a.ResponseBodyResultHandler - [7c3630e0] 0..1 [java.lang.String]
17:47:37.978 [http-nio-auto-2-exec-1] DEBUG o.s.c.c.CharSequenceEncoder - [7c3630e0] Writing "p=11, q2=22, q4=44"
17:47:37.979 [http-nio-auto-2-exec-1] DEBUG o.s.w.s.a.HttpWebHandlerAdapter - [7c3630e0] Completed 200 OK
17:47:37.979 [Test worker] DEBUG o.s.w.c.RestTemplate - Response 200 OK
17:47:37.979 [Test worker] DEBUG o.s.w.c.RestTemplate - Reading to [java.lang.String] as "text/plain;charset=UTF-8"
17:47:37.979 [Test worker] DEBUG o.s.w.t.h.s.r.b.TomcatHttpServer - Stopping TomcatHttpServer...
17:47:49.174 [Test worker] DEBUG o.s.w.t.h.s.r.b.TomcatHttpServer - Server stopped (0 millis).
17:47:49.204 [Test worker] DEBUG o.s.w.r.r.m.a.RequestMappingHandlerMapping - 2 mappings in 'requestMappingHandlerMapping'
17:47:49.225 [Test worker] DEBUG o.s.w.r.r.m.a.ControllerMethodResolver - ControllerAdvice beans: none
17:47:49.229 [Test worker] DEBUG o.s.w.s.a.HttpWebHandlerAdapter - enableLoggingRequestDetails='false': form data and headers will be masked to prevent unsafe logging of potentially sensitive data
17:47:49.229 [Test worker] DEBUG o.s.w.t.h.s.r.b.UndertowHttpServer - Starting UndertowHttpServer...
17:47:49.229 [Test worker] INFO  i.undertow - starting server: Undertow - 2.2.7.Final
17:47:49.233 [Test worker] DEBUG o.s.w.t.h.s.r.b.UndertowHttpServer - Server started on port 51823(0 millis).
17:47:49.233 [Test worker] DEBUG o.s.w.c.RestTemplate - HTTP GET http://localhost:51823/first;p=11/second;q=22/third-fourth;q=44
17:47:49.234 [Test worker] DEBUG o.s.w.c.RestTemplate - Accept=[text/plain, application/json, application/x-jackson-smile, application/*+json, */*]
17:47:49.235 [XNIO-2 I/O-11] DEBUG o.s.w.s.a.HttpWebHandlerAdapter - [33fa0300-2] HTTP GET "/first;p=11/second;q=22/third-fourth;q=44"
17:47:49.235 [XNIO-2 I/O-11] DEBUG o.s.w.r.r.m.a.RequestMappingHandlerMapping - [33fa0300-2] Mapped to org.springframework.web.reactive.result.method.annotation.ControllerInputIntegrationTests$TestRestController#matrixVar(int, int, int)
17:47:49.237 [XNIO-2 I/O-11] DEBUG o.s.w.r.r.m.a.ResponseBodyResultHandler - [33fa0300-2] Using 'text/plain;charset=UTF-8' given [text/plain, application/json, application/x-jackson-smile, application/*+json, */*] and supported [text/plain;charset=UTF-8, text/event-stream, text/plain;charset=UTF-8, */*]
17:47:49.237 [XNIO-2 I/O-11] DEBUG o.s.w.r.r.m.a.ResponseBodyResultHandler - [33fa0300-2] 0..1 [java.lang.String]
17:47:49.237 [XNIO-2 I/O-11] DEBUG o.s.c.c.CharSequenceEncoder - [33fa0300-2] Writing "p=11, q2=22, q4=44"
17:47:49.238 [XNIO-2 I/O-11] DEBUG o.s.w.s.a.HttpWebHandlerAdapter - [33fa0300-2] Completed 200 OK
17:47:49.238 [Test worker] DEBUG o.s.w.c.RestTemplate - Response 200 OK
17:47:49.238 [Test worker] DEBUG o.s.w.c.RestTemplate - Reading to [java.lang.String] as "text/plain;charset=UTF-8"
17:47:49.238 [Test worker] DEBUG o.s.w.t.h.s.r.b.UndertowHttpServer - Stopping UndertowHttpServer...
17:47:49.238 [Test worker] INFO  i.undertow - stopping server: Undertow - 2.2.7.Final
17:47:49.239 [Test worker] DEBUG o.s.w.t.h.s.r.b.UndertowHttpServer - Server stopped (0 millis).
17:47:49.260 [Test worker] DEBUG o.s.w.r.r.m.a.RequestMappingHandlerMapping - 2 mappings in 'requestMappingHandlerMapping'
17:47:49.272 [Test worker] DEBUG o.s.w.r.r.m.a.ControllerMethodResolver - ControllerAdvice beans: none
17:47:49.276 [Test worker] DEBUG o.s.w.s.a.HttpWebHandlerAdapter - enableLoggingRequestDetails='false': form data and headers will be masked to prevent unsafe logging of potentially sensitive data
17:47:49.276 [Test worker] WARN  o.e.j.s.h.ContextHandler - Empty contextPath
17:47:49.276 [Test worker] INFO  o.e.j.s.h.ContextHandler - Started o.e.j.s.ServletContextHandler@dc372a8{/,null,AVAILABLE}
17:47:49.276 [Test worker] DEBUG o.s.w.t.h.s.r.b.JettyHttpServer - Starting JettyHttpServer...
17:47:49.276 [Test worker] INFO  o.e.j.s.Server - jetty-9.4.39.v20210325; built: 2021-03-25T14:42:11.471Z; git: 9fc7ca5a922f2a37b84ec9dbc26a5168cee7e667; jvm 1.8.0_181-b13
17:47:49.280 [Test worker] INFO  o.e.j.s.AbstractConnector - Started ServerConnector@1ca6565d{HTTP/1.1, (http/1.1)}{0.0.0.0:51825}
17:47:49.280 [Test worker] INFO  o.e.j.s.Server - Started @36323ms
17:47:49.280 [Test worker] DEBUG o.s.w.t.h.s.r.b.JettyHttpServer - Server started on port 51825(0 millis).
17:47:49.280 [Test worker] DEBUG o.s.w.c.RestTemplate - HTTP GET http://localhost:51825/param?name=George
17:47:49.280 [Test worker] DEBUG o.s.w.c.RestTemplate - Accept=[text/plain, application/json, application/x-jackson-smile, application/*+json, */*]
17:47:49.282 [qtp1629025641-134] DEBUG o.s.w.s.a.HttpWebHandlerAdapter - [536513fc] HTTP GET "/param?name=George"
17:47:49.282 [qtp1629025641-134] DEBUG o.s.w.r.r.m.a.RequestMappingHandlerMapping - [536513fc] Mapped to org.springframework.web.reactive.result.method.annotation.ControllerInputIntegrationTests$TestRestController#param(String)
17:47:49.284 [qtp1629025641-134] DEBUG o.s.w.r.r.m.a.ResponseBodyResultHandler - [536513fc] Using 'text/plain;charset=UTF-8' given [text/plain, application/json, application/x-jackson-smile, application/*+json, */*] and supported [text/plain;charset=UTF-8, text/event-stream, text/plain;charset=UTF-8, */*]
17:47:49.284 [qtp1629025641-134] DEBUG o.s.w.r.r.m.a.ResponseBodyResultHandler - [536513fc] 0..N [java.lang.String]
17:47:49.284 [qtp1629025641-134] DEBUG o.s.c.c.CharSequenceEncoder - [536513fc] Writing "Hello "
17:47:49.284 [qtp1629025641-134] DEBUG o.s.c.c.CharSequenceEncoder - [536513fc] Writing "George"
17:47:49.284 [Test worker] DEBUG o.s.w.c.RestTemplate - Response 200 OK
17:47:49.284 [qtp1629025641-134] DEBUG o.s.c.c.CharSequenceEncoder - [536513fc] Writing "!"
17:47:49.284 [Test worker] DEBUG o.s.w.c.RestTemplate - Reading to [java.lang.String] as "text/plain;charset=utf-8"
17:47:49.284 [qtp1629025641-134] DEBUG o.s.w.s.a.HttpWebHandlerAdapter - [536513fc] Completed 200 OK
17:47:49.285 [Test worker] DEBUG o.s.w.t.h.s.r.b.JettyHttpServer - Stopping JettyHttpServer...
17:47:49.285 [Test worker] INFO  o.e.j.s.h.ContextHandler - Stopped o.e.j.s.ServletContextHandler@dc372a8{/,null,STOPPED}
17:47:49.286 [Test worker] INFO  o.e.j.s.AbstractConnector - Stopped ServerConnector@1ca6565d{HTTP/1.1, (http/1.1)}{0.0.0.0:0}
17:47:49.286 [Test worker] DEBUG o.s.w.t.h.s.r.b.JettyHttpServer - Server stopped (0 millis).
17:47:49.305 [Test worker] DEBUG o.s.w.r.r.m.a.RequestMappingHandlerMapping - 2 mappings in 'requestMappingHandlerMapping'
17:47:49.316 [Test worker] DEBUG o.s.w.r.r.m.a.ControllerMethodResolver - ControllerAdvice beans: none
17:47:49.319 [Test worker] DEBUG o.s.w.s.a.HttpWebHandlerAdapter - enableLoggingRequestDetails='false': form data and headers will be masked to prevent unsafe logging of potentially sensitive data
17:47:49.319 [Test worker] DEBUG o.s.w.t.h.s.r.b.ReactorHttpServer - Starting ReactorHttpServer...
17:47:49.320 [Test worker] DEBUG o.s.w.t.h.s.r.b.ReactorHttpServer - Server started on port 51827(0 millis).
17:47:49.320 [Test worker] DEBUG o.s.w.c.RestTemplate - HTTP GET http://localhost:51827/param?name=George
17:47:49.320 [Test worker] DEBUG o.s.w.c.RestTemplate - Accept=[text/plain, application/json, application/x-jackson-smile, application/*+json, */*]
17:47:49.322 [reactor-http-nio-6] DEBUG o.s.w.s.a.HttpWebHandlerAdapter - [3ce668a7-1, L:/127.0.0.1:51827 - R:/127.0.0.1:51828] HTTP GET "/param?name=George"
17:47:49.323 [reactor-http-nio-6] DEBUG o.s.w.r.r.m.a.RequestMappingHandlerMapping - [3ce668a7-1, L:/127.0.0.1:51827 - R:/127.0.0.1:51828] Mapped to org.springframework.web.reactive.result.method.annotation.ControllerInputIntegrationTests$TestRestController#param(String)
17:47:49.324 [reactor-http-nio-6] DEBUG o.s.w.r.r.m.a.ResponseBodyResultHandler - [3ce668a7-1, L:/127.0.0.1:51827 - R:/127.0.0.1:51828] Using 'text/plain;charset=UTF-8' given [text/plain, application/json, application/x-jackson-smile, application/*+json, */*] and supported [text/plain;charset=UTF-8, text/event-stream, text/plain;charset=UTF-8, */*]
17:47:49.324 [reactor-http-nio-6] DEBUG o.s.w.r.r.m.a.ResponseBodyResultHandler - [3ce668a7-1, L:/127.0.0.1:51827 - R:/127.0.0.1:51828] 0..N [java.lang.String]
17:47:49.324 [reactor-http-nio-6] DEBUG o.s.c.c.CharSequenceEncoder - [3ce668a7-1, L:/127.0.0.1:51827 - R:/127.0.0.1:51828] Writing "Hello "
17:47:49.325 [Test worker] DEBUG o.s.w.c.RestTemplate - Response 200 OK
17:47:49.325 [reactor-http-nio-6] DEBUG o.s.c.c.CharSequenceEncoder - [3ce668a7-1, L:/127.0.0.1:51827 - R:/127.0.0.1:51828] Writing "George"
17:47:49.325 [reactor-http-nio-6] DEBUG o.s.c.c.CharSequenceEncoder - [3ce668a7-1, L:/127.0.0.1:51827 - R:/127.0.0.1:51828] Writing "!"
17:47:49.326 [Test worker] DEBUG o.s.w.c.RestTemplate - Reading to [java.lang.String] as "text/plain;charset=UTF-8"
17:47:49.326 [reactor-http-nio-6] DEBUG o.s.w.s.a.HttpWebHandlerAdapter - [3ce668a7-1, L:/127.0.0.1:51827 - R:/127.0.0.1:51828] Completed 200 OK
17:47:49.326 [Test worker] DEBUG o.s.w.t.h.s.r.b.ReactorHttpServer - Stopping ReactorHttpServer...
17:47:49.326 [Test worker] DEBUG o.s.w.t.h.s.r.b.ReactorHttpServer - Server stopped (0 millis).
17:47:49.345 [Test worker] DEBUG o.s.w.r.r.m.a.RequestMappingHandlerMapping - 2 mappings in 'requestMappingHandlerMapping'
17:47:49.359 [Test worker] DEBUG o.s.w.r.r.m.a.ControllerMethodResolver - ControllerAdvice beans: none
17:47:49.362 [Test worker] DEBUG o.s.w.s.a.HttpWebHandlerAdapter - enableLoggingRequestDetails='false': form data and headers will be masked to prevent unsafe logging of potentially sensitive data
17:47:49.362 [Test worker] DEBUG o.s.w.t.h.s.r.b.TomcatHttpServer - Starting TomcatHttpServer...
17:47:49.368 [Test worker] DEBUG o.s.w.t.h.s.r.b.TomcatHttpServer - Server started on port 51829(0 millis).
17:47:49.368 [Test worker] DEBUG o.s.w.c.RestTemplate - HTTP GET http://localhost:51829/param?name=George
17:47:49.368 [Test worker] DEBUG o.s.w.c.RestTemplate - Accept=[text/plain, application/json, application/x-jackson-smile, application/*+json, */*]
17:47:49.371 [http-nio-auto-3-exec-1] DEBUG o.s.w.s.a.HttpWebHandlerAdapter - [2c7407a3] HTTP GET "/param?name=George"
17:47:49.371 [http-nio-auto-3-exec-1] DEBUG o.s.w.r.r.m.a.RequestMappingHandlerMapping - [2c7407a3] Mapped to org.springframework.web.reactive.result.method.annotation.ControllerInputIntegrationTests$TestRestController#param(String)
17:47:49.375 [http-nio-auto-3-exec-1] DEBUG o.s.w.r.r.m.a.ResponseBodyResultHandler - [2c7407a3] Using 'text/plain;charset=UTF-8' given [text/plain, application/json, application/x-jackson-smile, application/*+json, */*] and supported [text/plain;charset=UTF-8, text/event-stream, text/plain;charset=UTF-8, */*]
17:47:49.375 [http-nio-auto-3-exec-1] DEBUG o.s.w.r.r.m.a.ResponseBodyResultHandler - [2c7407a3] 0..N [java.lang.String]
17:47:49.375 [http-nio-auto-3-exec-1] DEBUG o.s.c.c.CharSequenceEncoder - [2c7407a3] Writing "Hello "
17:47:49.375 [http-nio-auto-3-exec-1] DEBUG o.s.c.c.CharSequenceEncoder - [2c7407a3] Writing "George"
17:47:49.376 [http-nio-auto-3-exec-1] DEBUG o.s.c.c.CharSequenceEncoder - [2c7407a3] Writing "!"
17:47:49.376 [http-nio-auto-3-exec-1] DEBUG o.s.w.s.a.HttpWebHandlerAdapter - [2c7407a3] Completed 200 OK
17:47:49.376 [Test worker] DEBUG o.s.w.c.RestTemplate - Response 200 OK
17:47:49.377 [Test worker] DEBUG o.s.w.c.RestTemplate - Reading to [java.lang.String] as "text/plain;charset=UTF-8"
17:47:49.377 [Test worker] DEBUG o.s.w.t.h.s.r.b.TomcatHttpServer - Stopping TomcatHttpServer...
17:48:00.560 [Test worker] DEBUG o.s.w.t.h.s.r.b.TomcatHttpServer - Server stopped (0 millis).
17:48:00.585 [Test worker] DEBUG o.s.w.r.r.m.a.RequestMappingHandlerMapping - 2 mappings in 'requestMappingHandlerMapping'
17:48:00.596 [Test worker] DEBUG o.s.w.r.r.m.a.ControllerMethodResolver - ControllerAdvice beans: none
17:48:00.599 [Test worker] DEBUG o.s.w.s.a.HttpWebHandlerAdapter - enableLoggingRequestDetails='false': form data and headers will be masked to prevent unsafe logging of potentially sensitive data
17:48:00.599 [Test worker] DEBUG o.s.w.t.h.s.r.b.UndertowHttpServer - Starting UndertowHttpServer...
17:48:00.599 [Test worker] INFO  i.undertow - starting server: Undertow - 2.2.7.Final
17:48:00.603 [Test worker] DEBUG o.s.w.t.h.s.r.b.UndertowHttpServer - Server started on port 51893(0 millis).
17:48:00.603 [Test worker] DEBUG o.s.w.c.RestTemplate - HTTP GET http://localhost:51893/param?name=George
17:48:00.603 [Test worker] DEBUG o.s.w.c.RestTemplate - Accept=[text/plain, application/json, application/x-jackson-smile, application/*+json, */*]
17:48:00.605 [XNIO-3 I/O-10] DEBUG o.s.w.s.a.HttpWebHandlerAdapter - [47228dc1-3] HTTP GET "/param?name=George"
17:48:00.605 [XNIO-3 I/O-10] DEBUG o.s.w.r.r.m.a.RequestMappingHandlerMapping - [47228dc1-3] Mapped to org.springframework.web.reactive.result.method.annotation.ControllerInputIntegrationTests$TestRestController#param(String)
17:48:00.607 [XNIO-3 I/O-10] DEBUG o.s.w.r.r.m.a.ResponseBodyResultHandler - [47228dc1-3] Using 'text/plain;charset=UTF-8' given [text/plain, application/json, application/x-jackson-smile, application/*+json, */*] and supported [text/plain;charset=UTF-8, text/event-stream, text/plain;charset=UTF-8, */*]
17:48:00.607 [XNIO-3 I/O-10] DEBUG o.s.w.r.r.m.a.ResponseBodyResultHandler - [47228dc1-3] 0..N [java.lang.String]
17:48:00.607 [XNIO-3 I/O-10] DEBUG o.s.c.c.CharSequenceEncoder - [47228dc1-3] Writing "Hello "
17:48:00.608 [XNIO-3 I/O-10] DEBUG o.s.c.c.CharSequenceEncoder - [47228dc1-3] Writing "George"
17:48:00.608 [XNIO-3 I/O-10] DEBUG o.s.c.c.CharSequenceEncoder - [47228dc1-3] Writing "!"
17:48:00.608 [Test worker] DEBUG o.s.w.c.RestTemplate - Response 200 OK
17:48:00.608 [XNIO-3 I/O-10] DEBUG o.s.w.s.a.HttpWebHandlerAdapter - [47228dc1-3] Completed 200 OK
17:48:00.608 [Test worker] DEBUG o.s.w.c.RestTemplate - Reading to [java.lang.String] as "text/plain;charset=UTF-8"
17:48:00.608 [Test worker] DEBUG o.s.w.t.h.s.r.b.UndertowHttpServer - Stopping UndertowHttpServer...
17:48:00.608 [Test worker] INFO  i.undertow - stopping server: Undertow - 2.2.7.Final
17:48:00.611 [Test worker] DEBUG o.s.w.t.h.s.r.b.UndertowHttpServer - Server stopped (0 millis).
]]></system-out>
  <system-err><![CDATA[]]></system-err>
</testsuite>
