<?xml version="1.0" encoding="UTF-8"?>
<testsuite name="org.springframework.web.reactive.config.CorsRegistryTests" tests="4" skipped="0" failures="0" errors="0" timestamp="2021-05-01T09:56:11" hostname="wangweilideMBP.lan" time="0.002">
  <properties/>
  <testcase name="customizedMapping()" classname="org.springframework.web.reactive.config.CorsRegistryTests" time="0.001"/>
  <testcase name="allowCredentials()" classname="org.springframework.web.reactive.config.CorsRegistryTests" time="0.0"/>
  <testcase name="noMapping()" classname="org.springframework.web.reactive.config.CorsRegistryTests" time="0.0"/>
  <testcase name="multipleMappings()" classname="org.springframework.web.reactive.config.CorsRegistryTests" time="0.001"/>
  <system-out><![CDATA[]]></system-out>
  <system-err><![CDATA[]]></system-err>
</testsuite>
