<?xml version="1.0" encoding="UTF-8"?>
<testsuite name="org.springframework.web.reactive.resource.ResourceUrlProviderTests" tests="6" skipped="0" failures="0" errors="0" timestamp="2021-05-01T09:57:03" hostname="wangweilideMBP.lan" time="0.077">
  <properties/>
  <testcase name="getStaticResourceUrl()" classname="org.springframework.web.reactive.resource.ResourceUrlProviderTests" time="0.0"/>
  <testcase name="getVersionedResourceUrl()" classname="org.springframework.web.reactive.resource.ResourceUrlProviderTests" time="0.004"/>
  <testcase name="initializeOnCurrentContext()" classname="org.springframework.web.reactive.resource.ResourceUrlProviderTests" time="0.042"/>
  <testcase name="getStaticResourceUrlRequestWithQueryOrHash()" classname="org.springframework.web.reactive.resource.ResourceUrlProviderTests" time="0.0"/>
  <testcase name="bestPatternMatch()" classname="org.springframework.web.reactive.resource.ResourceUrlProviderTests" time="0.004"/>
  <testcase name="initializeOnce()" classname="org.springframework.web.reactive.resource.ResourceUrlProviderTests" time="0.002"/>
  <system-out><![CDATA[17:57:03.971 [Test worker] DEBUG o.s.w.c.s.AnnotationConfigWebApplicationContext - Refreshing Root WebApplicationContext
17:57:03.974 [Test worker] DEBUG o.s.w.c.s.AnnotationConfigWebApplicationContext - Registering component classes: [class org.springframework.web.reactive.resource.ResourceUrlProviderTests$ParentHandlerMappingConfiguration]
17:57:03.983 [Test worker] DEBUG o.s.w.c.s.AnnotationConfigWebApplicationContext - Refreshing Root WebApplicationContext
17:57:03.984 [Test worker] DEBUG o.s.w.c.s.AnnotationConfigWebApplicationContext - Registering component classes: [class org.springframework.web.reactive.resource.ResourceUrlProviderTests$HandlerMappingConfiguration]
17:57:03.989 [Test worker] DEBUG o.s.w.r.h.SimpleUrlHandlerMapping - Patterns [/resources/**] in 'simpleUrlHandlerMapping'
17:57:04.009 [Test worker] DEBUG o.s.w.c.s.AnnotationConfigWebApplicationContext - Refreshing Root WebApplicationContext
17:57:04.010 [Test worker] DEBUG o.s.w.c.s.AnnotationConfigWebApplicationContext - Registering component classes: [class org.springframework.web.reactive.resource.ResourceUrlProviderTests$HandlerMappingConfiguration]
17:57:04.012 [Test worker] DEBUG o.s.w.r.h.SimpleUrlHandlerMapping - Patterns [/resources/**] in 'simpleUrlHandlerMapping'
]]></system-out>
  <system-err><![CDATA[]]></system-err>
</testsuite>
