<?xml version="1.0" encoding="UTF-8"?>
<testsuite name="org.springframework.web.reactive.result.view.script.ScriptTemplateViewTests" tests="14" skipped="0" failures="0" errors="0" timestamp="2021-04-26T08:31:59" hostname="wangweilideMacBook-Pro.local" time="1.201">
  <properties/>
  <testcase name="detectScriptTemplateConfigWithEngineName()" classname="org.springframework.web.reactive.result.view.script.ScriptTemplateViewTests" time="0.374"/>
  <testcase name="nonInvocableScriptEngineWithRenderFunction()" classname="org.springframework.web.reactive.result.view.script.ScriptTemplateViewTests" time="0.685"/>
  <testcase name="engineAndEngineNameBothDefined()" classname="org.springframework.web.reactive.result.view.script.ScriptTemplateViewTests" time="0.045"/>
  <testcase name="nonSharedEngine()" classname="org.springframework.web.reactive.result.view.script.ScriptTemplateViewTests" time="0.058"/>
  <testcase name="missingTemplate()" classname="org.springframework.web.reactive.result.view.script.ScriptTemplateViewTests" time="0.003"/>
  <testcase name="engineSupplierWithNonSharedEngine()" classname="org.springframework.web.reactive.result.view.script.ScriptTemplateViewTests" time="0.002"/>
  <testcase name="engineNameAndEngineSupplierBothDefined()" classname="org.springframework.web.reactive.result.view.script.ScriptTemplateViewTests" time="0.001"/>
  <testcase name="missingScriptTemplateConfig()" classname="org.springframework.web.reactive.result.view.script.ScriptTemplateViewTests" time="0.001"/>
  <testcase name="engineSetterAndNonSharedEngine()" classname="org.springframework.web.reactive.result.view.script.ScriptTemplateViewTests" time="0.001"/>
  <testcase name="customEngineAndRenderFunction()" classname="org.springframework.web.reactive.result.view.script.ScriptTemplateViewTests" time="0.02"/>
  <testcase name="engineSupplierWithSharedEngine()" classname="org.springframework.web.reactive.result.view.script.ScriptTemplateViewTests" time="0.001"/>
  <testcase name="engineAndEngineSupplierBothDefined()" classname="org.springframework.web.reactive.result.view.script.ScriptTemplateViewTests" time="0.001"/>
  <testcase name="nonInvocableScriptEngine()" classname="org.springframework.web.reactive.result.view.script.ScriptTemplateViewTests" time="0.0"/>
  <testcase name="detectScriptTemplateConfigWithEngine()" classname="org.springframework.web.reactive.result.view.script.ScriptTemplateViewTests" time="0.0"/>
  <system-out><![CDATA[]]></system-out>
  <system-err><![CDATA[Warning: Nashorn engine is planned to be removed from a future JDK release
Warning: Nashorn engine is planned to be removed from a future JDK release
Warning: Nashorn engine is planned to be removed from a future JDK release
Warning: Nashorn engine is planned to be removed from a future JDK release
Warning: Nashorn engine is planned to be removed from a future JDK release
Warning: Nashorn engine is planned to be removed from a future JDK release
Warning: Nashorn engine is planned to be removed from a future JDK release
Warning: Nashorn engine is planned to be removed from a future JDK release
Warning: Nashorn engine is planned to be removed from a future JDK release
Warning: Nashorn engine is planned to be removed from a future JDK release
Warning: Nashorn engine is planned to be removed from a future JDK release
Warning: Nashorn engine is planned to be removed from a future JDK release
Warning: Nashorn engine is planned to be removed from a future JDK release
Warning: Nashorn engine is planned to be removed from a future JDK release
Warning: Nashorn engine is planned to be removed from a future JDK release
Warning: Nashorn engine is planned to be removed from a future JDK release
Warning: Nashorn engine is planned to be removed from a future JDK release
Warning: Nashorn engine is planned to be removed from a future JDK release
Warning: Nashorn engine is planned to be removed from a future JDK release
Warning: Nashorn engine is planned to be removed from a future JDK release
Warning: Nashorn engine is planned to be removed from a future JDK release
]]></system-err>
</testsuite>
