<?xml version="1.0" encoding="UTF-8"?>
<testsuite name="org.springframework.web.reactive.result.method.annotation.SessionAttributesHandlerTests" tests="4" skipped="0" failures="0" errors="0" timestamp="2021-05-01T09:49:53" hostname="wangweilideMBP.lan" time="0.008">
  <properties/>
  <testcase name="storeAttributes()" classname="org.springframework.web.reactive.result.method.annotation.SessionAttributesHandlerTests" time="0.006"/>
  <testcase name="cleanupAttributes()" classname="org.springframework.web.reactive.result.method.annotation.SessionAttributesHandlerTests" time="0.001"/>
  <testcase name="retrieveAttributes()" classname="org.springframework.web.reactive.result.method.annotation.SessionAttributesHandlerTests" time="0.001"/>
  <testcase name="isSessionAttribute()" classname="org.springframework.web.reactive.result.method.annotation.SessionAttributesHandlerTests" time="0.0"/>
  <system-out><![CDATA[]]></system-out>
  <system-err><![CDATA[]]></system-err>
</testsuite>
