<?xml version="1.0" encoding="UTF-8"?>
<testsuite name="org.springframework.web.reactive.result.HandlerResultHandlerTests" tests="6" skipped="0" failures="0" errors="0" timestamp="2021-05-01T09:47:19" hostname="wangweilideMBP.lan" time="0.078">
  <properties/>
  <testcase name="noConcreteMediaType()" classname="org.springframework.web.reactive.result.HandlerResultHandlerTests" time="0.013"/>
  <testcase name="removeQualityParameter()" classname="org.springframework.web.reactive.result.HandlerResultHandlerTests" time="0.011"/>
  <testcase name="usesContentTypeResolver()" classname="org.springframework.web.reactive.result.HandlerResultHandlerTests" time="0.011"/>
  <testcase name="charsetFromAcceptHeader()" classname="org.springframework.web.reactive.result.HandlerResultHandlerTests" time="0.012"/>
  <testcase name="producibleMediaTypesRequestAttribute()" classname="org.springframework.web.reactive.result.HandlerResultHandlerTests" time="0.015"/>
  <testcase name="sortsByQuality()" classname="org.springframework.web.reactive.result.HandlerResultHandlerTests" time="0.012"/>
  <system-out><![CDATA[17:47:19.608 [Test worker] DEBUG o.s.w.r.r.HandlerResultHandlerTests$TestResultHandler - [1fb91fb3] Using 'application/octet-stream' given [*/*] and supported [*/*]
17:47:19.621 [Test worker] DEBUG o.s.w.r.r.HandlerResultHandlerTests$TestResultHandler - [8bd249e] Using 'text/plain' given [text/plain;q=0.5] and supported [application/json, text/plain]
17:47:19.633 [Test worker] DEBUG o.s.w.r.r.HandlerResultHandlerTests$TestResultHandler - [518a0307] Using 'image/gif' given [image/gif] and supported [image/jpeg, image/gif, image/png]
17:47:19.646 [Test worker] DEBUG o.s.w.r.r.HandlerResultHandlerTests$TestResultHandler - [4324b4db] Using 'text/plain;charset=ISO-8859-1' given [text/plain;charset=ISO-8859-1] and supported [text/plain;charset=UTF-8]
17:47:19.661 [Test worker] DEBUG o.s.w.r.r.HandlerResultHandlerTests$TestResultHandler - [60a5e936] Using 'image/gif' given [*/*] and supported [image/gif]
17:47:19.674 [Test worker] DEBUG o.s.w.r.r.HandlerResultHandlerTests$TestResultHandler - [6f0cfb37] Using 'application/json' given [application/json, text/plain;q=0.5] and supported [text/plain, application/json]
]]></system-out>
  <system-err><![CDATA[]]></system-err>
</testsuite>
