<?xml version="1.0" encoding="UTF-8"?>
<testsuite name="org.springframework.web.reactive.result.method.HandlerMethodMappingTests" tests="9" skipped="0" failures="0" errors="0" timestamp="2021-04-26T08:32:01" hostname="wangweilideMacBook-Pro.local" time="0.079">
  <properties/>
  <testcase name="directMatch()" classname="org.springframework.web.reactive.result.method.HandlerMethodMappingTests" time="0.023"/>
  <testcase name="ambiguousMatchOnPreFlightRequestWithCorsConfig()" classname="org.springframework.web.reactive.result.method.HandlerMethodMappingTests" time="0.012"/>
  <testcase name="ambiguousMatchOnPreFlightRequestWithoutCorsConfig()" classname="org.springframework.web.reactive.result.method.HandlerMethodMappingTests" time="0.008"/>
  <testcase name="patternMatch()" classname="org.springframework.web.reactive.result.method.HandlerMethodMappingTests" time="0.007"/>
  <testcase name="unregisterMapping()" classname="org.springframework.web.reactive.result.method.HandlerMethodMappingTests" time="0.014"/>
  <testcase name="registerMappingWithSameMethodAndTwoHandlerInstances()" classname="org.springframework.web.reactive.result.method.HandlerMethodMappingTests" time="0.0"/>
  <testcase name="registerDuplicates()" classname="org.springframework.web.reactive.result.method.HandlerMethodMappingTests" time="0.001"/>
  <testcase name="registerMapping()" classname="org.springframework.web.reactive.result.method.HandlerMethodMappingTests" time="0.0"/>
  <testcase name="ambiguousMatch()" classname="org.springframework.web.reactive.result.method.HandlerMethodMappingTests" time="0.007"/>
  <system-out><![CDATA[16:32:01.183 [Test worker] DEBUG o.s.w.r.r.m.HandlerMethodMappingTests$MyHandlerMethodMapping - [7579f83f] Mapped to org.springframework.web.reactive.result.method.HandlerMethodMappingTests$MyHandler#handlerMethod1()
16:32:01.195 [Test worker] DEBUG o.s.w.r.r.m.HandlerMethodMappingTests$MyHandlerMethodMapping - [754242a1] Mapped to org.springframework.web.reactive.result.method.AbstractHandlerMethodMapping$PreFlightAmbiguousMatchHandler#handle()
16:32:01.204 [Test worker] DEBUG o.s.w.r.r.m.HandlerMethodMappingTests$MyHandlerMethodMapping - [35f7e572] Mapped to org.springframework.web.reactive.result.method.HandlerMethodMappingTests$MyHandler#handlerMethod1()
16:32:01.213 [Test worker] DEBUG o.s.w.r.r.m.HandlerMethodMappingTests$MyHandlerMethodMapping - [eb5b327] Mapped to org.springframework.web.reactive.result.method.HandlerMethodMappingTests$MyHandler#handlerMethod1()
16:32:01.220 [Test worker] DEBUG o.s.w.r.r.m.HandlerMethodMappingTests$MyHandlerMethodMapping - [310da378] Mapped to org.springframework.web.reactive.result.method.HandlerMethodMappingTests$MyHandler#handlerMethod1()
]]></system-out>
  <system-err><![CDATA[]]></system-err>
</testsuite>
