<?xml version="1.0" encoding="UTF-8"?>
<testsuite name="org.springframework.web.reactive.function.server.RouterFunctionBuilderTests" tests="6" skipped="0" failures="0" errors="0" timestamp="2021-05-01T09:52:48" hostname="wangweilideMBP.lan" time="0.051">
  <properties/>
  <testcase name="resources()" classname="org.springframework.web.reactive.function.server.RouterFunctionBuilderTests" time="0.01"/>
  <testcase name="multipleOnErrors()" classname="org.springframework.web.reactive.function.server.RouterFunctionBuilderTests" time="0.007"/>
  <testcase name="filters()" classname="org.springframework.web.reactive.function.server.RouterFunctionBuilderTests" time="0.009"/>
  <testcase name="nest()" classname="org.springframework.web.reactive.function.server.RouterFunctionBuilderTests" time="0.005"/>
  <testcase name="route()" classname="org.springframework.web.reactive.function.server.RouterFunctionBuilderTests" time="0.016"/>
  <testcase name="attributes()" classname="org.springframework.web.reactive.function.server.RouterFunctionBuilderTests" time="0.003"/>
  <system-out><![CDATA[]]></system-out>
  <system-err><![CDATA[]]></system-err>
</testsuite>
