<?xml version="1.0" encoding="UTF-8"?>
<testsuite name="org.springframework.web.reactive.function.server.HandlerStrategiesTests" tests="2" skipped="0" failures="0" errors="0" timestamp="2021-04-26T08:37:28" hostname="wangweilideMacBook-Pro.local" time="0.011">
  <properties/>
  <testcase name="withDefaults()" classname="org.springframework.web.reactive.function.server.HandlerStrategiesTests" time="0.007"/>
  <testcase name="empty()" classname="org.springframework.web.reactive.function.server.HandlerStrategiesTests" time="0.004"/>
  <system-out><![CDATA[]]></system-out>
  <system-err><![CDATA[]]></system-err>
</testsuite>
