<?xml version="1.0" encoding="UTF-8"?>
<testsuite name="org.springframework.web.reactive.DispatcherHandlerErrorTests" tests="7" skipped="0" failures="0" errors="0" timestamp="2021-05-01T09:47:15" hostname="wangweilideMBP.lan" time="4.239">
  <properties/>
  <testcase name="controllerReturnsMonoError()" classname="org.springframework.web.reactive.DispatcherHandlerErrorTests" time="3.957"/>
  <testcase name="controllerThrowsException()" classname="org.springframework.web.reactive.DispatcherHandlerErrorTests" time="0.044"/>
  <testcase name="webExceptionHandler()" classname="org.springframework.web.reactive.DispatcherHandlerErrorTests" time="0.044"/>
  <testcase name="requestBodyError()" classname="org.springframework.web.reactive.DispatcherHandlerErrorTests" time="0.059"/>
  <testcase name="responseBodyMessageConversionError()" classname="org.springframework.web.reactive.DispatcherHandlerErrorTests" time="0.052"/>
  <testcase name="unknownReturnType()" classname="org.springframework.web.reactive.DispatcherHandlerErrorTests" time="0.04"/>
  <testcase name="noHandler()" classname="org.springframework.web.reactive.DispatcherHandlerErrorTests" time="0.038"/>
  <system-out><![CDATA[17:47:17.807 [Test worker] DEBUG o.s.w.r.r.m.a.RequestMappingHandlerMapping - 4 mappings in 'handlerMapping'
17:47:18.470 [Test worker] WARN  o.s.h.c.j.Jackson2ObjectMapperBuilder - For Jackson Kotlin classes support please add "com.fasterxml.jackson.module:jackson-module-kotlin" to the classpath
17:47:19.014 [Test worker] DEBUG o.s.w.r.r.m.a.ControllerMethodResolver - ControllerAdvice beans: none
17:47:19.157 [Test worker] DEBUG o.s.w.r.r.m.a.RequestMappingHandlerMapping - [489c6bbd] Mapped to org.springframework.web.reactive.DispatcherHandlerErrorTests$TestController#errorSignal()
17:47:19.172 [Test worker] DEBUG o.s.w.r.r.m.a.ResponseBodyResultHandler - [489c6bbd] Using 'text/plain;charset=UTF-8' given [*/*] and supported [text/plain;charset=UTF-8]
17:47:19.173 [Test worker] DEBUG o.s.w.r.r.m.a.ResponseBodyResultHandler - [489c6bbd] 0..1 [java.lang.String]
17:47:19.274 [Test worker] DEBUG o.s.w.r.r.m.a.RequestMappingHandlerMapping - 4 mappings in 'handlerMapping'
17:47:19.284 [Test worker] DEBUG o.s.w.r.r.m.a.ControllerMethodResolver - ControllerAdvice beans: none
17:47:19.300 [Test worker] DEBUG o.s.w.r.r.m.a.RequestMappingHandlerMapping - [42752d14] Mapped to org.springframework.web.reactive.DispatcherHandlerErrorTests$TestController#raiseException()
17:47:19.318 [Test worker] DEBUG o.s.w.r.r.m.a.RequestMappingHandlerMapping - 4 mappings in 'handlerMapping'
17:47:19.326 [Test worker] DEBUG o.s.w.r.r.m.a.ControllerMethodResolver - ControllerAdvice beans: none
17:47:19.363 [Test worker] DEBUG o.s.w.r.r.m.a.RequestMappingHandlerMapping - 4 mappings in 'handlerMapping'
17:47:19.372 [Test worker] DEBUG o.s.w.r.r.m.a.ControllerMethodResolver - ControllerAdvice beans: none
17:47:19.382 [Test worker] DEBUG o.s.w.r.r.m.a.RequestMappingHandlerMapping - [7ddcf3a9] Mapped to org.springframework.web.reactive.DispatcherHandlerErrorTests$TestController#requestBody(Publisher)
17:47:19.388 [Test worker] DEBUG o.s.w.r.r.m.a.RequestBodyMethodArgumentResolver - [7ddcf3a9] No Content-Type, using application/octet-stream
17:47:19.389 [Test worker] DEBUG o.s.w.r.r.m.a.RequestBodyMethodArgumentResolver - [7ddcf3a9] 0..N [java.lang.String]
17:47:19.404 [Test worker] DEBUG o.s.w.r.r.m.a.ResponseBodyResultHandler - [7ddcf3a9] Using 'text/plain;charset=UTF-8' given [*/*] and supported [text/plain;charset=UTF-8]
17:47:19.404 [Test worker] DEBUG o.s.w.r.r.m.a.ResponseBodyResultHandler - [7ddcf3a9] 0..1 [java.lang.String]
17:47:19.422 [Test worker] DEBUG o.s.w.r.r.m.a.RequestMappingHandlerMapping - 4 mappings in 'handlerMapping'
17:47:19.437 [Test worker] DEBUG o.s.w.r.r.m.a.ControllerMethodResolver - ControllerAdvice beans: none
17:47:19.457 [Test worker] DEBUG o.s.w.r.r.m.a.RequestMappingHandlerMapping - [17f04dd5] Mapped to org.springframework.web.reactive.DispatcherHandlerErrorTests$TestController#requestBody(Publisher)
17:47:19.458 [Test worker] DEBUG o.s.w.r.r.m.a.RequestBodyMethodArgumentResolver - [17f04dd5] No Content-Type, using application/octet-stream
17:47:19.458 [Test worker] DEBUG o.s.w.r.r.m.a.RequestBodyMethodArgumentResolver - [17f04dd5] 0..N [java.lang.String]
17:47:19.459 [Test worker] DEBUG o.s.w.r.r.m.a.ResponseBodyResultHandler - [17f04dd5] No match for [application/json], supported: [text/plain;charset=UTF-8]
17:47:19.475 [Test worker] DEBUG o.s.w.r.r.m.a.RequestMappingHandlerMapping - 4 mappings in 'handlerMapping'
17:47:19.486 [Test worker] DEBUG o.s.w.r.r.m.a.ControllerMethodResolver - ControllerAdvice beans: none
17:47:19.501 [Test worker] DEBUG o.s.w.r.r.m.a.RequestMappingHandlerMapping - [3f000b31] Mapped to org.springframework.web.reactive.DispatcherHandlerErrorTests$TestController#unknownReturnType()
17:47:19.514 [Test worker] DEBUG o.s.w.r.r.m.a.RequestMappingHandlerMapping - 4 mappings in 'handlerMapping'
17:47:19.524 [Test worker] DEBUG o.s.w.r.r.m.a.ControllerMethodResolver - ControllerAdvice beans: none
]]></system-out>
  <system-err><![CDATA[]]></system-err>
</testsuite>
