<?xml version="1.0" encoding="UTF-8"?>
<testsuite name="org.springframework.web.reactive.function.server.ToStringVisitorTests" tests="2" skipped="0" failures="0" errors="0" timestamp="2021-04-26T08:35:10" hostname="wangweilideMacBook-Pro.local" time="0.015">
  <properties/>
  <testcase name="nested()" classname="org.springframework.web.reactive.function.server.ToStringVisitorTests" time="0.011"/>
  <testcase name="predicates()" classname="org.springframework.web.reactive.function.server.ToStringVisitorTests" time="0.004"/>
  <system-out><![CDATA[]]></system-out>
  <system-err><![CDATA[]]></system-err>
</testsuite>
