<?xml version="1.0" encoding="UTF-8"?>
<testsuite name="org.springframework.web.reactive.result.method.annotation.RequestMappingDataBindingIntegrationTests" tests="8" skipped="0" failures="0" errors="0" timestamp="2021-05-01T09:48:26" hostname="wangweilideMBP.lan" time="22.664">
  <properties/>
  <testcase name="[1] org.springframework.web.testfixture.http.server.reactive.bootstrap.JettyHttpServer@4a52e407" classname="org.springframework.web.reactive.result.method.annotation.RequestMappingDataBindingIntegrationTests" time="0.066"/>
  <testcase name="[2] org.springframework.web.testfixture.http.server.reactive.bootstrap.ReactorHttpServer@3e7f8420" classname="org.springframework.web.reactive.result.method.annotation.RequestMappingDataBindingIntegrationTests" time="0.039"/>
  <testcase name="[3] org.springframework.web.testfixture.http.server.reactive.bootstrap.TomcatHttpServer@5c98a740" classname="org.springframework.web.reactive.result.method.annotation.RequestMappingDataBindingIntegrationTests" time="11.146"/>
  <testcase name="[4] org.springframework.web.testfixture.http.server.reactive.bootstrap.UndertowHttpServer@5b6b0e9e" classname="org.springframework.web.reactive.result.method.annotation.RequestMappingDataBindingIntegrationTests" time="0.049"/>
  <testcase name="[1] org.springframework.web.testfixture.http.server.reactive.bootstrap.JettyHttpServer@3c55427e" classname="org.springframework.web.reactive.result.method.annotation.RequestMappingDataBindingIntegrationTests" time="0.055"/>
  <testcase name="[2] org.springframework.web.testfixture.http.server.reactive.bootstrap.ReactorHttpServer@174f40ff" classname="org.springframework.web.reactive.result.method.annotation.RequestMappingDataBindingIntegrationTests" time="0.04"/>
  <testcase name="[3] org.springframework.web.testfixture.http.server.reactive.bootstrap.TomcatHttpServer@1124e18a" classname="org.springframework.web.reactive.result.method.annotation.RequestMappingDataBindingIntegrationTests" time="11.174"/>
  <testcase name="[4] org.springframework.web.testfixture.http.server.reactive.bootstrap.UndertowHttpServer@765d9e1a" classname="org.springframework.web.reactive.result.method.annotation.RequestMappingDataBindingIntegrationTests" time="0.05"/>
  <system-out><![CDATA[17:48:26.122 [Test worker] DEBUG o.s.w.r.r.m.a.RequestMappingHandlerMapping - 2 mappings in 'requestMappingHandlerMapping'
17:48:26.133 [Test worker] DEBUG o.s.w.r.r.m.a.ControllerMethodResolver - ControllerAdvice beans: none
17:48:26.135 [Test worker] DEBUG o.s.w.s.a.HttpWebHandlerAdapter - enableLoggingRequestDetails='false': form data and headers will be masked to prevent unsafe logging of potentially sensitive data
17:48:26.136 [Test worker] WARN  o.e.j.s.h.ContextHandler - Empty contextPath
17:48:26.136 [Test worker] INFO  o.e.j.s.h.ContextHandler - Started o.e.j.s.ServletContextHandler@3055f5d3{/,null,AVAILABLE}
17:48:26.136 [Test worker] DEBUG o.s.w.t.h.s.r.b.JettyHttpServer - Starting JettyHttpServer...
17:48:26.136 [Test worker] INFO  o.e.j.s.Server - jetty-9.4.39.v20210325; built: 2021-03-25T14:42:11.471Z; git: 9fc7ca5a922f2a37b84ec9dbc26a5168cee7e667; jvm 1.8.0_181-b13
17:48:26.138 [Test worker] INFO  o.e.j.s.AbstractConnector - Started ServerConnector@190cabb1{HTTP/1.1, (http/1.1)}{0.0.0.0:52061}
17:48:26.138 [Test worker] INFO  o.e.j.s.Server - Started @73181ms
17:48:26.138 [Test worker] DEBUG o.s.w.t.h.s.r.b.JettyHttpServer - Server started on port 52061(0 millis).
17:48:26.138 [Test worker] DEBUG o.s.w.c.RestTemplate - HTTP POST http://localhost:52061/date-param?date=2016-10-31&date-pattern=YYYY-mm-dd
17:48:26.138 [Test worker] DEBUG o.s.w.c.RestTemplate - Accept=[text/plain, application/json, application/x-jackson-smile, application/*+json, */*]
17:48:26.140 [qtp645750739-291] DEBUG o.s.w.s.a.HttpWebHandlerAdapter - [5f4c4f6a] HTTP POST "/date-param?date=2016-10-31&date-pattern=YYYY-mm-dd"
17:48:26.141 [qtp645750739-291] DEBUG o.s.w.r.r.m.a.RequestMappingHandlerMapping - [5f4c4f6a] Mapped to org.springframework.web.reactive.result.method.annotation.RequestMappingDataBindingIntegrationTests$TestController#handleDateParam(Date)
17:48:26.147 [qtp645750739-291] DEBUG o.s.w.r.r.m.a.ResponseBodyResultHandler - [5f4c4f6a] Using 'text/plain;charset=UTF-8' given [text/plain, application/json, application/x-jackson-smile, application/*+json, */*] and supported [text/plain;charset=UTF-8, text/event-stream, text/plain;charset=UTF-8, */*]
17:48:26.148 [qtp645750739-291] DEBUG o.s.w.r.r.m.a.ResponseBodyResultHandler - [5f4c4f6a] 0..1 [java.lang.String]
17:48:26.148 [qtp645750739-291] DEBUG o.s.c.c.CharSequenceEncoder - [5f4c4f6a] Writing "Processed date!"
17:48:26.149 [qtp645750739-291] DEBUG o.s.w.s.a.HttpWebHandlerAdapter - [5f4c4f6a] Completed 200 OK
17:48:26.149 [Test worker] DEBUG o.s.w.c.RestTemplate - Response 200 OK
17:48:26.149 [Test worker] DEBUG o.s.w.c.RestTemplate - Reading to [java.lang.String] as "text/plain;charset=utf-8"
17:48:26.149 [Test worker] DEBUG o.s.w.t.h.s.r.b.JettyHttpServer - Stopping JettyHttpServer...
17:48:26.150 [Test worker] INFO  o.e.j.s.h.ContextHandler - Stopped o.e.j.s.ServletContextHandler@3055f5d3{/,null,STOPPED}
17:48:26.151 [Test worker] INFO  o.e.j.s.AbstractConnector - Stopped ServerConnector@190cabb1{HTTP/1.1, (http/1.1)}{0.0.0.0:0}
17:48:26.151 [Test worker] DEBUG o.s.w.t.h.s.r.b.JettyHttpServer - Server stopped (0 millis).
17:48:26.178 [Test worker] DEBUG o.s.w.r.r.m.a.RequestMappingHandlerMapping - 2 mappings in 'requestMappingHandlerMapping'
17:48:26.188 [Test worker] DEBUG o.s.w.r.r.m.a.ControllerMethodResolver - ControllerAdvice beans: none
17:48:26.190 [Test worker] DEBUG o.s.w.s.a.HttpWebHandlerAdapter - enableLoggingRequestDetails='false': form data and headers will be masked to prevent unsafe logging of potentially sensitive data
17:48:26.190 [Test worker] DEBUG o.s.w.t.h.s.r.b.ReactorHttpServer - Starting ReactorHttpServer...
17:48:26.191 [Test worker] DEBUG o.s.w.t.h.s.r.b.ReactorHttpServer - Server started on port 52063(0 millis).
17:48:26.191 [Test worker] DEBUG o.s.w.c.RestTemplate - HTTP POST http://localhost:52063/date-param?date=2016-10-31&date-pattern=YYYY-mm-dd
17:48:26.191 [Test worker] DEBUG o.s.w.c.RestTemplate - Accept=[text/plain, application/json, application/x-jackson-smile, application/*+json, */*]
17:48:26.194 [reactor-http-nio-5] DEBUG o.s.w.s.a.HttpWebHandlerAdapter - [def323bb-1, L:/127.0.0.1:52063 - R:/127.0.0.1:52064] HTTP POST "/date-param?date=2016-10-31&date-pattern=YYYY-mm-dd"
17:48:26.194 [reactor-http-nio-5] DEBUG o.s.w.r.r.m.a.RequestMappingHandlerMapping - [def323bb-1, L:/127.0.0.1:52063 - R:/127.0.0.1:52064] Mapped to org.springframework.web.reactive.result.method.annotation.RequestMappingDataBindingIntegrationTests$TestController#handleDateParam(Date)
17:48:26.195 [reactor-http-nio-5] DEBUG o.s.w.r.r.m.a.ResponseBodyResultHandler - [def323bb-1, L:/127.0.0.1:52063 - R:/127.0.0.1:52064] Using 'text/plain;charset=UTF-8' given [text/plain, application/json, application/x-jackson-smile, application/*+json, */*] and supported [text/plain;charset=UTF-8, text/event-stream, text/plain;charset=UTF-8, */*]
17:48:26.196 [reactor-http-nio-5] DEBUG o.s.w.r.r.m.a.ResponseBodyResultHandler - [def323bb-1, L:/127.0.0.1:52063 - R:/127.0.0.1:52064] 0..1 [java.lang.String]
17:48:26.196 [reactor-http-nio-5] DEBUG o.s.c.c.CharSequenceEncoder - [def323bb-1, L:/127.0.0.1:52063 - R:/127.0.0.1:52064] Writing "Processed date!"
17:48:26.197 [Test worker] DEBUG o.s.w.c.RestTemplate - Response 200 OK
17:48:26.197 [reactor-http-nio-5] DEBUG o.s.w.s.a.HttpWebHandlerAdapter - [def323bb-1, L:/127.0.0.1:52063 - R:/127.0.0.1:52064] Completed 200 OK
17:48:26.197 [Test worker] DEBUG o.s.w.c.RestTemplate - Reading to [java.lang.String] as "text/plain;charset=UTF-8"
17:48:26.197 [Test worker] DEBUG o.s.w.t.h.s.r.b.ReactorHttpServer - Stopping ReactorHttpServer...
17:48:26.197 [Test worker] DEBUG o.s.w.t.h.s.r.b.ReactorHttpServer - Server stopped (0 millis).
17:48:26.221 [Test worker] DEBUG o.s.w.r.r.m.a.RequestMappingHandlerMapping - 2 mappings in 'requestMappingHandlerMapping'
17:48:26.233 [Test worker] DEBUG o.s.w.r.r.m.a.ControllerMethodResolver - ControllerAdvice beans: none
17:48:26.235 [Test worker] DEBUG o.s.w.s.a.HttpWebHandlerAdapter - enableLoggingRequestDetails='false': form data and headers will be masked to prevent unsafe logging of potentially sensitive data
17:48:26.235 [Test worker] DEBUG o.s.w.t.h.s.r.b.TomcatHttpServer - Starting TomcatHttpServer...
17:48:26.240 [Test worker] DEBUG o.s.w.t.h.s.r.b.TomcatHttpServer - Server started on port 52067(0 millis).
17:48:26.240 [Test worker] DEBUG o.s.w.c.RestTemplate - HTTP POST http://localhost:52067/date-param?date=2016-10-31&date-pattern=YYYY-mm-dd
17:48:26.241 [Test worker] DEBUG o.s.w.c.RestTemplate - Accept=[text/plain, application/json, application/x-jackson-smile, application/*+json, */*]
17:48:26.243 [http-nio-auto-6-exec-1] DEBUG o.s.w.s.a.HttpWebHandlerAdapter - [4eca28a2] HTTP POST "/date-param?date=2016-10-31&date-pattern=YYYY-mm-dd"
17:48:26.243 [http-nio-auto-6-exec-1] DEBUG o.s.w.r.r.m.a.RequestMappingHandlerMapping - [4eca28a2] Mapped to org.springframework.web.reactive.result.method.annotation.RequestMappingDataBindingIntegrationTests$TestController#handleDateParam(Date)
17:48:26.246 [http-nio-auto-6-exec-1] DEBUG o.s.w.r.r.m.a.ResponseBodyResultHandler - [4eca28a2] Using 'text/plain;charset=UTF-8' given [text/plain, application/json, application/x-jackson-smile, application/*+json, */*] and supported [text/plain;charset=UTF-8, text/event-stream, text/plain;charset=UTF-8, */*]
17:48:26.246 [http-nio-auto-6-exec-1] DEBUG o.s.w.r.r.m.a.ResponseBodyResultHandler - [4eca28a2] 0..1 [java.lang.String]
17:48:26.246 [http-nio-auto-6-exec-1] DEBUG o.s.c.c.CharSequenceEncoder - [4eca28a2] Writing "Processed date!"
17:48:26.247 [http-nio-auto-6-exec-1] DEBUG o.s.w.s.a.HttpWebHandlerAdapter - [4eca28a2] Completed 200 OK
17:48:26.247 [Test worker] DEBUG o.s.w.c.RestTemplate - Response 200 OK
17:48:26.247 [Test worker] DEBUG o.s.w.c.RestTemplate - Reading to [java.lang.String] as "text/plain;charset=UTF-8"
17:48:26.248 [Test worker] DEBUG o.s.w.t.h.s.r.b.TomcatHttpServer - Stopping TomcatHttpServer...
17:48:37.348 [Test worker] DEBUG o.s.w.t.h.s.r.b.TomcatHttpServer - Server stopped (0 millis).
17:48:37.382 [Test worker] DEBUG o.s.w.r.r.m.a.RequestMappingHandlerMapping - 2 mappings in 'requestMappingHandlerMapping'
17:48:37.392 [Test worker] DEBUG o.s.w.r.r.m.a.ControllerMethodResolver - ControllerAdvice beans: none
17:48:37.395 [Test worker] DEBUG o.s.w.s.a.HttpWebHandlerAdapter - enableLoggingRequestDetails='false': form data and headers will be masked to prevent unsafe logging of potentially sensitive data
17:48:37.395 [Test worker] DEBUG o.s.w.t.h.s.r.b.UndertowHttpServer - Starting UndertowHttpServer...
17:48:37.395 [Test worker] INFO  i.undertow - starting server: Undertow - 2.2.7.Final
17:48:37.398 [Test worker] DEBUG o.s.w.t.h.s.r.b.UndertowHttpServer - Server started on port 52418(0 millis).
17:48:37.399 [Test worker] DEBUG o.s.w.c.RestTemplate - HTTP POST http://localhost:52418/date-param?date=2016-10-31&date-pattern=YYYY-mm-dd
17:48:37.399 [Test worker] DEBUG o.s.w.c.RestTemplate - Accept=[text/plain, application/json, application/x-jackson-smile, application/*+json, */*]
17:48:37.400 [XNIO-6 I/O-8] DEBUG o.s.w.s.a.HttpWebHandlerAdapter - [f3e47c9-6] HTTP POST "/date-param?date=2016-10-31&date-pattern=YYYY-mm-dd"
17:48:37.401 [XNIO-6 I/O-8] DEBUG o.s.w.r.r.m.a.RequestMappingHandlerMapping - [f3e47c9-6] Mapped to org.springframework.web.reactive.result.method.annotation.RequestMappingDataBindingIntegrationTests$TestController#handleDateParam(Date)
17:48:37.403 [XNIO-6 I/O-8] DEBUG o.s.w.r.r.m.a.ResponseBodyResultHandler - [f3e47c9-6] Using 'text/plain;charset=UTF-8' given [text/plain, application/json, application/x-jackson-smile, application/*+json, */*] and supported [text/plain;charset=UTF-8, text/event-stream, text/plain;charset=UTF-8, */*]
17:48:37.403 [XNIO-6 I/O-8] DEBUG o.s.w.r.r.m.a.ResponseBodyResultHandler - [f3e47c9-6] 0..1 [java.lang.String]
17:48:37.403 [XNIO-6 I/O-8] DEBUG o.s.c.c.CharSequenceEncoder - [f3e47c9-6] Writing "Processed date!"
17:48:37.404 [XNIO-6 I/O-8] DEBUG o.s.w.s.a.HttpWebHandlerAdapter - [f3e47c9-6] Completed 200 OK
17:48:37.404 [Test worker] DEBUG o.s.w.c.RestTemplate - Response 200 OK
17:48:37.404 [Test worker] DEBUG o.s.w.c.RestTemplate - Reading to [java.lang.String] as "text/plain;charset=UTF-8"
17:48:37.404 [Test worker] DEBUG o.s.w.t.h.s.r.b.UndertowHttpServer - Stopping UndertowHttpServer...
17:48:37.404 [Test worker] INFO  i.undertow - stopping server: Undertow - 2.2.7.Final
17:48:37.405 [Test worker] DEBUG o.s.w.t.h.s.r.b.UndertowHttpServer - Server stopped (0 millis).
17:48:37.430 [Test worker] DEBUG o.s.w.r.r.m.a.RequestMappingHandlerMapping - 2 mappings in 'requestMappingHandlerMapping'
17:48:37.442 [Test worker] DEBUG o.s.w.r.r.m.a.ControllerMethodResolver - ControllerAdvice beans: none
17:48:37.444 [Test worker] DEBUG o.s.w.s.a.HttpWebHandlerAdapter - enableLoggingRequestDetails='false': form data and headers will be masked to prevent unsafe logging of potentially sensitive data
17:48:37.444 [Test worker] WARN  o.e.j.s.h.ContextHandler - Empty contextPath
17:48:37.444 [Test worker] INFO  o.e.j.s.h.ContextHandler - Started o.e.j.s.ServletContextHandler@13132e15{/,null,AVAILABLE}
17:48:37.444 [Test worker] DEBUG o.s.w.t.h.s.r.b.JettyHttpServer - Starting JettyHttpServer...
17:48:37.444 [Test worker] INFO  o.e.j.s.Server - jetty-9.4.39.v20210325; built: 2021-03-25T14:42:11.471Z; git: 9fc7ca5a922f2a37b84ec9dbc26a5168cee7e667; jvm 1.8.0_181-b13
17:48:37.446 [Test worker] INFO  o.e.j.s.AbstractConnector - Started ServerConnector@5cac61b5{HTTP/1.1, (http/1.1)}{0.0.0.0:52420}
17:48:37.446 [Test worker] INFO  o.e.j.s.Server - Started @84488ms
17:48:37.446 [Test worker] DEBUG o.s.w.t.h.s.r.b.JettyHttpServer - Server started on port 52420(0 millis).
17:48:37.446 [Test worker] DEBUG o.s.w.c.RestTemplate - HTTP POST http://localhost:52420/foos/1
17:48:37.446 [Test worker] DEBUG o.s.w.c.RestTemplate - Accept=[text/plain, application/json, application/x-jackson-smile, application/*+json, */*]
17:48:37.446 [Test worker] DEBUG o.s.w.c.RestTemplate - Writing [{name=[George], age=[5]}] as "application/x-www-form-urlencoded"
17:48:37.449 [qtp1265961820-336] DEBUG o.s.w.s.a.HttpWebHandlerAdapter - [5559b7c4] HTTP POST "/foos/1"
17:48:37.449 [qtp1265961820-336] DEBUG o.s.w.r.r.m.a.RequestMappingHandlerMapping - [5559b7c4] Mapped to org.springframework.web.reactive.result.method.annotation.RequestMappingDataBindingIntegrationTests$TestController#handleForm(Foo, Errors)
17:48:37.457 [qtp1265961820-336] DEBUG o.s.h.c.FormHttpMessageReader - [5559b7c4] Read form fields [name, age] (content masked)
17:48:37.464 [qtp1265961820-336] DEBUG o.s.w.r.r.m.a.ResponseBodyResultHandler - [5559b7c4] Using 'text/plain;charset=UTF-8' given [text/plain] and supported [text/plain;charset=UTF-8, text/event-stream, text/plain;charset=UTF-8, */*]
17:48:37.464 [qtp1265961820-336] DEBUG o.s.w.r.r.m.a.ResponseBodyResultHandler - [5559b7c4] 0..1 [java.lang.String]
17:48:37.464 [qtp1265961820-336] DEBUG o.s.c.c.CharSequenceEncoder - [5559b7c4] Writing "Processed form: Foo[id=1, name='George', age=5]"
17:48:37.464 [qtp1265961820-336] DEBUG o.s.w.s.a.HttpWebHandlerAdapter - [5559b7c4] Completed 200 OK
17:48:37.464 [Test worker] DEBUG o.s.w.c.RestTemplate - Response 200 OK
17:48:37.464 [Test worker] DEBUG o.s.w.c.RestTemplate - Reading to [java.lang.String] as "text/plain;charset=utf-8"
17:48:37.464 [Test worker] DEBUG o.s.w.t.h.s.r.b.JettyHttpServer - Stopping JettyHttpServer...
17:48:37.465 [Test worker] INFO  o.e.j.s.h.ContextHandler - Stopped o.e.j.s.ServletContextHandler@13132e15{/,null,STOPPED}
17:48:37.466 [Test worker] INFO  o.e.j.s.AbstractConnector - Stopped ServerConnector@5cac61b5{HTTP/1.1, (http/1.1)}{0.0.0.0:0}
17:48:37.466 [Test worker] DEBUG o.s.w.t.h.s.r.b.JettyHttpServer - Server stopped (0 millis).
17:48:37.490 [Test worker] DEBUG o.s.w.r.r.m.a.RequestMappingHandlerMapping - 2 mappings in 'requestMappingHandlerMapping'
17:48:37.500 [Test worker] DEBUG o.s.w.r.r.m.a.ControllerMethodResolver - ControllerAdvice beans: none
17:48:37.503 [Test worker] DEBUG o.s.w.s.a.HttpWebHandlerAdapter - enableLoggingRequestDetails='false': form data and headers will be masked to prevent unsafe logging of potentially sensitive data
17:48:37.503 [Test worker] DEBUG o.s.w.t.h.s.r.b.ReactorHttpServer - Starting ReactorHttpServer...
17:48:37.504 [Test worker] DEBUG o.s.w.t.h.s.r.b.ReactorHttpServer - Server started on port 52423(0 millis).
17:48:37.504 [Test worker] DEBUG o.s.w.c.RestTemplate - HTTP POST http://localhost:52423/foos/1
17:48:37.504 [Test worker] DEBUG o.s.w.c.RestTemplate - Accept=[text/plain, application/json, application/x-jackson-smile, application/*+json, */*]
17:48:37.504 [Test worker] DEBUG o.s.w.c.RestTemplate - Writing [{name=[George], age=[5]}] as "application/x-www-form-urlencoded"
17:48:37.506 [reactor-http-nio-7] DEBUG o.s.w.s.a.HttpWebHandlerAdapter - [d1f00619-1, L:/127.0.0.1:52423 - R:/127.0.0.1:52424] HTTP POST "/foos/1"
17:48:37.506 [reactor-http-nio-7] DEBUG o.s.w.r.r.m.a.RequestMappingHandlerMapping - [d1f00619-1, L:/127.0.0.1:52423 - R:/127.0.0.1:52424] Mapped to org.springframework.web.reactive.result.method.annotation.RequestMappingDataBindingIntegrationTests$TestController#handleForm(Foo, Errors)
17:48:37.509 [reactor-http-nio-7] DEBUG o.s.h.c.FormHttpMessageReader - [d1f00619-1, L:/127.0.0.1:52423 - R:/127.0.0.1:52424] Read form fields [name, age] (content masked)
17:48:37.510 [reactor-http-nio-7] DEBUG o.s.w.r.r.m.a.ResponseBodyResultHandler - [d1f00619-1, L:/127.0.0.1:52423 - R:/127.0.0.1:52424] Using 'text/plain;charset=UTF-8' given [text/plain] and supported [text/plain;charset=UTF-8, text/event-stream, text/plain;charset=UTF-8, */*]
17:48:37.510 [reactor-http-nio-7] DEBUG o.s.w.r.r.m.a.ResponseBodyResultHandler - [d1f00619-1, L:/127.0.0.1:52423 - R:/127.0.0.1:52424] 0..1 [java.lang.String]
17:48:37.511 [reactor-http-nio-7] DEBUG o.s.c.c.CharSequenceEncoder - [d1f00619-1, L:/127.0.0.1:52423 - R:/127.0.0.1:52424] Writing "Processed form: Foo[id=1, name='George', age=5]"
17:48:37.511 [reactor-http-nio-7] DEBUG o.s.w.s.a.HttpWebHandlerAdapter - [d1f00619-1, L:/127.0.0.1:52423 - R:/127.0.0.1:52424] Completed 200 OK
17:48:37.511 [Test worker] DEBUG o.s.w.c.RestTemplate - Response 200 OK
17:48:37.512 [Test worker] DEBUG o.s.w.c.RestTemplate - Reading to [java.lang.String] as "text/plain;charset=UTF-8"
17:48:37.512 [Test worker] DEBUG o.s.w.t.h.s.r.b.ReactorHttpServer - Stopping ReactorHttpServer...
17:48:37.512 [Test worker] DEBUG o.s.w.t.h.s.r.b.ReactorHttpServer - Server stopped (0 millis).
17:48:37.536 [Test worker] DEBUG o.s.w.r.r.m.a.RequestMappingHandlerMapping - 2 mappings in 'requestMappingHandlerMapping'
17:48:37.548 [Test worker] DEBUG o.s.w.r.r.m.a.ControllerMethodResolver - ControllerAdvice beans: none
17:48:37.550 [Test worker] DEBUG o.s.w.s.a.HttpWebHandlerAdapter - enableLoggingRequestDetails='false': form data and headers will be masked to prevent unsafe logging of potentially sensitive data
17:48:37.551 [Test worker] DEBUG o.s.w.t.h.s.r.b.TomcatHttpServer - Starting TomcatHttpServer...
17:48:37.557 [Test worker] DEBUG o.s.w.t.h.s.r.b.TomcatHttpServer - Server started on port 52425(0 millis).
17:48:37.557 [Test worker] DEBUG o.s.w.c.RestTemplate - HTTP POST http://localhost:52425/foos/1
17:48:37.557 [Test worker] DEBUG o.s.w.c.RestTemplate - Accept=[text/plain, application/json, application/x-jackson-smile, application/*+json, */*]
17:48:37.557 [Test worker] DEBUG o.s.w.c.RestTemplate - Writing [{name=[George], age=[5]}] as "application/x-www-form-urlencoded"
17:48:37.560 [http-nio-auto-7-exec-1] DEBUG o.s.w.s.a.HttpWebHandlerAdapter - [4e137af6] HTTP POST "/foos/1"
17:48:37.560 [http-nio-auto-7-exec-1] DEBUG o.s.w.r.r.m.a.RequestMappingHandlerMapping - [4e137af6] Mapped to org.springframework.web.reactive.result.method.annotation.RequestMappingDataBindingIntegrationTests$TestController#handleForm(Foo, Errors)
17:48:37.563 [http-nio-auto-7-exec-1] DEBUG o.s.h.c.FormHttpMessageReader - [4e137af6] Read form fields [name, age] (content masked)
17:48:37.563 [http-nio-auto-7-exec-1] DEBUG o.s.w.r.r.m.a.ResponseBodyResultHandler - [4e137af6] Using 'text/plain;charset=UTF-8' given [text/plain] and supported [text/plain;charset=UTF-8, text/event-stream, text/plain;charset=UTF-8, */*]
17:48:37.563 [http-nio-auto-7-exec-1] DEBUG o.s.w.r.r.m.a.ResponseBodyResultHandler - [4e137af6] 0..1 [java.lang.String]
17:48:37.564 [http-nio-auto-7-exec-1] DEBUG o.s.c.c.CharSequenceEncoder - [4e137af6] Writing "Processed form: Foo[id=1, name='George', age=5]"
17:48:37.564 [http-nio-auto-7-exec-1] DEBUG o.s.w.s.a.HttpWebHandlerAdapter - [4e137af6] Completed 200 OK
17:48:37.565 [Test worker] DEBUG o.s.w.c.RestTemplate - Response 200 OK
17:48:37.565 [Test worker] DEBUG o.s.w.c.RestTemplate - Reading to [java.lang.String] as "text/plain;charset=UTF-8"
17:48:37.565 [Test worker] DEBUG o.s.w.t.h.s.r.b.TomcatHttpServer - Stopping TomcatHttpServer...
17:48:48.692 [Test worker] DEBUG o.s.w.t.h.s.r.b.TomcatHttpServer - Server stopped (0 millis).
17:48:48.723 [Test worker] DEBUG o.s.w.r.r.m.a.RequestMappingHandlerMapping - 2 mappings in 'requestMappingHandlerMapping'
17:48:48.733 [Test worker] DEBUG o.s.w.r.r.m.a.ControllerMethodResolver - ControllerAdvice beans: none
17:48:48.735 [Test worker] DEBUG o.s.w.s.a.HttpWebHandlerAdapter - enableLoggingRequestDetails='false': form data and headers will be masked to prevent unsafe logging of potentially sensitive data
17:48:48.735 [Test worker] DEBUG o.s.w.t.h.s.r.b.UndertowHttpServer - Starting UndertowHttpServer...
17:48:48.735 [Test worker] INFO  i.undertow - starting server: Undertow - 2.2.7.Final
17:48:48.739 [Test worker] DEBUG o.s.w.t.h.s.r.b.UndertowHttpServer - Server started on port 52496(0 millis).
17:48:48.739 [Test worker] DEBUG o.s.w.c.RestTemplate - HTTP POST http://localhost:52496/foos/1
17:48:48.739 [Test worker] DEBUG o.s.w.c.RestTemplate - Accept=[text/plain, application/json, application/x-jackson-smile, application/*+json, */*]
17:48:48.739 [Test worker] DEBUG o.s.w.c.RestTemplate - Writing [{name=[George], age=[5]}] as "application/x-www-form-urlencoded"
17:48:48.743 [XNIO-7 I/O-2] DEBUG o.s.w.s.a.HttpWebHandlerAdapter - [6baacd08-7] HTTP POST "/foos/1"
17:48:48.743 [XNIO-7 I/O-2] DEBUG o.s.w.r.r.m.a.RequestMappingHandlerMapping - [6baacd08-7] Mapped to org.springframework.web.reactive.result.method.annotation.RequestMappingDataBindingIntegrationTests$TestController#handleForm(Foo, Errors)
17:48:48.745 [XNIO-7 I/O-2] DEBUG o.s.h.c.FormHttpMessageReader - [6baacd08-7] Read form fields [name, age] (content masked)
17:48:48.747 [XNIO-7 I/O-2] DEBUG o.s.w.r.r.m.a.ResponseBodyResultHandler - [6baacd08-7] Using 'text/plain;charset=UTF-8' given [text/plain] and supported [text/plain;charset=UTF-8, text/event-stream, text/plain;charset=UTF-8, */*]
17:48:48.747 [XNIO-7 I/O-2] DEBUG o.s.w.r.r.m.a.ResponseBodyResultHandler - [6baacd08-7] 0..1 [java.lang.String]
17:48:48.747 [XNIO-7 I/O-2] DEBUG o.s.c.c.CharSequenceEncoder - [6baacd08-7] Writing "Processed form: Foo[id=1, name='George', age=5]"
17:48:48.748 [XNIO-7 I/O-2] DEBUG o.s.w.s.a.HttpWebHandlerAdapter - [6baacd08-7] Completed 200 OK
17:48:48.748 [Test worker] DEBUG o.s.w.c.RestTemplate - Response 200 OK
17:48:48.748 [Test worker] DEBUG o.s.w.c.RestTemplate - Reading to [java.lang.String] as "text/plain;charset=UTF-8"
17:48:48.748 [Test worker] DEBUG o.s.w.t.h.s.r.b.UndertowHttpServer - Stopping UndertowHttpServer...
17:48:48.748 [Test worker] INFO  i.undertow - stopping server: Undertow - 2.2.7.Final
17:48:48.749 [Test worker] DEBUG o.s.w.t.h.s.r.b.UndertowHttpServer - Server stopped (0 millis).
]]></system-out>
  <system-err><![CDATA[]]></system-err>
</testsuite>
