<?xml version="1.0" encoding="UTF-8"?>
<testsuite name="org.springframework.web.reactive.result.method.annotation.MessageWriterResultHandlerTests" tests="7" skipped="0" failures="0" errors="0" timestamp="2021-05-01T09:48:00" hostname="wangweilideMBP.lan" time="0.163">
  <properties/>
  <testcase name="useDefaultContentType()" classname="org.springframework.web.reactive.result.method.annotation.MessageWriterResultHandlerTests" time="0.062"/>
  <testcase name="jacksonTypeWithSubTypeOfListElement()" classname="org.springframework.web.reactive.result.method.annotation.MessageWriterResultHandlerTests" time="0.017"/>
  <testcase name="voidReturnType()" classname="org.springframework.web.reactive.result.method.annotation.MessageWriterResultHandlerTests" time="0.019"/>
  <testcase name="jacksonTypeOfListElement()" classname="org.springframework.web.reactive.result.method.annotation.MessageWriterResultHandlerTests" time="0.018"/>
  <testcase name="jacksonTypeWithSubType()" classname="org.springframework.web.reactive.result.method.annotation.MessageWriterResultHandlerTests" time="0.002"/>
  <testcase name="useDefaultCharset()" classname="org.springframework.web.reactive.result.method.annotation.MessageWriterResultHandlerTests" time="0.001"/>
  <testcase name="unsupportedReturnType()" classname="org.springframework.web.reactive.result.method.annotation.MessageWriterResultHandlerTests" time="0.001"/>
  <system-out><![CDATA[17:48:00.672 [Test worker] DEBUG o.s.w.r.r.m.a.MessageWriterResultHandlerTests$1 - [781ab3e4] Using 'application/octet-stream' given [*/*] and supported [application/octet-stream, */*, application/json, application/*+json, application/x-ndjson]
17:48:00.672 [Test worker] DEBUG o.s.w.r.r.m.a.MessageWriterResultHandlerTests$1 - [781ab3e4] 0..1 [org.springframework.core.io.Resource]
17:48:00.681 [Test worker] DEBUG o.s.h.c.ResourceHttpMessageWriter - [781ab3e4] Resource associated with 'image/png'
17:48:00.683 [Test worker] DEBUG o.s.c.c.ResourceEncoder - [781ab3e4] Writing [class path resource [org/springframework/web/reactive/result/method/annotation/logo.png]]
17:48:00.709 [Test worker] DEBUG o.s.w.r.r.m.a.MessageWriterResultHandlerTests$1 - [52154e39] Using 'application/json' given [*/*] and supported [application/json, application/*+json, application/x-ndjson]
17:48:00.709 [Test worker] DEBUG o.s.w.r.r.m.a.MessageWriterResultHandlerTests$1 - [52154e39] 0..1 [java.util.List<org.springframework.web.reactive.result.method.annotation.MessageWriterResultHandlerTests$Identifiable>]
17:48:00.715 [Test worker] DEBUG o.s.h.c.j.Jackson2JsonEncoder - [52154e39] Encoding [[org.springframework.web.reactive.result.method.annotation.MessageWriterResultHandlerTests$SimpleBea (truncated)...]
17:48:00.755 [Test worker] DEBUG o.s.w.r.r.m.a.MessageWriterResultHandlerTests$1 - [33207769] Using 'application/json' given [*/*] and supported [application/json, application/*+json, application/x-ndjson]
17:48:00.756 [Test worker] DEBUG o.s.w.r.r.m.a.MessageWriterResultHandlerTests$1 - [33207769] 0..1 [java.util.List<org.springframework.web.reactive.result.method.annotation.MessageWriterResultHandlerTests$ParentClass>]
17:48:00.768 [Test worker] DEBUG o.s.h.c.j.Jackson2JsonEncoder - [33207769] Encoding [[org.springframework.web.reactive.result.method.annotation.MessageWriterResultHandlerTests$Foo@1ca69 (truncated)...]
17:48:00.783 [Test worker] DEBUG o.s.w.r.r.m.a.MessageWriterResultHandlerTests$1 - [6b78e2a3] Using 'application/json' given [*/*] and supported [application/json, application/*+json, application/x-ndjson]
17:48:00.783 [Test worker] DEBUG o.s.w.r.r.m.a.MessageWriterResultHandlerTests$1 - [6b78e2a3] 0..1 [org.springframework.web.reactive.result.method.annotation.MessageWriterResultHandlerTests$Identifiable]
17:48:00.784 [Test worker] DEBUG o.s.h.c.j.Jackson2JsonEncoder - [6b78e2a3] Encoding [org.springframework.web.reactive.result.method.annotation.MessageWriterResultHandlerTests$SimpleBean (truncated)...]
17:48:00.791 [Test worker] DEBUG o.s.w.r.r.m.a.MessageWriterResultHandlerTests$1 - [2d7cebfd] Using 'application/json' given [*/*] and supported [application/json]
17:48:00.791 [Test worker] DEBUG o.s.w.r.r.m.a.MessageWriterResultHandlerTests$1 - [2d7cebfd] 0..1 [java.lang.String]
17:48:00.791 [Test worker] DEBUG o.s.c.c.CharSequenceEncoder - [2d7cebfd] Writing "foo"
17:48:00.799 [Test worker] DEBUG o.s.w.r.r.m.a.MessageWriterResultHandlerTests$1 - [11d368c7] No match for [*/*], supported: []
]]></system-out>
  <system-err><![CDATA[]]></system-err>
</testsuite>
