<?xml version="1.0" encoding="UTF-8"?>
<testsuite name="org.springframework.web.reactive.result.method.annotation.MessageReaderArgumentResolverTests" tests="17" skipped="0" failures="0" errors="0" timestamp="2021-05-01T09:51:14" hostname="wangweilideMBP.lan" time="0.175">
  <properties/>
  <testcase name="futureTestBean()" classname="org.springframework.web.reactive.result.method.annotation.MessageReaderArgumentResolverTests" time="0.037"/>
  <testcase name="maybeTestBean()" classname="org.springframework.web.reactive.result.method.annotation.MessageReaderArgumentResolverTests" time="0.006"/>
  <testcase name="observableTestBean()" classname="org.springframework.web.reactive.result.method.annotation.MessageReaderArgumentResolverTests" time="0.012"/>
  <testcase name="emptyBody()" classname="org.springframework.web.reactive.result.method.annotation.MessageReaderArgumentResolverTests" time="0.006"/>
  <testcase name="testBean()" classname="org.springframework.web.reactive.result.method.annotation.MessageReaderArgumentResolverTests" time="0.004"/>
  <testcase name="fluxTestBean()" classname="org.springframework.web.reactive.result.method.annotation.MessageReaderArgumentResolverTests" time="0.011"/>
  <testcase name="flowableTestBean()" classname="org.springframework.web.reactive.result.method.annotation.MessageReaderArgumentResolverTests" time="0.006"/>
  <testcase name="singleTestBean()" classname="org.springframework.web.reactive.result.method.annotation.MessageReaderArgumentResolverTests" time="0.006"/>
  <testcase name="monoTestBean()" classname="org.springframework.web.reactive.result.method.annotation.MessageReaderArgumentResolverTests" time="0.005"/>
  <testcase name="monoList()" classname="org.springframework.web.reactive.result.method.annotation.MessageReaderArgumentResolverTests" time="0.008"/>
  <testcase name="missingContentType()" classname="org.springframework.web.reactive.result.method.annotation.MessageReaderArgumentResolverTests" time="0.005"/>
  <testcase name="map()" classname="org.springframework.web.reactive.result.method.annotation.MessageReaderArgumentResolverTests" time="0.007"/>
  <testcase name="list()" classname="org.springframework.web.reactive.result.method.annotation.MessageReaderArgumentResolverTests" time="0.005"/>
  <testcase name="array()" classname="org.springframework.web.reactive.result.method.annotation.MessageReaderArgumentResolverTests" time="0.012"/>
  <testcase name="parameterizedMethodArgument()" classname="org.springframework.web.reactive.result.method.annotation.MessageReaderArgumentResolverTests" time="0.01"/>
  <testcase name="validateFluxTestBean()" classname="org.springframework.web.reactive.result.method.annotation.MessageReaderArgumentResolverTests" time="0.007"/>
  <testcase name="validateMonoTestBean()" classname="org.springframework.web.reactive.result.method.annotation.MessageReaderArgumentResolverTests" time="0.005"/>
  <system-out><![CDATA[17:51:14.334 [Test worker] DEBUG o.s.w.r.r.m.a.MessageReaderArgumentResolverTests$1 - [206b43c2] Content-Type:application/json
17:51:14.354 [Test worker] DEBUG o.s.w.r.r.m.a.MessageReaderArgumentResolverTests$1 - [206b43c2] 0..1 [org.springframework.web.reactive.result.method.annotation.MessageReaderArgumentResolverTests$TestBean]
17:51:14.366 [Test worker] DEBUG o.s.h.c.j.Jackson2JsonDecoder - [206b43c2] Decoded [TestBean[foo='f1', bar='b1']]
17:51:14.372 [Test worker] DEBUG o.s.w.r.r.m.a.MessageReaderArgumentResolverTests$1 - [6b7d8260] Content-Type:application/json
17:51:14.373 [Test worker] DEBUG o.s.w.r.r.m.a.MessageReaderArgumentResolverTests$1 - [6b7d8260] 0..1 [org.springframework.web.reactive.result.method.annotation.MessageReaderArgumentResolverTests$TestBean]
17:51:14.373 [Test worker] DEBUG o.s.h.c.j.Jackson2JsonDecoder - [6b7d8260] Decoded [TestBean[foo='f1', bar='b1']]
17:51:14.378 [Test worker] DEBUG o.s.w.r.r.m.a.MessageReaderArgumentResolverTests$1 - [16029bc3] Content-Type:application/json
17:51:14.379 [Test worker] DEBUG o.s.w.r.r.m.a.MessageReaderArgumentResolverTests$1 - [16029bc3] 0..N [org.springframework.web.reactive.result.method.annotation.MessageReaderArgumentResolverTests$TestBean]
17:51:14.387 [Test worker] DEBUG o.s.h.c.j.Jackson2JsonDecoder - [16029bc3] Decoded [TestBean[foo='f1', bar='b1']]
17:51:14.387 [Test worker] DEBUG o.s.h.c.j.Jackson2JsonDecoder - [16029bc3] Decoded [TestBean[foo='f2', bar='b2']]
17:51:14.393 [Test worker] DEBUG o.s.w.r.r.m.a.MessageReaderArgumentResolverTests$1 - [3c35a05c] Content-Type:application/json
17:51:14.393 [Test worker] DEBUG o.s.w.r.r.m.a.MessageReaderArgumentResolverTests$1 - [3c35a05c] 0..1 [org.springframework.web.reactive.result.method.annotation.MessageReaderArgumentResolverTests$TestBean]
17:51:14.399 [Test worker] DEBUG o.s.w.r.r.m.a.MessageReaderArgumentResolverTests$1 - [1dca7b5] Content-Type:application/json
17:51:14.399 [Test worker] DEBUG o.s.w.r.r.m.a.MessageReaderArgumentResolverTests$1 - [1dca7b5] 0..1 [org.springframework.web.reactive.result.method.annotation.MessageReaderArgumentResolverTests$TestBean]
17:51:14.399 [Test worker] DEBUG o.s.h.c.j.Jackson2JsonDecoder - [1dca7b5] Decoded [TestBean[foo='f1', bar='b1']]
17:51:14.411 [Test worker] DEBUG o.s.w.r.r.m.a.MessageReaderArgumentResolverTests$1 - [25aa37a5] Content-Type:application/json
17:51:14.411 [Test worker] DEBUG o.s.w.r.r.m.a.MessageReaderArgumentResolverTests$1 - [25aa37a5] 0..N [org.springframework.web.reactive.result.method.annotation.MessageReaderArgumentResolverTests$TestBean]
17:51:14.412 [Test worker] DEBUG o.s.h.c.j.Jackson2JsonDecoder - [25aa37a5] Decoded [TestBean[foo='f1', bar='b1']]
17:51:14.412 [Test worker] DEBUG o.s.h.c.j.Jackson2JsonDecoder - [25aa37a5] Decoded [TestBean[foo='f2', bar='b2']]
17:51:14.418 [Test worker] DEBUG o.s.w.r.r.m.a.MessageReaderArgumentResolverTests$1 - [7b9dcb0a] Content-Type:application/json
17:51:14.418 [Test worker] DEBUG o.s.w.r.r.m.a.MessageReaderArgumentResolverTests$1 - [7b9dcb0a] 0..N [org.springframework.web.reactive.result.method.annotation.MessageReaderArgumentResolverTests$TestBean]
17:51:14.419 [Test worker] DEBUG o.s.h.c.j.Jackson2JsonDecoder - [7b9dcb0a] Decoded [TestBean[foo='f1', bar='b1']]
17:51:14.419 [Test worker] DEBUG o.s.h.c.j.Jackson2JsonDecoder - [7b9dcb0a] Decoded [TestBean[foo='f2', bar='b2']]
17:51:14.426 [Test worker] DEBUG o.s.w.r.r.m.a.MessageReaderArgumentResolverTests$1 - [1a1966c8] Content-Type:application/json
17:51:14.426 [Test worker] DEBUG o.s.w.r.r.m.a.MessageReaderArgumentResolverTests$1 - [1a1966c8] 0..1 [org.springframework.web.reactive.result.method.annotation.MessageReaderArgumentResolverTests$TestBean]
17:51:14.426 [Test worker] DEBUG o.s.h.c.j.Jackson2JsonDecoder - [1a1966c8] Decoded [TestBean[foo='f1', bar='b1']]
17:51:14.432 [Test worker] DEBUG o.s.w.r.r.m.a.MessageReaderArgumentResolverTests$1 - [6966f009] Content-Type:application/json
17:51:14.432 [Test worker] DEBUG o.s.w.r.r.m.a.MessageReaderArgumentResolverTests$1 - [6966f009] 0..1 [org.springframework.web.reactive.result.method.annotation.MessageReaderArgumentResolverTests$TestBean]
17:51:14.432 [Test worker] DEBUG o.s.h.c.j.Jackson2JsonDecoder - [6966f009] Decoded [TestBean[foo='FOOFOO', bar='BARBAR']]
17:51:14.439 [Test worker] DEBUG o.s.w.r.r.m.a.MessageReaderArgumentResolverTests$1 - [3898f4cb] Content-Type:application/json
17:51:14.441 [Test worker] DEBUG o.s.w.r.r.m.a.MessageReaderArgumentResolverTests$1 - [3898f4cb] 0..1 [java.util.List<org.springframework.web.reactive.result.method.annotation.MessageReaderArgumentResolverTests$TestBean>]
17:51:14.442 [Test worker] DEBUG o.s.h.c.j.Jackson2JsonDecoder - [3898f4cb] Decoded [[TestBean[foo='f1', bar='b1'], TestBean[foo='f2', bar='b2']]]
17:51:14.448 [Test worker] DEBUG o.s.w.r.r.m.a.MessageReaderArgumentResolverTests$1 - [5a40ff0f] No Content-Type, using application/octet-stream
17:51:14.455 [Test worker] DEBUG o.s.w.r.r.m.a.MessageReaderArgumentResolverTests$1 - [8a22552] Content-Type:application/json
17:51:14.456 [Test worker] DEBUG o.s.w.r.r.m.a.MessageReaderArgumentResolverTests$1 - [8a22552] 0..1 [java.util.Map<java.lang.String, java.lang.String>]
17:51:14.458 [Test worker] DEBUG o.s.h.c.j.Jackson2JsonDecoder - [8a22552] Decoded [{bar=b1, foo=f1}]
17:51:14.463 [Test worker] DEBUG o.s.w.r.r.m.a.MessageReaderArgumentResolverTests$1 - [4655e403] Content-Type:application/json
17:51:14.463 [Test worker] DEBUG o.s.w.r.r.m.a.MessageReaderArgumentResolverTests$1 - [4655e403] 0..1 [java.util.List<org.springframework.web.reactive.result.method.annotation.MessageReaderArgumentResolverTests$TestBean>]
17:51:14.464 [Test worker] DEBUG o.s.h.c.j.Jackson2JsonDecoder - [4655e403] Decoded [[TestBean[foo='f1', bar='b1'], TestBean[foo='f2', bar='b2']]]
17:51:14.470 [Test worker] DEBUG o.s.w.r.r.m.a.MessageReaderArgumentResolverTests$1 - [7c834c26] Content-Type:application/json
17:51:14.470 [Test worker] DEBUG o.s.w.r.r.m.a.MessageReaderArgumentResolverTests$1 - [7c834c26] 0..1 [org.springframework.web.reactive.result.method.annotation.MessageReaderArgumentResolverTests$TestBean[]]
17:51:14.472 [Test worker] DEBUG o.s.h.c.j.Jackson2JsonDecoder - [7c834c26] Decoded [[Lorg.springframework.web.reactive.result.method.annotation.MessageReaderArgumentResolverTests$TestB (truncated)...]
17:51:14.483 [Test worker] DEBUG o.s.w.r.r.m.a.MessageReaderArgumentResolverTests$1 - [42e2c69c] Content-Type:application/json
17:51:14.484 [Test worker] DEBUG o.s.w.r.r.m.a.MessageReaderArgumentResolverTests$1 - [42e2c69c] 0..1 [org.springframework.web.reactive.result.method.annotation.MessageReaderArgumentResolverTests$SimpleBean]
17:51:14.488 [Test worker] DEBUG o.s.h.c.j.Jackson2JsonDecoder - [42e2c69c] Decoded [org.springframework.web.reactive.result.method.annotation.MessageReaderArgumentResolverTests$SimpleB (truncated)...]
17:51:14.495 [Test worker] DEBUG o.s.w.r.r.m.a.MessageReaderArgumentResolverTests$1 - [71e68b73] Content-Type:application/json
17:51:14.495 [Test worker] DEBUG o.s.w.r.r.m.a.MessageReaderArgumentResolverTests$1 - [71e68b73] 0..N [org.springframework.web.reactive.result.method.annotation.MessageReaderArgumentResolverTests$TestBean]
17:51:14.495 [Test worker] DEBUG o.s.h.c.j.Jackson2JsonDecoder - [71e68b73] Decoded [TestBean[foo='f1', bar='b1']]
17:51:14.495 [Test worker] DEBUG o.s.h.c.j.Jackson2JsonDecoder - [71e68b73] Decoded [TestBean[foo='null', bar='b2']]
17:51:14.503 [Test worker] DEBUG o.s.w.r.r.m.a.MessageReaderArgumentResolverTests$1 - [64bcda23] Content-Type:application/json
17:51:14.504 [Test worker] DEBUG o.s.w.r.r.m.a.MessageReaderArgumentResolverTests$1 - [64bcda23] 0..1 [org.springframework.web.reactive.result.method.annotation.MessageReaderArgumentResolverTests$TestBean]
17:51:14.504 [Test worker] DEBUG o.s.h.c.j.Jackson2JsonDecoder - [64bcda23] Decoded [TestBean[foo='null', bar='b1']]
]]></system-out>
  <system-err><![CDATA[]]></system-err>
</testsuite>
