<?xml version="1.0" encoding="UTF-8"?>
<testsuite name="org.springframework.web.reactive.result.view.freemarker.FreeMarkerMacroTests" tests="27" skipped="0" failures="0" errors="0" timestamp="2021-04-26T08:31:58" hostname="wangweilideMacBook-Pro.local" time="1.795">
  <properties/>
  <testcase name="formSingleSelectFromList()" classname="org.springframework.web.reactive.result.view.freemarker.FreeMarkerMacroTests" time="0.956"/>
  <testcase name="formInputText()" classname="org.springframework.web.reactive.result.view.freemarker.FreeMarkerMacroTests" time="0.042"/>
  <testcase name="formMultiSelect()" classname="org.springframework.web.reactive.result.view.freemarker.FreeMarkerMacroTests" time="0.034"/>
  <testcase name="formInputWithCss()" classname="org.springframework.web.reactive.result.view.freemarker.FreeMarkerMacroTests" time="0.025"/>
  <testcase name="formRadioButtons()" classname="org.springframework.web.reactive.result.view.freemarker.FreeMarkerMacroTests" time="0.031"/>
  <testcase name="springMacroRequestContextIsAutomaticallyExposedAsModelAttribute()" classname="org.springframework.web.reactive.result.view.freemarker.FreeMarkerMacroTests" time="0.034"/>
  <testcase name="defaultMessage()" classname="org.springframework.web.reactive.result.view.freemarker.FreeMarkerMacroTests" time="0.021"/>
  <testcase name="formCheckboxForStringArray()" classname="org.springframework.web.reactive.result.view.freemarker.FreeMarkerMacroTests" time="0.03"/>
  <testcase name="formInputPassword()" classname="org.springframework.web.reactive.result.view.freemarker.FreeMarkerMacroTests" time="0.025"/>
  <testcase name="formCheckboxForBooleanProperty()" classname="org.springframework.web.reactive.result.view.freemarker.FreeMarkerMacroTests" time="0.024"/>
  <testcase name="formCheckboxForStringProperty()" classname="org.springframework.web.reactive.result.view.freemarker.FreeMarkerMacroTests" time="0.016"/>
  <testcase name="messageArgs()" classname="org.springframework.web.reactive.result.view.freemarker.FreeMarkerMacroTests" time="0.017"/>
  <testcase name="formCheckboxForNestedPath()" classname="org.springframework.web.reactive.result.view.freemarker.FreeMarkerMacroTests" time="0.02"/>
  <testcase name="urlParams()" classname="org.springframework.web.reactive.result.view.freemarker.FreeMarkerMacroTests" time="0.021"/>
  <testcase name="age()" classname="org.springframework.web.reactive.result.view.freemarker.FreeMarkerMacroTests" time="0.017"/>
  <testcase name="url()" classname="org.springframework.web.reactive.result.view.freemarker.FreeMarkerMacroTests" time="0.013"/>
  <testcase name="name()" classname="org.springframework.web.reactive.result.view.freemarker.FreeMarkerMacroTests" time="0.018"/>
  <testcase name="formSingleSelectFromMap()" classname="org.springframework.web.reactive.result.view.freemarker.FreeMarkerMacroTests" time="0.018"/>
  <testcase name="formTextareaWithCustomRowsAndColumns()" classname="org.springframework.web.reactive.result.view.freemarker.FreeMarkerMacroTests" time="0.02"/>
  <testcase name="message()" classname="org.springframework.web.reactive.result.view.freemarker.FreeMarkerMacroTests" time="0.013"/>
  <testcase name="forInputWithNestedPath()" classname="org.springframework.web.reactive.result.view.freemarker.FreeMarkerMacroTests" time="0.014"/>
  <testcase name="formTextarea()" classname="org.springframework.web.reactive.result.view.freemarker.FreeMarkerMacroTests" time="0.015"/>
  <testcase name="messageArgsWithDefaultMessage()" classname="org.springframework.web.reactive.result.view.freemarker.FreeMarkerMacroTests" time="0.016"/>
  <testcase name="formPasswordInput()" classname="org.springframework.web.reactive.result.view.freemarker.FreeMarkerMacroTests" time="0.019"/>
  <testcase name="formHiddenInput()" classname="org.springframework.web.reactive.result.view.freemarker.FreeMarkerMacroTests" time="0.016"/>
  <testcase name="formInput()" classname="org.springframework.web.reactive.result.view.freemarker.FreeMarkerMacroTests" time="0.016"/>
  <testcase name="formInputHidden()" classname="org.springframework.web.reactive.result.view.freemarker.FreeMarkerMacroTests" time="0.013"/>
  <system-out><![CDATA[16:31:58.956 [Test worker] DEBUG o.s.w.r.r.v.f.FreeMarkerConfigurer - Template loader path [class path resource []] resolved to file path [/Users/wangweili/Documents/MyDesign/learning/msb-source/msb-spring/spring-webflux/build/classes/java/test]
16:31:58.958 [Test worker] DEBUG o.s.w.r.r.v.f.FreeMarkerConfigurer - Template loader path [URL [file:/var/folders/gm/wxj0g0cx0dbf978gx7941f440000gn/T/]] resolved to file path [/var/folders/gm/wxj0g0cx0dbf978gx7941f440000gn/T]
16:31:58.968 [Test worker] DEBUG o.s.w.r.r.v.f.FreeMarkerView - [5baecdc9] View name 'myView', model {command=Darren, springMacroRequestContext=org.springframework.web.reactive.result.view.DummyMacroRequestContext@65c41c0, msgArgs=[Ljava.lang.Object;@7fd7ecc4, nameOptionMap={Rob&Harrop=Rob Harrop, Darren=Darren Davison, John=John Doe, Fred=Fred Bloggs}, options=[Rob Harrop, Darren Davison, John Doe, Fred Bloggs]}
16:31:58.981 [Test worker] DEBUG o.s.w.r.r.v.f.FreeMarkerView - [5baecdc9] Rendering [tmp.ftl]
16:31:59.459 [Test worker] DEBUG o.s.w.r.r.v.f.FreeMarkerConfigurer - Template loader path [class path resource []] resolved to file path [/Users/wangweili/Documents/MyDesign/learning/msb-source/msb-spring/spring-webflux/build/classes/java/test]
16:31:59.459 [Test worker] DEBUG o.s.w.r.r.v.f.FreeMarkerConfigurer - Template loader path [URL [file:/var/folders/gm/wxj0g0cx0dbf978gx7941f440000gn/T/]] resolved to file path [/var/folders/gm/wxj0g0cx0dbf978gx7941f440000gn/T]
16:31:59.462 [Test worker] DEBUG o.s.w.r.r.v.f.FreeMarkerView - [13200ff8] View name 'myView', model {command=Darren, springMacroRequestContext=org.springframework.web.reactive.result.view.DummyMacroRequestContext@4c0eb705, msgArgs=[Ljava.lang.Object;@5fc22eb3, nameOptionMap={Rob&Harrop=Rob Harrop, Darren=Darren Davison, John=John Doe, Fred=Fred Bloggs}, options=[Rob Harrop, Darren Davison, John Doe, Fred Bloggs]}
16:31:59.463 [Test worker] DEBUG o.s.w.r.r.v.f.FreeMarkerView - [13200ff8] Rendering [tmp.ftl]
16:31:59.513 [Test worker] DEBUG o.s.w.r.r.v.f.FreeMarkerConfigurer - Template loader path [class path resource []] resolved to file path [/Users/wangweili/Documents/MyDesign/learning/msb-source/msb-spring/spring-webflux/build/classes/java/test]
16:31:59.513 [Test worker] DEBUG o.s.w.r.r.v.f.FreeMarkerConfigurer - Template loader path [URL [file:/var/folders/gm/wxj0g0cx0dbf978gx7941f440000gn/T/]] resolved to file path [/var/folders/gm/wxj0g0cx0dbf978gx7941f440000gn/T]
16:31:59.515 [Test worker] DEBUG o.s.w.r.r.v.f.FreeMarkerView - [3ef5ab4e] View name 'myView', model {command=Darren, springMacroRequestContext=org.springframework.web.reactive.result.view.DummyMacroRequestContext@6227c85d, msgArgs=[Ljava.lang.Object;@711bb08c, nameOptionMap={Rob&Harrop=Rob Harrop, Darren=Darren Davison, John=John Doe, Fred=Fred Bloggs}, options=[Rob Harrop, Darren Davison, John Doe, Fred Bloggs]}
16:31:59.516 [Test worker] DEBUG o.s.w.r.r.v.f.FreeMarkerView - [3ef5ab4e] Rendering [tmp.ftl]
16:31:59.559 [Test worker] DEBUG o.s.w.r.r.v.f.FreeMarkerConfigurer - Template loader path [class path resource []] resolved to file path [/Users/wangweili/Documents/MyDesign/learning/msb-source/msb-spring/spring-webflux/build/classes/java/test]
16:31:59.559 [Test worker] DEBUG o.s.w.r.r.v.f.FreeMarkerConfigurer - Template loader path [URL [file:/var/folders/gm/wxj0g0cx0dbf978gx7941f440000gn/T/]] resolved to file path [/var/folders/gm/wxj0g0cx0dbf978gx7941f440000gn/T]
16:31:59.561 [Test worker] DEBUG o.s.w.r.r.v.f.FreeMarkerView - [4a65bd01] View name 'myView', model {command=Darren, springMacroRequestContext=org.springframework.web.reactive.result.view.DummyMacroRequestContext@52622680, msgArgs=[Ljava.lang.Object;@35080478, nameOptionMap={Rob&Harrop=Rob Harrop, Darren=Darren Davison, John=John Doe, Fred=Fred Bloggs}, options=[Rob Harrop, Darren Davison, John Doe, Fred Bloggs]}
16:31:59.561 [Test worker] DEBUG o.s.w.r.r.v.f.FreeMarkerView - [4a65bd01] Rendering [tmp.ftl]
16:31:59.597 [Test worker] DEBUG o.s.w.r.r.v.f.FreeMarkerConfigurer - Template loader path [class path resource []] resolved to file path [/Users/wangweili/Documents/MyDesign/learning/msb-source/msb-spring/spring-webflux/build/classes/java/test]
16:31:59.598 [Test worker] DEBUG o.s.w.r.r.v.f.FreeMarkerConfigurer - Template loader path [URL [file:/var/folders/gm/wxj0g0cx0dbf978gx7941f440000gn/T/]] resolved to file path [/var/folders/gm/wxj0g0cx0dbf978gx7941f440000gn/T]
16:31:59.599 [Test worker] DEBUG o.s.w.r.r.v.f.FreeMarkerView - [224a2858] View name 'myView', model {command=Darren, springMacroRequestContext=org.springframework.web.reactive.result.view.DummyMacroRequestContext@686ae5a7, msgArgs=[Ljava.lang.Object;@1b91081a, nameOptionMap={Rob&Harrop=Rob Harrop, Darren=Darren Davison, John=John Doe, Fred=Fred Bloggs}, options=[Rob Harrop, Darren Davison, John Doe, Fred Bloggs]}
16:31:59.600 [Test worker] DEBUG o.s.w.r.r.v.f.FreeMarkerView - [224a2858] Rendering [tmp.ftl]
16:31:59.645 [Test worker] DEBUG o.s.w.r.r.v.f.FreeMarkerConfigurer - Template loader path [class path resource []] resolved to file path [/Users/wangweili/Documents/MyDesign/learning/msb-source/msb-spring/spring-webflux/build/classes/java/test]
16:31:59.645 [Test worker] DEBUG o.s.w.r.r.v.f.FreeMarkerConfigurer - Template loader path [URL [file:/var/folders/gm/wxj0g0cx0dbf978gx7941f440000gn/T/]] resolved to file path [/var/folders/gm/wxj0g0cx0dbf978gx7941f440000gn/T]
16:31:59.646 [Test worker] DEBUG o.s.w.r.r.v.f.FreeMarkerMacroTests$1 - [415c6a9c] View name 'myView', model {testBean=Dilbert}
16:31:59.648 [Test worker] DEBUG o.s.w.r.r.v.f.FreeMarkerMacroTests$1 - [415c6a9c] Rendering [tmp.ftl]
16:31:59.693 [Test worker] DEBUG o.s.w.r.r.v.f.FreeMarkerConfigurer - Template loader path [class path resource []] resolved to file path [/Users/wangweili/Documents/MyDesign/learning/msb-source/msb-spring/spring-webflux/build/classes/java/test]
16:31:59.693 [Test worker] DEBUG o.s.w.r.r.v.f.FreeMarkerConfigurer - Template loader path [URL [file:/var/folders/gm/wxj0g0cx0dbf978gx7941f440000gn/T/]] resolved to file path [/var/folders/gm/wxj0g0cx0dbf978gx7941f440000gn/T]
16:31:59.695 [Test worker] DEBUG o.s.w.r.r.v.f.FreeMarkerView - [4430309d] View name 'myView', model {command=Darren, springMacroRequestContext=org.springframework.web.reactive.result.view.DummyMacroRequestContext@31b4da83, msgArgs=[Ljava.lang.Object;@74c5b0f0, nameOptionMap={Rob&Harrop=Rob Harrop, Darren=Darren Davison, John=John Doe, Fred=Fred Bloggs}, options=[Rob Harrop, Darren Davison, John Doe, Fred Bloggs]}
16:31:59.695 [Test worker] DEBUG o.s.w.r.r.v.f.FreeMarkerView - [4430309d] Rendering [tmp.ftl]
16:31:59.726 [Test worker] DEBUG o.s.w.r.r.v.f.FreeMarkerConfigurer - Template loader path [class path resource []] resolved to file path [/Users/wangweili/Documents/MyDesign/learning/msb-source/msb-spring/spring-webflux/build/classes/java/test]
16:31:59.727 [Test worker] DEBUG o.s.w.r.r.v.f.FreeMarkerConfigurer - Template loader path [URL [file:/var/folders/gm/wxj0g0cx0dbf978gx7941f440000gn/T/]] resolved to file path [/var/folders/gm/wxj0g0cx0dbf978gx7941f440000gn/T]
16:31:59.728 [Test worker] DEBUG o.s.w.r.r.v.f.FreeMarkerView - [30b49687] View name 'myView', model {command=Darren, springMacroRequestContext=org.springframework.web.reactive.result.view.DummyMacroRequestContext@5c34cafa, msgArgs=[Ljava.lang.Object;@48a07f55, nameOptionMap={Rob&Harrop=Rob Harrop, Darren=Darren Davison, John=John Doe, Fred=Fred Bloggs}, options=[Rob Harrop, Darren Davison, John Doe, Fred Bloggs]}
16:31:59.729 [Test worker] DEBUG o.s.w.r.r.v.f.FreeMarkerView - [30b49687] Rendering [tmp.ftl]
16:31:59.767 [Test worker] DEBUG o.s.w.r.r.v.f.FreeMarkerConfigurer - Template loader path [class path resource []] resolved to file path [/Users/wangweili/Documents/MyDesign/learning/msb-source/msb-spring/spring-webflux/build/classes/java/test]
16:31:59.768 [Test worker] DEBUG o.s.w.r.r.v.f.FreeMarkerConfigurer - Template loader path [URL [file:/var/folders/gm/wxj0g0cx0dbf978gx7941f440000gn/T/]] resolved to file path [/var/folders/gm/wxj0g0cx0dbf978gx7941f440000gn/T]
16:31:59.770 [Test worker] DEBUG o.s.w.r.r.v.f.FreeMarkerView - [5ef5cdda] View name 'myView', model {command=Darren, springMacroRequestContext=org.springframework.web.reactive.result.view.DummyMacroRequestContext@71bad0d3, msgArgs=[Ljava.lang.Object;@1514823, nameOptionMap={Rob&Harrop=Rob Harrop, Darren=Darren Davison, John=John Doe, Fred=Fred Bloggs}, options=[Rob Harrop, Darren Davison, John Doe, Fred Bloggs]}
16:31:59.770 [Test worker] DEBUG o.s.w.r.r.v.f.FreeMarkerView - [5ef5cdda] Rendering [tmp.ftl]
16:31:59.800 [Test worker] DEBUG o.s.w.r.r.v.f.FreeMarkerConfigurer - Template loader path [class path resource []] resolved to file path [/Users/wangweili/Documents/MyDesign/learning/msb-source/msb-spring/spring-webflux/build/classes/java/test]
16:31:59.801 [Test worker] DEBUG o.s.w.r.r.v.f.FreeMarkerConfigurer - Template loader path [URL [file:/var/folders/gm/wxj0g0cx0dbf978gx7941f440000gn/T/]] resolved to file path [/var/folders/gm/wxj0g0cx0dbf978gx7941f440000gn/T]
16:31:59.803 [Test worker] DEBUG o.s.w.r.r.v.f.FreeMarkerView - [c4cd77e] View name 'myView', model {command=Darren, springMacroRequestContext=org.springframework.web.reactive.result.view.DummyMacroRequestContext@5b1074ad, msgArgs=[Ljava.lang.Object;@318daf96, nameOptionMap={Rob&Harrop=Rob Harrop, Darren=Darren Davison, John=John Doe, Fred=Fred Bloggs}, options=[Rob Harrop, Darren Davison, John Doe, Fred Bloggs]}
16:31:59.804 [Test worker] DEBUG o.s.w.r.r.v.f.FreeMarkerView - [c4cd77e] Rendering [tmp.ftl]
16:31:59.833 [Test worker] DEBUG o.s.w.r.r.v.f.FreeMarkerConfigurer - Template loader path [class path resource []] resolved to file path [/Users/wangweili/Documents/MyDesign/learning/msb-source/msb-spring/spring-webflux/build/classes/java/test]
16:31:59.834 [Test worker] DEBUG o.s.w.r.r.v.f.FreeMarkerConfigurer - Template loader path [URL [file:/var/folders/gm/wxj0g0cx0dbf978gx7941f440000gn/T/]] resolved to file path [/var/folders/gm/wxj0g0cx0dbf978gx7941f440000gn/T]
16:31:59.835 [Test worker] DEBUG o.s.w.r.r.v.f.FreeMarkerView - [1c5bc10e] View name 'myView', model {command=Darren, springMacroRequestContext=org.springframework.web.reactive.result.view.DummyMacroRequestContext@1e4d30ae, msgArgs=[Ljava.lang.Object;@5c5cd1d8, nameOptionMap={Rob&Harrop=Rob Harrop, Darren=Darren Davison, John=John Doe, Fred=Fred Bloggs}, options=[Rob Harrop, Darren Davison, John Doe, Fred Bloggs]}
16:31:59.835 [Test worker] DEBUG o.s.w.r.r.v.f.FreeMarkerView - [1c5bc10e] Rendering [tmp.ftl]
16:31:59.860 [Test worker] DEBUG o.s.w.r.r.v.f.FreeMarkerConfigurer - Template loader path [class path resource []] resolved to file path [/Users/wangweili/Documents/MyDesign/learning/msb-source/msb-spring/spring-webflux/build/classes/java/test]
16:31:59.861 [Test worker] DEBUG o.s.w.r.r.v.f.FreeMarkerConfigurer - Template loader path [URL [file:/var/folders/gm/wxj0g0cx0dbf978gx7941f440000gn/T/]] resolved to file path [/var/folders/gm/wxj0g0cx0dbf978gx7941f440000gn/T]
16:31:59.862 [Test worker] DEBUG o.s.w.r.r.v.f.FreeMarkerView - [4f838769] View name 'myView', model {command=Darren, springMacroRequestContext=org.springframework.web.reactive.result.view.DummyMacroRequestContext@50045f8d, msgArgs=[Ljava.lang.Object;@36f222b, nameOptionMap={Rob&Harrop=Rob Harrop, Darren=Darren Davison, John=John Doe, Fred=Fred Bloggs}, options=[Rob Harrop, Darren Davison, John Doe, Fred Bloggs]}
16:31:59.863 [Test worker] DEBUG o.s.w.r.r.v.f.FreeMarkerView - [4f838769] Rendering [tmp.ftl]
16:31:59.889 [Test worker] DEBUG o.s.w.r.r.v.f.FreeMarkerConfigurer - Template loader path [class path resource []] resolved to file path [/Users/wangweili/Documents/MyDesign/learning/msb-source/msb-spring/spring-webflux/build/classes/java/test]
16:31:59.889 [Test worker] DEBUG o.s.w.r.r.v.f.FreeMarkerConfigurer - Template loader path [URL [file:/var/folders/gm/wxj0g0cx0dbf978gx7941f440000gn/T/]] resolved to file path [/var/folders/gm/wxj0g0cx0dbf978gx7941f440000gn/T]
16:31:59.890 [Test worker] DEBUG o.s.w.r.r.v.f.FreeMarkerView - [280ef5dd] View name 'myView', model {command=Darren, springMacroRequestContext=org.springframework.web.reactive.result.view.DummyMacroRequestContext@418eec4d, msgArgs=[Ljava.lang.Object;@1e7159bc, nameOptionMap={Rob&Harrop=Rob Harrop, Darren=Darren Davison, John=John Doe, Fred=Fred Bloggs}, options=[Rob Harrop, Darren Davison, John Doe, Fred Bloggs]}
16:31:59.891 [Test worker] DEBUG o.s.w.r.r.v.f.FreeMarkerView - [280ef5dd] Rendering [tmp.ftl]
16:31:59.922 [Test worker] DEBUG o.s.w.r.r.v.f.FreeMarkerConfigurer - Template loader path [class path resource []] resolved to file path [/Users/wangweili/Documents/MyDesign/learning/msb-source/msb-spring/spring-webflux/build/classes/java/test]
16:31:59.922 [Test worker] DEBUG o.s.w.r.r.v.f.FreeMarkerConfigurer - Template loader path [URL [file:/var/folders/gm/wxj0g0cx0dbf978gx7941f440000gn/T/]] resolved to file path [/var/folders/gm/wxj0g0cx0dbf978gx7941f440000gn/T]
16:31:59.924 [Test worker] DEBUG o.s.w.r.r.v.f.FreeMarkerView - [269da5a7] View name 'myView', model {command=Darren, springMacroRequestContext=org.springframework.web.reactive.result.view.DummyMacroRequestContext@2a1c4b77, msgArgs=[Ljava.lang.Object;@61e7630e, nameOptionMap={Rob&Harrop=Rob Harrop, Darren=Darren Davison, John=John Doe, Fred=Fred Bloggs}, options=[Rob Harrop, Darren Davison, John Doe, Fred Bloggs]}
16:31:59.924 [Test worker] DEBUG o.s.w.r.r.v.f.FreeMarkerView - [269da5a7] Rendering [tmp.ftl]
16:31:59.953 [Test worker] DEBUG o.s.w.r.r.v.f.FreeMarkerConfigurer - Template loader path [class path resource []] resolved to file path [/Users/wangweili/Documents/MyDesign/learning/msb-source/msb-spring/spring-webflux/build/classes/java/test]
16:31:59.953 [Test worker] DEBUG o.s.w.r.r.v.f.FreeMarkerConfigurer - Template loader path [URL [file:/var/folders/gm/wxj0g0cx0dbf978gx7941f440000gn/T/]] resolved to file path [/var/folders/gm/wxj0g0cx0dbf978gx7941f440000gn/T]
16:31:59.955 [Test worker] DEBUG o.s.w.r.r.v.f.FreeMarkerView - [2f1876f] View name 'myView', model {command=Darren, springMacroRequestContext=org.springframework.web.reactive.result.view.DummyMacroRequestContext@749f6333, msgArgs=[Ljava.lang.Object;@7a5b5830, nameOptionMap={Rob&Harrop=Rob Harrop, Darren=Darren Davison, John=John Doe, Fred=Fred Bloggs}, options=[Rob Harrop, Darren Davison, John Doe, Fred Bloggs]}
16:31:59.956 [Test worker] DEBUG o.s.w.r.r.v.f.FreeMarkerView - [2f1876f] Rendering [tmp.ftl]
16:31:59.979 [Test worker] DEBUG o.s.w.r.r.v.f.FreeMarkerConfigurer - Template loader path [class path resource []] resolved to file path [/Users/wangweili/Documents/MyDesign/learning/msb-source/msb-spring/spring-webflux/build/classes/java/test]
16:31:59.980 [Test worker] DEBUG o.s.w.r.r.v.f.FreeMarkerConfigurer - Template loader path [URL [file:/var/folders/gm/wxj0g0cx0dbf978gx7941f440000gn/T/]] resolved to file path [/var/folders/gm/wxj0g0cx0dbf978gx7941f440000gn/T]
16:31:59.981 [Test worker] DEBUG o.s.w.r.r.v.f.FreeMarkerView - [1cb837c4] View name 'myView', model {command=Darren, springMacroRequestContext=org.springframework.web.reactive.result.view.DummyMacroRequestContext@6b0b9c7d, msgArgs=[Ljava.lang.Object;@4e5ede8a, nameOptionMap={Rob&Harrop=Rob Harrop, Darren=Darren Davison, John=John Doe, Fred=Fred Bloggs}, options=[Rob Harrop, Darren Davison, John Doe, Fred Bloggs]}
16:31:59.981 [Test worker] DEBUG o.s.w.r.r.v.f.FreeMarkerView - [1cb837c4] Rendering [tmp.ftl]
16:32:00.014 [Test worker] DEBUG o.s.w.r.r.v.f.FreeMarkerConfigurer - Template loader path [class path resource []] resolved to file path [/Users/wangweili/Documents/MyDesign/learning/msb-source/msb-spring/spring-webflux/build/classes/java/test]
16:32:00.014 [Test worker] DEBUG o.s.w.r.r.v.f.FreeMarkerConfigurer - Template loader path [URL [file:/var/folders/gm/wxj0g0cx0dbf978gx7941f440000gn/T/]] resolved to file path [/var/folders/gm/wxj0g0cx0dbf978gx7941f440000gn/T]
16:32:00.016 [Test worker] DEBUG o.s.w.r.r.v.f.FreeMarkerView - [55c5330d] View name 'myView', model {command=Darren, springMacroRequestContext=org.springframework.web.reactive.result.view.DummyMacroRequestContext@24150aa3, msgArgs=[Ljava.lang.Object;@58b40877, nameOptionMap={Rob&Harrop=Rob Harrop, Darren=Darren Davison, John=John Doe, Fred=Fred Bloggs}, options=[Rob Harrop, Darren Davison, John Doe, Fred Bloggs]}
16:32:00.016 [Test worker] DEBUG o.s.w.r.r.v.f.FreeMarkerView - [55c5330d] Rendering [tmp.ftl]
16:32:00.040 [Test worker] DEBUG o.s.w.r.r.v.f.FreeMarkerConfigurer - Template loader path [class path resource []] resolved to file path [/Users/wangweili/Documents/MyDesign/learning/msb-source/msb-spring/spring-webflux/build/classes/java/test]
16:32:00.040 [Test worker] DEBUG o.s.w.r.r.v.f.FreeMarkerConfigurer - Template loader path [URL [file:/var/folders/gm/wxj0g0cx0dbf978gx7941f440000gn/T/]] resolved to file path [/var/folders/gm/wxj0g0cx0dbf978gx7941f440000gn/T]
16:32:00.041 [Test worker] DEBUG o.s.w.r.r.v.f.FreeMarkerView - [1ccc1a71] View name 'myView', model {command=Darren, springMacroRequestContext=org.springframework.web.reactive.result.view.DummyMacroRequestContext@46f134d2, msgArgs=[Ljava.lang.Object;@3a92a1ef, nameOptionMap={Rob&Harrop=Rob Harrop, Darren=Darren Davison, John=John Doe, Fred=Fred Bloggs}, options=[Rob Harrop, Darren Davison, John Doe, Fred Bloggs]}
16:32:00.042 [Test worker] DEBUG o.s.w.r.r.v.f.FreeMarkerView - [1ccc1a71] Rendering [tmp.ftl]
16:32:00.072 [Test worker] DEBUG o.s.w.r.r.v.f.FreeMarkerConfigurer - Template loader path [class path resource []] resolved to file path [/Users/wangweili/Documents/MyDesign/learning/msb-source/msb-spring/spring-webflux/build/classes/java/test]
16:32:00.072 [Test worker] DEBUG o.s.w.r.r.v.f.FreeMarkerConfigurer - Template loader path [URL [file:/var/folders/gm/wxj0g0cx0dbf978gx7941f440000gn/T/]] resolved to file path [/var/folders/gm/wxj0g0cx0dbf978gx7941f440000gn/T]
16:32:00.074 [Test worker] DEBUG o.s.w.r.r.v.f.FreeMarkerView - [360e4dc8] View name 'myView', model {command=Darren, springMacroRequestContext=org.springframework.web.reactive.result.view.DummyMacroRequestContext@2991a342, msgArgs=[Ljava.lang.Object;@6db5dbb5, nameOptionMap={Rob&Harrop=Rob Harrop, Darren=Darren Davison, John=John Doe, Fred=Fred Bloggs}, options=[Rob Harrop, Darren Davison, John Doe, Fred Bloggs]}
16:32:00.074 [Test worker] DEBUG o.s.w.r.r.v.f.FreeMarkerView - [360e4dc8] Rendering [tmp.ftl]
16:32:00.095 [Test worker] DEBUG o.s.w.r.r.v.f.FreeMarkerConfigurer - Template loader path [class path resource []] resolved to file path [/Users/wangweili/Documents/MyDesign/learning/msb-source/msb-spring/spring-webflux/build/classes/java/test]
16:32:00.096 [Test worker] DEBUG o.s.w.r.r.v.f.FreeMarkerConfigurer - Template loader path [URL [file:/var/folders/gm/wxj0g0cx0dbf978gx7941f440000gn/T/]] resolved to file path [/var/folders/gm/wxj0g0cx0dbf978gx7941f440000gn/T]
16:32:00.097 [Test worker] DEBUG o.s.w.r.r.v.f.FreeMarkerView - [30460ed7] View name 'myView', model {command=Darren, springMacroRequestContext=org.springframework.web.reactive.result.view.DummyMacroRequestContext@3257e0ff, msgArgs=[Ljava.lang.Object;@32e760d4, nameOptionMap={Rob&Harrop=Rob Harrop, Darren=Darren Davison, John=John Doe, Fred=Fred Bloggs}, options=[Rob Harrop, Darren Davison, John Doe, Fred Bloggs]}
16:32:00.097 [Test worker] DEBUG o.s.w.r.r.v.f.FreeMarkerView - [30460ed7] Rendering [tmp.ftl]
16:32:00.116 [Test worker] DEBUG o.s.w.r.r.v.f.FreeMarkerConfigurer - Template loader path [class path resource []] resolved to file path [/Users/wangweili/Documents/MyDesign/learning/msb-source/msb-spring/spring-webflux/build/classes/java/test]
16:32:00.116 [Test worker] DEBUG o.s.w.r.r.v.f.FreeMarkerConfigurer - Template loader path [URL [file:/var/folders/gm/wxj0g0cx0dbf978gx7941f440000gn/T/]] resolved to file path [/var/folders/gm/wxj0g0cx0dbf978gx7941f440000gn/T]
16:32:00.117 [Test worker] DEBUG o.s.w.r.r.v.f.FreeMarkerView - [6a0ed6ac] View name 'myView', model {command=Darren, springMacroRequestContext=org.springframework.web.reactive.result.view.DummyMacroRequestContext@23bcb9db, msgArgs=[Ljava.lang.Object;@3f1ba0b6, nameOptionMap={Rob&Harrop=Rob Harrop, Darren=Darren Davison, John=John Doe, Fred=Fred Bloggs}, options=[Rob Harrop, Darren Davison, John Doe, Fred Bloggs]}
16:32:00.117 [Test worker] DEBUG o.s.w.r.r.v.f.FreeMarkerView - [6a0ed6ac] Rendering [tmp.ftl]
16:32:00.137 [Test worker] DEBUG o.s.w.r.r.v.f.FreeMarkerConfigurer - Template loader path [class path resource []] resolved to file path [/Users/wangweili/Documents/MyDesign/learning/msb-source/msb-spring/spring-webflux/build/classes/java/test]
16:32:00.137 [Test worker] DEBUG o.s.w.r.r.v.f.FreeMarkerConfigurer - Template loader path [URL [file:/var/folders/gm/wxj0g0cx0dbf978gx7941f440000gn/T/]] resolved to file path [/var/folders/gm/wxj0g0cx0dbf978gx7941f440000gn/T]
16:32:00.138 [Test worker] DEBUG o.s.w.r.r.v.f.FreeMarkerView - [356686bd] View name 'myView', model {command=Darren, springMacroRequestContext=org.springframework.web.reactive.result.view.DummyMacroRequestContext@48400a09, msgArgs=[Ljava.lang.Object;@49123ed2, nameOptionMap={Rob&Harrop=Rob Harrop, Darren=Darren Davison, John=John Doe, Fred=Fred Bloggs}, options=[Rob Harrop, Darren Davison, John Doe, Fred Bloggs]}
16:32:00.138 [Test worker] DEBUG o.s.w.r.r.v.f.FreeMarkerView - [356686bd] Rendering [tmp.ftl]
16:32:00.163 [Test worker] DEBUG o.s.w.r.r.v.f.FreeMarkerConfigurer - Template loader path [class path resource []] resolved to file path [/Users/wangweili/Documents/MyDesign/learning/msb-source/msb-spring/spring-webflux/build/classes/java/test]
16:32:00.163 [Test worker] DEBUG o.s.w.r.r.v.f.FreeMarkerConfigurer - Template loader path [URL [file:/var/folders/gm/wxj0g0cx0dbf978gx7941f440000gn/T/]] resolved to file path [/var/folders/gm/wxj0g0cx0dbf978gx7941f440000gn/T]
16:32:00.164 [Test worker] DEBUG o.s.w.r.r.v.f.FreeMarkerView - [6493dbdc] View name 'myView', model {command=Darren, springMacroRequestContext=org.springframework.web.reactive.result.view.DummyMacroRequestContext@51e0ab84, msgArgs=[Ljava.lang.Object;@2b57c75f, nameOptionMap={Rob&Harrop=Rob Harrop, Darren=Darren Davison, John=John Doe, Fred=Fred Bloggs}, options=[Rob Harrop, Darren Davison, John Doe, Fred Bloggs]}
16:32:00.165 [Test worker] DEBUG o.s.w.r.r.v.f.FreeMarkerView - [6493dbdc] Rendering [tmp.ftl]
16:32:00.188 [Test worker] DEBUG o.s.w.r.r.v.f.FreeMarkerConfigurer - Template loader path [class path resource []] resolved to file path [/Users/wangweili/Documents/MyDesign/learning/msb-source/msb-spring/spring-webflux/build/classes/java/test]
16:32:00.189 [Test worker] DEBUG o.s.w.r.r.v.f.FreeMarkerConfigurer - Template loader path [URL [file:/var/folders/gm/wxj0g0cx0dbf978gx7941f440000gn/T/]] resolved to file path [/var/folders/gm/wxj0g0cx0dbf978gx7941f440000gn/T]
16:32:00.190 [Test worker] DEBUG o.s.w.r.r.v.f.FreeMarkerView - [13bca7e9] View name 'myView', model {command=Darren, springMacroRequestContext=org.springframework.web.reactive.result.view.DummyMacroRequestContext@463dbe21, msgArgs=[Ljava.lang.Object;@30c8dae0, nameOptionMap={Rob&Harrop=Rob Harrop, Darren=Darren Davison, John=John Doe, Fred=Fred Bloggs}, options=[Rob Harrop, Darren Davison, John Doe, Fred Bloggs]}
16:32:00.191 [Test worker] DEBUG o.s.w.r.r.v.f.FreeMarkerView - [13bca7e9] Rendering [tmp.ftl]
16:32:00.218 [Test worker] DEBUG o.s.w.r.r.v.f.FreeMarkerConfigurer - Template loader path [class path resource []] resolved to file path [/Users/wangweili/Documents/MyDesign/learning/msb-source/msb-spring/spring-webflux/build/classes/java/test]
16:32:00.218 [Test worker] DEBUG o.s.w.r.r.v.f.FreeMarkerConfigurer - Template loader path [URL [file:/var/folders/gm/wxj0g0cx0dbf978gx7941f440000gn/T/]] resolved to file path [/var/folders/gm/wxj0g0cx0dbf978gx7941f440000gn/T]
16:32:00.220 [Test worker] DEBUG o.s.w.r.r.v.f.FreeMarkerView - [463d6378] View name 'myView', model {command=Darren, springMacroRequestContext=org.springframework.web.reactive.result.view.DummyMacroRequestContext@4a5f983d, msgArgs=[Ljava.lang.Object;@675404ad, nameOptionMap={Rob&Harrop=Rob Harrop, Darren=Darren Davison, John=John Doe, Fred=Fred Bloggs}, options=[Rob Harrop, Darren Davison, John Doe, Fred Bloggs]}
16:32:00.220 [Test worker] DEBUG o.s.w.r.r.v.f.FreeMarkerView - [463d6378] Rendering [tmp.ftl]
16:32:00.242 [Test worker] DEBUG o.s.w.r.r.v.f.FreeMarkerConfigurer - Template loader path [class path resource []] resolved to file path [/Users/wangweili/Documents/MyDesign/learning/msb-source/msb-spring/spring-webflux/build/classes/java/test]
16:32:00.242 [Test worker] DEBUG o.s.w.r.r.v.f.FreeMarkerConfigurer - Template loader path [URL [file:/var/folders/gm/wxj0g0cx0dbf978gx7941f440000gn/T/]] resolved to file path [/var/folders/gm/wxj0g0cx0dbf978gx7941f440000gn/T]
16:32:00.245 [Test worker] DEBUG o.s.w.r.r.v.f.FreeMarkerView - [5ead01bb] View name 'myView', model {command=Darren, springMacroRequestContext=org.springframework.web.reactive.result.view.DummyMacroRequestContext@6aa92067, msgArgs=[Ljava.lang.Object;@5c3f5450, nameOptionMap={Rob&Harrop=Rob Harrop, Darren=Darren Davison, John=John Doe, Fred=Fred Bloggs}, options=[Rob Harrop, Darren Davison, John Doe, Fred Bloggs]}
16:32:00.246 [Test worker] DEBUG o.s.w.r.r.v.f.FreeMarkerView - [5ead01bb] Rendering [tmp.ftl]
16:32:00.267 [Test worker] DEBUG o.s.w.r.r.v.f.FreeMarkerConfigurer - Template loader path [class path resource []] resolved to file path [/Users/wangweili/Documents/MyDesign/learning/msb-source/msb-spring/spring-webflux/build/classes/java/test]
16:32:00.267 [Test worker] DEBUG o.s.w.r.r.v.f.FreeMarkerConfigurer - Template loader path [URL [file:/var/folders/gm/wxj0g0cx0dbf978gx7941f440000gn/T/]] resolved to file path [/var/folders/gm/wxj0g0cx0dbf978gx7941f440000gn/T]
16:32:00.268 [Test worker] DEBUG o.s.w.r.r.v.f.FreeMarkerView - [5b0e3317] View name 'myView', model {command=Darren, springMacroRequestContext=org.springframework.web.reactive.result.view.DummyMacroRequestContext@5491d1ed, msgArgs=[Ljava.lang.Object;@7e2dc6e3, nameOptionMap={Rob&Harrop=Rob Harrop, Darren=Darren Davison, John=John Doe, Fred=Fred Bloggs}, options=[Rob Harrop, Darren Davison, John Doe, Fred Bloggs]}
16:32:00.269 [Test worker] DEBUG o.s.w.r.r.v.f.FreeMarkerView - [5b0e3317] Rendering [tmp.ftl]
]]></system-out>
  <system-err><![CDATA[]]></system-err>
</testsuite>
