<?xml version="1.0" encoding="UTF-8"?>
<testsuite name="org.springframework.web.reactive.function.server.HandlerStrategiesTests" tests="2" skipped="0" failures="0" errors="0" timestamp="2021-05-01T09:52:48" hostname="wangweilideMBP.lan" time="0.01">
  <properties/>
  <testcase name="withDefaults()" classname="org.springframework.web.reactive.function.server.HandlerStrategiesTests" time="0.006"/>
  <testcase name="empty()" classname="org.springframework.web.reactive.function.server.HandlerStrategiesTests" time="0.004"/>
  <system-out><![CDATA[]]></system-out>
  <system-err><![CDATA[]]></system-err>
</testsuite>
