<?xml version="1.0" encoding="UTF-8"?>
<testsuite name="org.springframework.web.reactive.result.method.annotation.CoroutinesIntegrationTests" tests="24" skipped="0" failures="0" errors="0" timestamp="2021-05-01T10:00:50" hostname="wangweilideMBP.lan" time="68.474">
  <properties/>
  <testcase name="[1] org.springframework.web.testfixture.http.server.reactive.bootstrap.JettyHttpServer@51dea03e" classname="org.springframework.web.reactive.result.method.annotation.CoroutinesIntegrationTests" time="0.195"/>
  <testcase name="[2] org.springframework.web.testfixture.http.server.reactive.bootstrap.ReactorHttpServer@297e2cf4" classname="org.springframework.web.reactive.result.method.annotation.CoroutinesIntegrationTests" time="0.038"/>
  <testcase name="[3] org.springframework.web.testfixture.http.server.reactive.bootstrap.TomcatHttpServer@28d84ea" classname="org.springframework.web.reactive.result.method.annotation.CoroutinesIntegrationTests" time="11.219"/>
  <testcase name="[4] org.springframework.web.testfixture.http.server.reactive.bootstrap.UndertowHttpServer@7dd6231e" classname="org.springframework.web.reactive.result.method.annotation.CoroutinesIntegrationTests" time="0.071"/>
  <testcase name="[1] org.springframework.web.testfixture.http.server.reactive.bootstrap.JettyHttpServer@34502d82" classname="org.springframework.web.reactive.result.method.annotation.CoroutinesIntegrationTests" time="0.051"/>
  <testcase name="[2] org.springframework.web.testfixture.http.server.reactive.bootstrap.ReactorHttpServer@2059a71" classname="org.springframework.web.reactive.result.method.annotation.CoroutinesIntegrationTests" time="0.032"/>
  <testcase name="[3] org.springframework.web.testfixture.http.server.reactive.bootstrap.TomcatHttpServer@79a218c5" classname="org.springframework.web.reactive.result.method.annotation.CoroutinesIntegrationTests" time="11.229"/>
  <testcase name="[4] org.springframework.web.testfixture.http.server.reactive.bootstrap.UndertowHttpServer@4eb19a1f" classname="org.springframework.web.reactive.result.method.annotation.CoroutinesIntegrationTests" time="0.04"/>
  <testcase name="[1] org.springframework.web.testfixture.http.server.reactive.bootstrap.JettyHttpServer@68205e22" classname="org.springframework.web.reactive.result.method.annotation.CoroutinesIntegrationTests" time="0.04"/>
  <testcase name="[2] org.springframework.web.testfixture.http.server.reactive.bootstrap.ReactorHttpServer@56a891a" classname="org.springframework.web.reactive.result.method.annotation.CoroutinesIntegrationTests" time="0.033"/>
  <testcase name="[3] org.springframework.web.testfixture.http.server.reactive.bootstrap.TomcatHttpServer@17c6161a" classname="org.springframework.web.reactive.result.method.annotation.CoroutinesIntegrationTests" time="11.22"/>
  <testcase name="[4] org.springframework.web.testfixture.http.server.reactive.bootstrap.UndertowHttpServer@320814a8" classname="org.springframework.web.reactive.result.method.annotation.CoroutinesIntegrationTests" time="0.062"/>
  <testcase name="[1] org.springframework.web.testfixture.http.server.reactive.bootstrap.JettyHttpServer@47815838" classname="org.springframework.web.reactive.result.method.annotation.CoroutinesIntegrationTests" time="0.038"/>
  <testcase name="[2] org.springframework.web.testfixture.http.server.reactive.bootstrap.ReactorHttpServer@601f78fc" classname="org.springframework.web.reactive.result.method.annotation.CoroutinesIntegrationTests" time="0.04"/>
  <testcase name="[3] org.springframework.web.testfixture.http.server.reactive.bootstrap.TomcatHttpServer@2d5315bd" classname="org.springframework.web.reactive.result.method.annotation.CoroutinesIntegrationTests" time="11.205"/>
  <testcase name="[4] org.springframework.web.testfixture.http.server.reactive.bootstrap.UndertowHttpServer@74e7fcb1" classname="org.springframework.web.reactive.result.method.annotation.CoroutinesIntegrationTests" time="0.048"/>
  <testcase name="[1] org.springframework.web.testfixture.http.server.reactive.bootstrap.JettyHttpServer@4dc0ad79" classname="org.springframework.web.reactive.result.method.annotation.CoroutinesIntegrationTests" time="0.041"/>
  <testcase name="[2] org.springframework.web.testfixture.http.server.reactive.bootstrap.ReactorHttpServer@7f601791" classname="org.springframework.web.reactive.result.method.annotation.CoroutinesIntegrationTests" time="0.031"/>
  <testcase name="[3] org.springframework.web.testfixture.http.server.reactive.bootstrap.TomcatHttpServer@7c2381a9" classname="org.springframework.web.reactive.result.method.annotation.CoroutinesIntegrationTests" time="11.228"/>
  <testcase name="[4] org.springframework.web.testfixture.http.server.reactive.bootstrap.UndertowHttpServer@668bc081" classname="org.springframework.web.reactive.result.method.annotation.CoroutinesIntegrationTests" time="0.064"/>
  <testcase name="[1] org.springframework.web.testfixture.http.server.reactive.bootstrap.JettyHttpServer@370e0260" classname="org.springframework.web.reactive.result.method.annotation.CoroutinesIntegrationTests" time="0.053"/>
  <testcase name="[2] org.springframework.web.testfixture.http.server.reactive.bootstrap.ReactorHttpServer@64d61d" classname="org.springframework.web.reactive.result.method.annotation.CoroutinesIntegrationTests" time="0.053"/>
  <testcase name="[3] org.springframework.web.testfixture.http.server.reactive.bootstrap.TomcatHttpServer@50d330c8" classname="org.springframework.web.reactive.result.method.annotation.CoroutinesIntegrationTests" time="11.251"/>
  <testcase name="[4] org.springframework.web.testfixture.http.server.reactive.bootstrap.UndertowHttpServer@73259ed4" classname="org.springframework.web.reactive.result.method.annotation.CoroutinesIntegrationTests" time="0.055"/>
  <system-out><![CDATA[18:00:50.284 [Test worker] DEBUG o.s.w.r.r.m.a.RequestMappingHandlerMapping - 6 mappings in 'requestMappingHandlerMapping'
18:00:50.292 [Test worker] DEBUG o.s.w.r.r.m.a.ControllerMethodResolver - ControllerAdvice beans: none
18:00:50.294 [Test worker] DEBUG o.s.w.s.a.HttpWebHandlerAdapter - enableLoggingRequestDetails='false': form data and headers will be masked to prevent unsafe logging of potentially sensitive data
18:00:50.294 [Test worker] WARN  o.e.j.s.h.ContextHandler - Empty contextPath
18:00:50.294 [Test worker] INFO  o.e.j.s.h.ContextHandler - Started o.e.j.s.ServletContextHandler@31ebe7{/,null,AVAILABLE}
18:00:50.294 [Test worker] DEBUG o.s.w.t.h.s.r.b.JettyHttpServer - Starting JettyHttpServer...
18:00:50.294 [Test worker] INFO  o.e.j.s.Server - jetty-9.4.39.v20210325; built: 2021-03-25T14:42:11.471Z; git: 9fc7ca5a922f2a37b84ec9dbc26a5168cee7e667; jvm 1.8.0_181-b13
18:00:50.295 [Test worker] INFO  o.e.j.s.AbstractConnector - Started ServerConnector@a976494{HTTP/1.1, (http/1.1)}{0.0.0.0:55415}
18:00:50.295 [Test worker] INFO  o.e.j.s.Server - Started @817325ms
18:00:50.295 [Test worker] DEBUG o.s.w.t.h.s.r.b.JettyHttpServer - Server started on port 55415(0 millis).
18:00:50.296 [Test worker] DEBUG o.s.w.c.RestTemplate - HTTP GET http://localhost:55415/error
18:00:50.296 [Test worker] DEBUG o.s.w.c.RestTemplate - Accept=[text/plain, application/json, application/x-jackson-smile, application/*+json, */*]
18:00:50.297 [qtp1372259009-4877] DEBUG o.s.w.s.a.HttpWebHandlerAdapter - [6ce51b18] HTTP GET "/error"
18:00:50.297 [qtp1372259009-4877] DEBUG o.s.w.r.r.m.a.RequestMappingHandlerMapping - [6ce51b18] Mapped to org.springframework.web.reactive.result.method.annotation.CoroutinesIntegrationTests$CoroutinesController#error(Continuation)
18:00:50.383 [qtp1372259009-4877] DEBUG o.s.w.r.r.m.a.ResponseBodyResultHandler - [6ce51b18] Using 'application/json' given [text/plain, application/json, application/x-jackson-smile, application/*+json, */*] and supported [application/json, application/*+json, application/x-ndjson, application/x-jackson-smile, application/*+x-jackson-smile, text/event-stream]
18:00:50.383 [qtp1372259009-4877] DEBUG o.s.w.r.r.m.a.ResponseBodyResultHandler - [6ce51b18] 0..1 [kotlin.Unit]
18:00:50.419 [kotlinx.coroutines.DefaultExecutor @coroutine#1] ERROR o.s.w.s.a.HttpWebHandlerAdapter - [6ce51b18] 500 Server Error for HTTP GET "/error"
java.lang.IllegalStateException: null
	at org.springframework.web.reactive.result.method.annotation.CoroutinesIntegrationTests$CoroutinesController.error(CoroutinesIntegrationTests.kt:144) ~[test/:?]
	Suppressed: reactor.core.publisher.FluxOnAssembly$OnAssemblyException: 
Error has been observed at the following site(s):
	|_ checkpoint ⇢ Handler org.springframework.web.reactive.result.method.annotation.CoroutinesIntegrationTests$CoroutinesController#error(Continuation) [DispatcherHandler]
	|_ checkpoint ⇢ HTTP GET "/error" [ExceptionHandlingWebHandler]
Stack trace:
		at org.springframework.web.reactive.result.method.annotation.CoroutinesIntegrationTests$CoroutinesController.error(CoroutinesIntegrationTests.kt:144) ~[test/:?]
		at org.springframework.web.reactive.result.method.annotation.CoroutinesIntegrationTests$CoroutinesController$error$1.invokeSuspend(CoroutinesIntegrationTests.kt) ~[test/:?]
		at kotlin.coroutines.jvm.internal.BaseContinuationImpl.resumeWith(ContinuationImpl.kt:33) [kotlin-stdlib-1.4.32.jar:1.4.32-release-371 (1.4.32)]
		at kotlinx.coroutines.DispatchedTaskKt.resume(DispatchedTask.kt:234) [kotlinx-coroutines-core-jvm-1.4.3.jar:?]
		at kotlinx.coroutines.DispatchedTaskKt.resumeUnconfined(DispatchedTask.kt:190) [kotlinx-coroutines-core-jvm-1.4.3.jar:?]
		at kotlinx.coroutines.DispatchedTaskKt.dispatch(DispatchedTask.kt:161) [kotlinx-coroutines-core-jvm-1.4.3.jar:?]
		at kotlinx.coroutines.CancellableContinuationImpl.dispatchResume(CancellableContinuationImpl.kt:369) [kotlinx-coroutines-core-jvm-1.4.3.jar:?]
		at kotlinx.coroutines.CancellableContinuationImpl.resumeImpl(CancellableContinuationImpl.kt:403) [kotlinx-coroutines-core-jvm-1.4.3.jar:?]
		at kotlinx.coroutines.CancellableContinuationImpl.resumeImpl$default(CancellableContinuationImpl.kt:395) [kotlinx-coroutines-core-jvm-1.4.3.jar:?]
		at kotlinx.coroutines.CancellableContinuationImpl.resumeUndispatched(CancellableContinuationImpl.kt:491) [kotlinx-coroutines-core-jvm-1.4.3.jar:?]
		at kotlinx.coroutines.EventLoopImplBase$DelayedResumeTask.run(EventLoop.common.kt:489) [kotlinx-coroutines-core-jvm-1.4.3.jar:?]
		at kotlinx.coroutines.EventLoopImplBase.processNextEvent(EventLoop.common.kt:274) [kotlinx-coroutines-core-jvm-1.4.3.jar:?]
		at kotlinx.coroutines.DefaultExecutor.run(DefaultExecutor.kt:69) [kotlinx-coroutines-core-jvm-1.4.3.jar:?]
		at java.lang.Thread.run(Thread.java:748) [?:1.8.0_181]
18:00:50.423 [Test worker] DEBUG o.s.w.c.RestTemplate - Response 500 INTERNAL_SERVER_ERROR
18:00:50.425 [Test worker] DEBUG o.s.w.t.h.s.r.b.JettyHttpServer - Stopping JettyHttpServer...
18:00:50.425 [Test worker] INFO  o.e.j.s.h.ContextHandler - Stopped o.e.j.s.ServletContextHandler@31ebe7{/,null,STOPPED}
18:00:50.426 [Test worker] INFO  o.e.j.s.AbstractConnector - Stopped ServerConnector@a976494{HTTP/1.1, (http/1.1)}{0.0.0.0:0}
18:00:50.426 [Test worker] DEBUG o.s.w.t.h.s.r.b.JettyHttpServer - Server stopped (0 millis).
18:00:50.447 [Test worker] DEBUG o.s.w.r.r.m.a.RequestMappingHandlerMapping - 6 mappings in 'requestMappingHandlerMapping'
18:00:50.457 [Test worker] DEBUG o.s.w.r.r.m.a.ControllerMethodResolver - ControllerAdvice beans: none
18:00:50.458 [Test worker] DEBUG o.s.w.s.a.HttpWebHandlerAdapter - enableLoggingRequestDetails='false': form data and headers will be masked to prevent unsafe logging of potentially sensitive data
18:00:50.458 [Test worker] DEBUG o.s.w.t.h.s.r.b.ReactorHttpServer - Starting ReactorHttpServer...
18:00:50.458 [Test worker] DEBUG o.s.w.t.h.s.r.b.ReactorHttpServer - Server started on port 55417(0 millis).
18:00:50.458 [Test worker] DEBUG o.s.w.c.RestTemplate - HTTP GET http://localhost:55417/error
18:00:50.459 [Test worker] DEBUG o.s.w.c.RestTemplate - Accept=[text/plain, application/json, application/x-jackson-smile, application/*+json, */*]
18:00:50.461 [reactor-http-nio-9] DEBUG o.s.w.s.a.HttpWebHandlerAdapter - [1f6d954e-1, L:/127.0.0.1:55417 - R:/127.0.0.1:55418] HTTP GET "/error"
18:00:50.461 [reactor-http-nio-9] DEBUG o.s.w.r.r.m.a.RequestMappingHandlerMapping - [1f6d954e-1, L:/127.0.0.1:55417 - R:/127.0.0.1:55418] Mapped to org.springframework.web.reactive.result.method.annotation.CoroutinesIntegrationTests$CoroutinesController#error(Continuation)
18:00:50.463 [reactor-http-nio-9] DEBUG o.s.w.r.r.m.a.ResponseBodyResultHandler - [1f6d954e-1, L:/127.0.0.1:55417 - R:/127.0.0.1:55418] Using 'application/json' given [text/plain, application/json, application/x-jackson-smile, application/*+json, */*] and supported [application/json, application/*+json, application/x-ndjson, application/x-jackson-smile, application/*+x-jackson-smile, text/event-stream]
18:00:50.463 [reactor-http-nio-9] DEBUG o.s.w.r.r.m.a.ResponseBodyResultHandler - [1f6d954e-1, L:/127.0.0.1:55417 - R:/127.0.0.1:55418] 0..1 [kotlin.Unit]
18:00:50.467 [kotlinx.coroutines.DefaultExecutor @coroutine#2] ERROR o.s.w.s.a.HttpWebHandlerAdapter - [1f6d954e-1, L:/127.0.0.1:55417 - R:/127.0.0.1:55418] 500 Server Error for HTTP GET "/error"
java.lang.IllegalStateException: null
	at org.springframework.web.reactive.result.method.annotation.CoroutinesIntegrationTests$CoroutinesController.error(CoroutinesIntegrationTests.kt:144) ~[test/:?]
	Suppressed: reactor.core.publisher.FluxOnAssembly$OnAssemblyException: 
Error has been observed at the following site(s):
	|_ checkpoint ⇢ Handler org.springframework.web.reactive.result.method.annotation.CoroutinesIntegrationTests$CoroutinesController#error(Continuation) [DispatcherHandler]
	|_ checkpoint ⇢ HTTP GET "/error" [ExceptionHandlingWebHandler]
Stack trace:
		at org.springframework.web.reactive.result.method.annotation.CoroutinesIntegrationTests$CoroutinesController.error(CoroutinesIntegrationTests.kt:144) ~[test/:?]
		at org.springframework.web.reactive.result.method.annotation.CoroutinesIntegrationTests$CoroutinesController$error$1.invokeSuspend(CoroutinesIntegrationTests.kt) ~[test/:?]
		at kotlin.coroutines.jvm.internal.BaseContinuationImpl.resumeWith(ContinuationImpl.kt:33) [kotlin-stdlib-1.4.32.jar:1.4.32-release-371 (1.4.32)]
		at kotlinx.coroutines.DispatchedTaskKt.resume(DispatchedTask.kt:234) [kotlinx-coroutines-core-jvm-1.4.3.jar:?]
		at kotlinx.coroutines.DispatchedTaskKt.resumeUnconfined(DispatchedTask.kt:190) [kotlinx-coroutines-core-jvm-1.4.3.jar:?]
		at kotlinx.coroutines.DispatchedTaskKt.dispatch(DispatchedTask.kt:161) [kotlinx-coroutines-core-jvm-1.4.3.jar:?]
		at kotlinx.coroutines.CancellableContinuationImpl.dispatchResume(CancellableContinuationImpl.kt:369) [kotlinx-coroutines-core-jvm-1.4.3.jar:?]
		at kotlinx.coroutines.CancellableContinuationImpl.resumeImpl(CancellableContinuationImpl.kt:403) [kotlinx-coroutines-core-jvm-1.4.3.jar:?]
		at kotlinx.coroutines.CancellableContinuationImpl.resumeImpl$default(CancellableContinuationImpl.kt:395) [kotlinx-coroutines-core-jvm-1.4.3.jar:?]
		at kotlinx.coroutines.CancellableContinuationImpl.resumeUndispatched(CancellableContinuationImpl.kt:491) [kotlinx-coroutines-core-jvm-1.4.3.jar:?]
		at kotlinx.coroutines.EventLoopImplBase$DelayedResumeTask.run(EventLoop.common.kt:489) [kotlinx-coroutines-core-jvm-1.4.3.jar:?]
		at kotlinx.coroutines.EventLoopImplBase.processNextEvent(EventLoop.common.kt:274) [kotlinx-coroutines-core-jvm-1.4.3.jar:?]
		at kotlinx.coroutines.DefaultExecutor.run(DefaultExecutor.kt:69) [kotlinx-coroutines-core-jvm-1.4.3.jar:?]
		at java.lang.Thread.run(Thread.java:748) [?:1.8.0_181]
18:00:50.469 [Test worker] DEBUG o.s.w.c.RestTemplate - Response 500 INTERNAL_SERVER_ERROR
18:00:50.470 [Test worker] DEBUG o.s.w.t.h.s.r.b.ReactorHttpServer - Stopping ReactorHttpServer...
18:00:50.470 [Test worker] DEBUG o.s.w.t.h.s.r.b.ReactorHttpServer - Server stopped (0 millis).
18:00:50.491 [Test worker] DEBUG o.s.w.r.r.m.a.RequestMappingHandlerMapping - 6 mappings in 'requestMappingHandlerMapping'
18:00:50.500 [Test worker] DEBUG o.s.w.r.r.m.a.ControllerMethodResolver - ControllerAdvice beans: none
18:00:50.501 [Test worker] DEBUG o.s.w.s.a.HttpWebHandlerAdapter - enableLoggingRequestDetails='false': form data and headers will be masked to prevent unsafe logging of potentially sensitive data
18:00:50.501 [Test worker] DEBUG o.s.w.t.h.s.r.b.TomcatHttpServer - Starting TomcatHttpServer...
18:00:50.507 [Test worker] DEBUG o.s.w.t.h.s.r.b.TomcatHttpServer - Server started on port 55419(0 millis).
18:00:50.508 [Test worker] DEBUG o.s.w.c.RestTemplate - HTTP GET http://localhost:55419/error
18:00:50.508 [Test worker] DEBUG o.s.w.c.RestTemplate - Accept=[text/plain, application/json, application/x-jackson-smile, application/*+json, */*]
18:00:50.516 [http-nio-auto-71-exec-1] DEBUG o.s.w.s.a.HttpWebHandlerAdapter - [6cac2839] HTTP GET "/error"
18:00:50.516 [http-nio-auto-71-exec-1] DEBUG o.s.w.r.r.m.a.RequestMappingHandlerMapping - [6cac2839] Mapped to org.springframework.web.reactive.result.method.annotation.CoroutinesIntegrationTests$CoroutinesController#error(Continuation)
18:00:50.517 [http-nio-auto-71-exec-1] DEBUG o.s.w.r.r.m.a.ResponseBodyResultHandler - [6cac2839] Using 'application/json' given [text/plain, application/json, application/x-jackson-smile, application/*+json, */*] and supported [application/json, application/*+json, application/x-ndjson, application/x-jackson-smile, application/*+x-jackson-smile, text/event-stream]
18:00:50.517 [http-nio-auto-71-exec-1] DEBUG o.s.w.r.r.m.a.ResponseBodyResultHandler - [6cac2839] 0..1 [kotlin.Unit]
18:00:50.521 [kotlinx.coroutines.DefaultExecutor @coroutine#3] ERROR o.s.w.s.a.HttpWebHandlerAdapter - [6cac2839] 500 Server Error for HTTP GET "/error"
java.lang.IllegalStateException: null
	at org.springframework.web.reactive.result.method.annotation.CoroutinesIntegrationTests$CoroutinesController.error(CoroutinesIntegrationTests.kt:144) ~[test/:?]
	Suppressed: reactor.core.publisher.FluxOnAssembly$OnAssemblyException: 
Error has been observed at the following site(s):
	|_ checkpoint ⇢ Handler org.springframework.web.reactive.result.method.annotation.CoroutinesIntegrationTests$CoroutinesController#error(Continuation) [DispatcherHandler]
	|_ checkpoint ⇢ HTTP GET "/error" [ExceptionHandlingWebHandler]
Stack trace:
		at org.springframework.web.reactive.result.method.annotation.CoroutinesIntegrationTests$CoroutinesController.error(CoroutinesIntegrationTests.kt:144) ~[test/:?]
		at org.springframework.web.reactive.result.method.annotation.CoroutinesIntegrationTests$CoroutinesController$error$1.invokeSuspend(CoroutinesIntegrationTests.kt) ~[test/:?]
		at kotlin.coroutines.jvm.internal.BaseContinuationImpl.resumeWith(ContinuationImpl.kt:33) [kotlin-stdlib-1.4.32.jar:1.4.32-release-371 (1.4.32)]
		at kotlinx.coroutines.DispatchedTaskKt.resume(DispatchedTask.kt:234) [kotlinx-coroutines-core-jvm-1.4.3.jar:?]
		at kotlinx.coroutines.DispatchedTaskKt.resumeUnconfined(DispatchedTask.kt:190) [kotlinx-coroutines-core-jvm-1.4.3.jar:?]
		at kotlinx.coroutines.DispatchedTaskKt.dispatch(DispatchedTask.kt:161) [kotlinx-coroutines-core-jvm-1.4.3.jar:?]
		at kotlinx.coroutines.CancellableContinuationImpl.dispatchResume(CancellableContinuationImpl.kt:369) [kotlinx-coroutines-core-jvm-1.4.3.jar:?]
		at kotlinx.coroutines.CancellableContinuationImpl.resumeImpl(CancellableContinuationImpl.kt:403) [kotlinx-coroutines-core-jvm-1.4.3.jar:?]
		at kotlinx.coroutines.CancellableContinuationImpl.resumeImpl$default(CancellableContinuationImpl.kt:395) [kotlinx-coroutines-core-jvm-1.4.3.jar:?]
		at kotlinx.coroutines.CancellableContinuationImpl.resumeUndispatched(CancellableContinuationImpl.kt:491) [kotlinx-coroutines-core-jvm-1.4.3.jar:?]
		at kotlinx.coroutines.EventLoopImplBase$DelayedResumeTask.run(EventLoop.common.kt:489) [kotlinx-coroutines-core-jvm-1.4.3.jar:?]
		at kotlinx.coroutines.EventLoopImplBase.processNextEvent(EventLoop.common.kt:274) [kotlinx-coroutines-core-jvm-1.4.3.jar:?]
		at kotlinx.coroutines.DefaultExecutor.run(DefaultExecutor.kt:69) [kotlinx-coroutines-core-jvm-1.4.3.jar:?]
		at java.lang.Thread.run(Thread.java:748) [?:1.8.0_181]
18:00:50.537 [Test worker] DEBUG o.s.w.c.RestTemplate - Response 500 INTERNAL_SERVER_ERROR
18:00:50.538 [Test worker] DEBUG o.s.w.t.h.s.r.b.TomcatHttpServer - Stopping TomcatHttpServer...
18:01:01.694 [Test worker] DEBUG o.s.w.t.h.s.r.b.TomcatHttpServer - Server stopped (0 millis).
18:01:01.736 [Test worker] DEBUG o.s.w.r.r.m.a.RequestMappingHandlerMapping - 6 mappings in 'requestMappingHandlerMapping'
18:01:01.745 [Test worker] DEBUG o.s.w.r.r.m.a.ControllerMethodResolver - ControllerAdvice beans: none
18:01:01.746 [Test worker] DEBUG o.s.w.s.a.HttpWebHandlerAdapter - enableLoggingRequestDetails='false': form data and headers will be masked to prevent unsafe logging of potentially sensitive data
18:01:01.746 [Test worker] DEBUG o.s.w.t.h.s.r.b.UndertowHttpServer - Starting UndertowHttpServer...
18:01:01.746 [Test worker] INFO  i.undertow - starting server: Undertow - 2.2.7.Final
18:01:01.749 [Test worker] DEBUG o.s.w.t.h.s.r.b.UndertowHttpServer - Server started on port 55423(0 millis).
18:01:01.749 [Test worker] DEBUG o.s.w.c.RestTemplate - HTTP GET http://localhost:55423/error
18:01:01.749 [Test worker] DEBUG o.s.w.c.RestTemplate - Accept=[text/plain, application/json, application/x-jackson-smile, application/*+json, */*]
18:01:01.751 [XNIO-76 I/O-11] DEBUG o.s.w.s.a.HttpWebHandlerAdapter - [17e80705-72] HTTP GET "/error"
18:01:01.751 [XNIO-76 I/O-11] DEBUG o.s.w.r.r.m.a.RequestMappingHandlerMapping - [17e80705-72] Mapped to org.springframework.web.reactive.result.method.annotation.CoroutinesIntegrationTests$CoroutinesController#error(Continuation)
18:01:01.768 [XNIO-76 I/O-11] DEBUG o.s.w.r.r.m.a.ResponseBodyResultHandler - [17e80705-72] Using 'application/json' given [text/plain, application/json, application/x-jackson-smile, application/*+json, */*] and supported [application/json, application/*+json, application/x-ndjson, application/x-jackson-smile, application/*+x-jackson-smile, text/event-stream]
18:01:01.768 [XNIO-76 I/O-11] DEBUG o.s.w.r.r.m.a.ResponseBodyResultHandler - [17e80705-72] 0..1 [kotlin.Unit]
18:01:01.770 [kotlinx.coroutines.DefaultExecutor @coroutine#4] ERROR o.s.w.s.a.HttpWebHandlerAdapter - [17e80705-72] 500 Server Error for HTTP GET "/error"
java.lang.IllegalStateException: null
	at org.springframework.web.reactive.result.method.annotation.CoroutinesIntegrationTests$CoroutinesController.error(CoroutinesIntegrationTests.kt:144) ~[test/:?]
	Suppressed: reactor.core.publisher.FluxOnAssembly$OnAssemblyException: 
Error has been observed at the following site(s):
	|_ checkpoint ⇢ Handler org.springframework.web.reactive.result.method.annotation.CoroutinesIntegrationTests$CoroutinesController#error(Continuation) [DispatcherHandler]
	|_ checkpoint ⇢ HTTP GET "/error" [ExceptionHandlingWebHandler]
Stack trace:
		at org.springframework.web.reactive.result.method.annotation.CoroutinesIntegrationTests$CoroutinesController.error(CoroutinesIntegrationTests.kt:144) ~[test/:?]
		at org.springframework.web.reactive.result.method.annotation.CoroutinesIntegrationTests$CoroutinesController$error$1.invokeSuspend(CoroutinesIntegrationTests.kt) ~[test/:?]
		at kotlin.coroutines.jvm.internal.BaseContinuationImpl.resumeWith(ContinuationImpl.kt:33) [kotlin-stdlib-1.4.32.jar:1.4.32-release-371 (1.4.32)]
		at kotlinx.coroutines.DispatchedTaskKt.resume(DispatchedTask.kt:234) [kotlinx-coroutines-core-jvm-1.4.3.jar:?]
		at kotlinx.coroutines.DispatchedTaskKt.resumeUnconfined(DispatchedTask.kt:190) [kotlinx-coroutines-core-jvm-1.4.3.jar:?]
		at kotlinx.coroutines.DispatchedTaskKt.dispatch(DispatchedTask.kt:161) [kotlinx-coroutines-core-jvm-1.4.3.jar:?]
		at kotlinx.coroutines.CancellableContinuationImpl.dispatchResume(CancellableContinuationImpl.kt:369) [kotlinx-coroutines-core-jvm-1.4.3.jar:?]
		at kotlinx.coroutines.CancellableContinuationImpl.resumeImpl(CancellableContinuationImpl.kt:403) [kotlinx-coroutines-core-jvm-1.4.3.jar:?]
		at kotlinx.coroutines.CancellableContinuationImpl.resumeImpl$default(CancellableContinuationImpl.kt:395) [kotlinx-coroutines-core-jvm-1.4.3.jar:?]
		at kotlinx.coroutines.CancellableContinuationImpl.resumeUndispatched(CancellableContinuationImpl.kt:491) [kotlinx-coroutines-core-jvm-1.4.3.jar:?]
		at kotlinx.coroutines.EventLoopImplBase$DelayedResumeTask.run(EventLoop.common.kt:489) [kotlinx-coroutines-core-jvm-1.4.3.jar:?]
		at kotlinx.coroutines.EventLoopImplBase.processNextEvent(EventLoop.common.kt:274) [kotlinx-coroutines-core-jvm-1.4.3.jar:?]
		at kotlinx.coroutines.DefaultExecutor.run(DefaultExecutor.kt:69) [kotlinx-coroutines-core-jvm-1.4.3.jar:?]
		at java.lang.Thread.run(Thread.java:748) [?:1.8.0_181]
18:01:01.771 [Test worker] DEBUG o.s.w.c.RestTemplate - Response 500 INTERNAL_SERVER_ERROR
18:01:01.771 [Test worker] DEBUG o.s.w.t.h.s.r.b.UndertowHttpServer - Stopping UndertowHttpServer...
18:01:01.771 [Test worker] INFO  i.undertow - stopping server: Undertow - 2.2.7.Final
18:01:01.771 [Test worker] DEBUG o.s.w.t.h.s.r.b.UndertowHttpServer - Server stopped (0 millis).
18:01:01.791 [Test worker] DEBUG o.s.w.r.r.m.a.RequestMappingHandlerMapping - 6 mappings in 'requestMappingHandlerMapping'
18:01:01.799 [Test worker] DEBUG o.s.w.r.r.m.a.ControllerMethodResolver - ControllerAdvice beans: none
18:01:01.800 [Test worker] DEBUG o.s.w.s.a.HttpWebHandlerAdapter - enableLoggingRequestDetails='false': form data and headers will be masked to prevent unsafe logging of potentially sensitive data
18:01:01.801 [Test worker] WARN  o.e.j.s.h.ContextHandler - Empty contextPath
18:01:01.801 [Test worker] INFO  o.e.j.s.h.ContextHandler - Started o.e.j.s.ServletContextHandler@207c2558{/,null,AVAILABLE}
18:01:01.801 [Test worker] DEBUG o.s.w.t.h.s.r.b.JettyHttpServer - Starting JettyHttpServer...
18:01:01.801 [Test worker] INFO  o.e.j.s.Server - jetty-9.4.39.v20210325; built: 2021-03-25T14:42:11.471Z; git: 9fc7ca5a922f2a37b84ec9dbc26a5168cee7e667; jvm 1.8.0_181-b13
18:01:01.803 [Test worker] INFO  o.e.j.s.AbstractConnector - Started ServerConnector@4dd4bee4{HTTP/1.1, (http/1.1)}{0.0.0.0:55425}
18:01:01.803 [Test worker] INFO  o.e.j.s.Server - Started @828832ms
18:01:01.803 [Test worker] DEBUG o.s.w.t.h.s.r.b.JettyHttpServer - Server started on port 55425(0 millis).
18:01:01.803 [Test worker] DEBUG o.s.w.c.RestTemplate - HTTP GET http://localhost:55425/flow-error
18:01:01.803 [Test worker] DEBUG o.s.w.c.RestTemplate - Accept=[text/plain, application/json, application/x-jackson-smile, application/*+json, */*]
18:01:01.805 [qtp440833447-4926] DEBUG o.s.w.s.a.HttpWebHandlerAdapter - [3553242] HTTP GET "/flow-error"
18:01:01.805 [qtp440833447-4926] DEBUG o.s.w.r.r.m.a.RequestMappingHandlerMapping - [3553242] Mapped to org.springframework.web.reactive.result.method.annotation.CoroutinesIntegrationTests$CoroutinesController#flowError(Continuation)
18:01:01.810 [qtp440833447-4926] DEBUG o.s.w.r.r.m.a.ResponseBodyResultHandler - [3553242] Using 'text/plain;charset=UTF-8' given [text/plain, application/json, application/x-jackson-smile, application/*+json, */*] and supported [text/plain;charset=UTF-8, text/event-stream, text/plain;charset=UTF-8, */*]
18:01:01.810 [qtp440833447-4926] DEBUG o.s.w.r.r.m.a.ResponseBodyResultHandler - [3553242] 0..N [java.lang.String]
18:01:01.823 [kotlinx.coroutines.DefaultExecutor] ERROR o.s.w.s.a.HttpWebHandlerAdapter - [3553242] 500 Server Error for HTTP GET "/flow-error"
java.lang.IllegalStateException: null
	at org.springframework.web.reactive.result.method.annotation.CoroutinesIntegrationTests$CoroutinesController$flowError$2.invokeSuspend(CoroutinesIntegrationTests.kt:150) ~[test/:?]
	Suppressed: reactor.core.publisher.FluxOnAssembly$OnAssemblyException: 
Error has been observed at the following site(s):
	|_ checkpoint ⇢ Handler org.springframework.web.reactive.result.method.annotation.CoroutinesIntegrationTests$CoroutinesController#flowError(Continuation) [DispatcherHandler]
	|_ checkpoint ⇢ HTTP GET "/flow-error" [ExceptionHandlingWebHandler]
Stack trace:
		at org.springframework.web.reactive.result.method.annotation.CoroutinesIntegrationTests$CoroutinesController$flowError$2.invokeSuspend(CoroutinesIntegrationTests.kt:150) ~[test/:?]
		at kotlin.coroutines.jvm.internal.BaseContinuationImpl.resumeWith(ContinuationImpl.kt:33) [kotlin-stdlib-1.4.32.jar:1.4.32-release-371 (1.4.32)]
		at kotlinx.coroutines.DispatchedTaskKt.resume(DispatchedTask.kt:234) [kotlinx-coroutines-core-jvm-1.4.3.jar:?]
		at kotlinx.coroutines.DispatchedTaskKt.resumeUnconfined(DispatchedTask.kt:190) [kotlinx-coroutines-core-jvm-1.4.3.jar:?]
		at kotlinx.coroutines.DispatchedTaskKt.dispatch(DispatchedTask.kt:161) [kotlinx-coroutines-core-jvm-1.4.3.jar:?]
		at kotlinx.coroutines.CancellableContinuationImpl.dispatchResume(CancellableContinuationImpl.kt:369) [kotlinx-coroutines-core-jvm-1.4.3.jar:?]
		at kotlinx.coroutines.CancellableContinuationImpl.resumeImpl(CancellableContinuationImpl.kt:403) [kotlinx-coroutines-core-jvm-1.4.3.jar:?]
		at kotlinx.coroutines.CancellableContinuationImpl.resumeImpl$default(CancellableContinuationImpl.kt:395) [kotlinx-coroutines-core-jvm-1.4.3.jar:?]
		at kotlinx.coroutines.CancellableContinuationImpl.resumeUndispatched(CancellableContinuationImpl.kt:491) [kotlinx-coroutines-core-jvm-1.4.3.jar:?]
		at kotlinx.coroutines.EventLoopImplBase$DelayedResumeTask.run(EventLoop.common.kt:489) [kotlinx-coroutines-core-jvm-1.4.3.jar:?]
		at kotlinx.coroutines.EventLoopImplBase.processNextEvent(EventLoop.common.kt:274) [kotlinx-coroutines-core-jvm-1.4.3.jar:?]
		at kotlinx.coroutines.DefaultExecutor.run(DefaultExecutor.kt:69) [kotlinx-coroutines-core-jvm-1.4.3.jar:?]
		at java.lang.Thread.run(Thread.java:748) [?:1.8.0_181]
18:01:01.826 [Test worker] DEBUG o.s.w.c.RestTemplate - Response 500 INTERNAL_SERVER_ERROR
18:01:01.827 [Test worker] DEBUG o.s.w.t.h.s.r.b.JettyHttpServer - Stopping JettyHttpServer...
18:01:01.827 [Test worker] INFO  o.e.j.s.h.ContextHandler - Stopped o.e.j.s.ServletContextHandler@207c2558{/,null,STOPPED}
18:01:01.828 [Test worker] INFO  o.e.j.s.AbstractConnector - Stopped ServerConnector@4dd4bee4{HTTP/1.1, (http/1.1)}{0.0.0.0:0}
18:01:01.828 [Test worker] DEBUG o.s.w.t.h.s.r.b.JettyHttpServer - Server stopped (0 millis).
18:01:01.846 [Test worker] DEBUG o.s.w.r.r.m.a.RequestMappingHandlerMapping - 6 mappings in 'requestMappingHandlerMapping'
18:01:01.854 [Test worker] DEBUG o.s.w.r.r.m.a.ControllerMethodResolver - ControllerAdvice beans: none
18:01:01.855 [Test worker] DEBUG o.s.w.s.a.HttpWebHandlerAdapter - enableLoggingRequestDetails='false': form data and headers will be masked to prevent unsafe logging of potentially sensitive data
18:01:01.855 [Test worker] DEBUG o.s.w.t.h.s.r.b.ReactorHttpServer - Starting ReactorHttpServer...
18:01:01.855 [Test worker] DEBUG o.s.w.t.h.s.r.b.ReactorHttpServer - Server started on port 55427(0 millis).
18:01:01.856 [Test worker] DEBUG o.s.w.c.RestTemplate - HTTP GET http://localhost:55427/flow-error
18:01:01.856 [Test worker] DEBUG o.s.w.c.RestTemplate - Accept=[text/plain, application/json, application/x-jackson-smile, application/*+json, */*]
18:01:01.858 [reactor-http-nio-11] DEBUG o.s.w.s.a.HttpWebHandlerAdapter - [ceee1a76-1, L:/127.0.0.1:55427 - R:/127.0.0.1:55428] HTTP GET "/flow-error"
18:01:01.858 [reactor-http-nio-11] DEBUG o.s.w.r.r.m.a.RequestMappingHandlerMapping - [ceee1a76-1, L:/127.0.0.1:55427 - R:/127.0.0.1:55428] Mapped to org.springframework.web.reactive.result.method.annotation.CoroutinesIntegrationTests$CoroutinesController#flowError(Continuation)
18:01:01.859 [reactor-http-nio-11] DEBUG o.s.w.r.r.m.a.ResponseBodyResultHandler - [ceee1a76-1, L:/127.0.0.1:55427 - R:/127.0.0.1:55428] Using 'text/plain;charset=UTF-8' given [text/plain, application/json, application/x-jackson-smile, application/*+json, */*] and supported [text/plain;charset=UTF-8, text/event-stream, text/plain;charset=UTF-8, */*]
18:01:01.859 [reactor-http-nio-11] DEBUG o.s.w.r.r.m.a.ResponseBodyResultHandler - [ceee1a76-1, L:/127.0.0.1:55427 - R:/127.0.0.1:55428] 0..N [java.lang.String]
18:01:01.863 [kotlinx.coroutines.DefaultExecutor] ERROR o.s.w.s.a.HttpWebHandlerAdapter - [ceee1a76-1, L:/127.0.0.1:55427 - R:/127.0.0.1:55428] 500 Server Error for HTTP GET "/flow-error"
java.lang.IllegalStateException: null
	at org.springframework.web.reactive.result.method.annotation.CoroutinesIntegrationTests$CoroutinesController$flowError$2.invokeSuspend(CoroutinesIntegrationTests.kt:150) ~[test/:?]
	Suppressed: reactor.core.publisher.FluxOnAssembly$OnAssemblyException: 
Error has been observed at the following site(s):
	|_ checkpoint ⇢ Handler org.springframework.web.reactive.result.method.annotation.CoroutinesIntegrationTests$CoroutinesController#flowError(Continuation) [DispatcherHandler]
	|_ checkpoint ⇢ HTTP GET "/flow-error" [ExceptionHandlingWebHandler]
Stack trace:
		at org.springframework.web.reactive.result.method.annotation.CoroutinesIntegrationTests$CoroutinesController$flowError$2.invokeSuspend(CoroutinesIntegrationTests.kt:150) ~[test/:?]
		at kotlin.coroutines.jvm.internal.BaseContinuationImpl.resumeWith(ContinuationImpl.kt:33) [kotlin-stdlib-1.4.32.jar:1.4.32-release-371 (1.4.32)]
		at kotlinx.coroutines.DispatchedTaskKt.resume(DispatchedTask.kt:234) [kotlinx-coroutines-core-jvm-1.4.3.jar:?]
		at kotlinx.coroutines.DispatchedTaskKt.resumeUnconfined(DispatchedTask.kt:190) [kotlinx-coroutines-core-jvm-1.4.3.jar:?]
		at kotlinx.coroutines.DispatchedTaskKt.dispatch(DispatchedTask.kt:161) [kotlinx-coroutines-core-jvm-1.4.3.jar:?]
		at kotlinx.coroutines.CancellableContinuationImpl.dispatchResume(CancellableContinuationImpl.kt:369) [kotlinx-coroutines-core-jvm-1.4.3.jar:?]
		at kotlinx.coroutines.CancellableContinuationImpl.resumeImpl(CancellableContinuationImpl.kt:403) [kotlinx-coroutines-core-jvm-1.4.3.jar:?]
		at kotlinx.coroutines.CancellableContinuationImpl.resumeImpl$default(CancellableContinuationImpl.kt:395) [kotlinx-coroutines-core-jvm-1.4.3.jar:?]
		at kotlinx.coroutines.CancellableContinuationImpl.resumeUndispatched(CancellableContinuationImpl.kt:491) [kotlinx-coroutines-core-jvm-1.4.3.jar:?]
		at kotlinx.coroutines.EventLoopImplBase$DelayedResumeTask.run(EventLoop.common.kt:489) [kotlinx-coroutines-core-jvm-1.4.3.jar:?]
		at kotlinx.coroutines.EventLoopImplBase.processNextEvent(EventLoop.common.kt:274) [kotlinx-coroutines-core-jvm-1.4.3.jar:?]
		at kotlinx.coroutines.DefaultExecutor.run(DefaultExecutor.kt:69) [kotlinx-coroutines-core-jvm-1.4.3.jar:?]
		at java.lang.Thread.run(Thread.java:748) [?:1.8.0_181]
18:01:01.865 [Test worker] DEBUG o.s.w.c.RestTemplate - Response 500 INTERNAL_SERVER_ERROR
18:01:01.865 [Test worker] DEBUG o.s.w.t.h.s.r.b.ReactorHttpServer - Stopping ReactorHttpServer...
18:01:01.865 [Test worker] DEBUG o.s.w.t.h.s.r.b.ReactorHttpServer - Server stopped (0 millis).
18:01:01.885 [Test worker] DEBUG o.s.w.r.r.m.a.RequestMappingHandlerMapping - 6 mappings in 'requestMappingHandlerMapping'
18:01:01.894 [Test worker] DEBUG o.s.w.r.r.m.a.ControllerMethodResolver - ControllerAdvice beans: none
18:01:01.895 [Test worker] DEBUG o.s.w.s.a.HttpWebHandlerAdapter - enableLoggingRequestDetails='false': form data and headers will be masked to prevent unsafe logging of potentially sensitive data
18:01:01.895 [Test worker] DEBUG o.s.w.t.h.s.r.b.TomcatHttpServer - Starting TomcatHttpServer...
18:01:01.899 [Test worker] DEBUG o.s.w.t.h.s.r.b.TomcatHttpServer - Server started on port 55429(0 millis).
18:01:01.899 [Test worker] DEBUG o.s.w.c.RestTemplate - HTTP GET http://localhost:55429/flow-error
18:01:01.899 [Test worker] DEBUG o.s.w.c.RestTemplate - Accept=[text/plain, application/json, application/x-jackson-smile, application/*+json, */*]
18:01:01.906 [http-nio-auto-72-exec-1] DEBUG o.s.w.s.a.HttpWebHandlerAdapter - [49376e01] HTTP GET "/flow-error"
18:01:01.906 [http-nio-auto-72-exec-1] DEBUG o.s.w.r.r.m.a.RequestMappingHandlerMapping - [49376e01] Mapped to org.springframework.web.reactive.result.method.annotation.CoroutinesIntegrationTests$CoroutinesController#flowError(Continuation)
18:01:01.907 [http-nio-auto-72-exec-1] DEBUG o.s.w.r.r.m.a.ResponseBodyResultHandler - [49376e01] Using 'text/plain;charset=UTF-8' given [text/plain, application/json, application/x-jackson-smile, application/*+json, */*] and supported [text/plain;charset=UTF-8, text/event-stream, text/plain;charset=UTF-8, */*]
18:01:01.907 [http-nio-auto-72-exec-1] DEBUG o.s.w.r.r.m.a.ResponseBodyResultHandler - [49376e01] 0..N [java.lang.String]
18:01:01.909 [kotlinx.coroutines.DefaultExecutor] ERROR o.s.w.s.a.HttpWebHandlerAdapter - [49376e01] 500 Server Error for HTTP GET "/flow-error"
java.lang.IllegalStateException: null
	at org.springframework.web.reactive.result.method.annotation.CoroutinesIntegrationTests$CoroutinesController$flowError$2.invokeSuspend(CoroutinesIntegrationTests.kt:150) ~[test/:?]
	Suppressed: reactor.core.publisher.FluxOnAssembly$OnAssemblyException: 
Error has been observed at the following site(s):
	|_ checkpoint ⇢ Handler org.springframework.web.reactive.result.method.annotation.CoroutinesIntegrationTests$CoroutinesController#flowError(Continuation) [DispatcherHandler]
	|_ checkpoint ⇢ HTTP GET "/flow-error" [ExceptionHandlingWebHandler]
Stack trace:
		at org.springframework.web.reactive.result.method.annotation.CoroutinesIntegrationTests$CoroutinesController$flowError$2.invokeSuspend(CoroutinesIntegrationTests.kt:150) ~[test/:?]
		at kotlin.coroutines.jvm.internal.BaseContinuationImpl.resumeWith(ContinuationImpl.kt:33) [kotlin-stdlib-1.4.32.jar:1.4.32-release-371 (1.4.32)]
		at kotlinx.coroutines.DispatchedTaskKt.resume(DispatchedTask.kt:234) [kotlinx-coroutines-core-jvm-1.4.3.jar:?]
		at kotlinx.coroutines.DispatchedTaskKt.resumeUnconfined(DispatchedTask.kt:190) [kotlinx-coroutines-core-jvm-1.4.3.jar:?]
		at kotlinx.coroutines.DispatchedTaskKt.dispatch(DispatchedTask.kt:161) [kotlinx-coroutines-core-jvm-1.4.3.jar:?]
		at kotlinx.coroutines.CancellableContinuationImpl.dispatchResume(CancellableContinuationImpl.kt:369) [kotlinx-coroutines-core-jvm-1.4.3.jar:?]
		at kotlinx.coroutines.CancellableContinuationImpl.resumeImpl(CancellableContinuationImpl.kt:403) [kotlinx-coroutines-core-jvm-1.4.3.jar:?]
		at kotlinx.coroutines.CancellableContinuationImpl.resumeImpl$default(CancellableContinuationImpl.kt:395) [kotlinx-coroutines-core-jvm-1.4.3.jar:?]
		at kotlinx.coroutines.CancellableContinuationImpl.resumeUndispatched(CancellableContinuationImpl.kt:491) [kotlinx-coroutines-core-jvm-1.4.3.jar:?]
		at kotlinx.coroutines.EventLoopImplBase$DelayedResumeTask.run(EventLoop.common.kt:489) [kotlinx-coroutines-core-jvm-1.4.3.jar:?]
		at kotlinx.coroutines.EventLoopImplBase.processNextEvent(EventLoop.common.kt:274) [kotlinx-coroutines-core-jvm-1.4.3.jar:?]
		at kotlinx.coroutines.DefaultExecutor.run(DefaultExecutor.kt:69) [kotlinx-coroutines-core-jvm-1.4.3.jar:?]
		at java.lang.Thread.run(Thread.java:748) [?:1.8.0_181]
18:01:01.916 [Test worker] DEBUG o.s.w.c.RestTemplate - Response 500 INTERNAL_SERVER_ERROR
18:01:01.917 [Test worker] DEBUG o.s.w.t.h.s.r.b.TomcatHttpServer - Stopping TomcatHttpServer...
18:01:13.098 [Test worker] DEBUG o.s.w.t.h.s.r.b.TomcatHttpServer - Server stopped (0 millis).
18:01:13.124 [Test worker] DEBUG o.s.w.r.r.m.a.RequestMappingHandlerMapping - 6 mappings in 'requestMappingHandlerMapping'
18:01:13.133 [Test worker] DEBUG o.s.w.r.r.m.a.ControllerMethodResolver - ControllerAdvice beans: none
18:01:13.135 [Test worker] DEBUG o.s.w.s.a.HttpWebHandlerAdapter - enableLoggingRequestDetails='false': form data and headers will be masked to prevent unsafe logging of potentially sensitive data
18:01:13.135 [Test worker] DEBUG o.s.w.t.h.s.r.b.UndertowHttpServer - Starting UndertowHttpServer...
18:01:13.135 [Test worker] INFO  i.undertow - starting server: Undertow - 2.2.7.Final
18:01:13.137 [Test worker] DEBUG o.s.w.t.h.s.r.b.UndertowHttpServer - Server started on port 55441(0 millis).
18:01:13.137 [Test worker] DEBUG o.s.w.c.RestTemplate - HTTP GET http://localhost:55441/flow-error
18:01:13.137 [Test worker] DEBUG o.s.w.c.RestTemplate - Accept=[text/plain, application/json, application/x-jackson-smile, application/*+json, */*]
18:01:13.140 [XNIO-77 I/O-6] DEBUG o.s.w.s.a.HttpWebHandlerAdapter - [43160104-73] HTTP GET "/flow-error"
18:01:13.140 [XNIO-77 I/O-6] DEBUG o.s.w.r.r.m.a.RequestMappingHandlerMapping - [43160104-73] Mapped to org.springframework.web.reactive.result.method.annotation.CoroutinesIntegrationTests$CoroutinesController#flowError(Continuation)
18:01:13.141 [XNIO-77 I/O-6] DEBUG o.s.w.r.r.m.a.ResponseBodyResultHandler - [43160104-73] Using 'text/plain;charset=UTF-8' given [text/plain, application/json, application/x-jackson-smile, application/*+json, */*] and supported [text/plain;charset=UTF-8, text/event-stream, text/plain;charset=UTF-8, */*]
18:01:13.141 [XNIO-77 I/O-6] DEBUG o.s.w.r.r.m.a.ResponseBodyResultHandler - [43160104-73] 0..N [java.lang.String]
18:01:13.143 [kotlinx.coroutines.DefaultExecutor] ERROR o.s.w.s.a.HttpWebHandlerAdapter - [43160104-73] 500 Server Error for HTTP GET "/flow-error"
java.lang.IllegalStateException: null
	at org.springframework.web.reactive.result.method.annotation.CoroutinesIntegrationTests$CoroutinesController$flowError$2.invokeSuspend(CoroutinesIntegrationTests.kt:150) ~[test/:?]
	Suppressed: reactor.core.publisher.FluxOnAssembly$OnAssemblyException: 
Error has been observed at the following site(s):
	|_ checkpoint ⇢ Handler org.springframework.web.reactive.result.method.annotation.CoroutinesIntegrationTests$CoroutinesController#flowError(Continuation) [DispatcherHandler]
	|_ checkpoint ⇢ HTTP GET "/flow-error" [ExceptionHandlingWebHandler]
Stack trace:
		at org.springframework.web.reactive.result.method.annotation.CoroutinesIntegrationTests$CoroutinesController$flowError$2.invokeSuspend(CoroutinesIntegrationTests.kt:150) ~[test/:?]
		at kotlin.coroutines.jvm.internal.BaseContinuationImpl.resumeWith(ContinuationImpl.kt:33) [kotlin-stdlib-1.4.32.jar:1.4.32-release-371 (1.4.32)]
		at kotlinx.coroutines.DispatchedTaskKt.resume(DispatchedTask.kt:234) [kotlinx-coroutines-core-jvm-1.4.3.jar:?]
		at kotlinx.coroutines.DispatchedTaskKt.resumeUnconfined(DispatchedTask.kt:190) [kotlinx-coroutines-core-jvm-1.4.3.jar:?]
		at kotlinx.coroutines.DispatchedTaskKt.dispatch(DispatchedTask.kt:161) [kotlinx-coroutines-core-jvm-1.4.3.jar:?]
		at kotlinx.coroutines.CancellableContinuationImpl.dispatchResume(CancellableContinuationImpl.kt:369) [kotlinx-coroutines-core-jvm-1.4.3.jar:?]
		at kotlinx.coroutines.CancellableContinuationImpl.resumeImpl(CancellableContinuationImpl.kt:403) [kotlinx-coroutines-core-jvm-1.4.3.jar:?]
		at kotlinx.coroutines.CancellableContinuationImpl.resumeImpl$default(CancellableContinuationImpl.kt:395) [kotlinx-coroutines-core-jvm-1.4.3.jar:?]
		at kotlinx.coroutines.CancellableContinuationImpl.resumeUndispatched(CancellableContinuationImpl.kt:491) [kotlinx-coroutines-core-jvm-1.4.3.jar:?]
		at kotlinx.coroutines.EventLoopImplBase$DelayedResumeTask.run(EventLoop.common.kt:489) [kotlinx-coroutines-core-jvm-1.4.3.jar:?]
		at kotlinx.coroutines.EventLoopImplBase.processNextEvent(EventLoop.common.kt:274) [kotlinx-coroutines-core-jvm-1.4.3.jar:?]
		at kotlinx.coroutines.DefaultExecutor.run(DefaultExecutor.kt:69) [kotlinx-coroutines-core-jvm-1.4.3.jar:?]
		at java.lang.Thread.run(Thread.java:748) [?:1.8.0_181]
18:01:13.144 [Test worker] DEBUG o.s.w.c.RestTemplate - Response 500 INTERNAL_SERVER_ERROR
18:01:13.144 [Test worker] DEBUG o.s.w.t.h.s.r.b.UndertowHttpServer - Stopping UndertowHttpServer...
18:01:13.144 [Test worker] INFO  i.undertow - stopping server: Undertow - 2.2.7.Final
18:01:13.145 [Test worker] DEBUG o.s.w.t.h.s.r.b.UndertowHttpServer - Server stopped (0 millis).
18:01:13.166 [Test worker] DEBUG o.s.w.r.r.m.a.RequestMappingHandlerMapping - 6 mappings in 'requestMappingHandlerMapping'
18:01:13.174 [Test worker] DEBUG o.s.w.r.r.m.a.ControllerMethodResolver - ControllerAdvice beans: none
18:01:13.176 [Test worker] DEBUG o.s.w.s.a.HttpWebHandlerAdapter - enableLoggingRequestDetails='false': form data and headers will be masked to prevent unsafe logging of potentially sensitive data
18:01:13.176 [Test worker] WARN  o.e.j.s.h.ContextHandler - Empty contextPath
18:01:13.176 [Test worker] INFO  o.e.j.s.h.ContextHandler - Started o.e.j.s.ServletContextHandler@1279cba{/,null,AVAILABLE}
18:01:13.176 [Test worker] DEBUG o.s.w.t.h.s.r.b.JettyHttpServer - Starting JettyHttpServer...
18:01:13.176 [Test worker] INFO  o.e.j.s.Server - jetty-9.4.39.v20210325; built: 2021-03-25T14:42:11.471Z; git: 9fc7ca5a922f2a37b84ec9dbc26a5168cee7e667; jvm 1.8.0_181-b13
18:01:13.177 [Test worker] INFO  o.e.j.s.AbstractConnector - Started ServerConnector@288c3d13{HTTP/1.1, (http/1.1)}{0.0.0.0:55443}
18:01:13.177 [Test worker] INFO  o.e.j.s.Server - Started @840206ms
18:01:13.177 [Test worker] DEBUG o.s.w.t.h.s.r.b.JettyHttpServer - Server started on port 55443(0 millis).
18:01:13.177 [Test worker] DEBUG o.s.w.c.RestTemplate - HTTP GET http://localhost:55443/deferred
18:01:13.177 [Test worker] DEBUG o.s.w.c.RestTemplate - Accept=[text/plain, application/json, application/x-jackson-smile, application/*+json, */*]
18:01:13.178 [qtp1694956706-4973] DEBUG o.s.w.s.a.HttpWebHandlerAdapter - [4ef6d00] HTTP GET "/deferred"
18:01:13.178 [qtp1694956706-4973] DEBUG o.s.w.r.r.m.a.RequestMappingHandlerMapping - [4ef6d00] Mapped to org.springframework.web.reactive.result.method.annotation.CoroutinesIntegrationTests$CoroutinesController#deferredEndpoint()
18:01:13.189 [qtp1694956706-4973] DEBUG o.s.w.r.r.m.a.ResponseBodyResultHandler - [4ef6d00] Using 'text/plain;charset=UTF-8' given [text/plain, application/json, application/x-jackson-smile, application/*+json, */*] and supported [text/plain;charset=UTF-8, text/event-stream, text/plain;charset=UTF-8, */*]
18:01:13.189 [qtp1694956706-4973] DEBUG o.s.w.r.r.m.a.ResponseBodyResultHandler - [4ef6d00] 0..1 [java.lang.String]
18:01:13.190 [qtp1694956706-4973 @coroutine#10] DEBUG o.s.c.c.CharSequenceEncoder - [4ef6d00] Writing "foo"
18:01:13.190 [Test worker] DEBUG o.s.w.c.RestTemplate - Response 200 OK
18:01:13.190 [qtp1694956706-4973 @coroutine#10] DEBUG o.s.w.s.a.HttpWebHandlerAdapter - [4ef6d00] Completed 200 OK
18:01:13.190 [Test worker] DEBUG o.s.w.c.RestTemplate - Reading to [java.lang.String] as "text/plain;charset=utf-8"
18:01:13.191 [Test worker] DEBUG o.s.w.t.h.s.r.b.JettyHttpServer - Stopping JettyHttpServer...
18:01:13.191 [Test worker] INFO  o.e.j.s.h.ContextHandler - Stopped o.e.j.s.ServletContextHandler@1279cba{/,null,STOPPED}
18:01:13.192 [Test worker] INFO  o.e.j.s.AbstractConnector - Stopped ServerConnector@288c3d13{HTTP/1.1, (http/1.1)}{0.0.0.0:0}
18:01:13.192 [Test worker] DEBUG o.s.w.t.h.s.r.b.JettyHttpServer - Server stopped (0 millis).
18:01:13.212 [Test worker] DEBUG o.s.w.r.r.m.a.RequestMappingHandlerMapping - 6 mappings in 'requestMappingHandlerMapping'
18:01:13.221 [Test worker] DEBUG o.s.w.r.r.m.a.ControllerMethodResolver - ControllerAdvice beans: none
18:01:13.222 [Test worker] DEBUG o.s.w.s.a.HttpWebHandlerAdapter - enableLoggingRequestDetails='false': form data and headers will be masked to prevent unsafe logging of potentially sensitive data
18:01:13.222 [Test worker] DEBUG o.s.w.t.h.s.r.b.ReactorHttpServer - Starting ReactorHttpServer...
18:01:13.223 [Test worker] DEBUG o.s.w.t.h.s.r.b.ReactorHttpServer - Server started on port 55445(0 millis).
18:01:13.223 [Test worker] DEBUG o.s.w.c.RestTemplate - HTTP GET http://localhost:55445/deferred
18:01:13.223 [Test worker] DEBUG o.s.w.c.RestTemplate - Accept=[text/plain, application/json, application/x-jackson-smile, application/*+json, */*]
18:01:13.225 [reactor-http-nio-13] DEBUG o.s.w.s.a.HttpWebHandlerAdapter - [8f41b7cc-1, L:/127.0.0.1:55445 - R:/127.0.0.1:55446] HTTP GET "/deferred"
18:01:13.225 [reactor-http-nio-13] DEBUG o.s.w.r.r.m.a.RequestMappingHandlerMapping - [8f41b7cc-1, L:/127.0.0.1:55445 - R:/127.0.0.1:55446] Mapped to org.springframework.web.reactive.result.method.annotation.CoroutinesIntegrationTests$CoroutinesController#deferredEndpoint()
18:01:13.226 [reactor-http-nio-13] DEBUG o.s.w.r.r.m.a.ResponseBodyResultHandler - [8f41b7cc-1, L:/127.0.0.1:55445 - R:/127.0.0.1:55446] Using 'text/plain;charset=UTF-8' given [text/plain, application/json, application/x-jackson-smile, application/*+json, */*] and supported [text/plain;charset=UTF-8, text/event-stream, text/plain;charset=UTF-8, */*]
18:01:13.226 [reactor-http-nio-13] DEBUG o.s.w.r.r.m.a.ResponseBodyResultHandler - [8f41b7cc-1, L:/127.0.0.1:55445 - R:/127.0.0.1:55446] 0..1 [java.lang.String]
18:01:13.228 [DefaultDispatcher-worker-1 @coroutine#12] DEBUG o.s.c.c.CharSequenceEncoder - [8f41b7cc-1, L:/127.0.0.1:55445 - R:/127.0.0.1:55446] Writing "foo"
18:01:13.230 [reactor-http-nio-13] DEBUG o.s.w.s.a.HttpWebHandlerAdapter - [8f41b7cc-1, L:/127.0.0.1:55445 - R:/127.0.0.1:55446] Completed 200 OK
18:01:13.230 [Test worker] DEBUG o.s.w.c.RestTemplate - Response 200 OK
18:01:13.230 [Test worker] DEBUG o.s.w.c.RestTemplate - Reading to [java.lang.String] as "text/plain;charset=UTF-8"
18:01:13.230 [Test worker] DEBUG o.s.w.t.h.s.r.b.ReactorHttpServer - Stopping ReactorHttpServer...
18:01:13.230 [Test worker] DEBUG o.s.w.t.h.s.r.b.ReactorHttpServer - Server stopped (0 millis).
18:01:13.250 [Test worker] DEBUG o.s.w.r.r.m.a.RequestMappingHandlerMapping - 6 mappings in 'requestMappingHandlerMapping'
18:01:13.261 [Test worker] DEBUG o.s.w.r.r.m.a.ControllerMethodResolver - ControllerAdvice beans: none
18:01:13.262 [Test worker] DEBUG o.s.w.s.a.HttpWebHandlerAdapter - enableLoggingRequestDetails='false': form data and headers will be masked to prevent unsafe logging of potentially sensitive data
18:01:13.263 [Test worker] DEBUG o.s.w.t.h.s.r.b.TomcatHttpServer - Starting TomcatHttpServer...
18:01:13.267 [Test worker] DEBUG o.s.w.t.h.s.r.b.TomcatHttpServer - Server started on port 55447(0 millis).
18:01:13.267 [Test worker] DEBUG o.s.w.c.RestTemplate - HTTP GET http://localhost:55447/deferred
18:01:13.267 [Test worker] DEBUG o.s.w.c.RestTemplate - Accept=[text/plain, application/json, application/x-jackson-smile, application/*+json, */*]
18:01:13.274 [http-nio-auto-73-exec-1] DEBUG o.s.w.s.a.HttpWebHandlerAdapter - [5ca9f507] HTTP GET "/deferred"
18:01:13.274 [http-nio-auto-73-exec-1] DEBUG o.s.w.r.r.m.a.RequestMappingHandlerMapping - [5ca9f507] Mapped to org.springframework.web.reactive.result.method.annotation.CoroutinesIntegrationTests$CoroutinesController#deferredEndpoint()
18:01:13.274 [http-nio-auto-73-exec-1] DEBUG o.s.w.r.r.m.a.ResponseBodyResultHandler - [5ca9f507] Using 'text/plain;charset=UTF-8' given [text/plain, application/json, application/x-jackson-smile, application/*+json, */*] and supported [text/plain;charset=UTF-8, text/event-stream, text/plain;charset=UTF-8, */*]
18:01:13.274 [http-nio-auto-73-exec-1] DEBUG o.s.w.r.r.m.a.ResponseBodyResultHandler - [5ca9f507] 0..1 [java.lang.String]
18:01:13.276 [http-nio-auto-73-exec-1 @coroutine#14] DEBUG o.s.c.c.CharSequenceEncoder - [5ca9f507] Writing "foo"
18:01:13.276 [http-nio-auto-73-exec-1] DEBUG o.s.w.s.a.HttpWebHandlerAdapter - [5ca9f507] Completed 200 OK
18:01:13.278 [Test worker] DEBUG o.s.w.c.RestTemplate - Response 200 OK
18:01:13.278 [Test worker] DEBUG o.s.w.c.RestTemplate - Reading to [java.lang.String] as "text/plain;charset=UTF-8"
18:01:13.279 [Test worker] DEBUG o.s.w.t.h.s.r.b.TomcatHttpServer - Stopping TomcatHttpServer...
18:01:24.454 [Test worker] DEBUG o.s.w.t.h.s.r.b.TomcatHttpServer - Server stopped (0 millis).
18:01:24.489 [Test worker] DEBUG o.s.w.r.r.m.a.RequestMappingHandlerMapping - 6 mappings in 'requestMappingHandlerMapping'
18:01:24.498 [Test worker] DEBUG o.s.w.r.r.m.a.ControllerMethodResolver - ControllerAdvice beans: none
18:01:24.500 [Test worker] DEBUG o.s.w.s.a.HttpWebHandlerAdapter - enableLoggingRequestDetails='false': form data and headers will be masked to prevent unsafe logging of potentially sensitive data
18:01:24.500 [Test worker] DEBUG o.s.w.t.h.s.r.b.UndertowHttpServer - Starting UndertowHttpServer...
18:01:24.500 [Test worker] INFO  i.undertow - starting server: Undertow - 2.2.7.Final
18:01:24.502 [Test worker] DEBUG o.s.w.t.h.s.r.b.UndertowHttpServer - Server started on port 55453(0 millis).
18:01:24.502 [Test worker] DEBUG o.s.w.c.RestTemplate - HTTP GET http://localhost:55453/deferred
18:01:24.502 [Test worker] DEBUG o.s.w.c.RestTemplate - Accept=[text/plain, application/json, application/x-jackson-smile, application/*+json, */*]
18:01:24.505 [XNIO-78 I/O-5] DEBUG o.s.w.s.a.HttpWebHandlerAdapter - [1e05cd47-74] HTTP GET "/deferred"
18:01:24.505 [XNIO-78 I/O-5] DEBUG o.s.w.r.r.m.a.RequestMappingHandlerMapping - [1e05cd47-74] Mapped to org.springframework.web.reactive.result.method.annotation.CoroutinesIntegrationTests$CoroutinesController#deferredEndpoint()
18:01:24.523 [XNIO-78 I/O-5] DEBUG o.s.w.r.r.m.a.ResponseBodyResultHandler - [1e05cd47-74] Using 'text/plain;charset=UTF-8' given [text/plain, application/json, application/x-jackson-smile, application/*+json, */*] and supported [text/plain;charset=UTF-8, text/event-stream, text/plain;charset=UTF-8, */*]
18:01:24.523 [XNIO-78 I/O-5] DEBUG o.s.w.r.r.m.a.ResponseBodyResultHandler - [1e05cd47-74] 0..1 [java.lang.String]
18:01:24.523 [XNIO-78 I/O-5 @coroutine#16] DEBUG o.s.c.c.CharSequenceEncoder - [1e05cd47-74] Writing "foo"
18:01:24.523 [XNIO-78 I/O-5] DEBUG o.s.w.s.a.HttpWebHandlerAdapter - [1e05cd47-74] Completed 200 OK
18:01:24.524 [Test worker] DEBUG o.s.w.c.RestTemplate - Response 200 OK
18:01:24.524 [Test worker] DEBUG o.s.w.c.RestTemplate - Reading to [java.lang.String] as "text/plain;charset=UTF-8"
18:01:24.524 [Test worker] DEBUG o.s.w.t.h.s.r.b.UndertowHttpServer - Stopping UndertowHttpServer...
18:01:24.524 [Test worker] INFO  i.undertow - stopping server: Undertow - 2.2.7.Final
18:01:24.524 [Test worker] DEBUG o.s.w.t.h.s.r.b.UndertowHttpServer - Server stopped (0 millis).
18:01:24.546 [Test worker] DEBUG o.s.w.r.r.m.a.RequestMappingHandlerMapping - 6 mappings in 'requestMappingHandlerMapping'
18:01:24.556 [Test worker] DEBUG o.s.w.r.r.m.a.ControllerMethodResolver - ControllerAdvice beans: none
18:01:24.557 [Test worker] DEBUG o.s.w.s.a.HttpWebHandlerAdapter - enableLoggingRequestDetails='false': form data and headers will be masked to prevent unsafe logging of potentially sensitive data
18:01:24.557 [Test worker] WARN  o.e.j.s.h.ContextHandler - Empty contextPath
18:01:24.558 [Test worker] INFO  o.e.j.s.h.ContextHandler - Started o.e.j.s.ServletContextHandler@79a341c1{/,null,AVAILABLE}
18:01:24.558 [Test worker] DEBUG o.s.w.t.h.s.r.b.JettyHttpServer - Starting JettyHttpServer...
18:01:24.558 [Test worker] INFO  o.e.j.s.Server - jetty-9.4.39.v20210325; built: 2021-03-25T14:42:11.471Z; git: 9fc7ca5a922f2a37b84ec9dbc26a5168cee7e667; jvm 1.8.0_181-b13
18:01:24.559 [Test worker] INFO  o.e.j.s.AbstractConnector - Started ServerConnector@7ddcb07a{HTTP/1.1, (http/1.1)}{0.0.0.0:55455}
18:01:24.559 [Test worker] INFO  o.e.j.s.Server - Started @851588ms
18:01:24.559 [Test worker] DEBUG o.s.w.t.h.s.r.b.JettyHttpServer - Server started on port 55455(0 millis).
18:01:24.559 [Test worker] DEBUG o.s.w.c.RestTemplate - HTTP GET http://localhost:55455/suspend
18:01:24.559 [Test worker] DEBUG o.s.w.c.RestTemplate - Accept=[text/plain, application/json, application/x-jackson-smile, application/*+json, */*]
18:01:24.560 [qtp1479244850-5021] DEBUG o.s.w.s.a.HttpWebHandlerAdapter - [198db558] HTTP GET "/suspend"
18:01:24.560 [qtp1479244850-5021] DEBUG o.s.w.r.r.m.a.RequestMappingHandlerMapping - [198db558] Mapped to org.springframework.web.reactive.result.method.annotation.CoroutinesIntegrationTests$CoroutinesController#suspendingEndpoint(Continuation)
18:01:24.561 [qtp1479244850-5021] DEBUG o.s.w.r.r.m.a.ResponseBodyResultHandler - [198db558] Using 'text/plain;charset=UTF-8' given [text/plain, application/json, application/x-jackson-smile, application/*+json, */*] and supported [text/plain;charset=UTF-8, text/event-stream, text/plain;charset=UTF-8, */*]
18:01:24.562 [qtp1479244850-5021] DEBUG o.s.w.r.r.m.a.ResponseBodyResultHandler - [198db558] 0..1 [java.lang.String]
18:01:24.564 [kotlinx.coroutines.DefaultExecutor @coroutine#17] DEBUG o.s.c.c.CharSequenceEncoder - [198db558] Writing "foo"
18:01:24.566 [kotlinx.coroutines.DefaultExecutor @coroutine#17] DEBUG o.s.w.s.a.HttpWebHandlerAdapter - [198db558] Completed 200 OK
18:01:24.566 [Test worker] DEBUG o.s.w.c.RestTemplate - Response 200 OK
18:01:24.568 [Test worker] DEBUG o.s.w.c.RestTemplate - Reading to [java.lang.String] as "text/plain;charset=utf-8"
18:01:24.568 [Test worker] DEBUG o.s.w.t.h.s.r.b.JettyHttpServer - Stopping JettyHttpServer...
18:01:24.568 [Test worker] INFO  o.e.j.s.h.ContextHandler - Stopped o.e.j.s.ServletContextHandler@79a341c1{/,null,STOPPED}
18:01:24.569 [Test worker] INFO  o.e.j.s.AbstractConnector - Stopped ServerConnector@7ddcb07a{HTTP/1.1, (http/1.1)}{0.0.0.0:0}
18:01:24.569 [Test worker] DEBUG o.s.w.t.h.s.r.b.JettyHttpServer - Server stopped (0 millis).
18:01:24.591 [Test worker] DEBUG o.s.w.r.r.m.a.RequestMappingHandlerMapping - 6 mappings in 'requestMappingHandlerMapping'
18:01:24.602 [Test worker] DEBUG o.s.w.r.r.m.a.ControllerMethodResolver - ControllerAdvice beans: none
18:01:24.603 [Test worker] DEBUG o.s.w.s.a.HttpWebHandlerAdapter - enableLoggingRequestDetails='false': form data and headers will be masked to prevent unsafe logging of potentially sensitive data
18:01:24.603 [Test worker] DEBUG o.s.w.t.h.s.r.b.ReactorHttpServer - Starting ReactorHttpServer...
18:01:24.604 [Test worker] DEBUG o.s.w.t.h.s.r.b.ReactorHttpServer - Server started on port 55457(0 millis).
18:01:24.604 [Test worker] DEBUG o.s.w.c.RestTemplate - HTTP GET http://localhost:55457/suspend
18:01:24.604 [Test worker] DEBUG o.s.w.c.RestTemplate - Accept=[text/plain, application/json, application/x-jackson-smile, application/*+json, */*]
18:01:24.607 [reactor-http-nio-15] DEBUG o.s.w.s.a.HttpWebHandlerAdapter - [967225bd-1, L:/127.0.0.1:55457 - R:/127.0.0.1:55458] HTTP GET "/suspend"
18:01:24.607 [reactor-http-nio-15] DEBUG o.s.w.r.r.m.a.RequestMappingHandlerMapping - [967225bd-1, L:/127.0.0.1:55457 - R:/127.0.0.1:55458] Mapped to org.springframework.web.reactive.result.method.annotation.CoroutinesIntegrationTests$CoroutinesController#suspendingEndpoint(Continuation)
18:01:24.607 [reactor-http-nio-15] DEBUG o.s.w.r.r.m.a.ResponseBodyResultHandler - [967225bd-1, L:/127.0.0.1:55457 - R:/127.0.0.1:55458] Using 'text/plain;charset=UTF-8' given [text/plain, application/json, application/x-jackson-smile, application/*+json, */*] and supported [text/plain;charset=UTF-8, text/event-stream, text/plain;charset=UTF-8, */*]
18:01:24.607 [reactor-http-nio-15] DEBUG o.s.w.r.r.m.a.ResponseBodyResultHandler - [967225bd-1, L:/127.0.0.1:55457 - R:/127.0.0.1:55458] 0..1 [java.lang.String]
18:01:24.611 [kotlinx.coroutines.DefaultExecutor @coroutine#18] DEBUG o.s.c.c.CharSequenceEncoder - [967225bd-1, L:/127.0.0.1:55457 - R:/127.0.0.1:55458] Writing "foo"
18:01:24.615 [Test worker] DEBUG o.s.w.c.RestTemplate - Response 200 OK
18:01:24.615 [reactor-http-nio-15] DEBUG o.s.w.s.a.HttpWebHandlerAdapter - [967225bd-1, L:/127.0.0.1:55457 - R:/127.0.0.1:55458] Completed 200 OK
18:01:24.615 [Test worker] DEBUG o.s.w.c.RestTemplate - Reading to [java.lang.String] as "text/plain;charset=UTF-8"
18:01:24.615 [Test worker] DEBUG o.s.w.t.h.s.r.b.ReactorHttpServer - Stopping ReactorHttpServer...
18:01:24.615 [Test worker] DEBUG o.s.w.t.h.s.r.b.ReactorHttpServer - Server stopped (0 millis).
18:01:24.637 [Test worker] DEBUG o.s.w.r.r.m.a.RequestMappingHandlerMapping - 6 mappings in 'requestMappingHandlerMapping'
18:01:24.647 [Test worker] DEBUG o.s.w.r.r.m.a.ControllerMethodResolver - ControllerAdvice beans: none
18:01:24.649 [Test worker] DEBUG o.s.w.s.a.HttpWebHandlerAdapter - enableLoggingRequestDetails='false': form data and headers will be masked to prevent unsafe logging of potentially sensitive data
18:01:24.649 [Test worker] DEBUG o.s.w.t.h.s.r.b.TomcatHttpServer - Starting TomcatHttpServer...
18:01:24.653 [Test worker] DEBUG o.s.w.t.h.s.r.b.TomcatHttpServer - Server started on port 55459(0 millis).
18:01:24.653 [Test worker] DEBUG o.s.w.c.RestTemplate - HTTP GET http://localhost:55459/suspend
18:01:24.653 [Test worker] DEBUG o.s.w.c.RestTemplate - Accept=[text/plain, application/json, application/x-jackson-smile, application/*+json, */*]
18:01:24.663 [http-nio-auto-74-exec-1] DEBUG o.s.w.s.a.HttpWebHandlerAdapter - [658dfc2d] HTTP GET "/suspend"
18:01:24.663 [http-nio-auto-74-exec-1] DEBUG o.s.w.r.r.m.a.RequestMappingHandlerMapping - [658dfc2d] Mapped to org.springframework.web.reactive.result.method.annotation.CoroutinesIntegrationTests$CoroutinesController#suspendingEndpoint(Continuation)
18:01:24.664 [http-nio-auto-74-exec-1] DEBUG o.s.w.r.r.m.a.ResponseBodyResultHandler - [658dfc2d] Using 'text/plain;charset=UTF-8' given [text/plain, application/json, application/x-jackson-smile, application/*+json, */*] and supported [text/plain;charset=UTF-8, text/event-stream, text/plain;charset=UTF-8, */*]
18:01:24.664 [http-nio-auto-74-exec-1] DEBUG o.s.w.r.r.m.a.ResponseBodyResultHandler - [658dfc2d] 0..1 [java.lang.String]
18:01:24.667 [kotlinx.coroutines.DefaultExecutor @coroutine#19] DEBUG o.s.c.c.CharSequenceEncoder - [658dfc2d] Writing "foo"
18:01:24.667 [kotlinx.coroutines.DefaultExecutor @coroutine#19] DEBUG o.s.w.s.a.HttpWebHandlerAdapter - [658dfc2d] Completed 200 OK
18:01:24.671 [Test worker] DEBUG o.s.w.c.RestTemplate - Response 200 OK
18:01:24.673 [Test worker] DEBUG o.s.w.c.RestTemplate - Reading to [java.lang.String] as "text/plain;charset=UTF-8"
18:01:24.677 [Test worker] DEBUG o.s.w.t.h.s.r.b.TomcatHttpServer - Stopping TomcatHttpServer...
18:01:35.827 [Test worker] DEBUG o.s.w.t.h.s.r.b.TomcatHttpServer - Server stopped (0 millis).
18:01:35.861 [Test worker] DEBUG o.s.w.r.r.m.a.RequestMappingHandlerMapping - 6 mappings in 'requestMappingHandlerMapping'
18:01:35.873 [Test worker] DEBUG o.s.w.r.r.m.a.ControllerMethodResolver - ControllerAdvice beans: none
18:01:35.874 [Test worker] DEBUG o.s.w.s.a.HttpWebHandlerAdapter - enableLoggingRequestDetails='false': form data and headers will be masked to prevent unsafe logging of potentially sensitive data
18:01:35.874 [Test worker] DEBUG o.s.w.t.h.s.r.b.UndertowHttpServer - Starting UndertowHttpServer...
18:01:35.874 [Test worker] INFO  i.undertow - starting server: Undertow - 2.2.7.Final
18:01:35.876 [Test worker] DEBUG o.s.w.t.h.s.r.b.UndertowHttpServer - Server started on port 55463(0 millis).
18:01:35.876 [Test worker] DEBUG o.s.w.c.RestTemplate - HTTP GET http://localhost:55463/suspend
18:01:35.876 [Test worker] DEBUG o.s.w.c.RestTemplate - Accept=[text/plain, application/json, application/x-jackson-smile, application/*+json, */*]
18:01:35.879 [XNIO-79 I/O-7] DEBUG o.s.w.s.a.HttpWebHandlerAdapter - [6d3644b5-75] HTTP GET "/suspend"
18:01:35.879 [XNIO-79 I/O-7] DEBUG o.s.w.r.r.m.a.RequestMappingHandlerMapping - [6d3644b5-75] Mapped to org.springframework.web.reactive.result.method.annotation.CoroutinesIntegrationTests$CoroutinesController#suspendingEndpoint(Continuation)
18:01:35.880 [XNIO-79 I/O-7] DEBUG o.s.w.r.r.m.a.ResponseBodyResultHandler - [6d3644b5-75] Using 'text/plain;charset=UTF-8' given [text/plain, application/json, application/x-jackson-smile, application/*+json, */*] and supported [text/plain;charset=UTF-8, text/event-stream, text/plain;charset=UTF-8, */*]
18:01:35.880 [XNIO-79 I/O-7] DEBUG o.s.w.r.r.m.a.ResponseBodyResultHandler - [6d3644b5-75] 0..1 [java.lang.String]
18:01:35.881 [kotlinx.coroutines.DefaultExecutor @coroutine#20] DEBUG o.s.c.c.CharSequenceEncoder - [6d3644b5-75] Writing "foo"
18:01:35.882 [XNIO-79 I/O-7] DEBUG o.s.w.s.a.HttpWebHandlerAdapter - [6d3644b5-75] Completed 200 OK
18:01:35.882 [Test worker] DEBUG o.s.w.c.RestTemplate - Response 200 OK
18:01:35.882 [Test worker] DEBUG o.s.w.c.RestTemplate - Reading to [java.lang.String] as "text/plain;charset=UTF-8"
18:01:35.882 [Test worker] DEBUG o.s.w.t.h.s.r.b.UndertowHttpServer - Stopping UndertowHttpServer...
18:01:35.882 [Test worker] INFO  i.undertow - stopping server: Undertow - 2.2.7.Final
18:01:35.882 [Test worker] DEBUG o.s.w.t.h.s.r.b.UndertowHttpServer - Server stopped (0 millis).
18:01:35.904 [Test worker] DEBUG o.s.w.r.r.m.a.RequestMappingHandlerMapping - 6 mappings in 'requestMappingHandlerMapping'
18:01:35.913 [Test worker] DEBUG o.s.w.r.r.m.a.ControllerMethodResolver - ControllerAdvice beans: none
18:01:35.915 [Test worker] DEBUG o.s.w.s.a.HttpWebHandlerAdapter - enableLoggingRequestDetails='false': form data and headers will be masked to prevent unsafe logging of potentially sensitive data
18:01:35.915 [Test worker] WARN  o.e.j.s.h.ContextHandler - Empty contextPath
18:01:35.915 [Test worker] INFO  o.e.j.s.h.ContextHandler - Started o.e.j.s.ServletContextHandler@2abcba18{/,null,AVAILABLE}
18:01:35.915 [Test worker] DEBUG o.s.w.t.h.s.r.b.JettyHttpServer - Starting JettyHttpServer...
18:01:35.915 [Test worker] INFO  o.e.j.s.Server - jetty-9.4.39.v20210325; built: 2021-03-25T14:42:11.471Z; git: 9fc7ca5a922f2a37b84ec9dbc26a5168cee7e667; jvm 1.8.0_181-b13
18:01:35.916 [Test worker] INFO  o.e.j.s.AbstractConnector - Started ServerConnector@f2593d8{HTTP/1.1, (http/1.1)}{0.0.0.0:55465}
18:01:35.916 [Test worker] INFO  o.e.j.s.Server - Started @862945ms
18:01:35.916 [Test worker] DEBUG o.s.w.t.h.s.r.b.JettyHttpServer - Server started on port 55465(0 millis).
18:01:35.916 [Test worker] DEBUG o.s.w.c.RestTemplate - HTTP GET http://localhost:55465/flow
18:01:35.916 [Test worker] DEBUG o.s.w.c.RestTemplate - Accept=[text/plain, application/json, application/x-jackson-smile, application/*+json, */*]
18:01:35.917 [qtp542650748-5067] DEBUG o.s.w.s.a.HttpWebHandlerAdapter - [2484ec54] HTTP GET "/flow"
18:01:35.917 [qtp542650748-5067] DEBUG o.s.w.r.r.m.a.RequestMappingHandlerMapping - [2484ec54] Mapped to org.springframework.web.reactive.result.method.annotation.CoroutinesIntegrationTests$CoroutinesController#flowEndpoint()
18:01:35.918 [qtp542650748-5067] DEBUG o.s.w.r.r.m.a.ResponseBodyResultHandler - [2484ec54] Using 'text/plain;charset=UTF-8' given [text/plain, application/json, application/x-jackson-smile, application/*+json, */*] and supported [text/plain;charset=UTF-8, text/event-stream, text/plain;charset=UTF-8, */*]
18:01:35.918 [qtp542650748-5067] DEBUG o.s.w.r.r.m.a.ResponseBodyResultHandler - [2484ec54] 0..N [java.lang.String]
18:01:35.922 [qtp542650748-5067] DEBUG o.s.c.c.CharSequenceEncoder - [2484ec54] Writing "foo"
18:01:35.923 [Test worker] DEBUG o.s.w.c.RestTemplate - Response 200 OK
18:01:35.923 [Test worker] DEBUG o.s.w.c.RestTemplate - Reading to [java.lang.String] as "text/plain;charset=utf-8"
18:01:35.924 [kotlinx.coroutines.DefaultExecutor] DEBUG o.s.c.c.CharSequenceEncoder - [2484ec54] Writing "bar"
18:01:35.927 [kotlinx.coroutines.DefaultExecutor] DEBUG o.s.w.s.a.HttpWebHandlerAdapter - [2484ec54] Completed 200 OK
18:01:35.929 [Test worker] DEBUG o.s.w.t.h.s.r.b.JettyHttpServer - Stopping JettyHttpServer...
18:01:35.929 [Test worker] INFO  o.e.j.s.h.ContextHandler - Stopped o.e.j.s.ServletContextHandler@2abcba18{/,null,STOPPED}
18:01:35.930 [Test worker] INFO  o.e.j.s.AbstractConnector - Stopped ServerConnector@f2593d8{HTTP/1.1, (http/1.1)}{0.0.0.0:0}
18:01:35.930 [Test worker] DEBUG o.s.w.t.h.s.r.b.JettyHttpServer - Server stopped (0 millis).
18:01:35.950 [Test worker] DEBUG o.s.w.r.r.m.a.RequestMappingHandlerMapping - 6 mappings in 'requestMappingHandlerMapping'
18:01:35.958 [Test worker] DEBUG o.s.w.r.r.m.a.ControllerMethodResolver - ControllerAdvice beans: none
18:01:35.960 [Test worker] DEBUG o.s.w.s.a.HttpWebHandlerAdapter - enableLoggingRequestDetails='false': form data and headers will be masked to prevent unsafe logging of potentially sensitive data
18:01:35.960 [Test worker] DEBUG o.s.w.t.h.s.r.b.ReactorHttpServer - Starting ReactorHttpServer...
18:01:35.960 [Test worker] DEBUG o.s.w.t.h.s.r.b.ReactorHttpServer - Server started on port 55467(0 millis).
18:01:35.960 [Test worker] DEBUG o.s.w.c.RestTemplate - HTTP GET http://localhost:55467/flow
18:01:35.960 [Test worker] DEBUG o.s.w.c.RestTemplate - Accept=[text/plain, application/json, application/x-jackson-smile, application/*+json, */*]
18:01:35.962 [reactor-http-nio-1] DEBUG o.s.w.s.a.HttpWebHandlerAdapter - [d64504f5-1, L:/127.0.0.1:55467 - R:/127.0.0.1:55468] HTTP GET "/flow"
18:01:35.963 [reactor-http-nio-1] DEBUG o.s.w.r.r.m.a.RequestMappingHandlerMapping - [d64504f5-1, L:/127.0.0.1:55467 - R:/127.0.0.1:55468] Mapped to org.springframework.web.reactive.result.method.annotation.CoroutinesIntegrationTests$CoroutinesController#flowEndpoint()
18:01:35.963 [reactor-http-nio-1] DEBUG o.s.w.r.r.m.a.ResponseBodyResultHandler - [d64504f5-1, L:/127.0.0.1:55467 - R:/127.0.0.1:55468] Using 'text/plain;charset=UTF-8' given [text/plain, application/json, application/x-jackson-smile, application/*+json, */*] and supported [text/plain;charset=UTF-8, text/event-stream, text/plain;charset=UTF-8, */*]
18:01:35.963 [reactor-http-nio-1] DEBUG o.s.w.r.r.m.a.ResponseBodyResultHandler - [d64504f5-1, L:/127.0.0.1:55467 - R:/127.0.0.1:55468] 0..N [java.lang.String]
18:01:35.963 [reactor-http-nio-1] DEBUG o.s.c.c.CharSequenceEncoder - [d64504f5-1, L:/127.0.0.1:55467 - R:/127.0.0.1:55468] Writing "foo"
18:01:35.964 [Test worker] DEBUG o.s.w.c.RestTemplate - Response 200 OK
18:01:35.964 [Test worker] DEBUG o.s.w.c.RestTemplate - Reading to [java.lang.String] as "text/plain;charset=UTF-8"
18:01:35.965 [kotlinx.coroutines.DefaultExecutor] DEBUG o.s.c.c.CharSequenceEncoder - [d64504f5-1, L:/127.0.0.1:55467 - R:/127.0.0.1:55468] Writing "bar"
18:01:35.967 [reactor-http-nio-1] DEBUG o.s.w.s.a.HttpWebHandlerAdapter - [d64504f5-1, L:/127.0.0.1:55467 - R:/127.0.0.1:55468] Completed 200 OK
18:01:35.967 [Test worker] DEBUG o.s.w.t.h.s.r.b.ReactorHttpServer - Stopping ReactorHttpServer...
18:01:35.967 [Test worker] DEBUG o.s.w.t.h.s.r.b.ReactorHttpServer - Server stopped (0 millis).
18:01:35.994 [Test worker] DEBUG o.s.w.r.r.m.a.RequestMappingHandlerMapping - 6 mappings in 'requestMappingHandlerMapping'
18:01:36.003 [Test worker] DEBUG o.s.w.r.r.m.a.ControllerMethodResolver - ControllerAdvice beans: none
18:01:36.005 [Test worker] DEBUG o.s.w.s.a.HttpWebHandlerAdapter - enableLoggingRequestDetails='false': form data and headers will be masked to prevent unsafe logging of potentially sensitive data
18:01:36.005 [Test worker] DEBUG o.s.w.t.h.s.r.b.TomcatHttpServer - Starting TomcatHttpServer...
18:01:36.009 [Test worker] DEBUG o.s.w.t.h.s.r.b.TomcatHttpServer - Server started on port 55469(0 millis).
18:01:36.009 [Test worker] DEBUG o.s.w.c.RestTemplate - HTTP GET http://localhost:55469/flow
18:01:36.009 [Test worker] DEBUG o.s.w.c.RestTemplate - Accept=[text/plain, application/json, application/x-jackson-smile, application/*+json, */*]
18:01:36.017 [http-nio-auto-75-exec-1] DEBUG o.s.w.s.a.HttpWebHandlerAdapter - [6ddf7c7a] HTTP GET "/flow"
18:01:36.017 [http-nio-auto-75-exec-1] DEBUG o.s.w.r.r.m.a.RequestMappingHandlerMapping - [6ddf7c7a] Mapped to org.springframework.web.reactive.result.method.annotation.CoroutinesIntegrationTests$CoroutinesController#flowEndpoint()
18:01:36.017 [http-nio-auto-75-exec-1] DEBUG o.s.w.r.r.m.a.ResponseBodyResultHandler - [6ddf7c7a] Using 'text/plain;charset=UTF-8' given [text/plain, application/json, application/x-jackson-smile, application/*+json, */*] and supported [text/plain;charset=UTF-8, text/event-stream, text/plain;charset=UTF-8, */*]
18:01:36.017 [http-nio-auto-75-exec-1] DEBUG o.s.w.r.r.m.a.ResponseBodyResultHandler - [6ddf7c7a] 0..N [java.lang.String]
18:01:36.017 [http-nio-auto-75-exec-1] DEBUG o.s.c.c.CharSequenceEncoder - [6ddf7c7a] Writing "foo"
18:01:36.019 [kotlinx.coroutines.DefaultExecutor] DEBUG o.s.c.c.CharSequenceEncoder - [6ddf7c7a] Writing "bar"
18:01:36.021 [kotlinx.coroutines.DefaultExecutor] DEBUG o.s.w.s.a.HttpWebHandlerAdapter - [6ddf7c7a] Completed 200 OK
18:01:36.023 [Test worker] DEBUG o.s.w.c.RestTemplate - Response 200 OK
18:01:36.024 [Test worker] DEBUG o.s.w.c.RestTemplate - Reading to [java.lang.String] as "text/plain;charset=UTF-8"
18:01:36.026 [Test worker] DEBUG o.s.w.t.h.s.r.b.TomcatHttpServer - Stopping TomcatHttpServer...
18:01:47.200 [Test worker] DEBUG o.s.w.t.h.s.r.b.TomcatHttpServer - Server stopped (0 millis).
18:01:47.236 [Test worker] DEBUG o.s.w.r.r.m.a.RequestMappingHandlerMapping - 6 mappings in 'requestMappingHandlerMapping'
18:01:47.247 [Test worker] DEBUG o.s.w.r.r.m.a.ControllerMethodResolver - ControllerAdvice beans: none
18:01:47.248 [Test worker] DEBUG o.s.w.s.a.HttpWebHandlerAdapter - enableLoggingRequestDetails='false': form data and headers will be masked to prevent unsafe logging of potentially sensitive data
18:01:47.248 [Test worker] DEBUG o.s.w.t.h.s.r.b.UndertowHttpServer - Starting UndertowHttpServer...
18:01:47.248 [Test worker] INFO  i.undertow - starting server: Undertow - 2.2.7.Final
18:01:47.250 [Test worker] DEBUG o.s.w.t.h.s.r.b.UndertowHttpServer - Server started on port 55473(0 millis).
18:01:47.250 [Test worker] DEBUG o.s.w.c.RestTemplate - HTTP GET http://localhost:55473/flow
18:01:47.250 [Test worker] DEBUG o.s.w.c.RestTemplate - Accept=[text/plain, application/json, application/x-jackson-smile, application/*+json, */*]
18:01:47.253 [XNIO-80 I/O-1] DEBUG o.s.w.s.a.HttpWebHandlerAdapter - [56522200-76] HTTP GET "/flow"
18:01:47.253 [XNIO-80 I/O-1] DEBUG o.s.w.r.r.m.a.RequestMappingHandlerMapping - [56522200-76] Mapped to org.springframework.web.reactive.result.method.annotation.CoroutinesIntegrationTests$CoroutinesController#flowEndpoint()
18:01:47.266 [XNIO-80 I/O-1] DEBUG o.s.w.r.r.m.a.ResponseBodyResultHandler - [56522200-76] Using 'text/plain;charset=UTF-8' given [text/plain, application/json, application/x-jackson-smile, application/*+json, */*] and supported [text/plain;charset=UTF-8, text/event-stream, text/plain;charset=UTF-8, */*]
18:01:47.266 [XNIO-80 I/O-1] DEBUG o.s.w.r.r.m.a.ResponseBodyResultHandler - [56522200-76] 0..N [java.lang.String]
18:01:47.267 [XNIO-80 I/O-1] DEBUG o.s.c.c.CharSequenceEncoder - [56522200-76] Writing "foo"
18:01:47.267 [Test worker] DEBUG o.s.w.c.RestTemplate - Response 200 OK
18:01:47.267 [Test worker] DEBUG o.s.w.c.RestTemplate - Reading to [java.lang.String] as "text/plain;charset=UTF-8"
18:01:47.268 [kotlinx.coroutines.DefaultExecutor] DEBUG o.s.c.c.CharSequenceEncoder - [56522200-76] Writing "bar"
18:01:47.270 [XNIO-80 I/O-1] DEBUG o.s.w.s.a.HttpWebHandlerAdapter - [56522200-76] Completed 200 OK
18:01:47.270 [Test worker] DEBUG o.s.w.t.h.s.r.b.UndertowHttpServer - Stopping UndertowHttpServer...
18:01:47.270 [Test worker] INFO  i.undertow - stopping server: Undertow - 2.2.7.Final
18:01:47.271 [Test worker] DEBUG o.s.w.t.h.s.r.b.UndertowHttpServer - Server stopped (0 millis).
18:01:47.291 [Test worker] DEBUG o.s.w.r.r.m.a.RequestMappingHandlerMapping - 6 mappings in 'requestMappingHandlerMapping'
18:01:47.300 [Test worker] DEBUG o.s.w.r.r.m.a.ControllerMethodResolver - ControllerAdvice beans: none
18:01:47.301 [Test worker] DEBUG o.s.w.s.a.HttpWebHandlerAdapter - enableLoggingRequestDetails='false': form data and headers will be masked to prevent unsafe logging of potentially sensitive data
18:01:47.301 [Test worker] WARN  o.e.j.s.h.ContextHandler - Empty contextPath
18:01:47.301 [Test worker] INFO  o.e.j.s.h.ContextHandler - Started o.e.j.s.ServletContextHandler@376423a8{/,null,AVAILABLE}
18:01:47.302 [Test worker] DEBUG o.s.w.t.h.s.r.b.JettyHttpServer - Starting JettyHttpServer...
18:01:47.302 [Test worker] INFO  o.e.j.s.Server - jetty-9.4.39.v20210325; built: 2021-03-25T14:42:11.471Z; git: 9fc7ca5a922f2a37b84ec9dbc26a5168cee7e667; jvm 1.8.0_181-b13
18:01:47.303 [Test worker] INFO  o.e.j.s.AbstractConnector - Started ServerConnector@3f16de08{HTTP/1.1, (http/1.1)}{0.0.0.0:55475}
18:01:47.303 [Test worker] INFO  o.e.j.s.Server - Started @874331ms
18:01:47.303 [Test worker] DEBUG o.s.w.t.h.s.r.b.JettyHttpServer - Server started on port 55475(0 millis).
18:01:47.303 [Test worker] DEBUG o.s.w.c.RestTemplate - HTTP GET http://localhost:55475/suspending-flow
18:01:47.303 [Test worker] DEBUG o.s.w.c.RestTemplate - Accept=[text/plain, application/json, application/x-jackson-smile, application/*+json, */*]
18:01:47.304 [qtp1218690228-5113] DEBUG o.s.w.s.a.HttpWebHandlerAdapter - [2c289de8] HTTP GET "/suspending-flow"
18:01:47.304 [qtp1218690228-5113] DEBUG o.s.w.r.r.m.a.RequestMappingHandlerMapping - [2c289de8] Mapped to org.springframework.web.reactive.result.method.annotation.CoroutinesIntegrationTests$CoroutinesController#suspendingFlowEndpoint(Continuation)
18:01:47.304 [qtp1218690228-5113] DEBUG o.s.w.r.r.m.a.ResponseBodyResultHandler - [2c289de8] Using 'text/plain;charset=UTF-8' given [text/plain, application/json, application/x-jackson-smile, application/*+json, */*] and supported [text/plain;charset=UTF-8, text/event-stream, text/plain;charset=UTF-8, */*]
18:01:47.304 [qtp1218690228-5113] DEBUG o.s.w.r.r.m.a.ResponseBodyResultHandler - [2c289de8] 0..N [java.lang.String]
18:01:47.319 [kotlinx.coroutines.DefaultExecutor] DEBUG o.s.c.c.CharSequenceEncoder - [2c289de8] Writing "foo"
18:01:47.322 [Test worker] DEBUG o.s.w.c.RestTemplate - Response 200 OK
18:01:47.322 [Test worker] DEBUG o.s.w.c.RestTemplate - Reading to [java.lang.String] as "text/plain;charset=utf-8"
18:01:47.323 [kotlinx.coroutines.DefaultExecutor] DEBUG o.s.c.c.CharSequenceEncoder - [2c289de8] Writing "bar"
18:01:47.325 [kotlinx.coroutines.DefaultExecutor] DEBUG o.s.w.s.a.HttpWebHandlerAdapter - [2c289de8] Completed 200 OK
18:01:47.328 [Test worker] DEBUG o.s.w.t.h.s.r.b.JettyHttpServer - Stopping JettyHttpServer...
18:01:47.328 [Test worker] INFO  o.e.j.s.h.ContextHandler - Stopped o.e.j.s.ServletContextHandler@376423a8{/,null,STOPPED}
18:01:47.329 [Test worker] INFO  o.e.j.s.AbstractConnector - Stopped ServerConnector@3f16de08{HTTP/1.1, (http/1.1)}{0.0.0.0:0}
18:01:47.329 [Test worker] DEBUG o.s.w.t.h.s.r.b.JettyHttpServer - Server stopped (0 millis).
18:01:47.353 [Test worker] DEBUG o.s.w.r.r.m.a.RequestMappingHandlerMapping - 6 mappings in 'requestMappingHandlerMapping'
18:01:47.363 [Test worker] DEBUG o.s.w.r.r.m.a.ControllerMethodResolver - ControllerAdvice beans: none
18:01:47.364 [Test worker] DEBUG o.s.w.s.a.HttpWebHandlerAdapter - enableLoggingRequestDetails='false': form data and headers will be masked to prevent unsafe logging of potentially sensitive data
18:01:47.364 [Test worker] DEBUG o.s.w.t.h.s.r.b.ReactorHttpServer - Starting ReactorHttpServer...
18:01:47.364 [Test worker] DEBUG o.s.w.t.h.s.r.b.ReactorHttpServer - Server started on port 55477(0 millis).
18:01:47.364 [Test worker] DEBUG o.s.w.c.RestTemplate - HTTP GET http://localhost:55477/suspending-flow
18:01:47.365 [Test worker] DEBUG o.s.w.c.RestTemplate - Accept=[text/plain, application/json, application/x-jackson-smile, application/*+json, */*]
18:01:47.367 [reactor-http-nio-3] DEBUG o.s.w.s.a.HttpWebHandlerAdapter - [7697aaa7-1, L:/127.0.0.1:55477 - R:/127.0.0.1:55478] HTTP GET "/suspending-flow"
18:01:47.367 [reactor-http-nio-3] DEBUG o.s.w.r.r.m.a.RequestMappingHandlerMapping - [7697aaa7-1, L:/127.0.0.1:55477 - R:/127.0.0.1:55478] Mapped to org.springframework.web.reactive.result.method.annotation.CoroutinesIntegrationTests$CoroutinesController#suspendingFlowEndpoint(Continuation)
18:01:47.368 [reactor-http-nio-3] DEBUG o.s.w.r.r.m.a.ResponseBodyResultHandler - [7697aaa7-1, L:/127.0.0.1:55477 - R:/127.0.0.1:55478] Using 'text/plain;charset=UTF-8' given [text/plain, application/json, application/x-jackson-smile, application/*+json, */*] and supported [text/plain;charset=UTF-8, text/event-stream, text/plain;charset=UTF-8, */*]
18:01:47.368 [reactor-http-nio-3] DEBUG o.s.w.r.r.m.a.ResponseBodyResultHandler - [7697aaa7-1, L:/127.0.0.1:55477 - R:/127.0.0.1:55478] 0..N [java.lang.String]
18:01:47.382 [kotlinx.coroutines.DefaultExecutor] DEBUG o.s.c.c.CharSequenceEncoder - [7697aaa7-1, L:/127.0.0.1:55477 - R:/127.0.0.1:55478] Writing "foo"
18:01:47.385 [Test worker] DEBUG o.s.w.c.RestTemplate - Response 200 OK
18:01:47.386 [Test worker] DEBUG o.s.w.c.RestTemplate - Reading to [java.lang.String] as "text/plain;charset=UTF-8"
18:01:47.387 [kotlinx.coroutines.DefaultExecutor] DEBUG o.s.c.c.CharSequenceEncoder - [7697aaa7-1, L:/127.0.0.1:55477 - R:/127.0.0.1:55478] Writing "bar"
18:01:47.388 [reactor-http-nio-3] DEBUG o.s.w.s.a.HttpWebHandlerAdapter - [7697aaa7-1, L:/127.0.0.1:55477 - R:/127.0.0.1:55478] Completed 200 OK
18:01:47.388 [Test worker] DEBUG o.s.w.t.h.s.r.b.ReactorHttpServer - Stopping ReactorHttpServer...
18:01:47.388 [Test worker] DEBUG o.s.w.t.h.s.r.b.ReactorHttpServer - Server stopped (0 millis).
18:01:47.408 [Test worker] DEBUG o.s.w.r.r.m.a.RequestMappingHandlerMapping - 6 mappings in 'requestMappingHandlerMapping'
18:01:47.417 [Test worker] DEBUG o.s.w.r.r.m.a.ControllerMethodResolver - ControllerAdvice beans: none
18:01:47.419 [Test worker] DEBUG o.s.w.s.a.HttpWebHandlerAdapter - enableLoggingRequestDetails='false': form data and headers will be masked to prevent unsafe logging of potentially sensitive data
18:01:47.419 [Test worker] DEBUG o.s.w.t.h.s.r.b.TomcatHttpServer - Starting TomcatHttpServer...
18:01:47.422 [Test worker] DEBUG o.s.w.t.h.s.r.b.TomcatHttpServer - Server started on port 55479(0 millis).
18:01:47.422 [Test worker] DEBUG o.s.w.c.RestTemplate - HTTP GET http://localhost:55479/suspending-flow
18:01:47.422 [Test worker] DEBUG o.s.w.c.RestTemplate - Accept=[text/plain, application/json, application/x-jackson-smile, application/*+json, */*]
18:01:47.429 [http-nio-auto-76-exec-1] DEBUG o.s.w.s.a.HttpWebHandlerAdapter - [4b698c87] HTTP GET "/suspending-flow"
18:01:47.430 [http-nio-auto-76-exec-1] DEBUG o.s.w.r.r.m.a.RequestMappingHandlerMapping - [4b698c87] Mapped to org.springframework.web.reactive.result.method.annotation.CoroutinesIntegrationTests$CoroutinesController#suspendingFlowEndpoint(Continuation)
18:01:47.430 [http-nio-auto-76-exec-1] DEBUG o.s.w.r.r.m.a.ResponseBodyResultHandler - [4b698c87] Using 'text/plain;charset=UTF-8' given [text/plain, application/json, application/x-jackson-smile, application/*+json, */*] and supported [text/plain;charset=UTF-8, text/event-stream, text/plain;charset=UTF-8, */*]
18:01:47.430 [http-nio-auto-76-exec-1] DEBUG o.s.w.r.r.m.a.ResponseBodyResultHandler - [4b698c87] 0..N [java.lang.String]
18:01:47.442 [kotlinx.coroutines.DefaultExecutor] DEBUG o.s.c.c.CharSequenceEncoder - [4b698c87] Writing "foo"
18:01:47.443 [kotlinx.coroutines.DefaultExecutor] DEBUG o.s.c.c.CharSequenceEncoder - [4b698c87] Writing "bar"
18:01:47.445 [kotlinx.coroutines.DefaultExecutor] DEBUG o.s.w.s.a.HttpWebHandlerAdapter - [4b698c87] Completed 200 OK
18:01:47.449 [Test worker] DEBUG o.s.w.c.RestTemplate - Response 200 OK
18:01:47.451 [Test worker] DEBUG o.s.w.c.RestTemplate - Reading to [java.lang.String] as "text/plain;charset=UTF-8"
18:01:47.452 [Test worker] DEBUG o.s.w.t.h.s.r.b.TomcatHttpServer - Stopping TomcatHttpServer...
18:01:58.644 [Test worker] DEBUG o.s.w.t.h.s.r.b.TomcatHttpServer - Server stopped (0 millis).
18:01:58.673 [Test worker] DEBUG o.s.w.r.r.m.a.RequestMappingHandlerMapping - 6 mappings in 'requestMappingHandlerMapping'
18:01:58.683 [Test worker] DEBUG o.s.w.r.r.m.a.ControllerMethodResolver - ControllerAdvice beans: none
18:01:58.684 [Test worker] DEBUG o.s.w.s.a.HttpWebHandlerAdapter - enableLoggingRequestDetails='false': form data and headers will be masked to prevent unsafe logging of potentially sensitive data
18:01:58.684 [Test worker] DEBUG o.s.w.t.h.s.r.b.UndertowHttpServer - Starting UndertowHttpServer...
18:01:58.684 [Test worker] INFO  i.undertow - starting server: Undertow - 2.2.7.Final
18:01:58.686 [Test worker] DEBUG o.s.w.t.h.s.r.b.UndertowHttpServer - Server started on port 55483(0 millis).
18:01:58.686 [Test worker] DEBUG o.s.w.c.RestTemplate - HTTP GET http://localhost:55483/suspending-flow
18:01:58.686 [Test worker] DEBUG o.s.w.c.RestTemplate - Accept=[text/plain, application/json, application/x-jackson-smile, application/*+json, */*]
18:01:58.689 [XNIO-81 I/O-11] DEBUG o.s.w.s.a.HttpWebHandlerAdapter - [120233f3-77] HTTP GET "/suspending-flow"
18:01:58.689 [XNIO-81 I/O-11] DEBUG o.s.w.r.r.m.a.RequestMappingHandlerMapping - [120233f3-77] Mapped to org.springframework.web.reactive.result.method.annotation.CoroutinesIntegrationTests$CoroutinesController#suspendingFlowEndpoint(Continuation)
18:01:58.689 [XNIO-81 I/O-11] DEBUG o.s.w.r.r.m.a.ResponseBodyResultHandler - [120233f3-77] Using 'text/plain;charset=UTF-8' given [text/plain, application/json, application/x-jackson-smile, application/*+json, */*] and supported [text/plain;charset=UTF-8, text/event-stream, text/plain;charset=UTF-8, */*]
18:01:58.689 [XNIO-81 I/O-11] DEBUG o.s.w.r.r.m.a.ResponseBodyResultHandler - [120233f3-77] 0..N [java.lang.String]
18:01:58.702 [kotlinx.coroutines.DefaultExecutor] DEBUG o.s.c.c.CharSequenceEncoder - [120233f3-77] Writing "foo"
18:01:58.702 [Test worker] DEBUG o.s.w.c.RestTemplate - Response 200 OK
18:01:58.702 [Test worker] DEBUG o.s.w.c.RestTemplate - Reading to [java.lang.String] as "text/plain;charset=UTF-8"
18:01:58.703 [kotlinx.coroutines.DefaultExecutor] DEBUG o.s.c.c.CharSequenceEncoder - [120233f3-77] Writing "bar"
18:01:58.705 [XNIO-81 I/O-11] DEBUG o.s.w.s.a.HttpWebHandlerAdapter - [120233f3-77] Completed 200 OK
18:01:58.705 [Test worker] DEBUG o.s.w.t.h.s.r.b.UndertowHttpServer - Stopping UndertowHttpServer...
18:01:58.705 [Test worker] INFO  i.undertow - stopping server: Undertow - 2.2.7.Final
18:01:58.706 [Test worker] DEBUG o.s.w.t.h.s.r.b.UndertowHttpServer - Server stopped (0 millis).
]]></system-out>
  <system-err><![CDATA[]]></system-err>
</testsuite>
