<?xml version="1.0" encoding="UTF-8"?>
<testsuite name="org.springframework.web.reactive.result.view.script.KotlinScriptTemplateTests" tests="3" skipped="0" failures="0" errors="0" timestamp="2021-04-26T08:32:45" hostname="wangweilideMacBook-Pro.local" time="7.893">
  <properties/>
  <testcase name="renderTemplateWithFrenchLocale()" classname="org.springframework.web.reactive.result.view.script.KotlinScriptTemplateTests" time="6.453"/>
  <testcase name="renderTemplateWithoutRenderFunction()" classname="org.springframework.web.reactive.result.view.script.KotlinScriptTemplateTests" time="0.431"/>
  <testcase name="renderTemplateWithEnglishLocale()" classname="org.springframework.web.reactive.result.view.script.KotlinScriptTemplateTests" time="1.008"/>
  <system-out><![CDATA[]]></system-out>
  <system-err><![CDATA[]]></system-err>
</testsuite>
