<?xml version="1.0" encoding="UTF-8"?>
<testsuite name="org.springframework.web.reactive.config.DelegatingWebFluxConfigurationTests" tests="6" skipped="0" failures="0" errors="0" timestamp="2021-05-01T09:56:11" hostname="wangweilideMBP.lan" time="0.086">
  <properties/>
  <testcase name="webSocketService()" classname="org.springframework.web.reactive.config.DelegatingWebFluxConfigurationTests" time="0.059"/>
  <testcase name="requestMappingHandlerAdapter()" classname="org.springframework.web.reactive.config.DelegatingWebFluxConfigurationTests" time="0.012"/>
  <testcase name="responseBodyResultHandler()" classname="org.springframework.web.reactive.config.DelegatingWebFluxConfigurationTests" time="0.006"/>
  <testcase name="viewResolutionResultHandler()" classname="org.springframework.web.reactive.config.DelegatingWebFluxConfigurationTests" time="0.002"/>
  <testcase name="requestMappingHandlerMapping()" classname="org.springframework.web.reactive.config.DelegatingWebFluxConfigurationTests" time="0.001"/>
  <testcase name="resourceHandlerMapping()" classname="org.springframework.web.reactive.config.DelegatingWebFluxConfigurationTests" time="0.006"/>
  <system-out><![CDATA[]]></system-out>
  <system-err><![CDATA[]]></system-err>
</testsuite>
