<?xml version="1.0" encoding="UTF-8"?>
<testsuite name="org.springframework.web.reactive.result.view.AbstractViewTests" tests="1" skipped="0" failures="0" errors="0" timestamp="2021-04-26T08:31:58" hostname="wangweilideMacBook-Pro.local" time="0.094">
  <properties/>
  <testcase name="resolveAsyncAttributes()" classname="org.springframework.web.reactive.result.view.AbstractViewTests" time="0.094"/>
  <system-out><![CDATA[16:31:58.391 [Test worker] DEBUG o.s.w.r.r.v.AbstractViewTests$TestView - [76b4567b] View [TestView], model {attr5=MonoEmpty, attr2=FluxConcatMap, attr1=MonoDelayElement, attr4=io.reactivex.rxjava3.internal.operators.observable.ObservableFromArray@6e693cea, attr3=io.reactivex.rxjava3.internal.operators.single.SingleJust@151d4340}
]]></system-out>
  <system-err><![CDATA[]]></system-err>
</testsuite>
