<?xml version="1.0" encoding="UTF-8"?>
<testsuite name="org.springframework.web.reactive.function.server.HeadersWrapperTests" tests="8" skipped="0" failures="0" errors="0" timestamp="2021-05-01T09:51:13" hostname="wangweilideMBP.lan" time="0.006">
  <properties/>
  <testcase name="asHttpHeaders()" classname="org.springframework.web.reactive.function.server.HeadersWrapperTests" time="0.0"/>
  <testcase name="accept()" classname="org.springframework.web.reactive.function.server.HeadersWrapperTests" time="0.001"/>
  <testcase name="header()" classname="org.springframework.web.reactive.function.server.HeadersWrapperTests" time="0.001"/>
  <testcase name="acceptCharset()" classname="org.springframework.web.reactive.function.server.HeadersWrapperTests" time="0.0"/>
  <testcase name="contentLength()" classname="org.springframework.web.reactive.function.server.HeadersWrapperTests" time="0.002"/>
  <testcase name="contentType()" classname="org.springframework.web.reactive.function.server.HeadersWrapperTests" time="0.0"/>
  <testcase name="host()" classname="org.springframework.web.reactive.function.server.HeadersWrapperTests" time="0.0"/>
  <testcase name="range()" classname="org.springframework.web.reactive.function.server.HeadersWrapperTests" time="0.001"/>
  <system-out><![CDATA[]]></system-out>
  <system-err><![CDATA[]]></system-err>
</testsuite>
