<?xml version="1.0" encoding="UTF-8"?>
<testsuite name="org.springframework.web.reactive.result.method.annotation.RequestParamMethodArgumentResolverKotlinTests" tests="8" skipped="0" failures="0" errors="0" timestamp="2021-05-01T09:51:14" hostname="wangweilideMBP.lan" time="0.046">
  <properties/>
  <testcase name="resolveNullableRequiredWithoutParameter()" classname="org.springframework.web.reactive.result.method.annotation.RequestParamMethodArgumentResolverKotlinTests" time="0.01"/>
  <testcase name="resolveNonNullableRequiredWithParameter()" classname="org.springframework.web.reactive.result.method.annotation.RequestParamMethodArgumentResolverKotlinTests" time="0.006"/>
  <testcase name="resolveNonNullableNotRequiredWithParameter()" classname="org.springframework.web.reactive.result.method.annotation.RequestParamMethodArgumentResolverKotlinTests" time="0.005"/>
  <testcase name="resolveNonNullableNotRequiredWithoutParameter()" classname="org.springframework.web.reactive.result.method.annotation.RequestParamMethodArgumentResolverKotlinTests" time="0.005"/>
  <testcase name="resolveNullableNotRequiredWithoutParameter()" classname="org.springframework.web.reactive.result.method.annotation.RequestParamMethodArgumentResolverKotlinTests" time="0.004"/>
  <testcase name="resolveNullableNotRequiredWithParameter()" classname="org.springframework.web.reactive.result.method.annotation.RequestParamMethodArgumentResolverKotlinTests" time="0.005"/>
  <testcase name="resolveNullableRequiredWithParameter()" classname="org.springframework.web.reactive.result.method.annotation.RequestParamMethodArgumentResolverKotlinTests" time="0.005"/>
  <testcase name="resolveNonNullableRequiredWithoutParameter()" classname="org.springframework.web.reactive.result.method.annotation.RequestParamMethodArgumentResolverKotlinTests" time="0.005"/>
  <system-out><![CDATA[]]></system-out>
  <system-err><![CDATA[]]></system-err>
</testsuite>
