<?xml version="1.0" encoding="UTF-8"?>
<testsuite name="org.springframework.web.reactive.result.view.LocaleContextResolverIntegrationTests" tests="4" skipped="0" failures="0" errors="0" timestamp="2021-05-01T09:47:22" hostname="wangweilideMBP.lan" time="14.025">
  <properties/>
  <testcase name="[1] org.springframework.web.testfixture.http.server.reactive.bootstrap.JettyHttpServer@1ec7cec6" classname="org.springframework.web.reactive.result.view.LocaleContextResolverIntegrationTests" time="1.828"/>
  <testcase name="[2] org.springframework.web.testfixture.http.server.reactive.bootstrap.ReactorHttpServer@31586fa" classname="org.springframework.web.reactive.result.view.LocaleContextResolverIntegrationTests" time="0.139"/>
  <testcase name="[3] org.springframework.web.testfixture.http.server.reactive.bootstrap.TomcatHttpServer@18c9ddc0" classname="org.springframework.web.reactive.result.view.LocaleContextResolverIntegrationTests" time="11.837"/>
  <testcase name="[4] org.springframework.web.testfixture.http.server.reactive.bootstrap.UndertowHttpServer@2ed87562" classname="org.springframework.web.reactive.result.view.LocaleContextResolverIntegrationTests" time="0.192"/>
  <system-out><![CDATA[17:47:22.315 [Test worker] DEBUG o.s.w.r.r.m.a.RequestMappingHandlerMapping - 1 mappings in 'requestMappingHandlerMapping'
17:47:22.663 [Test worker] INFO  o.h.v.i.u.Version - HV000001: Hibernate Validator 6.2.0.Final
17:47:23.045 [Test worker] DEBUG o.s.w.r.r.m.a.ControllerMethodResolver - ControllerAdvice beans: none
17:47:23.113 [Test worker] DEBUG o.s.w.s.a.HttpWebHandlerAdapter - enableLoggingRequestDetails='false': form data and headers will be masked to prevent unsafe logging of potentially sensitive data
17:47:23.134 [Test worker] INFO  o.e.j.u.log - Logging initialized @10169ms to org.eclipse.jetty.util.log.Slf4jLog
17:47:23.201 [Test worker] WARN  o.e.j.s.h.ContextHandler - Empty contextPath
17:47:23.259 [Test worker] INFO  o.e.j.s.h.ContextHandler - Started o.e.j.s.ServletContextHandler@592c6a9e{/,null,AVAILABLE}
17:47:23.311 [Test worker] DEBUG o.s.w.t.h.s.r.b.JettyHttpServer - Starting JettyHttpServer...
17:47:23.317 [Test worker] INFO  o.e.j.s.Server - jetty-9.4.39.v20210325; built: 2021-03-25T14:42:11.471Z; git: 9fc7ca5a922f2a37b84ec9dbc26a5168cee7e667; jvm 1.8.0_181-b13
17:47:23.383 [Test worker] INFO  o.e.j.s.AbstractConnector - Started ServerConnector@2290221{HTTP/1.1, (http/1.1)}{0.0.0.0:51689}
17:47:23.384 [Test worker] INFO  o.e.j.s.Server - Started @10421ms
17:47:23.387 [Test worker] DEBUG o.s.w.t.h.s.r.b.JettyHttpServer - Server started on port 51689(0 millis).
17:47:23.466 [Test worker] DEBUG o.s.w.r.f.c.ExchangeFunctions - [206da0ea] HTTP GET http://localhost:51689/
17:47:23.931 [qtp461588388-57] DEBUG o.s.w.s.a.HttpWebHandlerAdapter - [7fe1a8d7] HTTP GET "/"
17:47:23.933 [qtp461588388-57] DEBUG o.s.w.r.r.m.a.RequestMappingHandlerMapping - [7fe1a8d7] Mapped to org.springframework.web.reactive.result.view.LocaleContextResolverIntegrationTests$TestController#foo()
17:47:23.938 [qtp461588388-57] DEBUG o.s.w.r.r.v.ViewResolutionResultHandler - [7fe1a8d7] Using 'text/html' given [*/*] and supported [text/html]
17:47:23.939 [qtp461588388-57] DEBUG o.s.w.s.a.HttpWebHandlerAdapter - [7fe1a8d7] Completed 200 OK
17:47:23.954 [reactor-http-nio-2] DEBUG o.s.w.r.f.c.ExchangeFunctions - [206da0ea] [eb14936d-1, L:/127.0.0.1:51690 - R:localhost/127.0.0.1:51689] Response 200 OK
17:47:23.965 [Test worker] DEBUG o.s.w.t.h.s.r.b.JettyHttpServer - Stopping JettyHttpServer...
17:47:23.966 [Test worker] INFO  o.e.j.s.h.ContextHandler - Stopped o.e.j.s.ServletContextHandler@592c6a9e{/,null,STOPPED}
17:47:23.976 [Test worker] INFO  o.e.j.s.AbstractConnector - Stopped ServerConnector@2290221{HTTP/1.1, (http/1.1)}{0.0.0.0:0}
17:47:23.978 [Test worker] DEBUG o.s.w.t.h.s.r.b.JettyHttpServer - Server stopped (0 millis).
17:47:24.028 [Test worker] DEBUG o.s.w.r.r.m.a.RequestMappingHandlerMapping - 1 mappings in 'requestMappingHandlerMapping'
17:47:24.050 [Test worker] DEBUG o.s.w.r.r.m.a.ControllerMethodResolver - ControllerAdvice beans: none
17:47:24.058 [Test worker] DEBUG o.s.w.s.a.HttpWebHandlerAdapter - enableLoggingRequestDetails='false': form data and headers will be masked to prevent unsafe logging of potentially sensitive data
17:47:24.074 [Test worker] DEBUG o.s.w.t.h.s.r.b.ReactorHttpServer - Starting ReactorHttpServer...
17:47:24.085 [Test worker] DEBUG o.s.w.t.h.s.r.b.ReactorHttpServer - Server started on port 51693(0 millis).
17:47:24.086 [Test worker] DEBUG o.s.w.r.f.c.ExchangeFunctions - [6616d63f] HTTP GET http://localhost:51693/
17:47:24.118 [reactor-http-nio-5] DEBUG o.s.w.s.a.HttpWebHandlerAdapter - [2967b7cf-1, L:/127.0.0.1:51693 - R:/127.0.0.1:51694] HTTP GET "/"
17:47:24.119 [reactor-http-nio-5] DEBUG o.s.w.r.r.m.a.RequestMappingHandlerMapping - [2967b7cf-1, L:/127.0.0.1:51693 - R:/127.0.0.1:51694] Mapped to org.springframework.web.reactive.result.view.LocaleContextResolverIntegrationTests$TestController#foo()
17:47:24.121 [reactor-http-nio-5] DEBUG o.s.w.r.r.v.ViewResolutionResultHandler - [2967b7cf-1, L:/127.0.0.1:51693 - R:/127.0.0.1:51694] Using 'text/html' given [*/*] and supported [text/html]
17:47:24.121 [reactor-http-nio-5] DEBUG o.s.w.s.a.HttpWebHandlerAdapter - [2967b7cf-1, L:/127.0.0.1:51693 - R:/127.0.0.1:51694] Completed 200 OK
17:47:24.125 [reactor-http-nio-4] DEBUG o.s.w.r.f.c.ExchangeFunctions - [6616d63f] [e84fd00b-1, L:/127.0.0.1:51694 - R:localhost/127.0.0.1:51693] Response 200 OK
17:47:24.126 [Test worker] DEBUG o.s.w.t.h.s.r.b.ReactorHttpServer - Stopping ReactorHttpServer...
17:47:24.128 [Test worker] DEBUG o.s.w.t.h.s.r.b.ReactorHttpServer - Server stopped (0 millis).
17:47:24.180 [Test worker] DEBUG o.s.w.r.r.m.a.RequestMappingHandlerMapping - 1 mappings in 'requestMappingHandlerMapping'
17:47:24.206 [Test worker] DEBUG o.s.w.r.r.m.a.ControllerMethodResolver - ControllerAdvice beans: none
17:47:24.213 [Test worker] DEBUG o.s.w.s.a.HttpWebHandlerAdapter - enableLoggingRequestDetails='false': form data and headers will be masked to prevent unsafe logging of potentially sensitive data
17:47:24.294 [Test worker] DEBUG o.s.w.t.h.s.r.b.TomcatHttpServer - Starting TomcatHttpServer...
17:47:24.697 [Test worker] DEBUG o.s.w.t.h.s.r.b.TomcatHttpServer - Server started on port 51697(0 millis).
17:47:24.698 [Test worker] DEBUG o.s.w.r.f.c.ExchangeFunctions - [fc3bf38] HTTP GET http://localhost:51697/
17:47:24.789 [http-nio-auto-1-exec-1] DEBUG o.s.w.s.a.HttpWebHandlerAdapter - [b983e1e] HTTP GET "/"
17:47:24.790 [http-nio-auto-1-exec-1] DEBUG o.s.w.r.r.m.a.RequestMappingHandlerMapping - [b983e1e] Mapped to org.springframework.web.reactive.result.view.LocaleContextResolverIntegrationTests$TestController#foo()
17:47:24.792 [http-nio-auto-1-exec-1] DEBUG o.s.w.r.r.v.ViewResolutionResultHandler - [b983e1e] Using 'text/html' given [*/*] and supported [text/html]
17:47:24.792 [http-nio-auto-1-exec-1] DEBUG o.s.w.s.a.HttpWebHandlerAdapter - [b983e1e] Completed 200 OK
17:47:24.798 [reactor-http-nio-6] DEBUG o.s.w.r.f.c.ExchangeFunctions - [fc3bf38] [a360829f-1, L:/127.0.0.1:51698 - R:localhost/127.0.0.1:51697] Response 200 OK
17:47:24.799 [Test worker] DEBUG o.s.w.t.h.s.r.b.TomcatHttpServer - Stopping TomcatHttpServer...
17:47:35.976 [Test worker] DEBUG o.s.w.t.h.s.r.b.TomcatHttpServer - Server stopped (0 millis).
17:47:36.008 [Test worker] DEBUG o.s.w.r.r.m.a.RequestMappingHandlerMapping - 1 mappings in 'requestMappingHandlerMapping'
17:47:36.021 [Test worker] DEBUG o.s.w.r.r.m.a.ControllerMethodResolver - ControllerAdvice beans: none
17:47:36.024 [Test worker] DEBUG o.s.w.s.a.HttpWebHandlerAdapter - enableLoggingRequestDetails='false': form data and headers will be masked to prevent unsafe logging of potentially sensitive data
17:47:36.029 [Test worker] DEBUG o.s.w.t.h.s.r.b.UndertowHttpServer - Starting UndertowHttpServer...
17:47:36.037 [Test worker] INFO  i.undertow - starting server: Undertow - 2.2.7.Final
17:47:36.047 [Test worker] INFO  o.xnio - XNIO version 3.8.0.Final
17:47:36.061 [Test worker] INFO  o.x.nio - XNIO NIO Implementation Version 3.8.0.Final
17:47:36.088 [Test worker] INFO  o.j.threads - JBoss Threads version 3.1.0.Final
17:47:36.134 [Test worker] DEBUG o.s.w.t.h.s.r.b.UndertowHttpServer - Server started on port 51741(0 millis).
17:47:36.134 [Test worker] DEBUG o.s.w.r.f.c.ExchangeFunctions - [1c6d0407] HTTP GET http://localhost:51741/
17:47:36.163 [XNIO-1 I/O-1] DEBUG o.s.w.s.a.HttpWebHandlerAdapter - [56a63503-1] HTTP GET "/"
17:47:36.164 [XNIO-1 I/O-1] DEBUG o.s.w.r.r.m.a.RequestMappingHandlerMapping - [56a63503-1] Mapped to org.springframework.web.reactive.result.view.LocaleContextResolverIntegrationTests$TestController#foo()
17:47:36.164 [XNIO-1 I/O-1] DEBUG o.s.w.r.r.v.ViewResolutionResultHandler - [56a63503-1] Using 'text/html' given [*/*] and supported [text/html]
17:47:36.164 [XNIO-1 I/O-1] DEBUG o.s.w.s.a.HttpWebHandlerAdapter - [56a63503-1] Completed 200 OK
17:47:36.169 [reactor-http-nio-7] DEBUG o.s.w.r.f.c.ExchangeFunctions - [1c6d0407] [e1c92dd0-1, L:/127.0.0.1:51742 - R:localhost/127.0.0.1:51741] Response 200 OK
17:47:36.170 [Test worker] DEBUG o.s.w.t.h.s.r.b.UndertowHttpServer - Stopping UndertowHttpServer...
17:47:36.170 [Test worker] INFO  i.undertow - stopping server: Undertow - 2.2.7.Final
17:47:36.175 [Test worker] DEBUG o.s.w.t.h.s.r.b.UndertowHttpServer - Server stopped (0 millis).
]]></system-out>
  <system-err><![CDATA[]]></system-err>
</testsuite>
