<?xml version="1.0" encoding="UTF-8"?>
<testsuite name="org.springframework.web.reactive.result.KotlinInvocableHandlerMethodTests" tests="6" skipped="0" failures="0" errors="0" timestamp="2021-05-01T09:53:59" hostname="wangweilideMBP.lan" time="5.659">
  <properties/>
  <testcase name="resolveArg()" classname="org.springframework.web.reactive.result.KotlinInvocableHandlerMethodTests" time="5.527"/>
  <testcase name="voidMethodWithResponseArg()" classname="org.springframework.web.reactive.result.KotlinInvocableHandlerMethodTests" time="0.025"/>
  <testcase name="resolveNoArgs()" classname="org.springframework.web.reactive.result.KotlinInvocableHandlerMethodTests" time="0.017"/>
  <testcase name="invocationTargetException()" classname="org.springframework.web.reactive.result.KotlinInvocableHandlerMethodTests" time="0.006"/>
  <testcase name="resolveNoArg()" classname="org.springframework.web.reactive.result.KotlinInvocableHandlerMethodTests" time="0.019"/>
  <testcase name="responseStatusAnnotation()" classname="org.springframework.web.reactive.result.KotlinInvocableHandlerMethodTests" time="0.02"/>
  <system-out><![CDATA[]]></system-out>
  <system-err><![CDATA[]]></system-err>
</testsuite>
