<?xml version="1.0" encoding="UTF-8"?>
<testsuite name="org.springframework.web.reactive.result.view.RedirectViewTests" tests="9" skipped="0" failures="0" errors="0" timestamp="2021-05-01T09:47:19" hostname="wangweilideMBP.lan" time="0.315">
  <properties/>
  <testcase name="expandUriTemplateVariablesFromExchangeAttribute()" classname="org.springframework.web.reactive.result.view.RedirectViewTests" time="0.217"/>
  <testcase name="expandUriTemplateVariablesFromModel()" classname="org.springframework.web.reactive.result.view.RedirectViewTests" time="0.009"/>
  <testcase name="propagateQueryParams()" classname="org.springframework.web.reactive.result.view.RedirectViewTests" time="0.017"/>
  <testcase name="contextRelativeQueryParam()" classname="org.springframework.web.reactive.result.view.RedirectViewTests" time="0.011"/>
  <testcase name="contextRelative()" classname="org.springframework.web.reactive.result.view.RedirectViewTests" time="0.014"/>
  <testcase name="customStatusCode()" classname="org.springframework.web.reactive.result.view.RedirectViewTests" time="0.011"/>
  <testcase name="defaultStatusCode()" classname="org.springframework.web.reactive.result.view.RedirectViewTests" time="0.012"/>
  <testcase name="noUrlSet()" classname="org.springframework.web.reactive.result.view.RedirectViewTests" time="0.01"/>
  <testcase name="remoteHost()" classname="org.springframework.web.reactive.result.view.RedirectViewTests" time="0.011"/>
  <system-out><![CDATA[17:47:19.356 [Test worker] DEBUG o.s.w.r.r.v.RedirectView - [420219aa] View [RedirectView], model {}
17:47:19.373 [Test worker] DEBUG o.s.w.r.r.v.RedirectView - [57c9c260] View [RedirectView], model {foo=bar}
17:47:19.389 [Test worker] DEBUG o.s.w.r.r.v.RedirectView - [1fef3ae5] View [RedirectView], model {}
17:47:19.402 [Test worker] DEBUG o.s.w.r.r.v.RedirectView - [5fe2f39d] View [RedirectView], model {}
17:47:19.416 [Test worker] DEBUG o.s.w.r.r.v.RedirectView - [4b3c09bb] View [RedirectView], model {}
17:47:19.427 [Test worker] DEBUG o.s.w.r.r.v.RedirectView - [3a4b2efb] View [RedirectView], model {}
17:47:19.440 [Test worker] DEBUG o.s.w.r.r.v.RedirectView - [3a6ac2f9] View [RedirectView], model {}
]]></system-out>
  <system-err><![CDATA[]]></system-err>
</testsuite>
