<?xml version="1.0" encoding="UTF-8"?>
<testsuite name="org.springframework.web.reactive.result.method.annotation.ResponseBodyResultHandlerTests" tests="3" skipped="0" failures="0" errors="0" timestamp="2021-05-01T09:48:25" hostname="wangweilideMBP.lan" time="0.007">
  <properties/>
  <testcase name="supports()" classname="org.springframework.web.reactive.result.method.annotation.ResponseBodyResultHandlerTests" time="0.003"/>
  <testcase name="defaultOrder()" classname="org.springframework.web.reactive.result.method.annotation.ResponseBodyResultHandlerTests" time="0.002"/>
  <testcase name="supportsRestController()" classname="org.springframework.web.reactive.result.method.annotation.ResponseBodyResultHandlerTests" time="0.002"/>
  <system-out><![CDATA[]]></system-out>
  <system-err><![CDATA[]]></system-err>
</testsuite>
