<?xml version="1.0" encoding="UTF-8"?>
<testsuite name="org.springframework.web.reactive.result.method.annotation.SessionAttributeMethodArgumentResolverTests" tests="5" skipped="0" failures="0" errors="0" timestamp="2021-05-01T09:49:53" hostname="wangweilideMBP.lan" time="0.073">
  <properties/>
  <testcase name="resolveOptional()" classname="org.springframework.web.reactive.result.method.annotation.SessionAttributeMethodArgumentResolverTests" time="0.039"/>
  <testcase name="resolve()" classname="org.springframework.web.reactive.result.method.annotation.SessionAttributeMethodArgumentResolverTests" time="0.009"/>
  <testcase name="resolveNotRequired()" classname="org.springframework.web.reactive.result.method.annotation.SessionAttributeMethodArgumentResolverTests" time="0.009"/>
  <testcase name="resolveWithName()" classname="org.springframework.web.reactive.result.method.annotation.SessionAttributeMethodArgumentResolverTests" time="0.008"/>
  <testcase name="supportsParameter()" classname="org.springframework.web.reactive.result.method.annotation.SessionAttributeMethodArgumentResolverTests" time="0.006"/>
  <system-out><![CDATA[]]></system-out>
  <system-err><![CDATA[]]></system-err>
</testsuite>
