<?xml version="1.0" encoding="UTF-8"?>
<testsuite name="org.springframework.web.reactive.result.view.HttpMessageWriterViewTests" tests="7" skipped="0" failures="0" errors="0" timestamp="2021-05-01T09:47:19" hostname="wangweilideMBP.lan" time="0.141">
  <properties/>
  <testcase name="singleMatch()" classname="org.springframework.web.reactive.result.view.HttpMessageWriterViewTests" time="0.052"/>
  <testcase name="multipleMatches()" classname="org.springframework.web.reactive.result.view.HttpMessageWriterViewTests" time="0.005"/>
  <testcase name="render()" classname="org.springframework.web.reactive.result.view.HttpMessageWriterViewTests" time="0.003"/>
  <testcase name="noMatchBecauseNotSupported()" classname="org.springframework.web.reactive.result.view.HttpMessageWriterViewTests" time="0.002"/>
  <testcase name="supportedMediaTypes()" classname="org.springframework.web.reactive.result.view.HttpMessageWriterViewTests" time="0.005"/>
  <testcase name="multipleMatchesNotSupported()" classname="org.springframework.web.reactive.result.view.HttpMessageWriterViewTests" time="0.003"/>
  <testcase name="noMatch()" classname="org.springframework.web.reactive.result.view.HttpMessageWriterViewTests" time="0.0"/>
  <system-out><![CDATA[17:47:19.969 [Test worker] DEBUG o.s.h.c.j.Jackson2JsonEncoder - [76d27f28] Encoding [[bar2]]
17:47:20.020 [Test worker] DEBUG o.s.h.c.j.Jackson2JsonEncoder - [1fd13b69] Encoding [{foo1=[bar1], foo2=[bar2]}]
17:47:20.032 [Test worker] DEBUG o.s.h.c.j.Jackson2JsonEncoder - [6ca82345] Encoding [{foo=f, bar=b}]
]]></system-out>
  <system-err><![CDATA[]]></system-err>
</testsuite>
