<?xml version="1.0" encoding="UTF-8"?>
<testsuite name="org.springframework.web.reactive.result.view.ViewResolutionResultHandlerTests" tests="9" skipped="0" failures="0" errors="0" timestamp="2021-05-01T09:48:12" hostname="wangweilideMBP.lan" time="0.494">
  <properties/>
  <testcase name="supports()" classname="org.springframework.web.reactive.result.view.ViewResolutionResultHandlerTests" time="0.323"/>
  <testcase name="contentNegotiationWith406()" classname="org.springframework.web.reactive.result.view.ViewResolutionResultHandlerTests" time="0.015"/>
  <testcase name="defaultViewName()" classname="org.springframework.web.reactive.result.view.ViewResolutionResultHandlerTests" time="0.065"/>
  <testcase name="unresolvedViewName()" classname="org.springframework.web.reactive.result.view.ViewResolutionResultHandlerTests" time="0.006"/>
  <testcase name="contentNegotiationWithRedirect()" classname="org.springframework.web.reactive.result.view.ViewResolutionResultHandlerTests" time="0.008"/>
  <testcase name="contentNegotiation()" classname="org.springframework.web.reactive.result.view.ViewResolutionResultHandlerTests" time="0.006"/>
  <testcase name="handleWithMultipleResolvers()" classname="org.springframework.web.reactive.result.view.ViewResolutionResultHandlerTests" time="0.006"/>
  <testcase name="handleReturnValueTypes()" classname="org.springframework.web.reactive.result.view.ViewResolutionResultHandlerTests" time="0.062"/>
  <testcase name="viewResolverOrder()" classname="org.springframework.web.reactive.result.view.ViewResolutionResultHandlerTests" time="0.0"/>
  <system-out><![CDATA[17:48:12.589 [Test worker] DEBUG o.s.w.r.r.v.ViewResolutionResultHandler - [3492cf06] No match for [application/json], supported: [text/html]
17:48:12.595 [Test worker] DEBUG o.s.w.r.r.v.ViewResolutionResultHandler - [126dc12f] Using 'text/html' given [*/*] and supported [text/html]
17:48:12.600 [Test worker] DEBUG o.s.w.r.r.v.ViewResolutionResultHandler - [2adfde] Using 'text/html' given [*/*] and supported [text/html]
17:48:12.605 [Test worker] DEBUG o.s.w.r.r.v.ViewResolutionResultHandler - [7c32024d] Using 'text/html' given [*/*] and supported [text/html]
17:48:12.609 [Test worker] DEBUG o.s.w.r.r.v.ViewResolutionResultHandler - [49c74633] Using 'text/html' given [*/*] and supported [text/html]
17:48:12.613 [Test worker] DEBUG o.s.w.r.r.v.ViewResolutionResultHandler - [71e42c55] Using 'text/html' given [*/*] and supported [text/html]
17:48:12.618 [Test worker] DEBUG o.s.w.r.r.v.ViewResolutionResultHandler - [2766d998] Using 'text/html' given [*/*] and supported [text/html]
17:48:12.624 [Test worker] DEBUG o.s.w.r.r.v.ViewResolutionResultHandler - [4baa9753] Using 'text/html' given [*/*] and supported [text/html]
17:48:12.629 [Test worker] DEBUG o.s.w.r.r.v.ViewResolutionResultHandler - [382fa6cb] Using 'text/html' given [*/*] and supported [text/html]
17:48:12.634 [Test worker] DEBUG o.s.w.r.r.v.ViewResolutionResultHandler - [68f9b31f] Using 'text/html' given [*/*] and supported [text/html]
17:48:12.646 [Test worker] DEBUG o.s.w.r.r.v.ViewResolutionResultHandler - [7463b116] Using 'text/html' given [*/*] and supported [text/html]
17:48:12.650 [Test worker] DEBUG o.s.w.r.r.v.ViewResolutionResultHandler - [1f6ba638] Using 'text/html' given [*/*] and supported [text/html]
17:48:12.655 [Test worker] DEBUG o.s.w.r.r.v.ViewResolutionResultHandler - [5d09d3ed] Using 'text/html' given [*/*] and supported [text/html]
17:48:12.669 [Test worker] DEBUG o.s.w.r.r.v.RedirectView - [3134270e] View name 'redirect:/', model {}
17:48:12.675 [Test worker] DEBUG o.s.w.r.r.v.ViewResolutionResultHandler - [14a335a2] Using 'application/json' given [application/json] and supported [text/html, application/json]
17:48:12.681 [Test worker] DEBUG o.s.w.r.r.v.ViewResolutionResultHandler - [3c51c9c] Using 'text/html' given [*/*] and supported [text/html]
17:48:12.687 [Test worker] DEBUG o.s.w.r.r.v.ViewResolutionResultHandler - [28a91436] Using 'text/html' given [*/*] and supported [text/html]
17:48:12.691 [Test worker] DEBUG o.s.w.r.r.v.ViewResolutionResultHandler - [38b54a7a] Using 'text/html' given [*/*] and supported [text/html]
17:48:12.696 [Test worker] DEBUG o.s.w.r.r.v.ViewResolutionResultHandler - [35b666eb] Using 'text/html' given [*/*] and supported [text/html]
17:48:12.700 [Test worker] DEBUG o.s.w.r.r.v.ViewResolutionResultHandler - [1e3cbd3d] Using 'text/html' given [*/*] and supported [text/html]
17:48:12.705 [Test worker] DEBUG o.s.w.r.r.v.ViewResolutionResultHandler - [7e540268] Using 'text/html' given [*/*] and supported [text/html]
17:48:12.709 [Test worker] DEBUG o.s.w.r.r.v.ViewResolutionResultHandler - [6c206142] Using 'text/html' given [*/*] and supported [text/html]
17:48:12.714 [Test worker] DEBUG o.s.w.r.r.v.ViewResolutionResultHandler - [6a27d313] Using 'text/html' given [*/*] and supported [text/html]
17:48:12.719 [Test worker] DEBUG o.s.w.r.r.v.ViewResolutionResultHandler - [11894e3f] Using 'text/html' given [*/*] and supported [text/html]
17:48:12.726 [Test worker] DEBUG o.s.w.r.r.v.ViewResolutionResultHandler - [20d51be5] Using 'text/html' given [*/*] and supported [text/html]
17:48:12.738 [Test worker] DEBUG o.s.w.r.r.v.ViewResolutionResultHandler - [74befba7] Using 'text/html' given [*/*] and supported [text/html]
17:48:12.744 [Test worker] DEBUG o.s.w.r.r.v.ViewResolutionResultHandler - [61f8fbce] Using 'text/html' given [*/*] and supported [text/html]
]]></system-out>
  <system-err><![CDATA[]]></system-err>
</testsuite>
