<?xml version="1.0" encoding="UTF-8"?>
<testsuite name="org.springframework.web.reactive.function.server.ServerRequestExtensionsTests" tests="24" skipped="0" failures="0" errors="0" timestamp="2021-04-26T08:40:09" hostname="wangweilideMacBook-Pro.local" time="3.324">
  <properties/>
  <testcase name="awaitBody with KClass parameters()" classname="org.springframework.web.reactive.function.server.ServerRequestExtensionsTests" time="1.783"/>
  <testcase name="awaitMultipartData()" classname="org.springframework.web.reactive.function.server.ServerRequestExtensionsTests" time="0.254"/>
  <testcase name="bodyToMono with reified type parameters()" classname="org.springframework.web.reactive.function.server.ServerRequestExtensionsTests" time="0.047"/>
  <testcase name="queryParamOrNull with null()" classname="org.springframework.web.reactive.function.server.ServerRequestExtensionsTests" time="0.013"/>
  <testcase name="contentTypeOrNull with value()" classname="org.springframework.web.reactive.function.server.ServerRequestExtensionsTests" time="0.117"/>
  <testcase name="bodyToFlow with reified type parameters()" classname="org.springframework.web.reactive.function.server.ServerRequestExtensionsTests" time="0.601"/>
  <testcase name="contentLengthOrNull with value()" classname="org.springframework.web.reactive.function.server.ServerRequestExtensionsTests" time="0.087"/>
  <testcase name="queryParamOrNull with values()" classname="org.springframework.web.reactive.function.server.ServerRequestExtensionsTests" time="0.008"/>
  <testcase name="queryParamOrNull with value()" classname="org.springframework.web.reactive.function.server.ServerRequestExtensionsTests" time="0.009"/>
  <testcase name="attributeOrNull with null()" classname="org.springframework.web.reactive.function.server.ServerRequestExtensionsTests" time="0.012"/>
  <testcase name="remoteAddressOrNull with value()" classname="org.springframework.web.reactive.function.server.ServerRequestExtensionsTests" time="0.011"/>
  <testcase name="awaitBodyOrNull with KClass parameters()" classname="org.springframework.web.reactive.function.server.ServerRequestExtensionsTests" time="0.007"/>
  <testcase name="awaitFormData()" classname="org.springframework.web.reactive.function.server.ServerRequestExtensionsTests" time="0.013"/>
  <testcase name="queryParamOrNull with null value()" classname="org.springframework.web.reactive.function.server.ServerRequestExtensionsTests" time="0.008"/>
  <testcase name="contentTypeOrNull with null()" classname="org.springframework.web.reactive.function.server.ServerRequestExtensionsTests" time="0.01"/>
  <testcase name="attributeOrNull with value()" classname="org.springframework.web.reactive.function.server.ServerRequestExtensionsTests" time="0.008"/>
  <testcase name="awaitBodyOrNull with reified type parameters()" classname="org.springframework.web.reactive.function.server.ServerRequestExtensionsTests" time="0.011"/>
  <testcase name="bodyToFlow with KClass parameters()" classname="org.springframework.web.reactive.function.server.ServerRequestExtensionsTests" time="0.007"/>
  <testcase name="bodyToFlux with reified type parameters()" classname="org.springframework.web.reactive.function.server.ServerRequestExtensionsTests" time="0.009"/>
  <testcase name="awaitPrincipal()" classname="org.springframework.web.reactive.function.server.ServerRequestExtensionsTests" time="0.106"/>
  <testcase name="contentLengthOrNull with null()" classname="org.springframework.web.reactive.function.server.ServerRequestExtensionsTests" time="0.007"/>
  <testcase name="remoteAddressOrNull with null()" classname="org.springframework.web.reactive.function.server.ServerRequestExtensionsTests" time="0.006"/>
  <testcase name="awaitBody with reified type parameters()" classname="org.springframework.web.reactive.function.server.ServerRequestExtensionsTests" time="0.012"/>
  <testcase name="awaitSession()" classname="org.springframework.web.reactive.function.server.ServerRequestExtensionsTests" time="0.123"/>
  <system-out><![CDATA[]]></system-out>
  <system-err><![CDATA[]]></system-err>
</testsuite>
