<?xml version="1.0" encoding="UTF-8"?>
<testsuite name="org.springframework.web.reactive.result.method.annotation.RequestMappingExceptionHandlingIntegrationTests" tests="24" skipped="0" failures="0" errors="0" timestamp="2021-05-01T09:47:22" hostname="wangweilideMBP.lan" time="71.327">
  <properties/>
  <testcase name="[1] org.springframework.web.testfixture.http.server.reactive.bootstrap.JettyHttpServer@3a9ef61f" classname="org.springframework.web.reactive.result.method.annotation.RequestMappingExceptionHandlingIntegrationTests" time="1.284"/>
  <testcase name="[2] org.springframework.web.testfixture.http.server.reactive.bootstrap.ReactorHttpServer@746bd615" classname="org.springframework.web.reactive.result.method.annotation.RequestMappingExceptionHandlingIntegrationTests" time="0.423"/>
  <testcase name="[3] org.springframework.web.testfixture.http.server.reactive.bootstrap.TomcatHttpServer@68699d6" classname="org.springframework.web.reactive.result.method.annotation.RequestMappingExceptionHandlingIntegrationTests" time="11.955"/>
  <testcase name="[4] org.springframework.web.testfixture.http.server.reactive.bootstrap.UndertowHttpServer@27aee5b7" classname="org.springframework.web.reactive.result.method.annotation.RequestMappingExceptionHandlingIntegrationTests" time="0.255"/>
  <testcase name="[1] org.springframework.web.testfixture.http.server.reactive.bootstrap.JettyHttpServer@54e4b080" classname="org.springframework.web.reactive.result.method.annotation.RequestMappingExceptionHandlingIntegrationTests" time="0.05"/>
  <testcase name="[2] org.springframework.web.testfixture.http.server.reactive.bootstrap.ReactorHttpServer@6cc9eb22" classname="org.springframework.web.reactive.result.method.annotation.RequestMappingExceptionHandlingIntegrationTests" time="0.056"/>
  <testcase name="[3] org.springframework.web.testfixture.http.server.reactive.bootstrap.TomcatHttpServer@1b01ea15" classname="org.springframework.web.reactive.result.method.annotation.RequestMappingExceptionHandlingIntegrationTests" time="11.242"/>
  <testcase name="[4] org.springframework.web.testfixture.http.server.reactive.bootstrap.UndertowHttpServer@29661df" classname="org.springframework.web.reactive.result.method.annotation.RequestMappingExceptionHandlingIntegrationTests" time="0.063"/>
  <testcase name="[1] org.springframework.web.testfixture.http.server.reactive.bootstrap.JettyHttpServer@6505c2dd" classname="org.springframework.web.reactive.result.method.annotation.RequestMappingExceptionHandlingIntegrationTests" time="0.082"/>
  <testcase name="[2] org.springframework.web.testfixture.http.server.reactive.bootstrap.ReactorHttpServer@29b158a4" classname="org.springframework.web.reactive.result.method.annotation.RequestMappingExceptionHandlingIntegrationTests" time="0.057"/>
  <testcase name="[3] org.springframework.web.testfixture.http.server.reactive.bootstrap.TomcatHttpServer@f08b931" classname="org.springframework.web.reactive.result.method.annotation.RequestMappingExceptionHandlingIntegrationTests" time="11.216"/>
  <testcase name="[4] org.springframework.web.testfixture.http.server.reactive.bootstrap.UndertowHttpServer@63d38797" classname="org.springframework.web.reactive.result.method.annotation.RequestMappingExceptionHandlingIntegrationTests" time="0.05"/>
  <testcase name="[1] org.springframework.web.testfixture.http.server.reactive.bootstrap.JettyHttpServer@2542c093" classname="org.springframework.web.reactive.result.method.annotation.RequestMappingExceptionHandlingIntegrationTests" time="0.046"/>
  <testcase name="[2] org.springframework.web.testfixture.http.server.reactive.bootstrap.ReactorHttpServer@4838b115" classname="org.springframework.web.reactive.result.method.annotation.RequestMappingExceptionHandlingIntegrationTests" time="0.037"/>
  <testcase name="[3] org.springframework.web.testfixture.http.server.reactive.bootstrap.TomcatHttpServer@3449add8" classname="org.springframework.web.reactive.result.method.annotation.RequestMappingExceptionHandlingIntegrationTests" time="11.213"/>
  <testcase name="[4] org.springframework.web.testfixture.http.server.reactive.bootstrap.UndertowHttpServer@552a7ba6" classname="org.springframework.web.reactive.result.method.annotation.RequestMappingExceptionHandlingIntegrationTests" time="0.055"/>
  <testcase name="[1] org.springframework.web.testfixture.http.server.reactive.bootstrap.JettyHttpServer@5d76c777" classname="org.springframework.web.reactive.result.method.annotation.RequestMappingExceptionHandlingIntegrationTests" time="0.206"/>
  <testcase name="[2] org.springframework.web.testfixture.http.server.reactive.bootstrap.ReactorHttpServer@6424af8f" classname="org.springframework.web.reactive.result.method.annotation.RequestMappingExceptionHandlingIntegrationTests" time="0.267"/>
  <testcase name="[3] org.springframework.web.testfixture.http.server.reactive.bootstrap.TomcatHttpServer@1e19051f" classname="org.springframework.web.reactive.result.method.annotation.RequestMappingExceptionHandlingIntegrationTests" time="11.247"/>
  <testcase name="[4] org.springframework.web.testfixture.http.server.reactive.bootstrap.UndertowHttpServer@4eb8ac25" classname="org.springframework.web.reactive.result.method.annotation.RequestMappingExceptionHandlingIntegrationTests" time="0.072"/>
  <testcase name="[1] org.springframework.web.testfixture.http.server.reactive.bootstrap.JettyHttpServer@78fa155a" classname="org.springframework.web.reactive.result.method.annotation.RequestMappingExceptionHandlingIntegrationTests" time="0.037"/>
  <testcase name="[2] org.springframework.web.testfixture.http.server.reactive.bootstrap.ReactorHttpServer@710a867a" classname="org.springframework.web.reactive.result.method.annotation.RequestMappingExceptionHandlingIntegrationTests" time="0.032"/>
  <testcase name="[3] org.springframework.web.testfixture.http.server.reactive.bootstrap.TomcatHttpServer@d812ebb" classname="org.springframework.web.reactive.result.method.annotation.RequestMappingExceptionHandlingIntegrationTests" time="11.154"/>
  <testcase name="[4] org.springframework.web.testfixture.http.server.reactive.bootstrap.UndertowHttpServer@747ddf1d" classname="org.springframework.web.reactive.result.method.annotation.RequestMappingExceptionHandlingIntegrationTests" time="0.038"/>
  <system-out><![CDATA[17:47:23.232 [Test worker] DEBUG o.s.w.r.r.m.a.RequestMappingHandlerMapping - 6 mappings in 'requestMappingHandlerMapping'
17:47:23.419 [Test worker] INFO  o.h.v.i.u.Version - HV000001: Hibernate Validator 6.2.0.Final
17:47:23.726 [Test worker] DEBUG o.s.w.r.r.m.a.ControllerMethodResolver - ControllerAdvice beans: none
17:47:23.768 [Test worker] DEBUG o.s.w.s.a.HttpWebHandlerAdapter - enableLoggingRequestDetails='false': form data and headers will be masked to prevent unsafe logging of potentially sensitive data
17:47:23.791 [Test worker] INFO  o.e.j.u.log - Logging initialized @10847ms to org.eclipse.jetty.util.log.Slf4jLog
17:47:23.836 [Test worker] WARN  o.e.j.s.h.ContextHandler - Empty contextPath
17:47:23.874 [Test worker] INFO  o.e.j.s.h.ContextHandler - Started o.e.j.s.ServletContextHandler@3c31ef0b{/,null,AVAILABLE}
17:47:23.905 [Test worker] DEBUG o.s.w.t.h.s.r.b.JettyHttpServer - Starting JettyHttpServer...
17:47:23.910 [Test worker] INFO  o.e.j.s.Server - jetty-9.4.39.v20210325; built: 2021-03-25T14:42:11.471Z; git: 9fc7ca5a922f2a37b84ec9dbc26a5168cee7e667; jvm 1.8.0_181-b13
17:47:23.940 [Test worker] INFO  o.e.j.s.AbstractConnector - Started ServerConnector@54ae7c6c{HTTP/1.1, (http/1.1)}{0.0.0.0:51691}
17:47:23.940 [Test worker] INFO  o.e.j.s.Server - Started @10998ms
17:47:23.940 [Test worker] DEBUG o.s.w.t.h.s.r.b.JettyHttpServer - Server started on port 51691(0 millis).
17:47:23.951 [Test worker] DEBUG o.s.w.c.RestTemplate - HTTP GET http://localhost:51691/mono-error
17:47:23.956 [Test worker] DEBUG o.s.w.c.RestTemplate - Accept=[text/plain, application/json, application/x-jackson-smile, application/*+json, */*]
17:47:24.081 [qtp1919752763-40] DEBUG o.s.w.s.a.HttpWebHandlerAdapter - [39205f38] HTTP GET "/mono-error"
17:47:24.087 [qtp1919752763-40] DEBUG o.s.w.r.r.m.a.RequestMappingHandlerMapping - [39205f38] Mapped to org.springframework.web.reactive.result.method.annotation.RequestMappingExceptionHandlingIntegrationTests$TestController#handleWithError()
17:47:24.105 [qtp1919752763-40] DEBUG o.s.w.r.r.m.a.ResponseBodyResultHandler - [39205f38] Using 'text/plain;charset=UTF-8' given [text/plain, application/json, application/x-jackson-smile, application/*+json, */*] and supported [text/plain;charset=UTF-8, text/event-stream, text/plain;charset=UTF-8, */*]
17:47:24.105 [qtp1919752763-40] DEBUG o.s.w.r.r.m.a.ResponseBodyResultHandler - [39205f38] 0..1 [java.lang.String]
17:47:24.121 [qtp1919752763-40] DEBUG o.s.w.r.r.m.a.RequestMappingHandlerAdapter - [39205f38] Using @ExceptionHandler org.springframework.web.reactive.result.method.annotation.RequestMappingExceptionHandlingIntegrationTests$TestController#handleArgumentException(IllegalArgumentException)
17:47:24.125 [qtp1919752763-40] DEBUG o.s.w.r.r.m.a.ResponseBodyResultHandler - [39205f38] Using 'text/plain;charset=UTF-8' given [text/plain, application/json, application/x-jackson-smile, application/*+json, */*] and supported [text/plain;charset=UTF-8, text/event-stream, text/plain;charset=UTF-8, */*]
17:47:24.125 [qtp1919752763-40] DEBUG o.s.w.r.r.m.a.ResponseBodyResultHandler - [39205f38] 0..1 [java.lang.String]
17:47:24.126 [qtp1919752763-40] DEBUG o.s.c.c.CharSequenceEncoder - [39205f38] Writing "Recovered from error: Argument"
17:47:24.151 [Test worker] DEBUG o.s.w.c.RestTemplate - Response 200 OK
17:47:24.151 [qtp1919752763-40] DEBUG o.s.w.s.a.HttpWebHandlerAdapter - [39205f38] Completed 200 OK
17:47:24.152 [Test worker] DEBUG o.s.w.c.RestTemplate - Reading to [java.lang.String] as "text/plain;charset=utf-8"
17:47:24.159 [Test worker] DEBUG o.s.w.t.h.s.r.b.JettyHttpServer - Stopping JettyHttpServer...
17:47:24.162 [Test worker] INFO  o.e.j.s.h.ContextHandler - Stopped o.e.j.s.ServletContextHandler@3c31ef0b{/,null,STOPPED}
17:47:24.180 [Test worker] INFO  o.e.j.s.AbstractConnector - Stopped ServerConnector@54ae7c6c{HTTP/1.1, (http/1.1)}{0.0.0.0:0}
17:47:24.185 [Test worker] DEBUG o.s.w.t.h.s.r.b.JettyHttpServer - Server stopped (0 millis).
17:47:24.252 [Test worker] DEBUG o.s.w.r.r.m.a.RequestMappingHandlerMapping - 6 mappings in 'requestMappingHandlerMapping'
17:47:24.280 [Test worker] DEBUG o.s.w.r.r.m.a.ControllerMethodResolver - ControllerAdvice beans: none
17:47:24.288 [Test worker] DEBUG o.s.w.s.a.HttpWebHandlerAdapter - enableLoggingRequestDetails='false': form data and headers will be masked to prevent unsafe logging of potentially sensitive data
17:47:24.327 [Test worker] DEBUG o.s.w.t.h.s.r.b.ReactorHttpServer - Starting ReactorHttpServer...
17:47:24.488 [Test worker] DEBUG o.s.w.t.h.s.r.b.ReactorHttpServer - Server started on port 51695(0 millis).
17:47:24.488 [Test worker] DEBUG o.s.w.c.RestTemplate - HTTP GET http://localhost:51695/mono-error
17:47:24.488 [Test worker] DEBUG o.s.w.c.RestTemplate - Accept=[text/plain, application/json, application/x-jackson-smile, application/*+json, */*]
17:47:24.613 [reactor-http-nio-2] DEBUG o.s.w.s.a.HttpWebHandlerAdapter - [73ec6e0d-1, L:/127.0.0.1:51695 - R:/127.0.0.1:51696] HTTP GET "/mono-error"
17:47:24.614 [reactor-http-nio-2] DEBUG o.s.w.r.r.m.a.RequestMappingHandlerMapping - [73ec6e0d-1, L:/127.0.0.1:51695 - R:/127.0.0.1:51696] Mapped to org.springframework.web.reactive.result.method.annotation.RequestMappingExceptionHandlingIntegrationTests$TestController#handleWithError()
17:47:24.616 [reactor-http-nio-2] DEBUG o.s.w.r.r.m.a.ResponseBodyResultHandler - [73ec6e0d-1, L:/127.0.0.1:51695 - R:/127.0.0.1:51696] Using 'text/plain;charset=UTF-8' given [text/plain, application/json, application/x-jackson-smile, application/*+json, */*] and supported [text/plain;charset=UTF-8, text/event-stream, text/plain;charset=UTF-8, */*]
17:47:24.617 [reactor-http-nio-2] DEBUG o.s.w.r.r.m.a.ResponseBodyResultHandler - [73ec6e0d-1, L:/127.0.0.1:51695 - R:/127.0.0.1:51696] 0..1 [java.lang.String]
17:47:24.618 [reactor-http-nio-2] DEBUG o.s.w.r.r.m.a.RequestMappingHandlerAdapter - [73ec6e0d-1, L:/127.0.0.1:51695 - R:/127.0.0.1:51696] Using @ExceptionHandler org.springframework.web.reactive.result.method.annotation.RequestMappingExceptionHandlingIntegrationTests$TestController#handleArgumentException(IllegalArgumentException)
17:47:24.618 [reactor-http-nio-2] DEBUG o.s.w.r.r.m.a.ResponseBodyResultHandler - [73ec6e0d-1, L:/127.0.0.1:51695 - R:/127.0.0.1:51696] Using 'text/plain;charset=UTF-8' given [text/plain, application/json, application/x-jackson-smile, application/*+json, */*] and supported [text/plain;charset=UTF-8, text/event-stream, text/plain;charset=UTF-8, */*]
17:47:24.618 [reactor-http-nio-2] DEBUG o.s.w.r.r.m.a.ResponseBodyResultHandler - [73ec6e0d-1, L:/127.0.0.1:51695 - R:/127.0.0.1:51696] 0..1 [java.lang.String]
17:47:24.619 [reactor-http-nio-2] DEBUG o.s.c.c.CharSequenceEncoder - [73ec6e0d-1, L:/127.0.0.1:51695 - R:/127.0.0.1:51696] Writing "Recovered from error: Argument"
17:47:24.625 [Test worker] DEBUG o.s.w.c.RestTemplate - Response 200 OK
17:47:24.626 [Test worker] DEBUG o.s.w.c.RestTemplate - Reading to [java.lang.String] as "text/plain;charset=UTF-8"
17:47:24.626 [Test worker] DEBUG o.s.w.t.h.s.r.b.ReactorHttpServer - Stopping ReactorHttpServer...
17:47:24.628 [Test worker] DEBUG o.s.w.t.h.s.r.b.ReactorHttpServer - Server stopped (0 millis).
17:47:24.628 [reactor-http-nio-2] DEBUG o.s.w.s.a.HttpWebHandlerAdapter - [73ec6e0d-1, L:/127.0.0.1:51695 - R:/127.0.0.1:51696] Completed 200 OK
17:47:24.689 [Test worker] DEBUG o.s.w.r.r.m.a.RequestMappingHandlerMapping - 6 mappings in 'requestMappingHandlerMapping'
17:47:24.711 [Test worker] DEBUG o.s.w.r.r.m.a.ControllerMethodResolver - ControllerAdvice beans: none
17:47:24.717 [Test worker] DEBUG o.s.w.s.a.HttpWebHandlerAdapter - enableLoggingRequestDetails='false': form data and headers will be masked to prevent unsafe logging of potentially sensitive data
17:47:24.806 [Test worker] DEBUG o.s.w.t.h.s.r.b.TomcatHttpServer - Starting TomcatHttpServer...
17:47:25.314 [Test worker] DEBUG o.s.w.t.h.s.r.b.TomcatHttpServer - Server started on port 51705(0 millis).
17:47:25.315 [Test worker] DEBUG o.s.w.c.RestTemplate - HTTP GET http://localhost:51705/mono-error
17:47:25.315 [Test worker] DEBUG o.s.w.c.RestTemplate - Accept=[text/plain, application/json, application/x-jackson-smile, application/*+json, */*]
17:47:25.412 [http-nio-auto-1-exec-1] DEBUG o.s.w.s.a.HttpWebHandlerAdapter - [617deb60] HTTP GET "/mono-error"
17:47:25.412 [http-nio-auto-1-exec-1] DEBUG o.s.w.r.r.m.a.RequestMappingHandlerMapping - [617deb60] Mapped to org.springframework.web.reactive.result.method.annotation.RequestMappingExceptionHandlingIntegrationTests$TestController#handleWithError()
17:47:25.415 [http-nio-auto-1-exec-1] DEBUG o.s.w.r.r.m.a.ResponseBodyResultHandler - [617deb60] Using 'text/plain;charset=UTF-8' given [text/plain, application/json, application/x-jackson-smile, application/*+json, */*] and supported [text/plain;charset=UTF-8, text/event-stream, text/plain;charset=UTF-8, */*]
17:47:25.415 [http-nio-auto-1-exec-1] DEBUG o.s.w.r.r.m.a.ResponseBodyResultHandler - [617deb60] 0..1 [java.lang.String]
17:47:25.415 [http-nio-auto-1-exec-1] DEBUG o.s.w.r.r.m.a.RequestMappingHandlerAdapter - [617deb60] Using @ExceptionHandler org.springframework.web.reactive.result.method.annotation.RequestMappingExceptionHandlingIntegrationTests$TestController#handleArgumentException(IllegalArgumentException)
17:47:25.416 [http-nio-auto-1-exec-1] DEBUG o.s.w.r.r.m.a.ResponseBodyResultHandler - [617deb60] Using 'text/plain;charset=UTF-8' given [text/plain, application/json, application/x-jackson-smile, application/*+json, */*] and supported [text/plain;charset=UTF-8, text/event-stream, text/plain;charset=UTF-8, */*]
17:47:25.416 [http-nio-auto-1-exec-1] DEBUG o.s.w.r.r.m.a.ResponseBodyResultHandler - [617deb60] 0..1 [java.lang.String]
17:47:25.416 [http-nio-auto-1-exec-1] DEBUG o.s.c.c.CharSequenceEncoder - [617deb60] Writing "Recovered from error: Argument"
17:47:25.421 [http-nio-auto-1-exec-1] DEBUG o.s.w.s.a.HttpWebHandlerAdapter - [617deb60] Completed 200 OK
17:47:25.421 [Test worker] DEBUG o.s.w.c.RestTemplate - Response 200 OK
17:47:25.421 [Test worker] DEBUG o.s.w.c.RestTemplate - Reading to [java.lang.String] as "text/plain;charset=UTF-8"
17:47:25.422 [Test worker] DEBUG o.s.w.t.h.s.r.b.TomcatHttpServer - Stopping TomcatHttpServer...
17:47:36.591 [Test worker] DEBUG o.s.w.t.h.s.r.b.TomcatHttpServer - Server stopped (0 millis).
17:47:36.629 [Test worker] DEBUG o.s.w.r.r.m.a.RequestMappingHandlerMapping - 6 mappings in 'requestMappingHandlerMapping'
17:47:36.642 [Test worker] DEBUG o.s.w.r.r.m.a.ControllerMethodResolver - ControllerAdvice beans: none
17:47:36.646 [Test worker] DEBUG o.s.w.s.a.HttpWebHandlerAdapter - enableLoggingRequestDetails='false': form data and headers will be masked to prevent unsafe logging of potentially sensitive data
17:47:36.652 [Test worker] DEBUG o.s.w.t.h.s.r.b.UndertowHttpServer - Starting UndertowHttpServer...
17:47:36.661 [Test worker] INFO  i.undertow - starting server: Undertow - 2.2.7.Final
17:47:36.676 [Test worker] INFO  o.xnio - XNIO version 3.8.0.Final
17:47:36.702 [Test worker] INFO  o.x.nio - XNIO NIO Implementation Version 3.8.0.Final
17:47:36.743 [Test worker] INFO  o.j.threads - JBoss Threads version 3.1.0.Final
17:47:36.800 [Test worker] DEBUG o.s.w.t.h.s.r.b.UndertowHttpServer - Server started on port 51747(0 millis).
17:47:36.800 [Test worker] DEBUG o.s.w.c.RestTemplate - HTTP GET http://localhost:51747/mono-error
17:47:36.800 [Test worker] DEBUG o.s.w.c.RestTemplate - Accept=[text/plain, application/json, application/x-jackson-smile, application/*+json, */*]
17:47:36.836 [XNIO-1 I/O-9] DEBUG o.s.w.s.a.HttpWebHandlerAdapter - [126580c9-1] HTTP GET "/mono-error"
17:47:36.837 [XNIO-1 I/O-9] DEBUG o.s.w.r.r.m.a.RequestMappingHandlerMapping - [126580c9-1] Mapped to org.springframework.web.reactive.result.method.annotation.RequestMappingExceptionHandlingIntegrationTests$TestController#handleWithError()
17:47:36.838 [XNIO-1 I/O-9] DEBUG o.s.w.r.r.m.a.ResponseBodyResultHandler - [126580c9-1] Using 'text/plain;charset=UTF-8' given [text/plain, application/json, application/x-jackson-smile, application/*+json, */*] and supported [text/plain;charset=UTF-8, text/event-stream, text/plain;charset=UTF-8, */*]
17:47:36.838 [XNIO-1 I/O-9] DEBUG o.s.w.r.r.m.a.ResponseBodyResultHandler - [126580c9-1] 0..1 [java.lang.String]
17:47:36.839 [XNIO-1 I/O-9] DEBUG o.s.w.r.r.m.a.RequestMappingHandlerAdapter - [126580c9-1] Using @ExceptionHandler org.springframework.web.reactive.result.method.annotation.RequestMappingExceptionHandlingIntegrationTests$TestController#handleArgumentException(IllegalArgumentException)
17:47:36.839 [XNIO-1 I/O-9] DEBUG o.s.w.r.r.m.a.ResponseBodyResultHandler - [126580c9-1] Using 'text/plain;charset=UTF-8' given [text/plain, application/json, application/x-jackson-smile, application/*+json, */*] and supported [text/plain;charset=UTF-8, text/event-stream, text/plain;charset=UTF-8, */*]
17:47:36.839 [XNIO-1 I/O-9] DEBUG o.s.w.r.r.m.a.ResponseBodyResultHandler - [126580c9-1] 0..1 [java.lang.String]
17:47:36.840 [XNIO-1 I/O-9] DEBUG o.s.c.c.CharSequenceEncoder - [126580c9-1] Writing "Recovered from error: Argument"
17:47:36.847 [Test worker] DEBUG o.s.w.c.RestTemplate - Response 200 OK
17:47:36.847 [Test worker] DEBUG o.s.w.c.RestTemplate - Reading to [java.lang.String] as "text/plain;charset=UTF-8"
17:47:36.847 [XNIO-1 I/O-9] DEBUG o.s.w.s.a.HttpWebHandlerAdapter - [126580c9-1] Completed 200 OK
17:47:36.848 [Test worker] DEBUG o.s.w.t.h.s.r.b.UndertowHttpServer - Stopping UndertowHttpServer...
17:47:36.848 [Test worker] INFO  i.undertow - stopping server: Undertow - 2.2.7.Final
17:47:36.855 [Test worker] DEBUG o.s.w.t.h.s.r.b.UndertowHttpServer - Server stopped (0 millis).
17:47:36.886 [Test worker] DEBUG o.s.w.r.r.m.a.RequestMappingHandlerMapping - 6 mappings in 'requestMappingHandlerMapping'
17:47:36.899 [Test worker] DEBUG o.s.w.r.r.m.a.ControllerMethodResolver - ControllerAdvice beans: none
17:47:36.902 [Test worker] DEBUG o.s.w.s.a.HttpWebHandlerAdapter - enableLoggingRequestDetails='false': form data and headers will be masked to prevent unsafe logging of potentially sensitive data
17:47:36.902 [Test worker] WARN  o.e.j.s.h.ContextHandler - Empty contextPath
17:47:36.903 [Test worker] INFO  o.e.j.s.h.ContextHandler - Started o.e.j.s.ServletContextHandler@6412e481{/,null,AVAILABLE}
17:47:36.903 [Test worker] DEBUG o.s.w.t.h.s.r.b.JettyHttpServer - Starting JettyHttpServer...
17:47:36.903 [Test worker] INFO  o.e.j.s.Server - jetty-9.4.39.v20210325; built: 2021-03-25T14:42:11.471Z; git: 9fc7ca5a922f2a37b84ec9dbc26a5168cee7e667; jvm 1.8.0_181-b13
17:47:36.906 [Test worker] INFO  o.e.j.s.AbstractConnector - Started ServerConnector@771c0bbb{HTTP/1.1, (http/1.1)}{0.0.0.0:51753}
17:47:36.906 [Test worker] INFO  o.e.j.s.Server - Started @23963ms
17:47:36.906 [Test worker] DEBUG o.s.w.t.h.s.r.b.JettyHttpServer - Server started on port 51753(0 millis).
17:47:36.906 [Test worker] DEBUG o.s.w.c.RestTemplate - HTTP GET http://localhost:51753/thrown-exception-with-cause-to-handle
17:47:36.906 [Test worker] DEBUG o.s.w.c.RestTemplate - Accept=[text/plain, application/json, application/x-jackson-smile, application/*+json, */*]
17:47:36.908 [qtp1355655486-88] DEBUG o.s.w.s.a.HttpWebHandlerAdapter - [4ec77ad2] HTTP GET "/thrown-exception-with-cause-to-handle"
17:47:36.908 [qtp1355655486-88] DEBUG o.s.w.r.r.m.a.RequestMappingHandlerMapping - [4ec77ad2] Mapped to org.springframework.web.reactive.result.method.annotation.RequestMappingExceptionHandlingIntegrationTests$TestController#handleAndThrowExceptionWithCauseToHandle()
17:47:36.909 [qtp1355655486-88] DEBUG o.s.w.r.r.m.a.RequestMappingHandlerAdapter - [4ec77ad2] Using @ExceptionHandler org.springframework.web.reactive.result.method.annotation.RequestMappingExceptionHandlingIntegrationTests$TestController#handleArgumentException(IOException)
17:47:36.909 [qtp1355655486-88] DEBUG o.s.w.r.r.m.a.ResponseBodyResultHandler - [4ec77ad2] Using 'text/plain;charset=UTF-8' given [text/plain, application/json, application/x-jackson-smile, application/*+json, */*] and supported [text/plain;charset=UTF-8, text/event-stream, text/plain;charset=UTF-8, */*]
17:47:36.909 [qtp1355655486-88] DEBUG o.s.w.r.r.m.a.ResponseBodyResultHandler - [4ec77ad2] 0..1 [java.lang.String]
17:47:36.910 [qtp1355655486-88] DEBUG o.s.c.c.CharSequenceEncoder - [4ec77ad2] Writing "Recovered from error: IO"
17:47:36.910 [qtp1355655486-88] DEBUG o.s.w.s.a.HttpWebHandlerAdapter - [4ec77ad2] Completed 200 OK
17:47:36.910 [Test worker] DEBUG o.s.w.c.RestTemplate - Response 200 OK
17:47:36.910 [Test worker] DEBUG o.s.w.c.RestTemplate - Reading to [java.lang.String] as "text/plain;charset=utf-8"
17:47:36.910 [Test worker] DEBUG o.s.w.t.h.s.r.b.JettyHttpServer - Stopping JettyHttpServer...
17:47:36.911 [Test worker] INFO  o.e.j.s.h.ContextHandler - Stopped o.e.j.s.ServletContextHandler@6412e481{/,null,STOPPED}
17:47:36.912 [Test worker] INFO  o.e.j.s.AbstractConnector - Stopped ServerConnector@771c0bbb{HTTP/1.1, (http/1.1)}{0.0.0.0:0}
17:47:36.912 [Test worker] DEBUG o.s.w.t.h.s.r.b.JettyHttpServer - Server stopped (0 millis).
17:47:36.945 [Test worker] DEBUG o.s.w.r.r.m.a.RequestMappingHandlerMapping - 6 mappings in 'requestMappingHandlerMapping'
17:47:36.961 [Test worker] DEBUG o.s.w.r.r.m.a.ControllerMethodResolver - ControllerAdvice beans: none
17:47:36.965 [Test worker] DEBUG o.s.w.s.a.HttpWebHandlerAdapter - enableLoggingRequestDetails='false': form data and headers will be masked to prevent unsafe logging of potentially sensitive data
17:47:36.966 [Test worker] DEBUG o.s.w.t.h.s.r.b.ReactorHttpServer - Starting ReactorHttpServer...
17:47:36.967 [Test worker] DEBUG o.s.w.t.h.s.r.b.ReactorHttpServer - Server started on port 51755(0 millis).
17:47:36.967 [Test worker] DEBUG o.s.w.c.RestTemplate - HTTP GET http://localhost:51755/thrown-exception-with-cause-to-handle
17:47:36.967 [Test worker] DEBUG o.s.w.c.RestTemplate - Accept=[text/plain, application/json, application/x-jackson-smile, application/*+json, */*]
17:47:36.970 [reactor-http-nio-4] DEBUG o.s.w.s.a.HttpWebHandlerAdapter - [b2ce7d55-1, L:/127.0.0.1:51755 - R:/127.0.0.1:51756] HTTP GET "/thrown-exception-with-cause-to-handle"
17:47:36.971 [reactor-http-nio-4] DEBUG o.s.w.r.r.m.a.RequestMappingHandlerMapping - [b2ce7d55-1, L:/127.0.0.1:51755 - R:/127.0.0.1:51756] Mapped to org.springframework.web.reactive.result.method.annotation.RequestMappingExceptionHandlingIntegrationTests$TestController#handleAndThrowExceptionWithCauseToHandle()
17:47:36.972 [reactor-http-nio-4] DEBUG o.s.w.r.r.m.a.RequestMappingHandlerAdapter - [b2ce7d55-1, L:/127.0.0.1:51755 - R:/127.0.0.1:51756] Using @ExceptionHandler org.springframework.web.reactive.result.method.annotation.RequestMappingExceptionHandlingIntegrationTests$TestController#handleArgumentException(IOException)
17:47:36.972 [reactor-http-nio-4] DEBUG o.s.w.r.r.m.a.ResponseBodyResultHandler - [b2ce7d55-1, L:/127.0.0.1:51755 - R:/127.0.0.1:51756] Using 'text/plain;charset=UTF-8' given [text/plain, application/json, application/x-jackson-smile, application/*+json, */*] and supported [text/plain;charset=UTF-8, text/event-stream, text/plain;charset=UTF-8, */*]
17:47:36.972 [reactor-http-nio-4] DEBUG o.s.w.r.r.m.a.ResponseBodyResultHandler - [b2ce7d55-1, L:/127.0.0.1:51755 - R:/127.0.0.1:51756] 0..1 [java.lang.String]
17:47:36.973 [reactor-http-nio-4] DEBUG o.s.c.c.CharSequenceEncoder - [b2ce7d55-1, L:/127.0.0.1:51755 - R:/127.0.0.1:51756] Writing "Recovered from error: IO"
17:47:36.974 [Test worker] DEBUG o.s.w.c.RestTemplate - Response 200 OK
17:47:36.974 [reactor-http-nio-4] DEBUG o.s.w.s.a.HttpWebHandlerAdapter - [b2ce7d55-1, L:/127.0.0.1:51755 - R:/127.0.0.1:51756] Completed 200 OK
17:47:36.974 [Test worker] DEBUG o.s.w.c.RestTemplate - Reading to [java.lang.String] as "text/plain;charset=UTF-8"
17:47:36.975 [Test worker] DEBUG o.s.w.t.h.s.r.b.ReactorHttpServer - Stopping ReactorHttpServer...
17:47:36.975 [Test worker] DEBUG o.s.w.t.h.s.r.b.ReactorHttpServer - Server stopped (0 millis).
17:47:37.006 [Test worker] DEBUG o.s.w.r.r.m.a.RequestMappingHandlerMapping - 6 mappings in 'requestMappingHandlerMapping'
17:47:37.020 [Test worker] DEBUG o.s.w.r.r.m.a.ControllerMethodResolver - ControllerAdvice beans: none
17:47:37.023 [Test worker] DEBUG o.s.w.s.a.HttpWebHandlerAdapter - enableLoggingRequestDetails='false': form data and headers will be masked to prevent unsafe logging of potentially sensitive data
17:47:37.023 [Test worker] DEBUG o.s.w.t.h.s.r.b.TomcatHttpServer - Starting TomcatHttpServer...
17:47:37.030 [Test worker] DEBUG o.s.w.t.h.s.r.b.TomcatHttpServer - Server started on port 51757(0 millis).
17:47:37.030 [Test worker] DEBUG o.s.w.c.RestTemplate - HTTP GET http://localhost:51757/thrown-exception-with-cause-to-handle
17:47:37.031 [Test worker] DEBUG o.s.w.c.RestTemplate - Accept=[text/plain, application/json, application/x-jackson-smile, application/*+json, */*]
17:47:37.033 [http-nio-auto-2-exec-1] DEBUG o.s.w.s.a.HttpWebHandlerAdapter - [3ba891f8] HTTP GET "/thrown-exception-with-cause-to-handle"
17:47:37.033 [http-nio-auto-2-exec-1] DEBUG o.s.w.r.r.m.a.RequestMappingHandlerMapping - [3ba891f8] Mapped to org.springframework.web.reactive.result.method.annotation.RequestMappingExceptionHandlingIntegrationTests$TestController#handleAndThrowExceptionWithCauseToHandle()
17:47:37.034 [http-nio-auto-2-exec-1] DEBUG o.s.w.r.r.m.a.RequestMappingHandlerAdapter - [3ba891f8] Using @ExceptionHandler org.springframework.web.reactive.result.method.annotation.RequestMappingExceptionHandlingIntegrationTests$TestController#handleArgumentException(IOException)
17:47:37.035 [http-nio-auto-2-exec-1] DEBUG o.s.w.r.r.m.a.ResponseBodyResultHandler - [3ba891f8] Using 'text/plain;charset=UTF-8' given [text/plain, application/json, application/x-jackson-smile, application/*+json, */*] and supported [text/plain;charset=UTF-8, text/event-stream, text/plain;charset=UTF-8, */*]
17:47:37.035 [http-nio-auto-2-exec-1] DEBUG o.s.w.r.r.m.a.ResponseBodyResultHandler - [3ba891f8] 0..1 [java.lang.String]
17:47:37.035 [http-nio-auto-2-exec-1] DEBUG o.s.c.c.CharSequenceEncoder - [3ba891f8] Writing "Recovered from error: IO"
17:47:37.036 [http-nio-auto-2-exec-1] DEBUG o.s.w.s.a.HttpWebHandlerAdapter - [3ba891f8] Completed 200 OK
17:47:37.036 [Test worker] DEBUG o.s.w.c.RestTemplate - Response 200 OK
17:47:37.036 [Test worker] DEBUG o.s.w.c.RestTemplate - Reading to [java.lang.String] as "text/plain;charset=UTF-8"
17:47:37.037 [Test worker] DEBUG o.s.w.t.h.s.r.b.TomcatHttpServer - Stopping TomcatHttpServer...
17:47:48.224 [Test worker] DEBUG o.s.w.t.h.s.r.b.TomcatHttpServer - Server stopped (0 millis).
17:47:48.261 [Test worker] DEBUG o.s.w.r.r.m.a.RequestMappingHandlerMapping - 6 mappings in 'requestMappingHandlerMapping'
17:47:48.275 [Test worker] DEBUG o.s.w.r.r.m.a.ControllerMethodResolver - ControllerAdvice beans: none
17:47:48.279 [Test worker] DEBUG o.s.w.s.a.HttpWebHandlerAdapter - enableLoggingRequestDetails='false': form data and headers will be masked to prevent unsafe logging of potentially sensitive data
17:47:48.279 [Test worker] DEBUG o.s.w.t.h.s.r.b.UndertowHttpServer - Starting UndertowHttpServer...
17:47:48.279 [Test worker] INFO  i.undertow - starting server: Undertow - 2.2.7.Final
17:47:48.288 [Test worker] DEBUG o.s.w.t.h.s.r.b.UndertowHttpServer - Server started on port 51813(0 millis).
17:47:48.288 [Test worker] DEBUG o.s.w.c.RestTemplate - HTTP GET http://localhost:51813/thrown-exception-with-cause-to-handle
17:47:48.289 [Test worker] DEBUG o.s.w.c.RestTemplate - Accept=[text/plain, application/json, application/x-jackson-smile, application/*+json, */*]
17:47:48.290 [XNIO-2 I/O-8] DEBUG o.s.w.s.a.HttpWebHandlerAdapter - [44091418-2] HTTP GET "/thrown-exception-with-cause-to-handle"
17:47:48.290 [XNIO-2 I/O-8] DEBUG o.s.w.r.r.m.a.RequestMappingHandlerMapping - [44091418-2] Mapped to org.springframework.web.reactive.result.method.annotation.RequestMappingExceptionHandlingIntegrationTests$TestController#handleAndThrowExceptionWithCauseToHandle()
17:47:48.291 [XNIO-2 I/O-8] DEBUG o.s.w.r.r.m.a.RequestMappingHandlerAdapter - [44091418-2] Using @ExceptionHandler org.springframework.web.reactive.result.method.annotation.RequestMappingExceptionHandlingIntegrationTests$TestController#handleArgumentException(IOException)
17:47:48.292 [XNIO-2 I/O-8] DEBUG o.s.w.r.r.m.a.ResponseBodyResultHandler - [44091418-2] Using 'text/plain;charset=UTF-8' given [text/plain, application/json, application/x-jackson-smile, application/*+json, */*] and supported [text/plain;charset=UTF-8, text/event-stream, text/plain;charset=UTF-8, */*]
17:47:48.292 [XNIO-2 I/O-8] DEBUG o.s.w.r.r.m.a.ResponseBodyResultHandler - [44091418-2] 0..1 [java.lang.String]
17:47:48.292 [XNIO-2 I/O-8] DEBUG o.s.c.c.CharSequenceEncoder - [44091418-2] Writing "Recovered from error: IO"
17:47:48.293 [XNIO-2 I/O-8] DEBUG o.s.w.s.a.HttpWebHandlerAdapter - [44091418-2] Completed 200 OK
17:47:48.293 [Test worker] DEBUG o.s.w.c.RestTemplate - Response 200 OK
17:47:48.293 [Test worker] DEBUG o.s.w.c.RestTemplate - Reading to [java.lang.String] as "text/plain;charset=UTF-8"
17:47:48.293 [Test worker] DEBUG o.s.w.t.h.s.r.b.UndertowHttpServer - Stopping UndertowHttpServer...
17:47:48.293 [Test worker] INFO  i.undertow - stopping server: Undertow - 2.2.7.Final
17:47:48.295 [Test worker] DEBUG o.s.w.t.h.s.r.b.UndertowHttpServer - Server stopped (0 millis).
17:47:48.324 [Test worker] DEBUG o.s.w.r.r.m.a.RequestMappingHandlerMapping - 6 mappings in 'requestMappingHandlerMapping'
17:47:48.339 [Test worker] DEBUG o.s.w.r.r.m.a.ControllerMethodResolver - ControllerAdvice beans: none
17:47:48.343 [Test worker] DEBUG o.s.w.s.a.HttpWebHandlerAdapter - enableLoggingRequestDetails='false': form data and headers will be masked to prevent unsafe logging of potentially sensitive data
17:47:48.343 [Test worker] WARN  o.e.j.s.h.ContextHandler - Empty contextPath
17:47:48.344 [Test worker] INFO  o.e.j.s.h.ContextHandler - Started o.e.j.s.ServletContextHandler@71802f42{/,null,AVAILABLE}
17:47:48.344 [Test worker] DEBUG o.s.w.t.h.s.r.b.JettyHttpServer - Starting JettyHttpServer...
17:47:48.344 [Test worker] INFO  o.e.j.s.Server - jetty-9.4.39.v20210325; built: 2021-03-25T14:42:11.471Z; git: 9fc7ca5a922f2a37b84ec9dbc26a5168cee7e667; jvm 1.8.0_181-b13
17:47:48.348 [Test worker] INFO  o.e.j.s.AbstractConnector - Started ServerConnector@5004e665{HTTP/1.1, (http/1.1)}{0.0.0.0:51815}
17:47:48.348 [Test worker] INFO  o.e.j.s.Server - Started @35405ms
17:47:48.348 [Test worker] DEBUG o.s.w.t.h.s.r.b.JettyHttpServer - Server started on port 51815(0 millis).
17:47:48.349 [Test worker] DEBUG o.s.w.c.RestTemplate - HTTP GET http://localhost:51815/SPR-16318
17:47:48.349 [Test worker] DEBUG o.s.w.c.RestTemplate - Accept=[text/plain, application/json, application/x-jackson-smile, application/*+json, */*]
17:47:48.352 [qtp636566597-135] DEBUG o.s.w.s.a.HttpWebHandlerAdapter - [1effb055] HTTP GET "/SPR-16318"
17:47:48.353 [qtp636566597-135] DEBUG o.s.w.r.r.m.a.RequestMappingHandlerMapping - [1effb055] Mapped to org.springframework.web.reactive.result.method.annotation.RequestMappingExceptionHandlingIntegrationTests$TestController#handleTextPlain()
17:47:48.354 [qtp636566597-135] DEBUG o.s.w.r.r.m.a.ResponseBodyResultHandler - [1effb055] Using 'text/plain' given [text/plain, application/problem+json] and supported [text/plain]
17:47:48.354 [qtp636566597-135] DEBUG o.s.w.r.r.m.a.ResponseBodyResultHandler - [1effb055] 0..1 [java.lang.String]
17:47:48.355 [qtp636566597-135] DEBUG o.s.w.r.r.m.a.RequestMappingHandlerAdapter - [1effb055] Using @ExceptionHandler org.springframework.web.reactive.result.method.annotation.RequestMappingExceptionHandlingIntegrationTests$TestController#handle(Spr16318Exception)
17:47:48.364 [qtp636566597-135] DEBUG o.s.w.r.r.m.a.ResponseEntityResultHandler - [1effb055] Using 'application/problem+json' given [text/plain, application/problem+json] and supported [application/json, application/*+json, application/x-ndjson, application/x-jackson-smile, application/*+x-jackson-smile, text/event-stream]
17:47:48.364 [qtp636566597-135] DEBUG o.s.w.r.r.m.a.ResponseEntityResultHandler - [1effb055] 0..1 [java.util.Map<java.lang.String, java.lang.String>]
17:47:48.373 [qtp636566597-135] DEBUG o.s.h.c.j.Jackson2JsonEncoder - [1effb055] Encoding [{reason=error}]
17:47:48.379 [qtp636566597-135] DEBUG o.s.w.s.a.HttpWebHandlerAdapter - [1effb055] Completed 500 INTERNAL_SERVER_ERROR
17:47:48.379 [Test worker] DEBUG o.s.w.c.RestTemplate - Response 500 INTERNAL_SERVER_ERROR
17:47:48.382 [Test worker] DEBUG o.s.w.t.h.s.r.b.JettyHttpServer - Stopping JettyHttpServer...
17:47:48.383 [Test worker] INFO  o.e.j.s.h.ContextHandler - Stopped o.e.j.s.ServletContextHandler@71802f42{/,null,STOPPED}
17:47:48.384 [Test worker] INFO  o.e.j.s.AbstractConnector - Stopped ServerConnector@5004e665{HTTP/1.1, (http/1.1)}{0.0.0.0:0}
17:47:48.384 [Test worker] DEBUG o.s.w.t.h.s.r.b.JettyHttpServer - Server stopped (0 millis).
17:47:48.417 [Test worker] DEBUG o.s.w.r.r.m.a.RequestMappingHandlerMapping - 6 mappings in 'requestMappingHandlerMapping'
17:47:48.432 [Test worker] DEBUG o.s.w.r.r.m.a.ControllerMethodResolver - ControllerAdvice beans: none
17:47:48.438 [Test worker] DEBUG o.s.w.s.a.HttpWebHandlerAdapter - enableLoggingRequestDetails='false': form data and headers will be masked to prevent unsafe logging of potentially sensitive data
17:47:48.438 [Test worker] DEBUG o.s.w.t.h.s.r.b.ReactorHttpServer - Starting ReactorHttpServer...
17:47:48.439 [Test worker] DEBUG o.s.w.t.h.s.r.b.ReactorHttpServer - Server started on port 51817(0 millis).
17:47:48.439 [Test worker] DEBUG o.s.w.c.RestTemplate - HTTP GET http://localhost:51817/SPR-16318
17:47:48.439 [Test worker] DEBUG o.s.w.c.RestTemplate - Accept=[text/plain, application/json, application/x-jackson-smile, application/*+json, */*]
17:47:48.442 [reactor-http-nio-6] DEBUG o.s.w.s.a.HttpWebHandlerAdapter - [475c64d5-1, L:/127.0.0.1:51817 - R:/127.0.0.1:51818] HTTP GET "/SPR-16318"
17:47:48.442 [reactor-http-nio-6] DEBUG o.s.w.r.r.m.a.RequestMappingHandlerMapping - [475c64d5-1, L:/127.0.0.1:51817 - R:/127.0.0.1:51818] Mapped to org.springframework.web.reactive.result.method.annotation.RequestMappingExceptionHandlingIntegrationTests$TestController#handleTextPlain()
17:47:48.443 [reactor-http-nio-6] DEBUG o.s.w.r.r.m.a.ResponseBodyResultHandler - [475c64d5-1, L:/127.0.0.1:51817 - R:/127.0.0.1:51818] Using 'text/plain' given [text/plain, application/problem+json] and supported [text/plain]
17:47:48.443 [reactor-http-nio-6] DEBUG o.s.w.r.r.m.a.ResponseBodyResultHandler - [475c64d5-1, L:/127.0.0.1:51817 - R:/127.0.0.1:51818] 0..1 [java.lang.String]
17:47:48.444 [reactor-http-nio-6] DEBUG o.s.w.r.r.m.a.RequestMappingHandlerAdapter - [475c64d5-1, L:/127.0.0.1:51817 - R:/127.0.0.1:51818] Using @ExceptionHandler org.springframework.web.reactive.result.method.annotation.RequestMappingExceptionHandlingIntegrationTests$TestController#handle(Spr16318Exception)
17:47:48.445 [reactor-http-nio-6] DEBUG o.s.w.r.r.m.a.ResponseEntityResultHandler - [475c64d5-1, L:/127.0.0.1:51817 - R:/127.0.0.1:51818] Using 'application/problem+json' given [text/plain, application/problem+json] and supported [application/json, application/*+json, application/x-ndjson, application/x-jackson-smile, application/*+x-jackson-smile, text/event-stream]
17:47:48.445 [reactor-http-nio-6] DEBUG o.s.w.r.r.m.a.ResponseEntityResultHandler - [475c64d5-1, L:/127.0.0.1:51817 - R:/127.0.0.1:51818] 0..1 [java.util.Map<java.lang.String, java.lang.String>]
17:47:48.445 [reactor-http-nio-6] DEBUG o.s.h.c.j.Jackson2JsonEncoder - [475c64d5-1, L:/127.0.0.1:51817 - R:/127.0.0.1:51818] Encoding [{reason=error}]
17:47:48.447 [reactor-http-nio-6] DEBUG o.s.w.s.a.HttpWebHandlerAdapter - [475c64d5-1, L:/127.0.0.1:51817 - R:/127.0.0.1:51818] Completed 500 INTERNAL_SERVER_ERROR
17:47:48.447 [Test worker] DEBUG o.s.w.c.RestTemplate - Response 500 INTERNAL_SERVER_ERROR
17:47:48.448 [Test worker] DEBUG o.s.w.t.h.s.r.b.ReactorHttpServer - Stopping ReactorHttpServer...
17:47:48.448 [Test worker] DEBUG o.s.w.t.h.s.r.b.ReactorHttpServer - Server stopped (0 millis).
17:47:48.490 [Test worker] DEBUG o.s.w.r.r.m.a.RequestMappingHandlerMapping - 6 mappings in 'requestMappingHandlerMapping'
17:47:48.508 [Test worker] DEBUG o.s.w.r.r.m.a.ControllerMethodResolver - ControllerAdvice beans: none
17:47:48.513 [Test worker] DEBUG o.s.w.s.a.HttpWebHandlerAdapter - enableLoggingRequestDetails='false': form data and headers will be masked to prevent unsafe logging of potentially sensitive data
17:47:48.514 [Test worker] DEBUG o.s.w.t.h.s.r.b.TomcatHttpServer - Starting TomcatHttpServer...
17:47:48.522 [Test worker] DEBUG o.s.w.t.h.s.r.b.TomcatHttpServer - Server started on port 51819(0 millis).
17:47:48.522 [Test worker] DEBUG o.s.w.c.RestTemplate - HTTP GET http://localhost:51819/SPR-16318
17:47:48.522 [Test worker] DEBUG o.s.w.c.RestTemplate - Accept=[text/plain, application/json, application/x-jackson-smile, application/*+json, */*]
17:47:48.525 [http-nio-auto-3-exec-1] DEBUG o.s.w.s.a.HttpWebHandlerAdapter - [595aebe0] HTTP GET "/SPR-16318"
17:47:48.525 [http-nio-auto-3-exec-1] DEBUG o.s.w.r.r.m.a.RequestMappingHandlerMapping - [595aebe0] Mapped to org.springframework.web.reactive.result.method.annotation.RequestMappingExceptionHandlingIntegrationTests$TestController#handleTextPlain()
17:47:48.526 [http-nio-auto-3-exec-1] DEBUG o.s.w.r.r.m.a.ResponseBodyResultHandler - [595aebe0] Using 'text/plain' given [text/plain, application/problem+json] and supported [text/plain]
17:47:48.526 [http-nio-auto-3-exec-1] DEBUG o.s.w.r.r.m.a.ResponseBodyResultHandler - [595aebe0] 0..1 [java.lang.String]
17:47:48.527 [http-nio-auto-3-exec-1] DEBUG o.s.w.r.r.m.a.RequestMappingHandlerAdapter - [595aebe0] Using @ExceptionHandler org.springframework.web.reactive.result.method.annotation.RequestMappingExceptionHandlingIntegrationTests$TestController#handle(Spr16318Exception)
17:47:48.528 [http-nio-auto-3-exec-1] DEBUG o.s.w.r.r.m.a.ResponseEntityResultHandler - [595aebe0] Using 'application/problem+json' given [text/plain, application/problem+json] and supported [application/json, application/*+json, application/x-ndjson, application/x-jackson-smile, application/*+x-jackson-smile, text/event-stream]
17:47:48.528 [http-nio-auto-3-exec-1] DEBUG o.s.w.r.r.m.a.ResponseEntityResultHandler - [595aebe0] 0..1 [java.util.Map<java.lang.String, java.lang.String>]
17:47:48.528 [http-nio-auto-3-exec-1] DEBUG o.s.h.c.j.Jackson2JsonEncoder - [595aebe0] Encoding [{reason=error}]
17:47:48.529 [http-nio-auto-3-exec-1] DEBUG o.s.w.s.a.HttpWebHandlerAdapter - [595aebe0] Completed 500 INTERNAL_SERVER_ERROR
17:47:48.530 [Test worker] DEBUG o.s.w.c.RestTemplate - Response 500 INTERNAL_SERVER_ERROR
17:47:48.531 [Test worker] DEBUG o.s.w.t.h.s.r.b.TomcatHttpServer - Stopping TomcatHttpServer...
17:47:59.673 [Test worker] DEBUG o.s.w.t.h.s.r.b.TomcatHttpServer - Server stopped (0 millis).
17:47:59.707 [Test worker] DEBUG o.s.w.r.r.m.a.RequestMappingHandlerMapping - 6 mappings in 'requestMappingHandlerMapping'
17:47:59.719 [Test worker] DEBUG o.s.w.r.r.m.a.ControllerMethodResolver - ControllerAdvice beans: none
17:47:59.722 [Test worker] DEBUG o.s.w.s.a.HttpWebHandlerAdapter - enableLoggingRequestDetails='false': form data and headers will be masked to prevent unsafe logging of potentially sensitive data
17:47:59.722 [Test worker] DEBUG o.s.w.t.h.s.r.b.UndertowHttpServer - Starting UndertowHttpServer...
17:47:59.722 [Test worker] INFO  i.undertow - starting server: Undertow - 2.2.7.Final
17:47:59.725 [Test worker] DEBUG o.s.w.t.h.s.r.b.UndertowHttpServer - Server started on port 51883(0 millis).
17:47:59.725 [Test worker] DEBUG o.s.w.c.RestTemplate - HTTP GET http://localhost:51883/SPR-16318
17:47:59.725 [Test worker] DEBUG o.s.w.c.RestTemplate - Accept=[text/plain, application/json, application/x-jackson-smile, application/*+json, */*]
17:47:59.727 [XNIO-3 I/O-4] DEBUG o.s.w.s.a.HttpWebHandlerAdapter - [757ae7be-3] HTTP GET "/SPR-16318"
17:47:59.727 [XNIO-3 I/O-4] DEBUG o.s.w.r.r.m.a.RequestMappingHandlerMapping - [757ae7be-3] Mapped to org.springframework.web.reactive.result.method.annotation.RequestMappingExceptionHandlingIntegrationTests$TestController#handleTextPlain()
17:47:59.728 [XNIO-3 I/O-4] DEBUG o.s.w.r.r.m.a.ResponseBodyResultHandler - [757ae7be-3] Using 'text/plain' given [text/plain, application/problem+json] and supported [text/plain]
17:47:59.728 [XNIO-3 I/O-4] DEBUG o.s.w.r.r.m.a.ResponseBodyResultHandler - [757ae7be-3] 0..1 [java.lang.String]
17:47:59.728 [XNIO-3 I/O-4] DEBUG o.s.w.r.r.m.a.RequestMappingHandlerAdapter - [757ae7be-3] Using @ExceptionHandler org.springframework.web.reactive.result.method.annotation.RequestMappingExceptionHandlingIntegrationTests$TestController#handle(Spr16318Exception)
17:47:59.728 [XNIO-3 I/O-4] DEBUG o.s.w.r.r.m.a.ResponseEntityResultHandler - [757ae7be-3] Using 'application/problem+json' given [text/plain, application/problem+json] and supported [application/json, application/*+json, application/x-ndjson, application/x-jackson-smile, application/*+x-jackson-smile, text/event-stream]
17:47:59.729 [XNIO-3 I/O-4] DEBUG o.s.w.r.r.m.a.ResponseEntityResultHandler - [757ae7be-3] 0..1 [java.util.Map<java.lang.String, java.lang.String>]
17:47:59.729 [XNIO-3 I/O-4] DEBUG o.s.h.c.j.Jackson2JsonEncoder - [757ae7be-3] Encoding [{reason=error}]
17:47:59.729 [XNIO-3 I/O-4] DEBUG o.s.w.s.a.HttpWebHandlerAdapter - [757ae7be-3] Completed 500 INTERNAL_SERVER_ERROR
17:47:59.729 [Test worker] DEBUG o.s.w.c.RestTemplate - Response 500 INTERNAL_SERVER_ERROR
17:47:59.730 [Test worker] DEBUG o.s.w.t.h.s.r.b.UndertowHttpServer - Stopping UndertowHttpServer...
17:47:59.730 [Test worker] INFO  i.undertow - stopping server: Undertow - 2.2.7.Final
17:47:59.731 [Test worker] DEBUG o.s.w.t.h.s.r.b.UndertowHttpServer - Server stopped (0 millis).
17:47:59.756 [Test worker] DEBUG o.s.w.r.r.m.a.RequestMappingHandlerMapping - 6 mappings in 'requestMappingHandlerMapping'
17:47:59.769 [Test worker] DEBUG o.s.w.r.r.m.a.ControllerMethodResolver - ControllerAdvice beans: none
17:47:59.772 [Test worker] DEBUG o.s.w.s.a.HttpWebHandlerAdapter - enableLoggingRequestDetails='false': form data and headers will be masked to prevent unsafe logging of potentially sensitive data
17:47:59.772 [Test worker] WARN  o.e.j.s.h.ContextHandler - Empty contextPath
17:47:59.773 [Test worker] INFO  o.e.j.s.h.ContextHandler - Started o.e.j.s.ServletContextHandler@7b36e8b4{/,null,AVAILABLE}
17:47:59.773 [Test worker] DEBUG o.s.w.t.h.s.r.b.JettyHttpServer - Starting JettyHttpServer...
17:47:59.773 [Test worker] INFO  o.e.j.s.Server - jetty-9.4.39.v20210325; built: 2021-03-25T14:42:11.471Z; git: 9fc7ca5a922f2a37b84ec9dbc26a5168cee7e667; jvm 1.8.0_181-b13
17:47:59.776 [Test worker] INFO  o.e.j.s.AbstractConnector - Started ServerConnector@922022e{HTTP/1.1, (http/1.1)}{0.0.0.0:51885}
17:47:59.776 [Test worker] INFO  o.e.j.s.Server - Started @46833ms
17:47:59.776 [Test worker] DEBUG o.s.w.t.h.s.r.b.JettyHttpServer - Server started on port 51885(0 millis).
17:47:59.776 [Test worker] DEBUG o.s.w.c.RestTemplate - HTTP GET http://localhost:51885/thrown-exception
17:47:59.777 [Test worker] DEBUG o.s.w.c.RestTemplate - Accept=[text/plain, application/json, application/x-jackson-smile, application/*+json, */*]
17:47:59.778 [qtp2053384312-182] DEBUG o.s.w.s.a.HttpWebHandlerAdapter - [d91437d] HTTP GET "/thrown-exception"
17:47:59.778 [qtp2053384312-182] DEBUG o.s.w.r.r.m.a.RequestMappingHandlerMapping - [d91437d] Mapped to org.springframework.web.reactive.result.method.annotation.RequestMappingExceptionHandlingIntegrationTests$TestController#handleAndThrowException()
17:47:59.779 [qtp2053384312-182] DEBUG o.s.w.r.r.m.a.RequestMappingHandlerAdapter - [d91437d] Using @ExceptionHandler org.springframework.web.reactive.result.method.annotation.RequestMappingExceptionHandlingIntegrationTests$TestController#handleStateException(IllegalStateException)
17:47:59.780 [qtp2053384312-182] DEBUG o.s.w.r.r.m.a.ResponseEntityResultHandler - [d91437d] Using 'text/plain;charset=UTF-8' given [text/plain, application/json, application/x-jackson-smile, application/*+json, */*] and supported [text/plain;charset=UTF-8, text/event-stream, text/plain;charset=UTF-8, */*]
17:47:59.780 [qtp2053384312-182] DEBUG o.s.w.r.r.m.a.ResponseEntityResultHandler - [d91437d] 0..1 [java.lang.String]
17:47:59.780 [qtp2053384312-182] DEBUG o.s.c.c.CharSequenceEncoder - [d91437d] Writing "Recovered from error: State"
17:47:59.780 [qtp2053384312-182] DEBUG o.s.w.s.a.HttpWebHandlerAdapter - [d91437d] Completed 200 OK
17:47:59.780 [Test worker] DEBUG o.s.w.c.RestTemplate - Response 200 OK
17:47:59.781 [Test worker] DEBUG o.s.w.c.RestTemplate - Reading to [java.lang.String] as "text/plain;charset=utf-8"
17:47:59.781 [Test worker] DEBUG o.s.w.t.h.s.r.b.JettyHttpServer - Stopping JettyHttpServer...
17:47:59.781 [Test worker] INFO  o.e.j.s.h.ContextHandler - Stopped o.e.j.s.ServletContextHandler@7b36e8b4{/,null,STOPPED}
17:47:59.784 [Test worker] INFO  o.e.j.s.AbstractConnector - Stopped ServerConnector@922022e{HTTP/1.1, (http/1.1)}{0.0.0.0:0}
17:47:59.784 [Test worker] DEBUG o.s.w.t.h.s.r.b.JettyHttpServer - Server stopped (0 millis).
17:47:59.807 [Test worker] DEBUG o.s.w.r.r.m.a.RequestMappingHandlerMapping - 6 mappings in 'requestMappingHandlerMapping'
17:47:59.818 [Test worker] DEBUG o.s.w.r.r.m.a.ControllerMethodResolver - ControllerAdvice beans: none
17:47:59.820 [Test worker] DEBUG o.s.w.s.a.HttpWebHandlerAdapter - enableLoggingRequestDetails='false': form data and headers will be masked to prevent unsafe logging of potentially sensitive data
17:47:59.820 [Test worker] DEBUG o.s.w.t.h.s.r.b.ReactorHttpServer - Starting ReactorHttpServer...
17:47:59.821 [Test worker] DEBUG o.s.w.t.h.s.r.b.ReactorHttpServer - Server started on port 51887(0 millis).
17:47:59.821 [Test worker] DEBUG o.s.w.c.RestTemplate - HTTP GET http://localhost:51887/thrown-exception
17:47:59.822 [Test worker] DEBUG o.s.w.c.RestTemplate - Accept=[text/plain, application/json, application/x-jackson-smile, application/*+json, */*]
17:47:59.824 [reactor-http-nio-8] DEBUG o.s.w.s.a.HttpWebHandlerAdapter - [23499f6a-1, L:/127.0.0.1:51887 - R:/127.0.0.1:51888] HTTP GET "/thrown-exception"
17:47:59.824 [reactor-http-nio-8] DEBUG o.s.w.r.r.m.a.RequestMappingHandlerMapping - [23499f6a-1, L:/127.0.0.1:51887 - R:/127.0.0.1:51888] Mapped to org.springframework.web.reactive.result.method.annotation.RequestMappingExceptionHandlingIntegrationTests$TestController#handleAndThrowException()
17:47:59.825 [reactor-http-nio-8] DEBUG o.s.w.r.r.m.a.RequestMappingHandlerAdapter - [23499f6a-1, L:/127.0.0.1:51887 - R:/127.0.0.1:51888] Using @ExceptionHandler org.springframework.web.reactive.result.method.annotation.RequestMappingExceptionHandlingIntegrationTests$TestController#handleStateException(IllegalStateException)
17:47:59.825 [reactor-http-nio-8] DEBUG o.s.w.r.r.m.a.ResponseEntityResultHandler - [23499f6a-1, L:/127.0.0.1:51887 - R:/127.0.0.1:51888] Using 'text/plain;charset=UTF-8' given [text/plain, application/json, application/x-jackson-smile, application/*+json, */*] and supported [text/plain;charset=UTF-8, text/event-stream, text/plain;charset=UTF-8, */*]
17:47:59.825 [reactor-http-nio-8] DEBUG o.s.w.r.r.m.a.ResponseEntityResultHandler - [23499f6a-1, L:/127.0.0.1:51887 - R:/127.0.0.1:51888] 0..1 [java.lang.String]
17:47:59.825 [reactor-http-nio-8] DEBUG o.s.c.c.CharSequenceEncoder - [23499f6a-1, L:/127.0.0.1:51887 - R:/127.0.0.1:51888] Writing "Recovered from error: State"
17:47:59.826 [reactor-http-nio-8] DEBUG o.s.w.s.a.HttpWebHandlerAdapter - [23499f6a-1, L:/127.0.0.1:51887 - R:/127.0.0.1:51888] Completed 200 OK
17:47:59.826 [Test worker] DEBUG o.s.w.c.RestTemplate - Response 200 OK
17:47:59.826 [Test worker] DEBUG o.s.w.c.RestTemplate - Reading to [java.lang.String] as "text/plain;charset=UTF-8"
17:47:59.827 [Test worker] DEBUG o.s.w.t.h.s.r.b.ReactorHttpServer - Stopping ReactorHttpServer...
17:47:59.827 [Test worker] DEBUG o.s.w.t.h.s.r.b.ReactorHttpServer - Server stopped (0 millis).
17:47:59.848 [Test worker] DEBUG o.s.w.r.r.m.a.RequestMappingHandlerMapping - 6 mappings in 'requestMappingHandlerMapping'
17:47:59.859 [Test worker] DEBUG o.s.w.r.r.m.a.ControllerMethodResolver - ControllerAdvice beans: none
17:47:59.861 [Test worker] DEBUG o.s.w.s.a.HttpWebHandlerAdapter - enableLoggingRequestDetails='false': form data and headers will be masked to prevent unsafe logging of potentially sensitive data
17:47:59.861 [Test worker] DEBUG o.s.w.t.h.s.r.b.TomcatHttpServer - Starting TomcatHttpServer...
17:47:59.873 [Test worker] DEBUG o.s.w.t.h.s.r.b.TomcatHttpServer - Server started on port 51889(0 millis).
17:47:59.873 [Test worker] DEBUG o.s.w.c.RestTemplate - HTTP GET http://localhost:51889/thrown-exception
17:47:59.873 [Test worker] DEBUG o.s.w.c.RestTemplate - Accept=[text/plain, application/json, application/x-jackson-smile, application/*+json, */*]
17:47:59.875 [http-nio-auto-4-exec-1] DEBUG o.s.w.s.a.HttpWebHandlerAdapter - [2d813ded] HTTP GET "/thrown-exception"
17:47:59.875 [http-nio-auto-4-exec-1] DEBUG o.s.w.r.r.m.a.RequestMappingHandlerMapping - [2d813ded] Mapped to org.springframework.web.reactive.result.method.annotation.RequestMappingExceptionHandlingIntegrationTests$TestController#handleAndThrowException()
17:47:59.875 [http-nio-auto-4-exec-1] DEBUG o.s.w.r.r.m.a.RequestMappingHandlerAdapter - [2d813ded] Using @ExceptionHandler org.springframework.web.reactive.result.method.annotation.RequestMappingExceptionHandlingIntegrationTests$TestController#handleStateException(IllegalStateException)
17:47:59.876 [http-nio-auto-4-exec-1] DEBUG o.s.w.r.r.m.a.ResponseEntityResultHandler - [2d813ded] Using 'text/plain;charset=UTF-8' given [text/plain, application/json, application/x-jackson-smile, application/*+json, */*] and supported [text/plain;charset=UTF-8, text/event-stream, text/plain;charset=UTF-8, */*]
17:47:59.876 [http-nio-auto-4-exec-1] DEBUG o.s.w.r.r.m.a.ResponseEntityResultHandler - [2d813ded] 0..1 [java.lang.String]
17:47:59.876 [http-nio-auto-4-exec-1] DEBUG o.s.c.c.CharSequenceEncoder - [2d813ded] Writing "Recovered from error: State"
17:47:59.876 [http-nio-auto-4-exec-1] DEBUG o.s.w.s.a.HttpWebHandlerAdapter - [2d813ded] Completed 200 OK
17:47:59.876 [Test worker] DEBUG o.s.w.c.RestTemplate - Response 200 OK
17:47:59.877 [Test worker] DEBUG o.s.w.c.RestTemplate - Reading to [java.lang.String] as "text/plain;charset=UTF-8"
17:47:59.877 [Test worker] DEBUG o.s.w.t.h.s.r.b.TomcatHttpServer - Stopping TomcatHttpServer...
17:48:11.045 [Test worker] DEBUG o.s.w.t.h.s.r.b.TomcatHttpServer - Server stopped (0 millis).
17:48:11.077 [Test worker] DEBUG o.s.w.r.r.m.a.RequestMappingHandlerMapping - 6 mappings in 'requestMappingHandlerMapping'
17:48:11.091 [Test worker] DEBUG o.s.w.r.r.m.a.ControllerMethodResolver - ControllerAdvice beans: none
17:48:11.095 [Test worker] DEBUG o.s.w.s.a.HttpWebHandlerAdapter - enableLoggingRequestDetails='false': form data and headers will be masked to prevent unsafe logging of potentially sensitive data
17:48:11.095 [Test worker] DEBUG o.s.w.t.h.s.r.b.UndertowHttpServer - Starting UndertowHttpServer...
17:48:11.095 [Test worker] INFO  i.undertow - starting server: Undertow - 2.2.7.Final
17:48:11.100 [Test worker] DEBUG o.s.w.t.h.s.r.b.UndertowHttpServer - Server started on port 51943(0 millis).
17:48:11.100 [Test worker] DEBUG o.s.w.c.RestTemplate - HTTP GET http://localhost:51943/thrown-exception
17:48:11.100 [Test worker] DEBUG o.s.w.c.RestTemplate - Accept=[text/plain, application/json, application/x-jackson-smile, application/*+json, */*]
17:48:11.102 [XNIO-4 I/O-11] DEBUG o.s.w.s.a.HttpWebHandlerAdapter - [661ab2ef-4] HTTP GET "/thrown-exception"
17:48:11.102 [XNIO-4 I/O-11] DEBUG o.s.w.r.r.m.a.RequestMappingHandlerMapping - [661ab2ef-4] Mapped to org.springframework.web.reactive.result.method.annotation.RequestMappingExceptionHandlingIntegrationTests$TestController#handleAndThrowException()
17:48:11.103 [XNIO-4 I/O-11] DEBUG o.s.w.r.r.m.a.RequestMappingHandlerAdapter - [661ab2ef-4] Using @ExceptionHandler org.springframework.web.reactive.result.method.annotation.RequestMappingExceptionHandlingIntegrationTests$TestController#handleStateException(IllegalStateException)
17:48:11.103 [XNIO-4 I/O-11] DEBUG o.s.w.r.r.m.a.ResponseEntityResultHandler - [661ab2ef-4] Using 'text/plain;charset=UTF-8' given [text/plain, application/json, application/x-jackson-smile, application/*+json, */*] and supported [text/plain;charset=UTF-8, text/event-stream, text/plain;charset=UTF-8, */*]
17:48:11.103 [XNIO-4 I/O-11] DEBUG o.s.w.r.r.m.a.ResponseEntityResultHandler - [661ab2ef-4] 0..1 [java.lang.String]
17:48:11.103 [XNIO-4 I/O-11] DEBUG o.s.c.c.CharSequenceEncoder - [661ab2ef-4] Writing "Recovered from error: State"
17:48:11.104 [XNIO-4 I/O-11] DEBUG o.s.w.s.a.HttpWebHandlerAdapter - [661ab2ef-4] Completed 200 OK
17:48:11.104 [Test worker] DEBUG o.s.w.c.RestTemplate - Response 200 OK
17:48:11.104 [Test worker] DEBUG o.s.w.c.RestTemplate - Reading to [java.lang.String] as "text/plain;charset=UTF-8"
17:48:11.105 [Test worker] DEBUG o.s.w.t.h.s.r.b.UndertowHttpServer - Stopping UndertowHttpServer...
17:48:11.105 [Test worker] INFO  i.undertow - stopping server: Undertow - 2.2.7.Final
17:48:11.107 [Test worker] DEBUG o.s.w.t.h.s.r.b.UndertowHttpServer - Server stopped (0 millis).
17:48:11.141 [Test worker] DEBUG o.s.w.r.r.m.a.RequestMappingHandlerMapping - 6 mappings in 'requestMappingHandlerMapping'
17:48:11.154 [Test worker] DEBUG o.s.w.r.r.m.a.ControllerMethodResolver - ControllerAdvice beans: none
17:48:11.158 [Test worker] DEBUG o.s.w.s.a.HttpWebHandlerAdapter - enableLoggingRequestDetails='false': form data and headers will be masked to prevent unsafe logging of potentially sensitive data
17:48:11.158 [Test worker] WARN  o.e.j.s.h.ContextHandler - Empty contextPath
17:48:11.158 [Test worker] INFO  o.e.j.s.h.ContextHandler - Started o.e.j.s.ServletContextHandler@7f8b0644{/,null,AVAILABLE}
17:48:11.158 [Test worker] DEBUG o.s.w.t.h.s.r.b.JettyHttpServer - Starting JettyHttpServer...
17:48:11.159 [Test worker] INFO  o.e.j.s.Server - jetty-9.4.39.v20210325; built: 2021-03-25T14:42:11.471Z; git: 9fc7ca5a922f2a37b84ec9dbc26a5168cee7e667; jvm 1.8.0_181-b13
17:48:11.163 [Test worker] INFO  o.e.j.s.AbstractConnector - Started ServerConnector@ad68ff1{HTTP/1.1, (http/1.1)}{0.0.0.0:51945}
17:48:11.163 [Test worker] INFO  o.e.j.s.Server - Started @58219ms
17:48:11.163 [Test worker] DEBUG o.s.w.t.h.s.r.b.JettyHttpServer - Server started on port 51945(0 millis).
17:48:11.163 [Test worker] DEBUG o.s.w.c.RestTemplate - HTTP GET http://localhost:51945/SPR-16051
17:48:11.163 [Test worker] DEBUG o.s.w.c.RestTemplate - Accept=[text/plain, application/json, application/x-jackson-smile, application/*+json, */*]
17:48:11.165 [qtp1101968784-229] DEBUG o.s.w.s.a.HttpWebHandlerAdapter - [14051edc] HTTP GET "/SPR-16051"
17:48:11.166 [qtp1101968784-229] DEBUG o.s.w.r.r.m.a.RequestMappingHandlerMapping - [14051edc] Mapped to org.springframework.web.reactive.result.method.annotation.RequestMappingExceptionHandlingIntegrationTests$TestController#errors()
17:48:11.167 [qtp1101968784-229] DEBUG o.s.w.r.r.m.a.ResponseBodyResultHandler - [14051edc] Using 'text/plain;charset=UTF-8' given [text/plain, application/json, application/x-jackson-smile, application/*+json, */*] and supported [text/plain;charset=UTF-8, text/event-stream, text/plain;charset=UTF-8, */*]
17:48:11.167 [qtp1101968784-229] DEBUG o.s.w.r.r.m.a.ResponseBodyResultHandler - [14051edc] 0..N [java.lang.String]
17:48:11.171 [qtp1101968784-229] DEBUG o.s.c.c.CharSequenceEncoder - [14051edc] Writing "1. foo bar"
17:48:11.172 [qtp1101968784-229] DEBUG o.s.c.c.CharSequenceEncoder - [14051edc] Writing "2. foo bar"
17:48:11.172 [qtp1101968784-229] DEBUG o.s.c.c.CharSequenceEncoder - [14051edc] Writing "3. foo bar"
17:48:11.172 [qtp1101968784-229] DEBUG o.s.c.c.CharSequenceEncoder - [14051edc] Writing "4. foo bar"
17:48:11.172 [qtp1101968784-229] DEBUG o.s.c.c.CharSequenceEncoder - [14051edc] Writing "5. foo bar"
17:48:11.172 [Test worker] DEBUG o.s.w.c.RestTemplate - Response 200 OK
17:48:11.173 [qtp1101968784-229] DEBUG o.s.c.c.CharSequenceEncoder - [14051edc] Writing "6. foo bar"
17:48:11.173 [qtp1101968784-229] DEBUG o.s.c.c.CharSequenceEncoder - [14051edc] Writing "7. foo bar"
17:48:11.174 [qtp1101968784-229] DEBUG o.s.c.c.CharSequenceEncoder - [14051edc] Writing "8. foo bar"
17:48:11.174 [Test worker] DEBUG o.s.w.c.RestTemplate - Reading to [java.lang.String] as "text/plain;charset=utf-8"
17:48:11.174 [qtp1101968784-229] DEBUG o.s.c.c.CharSequenceEncoder - [14051edc] Writing "9. foo bar"
17:48:11.174 [qtp1101968784-229] DEBUG o.s.c.c.CharSequenceEncoder - [14051edc] Writing "10. foo bar"
17:48:11.175 [qtp1101968784-229] DEBUG o.s.c.c.CharSequenceEncoder - [14051edc] Writing "11. foo bar"
17:48:11.175 [qtp1101968784-229] DEBUG o.s.c.c.CharSequenceEncoder - [14051edc] Writing "12. foo bar"
17:48:11.175 [qtp1101968784-229] DEBUG o.s.c.c.CharSequenceEncoder - [14051edc] Writing "13. foo bar"
17:48:11.175 [qtp1101968784-229] DEBUG o.s.c.c.CharSequenceEncoder - [14051edc] Writing "14. foo bar"
17:48:11.175 [qtp1101968784-229] DEBUG o.s.c.c.CharSequenceEncoder - [14051edc] Writing "15. foo bar"
17:48:11.176 [qtp1101968784-229] DEBUG o.s.c.c.CharSequenceEncoder - [14051edc] Writing "16. foo bar"
17:48:11.176 [qtp1101968784-229] DEBUG o.s.c.c.CharSequenceEncoder - [14051edc] Writing "17. foo bar"
17:48:11.176 [qtp1101968784-229] DEBUG o.s.c.c.CharSequenceEncoder - [14051edc] Writing "18. foo bar"
17:48:11.176 [qtp1101968784-229] DEBUG o.s.c.c.CharSequenceEncoder - [14051edc] Writing "19. foo bar"
17:48:11.176 [qtp1101968784-229] DEBUG o.s.c.c.CharSequenceEncoder - [14051edc] Writing "20. foo bar"
17:48:11.177 [qtp1101968784-229] DEBUG o.s.c.c.CharSequenceEncoder - [14051edc] Writing "21. foo bar"
17:48:11.177 [qtp1101968784-229] DEBUG o.s.c.c.CharSequenceEncoder - [14051edc] Writing "22. foo bar"
17:48:11.177 [qtp1101968784-229] DEBUG o.s.c.c.CharSequenceEncoder - [14051edc] Writing "23. foo bar"
17:48:11.177 [qtp1101968784-229] DEBUG o.s.c.c.CharSequenceEncoder - [14051edc] Writing "24. foo bar"
17:48:11.177 [qtp1101968784-229] DEBUG o.s.c.c.CharSequenceEncoder - [14051edc] Writing "25. foo bar"
17:48:11.177 [qtp1101968784-229] DEBUG o.s.c.c.CharSequenceEncoder - [14051edc] Writing "26. foo bar"
17:48:11.177 [qtp1101968784-229] DEBUG o.s.c.c.CharSequenceEncoder - [14051edc] Writing "27. foo bar"
17:48:11.178 [qtp1101968784-229] DEBUG o.s.c.c.CharSequenceEncoder - [14051edc] Writing "28. foo bar"
17:48:11.178 [qtp1101968784-229] DEBUG o.s.c.c.CharSequenceEncoder - [14051edc] Writing "29. foo bar"
17:48:11.178 [qtp1101968784-229] DEBUG o.s.c.c.CharSequenceEncoder - [14051edc] Writing "30. foo bar"
17:48:11.178 [qtp1101968784-229] DEBUG o.s.c.c.CharSequenceEncoder - [14051edc] Writing "31. foo bar"
17:48:11.178 [qtp1101968784-229] DEBUG o.s.c.c.CharSequenceEncoder - [14051edc] Writing "32. foo bar"
17:48:11.178 [qtp1101968784-229] DEBUG o.s.c.c.CharSequenceEncoder - [14051edc] Writing "33. foo bar"
17:48:11.179 [qtp1101968784-229] DEBUG o.s.c.c.CharSequenceEncoder - [14051edc] Writing "34. foo bar"
17:48:11.179 [qtp1101968784-229] DEBUG o.s.c.c.CharSequenceEncoder - [14051edc] Writing "35. foo bar"
17:48:11.179 [qtp1101968784-229] DEBUG o.s.c.c.CharSequenceEncoder - [14051edc] Writing "36. foo bar"
17:48:11.179 [qtp1101968784-229] DEBUG o.s.c.c.CharSequenceEncoder - [14051edc] Writing "37. foo bar"
17:48:11.179 [qtp1101968784-229] DEBUG o.s.c.c.CharSequenceEncoder - [14051edc] Writing "38. foo bar"
17:48:11.180 [qtp1101968784-229] DEBUG o.s.c.c.CharSequenceEncoder - [14051edc] Writing "39. foo bar"
17:48:11.180 [qtp1101968784-229] DEBUG o.s.c.c.CharSequenceEncoder - [14051edc] Writing "40. foo bar"
17:48:11.180 [qtp1101968784-229] DEBUG o.s.c.c.CharSequenceEncoder - [14051edc] Writing "41. foo bar"
17:48:11.180 [qtp1101968784-229] DEBUG o.s.c.c.CharSequenceEncoder - [14051edc] Writing "42. foo bar"
17:48:11.180 [qtp1101968784-229] DEBUG o.s.c.c.CharSequenceEncoder - [14051edc] Writing "43. foo bar"
17:48:11.181 [qtp1101968784-229] DEBUG o.s.c.c.CharSequenceEncoder - [14051edc] Writing "44. foo bar"
17:48:11.181 [qtp1101968784-229] DEBUG o.s.c.c.CharSequenceEncoder - [14051edc] Writing "45. foo bar"
17:48:11.181 [qtp1101968784-229] DEBUG o.s.c.c.CharSequenceEncoder - [14051edc] Writing "46. foo bar"
17:48:11.181 [qtp1101968784-229] DEBUG o.s.c.c.CharSequenceEncoder - [14051edc] Writing "47. foo bar"
17:48:11.181 [qtp1101968784-229] DEBUG o.s.c.c.CharSequenceEncoder - [14051edc] Writing "48. foo bar"
17:48:11.181 [qtp1101968784-229] DEBUG o.s.c.c.CharSequenceEncoder - [14051edc] Writing "49. foo bar"
17:48:11.182 [qtp1101968784-229] DEBUG o.s.c.c.CharSequenceEncoder - [14051edc] Writing "50. foo bar"
17:48:11.182 [qtp1101968784-229] DEBUG o.s.c.c.CharSequenceEncoder - [14051edc] Writing "51. foo bar"
17:48:11.182 [qtp1101968784-229] DEBUG o.s.c.c.CharSequenceEncoder - [14051edc] Writing "52. foo bar"
17:48:11.182 [qtp1101968784-229] DEBUG o.s.c.c.CharSequenceEncoder - [14051edc] Writing "53. foo bar"
17:48:11.182 [qtp1101968784-229] DEBUG o.s.c.c.CharSequenceEncoder - [14051edc] Writing "54. foo bar"
17:48:11.182 [qtp1101968784-229] DEBUG o.s.c.c.CharSequenceEncoder - [14051edc] Writing "55. foo bar"
17:48:11.183 [qtp1101968784-229] DEBUG o.s.c.c.CharSequenceEncoder - [14051edc] Writing "56. foo bar"
17:48:11.183 [qtp1101968784-229] DEBUG o.s.c.c.CharSequenceEncoder - [14051edc] Writing "57. foo bar"
17:48:11.183 [qtp1101968784-229] DEBUG o.s.c.c.CharSequenceEncoder - [14051edc] Writing "58. foo bar"
17:48:11.183 [qtp1101968784-229] DEBUG o.s.c.c.CharSequenceEncoder - [14051edc] Writing "59. foo bar"
17:48:11.183 [qtp1101968784-229] DEBUG o.s.c.c.CharSequenceEncoder - [14051edc] Writing "60. foo bar"
17:48:11.184 [qtp1101968784-229] DEBUG o.s.c.c.CharSequenceEncoder - [14051edc] Writing "61. foo bar"
17:48:11.184 [qtp1101968784-229] DEBUG o.s.c.c.CharSequenceEncoder - [14051edc] Writing "62. foo bar"
17:48:11.184 [qtp1101968784-229] DEBUG o.s.c.c.CharSequenceEncoder - [14051edc] Writing "63. foo bar"
17:48:11.184 [qtp1101968784-229] DEBUG o.s.c.c.CharSequenceEncoder - [14051edc] Writing "64. foo bar"
17:48:11.184 [qtp1101968784-229] DEBUG o.s.c.c.CharSequenceEncoder - [14051edc] Writing "65. foo bar"
17:48:11.185 [qtp1101968784-229] DEBUG o.s.c.c.CharSequenceEncoder - [14051edc] Writing "66. foo bar"
17:48:11.185 [qtp1101968784-229] DEBUG o.s.c.c.CharSequenceEncoder - [14051edc] Writing "67. foo bar"
17:48:11.185 [qtp1101968784-229] DEBUG o.s.c.c.CharSequenceEncoder - [14051edc] Writing "68. foo bar"
17:48:11.185 [qtp1101968784-229] DEBUG o.s.c.c.CharSequenceEncoder - [14051edc] Writing "69. foo bar"
17:48:11.186 [qtp1101968784-229] DEBUG o.s.c.c.CharSequenceEncoder - [14051edc] Writing "70. foo bar"
17:48:11.186 [qtp1101968784-229] DEBUG o.s.c.c.CharSequenceEncoder - [14051edc] Writing "71. foo bar"
17:48:11.186 [qtp1101968784-229] DEBUG o.s.c.c.CharSequenceEncoder - [14051edc] Writing "72. foo bar"
17:48:11.186 [qtp1101968784-229] DEBUG o.s.c.c.CharSequenceEncoder - [14051edc] Writing "73. foo bar"
17:48:11.186 [qtp1101968784-229] DEBUG o.s.c.c.CharSequenceEncoder - [14051edc] Writing "74. foo bar"
17:48:11.187 [qtp1101968784-229] DEBUG o.s.c.c.CharSequenceEncoder - [14051edc] Writing "75. foo bar"
17:48:11.187 [qtp1101968784-229] DEBUG o.s.c.c.CharSequenceEncoder - [14051edc] Writing "76. foo bar"
17:48:11.187 [qtp1101968784-229] DEBUG o.s.c.c.CharSequenceEncoder - [14051edc] Writing "77. foo bar"
17:48:11.187 [qtp1101968784-229] DEBUG o.s.c.c.CharSequenceEncoder - [14051edc] Writing "78. foo bar"
17:48:11.187 [qtp1101968784-229] DEBUG o.s.c.c.CharSequenceEncoder - [14051edc] Writing "79. foo bar"
17:48:11.188 [qtp1101968784-229] DEBUG o.s.c.c.CharSequenceEncoder - [14051edc] Writing "80. foo bar"
17:48:11.188 [qtp1101968784-229] DEBUG o.s.c.c.CharSequenceEncoder - [14051edc] Writing "81. foo bar"
17:48:11.188 [qtp1101968784-229] DEBUG o.s.c.c.CharSequenceEncoder - [14051edc] Writing "82. foo bar"
17:48:11.188 [qtp1101968784-229] DEBUG o.s.c.c.CharSequenceEncoder - [14051edc] Writing "83. foo bar"
17:48:11.189 [qtp1101968784-229] DEBUG o.s.c.c.CharSequenceEncoder - [14051edc] Writing "84. foo bar"
17:48:11.189 [qtp1101968784-229] DEBUG o.s.c.c.CharSequenceEncoder - [14051edc] Writing "85. foo bar"
17:48:11.189 [qtp1101968784-229] DEBUG o.s.c.c.CharSequenceEncoder - [14051edc] Writing "86. foo bar"
17:48:11.189 [qtp1101968784-229] DEBUG o.s.c.c.CharSequenceEncoder - [14051edc] Writing "87. foo bar"
17:48:11.189 [qtp1101968784-229] DEBUG o.s.c.c.CharSequenceEncoder - [14051edc] Writing "88. foo bar"
17:48:11.189 [qtp1101968784-229] DEBUG o.s.c.c.CharSequenceEncoder - [14051edc] Writing "89. foo bar"
17:48:11.190 [qtp1101968784-229] DEBUG o.s.c.c.CharSequenceEncoder - [14051edc] Writing "90. foo bar"
17:48:11.190 [qtp1101968784-229] DEBUG o.s.c.c.CharSequenceEncoder - [14051edc] Writing "91. foo bar"
17:48:11.190 [qtp1101968784-229] DEBUG o.s.c.c.CharSequenceEncoder - [14051edc] Writing "92. foo bar"
17:48:11.190 [qtp1101968784-229] DEBUG o.s.c.c.CharSequenceEncoder - [14051edc] Writing "93. foo bar"
17:48:11.190 [qtp1101968784-229] DEBUG o.s.c.c.CharSequenceEncoder - [14051edc] Writing "94. foo bar"
17:48:11.190 [qtp1101968784-229] DEBUG o.s.c.c.CharSequenceEncoder - [14051edc] Writing "95. foo bar"
17:48:11.191 [qtp1101968784-229] DEBUG o.s.c.c.CharSequenceEncoder - [14051edc] Writing "96. foo bar"
17:48:11.191 [qtp1101968784-229] DEBUG o.s.c.c.CharSequenceEncoder - [14051edc] Writing "97. foo bar"
17:48:11.191 [qtp1101968784-229] DEBUG o.s.c.c.CharSequenceEncoder - [14051edc] Writing "98. foo bar"
17:48:11.191 [qtp1101968784-229] DEBUG o.s.c.c.CharSequenceEncoder - [14051edc] Writing "99. foo bar"
17:48:11.191 [qtp1101968784-229] DEBUG o.s.c.c.CharSequenceEncoder - [14051edc] Writing "100. foo bar"
17:48:11.192 [qtp1101968784-229] DEBUG o.s.c.c.CharSequenceEncoder - [14051edc] Writing "101. foo bar"
17:48:11.192 [qtp1101968784-229] DEBUG o.s.c.c.CharSequenceEncoder - [14051edc] Writing "102. foo bar"
17:48:11.192 [qtp1101968784-229] DEBUG o.s.c.c.CharSequenceEncoder - [14051edc] Writing "103. foo bar"
17:48:11.192 [qtp1101968784-229] DEBUG o.s.c.c.CharSequenceEncoder - [14051edc] Writing "104. foo bar"
17:48:11.192 [qtp1101968784-229] DEBUG o.s.c.c.CharSequenceEncoder - [14051edc] Writing "105. foo bar"
17:48:11.193 [qtp1101968784-229] DEBUG o.s.c.c.CharSequenceEncoder - [14051edc] Writing "106. foo bar"
17:48:11.193 [qtp1101968784-229] DEBUG o.s.c.c.CharSequenceEncoder - [14051edc] Writing "107. foo bar"
17:48:11.193 [qtp1101968784-229] DEBUG o.s.c.c.CharSequenceEncoder - [14051edc] Writing "108. foo bar"
17:48:11.193 [qtp1101968784-229] DEBUG o.s.c.c.CharSequenceEncoder - [14051edc] Writing "109. foo bar"
17:48:11.193 [qtp1101968784-229] DEBUG o.s.c.c.CharSequenceEncoder - [14051edc] Writing "110. foo bar"
17:48:11.194 [qtp1101968784-229] DEBUG o.s.c.c.CharSequenceEncoder - [14051edc] Writing "111. foo bar"
17:48:11.194 [qtp1101968784-229] DEBUG o.s.c.c.CharSequenceEncoder - [14051edc] Writing "112. foo bar"
17:48:11.194 [qtp1101968784-229] DEBUG o.s.c.c.CharSequenceEncoder - [14051edc] Writing "113. foo bar"
17:48:11.194 [qtp1101968784-229] DEBUG o.s.c.c.CharSequenceEncoder - [14051edc] Writing "114. foo bar"
17:48:11.194 [qtp1101968784-229] DEBUG o.s.c.c.CharSequenceEncoder - [14051edc] Writing "115. foo bar"
17:48:11.195 [qtp1101968784-229] DEBUG o.s.c.c.CharSequenceEncoder - [14051edc] Writing "116. foo bar"
17:48:11.196 [qtp1101968784-229] DEBUG o.s.c.c.CharSequenceEncoder - [14051edc] Writing "117. foo bar"
17:48:11.196 [qtp1101968784-229] DEBUG o.s.c.c.CharSequenceEncoder - [14051edc] Writing "118. foo bar"
17:48:11.197 [qtp1101968784-229] DEBUG o.s.c.c.CharSequenceEncoder - [14051edc] Writing "119. foo bar"
17:48:11.197 [qtp1101968784-229] DEBUG o.s.c.c.CharSequenceEncoder - [14051edc] Writing "120. foo bar"
17:48:11.197 [qtp1101968784-229] DEBUG o.s.c.c.CharSequenceEncoder - [14051edc] Writing "121. foo bar"
17:48:11.197 [qtp1101968784-229] DEBUG o.s.c.c.CharSequenceEncoder - [14051edc] Writing "122. foo bar"
17:48:11.198 [qtp1101968784-229] DEBUG o.s.c.c.CharSequenceEncoder - [14051edc] Writing "123. foo bar"
17:48:11.198 [qtp1101968784-229] DEBUG o.s.c.c.CharSequenceEncoder - [14051edc] Writing "124. foo bar"
17:48:11.198 [qtp1101968784-229] DEBUG o.s.c.c.CharSequenceEncoder - [14051edc] Writing "125. foo bar"
17:48:11.198 [qtp1101968784-229] DEBUG o.s.c.c.CharSequenceEncoder - [14051edc] Writing "126. foo bar"
17:48:11.198 [qtp1101968784-229] DEBUG o.s.c.c.CharSequenceEncoder - [14051edc] Writing "127. foo bar"
17:48:11.199 [qtp1101968784-229] DEBUG o.s.c.c.CharSequenceEncoder - [14051edc] Writing "128. foo bar"
17:48:11.199 [qtp1101968784-229] DEBUG o.s.c.c.CharSequenceEncoder - [14051edc] Writing "129. foo bar"
17:48:11.199 [qtp1101968784-229] DEBUG o.s.c.c.CharSequenceEncoder - [14051edc] Writing "130. foo bar"
17:48:11.199 [qtp1101968784-229] DEBUG o.s.c.c.CharSequenceEncoder - [14051edc] Writing "131. foo bar"
17:48:11.199 [qtp1101968784-229] DEBUG o.s.c.c.CharSequenceEncoder - [14051edc] Writing "132. foo bar"
17:48:11.199 [qtp1101968784-229] DEBUG o.s.c.c.CharSequenceEncoder - [14051edc] Writing "133. foo bar"
17:48:11.200 [qtp1101968784-229] DEBUG o.s.c.c.CharSequenceEncoder - [14051edc] Writing "134. foo bar"
17:48:11.200 [qtp1101968784-229] DEBUG o.s.c.c.CharSequenceEncoder - [14051edc] Writing "135. foo bar"
17:48:11.200 [qtp1101968784-229] DEBUG o.s.c.c.CharSequenceEncoder - [14051edc] Writing "136. foo bar"
17:48:11.200 [qtp1101968784-229] DEBUG o.s.c.c.CharSequenceEncoder - [14051edc] Writing "137. foo bar"
17:48:11.200 [qtp1101968784-229] DEBUG o.s.c.c.CharSequenceEncoder - [14051edc] Writing "138. foo bar"
17:48:11.200 [qtp1101968784-229] DEBUG o.s.c.c.CharSequenceEncoder - [14051edc] Writing "139. foo bar"
17:48:11.201 [qtp1101968784-229] DEBUG o.s.c.c.CharSequenceEncoder - [14051edc] Writing "140. foo bar"
17:48:11.201 [qtp1101968784-229] DEBUG o.s.c.c.CharSequenceEncoder - [14051edc] Writing "141. foo bar"
17:48:11.201 [qtp1101968784-229] DEBUG o.s.c.c.CharSequenceEncoder - [14051edc] Writing "142. foo bar"
17:48:11.201 [qtp1101968784-229] DEBUG o.s.c.c.CharSequenceEncoder - [14051edc] Writing "143. foo bar"
17:48:11.201 [qtp1101968784-229] DEBUG o.s.c.c.CharSequenceEncoder - [14051edc] Writing "144. foo bar"
17:48:11.202 [qtp1101968784-229] DEBUG o.s.c.c.CharSequenceEncoder - [14051edc] Writing "145. foo bar"
17:48:11.202 [qtp1101968784-229] DEBUG o.s.c.c.CharSequenceEncoder - [14051edc] Writing "146. foo bar"
17:48:11.202 [qtp1101968784-229] DEBUG o.s.c.c.CharSequenceEncoder - [14051edc] Writing "147. foo bar"
17:48:11.202 [qtp1101968784-229] DEBUG o.s.c.c.CharSequenceEncoder - [14051edc] Writing "148. foo bar"
17:48:11.202 [qtp1101968784-229] DEBUG o.s.c.c.CharSequenceEncoder - [14051edc] Writing "149. foo bar"
17:48:11.203 [qtp1101968784-229] DEBUG o.s.c.c.CharSequenceEncoder - [14051edc] Writing "150. foo bar"
17:48:11.203 [qtp1101968784-229] DEBUG o.s.c.c.CharSequenceEncoder - [14051edc] Writing "151. foo bar"
17:48:11.203 [qtp1101968784-229] DEBUG o.s.c.c.CharSequenceEncoder - [14051edc] Writing "152. foo bar"
17:48:11.203 [qtp1101968784-229] DEBUG o.s.c.c.CharSequenceEncoder - [14051edc] Writing "153. foo bar"
17:48:11.203 [qtp1101968784-229] DEBUG o.s.c.c.CharSequenceEncoder - [14051edc] Writing "154. foo bar"
17:48:11.203 [qtp1101968784-229] DEBUG o.s.c.c.CharSequenceEncoder - [14051edc] Writing "155. foo bar"
17:48:11.204 [qtp1101968784-229] DEBUG o.s.c.c.CharSequenceEncoder - [14051edc] Writing "156. foo bar"
17:48:11.204 [qtp1101968784-229] DEBUG o.s.c.c.CharSequenceEncoder - [14051edc] Writing "157. foo bar"
17:48:11.204 [qtp1101968784-229] DEBUG o.s.c.c.CharSequenceEncoder - [14051edc] Writing "158. foo bar"
17:48:11.204 [qtp1101968784-229] DEBUG o.s.c.c.CharSequenceEncoder - [14051edc] Writing "159. foo bar"
17:48:11.204 [qtp1101968784-229] DEBUG o.s.c.c.CharSequenceEncoder - [14051edc] Writing "160. foo bar"
17:48:11.205 [qtp1101968784-229] DEBUG o.s.c.c.CharSequenceEncoder - [14051edc] Writing "161. foo bar"
17:48:11.205 [qtp1101968784-229] DEBUG o.s.c.c.CharSequenceEncoder - [14051edc] Writing "162. foo bar"
17:48:11.205 [qtp1101968784-229] DEBUG o.s.c.c.CharSequenceEncoder - [14051edc] Writing "163. foo bar"
17:48:11.205 [qtp1101968784-229] DEBUG o.s.c.c.CharSequenceEncoder - [14051edc] Writing "164. foo bar"
17:48:11.205 [qtp1101968784-229] DEBUG o.s.c.c.CharSequenceEncoder - [14051edc] Writing "165. foo bar"
17:48:11.206 [qtp1101968784-229] DEBUG o.s.c.c.CharSequenceEncoder - [14051edc] Writing "166. foo bar"
17:48:11.206 [qtp1101968784-229] DEBUG o.s.c.c.CharSequenceEncoder - [14051edc] Writing "167. foo bar"
17:48:11.206 [qtp1101968784-229] DEBUG o.s.c.c.CharSequenceEncoder - [14051edc] Writing "168. foo bar"
17:48:11.206 [qtp1101968784-229] DEBUG o.s.c.c.CharSequenceEncoder - [14051edc] Writing "169. foo bar"
17:48:11.206 [qtp1101968784-229] DEBUG o.s.c.c.CharSequenceEncoder - [14051edc] Writing "170. foo bar"
17:48:11.206 [qtp1101968784-229] DEBUG o.s.c.c.CharSequenceEncoder - [14051edc] Writing "171. foo bar"
17:48:11.207 [qtp1101968784-229] DEBUG o.s.c.c.CharSequenceEncoder - [14051edc] Writing "172. foo bar"
17:48:11.207 [qtp1101968784-229] DEBUG o.s.c.c.CharSequenceEncoder - [14051edc] Writing "173. foo bar"
17:48:11.207 [qtp1101968784-229] DEBUG o.s.c.c.CharSequenceEncoder - [14051edc] Writing "174. foo bar"
17:48:11.207 [qtp1101968784-229] DEBUG o.s.c.c.CharSequenceEncoder - [14051edc] Writing "175. foo bar"
17:48:11.207 [qtp1101968784-229] DEBUG o.s.c.c.CharSequenceEncoder - [14051edc] Writing "176. foo bar"
17:48:11.208 [qtp1101968784-229] DEBUG o.s.c.c.CharSequenceEncoder - [14051edc] Writing "177. foo bar"
17:48:11.208 [qtp1101968784-229] DEBUG o.s.c.c.CharSequenceEncoder - [14051edc] Writing "178. foo bar"
17:48:11.208 [qtp1101968784-229] DEBUG o.s.c.c.CharSequenceEncoder - [14051edc] Writing "179. foo bar"
17:48:11.208 [qtp1101968784-229] DEBUG o.s.c.c.CharSequenceEncoder - [14051edc] Writing "180. foo bar"
17:48:11.208 [qtp1101968784-229] DEBUG o.s.c.c.CharSequenceEncoder - [14051edc] Writing "181. foo bar"
17:48:11.208 [qtp1101968784-229] DEBUG o.s.c.c.CharSequenceEncoder - [14051edc] Writing "182. foo bar"
17:48:11.209 [qtp1101968784-229] DEBUG o.s.c.c.CharSequenceEncoder - [14051edc] Writing "183. foo bar"
17:48:11.209 [qtp1101968784-229] DEBUG o.s.c.c.CharSequenceEncoder - [14051edc] Writing "184. foo bar"
17:48:11.210 [qtp1101968784-229] DEBUG o.s.c.c.CharSequenceEncoder - [14051edc] Writing "185. foo bar"
17:48:11.210 [qtp1101968784-229] DEBUG o.s.c.c.CharSequenceEncoder - [14051edc] Writing "186. foo bar"
17:48:11.210 [qtp1101968784-229] DEBUG o.s.c.c.CharSequenceEncoder - [14051edc] Writing "187. foo bar"
17:48:11.210 [qtp1101968784-229] DEBUG o.s.c.c.CharSequenceEncoder - [14051edc] Writing "188. foo bar"
17:48:11.210 [qtp1101968784-229] DEBUG o.s.c.c.CharSequenceEncoder - [14051edc] Writing "189. foo bar"
17:48:11.211 [qtp1101968784-229] DEBUG o.s.c.c.CharSequenceEncoder - [14051edc] Writing "190. foo bar"
17:48:11.211 [qtp1101968784-229] DEBUG o.s.c.c.CharSequenceEncoder - [14051edc] Writing "191. foo bar"
17:48:11.211 [qtp1101968784-229] DEBUG o.s.c.c.CharSequenceEncoder - [14051edc] Writing "192. foo bar"
17:48:11.211 [qtp1101968784-229] DEBUG o.s.c.c.CharSequenceEncoder - [14051edc] Writing "193. foo bar"
17:48:11.211 [qtp1101968784-229] DEBUG o.s.c.c.CharSequenceEncoder - [14051edc] Writing "194. foo bar"
17:48:11.211 [qtp1101968784-229] DEBUG o.s.c.c.CharSequenceEncoder - [14051edc] Writing "195. foo bar"
17:48:11.212 [qtp1101968784-229] DEBUG o.s.c.c.CharSequenceEncoder - [14051edc] Writing "196. foo bar"
17:48:11.212 [qtp1101968784-229] DEBUG o.s.c.c.CharSequenceEncoder - [14051edc] Writing "197. foo bar"
17:48:11.212 [qtp1101968784-229] DEBUG o.s.c.c.CharSequenceEncoder - [14051edc] Writing "198. foo bar"
17:48:11.212 [qtp1101968784-229] DEBUG o.s.c.c.CharSequenceEncoder - [14051edc] Writing "199. foo bar"
17:48:11.212 [qtp1101968784-229] DEBUG o.s.c.c.CharSequenceEncoder - [14051edc] Writing "200. foo bar"
17:48:11.212 [qtp1101968784-229] DEBUG o.s.c.c.CharSequenceEncoder - [14051edc] Writing "201. foo bar"
17:48:11.213 [qtp1101968784-229] DEBUG o.s.c.c.CharSequenceEncoder - [14051edc] Writing "202. foo bar"
17:48:11.213 [qtp1101968784-229] DEBUG o.s.c.c.CharSequenceEncoder - [14051edc] Writing "203. foo bar"
17:48:11.213 [qtp1101968784-229] DEBUG o.s.c.c.CharSequenceEncoder - [14051edc] Writing "204. foo bar"
17:48:11.213 [qtp1101968784-229] DEBUG o.s.c.c.CharSequenceEncoder - [14051edc] Writing "205. foo bar"
17:48:11.213 [qtp1101968784-229] DEBUG o.s.c.c.CharSequenceEncoder - [14051edc] Writing "206. foo bar"
17:48:11.213 [qtp1101968784-229] DEBUG o.s.c.c.CharSequenceEncoder - [14051edc] Writing "207. foo bar"
17:48:11.213 [qtp1101968784-229] DEBUG o.s.c.c.CharSequenceEncoder - [14051edc] Writing "208. foo bar"
17:48:11.214 [qtp1101968784-229] DEBUG o.s.c.c.CharSequenceEncoder - [14051edc] Writing "209. foo bar"
17:48:11.214 [qtp1101968784-229] DEBUG o.s.c.c.CharSequenceEncoder - [14051edc] Writing "210. foo bar"
17:48:11.214 [qtp1101968784-229] DEBUG o.s.c.c.CharSequenceEncoder - [14051edc] Writing "211. foo bar"
17:48:11.214 [qtp1101968784-229] DEBUG o.s.c.c.CharSequenceEncoder - [14051edc] Writing "212. foo bar"
17:48:11.214 [qtp1101968784-229] DEBUG o.s.c.c.CharSequenceEncoder - [14051edc] Writing "213. foo bar"
17:48:11.215 [qtp1101968784-229] DEBUG o.s.c.c.CharSequenceEncoder - [14051edc] Writing "214. foo bar"
17:48:11.215 [qtp1101968784-229] DEBUG o.s.c.c.CharSequenceEncoder - [14051edc] Writing "215. foo bar"
17:48:11.215 [qtp1101968784-229] DEBUG o.s.c.c.CharSequenceEncoder - [14051edc] Writing "216. foo bar"
17:48:11.215 [qtp1101968784-229] DEBUG o.s.c.c.CharSequenceEncoder - [14051edc] Writing "217. foo bar"
17:48:11.216 [qtp1101968784-229] DEBUG o.s.c.c.CharSequenceEncoder - [14051edc] Writing "218. foo bar"
17:48:11.217 [qtp1101968784-229] DEBUG o.s.c.c.CharSequenceEncoder - [14051edc] Writing "219. foo bar"
17:48:11.217 [qtp1101968784-229] DEBUG o.s.c.c.CharSequenceEncoder - [14051edc] Writing "220. foo bar"
17:48:11.217 [qtp1101968784-229] DEBUG o.s.c.c.CharSequenceEncoder - [14051edc] Writing "221. foo bar"
17:48:11.217 [qtp1101968784-229] DEBUG o.s.c.c.CharSequenceEncoder - [14051edc] Writing "222. foo bar"
17:48:11.217 [qtp1101968784-229] DEBUG o.s.c.c.CharSequenceEncoder - [14051edc] Writing "223. foo bar"
17:48:11.218 [qtp1101968784-229] DEBUG o.s.c.c.CharSequenceEncoder - [14051edc] Writing "224. foo bar"
17:48:11.218 [qtp1101968784-229] DEBUG o.s.c.c.CharSequenceEncoder - [14051edc] Writing "225. foo bar"
17:48:11.218 [qtp1101968784-229] DEBUG o.s.c.c.CharSequenceEncoder - [14051edc] Writing "226. foo bar"
17:48:11.219 [qtp1101968784-229] DEBUG o.s.c.c.CharSequenceEncoder - [14051edc] Writing "227. foo bar"
17:48:11.219 [qtp1101968784-229] DEBUG o.s.c.c.CharSequenceEncoder - [14051edc] Writing "228. foo bar"
17:48:11.219 [qtp1101968784-229] DEBUG o.s.c.c.CharSequenceEncoder - [14051edc] Writing "229. foo bar"
17:48:11.219 [qtp1101968784-229] DEBUG o.s.c.c.CharSequenceEncoder - [14051edc] Writing "230. foo bar"
17:48:11.219 [qtp1101968784-229] DEBUG o.s.c.c.CharSequenceEncoder - [14051edc] Writing "231. foo bar"
17:48:11.219 [qtp1101968784-229] DEBUG o.s.c.c.CharSequenceEncoder - [14051edc] Writing "232. foo bar"
17:48:11.220 [qtp1101968784-229] DEBUG o.s.c.c.CharSequenceEncoder - [14051edc] Writing "233. foo bar"
17:48:11.220 [qtp1101968784-229] DEBUG o.s.c.c.CharSequenceEncoder - [14051edc] Writing "234. foo bar"
17:48:11.220 [qtp1101968784-229] DEBUG o.s.c.c.CharSequenceEncoder - [14051edc] Writing "235. foo bar"
17:48:11.220 [qtp1101968784-229] DEBUG o.s.c.c.CharSequenceEncoder - [14051edc] Writing "236. foo bar"
17:48:11.220 [qtp1101968784-229] DEBUG o.s.c.c.CharSequenceEncoder - [14051edc] Writing "237. foo bar"
17:48:11.220 [qtp1101968784-229] DEBUG o.s.c.c.CharSequenceEncoder - [14051edc] Writing "238. foo bar"
17:48:11.220 [qtp1101968784-229] DEBUG o.s.c.c.CharSequenceEncoder - [14051edc] Writing "239. foo bar"
17:48:11.220 [qtp1101968784-229] DEBUG o.s.c.c.CharSequenceEncoder - [14051edc] Writing "240. foo bar"
17:48:11.221 [qtp1101968784-229] DEBUG o.s.c.c.CharSequenceEncoder - [14051edc] Writing "241. foo bar"
17:48:11.221 [qtp1101968784-229] DEBUG o.s.c.c.CharSequenceEncoder - [14051edc] Writing "242. foo bar"
17:48:11.221 [qtp1101968784-229] DEBUG o.s.c.c.CharSequenceEncoder - [14051edc] Writing "243. foo bar"
17:48:11.221 [qtp1101968784-229] DEBUG o.s.c.c.CharSequenceEncoder - [14051edc] Writing "244. foo bar"
17:48:11.221 [qtp1101968784-229] DEBUG o.s.c.c.CharSequenceEncoder - [14051edc] Writing "245. foo bar"
17:48:11.221 [qtp1101968784-229] DEBUG o.s.c.c.CharSequenceEncoder - [14051edc] Writing "246. foo bar"
17:48:11.221 [qtp1101968784-229] DEBUG o.s.c.c.CharSequenceEncoder - [14051edc] Writing "247. foo bar"
17:48:11.222 [qtp1101968784-229] DEBUG o.s.c.c.CharSequenceEncoder - [14051edc] Writing "248. foo bar"
17:48:11.222 [qtp1101968784-229] DEBUG o.s.c.c.CharSequenceEncoder - [14051edc] Writing "249. foo bar"
17:48:11.222 [qtp1101968784-229] DEBUG o.s.c.c.CharSequenceEncoder - [14051edc] Writing "250. foo bar"
17:48:11.222 [qtp1101968784-229] DEBUG o.s.c.c.CharSequenceEncoder - [14051edc] Writing "251. foo bar"
17:48:11.222 [qtp1101968784-229] DEBUG o.s.c.c.CharSequenceEncoder - [14051edc] Writing "252. foo bar"
17:48:11.222 [qtp1101968784-229] DEBUG o.s.c.c.CharSequenceEncoder - [14051edc] Writing "253. foo bar"
17:48:11.222 [qtp1101968784-229] DEBUG o.s.c.c.CharSequenceEncoder - [14051edc] Writing "254. foo bar"
17:48:11.223 [qtp1101968784-229] DEBUG o.s.c.c.CharSequenceEncoder - [14051edc] Writing "255. foo bar"
17:48:11.223 [qtp1101968784-229] DEBUG o.s.c.c.CharSequenceEncoder - [14051edc] Writing "256. foo bar"
17:48:11.223 [qtp1101968784-229] DEBUG o.s.c.c.CharSequenceEncoder - [14051edc] Writing "257. foo bar"
17:48:11.223 [qtp1101968784-229] DEBUG o.s.c.c.CharSequenceEncoder - [14051edc] Writing "258. foo bar"
17:48:11.223 [qtp1101968784-229] DEBUG o.s.c.c.CharSequenceEncoder - [14051edc] Writing "259. foo bar"
17:48:11.223 [qtp1101968784-229] DEBUG o.s.c.c.CharSequenceEncoder - [14051edc] Writing "260. foo bar"
17:48:11.224 [qtp1101968784-229] DEBUG o.s.c.c.CharSequenceEncoder - [14051edc] Writing "261. foo bar"
17:48:11.224 [qtp1101968784-229] DEBUG o.s.c.c.CharSequenceEncoder - [14051edc] Writing "262. foo bar"
17:48:11.224 [qtp1101968784-229] DEBUG o.s.c.c.CharSequenceEncoder - [14051edc] Writing "263. foo bar"
17:48:11.224 [qtp1101968784-229] DEBUG o.s.c.c.CharSequenceEncoder - [14051edc] Writing "264. foo bar"
17:48:11.224 [qtp1101968784-229] DEBUG o.s.c.c.CharSequenceEncoder - [14051edc] Writing "265. foo bar"
17:48:11.225 [qtp1101968784-229] DEBUG o.s.c.c.CharSequenceEncoder - [14051edc] Writing "266. foo bar"
17:48:11.225 [qtp1101968784-229] DEBUG o.s.c.c.CharSequenceEncoder - [14051edc] Writing "267. foo bar"
17:48:11.225 [qtp1101968784-229] DEBUG o.s.c.c.CharSequenceEncoder - [14051edc] Writing "268. foo bar"
17:48:11.225 [qtp1101968784-229] DEBUG o.s.c.c.CharSequenceEncoder - [14051edc] Writing "269. foo bar"
17:48:11.225 [qtp1101968784-229] DEBUG o.s.c.c.CharSequenceEncoder - [14051edc] Writing "270. foo bar"
17:48:11.225 [qtp1101968784-229] DEBUG o.s.c.c.CharSequenceEncoder - [14051edc] Writing "271. foo bar"
17:48:11.225 [qtp1101968784-229] DEBUG o.s.c.c.CharSequenceEncoder - [14051edc] Writing "272. foo bar"
17:48:11.226 [qtp1101968784-229] DEBUG o.s.c.c.CharSequenceEncoder - [14051edc] Writing "273. foo bar"
17:48:11.226 [qtp1101968784-229] DEBUG o.s.c.c.CharSequenceEncoder - [14051edc] Writing "274. foo bar"
17:48:11.226 [qtp1101968784-229] DEBUG o.s.c.c.CharSequenceEncoder - [14051edc] Writing "275. foo bar"
17:48:11.226 [qtp1101968784-229] DEBUG o.s.c.c.CharSequenceEncoder - [14051edc] Writing "276. foo bar"
17:48:11.226 [qtp1101968784-229] DEBUG o.s.c.c.CharSequenceEncoder - [14051edc] Writing "277. foo bar"
17:48:11.226 [qtp1101968784-229] DEBUG o.s.c.c.CharSequenceEncoder - [14051edc] Writing "278. foo bar"
17:48:11.226 [qtp1101968784-229] DEBUG o.s.c.c.CharSequenceEncoder - [14051edc] Writing "279. foo bar"
17:48:11.227 [qtp1101968784-229] DEBUG o.s.c.c.CharSequenceEncoder - [14051edc] Writing "280. foo bar"
17:48:11.227 [qtp1101968784-229] DEBUG o.s.c.c.CharSequenceEncoder - [14051edc] Writing "281. foo bar"
17:48:11.227 [qtp1101968784-229] DEBUG o.s.c.c.CharSequenceEncoder - [14051edc] Writing "282. foo bar"
17:48:11.227 [qtp1101968784-229] DEBUG o.s.c.c.CharSequenceEncoder - [14051edc] Writing "283. foo bar"
17:48:11.227 [qtp1101968784-229] DEBUG o.s.c.c.CharSequenceEncoder - [14051edc] Writing "284. foo bar"
17:48:11.227 [qtp1101968784-229] DEBUG o.s.c.c.CharSequenceEncoder - [14051edc] Writing "285. foo bar"
17:48:11.227 [qtp1101968784-229] DEBUG o.s.c.c.CharSequenceEncoder - [14051edc] Writing "286. foo bar"
17:48:11.227 [qtp1101968784-229] DEBUG o.s.c.c.CharSequenceEncoder - [14051edc] Writing "287. foo bar"
17:48:11.228 [qtp1101968784-229] DEBUG o.s.c.c.CharSequenceEncoder - [14051edc] Writing "288. foo bar"
17:48:11.228 [qtp1101968784-229] DEBUG o.s.c.c.CharSequenceEncoder - [14051edc] Writing "289. foo bar"
17:48:11.228 [qtp1101968784-229] DEBUG o.s.c.c.CharSequenceEncoder - [14051edc] Writing "290. foo bar"
17:48:11.228 [qtp1101968784-229] DEBUG o.s.c.c.CharSequenceEncoder - [14051edc] Writing "291. foo bar"
17:48:11.228 [qtp1101968784-229] DEBUG o.s.c.c.CharSequenceEncoder - [14051edc] Writing "292. foo bar"
17:48:11.228 [qtp1101968784-229] DEBUG o.s.c.c.CharSequenceEncoder - [14051edc] Writing "293. foo bar"
17:48:11.228 [qtp1101968784-229] DEBUG o.s.c.c.CharSequenceEncoder - [14051edc] Writing "294. foo bar"
17:48:11.229 [qtp1101968784-229] DEBUG o.s.c.c.CharSequenceEncoder - [14051edc] Writing "295. foo bar"
17:48:11.229 [qtp1101968784-229] DEBUG o.s.c.c.CharSequenceEncoder - [14051edc] Writing "296. foo bar"
17:48:11.229 [qtp1101968784-229] DEBUG o.s.c.c.CharSequenceEncoder - [14051edc] Writing "297. foo bar"
17:48:11.229 [qtp1101968784-229] DEBUG o.s.c.c.CharSequenceEncoder - [14051edc] Writing "298. foo bar"
17:48:11.229 [qtp1101968784-229] DEBUG o.s.c.c.CharSequenceEncoder - [14051edc] Writing "299. foo bar"
17:48:11.229 [qtp1101968784-229] DEBUG o.s.c.c.CharSequenceEncoder - [14051edc] Writing "300. foo bar"
17:48:11.229 [qtp1101968784-229] DEBUG o.s.c.c.CharSequenceEncoder - [14051edc] Writing "301. foo bar"
17:48:11.230 [qtp1101968784-229] DEBUG o.s.c.c.CharSequenceEncoder - [14051edc] Writing "302. foo bar"
17:48:11.230 [qtp1101968784-229] DEBUG o.s.c.c.CharSequenceEncoder - [14051edc] Writing "303. foo bar"
17:48:11.230 [qtp1101968784-229] DEBUG o.s.c.c.CharSequenceEncoder - [14051edc] Writing "304. foo bar"
17:48:11.230 [qtp1101968784-229] DEBUG o.s.c.c.CharSequenceEncoder - [14051edc] Writing "305. foo bar"
17:48:11.230 [qtp1101968784-229] DEBUG o.s.c.c.CharSequenceEncoder - [14051edc] Writing "306. foo bar"
17:48:11.230 [qtp1101968784-229] DEBUG o.s.c.c.CharSequenceEncoder - [14051edc] Writing "307. foo bar"
17:48:11.230 [qtp1101968784-229] DEBUG o.s.c.c.CharSequenceEncoder - [14051edc] Writing "308. foo bar"
17:48:11.231 [qtp1101968784-229] DEBUG o.s.c.c.CharSequenceEncoder - [14051edc] Writing "309. foo bar"
17:48:11.231 [qtp1101968784-229] DEBUG o.s.c.c.CharSequenceEncoder - [14051edc] Writing "310. foo bar"
17:48:11.231 [qtp1101968784-229] DEBUG o.s.c.c.CharSequenceEncoder - [14051edc] Writing "311. foo bar"
17:48:11.231 [qtp1101968784-229] DEBUG o.s.c.c.CharSequenceEncoder - [14051edc] Writing "312. foo bar"
17:48:11.231 [qtp1101968784-229] DEBUG o.s.c.c.CharSequenceEncoder - [14051edc] Writing "313. foo bar"
17:48:11.231 [qtp1101968784-229] DEBUG o.s.c.c.CharSequenceEncoder - [14051edc] Writing "314. foo bar"
17:48:11.232 [qtp1101968784-229] DEBUG o.s.c.c.CharSequenceEncoder - [14051edc] Writing "315. foo bar"
17:48:11.232 [qtp1101968784-229] DEBUG o.s.c.c.CharSequenceEncoder - [14051edc] Writing "316. foo bar"
17:48:11.232 [qtp1101968784-229] DEBUG o.s.c.c.CharSequenceEncoder - [14051edc] Writing "317. foo bar"
17:48:11.232 [qtp1101968784-229] DEBUG o.s.c.c.CharSequenceEncoder - [14051edc] Writing "318. foo bar"
17:48:11.232 [qtp1101968784-229] DEBUG o.s.c.c.CharSequenceEncoder - [14051edc] Writing "319. foo bar"
17:48:11.232 [qtp1101968784-229] DEBUG o.s.c.c.CharSequenceEncoder - [14051edc] Writing "320. foo bar"
17:48:11.232 [qtp1101968784-229] DEBUG o.s.c.c.CharSequenceEncoder - [14051edc] Writing "321. foo bar"
17:48:11.233 [qtp1101968784-229] DEBUG o.s.c.c.CharSequenceEncoder - [14051edc] Writing "322. foo bar"
17:48:11.233 [qtp1101968784-229] DEBUG o.s.c.c.CharSequenceEncoder - [14051edc] Writing "323. foo bar"
17:48:11.233 [qtp1101968784-229] DEBUG o.s.c.c.CharSequenceEncoder - [14051edc] Writing "324. foo bar"
17:48:11.233 [qtp1101968784-229] DEBUG o.s.c.c.CharSequenceEncoder - [14051edc] Writing "325. foo bar"
17:48:11.233 [qtp1101968784-229] DEBUG o.s.c.c.CharSequenceEncoder - [14051edc] Writing "326. foo bar"
17:48:11.233 [qtp1101968784-229] DEBUG o.s.c.c.CharSequenceEncoder - [14051edc] Writing "327. foo bar"
17:48:11.233 [qtp1101968784-229] DEBUG o.s.c.c.CharSequenceEncoder - [14051edc] Writing "328. foo bar"
17:48:11.234 [qtp1101968784-229] DEBUG o.s.c.c.CharSequenceEncoder - [14051edc] Writing "329. foo bar"
17:48:11.234 [qtp1101968784-229] DEBUG o.s.c.c.CharSequenceEncoder - [14051edc] Writing "330. foo bar"
17:48:11.234 [qtp1101968784-229] DEBUG o.s.c.c.CharSequenceEncoder - [14051edc] Writing "331. foo bar"
17:48:11.234 [qtp1101968784-229] DEBUG o.s.c.c.CharSequenceEncoder - [14051edc] Writing "332. foo bar"
17:48:11.234 [qtp1101968784-229] DEBUG o.s.c.c.CharSequenceEncoder - [14051edc] Writing "333. foo bar"
17:48:11.234 [qtp1101968784-229] DEBUG o.s.c.c.CharSequenceEncoder - [14051edc] Writing "334. foo bar"
17:48:11.235 [qtp1101968784-229] DEBUG o.s.c.c.CharSequenceEncoder - [14051edc] Writing "335. foo bar"
17:48:11.235 [qtp1101968784-229] DEBUG o.s.c.c.CharSequenceEncoder - [14051edc] Writing "336. foo bar"
17:48:11.235 [qtp1101968784-229] DEBUG o.s.c.c.CharSequenceEncoder - [14051edc] Writing "337. foo bar"
17:48:11.235 [qtp1101968784-229] DEBUG o.s.c.c.CharSequenceEncoder - [14051edc] Writing "338. foo bar"
17:48:11.235 [qtp1101968784-229] DEBUG o.s.c.c.CharSequenceEncoder - [14051edc] Writing "339. foo bar"
17:48:11.235 [qtp1101968784-229] DEBUG o.s.c.c.CharSequenceEncoder - [14051edc] Writing "340. foo bar"
17:48:11.235 [qtp1101968784-229] DEBUG o.s.c.c.CharSequenceEncoder - [14051edc] Writing "341. foo bar"
17:48:11.235 [qtp1101968784-229] DEBUG o.s.c.c.CharSequenceEncoder - [14051edc] Writing "342. foo bar"
17:48:11.236 [qtp1101968784-229] DEBUG o.s.c.c.CharSequenceEncoder - [14051edc] Writing "343. foo bar"
17:48:11.236 [qtp1101968784-229] DEBUG o.s.c.c.CharSequenceEncoder - [14051edc] Writing "344. foo bar"
17:48:11.236 [qtp1101968784-229] DEBUG o.s.c.c.CharSequenceEncoder - [14051edc] Writing "345. foo bar"
17:48:11.236 [qtp1101968784-229] DEBUG o.s.c.c.CharSequenceEncoder - [14051edc] Writing "346. foo bar"
17:48:11.236 [qtp1101968784-229] DEBUG o.s.c.c.CharSequenceEncoder - [14051edc] Writing "347. foo bar"
17:48:11.236 [qtp1101968784-229] DEBUG o.s.c.c.CharSequenceEncoder - [14051edc] Writing "348. foo bar"
17:48:11.236 [qtp1101968784-229] DEBUG o.s.c.c.CharSequenceEncoder - [14051edc] Writing "349. foo bar"
17:48:11.236 [qtp1101968784-229] DEBUG o.s.c.c.CharSequenceEncoder - [14051edc] Writing "350. foo bar"
17:48:11.237 [qtp1101968784-229] DEBUG o.s.c.c.CharSequenceEncoder - [14051edc] Writing "351. foo bar"
17:48:11.237 [qtp1101968784-229] DEBUG o.s.c.c.CharSequenceEncoder - [14051edc] Writing "352. foo bar"
17:48:11.237 [qtp1101968784-229] DEBUG o.s.c.c.CharSequenceEncoder - [14051edc] Writing "353. foo bar"
17:48:11.237 [qtp1101968784-229] DEBUG o.s.c.c.CharSequenceEncoder - [14051edc] Writing "354. foo bar"
17:48:11.237 [qtp1101968784-229] DEBUG o.s.c.c.CharSequenceEncoder - [14051edc] Writing "355. foo bar"
17:48:11.238 [qtp1101968784-229] DEBUG o.s.c.c.CharSequenceEncoder - [14051edc] Writing "356. foo bar"
17:48:11.238 [qtp1101968784-229] DEBUG o.s.c.c.CharSequenceEncoder - [14051edc] Writing "357. foo bar"
17:48:11.238 [qtp1101968784-229] DEBUG o.s.c.c.CharSequenceEncoder - [14051edc] Writing "358. foo bar"
17:48:11.238 [qtp1101968784-229] DEBUG o.s.c.c.CharSequenceEncoder - [14051edc] Writing "359. foo bar"
17:48:11.238 [qtp1101968784-229] DEBUG o.s.c.c.CharSequenceEncoder - [14051edc] Writing "360. foo bar"
17:48:11.238 [qtp1101968784-229] DEBUG o.s.c.c.CharSequenceEncoder - [14051edc] Writing "361. foo bar"
17:48:11.238 [qtp1101968784-229] DEBUG o.s.c.c.CharSequenceEncoder - [14051edc] Writing "362. foo bar"
17:48:11.239 [qtp1101968784-229] DEBUG o.s.c.c.CharSequenceEncoder - [14051edc] Writing "363. foo bar"
17:48:11.239 [qtp1101968784-229] DEBUG o.s.c.c.CharSequenceEncoder - [14051edc] Writing "364. foo bar"
17:48:11.239 [qtp1101968784-229] DEBUG o.s.c.c.CharSequenceEncoder - [14051edc] Writing "365. foo bar"
17:48:11.239 [qtp1101968784-229] DEBUG o.s.c.c.CharSequenceEncoder - [14051edc] Writing "366. foo bar"
17:48:11.239 [qtp1101968784-229] DEBUG o.s.c.c.CharSequenceEncoder - [14051edc] Writing "367. foo bar"
17:48:11.239 [qtp1101968784-229] DEBUG o.s.c.c.CharSequenceEncoder - [14051edc] Writing "368. foo bar"
17:48:11.239 [qtp1101968784-229] DEBUG o.s.c.c.CharSequenceEncoder - [14051edc] Writing "369. foo bar"
17:48:11.240 [qtp1101968784-229] DEBUG o.s.c.c.CharSequenceEncoder - [14051edc] Writing "370. foo bar"
17:48:11.240 [qtp1101968784-229] DEBUG o.s.c.c.CharSequenceEncoder - [14051edc] Writing "371. foo bar"
17:48:11.240 [qtp1101968784-229] DEBUG o.s.c.c.CharSequenceEncoder - [14051edc] Writing "372. foo bar"
17:48:11.240 [qtp1101968784-229] DEBUG o.s.c.c.CharSequenceEncoder - [14051edc] Writing "373. foo bar"
17:48:11.240 [qtp1101968784-229] DEBUG o.s.c.c.CharSequenceEncoder - [14051edc] Writing "374. foo bar"
17:48:11.240 [qtp1101968784-229] DEBUG o.s.c.c.CharSequenceEncoder - [14051edc] Writing "375. foo bar"
17:48:11.240 [qtp1101968784-229] DEBUG o.s.c.c.CharSequenceEncoder - [14051edc] Writing "376. foo bar"
17:48:11.240 [qtp1101968784-229] DEBUG o.s.c.c.CharSequenceEncoder - [14051edc] Writing "377. foo bar"
17:48:11.241 [qtp1101968784-229] DEBUG o.s.c.c.CharSequenceEncoder - [14051edc] Writing "378. foo bar"
17:48:11.241 [qtp1101968784-229] DEBUG o.s.c.c.CharSequenceEncoder - [14051edc] Writing "379. foo bar"
17:48:11.241 [qtp1101968784-229] DEBUG o.s.c.c.CharSequenceEncoder - [14051edc] Writing "380. foo bar"
17:48:11.241 [qtp1101968784-229] DEBUG o.s.c.c.CharSequenceEncoder - [14051edc] Writing "381. foo bar"
17:48:11.241 [qtp1101968784-229] DEBUG o.s.c.c.CharSequenceEncoder - [14051edc] Writing "382. foo bar"
17:48:11.241 [qtp1101968784-229] DEBUG o.s.c.c.CharSequenceEncoder - [14051edc] Writing "383. foo bar"
17:48:11.241 [qtp1101968784-229] DEBUG o.s.c.c.CharSequenceEncoder - [14051edc] Writing "384. foo bar"
17:48:11.242 [qtp1101968784-229] DEBUG o.s.c.c.CharSequenceEncoder - [14051edc] Writing "385. foo bar"
17:48:11.242 [qtp1101968784-229] DEBUG o.s.c.c.CharSequenceEncoder - [14051edc] Writing "386. foo bar"
17:48:11.242 [qtp1101968784-229] DEBUG o.s.c.c.CharSequenceEncoder - [14051edc] Writing "387. foo bar"
17:48:11.242 [qtp1101968784-229] DEBUG o.s.c.c.CharSequenceEncoder - [14051edc] Writing "388. foo bar"
17:48:11.242 [qtp1101968784-229] DEBUG o.s.c.c.CharSequenceEncoder - [14051edc] Writing "389. foo bar"
17:48:11.243 [qtp1101968784-229] DEBUG o.s.c.c.CharSequenceEncoder - [14051edc] Writing "390. foo bar"
17:48:11.243 [qtp1101968784-229] DEBUG o.s.c.c.CharSequenceEncoder - [14051edc] Writing "391. foo bar"
17:48:11.243 [qtp1101968784-229] DEBUG o.s.c.c.CharSequenceEncoder - [14051edc] Writing "392. foo bar"
17:48:11.243 [qtp1101968784-229] DEBUG o.s.c.c.CharSequenceEncoder - [14051edc] Writing "393. foo bar"
17:48:11.243 [qtp1101968784-229] DEBUG o.s.c.c.CharSequenceEncoder - [14051edc] Writing "394. foo bar"
17:48:11.243 [qtp1101968784-229] DEBUG o.s.c.c.CharSequenceEncoder - [14051edc] Writing "395. foo bar"
17:48:11.243 [qtp1101968784-229] DEBUG o.s.c.c.CharSequenceEncoder - [14051edc] Writing "396. foo bar"
17:48:11.243 [qtp1101968784-229] DEBUG o.s.c.c.CharSequenceEncoder - [14051edc] Writing "397. foo bar"
17:48:11.244 [qtp1101968784-229] DEBUG o.s.c.c.CharSequenceEncoder - [14051edc] Writing "398. foo bar"
17:48:11.244 [qtp1101968784-229] DEBUG o.s.c.c.CharSequenceEncoder - [14051edc] Writing "399. foo bar"
17:48:11.244 [qtp1101968784-229] DEBUG o.s.c.c.CharSequenceEncoder - [14051edc] Writing "400. foo bar"
17:48:11.244 [qtp1101968784-229] DEBUG o.s.c.c.CharSequenceEncoder - [14051edc] Writing "401. foo bar"
17:48:11.244 [qtp1101968784-229] DEBUG o.s.c.c.CharSequenceEncoder - [14051edc] Writing "402. foo bar"
17:48:11.244 [qtp1101968784-229] DEBUG o.s.c.c.CharSequenceEncoder - [14051edc] Writing "403. foo bar"
17:48:11.244 [qtp1101968784-229] DEBUG o.s.c.c.CharSequenceEncoder - [14051edc] Writing "404. foo bar"
17:48:11.244 [qtp1101968784-229] DEBUG o.s.c.c.CharSequenceEncoder - [14051edc] Writing "405. foo bar"
17:48:11.244 [qtp1101968784-229] DEBUG o.s.c.c.CharSequenceEncoder - [14051edc] Writing "406. foo bar"
17:48:11.245 [qtp1101968784-229] DEBUG o.s.c.c.CharSequenceEncoder - [14051edc] Writing "407. foo bar"
17:48:11.245 [qtp1101968784-229] DEBUG o.s.c.c.CharSequenceEncoder - [14051edc] Writing "408. foo bar"
17:48:11.245 [qtp1101968784-229] DEBUG o.s.c.c.CharSequenceEncoder - [14051edc] Writing "409. foo bar"
17:48:11.245 [qtp1101968784-229] DEBUG o.s.c.c.CharSequenceEncoder - [14051edc] Writing "410. foo bar"
17:48:11.245 [qtp1101968784-229] DEBUG o.s.c.c.CharSequenceEncoder - [14051edc] Writing "411. foo bar"
17:48:11.245 [qtp1101968784-229] DEBUG o.s.c.c.CharSequenceEncoder - [14051edc] Writing "412. foo bar"
17:48:11.245 [qtp1101968784-229] DEBUG o.s.c.c.CharSequenceEncoder - [14051edc] Writing "413. foo bar"
17:48:11.245 [qtp1101968784-229] DEBUG o.s.c.c.CharSequenceEncoder - [14051edc] Writing "414. foo bar"
17:48:11.245 [qtp1101968784-229] DEBUG o.s.c.c.CharSequenceEncoder - [14051edc] Writing "415. foo bar"
17:48:11.246 [qtp1101968784-229] DEBUG o.s.c.c.CharSequenceEncoder - [14051edc] Writing "416. foo bar"
17:48:11.246 [qtp1101968784-229] DEBUG o.s.c.c.CharSequenceEncoder - [14051edc] Writing "417. foo bar"
17:48:11.246 [qtp1101968784-229] DEBUG o.s.c.c.CharSequenceEncoder - [14051edc] Writing "418. foo bar"
17:48:11.246 [qtp1101968784-229] DEBUG o.s.c.c.CharSequenceEncoder - [14051edc] Writing "419. foo bar"
17:48:11.246 [qtp1101968784-229] DEBUG o.s.c.c.CharSequenceEncoder - [14051edc] Writing "420. foo bar"
17:48:11.246 [qtp1101968784-229] DEBUG o.s.c.c.CharSequenceEncoder - [14051edc] Writing "421. foo bar"
17:48:11.246 [qtp1101968784-229] DEBUG o.s.c.c.CharSequenceEncoder - [14051edc] Writing "422. foo bar"
17:48:11.246 [qtp1101968784-229] DEBUG o.s.c.c.CharSequenceEncoder - [14051edc] Writing "423. foo bar"
17:48:11.246 [qtp1101968784-229] DEBUG o.s.c.c.CharSequenceEncoder - [14051edc] Writing "424. foo bar"
17:48:11.247 [qtp1101968784-229] DEBUG o.s.c.c.CharSequenceEncoder - [14051edc] Writing "425. foo bar"
17:48:11.247 [qtp1101968784-229] DEBUG o.s.c.c.CharSequenceEncoder - [14051edc] Writing "426. foo bar"
17:48:11.247 [qtp1101968784-229] DEBUG o.s.c.c.CharSequenceEncoder - [14051edc] Writing "427. foo bar"
17:48:11.247 [qtp1101968784-229] DEBUG o.s.c.c.CharSequenceEncoder - [14051edc] Writing "428. foo bar"
17:48:11.249 [qtp1101968784-229] DEBUG o.s.c.c.CharSequenceEncoder - [14051edc] Writing "429. foo bar"
17:48:11.249 [qtp1101968784-229] DEBUG o.s.c.c.CharSequenceEncoder - [14051edc] Writing "430. foo bar"
17:48:11.249 [qtp1101968784-229] DEBUG o.s.c.c.CharSequenceEncoder - [14051edc] Writing "431. foo bar"
17:48:11.249 [qtp1101968784-229] DEBUG o.s.c.c.CharSequenceEncoder - [14051edc] Writing "432. foo bar"
17:48:11.249 [qtp1101968784-229] DEBUG o.s.c.c.CharSequenceEncoder - [14051edc] Writing "433. foo bar"
17:48:11.249 [qtp1101968784-229] DEBUG o.s.c.c.CharSequenceEncoder - [14051edc] Writing "434. foo bar"
17:48:11.249 [qtp1101968784-229] DEBUG o.s.c.c.CharSequenceEncoder - [14051edc] Writing "435. foo bar"
17:48:11.249 [qtp1101968784-229] DEBUG o.s.c.c.CharSequenceEncoder - [14051edc] Writing "436. foo bar"
17:48:11.250 [qtp1101968784-229] DEBUG o.s.c.c.CharSequenceEncoder - [14051edc] Writing "437. foo bar"
17:48:11.250 [qtp1101968784-229] DEBUG o.s.c.c.CharSequenceEncoder - [14051edc] Writing "438. foo bar"
17:48:11.250 [qtp1101968784-229] DEBUG o.s.c.c.CharSequenceEncoder - [14051edc] Writing "439. foo bar"
17:48:11.250 [qtp1101968784-229] DEBUG o.s.c.c.CharSequenceEncoder - [14051edc] Writing "440. foo bar"
17:48:11.250 [qtp1101968784-229] DEBUG o.s.c.c.CharSequenceEncoder - [14051edc] Writing "441. foo bar"
17:48:11.250 [qtp1101968784-229] DEBUG o.s.c.c.CharSequenceEncoder - [14051edc] Writing "442. foo bar"
17:48:11.250 [qtp1101968784-229] DEBUG o.s.c.c.CharSequenceEncoder - [14051edc] Writing "443. foo bar"
17:48:11.250 [qtp1101968784-229] DEBUG o.s.c.c.CharSequenceEncoder - [14051edc] Writing "444. foo bar"
17:48:11.250 [qtp1101968784-229] DEBUG o.s.c.c.CharSequenceEncoder - [14051edc] Writing "445. foo bar"
17:48:11.251 [qtp1101968784-229] DEBUG o.s.c.c.CharSequenceEncoder - [14051edc] Writing "446. foo bar"
17:48:11.251 [qtp1101968784-229] DEBUG o.s.c.c.CharSequenceEncoder - [14051edc] Writing "447. foo bar"
17:48:11.251 [qtp1101968784-229] DEBUG o.s.c.c.CharSequenceEncoder - [14051edc] Writing "448. foo bar"
17:48:11.251 [qtp1101968784-229] DEBUG o.s.c.c.CharSequenceEncoder - [14051edc] Writing "449. foo bar"
17:48:11.251 [qtp1101968784-229] DEBUG o.s.c.c.CharSequenceEncoder - [14051edc] Writing "450. foo bar"
17:48:11.251 [qtp1101968784-229] DEBUG o.s.c.c.CharSequenceEncoder - [14051edc] Writing "451. foo bar"
17:48:11.251 [qtp1101968784-229] DEBUG o.s.c.c.CharSequenceEncoder - [14051edc] Writing "452. foo bar"
17:48:11.251 [qtp1101968784-229] DEBUG o.s.c.c.CharSequenceEncoder - [14051edc] Writing "453. foo bar"
17:48:11.251 [qtp1101968784-229] DEBUG o.s.c.c.CharSequenceEncoder - [14051edc] Writing "454. foo bar"
17:48:11.252 [qtp1101968784-229] DEBUG o.s.c.c.CharSequenceEncoder - [14051edc] Writing "455. foo bar"
17:48:11.252 [qtp1101968784-229] DEBUG o.s.c.c.CharSequenceEncoder - [14051edc] Writing "456. foo bar"
17:48:11.252 [qtp1101968784-229] DEBUG o.s.c.c.CharSequenceEncoder - [14051edc] Writing "457. foo bar"
17:48:11.252 [qtp1101968784-229] DEBUG o.s.c.c.CharSequenceEncoder - [14051edc] Writing "458. foo bar"
17:48:11.252 [qtp1101968784-229] DEBUG o.s.c.c.CharSequenceEncoder - [14051edc] Writing "459. foo bar"
17:48:11.252 [qtp1101968784-229] DEBUG o.s.c.c.CharSequenceEncoder - [14051edc] Writing "460. foo bar"
17:48:11.252 [qtp1101968784-229] DEBUG o.s.c.c.CharSequenceEncoder - [14051edc] Writing "461. foo bar"
17:48:11.252 [qtp1101968784-229] DEBUG o.s.c.c.CharSequenceEncoder - [14051edc] Writing "462. foo bar"
17:48:11.253 [qtp1101968784-229] DEBUG o.s.c.c.CharSequenceEncoder - [14051edc] Writing "463. foo bar"
17:48:11.253 [qtp1101968784-229] DEBUG o.s.c.c.CharSequenceEncoder - [14051edc] Writing "464. foo bar"
17:48:11.253 [qtp1101968784-229] DEBUG o.s.c.c.CharSequenceEncoder - [14051edc] Writing "465. foo bar"
17:48:11.253 [qtp1101968784-229] DEBUG o.s.c.c.CharSequenceEncoder - [14051edc] Writing "466. foo bar"
17:48:11.253 [qtp1101968784-229] DEBUG o.s.c.c.CharSequenceEncoder - [14051edc] Writing "467. foo bar"
17:48:11.253 [qtp1101968784-229] DEBUG o.s.c.c.CharSequenceEncoder - [14051edc] Writing "468. foo bar"
17:48:11.253 [qtp1101968784-229] DEBUG o.s.c.c.CharSequenceEncoder - [14051edc] Writing "469. foo bar"
17:48:11.253 [qtp1101968784-229] DEBUG o.s.c.c.CharSequenceEncoder - [14051edc] Writing "470. foo bar"
17:48:11.253 [qtp1101968784-229] DEBUG o.s.c.c.CharSequenceEncoder - [14051edc] Writing "471. foo bar"
17:48:11.254 [qtp1101968784-229] DEBUG o.s.c.c.CharSequenceEncoder - [14051edc] Writing "472. foo bar"
17:48:11.254 [qtp1101968784-229] DEBUG o.s.c.c.CharSequenceEncoder - [14051edc] Writing "473. foo bar"
17:48:11.254 [qtp1101968784-229] DEBUG o.s.c.c.CharSequenceEncoder - [14051edc] Writing "474. foo bar"
17:48:11.254 [qtp1101968784-229] DEBUG o.s.c.c.CharSequenceEncoder - [14051edc] Writing "475. foo bar"
17:48:11.254 [qtp1101968784-229] DEBUG o.s.c.c.CharSequenceEncoder - [14051edc] Writing "476. foo bar"
17:48:11.254 [qtp1101968784-229] DEBUG o.s.c.c.CharSequenceEncoder - [14051edc] Writing "477. foo bar"
17:48:11.254 [qtp1101968784-229] DEBUG o.s.c.c.CharSequenceEncoder - [14051edc] Writing "478. foo bar"
17:48:11.255 [qtp1101968784-229] DEBUG o.s.c.c.CharSequenceEncoder - [14051edc] Writing "479. foo bar"
17:48:11.255 [qtp1101968784-229] DEBUG o.s.c.c.CharSequenceEncoder - [14051edc] Writing "480. foo bar"
17:48:11.255 [qtp1101968784-229] DEBUG o.s.c.c.CharSequenceEncoder - [14051edc] Writing "481. foo bar"
17:48:11.255 [qtp1101968784-229] DEBUG o.s.c.c.CharSequenceEncoder - [14051edc] Writing "482. foo bar"
17:48:11.255 [qtp1101968784-229] DEBUG o.s.c.c.CharSequenceEncoder - [14051edc] Writing "483. foo bar"
17:48:11.255 [qtp1101968784-229] DEBUG o.s.c.c.CharSequenceEncoder - [14051edc] Writing "484. foo bar"
17:48:11.255 [qtp1101968784-229] DEBUG o.s.c.c.CharSequenceEncoder - [14051edc] Writing "485. foo bar"
17:48:11.255 [qtp1101968784-229] DEBUG o.s.c.c.CharSequenceEncoder - [14051edc] Writing "486. foo bar"
17:48:11.256 [qtp1101968784-229] DEBUG o.s.c.c.CharSequenceEncoder - [14051edc] Writing "487. foo bar"
17:48:11.256 [qtp1101968784-229] DEBUG o.s.c.c.CharSequenceEncoder - [14051edc] Writing "488. foo bar"
17:48:11.256 [qtp1101968784-229] DEBUG o.s.c.c.CharSequenceEncoder - [14051edc] Writing "489. foo bar"
17:48:11.256 [qtp1101968784-229] DEBUG o.s.c.c.CharSequenceEncoder - [14051edc] Writing "490. foo bar"
17:48:11.256 [qtp1101968784-229] DEBUG o.s.c.c.CharSequenceEncoder - [14051edc] Writing "491. foo bar"
17:48:11.256 [qtp1101968784-229] DEBUG o.s.c.c.CharSequenceEncoder - [14051edc] Writing "492. foo bar"
17:48:11.256 [qtp1101968784-229] DEBUG o.s.c.c.CharSequenceEncoder - [14051edc] Writing "493. foo bar"
17:48:11.257 [qtp1101968784-229] DEBUG o.s.c.c.CharSequenceEncoder - [14051edc] Writing "494. foo bar"
17:48:11.257 [qtp1101968784-229] DEBUG o.s.c.c.CharSequenceEncoder - [14051edc] Writing "495. foo bar"
17:48:11.257 [qtp1101968784-229] DEBUG o.s.c.c.CharSequenceEncoder - [14051edc] Writing "496. foo bar"
17:48:11.258 [qtp1101968784-229] DEBUG o.s.c.c.CharSequenceEncoder - [14051edc] Writing "497. foo bar"
17:48:11.258 [qtp1101968784-229] DEBUG o.s.c.c.CharSequenceEncoder - [14051edc] Writing "498. foo bar"
17:48:11.258 [qtp1101968784-229] DEBUG o.s.c.c.CharSequenceEncoder - [14051edc] Writing "499. foo bar"
17:48:11.258 [qtp1101968784-229] DEBUG o.s.c.c.CharSequenceEncoder - [14051edc] Writing "500. foo bar"
17:48:11.260 [qtp1101968784-229] DEBUG o.s.c.c.CharSequenceEncoder - [14051edc] Writing "501. foo bar"
17:48:11.260 [qtp1101968784-229] DEBUG o.s.c.c.CharSequenceEncoder - [14051edc] Writing "502. foo bar"
17:48:11.260 [qtp1101968784-229] DEBUG o.s.c.c.CharSequenceEncoder - [14051edc] Writing "503. foo bar"
17:48:11.260 [qtp1101968784-229] DEBUG o.s.c.c.CharSequenceEncoder - [14051edc] Writing "504. foo bar"
17:48:11.261 [qtp1101968784-229] DEBUG o.s.c.c.CharSequenceEncoder - [14051edc] Writing "505. foo bar"
17:48:11.261 [qtp1101968784-229] DEBUG o.s.c.c.CharSequenceEncoder - [14051edc] Writing "506. foo bar"
17:48:11.261 [qtp1101968784-229] DEBUG o.s.c.c.CharSequenceEncoder - [14051edc] Writing "507. foo bar"
17:48:11.261 [qtp1101968784-229] DEBUG o.s.c.c.CharSequenceEncoder - [14051edc] Writing "508. foo bar"
17:48:11.262 [qtp1101968784-229] DEBUG o.s.c.c.CharSequenceEncoder - [14051edc] Writing "509. foo bar"
17:48:11.262 [qtp1101968784-229] DEBUG o.s.c.c.CharSequenceEncoder - [14051edc] Writing "510. foo bar"
17:48:11.262 [qtp1101968784-229] DEBUG o.s.c.c.CharSequenceEncoder - [14051edc] Writing "511. foo bar"
17:48:11.262 [qtp1101968784-229] DEBUG o.s.c.c.CharSequenceEncoder - [14051edc] Writing "512. foo bar"
17:48:11.262 [qtp1101968784-229] DEBUG o.s.c.c.CharSequenceEncoder - [14051edc] Writing "513. foo bar"
17:48:11.262 [qtp1101968784-229] DEBUG o.s.c.c.CharSequenceEncoder - [14051edc] Writing "514. foo bar"
17:48:11.262 [qtp1101968784-229] DEBUG o.s.c.c.CharSequenceEncoder - [14051edc] Writing "515. foo bar"
17:48:11.262 [qtp1101968784-229] DEBUG o.s.c.c.CharSequenceEncoder - [14051edc] Writing "516. foo bar"
17:48:11.263 [qtp1101968784-229] DEBUG o.s.c.c.CharSequenceEncoder - [14051edc] Writing "517. foo bar"
17:48:11.263 [qtp1101968784-229] DEBUG o.s.c.c.CharSequenceEncoder - [14051edc] Writing "518. foo bar"
17:48:11.263 [qtp1101968784-229] DEBUG o.s.c.c.CharSequenceEncoder - [14051edc] Writing "519. foo bar"
17:48:11.263 [qtp1101968784-229] DEBUG o.s.c.c.CharSequenceEncoder - [14051edc] Writing "520. foo bar"
17:48:11.263 [qtp1101968784-229] DEBUG o.s.c.c.CharSequenceEncoder - [14051edc] Writing "521. foo bar"
17:48:11.263 [qtp1101968784-229] DEBUG o.s.c.c.CharSequenceEncoder - [14051edc] Writing "522. foo bar"
17:48:11.263 [qtp1101968784-229] DEBUG o.s.c.c.CharSequenceEncoder - [14051edc] Writing "523. foo bar"
17:48:11.263 [qtp1101968784-229] DEBUG o.s.c.c.CharSequenceEncoder - [14051edc] Writing "524. foo bar"
17:48:11.264 [qtp1101968784-229] DEBUG o.s.c.c.CharSequenceEncoder - [14051edc] Writing "525. foo bar"
17:48:11.264 [qtp1101968784-229] DEBUG o.s.c.c.CharSequenceEncoder - [14051edc] Writing "526. foo bar"
17:48:11.264 [qtp1101968784-229] DEBUG o.s.c.c.CharSequenceEncoder - [14051edc] Writing "527. foo bar"
17:48:11.264 [qtp1101968784-229] DEBUG o.s.c.c.CharSequenceEncoder - [14051edc] Writing "528. foo bar"
17:48:11.264 [qtp1101968784-229] DEBUG o.s.c.c.CharSequenceEncoder - [14051edc] Writing "529. foo bar"
17:48:11.264 [qtp1101968784-229] DEBUG o.s.c.c.CharSequenceEncoder - [14051edc] Writing "530. foo bar"
17:48:11.264 [qtp1101968784-229] DEBUG o.s.c.c.CharSequenceEncoder - [14051edc] Writing "531. foo bar"
17:48:11.264 [qtp1101968784-229] DEBUG o.s.c.c.CharSequenceEncoder - [14051edc] Writing "532. foo bar"
17:48:11.265 [qtp1101968784-229] DEBUG o.s.c.c.CharSequenceEncoder - [14051edc] Writing "533. foo bar"
17:48:11.265 [qtp1101968784-229] DEBUG o.s.c.c.CharSequenceEncoder - [14051edc] Writing "534. foo bar"
17:48:11.265 [qtp1101968784-229] DEBUG o.s.c.c.CharSequenceEncoder - [14051edc] Writing "535. foo bar"
17:48:11.265 [qtp1101968784-229] DEBUG o.s.c.c.CharSequenceEncoder - [14051edc] Writing "536. foo bar"
17:48:11.265 [qtp1101968784-229] DEBUG o.s.c.c.CharSequenceEncoder - [14051edc] Writing "537. foo bar"
17:48:11.265 [qtp1101968784-229] DEBUG o.s.c.c.CharSequenceEncoder - [14051edc] Writing "538. foo bar"
17:48:11.265 [qtp1101968784-229] DEBUG o.s.c.c.CharSequenceEncoder - [14051edc] Writing "539. foo bar"
17:48:11.265 [qtp1101968784-229] DEBUG o.s.c.c.CharSequenceEncoder - [14051edc] Writing "540. foo bar"
17:48:11.265 [qtp1101968784-229] DEBUG o.s.c.c.CharSequenceEncoder - [14051edc] Writing "541. foo bar"
17:48:11.265 [qtp1101968784-229] DEBUG o.s.c.c.CharSequenceEncoder - [14051edc] Writing "542. foo bar"
17:48:11.266 [qtp1101968784-229] DEBUG o.s.c.c.CharSequenceEncoder - [14051edc] Writing "543. foo bar"
17:48:11.266 [qtp1101968784-229] DEBUG o.s.c.c.CharSequenceEncoder - [14051edc] Writing "544. foo bar"
17:48:11.266 [qtp1101968784-229] DEBUG o.s.c.c.CharSequenceEncoder - [14051edc] Writing "545. foo bar"
17:48:11.266 [qtp1101968784-229] DEBUG o.s.c.c.CharSequenceEncoder - [14051edc] Writing "546. foo bar"
17:48:11.266 [qtp1101968784-229] DEBUG o.s.c.c.CharSequenceEncoder - [14051edc] Writing "547. foo bar"
17:48:11.266 [qtp1101968784-229] DEBUG o.s.c.c.CharSequenceEncoder - [14051edc] Writing "548. foo bar"
17:48:11.266 [qtp1101968784-229] DEBUG o.s.c.c.CharSequenceEncoder - [14051edc] Writing "549. foo bar"
17:48:11.266 [qtp1101968784-229] DEBUG o.s.c.c.CharSequenceEncoder - [14051edc] Writing "550. foo bar"
17:48:11.266 [qtp1101968784-229] DEBUG o.s.c.c.CharSequenceEncoder - [14051edc] Writing "551. foo bar"
17:48:11.267 [qtp1101968784-229] DEBUG o.s.c.c.CharSequenceEncoder - [14051edc] Writing "552. foo bar"
17:48:11.267 [qtp1101968784-229] DEBUG o.s.c.c.CharSequenceEncoder - [14051edc] Writing "553. foo bar"
17:48:11.267 [qtp1101968784-229] DEBUG o.s.c.c.CharSequenceEncoder - [14051edc] Writing "554. foo bar"
17:48:11.267 [qtp1101968784-229] DEBUG o.s.c.c.CharSequenceEncoder - [14051edc] Writing "555. foo bar"
17:48:11.267 [qtp1101968784-229] DEBUG o.s.c.c.CharSequenceEncoder - [14051edc] Writing "556. foo bar"
17:48:11.267 [qtp1101968784-229] DEBUG o.s.c.c.CharSequenceEncoder - [14051edc] Writing "557. foo bar"
17:48:11.267 [qtp1101968784-229] DEBUG o.s.c.c.CharSequenceEncoder - [14051edc] Writing "558. foo bar"
17:48:11.267 [qtp1101968784-229] DEBUG o.s.c.c.CharSequenceEncoder - [14051edc] Writing "559. foo bar"
17:48:11.267 [qtp1101968784-229] DEBUG o.s.c.c.CharSequenceEncoder - [14051edc] Writing "560. foo bar"
17:48:11.268 [qtp1101968784-229] DEBUG o.s.c.c.CharSequenceEncoder - [14051edc] Writing "561. foo bar"
17:48:11.268 [qtp1101968784-229] DEBUG o.s.c.c.CharSequenceEncoder - [14051edc] Writing "562. foo bar"
17:48:11.268 [qtp1101968784-229] DEBUG o.s.c.c.CharSequenceEncoder - [14051edc] Writing "563. foo bar"
17:48:11.268 [qtp1101968784-229] DEBUG o.s.c.c.CharSequenceEncoder - [14051edc] Writing "564. foo bar"
17:48:11.268 [qtp1101968784-229] DEBUG o.s.c.c.CharSequenceEncoder - [14051edc] Writing "565. foo bar"
17:48:11.268 [qtp1101968784-229] DEBUG o.s.c.c.CharSequenceEncoder - [14051edc] Writing "566. foo bar"
17:48:11.268 [qtp1101968784-229] DEBUG o.s.c.c.CharSequenceEncoder - [14051edc] Writing "567. foo bar"
17:48:11.268 [qtp1101968784-229] DEBUG o.s.c.c.CharSequenceEncoder - [14051edc] Writing "568. foo bar"
17:48:11.268 [qtp1101968784-229] DEBUG o.s.c.c.CharSequenceEncoder - [14051edc] Writing "569. foo bar"
17:48:11.269 [qtp1101968784-229] DEBUG o.s.c.c.CharSequenceEncoder - [14051edc] Writing "570. foo bar"
17:48:11.269 [qtp1101968784-229] DEBUG o.s.c.c.CharSequenceEncoder - [14051edc] Writing "571. foo bar"
17:48:11.269 [qtp1101968784-229] DEBUG o.s.c.c.CharSequenceEncoder - [14051edc] Writing "572. foo bar"
17:48:11.269 [qtp1101968784-229] DEBUG o.s.c.c.CharSequenceEncoder - [14051edc] Writing "573. foo bar"
17:48:11.269 [qtp1101968784-229] DEBUG o.s.c.c.CharSequenceEncoder - [14051edc] Writing "574. foo bar"
17:48:11.269 [qtp1101968784-229] DEBUG o.s.c.c.CharSequenceEncoder - [14051edc] Writing "575. foo bar"
17:48:11.269 [qtp1101968784-229] DEBUG o.s.c.c.CharSequenceEncoder - [14051edc] Writing "576. foo bar"
17:48:11.269 [qtp1101968784-229] DEBUG o.s.c.c.CharSequenceEncoder - [14051edc] Writing "577. foo bar"
17:48:11.269 [qtp1101968784-229] DEBUG o.s.c.c.CharSequenceEncoder - [14051edc] Writing "578. foo bar"
17:48:11.269 [qtp1101968784-229] DEBUG o.s.c.c.CharSequenceEncoder - [14051edc] Writing "579. foo bar"
17:48:11.270 [qtp1101968784-229] DEBUG o.s.c.c.CharSequenceEncoder - [14051edc] Writing "580. foo bar"
17:48:11.270 [qtp1101968784-229] DEBUG o.s.c.c.CharSequenceEncoder - [14051edc] Writing "581. foo bar"
17:48:11.270 [qtp1101968784-229] DEBUG o.s.c.c.CharSequenceEncoder - [14051edc] Writing "582. foo bar"
17:48:11.270 [qtp1101968784-229] DEBUG o.s.c.c.CharSequenceEncoder - [14051edc] Writing "583. foo bar"
17:48:11.270 [qtp1101968784-229] DEBUG o.s.c.c.CharSequenceEncoder - [14051edc] Writing "584. foo bar"
17:48:11.270 [qtp1101968784-229] DEBUG o.s.c.c.CharSequenceEncoder - [14051edc] Writing "585. foo bar"
17:48:11.271 [qtp1101968784-229] DEBUG o.s.c.c.CharSequenceEncoder - [14051edc] Writing "586. foo bar"
17:48:11.271 [qtp1101968784-229] DEBUG o.s.c.c.CharSequenceEncoder - [14051edc] Writing "587. foo bar"
17:48:11.271 [qtp1101968784-229] DEBUG o.s.c.c.CharSequenceEncoder - [14051edc] Writing "588. foo bar"
17:48:11.271 [qtp1101968784-229] DEBUG o.s.c.c.CharSequenceEncoder - [14051edc] Writing "589. foo bar"
17:48:11.271 [qtp1101968784-229] DEBUG o.s.c.c.CharSequenceEncoder - [14051edc] Writing "590. foo bar"
17:48:11.271 [qtp1101968784-229] DEBUG o.s.c.c.CharSequenceEncoder - [14051edc] Writing "591. foo bar"
17:48:11.271 [qtp1101968784-229] DEBUG o.s.c.c.CharSequenceEncoder - [14051edc] Writing "592. foo bar"
17:48:11.272 [qtp1101968784-229] DEBUG o.s.c.c.CharSequenceEncoder - [14051edc] Writing "593. foo bar"
17:48:11.272 [qtp1101968784-229] DEBUG o.s.c.c.CharSequenceEncoder - [14051edc] Writing "594. foo bar"
17:48:11.272 [qtp1101968784-229] DEBUG o.s.c.c.CharSequenceEncoder - [14051edc] Writing "595. foo bar"
17:48:11.272 [qtp1101968784-229] DEBUG o.s.c.c.CharSequenceEncoder - [14051edc] Writing "596. foo bar"
17:48:11.272 [qtp1101968784-229] DEBUG o.s.c.c.CharSequenceEncoder - [14051edc] Writing "597. foo bar"
17:48:11.272 [qtp1101968784-229] DEBUG o.s.c.c.CharSequenceEncoder - [14051edc] Writing "598. foo bar"
17:48:11.272 [qtp1101968784-229] DEBUG o.s.c.c.CharSequenceEncoder - [14051edc] Writing "599. foo bar"
17:48:11.272 [qtp1101968784-229] DEBUG o.s.c.c.CharSequenceEncoder - [14051edc] Writing "600. foo bar"
17:48:11.272 [qtp1101968784-229] DEBUG o.s.c.c.CharSequenceEncoder - [14051edc] Writing "601. foo bar"
17:48:11.272 [qtp1101968784-229] DEBUG o.s.c.c.CharSequenceEncoder - [14051edc] Writing "602. foo bar"
17:48:11.272 [qtp1101968784-229] DEBUG o.s.c.c.CharSequenceEncoder - [14051edc] Writing "603. foo bar"
17:48:11.272 [qtp1101968784-229] DEBUG o.s.c.c.CharSequenceEncoder - [14051edc] Writing "604. foo bar"
17:48:11.272 [qtp1101968784-229] DEBUG o.s.c.c.CharSequenceEncoder - [14051edc] Writing "605. foo bar"
17:48:11.273 [qtp1101968784-229] DEBUG o.s.c.c.CharSequenceEncoder - [14051edc] Writing "606. foo bar"
17:48:11.273 [qtp1101968784-229] DEBUG o.s.c.c.CharSequenceEncoder - [14051edc] Writing "607. foo bar"
17:48:11.273 [qtp1101968784-229] DEBUG o.s.c.c.CharSequenceEncoder - [14051edc] Writing "608. foo bar"
17:48:11.273 [qtp1101968784-229] DEBUG o.s.c.c.CharSequenceEncoder - [14051edc] Writing "609. foo bar"
17:48:11.273 [qtp1101968784-229] DEBUG o.s.c.c.CharSequenceEncoder - [14051edc] Writing "610. foo bar"
17:48:11.273 [qtp1101968784-229] DEBUG o.s.c.c.CharSequenceEncoder - [14051edc] Writing "611. foo bar"
17:48:11.273 [qtp1101968784-229] DEBUG o.s.c.c.CharSequenceEncoder - [14051edc] Writing "612. foo bar"
17:48:11.273 [qtp1101968784-229] DEBUG o.s.c.c.CharSequenceEncoder - [14051edc] Writing "613. foo bar"
17:48:11.273 [qtp1101968784-229] DEBUG o.s.c.c.CharSequenceEncoder - [14051edc] Writing "614. foo bar"
17:48:11.273 [qtp1101968784-229] DEBUG o.s.c.c.CharSequenceEncoder - [14051edc] Writing "615. foo bar"
17:48:11.273 [qtp1101968784-229] DEBUG o.s.c.c.CharSequenceEncoder - [14051edc] Writing "616. foo bar"
17:48:11.274 [qtp1101968784-229] DEBUG o.s.c.c.CharSequenceEncoder - [14051edc] Writing "617. foo bar"
17:48:11.274 [qtp1101968784-229] DEBUG o.s.c.c.CharSequenceEncoder - [14051edc] Writing "618. foo bar"
17:48:11.274 [qtp1101968784-229] DEBUG o.s.c.c.CharSequenceEncoder - [14051edc] Writing "619. foo bar"
17:48:11.274 [qtp1101968784-229] DEBUG o.s.c.c.CharSequenceEncoder - [14051edc] Writing "620. foo bar"
17:48:11.274 [qtp1101968784-229] DEBUG o.s.c.c.CharSequenceEncoder - [14051edc] Writing "621. foo bar"
17:48:11.274 [qtp1101968784-229] DEBUG o.s.c.c.CharSequenceEncoder - [14051edc] Writing "622. foo bar"
17:48:11.274 [qtp1101968784-229] DEBUG o.s.c.c.CharSequenceEncoder - [14051edc] Writing "623. foo bar"
17:48:11.274 [qtp1101968784-229] DEBUG o.s.c.c.CharSequenceEncoder - [14051edc] Writing "624. foo bar"
17:48:11.274 [qtp1101968784-229] DEBUG o.s.c.c.CharSequenceEncoder - [14051edc] Writing "625. foo bar"
17:48:11.274 [qtp1101968784-229] DEBUG o.s.c.c.CharSequenceEncoder - [14051edc] Writing "626. foo bar"
17:48:11.275 [qtp1101968784-229] DEBUG o.s.c.c.CharSequenceEncoder - [14051edc] Writing "627. foo bar"
17:48:11.275 [qtp1101968784-229] DEBUG o.s.c.c.CharSequenceEncoder - [14051edc] Writing "628. foo bar"
17:48:11.275 [qtp1101968784-229] DEBUG o.s.c.c.CharSequenceEncoder - [14051edc] Writing "629. foo bar"
17:48:11.275 [qtp1101968784-229] DEBUG o.s.c.c.CharSequenceEncoder - [14051edc] Writing "630. foo bar"
17:48:11.275 [qtp1101968784-229] DEBUG o.s.c.c.CharSequenceEncoder - [14051edc] Writing "631. foo bar"
17:48:11.275 [qtp1101968784-229] DEBUG o.s.c.c.CharSequenceEncoder - [14051edc] Writing "632. foo bar"
17:48:11.275 [qtp1101968784-229] DEBUG o.s.c.c.CharSequenceEncoder - [14051edc] Writing "633. foo bar"
17:48:11.275 [qtp1101968784-229] DEBUG o.s.c.c.CharSequenceEncoder - [14051edc] Writing "634. foo bar"
17:48:11.275 [qtp1101968784-229] DEBUG o.s.c.c.CharSequenceEncoder - [14051edc] Writing "635. foo bar"
17:48:11.275 [qtp1101968784-229] DEBUG o.s.c.c.CharSequenceEncoder - [14051edc] Writing "636. foo bar"
17:48:11.275 [qtp1101968784-229] DEBUG o.s.c.c.CharSequenceEncoder - [14051edc] Writing "637. foo bar"
17:48:11.275 [qtp1101968784-229] DEBUG o.s.c.c.CharSequenceEncoder - [14051edc] Writing "638. foo bar"
17:48:11.275 [qtp1101968784-229] DEBUG o.s.c.c.CharSequenceEncoder - [14051edc] Writing "639. foo bar"
17:48:11.276 [qtp1101968784-229] DEBUG o.s.c.c.CharSequenceEncoder - [14051edc] Writing "640. foo bar"
17:48:11.276 [qtp1101968784-229] DEBUG o.s.c.c.CharSequenceEncoder - [14051edc] Writing "641. foo bar"
17:48:11.276 [qtp1101968784-229] DEBUG o.s.c.c.CharSequenceEncoder - [14051edc] Writing "642. foo bar"
17:48:11.276 [qtp1101968784-229] DEBUG o.s.c.c.CharSequenceEncoder - [14051edc] Writing "643. foo bar"
17:48:11.276 [qtp1101968784-229] DEBUG o.s.c.c.CharSequenceEncoder - [14051edc] Writing "644. foo bar"
17:48:11.276 [qtp1101968784-229] DEBUG o.s.c.c.CharSequenceEncoder - [14051edc] Writing "645. foo bar"
17:48:11.276 [qtp1101968784-229] DEBUG o.s.c.c.CharSequenceEncoder - [14051edc] Writing "646. foo bar"
17:48:11.276 [qtp1101968784-229] DEBUG o.s.c.c.CharSequenceEncoder - [14051edc] Writing "647. foo bar"
17:48:11.276 [qtp1101968784-229] DEBUG o.s.c.c.CharSequenceEncoder - [14051edc] Writing "648. foo bar"
17:48:11.276 [qtp1101968784-229] DEBUG o.s.c.c.CharSequenceEncoder - [14051edc] Writing "649. foo bar"
17:48:11.276 [qtp1101968784-229] DEBUG o.s.c.c.CharSequenceEncoder - [14051edc] Writing "650. foo bar"
17:48:11.276 [qtp1101968784-229] DEBUG o.s.c.c.CharSequenceEncoder - [14051edc] Writing "651. foo bar"
17:48:11.276 [qtp1101968784-229] DEBUG o.s.c.c.CharSequenceEncoder - [14051edc] Writing "652. foo bar"
17:48:11.276 [qtp1101968784-229] DEBUG o.s.c.c.CharSequenceEncoder - [14051edc] Writing "653. foo bar"
17:48:11.277 [qtp1101968784-229] DEBUG o.s.c.c.CharSequenceEncoder - [14051edc] Writing "654. foo bar"
17:48:11.277 [qtp1101968784-229] DEBUG o.s.c.c.CharSequenceEncoder - [14051edc] Writing "655. foo bar"
17:48:11.277 [qtp1101968784-229] DEBUG o.s.c.c.CharSequenceEncoder - [14051edc] Writing "656. foo bar"
17:48:11.277 [qtp1101968784-229] DEBUG o.s.c.c.CharSequenceEncoder - [14051edc] Writing "657. foo bar"
17:48:11.277 [qtp1101968784-229] DEBUG o.s.c.c.CharSequenceEncoder - [14051edc] Writing "658. foo bar"
17:48:11.277 [qtp1101968784-229] DEBUG o.s.c.c.CharSequenceEncoder - [14051edc] Writing "659. foo bar"
17:48:11.277 [qtp1101968784-229] DEBUG o.s.c.c.CharSequenceEncoder - [14051edc] Writing "660. foo bar"
17:48:11.277 [qtp1101968784-229] DEBUG o.s.c.c.CharSequenceEncoder - [14051edc] Writing "661. foo bar"
17:48:11.277 [qtp1101968784-229] DEBUG o.s.c.c.CharSequenceEncoder - [14051edc] Writing "662. foo bar"
17:48:11.277 [qtp1101968784-229] DEBUG o.s.c.c.CharSequenceEncoder - [14051edc] Writing "663. foo bar"
17:48:11.277 [qtp1101968784-229] DEBUG o.s.c.c.CharSequenceEncoder - [14051edc] Writing "664. foo bar"
17:48:11.277 [qtp1101968784-229] DEBUG o.s.c.c.CharSequenceEncoder - [14051edc] Writing "665. foo bar"
17:48:11.277 [qtp1101968784-229] DEBUG o.s.c.c.CharSequenceEncoder - [14051edc] Writing "666. foo bar"
17:48:11.277 [qtp1101968784-229] DEBUG o.s.c.c.CharSequenceEncoder - [14051edc] Writing "667. foo bar"
17:48:11.278 [qtp1101968784-229] DEBUG o.s.c.c.CharSequenceEncoder - [14051edc] Writing "668. foo bar"
17:48:11.278 [qtp1101968784-229] DEBUG o.s.c.c.CharSequenceEncoder - [14051edc] Writing "669. foo bar"
17:48:11.278 [qtp1101968784-229] DEBUG o.s.c.c.CharSequenceEncoder - [14051edc] Writing "670. foo bar"
17:48:11.278 [qtp1101968784-229] DEBUG o.s.c.c.CharSequenceEncoder - [14051edc] Writing "671. foo bar"
17:48:11.278 [qtp1101968784-229] DEBUG o.s.c.c.CharSequenceEncoder - [14051edc] Writing "672. foo bar"
17:48:11.278 [qtp1101968784-229] DEBUG o.s.c.c.CharSequenceEncoder - [14051edc] Writing "673. foo bar"
17:48:11.278 [qtp1101968784-229] DEBUG o.s.c.c.CharSequenceEncoder - [14051edc] Writing "674. foo bar"
17:48:11.278 [qtp1101968784-229] DEBUG o.s.c.c.CharSequenceEncoder - [14051edc] Writing "675. foo bar"
17:48:11.278 [qtp1101968784-229] DEBUG o.s.c.c.CharSequenceEncoder - [14051edc] Writing "676. foo bar"
17:48:11.278 [qtp1101968784-229] DEBUG o.s.c.c.CharSequenceEncoder - [14051edc] Writing "677. foo bar"
17:48:11.278 [qtp1101968784-229] DEBUG o.s.c.c.CharSequenceEncoder - [14051edc] Writing "678. foo bar"
17:48:11.278 [qtp1101968784-229] DEBUG o.s.c.c.CharSequenceEncoder - [14051edc] Writing "679. foo bar"
17:48:11.278 [qtp1101968784-229] DEBUG o.s.c.c.CharSequenceEncoder - [14051edc] Writing "680. foo bar"
17:48:11.279 [qtp1101968784-229] DEBUG o.s.c.c.CharSequenceEncoder - [14051edc] Writing "681. foo bar"
17:48:11.279 [qtp1101968784-229] DEBUG o.s.c.c.CharSequenceEncoder - [14051edc] Writing "682. foo bar"
17:48:11.279 [qtp1101968784-229] DEBUG o.s.c.c.CharSequenceEncoder - [14051edc] Writing "683. foo bar"
17:48:11.279 [qtp1101968784-229] DEBUG o.s.c.c.CharSequenceEncoder - [14051edc] Writing "684. foo bar"
17:48:11.279 [qtp1101968784-229] DEBUG o.s.c.c.CharSequenceEncoder - [14051edc] Writing "685. foo bar"
17:48:11.279 [qtp1101968784-229] DEBUG o.s.c.c.CharSequenceEncoder - [14051edc] Writing "686. foo bar"
17:48:11.279 [qtp1101968784-229] DEBUG o.s.c.c.CharSequenceEncoder - [14051edc] Writing "687. foo bar"
17:48:11.279 [qtp1101968784-229] DEBUG o.s.c.c.CharSequenceEncoder - [14051edc] Writing "688. foo bar"
17:48:11.279 [qtp1101968784-229] DEBUG o.s.c.c.CharSequenceEncoder - [14051edc] Writing "689. foo bar"
17:48:11.279 [qtp1101968784-229] DEBUG o.s.c.c.CharSequenceEncoder - [14051edc] Writing "690. foo bar"
17:48:11.279 [qtp1101968784-229] DEBUG o.s.c.c.CharSequenceEncoder - [14051edc] Writing "691. foo bar"
17:48:11.279 [qtp1101968784-229] DEBUG o.s.c.c.CharSequenceEncoder - [14051edc] Writing "692. foo bar"
17:48:11.280 [qtp1101968784-229] DEBUG o.s.c.c.CharSequenceEncoder - [14051edc] Writing "693. foo bar"
17:48:11.280 [qtp1101968784-229] DEBUG o.s.c.c.CharSequenceEncoder - [14051edc] Writing "694. foo bar"
17:48:11.280 [qtp1101968784-229] DEBUG o.s.c.c.CharSequenceEncoder - [14051edc] Writing "695. foo bar"
17:48:11.280 [qtp1101968784-229] DEBUG o.s.c.c.CharSequenceEncoder - [14051edc] Writing "696. foo bar"
17:48:11.280 [qtp1101968784-229] DEBUG o.s.c.c.CharSequenceEncoder - [14051edc] Writing "697. foo bar"
17:48:11.280 [qtp1101968784-229] DEBUG o.s.c.c.CharSequenceEncoder - [14051edc] Writing "698. foo bar"
17:48:11.280 [qtp1101968784-229] DEBUG o.s.c.c.CharSequenceEncoder - [14051edc] Writing "699. foo bar"
17:48:11.280 [qtp1101968784-229] DEBUG o.s.c.c.CharSequenceEncoder - [14051edc] Writing "700. foo bar"
17:48:11.280 [qtp1101968784-229] DEBUG o.s.c.c.CharSequenceEncoder - [14051edc] Writing "701. foo bar"
17:48:11.280 [qtp1101968784-229] DEBUG o.s.c.c.CharSequenceEncoder - [14051edc] Writing "702. foo bar"
17:48:11.280 [qtp1101968784-229] DEBUG o.s.c.c.CharSequenceEncoder - [14051edc] Writing "703. foo bar"
17:48:11.281 [qtp1101968784-229] DEBUG o.s.c.c.CharSequenceEncoder - [14051edc] Writing "704. foo bar"
17:48:11.281 [qtp1101968784-229] DEBUG o.s.c.c.CharSequenceEncoder - [14051edc] Writing "705. foo bar"
17:48:11.281 [qtp1101968784-229] DEBUG o.s.c.c.CharSequenceEncoder - [14051edc] Writing "706. foo bar"
17:48:11.281 [qtp1101968784-229] DEBUG o.s.c.c.CharSequenceEncoder - [14051edc] Writing "707. foo bar"
17:48:11.281 [qtp1101968784-229] DEBUG o.s.c.c.CharSequenceEncoder - [14051edc] Writing "708. foo bar"
17:48:11.281 [qtp1101968784-229] DEBUG o.s.c.c.CharSequenceEncoder - [14051edc] Writing "709. foo bar"
17:48:11.281 [qtp1101968784-229] DEBUG o.s.c.c.CharSequenceEncoder - [14051edc] Writing "710. foo bar"
17:48:11.281 [qtp1101968784-229] DEBUG o.s.c.c.CharSequenceEncoder - [14051edc] Writing "711. foo bar"
17:48:11.281 [qtp1101968784-229] DEBUG o.s.c.c.CharSequenceEncoder - [14051edc] Writing "712. foo bar"
17:48:11.281 [qtp1101968784-229] DEBUG o.s.c.c.CharSequenceEncoder - [14051edc] Writing "713. foo bar"
17:48:11.281 [qtp1101968784-229] DEBUG o.s.c.c.CharSequenceEncoder - [14051edc] Writing "714. foo bar"
17:48:11.281 [qtp1101968784-229] DEBUG o.s.c.c.CharSequenceEncoder - [14051edc] Writing "715. foo bar"
17:48:11.282 [qtp1101968784-229] DEBUG o.s.c.c.CharSequenceEncoder - [14051edc] Writing "716. foo bar"
17:48:11.282 [qtp1101968784-229] DEBUG o.s.c.c.CharSequenceEncoder - [14051edc] Writing "717. foo bar"
17:48:11.282 [qtp1101968784-229] DEBUG o.s.c.c.CharSequenceEncoder - [14051edc] Writing "718. foo bar"
17:48:11.282 [qtp1101968784-229] DEBUG o.s.c.c.CharSequenceEncoder - [14051edc] Writing "719. foo bar"
17:48:11.282 [qtp1101968784-229] DEBUG o.s.c.c.CharSequenceEncoder - [14051edc] Writing "720. foo bar"
17:48:11.282 [qtp1101968784-229] DEBUG o.s.c.c.CharSequenceEncoder - [14051edc] Writing "721. foo bar"
17:48:11.282 [qtp1101968784-229] DEBUG o.s.c.c.CharSequenceEncoder - [14051edc] Writing "722. foo bar"
17:48:11.282 [qtp1101968784-229] DEBUG o.s.c.c.CharSequenceEncoder - [14051edc] Writing "723. foo bar"
17:48:11.282 [qtp1101968784-229] DEBUG o.s.c.c.CharSequenceEncoder - [14051edc] Writing "724. foo bar"
17:48:11.282 [qtp1101968784-229] DEBUG o.s.c.c.CharSequenceEncoder - [14051edc] Writing "725. foo bar"
17:48:11.282 [qtp1101968784-229] DEBUG o.s.c.c.CharSequenceEncoder - [14051edc] Writing "726. foo bar"
17:48:11.283 [qtp1101968784-229] DEBUG o.s.c.c.CharSequenceEncoder - [14051edc] Writing "727. foo bar"
17:48:11.283 [qtp1101968784-229] DEBUG o.s.c.c.CharSequenceEncoder - [14051edc] Writing "728. foo bar"
17:48:11.283 [qtp1101968784-229] DEBUG o.s.c.c.CharSequenceEncoder - [14051edc] Writing "729. foo bar"
17:48:11.283 [qtp1101968784-229] DEBUG o.s.c.c.CharSequenceEncoder - [14051edc] Writing "730. foo bar"
17:48:11.283 [qtp1101968784-229] DEBUG o.s.c.c.CharSequenceEncoder - [14051edc] Writing "731. foo bar"
17:48:11.283 [qtp1101968784-229] DEBUG o.s.c.c.CharSequenceEncoder - [14051edc] Writing "732. foo bar"
17:48:11.283 [qtp1101968784-229] DEBUG o.s.c.c.CharSequenceEncoder - [14051edc] Writing "733. foo bar"
17:48:11.283 [qtp1101968784-229] DEBUG o.s.c.c.CharSequenceEncoder - [14051edc] Writing "734. foo bar"
17:48:11.283 [qtp1101968784-229] DEBUG o.s.c.c.CharSequenceEncoder - [14051edc] Writing "735. foo bar"
17:48:11.283 [qtp1101968784-229] DEBUG o.s.c.c.CharSequenceEncoder - [14051edc] Writing "736. foo bar"
17:48:11.283 [qtp1101968784-229] DEBUG o.s.c.c.CharSequenceEncoder - [14051edc] Writing "737. foo bar"
17:48:11.283 [qtp1101968784-229] DEBUG o.s.c.c.CharSequenceEncoder - [14051edc] Writing "738. foo bar"
17:48:11.283 [qtp1101968784-229] DEBUG o.s.c.c.CharSequenceEncoder - [14051edc] Writing "739. foo bar"
17:48:11.284 [qtp1101968784-229] DEBUG o.s.c.c.CharSequenceEncoder - [14051edc] Writing "740. foo bar"
17:48:11.284 [qtp1101968784-229] DEBUG o.s.c.c.CharSequenceEncoder - [14051edc] Writing "741. foo bar"
17:48:11.284 [qtp1101968784-229] DEBUG o.s.c.c.CharSequenceEncoder - [14051edc] Writing "742. foo bar"
17:48:11.284 [qtp1101968784-229] DEBUG o.s.c.c.CharSequenceEncoder - [14051edc] Writing "743. foo bar"
17:48:11.284 [qtp1101968784-229] DEBUG o.s.c.c.CharSequenceEncoder - [14051edc] Writing "744. foo bar"
17:48:11.284 [qtp1101968784-229] DEBUG o.s.c.c.CharSequenceEncoder - [14051edc] Writing "745. foo bar"
17:48:11.284 [qtp1101968784-229] DEBUG o.s.c.c.CharSequenceEncoder - [14051edc] Writing "746. foo bar"
17:48:11.284 [qtp1101968784-229] DEBUG o.s.c.c.CharSequenceEncoder - [14051edc] Writing "747. foo bar"
17:48:11.284 [qtp1101968784-229] DEBUG o.s.c.c.CharSequenceEncoder - [14051edc] Writing "748. foo bar"
17:48:11.284 [qtp1101968784-229] DEBUG o.s.c.c.CharSequenceEncoder - [14051edc] Writing "749. foo bar"
17:48:11.284 [qtp1101968784-229] DEBUG o.s.c.c.CharSequenceEncoder - [14051edc] Writing "750. foo bar"
17:48:11.284 [qtp1101968784-229] DEBUG o.s.c.c.CharSequenceEncoder - [14051edc] Writing "751. foo bar"
17:48:11.284 [qtp1101968784-229] DEBUG o.s.c.c.CharSequenceEncoder - [14051edc] Writing "752. foo bar"
17:48:11.284 [qtp1101968784-229] DEBUG o.s.c.c.CharSequenceEncoder - [14051edc] Writing "753. foo bar"
17:48:11.284 [qtp1101968784-229] DEBUG o.s.c.c.CharSequenceEncoder - [14051edc] Writing "754. foo bar"
17:48:11.285 [qtp1101968784-229] DEBUG o.s.c.c.CharSequenceEncoder - [14051edc] Writing "755. foo bar"
17:48:11.285 [qtp1101968784-229] DEBUG o.s.c.c.CharSequenceEncoder - [14051edc] Writing "756. foo bar"
17:48:11.285 [qtp1101968784-229] DEBUG o.s.c.c.CharSequenceEncoder - [14051edc] Writing "757. foo bar"
17:48:11.285 [qtp1101968784-229] DEBUG o.s.c.c.CharSequenceEncoder - [14051edc] Writing "758. foo bar"
17:48:11.285 [qtp1101968784-229] DEBUG o.s.c.c.CharSequenceEncoder - [14051edc] Writing "759. foo bar"
17:48:11.285 [qtp1101968784-229] DEBUG o.s.c.c.CharSequenceEncoder - [14051edc] Writing "760. foo bar"
17:48:11.285 [qtp1101968784-229] DEBUG o.s.c.c.CharSequenceEncoder - [14051edc] Writing "761. foo bar"
17:48:11.285 [qtp1101968784-229] DEBUG o.s.c.c.CharSequenceEncoder - [14051edc] Writing "762. foo bar"
17:48:11.285 [qtp1101968784-229] DEBUG o.s.c.c.CharSequenceEncoder - [14051edc] Writing "763. foo bar"
17:48:11.285 [qtp1101968784-229] DEBUG o.s.c.c.CharSequenceEncoder - [14051edc] Writing "764. foo bar"
17:48:11.285 [qtp1101968784-229] DEBUG o.s.c.c.CharSequenceEncoder - [14051edc] Writing "765. foo bar"
17:48:11.285 [qtp1101968784-229] DEBUG o.s.c.c.CharSequenceEncoder - [14051edc] Writing "766. foo bar"
17:48:11.285 [qtp1101968784-229] DEBUG o.s.c.c.CharSequenceEncoder - [14051edc] Writing "767. foo bar"
17:48:11.285 [qtp1101968784-229] DEBUG o.s.c.c.CharSequenceEncoder - [14051edc] Writing "768. foo bar"
17:48:11.286 [qtp1101968784-229] DEBUG o.s.c.c.CharSequenceEncoder - [14051edc] Writing "769. foo bar"
17:48:11.286 [qtp1101968784-229] DEBUG o.s.c.c.CharSequenceEncoder - [14051edc] Writing "770. foo bar"
17:48:11.286 [qtp1101968784-229] DEBUG o.s.c.c.CharSequenceEncoder - [14051edc] Writing "771. foo bar"
17:48:11.286 [qtp1101968784-229] DEBUG o.s.c.c.CharSequenceEncoder - [14051edc] Writing "772. foo bar"
17:48:11.286 [qtp1101968784-229] DEBUG o.s.c.c.CharSequenceEncoder - [14051edc] Writing "773. foo bar"
17:48:11.286 [qtp1101968784-229] DEBUG o.s.c.c.CharSequenceEncoder - [14051edc] Writing "774. foo bar"
17:48:11.286 [qtp1101968784-229] DEBUG o.s.c.c.CharSequenceEncoder - [14051edc] Writing "775. foo bar"
17:48:11.286 [qtp1101968784-229] DEBUG o.s.c.c.CharSequenceEncoder - [14051edc] Writing "776. foo bar"
17:48:11.286 [qtp1101968784-229] DEBUG o.s.c.c.CharSequenceEncoder - [14051edc] Writing "777. foo bar"
17:48:11.286 [qtp1101968784-229] DEBUG o.s.c.c.CharSequenceEncoder - [14051edc] Writing "778. foo bar"
17:48:11.286 [qtp1101968784-229] DEBUG o.s.c.c.CharSequenceEncoder - [14051edc] Writing "779. foo bar"
17:48:11.286 [qtp1101968784-229] DEBUG o.s.c.c.CharSequenceEncoder - [14051edc] Writing "780. foo bar"
17:48:11.286 [qtp1101968784-229] DEBUG o.s.c.c.CharSequenceEncoder - [14051edc] Writing "781. foo bar"
17:48:11.286 [qtp1101968784-229] DEBUG o.s.c.c.CharSequenceEncoder - [14051edc] Writing "782. foo bar"
17:48:11.286 [qtp1101968784-229] DEBUG o.s.c.c.CharSequenceEncoder - [14051edc] Writing "783. foo bar"
17:48:11.286 [qtp1101968784-229] DEBUG o.s.c.c.CharSequenceEncoder - [14051edc] Writing "784. foo bar"
17:48:11.287 [qtp1101968784-229] DEBUG o.s.c.c.CharSequenceEncoder - [14051edc] Writing "785. foo bar"
17:48:11.287 [qtp1101968784-229] DEBUG o.s.c.c.CharSequenceEncoder - [14051edc] Writing "786. foo bar"
17:48:11.287 [qtp1101968784-229] DEBUG o.s.c.c.CharSequenceEncoder - [14051edc] Writing "787. foo bar"
17:48:11.287 [qtp1101968784-229] DEBUG o.s.c.c.CharSequenceEncoder - [14051edc] Writing "788. foo bar"
17:48:11.287 [qtp1101968784-229] DEBUG o.s.c.c.CharSequenceEncoder - [14051edc] Writing "789. foo bar"
17:48:11.287 [qtp1101968784-229] DEBUG o.s.c.c.CharSequenceEncoder - [14051edc] Writing "790. foo bar"
17:48:11.287 [qtp1101968784-229] DEBUG o.s.c.c.CharSequenceEncoder - [14051edc] Writing "791. foo bar"
17:48:11.287 [qtp1101968784-229] DEBUG o.s.c.c.CharSequenceEncoder - [14051edc] Writing "792. foo bar"
17:48:11.287 [qtp1101968784-229] DEBUG o.s.c.c.CharSequenceEncoder - [14051edc] Writing "793. foo bar"
17:48:11.287 [qtp1101968784-229] DEBUG o.s.c.c.CharSequenceEncoder - [14051edc] Writing "794. foo bar"
17:48:11.287 [qtp1101968784-229] DEBUG o.s.c.c.CharSequenceEncoder - [14051edc] Writing "795. foo bar"
17:48:11.287 [qtp1101968784-229] DEBUG o.s.c.c.CharSequenceEncoder - [14051edc] Writing "796. foo bar"
17:48:11.287 [qtp1101968784-229] DEBUG o.s.c.c.CharSequenceEncoder - [14051edc] Writing "797. foo bar"
17:48:11.288 [qtp1101968784-229] DEBUG o.s.c.c.CharSequenceEncoder - [14051edc] Writing "798. foo bar"
17:48:11.288 [qtp1101968784-229] DEBUG o.s.c.c.CharSequenceEncoder - [14051edc] Writing "799. foo bar"
17:48:11.288 [qtp1101968784-229] DEBUG o.s.c.c.CharSequenceEncoder - [14051edc] Writing "800. foo bar"
17:48:11.288 [qtp1101968784-229] DEBUG o.s.c.c.CharSequenceEncoder - [14051edc] Writing "801. foo bar"
17:48:11.288 [qtp1101968784-229] DEBUG o.s.c.c.CharSequenceEncoder - [14051edc] Writing "802. foo bar"
17:48:11.288 [qtp1101968784-229] DEBUG o.s.c.c.CharSequenceEncoder - [14051edc] Writing "803. foo bar"
17:48:11.288 [qtp1101968784-229] DEBUG o.s.c.c.CharSequenceEncoder - [14051edc] Writing "804. foo bar"
17:48:11.288 [qtp1101968784-229] DEBUG o.s.c.c.CharSequenceEncoder - [14051edc] Writing "805. foo bar"
17:48:11.288 [qtp1101968784-229] DEBUG o.s.c.c.CharSequenceEncoder - [14051edc] Writing "806. foo bar"
17:48:11.288 [qtp1101968784-229] DEBUG o.s.c.c.CharSequenceEncoder - [14051edc] Writing "807. foo bar"
17:48:11.288 [qtp1101968784-229] DEBUG o.s.c.c.CharSequenceEncoder - [14051edc] Writing "808. foo bar"
17:48:11.288 [qtp1101968784-229] DEBUG o.s.c.c.CharSequenceEncoder - [14051edc] Writing "809. foo bar"
17:48:11.288 [qtp1101968784-229] DEBUG o.s.c.c.CharSequenceEncoder - [14051edc] Writing "810. foo bar"
17:48:11.288 [qtp1101968784-229] DEBUG o.s.c.c.CharSequenceEncoder - [14051edc] Writing "811. foo bar"
17:48:11.288 [qtp1101968784-229] DEBUG o.s.c.c.CharSequenceEncoder - [14051edc] Writing "812. foo bar"
17:48:11.289 [qtp1101968784-229] DEBUG o.s.c.c.CharSequenceEncoder - [14051edc] Writing "813. foo bar"
17:48:11.289 [qtp1101968784-229] DEBUG o.s.c.c.CharSequenceEncoder - [14051edc] Writing "814. foo bar"
17:48:11.289 [qtp1101968784-229] DEBUG o.s.c.c.CharSequenceEncoder - [14051edc] Writing "815. foo bar"
17:48:11.289 [qtp1101968784-229] DEBUG o.s.c.c.CharSequenceEncoder - [14051edc] Writing "816. foo bar"
17:48:11.289 [qtp1101968784-229] DEBUG o.s.c.c.CharSequenceEncoder - [14051edc] Writing "817. foo bar"
17:48:11.289 [qtp1101968784-229] DEBUG o.s.c.c.CharSequenceEncoder - [14051edc] Writing "818. foo bar"
17:48:11.289 [qtp1101968784-229] DEBUG o.s.c.c.CharSequenceEncoder - [14051edc] Writing "819. foo bar"
17:48:11.289 [qtp1101968784-229] DEBUG o.s.c.c.CharSequenceEncoder - [14051edc] Writing "820. foo bar"
17:48:11.289 [qtp1101968784-229] DEBUG o.s.c.c.CharSequenceEncoder - [14051edc] Writing "821. foo bar"
17:48:11.289 [qtp1101968784-229] DEBUG o.s.c.c.CharSequenceEncoder - [14051edc] Writing "822. foo bar"
17:48:11.289 [qtp1101968784-229] DEBUG o.s.c.c.CharSequenceEncoder - [14051edc] Writing "823. foo bar"
17:48:11.289 [qtp1101968784-229] DEBUG o.s.c.c.CharSequenceEncoder - [14051edc] Writing "824. foo bar"
17:48:11.289 [qtp1101968784-229] DEBUG o.s.c.c.CharSequenceEncoder - [14051edc] Writing "825. foo bar"
17:48:11.289 [qtp1101968784-229] DEBUG o.s.c.c.CharSequenceEncoder - [14051edc] Writing "826. foo bar"
17:48:11.289 [qtp1101968784-229] DEBUG o.s.c.c.CharSequenceEncoder - [14051edc] Writing "827. foo bar"
17:48:11.290 [qtp1101968784-229] DEBUG o.s.c.c.CharSequenceEncoder - [14051edc] Writing "828. foo bar"
17:48:11.290 [qtp1101968784-229] DEBUG o.s.c.c.CharSequenceEncoder - [14051edc] Writing "829. foo bar"
17:48:11.290 [qtp1101968784-229] DEBUG o.s.c.c.CharSequenceEncoder - [14051edc] Writing "830. foo bar"
17:48:11.290 [qtp1101968784-229] DEBUG o.s.c.c.CharSequenceEncoder - [14051edc] Writing "831. foo bar"
17:48:11.290 [qtp1101968784-229] DEBUG o.s.c.c.CharSequenceEncoder - [14051edc] Writing "832. foo bar"
17:48:11.290 [qtp1101968784-229] DEBUG o.s.c.c.CharSequenceEncoder - [14051edc] Writing "833. foo bar"
17:48:11.290 [qtp1101968784-229] DEBUG o.s.c.c.CharSequenceEncoder - [14051edc] Writing "834. foo bar"
17:48:11.290 [qtp1101968784-229] DEBUG o.s.c.c.CharSequenceEncoder - [14051edc] Writing "835. foo bar"
17:48:11.290 [qtp1101968784-229] DEBUG o.s.c.c.CharSequenceEncoder - [14051edc] Writing "836. foo bar"
17:48:11.290 [qtp1101968784-229] DEBUG o.s.c.c.CharSequenceEncoder - [14051edc] Writing "837. foo bar"
17:48:11.290 [qtp1101968784-229] DEBUG o.s.c.c.CharSequenceEncoder - [14051edc] Writing "838. foo bar"
17:48:11.290 [qtp1101968784-229] DEBUG o.s.c.c.CharSequenceEncoder - [14051edc] Writing "839. foo bar"
17:48:11.290 [qtp1101968784-229] DEBUG o.s.c.c.CharSequenceEncoder - [14051edc] Writing "840. foo bar"
17:48:11.290 [qtp1101968784-229] DEBUG o.s.c.c.CharSequenceEncoder - [14051edc] Writing "841. foo bar"
17:48:11.290 [qtp1101968784-229] DEBUG o.s.c.c.CharSequenceEncoder - [14051edc] Writing "842. foo bar"
17:48:11.291 [qtp1101968784-229] DEBUG o.s.c.c.CharSequenceEncoder - [14051edc] Writing "843. foo bar"
17:48:11.291 [qtp1101968784-229] DEBUG o.s.c.c.CharSequenceEncoder - [14051edc] Writing "844. foo bar"
17:48:11.291 [qtp1101968784-229] DEBUG o.s.c.c.CharSequenceEncoder - [14051edc] Writing "845. foo bar"
17:48:11.291 [qtp1101968784-229] DEBUG o.s.c.c.CharSequenceEncoder - [14051edc] Writing "846. foo bar"
17:48:11.291 [qtp1101968784-229] DEBUG o.s.c.c.CharSequenceEncoder - [14051edc] Writing "847. foo bar"
17:48:11.291 [qtp1101968784-229] DEBUG o.s.c.c.CharSequenceEncoder - [14051edc] Writing "848. foo bar"
17:48:11.291 [qtp1101968784-229] DEBUG o.s.c.c.CharSequenceEncoder - [14051edc] Writing "849. foo bar"
17:48:11.291 [qtp1101968784-229] DEBUG o.s.c.c.CharSequenceEncoder - [14051edc] Writing "850. foo bar"
17:48:11.291 [qtp1101968784-229] DEBUG o.s.c.c.CharSequenceEncoder - [14051edc] Writing "851. foo bar"
17:48:11.291 [qtp1101968784-229] DEBUG o.s.c.c.CharSequenceEncoder - [14051edc] Writing "852. foo bar"
17:48:11.291 [qtp1101968784-229] DEBUG o.s.c.c.CharSequenceEncoder - [14051edc] Writing "853. foo bar"
17:48:11.291 [qtp1101968784-229] DEBUG o.s.c.c.CharSequenceEncoder - [14051edc] Writing "854. foo bar"
17:48:11.291 [qtp1101968784-229] DEBUG o.s.c.c.CharSequenceEncoder - [14051edc] Writing "855. foo bar"
17:48:11.291 [qtp1101968784-229] DEBUG o.s.c.c.CharSequenceEncoder - [14051edc] Writing "856. foo bar"
17:48:11.292 [qtp1101968784-229] DEBUG o.s.c.c.CharSequenceEncoder - [14051edc] Writing "857. foo bar"
17:48:11.292 [qtp1101968784-229] DEBUG o.s.c.c.CharSequenceEncoder - [14051edc] Writing "858. foo bar"
17:48:11.292 [qtp1101968784-229] DEBUG o.s.c.c.CharSequenceEncoder - [14051edc] Writing "859. foo bar"
17:48:11.292 [qtp1101968784-229] DEBUG o.s.c.c.CharSequenceEncoder - [14051edc] Writing "860. foo bar"
17:48:11.292 [qtp1101968784-229] DEBUG o.s.c.c.CharSequenceEncoder - [14051edc] Writing "861. foo bar"
17:48:11.292 [qtp1101968784-229] DEBUG o.s.c.c.CharSequenceEncoder - [14051edc] Writing "862. foo bar"
17:48:11.292 [qtp1101968784-229] DEBUG o.s.c.c.CharSequenceEncoder - [14051edc] Writing "863. foo bar"
17:48:11.292 [qtp1101968784-229] DEBUG o.s.c.c.CharSequenceEncoder - [14051edc] Writing "864. foo bar"
17:48:11.292 [qtp1101968784-229] DEBUG o.s.c.c.CharSequenceEncoder - [14051edc] Writing "865. foo bar"
17:48:11.292 [qtp1101968784-229] DEBUG o.s.c.c.CharSequenceEncoder - [14051edc] Writing "866. foo bar"
17:48:11.292 [qtp1101968784-229] DEBUG o.s.c.c.CharSequenceEncoder - [14051edc] Writing "867. foo bar"
17:48:11.292 [qtp1101968784-229] DEBUG o.s.c.c.CharSequenceEncoder - [14051edc] Writing "868. foo bar"
17:48:11.292 [qtp1101968784-229] DEBUG o.s.c.c.CharSequenceEncoder - [14051edc] Writing "869. foo bar"
17:48:11.292 [qtp1101968784-229] DEBUG o.s.c.c.CharSequenceEncoder - [14051edc] Writing "870. foo bar"
17:48:11.292 [qtp1101968784-229] DEBUG o.s.c.c.CharSequenceEncoder - [14051edc] Writing "871. foo bar"
17:48:11.292 [qtp1101968784-229] DEBUG o.s.c.c.CharSequenceEncoder - [14051edc] Writing "872. foo bar"
17:48:11.292 [qtp1101968784-229] DEBUG o.s.c.c.CharSequenceEncoder - [14051edc] Writing "873. foo bar"
17:48:11.293 [qtp1101968784-229] DEBUG o.s.c.c.CharSequenceEncoder - [14051edc] Writing "874. foo bar"
17:48:11.293 [qtp1101968784-229] DEBUG o.s.c.c.CharSequenceEncoder - [14051edc] Writing "875. foo bar"
17:48:11.293 [qtp1101968784-229] DEBUG o.s.c.c.CharSequenceEncoder - [14051edc] Writing "876. foo bar"
17:48:11.293 [qtp1101968784-229] DEBUG o.s.c.c.CharSequenceEncoder - [14051edc] Writing "877. foo bar"
17:48:11.293 [qtp1101968784-229] DEBUG o.s.c.c.CharSequenceEncoder - [14051edc] Writing "878. foo bar"
17:48:11.293 [qtp1101968784-229] DEBUG o.s.c.c.CharSequenceEncoder - [14051edc] Writing "879. foo bar"
17:48:11.293 [qtp1101968784-229] DEBUG o.s.c.c.CharSequenceEncoder - [14051edc] Writing "880. foo bar"
17:48:11.293 [qtp1101968784-229] DEBUG o.s.c.c.CharSequenceEncoder - [14051edc] Writing "881. foo bar"
17:48:11.293 [qtp1101968784-229] DEBUG o.s.c.c.CharSequenceEncoder - [14051edc] Writing "882. foo bar"
17:48:11.293 [qtp1101968784-229] DEBUG o.s.c.c.CharSequenceEncoder - [14051edc] Writing "883. foo bar"
17:48:11.293 [qtp1101968784-229] DEBUG o.s.c.c.CharSequenceEncoder - [14051edc] Writing "884. foo bar"
17:48:11.293 [qtp1101968784-229] DEBUG o.s.c.c.CharSequenceEncoder - [14051edc] Writing "885. foo bar"
17:48:11.293 [qtp1101968784-229] DEBUG o.s.c.c.CharSequenceEncoder - [14051edc] Writing "886. foo bar"
17:48:11.293 [qtp1101968784-229] DEBUG o.s.c.c.CharSequenceEncoder - [14051edc] Writing "887. foo bar"
17:48:11.293 [qtp1101968784-229] DEBUG o.s.c.c.CharSequenceEncoder - [14051edc] Writing "888. foo bar"
17:48:11.293 [qtp1101968784-229] DEBUG o.s.c.c.CharSequenceEncoder - [14051edc] Writing "889. foo bar"
17:48:11.294 [qtp1101968784-229] DEBUG o.s.c.c.CharSequenceEncoder - [14051edc] Writing "890. foo bar"
17:48:11.294 [qtp1101968784-229] DEBUG o.s.c.c.CharSequenceEncoder - [14051edc] Writing "891. foo bar"
17:48:11.294 [qtp1101968784-229] DEBUG o.s.c.c.CharSequenceEncoder - [14051edc] Writing "892. foo bar"
17:48:11.294 [qtp1101968784-229] DEBUG o.s.c.c.CharSequenceEncoder - [14051edc] Writing "893. foo bar"
17:48:11.294 [qtp1101968784-229] DEBUG o.s.c.c.CharSequenceEncoder - [14051edc] Writing "894. foo bar"
17:48:11.294 [qtp1101968784-229] DEBUG o.s.c.c.CharSequenceEncoder - [14051edc] Writing "895. foo bar"
17:48:11.294 [qtp1101968784-229] DEBUG o.s.c.c.CharSequenceEncoder - [14051edc] Writing "896. foo bar"
17:48:11.294 [qtp1101968784-229] DEBUG o.s.c.c.CharSequenceEncoder - [14051edc] Writing "897. foo bar"
17:48:11.294 [qtp1101968784-229] DEBUG o.s.c.c.CharSequenceEncoder - [14051edc] Writing "898. foo bar"
17:48:11.294 [qtp1101968784-229] DEBUG o.s.c.c.CharSequenceEncoder - [14051edc] Writing "899. foo bar"
17:48:11.294 [qtp1101968784-229] DEBUG o.s.c.c.CharSequenceEncoder - [14051edc] Writing "900. foo bar"
17:48:11.294 [qtp1101968784-229] DEBUG o.s.c.c.CharSequenceEncoder - [14051edc] Writing "901. foo bar"
17:48:11.294 [qtp1101968784-229] DEBUG o.s.c.c.CharSequenceEncoder - [14051edc] Writing "902. foo bar"
17:48:11.294 [qtp1101968784-229] DEBUG o.s.c.c.CharSequenceEncoder - [14051edc] Writing "903. foo bar"
17:48:11.294 [qtp1101968784-229] DEBUG o.s.c.c.CharSequenceEncoder - [14051edc] Writing "904. foo bar"
17:48:11.295 [qtp1101968784-229] DEBUG o.s.c.c.CharSequenceEncoder - [14051edc] Writing "905. foo bar"
17:48:11.295 [qtp1101968784-229] DEBUG o.s.c.c.CharSequenceEncoder - [14051edc] Writing "906. foo bar"
17:48:11.295 [qtp1101968784-229] DEBUG o.s.c.c.CharSequenceEncoder - [14051edc] Writing "907. foo bar"
17:48:11.295 [qtp1101968784-229] DEBUG o.s.c.c.CharSequenceEncoder - [14051edc] Writing "908. foo bar"
17:48:11.295 [qtp1101968784-229] DEBUG o.s.c.c.CharSequenceEncoder - [14051edc] Writing "909. foo bar"
17:48:11.295 [qtp1101968784-229] DEBUG o.s.c.c.CharSequenceEncoder - [14051edc] Writing "910. foo bar"
17:48:11.295 [qtp1101968784-229] DEBUG o.s.c.c.CharSequenceEncoder - [14051edc] Writing "911. foo bar"
17:48:11.295 [qtp1101968784-229] DEBUG o.s.c.c.CharSequenceEncoder - [14051edc] Writing "912. foo bar"
17:48:11.295 [qtp1101968784-229] DEBUG o.s.c.c.CharSequenceEncoder - [14051edc] Writing "913. foo bar"
17:48:11.295 [qtp1101968784-229] DEBUG o.s.c.c.CharSequenceEncoder - [14051edc] Writing "914. foo bar"
17:48:11.295 [qtp1101968784-229] DEBUG o.s.c.c.CharSequenceEncoder - [14051edc] Writing "915. foo bar"
17:48:11.295 [qtp1101968784-229] DEBUG o.s.c.c.CharSequenceEncoder - [14051edc] Writing "916. foo bar"
17:48:11.295 [qtp1101968784-229] DEBUG o.s.c.c.CharSequenceEncoder - [14051edc] Writing "917. foo bar"
17:48:11.295 [qtp1101968784-229] DEBUG o.s.c.c.CharSequenceEncoder - [14051edc] Writing "918. foo bar"
17:48:11.295 [qtp1101968784-229] DEBUG o.s.c.c.CharSequenceEncoder - [14051edc] Writing "919. foo bar"
17:48:11.296 [qtp1101968784-229] DEBUG o.s.c.c.CharSequenceEncoder - [14051edc] Writing "920. foo bar"
17:48:11.296 [qtp1101968784-229] DEBUG o.s.c.c.CharSequenceEncoder - [14051edc] Writing "921. foo bar"
17:48:11.296 [qtp1101968784-229] DEBUG o.s.c.c.CharSequenceEncoder - [14051edc] Writing "922. foo bar"
17:48:11.296 [qtp1101968784-229] DEBUG o.s.c.c.CharSequenceEncoder - [14051edc] Writing "923. foo bar"
17:48:11.296 [qtp1101968784-229] DEBUG o.s.c.c.CharSequenceEncoder - [14051edc] Writing "924. foo bar"
17:48:11.296 [qtp1101968784-229] DEBUG o.s.c.c.CharSequenceEncoder - [14051edc] Writing "925. foo bar"
17:48:11.296 [qtp1101968784-229] DEBUG o.s.c.c.CharSequenceEncoder - [14051edc] Writing "926. foo bar"
17:48:11.296 [qtp1101968784-229] DEBUG o.s.c.c.CharSequenceEncoder - [14051edc] Writing "927. foo bar"
17:48:11.296 [qtp1101968784-229] DEBUG o.s.c.c.CharSequenceEncoder - [14051edc] Writing "928. foo bar"
17:48:11.296 [qtp1101968784-229] DEBUG o.s.c.c.CharSequenceEncoder - [14051edc] Writing "929. foo bar"
17:48:11.296 [qtp1101968784-229] DEBUG o.s.c.c.CharSequenceEncoder - [14051edc] Writing "930. foo bar"
17:48:11.296 [qtp1101968784-229] DEBUG o.s.c.c.CharSequenceEncoder - [14051edc] Writing "931. foo bar"
17:48:11.296 [qtp1101968784-229] DEBUG o.s.c.c.CharSequenceEncoder - [14051edc] Writing "932. foo bar"
17:48:11.296 [qtp1101968784-229] DEBUG o.s.c.c.CharSequenceEncoder - [14051edc] Writing "933. foo bar"
17:48:11.296 [qtp1101968784-229] DEBUG o.s.c.c.CharSequenceEncoder - [14051edc] Writing "934. foo bar"
17:48:11.296 [qtp1101968784-229] DEBUG o.s.c.c.CharSequenceEncoder - [14051edc] Writing "935. foo bar"
17:48:11.297 [qtp1101968784-229] DEBUG o.s.c.c.CharSequenceEncoder - [14051edc] Writing "936. foo bar"
17:48:11.297 [qtp1101968784-229] DEBUG o.s.c.c.CharSequenceEncoder - [14051edc] Writing "937. foo bar"
17:48:11.297 [qtp1101968784-229] DEBUG o.s.c.c.CharSequenceEncoder - [14051edc] Writing "938. foo bar"
17:48:11.297 [qtp1101968784-229] DEBUG o.s.c.c.CharSequenceEncoder - [14051edc] Writing "939. foo bar"
17:48:11.297 [qtp1101968784-229] DEBUG o.s.c.c.CharSequenceEncoder - [14051edc] Writing "940. foo bar"
17:48:11.297 [qtp1101968784-229] DEBUG o.s.c.c.CharSequenceEncoder - [14051edc] Writing "941. foo bar"
17:48:11.297 [qtp1101968784-229] DEBUG o.s.c.c.CharSequenceEncoder - [14051edc] Writing "942. foo bar"
17:48:11.297 [qtp1101968784-229] DEBUG o.s.c.c.CharSequenceEncoder - [14051edc] Writing "943. foo bar"
17:48:11.297 [qtp1101968784-229] DEBUG o.s.c.c.CharSequenceEncoder - [14051edc] Writing "944. foo bar"
17:48:11.297 [qtp1101968784-229] DEBUG o.s.c.c.CharSequenceEncoder - [14051edc] Writing "945. foo bar"
17:48:11.297 [qtp1101968784-229] DEBUG o.s.c.c.CharSequenceEncoder - [14051edc] Writing "946. foo bar"
17:48:11.297 [qtp1101968784-229] DEBUG o.s.c.c.CharSequenceEncoder - [14051edc] Writing "947. foo bar"
17:48:11.297 [qtp1101968784-229] DEBUG o.s.c.c.CharSequenceEncoder - [14051edc] Writing "948. foo bar"
17:48:11.298 [qtp1101968784-229] DEBUG o.s.c.c.CharSequenceEncoder - [14051edc] Writing "949. foo bar"
17:48:11.298 [qtp1101968784-229] DEBUG o.s.c.c.CharSequenceEncoder - [14051edc] Writing "950. foo bar"
17:48:11.298 [qtp1101968784-229] DEBUG o.s.c.c.CharSequenceEncoder - [14051edc] Writing "951. foo bar"
17:48:11.298 [qtp1101968784-229] DEBUG o.s.c.c.CharSequenceEncoder - [14051edc] Writing "952. foo bar"
17:48:11.298 [qtp1101968784-229] DEBUG o.s.c.c.CharSequenceEncoder - [14051edc] Writing "953. foo bar"
17:48:11.298 [qtp1101968784-229] DEBUG o.s.c.c.CharSequenceEncoder - [14051edc] Writing "954. foo bar"
17:48:11.298 [qtp1101968784-229] DEBUG o.s.c.c.CharSequenceEncoder - [14051edc] Writing "955. foo bar"
17:48:11.298 [qtp1101968784-229] DEBUG o.s.c.c.CharSequenceEncoder - [14051edc] Writing "956. foo bar"
17:48:11.298 [qtp1101968784-229] DEBUG o.s.c.c.CharSequenceEncoder - [14051edc] Writing "957. foo bar"
17:48:11.298 [qtp1101968784-229] DEBUG o.s.c.c.CharSequenceEncoder - [14051edc] Writing "958. foo bar"
17:48:11.298 [qtp1101968784-229] DEBUG o.s.c.c.CharSequenceEncoder - [14051edc] Writing "959. foo bar"
17:48:11.298 [qtp1101968784-229] DEBUG o.s.c.c.CharSequenceEncoder - [14051edc] Writing "960. foo bar"
17:48:11.299 [qtp1101968784-229] DEBUG o.s.c.c.CharSequenceEncoder - [14051edc] Writing "961. foo bar"
17:48:11.299 [qtp1101968784-229] DEBUG o.s.c.c.CharSequenceEncoder - [14051edc] Writing "962. foo bar"
17:48:11.299 [qtp1101968784-229] DEBUG o.s.c.c.CharSequenceEncoder - [14051edc] Writing "963. foo bar"
17:48:11.299 [qtp1101968784-229] DEBUG o.s.c.c.CharSequenceEncoder - [14051edc] Writing "964. foo bar"
17:48:11.299 [qtp1101968784-229] DEBUG o.s.c.c.CharSequenceEncoder - [14051edc] Writing "965. foo bar"
17:48:11.299 [qtp1101968784-229] DEBUG o.s.c.c.CharSequenceEncoder - [14051edc] Writing "966. foo bar"
17:48:11.299 [qtp1101968784-229] DEBUG o.s.c.c.CharSequenceEncoder - [14051edc] Writing "967. foo bar"
17:48:11.299 [qtp1101968784-229] DEBUG o.s.c.c.CharSequenceEncoder - [14051edc] Writing "968. foo bar"
17:48:11.299 [qtp1101968784-229] DEBUG o.s.c.c.CharSequenceEncoder - [14051edc] Writing "969. foo bar"
17:48:11.299 [qtp1101968784-229] DEBUG o.s.c.c.CharSequenceEncoder - [14051edc] Writing "970. foo bar"
17:48:11.299 [qtp1101968784-229] DEBUG o.s.c.c.CharSequenceEncoder - [14051edc] Writing "971. foo bar"
17:48:11.299 [qtp1101968784-229] DEBUG o.s.c.c.CharSequenceEncoder - [14051edc] Writing "972. foo bar"
17:48:11.299 [qtp1101968784-229] DEBUG o.s.c.c.CharSequenceEncoder - [14051edc] Writing "973. foo bar"
17:48:11.299 [qtp1101968784-229] DEBUG o.s.c.c.CharSequenceEncoder - [14051edc] Writing "974. foo bar"
17:48:11.299 [qtp1101968784-229] DEBUG o.s.c.c.CharSequenceEncoder - [14051edc] Writing "975. foo bar"
17:48:11.300 [qtp1101968784-229] DEBUG o.s.c.c.CharSequenceEncoder - [14051edc] Writing "976. foo bar"
17:48:11.300 [qtp1101968784-229] DEBUG o.s.c.c.CharSequenceEncoder - [14051edc] Writing "977. foo bar"
17:48:11.300 [qtp1101968784-229] DEBUG o.s.c.c.CharSequenceEncoder - [14051edc] Writing "978. foo bar"
17:48:11.300 [qtp1101968784-229] DEBUG o.s.c.c.CharSequenceEncoder - [14051edc] Writing "979. foo bar"
17:48:11.300 [qtp1101968784-229] DEBUG o.s.c.c.CharSequenceEncoder - [14051edc] Writing "980. foo bar"
17:48:11.300 [qtp1101968784-229] DEBUG o.s.c.c.CharSequenceEncoder - [14051edc] Writing "981. foo bar"
17:48:11.300 [qtp1101968784-229] DEBUG o.s.c.c.CharSequenceEncoder - [14051edc] Writing "982. foo bar"
17:48:11.300 [qtp1101968784-229] DEBUG o.s.c.c.CharSequenceEncoder - [14051edc] Writing "983. foo bar"
17:48:11.300 [qtp1101968784-229] DEBUG o.s.c.c.CharSequenceEncoder - [14051edc] Writing "984. foo bar"
17:48:11.300 [qtp1101968784-229] DEBUG o.s.c.c.CharSequenceEncoder - [14051edc] Writing "985. foo bar"
17:48:11.300 [qtp1101968784-229] DEBUG o.s.c.c.CharSequenceEncoder - [14051edc] Writing "986. foo bar"
17:48:11.300 [qtp1101968784-229] DEBUG o.s.c.c.CharSequenceEncoder - [14051edc] Writing "987. foo bar"
17:48:11.300 [qtp1101968784-229] DEBUG o.s.c.c.CharSequenceEncoder - [14051edc] Writing "988. foo bar"
17:48:11.301 [qtp1101968784-229] DEBUG o.s.c.c.CharSequenceEncoder - [14051edc] Writing "989. foo bar"
17:48:11.301 [qtp1101968784-229] DEBUG o.s.c.c.CharSequenceEncoder - [14051edc] Writing "990. foo bar"
17:48:11.301 [qtp1101968784-229] DEBUG o.s.c.c.CharSequenceEncoder - [14051edc] Writing "991. foo bar"
17:48:11.301 [qtp1101968784-229] DEBUG o.s.c.c.CharSequenceEncoder - [14051edc] Writing "992. foo bar"
17:48:11.301 [qtp1101968784-229] DEBUG o.s.c.c.CharSequenceEncoder - [14051edc] Writing "993. foo bar"
17:48:11.301 [qtp1101968784-229] DEBUG o.s.c.c.CharSequenceEncoder - [14051edc] Writing "994. foo bar"
17:48:11.301 [qtp1101968784-229] DEBUG o.s.c.c.CharSequenceEncoder - [14051edc] Writing "995. foo bar"
17:48:11.301 [qtp1101968784-229] DEBUG o.s.c.c.CharSequenceEncoder - [14051edc] Writing "996. foo bar"
17:48:11.301 [qtp1101968784-229] DEBUG o.s.c.c.CharSequenceEncoder - [14051edc] Writing "997. foo bar"
17:48:11.301 [qtp1101968784-229] DEBUG o.s.c.c.CharSequenceEncoder - [14051edc] Writing "998. foo bar"
17:48:11.301 [qtp1101968784-229] DEBUG o.s.c.c.CharSequenceEncoder - [14051edc] Writing "999. foo bar"
17:48:11.304 [qtp1101968784-229] ERROR o.s.w.s.a.HttpWebHandlerAdapter - [14051edc] Error [java.lang.RuntimeException: Random error] for HTTP GET "/SPR-16051", but ServerHttpResponse already committed (200 OK)
17:48:11.307 [qtp1101968784-229] WARN  o.e.j.s.HttpChannel - /SPR-16051
javax.servlet.ServletException: Failed to create response content
	at org.springframework.http.server.reactive.ServletHttpHandlerAdapter.service(ServletHttpHandlerAdapter.java:162) ~[spring-web-5.3.7-SNAPSHOT.jar:5.3.7-SNAPSHOT]
	at org.eclipse.jetty.servlet.ServletHolder.handle(ServletHolder.java:791) ~[jetty-servlet-9.4.39.v20210325.jar:9.4.39.v20210325]
	at org.eclipse.jetty.servlet.ServletHandler.doHandle(ServletHandler.java:550) ~[jetty-servlet-9.4.39.v20210325.jar:9.4.39.v20210325]
	at org.eclipse.jetty.server.handler.ScopedHandler.nextHandle(ScopedHandler.java:233) ~[jetty-server-9.4.39.v20210325.jar:9.4.39.v20210325]
	at org.eclipse.jetty.server.handler.ContextHandler.doHandle(ContextHandler.java:1435) ~[jetty-server-9.4.39.v20210325.jar:9.4.39.v20210325]
	at org.eclipse.jetty.server.handler.ScopedHandler.nextScope(ScopedHandler.java:188) ~[jetty-server-9.4.39.v20210325.jar:9.4.39.v20210325]
	at org.eclipse.jetty.servlet.ServletHandler.doScope(ServletHandler.java:501) ~[jetty-servlet-9.4.39.v20210325.jar:9.4.39.v20210325]
	at org.eclipse.jetty.server.handler.ScopedHandler.nextScope(ScopedHandler.java:186) ~[jetty-server-9.4.39.v20210325.jar:9.4.39.v20210325]
	at org.eclipse.jetty.server.handler.ContextHandler.doScope(ContextHandler.java:1350) ~[jetty-server-9.4.39.v20210325.jar:9.4.39.v20210325]
	at org.eclipse.jetty.server.handler.ScopedHandler.handle(ScopedHandler.java:141) ~[jetty-server-9.4.39.v20210325.jar:9.4.39.v20210325]
	at org.eclipse.jetty.server.handler.HandlerWrapper.handle(HandlerWrapper.java:127) ~[jetty-server-9.4.39.v20210325.jar:9.4.39.v20210325]
	at org.eclipse.jetty.server.Server.handleAsync(Server.java:559) ~[jetty-server-9.4.39.v20210325.jar:9.4.39.v20210325]
	at org.eclipse.jetty.server.HttpChannel.lambda$handle$2(HttpChannel.java:396) ~[jetty-server-9.4.39.v20210325.jar:9.4.39.v20210325]
	at org.eclipse.jetty.server.HttpChannel.dispatch(HttpChannel.java:633) ~[jetty-server-9.4.39.v20210325.jar:9.4.39.v20210325]
	at org.eclipse.jetty.server.HttpChannel.handle(HttpChannel.java:396) [jetty-server-9.4.39.v20210325.jar:9.4.39.v20210325]
	at org.eclipse.jetty.server.HttpConnection.onFillable(HttpConnection.java:279) [jetty-server-9.4.39.v20210325.jar:9.4.39.v20210325]
	at org.eclipse.jetty.io.AbstractConnection$ReadCallback.succeeded(AbstractConnection.java:311) [jetty-io-9.4.39.v20210325.jar:9.4.39.v20210325]
	at org.eclipse.jetty.io.FillInterest.fillable(FillInterest.java:105) [jetty-io-9.4.39.v20210325.jar:9.4.39.v20210325]
	at org.eclipse.jetty.io.ChannelEndPoint$1.run(ChannelEndPoint.java:104) [jetty-io-9.4.39.v20210325.jar:9.4.39.v20210325]
	at org.eclipse.jetty.util.thread.QueuedThreadPool.runJob(QueuedThreadPool.java:882) [jetty-util-9.4.39.v20210325.jar:9.4.39.v20210325]
	at org.eclipse.jetty.util.thread.QueuedThreadPool$Runner.run(QueuedThreadPool.java:1036) [jetty-util-9.4.39.v20210325.jar:9.4.39.v20210325]
	at java.lang.Thread.run(Thread.java:748) [?:1.8.0_181]
Caused by: java.lang.RuntimeException: Random error
	at org.springframework.web.reactive.result.method.annotation.RequestMappingExceptionHandlingIntegrationTests$TestController.lambda$errors$0(RequestMappingExceptionHandlingIntegrationTests.java:154) ~[test/:?]
	Suppressed: reactor.core.publisher.FluxOnAssembly$OnAssemblyException: 
Error has been observed at the following site(s):
	|_ checkpoint ⇢ Handler org.springframework.web.reactive.result.method.annotation.RequestMappingExceptionHandlingIntegrationTests$TestController#errors() [DispatcherHandler]
	|_ checkpoint ⇢ HTTP GET "/SPR-16051" [ExceptionHandlingWebHandler]
Stack trace:
		at org.springframework.web.reactive.result.method.annotation.RequestMappingExceptionHandlingIntegrationTests$TestController.lambda$errors$0(RequestMappingExceptionHandlingIntegrationTests.java:154) ~[test/:?]
		at reactor.core.publisher.FluxMapFuseable$MapFuseableSubscriber.onNext(FluxMapFuseable.java:113) ~[reactor-core-3.4.5.jar:3.4.5]
		at reactor.core.publisher.FluxRange$RangeSubscription.slowPath(FluxRange.java:155) ~[reactor-core-3.4.5.jar:3.4.5]
		at reactor.core.publisher.FluxRange$RangeSubscription.request(FluxRange.java:110) ~[reactor-core-3.4.5.jar:3.4.5]
		at reactor.core.publisher.FluxMapFuseable$MapFuseableSubscriber.request(FluxMapFuseable.java:169) ~[reactor-core-3.4.5.jar:3.4.5]
		at reactor.core.publisher.FluxMapFuseable$MapFuseableSubscriber.request(FluxMapFuseable.java:169) ~[reactor-core-3.4.5.jar:3.4.5]
		at reactor.core.publisher.FluxPeekFuseable$PeekFuseableSubscriber.request(FluxPeekFuseable.java:144) ~[reactor-core-3.4.5.jar:3.4.5]
		at org.springframework.http.server.reactive.ChannelSendOperator$WriteBarrier.onSubscribe(ChannelSendOperator.java:166) ~[spring-web-5.3.7-SNAPSHOT.jar:5.3.7-SNAPSHOT]
		at reactor.core.publisher.FluxPeekFuseable$PeekFuseableSubscriber.onSubscribe(FluxPeekFuseable.java:178) ~[reactor-core-3.4.5.jar:3.4.5]
		at reactor.core.publisher.FluxMapFuseable$MapFuseableSubscriber.onSubscribe(FluxMapFuseable.java:96) ~[reactor-core-3.4.5.jar:3.4.5]
		at reactor.core.publisher.FluxMapFuseable$MapFuseableSubscriber.onSubscribe(FluxMapFuseable.java:96) ~[reactor-core-3.4.5.jar:3.4.5]
		at reactor.core.publisher.FluxRange.subscribe(FluxRange.java:68) ~[reactor-core-3.4.5.jar:3.4.5]
		at reactor.core.publisher.InternalFluxOperator.subscribe(InternalFluxOperator.java:62) ~[reactor-core-3.4.5.jar:3.4.5]
		at org.springframework.http.server.reactive.ChannelSendOperator.subscribe(ChannelSendOperator.java:77) ~[spring-web-5.3.7-SNAPSHOT.jar:5.3.7-SNAPSHOT]
		at reactor.core.publisher.InternalMonoOperator.subscribe(InternalMonoOperator.java:64) ~[reactor-core-3.4.5.jar:3.4.5]
		at reactor.core.publisher.MonoFlatMap$FlatMapMain.onNext(MonoFlatMap.java:157) ~[reactor-core-3.4.5.jar:3.4.5]
		at reactor.core.publisher.Operators$MonoSubscriber.complete(Operators.java:1815) ~[reactor-core-3.4.5.jar:3.4.5]
		at reactor.core.publisher.MonoFlatMap$FlatMapInner.onNext(MonoFlatMap.java:249) ~[reactor-core-3.4.5.jar:3.4.5]
		at reactor.core.publisher.FluxOnErrorResume$ResumeSubscriber.onNext(FluxOnErrorResume.java:79) ~[reactor-core-3.4.5.jar:3.4.5]
		at reactor.core.publisher.FluxPeek$PeekSubscriber.onNext(FluxPeek.java:199) ~[reactor-core-3.4.5.jar:3.4.5]
		at reactor.core.publisher.FluxPeek$PeekSubscriber.onNext(FluxPeek.java:199) ~[reactor-core-3.4.5.jar:3.4.5]
		at reactor.core.publisher.MonoIgnoreThen$ThenIgnoreMain.complete(MonoIgnoreThen.java:284) ~[reactor-core-3.4.5.jar:3.4.5]
		at reactor.core.publisher.MonoIgnoreThen$ThenIgnoreMain.onNext(MonoIgnoreThen.java:187) ~[reactor-core-3.4.5.jar:3.4.5]
		at reactor.core.publisher.Operators$ScalarSubscription.request(Operators.java:2397) ~[reactor-core-3.4.5.jar:3.4.5]
		at reactor.core.publisher.MonoIgnoreThen$ThenIgnoreMain.onSubscribe(MonoIgnoreThen.java:134) ~[reactor-core-3.4.5.jar:3.4.5]
		at reactor.core.publisher.FluxFlatMap.trySubscribeScalarMap(FluxFlatMap.java:192) ~[reactor-core-3.4.5.jar:3.4.5]
		at reactor.core.publisher.MonoFlatMap.subscribeOrReturn(MonoFlatMap.java:53) ~[reactor-core-3.4.5.jar:3.4.5]
		at reactor.core.publisher.InternalMonoOperator.subscribe(InternalMonoOperator.java:57) ~[reactor-core-3.4.5.jar:3.4.5]
		at reactor.core.publisher.MonoDefer.subscribe(MonoDefer.java:52) ~[reactor-core-3.4.5.jar:3.4.5]
		at reactor.core.publisher.MonoIgnoreThen$ThenIgnoreMain.subscribeNext(MonoIgnoreThen.java:236) ~[reactor-core-3.4.5.jar:3.4.5]
		at reactor.core.publisher.MonoIgnoreThen$ThenIgnoreMain.onComplete(MonoIgnoreThen.java:203) ~[reactor-core-3.4.5.jar:3.4.5]
		at reactor.core.publisher.MonoFlatMap$FlatMapMain.onComplete(MonoFlatMap.java:181) ~[reactor-core-3.4.5.jar:3.4.5]
		at reactor.core.publisher.Operators.complete(Operators.java:136) ~[reactor-core-3.4.5.jar:3.4.5]
		at reactor.core.publisher.MonoZip.subscribe(MonoZip.java:120) ~[reactor-core-3.4.5.jar:3.4.5]
		at reactor.core.publisher.Mono.subscribe(Mono.java:4150) ~[reactor-core-3.4.5.jar:3.4.5]
		at reactor.core.publisher.MonoIgnoreThen$ThenIgnoreMain.subscribeNext(MonoIgnoreThen.java:255) ~[reactor-core-3.4.5.jar:3.4.5]
		at reactor.core.publisher.MonoIgnoreThen.subscribe(MonoIgnoreThen.java:51) ~[reactor-core-3.4.5.jar:3.4.5]
		at reactor.core.publisher.InternalMonoOperator.subscribe(InternalMonoOperator.java:64) ~[reactor-core-3.4.5.jar:3.4.5]
		at reactor.core.publisher.MonoFlatMap$FlatMapMain.onNext(MonoFlatMap.java:157) ~[reactor-core-3.4.5.jar:3.4.5]
		at reactor.core.publisher.FluxSwitchIfEmpty$SwitchIfEmptySubscriber.onNext(FluxSwitchIfEmpty.java:73) ~[reactor-core-3.4.5.jar:3.4.5]
		at reactor.core.publisher.MonoNext$NextSubscriber.onNext(MonoNext.java:82) ~[reactor-core-3.4.5.jar:3.4.5]
		at reactor.core.publisher.FluxConcatMap$ConcatMapImmediate.innerNext(FluxConcatMap.java:281) ~[reactor-core-3.4.5.jar:3.4.5]
		at reactor.core.publisher.FluxConcatMap$ConcatMapInner.onNext(FluxConcatMap.java:860) ~[reactor-core-3.4.5.jar:3.4.5]
		at reactor.core.publisher.FluxMapFuseable$MapFuseableSubscriber.onNext(FluxMapFuseable.java:127) ~[reactor-core-3.4.5.jar:3.4.5]
		at reactor.core.publisher.MonoPeekTerminal$MonoTerminalPeekSubscriber.onNext(MonoPeekTerminal.java:180) ~[reactor-core-3.4.5.jar:3.4.5]
		at reactor.core.publisher.Operators$ScalarSubscription.request(Operators.java:2397) ~[reactor-core-3.4.5.jar:3.4.5]
		at reactor.core.publisher.MonoPeekTerminal$MonoTerminalPeekSubscriber.request(MonoPeekTerminal.java:139) ~[reactor-core-3.4.5.jar:3.4.5]
		at reactor.core.publisher.FluxMapFuseable$MapFuseableSubscriber.request(FluxMapFuseable.java:169) ~[reactor-core-3.4.5.jar:3.4.5]
		at reactor.core.publisher.Operators$MultiSubscriptionSubscriber.set(Operators.java:2193) ~[reactor-core-3.4.5.jar:3.4.5]
		at reactor.core.publisher.Operators$MultiSubscriptionSubscriber.onSubscribe(Operators.java:2067) ~[reactor-core-3.4.5.jar:3.4.5]
		at reactor.core.publisher.FluxMapFuseable$MapFuseableSubscriber.onSubscribe(FluxMapFuseable.java:96) ~[reactor-core-3.4.5.jar:3.4.5]
		at reactor.core.publisher.MonoPeekTerminal$MonoTerminalPeekSubscriber.onSubscribe(MonoPeekTerminal.java:152) ~[reactor-core-3.4.5.jar:3.4.5]
		at reactor.core.publisher.MonoJust.subscribe(MonoJust.java:54) ~[reactor-core-3.4.5.jar:3.4.5]
		at reactor.core.publisher.Mono.subscribe(Mono.java:4150) ~[reactor-core-3.4.5.jar:3.4.5]
		at reactor.core.publisher.FluxConcatMap$ConcatMapImmediate.drain(FluxConcatMap.java:448) ~[reactor-core-3.4.5.jar:3.4.5]
		at reactor.core.publisher.FluxConcatMap$ConcatMapImmediate.onSubscribe(FluxConcatMap.java:218) ~[reactor-core-3.4.5.jar:3.4.5]
		at reactor.core.publisher.FluxIterable.subscribe(FluxIterable.java:164) ~[reactor-core-3.4.5.jar:3.4.5]
		at reactor.core.publisher.FluxIterable.subscribe(FluxIterable.java:86) ~[reactor-core-3.4.5.jar:3.4.5]
		at reactor.core.publisher.InternalMonoOperator.subscribe(InternalMonoOperator.java:64) ~[reactor-core-3.4.5.jar:3.4.5]
		at reactor.core.publisher.MonoDefer.subscribe(MonoDefer.java:52) ~[reactor-core-3.4.5.jar:3.4.5]
		at reactor.core.publisher.Mono.subscribe(Mono.java:4150) ~[reactor-core-3.4.5.jar:3.4.5]
		at reactor.core.publisher.MonoIgnoreThen$ThenIgnoreMain.subscribeNext(MonoIgnoreThen.java:255) ~[reactor-core-3.4.5.jar:3.4.5]
		at reactor.core.publisher.MonoIgnoreThen.subscribe(MonoIgnoreThen.java:51) ~[reactor-core-3.4.5.jar:3.4.5]
		at reactor.core.publisher.Mono.subscribe(Mono.java:4150) ~[reactor-core-3.4.5.jar:3.4.5]
		at org.springframework.http.server.reactive.ServletHttpHandlerAdapter.service(ServletHttpHandlerAdapter.java:198) ~[spring-web-5.3.7-SNAPSHOT.jar:5.3.7-SNAPSHOT]
		at org.eclipse.jetty.servlet.ServletHolder.handle(ServletHolder.java:791) ~[jetty-servlet-9.4.39.v20210325.jar:9.4.39.v20210325]
		at org.eclipse.jetty.servlet.ServletHandler.doHandle(ServletHandler.java:550) ~[jetty-servlet-9.4.39.v20210325.jar:9.4.39.v20210325]
		at org.eclipse.jetty.server.handler.ScopedHandler.nextHandle(ScopedHandler.java:233) ~[jetty-server-9.4.39.v20210325.jar:9.4.39.v20210325]
		at org.eclipse.jetty.server.handler.ContextHandler.doHandle(ContextHandler.java:1435) ~[jetty-server-9.4.39.v20210325.jar:9.4.39.v20210325]
		at org.eclipse.jetty.server.handler.ScopedHandler.nextScope(ScopedHandler.java:188) ~[jetty-server-9.4.39.v20210325.jar:9.4.39.v20210325]
		at org.eclipse.jetty.servlet.ServletHandler.doScope(ServletHandler.java:501) ~[jetty-servlet-9.4.39.v20210325.jar:9.4.39.v20210325]
		at org.eclipse.jetty.server.handler.ScopedHandler.nextScope(ScopedHandler.java:186) ~[jetty-server-9.4.39.v20210325.jar:9.4.39.v20210325]
		at org.eclipse.jetty.server.handler.ContextHandler.doScope(ContextHandler.java:1350) ~[jetty-server-9.4.39.v20210325.jar:9.4.39.v20210325]
		at org.eclipse.jetty.server.handler.ScopedHandler.handle(ScopedHandler.java:141) ~[jetty-server-9.4.39.v20210325.jar:9.4.39.v20210325]
		at org.eclipse.jetty.server.handler.HandlerWrapper.handle(HandlerWrapper.java:127) ~[jetty-server-9.4.39.v20210325.jar:9.4.39.v20210325]
		at org.eclipse.jetty.server.Server.handle(Server.java:516) ~[jetty-server-9.4.39.v20210325.jar:9.4.39.v20210325]
		at org.eclipse.jetty.server.HttpChannel.lambda$handle$1(HttpChannel.java:388) ~[jetty-server-9.4.39.v20210325.jar:9.4.39.v20210325]
		at org.eclipse.jetty.server.HttpChannel.dispatch(HttpChannel.java:633) ~[jetty-server-9.4.39.v20210325.jar:9.4.39.v20210325]
		at org.eclipse.jetty.server.HttpChannel.handle(HttpChannel.java:380) [jetty-server-9.4.39.v20210325.jar:9.4.39.v20210325]
		at org.eclipse.jetty.server.HttpConnection.onFillable(HttpConnection.java:279) [jetty-server-9.4.39.v20210325.jar:9.4.39.v20210325]
		at org.eclipse.jetty.io.AbstractConnection$ReadCallback.succeeded(AbstractConnection.java:311) [jetty-io-9.4.39.v20210325.jar:9.4.39.v20210325]
		at org.eclipse.jetty.io.FillInterest.fillable(FillInterest.java:105) [jetty-io-9.4.39.v20210325.jar:9.4.39.v20210325]
		at org.eclipse.jetty.io.ChannelEndPoint$1.run(ChannelEndPoint.java:104) [jetty-io-9.4.39.v20210325.jar:9.4.39.v20210325]
		at org.eclipse.jetty.util.thread.QueuedThreadPool.runJob(QueuedThreadPool.java:882) [jetty-util-9.4.39.v20210325.jar:9.4.39.v20210325]
		at org.eclipse.jetty.util.thread.QueuedThreadPool$Runner.run(QueuedThreadPool.java:1036) [jetty-util-9.4.39.v20210325.jar:9.4.39.v20210325]
		at java.lang.Thread.run(Thread.java:748) [?:1.8.0_181]
17:48:11.318 [Test worker] DEBUG o.s.w.t.h.s.r.b.JettyHttpServer - Stopping JettyHttpServer...
17:48:11.319 [Test worker] INFO  o.e.j.s.h.ContextHandler - Stopped o.e.j.s.ServletContextHandler@7f8b0644{/,null,STOPPED}
17:48:11.320 [Test worker] INFO  o.e.j.s.AbstractConnector - Stopped ServerConnector@ad68ff1{HTTP/1.1, (http/1.1)}{0.0.0.0:0}
17:48:11.321 [Test worker] DEBUG o.s.w.t.h.s.r.b.JettyHttpServer - Server stopped (0 millis).
17:48:11.358 [Test worker] DEBUG o.s.w.r.r.m.a.RequestMappingHandlerMapping - 6 mappings in 'requestMappingHandlerMapping'
17:48:11.374 [Test worker] DEBUG o.s.w.r.r.m.a.ControllerMethodResolver - ControllerAdvice beans: none
17:48:11.377 [Test worker] DEBUG o.s.w.s.a.HttpWebHandlerAdapter - enableLoggingRequestDetails='false': form data and headers will be masked to prevent unsafe logging of potentially sensitive data
17:48:11.377 [Test worker] DEBUG o.s.w.t.h.s.r.b.ReactorHttpServer - Starting ReactorHttpServer...
17:48:11.378 [Test worker] DEBUG o.s.w.t.h.s.r.b.ReactorHttpServer - Server started on port 51949(0 millis).
17:48:11.379 [Test worker] DEBUG o.s.w.c.RestTemplate - HTTP GET http://localhost:51949/SPR-16051
17:48:11.379 [Test worker] DEBUG o.s.w.c.RestTemplate - Accept=[text/plain, application/json, application/x-jackson-smile, application/*+json, */*]
17:48:11.381 [reactor-http-nio-10] DEBUG o.s.w.s.a.HttpWebHandlerAdapter - [b2d03dd6-1, L:/127.0.0.1:51949 - R:/127.0.0.1:51950] HTTP GET "/SPR-16051"
17:48:11.382 [reactor-http-nio-10] DEBUG o.s.w.r.r.m.a.RequestMappingHandlerMapping - [b2d03dd6-1, L:/127.0.0.1:51949 - R:/127.0.0.1:51950] Mapped to org.springframework.web.reactive.result.method.annotation.RequestMappingExceptionHandlingIntegrationTests$TestController#errors()
17:48:11.383 [reactor-http-nio-10] DEBUG o.s.w.r.r.m.a.ResponseBodyResultHandler - [b2d03dd6-1, L:/127.0.0.1:51949 - R:/127.0.0.1:51950] Using 'text/plain;charset=UTF-8' given [text/plain, application/json, application/x-jackson-smile, application/*+json, */*] and supported [text/plain;charset=UTF-8, text/event-stream, text/plain;charset=UTF-8, */*]
17:48:11.383 [reactor-http-nio-10] DEBUG o.s.w.r.r.m.a.ResponseBodyResultHandler - [b2d03dd6-1, L:/127.0.0.1:51949 - R:/127.0.0.1:51950] 0..N [java.lang.String]
17:48:11.383 [reactor-http-nio-10] DEBUG o.s.c.c.CharSequenceEncoder - [b2d03dd6-1, L:/127.0.0.1:51949 - R:/127.0.0.1:51950] Writing "1. foo bar"
17:48:11.389 [Test worker] DEBUG o.s.w.c.RestTemplate - Response 200 OK
17:48:11.397 [reactor-http-nio-10] DEBUG o.s.c.c.CharSequenceEncoder - [b2d03dd6-1, L:/127.0.0.1:51949 - R:/127.0.0.1:51950] Writing "2. foo bar"
17:48:11.397 [reactor-http-nio-10] DEBUG o.s.c.c.CharSequenceEncoder - [b2d03dd6-1, L:/127.0.0.1:51949 - R:/127.0.0.1:51950] Writing "3. foo bar"
17:48:11.397 [reactor-http-nio-10] DEBUG o.s.c.c.CharSequenceEncoder - [b2d03dd6-1, L:/127.0.0.1:51949 - R:/127.0.0.1:51950] Writing "4. foo bar"
17:48:11.397 [reactor-http-nio-10] DEBUG o.s.c.c.CharSequenceEncoder - [b2d03dd6-1, L:/127.0.0.1:51949 - R:/127.0.0.1:51950] Writing "5. foo bar"
17:48:11.398 [reactor-http-nio-10] DEBUG o.s.c.c.CharSequenceEncoder - [b2d03dd6-1, L:/127.0.0.1:51949 - R:/127.0.0.1:51950] Writing "6. foo bar"
17:48:11.398 [reactor-http-nio-10] DEBUG o.s.c.c.CharSequenceEncoder - [b2d03dd6-1, L:/127.0.0.1:51949 - R:/127.0.0.1:51950] Writing "7. foo bar"
17:48:11.398 [reactor-http-nio-10] DEBUG o.s.c.c.CharSequenceEncoder - [b2d03dd6-1, L:/127.0.0.1:51949 - R:/127.0.0.1:51950] Writing "8. foo bar"
17:48:11.399 [reactor-http-nio-10] DEBUG o.s.c.c.CharSequenceEncoder - [b2d03dd6-1, L:/127.0.0.1:51949 - R:/127.0.0.1:51950] Writing "9. foo bar"
17:48:11.399 [reactor-http-nio-10] DEBUG o.s.c.c.CharSequenceEncoder - [b2d03dd6-1, L:/127.0.0.1:51949 - R:/127.0.0.1:51950] Writing "10. foo bar"
17:48:11.400 [reactor-http-nio-10] DEBUG o.s.c.c.CharSequenceEncoder - [b2d03dd6-1, L:/127.0.0.1:51949 - R:/127.0.0.1:51950] Writing "11. foo bar"
17:48:11.400 [reactor-http-nio-10] DEBUG o.s.c.c.CharSequenceEncoder - [b2d03dd6-1, L:/127.0.0.1:51949 - R:/127.0.0.1:51950] Writing "12. foo bar"
17:48:11.401 [reactor-http-nio-10] DEBUG o.s.c.c.CharSequenceEncoder - [b2d03dd6-1, L:/127.0.0.1:51949 - R:/127.0.0.1:51950] Writing "13. foo bar"
17:48:11.401 [reactor-http-nio-10] DEBUG o.s.c.c.CharSequenceEncoder - [b2d03dd6-1, L:/127.0.0.1:51949 - R:/127.0.0.1:51950] Writing "14. foo bar"
17:48:11.401 [reactor-http-nio-10] DEBUG o.s.c.c.CharSequenceEncoder - [b2d03dd6-1, L:/127.0.0.1:51949 - R:/127.0.0.1:51950] Writing "15. foo bar"
17:48:11.401 [reactor-http-nio-10] DEBUG o.s.c.c.CharSequenceEncoder - [b2d03dd6-1, L:/127.0.0.1:51949 - R:/127.0.0.1:51950] Writing "16. foo bar"
17:48:11.402 [reactor-http-nio-10] DEBUG o.s.c.c.CharSequenceEncoder - [b2d03dd6-1, L:/127.0.0.1:51949 - R:/127.0.0.1:51950] Writing "17. foo bar"
17:48:11.402 [reactor-http-nio-10] DEBUG o.s.c.c.CharSequenceEncoder - [b2d03dd6-1, L:/127.0.0.1:51949 - R:/127.0.0.1:51950] Writing "18. foo bar"
17:48:11.402 [reactor-http-nio-10] DEBUG o.s.c.c.CharSequenceEncoder - [b2d03dd6-1, L:/127.0.0.1:51949 - R:/127.0.0.1:51950] Writing "19. foo bar"
17:48:11.403 [reactor-http-nio-10] DEBUG o.s.c.c.CharSequenceEncoder - [b2d03dd6-1, L:/127.0.0.1:51949 - R:/127.0.0.1:51950] Writing "20. foo bar"
17:48:11.403 [reactor-http-nio-10] DEBUG o.s.c.c.CharSequenceEncoder - [b2d03dd6-1, L:/127.0.0.1:51949 - R:/127.0.0.1:51950] Writing "21. foo bar"
17:48:11.403 [reactor-http-nio-10] DEBUG o.s.c.c.CharSequenceEncoder - [b2d03dd6-1, L:/127.0.0.1:51949 - R:/127.0.0.1:51950] Writing "22. foo bar"
17:48:11.404 [reactor-http-nio-10] DEBUG o.s.c.c.CharSequenceEncoder - [b2d03dd6-1, L:/127.0.0.1:51949 - R:/127.0.0.1:51950] Writing "23. foo bar"
17:48:11.404 [reactor-http-nio-10] DEBUG o.s.c.c.CharSequenceEncoder - [b2d03dd6-1, L:/127.0.0.1:51949 - R:/127.0.0.1:51950] Writing "24. foo bar"
17:48:11.404 [reactor-http-nio-10] DEBUG o.s.c.c.CharSequenceEncoder - [b2d03dd6-1, L:/127.0.0.1:51949 - R:/127.0.0.1:51950] Writing "25. foo bar"
17:48:11.405 [reactor-http-nio-10] DEBUG o.s.c.c.CharSequenceEncoder - [b2d03dd6-1, L:/127.0.0.1:51949 - R:/127.0.0.1:51950] Writing "26. foo bar"
17:48:11.405 [reactor-http-nio-10] DEBUG o.s.c.c.CharSequenceEncoder - [b2d03dd6-1, L:/127.0.0.1:51949 - R:/127.0.0.1:51950] Writing "27. foo bar"
17:48:11.405 [reactor-http-nio-10] DEBUG o.s.c.c.CharSequenceEncoder - [b2d03dd6-1, L:/127.0.0.1:51949 - R:/127.0.0.1:51950] Writing "28. foo bar"
17:48:11.406 [reactor-http-nio-10] DEBUG o.s.c.c.CharSequenceEncoder - [b2d03dd6-1, L:/127.0.0.1:51949 - R:/127.0.0.1:51950] Writing "29. foo bar"
17:48:11.406 [reactor-http-nio-10] DEBUG o.s.c.c.CharSequenceEncoder - [b2d03dd6-1, L:/127.0.0.1:51949 - R:/127.0.0.1:51950] Writing "30. foo bar"
17:48:11.406 [reactor-http-nio-10] DEBUG o.s.c.c.CharSequenceEncoder - [b2d03dd6-1, L:/127.0.0.1:51949 - R:/127.0.0.1:51950] Writing "31. foo bar"
17:48:11.407 [reactor-http-nio-10] DEBUG o.s.c.c.CharSequenceEncoder - [b2d03dd6-1, L:/127.0.0.1:51949 - R:/127.0.0.1:51950] Writing "32. foo bar"
17:48:11.407 [reactor-http-nio-10] DEBUG o.s.c.c.CharSequenceEncoder - [b2d03dd6-1, L:/127.0.0.1:51949 - R:/127.0.0.1:51950] Writing "33. foo bar"
17:48:11.407 [reactor-http-nio-10] DEBUG o.s.c.c.CharSequenceEncoder - [b2d03dd6-1, L:/127.0.0.1:51949 - R:/127.0.0.1:51950] Writing "34. foo bar"
17:48:11.407 [reactor-http-nio-10] DEBUG o.s.c.c.CharSequenceEncoder - [b2d03dd6-1, L:/127.0.0.1:51949 - R:/127.0.0.1:51950] Writing "35. foo bar"
17:48:11.408 [reactor-http-nio-10] DEBUG o.s.c.c.CharSequenceEncoder - [b2d03dd6-1, L:/127.0.0.1:51949 - R:/127.0.0.1:51950] Writing "36. foo bar"
17:48:11.408 [reactor-http-nio-10] DEBUG o.s.c.c.CharSequenceEncoder - [b2d03dd6-1, L:/127.0.0.1:51949 - R:/127.0.0.1:51950] Writing "37. foo bar"
17:48:11.408 [reactor-http-nio-10] DEBUG o.s.c.c.CharSequenceEncoder - [b2d03dd6-1, L:/127.0.0.1:51949 - R:/127.0.0.1:51950] Writing "38. foo bar"
17:48:11.408 [reactor-http-nio-10] DEBUG o.s.c.c.CharSequenceEncoder - [b2d03dd6-1, L:/127.0.0.1:51949 - R:/127.0.0.1:51950] Writing "39. foo bar"
17:48:11.409 [reactor-http-nio-10] DEBUG o.s.c.c.CharSequenceEncoder - [b2d03dd6-1, L:/127.0.0.1:51949 - R:/127.0.0.1:51950] Writing "40. foo bar"
17:48:11.409 [reactor-http-nio-10] DEBUG o.s.c.c.CharSequenceEncoder - [b2d03dd6-1, L:/127.0.0.1:51949 - R:/127.0.0.1:51950] Writing "41. foo bar"
17:48:11.409 [reactor-http-nio-10] DEBUG o.s.c.c.CharSequenceEncoder - [b2d03dd6-1, L:/127.0.0.1:51949 - R:/127.0.0.1:51950] Writing "42. foo bar"
17:48:11.409 [reactor-http-nio-10] DEBUG o.s.c.c.CharSequenceEncoder - [b2d03dd6-1, L:/127.0.0.1:51949 - R:/127.0.0.1:51950] Writing "43. foo bar"
17:48:11.410 [reactor-http-nio-10] DEBUG o.s.c.c.CharSequenceEncoder - [b2d03dd6-1, L:/127.0.0.1:51949 - R:/127.0.0.1:51950] Writing "44. foo bar"
17:48:11.410 [reactor-http-nio-10] DEBUG o.s.c.c.CharSequenceEncoder - [b2d03dd6-1, L:/127.0.0.1:51949 - R:/127.0.0.1:51950] Writing "45. foo bar"
17:48:11.410 [reactor-http-nio-10] DEBUG o.s.c.c.CharSequenceEncoder - [b2d03dd6-1, L:/127.0.0.1:51949 - R:/127.0.0.1:51950] Writing "46. foo bar"
17:48:11.411 [reactor-http-nio-10] DEBUG o.s.c.c.CharSequenceEncoder - [b2d03dd6-1, L:/127.0.0.1:51949 - R:/127.0.0.1:51950] Writing "47. foo bar"
17:48:11.411 [reactor-http-nio-10] DEBUG o.s.c.c.CharSequenceEncoder - [b2d03dd6-1, L:/127.0.0.1:51949 - R:/127.0.0.1:51950] Writing "48. foo bar"
17:48:11.411 [reactor-http-nio-10] DEBUG o.s.c.c.CharSequenceEncoder - [b2d03dd6-1, L:/127.0.0.1:51949 - R:/127.0.0.1:51950] Writing "49. foo bar"
17:48:11.412 [reactor-http-nio-10] DEBUG o.s.c.c.CharSequenceEncoder - [b2d03dd6-1, L:/127.0.0.1:51949 - R:/127.0.0.1:51950] Writing "50. foo bar"
17:48:11.412 [reactor-http-nio-10] DEBUG o.s.c.c.CharSequenceEncoder - [b2d03dd6-1, L:/127.0.0.1:51949 - R:/127.0.0.1:51950] Writing "51. foo bar"
17:48:11.413 [reactor-http-nio-10] DEBUG o.s.c.c.CharSequenceEncoder - [b2d03dd6-1, L:/127.0.0.1:51949 - R:/127.0.0.1:51950] Writing "52. foo bar"
17:48:11.413 [reactor-http-nio-10] DEBUG o.s.c.c.CharSequenceEncoder - [b2d03dd6-1, L:/127.0.0.1:51949 - R:/127.0.0.1:51950] Writing "53. foo bar"
17:48:11.413 [reactor-http-nio-10] DEBUG o.s.c.c.CharSequenceEncoder - [b2d03dd6-1, L:/127.0.0.1:51949 - R:/127.0.0.1:51950] Writing "54. foo bar"
17:48:11.413 [reactor-http-nio-10] DEBUG o.s.c.c.CharSequenceEncoder - [b2d03dd6-1, L:/127.0.0.1:51949 - R:/127.0.0.1:51950] Writing "55. foo bar"
17:48:11.414 [reactor-http-nio-10] DEBUG o.s.c.c.CharSequenceEncoder - [b2d03dd6-1, L:/127.0.0.1:51949 - R:/127.0.0.1:51950] Writing "56. foo bar"
17:48:11.414 [reactor-http-nio-10] DEBUG o.s.c.c.CharSequenceEncoder - [b2d03dd6-1, L:/127.0.0.1:51949 - R:/127.0.0.1:51950] Writing "57. foo bar"
17:48:11.414 [reactor-http-nio-10] DEBUG o.s.c.c.CharSequenceEncoder - [b2d03dd6-1, L:/127.0.0.1:51949 - R:/127.0.0.1:51950] Writing "58. foo bar"
17:48:11.415 [reactor-http-nio-10] DEBUG o.s.c.c.CharSequenceEncoder - [b2d03dd6-1, L:/127.0.0.1:51949 - R:/127.0.0.1:51950] Writing "59. foo bar"
17:48:11.415 [reactor-http-nio-10] DEBUG o.s.c.c.CharSequenceEncoder - [b2d03dd6-1, L:/127.0.0.1:51949 - R:/127.0.0.1:51950] Writing "60. foo bar"
17:48:11.415 [reactor-http-nio-10] DEBUG o.s.c.c.CharSequenceEncoder - [b2d03dd6-1, L:/127.0.0.1:51949 - R:/127.0.0.1:51950] Writing "61. foo bar"
17:48:11.416 [reactor-http-nio-10] DEBUG o.s.c.c.CharSequenceEncoder - [b2d03dd6-1, L:/127.0.0.1:51949 - R:/127.0.0.1:51950] Writing "62. foo bar"
17:48:11.416 [reactor-http-nio-10] DEBUG o.s.c.c.CharSequenceEncoder - [b2d03dd6-1, L:/127.0.0.1:51949 - R:/127.0.0.1:51950] Writing "63. foo bar"
17:48:11.416 [reactor-http-nio-10] DEBUG o.s.c.c.CharSequenceEncoder - [b2d03dd6-1, L:/127.0.0.1:51949 - R:/127.0.0.1:51950] Writing "64. foo bar"
17:48:11.417 [reactor-http-nio-10] DEBUG o.s.c.c.CharSequenceEncoder - [b2d03dd6-1, L:/127.0.0.1:51949 - R:/127.0.0.1:51950] Writing "65. foo bar"
17:48:11.417 [reactor-http-nio-10] DEBUG o.s.c.c.CharSequenceEncoder - [b2d03dd6-1, L:/127.0.0.1:51949 - R:/127.0.0.1:51950] Writing "66. foo bar"
17:48:11.417 [reactor-http-nio-10] DEBUG o.s.c.c.CharSequenceEncoder - [b2d03dd6-1, L:/127.0.0.1:51949 - R:/127.0.0.1:51950] Writing "67. foo bar"
17:48:11.418 [reactor-http-nio-10] DEBUG o.s.c.c.CharSequenceEncoder - [b2d03dd6-1, L:/127.0.0.1:51949 - R:/127.0.0.1:51950] Writing "68. foo bar"
17:48:11.418 [reactor-http-nio-10] DEBUG o.s.c.c.CharSequenceEncoder - [b2d03dd6-1, L:/127.0.0.1:51949 - R:/127.0.0.1:51950] Writing "69. foo bar"
17:48:11.418 [reactor-http-nio-10] DEBUG o.s.c.c.CharSequenceEncoder - [b2d03dd6-1, L:/127.0.0.1:51949 - R:/127.0.0.1:51950] Writing "70. foo bar"
17:48:11.418 [reactor-http-nio-10] DEBUG o.s.c.c.CharSequenceEncoder - [b2d03dd6-1, L:/127.0.0.1:51949 - R:/127.0.0.1:51950] Writing "71. foo bar"
17:48:11.419 [reactor-http-nio-10] DEBUG o.s.c.c.CharSequenceEncoder - [b2d03dd6-1, L:/127.0.0.1:51949 - R:/127.0.0.1:51950] Writing "72. foo bar"
17:48:11.419 [reactor-http-nio-10] DEBUG o.s.c.c.CharSequenceEncoder - [b2d03dd6-1, L:/127.0.0.1:51949 - R:/127.0.0.1:51950] Writing "73. foo bar"
17:48:11.419 [reactor-http-nio-10] DEBUG o.s.c.c.CharSequenceEncoder - [b2d03dd6-1, L:/127.0.0.1:51949 - R:/127.0.0.1:51950] Writing "74. foo bar"
17:48:11.419 [reactor-http-nio-10] DEBUG o.s.c.c.CharSequenceEncoder - [b2d03dd6-1, L:/127.0.0.1:51949 - R:/127.0.0.1:51950] Writing "75. foo bar"
17:48:11.420 [reactor-http-nio-10] DEBUG o.s.c.c.CharSequenceEncoder - [b2d03dd6-1, L:/127.0.0.1:51949 - R:/127.0.0.1:51950] Writing "76. foo bar"
17:48:11.420 [reactor-http-nio-10] DEBUG o.s.c.c.CharSequenceEncoder - [b2d03dd6-1, L:/127.0.0.1:51949 - R:/127.0.0.1:51950] Writing "77. foo bar"
17:48:11.420 [reactor-http-nio-10] DEBUG o.s.c.c.CharSequenceEncoder - [b2d03dd6-1, L:/127.0.0.1:51949 - R:/127.0.0.1:51950] Writing "78. foo bar"
17:48:11.420 [reactor-http-nio-10] DEBUG o.s.c.c.CharSequenceEncoder - [b2d03dd6-1, L:/127.0.0.1:51949 - R:/127.0.0.1:51950] Writing "79. foo bar"
17:48:11.420 [reactor-http-nio-10] DEBUG o.s.c.c.CharSequenceEncoder - [b2d03dd6-1, L:/127.0.0.1:51949 - R:/127.0.0.1:51950] Writing "80. foo bar"
17:48:11.421 [reactor-http-nio-10] DEBUG o.s.c.c.CharSequenceEncoder - [b2d03dd6-1, L:/127.0.0.1:51949 - R:/127.0.0.1:51950] Writing "81. foo bar"
17:48:11.421 [reactor-http-nio-10] DEBUG o.s.c.c.CharSequenceEncoder - [b2d03dd6-1, L:/127.0.0.1:51949 - R:/127.0.0.1:51950] Writing "82. foo bar"
17:48:11.421 [reactor-http-nio-10] DEBUG o.s.c.c.CharSequenceEncoder - [b2d03dd6-1, L:/127.0.0.1:51949 - R:/127.0.0.1:51950] Writing "83. foo bar"
17:48:11.422 [reactor-http-nio-10] DEBUG o.s.c.c.CharSequenceEncoder - [b2d03dd6-1, L:/127.0.0.1:51949 - R:/127.0.0.1:51950] Writing "84. foo bar"
17:48:11.422 [reactor-http-nio-10] DEBUG o.s.c.c.CharSequenceEncoder - [b2d03dd6-1, L:/127.0.0.1:51949 - R:/127.0.0.1:51950] Writing "85. foo bar"
17:48:11.422 [reactor-http-nio-10] DEBUG o.s.c.c.CharSequenceEncoder - [b2d03dd6-1, L:/127.0.0.1:51949 - R:/127.0.0.1:51950] Writing "86. foo bar"
17:48:11.423 [reactor-http-nio-10] DEBUG o.s.c.c.CharSequenceEncoder - [b2d03dd6-1, L:/127.0.0.1:51949 - R:/127.0.0.1:51950] Writing "87. foo bar"
17:48:11.423 [reactor-http-nio-10] DEBUG o.s.c.c.CharSequenceEncoder - [b2d03dd6-1, L:/127.0.0.1:51949 - R:/127.0.0.1:51950] Writing "88. foo bar"
17:48:11.423 [reactor-http-nio-10] DEBUG o.s.c.c.CharSequenceEncoder - [b2d03dd6-1, L:/127.0.0.1:51949 - R:/127.0.0.1:51950] Writing "89. foo bar"
17:48:11.423 [reactor-http-nio-10] DEBUG o.s.c.c.CharSequenceEncoder - [b2d03dd6-1, L:/127.0.0.1:51949 - R:/127.0.0.1:51950] Writing "90. foo bar"
17:48:11.424 [reactor-http-nio-10] DEBUG o.s.c.c.CharSequenceEncoder - [b2d03dd6-1, L:/127.0.0.1:51949 - R:/127.0.0.1:51950] Writing "91. foo bar"
17:48:11.424 [reactor-http-nio-10] DEBUG o.s.c.c.CharSequenceEncoder - [b2d03dd6-1, L:/127.0.0.1:51949 - R:/127.0.0.1:51950] Writing "92. foo bar"
17:48:11.424 [reactor-http-nio-10] DEBUG o.s.c.c.CharSequenceEncoder - [b2d03dd6-1, L:/127.0.0.1:51949 - R:/127.0.0.1:51950] Writing "93. foo bar"
17:48:11.424 [reactor-http-nio-10] DEBUG o.s.c.c.CharSequenceEncoder - [b2d03dd6-1, L:/127.0.0.1:51949 - R:/127.0.0.1:51950] Writing "94. foo bar"
17:48:11.424 [reactor-http-nio-10] DEBUG o.s.c.c.CharSequenceEncoder - [b2d03dd6-1, L:/127.0.0.1:51949 - R:/127.0.0.1:51950] Writing "95. foo bar"
17:48:11.425 [reactor-http-nio-10] DEBUG o.s.c.c.CharSequenceEncoder - [b2d03dd6-1, L:/127.0.0.1:51949 - R:/127.0.0.1:51950] Writing "96. foo bar"
17:48:11.425 [reactor-http-nio-10] DEBUG o.s.c.c.CharSequenceEncoder - [b2d03dd6-1, L:/127.0.0.1:51949 - R:/127.0.0.1:51950] Writing "97. foo bar"
17:48:11.425 [reactor-http-nio-10] DEBUG o.s.c.c.CharSequenceEncoder - [b2d03dd6-1, L:/127.0.0.1:51949 - R:/127.0.0.1:51950] Writing "98. foo bar"
17:48:11.425 [reactor-http-nio-10] DEBUG o.s.c.c.CharSequenceEncoder - [b2d03dd6-1, L:/127.0.0.1:51949 - R:/127.0.0.1:51950] Writing "99. foo bar"
17:48:11.426 [reactor-http-nio-10] DEBUG o.s.c.c.CharSequenceEncoder - [b2d03dd6-1, L:/127.0.0.1:51949 - R:/127.0.0.1:51950] Writing "100. foo bar"
17:48:11.426 [reactor-http-nio-10] DEBUG o.s.c.c.CharSequenceEncoder - [b2d03dd6-1, L:/127.0.0.1:51949 - R:/127.0.0.1:51950] Writing "101. foo bar"
17:48:11.426 [reactor-http-nio-10] DEBUG o.s.c.c.CharSequenceEncoder - [b2d03dd6-1, L:/127.0.0.1:51949 - R:/127.0.0.1:51950] Writing "102. foo bar"
17:48:11.426 [reactor-http-nio-10] DEBUG o.s.c.c.CharSequenceEncoder - [b2d03dd6-1, L:/127.0.0.1:51949 - R:/127.0.0.1:51950] Writing "103. foo bar"
17:48:11.426 [reactor-http-nio-10] DEBUG o.s.c.c.CharSequenceEncoder - [b2d03dd6-1, L:/127.0.0.1:51949 - R:/127.0.0.1:51950] Writing "104. foo bar"
17:48:11.427 [reactor-http-nio-10] DEBUG o.s.c.c.CharSequenceEncoder - [b2d03dd6-1, L:/127.0.0.1:51949 - R:/127.0.0.1:51950] Writing "105. foo bar"
17:48:11.427 [reactor-http-nio-10] DEBUG o.s.c.c.CharSequenceEncoder - [b2d03dd6-1, L:/127.0.0.1:51949 - R:/127.0.0.1:51950] Writing "106. foo bar"
17:48:11.427 [reactor-http-nio-10] DEBUG o.s.c.c.CharSequenceEncoder - [b2d03dd6-1, L:/127.0.0.1:51949 - R:/127.0.0.1:51950] Writing "107. foo bar"
17:48:11.427 [reactor-http-nio-10] DEBUG o.s.c.c.CharSequenceEncoder - [b2d03dd6-1, L:/127.0.0.1:51949 - R:/127.0.0.1:51950] Writing "108. foo bar"
17:48:11.427 [reactor-http-nio-10] DEBUG o.s.c.c.CharSequenceEncoder - [b2d03dd6-1, L:/127.0.0.1:51949 - R:/127.0.0.1:51950] Writing "109. foo bar"
17:48:11.428 [reactor-http-nio-10] DEBUG o.s.c.c.CharSequenceEncoder - [b2d03dd6-1, L:/127.0.0.1:51949 - R:/127.0.0.1:51950] Writing "110. foo bar"
17:48:11.428 [reactor-http-nio-10] DEBUG o.s.c.c.CharSequenceEncoder - [b2d03dd6-1, L:/127.0.0.1:51949 - R:/127.0.0.1:51950] Writing "111. foo bar"
17:48:11.428 [reactor-http-nio-10] DEBUG o.s.c.c.CharSequenceEncoder - [b2d03dd6-1, L:/127.0.0.1:51949 - R:/127.0.0.1:51950] Writing "112. foo bar"
17:48:11.428 [reactor-http-nio-10] DEBUG o.s.c.c.CharSequenceEncoder - [b2d03dd6-1, L:/127.0.0.1:51949 - R:/127.0.0.1:51950] Writing "113. foo bar"
17:48:11.429 [reactor-http-nio-10] DEBUG o.s.c.c.CharSequenceEncoder - [b2d03dd6-1, L:/127.0.0.1:51949 - R:/127.0.0.1:51950] Writing "114. foo bar"
17:48:11.429 [reactor-http-nio-10] DEBUG o.s.c.c.CharSequenceEncoder - [b2d03dd6-1, L:/127.0.0.1:51949 - R:/127.0.0.1:51950] Writing "115. foo bar"
17:48:11.429 [reactor-http-nio-10] DEBUG o.s.c.c.CharSequenceEncoder - [b2d03dd6-1, L:/127.0.0.1:51949 - R:/127.0.0.1:51950] Writing "116. foo bar"
17:48:11.429 [reactor-http-nio-10] DEBUG o.s.c.c.CharSequenceEncoder - [b2d03dd6-1, L:/127.0.0.1:51949 - R:/127.0.0.1:51950] Writing "117. foo bar"
17:48:11.429 [reactor-http-nio-10] DEBUG o.s.c.c.CharSequenceEncoder - [b2d03dd6-1, L:/127.0.0.1:51949 - R:/127.0.0.1:51950] Writing "118. foo bar"
17:48:11.430 [reactor-http-nio-10] DEBUG o.s.c.c.CharSequenceEncoder - [b2d03dd6-1, L:/127.0.0.1:51949 - R:/127.0.0.1:51950] Writing "119. foo bar"
17:48:11.430 [reactor-http-nio-10] DEBUG o.s.c.c.CharSequenceEncoder - [b2d03dd6-1, L:/127.0.0.1:51949 - R:/127.0.0.1:51950] Writing "120. foo bar"
17:48:11.430 [reactor-http-nio-10] DEBUG o.s.c.c.CharSequenceEncoder - [b2d03dd6-1, L:/127.0.0.1:51949 - R:/127.0.0.1:51950] Writing "121. foo bar"
17:48:11.430 [reactor-http-nio-10] DEBUG o.s.c.c.CharSequenceEncoder - [b2d03dd6-1, L:/127.0.0.1:51949 - R:/127.0.0.1:51950] Writing "122. foo bar"
17:48:11.431 [reactor-http-nio-10] DEBUG o.s.c.c.CharSequenceEncoder - [b2d03dd6-1, L:/127.0.0.1:51949 - R:/127.0.0.1:51950] Writing "123. foo bar"
17:48:11.431 [reactor-http-nio-10] DEBUG o.s.c.c.CharSequenceEncoder - [b2d03dd6-1, L:/127.0.0.1:51949 - R:/127.0.0.1:51950] Writing "124. foo bar"
17:48:11.432 [reactor-http-nio-10] DEBUG o.s.c.c.CharSequenceEncoder - [b2d03dd6-1, L:/127.0.0.1:51949 - R:/127.0.0.1:51950] Writing "125. foo bar"
17:48:11.432 [reactor-http-nio-10] DEBUG o.s.c.c.CharSequenceEncoder - [b2d03dd6-1, L:/127.0.0.1:51949 - R:/127.0.0.1:51950] Writing "126. foo bar"
17:48:11.432 [reactor-http-nio-10] DEBUG o.s.c.c.CharSequenceEncoder - [b2d03dd6-1, L:/127.0.0.1:51949 - R:/127.0.0.1:51950] Writing "127. foo bar"
17:48:11.432 [reactor-http-nio-10] DEBUG o.s.c.c.CharSequenceEncoder - [b2d03dd6-1, L:/127.0.0.1:51949 - R:/127.0.0.1:51950] Writing "128. foo bar"
17:48:11.436 [Test worker] DEBUG o.s.w.c.RestTemplate - Reading to [java.lang.String] as "text/plain;charset=UTF-8"
17:48:11.439 [reactor-http-nio-10] DEBUG o.s.c.c.CharSequenceEncoder - [b2d03dd6-1, L:/127.0.0.1:51949 - R:/127.0.0.1:51950] Writing "129. foo bar"
17:48:11.439 [reactor-http-nio-10] DEBUG o.s.c.c.CharSequenceEncoder - [b2d03dd6-1, L:/127.0.0.1:51949 - R:/127.0.0.1:51950] Writing "130. foo bar"
17:48:11.439 [reactor-http-nio-10] DEBUG o.s.c.c.CharSequenceEncoder - [b2d03dd6-1, L:/127.0.0.1:51949 - R:/127.0.0.1:51950] Writing "131. foo bar"
17:48:11.439 [reactor-http-nio-10] DEBUG o.s.c.c.CharSequenceEncoder - [b2d03dd6-1, L:/127.0.0.1:51949 - R:/127.0.0.1:51950] Writing "132. foo bar"
17:48:11.439 [reactor-http-nio-10] DEBUG o.s.c.c.CharSequenceEncoder - [b2d03dd6-1, L:/127.0.0.1:51949 - R:/127.0.0.1:51950] Writing "133. foo bar"
17:48:11.439 [reactor-http-nio-10] DEBUG o.s.c.c.CharSequenceEncoder - [b2d03dd6-1, L:/127.0.0.1:51949 - R:/127.0.0.1:51950] Writing "134. foo bar"
17:48:11.439 [reactor-http-nio-10] DEBUG o.s.c.c.CharSequenceEncoder - [b2d03dd6-1, L:/127.0.0.1:51949 - R:/127.0.0.1:51950] Writing "135. foo bar"
17:48:11.439 [reactor-http-nio-10] DEBUG o.s.c.c.CharSequenceEncoder - [b2d03dd6-1, L:/127.0.0.1:51949 - R:/127.0.0.1:51950] Writing "136. foo bar"
17:48:11.439 [reactor-http-nio-10] DEBUG o.s.c.c.CharSequenceEncoder - [b2d03dd6-1, L:/127.0.0.1:51949 - R:/127.0.0.1:51950] Writing "137. foo bar"
17:48:11.439 [reactor-http-nio-10] DEBUG o.s.c.c.CharSequenceEncoder - [b2d03dd6-1, L:/127.0.0.1:51949 - R:/127.0.0.1:51950] Writing "138. foo bar"
17:48:11.439 [reactor-http-nio-10] DEBUG o.s.c.c.CharSequenceEncoder - [b2d03dd6-1, L:/127.0.0.1:51949 - R:/127.0.0.1:51950] Writing "139. foo bar"
17:48:11.439 [reactor-http-nio-10] DEBUG o.s.c.c.CharSequenceEncoder - [b2d03dd6-1, L:/127.0.0.1:51949 - R:/127.0.0.1:51950] Writing "140. foo bar"
17:48:11.439 [reactor-http-nio-10] DEBUG o.s.c.c.CharSequenceEncoder - [b2d03dd6-1, L:/127.0.0.1:51949 - R:/127.0.0.1:51950] Writing "141. foo bar"
17:48:11.439 [reactor-http-nio-10] DEBUG o.s.c.c.CharSequenceEncoder - [b2d03dd6-1, L:/127.0.0.1:51949 - R:/127.0.0.1:51950] Writing "142. foo bar"
17:48:11.439 [reactor-http-nio-10] DEBUG o.s.c.c.CharSequenceEncoder - [b2d03dd6-1, L:/127.0.0.1:51949 - R:/127.0.0.1:51950] Writing "143. foo bar"
17:48:11.439 [reactor-http-nio-10] DEBUG o.s.c.c.CharSequenceEncoder - [b2d03dd6-1, L:/127.0.0.1:51949 - R:/127.0.0.1:51950] Writing "144. foo bar"
17:48:11.439 [reactor-http-nio-10] DEBUG o.s.c.c.CharSequenceEncoder - [b2d03dd6-1, L:/127.0.0.1:51949 - R:/127.0.0.1:51950] Writing "145. foo bar"
17:48:11.440 [reactor-http-nio-10] DEBUG o.s.c.c.CharSequenceEncoder - [b2d03dd6-1, L:/127.0.0.1:51949 - R:/127.0.0.1:51950] Writing "146. foo bar"
17:48:11.440 [reactor-http-nio-10] DEBUG o.s.c.c.CharSequenceEncoder - [b2d03dd6-1, L:/127.0.0.1:51949 - R:/127.0.0.1:51950] Writing "147. foo bar"
17:48:11.440 [reactor-http-nio-10] DEBUG o.s.c.c.CharSequenceEncoder - [b2d03dd6-1, L:/127.0.0.1:51949 - R:/127.0.0.1:51950] Writing "148. foo bar"
17:48:11.440 [reactor-http-nio-10] DEBUG o.s.c.c.CharSequenceEncoder - [b2d03dd6-1, L:/127.0.0.1:51949 - R:/127.0.0.1:51950] Writing "149. foo bar"
17:48:11.440 [reactor-http-nio-10] DEBUG o.s.c.c.CharSequenceEncoder - [b2d03dd6-1, L:/127.0.0.1:51949 - R:/127.0.0.1:51950] Writing "150. foo bar"
17:48:11.440 [reactor-http-nio-10] DEBUG o.s.c.c.CharSequenceEncoder - [b2d03dd6-1, L:/127.0.0.1:51949 - R:/127.0.0.1:51950] Writing "151. foo bar"
17:48:11.440 [reactor-http-nio-10] DEBUG o.s.c.c.CharSequenceEncoder - [b2d03dd6-1, L:/127.0.0.1:51949 - R:/127.0.0.1:51950] Writing "152. foo bar"
17:48:11.440 [reactor-http-nio-10] DEBUG o.s.c.c.CharSequenceEncoder - [b2d03dd6-1, L:/127.0.0.1:51949 - R:/127.0.0.1:51950] Writing "153. foo bar"
17:48:11.440 [reactor-http-nio-10] DEBUG o.s.c.c.CharSequenceEncoder - [b2d03dd6-1, L:/127.0.0.1:51949 - R:/127.0.0.1:51950] Writing "154. foo bar"
17:48:11.440 [reactor-http-nio-10] DEBUG o.s.c.c.CharSequenceEncoder - [b2d03dd6-1, L:/127.0.0.1:51949 - R:/127.0.0.1:51950] Writing "155. foo bar"
17:48:11.440 [reactor-http-nio-10] DEBUG o.s.c.c.CharSequenceEncoder - [b2d03dd6-1, L:/127.0.0.1:51949 - R:/127.0.0.1:51950] Writing "156. foo bar"
17:48:11.440 [reactor-http-nio-10] DEBUG o.s.c.c.CharSequenceEncoder - [b2d03dd6-1, L:/127.0.0.1:51949 - R:/127.0.0.1:51950] Writing "157. foo bar"
17:48:11.440 [reactor-http-nio-10] DEBUG o.s.c.c.CharSequenceEncoder - [b2d03dd6-1, L:/127.0.0.1:51949 - R:/127.0.0.1:51950] Writing "158. foo bar"
17:48:11.440 [reactor-http-nio-10] DEBUG o.s.c.c.CharSequenceEncoder - [b2d03dd6-1, L:/127.0.0.1:51949 - R:/127.0.0.1:51950] Writing "159. foo bar"
17:48:11.440 [reactor-http-nio-10] DEBUG o.s.c.c.CharSequenceEncoder - [b2d03dd6-1, L:/127.0.0.1:51949 - R:/127.0.0.1:51950] Writing "160. foo bar"
17:48:11.440 [reactor-http-nio-10] DEBUG o.s.c.c.CharSequenceEncoder - [b2d03dd6-1, L:/127.0.0.1:51949 - R:/127.0.0.1:51950] Writing "161. foo bar"
17:48:11.440 [reactor-http-nio-10] DEBUG o.s.c.c.CharSequenceEncoder - [b2d03dd6-1, L:/127.0.0.1:51949 - R:/127.0.0.1:51950] Writing "162. foo bar"
17:48:11.440 [reactor-http-nio-10] DEBUG o.s.c.c.CharSequenceEncoder - [b2d03dd6-1, L:/127.0.0.1:51949 - R:/127.0.0.1:51950] Writing "163. foo bar"
17:48:11.440 [reactor-http-nio-10] DEBUG o.s.c.c.CharSequenceEncoder - [b2d03dd6-1, L:/127.0.0.1:51949 - R:/127.0.0.1:51950] Writing "164. foo bar"
17:48:11.440 [reactor-http-nio-10] DEBUG o.s.c.c.CharSequenceEncoder - [b2d03dd6-1, L:/127.0.0.1:51949 - R:/127.0.0.1:51950] Writing "165. foo bar"
17:48:11.440 [reactor-http-nio-10] DEBUG o.s.c.c.CharSequenceEncoder - [b2d03dd6-1, L:/127.0.0.1:51949 - R:/127.0.0.1:51950] Writing "166. foo bar"
17:48:11.440 [reactor-http-nio-10] DEBUG o.s.c.c.CharSequenceEncoder - [b2d03dd6-1, L:/127.0.0.1:51949 - R:/127.0.0.1:51950] Writing "167. foo bar"
17:48:11.440 [reactor-http-nio-10] DEBUG o.s.c.c.CharSequenceEncoder - [b2d03dd6-1, L:/127.0.0.1:51949 - R:/127.0.0.1:51950] Writing "168. foo bar"
17:48:11.441 [reactor-http-nio-10] DEBUG o.s.c.c.CharSequenceEncoder - [b2d03dd6-1, L:/127.0.0.1:51949 - R:/127.0.0.1:51950] Writing "169. foo bar"
17:48:11.441 [reactor-http-nio-10] DEBUG o.s.c.c.CharSequenceEncoder - [b2d03dd6-1, L:/127.0.0.1:51949 - R:/127.0.0.1:51950] Writing "170. foo bar"
17:48:11.441 [reactor-http-nio-10] DEBUG o.s.c.c.CharSequenceEncoder - [b2d03dd6-1, L:/127.0.0.1:51949 - R:/127.0.0.1:51950] Writing "171. foo bar"
17:48:11.441 [reactor-http-nio-10] DEBUG o.s.c.c.CharSequenceEncoder - [b2d03dd6-1, L:/127.0.0.1:51949 - R:/127.0.0.1:51950] Writing "172. foo bar"
17:48:11.441 [reactor-http-nio-10] DEBUG o.s.c.c.CharSequenceEncoder - [b2d03dd6-1, L:/127.0.0.1:51949 - R:/127.0.0.1:51950] Writing "173. foo bar"
17:48:11.441 [reactor-http-nio-10] DEBUG o.s.c.c.CharSequenceEncoder - [b2d03dd6-1, L:/127.0.0.1:51949 - R:/127.0.0.1:51950] Writing "174. foo bar"
17:48:11.441 [reactor-http-nio-10] DEBUG o.s.c.c.CharSequenceEncoder - [b2d03dd6-1, L:/127.0.0.1:51949 - R:/127.0.0.1:51950] Writing "175. foo bar"
17:48:11.441 [reactor-http-nio-10] DEBUG o.s.c.c.CharSequenceEncoder - [b2d03dd6-1, L:/127.0.0.1:51949 - R:/127.0.0.1:51950] Writing "176. foo bar"
17:48:11.441 [reactor-http-nio-10] DEBUG o.s.c.c.CharSequenceEncoder - [b2d03dd6-1, L:/127.0.0.1:51949 - R:/127.0.0.1:51950] Writing "177. foo bar"
17:48:11.441 [reactor-http-nio-10] DEBUG o.s.c.c.CharSequenceEncoder - [b2d03dd6-1, L:/127.0.0.1:51949 - R:/127.0.0.1:51950] Writing "178. foo bar"
17:48:11.441 [reactor-http-nio-10] DEBUG o.s.c.c.CharSequenceEncoder - [b2d03dd6-1, L:/127.0.0.1:51949 - R:/127.0.0.1:51950] Writing "179. foo bar"
17:48:11.441 [reactor-http-nio-10] DEBUG o.s.c.c.CharSequenceEncoder - [b2d03dd6-1, L:/127.0.0.1:51949 - R:/127.0.0.1:51950] Writing "180. foo bar"
17:48:11.441 [reactor-http-nio-10] DEBUG o.s.c.c.CharSequenceEncoder - [b2d03dd6-1, L:/127.0.0.1:51949 - R:/127.0.0.1:51950] Writing "181. foo bar"
17:48:11.441 [reactor-http-nio-10] DEBUG o.s.c.c.CharSequenceEncoder - [b2d03dd6-1, L:/127.0.0.1:51949 - R:/127.0.0.1:51950] Writing "182. foo bar"
17:48:11.441 [reactor-http-nio-10] DEBUG o.s.c.c.CharSequenceEncoder - [b2d03dd6-1, L:/127.0.0.1:51949 - R:/127.0.0.1:51950] Writing "183. foo bar"
17:48:11.441 [reactor-http-nio-10] DEBUG o.s.c.c.CharSequenceEncoder - [b2d03dd6-1, L:/127.0.0.1:51949 - R:/127.0.0.1:51950] Writing "184. foo bar"
17:48:11.441 [reactor-http-nio-10] DEBUG o.s.c.c.CharSequenceEncoder - [b2d03dd6-1, L:/127.0.0.1:51949 - R:/127.0.0.1:51950] Writing "185. foo bar"
17:48:11.441 [reactor-http-nio-10] DEBUG o.s.c.c.CharSequenceEncoder - [b2d03dd6-1, L:/127.0.0.1:51949 - R:/127.0.0.1:51950] Writing "186. foo bar"
17:48:11.441 [reactor-http-nio-10] DEBUG o.s.c.c.CharSequenceEncoder - [b2d03dd6-1, L:/127.0.0.1:51949 - R:/127.0.0.1:51950] Writing "187. foo bar"
17:48:11.441 [reactor-http-nio-10] DEBUG o.s.c.c.CharSequenceEncoder - [b2d03dd6-1, L:/127.0.0.1:51949 - R:/127.0.0.1:51950] Writing "188. foo bar"
17:48:11.441 [reactor-http-nio-10] DEBUG o.s.c.c.CharSequenceEncoder - [b2d03dd6-1, L:/127.0.0.1:51949 - R:/127.0.0.1:51950] Writing "189. foo bar"
17:48:11.442 [reactor-http-nio-10] DEBUG o.s.c.c.CharSequenceEncoder - [b2d03dd6-1, L:/127.0.0.1:51949 - R:/127.0.0.1:51950] Writing "190. foo bar"
17:48:11.442 [reactor-http-nio-10] DEBUG o.s.c.c.CharSequenceEncoder - [b2d03dd6-1, L:/127.0.0.1:51949 - R:/127.0.0.1:51950] Writing "191. foo bar"
17:48:11.442 [reactor-http-nio-10] DEBUG o.s.c.c.CharSequenceEncoder - [b2d03dd6-1, L:/127.0.0.1:51949 - R:/127.0.0.1:51950] Writing "192. foo bar"
17:48:11.450 [reactor-http-nio-10] DEBUG o.s.c.c.CharSequenceEncoder - [b2d03dd6-1, L:/127.0.0.1:51949 - R:/127.0.0.1:51950] Writing "193. foo bar"
17:48:11.451 [reactor-http-nio-10] DEBUG o.s.c.c.CharSequenceEncoder - [b2d03dd6-1, L:/127.0.0.1:51949 - R:/127.0.0.1:51950] Writing "194. foo bar"
17:48:11.451 [reactor-http-nio-10] DEBUG o.s.c.c.CharSequenceEncoder - [b2d03dd6-1, L:/127.0.0.1:51949 - R:/127.0.0.1:51950] Writing "195. foo bar"
17:48:11.451 [reactor-http-nio-10] DEBUG o.s.c.c.CharSequenceEncoder - [b2d03dd6-1, L:/127.0.0.1:51949 - R:/127.0.0.1:51950] Writing "196. foo bar"
17:48:11.451 [reactor-http-nio-10] DEBUG o.s.c.c.CharSequenceEncoder - [b2d03dd6-1, L:/127.0.0.1:51949 - R:/127.0.0.1:51950] Writing "197. foo bar"
17:48:11.451 [reactor-http-nio-10] DEBUG o.s.c.c.CharSequenceEncoder - [b2d03dd6-1, L:/127.0.0.1:51949 - R:/127.0.0.1:51950] Writing "198. foo bar"
17:48:11.451 [reactor-http-nio-10] DEBUG o.s.c.c.CharSequenceEncoder - [b2d03dd6-1, L:/127.0.0.1:51949 - R:/127.0.0.1:51950] Writing "199. foo bar"
17:48:11.451 [reactor-http-nio-10] DEBUG o.s.c.c.CharSequenceEncoder - [b2d03dd6-1, L:/127.0.0.1:51949 - R:/127.0.0.1:51950] Writing "200. foo bar"
17:48:11.451 [reactor-http-nio-10] DEBUG o.s.c.c.CharSequenceEncoder - [b2d03dd6-1, L:/127.0.0.1:51949 - R:/127.0.0.1:51950] Writing "201. foo bar"
17:48:11.451 [reactor-http-nio-10] DEBUG o.s.c.c.CharSequenceEncoder - [b2d03dd6-1, L:/127.0.0.1:51949 - R:/127.0.0.1:51950] Writing "202. foo bar"
17:48:11.451 [reactor-http-nio-10] DEBUG o.s.c.c.CharSequenceEncoder - [b2d03dd6-1, L:/127.0.0.1:51949 - R:/127.0.0.1:51950] Writing "203. foo bar"
17:48:11.452 [reactor-http-nio-10] DEBUG o.s.c.c.CharSequenceEncoder - [b2d03dd6-1, L:/127.0.0.1:51949 - R:/127.0.0.1:51950] Writing "204. foo bar"
17:48:11.452 [reactor-http-nio-10] DEBUG o.s.c.c.CharSequenceEncoder - [b2d03dd6-1, L:/127.0.0.1:51949 - R:/127.0.0.1:51950] Writing "205. foo bar"
17:48:11.452 [reactor-http-nio-10] DEBUG o.s.c.c.CharSequenceEncoder - [b2d03dd6-1, L:/127.0.0.1:51949 - R:/127.0.0.1:51950] Writing "206. foo bar"
17:48:11.452 [reactor-http-nio-10] DEBUG o.s.c.c.CharSequenceEncoder - [b2d03dd6-1, L:/127.0.0.1:51949 - R:/127.0.0.1:51950] Writing "207. foo bar"
17:48:11.452 [reactor-http-nio-10] DEBUG o.s.c.c.CharSequenceEncoder - [b2d03dd6-1, L:/127.0.0.1:51949 - R:/127.0.0.1:51950] Writing "208. foo bar"
17:48:11.452 [reactor-http-nio-10] DEBUG o.s.c.c.CharSequenceEncoder - [b2d03dd6-1, L:/127.0.0.1:51949 - R:/127.0.0.1:51950] Writing "209. foo bar"
17:48:11.452 [reactor-http-nio-10] DEBUG o.s.c.c.CharSequenceEncoder - [b2d03dd6-1, L:/127.0.0.1:51949 - R:/127.0.0.1:51950] Writing "210. foo bar"
17:48:11.452 [reactor-http-nio-10] DEBUG o.s.c.c.CharSequenceEncoder - [b2d03dd6-1, L:/127.0.0.1:51949 - R:/127.0.0.1:51950] Writing "211. foo bar"
17:48:11.452 [reactor-http-nio-10] DEBUG o.s.c.c.CharSequenceEncoder - [b2d03dd6-1, L:/127.0.0.1:51949 - R:/127.0.0.1:51950] Writing "212. foo bar"
17:48:11.452 [reactor-http-nio-10] DEBUG o.s.c.c.CharSequenceEncoder - [b2d03dd6-1, L:/127.0.0.1:51949 - R:/127.0.0.1:51950] Writing "213. foo bar"
17:48:11.452 [reactor-http-nio-10] DEBUG o.s.c.c.CharSequenceEncoder - [b2d03dd6-1, L:/127.0.0.1:51949 - R:/127.0.0.1:51950] Writing "214. foo bar"
17:48:11.452 [reactor-http-nio-10] DEBUG o.s.c.c.CharSequenceEncoder - [b2d03dd6-1, L:/127.0.0.1:51949 - R:/127.0.0.1:51950] Writing "215. foo bar"
17:48:11.452 [reactor-http-nio-10] DEBUG o.s.c.c.CharSequenceEncoder - [b2d03dd6-1, L:/127.0.0.1:51949 - R:/127.0.0.1:51950] Writing "216. foo bar"
17:48:11.452 [reactor-http-nio-10] DEBUG o.s.c.c.CharSequenceEncoder - [b2d03dd6-1, L:/127.0.0.1:51949 - R:/127.0.0.1:51950] Writing "217. foo bar"
17:48:11.453 [reactor-http-nio-10] DEBUG o.s.c.c.CharSequenceEncoder - [b2d03dd6-1, L:/127.0.0.1:51949 - R:/127.0.0.1:51950] Writing "218. foo bar"
17:48:11.453 [reactor-http-nio-10] DEBUG o.s.c.c.CharSequenceEncoder - [b2d03dd6-1, L:/127.0.0.1:51949 - R:/127.0.0.1:51950] Writing "219. foo bar"
17:48:11.453 [reactor-http-nio-10] DEBUG o.s.c.c.CharSequenceEncoder - [b2d03dd6-1, L:/127.0.0.1:51949 - R:/127.0.0.1:51950] Writing "220. foo bar"
17:48:11.453 [reactor-http-nio-10] DEBUG o.s.c.c.CharSequenceEncoder - [b2d03dd6-1, L:/127.0.0.1:51949 - R:/127.0.0.1:51950] Writing "221. foo bar"
17:48:11.453 [reactor-http-nio-10] DEBUG o.s.c.c.CharSequenceEncoder - [b2d03dd6-1, L:/127.0.0.1:51949 - R:/127.0.0.1:51950] Writing "222. foo bar"
17:48:11.453 [reactor-http-nio-10] DEBUG o.s.c.c.CharSequenceEncoder - [b2d03dd6-1, L:/127.0.0.1:51949 - R:/127.0.0.1:51950] Writing "223. foo bar"
17:48:11.453 [reactor-http-nio-10] DEBUG o.s.c.c.CharSequenceEncoder - [b2d03dd6-1, L:/127.0.0.1:51949 - R:/127.0.0.1:51950] Writing "224. foo bar"
17:48:11.453 [reactor-http-nio-10] DEBUG o.s.c.c.CharSequenceEncoder - [b2d03dd6-1, L:/127.0.0.1:51949 - R:/127.0.0.1:51950] Writing "225. foo bar"
17:48:11.453 [reactor-http-nio-10] DEBUG o.s.c.c.CharSequenceEncoder - [b2d03dd6-1, L:/127.0.0.1:51949 - R:/127.0.0.1:51950] Writing "226. foo bar"
17:48:11.453 [reactor-http-nio-10] DEBUG o.s.c.c.CharSequenceEncoder - [b2d03dd6-1, L:/127.0.0.1:51949 - R:/127.0.0.1:51950] Writing "227. foo bar"
17:48:11.453 [reactor-http-nio-10] DEBUG o.s.c.c.CharSequenceEncoder - [b2d03dd6-1, L:/127.0.0.1:51949 - R:/127.0.0.1:51950] Writing "228. foo bar"
17:48:11.453 [reactor-http-nio-10] DEBUG o.s.c.c.CharSequenceEncoder - [b2d03dd6-1, L:/127.0.0.1:51949 - R:/127.0.0.1:51950] Writing "229. foo bar"
17:48:11.454 [reactor-http-nio-10] DEBUG o.s.c.c.CharSequenceEncoder - [b2d03dd6-1, L:/127.0.0.1:51949 - R:/127.0.0.1:51950] Writing "230. foo bar"
17:48:11.454 [reactor-http-nio-10] DEBUG o.s.c.c.CharSequenceEncoder - [b2d03dd6-1, L:/127.0.0.1:51949 - R:/127.0.0.1:51950] Writing "231. foo bar"
17:48:11.454 [reactor-http-nio-10] DEBUG o.s.c.c.CharSequenceEncoder - [b2d03dd6-1, L:/127.0.0.1:51949 - R:/127.0.0.1:51950] Writing "232. foo bar"
17:48:11.454 [reactor-http-nio-10] DEBUG o.s.c.c.CharSequenceEncoder - [b2d03dd6-1, L:/127.0.0.1:51949 - R:/127.0.0.1:51950] Writing "233. foo bar"
17:48:11.454 [reactor-http-nio-10] DEBUG o.s.c.c.CharSequenceEncoder - [b2d03dd6-1, L:/127.0.0.1:51949 - R:/127.0.0.1:51950] Writing "234. foo bar"
17:48:11.454 [reactor-http-nio-10] DEBUG o.s.c.c.CharSequenceEncoder - [b2d03dd6-1, L:/127.0.0.1:51949 - R:/127.0.0.1:51950] Writing "235. foo bar"
17:48:11.454 [reactor-http-nio-10] DEBUG o.s.c.c.CharSequenceEncoder - [b2d03dd6-1, L:/127.0.0.1:51949 - R:/127.0.0.1:51950] Writing "236. foo bar"
17:48:11.454 [reactor-http-nio-10] DEBUG o.s.c.c.CharSequenceEncoder - [b2d03dd6-1, L:/127.0.0.1:51949 - R:/127.0.0.1:51950] Writing "237. foo bar"
17:48:11.454 [reactor-http-nio-10] DEBUG o.s.c.c.CharSequenceEncoder - [b2d03dd6-1, L:/127.0.0.1:51949 - R:/127.0.0.1:51950] Writing "238. foo bar"
17:48:11.454 [reactor-http-nio-10] DEBUG o.s.c.c.CharSequenceEncoder - [b2d03dd6-1, L:/127.0.0.1:51949 - R:/127.0.0.1:51950] Writing "239. foo bar"
17:48:11.454 [reactor-http-nio-10] DEBUG o.s.c.c.CharSequenceEncoder - [b2d03dd6-1, L:/127.0.0.1:51949 - R:/127.0.0.1:51950] Writing "240. foo bar"
17:48:11.454 [reactor-http-nio-10] DEBUG o.s.c.c.CharSequenceEncoder - [b2d03dd6-1, L:/127.0.0.1:51949 - R:/127.0.0.1:51950] Writing "241. foo bar"
17:48:11.454 [reactor-http-nio-10] DEBUG o.s.c.c.CharSequenceEncoder - [b2d03dd6-1, L:/127.0.0.1:51949 - R:/127.0.0.1:51950] Writing "242. foo bar"
17:48:11.454 [reactor-http-nio-10] DEBUG o.s.c.c.CharSequenceEncoder - [b2d03dd6-1, L:/127.0.0.1:51949 - R:/127.0.0.1:51950] Writing "243. foo bar"
17:48:11.455 [reactor-http-nio-10] DEBUG o.s.c.c.CharSequenceEncoder - [b2d03dd6-1, L:/127.0.0.1:51949 - R:/127.0.0.1:51950] Writing "244. foo bar"
17:48:11.455 [reactor-http-nio-10] DEBUG o.s.c.c.CharSequenceEncoder - [b2d03dd6-1, L:/127.0.0.1:51949 - R:/127.0.0.1:51950] Writing "245. foo bar"
17:48:11.455 [reactor-http-nio-10] DEBUG o.s.c.c.CharSequenceEncoder - [b2d03dd6-1, L:/127.0.0.1:51949 - R:/127.0.0.1:51950] Writing "246. foo bar"
17:48:11.455 [reactor-http-nio-10] DEBUG o.s.c.c.CharSequenceEncoder - [b2d03dd6-1, L:/127.0.0.1:51949 - R:/127.0.0.1:51950] Writing "247. foo bar"
17:48:11.455 [reactor-http-nio-10] DEBUG o.s.c.c.CharSequenceEncoder - [b2d03dd6-1, L:/127.0.0.1:51949 - R:/127.0.0.1:51950] Writing "248. foo bar"
17:48:11.455 [reactor-http-nio-10] DEBUG o.s.c.c.CharSequenceEncoder - [b2d03dd6-1, L:/127.0.0.1:51949 - R:/127.0.0.1:51950] Writing "249. foo bar"
17:48:11.455 [reactor-http-nio-10] DEBUG o.s.c.c.CharSequenceEncoder - [b2d03dd6-1, L:/127.0.0.1:51949 - R:/127.0.0.1:51950] Writing "250. foo bar"
17:48:11.455 [reactor-http-nio-10] DEBUG o.s.c.c.CharSequenceEncoder - [b2d03dd6-1, L:/127.0.0.1:51949 - R:/127.0.0.1:51950] Writing "251. foo bar"
17:48:11.455 [reactor-http-nio-10] DEBUG o.s.c.c.CharSequenceEncoder - [b2d03dd6-1, L:/127.0.0.1:51949 - R:/127.0.0.1:51950] Writing "252. foo bar"
17:48:11.455 [reactor-http-nio-10] DEBUG o.s.c.c.CharSequenceEncoder - [b2d03dd6-1, L:/127.0.0.1:51949 - R:/127.0.0.1:51950] Writing "253. foo bar"
17:48:11.456 [reactor-http-nio-10] DEBUG o.s.c.c.CharSequenceEncoder - [b2d03dd6-1, L:/127.0.0.1:51949 - R:/127.0.0.1:51950] Writing "254. foo bar"
17:48:11.456 [reactor-http-nio-10] DEBUG o.s.c.c.CharSequenceEncoder - [b2d03dd6-1, L:/127.0.0.1:51949 - R:/127.0.0.1:51950] Writing "255. foo bar"
17:48:11.456 [reactor-http-nio-10] DEBUG o.s.c.c.CharSequenceEncoder - [b2d03dd6-1, L:/127.0.0.1:51949 - R:/127.0.0.1:51950] Writing "256. foo bar"
17:48:11.471 [reactor-http-nio-10] DEBUG o.s.c.c.CharSequenceEncoder - [b2d03dd6-1, L:/127.0.0.1:51949 - R:/127.0.0.1:51950] Writing "257. foo bar"
17:48:11.471 [reactor-http-nio-10] DEBUG o.s.c.c.CharSequenceEncoder - [b2d03dd6-1, L:/127.0.0.1:51949 - R:/127.0.0.1:51950] Writing "258. foo bar"
17:48:11.471 [reactor-http-nio-10] DEBUG o.s.c.c.CharSequenceEncoder - [b2d03dd6-1, L:/127.0.0.1:51949 - R:/127.0.0.1:51950] Writing "259. foo bar"
17:48:11.472 [reactor-http-nio-10] DEBUG o.s.c.c.CharSequenceEncoder - [b2d03dd6-1, L:/127.0.0.1:51949 - R:/127.0.0.1:51950] Writing "260. foo bar"
17:48:11.472 [reactor-http-nio-10] DEBUG o.s.c.c.CharSequenceEncoder - [b2d03dd6-1, L:/127.0.0.1:51949 - R:/127.0.0.1:51950] Writing "261. foo bar"
17:48:11.472 [reactor-http-nio-10] DEBUG o.s.c.c.CharSequenceEncoder - [b2d03dd6-1, L:/127.0.0.1:51949 - R:/127.0.0.1:51950] Writing "262. foo bar"
17:48:11.472 [reactor-http-nio-10] DEBUG o.s.c.c.CharSequenceEncoder - [b2d03dd6-1, L:/127.0.0.1:51949 - R:/127.0.0.1:51950] Writing "263. foo bar"
17:48:11.472 [reactor-http-nio-10] DEBUG o.s.c.c.CharSequenceEncoder - [b2d03dd6-1, L:/127.0.0.1:51949 - R:/127.0.0.1:51950] Writing "264. foo bar"
17:48:11.472 [reactor-http-nio-10] DEBUG o.s.c.c.CharSequenceEncoder - [b2d03dd6-1, L:/127.0.0.1:51949 - R:/127.0.0.1:51950] Writing "265. foo bar"
17:48:11.472 [reactor-http-nio-10] DEBUG o.s.c.c.CharSequenceEncoder - [b2d03dd6-1, L:/127.0.0.1:51949 - R:/127.0.0.1:51950] Writing "266. foo bar"
17:48:11.472 [reactor-http-nio-10] DEBUG o.s.c.c.CharSequenceEncoder - [b2d03dd6-1, L:/127.0.0.1:51949 - R:/127.0.0.1:51950] Writing "267. foo bar"
17:48:11.472 [reactor-http-nio-10] DEBUG o.s.c.c.CharSequenceEncoder - [b2d03dd6-1, L:/127.0.0.1:51949 - R:/127.0.0.1:51950] Writing "268. foo bar"
17:48:11.472 [reactor-http-nio-10] DEBUG o.s.c.c.CharSequenceEncoder - [b2d03dd6-1, L:/127.0.0.1:51949 - R:/127.0.0.1:51950] Writing "269. foo bar"
17:48:11.472 [reactor-http-nio-10] DEBUG o.s.c.c.CharSequenceEncoder - [b2d03dd6-1, L:/127.0.0.1:51949 - R:/127.0.0.1:51950] Writing "270. foo bar"
17:48:11.472 [reactor-http-nio-10] DEBUG o.s.c.c.CharSequenceEncoder - [b2d03dd6-1, L:/127.0.0.1:51949 - R:/127.0.0.1:51950] Writing "271. foo bar"
17:48:11.472 [reactor-http-nio-10] DEBUG o.s.c.c.CharSequenceEncoder - [b2d03dd6-1, L:/127.0.0.1:51949 - R:/127.0.0.1:51950] Writing "272. foo bar"
17:48:11.472 [reactor-http-nio-10] DEBUG o.s.c.c.CharSequenceEncoder - [b2d03dd6-1, L:/127.0.0.1:51949 - R:/127.0.0.1:51950] Writing "273. foo bar"
17:48:11.472 [reactor-http-nio-10] DEBUG o.s.c.c.CharSequenceEncoder - [b2d03dd6-1, L:/127.0.0.1:51949 - R:/127.0.0.1:51950] Writing "274. foo bar"
17:48:11.472 [reactor-http-nio-10] DEBUG o.s.c.c.CharSequenceEncoder - [b2d03dd6-1, L:/127.0.0.1:51949 - R:/127.0.0.1:51950] Writing "275. foo bar"
17:48:11.472 [reactor-http-nio-10] DEBUG o.s.c.c.CharSequenceEncoder - [b2d03dd6-1, L:/127.0.0.1:51949 - R:/127.0.0.1:51950] Writing "276. foo bar"
17:48:11.472 [reactor-http-nio-10] DEBUG o.s.c.c.CharSequenceEncoder - [b2d03dd6-1, L:/127.0.0.1:51949 - R:/127.0.0.1:51950] Writing "277. foo bar"
17:48:11.472 [reactor-http-nio-10] DEBUG o.s.c.c.CharSequenceEncoder - [b2d03dd6-1, L:/127.0.0.1:51949 - R:/127.0.0.1:51950] Writing "278. foo bar"
17:48:11.473 [reactor-http-nio-10] DEBUG o.s.c.c.CharSequenceEncoder - [b2d03dd6-1, L:/127.0.0.1:51949 - R:/127.0.0.1:51950] Writing "279. foo bar"
17:48:11.473 [reactor-http-nio-10] DEBUG o.s.c.c.CharSequenceEncoder - [b2d03dd6-1, L:/127.0.0.1:51949 - R:/127.0.0.1:51950] Writing "280. foo bar"
17:48:11.473 [reactor-http-nio-10] DEBUG o.s.c.c.CharSequenceEncoder - [b2d03dd6-1, L:/127.0.0.1:51949 - R:/127.0.0.1:51950] Writing "281. foo bar"
17:48:11.473 [reactor-http-nio-10] DEBUG o.s.c.c.CharSequenceEncoder - [b2d03dd6-1, L:/127.0.0.1:51949 - R:/127.0.0.1:51950] Writing "282. foo bar"
17:48:11.473 [reactor-http-nio-10] DEBUG o.s.c.c.CharSequenceEncoder - [b2d03dd6-1, L:/127.0.0.1:51949 - R:/127.0.0.1:51950] Writing "283. foo bar"
17:48:11.473 [reactor-http-nio-10] DEBUG o.s.c.c.CharSequenceEncoder - [b2d03dd6-1, L:/127.0.0.1:51949 - R:/127.0.0.1:51950] Writing "284. foo bar"
17:48:11.473 [reactor-http-nio-10] DEBUG o.s.c.c.CharSequenceEncoder - [b2d03dd6-1, L:/127.0.0.1:51949 - R:/127.0.0.1:51950] Writing "285. foo bar"
17:48:11.473 [reactor-http-nio-10] DEBUG o.s.c.c.CharSequenceEncoder - [b2d03dd6-1, L:/127.0.0.1:51949 - R:/127.0.0.1:51950] Writing "286. foo bar"
17:48:11.473 [reactor-http-nio-10] DEBUG o.s.c.c.CharSequenceEncoder - [b2d03dd6-1, L:/127.0.0.1:51949 - R:/127.0.0.1:51950] Writing "287. foo bar"
17:48:11.473 [reactor-http-nio-10] DEBUG o.s.c.c.CharSequenceEncoder - [b2d03dd6-1, L:/127.0.0.1:51949 - R:/127.0.0.1:51950] Writing "288. foo bar"
17:48:11.473 [reactor-http-nio-10] DEBUG o.s.c.c.CharSequenceEncoder - [b2d03dd6-1, L:/127.0.0.1:51949 - R:/127.0.0.1:51950] Writing "289. foo bar"
17:48:11.473 [reactor-http-nio-10] DEBUG o.s.c.c.CharSequenceEncoder - [b2d03dd6-1, L:/127.0.0.1:51949 - R:/127.0.0.1:51950] Writing "290. foo bar"
17:48:11.473 [reactor-http-nio-10] DEBUG o.s.c.c.CharSequenceEncoder - [b2d03dd6-1, L:/127.0.0.1:51949 - R:/127.0.0.1:51950] Writing "291. foo bar"
17:48:11.473 [reactor-http-nio-10] DEBUG o.s.c.c.CharSequenceEncoder - [b2d03dd6-1, L:/127.0.0.1:51949 - R:/127.0.0.1:51950] Writing "292. foo bar"
17:48:11.473 [reactor-http-nio-10] DEBUG o.s.c.c.CharSequenceEncoder - [b2d03dd6-1, L:/127.0.0.1:51949 - R:/127.0.0.1:51950] Writing "293. foo bar"
17:48:11.473 [reactor-http-nio-10] DEBUG o.s.c.c.CharSequenceEncoder - [b2d03dd6-1, L:/127.0.0.1:51949 - R:/127.0.0.1:51950] Writing "294. foo bar"
17:48:11.473 [reactor-http-nio-10] DEBUG o.s.c.c.CharSequenceEncoder - [b2d03dd6-1, L:/127.0.0.1:51949 - R:/127.0.0.1:51950] Writing "295. foo bar"
17:48:11.473 [reactor-http-nio-10] DEBUG o.s.c.c.CharSequenceEncoder - [b2d03dd6-1, L:/127.0.0.1:51949 - R:/127.0.0.1:51950] Writing "296. foo bar"
17:48:11.473 [reactor-http-nio-10] DEBUG o.s.c.c.CharSequenceEncoder - [b2d03dd6-1, L:/127.0.0.1:51949 - R:/127.0.0.1:51950] Writing "297. foo bar"
17:48:11.473 [reactor-http-nio-10] DEBUG o.s.c.c.CharSequenceEncoder - [b2d03dd6-1, L:/127.0.0.1:51949 - R:/127.0.0.1:51950] Writing "298. foo bar"
17:48:11.473 [reactor-http-nio-10] DEBUG o.s.c.c.CharSequenceEncoder - [b2d03dd6-1, L:/127.0.0.1:51949 - R:/127.0.0.1:51950] Writing "299. foo bar"
17:48:11.473 [reactor-http-nio-10] DEBUG o.s.c.c.CharSequenceEncoder - [b2d03dd6-1, L:/127.0.0.1:51949 - R:/127.0.0.1:51950] Writing "300. foo bar"
17:48:11.473 [reactor-http-nio-10] DEBUG o.s.c.c.CharSequenceEncoder - [b2d03dd6-1, L:/127.0.0.1:51949 - R:/127.0.0.1:51950] Writing "301. foo bar"
17:48:11.473 [reactor-http-nio-10] DEBUG o.s.c.c.CharSequenceEncoder - [b2d03dd6-1, L:/127.0.0.1:51949 - R:/127.0.0.1:51950] Writing "302. foo bar"
17:48:11.473 [reactor-http-nio-10] DEBUG o.s.c.c.CharSequenceEncoder - [b2d03dd6-1, L:/127.0.0.1:51949 - R:/127.0.0.1:51950] Writing "303. foo bar"
17:48:11.473 [reactor-http-nio-10] DEBUG o.s.c.c.CharSequenceEncoder - [b2d03dd6-1, L:/127.0.0.1:51949 - R:/127.0.0.1:51950] Writing "304. foo bar"
17:48:11.473 [reactor-http-nio-10] DEBUG o.s.c.c.CharSequenceEncoder - [b2d03dd6-1, L:/127.0.0.1:51949 - R:/127.0.0.1:51950] Writing "305. foo bar"
17:48:11.474 [reactor-http-nio-10] DEBUG o.s.c.c.CharSequenceEncoder - [b2d03dd6-1, L:/127.0.0.1:51949 - R:/127.0.0.1:51950] Writing "306. foo bar"
17:48:11.474 [reactor-http-nio-10] DEBUG o.s.c.c.CharSequenceEncoder - [b2d03dd6-1, L:/127.0.0.1:51949 - R:/127.0.0.1:51950] Writing "307. foo bar"
17:48:11.474 [reactor-http-nio-10] DEBUG o.s.c.c.CharSequenceEncoder - [b2d03dd6-1, L:/127.0.0.1:51949 - R:/127.0.0.1:51950] Writing "308. foo bar"
17:48:11.474 [reactor-http-nio-10] DEBUG o.s.c.c.CharSequenceEncoder - [b2d03dd6-1, L:/127.0.0.1:51949 - R:/127.0.0.1:51950] Writing "309. foo bar"
17:48:11.474 [reactor-http-nio-10] DEBUG o.s.c.c.CharSequenceEncoder - [b2d03dd6-1, L:/127.0.0.1:51949 - R:/127.0.0.1:51950] Writing "310. foo bar"
17:48:11.474 [reactor-http-nio-10] DEBUG o.s.c.c.CharSequenceEncoder - [b2d03dd6-1, L:/127.0.0.1:51949 - R:/127.0.0.1:51950] Writing "311. foo bar"
17:48:11.474 [reactor-http-nio-10] DEBUG o.s.c.c.CharSequenceEncoder - [b2d03dd6-1, L:/127.0.0.1:51949 - R:/127.0.0.1:51950] Writing "312. foo bar"
17:48:11.474 [reactor-http-nio-10] DEBUG o.s.c.c.CharSequenceEncoder - [b2d03dd6-1, L:/127.0.0.1:51949 - R:/127.0.0.1:51950] Writing "313. foo bar"
17:48:11.474 [reactor-http-nio-10] DEBUG o.s.c.c.CharSequenceEncoder - [b2d03dd6-1, L:/127.0.0.1:51949 - R:/127.0.0.1:51950] Writing "314. foo bar"
17:48:11.474 [reactor-http-nio-10] DEBUG o.s.c.c.CharSequenceEncoder - [b2d03dd6-1, L:/127.0.0.1:51949 - R:/127.0.0.1:51950] Writing "315. foo bar"
17:48:11.474 [reactor-http-nio-10] DEBUG o.s.c.c.CharSequenceEncoder - [b2d03dd6-1, L:/127.0.0.1:51949 - R:/127.0.0.1:51950] Writing "316. foo bar"
17:48:11.474 [reactor-http-nio-10] DEBUG o.s.c.c.CharSequenceEncoder - [b2d03dd6-1, L:/127.0.0.1:51949 - R:/127.0.0.1:51950] Writing "317. foo bar"
17:48:11.474 [reactor-http-nio-10] DEBUG o.s.c.c.CharSequenceEncoder - [b2d03dd6-1, L:/127.0.0.1:51949 - R:/127.0.0.1:51950] Writing "318. foo bar"
17:48:11.474 [reactor-http-nio-10] DEBUG o.s.c.c.CharSequenceEncoder - [b2d03dd6-1, L:/127.0.0.1:51949 - R:/127.0.0.1:51950] Writing "319. foo bar"
17:48:11.474 [reactor-http-nio-10] DEBUG o.s.c.c.CharSequenceEncoder - [b2d03dd6-1, L:/127.0.0.1:51949 - R:/127.0.0.1:51950] Writing "320. foo bar"
17:48:11.480 [reactor-http-nio-10] DEBUG o.s.c.c.CharSequenceEncoder - [b2d03dd6-1, L:/127.0.0.1:51949 - R:/127.0.0.1:51950] Writing "321. foo bar"
17:48:11.480 [reactor-http-nio-10] DEBUG o.s.c.c.CharSequenceEncoder - [b2d03dd6-1, L:/127.0.0.1:51949 - R:/127.0.0.1:51950] Writing "322. foo bar"
17:48:11.480 [reactor-http-nio-10] DEBUG o.s.c.c.CharSequenceEncoder - [b2d03dd6-1, L:/127.0.0.1:51949 - R:/127.0.0.1:51950] Writing "323. foo bar"
17:48:11.480 [reactor-http-nio-10] DEBUG o.s.c.c.CharSequenceEncoder - [b2d03dd6-1, L:/127.0.0.1:51949 - R:/127.0.0.1:51950] Writing "324. foo bar"
17:48:11.480 [reactor-http-nio-10] DEBUG o.s.c.c.CharSequenceEncoder - [b2d03dd6-1, L:/127.0.0.1:51949 - R:/127.0.0.1:51950] Writing "325. foo bar"
17:48:11.480 [reactor-http-nio-10] DEBUG o.s.c.c.CharSequenceEncoder - [b2d03dd6-1, L:/127.0.0.1:51949 - R:/127.0.0.1:51950] Writing "326. foo bar"
17:48:11.480 [reactor-http-nio-10] DEBUG o.s.c.c.CharSequenceEncoder - [b2d03dd6-1, L:/127.0.0.1:51949 - R:/127.0.0.1:51950] Writing "327. foo bar"
17:48:11.480 [reactor-http-nio-10] DEBUG o.s.c.c.CharSequenceEncoder - [b2d03dd6-1, L:/127.0.0.1:51949 - R:/127.0.0.1:51950] Writing "328. foo bar"
17:48:11.480 [reactor-http-nio-10] DEBUG o.s.c.c.CharSequenceEncoder - [b2d03dd6-1, L:/127.0.0.1:51949 - R:/127.0.0.1:51950] Writing "329. foo bar"
17:48:11.480 [reactor-http-nio-10] DEBUG o.s.c.c.CharSequenceEncoder - [b2d03dd6-1, L:/127.0.0.1:51949 - R:/127.0.0.1:51950] Writing "330. foo bar"
17:48:11.480 [reactor-http-nio-10] DEBUG o.s.c.c.CharSequenceEncoder - [b2d03dd6-1, L:/127.0.0.1:51949 - R:/127.0.0.1:51950] Writing "331. foo bar"
17:48:11.480 [reactor-http-nio-10] DEBUG o.s.c.c.CharSequenceEncoder - [b2d03dd6-1, L:/127.0.0.1:51949 - R:/127.0.0.1:51950] Writing "332. foo bar"
17:48:11.480 [reactor-http-nio-10] DEBUG o.s.c.c.CharSequenceEncoder - [b2d03dd6-1, L:/127.0.0.1:51949 - R:/127.0.0.1:51950] Writing "333. foo bar"
17:48:11.480 [reactor-http-nio-10] DEBUG o.s.c.c.CharSequenceEncoder - [b2d03dd6-1, L:/127.0.0.1:51949 - R:/127.0.0.1:51950] Writing "334. foo bar"
17:48:11.480 [reactor-http-nio-10] DEBUG o.s.c.c.CharSequenceEncoder - [b2d03dd6-1, L:/127.0.0.1:51949 - R:/127.0.0.1:51950] Writing "335. foo bar"
17:48:11.480 [reactor-http-nio-10] DEBUG o.s.c.c.CharSequenceEncoder - [b2d03dd6-1, L:/127.0.0.1:51949 - R:/127.0.0.1:51950] Writing "336. foo bar"
17:48:11.480 [reactor-http-nio-10] DEBUG o.s.c.c.CharSequenceEncoder - [b2d03dd6-1, L:/127.0.0.1:51949 - R:/127.0.0.1:51950] Writing "337. foo bar"
17:48:11.480 [reactor-http-nio-10] DEBUG o.s.c.c.CharSequenceEncoder - [b2d03dd6-1, L:/127.0.0.1:51949 - R:/127.0.0.1:51950] Writing "338. foo bar"
17:48:11.481 [reactor-http-nio-10] DEBUG o.s.c.c.CharSequenceEncoder - [b2d03dd6-1, L:/127.0.0.1:51949 - R:/127.0.0.1:51950] Writing "339. foo bar"
17:48:11.481 [reactor-http-nio-10] DEBUG o.s.c.c.CharSequenceEncoder - [b2d03dd6-1, L:/127.0.0.1:51949 - R:/127.0.0.1:51950] Writing "340. foo bar"
17:48:11.481 [reactor-http-nio-10] DEBUG o.s.c.c.CharSequenceEncoder - [b2d03dd6-1, L:/127.0.0.1:51949 - R:/127.0.0.1:51950] Writing "341. foo bar"
17:48:11.481 [reactor-http-nio-10] DEBUG o.s.c.c.CharSequenceEncoder - [b2d03dd6-1, L:/127.0.0.1:51949 - R:/127.0.0.1:51950] Writing "342. foo bar"
17:48:11.481 [reactor-http-nio-10] DEBUG o.s.c.c.CharSequenceEncoder - [b2d03dd6-1, L:/127.0.0.1:51949 - R:/127.0.0.1:51950] Writing "343. foo bar"
17:48:11.481 [reactor-http-nio-10] DEBUG o.s.c.c.CharSequenceEncoder - [b2d03dd6-1, L:/127.0.0.1:51949 - R:/127.0.0.1:51950] Writing "344. foo bar"
17:48:11.481 [reactor-http-nio-10] DEBUG o.s.c.c.CharSequenceEncoder - [b2d03dd6-1, L:/127.0.0.1:51949 - R:/127.0.0.1:51950] Writing "345. foo bar"
17:48:11.481 [reactor-http-nio-10] DEBUG o.s.c.c.CharSequenceEncoder - [b2d03dd6-1, L:/127.0.0.1:51949 - R:/127.0.0.1:51950] Writing "346. foo bar"
17:48:11.481 [reactor-http-nio-10] DEBUG o.s.c.c.CharSequenceEncoder - [b2d03dd6-1, L:/127.0.0.1:51949 - R:/127.0.0.1:51950] Writing "347. foo bar"
17:48:11.481 [reactor-http-nio-10] DEBUG o.s.c.c.CharSequenceEncoder - [b2d03dd6-1, L:/127.0.0.1:51949 - R:/127.0.0.1:51950] Writing "348. foo bar"
17:48:11.481 [reactor-http-nio-10] DEBUG o.s.c.c.CharSequenceEncoder - [b2d03dd6-1, L:/127.0.0.1:51949 - R:/127.0.0.1:51950] Writing "349. foo bar"
17:48:11.481 [reactor-http-nio-10] DEBUG o.s.c.c.CharSequenceEncoder - [b2d03dd6-1, L:/127.0.0.1:51949 - R:/127.0.0.1:51950] Writing "350. foo bar"
17:48:11.481 [reactor-http-nio-10] DEBUG o.s.c.c.CharSequenceEncoder - [b2d03dd6-1, L:/127.0.0.1:51949 - R:/127.0.0.1:51950] Writing "351. foo bar"
17:48:11.481 [reactor-http-nio-10] DEBUG o.s.c.c.CharSequenceEncoder - [b2d03dd6-1, L:/127.0.0.1:51949 - R:/127.0.0.1:51950] Writing "352. foo bar"
17:48:11.481 [reactor-http-nio-10] DEBUG o.s.c.c.CharSequenceEncoder - [b2d03dd6-1, L:/127.0.0.1:51949 - R:/127.0.0.1:51950] Writing "353. foo bar"
17:48:11.481 [reactor-http-nio-10] DEBUG o.s.c.c.CharSequenceEncoder - [b2d03dd6-1, L:/127.0.0.1:51949 - R:/127.0.0.1:51950] Writing "354. foo bar"
17:48:11.481 [reactor-http-nio-10] DEBUG o.s.c.c.CharSequenceEncoder - [b2d03dd6-1, L:/127.0.0.1:51949 - R:/127.0.0.1:51950] Writing "355. foo bar"
17:48:11.481 [reactor-http-nio-10] DEBUG o.s.c.c.CharSequenceEncoder - [b2d03dd6-1, L:/127.0.0.1:51949 - R:/127.0.0.1:51950] Writing "356. foo bar"
17:48:11.481 [reactor-http-nio-10] DEBUG o.s.c.c.CharSequenceEncoder - [b2d03dd6-1, L:/127.0.0.1:51949 - R:/127.0.0.1:51950] Writing "357. foo bar"
17:48:11.482 [reactor-http-nio-10] DEBUG o.s.c.c.CharSequenceEncoder - [b2d03dd6-1, L:/127.0.0.1:51949 - R:/127.0.0.1:51950] Writing "358. foo bar"
17:48:11.482 [reactor-http-nio-10] DEBUG o.s.c.c.CharSequenceEncoder - [b2d03dd6-1, L:/127.0.0.1:51949 - R:/127.0.0.1:51950] Writing "359. foo bar"
17:48:11.482 [reactor-http-nio-10] DEBUG o.s.c.c.CharSequenceEncoder - [b2d03dd6-1, L:/127.0.0.1:51949 - R:/127.0.0.1:51950] Writing "360. foo bar"
17:48:11.482 [reactor-http-nio-10] DEBUG o.s.c.c.CharSequenceEncoder - [b2d03dd6-1, L:/127.0.0.1:51949 - R:/127.0.0.1:51950] Writing "361. foo bar"
17:48:11.482 [reactor-http-nio-10] DEBUG o.s.c.c.CharSequenceEncoder - [b2d03dd6-1, L:/127.0.0.1:51949 - R:/127.0.0.1:51950] Writing "362. foo bar"
17:48:11.482 [reactor-http-nio-10] DEBUG o.s.c.c.CharSequenceEncoder - [b2d03dd6-1, L:/127.0.0.1:51949 - R:/127.0.0.1:51950] Writing "363. foo bar"
17:48:11.482 [reactor-http-nio-10] DEBUG o.s.c.c.CharSequenceEncoder - [b2d03dd6-1, L:/127.0.0.1:51949 - R:/127.0.0.1:51950] Writing "364. foo bar"
17:48:11.482 [reactor-http-nio-10] DEBUG o.s.c.c.CharSequenceEncoder - [b2d03dd6-1, L:/127.0.0.1:51949 - R:/127.0.0.1:51950] Writing "365. foo bar"
17:48:11.482 [reactor-http-nio-10] DEBUG o.s.c.c.CharSequenceEncoder - [b2d03dd6-1, L:/127.0.0.1:51949 - R:/127.0.0.1:51950] Writing "366. foo bar"
17:48:11.482 [reactor-http-nio-10] DEBUG o.s.c.c.CharSequenceEncoder - [b2d03dd6-1, L:/127.0.0.1:51949 - R:/127.0.0.1:51950] Writing "367. foo bar"
17:48:11.482 [reactor-http-nio-10] DEBUG o.s.c.c.CharSequenceEncoder - [b2d03dd6-1, L:/127.0.0.1:51949 - R:/127.0.0.1:51950] Writing "368. foo bar"
17:48:11.482 [reactor-http-nio-10] DEBUG o.s.c.c.CharSequenceEncoder - [b2d03dd6-1, L:/127.0.0.1:51949 - R:/127.0.0.1:51950] Writing "369. foo bar"
17:48:11.482 [reactor-http-nio-10] DEBUG o.s.c.c.CharSequenceEncoder - [b2d03dd6-1, L:/127.0.0.1:51949 - R:/127.0.0.1:51950] Writing "370. foo bar"
17:48:11.482 [reactor-http-nio-10] DEBUG o.s.c.c.CharSequenceEncoder - [b2d03dd6-1, L:/127.0.0.1:51949 - R:/127.0.0.1:51950] Writing "371. foo bar"
17:48:11.482 [reactor-http-nio-10] DEBUG o.s.c.c.CharSequenceEncoder - [b2d03dd6-1, L:/127.0.0.1:51949 - R:/127.0.0.1:51950] Writing "372. foo bar"
17:48:11.482 [reactor-http-nio-10] DEBUG o.s.c.c.CharSequenceEncoder - [b2d03dd6-1, L:/127.0.0.1:51949 - R:/127.0.0.1:51950] Writing "373. foo bar"
17:48:11.482 [reactor-http-nio-10] DEBUG o.s.c.c.CharSequenceEncoder - [b2d03dd6-1, L:/127.0.0.1:51949 - R:/127.0.0.1:51950] Writing "374. foo bar"
17:48:11.482 [reactor-http-nio-10] DEBUG o.s.c.c.CharSequenceEncoder - [b2d03dd6-1, L:/127.0.0.1:51949 - R:/127.0.0.1:51950] Writing "375. foo bar"
17:48:11.482 [reactor-http-nio-10] DEBUG o.s.c.c.CharSequenceEncoder - [b2d03dd6-1, L:/127.0.0.1:51949 - R:/127.0.0.1:51950] Writing "376. foo bar"
17:48:11.482 [reactor-http-nio-10] DEBUG o.s.c.c.CharSequenceEncoder - [b2d03dd6-1, L:/127.0.0.1:51949 - R:/127.0.0.1:51950] Writing "377. foo bar"
17:48:11.483 [reactor-http-nio-10] DEBUG o.s.c.c.CharSequenceEncoder - [b2d03dd6-1, L:/127.0.0.1:51949 - R:/127.0.0.1:51950] Writing "378. foo bar"
17:48:11.483 [reactor-http-nio-10] DEBUG o.s.c.c.CharSequenceEncoder - [b2d03dd6-1, L:/127.0.0.1:51949 - R:/127.0.0.1:51950] Writing "379. foo bar"
17:48:11.483 [reactor-http-nio-10] DEBUG o.s.c.c.CharSequenceEncoder - [b2d03dd6-1, L:/127.0.0.1:51949 - R:/127.0.0.1:51950] Writing "380. foo bar"
17:48:11.483 [reactor-http-nio-10] DEBUG o.s.c.c.CharSequenceEncoder - [b2d03dd6-1, L:/127.0.0.1:51949 - R:/127.0.0.1:51950] Writing "381. foo bar"
17:48:11.483 [reactor-http-nio-10] DEBUG o.s.c.c.CharSequenceEncoder - [b2d03dd6-1, L:/127.0.0.1:51949 - R:/127.0.0.1:51950] Writing "382. foo bar"
17:48:11.483 [reactor-http-nio-10] DEBUG o.s.c.c.CharSequenceEncoder - [b2d03dd6-1, L:/127.0.0.1:51949 - R:/127.0.0.1:51950] Writing "383. foo bar"
17:48:11.483 [reactor-http-nio-10] DEBUG o.s.c.c.CharSequenceEncoder - [b2d03dd6-1, L:/127.0.0.1:51949 - R:/127.0.0.1:51950] Writing "384. foo bar"
17:48:11.492 [reactor-http-nio-10] DEBUG o.s.c.c.CharSequenceEncoder - [b2d03dd6-1, L:/127.0.0.1:51949 - R:/127.0.0.1:51950] Writing "385. foo bar"
17:48:11.492 [reactor-http-nio-10] DEBUG o.s.c.c.CharSequenceEncoder - [b2d03dd6-1, L:/127.0.0.1:51949 - R:/127.0.0.1:51950] Writing "386. foo bar"
17:48:11.493 [reactor-http-nio-10] DEBUG o.s.c.c.CharSequenceEncoder - [b2d03dd6-1, L:/127.0.0.1:51949 - R:/127.0.0.1:51950] Writing "387. foo bar"
17:48:11.493 [reactor-http-nio-10] DEBUG o.s.c.c.CharSequenceEncoder - [b2d03dd6-1, L:/127.0.0.1:51949 - R:/127.0.0.1:51950] Writing "388. foo bar"
17:48:11.493 [reactor-http-nio-10] DEBUG o.s.c.c.CharSequenceEncoder - [b2d03dd6-1, L:/127.0.0.1:51949 - R:/127.0.0.1:51950] Writing "389. foo bar"
17:48:11.493 [reactor-http-nio-10] DEBUG o.s.c.c.CharSequenceEncoder - [b2d03dd6-1, L:/127.0.0.1:51949 - R:/127.0.0.1:51950] Writing "390. foo bar"
17:48:11.493 [reactor-http-nio-10] DEBUG o.s.c.c.CharSequenceEncoder - [b2d03dd6-1, L:/127.0.0.1:51949 - R:/127.0.0.1:51950] Writing "391. foo bar"
17:48:11.493 [reactor-http-nio-10] DEBUG o.s.c.c.CharSequenceEncoder - [b2d03dd6-1, L:/127.0.0.1:51949 - R:/127.0.0.1:51950] Writing "392. foo bar"
17:48:11.493 [reactor-http-nio-10] DEBUG o.s.c.c.CharSequenceEncoder - [b2d03dd6-1, L:/127.0.0.1:51949 - R:/127.0.0.1:51950] Writing "393. foo bar"
17:48:11.493 [reactor-http-nio-10] DEBUG o.s.c.c.CharSequenceEncoder - [b2d03dd6-1, L:/127.0.0.1:51949 - R:/127.0.0.1:51950] Writing "394. foo bar"
17:48:11.493 [reactor-http-nio-10] DEBUG o.s.c.c.CharSequenceEncoder - [b2d03dd6-1, L:/127.0.0.1:51949 - R:/127.0.0.1:51950] Writing "395. foo bar"
17:48:11.493 [reactor-http-nio-10] DEBUG o.s.c.c.CharSequenceEncoder - [b2d03dd6-1, L:/127.0.0.1:51949 - R:/127.0.0.1:51950] Writing "396. foo bar"
17:48:11.493 [reactor-http-nio-10] DEBUG o.s.c.c.CharSequenceEncoder - [b2d03dd6-1, L:/127.0.0.1:51949 - R:/127.0.0.1:51950] Writing "397. foo bar"
17:48:11.493 [reactor-http-nio-10] DEBUG o.s.c.c.CharSequenceEncoder - [b2d03dd6-1, L:/127.0.0.1:51949 - R:/127.0.0.1:51950] Writing "398. foo bar"
17:48:11.493 [reactor-http-nio-10] DEBUG o.s.c.c.CharSequenceEncoder - [b2d03dd6-1, L:/127.0.0.1:51949 - R:/127.0.0.1:51950] Writing "399. foo bar"
17:48:11.493 [reactor-http-nio-10] DEBUG o.s.c.c.CharSequenceEncoder - [b2d03dd6-1, L:/127.0.0.1:51949 - R:/127.0.0.1:51950] Writing "400. foo bar"
17:48:11.493 [reactor-http-nio-10] DEBUG o.s.c.c.CharSequenceEncoder - [b2d03dd6-1, L:/127.0.0.1:51949 - R:/127.0.0.1:51950] Writing "401. foo bar"
17:48:11.493 [reactor-http-nio-10] DEBUG o.s.c.c.CharSequenceEncoder - [b2d03dd6-1, L:/127.0.0.1:51949 - R:/127.0.0.1:51950] Writing "402. foo bar"
17:48:11.493 [reactor-http-nio-10] DEBUG o.s.c.c.CharSequenceEncoder - [b2d03dd6-1, L:/127.0.0.1:51949 - R:/127.0.0.1:51950] Writing "403. foo bar"
17:48:11.493 [reactor-http-nio-10] DEBUG o.s.c.c.CharSequenceEncoder - [b2d03dd6-1, L:/127.0.0.1:51949 - R:/127.0.0.1:51950] Writing "404. foo bar"
17:48:11.493 [reactor-http-nio-10] DEBUG o.s.c.c.CharSequenceEncoder - [b2d03dd6-1, L:/127.0.0.1:51949 - R:/127.0.0.1:51950] Writing "405. foo bar"
17:48:11.493 [reactor-http-nio-10] DEBUG o.s.c.c.CharSequenceEncoder - [b2d03dd6-1, L:/127.0.0.1:51949 - R:/127.0.0.1:51950] Writing "406. foo bar"
17:48:11.493 [reactor-http-nio-10] DEBUG o.s.c.c.CharSequenceEncoder - [b2d03dd6-1, L:/127.0.0.1:51949 - R:/127.0.0.1:51950] Writing "407. foo bar"
17:48:11.494 [reactor-http-nio-10] DEBUG o.s.c.c.CharSequenceEncoder - [b2d03dd6-1, L:/127.0.0.1:51949 - R:/127.0.0.1:51950] Writing "408. foo bar"
17:48:11.494 [reactor-http-nio-10] DEBUG o.s.c.c.CharSequenceEncoder - [b2d03dd6-1, L:/127.0.0.1:51949 - R:/127.0.0.1:51950] Writing "409. foo bar"
17:48:11.494 [reactor-http-nio-10] DEBUG o.s.c.c.CharSequenceEncoder - [b2d03dd6-1, L:/127.0.0.1:51949 - R:/127.0.0.1:51950] Writing "410. foo bar"
17:48:11.494 [reactor-http-nio-10] DEBUG o.s.c.c.CharSequenceEncoder - [b2d03dd6-1, L:/127.0.0.1:51949 - R:/127.0.0.1:51950] Writing "411. foo bar"
17:48:11.494 [reactor-http-nio-10] DEBUG o.s.c.c.CharSequenceEncoder - [b2d03dd6-1, L:/127.0.0.1:51949 - R:/127.0.0.1:51950] Writing "412. foo bar"
17:48:11.494 [reactor-http-nio-10] DEBUG o.s.c.c.CharSequenceEncoder - [b2d03dd6-1, L:/127.0.0.1:51949 - R:/127.0.0.1:51950] Writing "413. foo bar"
17:48:11.494 [reactor-http-nio-10] DEBUG o.s.c.c.CharSequenceEncoder - [b2d03dd6-1, L:/127.0.0.1:51949 - R:/127.0.0.1:51950] Writing "414. foo bar"
17:48:11.494 [reactor-http-nio-10] DEBUG o.s.c.c.CharSequenceEncoder - [b2d03dd6-1, L:/127.0.0.1:51949 - R:/127.0.0.1:51950] Writing "415. foo bar"
17:48:11.494 [reactor-http-nio-10] DEBUG o.s.c.c.CharSequenceEncoder - [b2d03dd6-1, L:/127.0.0.1:51949 - R:/127.0.0.1:51950] Writing "416. foo bar"
17:48:11.494 [reactor-http-nio-10] DEBUG o.s.c.c.CharSequenceEncoder - [b2d03dd6-1, L:/127.0.0.1:51949 - R:/127.0.0.1:51950] Writing "417. foo bar"
17:48:11.494 [reactor-http-nio-10] DEBUG o.s.c.c.CharSequenceEncoder - [b2d03dd6-1, L:/127.0.0.1:51949 - R:/127.0.0.1:51950] Writing "418. foo bar"
17:48:11.494 [reactor-http-nio-10] DEBUG o.s.c.c.CharSequenceEncoder - [b2d03dd6-1, L:/127.0.0.1:51949 - R:/127.0.0.1:51950] Writing "419. foo bar"
17:48:11.494 [reactor-http-nio-10] DEBUG o.s.c.c.CharSequenceEncoder - [b2d03dd6-1, L:/127.0.0.1:51949 - R:/127.0.0.1:51950] Writing "420. foo bar"
17:48:11.494 [reactor-http-nio-10] DEBUG o.s.c.c.CharSequenceEncoder - [b2d03dd6-1, L:/127.0.0.1:51949 - R:/127.0.0.1:51950] Writing "421. foo bar"
17:48:11.494 [reactor-http-nio-10] DEBUG o.s.c.c.CharSequenceEncoder - [b2d03dd6-1, L:/127.0.0.1:51949 - R:/127.0.0.1:51950] Writing "422. foo bar"
17:48:11.494 [reactor-http-nio-10] DEBUG o.s.c.c.CharSequenceEncoder - [b2d03dd6-1, L:/127.0.0.1:51949 - R:/127.0.0.1:51950] Writing "423. foo bar"
17:48:11.494 [reactor-http-nio-10] DEBUG o.s.c.c.CharSequenceEncoder - [b2d03dd6-1, L:/127.0.0.1:51949 - R:/127.0.0.1:51950] Writing "424. foo bar"
17:48:11.494 [reactor-http-nio-10] DEBUG o.s.c.c.CharSequenceEncoder - [b2d03dd6-1, L:/127.0.0.1:51949 - R:/127.0.0.1:51950] Writing "425. foo bar"
17:48:11.494 [reactor-http-nio-10] DEBUG o.s.c.c.CharSequenceEncoder - [b2d03dd6-1, L:/127.0.0.1:51949 - R:/127.0.0.1:51950] Writing "426. foo bar"
17:48:11.494 [reactor-http-nio-10] DEBUG o.s.c.c.CharSequenceEncoder - [b2d03dd6-1, L:/127.0.0.1:51949 - R:/127.0.0.1:51950] Writing "427. foo bar"
17:48:11.494 [reactor-http-nio-10] DEBUG o.s.c.c.CharSequenceEncoder - [b2d03dd6-1, L:/127.0.0.1:51949 - R:/127.0.0.1:51950] Writing "428. foo bar"
17:48:11.494 [reactor-http-nio-10] DEBUG o.s.c.c.CharSequenceEncoder - [b2d03dd6-1, L:/127.0.0.1:51949 - R:/127.0.0.1:51950] Writing "429. foo bar"
17:48:11.495 [reactor-http-nio-10] DEBUG o.s.c.c.CharSequenceEncoder - [b2d03dd6-1, L:/127.0.0.1:51949 - R:/127.0.0.1:51950] Writing "430. foo bar"
17:48:11.495 [reactor-http-nio-10] DEBUG o.s.c.c.CharSequenceEncoder - [b2d03dd6-1, L:/127.0.0.1:51949 - R:/127.0.0.1:51950] Writing "431. foo bar"
17:48:11.495 [reactor-http-nio-10] DEBUG o.s.c.c.CharSequenceEncoder - [b2d03dd6-1, L:/127.0.0.1:51949 - R:/127.0.0.1:51950] Writing "432. foo bar"
17:48:11.495 [reactor-http-nio-10] DEBUG o.s.c.c.CharSequenceEncoder - [b2d03dd6-1, L:/127.0.0.1:51949 - R:/127.0.0.1:51950] Writing "433. foo bar"
17:48:11.495 [reactor-http-nio-10] DEBUG o.s.c.c.CharSequenceEncoder - [b2d03dd6-1, L:/127.0.0.1:51949 - R:/127.0.0.1:51950] Writing "434. foo bar"
17:48:11.495 [reactor-http-nio-10] DEBUG o.s.c.c.CharSequenceEncoder - [b2d03dd6-1, L:/127.0.0.1:51949 - R:/127.0.0.1:51950] Writing "435. foo bar"
17:48:11.495 [reactor-http-nio-10] DEBUG o.s.c.c.CharSequenceEncoder - [b2d03dd6-1, L:/127.0.0.1:51949 - R:/127.0.0.1:51950] Writing "436. foo bar"
17:48:11.495 [reactor-http-nio-10] DEBUG o.s.c.c.CharSequenceEncoder - [b2d03dd6-1, L:/127.0.0.1:51949 - R:/127.0.0.1:51950] Writing "437. foo bar"
17:48:11.495 [reactor-http-nio-10] DEBUG o.s.c.c.CharSequenceEncoder - [b2d03dd6-1, L:/127.0.0.1:51949 - R:/127.0.0.1:51950] Writing "438. foo bar"
17:48:11.495 [reactor-http-nio-10] DEBUG o.s.c.c.CharSequenceEncoder - [b2d03dd6-1, L:/127.0.0.1:51949 - R:/127.0.0.1:51950] Writing "439. foo bar"
17:48:11.495 [reactor-http-nio-10] DEBUG o.s.c.c.CharSequenceEncoder - [b2d03dd6-1, L:/127.0.0.1:51949 - R:/127.0.0.1:51950] Writing "440. foo bar"
17:48:11.495 [reactor-http-nio-10] DEBUG o.s.c.c.CharSequenceEncoder - [b2d03dd6-1, L:/127.0.0.1:51949 - R:/127.0.0.1:51950] Writing "441. foo bar"
17:48:11.495 [reactor-http-nio-10] DEBUG o.s.c.c.CharSequenceEncoder - [b2d03dd6-1, L:/127.0.0.1:51949 - R:/127.0.0.1:51950] Writing "442. foo bar"
17:48:11.495 [reactor-http-nio-10] DEBUG o.s.c.c.CharSequenceEncoder - [b2d03dd6-1, L:/127.0.0.1:51949 - R:/127.0.0.1:51950] Writing "443. foo bar"
17:48:11.495 [reactor-http-nio-10] DEBUG o.s.c.c.CharSequenceEncoder - [b2d03dd6-1, L:/127.0.0.1:51949 - R:/127.0.0.1:51950] Writing "444. foo bar"
17:48:11.495 [reactor-http-nio-10] DEBUG o.s.c.c.CharSequenceEncoder - [b2d03dd6-1, L:/127.0.0.1:51949 - R:/127.0.0.1:51950] Writing "445. foo bar"
17:48:11.495 [reactor-http-nio-10] DEBUG o.s.c.c.CharSequenceEncoder - [b2d03dd6-1, L:/127.0.0.1:51949 - R:/127.0.0.1:51950] Writing "446. foo bar"
17:48:11.495 [reactor-http-nio-10] DEBUG o.s.c.c.CharSequenceEncoder - [b2d03dd6-1, L:/127.0.0.1:51949 - R:/127.0.0.1:51950] Writing "447. foo bar"
17:48:11.495 [reactor-http-nio-10] DEBUG o.s.c.c.CharSequenceEncoder - [b2d03dd6-1, L:/127.0.0.1:51949 - R:/127.0.0.1:51950] Writing "448. foo bar"
17:48:11.501 [reactor-http-nio-10] DEBUG o.s.c.c.CharSequenceEncoder - [b2d03dd6-1, L:/127.0.0.1:51949 - R:/127.0.0.1:51950] Writing "449. foo bar"
17:48:11.501 [reactor-http-nio-10] DEBUG o.s.c.c.CharSequenceEncoder - [b2d03dd6-1, L:/127.0.0.1:51949 - R:/127.0.0.1:51950] Writing "450. foo bar"
17:48:11.501 [reactor-http-nio-10] DEBUG o.s.c.c.CharSequenceEncoder - [b2d03dd6-1, L:/127.0.0.1:51949 - R:/127.0.0.1:51950] Writing "451. foo bar"
17:48:11.501 [reactor-http-nio-10] DEBUG o.s.c.c.CharSequenceEncoder - [b2d03dd6-1, L:/127.0.0.1:51949 - R:/127.0.0.1:51950] Writing "452. foo bar"
17:48:11.501 [reactor-http-nio-10] DEBUG o.s.c.c.CharSequenceEncoder - [b2d03dd6-1, L:/127.0.0.1:51949 - R:/127.0.0.1:51950] Writing "453. foo bar"
17:48:11.501 [reactor-http-nio-10] DEBUG o.s.c.c.CharSequenceEncoder - [b2d03dd6-1, L:/127.0.0.1:51949 - R:/127.0.0.1:51950] Writing "454. foo bar"
17:48:11.501 [reactor-http-nio-10] DEBUG o.s.c.c.CharSequenceEncoder - [b2d03dd6-1, L:/127.0.0.1:51949 - R:/127.0.0.1:51950] Writing "455. foo bar"
17:48:11.501 [reactor-http-nio-10] DEBUG o.s.c.c.CharSequenceEncoder - [b2d03dd6-1, L:/127.0.0.1:51949 - R:/127.0.0.1:51950] Writing "456. foo bar"
17:48:11.502 [reactor-http-nio-10] DEBUG o.s.c.c.CharSequenceEncoder - [b2d03dd6-1, L:/127.0.0.1:51949 - R:/127.0.0.1:51950] Writing "457. foo bar"
17:48:11.502 [reactor-http-nio-10] DEBUG o.s.c.c.CharSequenceEncoder - [b2d03dd6-1, L:/127.0.0.1:51949 - R:/127.0.0.1:51950] Writing "458. foo bar"
17:48:11.502 [reactor-http-nio-10] DEBUG o.s.c.c.CharSequenceEncoder - [b2d03dd6-1, L:/127.0.0.1:51949 - R:/127.0.0.1:51950] Writing "459. foo bar"
17:48:11.502 [reactor-http-nio-10] DEBUG o.s.c.c.CharSequenceEncoder - [b2d03dd6-1, L:/127.0.0.1:51949 - R:/127.0.0.1:51950] Writing "460. foo bar"
17:48:11.502 [reactor-http-nio-10] DEBUG o.s.c.c.CharSequenceEncoder - [b2d03dd6-1, L:/127.0.0.1:51949 - R:/127.0.0.1:51950] Writing "461. foo bar"
17:48:11.502 [reactor-http-nio-10] DEBUG o.s.c.c.CharSequenceEncoder - [b2d03dd6-1, L:/127.0.0.1:51949 - R:/127.0.0.1:51950] Writing "462. foo bar"
17:48:11.502 [reactor-http-nio-10] DEBUG o.s.c.c.CharSequenceEncoder - [b2d03dd6-1, L:/127.0.0.1:51949 - R:/127.0.0.1:51950] Writing "463. foo bar"
17:48:11.502 [reactor-http-nio-10] DEBUG o.s.c.c.CharSequenceEncoder - [b2d03dd6-1, L:/127.0.0.1:51949 - R:/127.0.0.1:51950] Writing "464. foo bar"
17:48:11.502 [reactor-http-nio-10] DEBUG o.s.c.c.CharSequenceEncoder - [b2d03dd6-1, L:/127.0.0.1:51949 - R:/127.0.0.1:51950] Writing "465. foo bar"
17:48:11.502 [reactor-http-nio-10] DEBUG o.s.c.c.CharSequenceEncoder - [b2d03dd6-1, L:/127.0.0.1:51949 - R:/127.0.0.1:51950] Writing "466. foo bar"
17:48:11.502 [reactor-http-nio-10] DEBUG o.s.c.c.CharSequenceEncoder - [b2d03dd6-1, L:/127.0.0.1:51949 - R:/127.0.0.1:51950] Writing "467. foo bar"
17:48:11.502 [reactor-http-nio-10] DEBUG o.s.c.c.CharSequenceEncoder - [b2d03dd6-1, L:/127.0.0.1:51949 - R:/127.0.0.1:51950] Writing "468. foo bar"
17:48:11.502 [reactor-http-nio-10] DEBUG o.s.c.c.CharSequenceEncoder - [b2d03dd6-1, L:/127.0.0.1:51949 - R:/127.0.0.1:51950] Writing "469. foo bar"
17:48:11.502 [reactor-http-nio-10] DEBUG o.s.c.c.CharSequenceEncoder - [b2d03dd6-1, L:/127.0.0.1:51949 - R:/127.0.0.1:51950] Writing "470. foo bar"
17:48:11.502 [reactor-http-nio-10] DEBUG o.s.c.c.CharSequenceEncoder - [b2d03dd6-1, L:/127.0.0.1:51949 - R:/127.0.0.1:51950] Writing "471. foo bar"
17:48:11.502 [reactor-http-nio-10] DEBUG o.s.c.c.CharSequenceEncoder - [b2d03dd6-1, L:/127.0.0.1:51949 - R:/127.0.0.1:51950] Writing "472. foo bar"
17:48:11.502 [reactor-http-nio-10] DEBUG o.s.c.c.CharSequenceEncoder - [b2d03dd6-1, L:/127.0.0.1:51949 - R:/127.0.0.1:51950] Writing "473. foo bar"
17:48:11.502 [reactor-http-nio-10] DEBUG o.s.c.c.CharSequenceEncoder - [b2d03dd6-1, L:/127.0.0.1:51949 - R:/127.0.0.1:51950] Writing "474. foo bar"
17:48:11.502 [reactor-http-nio-10] DEBUG o.s.c.c.CharSequenceEncoder - [b2d03dd6-1, L:/127.0.0.1:51949 - R:/127.0.0.1:51950] Writing "475. foo bar"
17:48:11.502 [reactor-http-nio-10] DEBUG o.s.c.c.CharSequenceEncoder - [b2d03dd6-1, L:/127.0.0.1:51949 - R:/127.0.0.1:51950] Writing "476. foo bar"
17:48:11.502 [reactor-http-nio-10] DEBUG o.s.c.c.CharSequenceEncoder - [b2d03dd6-1, L:/127.0.0.1:51949 - R:/127.0.0.1:51950] Writing "477. foo bar"
17:48:11.502 [reactor-http-nio-10] DEBUG o.s.c.c.CharSequenceEncoder - [b2d03dd6-1, L:/127.0.0.1:51949 - R:/127.0.0.1:51950] Writing "478. foo bar"
17:48:11.502 [reactor-http-nio-10] DEBUG o.s.c.c.CharSequenceEncoder - [b2d03dd6-1, L:/127.0.0.1:51949 - R:/127.0.0.1:51950] Writing "479. foo bar"
17:48:11.502 [reactor-http-nio-10] DEBUG o.s.c.c.CharSequenceEncoder - [b2d03dd6-1, L:/127.0.0.1:51949 - R:/127.0.0.1:51950] Writing "480. foo bar"
17:48:11.502 [reactor-http-nio-10] DEBUG o.s.c.c.CharSequenceEncoder - [b2d03dd6-1, L:/127.0.0.1:51949 - R:/127.0.0.1:51950] Writing "481. foo bar"
17:48:11.502 [reactor-http-nio-10] DEBUG o.s.c.c.CharSequenceEncoder - [b2d03dd6-1, L:/127.0.0.1:51949 - R:/127.0.0.1:51950] Writing "482. foo bar"
17:48:11.502 [reactor-http-nio-10] DEBUG o.s.c.c.CharSequenceEncoder - [b2d03dd6-1, L:/127.0.0.1:51949 - R:/127.0.0.1:51950] Writing "483. foo bar"
17:48:11.502 [reactor-http-nio-10] DEBUG o.s.c.c.CharSequenceEncoder - [b2d03dd6-1, L:/127.0.0.1:51949 - R:/127.0.0.1:51950] Writing "484. foo bar"
17:48:11.502 [reactor-http-nio-10] DEBUG o.s.c.c.CharSequenceEncoder - [b2d03dd6-1, L:/127.0.0.1:51949 - R:/127.0.0.1:51950] Writing "485. foo bar"
17:48:11.502 [reactor-http-nio-10] DEBUG o.s.c.c.CharSequenceEncoder - [b2d03dd6-1, L:/127.0.0.1:51949 - R:/127.0.0.1:51950] Writing "486. foo bar"
17:48:11.502 [reactor-http-nio-10] DEBUG o.s.c.c.CharSequenceEncoder - [b2d03dd6-1, L:/127.0.0.1:51949 - R:/127.0.0.1:51950] Writing "487. foo bar"
17:48:11.502 [reactor-http-nio-10] DEBUG o.s.c.c.CharSequenceEncoder - [b2d03dd6-1, L:/127.0.0.1:51949 - R:/127.0.0.1:51950] Writing "488. foo bar"
17:48:11.502 [reactor-http-nio-10] DEBUG o.s.c.c.CharSequenceEncoder - [b2d03dd6-1, L:/127.0.0.1:51949 - R:/127.0.0.1:51950] Writing "489. foo bar"
17:48:11.502 [reactor-http-nio-10] DEBUG o.s.c.c.CharSequenceEncoder - [b2d03dd6-1, L:/127.0.0.1:51949 - R:/127.0.0.1:51950] Writing "490. foo bar"
17:48:11.502 [reactor-http-nio-10] DEBUG o.s.c.c.CharSequenceEncoder - [b2d03dd6-1, L:/127.0.0.1:51949 - R:/127.0.0.1:51950] Writing "491. foo bar"
17:48:11.502 [reactor-http-nio-10] DEBUG o.s.c.c.CharSequenceEncoder - [b2d03dd6-1, L:/127.0.0.1:51949 - R:/127.0.0.1:51950] Writing "492. foo bar"
17:48:11.502 [reactor-http-nio-10] DEBUG o.s.c.c.CharSequenceEncoder - [b2d03dd6-1, L:/127.0.0.1:51949 - R:/127.0.0.1:51950] Writing "493. foo bar"
17:48:11.503 [reactor-http-nio-10] DEBUG o.s.c.c.CharSequenceEncoder - [b2d03dd6-1, L:/127.0.0.1:51949 - R:/127.0.0.1:51950] Writing "494. foo bar"
17:48:11.503 [reactor-http-nio-10] DEBUG o.s.c.c.CharSequenceEncoder - [b2d03dd6-1, L:/127.0.0.1:51949 - R:/127.0.0.1:51950] Writing "495. foo bar"
17:48:11.503 [reactor-http-nio-10] DEBUG o.s.c.c.CharSequenceEncoder - [b2d03dd6-1, L:/127.0.0.1:51949 - R:/127.0.0.1:51950] Writing "496. foo bar"
17:48:11.503 [reactor-http-nio-10] DEBUG o.s.c.c.CharSequenceEncoder - [b2d03dd6-1, L:/127.0.0.1:51949 - R:/127.0.0.1:51950] Writing "497. foo bar"
17:48:11.503 [reactor-http-nio-10] DEBUG o.s.c.c.CharSequenceEncoder - [b2d03dd6-1, L:/127.0.0.1:51949 - R:/127.0.0.1:51950] Writing "498. foo bar"
17:48:11.503 [reactor-http-nio-10] DEBUG o.s.c.c.CharSequenceEncoder - [b2d03dd6-1, L:/127.0.0.1:51949 - R:/127.0.0.1:51950] Writing "499. foo bar"
17:48:11.503 [reactor-http-nio-10] DEBUG o.s.c.c.CharSequenceEncoder - [b2d03dd6-1, L:/127.0.0.1:51949 - R:/127.0.0.1:51950] Writing "500. foo bar"
17:48:11.503 [reactor-http-nio-10] DEBUG o.s.c.c.CharSequenceEncoder - [b2d03dd6-1, L:/127.0.0.1:51949 - R:/127.0.0.1:51950] Writing "501. foo bar"
17:48:11.503 [reactor-http-nio-10] DEBUG o.s.c.c.CharSequenceEncoder - [b2d03dd6-1, L:/127.0.0.1:51949 - R:/127.0.0.1:51950] Writing "502. foo bar"
17:48:11.503 [reactor-http-nio-10] DEBUG o.s.c.c.CharSequenceEncoder - [b2d03dd6-1, L:/127.0.0.1:51949 - R:/127.0.0.1:51950] Writing "503. foo bar"
17:48:11.503 [reactor-http-nio-10] DEBUG o.s.c.c.CharSequenceEncoder - [b2d03dd6-1, L:/127.0.0.1:51949 - R:/127.0.0.1:51950] Writing "504. foo bar"
17:48:11.503 [reactor-http-nio-10] DEBUG o.s.c.c.CharSequenceEncoder - [b2d03dd6-1, L:/127.0.0.1:51949 - R:/127.0.0.1:51950] Writing "505. foo bar"
17:48:11.503 [reactor-http-nio-10] DEBUG o.s.c.c.CharSequenceEncoder - [b2d03dd6-1, L:/127.0.0.1:51949 - R:/127.0.0.1:51950] Writing "506. foo bar"
17:48:11.503 [reactor-http-nio-10] DEBUG o.s.c.c.CharSequenceEncoder - [b2d03dd6-1, L:/127.0.0.1:51949 - R:/127.0.0.1:51950] Writing "507. foo bar"
17:48:11.503 [reactor-http-nio-10] DEBUG o.s.c.c.CharSequenceEncoder - [b2d03dd6-1, L:/127.0.0.1:51949 - R:/127.0.0.1:51950] Writing "508. foo bar"
17:48:11.503 [reactor-http-nio-10] DEBUG o.s.c.c.CharSequenceEncoder - [b2d03dd6-1, L:/127.0.0.1:51949 - R:/127.0.0.1:51950] Writing "509. foo bar"
17:48:11.503 [reactor-http-nio-10] DEBUG o.s.c.c.CharSequenceEncoder - [b2d03dd6-1, L:/127.0.0.1:51949 - R:/127.0.0.1:51950] Writing "510. foo bar"
17:48:11.503 [reactor-http-nio-10] DEBUG o.s.c.c.CharSequenceEncoder - [b2d03dd6-1, L:/127.0.0.1:51949 - R:/127.0.0.1:51950] Writing "511. foo bar"
17:48:11.503 [reactor-http-nio-10] DEBUG o.s.c.c.CharSequenceEncoder - [b2d03dd6-1, L:/127.0.0.1:51949 - R:/127.0.0.1:51950] Writing "512. foo bar"
17:48:11.511 [reactor-http-nio-10] DEBUG o.s.c.c.CharSequenceEncoder - [b2d03dd6-1, L:/127.0.0.1:51949 - R:/127.0.0.1:51950] Writing "513. foo bar"
17:48:11.511 [reactor-http-nio-10] DEBUG o.s.c.c.CharSequenceEncoder - [b2d03dd6-1, L:/127.0.0.1:51949 - R:/127.0.0.1:51950] Writing "514. foo bar"
17:48:11.511 [reactor-http-nio-10] DEBUG o.s.c.c.CharSequenceEncoder - [b2d03dd6-1, L:/127.0.0.1:51949 - R:/127.0.0.1:51950] Writing "515. foo bar"
17:48:11.511 [reactor-http-nio-10] DEBUG o.s.c.c.CharSequenceEncoder - [b2d03dd6-1, L:/127.0.0.1:51949 - R:/127.0.0.1:51950] Writing "516. foo bar"
17:48:11.511 [reactor-http-nio-10] DEBUG o.s.c.c.CharSequenceEncoder - [b2d03dd6-1, L:/127.0.0.1:51949 - R:/127.0.0.1:51950] Writing "517. foo bar"
17:48:11.511 [reactor-http-nio-10] DEBUG o.s.c.c.CharSequenceEncoder - [b2d03dd6-1, L:/127.0.0.1:51949 - R:/127.0.0.1:51950] Writing "518. foo bar"
17:48:11.511 [reactor-http-nio-10] DEBUG o.s.c.c.CharSequenceEncoder - [b2d03dd6-1, L:/127.0.0.1:51949 - R:/127.0.0.1:51950] Writing "519. foo bar"
17:48:11.511 [reactor-http-nio-10] DEBUG o.s.c.c.CharSequenceEncoder - [b2d03dd6-1, L:/127.0.0.1:51949 - R:/127.0.0.1:51950] Writing "520. foo bar"
17:48:11.511 [reactor-http-nio-10] DEBUG o.s.c.c.CharSequenceEncoder - [b2d03dd6-1, L:/127.0.0.1:51949 - R:/127.0.0.1:51950] Writing "521. foo bar"
17:48:11.512 [reactor-http-nio-10] DEBUG o.s.c.c.CharSequenceEncoder - [b2d03dd6-1, L:/127.0.0.1:51949 - R:/127.0.0.1:51950] Writing "522. foo bar"
17:48:11.512 [reactor-http-nio-10] DEBUG o.s.c.c.CharSequenceEncoder - [b2d03dd6-1, L:/127.0.0.1:51949 - R:/127.0.0.1:51950] Writing "523. foo bar"
17:48:11.512 [reactor-http-nio-10] DEBUG o.s.c.c.CharSequenceEncoder - [b2d03dd6-1, L:/127.0.0.1:51949 - R:/127.0.0.1:51950] Writing "524. foo bar"
17:48:11.512 [reactor-http-nio-10] DEBUG o.s.c.c.CharSequenceEncoder - [b2d03dd6-1, L:/127.0.0.1:51949 - R:/127.0.0.1:51950] Writing "525. foo bar"
17:48:11.512 [reactor-http-nio-10] DEBUG o.s.c.c.CharSequenceEncoder - [b2d03dd6-1, L:/127.0.0.1:51949 - R:/127.0.0.1:51950] Writing "526. foo bar"
17:48:11.512 [reactor-http-nio-10] DEBUG o.s.c.c.CharSequenceEncoder - [b2d03dd6-1, L:/127.0.0.1:51949 - R:/127.0.0.1:51950] Writing "527. foo bar"
17:48:11.512 [reactor-http-nio-10] DEBUG o.s.c.c.CharSequenceEncoder - [b2d03dd6-1, L:/127.0.0.1:51949 - R:/127.0.0.1:51950] Writing "528. foo bar"
17:48:11.512 [reactor-http-nio-10] DEBUG o.s.c.c.CharSequenceEncoder - [b2d03dd6-1, L:/127.0.0.1:51949 - R:/127.0.0.1:51950] Writing "529. foo bar"
17:48:11.512 [reactor-http-nio-10] DEBUG o.s.c.c.CharSequenceEncoder - [b2d03dd6-1, L:/127.0.0.1:51949 - R:/127.0.0.1:51950] Writing "530. foo bar"
17:48:11.512 [reactor-http-nio-10] DEBUG o.s.c.c.CharSequenceEncoder - [b2d03dd6-1, L:/127.0.0.1:51949 - R:/127.0.0.1:51950] Writing "531. foo bar"
17:48:11.512 [reactor-http-nio-10] DEBUG o.s.c.c.CharSequenceEncoder - [b2d03dd6-1, L:/127.0.0.1:51949 - R:/127.0.0.1:51950] Writing "532. foo bar"
17:48:11.512 [reactor-http-nio-10] DEBUG o.s.c.c.CharSequenceEncoder - [b2d03dd6-1, L:/127.0.0.1:51949 - R:/127.0.0.1:51950] Writing "533. foo bar"
17:48:11.512 [reactor-http-nio-10] DEBUG o.s.c.c.CharSequenceEncoder - [b2d03dd6-1, L:/127.0.0.1:51949 - R:/127.0.0.1:51950] Writing "534. foo bar"
17:48:11.512 [reactor-http-nio-10] DEBUG o.s.c.c.CharSequenceEncoder - [b2d03dd6-1, L:/127.0.0.1:51949 - R:/127.0.0.1:51950] Writing "535. foo bar"
17:48:11.512 [reactor-http-nio-10] DEBUG o.s.c.c.CharSequenceEncoder - [b2d03dd6-1, L:/127.0.0.1:51949 - R:/127.0.0.1:51950] Writing "536. foo bar"
17:48:11.512 [reactor-http-nio-10] DEBUG o.s.c.c.CharSequenceEncoder - [b2d03dd6-1, L:/127.0.0.1:51949 - R:/127.0.0.1:51950] Writing "537. foo bar"
17:48:11.512 [reactor-http-nio-10] DEBUG o.s.c.c.CharSequenceEncoder - [b2d03dd6-1, L:/127.0.0.1:51949 - R:/127.0.0.1:51950] Writing "538. foo bar"
17:48:11.512 [reactor-http-nio-10] DEBUG o.s.c.c.CharSequenceEncoder - [b2d03dd6-1, L:/127.0.0.1:51949 - R:/127.0.0.1:51950] Writing "539. foo bar"
17:48:11.512 [reactor-http-nio-10] DEBUG o.s.c.c.CharSequenceEncoder - [b2d03dd6-1, L:/127.0.0.1:51949 - R:/127.0.0.1:51950] Writing "540. foo bar"
17:48:11.513 [reactor-http-nio-10] DEBUG o.s.c.c.CharSequenceEncoder - [b2d03dd6-1, L:/127.0.0.1:51949 - R:/127.0.0.1:51950] Writing "541. foo bar"
17:48:11.513 [reactor-http-nio-10] DEBUG o.s.c.c.CharSequenceEncoder - [b2d03dd6-1, L:/127.0.0.1:51949 - R:/127.0.0.1:51950] Writing "542. foo bar"
17:48:11.513 [reactor-http-nio-10] DEBUG o.s.c.c.CharSequenceEncoder - [b2d03dd6-1, L:/127.0.0.1:51949 - R:/127.0.0.1:51950] Writing "543. foo bar"
17:48:11.513 [reactor-http-nio-10] DEBUG o.s.c.c.CharSequenceEncoder - [b2d03dd6-1, L:/127.0.0.1:51949 - R:/127.0.0.1:51950] Writing "544. foo bar"
17:48:11.513 [reactor-http-nio-10] DEBUG o.s.c.c.CharSequenceEncoder - [b2d03dd6-1, L:/127.0.0.1:51949 - R:/127.0.0.1:51950] Writing "545. foo bar"
17:48:11.513 [reactor-http-nio-10] DEBUG o.s.c.c.CharSequenceEncoder - [b2d03dd6-1, L:/127.0.0.1:51949 - R:/127.0.0.1:51950] Writing "546. foo bar"
17:48:11.513 [reactor-http-nio-10] DEBUG o.s.c.c.CharSequenceEncoder - [b2d03dd6-1, L:/127.0.0.1:51949 - R:/127.0.0.1:51950] Writing "547. foo bar"
17:48:11.513 [reactor-http-nio-10] DEBUG o.s.c.c.CharSequenceEncoder - [b2d03dd6-1, L:/127.0.0.1:51949 - R:/127.0.0.1:51950] Writing "548. foo bar"
17:48:11.513 [reactor-http-nio-10] DEBUG o.s.c.c.CharSequenceEncoder - [b2d03dd6-1, L:/127.0.0.1:51949 - R:/127.0.0.1:51950] Writing "549. foo bar"
17:48:11.513 [reactor-http-nio-10] DEBUG o.s.c.c.CharSequenceEncoder - [b2d03dd6-1, L:/127.0.0.1:51949 - R:/127.0.0.1:51950] Writing "550. foo bar"
17:48:11.513 [reactor-http-nio-10] DEBUG o.s.c.c.CharSequenceEncoder - [b2d03dd6-1, L:/127.0.0.1:51949 - R:/127.0.0.1:51950] Writing "551. foo bar"
17:48:11.513 [reactor-http-nio-10] DEBUG o.s.c.c.CharSequenceEncoder - [b2d03dd6-1, L:/127.0.0.1:51949 - R:/127.0.0.1:51950] Writing "552. foo bar"
17:48:11.513 [reactor-http-nio-10] DEBUG o.s.c.c.CharSequenceEncoder - [b2d03dd6-1, L:/127.0.0.1:51949 - R:/127.0.0.1:51950] Writing "553. foo bar"
17:48:11.513 [reactor-http-nio-10] DEBUG o.s.c.c.CharSequenceEncoder - [b2d03dd6-1, L:/127.0.0.1:51949 - R:/127.0.0.1:51950] Writing "554. foo bar"
17:48:11.513 [reactor-http-nio-10] DEBUG o.s.c.c.CharSequenceEncoder - [b2d03dd6-1, L:/127.0.0.1:51949 - R:/127.0.0.1:51950] Writing "555. foo bar"
17:48:11.513 [reactor-http-nio-10] DEBUG o.s.c.c.CharSequenceEncoder - [b2d03dd6-1, L:/127.0.0.1:51949 - R:/127.0.0.1:51950] Writing "556. foo bar"
17:48:11.513 [reactor-http-nio-10] DEBUG o.s.c.c.CharSequenceEncoder - [b2d03dd6-1, L:/127.0.0.1:51949 - R:/127.0.0.1:51950] Writing "557. foo bar"
17:48:11.514 [reactor-http-nio-10] DEBUG o.s.c.c.CharSequenceEncoder - [b2d03dd6-1, L:/127.0.0.1:51949 - R:/127.0.0.1:51950] Writing "558. foo bar"
17:48:11.514 [reactor-http-nio-10] DEBUG o.s.c.c.CharSequenceEncoder - [b2d03dd6-1, L:/127.0.0.1:51949 - R:/127.0.0.1:51950] Writing "559. foo bar"
17:48:11.514 [reactor-http-nio-10] DEBUG o.s.c.c.CharSequenceEncoder - [b2d03dd6-1, L:/127.0.0.1:51949 - R:/127.0.0.1:51950] Writing "560. foo bar"
17:48:11.514 [reactor-http-nio-10] DEBUG o.s.c.c.CharSequenceEncoder - [b2d03dd6-1, L:/127.0.0.1:51949 - R:/127.0.0.1:51950] Writing "561. foo bar"
17:48:11.514 [reactor-http-nio-10] DEBUG o.s.c.c.CharSequenceEncoder - [b2d03dd6-1, L:/127.0.0.1:51949 - R:/127.0.0.1:51950] Writing "562. foo bar"
17:48:11.514 [reactor-http-nio-10] DEBUG o.s.c.c.CharSequenceEncoder - [b2d03dd6-1, L:/127.0.0.1:51949 - R:/127.0.0.1:51950] Writing "563. foo bar"
17:48:11.514 [reactor-http-nio-10] DEBUG o.s.c.c.CharSequenceEncoder - [b2d03dd6-1, L:/127.0.0.1:51949 - R:/127.0.0.1:51950] Writing "564. foo bar"
17:48:11.514 [reactor-http-nio-10] DEBUG o.s.c.c.CharSequenceEncoder - [b2d03dd6-1, L:/127.0.0.1:51949 - R:/127.0.0.1:51950] Writing "565. foo bar"
17:48:11.514 [reactor-http-nio-10] DEBUG o.s.c.c.CharSequenceEncoder - [b2d03dd6-1, L:/127.0.0.1:51949 - R:/127.0.0.1:51950] Writing "566. foo bar"
17:48:11.514 [reactor-http-nio-10] DEBUG o.s.c.c.CharSequenceEncoder - [b2d03dd6-1, L:/127.0.0.1:51949 - R:/127.0.0.1:51950] Writing "567. foo bar"
17:48:11.514 [reactor-http-nio-10] DEBUG o.s.c.c.CharSequenceEncoder - [b2d03dd6-1, L:/127.0.0.1:51949 - R:/127.0.0.1:51950] Writing "568. foo bar"
17:48:11.514 [reactor-http-nio-10] DEBUG o.s.c.c.CharSequenceEncoder - [b2d03dd6-1, L:/127.0.0.1:51949 - R:/127.0.0.1:51950] Writing "569. foo bar"
17:48:11.514 [reactor-http-nio-10] DEBUG o.s.c.c.CharSequenceEncoder - [b2d03dd6-1, L:/127.0.0.1:51949 - R:/127.0.0.1:51950] Writing "570. foo bar"
17:48:11.514 [reactor-http-nio-10] DEBUG o.s.c.c.CharSequenceEncoder - [b2d03dd6-1, L:/127.0.0.1:51949 - R:/127.0.0.1:51950] Writing "571. foo bar"
17:48:11.514 [reactor-http-nio-10] DEBUG o.s.c.c.CharSequenceEncoder - [b2d03dd6-1, L:/127.0.0.1:51949 - R:/127.0.0.1:51950] Writing "572. foo bar"
17:48:11.514 [reactor-http-nio-10] DEBUG o.s.c.c.CharSequenceEncoder - [b2d03dd6-1, L:/127.0.0.1:51949 - R:/127.0.0.1:51950] Writing "573. foo bar"
17:48:11.514 [reactor-http-nio-10] DEBUG o.s.c.c.CharSequenceEncoder - [b2d03dd6-1, L:/127.0.0.1:51949 - R:/127.0.0.1:51950] Writing "574. foo bar"
17:48:11.514 [reactor-http-nio-10] DEBUG o.s.c.c.CharSequenceEncoder - [b2d03dd6-1, L:/127.0.0.1:51949 - R:/127.0.0.1:51950] Writing "575. foo bar"
17:48:11.514 [reactor-http-nio-10] DEBUG o.s.c.c.CharSequenceEncoder - [b2d03dd6-1, L:/127.0.0.1:51949 - R:/127.0.0.1:51950] Writing "576. foo bar"
17:48:11.520 [reactor-http-nio-10] DEBUG o.s.c.c.CharSequenceEncoder - [b2d03dd6-1, L:/127.0.0.1:51949 - R:/127.0.0.1:51950] Writing "577. foo bar"
17:48:11.520 [reactor-http-nio-10] DEBUG o.s.c.c.CharSequenceEncoder - [b2d03dd6-1, L:/127.0.0.1:51949 - R:/127.0.0.1:51950] Writing "578. foo bar"
17:48:11.520 [reactor-http-nio-10] DEBUG o.s.c.c.CharSequenceEncoder - [b2d03dd6-1, L:/127.0.0.1:51949 - R:/127.0.0.1:51950] Writing "579. foo bar"
17:48:11.520 [reactor-http-nio-10] DEBUG o.s.c.c.CharSequenceEncoder - [b2d03dd6-1, L:/127.0.0.1:51949 - R:/127.0.0.1:51950] Writing "580. foo bar"
17:48:11.520 [reactor-http-nio-10] DEBUG o.s.c.c.CharSequenceEncoder - [b2d03dd6-1, L:/127.0.0.1:51949 - R:/127.0.0.1:51950] Writing "581. foo bar"
17:48:11.520 [reactor-http-nio-10] DEBUG o.s.c.c.CharSequenceEncoder - [b2d03dd6-1, L:/127.0.0.1:51949 - R:/127.0.0.1:51950] Writing "582. foo bar"
17:48:11.520 [reactor-http-nio-10] DEBUG o.s.c.c.CharSequenceEncoder - [b2d03dd6-1, L:/127.0.0.1:51949 - R:/127.0.0.1:51950] Writing "583. foo bar"
17:48:11.520 [reactor-http-nio-10] DEBUG o.s.c.c.CharSequenceEncoder - [b2d03dd6-1, L:/127.0.0.1:51949 - R:/127.0.0.1:51950] Writing "584. foo bar"
17:48:11.520 [reactor-http-nio-10] DEBUG o.s.c.c.CharSequenceEncoder - [b2d03dd6-1, L:/127.0.0.1:51949 - R:/127.0.0.1:51950] Writing "585. foo bar"
17:48:11.520 [reactor-http-nio-10] DEBUG o.s.c.c.CharSequenceEncoder - [b2d03dd6-1, L:/127.0.0.1:51949 - R:/127.0.0.1:51950] Writing "586. foo bar"
17:48:11.520 [reactor-http-nio-10] DEBUG o.s.c.c.CharSequenceEncoder - [b2d03dd6-1, L:/127.0.0.1:51949 - R:/127.0.0.1:51950] Writing "587. foo bar"
17:48:11.520 [reactor-http-nio-10] DEBUG o.s.c.c.CharSequenceEncoder - [b2d03dd6-1, L:/127.0.0.1:51949 - R:/127.0.0.1:51950] Writing "588. foo bar"
17:48:11.520 [reactor-http-nio-10] DEBUG o.s.c.c.CharSequenceEncoder - [b2d03dd6-1, L:/127.0.0.1:51949 - R:/127.0.0.1:51950] Writing "589. foo bar"
17:48:11.520 [reactor-http-nio-10] DEBUG o.s.c.c.CharSequenceEncoder - [b2d03dd6-1, L:/127.0.0.1:51949 - R:/127.0.0.1:51950] Writing "590. foo bar"
17:48:11.520 [reactor-http-nio-10] DEBUG o.s.c.c.CharSequenceEncoder - [b2d03dd6-1, L:/127.0.0.1:51949 - R:/127.0.0.1:51950] Writing "591. foo bar"
17:48:11.520 [reactor-http-nio-10] DEBUG o.s.c.c.CharSequenceEncoder - [b2d03dd6-1, L:/127.0.0.1:51949 - R:/127.0.0.1:51950] Writing "592. foo bar"
17:48:11.520 [reactor-http-nio-10] DEBUG o.s.c.c.CharSequenceEncoder - [b2d03dd6-1, L:/127.0.0.1:51949 - R:/127.0.0.1:51950] Writing "593. foo bar"
17:48:11.520 [reactor-http-nio-10] DEBUG o.s.c.c.CharSequenceEncoder - [b2d03dd6-1, L:/127.0.0.1:51949 - R:/127.0.0.1:51950] Writing "594. foo bar"
17:48:11.520 [reactor-http-nio-10] DEBUG o.s.c.c.CharSequenceEncoder - [b2d03dd6-1, L:/127.0.0.1:51949 - R:/127.0.0.1:51950] Writing "595. foo bar"
17:48:11.521 [reactor-http-nio-10] DEBUG o.s.c.c.CharSequenceEncoder - [b2d03dd6-1, L:/127.0.0.1:51949 - R:/127.0.0.1:51950] Writing "596. foo bar"
17:48:11.521 [reactor-http-nio-10] DEBUG o.s.c.c.CharSequenceEncoder - [b2d03dd6-1, L:/127.0.0.1:51949 - R:/127.0.0.1:51950] Writing "597. foo bar"
17:48:11.521 [reactor-http-nio-10] DEBUG o.s.c.c.CharSequenceEncoder - [b2d03dd6-1, L:/127.0.0.1:51949 - R:/127.0.0.1:51950] Writing "598. foo bar"
17:48:11.521 [reactor-http-nio-10] DEBUG o.s.c.c.CharSequenceEncoder - [b2d03dd6-1, L:/127.0.0.1:51949 - R:/127.0.0.1:51950] Writing "599. foo bar"
17:48:11.521 [reactor-http-nio-10] DEBUG o.s.c.c.CharSequenceEncoder - [b2d03dd6-1, L:/127.0.0.1:51949 - R:/127.0.0.1:51950] Writing "600. foo bar"
17:48:11.521 [reactor-http-nio-10] DEBUG o.s.c.c.CharSequenceEncoder - [b2d03dd6-1, L:/127.0.0.1:51949 - R:/127.0.0.1:51950] Writing "601. foo bar"
17:48:11.521 [reactor-http-nio-10] DEBUG o.s.c.c.CharSequenceEncoder - [b2d03dd6-1, L:/127.0.0.1:51949 - R:/127.0.0.1:51950] Writing "602. foo bar"
17:48:11.521 [reactor-http-nio-10] DEBUG o.s.c.c.CharSequenceEncoder - [b2d03dd6-1, L:/127.0.0.1:51949 - R:/127.0.0.1:51950] Writing "603. foo bar"
17:48:11.521 [reactor-http-nio-10] DEBUG o.s.c.c.CharSequenceEncoder - [b2d03dd6-1, L:/127.0.0.1:51949 - R:/127.0.0.1:51950] Writing "604. foo bar"
17:48:11.521 [reactor-http-nio-10] DEBUG o.s.c.c.CharSequenceEncoder - [b2d03dd6-1, L:/127.0.0.1:51949 - R:/127.0.0.1:51950] Writing "605. foo bar"
17:48:11.521 [reactor-http-nio-10] DEBUG o.s.c.c.CharSequenceEncoder - [b2d03dd6-1, L:/127.0.0.1:51949 - R:/127.0.0.1:51950] Writing "606. foo bar"
17:48:11.521 [reactor-http-nio-10] DEBUG o.s.c.c.CharSequenceEncoder - [b2d03dd6-1, L:/127.0.0.1:51949 - R:/127.0.0.1:51950] Writing "607. foo bar"
17:48:11.521 [reactor-http-nio-10] DEBUG o.s.c.c.CharSequenceEncoder - [b2d03dd6-1, L:/127.0.0.1:51949 - R:/127.0.0.1:51950] Writing "608. foo bar"
17:48:11.521 [reactor-http-nio-10] DEBUG o.s.c.c.CharSequenceEncoder - [b2d03dd6-1, L:/127.0.0.1:51949 - R:/127.0.0.1:51950] Writing "609. foo bar"
17:48:11.521 [reactor-http-nio-10] DEBUG o.s.c.c.CharSequenceEncoder - [b2d03dd6-1, L:/127.0.0.1:51949 - R:/127.0.0.1:51950] Writing "610. foo bar"
17:48:11.521 [reactor-http-nio-10] DEBUG o.s.c.c.CharSequenceEncoder - [b2d03dd6-1, L:/127.0.0.1:51949 - R:/127.0.0.1:51950] Writing "611. foo bar"
17:48:11.521 [reactor-http-nio-10] DEBUG o.s.c.c.CharSequenceEncoder - [b2d03dd6-1, L:/127.0.0.1:51949 - R:/127.0.0.1:51950] Writing "612. foo bar"
17:48:11.521 [reactor-http-nio-10] DEBUG o.s.c.c.CharSequenceEncoder - [b2d03dd6-1, L:/127.0.0.1:51949 - R:/127.0.0.1:51950] Writing "613. foo bar"
17:48:11.521 [reactor-http-nio-10] DEBUG o.s.c.c.CharSequenceEncoder - [b2d03dd6-1, L:/127.0.0.1:51949 - R:/127.0.0.1:51950] Writing "614. foo bar"
17:48:11.521 [reactor-http-nio-10] DEBUG o.s.c.c.CharSequenceEncoder - [b2d03dd6-1, L:/127.0.0.1:51949 - R:/127.0.0.1:51950] Writing "615. foo bar"
17:48:11.521 [reactor-http-nio-10] DEBUG o.s.c.c.CharSequenceEncoder - [b2d03dd6-1, L:/127.0.0.1:51949 - R:/127.0.0.1:51950] Writing "616. foo bar"
17:48:11.522 [reactor-http-nio-10] DEBUG o.s.c.c.CharSequenceEncoder - [b2d03dd6-1, L:/127.0.0.1:51949 - R:/127.0.0.1:51950] Writing "617. foo bar"
17:48:11.522 [reactor-http-nio-10] DEBUG o.s.c.c.CharSequenceEncoder - [b2d03dd6-1, L:/127.0.0.1:51949 - R:/127.0.0.1:51950] Writing "618. foo bar"
17:48:11.522 [reactor-http-nio-10] DEBUG o.s.c.c.CharSequenceEncoder - [b2d03dd6-1, L:/127.0.0.1:51949 - R:/127.0.0.1:51950] Writing "619. foo bar"
17:48:11.522 [reactor-http-nio-10] DEBUG o.s.c.c.CharSequenceEncoder - [b2d03dd6-1, L:/127.0.0.1:51949 - R:/127.0.0.1:51950] Writing "620. foo bar"
17:48:11.522 [reactor-http-nio-10] DEBUG o.s.c.c.CharSequenceEncoder - [b2d03dd6-1, L:/127.0.0.1:51949 - R:/127.0.0.1:51950] Writing "621. foo bar"
17:48:11.522 [reactor-http-nio-10] DEBUG o.s.c.c.CharSequenceEncoder - [b2d03dd6-1, L:/127.0.0.1:51949 - R:/127.0.0.1:51950] Writing "622. foo bar"
17:48:11.522 [reactor-http-nio-10] DEBUG o.s.c.c.CharSequenceEncoder - [b2d03dd6-1, L:/127.0.0.1:51949 - R:/127.0.0.1:51950] Writing "623. foo bar"
17:48:11.522 [reactor-http-nio-10] DEBUG o.s.c.c.CharSequenceEncoder - [b2d03dd6-1, L:/127.0.0.1:51949 - R:/127.0.0.1:51950] Writing "624. foo bar"
17:48:11.522 [reactor-http-nio-10] DEBUG o.s.c.c.CharSequenceEncoder - [b2d03dd6-1, L:/127.0.0.1:51949 - R:/127.0.0.1:51950] Writing "625. foo bar"
17:48:11.522 [reactor-http-nio-10] DEBUG o.s.c.c.CharSequenceEncoder - [b2d03dd6-1, L:/127.0.0.1:51949 - R:/127.0.0.1:51950] Writing "626. foo bar"
17:48:11.522 [reactor-http-nio-10] DEBUG o.s.c.c.CharSequenceEncoder - [b2d03dd6-1, L:/127.0.0.1:51949 - R:/127.0.0.1:51950] Writing "627. foo bar"
17:48:11.522 [reactor-http-nio-10] DEBUG o.s.c.c.CharSequenceEncoder - [b2d03dd6-1, L:/127.0.0.1:51949 - R:/127.0.0.1:51950] Writing "628. foo bar"
17:48:11.522 [reactor-http-nio-10] DEBUG o.s.c.c.CharSequenceEncoder - [b2d03dd6-1, L:/127.0.0.1:51949 - R:/127.0.0.1:51950] Writing "629. foo bar"
17:48:11.522 [reactor-http-nio-10] DEBUG o.s.c.c.CharSequenceEncoder - [b2d03dd6-1, L:/127.0.0.1:51949 - R:/127.0.0.1:51950] Writing "630. foo bar"
17:48:11.522 [reactor-http-nio-10] DEBUG o.s.c.c.CharSequenceEncoder - [b2d03dd6-1, L:/127.0.0.1:51949 - R:/127.0.0.1:51950] Writing "631. foo bar"
17:48:11.522 [reactor-http-nio-10] DEBUG o.s.c.c.CharSequenceEncoder - [b2d03dd6-1, L:/127.0.0.1:51949 - R:/127.0.0.1:51950] Writing "632. foo bar"
17:48:11.522 [reactor-http-nio-10] DEBUG o.s.c.c.CharSequenceEncoder - [b2d03dd6-1, L:/127.0.0.1:51949 - R:/127.0.0.1:51950] Writing "633. foo bar"
17:48:11.522 [reactor-http-nio-10] DEBUG o.s.c.c.CharSequenceEncoder - [b2d03dd6-1, L:/127.0.0.1:51949 - R:/127.0.0.1:51950] Writing "634. foo bar"
17:48:11.522 [reactor-http-nio-10] DEBUG o.s.c.c.CharSequenceEncoder - [b2d03dd6-1, L:/127.0.0.1:51949 - R:/127.0.0.1:51950] Writing "635. foo bar"
17:48:11.523 [reactor-http-nio-10] DEBUG o.s.c.c.CharSequenceEncoder - [b2d03dd6-1, L:/127.0.0.1:51949 - R:/127.0.0.1:51950] Writing "636. foo bar"
17:48:11.523 [reactor-http-nio-10] DEBUG o.s.c.c.CharSequenceEncoder - [b2d03dd6-1, L:/127.0.0.1:51949 - R:/127.0.0.1:51950] Writing "637. foo bar"
17:48:11.523 [reactor-http-nio-10] DEBUG o.s.c.c.CharSequenceEncoder - [b2d03dd6-1, L:/127.0.0.1:51949 - R:/127.0.0.1:51950] Writing "638. foo bar"
17:48:11.523 [reactor-http-nio-10] DEBUG o.s.c.c.CharSequenceEncoder - [b2d03dd6-1, L:/127.0.0.1:51949 - R:/127.0.0.1:51950] Writing "639. foo bar"
17:48:11.523 [reactor-http-nio-10] DEBUG o.s.c.c.CharSequenceEncoder - [b2d03dd6-1, L:/127.0.0.1:51949 - R:/127.0.0.1:51950] Writing "640. foo bar"
17:48:11.532 [reactor-http-nio-10] DEBUG o.s.c.c.CharSequenceEncoder - [b2d03dd6-1, L:/127.0.0.1:51949 - R:/127.0.0.1:51950] Writing "641. foo bar"
17:48:11.532 [reactor-http-nio-10] DEBUG o.s.c.c.CharSequenceEncoder - [b2d03dd6-1, L:/127.0.0.1:51949 - R:/127.0.0.1:51950] Writing "642. foo bar"
17:48:11.532 [reactor-http-nio-10] DEBUG o.s.c.c.CharSequenceEncoder - [b2d03dd6-1, L:/127.0.0.1:51949 - R:/127.0.0.1:51950] Writing "643. foo bar"
17:48:11.532 [reactor-http-nio-10] DEBUG o.s.c.c.CharSequenceEncoder - [b2d03dd6-1, L:/127.0.0.1:51949 - R:/127.0.0.1:51950] Writing "644. foo bar"
17:48:11.533 [reactor-http-nio-10] DEBUG o.s.c.c.CharSequenceEncoder - [b2d03dd6-1, L:/127.0.0.1:51949 - R:/127.0.0.1:51950] Writing "645. foo bar"
17:48:11.533 [reactor-http-nio-10] DEBUG o.s.c.c.CharSequenceEncoder - [b2d03dd6-1, L:/127.0.0.1:51949 - R:/127.0.0.1:51950] Writing "646. foo bar"
17:48:11.533 [reactor-http-nio-10] DEBUG o.s.c.c.CharSequenceEncoder - [b2d03dd6-1, L:/127.0.0.1:51949 - R:/127.0.0.1:51950] Writing "647. foo bar"
17:48:11.533 [reactor-http-nio-10] DEBUG o.s.c.c.CharSequenceEncoder - [b2d03dd6-1, L:/127.0.0.1:51949 - R:/127.0.0.1:51950] Writing "648. foo bar"
17:48:11.533 [reactor-http-nio-10] DEBUG o.s.c.c.CharSequenceEncoder - [b2d03dd6-1, L:/127.0.0.1:51949 - R:/127.0.0.1:51950] Writing "649. foo bar"
17:48:11.533 [reactor-http-nio-10] DEBUG o.s.c.c.CharSequenceEncoder - [b2d03dd6-1, L:/127.0.0.1:51949 - R:/127.0.0.1:51950] Writing "650. foo bar"
17:48:11.533 [reactor-http-nio-10] DEBUG o.s.c.c.CharSequenceEncoder - [b2d03dd6-1, L:/127.0.0.1:51949 - R:/127.0.0.1:51950] Writing "651. foo bar"
17:48:11.533 [reactor-http-nio-10] DEBUG o.s.c.c.CharSequenceEncoder - [b2d03dd6-1, L:/127.0.0.1:51949 - R:/127.0.0.1:51950] Writing "652. foo bar"
17:48:11.533 [reactor-http-nio-10] DEBUG o.s.c.c.CharSequenceEncoder - [b2d03dd6-1, L:/127.0.0.1:51949 - R:/127.0.0.1:51950] Writing "653. foo bar"
17:48:11.533 [reactor-http-nio-10] DEBUG o.s.c.c.CharSequenceEncoder - [b2d03dd6-1, L:/127.0.0.1:51949 - R:/127.0.0.1:51950] Writing "654. foo bar"
17:48:11.533 [reactor-http-nio-10] DEBUG o.s.c.c.CharSequenceEncoder - [b2d03dd6-1, L:/127.0.0.1:51949 - R:/127.0.0.1:51950] Writing "655. foo bar"
17:48:11.533 [reactor-http-nio-10] DEBUG o.s.c.c.CharSequenceEncoder - [b2d03dd6-1, L:/127.0.0.1:51949 - R:/127.0.0.1:51950] Writing "656. foo bar"
17:48:11.533 [reactor-http-nio-10] DEBUG o.s.c.c.CharSequenceEncoder - [b2d03dd6-1, L:/127.0.0.1:51949 - R:/127.0.0.1:51950] Writing "657. foo bar"
17:48:11.533 [reactor-http-nio-10] DEBUG o.s.c.c.CharSequenceEncoder - [b2d03dd6-1, L:/127.0.0.1:51949 - R:/127.0.0.1:51950] Writing "658. foo bar"
17:48:11.533 [reactor-http-nio-10] DEBUG o.s.c.c.CharSequenceEncoder - [b2d03dd6-1, L:/127.0.0.1:51949 - R:/127.0.0.1:51950] Writing "659. foo bar"
17:48:11.533 [reactor-http-nio-10] DEBUG o.s.c.c.CharSequenceEncoder - [b2d03dd6-1, L:/127.0.0.1:51949 - R:/127.0.0.1:51950] Writing "660. foo bar"
17:48:11.533 [reactor-http-nio-10] DEBUG o.s.c.c.CharSequenceEncoder - [b2d03dd6-1, L:/127.0.0.1:51949 - R:/127.0.0.1:51950] Writing "661. foo bar"
17:48:11.533 [reactor-http-nio-10] DEBUG o.s.c.c.CharSequenceEncoder - [b2d03dd6-1, L:/127.0.0.1:51949 - R:/127.0.0.1:51950] Writing "662. foo bar"
17:48:11.533 [reactor-http-nio-10] DEBUG o.s.c.c.CharSequenceEncoder - [b2d03dd6-1, L:/127.0.0.1:51949 - R:/127.0.0.1:51950] Writing "663. foo bar"
17:48:11.533 [reactor-http-nio-10] DEBUG o.s.c.c.CharSequenceEncoder - [b2d03dd6-1, L:/127.0.0.1:51949 - R:/127.0.0.1:51950] Writing "664. foo bar"
17:48:11.533 [reactor-http-nio-10] DEBUG o.s.c.c.CharSequenceEncoder - [b2d03dd6-1, L:/127.0.0.1:51949 - R:/127.0.0.1:51950] Writing "665. foo bar"
17:48:11.534 [reactor-http-nio-10] DEBUG o.s.c.c.CharSequenceEncoder - [b2d03dd6-1, L:/127.0.0.1:51949 - R:/127.0.0.1:51950] Writing "666. foo bar"
17:48:11.534 [reactor-http-nio-10] DEBUG o.s.c.c.CharSequenceEncoder - [b2d03dd6-1, L:/127.0.0.1:51949 - R:/127.0.0.1:51950] Writing "667. foo bar"
17:48:11.534 [reactor-http-nio-10] DEBUG o.s.c.c.CharSequenceEncoder - [b2d03dd6-1, L:/127.0.0.1:51949 - R:/127.0.0.1:51950] Writing "668. foo bar"
17:48:11.534 [reactor-http-nio-10] DEBUG o.s.c.c.CharSequenceEncoder - [b2d03dd6-1, L:/127.0.0.1:51949 - R:/127.0.0.1:51950] Writing "669. foo bar"
17:48:11.534 [reactor-http-nio-10] DEBUG o.s.c.c.CharSequenceEncoder - [b2d03dd6-1, L:/127.0.0.1:51949 - R:/127.0.0.1:51950] Writing "670. foo bar"
17:48:11.534 [reactor-http-nio-10] DEBUG o.s.c.c.CharSequenceEncoder - [b2d03dd6-1, L:/127.0.0.1:51949 - R:/127.0.0.1:51950] Writing "671. foo bar"
17:48:11.534 [reactor-http-nio-10] DEBUG o.s.c.c.CharSequenceEncoder - [b2d03dd6-1, L:/127.0.0.1:51949 - R:/127.0.0.1:51950] Writing "672. foo bar"
17:48:11.534 [reactor-http-nio-10] DEBUG o.s.c.c.CharSequenceEncoder - [b2d03dd6-1, L:/127.0.0.1:51949 - R:/127.0.0.1:51950] Writing "673. foo bar"
17:48:11.534 [reactor-http-nio-10] DEBUG o.s.c.c.CharSequenceEncoder - [b2d03dd6-1, L:/127.0.0.1:51949 - R:/127.0.0.1:51950] Writing "674. foo bar"
17:48:11.534 [reactor-http-nio-10] DEBUG o.s.c.c.CharSequenceEncoder - [b2d03dd6-1, L:/127.0.0.1:51949 - R:/127.0.0.1:51950] Writing "675. foo bar"
17:48:11.534 [reactor-http-nio-10] DEBUG o.s.c.c.CharSequenceEncoder - [b2d03dd6-1, L:/127.0.0.1:51949 - R:/127.0.0.1:51950] Writing "676. foo bar"
17:48:11.534 [reactor-http-nio-10] DEBUG o.s.c.c.CharSequenceEncoder - [b2d03dd6-1, L:/127.0.0.1:51949 - R:/127.0.0.1:51950] Writing "677. foo bar"
17:48:11.534 [reactor-http-nio-10] DEBUG o.s.c.c.CharSequenceEncoder - [b2d03dd6-1, L:/127.0.0.1:51949 - R:/127.0.0.1:51950] Writing "678. foo bar"
17:48:11.534 [reactor-http-nio-10] DEBUG o.s.c.c.CharSequenceEncoder - [b2d03dd6-1, L:/127.0.0.1:51949 - R:/127.0.0.1:51950] Writing "679. foo bar"
17:48:11.534 [reactor-http-nio-10] DEBUG o.s.c.c.CharSequenceEncoder - [b2d03dd6-1, L:/127.0.0.1:51949 - R:/127.0.0.1:51950] Writing "680. foo bar"
17:48:11.534 [reactor-http-nio-10] DEBUG o.s.c.c.CharSequenceEncoder - [b2d03dd6-1, L:/127.0.0.1:51949 - R:/127.0.0.1:51950] Writing "681. foo bar"
17:48:11.534 [reactor-http-nio-10] DEBUG o.s.c.c.CharSequenceEncoder - [b2d03dd6-1, L:/127.0.0.1:51949 - R:/127.0.0.1:51950] Writing "682. foo bar"
17:48:11.534 [reactor-http-nio-10] DEBUG o.s.c.c.CharSequenceEncoder - [b2d03dd6-1, L:/127.0.0.1:51949 - R:/127.0.0.1:51950] Writing "683. foo bar"
17:48:11.534 [reactor-http-nio-10] DEBUG o.s.c.c.CharSequenceEncoder - [b2d03dd6-1, L:/127.0.0.1:51949 - R:/127.0.0.1:51950] Writing "684. foo bar"
17:48:11.534 [reactor-http-nio-10] DEBUG o.s.c.c.CharSequenceEncoder - [b2d03dd6-1, L:/127.0.0.1:51949 - R:/127.0.0.1:51950] Writing "685. foo bar"
17:48:11.534 [reactor-http-nio-10] DEBUG o.s.c.c.CharSequenceEncoder - [b2d03dd6-1, L:/127.0.0.1:51949 - R:/127.0.0.1:51950] Writing "686. foo bar"
17:48:11.534 [reactor-http-nio-10] DEBUG o.s.c.c.CharSequenceEncoder - [b2d03dd6-1, L:/127.0.0.1:51949 - R:/127.0.0.1:51950] Writing "687. foo bar"
17:48:11.534 [reactor-http-nio-10] DEBUG o.s.c.c.CharSequenceEncoder - [b2d03dd6-1, L:/127.0.0.1:51949 - R:/127.0.0.1:51950] Writing "688. foo bar"
17:48:11.534 [reactor-http-nio-10] DEBUG o.s.c.c.CharSequenceEncoder - [b2d03dd6-1, L:/127.0.0.1:51949 - R:/127.0.0.1:51950] Writing "689. foo bar"
17:48:11.535 [reactor-http-nio-10] DEBUG o.s.c.c.CharSequenceEncoder - [b2d03dd6-1, L:/127.0.0.1:51949 - R:/127.0.0.1:51950] Writing "690. foo bar"
17:48:11.535 [reactor-http-nio-10] DEBUG o.s.c.c.CharSequenceEncoder - [b2d03dd6-1, L:/127.0.0.1:51949 - R:/127.0.0.1:51950] Writing "691. foo bar"
17:48:11.535 [reactor-http-nio-10] DEBUG o.s.c.c.CharSequenceEncoder - [b2d03dd6-1, L:/127.0.0.1:51949 - R:/127.0.0.1:51950] Writing "692. foo bar"
17:48:11.535 [reactor-http-nio-10] DEBUG o.s.c.c.CharSequenceEncoder - [b2d03dd6-1, L:/127.0.0.1:51949 - R:/127.0.0.1:51950] Writing "693. foo bar"
17:48:11.535 [reactor-http-nio-10] DEBUG o.s.c.c.CharSequenceEncoder - [b2d03dd6-1, L:/127.0.0.1:51949 - R:/127.0.0.1:51950] Writing "694. foo bar"
17:48:11.535 [reactor-http-nio-10] DEBUG o.s.c.c.CharSequenceEncoder - [b2d03dd6-1, L:/127.0.0.1:51949 - R:/127.0.0.1:51950] Writing "695. foo bar"
17:48:11.535 [reactor-http-nio-10] DEBUG o.s.c.c.CharSequenceEncoder - [b2d03dd6-1, L:/127.0.0.1:51949 - R:/127.0.0.1:51950] Writing "696. foo bar"
17:48:11.535 [reactor-http-nio-10] DEBUG o.s.c.c.CharSequenceEncoder - [b2d03dd6-1, L:/127.0.0.1:51949 - R:/127.0.0.1:51950] Writing "697. foo bar"
17:48:11.535 [reactor-http-nio-10] DEBUG o.s.c.c.CharSequenceEncoder - [b2d03dd6-1, L:/127.0.0.1:51949 - R:/127.0.0.1:51950] Writing "698. foo bar"
17:48:11.535 [reactor-http-nio-10] DEBUG o.s.c.c.CharSequenceEncoder - [b2d03dd6-1, L:/127.0.0.1:51949 - R:/127.0.0.1:51950] Writing "699. foo bar"
17:48:11.535 [reactor-http-nio-10] DEBUG o.s.c.c.CharSequenceEncoder - [b2d03dd6-1, L:/127.0.0.1:51949 - R:/127.0.0.1:51950] Writing "700. foo bar"
17:48:11.535 [reactor-http-nio-10] DEBUG o.s.c.c.CharSequenceEncoder - [b2d03dd6-1, L:/127.0.0.1:51949 - R:/127.0.0.1:51950] Writing "701. foo bar"
17:48:11.535 [reactor-http-nio-10] DEBUG o.s.c.c.CharSequenceEncoder - [b2d03dd6-1, L:/127.0.0.1:51949 - R:/127.0.0.1:51950] Writing "702. foo bar"
17:48:11.535 [reactor-http-nio-10] DEBUG o.s.c.c.CharSequenceEncoder - [b2d03dd6-1, L:/127.0.0.1:51949 - R:/127.0.0.1:51950] Writing "703. foo bar"
17:48:11.535 [reactor-http-nio-10] DEBUG o.s.c.c.CharSequenceEncoder - [b2d03dd6-1, L:/127.0.0.1:51949 - R:/127.0.0.1:51950] Writing "704. foo bar"
17:48:11.543 [reactor-http-nio-10] DEBUG o.s.c.c.CharSequenceEncoder - [b2d03dd6-1, L:/127.0.0.1:51949 - R:/127.0.0.1:51950] Writing "705. foo bar"
17:48:11.543 [reactor-http-nio-10] DEBUG o.s.c.c.CharSequenceEncoder - [b2d03dd6-1, L:/127.0.0.1:51949 - R:/127.0.0.1:51950] Writing "706. foo bar"
17:48:11.543 [reactor-http-nio-10] DEBUG o.s.c.c.CharSequenceEncoder - [b2d03dd6-1, L:/127.0.0.1:51949 - R:/127.0.0.1:51950] Writing "707. foo bar"
17:48:11.543 [reactor-http-nio-10] DEBUG o.s.c.c.CharSequenceEncoder - [b2d03dd6-1, L:/127.0.0.1:51949 - R:/127.0.0.1:51950] Writing "708. foo bar"
17:48:11.543 [reactor-http-nio-10] DEBUG o.s.c.c.CharSequenceEncoder - [b2d03dd6-1, L:/127.0.0.1:51949 - R:/127.0.0.1:51950] Writing "709. foo bar"
17:48:11.543 [reactor-http-nio-10] DEBUG o.s.c.c.CharSequenceEncoder - [b2d03dd6-1, L:/127.0.0.1:51949 - R:/127.0.0.1:51950] Writing "710. foo bar"
17:48:11.543 [reactor-http-nio-10] DEBUG o.s.c.c.CharSequenceEncoder - [b2d03dd6-1, L:/127.0.0.1:51949 - R:/127.0.0.1:51950] Writing "711. foo bar"
17:48:11.543 [reactor-http-nio-10] DEBUG o.s.c.c.CharSequenceEncoder - [b2d03dd6-1, L:/127.0.0.1:51949 - R:/127.0.0.1:51950] Writing "712. foo bar"
17:48:11.543 [reactor-http-nio-10] DEBUG o.s.c.c.CharSequenceEncoder - [b2d03dd6-1, L:/127.0.0.1:51949 - R:/127.0.0.1:51950] Writing "713. foo bar"
17:48:11.543 [reactor-http-nio-10] DEBUG o.s.c.c.CharSequenceEncoder - [b2d03dd6-1, L:/127.0.0.1:51949 - R:/127.0.0.1:51950] Writing "714. foo bar"
17:48:11.543 [reactor-http-nio-10] DEBUG o.s.c.c.CharSequenceEncoder - [b2d03dd6-1, L:/127.0.0.1:51949 - R:/127.0.0.1:51950] Writing "715. foo bar"
17:48:11.543 [reactor-http-nio-10] DEBUG o.s.c.c.CharSequenceEncoder - [b2d03dd6-1, L:/127.0.0.1:51949 - R:/127.0.0.1:51950] Writing "716. foo bar"
17:48:11.543 [reactor-http-nio-10] DEBUG o.s.c.c.CharSequenceEncoder - [b2d03dd6-1, L:/127.0.0.1:51949 - R:/127.0.0.1:51950] Writing "717. foo bar"
17:48:11.543 [reactor-http-nio-10] DEBUG o.s.c.c.CharSequenceEncoder - [b2d03dd6-1, L:/127.0.0.1:51949 - R:/127.0.0.1:51950] Writing "718. foo bar"
17:48:11.543 [reactor-http-nio-10] DEBUG o.s.c.c.CharSequenceEncoder - [b2d03dd6-1, L:/127.0.0.1:51949 - R:/127.0.0.1:51950] Writing "719. foo bar"
17:48:11.543 [reactor-http-nio-10] DEBUG o.s.c.c.CharSequenceEncoder - [b2d03dd6-1, L:/127.0.0.1:51949 - R:/127.0.0.1:51950] Writing "720. foo bar"
17:48:11.543 [reactor-http-nio-10] DEBUG o.s.c.c.CharSequenceEncoder - [b2d03dd6-1, L:/127.0.0.1:51949 - R:/127.0.0.1:51950] Writing "721. foo bar"
17:48:11.543 [reactor-http-nio-10] DEBUG o.s.c.c.CharSequenceEncoder - [b2d03dd6-1, L:/127.0.0.1:51949 - R:/127.0.0.1:51950] Writing "722. foo bar"
17:48:11.543 [reactor-http-nio-10] DEBUG o.s.c.c.CharSequenceEncoder - [b2d03dd6-1, L:/127.0.0.1:51949 - R:/127.0.0.1:51950] Writing "723. foo bar"
17:48:11.543 [reactor-http-nio-10] DEBUG o.s.c.c.CharSequenceEncoder - [b2d03dd6-1, L:/127.0.0.1:51949 - R:/127.0.0.1:51950] Writing "724. foo bar"
17:48:11.543 [reactor-http-nio-10] DEBUG o.s.c.c.CharSequenceEncoder - [b2d03dd6-1, L:/127.0.0.1:51949 - R:/127.0.0.1:51950] Writing "725. foo bar"
17:48:11.543 [reactor-http-nio-10] DEBUG o.s.c.c.CharSequenceEncoder - [b2d03dd6-1, L:/127.0.0.1:51949 - R:/127.0.0.1:51950] Writing "726. foo bar"
17:48:11.543 [reactor-http-nio-10] DEBUG o.s.c.c.CharSequenceEncoder - [b2d03dd6-1, L:/127.0.0.1:51949 - R:/127.0.0.1:51950] Writing "727. foo bar"
17:48:11.544 [reactor-http-nio-10] DEBUG o.s.c.c.CharSequenceEncoder - [b2d03dd6-1, L:/127.0.0.1:51949 - R:/127.0.0.1:51950] Writing "728. foo bar"
17:48:11.544 [reactor-http-nio-10] DEBUG o.s.c.c.CharSequenceEncoder - [b2d03dd6-1, L:/127.0.0.1:51949 - R:/127.0.0.1:51950] Writing "729. foo bar"
17:48:11.544 [reactor-http-nio-10] DEBUG o.s.c.c.CharSequenceEncoder - [b2d03dd6-1, L:/127.0.0.1:51949 - R:/127.0.0.1:51950] Writing "730. foo bar"
17:48:11.544 [reactor-http-nio-10] DEBUG o.s.c.c.CharSequenceEncoder - [b2d03dd6-1, L:/127.0.0.1:51949 - R:/127.0.0.1:51950] Writing "731. foo bar"
17:48:11.544 [reactor-http-nio-10] DEBUG o.s.c.c.CharSequenceEncoder - [b2d03dd6-1, L:/127.0.0.1:51949 - R:/127.0.0.1:51950] Writing "732. foo bar"
17:48:11.544 [reactor-http-nio-10] DEBUG o.s.c.c.CharSequenceEncoder - [b2d03dd6-1, L:/127.0.0.1:51949 - R:/127.0.0.1:51950] Writing "733. foo bar"
17:48:11.544 [reactor-http-nio-10] DEBUG o.s.c.c.CharSequenceEncoder - [b2d03dd6-1, L:/127.0.0.1:51949 - R:/127.0.0.1:51950] Writing "734. foo bar"
17:48:11.544 [reactor-http-nio-10] DEBUG o.s.c.c.CharSequenceEncoder - [b2d03dd6-1, L:/127.0.0.1:51949 - R:/127.0.0.1:51950] Writing "735. foo bar"
17:48:11.544 [reactor-http-nio-10] DEBUG o.s.c.c.CharSequenceEncoder - [b2d03dd6-1, L:/127.0.0.1:51949 - R:/127.0.0.1:51950] Writing "736. foo bar"
17:48:11.544 [reactor-http-nio-10] DEBUG o.s.c.c.CharSequenceEncoder - [b2d03dd6-1, L:/127.0.0.1:51949 - R:/127.0.0.1:51950] Writing "737. foo bar"
17:48:11.544 [reactor-http-nio-10] DEBUG o.s.c.c.CharSequenceEncoder - [b2d03dd6-1, L:/127.0.0.1:51949 - R:/127.0.0.1:51950] Writing "738. foo bar"
17:48:11.544 [reactor-http-nio-10] DEBUG o.s.c.c.CharSequenceEncoder - [b2d03dd6-1, L:/127.0.0.1:51949 - R:/127.0.0.1:51950] Writing "739. foo bar"
17:48:11.544 [reactor-http-nio-10] DEBUG o.s.c.c.CharSequenceEncoder - [b2d03dd6-1, L:/127.0.0.1:51949 - R:/127.0.0.1:51950] Writing "740. foo bar"
17:48:11.544 [reactor-http-nio-10] DEBUG o.s.c.c.CharSequenceEncoder - [b2d03dd6-1, L:/127.0.0.1:51949 - R:/127.0.0.1:51950] Writing "741. foo bar"
17:48:11.544 [reactor-http-nio-10] DEBUG o.s.c.c.CharSequenceEncoder - [b2d03dd6-1, L:/127.0.0.1:51949 - R:/127.0.0.1:51950] Writing "742. foo bar"
17:48:11.544 [reactor-http-nio-10] DEBUG o.s.c.c.CharSequenceEncoder - [b2d03dd6-1, L:/127.0.0.1:51949 - R:/127.0.0.1:51950] Writing "743. foo bar"
17:48:11.544 [reactor-http-nio-10] DEBUG o.s.c.c.CharSequenceEncoder - [b2d03dd6-1, L:/127.0.0.1:51949 - R:/127.0.0.1:51950] Writing "744. foo bar"
17:48:11.544 [reactor-http-nio-10] DEBUG o.s.c.c.CharSequenceEncoder - [b2d03dd6-1, L:/127.0.0.1:51949 - R:/127.0.0.1:51950] Writing "745. foo bar"
17:48:11.544 [reactor-http-nio-10] DEBUG o.s.c.c.CharSequenceEncoder - [b2d03dd6-1, L:/127.0.0.1:51949 - R:/127.0.0.1:51950] Writing "746. foo bar"
17:48:11.544 [reactor-http-nio-10] DEBUG o.s.c.c.CharSequenceEncoder - [b2d03dd6-1, L:/127.0.0.1:51949 - R:/127.0.0.1:51950] Writing "747. foo bar"
17:48:11.544 [reactor-http-nio-10] DEBUG o.s.c.c.CharSequenceEncoder - [b2d03dd6-1, L:/127.0.0.1:51949 - R:/127.0.0.1:51950] Writing "748. foo bar"
17:48:11.544 [reactor-http-nio-10] DEBUG o.s.c.c.CharSequenceEncoder - [b2d03dd6-1, L:/127.0.0.1:51949 - R:/127.0.0.1:51950] Writing "749. foo bar"
17:48:11.544 [reactor-http-nio-10] DEBUG o.s.c.c.CharSequenceEncoder - [b2d03dd6-1, L:/127.0.0.1:51949 - R:/127.0.0.1:51950] Writing "750. foo bar"
17:48:11.544 [reactor-http-nio-10] DEBUG o.s.c.c.CharSequenceEncoder - [b2d03dd6-1, L:/127.0.0.1:51949 - R:/127.0.0.1:51950] Writing "751. foo bar"
17:48:11.544 [reactor-http-nio-10] DEBUG o.s.c.c.CharSequenceEncoder - [b2d03dd6-1, L:/127.0.0.1:51949 - R:/127.0.0.1:51950] Writing "752. foo bar"
17:48:11.544 [reactor-http-nio-10] DEBUG o.s.c.c.CharSequenceEncoder - [b2d03dd6-1, L:/127.0.0.1:51949 - R:/127.0.0.1:51950] Writing "753. foo bar"
17:48:11.545 [reactor-http-nio-10] DEBUG o.s.c.c.CharSequenceEncoder - [b2d03dd6-1, L:/127.0.0.1:51949 - R:/127.0.0.1:51950] Writing "754. foo bar"
17:48:11.545 [reactor-http-nio-10] DEBUG o.s.c.c.CharSequenceEncoder - [b2d03dd6-1, L:/127.0.0.1:51949 - R:/127.0.0.1:51950] Writing "755. foo bar"
17:48:11.545 [reactor-http-nio-10] DEBUG o.s.c.c.CharSequenceEncoder - [b2d03dd6-1, L:/127.0.0.1:51949 - R:/127.0.0.1:51950] Writing "756. foo bar"
17:48:11.545 [reactor-http-nio-10] DEBUG o.s.c.c.CharSequenceEncoder - [b2d03dd6-1, L:/127.0.0.1:51949 - R:/127.0.0.1:51950] Writing "757. foo bar"
17:48:11.545 [reactor-http-nio-10] DEBUG o.s.c.c.CharSequenceEncoder - [b2d03dd6-1, L:/127.0.0.1:51949 - R:/127.0.0.1:51950] Writing "758. foo bar"
17:48:11.545 [reactor-http-nio-10] DEBUG o.s.c.c.CharSequenceEncoder - [b2d03dd6-1, L:/127.0.0.1:51949 - R:/127.0.0.1:51950] Writing "759. foo bar"
17:48:11.545 [reactor-http-nio-10] DEBUG o.s.c.c.CharSequenceEncoder - [b2d03dd6-1, L:/127.0.0.1:51949 - R:/127.0.0.1:51950] Writing "760. foo bar"
17:48:11.545 [reactor-http-nio-10] DEBUG o.s.c.c.CharSequenceEncoder - [b2d03dd6-1, L:/127.0.0.1:51949 - R:/127.0.0.1:51950] Writing "761. foo bar"
17:48:11.545 [reactor-http-nio-10] DEBUG o.s.c.c.CharSequenceEncoder - [b2d03dd6-1, L:/127.0.0.1:51949 - R:/127.0.0.1:51950] Writing "762. foo bar"
17:48:11.545 [reactor-http-nio-10] DEBUG o.s.c.c.CharSequenceEncoder - [b2d03dd6-1, L:/127.0.0.1:51949 - R:/127.0.0.1:51950] Writing "763. foo bar"
17:48:11.545 [reactor-http-nio-10] DEBUG o.s.c.c.CharSequenceEncoder - [b2d03dd6-1, L:/127.0.0.1:51949 - R:/127.0.0.1:51950] Writing "764. foo bar"
17:48:11.545 [reactor-http-nio-10] DEBUG o.s.c.c.CharSequenceEncoder - [b2d03dd6-1, L:/127.0.0.1:51949 - R:/127.0.0.1:51950] Writing "765. foo bar"
17:48:11.545 [reactor-http-nio-10] DEBUG o.s.c.c.CharSequenceEncoder - [b2d03dd6-1, L:/127.0.0.1:51949 - R:/127.0.0.1:51950] Writing "766. foo bar"
17:48:11.545 [reactor-http-nio-10] DEBUG o.s.c.c.CharSequenceEncoder - [b2d03dd6-1, L:/127.0.0.1:51949 - R:/127.0.0.1:51950] Writing "767. foo bar"
17:48:11.545 [reactor-http-nio-10] DEBUG o.s.c.c.CharSequenceEncoder - [b2d03dd6-1, L:/127.0.0.1:51949 - R:/127.0.0.1:51950] Writing "768. foo bar"
17:48:11.554 [reactor-http-nio-10] DEBUG o.s.c.c.CharSequenceEncoder - [b2d03dd6-1, L:/127.0.0.1:51949 - R:/127.0.0.1:51950] Writing "769. foo bar"
17:48:11.554 [reactor-http-nio-10] DEBUG o.s.c.c.CharSequenceEncoder - [b2d03dd6-1, L:/127.0.0.1:51949 - R:/127.0.0.1:51950] Writing "770. foo bar"
17:48:11.554 [reactor-http-nio-10] DEBUG o.s.c.c.CharSequenceEncoder - [b2d03dd6-1, L:/127.0.0.1:51949 - R:/127.0.0.1:51950] Writing "771. foo bar"
17:48:11.554 [reactor-http-nio-10] DEBUG o.s.c.c.CharSequenceEncoder - [b2d03dd6-1, L:/127.0.0.1:51949 - R:/127.0.0.1:51950] Writing "772. foo bar"
17:48:11.554 [reactor-http-nio-10] DEBUG o.s.c.c.CharSequenceEncoder - [b2d03dd6-1, L:/127.0.0.1:51949 - R:/127.0.0.1:51950] Writing "773. foo bar"
17:48:11.554 [reactor-http-nio-10] DEBUG o.s.c.c.CharSequenceEncoder - [b2d03dd6-1, L:/127.0.0.1:51949 - R:/127.0.0.1:51950] Writing "774. foo bar"
17:48:11.554 [reactor-http-nio-10] DEBUG o.s.c.c.CharSequenceEncoder - [b2d03dd6-1, L:/127.0.0.1:51949 - R:/127.0.0.1:51950] Writing "775. foo bar"
17:48:11.554 [reactor-http-nio-10] DEBUG o.s.c.c.CharSequenceEncoder - [b2d03dd6-1, L:/127.0.0.1:51949 - R:/127.0.0.1:51950] Writing "776. foo bar"
17:48:11.554 [reactor-http-nio-10] DEBUG o.s.c.c.CharSequenceEncoder - [b2d03dd6-1, L:/127.0.0.1:51949 - R:/127.0.0.1:51950] Writing "777. foo bar"
17:48:11.554 [reactor-http-nio-10] DEBUG o.s.c.c.CharSequenceEncoder - [b2d03dd6-1, L:/127.0.0.1:51949 - R:/127.0.0.1:51950] Writing "778. foo bar"
17:48:11.554 [reactor-http-nio-10] DEBUG o.s.c.c.CharSequenceEncoder - [b2d03dd6-1, L:/127.0.0.1:51949 - R:/127.0.0.1:51950] Writing "779. foo bar"
17:48:11.554 [reactor-http-nio-10] DEBUG o.s.c.c.CharSequenceEncoder - [b2d03dd6-1, L:/127.0.0.1:51949 - R:/127.0.0.1:51950] Writing "780. foo bar"
17:48:11.554 [reactor-http-nio-10] DEBUG o.s.c.c.CharSequenceEncoder - [b2d03dd6-1, L:/127.0.0.1:51949 - R:/127.0.0.1:51950] Writing "781. foo bar"
17:48:11.554 [reactor-http-nio-10] DEBUG o.s.c.c.CharSequenceEncoder - [b2d03dd6-1, L:/127.0.0.1:51949 - R:/127.0.0.1:51950] Writing "782. foo bar"
17:48:11.554 [reactor-http-nio-10] DEBUG o.s.c.c.CharSequenceEncoder - [b2d03dd6-1, L:/127.0.0.1:51949 - R:/127.0.0.1:51950] Writing "783. foo bar"
17:48:11.554 [reactor-http-nio-10] DEBUG o.s.c.c.CharSequenceEncoder - [b2d03dd6-1, L:/127.0.0.1:51949 - R:/127.0.0.1:51950] Writing "784. foo bar"
17:48:11.554 [reactor-http-nio-10] DEBUG o.s.c.c.CharSequenceEncoder - [b2d03dd6-1, L:/127.0.0.1:51949 - R:/127.0.0.1:51950] Writing "785. foo bar"
17:48:11.555 [reactor-http-nio-10] DEBUG o.s.c.c.CharSequenceEncoder - [b2d03dd6-1, L:/127.0.0.1:51949 - R:/127.0.0.1:51950] Writing "786. foo bar"
17:48:11.555 [reactor-http-nio-10] DEBUG o.s.c.c.CharSequenceEncoder - [b2d03dd6-1, L:/127.0.0.1:51949 - R:/127.0.0.1:51950] Writing "787. foo bar"
17:48:11.555 [reactor-http-nio-10] DEBUG o.s.c.c.CharSequenceEncoder - [b2d03dd6-1, L:/127.0.0.1:51949 - R:/127.0.0.1:51950] Writing "788. foo bar"
17:48:11.555 [reactor-http-nio-10] DEBUG o.s.c.c.CharSequenceEncoder - [b2d03dd6-1, L:/127.0.0.1:51949 - R:/127.0.0.1:51950] Writing "789. foo bar"
17:48:11.555 [reactor-http-nio-10] DEBUG o.s.c.c.CharSequenceEncoder - [b2d03dd6-1, L:/127.0.0.1:51949 - R:/127.0.0.1:51950] Writing "790. foo bar"
17:48:11.555 [reactor-http-nio-10] DEBUG o.s.c.c.CharSequenceEncoder - [b2d03dd6-1, L:/127.0.0.1:51949 - R:/127.0.0.1:51950] Writing "791. foo bar"
17:48:11.555 [reactor-http-nio-10] DEBUG o.s.c.c.CharSequenceEncoder - [b2d03dd6-1, L:/127.0.0.1:51949 - R:/127.0.0.1:51950] Writing "792. foo bar"
17:48:11.555 [reactor-http-nio-10] DEBUG o.s.c.c.CharSequenceEncoder - [b2d03dd6-1, L:/127.0.0.1:51949 - R:/127.0.0.1:51950] Writing "793. foo bar"
17:48:11.555 [reactor-http-nio-10] DEBUG o.s.c.c.CharSequenceEncoder - [b2d03dd6-1, L:/127.0.0.1:51949 - R:/127.0.0.1:51950] Writing "794. foo bar"
17:48:11.555 [reactor-http-nio-10] DEBUG o.s.c.c.CharSequenceEncoder - [b2d03dd6-1, L:/127.0.0.1:51949 - R:/127.0.0.1:51950] Writing "795. foo bar"
17:48:11.555 [reactor-http-nio-10] DEBUG o.s.c.c.CharSequenceEncoder - [b2d03dd6-1, L:/127.0.0.1:51949 - R:/127.0.0.1:51950] Writing "796. foo bar"
17:48:11.555 [reactor-http-nio-10] DEBUG o.s.c.c.CharSequenceEncoder - [b2d03dd6-1, L:/127.0.0.1:51949 - R:/127.0.0.1:51950] Writing "797. foo bar"
17:48:11.555 [reactor-http-nio-10] DEBUG o.s.c.c.CharSequenceEncoder - [b2d03dd6-1, L:/127.0.0.1:51949 - R:/127.0.0.1:51950] Writing "798. foo bar"
17:48:11.555 [reactor-http-nio-10] DEBUG o.s.c.c.CharSequenceEncoder - [b2d03dd6-1, L:/127.0.0.1:51949 - R:/127.0.0.1:51950] Writing "799. foo bar"
17:48:11.555 [reactor-http-nio-10] DEBUG o.s.c.c.CharSequenceEncoder - [b2d03dd6-1, L:/127.0.0.1:51949 - R:/127.0.0.1:51950] Writing "800. foo bar"
17:48:11.555 [reactor-http-nio-10] DEBUG o.s.c.c.CharSequenceEncoder - [b2d03dd6-1, L:/127.0.0.1:51949 - R:/127.0.0.1:51950] Writing "801. foo bar"
17:48:11.555 [reactor-http-nio-10] DEBUG o.s.c.c.CharSequenceEncoder - [b2d03dd6-1, L:/127.0.0.1:51949 - R:/127.0.0.1:51950] Writing "802. foo bar"
17:48:11.555 [reactor-http-nio-10] DEBUG o.s.c.c.CharSequenceEncoder - [b2d03dd6-1, L:/127.0.0.1:51949 - R:/127.0.0.1:51950] Writing "803. foo bar"
17:48:11.555 [reactor-http-nio-10] DEBUG o.s.c.c.CharSequenceEncoder - [b2d03dd6-1, L:/127.0.0.1:51949 - R:/127.0.0.1:51950] Writing "804. foo bar"
17:48:11.555 [reactor-http-nio-10] DEBUG o.s.c.c.CharSequenceEncoder - [b2d03dd6-1, L:/127.0.0.1:51949 - R:/127.0.0.1:51950] Writing "805. foo bar"
17:48:11.555 [reactor-http-nio-10] DEBUG o.s.c.c.CharSequenceEncoder - [b2d03dd6-1, L:/127.0.0.1:51949 - R:/127.0.0.1:51950] Writing "806. foo bar"
17:48:11.555 [reactor-http-nio-10] DEBUG o.s.c.c.CharSequenceEncoder - [b2d03dd6-1, L:/127.0.0.1:51949 - R:/127.0.0.1:51950] Writing "807. foo bar"
17:48:11.555 [reactor-http-nio-10] DEBUG o.s.c.c.CharSequenceEncoder - [b2d03dd6-1, L:/127.0.0.1:51949 - R:/127.0.0.1:51950] Writing "808. foo bar"
17:48:11.555 [reactor-http-nio-10] DEBUG o.s.c.c.CharSequenceEncoder - [b2d03dd6-1, L:/127.0.0.1:51949 - R:/127.0.0.1:51950] Writing "809. foo bar"
17:48:11.555 [reactor-http-nio-10] DEBUG o.s.c.c.CharSequenceEncoder - [b2d03dd6-1, L:/127.0.0.1:51949 - R:/127.0.0.1:51950] Writing "810. foo bar"
17:48:11.555 [reactor-http-nio-10] DEBUG o.s.c.c.CharSequenceEncoder - [b2d03dd6-1, L:/127.0.0.1:51949 - R:/127.0.0.1:51950] Writing "811. foo bar"
17:48:11.555 [reactor-http-nio-10] DEBUG o.s.c.c.CharSequenceEncoder - [b2d03dd6-1, L:/127.0.0.1:51949 - R:/127.0.0.1:51950] Writing "812. foo bar"
17:48:11.556 [reactor-http-nio-10] DEBUG o.s.c.c.CharSequenceEncoder - [b2d03dd6-1, L:/127.0.0.1:51949 - R:/127.0.0.1:51950] Writing "813. foo bar"
17:48:11.556 [reactor-http-nio-10] DEBUG o.s.c.c.CharSequenceEncoder - [b2d03dd6-1, L:/127.0.0.1:51949 - R:/127.0.0.1:51950] Writing "814. foo bar"
17:48:11.556 [reactor-http-nio-10] DEBUG o.s.c.c.CharSequenceEncoder - [b2d03dd6-1, L:/127.0.0.1:51949 - R:/127.0.0.1:51950] Writing "815. foo bar"
17:48:11.556 [reactor-http-nio-10] DEBUG o.s.c.c.CharSequenceEncoder - [b2d03dd6-1, L:/127.0.0.1:51949 - R:/127.0.0.1:51950] Writing "816. foo bar"
17:48:11.556 [reactor-http-nio-10] DEBUG o.s.c.c.CharSequenceEncoder - [b2d03dd6-1, L:/127.0.0.1:51949 - R:/127.0.0.1:51950] Writing "817. foo bar"
17:48:11.556 [reactor-http-nio-10] DEBUG o.s.c.c.CharSequenceEncoder - [b2d03dd6-1, L:/127.0.0.1:51949 - R:/127.0.0.1:51950] Writing "818. foo bar"
17:48:11.556 [reactor-http-nio-10] DEBUG o.s.c.c.CharSequenceEncoder - [b2d03dd6-1, L:/127.0.0.1:51949 - R:/127.0.0.1:51950] Writing "819. foo bar"
17:48:11.556 [reactor-http-nio-10] DEBUG o.s.c.c.CharSequenceEncoder - [b2d03dd6-1, L:/127.0.0.1:51949 - R:/127.0.0.1:51950] Writing "820. foo bar"
17:48:11.556 [reactor-http-nio-10] DEBUG o.s.c.c.CharSequenceEncoder - [b2d03dd6-1, L:/127.0.0.1:51949 - R:/127.0.0.1:51950] Writing "821. foo bar"
17:48:11.556 [reactor-http-nio-10] DEBUG o.s.c.c.CharSequenceEncoder - [b2d03dd6-1, L:/127.0.0.1:51949 - R:/127.0.0.1:51950] Writing "822. foo bar"
17:48:11.556 [reactor-http-nio-10] DEBUG o.s.c.c.CharSequenceEncoder - [b2d03dd6-1, L:/127.0.0.1:51949 - R:/127.0.0.1:51950] Writing "823. foo bar"
17:48:11.556 [reactor-http-nio-10] DEBUG o.s.c.c.CharSequenceEncoder - [b2d03dd6-1, L:/127.0.0.1:51949 - R:/127.0.0.1:51950] Writing "824. foo bar"
17:48:11.556 [reactor-http-nio-10] DEBUG o.s.c.c.CharSequenceEncoder - [b2d03dd6-1, L:/127.0.0.1:51949 - R:/127.0.0.1:51950] Writing "825. foo bar"
17:48:11.556 [reactor-http-nio-10] DEBUG o.s.c.c.CharSequenceEncoder - [b2d03dd6-1, L:/127.0.0.1:51949 - R:/127.0.0.1:51950] Writing "826. foo bar"
17:48:11.556 [reactor-http-nio-10] DEBUG o.s.c.c.CharSequenceEncoder - [b2d03dd6-1, L:/127.0.0.1:51949 - R:/127.0.0.1:51950] Writing "827. foo bar"
17:48:11.556 [reactor-http-nio-10] DEBUG o.s.c.c.CharSequenceEncoder - [b2d03dd6-1, L:/127.0.0.1:51949 - R:/127.0.0.1:51950] Writing "828. foo bar"
17:48:11.556 [reactor-http-nio-10] DEBUG o.s.c.c.CharSequenceEncoder - [b2d03dd6-1, L:/127.0.0.1:51949 - R:/127.0.0.1:51950] Writing "829. foo bar"
17:48:11.556 [reactor-http-nio-10] DEBUG o.s.c.c.CharSequenceEncoder - [b2d03dd6-1, L:/127.0.0.1:51949 - R:/127.0.0.1:51950] Writing "830. foo bar"
17:48:11.556 [reactor-http-nio-10] DEBUG o.s.c.c.CharSequenceEncoder - [b2d03dd6-1, L:/127.0.0.1:51949 - R:/127.0.0.1:51950] Writing "831. foo bar"
17:48:11.556 [reactor-http-nio-10] DEBUG o.s.c.c.CharSequenceEncoder - [b2d03dd6-1, L:/127.0.0.1:51949 - R:/127.0.0.1:51950] Writing "832. foo bar"
17:48:11.562 [reactor-http-nio-10] DEBUG o.s.c.c.CharSequenceEncoder - [b2d03dd6-1, L:/127.0.0.1:51949 - R:/127.0.0.1:51950] Writing "833. foo bar"
17:48:11.562 [reactor-http-nio-10] DEBUG o.s.c.c.CharSequenceEncoder - [b2d03dd6-1, L:/127.0.0.1:51949 - R:/127.0.0.1:51950] Writing "834. foo bar"
17:48:11.562 [reactor-http-nio-10] DEBUG o.s.c.c.CharSequenceEncoder - [b2d03dd6-1, L:/127.0.0.1:51949 - R:/127.0.0.1:51950] Writing "835. foo bar"
17:48:11.562 [reactor-http-nio-10] DEBUG o.s.c.c.CharSequenceEncoder - [b2d03dd6-1, L:/127.0.0.1:51949 - R:/127.0.0.1:51950] Writing "836. foo bar"
17:48:11.562 [reactor-http-nio-10] DEBUG o.s.c.c.CharSequenceEncoder - [b2d03dd6-1, L:/127.0.0.1:51949 - R:/127.0.0.1:51950] Writing "837. foo bar"
17:48:11.562 [reactor-http-nio-10] DEBUG o.s.c.c.CharSequenceEncoder - [b2d03dd6-1, L:/127.0.0.1:51949 - R:/127.0.0.1:51950] Writing "838. foo bar"
17:48:11.563 [reactor-http-nio-10] DEBUG o.s.c.c.CharSequenceEncoder - [b2d03dd6-1, L:/127.0.0.1:51949 - R:/127.0.0.1:51950] Writing "839. foo bar"
17:48:11.563 [reactor-http-nio-10] DEBUG o.s.c.c.CharSequenceEncoder - [b2d03dd6-1, L:/127.0.0.1:51949 - R:/127.0.0.1:51950] Writing "840. foo bar"
17:48:11.563 [reactor-http-nio-10] DEBUG o.s.c.c.CharSequenceEncoder - [b2d03dd6-1, L:/127.0.0.1:51949 - R:/127.0.0.1:51950] Writing "841. foo bar"
17:48:11.563 [reactor-http-nio-10] DEBUG o.s.c.c.CharSequenceEncoder - [b2d03dd6-1, L:/127.0.0.1:51949 - R:/127.0.0.1:51950] Writing "842. foo bar"
17:48:11.563 [reactor-http-nio-10] DEBUG o.s.c.c.CharSequenceEncoder - [b2d03dd6-1, L:/127.0.0.1:51949 - R:/127.0.0.1:51950] Writing "843. foo bar"
17:48:11.563 [reactor-http-nio-10] DEBUG o.s.c.c.CharSequenceEncoder - [b2d03dd6-1, L:/127.0.0.1:51949 - R:/127.0.0.1:51950] Writing "844. foo bar"
17:48:11.563 [reactor-http-nio-10] DEBUG o.s.c.c.CharSequenceEncoder - [b2d03dd6-1, L:/127.0.0.1:51949 - R:/127.0.0.1:51950] Writing "845. foo bar"
17:48:11.563 [reactor-http-nio-10] DEBUG o.s.c.c.CharSequenceEncoder - [b2d03dd6-1, L:/127.0.0.1:51949 - R:/127.0.0.1:51950] Writing "846. foo bar"
17:48:11.563 [reactor-http-nio-10] DEBUG o.s.c.c.CharSequenceEncoder - [b2d03dd6-1, L:/127.0.0.1:51949 - R:/127.0.0.1:51950] Writing "847. foo bar"
17:48:11.563 [reactor-http-nio-10] DEBUG o.s.c.c.CharSequenceEncoder - [b2d03dd6-1, L:/127.0.0.1:51949 - R:/127.0.0.1:51950] Writing "848. foo bar"
17:48:11.563 [reactor-http-nio-10] DEBUG o.s.c.c.CharSequenceEncoder - [b2d03dd6-1, L:/127.0.0.1:51949 - R:/127.0.0.1:51950] Writing "849. foo bar"
17:48:11.563 [reactor-http-nio-10] DEBUG o.s.c.c.CharSequenceEncoder - [b2d03dd6-1, L:/127.0.0.1:51949 - R:/127.0.0.1:51950] Writing "850. foo bar"
17:48:11.563 [reactor-http-nio-10] DEBUG o.s.c.c.CharSequenceEncoder - [b2d03dd6-1, L:/127.0.0.1:51949 - R:/127.0.0.1:51950] Writing "851. foo bar"
17:48:11.563 [reactor-http-nio-10] DEBUG o.s.c.c.CharSequenceEncoder - [b2d03dd6-1, L:/127.0.0.1:51949 - R:/127.0.0.1:51950] Writing "852. foo bar"
17:48:11.563 [reactor-http-nio-10] DEBUG o.s.c.c.CharSequenceEncoder - [b2d03dd6-1, L:/127.0.0.1:51949 - R:/127.0.0.1:51950] Writing "853. foo bar"
17:48:11.563 [reactor-http-nio-10] DEBUG o.s.c.c.CharSequenceEncoder - [b2d03dd6-1, L:/127.0.0.1:51949 - R:/127.0.0.1:51950] Writing "854. foo bar"
17:48:11.564 [reactor-http-nio-10] DEBUG o.s.c.c.CharSequenceEncoder - [b2d03dd6-1, L:/127.0.0.1:51949 - R:/127.0.0.1:51950] Writing "855. foo bar"
17:48:11.564 [reactor-http-nio-10] DEBUG o.s.c.c.CharSequenceEncoder - [b2d03dd6-1, L:/127.0.0.1:51949 - R:/127.0.0.1:51950] Writing "856. foo bar"
17:48:11.564 [reactor-http-nio-10] DEBUG o.s.c.c.CharSequenceEncoder - [b2d03dd6-1, L:/127.0.0.1:51949 - R:/127.0.0.1:51950] Writing "857. foo bar"
17:48:11.564 [reactor-http-nio-10] DEBUG o.s.c.c.CharSequenceEncoder - [b2d03dd6-1, L:/127.0.0.1:51949 - R:/127.0.0.1:51950] Writing "858. foo bar"
17:48:11.564 [reactor-http-nio-10] DEBUG o.s.c.c.CharSequenceEncoder - [b2d03dd6-1, L:/127.0.0.1:51949 - R:/127.0.0.1:51950] Writing "859. foo bar"
17:48:11.564 [reactor-http-nio-10] DEBUG o.s.c.c.CharSequenceEncoder - [b2d03dd6-1, L:/127.0.0.1:51949 - R:/127.0.0.1:51950] Writing "860. foo bar"
17:48:11.564 [reactor-http-nio-10] DEBUG o.s.c.c.CharSequenceEncoder - [b2d03dd6-1, L:/127.0.0.1:51949 - R:/127.0.0.1:51950] Writing "861. foo bar"
17:48:11.564 [reactor-http-nio-10] DEBUG o.s.c.c.CharSequenceEncoder - [b2d03dd6-1, L:/127.0.0.1:51949 - R:/127.0.0.1:51950] Writing "862. foo bar"
17:48:11.564 [reactor-http-nio-10] DEBUG o.s.c.c.CharSequenceEncoder - [b2d03dd6-1, L:/127.0.0.1:51949 - R:/127.0.0.1:51950] Writing "863. foo bar"
17:48:11.564 [reactor-http-nio-10] DEBUG o.s.c.c.CharSequenceEncoder - [b2d03dd6-1, L:/127.0.0.1:51949 - R:/127.0.0.1:51950] Writing "864. foo bar"
17:48:11.564 [reactor-http-nio-10] DEBUG o.s.c.c.CharSequenceEncoder - [b2d03dd6-1, L:/127.0.0.1:51949 - R:/127.0.0.1:51950] Writing "865. foo bar"
17:48:11.564 [reactor-http-nio-10] DEBUG o.s.c.c.CharSequenceEncoder - [b2d03dd6-1, L:/127.0.0.1:51949 - R:/127.0.0.1:51950] Writing "866. foo bar"
17:48:11.564 [reactor-http-nio-10] DEBUG o.s.c.c.CharSequenceEncoder - [b2d03dd6-1, L:/127.0.0.1:51949 - R:/127.0.0.1:51950] Writing "867. foo bar"
17:48:11.564 [reactor-http-nio-10] DEBUG o.s.c.c.CharSequenceEncoder - [b2d03dd6-1, L:/127.0.0.1:51949 - R:/127.0.0.1:51950] Writing "868. foo bar"
17:48:11.564 [reactor-http-nio-10] DEBUG o.s.c.c.CharSequenceEncoder - [b2d03dd6-1, L:/127.0.0.1:51949 - R:/127.0.0.1:51950] Writing "869. foo bar"
17:48:11.565 [reactor-http-nio-10] DEBUG o.s.c.c.CharSequenceEncoder - [b2d03dd6-1, L:/127.0.0.1:51949 - R:/127.0.0.1:51950] Writing "870. foo bar"
17:48:11.565 [reactor-http-nio-10] DEBUG o.s.c.c.CharSequenceEncoder - [b2d03dd6-1, L:/127.0.0.1:51949 - R:/127.0.0.1:51950] Writing "871. foo bar"
17:48:11.565 [reactor-http-nio-10] DEBUG o.s.c.c.CharSequenceEncoder - [b2d03dd6-1, L:/127.0.0.1:51949 - R:/127.0.0.1:51950] Writing "872. foo bar"
17:48:11.565 [reactor-http-nio-10] DEBUG o.s.c.c.CharSequenceEncoder - [b2d03dd6-1, L:/127.0.0.1:51949 - R:/127.0.0.1:51950] Writing "873. foo bar"
17:48:11.565 [reactor-http-nio-10] DEBUG o.s.c.c.CharSequenceEncoder - [b2d03dd6-1, L:/127.0.0.1:51949 - R:/127.0.0.1:51950] Writing "874. foo bar"
17:48:11.565 [reactor-http-nio-10] DEBUG o.s.c.c.CharSequenceEncoder - [b2d03dd6-1, L:/127.0.0.1:51949 - R:/127.0.0.1:51950] Writing "875. foo bar"
17:48:11.565 [reactor-http-nio-10] DEBUG o.s.c.c.CharSequenceEncoder - [b2d03dd6-1, L:/127.0.0.1:51949 - R:/127.0.0.1:51950] Writing "876. foo bar"
17:48:11.565 [reactor-http-nio-10] DEBUG o.s.c.c.CharSequenceEncoder - [b2d03dd6-1, L:/127.0.0.1:51949 - R:/127.0.0.1:51950] Writing "877. foo bar"
17:48:11.565 [reactor-http-nio-10] DEBUG o.s.c.c.CharSequenceEncoder - [b2d03dd6-1, L:/127.0.0.1:51949 - R:/127.0.0.1:51950] Writing "878. foo bar"
17:48:11.565 [reactor-http-nio-10] DEBUG o.s.c.c.CharSequenceEncoder - [b2d03dd6-1, L:/127.0.0.1:51949 - R:/127.0.0.1:51950] Writing "879. foo bar"
17:48:11.565 [reactor-http-nio-10] DEBUG o.s.c.c.CharSequenceEncoder - [b2d03dd6-1, L:/127.0.0.1:51949 - R:/127.0.0.1:51950] Writing "880. foo bar"
17:48:11.565 [reactor-http-nio-10] DEBUG o.s.c.c.CharSequenceEncoder - [b2d03dd6-1, L:/127.0.0.1:51949 - R:/127.0.0.1:51950] Writing "881. foo bar"
17:48:11.565 [reactor-http-nio-10] DEBUG o.s.c.c.CharSequenceEncoder - [b2d03dd6-1, L:/127.0.0.1:51949 - R:/127.0.0.1:51950] Writing "882. foo bar"
17:48:11.565 [reactor-http-nio-10] DEBUG o.s.c.c.CharSequenceEncoder - [b2d03dd6-1, L:/127.0.0.1:51949 - R:/127.0.0.1:51950] Writing "883. foo bar"
17:48:11.565 [reactor-http-nio-10] DEBUG o.s.c.c.CharSequenceEncoder - [b2d03dd6-1, L:/127.0.0.1:51949 - R:/127.0.0.1:51950] Writing "884. foo bar"
17:48:11.566 [reactor-http-nio-10] DEBUG o.s.c.c.CharSequenceEncoder - [b2d03dd6-1, L:/127.0.0.1:51949 - R:/127.0.0.1:51950] Writing "885. foo bar"
17:48:11.566 [reactor-http-nio-10] DEBUG o.s.c.c.CharSequenceEncoder - [b2d03dd6-1, L:/127.0.0.1:51949 - R:/127.0.0.1:51950] Writing "886. foo bar"
17:48:11.566 [reactor-http-nio-10] DEBUG o.s.c.c.CharSequenceEncoder - [b2d03dd6-1, L:/127.0.0.1:51949 - R:/127.0.0.1:51950] Writing "887. foo bar"
17:48:11.566 [reactor-http-nio-10] DEBUG o.s.c.c.CharSequenceEncoder - [b2d03dd6-1, L:/127.0.0.1:51949 - R:/127.0.0.1:51950] Writing "888. foo bar"
17:48:11.566 [reactor-http-nio-10] DEBUG o.s.c.c.CharSequenceEncoder - [b2d03dd6-1, L:/127.0.0.1:51949 - R:/127.0.0.1:51950] Writing "889. foo bar"
17:48:11.566 [reactor-http-nio-10] DEBUG o.s.c.c.CharSequenceEncoder - [b2d03dd6-1, L:/127.0.0.1:51949 - R:/127.0.0.1:51950] Writing "890. foo bar"
17:48:11.566 [reactor-http-nio-10] DEBUG o.s.c.c.CharSequenceEncoder - [b2d03dd6-1, L:/127.0.0.1:51949 - R:/127.0.0.1:51950] Writing "891. foo bar"
17:48:11.566 [reactor-http-nio-10] DEBUG o.s.c.c.CharSequenceEncoder - [b2d03dd6-1, L:/127.0.0.1:51949 - R:/127.0.0.1:51950] Writing "892. foo bar"
17:48:11.566 [reactor-http-nio-10] DEBUG o.s.c.c.CharSequenceEncoder - [b2d03dd6-1, L:/127.0.0.1:51949 - R:/127.0.0.1:51950] Writing "893. foo bar"
17:48:11.566 [reactor-http-nio-10] DEBUG o.s.c.c.CharSequenceEncoder - [b2d03dd6-1, L:/127.0.0.1:51949 - R:/127.0.0.1:51950] Writing "894. foo bar"
17:48:11.566 [reactor-http-nio-10] DEBUG o.s.c.c.CharSequenceEncoder - [b2d03dd6-1, L:/127.0.0.1:51949 - R:/127.0.0.1:51950] Writing "895. foo bar"
17:48:11.566 [reactor-http-nio-10] DEBUG o.s.c.c.CharSequenceEncoder - [b2d03dd6-1, L:/127.0.0.1:51949 - R:/127.0.0.1:51950] Writing "896. foo bar"
17:48:11.576 [reactor-http-nio-10] DEBUG o.s.c.c.CharSequenceEncoder - [b2d03dd6-1, L:/127.0.0.1:51949 - R:/127.0.0.1:51950] Writing "897. foo bar"
17:48:11.576 [reactor-http-nio-10] DEBUG o.s.c.c.CharSequenceEncoder - [b2d03dd6-1, L:/127.0.0.1:51949 - R:/127.0.0.1:51950] Writing "898. foo bar"
17:48:11.576 [reactor-http-nio-10] DEBUG o.s.c.c.CharSequenceEncoder - [b2d03dd6-1, L:/127.0.0.1:51949 - R:/127.0.0.1:51950] Writing "899. foo bar"
17:48:11.576 [reactor-http-nio-10] DEBUG o.s.c.c.CharSequenceEncoder - [b2d03dd6-1, L:/127.0.0.1:51949 - R:/127.0.0.1:51950] Writing "900. foo bar"
17:48:11.576 [reactor-http-nio-10] DEBUG o.s.c.c.CharSequenceEncoder - [b2d03dd6-1, L:/127.0.0.1:51949 - R:/127.0.0.1:51950] Writing "901. foo bar"
17:48:11.576 [reactor-http-nio-10] DEBUG o.s.c.c.CharSequenceEncoder - [b2d03dd6-1, L:/127.0.0.1:51949 - R:/127.0.0.1:51950] Writing "902. foo bar"
17:48:11.576 [reactor-http-nio-10] DEBUG o.s.c.c.CharSequenceEncoder - [b2d03dd6-1, L:/127.0.0.1:51949 - R:/127.0.0.1:51950] Writing "903. foo bar"
17:48:11.576 [reactor-http-nio-10] DEBUG o.s.c.c.CharSequenceEncoder - [b2d03dd6-1, L:/127.0.0.1:51949 - R:/127.0.0.1:51950] Writing "904. foo bar"
17:48:11.576 [reactor-http-nio-10] DEBUG o.s.c.c.CharSequenceEncoder - [b2d03dd6-1, L:/127.0.0.1:51949 - R:/127.0.0.1:51950] Writing "905. foo bar"
17:48:11.576 [reactor-http-nio-10] DEBUG o.s.c.c.CharSequenceEncoder - [b2d03dd6-1, L:/127.0.0.1:51949 - R:/127.0.0.1:51950] Writing "906. foo bar"
17:48:11.576 [reactor-http-nio-10] DEBUG o.s.c.c.CharSequenceEncoder - [b2d03dd6-1, L:/127.0.0.1:51949 - R:/127.0.0.1:51950] Writing "907. foo bar"
17:48:11.576 [reactor-http-nio-10] DEBUG o.s.c.c.CharSequenceEncoder - [b2d03dd6-1, L:/127.0.0.1:51949 - R:/127.0.0.1:51950] Writing "908. foo bar"
17:48:11.576 [reactor-http-nio-10] DEBUG o.s.c.c.CharSequenceEncoder - [b2d03dd6-1, L:/127.0.0.1:51949 - R:/127.0.0.1:51950] Writing "909. foo bar"
17:48:11.576 [reactor-http-nio-10] DEBUG o.s.c.c.CharSequenceEncoder - [b2d03dd6-1, L:/127.0.0.1:51949 - R:/127.0.0.1:51950] Writing "910. foo bar"
17:48:11.577 [reactor-http-nio-10] DEBUG o.s.c.c.CharSequenceEncoder - [b2d03dd6-1, L:/127.0.0.1:51949 - R:/127.0.0.1:51950] Writing "911. foo bar"
17:48:11.577 [reactor-http-nio-10] DEBUG o.s.c.c.CharSequenceEncoder - [b2d03dd6-1, L:/127.0.0.1:51949 - R:/127.0.0.1:51950] Writing "912. foo bar"
17:48:11.577 [reactor-http-nio-10] DEBUG o.s.c.c.CharSequenceEncoder - [b2d03dd6-1, L:/127.0.0.1:51949 - R:/127.0.0.1:51950] Writing "913. foo bar"
17:48:11.577 [reactor-http-nio-10] DEBUG o.s.c.c.CharSequenceEncoder - [b2d03dd6-1, L:/127.0.0.1:51949 - R:/127.0.0.1:51950] Writing "914. foo bar"
17:48:11.577 [reactor-http-nio-10] DEBUG o.s.c.c.CharSequenceEncoder - [b2d03dd6-1, L:/127.0.0.1:51949 - R:/127.0.0.1:51950] Writing "915. foo bar"
17:48:11.577 [reactor-http-nio-10] DEBUG o.s.c.c.CharSequenceEncoder - [b2d03dd6-1, L:/127.0.0.1:51949 - R:/127.0.0.1:51950] Writing "916. foo bar"
17:48:11.577 [reactor-http-nio-10] DEBUG o.s.c.c.CharSequenceEncoder - [b2d03dd6-1, L:/127.0.0.1:51949 - R:/127.0.0.1:51950] Writing "917. foo bar"
17:48:11.577 [reactor-http-nio-10] DEBUG o.s.c.c.CharSequenceEncoder - [b2d03dd6-1, L:/127.0.0.1:51949 - R:/127.0.0.1:51950] Writing "918. foo bar"
17:48:11.577 [reactor-http-nio-10] DEBUG o.s.c.c.CharSequenceEncoder - [b2d03dd6-1, L:/127.0.0.1:51949 - R:/127.0.0.1:51950] Writing "919. foo bar"
17:48:11.577 [reactor-http-nio-10] DEBUG o.s.c.c.CharSequenceEncoder - [b2d03dd6-1, L:/127.0.0.1:51949 - R:/127.0.0.1:51950] Writing "920. foo bar"
17:48:11.577 [reactor-http-nio-10] DEBUG o.s.c.c.CharSequenceEncoder - [b2d03dd6-1, L:/127.0.0.1:51949 - R:/127.0.0.1:51950] Writing "921. foo bar"
17:48:11.577 [reactor-http-nio-10] DEBUG o.s.c.c.CharSequenceEncoder - [b2d03dd6-1, L:/127.0.0.1:51949 - R:/127.0.0.1:51950] Writing "922. foo bar"
17:48:11.577 [reactor-http-nio-10] DEBUG o.s.c.c.CharSequenceEncoder - [b2d03dd6-1, L:/127.0.0.1:51949 - R:/127.0.0.1:51950] Writing "923. foo bar"
17:48:11.577 [reactor-http-nio-10] DEBUG o.s.c.c.CharSequenceEncoder - [b2d03dd6-1, L:/127.0.0.1:51949 - R:/127.0.0.1:51950] Writing "924. foo bar"
17:48:11.577 [reactor-http-nio-10] DEBUG o.s.c.c.CharSequenceEncoder - [b2d03dd6-1, L:/127.0.0.1:51949 - R:/127.0.0.1:51950] Writing "925. foo bar"
17:48:11.577 [reactor-http-nio-10] DEBUG o.s.c.c.CharSequenceEncoder - [b2d03dd6-1, L:/127.0.0.1:51949 - R:/127.0.0.1:51950] Writing "926. foo bar"
17:48:11.577 [reactor-http-nio-10] DEBUG o.s.c.c.CharSequenceEncoder - [b2d03dd6-1, L:/127.0.0.1:51949 - R:/127.0.0.1:51950] Writing "927. foo bar"
17:48:11.577 [reactor-http-nio-10] DEBUG o.s.c.c.CharSequenceEncoder - [b2d03dd6-1, L:/127.0.0.1:51949 - R:/127.0.0.1:51950] Writing "928. foo bar"
17:48:11.577 [reactor-http-nio-10] DEBUG o.s.c.c.CharSequenceEncoder - [b2d03dd6-1, L:/127.0.0.1:51949 - R:/127.0.0.1:51950] Writing "929. foo bar"
17:48:11.577 [reactor-http-nio-10] DEBUG o.s.c.c.CharSequenceEncoder - [b2d03dd6-1, L:/127.0.0.1:51949 - R:/127.0.0.1:51950] Writing "930. foo bar"
17:48:11.577 [reactor-http-nio-10] DEBUG o.s.c.c.CharSequenceEncoder - [b2d03dd6-1, L:/127.0.0.1:51949 - R:/127.0.0.1:51950] Writing "931. foo bar"
17:48:11.577 [reactor-http-nio-10] DEBUG o.s.c.c.CharSequenceEncoder - [b2d03dd6-1, L:/127.0.0.1:51949 - R:/127.0.0.1:51950] Writing "932. foo bar"
17:48:11.578 [reactor-http-nio-10] DEBUG o.s.c.c.CharSequenceEncoder - [b2d03dd6-1, L:/127.0.0.1:51949 - R:/127.0.0.1:51950] Writing "933. foo bar"
17:48:11.578 [reactor-http-nio-10] DEBUG o.s.c.c.CharSequenceEncoder - [b2d03dd6-1, L:/127.0.0.1:51949 - R:/127.0.0.1:51950] Writing "934. foo bar"
17:48:11.578 [reactor-http-nio-10] DEBUG o.s.c.c.CharSequenceEncoder - [b2d03dd6-1, L:/127.0.0.1:51949 - R:/127.0.0.1:51950] Writing "935. foo bar"
17:48:11.578 [reactor-http-nio-10] DEBUG o.s.c.c.CharSequenceEncoder - [b2d03dd6-1, L:/127.0.0.1:51949 - R:/127.0.0.1:51950] Writing "936. foo bar"
17:48:11.578 [reactor-http-nio-10] DEBUG o.s.c.c.CharSequenceEncoder - [b2d03dd6-1, L:/127.0.0.1:51949 - R:/127.0.0.1:51950] Writing "937. foo bar"
17:48:11.578 [reactor-http-nio-10] DEBUG o.s.c.c.CharSequenceEncoder - [b2d03dd6-1, L:/127.0.0.1:51949 - R:/127.0.0.1:51950] Writing "938. foo bar"
17:48:11.578 [reactor-http-nio-10] DEBUG o.s.c.c.CharSequenceEncoder - [b2d03dd6-1, L:/127.0.0.1:51949 - R:/127.0.0.1:51950] Writing "939. foo bar"
17:48:11.578 [reactor-http-nio-10] DEBUG o.s.c.c.CharSequenceEncoder - [b2d03dd6-1, L:/127.0.0.1:51949 - R:/127.0.0.1:51950] Writing "940. foo bar"
17:48:11.578 [reactor-http-nio-10] DEBUG o.s.c.c.CharSequenceEncoder - [b2d03dd6-1, L:/127.0.0.1:51949 - R:/127.0.0.1:51950] Writing "941. foo bar"
17:48:11.578 [reactor-http-nio-10] DEBUG o.s.c.c.CharSequenceEncoder - [b2d03dd6-1, L:/127.0.0.1:51949 - R:/127.0.0.1:51950] Writing "942. foo bar"
17:48:11.578 [reactor-http-nio-10] DEBUG o.s.c.c.CharSequenceEncoder - [b2d03dd6-1, L:/127.0.0.1:51949 - R:/127.0.0.1:51950] Writing "943. foo bar"
17:48:11.578 [reactor-http-nio-10] DEBUG o.s.c.c.CharSequenceEncoder - [b2d03dd6-1, L:/127.0.0.1:51949 - R:/127.0.0.1:51950] Writing "944. foo bar"
17:48:11.578 [reactor-http-nio-10] DEBUG o.s.c.c.CharSequenceEncoder - [b2d03dd6-1, L:/127.0.0.1:51949 - R:/127.0.0.1:51950] Writing "945. foo bar"
17:48:11.578 [reactor-http-nio-10] DEBUG o.s.c.c.CharSequenceEncoder - [b2d03dd6-1, L:/127.0.0.1:51949 - R:/127.0.0.1:51950] Writing "946. foo bar"
17:48:11.579 [reactor-http-nio-10] DEBUG o.s.c.c.CharSequenceEncoder - [b2d03dd6-1, L:/127.0.0.1:51949 - R:/127.0.0.1:51950] Writing "947. foo bar"
17:48:11.579 [reactor-http-nio-10] DEBUG o.s.c.c.CharSequenceEncoder - [b2d03dd6-1, L:/127.0.0.1:51949 - R:/127.0.0.1:51950] Writing "948. foo bar"
17:48:11.579 [reactor-http-nio-10] DEBUG o.s.c.c.CharSequenceEncoder - [b2d03dd6-1, L:/127.0.0.1:51949 - R:/127.0.0.1:51950] Writing "949. foo bar"
17:48:11.579 [reactor-http-nio-10] DEBUG o.s.c.c.CharSequenceEncoder - [b2d03dd6-1, L:/127.0.0.1:51949 - R:/127.0.0.1:51950] Writing "950. foo bar"
17:48:11.579 [reactor-http-nio-10] DEBUG o.s.c.c.CharSequenceEncoder - [b2d03dd6-1, L:/127.0.0.1:51949 - R:/127.0.0.1:51950] Writing "951. foo bar"
17:48:11.579 [reactor-http-nio-10] DEBUG o.s.c.c.CharSequenceEncoder - [b2d03dd6-1, L:/127.0.0.1:51949 - R:/127.0.0.1:51950] Writing "952. foo bar"
17:48:11.579 [reactor-http-nio-10] DEBUG o.s.c.c.CharSequenceEncoder - [b2d03dd6-1, L:/127.0.0.1:51949 - R:/127.0.0.1:51950] Writing "953. foo bar"
17:48:11.579 [reactor-http-nio-10] DEBUG o.s.c.c.CharSequenceEncoder - [b2d03dd6-1, L:/127.0.0.1:51949 - R:/127.0.0.1:51950] Writing "954. foo bar"
17:48:11.579 [reactor-http-nio-10] DEBUG o.s.c.c.CharSequenceEncoder - [b2d03dd6-1, L:/127.0.0.1:51949 - R:/127.0.0.1:51950] Writing "955. foo bar"
17:48:11.579 [reactor-http-nio-10] DEBUG o.s.c.c.CharSequenceEncoder - [b2d03dd6-1, L:/127.0.0.1:51949 - R:/127.0.0.1:51950] Writing "956. foo bar"
17:48:11.579 [reactor-http-nio-10] DEBUG o.s.c.c.CharSequenceEncoder - [b2d03dd6-1, L:/127.0.0.1:51949 - R:/127.0.0.1:51950] Writing "957. foo bar"
17:48:11.579 [reactor-http-nio-10] DEBUG o.s.c.c.CharSequenceEncoder - [b2d03dd6-1, L:/127.0.0.1:51949 - R:/127.0.0.1:51950] Writing "958. foo bar"
17:48:11.579 [reactor-http-nio-10] DEBUG o.s.c.c.CharSequenceEncoder - [b2d03dd6-1, L:/127.0.0.1:51949 - R:/127.0.0.1:51950] Writing "959. foo bar"
17:48:11.579 [reactor-http-nio-10] DEBUG o.s.c.c.CharSequenceEncoder - [b2d03dd6-1, L:/127.0.0.1:51949 - R:/127.0.0.1:51950] Writing "960. foo bar"
17:48:11.586 [reactor-http-nio-10] DEBUG o.s.c.c.CharSequenceEncoder - [b2d03dd6-1, L:/127.0.0.1:51949 - R:/127.0.0.1:51950] Writing "961. foo bar"
17:48:11.587 [reactor-http-nio-10] DEBUG o.s.c.c.CharSequenceEncoder - [b2d03dd6-1, L:/127.0.0.1:51949 - R:/127.0.0.1:51950] Writing "962. foo bar"
17:48:11.587 [reactor-http-nio-10] DEBUG o.s.c.c.CharSequenceEncoder - [b2d03dd6-1, L:/127.0.0.1:51949 - R:/127.0.0.1:51950] Writing "963. foo bar"
17:48:11.587 [reactor-http-nio-10] DEBUG o.s.c.c.CharSequenceEncoder - [b2d03dd6-1, L:/127.0.0.1:51949 - R:/127.0.0.1:51950] Writing "964. foo bar"
17:48:11.587 [reactor-http-nio-10] DEBUG o.s.c.c.CharSequenceEncoder - [b2d03dd6-1, L:/127.0.0.1:51949 - R:/127.0.0.1:51950] Writing "965. foo bar"
17:48:11.587 [reactor-http-nio-10] DEBUG o.s.c.c.CharSequenceEncoder - [b2d03dd6-1, L:/127.0.0.1:51949 - R:/127.0.0.1:51950] Writing "966. foo bar"
17:48:11.587 [reactor-http-nio-10] DEBUG o.s.c.c.CharSequenceEncoder - [b2d03dd6-1, L:/127.0.0.1:51949 - R:/127.0.0.1:51950] Writing "967. foo bar"
17:48:11.587 [reactor-http-nio-10] DEBUG o.s.c.c.CharSequenceEncoder - [b2d03dd6-1, L:/127.0.0.1:51949 - R:/127.0.0.1:51950] Writing "968. foo bar"
17:48:11.587 [reactor-http-nio-10] DEBUG o.s.c.c.CharSequenceEncoder - [b2d03dd6-1, L:/127.0.0.1:51949 - R:/127.0.0.1:51950] Writing "969. foo bar"
17:48:11.587 [reactor-http-nio-10] DEBUG o.s.c.c.CharSequenceEncoder - [b2d03dd6-1, L:/127.0.0.1:51949 - R:/127.0.0.1:51950] Writing "970. foo bar"
17:48:11.587 [reactor-http-nio-10] DEBUG o.s.c.c.CharSequenceEncoder - [b2d03dd6-1, L:/127.0.0.1:51949 - R:/127.0.0.1:51950] Writing "971. foo bar"
17:48:11.587 [reactor-http-nio-10] DEBUG o.s.c.c.CharSequenceEncoder - [b2d03dd6-1, L:/127.0.0.1:51949 - R:/127.0.0.1:51950] Writing "972. foo bar"
17:48:11.587 [reactor-http-nio-10] DEBUG o.s.c.c.CharSequenceEncoder - [b2d03dd6-1, L:/127.0.0.1:51949 - R:/127.0.0.1:51950] Writing "973. foo bar"
17:48:11.587 [reactor-http-nio-10] DEBUG o.s.c.c.CharSequenceEncoder - [b2d03dd6-1, L:/127.0.0.1:51949 - R:/127.0.0.1:51950] Writing "974. foo bar"
17:48:11.587 [reactor-http-nio-10] DEBUG o.s.c.c.CharSequenceEncoder - [b2d03dd6-1, L:/127.0.0.1:51949 - R:/127.0.0.1:51950] Writing "975. foo bar"
17:48:11.587 [reactor-http-nio-10] DEBUG o.s.c.c.CharSequenceEncoder - [b2d03dd6-1, L:/127.0.0.1:51949 - R:/127.0.0.1:51950] Writing "976. foo bar"
17:48:11.587 [reactor-http-nio-10] DEBUG o.s.c.c.CharSequenceEncoder - [b2d03dd6-1, L:/127.0.0.1:51949 - R:/127.0.0.1:51950] Writing "977. foo bar"
17:48:11.587 [reactor-http-nio-10] DEBUG o.s.c.c.CharSequenceEncoder - [b2d03dd6-1, L:/127.0.0.1:51949 - R:/127.0.0.1:51950] Writing "978. foo bar"
17:48:11.587 [reactor-http-nio-10] DEBUG o.s.c.c.CharSequenceEncoder - [b2d03dd6-1, L:/127.0.0.1:51949 - R:/127.0.0.1:51950] Writing "979. foo bar"
17:48:11.587 [reactor-http-nio-10] DEBUG o.s.c.c.CharSequenceEncoder - [b2d03dd6-1, L:/127.0.0.1:51949 - R:/127.0.0.1:51950] Writing "980. foo bar"
17:48:11.588 [reactor-http-nio-10] DEBUG o.s.c.c.CharSequenceEncoder - [b2d03dd6-1, L:/127.0.0.1:51949 - R:/127.0.0.1:51950] Writing "981. foo bar"
17:48:11.588 [reactor-http-nio-10] DEBUG o.s.c.c.CharSequenceEncoder - [b2d03dd6-1, L:/127.0.0.1:51949 - R:/127.0.0.1:51950] Writing "982. foo bar"
17:48:11.588 [reactor-http-nio-10] DEBUG o.s.c.c.CharSequenceEncoder - [b2d03dd6-1, L:/127.0.0.1:51949 - R:/127.0.0.1:51950] Writing "983. foo bar"
17:48:11.588 [reactor-http-nio-10] DEBUG o.s.c.c.CharSequenceEncoder - [b2d03dd6-1, L:/127.0.0.1:51949 - R:/127.0.0.1:51950] Writing "984. foo bar"
17:48:11.588 [reactor-http-nio-10] DEBUG o.s.c.c.CharSequenceEncoder - [b2d03dd6-1, L:/127.0.0.1:51949 - R:/127.0.0.1:51950] Writing "985. foo bar"
17:48:11.588 [reactor-http-nio-10] DEBUG o.s.c.c.CharSequenceEncoder - [b2d03dd6-1, L:/127.0.0.1:51949 - R:/127.0.0.1:51950] Writing "986. foo bar"
17:48:11.588 [reactor-http-nio-10] DEBUG o.s.c.c.CharSequenceEncoder - [b2d03dd6-1, L:/127.0.0.1:51949 - R:/127.0.0.1:51950] Writing "987. foo bar"
17:48:11.588 [reactor-http-nio-10] DEBUG o.s.c.c.CharSequenceEncoder - [b2d03dd6-1, L:/127.0.0.1:51949 - R:/127.0.0.1:51950] Writing "988. foo bar"
17:48:11.588 [reactor-http-nio-10] DEBUG o.s.c.c.CharSequenceEncoder - [b2d03dd6-1, L:/127.0.0.1:51949 - R:/127.0.0.1:51950] Writing "989. foo bar"
17:48:11.588 [reactor-http-nio-10] DEBUG o.s.c.c.CharSequenceEncoder - [b2d03dd6-1, L:/127.0.0.1:51949 - R:/127.0.0.1:51950] Writing "990. foo bar"
17:48:11.588 [reactor-http-nio-10] DEBUG o.s.c.c.CharSequenceEncoder - [b2d03dd6-1, L:/127.0.0.1:51949 - R:/127.0.0.1:51950] Writing "991. foo bar"
17:48:11.588 [reactor-http-nio-10] DEBUG o.s.c.c.CharSequenceEncoder - [b2d03dd6-1, L:/127.0.0.1:51949 - R:/127.0.0.1:51950] Writing "992. foo bar"
17:48:11.588 [reactor-http-nio-10] DEBUG o.s.c.c.CharSequenceEncoder - [b2d03dd6-1, L:/127.0.0.1:51949 - R:/127.0.0.1:51950] Writing "993. foo bar"
17:48:11.588 [reactor-http-nio-10] DEBUG o.s.c.c.CharSequenceEncoder - [b2d03dd6-1, L:/127.0.0.1:51949 - R:/127.0.0.1:51950] Writing "994. foo bar"
17:48:11.588 [reactor-http-nio-10] DEBUG o.s.c.c.CharSequenceEncoder - [b2d03dd6-1, L:/127.0.0.1:51949 - R:/127.0.0.1:51950] Writing "995. foo bar"
17:48:11.588 [reactor-http-nio-10] DEBUG o.s.c.c.CharSequenceEncoder - [b2d03dd6-1, L:/127.0.0.1:51949 - R:/127.0.0.1:51950] Writing "996. foo bar"
17:48:11.588 [reactor-http-nio-10] DEBUG o.s.c.c.CharSequenceEncoder - [b2d03dd6-1, L:/127.0.0.1:51949 - R:/127.0.0.1:51950] Writing "997. foo bar"
17:48:11.588 [reactor-http-nio-10] DEBUG o.s.c.c.CharSequenceEncoder - [b2d03dd6-1, L:/127.0.0.1:51949 - R:/127.0.0.1:51950] Writing "998. foo bar"
17:48:11.588 [reactor-http-nio-10] DEBUG o.s.c.c.CharSequenceEncoder - [b2d03dd6-1, L:/127.0.0.1:51949 - R:/127.0.0.1:51950] Writing "999. foo bar"
17:48:11.597 [reactor-http-nio-10] ERROR o.s.w.s.a.HttpWebHandlerAdapter - [b2d03dd6-1, L:/127.0.0.1:51949 - R:/127.0.0.1:51950] Error [java.lang.RuntimeException: Random error] for HTTP GET "/SPR-16051", but ServerHttpResponse already committed (200 OK)
17:48:11.597 [reactor-http-nio-10] ERROR r.n.h.s.HttpServerOperations - [id:b2d03dd6-1, L:/127.0.0.1:51949 - R:/127.0.0.1:51950] Error finishing response. Closing connection
java.lang.RuntimeException: Random error
	at org.springframework.web.reactive.result.method.annotation.RequestMappingExceptionHandlingIntegrationTests$TestController.lambda$errors$0(RequestMappingExceptionHandlingIntegrationTests.java:154) ~[test/:?]
	Suppressed: reactor.core.publisher.FluxOnAssembly$OnAssemblyException: 
Error has been observed at the following site(s):
	|_ checkpoint ⇢ Handler org.springframework.web.reactive.result.method.annotation.RequestMappingExceptionHandlingIntegrationTests$TestController#errors() [DispatcherHandler]
	|_ checkpoint ⇢ HTTP GET "/SPR-16051" [ExceptionHandlingWebHandler]
Stack trace:
		at org.springframework.web.reactive.result.method.annotation.RequestMappingExceptionHandlingIntegrationTests$TestController.lambda$errors$0(RequestMappingExceptionHandlingIntegrationTests.java:154) ~[test/:?]
		at reactor.core.publisher.FluxMapFuseable$MapFuseableSubscriber.onNext(FluxMapFuseable.java:113) ~[reactor-core-3.4.5.jar:3.4.5]
		at reactor.core.publisher.FluxRange$RangeSubscription.slowPath(FluxRange.java:155) ~[reactor-core-3.4.5.jar:3.4.5]
		at reactor.core.publisher.FluxRange$RangeSubscription.request(FluxRange.java:110) ~[reactor-core-3.4.5.jar:3.4.5]
		at reactor.core.publisher.FluxMapFuseable$MapFuseableSubscriber.request(FluxMapFuseable.java:169) ~[reactor-core-3.4.5.jar:3.4.5]
		at reactor.core.publisher.FluxMapFuseable$MapFuseableSubscriber.request(FluxMapFuseable.java:169) ~[reactor-core-3.4.5.jar:3.4.5]
		at reactor.core.publisher.FluxPeekFuseable$PeekFuseableSubscriber.request(FluxPeekFuseable.java:144) ~[reactor-core-3.4.5.jar:3.4.5]
		at org.springframework.http.server.reactive.ChannelSendOperator$WriteBarrier.request(ChannelSendOperator.java:272) ~[spring-web-5.3.7-SNAPSHOT.jar:5.3.7-SNAPSHOT]
		at reactor.core.publisher.FluxMap$MapSubscriber.request(FluxMap.java:162) ~[reactor-core-3.4.5.jar:3.4.5]
		at reactor.netty.channel.MonoSendMany$SendManyInner.run(MonoSendMany.java:360) [reactor-netty-core-1.0.6.jar:1.0.6]
		at reactor.netty.channel.MonoSendMany$SendManyInner.trySchedule(MonoSendMany.java:423) [reactor-netty-core-1.0.6.jar:1.0.6]
		at reactor.netty.channel.MonoSendMany$SendManyInner.trySuccess(MonoSendMany.java:590) [reactor-netty-core-1.0.6.jar:1.0.6]
		at reactor.netty.channel.MonoSendMany$SendManyInner.trySuccess(MonoSendMany.java:118) [reactor-netty-core-1.0.6.jar:1.0.6]
		at io.netty.util.concurrent.PromiseCombiner.tryPromise(PromiseCombiner.java:170) [netty-common-4.1.63.Final.jar:4.1.63.Final]
		at io.netty.util.concurrent.PromiseCombiner.access$600(PromiseCombiner.java:35) [netty-common-4.1.63.Final.jar:4.1.63.Final]
		at io.netty.util.concurrent.PromiseCombiner$1.operationComplete0(PromiseCombiner.java:62) [netty-common-4.1.63.Final.jar:4.1.63.Final]
		at io.netty.util.concurrent.PromiseCombiner$1.operationComplete(PromiseCombiner.java:44) [netty-common-4.1.63.Final.jar:4.1.63.Final]
		at io.netty.util.concurrent.DefaultPromise.notifyListener0(DefaultPromise.java:578) [netty-common-4.1.63.Final.jar:4.1.63.Final]
		at io.netty.util.concurrent.DefaultPromise.notifyListenersNow(DefaultPromise.java:552) [netty-common-4.1.63.Final.jar:4.1.63.Final]
		at io.netty.util.concurrent.DefaultPromise.notifyListeners(DefaultPromise.java:491) [netty-common-4.1.63.Final.jar:4.1.63.Final]
		at io.netty.util.concurrent.DefaultPromise.setValue0(DefaultPromise.java:616) [netty-common-4.1.63.Final.jar:4.1.63.Final]
		at io.netty.util.concurrent.DefaultPromise.setSuccess0(DefaultPromise.java:605) [netty-common-4.1.63.Final.jar:4.1.63.Final]
		at io.netty.util.concurrent.DefaultPromise.trySuccess(DefaultPromise.java:104) [netty-common-4.1.63.Final.jar:4.1.63.Final]
		at io.netty.util.internal.PromiseNotificationUtil.trySuccess(PromiseNotificationUtil.java:48) [netty-common-4.1.63.Final.jar:4.1.63.Final]
		at io.netty.channel.ChannelOutboundBuffer.safeSuccess(ChannelOutboundBuffer.java:717) [netty-transport-4.1.63.Final.jar:4.1.63.Final]
		at io.netty.channel.ChannelOutboundBuffer.remove(ChannelOutboundBuffer.java:272) [netty-transport-4.1.63.Final.jar:4.1.63.Final]
		at io.netty.channel.ChannelOutboundBuffer.removeBytes(ChannelOutboundBuffer.java:352) [netty-transport-4.1.63.Final.jar:4.1.63.Final]
		at io.netty.channel.socket.nio.NioSocketChannel.doWrite(NioSocketChannel.java:431) [netty-transport-4.1.63.Final.jar:4.1.63.Final]
		at io.netty.channel.AbstractChannel$AbstractUnsafe.flush0(AbstractChannel.java:953) [netty-transport-4.1.63.Final.jar:4.1.63.Final]
		at io.netty.channel.nio.AbstractNioChannel$AbstractNioUnsafe.flush0(AbstractNioChannel.java:354) [netty-transport-4.1.63.Final.jar:4.1.63.Final]
		at io.netty.channel.AbstractChannel$AbstractUnsafe.flush(AbstractChannel.java:917) [netty-transport-4.1.63.Final.jar:4.1.63.Final]
		at io.netty.channel.DefaultChannelPipeline$HeadContext.flush(DefaultChannelPipeline.java:1372) [netty-transport-4.1.63.Final.jar:4.1.63.Final]
		at io.netty.channel.AbstractChannelHandlerContext.invokeFlush0(AbstractChannelHandlerContext.java:750) [netty-transport-4.1.63.Final.jar:4.1.63.Final]
		at io.netty.channel.AbstractChannelHandlerContext.invokeFlush(AbstractChannelHandlerContext.java:742) [netty-transport-4.1.63.Final.jar:4.1.63.Final]
		at io.netty.channel.AbstractChannelHandlerContext.flush(AbstractChannelHandlerContext.java:728) [netty-transport-4.1.63.Final.jar:4.1.63.Final]
		at io.netty.channel.CombinedChannelDuplexHandler$DelegatingChannelHandlerContext.flush(CombinedChannelDuplexHandler.java:531) [netty-transport-4.1.63.Final.jar:4.1.63.Final]
		at io.netty.channel.ChannelOutboundHandlerAdapter.flush(ChannelOutboundHandlerAdapter.java:125) [netty-transport-4.1.63.Final.jar:4.1.63.Final]
		at io.netty.channel.CombinedChannelDuplexHandler.flush(CombinedChannelDuplexHandler.java:356) [netty-transport-4.1.63.Final.jar:4.1.63.Final]
		at io.netty.channel.AbstractChannelHandlerContext.invokeFlush0(AbstractChannelHandlerContext.java:750) [netty-transport-4.1.63.Final.jar:4.1.63.Final]
		at io.netty.channel.AbstractChannelHandlerContext.invokeFlush(AbstractChannelHandlerContext.java:742) [netty-transport-4.1.63.Final.jar:4.1.63.Final]
		at io.netty.channel.AbstractChannelHandlerContext.flush(AbstractChannelHandlerContext.java:728) [netty-transport-4.1.63.Final.jar:4.1.63.Final]
		at reactor.netty.channel.MonoSendMany$SendManyInner$AsyncFlush.run(MonoSendMany.java:778) [reactor-netty-core-1.0.6.jar:1.0.6]
		at io.netty.util.concurrent.AbstractEventExecutor.safeExecute(AbstractEventExecutor.java:164) [netty-common-4.1.63.Final.jar:4.1.63.Final]
		at io.netty.util.concurrent.SingleThreadEventExecutor.runAllTasks(SingleThreadEventExecutor.java:472) [netty-common-4.1.63.Final.jar:4.1.63.Final]
		at io.netty.channel.nio.NioEventLoop.run(NioEventLoop.java:497) [netty-transport-4.1.63.Final.jar:4.1.63.Final]
		at io.netty.util.concurrent.SingleThreadEventExecutor$4.run(SingleThreadEventExecutor.java:989) [netty-common-4.1.63.Final.jar:4.1.63.Final]
		at io.netty.util.internal.ThreadExecutorMap$2.run(ThreadExecutorMap.java:74) [netty-common-4.1.63.Final.jar:4.1.63.Final]
		at io.netty.util.concurrent.FastThreadLocalRunnable.run(FastThreadLocalRunnable.java:30) [netty-common-4.1.63.Final.jar:4.1.63.Final]
		at java.lang.Thread.run(Thread.java:748) [?:1.8.0_181]
17:48:11.600 [Test worker] DEBUG o.s.w.t.h.s.r.b.ReactorHttpServer - Stopping ReactorHttpServer...
17:48:11.600 [Test worker] DEBUG o.s.w.t.h.s.r.b.ReactorHttpServer - Server stopped (0 millis).
17:48:11.634 [Test worker] DEBUG o.s.w.r.r.m.a.RequestMappingHandlerMapping - 6 mappings in 'requestMappingHandlerMapping'
17:48:11.649 [Test worker] DEBUG o.s.w.r.r.m.a.ControllerMethodResolver - ControllerAdvice beans: none
17:48:11.653 [Test worker] DEBUG o.s.w.s.a.HttpWebHandlerAdapter - enableLoggingRequestDetails='false': form data and headers will be masked to prevent unsafe logging of potentially sensitive data
17:48:11.653 [Test worker] DEBUG o.s.w.t.h.s.r.b.TomcatHttpServer - Starting TomcatHttpServer...
17:48:11.660 [Test worker] DEBUG o.s.w.t.h.s.r.b.TomcatHttpServer - Server started on port 51951(0 millis).
17:48:11.660 [Test worker] DEBUG o.s.w.c.RestTemplate - HTTP GET http://localhost:51951/SPR-16051
17:48:11.660 [Test worker] DEBUG o.s.w.c.RestTemplate - Accept=[text/plain, application/json, application/x-jackson-smile, application/*+json, */*]
17:48:11.662 [http-nio-auto-5-exec-1] DEBUG o.s.w.s.a.HttpWebHandlerAdapter - [42a4574f] HTTP GET "/SPR-16051"
17:48:11.663 [http-nio-auto-5-exec-1] DEBUG o.s.w.r.r.m.a.RequestMappingHandlerMapping - [42a4574f] Mapped to org.springframework.web.reactive.result.method.annotation.RequestMappingExceptionHandlingIntegrationTests$TestController#errors()
17:48:11.663 [http-nio-auto-5-exec-1] DEBUG o.s.w.r.r.m.a.ResponseBodyResultHandler - [42a4574f] Using 'text/plain;charset=UTF-8' given [text/plain, application/json, application/x-jackson-smile, application/*+json, */*] and supported [text/plain;charset=UTF-8, text/event-stream, text/plain;charset=UTF-8, */*]
17:48:11.663 [http-nio-auto-5-exec-1] DEBUG o.s.w.r.r.m.a.ResponseBodyResultHandler - [42a4574f] 0..N [java.lang.String]
17:48:11.663 [http-nio-auto-5-exec-1] DEBUG o.s.c.c.CharSequenceEncoder - [42a4574f] Writing "1. foo bar"
17:48:11.664 [http-nio-auto-5-exec-1] DEBUG o.s.c.c.CharSequenceEncoder - [42a4574f] Writing "2. foo bar"
17:48:11.664 [http-nio-auto-5-exec-1] DEBUG o.s.c.c.CharSequenceEncoder - [42a4574f] Writing "3. foo bar"
17:48:11.664 [http-nio-auto-5-exec-1] DEBUG o.s.c.c.CharSequenceEncoder - [42a4574f] Writing "4. foo bar"
17:48:11.664 [http-nio-auto-5-exec-1] DEBUG o.s.c.c.CharSequenceEncoder - [42a4574f] Writing "5. foo bar"
17:48:11.664 [http-nio-auto-5-exec-1] DEBUG o.s.c.c.CharSequenceEncoder - [42a4574f] Writing "6. foo bar"
17:48:11.664 [http-nio-auto-5-exec-1] DEBUG o.s.c.c.CharSequenceEncoder - [42a4574f] Writing "7. foo bar"
17:48:11.664 [http-nio-auto-5-exec-1] DEBUG o.s.c.c.CharSequenceEncoder - [42a4574f] Writing "8. foo bar"
17:48:11.664 [http-nio-auto-5-exec-1] DEBUG o.s.c.c.CharSequenceEncoder - [42a4574f] Writing "9. foo bar"
17:48:11.664 [http-nio-auto-5-exec-1] DEBUG o.s.c.c.CharSequenceEncoder - [42a4574f] Writing "10. foo bar"
17:48:11.664 [http-nio-auto-5-exec-1] DEBUG o.s.c.c.CharSequenceEncoder - [42a4574f] Writing "11. foo bar"
17:48:11.664 [http-nio-auto-5-exec-1] DEBUG o.s.c.c.CharSequenceEncoder - [42a4574f] Writing "12. foo bar"
17:48:11.664 [http-nio-auto-5-exec-1] DEBUG o.s.c.c.CharSequenceEncoder - [42a4574f] Writing "13. foo bar"
17:48:11.664 [http-nio-auto-5-exec-1] DEBUG o.s.c.c.CharSequenceEncoder - [42a4574f] Writing "14. foo bar"
17:48:11.664 [http-nio-auto-5-exec-1] DEBUG o.s.c.c.CharSequenceEncoder - [42a4574f] Writing "15. foo bar"
17:48:11.664 [http-nio-auto-5-exec-1] DEBUG o.s.c.c.CharSequenceEncoder - [42a4574f] Writing "16. foo bar"
17:48:11.664 [http-nio-auto-5-exec-1] DEBUG o.s.c.c.CharSequenceEncoder - [42a4574f] Writing "17. foo bar"
17:48:11.664 [http-nio-auto-5-exec-1] DEBUG o.s.c.c.CharSequenceEncoder - [42a4574f] Writing "18. foo bar"
17:48:11.664 [http-nio-auto-5-exec-1] DEBUG o.s.c.c.CharSequenceEncoder - [42a4574f] Writing "19. foo bar"
17:48:11.664 [http-nio-auto-5-exec-1] DEBUG o.s.c.c.CharSequenceEncoder - [42a4574f] Writing "20. foo bar"
17:48:11.664 [http-nio-auto-5-exec-1] DEBUG o.s.c.c.CharSequenceEncoder - [42a4574f] Writing "21. foo bar"
17:48:11.664 [http-nio-auto-5-exec-1] DEBUG o.s.c.c.CharSequenceEncoder - [42a4574f] Writing "22. foo bar"
17:48:11.664 [http-nio-auto-5-exec-1] DEBUG o.s.c.c.CharSequenceEncoder - [42a4574f] Writing "23. foo bar"
17:48:11.664 [http-nio-auto-5-exec-1] DEBUG o.s.c.c.CharSequenceEncoder - [42a4574f] Writing "24. foo bar"
17:48:11.664 [http-nio-auto-5-exec-1] DEBUG o.s.c.c.CharSequenceEncoder - [42a4574f] Writing "25. foo bar"
17:48:11.664 [http-nio-auto-5-exec-1] DEBUG o.s.c.c.CharSequenceEncoder - [42a4574f] Writing "26. foo bar"
17:48:11.664 [http-nio-auto-5-exec-1] DEBUG o.s.c.c.CharSequenceEncoder - [42a4574f] Writing "27. foo bar"
17:48:11.665 [http-nio-auto-5-exec-1] DEBUG o.s.c.c.CharSequenceEncoder - [42a4574f] Writing "28. foo bar"
17:48:11.665 [http-nio-auto-5-exec-1] DEBUG o.s.c.c.CharSequenceEncoder - [42a4574f] Writing "29. foo bar"
17:48:11.665 [http-nio-auto-5-exec-1] DEBUG o.s.c.c.CharSequenceEncoder - [42a4574f] Writing "30. foo bar"
17:48:11.665 [http-nio-auto-5-exec-1] DEBUG o.s.c.c.CharSequenceEncoder - [42a4574f] Writing "31. foo bar"
17:48:11.665 [http-nio-auto-5-exec-1] DEBUG o.s.c.c.CharSequenceEncoder - [42a4574f] Writing "32. foo bar"
17:48:11.665 [http-nio-auto-5-exec-1] DEBUG o.s.c.c.CharSequenceEncoder - [42a4574f] Writing "33. foo bar"
17:48:11.665 [http-nio-auto-5-exec-1] DEBUG o.s.c.c.CharSequenceEncoder - [42a4574f] Writing "34. foo bar"
17:48:11.665 [http-nio-auto-5-exec-1] DEBUG o.s.c.c.CharSequenceEncoder - [42a4574f] Writing "35. foo bar"
17:48:11.665 [http-nio-auto-5-exec-1] DEBUG o.s.c.c.CharSequenceEncoder - [42a4574f] Writing "36. foo bar"
17:48:11.665 [http-nio-auto-5-exec-1] DEBUG o.s.c.c.CharSequenceEncoder - [42a4574f] Writing "37. foo bar"
17:48:11.665 [http-nio-auto-5-exec-1] DEBUG o.s.c.c.CharSequenceEncoder - [42a4574f] Writing "38. foo bar"
17:48:11.665 [http-nio-auto-5-exec-1] DEBUG o.s.c.c.CharSequenceEncoder - [42a4574f] Writing "39. foo bar"
17:48:11.665 [http-nio-auto-5-exec-1] DEBUG o.s.c.c.CharSequenceEncoder - [42a4574f] Writing "40. foo bar"
17:48:11.665 [http-nio-auto-5-exec-1] DEBUG o.s.c.c.CharSequenceEncoder - [42a4574f] Writing "41. foo bar"
17:48:11.665 [http-nio-auto-5-exec-1] DEBUG o.s.c.c.CharSequenceEncoder - [42a4574f] Writing "42. foo bar"
17:48:11.665 [http-nio-auto-5-exec-1] DEBUG o.s.c.c.CharSequenceEncoder - [42a4574f] Writing "43. foo bar"
17:48:11.665 [http-nio-auto-5-exec-1] DEBUG o.s.c.c.CharSequenceEncoder - [42a4574f] Writing "44. foo bar"
17:48:11.665 [http-nio-auto-5-exec-1] DEBUG o.s.c.c.CharSequenceEncoder - [42a4574f] Writing "45. foo bar"
17:48:11.665 [http-nio-auto-5-exec-1] DEBUG o.s.c.c.CharSequenceEncoder - [42a4574f] Writing "46. foo bar"
17:48:11.665 [http-nio-auto-5-exec-1] DEBUG o.s.c.c.CharSequenceEncoder - [42a4574f] Writing "47. foo bar"
17:48:11.665 [http-nio-auto-5-exec-1] DEBUG o.s.c.c.CharSequenceEncoder - [42a4574f] Writing "48. foo bar"
17:48:11.665 [http-nio-auto-5-exec-1] DEBUG o.s.c.c.CharSequenceEncoder - [42a4574f] Writing "49. foo bar"
17:48:11.665 [http-nio-auto-5-exec-1] DEBUG o.s.c.c.CharSequenceEncoder - [42a4574f] Writing "50. foo bar"
17:48:11.665 [http-nio-auto-5-exec-1] DEBUG o.s.c.c.CharSequenceEncoder - [42a4574f] Writing "51. foo bar"
17:48:11.665 [http-nio-auto-5-exec-1] DEBUG o.s.c.c.CharSequenceEncoder - [42a4574f] Writing "52. foo bar"
17:48:11.665 [http-nio-auto-5-exec-1] DEBUG o.s.c.c.CharSequenceEncoder - [42a4574f] Writing "53. foo bar"
17:48:11.666 [http-nio-auto-5-exec-1] DEBUG o.s.c.c.CharSequenceEncoder - [42a4574f] Writing "54. foo bar"
17:48:11.666 [http-nio-auto-5-exec-1] DEBUG o.s.c.c.CharSequenceEncoder - [42a4574f] Writing "55. foo bar"
17:48:11.666 [http-nio-auto-5-exec-1] DEBUG o.s.c.c.CharSequenceEncoder - [42a4574f] Writing "56. foo bar"
17:48:11.666 [http-nio-auto-5-exec-1] DEBUG o.s.c.c.CharSequenceEncoder - [42a4574f] Writing "57. foo bar"
17:48:11.666 [http-nio-auto-5-exec-1] DEBUG o.s.c.c.CharSequenceEncoder - [42a4574f] Writing "58. foo bar"
17:48:11.666 [http-nio-auto-5-exec-1] DEBUG o.s.c.c.CharSequenceEncoder - [42a4574f] Writing "59. foo bar"
17:48:11.666 [http-nio-auto-5-exec-1] DEBUG o.s.c.c.CharSequenceEncoder - [42a4574f] Writing "60. foo bar"
17:48:11.666 [http-nio-auto-5-exec-1] DEBUG o.s.c.c.CharSequenceEncoder - [42a4574f] Writing "61. foo bar"
17:48:11.666 [http-nio-auto-5-exec-1] DEBUG o.s.c.c.CharSequenceEncoder - [42a4574f] Writing "62. foo bar"
17:48:11.666 [http-nio-auto-5-exec-1] DEBUG o.s.c.c.CharSequenceEncoder - [42a4574f] Writing "63. foo bar"
17:48:11.666 [http-nio-auto-5-exec-1] DEBUG o.s.c.c.CharSequenceEncoder - [42a4574f] Writing "64. foo bar"
17:48:11.666 [http-nio-auto-5-exec-1] DEBUG o.s.c.c.CharSequenceEncoder - [42a4574f] Writing "65. foo bar"
17:48:11.666 [http-nio-auto-5-exec-1] DEBUG o.s.c.c.CharSequenceEncoder - [42a4574f] Writing "66. foo bar"
17:48:11.666 [http-nio-auto-5-exec-1] DEBUG o.s.c.c.CharSequenceEncoder - [42a4574f] Writing "67. foo bar"
17:48:11.666 [http-nio-auto-5-exec-1] DEBUG o.s.c.c.CharSequenceEncoder - [42a4574f] Writing "68. foo bar"
17:48:11.666 [http-nio-auto-5-exec-1] DEBUG o.s.c.c.CharSequenceEncoder - [42a4574f] Writing "69. foo bar"
17:48:11.666 [http-nio-auto-5-exec-1] DEBUG o.s.c.c.CharSequenceEncoder - [42a4574f] Writing "70. foo bar"
17:48:11.666 [http-nio-auto-5-exec-1] DEBUG o.s.c.c.CharSequenceEncoder - [42a4574f] Writing "71. foo bar"
17:48:11.666 [http-nio-auto-5-exec-1] DEBUG o.s.c.c.CharSequenceEncoder - [42a4574f] Writing "72. foo bar"
17:48:11.666 [http-nio-auto-5-exec-1] DEBUG o.s.c.c.CharSequenceEncoder - [42a4574f] Writing "73. foo bar"
17:48:11.666 [http-nio-auto-5-exec-1] DEBUG o.s.c.c.CharSequenceEncoder - [42a4574f] Writing "74. foo bar"
17:48:11.666 [http-nio-auto-5-exec-1] DEBUG o.s.c.c.CharSequenceEncoder - [42a4574f] Writing "75. foo bar"
17:48:11.667 [http-nio-auto-5-exec-1] DEBUG o.s.c.c.CharSequenceEncoder - [42a4574f] Writing "76. foo bar"
17:48:11.667 [http-nio-auto-5-exec-1] DEBUG o.s.c.c.CharSequenceEncoder - [42a4574f] Writing "77. foo bar"
17:48:11.667 [http-nio-auto-5-exec-1] DEBUG o.s.c.c.CharSequenceEncoder - [42a4574f] Writing "78. foo bar"
17:48:11.667 [http-nio-auto-5-exec-1] DEBUG o.s.c.c.CharSequenceEncoder - [42a4574f] Writing "79. foo bar"
17:48:11.667 [http-nio-auto-5-exec-1] DEBUG o.s.c.c.CharSequenceEncoder - [42a4574f] Writing "80. foo bar"
17:48:11.667 [http-nio-auto-5-exec-1] DEBUG o.s.c.c.CharSequenceEncoder - [42a4574f] Writing "81. foo bar"
17:48:11.667 [http-nio-auto-5-exec-1] DEBUG o.s.c.c.CharSequenceEncoder - [42a4574f] Writing "82. foo bar"
17:48:11.667 [http-nio-auto-5-exec-1] DEBUG o.s.c.c.CharSequenceEncoder - [42a4574f] Writing "83. foo bar"
17:48:11.667 [http-nio-auto-5-exec-1] DEBUG o.s.c.c.CharSequenceEncoder - [42a4574f] Writing "84. foo bar"
17:48:11.667 [http-nio-auto-5-exec-1] DEBUG o.s.c.c.CharSequenceEncoder - [42a4574f] Writing "85. foo bar"
17:48:11.667 [http-nio-auto-5-exec-1] DEBUG o.s.c.c.CharSequenceEncoder - [42a4574f] Writing "86. foo bar"
17:48:11.667 [http-nio-auto-5-exec-1] DEBUG o.s.c.c.CharSequenceEncoder - [42a4574f] Writing "87. foo bar"
17:48:11.667 [http-nio-auto-5-exec-1] DEBUG o.s.c.c.CharSequenceEncoder - [42a4574f] Writing "88. foo bar"
17:48:11.667 [http-nio-auto-5-exec-1] DEBUG o.s.c.c.CharSequenceEncoder - [42a4574f] Writing "89. foo bar"
17:48:11.667 [http-nio-auto-5-exec-1] DEBUG o.s.c.c.CharSequenceEncoder - [42a4574f] Writing "90. foo bar"
17:48:11.667 [http-nio-auto-5-exec-1] DEBUG o.s.c.c.CharSequenceEncoder - [42a4574f] Writing "91. foo bar"
17:48:11.667 [http-nio-auto-5-exec-1] DEBUG o.s.c.c.CharSequenceEncoder - [42a4574f] Writing "92. foo bar"
17:48:11.667 [http-nio-auto-5-exec-1] DEBUG o.s.c.c.CharSequenceEncoder - [42a4574f] Writing "93. foo bar"
17:48:11.667 [http-nio-auto-5-exec-1] DEBUG o.s.c.c.CharSequenceEncoder - [42a4574f] Writing "94. foo bar"
17:48:11.667 [http-nio-auto-5-exec-1] DEBUG o.s.c.c.CharSequenceEncoder - [42a4574f] Writing "95. foo bar"
17:48:11.667 [http-nio-auto-5-exec-1] DEBUG o.s.c.c.CharSequenceEncoder - [42a4574f] Writing "96. foo bar"
17:48:11.667 [http-nio-auto-5-exec-1] DEBUG o.s.c.c.CharSequenceEncoder - [42a4574f] Writing "97. foo bar"
17:48:11.667 [http-nio-auto-5-exec-1] DEBUG o.s.c.c.CharSequenceEncoder - [42a4574f] Writing "98. foo bar"
17:48:11.668 [http-nio-auto-5-exec-1] DEBUG o.s.c.c.CharSequenceEncoder - [42a4574f] Writing "99. foo bar"
17:48:11.668 [http-nio-auto-5-exec-1] DEBUG o.s.c.c.CharSequenceEncoder - [42a4574f] Writing "100. foo bar"
17:48:11.668 [http-nio-auto-5-exec-1] DEBUG o.s.c.c.CharSequenceEncoder - [42a4574f] Writing "101. foo bar"
17:48:11.668 [http-nio-auto-5-exec-1] DEBUG o.s.c.c.CharSequenceEncoder - [42a4574f] Writing "102. foo bar"
17:48:11.668 [http-nio-auto-5-exec-1] DEBUG o.s.c.c.CharSequenceEncoder - [42a4574f] Writing "103. foo bar"
17:48:11.668 [http-nio-auto-5-exec-1] DEBUG o.s.c.c.CharSequenceEncoder - [42a4574f] Writing "104. foo bar"
17:48:11.668 [http-nio-auto-5-exec-1] DEBUG o.s.c.c.CharSequenceEncoder - [42a4574f] Writing "105. foo bar"
17:48:11.668 [http-nio-auto-5-exec-1] DEBUG o.s.c.c.CharSequenceEncoder - [42a4574f] Writing "106. foo bar"
17:48:11.668 [http-nio-auto-5-exec-1] DEBUG o.s.c.c.CharSequenceEncoder - [42a4574f] Writing "107. foo bar"
17:48:11.668 [http-nio-auto-5-exec-1] DEBUG o.s.c.c.CharSequenceEncoder - [42a4574f] Writing "108. foo bar"
17:48:11.668 [http-nio-auto-5-exec-1] DEBUG o.s.c.c.CharSequenceEncoder - [42a4574f] Writing "109. foo bar"
17:48:11.668 [http-nio-auto-5-exec-1] DEBUG o.s.c.c.CharSequenceEncoder - [42a4574f] Writing "110. foo bar"
17:48:11.668 [http-nio-auto-5-exec-1] DEBUG o.s.c.c.CharSequenceEncoder - [42a4574f] Writing "111. foo bar"
17:48:11.668 [http-nio-auto-5-exec-1] DEBUG o.s.c.c.CharSequenceEncoder - [42a4574f] Writing "112. foo bar"
17:48:11.668 [http-nio-auto-5-exec-1] DEBUG o.s.c.c.CharSequenceEncoder - [42a4574f] Writing "113. foo bar"
17:48:11.668 [http-nio-auto-5-exec-1] DEBUG o.s.c.c.CharSequenceEncoder - [42a4574f] Writing "114. foo bar"
17:48:11.668 [http-nio-auto-5-exec-1] DEBUG o.s.c.c.CharSequenceEncoder - [42a4574f] Writing "115. foo bar"
17:48:11.668 [http-nio-auto-5-exec-1] DEBUG o.s.c.c.CharSequenceEncoder - [42a4574f] Writing "116. foo bar"
17:48:11.668 [http-nio-auto-5-exec-1] DEBUG o.s.c.c.CharSequenceEncoder - [42a4574f] Writing "117. foo bar"
17:48:11.668 [http-nio-auto-5-exec-1] DEBUG o.s.c.c.CharSequenceEncoder - [42a4574f] Writing "118. foo bar"
17:48:11.668 [http-nio-auto-5-exec-1] DEBUG o.s.c.c.CharSequenceEncoder - [42a4574f] Writing "119. foo bar"
17:48:11.668 [http-nio-auto-5-exec-1] DEBUG o.s.c.c.CharSequenceEncoder - [42a4574f] Writing "120. foo bar"
17:48:11.668 [http-nio-auto-5-exec-1] DEBUG o.s.c.c.CharSequenceEncoder - [42a4574f] Writing "121. foo bar"
17:48:11.668 [http-nio-auto-5-exec-1] DEBUG o.s.c.c.CharSequenceEncoder - [42a4574f] Writing "122. foo bar"
17:48:11.668 [http-nio-auto-5-exec-1] DEBUG o.s.c.c.CharSequenceEncoder - [42a4574f] Writing "123. foo bar"
17:48:11.668 [http-nio-auto-5-exec-1] DEBUG o.s.c.c.CharSequenceEncoder - [42a4574f] Writing "124. foo bar"
17:48:11.668 [http-nio-auto-5-exec-1] DEBUG o.s.c.c.CharSequenceEncoder - [42a4574f] Writing "125. foo bar"
17:48:11.668 [http-nio-auto-5-exec-1] DEBUG o.s.c.c.CharSequenceEncoder - [42a4574f] Writing "126. foo bar"
17:48:11.668 [http-nio-auto-5-exec-1] DEBUG o.s.c.c.CharSequenceEncoder - [42a4574f] Writing "127. foo bar"
17:48:11.669 [http-nio-auto-5-exec-1] DEBUG o.s.c.c.CharSequenceEncoder - [42a4574f] Writing "128. foo bar"
17:48:11.669 [http-nio-auto-5-exec-1] DEBUG o.s.c.c.CharSequenceEncoder - [42a4574f] Writing "129. foo bar"
17:48:11.669 [http-nio-auto-5-exec-1] DEBUG o.s.c.c.CharSequenceEncoder - [42a4574f] Writing "130. foo bar"
17:48:11.669 [http-nio-auto-5-exec-1] DEBUG o.s.c.c.CharSequenceEncoder - [42a4574f] Writing "131. foo bar"
17:48:11.669 [http-nio-auto-5-exec-1] DEBUG o.s.c.c.CharSequenceEncoder - [42a4574f] Writing "132. foo bar"
17:48:11.669 [http-nio-auto-5-exec-1] DEBUG o.s.c.c.CharSequenceEncoder - [42a4574f] Writing "133. foo bar"
17:48:11.669 [http-nio-auto-5-exec-1] DEBUG o.s.c.c.CharSequenceEncoder - [42a4574f] Writing "134. foo bar"
17:48:11.669 [http-nio-auto-5-exec-1] DEBUG o.s.c.c.CharSequenceEncoder - [42a4574f] Writing "135. foo bar"
17:48:11.669 [http-nio-auto-5-exec-1] DEBUG o.s.c.c.CharSequenceEncoder - [42a4574f] Writing "136. foo bar"
17:48:11.669 [http-nio-auto-5-exec-1] DEBUG o.s.c.c.CharSequenceEncoder - [42a4574f] Writing "137. foo bar"
17:48:11.669 [http-nio-auto-5-exec-1] DEBUG o.s.c.c.CharSequenceEncoder - [42a4574f] Writing "138. foo bar"
17:48:11.669 [http-nio-auto-5-exec-1] DEBUG o.s.c.c.CharSequenceEncoder - [42a4574f] Writing "139. foo bar"
17:48:11.669 [http-nio-auto-5-exec-1] DEBUG o.s.c.c.CharSequenceEncoder - [42a4574f] Writing "140. foo bar"
17:48:11.669 [http-nio-auto-5-exec-1] DEBUG o.s.c.c.CharSequenceEncoder - [42a4574f] Writing "141. foo bar"
17:48:11.669 [http-nio-auto-5-exec-1] DEBUG o.s.c.c.CharSequenceEncoder - [42a4574f] Writing "142. foo bar"
17:48:11.669 [http-nio-auto-5-exec-1] DEBUG o.s.c.c.CharSequenceEncoder - [42a4574f] Writing "143. foo bar"
17:48:11.669 [http-nio-auto-5-exec-1] DEBUG o.s.c.c.CharSequenceEncoder - [42a4574f] Writing "144. foo bar"
17:48:11.669 [http-nio-auto-5-exec-1] DEBUG o.s.c.c.CharSequenceEncoder - [42a4574f] Writing "145. foo bar"
17:48:11.669 [http-nio-auto-5-exec-1] DEBUG o.s.c.c.CharSequenceEncoder - [42a4574f] Writing "146. foo bar"
17:48:11.669 [http-nio-auto-5-exec-1] DEBUG o.s.c.c.CharSequenceEncoder - [42a4574f] Writing "147. foo bar"
17:48:11.669 [http-nio-auto-5-exec-1] DEBUG o.s.c.c.CharSequenceEncoder - [42a4574f] Writing "148. foo bar"
17:48:11.669 [http-nio-auto-5-exec-1] DEBUG o.s.c.c.CharSequenceEncoder - [42a4574f] Writing "149. foo bar"
17:48:11.669 [http-nio-auto-5-exec-1] DEBUG o.s.c.c.CharSequenceEncoder - [42a4574f] Writing "150. foo bar"
17:48:11.669 [http-nio-auto-5-exec-1] DEBUG o.s.c.c.CharSequenceEncoder - [42a4574f] Writing "151. foo bar"
17:48:11.669 [http-nio-auto-5-exec-1] DEBUG o.s.c.c.CharSequenceEncoder - [42a4574f] Writing "152. foo bar"
17:48:11.669 [http-nio-auto-5-exec-1] DEBUG o.s.c.c.CharSequenceEncoder - [42a4574f] Writing "153. foo bar"
17:48:11.669 [http-nio-auto-5-exec-1] DEBUG o.s.c.c.CharSequenceEncoder - [42a4574f] Writing "154. foo bar"
17:48:11.669 [http-nio-auto-5-exec-1] DEBUG o.s.c.c.CharSequenceEncoder - [42a4574f] Writing "155. foo bar"
17:48:11.669 [http-nio-auto-5-exec-1] DEBUG o.s.c.c.CharSequenceEncoder - [42a4574f] Writing "156. foo bar"
17:48:11.669 [http-nio-auto-5-exec-1] DEBUG o.s.c.c.CharSequenceEncoder - [42a4574f] Writing "157. foo bar"
17:48:11.669 [http-nio-auto-5-exec-1] DEBUG o.s.c.c.CharSequenceEncoder - [42a4574f] Writing "158. foo bar"
17:48:11.669 [http-nio-auto-5-exec-1] DEBUG o.s.c.c.CharSequenceEncoder - [42a4574f] Writing "159. foo bar"
17:48:11.669 [http-nio-auto-5-exec-1] DEBUG o.s.c.c.CharSequenceEncoder - [42a4574f] Writing "160. foo bar"
17:48:11.670 [http-nio-auto-5-exec-1] DEBUG o.s.c.c.CharSequenceEncoder - [42a4574f] Writing "161. foo bar"
17:48:11.670 [http-nio-auto-5-exec-1] DEBUG o.s.c.c.CharSequenceEncoder - [42a4574f] Writing "162. foo bar"
17:48:11.670 [http-nio-auto-5-exec-1] DEBUG o.s.c.c.CharSequenceEncoder - [42a4574f] Writing "163. foo bar"
17:48:11.670 [http-nio-auto-5-exec-1] DEBUG o.s.c.c.CharSequenceEncoder - [42a4574f] Writing "164. foo bar"
17:48:11.670 [http-nio-auto-5-exec-1] DEBUG o.s.c.c.CharSequenceEncoder - [42a4574f] Writing "165. foo bar"
17:48:11.670 [http-nio-auto-5-exec-1] DEBUG o.s.c.c.CharSequenceEncoder - [42a4574f] Writing "166. foo bar"
17:48:11.670 [http-nio-auto-5-exec-1] DEBUG o.s.c.c.CharSequenceEncoder - [42a4574f] Writing "167. foo bar"
17:48:11.670 [http-nio-auto-5-exec-1] DEBUG o.s.c.c.CharSequenceEncoder - [42a4574f] Writing "168. foo bar"
17:48:11.670 [http-nio-auto-5-exec-1] DEBUG o.s.c.c.CharSequenceEncoder - [42a4574f] Writing "169. foo bar"
17:48:11.670 [http-nio-auto-5-exec-1] DEBUG o.s.c.c.CharSequenceEncoder - [42a4574f] Writing "170. foo bar"
17:48:11.670 [http-nio-auto-5-exec-1] DEBUG o.s.c.c.CharSequenceEncoder - [42a4574f] Writing "171. foo bar"
17:48:11.670 [http-nio-auto-5-exec-1] DEBUG o.s.c.c.CharSequenceEncoder - [42a4574f] Writing "172. foo bar"
17:48:11.670 [http-nio-auto-5-exec-1] DEBUG o.s.c.c.CharSequenceEncoder - [42a4574f] Writing "173. foo bar"
17:48:11.670 [http-nio-auto-5-exec-1] DEBUG o.s.c.c.CharSequenceEncoder - [42a4574f] Writing "174. foo bar"
17:48:11.670 [http-nio-auto-5-exec-1] DEBUG o.s.c.c.CharSequenceEncoder - [42a4574f] Writing "175. foo bar"
17:48:11.670 [http-nio-auto-5-exec-1] DEBUG o.s.c.c.CharSequenceEncoder - [42a4574f] Writing "176. foo bar"
17:48:11.670 [http-nio-auto-5-exec-1] DEBUG o.s.c.c.CharSequenceEncoder - [42a4574f] Writing "177. foo bar"
17:48:11.670 [http-nio-auto-5-exec-1] DEBUG o.s.c.c.CharSequenceEncoder - [42a4574f] Writing "178. foo bar"
17:48:11.670 [http-nio-auto-5-exec-1] DEBUG o.s.c.c.CharSequenceEncoder - [42a4574f] Writing "179. foo bar"
17:48:11.670 [http-nio-auto-5-exec-1] DEBUG o.s.c.c.CharSequenceEncoder - [42a4574f] Writing "180. foo bar"
17:48:11.670 [http-nio-auto-5-exec-1] DEBUG o.s.c.c.CharSequenceEncoder - [42a4574f] Writing "181. foo bar"
17:48:11.670 [http-nio-auto-5-exec-1] DEBUG o.s.c.c.CharSequenceEncoder - [42a4574f] Writing "182. foo bar"
17:48:11.670 [http-nio-auto-5-exec-1] DEBUG o.s.c.c.CharSequenceEncoder - [42a4574f] Writing "183. foo bar"
17:48:11.670 [http-nio-auto-5-exec-1] DEBUG o.s.c.c.CharSequenceEncoder - [42a4574f] Writing "184. foo bar"
17:48:11.670 [http-nio-auto-5-exec-1] DEBUG o.s.c.c.CharSequenceEncoder - [42a4574f] Writing "185. foo bar"
17:48:11.670 [http-nio-auto-5-exec-1] DEBUG o.s.c.c.CharSequenceEncoder - [42a4574f] Writing "186. foo bar"
17:48:11.670 [http-nio-auto-5-exec-1] DEBUG o.s.c.c.CharSequenceEncoder - [42a4574f] Writing "187. foo bar"
17:48:11.670 [http-nio-auto-5-exec-1] DEBUG o.s.c.c.CharSequenceEncoder - [42a4574f] Writing "188. foo bar"
17:48:11.670 [http-nio-auto-5-exec-1] DEBUG o.s.c.c.CharSequenceEncoder - [42a4574f] Writing "189. foo bar"
17:48:11.670 [http-nio-auto-5-exec-1] DEBUG o.s.c.c.CharSequenceEncoder - [42a4574f] Writing "190. foo bar"
17:48:11.671 [http-nio-auto-5-exec-1] DEBUG o.s.c.c.CharSequenceEncoder - [42a4574f] Writing "191. foo bar"
17:48:11.671 [http-nio-auto-5-exec-1] DEBUG o.s.c.c.CharSequenceEncoder - [42a4574f] Writing "192. foo bar"
17:48:11.671 [http-nio-auto-5-exec-1] DEBUG o.s.c.c.CharSequenceEncoder - [42a4574f] Writing "193. foo bar"
17:48:11.671 [http-nio-auto-5-exec-1] DEBUG o.s.c.c.CharSequenceEncoder - [42a4574f] Writing "194. foo bar"
17:48:11.671 [http-nio-auto-5-exec-1] DEBUG o.s.c.c.CharSequenceEncoder - [42a4574f] Writing "195. foo bar"
17:48:11.671 [http-nio-auto-5-exec-1] DEBUG o.s.c.c.CharSequenceEncoder - [42a4574f] Writing "196. foo bar"
17:48:11.671 [http-nio-auto-5-exec-1] DEBUG o.s.c.c.CharSequenceEncoder - [42a4574f] Writing "197. foo bar"
17:48:11.671 [http-nio-auto-5-exec-1] DEBUG o.s.c.c.CharSequenceEncoder - [42a4574f] Writing "198. foo bar"
17:48:11.671 [http-nio-auto-5-exec-1] DEBUG o.s.c.c.CharSequenceEncoder - [42a4574f] Writing "199. foo bar"
17:48:11.671 [http-nio-auto-5-exec-1] DEBUG o.s.c.c.CharSequenceEncoder - [42a4574f] Writing "200. foo bar"
17:48:11.671 [http-nio-auto-5-exec-1] DEBUG o.s.c.c.CharSequenceEncoder - [42a4574f] Writing "201. foo bar"
17:48:11.671 [http-nio-auto-5-exec-1] DEBUG o.s.c.c.CharSequenceEncoder - [42a4574f] Writing "202. foo bar"
17:48:11.671 [http-nio-auto-5-exec-1] DEBUG o.s.c.c.CharSequenceEncoder - [42a4574f] Writing "203. foo bar"
17:48:11.671 [http-nio-auto-5-exec-1] DEBUG o.s.c.c.CharSequenceEncoder - [42a4574f] Writing "204. foo bar"
17:48:11.671 [http-nio-auto-5-exec-1] DEBUG o.s.c.c.CharSequenceEncoder - [42a4574f] Writing "205. foo bar"
17:48:11.671 [http-nio-auto-5-exec-1] DEBUG o.s.c.c.CharSequenceEncoder - [42a4574f] Writing "206. foo bar"
17:48:11.671 [http-nio-auto-5-exec-1] DEBUG o.s.c.c.CharSequenceEncoder - [42a4574f] Writing "207. foo bar"
17:48:11.671 [http-nio-auto-5-exec-1] DEBUG o.s.c.c.CharSequenceEncoder - [42a4574f] Writing "208. foo bar"
17:48:11.671 [http-nio-auto-5-exec-1] DEBUG o.s.c.c.CharSequenceEncoder - [42a4574f] Writing "209. foo bar"
17:48:11.671 [http-nio-auto-5-exec-1] DEBUG o.s.c.c.CharSequenceEncoder - [42a4574f] Writing "210. foo bar"
17:48:11.671 [http-nio-auto-5-exec-1] DEBUG o.s.c.c.CharSequenceEncoder - [42a4574f] Writing "211. foo bar"
17:48:11.671 [http-nio-auto-5-exec-1] DEBUG o.s.c.c.CharSequenceEncoder - [42a4574f] Writing "212. foo bar"
17:48:11.671 [http-nio-auto-5-exec-1] DEBUG o.s.c.c.CharSequenceEncoder - [42a4574f] Writing "213. foo bar"
17:48:11.671 [http-nio-auto-5-exec-1] DEBUG o.s.c.c.CharSequenceEncoder - [42a4574f] Writing "214. foo bar"
17:48:11.671 [http-nio-auto-5-exec-1] DEBUG o.s.c.c.CharSequenceEncoder - [42a4574f] Writing "215. foo bar"
17:48:11.671 [http-nio-auto-5-exec-1] DEBUG o.s.c.c.CharSequenceEncoder - [42a4574f] Writing "216. foo bar"
17:48:11.671 [http-nio-auto-5-exec-1] DEBUG o.s.c.c.CharSequenceEncoder - [42a4574f] Writing "217. foo bar"
17:48:11.671 [http-nio-auto-5-exec-1] DEBUG o.s.c.c.CharSequenceEncoder - [42a4574f] Writing "218. foo bar"
17:48:11.671 [http-nio-auto-5-exec-1] DEBUG o.s.c.c.CharSequenceEncoder - [42a4574f] Writing "219. foo bar"
17:48:11.671 [http-nio-auto-5-exec-1] DEBUG o.s.c.c.CharSequenceEncoder - [42a4574f] Writing "220. foo bar"
17:48:11.672 [http-nio-auto-5-exec-1] DEBUG o.s.c.c.CharSequenceEncoder - [42a4574f] Writing "221. foo bar"
17:48:11.672 [http-nio-auto-5-exec-1] DEBUG o.s.c.c.CharSequenceEncoder - [42a4574f] Writing "222. foo bar"
17:48:11.672 [http-nio-auto-5-exec-1] DEBUG o.s.c.c.CharSequenceEncoder - [42a4574f] Writing "223. foo bar"
17:48:11.672 [http-nio-auto-5-exec-1] DEBUG o.s.c.c.CharSequenceEncoder - [42a4574f] Writing "224. foo bar"
17:48:11.672 [http-nio-auto-5-exec-1] DEBUG o.s.c.c.CharSequenceEncoder - [42a4574f] Writing "225. foo bar"
17:48:11.672 [http-nio-auto-5-exec-1] DEBUG o.s.c.c.CharSequenceEncoder - [42a4574f] Writing "226. foo bar"
17:48:11.672 [http-nio-auto-5-exec-1] DEBUG o.s.c.c.CharSequenceEncoder - [42a4574f] Writing "227. foo bar"
17:48:11.672 [http-nio-auto-5-exec-1] DEBUG o.s.c.c.CharSequenceEncoder - [42a4574f] Writing "228. foo bar"
17:48:11.672 [http-nio-auto-5-exec-1] DEBUG o.s.c.c.CharSequenceEncoder - [42a4574f] Writing "229. foo bar"
17:48:11.672 [http-nio-auto-5-exec-1] DEBUG o.s.c.c.CharSequenceEncoder - [42a4574f] Writing "230. foo bar"
17:48:11.672 [http-nio-auto-5-exec-1] DEBUG o.s.c.c.CharSequenceEncoder - [42a4574f] Writing "231. foo bar"
17:48:11.672 [http-nio-auto-5-exec-1] DEBUG o.s.c.c.CharSequenceEncoder - [42a4574f] Writing "232. foo bar"
17:48:11.672 [http-nio-auto-5-exec-1] DEBUG o.s.c.c.CharSequenceEncoder - [42a4574f] Writing "233. foo bar"
17:48:11.672 [http-nio-auto-5-exec-1] DEBUG o.s.c.c.CharSequenceEncoder - [42a4574f] Writing "234. foo bar"
17:48:11.672 [http-nio-auto-5-exec-1] DEBUG o.s.c.c.CharSequenceEncoder - [42a4574f] Writing "235. foo bar"
17:48:11.672 [http-nio-auto-5-exec-1] DEBUG o.s.c.c.CharSequenceEncoder - [42a4574f] Writing "236. foo bar"
17:48:11.672 [http-nio-auto-5-exec-1] DEBUG o.s.c.c.CharSequenceEncoder - [42a4574f] Writing "237. foo bar"
17:48:11.672 [http-nio-auto-5-exec-1] DEBUG o.s.c.c.CharSequenceEncoder - [42a4574f] Writing "238. foo bar"
17:48:11.672 [http-nio-auto-5-exec-1] DEBUG o.s.c.c.CharSequenceEncoder - [42a4574f] Writing "239. foo bar"
17:48:11.672 [http-nio-auto-5-exec-1] DEBUG o.s.c.c.CharSequenceEncoder - [42a4574f] Writing "240. foo bar"
17:48:11.672 [http-nio-auto-5-exec-1] DEBUG o.s.c.c.CharSequenceEncoder - [42a4574f] Writing "241. foo bar"
17:48:11.672 [http-nio-auto-5-exec-1] DEBUG o.s.c.c.CharSequenceEncoder - [42a4574f] Writing "242. foo bar"
17:48:11.672 [http-nio-auto-5-exec-1] DEBUG o.s.c.c.CharSequenceEncoder - [42a4574f] Writing "243. foo bar"
17:48:11.672 [http-nio-auto-5-exec-1] DEBUG o.s.c.c.CharSequenceEncoder - [42a4574f] Writing "244. foo bar"
17:48:11.672 [http-nio-auto-5-exec-1] DEBUG o.s.c.c.CharSequenceEncoder - [42a4574f] Writing "245. foo bar"
17:48:11.672 [http-nio-auto-5-exec-1] DEBUG o.s.c.c.CharSequenceEncoder - [42a4574f] Writing "246. foo bar"
17:48:11.672 [http-nio-auto-5-exec-1] DEBUG o.s.c.c.CharSequenceEncoder - [42a4574f] Writing "247. foo bar"
17:48:11.673 [http-nio-auto-5-exec-1] DEBUG o.s.c.c.CharSequenceEncoder - [42a4574f] Writing "248. foo bar"
17:48:11.673 [http-nio-auto-5-exec-1] DEBUG o.s.c.c.CharSequenceEncoder - [42a4574f] Writing "249. foo bar"
17:48:11.673 [http-nio-auto-5-exec-1] DEBUG o.s.c.c.CharSequenceEncoder - [42a4574f] Writing "250. foo bar"
17:48:11.673 [http-nio-auto-5-exec-1] DEBUG o.s.c.c.CharSequenceEncoder - [42a4574f] Writing "251. foo bar"
17:48:11.673 [http-nio-auto-5-exec-1] DEBUG o.s.c.c.CharSequenceEncoder - [42a4574f] Writing "252. foo bar"
17:48:11.673 [http-nio-auto-5-exec-1] DEBUG o.s.c.c.CharSequenceEncoder - [42a4574f] Writing "253. foo bar"
17:48:11.673 [http-nio-auto-5-exec-1] DEBUG o.s.c.c.CharSequenceEncoder - [42a4574f] Writing "254. foo bar"
17:48:11.673 [http-nio-auto-5-exec-1] DEBUG o.s.c.c.CharSequenceEncoder - [42a4574f] Writing "255. foo bar"
17:48:11.673 [http-nio-auto-5-exec-1] DEBUG o.s.c.c.CharSequenceEncoder - [42a4574f] Writing "256. foo bar"
17:48:11.673 [http-nio-auto-5-exec-1] DEBUG o.s.c.c.CharSequenceEncoder - [42a4574f] Writing "257. foo bar"
17:48:11.673 [http-nio-auto-5-exec-1] DEBUG o.s.c.c.CharSequenceEncoder - [42a4574f] Writing "258. foo bar"
17:48:11.673 [http-nio-auto-5-exec-1] DEBUG o.s.c.c.CharSequenceEncoder - [42a4574f] Writing "259. foo bar"
17:48:11.673 [http-nio-auto-5-exec-1] DEBUG o.s.c.c.CharSequenceEncoder - [42a4574f] Writing "260. foo bar"
17:48:11.673 [http-nio-auto-5-exec-1] DEBUG o.s.c.c.CharSequenceEncoder - [42a4574f] Writing "261. foo bar"
17:48:11.673 [http-nio-auto-5-exec-1] DEBUG o.s.c.c.CharSequenceEncoder - [42a4574f] Writing "262. foo bar"
17:48:11.673 [http-nio-auto-5-exec-1] DEBUG o.s.c.c.CharSequenceEncoder - [42a4574f] Writing "263. foo bar"
17:48:11.673 [http-nio-auto-5-exec-1] DEBUG o.s.c.c.CharSequenceEncoder - [42a4574f] Writing "264. foo bar"
17:48:11.673 [http-nio-auto-5-exec-1] DEBUG o.s.c.c.CharSequenceEncoder - [42a4574f] Writing "265. foo bar"
17:48:11.673 [http-nio-auto-5-exec-1] DEBUG o.s.c.c.CharSequenceEncoder - [42a4574f] Writing "266. foo bar"
17:48:11.673 [http-nio-auto-5-exec-1] DEBUG o.s.c.c.CharSequenceEncoder - [42a4574f] Writing "267. foo bar"
17:48:11.673 [http-nio-auto-5-exec-1] DEBUG o.s.c.c.CharSequenceEncoder - [42a4574f] Writing "268. foo bar"
17:48:11.673 [http-nio-auto-5-exec-1] DEBUG o.s.c.c.CharSequenceEncoder - [42a4574f] Writing "269. foo bar"
17:48:11.673 [http-nio-auto-5-exec-1] DEBUG o.s.c.c.CharSequenceEncoder - [42a4574f] Writing "270. foo bar"
17:48:11.673 [http-nio-auto-5-exec-1] DEBUG o.s.c.c.CharSequenceEncoder - [42a4574f] Writing "271. foo bar"
17:48:11.673 [http-nio-auto-5-exec-1] DEBUG o.s.c.c.CharSequenceEncoder - [42a4574f] Writing "272. foo bar"
17:48:11.673 [http-nio-auto-5-exec-1] DEBUG o.s.c.c.CharSequenceEncoder - [42a4574f] Writing "273. foo bar"
17:48:11.674 [http-nio-auto-5-exec-1] DEBUG o.s.c.c.CharSequenceEncoder - [42a4574f] Writing "274. foo bar"
17:48:11.674 [http-nio-auto-5-exec-1] DEBUG o.s.c.c.CharSequenceEncoder - [42a4574f] Writing "275. foo bar"
17:48:11.674 [http-nio-auto-5-exec-1] DEBUG o.s.c.c.CharSequenceEncoder - [42a4574f] Writing "276. foo bar"
17:48:11.674 [http-nio-auto-5-exec-1] DEBUG o.s.c.c.CharSequenceEncoder - [42a4574f] Writing "277. foo bar"
17:48:11.674 [http-nio-auto-5-exec-1] DEBUG o.s.c.c.CharSequenceEncoder - [42a4574f] Writing "278. foo bar"
17:48:11.674 [http-nio-auto-5-exec-1] DEBUG o.s.c.c.CharSequenceEncoder - [42a4574f] Writing "279. foo bar"
17:48:11.674 [http-nio-auto-5-exec-1] DEBUG o.s.c.c.CharSequenceEncoder - [42a4574f] Writing "280. foo bar"
17:48:11.674 [http-nio-auto-5-exec-1] DEBUG o.s.c.c.CharSequenceEncoder - [42a4574f] Writing "281. foo bar"
17:48:11.674 [http-nio-auto-5-exec-1] DEBUG o.s.c.c.CharSequenceEncoder - [42a4574f] Writing "282. foo bar"
17:48:11.674 [http-nio-auto-5-exec-1] DEBUG o.s.c.c.CharSequenceEncoder - [42a4574f] Writing "283. foo bar"
17:48:11.674 [http-nio-auto-5-exec-1] DEBUG o.s.c.c.CharSequenceEncoder - [42a4574f] Writing "284. foo bar"
17:48:11.674 [http-nio-auto-5-exec-1] DEBUG o.s.c.c.CharSequenceEncoder - [42a4574f] Writing "285. foo bar"
17:48:11.674 [http-nio-auto-5-exec-1] DEBUG o.s.c.c.CharSequenceEncoder - [42a4574f] Writing "286. foo bar"
17:48:11.674 [http-nio-auto-5-exec-1] DEBUG o.s.c.c.CharSequenceEncoder - [42a4574f] Writing "287. foo bar"
17:48:11.674 [http-nio-auto-5-exec-1] DEBUG o.s.c.c.CharSequenceEncoder - [42a4574f] Writing "288. foo bar"
17:48:11.674 [http-nio-auto-5-exec-1] DEBUG o.s.c.c.CharSequenceEncoder - [42a4574f] Writing "289. foo bar"
17:48:11.674 [http-nio-auto-5-exec-1] DEBUG o.s.c.c.CharSequenceEncoder - [42a4574f] Writing "290. foo bar"
17:48:11.674 [http-nio-auto-5-exec-1] DEBUG o.s.c.c.CharSequenceEncoder - [42a4574f] Writing "291. foo bar"
17:48:11.674 [http-nio-auto-5-exec-1] DEBUG o.s.c.c.CharSequenceEncoder - [42a4574f] Writing "292. foo bar"
17:48:11.674 [http-nio-auto-5-exec-1] DEBUG o.s.c.c.CharSequenceEncoder - [42a4574f] Writing "293. foo bar"
17:48:11.674 [http-nio-auto-5-exec-1] DEBUG o.s.c.c.CharSequenceEncoder - [42a4574f] Writing "294. foo bar"
17:48:11.674 [http-nio-auto-5-exec-1] DEBUG o.s.c.c.CharSequenceEncoder - [42a4574f] Writing "295. foo bar"
17:48:11.674 [http-nio-auto-5-exec-1] DEBUG o.s.c.c.CharSequenceEncoder - [42a4574f] Writing "296. foo bar"
17:48:11.674 [http-nio-auto-5-exec-1] DEBUG o.s.c.c.CharSequenceEncoder - [42a4574f] Writing "297. foo bar"
17:48:11.674 [http-nio-auto-5-exec-1] DEBUG o.s.c.c.CharSequenceEncoder - [42a4574f] Writing "298. foo bar"
17:48:11.674 [http-nio-auto-5-exec-1] DEBUG o.s.c.c.CharSequenceEncoder - [42a4574f] Writing "299. foo bar"
17:48:11.674 [http-nio-auto-5-exec-1] DEBUG o.s.c.c.CharSequenceEncoder - [42a4574f] Writing "300. foo bar"
17:48:11.674 [http-nio-auto-5-exec-1] DEBUG o.s.c.c.CharSequenceEncoder - [42a4574f] Writing "301. foo bar"
17:48:11.674 [http-nio-auto-5-exec-1] DEBUG o.s.c.c.CharSequenceEncoder - [42a4574f] Writing "302. foo bar"
17:48:11.674 [http-nio-auto-5-exec-1] DEBUG o.s.c.c.CharSequenceEncoder - [42a4574f] Writing "303. foo bar"
17:48:11.674 [http-nio-auto-5-exec-1] DEBUG o.s.c.c.CharSequenceEncoder - [42a4574f] Writing "304. foo bar"
17:48:11.674 [http-nio-auto-5-exec-1] DEBUG o.s.c.c.CharSequenceEncoder - [42a4574f] Writing "305. foo bar"
17:48:11.674 [http-nio-auto-5-exec-1] DEBUG o.s.c.c.CharSequenceEncoder - [42a4574f] Writing "306. foo bar"
17:48:11.675 [http-nio-auto-5-exec-1] DEBUG o.s.c.c.CharSequenceEncoder - [42a4574f] Writing "307. foo bar"
17:48:11.675 [http-nio-auto-5-exec-1] DEBUG o.s.c.c.CharSequenceEncoder - [42a4574f] Writing "308. foo bar"
17:48:11.675 [http-nio-auto-5-exec-1] DEBUG o.s.c.c.CharSequenceEncoder - [42a4574f] Writing "309. foo bar"
17:48:11.675 [http-nio-auto-5-exec-1] DEBUG o.s.c.c.CharSequenceEncoder - [42a4574f] Writing "310. foo bar"
17:48:11.675 [http-nio-auto-5-exec-1] DEBUG o.s.c.c.CharSequenceEncoder - [42a4574f] Writing "311. foo bar"
17:48:11.675 [http-nio-auto-5-exec-1] DEBUG o.s.c.c.CharSequenceEncoder - [42a4574f] Writing "312. foo bar"
17:48:11.675 [http-nio-auto-5-exec-1] DEBUG o.s.c.c.CharSequenceEncoder - [42a4574f] Writing "313. foo bar"
17:48:11.675 [http-nio-auto-5-exec-1] DEBUG o.s.c.c.CharSequenceEncoder - [42a4574f] Writing "314. foo bar"
17:48:11.675 [http-nio-auto-5-exec-1] DEBUG o.s.c.c.CharSequenceEncoder - [42a4574f] Writing "315. foo bar"
17:48:11.675 [http-nio-auto-5-exec-1] DEBUG o.s.c.c.CharSequenceEncoder - [42a4574f] Writing "316. foo bar"
17:48:11.675 [http-nio-auto-5-exec-1] DEBUG o.s.c.c.CharSequenceEncoder - [42a4574f] Writing "317. foo bar"
17:48:11.675 [http-nio-auto-5-exec-1] DEBUG o.s.c.c.CharSequenceEncoder - [42a4574f] Writing "318. foo bar"
17:48:11.675 [http-nio-auto-5-exec-1] DEBUG o.s.c.c.CharSequenceEncoder - [42a4574f] Writing "319. foo bar"
17:48:11.675 [http-nio-auto-5-exec-1] DEBUG o.s.c.c.CharSequenceEncoder - [42a4574f] Writing "320. foo bar"
17:48:11.675 [http-nio-auto-5-exec-1] DEBUG o.s.c.c.CharSequenceEncoder - [42a4574f] Writing "321. foo bar"
17:48:11.675 [http-nio-auto-5-exec-1] DEBUG o.s.c.c.CharSequenceEncoder - [42a4574f] Writing "322. foo bar"
17:48:11.675 [http-nio-auto-5-exec-1] DEBUG o.s.c.c.CharSequenceEncoder - [42a4574f] Writing "323. foo bar"
17:48:11.675 [http-nio-auto-5-exec-1] DEBUG o.s.c.c.CharSequenceEncoder - [42a4574f] Writing "324. foo bar"
17:48:11.675 [http-nio-auto-5-exec-1] DEBUG o.s.c.c.CharSequenceEncoder - [42a4574f] Writing "325. foo bar"
17:48:11.675 [http-nio-auto-5-exec-1] DEBUG o.s.c.c.CharSequenceEncoder - [42a4574f] Writing "326. foo bar"
17:48:11.675 [http-nio-auto-5-exec-1] DEBUG o.s.c.c.CharSequenceEncoder - [42a4574f] Writing "327. foo bar"
17:48:11.675 [http-nio-auto-5-exec-1] DEBUG o.s.c.c.CharSequenceEncoder - [42a4574f] Writing "328. foo bar"
17:48:11.675 [http-nio-auto-5-exec-1] DEBUG o.s.c.c.CharSequenceEncoder - [42a4574f] Writing "329. foo bar"
17:48:11.675 [http-nio-auto-5-exec-1] DEBUG o.s.c.c.CharSequenceEncoder - [42a4574f] Writing "330. foo bar"
17:48:11.675 [http-nio-auto-5-exec-1] DEBUG o.s.c.c.CharSequenceEncoder - [42a4574f] Writing "331. foo bar"
17:48:11.675 [http-nio-auto-5-exec-1] DEBUG o.s.c.c.CharSequenceEncoder - [42a4574f] Writing "332. foo bar"
17:48:11.675 [http-nio-auto-5-exec-1] DEBUG o.s.c.c.CharSequenceEncoder - [42a4574f] Writing "333. foo bar"
17:48:11.675 [http-nio-auto-5-exec-1] DEBUG o.s.c.c.CharSequenceEncoder - [42a4574f] Writing "334. foo bar"
17:48:11.675 [http-nio-auto-5-exec-1] DEBUG o.s.c.c.CharSequenceEncoder - [42a4574f] Writing "335. foo bar"
17:48:11.675 [http-nio-auto-5-exec-1] DEBUG o.s.c.c.CharSequenceEncoder - [42a4574f] Writing "336. foo bar"
17:48:11.675 [http-nio-auto-5-exec-1] DEBUG o.s.c.c.CharSequenceEncoder - [42a4574f] Writing "337. foo bar"
17:48:11.675 [http-nio-auto-5-exec-1] DEBUG o.s.c.c.CharSequenceEncoder - [42a4574f] Writing "338. foo bar"
17:48:11.675 [http-nio-auto-5-exec-1] DEBUG o.s.c.c.CharSequenceEncoder - [42a4574f] Writing "339. foo bar"
17:48:11.675 [http-nio-auto-5-exec-1] DEBUG o.s.c.c.CharSequenceEncoder - [42a4574f] Writing "340. foo bar"
17:48:11.675 [http-nio-auto-5-exec-1] DEBUG o.s.c.c.CharSequenceEncoder - [42a4574f] Writing "341. foo bar"
17:48:11.675 [http-nio-auto-5-exec-1] DEBUG o.s.c.c.CharSequenceEncoder - [42a4574f] Writing "342. foo bar"
17:48:11.675 [http-nio-auto-5-exec-1] DEBUG o.s.c.c.CharSequenceEncoder - [42a4574f] Writing "343. foo bar"
17:48:11.676 [http-nio-auto-5-exec-1] DEBUG o.s.c.c.CharSequenceEncoder - [42a4574f] Writing "344. foo bar"
17:48:11.676 [http-nio-auto-5-exec-1] DEBUG o.s.c.c.CharSequenceEncoder - [42a4574f] Writing "345. foo bar"
17:48:11.676 [http-nio-auto-5-exec-1] DEBUG o.s.c.c.CharSequenceEncoder - [42a4574f] Writing "346. foo bar"
17:48:11.676 [http-nio-auto-5-exec-1] DEBUG o.s.c.c.CharSequenceEncoder - [42a4574f] Writing "347. foo bar"
17:48:11.676 [http-nio-auto-5-exec-1] DEBUG o.s.c.c.CharSequenceEncoder - [42a4574f] Writing "348. foo bar"
17:48:11.676 [http-nio-auto-5-exec-1] DEBUG o.s.c.c.CharSequenceEncoder - [42a4574f] Writing "349. foo bar"
17:48:11.676 [http-nio-auto-5-exec-1] DEBUG o.s.c.c.CharSequenceEncoder - [42a4574f] Writing "350. foo bar"
17:48:11.676 [http-nio-auto-5-exec-1] DEBUG o.s.c.c.CharSequenceEncoder - [42a4574f] Writing "351. foo bar"
17:48:11.676 [http-nio-auto-5-exec-1] DEBUG o.s.c.c.CharSequenceEncoder - [42a4574f] Writing "352. foo bar"
17:48:11.676 [http-nio-auto-5-exec-1] DEBUG o.s.c.c.CharSequenceEncoder - [42a4574f] Writing "353. foo bar"
17:48:11.676 [http-nio-auto-5-exec-1] DEBUG o.s.c.c.CharSequenceEncoder - [42a4574f] Writing "354. foo bar"
17:48:11.676 [http-nio-auto-5-exec-1] DEBUG o.s.c.c.CharSequenceEncoder - [42a4574f] Writing "355. foo bar"
17:48:11.676 [http-nio-auto-5-exec-1] DEBUG o.s.c.c.CharSequenceEncoder - [42a4574f] Writing "356. foo bar"
17:48:11.676 [http-nio-auto-5-exec-1] DEBUG o.s.c.c.CharSequenceEncoder - [42a4574f] Writing "357. foo bar"
17:48:11.676 [http-nio-auto-5-exec-1] DEBUG o.s.c.c.CharSequenceEncoder - [42a4574f] Writing "358. foo bar"
17:48:11.676 [http-nio-auto-5-exec-1] DEBUG o.s.c.c.CharSequenceEncoder - [42a4574f] Writing "359. foo bar"
17:48:11.676 [http-nio-auto-5-exec-1] DEBUG o.s.c.c.CharSequenceEncoder - [42a4574f] Writing "360. foo bar"
17:48:11.676 [http-nio-auto-5-exec-1] DEBUG o.s.c.c.CharSequenceEncoder - [42a4574f] Writing "361. foo bar"
17:48:11.676 [http-nio-auto-5-exec-1] DEBUG o.s.c.c.CharSequenceEncoder - [42a4574f] Writing "362. foo bar"
17:48:11.676 [http-nio-auto-5-exec-1] DEBUG o.s.c.c.CharSequenceEncoder - [42a4574f] Writing "363. foo bar"
17:48:11.676 [http-nio-auto-5-exec-1] DEBUG o.s.c.c.CharSequenceEncoder - [42a4574f] Writing "364. foo bar"
17:48:11.676 [http-nio-auto-5-exec-1] DEBUG o.s.c.c.CharSequenceEncoder - [42a4574f] Writing "365. foo bar"
17:48:11.676 [http-nio-auto-5-exec-1] DEBUG o.s.c.c.CharSequenceEncoder - [42a4574f] Writing "366. foo bar"
17:48:11.676 [http-nio-auto-5-exec-1] DEBUG o.s.c.c.CharSequenceEncoder - [42a4574f] Writing "367. foo bar"
17:48:11.676 [http-nio-auto-5-exec-1] DEBUG o.s.c.c.CharSequenceEncoder - [42a4574f] Writing "368. foo bar"
17:48:11.676 [http-nio-auto-5-exec-1] DEBUG o.s.c.c.CharSequenceEncoder - [42a4574f] Writing "369. foo bar"
17:48:11.676 [http-nio-auto-5-exec-1] DEBUG o.s.c.c.CharSequenceEncoder - [42a4574f] Writing "370. foo bar"
17:48:11.676 [http-nio-auto-5-exec-1] DEBUG o.s.c.c.CharSequenceEncoder - [42a4574f] Writing "371. foo bar"
17:48:11.676 [http-nio-auto-5-exec-1] DEBUG o.s.c.c.CharSequenceEncoder - [42a4574f] Writing "372. foo bar"
17:48:11.676 [http-nio-auto-5-exec-1] DEBUG o.s.c.c.CharSequenceEncoder - [42a4574f] Writing "373. foo bar"
17:48:11.676 [http-nio-auto-5-exec-1] DEBUG o.s.c.c.CharSequenceEncoder - [42a4574f] Writing "374. foo bar"
17:48:11.676 [http-nio-auto-5-exec-1] DEBUG o.s.c.c.CharSequenceEncoder - [42a4574f] Writing "375. foo bar"
17:48:11.676 [http-nio-auto-5-exec-1] DEBUG o.s.c.c.CharSequenceEncoder - [42a4574f] Writing "376. foo bar"
17:48:11.677 [http-nio-auto-5-exec-1] DEBUG o.s.c.c.CharSequenceEncoder - [42a4574f] Writing "377. foo bar"
17:48:11.677 [http-nio-auto-5-exec-1] DEBUG o.s.c.c.CharSequenceEncoder - [42a4574f] Writing "378. foo bar"
17:48:11.677 [http-nio-auto-5-exec-1] DEBUG o.s.c.c.CharSequenceEncoder - [42a4574f] Writing "379. foo bar"
17:48:11.677 [http-nio-auto-5-exec-1] DEBUG o.s.c.c.CharSequenceEncoder - [42a4574f] Writing "380. foo bar"
17:48:11.677 [http-nio-auto-5-exec-1] DEBUG o.s.c.c.CharSequenceEncoder - [42a4574f] Writing "381. foo bar"
17:48:11.677 [http-nio-auto-5-exec-1] DEBUG o.s.c.c.CharSequenceEncoder - [42a4574f] Writing "382. foo bar"
17:48:11.677 [http-nio-auto-5-exec-1] DEBUG o.s.c.c.CharSequenceEncoder - [42a4574f] Writing "383. foo bar"
17:48:11.677 [http-nio-auto-5-exec-1] DEBUG o.s.c.c.CharSequenceEncoder - [42a4574f] Writing "384. foo bar"
17:48:11.677 [http-nio-auto-5-exec-1] DEBUG o.s.c.c.CharSequenceEncoder - [42a4574f] Writing "385. foo bar"
17:48:11.677 [http-nio-auto-5-exec-1] DEBUG o.s.c.c.CharSequenceEncoder - [42a4574f] Writing "386. foo bar"
17:48:11.677 [http-nio-auto-5-exec-1] DEBUG o.s.c.c.CharSequenceEncoder - [42a4574f] Writing "387. foo bar"
17:48:11.677 [http-nio-auto-5-exec-1] DEBUG o.s.c.c.CharSequenceEncoder - [42a4574f] Writing "388. foo bar"
17:48:11.677 [http-nio-auto-5-exec-1] DEBUG o.s.c.c.CharSequenceEncoder - [42a4574f] Writing "389. foo bar"
17:48:11.677 [http-nio-auto-5-exec-1] DEBUG o.s.c.c.CharSequenceEncoder - [42a4574f] Writing "390. foo bar"
17:48:11.677 [http-nio-auto-5-exec-1] DEBUG o.s.c.c.CharSequenceEncoder - [42a4574f] Writing "391. foo bar"
17:48:11.677 [http-nio-auto-5-exec-1] DEBUG o.s.c.c.CharSequenceEncoder - [42a4574f] Writing "392. foo bar"
17:48:11.677 [http-nio-auto-5-exec-1] DEBUG o.s.c.c.CharSequenceEncoder - [42a4574f] Writing "393. foo bar"
17:48:11.677 [http-nio-auto-5-exec-1] DEBUG o.s.c.c.CharSequenceEncoder - [42a4574f] Writing "394. foo bar"
17:48:11.677 [http-nio-auto-5-exec-1] DEBUG o.s.c.c.CharSequenceEncoder - [42a4574f] Writing "395. foo bar"
17:48:11.677 [http-nio-auto-5-exec-1] DEBUG o.s.c.c.CharSequenceEncoder - [42a4574f] Writing "396. foo bar"
17:48:11.677 [http-nio-auto-5-exec-1] DEBUG o.s.c.c.CharSequenceEncoder - [42a4574f] Writing "397. foo bar"
17:48:11.677 [http-nio-auto-5-exec-1] DEBUG o.s.c.c.CharSequenceEncoder - [42a4574f] Writing "398. foo bar"
17:48:11.677 [http-nio-auto-5-exec-1] DEBUG o.s.c.c.CharSequenceEncoder - [42a4574f] Writing "399. foo bar"
17:48:11.677 [http-nio-auto-5-exec-1] DEBUG o.s.c.c.CharSequenceEncoder - [42a4574f] Writing "400. foo bar"
17:48:11.677 [http-nio-auto-5-exec-1] DEBUG o.s.c.c.CharSequenceEncoder - [42a4574f] Writing "401. foo bar"
17:48:11.677 [http-nio-auto-5-exec-1] DEBUG o.s.c.c.CharSequenceEncoder - [42a4574f] Writing "402. foo bar"
17:48:11.677 [http-nio-auto-5-exec-1] DEBUG o.s.c.c.CharSequenceEncoder - [42a4574f] Writing "403. foo bar"
17:48:11.677 [http-nio-auto-5-exec-1] DEBUG o.s.c.c.CharSequenceEncoder - [42a4574f] Writing "404. foo bar"
17:48:11.677 [http-nio-auto-5-exec-1] DEBUG o.s.c.c.CharSequenceEncoder - [42a4574f] Writing "405. foo bar"
17:48:11.677 [http-nio-auto-5-exec-1] DEBUG o.s.c.c.CharSequenceEncoder - [42a4574f] Writing "406. foo bar"
17:48:11.677 [http-nio-auto-5-exec-1] DEBUG o.s.c.c.CharSequenceEncoder - [42a4574f] Writing "407. foo bar"
17:48:11.677 [http-nio-auto-5-exec-1] DEBUG o.s.c.c.CharSequenceEncoder - [42a4574f] Writing "408. foo bar"
17:48:11.678 [http-nio-auto-5-exec-1] DEBUG o.s.c.c.CharSequenceEncoder - [42a4574f] Writing "409. foo bar"
17:48:11.678 [http-nio-auto-5-exec-1] DEBUG o.s.c.c.CharSequenceEncoder - [42a4574f] Writing "410. foo bar"
17:48:11.678 [http-nio-auto-5-exec-1] DEBUG o.s.c.c.CharSequenceEncoder - [42a4574f] Writing "411. foo bar"
17:48:11.678 [http-nio-auto-5-exec-1] DEBUG o.s.c.c.CharSequenceEncoder - [42a4574f] Writing "412. foo bar"
17:48:11.678 [http-nio-auto-5-exec-1] DEBUG o.s.c.c.CharSequenceEncoder - [42a4574f] Writing "413. foo bar"
17:48:11.678 [http-nio-auto-5-exec-1] DEBUG o.s.c.c.CharSequenceEncoder - [42a4574f] Writing "414. foo bar"
17:48:11.678 [http-nio-auto-5-exec-1] DEBUG o.s.c.c.CharSequenceEncoder - [42a4574f] Writing "415. foo bar"
17:48:11.678 [http-nio-auto-5-exec-1] DEBUG o.s.c.c.CharSequenceEncoder - [42a4574f] Writing "416. foo bar"
17:48:11.678 [http-nio-auto-5-exec-1] DEBUG o.s.c.c.CharSequenceEncoder - [42a4574f] Writing "417. foo bar"
17:48:11.678 [http-nio-auto-5-exec-1] DEBUG o.s.c.c.CharSequenceEncoder - [42a4574f] Writing "418. foo bar"
17:48:11.678 [http-nio-auto-5-exec-1] DEBUG o.s.c.c.CharSequenceEncoder - [42a4574f] Writing "419. foo bar"
17:48:11.678 [http-nio-auto-5-exec-1] DEBUG o.s.c.c.CharSequenceEncoder - [42a4574f] Writing "420. foo bar"
17:48:11.678 [http-nio-auto-5-exec-1] DEBUG o.s.c.c.CharSequenceEncoder - [42a4574f] Writing "421. foo bar"
17:48:11.678 [http-nio-auto-5-exec-1] DEBUG o.s.c.c.CharSequenceEncoder - [42a4574f] Writing "422. foo bar"
17:48:11.678 [http-nio-auto-5-exec-1] DEBUG o.s.c.c.CharSequenceEncoder - [42a4574f] Writing "423. foo bar"
17:48:11.678 [http-nio-auto-5-exec-1] DEBUG o.s.c.c.CharSequenceEncoder - [42a4574f] Writing "424. foo bar"
17:48:11.678 [http-nio-auto-5-exec-1] DEBUG o.s.c.c.CharSequenceEncoder - [42a4574f] Writing "425. foo bar"
17:48:11.678 [http-nio-auto-5-exec-1] DEBUG o.s.c.c.CharSequenceEncoder - [42a4574f] Writing "426. foo bar"
17:48:11.678 [http-nio-auto-5-exec-1] DEBUG o.s.c.c.CharSequenceEncoder - [42a4574f] Writing "427. foo bar"
17:48:11.678 [http-nio-auto-5-exec-1] DEBUG o.s.c.c.CharSequenceEncoder - [42a4574f] Writing "428. foo bar"
17:48:11.678 [http-nio-auto-5-exec-1] DEBUG o.s.c.c.CharSequenceEncoder - [42a4574f] Writing "429. foo bar"
17:48:11.678 [http-nio-auto-5-exec-1] DEBUG o.s.c.c.CharSequenceEncoder - [42a4574f] Writing "430. foo bar"
17:48:11.678 [http-nio-auto-5-exec-1] DEBUG o.s.c.c.CharSequenceEncoder - [42a4574f] Writing "431. foo bar"
17:48:11.678 [http-nio-auto-5-exec-1] DEBUG o.s.c.c.CharSequenceEncoder - [42a4574f] Writing "432. foo bar"
17:48:11.678 [http-nio-auto-5-exec-1] DEBUG o.s.c.c.CharSequenceEncoder - [42a4574f] Writing "433. foo bar"
17:48:11.678 [http-nio-auto-5-exec-1] DEBUG o.s.c.c.CharSequenceEncoder - [42a4574f] Writing "434. foo bar"
17:48:11.678 [http-nio-auto-5-exec-1] DEBUG o.s.c.c.CharSequenceEncoder - [42a4574f] Writing "435. foo bar"
17:48:11.678 [http-nio-auto-5-exec-1] DEBUG o.s.c.c.CharSequenceEncoder - [42a4574f] Writing "436. foo bar"
17:48:11.678 [http-nio-auto-5-exec-1] DEBUG o.s.c.c.CharSequenceEncoder - [42a4574f] Writing "437. foo bar"
17:48:11.678 [http-nio-auto-5-exec-1] DEBUG o.s.c.c.CharSequenceEncoder - [42a4574f] Writing "438. foo bar"
17:48:11.678 [http-nio-auto-5-exec-1] DEBUG o.s.c.c.CharSequenceEncoder - [42a4574f] Writing "439. foo bar"
17:48:11.678 [http-nio-auto-5-exec-1] DEBUG o.s.c.c.CharSequenceEncoder - [42a4574f] Writing "440. foo bar"
17:48:11.679 [http-nio-auto-5-exec-1] DEBUG o.s.c.c.CharSequenceEncoder - [42a4574f] Writing "441. foo bar"
17:48:11.679 [http-nio-auto-5-exec-1] DEBUG o.s.c.c.CharSequenceEncoder - [42a4574f] Writing "442. foo bar"
17:48:11.679 [http-nio-auto-5-exec-1] DEBUG o.s.c.c.CharSequenceEncoder - [42a4574f] Writing "443. foo bar"
17:48:11.679 [http-nio-auto-5-exec-1] DEBUG o.s.c.c.CharSequenceEncoder - [42a4574f] Writing "444. foo bar"
17:48:11.679 [http-nio-auto-5-exec-1] DEBUG o.s.c.c.CharSequenceEncoder - [42a4574f] Writing "445. foo bar"
17:48:11.679 [http-nio-auto-5-exec-1] DEBUG o.s.c.c.CharSequenceEncoder - [42a4574f] Writing "446. foo bar"
17:48:11.679 [http-nio-auto-5-exec-1] DEBUG o.s.c.c.CharSequenceEncoder - [42a4574f] Writing "447. foo bar"
17:48:11.679 [http-nio-auto-5-exec-1] DEBUG o.s.c.c.CharSequenceEncoder - [42a4574f] Writing "448. foo bar"
17:48:11.679 [http-nio-auto-5-exec-1] DEBUG o.s.c.c.CharSequenceEncoder - [42a4574f] Writing "449. foo bar"
17:48:11.679 [http-nio-auto-5-exec-1] DEBUG o.s.c.c.CharSequenceEncoder - [42a4574f] Writing "450. foo bar"
17:48:11.679 [http-nio-auto-5-exec-1] DEBUG o.s.c.c.CharSequenceEncoder - [42a4574f] Writing "451. foo bar"
17:48:11.679 [http-nio-auto-5-exec-1] DEBUG o.s.c.c.CharSequenceEncoder - [42a4574f] Writing "452. foo bar"
17:48:11.679 [http-nio-auto-5-exec-1] DEBUG o.s.c.c.CharSequenceEncoder - [42a4574f] Writing "453. foo bar"
17:48:11.679 [http-nio-auto-5-exec-1] DEBUG o.s.c.c.CharSequenceEncoder - [42a4574f] Writing "454. foo bar"
17:48:11.679 [http-nio-auto-5-exec-1] DEBUG o.s.c.c.CharSequenceEncoder - [42a4574f] Writing "455. foo bar"
17:48:11.679 [http-nio-auto-5-exec-1] DEBUG o.s.c.c.CharSequenceEncoder - [42a4574f] Writing "456. foo bar"
17:48:11.679 [http-nio-auto-5-exec-1] DEBUG o.s.c.c.CharSequenceEncoder - [42a4574f] Writing "457. foo bar"
17:48:11.679 [http-nio-auto-5-exec-1] DEBUG o.s.c.c.CharSequenceEncoder - [42a4574f] Writing "458. foo bar"
17:48:11.679 [http-nio-auto-5-exec-1] DEBUG o.s.c.c.CharSequenceEncoder - [42a4574f] Writing "459. foo bar"
17:48:11.679 [http-nio-auto-5-exec-1] DEBUG o.s.c.c.CharSequenceEncoder - [42a4574f] Writing "460. foo bar"
17:48:11.679 [http-nio-auto-5-exec-1] DEBUG o.s.c.c.CharSequenceEncoder - [42a4574f] Writing "461. foo bar"
17:48:11.679 [http-nio-auto-5-exec-1] DEBUG o.s.c.c.CharSequenceEncoder - [42a4574f] Writing "462. foo bar"
17:48:11.679 [http-nio-auto-5-exec-1] DEBUG o.s.c.c.CharSequenceEncoder - [42a4574f] Writing "463. foo bar"
17:48:11.679 [http-nio-auto-5-exec-1] DEBUG o.s.c.c.CharSequenceEncoder - [42a4574f] Writing "464. foo bar"
17:48:11.679 [http-nio-auto-5-exec-1] DEBUG o.s.c.c.CharSequenceEncoder - [42a4574f] Writing "465. foo bar"
17:48:11.679 [http-nio-auto-5-exec-1] DEBUG o.s.c.c.CharSequenceEncoder - [42a4574f] Writing "466. foo bar"
17:48:11.679 [http-nio-auto-5-exec-1] DEBUG o.s.c.c.CharSequenceEncoder - [42a4574f] Writing "467. foo bar"
17:48:11.679 [http-nio-auto-5-exec-1] DEBUG o.s.c.c.CharSequenceEncoder - [42a4574f] Writing "468. foo bar"
17:48:11.679 [http-nio-auto-5-exec-1] DEBUG o.s.c.c.CharSequenceEncoder - [42a4574f] Writing "469. foo bar"
17:48:11.679 [http-nio-auto-5-exec-1] DEBUG o.s.c.c.CharSequenceEncoder - [42a4574f] Writing "470. foo bar"
17:48:11.679 [http-nio-auto-5-exec-1] DEBUG o.s.c.c.CharSequenceEncoder - [42a4574f] Writing "471. foo bar"
17:48:11.679 [http-nio-auto-5-exec-1] DEBUG o.s.c.c.CharSequenceEncoder - [42a4574f] Writing "472. foo bar"
17:48:11.679 [http-nio-auto-5-exec-1] DEBUG o.s.c.c.CharSequenceEncoder - [42a4574f] Writing "473. foo bar"
17:48:11.679 [http-nio-auto-5-exec-1] DEBUG o.s.c.c.CharSequenceEncoder - [42a4574f] Writing "474. foo bar"
17:48:11.679 [http-nio-auto-5-exec-1] DEBUG o.s.c.c.CharSequenceEncoder - [42a4574f] Writing "475. foo bar"
17:48:11.679 [http-nio-auto-5-exec-1] DEBUG o.s.c.c.CharSequenceEncoder - [42a4574f] Writing "476. foo bar"
17:48:11.680 [http-nio-auto-5-exec-1] DEBUG o.s.c.c.CharSequenceEncoder - [42a4574f] Writing "477. foo bar"
17:48:11.680 [http-nio-auto-5-exec-1] DEBUG o.s.c.c.CharSequenceEncoder - [42a4574f] Writing "478. foo bar"
17:48:11.680 [http-nio-auto-5-exec-1] DEBUG o.s.c.c.CharSequenceEncoder - [42a4574f] Writing "479. foo bar"
17:48:11.680 [http-nio-auto-5-exec-1] DEBUG o.s.c.c.CharSequenceEncoder - [42a4574f] Writing "480. foo bar"
17:48:11.680 [http-nio-auto-5-exec-1] DEBUG o.s.c.c.CharSequenceEncoder - [42a4574f] Writing "481. foo bar"
17:48:11.680 [http-nio-auto-5-exec-1] DEBUG o.s.c.c.CharSequenceEncoder - [42a4574f] Writing "482. foo bar"
17:48:11.680 [http-nio-auto-5-exec-1] DEBUG o.s.c.c.CharSequenceEncoder - [42a4574f] Writing "483. foo bar"
17:48:11.680 [http-nio-auto-5-exec-1] DEBUG o.s.c.c.CharSequenceEncoder - [42a4574f] Writing "484. foo bar"
17:48:11.680 [http-nio-auto-5-exec-1] DEBUG o.s.c.c.CharSequenceEncoder - [42a4574f] Writing "485. foo bar"
17:48:11.680 [http-nio-auto-5-exec-1] DEBUG o.s.c.c.CharSequenceEncoder - [42a4574f] Writing "486. foo bar"
17:48:11.680 [http-nio-auto-5-exec-1] DEBUG o.s.c.c.CharSequenceEncoder - [42a4574f] Writing "487. foo bar"
17:48:11.680 [http-nio-auto-5-exec-1] DEBUG o.s.c.c.CharSequenceEncoder - [42a4574f] Writing "488. foo bar"
17:48:11.680 [http-nio-auto-5-exec-1] DEBUG o.s.c.c.CharSequenceEncoder - [42a4574f] Writing "489. foo bar"
17:48:11.680 [http-nio-auto-5-exec-1] DEBUG o.s.c.c.CharSequenceEncoder - [42a4574f] Writing "490. foo bar"
17:48:11.680 [http-nio-auto-5-exec-1] DEBUG o.s.c.c.CharSequenceEncoder - [42a4574f] Writing "491. foo bar"
17:48:11.680 [http-nio-auto-5-exec-1] DEBUG o.s.c.c.CharSequenceEncoder - [42a4574f] Writing "492. foo bar"
17:48:11.680 [http-nio-auto-5-exec-1] DEBUG o.s.c.c.CharSequenceEncoder - [42a4574f] Writing "493. foo bar"
17:48:11.680 [http-nio-auto-5-exec-1] DEBUG o.s.c.c.CharSequenceEncoder - [42a4574f] Writing "494. foo bar"
17:48:11.680 [http-nio-auto-5-exec-1] DEBUG o.s.c.c.CharSequenceEncoder - [42a4574f] Writing "495. foo bar"
17:48:11.680 [http-nio-auto-5-exec-1] DEBUG o.s.c.c.CharSequenceEncoder - [42a4574f] Writing "496. foo bar"
17:48:11.680 [http-nio-auto-5-exec-1] DEBUG o.s.c.c.CharSequenceEncoder - [42a4574f] Writing "497. foo bar"
17:48:11.680 [http-nio-auto-5-exec-1] DEBUG o.s.c.c.CharSequenceEncoder - [42a4574f] Writing "498. foo bar"
17:48:11.680 [http-nio-auto-5-exec-1] DEBUG o.s.c.c.CharSequenceEncoder - [42a4574f] Writing "499. foo bar"
17:48:11.680 [http-nio-auto-5-exec-1] DEBUG o.s.c.c.CharSequenceEncoder - [42a4574f] Writing "500. foo bar"
17:48:11.680 [http-nio-auto-5-exec-1] DEBUG o.s.c.c.CharSequenceEncoder - [42a4574f] Writing "501. foo bar"
17:48:11.680 [http-nio-auto-5-exec-1] DEBUG o.s.c.c.CharSequenceEncoder - [42a4574f] Writing "502. foo bar"
17:48:11.680 [http-nio-auto-5-exec-1] DEBUG o.s.c.c.CharSequenceEncoder - [42a4574f] Writing "503. foo bar"
17:48:11.680 [http-nio-auto-5-exec-1] DEBUG o.s.c.c.CharSequenceEncoder - [42a4574f] Writing "504. foo bar"
17:48:11.680 [http-nio-auto-5-exec-1] DEBUG o.s.c.c.CharSequenceEncoder - [42a4574f] Writing "505. foo bar"
17:48:11.680 [http-nio-auto-5-exec-1] DEBUG o.s.c.c.CharSequenceEncoder - [42a4574f] Writing "506. foo bar"
17:48:11.680 [http-nio-auto-5-exec-1] DEBUG o.s.c.c.CharSequenceEncoder - [42a4574f] Writing "507. foo bar"
17:48:11.680 [http-nio-auto-5-exec-1] DEBUG o.s.c.c.CharSequenceEncoder - [42a4574f] Writing "508. foo bar"
17:48:11.680 [http-nio-auto-5-exec-1] DEBUG o.s.c.c.CharSequenceEncoder - [42a4574f] Writing "509. foo bar"
17:48:11.680 [http-nio-auto-5-exec-1] DEBUG o.s.c.c.CharSequenceEncoder - [42a4574f] Writing "510. foo bar"
17:48:11.680 [http-nio-auto-5-exec-1] DEBUG o.s.c.c.CharSequenceEncoder - [42a4574f] Writing "511. foo bar"
17:48:11.680 [http-nio-auto-5-exec-1] DEBUG o.s.c.c.CharSequenceEncoder - [42a4574f] Writing "512. foo bar"
17:48:11.681 [http-nio-auto-5-exec-1] DEBUG o.s.c.c.CharSequenceEncoder - [42a4574f] Writing "513. foo bar"
17:48:11.681 [http-nio-auto-5-exec-1] DEBUG o.s.c.c.CharSequenceEncoder - [42a4574f] Writing "514. foo bar"
17:48:11.681 [http-nio-auto-5-exec-1] DEBUG o.s.c.c.CharSequenceEncoder - [42a4574f] Writing "515. foo bar"
17:48:11.681 [http-nio-auto-5-exec-1] DEBUG o.s.c.c.CharSequenceEncoder - [42a4574f] Writing "516. foo bar"
17:48:11.681 [http-nio-auto-5-exec-1] DEBUG o.s.c.c.CharSequenceEncoder - [42a4574f] Writing "517. foo bar"
17:48:11.681 [http-nio-auto-5-exec-1] DEBUG o.s.c.c.CharSequenceEncoder - [42a4574f] Writing "518. foo bar"
17:48:11.681 [http-nio-auto-5-exec-1] DEBUG o.s.c.c.CharSequenceEncoder - [42a4574f] Writing "519. foo bar"
17:48:11.681 [http-nio-auto-5-exec-1] DEBUG o.s.c.c.CharSequenceEncoder - [42a4574f] Writing "520. foo bar"
17:48:11.681 [http-nio-auto-5-exec-1] DEBUG o.s.c.c.CharSequenceEncoder - [42a4574f] Writing "521. foo bar"
17:48:11.681 [http-nio-auto-5-exec-1] DEBUG o.s.c.c.CharSequenceEncoder - [42a4574f] Writing "522. foo bar"
17:48:11.681 [http-nio-auto-5-exec-1] DEBUG o.s.c.c.CharSequenceEncoder - [42a4574f] Writing "523. foo bar"
17:48:11.681 [http-nio-auto-5-exec-1] DEBUG o.s.c.c.CharSequenceEncoder - [42a4574f] Writing "524. foo bar"
17:48:11.681 [http-nio-auto-5-exec-1] DEBUG o.s.c.c.CharSequenceEncoder - [42a4574f] Writing "525. foo bar"
17:48:11.681 [http-nio-auto-5-exec-1] DEBUG o.s.c.c.CharSequenceEncoder - [42a4574f] Writing "526. foo bar"
17:48:11.681 [http-nio-auto-5-exec-1] DEBUG o.s.c.c.CharSequenceEncoder - [42a4574f] Writing "527. foo bar"
17:48:11.681 [http-nio-auto-5-exec-1] DEBUG o.s.c.c.CharSequenceEncoder - [42a4574f] Writing "528. foo bar"
17:48:11.681 [http-nio-auto-5-exec-1] DEBUG o.s.c.c.CharSequenceEncoder - [42a4574f] Writing "529. foo bar"
17:48:11.681 [http-nio-auto-5-exec-1] DEBUG o.s.c.c.CharSequenceEncoder - [42a4574f] Writing "530. foo bar"
17:48:11.681 [http-nio-auto-5-exec-1] DEBUG o.s.c.c.CharSequenceEncoder - [42a4574f] Writing "531. foo bar"
17:48:11.681 [http-nio-auto-5-exec-1] DEBUG o.s.c.c.CharSequenceEncoder - [42a4574f] Writing "532. foo bar"
17:48:11.681 [http-nio-auto-5-exec-1] DEBUG o.s.c.c.CharSequenceEncoder - [42a4574f] Writing "533. foo bar"
17:48:11.681 [http-nio-auto-5-exec-1] DEBUG o.s.c.c.CharSequenceEncoder - [42a4574f] Writing "534. foo bar"
17:48:11.681 [http-nio-auto-5-exec-1] DEBUG o.s.c.c.CharSequenceEncoder - [42a4574f] Writing "535. foo bar"
17:48:11.681 [http-nio-auto-5-exec-1] DEBUG o.s.c.c.CharSequenceEncoder - [42a4574f] Writing "536. foo bar"
17:48:11.681 [http-nio-auto-5-exec-1] DEBUG o.s.c.c.CharSequenceEncoder - [42a4574f] Writing "537. foo bar"
17:48:11.681 [http-nio-auto-5-exec-1] DEBUG o.s.c.c.CharSequenceEncoder - [42a4574f] Writing "538. foo bar"
17:48:11.681 [http-nio-auto-5-exec-1] DEBUG o.s.c.c.CharSequenceEncoder - [42a4574f] Writing "539. foo bar"
17:48:11.681 [http-nio-auto-5-exec-1] DEBUG o.s.c.c.CharSequenceEncoder - [42a4574f] Writing "540. foo bar"
17:48:11.681 [http-nio-auto-5-exec-1] DEBUG o.s.c.c.CharSequenceEncoder - [42a4574f] Writing "541. foo bar"
17:48:11.681 [http-nio-auto-5-exec-1] DEBUG o.s.c.c.CharSequenceEncoder - [42a4574f] Writing "542. foo bar"
17:48:11.681 [http-nio-auto-5-exec-1] DEBUG o.s.c.c.CharSequenceEncoder - [42a4574f] Writing "543. foo bar"
17:48:11.681 [http-nio-auto-5-exec-1] DEBUG o.s.c.c.CharSequenceEncoder - [42a4574f] Writing "544. foo bar"
17:48:11.681 [http-nio-auto-5-exec-1] DEBUG o.s.c.c.CharSequenceEncoder - [42a4574f] Writing "545. foo bar"
17:48:11.681 [http-nio-auto-5-exec-1] DEBUG o.s.c.c.CharSequenceEncoder - [42a4574f] Writing "546. foo bar"
17:48:11.681 [http-nio-auto-5-exec-1] DEBUG o.s.c.c.CharSequenceEncoder - [42a4574f] Writing "547. foo bar"
17:48:11.681 [http-nio-auto-5-exec-1] DEBUG o.s.c.c.CharSequenceEncoder - [42a4574f] Writing "548. foo bar"
17:48:11.681 [http-nio-auto-5-exec-1] DEBUG o.s.c.c.CharSequenceEncoder - [42a4574f] Writing "549. foo bar"
17:48:11.681 [http-nio-auto-5-exec-1] DEBUG o.s.c.c.CharSequenceEncoder - [42a4574f] Writing "550. foo bar"
17:48:11.681 [http-nio-auto-5-exec-1] DEBUG o.s.c.c.CharSequenceEncoder - [42a4574f] Writing "551. foo bar"
17:48:11.681 [http-nio-auto-5-exec-1] DEBUG o.s.c.c.CharSequenceEncoder - [42a4574f] Writing "552. foo bar"
17:48:11.682 [http-nio-auto-5-exec-1] DEBUG o.s.c.c.CharSequenceEncoder - [42a4574f] Writing "553. foo bar"
17:48:11.682 [http-nio-auto-5-exec-1] DEBUG o.s.c.c.CharSequenceEncoder - [42a4574f] Writing "554. foo bar"
17:48:11.682 [http-nio-auto-5-exec-1] DEBUG o.s.c.c.CharSequenceEncoder - [42a4574f] Writing "555. foo bar"
17:48:11.682 [http-nio-auto-5-exec-1] DEBUG o.s.c.c.CharSequenceEncoder - [42a4574f] Writing "556. foo bar"
17:48:11.682 [http-nio-auto-5-exec-1] DEBUG o.s.c.c.CharSequenceEncoder - [42a4574f] Writing "557. foo bar"
17:48:11.682 [http-nio-auto-5-exec-1] DEBUG o.s.c.c.CharSequenceEncoder - [42a4574f] Writing "558. foo bar"
17:48:11.682 [http-nio-auto-5-exec-1] DEBUG o.s.c.c.CharSequenceEncoder - [42a4574f] Writing "559. foo bar"
17:48:11.682 [http-nio-auto-5-exec-1] DEBUG o.s.c.c.CharSequenceEncoder - [42a4574f] Writing "560. foo bar"
17:48:11.682 [http-nio-auto-5-exec-1] DEBUG o.s.c.c.CharSequenceEncoder - [42a4574f] Writing "561. foo bar"
17:48:11.682 [http-nio-auto-5-exec-1] DEBUG o.s.c.c.CharSequenceEncoder - [42a4574f] Writing "562. foo bar"
17:48:11.682 [http-nio-auto-5-exec-1] DEBUG o.s.c.c.CharSequenceEncoder - [42a4574f] Writing "563. foo bar"
17:48:11.682 [http-nio-auto-5-exec-1] DEBUG o.s.c.c.CharSequenceEncoder - [42a4574f] Writing "564. foo bar"
17:48:11.682 [http-nio-auto-5-exec-1] DEBUG o.s.c.c.CharSequenceEncoder - [42a4574f] Writing "565. foo bar"
17:48:11.682 [http-nio-auto-5-exec-1] DEBUG o.s.c.c.CharSequenceEncoder - [42a4574f] Writing "566. foo bar"
17:48:11.682 [http-nio-auto-5-exec-1] DEBUG o.s.c.c.CharSequenceEncoder - [42a4574f] Writing "567. foo bar"
17:48:11.682 [http-nio-auto-5-exec-1] DEBUG o.s.c.c.CharSequenceEncoder - [42a4574f] Writing "568. foo bar"
17:48:11.682 [http-nio-auto-5-exec-1] DEBUG o.s.c.c.CharSequenceEncoder - [42a4574f] Writing "569. foo bar"
17:48:11.682 [http-nio-auto-5-exec-1] DEBUG o.s.c.c.CharSequenceEncoder - [42a4574f] Writing "570. foo bar"
17:48:11.682 [http-nio-auto-5-exec-1] DEBUG o.s.c.c.CharSequenceEncoder - [42a4574f] Writing "571. foo bar"
17:48:11.682 [http-nio-auto-5-exec-1] DEBUG o.s.c.c.CharSequenceEncoder - [42a4574f] Writing "572. foo bar"
17:48:11.682 [http-nio-auto-5-exec-1] DEBUG o.s.c.c.CharSequenceEncoder - [42a4574f] Writing "573. foo bar"
17:48:11.682 [http-nio-auto-5-exec-1] DEBUG o.s.c.c.CharSequenceEncoder - [42a4574f] Writing "574. foo bar"
17:48:11.682 [http-nio-auto-5-exec-1] DEBUG o.s.c.c.CharSequenceEncoder - [42a4574f] Writing "575. foo bar"
17:48:11.682 [http-nio-auto-5-exec-1] DEBUG o.s.c.c.CharSequenceEncoder - [42a4574f] Writing "576. foo bar"
17:48:11.682 [http-nio-auto-5-exec-1] DEBUG o.s.c.c.CharSequenceEncoder - [42a4574f] Writing "577. foo bar"
17:48:11.682 [http-nio-auto-5-exec-1] DEBUG o.s.c.c.CharSequenceEncoder - [42a4574f] Writing "578. foo bar"
17:48:11.682 [http-nio-auto-5-exec-1] DEBUG o.s.c.c.CharSequenceEncoder - [42a4574f] Writing "579. foo bar"
17:48:11.682 [http-nio-auto-5-exec-1] DEBUG o.s.c.c.CharSequenceEncoder - [42a4574f] Writing "580. foo bar"
17:48:11.682 [http-nio-auto-5-exec-1] DEBUG o.s.c.c.CharSequenceEncoder - [42a4574f] Writing "581. foo bar"
17:48:11.682 [http-nio-auto-5-exec-1] DEBUG o.s.c.c.CharSequenceEncoder - [42a4574f] Writing "582. foo bar"
17:48:11.682 [http-nio-auto-5-exec-1] DEBUG o.s.c.c.CharSequenceEncoder - [42a4574f] Writing "583. foo bar"
17:48:11.682 [http-nio-auto-5-exec-1] DEBUG o.s.c.c.CharSequenceEncoder - [42a4574f] Writing "584. foo bar"
17:48:11.682 [http-nio-auto-5-exec-1] DEBUG o.s.c.c.CharSequenceEncoder - [42a4574f] Writing "585. foo bar"
17:48:11.682 [http-nio-auto-5-exec-1] DEBUG o.s.c.c.CharSequenceEncoder - [42a4574f] Writing "586. foo bar"
17:48:11.682 [http-nio-auto-5-exec-1] DEBUG o.s.c.c.CharSequenceEncoder - [42a4574f] Writing "587. foo bar"
17:48:11.683 [http-nio-auto-5-exec-1] DEBUG o.s.c.c.CharSequenceEncoder - [42a4574f] Writing "588. foo bar"
17:48:11.683 [http-nio-auto-5-exec-1] DEBUG o.s.c.c.CharSequenceEncoder - [42a4574f] Writing "589. foo bar"
17:48:11.683 [http-nio-auto-5-exec-1] DEBUG o.s.c.c.CharSequenceEncoder - [42a4574f] Writing "590. foo bar"
17:48:11.683 [http-nio-auto-5-exec-1] DEBUG o.s.c.c.CharSequenceEncoder - [42a4574f] Writing "591. foo bar"
17:48:11.683 [http-nio-auto-5-exec-1] DEBUG o.s.c.c.CharSequenceEncoder - [42a4574f] Writing "592. foo bar"
17:48:11.683 [http-nio-auto-5-exec-1] DEBUG o.s.c.c.CharSequenceEncoder - [42a4574f] Writing "593. foo bar"
17:48:11.683 [http-nio-auto-5-exec-1] DEBUG o.s.c.c.CharSequenceEncoder - [42a4574f] Writing "594. foo bar"
17:48:11.683 [http-nio-auto-5-exec-1] DEBUG o.s.c.c.CharSequenceEncoder - [42a4574f] Writing "595. foo bar"
17:48:11.683 [http-nio-auto-5-exec-1] DEBUG o.s.c.c.CharSequenceEncoder - [42a4574f] Writing "596. foo bar"
17:48:11.683 [http-nio-auto-5-exec-1] DEBUG o.s.c.c.CharSequenceEncoder - [42a4574f] Writing "597. foo bar"
17:48:11.683 [http-nio-auto-5-exec-1] DEBUG o.s.c.c.CharSequenceEncoder - [42a4574f] Writing "598. foo bar"
17:48:11.683 [http-nio-auto-5-exec-1] DEBUG o.s.c.c.CharSequenceEncoder - [42a4574f] Writing "599. foo bar"
17:48:11.683 [http-nio-auto-5-exec-1] DEBUG o.s.c.c.CharSequenceEncoder - [42a4574f] Writing "600. foo bar"
17:48:11.683 [http-nio-auto-5-exec-1] DEBUG o.s.c.c.CharSequenceEncoder - [42a4574f] Writing "601. foo bar"
17:48:11.683 [http-nio-auto-5-exec-1] DEBUG o.s.c.c.CharSequenceEncoder - [42a4574f] Writing "602. foo bar"
17:48:11.683 [http-nio-auto-5-exec-1] DEBUG o.s.c.c.CharSequenceEncoder - [42a4574f] Writing "603. foo bar"
17:48:11.683 [http-nio-auto-5-exec-1] DEBUG o.s.c.c.CharSequenceEncoder - [42a4574f] Writing "604. foo bar"
17:48:11.683 [http-nio-auto-5-exec-1] DEBUG o.s.c.c.CharSequenceEncoder - [42a4574f] Writing "605. foo bar"
17:48:11.683 [http-nio-auto-5-exec-1] DEBUG o.s.c.c.CharSequenceEncoder - [42a4574f] Writing "606. foo bar"
17:48:11.683 [http-nio-auto-5-exec-1] DEBUG o.s.c.c.CharSequenceEncoder - [42a4574f] Writing "607. foo bar"
17:48:11.683 [http-nio-auto-5-exec-1] DEBUG o.s.c.c.CharSequenceEncoder - [42a4574f] Writing "608. foo bar"
17:48:11.683 [http-nio-auto-5-exec-1] DEBUG o.s.c.c.CharSequenceEncoder - [42a4574f] Writing "609. foo bar"
17:48:11.683 [http-nio-auto-5-exec-1] DEBUG o.s.c.c.CharSequenceEncoder - [42a4574f] Writing "610. foo bar"
17:48:11.683 [http-nio-auto-5-exec-1] DEBUG o.s.c.c.CharSequenceEncoder - [42a4574f] Writing "611. foo bar"
17:48:11.683 [http-nio-auto-5-exec-1] DEBUG o.s.c.c.CharSequenceEncoder - [42a4574f] Writing "612. foo bar"
17:48:11.683 [http-nio-auto-5-exec-1] DEBUG o.s.c.c.CharSequenceEncoder - [42a4574f] Writing "613. foo bar"
17:48:11.683 [http-nio-auto-5-exec-1] DEBUG o.s.c.c.CharSequenceEncoder - [42a4574f] Writing "614. foo bar"
17:48:11.683 [http-nio-auto-5-exec-1] DEBUG o.s.c.c.CharSequenceEncoder - [42a4574f] Writing "615. foo bar"
17:48:11.683 [http-nio-auto-5-exec-1] DEBUG o.s.c.c.CharSequenceEncoder - [42a4574f] Writing "616. foo bar"
17:48:11.683 [http-nio-auto-5-exec-1] DEBUG o.s.c.c.CharSequenceEncoder - [42a4574f] Writing "617. foo bar"
17:48:11.683 [http-nio-auto-5-exec-1] DEBUG o.s.c.c.CharSequenceEncoder - [42a4574f] Writing "618. foo bar"
17:48:11.683 [http-nio-auto-5-exec-1] DEBUG o.s.c.c.CharSequenceEncoder - [42a4574f] Writing "619. foo bar"
17:48:11.683 [http-nio-auto-5-exec-1] DEBUG o.s.c.c.CharSequenceEncoder - [42a4574f] Writing "620. foo bar"
17:48:11.683 [http-nio-auto-5-exec-1] DEBUG o.s.c.c.CharSequenceEncoder - [42a4574f] Writing "621. foo bar"
17:48:11.683 [http-nio-auto-5-exec-1] DEBUG o.s.c.c.CharSequenceEncoder - [42a4574f] Writing "622. foo bar"
17:48:11.683 [http-nio-auto-5-exec-1] DEBUG o.s.c.c.CharSequenceEncoder - [42a4574f] Writing "623. foo bar"
17:48:11.683 [http-nio-auto-5-exec-1] DEBUG o.s.c.c.CharSequenceEncoder - [42a4574f] Writing "624. foo bar"
17:48:11.683 [http-nio-auto-5-exec-1] DEBUG o.s.c.c.CharSequenceEncoder - [42a4574f] Writing "625. foo bar"
17:48:11.683 [http-nio-auto-5-exec-1] DEBUG o.s.c.c.CharSequenceEncoder - [42a4574f] Writing "626. foo bar"
17:48:11.683 [http-nio-auto-5-exec-1] DEBUG o.s.c.c.CharSequenceEncoder - [42a4574f] Writing "627. foo bar"
17:48:11.683 [http-nio-auto-5-exec-1] DEBUG o.s.c.c.CharSequenceEncoder - [42a4574f] Writing "628. foo bar"
17:48:11.683 [http-nio-auto-5-exec-1] DEBUG o.s.c.c.CharSequenceEncoder - [42a4574f] Writing "629. foo bar"
17:48:11.684 [http-nio-auto-5-exec-1] DEBUG o.s.c.c.CharSequenceEncoder - [42a4574f] Writing "630. foo bar"
17:48:11.684 [http-nio-auto-5-exec-1] DEBUG o.s.c.c.CharSequenceEncoder - [42a4574f] Writing "631. foo bar"
17:48:11.684 [http-nio-auto-5-exec-1] DEBUG o.s.c.c.CharSequenceEncoder - [42a4574f] Writing "632. foo bar"
17:48:11.684 [http-nio-auto-5-exec-1] DEBUG o.s.c.c.CharSequenceEncoder - [42a4574f] Writing "633. foo bar"
17:48:11.684 [http-nio-auto-5-exec-1] DEBUG o.s.c.c.CharSequenceEncoder - [42a4574f] Writing "634. foo bar"
17:48:11.684 [http-nio-auto-5-exec-1] DEBUG o.s.c.c.CharSequenceEncoder - [42a4574f] Writing "635. foo bar"
17:48:11.684 [http-nio-auto-5-exec-1] DEBUG o.s.c.c.CharSequenceEncoder - [42a4574f] Writing "636. foo bar"
17:48:11.684 [http-nio-auto-5-exec-1] DEBUG o.s.c.c.CharSequenceEncoder - [42a4574f] Writing "637. foo bar"
17:48:11.684 [http-nio-auto-5-exec-1] DEBUG o.s.c.c.CharSequenceEncoder - [42a4574f] Writing "638. foo bar"
17:48:11.684 [http-nio-auto-5-exec-1] DEBUG o.s.c.c.CharSequenceEncoder - [42a4574f] Writing "639. foo bar"
17:48:11.684 [http-nio-auto-5-exec-1] DEBUG o.s.c.c.CharSequenceEncoder - [42a4574f] Writing "640. foo bar"
17:48:11.684 [http-nio-auto-5-exec-1] DEBUG o.s.c.c.CharSequenceEncoder - [42a4574f] Writing "641. foo bar"
17:48:11.684 [http-nio-auto-5-exec-1] DEBUG o.s.c.c.CharSequenceEncoder - [42a4574f] Writing "642. foo bar"
17:48:11.684 [http-nio-auto-5-exec-1] DEBUG o.s.c.c.CharSequenceEncoder - [42a4574f] Writing "643. foo bar"
17:48:11.684 [http-nio-auto-5-exec-1] DEBUG o.s.c.c.CharSequenceEncoder - [42a4574f] Writing "644. foo bar"
17:48:11.684 [http-nio-auto-5-exec-1] DEBUG o.s.c.c.CharSequenceEncoder - [42a4574f] Writing "645. foo bar"
17:48:11.684 [http-nio-auto-5-exec-1] DEBUG o.s.c.c.CharSequenceEncoder - [42a4574f] Writing "646. foo bar"
17:48:11.684 [http-nio-auto-5-exec-1] DEBUG o.s.c.c.CharSequenceEncoder - [42a4574f] Writing "647. foo bar"
17:48:11.684 [http-nio-auto-5-exec-1] DEBUG o.s.c.c.CharSequenceEncoder - [42a4574f] Writing "648. foo bar"
17:48:11.684 [http-nio-auto-5-exec-1] DEBUG o.s.c.c.CharSequenceEncoder - [42a4574f] Writing "649. foo bar"
17:48:11.684 [http-nio-auto-5-exec-1] DEBUG o.s.c.c.CharSequenceEncoder - [42a4574f] Writing "650. foo bar"
17:48:11.684 [http-nio-auto-5-exec-1] DEBUG o.s.c.c.CharSequenceEncoder - [42a4574f] Writing "651. foo bar"
17:48:11.684 [http-nio-auto-5-exec-1] DEBUG o.s.c.c.CharSequenceEncoder - [42a4574f] Writing "652. foo bar"
17:48:11.684 [http-nio-auto-5-exec-1] DEBUG o.s.c.c.CharSequenceEncoder - [42a4574f] Writing "653. foo bar"
17:48:11.684 [http-nio-auto-5-exec-1] DEBUG o.s.c.c.CharSequenceEncoder - [42a4574f] Writing "654. foo bar"
17:48:11.684 [http-nio-auto-5-exec-1] DEBUG o.s.c.c.CharSequenceEncoder - [42a4574f] Writing "655. foo bar"
17:48:11.684 [http-nio-auto-5-exec-1] DEBUG o.s.c.c.CharSequenceEncoder - [42a4574f] Writing "656. foo bar"
17:48:11.684 [http-nio-auto-5-exec-1] DEBUG o.s.c.c.CharSequenceEncoder - [42a4574f] Writing "657. foo bar"
17:48:11.684 [http-nio-auto-5-exec-1] DEBUG o.s.c.c.CharSequenceEncoder - [42a4574f] Writing "658. foo bar"
17:48:11.684 [http-nio-auto-5-exec-1] DEBUG o.s.c.c.CharSequenceEncoder - [42a4574f] Writing "659. foo bar"
17:48:11.684 [http-nio-auto-5-exec-1] DEBUG o.s.c.c.CharSequenceEncoder - [42a4574f] Writing "660. foo bar"
17:48:11.684 [http-nio-auto-5-exec-1] DEBUG o.s.c.c.CharSequenceEncoder - [42a4574f] Writing "661. foo bar"
17:48:11.684 [http-nio-auto-5-exec-1] DEBUG o.s.c.c.CharSequenceEncoder - [42a4574f] Writing "662. foo bar"
17:48:11.684 [http-nio-auto-5-exec-1] DEBUG o.s.c.c.CharSequenceEncoder - [42a4574f] Writing "663. foo bar"
17:48:11.684 [http-nio-auto-5-exec-1] DEBUG o.s.c.c.CharSequenceEncoder - [42a4574f] Writing "664. foo bar"
17:48:11.684 [http-nio-auto-5-exec-1] DEBUG o.s.c.c.CharSequenceEncoder - [42a4574f] Writing "665. foo bar"
17:48:11.684 [http-nio-auto-5-exec-1] DEBUG o.s.c.c.CharSequenceEncoder - [42a4574f] Writing "666. foo bar"
17:48:11.684 [http-nio-auto-5-exec-1] DEBUG o.s.c.c.CharSequenceEncoder - [42a4574f] Writing "667. foo bar"
17:48:11.684 [http-nio-auto-5-exec-1] DEBUG o.s.c.c.CharSequenceEncoder - [42a4574f] Writing "668. foo bar"
17:48:11.684 [http-nio-auto-5-exec-1] DEBUG o.s.c.c.CharSequenceEncoder - [42a4574f] Writing "669. foo bar"
17:48:11.684 [http-nio-auto-5-exec-1] DEBUG o.s.c.c.CharSequenceEncoder - [42a4574f] Writing "670. foo bar"
17:48:11.684 [http-nio-auto-5-exec-1] DEBUG o.s.c.c.CharSequenceEncoder - [42a4574f] Writing "671. foo bar"
17:48:11.684 [http-nio-auto-5-exec-1] DEBUG o.s.c.c.CharSequenceEncoder - [42a4574f] Writing "672. foo bar"
17:48:11.684 [http-nio-auto-5-exec-1] DEBUG o.s.c.c.CharSequenceEncoder - [42a4574f] Writing "673. foo bar"
17:48:11.684 [http-nio-auto-5-exec-1] DEBUG o.s.c.c.CharSequenceEncoder - [42a4574f] Writing "674. foo bar"
17:48:11.684 [http-nio-auto-5-exec-1] DEBUG o.s.c.c.CharSequenceEncoder - [42a4574f] Writing "675. foo bar"
17:48:11.685 [http-nio-auto-5-exec-1] DEBUG o.s.c.c.CharSequenceEncoder - [42a4574f] Writing "676. foo bar"
17:48:11.685 [http-nio-auto-5-exec-1] DEBUG o.s.c.c.CharSequenceEncoder - [42a4574f] Writing "677. foo bar"
17:48:11.685 [http-nio-auto-5-exec-1] DEBUG o.s.c.c.CharSequenceEncoder - [42a4574f] Writing "678. foo bar"
17:48:11.685 [http-nio-auto-5-exec-1] DEBUG o.s.c.c.CharSequenceEncoder - [42a4574f] Writing "679. foo bar"
17:48:11.685 [http-nio-auto-5-exec-1] DEBUG o.s.c.c.CharSequenceEncoder - [42a4574f] Writing "680. foo bar"
17:48:11.685 [http-nio-auto-5-exec-1] DEBUG o.s.c.c.CharSequenceEncoder - [42a4574f] Writing "681. foo bar"
17:48:11.685 [http-nio-auto-5-exec-1] DEBUG o.s.c.c.CharSequenceEncoder - [42a4574f] Writing "682. foo bar"
17:48:11.685 [http-nio-auto-5-exec-1] DEBUG o.s.c.c.CharSequenceEncoder - [42a4574f] Writing "683. foo bar"
17:48:11.685 [http-nio-auto-5-exec-1] DEBUG o.s.c.c.CharSequenceEncoder - [42a4574f] Writing "684. foo bar"
17:48:11.685 [http-nio-auto-5-exec-1] DEBUG o.s.c.c.CharSequenceEncoder - [42a4574f] Writing "685. foo bar"
17:48:11.685 [http-nio-auto-5-exec-1] DEBUG o.s.c.c.CharSequenceEncoder - [42a4574f] Writing "686. foo bar"
17:48:11.685 [http-nio-auto-5-exec-1] DEBUG o.s.c.c.CharSequenceEncoder - [42a4574f] Writing "687. foo bar"
17:48:11.685 [http-nio-auto-5-exec-1] DEBUG o.s.c.c.CharSequenceEncoder - [42a4574f] Writing "688. foo bar"
17:48:11.685 [http-nio-auto-5-exec-1] DEBUG o.s.c.c.CharSequenceEncoder - [42a4574f] Writing "689. foo bar"
17:48:11.685 [http-nio-auto-5-exec-1] DEBUG o.s.c.c.CharSequenceEncoder - [42a4574f] Writing "690. foo bar"
17:48:11.685 [http-nio-auto-5-exec-1] DEBUG o.s.c.c.CharSequenceEncoder - [42a4574f] Writing "691. foo bar"
17:48:11.685 [http-nio-auto-5-exec-1] DEBUG o.s.c.c.CharSequenceEncoder - [42a4574f] Writing "692. foo bar"
17:48:11.686 [http-nio-auto-5-exec-1] DEBUG o.s.c.c.CharSequenceEncoder - [42a4574f] Writing "693. foo bar"
17:48:11.686 [http-nio-auto-5-exec-2] DEBUG o.s.c.c.CharSequenceEncoder - [42a4574f] Writing "694. foo bar"
17:48:11.686 [http-nio-auto-5-exec-2] DEBUG o.s.c.c.CharSequenceEncoder - [42a4574f] Writing "695. foo bar"
17:48:11.686 [Test worker] DEBUG o.s.w.c.RestTemplate - Response 200 OK
17:48:11.686 [http-nio-auto-5-exec-2] DEBUG o.s.c.c.CharSequenceEncoder - [42a4574f] Writing "696. foo bar"
17:48:11.686 [http-nio-auto-5-exec-2] DEBUG o.s.c.c.CharSequenceEncoder - [42a4574f] Writing "697. foo bar"
17:48:11.686 [http-nio-auto-5-exec-2] DEBUG o.s.c.c.CharSequenceEncoder - [42a4574f] Writing "698. foo bar"
17:48:11.686 [http-nio-auto-5-exec-2] DEBUG o.s.c.c.CharSequenceEncoder - [42a4574f] Writing "699. foo bar"
17:48:11.687 [http-nio-auto-5-exec-2] DEBUG o.s.c.c.CharSequenceEncoder - [42a4574f] Writing "700. foo bar"
17:48:11.687 [http-nio-auto-5-exec-2] DEBUG o.s.c.c.CharSequenceEncoder - [42a4574f] Writing "701. foo bar"
17:48:11.687 [http-nio-auto-5-exec-2] DEBUG o.s.c.c.CharSequenceEncoder - [42a4574f] Writing "702. foo bar"
17:48:11.687 [http-nio-auto-5-exec-2] DEBUG o.s.c.c.CharSequenceEncoder - [42a4574f] Writing "703. foo bar"
17:48:11.687 [http-nio-auto-5-exec-2] DEBUG o.s.c.c.CharSequenceEncoder - [42a4574f] Writing "704. foo bar"
17:48:11.687 [http-nio-auto-5-exec-2] DEBUG o.s.c.c.CharSequenceEncoder - [42a4574f] Writing "705. foo bar"
17:48:11.687 [Test worker] DEBUG o.s.w.c.RestTemplate - Reading to [java.lang.String] as "text/plain;charset=UTF-8"
17:48:11.687 [http-nio-auto-5-exec-2] DEBUG o.s.c.c.CharSequenceEncoder - [42a4574f] Writing "706. foo bar"
17:48:11.687 [http-nio-auto-5-exec-2] DEBUG o.s.c.c.CharSequenceEncoder - [42a4574f] Writing "707. foo bar"
17:48:11.687 [http-nio-auto-5-exec-2] DEBUG o.s.c.c.CharSequenceEncoder - [42a4574f] Writing "708. foo bar"
17:48:11.687 [http-nio-auto-5-exec-2] DEBUG o.s.c.c.CharSequenceEncoder - [42a4574f] Writing "709. foo bar"
17:48:11.687 [http-nio-auto-5-exec-2] DEBUG o.s.c.c.CharSequenceEncoder - [42a4574f] Writing "710. foo bar"
17:48:11.687 [http-nio-auto-5-exec-2] DEBUG o.s.c.c.CharSequenceEncoder - [42a4574f] Writing "711. foo bar"
17:48:11.687 [http-nio-auto-5-exec-2] DEBUG o.s.c.c.CharSequenceEncoder - [42a4574f] Writing "712. foo bar"
17:48:11.687 [http-nio-auto-5-exec-2] DEBUG o.s.c.c.CharSequenceEncoder - [42a4574f] Writing "713. foo bar"
17:48:11.687 [http-nio-auto-5-exec-2] DEBUG o.s.c.c.CharSequenceEncoder - [42a4574f] Writing "714. foo bar"
17:48:11.687 [http-nio-auto-5-exec-2] DEBUG o.s.c.c.CharSequenceEncoder - [42a4574f] Writing "715. foo bar"
17:48:11.687 [http-nio-auto-5-exec-2] DEBUG o.s.c.c.CharSequenceEncoder - [42a4574f] Writing "716. foo bar"
17:48:11.687 [http-nio-auto-5-exec-2] DEBUG o.s.c.c.CharSequenceEncoder - [42a4574f] Writing "717. foo bar"
17:48:11.687 [http-nio-auto-5-exec-2] DEBUG o.s.c.c.CharSequenceEncoder - [42a4574f] Writing "718. foo bar"
17:48:11.687 [http-nio-auto-5-exec-2] DEBUG o.s.c.c.CharSequenceEncoder - [42a4574f] Writing "719. foo bar"
17:48:11.687 [http-nio-auto-5-exec-2] DEBUG o.s.c.c.CharSequenceEncoder - [42a4574f] Writing "720. foo bar"
17:48:11.687 [http-nio-auto-5-exec-2] DEBUG o.s.c.c.CharSequenceEncoder - [42a4574f] Writing "721. foo bar"
17:48:11.687 [http-nio-auto-5-exec-2] DEBUG o.s.c.c.CharSequenceEncoder - [42a4574f] Writing "722. foo bar"
17:48:11.687 [http-nio-auto-5-exec-2] DEBUG o.s.c.c.CharSequenceEncoder - [42a4574f] Writing "723. foo bar"
17:48:11.687 [http-nio-auto-5-exec-2] DEBUG o.s.c.c.CharSequenceEncoder - [42a4574f] Writing "724. foo bar"
17:48:11.687 [http-nio-auto-5-exec-2] DEBUG o.s.c.c.CharSequenceEncoder - [42a4574f] Writing "725. foo bar"
17:48:11.687 [http-nio-auto-5-exec-2] DEBUG o.s.c.c.CharSequenceEncoder - [42a4574f] Writing "726. foo bar"
17:48:11.687 [http-nio-auto-5-exec-2] DEBUG o.s.c.c.CharSequenceEncoder - [42a4574f] Writing "727. foo bar"
17:48:11.687 [http-nio-auto-5-exec-2] DEBUG o.s.c.c.CharSequenceEncoder - [42a4574f] Writing "728. foo bar"
17:48:11.687 [http-nio-auto-5-exec-2] DEBUG o.s.c.c.CharSequenceEncoder - [42a4574f] Writing "729. foo bar"
17:48:11.687 [http-nio-auto-5-exec-2] DEBUG o.s.c.c.CharSequenceEncoder - [42a4574f] Writing "730. foo bar"
17:48:11.687 [http-nio-auto-5-exec-2] DEBUG o.s.c.c.CharSequenceEncoder - [42a4574f] Writing "731. foo bar"
17:48:11.687 [http-nio-auto-5-exec-2] DEBUG o.s.c.c.CharSequenceEncoder - [42a4574f] Writing "732. foo bar"
17:48:11.687 [http-nio-auto-5-exec-2] DEBUG o.s.c.c.CharSequenceEncoder - [42a4574f] Writing "733. foo bar"
17:48:11.687 [http-nio-auto-5-exec-2] DEBUG o.s.c.c.CharSequenceEncoder - [42a4574f] Writing "734. foo bar"
17:48:11.687 [http-nio-auto-5-exec-2] DEBUG o.s.c.c.CharSequenceEncoder - [42a4574f] Writing "735. foo bar"
17:48:11.687 [http-nio-auto-5-exec-2] DEBUG o.s.c.c.CharSequenceEncoder - [42a4574f] Writing "736. foo bar"
17:48:11.687 [http-nio-auto-5-exec-2] DEBUG o.s.c.c.CharSequenceEncoder - [42a4574f] Writing "737. foo bar"
17:48:11.687 [http-nio-auto-5-exec-2] DEBUG o.s.c.c.CharSequenceEncoder - [42a4574f] Writing "738. foo bar"
17:48:11.687 [http-nio-auto-5-exec-2] DEBUG o.s.c.c.CharSequenceEncoder - [42a4574f] Writing "739. foo bar"
17:48:11.687 [http-nio-auto-5-exec-2] DEBUG o.s.c.c.CharSequenceEncoder - [42a4574f] Writing "740. foo bar"
17:48:11.687 [http-nio-auto-5-exec-2] DEBUG o.s.c.c.CharSequenceEncoder - [42a4574f] Writing "741. foo bar"
17:48:11.687 [http-nio-auto-5-exec-2] DEBUG o.s.c.c.CharSequenceEncoder - [42a4574f] Writing "742. foo bar"
17:48:11.687 [http-nio-auto-5-exec-2] DEBUG o.s.c.c.CharSequenceEncoder - [42a4574f] Writing "743. foo bar"
17:48:11.687 [http-nio-auto-5-exec-2] DEBUG o.s.c.c.CharSequenceEncoder - [42a4574f] Writing "744. foo bar"
17:48:11.687 [http-nio-auto-5-exec-2] DEBUG o.s.c.c.CharSequenceEncoder - [42a4574f] Writing "745. foo bar"
17:48:11.688 [http-nio-auto-5-exec-2] DEBUG o.s.c.c.CharSequenceEncoder - [42a4574f] Writing "746. foo bar"
17:48:11.688 [http-nio-auto-5-exec-2] DEBUG o.s.c.c.CharSequenceEncoder - [42a4574f] Writing "747. foo bar"
17:48:11.688 [http-nio-auto-5-exec-2] DEBUG o.s.c.c.CharSequenceEncoder - [42a4574f] Writing "748. foo bar"
17:48:11.688 [http-nio-auto-5-exec-2] DEBUG o.s.c.c.CharSequenceEncoder - [42a4574f] Writing "749. foo bar"
17:48:11.688 [http-nio-auto-5-exec-2] DEBUG o.s.c.c.CharSequenceEncoder - [42a4574f] Writing "750. foo bar"
17:48:11.688 [http-nio-auto-5-exec-2] DEBUG o.s.c.c.CharSequenceEncoder - [42a4574f] Writing "751. foo bar"
17:48:11.688 [http-nio-auto-5-exec-2] DEBUG o.s.c.c.CharSequenceEncoder - [42a4574f] Writing "752. foo bar"
17:48:11.688 [http-nio-auto-5-exec-2] DEBUG o.s.c.c.CharSequenceEncoder - [42a4574f] Writing "753. foo bar"
17:48:11.688 [http-nio-auto-5-exec-2] DEBUG o.s.c.c.CharSequenceEncoder - [42a4574f] Writing "754. foo bar"
17:48:11.688 [http-nio-auto-5-exec-2] DEBUG o.s.c.c.CharSequenceEncoder - [42a4574f] Writing "755. foo bar"
17:48:11.688 [http-nio-auto-5-exec-2] DEBUG o.s.c.c.CharSequenceEncoder - [42a4574f] Writing "756. foo bar"
17:48:11.688 [http-nio-auto-5-exec-2] DEBUG o.s.c.c.CharSequenceEncoder - [42a4574f] Writing "757. foo bar"
17:48:11.688 [http-nio-auto-5-exec-2] DEBUG o.s.c.c.CharSequenceEncoder - [42a4574f] Writing "758. foo bar"
17:48:11.688 [http-nio-auto-5-exec-2] DEBUG o.s.c.c.CharSequenceEncoder - [42a4574f] Writing "759. foo bar"
17:48:11.688 [http-nio-auto-5-exec-2] DEBUG o.s.c.c.CharSequenceEncoder - [42a4574f] Writing "760. foo bar"
17:48:11.688 [http-nio-auto-5-exec-2] DEBUG o.s.c.c.CharSequenceEncoder - [42a4574f] Writing "761. foo bar"
17:48:11.688 [http-nio-auto-5-exec-2] DEBUG o.s.c.c.CharSequenceEncoder - [42a4574f] Writing "762. foo bar"
17:48:11.688 [http-nio-auto-5-exec-2] DEBUG o.s.c.c.CharSequenceEncoder - [42a4574f] Writing "763. foo bar"
17:48:11.688 [http-nio-auto-5-exec-2] DEBUG o.s.c.c.CharSequenceEncoder - [42a4574f] Writing "764. foo bar"
17:48:11.688 [http-nio-auto-5-exec-2] DEBUG o.s.c.c.CharSequenceEncoder - [42a4574f] Writing "765. foo bar"
17:48:11.688 [http-nio-auto-5-exec-2] DEBUG o.s.c.c.CharSequenceEncoder - [42a4574f] Writing "766. foo bar"
17:48:11.688 [http-nio-auto-5-exec-2] DEBUG o.s.c.c.CharSequenceEncoder - [42a4574f] Writing "767. foo bar"
17:48:11.688 [http-nio-auto-5-exec-2] DEBUG o.s.c.c.CharSequenceEncoder - [42a4574f] Writing "768. foo bar"
17:48:11.688 [http-nio-auto-5-exec-2] DEBUG o.s.c.c.CharSequenceEncoder - [42a4574f] Writing "769. foo bar"
17:48:11.688 [http-nio-auto-5-exec-2] DEBUG o.s.c.c.CharSequenceEncoder - [42a4574f] Writing "770. foo bar"
17:48:11.688 [http-nio-auto-5-exec-2] DEBUG o.s.c.c.CharSequenceEncoder - [42a4574f] Writing "771. foo bar"
17:48:11.688 [http-nio-auto-5-exec-2] DEBUG o.s.c.c.CharSequenceEncoder - [42a4574f] Writing "772. foo bar"
17:48:11.688 [http-nio-auto-5-exec-2] DEBUG o.s.c.c.CharSequenceEncoder - [42a4574f] Writing "773. foo bar"
17:48:11.688 [http-nio-auto-5-exec-2] DEBUG o.s.c.c.CharSequenceEncoder - [42a4574f] Writing "774. foo bar"
17:48:11.688 [http-nio-auto-5-exec-2] DEBUG o.s.c.c.CharSequenceEncoder - [42a4574f] Writing "775. foo bar"
17:48:11.688 [http-nio-auto-5-exec-2] DEBUG o.s.c.c.CharSequenceEncoder - [42a4574f] Writing "776. foo bar"
17:48:11.688 [http-nio-auto-5-exec-2] DEBUG o.s.c.c.CharSequenceEncoder - [42a4574f] Writing "777. foo bar"
17:48:11.688 [http-nio-auto-5-exec-2] DEBUG o.s.c.c.CharSequenceEncoder - [42a4574f] Writing "778. foo bar"
17:48:11.688 [http-nio-auto-5-exec-2] DEBUG o.s.c.c.CharSequenceEncoder - [42a4574f] Writing "779. foo bar"
17:48:11.688 [http-nio-auto-5-exec-2] DEBUG o.s.c.c.CharSequenceEncoder - [42a4574f] Writing "780. foo bar"
17:48:11.688 [http-nio-auto-5-exec-2] DEBUG o.s.c.c.CharSequenceEncoder - [42a4574f] Writing "781. foo bar"
17:48:11.689 [http-nio-auto-5-exec-2] DEBUG o.s.c.c.CharSequenceEncoder - [42a4574f] Writing "782. foo bar"
17:48:11.689 [http-nio-auto-5-exec-2] DEBUG o.s.c.c.CharSequenceEncoder - [42a4574f] Writing "783. foo bar"
17:48:11.689 [http-nio-auto-5-exec-2] DEBUG o.s.c.c.CharSequenceEncoder - [42a4574f] Writing "784. foo bar"
17:48:11.689 [http-nio-auto-5-exec-2] DEBUG o.s.c.c.CharSequenceEncoder - [42a4574f] Writing "785. foo bar"
17:48:11.689 [http-nio-auto-5-exec-2] DEBUG o.s.c.c.CharSequenceEncoder - [42a4574f] Writing "786. foo bar"
17:48:11.689 [http-nio-auto-5-exec-2] DEBUG o.s.c.c.CharSequenceEncoder - [42a4574f] Writing "787. foo bar"
17:48:11.689 [http-nio-auto-5-exec-2] DEBUG o.s.c.c.CharSequenceEncoder - [42a4574f] Writing "788. foo bar"
17:48:11.689 [http-nio-auto-5-exec-2] DEBUG o.s.c.c.CharSequenceEncoder - [42a4574f] Writing "789. foo bar"
17:48:11.689 [http-nio-auto-5-exec-2] DEBUG o.s.c.c.CharSequenceEncoder - [42a4574f] Writing "790. foo bar"
17:48:11.689 [http-nio-auto-5-exec-2] DEBUG o.s.c.c.CharSequenceEncoder - [42a4574f] Writing "791. foo bar"
17:48:11.689 [http-nio-auto-5-exec-2] DEBUG o.s.c.c.CharSequenceEncoder - [42a4574f] Writing "792. foo bar"
17:48:11.689 [http-nio-auto-5-exec-2] DEBUG o.s.c.c.CharSequenceEncoder - [42a4574f] Writing "793. foo bar"
17:48:11.689 [http-nio-auto-5-exec-2] DEBUG o.s.c.c.CharSequenceEncoder - [42a4574f] Writing "794. foo bar"
17:48:11.689 [http-nio-auto-5-exec-2] DEBUG o.s.c.c.CharSequenceEncoder - [42a4574f] Writing "795. foo bar"
17:48:11.689 [http-nio-auto-5-exec-2] DEBUG o.s.c.c.CharSequenceEncoder - [42a4574f] Writing "796. foo bar"
17:48:11.689 [http-nio-auto-5-exec-2] DEBUG o.s.c.c.CharSequenceEncoder - [42a4574f] Writing "797. foo bar"
17:48:11.689 [http-nio-auto-5-exec-2] DEBUG o.s.c.c.CharSequenceEncoder - [42a4574f] Writing "798. foo bar"
17:48:11.689 [http-nio-auto-5-exec-2] DEBUG o.s.c.c.CharSequenceEncoder - [42a4574f] Writing "799. foo bar"
17:48:11.689 [http-nio-auto-5-exec-2] DEBUG o.s.c.c.CharSequenceEncoder - [42a4574f] Writing "800. foo bar"
17:48:11.689 [http-nio-auto-5-exec-2] DEBUG o.s.c.c.CharSequenceEncoder - [42a4574f] Writing "801. foo bar"
17:48:11.689 [http-nio-auto-5-exec-2] DEBUG o.s.c.c.CharSequenceEncoder - [42a4574f] Writing "802. foo bar"
17:48:11.689 [http-nio-auto-5-exec-2] DEBUG o.s.c.c.CharSequenceEncoder - [42a4574f] Writing "803. foo bar"
17:48:11.689 [http-nio-auto-5-exec-2] DEBUG o.s.c.c.CharSequenceEncoder - [42a4574f] Writing "804. foo bar"
17:48:11.689 [http-nio-auto-5-exec-2] DEBUG o.s.c.c.CharSequenceEncoder - [42a4574f] Writing "805. foo bar"
17:48:11.689 [http-nio-auto-5-exec-2] DEBUG o.s.c.c.CharSequenceEncoder - [42a4574f] Writing "806. foo bar"
17:48:11.689 [http-nio-auto-5-exec-2] DEBUG o.s.c.c.CharSequenceEncoder - [42a4574f] Writing "807. foo bar"
17:48:11.689 [http-nio-auto-5-exec-2] DEBUG o.s.c.c.CharSequenceEncoder - [42a4574f] Writing "808. foo bar"
17:48:11.689 [http-nio-auto-5-exec-2] DEBUG o.s.c.c.CharSequenceEncoder - [42a4574f] Writing "809. foo bar"
17:48:11.689 [http-nio-auto-5-exec-2] DEBUG o.s.c.c.CharSequenceEncoder - [42a4574f] Writing "810. foo bar"
17:48:11.689 [http-nio-auto-5-exec-2] DEBUG o.s.c.c.CharSequenceEncoder - [42a4574f] Writing "811. foo bar"
17:48:11.689 [http-nio-auto-5-exec-2] DEBUG o.s.c.c.CharSequenceEncoder - [42a4574f] Writing "812. foo bar"
17:48:11.689 [http-nio-auto-5-exec-2] DEBUG o.s.c.c.CharSequenceEncoder - [42a4574f] Writing "813. foo bar"
17:48:11.689 [http-nio-auto-5-exec-2] DEBUG o.s.c.c.CharSequenceEncoder - [42a4574f] Writing "814. foo bar"
17:48:11.689 [http-nio-auto-5-exec-2] DEBUG o.s.c.c.CharSequenceEncoder - [42a4574f] Writing "815. foo bar"
17:48:11.689 [http-nio-auto-5-exec-2] DEBUG o.s.c.c.CharSequenceEncoder - [42a4574f] Writing "816. foo bar"
17:48:11.689 [http-nio-auto-5-exec-2] DEBUG o.s.c.c.CharSequenceEncoder - [42a4574f] Writing "817. foo bar"
17:48:11.689 [http-nio-auto-5-exec-2] DEBUG o.s.c.c.CharSequenceEncoder - [42a4574f] Writing "818. foo bar"
17:48:11.689 [http-nio-auto-5-exec-2] DEBUG o.s.c.c.CharSequenceEncoder - [42a4574f] Writing "819. foo bar"
17:48:11.689 [http-nio-auto-5-exec-2] DEBUG o.s.c.c.CharSequenceEncoder - [42a4574f] Writing "820. foo bar"
17:48:11.690 [http-nio-auto-5-exec-2] DEBUG o.s.c.c.CharSequenceEncoder - [42a4574f] Writing "821. foo bar"
17:48:11.690 [http-nio-auto-5-exec-2] DEBUG o.s.c.c.CharSequenceEncoder - [42a4574f] Writing "822. foo bar"
17:48:11.690 [http-nio-auto-5-exec-2] DEBUG o.s.c.c.CharSequenceEncoder - [42a4574f] Writing "823. foo bar"
17:48:11.690 [http-nio-auto-5-exec-2] DEBUG o.s.c.c.CharSequenceEncoder - [42a4574f] Writing "824. foo bar"
17:48:11.690 [http-nio-auto-5-exec-2] DEBUG o.s.c.c.CharSequenceEncoder - [42a4574f] Writing "825. foo bar"
17:48:11.690 [http-nio-auto-5-exec-2] DEBUG o.s.c.c.CharSequenceEncoder - [42a4574f] Writing "826. foo bar"
17:48:11.690 [http-nio-auto-5-exec-2] DEBUG o.s.c.c.CharSequenceEncoder - [42a4574f] Writing "827. foo bar"
17:48:11.690 [http-nio-auto-5-exec-2] DEBUG o.s.c.c.CharSequenceEncoder - [42a4574f] Writing "828. foo bar"
17:48:11.690 [http-nio-auto-5-exec-2] DEBUG o.s.c.c.CharSequenceEncoder - [42a4574f] Writing "829. foo bar"
17:48:11.690 [http-nio-auto-5-exec-2] DEBUG o.s.c.c.CharSequenceEncoder - [42a4574f] Writing "830. foo bar"
17:48:11.690 [http-nio-auto-5-exec-2] DEBUG o.s.c.c.CharSequenceEncoder - [42a4574f] Writing "831. foo bar"
17:48:11.690 [http-nio-auto-5-exec-2] DEBUG o.s.c.c.CharSequenceEncoder - [42a4574f] Writing "832. foo bar"
17:48:11.690 [http-nio-auto-5-exec-2] DEBUG o.s.c.c.CharSequenceEncoder - [42a4574f] Writing "833. foo bar"
17:48:11.690 [http-nio-auto-5-exec-2] DEBUG o.s.c.c.CharSequenceEncoder - [42a4574f] Writing "834. foo bar"
17:48:11.690 [http-nio-auto-5-exec-2] DEBUG o.s.c.c.CharSequenceEncoder - [42a4574f] Writing "835. foo bar"
17:48:11.690 [http-nio-auto-5-exec-2] DEBUG o.s.c.c.CharSequenceEncoder - [42a4574f] Writing "836. foo bar"
17:48:11.690 [http-nio-auto-5-exec-2] DEBUG o.s.c.c.CharSequenceEncoder - [42a4574f] Writing "837. foo bar"
17:48:11.690 [http-nio-auto-5-exec-2] DEBUG o.s.c.c.CharSequenceEncoder - [42a4574f] Writing "838. foo bar"
17:48:11.690 [http-nio-auto-5-exec-2] DEBUG o.s.c.c.CharSequenceEncoder - [42a4574f] Writing "839. foo bar"
17:48:11.690 [http-nio-auto-5-exec-2] DEBUG o.s.c.c.CharSequenceEncoder - [42a4574f] Writing "840. foo bar"
17:48:11.690 [http-nio-auto-5-exec-2] DEBUG o.s.c.c.CharSequenceEncoder - [42a4574f] Writing "841. foo bar"
17:48:11.690 [http-nio-auto-5-exec-2] DEBUG o.s.c.c.CharSequenceEncoder - [42a4574f] Writing "842. foo bar"
17:48:11.690 [http-nio-auto-5-exec-2] DEBUG o.s.c.c.CharSequenceEncoder - [42a4574f] Writing "843. foo bar"
17:48:11.690 [http-nio-auto-5-exec-2] DEBUG o.s.c.c.CharSequenceEncoder - [42a4574f] Writing "844. foo bar"
17:48:11.690 [http-nio-auto-5-exec-2] DEBUG o.s.c.c.CharSequenceEncoder - [42a4574f] Writing "845. foo bar"
17:48:11.690 [http-nio-auto-5-exec-2] DEBUG o.s.c.c.CharSequenceEncoder - [42a4574f] Writing "846. foo bar"
17:48:11.690 [http-nio-auto-5-exec-2] DEBUG o.s.c.c.CharSequenceEncoder - [42a4574f] Writing "847. foo bar"
17:48:11.690 [http-nio-auto-5-exec-2] DEBUG o.s.c.c.CharSequenceEncoder - [42a4574f] Writing "848. foo bar"
17:48:11.690 [http-nio-auto-5-exec-2] DEBUG o.s.c.c.CharSequenceEncoder - [42a4574f] Writing "849. foo bar"
17:48:11.690 [http-nio-auto-5-exec-2] DEBUG o.s.c.c.CharSequenceEncoder - [42a4574f] Writing "850. foo bar"
17:48:11.690 [http-nio-auto-5-exec-2] DEBUG o.s.c.c.CharSequenceEncoder - [42a4574f] Writing "851. foo bar"
17:48:11.690 [http-nio-auto-5-exec-2] DEBUG o.s.c.c.CharSequenceEncoder - [42a4574f] Writing "852. foo bar"
17:48:11.690 [http-nio-auto-5-exec-2] DEBUG o.s.c.c.CharSequenceEncoder - [42a4574f] Writing "853. foo bar"
17:48:11.690 [http-nio-auto-5-exec-2] DEBUG o.s.c.c.CharSequenceEncoder - [42a4574f] Writing "854. foo bar"
17:48:11.690 [http-nio-auto-5-exec-2] DEBUG o.s.c.c.CharSequenceEncoder - [42a4574f] Writing "855. foo bar"
17:48:11.690 [http-nio-auto-5-exec-2] DEBUG o.s.c.c.CharSequenceEncoder - [42a4574f] Writing "856. foo bar"
17:48:11.690 [http-nio-auto-5-exec-2] DEBUG o.s.c.c.CharSequenceEncoder - [42a4574f] Writing "857. foo bar"
17:48:11.690 [http-nio-auto-5-exec-2] DEBUG o.s.c.c.CharSequenceEncoder - [42a4574f] Writing "858. foo bar"
17:48:11.691 [http-nio-auto-5-exec-2] DEBUG o.s.c.c.CharSequenceEncoder - [42a4574f] Writing "859. foo bar"
17:48:11.691 [http-nio-auto-5-exec-2] DEBUG o.s.c.c.CharSequenceEncoder - [42a4574f] Writing "860. foo bar"
17:48:11.691 [http-nio-auto-5-exec-2] DEBUG o.s.c.c.CharSequenceEncoder - [42a4574f] Writing "861. foo bar"
17:48:11.691 [http-nio-auto-5-exec-2] DEBUG o.s.c.c.CharSequenceEncoder - [42a4574f] Writing "862. foo bar"
17:48:11.691 [http-nio-auto-5-exec-2] DEBUG o.s.c.c.CharSequenceEncoder - [42a4574f] Writing "863. foo bar"
17:48:11.691 [http-nio-auto-5-exec-2] DEBUG o.s.c.c.CharSequenceEncoder - [42a4574f] Writing "864. foo bar"
17:48:11.691 [http-nio-auto-5-exec-2] DEBUG o.s.c.c.CharSequenceEncoder - [42a4574f] Writing "865. foo bar"
17:48:11.691 [http-nio-auto-5-exec-2] DEBUG o.s.c.c.CharSequenceEncoder - [42a4574f] Writing "866. foo bar"
17:48:11.691 [http-nio-auto-5-exec-2] DEBUG o.s.c.c.CharSequenceEncoder - [42a4574f] Writing "867. foo bar"
17:48:11.691 [http-nio-auto-5-exec-2] DEBUG o.s.c.c.CharSequenceEncoder - [42a4574f] Writing "868. foo bar"
17:48:11.691 [http-nio-auto-5-exec-2] DEBUG o.s.c.c.CharSequenceEncoder - [42a4574f] Writing "869. foo bar"
17:48:11.691 [http-nio-auto-5-exec-2] DEBUG o.s.c.c.CharSequenceEncoder - [42a4574f] Writing "870. foo bar"
17:48:11.691 [http-nio-auto-5-exec-2] DEBUG o.s.c.c.CharSequenceEncoder - [42a4574f] Writing "871. foo bar"
17:48:11.691 [http-nio-auto-5-exec-2] DEBUG o.s.c.c.CharSequenceEncoder - [42a4574f] Writing "872. foo bar"
17:48:11.691 [http-nio-auto-5-exec-2] DEBUG o.s.c.c.CharSequenceEncoder - [42a4574f] Writing "873. foo bar"
17:48:11.691 [http-nio-auto-5-exec-2] DEBUG o.s.c.c.CharSequenceEncoder - [42a4574f] Writing "874. foo bar"
17:48:11.691 [http-nio-auto-5-exec-2] DEBUG o.s.c.c.CharSequenceEncoder - [42a4574f] Writing "875. foo bar"
17:48:11.691 [http-nio-auto-5-exec-2] DEBUG o.s.c.c.CharSequenceEncoder - [42a4574f] Writing "876. foo bar"
17:48:11.691 [http-nio-auto-5-exec-2] DEBUG o.s.c.c.CharSequenceEncoder - [42a4574f] Writing "877. foo bar"
17:48:11.691 [http-nio-auto-5-exec-2] DEBUG o.s.c.c.CharSequenceEncoder - [42a4574f] Writing "878. foo bar"
17:48:11.691 [http-nio-auto-5-exec-2] DEBUG o.s.c.c.CharSequenceEncoder - [42a4574f] Writing "879. foo bar"
17:48:11.691 [http-nio-auto-5-exec-2] DEBUG o.s.c.c.CharSequenceEncoder - [42a4574f] Writing "880. foo bar"
17:48:11.691 [http-nio-auto-5-exec-2] DEBUG o.s.c.c.CharSequenceEncoder - [42a4574f] Writing "881. foo bar"
17:48:11.691 [http-nio-auto-5-exec-2] DEBUG o.s.c.c.CharSequenceEncoder - [42a4574f] Writing "882. foo bar"
17:48:11.691 [http-nio-auto-5-exec-2] DEBUG o.s.c.c.CharSequenceEncoder - [42a4574f] Writing "883. foo bar"
17:48:11.691 [http-nio-auto-5-exec-2] DEBUG o.s.c.c.CharSequenceEncoder - [42a4574f] Writing "884. foo bar"
17:48:11.691 [http-nio-auto-5-exec-2] DEBUG o.s.c.c.CharSequenceEncoder - [42a4574f] Writing "885. foo bar"
17:48:11.691 [http-nio-auto-5-exec-2] DEBUG o.s.c.c.CharSequenceEncoder - [42a4574f] Writing "886. foo bar"
17:48:11.691 [http-nio-auto-5-exec-2] DEBUG o.s.c.c.CharSequenceEncoder - [42a4574f] Writing "887. foo bar"
17:48:11.691 [http-nio-auto-5-exec-2] DEBUG o.s.c.c.CharSequenceEncoder - [42a4574f] Writing "888. foo bar"
17:48:11.691 [http-nio-auto-5-exec-2] DEBUG o.s.c.c.CharSequenceEncoder - [42a4574f] Writing "889. foo bar"
17:48:11.691 [http-nio-auto-5-exec-2] DEBUG o.s.c.c.CharSequenceEncoder - [42a4574f] Writing "890. foo bar"
17:48:11.691 [http-nio-auto-5-exec-2] DEBUG o.s.c.c.CharSequenceEncoder - [42a4574f] Writing "891. foo bar"
17:48:11.691 [http-nio-auto-5-exec-2] DEBUG o.s.c.c.CharSequenceEncoder - [42a4574f] Writing "892. foo bar"
17:48:11.691 [http-nio-auto-5-exec-2] DEBUG o.s.c.c.CharSequenceEncoder - [42a4574f] Writing "893. foo bar"
17:48:11.691 [http-nio-auto-5-exec-2] DEBUG o.s.c.c.CharSequenceEncoder - [42a4574f] Writing "894. foo bar"
17:48:11.691 [http-nio-auto-5-exec-2] DEBUG o.s.c.c.CharSequenceEncoder - [42a4574f] Writing "895. foo bar"
17:48:11.691 [http-nio-auto-5-exec-2] DEBUG o.s.c.c.CharSequenceEncoder - [42a4574f] Writing "896. foo bar"
17:48:11.692 [http-nio-auto-5-exec-2] DEBUG o.s.c.c.CharSequenceEncoder - [42a4574f] Writing "897. foo bar"
17:48:11.692 [http-nio-auto-5-exec-2] DEBUG o.s.c.c.CharSequenceEncoder - [42a4574f] Writing "898. foo bar"
17:48:11.692 [http-nio-auto-5-exec-2] DEBUG o.s.c.c.CharSequenceEncoder - [42a4574f] Writing "899. foo bar"
17:48:11.692 [http-nio-auto-5-exec-2] DEBUG o.s.c.c.CharSequenceEncoder - [42a4574f] Writing "900. foo bar"
17:48:11.692 [http-nio-auto-5-exec-2] DEBUG o.s.c.c.CharSequenceEncoder - [42a4574f] Writing "901. foo bar"
17:48:11.692 [http-nio-auto-5-exec-2] DEBUG o.s.c.c.CharSequenceEncoder - [42a4574f] Writing "902. foo bar"
17:48:11.692 [http-nio-auto-5-exec-2] DEBUG o.s.c.c.CharSequenceEncoder - [42a4574f] Writing "903. foo bar"
17:48:11.692 [http-nio-auto-5-exec-2] DEBUG o.s.c.c.CharSequenceEncoder - [42a4574f] Writing "904. foo bar"
17:48:11.692 [http-nio-auto-5-exec-2] DEBUG o.s.c.c.CharSequenceEncoder - [42a4574f] Writing "905. foo bar"
17:48:11.692 [http-nio-auto-5-exec-2] DEBUG o.s.c.c.CharSequenceEncoder - [42a4574f] Writing "906. foo bar"
17:48:11.692 [http-nio-auto-5-exec-2] DEBUG o.s.c.c.CharSequenceEncoder - [42a4574f] Writing "907. foo bar"
17:48:11.692 [http-nio-auto-5-exec-2] DEBUG o.s.c.c.CharSequenceEncoder - [42a4574f] Writing "908. foo bar"
17:48:11.692 [http-nio-auto-5-exec-2] DEBUG o.s.c.c.CharSequenceEncoder - [42a4574f] Writing "909. foo bar"
17:48:11.692 [http-nio-auto-5-exec-2] DEBUG o.s.c.c.CharSequenceEncoder - [42a4574f] Writing "910. foo bar"
17:48:11.692 [http-nio-auto-5-exec-2] DEBUG o.s.c.c.CharSequenceEncoder - [42a4574f] Writing "911. foo bar"
17:48:11.692 [http-nio-auto-5-exec-2] DEBUG o.s.c.c.CharSequenceEncoder - [42a4574f] Writing "912. foo bar"
17:48:11.692 [http-nio-auto-5-exec-2] DEBUG o.s.c.c.CharSequenceEncoder - [42a4574f] Writing "913. foo bar"
17:48:11.692 [http-nio-auto-5-exec-2] DEBUG o.s.c.c.CharSequenceEncoder - [42a4574f] Writing "914. foo bar"
17:48:11.692 [http-nio-auto-5-exec-2] DEBUG o.s.c.c.CharSequenceEncoder - [42a4574f] Writing "915. foo bar"
17:48:11.692 [http-nio-auto-5-exec-2] DEBUG o.s.c.c.CharSequenceEncoder - [42a4574f] Writing "916. foo bar"
17:48:11.692 [http-nio-auto-5-exec-2] DEBUG o.s.c.c.CharSequenceEncoder - [42a4574f] Writing "917. foo bar"
17:48:11.692 [http-nio-auto-5-exec-2] DEBUG o.s.c.c.CharSequenceEncoder - [42a4574f] Writing "918. foo bar"
17:48:11.692 [http-nio-auto-5-exec-2] DEBUG o.s.c.c.CharSequenceEncoder - [42a4574f] Writing "919. foo bar"
17:48:11.692 [http-nio-auto-5-exec-2] DEBUG o.s.c.c.CharSequenceEncoder - [42a4574f] Writing "920. foo bar"
17:48:11.692 [http-nio-auto-5-exec-2] DEBUG o.s.c.c.CharSequenceEncoder - [42a4574f] Writing "921. foo bar"
17:48:11.692 [http-nio-auto-5-exec-2] DEBUG o.s.c.c.CharSequenceEncoder - [42a4574f] Writing "922. foo bar"
17:48:11.692 [http-nio-auto-5-exec-2] DEBUG o.s.c.c.CharSequenceEncoder - [42a4574f] Writing "923. foo bar"
17:48:11.692 [http-nio-auto-5-exec-2] DEBUG o.s.c.c.CharSequenceEncoder - [42a4574f] Writing "924. foo bar"
17:48:11.692 [http-nio-auto-5-exec-2] DEBUG o.s.c.c.CharSequenceEncoder - [42a4574f] Writing "925. foo bar"
17:48:11.692 [http-nio-auto-5-exec-2] DEBUG o.s.c.c.CharSequenceEncoder - [42a4574f] Writing "926. foo bar"
17:48:11.692 [http-nio-auto-5-exec-2] DEBUG o.s.c.c.CharSequenceEncoder - [42a4574f] Writing "927. foo bar"
17:48:11.692 [http-nio-auto-5-exec-2] DEBUG o.s.c.c.CharSequenceEncoder - [42a4574f] Writing "928. foo bar"
17:48:11.692 [http-nio-auto-5-exec-2] DEBUG o.s.c.c.CharSequenceEncoder - [42a4574f] Writing "929. foo bar"
17:48:11.692 [http-nio-auto-5-exec-2] DEBUG o.s.c.c.CharSequenceEncoder - [42a4574f] Writing "930. foo bar"
17:48:11.692 [http-nio-auto-5-exec-2] DEBUG o.s.c.c.CharSequenceEncoder - [42a4574f] Writing "931. foo bar"
17:48:11.692 [http-nio-auto-5-exec-2] DEBUG o.s.c.c.CharSequenceEncoder - [42a4574f] Writing "932. foo bar"
17:48:11.692 [http-nio-auto-5-exec-2] DEBUG o.s.c.c.CharSequenceEncoder - [42a4574f] Writing "933. foo bar"
17:48:11.692 [http-nio-auto-5-exec-2] DEBUG o.s.c.c.CharSequenceEncoder - [42a4574f] Writing "934. foo bar"
17:48:11.692 [http-nio-auto-5-exec-2] DEBUG o.s.c.c.CharSequenceEncoder - [42a4574f] Writing "935. foo bar"
17:48:11.692 [http-nio-auto-5-exec-2] DEBUG o.s.c.c.CharSequenceEncoder - [42a4574f] Writing "936. foo bar"
17:48:11.692 [http-nio-auto-5-exec-2] DEBUG o.s.c.c.CharSequenceEncoder - [42a4574f] Writing "937. foo bar"
17:48:11.693 [http-nio-auto-5-exec-2] DEBUG o.s.c.c.CharSequenceEncoder - [42a4574f] Writing "938. foo bar"
17:48:11.693 [http-nio-auto-5-exec-2] DEBUG o.s.c.c.CharSequenceEncoder - [42a4574f] Writing "939. foo bar"
17:48:11.693 [http-nio-auto-5-exec-2] DEBUG o.s.c.c.CharSequenceEncoder - [42a4574f] Writing "940. foo bar"
17:48:11.693 [http-nio-auto-5-exec-2] DEBUG o.s.c.c.CharSequenceEncoder - [42a4574f] Writing "941. foo bar"
17:48:11.693 [http-nio-auto-5-exec-2] DEBUG o.s.c.c.CharSequenceEncoder - [42a4574f] Writing "942. foo bar"
17:48:11.693 [http-nio-auto-5-exec-2] DEBUG o.s.c.c.CharSequenceEncoder - [42a4574f] Writing "943. foo bar"
17:48:11.693 [http-nio-auto-5-exec-2] DEBUG o.s.c.c.CharSequenceEncoder - [42a4574f] Writing "944. foo bar"
17:48:11.693 [http-nio-auto-5-exec-2] DEBUG o.s.c.c.CharSequenceEncoder - [42a4574f] Writing "945. foo bar"
17:48:11.693 [http-nio-auto-5-exec-2] DEBUG o.s.c.c.CharSequenceEncoder - [42a4574f] Writing "946. foo bar"
17:48:11.693 [http-nio-auto-5-exec-2] DEBUG o.s.c.c.CharSequenceEncoder - [42a4574f] Writing "947. foo bar"
17:48:11.693 [http-nio-auto-5-exec-2] DEBUG o.s.c.c.CharSequenceEncoder - [42a4574f] Writing "948. foo bar"
17:48:11.693 [http-nio-auto-5-exec-2] DEBUG o.s.c.c.CharSequenceEncoder - [42a4574f] Writing "949. foo bar"
17:48:11.693 [http-nio-auto-5-exec-2] DEBUG o.s.c.c.CharSequenceEncoder - [42a4574f] Writing "950. foo bar"
17:48:11.693 [http-nio-auto-5-exec-2] DEBUG o.s.c.c.CharSequenceEncoder - [42a4574f] Writing "951. foo bar"
17:48:11.693 [http-nio-auto-5-exec-2] DEBUG o.s.c.c.CharSequenceEncoder - [42a4574f] Writing "952. foo bar"
17:48:11.693 [http-nio-auto-5-exec-2] DEBUG o.s.c.c.CharSequenceEncoder - [42a4574f] Writing "953. foo bar"
17:48:11.693 [http-nio-auto-5-exec-2] DEBUG o.s.c.c.CharSequenceEncoder - [42a4574f] Writing "954. foo bar"
17:48:11.693 [http-nio-auto-5-exec-2] DEBUG o.s.c.c.CharSequenceEncoder - [42a4574f] Writing "955. foo bar"
17:48:11.693 [http-nio-auto-5-exec-2] DEBUG o.s.c.c.CharSequenceEncoder - [42a4574f] Writing "956. foo bar"
17:48:11.693 [http-nio-auto-5-exec-2] DEBUG o.s.c.c.CharSequenceEncoder - [42a4574f] Writing "957. foo bar"
17:48:11.693 [http-nio-auto-5-exec-2] DEBUG o.s.c.c.CharSequenceEncoder - [42a4574f] Writing "958. foo bar"
17:48:11.693 [http-nio-auto-5-exec-2] DEBUG o.s.c.c.CharSequenceEncoder - [42a4574f] Writing "959. foo bar"
17:48:11.693 [http-nio-auto-5-exec-2] DEBUG o.s.c.c.CharSequenceEncoder - [42a4574f] Writing "960. foo bar"
17:48:11.693 [http-nio-auto-5-exec-2] DEBUG o.s.c.c.CharSequenceEncoder - [42a4574f] Writing "961. foo bar"
17:48:11.693 [http-nio-auto-5-exec-2] DEBUG o.s.c.c.CharSequenceEncoder - [42a4574f] Writing "962. foo bar"
17:48:11.693 [http-nio-auto-5-exec-2] DEBUG o.s.c.c.CharSequenceEncoder - [42a4574f] Writing "963. foo bar"
17:48:11.693 [http-nio-auto-5-exec-2] DEBUG o.s.c.c.CharSequenceEncoder - [42a4574f] Writing "964. foo bar"
17:48:11.693 [http-nio-auto-5-exec-2] DEBUG o.s.c.c.CharSequenceEncoder - [42a4574f] Writing "965. foo bar"
17:48:11.693 [http-nio-auto-5-exec-2] DEBUG o.s.c.c.CharSequenceEncoder - [42a4574f] Writing "966. foo bar"
17:48:11.693 [http-nio-auto-5-exec-2] DEBUG o.s.c.c.CharSequenceEncoder - [42a4574f] Writing "967. foo bar"
17:48:11.693 [http-nio-auto-5-exec-2] DEBUG o.s.c.c.CharSequenceEncoder - [42a4574f] Writing "968. foo bar"
17:48:11.693 [http-nio-auto-5-exec-2] DEBUG o.s.c.c.CharSequenceEncoder - [42a4574f] Writing "969. foo bar"
17:48:11.693 [http-nio-auto-5-exec-2] DEBUG o.s.c.c.CharSequenceEncoder - [42a4574f] Writing "970. foo bar"
17:48:11.693 [http-nio-auto-5-exec-2] DEBUG o.s.c.c.CharSequenceEncoder - [42a4574f] Writing "971. foo bar"
17:48:11.693 [http-nio-auto-5-exec-2] DEBUG o.s.c.c.CharSequenceEncoder - [42a4574f] Writing "972. foo bar"
17:48:11.693 [http-nio-auto-5-exec-2] DEBUG o.s.c.c.CharSequenceEncoder - [42a4574f] Writing "973. foo bar"
17:48:11.693 [http-nio-auto-5-exec-2] DEBUG o.s.c.c.CharSequenceEncoder - [42a4574f] Writing "974. foo bar"
17:48:11.693 [http-nio-auto-5-exec-2] DEBUG o.s.c.c.CharSequenceEncoder - [42a4574f] Writing "975. foo bar"
17:48:11.693 [http-nio-auto-5-exec-2] DEBUG o.s.c.c.CharSequenceEncoder - [42a4574f] Writing "976. foo bar"
17:48:11.693 [http-nio-auto-5-exec-2] DEBUG o.s.c.c.CharSequenceEncoder - [42a4574f] Writing "977. foo bar"
17:48:11.693 [http-nio-auto-5-exec-2] DEBUG o.s.c.c.CharSequenceEncoder - [42a4574f] Writing "978. foo bar"
17:48:11.693 [http-nio-auto-5-exec-2] DEBUG o.s.c.c.CharSequenceEncoder - [42a4574f] Writing "979. foo bar"
17:48:11.694 [http-nio-auto-5-exec-2] DEBUG o.s.c.c.CharSequenceEncoder - [42a4574f] Writing "980. foo bar"
17:48:11.694 [http-nio-auto-5-exec-2] DEBUG o.s.c.c.CharSequenceEncoder - [42a4574f] Writing "981. foo bar"
17:48:11.694 [http-nio-auto-5-exec-2] DEBUG o.s.c.c.CharSequenceEncoder - [42a4574f] Writing "982. foo bar"
17:48:11.694 [http-nio-auto-5-exec-2] DEBUG o.s.c.c.CharSequenceEncoder - [42a4574f] Writing "983. foo bar"
17:48:11.694 [http-nio-auto-5-exec-2] DEBUG o.s.c.c.CharSequenceEncoder - [42a4574f] Writing "984. foo bar"
17:48:11.694 [http-nio-auto-5-exec-2] DEBUG o.s.c.c.CharSequenceEncoder - [42a4574f] Writing "985. foo bar"
17:48:11.694 [http-nio-auto-5-exec-2] DEBUG o.s.c.c.CharSequenceEncoder - [42a4574f] Writing "986. foo bar"
17:48:11.694 [http-nio-auto-5-exec-2] DEBUG o.s.c.c.CharSequenceEncoder - [42a4574f] Writing "987. foo bar"
17:48:11.694 [http-nio-auto-5-exec-2] DEBUG o.s.c.c.CharSequenceEncoder - [42a4574f] Writing "988. foo bar"
17:48:11.694 [http-nio-auto-5-exec-2] DEBUG o.s.c.c.CharSequenceEncoder - [42a4574f] Writing "989. foo bar"
17:48:11.694 [http-nio-auto-5-exec-2] DEBUG o.s.c.c.CharSequenceEncoder - [42a4574f] Writing "990. foo bar"
17:48:11.694 [http-nio-auto-5-exec-2] DEBUG o.s.c.c.CharSequenceEncoder - [42a4574f] Writing "991. foo bar"
17:48:11.694 [http-nio-auto-5-exec-2] DEBUG o.s.c.c.CharSequenceEncoder - [42a4574f] Writing "992. foo bar"
17:48:11.694 [http-nio-auto-5-exec-2] DEBUG o.s.c.c.CharSequenceEncoder - [42a4574f] Writing "993. foo bar"
17:48:11.694 [http-nio-auto-5-exec-2] DEBUG o.s.c.c.CharSequenceEncoder - [42a4574f] Writing "994. foo bar"
17:48:11.694 [http-nio-auto-5-exec-2] DEBUG o.s.c.c.CharSequenceEncoder - [42a4574f] Writing "995. foo bar"
17:48:11.694 [http-nio-auto-5-exec-2] DEBUG o.s.c.c.CharSequenceEncoder - [42a4574f] Writing "996. foo bar"
17:48:11.694 [http-nio-auto-5-exec-2] DEBUG o.s.c.c.CharSequenceEncoder - [42a4574f] Writing "997. foo bar"
17:48:11.694 [http-nio-auto-5-exec-2] DEBUG o.s.c.c.CharSequenceEncoder - [42a4574f] Writing "998. foo bar"
17:48:11.694 [http-nio-auto-5-exec-2] DEBUG o.s.c.c.CharSequenceEncoder - [42a4574f] Writing "999. foo bar"
17:48:11.694 [http-nio-auto-5-exec-2] ERROR o.s.w.s.a.HttpWebHandlerAdapter - [42a4574f] Error [java.lang.RuntimeException: Random error] for HTTP GET "/SPR-16051", but ServerHttpResponse already committed (200 OK)
17:48:11.700 [http-nio-auto-5-exec-2] DEBUG o.s.h.s.r.ServletHttpHandlerAdapter - [42a4574f] AsyncEvent onError: javax.servlet.ServletException: Failed to create response content
17:48:11.702 [Test worker] DEBUG o.s.w.t.h.s.r.b.TomcatHttpServer - Stopping TomcatHttpServer...
17:48:22.857 [Test worker] DEBUG o.s.w.t.h.s.r.b.TomcatHttpServer - Server stopped (0 millis).
17:48:22.884 [Test worker] DEBUG o.s.w.r.r.m.a.RequestMappingHandlerMapping - 6 mappings in 'requestMappingHandlerMapping'
17:48:22.894 [Test worker] DEBUG o.s.w.r.r.m.a.ControllerMethodResolver - ControllerAdvice beans: none
17:48:22.896 [Test worker] DEBUG o.s.w.s.a.HttpWebHandlerAdapter - enableLoggingRequestDetails='false': form data and headers will be masked to prevent unsafe logging of potentially sensitive data
17:48:22.896 [Test worker] DEBUG o.s.w.t.h.s.r.b.UndertowHttpServer - Starting UndertowHttpServer...
17:48:22.896 [Test worker] INFO  i.undertow - starting server: Undertow - 2.2.7.Final
17:48:22.899 [Test worker] DEBUG o.s.w.t.h.s.r.b.UndertowHttpServer - Server started on port 52034(0 millis).
17:48:22.899 [Test worker] DEBUG o.s.w.c.RestTemplate - HTTP GET http://localhost:52034/SPR-16051
17:48:22.899 [Test worker] DEBUG o.s.w.c.RestTemplate - Accept=[text/plain, application/json, application/x-jackson-smile, application/*+json, */*]
17:48:22.900 [XNIO-5 I/O-7] DEBUG o.s.w.s.a.HttpWebHandlerAdapter - [1c172b3-5] HTTP GET "/SPR-16051"
17:48:22.901 [XNIO-5 I/O-7] DEBUG o.s.w.r.r.m.a.RequestMappingHandlerMapping - [1c172b3-5] Mapped to org.springframework.web.reactive.result.method.annotation.RequestMappingExceptionHandlingIntegrationTests$TestController#errors()
17:48:22.901 [XNIO-5 I/O-7] DEBUG o.s.w.r.r.m.a.ResponseBodyResultHandler - [1c172b3-5] Using 'text/plain;charset=UTF-8' given [text/plain, application/json, application/x-jackson-smile, application/*+json, */*] and supported [text/plain;charset=UTF-8, text/event-stream, text/plain;charset=UTF-8, */*]
17:48:22.901 [XNIO-5 I/O-7] DEBUG o.s.w.r.r.m.a.ResponseBodyResultHandler - [1c172b3-5] 0..N [java.lang.String]
17:48:22.901 [XNIO-5 I/O-7] DEBUG o.s.c.c.CharSequenceEncoder - [1c172b3-5] Writing "1. foo bar"
17:48:22.905 [XNIO-5 I/O-7] DEBUG o.s.c.c.CharSequenceEncoder - [1c172b3-5] Writing "2. foo bar"
17:48:22.905 [XNIO-5 I/O-7] DEBUG o.s.c.c.CharSequenceEncoder - [1c172b3-5] Writing "3. foo bar"
17:48:22.905 [XNIO-5 I/O-7] DEBUG o.s.c.c.CharSequenceEncoder - [1c172b3-5] Writing "4. foo bar"
17:48:22.905 [XNIO-5 I/O-7] DEBUG o.s.c.c.CharSequenceEncoder - [1c172b3-5] Writing "5. foo bar"
17:48:22.905 [XNIO-5 I/O-7] DEBUG o.s.c.c.CharSequenceEncoder - [1c172b3-5] Writing "6. foo bar"
17:48:22.905 [XNIO-5 I/O-7] DEBUG o.s.c.c.CharSequenceEncoder - [1c172b3-5] Writing "7. foo bar"
17:48:22.905 [XNIO-5 I/O-7] DEBUG o.s.c.c.CharSequenceEncoder - [1c172b3-5] Writing "8. foo bar"
17:48:22.906 [XNIO-5 I/O-7] DEBUG o.s.c.c.CharSequenceEncoder - [1c172b3-5] Writing "9. foo bar"
17:48:22.906 [XNIO-5 I/O-7] DEBUG o.s.c.c.CharSequenceEncoder - [1c172b3-5] Writing "10. foo bar"
17:48:22.906 [Test worker] DEBUG o.s.w.c.RestTemplate - Response 200 OK
17:48:22.906 [XNIO-5 I/O-7] DEBUG o.s.c.c.CharSequenceEncoder - [1c172b3-5] Writing "11. foo bar"
17:48:22.906 [XNIO-5 I/O-7] DEBUG o.s.c.c.CharSequenceEncoder - [1c172b3-5] Writing "12. foo bar"
17:48:22.906 [Test worker] DEBUG o.s.w.c.RestTemplate - Reading to [java.lang.String] as "text/plain;charset=UTF-8"
17:48:22.906 [XNIO-5 I/O-7] DEBUG o.s.c.c.CharSequenceEncoder - [1c172b3-5] Writing "13. foo bar"
17:48:22.906 [XNIO-5 I/O-7] DEBUG o.s.c.c.CharSequenceEncoder - [1c172b3-5] Writing "14. foo bar"
17:48:22.906 [XNIO-5 I/O-7] DEBUG o.s.c.c.CharSequenceEncoder - [1c172b3-5] Writing "15. foo bar"
17:48:22.906 [XNIO-5 I/O-7] DEBUG o.s.c.c.CharSequenceEncoder - [1c172b3-5] Writing "16. foo bar"
17:48:22.906 [XNIO-5 I/O-7] DEBUG o.s.c.c.CharSequenceEncoder - [1c172b3-5] Writing "17. foo bar"
17:48:22.906 [XNIO-5 I/O-7] DEBUG o.s.c.c.CharSequenceEncoder - [1c172b3-5] Writing "18. foo bar"
17:48:22.906 [XNIO-5 I/O-7] DEBUG o.s.c.c.CharSequenceEncoder - [1c172b3-5] Writing "19. foo bar"
17:48:22.906 [XNIO-5 I/O-7] DEBUG o.s.c.c.CharSequenceEncoder - [1c172b3-5] Writing "20. foo bar"
17:48:22.906 [XNIO-5 I/O-7] DEBUG o.s.c.c.CharSequenceEncoder - [1c172b3-5] Writing "21. foo bar"
17:48:22.906 [XNIO-5 I/O-7] DEBUG o.s.c.c.CharSequenceEncoder - [1c172b3-5] Writing "22. foo bar"
17:48:22.906 [XNIO-5 I/O-7] DEBUG o.s.c.c.CharSequenceEncoder - [1c172b3-5] Writing "23. foo bar"
17:48:22.906 [XNIO-5 I/O-7] DEBUG o.s.c.c.CharSequenceEncoder - [1c172b3-5] Writing "24. foo bar"
17:48:22.906 [XNIO-5 I/O-7] DEBUG o.s.c.c.CharSequenceEncoder - [1c172b3-5] Writing "25. foo bar"
17:48:22.906 [XNIO-5 I/O-7] DEBUG o.s.c.c.CharSequenceEncoder - [1c172b3-5] Writing "26. foo bar"
17:48:22.906 [XNIO-5 I/O-7] DEBUG o.s.c.c.CharSequenceEncoder - [1c172b3-5] Writing "27. foo bar"
17:48:22.906 [XNIO-5 I/O-7] DEBUG o.s.c.c.CharSequenceEncoder - [1c172b3-5] Writing "28. foo bar"
17:48:22.906 [XNIO-5 I/O-7] DEBUG o.s.c.c.CharSequenceEncoder - [1c172b3-5] Writing "29. foo bar"
17:48:22.906 [XNIO-5 I/O-7] DEBUG o.s.c.c.CharSequenceEncoder - [1c172b3-5] Writing "30. foo bar"
17:48:22.906 [XNIO-5 I/O-7] DEBUG o.s.c.c.CharSequenceEncoder - [1c172b3-5] Writing "31. foo bar"
17:48:22.906 [XNIO-5 I/O-7] DEBUG o.s.c.c.CharSequenceEncoder - [1c172b3-5] Writing "32. foo bar"
17:48:22.906 [XNIO-5 I/O-7] DEBUG o.s.c.c.CharSequenceEncoder - [1c172b3-5] Writing "33. foo bar"
17:48:22.906 [XNIO-5 I/O-7] DEBUG o.s.c.c.CharSequenceEncoder - [1c172b3-5] Writing "34. foo bar"
17:48:22.906 [XNIO-5 I/O-7] DEBUG o.s.c.c.CharSequenceEncoder - [1c172b3-5] Writing "35. foo bar"
17:48:22.906 [XNIO-5 I/O-7] DEBUG o.s.c.c.CharSequenceEncoder - [1c172b3-5] Writing "36. foo bar"
17:48:22.906 [XNIO-5 I/O-7] DEBUG o.s.c.c.CharSequenceEncoder - [1c172b3-5] Writing "37. foo bar"
17:48:22.907 [XNIO-5 I/O-7] DEBUG o.s.c.c.CharSequenceEncoder - [1c172b3-5] Writing "38. foo bar"
17:48:22.907 [XNIO-5 I/O-7] DEBUG o.s.c.c.CharSequenceEncoder - [1c172b3-5] Writing "39. foo bar"
17:48:22.907 [XNIO-5 I/O-7] DEBUG o.s.c.c.CharSequenceEncoder - [1c172b3-5] Writing "40. foo bar"
17:48:22.907 [XNIO-5 I/O-7] DEBUG o.s.c.c.CharSequenceEncoder - [1c172b3-5] Writing "41. foo bar"
17:48:22.907 [XNIO-5 I/O-7] DEBUG o.s.c.c.CharSequenceEncoder - [1c172b3-5] Writing "42. foo bar"
17:48:22.907 [XNIO-5 I/O-7] DEBUG o.s.c.c.CharSequenceEncoder - [1c172b3-5] Writing "43. foo bar"
17:48:22.907 [XNIO-5 I/O-7] DEBUG o.s.c.c.CharSequenceEncoder - [1c172b3-5] Writing "44. foo bar"
17:48:22.907 [XNIO-5 I/O-7] DEBUG o.s.c.c.CharSequenceEncoder - [1c172b3-5] Writing "45. foo bar"
17:48:22.907 [XNIO-5 I/O-7] DEBUG o.s.c.c.CharSequenceEncoder - [1c172b3-5] Writing "46. foo bar"
17:48:22.907 [XNIO-5 I/O-7] DEBUG o.s.c.c.CharSequenceEncoder - [1c172b3-5] Writing "47. foo bar"
17:48:22.907 [XNIO-5 I/O-7] DEBUG o.s.c.c.CharSequenceEncoder - [1c172b3-5] Writing "48. foo bar"
17:48:22.907 [XNIO-5 I/O-7] DEBUG o.s.c.c.CharSequenceEncoder - [1c172b3-5] Writing "49. foo bar"
17:48:22.907 [XNIO-5 I/O-7] DEBUG o.s.c.c.CharSequenceEncoder - [1c172b3-5] Writing "50. foo bar"
17:48:22.907 [XNIO-5 I/O-7] DEBUG o.s.c.c.CharSequenceEncoder - [1c172b3-5] Writing "51. foo bar"
17:48:22.907 [XNIO-5 I/O-7] DEBUG o.s.c.c.CharSequenceEncoder - [1c172b3-5] Writing "52. foo bar"
17:48:22.907 [XNIO-5 I/O-7] DEBUG o.s.c.c.CharSequenceEncoder - [1c172b3-5] Writing "53. foo bar"
17:48:22.907 [XNIO-5 I/O-7] DEBUG o.s.c.c.CharSequenceEncoder - [1c172b3-5] Writing "54. foo bar"
17:48:22.907 [XNIO-5 I/O-7] DEBUG o.s.c.c.CharSequenceEncoder - [1c172b3-5] Writing "55. foo bar"
17:48:22.907 [XNIO-5 I/O-7] DEBUG o.s.c.c.CharSequenceEncoder - [1c172b3-5] Writing "56. foo bar"
17:48:22.907 [XNIO-5 I/O-7] DEBUG o.s.c.c.CharSequenceEncoder - [1c172b3-5] Writing "57. foo bar"
17:48:22.907 [XNIO-5 I/O-7] DEBUG o.s.c.c.CharSequenceEncoder - [1c172b3-5] Writing "58. foo bar"
17:48:22.907 [XNIO-5 I/O-7] DEBUG o.s.c.c.CharSequenceEncoder - [1c172b3-5] Writing "59. foo bar"
17:48:22.907 [XNIO-5 I/O-7] DEBUG o.s.c.c.CharSequenceEncoder - [1c172b3-5] Writing "60. foo bar"
17:48:22.907 [XNIO-5 I/O-7] DEBUG o.s.c.c.CharSequenceEncoder - [1c172b3-5] Writing "61. foo bar"
17:48:22.907 [XNIO-5 I/O-7] DEBUG o.s.c.c.CharSequenceEncoder - [1c172b3-5] Writing "62. foo bar"
17:48:22.907 [XNIO-5 I/O-7] DEBUG o.s.c.c.CharSequenceEncoder - [1c172b3-5] Writing "63. foo bar"
17:48:22.907 [XNIO-5 I/O-7] DEBUG o.s.c.c.CharSequenceEncoder - [1c172b3-5] Writing "64. foo bar"
17:48:22.907 [XNIO-5 I/O-7] DEBUG o.s.c.c.CharSequenceEncoder - [1c172b3-5] Writing "65. foo bar"
17:48:22.907 [XNIO-5 I/O-7] DEBUG o.s.c.c.CharSequenceEncoder - [1c172b3-5] Writing "66. foo bar"
17:48:22.907 [XNIO-5 I/O-7] DEBUG o.s.c.c.CharSequenceEncoder - [1c172b3-5] Writing "67. foo bar"
17:48:22.907 [XNIO-5 I/O-7] DEBUG o.s.c.c.CharSequenceEncoder - [1c172b3-5] Writing "68. foo bar"
17:48:22.908 [XNIO-5 I/O-7] DEBUG o.s.c.c.CharSequenceEncoder - [1c172b3-5] Writing "69. foo bar"
17:48:22.908 [XNIO-5 I/O-7] DEBUG o.s.c.c.CharSequenceEncoder - [1c172b3-5] Writing "70. foo bar"
17:48:22.908 [XNIO-5 I/O-7] DEBUG o.s.c.c.CharSequenceEncoder - [1c172b3-5] Writing "71. foo bar"
17:48:22.908 [XNIO-5 I/O-7] DEBUG o.s.c.c.CharSequenceEncoder - [1c172b3-5] Writing "72. foo bar"
17:48:22.908 [XNIO-5 I/O-7] DEBUG o.s.c.c.CharSequenceEncoder - [1c172b3-5] Writing "73. foo bar"
17:48:22.908 [XNIO-5 I/O-7] DEBUG o.s.c.c.CharSequenceEncoder - [1c172b3-5] Writing "74. foo bar"
17:48:22.908 [XNIO-5 I/O-7] DEBUG o.s.c.c.CharSequenceEncoder - [1c172b3-5] Writing "75. foo bar"
17:48:22.908 [XNIO-5 I/O-7] DEBUG o.s.c.c.CharSequenceEncoder - [1c172b3-5] Writing "76. foo bar"
17:48:22.908 [XNIO-5 I/O-7] DEBUG o.s.c.c.CharSequenceEncoder - [1c172b3-5] Writing "77. foo bar"
17:48:22.908 [XNIO-5 I/O-7] DEBUG o.s.c.c.CharSequenceEncoder - [1c172b3-5] Writing "78. foo bar"
17:48:22.908 [XNIO-5 I/O-7] DEBUG o.s.c.c.CharSequenceEncoder - [1c172b3-5] Writing "79. foo bar"
17:48:22.908 [XNIO-5 I/O-7] DEBUG o.s.c.c.CharSequenceEncoder - [1c172b3-5] Writing "80. foo bar"
17:48:22.908 [XNIO-5 I/O-7] DEBUG o.s.c.c.CharSequenceEncoder - [1c172b3-5] Writing "81. foo bar"
17:48:22.908 [XNIO-5 I/O-7] DEBUG o.s.c.c.CharSequenceEncoder - [1c172b3-5] Writing "82. foo bar"
17:48:22.908 [XNIO-5 I/O-7] DEBUG o.s.c.c.CharSequenceEncoder - [1c172b3-5] Writing "83. foo bar"
17:48:22.908 [XNIO-5 I/O-7] DEBUG o.s.c.c.CharSequenceEncoder - [1c172b3-5] Writing "84. foo bar"
17:48:22.908 [XNIO-5 I/O-7] DEBUG o.s.c.c.CharSequenceEncoder - [1c172b3-5] Writing "85. foo bar"
17:48:22.908 [XNIO-5 I/O-7] DEBUG o.s.c.c.CharSequenceEncoder - [1c172b3-5] Writing "86. foo bar"
17:48:22.908 [XNIO-5 I/O-7] DEBUG o.s.c.c.CharSequenceEncoder - [1c172b3-5] Writing "87. foo bar"
17:48:22.908 [XNIO-5 I/O-7] DEBUG o.s.c.c.CharSequenceEncoder - [1c172b3-5] Writing "88. foo bar"
17:48:22.908 [XNIO-5 I/O-7] DEBUG o.s.c.c.CharSequenceEncoder - [1c172b3-5] Writing "89. foo bar"
17:48:22.908 [XNIO-5 I/O-7] DEBUG o.s.c.c.CharSequenceEncoder - [1c172b3-5] Writing "90. foo bar"
17:48:22.908 [XNIO-5 I/O-7] DEBUG o.s.c.c.CharSequenceEncoder - [1c172b3-5] Writing "91. foo bar"
17:48:22.908 [XNIO-5 I/O-7] DEBUG o.s.c.c.CharSequenceEncoder - [1c172b3-5] Writing "92. foo bar"
17:48:22.908 [XNIO-5 I/O-7] DEBUG o.s.c.c.CharSequenceEncoder - [1c172b3-5] Writing "93. foo bar"
17:48:22.908 [XNIO-5 I/O-7] DEBUG o.s.c.c.CharSequenceEncoder - [1c172b3-5] Writing "94. foo bar"
17:48:22.908 [XNIO-5 I/O-7] DEBUG o.s.c.c.CharSequenceEncoder - [1c172b3-5] Writing "95. foo bar"
17:48:22.908 [XNIO-5 I/O-7] DEBUG o.s.c.c.CharSequenceEncoder - [1c172b3-5] Writing "96. foo bar"
17:48:22.908 [XNIO-5 I/O-7] DEBUG o.s.c.c.CharSequenceEncoder - [1c172b3-5] Writing "97. foo bar"
17:48:22.908 [XNIO-5 I/O-7] DEBUG o.s.c.c.CharSequenceEncoder - [1c172b3-5] Writing "98. foo bar"
17:48:22.908 [XNIO-5 I/O-7] DEBUG o.s.c.c.CharSequenceEncoder - [1c172b3-5] Writing "99. foo bar"
17:48:22.909 [XNIO-5 I/O-7] DEBUG o.s.c.c.CharSequenceEncoder - [1c172b3-5] Writing "100. foo bar"
17:48:22.909 [XNIO-5 I/O-7] DEBUG o.s.c.c.CharSequenceEncoder - [1c172b3-5] Writing "101. foo bar"
17:48:22.909 [XNIO-5 I/O-7] DEBUG o.s.c.c.CharSequenceEncoder - [1c172b3-5] Writing "102. foo bar"
17:48:22.909 [XNIO-5 I/O-7] DEBUG o.s.c.c.CharSequenceEncoder - [1c172b3-5] Writing "103. foo bar"
17:48:22.909 [XNIO-5 I/O-7] DEBUG o.s.c.c.CharSequenceEncoder - [1c172b3-5] Writing "104. foo bar"
17:48:22.909 [XNIO-5 I/O-7] DEBUG o.s.c.c.CharSequenceEncoder - [1c172b3-5] Writing "105. foo bar"
17:48:22.909 [XNIO-5 I/O-7] DEBUG o.s.c.c.CharSequenceEncoder - [1c172b3-5] Writing "106. foo bar"
17:48:22.909 [XNIO-5 I/O-7] DEBUG o.s.c.c.CharSequenceEncoder - [1c172b3-5] Writing "107. foo bar"
17:48:22.909 [XNIO-5 I/O-7] DEBUG o.s.c.c.CharSequenceEncoder - [1c172b3-5] Writing "108. foo bar"
17:48:22.909 [XNIO-5 I/O-7] DEBUG o.s.c.c.CharSequenceEncoder - [1c172b3-5] Writing "109. foo bar"
17:48:22.909 [XNIO-5 I/O-7] DEBUG o.s.c.c.CharSequenceEncoder - [1c172b3-5] Writing "110. foo bar"
17:48:22.909 [XNIO-5 I/O-7] DEBUG o.s.c.c.CharSequenceEncoder - [1c172b3-5] Writing "111. foo bar"
17:48:22.909 [XNIO-5 I/O-7] DEBUG o.s.c.c.CharSequenceEncoder - [1c172b3-5] Writing "112. foo bar"
17:48:22.909 [XNIO-5 I/O-7] DEBUG o.s.c.c.CharSequenceEncoder - [1c172b3-5] Writing "113. foo bar"
17:48:22.909 [XNIO-5 I/O-7] DEBUG o.s.c.c.CharSequenceEncoder - [1c172b3-5] Writing "114. foo bar"
17:48:22.909 [XNIO-5 I/O-7] DEBUG o.s.c.c.CharSequenceEncoder - [1c172b3-5] Writing "115. foo bar"
17:48:22.909 [XNIO-5 I/O-7] DEBUG o.s.c.c.CharSequenceEncoder - [1c172b3-5] Writing "116. foo bar"
17:48:22.909 [XNIO-5 I/O-7] DEBUG o.s.c.c.CharSequenceEncoder - [1c172b3-5] Writing "117. foo bar"
17:48:22.909 [XNIO-5 I/O-7] DEBUG o.s.c.c.CharSequenceEncoder - [1c172b3-5] Writing "118. foo bar"
17:48:22.909 [XNIO-5 I/O-7] DEBUG o.s.c.c.CharSequenceEncoder - [1c172b3-5] Writing "119. foo bar"
17:48:22.909 [XNIO-5 I/O-7] DEBUG o.s.c.c.CharSequenceEncoder - [1c172b3-5] Writing "120. foo bar"
17:48:22.909 [XNIO-5 I/O-7] DEBUG o.s.c.c.CharSequenceEncoder - [1c172b3-5] Writing "121. foo bar"
17:48:22.909 [XNIO-5 I/O-7] DEBUG o.s.c.c.CharSequenceEncoder - [1c172b3-5] Writing "122. foo bar"
17:48:22.909 [XNIO-5 I/O-7] DEBUG o.s.c.c.CharSequenceEncoder - [1c172b3-5] Writing "123. foo bar"
17:48:22.909 [XNIO-5 I/O-7] DEBUG o.s.c.c.CharSequenceEncoder - [1c172b3-5] Writing "124. foo bar"
17:48:22.909 [XNIO-5 I/O-7] DEBUG o.s.c.c.CharSequenceEncoder - [1c172b3-5] Writing "125. foo bar"
17:48:22.909 [XNIO-5 I/O-7] DEBUG o.s.c.c.CharSequenceEncoder - [1c172b3-5] Writing "126. foo bar"
17:48:22.909 [XNIO-5 I/O-7] DEBUG o.s.c.c.CharSequenceEncoder - [1c172b3-5] Writing "127. foo bar"
17:48:22.909 [XNIO-5 I/O-7] DEBUG o.s.c.c.CharSequenceEncoder - [1c172b3-5] Writing "128. foo bar"
17:48:22.910 [XNIO-5 I/O-7] DEBUG o.s.c.c.CharSequenceEncoder - [1c172b3-5] Writing "129. foo bar"
17:48:22.910 [XNIO-5 I/O-7] DEBUG o.s.c.c.CharSequenceEncoder - [1c172b3-5] Writing "130. foo bar"
17:48:22.910 [XNIO-5 I/O-7] DEBUG o.s.c.c.CharSequenceEncoder - [1c172b3-5] Writing "131. foo bar"
17:48:22.910 [XNIO-5 I/O-7] DEBUG o.s.c.c.CharSequenceEncoder - [1c172b3-5] Writing "132. foo bar"
17:48:22.910 [XNIO-5 I/O-7] DEBUG o.s.c.c.CharSequenceEncoder - [1c172b3-5] Writing "133. foo bar"
17:48:22.910 [XNIO-5 I/O-7] DEBUG o.s.c.c.CharSequenceEncoder - [1c172b3-5] Writing "134. foo bar"
17:48:22.910 [XNIO-5 I/O-7] DEBUG o.s.c.c.CharSequenceEncoder - [1c172b3-5] Writing "135. foo bar"
17:48:22.910 [XNIO-5 I/O-7] DEBUG o.s.c.c.CharSequenceEncoder - [1c172b3-5] Writing "136. foo bar"
17:48:22.910 [XNIO-5 I/O-7] DEBUG o.s.c.c.CharSequenceEncoder - [1c172b3-5] Writing "137. foo bar"
17:48:22.910 [XNIO-5 I/O-7] DEBUG o.s.c.c.CharSequenceEncoder - [1c172b3-5] Writing "138. foo bar"
17:48:22.910 [XNIO-5 I/O-7] DEBUG o.s.c.c.CharSequenceEncoder - [1c172b3-5] Writing "139. foo bar"
17:48:22.910 [XNIO-5 I/O-7] DEBUG o.s.c.c.CharSequenceEncoder - [1c172b3-5] Writing "140. foo bar"
17:48:22.910 [XNIO-5 I/O-7] DEBUG o.s.c.c.CharSequenceEncoder - [1c172b3-5] Writing "141. foo bar"
17:48:22.910 [XNIO-5 I/O-7] DEBUG o.s.c.c.CharSequenceEncoder - [1c172b3-5] Writing "142. foo bar"
17:48:22.910 [XNIO-5 I/O-7] DEBUG o.s.c.c.CharSequenceEncoder - [1c172b3-5] Writing "143. foo bar"
17:48:22.910 [XNIO-5 I/O-7] DEBUG o.s.c.c.CharSequenceEncoder - [1c172b3-5] Writing "144. foo bar"
17:48:22.910 [XNIO-5 I/O-7] DEBUG o.s.c.c.CharSequenceEncoder - [1c172b3-5] Writing "145. foo bar"
17:48:22.910 [XNIO-5 I/O-7] DEBUG o.s.c.c.CharSequenceEncoder - [1c172b3-5] Writing "146. foo bar"
17:48:22.910 [XNIO-5 I/O-7] DEBUG o.s.c.c.CharSequenceEncoder - [1c172b3-5] Writing "147. foo bar"
17:48:22.910 [XNIO-5 I/O-7] DEBUG o.s.c.c.CharSequenceEncoder - [1c172b3-5] Writing "148. foo bar"
17:48:22.910 [XNIO-5 I/O-7] DEBUG o.s.c.c.CharSequenceEncoder - [1c172b3-5] Writing "149. foo bar"
17:48:22.910 [XNIO-5 I/O-7] DEBUG o.s.c.c.CharSequenceEncoder - [1c172b3-5] Writing "150. foo bar"
17:48:22.910 [XNIO-5 I/O-7] DEBUG o.s.c.c.CharSequenceEncoder - [1c172b3-5] Writing "151. foo bar"
17:48:22.910 [XNIO-5 I/O-7] DEBUG o.s.c.c.CharSequenceEncoder - [1c172b3-5] Writing "152. foo bar"
17:48:22.910 [XNIO-5 I/O-7] DEBUG o.s.c.c.CharSequenceEncoder - [1c172b3-5] Writing "153. foo bar"
17:48:22.910 [XNIO-5 I/O-7] DEBUG o.s.c.c.CharSequenceEncoder - [1c172b3-5] Writing "154. foo bar"
17:48:22.910 [XNIO-5 I/O-7] DEBUG o.s.c.c.CharSequenceEncoder - [1c172b3-5] Writing "155. foo bar"
17:48:22.911 [XNIO-5 I/O-7] DEBUG o.s.c.c.CharSequenceEncoder - [1c172b3-5] Writing "156. foo bar"
17:48:22.911 [XNIO-5 I/O-7] DEBUG o.s.c.c.CharSequenceEncoder - [1c172b3-5] Writing "157. foo bar"
17:48:22.911 [XNIO-5 I/O-7] DEBUG o.s.c.c.CharSequenceEncoder - [1c172b3-5] Writing "158. foo bar"
17:48:22.911 [XNIO-5 I/O-7] DEBUG o.s.c.c.CharSequenceEncoder - [1c172b3-5] Writing "159. foo bar"
17:48:22.911 [XNIO-5 I/O-7] DEBUG o.s.c.c.CharSequenceEncoder - [1c172b3-5] Writing "160. foo bar"
17:48:22.911 [XNIO-5 I/O-7] DEBUG o.s.c.c.CharSequenceEncoder - [1c172b3-5] Writing "161. foo bar"
17:48:22.911 [XNIO-5 I/O-7] DEBUG o.s.c.c.CharSequenceEncoder - [1c172b3-5] Writing "162. foo bar"
17:48:22.911 [XNIO-5 I/O-7] DEBUG o.s.c.c.CharSequenceEncoder - [1c172b3-5] Writing "163. foo bar"
17:48:22.911 [XNIO-5 I/O-7] DEBUG o.s.c.c.CharSequenceEncoder - [1c172b3-5] Writing "164. foo bar"
17:48:22.911 [XNIO-5 I/O-7] DEBUG o.s.c.c.CharSequenceEncoder - [1c172b3-5] Writing "165. foo bar"
17:48:22.911 [XNIO-5 I/O-7] DEBUG o.s.c.c.CharSequenceEncoder - [1c172b3-5] Writing "166. foo bar"
17:48:22.911 [XNIO-5 I/O-7] DEBUG o.s.c.c.CharSequenceEncoder - [1c172b3-5] Writing "167. foo bar"
17:48:22.911 [XNIO-5 I/O-7] DEBUG o.s.c.c.CharSequenceEncoder - [1c172b3-5] Writing "168. foo bar"
17:48:22.911 [XNIO-5 I/O-7] DEBUG o.s.c.c.CharSequenceEncoder - [1c172b3-5] Writing "169. foo bar"
17:48:22.911 [XNIO-5 I/O-7] DEBUG o.s.c.c.CharSequenceEncoder - [1c172b3-5] Writing "170. foo bar"
17:48:22.911 [XNIO-5 I/O-7] DEBUG o.s.c.c.CharSequenceEncoder - [1c172b3-5] Writing "171. foo bar"
17:48:22.911 [XNIO-5 I/O-7] DEBUG o.s.c.c.CharSequenceEncoder - [1c172b3-5] Writing "172. foo bar"
17:48:22.911 [XNIO-5 I/O-7] DEBUG o.s.c.c.CharSequenceEncoder - [1c172b3-5] Writing "173. foo bar"
17:48:22.911 [XNIO-5 I/O-7] DEBUG o.s.c.c.CharSequenceEncoder - [1c172b3-5] Writing "174. foo bar"
17:48:22.911 [XNIO-5 I/O-7] DEBUG o.s.c.c.CharSequenceEncoder - [1c172b3-5] Writing "175. foo bar"
17:48:22.911 [XNIO-5 I/O-7] DEBUG o.s.c.c.CharSequenceEncoder - [1c172b3-5] Writing "176. foo bar"
17:48:22.911 [XNIO-5 I/O-7] DEBUG o.s.c.c.CharSequenceEncoder - [1c172b3-5] Writing "177. foo bar"
17:48:22.911 [XNIO-5 I/O-7] DEBUG o.s.c.c.CharSequenceEncoder - [1c172b3-5] Writing "178. foo bar"
17:48:22.911 [XNIO-5 I/O-7] DEBUG o.s.c.c.CharSequenceEncoder - [1c172b3-5] Writing "179. foo bar"
17:48:22.911 [XNIO-5 I/O-7] DEBUG o.s.c.c.CharSequenceEncoder - [1c172b3-5] Writing "180. foo bar"
17:48:22.911 [XNIO-5 I/O-7] DEBUG o.s.c.c.CharSequenceEncoder - [1c172b3-5] Writing "181. foo bar"
17:48:22.911 [XNIO-5 I/O-7] DEBUG o.s.c.c.CharSequenceEncoder - [1c172b3-5] Writing "182. foo bar"
17:48:22.911 [XNIO-5 I/O-7] DEBUG o.s.c.c.CharSequenceEncoder - [1c172b3-5] Writing "183. foo bar"
17:48:22.911 [XNIO-5 I/O-7] DEBUG o.s.c.c.CharSequenceEncoder - [1c172b3-5] Writing "184. foo bar"
17:48:22.911 [XNIO-5 I/O-7] DEBUG o.s.c.c.CharSequenceEncoder - [1c172b3-5] Writing "185. foo bar"
17:48:22.912 [XNIO-5 I/O-7] DEBUG o.s.c.c.CharSequenceEncoder - [1c172b3-5] Writing "186. foo bar"
17:48:22.912 [XNIO-5 I/O-7] DEBUG o.s.c.c.CharSequenceEncoder - [1c172b3-5] Writing "187. foo bar"
17:48:22.912 [XNIO-5 I/O-7] DEBUG o.s.c.c.CharSequenceEncoder - [1c172b3-5] Writing "188. foo bar"
17:48:22.912 [XNIO-5 I/O-7] DEBUG o.s.c.c.CharSequenceEncoder - [1c172b3-5] Writing "189. foo bar"
17:48:22.912 [XNIO-5 I/O-7] DEBUG o.s.c.c.CharSequenceEncoder - [1c172b3-5] Writing "190. foo bar"
17:48:22.912 [XNIO-5 I/O-7] DEBUG o.s.c.c.CharSequenceEncoder - [1c172b3-5] Writing "191. foo bar"
17:48:22.912 [XNIO-5 I/O-7] DEBUG o.s.c.c.CharSequenceEncoder - [1c172b3-5] Writing "192. foo bar"
17:48:22.912 [XNIO-5 I/O-7] DEBUG o.s.c.c.CharSequenceEncoder - [1c172b3-5] Writing "193. foo bar"
17:48:22.912 [XNIO-5 I/O-7] DEBUG o.s.c.c.CharSequenceEncoder - [1c172b3-5] Writing "194. foo bar"
17:48:22.912 [XNIO-5 I/O-7] DEBUG o.s.c.c.CharSequenceEncoder - [1c172b3-5] Writing "195. foo bar"
17:48:22.912 [XNIO-5 I/O-7] DEBUG o.s.c.c.CharSequenceEncoder - [1c172b3-5] Writing "196. foo bar"
17:48:22.912 [XNIO-5 I/O-7] DEBUG o.s.c.c.CharSequenceEncoder - [1c172b3-5] Writing "197. foo bar"
17:48:22.912 [XNIO-5 I/O-7] DEBUG o.s.c.c.CharSequenceEncoder - [1c172b3-5] Writing "198. foo bar"
17:48:22.912 [XNIO-5 I/O-7] DEBUG o.s.c.c.CharSequenceEncoder - [1c172b3-5] Writing "199. foo bar"
17:48:22.912 [XNIO-5 I/O-7] DEBUG o.s.c.c.CharSequenceEncoder - [1c172b3-5] Writing "200. foo bar"
17:48:22.912 [XNIO-5 I/O-7] DEBUG o.s.c.c.CharSequenceEncoder - [1c172b3-5] Writing "201. foo bar"
17:48:22.912 [XNIO-5 I/O-7] DEBUG o.s.c.c.CharSequenceEncoder - [1c172b3-5] Writing "202. foo bar"
17:48:22.912 [XNIO-5 I/O-7] DEBUG o.s.c.c.CharSequenceEncoder - [1c172b3-5] Writing "203. foo bar"
17:48:22.912 [XNIO-5 I/O-7] DEBUG o.s.c.c.CharSequenceEncoder - [1c172b3-5] Writing "204. foo bar"
17:48:22.912 [XNIO-5 I/O-7] DEBUG o.s.c.c.CharSequenceEncoder - [1c172b3-5] Writing "205. foo bar"
17:48:22.912 [XNIO-5 I/O-7] DEBUG o.s.c.c.CharSequenceEncoder - [1c172b3-5] Writing "206. foo bar"
17:48:22.912 [XNIO-5 I/O-7] DEBUG o.s.c.c.CharSequenceEncoder - [1c172b3-5] Writing "207. foo bar"
17:48:22.912 [XNIO-5 I/O-7] DEBUG o.s.c.c.CharSequenceEncoder - [1c172b3-5] Writing "208. foo bar"
17:48:22.912 [XNIO-5 I/O-7] DEBUG o.s.c.c.CharSequenceEncoder - [1c172b3-5] Writing "209. foo bar"
17:48:22.912 [XNIO-5 I/O-7] DEBUG o.s.c.c.CharSequenceEncoder - [1c172b3-5] Writing "210. foo bar"
17:48:22.912 [XNIO-5 I/O-7] DEBUG o.s.c.c.CharSequenceEncoder - [1c172b3-5] Writing "211. foo bar"
17:48:22.912 [XNIO-5 I/O-7] DEBUG o.s.c.c.CharSequenceEncoder - [1c172b3-5] Writing "212. foo bar"
17:48:22.912 [XNIO-5 I/O-7] DEBUG o.s.c.c.CharSequenceEncoder - [1c172b3-5] Writing "213. foo bar"
17:48:22.912 [XNIO-5 I/O-7] DEBUG o.s.c.c.CharSequenceEncoder - [1c172b3-5] Writing "214. foo bar"
17:48:22.912 [XNIO-5 I/O-7] DEBUG o.s.c.c.CharSequenceEncoder - [1c172b3-5] Writing "215. foo bar"
17:48:22.912 [XNIO-5 I/O-7] DEBUG o.s.c.c.CharSequenceEncoder - [1c172b3-5] Writing "216. foo bar"
17:48:22.912 [XNIO-5 I/O-7] DEBUG o.s.c.c.CharSequenceEncoder - [1c172b3-5] Writing "217. foo bar"
17:48:22.912 [XNIO-5 I/O-7] DEBUG o.s.c.c.CharSequenceEncoder - [1c172b3-5] Writing "218. foo bar"
17:48:22.912 [XNIO-5 I/O-7] DEBUG o.s.c.c.CharSequenceEncoder - [1c172b3-5] Writing "219. foo bar"
17:48:22.912 [XNIO-5 I/O-7] DEBUG o.s.c.c.CharSequenceEncoder - [1c172b3-5] Writing "220. foo bar"
17:48:22.913 [XNIO-5 I/O-7] DEBUG o.s.c.c.CharSequenceEncoder - [1c172b3-5] Writing "221. foo bar"
17:48:22.913 [XNIO-5 I/O-7] DEBUG o.s.c.c.CharSequenceEncoder - [1c172b3-5] Writing "222. foo bar"
17:48:22.913 [XNIO-5 I/O-7] DEBUG o.s.c.c.CharSequenceEncoder - [1c172b3-5] Writing "223. foo bar"
17:48:22.913 [XNIO-5 I/O-7] DEBUG o.s.c.c.CharSequenceEncoder - [1c172b3-5] Writing "224. foo bar"
17:48:22.913 [XNIO-5 I/O-7] DEBUG o.s.c.c.CharSequenceEncoder - [1c172b3-5] Writing "225. foo bar"
17:48:22.913 [XNIO-5 I/O-7] DEBUG o.s.c.c.CharSequenceEncoder - [1c172b3-5] Writing "226. foo bar"
17:48:22.913 [XNIO-5 I/O-7] DEBUG o.s.c.c.CharSequenceEncoder - [1c172b3-5] Writing "227. foo bar"
17:48:22.913 [XNIO-5 I/O-7] DEBUG o.s.c.c.CharSequenceEncoder - [1c172b3-5] Writing "228. foo bar"
17:48:22.913 [XNIO-5 I/O-7] DEBUG o.s.c.c.CharSequenceEncoder - [1c172b3-5] Writing "229. foo bar"
17:48:22.913 [XNIO-5 I/O-7] DEBUG o.s.c.c.CharSequenceEncoder - [1c172b3-5] Writing "230. foo bar"
17:48:22.913 [XNIO-5 I/O-7] DEBUG o.s.c.c.CharSequenceEncoder - [1c172b3-5] Writing "231. foo bar"
17:48:22.913 [XNIO-5 I/O-7] DEBUG o.s.c.c.CharSequenceEncoder - [1c172b3-5] Writing "232. foo bar"
17:48:22.913 [XNIO-5 I/O-7] DEBUG o.s.c.c.CharSequenceEncoder - [1c172b3-5] Writing "233. foo bar"
17:48:22.913 [XNIO-5 I/O-7] DEBUG o.s.c.c.CharSequenceEncoder - [1c172b3-5] Writing "234. foo bar"
17:48:22.913 [XNIO-5 I/O-7] DEBUG o.s.c.c.CharSequenceEncoder - [1c172b3-5] Writing "235. foo bar"
17:48:22.913 [XNIO-5 I/O-7] DEBUG o.s.c.c.CharSequenceEncoder - [1c172b3-5] Writing "236. foo bar"
17:48:22.913 [XNIO-5 I/O-7] DEBUG o.s.c.c.CharSequenceEncoder - [1c172b3-5] Writing "237. foo bar"
17:48:22.913 [XNIO-5 I/O-7] DEBUG o.s.c.c.CharSequenceEncoder - [1c172b3-5] Writing "238. foo bar"
17:48:22.913 [XNIO-5 I/O-7] DEBUG o.s.c.c.CharSequenceEncoder - [1c172b3-5] Writing "239. foo bar"
17:48:22.913 [XNIO-5 I/O-7] DEBUG o.s.c.c.CharSequenceEncoder - [1c172b3-5] Writing "240. foo bar"
17:48:22.913 [XNIO-5 I/O-7] DEBUG o.s.c.c.CharSequenceEncoder - [1c172b3-5] Writing "241. foo bar"
17:48:22.913 [XNIO-5 I/O-7] DEBUG o.s.c.c.CharSequenceEncoder - [1c172b3-5] Writing "242. foo bar"
17:48:22.913 [XNIO-5 I/O-7] DEBUG o.s.c.c.CharSequenceEncoder - [1c172b3-5] Writing "243. foo bar"
17:48:22.913 [XNIO-5 I/O-7] DEBUG o.s.c.c.CharSequenceEncoder - [1c172b3-5] Writing "244. foo bar"
17:48:22.913 [XNIO-5 I/O-7] DEBUG o.s.c.c.CharSequenceEncoder - [1c172b3-5] Writing "245. foo bar"
17:48:22.913 [XNIO-5 I/O-7] DEBUG o.s.c.c.CharSequenceEncoder - [1c172b3-5] Writing "246. foo bar"
17:48:22.913 [XNIO-5 I/O-7] DEBUG o.s.c.c.CharSequenceEncoder - [1c172b3-5] Writing "247. foo bar"
17:48:22.913 [XNIO-5 I/O-7] DEBUG o.s.c.c.CharSequenceEncoder - [1c172b3-5] Writing "248. foo bar"
17:48:22.913 [XNIO-5 I/O-7] DEBUG o.s.c.c.CharSequenceEncoder - [1c172b3-5] Writing "249. foo bar"
17:48:22.913 [XNIO-5 I/O-7] DEBUG o.s.c.c.CharSequenceEncoder - [1c172b3-5] Writing "250. foo bar"
17:48:22.913 [XNIO-5 I/O-7] DEBUG o.s.c.c.CharSequenceEncoder - [1c172b3-5] Writing "251. foo bar"
17:48:22.913 [XNIO-5 I/O-7] DEBUG o.s.c.c.CharSequenceEncoder - [1c172b3-5] Writing "252. foo bar"
17:48:22.914 [XNIO-5 I/O-7] DEBUG o.s.c.c.CharSequenceEncoder - [1c172b3-5] Writing "253. foo bar"
17:48:22.914 [XNIO-5 I/O-7] DEBUG o.s.c.c.CharSequenceEncoder - [1c172b3-5] Writing "254. foo bar"
17:48:22.914 [XNIO-5 I/O-7] DEBUG o.s.c.c.CharSequenceEncoder - [1c172b3-5] Writing "255. foo bar"
17:48:22.914 [XNIO-5 I/O-7] DEBUG o.s.c.c.CharSequenceEncoder - [1c172b3-5] Writing "256. foo bar"
17:48:22.914 [XNIO-5 I/O-7] DEBUG o.s.c.c.CharSequenceEncoder - [1c172b3-5] Writing "257. foo bar"
17:48:22.914 [XNIO-5 I/O-7] DEBUG o.s.c.c.CharSequenceEncoder - [1c172b3-5] Writing "258. foo bar"
17:48:22.914 [XNIO-5 I/O-7] DEBUG o.s.c.c.CharSequenceEncoder - [1c172b3-5] Writing "259. foo bar"
17:48:22.914 [XNIO-5 I/O-7] DEBUG o.s.c.c.CharSequenceEncoder - [1c172b3-5] Writing "260. foo bar"
17:48:22.914 [XNIO-5 I/O-7] DEBUG o.s.c.c.CharSequenceEncoder - [1c172b3-5] Writing "261. foo bar"
17:48:22.914 [XNIO-5 I/O-7] DEBUG o.s.c.c.CharSequenceEncoder - [1c172b3-5] Writing "262. foo bar"
17:48:22.914 [XNIO-5 I/O-7] DEBUG o.s.c.c.CharSequenceEncoder - [1c172b3-5] Writing "263. foo bar"
17:48:22.914 [XNIO-5 I/O-7] DEBUG o.s.c.c.CharSequenceEncoder - [1c172b3-5] Writing "264. foo bar"
17:48:22.914 [XNIO-5 I/O-7] DEBUG o.s.c.c.CharSequenceEncoder - [1c172b3-5] Writing "265. foo bar"
17:48:22.914 [XNIO-5 I/O-7] DEBUG o.s.c.c.CharSequenceEncoder - [1c172b3-5] Writing "266. foo bar"
17:48:22.914 [XNIO-5 I/O-7] DEBUG o.s.c.c.CharSequenceEncoder - [1c172b3-5] Writing "267. foo bar"
17:48:22.914 [XNIO-5 I/O-7] DEBUG o.s.c.c.CharSequenceEncoder - [1c172b3-5] Writing "268. foo bar"
17:48:22.914 [XNIO-5 I/O-7] DEBUG o.s.c.c.CharSequenceEncoder - [1c172b3-5] Writing "269. foo bar"
17:48:22.914 [XNIO-5 I/O-7] DEBUG o.s.c.c.CharSequenceEncoder - [1c172b3-5] Writing "270. foo bar"
17:48:22.914 [XNIO-5 I/O-7] DEBUG o.s.c.c.CharSequenceEncoder - [1c172b3-5] Writing "271. foo bar"
17:48:22.914 [XNIO-5 I/O-7] DEBUG o.s.c.c.CharSequenceEncoder - [1c172b3-5] Writing "272. foo bar"
17:48:22.914 [XNIO-5 I/O-7] DEBUG o.s.c.c.CharSequenceEncoder - [1c172b3-5] Writing "273. foo bar"
17:48:22.914 [XNIO-5 I/O-7] DEBUG o.s.c.c.CharSequenceEncoder - [1c172b3-5] Writing "274. foo bar"
17:48:22.914 [XNIO-5 I/O-7] DEBUG o.s.c.c.CharSequenceEncoder - [1c172b3-5] Writing "275. foo bar"
17:48:22.915 [XNIO-5 I/O-7] DEBUG o.s.c.c.CharSequenceEncoder - [1c172b3-5] Writing "276. foo bar"
17:48:22.915 [XNIO-5 I/O-7] DEBUG o.s.c.c.CharSequenceEncoder - [1c172b3-5] Writing "277. foo bar"
17:48:22.915 [XNIO-5 I/O-7] DEBUG o.s.c.c.CharSequenceEncoder - [1c172b3-5] Writing "278. foo bar"
17:48:22.915 [XNIO-5 I/O-7] DEBUG o.s.c.c.CharSequenceEncoder - [1c172b3-5] Writing "279. foo bar"
17:48:22.915 [XNIO-5 I/O-7] DEBUG o.s.c.c.CharSequenceEncoder - [1c172b3-5] Writing "280. foo bar"
17:48:22.915 [XNIO-5 I/O-7] DEBUG o.s.c.c.CharSequenceEncoder - [1c172b3-5] Writing "281. foo bar"
17:48:22.915 [XNIO-5 I/O-7] DEBUG o.s.c.c.CharSequenceEncoder - [1c172b3-5] Writing "282. foo bar"
17:48:22.915 [XNIO-5 I/O-7] DEBUG o.s.c.c.CharSequenceEncoder - [1c172b3-5] Writing "283. foo bar"
17:48:22.915 [XNIO-5 I/O-7] DEBUG o.s.c.c.CharSequenceEncoder - [1c172b3-5] Writing "284. foo bar"
17:48:22.915 [XNIO-5 I/O-7] DEBUG o.s.c.c.CharSequenceEncoder - [1c172b3-5] Writing "285. foo bar"
17:48:22.915 [XNIO-5 I/O-7] DEBUG o.s.c.c.CharSequenceEncoder - [1c172b3-5] Writing "286. foo bar"
17:48:22.915 [XNIO-5 I/O-7] DEBUG o.s.c.c.CharSequenceEncoder - [1c172b3-5] Writing "287. foo bar"
17:48:22.915 [XNIO-5 I/O-7] DEBUG o.s.c.c.CharSequenceEncoder - [1c172b3-5] Writing "288. foo bar"
17:48:22.915 [XNIO-5 I/O-7] DEBUG o.s.c.c.CharSequenceEncoder - [1c172b3-5] Writing "289. foo bar"
17:48:22.915 [XNIO-5 I/O-7] DEBUG o.s.c.c.CharSequenceEncoder - [1c172b3-5] Writing "290. foo bar"
17:48:22.915 [XNIO-5 I/O-7] DEBUG o.s.c.c.CharSequenceEncoder - [1c172b3-5] Writing "291. foo bar"
17:48:22.915 [XNIO-5 I/O-7] DEBUG o.s.c.c.CharSequenceEncoder - [1c172b3-5] Writing "292. foo bar"
17:48:22.915 [XNIO-5 I/O-7] DEBUG o.s.c.c.CharSequenceEncoder - [1c172b3-5] Writing "293. foo bar"
17:48:22.915 [XNIO-5 I/O-7] DEBUG o.s.c.c.CharSequenceEncoder - [1c172b3-5] Writing "294. foo bar"
17:48:22.915 [XNIO-5 I/O-7] DEBUG o.s.c.c.CharSequenceEncoder - [1c172b3-5] Writing "295. foo bar"
17:48:22.915 [XNIO-5 I/O-7] DEBUG o.s.c.c.CharSequenceEncoder - [1c172b3-5] Writing "296. foo bar"
17:48:22.916 [XNIO-5 I/O-7] DEBUG o.s.c.c.CharSequenceEncoder - [1c172b3-5] Writing "297. foo bar"
17:48:22.916 [XNIO-5 I/O-7] DEBUG o.s.c.c.CharSequenceEncoder - [1c172b3-5] Writing "298. foo bar"
17:48:22.916 [XNIO-5 I/O-7] DEBUG o.s.c.c.CharSequenceEncoder - [1c172b3-5] Writing "299. foo bar"
17:48:22.916 [XNIO-5 I/O-7] DEBUG o.s.c.c.CharSequenceEncoder - [1c172b3-5] Writing "300. foo bar"
17:48:22.916 [XNIO-5 I/O-7] DEBUG o.s.c.c.CharSequenceEncoder - [1c172b3-5] Writing "301. foo bar"
17:48:22.916 [XNIO-5 I/O-7] DEBUG o.s.c.c.CharSequenceEncoder - [1c172b3-5] Writing "302. foo bar"
17:48:22.916 [XNIO-5 I/O-7] DEBUG o.s.c.c.CharSequenceEncoder - [1c172b3-5] Writing "303. foo bar"
17:48:22.916 [XNIO-5 I/O-7] DEBUG o.s.c.c.CharSequenceEncoder - [1c172b3-5] Writing "304. foo bar"
17:48:22.916 [XNIO-5 I/O-7] DEBUG o.s.c.c.CharSequenceEncoder - [1c172b3-5] Writing "305. foo bar"
17:48:22.916 [XNIO-5 I/O-7] DEBUG o.s.c.c.CharSequenceEncoder - [1c172b3-5] Writing "306. foo bar"
17:48:22.916 [XNIO-5 I/O-7] DEBUG o.s.c.c.CharSequenceEncoder - [1c172b3-5] Writing "307. foo bar"
17:48:22.916 [XNIO-5 I/O-7] DEBUG o.s.c.c.CharSequenceEncoder - [1c172b3-5] Writing "308. foo bar"
17:48:22.916 [XNIO-5 I/O-7] DEBUG o.s.c.c.CharSequenceEncoder - [1c172b3-5] Writing "309. foo bar"
17:48:22.916 [XNIO-5 I/O-7] DEBUG o.s.c.c.CharSequenceEncoder - [1c172b3-5] Writing "310. foo bar"
17:48:22.916 [XNIO-5 I/O-7] DEBUG o.s.c.c.CharSequenceEncoder - [1c172b3-5] Writing "311. foo bar"
17:48:22.916 [XNIO-5 I/O-7] DEBUG o.s.c.c.CharSequenceEncoder - [1c172b3-5] Writing "312. foo bar"
17:48:22.916 [XNIO-5 I/O-7] DEBUG o.s.c.c.CharSequenceEncoder - [1c172b3-5] Writing "313. foo bar"
17:48:22.916 [XNIO-5 I/O-7] DEBUG o.s.c.c.CharSequenceEncoder - [1c172b3-5] Writing "314. foo bar"
17:48:22.916 [XNIO-5 I/O-7] DEBUG o.s.c.c.CharSequenceEncoder - [1c172b3-5] Writing "315. foo bar"
17:48:22.916 [XNIO-5 I/O-7] DEBUG o.s.c.c.CharSequenceEncoder - [1c172b3-5] Writing "316. foo bar"
17:48:22.916 [XNIO-5 I/O-7] DEBUG o.s.c.c.CharSequenceEncoder - [1c172b3-5] Writing "317. foo bar"
17:48:22.916 [XNIO-5 I/O-7] DEBUG o.s.c.c.CharSequenceEncoder - [1c172b3-5] Writing "318. foo bar"
17:48:22.916 [XNIO-5 I/O-7] DEBUG o.s.c.c.CharSequenceEncoder - [1c172b3-5] Writing "319. foo bar"
17:48:22.916 [XNIO-5 I/O-7] DEBUG o.s.c.c.CharSequenceEncoder - [1c172b3-5] Writing "320. foo bar"
17:48:22.916 [XNIO-5 I/O-7] DEBUG o.s.c.c.CharSequenceEncoder - [1c172b3-5] Writing "321. foo bar"
17:48:22.916 [XNIO-5 I/O-7] DEBUG o.s.c.c.CharSequenceEncoder - [1c172b3-5] Writing "322. foo bar"
17:48:22.916 [XNIO-5 I/O-7] DEBUG o.s.c.c.CharSequenceEncoder - [1c172b3-5] Writing "323. foo bar"
17:48:22.916 [XNIO-5 I/O-7] DEBUG o.s.c.c.CharSequenceEncoder - [1c172b3-5] Writing "324. foo bar"
17:48:22.917 [XNIO-5 I/O-7] DEBUG o.s.c.c.CharSequenceEncoder - [1c172b3-5] Writing "325. foo bar"
17:48:22.917 [XNIO-5 I/O-7] DEBUG o.s.c.c.CharSequenceEncoder - [1c172b3-5] Writing "326. foo bar"
17:48:22.917 [XNIO-5 I/O-7] DEBUG o.s.c.c.CharSequenceEncoder - [1c172b3-5] Writing "327. foo bar"
17:48:22.917 [XNIO-5 I/O-7] DEBUG o.s.c.c.CharSequenceEncoder - [1c172b3-5] Writing "328. foo bar"
17:48:22.917 [XNIO-5 I/O-7] DEBUG o.s.c.c.CharSequenceEncoder - [1c172b3-5] Writing "329. foo bar"
17:48:22.917 [XNIO-5 I/O-7] DEBUG o.s.c.c.CharSequenceEncoder - [1c172b3-5] Writing "330. foo bar"
17:48:22.917 [XNIO-5 I/O-7] DEBUG o.s.c.c.CharSequenceEncoder - [1c172b3-5] Writing "331. foo bar"
17:48:22.917 [XNIO-5 I/O-7] DEBUG o.s.c.c.CharSequenceEncoder - [1c172b3-5] Writing "332. foo bar"
17:48:22.917 [XNIO-5 I/O-7] DEBUG o.s.c.c.CharSequenceEncoder - [1c172b3-5] Writing "333. foo bar"
17:48:22.917 [XNIO-5 I/O-7] DEBUG o.s.c.c.CharSequenceEncoder - [1c172b3-5] Writing "334. foo bar"
17:48:22.917 [XNIO-5 I/O-7] DEBUG o.s.c.c.CharSequenceEncoder - [1c172b3-5] Writing "335. foo bar"
17:48:22.917 [XNIO-5 I/O-7] DEBUG o.s.c.c.CharSequenceEncoder - [1c172b3-5] Writing "336. foo bar"
17:48:22.917 [XNIO-5 I/O-7] DEBUG o.s.c.c.CharSequenceEncoder - [1c172b3-5] Writing "337. foo bar"
17:48:22.917 [XNIO-5 I/O-7] DEBUG o.s.c.c.CharSequenceEncoder - [1c172b3-5] Writing "338. foo bar"
17:48:22.917 [XNIO-5 I/O-7] DEBUG o.s.c.c.CharSequenceEncoder - [1c172b3-5] Writing "339. foo bar"
17:48:22.917 [XNIO-5 I/O-7] DEBUG o.s.c.c.CharSequenceEncoder - [1c172b3-5] Writing "340. foo bar"
17:48:22.917 [XNIO-5 I/O-7] DEBUG o.s.c.c.CharSequenceEncoder - [1c172b3-5] Writing "341. foo bar"
17:48:22.917 [XNIO-5 I/O-7] DEBUG o.s.c.c.CharSequenceEncoder - [1c172b3-5] Writing "342. foo bar"
17:48:22.917 [XNIO-5 I/O-7] DEBUG o.s.c.c.CharSequenceEncoder - [1c172b3-5] Writing "343. foo bar"
17:48:22.917 [XNIO-5 I/O-7] DEBUG o.s.c.c.CharSequenceEncoder - [1c172b3-5] Writing "344. foo bar"
17:48:22.917 [XNIO-5 I/O-7] DEBUG o.s.c.c.CharSequenceEncoder - [1c172b3-5] Writing "345. foo bar"
17:48:22.917 [XNIO-5 I/O-7] DEBUG o.s.c.c.CharSequenceEncoder - [1c172b3-5] Writing "346. foo bar"
17:48:22.917 [XNIO-5 I/O-7] DEBUG o.s.c.c.CharSequenceEncoder - [1c172b3-5] Writing "347. foo bar"
17:48:22.917 [XNIO-5 I/O-7] DEBUG o.s.c.c.CharSequenceEncoder - [1c172b3-5] Writing "348. foo bar"
17:48:22.917 [XNIO-5 I/O-7] DEBUG o.s.c.c.CharSequenceEncoder - [1c172b3-5] Writing "349. foo bar"
17:48:22.917 [XNIO-5 I/O-7] DEBUG o.s.c.c.CharSequenceEncoder - [1c172b3-5] Writing "350. foo bar"
17:48:22.917 [XNIO-5 I/O-7] DEBUG o.s.c.c.CharSequenceEncoder - [1c172b3-5] Writing "351. foo bar"
17:48:22.917 [XNIO-5 I/O-7] DEBUG o.s.c.c.CharSequenceEncoder - [1c172b3-5] Writing "352. foo bar"
17:48:22.917 [XNIO-5 I/O-7] DEBUG o.s.c.c.CharSequenceEncoder - [1c172b3-5] Writing "353. foo bar"
17:48:22.917 [XNIO-5 I/O-7] DEBUG o.s.c.c.CharSequenceEncoder - [1c172b3-5] Writing "354. foo bar"
17:48:22.917 [XNIO-5 I/O-7] DEBUG o.s.c.c.CharSequenceEncoder - [1c172b3-5] Writing "355. foo bar"
17:48:22.917 [XNIO-5 I/O-7] DEBUG o.s.c.c.CharSequenceEncoder - [1c172b3-5] Writing "356. foo bar"
17:48:22.917 [XNIO-5 I/O-7] DEBUG o.s.c.c.CharSequenceEncoder - [1c172b3-5] Writing "357. foo bar"
17:48:22.917 [XNIO-5 I/O-7] DEBUG o.s.c.c.CharSequenceEncoder - [1c172b3-5] Writing "358. foo bar"
17:48:22.918 [XNIO-5 I/O-7] DEBUG o.s.c.c.CharSequenceEncoder - [1c172b3-5] Writing "359. foo bar"
17:48:22.918 [XNIO-5 I/O-7] DEBUG o.s.c.c.CharSequenceEncoder - [1c172b3-5] Writing "360. foo bar"
17:48:22.918 [XNIO-5 I/O-7] DEBUG o.s.c.c.CharSequenceEncoder - [1c172b3-5] Writing "361. foo bar"
17:48:22.918 [XNIO-5 I/O-7] DEBUG o.s.c.c.CharSequenceEncoder - [1c172b3-5] Writing "362. foo bar"
17:48:22.918 [XNIO-5 I/O-7] DEBUG o.s.c.c.CharSequenceEncoder - [1c172b3-5] Writing "363. foo bar"
17:48:22.918 [XNIO-5 I/O-7] DEBUG o.s.c.c.CharSequenceEncoder - [1c172b3-5] Writing "364. foo bar"
17:48:22.918 [XNIO-5 I/O-7] DEBUG o.s.c.c.CharSequenceEncoder - [1c172b3-5] Writing "365. foo bar"
17:48:22.918 [XNIO-5 I/O-7] DEBUG o.s.c.c.CharSequenceEncoder - [1c172b3-5] Writing "366. foo bar"
17:48:22.918 [XNIO-5 I/O-7] DEBUG o.s.c.c.CharSequenceEncoder - [1c172b3-5] Writing "367. foo bar"
17:48:22.918 [XNIO-5 I/O-7] DEBUG o.s.c.c.CharSequenceEncoder - [1c172b3-5] Writing "368. foo bar"
17:48:22.918 [XNIO-5 I/O-7] DEBUG o.s.c.c.CharSequenceEncoder - [1c172b3-5] Writing "369. foo bar"
17:48:22.918 [XNIO-5 I/O-7] DEBUG o.s.c.c.CharSequenceEncoder - [1c172b3-5] Writing "370. foo bar"
17:48:22.918 [XNIO-5 I/O-7] DEBUG o.s.c.c.CharSequenceEncoder - [1c172b3-5] Writing "371. foo bar"
17:48:22.918 [XNIO-5 I/O-7] DEBUG o.s.c.c.CharSequenceEncoder - [1c172b3-5] Writing "372. foo bar"
17:48:22.918 [XNIO-5 I/O-7] DEBUG o.s.c.c.CharSequenceEncoder - [1c172b3-5] Writing "373. foo bar"
17:48:22.918 [XNIO-5 I/O-7] DEBUG o.s.c.c.CharSequenceEncoder - [1c172b3-5] Writing "374. foo bar"
17:48:22.918 [XNIO-5 I/O-7] DEBUG o.s.c.c.CharSequenceEncoder - [1c172b3-5] Writing "375. foo bar"
17:48:22.918 [XNIO-5 I/O-7] DEBUG o.s.c.c.CharSequenceEncoder - [1c172b3-5] Writing "376. foo bar"
17:48:22.918 [XNIO-5 I/O-7] DEBUG o.s.c.c.CharSequenceEncoder - [1c172b3-5] Writing "377. foo bar"
17:48:22.918 [XNIO-5 I/O-7] DEBUG o.s.c.c.CharSequenceEncoder - [1c172b3-5] Writing "378. foo bar"
17:48:22.918 [XNIO-5 I/O-7] DEBUG o.s.c.c.CharSequenceEncoder - [1c172b3-5] Writing "379. foo bar"
17:48:22.918 [XNIO-5 I/O-7] DEBUG o.s.c.c.CharSequenceEncoder - [1c172b3-5] Writing "380. foo bar"
17:48:22.918 [XNIO-5 I/O-7] DEBUG o.s.c.c.CharSequenceEncoder - [1c172b3-5] Writing "381. foo bar"
17:48:22.918 [XNIO-5 I/O-7] DEBUG o.s.c.c.CharSequenceEncoder - [1c172b3-5] Writing "382. foo bar"
17:48:22.918 [XNIO-5 I/O-7] DEBUG o.s.c.c.CharSequenceEncoder - [1c172b3-5] Writing "383. foo bar"
17:48:22.918 [XNIO-5 I/O-7] DEBUG o.s.c.c.CharSequenceEncoder - [1c172b3-5] Writing "384. foo bar"
17:48:22.918 [XNIO-5 I/O-7] DEBUG o.s.c.c.CharSequenceEncoder - [1c172b3-5] Writing "385. foo bar"
17:48:22.918 [XNIO-5 I/O-7] DEBUG o.s.c.c.CharSequenceEncoder - [1c172b3-5] Writing "386. foo bar"
17:48:22.918 [XNIO-5 I/O-7] DEBUG o.s.c.c.CharSequenceEncoder - [1c172b3-5] Writing "387. foo bar"
17:48:22.918 [XNIO-5 I/O-7] DEBUG o.s.c.c.CharSequenceEncoder - [1c172b3-5] Writing "388. foo bar"
17:48:22.918 [XNIO-5 I/O-7] DEBUG o.s.c.c.CharSequenceEncoder - [1c172b3-5] Writing "389. foo bar"
17:48:22.919 [XNIO-5 I/O-7] DEBUG o.s.c.c.CharSequenceEncoder - [1c172b3-5] Writing "390. foo bar"
17:48:22.919 [XNIO-5 I/O-7] DEBUG o.s.c.c.CharSequenceEncoder - [1c172b3-5] Writing "391. foo bar"
17:48:22.919 [XNIO-5 I/O-7] DEBUG o.s.c.c.CharSequenceEncoder - [1c172b3-5] Writing "392. foo bar"
17:48:22.919 [XNIO-5 I/O-7] DEBUG o.s.c.c.CharSequenceEncoder - [1c172b3-5] Writing "393. foo bar"
17:48:22.919 [XNIO-5 I/O-7] DEBUG o.s.c.c.CharSequenceEncoder - [1c172b3-5] Writing "394. foo bar"
17:48:22.919 [XNIO-5 I/O-7] DEBUG o.s.c.c.CharSequenceEncoder - [1c172b3-5] Writing "395. foo bar"
17:48:22.919 [XNIO-5 I/O-7] DEBUG o.s.c.c.CharSequenceEncoder - [1c172b3-5] Writing "396. foo bar"
17:48:22.919 [XNIO-5 I/O-7] DEBUG o.s.c.c.CharSequenceEncoder - [1c172b3-5] Writing "397. foo bar"
17:48:22.919 [XNIO-5 I/O-7] DEBUG o.s.c.c.CharSequenceEncoder - [1c172b3-5] Writing "398. foo bar"
17:48:22.919 [XNIO-5 I/O-7] DEBUG o.s.c.c.CharSequenceEncoder - [1c172b3-5] Writing "399. foo bar"
17:48:22.919 [XNIO-5 I/O-7] DEBUG o.s.c.c.CharSequenceEncoder - [1c172b3-5] Writing "400. foo bar"
17:48:22.919 [XNIO-5 I/O-7] DEBUG o.s.c.c.CharSequenceEncoder - [1c172b3-5] Writing "401. foo bar"
17:48:22.919 [XNIO-5 I/O-7] DEBUG o.s.c.c.CharSequenceEncoder - [1c172b3-5] Writing "402. foo bar"
17:48:22.919 [XNIO-5 I/O-7] DEBUG o.s.c.c.CharSequenceEncoder - [1c172b3-5] Writing "403. foo bar"
17:48:22.919 [XNIO-5 I/O-7] DEBUG o.s.c.c.CharSequenceEncoder - [1c172b3-5] Writing "404. foo bar"
17:48:22.919 [XNIO-5 I/O-7] DEBUG o.s.c.c.CharSequenceEncoder - [1c172b3-5] Writing "405. foo bar"
17:48:22.919 [XNIO-5 I/O-7] DEBUG o.s.c.c.CharSequenceEncoder - [1c172b3-5] Writing "406. foo bar"
17:48:22.919 [XNIO-5 I/O-7] DEBUG o.s.c.c.CharSequenceEncoder - [1c172b3-5] Writing "407. foo bar"
17:48:22.919 [XNIO-5 I/O-7] DEBUG o.s.c.c.CharSequenceEncoder - [1c172b3-5] Writing "408. foo bar"
17:48:22.919 [XNIO-5 I/O-7] DEBUG o.s.c.c.CharSequenceEncoder - [1c172b3-5] Writing "409. foo bar"
17:48:22.919 [XNIO-5 I/O-7] DEBUG o.s.c.c.CharSequenceEncoder - [1c172b3-5] Writing "410. foo bar"
17:48:22.919 [XNIO-5 I/O-7] DEBUG o.s.c.c.CharSequenceEncoder - [1c172b3-5] Writing "411. foo bar"
17:48:22.919 [XNIO-5 I/O-7] DEBUG o.s.c.c.CharSequenceEncoder - [1c172b3-5] Writing "412. foo bar"
17:48:22.919 [XNIO-5 I/O-7] DEBUG o.s.c.c.CharSequenceEncoder - [1c172b3-5] Writing "413. foo bar"
17:48:22.919 [XNIO-5 I/O-7] DEBUG o.s.c.c.CharSequenceEncoder - [1c172b3-5] Writing "414. foo bar"
17:48:22.919 [XNIO-5 I/O-7] DEBUG o.s.c.c.CharSequenceEncoder - [1c172b3-5] Writing "415. foo bar"
17:48:22.919 [XNIO-5 I/O-7] DEBUG o.s.c.c.CharSequenceEncoder - [1c172b3-5] Writing "416. foo bar"
17:48:22.920 [XNIO-5 I/O-7] DEBUG o.s.c.c.CharSequenceEncoder - [1c172b3-5] Writing "417. foo bar"
17:48:22.920 [XNIO-5 I/O-7] DEBUG o.s.c.c.CharSequenceEncoder - [1c172b3-5] Writing "418. foo bar"
17:48:22.920 [XNIO-5 I/O-7] DEBUG o.s.c.c.CharSequenceEncoder - [1c172b3-5] Writing "419. foo bar"
17:48:22.920 [XNIO-5 I/O-7] DEBUG o.s.c.c.CharSequenceEncoder - [1c172b3-5] Writing "420. foo bar"
17:48:22.920 [XNIO-5 I/O-7] DEBUG o.s.c.c.CharSequenceEncoder - [1c172b3-5] Writing "421. foo bar"
17:48:22.920 [XNIO-5 I/O-7] DEBUG o.s.c.c.CharSequenceEncoder - [1c172b3-5] Writing "422. foo bar"
17:48:22.920 [XNIO-5 I/O-7] DEBUG o.s.c.c.CharSequenceEncoder - [1c172b3-5] Writing "423. foo bar"
17:48:22.920 [XNIO-5 I/O-7] DEBUG o.s.c.c.CharSequenceEncoder - [1c172b3-5] Writing "424. foo bar"
17:48:22.920 [XNIO-5 I/O-7] DEBUG o.s.c.c.CharSequenceEncoder - [1c172b3-5] Writing "425. foo bar"
17:48:22.920 [XNIO-5 I/O-7] DEBUG o.s.c.c.CharSequenceEncoder - [1c172b3-5] Writing "426. foo bar"
17:48:22.920 [XNIO-5 I/O-7] DEBUG o.s.c.c.CharSequenceEncoder - [1c172b3-5] Writing "427. foo bar"
17:48:22.920 [XNIO-5 I/O-7] DEBUG o.s.c.c.CharSequenceEncoder - [1c172b3-5] Writing "428. foo bar"
17:48:22.920 [XNIO-5 I/O-7] DEBUG o.s.c.c.CharSequenceEncoder - [1c172b3-5] Writing "429. foo bar"
17:48:22.920 [XNIO-5 I/O-7] DEBUG o.s.c.c.CharSequenceEncoder - [1c172b3-5] Writing "430. foo bar"
17:48:22.920 [XNIO-5 I/O-7] DEBUG o.s.c.c.CharSequenceEncoder - [1c172b3-5] Writing "431. foo bar"
17:48:22.920 [XNIO-5 I/O-7] DEBUG o.s.c.c.CharSequenceEncoder - [1c172b3-5] Writing "432. foo bar"
17:48:22.920 [XNIO-5 I/O-7] DEBUG o.s.c.c.CharSequenceEncoder - [1c172b3-5] Writing "433. foo bar"
17:48:22.920 [XNIO-5 I/O-7] DEBUG o.s.c.c.CharSequenceEncoder - [1c172b3-5] Writing "434. foo bar"
17:48:22.920 [XNIO-5 I/O-7] DEBUG o.s.c.c.CharSequenceEncoder - [1c172b3-5] Writing "435. foo bar"
17:48:22.920 [XNIO-5 I/O-7] DEBUG o.s.c.c.CharSequenceEncoder - [1c172b3-5] Writing "436. foo bar"
17:48:22.920 [XNIO-5 I/O-7] DEBUG o.s.c.c.CharSequenceEncoder - [1c172b3-5] Writing "437. foo bar"
17:48:22.920 [XNIO-5 I/O-7] DEBUG o.s.c.c.CharSequenceEncoder - [1c172b3-5] Writing "438. foo bar"
17:48:22.920 [XNIO-5 I/O-7] DEBUG o.s.c.c.CharSequenceEncoder - [1c172b3-5] Writing "439. foo bar"
17:48:22.920 [XNIO-5 I/O-7] DEBUG o.s.c.c.CharSequenceEncoder - [1c172b3-5] Writing "440. foo bar"
17:48:22.920 [XNIO-5 I/O-7] DEBUG o.s.c.c.CharSequenceEncoder - [1c172b3-5] Writing "441. foo bar"
17:48:22.920 [XNIO-5 I/O-7] DEBUG o.s.c.c.CharSequenceEncoder - [1c172b3-5] Writing "442. foo bar"
17:48:22.920 [XNIO-5 I/O-7] DEBUG o.s.c.c.CharSequenceEncoder - [1c172b3-5] Writing "443. foo bar"
17:48:22.920 [XNIO-5 I/O-7] DEBUG o.s.c.c.CharSequenceEncoder - [1c172b3-5] Writing "444. foo bar"
17:48:22.920 [XNIO-5 I/O-7] DEBUG o.s.c.c.CharSequenceEncoder - [1c172b3-5] Writing "445. foo bar"
17:48:22.920 [XNIO-5 I/O-7] DEBUG o.s.c.c.CharSequenceEncoder - [1c172b3-5] Writing "446. foo bar"
17:48:22.921 [XNIO-5 I/O-7] DEBUG o.s.c.c.CharSequenceEncoder - [1c172b3-5] Writing "447. foo bar"
17:48:22.921 [XNIO-5 I/O-7] DEBUG o.s.c.c.CharSequenceEncoder - [1c172b3-5] Writing "448. foo bar"
17:48:22.921 [XNIO-5 I/O-7] DEBUG o.s.c.c.CharSequenceEncoder - [1c172b3-5] Writing "449. foo bar"
17:48:22.921 [XNIO-5 I/O-7] DEBUG o.s.c.c.CharSequenceEncoder - [1c172b3-5] Writing "450. foo bar"
17:48:22.921 [XNIO-5 I/O-7] DEBUG o.s.c.c.CharSequenceEncoder - [1c172b3-5] Writing "451. foo bar"
17:48:22.921 [XNIO-5 I/O-7] DEBUG o.s.c.c.CharSequenceEncoder - [1c172b3-5] Writing "452. foo bar"
17:48:22.921 [XNIO-5 I/O-7] DEBUG o.s.c.c.CharSequenceEncoder - [1c172b3-5] Writing "453. foo bar"
17:48:22.921 [XNIO-5 I/O-7] DEBUG o.s.c.c.CharSequenceEncoder - [1c172b3-5] Writing "454. foo bar"
17:48:22.921 [XNIO-5 I/O-7] DEBUG o.s.c.c.CharSequenceEncoder - [1c172b3-5] Writing "455. foo bar"
17:48:22.921 [XNIO-5 I/O-7] DEBUG o.s.c.c.CharSequenceEncoder - [1c172b3-5] Writing "456. foo bar"
17:48:22.921 [XNIO-5 I/O-7] DEBUG o.s.c.c.CharSequenceEncoder - [1c172b3-5] Writing "457. foo bar"
17:48:22.921 [XNIO-5 I/O-7] DEBUG o.s.c.c.CharSequenceEncoder - [1c172b3-5] Writing "458. foo bar"
17:48:22.921 [XNIO-5 I/O-7] DEBUG o.s.c.c.CharSequenceEncoder - [1c172b3-5] Writing "459. foo bar"
17:48:22.921 [XNIO-5 I/O-7] DEBUG o.s.c.c.CharSequenceEncoder - [1c172b3-5] Writing "460. foo bar"
17:48:22.921 [XNIO-5 I/O-7] DEBUG o.s.c.c.CharSequenceEncoder - [1c172b3-5] Writing "461. foo bar"
17:48:22.921 [XNIO-5 I/O-7] DEBUG o.s.c.c.CharSequenceEncoder - [1c172b3-5] Writing "462. foo bar"
17:48:22.921 [XNIO-5 I/O-7] DEBUG o.s.c.c.CharSequenceEncoder - [1c172b3-5] Writing "463. foo bar"
17:48:22.921 [XNIO-5 I/O-7] DEBUG o.s.c.c.CharSequenceEncoder - [1c172b3-5] Writing "464. foo bar"
17:48:22.921 [XNIO-5 I/O-7] DEBUG o.s.c.c.CharSequenceEncoder - [1c172b3-5] Writing "465. foo bar"
17:48:22.921 [XNIO-5 I/O-7] DEBUG o.s.c.c.CharSequenceEncoder - [1c172b3-5] Writing "466. foo bar"
17:48:22.921 [XNIO-5 I/O-7] DEBUG o.s.c.c.CharSequenceEncoder - [1c172b3-5] Writing "467. foo bar"
17:48:22.921 [XNIO-5 I/O-7] DEBUG o.s.c.c.CharSequenceEncoder - [1c172b3-5] Writing "468. foo bar"
17:48:22.921 [XNIO-5 I/O-7] DEBUG o.s.c.c.CharSequenceEncoder - [1c172b3-5] Writing "469. foo bar"
17:48:22.921 [XNIO-5 I/O-7] DEBUG o.s.c.c.CharSequenceEncoder - [1c172b3-5] Writing "470. foo bar"
17:48:22.921 [XNIO-5 I/O-7] DEBUG o.s.c.c.CharSequenceEncoder - [1c172b3-5] Writing "471. foo bar"
17:48:22.921 [XNIO-5 I/O-7] DEBUG o.s.c.c.CharSequenceEncoder - [1c172b3-5] Writing "472. foo bar"
17:48:22.921 [XNIO-5 I/O-7] DEBUG o.s.c.c.CharSequenceEncoder - [1c172b3-5] Writing "473. foo bar"
17:48:22.921 [XNIO-5 I/O-7] DEBUG o.s.c.c.CharSequenceEncoder - [1c172b3-5] Writing "474. foo bar"
17:48:22.921 [XNIO-5 I/O-7] DEBUG o.s.c.c.CharSequenceEncoder - [1c172b3-5] Writing "475. foo bar"
17:48:22.921 [XNIO-5 I/O-7] DEBUG o.s.c.c.CharSequenceEncoder - [1c172b3-5] Writing "476. foo bar"
17:48:22.921 [XNIO-5 I/O-7] DEBUG o.s.c.c.CharSequenceEncoder - [1c172b3-5] Writing "477. foo bar"
17:48:22.921 [XNIO-5 I/O-7] DEBUG o.s.c.c.CharSequenceEncoder - [1c172b3-5] Writing "478. foo bar"
17:48:22.921 [XNIO-5 I/O-7] DEBUG o.s.c.c.CharSequenceEncoder - [1c172b3-5] Writing "479. foo bar"
17:48:22.921 [XNIO-5 I/O-7] DEBUG o.s.c.c.CharSequenceEncoder - [1c172b3-5] Writing "480. foo bar"
17:48:22.921 [XNIO-5 I/O-7] DEBUG o.s.c.c.CharSequenceEncoder - [1c172b3-5] Writing "481. foo bar"
17:48:22.921 [XNIO-5 I/O-7] DEBUG o.s.c.c.CharSequenceEncoder - [1c172b3-5] Writing "482. foo bar"
17:48:22.921 [XNIO-5 I/O-7] DEBUG o.s.c.c.CharSequenceEncoder - [1c172b3-5] Writing "483. foo bar"
17:48:22.921 [XNIO-5 I/O-7] DEBUG o.s.c.c.CharSequenceEncoder - [1c172b3-5] Writing "484. foo bar"
17:48:22.921 [XNIO-5 I/O-7] DEBUG o.s.c.c.CharSequenceEncoder - [1c172b3-5] Writing "485. foo bar"
17:48:22.922 [XNIO-5 I/O-7] DEBUG o.s.c.c.CharSequenceEncoder - [1c172b3-5] Writing "486. foo bar"
17:48:22.922 [XNIO-5 I/O-7] DEBUG o.s.c.c.CharSequenceEncoder - [1c172b3-5] Writing "487. foo bar"
17:48:22.922 [XNIO-5 I/O-7] DEBUG o.s.c.c.CharSequenceEncoder - [1c172b3-5] Writing "488. foo bar"
17:48:22.922 [XNIO-5 I/O-7] DEBUG o.s.c.c.CharSequenceEncoder - [1c172b3-5] Writing "489. foo bar"
17:48:22.922 [XNIO-5 I/O-7] DEBUG o.s.c.c.CharSequenceEncoder - [1c172b3-5] Writing "490. foo bar"
17:48:22.922 [XNIO-5 I/O-7] DEBUG o.s.c.c.CharSequenceEncoder - [1c172b3-5] Writing "491. foo bar"
17:48:22.922 [XNIO-5 I/O-7] DEBUG o.s.c.c.CharSequenceEncoder - [1c172b3-5] Writing "492. foo bar"
17:48:22.922 [XNIO-5 I/O-7] DEBUG o.s.c.c.CharSequenceEncoder - [1c172b3-5] Writing "493. foo bar"
17:48:22.922 [XNIO-5 I/O-7] DEBUG o.s.c.c.CharSequenceEncoder - [1c172b3-5] Writing "494. foo bar"
17:48:22.922 [XNIO-5 I/O-7] DEBUG o.s.c.c.CharSequenceEncoder - [1c172b3-5] Writing "495. foo bar"
17:48:22.922 [XNIO-5 I/O-7] DEBUG o.s.c.c.CharSequenceEncoder - [1c172b3-5] Writing "496. foo bar"
17:48:22.922 [XNIO-5 I/O-7] DEBUG o.s.c.c.CharSequenceEncoder - [1c172b3-5] Writing "497. foo bar"
17:48:22.922 [XNIO-5 I/O-7] DEBUG o.s.c.c.CharSequenceEncoder - [1c172b3-5] Writing "498. foo bar"
17:48:22.922 [XNIO-5 I/O-7] DEBUG o.s.c.c.CharSequenceEncoder - [1c172b3-5] Writing "499. foo bar"
17:48:22.922 [XNIO-5 I/O-7] DEBUG o.s.c.c.CharSequenceEncoder - [1c172b3-5] Writing "500. foo bar"
17:48:22.922 [XNIO-5 I/O-7] DEBUG o.s.c.c.CharSequenceEncoder - [1c172b3-5] Writing "501. foo bar"
17:48:22.922 [XNIO-5 I/O-7] DEBUG o.s.c.c.CharSequenceEncoder - [1c172b3-5] Writing "502. foo bar"
17:48:22.922 [XNIO-5 I/O-7] DEBUG o.s.c.c.CharSequenceEncoder - [1c172b3-5] Writing "503. foo bar"
17:48:22.922 [XNIO-5 I/O-7] DEBUG o.s.c.c.CharSequenceEncoder - [1c172b3-5] Writing "504. foo bar"
17:48:22.922 [XNIO-5 I/O-7] DEBUG o.s.c.c.CharSequenceEncoder - [1c172b3-5] Writing "505. foo bar"
17:48:22.922 [XNIO-5 I/O-7] DEBUG o.s.c.c.CharSequenceEncoder - [1c172b3-5] Writing "506. foo bar"
17:48:22.922 [XNIO-5 I/O-7] DEBUG o.s.c.c.CharSequenceEncoder - [1c172b3-5] Writing "507. foo bar"
17:48:22.922 [XNIO-5 I/O-7] DEBUG o.s.c.c.CharSequenceEncoder - [1c172b3-5] Writing "508. foo bar"
17:48:22.922 [XNIO-5 I/O-7] DEBUG o.s.c.c.CharSequenceEncoder - [1c172b3-5] Writing "509. foo bar"
17:48:22.922 [XNIO-5 I/O-7] DEBUG o.s.c.c.CharSequenceEncoder - [1c172b3-5] Writing "510. foo bar"
17:48:22.922 [XNIO-5 I/O-7] DEBUG o.s.c.c.CharSequenceEncoder - [1c172b3-5] Writing "511. foo bar"
17:48:22.922 [XNIO-5 I/O-7] DEBUG o.s.c.c.CharSequenceEncoder - [1c172b3-5] Writing "512. foo bar"
17:48:22.922 [XNIO-5 I/O-7] DEBUG o.s.c.c.CharSequenceEncoder - [1c172b3-5] Writing "513. foo bar"
17:48:22.922 [XNIO-5 I/O-7] DEBUG o.s.c.c.CharSequenceEncoder - [1c172b3-5] Writing "514. foo bar"
17:48:22.922 [XNIO-5 I/O-7] DEBUG o.s.c.c.CharSequenceEncoder - [1c172b3-5] Writing "515. foo bar"
17:48:22.922 [XNIO-5 I/O-7] DEBUG o.s.c.c.CharSequenceEncoder - [1c172b3-5] Writing "516. foo bar"
17:48:22.922 [XNIO-5 I/O-7] DEBUG o.s.c.c.CharSequenceEncoder - [1c172b3-5] Writing "517. foo bar"
17:48:22.922 [XNIO-5 I/O-7] DEBUG o.s.c.c.CharSequenceEncoder - [1c172b3-5] Writing "518. foo bar"
17:48:22.922 [XNIO-5 I/O-7] DEBUG o.s.c.c.CharSequenceEncoder - [1c172b3-5] Writing "519. foo bar"
17:48:22.922 [XNIO-5 I/O-7] DEBUG o.s.c.c.CharSequenceEncoder - [1c172b3-5] Writing "520. foo bar"
17:48:22.922 [XNIO-5 I/O-7] DEBUG o.s.c.c.CharSequenceEncoder - [1c172b3-5] Writing "521. foo bar"
17:48:22.922 [XNIO-5 I/O-7] DEBUG o.s.c.c.CharSequenceEncoder - [1c172b3-5] Writing "522. foo bar"
17:48:22.922 [XNIO-5 I/O-7] DEBUG o.s.c.c.CharSequenceEncoder - [1c172b3-5] Writing "523. foo bar"
17:48:22.922 [XNIO-5 I/O-7] DEBUG o.s.c.c.CharSequenceEncoder - [1c172b3-5] Writing "524. foo bar"
17:48:22.922 [XNIO-5 I/O-7] DEBUG o.s.c.c.CharSequenceEncoder - [1c172b3-5] Writing "525. foo bar"
17:48:22.923 [XNIO-5 I/O-7] DEBUG o.s.c.c.CharSequenceEncoder - [1c172b3-5] Writing "526. foo bar"
17:48:22.923 [XNIO-5 I/O-7] DEBUG o.s.c.c.CharSequenceEncoder - [1c172b3-5] Writing "527. foo bar"
17:48:22.923 [XNIO-5 I/O-7] DEBUG o.s.c.c.CharSequenceEncoder - [1c172b3-5] Writing "528. foo bar"
17:48:22.923 [XNIO-5 I/O-7] DEBUG o.s.c.c.CharSequenceEncoder - [1c172b3-5] Writing "529. foo bar"
17:48:22.923 [XNIO-5 I/O-7] DEBUG o.s.c.c.CharSequenceEncoder - [1c172b3-5] Writing "530. foo bar"
17:48:22.923 [XNIO-5 I/O-7] DEBUG o.s.c.c.CharSequenceEncoder - [1c172b3-5] Writing "531. foo bar"
17:48:22.923 [XNIO-5 I/O-7] DEBUG o.s.c.c.CharSequenceEncoder - [1c172b3-5] Writing "532. foo bar"
17:48:22.923 [XNIO-5 I/O-7] DEBUG o.s.c.c.CharSequenceEncoder - [1c172b3-5] Writing "533. foo bar"
17:48:22.923 [XNIO-5 I/O-7] DEBUG o.s.c.c.CharSequenceEncoder - [1c172b3-5] Writing "534. foo bar"
17:48:22.923 [XNIO-5 I/O-7] DEBUG o.s.c.c.CharSequenceEncoder - [1c172b3-5] Writing "535. foo bar"
17:48:22.923 [XNIO-5 I/O-7] DEBUG o.s.c.c.CharSequenceEncoder - [1c172b3-5] Writing "536. foo bar"
17:48:22.923 [XNIO-5 I/O-7] DEBUG o.s.c.c.CharSequenceEncoder - [1c172b3-5] Writing "537. foo bar"
17:48:22.923 [XNIO-5 I/O-7] DEBUG o.s.c.c.CharSequenceEncoder - [1c172b3-5] Writing "538. foo bar"
17:48:22.923 [XNIO-5 I/O-7] DEBUG o.s.c.c.CharSequenceEncoder - [1c172b3-5] Writing "539. foo bar"
17:48:22.923 [XNIO-5 I/O-7] DEBUG o.s.c.c.CharSequenceEncoder - [1c172b3-5] Writing "540. foo bar"
17:48:22.923 [XNIO-5 I/O-7] DEBUG o.s.c.c.CharSequenceEncoder - [1c172b3-5] Writing "541. foo bar"
17:48:22.923 [XNIO-5 I/O-7] DEBUG o.s.c.c.CharSequenceEncoder - [1c172b3-5] Writing "542. foo bar"
17:48:22.923 [XNIO-5 I/O-7] DEBUG o.s.c.c.CharSequenceEncoder - [1c172b3-5] Writing "543. foo bar"
17:48:22.923 [XNIO-5 I/O-7] DEBUG o.s.c.c.CharSequenceEncoder - [1c172b3-5] Writing "544. foo bar"
17:48:22.923 [XNIO-5 I/O-7] DEBUG o.s.c.c.CharSequenceEncoder - [1c172b3-5] Writing "545. foo bar"
17:48:22.923 [XNIO-5 I/O-7] DEBUG o.s.c.c.CharSequenceEncoder - [1c172b3-5] Writing "546. foo bar"
17:48:22.923 [XNIO-5 I/O-7] DEBUG o.s.c.c.CharSequenceEncoder - [1c172b3-5] Writing "547. foo bar"
17:48:22.923 [XNIO-5 I/O-7] DEBUG o.s.c.c.CharSequenceEncoder - [1c172b3-5] Writing "548. foo bar"
17:48:22.923 [XNIO-5 I/O-7] DEBUG o.s.c.c.CharSequenceEncoder - [1c172b3-5] Writing "549. foo bar"
17:48:22.923 [XNIO-5 I/O-7] DEBUG o.s.c.c.CharSequenceEncoder - [1c172b3-5] Writing "550. foo bar"
17:48:22.923 [XNIO-5 I/O-7] DEBUG o.s.c.c.CharSequenceEncoder - [1c172b3-5] Writing "551. foo bar"
17:48:22.923 [XNIO-5 I/O-7] DEBUG o.s.c.c.CharSequenceEncoder - [1c172b3-5] Writing "552. foo bar"
17:48:22.923 [XNIO-5 I/O-7] DEBUG o.s.c.c.CharSequenceEncoder - [1c172b3-5] Writing "553. foo bar"
17:48:22.923 [XNIO-5 I/O-7] DEBUG o.s.c.c.CharSequenceEncoder - [1c172b3-5] Writing "554. foo bar"
17:48:22.923 [XNIO-5 I/O-7] DEBUG o.s.c.c.CharSequenceEncoder - [1c172b3-5] Writing "555. foo bar"
17:48:22.923 [XNIO-5 I/O-7] DEBUG o.s.c.c.CharSequenceEncoder - [1c172b3-5] Writing "556. foo bar"
17:48:22.923 [XNIO-5 I/O-7] DEBUG o.s.c.c.CharSequenceEncoder - [1c172b3-5] Writing "557. foo bar"
17:48:22.923 [XNIO-5 I/O-7] DEBUG o.s.c.c.CharSequenceEncoder - [1c172b3-5] Writing "558. foo bar"
17:48:22.923 [XNIO-5 I/O-7] DEBUG o.s.c.c.CharSequenceEncoder - [1c172b3-5] Writing "559. foo bar"
17:48:22.923 [XNIO-5 I/O-7] DEBUG o.s.c.c.CharSequenceEncoder - [1c172b3-5] Writing "560. foo bar"
17:48:22.923 [XNIO-5 I/O-7] DEBUG o.s.c.c.CharSequenceEncoder - [1c172b3-5] Writing "561. foo bar"
17:48:22.923 [XNIO-5 I/O-7] DEBUG o.s.c.c.CharSequenceEncoder - [1c172b3-5] Writing "562. foo bar"
17:48:22.923 [XNIO-5 I/O-7] DEBUG o.s.c.c.CharSequenceEncoder - [1c172b3-5] Writing "563. foo bar"
17:48:22.923 [XNIO-5 I/O-7] DEBUG o.s.c.c.CharSequenceEncoder - [1c172b3-5] Writing "564. foo bar"
17:48:22.923 [XNIO-5 I/O-7] DEBUG o.s.c.c.CharSequenceEncoder - [1c172b3-5] Writing "565. foo bar"
17:48:22.923 [XNIO-5 I/O-7] DEBUG o.s.c.c.CharSequenceEncoder - [1c172b3-5] Writing "566. foo bar"
17:48:22.923 [XNIO-5 I/O-7] DEBUG o.s.c.c.CharSequenceEncoder - [1c172b3-5] Writing "567. foo bar"
17:48:22.924 [XNIO-5 I/O-7] DEBUG o.s.c.c.CharSequenceEncoder - [1c172b3-5] Writing "568. foo bar"
17:48:22.924 [XNIO-5 I/O-7] DEBUG o.s.c.c.CharSequenceEncoder - [1c172b3-5] Writing "569. foo bar"
17:48:22.924 [XNIO-5 I/O-7] DEBUG o.s.c.c.CharSequenceEncoder - [1c172b3-5] Writing "570. foo bar"
17:48:22.924 [XNIO-5 I/O-7] DEBUG o.s.c.c.CharSequenceEncoder - [1c172b3-5] Writing "571. foo bar"
17:48:22.924 [XNIO-5 I/O-7] DEBUG o.s.c.c.CharSequenceEncoder - [1c172b3-5] Writing "572. foo bar"
17:48:22.924 [XNIO-5 I/O-7] DEBUG o.s.c.c.CharSequenceEncoder - [1c172b3-5] Writing "573. foo bar"
17:48:22.924 [XNIO-5 I/O-7] DEBUG o.s.c.c.CharSequenceEncoder - [1c172b3-5] Writing "574. foo bar"
17:48:22.924 [XNIO-5 I/O-7] DEBUG o.s.c.c.CharSequenceEncoder - [1c172b3-5] Writing "575. foo bar"
17:48:22.924 [XNIO-5 I/O-7] DEBUG o.s.c.c.CharSequenceEncoder - [1c172b3-5] Writing "576. foo bar"
17:48:22.924 [XNIO-5 I/O-7] DEBUG o.s.c.c.CharSequenceEncoder - [1c172b3-5] Writing "577. foo bar"
17:48:22.924 [XNIO-5 I/O-7] DEBUG o.s.c.c.CharSequenceEncoder - [1c172b3-5] Writing "578. foo bar"
17:48:22.924 [XNIO-5 I/O-7] DEBUG o.s.c.c.CharSequenceEncoder - [1c172b3-5] Writing "579. foo bar"
17:48:22.924 [XNIO-5 I/O-7] DEBUG o.s.c.c.CharSequenceEncoder - [1c172b3-5] Writing "580. foo bar"
17:48:22.924 [XNIO-5 I/O-7] DEBUG o.s.c.c.CharSequenceEncoder - [1c172b3-5] Writing "581. foo bar"
17:48:22.924 [XNIO-5 I/O-7] DEBUG o.s.c.c.CharSequenceEncoder - [1c172b3-5] Writing "582. foo bar"
17:48:22.924 [XNIO-5 I/O-7] DEBUG o.s.c.c.CharSequenceEncoder - [1c172b3-5] Writing "583. foo bar"
17:48:22.924 [XNIO-5 I/O-7] DEBUG o.s.c.c.CharSequenceEncoder - [1c172b3-5] Writing "584. foo bar"
17:48:22.924 [XNIO-5 I/O-7] DEBUG o.s.c.c.CharSequenceEncoder - [1c172b3-5] Writing "585. foo bar"
17:48:22.924 [XNIO-5 I/O-7] DEBUG o.s.c.c.CharSequenceEncoder - [1c172b3-5] Writing "586. foo bar"
17:48:22.924 [XNIO-5 I/O-7] DEBUG o.s.c.c.CharSequenceEncoder - [1c172b3-5] Writing "587. foo bar"
17:48:22.924 [XNIO-5 I/O-7] DEBUG o.s.c.c.CharSequenceEncoder - [1c172b3-5] Writing "588. foo bar"
17:48:22.924 [XNIO-5 I/O-7] DEBUG o.s.c.c.CharSequenceEncoder - [1c172b3-5] Writing "589. foo bar"
17:48:22.924 [XNIO-5 I/O-7] DEBUG o.s.c.c.CharSequenceEncoder - [1c172b3-5] Writing "590. foo bar"
17:48:22.924 [XNIO-5 I/O-7] DEBUG o.s.c.c.CharSequenceEncoder - [1c172b3-5] Writing "591. foo bar"
17:48:22.924 [XNIO-5 I/O-7] DEBUG o.s.c.c.CharSequenceEncoder - [1c172b3-5] Writing "592. foo bar"
17:48:22.924 [XNIO-5 I/O-7] DEBUG o.s.c.c.CharSequenceEncoder - [1c172b3-5] Writing "593. foo bar"
17:48:22.924 [XNIO-5 I/O-7] DEBUG o.s.c.c.CharSequenceEncoder - [1c172b3-5] Writing "594. foo bar"
17:48:22.924 [XNIO-5 I/O-7] DEBUG o.s.c.c.CharSequenceEncoder - [1c172b3-5] Writing "595. foo bar"
17:48:22.924 [XNIO-5 I/O-7] DEBUG o.s.c.c.CharSequenceEncoder - [1c172b3-5] Writing "596. foo bar"
17:48:22.924 [XNIO-5 I/O-7] DEBUG o.s.c.c.CharSequenceEncoder - [1c172b3-5] Writing "597. foo bar"
17:48:22.924 [XNIO-5 I/O-7] DEBUG o.s.c.c.CharSequenceEncoder - [1c172b3-5] Writing "598. foo bar"
17:48:22.924 [XNIO-5 I/O-7] DEBUG o.s.c.c.CharSequenceEncoder - [1c172b3-5] Writing "599. foo bar"
17:48:22.924 [XNIO-5 I/O-7] DEBUG o.s.c.c.CharSequenceEncoder - [1c172b3-5] Writing "600. foo bar"
17:48:22.924 [XNIO-5 I/O-7] DEBUG o.s.c.c.CharSequenceEncoder - [1c172b3-5] Writing "601. foo bar"
17:48:22.924 [XNIO-5 I/O-7] DEBUG o.s.c.c.CharSequenceEncoder - [1c172b3-5] Writing "602. foo bar"
17:48:22.924 [XNIO-5 I/O-7] DEBUG o.s.c.c.CharSequenceEncoder - [1c172b3-5] Writing "603. foo bar"
17:48:22.924 [XNIO-5 I/O-7] DEBUG o.s.c.c.CharSequenceEncoder - [1c172b3-5] Writing "604. foo bar"
17:48:22.924 [XNIO-5 I/O-7] DEBUG o.s.c.c.CharSequenceEncoder - [1c172b3-5] Writing "605. foo bar"
17:48:22.924 [XNIO-5 I/O-7] DEBUG o.s.c.c.CharSequenceEncoder - [1c172b3-5] Writing "606. foo bar"
17:48:22.924 [XNIO-5 I/O-7] DEBUG o.s.c.c.CharSequenceEncoder - [1c172b3-5] Writing "607. foo bar"
17:48:22.924 [XNIO-5 I/O-7] DEBUG o.s.c.c.CharSequenceEncoder - [1c172b3-5] Writing "608. foo bar"
17:48:22.924 [XNIO-5 I/O-7] DEBUG o.s.c.c.CharSequenceEncoder - [1c172b3-5] Writing "609. foo bar"
17:48:22.925 [XNIO-5 I/O-7] DEBUG o.s.c.c.CharSequenceEncoder - [1c172b3-5] Writing "610. foo bar"
17:48:22.925 [XNIO-5 I/O-7] DEBUG o.s.c.c.CharSequenceEncoder - [1c172b3-5] Writing "611. foo bar"
17:48:22.925 [XNIO-5 I/O-7] DEBUG o.s.c.c.CharSequenceEncoder - [1c172b3-5] Writing "612. foo bar"
17:48:22.925 [XNIO-5 I/O-7] DEBUG o.s.c.c.CharSequenceEncoder - [1c172b3-5] Writing "613. foo bar"
17:48:22.925 [XNIO-5 I/O-7] DEBUG o.s.c.c.CharSequenceEncoder - [1c172b3-5] Writing "614. foo bar"
17:48:22.925 [XNIO-5 I/O-7] DEBUG o.s.c.c.CharSequenceEncoder - [1c172b3-5] Writing "615. foo bar"
17:48:22.925 [XNIO-5 I/O-7] DEBUG o.s.c.c.CharSequenceEncoder - [1c172b3-5] Writing "616. foo bar"
17:48:22.925 [XNIO-5 I/O-7] DEBUG o.s.c.c.CharSequenceEncoder - [1c172b3-5] Writing "617. foo bar"
17:48:22.925 [XNIO-5 I/O-7] DEBUG o.s.c.c.CharSequenceEncoder - [1c172b3-5] Writing "618. foo bar"
17:48:22.925 [XNIO-5 I/O-7] DEBUG o.s.c.c.CharSequenceEncoder - [1c172b3-5] Writing "619. foo bar"
17:48:22.925 [XNIO-5 I/O-7] DEBUG o.s.c.c.CharSequenceEncoder - [1c172b3-5] Writing "620. foo bar"
17:48:22.925 [XNIO-5 I/O-7] DEBUG o.s.c.c.CharSequenceEncoder - [1c172b3-5] Writing "621. foo bar"
17:48:22.925 [XNIO-5 I/O-7] DEBUG o.s.c.c.CharSequenceEncoder - [1c172b3-5] Writing "622. foo bar"
17:48:22.925 [XNIO-5 I/O-7] DEBUG o.s.c.c.CharSequenceEncoder - [1c172b3-5] Writing "623. foo bar"
17:48:22.925 [XNIO-5 I/O-7] DEBUG o.s.c.c.CharSequenceEncoder - [1c172b3-5] Writing "624. foo bar"
17:48:22.925 [XNIO-5 I/O-7] DEBUG o.s.c.c.CharSequenceEncoder - [1c172b3-5] Writing "625. foo bar"
17:48:22.925 [XNIO-5 I/O-7] DEBUG o.s.c.c.CharSequenceEncoder - [1c172b3-5] Writing "626. foo bar"
17:48:22.925 [XNIO-5 I/O-7] DEBUG o.s.c.c.CharSequenceEncoder - [1c172b3-5] Writing "627. foo bar"
17:48:22.925 [XNIO-5 I/O-7] DEBUG o.s.c.c.CharSequenceEncoder - [1c172b3-5] Writing "628. foo bar"
17:48:22.925 [XNIO-5 I/O-7] DEBUG o.s.c.c.CharSequenceEncoder - [1c172b3-5] Writing "629. foo bar"
17:48:22.925 [XNIO-5 I/O-7] DEBUG o.s.c.c.CharSequenceEncoder - [1c172b3-5] Writing "630. foo bar"
17:48:22.925 [XNIO-5 I/O-7] DEBUG o.s.c.c.CharSequenceEncoder - [1c172b3-5] Writing "631. foo bar"
17:48:22.925 [XNIO-5 I/O-7] DEBUG o.s.c.c.CharSequenceEncoder - [1c172b3-5] Writing "632. foo bar"
17:48:22.925 [XNIO-5 I/O-7] DEBUG o.s.c.c.CharSequenceEncoder - [1c172b3-5] Writing "633. foo bar"
17:48:22.925 [XNIO-5 I/O-7] DEBUG o.s.c.c.CharSequenceEncoder - [1c172b3-5] Writing "634. foo bar"
17:48:22.925 [XNIO-5 I/O-7] DEBUG o.s.c.c.CharSequenceEncoder - [1c172b3-5] Writing "635. foo bar"
17:48:22.925 [XNIO-5 I/O-7] DEBUG o.s.c.c.CharSequenceEncoder - [1c172b3-5] Writing "636. foo bar"
17:48:22.925 [XNIO-5 I/O-7] DEBUG o.s.c.c.CharSequenceEncoder - [1c172b3-5] Writing "637. foo bar"
17:48:22.925 [XNIO-5 I/O-7] DEBUG o.s.c.c.CharSequenceEncoder - [1c172b3-5] Writing "638. foo bar"
17:48:22.925 [XNIO-5 I/O-7] DEBUG o.s.c.c.CharSequenceEncoder - [1c172b3-5] Writing "639. foo bar"
17:48:22.925 [XNIO-5 I/O-7] DEBUG o.s.c.c.CharSequenceEncoder - [1c172b3-5] Writing "640. foo bar"
17:48:22.925 [XNIO-5 I/O-7] DEBUG o.s.c.c.CharSequenceEncoder - [1c172b3-5] Writing "641. foo bar"
17:48:22.925 [XNIO-5 I/O-7] DEBUG o.s.c.c.CharSequenceEncoder - [1c172b3-5] Writing "642. foo bar"
17:48:22.925 [XNIO-5 I/O-7] DEBUG o.s.c.c.CharSequenceEncoder - [1c172b3-5] Writing "643. foo bar"
17:48:22.925 [XNIO-5 I/O-7] DEBUG o.s.c.c.CharSequenceEncoder - [1c172b3-5] Writing "644. foo bar"
17:48:22.925 [XNIO-5 I/O-7] DEBUG o.s.c.c.CharSequenceEncoder - [1c172b3-5] Writing "645. foo bar"
17:48:22.925 [XNIO-5 I/O-7] DEBUG o.s.c.c.CharSequenceEncoder - [1c172b3-5] Writing "646. foo bar"
17:48:22.925 [XNIO-5 I/O-7] DEBUG o.s.c.c.CharSequenceEncoder - [1c172b3-5] Writing "647. foo bar"
17:48:22.925 [XNIO-5 I/O-7] DEBUG o.s.c.c.CharSequenceEncoder - [1c172b3-5] Writing "648. foo bar"
17:48:22.925 [XNIO-5 I/O-7] DEBUG o.s.c.c.CharSequenceEncoder - [1c172b3-5] Writing "649. foo bar"
17:48:22.925 [XNIO-5 I/O-7] DEBUG o.s.c.c.CharSequenceEncoder - [1c172b3-5] Writing "650. foo bar"
17:48:22.925 [XNIO-5 I/O-7] DEBUG o.s.c.c.CharSequenceEncoder - [1c172b3-5] Writing "651. foo bar"
17:48:22.925 [XNIO-5 I/O-7] DEBUG o.s.c.c.CharSequenceEncoder - [1c172b3-5] Writing "652. foo bar"
17:48:22.926 [XNIO-5 I/O-7] DEBUG o.s.c.c.CharSequenceEncoder - [1c172b3-5] Writing "653. foo bar"
17:48:22.926 [XNIO-5 I/O-7] DEBUG o.s.c.c.CharSequenceEncoder - [1c172b3-5] Writing "654. foo bar"
17:48:22.926 [XNIO-5 I/O-7] DEBUG o.s.c.c.CharSequenceEncoder - [1c172b3-5] Writing "655. foo bar"
17:48:22.926 [XNIO-5 I/O-7] DEBUG o.s.c.c.CharSequenceEncoder - [1c172b3-5] Writing "656. foo bar"
17:48:22.926 [XNIO-5 I/O-7] DEBUG o.s.c.c.CharSequenceEncoder - [1c172b3-5] Writing "657. foo bar"
17:48:22.926 [XNIO-5 I/O-7] DEBUG o.s.c.c.CharSequenceEncoder - [1c172b3-5] Writing "658. foo bar"
17:48:22.926 [XNIO-5 I/O-7] DEBUG o.s.c.c.CharSequenceEncoder - [1c172b3-5] Writing "659. foo bar"
17:48:22.926 [XNIO-5 I/O-7] DEBUG o.s.c.c.CharSequenceEncoder - [1c172b3-5] Writing "660. foo bar"
17:48:22.926 [XNIO-5 I/O-7] DEBUG o.s.c.c.CharSequenceEncoder - [1c172b3-5] Writing "661. foo bar"
17:48:22.926 [XNIO-5 I/O-7] DEBUG o.s.c.c.CharSequenceEncoder - [1c172b3-5] Writing "662. foo bar"
17:48:22.926 [XNIO-5 I/O-7] DEBUG o.s.c.c.CharSequenceEncoder - [1c172b3-5] Writing "663. foo bar"
17:48:22.926 [XNIO-5 I/O-7] DEBUG o.s.c.c.CharSequenceEncoder - [1c172b3-5] Writing "664. foo bar"
17:48:22.926 [XNIO-5 I/O-7] DEBUG o.s.c.c.CharSequenceEncoder - [1c172b3-5] Writing "665. foo bar"
17:48:22.926 [XNIO-5 I/O-7] DEBUG o.s.c.c.CharSequenceEncoder - [1c172b3-5] Writing "666. foo bar"
17:48:22.926 [XNIO-5 I/O-7] DEBUG o.s.c.c.CharSequenceEncoder - [1c172b3-5] Writing "667. foo bar"
17:48:22.926 [XNIO-5 I/O-7] DEBUG o.s.c.c.CharSequenceEncoder - [1c172b3-5] Writing "668. foo bar"
17:48:22.926 [XNIO-5 I/O-7] DEBUG o.s.c.c.CharSequenceEncoder - [1c172b3-5] Writing "669. foo bar"
17:48:22.926 [XNIO-5 I/O-7] DEBUG o.s.c.c.CharSequenceEncoder - [1c172b3-5] Writing "670. foo bar"
17:48:22.926 [XNIO-5 I/O-7] DEBUG o.s.c.c.CharSequenceEncoder - [1c172b3-5] Writing "671. foo bar"
17:48:22.926 [XNIO-5 I/O-7] DEBUG o.s.c.c.CharSequenceEncoder - [1c172b3-5] Writing "672. foo bar"
17:48:22.926 [XNIO-5 I/O-7] DEBUG o.s.c.c.CharSequenceEncoder - [1c172b3-5] Writing "673. foo bar"
17:48:22.926 [XNIO-5 I/O-7] DEBUG o.s.c.c.CharSequenceEncoder - [1c172b3-5] Writing "674. foo bar"
17:48:22.926 [XNIO-5 I/O-7] DEBUG o.s.c.c.CharSequenceEncoder - [1c172b3-5] Writing "675. foo bar"
17:48:22.926 [XNIO-5 I/O-7] DEBUG o.s.c.c.CharSequenceEncoder - [1c172b3-5] Writing "676. foo bar"
17:48:22.926 [XNIO-5 I/O-7] DEBUG o.s.c.c.CharSequenceEncoder - [1c172b3-5] Writing "677. foo bar"
17:48:22.926 [XNIO-5 I/O-7] DEBUG o.s.c.c.CharSequenceEncoder - [1c172b3-5] Writing "678. foo bar"
17:48:22.926 [XNIO-5 I/O-7] DEBUG o.s.c.c.CharSequenceEncoder - [1c172b3-5] Writing "679. foo bar"
17:48:22.926 [XNIO-5 I/O-7] DEBUG o.s.c.c.CharSequenceEncoder - [1c172b3-5] Writing "680. foo bar"
17:48:22.926 [XNIO-5 I/O-7] DEBUG o.s.c.c.CharSequenceEncoder - [1c172b3-5] Writing "681. foo bar"
17:48:22.926 [XNIO-5 I/O-7] DEBUG o.s.c.c.CharSequenceEncoder - [1c172b3-5] Writing "682. foo bar"
17:48:22.926 [XNIO-5 I/O-7] DEBUG o.s.c.c.CharSequenceEncoder - [1c172b3-5] Writing "683. foo bar"
17:48:22.926 [XNIO-5 I/O-7] DEBUG o.s.c.c.CharSequenceEncoder - [1c172b3-5] Writing "684. foo bar"
17:48:22.926 [XNIO-5 I/O-7] DEBUG o.s.c.c.CharSequenceEncoder - [1c172b3-5] Writing "685. foo bar"
17:48:22.926 [XNIO-5 I/O-7] DEBUG o.s.c.c.CharSequenceEncoder - [1c172b3-5] Writing "686. foo bar"
17:48:22.926 [XNIO-5 I/O-7] DEBUG o.s.c.c.CharSequenceEncoder - [1c172b3-5] Writing "687. foo bar"
17:48:22.926 [XNIO-5 I/O-7] DEBUG o.s.c.c.CharSequenceEncoder - [1c172b3-5] Writing "688. foo bar"
17:48:22.927 [XNIO-5 I/O-7] DEBUG o.s.c.c.CharSequenceEncoder - [1c172b3-5] Writing "689. foo bar"
17:48:22.927 [XNIO-5 I/O-7] DEBUG o.s.c.c.CharSequenceEncoder - [1c172b3-5] Writing "690. foo bar"
17:48:22.927 [XNIO-5 I/O-7] DEBUG o.s.c.c.CharSequenceEncoder - [1c172b3-5] Writing "691. foo bar"
17:48:22.927 [XNIO-5 I/O-7] DEBUG o.s.c.c.CharSequenceEncoder - [1c172b3-5] Writing "692. foo bar"
17:48:22.927 [XNIO-5 I/O-7] DEBUG o.s.c.c.CharSequenceEncoder - [1c172b3-5] Writing "693. foo bar"
17:48:22.927 [XNIO-5 I/O-7] DEBUG o.s.c.c.CharSequenceEncoder - [1c172b3-5] Writing "694. foo bar"
17:48:22.927 [XNIO-5 I/O-7] DEBUG o.s.c.c.CharSequenceEncoder - [1c172b3-5] Writing "695. foo bar"
17:48:22.927 [XNIO-5 I/O-7] DEBUG o.s.c.c.CharSequenceEncoder - [1c172b3-5] Writing "696. foo bar"
17:48:22.927 [XNIO-5 I/O-7] DEBUG o.s.c.c.CharSequenceEncoder - [1c172b3-5] Writing "697. foo bar"
17:48:22.927 [XNIO-5 I/O-7] DEBUG o.s.c.c.CharSequenceEncoder - [1c172b3-5] Writing "698. foo bar"
17:48:22.927 [XNIO-5 I/O-7] DEBUG o.s.c.c.CharSequenceEncoder - [1c172b3-5] Writing "699. foo bar"
17:48:22.927 [XNIO-5 I/O-7] DEBUG o.s.c.c.CharSequenceEncoder - [1c172b3-5] Writing "700. foo bar"
17:48:22.927 [XNIO-5 I/O-7] DEBUG o.s.c.c.CharSequenceEncoder - [1c172b3-5] Writing "701. foo bar"
17:48:22.927 [XNIO-5 I/O-7] DEBUG o.s.c.c.CharSequenceEncoder - [1c172b3-5] Writing "702. foo bar"
17:48:22.927 [XNIO-5 I/O-7] DEBUG o.s.c.c.CharSequenceEncoder - [1c172b3-5] Writing "703. foo bar"
17:48:22.927 [XNIO-5 I/O-7] DEBUG o.s.c.c.CharSequenceEncoder - [1c172b3-5] Writing "704. foo bar"
17:48:22.927 [XNIO-5 I/O-7] DEBUG o.s.c.c.CharSequenceEncoder - [1c172b3-5] Writing "705. foo bar"
17:48:22.927 [XNIO-5 I/O-7] DEBUG o.s.c.c.CharSequenceEncoder - [1c172b3-5] Writing "706. foo bar"
17:48:22.927 [XNIO-5 I/O-7] DEBUG o.s.c.c.CharSequenceEncoder - [1c172b3-5] Writing "707. foo bar"
17:48:22.927 [XNIO-5 I/O-7] DEBUG o.s.c.c.CharSequenceEncoder - [1c172b3-5] Writing "708. foo bar"
17:48:22.927 [XNIO-5 I/O-7] DEBUG o.s.c.c.CharSequenceEncoder - [1c172b3-5] Writing "709. foo bar"
17:48:22.927 [XNIO-5 I/O-7] DEBUG o.s.c.c.CharSequenceEncoder - [1c172b3-5] Writing "710. foo bar"
17:48:22.927 [XNIO-5 I/O-7] DEBUG o.s.c.c.CharSequenceEncoder - [1c172b3-5] Writing "711. foo bar"
17:48:22.927 [XNIO-5 I/O-7] DEBUG o.s.c.c.CharSequenceEncoder - [1c172b3-5] Writing "712. foo bar"
17:48:22.927 [XNIO-5 I/O-7] DEBUG o.s.c.c.CharSequenceEncoder - [1c172b3-5] Writing "713. foo bar"
17:48:22.927 [XNIO-5 I/O-7] DEBUG o.s.c.c.CharSequenceEncoder - [1c172b3-5] Writing "714. foo bar"
17:48:22.927 [XNIO-5 I/O-7] DEBUG o.s.c.c.CharSequenceEncoder - [1c172b3-5] Writing "715. foo bar"
17:48:22.927 [XNIO-5 I/O-7] DEBUG o.s.c.c.CharSequenceEncoder - [1c172b3-5] Writing "716. foo bar"
17:48:22.927 [XNIO-5 I/O-7] DEBUG o.s.c.c.CharSequenceEncoder - [1c172b3-5] Writing "717. foo bar"
17:48:22.927 [XNIO-5 I/O-7] DEBUG o.s.c.c.CharSequenceEncoder - [1c172b3-5] Writing "718. foo bar"
17:48:22.927 [XNIO-5 I/O-7] DEBUG o.s.c.c.CharSequenceEncoder - [1c172b3-5] Writing "719. foo bar"
17:48:22.927 [XNIO-5 I/O-7] DEBUG o.s.c.c.CharSequenceEncoder - [1c172b3-5] Writing "720. foo bar"
17:48:22.927 [XNIO-5 I/O-7] DEBUG o.s.c.c.CharSequenceEncoder - [1c172b3-5] Writing "721. foo bar"
17:48:22.927 [XNIO-5 I/O-7] DEBUG o.s.c.c.CharSequenceEncoder - [1c172b3-5] Writing "722. foo bar"
17:48:22.928 [XNIO-5 I/O-7] DEBUG o.s.c.c.CharSequenceEncoder - [1c172b3-5] Writing "723. foo bar"
17:48:22.928 [XNIO-5 I/O-7] DEBUG o.s.c.c.CharSequenceEncoder - [1c172b3-5] Writing "724. foo bar"
17:48:22.928 [XNIO-5 I/O-7] DEBUG o.s.c.c.CharSequenceEncoder - [1c172b3-5] Writing "725. foo bar"
17:48:22.928 [XNIO-5 I/O-7] DEBUG o.s.c.c.CharSequenceEncoder - [1c172b3-5] Writing "726. foo bar"
17:48:22.928 [XNIO-5 I/O-7] DEBUG o.s.c.c.CharSequenceEncoder - [1c172b3-5] Writing "727. foo bar"
17:48:22.928 [XNIO-5 I/O-7] DEBUG o.s.c.c.CharSequenceEncoder - [1c172b3-5] Writing "728. foo bar"
17:48:22.928 [XNIO-5 I/O-7] DEBUG o.s.c.c.CharSequenceEncoder - [1c172b3-5] Writing "729. foo bar"
17:48:22.928 [XNIO-5 I/O-7] DEBUG o.s.c.c.CharSequenceEncoder - [1c172b3-5] Writing "730. foo bar"
17:48:22.928 [XNIO-5 I/O-7] DEBUG o.s.c.c.CharSequenceEncoder - [1c172b3-5] Writing "731. foo bar"
17:48:22.928 [XNIO-5 I/O-7] DEBUG o.s.c.c.CharSequenceEncoder - [1c172b3-5] Writing "732. foo bar"
17:48:22.928 [XNIO-5 I/O-7] DEBUG o.s.c.c.CharSequenceEncoder - [1c172b3-5] Writing "733. foo bar"
17:48:22.928 [XNIO-5 I/O-7] DEBUG o.s.c.c.CharSequenceEncoder - [1c172b3-5] Writing "734. foo bar"
17:48:22.928 [XNIO-5 I/O-7] DEBUG o.s.c.c.CharSequenceEncoder - [1c172b3-5] Writing "735. foo bar"
17:48:22.928 [XNIO-5 I/O-7] DEBUG o.s.c.c.CharSequenceEncoder - [1c172b3-5] Writing "736. foo bar"
17:48:22.928 [XNIO-5 I/O-7] DEBUG o.s.c.c.CharSequenceEncoder - [1c172b3-5] Writing "737. foo bar"
17:48:22.928 [XNIO-5 I/O-7] DEBUG o.s.c.c.CharSequenceEncoder - [1c172b3-5] Writing "738. foo bar"
17:48:22.928 [XNIO-5 I/O-7] DEBUG o.s.c.c.CharSequenceEncoder - [1c172b3-5] Writing "739. foo bar"
17:48:22.928 [XNIO-5 I/O-7] DEBUG o.s.c.c.CharSequenceEncoder - [1c172b3-5] Writing "740. foo bar"
17:48:22.928 [XNIO-5 I/O-7] DEBUG o.s.c.c.CharSequenceEncoder - [1c172b3-5] Writing "741. foo bar"
17:48:22.928 [XNIO-5 I/O-7] DEBUG o.s.c.c.CharSequenceEncoder - [1c172b3-5] Writing "742. foo bar"
17:48:22.928 [XNIO-5 I/O-7] DEBUG o.s.c.c.CharSequenceEncoder - [1c172b3-5] Writing "743. foo bar"
17:48:22.928 [XNIO-5 I/O-7] DEBUG o.s.c.c.CharSequenceEncoder - [1c172b3-5] Writing "744. foo bar"
17:48:22.928 [XNIO-5 I/O-7] DEBUG o.s.c.c.CharSequenceEncoder - [1c172b3-5] Writing "745. foo bar"
17:48:22.928 [XNIO-5 I/O-7] DEBUG o.s.c.c.CharSequenceEncoder - [1c172b3-5] Writing "746. foo bar"
17:48:22.928 [XNIO-5 I/O-7] DEBUG o.s.c.c.CharSequenceEncoder - [1c172b3-5] Writing "747. foo bar"
17:48:22.928 [XNIO-5 I/O-7] DEBUG o.s.c.c.CharSequenceEncoder - [1c172b3-5] Writing "748. foo bar"
17:48:22.928 [XNIO-5 I/O-7] DEBUG o.s.c.c.CharSequenceEncoder - [1c172b3-5] Writing "749. foo bar"
17:48:22.928 [XNIO-5 I/O-7] DEBUG o.s.c.c.CharSequenceEncoder - [1c172b3-5] Writing "750. foo bar"
17:48:22.928 [XNIO-5 I/O-7] DEBUG o.s.c.c.CharSequenceEncoder - [1c172b3-5] Writing "751. foo bar"
17:48:22.928 [XNIO-5 I/O-7] DEBUG o.s.c.c.CharSequenceEncoder - [1c172b3-5] Writing "752. foo bar"
17:48:22.928 [XNIO-5 I/O-7] DEBUG o.s.c.c.CharSequenceEncoder - [1c172b3-5] Writing "753. foo bar"
17:48:22.928 [XNIO-5 I/O-7] DEBUG o.s.c.c.CharSequenceEncoder - [1c172b3-5] Writing "754. foo bar"
17:48:22.928 [XNIO-5 I/O-7] DEBUG o.s.c.c.CharSequenceEncoder - [1c172b3-5] Writing "755. foo bar"
17:48:22.928 [XNIO-5 I/O-7] DEBUG o.s.c.c.CharSequenceEncoder - [1c172b3-5] Writing "756. foo bar"
17:48:22.928 [XNIO-5 I/O-7] DEBUG o.s.c.c.CharSequenceEncoder - [1c172b3-5] Writing "757. foo bar"
17:48:22.928 [XNIO-5 I/O-7] DEBUG o.s.c.c.CharSequenceEncoder - [1c172b3-5] Writing "758. foo bar"
17:48:22.928 [XNIO-5 I/O-7] DEBUG o.s.c.c.CharSequenceEncoder - [1c172b3-5] Writing "759. foo bar"
17:48:22.928 [XNIO-5 I/O-7] DEBUG o.s.c.c.CharSequenceEncoder - [1c172b3-5] Writing "760. foo bar"
17:48:22.928 [XNIO-5 I/O-7] DEBUG o.s.c.c.CharSequenceEncoder - [1c172b3-5] Writing "761. foo bar"
17:48:22.929 [XNIO-5 I/O-7] DEBUG o.s.c.c.CharSequenceEncoder - [1c172b3-5] Writing "762. foo bar"
17:48:22.929 [XNIO-5 I/O-7] DEBUG o.s.c.c.CharSequenceEncoder - [1c172b3-5] Writing "763. foo bar"
17:48:22.929 [XNIO-5 I/O-7] DEBUG o.s.c.c.CharSequenceEncoder - [1c172b3-5] Writing "764. foo bar"
17:48:22.929 [XNIO-5 I/O-7] DEBUG o.s.c.c.CharSequenceEncoder - [1c172b3-5] Writing "765. foo bar"
17:48:22.929 [XNIO-5 I/O-7] DEBUG o.s.c.c.CharSequenceEncoder - [1c172b3-5] Writing "766. foo bar"
17:48:22.929 [XNIO-5 I/O-7] DEBUG o.s.c.c.CharSequenceEncoder - [1c172b3-5] Writing "767. foo bar"
17:48:22.929 [XNIO-5 I/O-7] DEBUG o.s.c.c.CharSequenceEncoder - [1c172b3-5] Writing "768. foo bar"
17:48:22.929 [XNIO-5 I/O-7] DEBUG o.s.c.c.CharSequenceEncoder - [1c172b3-5] Writing "769. foo bar"
17:48:22.929 [XNIO-5 I/O-7] DEBUG o.s.c.c.CharSequenceEncoder - [1c172b3-5] Writing "770. foo bar"
17:48:22.929 [XNIO-5 I/O-7] DEBUG o.s.c.c.CharSequenceEncoder - [1c172b3-5] Writing "771. foo bar"
17:48:22.929 [XNIO-5 I/O-7] DEBUG o.s.c.c.CharSequenceEncoder - [1c172b3-5] Writing "772. foo bar"
17:48:22.929 [XNIO-5 I/O-7] DEBUG o.s.c.c.CharSequenceEncoder - [1c172b3-5] Writing "773. foo bar"
17:48:22.929 [XNIO-5 I/O-7] DEBUG o.s.c.c.CharSequenceEncoder - [1c172b3-5] Writing "774. foo bar"
17:48:22.929 [XNIO-5 I/O-7] DEBUG o.s.c.c.CharSequenceEncoder - [1c172b3-5] Writing "775. foo bar"
17:48:22.929 [XNIO-5 I/O-7] DEBUG o.s.c.c.CharSequenceEncoder - [1c172b3-5] Writing "776. foo bar"
17:48:22.929 [XNIO-5 I/O-7] DEBUG o.s.c.c.CharSequenceEncoder - [1c172b3-5] Writing "777. foo bar"
17:48:22.929 [XNIO-5 I/O-7] DEBUG o.s.c.c.CharSequenceEncoder - [1c172b3-5] Writing "778. foo bar"
17:48:22.929 [XNIO-5 I/O-7] DEBUG o.s.c.c.CharSequenceEncoder - [1c172b3-5] Writing "779. foo bar"
17:48:22.929 [XNIO-5 I/O-7] DEBUG o.s.c.c.CharSequenceEncoder - [1c172b3-5] Writing "780. foo bar"
17:48:22.929 [XNIO-5 I/O-7] DEBUG o.s.c.c.CharSequenceEncoder - [1c172b3-5] Writing "781. foo bar"
17:48:22.929 [XNIO-5 I/O-7] DEBUG o.s.c.c.CharSequenceEncoder - [1c172b3-5] Writing "782. foo bar"
17:48:22.929 [XNIO-5 I/O-7] DEBUG o.s.c.c.CharSequenceEncoder - [1c172b3-5] Writing "783. foo bar"
17:48:22.929 [XNIO-5 I/O-7] DEBUG o.s.c.c.CharSequenceEncoder - [1c172b3-5] Writing "784. foo bar"
17:48:22.929 [XNIO-5 I/O-7] DEBUG o.s.c.c.CharSequenceEncoder - [1c172b3-5] Writing "785. foo bar"
17:48:22.929 [XNIO-5 I/O-7] DEBUG o.s.c.c.CharSequenceEncoder - [1c172b3-5] Writing "786. foo bar"
17:48:22.929 [XNIO-5 I/O-7] DEBUG o.s.c.c.CharSequenceEncoder - [1c172b3-5] Writing "787. foo bar"
17:48:22.929 [XNIO-5 I/O-7] DEBUG o.s.c.c.CharSequenceEncoder - [1c172b3-5] Writing "788. foo bar"
17:48:22.929 [XNIO-5 I/O-7] DEBUG o.s.c.c.CharSequenceEncoder - [1c172b3-5] Writing "789. foo bar"
17:48:22.929 [XNIO-5 I/O-7] DEBUG o.s.c.c.CharSequenceEncoder - [1c172b3-5] Writing "790. foo bar"
17:48:22.929 [XNIO-5 I/O-7] DEBUG o.s.c.c.CharSequenceEncoder - [1c172b3-5] Writing "791. foo bar"
17:48:22.929 [XNIO-5 I/O-7] DEBUG o.s.c.c.CharSequenceEncoder - [1c172b3-5] Writing "792. foo bar"
17:48:22.929 [XNIO-5 I/O-7] DEBUG o.s.c.c.CharSequenceEncoder - [1c172b3-5] Writing "793. foo bar"
17:48:22.929 [XNIO-5 I/O-7] DEBUG o.s.c.c.CharSequenceEncoder - [1c172b3-5] Writing "794. foo bar"
17:48:22.929 [XNIO-5 I/O-7] DEBUG o.s.c.c.CharSequenceEncoder - [1c172b3-5] Writing "795. foo bar"
17:48:22.929 [XNIO-5 I/O-7] DEBUG o.s.c.c.CharSequenceEncoder - [1c172b3-5] Writing "796. foo bar"
17:48:22.929 [XNIO-5 I/O-7] DEBUG o.s.c.c.CharSequenceEncoder - [1c172b3-5] Writing "797. foo bar"
17:48:22.930 [XNIO-5 I/O-7] DEBUG o.s.c.c.CharSequenceEncoder - [1c172b3-5] Writing "798. foo bar"
17:48:22.930 [XNIO-5 I/O-7] DEBUG o.s.c.c.CharSequenceEncoder - [1c172b3-5] Writing "799. foo bar"
17:48:22.930 [XNIO-5 I/O-7] DEBUG o.s.c.c.CharSequenceEncoder - [1c172b3-5] Writing "800. foo bar"
17:48:22.930 [XNIO-5 I/O-7] DEBUG o.s.c.c.CharSequenceEncoder - [1c172b3-5] Writing "801. foo bar"
17:48:22.930 [XNIO-5 I/O-7] DEBUG o.s.c.c.CharSequenceEncoder - [1c172b3-5] Writing "802. foo bar"
17:48:22.930 [XNIO-5 I/O-7] DEBUG o.s.c.c.CharSequenceEncoder - [1c172b3-5] Writing "803. foo bar"
17:48:22.930 [XNIO-5 I/O-7] DEBUG o.s.c.c.CharSequenceEncoder - [1c172b3-5] Writing "804. foo bar"
17:48:22.930 [XNIO-5 I/O-7] DEBUG o.s.c.c.CharSequenceEncoder - [1c172b3-5] Writing "805. foo bar"
17:48:22.930 [XNIO-5 I/O-7] DEBUG o.s.c.c.CharSequenceEncoder - [1c172b3-5] Writing "806. foo bar"
17:48:22.930 [XNIO-5 I/O-7] DEBUG o.s.c.c.CharSequenceEncoder - [1c172b3-5] Writing "807. foo bar"
17:48:22.930 [XNIO-5 I/O-7] DEBUG o.s.c.c.CharSequenceEncoder - [1c172b3-5] Writing "808. foo bar"
17:48:22.930 [XNIO-5 I/O-7] DEBUG o.s.c.c.CharSequenceEncoder - [1c172b3-5] Writing "809. foo bar"
17:48:22.930 [XNIO-5 I/O-7] DEBUG o.s.c.c.CharSequenceEncoder - [1c172b3-5] Writing "810. foo bar"
17:48:22.930 [XNIO-5 I/O-7] DEBUG o.s.c.c.CharSequenceEncoder - [1c172b3-5] Writing "811. foo bar"
17:48:22.930 [XNIO-5 I/O-7] DEBUG o.s.c.c.CharSequenceEncoder - [1c172b3-5] Writing "812. foo bar"
17:48:22.930 [XNIO-5 I/O-7] DEBUG o.s.c.c.CharSequenceEncoder - [1c172b3-5] Writing "813. foo bar"
17:48:22.930 [XNIO-5 I/O-7] DEBUG o.s.c.c.CharSequenceEncoder - [1c172b3-5] Writing "814. foo bar"
17:48:22.930 [XNIO-5 I/O-7] DEBUG o.s.c.c.CharSequenceEncoder - [1c172b3-5] Writing "815. foo bar"
17:48:22.930 [XNIO-5 I/O-7] DEBUG o.s.c.c.CharSequenceEncoder - [1c172b3-5] Writing "816. foo bar"
17:48:22.930 [XNIO-5 I/O-7] DEBUG o.s.c.c.CharSequenceEncoder - [1c172b3-5] Writing "817. foo bar"
17:48:22.930 [XNIO-5 I/O-7] DEBUG o.s.c.c.CharSequenceEncoder - [1c172b3-5] Writing "818. foo bar"
17:48:22.930 [XNIO-5 I/O-7] DEBUG o.s.c.c.CharSequenceEncoder - [1c172b3-5] Writing "819. foo bar"
17:48:22.930 [XNIO-5 I/O-7] DEBUG o.s.c.c.CharSequenceEncoder - [1c172b3-5] Writing "820. foo bar"
17:48:22.930 [XNIO-5 I/O-7] DEBUG o.s.c.c.CharSequenceEncoder - [1c172b3-5] Writing "821. foo bar"
17:48:22.930 [XNIO-5 I/O-7] DEBUG o.s.c.c.CharSequenceEncoder - [1c172b3-5] Writing "822. foo bar"
17:48:22.930 [XNIO-5 I/O-7] DEBUG o.s.c.c.CharSequenceEncoder - [1c172b3-5] Writing "823. foo bar"
17:48:22.930 [XNIO-5 I/O-7] DEBUG o.s.c.c.CharSequenceEncoder - [1c172b3-5] Writing "824. foo bar"
17:48:22.930 [XNIO-5 I/O-7] DEBUG o.s.c.c.CharSequenceEncoder - [1c172b3-5] Writing "825. foo bar"
17:48:22.930 [XNIO-5 I/O-7] DEBUG o.s.c.c.CharSequenceEncoder - [1c172b3-5] Writing "826. foo bar"
17:48:22.930 [XNIO-5 I/O-7] DEBUG o.s.c.c.CharSequenceEncoder - [1c172b3-5] Writing "827. foo bar"
17:48:22.930 [XNIO-5 I/O-7] DEBUG o.s.c.c.CharSequenceEncoder - [1c172b3-5] Writing "828. foo bar"
17:48:22.930 [XNIO-5 I/O-7] DEBUG o.s.c.c.CharSequenceEncoder - [1c172b3-5] Writing "829. foo bar"
17:48:22.930 [XNIO-5 I/O-7] DEBUG o.s.c.c.CharSequenceEncoder - [1c172b3-5] Writing "830. foo bar"
17:48:22.930 [XNIO-5 I/O-7] DEBUG o.s.c.c.CharSequenceEncoder - [1c172b3-5] Writing "831. foo bar"
17:48:22.930 [XNIO-5 I/O-7] DEBUG o.s.c.c.CharSequenceEncoder - [1c172b3-5] Writing "832. foo bar"
17:48:22.930 [XNIO-5 I/O-7] DEBUG o.s.c.c.CharSequenceEncoder - [1c172b3-5] Writing "833. foo bar"
17:48:22.930 [XNIO-5 I/O-7] DEBUG o.s.c.c.CharSequenceEncoder - [1c172b3-5] Writing "834. foo bar"
17:48:22.930 [XNIO-5 I/O-7] DEBUG o.s.c.c.CharSequenceEncoder - [1c172b3-5] Writing "835. foo bar"
17:48:22.930 [XNIO-5 I/O-7] DEBUG o.s.c.c.CharSequenceEncoder - [1c172b3-5] Writing "836. foo bar"
17:48:22.930 [XNIO-5 I/O-7] DEBUG o.s.c.c.CharSequenceEncoder - [1c172b3-5] Writing "837. foo bar"
17:48:22.930 [XNIO-5 I/O-7] DEBUG o.s.c.c.CharSequenceEncoder - [1c172b3-5] Writing "838. foo bar"
17:48:22.930 [XNIO-5 I/O-7] DEBUG o.s.c.c.CharSequenceEncoder - [1c172b3-5] Writing "839. foo bar"
17:48:22.930 [XNIO-5 I/O-7] DEBUG o.s.c.c.CharSequenceEncoder - [1c172b3-5] Writing "840. foo bar"
17:48:22.930 [XNIO-5 I/O-7] DEBUG o.s.c.c.CharSequenceEncoder - [1c172b3-5] Writing "841. foo bar"
17:48:22.930 [XNIO-5 I/O-7] DEBUG o.s.c.c.CharSequenceEncoder - [1c172b3-5] Writing "842. foo bar"
17:48:22.930 [XNIO-5 I/O-7] DEBUG o.s.c.c.CharSequenceEncoder - [1c172b3-5] Writing "843. foo bar"
17:48:22.931 [XNIO-5 I/O-7] DEBUG o.s.c.c.CharSequenceEncoder - [1c172b3-5] Writing "844. foo bar"
17:48:22.931 [XNIO-5 I/O-7] DEBUG o.s.c.c.CharSequenceEncoder - [1c172b3-5] Writing "845. foo bar"
17:48:22.931 [XNIO-5 I/O-7] DEBUG o.s.c.c.CharSequenceEncoder - [1c172b3-5] Writing "846. foo bar"
17:48:22.931 [XNIO-5 I/O-7] DEBUG o.s.c.c.CharSequenceEncoder - [1c172b3-5] Writing "847. foo bar"
17:48:22.931 [XNIO-5 I/O-7] DEBUG o.s.c.c.CharSequenceEncoder - [1c172b3-5] Writing "848. foo bar"
17:48:22.931 [XNIO-5 I/O-7] DEBUG o.s.c.c.CharSequenceEncoder - [1c172b3-5] Writing "849. foo bar"
17:48:22.931 [XNIO-5 I/O-7] DEBUG o.s.c.c.CharSequenceEncoder - [1c172b3-5] Writing "850. foo bar"
17:48:22.931 [XNIO-5 I/O-7] DEBUG o.s.c.c.CharSequenceEncoder - [1c172b3-5] Writing "851. foo bar"
17:48:22.931 [XNIO-5 I/O-7] DEBUG o.s.c.c.CharSequenceEncoder - [1c172b3-5] Writing "852. foo bar"
17:48:22.931 [XNIO-5 I/O-7] DEBUG o.s.c.c.CharSequenceEncoder - [1c172b3-5] Writing "853. foo bar"
17:48:22.931 [XNIO-5 I/O-7] DEBUG o.s.c.c.CharSequenceEncoder - [1c172b3-5] Writing "854. foo bar"
17:48:22.931 [XNIO-5 I/O-7] DEBUG o.s.c.c.CharSequenceEncoder - [1c172b3-5] Writing "855. foo bar"
17:48:22.931 [XNIO-5 I/O-7] DEBUG o.s.c.c.CharSequenceEncoder - [1c172b3-5] Writing "856. foo bar"
17:48:22.931 [XNIO-5 I/O-7] DEBUG o.s.c.c.CharSequenceEncoder - [1c172b3-5] Writing "857. foo bar"
17:48:22.931 [XNIO-5 I/O-7] DEBUG o.s.c.c.CharSequenceEncoder - [1c172b3-5] Writing "858. foo bar"
17:48:22.931 [XNIO-5 I/O-7] DEBUG o.s.c.c.CharSequenceEncoder - [1c172b3-5] Writing "859. foo bar"
17:48:22.931 [XNIO-5 I/O-7] DEBUG o.s.c.c.CharSequenceEncoder - [1c172b3-5] Writing "860. foo bar"
17:48:22.931 [XNIO-5 I/O-7] DEBUG o.s.c.c.CharSequenceEncoder - [1c172b3-5] Writing "861. foo bar"
17:48:22.931 [XNIO-5 I/O-7] DEBUG o.s.c.c.CharSequenceEncoder - [1c172b3-5] Writing "862. foo bar"
17:48:22.931 [XNIO-5 I/O-7] DEBUG o.s.c.c.CharSequenceEncoder - [1c172b3-5] Writing "863. foo bar"
17:48:22.931 [XNIO-5 I/O-7] DEBUG o.s.c.c.CharSequenceEncoder - [1c172b3-5] Writing "864. foo bar"
17:48:22.931 [XNIO-5 I/O-7] DEBUG o.s.c.c.CharSequenceEncoder - [1c172b3-5] Writing "865. foo bar"
17:48:22.931 [XNIO-5 I/O-7] DEBUG o.s.c.c.CharSequenceEncoder - [1c172b3-5] Writing "866. foo bar"
17:48:22.931 [XNIO-5 I/O-7] DEBUG o.s.c.c.CharSequenceEncoder - [1c172b3-5] Writing "867. foo bar"
17:48:22.931 [XNIO-5 I/O-7] DEBUG o.s.c.c.CharSequenceEncoder - [1c172b3-5] Writing "868. foo bar"
17:48:22.931 [XNIO-5 I/O-7] DEBUG o.s.c.c.CharSequenceEncoder - [1c172b3-5] Writing "869. foo bar"
17:48:22.931 [XNIO-5 I/O-7] DEBUG o.s.c.c.CharSequenceEncoder - [1c172b3-5] Writing "870. foo bar"
17:48:22.931 [XNIO-5 I/O-7] DEBUG o.s.c.c.CharSequenceEncoder - [1c172b3-5] Writing "871. foo bar"
17:48:22.931 [XNIO-5 I/O-7] DEBUG o.s.c.c.CharSequenceEncoder - [1c172b3-5] Writing "872. foo bar"
17:48:22.931 [XNIO-5 I/O-7] DEBUG o.s.c.c.CharSequenceEncoder - [1c172b3-5] Writing "873. foo bar"
17:48:22.931 [XNIO-5 I/O-7] DEBUG o.s.c.c.CharSequenceEncoder - [1c172b3-5] Writing "874. foo bar"
17:48:22.931 [XNIO-5 I/O-7] DEBUG o.s.c.c.CharSequenceEncoder - [1c172b3-5] Writing "875. foo bar"
17:48:22.931 [XNIO-5 I/O-7] DEBUG o.s.c.c.CharSequenceEncoder - [1c172b3-5] Writing "876. foo bar"
17:48:22.931 [XNIO-5 I/O-7] DEBUG o.s.c.c.CharSequenceEncoder - [1c172b3-5] Writing "877. foo bar"
17:48:22.931 [XNIO-5 I/O-7] DEBUG o.s.c.c.CharSequenceEncoder - [1c172b3-5] Writing "878. foo bar"
17:48:22.931 [XNIO-5 I/O-7] DEBUG o.s.c.c.CharSequenceEncoder - [1c172b3-5] Writing "879. foo bar"
17:48:22.931 [XNIO-5 I/O-7] DEBUG o.s.c.c.CharSequenceEncoder - [1c172b3-5] Writing "880. foo bar"
17:48:22.931 [XNIO-5 I/O-7] DEBUG o.s.c.c.CharSequenceEncoder - [1c172b3-5] Writing "881. foo bar"
17:48:22.931 [XNIO-5 I/O-7] DEBUG o.s.c.c.CharSequenceEncoder - [1c172b3-5] Writing "882. foo bar"
17:48:22.931 [XNIO-5 I/O-7] DEBUG o.s.c.c.CharSequenceEncoder - [1c172b3-5] Writing "883. foo bar"
17:48:22.931 [XNIO-5 I/O-7] DEBUG o.s.c.c.CharSequenceEncoder - [1c172b3-5] Writing "884. foo bar"
17:48:22.932 [XNIO-5 I/O-7] DEBUG o.s.c.c.CharSequenceEncoder - [1c172b3-5] Writing "885. foo bar"
17:48:22.932 [XNIO-5 I/O-7] DEBUG o.s.c.c.CharSequenceEncoder - [1c172b3-5] Writing "886. foo bar"
17:48:22.932 [XNIO-5 I/O-7] DEBUG o.s.c.c.CharSequenceEncoder - [1c172b3-5] Writing "887. foo bar"
17:48:22.932 [XNIO-5 I/O-7] DEBUG o.s.c.c.CharSequenceEncoder - [1c172b3-5] Writing "888. foo bar"
17:48:22.932 [XNIO-5 I/O-7] DEBUG o.s.c.c.CharSequenceEncoder - [1c172b3-5] Writing "889. foo bar"
17:48:22.932 [XNIO-5 I/O-7] DEBUG o.s.c.c.CharSequenceEncoder - [1c172b3-5] Writing "890. foo bar"
17:48:22.932 [XNIO-5 I/O-7] DEBUG o.s.c.c.CharSequenceEncoder - [1c172b3-5] Writing "891. foo bar"
17:48:22.932 [XNIO-5 I/O-7] DEBUG o.s.c.c.CharSequenceEncoder - [1c172b3-5] Writing "892. foo bar"
17:48:22.932 [XNIO-5 I/O-7] DEBUG o.s.c.c.CharSequenceEncoder - [1c172b3-5] Writing "893. foo bar"
17:48:22.932 [XNIO-5 I/O-7] DEBUG o.s.c.c.CharSequenceEncoder - [1c172b3-5] Writing "894. foo bar"
17:48:22.932 [XNIO-5 I/O-7] DEBUG o.s.c.c.CharSequenceEncoder - [1c172b3-5] Writing "895. foo bar"
17:48:22.932 [XNIO-5 I/O-7] DEBUG o.s.c.c.CharSequenceEncoder - [1c172b3-5] Writing "896. foo bar"
17:48:22.932 [XNIO-5 I/O-7] DEBUG o.s.c.c.CharSequenceEncoder - [1c172b3-5] Writing "897. foo bar"
17:48:22.932 [XNIO-5 I/O-7] DEBUG o.s.c.c.CharSequenceEncoder - [1c172b3-5] Writing "898. foo bar"
17:48:22.932 [XNIO-5 I/O-7] DEBUG o.s.c.c.CharSequenceEncoder - [1c172b3-5] Writing "899. foo bar"
17:48:22.932 [XNIO-5 I/O-7] DEBUG o.s.c.c.CharSequenceEncoder - [1c172b3-5] Writing "900. foo bar"
17:48:22.932 [XNIO-5 I/O-7] DEBUG o.s.c.c.CharSequenceEncoder - [1c172b3-5] Writing "901. foo bar"
17:48:22.932 [XNIO-5 I/O-7] DEBUG o.s.c.c.CharSequenceEncoder - [1c172b3-5] Writing "902. foo bar"
17:48:22.932 [XNIO-5 I/O-7] DEBUG o.s.c.c.CharSequenceEncoder - [1c172b3-5] Writing "903. foo bar"
17:48:22.932 [XNIO-5 I/O-7] DEBUG o.s.c.c.CharSequenceEncoder - [1c172b3-5] Writing "904. foo bar"
17:48:22.932 [XNIO-5 I/O-7] DEBUG o.s.c.c.CharSequenceEncoder - [1c172b3-5] Writing "905. foo bar"
17:48:22.932 [XNIO-5 I/O-7] DEBUG o.s.c.c.CharSequenceEncoder - [1c172b3-5] Writing "906. foo bar"
17:48:22.932 [XNIO-5 I/O-7] DEBUG o.s.c.c.CharSequenceEncoder - [1c172b3-5] Writing "907. foo bar"
17:48:22.932 [XNIO-5 I/O-7] DEBUG o.s.c.c.CharSequenceEncoder - [1c172b3-5] Writing "908. foo bar"
17:48:22.932 [XNIO-5 I/O-7] DEBUG o.s.c.c.CharSequenceEncoder - [1c172b3-5] Writing "909. foo bar"
17:48:22.932 [XNIO-5 I/O-7] DEBUG o.s.c.c.CharSequenceEncoder - [1c172b3-5] Writing "910. foo bar"
17:48:22.932 [XNIO-5 I/O-7] DEBUG o.s.c.c.CharSequenceEncoder - [1c172b3-5] Writing "911. foo bar"
17:48:22.932 [XNIO-5 I/O-7] DEBUG o.s.c.c.CharSequenceEncoder - [1c172b3-5] Writing "912. foo bar"
17:48:22.932 [XNIO-5 I/O-7] DEBUG o.s.c.c.CharSequenceEncoder - [1c172b3-5] Writing "913. foo bar"
17:48:22.932 [XNIO-5 I/O-7] DEBUG o.s.c.c.CharSequenceEncoder - [1c172b3-5] Writing "914. foo bar"
17:48:22.932 [XNIO-5 I/O-7] DEBUG o.s.c.c.CharSequenceEncoder - [1c172b3-5] Writing "915. foo bar"
17:48:22.932 [XNIO-5 I/O-7] DEBUG o.s.c.c.CharSequenceEncoder - [1c172b3-5] Writing "916. foo bar"
17:48:22.932 [XNIO-5 I/O-7] DEBUG o.s.c.c.CharSequenceEncoder - [1c172b3-5] Writing "917. foo bar"
17:48:22.933 [XNIO-5 I/O-7] DEBUG o.s.c.c.CharSequenceEncoder - [1c172b3-5] Writing "918. foo bar"
17:48:22.933 [XNIO-5 I/O-7] DEBUG o.s.c.c.CharSequenceEncoder - [1c172b3-5] Writing "919. foo bar"
17:48:22.933 [XNIO-5 I/O-7] DEBUG o.s.c.c.CharSequenceEncoder - [1c172b3-5] Writing "920. foo bar"
17:48:22.933 [XNIO-5 I/O-7] DEBUG o.s.c.c.CharSequenceEncoder - [1c172b3-5] Writing "921. foo bar"
17:48:22.933 [XNIO-5 I/O-7] DEBUG o.s.c.c.CharSequenceEncoder - [1c172b3-5] Writing "922. foo bar"
17:48:22.933 [XNIO-5 I/O-7] DEBUG o.s.c.c.CharSequenceEncoder - [1c172b3-5] Writing "923. foo bar"
17:48:22.933 [XNIO-5 I/O-7] DEBUG o.s.c.c.CharSequenceEncoder - [1c172b3-5] Writing "924. foo bar"
17:48:22.933 [XNIO-5 I/O-7] DEBUG o.s.c.c.CharSequenceEncoder - [1c172b3-5] Writing "925. foo bar"
17:48:22.933 [XNIO-5 I/O-7] DEBUG o.s.c.c.CharSequenceEncoder - [1c172b3-5] Writing "926. foo bar"
17:48:22.933 [XNIO-5 I/O-7] DEBUG o.s.c.c.CharSequenceEncoder - [1c172b3-5] Writing "927. foo bar"
17:48:22.933 [XNIO-5 I/O-7] DEBUG o.s.c.c.CharSequenceEncoder - [1c172b3-5] Writing "928. foo bar"
17:48:22.933 [XNIO-5 I/O-7] DEBUG o.s.c.c.CharSequenceEncoder - [1c172b3-5] Writing "929. foo bar"
17:48:22.933 [XNIO-5 I/O-7] DEBUG o.s.c.c.CharSequenceEncoder - [1c172b3-5] Writing "930. foo bar"
17:48:22.933 [XNIO-5 I/O-7] DEBUG o.s.c.c.CharSequenceEncoder - [1c172b3-5] Writing "931. foo bar"
17:48:22.933 [XNIO-5 I/O-7] DEBUG o.s.c.c.CharSequenceEncoder - [1c172b3-5] Writing "932. foo bar"
17:48:22.933 [XNIO-5 I/O-7] DEBUG o.s.c.c.CharSequenceEncoder - [1c172b3-5] Writing "933. foo bar"
17:48:22.933 [XNIO-5 I/O-7] DEBUG o.s.c.c.CharSequenceEncoder - [1c172b3-5] Writing "934. foo bar"
17:48:22.933 [XNIO-5 I/O-7] DEBUG o.s.c.c.CharSequenceEncoder - [1c172b3-5] Writing "935. foo bar"
17:48:22.933 [XNIO-5 I/O-7] DEBUG o.s.c.c.CharSequenceEncoder - [1c172b3-5] Writing "936. foo bar"
17:48:22.933 [XNIO-5 I/O-7] DEBUG o.s.c.c.CharSequenceEncoder - [1c172b3-5] Writing "937. foo bar"
17:48:22.933 [XNIO-5 I/O-7] DEBUG o.s.c.c.CharSequenceEncoder - [1c172b3-5] Writing "938. foo bar"
17:48:22.933 [XNIO-5 I/O-7] DEBUG o.s.c.c.CharSequenceEncoder - [1c172b3-5] Writing "939. foo bar"
17:48:22.933 [XNIO-5 I/O-7] DEBUG o.s.c.c.CharSequenceEncoder - [1c172b3-5] Writing "940. foo bar"
17:48:22.933 [XNIO-5 I/O-7] DEBUG o.s.c.c.CharSequenceEncoder - [1c172b3-5] Writing "941. foo bar"
17:48:22.933 [XNIO-5 I/O-7] DEBUG o.s.c.c.CharSequenceEncoder - [1c172b3-5] Writing "942. foo bar"
17:48:22.933 [XNIO-5 I/O-7] DEBUG o.s.c.c.CharSequenceEncoder - [1c172b3-5] Writing "943. foo bar"
17:48:22.933 [XNIO-5 I/O-7] DEBUG o.s.c.c.CharSequenceEncoder - [1c172b3-5] Writing "944. foo bar"
17:48:22.933 [XNIO-5 I/O-7] DEBUG o.s.c.c.CharSequenceEncoder - [1c172b3-5] Writing "945. foo bar"
17:48:22.933 [XNIO-5 I/O-7] DEBUG o.s.c.c.CharSequenceEncoder - [1c172b3-5] Writing "946. foo bar"
17:48:22.933 [XNIO-5 I/O-7] DEBUG o.s.c.c.CharSequenceEncoder - [1c172b3-5] Writing "947. foo bar"
17:48:22.933 [XNIO-5 I/O-7] DEBUG o.s.c.c.CharSequenceEncoder - [1c172b3-5] Writing "948. foo bar"
17:48:22.933 [XNIO-5 I/O-7] DEBUG o.s.c.c.CharSequenceEncoder - [1c172b3-5] Writing "949. foo bar"
17:48:22.933 [XNIO-5 I/O-7] DEBUG o.s.c.c.CharSequenceEncoder - [1c172b3-5] Writing "950. foo bar"
17:48:22.933 [XNIO-5 I/O-7] DEBUG o.s.c.c.CharSequenceEncoder - [1c172b3-5] Writing "951. foo bar"
17:48:22.933 [XNIO-5 I/O-7] DEBUG o.s.c.c.CharSequenceEncoder - [1c172b3-5] Writing "952. foo bar"
17:48:22.933 [XNIO-5 I/O-7] DEBUG o.s.c.c.CharSequenceEncoder - [1c172b3-5] Writing "953. foo bar"
17:48:22.933 [XNIO-5 I/O-7] DEBUG o.s.c.c.CharSequenceEncoder - [1c172b3-5] Writing "954. foo bar"
17:48:22.933 [XNIO-5 I/O-7] DEBUG o.s.c.c.CharSequenceEncoder - [1c172b3-5] Writing "955. foo bar"
17:48:22.933 [XNIO-5 I/O-7] DEBUG o.s.c.c.CharSequenceEncoder - [1c172b3-5] Writing "956. foo bar"
17:48:22.934 [XNIO-5 I/O-7] DEBUG o.s.c.c.CharSequenceEncoder - [1c172b3-5] Writing "957. foo bar"
17:48:22.934 [XNIO-5 I/O-7] DEBUG o.s.c.c.CharSequenceEncoder - [1c172b3-5] Writing "958. foo bar"
17:48:22.934 [XNIO-5 I/O-7] DEBUG o.s.c.c.CharSequenceEncoder - [1c172b3-5] Writing "959. foo bar"
17:48:22.934 [XNIO-5 I/O-7] DEBUG o.s.c.c.CharSequenceEncoder - [1c172b3-5] Writing "960. foo bar"
17:48:22.934 [XNIO-5 I/O-7] DEBUG o.s.c.c.CharSequenceEncoder - [1c172b3-5] Writing "961. foo bar"
17:48:22.934 [XNIO-5 I/O-7] DEBUG o.s.c.c.CharSequenceEncoder - [1c172b3-5] Writing "962. foo bar"
17:48:22.934 [XNIO-5 I/O-7] DEBUG o.s.c.c.CharSequenceEncoder - [1c172b3-5] Writing "963. foo bar"
17:48:22.934 [XNIO-5 I/O-7] DEBUG o.s.c.c.CharSequenceEncoder - [1c172b3-5] Writing "964. foo bar"
17:48:22.934 [XNIO-5 I/O-7] DEBUG o.s.c.c.CharSequenceEncoder - [1c172b3-5] Writing "965. foo bar"
17:48:22.934 [XNIO-5 I/O-7] DEBUG o.s.c.c.CharSequenceEncoder - [1c172b3-5] Writing "966. foo bar"
17:48:22.934 [XNIO-5 I/O-7] DEBUG o.s.c.c.CharSequenceEncoder - [1c172b3-5] Writing "967. foo bar"
17:48:22.934 [XNIO-5 I/O-7] DEBUG o.s.c.c.CharSequenceEncoder - [1c172b3-5] Writing "968. foo bar"
17:48:22.934 [XNIO-5 I/O-7] DEBUG o.s.c.c.CharSequenceEncoder - [1c172b3-5] Writing "969. foo bar"
17:48:22.934 [XNIO-5 I/O-7] DEBUG o.s.c.c.CharSequenceEncoder - [1c172b3-5] Writing "970. foo bar"
17:48:22.934 [XNIO-5 I/O-7] DEBUG o.s.c.c.CharSequenceEncoder - [1c172b3-5] Writing "971. foo bar"
17:48:22.934 [XNIO-5 I/O-7] DEBUG o.s.c.c.CharSequenceEncoder - [1c172b3-5] Writing "972. foo bar"
17:48:22.934 [XNIO-5 I/O-7] DEBUG o.s.c.c.CharSequenceEncoder - [1c172b3-5] Writing "973. foo bar"
17:48:22.934 [XNIO-5 I/O-7] DEBUG o.s.c.c.CharSequenceEncoder - [1c172b3-5] Writing "974. foo bar"
17:48:22.934 [XNIO-5 I/O-7] DEBUG o.s.c.c.CharSequenceEncoder - [1c172b3-5] Writing "975. foo bar"
17:48:22.934 [XNIO-5 I/O-7] DEBUG o.s.c.c.CharSequenceEncoder - [1c172b3-5] Writing "976. foo bar"
17:48:22.934 [XNIO-5 I/O-7] DEBUG o.s.c.c.CharSequenceEncoder - [1c172b3-5] Writing "977. foo bar"
17:48:22.934 [XNIO-5 I/O-7] DEBUG o.s.c.c.CharSequenceEncoder - [1c172b3-5] Writing "978. foo bar"
17:48:22.934 [XNIO-5 I/O-7] DEBUG o.s.c.c.CharSequenceEncoder - [1c172b3-5] Writing "979. foo bar"
17:48:22.934 [XNIO-5 I/O-7] DEBUG o.s.c.c.CharSequenceEncoder - [1c172b3-5] Writing "980. foo bar"
17:48:22.934 [XNIO-5 I/O-7] DEBUG o.s.c.c.CharSequenceEncoder - [1c172b3-5] Writing "981. foo bar"
17:48:22.934 [XNIO-5 I/O-7] DEBUG o.s.c.c.CharSequenceEncoder - [1c172b3-5] Writing "982. foo bar"
17:48:22.934 [XNIO-5 I/O-7] DEBUG o.s.c.c.CharSequenceEncoder - [1c172b3-5] Writing "983. foo bar"
17:48:22.934 [XNIO-5 I/O-7] DEBUG o.s.c.c.CharSequenceEncoder - [1c172b3-5] Writing "984. foo bar"
17:48:22.934 [XNIO-5 I/O-7] DEBUG o.s.c.c.CharSequenceEncoder - [1c172b3-5] Writing "985. foo bar"
17:48:22.934 [XNIO-5 I/O-7] DEBUG o.s.c.c.CharSequenceEncoder - [1c172b3-5] Writing "986. foo bar"
17:48:22.934 [XNIO-5 I/O-7] DEBUG o.s.c.c.CharSequenceEncoder - [1c172b3-5] Writing "987. foo bar"
17:48:22.934 [XNIO-5 I/O-7] DEBUG o.s.c.c.CharSequenceEncoder - [1c172b3-5] Writing "988. foo bar"
17:48:22.934 [XNIO-5 I/O-7] DEBUG o.s.c.c.CharSequenceEncoder - [1c172b3-5] Writing "989. foo bar"
17:48:22.934 [XNIO-5 I/O-7] DEBUG o.s.c.c.CharSequenceEncoder - [1c172b3-5] Writing "990. foo bar"
17:48:22.934 [XNIO-5 I/O-7] DEBUG o.s.c.c.CharSequenceEncoder - [1c172b3-5] Writing "991. foo bar"
17:48:22.935 [XNIO-5 I/O-7] DEBUG o.s.c.c.CharSequenceEncoder - [1c172b3-5] Writing "992. foo bar"
17:48:22.935 [XNIO-5 I/O-7] DEBUG o.s.c.c.CharSequenceEncoder - [1c172b3-5] Writing "993. foo bar"
17:48:22.935 [XNIO-5 I/O-7] DEBUG o.s.c.c.CharSequenceEncoder - [1c172b3-5] Writing "994. foo bar"
17:48:22.935 [XNIO-5 I/O-7] DEBUG o.s.c.c.CharSequenceEncoder - [1c172b3-5] Writing "995. foo bar"
17:48:22.935 [XNIO-5 I/O-7] DEBUG o.s.c.c.CharSequenceEncoder - [1c172b3-5] Writing "996. foo bar"
17:48:22.935 [XNIO-5 I/O-7] DEBUG o.s.c.c.CharSequenceEncoder - [1c172b3-5] Writing "997. foo bar"
17:48:22.935 [XNIO-5 I/O-7] DEBUG o.s.c.c.CharSequenceEncoder - [1c172b3-5] Writing "998. foo bar"
17:48:22.935 [XNIO-5 I/O-7] DEBUG o.s.c.c.CharSequenceEncoder - [1c172b3-5] Writing "999. foo bar"
17:48:22.935 [XNIO-5 I/O-7] ERROR o.s.w.s.a.HttpWebHandlerAdapter - [1c172b3-5] Error [java.lang.RuntimeException: Random error] for HTTP GET "/SPR-16051", but ServerHttpResponse already committed (200 OK)
17:48:22.935 [XNIO-5 I/O-7] DEBUG o.s.h.s.r.UndertowHttpHandlerAdapter - [1c172b3-5] Closing connection
17:48:22.936 [Test worker] DEBUG o.s.w.t.h.s.r.b.UndertowHttpServer - Stopping UndertowHttpServer...
17:48:22.936 [Test worker] INFO  i.undertow - stopping server: Undertow - 2.2.7.Final
17:48:22.936 [Test worker] DEBUG o.s.w.t.h.s.r.b.UndertowHttpServer - Server stopped (0 millis).
17:48:22.966 [Test worker] DEBUG o.s.w.r.r.m.a.RequestMappingHandlerMapping - 6 mappings in 'requestMappingHandlerMapping'
17:48:22.977 [Test worker] DEBUG o.s.w.r.r.m.a.ControllerMethodResolver - ControllerAdvice beans: none
17:48:22.979 [Test worker] DEBUG o.s.w.s.a.HttpWebHandlerAdapter - enableLoggingRequestDetails='false': form data and headers will be masked to prevent unsafe logging of potentially sensitive data
17:48:22.979 [Test worker] WARN  o.e.j.s.h.ContextHandler - Empty contextPath
17:48:22.979 [Test worker] INFO  o.e.j.s.h.ContextHandler - Started o.e.j.s.ServletContextHandler@119645f7{/,null,AVAILABLE}
17:48:22.980 [Test worker] DEBUG o.s.w.t.h.s.r.b.JettyHttpServer - Starting JettyHttpServer...
17:48:22.980 [Test worker] INFO  o.e.j.s.Server - jetty-9.4.39.v20210325; built: 2021-03-25T14:42:11.471Z; git: 9fc7ca5a922f2a37b84ec9dbc26a5168cee7e667; jvm 1.8.0_181-b13
17:48:22.981 [Test worker] INFO  o.e.j.s.AbstractConnector - Started ServerConnector@4a55349a{HTTP/1.1, (http/1.1)}{0.0.0.0:52036}
17:48:22.981 [Test worker] INFO  o.e.j.s.Server - Started @70038ms
17:48:22.981 [Test worker] DEBUG o.s.w.t.h.s.r.b.JettyHttpServer - Server started on port 52036(0 millis).
17:48:22.981 [Test worker] DEBUG o.s.w.c.RestTemplate - HTTP GET http://localhost:52036/thrown-exception-with-cause
17:48:22.981 [Test worker] DEBUG o.s.w.c.RestTemplate - Accept=[text/plain, application/json, application/x-jackson-smile, application/*+json, */*]
17:48:22.983 [qtp64999200-277] DEBUG o.s.w.s.a.HttpWebHandlerAdapter - [2018b54d] HTTP GET "/thrown-exception-with-cause"
17:48:22.983 [qtp64999200-277] DEBUG o.s.w.r.r.m.a.RequestMappingHandlerMapping - [2018b54d] Mapped to org.springframework.web.reactive.result.method.annotation.RequestMappingExceptionHandlingIntegrationTests$TestController#handleAndThrowExceptionWithCause()
17:48:22.983 [qtp64999200-277] DEBUG o.s.w.r.r.m.a.RequestMappingHandlerAdapter - [2018b54d] Using @ExceptionHandler org.springframework.web.reactive.result.method.annotation.RequestMappingExceptionHandlingIntegrationTests$TestController#handleStateException(IllegalStateException)
17:48:22.984 [qtp64999200-277] DEBUG o.s.w.r.r.m.a.ResponseEntityResultHandler - [2018b54d] Using 'text/plain;charset=UTF-8' given [text/plain, application/json, application/x-jackson-smile, application/*+json, */*] and supported [text/plain;charset=UTF-8, text/event-stream, text/plain;charset=UTF-8, */*]
17:48:22.984 [qtp64999200-277] DEBUG o.s.w.r.r.m.a.ResponseEntityResultHandler - [2018b54d] 0..1 [java.lang.String]
17:48:22.984 [qtp64999200-277] DEBUG o.s.c.c.CharSequenceEncoder - [2018b54d] Writing "Recovered from error: State"
17:48:22.984 [Test worker] DEBUG o.s.w.c.RestTemplate - Response 200 OK
17:48:22.984 [qtp64999200-277] DEBUG o.s.w.s.a.HttpWebHandlerAdapter - [2018b54d] Completed 200 OK
17:48:22.984 [Test worker] DEBUG o.s.w.c.RestTemplate - Reading to [java.lang.String] as "text/plain;charset=utf-8"
17:48:22.984 [Test worker] DEBUG o.s.w.t.h.s.r.b.JettyHttpServer - Stopping JettyHttpServer...
17:48:22.985 [Test worker] INFO  o.e.j.s.h.ContextHandler - Stopped o.e.j.s.ServletContextHandler@119645f7{/,null,STOPPED}
17:48:22.985 [Test worker] INFO  o.e.j.s.AbstractConnector - Stopped ServerConnector@4a55349a{HTTP/1.1, (http/1.1)}{0.0.0.0:0}
17:48:22.986 [Test worker] DEBUG o.s.w.t.h.s.r.b.JettyHttpServer - Server stopped (0 millis).
17:48:23.007 [Test worker] DEBUG o.s.w.r.r.m.a.RequestMappingHandlerMapping - 6 mappings in 'requestMappingHandlerMapping'
17:48:23.017 [Test worker] DEBUG o.s.w.r.r.m.a.ControllerMethodResolver - ControllerAdvice beans: none
17:48:23.019 [Test worker] DEBUG o.s.w.s.a.HttpWebHandlerAdapter - enableLoggingRequestDetails='false': form data and headers will be masked to prevent unsafe logging of potentially sensitive data
17:48:23.019 [Test worker] DEBUG o.s.w.t.h.s.r.b.ReactorHttpServer - Starting ReactorHttpServer...
17:48:23.020 [Test worker] DEBUG o.s.w.t.h.s.r.b.ReactorHttpServer - Server started on port 52038(0 millis).
17:48:23.020 [Test worker] DEBUG o.s.w.c.RestTemplate - HTTP GET http://localhost:52038/thrown-exception-with-cause
17:48:23.020 [Test worker] DEBUG o.s.w.c.RestTemplate - Accept=[text/plain, application/json, application/x-jackson-smile, application/*+json, */*]
17:48:23.022 [reactor-http-nio-12] DEBUG o.s.w.s.a.HttpWebHandlerAdapter - [2be33a97-1, L:/127.0.0.1:52038 - R:/127.0.0.1:52039] HTTP GET "/thrown-exception-with-cause"
17:48:23.022 [reactor-http-nio-12] DEBUG o.s.w.r.r.m.a.RequestMappingHandlerMapping - [2be33a97-1, L:/127.0.0.1:52038 - R:/127.0.0.1:52039] Mapped to org.springframework.web.reactive.result.method.annotation.RequestMappingExceptionHandlingIntegrationTests$TestController#handleAndThrowExceptionWithCause()
17:48:23.022 [reactor-http-nio-12] DEBUG o.s.w.r.r.m.a.RequestMappingHandlerAdapter - [2be33a97-1, L:/127.0.0.1:52038 - R:/127.0.0.1:52039] Using @ExceptionHandler org.springframework.web.reactive.result.method.annotation.RequestMappingExceptionHandlingIntegrationTests$TestController#handleStateException(IllegalStateException)
17:48:23.023 [reactor-http-nio-12] DEBUG o.s.w.r.r.m.a.ResponseEntityResultHandler - [2be33a97-1, L:/127.0.0.1:52038 - R:/127.0.0.1:52039] Using 'text/plain;charset=UTF-8' given [text/plain, application/json, application/x-jackson-smile, application/*+json, */*] and supported [text/plain;charset=UTF-8, text/event-stream, text/plain;charset=UTF-8, */*]
17:48:23.023 [reactor-http-nio-12] DEBUG o.s.w.r.r.m.a.ResponseEntityResultHandler - [2be33a97-1, L:/127.0.0.1:52038 - R:/127.0.0.1:52039] 0..1 [java.lang.String]
17:48:23.023 [reactor-http-nio-12] DEBUG o.s.c.c.CharSequenceEncoder - [2be33a97-1, L:/127.0.0.1:52038 - R:/127.0.0.1:52039] Writing "Recovered from error: State"
17:48:23.024 [reactor-http-nio-12] DEBUG o.s.w.s.a.HttpWebHandlerAdapter - [2be33a97-1, L:/127.0.0.1:52038 - R:/127.0.0.1:52039] Completed 200 OK
17:48:23.024 [Test worker] DEBUG o.s.w.c.RestTemplate - Response 200 OK
17:48:23.024 [Test worker] DEBUG o.s.w.c.RestTemplate - Reading to [java.lang.String] as "text/plain;charset=UTF-8"
17:48:23.024 [Test worker] DEBUG o.s.w.t.h.s.r.b.ReactorHttpServer - Stopping ReactorHttpServer...
17:48:23.024 [Test worker] DEBUG o.s.w.t.h.s.r.b.ReactorHttpServer - Server stopped (0 millis).
17:48:23.045 [Test worker] DEBUG o.s.w.r.r.m.a.RequestMappingHandlerMapping - 6 mappings in 'requestMappingHandlerMapping'
17:48:23.056 [Test worker] DEBUG o.s.w.r.r.m.a.ControllerMethodResolver - ControllerAdvice beans: none
17:48:23.058 [Test worker] DEBUG o.s.w.s.a.HttpWebHandlerAdapter - enableLoggingRequestDetails='false': form data and headers will be masked to prevent unsafe logging of potentially sensitive data
17:48:23.058 [Test worker] DEBUG o.s.w.t.h.s.r.b.TomcatHttpServer - Starting TomcatHttpServer...
17:48:23.063 [Test worker] DEBUG o.s.w.t.h.s.r.b.TomcatHttpServer - Server started on port 52040(0 millis).
17:48:23.063 [Test worker] DEBUG o.s.w.c.RestTemplate - HTTP GET http://localhost:52040/thrown-exception-with-cause
17:48:23.063 [Test worker] DEBUG o.s.w.c.RestTemplate - Accept=[text/plain, application/json, application/x-jackson-smile, application/*+json, */*]
17:48:23.065 [http-nio-auto-6-exec-1] DEBUG o.s.w.s.a.HttpWebHandlerAdapter - [114c650e] HTTP GET "/thrown-exception-with-cause"
17:48:23.065 [http-nio-auto-6-exec-1] DEBUG o.s.w.r.r.m.a.RequestMappingHandlerMapping - [114c650e] Mapped to org.springframework.web.reactive.result.method.annotation.RequestMappingExceptionHandlingIntegrationTests$TestController#handleAndThrowExceptionWithCause()
17:48:23.066 [http-nio-auto-6-exec-1] DEBUG o.s.w.r.r.m.a.RequestMappingHandlerAdapter - [114c650e] Using @ExceptionHandler org.springframework.web.reactive.result.method.annotation.RequestMappingExceptionHandlingIntegrationTests$TestController#handleStateException(IllegalStateException)
17:48:23.066 [http-nio-auto-6-exec-1] DEBUG o.s.w.r.r.m.a.ResponseEntityResultHandler - [114c650e] Using 'text/plain;charset=UTF-8' given [text/plain, application/json, application/x-jackson-smile, application/*+json, */*] and supported [text/plain;charset=UTF-8, text/event-stream, text/plain;charset=UTF-8, */*]
17:48:23.066 [http-nio-auto-6-exec-1] DEBUG o.s.w.r.r.m.a.ResponseEntityResultHandler - [114c650e] 0..1 [java.lang.String]
17:48:23.066 [http-nio-auto-6-exec-1] DEBUG o.s.c.c.CharSequenceEncoder - [114c650e] Writing "Recovered from error: State"
17:48:23.067 [http-nio-auto-6-exec-1] DEBUG o.s.w.s.a.HttpWebHandlerAdapter - [114c650e] Completed 200 OK
17:48:23.067 [Test worker] DEBUG o.s.w.c.RestTemplate - Response 200 OK
17:48:23.067 [Test worker] DEBUG o.s.w.c.RestTemplate - Reading to [java.lang.String] as "text/plain;charset=UTF-8"
17:48:23.067 [Test worker] DEBUG o.s.w.t.h.s.r.b.TomcatHttpServer - Stopping TomcatHttpServer...
17:48:34.183 [Test worker] DEBUG o.s.w.t.h.s.r.b.TomcatHttpServer - Server stopped (0 millis).
17:48:34.209 [Test worker] DEBUG o.s.w.r.r.m.a.RequestMappingHandlerMapping - 6 mappings in 'requestMappingHandlerMapping'
17:48:34.220 [Test worker] DEBUG o.s.w.r.r.m.a.ControllerMethodResolver - ControllerAdvice beans: none
17:48:34.222 [Test worker] DEBUG o.s.w.s.a.HttpWebHandlerAdapter - enableLoggingRequestDetails='false': form data and headers will be masked to prevent unsafe logging of potentially sensitive data
17:48:34.222 [Test worker] DEBUG o.s.w.t.h.s.r.b.UndertowHttpServer - Starting UndertowHttpServer...
17:48:34.222 [Test worker] INFO  i.undertow - starting server: Undertow - 2.2.7.Final
17:48:34.225 [Test worker] DEBUG o.s.w.t.h.s.r.b.UndertowHttpServer - Server started on port 52371(0 millis).
17:48:34.225 [Test worker] DEBUG o.s.w.c.RestTemplate - HTTP GET http://localhost:52371/thrown-exception-with-cause
17:48:34.225 [Test worker] DEBUG o.s.w.c.RestTemplate - Accept=[text/plain, application/json, application/x-jackson-smile, application/*+json, */*]
17:48:34.226 [XNIO-6 I/O-7] DEBUG o.s.w.s.a.HttpWebHandlerAdapter - [15fd8dc3-6] HTTP GET "/thrown-exception-with-cause"
17:48:34.227 [XNIO-6 I/O-7] DEBUG o.s.w.r.r.m.a.RequestMappingHandlerMapping - [15fd8dc3-6] Mapped to org.springframework.web.reactive.result.method.annotation.RequestMappingExceptionHandlingIntegrationTests$TestController#handleAndThrowExceptionWithCause()
17:48:34.227 [XNIO-6 I/O-7] DEBUG o.s.w.r.r.m.a.RequestMappingHandlerAdapter - [15fd8dc3-6] Using @ExceptionHandler org.springframework.web.reactive.result.method.annotation.RequestMappingExceptionHandlingIntegrationTests$TestController#handleStateException(IllegalStateException)
17:48:34.227 [XNIO-6 I/O-7] DEBUG o.s.w.r.r.m.a.ResponseEntityResultHandler - [15fd8dc3-6] Using 'text/plain;charset=UTF-8' given [text/plain, application/json, application/x-jackson-smile, application/*+json, */*] and supported [text/plain;charset=UTF-8, text/event-stream, text/plain;charset=UTF-8, */*]
17:48:34.227 [XNIO-6 I/O-7] DEBUG o.s.w.r.r.m.a.ResponseEntityResultHandler - [15fd8dc3-6] 0..1 [java.lang.String]
17:48:34.227 [XNIO-6 I/O-7] DEBUG o.s.c.c.CharSequenceEncoder - [15fd8dc3-6] Writing "Recovered from error: State"
17:48:34.228 [XNIO-6 I/O-7] DEBUG o.s.w.s.a.HttpWebHandlerAdapter - [15fd8dc3-6] Completed 200 OK
17:48:34.228 [Test worker] DEBUG o.s.w.c.RestTemplate - Response 200 OK
17:48:34.228 [Test worker] DEBUG o.s.w.c.RestTemplate - Reading to [java.lang.String] as "text/plain;charset=UTF-8"
17:48:34.228 [Test worker] DEBUG o.s.w.t.h.s.r.b.UndertowHttpServer - Stopping UndertowHttpServer...
17:48:34.228 [Test worker] INFO  i.undertow - stopping server: Undertow - 2.2.7.Final
17:48:34.229 [Test worker] DEBUG o.s.w.t.h.s.r.b.UndertowHttpServer - Server stopped (0 millis).
]]></system-out>
  <system-err><![CDATA[]]></system-err>
</testsuite>
