<?xml version="1.0" encoding="UTF-8"?>
<testsuite name="org.springframework.web.reactive.handler.CorsUrlHandlerMappingTests" tests="9" skipped="0" failures="0" errors="0" timestamp="2021-05-01T09:47:15" hostname="wangweilideMBP.lan" time="3.083">
  <properties/>
  <testcase name="preFlightWithCorsAwareHandler()" classname="org.springframework.web.reactive.handler.CorsUrlHandlerMappingTests" time="2.934"/>
  <testcase name="preflightRequestWithoutCorsConfigurationProvider()" classname="org.springframework.web.reactive.handler.CorsUrlHandlerMappingTests" time="0.02"/>
  <testcase name="actualRequestWithGlobalPatternCorsConfig()" classname="org.springframework.web.reactive.handler.CorsUrlHandlerMappingTests" time="0.018"/>
  <testcase name="actualRequestWithoutCorsConfigurationProvider()" classname="org.springframework.web.reactive.handler.CorsUrlHandlerMappingTests" time="0.019"/>
  <testcase name="actualRequestWithCorsConfigurationSource()" classname="org.springframework.web.reactive.handler.CorsUrlHandlerMappingTests" time="0.017"/>
  <testcase name="preFlightRequestWithCorsConfigurationSource()" classname="org.springframework.web.reactive.handler.CorsUrlHandlerMappingTests" time="0.016"/>
  <testcase name="actualRequestWithCorsAwareHandler()" classname="org.springframework.web.reactive.handler.CorsUrlHandlerMappingTests" time="0.017"/>
  <testcase name="actualRequestWithGlobalCorsConfig()" classname="org.springframework.web.reactive.handler.CorsUrlHandlerMappingTests" time="0.016"/>
  <testcase name="preFlightRequestWithGlobalCorsConfig()" classname="org.springframework.web.reactive.handler.CorsUrlHandlerMappingTests" time="0.018"/>
  <system-out><![CDATA[17:47:17.992 [Test worker] WARN  o.s.h.c.j.Jackson2ObjectMapperBuilder - For Jackson Kotlin classes support please add "com.fasterxml.jackson.module:jackson-module-kotlin" to the classpath
17:47:18.112 [Test worker] DEBUG o.s.w.r.h.CorsUrlHandlerMappingTests$1 - [6b1fd2ca] Mapped to org.springframework.web.reactive.handler.CorsUrlHandlerMappingTests$CorsAwareHandler@367810ad
17:47:18.255 [Test worker] DEBUG o.s.w.r.h.CorsUrlHandlerMappingTests$1 - [e0409f7] Mapped to java.lang.Object@333f478d
17:47:18.274 [Test worker] DEBUG o.s.w.r.h.CorsUrlHandlerMappingTests$1 - [13ef400f] Mapped to java.lang.Object@3506bd8d
17:47:18.296 [Test worker] DEBUG o.s.w.r.h.CorsUrlHandlerMappingTests$1 - [2e6013a4] Mapped to java.lang.Object@45e9c9c7
17:47:18.314 [Test worker] DEBUG o.s.w.r.h.CorsUrlHandlerMappingTests$1 - [711a5fc7] Mapped to java.lang.Object@14db5509
17:47:18.331 [Test worker] DEBUG o.s.w.r.h.CorsUrlHandlerMappingTests$1 - [3a889905] Mapped to java.lang.Object@31a4d862
17:47:18.349 [Test worker] DEBUG o.s.w.r.h.CorsUrlHandlerMappingTests$1 - [12635df6] Mapped to org.springframework.web.reactive.handler.CorsUrlHandlerMappingTests$CorsAwareHandler@5cde31ae
17:47:18.366 [Test worker] DEBUG o.s.w.r.h.CorsUrlHandlerMappingTests$1 - [2260db81] Mapped to java.lang.Object@35107067
17:47:18.384 [Test worker] DEBUG o.s.w.r.h.CorsUrlHandlerMappingTests$1 - [3d9417de] Mapped to java.lang.Object@10ea0283
]]></system-out>
  <system-err><![CDATA[]]></system-err>
</testsuite>
