<?xml version="1.0" encoding="UTF-8"?>
<testsuite name="org.springframework.web.reactive.result.method.annotation.RequestBodyMethodArgumentResolverTests" tests="11" skipped="0" failures="0" errors="0" timestamp="2021-05-01T09:47:36" hostname="wangweilideMBP.lan" time="0.131">
  <properties/>
  <testcase name="supports()" classname="org.springframework.web.reactive.result.method.annotation.RequestBodyMethodArgumentResolverTests" time="0.005"/>
  <testcase name="stringBody()" classname="org.springframework.web.reactive.result.method.annotation.RequestBodyMethodArgumentResolverTests" time="0.008"/>
  <testcase name="emptyBodyWithoutContentType()" classname="org.springframework.web.reactive.result.method.annotation.RequestBodyMethodArgumentResolverTests" time="0.008"/>
  <testcase name="emptyBodyWithSingle()" classname="org.springframework.web.reactive.result.method.annotation.RequestBodyMethodArgumentResolverTests" time="0.015"/>
  <testcase name="emptyBodyWithString()" classname="org.springframework.web.reactive.result.method.annotation.RequestBodyMethodArgumentResolverTests" time="0.008"/>
  <testcase name="emptyBodyWithCompletableFuture()" classname="org.springframework.web.reactive.result.method.annotation.RequestBodyMethodArgumentResolverTests" time="0.016"/>
  <testcase name="emptyBodyWithFlux()" classname="org.springframework.web.reactive.result.method.annotation.RequestBodyMethodArgumentResolverTests" time="0.013"/>
  <testcase name="emptyBodyWithMono()" classname="org.springframework.web.reactive.result.method.annotation.RequestBodyMethodArgumentResolverTests" time="0.013"/>
  <testcase name="emptyBodyWithMaybe()" classname="org.springframework.web.reactive.result.method.annotation.RequestBodyMethodArgumentResolverTests" time="0.015"/>
  <testcase name="emptyBodyWithStringNotRequired()" classname="org.springframework.web.reactive.result.method.annotation.RequestBodyMethodArgumentResolverTests" time="0.007"/>
  <testcase name="emptyBodyWithObservable()" classname="org.springframework.web.reactive.result.method.annotation.RequestBodyMethodArgumentResolverTests" time="0.02"/>
  <system-out><![CDATA[17:47:36.351 [Test worker] DEBUG o.s.w.r.r.m.a.RequestBodyMethodArgumentResolver - [33bf315b] No Content-Type, using application/octet-stream
17:47:36.351 [Test worker] DEBUG o.s.w.r.r.m.a.RequestBodyMethodArgumentResolver - [33bf315b] 0..1 [java.lang.String]
17:47:36.353 [Test worker] DEBUG o.s.c.c.StringDecoder - [33bf315b] Decoded "line1"
17:47:36.360 [Test worker] DEBUG o.s.w.r.r.m.a.RequestBodyMethodArgumentResolver - [18721299] No Content-Type, using application/octet-stream
17:47:36.367 [Test worker] DEBUG o.s.w.r.r.m.a.RequestBodyMethodArgumentResolver - [5aa332c6] No Content-Type, using application/octet-stream
17:47:36.367 [Test worker] DEBUG o.s.w.r.r.m.a.RequestBodyMethodArgumentResolver - [5aa332c6] 0..1 [java.lang.String]
17:47:36.375 [Test worker] DEBUG o.s.w.r.r.m.a.RequestBodyMethodArgumentResolver - [59a87c6c] No Content-Type, using application/octet-stream
17:47:36.375 [Test worker] DEBUG o.s.w.r.r.m.a.RequestBodyMethodArgumentResolver - [59a87c6c] 0..1 [java.lang.String]
17:47:36.384 [Test worker] DEBUG o.s.w.r.r.m.a.RequestBodyMethodArgumentResolver - [4e3eed4] No Content-Type, using application/octet-stream
17:47:36.384 [Test worker] DEBUG o.s.w.r.r.m.a.RequestBodyMethodArgumentResolver - [4e3eed4] 0..1 [java.lang.String]
17:47:36.391 [Test worker] DEBUG o.s.w.r.r.m.a.RequestBodyMethodArgumentResolver - [1eb2b938] No Content-Type, using application/octet-stream
17:47:36.391 [Test worker] DEBUG o.s.w.r.r.m.a.RequestBodyMethodArgumentResolver - [1eb2b938] 0..1 [java.lang.String]
17:47:36.398 [Test worker] DEBUG o.s.w.r.r.m.a.RequestBodyMethodArgumentResolver - [29df7f2f] No Content-Type, using application/octet-stream
17:47:36.398 [Test worker] DEBUG o.s.w.r.r.m.a.RequestBodyMethodArgumentResolver - [29df7f2f] 0..1 [java.lang.String]
17:47:36.407 [Test worker] DEBUG o.s.w.r.r.m.a.RequestBodyMethodArgumentResolver - [14a76a14] No Content-Type, using application/octet-stream
17:47:36.407 [Test worker] DEBUG o.s.w.r.r.m.a.RequestBodyMethodArgumentResolver - [14a76a14] 0..N [java.lang.String]
17:47:36.413 [Test worker] DEBUG o.s.w.r.r.m.a.RequestBodyMethodArgumentResolver - [1f226325] No Content-Type, using application/octet-stream
17:47:36.413 [Test worker] DEBUG o.s.w.r.r.m.a.RequestBodyMethodArgumentResolver - [1f226325] 0..N [java.lang.String]
17:47:36.420 [Test worker] DEBUG o.s.w.r.r.m.a.RequestBodyMethodArgumentResolver - [63dbc662] No Content-Type, using application/octet-stream
17:47:36.420 [Test worker] DEBUG o.s.w.r.r.m.a.RequestBodyMethodArgumentResolver - [63dbc662] 0..1 [java.lang.String]
17:47:36.426 [Test worker] DEBUG o.s.w.r.r.m.a.RequestBodyMethodArgumentResolver - [4c03e7c7] No Content-Type, using application/octet-stream
17:47:36.426 [Test worker] DEBUG o.s.w.r.r.m.a.RequestBodyMethodArgumentResolver - [4c03e7c7] 0..1 [java.lang.String]
17:47:36.433 [Test worker] DEBUG o.s.w.r.r.m.a.RequestBodyMethodArgumentResolver - [1f2d9ab0] No Content-Type, using application/octet-stream
17:47:36.433 [Test worker] DEBUG o.s.w.r.r.m.a.RequestBodyMethodArgumentResolver - [1f2d9ab0] 0..1 [java.lang.String]
17:47:36.441 [Test worker] DEBUG o.s.w.r.r.m.a.RequestBodyMethodArgumentResolver - [1a0d7072] No Content-Type, using application/octet-stream
17:47:36.441 [Test worker] DEBUG o.s.w.r.r.m.a.RequestBodyMethodArgumentResolver - [1a0d7072] 0..1 [java.lang.String]
17:47:36.449 [Test worker] DEBUG o.s.w.r.r.m.a.RequestBodyMethodArgumentResolver - [36c280f9] No Content-Type, using application/octet-stream
17:47:36.449 [Test worker] DEBUG o.s.w.r.r.m.a.RequestBodyMethodArgumentResolver - [36c280f9] 0..1 [java.lang.String]
17:47:36.457 [Test worker] DEBUG o.s.w.r.r.m.a.RequestBodyMethodArgumentResolver - [153b1001] No Content-Type, using application/octet-stream
17:47:36.457 [Test worker] DEBUG o.s.w.r.r.m.a.RequestBodyMethodArgumentResolver - [153b1001] 0..N [java.lang.String]
17:47:36.469 [Test worker] DEBUG o.s.w.r.r.m.a.RequestBodyMethodArgumentResolver - [40bb7855] No Content-Type, using application/octet-stream
17:47:36.470 [Test worker] DEBUG o.s.w.r.r.m.a.RequestBodyMethodArgumentResolver - [40bb7855] 0..N [java.lang.String]
]]></system-out>
  <system-err><![CDATA[]]></system-err>
</testsuite>
