<?xml version="1.0" encoding="UTF-8"?>
<testsuite name="org.springframework.web.reactive.function.server.PathResourceLookupFunctionTests" tests="4" skipped="0" failures="0" errors="0" timestamp="2021-04-26T08:38:20" hostname="wangweilideMacBook-Pro.local" time="0.019">
  <properties/>
  <testcase name="subPath()" classname="org.springframework.web.reactive.function.server.PathResourceLookupFunctionTests" time="0.006"/>
  <testcase name="normal()" classname="org.springframework.web.reactive.function.server.PathResourceLookupFunctionTests" time="0.005"/>
  <testcase name="composeResourceLookupFunction()" classname="org.springframework.web.reactive.function.server.PathResourceLookupFunctionTests" time="0.004"/>
  <testcase name="notFound()" classname="org.springframework.web.reactive.function.server.PathResourceLookupFunctionTests" time="0.004"/>
  <system-out><![CDATA[]]></system-out>
  <system-err><![CDATA[]]></system-err>
</testsuite>
