<?xml version="1.0" encoding="UTF-8"?>
<testsuite name="org.springframework.web.reactive.result.method.annotation.ResponseEntityResultHandlerTests" tests="20" skipped="0" failures="0" errors="0" timestamp="2021-05-01T09:48:25" hostname="wangweilideMBP.lan" time="0.266">
  <properties/>
  <testcase name="handleReturnValueEtagInvalidIfNoneMatch()" classname="org.springframework.web.reactive.result.method.annotation.ResponseEntityResultHandlerTests" time="0.01"/>
  <testcase name="malformedAcceptHeader()" classname="org.springframework.web.reactive.result.method.annotation.ResponseEntityResultHandlerTests" time="0.008"/>
  <testcase name="supports()" classname="org.springframework.web.reactive.result.method.annotation.ResponseEntityResultHandlerTests" time="0.005"/>
  <testcase name="handleMonoWithWildcardBodyTypeAndNullBody()" classname="org.springframework.web.reactive.result.method.annotation.ResponseEntityResultHandlerTests" time="0.01"/>
  <testcase name="handleReturnTypes()" classname="org.springframework.web.reactive.result.method.annotation.ResponseEntityResultHandlerTests" time="0.045"/>
  <testcase name="defaultOrder()" classname="org.springframework.web.reactive.result.method.annotation.ResponseEntityResultHandlerTests" time="0.003"/>
  <testcase name="responseEntityHeaders()" classname="org.springframework.web.reactive.result.method.annotation.ResponseEntityResultHandlerTests" time="0.013"/>
  <testcase name="handleReturnValueEtag()" classname="org.springframework.web.reactive.result.method.annotation.ResponseEntityResultHandlerTests" time="0.012"/>
  <testcase name="handleReturnValueChangedETagAndLastModified()" classname="org.springframework.web.reactive.result.method.annotation.ResponseEntityResultHandlerTests" time="0.025"/>
  <testcase name="handleWithPresetContentTypeShouldFailWithServerError()" classname="org.springframework.web.reactive.result.method.annotation.ResponseEntityResultHandlerTests" time="0.011"/>
  <testcase name="handleResponseEntityWithNullBody()" classname="org.springframework.web.reactive.result.method.annotation.ResponseEntityResultHandlerTests" time="0.01"/>
  <testcase name="handleReturnValueETagAndLastModified()" classname="org.springframework.web.reactive.result.method.annotation.ResponseEntityResultHandlerTests" time="0.012"/>
  <testcase name="handleWithProducibleContentTypeShouldFailWithServerError()" classname="org.springframework.web.reactive.result.method.annotation.ResponseEntityResultHandlerTests" time="0.013"/>
  <testcase name="doesNotSupport()" classname="org.springframework.web.reactive.result.method.annotation.ResponseEntityResultHandlerTests" time="0.004"/>
  <testcase name="handleReturnValueLastModified()" classname="org.springframework.web.reactive.result.method.annotation.ResponseEntityResultHandlerTests" time="0.013"/>
  <testcase name="responseEntityStatusCode()" classname="org.springframework.web.reactive.result.method.annotation.ResponseEntityResultHandlerTests" time="0.013"/>
  <testcase name="handleMonoWithWildcardBodyType()" classname="org.springframework.web.reactive.result.method.annotation.ResponseEntityResultHandlerTests" time="0.013"/>
  <testcase name="httpHeaders()" classname="org.springframework.web.reactive.result.method.annotation.ResponseEntityResultHandlerTests" time="0.012"/>
  <testcase name="handleWithPresetContentType()" classname="org.springframework.web.reactive.result.method.annotation.ResponseEntityResultHandlerTests" time="0.013"/>
  <testcase name="handleWithObjectMapperByTypeRegistration()" classname="org.springframework.web.reactive.result.method.annotation.ResponseEntityResultHandlerTests" time="0.014"/>
  <system-out><![CDATA[17:48:25.304 [Test worker] DEBUG o.s.w.r.r.m.a.ResponseEntityResultHandler - [64102cc5] Using 'text/plain;charset=UTF-8' given [*/*] and supported [text/plain;charset=UTF-8, text/plain;charset=UTF-8, */*]
17:48:25.304 [Test worker] DEBUG o.s.w.r.r.m.a.ResponseEntityResultHandler - [64102cc5] 0..1 [java.lang.String]
17:48:25.304 [Test worker] DEBUG o.s.c.c.CharSequenceEncoder - [64102cc5] Writing "body"
17:48:25.312 [Test worker] DEBUG o.s.w.r.r.m.a.ResponseEntityResultHandler - Ignoring error response content (if any). Could not parse 'Accept' header [null]: Invalid mime type "null": does not contain '/'
17:48:25.341 [Test worker] DEBUG o.s.w.r.r.m.a.ResponseEntityResultHandler - [7a3a0ff0] Using 'text/plain;charset=UTF-8' given [*/*] and supported [text/plain;charset=UTF-8, text/plain;charset=UTF-8, */*]
17:48:25.341 [Test worker] DEBUG o.s.w.r.r.m.a.ResponseEntityResultHandler - [7a3a0ff0] 0..1 [java.lang.String]
17:48:25.341 [Test worker] DEBUG o.s.c.c.CharSequenceEncoder - [7a3a0ff0] Writing "abc"
17:48:25.348 [Test worker] DEBUG o.s.w.r.r.m.a.ResponseEntityResultHandler - [4bf1ae9] Using 'text/plain;charset=UTF-8' given [*/*] and supported [text/plain;charset=UTF-8, text/plain;charset=UTF-8, */*]
17:48:25.348 [Test worker] DEBUG o.s.w.r.r.m.a.ResponseEntityResultHandler - [4bf1ae9] 0..1 [java.lang.String]
17:48:25.348 [Test worker] DEBUG o.s.c.c.CharSequenceEncoder - [4bf1ae9] Writing "abc"
17:48:25.354 [Test worker] DEBUG o.s.w.r.r.m.a.ResponseEntityResultHandler - [399d70e5] Using 'text/plain;charset=UTF-8' given [*/*] and supported [text/plain;charset=UTF-8, text/plain;charset=UTF-8, */*]
17:48:25.354 [Test worker] DEBUG o.s.w.r.r.m.a.ResponseEntityResultHandler - [399d70e5] 0..1 [java.lang.String]
17:48:25.355 [Test worker] DEBUG o.s.c.c.CharSequenceEncoder - [399d70e5] Writing "abc"
17:48:25.362 [Test worker] DEBUG o.s.w.r.r.m.a.ResponseEntityResultHandler - [50626860] Using 'text/plain;charset=UTF-8' given [*/*] and supported [text/plain;charset=UTF-8, text/plain;charset=UTF-8, */*]
17:48:25.362 [Test worker] DEBUG o.s.w.r.r.m.a.ResponseEntityResultHandler - [50626860] 0..1 [java.lang.String]
17:48:25.363 [Test worker] DEBUG o.s.c.c.CharSequenceEncoder - [50626860] Writing "abc"
17:48:25.372 [Test worker] DEBUG o.s.w.r.r.m.a.ResponseEntityResultHandler - [7a0db813] Using 'text/plain;charset=UTF-8' given [*/*] and supported [text/plain;charset=UTF-8, text/plain;charset=UTF-8, */*]
17:48:25.372 [Test worker] DEBUG o.s.w.r.r.m.a.ResponseEntityResultHandler - [7a0db813] 0..1 [java.lang.String]
17:48:25.372 [Test worker] DEBUG o.s.c.c.CharSequenceEncoder - [7a0db813] Writing "abc"
17:48:25.382 [parallel-8] DEBUG o.s.h.c.j.Jackson2JsonEncoder - [4ffee060-5] Encoding [Person{name='foo 2'}]
17:48:25.423 [Test worker] DEBUG o.s.w.r.r.m.a.ResponseEntityResultHandler - [30c8801d] Using 'text/plain;charset=UTF-8' given [*/*] and supported [text/plain;charset=UTF-8, text/plain;charset=UTF-8, */*]
17:48:25.423 [Test worker] DEBUG o.s.w.r.r.m.a.ResponseEntityResultHandler - [30c8801d] 0..1 [java.lang.String]
17:48:25.424 [Test worker] DEBUG o.s.c.c.CharSequenceEncoder - [30c8801d] Writing "body"
17:48:25.437 [Test worker] DEBUG o.s.w.r.r.m.a.ResponseEntityResultHandler - [386fbed8] Found 'Content-Type:application/xml' in response
17:48:25.438 [Test worker] DEBUG o.s.w.r.r.m.a.ResponseEntityResultHandler - [386fbed8] 0..1 [java.lang.String]
17:48:25.475 [Test worker] DEBUG o.s.w.r.r.m.a.ResponseEntityResultHandler - [1d1403bf] Using 'application/xml' given [*/*] and supported [application/xml]
17:48:25.475 [Test worker] DEBUG o.s.w.r.r.m.a.ResponseEntityResultHandler - [1d1403bf] 0..1 [java.lang.String]
17:48:25.519 [Test worker] DEBUG o.s.w.r.r.m.a.ResponseEntityResultHandler - [182c7076] Using 'application/json' given [*/*] and supported [application/json]
17:48:25.519 [Test worker] DEBUG o.s.w.r.r.m.a.ResponseEntityResultHandler - [182c7076] 0..1 [java.lang.String]
17:48:25.519 [Test worker] DEBUG o.s.c.c.CharSequenceEncoder - [182c7076] Writing "body"
17:48:25.559 [Test worker] DEBUG o.s.w.r.r.m.a.ResponseEntityResultHandler - [61af3c73] Using 'application/hal+json' given [application/prs.hal-forms+json, application/hal+json] and supported [application/hal+json]
17:48:25.560 [Test worker] DEBUG o.s.w.r.r.m.a.ResponseEntityResultHandler - [61af3c73] 0..1 [org.springframework.web.reactive.result.method.annotation.ResponseEntityResultHandlerTests$Person]
17:48:25.560 [Test worker] DEBUG o.s.h.c.j.Jackson2JsonEncoder - [61af3c73] Encoding [org.springframework.web.reactive.result.method.annotation.ResponseEntityResultHandlerTests$Person@29 (truncated)...]
]]></system-out>
  <system-err><![CDATA[]]></system-err>
</testsuite>
