<?xml version="1.0" encoding="UTF-8"?>
<!-- Generated by org.testng.reporters.JUnitReportReporter -->
<testsuite hostname="wangweilideMacBook-Pro.local" failures="0" tests="1" name="org.springframework.test.context.cache.ClassLevelDirtiesContextTestNGTests$CleanTestCase" time="0.001" errors="0" timestamp="2021-04-26T15:40:40 CST" skipped="0">
  <testcase classname="org.springframework.test.context.cache.ClassLevelDirtiesContextTestNGTests$CleanTestCase" name="verifyContextWasAutowired" time="0.001"/>
  <system-out/>
</testsuite> <!-- org.springframework.test.context.cache.ClassLevelDirtiesContextTestNGTests$CleanTestCase -->
