<?xml version="1.0" encoding="UTF-8"?>
<testsuite name="org.springframework.cache.jcache.interceptor.CacheResolverAdapterTests" tests="2" skipped="0" failures="0" errors="0" timestamp="2021-05-09T12:40:38" hostname="wangweilidembp" time="0.025">
  <properties/>
  <testcase name="resolveSimpleCache()" classname="org.springframework.cache.jcache.interceptor.CacheResolverAdapterTests" time="0.02"/>
  <testcase name="resolveUnknownCache()" classname="org.springframework.cache.jcache.interceptor.CacheResolverAdapterTests" time="0.005"/>
  <system-out><![CDATA[]]></system-out>
  <system-err><![CDATA[]]></system-err>
</testsuite>
