<?xml version="1.0" encoding="UTF-8"?>
<testsuite name="org.springframework.cache.jcache.JCacheCacheManagerTests" tests="5" skipped="0" failures="0" errors="0" timestamp="2021-05-09T12:40:23" hostname="wangweilidembp" time="0.518">
  <properties/>
  <testcase name="getTransactionalOnExistingCache()" classname="org.springframework.cache.jcache.JCacheCacheManagerTests" time="0.436"/>
  <testcase name="getOnExistingCache()" classname="org.springframework.cache.jcache.JCacheCacheManagerTests" time="0.005"/>
  <testcase name="getOnNewCache()" classname="org.springframework.cache.jcache.JCacheCacheManagerTests" time="0.035"/>
  <testcase name="getOnUnknownCache()" classname="org.springframework.cache.jcache.JCacheCacheManagerTests" time="0.032"/>
  <testcase name="getTransactionalOnNewCache()" classname="org.springframework.cache.jcache.JCacheCacheManagerTests" time="0.006"/>
  <system-out><![CDATA[]]></system-out>
  <system-err><![CDATA[]]></system-err>
</testsuite>
