<?xml version="1.0" encoding="UTF-8"?>
<testsuite name="org.springframework.scheduling.quartz.QuartzSchedulerLifecycleTests" tests="2" skipped="0" failures="0" errors="0" timestamp="2021-05-09T12:40:39" hostname="wangweilidembp" time="0.322">
  <properties/>
  <testcase name="destroyLazyInitSchedulerWithCustomShutdownOrderDoesNotHang()" classname="org.springframework.scheduling.quartz.QuartzSchedulerLifecycleTests" time="0.273"/>
  <testcase name="destroyLazyInitSchedulerWithDefaultShutdownOrderDoesNotHang()" classname="org.springframework.scheduling.quartz.QuartzSchedulerLifecycleTests" time="0.048"/>
  <system-out><![CDATA[]]></system-out>
  <system-err><![CDATA[]]></system-err>
</testsuite>
