<?xml version="1.0" encoding="UTF-8"?>
<testsuite name="org.springframework.cache.transaction.TransactionAwareCacheDecoratorTests" tests="15" skipped="0" failures="0" errors="0" timestamp="2021-05-09T12:40:06" hostname="wangweilidembp" time="0.076">
  <properties/>
  <testcase name="regularOperationsOnTarget()" classname="org.springframework.cache.transaction.TransactionAwareCacheDecoratorTests" time="0.006"/>
  <testcase name="evictTransactional()" classname="org.springframework.cache.transaction.TransactionAwareCacheDecoratorTests" time="0.011"/>
  <testcase name="evictNonTransactional()" classname="org.springframework.cache.transaction.TransactionAwareCacheDecoratorTests" time="0.001"/>
  <testcase name="putIfAbsentTransactional()" classname="org.springframework.cache.transaction.TransactionAwareCacheDecoratorTests" time="0.001"/>
  <testcase name="clearTransactional()" classname="org.springframework.cache.transaction.TransactionAwareCacheDecoratorTests" time="0.008"/>
  <testcase name="invalidateNonTransactional()" classname="org.springframework.cache.transaction.TransactionAwareCacheDecoratorTests" time="0.001"/>
  <testcase name="evictIfPresentTransactional()" classname="org.springframework.cache.transaction.TransactionAwareCacheDecoratorTests" time="0.001"/>
  <testcase name="clearNonTransactional()" classname="org.springframework.cache.transaction.TransactionAwareCacheDecoratorTests" time="0.006"/>
  <testcase name="invalidateTransactional()" classname="org.springframework.cache.transaction.TransactionAwareCacheDecoratorTests" time="0.003"/>
  <testcase name="getTargetCache()" classname="org.springframework.cache.transaction.TransactionAwareCacheDecoratorTests" time="0.002"/>
  <testcase name="putTransactional()" classname="org.springframework.cache.transaction.TransactionAwareCacheDecoratorTests" time="0.002"/>
  <testcase name="putNonTransactional()" classname="org.springframework.cache.transaction.TransactionAwareCacheDecoratorTests" time="0.001"/>
  <testcase name="createWithNullTarget()" classname="org.springframework.cache.transaction.TransactionAwareCacheDecoratorTests" time="0.001"/>
  <testcase name="putIfAbsentNonTransactional()" classname="org.springframework.cache.transaction.TransactionAwareCacheDecoratorTests" time="0.012"/>
  <testcase name="evictIfPresentNonTransactional()" classname="org.springframework.cache.transaction.TransactionAwareCacheDecoratorTests" time="0.001"/>
  <system-out><![CDATA[]]></system-out>
  <system-err><![CDATA[]]></system-err>
</testsuite>
