<?xml version="1.0" encoding="UTF-8"?>
<testsuite name="org.springframework.validation.beanvalidation2.SpringValidatorAdapterTests" tests="11" skipped="0" failures="0" errors="0" timestamp="2021-04-26T07:39:46" hostname="wangweilideMacBook-Pro.local" time="0.785">
  <properties/>
  <testcase name="testPatternMessage()" classname="org.springframework.validation.beanvalidation2.SpringValidatorAdapterTests" time="0.059"/>
  <testcase name="testMapValueConstraint()" classname="org.springframework.validation.beanvalidation2.SpringValidatorAdapterTests" time="0.124"/>
  <testcase name="testListElementConstraint()" classname="org.springframework.validation.beanvalidation2.SpringValidatorAdapterTests" time="0.114"/>
  <testcase name="testNoStringArgumentValue()" classname="org.springframework.validation.beanvalidation2.SpringValidatorAdapterTests" time="0.007"/>
  <testcase name="testWithList()" classname="org.springframework.validation.beanvalidation2.SpringValidatorAdapterTests" time="0.182"/>
  <testcase name="testApplyMessageSourceResolvableToStringArgumentValueWithUnresolvedLogicalFieldName()" classname="org.springframework.validation.beanvalidation2.SpringValidatorAdapterTests" time="0.01"/>
  <testcase name="testMapEntryConstraint()" classname="org.springframework.validation.beanvalidation2.SpringValidatorAdapterTests" time="0.028"/>
  <testcase name="testWithSet()" classname="org.springframework.validation.beanvalidation2.SpringValidatorAdapterTests" time="0.119"/>
  <testcase name="testApplyMessageSourceResolvableToStringArgumentValueWithAlwaysUseMessageFormat()" classname="org.springframework.validation.beanvalidation2.SpringValidatorAdapterTests" time="0.022"/>
  <testcase name="testUnwrap()" classname="org.springframework.validation.beanvalidation2.SpringValidatorAdapterTests" time="0.0"/>
  <testcase name="testApplyMessageSourceResolvableToStringArgumentValueWithResolvedLogicalFieldName()" classname="org.springframework.validation.beanvalidation2.SpringValidatorAdapterTests" time="0.015"/>
  <system-out><![CDATA[]]></system-out>
  <system-err><![CDATA[]]></system-err>
</testsuite>
