<?xml version="1.0" encoding="UTF-8"?>
<testsuite name="org.springframework.cache.jcache.interceptor.JCacheInterceptorTests" tests="5" skipped="0" failures="0" errors="0" timestamp="2021-05-09T12:40:38" hostname="wangweilidembp" time="0.036">
  <properties/>
  <testcase name="cacheManagerMandatoryIfCacheResolverNotSet()" classname="org.springframework.cache.jcache.interceptor.JCacheInterceptorTests" time="0.002"/>
  <testcase name="cacheManagerOptionalIfCacheResolversSet()" classname="org.springframework.cache.jcache.interceptor.JCacheInterceptorTests" time="0.0"/>
  <testcase name="noCacheCouldBeResolved()" classname="org.springframework.cache.jcache.interceptor.JCacheInterceptorTests" time="0.017"/>
  <testcase name="severalCachesNotSupported()" classname="org.springframework.cache.jcache.interceptor.JCacheInterceptorTests" time="0.004"/>
  <testcase name="cacheResultReturnsProperType()" classname="org.springframework.cache.jcache.interceptor.JCacheInterceptorTests" time="0.001"/>
  <system-out><![CDATA[]]></system-out>
  <system-err><![CDATA[]]></system-err>
</testsuite>
