<?xml version="1.0" encoding="UTF-8"?>
<testsuite name="org.springframework.scheduling.quartz.QuartzSchedulerLifecycleTests" tests="2" skipped="0" failures="0" errors="0" timestamp="2021-05-01T09:26:11" hostname="wangweilideMBP.lan" time="0.14">
  <properties/>
  <testcase name="destroyLazyInitSchedulerWithCustomShutdownOrderDoesNotHang()" classname="org.springframework.scheduling.quartz.QuartzSchedulerLifecycleTests" time="0.095"/>
  <testcase name="destroyLazyInitSchedulerWithDefaultShutdownOrderDoesNotHang()" classname="org.springframework.scheduling.quartz.QuartzSchedulerLifecycleTests" time="0.045"/>
  <system-out><![CDATA[]]></system-out>
  <system-err><![CDATA[]]></system-err>
</testsuite>
