<?xml version="1.0" encoding="UTF-8"?>
<testsuite name="org.springframework.cache.jcache.interceptor.JCacheKeyGeneratorTests" tests="3" skipped="0" failures="0" errors="0" timestamp="2021-05-01T09:26:10" hostname="wangweilideMBP.lan" time="0.075">
  <properties/>
  <testcase name="getFlattenVararg()" classname="org.springframework.cache.jcache.interceptor.JCacheKeyGeneratorTests" time="0.037"/>
  <testcase name="getSimple()" classname="org.springframework.cache.jcache.interceptor.JCacheKeyGeneratorTests" time="0.019"/>
  <testcase name="getFiltered()" classname="org.springframework.cache.jcache.interceptor.JCacheKeyGeneratorTests" time="0.019"/>
  <system-out><![CDATA[]]></system-out>
  <system-err><![CDATA[]]></system-err>
</testsuite>
