<?xml version="1.0" encoding="UTF-8"?>
<testsuite name="org.springframework.validation.beanvalidation2.MethodValidationTests" tests="4" skipped="0" failures="0" errors="0" timestamp="2021-04-26T07:39:46" hostname="wangweilideMacBook-Pro.local" time="0.372">
  <properties/>
  <testcase name="testLazyValidatorForMethodValidation()" classname="org.springframework.validation.beanvalidation2.MethodValidationTests" time="0.144"/>
  <testcase name="testMethodValidationInterceptor()" classname="org.springframework.validation.beanvalidation2.MethodValidationTests" time="0.071"/>
  <testcase name="testLazyValidatorForMethodValidationWithProxyTargetClass()" classname="org.springframework.validation.beanvalidation2.MethodValidationTests" time="0.122"/>
  <testcase name="testMethodValidationPostProcessor()" classname="org.springframework.validation.beanvalidation2.MethodValidationTests" time="0.035"/>
  <system-out><![CDATA[]]></system-out>
  <system-err><![CDATA[]]></system-err>
</testsuite>
