<?xml version="1.0" encoding="UTF-8"?>
<testsuite name="org.springframework.cache.jcache.interceptor.CacheResultOperationTests" tests="7" skipped="0" failures="0" errors="0" timestamp="2021-05-01T09:26:10" hostname="wangweilideMBP.lan" time="0.006">
  <properties/>
  <testcase name="simple()" classname="org.springframework.cache.jcache.interceptor.CacheResultOperationTests" time="0.0"/>
  <testcase name="simpleGet()" classname="org.springframework.cache.jcache.interceptor.CacheResultOperationTests" time="0.0"/>
  <testcase name="invokeWithWrongParameters()" classname="org.springframework.cache.jcache.interceptor.CacheResultOperationTests" time="0.001"/>
  <testcase name="fullGetConfig()" classname="org.springframework.cache.jcache.interceptor.CacheResultOperationTests" time="0.0"/>
  <testcase name="annotatedGet()" classname="org.springframework.cache.jcache.interceptor.CacheResultOperationTests" time="0.001"/>
  <testcase name="multiParameterKey()" classname="org.springframework.cache.jcache.interceptor.CacheResultOperationTests" time="0.001"/>
  <testcase name="tooManyKeyValues()" classname="org.springframework.cache.jcache.interceptor.CacheResultOperationTests" time="0.001"/>
  <system-out><![CDATA[]]></system-out>
  <system-err><![CDATA[]]></system-err>
</testsuite>
