<?xml version="1.0" encoding="UTF-8"?>
<testsuite name="org.springframework.cache.jcache.interceptor.JCacheKeyGeneratorTests" tests="3" skipped="0" failures="0" errors="0" timestamp="2021-04-26T07:39:43" hostname="wangweilideMacBook-Pro.local" time="0.096">
  <properties/>
  <testcase name="getFlattenVararg()" classname="org.springframework.cache.jcache.interceptor.JCacheKeyGeneratorTests" time="0.039"/>
  <testcase name="getSimple()" classname="org.springframework.cache.jcache.interceptor.JCacheKeyGeneratorTests" time="0.028"/>
  <testcase name="getFiltered()" classname="org.springframework.cache.jcache.interceptor.JCacheKeyGeneratorTests" time="0.028"/>
  <system-out><![CDATA[]]></system-out>
  <system-err><![CDATA[]]></system-err>
</testsuite>
