<?xml version="1.0" encoding="UTF-8"?>
<testsuite name="org.springframework.cache.jcache.config.JCacheJavaConfigTests" tests="32" skipped="0" failures="0" errors="0" timestamp="2021-05-09T12:40:26" hostname="wangweilidembp" time="2.494">
  <properties/>
  <testcase name="earlyPutWithExceptionVetoPut()" classname="org.springframework.cache.jcache.config.JCacheJavaConfigTests" time="0.198"/>
  <testcase name="removeWithException()" classname="org.springframework.cache.jcache.config.JCacheJavaConfigTests" time="0.06"/>
  <testcase name="cacheExceptionVetoed()" classname="org.springframework.cache.jcache.config.JCacheJavaConfigTests" time="0.074"/>
  <testcase name="cacheWithCustomCacheResolver()" classname="org.springframework.cache.jcache.config.JCacheJavaConfigTests" time="0.073"/>
  <testcase name="earlyRemove()" classname="org.springframework.cache.jcache.config.JCacheJavaConfigTests" time="0.048"/>
  <testcase name="remove()" classname="org.springframework.cache.jcache.config.JCacheJavaConfigTests" time="0.078"/>
  <testcase name="earlyPut()" classname="org.springframework.cache.jcache.config.JCacheJavaConfigTests" time="0.056"/>
  <testcase name="putWithException()" classname="org.springframework.cache.jcache.config.JCacheJavaConfigTests" time="0.099"/>
  <testcase name="removeWithExceptionVetoRemove()" classname="org.springframework.cache.jcache.config.JCacheJavaConfigTests" time="0.065"/>
  <testcase name="cacheWithCustomKeyGenerator()" classname="org.springframework.cache.jcache.config.JCacheJavaConfigTests" time="0.053"/>
  <testcase name="cacheNull()" classname="org.springframework.cache.jcache.config.JCacheJavaConfigTests" time="0.046"/>
  <testcase name="cacheCheckedException()" classname="org.springframework.cache.jcache.config.JCacheJavaConfigTests" time="0.081"/>
  <testcase name="earlyRemoveAll()" classname="org.springframework.cache.jcache.config.JCacheJavaConfigTests" time="0.061"/>
  <testcase name="put()" classname="org.springframework.cache.jcache.config.JCacheJavaConfigTests" time="0.047"/>
  <testcase name="earlyRemoveAllWithExceptionVetoRemove()" classname="org.springframework.cache.jcache.config.JCacheJavaConfigTests" time="0.099"/>
  <testcase name="earlyPutWithException()" classname="org.springframework.cache.jcache.config.JCacheJavaConfigTests" time="0.064"/>
  <testcase name="cache()" classname="org.springframework.cache.jcache.config.JCacheJavaConfigTests" time="0.081"/>
  <testcase name="earlyRemoveAllWithException()" classname="org.springframework.cache.jcache.config.JCacheJavaConfigTests" time="0.049"/>
  <testcase name="earlyRemoveWithException()" classname="org.springframework.cache.jcache.config.JCacheJavaConfigTests" time="0.057"/>
  <testcase name="cacheAlwaysInvoke()" classname="org.springframework.cache.jcache.config.JCacheJavaConfigTests" time="0.05"/>
  <testcase name="removeAllWithExceptionVetoRemove()" classname="org.springframework.cache.jcache.config.JCacheJavaConfigTests" time="0.048"/>
  <testcase name="earlyRemoveWithExceptionVetoRemove()" classname="org.springframework.cache.jcache.config.JCacheJavaConfigTests" time="0.057"/>
  <testcase name="removeAll()" classname="org.springframework.cache.jcache.config.JCacheJavaConfigTests" time="0.051"/>
  <testcase name="removeAllWithException()" classname="org.springframework.cache.jcache.config.JCacheJavaConfigTests" time="0.055"/>
  <testcase name="cacheWithPartialKey()" classname="org.springframework.cache.jcache.config.JCacheJavaConfigTests" time="0.048"/>
  <testcase name="putWithExceptionVetoPut()" classname="org.springframework.cache.jcache.config.JCacheJavaConfigTests" time="0.088"/>
  <testcase name="cacheException()" classname="org.springframework.cache.jcache.config.JCacheJavaConfigTests" time="0.051"/>
  <testcase name="cacheExceptionRewriteCallStack()" classname="org.springframework.cache.jcache.config.JCacheJavaConfigTests" time="0.078"/>
  <testcase name="bothSetOnlyResolverIsUsed()" classname="org.springframework.cache.jcache.config.JCacheJavaConfigTests" time="0.139"/>
  <testcase name="emptyConfigSupport()" classname="org.springframework.cache.jcache.config.JCacheJavaConfigTests" time="0.115"/>
  <testcase name="fullCachingConfig()" classname="org.springframework.cache.jcache.config.JCacheJavaConfigTests" time="0.159"/>
  <testcase name="exceptionCacheResolverLazilyRequired()" classname="org.springframework.cache.jcache.config.JCacheJavaConfigTests" time="0.138"/>
  <system-out><![CDATA[]]></system-out>
  <system-err><![CDATA[]]></system-err>
</testsuite>
