<?xml version="1.0" encoding="UTF-8"?>
<testsuite name="org.springframework.validation.beanvalidation2.ValidatorFactoryTests" tests="12" skipped="0" failures="0" errors="0" timestamp="2021-04-26T07:39:47" hostname="wangweilideMacBook-Pro.local" time="0.992">
  <properties/>
  <testcase name="testValidationWithOptionalField()" classname="org.springframework.validation.beanvalidation2.ValidatorFactoryTests" time="0.027"/>
  <testcase name="testSpringValidationFieldType()" classname="org.springframework.validation.beanvalidation2.ValidatorFactoryTests" time="0.109"/>
  <testcase name="testSpringValidationWithErrorInListElement()" classname="org.springframework.validation.beanvalidation2.ValidatorFactoryTests" time="0.086"/>
  <testcase name="testSpringValidationWithClassLevel()" classname="org.springframework.validation.beanvalidation2.ValidatorFactoryTests" time="0.124"/>
  <testcase name="testInnerBeanValidation()" classname="org.springframework.validation.beanvalidation2.ValidatorFactoryTests" time="0.008"/>
  <testcase name="testSpringValidationWithErrorInSetElement()" classname="org.springframework.validation.beanvalidation2.ValidatorFactoryTests" time="0.083"/>
  <testcase name="testSpringValidationWithAutowiredValidator()" classname="org.springframework.validation.beanvalidation2.ValidatorFactoryTests" time="0.115"/>
  <testcase name="testSimpleValidation()" classname="org.springframework.validation.beanvalidation2.ValidatorFactoryTests" time="0.079"/>
  <testcase name="testListValidation()" classname="org.springframework.validation.beanvalidation2.ValidatorFactoryTests" time="0.035"/>
  <testcase name="testSimpleValidationWithClassLevel()" classname="org.springframework.validation.beanvalidation2.ValidatorFactoryTests" time="0.094"/>
  <testcase name="testSimpleValidationWithCustomProvider()" classname="org.springframework.validation.beanvalidation2.ValidatorFactoryTests" time="0.09"/>
  <testcase name="testSpringValidation()" classname="org.springframework.validation.beanvalidation2.ValidatorFactoryTests" time="0.128"/>
  <system-out><![CDATA[]]></system-out>
  <system-err><![CDATA[]]></system-err>
</testsuite>
