<?xml version="1.0" encoding="UTF-8"?>
<testsuite name="org.springframework.cache.jcache.interceptor.AnnotationCacheOperationSourceTests" tests="16" skipped="0" failures="0" errors="0" timestamp="2021-05-09T12:40:37" hostname="wangweilidembp" time="0.064">
  <properties/>
  <testcase name="customCacheResolver()" classname="org.springframework.cache.jcache.interceptor.AnnotationCacheOperationSourceTests" time="0.001"/>
  <testcase name="defaultCacheNameWithParameters()" classname="org.springframework.cache.jcache.interceptor.AnnotationCacheOperationSourceTests" time="0.001"/>
  <testcase name="defaultCacheNameWithCandidate()" classname="org.springframework.cache.jcache.interceptor.AnnotationCacheOperationSourceTests" time="0.001"/>
  <testcase name="remove()" classname="org.springframework.cache.jcache.interceptor.AnnotationCacheOperationSourceTests" time="0.0"/>
  <testcase name="multiAnnotations()" classname="org.springframework.cache.jcache.interceptor.AnnotationCacheOperationSourceTests" time="0.001"/>
  <testcase name="defaultCacheNameNoDefaults()" classname="org.springframework.cache.jcache.interceptor.AnnotationCacheOperationSourceTests" time="0.0"/>
  <testcase name="noAnnotation()" classname="org.springframework.cache.jcache.interceptor.AnnotationCacheOperationSourceTests" time="0.0"/>
  <testcase name="put()" classname="org.springframework.cache.jcache.interceptor.AnnotationCacheOperationSourceTests" time="0.001"/>
  <testcase name="customKeyGeneratorAndCacheResolverWithExceptionName()" classname="org.springframework.cache.jcache.interceptor.AnnotationCacheOperationSourceTests" time="0.011"/>
  <testcase name="cache()" classname="org.springframework.cache.jcache.interceptor.AnnotationCacheOperationSourceTests" time="0.006"/>
  <testcase name="defaultCacheNameWithDefaults()" classname="org.springframework.cache.jcache.interceptor.AnnotationCacheOperationSourceTests" time="0.031"/>
  <testcase name="customKeyGeneratorSpringBean()" classname="org.springframework.cache.jcache.interceptor.AnnotationCacheOperationSourceTests" time="0.0"/>
  <testcase name="cacheWithException()" classname="org.springframework.cache.jcache.interceptor.AnnotationCacheOperationSourceTests" time="0.001"/>
  <testcase name="customKeyGeneratorAndCacheResolver()" classname="org.springframework.cache.jcache.interceptor.AnnotationCacheOperationSourceTests" time="0.001"/>
  <testcase name="removeAll()" classname="org.springframework.cache.jcache.interceptor.AnnotationCacheOperationSourceTests" time="0.001"/>
  <testcase name="customKeyGenerator()" classname="org.springframework.cache.jcache.interceptor.AnnotationCacheOperationSourceTests" time="0.002"/>
  <system-out><![CDATA[]]></system-out>
  <system-err><![CDATA[]]></system-err>
</testsuite>
