<?xml version="1.0" encoding="UTF-8"?>
<testsuite name="org.springframework.cache.jcache.JCacheEhCacheAnnotationTests" tests="64" skipped="1" failures="0" errors="0" timestamp="2021-04-26T07:39:28" hostname="wangweilideMacBook-Pro.local" time="6.997">
  <properties/>
  <testcase name="testMultiConditionalCacheAndEvict()" classname="org.springframework.cache.jcache.JCacheEhCacheAnnotationTests" time="1.746"/>
  <testcase name="testClassEvictWithKeyEarly()" classname="org.springframework.cache.jcache.JCacheEhCacheAnnotationTests" time="0.143"/>
  <testcase name="testClassCheckedExceptionSync()" classname="org.springframework.cache.jcache.JCacheEhCacheAnnotationTests" time="0.204"/>
  <testcase name="testKeyExpression()" classname="org.springframework.cache.jcache.JCacheEhCacheAnnotationTests" time="0.141"/>
  <testcase name="testConditionalUpdate()" classname="org.springframework.cache.jcache.JCacheEhCacheAnnotationTests" time="0.144"/>
  <testcase name="testClassMultiCacheAndEvict()" classname="org.springframework.cache.jcache.JCacheEhCacheAnnotationTests" time="0.128"/>
  <testcase name="testCacheableSyncNull()" classname="org.springframework.cache.jcache.JCacheEhCacheAnnotationTests" time="0.115"/>
  <testcase name="testUnknownCustomKeyGenerator()" classname="org.springframework.cache.jcache.JCacheEhCacheAnnotationTests" time="0.136"/>
  <testcase name="testClassRootVars()" classname="org.springframework.cache.jcache.JCacheEhCacheAnnotationTests" time="0.108"/>
  <testcase name="testMethodName()" classname="org.springframework.cache.jcache.JCacheEhCacheAnnotationTests" time="0.133"/>
  <testcase name="testEvictWithException()" classname="org.springframework.cache.jcache.JCacheEhCacheAnnotationTests" time="0.129"/>
  <testcase name="testClassUpdate()" classname="org.springframework.cache.jcache.JCacheEhCacheAnnotationTests" time="0.072"/>
  <testcase name="testEvict()" classname="org.springframework.cache.jcache.JCacheEhCacheAnnotationTests" time="0.116"/>
  <testcase name="testCheckedExceptionSync()" classname="org.springframework.cache.jcache.JCacheEhCacheAnnotationTests" time="0.111"/>
  <testcase name="testClassEvictEarly()" classname="org.springframework.cache.jcache.JCacheEhCacheAnnotationTests" time="0.103"/>
  <testcase name="testClassNullArg()" classname="org.springframework.cache.jcache.JCacheEhCacheAnnotationTests" time="0.152"/>
  <testcase name="testClassEvictAll()" classname="org.springframework.cache.jcache.JCacheEhCacheAnnotationTests" time="0.164"/>
  <testcase name="testPutRefersToResult()" classname="org.springframework.cache.jcache.JCacheEhCacheAnnotationTests" time="0.175"/>
  <testcase name="testClassCacheUnlessExpression()" classname="org.springframework.cache.jcache.JCacheEhCacheAnnotationTests" time="0.08"/>
  <testcase name="testConditionalExpressionSync()" classname="org.springframework.cache.jcache.JCacheEhCacheAnnotationTests" time="0.121"/>
  <testcase name="testClassConditionalUpdate()" classname="org.springframework.cache.jcache.JCacheEhCacheAnnotationTests" time="0.116"/>
  <testcase name="testConditionalExpression()" classname="org.springframework.cache.jcache.JCacheEhCacheAnnotationTests" time="0.061"/>
  <testcase name="testClassMultiPut()" classname="org.springframework.cache.jcache.JCacheEhCacheAnnotationTests" time="0.07"/>
  <testcase name="testClassUncheckedException()" classname="org.springframework.cache.jcache.JCacheEhCacheAnnotationTests" time="0.097"/>
  <testcase name="testClassCacheEvictWithWKey()" classname="org.springframework.cache.jcache.JCacheEhCacheAnnotationTests" time="0.085"/>
  <testcase name="testClassNullValue()" classname="org.springframework.cache.jcache.JCacheEhCacheAnnotationTests" time="0.077"/>
  <testcase name="testUncheckedExceptionSync()" classname="org.springframework.cache.jcache.JCacheEhCacheAnnotationTests" time="0.073"/>
  <testcase name="testClassUncheckedExceptionSync()" classname="org.springframework.cache.jcache.JCacheEhCacheAnnotationTests" time="0.055"/>
  <testcase name="testClassCacheCacheable()" classname="org.springframework.cache.jcache.JCacheEhCacheAnnotationTests" time="0.056"/>
  <testcase name="testClassMethodName()" classname="org.springframework.cache.jcache.JCacheEhCacheAnnotationTests" time="0.07"/>
  <testcase name="testCustomKeyGenerator()" classname="org.springframework.cache.jcache.JCacheEhCacheAnnotationTests" time="0.055"/>
  <testcase name="testCacheable()" classname="org.springframework.cache.jcache.JCacheEhCacheAnnotationTests" time="0.056"/>
  <testcase name="testCheckedException()" classname="org.springframework.cache.jcache.JCacheEhCacheAnnotationTests" time="0.051"/>
  <testcase name="testClassPutRefersToResult()" classname="org.springframework.cache.jcache.JCacheEhCacheAnnotationTests" time="0.048"/>
  <testcase name="testVarArgsKey()" classname="org.springframework.cache.jcache.JCacheEhCacheAnnotationTests" time="0.068"/>
  <testcase name="testMultiCache()" classname="org.springframework.cache.jcache.JCacheEhCacheAnnotationTests" time="0.064"/>
  <testcase name="testMultiEvict()" classname="org.springframework.cache.jcache.JCacheEhCacheAnnotationTests" time="0.065"/>
  <testcase name="testMultiCacheAndEvict()" classname="org.springframework.cache.jcache.JCacheEhCacheAnnotationTests" time="0.079"/>
  <testcase name="testRootVars()" classname="org.springframework.cache.jcache.JCacheEhCacheAnnotationTests" time="0.074"/>
  <testcase name="testClassMultiConditionalCacheAndEvict()" classname="org.springframework.cache.jcache.JCacheEhCacheAnnotationTests" time="0.046"/>
  <testcase name="testClassEvictWithException()" classname="org.springframework.cache.jcache.JCacheEhCacheAnnotationTests" time="0.058"/>
  <testcase name="testClassCheckedException()" classname="org.springframework.cache.jcache.JCacheEhCacheAnnotationTests" time="0.039"/>
  <testcase name="testClassCacheEvict()" classname="org.springframework.cache.jcache.JCacheEhCacheAnnotationTests" time="0.056"/>
  <testcase name="testEvictWithKey()" classname="org.springframework.cache.jcache.JCacheEhCacheAnnotationTests" time="0.054"/>
  <testcase name="testUnlessExpression()" classname="org.springframework.cache.jcache.JCacheEhCacheAnnotationTests" time="0.042"/>
  <testcase name="testEvictAllEarly()" classname="org.springframework.cache.jcache.JCacheEhCacheAnnotationTests" time="0.041"/>
  <testcase name="testEvictAll()" classname="org.springframework.cache.jcache.JCacheEhCacheAnnotationTests" time="0.044"/>
  <testcase name="testCacheableNull()" classname="org.springframework.cache.jcache.JCacheEhCacheAnnotationTests" time="0.084"/>
  <testcase name="testCacheableSync()" classname="org.springframework.cache.jcache.JCacheEhCacheAnnotationTests" time="0.042"/>
  <testcase name="testEvictWithKeyEarly()" classname="org.springframework.cache.jcache.JCacheEhCacheAnnotationTests" time="0.042"/>
  <testcase name="testMultiPut()" classname="org.springframework.cache.jcache.JCacheEhCacheAnnotationTests" time="0.058"/>
  <testcase name="testUnknownCustomCacheManager()" classname="org.springframework.cache.jcache.JCacheEhCacheAnnotationTests" time="0.053"/>
  <testcase name="testUncheckedException()" classname="org.springframework.cache.jcache.JCacheEhCacheAnnotationTests" time="0.051"/>
  <testcase name="testNullValue()" classname="org.springframework.cache.jcache.JCacheEhCacheAnnotationTests" time="0.057"/>
  <testcase name="testEvictEarly()" classname="org.springframework.cache.jcache.JCacheEhCacheAnnotationTests" time="0.059"/>
  <testcase name="testUpdate()" classname="org.springframework.cache.jcache.JCacheEhCacheAnnotationTests" time="0.061"/>
  <testcase name="testNullArg()" classname="org.springframework.cache.jcache.JCacheEhCacheAnnotationTests" time="0.066"/>
  <testcase name="testClassMultiCache()" classname="org.springframework.cache.jcache.JCacheEhCacheAnnotationTests" time="0.082"/>
  <testcase name="testClassMultiEvict()" classname="org.springframework.cache.jcache.JCacheEhCacheAnnotationTests" time="0.116"/>
  <testcase name="testEvictAllWithTransaction()" classname="org.springframework.cache.jcache.JCacheEhCacheAnnotationTests" time="0.067"/>
  <testcase name="testCustomCacheManager()" classname="org.springframework.cache.jcache.JCacheEhCacheAnnotationTests" time="0.001">
    <skipped/>
  </testcase>
  <testcase name="testEvictEarlyWithTransaction()" classname="org.springframework.cache.jcache.JCacheEhCacheAnnotationTests" time="0.07"/>
  <testcase name="testEvictAllEarlyWithTransaction()" classname="org.springframework.cache.jcache.JCacheEhCacheAnnotationTests" time="0.059"/>
  <testcase name="testEvictWithTransaction()" classname="org.springframework.cache.jcache.JCacheEhCacheAnnotationTests" time="0.063"/>
  <system-out><![CDATA[]]></system-out>
  <system-err><![CDATA[]]></system-err>
</testsuite>
