<?xml version="1.0" encoding="UTF-8"?>
<testsuite name="org.springframework.validation.beanvalidation2.SpringValidatorAdapterTests" tests="11" skipped="0" failures="0" errors="0" timestamp="2021-05-01T09:26:12" hostname="wangweilideMBP.lan" time="0.305">
  <properties/>
  <testcase name="testPatternMessage()" classname="org.springframework.validation.beanvalidation2.SpringValidatorAdapterTests" time="0.028"/>
  <testcase name="testMapValueConstraint()" classname="org.springframework.validation.beanvalidation2.SpringValidatorAdapterTests" time="0.066"/>
  <testcase name="testListElementConstraint()" classname="org.springframework.validation.beanvalidation2.SpringValidatorAdapterTests" time="0.043"/>
  <testcase name="testNoStringArgumentValue()" classname="org.springframework.validation.beanvalidation2.SpringValidatorAdapterTests" time="0.006"/>
  <testcase name="testWithList()" classname="org.springframework.validation.beanvalidation2.SpringValidatorAdapterTests" time="0.06"/>
  <testcase name="testApplyMessageSourceResolvableToStringArgumentValueWithUnresolvedLogicalFieldName()" classname="org.springframework.validation.beanvalidation2.SpringValidatorAdapterTests" time="0.004"/>
  <testcase name="testMapEntryConstraint()" classname="org.springframework.validation.beanvalidation2.SpringValidatorAdapterTests" time="0.013"/>
  <testcase name="testWithSet()" classname="org.springframework.validation.beanvalidation2.SpringValidatorAdapterTests" time="0.037"/>
  <testcase name="testApplyMessageSourceResolvableToStringArgumentValueWithAlwaysUseMessageFormat()" classname="org.springframework.validation.beanvalidation2.SpringValidatorAdapterTests" time="0.004"/>
  <testcase name="testUnwrap()" classname="org.springframework.validation.beanvalidation2.SpringValidatorAdapterTests" time="0.0"/>
  <testcase name="testApplyMessageSourceResolvableToStringArgumentValueWithResolvedLogicalFieldName()" classname="org.springframework.validation.beanvalidation2.SpringValidatorAdapterTests" time="0.003"/>
  <system-out><![CDATA[]]></system-out>
  <system-err><![CDATA[]]></system-err>
</testsuite>
