<?xml version="1.0" encoding="UTF-8"?>
<testsuite name="org.springframework.cache.jcache.interceptor.CacheResolverAdapterTests" tests="2" skipped="0" failures="0" errors="0" timestamp="2021-04-26T07:39:43" hostname="wangweilideMacBook-Pro.local" time="0.017">
  <properties/>
  <testcase name="resolveSimpleCache()" classname="org.springframework.cache.jcache.interceptor.CacheResolverAdapterTests" time="0.013"/>
  <testcase name="resolveUnknownCache()" classname="org.springframework.cache.jcache.interceptor.CacheResolverAdapterTests" time="0.003"/>
  <system-out><![CDATA[]]></system-out>
  <system-err><![CDATA[]]></system-err>
</testsuite>
