<?xml version="1.0" encoding="UTF-8"?>
<testsuite name="org.springframework.web.servlet.mvc.method.annotation.ExtendedServletRequestDataBinderTests" tests="3" skipped="0" failures="0" errors="0" timestamp="2021-04-26T07:41:15" hostname="wangweilideMacBook-Pro.local" time="0.001">
  <properties/>
  <testcase name="noUriTemplateVars()" classname="org.springframework.web.servlet.mvc.method.annotation.ExtendedServletRequestDataBinderTests" time="0.0"/>
  <testcase name="uriTemplateVarAndRequestParam()" classname="org.springframework.web.servlet.mvc.method.annotation.ExtendedServletRequestDataBinderTests" time="0.001"/>
  <testcase name="createBinder()" classname="org.springframework.web.servlet.mvc.method.annotation.ExtendedServletRequestDataBinderTests" time="0.0"/>
  <system-out><![CDATA[]]></system-out>
  <system-err><![CDATA[]]></system-err>
</testsuite>
