<?xml version="1.0" encoding="UTF-8"?>
<testsuite name="org.springframework.web.servlet.support.AnnotationConfigDispatcherServletInitializerTests" tests="4" skipped="0" failures="0" errors="0" timestamp="2021-05-01T09:33:43" hostname="wangweilideMBP.lan" time="0.052">
  <properties/>
  <testcase name="register()" classname="org.springframework.web.servlet.support.AnnotationConfigDispatcherServletInitializerTests" time="0.008"/>
  <testcase name="noFilters()" classname="org.springframework.web.servlet.support.AnnotationConfigDispatcherServletInitializerTests" time="0.001"/>
  <testcase name="rootContextOnly()" classname="org.springframework.web.servlet.support.AnnotationConfigDispatcherServletInitializerTests" time="0.042"/>
  <testcase name="asyncSupportedFalse()" classname="org.springframework.web.servlet.support.AnnotationConfigDispatcherServletInitializerTests" time="0.0"/>
  <system-out><![CDATA[]]></system-out>
  <system-err><![CDATA[]]></system-err>
</testsuite>
