<?xml version="1.0" encoding="UTF-8"?>
<testsuite name="org.springframework.web.servlet.view.DefaultRequestToViewNameTranslatorTests" tests="22" skipped="0" failures="0" errors="0" timestamp="2021-05-01T09:33:43" hostname="wangweilideMBP.lan" time="0.01">
  <properties/>
  <testcase name="[1] requestFactory=org.springframework.web.servlet.handler.PathPatternsTestUtils$$Lambda$552/1215411934@7eaa9600" classname="org.springframework.web.servlet.view.DefaultRequestToViewNameTranslatorTests" time="0.001"/>
  <testcase name="[2] requestFactory=org.springframework.web.servlet.handler.PathPatternsTestUtils$$Lambda$553/587426784@525a2b10" classname="org.springframework.web.servlet.view.DefaultRequestToViewNameTranslatorTests" time="0.0"/>
  <testcase name="[1] requestFactory=org.springframework.web.servlet.handler.PathPatternsTestUtils$$Lambda$552/1215411934@32233ead" classname="org.springframework.web.servlet.view.DefaultRequestToViewNameTranslatorTests" time="0.0"/>
  <testcase name="[2] requestFactory=org.springframework.web.servlet.handler.PathPatternsTestUtils$$Lambda$553/587426784@4f7e435d" classname="org.springframework.web.servlet.view.DefaultRequestToViewNameTranslatorTests" time="0.0"/>
  <testcase name="[1] requestFactory=org.springframework.web.servlet.handler.PathPatternsTestUtils$$Lambda$552/1215411934@654ed624" classname="org.springframework.web.servlet.view.DefaultRequestToViewNameTranslatorTests" time="0.0"/>
  <testcase name="[2] requestFactory=org.springframework.web.servlet.handler.PathPatternsTestUtils$$Lambda$553/587426784@66cf6336" classname="org.springframework.web.servlet.view.DefaultRequestToViewNameTranslatorTests" time="0.0"/>
  <testcase name="[1] requestFactory=org.springframework.web.servlet.handler.PathPatternsTestUtils$$Lambda$552/1215411934@4d32ef14" classname="org.springframework.web.servlet.view.DefaultRequestToViewNameTranslatorTests" time="0.0"/>
  <testcase name="[2] requestFactory=org.springframework.web.servlet.handler.PathPatternsTestUtils$$Lambda$553/587426784@706b2944" classname="org.springframework.web.servlet.view.DefaultRequestToViewNameTranslatorTests" time="0.0"/>
  <testcase name="[1] requestFactory=org.springframework.web.servlet.handler.PathPatternsTestUtils$$Lambda$552/1215411934@63072e9b" classname="org.springframework.web.servlet.view.DefaultRequestToViewNameTranslatorTests" time="0.0"/>
  <testcase name="[2] requestFactory=org.springframework.web.servlet.handler.PathPatternsTestUtils$$Lambda$553/587426784@7ecc371e" classname="org.springframework.web.servlet.view.DefaultRequestToViewNameTranslatorTests" time="0.0"/>
  <testcase name="[1] requestFactory=org.springframework.web.servlet.handler.PathPatternsTestUtils$$Lambda$552/1215411934@245c2d9c" classname="org.springframework.web.servlet.view.DefaultRequestToViewNameTranslatorTests" time="0.0"/>
  <testcase name="[2] requestFactory=org.springframework.web.servlet.handler.PathPatternsTestUtils$$Lambda$553/587426784@d54015a" classname="org.springframework.web.servlet.view.DefaultRequestToViewNameTranslatorTests" time="0.0"/>
  <testcase name="[1] requestFactory=org.springframework.web.servlet.handler.PathPatternsTestUtils$$Lambda$552/1215411934@57fd859d" classname="org.springframework.web.servlet.view.DefaultRequestToViewNameTranslatorTests" time="0.0"/>
  <testcase name="[2] requestFactory=org.springframework.web.servlet.handler.PathPatternsTestUtils$$Lambda$553/587426784@48162cbb" classname="org.springframework.web.servlet.view.DefaultRequestToViewNameTranslatorTests" time="0.0"/>
  <testcase name="[1] requestFactory=org.springframework.web.servlet.handler.PathPatternsTestUtils$$Lambda$552/1215411934@de3d8e8" classname="org.springframework.web.servlet.view.DefaultRequestToViewNameTranslatorTests" time="0.0"/>
  <testcase name="[2] requestFactory=org.springframework.web.servlet.handler.PathPatternsTestUtils$$Lambda$553/587426784@201046df" classname="org.springframework.web.servlet.view.DefaultRequestToViewNameTranslatorTests" time="0.0"/>
  <testcase name="[1] requestFactory=org.springframework.web.servlet.handler.PathPatternsTestUtils$$Lambda$552/1215411934@62707a1d" classname="org.springframework.web.servlet.view.DefaultRequestToViewNameTranslatorTests" time="0.0"/>
  <testcase name="[2] requestFactory=org.springframework.web.servlet.handler.PathPatternsTestUtils$$Lambda$553/587426784@71c7da23" classname="org.springframework.web.servlet.view.DefaultRequestToViewNameTranslatorTests" time="0.0"/>
  <testcase name="[1] requestFactory=org.springframework.web.servlet.handler.PathPatternsTestUtils$$Lambda$552/1215411934@53434c7a" classname="org.springframework.web.servlet.view.DefaultRequestToViewNameTranslatorTests" time="0.0"/>
  <testcase name="[2] requestFactory=org.springframework.web.servlet.handler.PathPatternsTestUtils$$Lambda$553/587426784@1f84cba9" classname="org.springframework.web.servlet.view.DefaultRequestToViewNameTranslatorTests" time="0.0"/>
  <testcase name="[1] requestFactory=org.springframework.web.servlet.handler.PathPatternsTestUtils$$Lambda$552/1215411934@7e45fad6" classname="org.springframework.web.servlet.view.DefaultRequestToViewNameTranslatorTests" time="0.0"/>
  <testcase name="[2] requestFactory=org.springframework.web.servlet.handler.PathPatternsTestUtils$$Lambda$553/587426784@311c21ff" classname="org.springframework.web.servlet.view.DefaultRequestToViewNameTranslatorTests" time="0.0"/>
  <system-out><![CDATA[]]></system-out>
  <system-err><![CDATA[]]></system-err>
</testsuite>
