<?xml version="1.0" encoding="UTF-8"?>
<testsuite name="org.springframework.web.servlet.handler.CorsAbstractHandlerMappingTests" tests="20" skipped="0" failures="0" errors="0" timestamp="2021-05-09T12:41:24" hostname="wangweilidembp" time="0.058">
  <properties/>
  <testcase name="[1] mapping=org.springframework.web.servlet.handler.CorsAbstractHandlerMappingTests$TestHandlerMapping@5bea2661" classname="org.springframework.web.servlet.handler.CorsAbstractHandlerMappingTests" time="0.002"/>
  <testcase name="[2] mapping=org.springframework.web.servlet.handler.CorsAbstractHandlerMappingTests$TestHandlerMapping@ebd8494" classname="org.springframework.web.servlet.handler.CorsAbstractHandlerMappingTests" time="0.001"/>
  <testcase name="[1] mapping=org.springframework.web.servlet.handler.CorsAbstractHandlerMappingTests$TestHandlerMapping@1d3c5369" classname="org.springframework.web.servlet.handler.CorsAbstractHandlerMappingTests" time="0.001"/>
  <testcase name="[2] mapping=org.springframework.web.servlet.handler.CorsAbstractHandlerMappingTests$TestHandlerMapping@7fc7ed7e" classname="org.springframework.web.servlet.handler.CorsAbstractHandlerMappingTests" time="0.0"/>
  <testcase name="[1] mapping=org.springframework.web.servlet.handler.CorsAbstractHandlerMappingTests$TestHandlerMapping@66ff3882" classname="org.springframework.web.servlet.handler.CorsAbstractHandlerMappingTests" time="0.003"/>
  <testcase name="[2] mapping=org.springframework.web.servlet.handler.CorsAbstractHandlerMappingTests$TestHandlerMapping@404c5cfc" classname="org.springframework.web.servlet.handler.CorsAbstractHandlerMappingTests" time="0.001"/>
  <testcase name="[1] mapping=org.springframework.web.servlet.handler.CorsAbstractHandlerMappingTests$TestHandlerMapping@61574d42" classname="org.springframework.web.servlet.handler.CorsAbstractHandlerMappingTests" time="0.001"/>
  <testcase name="[2] mapping=org.springframework.web.servlet.handler.CorsAbstractHandlerMappingTests$TestHandlerMapping@fb8e746" classname="org.springframework.web.servlet.handler.CorsAbstractHandlerMappingTests" time="0.002"/>
  <testcase name="[1] mapping=org.springframework.web.servlet.handler.CorsAbstractHandlerMappingTests$TestHandlerMapping@2e4c95a7" classname="org.springframework.web.servlet.handler.CorsAbstractHandlerMappingTests" time="0.002"/>
  <testcase name="[2] mapping=org.springframework.web.servlet.handler.CorsAbstractHandlerMappingTests$TestHandlerMapping@6add582" classname="org.springframework.web.servlet.handler.CorsAbstractHandlerMappingTests" time="0.0"/>
  <testcase name="[1] mapping=org.springframework.web.servlet.handler.CorsAbstractHandlerMappingTests$TestHandlerMapping@149e5a96" classname="org.springframework.web.servlet.handler.CorsAbstractHandlerMappingTests" time="0.001"/>
  <testcase name="[2] mapping=org.springframework.web.servlet.handler.CorsAbstractHandlerMappingTests$TestHandlerMapping@7c778c42" classname="org.springframework.web.servlet.handler.CorsAbstractHandlerMappingTests" time="0.002"/>
  <testcase name="[1] mapping=org.springframework.web.servlet.handler.CorsAbstractHandlerMappingTests$TestHandlerMapping@a8e2c73" classname="org.springframework.web.servlet.handler.CorsAbstractHandlerMappingTests" time="0.001"/>
  <testcase name="[2] mapping=org.springframework.web.servlet.handler.CorsAbstractHandlerMappingTests$TestHandlerMapping@4a5bb4fc" classname="org.springframework.web.servlet.handler.CorsAbstractHandlerMappingTests" time="0.001"/>
  <testcase name="[1] mapping=org.springframework.web.servlet.handler.CorsAbstractHandlerMappingTests$TestHandlerMapping@15ee5148" classname="org.springframework.web.servlet.handler.CorsAbstractHandlerMappingTests" time="0.001"/>
  <testcase name="[2] mapping=org.springframework.web.servlet.handler.CorsAbstractHandlerMappingTests$TestHandlerMapping@285fb5d" classname="org.springframework.web.servlet.handler.CorsAbstractHandlerMappingTests" time="0.001"/>
  <testcase name="[1] mapping=org.springframework.web.servlet.handler.CorsAbstractHandlerMappingTests$TestHandlerMapping@472cabc" classname="org.springframework.web.servlet.handler.CorsAbstractHandlerMappingTests" time="0.001"/>
  <testcase name="[2] mapping=org.springframework.web.servlet.handler.CorsAbstractHandlerMappingTests$TestHandlerMapping@4bacefb8" classname="org.springframework.web.servlet.handler.CorsAbstractHandlerMappingTests" time="0.001"/>
  <testcase name="[1] mapping=org.springframework.web.servlet.handler.CorsAbstractHandlerMappingTests$TestHandlerMapping@6698dd52" classname="org.springframework.web.servlet.handler.CorsAbstractHandlerMappingTests" time="0.002"/>
  <testcase name="[2] mapping=org.springframework.web.servlet.handler.CorsAbstractHandlerMappingTests$TestHandlerMapping@4ae53f16" classname="org.springframework.web.servlet.handler.CorsAbstractHandlerMappingTests" time="0.001"/>
  <system-out><![CDATA[]]></system-out>
  <system-err><![CDATA[]]></system-err>
</testsuite>
