<?xml version="1.0" encoding="UTF-8"?>
<testsuite name="org.springframework.web.servlet.function.support.RouterFunctionMappingTests" tests="3" skipped="0" failures="0" errors="0" timestamp="2021-05-09T12:41:58" hostname="wangweilidembp" time="0.009">
  <properties/>
  <testcase name="normal()" classname="org.springframework.web.servlet.function.support.RouterFunctionMappingTests" time="0.001"/>
  <testcase name="changeParser()" classname="org.springframework.web.servlet.function.support.RouterFunctionMappingTests" time="0.007"/>
  <testcase name="noMatch()" classname="org.springframework.web.servlet.function.support.RouterFunctionMappingTests" time="0.0"/>
  <system-out><![CDATA[]]></system-out>
  <system-err><![CDATA[]]></system-err>
</testsuite>
