<?xml version="1.0" encoding="UTF-8"?>
<testsuite name="org.springframework.web.servlet.view.tiles3.TilesViewTests" tests="3" skipped="0" failures="0" errors="0" timestamp="2021-05-01T09:33:43" hostname="wangweilideMBP.lan" time="0.005">
  <properties/>
  <testcase name="alwaysIncludeEnabled()" classname="org.springframework.web.servlet.view.tiles3.TilesViewTests" time="0.004"/>
  <testcase name="render()" classname="org.springframework.web.servlet.view.tiles3.TilesViewTests" time="0.001"/>
  <testcase name="alwaysIncludeDefaults()" classname="org.springframework.web.servlet.view.tiles3.TilesViewTests" time="0.0"/>
  <system-out><![CDATA[]]></system-out>
  <system-err><![CDATA[]]></system-err>
</testsuite>
