<?xml version="1.0" encoding="UTF-8"?>
<testsuite name="org.springframework.web.servlet.handler.CorsAbstractHandlerMappingTests" tests="20" skipped="0" failures="0" errors="0" timestamp="2021-05-01T09:33:07" hostname="wangweilideMBP.lan" time="0.128">
  <properties/>
  <testcase name="[1] mapping=org.springframework.web.servlet.handler.CorsAbstractHandlerMappingTests$TestHandlerMapping@3f65fbeb" classname="org.springframework.web.servlet.handler.CorsAbstractHandlerMappingTests" time="0.001"/>
  <testcase name="[2] mapping=org.springframework.web.servlet.handler.CorsAbstractHandlerMappingTests$TestHandlerMapping@7f9e934c" classname="org.springframework.web.servlet.handler.CorsAbstractHandlerMappingTests" time="0.0"/>
  <testcase name="[1] mapping=org.springframework.web.servlet.handler.CorsAbstractHandlerMappingTests$TestHandlerMapping@1dac76a1" classname="org.springframework.web.servlet.handler.CorsAbstractHandlerMappingTests" time="0.001"/>
  <testcase name="[2] mapping=org.springframework.web.servlet.handler.CorsAbstractHandlerMappingTests$TestHandlerMapping@16a382ab" classname="org.springframework.web.servlet.handler.CorsAbstractHandlerMappingTests" time="0.0"/>
  <testcase name="[1] mapping=org.springframework.web.servlet.handler.CorsAbstractHandlerMappingTests$TestHandlerMapping@6822ce0a" classname="org.springframework.web.servlet.handler.CorsAbstractHandlerMappingTests" time="0.018"/>
  <testcase name="[2] mapping=org.springframework.web.servlet.handler.CorsAbstractHandlerMappingTests$TestHandlerMapping@799f8878" classname="org.springframework.web.servlet.handler.CorsAbstractHandlerMappingTests" time="0.001"/>
  <testcase name="[1] mapping=org.springframework.web.servlet.handler.CorsAbstractHandlerMappingTests$TestHandlerMapping@440ada93" classname="org.springframework.web.servlet.handler.CorsAbstractHandlerMappingTests" time="0.001"/>
  <testcase name="[2] mapping=org.springframework.web.servlet.handler.CorsAbstractHandlerMappingTests$TestHandlerMapping@41d35622" classname="org.springframework.web.servlet.handler.CorsAbstractHandlerMappingTests" time="0.0"/>
  <testcase name="[1] mapping=org.springframework.web.servlet.handler.CorsAbstractHandlerMappingTests$TestHandlerMapping@885efb0" classname="org.springframework.web.servlet.handler.CorsAbstractHandlerMappingTests" time="0.013"/>
  <testcase name="[2] mapping=org.springframework.web.servlet.handler.CorsAbstractHandlerMappingTests$TestHandlerMapping@53bccac4" classname="org.springframework.web.servlet.handler.CorsAbstractHandlerMappingTests" time="0.0"/>
  <testcase name="[1] mapping=org.springframework.web.servlet.handler.CorsAbstractHandlerMappingTests$TestHandlerMapping@1bf3c4bb" classname="org.springframework.web.servlet.handler.CorsAbstractHandlerMappingTests" time="0.001"/>
  <testcase name="[2] mapping=org.springframework.web.servlet.handler.CorsAbstractHandlerMappingTests$TestHandlerMapping@2eacc7eb" classname="org.springframework.web.servlet.handler.CorsAbstractHandlerMappingTests" time="0.001"/>
  <testcase name="[1] mapping=org.springframework.web.servlet.handler.CorsAbstractHandlerMappingTests$TestHandlerMapping@315526f8" classname="org.springframework.web.servlet.handler.CorsAbstractHandlerMappingTests" time="0.004"/>
  <testcase name="[2] mapping=org.springframework.web.servlet.handler.CorsAbstractHandlerMappingTests$TestHandlerMapping@790e2ca6" classname="org.springframework.web.servlet.handler.CorsAbstractHandlerMappingTests" time="0.001"/>
  <testcase name="[1] mapping=org.springframework.web.servlet.handler.CorsAbstractHandlerMappingTests$TestHandlerMapping@1186d7e6" classname="org.springframework.web.servlet.handler.CorsAbstractHandlerMappingTests" time="0.001"/>
  <testcase name="[2] mapping=org.springframework.web.servlet.handler.CorsAbstractHandlerMappingTests$TestHandlerMapping@1965b26c" classname="org.springframework.web.servlet.handler.CorsAbstractHandlerMappingTests" time="0.001"/>
  <testcase name="[1] mapping=org.springframework.web.servlet.handler.CorsAbstractHandlerMappingTests$TestHandlerMapping@176b0e71" classname="org.springframework.web.servlet.handler.CorsAbstractHandlerMappingTests" time="0.001"/>
  <testcase name="[2] mapping=org.springframework.web.servlet.handler.CorsAbstractHandlerMappingTests$TestHandlerMapping@4fea08b7" classname="org.springframework.web.servlet.handler.CorsAbstractHandlerMappingTests" time="0.0"/>
  <testcase name="[1] mapping=org.springframework.web.servlet.handler.CorsAbstractHandlerMappingTests$TestHandlerMapping@51061e8a" classname="org.springframework.web.servlet.handler.CorsAbstractHandlerMappingTests" time="0.001"/>
  <testcase name="[2] mapping=org.springframework.web.servlet.handler.CorsAbstractHandlerMappingTests$TestHandlerMapping@4e360bad" classname="org.springframework.web.servlet.handler.CorsAbstractHandlerMappingTests" time="0.0"/>
  <system-out><![CDATA[]]></system-out>
  <system-err><![CDATA[]]></system-err>
</testsuite>
