<?xml version="1.0" encoding="UTF-8"?>
<testsuite name="org.springframework.web.servlet.mvc.support.RedirectAttributesModelMapTests" tests="9" skipped="0" failures="0" errors="0" timestamp="2021-05-09T12:41:26" hostname="wangweilidembp" time="0.133">
  <properties/>
  <testcase name="addAttributesMap()" classname="org.springframework.web.servlet.mvc.support.RedirectAttributesModelMapTests" time="0.112"/>
  <testcase name="addAllAttributesList()" classname="org.springframework.web.servlet.mvc.support.RedirectAttributesModelMapTests" time="0.004"/>
  <testcase name="putAll()" classname="org.springframework.web.servlet.mvc.support.RedirectAttributesModelMapTests" time="0.002"/>
  <testcase name="addAttributePrimitiveType()" classname="org.springframework.web.servlet.mvc.support.RedirectAttributesModelMapTests" time="0.001"/>
  <testcase name="mergeAttributes()" classname="org.springframework.web.servlet.mvc.support.RedirectAttributesModelMapTests" time="0.002"/>
  <testcase name="put()" classname="org.springframework.web.servlet.mvc.support.RedirectAttributesModelMapTests" time="0.001"/>
  <testcase name="addAttributeValue()" classname="org.springframework.web.servlet.mvc.support.RedirectAttributesModelMapTests" time="0.002"/>
  <testcase name="addAttributeCustomType()" classname="org.springframework.web.servlet.mvc.support.RedirectAttributesModelMapTests" time="0.002"/>
  <testcase name="addAttributeToString()" classname="org.springframework.web.servlet.mvc.support.RedirectAttributesModelMapTests" time="0.001"/>
  <system-out><![CDATA[]]></system-out>
  <system-err><![CDATA[]]></system-err>
</testsuite>
