<?xml version="1.0" encoding="UTF-8"?>
<testsuite name="org.springframework.web.servlet.mvc.ControllerTests" tests="6" skipped="0" failures="0" errors="0" timestamp="2021-05-01T09:33:11" hostname="wangweilideMBP.lan" time="0.155">
  <properties/>
  <testcase name="servletWrappingController()" classname="org.springframework.web.servlet.mvc.ControllerTests" time="0.002"/>
  <testcase name="parameterizableViewController()" classname="org.springframework.web.servlet.mvc.ControllerTests" time="0.0"/>
  <testcase name="servletWrappingControllerWithBeanName()" classname="org.springframework.web.servlet.mvc.ControllerTests" time="0.0"/>
  <testcase name="servletForwardingControllerWithInclude()" classname="org.springframework.web.servlet.mvc.ControllerTests" time="0.146"/>
  <testcase name="servletForwardingControllerWithBeanName()" classname="org.springframework.web.servlet.mvc.ControllerTests" time="0.003"/>
  <testcase name="servletForwardingController()" classname="org.springframework.web.servlet.mvc.ControllerTests" time="0.003"/>
  <system-out><![CDATA[]]></system-out>
  <system-err><![CDATA[]]></system-err>
</testsuite>
