<?xml version="1.0" encoding="UTF-8"?>
<testsuite name="org.springframework.web.servlet.mvc.method.RequestMappingInfoHandlerMappingTests" tests="39" skipped="0" failures="0" errors="0" timestamp="2021-04-26T07:41:16" hostname="wangweilideMacBook-Pro.local" time="0.068">
  <properties/>
  <testcase name="[1] mapping=org.springframework.web.servlet.mvc.method.RequestMappingInfoHandlerMappingTests$TestRequestMappingInfoHandlerMapping@47c68102" classname="org.springframework.web.servlet.mvc.method.RequestMappingInfoHandlerMappingTests" time="0.002"/>
  <testcase name="[2] mapping=org.springframework.web.servlet.mvc.method.RequestMappingInfoHandlerMappingTests$TestRequestMappingInfoHandlerMapping@3a973106" classname="org.springframework.web.servlet.mvc.method.RequestMappingInfoHandlerMappingTests" time="0.001"/>
  <testcase name="[1] mapping=org.springframework.web.servlet.mvc.method.RequestMappingInfoHandlerMappingTests$TestRequestMappingInfoHandlerMapping@2d57725f" classname="org.springframework.web.servlet.mvc.method.RequestMappingInfoHandlerMappingTests" time="0.001"/>
  <testcase name="[2] mapping=org.springframework.web.servlet.mvc.method.RequestMappingInfoHandlerMappingTests$TestRequestMappingInfoHandlerMapping@74341d94" classname="org.springframework.web.servlet.mvc.method.RequestMappingInfoHandlerMappingTests" time="0.001"/>
  <testcase name="[1] mapping=org.springframework.web.servlet.mvc.method.RequestMappingInfoHandlerMappingTests$TestRequestMappingInfoHandlerMapping@78913628" classname="org.springframework.web.servlet.mvc.method.RequestMappingInfoHandlerMappingTests" time="0.0"/>
  <testcase name="[2] mapping=org.springframework.web.servlet.mvc.method.RequestMappingInfoHandlerMappingTests$TestRequestMappingInfoHandlerMapping@4607368c" classname="org.springframework.web.servlet.mvc.method.RequestMappingInfoHandlerMappingTests" time="0.0"/>
  <testcase name="[1] mapping=org.springframework.web.servlet.mvc.method.RequestMappingInfoHandlerMappingTests$TestRequestMappingInfoHandlerMapping@4a26c3e" classname="org.springframework.web.servlet.mvc.method.RequestMappingInfoHandlerMappingTests" time="0.001"/>
  <testcase name="[2] mapping=org.springframework.web.servlet.mvc.method.RequestMappingInfoHandlerMappingTests$TestRequestMappingInfoHandlerMapping@7f61df37" classname="org.springframework.web.servlet.mvc.method.RequestMappingInfoHandlerMappingTests" time="0.001"/>
  <testcase name="[1] mapping=org.springframework.web.servlet.mvc.method.RequestMappingInfoHandlerMappingTests$TestRequestMappingInfoHandlerMapping@6c27fefd" classname="org.springframework.web.servlet.mvc.method.RequestMappingInfoHandlerMappingTests" time="0.001"/>
  <testcase name="[2] mapping=org.springframework.web.servlet.mvc.method.RequestMappingInfoHandlerMappingTests$TestRequestMappingInfoHandlerMapping@41baf2bd" classname="org.springframework.web.servlet.mvc.method.RequestMappingInfoHandlerMappingTests" time="0.001"/>
  <testcase name="[1] mapping=org.springframework.web.servlet.mvc.method.RequestMappingInfoHandlerMappingTests$TestRequestMappingInfoHandlerMapping@7f123f55" classname="org.springframework.web.servlet.mvc.method.RequestMappingInfoHandlerMappingTests" time="0.001"/>
  <testcase name="[2] mapping=org.springframework.web.servlet.mvc.method.RequestMappingInfoHandlerMappingTests$TestRequestMappingInfoHandlerMapping@461d12" classname="org.springframework.web.servlet.mvc.method.RequestMappingInfoHandlerMappingTests" time="0.001"/>
  <testcase name="[1] mapping=org.springframework.web.servlet.mvc.method.RequestMappingInfoHandlerMappingTests$TestRequestMappingInfoHandlerMapping@5fa9e07f" classname="org.springframework.web.servlet.mvc.method.RequestMappingInfoHandlerMappingTests" time="0.0"/>
  <testcase name="[2] mapping=org.springframework.web.servlet.mvc.method.RequestMappingInfoHandlerMappingTests$TestRequestMappingInfoHandlerMapping@262d9ed" classname="org.springframework.web.servlet.mvc.method.RequestMappingInfoHandlerMappingTests" time="0.0"/>
  <testcase name="[1] mapping=org.springframework.web.servlet.mvc.method.RequestMappingInfoHandlerMappingTests$TestRequestMappingInfoHandlerMapping@4321477e" classname="org.springframework.web.servlet.mvc.method.RequestMappingInfoHandlerMappingTests" time="0.0"/>
  <testcase name="[2] mapping=org.springframework.web.servlet.mvc.method.RequestMappingInfoHandlerMappingTests$TestRequestMappingInfoHandlerMapping@e3c073d" classname="org.springframework.web.servlet.mvc.method.RequestMappingInfoHandlerMappingTests" time="0.0"/>
  <testcase name="[1] mapping=org.springframework.web.servlet.mvc.method.RequestMappingInfoHandlerMappingTests$TestRequestMappingInfoHandlerMapping@9b9dfd2" classname="org.springframework.web.servlet.mvc.method.RequestMappingInfoHandlerMappingTests" time="0.0"/>
  <testcase name="[2] mapping=org.springframework.web.servlet.mvc.method.RequestMappingInfoHandlerMappingTests$TestRequestMappingInfoHandlerMapping@3ffde718" classname="org.springframework.web.servlet.mvc.method.RequestMappingInfoHandlerMappingTests" time="0.0"/>
  <testcase name="[1] mapping=org.springframework.web.servlet.mvc.method.RequestMappingInfoHandlerMappingTests$TestRequestMappingInfoHandlerMapping@2c6b5399" classname="org.springframework.web.servlet.mvc.method.RequestMappingInfoHandlerMappingTests" time="0.0"/>
  <testcase name="[2] mapping=org.springframework.web.servlet.mvc.method.RequestMappingInfoHandlerMappingTests$TestRequestMappingInfoHandlerMapping@373474f5" classname="org.springframework.web.servlet.mvc.method.RequestMappingInfoHandlerMappingTests" time="0.001"/>
  <testcase name="[1] mapping=org.springframework.web.servlet.mvc.method.RequestMappingInfoHandlerMappingTests$TestRequestMappingInfoHandlerMapping@561c0c40" classname="org.springframework.web.servlet.mvc.method.RequestMappingInfoHandlerMappingTests" time="0.0"/>
  <testcase name="[2] mapping=org.springframework.web.servlet.mvc.method.RequestMappingInfoHandlerMappingTests$TestRequestMappingInfoHandlerMapping@2900545e" classname="org.springframework.web.servlet.mvc.method.RequestMappingInfoHandlerMappingTests" time="0.0"/>
  <testcase name="[1] mapping=org.springframework.web.servlet.mvc.method.RequestMappingInfoHandlerMappingTests$TestRequestMappingInfoHandlerMapping@54bc6c41" classname="org.springframework.web.servlet.mvc.method.RequestMappingInfoHandlerMappingTests" time="0.0"/>
  <testcase name="[2] mapping=org.springframework.web.servlet.mvc.method.RequestMappingInfoHandlerMappingTests$TestRequestMappingInfoHandlerMapping@3875dcf7" classname="org.springframework.web.servlet.mvc.method.RequestMappingInfoHandlerMappingTests" time="0.0"/>
  <testcase name="[1] mapping=org.springframework.web.servlet.mvc.method.RequestMappingInfoHandlerMappingTests$TestRequestMappingInfoHandlerMapping@1b4d2e91" classname="org.springframework.web.servlet.mvc.method.RequestMappingInfoHandlerMappingTests" time="0.0"/>
  <testcase name="[2] mapping=org.springframework.web.servlet.mvc.method.RequestMappingInfoHandlerMappingTests$TestRequestMappingInfoHandlerMapping@7a14e302" classname="org.springframework.web.servlet.mvc.method.RequestMappingInfoHandlerMappingTests" time="0.001"/>
  <testcase name="[1] mapping=org.springframework.web.servlet.mvc.method.RequestMappingInfoHandlerMappingTests$TestRequestMappingInfoHandlerMapping@64a172e7" classname="org.springframework.web.servlet.mvc.method.RequestMappingInfoHandlerMappingTests" time="0.001"/>
  <testcase name="[2] mapping=org.springframework.web.servlet.mvc.method.RequestMappingInfoHandlerMappingTests$TestRequestMappingInfoHandlerMapping@149fdfa1" classname="org.springframework.web.servlet.mvc.method.RequestMappingInfoHandlerMappingTests" time="0.001"/>
  <testcase name="[1] mapping=org.springframework.web.servlet.mvc.method.RequestMappingInfoHandlerMappingTests$TestRequestMappingInfoHandlerMapping@1acdea29" classname="org.springframework.web.servlet.mvc.method.RequestMappingInfoHandlerMappingTests" time="0.0"/>
  <testcase name="[2] mapping=org.springframework.web.servlet.mvc.method.RequestMappingInfoHandlerMappingTests$TestRequestMappingInfoHandlerMapping@d3e4e43" classname="org.springframework.web.servlet.mvc.method.RequestMappingInfoHandlerMappingTests" time="0.0"/>
  <testcase name="[1] mapping=org.springframework.web.servlet.mvc.method.RequestMappingInfoHandlerMappingTests$TestRequestMappingInfoHandlerMapping@28c15c30" classname="org.springframework.web.servlet.mvc.method.RequestMappingInfoHandlerMappingTests" time="0.001"/>
  <testcase name="[2] mapping=org.springframework.web.servlet.mvc.method.RequestMappingInfoHandlerMappingTests$TestRequestMappingInfoHandlerMapping@7a2c361a" classname="org.springframework.web.servlet.mvc.method.RequestMappingInfoHandlerMappingTests" time="0.001"/>
  <testcase name="[1] mapping=org.springframework.web.servlet.mvc.method.RequestMappingInfoHandlerMappingTests$TestRequestMappingInfoHandlerMapping@6075485" classname="org.springframework.web.servlet.mvc.method.RequestMappingInfoHandlerMappingTests" time="0.0"/>
  <testcase name="[2] mapping=org.springframework.web.servlet.mvc.method.RequestMappingInfoHandlerMappingTests$TestRequestMappingInfoHandlerMapping@330fd302" classname="org.springframework.web.servlet.mvc.method.RequestMappingInfoHandlerMappingTests" time="0.001"/>
  <testcase name="getHandlerMappedInterceptors()" classname="org.springframework.web.servlet.mvc.method.RequestMappingInfoHandlerMappingTests" time="0.002"/>
  <testcase name="[1] mapping=org.springframework.web.servlet.mvc.method.RequestMappingInfoHandlerMappingTests$TestRequestMappingInfoHandlerMapping@5719238d" classname="org.springframework.web.servlet.mvc.method.RequestMappingInfoHandlerMappingTests" time="0.001"/>
  <testcase name="[2] mapping=org.springframework.web.servlet.mvc.method.RequestMappingInfoHandlerMappingTests$TestRequestMappingInfoHandlerMapping@4822bb87" classname="org.springframework.web.servlet.mvc.method.RequestMappingInfoHandlerMappingTests" time="0.001"/>
  <testcase name="[1] mapping=org.springframework.web.servlet.mvc.method.RequestMappingInfoHandlerMappingTests$TestRequestMappingInfoHandlerMapping@76419232" classname="org.springframework.web.servlet.mvc.method.RequestMappingInfoHandlerMappingTests" time="0.002"/>
  <testcase name="[2] mapping=org.springframework.web.servlet.mvc.method.RequestMappingInfoHandlerMappingTests$TestRequestMappingInfoHandlerMapping@4dd0e95" classname="org.springframework.web.servlet.mvc.method.RequestMappingInfoHandlerMappingTests" time="0.0"/>
  <system-out><![CDATA[]]></system-out>
  <system-err><![CDATA[]]></system-err>
</testsuite>
