<?xml version="1.0" encoding="UTF-8"?>
<testsuite name="org.springframework.web.servlet.tags.form.TagIdGeneratorTests" tests="1" skipped="0" failures="0" errors="0" timestamp="2021-05-09T12:42:00" hostname="wangweilidembp" time="0.001">
  <properties/>
  <testcase name="nextId()" classname="org.springframework.web.servlet.tags.form.TagIdGeneratorTests" time="0.001"/>
  <system-out><![CDATA[]]></system-out>
  <system-err><![CDATA[]]></system-err>
</testsuite>
