<?xml version="1.0" encoding="UTF-8"?>
<testsuite name="org.springframework.web.context.support.ServletContextSupportTests" tests="10" skipped="0" failures="0" errors="0" timestamp="2021-05-01T09:34:06" hostname="wangweilideMBP.lan" time="0.013">
  <properties/>
  <testcase name="testServletContextAttributeFactoryBean()" classname="org.springframework.web.context.support.ServletContextSupportTests" time="0.003"/>
  <testcase name="testServletContextResourcePatternResolverWithUnboundedPatternPath()" classname="org.springframework.web.context.support.ServletContextSupportTests" time="0.001"/>
  <testcase name="testServletContextParameterFactoryBeanWithAttributeNotFound()" classname="org.springframework.web.context.support.ServletContextSupportTests" time="0.004"/>
  <testcase name="testServletContextResourcePatternResolverWithPatternPath()" classname="org.springframework.web.context.support.ServletContextSupportTests" time="0.0"/>
  <testcase name="testServletContextAttributeFactoryBeanWithAttributeNotFound()" classname="org.springframework.web.context.support.ServletContextSupportTests" time="0.001"/>
  <testcase name="testServletContextResourceLoader()" classname="org.springframework.web.context.support.ServletContextSupportTests" time="0.001"/>
  <testcase name="testServletContextParameterFactoryBean()" classname="org.springframework.web.context.support.ServletContextSupportTests" time="0.001"/>
  <testcase name="testServletContextAttributeExporter()" classname="org.springframework.web.context.support.ServletContextSupportTests" time="0.001"/>
  <testcase name="testServletContextResourcePatternResolverWithAbsolutePaths()" classname="org.springframework.web.context.support.ServletContextSupportTests" time="0.001"/>
  <testcase name="testServletContextResourcePatternResolver()" classname="org.springframework.web.context.support.ServletContextSupportTests" time="0.0"/>
  <system-out><![CDATA[]]></system-out>
  <system-err><![CDATA[]]></system-err>
</testsuite>
