<?xml version="1.0" encoding="UTF-8"?>
<testsuite name="org.springframework.web.servlet.mvc.method.annotation.ResponseBodyEmitterTests" tests="11" skipped="0" failures="0" errors="0" timestamp="2021-05-01T09:33:26" hostname="wangweilideMBP.lan" time="0.04">
  <properties/>
  <testcase name="sendDuplicateBeforeHandlerInitialized()" classname="org.springframework.web.servlet.mvc.method.annotation.ResponseBodyEmitterTests" time="0.027"/>
  <testcase name="sendBeforeHandlerInitializedWithError()" classname="org.springframework.web.servlet.mvc.method.annotation.ResponseBodyEmitterTests" time="0.0"/>
  <testcase name="sendAfterHandlerInitializedWithError()" classname="org.springframework.web.servlet.mvc.method.annotation.ResponseBodyEmitterTests" time="0.001"/>
  <testcase name="sendFailsAfterComplete()" classname="org.springframework.web.servlet.mvc.method.annotation.ResponseBodyEmitterTests" time="0.0"/>
  <testcase name="onCompletionBeforeHandlerInitialized()" classname="org.springframework.web.servlet.mvc.method.annotation.ResponseBodyEmitterTests" time="0.001"/>
  <testcase name="sendBeforeHandlerInitialized()" classname="org.springframework.web.servlet.mvc.method.annotation.ResponseBodyEmitterTests" time="0.001"/>
  <testcase name="sendAfterHandlerInitialized()" classname="org.springframework.web.servlet.mvc.method.annotation.ResponseBodyEmitterTests" time="0.001"/>
  <testcase name="onTimeoutAfterHandlerInitialized()" classname="org.springframework.web.servlet.mvc.method.annotation.ResponseBodyEmitterTests" time="0.001"/>
  <testcase name="sendWithError()" classname="org.springframework.web.servlet.mvc.method.annotation.ResponseBodyEmitterTests" time="0.004"/>
  <testcase name="onCompletionAfterHandlerInitialized()" classname="org.springframework.web.servlet.mvc.method.annotation.ResponseBodyEmitterTests" time="0.001"/>
  <testcase name="onTimeoutBeforeHandlerInitialized()" classname="org.springframework.web.servlet.mvc.method.annotation.ResponseBodyEmitterTests" time="0.001"/>
  <system-out><![CDATA[]]></system-out>
  <system-err><![CDATA[]]></system-err>
</testsuite>
