<?xml version="1.0" encoding="UTF-8"?>
<testsuite name="org.springframework.web.servlet.config.annotation.DelegatingWebMvcConfigurationTests" tests="8" skipped="0" failures="0" errors="0" timestamp="2021-05-01T09:33:30" hostname="wangweilideMBP.lan" time="0.114">
  <properties/>
  <testcase name="configurePathMatcher()" classname="org.springframework.web.servlet.config.annotation.DelegatingWebMvcConfigurationTests" time="0.038"/>
  <testcase name="requestMappingHandlerAdapter()" classname="org.springframework.web.servlet.config.annotation.DelegatingWebMvcConfigurationTests" time="0.024"/>
  <testcase name="configureExceptionResolvers()" classname="org.springframework.web.servlet.config.annotation.DelegatingWebMvcConfigurationTests" time="0.002"/>
  <testcase name="configurePathPatternParser()" classname="org.springframework.web.servlet.config.annotation.DelegatingWebMvcConfigurationTests" time="0.004"/>
  <testcase name="getCustomMessageCodesResolver()" classname="org.springframework.web.servlet.config.annotation.DelegatingWebMvcConfigurationTests" time="0.001"/>
  <testcase name="getCustomValidator()" classname="org.springframework.web.servlet.config.annotation.DelegatingWebMvcConfigurationTests" time="0.001"/>
  <testcase name="configureMessageConverters()" classname="org.springframework.web.servlet.config.annotation.DelegatingWebMvcConfigurationTests" time="0.013"/>
  <testcase name="handlerExceptionResolver()" classname="org.springframework.web.servlet.config.annotation.DelegatingWebMvcConfigurationTests" time="0.03"/>
  <system-out><![CDATA[]]></system-out>
  <system-err><![CDATA[]]></system-err>
</testsuite>
