<?xml version="1.0" encoding="UTF-8"?>
<testsuite name="org.springframework.web.servlet.mvc.method.annotation.MatrixVariablesMapMethodArgumentResolverTests" tests="5" skipped="0" failures="0" errors="0" timestamp="2021-05-01T09:33:24" hostname="wangweilideMBP.lan" time="0.005">
  <properties/>
  <testcase name="resolveArgumentNoMatch()" classname="org.springframework.web.servlet.mvc.method.annotation.MatrixVariablesMapMethodArgumentResolverTests" time="0.001"/>
  <testcase name="resolveArgumentPathVariable()" classname="org.springframework.web.servlet.mvc.method.annotation.MatrixVariablesMapMethodArgumentResolverTests" time="0.001"/>
  <testcase name="resolveArgumentNoParams()" classname="org.springframework.web.servlet.mvc.method.annotation.MatrixVariablesMapMethodArgumentResolverTests" time="0.0"/>
  <testcase name="resolveArgument()" classname="org.springframework.web.servlet.mvc.method.annotation.MatrixVariablesMapMethodArgumentResolverTests" time="0.001"/>
  <testcase name="supportsParameter()" classname="org.springframework.web.servlet.mvc.method.annotation.MatrixVariablesMapMethodArgumentResolverTests" time="0.001"/>
  <system-out><![CDATA[]]></system-out>
  <system-err><![CDATA[]]></system-err>
</testsuite>
