<?xml version="1.0" encoding="UTF-8"?>
<testsuite name="org.springframework.web.servlet.resource.ResourceUrlProviderTests" tests="8" skipped="0" failures="0" errors="0" timestamp="2021-05-09T12:42:18" hostname="wangweilidembp" time="0.023">
  <properties/>
  <testcase name="getStaticResourceUrl()" classname="org.springframework.web.servlet.resource.ResourceUrlProviderTests" time="0.001"/>
  <testcase name="initializeOnCurrentContext()" classname="org.springframework.web.servlet.resource.ResourceUrlProviderTests" time="0.015"/>
  <testcase name="getStaticResourceUrlRequestWithQueryOrHash()" classname="org.springframework.web.servlet.resource.ResourceUrlProviderTests" time="0.0"/>
  <testcase name="getFingerprintedResourceUrl()" classname="org.springframework.web.servlet.resource.ResourceUrlProviderTests" time="0.001"/>
  <testcase name="bestPatternMatch()" classname="org.springframework.web.servlet.resource.ResourceUrlProviderTests" time="0.001"/>
  <testcase name="getForLookupPathShouldNotFailIfPathContainsDoubleSlashes()" classname="org.springframework.web.servlet.resource.ResourceUrlProviderTests" time="0.001"/>
  <testcase name="getStaticResourceWithMissingContextPath()" classname="org.springframework.web.servlet.resource.ResourceUrlProviderTests" time="0.0"/>
  <testcase name="initializeOnce()" classname="org.springframework.web.servlet.resource.ResourceUrlProviderTests" time="0.004"/>
  <system-out><![CDATA[]]></system-out>
  <system-err><![CDATA[]]></system-err>
</testsuite>
