<?xml version="1.0" encoding="UTF-8"?>
<testsuite name="org.springframework.web.servlet.config.annotation.DelegatingWebMvcConfigurationIntegrationTests" tests="12" skipped="0" failures="0" errors="0" timestamp="2021-05-01T09:33:29" hostname="wangweilideMBP.lan" time="0.908">
  <properties/>
  <testcase name="resourceHandlerMappingWithPrimaryUsesQualifiedPathMatcher()" classname="org.springframework.web.servlet.config.annotation.DelegatingWebMvcConfigurationIntegrationTests" time="0.093"/>
  <testcase name="requestMappingHandlerAdapterUsesMvcInfrastructureByDefault()" classname="org.springframework.web.servlet.config.annotation.DelegatingWebMvcConfigurationIntegrationTests" time="0.054"/>
  <testcase name="requestMappingHandlerMappingUsesMvcInfrastructureByDefault()" classname="org.springframework.web.servlet.config.annotation.DelegatingWebMvcConfigurationIntegrationTests" time="0.052"/>
  <testcase name="viewControllerHandlerMappingUsesMvcInfrastructureByDefault()" classname="org.springframework.web.servlet.config.annotation.DelegatingWebMvcConfigurationIntegrationTests" time="0.062"/>
  <testcase name="requestMappingHandlerAdapterWithPrimaryUsesQualifiedContentNegotiationManager()" classname="org.springframework.web.servlet.config.annotation.DelegatingWebMvcConfigurationIntegrationTests" time="0.123"/>
  <testcase name="resourceHandlerMappingWithPrimaryUsesQualifiedUrlPathHelper()" classname="org.springframework.web.servlet.config.annotation.DelegatingWebMvcConfigurationIntegrationTests" time="0.151"/>
  <testcase name="resourceHandlerMappingUsesMvcInfrastructureByDefault()" classname="org.springframework.web.servlet.config.annotation.DelegatingWebMvcConfigurationIntegrationTests" time="0.086"/>
  <testcase name="requestMappingHandlerMappingWithPrimaryUsesQualifiedContentNegotiationManager()" classname="org.springframework.web.servlet.config.annotation.DelegatingWebMvcConfigurationIntegrationTests" time="0.061"/>
  <testcase name="requestMappingHandlerAdapterWithPrimaryUsesQualifiedValidator()" classname="org.springframework.web.servlet.config.annotation.DelegatingWebMvcConfigurationIntegrationTests" time="0.066"/>
  <testcase name="viewControllerHandlerMappingWithPrimaryUsesQualifiedUrlPathHelper()" classname="org.springframework.web.servlet.config.annotation.DelegatingWebMvcConfigurationIntegrationTests" time="0.054"/>
  <testcase name="requestMappingHandlerAdapterWithPrimaryUsesQualifiedConversionService()" classname="org.springframework.web.servlet.config.annotation.DelegatingWebMvcConfigurationIntegrationTests" time="0.057"/>
  <testcase name="viewControllerHandlerMappingWithPrimaryUsesQualifiedPathMatcher()" classname="org.springframework.web.servlet.config.annotation.DelegatingWebMvcConfigurationIntegrationTests" time="0.045"/>
  <system-out><![CDATA[17:33:29.698 [Test worker] WARN  o.s.w.s.r.ResourceHttpRequestHandler - Locations list is empty. No resources will be served unless a custom ResourceResolver is configured as an alternative to PathResourceResolver.
17:33:30.117 [Test worker] WARN  o.s.w.s.r.ResourceHttpRequestHandler - Locations list is empty. No resources will be served unless a custom ResourceResolver is configured as an alternative to PathResourceResolver.
17:33:30.215 [Test worker] WARN  o.s.w.s.r.ResourceHttpRequestHandler - Locations list is empty. No resources will be served unless a custom ResourceResolver is configured as an alternative to PathResourceResolver.
]]></system-out>
  <system-err><![CDATA[]]></system-err>
</testsuite>
