<?xml version="1.0" encoding="UTF-8"?>
<testsuite name="org.springframework.web.servlet.function.PathResourceLookupFunctionTests" tests="4" skipped="0" failures="0" errors="0" timestamp="2021-05-09T12:41:58" hostname="wangweilidembp" time="0.01">
  <properties/>
  <testcase name="subPath()" classname="org.springframework.web.servlet.function.PathResourceLookupFunctionTests" time="0.007"/>
  <testcase name="normal()" classname="org.springframework.web.servlet.function.PathResourceLookupFunctionTests" time="0.0"/>
  <testcase name="composeResourceLookupFunction()" classname="org.springframework.web.servlet.function.PathResourceLookupFunctionTests" time="0.002"/>
  <testcase name="notFound()" classname="org.springframework.web.servlet.function.PathResourceLookupFunctionTests" time="0.0"/>
  <system-out><![CDATA[]]></system-out>
  <system-err><![CDATA[]]></system-err>
</testsuite>
