<?xml version="1.0" encoding="UTF-8"?>
<testsuite name="org.springframework.web.servlet.mvc.method.annotation.CrossOriginTests" tests="44" skipped="0" failures="0" errors="0" timestamp="2021-04-26T07:41:15" hostname="wangweilideMacBook-Pro.local" time="0.132">
  <properties/>
  <testcase name="[1] mapping=org.springframework.web.servlet.mvc.method.annotation.CrossOriginTests$TestRequestMappingInfoHandlerMapping@3dc88bf5" classname="org.springframework.web.servlet.mvc.method.annotation.CrossOriginTests" time="0.005"/>
  <testcase name="[2] mapping=org.springframework.web.servlet.mvc.method.annotation.CrossOriginTests$TestRequestMappingInfoHandlerMapping@256f3066" classname="org.springframework.web.servlet.mvc.method.annotation.CrossOriginTests" time="0.003"/>
  <testcase name="[1] mapping=org.springframework.web.servlet.mvc.method.annotation.CrossOriginTests$TestRequestMappingInfoHandlerMapping@43013089" classname="org.springframework.web.servlet.mvc.method.annotation.CrossOriginTests" time="0.003"/>
  <testcase name="[2] mapping=org.springframework.web.servlet.mvc.method.annotation.CrossOriginTests$TestRequestMappingInfoHandlerMapping@38be9f2f" classname="org.springframework.web.servlet.mvc.method.annotation.CrossOriginTests" time="0.003"/>
  <testcase name="[1] mapping=org.springframework.web.servlet.mvc.method.annotation.CrossOriginTests$TestRequestMappingInfoHandlerMapping@39a8f618" classname="org.springframework.web.servlet.mvc.method.annotation.CrossOriginTests" time="0.003"/>
  <testcase name="[2] mapping=org.springframework.web.servlet.mvc.method.annotation.CrossOriginTests$TestRequestMappingInfoHandlerMapping@28619d84" classname="org.springframework.web.servlet.mvc.method.annotation.CrossOriginTests" time="0.002"/>
  <testcase name="[1] mapping=org.springframework.web.servlet.mvc.method.annotation.CrossOriginTests$TestRequestMappingInfoHandlerMapping@266fbf79" classname="org.springframework.web.servlet.mvc.method.annotation.CrossOriginTests" time="0.003"/>
  <testcase name="[2] mapping=org.springframework.web.servlet.mvc.method.annotation.CrossOriginTests$TestRequestMappingInfoHandlerMapping@32b09cb8" classname="org.springframework.web.servlet.mvc.method.annotation.CrossOriginTests" time="0.001"/>
  <testcase name="[1] mapping=org.springframework.web.servlet.mvc.method.annotation.CrossOriginTests$TestRequestMappingInfoHandlerMapping@5434ee4e" classname="org.springframework.web.servlet.mvc.method.annotation.CrossOriginTests" time="0.002"/>
  <testcase name="[2] mapping=org.springframework.web.servlet.mvc.method.annotation.CrossOriginTests$TestRequestMappingInfoHandlerMapping@4a818347" classname="org.springframework.web.servlet.mvc.method.annotation.CrossOriginTests" time="0.003"/>
  <testcase name="[1] mapping=org.springframework.web.servlet.mvc.method.annotation.CrossOriginTests$TestRequestMappingInfoHandlerMapping@1c391061" classname="org.springframework.web.servlet.mvc.method.annotation.CrossOriginTests" time="0.003"/>
  <testcase name="[2] mapping=org.springframework.web.servlet.mvc.method.annotation.CrossOriginTests$TestRequestMappingInfoHandlerMapping@74d2e880" classname="org.springframework.web.servlet.mvc.method.annotation.CrossOriginTests" time="0.002"/>
  <testcase name="[1] mapping=org.springframework.web.servlet.mvc.method.annotation.CrossOriginTests$TestRequestMappingInfoHandlerMapping@469bb8e5" classname="org.springframework.web.servlet.mvc.method.annotation.CrossOriginTests" time="0.004"/>
  <testcase name="[2] mapping=org.springframework.web.servlet.mvc.method.annotation.CrossOriginTests$TestRequestMappingInfoHandlerMapping@34c0e7c9" classname="org.springframework.web.servlet.mvc.method.annotation.CrossOriginTests" time="0.002"/>
  <testcase name="[1] mapping=org.springframework.web.servlet.mvc.method.annotation.CrossOriginTests$TestRequestMappingInfoHandlerMapping@64c899cb" classname="org.springframework.web.servlet.mvc.method.annotation.CrossOriginTests" time="0.002"/>
  <testcase name="[2] mapping=org.springframework.web.servlet.mvc.method.annotation.CrossOriginTests$TestRequestMappingInfoHandlerMapping@70ac968c" classname="org.springframework.web.servlet.mvc.method.annotation.CrossOriginTests" time="0.001"/>
  <testcase name="[1] mapping=org.springframework.web.servlet.mvc.method.annotation.CrossOriginTests$TestRequestMappingInfoHandlerMapping@4e1ed098" classname="org.springframework.web.servlet.mvc.method.annotation.CrossOriginTests" time="0.002"/>
  <testcase name="[2] mapping=org.springframework.web.servlet.mvc.method.annotation.CrossOriginTests$TestRequestMappingInfoHandlerMapping@329d08b1" classname="org.springframework.web.servlet.mvc.method.annotation.CrossOriginTests" time="0.002"/>
  <testcase name="[1] mapping=org.springframework.web.servlet.mvc.method.annotation.CrossOriginTests$TestRequestMappingInfoHandlerMapping@cff164a" classname="org.springframework.web.servlet.mvc.method.annotation.CrossOriginTests" time="0.003"/>
  <testcase name="[2] mapping=org.springframework.web.servlet.mvc.method.annotation.CrossOriginTests$TestRequestMappingInfoHandlerMapping@4b1b0070" classname="org.springframework.web.servlet.mvc.method.annotation.CrossOriginTests" time="0.001"/>
  <testcase name="[1] mapping=org.springframework.web.servlet.mvc.method.annotation.CrossOriginTests$TestRequestMappingInfoHandlerMapping@3643d56f" classname="org.springframework.web.servlet.mvc.method.annotation.CrossOriginTests" time="0.004"/>
  <testcase name="[2] mapping=org.springframework.web.servlet.mvc.method.annotation.CrossOriginTests$TestRequestMappingInfoHandlerMapping@485dbf74" classname="org.springframework.web.servlet.mvc.method.annotation.CrossOriginTests" time="0.002"/>
  <testcase name="[1] mapping=org.springframework.web.servlet.mvc.method.annotation.CrossOriginTests$TestRequestMappingInfoHandlerMapping@3c85799" classname="org.springframework.web.servlet.mvc.method.annotation.CrossOriginTests" time="0.0"/>
  <testcase name="[2] mapping=org.springframework.web.servlet.mvc.method.annotation.CrossOriginTests$TestRequestMappingInfoHandlerMapping@4ed589ee" classname="org.springframework.web.servlet.mvc.method.annotation.CrossOriginTests" time="0.0"/>
  <testcase name="[1] mapping=org.springframework.web.servlet.mvc.method.annotation.CrossOriginTests$TestRequestMappingInfoHandlerMapping@370ff847" classname="org.springframework.web.servlet.mvc.method.annotation.CrossOriginTests" time="0.003"/>
  <testcase name="[2] mapping=org.springframework.web.servlet.mvc.method.annotation.CrossOriginTests$TestRequestMappingInfoHandlerMapping@431f5bde" classname="org.springframework.web.servlet.mvc.method.annotation.CrossOriginTests" time="0.002"/>
  <testcase name="[1] mapping=org.springframework.web.servlet.mvc.method.annotation.CrossOriginTests$TestRequestMappingInfoHandlerMapping@5fe534c8" classname="org.springframework.web.servlet.mvc.method.annotation.CrossOriginTests" time="0.003"/>
  <testcase name="[2] mapping=org.springframework.web.servlet.mvc.method.annotation.CrossOriginTests$TestRequestMappingInfoHandlerMapping@7caebbe6" classname="org.springframework.web.servlet.mvc.method.annotation.CrossOriginTests" time="0.003"/>
  <testcase name="[1] mapping=org.springframework.web.servlet.mvc.method.annotation.CrossOriginTests$TestRequestMappingInfoHandlerMapping@5848f41d" classname="org.springframework.web.servlet.mvc.method.annotation.CrossOriginTests" time="0.001"/>
  <testcase name="[2] mapping=org.springframework.web.servlet.mvc.method.annotation.CrossOriginTests$TestRequestMappingInfoHandlerMapping@15330c55" classname="org.springframework.web.servlet.mvc.method.annotation.CrossOriginTests" time="0.0"/>
  <testcase name="[1] mapping=org.springframework.web.servlet.mvc.method.annotation.CrossOriginTests$TestRequestMappingInfoHandlerMapping@72686e7c" classname="org.springframework.web.servlet.mvc.method.annotation.CrossOriginTests" time="0.001"/>
  <testcase name="[2] mapping=org.springframework.web.servlet.mvc.method.annotation.CrossOriginTests$TestRequestMappingInfoHandlerMapping@5f31203d" classname="org.springframework.web.servlet.mvc.method.annotation.CrossOriginTests" time="0.0"/>
  <testcase name="[1] mapping=org.springframework.web.servlet.mvc.method.annotation.CrossOriginTests$TestRequestMappingInfoHandlerMapping@5b1f05ad" classname="org.springframework.web.servlet.mvc.method.annotation.CrossOriginTests" time="0.002"/>
  <testcase name="[2] mapping=org.springframework.web.servlet.mvc.method.annotation.CrossOriginTests$TestRequestMappingInfoHandlerMapping@5a2af8db" classname="org.springframework.web.servlet.mvc.method.annotation.CrossOriginTests" time="0.002"/>
  <testcase name="[1] mapping=org.springframework.web.servlet.mvc.method.annotation.CrossOriginTests$TestRequestMappingInfoHandlerMapping@2fa8919e" classname="org.springframework.web.servlet.mvc.method.annotation.CrossOriginTests" time="0.001"/>
  <testcase name="[2] mapping=org.springframework.web.servlet.mvc.method.annotation.CrossOriginTests$TestRequestMappingInfoHandlerMapping@c3c1d02" classname="org.springframework.web.servlet.mvc.method.annotation.CrossOriginTests" time="0.0"/>
  <testcase name="[1] mapping=org.springframework.web.servlet.mvc.method.annotation.CrossOriginTests$TestRequestMappingInfoHandlerMapping@5fcdf2ac" classname="org.springframework.web.servlet.mvc.method.annotation.CrossOriginTests" time="0.003"/>
  <testcase name="[2] mapping=org.springframework.web.servlet.mvc.method.annotation.CrossOriginTests$TestRequestMappingInfoHandlerMapping@404bae53" classname="org.springframework.web.servlet.mvc.method.annotation.CrossOriginTests" time="0.002"/>
  <testcase name="[1] mapping=org.springframework.web.servlet.mvc.method.annotation.CrossOriginTests$TestRequestMappingInfoHandlerMapping@4700d8fc" classname="org.springframework.web.servlet.mvc.method.annotation.CrossOriginTests" time="0.003"/>
  <testcase name="[2] mapping=org.springframework.web.servlet.mvc.method.annotation.CrossOriginTests$TestRequestMappingInfoHandlerMapping@48ccbb61" classname="org.springframework.web.servlet.mvc.method.annotation.CrossOriginTests" time="0.003"/>
  <testcase name="[1] mapping=org.springframework.web.servlet.mvc.method.annotation.CrossOriginTests$TestRequestMappingInfoHandlerMapping@77774e14" classname="org.springframework.web.servlet.mvc.method.annotation.CrossOriginTests" time="0.001"/>
  <testcase name="[2] mapping=org.springframework.web.servlet.mvc.method.annotation.CrossOriginTests$TestRequestMappingInfoHandlerMapping@6b68e883" classname="org.springframework.web.servlet.mvc.method.annotation.CrossOriginTests" time="0.001"/>
  <testcase name="[1] mapping=org.springframework.web.servlet.mvc.method.annotation.CrossOriginTests$TestRequestMappingInfoHandlerMapping@61e53e7e" classname="org.springframework.web.servlet.mvc.method.annotation.CrossOriginTests" time="0.001"/>
  <testcase name="[2] mapping=org.springframework.web.servlet.mvc.method.annotation.CrossOriginTests$TestRequestMappingInfoHandlerMapping@c8324f9" classname="org.springframework.web.servlet.mvc.method.annotation.CrossOriginTests" time="0.001"/>
  <system-out><![CDATA[]]></system-out>
  <system-err><![CDATA[]]></system-err>
</testsuite>
