<?xml version="1.0" encoding="UTF-8"?>
<testsuite name="org.springframework.web.servlet.view.script.JRubyScriptTemplateTests" tests="1" skipped="1" failures="0" errors="0" timestamp="2021-04-26T07:41:36" hostname="wangweilideMacBook-Pro.local" time="0.0">
  <properties/>
  <testcase name="renderTemplate()" classname="org.springframework.web.servlet.view.script.JRubyScriptTemplateTests" time="0.0">
    <skipped/>
  </testcase>
  <system-out><![CDATA[]]></system-out>
  <system-err><![CDATA[]]></system-err>
</testsuite>
