<?xml version="1.0" encoding="UTF-8"?>
<testsuite name="org.springframework.web.servlet.tags.form.OptionTagEnumTests" tests="1" skipped="0" failures="0" errors="0" timestamp="2021-05-01T09:33:42" hostname="wangweilideMBP.lan" time="0.004">
  <properties/>
  <testcase name="withJavaEnum()" classname="org.springframework.web.servlet.tags.form.OptionTagEnumTests" time="0.004"/>
  <system-out><![CDATA[]]></system-out>
  <system-err><![CDATA[]]></system-err>
</testsuite>
