<?xml version="1.0" encoding="UTF-8"?>
<testsuite name="org.springframework.web.servlet.i18n.AcceptHeaderLocaleResolverTests" tests="8" skipped="0" failures="0" errors="0" timestamp="2021-05-09T12:42:19" hostname="wangweilidembp" time="0.02">
  <properties/>
  <testcase name="resolvePreferredAgainstCountryIfPossible()" classname="org.springframework.web.servlet.i18n.AcceptHeaderLocaleResolverTests" time="0.001"/>
  <testcase name="resolvePreferredSupported()" classname="org.springframework.web.servlet.i18n.AcceptHeaderLocaleResolverTests" time="0.0"/>
  <testcase name="resolvePreferredNotSupported()" classname="org.springframework.web.servlet.i18n.AcceptHeaderLocaleResolverTests" time="0.0"/>
  <testcase name="resolvePreferredAgainstLanguageOnly()" classname="org.springframework.web.servlet.i18n.AcceptHeaderLocaleResolverTests" time="0.001"/>
  <testcase name="resolvePreferredNotSupportedWithDefault()" classname="org.springframework.web.servlet.i18n.AcceptHeaderLocaleResolverTests" time="0.016"/>
  <testcase name="defaultLocale()" classname="org.springframework.web.servlet.i18n.AcceptHeaderLocaleResolverTests" time="0.001"/>
  <testcase name="resolve()" classname="org.springframework.web.servlet.i18n.AcceptHeaderLocaleResolverTests" time="0.0"/>
  <testcase name="resolvePreferredAgainstLanguageWithMultipleSupportedLocales()" classname="org.springframework.web.servlet.i18n.AcceptHeaderLocaleResolverTests" time="0.001"/>
  <system-out><![CDATA[]]></system-out>
  <system-err><![CDATA[]]></system-err>
</testsuite>
