<?xml version="1.0" encoding="UTF-8"?>
<testsuite name="org.springframework.web.servlet.config.annotation.ViewResolutionIntegrationTests" tests="7" skipped="0" failures="0" errors="0" timestamp="2021-05-01T09:33:30" hostname="wangweilideMBP.lan" time="4.871">
  <properties/>
  <testcase name="existingViewResolver()" classname="org.springframework.web.servlet.config.annotation.ViewResolutionIntegrationTests" time="0.775"/>
  <testcase name="freemarkerInvalidConfig()" classname="org.springframework.web.servlet.config.annotation.ViewResolutionIntegrationTests" time="0.117"/>
  <testcase name="freemarker()" classname="org.springframework.web.servlet.config.annotation.ViewResolutionIntegrationTests" time="0.105"/>
  <testcase name="tiles()" classname="org.springframework.web.servlet.config.annotation.ViewResolutionIntegrationTests" time="0.29"/>
  <testcase name="groovyMarkup()" classname="org.springframework.web.servlet.config.annotation.ViewResolutionIntegrationTests" time="3.436"/>
  <testcase name="tilesInvalidConfig()" classname="org.springframework.web.servlet.config.annotation.ViewResolutionIntegrationTests" time="0.08"/>
  <testcase name="groovyMarkupInvalidConfig()" classname="org.springframework.web.servlet.config.annotation.ViewResolutionIntegrationTests" time="0.066"/>
  <system-out><![CDATA[]]></system-out>
  <system-err><![CDATA[]]></system-err>
</testsuite>
