<?xml version="1.0" encoding="UTF-8"?>
<testsuite name="org.springframework.web.servlet.resource.ResourceHttpRequestHandlerIntegrationTests" tests="12" skipped="0" failures="0" errors="0" timestamp="2021-05-09T12:42:18" hostname="wangweilidembp" time="0.526">
  <properties/>
  <testcase name="[1] usePathPatterns=true, pathPrefix=/cp" classname="org.springframework.web.servlet.resource.ResourceHttpRequestHandlerIntegrationTests" time="0.053"/>
  <testcase name="[2] usePathPatterns=true, pathPrefix=/fs" classname="org.springframework.web.servlet.resource.ResourceHttpRequestHandlerIntegrationTests" time="0.038"/>
  <testcase name="[3] usePathPatterns=true, pathPrefix=/url" classname="org.springframework.web.servlet.resource.ResourceHttpRequestHandlerIntegrationTests" time="0.038"/>
  <testcase name="[4] usePathPatterns=false, pathPrefix=/cp" classname="org.springframework.web.servlet.resource.ResourceHttpRequestHandlerIntegrationTests" time="0.045"/>
  <testcase name="[5] usePathPatterns=false, pathPrefix=/fs" classname="org.springframework.web.servlet.resource.ResourceHttpRequestHandlerIntegrationTests" time="0.043"/>
  <testcase name="[6] usePathPatterns=false, pathPrefix=/url" classname="org.springframework.web.servlet.resource.ResourceHttpRequestHandlerIntegrationTests" time="0.047"/>
  <testcase name="[1] usePathPatterns=true, pathPrefix=/cp" classname="org.springframework.web.servlet.resource.ResourceHttpRequestHandlerIntegrationTests" time="0.043"/>
  <testcase name="[2] usePathPatterns=true, pathPrefix=/fs" classname="org.springframework.web.servlet.resource.ResourceHttpRequestHandlerIntegrationTests" time="0.045"/>
  <testcase name="[3] usePathPatterns=true, pathPrefix=/url" classname="org.springframework.web.servlet.resource.ResourceHttpRequestHandlerIntegrationTests" time="0.042"/>
  <testcase name="[4] usePathPatterns=false, pathPrefix=/cp" classname="org.springframework.web.servlet.resource.ResourceHttpRequestHandlerIntegrationTests" time="0.042"/>
  <testcase name="[5] usePathPatterns=false, pathPrefix=/fs" classname="org.springframework.web.servlet.resource.ResourceHttpRequestHandlerIntegrationTests" time="0.04"/>
  <testcase name="[6] usePathPatterns=false, pathPrefix=/url" classname="org.springframework.web.servlet.resource.ResourceHttpRequestHandlerIntegrationTests" time="0.047"/>
  <system-out><![CDATA[]]></system-out>
  <system-err><![CDATA[]]></system-err>
</testsuite>
