<?xml version="1.0" encoding="UTF-8"?>
<testsuite name="org.springframework.web.servlet.resource.ResourceHttpRequestHandlerTests" tests="40" skipped="0" failures="0" errors="0" timestamp="2021-05-09T12:42:19" hostname="wangweilidembp" time="0.114">
  <properties/>
  <testcase name="partialContentWithHttpHead()" classname="org.springframework.web.servlet.resource.ResourceHttpRequestHandlerTests" time="0.002"/>
  <testcase name="getResourceNoCache()" classname="org.springframework.web.servlet.resource.ResourceHttpRequestHandlerTests" time="0.001"/>
  <testcase name="getResourceFromAlternatePath()" classname="org.springframework.web.servlet.resource.ResourceHttpRequestHandlerTests" time="0.002"/>
  <testcase name="servletContextRootValidation()" classname="org.springframework.web.servlet.resource.ResourceHttpRequestHandlerTests" time="0.001"/>
  <testcase name="missingResourcePath()" classname="org.springframework.web.servlet.resource.ResourceHttpRequestHandlerTests" time="0.0"/>
  <testcase name="ignoreInvalidEscapeSequence()" classname="org.springframework.web.servlet.resource.ResourceHttpRequestHandlerTests" time="0.002"/>
  <testcase name="partialContentMultipleByteRanges()" classname="org.springframework.web.servlet.resource.ResourceHttpRequestHandlerTests" time="0.003"/>
  <testcase name="getResourceWithMediaTypeResolvedThroughServletContext()" classname="org.springframework.web.servlet.resource.ResourceHttpRequestHandlerTests" time="0.003"/>
  <testcase name="testInvalidPath()" classname="org.springframework.web.servlet.resource.ResourceHttpRequestHandlerTests" time="0.004"/>
  <testcase name="partialContentByteRange()" classname="org.springframework.web.servlet.resource.ResourceHttpRequestHandlerTests" time="0.002"/>
  <testcase name="getResourceFromSubDirectoryOfAlternatePath()" classname="org.springframework.web.servlet.resource.ResourceHttpRequestHandlerTests" time="0.001"/>
  <testcase name="getResourceHttpOptions()" classname="org.springframework.web.servlet.resource.ResourceHttpRequestHandlerTests" time="0.001"/>
  <testcase name="directory()" classname="org.springframework.web.servlet.resource.ResourceHttpRequestHandlerTests" time="0.001"/>
  <testcase name="modified()" classname="org.springframework.web.servlet.resource.ResourceHttpRequestHandlerTests" time="0.001"/>
  <testcase name="partialContentByteRangeNoEnd()" classname="org.springframework.web.servlet.resource.ResourceHttpRequestHandlerTests" time="0.002"/>
  <testcase name="resourceNotFound()" classname="org.springframework.web.servlet.resource.ResourceHttpRequestHandlerTests" time="0.005"/>
  <testcase name="unsupportedHttpMethod()" classname="org.springframework.web.servlet.resource.ResourceHttpRequestHandlerTests" time="0.001"/>
  <testcase name="notModified()" classname="org.springframework.web.servlet.resource.ResourceHttpRequestHandlerTests" time="0.001"/>
  <testcase name="processPath()" classname="org.springframework.web.servlet.resource.ResourceHttpRequestHandlerTests" time="0.001"/>
  <testcase name="partialContentSuffixRange()" classname="org.springframework.web.servlet.resource.ResourceHttpRequestHandlerTests" time="0.001"/>
  <testcase name="doOverwriteExistingCacheControlHeaders()" classname="org.springframework.web.servlet.resource.ResourceHttpRequestHandlerTests" time="0.002"/>
  <testcase name="ignoreLastModified()" classname="org.springframework.web.servlet.resource.ResourceHttpRequestHandlerTests" time="0.001"/>
  <testcase name="getResourceWithHtmlMediaType()" classname="org.springframework.web.servlet.resource.ResourceHttpRequestHandlerTests" time="0.003"/>
  <testcase name="partialContentInvalidRangeHeader()" classname="org.springframework.web.servlet.resource.ResourceHttpRequestHandlerTests" time="0.001"/>
  <testcase name="directoryInJarFile()" classname="org.springframework.web.servlet.resource.ResourceHttpRequestHandlerTests" time="0.002"/>
  <testcase name="initAllowedLocationsWithExplicitConfiguration()" classname="org.springframework.web.servlet.resource.ResourceHttpRequestHandlerTests" time="0.0"/>
  <testcase name="resolvePathWithTraversal()" classname="org.springframework.web.servlet.resource.ResourceHttpRequestHandlerTests" time="0.04"/>
  <testcase name="getMediaTypeWithFavorPathExtensionOff()" classname="org.springframework.web.servlet.resource.ResourceHttpRequestHandlerTests" time="0.002"/>
  <testcase name="getResourceHttp10BehaviorNoCache()" classname="org.springframework.web.servlet.resource.ResourceHttpRequestHandlerTests" time="0.002"/>
  <testcase name="partialContentSuffixRangeLargeSuffix()" classname="org.springframework.web.servlet.resource.ResourceHttpRequestHandlerTests" time="0.002"/>
  <testcase name="noPathWithinHandlerMappingAttribute()" classname="org.springframework.web.servlet.resource.ResourceHttpRequestHandlerTests" time="0.001"/>
  <testcase name="partialContentByteRangeLargeEnd()" classname="org.springframework.web.servlet.resource.ResourceHttpRequestHandlerTests" time="0.002"/>
  <testcase name="getResourceFromSubDirectory()" classname="org.springframework.web.servlet.resource.ResourceHttpRequestHandlerTests" time="0.001"/>
  <testcase name="getVersionedResource()" classname="org.springframework.web.servlet.resource.ResourceHttpRequestHandlerTests" time="0.004"/>
  <testcase name="initAllowedLocations()" classname="org.springframework.web.servlet.resource.ResourceHttpRequestHandlerTests" time="0.0"/>
  <testcase name="getResource()" classname="org.springframework.web.servlet.resource.ResourceHttpRequestHandlerTests" time="0.001"/>
  <testcase name="getResourceWithRegisteredMediaType()" classname="org.springframework.web.servlet.resource.ResourceHttpRequestHandlerTests" time="0.002"/>
  <testcase name="getResourceHttp10BehaviorCache()" classname="org.springframework.web.servlet.resource.ResourceHttpRequestHandlerTests" time="0.002"/>
  <testcase name="partialContentByteRangeWithEncodedResource(GzippedFiles)" classname="org.springframework.web.servlet.resource.ResourceHttpRequestHandlerTests" time="0.003"/>
  <testcase name="getResourceHttpHeader()" classname="org.springframework.web.servlet.resource.ResourceHttpRequestHandlerTests" time="0.002"/>
  <system-out><![CDATA[20:42:19.719 [Test worker] WARN  o.s.w.s.r.ResourceHttpRequestHandler - Path contains "../" after call to StringUtils#cleanPath: [../testsecret/secret.txt]
20:42:19.720 [Test worker] WARN  o.s.w.s.r.ResourceHttpRequestHandler - Path contains "../" after call to StringUtils#cleanPath: [test/../../testsecret/secret.txt]
20:42:19.720 [Test worker] WARN  o.s.w.s.r.ResourceHttpRequestHandler - Path contains "../" after call to StringUtils#cleanPath: [:/../../testsecret/secret.txt]
20:42:19.720 [Test worker] WARN  o.s.w.s.r.ResourceHttpRequestHandler - Path represents URL or has "url:" prefix: [file:/Users/wangweili/Documents/MyDesign/learning/msb-source/msb-spring/spring-webmvc/build/resources/test/org/springframework/web/servlet/resource/testsecret/secret.txt]
20:42:19.720 [Test worker] WARN  o.s.w.s.r.ResourceHttpRequestHandler - Path represents URL or has "url:" prefix: [/file:/Users/wangweili/Documents/MyDesign/learning/msb-source/msb-spring/spring-webmvc/build/resources/test/org/springframework/web/servlet/resource/testsecret/secret.txt]
20:42:19.721 [Test worker] WARN  o.s.w.s.r.ResourceHttpRequestHandler - Path represents URL or has "url:" prefix: [url:/Users/wangweili/Documents/MyDesign/learning/msb-source/msb-spring/spring-webmvc/build/resources/test/org/springframework/web/servlet/resource/testsecret/secret.txt]
20:42:19.721 [Test worker] WARN  o.s.w.s.r.ResourceHttpRequestHandler - Path represents URL or has "url:" prefix: [/url:/Users/wangweili/Documents/MyDesign/learning/msb-source/msb-spring/spring-webmvc/build/resources/test/org/springframework/web/servlet/resource/testsecret/secret.txt]
20:42:19.721 [Test worker] WARN  o.s.w.s.r.ResourceHttpRequestHandler - Path contains "../" after call to StringUtils#cleanPath: [/../../Users/wangweili/Documents/MyDesign/learning/msb-source/msb-spring/spring-webmvc/build/resources/test/org/springframework/web/servlet/resource/testsecret/secret.txt]
20:42:19.721 [Test worker] WARN  o.s.w.s.r.ResourceHttpRequestHandler - Path contains "../" after call to StringUtils#cleanPath: [/../testsecret/secret.txt]
20:42:19.721 [Test worker] WARN  o.s.w.s.r.ResourceHttpRequestHandler - Path contains "../" after call to StringUtils#cleanPath: [/../testsecret/secret.txt]
20:42:19.722 [Test worker] WARN  o.s.w.s.r.ResourceHttpRequestHandler - Path contains "../" after call to StringUtils#cleanPath: [/../../Users/wangweili/Documents/MyDesign/learning/msb-source/msb-spring/spring-webmvc/build/resources/test/org/springframework/web/servlet/resource/testsecret/secret.txt]
20:42:19.749 [Test worker] WARN  o.s.w.s.r.ResourceHttpRequestHandler - Path contains "../" after call to StringUtils#cleanPath: [../testsecret/secret.txt]
20:42:19.749 [Test worker] WARN  o.s.w.s.r.ResourceHttpRequestHandler - Path contains "../" after call to StringUtils#cleanPath: [test/../../testsecret/secret.txt]
20:42:19.749 [Test worker] WARN  o.s.w.s.r.ResourceHttpRequestHandler - Path contains "../" after call to StringUtils#cleanPath: [:/../../testsecret/secret.txt]
20:42:19.750 [Test worker] WARN  o.s.w.s.r.ResourceHttpRequestHandler - Path represents URL or has "url:" prefix: [file:/Users/wangweili/Documents/MyDesign/learning/msb-source/msb-spring/spring-webmvc/build/resources/test/org/springframework/web/servlet/resource/testsecret/secret.txt]
20:42:19.750 [Test worker] WARN  o.s.w.s.r.ResourceHttpRequestHandler - Path represents URL or has "url:" prefix: [/file:/Users/wangweili/Documents/MyDesign/learning/msb-source/msb-spring/spring-webmvc/build/resources/test/org/springframework/web/servlet/resource/testsecret/secret.txt]
20:42:19.750 [Test worker] WARN  o.s.w.s.r.ResourceHttpRequestHandler - Path represents URL or has "url:" prefix: [url:/Users/wangweili/Documents/MyDesign/learning/msb-source/msb-spring/spring-webmvc/build/resources/test/org/springframework/web/servlet/resource/testsecret/secret.txt]
20:42:19.751 [Test worker] WARN  o.s.w.s.r.ResourceHttpRequestHandler - Path represents URL or has "url:" prefix: [/url:/Users/wangweili/Documents/MyDesign/learning/msb-source/msb-spring/spring-webmvc/build/resources/test/org/springframework/web/servlet/resource/testsecret/secret.txt]
20:42:19.752 [Test worker] WARN  o.s.w.s.r.ResourceHttpRequestHandler - Path contains "../" after call to StringUtils#cleanPath: [/../../Users/wangweili/Documents/MyDesign/learning/msb-source/msb-spring/spring-webmvc/build/resources/test/org/springframework/web/servlet/resource/testsecret/secret.txt]
20:42:19.753 [Test worker] WARN  o.s.w.s.r.ResourceHttpRequestHandler - Path contains "../" after call to StringUtils#cleanPath: [/../testsecret/secret.txt]
20:42:19.753 [Test worker] WARN  o.s.w.s.r.ResourceHttpRequestHandler - Path contains "../" after call to StringUtils#cleanPath: [/../testsecret/secret.txt]
20:42:19.754 [Test worker] WARN  o.s.w.s.r.ResourceHttpRequestHandler - Path contains "../" after call to StringUtils#cleanPath: [../testsecret/secret.txt]
20:42:19.755 [Test worker] WARN  o.s.w.s.r.ResourceHttpRequestHandler - Path contains "../" after call to StringUtils#cleanPath: [test/../../testsecret/secret.txt]
20:42:19.755 [Test worker] WARN  o.s.w.s.r.ResourceHttpRequestHandler - Path contains "../" after call to StringUtils#cleanPath: [:/../../testsecret/secret.txt]
20:42:19.755 [Test worker] WARN  o.s.w.s.r.ResourceHttpRequestHandler - Path represents URL or has "url:" prefix: [file:/Users/wangweili/Documents/MyDesign/learning/msb-source/msb-spring/spring-webmvc/build/resources/test/org/springframework/web/servlet/resource/testsecret/secret.txt]
20:42:19.755 [Test worker] WARN  o.s.w.s.r.ResourceHttpRequestHandler - Path represents URL or has "url:" prefix: [/file:/Users/wangweili/Documents/MyDesign/learning/msb-source/msb-spring/spring-webmvc/build/resources/test/org/springframework/web/servlet/resource/testsecret/secret.txt]
20:42:19.756 [Test worker] WARN  o.s.w.s.r.ResourceHttpRequestHandler - Path represents URL or has "url:" prefix: [url:/Users/wangweili/Documents/MyDesign/learning/msb-source/msb-spring/spring-webmvc/build/resources/test/org/springframework/web/servlet/resource/testsecret/secret.txt]
20:42:19.756 [Test worker] WARN  o.s.w.s.r.ResourceHttpRequestHandler - Path represents URL or has "url:" prefix: [/url:/Users/wangweili/Documents/MyDesign/learning/msb-source/msb-spring/spring-webmvc/build/resources/test/org/springframework/web/servlet/resource/testsecret/secret.txt]
20:42:19.757 [Test worker] WARN  o.s.w.s.r.ResourceHttpRequestHandler - Path contains "../" after call to StringUtils#cleanPath: [/../../Users/wangweili/Documents/MyDesign/learning/msb-source/msb-spring/spring-webmvc/build/resources/test/org/springframework/web/servlet/resource/testsecret/secret.txt]
20:42:19.757 [Test worker] WARN  o.s.w.s.r.ResourceHttpRequestHandler - Path contains "../" after call to StringUtils#cleanPath: [/../testsecret/secret.txt]
20:42:19.758 [Test worker] WARN  o.s.w.s.r.ResourceHttpRequestHandler - Path contains "../" after call to StringUtils#cleanPath: [/../testsecret/secret.txt]
20:42:19.759 [Test worker] WARN  o.s.w.s.r.ResourceHttpRequestHandler - Path contains "../" after call to StringUtils#cleanPath: [../testsecret/secret.txt]
20:42:19.759 [Test worker] WARN  o.s.w.s.r.ResourceHttpRequestHandler - Path contains "../" after call to StringUtils#cleanPath: [test/../../testsecret/secret.txt]
20:42:19.759 [Test worker] WARN  o.s.w.s.r.ResourceHttpRequestHandler - Path contains "../" after call to StringUtils#cleanPath: [:/../../testsecret/secret.txt]
20:42:19.760 [Test worker] WARN  o.s.w.s.r.ResourceHttpRequestHandler - Path represents URL or has "url:" prefix: [file:/Users/wangweili/Documents/MyDesign/learning/msb-source/msb-spring/spring-webmvc/build/resources/test/org/springframework/web/servlet/resource/testsecret/secret.txt]
20:42:19.760 [Test worker] WARN  o.s.w.s.r.ResourceHttpRequestHandler - Path represents URL or has "url:" prefix: [/file:/Users/wangweili/Documents/MyDesign/learning/msb-source/msb-spring/spring-webmvc/build/resources/test/org/springframework/web/servlet/resource/testsecret/secret.txt]
20:42:19.760 [Test worker] WARN  o.s.w.s.r.ResourceHttpRequestHandler - Path represents URL or has "url:" prefix: [url:/Users/wangweili/Documents/MyDesign/learning/msb-source/msb-spring/spring-webmvc/build/resources/test/org/springframework/web/servlet/resource/testsecret/secret.txt]
20:42:19.761 [Test worker] WARN  o.s.w.s.r.ResourceHttpRequestHandler - Path represents URL or has "url:" prefix: [/url:/Users/wangweili/Documents/MyDesign/learning/msb-source/msb-spring/spring-webmvc/build/resources/test/org/springframework/web/servlet/resource/testsecret/secret.txt]
20:42:19.762 [Test worker] WARN  o.s.w.s.r.ResourceHttpRequestHandler - Path contains "../" after call to StringUtils#cleanPath: [/../../Users/wangweili/Documents/MyDesign/learning/msb-source/msb-spring/spring-webmvc/build/resources/test/org/springframework/web/servlet/resource/testsecret/secret.txt]
20:42:19.762 [Test worker] WARN  o.s.w.s.r.ResourceHttpRequestHandler - Path contains "../" after call to StringUtils#cleanPath: [/../testsecret/secret.txt]
20:42:19.763 [Test worker] WARN  o.s.w.s.r.ResourceHttpRequestHandler - Path contains "../" after call to StringUtils#cleanPath: [/../testsecret/secret.txt]
20:42:19.764 [Test worker] WARN  o.s.w.s.r.ResourceHttpRequestHandler - Path contains "../" after call to StringUtils#cleanPath: [../testsecret/secret.txt]
20:42:19.765 [Test worker] WARN  o.s.w.s.r.ResourceHttpRequestHandler - Path contains "../" after call to StringUtils#cleanPath: [test/../../testsecret/secret.txt]
20:42:19.765 [Test worker] WARN  o.s.w.s.r.ResourceHttpRequestHandler - Path contains "../" after call to StringUtils#cleanPath: [:/../../testsecret/secret.txt]
20:42:19.765 [Test worker] WARN  o.s.w.s.r.ResourceHttpRequestHandler - Path represents URL or has "url:" prefix: [file:/Users/wangweili/Documents/MyDesign/learning/msb-source/msb-spring/spring-webmvc/build/resources/test/org/springframework/web/servlet/resource/testsecret/secret.txt]
20:42:19.765 [Test worker] WARN  o.s.w.s.r.ResourceHttpRequestHandler - Path represents URL or has "url:" prefix: [/file:/Users/wangweili/Documents/MyDesign/learning/msb-source/msb-spring/spring-webmvc/build/resources/test/org/springframework/web/servlet/resource/testsecret/secret.txt]
20:42:19.766 [Test worker] WARN  o.s.w.s.r.ResourceHttpRequestHandler - Path represents URL or has "url:" prefix: [url:/Users/wangweili/Documents/MyDesign/learning/msb-source/msb-spring/spring-webmvc/build/resources/test/org/springframework/web/servlet/resource/testsecret/secret.txt]
20:42:19.766 [Test worker] WARN  o.s.w.s.r.ResourceHttpRequestHandler - Path represents URL or has "url:" prefix: [/url:/Users/wangweili/Documents/MyDesign/learning/msb-source/msb-spring/spring-webmvc/build/resources/test/org/springframework/web/servlet/resource/testsecret/secret.txt]
20:42:19.767 [Test worker] WARN  o.s.w.s.r.ResourceHttpRequestHandler - Path contains "../" after call to StringUtils#cleanPath: [/../../Users/wangweili/Documents/MyDesign/learning/msb-source/msb-spring/spring-webmvc/build/resources/test/org/springframework/web/servlet/resource/testsecret/secret.txt]
20:42:19.768 [Test worker] WARN  o.s.w.s.r.ResourceHttpRequestHandler - Path contains "../" after call to StringUtils#cleanPath: [/../testsecret/secret.txt]
20:42:19.768 [Test worker] WARN  o.s.w.s.r.ResourceHttpRequestHandler - Path contains "../" after call to StringUtils#cleanPath: [/../testsecret/secret.txt]
20:42:19.770 [Test worker] WARN  o.s.w.s.r.ResourceHttpRequestHandler - Path contains "../" after call to StringUtils#cleanPath: [../testsecret/secret.txt]
20:42:19.770 [Test worker] WARN  o.s.w.s.r.ResourceHttpRequestHandler - Path contains "../" after call to StringUtils#cleanPath: [test/../../testsecret/secret.txt]
20:42:19.770 [Test worker] WARN  o.s.w.s.r.ResourceHttpRequestHandler - Path contains "../" after call to StringUtils#cleanPath: [:/../../testsecret/secret.txt]
20:42:19.771 [Test worker] WARN  o.s.w.s.r.ResourceHttpRequestHandler - Path represents URL or has "url:" prefix: [file:/Users/wangweili/Documents/MyDesign/learning/msb-source/msb-spring/spring-webmvc/build/resources/test/org/springframework/web/servlet/resource/testsecret/secret.txt]
20:42:19.771 [Test worker] WARN  o.s.w.s.r.ResourceHttpRequestHandler - Path represents URL or has "url:" prefix: [/file:/Users/wangweili/Documents/MyDesign/learning/msb-source/msb-spring/spring-webmvc/build/resources/test/org/springframework/web/servlet/resource/testsecret/secret.txt]
20:42:19.771 [Test worker] WARN  o.s.w.s.r.ResourceHttpRequestHandler - Path represents URL or has "url:" prefix: [url:/Users/wangweili/Documents/MyDesign/learning/msb-source/msb-spring/spring-webmvc/build/resources/test/org/springframework/web/servlet/resource/testsecret/secret.txt]
20:42:19.772 [Test worker] WARN  o.s.w.s.r.ResourceHttpRequestHandler - Path represents URL or has "url:" prefix: [/url:/Users/wangweili/Documents/MyDesign/learning/msb-source/msb-spring/spring-webmvc/build/resources/test/org/springframework/web/servlet/resource/testsecret/secret.txt]
20:42:19.773 [Test worker] WARN  o.s.w.s.r.ResourceHttpRequestHandler - Path contains "../" after call to StringUtils#cleanPath: [/../../Users/wangweili/Documents/MyDesign/learning/msb-source/msb-spring/spring-webmvc/build/resources/test/org/springframework/web/servlet/resource/testsecret/secret.txt]
20:42:19.773 [Test worker] WARN  o.s.w.s.r.ResourceHttpRequestHandler - Path contains "../" after call to StringUtils#cleanPath: [/../testsecret/secret.txt]
20:42:19.774 [Test worker] WARN  o.s.w.s.r.ResourceHttpRequestHandler - Path contains "../" after call to StringUtils#cleanPath: [/../testsecret/secret.txt]
20:42:19.775 [Test worker] WARN  o.s.w.s.r.ResourceHttpRequestHandler - Path contains "../" after call to StringUtils#cleanPath: [../testsecret/secret.txt]
20:42:19.776 [Test worker] WARN  o.s.w.s.r.ResourceHttpRequestHandler - Path contains "../" after call to StringUtils#cleanPath: [test/../../testsecret/secret.txt]
20:42:19.776 [Test worker] WARN  o.s.w.s.r.ResourceHttpRequestHandler - Path contains "../" after call to StringUtils#cleanPath: [:/../../testsecret/secret.txt]
20:42:19.776 [Test worker] WARN  o.s.w.s.r.ResourceHttpRequestHandler - Path represents URL or has "url:" prefix: [file:/Users/wangweili/Documents/MyDesign/learning/msb-source/msb-spring/spring-webmvc/build/resources/test/org/springframework/web/servlet/resource/testsecret/secret.txt]
20:42:19.777 [Test worker] WARN  o.s.w.s.r.ResourceHttpRequestHandler - Path represents URL or has "url:" prefix: [/file:/Users/wangweili/Documents/MyDesign/learning/msb-source/msb-spring/spring-webmvc/build/resources/test/org/springframework/web/servlet/resource/testsecret/secret.txt]
20:42:19.777 [Test worker] WARN  o.s.w.s.r.ResourceHttpRequestHandler - Path represents URL or has "url:" prefix: [url:/Users/wangweili/Documents/MyDesign/learning/msb-source/msb-spring/spring-webmvc/build/resources/test/org/springframework/web/servlet/resource/testsecret/secret.txt]
20:42:19.777 [Test worker] WARN  o.s.w.s.r.ResourceHttpRequestHandler - Path represents URL or has "url:" prefix: [/url:/Users/wangweili/Documents/MyDesign/learning/msb-source/msb-spring/spring-webmvc/build/resources/test/org/springframework/web/servlet/resource/testsecret/secret.txt]
20:42:19.779 [Test worker] WARN  o.s.w.s.r.ResourceHttpRequestHandler - Path contains "../" after call to StringUtils#cleanPath: [/../../Users/wangweili/Documents/MyDesign/learning/msb-source/msb-spring/spring-webmvc/build/resources/test/org/springframework/web/servlet/resource/testsecret/secret.txt]
20:42:19.779 [Test worker] WARN  o.s.w.s.r.ResourceHttpRequestHandler - Path contains "../" after call to StringUtils#cleanPath: [/../testsecret/secret.txt]
20:42:19.779 [Test worker] WARN  o.s.w.s.r.ResourceHttpRequestHandler - Path contains "../" after call to StringUtils#cleanPath: [/../testsecret/secret.txt]
20:42:19.780 [Test worker] WARN  o.s.w.s.r.ResourceHttpRequestHandler - Path contains "../" after call to StringUtils#cleanPath: [../testsecret/secret.txt]
20:42:19.781 [Test worker] WARN  o.s.w.s.r.ResourceHttpRequestHandler - Path contains "../" after call to StringUtils#cleanPath: [test/../../testsecret/secret.txt]
20:42:19.781 [Test worker] WARN  o.s.w.s.r.ResourceHttpRequestHandler - Path contains "../" after call to StringUtils#cleanPath: [:/../../testsecret/secret.txt]
20:42:19.781 [Test worker] WARN  o.s.w.s.r.ResourceHttpRequestHandler - Path represents URL or has "url:" prefix: [file:/Users/wangweili/Documents/MyDesign/learning/msb-source/msb-spring/spring-webmvc/build/resources/test/org/springframework/web/servlet/resource/testsecret/secret.txt]
20:42:19.781 [Test worker] WARN  o.s.w.s.r.ResourceHttpRequestHandler - Path represents URL or has "url:" prefix: [/file:/Users/wangweili/Documents/MyDesign/learning/msb-source/msb-spring/spring-webmvc/build/resources/test/org/springframework/web/servlet/resource/testsecret/secret.txt]
20:42:19.782 [Test worker] WARN  o.s.w.s.r.ResourceHttpRequestHandler - Path represents URL or has "url:" prefix: [url:/Users/wangweili/Documents/MyDesign/learning/msb-source/msb-spring/spring-webmvc/build/resources/test/org/springframework/web/servlet/resource/testsecret/secret.txt]
20:42:19.782 [Test worker] WARN  o.s.w.s.r.ResourceHttpRequestHandler - Path represents URL or has "url:" prefix: [/url:/Users/wangweili/Documents/MyDesign/learning/msb-source/msb-spring/spring-webmvc/build/resources/test/org/springframework/web/servlet/resource/testsecret/secret.txt]
20:42:19.783 [Test worker] WARN  o.s.w.s.r.ResourceHttpRequestHandler - Path contains "../" after call to StringUtils#cleanPath: [/../../Users/wangweili/Documents/MyDesign/learning/msb-source/msb-spring/spring-webmvc/build/resources/test/org/springframework/web/servlet/resource/testsecret/secret.txt]
20:42:19.783 [Test worker] WARN  o.s.w.s.r.ResourceHttpRequestHandler - Path contains "../" after call to StringUtils#cleanPath: [/../testsecret/secret.txt]
20:42:19.783 [Test worker] WARN  o.s.w.s.r.ResourceHttpRequestHandler - Path contains "../" after call to StringUtils#cleanPath: [/../testsecret/secret.txt]
20:42:19.785 [Test worker] WARN  o.s.w.s.r.ResourceHttpRequestHandler - Path contains "../" after call to StringUtils#cleanPath: [../testsecret/secret.txt]
20:42:19.785 [Test worker] WARN  o.s.w.s.r.ResourceHttpRequestHandler - Path contains "../" after call to StringUtils#cleanPath: [test/../../testsecret/secret.txt]
20:42:19.786 [Test worker] WARN  o.s.w.s.r.ResourceHttpRequestHandler - Path contains "../" after call to StringUtils#cleanPath: [:/../../testsecret/secret.txt]
20:42:19.786 [Test worker] WARN  o.s.w.s.r.ResourceHttpRequestHandler - Path represents URL or has "url:" prefix: [file:/Users/wangweili/Documents/MyDesign/learning/msb-source/msb-spring/spring-webmvc/build/resources/test/org/springframework/web/servlet/resource/testsecret/secret.txt]
20:42:19.786 [Test worker] WARN  o.s.w.s.r.ResourceHttpRequestHandler - Path represents URL or has "url:" prefix: [/file:/Users/wangweili/Documents/MyDesign/learning/msb-source/msb-spring/spring-webmvc/build/resources/test/org/springframework/web/servlet/resource/testsecret/secret.txt]
20:42:19.786 [Test worker] WARN  o.s.w.s.r.ResourceHttpRequestHandler - Path represents URL or has "url:" prefix: [url:/Users/wangweili/Documents/MyDesign/learning/msb-source/msb-spring/spring-webmvc/build/resources/test/org/springframework/web/servlet/resource/testsecret/secret.txt]
20:42:19.787 [Test worker] WARN  o.s.w.s.r.ResourceHttpRequestHandler - Path represents URL or has "url:" prefix: [/url:/Users/wangweili/Documents/MyDesign/learning/msb-source/msb-spring/spring-webmvc/build/resources/test/org/springframework/web/servlet/resource/testsecret/secret.txt]
20:42:19.788 [Test worker] WARN  o.s.w.s.r.ResourceHttpRequestHandler - Path contains "../" after call to StringUtils#cleanPath: [/../../Users/wangweili/Documents/MyDesign/learning/msb-source/msb-spring/spring-webmvc/build/resources/test/org/springframework/web/servlet/resource/testsecret/secret.txt]
20:42:19.788 [Test worker] WARN  o.s.w.s.r.ResourceHttpRequestHandler - Path contains "../" after call to StringUtils#cleanPath: [/../testsecret/secret.txt]
20:42:19.788 [Test worker] WARN  o.s.w.s.r.ResourceHttpRequestHandler - Path contains "../" after call to StringUtils#cleanPath: [/../testsecret/secret.txt]
]]></system-out>
  <system-err><![CDATA[]]></system-err>
</testsuite>
