<?xml version="1.0" encoding="UTF-8"?>
<testsuite name="org.springframework.web.servlet.resource.CssLinkResourceTransformerTests" tests="6" skipped="0" failures="0" errors="0" timestamp="2021-04-26T07:41:50" hostname="wangweilideMacBook-Pro.local" time="0.025">
  <properties/>
  <testcase name="transformSkippedForNonCssResource()" classname="org.springframework.web.servlet.resource.CssLinkResourceTransformerTests" time="0.001"/>
  <testcase name="transformEmptyUrlFunction()" classname="org.springframework.web.servlet.resource.CssLinkResourceTransformerTests" time="0.003"/>
  <testcase name="transformSkippedForGzippedResource(GzippedFiles)" classname="org.springframework.web.servlet.resource.CssLinkResourceTransformerTests" time="0.001"/>
  <testcase name="transformNoLinks()" classname="org.springframework.web.servlet.resource.CssLinkResourceTransformerTests" time="0.001"/>
  <testcase name="transformExtLinksNotAllowed()" classname="org.springframework.web.servlet.resource.CssLinkResourceTransformerTests" time="0.013"/>
  <testcase name="transform()" classname="org.springframework.web.servlet.resource.CssLinkResourceTransformerTests" time="0.005"/>
  <system-out><![CDATA[]]></system-out>
  <system-err><![CDATA[]]></system-err>
</testsuite>
