<?xml version="1.0" encoding="UTF-8"?>
<testsuite name="org.springframework.web.servlet.view.groovy.GroovyMarkupViewTests" tests="10" skipped="0" failures="0" errors="0" timestamp="2021-05-09T12:42:16" hostname="wangweilidembp" time="0.386">
  <properties/>
  <testcase name="detectTemplateEngine()" classname="org.springframework.web.servlet.view.groovy.GroovyMarkupViewTests" time="0.001"/>
  <testcase name="customTemplateEngine()" classname="org.springframework.web.servlet.view.groovy.GroovyMarkupViewTests" time="0.001"/>
  <testcase name="checkI18nResourceMissingLocale()" classname="org.springframework.web.servlet.view.groovy.GroovyMarkupViewTests" time="0.011"/>
  <testcase name="checkMissingResource()" classname="org.springframework.web.servlet.view.groovy.GroovyMarkupViewTests" time="0.005"/>
  <testcase name="checkI18nResource()" classname="org.springframework.web.servlet.view.groovy.GroovyMarkupViewTests" time="0.006"/>
  <testcase name="renderI18nTemplate()" classname="org.springframework.web.servlet.view.groovy.GroovyMarkupViewTests" time="0.133"/>
  <testcase name="renderLayoutTemplate()" classname="org.springframework.web.servlet.view.groovy.GroovyMarkupViewTests" time="0.127"/>
  <testcase name="renderMarkupTemplate()" classname="org.springframework.web.servlet.view.groovy.GroovyMarkupViewTests" time="0.095"/>
  <testcase name="missingGroovyMarkupConfig()" classname="org.springframework.web.servlet.view.groovy.GroovyMarkupViewTests" time="0.002"/>
  <testcase name="checkResource()" classname="org.springframework.web.servlet.view.groovy.GroovyMarkupViewTests" time="0.005"/>
  <system-out><![CDATA[]]></system-out>
  <system-err><![CDATA[]]></system-err>
</testsuite>
