<?xml version="1.0" encoding="UTF-8"?>
<testsuite name="org.springframework.web.servlet.tags.ThemeTagTests" tests="2" skipped="0" failures="0" errors="0" timestamp="2021-05-09T12:41:59" hostname="wangweilidembp" time="0.013">
  <properties/>
  <testcase name="requestContext()" classname="org.springframework.web.servlet.tags.ThemeTagTests" time="0.007"/>
  <testcase name="themeTag()" classname="org.springframework.web.servlet.tags.ThemeTagTests" time="0.006"/>
  <system-out><![CDATA[]]></system-out>
  <system-err><![CDATA[]]></system-err>
</testsuite>
