<?xml version="1.0" encoding="UTF-8"?>
<testsuite name="org.springframework.web.servlet.tags.form.HiddenInputTagTests" tests="5" skipped="0" failures="0" errors="0" timestamp="2021-05-09T12:41:59" hostname="wangweilidembp" time="0.025">
  <properties/>
  <testcase name="disabledTrue()" classname="org.springframework.web.servlet.tags.form.HiddenInputTagTests" time="0.005"/>
  <testcase name="render()" classname="org.springframework.web.servlet.tags.form.HiddenInputTagTests" time="0.005"/>
  <testcase name="dynamicTypeAttribute()" classname="org.springframework.web.servlet.tags.form.HiddenInputTagTests" time="0.004"/>
  <testcase name="disabledFalse()" classname="org.springframework.web.servlet.tags.form.HiddenInputTagTests" time="0.004"/>
  <testcase name="withCustomBinder()" classname="org.springframework.web.servlet.tags.form.HiddenInputTagTests" time="0.007"/>
  <system-out><![CDATA[]]></system-out>
  <system-err><![CDATA[]]></system-err>
</testsuite>
