<?xml version="1.0" encoding="UTF-8"?>
<testsuite name="org.springframework.web.servlet.handler.PathMatchingUrlHandlerMappingTests" tests="8" skipped="0" failures="0" errors="0" timestamp="2021-05-01T09:33:07" hostname="wangweilideMBP.lan" time="0.198">
  <properties/>
  <testcase name="[1] mapping=org.springframework.web.servlet.handler.SimpleUrlHandlerMapping@30fe2dec, wac=Root WebApplicationContext, started on Sat May 01 17:33:07 CST 2021" classname="org.springframework.web.servlet.handler.PathMatchingUrlHandlerMappingTests" time="0.004"/>
  <testcase name="[2] mapping=org.springframework.web.servlet.handler.SimpleUrlHandlerMapping@2ad767eb, wac=Root WebApplicationContext, started on Sat May 01 17:33:07 CST 2021" classname="org.springframework.web.servlet.handler.PathMatchingUrlHandlerMappingTests" time="0.002"/>
  <testcase name="[1] mapping=org.springframework.web.servlet.handler.SimpleUrlHandlerMapping@2f0ceefc, wac=Root WebApplicationContext, started on Sat May 01 17:33:07 CST 2021" classname="org.springframework.web.servlet.handler.PathMatchingUrlHandlerMappingTests" time="0.009"/>
  <testcase name="[2] mapping=org.springframework.web.servlet.handler.SimpleUrlHandlerMapping@3ca50891, wac=Root WebApplicationContext, started on Sat May 01 17:33:07 CST 2021" classname="org.springframework.web.servlet.handler.PathMatchingUrlHandlerMappingTests" time="0.01"/>
  <testcase name="[1] mapping=org.springframework.web.servlet.handler.SimpleUrlHandlerMapping@190f7aab, wac=Root WebApplicationContext, started on Sat May 01 17:33:07 CST 2021" classname="org.springframework.web.servlet.handler.PathMatchingUrlHandlerMappingTests" time="0.001"/>
  <testcase name="[2] mapping=org.springframework.web.servlet.handler.SimpleUrlHandlerMapping@25a7acc6, wac=Root WebApplicationContext, started on Sat May 01 17:33:07 CST 2021" classname="org.springframework.web.servlet.handler.PathMatchingUrlHandlerMappingTests" time="0.001"/>
  <testcase name="[1] mapping=org.springframework.web.servlet.handler.SimpleUrlHandlerMapping@19184a3d, wac=Root WebApplicationContext, started on Sat May 01 17:33:07 CST 2021" classname="org.springframework.web.servlet.handler.PathMatchingUrlHandlerMappingTests" time="0.001"/>
  <testcase name="[2] mapping=org.springframework.web.servlet.handler.SimpleUrlHandlerMapping@62b5040c, wac=Root WebApplicationContext, started on Sat May 01 17:33:07 CST 2021" classname="org.springframework.web.servlet.handler.PathMatchingUrlHandlerMappingTests" time="0.001"/>
  <system-out><![CDATA[]]></system-out>
  <system-err><![CDATA[]]></system-err>
</testsuite>
