<?xml version="1.0" encoding="UTF-8"?>
<testsuite name="org.springframework.web.servlet.config.AnnotationDrivenBeanDefinitionParserTests" tests="7" skipped="0" failures="0" errors="0" timestamp="2021-04-26T07:41:26" hostname="wangweilideMacBook-Pro.local" time="0.755">
  <properties/>
  <testcase name="testMessageConvertersWithoutDefaultRegistrations()" classname="org.springframework.web.servlet.config.AnnotationDrivenBeanDefinitionParserTests" time="0.058"/>
  <testcase name="testMessageCodesResolver()" classname="org.springframework.web.servlet.config.AnnotationDrivenBeanDefinitionParserTests" time="0.119"/>
  <testcase name="testPathMatchingConfiguration()" classname="org.springframework.web.servlet.config.AnnotationDrivenBeanDefinitionParserTests" time="0.124"/>
  <testcase name="beanNameUrlHandlerMapping()" classname="org.springframework.web.servlet.config.AnnotationDrivenBeanDefinitionParserTests" time="0.129"/>
  <testcase name="testMessageConverters()" classname="org.springframework.web.servlet.config.AnnotationDrivenBeanDefinitionParserTests" time="0.105"/>
  <testcase name="testArgumentResolvers()" classname="org.springframework.web.servlet.config.AnnotationDrivenBeanDefinitionParserTests" time="0.118"/>
  <testcase name="testReturnValueHandlers()" classname="org.springframework.web.servlet.config.AnnotationDrivenBeanDefinitionParserTests" time="0.1"/>
  <system-out><![CDATA[]]></system-out>
  <system-err><![CDATA[]]></system-err>
</testsuite>
