<?xml version="1.0" encoding="UTF-8"?>
<testsuite name="org.springframework.web.servlet.mvc.method.RequestMappingInfoHandlerMappingTests" tests="39" skipped="0" failures="0" errors="0" timestamp="2021-05-09T12:41:45" hostname="wangweilidembp" time="0.101">
  <properties/>
  <testcase name="[1] mapping=org.springframework.web.servlet.mvc.method.RequestMappingInfoHandlerMappingTests$TestRequestMappingInfoHandlerMapping@619a1856" classname="org.springframework.web.servlet.mvc.method.RequestMappingInfoHandlerMappingTests" time="0.002"/>
  <testcase name="[2] mapping=org.springframework.web.servlet.mvc.method.RequestMappingInfoHandlerMappingTests$TestRequestMappingInfoHandlerMapping@60f0ce25" classname="org.springframework.web.servlet.mvc.method.RequestMappingInfoHandlerMappingTests" time="0.002"/>
  <testcase name="[1] mapping=org.springframework.web.servlet.mvc.method.RequestMappingInfoHandlerMappingTests$TestRequestMappingInfoHandlerMapping@77509788" classname="org.springframework.web.servlet.mvc.method.RequestMappingInfoHandlerMappingTests" time="0.002"/>
  <testcase name="[2] mapping=org.springframework.web.servlet.mvc.method.RequestMappingInfoHandlerMappingTests$TestRequestMappingInfoHandlerMapping@32b5dcdb" classname="org.springframework.web.servlet.mvc.method.RequestMappingInfoHandlerMappingTests" time="0.0"/>
  <testcase name="[1] mapping=org.springframework.web.servlet.mvc.method.RequestMappingInfoHandlerMappingTests$TestRequestMappingInfoHandlerMapping@38b213a7" classname="org.springframework.web.servlet.mvc.method.RequestMappingInfoHandlerMappingTests" time="0.0"/>
  <testcase name="[2] mapping=org.springframework.web.servlet.mvc.method.RequestMappingInfoHandlerMappingTests$TestRequestMappingInfoHandlerMapping@437af6d9" classname="org.springframework.web.servlet.mvc.method.RequestMappingInfoHandlerMappingTests" time="0.0"/>
  <testcase name="[1] mapping=org.springframework.web.servlet.mvc.method.RequestMappingInfoHandlerMappingTests$TestRequestMappingInfoHandlerMapping@77ebfbb6" classname="org.springframework.web.servlet.mvc.method.RequestMappingInfoHandlerMappingTests" time="0.0"/>
  <testcase name="[2] mapping=org.springframework.web.servlet.mvc.method.RequestMappingInfoHandlerMappingTests$TestRequestMappingInfoHandlerMapping@19636745" classname="org.springframework.web.servlet.mvc.method.RequestMappingInfoHandlerMappingTests" time="0.0"/>
  <testcase name="[1] mapping=org.springframework.web.servlet.mvc.method.RequestMappingInfoHandlerMappingTests$TestRequestMappingInfoHandlerMapping@35558c2d" classname="org.springframework.web.servlet.mvc.method.RequestMappingInfoHandlerMappingTests" time="0.003"/>
  <testcase name="[2] mapping=org.springframework.web.servlet.mvc.method.RequestMappingInfoHandlerMappingTests$TestRequestMappingInfoHandlerMapping@3df39d6e" classname="org.springframework.web.servlet.mvc.method.RequestMappingInfoHandlerMappingTests" time="0.002"/>
  <testcase name="[1] mapping=org.springframework.web.servlet.mvc.method.RequestMappingInfoHandlerMappingTests$TestRequestMappingInfoHandlerMapping@67265388" classname="org.springframework.web.servlet.mvc.method.RequestMappingInfoHandlerMappingTests" time="0.002"/>
  <testcase name="[2] mapping=org.springframework.web.servlet.mvc.method.RequestMappingInfoHandlerMappingTests$TestRequestMappingInfoHandlerMapping@4618bfd" classname="org.springframework.web.servlet.mvc.method.RequestMappingInfoHandlerMappingTests" time="0.001"/>
  <testcase name="[1] mapping=org.springframework.web.servlet.mvc.method.RequestMappingInfoHandlerMappingTests$TestRequestMappingInfoHandlerMapping@6a2b2505" classname="org.springframework.web.servlet.mvc.method.RequestMappingInfoHandlerMappingTests" time="0.0"/>
  <testcase name="[2] mapping=org.springframework.web.servlet.mvc.method.RequestMappingInfoHandlerMappingTests$TestRequestMappingInfoHandlerMapping@42f120c1" classname="org.springframework.web.servlet.mvc.method.RequestMappingInfoHandlerMappingTests" time="0.0"/>
  <testcase name="[1] mapping=org.springframework.web.servlet.mvc.method.RequestMappingInfoHandlerMappingTests$TestRequestMappingInfoHandlerMapping@41078836" classname="org.springframework.web.servlet.mvc.method.RequestMappingInfoHandlerMappingTests" time="0.001"/>
  <testcase name="[2] mapping=org.springframework.web.servlet.mvc.method.RequestMappingInfoHandlerMappingTests$TestRequestMappingInfoHandlerMapping@35974163" classname="org.springframework.web.servlet.mvc.method.RequestMappingInfoHandlerMappingTests" time="0.001"/>
  <testcase name="[1] mapping=org.springframework.web.servlet.mvc.method.RequestMappingInfoHandlerMappingTests$TestRequestMappingInfoHandlerMapping@471687e0" classname="org.springframework.web.servlet.mvc.method.RequestMappingInfoHandlerMappingTests" time="0.001"/>
  <testcase name="[2] mapping=org.springframework.web.servlet.mvc.method.RequestMappingInfoHandlerMappingTests$TestRequestMappingInfoHandlerMapping@40be96b4" classname="org.springframework.web.servlet.mvc.method.RequestMappingInfoHandlerMappingTests" time="0.001"/>
  <testcase name="[1] mapping=org.springframework.web.servlet.mvc.method.RequestMappingInfoHandlerMappingTests$TestRequestMappingInfoHandlerMapping@3ff3d850" classname="org.springframework.web.servlet.mvc.method.RequestMappingInfoHandlerMappingTests" time="0.0"/>
  <testcase name="[2] mapping=org.springframework.web.servlet.mvc.method.RequestMappingInfoHandlerMappingTests$TestRequestMappingInfoHandlerMapping@1c7ce7f2" classname="org.springframework.web.servlet.mvc.method.RequestMappingInfoHandlerMappingTests" time="0.0"/>
  <testcase name="[1] mapping=org.springframework.web.servlet.mvc.method.RequestMappingInfoHandlerMappingTests$TestRequestMappingInfoHandlerMapping@2f1c6e60" classname="org.springframework.web.servlet.mvc.method.RequestMappingInfoHandlerMappingTests" time="0.001"/>
  <testcase name="[2] mapping=org.springframework.web.servlet.mvc.method.RequestMappingInfoHandlerMappingTests$TestRequestMappingInfoHandlerMapping@62aa7bc3" classname="org.springframework.web.servlet.mvc.method.RequestMappingInfoHandlerMappingTests" time="0.0"/>
  <testcase name="[1] mapping=org.springframework.web.servlet.mvc.method.RequestMappingInfoHandlerMappingTests$TestRequestMappingInfoHandlerMapping@40de80f0" classname="org.springframework.web.servlet.mvc.method.RequestMappingInfoHandlerMappingTests" time="0.001"/>
  <testcase name="[2] mapping=org.springframework.web.servlet.mvc.method.RequestMappingInfoHandlerMappingTests$TestRequestMappingInfoHandlerMapping@1affe292" classname="org.springframework.web.servlet.mvc.method.RequestMappingInfoHandlerMappingTests" time="0.001"/>
  <testcase name="[1] mapping=org.springframework.web.servlet.mvc.method.RequestMappingInfoHandlerMappingTests$TestRequestMappingInfoHandlerMapping@41f62b81" classname="org.springframework.web.servlet.mvc.method.RequestMappingInfoHandlerMappingTests" time="0.001"/>
  <testcase name="[2] mapping=org.springframework.web.servlet.mvc.method.RequestMappingInfoHandlerMappingTests$TestRequestMappingInfoHandlerMapping@5236272c" classname="org.springframework.web.servlet.mvc.method.RequestMappingInfoHandlerMappingTests" time="0.0"/>
  <testcase name="[1] mapping=org.springframework.web.servlet.mvc.method.RequestMappingInfoHandlerMappingTests$TestRequestMappingInfoHandlerMapping@1d80aa9e" classname="org.springframework.web.servlet.mvc.method.RequestMappingInfoHandlerMappingTests" time="0.001"/>
  <testcase name="[2] mapping=org.springframework.web.servlet.mvc.method.RequestMappingInfoHandlerMappingTests$TestRequestMappingInfoHandlerMapping@30f5dc62" classname="org.springframework.web.servlet.mvc.method.RequestMappingInfoHandlerMappingTests" time="0.001"/>
  <testcase name="[1] mapping=org.springframework.web.servlet.mvc.method.RequestMappingInfoHandlerMappingTests$TestRequestMappingInfoHandlerMapping@1e0751d2" classname="org.springframework.web.servlet.mvc.method.RequestMappingInfoHandlerMappingTests" time="0.0"/>
  <testcase name="[2] mapping=org.springframework.web.servlet.mvc.method.RequestMappingInfoHandlerMappingTests$TestRequestMappingInfoHandlerMapping@550e56b3" classname="org.springframework.web.servlet.mvc.method.RequestMappingInfoHandlerMappingTests" time="0.0"/>
  <testcase name="[1] mapping=org.springframework.web.servlet.mvc.method.RequestMappingInfoHandlerMappingTests$TestRequestMappingInfoHandlerMapping@e13ca2e" classname="org.springframework.web.servlet.mvc.method.RequestMappingInfoHandlerMappingTests" time="0.001"/>
  <testcase name="[2] mapping=org.springframework.web.servlet.mvc.method.RequestMappingInfoHandlerMappingTests$TestRequestMappingInfoHandlerMapping@558eddcb" classname="org.springframework.web.servlet.mvc.method.RequestMappingInfoHandlerMappingTests" time="0.001"/>
  <testcase name="[1] mapping=org.springframework.web.servlet.mvc.method.RequestMappingInfoHandlerMappingTests$TestRequestMappingInfoHandlerMapping@4bd62b37" classname="org.springframework.web.servlet.mvc.method.RequestMappingInfoHandlerMappingTests" time="0.001"/>
  <testcase name="[2] mapping=org.springframework.web.servlet.mvc.method.RequestMappingInfoHandlerMappingTests$TestRequestMappingInfoHandlerMapping@4c02e402" classname="org.springframework.web.servlet.mvc.method.RequestMappingInfoHandlerMappingTests" time="0.0"/>
  <testcase name="getHandlerMappedInterceptors()" classname="org.springframework.web.servlet.mvc.method.RequestMappingInfoHandlerMappingTests" time="0.001"/>
  <testcase name="[1] mapping=org.springframework.web.servlet.mvc.method.RequestMappingInfoHandlerMappingTests$TestRequestMappingInfoHandlerMapping@6a9033ee" classname="org.springframework.web.servlet.mvc.method.RequestMappingInfoHandlerMappingTests" time="0.001"/>
  <testcase name="[2] mapping=org.springframework.web.servlet.mvc.method.RequestMappingInfoHandlerMappingTests$TestRequestMappingInfoHandlerMapping@7f283df3" classname="org.springframework.web.servlet.mvc.method.RequestMappingInfoHandlerMappingTests" time="0.0"/>
  <testcase name="[1] mapping=org.springframework.web.servlet.mvc.method.RequestMappingInfoHandlerMappingTests$TestRequestMappingInfoHandlerMapping@5fd28179" classname="org.springframework.web.servlet.mvc.method.RequestMappingInfoHandlerMappingTests" time="0.001"/>
  <testcase name="[2] mapping=org.springframework.web.servlet.mvc.method.RequestMappingInfoHandlerMappingTests$TestRequestMappingInfoHandlerMapping@7a647a36" classname="org.springframework.web.servlet.mvc.method.RequestMappingInfoHandlerMappingTests" time="0.001"/>
  <system-out><![CDATA[]]></system-out>
  <system-err><![CDATA[]]></system-err>
</testsuite>
