<?xml version="1.0" encoding="UTF-8"?>
<testsuite name="org.springframework.web.servlet.mvc.method.annotation.SessionAttributeMethodArgumentResolverTests" tests="5" skipped="0" failures="0" errors="0" timestamp="2021-05-01T09:33:26" hostname="wangweilideMBP.lan" time="0.003">
  <properties/>
  <testcase name="resolveOptional()" classname="org.springframework.web.servlet.mvc.method.annotation.SessionAttributeMethodArgumentResolverTests" time="0.001"/>
  <testcase name="resolve()" classname="org.springframework.web.servlet.mvc.method.annotation.SessionAttributeMethodArgumentResolverTests" time="0.001"/>
  <testcase name="resolveNotRequired()" classname="org.springframework.web.servlet.mvc.method.annotation.SessionAttributeMethodArgumentResolverTests" time="0.0"/>
  <testcase name="resolveWithName()" classname="org.springframework.web.servlet.mvc.method.annotation.SessionAttributeMethodArgumentResolverTests" time="0.0"/>
  <testcase name="supportsParameter()" classname="org.springframework.web.servlet.mvc.method.annotation.SessionAttributeMethodArgumentResolverTests" time="0.0"/>
  <system-out><![CDATA[]]></system-out>
  <system-err><![CDATA[]]></system-err>
</testsuite>
