<?xml version="1.0" encoding="UTF-8"?>
<testsuite name="org.springframework.web.servlet.handler.PathMatchingUrlHandlerMappingTests" tests="8" skipped="0" failures="0" errors="0" timestamp="2021-04-26T07:41:01" hostname="wangweilideMacBook-Pro.local" time="0.1">
  <properties/>
  <testcase name="[1] mapping=org.springframework.web.servlet.handler.SimpleUrlHandlerMapping@3ec7127f, wac=Root WebApplicationContext, started on Mon Apr 26 15:41:01 CST 2021" classname="org.springframework.web.servlet.handler.PathMatchingUrlHandlerMappingTests" time="0.001"/>
  <testcase name="[2] mapping=org.springframework.web.servlet.handler.SimpleUrlHandlerMapping@73096022, wac=Root WebApplicationContext, started on Mon Apr 26 15:41:01 CST 2021" classname="org.springframework.web.servlet.handler.PathMatchingUrlHandlerMappingTests" time="0.001"/>
  <testcase name="[1] mapping=org.springframework.web.servlet.handler.SimpleUrlHandlerMapping@636e22b, wac=Root WebApplicationContext, started on Mon Apr 26 15:41:01 CST 2021" classname="org.springframework.web.servlet.handler.PathMatchingUrlHandlerMappingTests" time="0.005"/>
  <testcase name="[2] mapping=org.springframework.web.servlet.handler.SimpleUrlHandlerMapping@67772b7, wac=Root WebApplicationContext, started on Mon Apr 26 15:41:01 CST 2021" classname="org.springframework.web.servlet.handler.PathMatchingUrlHandlerMappingTests" time="0.01"/>
  <testcase name="[1] mapping=org.springframework.web.servlet.handler.SimpleUrlHandlerMapping@4663be5e, wac=Root WebApplicationContext, started on Mon Apr 26 15:41:01 CST 2021" classname="org.springframework.web.servlet.handler.PathMatchingUrlHandlerMappingTests" time="0.001"/>
  <testcase name="[2] mapping=org.springframework.web.servlet.handler.SimpleUrlHandlerMapping@149b7977, wac=Root WebApplicationContext, started on Mon Apr 26 15:41:01 CST 2021" classname="org.springframework.web.servlet.handler.PathMatchingUrlHandlerMappingTests" time="0.001"/>
  <testcase name="[1] mapping=org.springframework.web.servlet.handler.SimpleUrlHandlerMapping@660474c7, wac=Root WebApplicationContext, started on Mon Apr 26 15:41:01 CST 2021" classname="org.springframework.web.servlet.handler.PathMatchingUrlHandlerMappingTests" time="0.001"/>
  <testcase name="[2] mapping=org.springframework.web.servlet.handler.SimpleUrlHandlerMapping@4ede6a96, wac=Root WebApplicationContext, started on Mon Apr 26 15:41:01 CST 2021" classname="org.springframework.web.servlet.handler.PathMatchingUrlHandlerMappingTests" time="0.001"/>
  <system-out><![CDATA[]]></system-out>
  <system-err><![CDATA[]]></system-err>
</testsuite>
