<?xml version="1.0" encoding="UTF-8"?>
<testsuite name="org.springframework.web.servlet.config.AnnotationDrivenBeanDefinitionParserTests" tests="7" skipped="0" failures="0" errors="0" timestamp="2021-05-09T12:41:55" hostname="wangweilidembp" time="1.035">
  <properties/>
  <testcase name="testMessageConvertersWithoutDefaultRegistrations()" classname="org.springframework.web.servlet.config.AnnotationDrivenBeanDefinitionParserTests" time="0.103"/>
  <testcase name="testMessageCodesResolver()" classname="org.springframework.web.servlet.config.AnnotationDrivenBeanDefinitionParserTests" time="0.185"/>
  <testcase name="testPathMatchingConfiguration()" classname="org.springframework.web.servlet.config.AnnotationDrivenBeanDefinitionParserTests" time="0.153"/>
  <testcase name="beanNameUrlHandlerMapping()" classname="org.springframework.web.servlet.config.AnnotationDrivenBeanDefinitionParserTests" time="0.147"/>
  <testcase name="testMessageConverters()" classname="org.springframework.web.servlet.config.AnnotationDrivenBeanDefinitionParserTests" time="0.145"/>
  <testcase name="testArgumentResolvers()" classname="org.springframework.web.servlet.config.AnnotationDrivenBeanDefinitionParserTests" time="0.146"/>
  <testcase name="testReturnValueHandlers()" classname="org.springframework.web.servlet.config.AnnotationDrivenBeanDefinitionParserTests" time="0.155"/>
  <system-out><![CDATA[]]></system-out>
  <system-err><![CDATA[]]></system-err>
</testsuite>
