<?xml version="1.0" encoding="UTF-8"?>
<testsuite name="org.springframework.web.servlet.mvc.annotation.ResponseStatusExceptionResolverTests" tests="9" skipped="0" failures="0" errors="0" timestamp="2021-05-01T09:33:10" hostname="wangweilideMBP.lan" time="0.164">
  <properties/>
  <testcase name="statusCodeAndReason()" classname="org.springframework.web.servlet.mvc.annotation.ResponseStatusExceptionResolverTests" time="0.04"/>
  <testcase name="statusCodeAndReasonMessage()" classname="org.springframework.web.servlet.mvc.annotation.ResponseStatusExceptionResolverTests" time="0.08"/>
  <testcase name="responseStatusExceptionWithReason()" classname="org.springframework.web.servlet.mvc.annotation.ResponseStatusExceptionResolverTests" time="0.002"/>
  <testcase name="responseStatusException()" classname="org.springframework.web.servlet.mvc.annotation.ResponseStatusExceptionResolverTests" time="0.001"/>
  <testcase name="responseStatusExceptionWithHeaders()" classname="org.springframework.web.servlet.mvc.annotation.ResponseStatusExceptionResolverTests" time="0.002"/>
  <testcase name="statusCode()" classname="org.springframework.web.servlet.mvc.annotation.ResponseStatusExceptionResolverTests" time="0.001"/>
  <testcase name="statusCodeFromComposedResponseStatus()" classname="org.springframework.web.servlet.mvc.annotation.ResponseStatusExceptionResolverTests" time="0.004"/>
  <testcase name="nestedException()" classname="org.springframework.web.servlet.mvc.annotation.ResponseStatusExceptionResolverTests" time="0.002"/>
  <testcase name="notAnnotated()" classname="org.springframework.web.servlet.mvc.annotation.ResponseStatusExceptionResolverTests" time="0.0"/>
  <system-out><![CDATA[17:33:10.701 [Test worker] WARN  o.s.w.s.m.a.ResponseStatusExceptionResolver - Resolved [org.springframework.web.servlet.mvc.annotation.ResponseStatusExceptionResolverTests$StatusCodeAndReasonException]
17:33:10.801 [Test worker] WARN  o.s.w.s.m.a.ResponseStatusExceptionResolver - Resolved [org.springframework.web.servlet.mvc.annotation.ResponseStatusExceptionResolverTests$StatusCodeAndReasonMessageException]
17:33:10.804 [Test worker] WARN  o.s.w.s.m.a.ResponseStatusExceptionResolver - Resolved [org.springframework.web.server.ResponseStatusException: 400 BAD_REQUEST "The reason"]
17:33:10.806 [Test worker] WARN  o.s.w.s.m.a.ResponseStatusExceptionResolver - Resolved [org.springframework.web.server.ResponseStatusException: 400 BAD_REQUEST]
17:33:10.808 [Test worker] WARN  o.s.w.s.m.a.ResponseStatusExceptionResolver - Resolved [org.springframework.web.server.MethodNotAllowedException: 405 METHOD_NOT_ALLOWED "Request method 'GET' not supported"]
17:33:10.810 [Test worker] WARN  o.s.w.s.m.a.ResponseStatusExceptionResolver - Resolved [org.springframework.web.servlet.mvc.annotation.ResponseStatusExceptionResolverTests$StatusCodeException]
17:33:10.837 [Test worker] WARN  o.s.w.s.m.a.ResponseStatusExceptionResolver - Resolved [org.springframework.web.servlet.mvc.annotation.ResponseStatusExceptionResolverTests$StatusCodeFromComposedResponseStatusException]
17:33:10.843 [Test worker] WARN  o.s.w.s.m.a.ResponseStatusExceptionResolver - Resolved [org.springframework.beans.TypeMismatchException: Failed to convert value of type 'java.lang.String' to required type 'org.springframework.beans.testfixture.beans.ITestBean'; nested exception is org.springframework.web.servlet.mvc.annotation.ResponseStatusExceptionResolverTests$StatusCodeAndReasonMessageException]
]]></system-out>
  <system-err><![CDATA[]]></system-err>
</testsuite>
