<?xml version="1.0" encoding="UTF-8"?>
<testsuite name="org.springframework.web.servlet.mvc.method.RequestMappingInfoTests" tests="15" skipped="0" failures="0" errors="0" timestamp="2021-04-26T07:41:04" hostname="wangweilideMacBook-Pro.local" time="0.022">
  <properties/>
  <testcase name="preFlightRequest()" classname="org.springframework.web.servlet.mvc.method.RequestMappingInfoTests" time="0.001"/>
  <testcase name="matchParamsCondition()" classname="org.springframework.web.servlet.mvc.method.RequestMappingInfoTests" time="0.001"/>
  <testcase name="[1] builder=org.springframework.web.servlet.mvc.method.RequestMappingInfo$DefaultBuilder@3a12d3ed" classname="org.springframework.web.servlet.mvc.method.RequestMappingInfoTests" time="0.001"/>
  <testcase name="[2] builder=org.springframework.web.servlet.mvc.method.RequestMappingInfo$DefaultBuilder@451f43eb" classname="org.springframework.web.servlet.mvc.method.RequestMappingInfoTests" time="0.001"/>
  <testcase name="matchCustomCondition()" classname="org.springframework.web.servlet.mvc.method.RequestMappingInfoTests" time="0.0"/>
  <testcase name="[1] infoBuilder=org.springframework.web.servlet.mvc.method.RequestMappingInfo$DefaultBuilder@5460a97a" classname="org.springframework.web.servlet.mvc.method.RequestMappingInfoTests" time="0.005"/>
  <testcase name="[2] infoBuilder=org.springframework.web.servlet.mvc.method.RequestMappingInfo$DefaultBuilder@29061227" classname="org.springframework.web.servlet.mvc.method.RequestMappingInfoTests" time="0.001"/>
  <testcase name="mutate()" classname="org.springframework.web.servlet.mvc.method.RequestMappingInfoTests" time="0.001"/>
  <testcase name="[1] infoBuilder=org.springframework.web.servlet.mvc.method.RequestMappingInfo$DefaultBuilder@6b627f45" classname="org.springframework.web.servlet.mvc.method.RequestMappingInfoTests" time="0.0"/>
  <testcase name="[2] infoBuilder=org.springframework.web.servlet.mvc.method.RequestMappingInfo$DefaultBuilder@726ccf24" classname="org.springframework.web.servlet.mvc.method.RequestMappingInfoTests" time="0.0"/>
  <testcase name="compareToWithImpicitVsExplicitHttpMethodDeclaration()" classname="org.springframework.web.servlet.mvc.method.RequestMappingInfoTests" time="0.001"/>
  <testcase name="matchProducesCondition()" classname="org.springframework.web.servlet.mvc.method.RequestMappingInfoTests" time="0.0"/>
  <testcase name="matchHeadersCondition()" classname="org.springframework.web.servlet.mvc.method.RequestMappingInfoTests" time="0.001"/>
  <testcase name="compareToWithHttpHeadMapping()" classname="org.springframework.web.servlet.mvc.method.RequestMappingInfoTests" time="0.001"/>
  <testcase name="matchConsumesCondition()" classname="org.springframework.web.servlet.mvc.method.RequestMappingInfoTests" time="0.0"/>
  <system-out><![CDATA[]]></system-out>
  <system-err><![CDATA[]]></system-err>
</testsuite>
