<?xml version="1.0" encoding="UTF-8"?>
<testsuite name="org.springframework.web.servlet.handler.HandlerMappingTests" tests="3" skipped="0" failures="0" errors="0" timestamp="2021-05-01T09:33:07" hostname="wangweilideMBP.lan" time="0.017">
  <properties/>
  <testcase name="abstractHandlerMappingEnsuresCachedLookupPath()" classname="org.springframework.web.servlet.handler.HandlerMappingTests" time="0.004"/>
  <testcase name="[1] mapping=org.springframework.web.servlet.handler.HandlerMappingTests$TestHandlerMapping@26866c0d, requestFactory=org.springframework.web.servlet.handler.PathPatternsTestUtils$$Lambda$552/1215411934@310a0489" classname="org.springframework.web.servlet.handler.HandlerMappingTests" time="0.001"/>
  <testcase name="[2] mapping=org.springframework.web.servlet.handler.HandlerMappingTests$TestHandlerMapping@4c6caa3a, requestFactory=org.springframework.web.servlet.handler.PathPatternsTestUtils$$Lambda$553/587426784@599f41be" classname="org.springframework.web.servlet.handler.HandlerMappingTests" time="0.001"/>
  <system-out><![CDATA[]]></system-out>
  <system-err><![CDATA[]]></system-err>
</testsuite>
