<?xml version="1.0" encoding="UTF-8"?>
<testsuite name="org.springframework.web.servlet.function.PathResourceLookupFunctionTests" tests="4" skipped="0" failures="0" errors="0" timestamp="2021-04-26T07:41:29" hostname="wangweilideMacBook-Pro.local" time="0.009">
  <properties/>
  <testcase name="subPath()" classname="org.springframework.web.servlet.function.PathResourceLookupFunctionTests" time="0.006"/>
  <testcase name="normal()" classname="org.springframework.web.servlet.function.PathResourceLookupFunctionTests" time="0.001"/>
  <testcase name="composeResourceLookupFunction()" classname="org.springframework.web.servlet.function.PathResourceLookupFunctionTests" time="0.001"/>
  <testcase name="notFound()" classname="org.springframework.web.servlet.function.PathResourceLookupFunctionTests" time="0.0"/>
  <system-out><![CDATA[]]></system-out>
  <system-err><![CDATA[]]></system-err>
</testsuite>
