<?xml version="1.0" encoding="UTF-8"?>
<testsuite name="org.springframework.web.servlet.mvc.method.annotation.ResponseEntityExceptionHandlerTests" tests="21" skipped="0" failures="0" errors="0" timestamp="2021-04-26T07:41:13" hostname="wangweilideMacBook-Pro.local" time="0.144">
  <properties/>
  <testcase name="controllerAdviceWithNestedException()" classname="org.springframework.web.servlet.mvc.method.annotation.ResponseEntityExceptionHandlerTests" time="0.008"/>
  <testcase name="httpMessageNotWritable()" classname="org.springframework.web.servlet.mvc.method.annotation.ResponseEntityExceptionHandlerTests" time="0.0"/>
  <testcase name="noHandlerFoundException()" classname="org.springframework.web.servlet.mvc.method.annotation.ResponseEntityExceptionHandlerTests" time="0.0"/>
  <testcase name="bindException()" classname="org.springframework.web.servlet.mvc.method.annotation.ResponseEntityExceptionHandlerTests" time="0.001"/>
  <testcase name="httpRequestMethodNotSupported()" classname="org.springframework.web.servlet.mvc.method.annotation.ResponseEntityExceptionHandlerTests" time="0.0"/>
  <testcase name="missingServletRequestPart()" classname="org.springframework.web.servlet.mvc.method.annotation.ResponseEntityExceptionHandlerTests" time="0.001"/>
  <testcase name="httpMessageNotReadable()" classname="org.springframework.web.servlet.mvc.method.annotation.ResponseEntityExceptionHandlerTests" time="0.0"/>
  <testcase name="controllerAdvice()" classname="org.springframework.web.servlet.mvc.method.annotation.ResponseEntityExceptionHandlerTests" time="0.006"/>
  <testcase name="conversionNotSupported()" classname="org.springframework.web.servlet.mvc.method.annotation.ResponseEntityExceptionHandlerTests" time="0.0"/>
  <testcase name="typeMismatch()" classname="org.springframework.web.servlet.mvc.method.annotation.ResponseEntityExceptionHandlerTests" time="0.001"/>
  <testcase name="patchHttpMediaTypeNotSupported()" classname="org.springframework.web.servlet.mvc.method.annotation.ResponseEntityExceptionHandlerTests" time="0.0"/>
  <testcase name="supportsAllDefaultHandlerExceptionResolverExceptionTypes()" classname="org.springframework.web.servlet.mvc.method.annotation.ResponseEntityExceptionHandlerTests" time="0.0"/>
  <testcase name="missingPathVariable()" classname="org.springframework.web.servlet.mvc.method.annotation.ResponseEntityExceptionHandlerTests" time="0.001"/>
  <testcase name="servletRequestBindingException()" classname="org.springframework.web.servlet.mvc.method.annotation.ResponseEntityExceptionHandlerTests" time="0.0"/>
  <testcase name="controllerAdviceWithinDispatcherServlet()" classname="org.springframework.web.servlet.mvc.method.annotation.ResponseEntityExceptionHandlerTests" time="0.026"/>
  <testcase name="controllerAdviceWithNestedExceptionWithinDispatcherServlet()" classname="org.springframework.web.servlet.mvc.method.annotation.ResponseEntityExceptionHandlerTests" time="0.019"/>
  <testcase name="httpMediaTypeNotAcceptable()" classname="org.springframework.web.servlet.mvc.method.annotation.ResponseEntityExceptionHandlerTests" time="0.0"/>
  <testcase name="methodArgumentNotValid()" classname="org.springframework.web.servlet.mvc.method.annotation.ResponseEntityExceptionHandlerTests" time="0.079"/>
  <testcase name="asyncRequestTimeoutException()" classname="org.springframework.web.servlet.mvc.method.annotation.ResponseEntityExceptionHandlerTests" time="0.0"/>
  <testcase name="missingServletRequestParameter()" classname="org.springframework.web.servlet.mvc.method.annotation.ResponseEntityExceptionHandlerTests" time="0.001"/>
  <testcase name="handleHttpMediaTypeNotSupported()" classname="org.springframework.web.servlet.mvc.method.annotation.ResponseEntityExceptionHandlerTests" time="0.0"/>
  <system-out><![CDATA[15:41:13.686 [Test worker] WARN  o.s.w.s.m.s.DefaultHandlerExceptionResolver - Resolved [org.springframework.http.converter.HttpMessageNotWritableException: ]
15:41:13.686 [Test worker] WARN  o.s.w.s.PageNotFound - No handler found for GET /resource
15:41:13.686 [Test worker] WARN  o.s.w.s.m.s.DefaultHandlerExceptionResolver - Resolved [org.springframework.web.servlet.NoHandlerFoundException: No handler found for GET /resource]
15:41:13.686 [Test worker] WARN  o.s.w.s.m.s.DefaultHandlerExceptionResolver - Resolved [org.springframework.validation.BindException: org.springframework.validation.BeanPropertyBindingResult: 0 errors]
15:41:13.687 [Test worker] WARN  o.s.w.s.PageNotFound - Request method 'GET' not supported
15:41:13.687 [Test worker] WARN  o.s.w.s.m.s.DefaultHandlerExceptionResolver - Resolved [org.springframework.web.HttpRequestMethodNotSupportedException: Request method 'GET' not supported]
15:41:13.687 [Test worker] WARN  o.s.w.s.m.s.DefaultHandlerExceptionResolver - Resolved [org.springframework.web.multipart.support.MissingServletRequestPartException: Required request part 'partName' is not present]
15:41:13.687 [Test worker] WARN  o.s.w.s.m.s.DefaultHandlerExceptionResolver - Resolved [org.springframework.http.converter.HttpMessageNotReadableException: message]
15:41:13.694 [Test worker] WARN  o.s.w.s.m.s.DefaultHandlerExceptionResolver - Resolved [org.springframework.beans.ConversionNotSupportedException: Failed to convert value of type 'java.lang.Object' to required type 'java.lang.Object']
15:41:13.694 [Test worker] WARN  o.s.w.s.m.s.DefaultHandlerExceptionResolver - Resolved [org.springframework.beans.TypeMismatchException: Failed to convert value of type 'java.lang.String' to required type 'java.lang.String']
15:41:13.695 [Test worker] WARN  o.s.w.s.m.s.DefaultHandlerExceptionResolver - Resolved [org.springframework.web.HttpMediaTypeNotSupportedException: Content type 'application/json' not supported]
15:41:13.696 [Test worker] WARN  o.s.w.s.m.s.DefaultHandlerExceptionResolver - Resolved [org.springframework.web.bind.MissingPathVariableException: Required URI template variable 'param' for method parameter type String is not present]
15:41:13.697 [Test worker] WARN  o.s.w.s.m.s.DefaultHandlerExceptionResolver - Resolved [org.springframework.web.bind.ServletRequestBindingException: message]
15:41:13.742 [Test worker] WARN  o.s.w.s.m.s.DefaultHandlerExceptionResolver - Resolved [org.springframework.web.HttpMediaTypeNotAcceptableException: ]
15:41:13.820 [Test worker] WARN  o.s.w.s.m.s.DefaultHandlerExceptionResolver - Resolved [Mock for MethodArgumentNotValidException, hashCode: 642610937]
15:41:13.821 [Test worker] WARN  o.s.w.s.m.s.DefaultHandlerExceptionResolver - Resolved [org.springframework.web.context.request.async.AsyncRequestTimeoutException]
15:41:13.821 [Test worker] WARN  o.s.w.s.m.s.DefaultHandlerExceptionResolver - Resolved [org.springframework.web.bind.MissingServletRequestParameterException: Required request parameter 'param' for method parameter type type is not present]
15:41:13.822 [Test worker] WARN  o.s.w.s.m.s.DefaultHandlerExceptionResolver - Resolved [org.springframework.web.HttpMediaTypeNotSupportedException: Content type 'application/json' not supported]
]]></system-out>
  <system-err><![CDATA[]]></system-err>
</testsuite>
