<?xml version="1.0" encoding="UTF-8"?>
<testsuite name="org.springframework.web.servlet.mvc.method.annotation.RequestResponseBodyAdviceChainTests" tests="4" skipped="0" failures="0" errors="0" timestamp="2021-05-09T12:41:39" hostname="wangweilidembp" time="0.055">
  <properties/>
  <testcase name="controllerAdviceNotApplicable()" classname="org.springframework.web.servlet.mvc.method.annotation.RequestResponseBodyAdviceChainTests" time="0.006"/>
  <testcase name="controllerAdvice()" classname="org.springframework.web.servlet.mvc.method.annotation.RequestResponseBodyAdviceChainTests" time="0.001"/>
  <testcase name="responseBodyAdvice()" classname="org.springframework.web.servlet.mvc.method.annotation.RequestResponseBodyAdviceChainTests" time="0.043"/>
  <testcase name="requestBodyAdvice()" classname="org.springframework.web.servlet.mvc.method.annotation.RequestResponseBodyAdviceChainTests" time="0.005"/>
  <system-out><![CDATA[]]></system-out>
  <system-err><![CDATA[]]></system-err>
</testsuite>
