<?xml version="1.0" encoding="UTF-8"?>
<testsuite name="org.springframework.web.servlet.mvc.method.annotation.CrossOriginTests" tests="44" skipped="0" failures="0" errors="0" timestamp="2021-05-01T09:33:26" hostname="wangweilideMBP.lan" time="0.104">
  <properties/>
  <testcase name="[1] mapping=org.springframework.web.servlet.mvc.method.annotation.CrossOriginTests$TestRequestMappingInfoHandlerMapping@13e6587e" classname="org.springframework.web.servlet.mvc.method.annotation.CrossOriginTests" time="0.004"/>
  <testcase name="[2] mapping=org.springframework.web.servlet.mvc.method.annotation.CrossOriginTests$TestRequestMappingInfoHandlerMapping@c6510c" classname="org.springframework.web.servlet.mvc.method.annotation.CrossOriginTests" time="0.003"/>
  <testcase name="[1] mapping=org.springframework.web.servlet.mvc.method.annotation.CrossOriginTests$TestRequestMappingInfoHandlerMapping@3d6db650" classname="org.springframework.web.servlet.mvc.method.annotation.CrossOriginTests" time="0.002"/>
  <testcase name="[2] mapping=org.springframework.web.servlet.mvc.method.annotation.CrossOriginTests$TestRequestMappingInfoHandlerMapping@3270180d" classname="org.springframework.web.servlet.mvc.method.annotation.CrossOriginTests" time="0.001"/>
  <testcase name="[1] mapping=org.springframework.web.servlet.mvc.method.annotation.CrossOriginTests$TestRequestMappingInfoHandlerMapping@781685c9" classname="org.springframework.web.servlet.mvc.method.annotation.CrossOriginTests" time="0.002"/>
  <testcase name="[2] mapping=org.springframework.web.servlet.mvc.method.annotation.CrossOriginTests$TestRequestMappingInfoHandlerMapping@4d9a59b4" classname="org.springframework.web.servlet.mvc.method.annotation.CrossOriginTests" time="0.001"/>
  <testcase name="[1] mapping=org.springframework.web.servlet.mvc.method.annotation.CrossOriginTests$TestRequestMappingInfoHandlerMapping@50b8ef20" classname="org.springframework.web.servlet.mvc.method.annotation.CrossOriginTests" time="0.002"/>
  <testcase name="[2] mapping=org.springframework.web.servlet.mvc.method.annotation.CrossOriginTests$TestRequestMappingInfoHandlerMapping@210de858" classname="org.springframework.web.servlet.mvc.method.annotation.CrossOriginTests" time="0.001"/>
  <testcase name="[1] mapping=org.springframework.web.servlet.mvc.method.annotation.CrossOriginTests$TestRequestMappingInfoHandlerMapping@48304915" classname="org.springframework.web.servlet.mvc.method.annotation.CrossOriginTests" time="0.002"/>
  <testcase name="[2] mapping=org.springframework.web.servlet.mvc.method.annotation.CrossOriginTests$TestRequestMappingInfoHandlerMapping@718eacef" classname="org.springframework.web.servlet.mvc.method.annotation.CrossOriginTests" time="0.001"/>
  <testcase name="[1] mapping=org.springframework.web.servlet.mvc.method.annotation.CrossOriginTests$TestRequestMappingInfoHandlerMapping@3f40367" classname="org.springframework.web.servlet.mvc.method.annotation.CrossOriginTests" time="0.002"/>
  <testcase name="[2] mapping=org.springframework.web.servlet.mvc.method.annotation.CrossOriginTests$TestRequestMappingInfoHandlerMapping@3c2bdb1a" classname="org.springframework.web.servlet.mvc.method.annotation.CrossOriginTests" time="0.001"/>
  <testcase name="[1] mapping=org.springframework.web.servlet.mvc.method.annotation.CrossOriginTests$TestRequestMappingInfoHandlerMapping@18ff5c9f" classname="org.springframework.web.servlet.mvc.method.annotation.CrossOriginTests" time="0.002"/>
  <testcase name="[2] mapping=org.springframework.web.servlet.mvc.method.annotation.CrossOriginTests$TestRequestMappingInfoHandlerMapping@405a4be" classname="org.springframework.web.servlet.mvc.method.annotation.CrossOriginTests" time="0.001"/>
  <testcase name="[1] mapping=org.springframework.web.servlet.mvc.method.annotation.CrossOriginTests$TestRequestMappingInfoHandlerMapping@7786a930" classname="org.springframework.web.servlet.mvc.method.annotation.CrossOriginTests" time="0.003"/>
  <testcase name="[2] mapping=org.springframework.web.servlet.mvc.method.annotation.CrossOriginTests$TestRequestMappingInfoHandlerMapping@5c1dc524" classname="org.springframework.web.servlet.mvc.method.annotation.CrossOriginTests" time="0.001"/>
  <testcase name="[1] mapping=org.springframework.web.servlet.mvc.method.annotation.CrossOriginTests$TestRequestMappingInfoHandlerMapping@7a41b2c9" classname="org.springframework.web.servlet.mvc.method.annotation.CrossOriginTests" time="0.002"/>
  <testcase name="[2] mapping=org.springframework.web.servlet.mvc.method.annotation.CrossOriginTests$TestRequestMappingInfoHandlerMapping@6498c5a7" classname="org.springframework.web.servlet.mvc.method.annotation.CrossOriginTests" time="0.001"/>
  <testcase name="[1] mapping=org.springframework.web.servlet.mvc.method.annotation.CrossOriginTests$TestRequestMappingInfoHandlerMapping@6210ec8c" classname="org.springframework.web.servlet.mvc.method.annotation.CrossOriginTests" time="0.002"/>
  <testcase name="[2] mapping=org.springframework.web.servlet.mvc.method.annotation.CrossOriginTests$TestRequestMappingInfoHandlerMapping@40a81654" classname="org.springframework.web.servlet.mvc.method.annotation.CrossOriginTests" time="0.001"/>
  <testcase name="[1] mapping=org.springframework.web.servlet.mvc.method.annotation.CrossOriginTests$TestRequestMappingInfoHandlerMapping@63e88305" classname="org.springframework.web.servlet.mvc.method.annotation.CrossOriginTests" time="0.001"/>
  <testcase name="[2] mapping=org.springframework.web.servlet.mvc.method.annotation.CrossOriginTests$TestRequestMappingInfoHandlerMapping@67cfae63" classname="org.springframework.web.servlet.mvc.method.annotation.CrossOriginTests" time="0.001"/>
  <testcase name="[1] mapping=org.springframework.web.servlet.mvc.method.annotation.CrossOriginTests$TestRequestMappingInfoHandlerMapping@446223a9" classname="org.springframework.web.servlet.mvc.method.annotation.CrossOriginTests" time="0.001"/>
  <testcase name="[2] mapping=org.springframework.web.servlet.mvc.method.annotation.CrossOriginTests$TestRequestMappingInfoHandlerMapping@6ed0691e" classname="org.springframework.web.servlet.mvc.method.annotation.CrossOriginTests" time="0.0"/>
  <testcase name="[1] mapping=org.springframework.web.servlet.mvc.method.annotation.CrossOriginTests$TestRequestMappingInfoHandlerMapping@1103228b" classname="org.springframework.web.servlet.mvc.method.annotation.CrossOriginTests" time="0.002"/>
  <testcase name="[2] mapping=org.springframework.web.servlet.mvc.method.annotation.CrossOriginTests$TestRequestMappingInfoHandlerMapping@35abd557" classname="org.springframework.web.servlet.mvc.method.annotation.CrossOriginTests" time="0.001"/>
  <testcase name="[1] mapping=org.springframework.web.servlet.mvc.method.annotation.CrossOriginTests$TestRequestMappingInfoHandlerMapping@32991b9a" classname="org.springframework.web.servlet.mvc.method.annotation.CrossOriginTests" time="0.002"/>
  <testcase name="[2] mapping=org.springframework.web.servlet.mvc.method.annotation.CrossOriginTests$TestRequestMappingInfoHandlerMapping@b907195" classname="org.springframework.web.servlet.mvc.method.annotation.CrossOriginTests" time="0.002"/>
  <testcase name="[1] mapping=org.springframework.web.servlet.mvc.method.annotation.CrossOriginTests$TestRequestMappingInfoHandlerMapping@1a93feb9" classname="org.springframework.web.servlet.mvc.method.annotation.CrossOriginTests" time="0.002"/>
  <testcase name="[2] mapping=org.springframework.web.servlet.mvc.method.annotation.CrossOriginTests$TestRequestMappingInfoHandlerMapping@3f1fdbf" classname="org.springframework.web.servlet.mvc.method.annotation.CrossOriginTests" time="0.0"/>
  <testcase name="[1] mapping=org.springframework.web.servlet.mvc.method.annotation.CrossOriginTests$TestRequestMappingInfoHandlerMapping@286d4355" classname="org.springframework.web.servlet.mvc.method.annotation.CrossOriginTests" time="0.001"/>
  <testcase name="[2] mapping=org.springframework.web.servlet.mvc.method.annotation.CrossOriginTests$TestRequestMappingInfoHandlerMapping@39bf6916" classname="org.springframework.web.servlet.mvc.method.annotation.CrossOriginTests" time="0.0"/>
  <testcase name="[1] mapping=org.springframework.web.servlet.mvc.method.annotation.CrossOriginTests$TestRequestMappingInfoHandlerMapping@6483c16f" classname="org.springframework.web.servlet.mvc.method.annotation.CrossOriginTests" time="0.001"/>
  <testcase name="[2] mapping=org.springframework.web.servlet.mvc.method.annotation.CrossOriginTests$TestRequestMappingInfoHandlerMapping@63b9795d" classname="org.springframework.web.servlet.mvc.method.annotation.CrossOriginTests" time="0.001"/>
  <testcase name="[1] mapping=org.springframework.web.servlet.mvc.method.annotation.CrossOriginTests$TestRequestMappingInfoHandlerMapping@44601c38" classname="org.springframework.web.servlet.mvc.method.annotation.CrossOriginTests" time="0.001"/>
  <testcase name="[2] mapping=org.springframework.web.servlet.mvc.method.annotation.CrossOriginTests$TestRequestMappingInfoHandlerMapping@6e0387e2" classname="org.springframework.web.servlet.mvc.method.annotation.CrossOriginTests" time="0.001"/>
  <testcase name="[1] mapping=org.springframework.web.servlet.mvc.method.annotation.CrossOriginTests$TestRequestMappingInfoHandlerMapping@6ae27ed3" classname="org.springframework.web.servlet.mvc.method.annotation.CrossOriginTests" time="0.002"/>
  <testcase name="[2] mapping=org.springframework.web.servlet.mvc.method.annotation.CrossOriginTests$TestRequestMappingInfoHandlerMapping@41052b37" classname="org.springframework.web.servlet.mvc.method.annotation.CrossOriginTests" time="0.001"/>
  <testcase name="[1] mapping=org.springframework.web.servlet.mvc.method.annotation.CrossOriginTests$TestRequestMappingInfoHandlerMapping@1b81eb1f" classname="org.springframework.web.servlet.mvc.method.annotation.CrossOriginTests" time="0.001"/>
  <testcase name="[2] mapping=org.springframework.web.servlet.mvc.method.annotation.CrossOriginTests$TestRequestMappingInfoHandlerMapping@570927e9" classname="org.springframework.web.servlet.mvc.method.annotation.CrossOriginTests" time="0.002"/>
  <testcase name="[1] mapping=org.springframework.web.servlet.mvc.method.annotation.CrossOriginTests$TestRequestMappingInfoHandlerMapping@173b6361" classname="org.springframework.web.servlet.mvc.method.annotation.CrossOriginTests" time="0.002"/>
  <testcase name="[2] mapping=org.springframework.web.servlet.mvc.method.annotation.CrossOriginTests$TestRequestMappingInfoHandlerMapping@1756a58c" classname="org.springframework.web.servlet.mvc.method.annotation.CrossOriginTests" time="0.0"/>
  <testcase name="[1] mapping=org.springframework.web.servlet.mvc.method.annotation.CrossOriginTests$TestRequestMappingInfoHandlerMapping@51f0424f" classname="org.springframework.web.servlet.mvc.method.annotation.CrossOriginTests" time="0.001"/>
  <testcase name="[2] mapping=org.springframework.web.servlet.mvc.method.annotation.CrossOriginTests$TestRequestMappingInfoHandlerMapping@458d145d" classname="org.springframework.web.servlet.mvc.method.annotation.CrossOriginTests" time="0.001"/>
  <system-out><![CDATA[]]></system-out>
  <system-err><![CDATA[]]></system-err>
</testsuite>
