<?xml version="1.0" encoding="UTF-8"?>
<testsuite name="org.springframework.web.servlet.resource.ResourceHttpRequestHandlerTests" tests="40" skipped="0" failures="0" errors="0" timestamp="2021-05-01T09:34:06" hostname="wangweilideMBP.lan" time="0.139">
  <properties/>
  <testcase name="partialContentWithHttpHead()" classname="org.springframework.web.servlet.resource.ResourceHttpRequestHandlerTests" time="0.003"/>
  <testcase name="getResourceNoCache()" classname="org.springframework.web.servlet.resource.ResourceHttpRequestHandlerTests" time="0.003"/>
  <testcase name="getResourceFromAlternatePath()" classname="org.springframework.web.servlet.resource.ResourceHttpRequestHandlerTests" time="0.005"/>
  <testcase name="servletContextRootValidation()" classname="org.springframework.web.servlet.resource.ResourceHttpRequestHandlerTests" time="0.002"/>
  <testcase name="missingResourcePath()" classname="org.springframework.web.servlet.resource.ResourceHttpRequestHandlerTests" time="0.0"/>
  <testcase name="ignoreInvalidEscapeSequence()" classname="org.springframework.web.servlet.resource.ResourceHttpRequestHandlerTests" time="0.001"/>
  <testcase name="partialContentMultipleByteRanges()" classname="org.springframework.web.servlet.resource.ResourceHttpRequestHandlerTests" time="0.003"/>
  <testcase name="getResourceWithMediaTypeResolvedThroughServletContext()" classname="org.springframework.web.servlet.resource.ResourceHttpRequestHandlerTests" time="0.002"/>
  <testcase name="testInvalidPath()" classname="org.springframework.web.servlet.resource.ResourceHttpRequestHandlerTests" time="0.003"/>
  <testcase name="partialContentByteRange()" classname="org.springframework.web.servlet.resource.ResourceHttpRequestHandlerTests" time="0.002"/>
  <testcase name="getResourceFromSubDirectoryOfAlternatePath()" classname="org.springframework.web.servlet.resource.ResourceHttpRequestHandlerTests" time="0.002"/>
  <testcase name="getResourceHttpOptions()" classname="org.springframework.web.servlet.resource.ResourceHttpRequestHandlerTests" time="0.001"/>
  <testcase name="directory()" classname="org.springframework.web.servlet.resource.ResourceHttpRequestHandlerTests" time="0.001"/>
  <testcase name="modified()" classname="org.springframework.web.servlet.resource.ResourceHttpRequestHandlerTests" time="0.001"/>
  <testcase name="partialContentByteRangeNoEnd()" classname="org.springframework.web.servlet.resource.ResourceHttpRequestHandlerTests" time="0.001"/>
  <testcase name="resourceNotFound()" classname="org.springframework.web.servlet.resource.ResourceHttpRequestHandlerTests" time="0.007"/>
  <testcase name="unsupportedHttpMethod()" classname="org.springframework.web.servlet.resource.ResourceHttpRequestHandlerTests" time="0.001"/>
  <testcase name="notModified()" classname="org.springframework.web.servlet.resource.ResourceHttpRequestHandlerTests" time="0.001"/>
  <testcase name="processPath()" classname="org.springframework.web.servlet.resource.ResourceHttpRequestHandlerTests" time="0.0"/>
  <testcase name="partialContentSuffixRange()" classname="org.springframework.web.servlet.resource.ResourceHttpRequestHandlerTests" time="0.002"/>
  <testcase name="doOverwriteExistingCacheControlHeaders()" classname="org.springframework.web.servlet.resource.ResourceHttpRequestHandlerTests" time="0.002"/>
  <testcase name="ignoreLastModified()" classname="org.springframework.web.servlet.resource.ResourceHttpRequestHandlerTests" time="0.001"/>
  <testcase name="getResourceWithHtmlMediaType()" classname="org.springframework.web.servlet.resource.ResourceHttpRequestHandlerTests" time="0.003"/>
  <testcase name="partialContentInvalidRangeHeader()" classname="org.springframework.web.servlet.resource.ResourceHttpRequestHandlerTests" time="0.001"/>
  <testcase name="directoryInJarFile()" classname="org.springframework.web.servlet.resource.ResourceHttpRequestHandlerTests" time="0.002"/>
  <testcase name="initAllowedLocationsWithExplicitConfiguration()" classname="org.springframework.web.servlet.resource.ResourceHttpRequestHandlerTests" time="0.0"/>
  <testcase name="resolvePathWithTraversal()" classname="org.springframework.web.servlet.resource.ResourceHttpRequestHandlerTests" time="0.053"/>
  <testcase name="getMediaTypeWithFavorPathExtensionOff()" classname="org.springframework.web.servlet.resource.ResourceHttpRequestHandlerTests" time="0.001"/>
  <testcase name="getResourceHttp10BehaviorNoCache()" classname="org.springframework.web.servlet.resource.ResourceHttpRequestHandlerTests" time="0.003"/>
  <testcase name="partialContentSuffixRangeLargeSuffix()" classname="org.springframework.web.servlet.resource.ResourceHttpRequestHandlerTests" time="0.001"/>
  <testcase name="noPathWithinHandlerMappingAttribute()" classname="org.springframework.web.servlet.resource.ResourceHttpRequestHandlerTests" time="0.001"/>
  <testcase name="partialContentByteRangeLargeEnd()" classname="org.springframework.web.servlet.resource.ResourceHttpRequestHandlerTests" time="0.001"/>
  <testcase name="getResourceFromSubDirectory()" classname="org.springframework.web.servlet.resource.ResourceHttpRequestHandlerTests" time="0.002"/>
  <testcase name="getVersionedResource()" classname="org.springframework.web.servlet.resource.ResourceHttpRequestHandlerTests" time="0.004"/>
  <testcase name="initAllowedLocations()" classname="org.springframework.web.servlet.resource.ResourceHttpRequestHandlerTests" time="0.0"/>
  <testcase name="getResource()" classname="org.springframework.web.servlet.resource.ResourceHttpRequestHandlerTests" time="0.002"/>
  <testcase name="getResourceWithRegisteredMediaType()" classname="org.springframework.web.servlet.resource.ResourceHttpRequestHandlerTests" time="0.004"/>
  <testcase name="getResourceHttp10BehaviorCache()" classname="org.springframework.web.servlet.resource.ResourceHttpRequestHandlerTests" time="0.002"/>
  <testcase name="partialContentByteRangeWithEncodedResource(GzippedFiles)" classname="org.springframework.web.servlet.resource.ResourceHttpRequestHandlerTests" time="0.004"/>
  <testcase name="getResourceHttpHeader()" classname="org.springframework.web.servlet.resource.ResourceHttpRequestHandlerTests" time="0.002"/>
  <system-out><![CDATA[17:34:06.150 [Test worker] WARN  o.s.w.s.r.ResourceHttpRequestHandler - Path contains "../" after call to StringUtils#cleanPath: [../testsecret/secret.txt]
17:34:06.150 [Test worker] WARN  o.s.w.s.r.ResourceHttpRequestHandler - Path contains "../" after call to StringUtils#cleanPath: [test/../../testsecret/secret.txt]
17:34:06.151 [Test worker] WARN  o.s.w.s.r.ResourceHttpRequestHandler - Path contains "../" after call to StringUtils#cleanPath: [:/../../testsecret/secret.txt]
17:34:06.151 [Test worker] WARN  o.s.w.s.r.ResourceHttpRequestHandler - Path represents URL or has "url:" prefix: [file:/Users/wangweili/Documents/MyDesign/learning/msb-source/msb-spring/spring-webmvc/build/resources/test/org/springframework/web/servlet/resource/testsecret/secret.txt]
17:34:06.151 [Test worker] WARN  o.s.w.s.r.ResourceHttpRequestHandler - Path represents URL or has "url:" prefix: [/file:/Users/wangweili/Documents/MyDesign/learning/msb-source/msb-spring/spring-webmvc/build/resources/test/org/springframework/web/servlet/resource/testsecret/secret.txt]
17:34:06.152 [Test worker] WARN  o.s.w.s.r.ResourceHttpRequestHandler - Path represents URL or has "url:" prefix: [url:/Users/wangweili/Documents/MyDesign/learning/msb-source/msb-spring/spring-webmvc/build/resources/test/org/springframework/web/servlet/resource/testsecret/secret.txt]
17:34:06.152 [Test worker] WARN  o.s.w.s.r.ResourceHttpRequestHandler - Path represents URL or has "url:" prefix: [/url:/Users/wangweili/Documents/MyDesign/learning/msb-source/msb-spring/spring-webmvc/build/resources/test/org/springframework/web/servlet/resource/testsecret/secret.txt]
17:34:06.152 [Test worker] WARN  o.s.w.s.r.ResourceHttpRequestHandler - Path contains "../" after call to StringUtils#cleanPath: [/../../Users/wangweili/Documents/MyDesign/learning/msb-source/msb-spring/spring-webmvc/build/resources/test/org/springframework/web/servlet/resource/testsecret/secret.txt]
17:34:06.152 [Test worker] WARN  o.s.w.s.r.ResourceHttpRequestHandler - Path contains "../" after call to StringUtils#cleanPath: [/../testsecret/secret.txt]
17:34:06.152 [Test worker] WARN  o.s.w.s.r.ResourceHttpRequestHandler - Path contains "../" after call to StringUtils#cleanPath: [/../testsecret/secret.txt]
17:34:06.152 [Test worker] WARN  o.s.w.s.r.ResourceHttpRequestHandler - Path contains "../" after call to StringUtils#cleanPath: [/../../Users/wangweili/Documents/MyDesign/learning/msb-source/msb-spring/spring-webmvc/build/resources/test/org/springframework/web/servlet/resource/testsecret/secret.txt]
17:34:06.185 [Test worker] WARN  o.s.w.s.r.ResourceHttpRequestHandler - Path contains "../" after call to StringUtils#cleanPath: [../testsecret/secret.txt]
17:34:06.185 [Test worker] WARN  o.s.w.s.r.ResourceHttpRequestHandler - Path contains "../" after call to StringUtils#cleanPath: [test/../../testsecret/secret.txt]
17:34:06.185 [Test worker] WARN  o.s.w.s.r.ResourceHttpRequestHandler - Path contains "../" after call to StringUtils#cleanPath: [:/../../testsecret/secret.txt]
17:34:06.185 [Test worker] WARN  o.s.w.s.r.ResourceHttpRequestHandler - Path represents URL or has "url:" prefix: [file:/Users/wangweili/Documents/MyDesign/learning/msb-source/msb-spring/spring-webmvc/build/resources/test/org/springframework/web/servlet/resource/testsecret/secret.txt]
17:34:06.186 [Test worker] WARN  o.s.w.s.r.ResourceHttpRequestHandler - Path represents URL or has "url:" prefix: [/file:/Users/wangweili/Documents/MyDesign/learning/msb-source/msb-spring/spring-webmvc/build/resources/test/org/springframework/web/servlet/resource/testsecret/secret.txt]
17:34:06.186 [Test worker] WARN  o.s.w.s.r.ResourceHttpRequestHandler - Path represents URL or has "url:" prefix: [url:/Users/wangweili/Documents/MyDesign/learning/msb-source/msb-spring/spring-webmvc/build/resources/test/org/springframework/web/servlet/resource/testsecret/secret.txt]
17:34:06.186 [Test worker] WARN  o.s.w.s.r.ResourceHttpRequestHandler - Path represents URL or has "url:" prefix: [/url:/Users/wangweili/Documents/MyDesign/learning/msb-source/msb-spring/spring-webmvc/build/resources/test/org/springframework/web/servlet/resource/testsecret/secret.txt]
17:34:06.201 [Test worker] WARN  o.s.w.s.r.ResourceHttpRequestHandler - Path contains "../" after call to StringUtils#cleanPath: [/../../Users/wangweili/Documents/MyDesign/learning/msb-source/msb-spring/spring-webmvc/build/resources/test/org/springframework/web/servlet/resource/testsecret/secret.txt]
17:34:06.201 [Test worker] WARN  o.s.w.s.r.ResourceHttpRequestHandler - Path contains "../" after call to StringUtils#cleanPath: [/../testsecret/secret.txt]
17:34:06.201 [Test worker] WARN  o.s.w.s.r.ResourceHttpRequestHandler - Path contains "../" after call to StringUtils#cleanPath: [/../testsecret/secret.txt]
17:34:06.203 [Test worker] WARN  o.s.w.s.r.ResourceHttpRequestHandler - Path contains "../" after call to StringUtils#cleanPath: [../testsecret/secret.txt]
17:34:06.203 [Test worker] WARN  o.s.w.s.r.ResourceHttpRequestHandler - Path contains "../" after call to StringUtils#cleanPath: [test/../../testsecret/secret.txt]
17:34:06.203 [Test worker] WARN  o.s.w.s.r.ResourceHttpRequestHandler - Path contains "../" after call to StringUtils#cleanPath: [:/../../testsecret/secret.txt]
17:34:06.203 [Test worker] WARN  o.s.w.s.r.ResourceHttpRequestHandler - Path represents URL or has "url:" prefix: [file:/Users/wangweili/Documents/MyDesign/learning/msb-source/msb-spring/spring-webmvc/build/resources/test/org/springframework/web/servlet/resource/testsecret/secret.txt]
17:34:06.204 [Test worker] WARN  o.s.w.s.r.ResourceHttpRequestHandler - Path represents URL or has "url:" prefix: [/file:/Users/wangweili/Documents/MyDesign/learning/msb-source/msb-spring/spring-webmvc/build/resources/test/org/springframework/web/servlet/resource/testsecret/secret.txt]
17:34:06.204 [Test worker] WARN  o.s.w.s.r.ResourceHttpRequestHandler - Path represents URL or has "url:" prefix: [url:/Users/wangweili/Documents/MyDesign/learning/msb-source/msb-spring/spring-webmvc/build/resources/test/org/springframework/web/servlet/resource/testsecret/secret.txt]
17:34:06.204 [Test worker] WARN  o.s.w.s.r.ResourceHttpRequestHandler - Path represents URL or has "url:" prefix: [/url:/Users/wangweili/Documents/MyDesign/learning/msb-source/msb-spring/spring-webmvc/build/resources/test/org/springframework/web/servlet/resource/testsecret/secret.txt]
17:34:06.206 [Test worker] WARN  o.s.w.s.r.ResourceHttpRequestHandler - Path contains "../" after call to StringUtils#cleanPath: [/../../Users/wangweili/Documents/MyDesign/learning/msb-source/msb-spring/spring-webmvc/build/resources/test/org/springframework/web/servlet/resource/testsecret/secret.txt]
17:34:06.206 [Test worker] WARN  o.s.w.s.r.ResourceHttpRequestHandler - Path contains "../" after call to StringUtils#cleanPath: [/../testsecret/secret.txt]
17:34:06.206 [Test worker] WARN  o.s.w.s.r.ResourceHttpRequestHandler - Path contains "../" after call to StringUtils#cleanPath: [/../testsecret/secret.txt]
17:34:06.208 [Test worker] WARN  o.s.w.s.r.ResourceHttpRequestHandler - Path contains "../" after call to StringUtils#cleanPath: [../testsecret/secret.txt]
17:34:06.208 [Test worker] WARN  o.s.w.s.r.ResourceHttpRequestHandler - Path contains "../" after call to StringUtils#cleanPath: [test/../../testsecret/secret.txt]
17:34:06.209 [Test worker] WARN  o.s.w.s.r.ResourceHttpRequestHandler - Path contains "../" after call to StringUtils#cleanPath: [:/../../testsecret/secret.txt]
17:34:06.209 [Test worker] WARN  o.s.w.s.r.ResourceHttpRequestHandler - Path represents URL or has "url:" prefix: [file:/Users/wangweili/Documents/MyDesign/learning/msb-source/msb-spring/spring-webmvc/build/resources/test/org/springframework/web/servlet/resource/testsecret/secret.txt]
17:34:06.209 [Test worker] WARN  o.s.w.s.r.ResourceHttpRequestHandler - Path represents URL or has "url:" prefix: [/file:/Users/wangweili/Documents/MyDesign/learning/msb-source/msb-spring/spring-webmvc/build/resources/test/org/springframework/web/servlet/resource/testsecret/secret.txt]
17:34:06.209 [Test worker] WARN  o.s.w.s.r.ResourceHttpRequestHandler - Path represents URL or has "url:" prefix: [url:/Users/wangweili/Documents/MyDesign/learning/msb-source/msb-spring/spring-webmvc/build/resources/test/org/springframework/web/servlet/resource/testsecret/secret.txt]
17:34:06.210 [Test worker] WARN  o.s.w.s.r.ResourceHttpRequestHandler - Path represents URL or has "url:" prefix: [/url:/Users/wangweili/Documents/MyDesign/learning/msb-source/msb-spring/spring-webmvc/build/resources/test/org/springframework/web/servlet/resource/testsecret/secret.txt]
17:34:06.212 [Test worker] WARN  o.s.w.s.r.ResourceHttpRequestHandler - Path contains "../" after call to StringUtils#cleanPath: [/../../Users/wangweili/Documents/MyDesign/learning/msb-source/msb-spring/spring-webmvc/build/resources/test/org/springframework/web/servlet/resource/testsecret/secret.txt]
17:34:06.212 [Test worker] WARN  o.s.w.s.r.ResourceHttpRequestHandler - Path contains "../" after call to StringUtils#cleanPath: [/../testsecret/secret.txt]
17:34:06.212 [Test worker] WARN  o.s.w.s.r.ResourceHttpRequestHandler - Path contains "../" after call to StringUtils#cleanPath: [/../testsecret/secret.txt]
17:34:06.214 [Test worker] WARN  o.s.w.s.r.ResourceHttpRequestHandler - Path contains "../" after call to StringUtils#cleanPath: [../testsecret/secret.txt]
17:34:06.214 [Test worker] WARN  o.s.w.s.r.ResourceHttpRequestHandler - Path contains "../" after call to StringUtils#cleanPath: [test/../../testsecret/secret.txt]
17:34:06.214 [Test worker] WARN  o.s.w.s.r.ResourceHttpRequestHandler - Path contains "../" after call to StringUtils#cleanPath: [:/../../testsecret/secret.txt]
17:34:06.215 [Test worker] WARN  o.s.w.s.r.ResourceHttpRequestHandler - Path represents URL or has "url:" prefix: [file:/Users/wangweili/Documents/MyDesign/learning/msb-source/msb-spring/spring-webmvc/build/resources/test/org/springframework/web/servlet/resource/testsecret/secret.txt]
17:34:06.215 [Test worker] WARN  o.s.w.s.r.ResourceHttpRequestHandler - Path represents URL or has "url:" prefix: [/file:/Users/wangweili/Documents/MyDesign/learning/msb-source/msb-spring/spring-webmvc/build/resources/test/org/springframework/web/servlet/resource/testsecret/secret.txt]
17:34:06.215 [Test worker] WARN  o.s.w.s.r.ResourceHttpRequestHandler - Path represents URL or has "url:" prefix: [url:/Users/wangweili/Documents/MyDesign/learning/msb-source/msb-spring/spring-webmvc/build/resources/test/org/springframework/web/servlet/resource/testsecret/secret.txt]
17:34:06.215 [Test worker] WARN  o.s.w.s.r.ResourceHttpRequestHandler - Path represents URL or has "url:" prefix: [/url:/Users/wangweili/Documents/MyDesign/learning/msb-source/msb-spring/spring-webmvc/build/resources/test/org/springframework/web/servlet/resource/testsecret/secret.txt]
17:34:06.216 [Test worker] WARN  o.s.w.s.r.ResourceHttpRequestHandler - Path contains "../" after call to StringUtils#cleanPath: [/../../Users/wangweili/Documents/MyDesign/learning/msb-source/msb-spring/spring-webmvc/build/resources/test/org/springframework/web/servlet/resource/testsecret/secret.txt]
17:34:06.216 [Test worker] WARN  o.s.w.s.r.ResourceHttpRequestHandler - Path contains "../" after call to StringUtils#cleanPath: [/../testsecret/secret.txt]
17:34:06.217 [Test worker] WARN  o.s.w.s.r.ResourceHttpRequestHandler - Path contains "../" after call to StringUtils#cleanPath: [/../testsecret/secret.txt]
17:34:06.218 [Test worker] WARN  o.s.w.s.r.ResourceHttpRequestHandler - Path contains "../" after call to StringUtils#cleanPath: [../testsecret/secret.txt]
17:34:06.218 [Test worker] WARN  o.s.w.s.r.ResourceHttpRequestHandler - Path contains "../" after call to StringUtils#cleanPath: [test/../../testsecret/secret.txt]
17:34:06.218 [Test worker] WARN  o.s.w.s.r.ResourceHttpRequestHandler - Path contains "../" after call to StringUtils#cleanPath: [:/../../testsecret/secret.txt]
17:34:06.218 [Test worker] WARN  o.s.w.s.r.ResourceHttpRequestHandler - Path represents URL or has "url:" prefix: [file:/Users/wangweili/Documents/MyDesign/learning/msb-source/msb-spring/spring-webmvc/build/resources/test/org/springframework/web/servlet/resource/testsecret/secret.txt]
17:34:06.219 [Test worker] WARN  o.s.w.s.r.ResourceHttpRequestHandler - Path represents URL or has "url:" prefix: [/file:/Users/wangweili/Documents/MyDesign/learning/msb-source/msb-spring/spring-webmvc/build/resources/test/org/springframework/web/servlet/resource/testsecret/secret.txt]
17:34:06.219 [Test worker] WARN  o.s.w.s.r.ResourceHttpRequestHandler - Path represents URL or has "url:" prefix: [url:/Users/wangweili/Documents/MyDesign/learning/msb-source/msb-spring/spring-webmvc/build/resources/test/org/springframework/web/servlet/resource/testsecret/secret.txt]
17:34:06.219 [Test worker] WARN  o.s.w.s.r.ResourceHttpRequestHandler - Path represents URL or has "url:" prefix: [/url:/Users/wangweili/Documents/MyDesign/learning/msb-source/msb-spring/spring-webmvc/build/resources/test/org/springframework/web/servlet/resource/testsecret/secret.txt]
17:34:06.220 [Test worker] WARN  o.s.w.s.r.ResourceHttpRequestHandler - Path contains "../" after call to StringUtils#cleanPath: [/../../Users/wangweili/Documents/MyDesign/learning/msb-source/msb-spring/spring-webmvc/build/resources/test/org/springframework/web/servlet/resource/testsecret/secret.txt]
17:34:06.220 [Test worker] WARN  o.s.w.s.r.ResourceHttpRequestHandler - Path contains "../" after call to StringUtils#cleanPath: [/../testsecret/secret.txt]
17:34:06.221 [Test worker] WARN  o.s.w.s.r.ResourceHttpRequestHandler - Path contains "../" after call to StringUtils#cleanPath: [/../testsecret/secret.txt]
17:34:06.222 [Test worker] WARN  o.s.w.s.r.ResourceHttpRequestHandler - Path contains "../" after call to StringUtils#cleanPath: [../testsecret/secret.txt]
17:34:06.223 [Test worker] WARN  o.s.w.s.r.ResourceHttpRequestHandler - Path contains "../" after call to StringUtils#cleanPath: [test/../../testsecret/secret.txt]
17:34:06.223 [Test worker] WARN  o.s.w.s.r.ResourceHttpRequestHandler - Path contains "../" after call to StringUtils#cleanPath: [:/../../testsecret/secret.txt]
17:34:06.223 [Test worker] WARN  o.s.w.s.r.ResourceHttpRequestHandler - Path represents URL or has "url:" prefix: [file:/Users/wangweili/Documents/MyDesign/learning/msb-source/msb-spring/spring-webmvc/build/resources/test/org/springframework/web/servlet/resource/testsecret/secret.txt]
17:34:06.223 [Test worker] WARN  o.s.w.s.r.ResourceHttpRequestHandler - Path represents URL or has "url:" prefix: [/file:/Users/wangweili/Documents/MyDesign/learning/msb-source/msb-spring/spring-webmvc/build/resources/test/org/springframework/web/servlet/resource/testsecret/secret.txt]
17:34:06.224 [Test worker] WARN  o.s.w.s.r.ResourceHttpRequestHandler - Path represents URL or has "url:" prefix: [url:/Users/wangweili/Documents/MyDesign/learning/msb-source/msb-spring/spring-webmvc/build/resources/test/org/springframework/web/servlet/resource/testsecret/secret.txt]
17:34:06.224 [Test worker] WARN  o.s.w.s.r.ResourceHttpRequestHandler - Path represents URL or has "url:" prefix: [/url:/Users/wangweili/Documents/MyDesign/learning/msb-source/msb-spring/spring-webmvc/build/resources/test/org/springframework/web/servlet/resource/testsecret/secret.txt]
17:34:06.225 [Test worker] WARN  o.s.w.s.r.ResourceHttpRequestHandler - Path contains "../" after call to StringUtils#cleanPath: [/../../Users/wangweili/Documents/MyDesign/learning/msb-source/msb-spring/spring-webmvc/build/resources/test/org/springframework/web/servlet/resource/testsecret/secret.txt]
17:34:06.226 [Test worker] WARN  o.s.w.s.r.ResourceHttpRequestHandler - Path contains "../" after call to StringUtils#cleanPath: [/../testsecret/secret.txt]
17:34:06.226 [Test worker] WARN  o.s.w.s.r.ResourceHttpRequestHandler - Path contains "../" after call to StringUtils#cleanPath: [/../testsecret/secret.txt]
17:34:06.227 [Test worker] WARN  o.s.w.s.r.ResourceHttpRequestHandler - Path contains "../" after call to StringUtils#cleanPath: [../testsecret/secret.txt]
17:34:06.228 [Test worker] WARN  o.s.w.s.r.ResourceHttpRequestHandler - Path contains "../" after call to StringUtils#cleanPath: [test/../../testsecret/secret.txt]
17:34:06.228 [Test worker] WARN  o.s.w.s.r.ResourceHttpRequestHandler - Path contains "../" after call to StringUtils#cleanPath: [:/../../testsecret/secret.txt]
17:34:06.228 [Test worker] WARN  o.s.w.s.r.ResourceHttpRequestHandler - Path represents URL or has "url:" prefix: [file:/Users/wangweili/Documents/MyDesign/learning/msb-source/msb-spring/spring-webmvc/build/resources/test/org/springframework/web/servlet/resource/testsecret/secret.txt]
17:34:06.228 [Test worker] WARN  o.s.w.s.r.ResourceHttpRequestHandler - Path represents URL or has "url:" prefix: [/file:/Users/wangweili/Documents/MyDesign/learning/msb-source/msb-spring/spring-webmvc/build/resources/test/org/springframework/web/servlet/resource/testsecret/secret.txt]
17:34:06.229 [Test worker] WARN  o.s.w.s.r.ResourceHttpRequestHandler - Path represents URL or has "url:" prefix: [url:/Users/wangweili/Documents/MyDesign/learning/msb-source/msb-spring/spring-webmvc/build/resources/test/org/springframework/web/servlet/resource/testsecret/secret.txt]
17:34:06.229 [Test worker] WARN  o.s.w.s.r.ResourceHttpRequestHandler - Path represents URL or has "url:" prefix: [/url:/Users/wangweili/Documents/MyDesign/learning/msb-source/msb-spring/spring-webmvc/build/resources/test/org/springframework/web/servlet/resource/testsecret/secret.txt]
17:34:06.230 [Test worker] WARN  o.s.w.s.r.ResourceHttpRequestHandler - Path contains "../" after call to StringUtils#cleanPath: [/../../Users/wangweili/Documents/MyDesign/learning/msb-source/msb-spring/spring-webmvc/build/resources/test/org/springframework/web/servlet/resource/testsecret/secret.txt]
17:34:06.230 [Test worker] WARN  o.s.w.s.r.ResourceHttpRequestHandler - Path contains "../" after call to StringUtils#cleanPath: [/../testsecret/secret.txt]
17:34:06.231 [Test worker] WARN  o.s.w.s.r.ResourceHttpRequestHandler - Path contains "../" after call to StringUtils#cleanPath: [/../testsecret/secret.txt]
17:34:06.232 [Test worker] WARN  o.s.w.s.r.ResourceHttpRequestHandler - Path contains "../" after call to StringUtils#cleanPath: [../testsecret/secret.txt]
17:34:06.232 [Test worker] WARN  o.s.w.s.r.ResourceHttpRequestHandler - Path contains "../" after call to StringUtils#cleanPath: [test/../../testsecret/secret.txt]
17:34:06.233 [Test worker] WARN  o.s.w.s.r.ResourceHttpRequestHandler - Path contains "../" after call to StringUtils#cleanPath: [:/../../testsecret/secret.txt]
17:34:06.233 [Test worker] WARN  o.s.w.s.r.ResourceHttpRequestHandler - Path represents URL or has "url:" prefix: [file:/Users/wangweili/Documents/MyDesign/learning/msb-source/msb-spring/spring-webmvc/build/resources/test/org/springframework/web/servlet/resource/testsecret/secret.txt]
17:34:06.233 [Test worker] WARN  o.s.w.s.r.ResourceHttpRequestHandler - Path represents URL or has "url:" prefix: [/file:/Users/wangweili/Documents/MyDesign/learning/msb-source/msb-spring/spring-webmvc/build/resources/test/org/springframework/web/servlet/resource/testsecret/secret.txt]
17:34:06.233 [Test worker] WARN  o.s.w.s.r.ResourceHttpRequestHandler - Path represents URL or has "url:" prefix: [url:/Users/wangweili/Documents/MyDesign/learning/msb-source/msb-spring/spring-webmvc/build/resources/test/org/springframework/web/servlet/resource/testsecret/secret.txt]
17:34:06.233 [Test worker] WARN  o.s.w.s.r.ResourceHttpRequestHandler - Path represents URL or has "url:" prefix: [/url:/Users/wangweili/Documents/MyDesign/learning/msb-source/msb-spring/spring-webmvc/build/resources/test/org/springframework/web/servlet/resource/testsecret/secret.txt]
17:34:06.235 [Test worker] WARN  o.s.w.s.r.ResourceHttpRequestHandler - Path contains "../" after call to StringUtils#cleanPath: [/../../Users/wangweili/Documents/MyDesign/learning/msb-source/msb-spring/spring-webmvc/build/resources/test/org/springframework/web/servlet/resource/testsecret/secret.txt]
17:34:06.235 [Test worker] WARN  o.s.w.s.r.ResourceHttpRequestHandler - Path contains "../" after call to StringUtils#cleanPath: [/../testsecret/secret.txt]
17:34:06.236 [Test worker] WARN  o.s.w.s.r.ResourceHttpRequestHandler - Path contains "../" after call to StringUtils#cleanPath: [/../testsecret/secret.txt]
]]></system-out>
  <system-err><![CDATA[]]></system-err>
</testsuite>
