<?xml version="1.0" encoding="UTF-8"?>
<testsuite name="org.springframework.web.servlet.mvc.method.annotation.ResponseEntityExceptionHandlerTests" tests="21" skipped="0" failures="0" errors="0" timestamp="2021-05-09T12:41:41" hostname="wangweilidembp" time="0.277">
  <properties/>
  <testcase name="controllerAdviceWithNestedException()" classname="org.springframework.web.servlet.mvc.method.annotation.ResponseEntityExceptionHandlerTests" time="0.016"/>
  <testcase name="httpMessageNotWritable()" classname="org.springframework.web.servlet.mvc.method.annotation.ResponseEntityExceptionHandlerTests" time="0.0"/>
  <testcase name="noHandlerFoundException()" classname="org.springframework.web.servlet.mvc.method.annotation.ResponseEntityExceptionHandlerTests" time="0.001"/>
  <testcase name="bindException()" classname="org.springframework.web.servlet.mvc.method.annotation.ResponseEntityExceptionHandlerTests" time="0.001"/>
  <testcase name="httpRequestMethodNotSupported()" classname="org.springframework.web.servlet.mvc.method.annotation.ResponseEntityExceptionHandlerTests" time="0.001"/>
  <testcase name="missingServletRequestPart()" classname="org.springframework.web.servlet.mvc.method.annotation.ResponseEntityExceptionHandlerTests" time="0.001"/>
  <testcase name="httpMessageNotReadable()" classname="org.springframework.web.servlet.mvc.method.annotation.ResponseEntityExceptionHandlerTests" time="0.0"/>
  <testcase name="controllerAdvice()" classname="org.springframework.web.servlet.mvc.method.annotation.ResponseEntityExceptionHandlerTests" time="0.021"/>
  <testcase name="conversionNotSupported()" classname="org.springframework.web.servlet.mvc.method.annotation.ResponseEntityExceptionHandlerTests" time="0.0"/>
  <testcase name="typeMismatch()" classname="org.springframework.web.servlet.mvc.method.annotation.ResponseEntityExceptionHandlerTests" time="0.0"/>
  <testcase name="patchHttpMediaTypeNotSupported()" classname="org.springframework.web.servlet.mvc.method.annotation.ResponseEntityExceptionHandlerTests" time="0.001"/>
  <testcase name="supportsAllDefaultHandlerExceptionResolverExceptionTypes()" classname="org.springframework.web.servlet.mvc.method.annotation.ResponseEntityExceptionHandlerTests" time="0.001"/>
  <testcase name="missingPathVariable()" classname="org.springframework.web.servlet.mvc.method.annotation.ResponseEntityExceptionHandlerTests" time="0.001"/>
  <testcase name="servletRequestBindingException()" classname="org.springframework.web.servlet.mvc.method.annotation.ResponseEntityExceptionHandlerTests" time="0.0"/>
  <testcase name="controllerAdviceWithinDispatcherServlet()" classname="org.springframework.web.servlet.mvc.method.annotation.ResponseEntityExceptionHandlerTests" time="0.054"/>
  <testcase name="controllerAdviceWithNestedExceptionWithinDispatcherServlet()" classname="org.springframework.web.servlet.mvc.method.annotation.ResponseEntityExceptionHandlerTests" time="0.038"/>
  <testcase name="httpMediaTypeNotAcceptable()" classname="org.springframework.web.servlet.mvc.method.annotation.ResponseEntityExceptionHandlerTests" time="0.001"/>
  <testcase name="methodArgumentNotValid()" classname="org.springframework.web.servlet.mvc.method.annotation.ResponseEntityExceptionHandlerTests" time="0.133"/>
  <testcase name="asyncRequestTimeoutException()" classname="org.springframework.web.servlet.mvc.method.annotation.ResponseEntityExceptionHandlerTests" time="0.0"/>
  <testcase name="missingServletRequestParameter()" classname="org.springframework.web.servlet.mvc.method.annotation.ResponseEntityExceptionHandlerTests" time="0.001"/>
  <testcase name="handleHttpMediaTypeNotSupported()" classname="org.springframework.web.servlet.mvc.method.annotation.ResponseEntityExceptionHandlerTests" time="0.001"/>
  <system-out><![CDATA[20:41:41.697 [Test worker] WARN  o.s.w.s.m.s.DefaultHandlerExceptionResolver - Resolved [org.springframework.http.converter.HttpMessageNotWritableException: ]
20:41:41.698 [Test worker] WARN  o.s.w.s.PageNotFound - No handler found for GET /resource
20:41:41.698 [Test worker] WARN  o.s.w.s.m.s.DefaultHandlerExceptionResolver - Resolved [org.springframework.web.servlet.NoHandlerFoundException: No handler found for GET /resource]
20:41:41.699 [Test worker] WARN  o.s.w.s.m.s.DefaultHandlerExceptionResolver - Resolved [org.springframework.validation.BindException: org.springframework.validation.BeanPropertyBindingResult: 0 errors]
20:41:41.700 [Test worker] WARN  o.s.w.s.PageNotFound - Request method 'GET' not supported
20:41:41.700 [Test worker] WARN  o.s.w.s.m.s.DefaultHandlerExceptionResolver - Resolved [org.springframework.web.HttpRequestMethodNotSupportedException: Request method 'GET' not supported]
20:41:41.702 [Test worker] WARN  o.s.w.s.m.s.DefaultHandlerExceptionResolver - Resolved [org.springframework.web.multipart.support.MissingServletRequestPartException: Required request part 'partName' is not present]
20:41:41.702 [Test worker] WARN  o.s.w.s.m.s.DefaultHandlerExceptionResolver - Resolved [org.springframework.http.converter.HttpMessageNotReadableException: message]
20:41:41.724 [Test worker] WARN  o.s.w.s.m.s.DefaultHandlerExceptionResolver - Resolved [org.springframework.beans.ConversionNotSupportedException: Failed to convert value of type 'java.lang.Object' to required type 'java.lang.Object']
20:41:41.725 [Test worker] WARN  o.s.w.s.m.s.DefaultHandlerExceptionResolver - Resolved [org.springframework.beans.TypeMismatchException: Failed to convert value of type 'java.lang.String' to required type 'java.lang.String']
20:41:41.726 [Test worker] WARN  o.s.w.s.m.s.DefaultHandlerExceptionResolver - Resolved [org.springframework.web.HttpMediaTypeNotSupportedException: Content type 'application/json' not supported]
20:41:41.728 [Test worker] WARN  o.s.w.s.m.s.DefaultHandlerExceptionResolver - Resolved [org.springframework.web.bind.MissingPathVariableException: Required URI template variable 'param' for method parameter type String is not present]
20:41:41.728 [Test worker] WARN  o.s.w.s.m.s.DefaultHandlerExceptionResolver - Resolved [org.springframework.web.bind.ServletRequestBindingException: message]
20:41:41.821 [Test worker] WARN  o.s.w.s.m.s.DefaultHandlerExceptionResolver - Resolved [org.springframework.web.HttpMediaTypeNotAcceptableException: ]
20:41:41.955 [Test worker] WARN  o.s.w.s.m.s.DefaultHandlerExceptionResolver - Resolved [Mock for MethodArgumentNotValidException, hashCode: 1064108870]
20:41:41.955 [Test worker] WARN  o.s.w.s.m.s.DefaultHandlerExceptionResolver - Resolved [org.springframework.web.context.request.async.AsyncRequestTimeoutException]
20:41:41.956 [Test worker] WARN  o.s.w.s.m.s.DefaultHandlerExceptionResolver - Resolved [org.springframework.web.bind.MissingServletRequestParameterException: Required request parameter 'param' for method parameter type type is not present]
20:41:41.957 [Test worker] WARN  o.s.w.s.m.s.DefaultHandlerExceptionResolver - Resolved [org.springframework.web.HttpMediaTypeNotSupportedException: Content type 'application/json' not supported]
]]></system-out>
  <system-err><![CDATA[]]></system-err>
</testsuite>
