<?xml version="1.0" encoding="UTF-8"?>
<testsuite name="org.springframework.web.servlet.view.script.NashornScriptTemplateTests" tests="2" skipped="0" failures="0" errors="0" timestamp="2021-04-26T07:41:36" hostname="wangweilideMacBook-Pro.local" time="0.414">
  <properties/>
  <testcase name="renderTemplateWithUrl()" classname="org.springframework.web.servlet.view.script.NashornScriptTemplateTests" time="0.321"/>
  <testcase name="renderTemplate()" classname="org.springframework.web.servlet.view.script.NashornScriptTemplateTests" time="0.093"/>
  <system-out><![CDATA[]]></system-out>
  <system-err><![CDATA[Warning: Nashorn engine is planned to be removed from a future JDK release
Warning: Nashorn engine is planned to be removed from a future JDK release
]]></system-err>
</testsuite>
