<?xml version="1.0" encoding="UTF-8"?>
<testsuite name="org.springframework.web.servlet.mvc.UrlFilenameViewControllerTests" tests="26" skipped="0" failures="0" errors="0" timestamp="2021-05-09T12:41:26" hostname="wangweilidembp" time="0.049">
  <properties/>
  <testcase name="[1] requestFactory=org.springframework.web.servlet.handler.PathPatternsTestUtils$$Lambda$643/0x0000000800662c40@57d65b13" classname="org.springframework.web.servlet.mvc.UrlFilenameViewControllerTests" time="0.003"/>
  <testcase name="[2] requestFactory=org.springframework.web.servlet.handler.PathPatternsTestUtils$$Lambda$644/0x0000000800662040@4ed3e33e" classname="org.springframework.web.servlet.mvc.UrlFilenameViewControllerTests" time="0.0"/>
  <testcase name="[1] requestFactory=org.springframework.web.servlet.handler.PathPatternsTestUtils$$Lambda$643/0x0000000800662c40@6e448c65" classname="org.springframework.web.servlet.mvc.UrlFilenameViewControllerTests" time="0.0"/>
  <testcase name="[2] requestFactory=org.springframework.web.servlet.handler.PathPatternsTestUtils$$Lambda$644/0x0000000800662040@6ec33329" classname="org.springframework.web.servlet.mvc.UrlFilenameViewControllerTests" time="0.001"/>
  <testcase name="[1] requestFactory=org.springframework.web.servlet.handler.PathPatternsTestUtils$$Lambda$643/0x0000000800662c40@5405db78" classname="org.springframework.web.servlet.mvc.UrlFilenameViewControllerTests" time="0.001"/>
  <testcase name="[2] requestFactory=org.springframework.web.servlet.handler.PathPatternsTestUtils$$Lambda$644/0x0000000800662040@51e18d5" classname="org.springframework.web.servlet.mvc.UrlFilenameViewControllerTests" time="0.001"/>
  <testcase name="settingSuffixToNullCausesEmptyStringToBeUsed()" classname="org.springframework.web.servlet.mvc.UrlFilenameViewControllerTests" time="0.001"/>
  <testcase name="settingPrefixToNullCausesEmptyStringToBeUsed()" classname="org.springframework.web.servlet.mvc.UrlFilenameViewControllerTests" time="0.0"/>
  <testcase name="[1] requestFactory=org.springframework.web.servlet.handler.PathPatternsTestUtils$$Lambda$643/0x0000000800662c40@4ff39bb7" classname="org.springframework.web.servlet.mvc.UrlFilenameViewControllerTests" time="0.001"/>
  <testcase name="[2] requestFactory=org.springframework.web.servlet.handler.PathPatternsTestUtils$$Lambda$644/0x0000000800662040@38dea31b" classname="org.springframework.web.servlet.mvc.UrlFilenameViewControllerTests" time="0.001"/>
  <testcase name="[1] requestFactory=org.springframework.web.servlet.handler.PathPatternsTestUtils$$Lambda$643/0x0000000800662c40@42fa7163" classname="org.springframework.web.servlet.mvc.UrlFilenameViewControllerTests" time="0.001"/>
  <testcase name="[2] requestFactory=org.springframework.web.servlet.handler.PathPatternsTestUtils$$Lambda$644/0x0000000800662040@37d71159" classname="org.springframework.web.servlet.mvc.UrlFilenameViewControllerTests" time="0.0"/>
  <testcase name="[1] requestFactory=org.springframework.web.servlet.handler.PathPatternsTestUtils$$Lambda$643/0x0000000800662c40@64aa0a37" classname="org.springframework.web.servlet.mvc.UrlFilenameViewControllerTests" time="0.001"/>
  <testcase name="[2] requestFactory=org.springframework.web.servlet.handler.PathPatternsTestUtils$$Lambda$644/0x0000000800662040@2921abc2" classname="org.springframework.web.servlet.mvc.UrlFilenameViewControllerTests" time="0.0"/>
  <testcase name="[1] requestFactory=org.springframework.web.servlet.handler.PathPatternsTestUtils$$Lambda$643/0x0000000800662c40@38c1a6ec" classname="org.springframework.web.servlet.mvc.UrlFilenameViewControllerTests" time="0.001"/>
  <testcase name="[2] requestFactory=org.springframework.web.servlet.handler.PathPatternsTestUtils$$Lambda$644/0x0000000800662040@37932574" classname="org.springframework.web.servlet.mvc.UrlFilenameViewControllerTests" time="0.001"/>
  <testcase name="[1] requestFactory=org.springframework.web.servlet.handler.PathPatternsTestUtils$$Lambda$643/0x0000000800662c40@12c48acb" classname="org.springframework.web.servlet.mvc.UrlFilenameViewControllerTests" time="0.001"/>
  <testcase name="[2] requestFactory=org.springframework.web.servlet.handler.PathPatternsTestUtils$$Lambda$644/0x0000000800662040@3cd2b562" classname="org.springframework.web.servlet.mvc.UrlFilenameViewControllerTests" time="0.0"/>
  <testcase name="[1] requestFactory=org.springframework.web.servlet.handler.PathPatternsTestUtils$$Lambda$643/0x0000000800662c40@5c3e5c89" classname="org.springframework.web.servlet.mvc.UrlFilenameViewControllerTests" time="0.001"/>
  <testcase name="[2] requestFactory=org.springframework.web.servlet.handler.PathPatternsTestUtils$$Lambda$644/0x0000000800662040@46d306b9" classname="org.springframework.web.servlet.mvc.UrlFilenameViewControllerTests" time="0.0"/>
  <testcase name="[1] requestFactory=org.springframework.web.servlet.handler.PathPatternsTestUtils$$Lambda$643/0x0000000800662c40@70775e7a" classname="org.springframework.web.servlet.mvc.UrlFilenameViewControllerTests" time="0.001"/>
  <testcase name="[2] requestFactory=org.springframework.web.servlet.handler.PathPatternsTestUtils$$Lambda$644/0x0000000800662040@59279cb3" classname="org.springframework.web.servlet.mvc.UrlFilenameViewControllerTests" time="0.001"/>
  <testcase name="[1] requestFactory=org.springframework.web.servlet.handler.PathPatternsTestUtils$$Lambda$643/0x0000000800662c40@77d3490a" classname="org.springframework.web.servlet.mvc.UrlFilenameViewControllerTests" time="0.0"/>
  <testcase name="[2] requestFactory=org.springframework.web.servlet.handler.PathPatternsTestUtils$$Lambda$644/0x0000000800662040@296b7f87" classname="org.springframework.web.servlet.mvc.UrlFilenameViewControllerTests" time="0.0"/>
  <testcase name="[1] requestFactory=org.springframework.web.servlet.handler.PathPatternsTestUtils$$Lambda$643/0x0000000800662c40@63a5605e" classname="org.springframework.web.servlet.mvc.UrlFilenameViewControllerTests" time="0.001"/>
  <testcase name="[2] requestFactory=org.springframework.web.servlet.handler.PathPatternsTestUtils$$Lambda$644/0x0000000800662040@682ba9d" classname="org.springframework.web.servlet.mvc.UrlFilenameViewControllerTests" time="0.001"/>
  <system-out><![CDATA[]]></system-out>
  <system-err><![CDATA[]]></system-err>
</testsuite>
