<?xml version="1.0" encoding="UTF-8"?>
<testsuite name="org.springframework.web.servlet.mvc.method.annotation.RequestMappingHandlerMappingTests" tests="19" skipped="0" failures="0" errors="0" timestamp="2021-05-09T12:41:38" hostname="wangweilidembp" time="0.068">
  <properties/>
  <testcase name="getMappingOverridesConsumesFromTypeLevelAnnotation()" classname="org.springframework.web.servlet.mvc.method.annotation.RequestMappingHandlerMappingTests" time="0.002"/>
  <testcase name="patchMapping()" classname="org.springframework.web.servlet.mvc.method.annotation.RequestMappingHandlerMappingTests" time="0.004"/>
  <testcase name="[1] mapping=org.springframework.web.servlet.mvc.method.annotation.RequestMappingHandlerMapping@cdec2f3" classname="org.springframework.web.servlet.mvc.method.annotation.RequestMappingHandlerMappingTests" time="0.003"/>
  <testcase name="[2] mapping=org.springframework.web.servlet.mvc.method.annotation.RequestMappingHandlerMapping@2acebb0d" classname="org.springframework.web.servlet.mvc.method.annotation.RequestMappingHandlerMappingTests" time="0.0"/>
  <testcase name="[1] mapping=org.springframework.web.servlet.mvc.method.annotation.RequestMappingHandlerMapping@efadb8a, wac=Root WebApplicationContext, started on Thu Jan 01 08:00:00 CST 1970" classname="org.springframework.web.servlet.mvc.method.annotation.RequestMappingHandlerMappingTests" time="0.012"/>
  <testcase name="[2] mapping=org.springframework.web.servlet.mvc.method.annotation.RequestMappingHandlerMapping@6cb79bda, wac=Root WebApplicationContext, started on Thu Jan 01 08:00:00 CST 1970" classname="org.springframework.web.servlet.mvc.method.annotation.RequestMappingHandlerMappingTests" time="0.006"/>
  <testcase name="[1] mapping=org.springframework.web.servlet.mvc.method.annotation.RequestMappingHandlerMapping@1a5f6fbe" classname="org.springframework.web.servlet.mvc.method.annotation.RequestMappingHandlerMappingTests" time="0.002"/>
  <testcase name="[2] mapping=org.springframework.web.servlet.mvc.method.annotation.RequestMappingHandlerMapping@2ba127f4" classname="org.springframework.web.servlet.mvc.method.annotation.RequestMappingHandlerMappingTests" time="0.002"/>
  <testcase name="useRegisteredSuffixPatternMatch()" classname="org.springframework.web.servlet.mvc.method.annotation.RequestMappingHandlerMappingTests" time="0.001"/>
  <testcase name="deleteMapping()" classname="org.springframework.web.servlet.mvc.method.annotation.RequestMappingHandlerMappingTests" time="0.001"/>
  <testcase name="[1] mapping=org.springframework.web.servlet.mvc.method.annotation.RequestMappingHandlerMapping@23998ede" classname="org.springframework.web.servlet.mvc.method.annotation.RequestMappingHandlerMappingTests" time="0.004"/>
  <testcase name="[2] mapping=org.springframework.web.servlet.mvc.method.annotation.RequestMappingHandlerMapping@525aced1" classname="org.springframework.web.servlet.mvc.method.annotation.RequestMappingHandlerMappingTests" time="0.001"/>
  <testcase name="useRegisteredSuffixPatternMatchInitialization()" classname="org.springframework.web.servlet.mvc.method.annotation.RequestMappingHandlerMappingTests" time="0.005"/>
  <testcase name="putMapping()" classname="org.springframework.web.servlet.mvc.method.annotation.RequestMappingHandlerMappingTests" time="0.0"/>
  <testcase name="[1] mapping=org.springframework.web.servlet.mvc.method.annotation.RequestMappingHandlerMapping@2dcad0da" classname="org.springframework.web.servlet.mvc.method.annotation.RequestMappingHandlerMappingTests" time="0.008"/>
  <testcase name="[2] mapping=org.springframework.web.servlet.mvc.method.annotation.RequestMappingHandlerMapping@45892de5" classname="org.springframework.web.servlet.mvc.method.annotation.RequestMappingHandlerMappingTests" time="0.0"/>
  <testcase name="postMapping()" classname="org.springframework.web.servlet.mvc.method.annotation.RequestMappingHandlerMappingTests" time="0.001"/>
  <testcase name="getMapping()" classname="org.springframework.web.servlet.mvc.method.annotation.RequestMappingHandlerMappingTests" time="0.0"/>
  <testcase name="suffixPatternMatchSettings()" classname="org.springframework.web.servlet.mvc.method.annotation.RequestMappingHandlerMappingTests" time="0.001"/>
  <system-out><![CDATA[]]></system-out>
  <system-err><![CDATA[]]></system-err>
</testsuite>
