<?xml version="1.0" encoding="UTF-8"?>
<testsuite name="org.springframework.web.servlet.view.freemarker.FreeMarkerConfigurerTests" tests="3" skipped="0" failures="0" errors="0" timestamp="2021-05-09T12:42:01" hostname="wangweilidembp" time="0.006">
  <properties/>
  <testcase name="freeMarkerConfigurerWithResourceLoaderPath()" classname="org.springframework.web.servlet.view.freemarker.FreeMarkerConfigurerTests" time="0.0"/>
  <testcase name="freeMarkerConfigurerWithConfigLocation()" classname="org.springframework.web.servlet.view.freemarker.FreeMarkerConfigurerTests" time="0.003"/>
  <testcase name="freeMarkerConfigurerWithNonFileResourceLoaderPath()" classname="org.springframework.web.servlet.view.freemarker.FreeMarkerConfigurerTests" time="0.003"/>
  <system-out><![CDATA[]]></system-out>
  <system-err><![CDATA[]]></system-err>
</testsuite>
