<?xml version="1.0" encoding="UTF-8"?>
<testsuite name="org.springframework.web.servlet.view.groovy.GroovyMarkupViewTests" tests="10" skipped="0" failures="0" errors="0" timestamp="2021-05-01T09:34:00" hostname="wangweilideMBP.lan" time="1.093">
  <properties/>
  <testcase name="detectTemplateEngine()" classname="org.springframework.web.servlet.view.groovy.GroovyMarkupViewTests" time="0.001"/>
  <testcase name="customTemplateEngine()" classname="org.springframework.web.servlet.view.groovy.GroovyMarkupViewTests" time="0.001"/>
  <testcase name="checkI18nResourceMissingLocale()" classname="org.springframework.web.servlet.view.groovy.GroovyMarkupViewTests" time="0.028"/>
  <testcase name="checkMissingResource()" classname="org.springframework.web.servlet.view.groovy.GroovyMarkupViewTests" time="0.01"/>
  <testcase name="checkI18nResource()" classname="org.springframework.web.servlet.view.groovy.GroovyMarkupViewTests" time="0.009"/>
  <testcase name="renderI18nTemplate()" classname="org.springframework.web.servlet.view.groovy.GroovyMarkupViewTests" time="0.341"/>
  <testcase name="renderLayoutTemplate()" classname="org.springframework.web.servlet.view.groovy.GroovyMarkupViewTests" time="0.386"/>
  <testcase name="renderMarkupTemplate()" classname="org.springframework.web.servlet.view.groovy.GroovyMarkupViewTests" time="0.294"/>
  <testcase name="missingGroovyMarkupConfig()" classname="org.springframework.web.servlet.view.groovy.GroovyMarkupViewTests" time="0.007"/>
  <testcase name="checkResource()" classname="org.springframework.web.servlet.view.groovy.GroovyMarkupViewTests" time="0.008"/>
  <system-out><![CDATA[]]></system-out>
  <system-err><![CDATA[]]></system-err>
</testsuite>
