<?xml version="1.0" encoding="UTF-8"?>
<testsuite name="org.springframework.web.servlet.config.annotation.ResourceHandlerRegistryTests" tests="12" skipped="0" failures="0" errors="0" timestamp="2021-04-26T07:41:16" hostname="wangweilideMacBook-Pro.local" time="1.52">
  <properties/>
  <testcase name="resourceChainWithVersionResolver()" classname="org.springframework.web.servlet.config.annotation.ResourceHandlerRegistryTests" time="0.693"/>
  <testcase name="cacheControl()" classname="org.springframework.web.servlet.config.annotation.ResourceHandlerRegistryTests" time="0.001"/>
  <testcase name="hasMappingForPattern()" classname="org.springframework.web.servlet.config.annotation.ResourceHandlerRegistryTests" time="0.0"/>
  <testcase name="noResourceHandlers()" classname="org.springframework.web.servlet.config.annotation.ResourceHandlerRegistryTests" time="0.001"/>
  <testcase name="lastModifiedDisabled()" classname="org.springframework.web.servlet.config.annotation.ResourceHandlerRegistryTests" time="0.0"/>
  <testcase name="urlResourceWithCharset()" classname="org.springframework.web.servlet.config.annotation.ResourceHandlerRegistryTests" time="0.301"/>
  <testcase name="mapPathToLocation()" classname="org.springframework.web.servlet.config.annotation.ResourceHandlerRegistryTests" time="0.002"/>
  <testcase name="resourceChainWithOverrides()" classname="org.springframework.web.servlet.config.annotation.ResourceHandlerRegistryTests" time="0.059"/>
  <testcase name="order()" classname="org.springframework.web.servlet.config.annotation.ResourceHandlerRegistryTests" time="0.0"/>
  <testcase name="cachePeriod()" classname="org.springframework.web.servlet.config.annotation.ResourceHandlerRegistryTests" time="0.001"/>
  <testcase name="resourceChainWithoutCaching()" classname="org.springframework.web.servlet.config.annotation.ResourceHandlerRegistryTests" time="0.246"/>
  <testcase name="resourceChain()" classname="org.springframework.web.servlet.config.annotation.ResourceHandlerRegistryTests" time="0.213"/>
  <system-out><![CDATA[]]></system-out>
  <system-err><![CDATA[]]></system-err>
</testsuite>
