<?xml version="1.0" encoding="UTF-8"?>
<testsuite name="org.springframework.web.servlet.handler.MappedInterceptorTests" tests="17" skipped="0" failures="0" errors="0" timestamp="2021-05-01T09:33:07" hostname="wangweilideMBP.lan" time="0.69">
  <properties/>
  <testcase name="[1] requestFactory=org.springframework.web.servlet.handler.PathPatternsTestUtils$$Lambda$552/1215411934@3bffa676" classname="org.springframework.web.servlet.handler.MappedInterceptorTests" time="0.0"/>
  <testcase name="[2] requestFactory=org.springframework.web.servlet.handler.PathPatternsTestUtils$$Lambda$553/587426784@3ee00edd" classname="org.springframework.web.servlet.handler.MappedInterceptorTests" time="0.001"/>
  <testcase name="[1] requestFactory=org.springframework.web.servlet.handler.PathPatternsTestUtils$$Lambda$552/1215411934@30d2a62d" classname="org.springframework.web.servlet.handler.MappedInterceptorTests" time="0.0"/>
  <testcase name="[2] requestFactory=org.springframework.web.servlet.handler.PathPatternsTestUtils$$Lambda$553/587426784@14423887" classname="org.springframework.web.servlet.handler.MappedInterceptorTests" time="0.001"/>
  <testcase name="[1] requestFactory=org.springframework.web.servlet.handler.PathPatternsTestUtils$$Lambda$552/1215411934@5248e06f" classname="org.springframework.web.servlet.handler.MappedInterceptorTests" time="0.002"/>
  <testcase name="[2] requestFactory=org.springframework.web.servlet.handler.PathPatternsTestUtils$$Lambda$553/587426784@6ce08a1d" classname="org.springframework.web.servlet.handler.MappedInterceptorTests" time="0.001"/>
  <testcase name="[1] requestFactory=org.springframework.web.servlet.handler.PathPatternsTestUtils$$Lambda$552/1215411934@4926ba62" classname="org.springframework.web.servlet.handler.MappedInterceptorTests" time="0.001"/>
  <testcase name="[2] requestFactory=org.springframework.web.servlet.handler.PathPatternsTestUtils$$Lambda$553/587426784@4ca525c1" classname="org.springframework.web.servlet.handler.MappedInterceptorTests" time="0.001"/>
  <testcase name="afterCompletion()" classname="org.springframework.web.servlet.handler.MappedInterceptorTests" time="0.511"/>
  <testcase name="[1] requestFactory=org.springframework.web.servlet.handler.PathPatternsTestUtils$$Lambda$552/1215411934@43beac37" classname="org.springframework.web.servlet.handler.MappedInterceptorTests" time="0.001"/>
  <testcase name="[2] requestFactory=org.springframework.web.servlet.handler.PathPatternsTestUtils$$Lambda$553/587426784@659a2214" classname="org.springframework.web.servlet.handler.MappedInterceptorTests" time="0.001"/>
  <testcase name="[1] requestFactory=org.springframework.web.servlet.handler.PathPatternsTestUtils$$Lambda$552/1215411934@4e7407d8" classname="org.springframework.web.servlet.handler.MappedInterceptorTests" time="0.001"/>
  <testcase name="[2] requestFactory=org.springframework.web.servlet.handler.PathPatternsTestUtils$$Lambda$553/587426784@7507e943" classname="org.springframework.web.servlet.handler.MappedInterceptorTests" time="0.001"/>
  <testcase name="postHandle()" classname="org.springframework.web.servlet.handler.MappedInterceptorTests" time="0.097"/>
  <testcase name="[1] requestFactory=org.springframework.web.servlet.handler.PathPatternsTestUtils$$Lambda$552/1215411934@5ba24d75" classname="org.springframework.web.servlet.handler.MappedInterceptorTests" time="0.002"/>
  <testcase name="[2] requestFactory=org.springframework.web.servlet.handler.PathPatternsTestUtils$$Lambda$553/587426784@6b08add0" classname="org.springframework.web.servlet.handler.MappedInterceptorTests" time="0.001"/>
  <testcase name="preHandle()" classname="org.springframework.web.servlet.handler.MappedInterceptorTests" time="0.003"/>
  <system-out><![CDATA[]]></system-out>
  <system-err><![CDATA[]]></system-err>
</testsuite>
