<?xml version="1.0" encoding="UTF-8"?>
<testsuite name="org.springframework.web.servlet.function.ServerResponseExtensionsTests" tests="1" skipped="0" failures="0" errors="0" timestamp="2021-04-26T07:41:55" hostname="wangweilideMacBook-Pro.local" time="2.2">
  <properties/>
  <testcase name="bodyWithType()" classname="org.springframework.web.servlet.function.ServerResponseExtensionsTests" time="2.2"/>
  <system-out><![CDATA[]]></system-out>
  <system-err><![CDATA[]]></system-err>
</testsuite>
