<?xml version="1.0" encoding="UTF-8"?>
<testsuite name="org.springframework.web.servlet.mvc.method.annotation.PrincipalMethodArgumentResolverTests" tests="3" skipped="0" failures="0" errors="0" timestamp="2021-05-01T09:33:25" hostname="wangweilideMBP.lan" time="0.001">
  <properties/>
  <testcase name="principal()" classname="org.springframework.web.servlet.mvc.method.annotation.PrincipalMethodArgumentResolverTests" time="0.0"/>
  <testcase name="principalAsNull()" classname="org.springframework.web.servlet.mvc.method.annotation.PrincipalMethodArgumentResolverTests" time="0.0"/>
  <testcase name="annotatedPrincipal()" classname="org.springframework.web.servlet.mvc.method.annotation.PrincipalMethodArgumentResolverTests" time="0.001"/>
  <system-out><![CDATA[]]></system-out>
  <system-err><![CDATA[]]></system-err>
</testsuite>
