<?xml version="1.0" encoding="UTF-8"?>
<testsuite name="org.springframework.web.servlet.tags.ThemeTagTests" tests="2" skipped="0" failures="0" errors="0" timestamp="2021-04-26T07:41:29" hostname="wangweilideMacBook-Pro.local" time="0.015">
  <properties/>
  <testcase name="requestContext()" classname="org.springframework.web.servlet.tags.ThemeTagTests" time="0.009"/>
  <testcase name="themeTag()" classname="org.springframework.web.servlet.tags.ThemeTagTests" time="0.006"/>
  <system-out><![CDATA[]]></system-out>
  <system-err><![CDATA[]]></system-err>
</testsuite>
