<?xml version="1.0" encoding="UTF-8"?>
<testsuite name="org.springframework.web.servlet.view.script.KotlinScriptTemplateTests" tests="3" skipped="0" failures="0" errors="0" timestamp="2021-05-01T09:33:49" hostname="wangweilideMBP.lan" time="9.981">
  <properties/>
  <testcase name="renderTemplateWithFrenchLocale()" classname="org.springframework.web.servlet.view.script.KotlinScriptTemplateTests" time="8.102"/>
  <testcase name="renderTemplateWithoutRenderFunction()" classname="org.springframework.web.servlet.view.script.KotlinScriptTemplateTests" time="0.594"/>
  <testcase name="renderTemplateWithEnglishLocale()" classname="org.springframework.web.servlet.view.script.KotlinScriptTemplateTests" time="1.283"/>
  <system-out><![CDATA[]]></system-out>
  <system-err><![CDATA[]]></system-err>
</testsuite>
