<?xml version="1.0" encoding="UTF-8"?>
<testsuite name="org.springframework.web.servlet.tags.form.ErrorsTagTests" tests="20" skipped="0" failures="0" errors="0" timestamp="2021-05-01T09:33:42" hostname="wangweilideMBP.lan" time="0.162">
  <properties/>
  <testcase name="withErrorsAndCustomElement()" classname="org.springframework.web.servlet.tags.form.ErrorsTagTests" time="0.005"/>
  <testcase name="withExplicitNonWhitespaceBodyContent()" classname="org.springframework.web.servlet.tags.form.ErrorsTagTests" time="0.016"/>
  <testcase name="omittedPathMatchesObjectErrorsOnly()" classname="org.springframework.web.servlet.tags.form.ErrorsTagTests" time="0.005"/>
  <testcase name="withExplicitEmptyWhitespaceBodyContent()" classname="org.springframework.web.servlet.tags.form.ErrorsTagTests" time="0.009"/>
  <testcase name="withoutErrors()" classname="org.springframework.web.servlet.tags.form.ErrorsTagTests" time="0.004"/>
  <testcase name="asBodyTagWithNoErrorsAndExistingMessagesAttributeInPageScopeAreNotClobbered()" classname="org.springframework.web.servlet.tags.form.ErrorsTagTests" time="0.005"/>
  <testcase name="starMatchesAllErrors()" classname="org.springframework.web.servlet.tags.form.ErrorsTagTests" time="0.005"/>
  <testcase name="asBodyTagWithErrorsAndExistingMessagesAttributeInNonPageScopeAreNotClobbered()" classname="org.springframework.web.servlet.tags.form.ErrorsTagTests" time="0.007"/>
  <testcase name="withErrorsAndDynamicAttributes()" classname="org.springframework.web.servlet.tags.form.ErrorsTagTests" time="0.013"/>
  <testcase name="specificPathMatchesSpecificFieldOnly()" classname="org.springframework.web.servlet.tags.form.ErrorsTagTests" time="0.006"/>
  <testcase name="withExplicitWhitespaceBodyContent()" classname="org.springframework.web.servlet.tags.form.ErrorsTagTests" time="0.007"/>
  <testcase name="asBodyTag()" classname="org.springframework.web.servlet.tags.form.ErrorsTagTests" time="0.006"/>
  <testcase name="asBodyTagWithNoErrorsAndExistingMessagesAttributeInRequestScopeAreNotClobbered()" classname="org.springframework.web.servlet.tags.form.ErrorsTagTests" time="0.009"/>
  <testcase name="withoutErrorsInstance()" classname="org.springframework.web.servlet.tags.form.ErrorsTagTests" time="0.004"/>
  <testcase name="asBodyTagWithExistingMessagesAttribute()" classname="org.springframework.web.servlet.tags.form.ErrorsTagTests" time="0.005"/>
  <testcase name="asBodyTagWithNoErrorsAndExistingMessagesAttributeInSessionScopeAreNotClobbered()" classname="org.springframework.web.servlet.tags.form.ErrorsTagTests" time="0.004"/>
  <testcase name="withEscapedErrors()" classname="org.springframework.web.servlet.tags.form.ErrorsTagTests" time="0.006"/>
  <testcase name="withErrors()" classname="org.springframework.web.servlet.tags.form.ErrorsTagTests" time="0.006"/>
  <testcase name="asBodyTagWithNoErrorsAndExistingMessagesAttributeInApplicationScopeAreNotClobbered()" classname="org.springframework.web.servlet.tags.form.ErrorsTagTests" time="0.005"/>
  <testcase name="withNonEscapedErrors()" classname="org.springframework.web.servlet.tags.form.ErrorsTagTests" time="0.009"/>
  <system-out><![CDATA[]]></system-out>
  <system-err><![CDATA[]]></system-err>
</testsuite>
