<?xml version="1.0" encoding="UTF-8"?>
<testsuite name="org.springframework.web.servlet.handler.PathMatchingUrlHandlerMappingTests" tests="8" skipped="0" failures="0" errors="0" timestamp="2021-05-09T12:41:24" hostname="wangweilidembp" time="0.119">
  <properties/>
  <testcase name="[1] mapping=org.springframework.web.servlet.handler.SimpleUrlHandlerMapping@b7773c2, wac=Root WebApplicationContext, started on Sun May 09 20:41:24 CST 2021" classname="org.springframework.web.servlet.handler.PathMatchingUrlHandlerMappingTests" time="0.001"/>
  <testcase name="[2] mapping=org.springframework.web.servlet.handler.SimpleUrlHandlerMapping@1fa8ac5a, wac=Root WebApplicationContext, started on Sun May 09 20:41:24 CST 2021" classname="org.springframework.web.servlet.handler.PathMatchingUrlHandlerMappingTests" time="0.001"/>
  <testcase name="[1] mapping=org.springframework.web.servlet.handler.SimpleUrlHandlerMapping@7839bd5b, wac=Root WebApplicationContext, started on Sun May 09 20:41:24 CST 2021" classname="org.springframework.web.servlet.handler.PathMatchingUrlHandlerMappingTests" time="0.008"/>
  <testcase name="[2] mapping=org.springframework.web.servlet.handler.SimpleUrlHandlerMapping@5d2a5632, wac=Root WebApplicationContext, started on Sun May 09 20:41:24 CST 2021" classname="org.springframework.web.servlet.handler.PathMatchingUrlHandlerMappingTests" time="0.009"/>
  <testcase name="[1] mapping=org.springframework.web.servlet.handler.SimpleUrlHandlerMapping@661555d0, wac=Root WebApplicationContext, started on Sun May 09 20:41:24 CST 2021" classname="org.springframework.web.servlet.handler.PathMatchingUrlHandlerMappingTests" time="0.001"/>
  <testcase name="[2] mapping=org.springframework.web.servlet.handler.SimpleUrlHandlerMapping@6b426ff5, wac=Root WebApplicationContext, started on Sun May 09 20:41:24 CST 2021" classname="org.springframework.web.servlet.handler.PathMatchingUrlHandlerMappingTests" time="0.001"/>
  <testcase name="[1] mapping=org.springframework.web.servlet.handler.SimpleUrlHandlerMapping@44b741f2, wac=Root WebApplicationContext, started on Sun May 09 20:41:24 CST 2021" classname="org.springframework.web.servlet.handler.PathMatchingUrlHandlerMappingTests" time="0.001"/>
  <testcase name="[2] mapping=org.springframework.web.servlet.handler.SimpleUrlHandlerMapping@36c55cc8, wac=Root WebApplicationContext, started on Sun May 09 20:41:24 CST 2021" classname="org.springframework.web.servlet.handler.PathMatchingUrlHandlerMappingTests" time="0.002"/>
  <system-out><![CDATA[]]></system-out>
  <system-err><![CDATA[]]></system-err>
</testsuite>
