<?xml version="1.0" encoding="UTF-8"?>
<testsuite name="org.springframework.web.servlet.view.tiles3.TilesViewResolverTests" tests="1" skipped="0" failures="0" errors="0" timestamp="2021-04-26T07:41:31" hostname="wangweilideMacBook-Pro.local" time="0.002">
  <properties/>
  <testcase name="testResolve()" classname="org.springframework.web.servlet.view.tiles3.TilesViewResolverTests" time="0.002"/>
  <system-out><![CDATA[]]></system-out>
  <system-err><![CDATA[]]></system-err>
</testsuite>
