<?xml version="1.0" encoding="UTF-8"?>
<testsuite name="org.springframework.web.servlet.function.RouterFunctionTests" tests="5" skipped="0" failures="0" errors="0" timestamp="2021-05-01T09:33:40" hostname="wangweilideMBP.lan" time="0.013">
  <properties/>
  <testcase name="filter()" classname="org.springframework.web.servlet.function.RouterFunctionTests" time="0.004"/>
  <testcase name="andOther()" classname="org.springframework.web.servlet.function.RouterFunctionTests" time="0.001"/>
  <testcase name="andRoute()" classname="org.springframework.web.servlet.function.RouterFunctionTests" time="0.001"/>
  <testcase name="and()" classname="org.springframework.web.servlet.function.RouterFunctionTests" time="0.001"/>
  <testcase name="attributes()" classname="org.springframework.web.servlet.function.RouterFunctionTests" time="0.004"/>
  <system-out><![CDATA[]]></system-out>
  <system-err><![CDATA[]]></system-err>
</testsuite>
