<?xml version="1.0" encoding="UTF-8"?>
<testsuite name="org.springframework.web.servlet.mvc.method.annotation.ServletAnnotationControllerHandlerMethodKotlinTests" tests="8" skipped="0" failures="0" errors="0" timestamp="2021-04-26T07:41:55" hostname="wangweilideMacBook-Pro.local" time="0.204">
  <properties/>
  <testcase name="[1] true" classname="org.springframework.web.servlet.mvc.method.annotation.ServletAnnotationControllerHandlerMethodKotlinTests" time="0.045"/>
  <testcase name="[2] false" classname="org.springframework.web.servlet.mvc.method.annotation.ServletAnnotationControllerHandlerMethodKotlinTests" time="0.017"/>
  <testcase name="[1] true" classname="org.springframework.web.servlet.mvc.method.annotation.ServletAnnotationControllerHandlerMethodKotlinTests" time="0.025"/>
  <testcase name="[2] false" classname="org.springframework.web.servlet.mvc.method.annotation.ServletAnnotationControllerHandlerMethodKotlinTests" time="0.015"/>
  <testcase name="[1] true" classname="org.springframework.web.servlet.mvc.method.annotation.ServletAnnotationControllerHandlerMethodKotlinTests" time="0.043"/>
  <testcase name="[2] false" classname="org.springframework.web.servlet.mvc.method.annotation.ServletAnnotationControllerHandlerMethodKotlinTests" time="0.017"/>
  <testcase name="[1] true" classname="org.springframework.web.servlet.mvc.method.annotation.ServletAnnotationControllerHandlerMethodKotlinTests" time="0.021"/>
  <testcase name="[2] false" classname="org.springframework.web.servlet.mvc.method.annotation.ServletAnnotationControllerHandlerMethodKotlinTests" time="0.017"/>
  <system-out><![CDATA[]]></system-out>
  <system-err><![CDATA[]]></system-err>
</testsuite>
