<?xml version="1.0" encoding="UTF-8"?>
<testsuite name="org.springframework.web.servlet.mvc.method.annotation.RequestPartIntegrationTests" tests="3" skipped="0" failures="0" errors="0" timestamp="2021-05-09T12:41:42" hostname="wangweilidembp" time="1.329">
  <properties/>
  <testcase name="standardMultipartResolver()" classname="org.springframework.web.servlet.mvc.method.annotation.RequestPartIntegrationTests" time="1.082"/>
  <testcase name="standardMultipartResolverWithEncodedFileName()" classname="org.springframework.web.servlet.mvc.method.annotation.RequestPartIntegrationTests" time="0.045"/>
  <testcase name="commonsMultipartResolver()" classname="org.springframework.web.servlet.mvc.method.annotation.RequestPartIntegrationTests" time="0.201"/>
  <system-out><![CDATA[]]></system-out>
  <system-err><![CDATA[]]></system-err>
</testsuite>
