<?xml version="1.0" encoding="UTF-8"?>
<testsuite name="org.springframework.web.servlet.resource.WebJarsResourceResolverTests" tests="7" skipped="0" failures="0" errors="0" timestamp="2021-05-09T12:42:17" hostname="wangweilidembp" time="1.152">
  <properties/>
  <testcase name="resolveResourceWebJar()" classname="org.springframework.web.servlet.resource.WebJarsResourceResolverTests" time="0.151"/>
  <testcase name="resolveUrlExistingNotInJarFile()" classname="org.springframework.web.servlet.resource.WebJarsResourceResolverTests" time="0.154"/>
  <testcase name="resolveUrlWebJarResource()" classname="org.springframework.web.servlet.resource.WebJarsResourceResolverTests" time="0.157"/>
  <testcase name="resolveResourceNotFound()" classname="org.springframework.web.servlet.resource.WebJarsResourceResolverTests" time="0.152"/>
  <testcase name="resolveUrlExisting()" classname="org.springframework.web.servlet.resource.WebJarsResourceResolverTests" time="0.187"/>
  <testcase name="resolveUrlWebJarResourceNotFound()" classname="org.springframework.web.servlet.resource.WebJarsResourceResolverTests" time="0.176"/>
  <testcase name="resolveResourceExisting()" classname="org.springframework.web.servlet.resource.WebJarsResourceResolverTests" time="0.175"/>
  <system-out><![CDATA[]]></system-out>
  <system-err><![CDATA[]]></system-err>
</testsuite>
