<?xml version="1.0" encoding="UTF-8"?>
<testsuite name="org.springframework.web.servlet.function.ResourceHandlerFunctionTests" tests="5" skipped="0" failures="0" errors="0" timestamp="2021-05-09T12:41:58" hostname="wangweilidembp" time="0.011">
  <properties/>
  <testcase name="options()" classname="org.springframework.web.servlet.function.ResourceHandlerFunctionTests" time="0.002"/>
  <testcase name="get()" classname="org.springframework.web.servlet.function.ResourceHandlerFunctionTests" time="0.002"/>
  <testcase name="head()" classname="org.springframework.web.servlet.function.ResourceHandlerFunctionTests" time="0.002"/>
  <testcase name="getRange()" classname="org.springframework.web.servlet.function.ResourceHandlerFunctionTests" time="0.002"/>
  <testcase name="getInvalidRange()" classname="org.springframework.web.servlet.function.ResourceHandlerFunctionTests" time="0.002"/>
  <system-out><![CDATA[]]></system-out>
  <system-err><![CDATA[]]></system-err>
</testsuite>
