<?xml version="1.0" encoding="UTF-8"?>
<testsuite name="org.springframework.web.servlet.mvc.UrlFilenameViewControllerTests" tests="26" skipped="0" failures="0" errors="0" timestamp="2021-04-26T07:41:04" hostname="wangweilideMacBook-Pro.local" time="0.039">
  <properties/>
  <testcase name="[1] requestFactory=org.springframework.web.servlet.handler.PathPatternsTestUtils$$Lambda$643/0x0000000800612040@3438901b" classname="org.springframework.web.servlet.mvc.UrlFilenameViewControllerTests" time="0.003"/>
  <testcase name="[2] requestFactory=org.springframework.web.servlet.handler.PathPatternsTestUtils$$Lambda$644/0x0000000800612440@325c3845" classname="org.springframework.web.servlet.mvc.UrlFilenameViewControllerTests" time="0.001"/>
  <testcase name="[1] requestFactory=org.springframework.web.servlet.handler.PathPatternsTestUtils$$Lambda$643/0x0000000800612040@26936965" classname="org.springframework.web.servlet.mvc.UrlFilenameViewControllerTests" time="0.0"/>
  <testcase name="[2] requestFactory=org.springframework.web.servlet.handler.PathPatternsTestUtils$$Lambda$644/0x0000000800612440@316aae96" classname="org.springframework.web.servlet.mvc.UrlFilenameViewControllerTests" time="0.0"/>
  <testcase name="[1] requestFactory=org.springframework.web.servlet.handler.PathPatternsTestUtils$$Lambda$643/0x0000000800612040@2f40d994" classname="org.springframework.web.servlet.mvc.UrlFilenameViewControllerTests" time="0.001"/>
  <testcase name="[2] requestFactory=org.springframework.web.servlet.handler.PathPatternsTestUtils$$Lambda$644/0x0000000800612440@7c0d4229" classname="org.springframework.web.servlet.mvc.UrlFilenameViewControllerTests" time="0.0"/>
  <testcase name="settingSuffixToNullCausesEmptyStringToBeUsed()" classname="org.springframework.web.servlet.mvc.UrlFilenameViewControllerTests" time="0.001"/>
  <testcase name="settingPrefixToNullCausesEmptyStringToBeUsed()" classname="org.springframework.web.servlet.mvc.UrlFilenameViewControllerTests" time="0.0"/>
  <testcase name="[1] requestFactory=org.springframework.web.servlet.handler.PathPatternsTestUtils$$Lambda$643/0x0000000800612040@41e8d48c" classname="org.springframework.web.servlet.mvc.UrlFilenameViewControllerTests" time="0.001"/>
  <testcase name="[2] requestFactory=org.springframework.web.servlet.handler.PathPatternsTestUtils$$Lambda$644/0x0000000800612440@2592dc39" classname="org.springframework.web.servlet.mvc.UrlFilenameViewControllerTests" time="0.001"/>
  <testcase name="[1] requestFactory=org.springframework.web.servlet.handler.PathPatternsTestUtils$$Lambda$643/0x0000000800612040@cb72d66" classname="org.springframework.web.servlet.mvc.UrlFilenameViewControllerTests" time="0.0"/>
  <testcase name="[2] requestFactory=org.springframework.web.servlet.handler.PathPatternsTestUtils$$Lambda$644/0x0000000800612440@1abd2ad3" classname="org.springframework.web.servlet.mvc.UrlFilenameViewControllerTests" time="0.0"/>
  <testcase name="[1] requestFactory=org.springframework.web.servlet.handler.PathPatternsTestUtils$$Lambda$643/0x0000000800612040@1df6c1bc" classname="org.springframework.web.servlet.mvc.UrlFilenameViewControllerTests" time="0.001"/>
  <testcase name="[2] requestFactory=org.springframework.web.servlet.handler.PathPatternsTestUtils$$Lambda$644/0x0000000800612440@2e36b52f" classname="org.springframework.web.servlet.mvc.UrlFilenameViewControllerTests" time="0.001"/>
  <testcase name="[1] requestFactory=org.springframework.web.servlet.handler.PathPatternsTestUtils$$Lambda$643/0x0000000800612040@1bdf7192" classname="org.springframework.web.servlet.mvc.UrlFilenameViewControllerTests" time="0.001"/>
  <testcase name="[2] requestFactory=org.springframework.web.servlet.handler.PathPatternsTestUtils$$Lambda$644/0x0000000800612440@68472b88" classname="org.springframework.web.servlet.mvc.UrlFilenameViewControllerTests" time="0.0"/>
  <testcase name="[1] requestFactory=org.springframework.web.servlet.handler.PathPatternsTestUtils$$Lambda$643/0x0000000800612040@38200fec" classname="org.springframework.web.servlet.mvc.UrlFilenameViewControllerTests" time="0.0"/>
  <testcase name="[2] requestFactory=org.springframework.web.servlet.handler.PathPatternsTestUtils$$Lambda$644/0x0000000800612440@696a780b" classname="org.springframework.web.servlet.mvc.UrlFilenameViewControllerTests" time="0.0"/>
  <testcase name="[1] requestFactory=org.springframework.web.servlet.handler.PathPatternsTestUtils$$Lambda$643/0x0000000800612040@15e1162f" classname="org.springframework.web.servlet.mvc.UrlFilenameViewControllerTests" time="0.0"/>
  <testcase name="[2] requestFactory=org.springframework.web.servlet.handler.PathPatternsTestUtils$$Lambda$644/0x0000000800612440@50036dd0" classname="org.springframework.web.servlet.mvc.UrlFilenameViewControllerTests" time="0.0"/>
  <testcase name="[1] requestFactory=org.springframework.web.servlet.handler.PathPatternsTestUtils$$Lambda$643/0x0000000800612040@68644753" classname="org.springframework.web.servlet.mvc.UrlFilenameViewControllerTests" time="0.001"/>
  <testcase name="[2] requestFactory=org.springframework.web.servlet.handler.PathPatternsTestUtils$$Lambda$644/0x0000000800612440@52f4d074" classname="org.springframework.web.servlet.mvc.UrlFilenameViewControllerTests" time="0.0"/>
  <testcase name="[1] requestFactory=org.springframework.web.servlet.handler.PathPatternsTestUtils$$Lambda$643/0x0000000800612040@4f39f46b" classname="org.springframework.web.servlet.mvc.UrlFilenameViewControllerTests" time="0.001"/>
  <testcase name="[2] requestFactory=org.springframework.web.servlet.handler.PathPatternsTestUtils$$Lambda$644/0x0000000800612440@49f7db1" classname="org.springframework.web.servlet.mvc.UrlFilenameViewControllerTests" time="0.001"/>
  <testcase name="[1] requestFactory=org.springframework.web.servlet.handler.PathPatternsTestUtils$$Lambda$643/0x0000000800612040@4e0becae" classname="org.springframework.web.servlet.mvc.UrlFilenameViewControllerTests" time="0.0"/>
  <testcase name="[2] requestFactory=org.springframework.web.servlet.handler.PathPatternsTestUtils$$Lambda$644/0x0000000800612440@3a08e26b" classname="org.springframework.web.servlet.mvc.UrlFilenameViewControllerTests" time="0.001"/>
  <system-out><![CDATA[]]></system-out>
  <system-err><![CDATA[]]></system-err>
</testsuite>
