<?xml version="1.0" encoding="UTF-8"?>
<testsuite name="org.springframework.web.servlet.i18n.LocaleResolverTests" tests="4" skipped="0" failures="0" errors="0" timestamp="2021-04-26T07:41:53" hostname="wangweilideMacBook-Pro.local" time="0.003">
  <properties/>
  <testcase name="testSessionLocaleResolver()" classname="org.springframework.web.servlet.i18n.LocaleResolverTests" time="0.001"/>
  <testcase name="testCookieLocaleResolver()" classname="org.springframework.web.servlet.i18n.LocaleResolverTests" time="0.001"/>
  <testcase name="testAcceptHeaderLocaleResolver()" classname="org.springframework.web.servlet.i18n.LocaleResolverTests" time="0.001"/>
  <testcase name="testFixedLocaleResolver()" classname="org.springframework.web.servlet.i18n.LocaleResolverTests" time="0.0"/>
  <system-out><![CDATA[]]></system-out>
  <system-err><![CDATA[]]></system-err>
</testsuite>
