<?xml version="1.0" encoding="UTF-8"?>
<testsuite name="org.springframework.web.servlet.mvc.method.annotation.MatrixVariablesMapMethodArgumentResolverTests" tests="5" skipped="0" failures="0" errors="0" timestamp="2021-05-09T12:41:41" hostname="wangweilidembp" time="0.012">
  <properties/>
  <testcase name="resolveArgumentNoMatch()" classname="org.springframework.web.servlet.mvc.method.annotation.MatrixVariablesMapMethodArgumentResolverTests" time="0.002"/>
  <testcase name="resolveArgumentPathVariable()" classname="org.springframework.web.servlet.mvc.method.annotation.MatrixVariablesMapMethodArgumentResolverTests" time="0.002"/>
  <testcase name="resolveArgumentNoParams()" classname="org.springframework.web.servlet.mvc.method.annotation.MatrixVariablesMapMethodArgumentResolverTests" time="0.001"/>
  <testcase name="resolveArgument()" classname="org.springframework.web.servlet.mvc.method.annotation.MatrixVariablesMapMethodArgumentResolverTests" time="0.002"/>
  <testcase name="supportsParameter()" classname="org.springframework.web.servlet.mvc.method.annotation.MatrixVariablesMapMethodArgumentResolverTests" time="0.004"/>
  <system-out><![CDATA[]]></system-out>
  <system-err><![CDATA[]]></system-err>
</testsuite>
