<?xml version="1.0" encoding="UTF-8"?>
<testsuite name="org.springframework.web.servlet.mvc.method.annotation.RequestAttributeMethodArgumentResolverTests" tests="5" skipped="0" failures="0" errors="0" timestamp="2021-04-26T07:41:11" hostname="wangweilideMacBook-Pro.local" time="0.023">
  <properties/>
  <testcase name="resolveOptional()" classname="org.springframework.web.servlet.mvc.method.annotation.RequestAttributeMethodArgumentResolverTests" time="0.018"/>
  <testcase name="resolve()" classname="org.springframework.web.servlet.mvc.method.annotation.RequestAttributeMethodArgumentResolverTests" time="0.002"/>
  <testcase name="resolveNotRequired()" classname="org.springframework.web.servlet.mvc.method.annotation.RequestAttributeMethodArgumentResolverTests" time="0.0"/>
  <testcase name="resolveWithName()" classname="org.springframework.web.servlet.mvc.method.annotation.RequestAttributeMethodArgumentResolverTests" time="0.001"/>
  <testcase name="supportsParameter()" classname="org.springframework.web.servlet.mvc.method.annotation.RequestAttributeMethodArgumentResolverTests" time="0.001"/>
  <system-out><![CDATA[]]></system-out>
  <system-err><![CDATA[]]></system-err>
</testsuite>
