<?xml version="1.0" encoding="UTF-8"?>
<testsuite name="org.springframework.web.servlet.tags.ParamTagTests" tests="6" skipped="0" failures="0" errors="0" timestamp="2021-05-01T09:33:43" hostname="wangweilideMBP.lan" time="0.021">
  <properties/>
  <testcase name="paramWithNameAndValue()" classname="org.springframework.web.servlet.tags.ParamTagTests" time="0.003"/>
  <testcase name="paramWithNoParent()" classname="org.springframework.web.servlet.tags.ParamTagTests" time="0.003"/>
  <testcase name="paramWithValueThenReleaseThenBodyValue()" classname="org.springframework.web.servlet.tags.ParamTagTests" time="0.005"/>
  <testcase name="paramWithImplicitNullValue()" classname="org.springframework.web.servlet.tags.ParamTagTests" time="0.003"/>
  <testcase name="paramWithBodyValue()" classname="org.springframework.web.servlet.tags.ParamTagTests" time="0.002"/>
  <testcase name="paramWithExplicitNullValue()" classname="org.springframework.web.servlet.tags.ParamTagTests" time="0.003"/>
  <system-out><![CDATA[]]></system-out>
  <system-err><![CDATA[]]></system-err>
</testsuite>
