<?xml version="1.0" encoding="UTF-8"?>
<testsuite name="org.springframework.web.servlet.mvc.UrlFilenameViewControllerTests" tests="26" skipped="0" failures="0" errors="0" timestamp="2021-05-01T09:33:12" hostname="wangweilideMBP.lan" time="0.056">
  <properties/>
  <testcase name="[1] requestFactory=org.springframework.web.servlet.handler.PathPatternsTestUtils$$Lambda$552/1215411934@24e918f" classname="org.springframework.web.servlet.mvc.UrlFilenameViewControllerTests" time="0.007"/>
  <testcase name="[2] requestFactory=org.springframework.web.servlet.handler.PathPatternsTestUtils$$Lambda$553/587426784@524c0dd1" classname="org.springframework.web.servlet.mvc.UrlFilenameViewControllerTests" time="0.001"/>
  <testcase name="[1] requestFactory=org.springframework.web.servlet.handler.PathPatternsTestUtils$$Lambda$552/1215411934@738caf4f" classname="org.springframework.web.servlet.mvc.UrlFilenameViewControllerTests" time="0.0"/>
  <testcase name="[2] requestFactory=org.springframework.web.servlet.handler.PathPatternsTestUtils$$Lambda$553/587426784@74b93604" classname="org.springframework.web.servlet.mvc.UrlFilenameViewControllerTests" time="0.0"/>
  <testcase name="[1] requestFactory=org.springframework.web.servlet.handler.PathPatternsTestUtils$$Lambda$552/1215411934@2660c751" classname="org.springframework.web.servlet.mvc.UrlFilenameViewControllerTests" time="0.001"/>
  <testcase name="[2] requestFactory=org.springframework.web.servlet.handler.PathPatternsTestUtils$$Lambda$553/587426784@14f064c9" classname="org.springframework.web.servlet.mvc.UrlFilenameViewControllerTests" time="0.0"/>
  <testcase name="settingSuffixToNullCausesEmptyStringToBeUsed()" classname="org.springframework.web.servlet.mvc.UrlFilenameViewControllerTests" time="0.0"/>
  <testcase name="settingPrefixToNullCausesEmptyStringToBeUsed()" classname="org.springframework.web.servlet.mvc.UrlFilenameViewControllerTests" time="0.0"/>
  <testcase name="[1] requestFactory=org.springframework.web.servlet.handler.PathPatternsTestUtils$$Lambda$552/1215411934@21057cf" classname="org.springframework.web.servlet.mvc.UrlFilenameViewControllerTests" time="0.001"/>
  <testcase name="[2] requestFactory=org.springframework.web.servlet.handler.PathPatternsTestUtils$$Lambda$553/587426784@3fa4589f" classname="org.springframework.web.servlet.mvc.UrlFilenameViewControllerTests" time="0.001"/>
  <testcase name="[1] requestFactory=org.springframework.web.servlet.handler.PathPatternsTestUtils$$Lambda$552/1215411934@1fde4a75" classname="org.springframework.web.servlet.mvc.UrlFilenameViewControllerTests" time="0.0"/>
  <testcase name="[2] requestFactory=org.springframework.web.servlet.handler.PathPatternsTestUtils$$Lambda$553/587426784@81fb36b" classname="org.springframework.web.servlet.mvc.UrlFilenameViewControllerTests" time="0.001"/>
  <testcase name="[1] requestFactory=org.springframework.web.servlet.handler.PathPatternsTestUtils$$Lambda$552/1215411934@8b13388" classname="org.springframework.web.servlet.mvc.UrlFilenameViewControllerTests" time="0.0"/>
  <testcase name="[2] requestFactory=org.springframework.web.servlet.handler.PathPatternsTestUtils$$Lambda$553/587426784@15ccf2a1" classname="org.springframework.web.servlet.mvc.UrlFilenameViewControllerTests" time="0.0"/>
  <testcase name="[1] requestFactory=org.springframework.web.servlet.handler.PathPatternsTestUtils$$Lambda$552/1215411934@78ac9f8f" classname="org.springframework.web.servlet.mvc.UrlFilenameViewControllerTests" time="0.0"/>
  <testcase name="[2] requestFactory=org.springframework.web.servlet.handler.PathPatternsTestUtils$$Lambda$553/587426784@dddef1a" classname="org.springframework.web.servlet.mvc.UrlFilenameViewControllerTests" time="0.001"/>
  <testcase name="[1] requestFactory=org.springframework.web.servlet.handler.PathPatternsTestUtils$$Lambda$552/1215411934@7e5a028f" classname="org.springframework.web.servlet.mvc.UrlFilenameViewControllerTests" time="0.0"/>
  <testcase name="[2] requestFactory=org.springframework.web.servlet.handler.PathPatternsTestUtils$$Lambda$553/587426784@6296aa2c" classname="org.springframework.web.servlet.mvc.UrlFilenameViewControllerTests" time="0.0"/>
  <testcase name="[1] requestFactory=org.springframework.web.servlet.handler.PathPatternsTestUtils$$Lambda$552/1215411934@d13c5b" classname="org.springframework.web.servlet.mvc.UrlFilenameViewControllerTests" time="0.001"/>
  <testcase name="[2] requestFactory=org.springframework.web.servlet.handler.PathPatternsTestUtils$$Lambda$553/587426784@123bf7b" classname="org.springframework.web.servlet.mvc.UrlFilenameViewControllerTests" time="0.001"/>
  <testcase name="[1] requestFactory=org.springframework.web.servlet.handler.PathPatternsTestUtils$$Lambda$552/1215411934@2f439baa" classname="org.springframework.web.servlet.mvc.UrlFilenameViewControllerTests" time="0.0"/>
  <testcase name="[2] requestFactory=org.springframework.web.servlet.handler.PathPatternsTestUtils$$Lambda$553/587426784@785383a4" classname="org.springframework.web.servlet.mvc.UrlFilenameViewControllerTests" time="0.001"/>
  <testcase name="[1] requestFactory=org.springframework.web.servlet.handler.PathPatternsTestUtils$$Lambda$552/1215411934@71695b11" classname="org.springframework.web.servlet.mvc.UrlFilenameViewControllerTests" time="0.001"/>
  <testcase name="[2] requestFactory=org.springframework.web.servlet.handler.PathPatternsTestUtils$$Lambda$553/587426784@6d2dea20" classname="org.springframework.web.servlet.mvc.UrlFilenameViewControllerTests" time="0.0"/>
  <testcase name="[1] requestFactory=org.springframework.web.servlet.handler.PathPatternsTestUtils$$Lambda$552/1215411934@5e00a2e4" classname="org.springframework.web.servlet.mvc.UrlFilenameViewControllerTests" time="0.001"/>
  <testcase name="[2] requestFactory=org.springframework.web.servlet.handler.PathPatternsTestUtils$$Lambda$553/587426784@3aaa4423" classname="org.springframework.web.servlet.mvc.UrlFilenameViewControllerTests" time="0.0"/>
  <system-out><![CDATA[]]></system-out>
  <system-err><![CDATA[]]></system-err>
</testsuite>
