<?xml version="1.0" encoding="UTF-8"?>
<testsuite name="org.springframework.web.servlet.config.annotation.DelegatingWebMvcConfigurationIntegrationTests" tests="12" skipped="0" failures="0" errors="0" timestamp="2021-04-26T07:41:18" hostname="wangweilideMacBook-Pro.local" time="0.692">
  <properties/>
  <testcase name="resourceHandlerMappingWithPrimaryUsesQualifiedPathMatcher()" classname="org.springframework.web.servlet.config.annotation.DelegatingWebMvcConfigurationIntegrationTests" time="0.07"/>
  <testcase name="requestMappingHandlerAdapterUsesMvcInfrastructureByDefault()" classname="org.springframework.web.servlet.config.annotation.DelegatingWebMvcConfigurationIntegrationTests" time="0.049"/>
  <testcase name="requestMappingHandlerMappingUsesMvcInfrastructureByDefault()" classname="org.springframework.web.servlet.config.annotation.DelegatingWebMvcConfigurationIntegrationTests" time="0.055"/>
  <testcase name="viewControllerHandlerMappingUsesMvcInfrastructureByDefault()" classname="org.springframework.web.servlet.config.annotation.DelegatingWebMvcConfigurationIntegrationTests" time="0.062"/>
  <testcase name="requestMappingHandlerAdapterWithPrimaryUsesQualifiedContentNegotiationManager()" classname="org.springframework.web.servlet.config.annotation.DelegatingWebMvcConfigurationIntegrationTests" time="0.069"/>
  <testcase name="resourceHandlerMappingWithPrimaryUsesQualifiedUrlPathHelper()" classname="org.springframework.web.servlet.config.annotation.DelegatingWebMvcConfigurationIntegrationTests" time="0.087"/>
  <testcase name="resourceHandlerMappingUsesMvcInfrastructureByDefault()" classname="org.springframework.web.servlet.config.annotation.DelegatingWebMvcConfigurationIntegrationTests" time="0.045"/>
  <testcase name="requestMappingHandlerMappingWithPrimaryUsesQualifiedContentNegotiationManager()" classname="org.springframework.web.servlet.config.annotation.DelegatingWebMvcConfigurationIntegrationTests" time="0.041"/>
  <testcase name="requestMappingHandlerAdapterWithPrimaryUsesQualifiedValidator()" classname="org.springframework.web.servlet.config.annotation.DelegatingWebMvcConfigurationIntegrationTests" time="0.049"/>
  <testcase name="viewControllerHandlerMappingWithPrimaryUsesQualifiedUrlPathHelper()" classname="org.springframework.web.servlet.config.annotation.DelegatingWebMvcConfigurationIntegrationTests" time="0.058"/>
  <testcase name="requestMappingHandlerAdapterWithPrimaryUsesQualifiedConversionService()" classname="org.springframework.web.servlet.config.annotation.DelegatingWebMvcConfigurationIntegrationTests" time="0.052"/>
  <testcase name="viewControllerHandlerMappingWithPrimaryUsesQualifiedPathMatcher()" classname="org.springframework.web.servlet.config.annotation.DelegatingWebMvcConfigurationIntegrationTests" time="0.052"/>
  <system-out><![CDATA[15:41:18.999 [Test worker] WARN  o.s.w.s.r.ResourceHttpRequestHandler - Locations list is empty. No resources will be served unless a custom ResourceResolver is configured as an alternative to PathResourceResolver.
15:41:19.331 [Test worker] WARN  o.s.w.s.r.ResourceHttpRequestHandler - Locations list is empty. No resources will be served unless a custom ResourceResolver is configured as an alternative to PathResourceResolver.
15:41:19.376 [Test worker] WARN  o.s.w.s.r.ResourceHttpRequestHandler - Locations list is empty. No resources will be served unless a custom ResourceResolver is configured as an alternative to PathResourceResolver.
]]></system-out>
  <system-err><![CDATA[]]></system-err>
</testsuite>
