<?xml version="1.0" encoding="UTF-8"?>
<testsuite name="org.springframework.web.servlet.mvc.method.annotation.MatrixVariablesMethodArgumentResolverTests" tests="7" skipped="0" failures="0" errors="0" timestamp="2021-05-01T09:33:23" hostname="wangweilideMBP.lan" time="0.013">
  <properties/>
  <testcase name="resolveArgumentNoMatch()" classname="org.springframework.web.servlet.mvc.method.annotation.MatrixVariablesMethodArgumentResolverTests" time="0.006"/>
  <testcase name="resolveArgumentPathVariable()" classname="org.springframework.web.servlet.mvc.method.annotation.MatrixVariablesMethodArgumentResolverTests" time="0.0"/>
  <testcase name="resolveArgumentRequired()" classname="org.springframework.web.servlet.mvc.method.annotation.MatrixVariablesMethodArgumentResolverTests" time="0.003"/>
  <testcase name="resolveArgumentMultipleMatches()" classname="org.springframework.web.servlet.mvc.method.annotation.MatrixVariablesMethodArgumentResolverTests" time="0.001"/>
  <testcase name="resolveArgumentDefaultValue()" classname="org.springframework.web.servlet.mvc.method.annotation.MatrixVariablesMethodArgumentResolverTests" time="0.0"/>
  <testcase name="resolveArgument()" classname="org.springframework.web.servlet.mvc.method.annotation.MatrixVariablesMethodArgumentResolverTests" time="0.001"/>
  <testcase name="supportsParameter()" classname="org.springframework.web.servlet.mvc.method.annotation.MatrixVariablesMethodArgumentResolverTests" time="0.001"/>
  <system-out><![CDATA[]]></system-out>
  <system-err><![CDATA[]]></system-err>
</testsuite>
