<?xml version="1.0" encoding="UTF-8"?>
<testsuite name="org.springframework.web.servlet.mvc.method.annotation.UriComponentsBuilderMethodArgumentResolverTests" tests="2" skipped="0" failures="0" errors="0" timestamp="2021-05-09T12:41:41" hostname="wangweilidembp" time="0.001">
  <properties/>
  <testcase name="resolveArgument()" classname="org.springframework.web.servlet.mvc.method.annotation.UriComponentsBuilderMethodArgumentResolverTests" time="0.0"/>
  <testcase name="supportsParameter()" classname="org.springframework.web.servlet.mvc.method.annotation.UriComponentsBuilderMethodArgumentResolverTests" time="0.001"/>
  <system-out><![CDATA[]]></system-out>
  <system-err><![CDATA[]]></system-err>
</testsuite>
