<?xml version="1.0" encoding="UTF-8"?>
<testsuite name="org.springframework.web.servlet.function.RouterFunctionDslTests" tests="12" skipped="0" failures="0" errors="0" timestamp="2021-05-01T09:34:09" hostname="wangweilideMBP.lan" time="0.042">
  <properties/>
  <testcase name="accept()" classname="org.springframework.web.servlet.function.RouterFunctionDslTests" time="0.028"/>
  <testcase name="header()" classname="org.springframework.web.servlet.function.RouterFunctionDslTests" time="0.001"/>
  <testcase name="method()" classname="org.springframework.web.servlet.function.RouterFunctionDslTests" time="0.001"/>
  <testcase name="resourceByPath()" classname="org.springframework.web.servlet.function.RouterFunctionDslTests" time="0.002"/>
  <testcase name="contentType()" classname="org.springframework.web.servlet.function.RouterFunctionDslTests" time="0.002"/>
  <testcase name="resource()" classname="org.springframework.web.servlet.function.RouterFunctionDslTests" time="0.001"/>
  <testcase name="path()" classname="org.springframework.web.servlet.function.RouterFunctionDslTests" time="0.001"/>
  <testcase name="emptyRouter()" classname="org.springframework.web.servlet.function.RouterFunctionDslTests" time="0.003"/>
  <testcase name="acceptAndPOSTWithRequestPredicate()" classname="org.springframework.web.servlet.function.RouterFunctionDslTests" time="0.001"/>
  <testcase name="rendering()" classname="org.springframework.web.servlet.function.RouterFunctionDslTests" time="0.001"/>
  <testcase name="acceptAndPOST()" classname="org.springframework.web.servlet.function.RouterFunctionDslTests" time="0.0"/>
  <testcase name="noRoute()" classname="org.springframework.web.servlet.function.RouterFunctionDslTests" time="0.0"/>
  <system-out><![CDATA[]]></system-out>
  <system-err><![CDATA[]]></system-err>
</testsuite>
