<?xml version="1.0" encoding="UTF-8"?>
<testsuite name="org.springframework.web.servlet.view.freemarker.FreeMarkerConfigurerTests" tests="3" skipped="0" failures="0" errors="0" timestamp="2021-05-01T09:33:43" hostname="wangweilideMBP.lan" time="0.005">
  <properties/>
  <testcase name="freeMarkerConfigurerWithResourceLoaderPath()" classname="org.springframework.web.servlet.view.freemarker.FreeMarkerConfigurerTests" time="0.001"/>
  <testcase name="freeMarkerConfigurerWithConfigLocation()" classname="org.springframework.web.servlet.view.freemarker.FreeMarkerConfigurerTests" time="0.001"/>
  <testcase name="freeMarkerConfigurerWithNonFileResourceLoaderPath()" classname="org.springframework.web.servlet.view.freemarker.FreeMarkerConfigurerTests" time="0.002"/>
  <system-out><![CDATA[]]></system-out>
  <system-err><![CDATA[]]></system-err>
</testsuite>
