<?xml version="1.0" encoding="UTF-8"?>
<testsuite name="org.springframework.web.servlet.view.xslt.XsltViewResolverTests" tests="1" skipped="0" failures="0" errors="0" timestamp="2021-05-01T09:34:01" hostname="wangweilideMBP.lan" time="0.003">
  <properties/>
  <testcase name="resolveView()" classname="org.springframework.web.servlet.view.xslt.XsltViewResolverTests" time="0.003"/>
  <system-out><![CDATA[]]></system-out>
  <system-err><![CDATA[]]></system-err>
</testsuite>
