<?xml version="1.0" encoding="UTF-8"?>
<testsuite name="org.springframework.web.servlet.handler.HandlerMappingTests" tests="3" skipped="0" failures="0" errors="0" timestamp="2021-04-26T07:41:01" hostname="wangweilideMacBook-Pro.local" time="0.008">
  <properties/>
  <testcase name="abstractHandlerMappingEnsuresCachedLookupPath()" classname="org.springframework.web.servlet.handler.HandlerMappingTests" time="0.002"/>
  <testcase name="[1] mapping=org.springframework.web.servlet.handler.HandlerMappingTests$TestHandlerMapping@755fb524, requestFactory=org.springframework.web.servlet.handler.PathPatternsTestUtils$$Lambda$643/0x0000000800612040@79b8a77d" classname="org.springframework.web.servlet.handler.HandlerMappingTests" time="0.001"/>
  <testcase name="[2] mapping=org.springframework.web.servlet.handler.HandlerMappingTests$TestHandlerMapping@316af7f, requestFactory=org.springframework.web.servlet.handler.PathPatternsTestUtils$$Lambda$644/0x0000000800612440@be8dcac" classname="org.springframework.web.servlet.handler.HandlerMappingTests" time="0.001"/>
  <system-out><![CDATA[]]></system-out>
  <system-err><![CDATA[]]></system-err>
</testsuite>
