<?xml version="1.0" encoding="UTF-8"?>
<testsuite name="org.springframework.web.servlet.mvc.method.annotation.ViewMethodReturnValueHandlerTests" tests="3" skipped="0" failures="0" errors="0" timestamp="2021-04-26T07:41:13" hostname="wangweilideMacBook-Pro.local" time="0.0">
  <properties/>
  <testcase name="returnView()" classname="org.springframework.web.servlet.mvc.method.annotation.ViewMethodReturnValueHandlerTests" time="0.0"/>
  <testcase name="supportsReturnType()" classname="org.springframework.web.servlet.mvc.method.annotation.ViewMethodReturnValueHandlerTests" time="0.0"/>
  <testcase name="returnViewRedirect()" classname="org.springframework.web.servlet.mvc.method.annotation.ViewMethodReturnValueHandlerTests" time="0.0"/>
  <system-out><![CDATA[]]></system-out>
  <system-err><![CDATA[]]></system-err>
</testsuite>
