<?xml version="1.0" encoding="UTF-8"?>
<testsuite name="org.springframework.web.servlet.mvc.method.annotation.HandlerMethodAnnotationDetectionTests" tests="13" skipped="0" failures="0" errors="0" timestamp="2021-05-09T12:41:43" hostname="wangweilidembp" time="0.457">
  <properties/>
  <testcase name="[1] controller [class org.springframework.web.servlet.mvc.method.annotation.HandlerMethodAnnotationDetectionTests$SimpleController], auto-proxy [true]" classname="org.springframework.web.servlet.mvc.method.annotation.HandlerMethodAnnotationDetectionTests" time="0.057"/>
  <testcase name="[2] controller [class org.springframework.web.servlet.mvc.method.annotation.HandlerMethodAnnotationDetectionTests$SimpleController], auto-proxy [false]" classname="org.springframework.web.servlet.mvc.method.annotation.HandlerMethodAnnotationDetectionTests" time="0.023"/>
  <testcase name="[3] controller [class org.springframework.web.servlet.mvc.method.annotation.HandlerMethodAnnotationDetectionTests$AbstractClassController], auto-proxy [true]" classname="org.springframework.web.servlet.mvc.method.annotation.HandlerMethodAnnotationDetectionTests" time="0.044"/>
  <testcase name="[4] controller [class org.springframework.web.servlet.mvc.method.annotation.HandlerMethodAnnotationDetectionTests$AbstractClassController], auto-proxy [false]" classname="org.springframework.web.servlet.mvc.method.annotation.HandlerMethodAnnotationDetectionTests" time="0.023"/>
  <testcase name="[5] controller [class org.springframework.web.servlet.mvc.method.annotation.HandlerMethodAnnotationDetectionTests$ParameterizedAbstractClassController], auto-proxy [true]" classname="org.springframework.web.servlet.mvc.method.annotation.HandlerMethodAnnotationDetectionTests" time="0.051"/>
  <testcase name="[6] controller [class org.springframework.web.servlet.mvc.method.annotation.HandlerMethodAnnotationDetectionTests$ParameterizedAbstractClassController], auto-proxy [false]" classname="org.springframework.web.servlet.mvc.method.annotation.HandlerMethodAnnotationDetectionTests" time="0.024"/>
  <testcase name="[7] controller [class org.springframework.web.servlet.mvc.method.annotation.HandlerMethodAnnotationDetectionTests$ParameterizedSubclassOverridesDefaultMappings], auto-proxy [true]" classname="org.springframework.web.servlet.mvc.method.annotation.HandlerMethodAnnotationDetectionTests" time="0.043"/>
  <testcase name="[8] controller [class org.springframework.web.servlet.mvc.method.annotation.HandlerMethodAnnotationDetectionTests$ParameterizedSubclassOverridesDefaultMappings], auto-proxy [false]" classname="org.springframework.web.servlet.mvc.method.annotation.HandlerMethodAnnotationDetectionTests" time="0.021"/>
  <testcase name="[9] controller [class org.springframework.web.servlet.mvc.method.annotation.HandlerMethodAnnotationDetectionTests$InterfaceController], auto-proxy [true]" classname="org.springframework.web.servlet.mvc.method.annotation.HandlerMethodAnnotationDetectionTests" time="0.032"/>
  <testcase name="[10] controller [class org.springframework.web.servlet.mvc.method.annotation.HandlerMethodAnnotationDetectionTests$InterfaceController], auto-proxy [false]" classname="org.springframework.web.servlet.mvc.method.annotation.HandlerMethodAnnotationDetectionTests" time="0.022"/>
  <testcase name="[11] controller [class org.springframework.web.servlet.mvc.method.annotation.HandlerMethodAnnotationDetectionTests$ParameterizedInterfaceController], auto-proxy [false]" classname="org.springframework.web.servlet.mvc.method.annotation.HandlerMethodAnnotationDetectionTests" time="0.029"/>
  <testcase name="[12] controller [class org.springframework.web.servlet.mvc.method.annotation.HandlerMethodAnnotationDetectionTests$SupportClassController], auto-proxy [true]" classname="org.springframework.web.servlet.mvc.method.annotation.HandlerMethodAnnotationDetectionTests" time="0.037"/>
  <testcase name="[13] controller [class org.springframework.web.servlet.mvc.method.annotation.HandlerMethodAnnotationDetectionTests$SupportClassController], auto-proxy [false]" classname="org.springframework.web.servlet.mvc.method.annotation.HandlerMethodAnnotationDetectionTests" time="0.022"/>
  <system-out><![CDATA[]]></system-out>
  <system-err><![CDATA[]]></system-err>
</testsuite>
