<?xml version="1.0" encoding="UTF-8"?>
<testsuite name="org.springframework.web.servlet.handler.HandlerMappingIntrospectorTests" tests="7" skipped="0" failures="0" errors="0" timestamp="2021-04-26T07:41:00" hostname="wangweilideMacBook-Pro.local" time="0.447">
  <properties/>
  <testcase name="getMatchableWhereHandlerMappingDoesNotImplementMatchableInterface()" classname="org.springframework.web.servlet.handler.HandlerMappingIntrospectorTests" time="0.083"/>
  <testcase name="getCorsConfigurationPreFlight()" classname="org.springframework.web.servlet.handler.HandlerMappingIntrospectorTests" time="0.28"/>
  <testcase name="detectHandlerMappings()" classname="org.springframework.web.servlet.handler.HandlerMappingIntrospectorTests" time="0.004"/>
  <testcase name="[1] usePathPatterns=true" classname="org.springframework.web.servlet.handler.HandlerMappingIntrospectorTests" time="0.031"/>
  <testcase name="[2] usePathPatterns=false" classname="org.springframework.web.servlet.handler.HandlerMappingIntrospectorTests" time="0.002"/>
  <testcase name="detectHandlerMappingsOrdered()" classname="org.springframework.web.servlet.handler.HandlerMappingIntrospectorTests" time="0.002"/>
  <testcase name="getCorsConfigurationActual()" classname="org.springframework.web.servlet.handler.HandlerMappingIntrospectorTests" time="0.017"/>
  <system-out><![CDATA[]]></system-out>
  <system-err><![CDATA[]]></system-err>
</testsuite>
