<?xml version="1.0" encoding="UTF-8"?>
<testsuite name="org.springframework.web.servlet.handler.SimpleUrlHandlerMappingTests" tests="5" skipped="0" failures="0" errors="0" timestamp="2021-04-26T07:41:01" hostname="wangweilideMacBook-Pro.local" time="0.192">
  <properties/>
  <testcase name="[1] beanName=urlMapping" classname="org.springframework.web.servlet.handler.SimpleUrlHandlerMappingTests" time="0.089"/>
  <testcase name="[2] beanName=urlMappingWithProps" classname="org.springframework.web.servlet.handler.SimpleUrlHandlerMappingTests" time="0.03"/>
  <testcase name="[3] beanName=urlMappingWithPathPatterns" classname="org.springframework.web.servlet.handler.SimpleUrlHandlerMappingTests" time="0.033"/>
  <testcase name="testNewlineInRequest()" classname="org.springframework.web.servlet.handler.SimpleUrlHandlerMappingTests" time="0.001"/>
  <testcase name="handlerBeanNotFound()" classname="org.springframework.web.servlet.handler.SimpleUrlHandlerMappingTests" time="0.035"/>
  <system-out><![CDATA[]]></system-out>
  <system-err><![CDATA[]]></system-err>
</testsuite>
