<?xml version="1.0" encoding="UTF-8"?>
<testsuite name="org.springframework.web.servlet.function.SseServerResponseTests" tests="3" skipped="0" failures="0" errors="0" timestamp="2021-05-09T12:41:58" hostname="wangweilidembp" time="0.008">
  <properties/>
  <testcase name="builder()" classname="org.springframework.web.servlet.function.SseServerResponseTests" time="0.003"/>
  <testcase name="sendObject()" classname="org.springframework.web.servlet.function.SseServerResponseTests" time="0.004"/>
  <testcase name="sendString()" classname="org.springframework.web.servlet.function.SseServerResponseTests" time="0.001"/>
  <system-out><![CDATA[]]></system-out>
  <system-err><![CDATA[]]></system-err>
</testsuite>
