<?xml version="1.0" encoding="UTF-8"?>
<testsuite name="org.springframework.web.servlet.mvc.WebContentInterceptorTests" tests="15" skipped="0" failures="0" errors="0" timestamp="2021-05-09T12:41:24" hostname="wangweilidembp" time="0.039">
  <properties/>
  <testcase name="[1] requestFactory=org.springframework.web.servlet.handler.PathPatternsTestUtils$$Lambda$643/0x0000000800662c40@44fe281" classname="org.springframework.web.servlet.mvc.WebContentInterceptorTests" time="0.003"/>
  <testcase name="[2] requestFactory=org.springframework.web.servlet.handler.PathPatternsTestUtils$$Lambda$644/0x0000000800662040@4d7c67c9" classname="org.springframework.web.servlet.mvc.WebContentInterceptorTests" time="0.001"/>
  <testcase name="[1] requestFactory=org.springframework.web.servlet.handler.PathPatternsTestUtils$$Lambda$643/0x0000000800662c40@b291957" classname="org.springframework.web.servlet.mvc.WebContentInterceptorTests" time="0.001"/>
  <testcase name="[2] requestFactory=org.springframework.web.servlet.handler.PathPatternsTestUtils$$Lambda$644/0x0000000800662040@4bf98c61" classname="org.springframework.web.servlet.mvc.WebContentInterceptorTests" time="0.0"/>
  <testcase name="[1] requestFactory=org.springframework.web.servlet.handler.PathPatternsTestUtils$$Lambda$643/0x0000000800662c40@21f5718f" classname="org.springframework.web.servlet.mvc.WebContentInterceptorTests" time="0.002"/>
  <testcase name="[2] requestFactory=org.springframework.web.servlet.handler.PathPatternsTestUtils$$Lambda$644/0x0000000800662040@415735c2" classname="org.springframework.web.servlet.mvc.WebContentInterceptorTests" time="0.001"/>
  <testcase name="[1] requestFactory=org.springframework.web.servlet.handler.PathPatternsTestUtils$$Lambda$643/0x0000000800662c40@6cb560f" classname="org.springframework.web.servlet.mvc.WebContentInterceptorTests" time="0.001"/>
  <testcase name="[2] requestFactory=org.springframework.web.servlet.handler.PathPatternsTestUtils$$Lambda$644/0x0000000800662040@2efe4f" classname="org.springframework.web.servlet.mvc.WebContentInterceptorTests" time="0.001"/>
  <testcase name="[1] requestFactory=org.springframework.web.servlet.handler.PathPatternsTestUtils$$Lambda$643/0x0000000800662c40@6902e726" classname="org.springframework.web.servlet.mvc.WebContentInterceptorTests" time="0.007"/>
  <testcase name="[2] requestFactory=org.springframework.web.servlet.handler.PathPatternsTestUtils$$Lambda$644/0x0000000800662040@110326e1" classname="org.springframework.web.servlet.mvc.WebContentInterceptorTests" time="0.001"/>
  <testcase name="[1] requestFactory=org.springframework.web.servlet.handler.PathPatternsTestUtils$$Lambda$643/0x0000000800662c40@4d2471e0" classname="org.springframework.web.servlet.mvc.WebContentInterceptorTests" time="0.0"/>
  <testcase name="[2] requestFactory=org.springframework.web.servlet.handler.PathPatternsTestUtils$$Lambda$644/0x0000000800662040@3a0f228d" classname="org.springframework.web.servlet.mvc.WebContentInterceptorTests" time="0.001"/>
  <testcase name="throwsExceptionWithNullPathMatcher()" classname="org.springframework.web.servlet.mvc.WebContentInterceptorTests" time="0.001"/>
  <testcase name="[1] requestFactory=org.springframework.web.servlet.handler.PathPatternsTestUtils$$Lambda$643/0x0000000800662c40@4cf6cb6b" classname="org.springframework.web.servlet.mvc.WebContentInterceptorTests" time="0.001"/>
  <testcase name="[2] requestFactory=org.springframework.web.servlet.handler.PathPatternsTestUtils$$Lambda$644/0x0000000800662040@22331864" classname="org.springframework.web.servlet.mvc.WebContentInterceptorTests" time="0.0"/>
  <system-out><![CDATA[]]></system-out>
  <system-err><![CDATA[]]></system-err>
</testsuite>
