<?xml version="1.0" encoding="UTF-8"?>
<testsuite name="org.springframework.web.servlet.tags.form.RadioButtonTagTests" tests="10" skipped="0" failures="0" errors="0" timestamp="2021-05-09T12:41:59" hostname="wangweilidembp" time="0.052">
  <properties/>
  <testcase name="collectionOfPets()" classname="org.springframework.web.servlet.tags.form.RadioButtonTagTests" time="0.008"/>
  <testcase name="withCheckedObjectValueAndEditor()" classname="org.springframework.web.servlet.tags.form.RadioButtonTagTests" time="0.005"/>
  <testcase name="withCheckedObjectValue()" classname="org.springframework.web.servlet.tags.form.RadioButtonTagTests" time="0.005"/>
  <testcase name="withUncheckedValue()" classname="org.springframework.web.servlet.tags.form.RadioButtonTagTests" time="0.005"/>
  <testcase name="dynamicTypeAttribute()" classname="org.springframework.web.servlet.tags.form.RadioButtonTagTests" time="0.004"/>
  <testcase name="collectionOfPetsNotSelected()" classname="org.springframework.web.servlet.tags.form.RadioButtonTagTests" time="0.005"/>
  <testcase name="withUncheckedObjectValue()" classname="org.springframework.web.servlet.tags.form.RadioButtonTagTests" time="0.005"/>
  <testcase name="withCheckedValueAndDynamicAttributes()" classname="org.springframework.web.servlet.tags.form.RadioButtonTagTests" time="0.004"/>
  <testcase name="collectionOfPetsWithEditor()" classname="org.springframework.web.servlet.tags.form.RadioButtonTagTests" time="0.005"/>
  <testcase name="withCheckedValue()" classname="org.springframework.web.servlet.tags.form.RadioButtonTagTests" time="0.005"/>
  <system-out><![CDATA[]]></system-out>
  <system-err><![CDATA[]]></system-err>
</testsuite>
