<?xml version="1.0" encoding="UTF-8"?>
<testsuite name="org.springframework.web.servlet.resource.EncodedResourceResolverTests" tests="4" skipped="0" failures="0" errors="0" timestamp="2021-05-01T09:34:02" hostname="wangweilideMBP.lan" time="0.016">
  <properties/>
  <testcase name="resolveGzippedWithVersion(GzippedFiles)" classname="org.springframework.web.servlet.resource.EncodedResourceResolverTests" time="0.01"/>
  <testcase name="resolveGzipped(GzippedFiles)" classname="org.springframework.web.servlet.resource.EncodedResourceResolverTests" time="0.002"/>
  <testcase name="resolveWithNullRequest()" classname="org.springframework.web.servlet.resource.EncodedResourceResolverTests" time="0.002"/>
  <testcase name="resolveFromCacheWithEncodingVariants(GzippedFiles)" classname="org.springframework.web.servlet.resource.EncodedResourceResolverTests" time="0.002"/>
  <system-out><![CDATA[]]></system-out>
  <system-err><![CDATA[]]></system-err>
</testsuite>
