<?xml version="1.0" encoding="UTF-8"?>
<testsuite name="org.springframework.web.servlet.view.DefaultRequestToViewNameTranslatorTests" tests="22" skipped="0" failures="0" errors="0" timestamp="2021-04-26T07:41:31" hostname="wangweilideMacBook-Pro.local" time="0.016">
  <properties/>
  <testcase name="[1] requestFactory=org.springframework.web.servlet.handler.PathPatternsTestUtils$$Lambda$643/0x0000000800612040@6e6f4909" classname="org.springframework.web.servlet.view.DefaultRequestToViewNameTranslatorTests" time="0.001"/>
  <testcase name="[2] requestFactory=org.springframework.web.servlet.handler.PathPatternsTestUtils$$Lambda$644/0x0000000800612440@568b186" classname="org.springframework.web.servlet.view.DefaultRequestToViewNameTranslatorTests" time="0.0"/>
  <testcase name="[1] requestFactory=org.springframework.web.servlet.handler.PathPatternsTestUtils$$Lambda$643/0x0000000800612040@67b903e9" classname="org.springframework.web.servlet.view.DefaultRequestToViewNameTranslatorTests" time="0.001"/>
  <testcase name="[2] requestFactory=org.springframework.web.servlet.handler.PathPatternsTestUtils$$Lambda$644/0x0000000800612440@3d127354" classname="org.springframework.web.servlet.view.DefaultRequestToViewNameTranslatorTests" time="0.0"/>
  <testcase name="[1] requestFactory=org.springframework.web.servlet.handler.PathPatternsTestUtils$$Lambda$643/0x0000000800612040@292142fe" classname="org.springframework.web.servlet.view.DefaultRequestToViewNameTranslatorTests" time="0.0"/>
  <testcase name="[2] requestFactory=org.springframework.web.servlet.handler.PathPatternsTestUtils$$Lambda$644/0x0000000800612440@690532dd" classname="org.springframework.web.servlet.view.DefaultRequestToViewNameTranslatorTests" time="0.0"/>
  <testcase name="[1] requestFactory=org.springframework.web.servlet.handler.PathPatternsTestUtils$$Lambda$643/0x0000000800612040@468cd25f" classname="org.springframework.web.servlet.view.DefaultRequestToViewNameTranslatorTests" time="0.0"/>
  <testcase name="[2] requestFactory=org.springframework.web.servlet.handler.PathPatternsTestUtils$$Lambda$644/0x0000000800612440@682a8109" classname="org.springframework.web.servlet.view.DefaultRequestToViewNameTranslatorTests" time="0.0"/>
  <testcase name="[1] requestFactory=org.springframework.web.servlet.handler.PathPatternsTestUtils$$Lambda$643/0x0000000800612040@4bbf0840" classname="org.springframework.web.servlet.view.DefaultRequestToViewNameTranslatorTests" time="0.0"/>
  <testcase name="[2] requestFactory=org.springframework.web.servlet.handler.PathPatternsTestUtils$$Lambda$644/0x0000000800612440@b6c5830" classname="org.springframework.web.servlet.view.DefaultRequestToViewNameTranslatorTests" time="0.001"/>
  <testcase name="[1] requestFactory=org.springframework.web.servlet.handler.PathPatternsTestUtils$$Lambda$643/0x0000000800612040@2b527d28" classname="org.springframework.web.servlet.view.DefaultRequestToViewNameTranslatorTests" time="0.001"/>
  <testcase name="[2] requestFactory=org.springframework.web.servlet.handler.PathPatternsTestUtils$$Lambda$644/0x0000000800612440@174c8382" classname="org.springframework.web.servlet.view.DefaultRequestToViewNameTranslatorTests" time="0.0"/>
  <testcase name="[1] requestFactory=org.springframework.web.servlet.handler.PathPatternsTestUtils$$Lambda$643/0x0000000800612040@24826423" classname="org.springframework.web.servlet.view.DefaultRequestToViewNameTranslatorTests" time="0.0"/>
  <testcase name="[2] requestFactory=org.springframework.web.servlet.handler.PathPatternsTestUtils$$Lambda$644/0x0000000800612440@4dc6055b" classname="org.springframework.web.servlet.view.DefaultRequestToViewNameTranslatorTests" time="0.0"/>
  <testcase name="[1] requestFactory=org.springframework.web.servlet.handler.PathPatternsTestUtils$$Lambda$643/0x0000000800612040@75458af6" classname="org.springframework.web.servlet.view.DefaultRequestToViewNameTranslatorTests" time="0.0"/>
  <testcase name="[2] requestFactory=org.springframework.web.servlet.handler.PathPatternsTestUtils$$Lambda$644/0x0000000800612440@6e6474f" classname="org.springframework.web.servlet.view.DefaultRequestToViewNameTranslatorTests" time="0.0"/>
  <testcase name="[1] requestFactory=org.springframework.web.servlet.handler.PathPatternsTestUtils$$Lambda$643/0x0000000800612040@15289e34" classname="org.springframework.web.servlet.view.DefaultRequestToViewNameTranslatorTests" time="0.0"/>
  <testcase name="[2] requestFactory=org.springframework.web.servlet.handler.PathPatternsTestUtils$$Lambda$644/0x0000000800612440@21407fe1" classname="org.springframework.web.servlet.view.DefaultRequestToViewNameTranslatorTests" time="0.0"/>
  <testcase name="[1] requestFactory=org.springframework.web.servlet.handler.PathPatternsTestUtils$$Lambda$643/0x0000000800612040@45137ed" classname="org.springframework.web.servlet.view.DefaultRequestToViewNameTranslatorTests" time="0.0"/>
  <testcase name="[2] requestFactory=org.springframework.web.servlet.handler.PathPatternsTestUtils$$Lambda$644/0x0000000800612440@5598b00c" classname="org.springframework.web.servlet.view.DefaultRequestToViewNameTranslatorTests" time="0.0"/>
  <testcase name="[1] requestFactory=org.springframework.web.servlet.handler.PathPatternsTestUtils$$Lambda$643/0x0000000800612040@4105db5" classname="org.springframework.web.servlet.view.DefaultRequestToViewNameTranslatorTests" time="0.0"/>
  <testcase name="[2] requestFactory=org.springframework.web.servlet.handler.PathPatternsTestUtils$$Lambda$644/0x0000000800612440@260d95a1" classname="org.springframework.web.servlet.view.DefaultRequestToViewNameTranslatorTests" time="0.0"/>
  <system-out><![CDATA[]]></system-out>
  <system-err><![CDATA[]]></system-err>
</testsuite>
