<?xml version="1.0" encoding="UTF-8"?>
<testsuite name="org.springframework.web.servlet.mvc.method.annotation.RequestPartIntegrationTests" tests="3" skipped="0" failures="0" errors="0" timestamp="2021-04-26T07:41:14" hostname="wangweilideMacBook-Pro.local" time="0.761">
  <properties/>
  <testcase name="standardMultipartResolver()" classname="org.springframework.web.servlet.mvc.method.annotation.RequestPartIntegrationTests" time="0.603"/>
  <testcase name="standardMultipartResolverWithEncodedFileName()" classname="org.springframework.web.servlet.mvc.method.annotation.RequestPartIntegrationTests" time="0.03"/>
  <testcase name="commonsMultipartResolver()" classname="org.springframework.web.servlet.mvc.method.annotation.RequestPartIntegrationTests" time="0.127"/>
  <system-out><![CDATA[]]></system-out>
  <system-err><![CDATA[]]></system-err>
</testsuite>
