<?xml version="1.0" encoding="UTF-8"?>
<testsuite name="org.springframework.web.servlet.resource.ResourceHttpRequestHandlerIntegrationTests" tests="12" skipped="0" failures="0" errors="0" timestamp="2021-05-01T09:34:03" hostname="wangweilideMBP.lan" time="1.366">
  <properties/>
  <testcase name="[1] usePathPatterns=true, pathPrefix=/cp" classname="org.springframework.web.servlet.resource.ResourceHttpRequestHandlerIntegrationTests" time="0.183"/>
  <testcase name="[2] usePathPatterns=true, pathPrefix=/fs" classname="org.springframework.web.servlet.resource.ResourceHttpRequestHandlerIntegrationTests" time="0.159"/>
  <testcase name="[3] usePathPatterns=true, pathPrefix=/url" classname="org.springframework.web.servlet.resource.ResourceHttpRequestHandlerIntegrationTests" time="0.137"/>
  <testcase name="[4] usePathPatterns=false, pathPrefix=/cp" classname="org.springframework.web.servlet.resource.ResourceHttpRequestHandlerIntegrationTests" time="0.08"/>
  <testcase name="[5] usePathPatterns=false, pathPrefix=/fs" classname="org.springframework.web.servlet.resource.ResourceHttpRequestHandlerIntegrationTests" time="0.376"/>
  <testcase name="[6] usePathPatterns=false, pathPrefix=/url" classname="org.springframework.web.servlet.resource.ResourceHttpRequestHandlerIntegrationTests" time="0.069"/>
  <testcase name="[1] usePathPatterns=true, pathPrefix=/cp" classname="org.springframework.web.servlet.resource.ResourceHttpRequestHandlerIntegrationTests" time="0.066"/>
  <testcase name="[2] usePathPatterns=true, pathPrefix=/fs" classname="org.springframework.web.servlet.resource.ResourceHttpRequestHandlerIntegrationTests" time="0.062"/>
  <testcase name="[3] usePathPatterns=true, pathPrefix=/url" classname="org.springframework.web.servlet.resource.ResourceHttpRequestHandlerIntegrationTests" time="0.056"/>
  <testcase name="[4] usePathPatterns=false, pathPrefix=/cp" classname="org.springframework.web.servlet.resource.ResourceHttpRequestHandlerIntegrationTests" time="0.054"/>
  <testcase name="[5] usePathPatterns=false, pathPrefix=/fs" classname="org.springframework.web.servlet.resource.ResourceHttpRequestHandlerIntegrationTests" time="0.056"/>
  <testcase name="[6] usePathPatterns=false, pathPrefix=/url" classname="org.springframework.web.servlet.resource.ResourceHttpRequestHandlerIntegrationTests" time="0.059"/>
  <system-out><![CDATA[]]></system-out>
  <system-err><![CDATA[]]></system-err>
</testsuite>
