<?xml version="1.0" encoding="UTF-8"?>
<testsuite name="org.springframework.web.servlet.handler.HandlerMappingIntrospectorTests" tests="7" skipped="0" failures="0" errors="0" timestamp="2021-05-09T12:41:21" hostname="wangweilidembp" time="0.73">
  <properties/>
  <testcase name="getMatchableWhereHandlerMappingDoesNotImplementMatchableInterface()" classname="org.springframework.web.servlet.handler.HandlerMappingIntrospectorTests" time="0.133"/>
  <testcase name="getCorsConfigurationPreFlight()" classname="org.springframework.web.servlet.handler.HandlerMappingIntrospectorTests" time="0.448"/>
  <testcase name="detectHandlerMappings()" classname="org.springframework.web.servlet.handler.HandlerMappingIntrospectorTests" time="0.011"/>
  <testcase name="[1] usePathPatterns=true" classname="org.springframework.web.servlet.handler.HandlerMappingIntrospectorTests" time="0.05"/>
  <testcase name="[2] usePathPatterns=false" classname="org.springframework.web.servlet.handler.HandlerMappingIntrospectorTests" time="0.005"/>
  <testcase name="detectHandlerMappingsOrdered()" classname="org.springframework.web.servlet.handler.HandlerMappingIntrospectorTests" time="0.004"/>
  <testcase name="getCorsConfigurationActual()" classname="org.springframework.web.servlet.handler.HandlerMappingIntrospectorTests" time="0.032"/>
  <system-out><![CDATA[]]></system-out>
  <system-err><![CDATA[]]></system-err>
</testsuite>
