<?xml version="1.0" encoding="UTF-8"?>
<testsuite name="org.springframework.web.servlet.support.DispatcherServletInitializerTests" tests="1" skipped="0" failures="0" errors="0" timestamp="2021-05-09T12:42:01" hostname="wangweilidembp" time="0.001">
  <properties/>
  <testcase name="register()" classname="org.springframework.web.servlet.support.DispatcherServletInitializerTests" time="0.001"/>
  <system-out><![CDATA[]]></system-out>
  <system-err><![CDATA[]]></system-err>
</testsuite>
