<?xml version="1.0" encoding="UTF-8"?>
<testsuite name="org.springframework.web.servlet.function.RouterFunctionBuilderTests" tests="6" skipped="0" failures="0" errors="0" timestamp="2021-05-01T09:33:40" hostname="wangweilideMBP.lan" time="0.02">
  <properties/>
  <testcase name="resources()" classname="org.springframework.web.servlet.function.RouterFunctionBuilderTests" time="0.003"/>
  <testcase name="multipleOnErrors()" classname="org.springframework.web.servlet.function.RouterFunctionBuilderTests" time="0.005"/>
  <testcase name="filters()" classname="org.springframework.web.servlet.function.RouterFunctionBuilderTests" time="0.004"/>
  <testcase name="nest()" classname="org.springframework.web.servlet.function.RouterFunctionBuilderTests" time="0.002"/>
  <testcase name="route()" classname="org.springframework.web.servlet.function.RouterFunctionBuilderTests" time="0.004"/>
  <testcase name="attributes()" classname="org.springframework.web.servlet.function.RouterFunctionBuilderTests" time="0.001"/>
  <system-out><![CDATA[]]></system-out>
  <system-err><![CDATA[]]></system-err>
</testsuite>
