<?xml version="1.0" encoding="UTF-8"?>
<testsuite name="org.springframework.web.servlet.mvc.method.annotation.ServletAnnotationControllerHandlerMethodTests" tests="225" skipped="0" failures="0" errors="0" timestamp="2021-04-26T07:41:04" hostname="wangweilideMacBook-Pro.local" time="7.147">
  <properties/>
  <testcase name="[1] usePathPatterns=true" classname="org.springframework.web.servlet.mvc.method.annotation.ServletAnnotationControllerHandlerMethodTests" time="0.042"/>
  <testcase name="[2] usePathPatterns=false" classname="org.springframework.web.servlet.mvc.method.annotation.ServletAnnotationControllerHandlerMethodTests" time="0.025"/>
  <testcase name="[1] usePathPatterns=true" classname="org.springframework.web.servlet.mvc.method.annotation.ServletAnnotationControllerHandlerMethodTests" time="0.047"/>
  <testcase name="[2] usePathPatterns=false" classname="org.springframework.web.servlet.mvc.method.annotation.ServletAnnotationControllerHandlerMethodTests" time="0.026"/>
  <testcase name="[1] usePathPatterns=true" classname="org.springframework.web.servlet.mvc.method.annotation.ServletAnnotationControllerHandlerMethodTests" time="0.038"/>
  <testcase name="[2] usePathPatterns=false" classname="org.springframework.web.servlet.mvc.method.annotation.ServletAnnotationControllerHandlerMethodTests" time="0.031"/>
  <testcase name="[1] usePathPatterns=true" classname="org.springframework.web.servlet.mvc.method.annotation.ServletAnnotationControllerHandlerMethodTests" time="0.517"/>
  <testcase name="[2] usePathPatterns=false" classname="org.springframework.web.servlet.mvc.method.annotation.ServletAnnotationControllerHandlerMethodTests" time="0.044"/>
  <testcase name="[1] usePathPatterns=true" classname="org.springframework.web.servlet.mvc.method.annotation.ServletAnnotationControllerHandlerMethodTests" time="0.023"/>
  <testcase name="[2] usePathPatterns=false" classname="org.springframework.web.servlet.mvc.method.annotation.ServletAnnotationControllerHandlerMethodTests" time="0.029"/>
  <testcase name="[1] usePathPatterns=true" classname="org.springframework.web.servlet.mvc.method.annotation.ServletAnnotationControllerHandlerMethodTests" time="0.025"/>
  <testcase name="[2] usePathPatterns=false" classname="org.springframework.web.servlet.mvc.method.annotation.ServletAnnotationControllerHandlerMethodTests" time="0.025"/>
  <testcase name="[1] usePathPatterns=true" classname="org.springframework.web.servlet.mvc.method.annotation.ServletAnnotationControllerHandlerMethodTests" time="0.039"/>
  <testcase name="[2] usePathPatterns=false" classname="org.springframework.web.servlet.mvc.method.annotation.ServletAnnotationControllerHandlerMethodTests" time="0.022"/>
  <testcase name="[1] usePathPatterns=true" classname="org.springframework.web.servlet.mvc.method.annotation.ServletAnnotationControllerHandlerMethodTests" time="0.028"/>
  <testcase name="[2] usePathPatterns=false" classname="org.springframework.web.servlet.mvc.method.annotation.ServletAnnotationControllerHandlerMethodTests" time="0.025"/>
  <testcase name="[1] usePathPatterns=true" classname="org.springframework.web.servlet.mvc.method.annotation.ServletAnnotationControllerHandlerMethodTests" time="0.034"/>
  <testcase name="[2] usePathPatterns=false" classname="org.springframework.web.servlet.mvc.method.annotation.ServletAnnotationControllerHandlerMethodTests" time="0.026"/>
  <testcase name="[1] usePathPatterns=true" classname="org.springframework.web.servlet.mvc.method.annotation.ServletAnnotationControllerHandlerMethodTests" time="0.025"/>
  <testcase name="[2] usePathPatterns=false" classname="org.springframework.web.servlet.mvc.method.annotation.ServletAnnotationControllerHandlerMethodTests" time="0.025"/>
  <testcase name="[1] usePathPatterns=true" classname="org.springframework.web.servlet.mvc.method.annotation.ServletAnnotationControllerHandlerMethodTests" time="0.028"/>
  <testcase name="[2] usePathPatterns=false" classname="org.springframework.web.servlet.mvc.method.annotation.ServletAnnotationControllerHandlerMethodTests" time="0.013"/>
  <testcase name="[1] usePathPatterns=true" classname="org.springframework.web.servlet.mvc.method.annotation.ServletAnnotationControllerHandlerMethodTests" time="0.026"/>
  <testcase name="[2] usePathPatterns=false" classname="org.springframework.web.servlet.mvc.method.annotation.ServletAnnotationControllerHandlerMethodTests" time="0.024"/>
  <testcase name="[1] usePathPatterns=true" classname="org.springframework.web.servlet.mvc.method.annotation.ServletAnnotationControllerHandlerMethodTests" time="0.028"/>
  <testcase name="[2] usePathPatterns=false" classname="org.springframework.web.servlet.mvc.method.annotation.ServletAnnotationControllerHandlerMethodTests" time="0.026"/>
  <testcase name="[1] usePathPatterns=true" classname="org.springframework.web.servlet.mvc.method.annotation.ServletAnnotationControllerHandlerMethodTests" time="0.027"/>
  <testcase name="[2] usePathPatterns=false" classname="org.springframework.web.servlet.mvc.method.annotation.ServletAnnotationControllerHandlerMethodTests" time="0.033"/>
  <testcase name="[1] usePathPatterns=true" classname="org.springframework.web.servlet.mvc.method.annotation.ServletAnnotationControllerHandlerMethodTests" time="0.047"/>
  <testcase name="[2] usePathPatterns=false" classname="org.springframework.web.servlet.mvc.method.annotation.ServletAnnotationControllerHandlerMethodTests" time="0.036"/>
  <testcase name="[1] usePathPatterns=true" classname="org.springframework.web.servlet.mvc.method.annotation.ServletAnnotationControllerHandlerMethodTests" time="0.032"/>
  <testcase name="[2] usePathPatterns=false" classname="org.springframework.web.servlet.mvc.method.annotation.ServletAnnotationControllerHandlerMethodTests" time="0.032"/>
  <testcase name="[1] usePathPatterns=true" classname="org.springframework.web.servlet.mvc.method.annotation.ServletAnnotationControllerHandlerMethodTests" time="0.217"/>
  <testcase name="[2] usePathPatterns=false" classname="org.springframework.web.servlet.mvc.method.annotation.ServletAnnotationControllerHandlerMethodTests" time="0.18"/>
  <testcase name="[1] usePathPatterns=true" classname="org.springframework.web.servlet.mvc.method.annotation.ServletAnnotationControllerHandlerMethodTests" time="0.055"/>
  <testcase name="[2] usePathPatterns=false" classname="org.springframework.web.servlet.mvc.method.annotation.ServletAnnotationControllerHandlerMethodTests" time="0.062"/>
  <testcase name="[1] usePathPatterns=true" classname="org.springframework.web.servlet.mvc.method.annotation.ServletAnnotationControllerHandlerMethodTests" time="0.039"/>
  <testcase name="[2] usePathPatterns=false" classname="org.springframework.web.servlet.mvc.method.annotation.ServletAnnotationControllerHandlerMethodTests" time="0.043"/>
  <testcase name="[1] usePathPatterns=true" classname="org.springframework.web.servlet.mvc.method.annotation.ServletAnnotationControllerHandlerMethodTests" time="0.039"/>
  <testcase name="[2] usePathPatterns=false" classname="org.springframework.web.servlet.mvc.method.annotation.ServletAnnotationControllerHandlerMethodTests" time="0.036"/>
  <testcase name="[1] usePathPatterns=true" classname="org.springframework.web.servlet.mvc.method.annotation.ServletAnnotationControllerHandlerMethodTests" time="0.075"/>
  <testcase name="[2] usePathPatterns=false" classname="org.springframework.web.servlet.mvc.method.annotation.ServletAnnotationControllerHandlerMethodTests" time="0.054"/>
  <testcase name="[1] usePathPatterns=true" classname="org.springframework.web.servlet.mvc.method.annotation.ServletAnnotationControllerHandlerMethodTests" time="0.03"/>
  <testcase name="[2] usePathPatterns=false" classname="org.springframework.web.servlet.mvc.method.annotation.ServletAnnotationControllerHandlerMethodTests" time="0.029"/>
  <testcase name="[1] usePathPatterns=true" classname="org.springframework.web.servlet.mvc.method.annotation.ServletAnnotationControllerHandlerMethodTests" time="0.039"/>
  <testcase name="[2] usePathPatterns=false" classname="org.springframework.web.servlet.mvc.method.annotation.ServletAnnotationControllerHandlerMethodTests" time="0.041"/>
  <testcase name="[1] usePathPatterns=true" classname="org.springframework.web.servlet.mvc.method.annotation.ServletAnnotationControllerHandlerMethodTests" time="0.035"/>
  <testcase name="[2] usePathPatterns=false" classname="org.springframework.web.servlet.mvc.method.annotation.ServletAnnotationControllerHandlerMethodTests" time="0.031"/>
  <testcase name="[1] usePathPatterns=true" classname="org.springframework.web.servlet.mvc.method.annotation.ServletAnnotationControllerHandlerMethodTests" time="0.036"/>
  <testcase name="[2] usePathPatterns=false" classname="org.springframework.web.servlet.mvc.method.annotation.ServletAnnotationControllerHandlerMethodTests" time="0.026"/>
  <testcase name="[1] usePathPatterns=true" classname="org.springframework.web.servlet.mvc.method.annotation.ServletAnnotationControllerHandlerMethodTests" time="0.027"/>
  <testcase name="[2] usePathPatterns=false" classname="org.springframework.web.servlet.mvc.method.annotation.ServletAnnotationControllerHandlerMethodTests" time="0.024"/>
  <testcase name="[1] usePathPatterns=true" classname="org.springframework.web.servlet.mvc.method.annotation.ServletAnnotationControllerHandlerMethodTests" time="0.024"/>
  <testcase name="[2] usePathPatterns=false" classname="org.springframework.web.servlet.mvc.method.annotation.ServletAnnotationControllerHandlerMethodTests" time="0.02"/>
  <testcase name="routerFunction()" classname="org.springframework.web.servlet.mvc.method.annotation.ServletAnnotationControllerHandlerMethodTests" time="0.056"/>
  <testcase name="[1] usePathPatterns=true" classname="org.springframework.web.servlet.mvc.method.annotation.ServletAnnotationControllerHandlerMethodTests" time="0.025"/>
  <testcase name="[2] usePathPatterns=false" classname="org.springframework.web.servlet.mvc.method.annotation.ServletAnnotationControllerHandlerMethodTests" time="0.023"/>
  <testcase name="[1] usePathPatterns=true" classname="org.springframework.web.servlet.mvc.method.annotation.ServletAnnotationControllerHandlerMethodTests" time="0.022"/>
  <testcase name="[2] usePathPatterns=false" classname="org.springframework.web.servlet.mvc.method.annotation.ServletAnnotationControllerHandlerMethodTests" time="0.03"/>
  <testcase name="[1] usePathPatterns=true" classname="org.springframework.web.servlet.mvc.method.annotation.ServletAnnotationControllerHandlerMethodTests" time="0.081"/>
  <testcase name="[2] usePathPatterns=false" classname="org.springframework.web.servlet.mvc.method.annotation.ServletAnnotationControllerHandlerMethodTests" time="0.023"/>
  <testcase name="[1] usePathPatterns=true" classname="org.springframework.web.servlet.mvc.method.annotation.ServletAnnotationControllerHandlerMethodTests" time="0.022"/>
  <testcase name="[2] usePathPatterns=false" classname="org.springframework.web.servlet.mvc.method.annotation.ServletAnnotationControllerHandlerMethodTests" time="0.017"/>
  <testcase name="[1] usePathPatterns=true" classname="org.springframework.web.servlet.mvc.method.annotation.ServletAnnotationControllerHandlerMethodTests" time="0.054"/>
  <testcase name="[2] usePathPatterns=false" classname="org.springframework.web.servlet.mvc.method.annotation.ServletAnnotationControllerHandlerMethodTests" time="0.022"/>
  <testcase name="[1] usePathPatterns=true" classname="org.springframework.web.servlet.mvc.method.annotation.ServletAnnotationControllerHandlerMethodTests" time="0.022"/>
  <testcase name="[2] usePathPatterns=false" classname="org.springframework.web.servlet.mvc.method.annotation.ServletAnnotationControllerHandlerMethodTests" time="0.02"/>
  <testcase name="[1] usePathPatterns=true" classname="org.springframework.web.servlet.mvc.method.annotation.ServletAnnotationControllerHandlerMethodTests" time="0.022"/>
  <testcase name="[2] usePathPatterns=false" classname="org.springframework.web.servlet.mvc.method.annotation.ServletAnnotationControllerHandlerMethodTests" time="0.02"/>
  <testcase name="[1] usePathPatterns=true" classname="org.springframework.web.servlet.mvc.method.annotation.ServletAnnotationControllerHandlerMethodTests" time="0.029"/>
  <testcase name="[2] usePathPatterns=false" classname="org.springframework.web.servlet.mvc.method.annotation.ServletAnnotationControllerHandlerMethodTests" time="0.026"/>
  <testcase name="[1] usePathPatterns=true" classname="org.springframework.web.servlet.mvc.method.annotation.ServletAnnotationControllerHandlerMethodTests" time="0.023"/>
  <testcase name="[2] usePathPatterns=false" classname="org.springframework.web.servlet.mvc.method.annotation.ServletAnnotationControllerHandlerMethodTests" time="0.023"/>
  <testcase name="[1] usePathPatterns=true" classname="org.springframework.web.servlet.mvc.method.annotation.ServletAnnotationControllerHandlerMethodTests" time="0.023"/>
  <testcase name="[2] usePathPatterns=false" classname="org.springframework.web.servlet.mvc.method.annotation.ServletAnnotationControllerHandlerMethodTests" time="0.02"/>
  <testcase name="[1] usePathPatterns=true" classname="org.springframework.web.servlet.mvc.method.annotation.ServletAnnotationControllerHandlerMethodTests" time="0.032"/>
  <testcase name="[2] usePathPatterns=false" classname="org.springframework.web.servlet.mvc.method.annotation.ServletAnnotationControllerHandlerMethodTests" time="0.033"/>
  <testcase name="[1] usePathPatterns=true" classname="org.springframework.web.servlet.mvc.method.annotation.ServletAnnotationControllerHandlerMethodTests" time="0.025"/>
  <testcase name="[2] usePathPatterns=false" classname="org.springframework.web.servlet.mvc.method.annotation.ServletAnnotationControllerHandlerMethodTests" time="0.022"/>
  <testcase name="[1] usePathPatterns=true" classname="org.springframework.web.servlet.mvc.method.annotation.ServletAnnotationControllerHandlerMethodTests" time="0.186"/>
  <testcase name="[2] usePathPatterns=false" classname="org.springframework.web.servlet.mvc.method.annotation.ServletAnnotationControllerHandlerMethodTests" time="0.026"/>
  <testcase name="[1] usePathPatterns=true" classname="org.springframework.web.servlet.mvc.method.annotation.ServletAnnotationControllerHandlerMethodTests" time="0.018"/>
  <testcase name="[2] usePathPatterns=false" classname="org.springframework.web.servlet.mvc.method.annotation.ServletAnnotationControllerHandlerMethodTests" time="0.021"/>
  <testcase name="[1] usePathPatterns=true" classname="org.springframework.web.servlet.mvc.method.annotation.ServletAnnotationControllerHandlerMethodTests" time="0.02"/>
  <testcase name="[2] usePathPatterns=false" classname="org.springframework.web.servlet.mvc.method.annotation.ServletAnnotationControllerHandlerMethodTests" time="0.019"/>
  <testcase name="[1] usePathPatterns=true" classname="org.springframework.web.servlet.mvc.method.annotation.ServletAnnotationControllerHandlerMethodTests" time="0.072"/>
  <testcase name="[2] usePathPatterns=false" classname="org.springframework.web.servlet.mvc.method.annotation.ServletAnnotationControllerHandlerMethodTests" time="0.032"/>
  <testcase name="[1] usePathPatterns=true" classname="org.springframework.web.servlet.mvc.method.annotation.ServletAnnotationControllerHandlerMethodTests" time="0.021"/>
  <testcase name="[2] usePathPatterns=false" classname="org.springframework.web.servlet.mvc.method.annotation.ServletAnnotationControllerHandlerMethodTests" time="0.022"/>
  <testcase name="[1] usePathPatterns=true" classname="org.springframework.web.servlet.mvc.method.annotation.ServletAnnotationControllerHandlerMethodTests" time="0.023"/>
  <testcase name="[2] usePathPatterns=false" classname="org.springframework.web.servlet.mvc.method.annotation.ServletAnnotationControllerHandlerMethodTests" time="0.021"/>
  <testcase name="[1] usePathPatterns=true" classname="org.springframework.web.servlet.mvc.method.annotation.ServletAnnotationControllerHandlerMethodTests" time="0.032"/>
  <testcase name="[2] usePathPatterns=false" classname="org.springframework.web.servlet.mvc.method.annotation.ServletAnnotationControllerHandlerMethodTests" time="0.024"/>
  <testcase name="[1] usePathPatterns=true" classname="org.springframework.web.servlet.mvc.method.annotation.ServletAnnotationControllerHandlerMethodTests" time="0.023"/>
  <testcase name="[2] usePathPatterns=false" classname="org.springframework.web.servlet.mvc.method.annotation.ServletAnnotationControllerHandlerMethodTests" time="0.021"/>
  <testcase name="[1] usePathPatterns=true" classname="org.springframework.web.servlet.mvc.method.annotation.ServletAnnotationControllerHandlerMethodTests" time="0.016"/>
  <testcase name="[2] usePathPatterns=false" classname="org.springframework.web.servlet.mvc.method.annotation.ServletAnnotationControllerHandlerMethodTests" time="0.033"/>
  <testcase name="[1] usePathPatterns=true" classname="org.springframework.web.servlet.mvc.method.annotation.ServletAnnotationControllerHandlerMethodTests" time="0.068"/>
  <testcase name="[2] usePathPatterns=false" classname="org.springframework.web.servlet.mvc.method.annotation.ServletAnnotationControllerHandlerMethodTests" time="0.021"/>
  <testcase name="[1] usePathPatterns=true" classname="org.springframework.web.servlet.mvc.method.annotation.ServletAnnotationControllerHandlerMethodTests" time="0.022"/>
  <testcase name="[2] usePathPatterns=false" classname="org.springframework.web.servlet.mvc.method.annotation.ServletAnnotationControllerHandlerMethodTests" time="0.019"/>
  <testcase name="[1] usePathPatterns=true" classname="org.springframework.web.servlet.mvc.method.annotation.ServletAnnotationControllerHandlerMethodTests" time="0.02"/>
  <testcase name="[2] usePathPatterns=false" classname="org.springframework.web.servlet.mvc.method.annotation.ServletAnnotationControllerHandlerMethodTests" time="0.017"/>
  <testcase name="[1] usePathPatterns=true" classname="org.springframework.web.servlet.mvc.method.annotation.ServletAnnotationControllerHandlerMethodTests" time="0.016"/>
  <testcase name="[2] usePathPatterns=false" classname="org.springframework.web.servlet.mvc.method.annotation.ServletAnnotationControllerHandlerMethodTests" time="0.022"/>
  <testcase name="[1] usePathPatterns=true" classname="org.springframework.web.servlet.mvc.method.annotation.ServletAnnotationControllerHandlerMethodTests" time="0.079"/>
  <testcase name="[2] usePathPatterns=false" classname="org.springframework.web.servlet.mvc.method.annotation.ServletAnnotationControllerHandlerMethodTests" time="0.024"/>
  <testcase name="[1] usePathPatterns=true" classname="org.springframework.web.servlet.mvc.method.annotation.ServletAnnotationControllerHandlerMethodTests" time="0.015"/>
  <testcase name="[2] usePathPatterns=false" classname="org.springframework.web.servlet.mvc.method.annotation.ServletAnnotationControllerHandlerMethodTests" time="0.015"/>
  <testcase name="[1] usePathPatterns=true" classname="org.springframework.web.servlet.mvc.method.annotation.ServletAnnotationControllerHandlerMethodTests" time="0.026"/>
  <testcase name="[2] usePathPatterns=false" classname="org.springframework.web.servlet.mvc.method.annotation.ServletAnnotationControllerHandlerMethodTests" time="0.028"/>
  <testcase name="[1] usePathPatterns=true" classname="org.springframework.web.servlet.mvc.method.annotation.ServletAnnotationControllerHandlerMethodTests" time="0.061"/>
  <testcase name="[2] usePathPatterns=false" classname="org.springframework.web.servlet.mvc.method.annotation.ServletAnnotationControllerHandlerMethodTests" time="0.021"/>
  <testcase name="[1] usePathPatterns=true" classname="org.springframework.web.servlet.mvc.method.annotation.ServletAnnotationControllerHandlerMethodTests" time="0.019"/>
  <testcase name="[2] usePathPatterns=false" classname="org.springframework.web.servlet.mvc.method.annotation.ServletAnnotationControllerHandlerMethodTests" time="0.017"/>
  <testcase name="[1] usePathPatterns=true" classname="org.springframework.web.servlet.mvc.method.annotation.ServletAnnotationControllerHandlerMethodTests" time="0.021"/>
  <testcase name="[2] usePathPatterns=false" classname="org.springframework.web.servlet.mvc.method.annotation.ServletAnnotationControllerHandlerMethodTests" time="0.02"/>
  <testcase name="[1] usePathPatterns=true" classname="org.springframework.web.servlet.mvc.method.annotation.ServletAnnotationControllerHandlerMethodTests" time="0.021"/>
  <testcase name="[2] usePathPatterns=false" classname="org.springframework.web.servlet.mvc.method.annotation.ServletAnnotationControllerHandlerMethodTests" time="0.021"/>
  <testcase name="[1] usePathPatterns=true" classname="org.springframework.web.servlet.mvc.method.annotation.ServletAnnotationControllerHandlerMethodTests" time="0.018"/>
  <testcase name="[2] usePathPatterns=false" classname="org.springframework.web.servlet.mvc.method.annotation.ServletAnnotationControllerHandlerMethodTests" time="0.018"/>
  <testcase name="[1] usePathPatterns=true" classname="org.springframework.web.servlet.mvc.method.annotation.ServletAnnotationControllerHandlerMethodTests" time="0.02"/>
  <testcase name="[2] usePathPatterns=false" classname="org.springframework.web.servlet.mvc.method.annotation.ServletAnnotationControllerHandlerMethodTests" time="0.016"/>
  <testcase name="[1] usePathPatterns=true" classname="org.springframework.web.servlet.mvc.method.annotation.ServletAnnotationControllerHandlerMethodTests" time="0.019"/>
  <testcase name="[2] usePathPatterns=false" classname="org.springframework.web.servlet.mvc.method.annotation.ServletAnnotationControllerHandlerMethodTests" time="0.015"/>
  <testcase name="[1] usePathPatterns=true" classname="org.springframework.web.servlet.mvc.method.annotation.ServletAnnotationControllerHandlerMethodTests" time="0.032"/>
  <testcase name="[2] usePathPatterns=false" classname="org.springframework.web.servlet.mvc.method.annotation.ServletAnnotationControllerHandlerMethodTests" time="0.017"/>
  <testcase name="[1] usePathPatterns=true" classname="org.springframework.web.servlet.mvc.method.annotation.ServletAnnotationControllerHandlerMethodTests" time="0.021"/>
  <testcase name="[2] usePathPatterns=false" classname="org.springframework.web.servlet.mvc.method.annotation.ServletAnnotationControllerHandlerMethodTests" time="0.02"/>
  <testcase name="[1] usePathPatterns=true" classname="org.springframework.web.servlet.mvc.method.annotation.ServletAnnotationControllerHandlerMethodTests" time="0.019"/>
  <testcase name="[2] usePathPatterns=false" classname="org.springframework.web.servlet.mvc.method.annotation.ServletAnnotationControllerHandlerMethodTests" time="0.022"/>
  <testcase name="[1] usePathPatterns=true" classname="org.springframework.web.servlet.mvc.method.annotation.ServletAnnotationControllerHandlerMethodTests" time="0.067"/>
  <testcase name="[2] usePathPatterns=false" classname="org.springframework.web.servlet.mvc.method.annotation.ServletAnnotationControllerHandlerMethodTests" time="0.058"/>
  <testcase name="[1] usePathPatterns=true" classname="org.springframework.web.servlet.mvc.method.annotation.ServletAnnotationControllerHandlerMethodTests" time="0.02"/>
  <testcase name="[2] usePathPatterns=false" classname="org.springframework.web.servlet.mvc.method.annotation.ServletAnnotationControllerHandlerMethodTests" time="0.015"/>
  <testcase name="[1] usePathPatterns=true" classname="org.springframework.web.servlet.mvc.method.annotation.ServletAnnotationControllerHandlerMethodTests" time="0.017"/>
  <testcase name="[2] usePathPatterns=false" classname="org.springframework.web.servlet.mvc.method.annotation.ServletAnnotationControllerHandlerMethodTests" time="0.019"/>
  <testcase name="[1] usePathPatterns=true" classname="org.springframework.web.servlet.mvc.method.annotation.ServletAnnotationControllerHandlerMethodTests" time="0.014"/>
  <testcase name="[2] usePathPatterns=false" classname="org.springframework.web.servlet.mvc.method.annotation.ServletAnnotationControllerHandlerMethodTests" time="0.014"/>
  <testcase name="[1] usePathPatterns=true" classname="org.springframework.web.servlet.mvc.method.annotation.ServletAnnotationControllerHandlerMethodTests" time="0.017"/>
  <testcase name="[2] usePathPatterns=false" classname="org.springframework.web.servlet.mvc.method.annotation.ServletAnnotationControllerHandlerMethodTests" time="0.013"/>
  <testcase name="[1] usePathPatterns=true" classname="org.springframework.web.servlet.mvc.method.annotation.ServletAnnotationControllerHandlerMethodTests" time="0.018"/>
  <testcase name="[2] usePathPatterns=false" classname="org.springframework.web.servlet.mvc.method.annotation.ServletAnnotationControllerHandlerMethodTests" time="0.022"/>
  <testcase name="[1] usePathPatterns=true" classname="org.springframework.web.servlet.mvc.method.annotation.ServletAnnotationControllerHandlerMethodTests" time="0.018"/>
  <testcase name="[2] usePathPatterns=false" classname="org.springframework.web.servlet.mvc.method.annotation.ServletAnnotationControllerHandlerMethodTests" time="0.019"/>
  <testcase name="[1] usePathPatterns=true" classname="org.springframework.web.servlet.mvc.method.annotation.ServletAnnotationControllerHandlerMethodTests" time="0.018"/>
  <testcase name="[2] usePathPatterns=false" classname="org.springframework.web.servlet.mvc.method.annotation.ServletAnnotationControllerHandlerMethodTests" time="0.017"/>
  <testcase name="[1] usePathPatterns=true" classname="org.springframework.web.servlet.mvc.method.annotation.ServletAnnotationControllerHandlerMethodTests" time="0.019"/>
  <testcase name="[2] usePathPatterns=false" classname="org.springframework.web.servlet.mvc.method.annotation.ServletAnnotationControllerHandlerMethodTests" time="0.018"/>
  <testcase name="[1] usePathPatterns=true" classname="org.springframework.web.servlet.mvc.method.annotation.ServletAnnotationControllerHandlerMethodTests" time="0.014"/>
  <testcase name="[2] usePathPatterns=false" classname="org.springframework.web.servlet.mvc.method.annotation.ServletAnnotationControllerHandlerMethodTests" time="0.018"/>
  <testcase name="[1] usePathPatterns=true" classname="org.springframework.web.servlet.mvc.method.annotation.ServletAnnotationControllerHandlerMethodTests" time="0.041"/>
  <testcase name="[2] usePathPatterns=false" classname="org.springframework.web.servlet.mvc.method.annotation.ServletAnnotationControllerHandlerMethodTests" time="0.039"/>
  <testcase name="[1] usePathPatterns=true" classname="org.springframework.web.servlet.mvc.method.annotation.ServletAnnotationControllerHandlerMethodTests" time="0.019"/>
  <testcase name="[2] usePathPatterns=false" classname="org.springframework.web.servlet.mvc.method.annotation.ServletAnnotationControllerHandlerMethodTests" time="0.015"/>
  <testcase name="[1] usePathPatterns=true" classname="org.springframework.web.servlet.mvc.method.annotation.ServletAnnotationControllerHandlerMethodTests" time="0.039"/>
  <testcase name="[2] usePathPatterns=false" classname="org.springframework.web.servlet.mvc.method.annotation.ServletAnnotationControllerHandlerMethodTests" time="0.044"/>
  <testcase name="[1] usePathPatterns=true" classname="org.springframework.web.servlet.mvc.method.annotation.ServletAnnotationControllerHandlerMethodTests" time="0.023"/>
  <testcase name="[2] usePathPatterns=false" classname="org.springframework.web.servlet.mvc.method.annotation.ServletAnnotationControllerHandlerMethodTests" time="0.022"/>
  <testcase name="[1] usePathPatterns=true" classname="org.springframework.web.servlet.mvc.method.annotation.ServletAnnotationControllerHandlerMethodTests" time="0.017"/>
  <testcase name="[2] usePathPatterns=false" classname="org.springframework.web.servlet.mvc.method.annotation.ServletAnnotationControllerHandlerMethodTests" time="0.018"/>
  <testcase name="[1] usePathPatterns=true" classname="org.springframework.web.servlet.mvc.method.annotation.ServletAnnotationControllerHandlerMethodTests" time="0.021"/>
  <testcase name="[2] usePathPatterns=false" classname="org.springframework.web.servlet.mvc.method.annotation.ServletAnnotationControllerHandlerMethodTests" time="0.021"/>
  <testcase name="[1] usePathPatterns=true" classname="org.springframework.web.servlet.mvc.method.annotation.ServletAnnotationControllerHandlerMethodTests" time="0.023"/>
  <testcase name="[2] usePathPatterns=false" classname="org.springframework.web.servlet.mvc.method.annotation.ServletAnnotationControllerHandlerMethodTests" time="0.018"/>
  <testcase name="[1] usePathPatterns=true" classname="org.springframework.web.servlet.mvc.method.annotation.ServletAnnotationControllerHandlerMethodTests" time="0.022"/>
  <testcase name="[2] usePathPatterns=false" classname="org.springframework.web.servlet.mvc.method.annotation.ServletAnnotationControllerHandlerMethodTests" time="0.02"/>
  <testcase name="[1] usePathPatterns=true" classname="org.springframework.web.servlet.mvc.method.annotation.ServletAnnotationControllerHandlerMethodTests" time="0.032"/>
  <testcase name="[2] usePathPatterns=false" classname="org.springframework.web.servlet.mvc.method.annotation.ServletAnnotationControllerHandlerMethodTests" time="0.031"/>
  <testcase name="[1] usePathPatterns=true" classname="org.springframework.web.servlet.mvc.method.annotation.ServletAnnotationControllerHandlerMethodTests" time="0.021"/>
  <testcase name="[2] usePathPatterns=false" classname="org.springframework.web.servlet.mvc.method.annotation.ServletAnnotationControllerHandlerMethodTests" time="0.019"/>
  <testcase name="[1] usePathPatterns=true" classname="org.springframework.web.servlet.mvc.method.annotation.ServletAnnotationControllerHandlerMethodTests" time="0.02"/>
  <testcase name="[2] usePathPatterns=false" classname="org.springframework.web.servlet.mvc.method.annotation.ServletAnnotationControllerHandlerMethodTests" time="0.019"/>
  <testcase name="[1] usePathPatterns=true" classname="org.springframework.web.servlet.mvc.method.annotation.ServletAnnotationControllerHandlerMethodTests" time="0.019"/>
  <testcase name="[2] usePathPatterns=false" classname="org.springframework.web.servlet.mvc.method.annotation.ServletAnnotationControllerHandlerMethodTests" time="0.02"/>
  <testcase name="[1] usePathPatterns=true" classname="org.springframework.web.servlet.mvc.method.annotation.ServletAnnotationControllerHandlerMethodTests" time="0.019"/>
  <testcase name="[2] usePathPatterns=false" classname="org.springframework.web.servlet.mvc.method.annotation.ServletAnnotationControllerHandlerMethodTests" time="0.02"/>
  <testcase name="[1] usePathPatterns=true" classname="org.springframework.web.servlet.mvc.method.annotation.ServletAnnotationControllerHandlerMethodTests" time="0.019"/>
  <testcase name="[2] usePathPatterns=false" classname="org.springframework.web.servlet.mvc.method.annotation.ServletAnnotationControllerHandlerMethodTests" time="0.018"/>
  <testcase name="[1] usePathPatterns=true" classname="org.springframework.web.servlet.mvc.method.annotation.ServletAnnotationControllerHandlerMethodTests" time="0.022"/>
  <testcase name="[2] usePathPatterns=false" classname="org.springframework.web.servlet.mvc.method.annotation.ServletAnnotationControllerHandlerMethodTests" time="0.016"/>
  <testcase name="[1] usePathPatterns=true" classname="org.springframework.web.servlet.mvc.method.annotation.ServletAnnotationControllerHandlerMethodTests" time="0.013"/>
  <testcase name="[2] usePathPatterns=false" classname="org.springframework.web.servlet.mvc.method.annotation.ServletAnnotationControllerHandlerMethodTests" time="0.019"/>
  <testcase name="[1] usePathPatterns=true" classname="org.springframework.web.servlet.mvc.method.annotation.ServletAnnotationControllerHandlerMethodTests" time="0.038"/>
  <testcase name="[2] usePathPatterns=false" classname="org.springframework.web.servlet.mvc.method.annotation.ServletAnnotationControllerHandlerMethodTests" time="0.023"/>
  <testcase name="[1] usePathPatterns=true" classname="org.springframework.web.servlet.mvc.method.annotation.ServletAnnotationControllerHandlerMethodTests" time="0.018"/>
  <testcase name="[2] usePathPatterns=false" classname="org.springframework.web.servlet.mvc.method.annotation.ServletAnnotationControllerHandlerMethodTests" time="0.022"/>
  <testcase name="[1] usePathPatterns=true" classname="org.springframework.web.servlet.mvc.method.annotation.ServletAnnotationControllerHandlerMethodTests" time="0.033"/>
  <testcase name="[2] usePathPatterns=false" classname="org.springframework.web.servlet.mvc.method.annotation.ServletAnnotationControllerHandlerMethodTests" time="0.025"/>
  <testcase name="[1] usePathPatterns=true" classname="org.springframework.web.servlet.mvc.method.annotation.ServletAnnotationControllerHandlerMethodTests" time="0.028"/>
  <testcase name="[2] usePathPatterns=false" classname="org.springframework.web.servlet.mvc.method.annotation.ServletAnnotationControllerHandlerMethodTests" time="0.019"/>
  <testcase name="[1] usePathPatterns=true" classname="org.springframework.web.servlet.mvc.method.annotation.ServletAnnotationControllerHandlerMethodTests" time="0.019"/>
  <testcase name="[2] usePathPatterns=false" classname="org.springframework.web.servlet.mvc.method.annotation.ServletAnnotationControllerHandlerMethodTests" time="0.021"/>
  <testcase name="[1] usePathPatterns=true" classname="org.springframework.web.servlet.mvc.method.annotation.ServletAnnotationControllerHandlerMethodTests" time="0.018"/>
  <testcase name="[2] usePathPatterns=false" classname="org.springframework.web.servlet.mvc.method.annotation.ServletAnnotationControllerHandlerMethodTests" time="0.017"/>
  <testcase name="[1] usePathPatterns=true" classname="org.springframework.web.servlet.mvc.method.annotation.ServletAnnotationControllerHandlerMethodTests" time="0.014"/>
  <testcase name="[2] usePathPatterns=false" classname="org.springframework.web.servlet.mvc.method.annotation.ServletAnnotationControllerHandlerMethodTests" time="0.016"/>
  <testcase name="[1] usePathPatterns=true" classname="org.springframework.web.servlet.mvc.method.annotation.ServletAnnotationControllerHandlerMethodTests" time="0.017"/>
  <testcase name="[2] usePathPatterns=false" classname="org.springframework.web.servlet.mvc.method.annotation.ServletAnnotationControllerHandlerMethodTests" time="0.016"/>
  <testcase name="[1] usePathPatterns=true" classname="org.springframework.web.servlet.mvc.method.annotation.ServletAnnotationControllerHandlerMethodTests" time="0.018"/>
  <testcase name="[2] usePathPatterns=false" classname="org.springframework.web.servlet.mvc.method.annotation.ServletAnnotationControllerHandlerMethodTests" time="0.02"/>
  <testcase name="[1] usePathPatterns=true" classname="org.springframework.web.servlet.mvc.method.annotation.ServletAnnotationControllerHandlerMethodTests" time="0.015"/>
  <testcase name="[2] usePathPatterns=false" classname="org.springframework.web.servlet.mvc.method.annotation.ServletAnnotationControllerHandlerMethodTests" time="0.016"/>
  <testcase name="[1] usePathPatterns=true" classname="org.springframework.web.servlet.mvc.method.annotation.ServletAnnotationControllerHandlerMethodTests" time="0.019"/>
  <testcase name="[2] usePathPatterns=false" classname="org.springframework.web.servlet.mvc.method.annotation.ServletAnnotationControllerHandlerMethodTests" time="0.017"/>
  <testcase name="[1] usePathPatterns=true" classname="org.springframework.web.servlet.mvc.method.annotation.ServletAnnotationControllerHandlerMethodTests" time="0.038"/>
  <testcase name="[2] usePathPatterns=false" classname="org.springframework.web.servlet.mvc.method.annotation.ServletAnnotationControllerHandlerMethodTests" time="0.031"/>
  <testcase name="[1] usePathPatterns=true" classname="org.springframework.web.servlet.mvc.method.annotation.ServletAnnotationControllerHandlerMethodTests" time="0.023"/>
  <testcase name="[2] usePathPatterns=false" classname="org.springframework.web.servlet.mvc.method.annotation.ServletAnnotationControllerHandlerMethodTests" time="0.019"/>
  <testcase name="[1] usePathPatterns=true" classname="org.springframework.web.servlet.mvc.method.annotation.ServletAnnotationControllerHandlerMethodTests" time="0.028"/>
  <testcase name="[2] usePathPatterns=false" classname="org.springframework.web.servlet.mvc.method.annotation.ServletAnnotationControllerHandlerMethodTests" time="0.022"/>
  <testcase name="[1] usePathPatterns=true" classname="org.springframework.web.servlet.mvc.method.annotation.ServletAnnotationControllerHandlerMethodTests" time="0.021"/>
  <testcase name="[2] usePathPatterns=false" classname="org.springframework.web.servlet.mvc.method.annotation.ServletAnnotationControllerHandlerMethodTests" time="0.022"/>
  <testcase name="[1] usePathPatterns=true" classname="org.springframework.web.servlet.mvc.method.annotation.ServletAnnotationControllerHandlerMethodTests" time="0.027"/>
  <testcase name="[2] usePathPatterns=false" classname="org.springframework.web.servlet.mvc.method.annotation.ServletAnnotationControllerHandlerMethodTests" time="0.026"/>
  <testcase name="[1] usePathPatterns=true" classname="org.springframework.web.servlet.mvc.method.annotation.ServletAnnotationControllerHandlerMethodTests" time="0.028"/>
  <testcase name="[2] usePathPatterns=false" classname="org.springframework.web.servlet.mvc.method.annotation.ServletAnnotationControllerHandlerMethodTests" time="0.037"/>
  <testcase name="[1] usePathPatterns=true" classname="org.springframework.web.servlet.mvc.method.annotation.ServletAnnotationControllerHandlerMethodTests" time="0.03"/>
  <testcase name="[2] usePathPatterns=false" classname="org.springframework.web.servlet.mvc.method.annotation.ServletAnnotationControllerHandlerMethodTests" time="0.025"/>
  <testcase name="[1] usePathPatterns=true" classname="org.springframework.web.servlet.mvc.method.annotation.ServletAnnotationControllerHandlerMethodTests" time="0.029"/>
  <testcase name="[2] usePathPatterns=false" classname="org.springframework.web.servlet.mvc.method.annotation.ServletAnnotationControllerHandlerMethodTests" time="0.022"/>
  <testcase name="[1] usePathPatterns=true" classname="org.springframework.web.servlet.mvc.method.annotation.ServletAnnotationControllerHandlerMethodTests" time="0.034"/>
  <testcase name="[2] usePathPatterns=false" classname="org.springframework.web.servlet.mvc.method.annotation.ServletAnnotationControllerHandlerMethodTests" time="0.034"/>
  <testcase name="[1] usePathPatterns=true" classname="org.springframework.web.servlet.mvc.method.annotation.ServletAnnotationControllerHandlerMethodTests" time="0.021"/>
  <testcase name="[2] usePathPatterns=false" classname="org.springframework.web.servlet.mvc.method.annotation.ServletAnnotationControllerHandlerMethodTests" time="0.021"/>
  <system-out><![CDATA[15:41:05.327 [Test worker] WARN  o.s.w.s.m.s.DefaultHandlerExceptionResolver - Resolved [org.springframework.web.HttpMediaTypeNotSupportedException: Content type 'application/pdf' not supported]
15:41:05.350 [Test worker] WARN  o.s.w.s.m.s.DefaultHandlerExceptionResolver - Resolved [org.springframework.web.HttpMediaTypeNotSupportedException: Content type 'application/pdf' not supported]
15:41:05.494 [Test worker] WARN  o.s.w.s.PageNotFound - No mapping for GET /bogus-unmapped
15:41:05.519 [Test worker] WARN  o.s.w.s.PageNotFound - No mapping for GET /bogus-unmapped
15:41:05.527 [Test worker] ERROR o.s.w.s.m.m.a.AbstractServletHandlerMethodTests$1 - Context initialization failed
org.springframework.beans.factory.BeanCreationException: Error creating bean with name 'handlerMapping': Invocation of init method failed; nested exception is java.lang.IllegalStateException: Ambiguous mapping. Cannot map 'ChildController' method 
org.springframework.web.servlet.mvc.method.annotation.ServletAnnotationControllerHandlerMethodTests$ChildController#doGet(HttpServletRequest, HttpServletResponse)
to {GET [/child/test]}: There is already 'ChildController' bean method
org.springframework.web.servlet.mvc.method.annotation.ServletAnnotationControllerHandlerMethodTests$ChildController#doGet(HttpServletRequest, HttpServletResponse, String) mapped.
	at org.springframework.beans.factory.support.AbstractAutowireCapableBeanFactory.initializeBean(AbstractAutowireCapableBeanFactory.java:1786) ~[spring-beans-5.3.7-SNAPSHOT.jar:5.3.7-SNAPSHOT]
	at org.springframework.beans.factory.support.AbstractAutowireCapableBeanFactory.doCreateBean(AbstractAutowireCapableBeanFactory.java:602) ~[spring-beans-5.3.7-SNAPSHOT.jar:5.3.7-SNAPSHOT]
	at org.springframework.beans.factory.support.AbstractAutowireCapableBeanFactory.createBean(AbstractAutowireCapableBeanFactory.java:524) ~[spring-beans-5.3.7-SNAPSHOT.jar:5.3.7-SNAPSHOT]
	at org.springframework.beans.factory.support.AbstractBeanFactory.lambda$doGetBean$0(AbstractBeanFactory.java:335) ~[spring-beans-5.3.7-SNAPSHOT.jar:5.3.7-SNAPSHOT]
	at org.springframework.beans.factory.support.DefaultSingletonBeanRegistry.getSingleton(DefaultSingletonBeanRegistry.java:234) ~[spring-beans-5.3.7-SNAPSHOT.jar:5.3.7-SNAPSHOT]
	at org.springframework.beans.factory.support.AbstractBeanFactory.doGetBean(AbstractBeanFactory.java:333) ~[spring-beans-5.3.7-SNAPSHOT.jar:5.3.7-SNAPSHOT]
	at org.springframework.beans.factory.support.AbstractBeanFactory.getBean(AbstractBeanFactory.java:208) ~[spring-beans-5.3.7-SNAPSHOT.jar:5.3.7-SNAPSHOT]
	at org.springframework.beans.factory.support.DefaultListableBeanFactory.preInstantiateSingletons(DefaultListableBeanFactory.java:944) ~[spring-beans-5.3.7-SNAPSHOT.jar:5.3.7-SNAPSHOT]
	at org.springframework.context.support.AbstractApplicationContext.finishBeanFactoryInitialization(AbstractApplicationContext.java:918) ~[spring-context-5.3.7-SNAPSHOT.jar:5.3.7-SNAPSHOT]
	at org.springframework.context.support.AbstractApplicationContext.refresh(AbstractApplicationContext.java:583) ~[spring-context-5.3.7-SNAPSHOT.jar:5.3.7-SNAPSHOT]
	at org.springframework.web.servlet.mvc.method.annotation.AbstractServletHandlerMethodTests$1.createWebApplicationContext(AbstractServletHandlerMethodTests.java:111) ~[test/:?]
	at org.springframework.web.servlet.FrameworkServlet.initWebApplicationContext(FrameworkServlet.java:591) ~[spring-webmvc-5.3.7-SNAPSHOT.jar:?]
	at org.springframework.web.servlet.FrameworkServlet.initServletBean(FrameworkServlet.java:530) ~[spring-webmvc-5.3.7-SNAPSHOT.jar:?]
	at org.springframework.web.servlet.HttpServletBean.init(HttpServletBean.java:170) ~[spring-webmvc-5.3.7-SNAPSHOT.jar:?]
	at javax.servlet.GenericServlet.init(GenericServlet.java:203) ~[javax.servlet-api-4.0.1.jar:4.0.1]
	at org.springframework.web.servlet.mvc.method.annotation.AbstractServletHandlerMethodTests.initDispatcherServlet(AbstractServletHandlerMethodTests.java:116) ~[test/:?]
	at org.springframework.web.servlet.mvc.method.annotation.AbstractServletHandlerMethodTests.initDispatcherServlet(AbstractServletHandlerMethodTests.java:70) ~[test/:?]
	at org.springframework.web.servlet.mvc.method.annotation.ServletAnnotationControllerHandlerMethodTests.lambda$equivalentMappingsWithSameMethodName$20(ServletAnnotationControllerHandlerMethodTests.java:849) ~[test/:?]
	at org.assertj.core.api.ThrowableAssert.catchThrowable(ThrowableAssert.java:62) ~[assertj-core-3.19.0.jar:?]
	at org.assertj.core.api.AssertionsForClassTypes.catchThrowable(AssertionsForClassTypes.java:877) ~[assertj-core-3.19.0.jar:?]
	at org.assertj.core.api.Assertions.catchThrowable(Assertions.java:1306) ~[assertj-core-3.19.0.jar:?]
	at org.assertj.core.api.Assertions.assertThatThrownBy(Assertions.java:1178) ~[assertj-core-3.19.0.jar:?]
	at org.springframework.web.servlet.mvc.method.annotation.ServletAnnotationControllerHandlerMethodTests.equivalentMappingsWithSameMethodName(ServletAnnotationControllerHandlerMethodTests.java:849) ~[test/:?]
	at jdk.internal.reflect.NativeMethodAccessorImpl.invoke0(Native Method) ~[?:?]
	at jdk.internal.reflect.NativeMethodAccessorImpl.invoke(NativeMethodAccessorImpl.java:62) ~[?:?]
	at jdk.internal.reflect.DelegatingMethodAccessorImpl.invoke(DelegatingMethodAccessorImpl.java:43) ~[?:?]
	at java.lang.reflect.Method.invoke(Method.java:566) ~[?:?]
	at org.junit.platform.commons.util.ReflectionUtils.invokeMethod(ReflectionUtils.java:688) ~[junit-platform-commons-1.7.1.jar:1.7.1]
	at org.junit.jupiter.engine.execution.MethodInvocation.proceed(MethodInvocation.java:60) ~[junit-jupiter-engine-5.7.1.jar:5.7.1]
	at org.junit.jupiter.engine.execution.InvocationInterceptorChain$ValidatingInvocation.proceed(InvocationInterceptorChain.java:131) ~[junit-jupiter-engine-5.7.1.jar:5.7.1]
	at org.junit.jupiter.engine.extension.TimeoutExtension.intercept(TimeoutExtension.java:149) ~[junit-jupiter-engine-5.7.1.jar:5.7.1]
	at org.junit.jupiter.engine.extension.TimeoutExtension.interceptTestableMethod(TimeoutExtension.java:140) ~[junit-jupiter-engine-5.7.1.jar:5.7.1]
	at org.junit.jupiter.engine.extension.TimeoutExtension.interceptTestTemplateMethod(TimeoutExtension.java:92) ~[junit-jupiter-engine-5.7.1.jar:5.7.1]
	at org.junit.jupiter.engine.execution.ExecutableInvoker$ReflectiveInterceptorCall.lambda$ofVoidMethod$0(ExecutableInvoker.java:115) ~[junit-jupiter-engine-5.7.1.jar:5.7.1]
	at org.junit.jupiter.engine.execution.ExecutableInvoker.lambda$invoke$0(ExecutableInvoker.java:105) ~[junit-jupiter-engine-5.7.1.jar:5.7.1]
	at org.junit.jupiter.engine.execution.InvocationInterceptorChain$InterceptedInvocation.proceed(InvocationInterceptorChain.java:106) ~[junit-jupiter-engine-5.7.1.jar:5.7.1]
	at org.junit.jupiter.engine.execution.InvocationInterceptorChain.proceed(InvocationInterceptorChain.java:64) ~[junit-jupiter-engine-5.7.1.jar:5.7.1]
	at org.junit.jupiter.engine.execution.InvocationInterceptorChain.chainAndInvoke(InvocationInterceptorChain.java:45) ~[junit-jupiter-engine-5.7.1.jar:5.7.1]
	at org.junit.jupiter.engine.execution.InvocationInterceptorChain.invoke(InvocationInterceptorChain.java:37) ~[junit-jupiter-engine-5.7.1.jar:5.7.1]
	at org.junit.jupiter.engine.execution.ExecutableInvoker.invoke(ExecutableInvoker.java:104) ~[junit-jupiter-engine-5.7.1.jar:5.7.1]
	at org.junit.jupiter.engine.execution.ExecutableInvoker.invoke(ExecutableInvoker.java:98) ~[junit-jupiter-engine-5.7.1.jar:5.7.1]
	at org.junit.jupiter.engine.descriptor.TestMethodTestDescriptor.lambda$invokeTestMethod$6(TestMethodTestDescriptor.java:210) ~[junit-jupiter-engine-5.7.1.jar:5.7.1]
	at org.junit.platform.engine.support.hierarchical.ThrowableCollector.execute(ThrowableCollector.java:73) ~[junit-platform-engine-1.7.1.jar:1.7.1]
	at org.junit.jupiter.engine.descriptor.TestMethodTestDescriptor.invokeTestMethod(TestMethodTestDescriptor.java:206) ~[junit-jupiter-engine-5.7.1.jar:5.7.1]
	at org.junit.jupiter.engine.descriptor.TestMethodTestDescriptor.execute(TestMethodTestDescriptor.java:131) ~[junit-jupiter-engine-5.7.1.jar:5.7.1]
	at org.junit.jupiter.engine.descriptor.TestMethodTestDescriptor.execute(TestMethodTestDescriptor.java:65) ~[junit-jupiter-engine-5.7.1.jar:5.7.1]
	at org.junit.platform.engine.support.hierarchical.NodeTestTask.lambda$executeRecursively$5(NodeTestTask.java:139) ~[junit-platform-engine-1.7.1.jar:1.7.1]
	at org.junit.platform.engine.support.hierarchical.ThrowableCollector.execute(ThrowableCollector.java:73) ~[junit-platform-engine-1.7.1.jar:1.7.1]
	at org.junit.platform.engine.support.hierarchical.NodeTestTask.lambda$executeRecursively$7(NodeTestTask.java:129) ~[junit-platform-engine-1.7.1.jar:1.7.1]
	at org.junit.platform.engine.support.hierarchical.Node.around(Node.java:137) ~[junit-platform-engine-1.7.1.jar:1.7.1]
	at org.junit.platform.engine.support.hierarchical.NodeTestTask.lambda$executeRecursively$8(NodeTestTask.java:127) ~[junit-platform-engine-1.7.1.jar:1.7.1]
	at org.junit.platform.engine.support.hierarchical.ThrowableCollector.execute(ThrowableCollector.java:73) ~[junit-platform-engine-1.7.1.jar:1.7.1]
	at org.junit.platform.engine.support.hierarchical.NodeTestTask.executeRecursively(NodeTestTask.java:126) ~[junit-platform-engine-1.7.1.jar:1.7.1]
	at org.junit.platform.engine.support.hierarchical.NodeTestTask.execute(NodeTestTask.java:84) ~[junit-platform-engine-1.7.1.jar:1.7.1]
	at org.junit.platform.engine.support.hierarchical.SameThreadHierarchicalTestExecutorService.submit(SameThreadHierarchicalTestExecutorService.java:32) ~[junit-platform-engine-1.7.1.jar:1.7.1]
	at org.junit.platform.engine.support.hierarchical.NodeTestTask$DefaultDynamicTestExecutor.execute(NodeTestTask.java:212) ~[junit-platform-engine-1.7.1.jar:1.7.1]
	at org.junit.platform.engine.support.hierarchical.NodeTestTask$DefaultDynamicTestExecutor.execute(NodeTestTask.java:192) ~[junit-platform-engine-1.7.1.jar:1.7.1]
	at org.junit.jupiter.engine.descriptor.TestTemplateTestDescriptor.execute(TestTemplateTestDescriptor.java:139) ~[junit-jupiter-engine-5.7.1.jar:5.7.1]
	at org.junit.jupiter.engine.descriptor.TestTemplateTestDescriptor.lambda$execute$2(TestTemplateTestDescriptor.java:107) ~[junit-jupiter-engine-5.7.1.jar:5.7.1]
	at java.util.stream.ForEachOps$ForEachOp$OfRef.accept(ForEachOps.java:183) ~[?:?]
	at java.util.stream.ReferencePipeline$3$1.accept(ReferencePipeline.java:195) ~[?:?]
	at java.util.stream.ReferencePipeline$2$1.accept(ReferencePipeline.java:177) ~[?:?]
	at java.util.stream.ReferencePipeline$3$1.accept(ReferencePipeline.java:195) ~[?:?]
	at java.util.stream.ForEachOps$ForEachOp$OfRef.accept(ForEachOps.java:183) ~[?:?]
	at java.util.stream.ReferencePipeline$11$1.accept(ReferencePipeline.java:442) ~[?:?]
	at java.util.stream.ReferencePipeline$3$1.accept(ReferencePipeline.java:195) ~[?:?]
	at java.util.stream.ReferencePipeline$3$1.accept(ReferencePipeline.java:195) ~[?:?]
	at java.util.stream.ReferencePipeline$3$1.accept(ReferencePipeline.java:195) ~[?:?]
	at java.util.stream.ForEachOps$ForEachOp$OfRef.accept(ForEachOps.java:183) ~[?:?]
	at java.util.stream.ReferencePipeline$3$1.accept(ReferencePipeline.java:195) ~[?:?]
	at java.util.Spliterators$ArraySpliterator.forEachRemaining(Spliterators.java:948) ~[?:?]
	at java.util.stream.ReferencePipeline$Head.forEach(ReferencePipeline.java:658) ~[?:?]
	at java.util.stream.ReferencePipeline$7$1.accept(ReferencePipeline.java:274) ~[?:?]
	at java.util.stream.ReferencePipeline$3$1.accept(ReferencePipeline.java:195) ~[?:?]
	at java.util.stream.ReferencePipeline$3$1.accept(ReferencePipeline.java:195) ~[?:?]
	at java.util.Spliterators$ArraySpliterator.forEachRemaining(Spliterators.java:948) ~[?:?]
	at java.util.stream.AbstractPipeline.copyInto(AbstractPipeline.java:484) ~[?:?]
	at java.util.stream.AbstractPipeline.wrapAndCopyInto(AbstractPipeline.java:474) ~[?:?]
	at java.util.stream.ForEachOps$ForEachOp.evaluateSequential(ForEachOps.java:150) ~[?:?]
	at java.util.stream.ForEachOps$ForEachOp$OfRef.evaluateSequential(ForEachOps.java:173) ~[?:?]
	at java.util.stream.AbstractPipeline.evaluate(AbstractPipeline.java:234) ~[?:?]
	at java.util.stream.ReferencePipeline.forEach(ReferencePipeline.java:497) ~[?:?]
	at java.util.stream.ReferencePipeline$7$1.accept(ReferencePipeline.java:274) ~[?:?]
	at java.util.stream.ReferencePipeline$3$1.accept(ReferencePipeline.java:195) ~[?:?]
	at java.util.stream.ReferencePipeline$3$1.accept(ReferencePipeline.java:195) ~[?:?]
	at java.util.stream.ReferencePipeline$3$1.accept(ReferencePipeline.java:195) ~[?:?]
	at java.util.ArrayList$ArrayListSpliterator.forEachRemaining(ArrayList.java:1655) ~[?:?]
	at java.util.stream.AbstractPipeline.copyInto(AbstractPipeline.java:484) ~[?:?]
	at java.util.stream.AbstractPipeline.wrapAndCopyInto(AbstractPipeline.java:474) ~[?:?]
	at java.util.stream.ForEachOps$ForEachOp.evaluateSequential(ForEachOps.java:150) ~[?:?]
	at java.util.stream.ForEachOps$ForEachOp$OfRef.evaluateSequential(ForEachOps.java:173) ~[?:?]
	at java.util.stream.AbstractPipeline.evaluate(AbstractPipeline.java:234) ~[?:?]
	at java.util.stream.ReferencePipeline.forEach(ReferencePipeline.java:497) ~[?:?]
	at java.util.stream.ReferencePipeline$7$1.accept(ReferencePipeline.java:274) ~[?:?]
	at java.util.ArrayList$ArrayListSpliterator.forEachRemaining(ArrayList.java:1655) ~[?:?]
	at java.util.stream.AbstractPipeline.copyInto(AbstractPipeline.java:484) ~[?:?]
	at java.util.stream.AbstractPipeline.wrapAndCopyInto(AbstractPipeline.java:474) ~[?:?]
	at java.util.stream.ForEachOps$ForEachOp.evaluateSequential(ForEachOps.java:150) ~[?:?]
	at java.util.stream.ForEachOps$ForEachOp$OfRef.evaluateSequential(ForEachOps.java:173) ~[?:?]
	at java.util.stream.AbstractPipeline.evaluate(AbstractPipeline.java:234) ~[?:?]
	at java.util.stream.ReferencePipeline.forEach(ReferencePipeline.java:497) ~[?:?]
	at org.junit.jupiter.engine.descriptor.TestTemplateTestDescriptor.execute(TestTemplateTestDescriptor.java:107) ~[junit-jupiter-engine-5.7.1.jar:5.7.1]
	at org.junit.jupiter.engine.descriptor.TestTemplateTestDescriptor.execute(TestTemplateTestDescriptor.java:42) ~[junit-jupiter-engine-5.7.1.jar:5.7.1]
	at org.junit.platform.engine.support.hierarchical.NodeTestTask.lambda$executeRecursively$5(NodeTestTask.java:139) ~[junit-platform-engine-1.7.1.jar:1.7.1]
	at org.junit.platform.engine.support.hierarchical.ThrowableCollector.execute(ThrowableCollector.java:73) ~[junit-platform-engine-1.7.1.jar:1.7.1]
	at org.junit.platform.engine.support.hierarchical.NodeTestTask.lambda$executeRecursively$7(NodeTestTask.java:129) ~[junit-platform-engine-1.7.1.jar:1.7.1]
	at org.junit.platform.engine.support.hierarchical.Node.around(Node.java:137) ~[junit-platform-engine-1.7.1.jar:1.7.1]
	at org.junit.platform.engine.support.hierarchical.NodeTestTask.lambda$executeRecursively$8(NodeTestTask.java:127) ~[junit-platform-engine-1.7.1.jar:1.7.1]
	at org.junit.platform.engine.support.hierarchical.ThrowableCollector.execute(ThrowableCollector.java:73) ~[junit-platform-engine-1.7.1.jar:1.7.1]
	at org.junit.platform.engine.support.hierarchical.NodeTestTask.executeRecursively(NodeTestTask.java:126) ~[junit-platform-engine-1.7.1.jar:1.7.1]
	at org.junit.platform.engine.support.hierarchical.NodeTestTask.execute(NodeTestTask.java:84) ~[junit-platform-engine-1.7.1.jar:1.7.1]
	at java.util.ArrayList.forEach(ArrayList.java:1541) ~[?:?]
	at org.junit.platform.engine.support.hierarchical.SameThreadHierarchicalTestExecutorService.invokeAll(SameThreadHierarchicalTestExecutorService.java:38) ~[junit-platform-engine-1.7.1.jar:1.7.1]
	at org.junit.platform.engine.support.hierarchical.NodeTestTask.lambda$executeRecursively$5(NodeTestTask.java:143) ~[junit-platform-engine-1.7.1.jar:1.7.1]
	at org.junit.platform.engine.support.hierarchical.ThrowableCollector.execute(ThrowableCollector.java:73) ~[junit-platform-engine-1.7.1.jar:1.7.1]
	at org.junit.platform.engine.support.hierarchical.NodeTestTask.lambda$executeRecursively$7(NodeTestTask.java:129) ~[junit-platform-engine-1.7.1.jar:1.7.1]
	at org.junit.platform.engine.support.hierarchical.Node.around(Node.java:137) ~[junit-platform-engine-1.7.1.jar:1.7.1]
	at org.junit.platform.engine.support.hierarchical.NodeTestTask.lambda$executeRecursively$8(NodeTestTask.java:127) ~[junit-platform-engine-1.7.1.jar:1.7.1]
	at org.junit.platform.engine.support.hierarchical.ThrowableCollector.execute(ThrowableCollector.java:73) ~[junit-platform-engine-1.7.1.jar:1.7.1]
	at org.junit.platform.engine.support.hierarchical.NodeTestTask.executeRecursively(NodeTestTask.java:126) ~[junit-platform-engine-1.7.1.jar:1.7.1]
	at org.junit.platform.engine.support.hierarchical.NodeTestTask.execute(NodeTestTask.java:84) ~[junit-platform-engine-1.7.1.jar:1.7.1]
	at java.util.ArrayList.forEach(ArrayList.java:1541) ~[?:?]
	at org.junit.platform.engine.support.hierarchical.SameThreadHierarchicalTestExecutorService.invokeAll(SameThreadHierarchicalTestExecutorService.java:38) ~[junit-platform-engine-1.7.1.jar:1.7.1]
	at org.junit.platform.engine.support.hierarchical.NodeTestTask.lambda$executeRecursively$5(NodeTestTask.java:143) ~[junit-platform-engine-1.7.1.jar:1.7.1]
	at org.junit.platform.engine.support.hierarchical.ThrowableCollector.execute(ThrowableCollector.java:73) ~[junit-platform-engine-1.7.1.jar:1.7.1]
	at org.junit.platform.engine.support.hierarchical.NodeTestTask.lambda$executeRecursively$7(NodeTestTask.java:129) ~[junit-platform-engine-1.7.1.jar:1.7.1]
	at org.junit.platform.engine.support.hierarchical.Node.around(Node.java:137) ~[junit-platform-engine-1.7.1.jar:1.7.1]
	at org.junit.platform.engine.support.hierarchical.NodeTestTask.lambda$executeRecursively$8(NodeTestTask.java:127) ~[junit-platform-engine-1.7.1.jar:1.7.1]
	at org.junit.platform.engine.support.hierarchical.ThrowableCollector.execute(ThrowableCollector.java:73) ~[junit-platform-engine-1.7.1.jar:1.7.1]
	at org.junit.platform.engine.support.hierarchical.NodeTestTask.executeRecursively(NodeTestTask.java:126) ~[junit-platform-engine-1.7.1.jar:1.7.1]
	at org.junit.platform.engine.support.hierarchical.NodeTestTask.execute(NodeTestTask.java:84) ~[junit-platform-engine-1.7.1.jar:1.7.1]
	at org.junit.platform.engine.support.hierarchical.SameThreadHierarchicalTestExecutorService.submit(SameThreadHierarchicalTestExecutorService.java:32) ~[junit-platform-engine-1.7.1.jar:1.7.1]
	at org.junit.platform.engine.support.hierarchical.HierarchicalTestExecutor.execute(HierarchicalTestExecutor.java:57) ~[junit-platform-engine-1.7.1.jar:1.7.1]
	at org.junit.platform.engine.support.hierarchical.HierarchicalTestEngine.execute(HierarchicalTestEngine.java:51) ~[junit-platform-engine-1.7.1.jar:1.7.1]
	at org.junit.platform.launcher.core.EngineExecutionOrchestrator.execute(EngineExecutionOrchestrator.java:108) ~[junit-platform-launcher-1.7.1.jar:1.7.1]
	at org.junit.platform.launcher.core.EngineExecutionOrchestrator.execute(EngineExecutionOrchestrator.java:88) ~[junit-platform-launcher-1.7.1.jar:1.7.1]
	at org.junit.platform.launcher.core.EngineExecutionOrchestrator.lambda$execute$0(EngineExecutionOrchestrator.java:54) ~[junit-platform-launcher-1.7.1.jar:1.7.1]
	at org.junit.platform.launcher.core.EngineExecutionOrchestrator.withInterceptedStreams(EngineExecutionOrchestrator.java:67) [junit-platform-launcher-1.7.1.jar:1.7.1]
	at org.junit.platform.launcher.core.EngineExecutionOrchestrator.execute(EngineExecutionOrchestrator.java:52) [junit-platform-launcher-1.7.1.jar:1.7.1]
	at org.junit.platform.launcher.core.DefaultLauncher.execute(DefaultLauncher.java:96) [junit-platform-launcher-1.7.1.jar:1.7.1]
	at org.junit.platform.launcher.core.DefaultLauncher.execute(DefaultLauncher.java:75) [junit-platform-launcher-1.7.1.jar:1.7.1]
	at org.gradle.api.internal.tasks.testing.junitplatform.JUnitPlatformTestClassProcessor$CollectAllTestClassesExecutor.processAllTestClasses(JUnitPlatformTestClassProcessor.java:99) [gradle-testing-junit-platform-6.8.3.jar:6.8.3]
	at org.gradle.api.internal.tasks.testing.junitplatform.JUnitPlatformTestClassProcessor$CollectAllTestClassesExecutor.access$000(JUnitPlatformTestClassProcessor.java:79) [gradle-testing-junit-platform-6.8.3.jar:6.8.3]
	at org.gradle.api.internal.tasks.testing.junitplatform.JUnitPlatformTestClassProcessor.stop(JUnitPlatformTestClassProcessor.java:75) [gradle-testing-junit-platform-6.8.3.jar:6.8.3]
	at org.gradle.api.internal.tasks.testing.SuiteTestClassProcessor.stop(SuiteTestClassProcessor.java:61) [gradle-testing-base-6.8.3.jar:6.8.3]
	at jdk.internal.reflect.NativeMethodAccessorImpl.invoke0(Native Method) ~[?:?]
	at jdk.internal.reflect.NativeMethodAccessorImpl.invoke(NativeMethodAccessorImpl.java:62) ~[?:?]
	at jdk.internal.reflect.DelegatingMethodAccessorImpl.invoke(DelegatingMethodAccessorImpl.java:43) ~[?:?]
	at java.lang.reflect.Method.invoke(Method.java:566) ~[?:?]
	at org.gradle.internal.dispatch.ReflectionDispatch.dispatch(ReflectionDispatch.java:36) [gradle-messaging-6.8.3.jar:6.8.3]
	at org.gradle.internal.dispatch.ReflectionDispatch.dispatch(ReflectionDispatch.java:24) [gradle-messaging-6.8.3.jar:6.8.3]
	at org.gradle.internal.dispatch.ContextClassLoaderDispatch.dispatch(ContextClassLoaderDispatch.java:33) [gradle-messaging-6.8.3.jar:6.8.3]
	at org.gradle.internal.dispatch.ProxyDispatchAdapter$DispatchingInvocationHandler.invoke(ProxyDispatchAdapter.java:94) [gradle-messaging-6.8.3.jar:6.8.3]
	at com.sun.proxy.$Proxy2.stop(Unknown Source) [?:?]
	at org.gradle.api.internal.tasks.testing.worker.TestWorker.stop(TestWorker.java:133) [gradle-testing-base-6.8.3.jar:6.8.3]
	at jdk.internal.reflect.NativeMethodAccessorImpl.invoke0(Native Method) ~[?:?]
	at jdk.internal.reflect.NativeMethodAccessorImpl.invoke(NativeMethodAccessorImpl.java:62) ~[?:?]
	at jdk.internal.reflect.DelegatingMethodAccessorImpl.invoke(DelegatingMethodAccessorImpl.java:43) ~[?:?]
	at java.lang.reflect.Method.invoke(Method.java:566) ~[?:?]
	at org.gradle.internal.dispatch.ReflectionDispatch.dispatch(ReflectionDispatch.java:36) [gradle-messaging-6.8.3.jar:6.8.3]
	at org.gradle.internal.dispatch.ReflectionDispatch.dispatch(ReflectionDispatch.java:24) [gradle-messaging-6.8.3.jar:6.8.3]
	at org.gradle.internal.remote.internal.hub.MessageHubBackedObjectConnection$DispatchWrapper.dispatch(MessageHubBackedObjectConnection.java:182) [gradle-messaging-6.8.3.jar:6.8.3]
	at org.gradle.internal.remote.internal.hub.MessageHubBackedObjectConnection$DispatchWrapper.dispatch(MessageHubBackedObjectConnection.java:164) [gradle-messaging-6.8.3.jar:6.8.3]
	at org.gradle.internal.remote.internal.hub.MessageHub$Handler.run(MessageHub.java:414) [gradle-messaging-6.8.3.jar:6.8.3]
	at org.gradle.internal.concurrent.ExecutorPolicy$CatchAndRecordFailures.onExecute(ExecutorPolicy.java:64) [gradle-base-services-6.8.3.jar:6.8.3]
	at org.gradle.internal.concurrent.ManagedExecutorImpl$1.run(ManagedExecutorImpl.java:48) [gradle-base-services-6.8.3.jar:6.8.3]
	at java.util.concurrent.ThreadPoolExecutor.runWorker(ThreadPoolExecutor.java:1128) [?:?]
	at java.util.concurrent.ThreadPoolExecutor$Worker.run(ThreadPoolExecutor.java:628) [?:?]
	at org.gradle.internal.concurrent.ThreadFactoryImpl$ManagedThreadRunnable.run(ThreadFactoryImpl.java:56) [gradle-base-services-6.8.3.jar:6.8.3]
	at java.lang.Thread.run(Thread.java:834) [?:?]
Caused by: java.lang.IllegalStateException: Ambiguous mapping. Cannot map 'ChildController' method 
org.springframework.web.servlet.mvc.method.annotation.ServletAnnotationControllerHandlerMethodTests$ChildController#doGet(HttpServletRequest, HttpServletResponse)
to {GET [/child/test]}: There is already 'ChildController' bean method
org.springframework.web.servlet.mvc.method.annotation.ServletAnnotationControllerHandlerMethodTests$ChildController#doGet(HttpServletRequest, HttpServletResponse, String) mapped.
	at org.springframework.web.servlet.handler.AbstractHandlerMethodMapping$MappingRegistry.validateMethodMapping(AbstractHandlerMethodMapping.java:662) ~[spring-webmvc-5.3.7-SNAPSHOT.jar:?]
	at org.springframework.web.servlet.handler.AbstractHandlerMethodMapping$MappingRegistry.register(AbstractHandlerMethodMapping.java:628) ~[spring-webmvc-5.3.7-SNAPSHOT.jar:?]
	at org.springframework.web.servlet.handler.AbstractHandlerMethodMapping.registerHandlerMethod(AbstractHandlerMethodMapping.java:328) ~[spring-webmvc-5.3.7-SNAPSHOT.jar:?]
	at org.springframework.web.servlet.mvc.method.annotation.RequestMappingHandlerMapping.registerHandlerMethod(RequestMappingHandlerMapping.java:395) ~[spring-webmvc-5.3.7-SNAPSHOT.jar:?]
	at org.springframework.web.servlet.mvc.method.annotation.RequestMappingHandlerMapping.registerHandlerMethod(RequestMappingHandlerMapping.java:76) ~[spring-webmvc-5.3.7-SNAPSHOT.jar:?]
	at org.springframework.web.servlet.handler.AbstractHandlerMethodMapping.lambda$detectHandlerMethods$2(AbstractHandlerMethodMapping.java:298) ~[spring-webmvc-5.3.7-SNAPSHOT.jar:?]
	at java.util.LinkedHashMap.forEach(LinkedHashMap.java:684) ~[?:?]
	at org.springframework.web.servlet.handler.AbstractHandlerMethodMapping.detectHandlerMethods(AbstractHandlerMethodMapping.java:296) ~[spring-webmvc-5.3.7-SNAPSHOT.jar:?]
	at org.springframework.web.servlet.handler.AbstractHandlerMethodMapping.processCandidateBean(AbstractHandlerMethodMapping.java:265) ~[spring-webmvc-5.3.7-SNAPSHOT.jar:?]
	at org.springframework.web.servlet.handler.AbstractHandlerMethodMapping.initHandlerMethods(AbstractHandlerMethodMapping.java:224) ~[spring-webmvc-5.3.7-SNAPSHOT.jar:?]
	at org.springframework.web.servlet.handler.AbstractHandlerMethodMapping.afterPropertiesSet(AbstractHandlerMethodMapping.java:212) ~[spring-webmvc-5.3.7-SNAPSHOT.jar:?]
	at org.springframework.web.servlet.mvc.method.annotation.RequestMappingHandlerMapping.afterPropertiesSet(RequestMappingHandlerMapping.java:206) ~[spring-webmvc-5.3.7-SNAPSHOT.jar:?]
	at org.springframework.beans.factory.support.AbstractAutowireCapableBeanFactory.invokeInitMethods(AbstractAutowireCapableBeanFactory.java:1845) ~[spring-beans-5.3.7-SNAPSHOT.jar:5.3.7-SNAPSHOT]
	at org.springframework.beans.factory.support.AbstractAutowireCapableBeanFactory.initializeBean(AbstractAutowireCapableBeanFactory.java:1782) ~[spring-beans-5.3.7-SNAPSHOT.jar:5.3.7-SNAPSHOT]
	... 169 more
15:41:05.554 [Test worker] ERROR o.s.w.s.m.m.a.AbstractServletHandlerMethodTests$1 - Context initialization failed
org.springframework.beans.factory.BeanCreationException: Error creating bean with name 'handlerMapping': Invocation of init method failed; nested exception is java.lang.IllegalStateException: Ambiguous mapping. Cannot map 'ChildController' method 
org.springframework.web.servlet.mvc.method.annotation.ServletAnnotationControllerHandlerMethodTests$ChildController#doGet(HttpServletRequest, HttpServletResponse)
to {GET [/child/test]}: There is already 'ChildController' bean method
org.springframework.web.servlet.mvc.method.annotation.ServletAnnotationControllerHandlerMethodTests$ChildController#doGet(HttpServletRequest, HttpServletResponse, String) mapped.
	at org.springframework.beans.factory.support.AbstractAutowireCapableBeanFactory.initializeBean(AbstractAutowireCapableBeanFactory.java:1786) ~[spring-beans-5.3.7-SNAPSHOT.jar:5.3.7-SNAPSHOT]
	at org.springframework.beans.factory.support.AbstractAutowireCapableBeanFactory.doCreateBean(AbstractAutowireCapableBeanFactory.java:602) ~[spring-beans-5.3.7-SNAPSHOT.jar:5.3.7-SNAPSHOT]
	at org.springframework.beans.factory.support.AbstractAutowireCapableBeanFactory.createBean(AbstractAutowireCapableBeanFactory.java:524) ~[spring-beans-5.3.7-SNAPSHOT.jar:5.3.7-SNAPSHOT]
	at org.springframework.beans.factory.support.AbstractBeanFactory.lambda$doGetBean$0(AbstractBeanFactory.java:335) ~[spring-beans-5.3.7-SNAPSHOT.jar:5.3.7-SNAPSHOT]
	at org.springframework.beans.factory.support.DefaultSingletonBeanRegistry.getSingleton(DefaultSingletonBeanRegistry.java:234) ~[spring-beans-5.3.7-SNAPSHOT.jar:5.3.7-SNAPSHOT]
	at org.springframework.beans.factory.support.AbstractBeanFactory.doGetBean(AbstractBeanFactory.java:333) ~[spring-beans-5.3.7-SNAPSHOT.jar:5.3.7-SNAPSHOT]
	at org.springframework.beans.factory.support.AbstractBeanFactory.getBean(AbstractBeanFactory.java:208) ~[spring-beans-5.3.7-SNAPSHOT.jar:5.3.7-SNAPSHOT]
	at org.springframework.beans.factory.support.DefaultListableBeanFactory.preInstantiateSingletons(DefaultListableBeanFactory.java:944) ~[spring-beans-5.3.7-SNAPSHOT.jar:5.3.7-SNAPSHOT]
	at org.springframework.context.support.AbstractApplicationContext.finishBeanFactoryInitialization(AbstractApplicationContext.java:918) ~[spring-context-5.3.7-SNAPSHOT.jar:5.3.7-SNAPSHOT]
	at org.springframework.context.support.AbstractApplicationContext.refresh(AbstractApplicationContext.java:583) ~[spring-context-5.3.7-SNAPSHOT.jar:5.3.7-SNAPSHOT]
	at org.springframework.web.servlet.mvc.method.annotation.AbstractServletHandlerMethodTests$1.createWebApplicationContext(AbstractServletHandlerMethodTests.java:111) ~[test/:?]
	at org.springframework.web.servlet.FrameworkServlet.initWebApplicationContext(FrameworkServlet.java:591) ~[spring-webmvc-5.3.7-SNAPSHOT.jar:?]
	at org.springframework.web.servlet.FrameworkServlet.initServletBean(FrameworkServlet.java:530) ~[spring-webmvc-5.3.7-SNAPSHOT.jar:?]
	at org.springframework.web.servlet.HttpServletBean.init(HttpServletBean.java:170) ~[spring-webmvc-5.3.7-SNAPSHOT.jar:?]
	at javax.servlet.GenericServlet.init(GenericServlet.java:203) ~[javax.servlet-api-4.0.1.jar:4.0.1]
	at org.springframework.web.servlet.mvc.method.annotation.AbstractServletHandlerMethodTests.initDispatcherServlet(AbstractServletHandlerMethodTests.java:116) ~[test/:?]
	at org.springframework.web.servlet.mvc.method.annotation.AbstractServletHandlerMethodTests.initDispatcherServlet(AbstractServletHandlerMethodTests.java:70) ~[test/:?]
	at org.springframework.web.servlet.mvc.method.annotation.ServletAnnotationControllerHandlerMethodTests.lambda$equivalentMappingsWithSameMethodName$20(ServletAnnotationControllerHandlerMethodTests.java:849) ~[test/:?]
	at org.assertj.core.api.ThrowableAssert.catchThrowable(ThrowableAssert.java:62) ~[assertj-core-3.19.0.jar:?]
	at org.assertj.core.api.AssertionsForClassTypes.catchThrowable(AssertionsForClassTypes.java:877) ~[assertj-core-3.19.0.jar:?]
	at org.assertj.core.api.Assertions.catchThrowable(Assertions.java:1306) ~[assertj-core-3.19.0.jar:?]
	at org.assertj.core.api.Assertions.assertThatThrownBy(Assertions.java:1178) ~[assertj-core-3.19.0.jar:?]
	at org.springframework.web.servlet.mvc.method.annotation.ServletAnnotationControllerHandlerMethodTests.equivalentMappingsWithSameMethodName(ServletAnnotationControllerHandlerMethodTests.java:849) ~[test/:?]
	at jdk.internal.reflect.NativeMethodAccessorImpl.invoke0(Native Method) ~[?:?]
	at jdk.internal.reflect.NativeMethodAccessorImpl.invoke(NativeMethodAccessorImpl.java:62) ~[?:?]
	at jdk.internal.reflect.DelegatingMethodAccessorImpl.invoke(DelegatingMethodAccessorImpl.java:43) ~[?:?]
	at java.lang.reflect.Method.invoke(Method.java:566) ~[?:?]
	at org.junit.platform.commons.util.ReflectionUtils.invokeMethod(ReflectionUtils.java:688) ~[junit-platform-commons-1.7.1.jar:1.7.1]
	at org.junit.jupiter.engine.execution.MethodInvocation.proceed(MethodInvocation.java:60) ~[junit-jupiter-engine-5.7.1.jar:5.7.1]
	at org.junit.jupiter.engine.execution.InvocationInterceptorChain$ValidatingInvocation.proceed(InvocationInterceptorChain.java:131) ~[junit-jupiter-engine-5.7.1.jar:5.7.1]
	at org.junit.jupiter.engine.extension.TimeoutExtension.intercept(TimeoutExtension.java:149) ~[junit-jupiter-engine-5.7.1.jar:5.7.1]
	at org.junit.jupiter.engine.extension.TimeoutExtension.interceptTestableMethod(TimeoutExtension.java:140) ~[junit-jupiter-engine-5.7.1.jar:5.7.1]
	at org.junit.jupiter.engine.extension.TimeoutExtension.interceptTestTemplateMethod(TimeoutExtension.java:92) ~[junit-jupiter-engine-5.7.1.jar:5.7.1]
	at org.junit.jupiter.engine.execution.ExecutableInvoker$ReflectiveInterceptorCall.lambda$ofVoidMethod$0(ExecutableInvoker.java:115) ~[junit-jupiter-engine-5.7.1.jar:5.7.1]
	at org.junit.jupiter.engine.execution.ExecutableInvoker.lambda$invoke$0(ExecutableInvoker.java:105) ~[junit-jupiter-engine-5.7.1.jar:5.7.1]
	at org.junit.jupiter.engine.execution.InvocationInterceptorChain$InterceptedInvocation.proceed(InvocationInterceptorChain.java:106) ~[junit-jupiter-engine-5.7.1.jar:5.7.1]
	at org.junit.jupiter.engine.execution.InvocationInterceptorChain.proceed(InvocationInterceptorChain.java:64) ~[junit-jupiter-engine-5.7.1.jar:5.7.1]
	at org.junit.jupiter.engine.execution.InvocationInterceptorChain.chainAndInvoke(InvocationInterceptorChain.java:45) ~[junit-jupiter-engine-5.7.1.jar:5.7.1]
	at org.junit.jupiter.engine.execution.InvocationInterceptorChain.invoke(InvocationInterceptorChain.java:37) ~[junit-jupiter-engine-5.7.1.jar:5.7.1]
	at org.junit.jupiter.engine.execution.ExecutableInvoker.invoke(ExecutableInvoker.java:104) ~[junit-jupiter-engine-5.7.1.jar:5.7.1]
	at org.junit.jupiter.engine.execution.ExecutableInvoker.invoke(ExecutableInvoker.java:98) ~[junit-jupiter-engine-5.7.1.jar:5.7.1]
	at org.junit.jupiter.engine.descriptor.TestMethodTestDescriptor.lambda$invokeTestMethod$6(TestMethodTestDescriptor.java:210) ~[junit-jupiter-engine-5.7.1.jar:5.7.1]
	at org.junit.platform.engine.support.hierarchical.ThrowableCollector.execute(ThrowableCollector.java:73) ~[junit-platform-engine-1.7.1.jar:1.7.1]
	at org.junit.jupiter.engine.descriptor.TestMethodTestDescriptor.invokeTestMethod(TestMethodTestDescriptor.java:206) ~[junit-jupiter-engine-5.7.1.jar:5.7.1]
	at org.junit.jupiter.engine.descriptor.TestMethodTestDescriptor.execute(TestMethodTestDescriptor.java:131) ~[junit-jupiter-engine-5.7.1.jar:5.7.1]
	at org.junit.jupiter.engine.descriptor.TestMethodTestDescriptor.execute(TestMethodTestDescriptor.java:65) ~[junit-jupiter-engine-5.7.1.jar:5.7.1]
	at org.junit.platform.engine.support.hierarchical.NodeTestTask.lambda$executeRecursively$5(NodeTestTask.java:139) ~[junit-platform-engine-1.7.1.jar:1.7.1]
	at org.junit.platform.engine.support.hierarchical.ThrowableCollector.execute(ThrowableCollector.java:73) ~[junit-platform-engine-1.7.1.jar:1.7.1]
	at org.junit.platform.engine.support.hierarchical.NodeTestTask.lambda$executeRecursively$7(NodeTestTask.java:129) ~[junit-platform-engine-1.7.1.jar:1.7.1]
	at org.junit.platform.engine.support.hierarchical.Node.around(Node.java:137) ~[junit-platform-engine-1.7.1.jar:1.7.1]
	at org.junit.platform.engine.support.hierarchical.NodeTestTask.lambda$executeRecursively$8(NodeTestTask.java:127) ~[junit-platform-engine-1.7.1.jar:1.7.1]
	at org.junit.platform.engine.support.hierarchical.ThrowableCollector.execute(ThrowableCollector.java:73) ~[junit-platform-engine-1.7.1.jar:1.7.1]
	at org.junit.platform.engine.support.hierarchical.NodeTestTask.executeRecursively(NodeTestTask.java:126) ~[junit-platform-engine-1.7.1.jar:1.7.1]
	at org.junit.platform.engine.support.hierarchical.NodeTestTask.execute(NodeTestTask.java:84) ~[junit-platform-engine-1.7.1.jar:1.7.1]
	at org.junit.platform.engine.support.hierarchical.SameThreadHierarchicalTestExecutorService.submit(SameThreadHierarchicalTestExecutorService.java:32) ~[junit-platform-engine-1.7.1.jar:1.7.1]
	at org.junit.platform.engine.support.hierarchical.NodeTestTask$DefaultDynamicTestExecutor.execute(NodeTestTask.java:212) ~[junit-platform-engine-1.7.1.jar:1.7.1]
	at org.junit.platform.engine.support.hierarchical.NodeTestTask$DefaultDynamicTestExecutor.execute(NodeTestTask.java:192) ~[junit-platform-engine-1.7.1.jar:1.7.1]
	at org.junit.jupiter.engine.descriptor.TestTemplateTestDescriptor.execute(TestTemplateTestDescriptor.java:139) ~[junit-jupiter-engine-5.7.1.jar:5.7.1]
	at org.junit.jupiter.engine.descriptor.TestTemplateTestDescriptor.lambda$execute$2(TestTemplateTestDescriptor.java:107) ~[junit-jupiter-engine-5.7.1.jar:5.7.1]
	at java.util.stream.ForEachOps$ForEachOp$OfRef.accept(ForEachOps.java:183) ~[?:?]
	at java.util.stream.ReferencePipeline$3$1.accept(ReferencePipeline.java:195) ~[?:?]
	at java.util.stream.ReferencePipeline$2$1.accept(ReferencePipeline.java:177) ~[?:?]
	at java.util.stream.ReferencePipeline$3$1.accept(ReferencePipeline.java:195) ~[?:?]
	at java.util.stream.ForEachOps$ForEachOp$OfRef.accept(ForEachOps.java:183) ~[?:?]
	at java.util.stream.ReferencePipeline$11$1.accept(ReferencePipeline.java:442) ~[?:?]
	at java.util.stream.ReferencePipeline$3$1.accept(ReferencePipeline.java:195) ~[?:?]
	at java.util.stream.ReferencePipeline$3$1.accept(ReferencePipeline.java:195) ~[?:?]
	at java.util.stream.ReferencePipeline$3$1.accept(ReferencePipeline.java:195) ~[?:?]
	at java.util.stream.ForEachOps$ForEachOp$OfRef.accept(ForEachOps.java:183) ~[?:?]
	at java.util.stream.ReferencePipeline$3$1.accept(ReferencePipeline.java:195) ~[?:?]
	at java.util.Spliterators$ArraySpliterator.forEachRemaining(Spliterators.java:948) ~[?:?]
	at java.util.stream.ReferencePipeline$Head.forEach(ReferencePipeline.java:658) ~[?:?]
	at java.util.stream.ReferencePipeline$7$1.accept(ReferencePipeline.java:274) ~[?:?]
	at java.util.stream.ReferencePipeline$3$1.accept(ReferencePipeline.java:195) ~[?:?]
	at java.util.stream.ReferencePipeline$3$1.accept(ReferencePipeline.java:195) ~[?:?]
	at java.util.Spliterators$ArraySpliterator.forEachRemaining(Spliterators.java:948) ~[?:?]
	at java.util.stream.AbstractPipeline.copyInto(AbstractPipeline.java:484) ~[?:?]
	at java.util.stream.AbstractPipeline.wrapAndCopyInto(AbstractPipeline.java:474) ~[?:?]
	at java.util.stream.ForEachOps$ForEachOp.evaluateSequential(ForEachOps.java:150) ~[?:?]
	at java.util.stream.ForEachOps$ForEachOp$OfRef.evaluateSequential(ForEachOps.java:173) ~[?:?]
	at java.util.stream.AbstractPipeline.evaluate(AbstractPipeline.java:234) ~[?:?]
	at java.util.stream.ReferencePipeline.forEach(ReferencePipeline.java:497) ~[?:?]
	at java.util.stream.ReferencePipeline$7$1.accept(ReferencePipeline.java:274) ~[?:?]
	at java.util.stream.ReferencePipeline$3$1.accept(ReferencePipeline.java:195) ~[?:?]
	at java.util.stream.ReferencePipeline$3$1.accept(ReferencePipeline.java:195) ~[?:?]
	at java.util.stream.ReferencePipeline$3$1.accept(ReferencePipeline.java:195) ~[?:?]
	at java.util.ArrayList$ArrayListSpliterator.forEachRemaining(ArrayList.java:1655) ~[?:?]
	at java.util.stream.AbstractPipeline.copyInto(AbstractPipeline.java:484) ~[?:?]
	at java.util.stream.AbstractPipeline.wrapAndCopyInto(AbstractPipeline.java:474) ~[?:?]
	at java.util.stream.ForEachOps$ForEachOp.evaluateSequential(ForEachOps.java:150) ~[?:?]
	at java.util.stream.ForEachOps$ForEachOp$OfRef.evaluateSequential(ForEachOps.java:173) ~[?:?]
	at java.util.stream.AbstractPipeline.evaluate(AbstractPipeline.java:234) ~[?:?]
	at java.util.stream.ReferencePipeline.forEach(ReferencePipeline.java:497) ~[?:?]
	at java.util.stream.ReferencePipeline$7$1.accept(ReferencePipeline.java:274) ~[?:?]
	at java.util.ArrayList$ArrayListSpliterator.forEachRemaining(ArrayList.java:1655) ~[?:?]
	at java.util.stream.AbstractPipeline.copyInto(AbstractPipeline.java:484) ~[?:?]
	at java.util.stream.AbstractPipeline.wrapAndCopyInto(AbstractPipeline.java:474) ~[?:?]
	at java.util.stream.ForEachOps$ForEachOp.evaluateSequential(ForEachOps.java:150) ~[?:?]
	at java.util.stream.ForEachOps$ForEachOp$OfRef.evaluateSequential(ForEachOps.java:173) ~[?:?]
	at java.util.stream.AbstractPipeline.evaluate(AbstractPipeline.java:234) ~[?:?]
	at java.util.stream.ReferencePipeline.forEach(ReferencePipeline.java:497) ~[?:?]
	at org.junit.jupiter.engine.descriptor.TestTemplateTestDescriptor.execute(TestTemplateTestDescriptor.java:107) ~[junit-jupiter-engine-5.7.1.jar:5.7.1]
	at org.junit.jupiter.engine.descriptor.TestTemplateTestDescriptor.execute(TestTemplateTestDescriptor.java:42) ~[junit-jupiter-engine-5.7.1.jar:5.7.1]
	at org.junit.platform.engine.support.hierarchical.NodeTestTask.lambda$executeRecursively$5(NodeTestTask.java:139) ~[junit-platform-engine-1.7.1.jar:1.7.1]
	at org.junit.platform.engine.support.hierarchical.ThrowableCollector.execute(ThrowableCollector.java:73) ~[junit-platform-engine-1.7.1.jar:1.7.1]
	at org.junit.platform.engine.support.hierarchical.NodeTestTask.lambda$executeRecursively$7(NodeTestTask.java:129) ~[junit-platform-engine-1.7.1.jar:1.7.1]
	at org.junit.platform.engine.support.hierarchical.Node.around(Node.java:137) ~[junit-platform-engine-1.7.1.jar:1.7.1]
	at org.junit.platform.engine.support.hierarchical.NodeTestTask.lambda$executeRecursively$8(NodeTestTask.java:127) ~[junit-platform-engine-1.7.1.jar:1.7.1]
	at org.junit.platform.engine.support.hierarchical.ThrowableCollector.execute(ThrowableCollector.java:73) ~[junit-platform-engine-1.7.1.jar:1.7.1]
	at org.junit.platform.engine.support.hierarchical.NodeTestTask.executeRecursively(NodeTestTask.java:126) ~[junit-platform-engine-1.7.1.jar:1.7.1]
	at org.junit.platform.engine.support.hierarchical.NodeTestTask.execute(NodeTestTask.java:84) ~[junit-platform-engine-1.7.1.jar:1.7.1]
	at java.util.ArrayList.forEach(ArrayList.java:1541) ~[?:?]
	at org.junit.platform.engine.support.hierarchical.SameThreadHierarchicalTestExecutorService.invokeAll(SameThreadHierarchicalTestExecutorService.java:38) ~[junit-platform-engine-1.7.1.jar:1.7.1]
	at org.junit.platform.engine.support.hierarchical.NodeTestTask.lambda$executeRecursively$5(NodeTestTask.java:143) ~[junit-platform-engine-1.7.1.jar:1.7.1]
	at org.junit.platform.engine.support.hierarchical.ThrowableCollector.execute(ThrowableCollector.java:73) ~[junit-platform-engine-1.7.1.jar:1.7.1]
	at org.junit.platform.engine.support.hierarchical.NodeTestTask.lambda$executeRecursively$7(NodeTestTask.java:129) ~[junit-platform-engine-1.7.1.jar:1.7.1]
	at org.junit.platform.engine.support.hierarchical.Node.around(Node.java:137) ~[junit-platform-engine-1.7.1.jar:1.7.1]
	at org.junit.platform.engine.support.hierarchical.NodeTestTask.lambda$executeRecursively$8(NodeTestTask.java:127) ~[junit-platform-engine-1.7.1.jar:1.7.1]
	at org.junit.platform.engine.support.hierarchical.ThrowableCollector.execute(ThrowableCollector.java:73) ~[junit-platform-engine-1.7.1.jar:1.7.1]
	at org.junit.platform.engine.support.hierarchical.NodeTestTask.executeRecursively(NodeTestTask.java:126) ~[junit-platform-engine-1.7.1.jar:1.7.1]
	at org.junit.platform.engine.support.hierarchical.NodeTestTask.execute(NodeTestTask.java:84) ~[junit-platform-engine-1.7.1.jar:1.7.1]
	at java.util.ArrayList.forEach(ArrayList.java:1541) ~[?:?]
	at org.junit.platform.engine.support.hierarchical.SameThreadHierarchicalTestExecutorService.invokeAll(SameThreadHierarchicalTestExecutorService.java:38) ~[junit-platform-engine-1.7.1.jar:1.7.1]
	at org.junit.platform.engine.support.hierarchical.NodeTestTask.lambda$executeRecursively$5(NodeTestTask.java:143) ~[junit-platform-engine-1.7.1.jar:1.7.1]
	at org.junit.platform.engine.support.hierarchical.ThrowableCollector.execute(ThrowableCollector.java:73) ~[junit-platform-engine-1.7.1.jar:1.7.1]
	at org.junit.platform.engine.support.hierarchical.NodeTestTask.lambda$executeRecursively$7(NodeTestTask.java:129) ~[junit-platform-engine-1.7.1.jar:1.7.1]
	at org.junit.platform.engine.support.hierarchical.Node.around(Node.java:137) ~[junit-platform-engine-1.7.1.jar:1.7.1]
	at org.junit.platform.engine.support.hierarchical.NodeTestTask.lambda$executeRecursively$8(NodeTestTask.java:127) ~[junit-platform-engine-1.7.1.jar:1.7.1]
	at org.junit.platform.engine.support.hierarchical.ThrowableCollector.execute(ThrowableCollector.java:73) ~[junit-platform-engine-1.7.1.jar:1.7.1]
	at org.junit.platform.engine.support.hierarchical.NodeTestTask.executeRecursively(NodeTestTask.java:126) ~[junit-platform-engine-1.7.1.jar:1.7.1]
	at org.junit.platform.engine.support.hierarchical.NodeTestTask.execute(NodeTestTask.java:84) ~[junit-platform-engine-1.7.1.jar:1.7.1]
	at org.junit.platform.engine.support.hierarchical.SameThreadHierarchicalTestExecutorService.submit(SameThreadHierarchicalTestExecutorService.java:32) ~[junit-platform-engine-1.7.1.jar:1.7.1]
	at org.junit.platform.engine.support.hierarchical.HierarchicalTestExecutor.execute(HierarchicalTestExecutor.java:57) ~[junit-platform-engine-1.7.1.jar:1.7.1]
	at org.junit.platform.engine.support.hierarchical.HierarchicalTestEngine.execute(HierarchicalTestEngine.java:51) ~[junit-platform-engine-1.7.1.jar:1.7.1]
	at org.junit.platform.launcher.core.EngineExecutionOrchestrator.execute(EngineExecutionOrchestrator.java:108) ~[junit-platform-launcher-1.7.1.jar:1.7.1]
	at org.junit.platform.launcher.core.EngineExecutionOrchestrator.execute(EngineExecutionOrchestrator.java:88) ~[junit-platform-launcher-1.7.1.jar:1.7.1]
	at org.junit.platform.launcher.core.EngineExecutionOrchestrator.lambda$execute$0(EngineExecutionOrchestrator.java:54) ~[junit-platform-launcher-1.7.1.jar:1.7.1]
	at org.junit.platform.launcher.core.EngineExecutionOrchestrator.withInterceptedStreams(EngineExecutionOrchestrator.java:67) [junit-platform-launcher-1.7.1.jar:1.7.1]
	at org.junit.platform.launcher.core.EngineExecutionOrchestrator.execute(EngineExecutionOrchestrator.java:52) [junit-platform-launcher-1.7.1.jar:1.7.1]
	at org.junit.platform.launcher.core.DefaultLauncher.execute(DefaultLauncher.java:96) [junit-platform-launcher-1.7.1.jar:1.7.1]
	at org.junit.platform.launcher.core.DefaultLauncher.execute(DefaultLauncher.java:75) [junit-platform-launcher-1.7.1.jar:1.7.1]
	at org.gradle.api.internal.tasks.testing.junitplatform.JUnitPlatformTestClassProcessor$CollectAllTestClassesExecutor.processAllTestClasses(JUnitPlatformTestClassProcessor.java:99) [gradle-testing-junit-platform-6.8.3.jar:6.8.3]
	at org.gradle.api.internal.tasks.testing.junitplatform.JUnitPlatformTestClassProcessor$CollectAllTestClassesExecutor.access$000(JUnitPlatformTestClassProcessor.java:79) [gradle-testing-junit-platform-6.8.3.jar:6.8.3]
	at org.gradle.api.internal.tasks.testing.junitplatform.JUnitPlatformTestClassProcessor.stop(JUnitPlatformTestClassProcessor.java:75) [gradle-testing-junit-platform-6.8.3.jar:6.8.3]
	at org.gradle.api.internal.tasks.testing.SuiteTestClassProcessor.stop(SuiteTestClassProcessor.java:61) [gradle-testing-base-6.8.3.jar:6.8.3]
	at jdk.internal.reflect.NativeMethodAccessorImpl.invoke0(Native Method) ~[?:?]
	at jdk.internal.reflect.NativeMethodAccessorImpl.invoke(NativeMethodAccessorImpl.java:62) ~[?:?]
	at jdk.internal.reflect.DelegatingMethodAccessorImpl.invoke(DelegatingMethodAccessorImpl.java:43) ~[?:?]
	at java.lang.reflect.Method.invoke(Method.java:566) ~[?:?]
	at org.gradle.internal.dispatch.ReflectionDispatch.dispatch(ReflectionDispatch.java:36) [gradle-messaging-6.8.3.jar:6.8.3]
	at org.gradle.internal.dispatch.ReflectionDispatch.dispatch(ReflectionDispatch.java:24) [gradle-messaging-6.8.3.jar:6.8.3]
	at org.gradle.internal.dispatch.ContextClassLoaderDispatch.dispatch(ContextClassLoaderDispatch.java:33) [gradle-messaging-6.8.3.jar:6.8.3]
	at org.gradle.internal.dispatch.ProxyDispatchAdapter$DispatchingInvocationHandler.invoke(ProxyDispatchAdapter.java:94) [gradle-messaging-6.8.3.jar:6.8.3]
	at com.sun.proxy.$Proxy2.stop(Unknown Source) [?:?]
	at org.gradle.api.internal.tasks.testing.worker.TestWorker.stop(TestWorker.java:133) [gradle-testing-base-6.8.3.jar:6.8.3]
	at jdk.internal.reflect.NativeMethodAccessorImpl.invoke0(Native Method) ~[?:?]
	at jdk.internal.reflect.NativeMethodAccessorImpl.invoke(NativeMethodAccessorImpl.java:62) ~[?:?]
	at jdk.internal.reflect.DelegatingMethodAccessorImpl.invoke(DelegatingMethodAccessorImpl.java:43) ~[?:?]
	at java.lang.reflect.Method.invoke(Method.java:566) ~[?:?]
	at org.gradle.internal.dispatch.ReflectionDispatch.dispatch(ReflectionDispatch.java:36) [gradle-messaging-6.8.3.jar:6.8.3]
	at org.gradle.internal.dispatch.ReflectionDispatch.dispatch(ReflectionDispatch.java:24) [gradle-messaging-6.8.3.jar:6.8.3]
	at org.gradle.internal.remote.internal.hub.MessageHubBackedObjectConnection$DispatchWrapper.dispatch(MessageHubBackedObjectConnection.java:182) [gradle-messaging-6.8.3.jar:6.8.3]
	at org.gradle.internal.remote.internal.hub.MessageHubBackedObjectConnection$DispatchWrapper.dispatch(MessageHubBackedObjectConnection.java:164) [gradle-messaging-6.8.3.jar:6.8.3]
	at org.gradle.internal.remote.internal.hub.MessageHub$Handler.run(MessageHub.java:414) [gradle-messaging-6.8.3.jar:6.8.3]
	at org.gradle.internal.concurrent.ExecutorPolicy$CatchAndRecordFailures.onExecute(ExecutorPolicy.java:64) [gradle-base-services-6.8.3.jar:6.8.3]
	at org.gradle.internal.concurrent.ManagedExecutorImpl$1.run(ManagedExecutorImpl.java:48) [gradle-base-services-6.8.3.jar:6.8.3]
	at java.util.concurrent.ThreadPoolExecutor.runWorker(ThreadPoolExecutor.java:1128) [?:?]
	at java.util.concurrent.ThreadPoolExecutor$Worker.run(ThreadPoolExecutor.java:628) [?:?]
	at org.gradle.internal.concurrent.ThreadFactoryImpl$ManagedThreadRunnable.run(ThreadFactoryImpl.java:56) [gradle-base-services-6.8.3.jar:6.8.3]
	at java.lang.Thread.run(Thread.java:834) [?:?]
Caused by: java.lang.IllegalStateException: Ambiguous mapping. Cannot map 'ChildController' method 
org.springframework.web.servlet.mvc.method.annotation.ServletAnnotationControllerHandlerMethodTests$ChildController#doGet(HttpServletRequest, HttpServletResponse)
to {GET [/child/test]}: There is already 'ChildController' bean method
org.springframework.web.servlet.mvc.method.annotation.ServletAnnotationControllerHandlerMethodTests$ChildController#doGet(HttpServletRequest, HttpServletResponse, String) mapped.
	at org.springframework.web.servlet.handler.AbstractHandlerMethodMapping$MappingRegistry.validateMethodMapping(AbstractHandlerMethodMapping.java:662) ~[spring-webmvc-5.3.7-SNAPSHOT.jar:?]
	at org.springframework.web.servlet.handler.AbstractHandlerMethodMapping$MappingRegistry.register(AbstractHandlerMethodMapping.java:628) ~[spring-webmvc-5.3.7-SNAPSHOT.jar:?]
	at org.springframework.web.servlet.handler.AbstractHandlerMethodMapping.registerHandlerMethod(AbstractHandlerMethodMapping.java:328) ~[spring-webmvc-5.3.7-SNAPSHOT.jar:?]
	at org.springframework.web.servlet.mvc.method.annotation.RequestMappingHandlerMapping.registerHandlerMethod(RequestMappingHandlerMapping.java:395) ~[spring-webmvc-5.3.7-SNAPSHOT.jar:?]
	at org.springframework.web.servlet.mvc.method.annotation.RequestMappingHandlerMapping.registerHandlerMethod(RequestMappingHandlerMapping.java:76) ~[spring-webmvc-5.3.7-SNAPSHOT.jar:?]
	at org.springframework.web.servlet.handler.AbstractHandlerMethodMapping.lambda$detectHandlerMethods$2(AbstractHandlerMethodMapping.java:298) ~[spring-webmvc-5.3.7-SNAPSHOT.jar:?]
	at java.util.LinkedHashMap.forEach(LinkedHashMap.java:684) ~[?:?]
	at org.springframework.web.servlet.handler.AbstractHandlerMethodMapping.detectHandlerMethods(AbstractHandlerMethodMapping.java:296) ~[spring-webmvc-5.3.7-SNAPSHOT.jar:?]
	at org.springframework.web.servlet.handler.AbstractHandlerMethodMapping.processCandidateBean(AbstractHandlerMethodMapping.java:265) ~[spring-webmvc-5.3.7-SNAPSHOT.jar:?]
	at org.springframework.web.servlet.handler.AbstractHandlerMethodMapping.initHandlerMethods(AbstractHandlerMethodMapping.java:224) ~[spring-webmvc-5.3.7-SNAPSHOT.jar:?]
	at org.springframework.web.servlet.handler.AbstractHandlerMethodMapping.afterPropertiesSet(AbstractHandlerMethodMapping.java:212) ~[spring-webmvc-5.3.7-SNAPSHOT.jar:?]
	at org.springframework.web.servlet.mvc.method.annotation.RequestMappingHandlerMapping.afterPropertiesSet(RequestMappingHandlerMapping.java:206) ~[spring-webmvc-5.3.7-SNAPSHOT.jar:?]
	at org.springframework.beans.factory.support.AbstractAutowireCapableBeanFactory.invokeInitMethods(AbstractAutowireCapableBeanFactory.java:1845) ~[spring-beans-5.3.7-SNAPSHOT.jar:5.3.7-SNAPSHOT]
	at org.springframework.beans.factory.support.AbstractAutowireCapableBeanFactory.initializeBean(AbstractAutowireCapableBeanFactory.java:1782) ~[spring-beans-5.3.7-SNAPSHOT.jar:5.3.7-SNAPSHOT]
	... 169 more
15:41:06.449 [Test worker] WARN  o.s.w.s.PageNotFound - No mapping for GET /method
15:41:06.493 [Test worker] WARN  o.s.w.s.PageNotFound - No mapping for GET /method
15:41:07.166 [Test worker] WARN  o.s.w.s.m.s.DefaultHandlerExceptionResolver - Resolved [org.springframework.http.converter.HttpMessageNotReadableException: Could not read]
15:41:07.190 [Test worker] WARN  o.s.w.s.m.s.DefaultHandlerExceptionResolver - Resolved [org.springframework.http.converter.HttpMessageNotReadableException: Could not read]
15:41:07.295 [Test worker] WARN  o.s.w.s.m.s.DefaultHandlerExceptionResolver - Resolved [org.springframework.web.HttpMediaTypeNotAcceptableException: Could not find acceptable representation]
15:41:07.349 [Test worker] WARN  o.s.w.s.m.s.DefaultHandlerExceptionResolver - Resolved [org.springframework.web.HttpMediaTypeNotAcceptableException: Could not find acceptable representation]
15:41:07.537 [Test worker] WARN  o.s.w.s.m.s.DefaultHandlerExceptionResolver - Resolved [org.springframework.web.HttpMediaTypeNotAcceptableException: Could not find acceptable representation]
15:41:07.557 [Test worker] WARN  o.s.w.s.m.s.DefaultHandlerExceptionResolver - Resolved [org.springframework.web.HttpMediaTypeNotAcceptableException: Could not find acceptable representation]
15:41:08.011 [Test worker] WARN  o.s.w.s.m.s.DefaultHandlerExceptionResolver - Resolved [org.springframework.http.converter.HttpMessageNotReadableException: Could not unmarshal to [class org.springframework.web.servlet.mvc.method.annotation.ServletAnnotationControllerHandlerMethodTests$A]: Failed to convert value of type 'org.springframework.web.servlet.mvc.method.annotation.ServletAnnotationControllerHandlerMethodTests$B' to required type 'org.springframework.web.servlet.mvc.method.annotation.ServletAnnotationControllerHandlerMethodTests$A'; nested exception is org.springframework.beans.TypeMismatchException: Failed to convert value of type 'org.springframework.web.servlet.mvc.method.annotation.ServletAnnotationControllerHandlerMethodTests$B' to required type 'org.springframework.web.servlet.mvc.method.annotation.ServletAnnotationControllerHandlerMethodTests$A']
15:41:08.038 [Test worker] WARN  o.s.w.s.m.s.DefaultHandlerExceptionResolver - Resolved [org.springframework.http.converter.HttpMessageNotReadableException: Could not unmarshal to [class org.springframework.web.servlet.mvc.method.annotation.ServletAnnotationControllerHandlerMethodTests$A]: Failed to convert value of type 'org.springframework.web.servlet.mvc.method.annotation.ServletAnnotationControllerHandlerMethodTests$B' to required type 'org.springframework.web.servlet.mvc.method.annotation.ServletAnnotationControllerHandlerMethodTests$A'; nested exception is org.springframework.beans.TypeMismatchException: Failed to convert value of type 'org.springframework.web.servlet.mvc.method.annotation.ServletAnnotationControllerHandlerMethodTests$B' to required type 'org.springframework.web.servlet.mvc.method.annotation.ServletAnnotationControllerHandlerMethodTests$A']
15:41:08.057 [Test worker] WARN  o.s.w.s.m.s.DefaultHandlerExceptionResolver - Resolved [org.springframework.web.HttpMediaTypeNotSupportedException: Content type 'application/xml' not supported]
15:41:08.079 [Test worker] WARN  o.s.w.s.m.s.DefaultHandlerExceptionResolver - Resolved [org.springframework.web.HttpMediaTypeNotSupportedException: Content type 'application/xml' not supported]
15:41:08.435 [Test worker] WARN  o.s.w.s.PageNotFound - No mapping for GET /a1.html
15:41:08.802 [Test worker] WARN  o.s.w.s.m.s.DefaultHandlerExceptionResolver - Resolved [org.springframework.web.HttpRequestMethodNotSupportedException: Request method 'GET' not supported]
15:41:08.818 [Test worker] WARN  o.s.w.s.m.s.DefaultHandlerExceptionResolver - Resolved [org.springframework.web.HttpRequestMethodNotSupportedException: Request method 'GET' not supported]
15:41:09.474 [Test worker] WARN  o.s.w.s.m.s.DefaultHandlerExceptionResolver - Resolved [org.springframework.web.HttpMediaTypeNotAcceptableException: Could not find acceptable representation]
15:41:09.489 [Test worker] WARN  o.s.w.s.m.s.DefaultHandlerExceptionResolver - Resolved [org.springframework.web.HttpMediaTypeNotAcceptableException: Could not find acceptable representation]
15:41:09.507 [Test worker] WARN  o.s.w.s.PageNotFound - No mapping for GET /herApp/surprise.do
15:41:09.724 [Test worker] WARN  o.s.w.s.m.s.DefaultHandlerExceptionResolver - Resolved [org.springframework.web.HttpMediaTypeNotSupportedException: Content type 'application/pdf' not supported]
15:41:09.743 [Test worker] WARN  o.s.w.s.m.s.DefaultHandlerExceptionResolver - Resolved [org.springframework.web.HttpMediaTypeNotSupportedException: Content type 'application/pdf' not supported]
15:41:09.877 [Test worker] WARN  o.s.w.s.m.s.DefaultHandlerExceptionResolver - Resolved [org.springframework.web.HttpRequestMethodNotSupportedException: Request method 'GET' not supported]
15:41:09.892 [Test worker] WARN  o.s.w.s.m.s.DefaultHandlerExceptionResolver - Resolved [org.springframework.web.HttpRequestMethodNotSupportedException: Request method 'GET' not supported]
15:41:10.436 [Test worker] WARN  o.s.w.s.m.s.DefaultHandlerExceptionResolver - Resolved [org.springframework.web.method.annotation.MethodArgumentTypeMismatchException: Failed to convert value of type 'java.lang.String' to required type 'int'; nested exception is java.lang.NumberFormatException: For input string: "foo"]
15:41:10.455 [Test worker] WARN  o.s.w.s.m.s.DefaultHandlerExceptionResolver - Resolved [org.springframework.web.method.annotation.MethodArgumentTypeMismatchException: Failed to convert value of type 'java.lang.String' to required type 'int'; nested exception is java.lang.NumberFormatException: For input string: "foo"]
15:41:10.565 [Test worker] WARN  o.s.w.s.PageNotFound - No mapping for GET /myPath3.do
15:41:10.904 [Test worker] WARN  o.s.w.s.PageNotFound - No mapping for GET /a3.html
15:41:10.976 [Test worker] WARN  o.s.w.s.m.s.DefaultHandlerExceptionResolver - Resolved [org.springframework.web.bind.MissingServletRequestParameterException: Required request parameter 'id' for method parameter type int is not present]
15:41:10.993 [Test worker] WARN  o.s.w.s.m.s.DefaultHandlerExceptionResolver - Resolved [org.springframework.web.bind.MissingServletRequestParameterException: Required request parameter 'id' for method parameter type int is not present]
15:41:11.180 [Test worker] WARN  o.s.w.s.m.s.DefaultHandlerExceptionResolver - Resolved [org.springframework.web.HttpMediaTypeNotSupportedException: Content type 'application/xml' not supported]
15:41:11.202 [Test worker] WARN  o.s.w.s.m.s.DefaultHandlerExceptionResolver - Resolved [org.springframework.web.HttpMediaTypeNotSupportedException: Content type 'application/xml' not supported]
]]></system-out>
  <system-err><![CDATA[]]></system-err>
</testsuite>
