<?xml version="1.0" encoding="UTF-8"?>
<testsuite name="org.springframework.web.servlet.mvc.method.annotation.RequestPartIntegrationTests" tests="3" skipped="0" failures="0" errors="0" timestamp="2021-05-01T09:33:24" hostname="wangweilideMBP.lan" time="0.991">
  <properties/>
  <testcase name="standardMultipartResolver()" classname="org.springframework.web.servlet.mvc.method.annotation.RequestPartIntegrationTests" time="0.769"/>
  <testcase name="standardMultipartResolverWithEncodedFileName()" classname="org.springframework.web.servlet.mvc.method.annotation.RequestPartIntegrationTests" time="0.038"/>
  <testcase name="commonsMultipartResolver()" classname="org.springframework.web.servlet.mvc.method.annotation.RequestPartIntegrationTests" time="0.183"/>
  <system-out><![CDATA[]]></system-out>
  <system-err><![CDATA[]]></system-err>
</testsuite>
