<?xml version="1.0" encoding="UTF-8"?>
<testsuite name="org.springframework.web.servlet.view.script.KotlinScriptTemplateTests" tests="3" skipped="0" failures="0" errors="0" timestamp="2021-05-09T12:42:08" hostname="wangweilidembp" time="7.232">
  <properties/>
  <testcase name="renderTemplateWithFrenchLocale()" classname="org.springframework.web.servlet.view.script.KotlinScriptTemplateTests" time="6.107"/>
  <testcase name="renderTemplateWithoutRenderFunction()" classname="org.springframework.web.servlet.view.script.KotlinScriptTemplateTests" time="0.307"/>
  <testcase name="renderTemplateWithEnglishLocale()" classname="org.springframework.web.servlet.view.script.KotlinScriptTemplateTests" time="0.818"/>
  <system-out><![CDATA[]]></system-out>
  <system-err><![CDATA[]]></system-err>
</testsuite>
