<?xml version="1.0" encoding="UTF-8"?>
<testsuite name="org.springframework.web.servlet.view.DefaultRequestToViewNameTranslatorTests" tests="22" skipped="0" failures="0" errors="0" timestamp="2021-05-09T12:42:01" hostname="wangweilidembp" time="0.015">
  <properties/>
  <testcase name="[1] requestFactory=org.springframework.web.servlet.handler.PathPatternsTestUtils$$Lambda$643/0x0000000800662c40@601341f3" classname="org.springframework.web.servlet.view.DefaultRequestToViewNameTranslatorTests" time="0.0"/>
  <testcase name="[2] requestFactory=org.springframework.web.servlet.handler.PathPatternsTestUtils$$Lambda$644/0x0000000800662040@333bb4e5" classname="org.springframework.web.servlet.view.DefaultRequestToViewNameTranslatorTests" time="0.0"/>
  <testcase name="[1] requestFactory=org.springframework.web.servlet.handler.PathPatternsTestUtils$$Lambda$643/0x0000000800662c40@6e845715" classname="org.springframework.web.servlet.view.DefaultRequestToViewNameTranslatorTests" time="0.0"/>
  <testcase name="[2] requestFactory=org.springframework.web.servlet.handler.PathPatternsTestUtils$$Lambda$644/0x0000000800662040@3860b7f2" classname="org.springframework.web.servlet.view.DefaultRequestToViewNameTranslatorTests" time="0.001"/>
  <testcase name="[1] requestFactory=org.springframework.web.servlet.handler.PathPatternsTestUtils$$Lambda$643/0x0000000800662c40@428665d4" classname="org.springframework.web.servlet.view.DefaultRequestToViewNameTranslatorTests" time="0.0"/>
  <testcase name="[2] requestFactory=org.springframework.web.servlet.handler.PathPatternsTestUtils$$Lambda$644/0x0000000800662040@2cf46dfd" classname="org.springframework.web.servlet.view.DefaultRequestToViewNameTranslatorTests" time="0.0"/>
  <testcase name="[1] requestFactory=org.springframework.web.servlet.handler.PathPatternsTestUtils$$Lambda$643/0x0000000800662c40@6004bb89" classname="org.springframework.web.servlet.view.DefaultRequestToViewNameTranslatorTests" time="0.001"/>
  <testcase name="[2] requestFactory=org.springframework.web.servlet.handler.PathPatternsTestUtils$$Lambda$644/0x0000000800662040@5d664f5c" classname="org.springframework.web.servlet.view.DefaultRequestToViewNameTranslatorTests" time="0.0"/>
  <testcase name="[1] requestFactory=org.springframework.web.servlet.handler.PathPatternsTestUtils$$Lambda$643/0x0000000800662c40@2cbf39e1" classname="org.springframework.web.servlet.view.DefaultRequestToViewNameTranslatorTests" time="0.0"/>
  <testcase name="[2] requestFactory=org.springframework.web.servlet.handler.PathPatternsTestUtils$$Lambda$644/0x0000000800662040@232b320e" classname="org.springframework.web.servlet.view.DefaultRequestToViewNameTranslatorTests" time="0.001"/>
  <testcase name="[1] requestFactory=org.springframework.web.servlet.handler.PathPatternsTestUtils$$Lambda$643/0x0000000800662c40@66b60d11" classname="org.springframework.web.servlet.view.DefaultRequestToViewNameTranslatorTests" time="0.0"/>
  <testcase name="[2] requestFactory=org.springframework.web.servlet.handler.PathPatternsTestUtils$$Lambda$644/0x0000000800662040@945a234" classname="org.springframework.web.servlet.view.DefaultRequestToViewNameTranslatorTests" time="0.0"/>
  <testcase name="[1] requestFactory=org.springframework.web.servlet.handler.PathPatternsTestUtils$$Lambda$643/0x0000000800662c40@5c60e2cc" classname="org.springframework.web.servlet.view.DefaultRequestToViewNameTranslatorTests" time="0.0"/>
  <testcase name="[2] requestFactory=org.springframework.web.servlet.handler.PathPatternsTestUtils$$Lambda$644/0x0000000800662040@2621100c" classname="org.springframework.web.servlet.view.DefaultRequestToViewNameTranslatorTests" time="0.0"/>
  <testcase name="[1] requestFactory=org.springframework.web.servlet.handler.PathPatternsTestUtils$$Lambda$643/0x0000000800662c40@70a95f5c" classname="org.springframework.web.servlet.view.DefaultRequestToViewNameTranslatorTests" time="0.0"/>
  <testcase name="[2] requestFactory=org.springframework.web.servlet.handler.PathPatternsTestUtils$$Lambda$644/0x0000000800662040@54d9177f" classname="org.springframework.web.servlet.view.DefaultRequestToViewNameTranslatorTests" time="0.001"/>
  <testcase name="[1] requestFactory=org.springframework.web.servlet.handler.PathPatternsTestUtils$$Lambda$643/0x0000000800662c40@1b12d1f4" classname="org.springframework.web.servlet.view.DefaultRequestToViewNameTranslatorTests" time="0.0"/>
  <testcase name="[2] requestFactory=org.springframework.web.servlet.handler.PathPatternsTestUtils$$Lambda$644/0x0000000800662040@76c4f06" classname="org.springframework.web.servlet.view.DefaultRequestToViewNameTranslatorTests" time="0.001"/>
  <testcase name="[1] requestFactory=org.springframework.web.servlet.handler.PathPatternsTestUtils$$Lambda$643/0x0000000800662c40@2f7dcfe8" classname="org.springframework.web.servlet.view.DefaultRequestToViewNameTranslatorTests" time="0.0"/>
  <testcase name="[2] requestFactory=org.springframework.web.servlet.handler.PathPatternsTestUtils$$Lambda$644/0x0000000800662040@57b79156" classname="org.springframework.web.servlet.view.DefaultRequestToViewNameTranslatorTests" time="0.001"/>
  <testcase name="[1] requestFactory=org.springframework.web.servlet.handler.PathPatternsTestUtils$$Lambda$643/0x0000000800662c40@5a277725" classname="org.springframework.web.servlet.view.DefaultRequestToViewNameTranslatorTests" time="0.0"/>
  <testcase name="[2] requestFactory=org.springframework.web.servlet.handler.PathPatternsTestUtils$$Lambda$644/0x0000000800662040@3fd61718" classname="org.springframework.web.servlet.view.DefaultRequestToViewNameTranslatorTests" time="0.001"/>
  <system-out><![CDATA[]]></system-out>
  <system-err><![CDATA[]]></system-err>
</testsuite>
