<?xml version="1.0" encoding="UTF-8"?>
<testsuite name="org.springframework.web.servlet.view.RedirectViewUriTemplateTests" tests="8" skipped="0" failures="0" errors="0" timestamp="2021-04-26T07:41:48" hostname="wangweilideMacBook-Pro.local" time="0.004">
  <properties/>
  <testcase name="uriTemplateNullValue()" classname="org.springframework.web.servlet.view.RedirectViewUriTemplateTests" time="0.001"/>
  <testcase name="uriTemplateAndArrayQueryParam()" classname="org.springframework.web.servlet.view.RedirectViewUriTemplateTests" time="0.0"/>
  <testcase name="dontApplyUriVariables()" classname="org.springframework.web.servlet.view.RedirectViewUriTemplateTests" time="0.0"/>
  <testcase name="uriTemplateWithObjectConversion()" classname="org.springframework.web.servlet.view.RedirectViewUriTemplateTests" time="0.0"/>
  <testcase name="emptyRedirectString()" classname="org.springframework.web.servlet.view.RedirectViewUriTemplateTests" time="0.0"/>
  <testcase name="uriTemplate()" classname="org.springframework.web.servlet.view.RedirectViewUriTemplateTests" time="0.0"/>
  <testcase name="uriTemplateReuseCurrentRequestVars()" classname="org.springframework.web.servlet.view.RedirectViewUriTemplateTests" time="0.0"/>
  <testcase name="uriTemplateEncode()" classname="org.springframework.web.servlet.view.RedirectViewUriTemplateTests" time="0.0"/>
  <system-out><![CDATA[]]></system-out>
  <system-err><![CDATA[]]></system-err>
</testsuite>
