<?xml version="1.0" encoding="UTF-8"?>
<testsuite name="org.springframework.web.servlet.resource.ResourceHttpRequestHandlerIntegrationTests" tests="12" skipped="0" failures="0" errors="0" timestamp="2021-04-26T07:41:52" hostname="wangweilideMacBook-Pro.local" time="0.806">
  <properties/>
  <testcase name="[1] usePathPatterns=true, pathPrefix=/cp" classname="org.springframework.web.servlet.resource.ResourceHttpRequestHandlerIntegrationTests" time="0.075"/>
  <testcase name="[2] usePathPatterns=true, pathPrefix=/fs" classname="org.springframework.web.servlet.resource.ResourceHttpRequestHandlerIntegrationTests" time="0.072"/>
  <testcase name="[3] usePathPatterns=true, pathPrefix=/url" classname="org.springframework.web.servlet.resource.ResourceHttpRequestHandlerIntegrationTests" time="0.076"/>
  <testcase name="[4] usePathPatterns=false, pathPrefix=/cp" classname="org.springframework.web.servlet.resource.ResourceHttpRequestHandlerIntegrationTests" time="0.077"/>
  <testcase name="[5] usePathPatterns=false, pathPrefix=/fs" classname="org.springframework.web.servlet.resource.ResourceHttpRequestHandlerIntegrationTests" time="0.061"/>
  <testcase name="[6] usePathPatterns=false, pathPrefix=/url" classname="org.springframework.web.servlet.resource.ResourceHttpRequestHandlerIntegrationTests" time="0.06"/>
  <testcase name="[1] usePathPatterns=true, pathPrefix=/cp" classname="org.springframework.web.servlet.resource.ResourceHttpRequestHandlerIntegrationTests" time="0.059"/>
  <testcase name="[2] usePathPatterns=true, pathPrefix=/fs" classname="org.springframework.web.servlet.resource.ResourceHttpRequestHandlerIntegrationTests" time="0.075"/>
  <testcase name="[3] usePathPatterns=true, pathPrefix=/url" classname="org.springframework.web.servlet.resource.ResourceHttpRequestHandlerIntegrationTests" time="0.067"/>
  <testcase name="[4] usePathPatterns=false, pathPrefix=/cp" classname="org.springframework.web.servlet.resource.ResourceHttpRequestHandlerIntegrationTests" time="0.061"/>
  <testcase name="[5] usePathPatterns=false, pathPrefix=/fs" classname="org.springframework.web.servlet.resource.ResourceHttpRequestHandlerIntegrationTests" time="0.062"/>
  <testcase name="[6] usePathPatterns=false, pathPrefix=/url" classname="org.springframework.web.servlet.resource.ResourceHttpRequestHandlerIntegrationTests" time="0.055"/>
  <system-out><![CDATA[]]></system-out>
  <system-err><![CDATA[]]></system-err>
</testsuite>
