<?xml version="1.0" encoding="UTF-8"?>
<testsuite name="org.springframework.web.servlet.handler.HandlerMappingTests" tests="3" skipped="0" failures="0" errors="0" timestamp="2021-05-09T12:41:24" hostname="wangweilidembp" time="0.01">
  <properties/>
  <testcase name="abstractHandlerMappingEnsuresCachedLookupPath()" classname="org.springframework.web.servlet.handler.HandlerMappingTests" time="0.003"/>
  <testcase name="[1] mapping=org.springframework.web.servlet.handler.HandlerMappingTests$TestHandlerMapping@53ccf3af, requestFactory=org.springframework.web.servlet.handler.PathPatternsTestUtils$$Lambda$643/0x0000000800662c40@42834d8f" classname="org.springframework.web.servlet.handler.HandlerMappingTests" time="0.002"/>
  <testcase name="[2] mapping=org.springframework.web.servlet.handler.HandlerMappingTests$TestHandlerMapping@2efe609f, requestFactory=org.springframework.web.servlet.handler.PathPatternsTestUtils$$Lambda$644/0x0000000800662040@1a1bbf64" classname="org.springframework.web.servlet.handler.HandlerMappingTests" time="0.001"/>
  <system-out><![CDATA[]]></system-out>
  <system-err><![CDATA[]]></system-err>
</testsuite>
