<?xml version="1.0" encoding="UTF-8"?>
<testsuite name="org.springframework.web.servlet.resource.AppCacheManifestTransformerTests" tests="3" skipped="0" failures="0" errors="0" timestamp="2021-05-09T12:42:18" hostname="wangweilidembp" time="0.011">
  <properties/>
  <testcase name="noTransformIfExtensionDoesNotMatch()" classname="org.springframework.web.servlet.resource.AppCacheManifestTransformerTests" time="0.0"/>
  <testcase name="transformManifest()" classname="org.springframework.web.servlet.resource.AppCacheManifestTransformerTests" time="0.01"/>
  <testcase name="syntaxErrorInManifest()" classname="org.springframework.web.servlet.resource.AppCacheManifestTransformerTests" time="0.001"/>
  <system-out><![CDATA[]]></system-out>
  <system-err><![CDATA[]]></system-err>
</testsuite>
