<?xml version="1.0" encoding="UTF-8"?>
<testsuite name="org.springframework.web.servlet.view.ResourceBundleViewResolverNoCacheTests" tests="8" skipped="1" failures="0" errors="0" timestamp="2021-05-09T12:42:01" hostname="wangweilidembp" time="0.012">
  <properties/>
  <testcase name="parentsAreAbstract()" classname="org.springframework.web.servlet.view.ResourceBundleViewResolverNoCacheTests" time="0.002"/>
  <testcase name="debugViewFrench()" classname="org.springframework.web.servlet.view.ResourceBundleViewResolverNoCacheTests" time="0.001"/>
  <testcase name="onSetContextCalledOnce()" classname="org.springframework.web.servlet.view.ResourceBundleViewResolverNoCacheTests" time="0.002"/>
  <testcase name="debugViewEnglish()" classname="org.springframework.web.servlet.view.ResourceBundleViewResolverNoCacheTests" time="0.001"/>
  <testcase name="sameBundleOnlyCachedOnce()" classname="org.springframework.web.servlet.view.ResourceBundleViewResolverNoCacheTests" time="0.002">
    <skipped/>
  </testcase>
  <testcase name="noSuchViewEnglish()" classname="org.springframework.web.servlet.view.ResourceBundleViewResolverNoCacheTests" time="0.001"/>
  <testcase name="noSuchBasename()" classname="org.springframework.web.servlet.view.ResourceBundleViewResolverNoCacheTests" time="0.0"/>
  <testcase name="eagerInitialization()" classname="org.springframework.web.servlet.view.ResourceBundleViewResolverNoCacheTests" time="0.002"/>
  <system-out><![CDATA[]]></system-out>
  <system-err><![CDATA[]]></system-err>
</testsuite>
