<?xml version="1.0" encoding="UTF-8"?>
<testsuite name="org.springframework.web.servlet.mvc.method.annotation.HandlerMethodAnnotationDetectionTests" tests="13" skipped="0" failures="0" errors="0" timestamp="2021-04-26T07:41:14" hostname="wangweilideMacBook-Pro.local" time="0.358">
  <properties/>
  <testcase name="[1] controller [class org.springframework.web.servlet.mvc.method.annotation.HandlerMethodAnnotationDetectionTests$SimpleController], auto-proxy [true]" classname="org.springframework.web.servlet.mvc.method.annotation.HandlerMethodAnnotationDetectionTests" time="0.041"/>
  <testcase name="[2] controller [class org.springframework.web.servlet.mvc.method.annotation.HandlerMethodAnnotationDetectionTests$SimpleController], auto-proxy [false]" classname="org.springframework.web.servlet.mvc.method.annotation.HandlerMethodAnnotationDetectionTests" time="0.016"/>
  <testcase name="[3] controller [class org.springframework.web.servlet.mvc.method.annotation.HandlerMethodAnnotationDetectionTests$AbstractClassController], auto-proxy [true]" classname="org.springframework.web.servlet.mvc.method.annotation.HandlerMethodAnnotationDetectionTests" time="0.038"/>
  <testcase name="[4] controller [class org.springframework.web.servlet.mvc.method.annotation.HandlerMethodAnnotationDetectionTests$AbstractClassController], auto-proxy [false]" classname="org.springframework.web.servlet.mvc.method.annotation.HandlerMethodAnnotationDetectionTests" time="0.015"/>
  <testcase name="[5] controller [class org.springframework.web.servlet.mvc.method.annotation.HandlerMethodAnnotationDetectionTests$ParameterizedAbstractClassController], auto-proxy [true]" classname="org.springframework.web.servlet.mvc.method.annotation.HandlerMethodAnnotationDetectionTests" time="0.039"/>
  <testcase name="[6] controller [class org.springframework.web.servlet.mvc.method.annotation.HandlerMethodAnnotationDetectionTests$ParameterizedAbstractClassController], auto-proxy [false]" classname="org.springframework.web.servlet.mvc.method.annotation.HandlerMethodAnnotationDetectionTests" time="0.017"/>
  <testcase name="[7] controller [class org.springframework.web.servlet.mvc.method.annotation.HandlerMethodAnnotationDetectionTests$ParameterizedSubclassOverridesDefaultMappings], auto-proxy [true]" classname="org.springframework.web.servlet.mvc.method.annotation.HandlerMethodAnnotationDetectionTests" time="0.038"/>
  <testcase name="[8] controller [class org.springframework.web.servlet.mvc.method.annotation.HandlerMethodAnnotationDetectionTests$ParameterizedSubclassOverridesDefaultMappings], auto-proxy [false]" classname="org.springframework.web.servlet.mvc.method.annotation.HandlerMethodAnnotationDetectionTests" time="0.018"/>
  <testcase name="[9] controller [class org.springframework.web.servlet.mvc.method.annotation.HandlerMethodAnnotationDetectionTests$InterfaceController], auto-proxy [true]" classname="org.springframework.web.servlet.mvc.method.annotation.HandlerMethodAnnotationDetectionTests" time="0.026"/>
  <testcase name="[10] controller [class org.springframework.web.servlet.mvc.method.annotation.HandlerMethodAnnotationDetectionTests$InterfaceController], auto-proxy [false]" classname="org.springframework.web.servlet.mvc.method.annotation.HandlerMethodAnnotationDetectionTests" time="0.018"/>
  <testcase name="[11] controller [class org.springframework.web.servlet.mvc.method.annotation.HandlerMethodAnnotationDetectionTests$ParameterizedInterfaceController], auto-proxy [false]" classname="org.springframework.web.servlet.mvc.method.annotation.HandlerMethodAnnotationDetectionTests" time="0.015"/>
  <testcase name="[12] controller [class org.springframework.web.servlet.mvc.method.annotation.HandlerMethodAnnotationDetectionTests$SupportClassController], auto-proxy [true]" classname="org.springframework.web.servlet.mvc.method.annotation.HandlerMethodAnnotationDetectionTests" time="0.034"/>
  <testcase name="[13] controller [class org.springframework.web.servlet.mvc.method.annotation.HandlerMethodAnnotationDetectionTests$SupportClassController], auto-proxy [false]" classname="org.springframework.web.servlet.mvc.method.annotation.HandlerMethodAnnotationDetectionTests" time="0.038"/>
  <system-out><![CDATA[]]></system-out>
  <system-err><![CDATA[]]></system-err>
</testsuite>
