<?xml version="1.0" encoding="UTF-8"?>
<testsuite name="org.springframework.web.servlet.mvc.method.annotation.RequestMappingHandlerAdapterTests" tests="13" skipped="0" failures="0" errors="0" timestamp="2021-04-26T07:41:12" hostname="wangweilideMacBook-Pro.local" time="0.107">
  <properties/>
  <testcase name="setReturnValueHandlers()" classname="org.springframework.web.servlet.mvc.method.annotation.RequestMappingHandlerAdapterTests" time="0.007"/>
  <testcase name="cacheControlWithSessionAttributes()" classname="org.springframework.web.servlet.mvc.method.annotation.RequestMappingHandlerAdapterTests" time="0.008"/>
  <testcase name="setInitBinderArgumentResolvers()" classname="org.springframework.web.servlet.mvc.method.annotation.RequestMappingHandlerAdapterTests" time="0.009"/>
  <testcase name="setArgumentResolvers()" classname="org.springframework.web.servlet.mvc.method.annotation.RequestMappingHandlerAdapterTests" time="0.007"/>
  <testcase name="setCustomReturnValueHandlers()" classname="org.springframework.web.servlet.mvc.method.annotation.RequestMappingHandlerAdapterTests" time="0.007"/>
  <testcase name="responseBodyAdvice()" classname="org.springframework.web.servlet.mvc.method.annotation.RequestMappingHandlerAdapterTests" time="0.011"/>
  <testcase name="modelAttributePackageNameAdvice()" classname="org.springframework.web.servlet.mvc.method.annotation.RequestMappingHandlerAdapterTests" time="0.01"/>
  <testcase name="modelAttributeAdvice()" classname="org.springframework.web.servlet.mvc.method.annotation.RequestMappingHandlerAdapterTests" time="0.01"/>
  <testcase name="setCustomArgumentResolvers()" classname="org.springframework.web.servlet.mvc.method.annotation.RequestMappingHandlerAdapterTests" time="0.008"/>
  <testcase name="modelAttributeAdviceInParentContext()" classname="org.springframework.web.servlet.mvc.method.annotation.RequestMappingHandlerAdapterTests" time="0.007"/>
  <testcase name="setAlwaysUseRedirectAttributes()" classname="org.springframework.web.servlet.mvc.method.annotation.RequestMappingHandlerAdapterTests" time="0.005"/>
  <testcase name="prototypeControllerAdvice()" classname="org.springframework.web.servlet.mvc.method.annotation.RequestMappingHandlerAdapterTests" time="0.007"/>
  <testcase name="cacheControlWithoutSessionAttributes()" classname="org.springframework.web.servlet.mvc.method.annotation.RequestMappingHandlerAdapterTests" time="0.008"/>
  <system-out><![CDATA[]]></system-out>
  <system-err><![CDATA[]]></system-err>
</testsuite>
