<?xml version="1.0" encoding="UTF-8"?>
<testsuite name="org.springframework.web.util.NestedServletExceptionTests" tests="3" skipped="0" failures="0" errors="0" timestamp="2021-04-26T07:41:55" hostname="wangweilideMacBook-Pro.local" time="0.001">
  <properties/>
  <testcase name="testNestedServletExceptionStringNullThrowable()" classname="org.springframework.web.util.NestedServletExceptionTests" time="0.0"/>
  <testcase name="testNestedServletExceptionString()" classname="org.springframework.web.util.NestedServletExceptionTests" time="0.0"/>
  <testcase name="testNestedServletExceptionStringThrowable()" classname="org.springframework.web.util.NestedServletExceptionTests" time="0.001"/>
  <system-out><![CDATA[]]></system-out>
  <system-err><![CDATA[]]></system-err>
</testsuite>
