<?xml version="1.0" encoding="UTF-8"?>
<testsuite name="org.springframework.web.servlet.function.RouterFunctionTests" tests="5" skipped="0" failures="0" errors="0" timestamp="2021-04-26T07:41:28" hostname="wangweilideMacBook-Pro.local" time="0.011">
  <properties/>
  <testcase name="filter()" classname="org.springframework.web.servlet.function.RouterFunctionTests" time="0.003"/>
  <testcase name="andOther()" classname="org.springframework.web.servlet.function.RouterFunctionTests" time="0.002"/>
  <testcase name="andRoute()" classname="org.springframework.web.servlet.function.RouterFunctionTests" time="0.001"/>
  <testcase name="and()" classname="org.springframework.web.servlet.function.RouterFunctionTests" time="0.001"/>
  <testcase name="attributes()" classname="org.springframework.web.servlet.function.RouterFunctionTests" time="0.003"/>
  <system-out><![CDATA[]]></system-out>
  <system-err><![CDATA[]]></system-err>
</testsuite>
