<?xml version="1.0" encoding="UTF-8"?>
<testsuite name="org.springframework.web.servlet.config.AnnotationDrivenBeanDefinitionParserTests" tests="7" skipped="0" failures="0" errors="0" timestamp="2021-05-01T09:33:38" hostname="wangweilideMBP.lan" time="0.654">
  <properties/>
  <testcase name="testMessageConvertersWithoutDefaultRegistrations()" classname="org.springframework.web.servlet.config.AnnotationDrivenBeanDefinitionParserTests" time="0.05"/>
  <testcase name="testMessageCodesResolver()" classname="org.springframework.web.servlet.config.AnnotationDrivenBeanDefinitionParserTests" time="0.111"/>
  <testcase name="testPathMatchingConfiguration()" classname="org.springframework.web.servlet.config.AnnotationDrivenBeanDefinitionParserTests" time="0.087"/>
  <testcase name="beanNameUrlHandlerMapping()" classname="org.springframework.web.servlet.config.AnnotationDrivenBeanDefinitionParserTests" time="0.094"/>
  <testcase name="testMessageConverters()" classname="org.springframework.web.servlet.config.AnnotationDrivenBeanDefinitionParserTests" time="0.103"/>
  <testcase name="testArgumentResolvers()" classname="org.springframework.web.servlet.config.AnnotationDrivenBeanDefinitionParserTests" time="0.101"/>
  <testcase name="testReturnValueHandlers()" classname="org.springframework.web.servlet.config.AnnotationDrivenBeanDefinitionParserTests" time="0.108"/>
  <system-out><![CDATA[]]></system-out>
  <system-err><![CDATA[]]></system-err>
</testsuite>
