<?xml version="1.0" encoding="UTF-8"?>
<testsuite name="org.springframework.web.servlet.handler.MappedInterceptorTests" tests="17" skipped="0" failures="0" errors="0" timestamp="2021-05-09T12:41:24" hostname="wangweilidembp" time="0.401">
  <properties/>
  <testcase name="[1] requestFactory=org.springframework.web.servlet.handler.PathPatternsTestUtils$$Lambda$643/0x0000000800662c40@3cb9f257" classname="org.springframework.web.servlet.handler.MappedInterceptorTests" time="0.001"/>
  <testcase name="[2] requestFactory=org.springframework.web.servlet.handler.PathPatternsTestUtils$$Lambda$644/0x0000000800662040@41484e69" classname="org.springframework.web.servlet.handler.MappedInterceptorTests" time="0.0"/>
  <testcase name="[1] requestFactory=org.springframework.web.servlet.handler.PathPatternsTestUtils$$Lambda$643/0x0000000800662c40@55223e2d" classname="org.springframework.web.servlet.handler.MappedInterceptorTests" time="0.001"/>
  <testcase name="[2] requestFactory=org.springframework.web.servlet.handler.PathPatternsTestUtils$$Lambda$644/0x0000000800662040@681b42f6" classname="org.springframework.web.servlet.handler.MappedInterceptorTests" time="0.001"/>
  <testcase name="[1] requestFactory=org.springframework.web.servlet.handler.PathPatternsTestUtils$$Lambda$643/0x0000000800662c40@1bc32ee8" classname="org.springframework.web.servlet.handler.MappedInterceptorTests" time="0.001"/>
  <testcase name="[2] requestFactory=org.springframework.web.servlet.handler.PathPatternsTestUtils$$Lambda$644/0x0000000800662040@18fb00ff" classname="org.springframework.web.servlet.handler.MappedInterceptorTests" time="0.001"/>
  <testcase name="[1] requestFactory=org.springframework.web.servlet.handler.PathPatternsTestUtils$$Lambda$643/0x0000000800662c40@5cec969b" classname="org.springframework.web.servlet.handler.MappedInterceptorTests" time="0.001"/>
  <testcase name="[2] requestFactory=org.springframework.web.servlet.handler.PathPatternsTestUtils$$Lambda$644/0x0000000800662040@6c64a44e" classname="org.springframework.web.servlet.handler.MappedInterceptorTests" time="0.0"/>
  <testcase name="afterCompletion()" classname="org.springframework.web.servlet.handler.MappedInterceptorTests" time="0.288"/>
  <testcase name="[1] requestFactory=org.springframework.web.servlet.handler.PathPatternsTestUtils$$Lambda$643/0x0000000800662c40@489256af" classname="org.springframework.web.servlet.handler.MappedInterceptorTests" time="0.001"/>
  <testcase name="[2] requestFactory=org.springframework.web.servlet.handler.PathPatternsTestUtils$$Lambda$644/0x0000000800662040@1dcfd30c" classname="org.springframework.web.servlet.handler.MappedInterceptorTests" time="0.0"/>
  <testcase name="[1] requestFactory=org.springframework.web.servlet.handler.PathPatternsTestUtils$$Lambda$643/0x0000000800662c40@23b1ada0" classname="org.springframework.web.servlet.handler.MappedInterceptorTests" time="0.002"/>
  <testcase name="[2] requestFactory=org.springframework.web.servlet.handler.PathPatternsTestUtils$$Lambda$644/0x0000000800662040@6b4780c5" classname="org.springframework.web.servlet.handler.MappedInterceptorTests" time="0.001"/>
  <testcase name="postHandle()" classname="org.springframework.web.servlet.handler.MappedInterceptorTests" time="0.078"/>
  <testcase name="[1] requestFactory=org.springframework.web.servlet.handler.PathPatternsTestUtils$$Lambda$643/0x0000000800662c40@7f3275de" classname="org.springframework.web.servlet.handler.MappedInterceptorTests" time="0.0"/>
  <testcase name="[2] requestFactory=org.springframework.web.servlet.handler.PathPatternsTestUtils$$Lambda$644/0x0000000800662040@61fde5ca" classname="org.springframework.web.servlet.handler.MappedInterceptorTests" time="0.001"/>
  <testcase name="preHandle()" classname="org.springframework.web.servlet.handler.MappedInterceptorTests" time="0.003"/>
  <system-out><![CDATA[]]></system-out>
  <system-err><![CDATA[]]></system-err>
</testsuite>
