<?xml version="1.0" encoding="UTF-8"?>
<testsuite name="org.springframework.web.servlet.mvc.method.annotation.CrossOriginTests" tests="44" skipped="0" failures="0" errors="0" timestamp="2021-05-09T12:41:44" hostname="wangweilidembp" time="0.141">
  <properties/>
  <testcase name="[1] mapping=org.springframework.web.servlet.mvc.method.annotation.CrossOriginTests$TestRequestMappingInfoHandlerMapping@3cc659c2" classname="org.springframework.web.servlet.mvc.method.annotation.CrossOriginTests" time="0.006"/>
  <testcase name="[2] mapping=org.springframework.web.servlet.mvc.method.annotation.CrossOriginTests$TestRequestMappingInfoHandlerMapping@2e6824c4" classname="org.springframework.web.servlet.mvc.method.annotation.CrossOriginTests" time="0.003"/>
  <testcase name="[1] mapping=org.springframework.web.servlet.mvc.method.annotation.CrossOriginTests$TestRequestMappingInfoHandlerMapping@603dab95" classname="org.springframework.web.servlet.mvc.method.annotation.CrossOriginTests" time="0.003"/>
  <testcase name="[2] mapping=org.springframework.web.servlet.mvc.method.annotation.CrossOriginTests$TestRequestMappingInfoHandlerMapping@3c6d628e" classname="org.springframework.web.servlet.mvc.method.annotation.CrossOriginTests" time="0.002"/>
  <testcase name="[1] mapping=org.springframework.web.servlet.mvc.method.annotation.CrossOriginTests$TestRequestMappingInfoHandlerMapping@1b445f83" classname="org.springframework.web.servlet.mvc.method.annotation.CrossOriginTests" time="0.004"/>
  <testcase name="[2] mapping=org.springframework.web.servlet.mvc.method.annotation.CrossOriginTests$TestRequestMappingInfoHandlerMapping@578aa0aa" classname="org.springframework.web.servlet.mvc.method.annotation.CrossOriginTests" time="0.003"/>
  <testcase name="[1] mapping=org.springframework.web.servlet.mvc.method.annotation.CrossOriginTests$TestRequestMappingInfoHandlerMapping@45fa77ab" classname="org.springframework.web.servlet.mvc.method.annotation.CrossOriginTests" time="0.002"/>
  <testcase name="[2] mapping=org.springframework.web.servlet.mvc.method.annotation.CrossOriginTests$TestRequestMappingInfoHandlerMapping@1847e8df" classname="org.springframework.web.servlet.mvc.method.annotation.CrossOriginTests" time="0.002"/>
  <testcase name="[1] mapping=org.springframework.web.servlet.mvc.method.annotation.CrossOriginTests$TestRequestMappingInfoHandlerMapping@2c549e4f" classname="org.springframework.web.servlet.mvc.method.annotation.CrossOriginTests" time="0.003"/>
  <testcase name="[2] mapping=org.springframework.web.servlet.mvc.method.annotation.CrossOriginTests$TestRequestMappingInfoHandlerMapping@4c8f9ec8" classname="org.springframework.web.servlet.mvc.method.annotation.CrossOriginTests" time="0.003"/>
  <testcase name="[1] mapping=org.springframework.web.servlet.mvc.method.annotation.CrossOriginTests$TestRequestMappingInfoHandlerMapping@69206b75" classname="org.springframework.web.servlet.mvc.method.annotation.CrossOriginTests" time="0.004"/>
  <testcase name="[2] mapping=org.springframework.web.servlet.mvc.method.annotation.CrossOriginTests$TestRequestMappingInfoHandlerMapping@46c0f8fc" classname="org.springframework.web.servlet.mvc.method.annotation.CrossOriginTests" time="0.003"/>
  <testcase name="[1] mapping=org.springframework.web.servlet.mvc.method.annotation.CrossOriginTests$TestRequestMappingInfoHandlerMapping@381a04a" classname="org.springframework.web.servlet.mvc.method.annotation.CrossOriginTests" time="0.004"/>
  <testcase name="[2] mapping=org.springframework.web.servlet.mvc.method.annotation.CrossOriginTests$TestRequestMappingInfoHandlerMapping@5ffcd320" classname="org.springframework.web.servlet.mvc.method.annotation.CrossOriginTests" time="0.003"/>
  <testcase name="[1] mapping=org.springframework.web.servlet.mvc.method.annotation.CrossOriginTests$TestRequestMappingInfoHandlerMapping@67c23697" classname="org.springframework.web.servlet.mvc.method.annotation.CrossOriginTests" time="0.002"/>
  <testcase name="[2] mapping=org.springframework.web.servlet.mvc.method.annotation.CrossOriginTests$TestRequestMappingInfoHandlerMapping@2222b473" classname="org.springframework.web.servlet.mvc.method.annotation.CrossOriginTests" time="0.001"/>
  <testcase name="[1] mapping=org.springframework.web.servlet.mvc.method.annotation.CrossOriginTests$TestRequestMappingInfoHandlerMapping@6a6d354b" classname="org.springframework.web.servlet.mvc.method.annotation.CrossOriginTests" time="0.004"/>
  <testcase name="[2] mapping=org.springframework.web.servlet.mvc.method.annotation.CrossOriginTests$TestRequestMappingInfoHandlerMapping@2ad044e2" classname="org.springframework.web.servlet.mvc.method.annotation.CrossOriginTests" time="0.003"/>
  <testcase name="[1] mapping=org.springframework.web.servlet.mvc.method.annotation.CrossOriginTests$TestRequestMappingInfoHandlerMapping@6c2e49e9" classname="org.springframework.web.servlet.mvc.method.annotation.CrossOriginTests" time="0.002"/>
  <testcase name="[2] mapping=org.springframework.web.servlet.mvc.method.annotation.CrossOriginTests$TestRequestMappingInfoHandlerMapping@3b1ac89" classname="org.springframework.web.servlet.mvc.method.annotation.CrossOriginTests" time="0.0"/>
  <testcase name="[1] mapping=org.springframework.web.servlet.mvc.method.annotation.CrossOriginTests$TestRequestMappingInfoHandlerMapping@5e2697cc" classname="org.springframework.web.servlet.mvc.method.annotation.CrossOriginTests" time="0.002"/>
  <testcase name="[2] mapping=org.springframework.web.servlet.mvc.method.annotation.CrossOriginTests$TestRequestMappingInfoHandlerMapping@3649d5a4" classname="org.springframework.web.servlet.mvc.method.annotation.CrossOriginTests" time="0.002"/>
  <testcase name="[1] mapping=org.springframework.web.servlet.mvc.method.annotation.CrossOriginTests$TestRequestMappingInfoHandlerMapping@7182439d" classname="org.springframework.web.servlet.mvc.method.annotation.CrossOriginTests" time="0.0"/>
  <testcase name="[2] mapping=org.springframework.web.servlet.mvc.method.annotation.CrossOriginTests$TestRequestMappingInfoHandlerMapping@582b46c0" classname="org.springframework.web.servlet.mvc.method.annotation.CrossOriginTests" time="0.001"/>
  <testcase name="[1] mapping=org.springframework.web.servlet.mvc.method.annotation.CrossOriginTests$TestRequestMappingInfoHandlerMapping@23826ce4" classname="org.springframework.web.servlet.mvc.method.annotation.CrossOriginTests" time="0.003"/>
  <testcase name="[2] mapping=org.springframework.web.servlet.mvc.method.annotation.CrossOriginTests$TestRequestMappingInfoHandlerMapping@4a298ba9" classname="org.springframework.web.servlet.mvc.method.annotation.CrossOriginTests" time="0.002"/>
  <testcase name="[1] mapping=org.springframework.web.servlet.mvc.method.annotation.CrossOriginTests$TestRequestMappingInfoHandlerMapping@3537e896" classname="org.springframework.web.servlet.mvc.method.annotation.CrossOriginTests" time="0.003"/>
  <testcase name="[2] mapping=org.springframework.web.servlet.mvc.method.annotation.CrossOriginTests$TestRequestMappingInfoHandlerMapping@6b49a34" classname="org.springframework.web.servlet.mvc.method.annotation.CrossOriginTests" time="0.002"/>
  <testcase name="[1] mapping=org.springframework.web.servlet.mvc.method.annotation.CrossOriginTests$TestRequestMappingInfoHandlerMapping@1e3aac56" classname="org.springframework.web.servlet.mvc.method.annotation.CrossOriginTests" time="0.001"/>
  <testcase name="[2] mapping=org.springframework.web.servlet.mvc.method.annotation.CrossOriginTests$TestRequestMappingInfoHandlerMapping@67ceb7ef" classname="org.springframework.web.servlet.mvc.method.annotation.CrossOriginTests" time="0.0"/>
  <testcase name="[1] mapping=org.springframework.web.servlet.mvc.method.annotation.CrossOriginTests$TestRequestMappingInfoHandlerMapping@5e1d7271" classname="org.springframework.web.servlet.mvc.method.annotation.CrossOriginTests" time="0.002"/>
  <testcase name="[2] mapping=org.springframework.web.servlet.mvc.method.annotation.CrossOriginTests$TestRequestMappingInfoHandlerMapping@38d2af97" classname="org.springframework.web.servlet.mvc.method.annotation.CrossOriginTests" time="0.0"/>
  <testcase name="[1] mapping=org.springframework.web.servlet.mvc.method.annotation.CrossOriginTests$TestRequestMappingInfoHandlerMapping@37770671" classname="org.springframework.web.servlet.mvc.method.annotation.CrossOriginTests" time="0.002"/>
  <testcase name="[2] mapping=org.springframework.web.servlet.mvc.method.annotation.CrossOriginTests$TestRequestMappingInfoHandlerMapping@3f8d40a9" classname="org.springframework.web.servlet.mvc.method.annotation.CrossOriginTests" time="0.001"/>
  <testcase name="[1] mapping=org.springframework.web.servlet.mvc.method.annotation.CrossOriginTests$TestRequestMappingInfoHandlerMapping@a584ed4" classname="org.springframework.web.servlet.mvc.method.annotation.CrossOriginTests" time="0.002"/>
  <testcase name="[2] mapping=org.springframework.web.servlet.mvc.method.annotation.CrossOriginTests$TestRequestMappingInfoHandlerMapping@7b2e878c" classname="org.springframework.web.servlet.mvc.method.annotation.CrossOriginTests" time="0.001"/>
  <testcase name="[1] mapping=org.springframework.web.servlet.mvc.method.annotation.CrossOriginTests$TestRequestMappingInfoHandlerMapping@aceb1a9" classname="org.springframework.web.servlet.mvc.method.annotation.CrossOriginTests" time="0.003"/>
  <testcase name="[2] mapping=org.springframework.web.servlet.mvc.method.annotation.CrossOriginTests$TestRequestMappingInfoHandlerMapping@27de39ec" classname="org.springframework.web.servlet.mvc.method.annotation.CrossOriginTests" time="0.002"/>
  <testcase name="[1] mapping=org.springframework.web.servlet.mvc.method.annotation.CrossOriginTests$TestRequestMappingInfoHandlerMapping@30567693" classname="org.springframework.web.servlet.mvc.method.annotation.CrossOriginTests" time="0.002"/>
  <testcase name="[2] mapping=org.springframework.web.servlet.mvc.method.annotation.CrossOriginTests$TestRequestMappingInfoHandlerMapping@156e3dfa" classname="org.springframework.web.servlet.mvc.method.annotation.CrossOriginTests" time="0.001"/>
  <testcase name="[1] mapping=org.springframework.web.servlet.mvc.method.annotation.CrossOriginTests$TestRequestMappingInfoHandlerMapping@4b7a1d0" classname="org.springframework.web.servlet.mvc.method.annotation.CrossOriginTests" time="0.001"/>
  <testcase name="[2] mapping=org.springframework.web.servlet.mvc.method.annotation.CrossOriginTests$TestRequestMappingInfoHandlerMapping@22e19f6b" classname="org.springframework.web.servlet.mvc.method.annotation.CrossOriginTests" time="0.0"/>
  <testcase name="[1] mapping=org.springframework.web.servlet.mvc.method.annotation.CrossOriginTests$TestRequestMappingInfoHandlerMapping@64d44285" classname="org.springframework.web.servlet.mvc.method.annotation.CrossOriginTests" time="0.002"/>
  <testcase name="[2] mapping=org.springframework.web.servlet.mvc.method.annotation.CrossOriginTests$TestRequestMappingInfoHandlerMapping@1ad31298" classname="org.springframework.web.servlet.mvc.method.annotation.CrossOriginTests" time="0.001"/>
  <system-out><![CDATA[]]></system-out>
  <system-err><![CDATA[]]></system-err>
</testsuite>
