<?xml version="1.0" encoding="UTF-8"?>
<testsuite name="org.springframework.web.servlet.mvc.method.annotation.RequestPartMethodArgumentResolverTests" tests="33" skipped="0" failures="0" errors="0" timestamp="2021-05-01T09:33:26" hostname="wangweilideMBP.lan" time="0.065">
  <properties/>
  <testcase name="resolvePartListArgument()" classname="org.springframework.web.servlet.mvc.method.annotation.RequestPartMethodArgumentResolverTests" time="0.001"/>
  <testcase name="resolveRequestPart()" classname="org.springframework.web.servlet.mvc.method.annotation.RequestPartMethodArgumentResolverTests" time="0.005"/>
  <testcase name="resolveRequestPartWithoutContentType()" classname="org.springframework.web.servlet.mvc.method.annotation.RequestPartMethodArgumentResolverTests" time="0.004"/>
  <testcase name="resolveOptionalMultipartFileList()" classname="org.springframework.web.servlet.mvc.method.annotation.RequestPartMethodArgumentResolverTests" time="0.001"/>
  <testcase name="isMultipartRequestPut()" classname="org.springframework.web.servlet.mvc.method.annotation.RequestPartMethodArgumentResolverTests" time="0.001"/>
  <testcase name="resolveRequestPartNotValid()" classname="org.springframework.web.servlet.mvc.method.annotation.RequestPartMethodArgumentResolverTests" time="0.007"/>
  <testcase name="resolveOptionalMultipartFileListWithoutMultipartRequest()" classname="org.springframework.web.servlet.mvc.method.annotation.RequestPartMethodArgumentResolverTests" time="0.0"/>
  <testcase name="resolveOptionalPartArgumentNotPresent()" classname="org.springframework.web.servlet.mvc.method.annotation.RequestPartMethodArgumentResolverTests" time="0.002"/>
  <testcase name="resolvePartArgument()" classname="org.springframework.web.servlet.mvc.method.annotation.RequestPartMethodArgumentResolverTests" time="0.001"/>
  <testcase name="isMultipartRequest()" classname="org.springframework.web.servlet.mvc.method.annotation.RequestPartMethodArgumentResolverTests" time="0.001"/>
  <testcase name="resolveOptionalPartArgumentWithoutMultipartRequest()" classname="org.springframework.web.servlet.mvc.method.annotation.RequestPartMethodArgumentResolverTests" time="0.001"/>
  <testcase name="resolveOptionalMultipartFileListNotPresent()" classname="org.springframework.web.servlet.mvc.method.annotation.RequestPartMethodArgumentResolverTests" time="0.0"/>
  <testcase name="resolveOptionalPartArgument()" classname="org.springframework.web.servlet.mvc.method.annotation.RequestPartMethodArgumentResolverTests" time="0.001"/>
  <testcase name="resolveOptionalPartListNotPresent()" classname="org.springframework.web.servlet.mvc.method.annotation.RequestPartMethodArgumentResolverTests" time="0.0"/>
  <testcase name="resolveOptionalRequestPartNotPresent()" classname="org.springframework.web.servlet.mvc.method.annotation.RequestPartMethodArgumentResolverTests" time="0.001"/>
  <testcase name="resolveOptionalMultipartFileArgumentWithoutMultipartRequest()" classname="org.springframework.web.servlet.mvc.method.annotation.RequestPartMethodArgumentResolverTests" time="0.001"/>
  <testcase name="resolveOptionalMultipartFileArgumentNotPresent()" classname="org.springframework.web.servlet.mvc.method.annotation.RequestPartMethodArgumentResolverTests" time="0.001"/>
  <testcase name="resolvePartArrayArgument()" classname="org.springframework.web.servlet.mvc.method.annotation.RequestPartMethodArgumentResolverTests" time="0.001"/>
  <testcase name="resolveMultipartFileArray()" classname="org.springframework.web.servlet.mvc.method.annotation.RequestPartMethodArgumentResolverTests" time="0.0"/>
  <testcase name="resolveNamedRequestPart()" classname="org.springframework.web.servlet.mvc.method.annotation.RequestPartMethodArgumentResolverTests" time="0.004"/>
  <testcase name="resolveMultipartFile()" classname="org.springframework.web.servlet.mvc.method.annotation.RequestPartMethodArgumentResolverTests" time="0.0"/>
  <testcase name="resolveOptionalRequestPart()" classname="org.springframework.web.servlet.mvc.method.annotation.RequestPartMethodArgumentResolverTests" time="0.006"/>
  <testcase name="resolveRequestPartRequired()" classname="org.springframework.web.servlet.mvc.method.annotation.RequestPartMethodArgumentResolverTests" time="0.004"/>
  <testcase name="resolveNamedRequestPartNotPresent()" classname="org.springframework.web.servlet.mvc.method.annotation.RequestPartMethodArgumentResolverTests" time="0.003"/>
  <testcase name="resolveRequestPartNotRequired()" classname="org.springframework.web.servlet.mvc.method.annotation.RequestPartMethodArgumentResolverTests" time="0.005"/>
  <testcase name="resolveOptionalPartList()" classname="org.springframework.web.servlet.mvc.method.annotation.RequestPartMethodArgumentResolverTests" time="0.001"/>
  <testcase name="resolveOptionalRequestPartWithoutMultipartRequest()" classname="org.springframework.web.servlet.mvc.method.annotation.RequestPartMethodArgumentResolverTests" time="0.001"/>
  <testcase name="resolveOptionalPartListWithoutMultipartRequest()" classname="org.springframework.web.servlet.mvc.method.annotation.RequestPartMethodArgumentResolverTests" time="0.0"/>
  <testcase name="resolveOptionalMultipartFileArgument()" classname="org.springframework.web.servlet.mvc.method.annotation.RequestPartMethodArgumentResolverTests" time="0.001"/>
  <testcase name="supportsParameter()" classname="org.springframework.web.servlet.mvc.method.annotation.RequestPartMethodArgumentResolverTests" time="0.001"/>
  <testcase name="resolveRequestPartValid()" classname="org.springframework.web.servlet.mvc.method.annotation.RequestPartMethodArgumentResolverTests" time="0.004"/>
  <testcase name="resolveMultipartFileList()" classname="org.springframework.web.servlet.mvc.method.annotation.RequestPartMethodArgumentResolverTests" time="0.001"/>
  <testcase name="resolveMultipartFileNotAnnotArgument()" classname="org.springframework.web.servlet.mvc.method.annotation.RequestPartMethodArgumentResolverTests" time="0.001"/>
  <system-out><![CDATA[]]></system-out>
  <system-err><![CDATA[]]></system-err>
</testsuite>
