<?xml version="1.0" encoding="UTF-8"?>
<testsuite name="org.springframework.web.servlet.tags.form.OptionTagEnumTests" tests="1" skipped="0" failures="0" errors="0" timestamp="2021-04-26T07:41:30" hostname="wangweilideMacBook-Pro.local" time="0.007">
  <properties/>
  <testcase name="withJavaEnum()" classname="org.springframework.web.servlet.tags.form.OptionTagEnumTests" time="0.007"/>
  <system-out><![CDATA[]]></system-out>
  <system-err><![CDATA[]]></system-err>
</testsuite>
