<?xml version="1.0" encoding="UTF-8"?>
<testsuite name="org.springframework.web.servlet.view.script.JythonScriptTemplateTests" tests="1" skipped="0" failures="0" errors="0" timestamp="2021-04-26T07:41:37" hostname="wangweilideMacBook-Pro.local" time="3.389">
  <properties/>
  <testcase name="renderTemplate()" classname="org.springframework.web.servlet.view.script.JythonScriptTemplateTests" time="3.389"/>
  <system-out><![CDATA[]]></system-out>
  <system-err><![CDATA[]]></system-err>
</testsuite>
