<?xml version="1.0" encoding="UTF-8"?>
<testsuite name="org.springframework.web.servlet.config.annotation.WebMvcConfigurationSupportTests" tests="15" skipped="0" failures="0" errors="0" timestamp="2021-05-01T09:33:28" hostname="wangweilideMBP.lan" time="1.132">
  <properties/>
  <testcase name="uriComponentsContributor()" classname="org.springframework.web.servlet.config.annotation.WebMvcConfigurationSupportTests" time="0.077"/>
  <testcase name="emptyHandlerMappings()" classname="org.springframework.web.servlet.config.annotation.WebMvcConfigurationSupportTests" time="0.065"/>
  <testcase name="requestMappingHandlerAdapter()" classname="org.springframework.web.servlet.config.annotation.WebMvcConfigurationSupportTests" time="0.084"/>
  <testcase name="mvcViewResolverWithOrderSet()" classname="org.springframework.web.servlet.config.annotation.WebMvcConfigurationSupportTests" time="0.065"/>
  <testcase name="defaultRequestToViewNameConfiguration()" classname="org.springframework.web.servlet.config.annotation.WebMvcConfigurationSupportTests" time="0.075"/>
  <testcase name="defaultFlashMapManagerConfiguration()" classname="org.springframework.web.servlet.config.annotation.WebMvcConfigurationSupportTests" time="0.093"/>
  <testcase name="defaultLocaleResolverConfiguration()" classname="org.springframework.web.servlet.config.annotation.WebMvcConfigurationSupportTests" time="0.122"/>
  <testcase name="customArgumentResolvers()" classname="org.springframework.web.servlet.config.annotation.WebMvcConfigurationSupportTests" time="0.085"/>
  <testcase name="requestMappingHandlerMapping()" classname="org.springframework.web.servlet.config.annotation.WebMvcConfigurationSupportTests" time="0.076"/>
  <testcase name="mvcViewResolverWithExistingResolver()" classname="org.springframework.web.servlet.config.annotation.WebMvcConfigurationSupportTests" time="0.059"/>
  <testcase name="defaultThemeResolverfiguration()" classname="org.springframework.web.servlet.config.annotation.WebMvcConfigurationSupportTests" time="0.066"/>
  <testcase name="beanNameHandlerMapping()" classname="org.springframework.web.servlet.config.annotation.WebMvcConfigurationSupportTests" time="0.066"/>
  <testcase name="defaultPathMatchConfiguration()" classname="org.springframework.web.servlet.config.annotation.WebMvcConfigurationSupportTests" time="0.065"/>
  <testcase name="handlerExceptionResolver()" classname="org.springframework.web.servlet.config.annotation.WebMvcConfigurationSupportTests" time="0.062"/>
  <testcase name="mvcViewResolver()" classname="org.springframework.web.servlet.config.annotation.WebMvcConfigurationSupportTests" time="0.067"/>
  <system-out><![CDATA[]]></system-out>
  <system-err><![CDATA[]]></system-err>
</testsuite>
