<?xml version="1.0" encoding="UTF-8"?>
<testsuite name="org.springframework.web.servlet.function.RouterFunctionsTests" tests="5" skipped="0" failures="0" errors="0" timestamp="2021-05-01T09:33:40" hostname="wangweilideMBP.lan" time="0.019">
  <properties/>
  <testcase name="routeNoMatch()" classname="org.springframework.web.servlet.function.RouterFunctionsTests" time="0.011"/>
  <testcase name="nestNoMatch()" classname="org.springframework.web.servlet.function.RouterFunctionsTests" time="0.003"/>
  <testcase name="routeMatch()" classname="org.springframework.web.servlet.function.RouterFunctionsTests" time="0.001"/>
  <testcase name="nestMatch()" classname="org.springframework.web.servlet.function.RouterFunctionsTests" time="0.001"/>
  <testcase name="nestPathVariable()" classname="org.springframework.web.servlet.function.RouterFunctionsTests" time="0.003"/>
  <system-out><![CDATA[]]></system-out>
  <system-err><![CDATA[]]></system-err>
</testsuite>
