<?xml version="1.0" encoding="UTF-8"?>
<testsuite name="org.springframework.web.servlet.function.support.RouterFunctionMappingTests" tests="3" skipped="0" failures="0" errors="0" timestamp="2021-04-26T07:41:29" hostname="wangweilideMacBook-Pro.local" time="0.011">
  <properties/>
  <testcase name="normal()" classname="org.springframework.web.servlet.function.support.RouterFunctionMappingTests" time="0.001"/>
  <testcase name="changeParser()" classname="org.springframework.web.servlet.function.support.RouterFunctionMappingTests" time="0.009"/>
  <testcase name="noMatch()" classname="org.springframework.web.servlet.function.support.RouterFunctionMappingTests" time="0.001"/>
  <system-out><![CDATA[]]></system-out>
  <system-err><![CDATA[]]></system-err>
</testsuite>
