<?xml version="1.0" encoding="UTF-8"?>
<testsuite name="org.springframework.web.servlet.FlashMapTests" tests="7" skipped="0" failures="0" errors="0" timestamp="2021-05-01T09:33:08" hostname="wangweilideMBP.lan" time="0.21">
  <properties/>
  <testcase name="isExpired()" classname="org.springframework.web.servlet.FlashMapTests" time="0.104"/>
  <testcase name="compareTo()" classname="org.springframework.web.servlet.FlashMapTests" time="0.0"/>
  <testcase name="addTargetRequestParamNullValue()" classname="org.springframework.web.servlet.FlashMapTests" time="0.001"/>
  <testcase name="addTargetRequestParamsNullValue()" classname="org.springframework.web.servlet.FlashMapTests" time="0.001"/>
  <testcase name="addTargetRequestParamNullKey()" classname="org.springframework.web.servlet.FlashMapTests" time="0.0"/>
  <testcase name="addTargetRequestParamsNullKey()" classname="org.springframework.web.servlet.FlashMapTests" time="0.0"/>
  <testcase name="notExpired()" classname="org.springframework.web.servlet.FlashMapTests" time="0.102"/>
  <system-out><![CDATA[]]></system-out>
  <system-err><![CDATA[]]></system-err>
</testsuite>
