<?xml version="1.0" encoding="UTF-8"?>
<testsuite name="org.springframework.web.servlet.tags.form.HiddenInputTagTests" tests="5" skipped="0" failures="0" errors="0" timestamp="2021-04-26T07:41:29" hostname="wangweilideMacBook-Pro.local" time="0.032">
  <properties/>
  <testcase name="disabledTrue()" classname="org.springframework.web.servlet.tags.form.HiddenInputTagTests" time="0.007"/>
  <testcase name="render()" classname="org.springframework.web.servlet.tags.form.HiddenInputTagTests" time="0.006"/>
  <testcase name="dynamicTypeAttribute()" classname="org.springframework.web.servlet.tags.form.HiddenInputTagTests" time="0.005"/>
  <testcase name="disabledFalse()" classname="org.springframework.web.servlet.tags.form.HiddenInputTagTests" time="0.006"/>
  <testcase name="withCustomBinder()" classname="org.springframework.web.servlet.tags.form.HiddenInputTagTests" time="0.008"/>
  <system-out><![CDATA[]]></system-out>
  <system-err><![CDATA[]]></system-err>
</testsuite>
