<?xml version="1.0" encoding="UTF-8"?>
<testsuite name="org.springframework.web.servlet.mvc.method.annotation.RequestScopedControllerAdviceIntegrationTests" tests="1" skipped="0" failures="0" errors="0" timestamp="2021-04-26T07:41:16" hostname="wangweilideMacBook-Pro.local" time="0.056">
  <properties/>
  <testcase name="loadContextWithRequestScopedControllerAdvice()" classname="org.springframework.web.servlet.mvc.method.annotation.RequestScopedControllerAdviceIntegrationTests" time="0.056"/>
  <system-out><![CDATA[]]></system-out>
  <system-err><![CDATA[]]></system-err>
</testsuite>
