<?xml version="1.0" encoding="UTF-8"?>
<testsuite name="org.springframework.web.servlet.resource.PathResourceResolverTests" tests="10" skipped="0" failures="0" errors="0" timestamp="2021-05-09T12:42:18" hostname="wangweilidembp" time="0.006">
  <properties/>
  <testcase name="checkFileLocation()" classname="org.springframework.web.servlet.resource.PathResourceResolverTests" time="0.0"/>
  <testcase name="ignoreInvalidEscapeSequence()" classname="org.springframework.web.servlet.resource.PathResourceResolverTests" time="0.0"/>
  <testcase name="checkResourceWithAllowedLocations()" classname="org.springframework.web.servlet.resource.PathResourceResolverTests" time="0.001"/>
  <testcase name="resolveFromClasspathRoot()" classname="org.springframework.web.servlet.resource.PathResourceResolverTests" time="0.0"/>
  <testcase name="checkServletContextResource()" classname="org.springframework.web.servlet.resource.PathResourceResolverTests" time="0.0"/>
  <testcase name="resolveFromClasspath()" classname="org.springframework.web.servlet.resource.PathResourceResolverTests" time="0.0"/>
  <testcase name="relativePathEncodedForUrlResource()" classname="org.springframework.web.servlet.resource.PathResourceResolverTests" time="0.0"/>
  <testcase name="resolvePathRootResource()" classname="org.springframework.web.servlet.resource.PathResourceResolverTests" time="0.0"/>
  <testcase name="checkRelativeLocation()" classname="org.springframework.web.servlet.resource.PathResourceResolverTests" time="0.0"/>
  <testcase name="checkResource()" classname="org.springframework.web.servlet.resource.PathResourceResolverTests" time="0.003"/>
  <system-out><![CDATA[20:42:18.451 [Test worker] WARN  o.s.w.s.r.PathResourceResolver - Resource path "../testsecret/secret.txt" was successfully resolved but resource "file:/Users/wangweili/Documents/MyDesign/learning/msb-source/msb-spring/spring-webmvc/build/resources/test/org/springframework/web/servlet/resource/testsecret/secret.txt" is neither under the current location "file:/Users/wangweili/Documents/MyDesign/learning/msb-source/msb-spring/spring-webmvc/build/resources/test/org/springframework/web/servlet/resource/test/" nor under any of the allowed locations []
20:42:18.452 [Test worker] WARN  o.s.w.s.r.PathResourceResolver - Resource path "test/../../testsecret/secret.txt" was successfully resolved but resource "file:/Users/wangweili/Documents/MyDesign/learning/msb-source/msb-spring/spring-webmvc/build/resources/test/org/springframework/web/servlet/resource/testsecret/secret.txt" is neither under the current location "file:/Users/wangweili/Documents/MyDesign/learning/msb-source/msb-spring/spring-webmvc/build/resources/test/org/springframework/web/servlet/resource/test/" nor under any of the allowed locations []
20:42:18.452 [Test worker] WARN  o.s.w.s.r.PathResourceResolver - Resource path "file:/Users/wangweili/Documents/MyDesign/learning/msb-source/msb-spring/spring-webmvc/build/resources/test/org/springframework/web/servlet/resource/testsecret/secret.txt" was successfully resolved but resource "file:/Users/wangweili/Documents/MyDesign/learning/msb-source/msb-spring/spring-webmvc/build/resources/test/org/springframework/web/servlet/resource/testsecret/secret.txt" is neither under the current location "file:/Users/wangweili/Documents/MyDesign/learning/msb-source/msb-spring/spring-webmvc/build/resources/test/org/springframework/web/servlet/resource/test/" nor under any of the allowed locations []
20:42:18.452 [Test worker] WARN  o.s.w.s.r.PathResourceResolver - Resource path "/file:/Users/wangweili/Documents/MyDesign/learning/msb-source/msb-spring/spring-webmvc/build/resources/test/org/springframework/web/servlet/resource/testsecret/secret.txt" was successfully resolved but resource "file:/Users/wangweili/Documents/MyDesign/learning/msb-source/msb-spring/spring-webmvc/build/resources/test/org/springframework/web/servlet/resource/testsecret/secret.txt" is neither under the current location "file:/Users/wangweili/Documents/MyDesign/learning/msb-source/msb-spring/spring-webmvc/build/resources/test/org/springframework/web/servlet/resource/test/" nor under any of the allowed locations []
20:42:18.452 [Test worker] WARN  o.s.w.s.r.PathResourceResolver - Resource path "//Users/wangweili/Documents/MyDesign/learning/msb-source/msb-spring/spring-webmvc/build/resources/test/org/springframework/web/servlet/resource/testsecret/secret.txt" was successfully resolved but resource "file:/Users/wangweili/Documents/MyDesign/learning/msb-source/msb-spring/spring-webmvc/build/resources/test/org/springframework/web/servlet/resource/testsecret/secret.txt" is neither under the current location "file:/Users/wangweili/Documents/MyDesign/learning/msb-source/msb-spring/spring-webmvc/build/resources/test/org/springframework/web/servlet/resource/test/" nor under any of the allowed locations []
20:42:18.453 [Test worker] WARN  o.s.w.s.r.PathResourceResolver - Resource path "////../../Users/wangweili/Documents/MyDesign/learning/msb-source/msb-spring/spring-webmvc/build/resources/test/org/springframework/web/servlet/resource/testsecret/secret.txt" was successfully resolved but resource "file:/../../Users/wangweili/Documents/MyDesign/learning/msb-source/msb-spring/spring-webmvc/build/resources/test/org/springframework/web/servlet/resource/testsecret/secret.txt" is neither under the current location "file:/Users/wangweili/Documents/MyDesign/learning/msb-source/msb-spring/spring-webmvc/build/resources/test/org/springframework/web/servlet/resource/test/" nor under any of the allowed locations []
20:42:18.453 [Test worker] WARN  o.s.w.s.r.PathResourceResolver - Resolved resource path contains encoded "../" or "..\": file:/Users/wangweili/Documents/MyDesign/learning/msb-source/msb-spring/spring-webmvc/build/resources/test/org/springframework/web/servlet/resource/test/%2E%2E/testsecret/secret.txt
20:42:18.453 [Test worker] WARN  o.s.w.s.r.PathResourceResolver - Resource path "/%2E%2E/testsecret/secret.txt" was successfully resolved but resource "file:/Users/wangweili/Documents/MyDesign/learning/msb-source/msb-spring/spring-webmvc/build/resources/test/org/springframework/web/servlet/resource/test/%2E%2E/testsecret/secret.txt" is neither under the current location "file:/Users/wangweili/Documents/MyDesign/learning/msb-source/msb-spring/spring-webmvc/build/resources/test/org/springframework/web/servlet/resource/test/" nor under any of the allowed locations []
20:42:18.453 [Test worker] WARN  o.s.w.s.r.PathResourceResolver - Resolved resource path contains encoded "../" or "..\": file:/Users/wangweili/Documents/MyDesign/learning/msb-source/msb-spring/spring-webmvc/build/resources/test/org/springframework/web/servlet/resource/test/%2e%2e/testsecret/secret.txt
20:42:18.453 [Test worker] WARN  o.s.w.s.r.PathResourceResolver - Resource path "/%2e%2e/testsecret/secret.txt" was successfully resolved but resource "file:/Users/wangweili/Documents/MyDesign/learning/msb-source/msb-spring/spring-webmvc/build/resources/test/org/springframework/web/servlet/resource/test/%2e%2e/testsecret/secret.txt" is neither under the current location "file:/Users/wangweili/Documents/MyDesign/learning/msb-source/msb-spring/spring-webmvc/build/resources/test/org/springframework/web/servlet/resource/test/" nor under any of the allowed locations []
20:42:18.453 [Test worker] WARN  o.s.w.s.r.PathResourceResolver - Resource path " /Users/wangweili/Documents/MyDesign/learning/msb-source/msb-spring/spring-webmvc/build/resources/test/org/springframework/web/servlet/resource/testsecret/secret.txt" was successfully resolved but resource "file:/Users/wangweili/Documents/MyDesign/learning/msb-source/msb-spring/spring-webmvc/build/resources/test/org/springframework/web/servlet/resource/testsecret/secret.txt" is neither under the current location "file:/Users/wangweili/Documents/MyDesign/learning/msb-source/msb-spring/spring-webmvc/build/resources/test/org/springframework/web/servlet/resource/test/" nor under any of the allowed locations []
20:42:18.453 [Test worker] WARN  o.s.w.s.r.PathResourceResolver - Resource path "/  /Users/wangweili/Documents/MyDesign/learning/msb-source/msb-spring/spring-webmvc/build/resources/test/org/springframework/web/servlet/resource/testsecret/secret.txt" was successfully resolved but resource "file:/Users/wangweili/Documents/MyDesign/learning/msb-source/msb-spring/spring-webmvc/build/resources/test/org/springframework/web/servlet/resource/testsecret/secret.txt" is neither under the current location "file:/Users/wangweili/Documents/MyDesign/learning/msb-source/msb-spring/spring-webmvc/build/resources/test/org/springframework/web/servlet/resource/test/" nor under any of the allowed locations []
20:42:18.454 [Test worker] WARN  o.s.w.s.r.PathResourceResolver - Resource path "url:/Users/wangweili/Documents/MyDesign/learning/msb-source/msb-spring/spring-webmvc/build/resources/test/org/springframework/web/servlet/resource/testsecret/secret.txt" was successfully resolved but resource "file:/Users/wangweili/Documents/MyDesign/learning/msb-source/msb-spring/spring-webmvc/build/resources/test/org/springframework/web/servlet/resource/testsecret/secret.txt" is neither under the current location "file:/Users/wangweili/Documents/MyDesign/learning/msb-source/msb-spring/spring-webmvc/build/resources/test/org/springframework/web/servlet/resource/test/" nor under any of the allowed locations []
]]></system-out>
  <system-err><![CDATA[]]></system-err>
</testsuite>
