<?xml version="1.0" encoding="UTF-8"?>
<testsuite name="org.springframework.web.servlet.handler.CorsAbstractHandlerMappingTests" tests="20" skipped="0" failures="0" errors="0" timestamp="2021-04-26T07:41:01" hostname="wangweilideMacBook-Pro.local" time="0.043">
  <properties/>
  <testcase name="[1] mapping=org.springframework.web.servlet.handler.CorsAbstractHandlerMappingTests$TestHandlerMapping@59831b7c" classname="org.springframework.web.servlet.handler.CorsAbstractHandlerMappingTests" time="0.002"/>
  <testcase name="[2] mapping=org.springframework.web.servlet.handler.CorsAbstractHandlerMappingTests$TestHandlerMapping@2cef8ead" classname="org.springframework.web.servlet.handler.CorsAbstractHandlerMappingTests" time="0.0"/>
  <testcase name="[1] mapping=org.springframework.web.servlet.handler.CorsAbstractHandlerMappingTests$TestHandlerMapping@9df0f8c" classname="org.springframework.web.servlet.handler.CorsAbstractHandlerMappingTests" time="0.001"/>
  <testcase name="[2] mapping=org.springframework.web.servlet.handler.CorsAbstractHandlerMappingTests$TestHandlerMapping@591562fc" classname="org.springframework.web.servlet.handler.CorsAbstractHandlerMappingTests" time="0.001"/>
  <testcase name="[1] mapping=org.springframework.web.servlet.handler.CorsAbstractHandlerMappingTests$TestHandlerMapping@30b960c5" classname="org.springframework.web.servlet.handler.CorsAbstractHandlerMappingTests" time="0.002"/>
  <testcase name="[2] mapping=org.springframework.web.servlet.handler.CorsAbstractHandlerMappingTests$TestHandlerMapping@73bc1622" classname="org.springframework.web.servlet.handler.CorsAbstractHandlerMappingTests" time="0.0"/>
  <testcase name="[1] mapping=org.springframework.web.servlet.handler.CorsAbstractHandlerMappingTests$TestHandlerMapping@7f59947b" classname="org.springframework.web.servlet.handler.CorsAbstractHandlerMappingTests" time="0.001"/>
  <testcase name="[2] mapping=org.springframework.web.servlet.handler.CorsAbstractHandlerMappingTests$TestHandlerMapping@62bea1c1" classname="org.springframework.web.servlet.handler.CorsAbstractHandlerMappingTests" time="0.0"/>
  <testcase name="[1] mapping=org.springframework.web.servlet.handler.CorsAbstractHandlerMappingTests$TestHandlerMapping@1f97f0f4" classname="org.springframework.web.servlet.handler.CorsAbstractHandlerMappingTests" time="0.001"/>
  <testcase name="[2] mapping=org.springframework.web.servlet.handler.CorsAbstractHandlerMappingTests$TestHandlerMapping@11f47484" classname="org.springframework.web.servlet.handler.CorsAbstractHandlerMappingTests" time="0.001"/>
  <testcase name="[1] mapping=org.springframework.web.servlet.handler.CorsAbstractHandlerMappingTests$TestHandlerMapping@591699f7" classname="org.springframework.web.servlet.handler.CorsAbstractHandlerMappingTests" time="0.001"/>
  <testcase name="[2] mapping=org.springframework.web.servlet.handler.CorsAbstractHandlerMappingTests$TestHandlerMapping@6bf49605" classname="org.springframework.web.servlet.handler.CorsAbstractHandlerMappingTests" time="0.001"/>
  <testcase name="[1] mapping=org.springframework.web.servlet.handler.CorsAbstractHandlerMappingTests$TestHandlerMapping@24a106d3" classname="org.springframework.web.servlet.handler.CorsAbstractHandlerMappingTests" time="0.0"/>
  <testcase name="[2] mapping=org.springframework.web.servlet.handler.CorsAbstractHandlerMappingTests$TestHandlerMapping@6baae8fc" classname="org.springframework.web.servlet.handler.CorsAbstractHandlerMappingTests" time="0.0"/>
  <testcase name="[1] mapping=org.springframework.web.servlet.handler.CorsAbstractHandlerMappingTests$TestHandlerMapping@f0a94fb" classname="org.springframework.web.servlet.handler.CorsAbstractHandlerMappingTests" time="0.0"/>
  <testcase name="[2] mapping=org.springframework.web.servlet.handler.CorsAbstractHandlerMappingTests$TestHandlerMapping@335b70ee" classname="org.springframework.web.servlet.handler.CorsAbstractHandlerMappingTests" time="0.001"/>
  <testcase name="[1] mapping=org.springframework.web.servlet.handler.CorsAbstractHandlerMappingTests$TestHandlerMapping@4ad397eb" classname="org.springframework.web.servlet.handler.CorsAbstractHandlerMappingTests" time="0.001"/>
  <testcase name="[2] mapping=org.springframework.web.servlet.handler.CorsAbstractHandlerMappingTests$TestHandlerMapping@195bc181" classname="org.springframework.web.servlet.handler.CorsAbstractHandlerMappingTests" time="0.0"/>
  <testcase name="[1] mapping=org.springframework.web.servlet.handler.CorsAbstractHandlerMappingTests$TestHandlerMapping@1214ed5" classname="org.springframework.web.servlet.handler.CorsAbstractHandlerMappingTests" time="0.0"/>
  <testcase name="[2] mapping=org.springframework.web.servlet.handler.CorsAbstractHandlerMappingTests$TestHandlerMapping@4631c0b9" classname="org.springframework.web.servlet.handler.CorsAbstractHandlerMappingTests" time="0.001"/>
  <system-out><![CDATA[]]></system-out>
  <system-err><![CDATA[]]></system-err>
</testsuite>
