<?xml version="1.0" encoding="UTF-8"?>
<testsuite name="org.springframework.web.servlet.view.document.XlsViewTests" tests="3" skipped="0" failures="0" errors="0" timestamp="2021-04-26T07:41:32" hostname="wangweilideMacBook-Pro.local" time="3.965">
  <properties/>
  <testcase name="testXls()" classname="org.springframework.web.servlet.view.document.XlsViewTests" time="0.381"/>
  <testcase name="testXlsxView()" classname="org.springframework.web.servlet.view.document.XlsViewTests" time="1.192"/>
  <testcase name="testXlsxStreamingView()" classname="org.springframework.web.servlet.view.document.XlsViewTests" time="2.391"/>
  <system-out><![CDATA[]]></system-out>
  <system-err><![CDATA[]]></system-err>
</testsuite>
