<?xml version="1.0" encoding="UTF-8"?>
<testsuite name="org.springframework.web.servlet.tags.form.HiddenInputTagTests" tests="5" skipped="0" failures="0" errors="0" timestamp="2021-05-01T09:33:41" hostname="wangweilideMBP.lan" time="0.043">
  <properties/>
  <testcase name="disabledTrue()" classname="org.springframework.web.servlet.tags.form.HiddenInputTagTests" time="0.015"/>
  <testcase name="render()" classname="org.springframework.web.servlet.tags.form.HiddenInputTagTests" time="0.004"/>
  <testcase name="dynamicTypeAttribute()" classname="org.springframework.web.servlet.tags.form.HiddenInputTagTests" time="0.009"/>
  <testcase name="disabledFalse()" classname="org.springframework.web.servlet.tags.form.HiddenInputTagTests" time="0.006"/>
  <testcase name="withCustomBinder()" classname="org.springframework.web.servlet.tags.form.HiddenInputTagTests" time="0.007"/>
  <system-out><![CDATA[]]></system-out>
  <system-err><![CDATA[]]></system-err>
</testsuite>
