<?xml version="1.0" encoding="UTF-8"?>
<testsuite name="org.springframework.web.servlet.mvc.method.RequestMappingInfoHandlerMappingTests" tests="39" skipped="0" failures="0" errors="0" timestamp="2021-05-01T09:33:27" hostname="wangweilideMBP.lan" time="0.076">
  <properties/>
  <testcase name="[1] mapping=org.springframework.web.servlet.mvc.method.RequestMappingInfoHandlerMappingTests$TestRequestMappingInfoHandlerMapping@541072e7" classname="org.springframework.web.servlet.mvc.method.RequestMappingInfoHandlerMappingTests" time="0.002"/>
  <testcase name="[2] mapping=org.springframework.web.servlet.mvc.method.RequestMappingInfoHandlerMappingTests$TestRequestMappingInfoHandlerMapping@2be67b0c" classname="org.springframework.web.servlet.mvc.method.RequestMappingInfoHandlerMappingTests" time="0.001"/>
  <testcase name="[1] mapping=org.springframework.web.servlet.mvc.method.RequestMappingInfoHandlerMappingTests$TestRequestMappingInfoHandlerMapping@562e0786" classname="org.springframework.web.servlet.mvc.method.RequestMappingInfoHandlerMappingTests" time="0.002"/>
  <testcase name="[2] mapping=org.springframework.web.servlet.mvc.method.RequestMappingInfoHandlerMappingTests$TestRequestMappingInfoHandlerMapping@144a7093" classname="org.springframework.web.servlet.mvc.method.RequestMappingInfoHandlerMappingTests" time="0.0"/>
  <testcase name="[1] mapping=org.springframework.web.servlet.mvc.method.RequestMappingInfoHandlerMappingTests$TestRequestMappingInfoHandlerMapping@13415764" classname="org.springframework.web.servlet.mvc.method.RequestMappingInfoHandlerMappingTests" time="0.0"/>
  <testcase name="[2] mapping=org.springframework.web.servlet.mvc.method.RequestMappingInfoHandlerMappingTests$TestRequestMappingInfoHandlerMapping@7b2a375f" classname="org.springframework.web.servlet.mvc.method.RequestMappingInfoHandlerMappingTests" time="0.0"/>
  <testcase name="[1] mapping=org.springframework.web.servlet.mvc.method.RequestMappingInfoHandlerMappingTests$TestRequestMappingInfoHandlerMapping@752dbc95" classname="org.springframework.web.servlet.mvc.method.RequestMappingInfoHandlerMappingTests" time="0.0"/>
  <testcase name="[2] mapping=org.springframework.web.servlet.mvc.method.RequestMappingInfoHandlerMappingTests$TestRequestMappingInfoHandlerMapping@466f0c4f" classname="org.springframework.web.servlet.mvc.method.RequestMappingInfoHandlerMappingTests" time="0.0"/>
  <testcase name="[1] mapping=org.springframework.web.servlet.mvc.method.RequestMappingInfoHandlerMappingTests$TestRequestMappingInfoHandlerMapping@717149f3" classname="org.springframework.web.servlet.mvc.method.RequestMappingInfoHandlerMappingTests" time="0.002"/>
  <testcase name="[2] mapping=org.springframework.web.servlet.mvc.method.RequestMappingInfoHandlerMappingTests$TestRequestMappingInfoHandlerMapping@1f6158ca" classname="org.springframework.web.servlet.mvc.method.RequestMappingInfoHandlerMappingTests" time="0.001"/>
  <testcase name="[1] mapping=org.springframework.web.servlet.mvc.method.RequestMappingInfoHandlerMappingTests$TestRequestMappingInfoHandlerMapping@3a09b4d6" classname="org.springframework.web.servlet.mvc.method.RequestMappingInfoHandlerMappingTests" time="0.002"/>
  <testcase name="[2] mapping=org.springframework.web.servlet.mvc.method.RequestMappingInfoHandlerMappingTests$TestRequestMappingInfoHandlerMapping@3d5dc602" classname="org.springframework.web.servlet.mvc.method.RequestMappingInfoHandlerMappingTests" time="0.001"/>
  <testcase name="[1] mapping=org.springframework.web.servlet.mvc.method.RequestMappingInfoHandlerMappingTests$TestRequestMappingInfoHandlerMapping@3deae95f" classname="org.springframework.web.servlet.mvc.method.RequestMappingInfoHandlerMappingTests" time="0.0"/>
  <testcase name="[2] mapping=org.springframework.web.servlet.mvc.method.RequestMappingInfoHandlerMappingTests$TestRequestMappingInfoHandlerMapping@f141bc7" classname="org.springframework.web.servlet.mvc.method.RequestMappingInfoHandlerMappingTests" time="0.0"/>
  <testcase name="[1] mapping=org.springframework.web.servlet.mvc.method.RequestMappingInfoHandlerMappingTests$TestRequestMappingInfoHandlerMapping@3956ddbe" classname="org.springframework.web.servlet.mvc.method.RequestMappingInfoHandlerMappingTests" time="0.0"/>
  <testcase name="[2] mapping=org.springframework.web.servlet.mvc.method.RequestMappingInfoHandlerMappingTests$TestRequestMappingInfoHandlerMapping@2fd49dfc" classname="org.springframework.web.servlet.mvc.method.RequestMappingInfoHandlerMappingTests" time="0.001"/>
  <testcase name="[1] mapping=org.springframework.web.servlet.mvc.method.RequestMappingInfoHandlerMappingTests$TestRequestMappingInfoHandlerMapping@2bca3e30" classname="org.springframework.web.servlet.mvc.method.RequestMappingInfoHandlerMappingTests" time="0.0"/>
  <testcase name="[2] mapping=org.springframework.web.servlet.mvc.method.RequestMappingInfoHandlerMappingTests$TestRequestMappingInfoHandlerMapping@66839efd" classname="org.springframework.web.servlet.mvc.method.RequestMappingInfoHandlerMappingTests" time="0.001"/>
  <testcase name="[1] mapping=org.springframework.web.servlet.mvc.method.RequestMappingInfoHandlerMappingTests$TestRequestMappingInfoHandlerMapping@63087818" classname="org.springframework.web.servlet.mvc.method.RequestMappingInfoHandlerMappingTests" time="0.0"/>
  <testcase name="[2] mapping=org.springframework.web.servlet.mvc.method.RequestMappingInfoHandlerMappingTests$TestRequestMappingInfoHandlerMapping@707bfcc1" classname="org.springframework.web.servlet.mvc.method.RequestMappingInfoHandlerMappingTests" time="0.001"/>
  <testcase name="[1] mapping=org.springframework.web.servlet.mvc.method.RequestMappingInfoHandlerMappingTests$TestRequestMappingInfoHandlerMapping@5ce0ed53" classname="org.springframework.web.servlet.mvc.method.RequestMappingInfoHandlerMappingTests" time="0.001"/>
  <testcase name="[2] mapping=org.springframework.web.servlet.mvc.method.RequestMappingInfoHandlerMappingTests$TestRequestMappingInfoHandlerMapping@56fac298" classname="org.springframework.web.servlet.mvc.method.RequestMappingInfoHandlerMappingTests" time="0.0"/>
  <testcase name="[1] mapping=org.springframework.web.servlet.mvc.method.RequestMappingInfoHandlerMappingTests$TestRequestMappingInfoHandlerMapping@350823ca" classname="org.springframework.web.servlet.mvc.method.RequestMappingInfoHandlerMappingTests" time="0.001"/>
  <testcase name="[2] mapping=org.springframework.web.servlet.mvc.method.RequestMappingInfoHandlerMappingTests$TestRequestMappingInfoHandlerMapping@29469822" classname="org.springframework.web.servlet.mvc.method.RequestMappingInfoHandlerMappingTests" time="0.001"/>
  <testcase name="[1] mapping=org.springframework.web.servlet.mvc.method.RequestMappingInfoHandlerMappingTests$TestRequestMappingInfoHandlerMapping@12d855e9" classname="org.springframework.web.servlet.mvc.method.RequestMappingInfoHandlerMappingTests" time="0.001"/>
  <testcase name="[2] mapping=org.springframework.web.servlet.mvc.method.RequestMappingInfoHandlerMappingTests$TestRequestMappingInfoHandlerMapping@37ca9d68" classname="org.springframework.web.servlet.mvc.method.RequestMappingInfoHandlerMappingTests" time="0.0"/>
  <testcase name="[1] mapping=org.springframework.web.servlet.mvc.method.RequestMappingInfoHandlerMappingTests$TestRequestMappingInfoHandlerMapping@1df6f90c" classname="org.springframework.web.servlet.mvc.method.RequestMappingInfoHandlerMappingTests" time="0.001"/>
  <testcase name="[2] mapping=org.springframework.web.servlet.mvc.method.RequestMappingInfoHandlerMappingTests$TestRequestMappingInfoHandlerMapping@11b4b8e8" classname="org.springframework.web.servlet.mvc.method.RequestMappingInfoHandlerMappingTests" time="0.001"/>
  <testcase name="[1] mapping=org.springframework.web.servlet.mvc.method.RequestMappingInfoHandlerMappingTests$TestRequestMappingInfoHandlerMapping@2e8a9c7b" classname="org.springframework.web.servlet.mvc.method.RequestMappingInfoHandlerMappingTests" time="0.0"/>
  <testcase name="[2] mapping=org.springframework.web.servlet.mvc.method.RequestMappingInfoHandlerMappingTests$TestRequestMappingInfoHandlerMapping@40f6ebd9" classname="org.springframework.web.servlet.mvc.method.RequestMappingInfoHandlerMappingTests" time="0.0"/>
  <testcase name="[1] mapping=org.springframework.web.servlet.mvc.method.RequestMappingInfoHandlerMappingTests$TestRequestMappingInfoHandlerMapping@32bdd5da" classname="org.springframework.web.servlet.mvc.method.RequestMappingInfoHandlerMappingTests" time="0.002"/>
  <testcase name="[2] mapping=org.springframework.web.servlet.mvc.method.RequestMappingInfoHandlerMappingTests$TestRequestMappingInfoHandlerMapping@65737511" classname="org.springframework.web.servlet.mvc.method.RequestMappingInfoHandlerMappingTests" time="0.001"/>
  <testcase name="[1] mapping=org.springframework.web.servlet.mvc.method.RequestMappingInfoHandlerMappingTests$TestRequestMappingInfoHandlerMapping@41739ff1" classname="org.springframework.web.servlet.mvc.method.RequestMappingInfoHandlerMappingTests" time="0.0"/>
  <testcase name="[2] mapping=org.springframework.web.servlet.mvc.method.RequestMappingInfoHandlerMappingTests$TestRequestMappingInfoHandlerMapping@65979500" classname="org.springframework.web.servlet.mvc.method.RequestMappingInfoHandlerMappingTests" time="0.001"/>
  <testcase name="getHandlerMappedInterceptors()" classname="org.springframework.web.servlet.mvc.method.RequestMappingInfoHandlerMappingTests" time="0.002"/>
  <testcase name="[1] mapping=org.springframework.web.servlet.mvc.method.RequestMappingInfoHandlerMappingTests$TestRequestMappingInfoHandlerMapping@6fbb10ba" classname="org.springframework.web.servlet.mvc.method.RequestMappingInfoHandlerMappingTests" time="0.001"/>
  <testcase name="[2] mapping=org.springframework.web.servlet.mvc.method.RequestMappingInfoHandlerMappingTests$TestRequestMappingInfoHandlerMapping@275f2ff2" classname="org.springframework.web.servlet.mvc.method.RequestMappingInfoHandlerMappingTests" time="0.0"/>
  <testcase name="[1] mapping=org.springframework.web.servlet.mvc.method.RequestMappingInfoHandlerMappingTests$TestRequestMappingInfoHandlerMapping@7a181cd0" classname="org.springframework.web.servlet.mvc.method.RequestMappingInfoHandlerMappingTests" time="0.002"/>
  <testcase name="[2] mapping=org.springframework.web.servlet.mvc.method.RequestMappingInfoHandlerMappingTests$TestRequestMappingInfoHandlerMapping@4be2da9c" classname="org.springframework.web.servlet.mvc.method.RequestMappingInfoHandlerMappingTests" time="0.001"/>
  <system-out><![CDATA[]]></system-out>
  <system-err><![CDATA[]]></system-err>
</testsuite>
