<?xml version="1.0" encoding="UTF-8"?>
<testsuite name="org.springframework.web.servlet.support.FlashMapManagerTests" tests="15" skipped="0" failures="0" errors="0" timestamp="2021-05-09T12:42:01" hostname="wangweilidembp" time="0.005">
  <properties/>
  <testcase name="flashAttributesWithQueryParamsWithSpace()" classname="org.springframework.web.servlet.support.FlashMapManagerTests" time="0.001"/>
  <testcase name="retrieveAndUpdateMatchWithTrailingSlash()" classname="org.springframework.web.servlet.support.FlashMapManagerTests" time="0.0"/>
  <testcase name="retrieveAndUpdateMatchByOriginatingPath()" classname="org.springframework.web.servlet.support.FlashMapManagerTests" time="0.0"/>
  <testcase name="saveOutputFlashMapNormalizeTargetPath()" classname="org.springframework.web.servlet.support.FlashMapManagerTests" time="0.0"/>
  <testcase name="saveOutputFlashMap()" classname="org.springframework.web.servlet.support.FlashMapManagerTests" time="0.0"/>
  <testcase name="retrieveAndUpdateRemoveExpired()" classname="org.springframework.web.servlet.support.FlashMapManagerTests" time="0.0"/>
  <testcase name="saveOutputFlashMapAndNormalizeEmptyTargetPath()" classname="org.springframework.web.servlet.support.FlashMapManagerTests" time="0.0"/>
  <testcase name="retrieveAndUpdateMatchByParams()" classname="org.springframework.web.servlet.support.FlashMapManagerTests" time="0.0"/>
  <testcase name="retrieveAndUpdateSortMultipleMatches()" classname="org.springframework.web.servlet.support.FlashMapManagerTests" time="0.0"/>
  <testcase name="retrieveAndUpdateMatchByOriginatingPathAndQueryString()" classname="org.springframework.web.servlet.support.FlashMapManagerTests" time="0.001"/>
  <testcase name="retrieveAndUpdateMatchByPath()" classname="org.springframework.web.servlet.support.FlashMapManagerTests" time="0.0"/>
  <testcase name="saveOutputFlashMapDecodeParameters()" classname="org.springframework.web.servlet.support.FlashMapManagerTests" time="0.0"/>
  <testcase name="saveOutputFlashMapDecodeTargetPath()" classname="org.springframework.web.servlet.support.FlashMapManagerTests" time="0.0"/>
  <testcase name="saveOutputFlashMapEmpty()" classname="org.springframework.web.servlet.support.FlashMapManagerTests" time="0.0"/>
  <testcase name="retrieveAndUpdateMatchWithMultiValueParam()" classname="org.springframework.web.servlet.support.FlashMapManagerTests" time="0.0"/>
  <system-out><![CDATA[]]></system-out>
  <system-err><![CDATA[]]></system-err>
</testsuite>
