<?xml version="1.0" encoding="UTF-8"?>
<testsuite name="org.springframework.web.servlet.mvc.WebContentInterceptorTests" tests="15" skipped="0" failures="0" errors="0" timestamp="2021-04-26T07:41:02" hostname="wangweilideMacBook-Pro.local" time="0.035">
  <properties/>
  <testcase name="[1] requestFactory=org.springframework.web.servlet.handler.PathPatternsTestUtils$$Lambda$643/0x0000000800612040@1af3fe5b" classname="org.springframework.web.servlet.mvc.WebContentInterceptorTests" time="0.003"/>
  <testcase name="[2] requestFactory=org.springframework.web.servlet.handler.PathPatternsTestUtils$$Lambda$644/0x0000000800612440@422a035d" classname="org.springframework.web.servlet.mvc.WebContentInterceptorTests" time="0.0"/>
  <testcase name="[1] requestFactory=org.springframework.web.servlet.handler.PathPatternsTestUtils$$Lambda$643/0x0000000800612040@2b51bddd" classname="org.springframework.web.servlet.mvc.WebContentInterceptorTests" time="0.001"/>
  <testcase name="[2] requestFactory=org.springframework.web.servlet.handler.PathPatternsTestUtils$$Lambda$644/0x0000000800612440@e0374ab" classname="org.springframework.web.servlet.mvc.WebContentInterceptorTests" time="0.001"/>
  <testcase name="[1] requestFactory=org.springframework.web.servlet.handler.PathPatternsTestUtils$$Lambda$643/0x0000000800612040@3195e086" classname="org.springframework.web.servlet.mvc.WebContentInterceptorTests" time="0.001"/>
  <testcase name="[2] requestFactory=org.springframework.web.servlet.handler.PathPatternsTestUtils$$Lambda$644/0x0000000800612440@e921a9b" classname="org.springframework.web.servlet.mvc.WebContentInterceptorTests" time="0.001"/>
  <testcase name="[1] requestFactory=org.springframework.web.servlet.handler.PathPatternsTestUtils$$Lambda$643/0x0000000800612040@14577976" classname="org.springframework.web.servlet.mvc.WebContentInterceptorTests" time="0.001"/>
  <testcase name="[2] requestFactory=org.springframework.web.servlet.handler.PathPatternsTestUtils$$Lambda$644/0x0000000800612440@6795f9b3" classname="org.springframework.web.servlet.mvc.WebContentInterceptorTests" time="0.001"/>
  <testcase name="[1] requestFactory=org.springframework.web.servlet.handler.PathPatternsTestUtils$$Lambda$643/0x0000000800612040@1dbc0fa6" classname="org.springframework.web.servlet.mvc.WebContentInterceptorTests" time="0.005"/>
  <testcase name="[2] requestFactory=org.springframework.web.servlet.handler.PathPatternsTestUtils$$Lambda$644/0x0000000800612440@3649848" classname="org.springframework.web.servlet.mvc.WebContentInterceptorTests" time="0.002"/>
  <testcase name="[1] requestFactory=org.springframework.web.servlet.handler.PathPatternsTestUtils$$Lambda$643/0x0000000800612040@2cd7cd9b" classname="org.springframework.web.servlet.mvc.WebContentInterceptorTests" time="0.001"/>
  <testcase name="[2] requestFactory=org.springframework.web.servlet.handler.PathPatternsTestUtils$$Lambda$644/0x0000000800612440@6447f1d3" classname="org.springframework.web.servlet.mvc.WebContentInterceptorTests" time="0.001"/>
  <testcase name="throwsExceptionWithNullPathMatcher()" classname="org.springframework.web.servlet.mvc.WebContentInterceptorTests" time="0.001"/>
  <testcase name="[1] requestFactory=org.springframework.web.servlet.handler.PathPatternsTestUtils$$Lambda$643/0x0000000800612040@3e7a7e6d" classname="org.springframework.web.servlet.mvc.WebContentInterceptorTests" time="0.0"/>
  <testcase name="[2] requestFactory=org.springframework.web.servlet.handler.PathPatternsTestUtils$$Lambda$644/0x0000000800612440@2c53c72c" classname="org.springframework.web.servlet.mvc.WebContentInterceptorTests" time="0.0"/>
  <system-out><![CDATA[]]></system-out>
  <system-err><![CDATA[]]></system-err>
</testsuite>
