<?xml version="1.0" encoding="UTF-8"?>
<testsuite name="org.springframework.web.servlet.mvc.method.annotation.RequestMappingHandlerMappingTests" tests="19" skipped="0" failures="0" errors="0" timestamp="2021-05-01T09:33:22" hostname="wangweilideMBP.lan" time="0.038">
  <properties/>
  <testcase name="getMappingOverridesConsumesFromTypeLevelAnnotation()" classname="org.springframework.web.servlet.mvc.method.annotation.RequestMappingHandlerMappingTests" time="0.001"/>
  <testcase name="patchMapping()" classname="org.springframework.web.servlet.mvc.method.annotation.RequestMappingHandlerMappingTests" time="0.002"/>
  <testcase name="[1] mapping=org.springframework.web.servlet.mvc.method.annotation.RequestMappingHandlerMapping@681bda14" classname="org.springframework.web.servlet.mvc.method.annotation.RequestMappingHandlerMappingTests" time="0.001"/>
  <testcase name="[2] mapping=org.springframework.web.servlet.mvc.method.annotation.RequestMappingHandlerMapping@1a4206d4" classname="org.springframework.web.servlet.mvc.method.annotation.RequestMappingHandlerMappingTests" time="0.0"/>
  <testcase name="[1] mapping=org.springframework.web.servlet.mvc.method.annotation.RequestMappingHandlerMapping@2a7c2d8e, wac=Root WebApplicationContext, started on Thu Jan 01 08:00:00 CST 1970" classname="org.springframework.web.servlet.mvc.method.annotation.RequestMappingHandlerMappingTests" time="0.005"/>
  <testcase name="[2] mapping=org.springframework.web.servlet.mvc.method.annotation.RequestMappingHandlerMapping@233a705f, wac=Root WebApplicationContext, started on Thu Jan 01 08:00:00 CST 1970" classname="org.springframework.web.servlet.mvc.method.annotation.RequestMappingHandlerMappingTests" time="0.003"/>
  <testcase name="[1] mapping=org.springframework.web.servlet.mvc.method.annotation.RequestMappingHandlerMapping@31f44838" classname="org.springframework.web.servlet.mvc.method.annotation.RequestMappingHandlerMappingTests" time="0.001"/>
  <testcase name="[2] mapping=org.springframework.web.servlet.mvc.method.annotation.RequestMappingHandlerMapping@6854951b" classname="org.springframework.web.servlet.mvc.method.annotation.RequestMappingHandlerMappingTests" time="0.001"/>
  <testcase name="useRegisteredSuffixPatternMatch()" classname="org.springframework.web.servlet.mvc.method.annotation.RequestMappingHandlerMappingTests" time="0.0"/>
  <testcase name="deleteMapping()" classname="org.springframework.web.servlet.mvc.method.annotation.RequestMappingHandlerMappingTests" time="0.0"/>
  <testcase name="[1] mapping=org.springframework.web.servlet.mvc.method.annotation.RequestMappingHandlerMapping@75447c54" classname="org.springframework.web.servlet.mvc.method.annotation.RequestMappingHandlerMappingTests" time="0.003"/>
  <testcase name="[2] mapping=org.springframework.web.servlet.mvc.method.annotation.RequestMappingHandlerMapping@2b4cb1c3" classname="org.springframework.web.servlet.mvc.method.annotation.RequestMappingHandlerMappingTests" time="0.001"/>
  <testcase name="useRegisteredSuffixPatternMatchInitialization()" classname="org.springframework.web.servlet.mvc.method.annotation.RequestMappingHandlerMappingTests" time="0.003"/>
  <testcase name="putMapping()" classname="org.springframework.web.servlet.mvc.method.annotation.RequestMappingHandlerMappingTests" time="0.001"/>
  <testcase name="[1] mapping=org.springframework.web.servlet.mvc.method.annotation.RequestMappingHandlerMapping@ad832af" classname="org.springframework.web.servlet.mvc.method.annotation.RequestMappingHandlerMappingTests" time="0.008"/>
  <testcase name="[2] mapping=org.springframework.web.servlet.mvc.method.annotation.RequestMappingHandlerMapping@12bb9086" classname="org.springframework.web.servlet.mvc.method.annotation.RequestMappingHandlerMappingTests" time="0.0"/>
  <testcase name="postMapping()" classname="org.springframework.web.servlet.mvc.method.annotation.RequestMappingHandlerMappingTests" time="0.0"/>
  <testcase name="getMapping()" classname="org.springframework.web.servlet.mvc.method.annotation.RequestMappingHandlerMappingTests" time="0.0"/>
  <testcase name="suffixPatternMatchSettings()" classname="org.springframework.web.servlet.mvc.method.annotation.RequestMappingHandlerMappingTests" time="0.0"/>
  <system-out><![CDATA[]]></system-out>
  <system-err><![CDATA[]]></system-err>
</testsuite>
