<?xml version="1.0" encoding="UTF-8"?>
<testsuite name="org.springframework.web.servlet.view.xml.MappingJackson2XmlViewTests" tests="10" skipped="0" failures="0" errors="0" timestamp="2021-05-01T09:33:59" hostname="wangweilideMBP.lan" time="0.224">
  <properties/>
  <testcase name="renderOnlySpecifiedModelKey()" classname="org.springframework.web.servlet.view.xml.MappingJackson2XmlViewTests" time="0.116"/>
  <testcase name="renderSimpleBean()" classname="org.springframework.web.servlet.view.xml.MappingJackson2XmlViewTests" time="0.048"/>
  <testcase name="renderModelWithMultipleKeys()" classname="org.springframework.web.servlet.view.xml.MappingJackson2XmlViewTests" time="0.001"/>
  <testcase name="renderSimpleBeanWithJsonView()" classname="org.springframework.web.servlet.view.xml.MappingJackson2XmlViewTests" time="0.002"/>
  <testcase name="renderCaching()" classname="org.springframework.web.servlet.view.xml.MappingJackson2XmlViewTests" time="0.0"/>
  <testcase name="isExposePathVars()" classname="org.springframework.web.servlet.view.xml.MappingJackson2XmlViewTests" time="0.0"/>
  <testcase name="renderWithSelectedContentType()" classname="org.springframework.web.servlet.view.xml.MappingJackson2XmlViewTests" time="0.001"/>
  <testcase name="renderSimpleMap()" classname="org.springframework.web.servlet.view.xml.MappingJackson2XmlViewTests" time="0.006"/>
  <testcase name="renderWithCustomSerializerLocatedByFactory()" classname="org.springframework.web.servlet.view.xml.MappingJackson2XmlViewTests" time="0.005"/>
  <testcase name="renderWithCustomSerializerLocatedByAnnotation()" classname="org.springframework.web.servlet.view.xml.MappingJackson2XmlViewTests" time="0.009"/>
  <system-out><![CDATA[]]></system-out>
  <system-err><![CDATA[]]></system-err>
</testsuite>
