<?xml version="1.0" encoding="UTF-8"?>
<testsuite name="org.springframework.web.servlet.config.annotation.ViewResolutionIntegrationTests" tests="7" skipped="0" failures="0" errors="0" timestamp="2021-05-09T12:41:50" hostname="wangweilidembp" time="3.238">
  <properties/>
  <testcase name="existingViewResolver()" classname="org.springframework.web.servlet.config.annotation.ViewResolutionIntegrationTests" time="0.699"/>
  <testcase name="freemarkerInvalidConfig()" classname="org.springframework.web.servlet.config.annotation.ViewResolutionIntegrationTests" time="0.088"/>
  <testcase name="freemarker()" classname="org.springframework.web.servlet.config.annotation.ViewResolutionIntegrationTests" time="0.074"/>
  <testcase name="tiles()" classname="org.springframework.web.servlet.config.annotation.ViewResolutionIntegrationTests" time="0.205"/>
  <testcase name="groovyMarkup()" classname="org.springframework.web.servlet.config.annotation.ViewResolutionIntegrationTests" time="2.064"/>
  <testcase name="tilesInvalidConfig()" classname="org.springframework.web.servlet.config.annotation.ViewResolutionIntegrationTests" time="0.054"/>
  <testcase name="groovyMarkupInvalidConfig()" classname="org.springframework.web.servlet.config.annotation.ViewResolutionIntegrationTests" time="0.052"/>
  <system-out><![CDATA[]]></system-out>
  <system-err><![CDATA[]]></system-err>
</testsuite>
