<?xml version="1.0" encoding="UTF-8"?>
<testsuite name="org.springframework.web.servlet.view.document.XlsViewTests" tests="3" skipped="0" failures="0" errors="0" timestamp="2021-05-01T09:33:43" hostname="wangweilideMBP.lan" time="3.138">
  <properties/>
  <testcase name="testXls()" classname="org.springframework.web.servlet.view.document.XlsViewTests" time="0.242"/>
  <testcase name="testXlsxView()" classname="org.springframework.web.servlet.view.document.XlsViewTests" time="0.678"/>
  <testcase name="testXlsxStreamingView()" classname="org.springframework.web.servlet.view.document.XlsViewTests" time="2.218"/>
  <system-out><![CDATA[]]></system-out>
  <system-err><![CDATA[]]></system-err>
</testsuite>
