<?xml version="1.0" encoding="UTF-8"?>
<testsuite name="org.springframework.web.servlet.mvc.ControllerTests" tests="6" skipped="0" failures="0" errors="0" timestamp="2021-05-09T12:41:26" hostname="wangweilidembp" time="0.124">
  <properties/>
  <testcase name="servletWrappingController()" classname="org.springframework.web.servlet.mvc.ControllerTests" time="0.003"/>
  <testcase name="parameterizableViewController()" classname="org.springframework.web.servlet.mvc.ControllerTests" time="0.001"/>
  <testcase name="servletWrappingControllerWithBeanName()" classname="org.springframework.web.servlet.mvc.ControllerTests" time="0.0"/>
  <testcase name="servletForwardingControllerWithInclude()" classname="org.springframework.web.servlet.mvc.ControllerTests" time="0.109"/>
  <testcase name="servletForwardingControllerWithBeanName()" classname="org.springframework.web.servlet.mvc.ControllerTests" time="0.006"/>
  <testcase name="servletForwardingController()" classname="org.springframework.web.servlet.mvc.ControllerTests" time="0.004"/>
  <system-out><![CDATA[]]></system-out>
  <system-err><![CDATA[]]></system-err>
</testsuite>
