<?xml version="1.0" encoding="UTF-8"?>
<testsuite name="org.springframework.web.servlet.view.xml.MappingJackson2XmlViewTests" tests="10" skipped="0" failures="0" errors="0" timestamp="2021-04-26T07:41:48" hostname="wangweilideMacBook-Pro.local" time="0.198">
  <properties/>
  <testcase name="renderOnlySpecifiedModelKey()" classname="org.springframework.web.servlet.view.xml.MappingJackson2XmlViewTests" time="0.094"/>
  <testcase name="renderSimpleBean()" classname="org.springframework.web.servlet.view.xml.MappingJackson2XmlViewTests" time="0.053"/>
  <testcase name="renderModelWithMultipleKeys()" classname="org.springframework.web.servlet.view.xml.MappingJackson2XmlViewTests" time="0.001"/>
  <testcase name="renderSimpleBeanWithJsonView()" classname="org.springframework.web.servlet.view.xml.MappingJackson2XmlViewTests" time="0.002"/>
  <testcase name="renderCaching()" classname="org.springframework.web.servlet.view.xml.MappingJackson2XmlViewTests" time="0.001"/>
  <testcase name="isExposePathVars()" classname="org.springframework.web.servlet.view.xml.MappingJackson2XmlViewTests" time="0.0"/>
  <testcase name="renderWithSelectedContentType()" classname="org.springframework.web.servlet.view.xml.MappingJackson2XmlViewTests" time="0.001"/>
  <testcase name="renderSimpleMap()" classname="org.springframework.web.servlet.view.xml.MappingJackson2XmlViewTests" time="0.005"/>
  <testcase name="renderWithCustomSerializerLocatedByFactory()" classname="org.springframework.web.servlet.view.xml.MappingJackson2XmlViewTests" time="0.006"/>
  <testcase name="renderWithCustomSerializerLocatedByAnnotation()" classname="org.springframework.web.servlet.view.xml.MappingJackson2XmlViewTests" time="0.008"/>
  <system-out><![CDATA[]]></system-out>
  <system-err><![CDATA[]]></system-err>
</testsuite>
