<?xml version="1.0" encoding="UTF-8"?>
<testsuite name="org.springframework.web.servlet.mvc.method.annotation.ResponseEntityExceptionHandlerTests" tests="21" skipped="0" failures="0" errors="0" timestamp="2021-05-01T09:33:24" hostname="wangweilideMBP.lan" time="0.16">
  <properties/>
  <testcase name="controllerAdviceWithNestedException()" classname="org.springframework.web.servlet.mvc.method.annotation.ResponseEntityExceptionHandlerTests" time="0.009"/>
  <testcase name="httpMessageNotWritable()" classname="org.springframework.web.servlet.mvc.method.annotation.ResponseEntityExceptionHandlerTests" time="0.0"/>
  <testcase name="noHandlerFoundException()" classname="org.springframework.web.servlet.mvc.method.annotation.ResponseEntityExceptionHandlerTests" time="0.001"/>
  <testcase name="bindException()" classname="org.springframework.web.servlet.mvc.method.annotation.ResponseEntityExceptionHandlerTests" time="0.0"/>
  <testcase name="httpRequestMethodNotSupported()" classname="org.springframework.web.servlet.mvc.method.annotation.ResponseEntityExceptionHandlerTests" time="0.001"/>
  <testcase name="missingServletRequestPart()" classname="org.springframework.web.servlet.mvc.method.annotation.ResponseEntityExceptionHandlerTests" time="0.0"/>
  <testcase name="httpMessageNotReadable()" classname="org.springframework.web.servlet.mvc.method.annotation.ResponseEntityExceptionHandlerTests" time="0.0"/>
  <testcase name="controllerAdvice()" classname="org.springframework.web.servlet.mvc.method.annotation.ResponseEntityExceptionHandlerTests" time="0.008"/>
  <testcase name="conversionNotSupported()" classname="org.springframework.web.servlet.mvc.method.annotation.ResponseEntityExceptionHandlerTests" time="0.0"/>
  <testcase name="typeMismatch()" classname="org.springframework.web.servlet.mvc.method.annotation.ResponseEntityExceptionHandlerTests" time="0.0"/>
  <testcase name="patchHttpMediaTypeNotSupported()" classname="org.springframework.web.servlet.mvc.method.annotation.ResponseEntityExceptionHandlerTests" time="0.001"/>
  <testcase name="supportsAllDefaultHandlerExceptionResolverExceptionTypes()" classname="org.springframework.web.servlet.mvc.method.annotation.ResponseEntityExceptionHandlerTests" time="0.001"/>
  <testcase name="missingPathVariable()" classname="org.springframework.web.servlet.mvc.method.annotation.ResponseEntityExceptionHandlerTests" time="0.0"/>
  <testcase name="servletRequestBindingException()" classname="org.springframework.web.servlet.mvc.method.annotation.ResponseEntityExceptionHandlerTests" time="0.0"/>
  <testcase name="controllerAdviceWithinDispatcherServlet()" classname="org.springframework.web.servlet.mvc.method.annotation.ResponseEntityExceptionHandlerTests" time="0.031"/>
  <testcase name="controllerAdviceWithNestedExceptionWithinDispatcherServlet()" classname="org.springframework.web.servlet.mvc.method.annotation.ResponseEntityExceptionHandlerTests" time="0.028"/>
  <testcase name="httpMediaTypeNotAcceptable()" classname="org.springframework.web.servlet.mvc.method.annotation.ResponseEntityExceptionHandlerTests" time="0.0"/>
  <testcase name="methodArgumentNotValid()" classname="org.springframework.web.servlet.mvc.method.annotation.ResponseEntityExceptionHandlerTests" time="0.075"/>
  <testcase name="asyncRequestTimeoutException()" classname="org.springframework.web.servlet.mvc.method.annotation.ResponseEntityExceptionHandlerTests" time="0.001"/>
  <testcase name="missingServletRequestParameter()" classname="org.springframework.web.servlet.mvc.method.annotation.ResponseEntityExceptionHandlerTests" time="0.0"/>
  <testcase name="handleHttpMediaTypeNotSupported()" classname="org.springframework.web.servlet.mvc.method.annotation.ResponseEntityExceptionHandlerTests" time="0.001"/>
  <system-out><![CDATA[17:33:24.019 [Test worker] WARN  o.s.w.s.m.s.DefaultHandlerExceptionResolver - Resolved [org.springframework.http.converter.HttpMessageNotWritableException: ]
17:33:24.020 [Test worker] WARN  o.s.w.s.PageNotFound - No handler found for GET /resource
17:33:24.020 [Test worker] WARN  o.s.w.s.m.s.DefaultHandlerExceptionResolver - Resolved [org.springframework.web.servlet.NoHandlerFoundException: No handler found for GET /resource]
17:33:24.020 [Test worker] WARN  o.s.w.s.m.s.DefaultHandlerExceptionResolver - Resolved [org.springframework.validation.BindException: org.springframework.validation.BeanPropertyBindingResult: 0 errors]
17:33:24.020 [Test worker] WARN  o.s.w.s.PageNotFound - Request method 'GET' not supported
17:33:24.021 [Test worker] WARN  o.s.w.s.m.s.DefaultHandlerExceptionResolver - Resolved [org.springframework.web.HttpRequestMethodNotSupportedException: Request method 'GET' not supported]
17:33:24.021 [Test worker] WARN  o.s.w.s.m.s.DefaultHandlerExceptionResolver - Resolved [org.springframework.web.multipart.support.MissingServletRequestPartException: Required request part 'partName' is not present]
17:33:24.021 [Test worker] WARN  o.s.w.s.m.s.DefaultHandlerExceptionResolver - Resolved [org.springframework.http.converter.HttpMessageNotReadableException: message]
17:33:24.030 [Test worker] WARN  o.s.w.s.m.s.DefaultHandlerExceptionResolver - Resolved [org.springframework.beans.ConversionNotSupportedException: Failed to convert value of type 'java.lang.Object' to required type 'java.lang.Object']
17:33:24.030 [Test worker] WARN  o.s.w.s.m.s.DefaultHandlerExceptionResolver - Resolved [org.springframework.beans.TypeMismatchException: Failed to convert value of type 'java.lang.String' to required type 'java.lang.String']
17:33:24.031 [Test worker] WARN  o.s.w.s.m.s.DefaultHandlerExceptionResolver - Resolved [org.springframework.web.HttpMediaTypeNotSupportedException: Content type 'application/json' not supported]
17:33:24.032 [Test worker] WARN  o.s.w.s.m.s.DefaultHandlerExceptionResolver - Resolved [org.springframework.web.bind.MissingPathVariableException: Required URI template variable 'param' for method parameter type String is not present]
17:33:24.033 [Test worker] WARN  o.s.w.s.m.s.DefaultHandlerExceptionResolver - Resolved [org.springframework.web.bind.ServletRequestBindingException: message]
17:33:24.093 [Test worker] WARN  o.s.w.s.m.s.DefaultHandlerExceptionResolver - Resolved [org.springframework.web.HttpMediaTypeNotAcceptableException: ]
17:33:24.168 [Test worker] WARN  o.s.w.s.m.s.DefaultHandlerExceptionResolver - Resolved [Mock for MethodArgumentNotValidException, hashCode: 1429012235]
17:33:24.169 [Test worker] WARN  o.s.w.s.m.s.DefaultHandlerExceptionResolver - Resolved [org.springframework.web.context.request.async.AsyncRequestTimeoutException]
17:33:24.169 [Test worker] WARN  o.s.w.s.m.s.DefaultHandlerExceptionResolver - Resolved [org.springframework.web.bind.MissingServletRequestParameterException: Required request parameter 'param' for method parameter type type is not present]
17:33:24.170 [Test worker] WARN  o.s.w.s.m.s.DefaultHandlerExceptionResolver - Resolved [org.springframework.web.HttpMediaTypeNotSupportedException: Content type 'application/json' not supported]
]]></system-out>
  <system-err><![CDATA[]]></system-err>
</testsuite>
