<?xml version="1.0" encoding="UTF-8"?>
<testsuite name="org.springframework.web.servlet.resource.ResourceHttpRequestHandlerTests" tests="40" skipped="0" failures="0" errors="0" timestamp="2021-04-26T07:41:53" hostname="wangweilideMacBook-Pro.local" time="0.126">
  <properties/>
  <testcase name="partialContentWithHttpHead()" classname="org.springframework.web.servlet.resource.ResourceHttpRequestHandlerTests" time="0.002"/>
  <testcase name="getResourceNoCache()" classname="org.springframework.web.servlet.resource.ResourceHttpRequestHandlerTests" time="0.002"/>
  <testcase name="getResourceFromAlternatePath()" classname="org.springframework.web.servlet.resource.ResourceHttpRequestHandlerTests" time="0.003"/>
  <testcase name="servletContextRootValidation()" classname="org.springframework.web.servlet.resource.ResourceHttpRequestHandlerTests" time="0.004"/>
  <testcase name="missingResourcePath()" classname="org.springframework.web.servlet.resource.ResourceHttpRequestHandlerTests" time="0.0"/>
  <testcase name="ignoreInvalidEscapeSequence()" classname="org.springframework.web.servlet.resource.ResourceHttpRequestHandlerTests" time="0.002"/>
  <testcase name="partialContentMultipleByteRanges()" classname="org.springframework.web.servlet.resource.ResourceHttpRequestHandlerTests" time="0.004"/>
  <testcase name="getResourceWithMediaTypeResolvedThroughServletContext()" classname="org.springframework.web.servlet.resource.ResourceHttpRequestHandlerTests" time="0.002"/>
  <testcase name="testInvalidPath()" classname="org.springframework.web.servlet.resource.ResourceHttpRequestHandlerTests" time="0.005"/>
  <testcase name="partialContentByteRange()" classname="org.springframework.web.servlet.resource.ResourceHttpRequestHandlerTests" time="0.001"/>
  <testcase name="getResourceFromSubDirectoryOfAlternatePath()" classname="org.springframework.web.servlet.resource.ResourceHttpRequestHandlerTests" time="0.003"/>
  <testcase name="getResourceHttpOptions()" classname="org.springframework.web.servlet.resource.ResourceHttpRequestHandlerTests" time="0.001"/>
  <testcase name="directory()" classname="org.springframework.web.servlet.resource.ResourceHttpRequestHandlerTests" time="0.001"/>
  <testcase name="modified()" classname="org.springframework.web.servlet.resource.ResourceHttpRequestHandlerTests" time="0.001"/>
  <testcase name="partialContentByteRangeNoEnd()" classname="org.springframework.web.servlet.resource.ResourceHttpRequestHandlerTests" time="0.001"/>
  <testcase name="resourceNotFound()" classname="org.springframework.web.servlet.resource.ResourceHttpRequestHandlerTests" time="0.008"/>
  <testcase name="unsupportedHttpMethod()" classname="org.springframework.web.servlet.resource.ResourceHttpRequestHandlerTests" time="0.001"/>
  <testcase name="notModified()" classname="org.springframework.web.servlet.resource.ResourceHttpRequestHandlerTests" time="0.001"/>
  <testcase name="processPath()" classname="org.springframework.web.servlet.resource.ResourceHttpRequestHandlerTests" time="0.0"/>
  <testcase name="partialContentSuffixRange()" classname="org.springframework.web.servlet.resource.ResourceHttpRequestHandlerTests" time="0.002"/>
  <testcase name="doOverwriteExistingCacheControlHeaders()" classname="org.springframework.web.servlet.resource.ResourceHttpRequestHandlerTests" time="0.001"/>
  <testcase name="ignoreLastModified()" classname="org.springframework.web.servlet.resource.ResourceHttpRequestHandlerTests" time="0.001"/>
  <testcase name="getResourceWithHtmlMediaType()" classname="org.springframework.web.servlet.resource.ResourceHttpRequestHandlerTests" time="0.002"/>
  <testcase name="partialContentInvalidRangeHeader()" classname="org.springframework.web.servlet.resource.ResourceHttpRequestHandlerTests" time="0.002"/>
  <testcase name="directoryInJarFile()" classname="org.springframework.web.servlet.resource.ResourceHttpRequestHandlerTests" time="0.002"/>
  <testcase name="initAllowedLocationsWithExplicitConfiguration()" classname="org.springframework.web.servlet.resource.ResourceHttpRequestHandlerTests" time="0.0"/>
  <testcase name="resolvePathWithTraversal()" classname="org.springframework.web.servlet.resource.ResourceHttpRequestHandlerTests" time="0.042"/>
  <testcase name="getMediaTypeWithFavorPathExtensionOff()" classname="org.springframework.web.servlet.resource.ResourceHttpRequestHandlerTests" time="0.001"/>
  <testcase name="getResourceHttp10BehaviorNoCache()" classname="org.springframework.web.servlet.resource.ResourceHttpRequestHandlerTests" time="0.002"/>
  <testcase name="partialContentSuffixRangeLargeSuffix()" classname="org.springframework.web.servlet.resource.ResourceHttpRequestHandlerTests" time="0.001"/>
  <testcase name="noPathWithinHandlerMappingAttribute()" classname="org.springframework.web.servlet.resource.ResourceHttpRequestHandlerTests" time="0.0"/>
  <testcase name="partialContentByteRangeLargeEnd()" classname="org.springframework.web.servlet.resource.ResourceHttpRequestHandlerTests" time="0.002"/>
  <testcase name="getResourceFromSubDirectory()" classname="org.springframework.web.servlet.resource.ResourceHttpRequestHandlerTests" time="0.002"/>
  <testcase name="getVersionedResource()" classname="org.springframework.web.servlet.resource.ResourceHttpRequestHandlerTests" time="0.004"/>
  <testcase name="initAllowedLocations()" classname="org.springframework.web.servlet.resource.ResourceHttpRequestHandlerTests" time="0.001"/>
  <testcase name="getResource()" classname="org.springframework.web.servlet.resource.ResourceHttpRequestHandlerTests" time="0.002"/>
  <testcase name="getResourceWithRegisteredMediaType()" classname="org.springframework.web.servlet.resource.ResourceHttpRequestHandlerTests" time="0.002"/>
  <testcase name="getResourceHttp10BehaviorCache()" classname="org.springframework.web.servlet.resource.ResourceHttpRequestHandlerTests" time="0.002"/>
  <testcase name="partialContentByteRangeWithEncodedResource(GzippedFiles)" classname="org.springframework.web.servlet.resource.ResourceHttpRequestHandlerTests" time="0.003"/>
  <testcase name="getResourceHttpHeader()" classname="org.springframework.web.servlet.resource.ResourceHttpRequestHandlerTests" time="0.001"/>
  <system-out><![CDATA[15:41:53.529 [Test worker] WARN  o.s.w.s.r.ResourceHttpRequestHandler - Path contains "../" after call to StringUtils#cleanPath: [../testsecret/secret.txt]
15:41:53.529 [Test worker] WARN  o.s.w.s.r.ResourceHttpRequestHandler - Path contains "../" after call to StringUtils#cleanPath: [test/../../testsecret/secret.txt]
15:41:53.529 [Test worker] WARN  o.s.w.s.r.ResourceHttpRequestHandler - Path contains "../" after call to StringUtils#cleanPath: [:/../../testsecret/secret.txt]
15:41:53.530 [Test worker] WARN  o.s.w.s.r.ResourceHttpRequestHandler - Path represents URL or has "url:" prefix: [file:/Users/wangweili/Documents/MyDesign/learning/msb-source/msb-spring/spring-webmvc/build/resources/test/org/springframework/web/servlet/resource/testsecret/secret.txt]
15:41:53.530 [Test worker] WARN  o.s.w.s.r.ResourceHttpRequestHandler - Path represents URL or has "url:" prefix: [/file:/Users/wangweili/Documents/MyDesign/learning/msb-source/msb-spring/spring-webmvc/build/resources/test/org/springframework/web/servlet/resource/testsecret/secret.txt]
15:41:53.530 [Test worker] WARN  o.s.w.s.r.ResourceHttpRequestHandler - Path represents URL or has "url:" prefix: [url:/Users/wangweili/Documents/MyDesign/learning/msb-source/msb-spring/spring-webmvc/build/resources/test/org/springframework/web/servlet/resource/testsecret/secret.txt]
15:41:53.530 [Test worker] WARN  o.s.w.s.r.ResourceHttpRequestHandler - Path represents URL or has "url:" prefix: [/url:/Users/wangweili/Documents/MyDesign/learning/msb-source/msb-spring/spring-webmvc/build/resources/test/org/springframework/web/servlet/resource/testsecret/secret.txt]
15:41:53.530 [Test worker] WARN  o.s.w.s.r.ResourceHttpRequestHandler - Path contains "../" after call to StringUtils#cleanPath: [/../../Users/wangweili/Documents/MyDesign/learning/msb-source/msb-spring/spring-webmvc/build/resources/test/org/springframework/web/servlet/resource/testsecret/secret.txt]
15:41:53.531 [Test worker] WARN  o.s.w.s.r.ResourceHttpRequestHandler - Path contains "../" after call to StringUtils#cleanPath: [/../testsecret/secret.txt]
15:41:53.531 [Test worker] WARN  o.s.w.s.r.ResourceHttpRequestHandler - Path contains "../" after call to StringUtils#cleanPath: [/../testsecret/secret.txt]
15:41:53.531 [Test worker] WARN  o.s.w.s.r.ResourceHttpRequestHandler - Path contains "../" after call to StringUtils#cleanPath: [/../../Users/wangweili/Documents/MyDesign/learning/msb-source/msb-spring/spring-webmvc/build/resources/test/org/springframework/web/servlet/resource/testsecret/secret.txt]
15:41:53.564 [Test worker] WARN  o.s.w.s.r.ResourceHttpRequestHandler - Path contains "../" after call to StringUtils#cleanPath: [../testsecret/secret.txt]
15:41:53.564 [Test worker] WARN  o.s.w.s.r.ResourceHttpRequestHandler - Path contains "../" after call to StringUtils#cleanPath: [test/../../testsecret/secret.txt]
15:41:53.565 [Test worker] WARN  o.s.w.s.r.ResourceHttpRequestHandler - Path contains "../" after call to StringUtils#cleanPath: [:/../../testsecret/secret.txt]
15:41:53.565 [Test worker] WARN  o.s.w.s.r.ResourceHttpRequestHandler - Path represents URL or has "url:" prefix: [file:/Users/wangweili/Documents/MyDesign/learning/msb-source/msb-spring/spring-webmvc/build/resources/test/org/springframework/web/servlet/resource/testsecret/secret.txt]
15:41:53.566 [Test worker] WARN  o.s.w.s.r.ResourceHttpRequestHandler - Path represents URL or has "url:" prefix: [/file:/Users/wangweili/Documents/MyDesign/learning/msb-source/msb-spring/spring-webmvc/build/resources/test/org/springframework/web/servlet/resource/testsecret/secret.txt]
15:41:53.566 [Test worker] WARN  o.s.w.s.r.ResourceHttpRequestHandler - Path represents URL or has "url:" prefix: [url:/Users/wangweili/Documents/MyDesign/learning/msb-source/msb-spring/spring-webmvc/build/resources/test/org/springframework/web/servlet/resource/testsecret/secret.txt]
15:41:53.566 [Test worker] WARN  o.s.w.s.r.ResourceHttpRequestHandler - Path represents URL or has "url:" prefix: [/url:/Users/wangweili/Documents/MyDesign/learning/msb-source/msb-spring/spring-webmvc/build/resources/test/org/springframework/web/servlet/resource/testsecret/secret.txt]
15:41:53.568 [Test worker] WARN  o.s.w.s.r.ResourceHttpRequestHandler - Path contains "../" after call to StringUtils#cleanPath: [/../../Users/wangweili/Documents/MyDesign/learning/msb-source/msb-spring/spring-webmvc/build/resources/test/org/springframework/web/servlet/resource/testsecret/secret.txt]
15:41:53.568 [Test worker] WARN  o.s.w.s.r.ResourceHttpRequestHandler - Path contains "../" after call to StringUtils#cleanPath: [/../testsecret/secret.txt]
15:41:53.569 [Test worker] WARN  o.s.w.s.r.ResourceHttpRequestHandler - Path contains "../" after call to StringUtils#cleanPath: [/../testsecret/secret.txt]
15:41:53.570 [Test worker] WARN  o.s.w.s.r.ResourceHttpRequestHandler - Path contains "../" after call to StringUtils#cleanPath: [../testsecret/secret.txt]
15:41:53.570 [Test worker] WARN  o.s.w.s.r.ResourceHttpRequestHandler - Path contains "../" after call to StringUtils#cleanPath: [test/../../testsecret/secret.txt]
15:41:53.571 [Test worker] WARN  o.s.w.s.r.ResourceHttpRequestHandler - Path contains "../" after call to StringUtils#cleanPath: [:/../../testsecret/secret.txt]
15:41:53.571 [Test worker] WARN  o.s.w.s.r.ResourceHttpRequestHandler - Path represents URL or has "url:" prefix: [file:/Users/wangweili/Documents/MyDesign/learning/msb-source/msb-spring/spring-webmvc/build/resources/test/org/springframework/web/servlet/resource/testsecret/secret.txt]
15:41:53.571 [Test worker] WARN  o.s.w.s.r.ResourceHttpRequestHandler - Path represents URL or has "url:" prefix: [/file:/Users/wangweili/Documents/MyDesign/learning/msb-source/msb-spring/spring-webmvc/build/resources/test/org/springframework/web/servlet/resource/testsecret/secret.txt]
15:41:53.572 [Test worker] WARN  o.s.w.s.r.ResourceHttpRequestHandler - Path represents URL or has "url:" prefix: [url:/Users/wangweili/Documents/MyDesign/learning/msb-source/msb-spring/spring-webmvc/build/resources/test/org/springframework/web/servlet/resource/testsecret/secret.txt]
15:41:53.572 [Test worker] WARN  o.s.w.s.r.ResourceHttpRequestHandler - Path represents URL or has "url:" prefix: [/url:/Users/wangweili/Documents/MyDesign/learning/msb-source/msb-spring/spring-webmvc/build/resources/test/org/springframework/web/servlet/resource/testsecret/secret.txt]
15:41:53.574 [Test worker] WARN  o.s.w.s.r.ResourceHttpRequestHandler - Path contains "../" after call to StringUtils#cleanPath: [/../../Users/wangweili/Documents/MyDesign/learning/msb-source/msb-spring/spring-webmvc/build/resources/test/org/springframework/web/servlet/resource/testsecret/secret.txt]
15:41:53.574 [Test worker] WARN  o.s.w.s.r.ResourceHttpRequestHandler - Path contains "../" after call to StringUtils#cleanPath: [/../testsecret/secret.txt]
15:41:53.574 [Test worker] WARN  o.s.w.s.r.ResourceHttpRequestHandler - Path contains "../" after call to StringUtils#cleanPath: [/../testsecret/secret.txt]
15:41:53.576 [Test worker] WARN  o.s.w.s.r.ResourceHttpRequestHandler - Path contains "../" after call to StringUtils#cleanPath: [../testsecret/secret.txt]
15:41:53.576 [Test worker] WARN  o.s.w.s.r.ResourceHttpRequestHandler - Path contains "../" after call to StringUtils#cleanPath: [test/../../testsecret/secret.txt]
15:41:53.576 [Test worker] WARN  o.s.w.s.r.ResourceHttpRequestHandler - Path contains "../" after call to StringUtils#cleanPath: [:/../../testsecret/secret.txt]
15:41:53.577 [Test worker] WARN  o.s.w.s.r.ResourceHttpRequestHandler - Path represents URL or has "url:" prefix: [file:/Users/wangweili/Documents/MyDesign/learning/msb-source/msb-spring/spring-webmvc/build/resources/test/org/springframework/web/servlet/resource/testsecret/secret.txt]
15:41:53.578 [Test worker] WARN  o.s.w.s.r.ResourceHttpRequestHandler - Path represents URL or has "url:" prefix: [/file:/Users/wangweili/Documents/MyDesign/learning/msb-source/msb-spring/spring-webmvc/build/resources/test/org/springframework/web/servlet/resource/testsecret/secret.txt]
15:41:53.578 [Test worker] WARN  o.s.w.s.r.ResourceHttpRequestHandler - Path represents URL or has "url:" prefix: [url:/Users/wangweili/Documents/MyDesign/learning/msb-source/msb-spring/spring-webmvc/build/resources/test/org/springframework/web/servlet/resource/testsecret/secret.txt]
15:41:53.578 [Test worker] WARN  o.s.w.s.r.ResourceHttpRequestHandler - Path represents URL or has "url:" prefix: [/url:/Users/wangweili/Documents/MyDesign/learning/msb-source/msb-spring/spring-webmvc/build/resources/test/org/springframework/web/servlet/resource/testsecret/secret.txt]
15:41:53.580 [Test worker] WARN  o.s.w.s.r.ResourceHttpRequestHandler - Path contains "../" after call to StringUtils#cleanPath: [/../../Users/wangweili/Documents/MyDesign/learning/msb-source/msb-spring/spring-webmvc/build/resources/test/org/springframework/web/servlet/resource/testsecret/secret.txt]
15:41:53.580 [Test worker] WARN  o.s.w.s.r.ResourceHttpRequestHandler - Path contains "../" after call to StringUtils#cleanPath: [/../testsecret/secret.txt]
15:41:53.581 [Test worker] WARN  o.s.w.s.r.ResourceHttpRequestHandler - Path contains "../" after call to StringUtils#cleanPath: [/../testsecret/secret.txt]
15:41:53.582 [Test worker] WARN  o.s.w.s.r.ResourceHttpRequestHandler - Path contains "../" after call to StringUtils#cleanPath: [../testsecret/secret.txt]
15:41:53.582 [Test worker] WARN  o.s.w.s.r.ResourceHttpRequestHandler - Path contains "../" after call to StringUtils#cleanPath: [test/../../testsecret/secret.txt]
15:41:53.583 [Test worker] WARN  o.s.w.s.r.ResourceHttpRequestHandler - Path contains "../" after call to StringUtils#cleanPath: [:/../../testsecret/secret.txt]
15:41:53.583 [Test worker] WARN  o.s.w.s.r.ResourceHttpRequestHandler - Path represents URL or has "url:" prefix: [file:/Users/wangweili/Documents/MyDesign/learning/msb-source/msb-spring/spring-webmvc/build/resources/test/org/springframework/web/servlet/resource/testsecret/secret.txt]
15:41:53.583 [Test worker] WARN  o.s.w.s.r.ResourceHttpRequestHandler - Path represents URL or has "url:" prefix: [/file:/Users/wangweili/Documents/MyDesign/learning/msb-source/msb-spring/spring-webmvc/build/resources/test/org/springframework/web/servlet/resource/testsecret/secret.txt]
15:41:53.583 [Test worker] WARN  o.s.w.s.r.ResourceHttpRequestHandler - Path represents URL or has "url:" prefix: [url:/Users/wangweili/Documents/MyDesign/learning/msb-source/msb-spring/spring-webmvc/build/resources/test/org/springframework/web/servlet/resource/testsecret/secret.txt]
15:41:53.584 [Test worker] WARN  o.s.w.s.r.ResourceHttpRequestHandler - Path represents URL or has "url:" prefix: [/url:/Users/wangweili/Documents/MyDesign/learning/msb-source/msb-spring/spring-webmvc/build/resources/test/org/springframework/web/servlet/resource/testsecret/secret.txt]
15:41:53.585 [Test worker] WARN  o.s.w.s.r.ResourceHttpRequestHandler - Path contains "../" after call to StringUtils#cleanPath: [/../../Users/wangweili/Documents/MyDesign/learning/msb-source/msb-spring/spring-webmvc/build/resources/test/org/springframework/web/servlet/resource/testsecret/secret.txt]
15:41:53.585 [Test worker] WARN  o.s.w.s.r.ResourceHttpRequestHandler - Path contains "../" after call to StringUtils#cleanPath: [/../testsecret/secret.txt]
15:41:53.585 [Test worker] WARN  o.s.w.s.r.ResourceHttpRequestHandler - Path contains "../" after call to StringUtils#cleanPath: [/../testsecret/secret.txt]
15:41:53.587 [Test worker] WARN  o.s.w.s.r.ResourceHttpRequestHandler - Path contains "../" after call to StringUtils#cleanPath: [../testsecret/secret.txt]
15:41:53.587 [Test worker] WARN  o.s.w.s.r.ResourceHttpRequestHandler - Path contains "../" after call to StringUtils#cleanPath: [test/../../testsecret/secret.txt]
15:41:53.587 [Test worker] WARN  o.s.w.s.r.ResourceHttpRequestHandler - Path contains "../" after call to StringUtils#cleanPath: [:/../../testsecret/secret.txt]
15:41:53.588 [Test worker] WARN  o.s.w.s.r.ResourceHttpRequestHandler - Path represents URL or has "url:" prefix: [file:/Users/wangweili/Documents/MyDesign/learning/msb-source/msb-spring/spring-webmvc/build/resources/test/org/springframework/web/servlet/resource/testsecret/secret.txt]
15:41:53.588 [Test worker] WARN  o.s.w.s.r.ResourceHttpRequestHandler - Path represents URL or has "url:" prefix: [/file:/Users/wangweili/Documents/MyDesign/learning/msb-source/msb-spring/spring-webmvc/build/resources/test/org/springframework/web/servlet/resource/testsecret/secret.txt]
15:41:53.588 [Test worker] WARN  o.s.w.s.r.ResourceHttpRequestHandler - Path represents URL or has "url:" prefix: [url:/Users/wangweili/Documents/MyDesign/learning/msb-source/msb-spring/spring-webmvc/build/resources/test/org/springframework/web/servlet/resource/testsecret/secret.txt]
15:41:53.588 [Test worker] WARN  o.s.w.s.r.ResourceHttpRequestHandler - Path represents URL or has "url:" prefix: [/url:/Users/wangweili/Documents/MyDesign/learning/msb-source/msb-spring/spring-webmvc/build/resources/test/org/springframework/web/servlet/resource/testsecret/secret.txt]
15:41:53.590 [Test worker] WARN  o.s.w.s.r.ResourceHttpRequestHandler - Path contains "../" after call to StringUtils#cleanPath: [/../../Users/wangweili/Documents/MyDesign/learning/msb-source/msb-spring/spring-webmvc/build/resources/test/org/springframework/web/servlet/resource/testsecret/secret.txt]
15:41:53.590 [Test worker] WARN  o.s.w.s.r.ResourceHttpRequestHandler - Path contains "../" after call to StringUtils#cleanPath: [/../testsecret/secret.txt]
15:41:53.590 [Test worker] WARN  o.s.w.s.r.ResourceHttpRequestHandler - Path contains "../" after call to StringUtils#cleanPath: [/../testsecret/secret.txt]
15:41:53.592 [Test worker] WARN  o.s.w.s.r.ResourceHttpRequestHandler - Path contains "../" after call to StringUtils#cleanPath: [../testsecret/secret.txt]
15:41:53.592 [Test worker] WARN  o.s.w.s.r.ResourceHttpRequestHandler - Path contains "../" after call to StringUtils#cleanPath: [test/../../testsecret/secret.txt]
15:41:53.592 [Test worker] WARN  o.s.w.s.r.ResourceHttpRequestHandler - Path contains "../" after call to StringUtils#cleanPath: [:/../../testsecret/secret.txt]
15:41:53.593 [Test worker] WARN  o.s.w.s.r.ResourceHttpRequestHandler - Path represents URL or has "url:" prefix: [file:/Users/wangweili/Documents/MyDesign/learning/msb-source/msb-spring/spring-webmvc/build/resources/test/org/springframework/web/servlet/resource/testsecret/secret.txt]
15:41:53.593 [Test worker] WARN  o.s.w.s.r.ResourceHttpRequestHandler - Path represents URL or has "url:" prefix: [/file:/Users/wangweili/Documents/MyDesign/learning/msb-source/msb-spring/spring-webmvc/build/resources/test/org/springframework/web/servlet/resource/testsecret/secret.txt]
15:41:53.593 [Test worker] WARN  o.s.w.s.r.ResourceHttpRequestHandler - Path represents URL or has "url:" prefix: [url:/Users/wangweili/Documents/MyDesign/learning/msb-source/msb-spring/spring-webmvc/build/resources/test/org/springframework/web/servlet/resource/testsecret/secret.txt]
15:41:53.593 [Test worker] WARN  o.s.w.s.r.ResourceHttpRequestHandler - Path represents URL or has "url:" prefix: [/url:/Users/wangweili/Documents/MyDesign/learning/msb-source/msb-spring/spring-webmvc/build/resources/test/org/springframework/web/servlet/resource/testsecret/secret.txt]
15:41:53.594 [Test worker] WARN  o.s.w.s.r.ResourceHttpRequestHandler - Path contains "../" after call to StringUtils#cleanPath: [/../../Users/wangweili/Documents/MyDesign/learning/msb-source/msb-spring/spring-webmvc/build/resources/test/org/springframework/web/servlet/resource/testsecret/secret.txt]
15:41:53.595 [Test worker] WARN  o.s.w.s.r.ResourceHttpRequestHandler - Path contains "../" after call to StringUtils#cleanPath: [/../testsecret/secret.txt]
15:41:53.595 [Test worker] WARN  o.s.w.s.r.ResourceHttpRequestHandler - Path contains "../" after call to StringUtils#cleanPath: [/../testsecret/secret.txt]
15:41:53.596 [Test worker] WARN  o.s.w.s.r.ResourceHttpRequestHandler - Path contains "../" after call to StringUtils#cleanPath: [../testsecret/secret.txt]
15:41:53.596 [Test worker] WARN  o.s.w.s.r.ResourceHttpRequestHandler - Path contains "../" after call to StringUtils#cleanPath: [test/../../testsecret/secret.txt]
15:41:53.596 [Test worker] WARN  o.s.w.s.r.ResourceHttpRequestHandler - Path contains "../" after call to StringUtils#cleanPath: [:/../../testsecret/secret.txt]
15:41:53.596 [Test worker] WARN  o.s.w.s.r.ResourceHttpRequestHandler - Path represents URL or has "url:" prefix: [file:/Users/wangweili/Documents/MyDesign/learning/msb-source/msb-spring/spring-webmvc/build/resources/test/org/springframework/web/servlet/resource/testsecret/secret.txt]
15:41:53.596 [Test worker] WARN  o.s.w.s.r.ResourceHttpRequestHandler - Path represents URL or has "url:" prefix: [/file:/Users/wangweili/Documents/MyDesign/learning/msb-source/msb-spring/spring-webmvc/build/resources/test/org/springframework/web/servlet/resource/testsecret/secret.txt]
15:41:53.597 [Test worker] WARN  o.s.w.s.r.ResourceHttpRequestHandler - Path represents URL or has "url:" prefix: [url:/Users/wangweili/Documents/MyDesign/learning/msb-source/msb-spring/spring-webmvc/build/resources/test/org/springframework/web/servlet/resource/testsecret/secret.txt]
15:41:53.597 [Test worker] WARN  o.s.w.s.r.ResourceHttpRequestHandler - Path represents URL or has "url:" prefix: [/url:/Users/wangweili/Documents/MyDesign/learning/msb-source/msb-spring/spring-webmvc/build/resources/test/org/springframework/web/servlet/resource/testsecret/secret.txt]
15:41:53.598 [Test worker] WARN  o.s.w.s.r.ResourceHttpRequestHandler - Path contains "../" after call to StringUtils#cleanPath: [/../../Users/wangweili/Documents/MyDesign/learning/msb-source/msb-spring/spring-webmvc/build/resources/test/org/springframework/web/servlet/resource/testsecret/secret.txt]
15:41:53.599 [Test worker] WARN  o.s.w.s.r.ResourceHttpRequestHandler - Path contains "../" after call to StringUtils#cleanPath: [/../testsecret/secret.txt]
15:41:53.599 [Test worker] WARN  o.s.w.s.r.ResourceHttpRequestHandler - Path contains "../" after call to StringUtils#cleanPath: [/../testsecret/secret.txt]
15:41:53.600 [Test worker] WARN  o.s.w.s.r.ResourceHttpRequestHandler - Path contains "../" after call to StringUtils#cleanPath: [../testsecret/secret.txt]
15:41:53.600 [Test worker] WARN  o.s.w.s.r.ResourceHttpRequestHandler - Path contains "../" after call to StringUtils#cleanPath: [test/../../testsecret/secret.txt]
15:41:53.602 [Test worker] WARN  o.s.w.s.r.ResourceHttpRequestHandler - Path contains "../" after call to StringUtils#cleanPath: [:/../../testsecret/secret.txt]
15:41:53.602 [Test worker] WARN  o.s.w.s.r.ResourceHttpRequestHandler - Path represents URL or has "url:" prefix: [file:/Users/wangweili/Documents/MyDesign/learning/msb-source/msb-spring/spring-webmvc/build/resources/test/org/springframework/web/servlet/resource/testsecret/secret.txt]
15:41:53.602 [Test worker] WARN  o.s.w.s.r.ResourceHttpRequestHandler - Path represents URL or has "url:" prefix: [/file:/Users/wangweili/Documents/MyDesign/learning/msb-source/msb-spring/spring-webmvc/build/resources/test/org/springframework/web/servlet/resource/testsecret/secret.txt]
15:41:53.603 [Test worker] WARN  o.s.w.s.r.ResourceHttpRequestHandler - Path represents URL or has "url:" prefix: [url:/Users/wangweili/Documents/MyDesign/learning/msb-source/msb-spring/spring-webmvc/build/resources/test/org/springframework/web/servlet/resource/testsecret/secret.txt]
15:41:53.603 [Test worker] WARN  o.s.w.s.r.ResourceHttpRequestHandler - Path represents URL or has "url:" prefix: [/url:/Users/wangweili/Documents/MyDesign/learning/msb-source/msb-spring/spring-webmvc/build/resources/test/org/springframework/web/servlet/resource/testsecret/secret.txt]
15:41:53.604 [Test worker] WARN  o.s.w.s.r.ResourceHttpRequestHandler - Path contains "../" after call to StringUtils#cleanPath: [/../../Users/wangweili/Documents/MyDesign/learning/msb-source/msb-spring/spring-webmvc/build/resources/test/org/springframework/web/servlet/resource/testsecret/secret.txt]
15:41:53.604 [Test worker] WARN  o.s.w.s.r.ResourceHttpRequestHandler - Path contains "../" after call to StringUtils#cleanPath: [/../testsecret/secret.txt]
15:41:53.604 [Test worker] WARN  o.s.w.s.r.ResourceHttpRequestHandler - Path contains "../" after call to StringUtils#cleanPath: [/../testsecret/secret.txt]
]]></system-out>
  <system-err><![CDATA[]]></system-err>
</testsuite>
