<?xml version="1.0" encoding="UTF-8"?>
<testsuite name="org.springframework.web.servlet.view.document.XlsViewTests" tests="3" skipped="0" failures="0" errors="0" timestamp="2021-05-09T12:42:01" hostname="wangweilidembp" time="3.351">
  <properties/>
  <testcase name="testXls()" classname="org.springframework.web.servlet.view.document.XlsViewTests" time="0.309"/>
  <testcase name="testXlsxView()" classname="org.springframework.web.servlet.view.document.XlsViewTests" time="0.758"/>
  <testcase name="testXlsxStreamingView()" classname="org.springframework.web.servlet.view.document.XlsViewTests" time="2.284"/>
  <system-out><![CDATA[]]></system-out>
  <system-err><![CDATA[]]></system-err>
</testsuite>
