<?xml version="1.0" encoding="UTF-8"?>
<testsuite name="org.springframework.web.servlet.config.annotation.DefaultServletHandlerConfigurerTests" tests="3" skipped="0" failures="0" errors="0" timestamp="2021-05-09T12:41:50" hostname="wangweilidembp" time="0.001">
  <properties/>
  <testcase name="enableWithServletName()" classname="org.springframework.web.servlet.config.annotation.DefaultServletHandlerConfigurerTests" time="0.001"/>
  <testcase name="enable()" classname="org.springframework.web.servlet.config.annotation.DefaultServletHandlerConfigurerTests" time="0.0"/>
  <testcase name="notEnabled()" classname="org.springframework.web.servlet.config.annotation.DefaultServletHandlerConfigurerTests" time="0.0"/>
  <system-out><![CDATA[]]></system-out>
  <system-err><![CDATA[]]></system-err>
</testsuite>
