<?xml version="1.0" encoding="UTF-8"?>
<testsuite name="org.springframework.web.servlet.resource.ResourceUrlProviderJavaConfigTests" tests="3" skipped="0" failures="0" errors="0" timestamp="2021-05-01T09:34:05" hostname="wangweilideMBP.lan" time="0.792">
  <properties/>
  <testcase name="resolvePathWithServletMappedByPrefix()" classname="org.springframework.web.servlet.resource.ResourceUrlProviderJavaConfigTests" time="0.19"/>
  <testcase name="resolvePathNoMatch()" classname="org.springframework.web.servlet.resource.ResourceUrlProviderJavaConfigTests" time="0.145"/>
  <testcase name="resolvePathWithServletMappedAsRoot()" classname="org.springframework.web.servlet.resource.ResourceUrlProviderJavaConfigTests" time="0.456"/>
  <system-out><![CDATA[]]></system-out>
  <system-err><![CDATA[]]></system-err>
</testsuite>
