<?xml version="1.0" encoding="UTF-8"?>
<testsuite name="org.springframework.web.servlet.view.InternalResourceViewTests" tests="5" skipped="0" failures="0" errors="0" timestamp="2021-05-01T09:33:43" hostname="wangweilideMBP.lan" time="0.005">
  <properties/>
  <testcase name="forward()" classname="org.springframework.web.servlet.view.InternalResourceViewTests" time="0.001"/>
  <testcase name="rejectsNullUrl()" classname="org.springframework.web.servlet.view.InternalResourceViewTests" time="0.0"/>
  <testcase name="includeOnCommitted()" classname="org.springframework.web.servlet.view.InternalResourceViewTests" time="0.001"/>
  <testcase name="alwaysInclude()" classname="org.springframework.web.servlet.view.InternalResourceViewTests" time="0.001"/>
  <testcase name="includeOnAttribute()" classname="org.springframework.web.servlet.view.InternalResourceViewTests" time="0.001"/>
  <system-out><![CDATA[]]></system-out>
  <system-err><![CDATA[]]></system-err>
</testsuite>
