<?xml version="1.0" encoding="UTF-8"?>
<testsuite name="org.springframework.web.servlet.handler.BeanNameUrlHandlerMappingTests" tests="7" skipped="0" failures="0" errors="0" timestamp="2021-04-26T07:41:00" hostname="wangweilideMacBook-Pro.local" time="0.266">
  <properties/>
  <testcase name="requestsWithoutHandlers()" classname="org.springframework.web.servlet.handler.BeanNameUrlHandlerMappingTests" time="0.127"/>
  <testcase name="requestsWithSubPathsInParentContext()" classname="org.springframework.web.servlet.handler.BeanNameUrlHandlerMappingTests" time="0.036"/>
  <testcase name="asteriskMatches()" classname="org.springframework.web.servlet.handler.BeanNameUrlHandlerMappingTests" time="0.022"/>
  <testcase name="doubleMappings()" classname="org.springframework.web.servlet.handler.BeanNameUrlHandlerMappingTests" time="0.017"/>
  <testcase name="requestsWithSubPaths()" classname="org.springframework.web.servlet.handler.BeanNameUrlHandlerMappingTests" time="0.02"/>
  <testcase name="requestsWithFullPaths()" classname="org.springframework.web.servlet.handler.BeanNameUrlHandlerMappingTests" time="0.021"/>
  <testcase name="overlappingMappings()" classname="org.springframework.web.servlet.handler.BeanNameUrlHandlerMappingTests" time="0.021"/>
  <system-out><![CDATA[]]></system-out>
  <system-err><![CDATA[]]></system-err>
</testsuite>
