<?xml version="1.0" encoding="UTF-8"?>
<testsuite name="org.springframework.web.servlet.mvc.method.annotation.MvcUriComponentsBuilderTests" tests="40" skipped="0" failures="0" errors="0" timestamp="2021-05-09T12:41:45" hostname="wangweilidembp" time="0.49">
  <properties/>
  <testcase name="fromMethodCallWithPathVariable()" classname="org.springframework.web.servlet.mvc.method.annotation.MvcUriComponentsBuilderTests" time="0.012"/>
  <testcase name="fromMethodNameWithOptionalParam()" classname="org.springframework.web.servlet.mvc.method.annotation.MvcUriComponentsBuilderTests" time="0.002"/>
  <testcase name="fromControllerNotMapped()" classname="org.springframework.web.servlet.mvc.method.annotation.MvcUriComponentsBuilderTests" time="0.0"/>
  <testcase name="fromControllerWithPrefix()" classname="org.springframework.web.servlet.mvc.method.annotation.MvcUriComponentsBuilderTests" time="0.061"/>
  <testcase name="fromMethodNameTypeLevelPathVariable()" classname="org.springframework.web.servlet.mvc.method.annotation.MvcUriComponentsBuilderTests" time="0.0"/>
  <testcase name="fromControllerSubResource()" classname="org.springframework.web.servlet.mvc.method.annotation.MvcUriComponentsBuilderTests" time="0.001"/>
  <testcase name="fromMethodCallWithObjectReturnType()" classname="org.springframework.web.servlet.mvc.method.annotation.MvcUriComponentsBuilderTests" time="0.005"/>
  <testcase name="usesFirstHostOfXForwardedHost()" classname="org.springframework.web.servlet.mvc.method.annotation.MvcUriComponentsBuilderTests" time="0.005"/>
  <testcase name="fromMethodNameWithCustomBaseUrlViaStaticCall()" classname="org.springframework.web.servlet.mvc.method.annotation.MvcUriComponentsBuilderTests" time="0.001"/>
  <testcase name="fromMethodNamePathVariable()" classname="org.springframework.web.servlet.mvc.method.annotation.MvcUriComponentsBuilderTests" time="0.0"/>
  <testcase name="fromMappingNameWithPathWithoutLeadingSlash()" classname="org.springframework.web.servlet.mvc.method.annotation.MvcUriComponentsBuilderTests" time="0.061"/>
  <testcase name="fromMappingNamePlain()" classname="org.springframework.web.servlet.mvc.method.annotation.MvcUriComponentsBuilderTests" time="0.059"/>
  <testcase name="fromControllerUriTemplate()" classname="org.springframework.web.servlet.mvc.method.annotation.MvcUriComponentsBuilderTests" time="0.001"/>
  <testcase name="fromMappingNameWithEncoding()" classname="org.springframework.web.servlet.mvc.method.annotation.MvcUriComponentsBuilderTests" time="0.052"/>
  <testcase name="fromMethodNameTypeLevelPathVariableWithoutArgumentValue()" classname="org.springframework.web.servlet.mvc.method.annotation.MvcUriComponentsBuilderTests" time="0.001"/>
  <testcase name="fromMethodCallWithModelAndViewReturnType()" classname="org.springframework.web.servlet.mvc.method.annotation.MvcUriComponentsBuilderTests" time="0.01"/>
  <testcase name="fromMethodCallOnSubclass()" classname="org.springframework.web.servlet.mvc.method.annotation.MvcUriComponentsBuilderTests" time="0.005"/>
  <testcase name="fromControllerWithCustomBaseUrlViaStaticCall()" classname="org.springframework.web.servlet.mvc.method.annotation.MvcUriComponentsBuilderTests" time="0.0"/>
  <testcase name="fromMethodNameWithCustomBaseUrlViaInstance()" classname="org.springframework.web.servlet.mvc.method.annotation.MvcUriComponentsBuilderTests" time="0.001"/>
  <testcase name="fromMethodCallWithStringReturnType()" classname="org.springframework.web.servlet.mvc.method.annotation.MvcUriComponentsBuilderTests" time="0.003"/>
  <testcase name="fromMethodNameWithStringReturnType()" classname="org.springframework.web.servlet.mvc.method.annotation.MvcUriComponentsBuilderTests" time="0.001"/>
  <testcase name="fromMethodCallWithPathVariableAndRequestParams()" classname="org.springframework.web.servlet.mvc.method.annotation.MvcUriComponentsBuilderTests" time="0.001"/>
  <testcase name="fromMethodCallPlain()" classname="org.springframework.web.servlet.mvc.method.annotation.MvcUriComponentsBuilderTests" time="0.001"/>
  <testcase name="fromMethodCallWithPathVariableAndMultiValueRequestParams()" classname="org.springframework.web.servlet.mvc.method.annotation.MvcUriComponentsBuilderTests" time="0.001"/>
  <testcase name="fromMethodCallWithCustomBaseUrlViaStaticCall()" classname="org.springframework.web.servlet.mvc.method.annotation.MvcUriComponentsBuilderTests" time="0.0"/>
  <testcase name="fromMappingNameWithCustomBaseUrl()" classname="org.springframework.web.servlet.mvc.method.annotation.MvcUriComponentsBuilderTests" time="0.057"/>
  <testcase name="fromControllerWithCustomBaseUrlViaInstance()" classname="org.springframework.web.servlet.mvc.method.annotation.MvcUriComponentsBuilderTests" time="0.0"/>
  <testcase name="usesForwardedHostAndPortFromHeader()" classname="org.springframework.web.servlet.mvc.method.annotation.MvcUriComponentsBuilderTests" time="0.001"/>
  <testcase name="fromMethodNameTwoPathVariables()" classname="org.springframework.web.servlet.mvc.method.annotation.MvcUriComponentsBuilderTests" time="0.082"/>
  <testcase name="fromControllerTwoTypeLevelMappings()" classname="org.springframework.web.servlet.mvc.method.annotation.MvcUriComponentsBuilderTests" time="0.001"/>
  <testcase name="usesForwardedHostAsHostIfHeaderIsSet()" classname="org.springframework.web.servlet.mvc.method.annotation.MvcUriComponentsBuilderTests" time="0.0"/>
  <testcase name="fromControllerPlain()" classname="org.springframework.web.servlet.mvc.method.annotation.MvcUriComponentsBuilderTests" time="0.001"/>
  <testcase name="fromMethodCallWithCustomBaseUrlViaInstance()" classname="org.springframework.web.servlet.mvc.method.annotation.MvcUriComponentsBuilderTests" time="0.0"/>
  <testcase name="fromMethodNameWithPathVarAndRequestParam()" classname="org.springframework.web.servlet.mvc.method.annotation.MvcUriComponentsBuilderTests" time="0.001"/>
  <testcase name="fromMethodNameWithBridgedMethod()" classname="org.springframework.web.servlet.mvc.method.annotation.MvcUriComponentsBuilderTests" time="0.001"/>
  <testcase name="fromMethodNameNotMapped()" classname="org.springframework.web.servlet.mvc.method.annotation.MvcUriComponentsBuilderTests" time="0.0"/>
  <testcase name="fromMethodCallWithTypeLevelUriVars()" classname="org.springframework.web.servlet.mvc.method.annotation.MvcUriComponentsBuilderTests" time="0.003"/>
  <testcase name="fromMethodWithPrefix()" classname="org.springframework.web.servlet.mvc.method.annotation.MvcUriComponentsBuilderTests" time="0.051"/>
  <testcase name="fromMethodNameWithMetaAnnotation()" classname="org.springframework.web.servlet.mvc.method.annotation.MvcUriComponentsBuilderTests" time="0.002"/>
  <testcase name="fromMethodNameWithOptionalNamedParam()" classname="org.springframework.web.servlet.mvc.method.annotation.MvcUriComponentsBuilderTests" time="0.002"/>
  <system-out><![CDATA[]]></system-out>
  <system-err><![CDATA[]]></system-err>
</testsuite>
