<?xml version="1.0" encoding="UTF-8"?>
<testsuite name="org.springframework.web.servlet.config.annotation.ViewControllerRegistryTests" tests="7" skipped="0" failures="0" errors="0" timestamp="2021-05-01T09:33:35" hostname="wangweilideMBP.lan" time="0.002">
  <properties/>
  <testcase name="addStatusController()" classname="org.springframework.web.servlet.config.annotation.ViewControllerRegistryTests" time="0.0"/>
  <testcase name="addRedirectViewControllerWithCustomSettings()" classname="org.springframework.web.servlet.config.annotation.ViewControllerRegistryTests" time="0.001"/>
  <testcase name="noViewControllers()" classname="org.springframework.web.servlet.config.annotation.ViewControllerRegistryTests" time="0.0"/>
  <testcase name="addViewControllerWithDefaultViewName()" classname="org.springframework.web.servlet.config.annotation.ViewControllerRegistryTests" time="0.0"/>
  <testcase name="order()" classname="org.springframework.web.servlet.config.annotation.ViewControllerRegistryTests" time="0.0"/>
  <testcase name="addRedirectViewController()" classname="org.springframework.web.servlet.config.annotation.ViewControllerRegistryTests" time="0.0"/>
  <testcase name="addViewController()" classname="org.springframework.web.servlet.config.annotation.ViewControllerRegistryTests" time="0.0"/>
  <system-out><![CDATA[]]></system-out>
  <system-err><![CDATA[]]></system-err>
</testsuite>
