<?xml version="1.0" encoding="UTF-8"?>
<testsuite name="org.springframework.web.servlet.handler.SimpleUrlHandlerMappingTests" tests="5" skipped="0" failures="0" errors="0" timestamp="2021-05-01T09:33:05" hostname="wangweilideMBP.lan" time="0.566">
  <properties/>
  <testcase name="[1] beanName=urlMapping" classname="org.springframework.web.servlet.handler.SimpleUrlHandlerMappingTests" time="0.285"/>
  <testcase name="[2] beanName=urlMappingWithProps" classname="org.springframework.web.servlet.handler.SimpleUrlHandlerMappingTests" time="0.04"/>
  <testcase name="[3] beanName=urlMappingWithPathPatterns" classname="org.springframework.web.servlet.handler.SimpleUrlHandlerMappingTests" time="0.107"/>
  <testcase name="testNewlineInRequest()" classname="org.springframework.web.servlet.handler.SimpleUrlHandlerMappingTests" time="0.002"/>
  <testcase name="handlerBeanNotFound()" classname="org.springframework.web.servlet.handler.SimpleUrlHandlerMappingTests" time="0.098"/>
  <system-out><![CDATA[]]></system-out>
  <system-err><![CDATA[]]></system-err>
</testsuite>
