<?xml version="1.0" encoding="UTF-8"?>
<testsuite name="org.springframework.web.servlet.handler.BeanNameUrlHandlerMappingTests" tests="7" skipped="0" failures="0" errors="0" timestamp="2021-05-01T09:33:04" hostname="wangweilideMBP.lan" time="0.661">
  <properties/>
  <testcase name="requestsWithoutHandlers()" classname="org.springframework.web.servlet.handler.BeanNameUrlHandlerMappingTests" time="0.301"/>
  <testcase name="requestsWithSubPathsInParentContext()" classname="org.springframework.web.servlet.handler.BeanNameUrlHandlerMappingTests" time="0.078"/>
  <testcase name="asteriskMatches()" classname="org.springframework.web.servlet.handler.BeanNameUrlHandlerMappingTests" time="0.052"/>
  <testcase name="doubleMappings()" classname="org.springframework.web.servlet.handler.BeanNameUrlHandlerMappingTests" time="0.046"/>
  <testcase name="requestsWithSubPaths()" classname="org.springframework.web.servlet.handler.BeanNameUrlHandlerMappingTests" time="0.066"/>
  <testcase name="requestsWithFullPaths()" classname="org.springframework.web.servlet.handler.BeanNameUrlHandlerMappingTests" time="0.087"/>
  <testcase name="overlappingMappings()" classname="org.springframework.web.servlet.handler.BeanNameUrlHandlerMappingTests" time="0.028"/>
  <system-out><![CDATA[]]></system-out>
  <system-err><![CDATA[]]></system-err>
</testsuite>
