<?xml version="1.0" encoding="UTF-8"?>
<testsuite name="org.springframework.web.servlet.mvc.method.annotation.ModelAndViewMethodReturnValueHandlerTests" tests="9" skipped="0" failures="0" errors="0" timestamp="2021-04-26T07:41:13" hostname="wangweilideMacBook-Pro.local" time="0.002">
  <properties/>
  <testcase name="handleViewReference()" classname="org.springframework.web.servlet.mvc.method.annotation.ModelAndViewMethodReturnValueHandlerTests" time="0.0"/>
  <testcase name="handleRedirectAttributesWithCustomPrefix()" classname="org.springframework.web.servlet.mvc.method.annotation.ModelAndViewMethodReturnValueHandlerTests" time="0.0"/>
  <testcase name="handleRedirectAttributesWithoutRedirect()" classname="org.springframework.web.servlet.mvc.method.annotation.ModelAndViewMethodReturnValueHandlerTests" time="0.0"/>
  <testcase name="handleRedirectWithIgnoreDefaultModel()" classname="org.springframework.web.servlet.mvc.method.annotation.ModelAndViewMethodReturnValueHandlerTests" time="0.0"/>
  <testcase name="handleViewInstance()" classname="org.springframework.web.servlet.mvc.method.annotation.ModelAndViewMethodReturnValueHandlerTests" time="0.0"/>
  <testcase name="handleRedirectAttributesWithViewReference()" classname="org.springframework.web.servlet.mvc.method.annotation.ModelAndViewMethodReturnValueHandlerTests" time="0.001"/>
  <testcase name="handleRedirectAttributesWithViewName()" classname="org.springframework.web.servlet.mvc.method.annotation.ModelAndViewMethodReturnValueHandlerTests" time="0.0"/>
  <testcase name="supportsReturnType()" classname="org.springframework.web.servlet.mvc.method.annotation.ModelAndViewMethodReturnValueHandlerTests" time="0.0"/>
  <testcase name="handleNull()" classname="org.springframework.web.servlet.mvc.method.annotation.ModelAndViewMethodReturnValueHandlerTests" time="0.0"/>
  <system-out><![CDATA[]]></system-out>
  <system-err><![CDATA[]]></system-err>
</testsuite>
