<?xml version="1.0" encoding="UTF-8"?>
<testsuite name="org.springframework.web.servlet.resource.ResourceUrlProviderJavaConfigTests" tests="3" skipped="0" failures="0" errors="0" timestamp="2021-04-26T07:41:52" hostname="wangweilideMacBook-Pro.local" time="0.593">
  <properties/>
  <testcase name="resolvePathWithServletMappedByPrefix()" classname="org.springframework.web.servlet.resource.ResourceUrlProviderJavaConfigTests" time="0.197"/>
  <testcase name="resolvePathNoMatch()" classname="org.springframework.web.servlet.resource.ResourceUrlProviderJavaConfigTests" time="0.199"/>
  <testcase name="resolvePathWithServletMappedAsRoot()" classname="org.springframework.web.servlet.resource.ResourceUrlProviderJavaConfigTests" time="0.196"/>
  <system-out><![CDATA[]]></system-out>
  <system-err><![CDATA[]]></system-err>
</testsuite>
