<?xml version="1.0" encoding="UTF-8"?>
<testsuite name="org.springframework.cache.annotation.EnableCachingIntegrationTests" tests="2" skipped="0" failures="0" errors="0" timestamp="2021-05-01T09:29:35" hostname="wangweilideMBP.lan" time="0.132">
  <properties/>
  <testcase name="repositoryUsesAspectJAdviceMode()" classname="org.springframework.cache.annotation.EnableCachingIntegrationTests" time="0.014"/>
  <testcase name="repositoryIsClassBasedCacheProxy()" classname="org.springframework.cache.annotation.EnableCachingIntegrationTests" time="0.118"/>
  <system-out><![CDATA[17:29:35.934 [Test worker] DEBUG o.s.c.a.AnnotationConfigApplicationContext - Refreshing org.springframework.context.annotation.AnnotationConfigApplicationContext@7cb543e
17:29:35.934 [Test worker] DEBUG o.s.b.f.s.DefaultListableBeanFactory - Creating shared instance of singleton bean 'org.springframework.context.annotation.internalConfigurationAnnotationProcessor'
17:29:35.937 [Test worker] WARN  o.s.c.a.AnnotationConfigApplicationContext - Exception encountered during context initialization - cancelling refresh attempt: org.springframework.beans.factory.BeanDefinitionStoreException: Failed to process import candidates for configuration class [org.springframework.cache.annotation.EnableCachingIntegrationTests$AspectJCacheConfig]; nested exception is java.io.FileNotFoundException: class path resource [org/springframework/cache/aspectj/AspectJCachingConfiguration.class] cannot be opened because it does not exist
17:29:35.940 [Test worker] DEBUG o.s.c.a.AnnotationConfigApplicationContext - Refreshing org.springframework.context.annotation.AnnotationConfigApplicationContext@55219ddb
17:29:35.940 [Test worker] DEBUG o.s.b.f.s.DefaultListableBeanFactory - Creating shared instance of singleton bean 'org.springframework.context.annotation.internalConfigurationAnnotationProcessor'
17:29:35.950 [Test worker] DEBUG o.s.b.f.s.DefaultListableBeanFactory - Creating shared instance of singleton bean 'org.springframework.context.event.internalEventListenerProcessor'
17:29:35.951 [Test worker] DEBUG o.s.b.f.s.DefaultListableBeanFactory - Creating shared instance of singleton bean 'org.springframework.context.event.internalEventListenerFactory'
17:29:35.951 [Test worker] DEBUG o.s.b.f.s.DefaultListableBeanFactory - Creating shared instance of singleton bean 'org.springframework.context.annotation.internalAutowiredAnnotationProcessor'
17:29:35.951 [Test worker] DEBUG o.s.b.f.s.DefaultListableBeanFactory - Creating shared instance of singleton bean 'org.springframework.context.annotation.internalCommonAnnotationProcessor'
17:29:35.951 [Test worker] DEBUG o.s.b.f.s.DefaultListableBeanFactory - Creating shared instance of singleton bean 'org.springframework.context.annotation.internalPersistenceAnnotationProcessor'
17:29:35.951 [Test worker] DEBUG o.s.b.f.s.DefaultListableBeanFactory - Creating shared instance of singleton bean 'org.springframework.aop.config.internalAutoProxyCreator'
17:29:35.965 [Test worker] DEBUG o.s.b.f.s.DefaultListableBeanFactory - Creating shared instance of singleton bean 'enableCachingIntegrationTests.Config'
17:29:35.968 [Test worker] DEBUG o.s.b.f.s.DefaultListableBeanFactory - Creating shared instance of singleton bean 'org.springframework.cache.config.internalCacheAdvisor'
17:29:35.968 [Test worker] DEBUG o.s.b.f.s.DefaultListableBeanFactory - Creating shared instance of singleton bean 'org.springframework.cache.annotation.ProxyCachingConfiguration'
17:29:35.976 [Test worker] DEBUG o.s.b.f.s.DefaultListableBeanFactory - Creating shared instance of singleton bean 'cacheOperationSource'
17:29:35.977 [Test worker] DEBUG o.s.b.f.s.DefaultListableBeanFactory - Creating shared instance of singleton bean 'cacheInterceptor'
17:29:35.977 [Test worker] DEBUG o.s.b.f.s.DefaultListableBeanFactory - Autowiring by type from bean name 'cacheInterceptor' via factory method to bean named 'cacheOperationSource'
17:29:35.981 [Test worker] DEBUG o.s.b.f.s.DefaultListableBeanFactory - Autowiring by type from bean name 'org.springframework.cache.config.internalCacheAdvisor' via factory method to bean named 'cacheOperationSource'
17:29:35.981 [Test worker] DEBUG o.s.b.f.s.DefaultListableBeanFactory - Autowiring by type from bean name 'org.springframework.cache.config.internalCacheAdvisor' via factory method to bean named 'cacheInterceptor'
17:29:35.997 [Test worker] DEBUG o.s.b.f.s.DefaultListableBeanFactory - Creating shared instance of singleton bean 'enableCachingIntegrationTests.ProxyTargetClassCachingConfig'
17:29:35.999 [Test worker] DEBUG o.s.b.f.s.DefaultListableBeanFactory - Creating shared instance of singleton bean 'fooRepository'
17:29:36.031 [Test worker] DEBUG o.s.b.f.s.DefaultListableBeanFactory - Creating shared instance of singleton bean 'mgr'
]]></system-out>
  <system-err><![CDATA[]]></system-err>
</testsuite>
