<?xml version="1.0" encoding="UTF-8"?>
<testsuite name="org.springframework.context.annotation.scope.ClassPathBeanDefinitionScannerScopeIntegrationTests" tests="9" skipped="0" failures="0" errors="0" timestamp="2021-05-01T09:29:33" hostname="wangweilideMBP.lan" time="0.538">
  <properties/>
  <testcase name="sessionScopeWithNoProxy()" classname="org.springframework.context.annotation.scope.ClassPathBeanDefinitionScannerScopeIntegrationTests" time="0.125"/>
  <testcase name="requestScopeWithNoProxy()" classname="org.springframework.context.annotation.scope.ClassPathBeanDefinitionScannerScopeIntegrationTests" time="0.064"/>
  <testcase name="singletonScopeWithNoProxy()" classname="org.springframework.context.annotation.scope.ClassPathBeanDefinitionScannerScopeIntegrationTests" time="0.052"/>
  <testcase name="sessionScopeWithProxiedTargetClass()" classname="org.springframework.context.annotation.scope.ClassPathBeanDefinitionScannerScopeIntegrationTests" time="0.094"/>
  <testcase name="singletonScopeIgnoresProxyInterfaces()" classname="org.springframework.context.annotation.scope.ClassPathBeanDefinitionScannerScopeIntegrationTests" time="0.062"/>
  <testcase name="requestScopeWithProxiedTargetClass()" classname="org.springframework.context.annotation.scope.ClassPathBeanDefinitionScannerScopeIntegrationTests" time="0.03"/>
  <testcase name="singletonScopeIgnoresProxyTargetClass()" classname="org.springframework.context.annotation.scope.ClassPathBeanDefinitionScannerScopeIntegrationTests" time="0.013"/>
  <testcase name="requestScopeWithProxiedInterfaces()" classname="org.springframework.context.annotation.scope.ClassPathBeanDefinitionScannerScopeIntegrationTests" time="0.075"/>
  <testcase name="sessionScopeWithProxiedInterfaces()" classname="org.springframework.context.annotation.scope.ClassPathBeanDefinitionScannerScopeIntegrationTests" time="0.019"/>
  <system-out><![CDATA[17:29:34.035 [Test worker] DEBUG o.s.c.a.ClassPathBeanDefinitionScanner - Identified candidate component class: file [/Users/wangweili/Documents/MyDesign/learning/msb-source/msb-spring/integration-tests/build/classes/java/test/org/springframework/context/annotation/scope/ClassPathBeanDefinitionScannerScopeIntegrationTests$RequestScopedTestBean.class]
17:29:34.037 [Test worker] DEBUG o.s.c.a.ClassPathBeanDefinitionScanner - Identified candidate component class: file [/Users/wangweili/Documents/MyDesign/learning/msb-source/msb-spring/integration-tests/build/classes/java/test/org/springframework/context/annotation/scope/ClassPathBeanDefinitionScannerScopeIntegrationTests$SessionScopedTestBean.class]
17:29:34.038 [Test worker] DEBUG o.s.c.a.ClassPathBeanDefinitionScanner - Identified candidate component class: file [/Users/wangweili/Documents/MyDesign/learning/msb-source/msb-spring/integration-tests/build/classes/java/test/org/springframework/context/annotation/scope/ClassPathBeanDefinitionScannerScopeIntegrationTests$SingletonScopedTestBean.class]
17:29:34.043 [Test worker] DEBUG o.s.c.a.ClassPathBeanDefinitionScanner - Identified candidate component class: file [/Users/wangweili/Documents/MyDesign/learning/msb-source/msb-spring/integration-tests/build/classes/java/test/org/springframework/context/annotation/scope/ClassPathBeanDefinitionScannerScopeIntegrationTests$RequestScopedTestBean.class]
17:29:34.043 [Test worker] DEBUG o.s.c.a.ClassPathBeanDefinitionScanner - Identified candidate component class: file [/Users/wangweili/Documents/MyDesign/learning/msb-source/msb-spring/integration-tests/build/classes/java/test/org/springframework/context/annotation/scope/ClassPathBeanDefinitionScannerScopeIntegrationTests$SessionScopedTestBean.class]
17:29:34.043 [Test worker] DEBUG o.s.c.a.ClassPathBeanDefinitionScanner - Identified candidate component class: file [/Users/wangweili/Documents/MyDesign/learning/msb-source/msb-spring/integration-tests/build/classes/java/test/org/springframework/context/annotation/scope/ClassPathBeanDefinitionScannerScopeIntegrationTests$SingletonScopedTestBean.class]
17:29:34.044 [Test worker] DEBUG o.s.w.c.s.GenericWebApplicationContext - Refreshing org.springframework.web.context.support.GenericWebApplicationContext@75017964
17:29:34.052 [Test worker] DEBUG o.s.u.c.s.UiApplicationContextUtils - Unable to locate ThemeSource with name 'themeSource': using default [org.springframework.ui.context.support.ResourceBundleThemeSource@2d211207]
17:29:34.053 [Test worker] DEBUG o.s.b.f.s.DefaultListableBeanFactory - Creating shared instance of singleton bean 'singleton'
17:29:34.119 [Test worker] DEBUG o.s.c.a.ClassPathBeanDefinitionScanner - Identified candidate component class: file [/Users/wangweili/Documents/MyDesign/learning/msb-source/msb-spring/integration-tests/build/classes/java/test/org/springframework/context/annotation/scope/ClassPathBeanDefinitionScannerScopeIntegrationTests$RequestScopedTestBean.class]
17:29:34.120 [Test worker] DEBUG o.s.c.a.ClassPathBeanDefinitionScanner - Identified candidate component class: file [/Users/wangweili/Documents/MyDesign/learning/msb-source/msb-spring/integration-tests/build/classes/java/test/org/springframework/context/annotation/scope/ClassPathBeanDefinitionScannerScopeIntegrationTests$SessionScopedTestBean.class]
17:29:34.121 [Test worker] DEBUG o.s.c.a.ClassPathBeanDefinitionScanner - Identified candidate component class: file [/Users/wangweili/Documents/MyDesign/learning/msb-source/msb-spring/integration-tests/build/classes/java/test/org/springframework/context/annotation/scope/ClassPathBeanDefinitionScannerScopeIntegrationTests$SingletonScopedTestBean.class]
17:29:34.123 [Test worker] DEBUG o.s.c.a.ClassPathBeanDefinitionScanner - Identified candidate component class: file [/Users/wangweili/Documents/MyDesign/learning/msb-source/msb-spring/integration-tests/build/classes/java/test/org/springframework/context/annotation/scope/ClassPathBeanDefinitionScannerScopeIntegrationTests$RequestScopedTestBean.class]
17:29:34.124 [Test worker] DEBUG o.s.c.a.ClassPathBeanDefinitionScanner - Identified candidate component class: file [/Users/wangweili/Documents/MyDesign/learning/msb-source/msb-spring/integration-tests/build/classes/java/test/org/springframework/context/annotation/scope/ClassPathBeanDefinitionScannerScopeIntegrationTests$SessionScopedTestBean.class]
17:29:34.126 [Test worker] DEBUG o.s.c.a.ClassPathBeanDefinitionScanner - Identified candidate component class: file [/Users/wangweili/Documents/MyDesign/learning/msb-source/msb-spring/integration-tests/build/classes/java/test/org/springframework/context/annotation/scope/ClassPathBeanDefinitionScannerScopeIntegrationTests$SingletonScopedTestBean.class]
17:29:34.127 [Test worker] DEBUG o.s.w.c.s.GenericWebApplicationContext - Refreshing org.springframework.web.context.support.GenericWebApplicationContext@5d965912
17:29:34.128 [Test worker] DEBUG o.s.u.c.s.UiApplicationContextUtils - Unable to locate ThemeSource with name 'themeSource': using default [org.springframework.ui.context.support.ResourceBundleThemeSource@26db265e]
17:29:34.128 [Test worker] DEBUG o.s.b.f.s.DefaultListableBeanFactory - Creating shared instance of singleton bean 'singleton'
17:29:34.136 [Test worker] DEBUG o.s.c.a.ClassPathBeanDefinitionScanner - Identified candidate component class: file [/Users/wangweili/Documents/MyDesign/learning/msb-source/msb-spring/integration-tests/build/classes/java/test/org/springframework/context/annotation/scope/ClassPathBeanDefinitionScannerScopeIntegrationTests$RequestScopedTestBean.class]
17:29:34.137 [Test worker] DEBUG o.s.c.a.ClassPathBeanDefinitionScanner - Identified candidate component class: file [/Users/wangweili/Documents/MyDesign/learning/msb-source/msb-spring/integration-tests/build/classes/java/test/org/springframework/context/annotation/scope/ClassPathBeanDefinitionScannerScopeIntegrationTests$SessionScopedTestBean.class]
17:29:34.138 [Test worker] DEBUG o.s.c.a.ClassPathBeanDefinitionScanner - Identified candidate component class: file [/Users/wangweili/Documents/MyDesign/learning/msb-source/msb-spring/integration-tests/build/classes/java/test/org/springframework/context/annotation/scope/ClassPathBeanDefinitionScannerScopeIntegrationTests$SingletonScopedTestBean.class]
17:29:34.180 [Test worker] DEBUG o.s.c.a.ClassPathBeanDefinitionScanner - Identified candidate component class: file [/Users/wangweili/Documents/MyDesign/learning/msb-source/msb-spring/integration-tests/build/classes/java/test/org/springframework/context/annotation/scope/ClassPathBeanDefinitionScannerScopeIntegrationTests$RequestScopedTestBean.class]
17:29:34.181 [Test worker] DEBUG o.s.c.a.ClassPathBeanDefinitionScanner - Identified candidate component class: file [/Users/wangweili/Documents/MyDesign/learning/msb-source/msb-spring/integration-tests/build/classes/java/test/org/springframework/context/annotation/scope/ClassPathBeanDefinitionScannerScopeIntegrationTests$SessionScopedTestBean.class]
17:29:34.181 [Test worker] DEBUG o.s.c.a.ClassPathBeanDefinitionScanner - Identified candidate component class: file [/Users/wangweili/Documents/MyDesign/learning/msb-source/msb-spring/integration-tests/build/classes/java/test/org/springframework/context/annotation/scope/ClassPathBeanDefinitionScannerScopeIntegrationTests$SingletonScopedTestBean.class]
17:29:34.181 [Test worker] DEBUG o.s.w.c.s.GenericWebApplicationContext - Refreshing org.springframework.web.context.support.GenericWebApplicationContext@2df9533a
17:29:34.182 [Test worker] DEBUG o.s.u.c.s.UiApplicationContextUtils - Unable to locate ThemeSource with name 'themeSource': using default [org.springframework.ui.context.support.ResourceBundleThemeSource@251db48a]
17:29:34.182 [Test worker] DEBUG o.s.b.f.s.DefaultListableBeanFactory - Creating shared instance of singleton bean 'singleton'
17:29:34.189 [Test worker] DEBUG o.s.c.a.ClassPathBeanDefinitionScanner - Identified candidate component class: file [/Users/wangweili/Documents/MyDesign/learning/msb-source/msb-spring/integration-tests/build/classes/java/test/org/springframework/context/annotation/scope/ClassPathBeanDefinitionScannerScopeIntegrationTests$RequestScopedTestBean.class]
17:29:34.191 [Test worker] DEBUG o.s.c.a.ClassPathBeanDefinitionScanner - Identified candidate component class: file [/Users/wangweili/Documents/MyDesign/learning/msb-source/msb-spring/integration-tests/build/classes/java/test/org/springframework/context/annotation/scope/ClassPathBeanDefinitionScannerScopeIntegrationTests$SessionScopedTestBean.class]
17:29:34.191 [Test worker] DEBUG o.s.c.a.ClassPathBeanDefinitionScanner - Identified candidate component class: file [/Users/wangweili/Documents/MyDesign/learning/msb-source/msb-spring/integration-tests/build/classes/java/test/org/springframework/context/annotation/scope/ClassPathBeanDefinitionScannerScopeIntegrationTests$SingletonScopedTestBean.class]
17:29:34.196 [Test worker] DEBUG o.s.c.a.ClassPathBeanDefinitionScanner - Identified candidate component class: file [/Users/wangweili/Documents/MyDesign/learning/msb-source/msb-spring/integration-tests/build/classes/java/test/org/springframework/context/annotation/scope/ClassPathBeanDefinitionScannerScopeIntegrationTests$RequestScopedTestBean.class]
17:29:34.196 [Test worker] DEBUG o.s.c.a.ClassPathBeanDefinitionScanner - Identified candidate component class: file [/Users/wangweili/Documents/MyDesign/learning/msb-source/msb-spring/integration-tests/build/classes/java/test/org/springframework/context/annotation/scope/ClassPathBeanDefinitionScannerScopeIntegrationTests$SessionScopedTestBean.class]
17:29:34.196 [Test worker] DEBUG o.s.c.a.ClassPathBeanDefinitionScanner - Identified candidate component class: file [/Users/wangweili/Documents/MyDesign/learning/msb-source/msb-spring/integration-tests/build/classes/java/test/org/springframework/context/annotation/scope/ClassPathBeanDefinitionScannerScopeIntegrationTests$SingletonScopedTestBean.class]
17:29:34.197 [Test worker] DEBUG o.s.w.c.s.GenericWebApplicationContext - Refreshing org.springframework.web.context.support.GenericWebApplicationContext@22f56c31
17:29:34.198 [Test worker] DEBUG o.s.u.c.s.UiApplicationContextUtils - Unable to locate ThemeSource with name 'themeSource': using default [org.springframework.ui.context.support.ResourceBundleThemeSource@2a8a497f]
17:29:34.198 [Test worker] DEBUG o.s.b.f.s.DefaultListableBeanFactory - Creating shared instance of singleton bean 'request'
17:29:34.250 [Test worker] DEBUG o.s.b.f.s.DefaultListableBeanFactory - Creating shared instance of singleton bean 'session'
17:29:34.270 [Test worker] DEBUG o.s.b.f.s.DefaultListableBeanFactory - Creating shared instance of singleton bean 'singleton'
17:29:34.282 [Test worker] DEBUG o.s.c.a.ClassPathBeanDefinitionScanner - Identified candidate component class: file [/Users/wangweili/Documents/MyDesign/learning/msb-source/msb-spring/integration-tests/build/classes/java/test/org/springframework/context/annotation/scope/ClassPathBeanDefinitionScannerScopeIntegrationTests$RequestScopedTestBean.class]
17:29:34.283 [Test worker] DEBUG o.s.c.a.ClassPathBeanDefinitionScanner - Identified candidate component class: file [/Users/wangweili/Documents/MyDesign/learning/msb-source/msb-spring/integration-tests/build/classes/java/test/org/springframework/context/annotation/scope/ClassPathBeanDefinitionScannerScopeIntegrationTests$SessionScopedTestBean.class]
17:29:34.283 [Test worker] DEBUG o.s.c.a.ClassPathBeanDefinitionScanner - Identified candidate component class: file [/Users/wangweili/Documents/MyDesign/learning/msb-source/msb-spring/integration-tests/build/classes/java/test/org/springframework/context/annotation/scope/ClassPathBeanDefinitionScannerScopeIntegrationTests$SingletonScopedTestBean.class]
17:29:34.318 [Test worker] DEBUG o.s.c.a.ClassPathBeanDefinitionScanner - Identified candidate component class: file [/Users/wangweili/Documents/MyDesign/learning/msb-source/msb-spring/integration-tests/build/classes/java/test/org/springframework/context/annotation/scope/ClassPathBeanDefinitionScannerScopeIntegrationTests$RequestScopedTestBean.class]
17:29:34.319 [Test worker] DEBUG o.s.c.a.ClassPathBeanDefinitionScanner - Identified candidate component class: file [/Users/wangweili/Documents/MyDesign/learning/msb-source/msb-spring/integration-tests/build/classes/java/test/org/springframework/context/annotation/scope/ClassPathBeanDefinitionScannerScopeIntegrationTests$SessionScopedTestBean.class]
17:29:34.319 [Test worker] DEBUG o.s.c.a.ClassPathBeanDefinitionScanner - Identified candidate component class: file [/Users/wangweili/Documents/MyDesign/learning/msb-source/msb-spring/integration-tests/build/classes/java/test/org/springframework/context/annotation/scope/ClassPathBeanDefinitionScannerScopeIntegrationTests$SingletonScopedTestBean.class]
17:29:34.319 [Test worker] DEBUG o.s.w.c.s.GenericWebApplicationContext - Refreshing org.springframework.web.context.support.GenericWebApplicationContext@551c1226
17:29:34.320 [Test worker] DEBUG o.s.u.c.s.UiApplicationContextUtils - Unable to locate ThemeSource with name 'themeSource': using default [org.springframework.ui.context.support.ResourceBundleThemeSource@17a830a]
17:29:34.320 [Test worker] DEBUG o.s.b.f.s.DefaultListableBeanFactory - Creating shared instance of singleton bean 'request'
17:29:34.330 [Test worker] DEBUG o.s.b.f.s.DefaultListableBeanFactory - Creating shared instance of singleton bean 'session'
17:29:34.338 [Test worker] DEBUG o.s.b.f.s.DefaultListableBeanFactory - Creating shared instance of singleton bean 'singleton'
17:29:34.355 [Test worker] DEBUG o.s.c.a.ClassPathBeanDefinitionScanner - Identified candidate component class: file [/Users/wangweili/Documents/MyDesign/learning/msb-source/msb-spring/integration-tests/build/classes/java/test/org/springframework/context/annotation/scope/ClassPathBeanDefinitionScannerScopeIntegrationTests$RequestScopedTestBean.class]
17:29:34.356 [Test worker] DEBUG o.s.c.a.ClassPathBeanDefinitionScanner - Identified candidate component class: file [/Users/wangweili/Documents/MyDesign/learning/msb-source/msb-spring/integration-tests/build/classes/java/test/org/springframework/context/annotation/scope/ClassPathBeanDefinitionScannerScopeIntegrationTests$SessionScopedTestBean.class]
17:29:34.356 [Test worker] DEBUG o.s.c.a.ClassPathBeanDefinitionScanner - Identified candidate component class: file [/Users/wangweili/Documents/MyDesign/learning/msb-source/msb-spring/integration-tests/build/classes/java/test/org/springframework/context/annotation/scope/ClassPathBeanDefinitionScannerScopeIntegrationTests$SingletonScopedTestBean.class]
17:29:34.360 [Test worker] DEBUG o.s.c.a.ClassPathBeanDefinitionScanner - Identified candidate component class: file [/Users/wangweili/Documents/MyDesign/learning/msb-source/msb-spring/integration-tests/build/classes/java/test/org/springframework/context/annotation/scope/ClassPathBeanDefinitionScannerScopeIntegrationTests$RequestScopedTestBean.class]
17:29:34.360 [Test worker] DEBUG o.s.c.a.ClassPathBeanDefinitionScanner - Identified candidate component class: file [/Users/wangweili/Documents/MyDesign/learning/msb-source/msb-spring/integration-tests/build/classes/java/test/org/springframework/context/annotation/scope/ClassPathBeanDefinitionScannerScopeIntegrationTests$SessionScopedTestBean.class]
17:29:34.360 [Test worker] DEBUG o.s.c.a.ClassPathBeanDefinitionScanner - Identified candidate component class: file [/Users/wangweili/Documents/MyDesign/learning/msb-source/msb-spring/integration-tests/build/classes/java/test/org/springframework/context/annotation/scope/ClassPathBeanDefinitionScannerScopeIntegrationTests$SingletonScopedTestBean.class]
17:29:34.361 [Test worker] DEBUG o.s.w.c.s.GenericWebApplicationContext - Refreshing org.springframework.web.context.support.GenericWebApplicationContext@7cba6d3a
17:29:34.362 [Test worker] DEBUG o.s.u.c.s.UiApplicationContextUtils - Unable to locate ThemeSource with name 'themeSource': using default [org.springframework.ui.context.support.ResourceBundleThemeSource@4f06b8af]
17:29:34.362 [Test worker] DEBUG o.s.b.f.s.DefaultListableBeanFactory - Creating shared instance of singleton bean 'request'
17:29:34.363 [Test worker] DEBUG o.s.b.f.s.DefaultListableBeanFactory - Creating shared instance of singleton bean 'session'
17:29:34.364 [Test worker] DEBUG o.s.b.f.s.DefaultListableBeanFactory - Creating shared instance of singleton bean 'singleton'
17:29:34.376 [Test worker] DEBUG o.s.c.a.ClassPathBeanDefinitionScanner - Identified candidate component class: file [/Users/wangweili/Documents/MyDesign/learning/msb-source/msb-spring/integration-tests/build/classes/java/test/org/springframework/context/annotation/scope/ClassPathBeanDefinitionScannerScopeIntegrationTests$RequestScopedTestBean.class]
17:29:34.376 [Test worker] DEBUG o.s.c.a.ClassPathBeanDefinitionScanner - Identified candidate component class: file [/Users/wangweili/Documents/MyDesign/learning/msb-source/msb-spring/integration-tests/build/classes/java/test/org/springframework/context/annotation/scope/ClassPathBeanDefinitionScannerScopeIntegrationTests$SessionScopedTestBean.class]
17:29:34.377 [Test worker] DEBUG o.s.c.a.ClassPathBeanDefinitionScanner - Identified candidate component class: file [/Users/wangweili/Documents/MyDesign/learning/msb-source/msb-spring/integration-tests/build/classes/java/test/org/springframework/context/annotation/scope/ClassPathBeanDefinitionScannerScopeIntegrationTests$SingletonScopedTestBean.class]
17:29:34.379 [Test worker] DEBUG o.s.c.a.ClassPathBeanDefinitionScanner - Identified candidate component class: file [/Users/wangweili/Documents/MyDesign/learning/msb-source/msb-spring/integration-tests/build/classes/java/test/org/springframework/context/annotation/scope/ClassPathBeanDefinitionScannerScopeIntegrationTests$RequestScopedTestBean.class]
17:29:34.379 [Test worker] DEBUG o.s.c.a.ClassPathBeanDefinitionScanner - Identified candidate component class: file [/Users/wangweili/Documents/MyDesign/learning/msb-source/msb-spring/integration-tests/build/classes/java/test/org/springframework/context/annotation/scope/ClassPathBeanDefinitionScannerScopeIntegrationTests$SessionScopedTestBean.class]
17:29:34.380 [Test worker] DEBUG o.s.c.a.ClassPathBeanDefinitionScanner - Identified candidate component class: file [/Users/wangweili/Documents/MyDesign/learning/msb-source/msb-spring/integration-tests/build/classes/java/test/org/springframework/context/annotation/scope/ClassPathBeanDefinitionScannerScopeIntegrationTests$SingletonScopedTestBean.class]
17:29:34.380 [Test worker] DEBUG o.s.w.c.s.GenericWebApplicationContext - Refreshing org.springframework.web.context.support.GenericWebApplicationContext@1a780e07
17:29:34.381 [Test worker] DEBUG o.s.u.c.s.UiApplicationContextUtils - Unable to locate ThemeSource with name 'themeSource': using default [org.springframework.ui.context.support.ResourceBundleThemeSource@5308eff0]
17:29:34.381 [Test worker] DEBUG o.s.b.f.s.DefaultListableBeanFactory - Creating shared instance of singleton bean 'request'
17:29:34.382 [Test worker] DEBUG o.s.b.f.s.DefaultListableBeanFactory - Creating shared instance of singleton bean 'session'
17:29:34.382 [Test worker] DEBUG o.s.b.f.s.DefaultListableBeanFactory - Creating shared instance of singleton bean 'singleton'
17:29:34.389 [Test worker] DEBUG o.s.c.a.ClassPathBeanDefinitionScanner - Identified candidate component class: file [/Users/wangweili/Documents/MyDesign/learning/msb-source/msb-spring/integration-tests/build/classes/java/test/org/springframework/context/annotation/scope/ClassPathBeanDefinitionScannerScopeIntegrationTests$RequestScopedTestBean.class]
17:29:34.390 [Test worker] DEBUG o.s.c.a.ClassPathBeanDefinitionScanner - Identified candidate component class: file [/Users/wangweili/Documents/MyDesign/learning/msb-source/msb-spring/integration-tests/build/classes/java/test/org/springframework/context/annotation/scope/ClassPathBeanDefinitionScannerScopeIntegrationTests$SessionScopedTestBean.class]
17:29:34.391 [Test worker] DEBUG o.s.c.a.ClassPathBeanDefinitionScanner - Identified candidate component class: file [/Users/wangweili/Documents/MyDesign/learning/msb-source/msb-spring/integration-tests/build/classes/java/test/org/springframework/context/annotation/scope/ClassPathBeanDefinitionScannerScopeIntegrationTests$SingletonScopedTestBean.class]
17:29:34.393 [Test worker] DEBUG o.s.c.a.ClassPathBeanDefinitionScanner - Identified candidate component class: file [/Users/wangweili/Documents/MyDesign/learning/msb-source/msb-spring/integration-tests/build/classes/java/test/org/springframework/context/annotation/scope/ClassPathBeanDefinitionScannerScopeIntegrationTests$RequestScopedTestBean.class]
17:29:34.394 [Test worker] DEBUG o.s.c.a.ClassPathBeanDefinitionScanner - Identified candidate component class: file [/Users/wangweili/Documents/MyDesign/learning/msb-source/msb-spring/integration-tests/build/classes/java/test/org/springframework/context/annotation/scope/ClassPathBeanDefinitionScannerScopeIntegrationTests$SessionScopedTestBean.class]
17:29:34.394 [Test worker] DEBUG o.s.c.a.ClassPathBeanDefinitionScanner - Identified candidate component class: file [/Users/wangweili/Documents/MyDesign/learning/msb-source/msb-spring/integration-tests/build/classes/java/test/org/springframework/context/annotation/scope/ClassPathBeanDefinitionScannerScopeIntegrationTests$SingletonScopedTestBean.class]
17:29:34.449 [Test worker] DEBUG o.s.w.c.s.GenericWebApplicationContext - Refreshing org.springframework.web.context.support.GenericWebApplicationContext@1eda0572
17:29:34.458 [Test worker] DEBUG o.s.u.c.s.UiApplicationContextUtils - Unable to locate ThemeSource with name 'themeSource': using default [org.springframework.ui.context.support.ResourceBundleThemeSource@41da5e6f]
17:29:34.458 [Test worker] DEBUG o.s.b.f.s.DefaultListableBeanFactory - Creating shared instance of singleton bean 'request'
17:29:34.459 [Test worker] DEBUG o.s.b.f.s.DefaultListableBeanFactory - Creating shared instance of singleton bean 'session'
17:29:34.459 [Test worker] DEBUG o.s.b.f.s.DefaultListableBeanFactory - Creating shared instance of singleton bean 'singleton'
17:29:34.472 [Test worker] DEBUG o.s.c.a.ClassPathBeanDefinitionScanner - Identified candidate component class: file [/Users/wangweili/Documents/MyDesign/learning/msb-source/msb-spring/integration-tests/build/classes/java/test/org/springframework/context/annotation/scope/ClassPathBeanDefinitionScannerScopeIntegrationTests$RequestScopedTestBean.class]
17:29:34.473 [Test worker] DEBUG o.s.c.a.ClassPathBeanDefinitionScanner - Identified candidate component class: file [/Users/wangweili/Documents/MyDesign/learning/msb-source/msb-spring/integration-tests/build/classes/java/test/org/springframework/context/annotation/scope/ClassPathBeanDefinitionScannerScopeIntegrationTests$SessionScopedTestBean.class]
17:29:34.474 [Test worker] DEBUG o.s.c.a.ClassPathBeanDefinitionScanner - Identified candidate component class: file [/Users/wangweili/Documents/MyDesign/learning/msb-source/msb-spring/integration-tests/build/classes/java/test/org/springframework/context/annotation/scope/ClassPathBeanDefinitionScannerScopeIntegrationTests$SingletonScopedTestBean.class]
17:29:34.476 [Test worker] DEBUG o.s.c.a.ClassPathBeanDefinitionScanner - Identified candidate component class: file [/Users/wangweili/Documents/MyDesign/learning/msb-source/msb-spring/integration-tests/build/classes/java/test/org/springframework/context/annotation/scope/ClassPathBeanDefinitionScannerScopeIntegrationTests$RequestScopedTestBean.class]
17:29:34.477 [Test worker] DEBUG o.s.c.a.ClassPathBeanDefinitionScanner - Identified candidate component class: file [/Users/wangweili/Documents/MyDesign/learning/msb-source/msb-spring/integration-tests/build/classes/java/test/org/springframework/context/annotation/scope/ClassPathBeanDefinitionScannerScopeIntegrationTests$SessionScopedTestBean.class]
17:29:34.477 [Test worker] DEBUG o.s.c.a.ClassPathBeanDefinitionScanner - Identified candidate component class: file [/Users/wangweili/Documents/MyDesign/learning/msb-source/msb-spring/integration-tests/build/classes/java/test/org/springframework/context/annotation/scope/ClassPathBeanDefinitionScannerScopeIntegrationTests$SingletonScopedTestBean.class]
17:29:34.477 [Test worker] DEBUG o.s.w.c.s.GenericWebApplicationContext - Refreshing org.springframework.web.context.support.GenericWebApplicationContext@2c36a1cf
17:29:34.478 [Test worker] DEBUG o.s.u.c.s.UiApplicationContextUtils - Unable to locate ThemeSource with name 'themeSource': using default [org.springframework.ui.context.support.ResourceBundleThemeSource@63d905d5]
17:29:34.478 [Test worker] DEBUG o.s.b.f.s.DefaultListableBeanFactory - Creating shared instance of singleton bean 'request'
17:29:34.479 [Test worker] DEBUG o.s.b.f.s.DefaultListableBeanFactory - Creating shared instance of singleton bean 'session'
17:29:34.479 [Test worker] DEBUG o.s.b.f.s.DefaultListableBeanFactory - Creating shared instance of singleton bean 'singleton'
]]></system-out>
  <system-err><![CDATA[]]></system-err>
</testsuite>
