<?xml version="1.0" encoding="UTF-8"?>
<testsuite name="org.springframework.core.env.PropertyPlaceholderConfigurerEnvironmentIntegrationTests" tests="1" skipped="0" failures="0" errors="0" timestamp="2021-04-26T07:40:10" hostname="wangweilideMacBook-Pro.local" time="0.033">
  <properties/>
  <testcase name="test()" classname="org.springframework.core.env.PropertyPlaceholderConfigurerEnvironmentIntegrationTests" time="0.033"/>
  <system-out><![CDATA[15:40:10.281 [Test worker] DEBUG o.s.c.s.GenericApplicationContext - Refreshing org.springframework.context.support.GenericApplicationContext@42d084a9
15:40:10.281 [Test worker] DEBUG o.s.b.f.s.DefaultListableBeanFactory - Creating shared instance of singleton bean 'ppc'
15:40:10.310 [Test worker] DEBUG o.s.c.s.GenericApplicationContext - Closing org.springframework.context.support.GenericApplicationContext@42d084a9, started on Mon Apr 26 15:40:10 CST 2021
]]></system-out>
  <system-err><![CDATA[]]></system-err>
</testsuite>
