<?xml version="1.0" encoding="UTF-8"?>
<testsuite name="org.springframework.aop.framework.autoproxy.AspectJAutoProxyAdviceOrderIntegrationTests$AfterAdviceFirstTests" tests="1" skipped="0" failures="0" errors="0" timestamp="2021-04-26T07:40:11" hostname="wangweilideMacBook-Pro.local" time="0.006">
  <properties/>
  <testcase name="afterAdviceIsInvokedLast(Echo, AfterAdviceFirstAspect)" classname="org.springframework.aop.framework.autoproxy.AspectJAutoProxyAdviceOrderIntegrationTests$AfterAdviceFirstTests" time="0.006"/>
  <system-out><![CDATA[15:40:11.267 [Test worker] DEBUG o.s.t.c.BootstrapUtils - Instantiating CacheAwareContextLoaderDelegate from class [org.springframework.test.context.cache.DefaultCacheAwareContextLoaderDelegate]
15:40:11.268 [Test worker] DEBUG o.s.t.c.BootstrapUtils - Instantiating BootstrapContext using constructor [public org.springframework.test.context.support.DefaultBootstrapContext(java.lang.Class,org.springframework.test.context.CacheAwareContextLoaderDelegate)]
15:40:11.268 [Test worker] DEBUG o.s.t.c.BootstrapUtils - Instantiating TestContextBootstrapper for test class [org.springframework.aop.framework.autoproxy.AspectJAutoProxyAdviceOrderIntegrationTests$AfterAdviceFirstTests] from class [org.springframework.test.context.support.DefaultTestContextBootstrapper]
15:40:11.270 [Test worker] DEBUG o.s.t.c.s.AbstractDelegatingSmartContextLoader - Delegating to AnnotationConfigContextLoader to process context configuration [ContextConfigurationAttributes@481003a3 declaringClass = 'org.springframework.aop.framework.autoproxy.AspectJAutoProxyAdviceOrderIntegrationTests$AfterAdviceFirstTests', classes = '{class org.springframework.aop.framework.autoproxy.AspectJAutoProxyAdviceOrderIntegrationTests$AfterAdviceFirstConfig}', locations = '{}', inheritLocations = true, initializers = '{}', inheritInitializers = true, name = [null], contextLoaderClass = 'org.springframework.test.context.ContextLoader'].
15:40:11.270 [Test worker] DEBUG o.s.t.c.s.ActiveProfilesUtils - Could not find an 'annotation declaring class' for annotation type [org.springframework.test.context.ActiveProfiles] and class [org.springframework.aop.framework.autoproxy.AspectJAutoProxyAdviceOrderIntegrationTests$AfterAdviceFirstTests]
15:40:11.271 [Test worker] DEBUG o.s.t.c.s.DefaultTestContextBootstrapper - @TestExecutionListeners is not present for class [org.springframework.aop.framework.autoproxy.AspectJAutoProxyAdviceOrderIntegrationTests$AfterAdviceFirstTests]: using defaults.
15:40:11.271 [Test worker] INFO  o.s.t.c.s.DefaultTestContextBootstrapper - Loaded default TestExecutionListener class names from location [META-INF/spring.factories]: [org.springframework.test.context.web.ServletTestExecutionListener, org.springframework.test.context.support.DirtiesContextBeforeModesTestExecutionListener, org.springframework.test.context.event.ApplicationEventsTestExecutionListener, org.springframework.test.context.support.DependencyInjectionTestExecutionListener, org.springframework.test.context.support.DirtiesContextTestExecutionListener, org.springframework.test.context.transaction.TransactionalTestExecutionListener, org.springframework.test.context.jdbc.SqlScriptsTestExecutionListener, org.springframework.test.context.event.EventPublishingTestExecutionListener]
15:40:11.271 [Test worker] INFO  o.s.t.c.s.DefaultTestContextBootstrapper - Using TestExecutionListeners: [org.springframework.test.context.web.ServletTestExecutionListener@500e3575, org.springframework.test.context.support.DirtiesContextBeforeModesTestExecutionListener@521c1c83, org.springframework.test.context.event.ApplicationEventsTestExecutionListener@2e97ff78, org.springframework.test.context.support.DependencyInjectionTestExecutionListener@66d2ec12, org.springframework.test.context.support.DirtiesContextTestExecutionListener@47d6d820, org.springframework.test.context.transaction.TransactionalTestExecutionListener@751c3c5d, org.springframework.test.context.jdbc.SqlScriptsTestExecutionListener@64e171b9, org.springframework.test.context.event.EventPublishingTestExecutionListener@15a2b34b]
15:40:11.271 [Test worker] DEBUG o.s.t.c.s.AbstractDirtiesContextTestExecutionListener - Before test class: context [DefaultTestContext@64c46e07 testClass = AspectJAutoProxyAdviceOrderIntegrationTests.AfterAdviceFirstTests, testInstance = [null], testMethod = [null], testException = [null], mergedContextConfiguration = [MergedContextConfiguration@702e5816 testClass = AspectJAutoProxyAdviceOrderIntegrationTests.AfterAdviceFirstTests, locations = '{}', classes = '{class org.springframework.aop.framework.autoproxy.AspectJAutoProxyAdviceOrderIntegrationTests$AfterAdviceFirstConfig}', contextInitializerClasses = '[]', activeProfiles = '{}', propertySourceLocations = '{}', propertySourceProperties = '{}', contextCustomizers = set[[empty]], contextLoader = 'org.springframework.test.context.support.DelegatingSmartContextLoader', parent = [null]], attributes = map[[empty]]], class annotated with @DirtiesContext [true] with mode [AFTER_CLASS].
15:40:11.272 [Test worker] DEBUG o.s.t.c.s.DependencyInjectionTestExecutionListener - Performing dependency injection for test context [[DefaultTestContext@64c46e07 testClass = AspectJAutoProxyAdviceOrderIntegrationTests.AfterAdviceFirstTests, testInstance = org.springframework.aop.framework.autoproxy.AspectJAutoProxyAdviceOrderIntegrationTests$AfterAdviceFirstTests@1f2d9313, testMethod = [null], testException = [null], mergedContextConfiguration = [MergedContextConfiguration@702e5816 testClass = AspectJAutoProxyAdviceOrderIntegrationTests.AfterAdviceFirstTests, locations = '{}', classes = '{class org.springframework.aop.framework.autoproxy.AspectJAutoProxyAdviceOrderIntegrationTests$AfterAdviceFirstConfig}', contextInitializerClasses = '[]', activeProfiles = '{}', propertySourceLocations = '{}', propertySourceProperties = '{}', contextCustomizers = set[[empty]], contextLoader = 'org.springframework.test.context.support.DelegatingSmartContextLoader', parent = [null]], attributes = map['org.springframework.test.context.event.ApplicationEventsTestExecutionListener.recordApplicationEvents' -> false]]].
15:40:11.272 [Test worker] DEBUG o.s.t.c.s.AbstractDelegatingSmartContextLoader - Delegating to AnnotationConfigContextLoader to load context from [MergedContextConfiguration@702e5816 testClass = AspectJAutoProxyAdviceOrderIntegrationTests.AfterAdviceFirstTests, locations = '{}', classes = '{class org.springframework.aop.framework.autoproxy.AspectJAutoProxyAdviceOrderIntegrationTests$AfterAdviceFirstConfig}', contextInitializerClasses = '[]', activeProfiles = '{}', propertySourceLocations = '{}', propertySourceProperties = '{}', contextCustomizers = set[[empty]], contextLoader = 'org.springframework.test.context.support.DelegatingSmartContextLoader', parent = [null]].
15:40:11.272 [Test worker] DEBUG o.s.t.c.s.AbstractGenericContextLoader - Loading ApplicationContext for merged context configuration [[MergedContextConfiguration@702e5816 testClass = AspectJAutoProxyAdviceOrderIntegrationTests.AfterAdviceFirstTests, locations = '{}', classes = '{class org.springframework.aop.framework.autoproxy.AspectJAutoProxyAdviceOrderIntegrationTests$AfterAdviceFirstConfig}', contextInitializerClasses = '[]', activeProfiles = '{}', propertySourceLocations = '{}', propertySourceProperties = '{}', contextCustomizers = set[[empty]], contextLoader = 'org.springframework.test.context.support.DelegatingSmartContextLoader', parent = [null]]].
15:40:11.273 [Test worker] DEBUG o.s.c.e.StandardEnvironment - Activating profiles []
15:40:11.273 [Test worker] DEBUG o.s.t.c.s.AnnotationConfigContextLoader - Registering component classes: {class org.springframework.aop.framework.autoproxy.AspectJAutoProxyAdviceOrderIntegrationTests$AfterAdviceFirstConfig}
15:40:11.273 [Test worker] DEBUG o.s.c.s.GenericApplicationContext - Refreshing org.springframework.context.support.GenericApplicationContext@1f955356
15:40:11.273 [Test worker] DEBUG o.s.b.f.s.DefaultListableBeanFactory - Creating shared instance of singleton bean 'org.springframework.context.annotation.internalConfigurationAnnotationProcessor'
15:40:11.278 [Test worker] DEBUG o.s.b.f.s.DefaultListableBeanFactory - Creating shared instance of singleton bean 'org.springframework.context.event.internalEventListenerProcessor'
15:40:11.278 [Test worker] DEBUG o.s.b.f.s.DefaultListableBeanFactory - Creating shared instance of singleton bean 'org.springframework.context.event.internalEventListenerFactory'
15:40:11.279 [Test worker] DEBUG o.s.b.f.s.DefaultListableBeanFactory - Creating shared instance of singleton bean 'org.springframework.context.annotation.internalAutowiredAnnotationProcessor'
15:40:11.279 [Test worker] DEBUG o.s.b.f.s.DefaultListableBeanFactory - Creating shared instance of singleton bean 'org.springframework.context.annotation.internalPersistenceAnnotationProcessor'
15:40:11.279 [Test worker] DEBUG o.s.b.f.s.DefaultListableBeanFactory - Creating shared instance of singleton bean 'org.springframework.aop.config.internalAutoProxyCreator'
15:40:11.281 [Test worker] DEBUG o.s.b.f.s.DefaultListableBeanFactory - Creating shared instance of singleton bean 'aspectJAutoProxyAdviceOrderIntegrationTests.AfterAdviceFirstConfig'
15:40:11.284 [Test worker] DEBUG o.s.a.a.a.ReflectiveAspectJAdvisorFactory - Found AspectJ method: java.lang.Object org.springframework.aop.framework.autoproxy.AspectJAutoProxyAdviceOrderIntegrationTests$AfterAdviceFirstAspect.around(org.aspectj.lang.ProceedingJoinPoint) throws java.lang.Throwable
15:40:11.285 [Test worker] DEBUG o.s.a.a.a.ReflectiveAspectJAdvisorFactory - Found AspectJ method: void org.springframework.aop.framework.autoproxy.AspectJAutoProxyAdviceOrderIntegrationTests$AfterAdviceFirstAspect.before()
15:40:11.285 [Test worker] DEBUG o.s.a.a.a.ReflectiveAspectJAdvisorFactory - Found AspectJ method: void org.springframework.aop.framework.autoproxy.AspectJAutoProxyAdviceOrderIntegrationTests$AfterAdviceFirstAspect.after()
15:40:11.285 [Test worker] DEBUG o.s.a.a.a.ReflectiveAspectJAdvisorFactory - Found AspectJ method: void org.springframework.aop.framework.autoproxy.AspectJAutoProxyAdviceOrderIntegrationTests$AfterAdviceFirstAspect.afterReturning()
15:40:11.286 [Test worker] DEBUG o.s.a.a.a.ReflectiveAspectJAdvisorFactory - Found AspectJ method: void org.springframework.aop.framework.autoproxy.AspectJAutoProxyAdviceOrderIntegrationTests$AfterAdviceFirstAspect.afterThrowing()
15:40:11.300 [Test worker] DEBUG o.s.b.f.s.DefaultListableBeanFactory - Creating shared instance of singleton bean 'echoAspect'
15:40:11.310 [Test worker] DEBUG o.s.b.f.s.DefaultListableBeanFactory - Creating shared instance of singleton bean 'echo'
15:40:11.326 [Test worker] DEBUG o.s.t.c.c.DefaultCacheAwareContextLoaderDelegate - Storing ApplicationContext [529879894] in cache under key [[MergedContextConfiguration@702e5816 testClass = AspectJAutoProxyAdviceOrderIntegrationTests.AfterAdviceFirstTests, locations = '{}', classes = '{class org.springframework.aop.framework.autoproxy.AspectJAutoProxyAdviceOrderIntegrationTests$AfterAdviceFirstConfig}', contextInitializerClasses = '[]', activeProfiles = '{}', propertySourceLocations = '{}', propertySourceProperties = '{}', contextCustomizers = set[[empty]], contextLoader = 'org.springframework.test.context.support.DelegatingSmartContextLoader', parent = [null]]]
15:40:11.326 [Test worker] DEBUG o.s.t.c.cache - Spring test ApplicationContext cache statistics: [DefaultContextCache@70292867 size = 1, maxSize = 32, parentContextCount = 0, hitCount = 8, missCount = 2]
15:40:11.327 [Test worker] DEBUG o.s.t.c.c.DefaultCacheAwareContextLoaderDelegate - Retrieved ApplicationContext [529879894] from cache with key [[MergedContextConfiguration@702e5816 testClass = AspectJAutoProxyAdviceOrderIntegrationTests.AfterAdviceFirstTests, locations = '{}', classes = '{class org.springframework.aop.framework.autoproxy.AspectJAutoProxyAdviceOrderIntegrationTests$AfterAdviceFirstConfig}', contextInitializerClasses = '[]', activeProfiles = '{}', propertySourceLocations = '{}', propertySourceProperties = '{}', contextCustomizers = set[[empty]], contextLoader = 'org.springframework.test.context.support.DelegatingSmartContextLoader', parent = [null]]]
15:40:11.327 [Test worker] DEBUG o.s.t.c.cache - Spring test ApplicationContext cache statistics: [DefaultContextCache@70292867 size = 1, maxSize = 32, parentContextCount = 0, hitCount = 9, missCount = 2]
15:40:11.328 [Test worker] DEBUG o.s.t.c.s.AbstractDirtiesContextTestExecutionListener - Before test method: context [DefaultTestContext@64c46e07 testClass = AspectJAutoProxyAdviceOrderIntegrationTests.AfterAdviceFirstTests, testInstance = org.springframework.aop.framework.autoproxy.AspectJAutoProxyAdviceOrderIntegrationTests$AfterAdviceFirstTests@1f2d9313, testMethod = afterAdviceIsInvokedLast@AspectJAutoProxyAdviceOrderIntegrationTests.AfterAdviceFirstTests, testException = [null], mergedContextConfiguration = [MergedContextConfiguration@702e5816 testClass = AspectJAutoProxyAdviceOrderIntegrationTests.AfterAdviceFirstTests, locations = '{}', classes = '{class org.springframework.aop.framework.autoproxy.AspectJAutoProxyAdviceOrderIntegrationTests$AfterAdviceFirstConfig}', contextInitializerClasses = '[]', activeProfiles = '{}', propertySourceLocations = '{}', propertySourceProperties = '{}', contextCustomizers = set[[empty]], contextLoader = 'org.springframework.test.context.support.DelegatingSmartContextLoader', parent = [null]], attributes = map['org.springframework.test.context.event.ApplicationEventsTestExecutionListener.recordApplicationEvents' -> false]], class annotated with @DirtiesContext [true] with mode [AFTER_CLASS], method annotated with @DirtiesContext [false] with mode [null].
15:40:11.329 [Test worker] DEBUG o.s.t.c.c.DefaultCacheAwareContextLoaderDelegate - Retrieved ApplicationContext [529879894] from cache with key [[MergedContextConfiguration@702e5816 testClass = AspectJAutoProxyAdviceOrderIntegrationTests.AfterAdviceFirstTests, locations = '{}', classes = '{class org.springframework.aop.framework.autoproxy.AspectJAutoProxyAdviceOrderIntegrationTests$AfterAdviceFirstConfig}', contextInitializerClasses = '[]', activeProfiles = '{}', propertySourceLocations = '{}', propertySourceProperties = '{}', contextCustomizers = set[[empty]], contextLoader = 'org.springframework.test.context.support.DelegatingSmartContextLoader', parent = [null]]]
15:40:11.329 [Test worker] DEBUG o.s.t.c.cache - Spring test ApplicationContext cache statistics: [DefaultContextCache@70292867 size = 1, maxSize = 32, parentContextCount = 0, hitCount = 10, missCount = 2]
15:40:11.329 [Test worker] DEBUG o.s.t.c.c.DefaultCacheAwareContextLoaderDelegate - Retrieved ApplicationContext [529879894] from cache with key [[MergedContextConfiguration@702e5816 testClass = AspectJAutoProxyAdviceOrderIntegrationTests.AfterAdviceFirstTests, locations = '{}', classes = '{class org.springframework.aop.framework.autoproxy.AspectJAutoProxyAdviceOrderIntegrationTests$AfterAdviceFirstConfig}', contextInitializerClasses = '[]', activeProfiles = '{}', propertySourceLocations = '{}', propertySourceProperties = '{}', contextCustomizers = set[[empty]], contextLoader = 'org.springframework.test.context.support.DelegatingSmartContextLoader', parent = [null]]]
15:40:11.329 [Test worker] DEBUG o.s.t.c.cache - Spring test ApplicationContext cache statistics: [DefaultContextCache@70292867 size = 1, maxSize = 32, parentContextCount = 0, hitCount = 11, missCount = 2]
15:40:11.330 [Test worker] DEBUG o.s.t.c.c.DefaultCacheAwareContextLoaderDelegate - Retrieved ApplicationContext [529879894] from cache with key [[MergedContextConfiguration@702e5816 testClass = AspectJAutoProxyAdviceOrderIntegrationTests.AfterAdviceFirstTests, locations = '{}', classes = '{class org.springframework.aop.framework.autoproxy.AspectJAutoProxyAdviceOrderIntegrationTests$AfterAdviceFirstConfig}', contextInitializerClasses = '[]', activeProfiles = '{}', propertySourceLocations = '{}', propertySourceProperties = '{}', contextCustomizers = set[[empty]], contextLoader = 'org.springframework.test.context.support.DelegatingSmartContextLoader', parent = [null]]]
15:40:11.330 [Test worker] DEBUG o.s.t.c.cache - Spring test ApplicationContext cache statistics: [DefaultContextCache@70292867 size = 1, maxSize = 32, parentContextCount = 0, hitCount = 12, missCount = 2]
15:40:11.331 [Test worker] DEBUG o.s.t.c.c.DefaultCacheAwareContextLoaderDelegate - Retrieved ApplicationContext [529879894] from cache with key [[MergedContextConfiguration@702e5816 testClass = AspectJAutoProxyAdviceOrderIntegrationTests.AfterAdviceFirstTests, locations = '{}', classes = '{class org.springframework.aop.framework.autoproxy.AspectJAutoProxyAdviceOrderIntegrationTests$AfterAdviceFirstConfig}', contextInitializerClasses = '[]', activeProfiles = '{}', propertySourceLocations = '{}', propertySourceProperties = '{}', contextCustomizers = set[[empty]], contextLoader = 'org.springframework.test.context.support.DelegatingSmartContextLoader', parent = [null]]]
15:40:11.331 [Test worker] DEBUG o.s.t.c.cache - Spring test ApplicationContext cache statistics: [DefaultContextCache@70292867 size = 1, maxSize = 32, parentContextCount = 0, hitCount = 13, missCount = 2]
15:40:11.333 [Test worker] DEBUG o.s.t.c.c.DefaultCacheAwareContextLoaderDelegate - Retrieved ApplicationContext [529879894] from cache with key [[MergedContextConfiguration@702e5816 testClass = AspectJAutoProxyAdviceOrderIntegrationTests.AfterAdviceFirstTests, locations = '{}', classes = '{class org.springframework.aop.framework.autoproxy.AspectJAutoProxyAdviceOrderIntegrationTests$AfterAdviceFirstConfig}', contextInitializerClasses = '[]', activeProfiles = '{}', propertySourceLocations = '{}', propertySourceProperties = '{}', contextCustomizers = set[[empty]], contextLoader = 'org.springframework.test.context.support.DelegatingSmartContextLoader', parent = [null]]]
15:40:11.333 [Test worker] DEBUG o.s.t.c.cache - Spring test ApplicationContext cache statistics: [DefaultContextCache@70292867 size = 1, maxSize = 32, parentContextCount = 0, hitCount = 14, missCount = 2]
15:40:11.333 [Test worker] DEBUG o.s.t.c.c.DefaultCacheAwareContextLoaderDelegate - Retrieved ApplicationContext [529879894] from cache with key [[MergedContextConfiguration@702e5816 testClass = AspectJAutoProxyAdviceOrderIntegrationTests.AfterAdviceFirstTests, locations = '{}', classes = '{class org.springframework.aop.framework.autoproxy.AspectJAutoProxyAdviceOrderIntegrationTests$AfterAdviceFirstConfig}', contextInitializerClasses = '[]', activeProfiles = '{}', propertySourceLocations = '{}', propertySourceProperties = '{}', contextCustomizers = set[[empty]], contextLoader = 'org.springframework.test.context.support.DelegatingSmartContextLoader', parent = [null]]]
15:40:11.333 [Test worker] DEBUG o.s.t.c.cache - Spring test ApplicationContext cache statistics: [DefaultContextCache@70292867 size = 1, maxSize = 32, parentContextCount = 0, hitCount = 15, missCount = 2]
15:40:11.334 [Test worker] DEBUG o.s.t.c.s.AbstractDirtiesContextTestExecutionListener - After test method: context [DefaultTestContext@64c46e07 testClass = AspectJAutoProxyAdviceOrderIntegrationTests.AfterAdviceFirstTests, testInstance = org.springframework.aop.framework.autoproxy.AspectJAutoProxyAdviceOrderIntegrationTests$AfterAdviceFirstTests@1f2d9313, testMethod = afterAdviceIsInvokedLast@AspectJAutoProxyAdviceOrderIntegrationTests.AfterAdviceFirstTests, testException = [null], mergedContextConfiguration = [MergedContextConfiguration@702e5816 testClass = AspectJAutoProxyAdviceOrderIntegrationTests.AfterAdviceFirstTests, locations = '{}', classes = '{class org.springframework.aop.framework.autoproxy.AspectJAutoProxyAdviceOrderIntegrationTests$AfterAdviceFirstConfig}', contextInitializerClasses = '[]', activeProfiles = '{}', propertySourceLocations = '{}', propertySourceProperties = '{}', contextCustomizers = set[[empty]], contextLoader = 'org.springframework.test.context.support.DelegatingSmartContextLoader', parent = [null]], attributes = map['org.springframework.test.context.event.ApplicationEventsTestExecutionListener.recordApplicationEvents' -> false]], class annotated with @DirtiesContext [true] with mode [AFTER_CLASS], method annotated with @DirtiesContext [false] with mode [null].
15:40:11.334 [Test worker] DEBUG o.s.t.c.c.DefaultCacheAwareContextLoaderDelegate - Retrieved ApplicationContext [529879894] from cache with key [[MergedContextConfiguration@702e5816 testClass = AspectJAutoProxyAdviceOrderIntegrationTests.AfterAdviceFirstTests, locations = '{}', classes = '{class org.springframework.aop.framework.autoproxy.AspectJAutoProxyAdviceOrderIntegrationTests$AfterAdviceFirstConfig}', contextInitializerClasses = '[]', activeProfiles = '{}', propertySourceLocations = '{}', propertySourceProperties = '{}', contextCustomizers = set[[empty]], contextLoader = 'org.springframework.test.context.support.DelegatingSmartContextLoader', parent = [null]]]
15:40:11.334 [Test worker] DEBUG o.s.t.c.cache - Spring test ApplicationContext cache statistics: [DefaultContextCache@70292867 size = 1, maxSize = 32, parentContextCount = 0, hitCount = 16, missCount = 2]
15:40:11.335 [Test worker] DEBUG o.s.t.c.s.AbstractDirtiesContextTestExecutionListener - After test class: context [DefaultTestContext@64c46e07 testClass = AspectJAutoProxyAdviceOrderIntegrationTests.AfterAdviceFirstTests, testInstance = [null], testMethod = [null], testException = [null], mergedContextConfiguration = [MergedContextConfiguration@702e5816 testClass = AspectJAutoProxyAdviceOrderIntegrationTests.AfterAdviceFirstTests, locations = '{}', classes = '{class org.springframework.aop.framework.autoproxy.AspectJAutoProxyAdviceOrderIntegrationTests$AfterAdviceFirstConfig}', contextInitializerClasses = '[]', activeProfiles = '{}', propertySourceLocations = '{}', propertySourceProperties = '{}', contextCustomizers = set[[empty]], contextLoader = 'org.springframework.test.context.support.DelegatingSmartContextLoader', parent = [null]], attributes = map['org.springframework.test.context.event.ApplicationEventsTestExecutionListener.recordApplicationEvents' -> false]], class annotated with @DirtiesContext [true] with mode [AFTER_CLASS].
15:40:11.335 [Test worker] DEBUG o.s.c.s.GenericApplicationContext - Closing org.springframework.context.support.GenericApplicationContext@1f955356, started on Mon Apr 26 15:40:11 CST 2021
]]></system-out>
  <system-err><![CDATA[]]></system-err>
</testsuite>
