<?xml version="1.0" encoding="UTF-8"?>
<testsuite name="org.springframework.aop.framework.autoproxy.AspectJAutoProxyAdviceOrderIntegrationTests$AfterAdviceFirstTests" tests="1" skipped="0" failures="0" errors="0" timestamp="2021-05-01T09:29:37" hostname="wangweilideMBP.lan" time="0.018">
  <properties/>
  <testcase name="afterAdviceIsInvokedLast(Echo, AfterAdviceFirstAspect)" classname="org.springframework.aop.framework.autoproxy.AspectJAutoProxyAdviceOrderIntegrationTests$AfterAdviceFirstTests" time="0.018"/>
  <system-out><![CDATA[17:29:37.743 [Test worker] DEBUG o.s.t.c.BootstrapUtils - Instantiating CacheAwareContextLoaderDelegate from class [org.springframework.test.context.cache.DefaultCacheAwareContextLoaderDelegate]
17:29:37.743 [Test worker] DEBUG o.s.t.c.BootstrapUtils - Instantiating BootstrapContext using constructor [public org.springframework.test.context.support.DefaultBootstrapContext(java.lang.Class,org.springframework.test.context.CacheAwareContextLoaderDelegate)]
17:29:37.744 [Test worker] DEBUG o.s.t.c.BootstrapUtils - Instantiating TestContextBootstrapper for test class [org.springframework.aop.framework.autoproxy.AspectJAutoProxyAdviceOrderIntegrationTests$AfterAdviceFirstTests] from class [org.springframework.test.context.support.DefaultTestContextBootstrapper]
17:29:37.745 [Test worker] DEBUG o.s.t.c.s.AbstractDelegatingSmartContextLoader - Delegating to AnnotationConfigContextLoader to process context configuration [ContextConfigurationAttributes@34b96356 declaringClass = 'org.springframework.aop.framework.autoproxy.AspectJAutoProxyAdviceOrderIntegrationTests$AfterAdviceFirstTests', classes = '{class org.springframework.aop.framework.autoproxy.AspectJAutoProxyAdviceOrderIntegrationTests$AfterAdviceFirstConfig}', locations = '{}', inheritLocations = true, initializers = '{}', inheritInitializers = true, name = [null], contextLoaderClass = 'org.springframework.test.context.ContextLoader'].
17:29:37.746 [Test worker] DEBUG o.s.t.c.s.ActiveProfilesUtils - Could not find an 'annotation declaring class' for annotation type [org.springframework.test.context.ActiveProfiles] and class [org.springframework.aop.framework.autoproxy.AspectJAutoProxyAdviceOrderIntegrationTests$AfterAdviceFirstTests]
17:29:37.746 [Test worker] DEBUG o.s.t.c.s.DefaultTestContextBootstrapper - @TestExecutionListeners is not present for class [org.springframework.aop.framework.autoproxy.AspectJAutoProxyAdviceOrderIntegrationTests$AfterAdviceFirstTests]: using defaults.
17:29:37.746 [Test worker] INFO  o.s.t.c.s.DefaultTestContextBootstrapper - Loaded default TestExecutionListener class names from location [META-INF/spring.factories]: [org.springframework.test.context.web.ServletTestExecutionListener, org.springframework.test.context.support.DirtiesContextBeforeModesTestExecutionListener, org.springframework.test.context.event.ApplicationEventsTestExecutionListener, org.springframework.test.context.support.DependencyInjectionTestExecutionListener, org.springframework.test.context.support.DirtiesContextTestExecutionListener, org.springframework.test.context.transaction.TransactionalTestExecutionListener, org.springframework.test.context.jdbc.SqlScriptsTestExecutionListener, org.springframework.test.context.event.EventPublishingTestExecutionListener]
17:29:37.746 [Test worker] INFO  o.s.t.c.s.DefaultTestContextBootstrapper - Using TestExecutionListeners: [org.springframework.test.context.web.ServletTestExecutionListener@7280f6d6, org.springframework.test.context.support.DirtiesContextBeforeModesTestExecutionListener@71da8f2b, org.springframework.test.context.event.ApplicationEventsTestExecutionListener@4930d21a, org.springframework.test.context.support.DependencyInjectionTestExecutionListener@366cabb9, org.springframework.test.context.support.DirtiesContextTestExecutionListener@43afcde4, org.springframework.test.context.transaction.TransactionalTestExecutionListener@66a9b16d, org.springframework.test.context.jdbc.SqlScriptsTestExecutionListener@29c60fa0, org.springframework.test.context.event.EventPublishingTestExecutionListener@7a245842]
17:29:37.746 [Test worker] DEBUG o.s.t.c.s.AbstractDirtiesContextTestExecutionListener - Before test class: context [DefaultTestContext@47d96a0f testClass = AspectJAutoProxyAdviceOrderIntegrationTests.AfterAdviceFirstTests, testInstance = [null], testMethod = [null], testException = [null], mergedContextConfiguration = [MergedContextConfiguration@6c508940 testClass = AspectJAutoProxyAdviceOrderIntegrationTests.AfterAdviceFirstTests, locations = '{}', classes = '{class org.springframework.aop.framework.autoproxy.AspectJAutoProxyAdviceOrderIntegrationTests$AfterAdviceFirstConfig}', contextInitializerClasses = '[]', activeProfiles = '{}', propertySourceLocations = '{}', propertySourceProperties = '{}', contextCustomizers = set[[empty]], contextLoader = 'org.springframework.test.context.support.DelegatingSmartContextLoader', parent = [null]], attributes = map[[empty]]], class annotated with @DirtiesContext [true] with mode [AFTER_CLASS].
17:29:37.766 [Test worker] DEBUG o.s.t.c.s.DependencyInjectionTestExecutionListener - Performing dependency injection for test context [[DefaultTestContext@47d96a0f testClass = AspectJAutoProxyAdviceOrderIntegrationTests.AfterAdviceFirstTests, testInstance = org.springframework.aop.framework.autoproxy.AspectJAutoProxyAdviceOrderIntegrationTests$AfterAdviceFirstTests@75f23065, testMethod = [null], testException = [null], mergedContextConfiguration = [MergedContextConfiguration@6c508940 testClass = AspectJAutoProxyAdviceOrderIntegrationTests.AfterAdviceFirstTests, locations = '{}', classes = '{class org.springframework.aop.framework.autoproxy.AspectJAutoProxyAdviceOrderIntegrationTests$AfterAdviceFirstConfig}', contextInitializerClasses = '[]', activeProfiles = '{}', propertySourceLocations = '{}', propertySourceProperties = '{}', contextCustomizers = set[[empty]], contextLoader = 'org.springframework.test.context.support.DelegatingSmartContextLoader', parent = [null]], attributes = map['org.springframework.test.context.event.ApplicationEventsTestExecutionListener.recordApplicationEvents' -> false]]].
17:29:37.766 [Test worker] DEBUG o.s.t.c.s.AbstractDelegatingSmartContextLoader - Delegating to AnnotationConfigContextLoader to load context from [MergedContextConfiguration@6c508940 testClass = AspectJAutoProxyAdviceOrderIntegrationTests.AfterAdviceFirstTests, locations = '{}', classes = '{class org.springframework.aop.framework.autoproxy.AspectJAutoProxyAdviceOrderIntegrationTests$AfterAdviceFirstConfig}', contextInitializerClasses = '[]', activeProfiles = '{}', propertySourceLocations = '{}', propertySourceProperties = '{}', contextCustomizers = set[[empty]], contextLoader = 'org.springframework.test.context.support.DelegatingSmartContextLoader', parent = [null]].
17:29:37.766 [Test worker] DEBUG o.s.t.c.s.AbstractGenericContextLoader - Loading ApplicationContext for merged context configuration [[MergedContextConfiguration@6c508940 testClass = AspectJAutoProxyAdviceOrderIntegrationTests.AfterAdviceFirstTests, locations = '{}', classes = '{class org.springframework.aop.framework.autoproxy.AspectJAutoProxyAdviceOrderIntegrationTests$AfterAdviceFirstConfig}', contextInitializerClasses = '[]', activeProfiles = '{}', propertySourceLocations = '{}', propertySourceProperties = '{}', contextCustomizers = set[[empty]], contextLoader = 'org.springframework.test.context.support.DelegatingSmartContextLoader', parent = [null]]].
17:29:37.766 [Test worker] DEBUG o.s.c.e.StandardEnvironment - Activating profiles []
17:29:37.766 [Test worker] DEBUG o.s.t.c.s.AnnotationConfigContextLoader - Registering component classes: {class org.springframework.aop.framework.autoproxy.AspectJAutoProxyAdviceOrderIntegrationTests$AfterAdviceFirstConfig}
17:29:37.767 [Test worker] DEBUG o.s.c.s.GenericApplicationContext - Refreshing org.springframework.context.support.GenericApplicationContext@2dcc90d1
17:29:37.767 [Test worker] DEBUG o.s.b.f.s.DefaultListableBeanFactory - Creating shared instance of singleton bean 'org.springframework.context.annotation.internalConfigurationAnnotationProcessor'
17:29:37.788 [Test worker] DEBUG o.s.b.f.s.DefaultListableBeanFactory - Creating shared instance of singleton bean 'org.springframework.context.event.internalEventListenerProcessor'
17:29:37.788 [Test worker] DEBUG o.s.b.f.s.DefaultListableBeanFactory - Creating shared instance of singleton bean 'org.springframework.context.event.internalEventListenerFactory'
17:29:37.788 [Test worker] DEBUG o.s.b.f.s.DefaultListableBeanFactory - Creating shared instance of singleton bean 'org.springframework.context.annotation.internalAutowiredAnnotationProcessor'
17:29:37.788 [Test worker] DEBUG o.s.b.f.s.DefaultListableBeanFactory - Creating shared instance of singleton bean 'org.springframework.context.annotation.internalCommonAnnotationProcessor'
17:29:37.788 [Test worker] DEBUG o.s.b.f.s.DefaultListableBeanFactory - Creating shared instance of singleton bean 'org.springframework.context.annotation.internalPersistenceAnnotationProcessor'
17:29:37.788 [Test worker] DEBUG o.s.b.f.s.DefaultListableBeanFactory - Creating shared instance of singleton bean 'org.springframework.aop.config.internalAutoProxyCreator'
17:29:37.790 [Test worker] DEBUG o.s.b.f.s.DefaultListableBeanFactory - Creating shared instance of singleton bean 'aspectJAutoProxyAdviceOrderIntegrationTests.AfterAdviceFirstConfig'
17:29:37.794 [Test worker] DEBUG o.s.a.a.a.ReflectiveAspectJAdvisorFactory - Found AspectJ method: java.lang.Object org.springframework.aop.framework.autoproxy.AspectJAutoProxyAdviceOrderIntegrationTests$AfterAdviceFirstAspect.around(org.aspectj.lang.ProceedingJoinPoint) throws java.lang.Throwable
17:29:37.794 [Test worker] DEBUG o.s.a.a.a.ReflectiveAspectJAdvisorFactory - Found AspectJ method: void org.springframework.aop.framework.autoproxy.AspectJAutoProxyAdviceOrderIntegrationTests$AfterAdviceFirstAspect.before()
17:29:37.795 [Test worker] DEBUG o.s.a.a.a.ReflectiveAspectJAdvisorFactory - Found AspectJ method: void org.springframework.aop.framework.autoproxy.AspectJAutoProxyAdviceOrderIntegrationTests$AfterAdviceFirstAspect.after()
17:29:37.795 [Test worker] DEBUG o.s.a.a.a.ReflectiveAspectJAdvisorFactory - Found AspectJ method: void org.springframework.aop.framework.autoproxy.AspectJAutoProxyAdviceOrderIntegrationTests$AfterAdviceFirstAspect.afterReturning()
17:29:37.796 [Test worker] DEBUG o.s.a.a.a.ReflectiveAspectJAdvisorFactory - Found AspectJ method: void org.springframework.aop.framework.autoproxy.AspectJAutoProxyAdviceOrderIntegrationTests$AfterAdviceFirstAspect.afterThrowing()
17:29:37.808 [Test worker] DEBUG o.s.b.f.s.DefaultListableBeanFactory - Creating shared instance of singleton bean 'echoAspect'
17:29:37.812 [Test worker] DEBUG o.s.b.f.s.DefaultListableBeanFactory - Creating shared instance of singleton bean 'echo'
17:29:37.865 [Test worker] DEBUG o.s.t.c.c.DefaultCacheAwareContextLoaderDelegate - Storing ApplicationContext [768381137] in cache under key [[MergedContextConfiguration@6c508940 testClass = AspectJAutoProxyAdviceOrderIntegrationTests.AfterAdviceFirstTests, locations = '{}', classes = '{class org.springframework.aop.framework.autoproxy.AspectJAutoProxyAdviceOrderIntegrationTests$AfterAdviceFirstConfig}', contextInitializerClasses = '[]', activeProfiles = '{}', propertySourceLocations = '{}', propertySourceProperties = '{}', contextCustomizers = set[[empty]], contextLoader = 'org.springframework.test.context.support.DelegatingSmartContextLoader', parent = [null]]]
17:29:37.865 [Test worker] DEBUG o.s.t.c.cache - Spring test ApplicationContext cache statistics: [DefaultContextCache@32ef147 size = 1, maxSize = 32, parentContextCount = 0, hitCount = 8, missCount = 2]
17:29:37.866 [Test worker] DEBUG o.s.t.c.c.DefaultCacheAwareContextLoaderDelegate - Retrieved ApplicationContext [768381137] from cache with key [[MergedContextConfiguration@6c508940 testClass = AspectJAutoProxyAdviceOrderIntegrationTests.AfterAdviceFirstTests, locations = '{}', classes = '{class org.springframework.aop.framework.autoproxy.AspectJAutoProxyAdviceOrderIntegrationTests$AfterAdviceFirstConfig}', contextInitializerClasses = '[]', activeProfiles = '{}', propertySourceLocations = '{}', propertySourceProperties = '{}', contextCustomizers = set[[empty]], contextLoader = 'org.springframework.test.context.support.DelegatingSmartContextLoader', parent = [null]]]
17:29:37.866 [Test worker] DEBUG o.s.t.c.cache - Spring test ApplicationContext cache statistics: [DefaultContextCache@32ef147 size = 1, maxSize = 32, parentContextCount = 0, hitCount = 9, missCount = 2]
17:29:37.867 [Test worker] DEBUG o.s.t.c.s.AbstractDirtiesContextTestExecutionListener - Before test method: context [DefaultTestContext@47d96a0f testClass = AspectJAutoProxyAdviceOrderIntegrationTests.AfterAdviceFirstTests, testInstance = org.springframework.aop.framework.autoproxy.AspectJAutoProxyAdviceOrderIntegrationTests$AfterAdviceFirstTests@75f23065, testMethod = afterAdviceIsInvokedLast@AspectJAutoProxyAdviceOrderIntegrationTests.AfterAdviceFirstTests, testException = [null], mergedContextConfiguration = [MergedContextConfiguration@6c508940 testClass = AspectJAutoProxyAdviceOrderIntegrationTests.AfterAdviceFirstTests, locations = '{}', classes = '{class org.springframework.aop.framework.autoproxy.AspectJAutoProxyAdviceOrderIntegrationTests$AfterAdviceFirstConfig}', contextInitializerClasses = '[]', activeProfiles = '{}', propertySourceLocations = '{}', propertySourceProperties = '{}', contextCustomizers = set[[empty]], contextLoader = 'org.springframework.test.context.support.DelegatingSmartContextLoader', parent = [null]], attributes = map['org.springframework.test.context.event.ApplicationEventsTestExecutionListener.recordApplicationEvents' -> false]], class annotated with @DirtiesContext [true] with mode [AFTER_CLASS], method annotated with @DirtiesContext [false] with mode [null].
17:29:37.868 [Test worker] DEBUG o.s.t.c.c.DefaultCacheAwareContextLoaderDelegate - Retrieved ApplicationContext [768381137] from cache with key [[MergedContextConfiguration@6c508940 testClass = AspectJAutoProxyAdviceOrderIntegrationTests.AfterAdviceFirstTests, locations = '{}', classes = '{class org.springframework.aop.framework.autoproxy.AspectJAutoProxyAdviceOrderIntegrationTests$AfterAdviceFirstConfig}', contextInitializerClasses = '[]', activeProfiles = '{}', propertySourceLocations = '{}', propertySourceProperties = '{}', contextCustomizers = set[[empty]], contextLoader = 'org.springframework.test.context.support.DelegatingSmartContextLoader', parent = [null]]]
17:29:37.868 [Test worker] DEBUG o.s.t.c.cache - Spring test ApplicationContext cache statistics: [DefaultContextCache@32ef147 size = 1, maxSize = 32, parentContextCount = 0, hitCount = 10, missCount = 2]
17:29:37.868 [Test worker] DEBUG o.s.t.c.c.DefaultCacheAwareContextLoaderDelegate - Retrieved ApplicationContext [768381137] from cache with key [[MergedContextConfiguration@6c508940 testClass = AspectJAutoProxyAdviceOrderIntegrationTests.AfterAdviceFirstTests, locations = '{}', classes = '{class org.springframework.aop.framework.autoproxy.AspectJAutoProxyAdviceOrderIntegrationTests$AfterAdviceFirstConfig}', contextInitializerClasses = '[]', activeProfiles = '{}', propertySourceLocations = '{}', propertySourceProperties = '{}', contextCustomizers = set[[empty]], contextLoader = 'org.springframework.test.context.support.DelegatingSmartContextLoader', parent = [null]]]
17:29:37.868 [Test worker] DEBUG o.s.t.c.cache - Spring test ApplicationContext cache statistics: [DefaultContextCache@32ef147 size = 1, maxSize = 32, parentContextCount = 0, hitCount = 11, missCount = 2]
17:29:37.868 [Test worker] DEBUG o.s.t.c.c.DefaultCacheAwareContextLoaderDelegate - Retrieved ApplicationContext [768381137] from cache with key [[MergedContextConfiguration@6c508940 testClass = AspectJAutoProxyAdviceOrderIntegrationTests.AfterAdviceFirstTests, locations = '{}', classes = '{class org.springframework.aop.framework.autoproxy.AspectJAutoProxyAdviceOrderIntegrationTests$AfterAdviceFirstConfig}', contextInitializerClasses = '[]', activeProfiles = '{}', propertySourceLocations = '{}', propertySourceProperties = '{}', contextCustomizers = set[[empty]], contextLoader = 'org.springframework.test.context.support.DelegatingSmartContextLoader', parent = [null]]]
17:29:37.868 [Test worker] DEBUG o.s.t.c.cache - Spring test ApplicationContext cache statistics: [DefaultContextCache@32ef147 size = 1, maxSize = 32, parentContextCount = 0, hitCount = 12, missCount = 2]
17:29:37.869 [Test worker] DEBUG o.s.t.c.c.DefaultCacheAwareContextLoaderDelegate - Retrieved ApplicationContext [768381137] from cache with key [[MergedContextConfiguration@6c508940 testClass = AspectJAutoProxyAdviceOrderIntegrationTests.AfterAdviceFirstTests, locations = '{}', classes = '{class org.springframework.aop.framework.autoproxy.AspectJAutoProxyAdviceOrderIntegrationTests$AfterAdviceFirstConfig}', contextInitializerClasses = '[]', activeProfiles = '{}', propertySourceLocations = '{}', propertySourceProperties = '{}', contextCustomizers = set[[empty]], contextLoader = 'org.springframework.test.context.support.DelegatingSmartContextLoader', parent = [null]]]
17:29:37.869 [Test worker] DEBUG o.s.t.c.cache - Spring test ApplicationContext cache statistics: [DefaultContextCache@32ef147 size = 1, maxSize = 32, parentContextCount = 0, hitCount = 13, missCount = 2]
17:29:37.884 [Test worker] DEBUG o.s.t.c.c.DefaultCacheAwareContextLoaderDelegate - Retrieved ApplicationContext [768381137] from cache with key [[MergedContextConfiguration@6c508940 testClass = AspectJAutoProxyAdviceOrderIntegrationTests.AfterAdviceFirstTests, locations = '{}', classes = '{class org.springframework.aop.framework.autoproxy.AspectJAutoProxyAdviceOrderIntegrationTests$AfterAdviceFirstConfig}', contextInitializerClasses = '[]', activeProfiles = '{}', propertySourceLocations = '{}', propertySourceProperties = '{}', contextCustomizers = set[[empty]], contextLoader = 'org.springframework.test.context.support.DelegatingSmartContextLoader', parent = [null]]]
17:29:37.884 [Test worker] DEBUG o.s.t.c.cache - Spring test ApplicationContext cache statistics: [DefaultContextCache@32ef147 size = 1, maxSize = 32, parentContextCount = 0, hitCount = 14, missCount = 2]
17:29:37.884 [Test worker] DEBUG o.s.t.c.c.DefaultCacheAwareContextLoaderDelegate - Retrieved ApplicationContext [768381137] from cache with key [[MergedContextConfiguration@6c508940 testClass = AspectJAutoProxyAdviceOrderIntegrationTests.AfterAdviceFirstTests, locations = '{}', classes = '{class org.springframework.aop.framework.autoproxy.AspectJAutoProxyAdviceOrderIntegrationTests$AfterAdviceFirstConfig}', contextInitializerClasses = '[]', activeProfiles = '{}', propertySourceLocations = '{}', propertySourceProperties = '{}', contextCustomizers = set[[empty]], contextLoader = 'org.springframework.test.context.support.DelegatingSmartContextLoader', parent = [null]]]
17:29:37.884 [Test worker] DEBUG o.s.t.c.cache - Spring test ApplicationContext cache statistics: [DefaultContextCache@32ef147 size = 1, maxSize = 32, parentContextCount = 0, hitCount = 15, missCount = 2]
17:29:37.884 [Test worker] DEBUG o.s.t.c.s.AbstractDirtiesContextTestExecutionListener - After test method: context [DefaultTestContext@47d96a0f testClass = AspectJAutoProxyAdviceOrderIntegrationTests.AfterAdviceFirstTests, testInstance = org.springframework.aop.framework.autoproxy.AspectJAutoProxyAdviceOrderIntegrationTests$AfterAdviceFirstTests@75f23065, testMethod = afterAdviceIsInvokedLast@AspectJAutoProxyAdviceOrderIntegrationTests.AfterAdviceFirstTests, testException = [null], mergedContextConfiguration = [MergedContextConfiguration@6c508940 testClass = AspectJAutoProxyAdviceOrderIntegrationTests.AfterAdviceFirstTests, locations = '{}', classes = '{class org.springframework.aop.framework.autoproxy.AspectJAutoProxyAdviceOrderIntegrationTests$AfterAdviceFirstConfig}', contextInitializerClasses = '[]', activeProfiles = '{}', propertySourceLocations = '{}', propertySourceProperties = '{}', contextCustomizers = set[[empty]], contextLoader = 'org.springframework.test.context.support.DelegatingSmartContextLoader', parent = [null]], attributes = map['org.springframework.test.context.event.ApplicationEventsTestExecutionListener.recordApplicationEvents' -> false]], class annotated with @DirtiesContext [true] with mode [AFTER_CLASS], method annotated with @DirtiesContext [false] with mode [null].
17:29:37.885 [Test worker] DEBUG o.s.t.c.c.DefaultCacheAwareContextLoaderDelegate - Retrieved ApplicationContext [768381137] from cache with key [[MergedContextConfiguration@6c508940 testClass = AspectJAutoProxyAdviceOrderIntegrationTests.AfterAdviceFirstTests, locations = '{}', classes = '{class org.springframework.aop.framework.autoproxy.AspectJAutoProxyAdviceOrderIntegrationTests$AfterAdviceFirstConfig}', contextInitializerClasses = '[]', activeProfiles = '{}', propertySourceLocations = '{}', propertySourceProperties = '{}', contextCustomizers = set[[empty]], contextLoader = 'org.springframework.test.context.support.DelegatingSmartContextLoader', parent = [null]]]
17:29:37.885 [Test worker] DEBUG o.s.t.c.cache - Spring test ApplicationContext cache statistics: [DefaultContextCache@32ef147 size = 1, maxSize = 32, parentContextCount = 0, hitCount = 16, missCount = 2]
17:29:37.886 [Test worker] DEBUG o.s.t.c.s.AbstractDirtiesContextTestExecutionListener - After test class: context [DefaultTestContext@47d96a0f testClass = AspectJAutoProxyAdviceOrderIntegrationTests.AfterAdviceFirstTests, testInstance = [null], testMethod = [null], testException = [null], mergedContextConfiguration = [MergedContextConfiguration@6c508940 testClass = AspectJAutoProxyAdviceOrderIntegrationTests.AfterAdviceFirstTests, locations = '{}', classes = '{class org.springframework.aop.framework.autoproxy.AspectJAutoProxyAdviceOrderIntegrationTests$AfterAdviceFirstConfig}', contextInitializerClasses = '[]', activeProfiles = '{}', propertySourceLocations = '{}', propertySourceProperties = '{}', contextCustomizers = set[[empty]], contextLoader = 'org.springframework.test.context.support.DelegatingSmartContextLoader', parent = [null]], attributes = map['org.springframework.test.context.event.ApplicationEventsTestExecutionListener.recordApplicationEvents' -> false]], class annotated with @DirtiesContext [true] with mode [AFTER_CLASS].
17:29:37.886 [Test worker] DEBUG o.s.c.s.GenericApplicationContext - Closing org.springframework.context.support.GenericApplicationContext@2dcc90d1, started on Sat May 01 17:29:37 CST 2021
]]></system-out>
  <system-err><![CDATA[]]></system-err>
</testsuite>
