<?xml version="1.0" encoding="UTF-8"?>
<testsuite name="org.springframework.aop.framework.autoproxy.AdvisorAutoProxyCreatorIntegrationTests" tests="8" skipped="0" failures="0" errors="0" timestamp="2021-05-01T09:29:36" hostname="wangweilideMBP.lan" time="0.765">
  <properties/>
  <testcase name="testRollbackRulesOnMethodCauseRollback()" classname="org.springframework.aop.framework.autoproxy.AdvisorAutoProxyCreatorIntegrationTests" time="0.304"/>
  <testcase name="testTransactionAttributeOnMethod()" classname="org.springframework.aop.framework.autoproxy.AdvisorAutoProxyCreatorIntegrationTests" time="0.082"/>
  <testcase name="testTxIsProxied()" classname="org.springframework.aop.framework.autoproxy.AdvisorAutoProxyCreatorIntegrationTests" time="0.079"/>
  <testcase name="testRegexpApplied()" classname="org.springframework.aop.framework.autoproxy.AdvisorAutoProxyCreatorIntegrationTests" time="0.06"/>
  <testcase name="testDefaultExclusionPrefix()" classname="org.springframework.aop.framework.autoproxy.AdvisorAutoProxyCreatorIntegrationTests" time="0.034"/>
  <testcase name="testRollbackRulesOnMethodPreventRollback()" classname="org.springframework.aop.framework.autoproxy.AdvisorAutoProxyCreatorIntegrationTests" time="0.097"/>
  <testcase name="testProgrammaticRollback()" classname="org.springframework.aop.framework.autoproxy.AdvisorAutoProxyCreatorIntegrationTests" time="0.06"/>
  <testcase name="testNoProxy()" classname="org.springframework.aop.framework.autoproxy.AdvisorAutoProxyCreatorIntegrationTests" time="0.046"/>
  <system-out><![CDATA[17:29:36.064 [Test worker] DEBUG o.s.c.s.ClassPathXmlApplicationContext - Refreshing org.springframework.context.support.ClassPathXmlApplicationContext@7e03ea8
17:29:36.113 [Test worker] DEBUG o.s.b.f.x.XmlBeanDefinitionReader - Loaded 18 bean definitions from class path resource [org/springframework/aop/framework/autoproxy/AdvisorAutoProxyCreatorIntegrationTests-context.xml]
17:29:36.127 [Test worker] DEBUG o.s.b.f.s.DefaultListableBeanFactory - Creating shared instance of singleton bean 'aapc'
17:29:36.128 [Test worker] DEBUG o.s.b.f.s.DefaultListableBeanFactory - Creating shared instance of singleton bean 'orderedBeforeTransaction'
17:29:36.139 [Test worker] DEBUG o.s.b.f.s.DefaultListableBeanFactory - Creating shared instance of singleton bean 'orderedAfterTransaction'
17:29:36.139 [Test worker] DEBUG o.s.b.f.s.DefaultListableBeanFactory - Creating shared instance of singleton bean 'orderedAfterTransaction2'
17:29:36.140 [Test worker] DEBUG o.s.b.f.s.DefaultListableBeanFactory - Creating shared instance of singleton bean 'txManager'
17:29:36.140 [Test worker] DEBUG o.s.b.f.s.DefaultListableBeanFactory - Creating shared instance of singleton bean 'txAdvisor'
17:29:36.141 [Test worker] DEBUG o.s.b.f.s.DefaultListableBeanFactory - Creating shared instance of singleton bean 'txInterceptor'
17:29:36.142 [Test worker] DEBUG o.s.b.f.s.DefaultListableBeanFactory - Creating shared instance of singleton bean 'singletonDependency'
17:29:36.144 [Test worker] DEBUG o.s.b.f.s.DefaultListableBeanFactory - Creating shared instance of singleton bean 'org.springframework.aop.support.RegexpMethodPointcutAdvisor#0'
17:29:36.145 [Test worker] DEBUG o.s.b.f.s.DefaultListableBeanFactory - Creating shared instance of singleton bean 'countingAdvice'
17:29:36.167 [Test worker] DEBUG o.s.b.f.s.DefaultListableBeanFactory - Creating shared instance of singleton bean 'tas'
17:29:36.227 [Test worker] DEBUG o.s.t.i.NameMatchTransactionAttributeSource - Adding transactional method [rollbackOnly] with attribute [PROPAGATION_REQUIRED,ISOLATION_DEFAULT]
17:29:36.228 [Test worker] DEBUG o.s.t.i.NameMatchTransactionAttributeSource - Adding transactional method [setA*] with attribute [PROPAGATION_REQUIRED,ISOLATION_DEFAULT]
17:29:36.229 [Test worker] DEBUG o.s.t.i.NameMatchTransactionAttributeSource - Adding transactional method [echoException] with attribute [PROPAGATION_REQUIRED,ISOLATION_DEFAULT,+javax.servlet.ServletException,-java.lang.Exception]
17:29:36.244 [Test worker] DEBUG o.s.b.f.s.DefaultListableBeanFactory - Creating shared instance of singleton bean 'test'
17:29:36.269 [Test worker] DEBUG o.s.b.f.s.DefaultListableBeanFactory - Creating shared instance of singleton bean 'noSetters'
17:29:36.270 [Test worker] DEBUG o.s.b.f.s.DefaultListableBeanFactory - Creating shared instance of singleton bean 'rollback'
17:29:36.283 [Test worker] DEBUG o.s.b.f.s.DefaultListableBeanFactory - Creating shared instance of singleton bean 'tb'
17:29:36.284 [Test worker] DEBUG o.s.b.f.s.DefaultListableBeanFactory - Creating shared instance of singleton bean 'nullValueReturned'
17:29:36.344 [Test worker] DEBUG o.s.t.t.CallCountingTransactionManager - Creating new transaction with name [org.springframework.aop.framework.autoproxy.Rollback.echoException]: PROPAGATION_REQUIRED,ISOLATION_DEFAULT,+javax.servlet.ServletException,-java.lang.Exception
17:29:36.366 [Test worker] DEBUG o.s.t.t.CallCountingTransactionManager - Initiating transaction commit
17:29:36.367 [Test worker] DEBUG o.s.t.t.CallCountingTransactionManager - Creating new transaction with name [org.springframework.aop.framework.autoproxy.Rollback.echoException]: PROPAGATION_REQUIRED,ISOLATION_DEFAULT,+javax.servlet.ServletException,-java.lang.Exception
17:29:36.367 [Test worker] DEBUG o.s.t.t.CallCountingTransactionManager - Initiating transaction rollback
17:29:36.368 [Test worker] DEBUG o.s.c.s.ClassPathXmlApplicationContext - Refreshing org.springframework.context.support.ClassPathXmlApplicationContext@5f7f6336
17:29:36.395 [Test worker] DEBUG o.s.b.f.x.XmlBeanDefinitionReader - Loaded 18 bean definitions from class path resource [org/springframework/aop/framework/autoproxy/AdvisorAutoProxyCreatorIntegrationTests-context.xml]
17:29:36.396 [Test worker] DEBUG o.s.b.f.s.DefaultListableBeanFactory - Creating shared instance of singleton bean 'aapc'
17:29:36.396 [Test worker] DEBUG o.s.b.f.s.DefaultListableBeanFactory - Creating shared instance of singleton bean 'orderedBeforeTransaction'
17:29:36.397 [Test worker] DEBUG o.s.b.f.s.DefaultListableBeanFactory - Creating shared instance of singleton bean 'orderedAfterTransaction'
17:29:36.399 [Test worker] DEBUG o.s.b.f.s.DefaultListableBeanFactory - Creating shared instance of singleton bean 'orderedAfterTransaction2'
17:29:36.399 [Test worker] DEBUG o.s.b.f.s.DefaultListableBeanFactory - Creating shared instance of singleton bean 'txManager'
17:29:36.399 [Test worker] DEBUG o.s.b.f.s.DefaultListableBeanFactory - Creating shared instance of singleton bean 'txAdvisor'
17:29:36.399 [Test worker] DEBUG o.s.b.f.s.DefaultListableBeanFactory - Creating shared instance of singleton bean 'txInterceptor'
17:29:36.399 [Test worker] DEBUG o.s.b.f.s.DefaultListableBeanFactory - Creating shared instance of singleton bean 'singletonDependency'
17:29:36.400 [Test worker] DEBUG o.s.b.f.s.DefaultListableBeanFactory - Creating shared instance of singleton bean 'org.springframework.aop.support.RegexpMethodPointcutAdvisor#0'
17:29:36.400 [Test worker] DEBUG o.s.b.f.s.DefaultListableBeanFactory - Creating shared instance of singleton bean 'countingAdvice'
17:29:36.403 [Test worker] DEBUG o.s.b.f.s.DefaultListableBeanFactory - Creating shared instance of singleton bean 'tas'
17:29:36.403 [Test worker] DEBUG o.s.t.i.NameMatchTransactionAttributeSource - Adding transactional method [rollbackOnly] with attribute [PROPAGATION_REQUIRED,ISOLATION_DEFAULT]
17:29:36.403 [Test worker] DEBUG o.s.t.i.NameMatchTransactionAttributeSource - Adding transactional method [setA*] with attribute [PROPAGATION_REQUIRED,ISOLATION_DEFAULT]
17:29:36.403 [Test worker] DEBUG o.s.t.i.NameMatchTransactionAttributeSource - Adding transactional method [echoException] with attribute [PROPAGATION_REQUIRED,ISOLATION_DEFAULT,+javax.servlet.ServletException,-java.lang.Exception]
17:29:36.407 [Test worker] DEBUG o.s.b.f.s.DefaultListableBeanFactory - Creating shared instance of singleton bean 'test'
17:29:36.411 [Test worker] DEBUG o.s.b.f.s.DefaultListableBeanFactory - Creating shared instance of singleton bean 'noSetters'
17:29:36.412 [Test worker] DEBUG o.s.b.f.s.DefaultListableBeanFactory - Creating shared instance of singleton bean 'rollback'
17:29:36.413 [Test worker] DEBUG o.s.b.f.s.DefaultListableBeanFactory - Creating shared instance of singleton bean 'tb'
17:29:36.445 [Test worker] DEBUG o.s.b.f.s.DefaultListableBeanFactory - Creating shared instance of singleton bean 'nullValueReturned'
17:29:36.449 [Test worker] DEBUG o.s.t.t.CallCountingTransactionManager - Creating new transaction with name [org.springframework.beans.testfixture.beans.TestBean.setAge]: PROPAGATION_REQUIRED,ISOLATION_DEFAULT
17:29:36.449 [Test worker] DEBUG o.s.t.t.CallCountingTransactionManager - Initiating transaction commit
17:29:36.450 [Test worker] DEBUG o.s.c.s.ClassPathXmlApplicationContext - Refreshing org.springframework.context.support.ClassPathXmlApplicationContext@8f3b386
17:29:36.475 [Test worker] DEBUG o.s.b.f.x.XmlBeanDefinitionReader - Loaded 18 bean definitions from class path resource [org/springframework/aop/framework/autoproxy/AdvisorAutoProxyCreatorIntegrationTests-context.xml]
17:29:36.476 [Test worker] DEBUG o.s.b.f.s.DefaultListableBeanFactory - Creating shared instance of singleton bean 'aapc'
17:29:36.476 [Test worker] DEBUG o.s.b.f.s.DefaultListableBeanFactory - Creating shared instance of singleton bean 'orderedBeforeTransaction'
17:29:36.477 [Test worker] DEBUG o.s.b.f.s.DefaultListableBeanFactory - Creating shared instance of singleton bean 'orderedAfterTransaction'
17:29:36.477 [Test worker] DEBUG o.s.b.f.s.DefaultListableBeanFactory - Creating shared instance of singleton bean 'orderedAfterTransaction2'
17:29:36.478 [Test worker] DEBUG o.s.b.f.s.DefaultListableBeanFactory - Creating shared instance of singleton bean 'txManager'
17:29:36.478 [Test worker] DEBUG o.s.b.f.s.DefaultListableBeanFactory - Creating shared instance of singleton bean 'txAdvisor'
17:29:36.478 [Test worker] DEBUG o.s.b.f.s.DefaultListableBeanFactory - Creating shared instance of singleton bean 'txInterceptor'
17:29:36.478 [Test worker] DEBUG o.s.b.f.s.DefaultListableBeanFactory - Creating shared instance of singleton bean 'singletonDependency'
17:29:36.478 [Test worker] DEBUG o.s.b.f.s.DefaultListableBeanFactory - Creating shared instance of singleton bean 'org.springframework.aop.support.RegexpMethodPointcutAdvisor#0'
17:29:36.479 [Test worker] DEBUG o.s.b.f.s.DefaultListableBeanFactory - Creating shared instance of singleton bean 'countingAdvice'
17:29:36.481 [Test worker] DEBUG o.s.b.f.s.DefaultListableBeanFactory - Creating shared instance of singleton bean 'tas'
17:29:36.482 [Test worker] DEBUG o.s.t.i.NameMatchTransactionAttributeSource - Adding transactional method [rollbackOnly] with attribute [PROPAGATION_REQUIRED,ISOLATION_DEFAULT]
17:29:36.482 [Test worker] DEBUG o.s.t.i.NameMatchTransactionAttributeSource - Adding transactional method [setA*] with attribute [PROPAGATION_REQUIRED,ISOLATION_DEFAULT]
17:29:36.482 [Test worker] DEBUG o.s.t.i.NameMatchTransactionAttributeSource - Adding transactional method [echoException] with attribute [PROPAGATION_REQUIRED,ISOLATION_DEFAULT,+javax.servlet.ServletException,-java.lang.Exception]
17:29:36.484 [Test worker] DEBUG o.s.b.f.s.DefaultListableBeanFactory - Creating shared instance of singleton bean 'test'
17:29:36.486 [Test worker] DEBUG o.s.b.f.s.DefaultListableBeanFactory - Creating shared instance of singleton bean 'noSetters'
17:29:36.487 [Test worker] DEBUG o.s.b.f.s.DefaultListableBeanFactory - Creating shared instance of singleton bean 'rollback'
17:29:36.526 [Test worker] DEBUG o.s.b.f.s.DefaultListableBeanFactory - Creating shared instance of singleton bean 'tb'
17:29:36.527 [Test worker] DEBUG o.s.b.f.s.DefaultListableBeanFactory - Creating shared instance of singleton bean 'nullValueReturned'
17:29:36.530 [Test worker] DEBUG o.s.c.s.ClassPathXmlApplicationContext - Refreshing org.springframework.context.support.ClassPathXmlApplicationContext@53cd723f
17:29:36.544 [Test worker] DEBUG o.s.b.f.x.XmlBeanDefinitionReader - Loaded 18 bean definitions from class path resource [org/springframework/aop/framework/autoproxy/AdvisorAutoProxyCreatorIntegrationTests-context.xml]
17:29:36.545 [Test worker] DEBUG o.s.b.f.s.DefaultListableBeanFactory - Creating shared instance of singleton bean 'aapc'
17:29:36.545 [Test worker] DEBUG o.s.b.f.s.DefaultListableBeanFactory - Creating shared instance of singleton bean 'orderedBeforeTransaction'
17:29:36.546 [Test worker] DEBUG o.s.b.f.s.DefaultListableBeanFactory - Creating shared instance of singleton bean 'orderedAfterTransaction'
17:29:36.546 [Test worker] DEBUG o.s.b.f.s.DefaultListableBeanFactory - Creating shared instance of singleton bean 'orderedAfterTransaction2'
17:29:36.547 [Test worker] DEBUG o.s.b.f.s.DefaultListableBeanFactory - Creating shared instance of singleton bean 'txManager'
17:29:36.547 [Test worker] DEBUG o.s.b.f.s.DefaultListableBeanFactory - Creating shared instance of singleton bean 'txAdvisor'
17:29:36.547 [Test worker] DEBUG o.s.b.f.s.DefaultListableBeanFactory - Creating shared instance of singleton bean 'txInterceptor'
17:29:36.547 [Test worker] DEBUG o.s.b.f.s.DefaultListableBeanFactory - Creating shared instance of singleton bean 'singletonDependency'
17:29:36.547 [Test worker] DEBUG o.s.b.f.s.DefaultListableBeanFactory - Creating shared instance of singleton bean 'org.springframework.aop.support.RegexpMethodPointcutAdvisor#0'
17:29:36.547 [Test worker] DEBUG o.s.b.f.s.DefaultListableBeanFactory - Creating shared instance of singleton bean 'countingAdvice'
17:29:36.550 [Test worker] DEBUG o.s.b.f.s.DefaultListableBeanFactory - Creating shared instance of singleton bean 'tas'
17:29:36.550 [Test worker] DEBUG o.s.t.i.NameMatchTransactionAttributeSource - Adding transactional method [rollbackOnly] with attribute [PROPAGATION_REQUIRED,ISOLATION_DEFAULT]
17:29:36.550 [Test worker] DEBUG o.s.t.i.NameMatchTransactionAttributeSource - Adding transactional method [setA*] with attribute [PROPAGATION_REQUIRED,ISOLATION_DEFAULT]
17:29:36.550 [Test worker] DEBUG o.s.t.i.NameMatchTransactionAttributeSource - Adding transactional method [echoException] with attribute [PROPAGATION_REQUIRED,ISOLATION_DEFAULT,+javax.servlet.ServletException,-java.lang.Exception]
17:29:36.552 [Test worker] DEBUG o.s.b.f.s.DefaultListableBeanFactory - Creating shared instance of singleton bean 'test'
17:29:36.554 [Test worker] DEBUG o.s.b.f.s.DefaultListableBeanFactory - Creating shared instance of singleton bean 'noSetters'
17:29:36.555 [Test worker] DEBUG o.s.b.f.s.DefaultListableBeanFactory - Creating shared instance of singleton bean 'rollback'
17:29:36.556 [Test worker] DEBUG o.s.b.f.s.DefaultListableBeanFactory - Creating shared instance of singleton bean 'tb'
17:29:36.587 [Test worker] DEBUG o.s.b.f.s.DefaultListableBeanFactory - Creating shared instance of singleton bean 'nullValueReturned'
17:29:36.591 [Test worker] DEBUG o.s.c.s.ClassPathXmlApplicationContext - Refreshing org.springframework.context.support.ClassPathXmlApplicationContext@2e32b208
17:29:36.604 [Test worker] DEBUG o.s.b.f.x.XmlBeanDefinitionReader - Loaded 18 bean definitions from class path resource [org/springframework/aop/framework/autoproxy/AdvisorAutoProxyCreatorIntegrationTests-context.xml]
17:29:36.604 [Test worker] DEBUG o.s.b.f.s.DefaultListableBeanFactory - Creating shared instance of singleton bean 'aapc'
17:29:36.605 [Test worker] DEBUG o.s.b.f.s.DefaultListableBeanFactory - Creating shared instance of singleton bean 'orderedBeforeTransaction'
17:29:36.605 [Test worker] DEBUG o.s.b.f.s.DefaultListableBeanFactory - Creating shared instance of singleton bean 'orderedAfterTransaction'
17:29:36.605 [Test worker] DEBUG o.s.b.f.s.DefaultListableBeanFactory - Creating shared instance of singleton bean 'orderedAfterTransaction2'
17:29:36.606 [Test worker] DEBUG o.s.b.f.s.DefaultListableBeanFactory - Creating shared instance of singleton bean 'txManager'
17:29:36.606 [Test worker] DEBUG o.s.b.f.s.DefaultListableBeanFactory - Creating shared instance of singleton bean 'txAdvisor'
17:29:36.606 [Test worker] DEBUG o.s.b.f.s.DefaultListableBeanFactory - Creating shared instance of singleton bean 'txInterceptor'
17:29:36.606 [Test worker] DEBUG o.s.b.f.s.DefaultListableBeanFactory - Creating shared instance of singleton bean 'singletonDependency'
17:29:36.606 [Test worker] DEBUG o.s.b.f.s.DefaultListableBeanFactory - Creating shared instance of singleton bean 'org.springframework.aop.support.RegexpMethodPointcutAdvisor#0'
17:29:36.606 [Test worker] DEBUG o.s.b.f.s.DefaultListableBeanFactory - Creating shared instance of singleton bean 'countingAdvice'
17:29:36.608 [Test worker] DEBUG o.s.b.f.s.DefaultListableBeanFactory - Creating shared instance of singleton bean 'tas'
17:29:36.614 [Test worker] DEBUG o.s.t.i.NameMatchTransactionAttributeSource - Adding transactional method [rollbackOnly] with attribute [PROPAGATION_REQUIRED,ISOLATION_DEFAULT]
17:29:36.614 [Test worker] DEBUG o.s.t.i.NameMatchTransactionAttributeSource - Adding transactional method [setA*] with attribute [PROPAGATION_REQUIRED,ISOLATION_DEFAULT]
17:29:36.614 [Test worker] DEBUG o.s.t.i.NameMatchTransactionAttributeSource - Adding transactional method [echoException] with attribute [PROPAGATION_REQUIRED,ISOLATION_DEFAULT,+javax.servlet.ServletException,-java.lang.Exception]
17:29:36.616 [Test worker] DEBUG o.s.b.f.s.DefaultListableBeanFactory - Creating shared instance of singleton bean 'test'
17:29:36.618 [Test worker] DEBUG o.s.b.f.s.DefaultListableBeanFactory - Creating shared instance of singleton bean 'noSetters'
17:29:36.619 [Test worker] DEBUG o.s.b.f.s.DefaultListableBeanFactory - Creating shared instance of singleton bean 'rollback'
17:29:36.621 [Test worker] DEBUG o.s.b.f.s.DefaultListableBeanFactory - Creating shared instance of singleton bean 'tb'
17:29:36.622 [Test worker] DEBUG o.s.b.f.s.DefaultListableBeanFactory - Creating shared instance of singleton bean 'nullValueReturned'
17:29:36.625 [Test worker] DEBUG o.s.c.s.ClassPathXmlApplicationContext - Refreshing org.springframework.context.support.ClassPathXmlApplicationContext@5ed9608f
17:29:36.656 [Test worker] DEBUG o.s.b.f.x.XmlBeanDefinitionReader - Loaded 18 bean definitions from class path resource [org/springframework/aop/framework/autoproxy/AdvisorAutoProxyCreatorIntegrationTests-context.xml]
17:29:36.656 [Test worker] DEBUG o.s.b.f.s.DefaultListableBeanFactory - Creating shared instance of singleton bean 'aapc'
17:29:36.657 [Test worker] DEBUG o.s.b.f.s.DefaultListableBeanFactory - Creating shared instance of singleton bean 'orderedBeforeTransaction'
17:29:36.658 [Test worker] DEBUG o.s.b.f.s.DefaultListableBeanFactory - Creating shared instance of singleton bean 'orderedAfterTransaction'
17:29:36.658 [Test worker] DEBUG o.s.b.f.s.DefaultListableBeanFactory - Creating shared instance of singleton bean 'orderedAfterTransaction2'
17:29:36.658 [Test worker] DEBUG o.s.b.f.s.DefaultListableBeanFactory - Creating shared instance of singleton bean 'txManager'
17:29:36.659 [Test worker] DEBUG o.s.b.f.s.DefaultListableBeanFactory - Creating shared instance of singleton bean 'txAdvisor'
17:29:36.659 [Test worker] DEBUG o.s.b.f.s.DefaultListableBeanFactory - Creating shared instance of singleton bean 'txInterceptor'
17:29:36.659 [Test worker] DEBUG o.s.b.f.s.DefaultListableBeanFactory - Creating shared instance of singleton bean 'singletonDependency'
17:29:36.659 [Test worker] DEBUG o.s.b.f.s.DefaultListableBeanFactory - Creating shared instance of singleton bean 'org.springframework.aop.support.RegexpMethodPointcutAdvisor#0'
17:29:36.690 [Test worker] DEBUG o.s.b.f.s.DefaultListableBeanFactory - Creating shared instance of singleton bean 'countingAdvice'
17:29:36.692 [Test worker] DEBUG o.s.b.f.s.DefaultListableBeanFactory - Creating shared instance of singleton bean 'tas'
17:29:36.693 [Test worker] DEBUG o.s.t.i.NameMatchTransactionAttributeSource - Adding transactional method [rollbackOnly] with attribute [PROPAGATION_REQUIRED,ISOLATION_DEFAULT]
17:29:36.693 [Test worker] DEBUG o.s.t.i.NameMatchTransactionAttributeSource - Adding transactional method [setA*] with attribute [PROPAGATION_REQUIRED,ISOLATION_DEFAULT]
17:29:36.693 [Test worker] DEBUG o.s.t.i.NameMatchTransactionAttributeSource - Adding transactional method [echoException] with attribute [PROPAGATION_REQUIRED,ISOLATION_DEFAULT,+javax.servlet.ServletException,-java.lang.Exception]
17:29:36.695 [Test worker] DEBUG o.s.b.f.s.DefaultListableBeanFactory - Creating shared instance of singleton bean 'test'
17:29:36.697 [Test worker] DEBUG o.s.b.f.s.DefaultListableBeanFactory - Creating shared instance of singleton bean 'noSetters'
17:29:36.697 [Test worker] DEBUG o.s.b.f.s.DefaultListableBeanFactory - Creating shared instance of singleton bean 'rollback'
17:29:36.698 [Test worker] DEBUG o.s.b.f.s.DefaultListableBeanFactory - Creating shared instance of singleton bean 'tb'
17:29:36.699 [Test worker] DEBUG o.s.b.f.s.DefaultListableBeanFactory - Creating shared instance of singleton bean 'nullValueReturned'
17:29:36.721 [Test worker] DEBUG o.s.t.t.CallCountingTransactionManager - Creating new transaction with name [org.springframework.aop.framework.autoproxy.Rollback.echoException]: PROPAGATION_REQUIRED,ISOLATION_DEFAULT,+javax.servlet.ServletException,-java.lang.Exception
17:29:36.721 [Test worker] DEBUG o.s.t.t.CallCountingTransactionManager - Initiating transaction commit
17:29:36.722 [Test worker] DEBUG o.s.c.s.ClassPathXmlApplicationContext - Refreshing org.springframework.context.support.ClassPathXmlApplicationContext@54e453d4
17:29:36.728 [Test worker] DEBUG o.s.b.f.x.XmlBeanDefinitionReader - Loaded 18 bean definitions from class path resource [org/springframework/aop/framework/autoproxy/AdvisorAutoProxyCreatorIntegrationTests-context.xml]
17:29:36.729 [Test worker] DEBUG o.s.b.f.s.DefaultListableBeanFactory - Creating shared instance of singleton bean 'aapc'
17:29:36.749 [Test worker] DEBUG o.s.b.f.s.DefaultListableBeanFactory - Creating shared instance of singleton bean 'orderedBeforeTransaction'
17:29:36.750 [Test worker] DEBUG o.s.b.f.s.DefaultListableBeanFactory - Creating shared instance of singleton bean 'orderedAfterTransaction'
17:29:36.750 [Test worker] DEBUG o.s.b.f.s.DefaultListableBeanFactory - Creating shared instance of singleton bean 'orderedAfterTransaction2'
17:29:36.751 [Test worker] DEBUG o.s.b.f.s.DefaultListableBeanFactory - Creating shared instance of singleton bean 'txManager'
17:29:36.751 [Test worker] DEBUG o.s.b.f.s.DefaultListableBeanFactory - Creating shared instance of singleton bean 'txAdvisor'
17:29:36.751 [Test worker] DEBUG o.s.b.f.s.DefaultListableBeanFactory - Creating shared instance of singleton bean 'txInterceptor'
17:29:36.752 [Test worker] DEBUG o.s.b.f.s.DefaultListableBeanFactory - Creating shared instance of singleton bean 'singletonDependency'
17:29:36.752 [Test worker] DEBUG o.s.b.f.s.DefaultListableBeanFactory - Creating shared instance of singleton bean 'org.springframework.aop.support.RegexpMethodPointcutAdvisor#0'
17:29:36.752 [Test worker] DEBUG o.s.b.f.s.DefaultListableBeanFactory - Creating shared instance of singleton bean 'countingAdvice'
17:29:36.754 [Test worker] DEBUG o.s.b.f.s.DefaultListableBeanFactory - Creating shared instance of singleton bean 'tas'
17:29:36.755 [Test worker] DEBUG o.s.t.i.NameMatchTransactionAttributeSource - Adding transactional method [rollbackOnly] with attribute [PROPAGATION_REQUIRED,ISOLATION_DEFAULT]
17:29:36.755 [Test worker] DEBUG o.s.t.i.NameMatchTransactionAttributeSource - Adding transactional method [setA*] with attribute [PROPAGATION_REQUIRED,ISOLATION_DEFAULT]
17:29:36.755 [Test worker] DEBUG o.s.t.i.NameMatchTransactionAttributeSource - Adding transactional method [echoException] with attribute [PROPAGATION_REQUIRED,ISOLATION_DEFAULT,+javax.servlet.ServletException,-java.lang.Exception]
17:29:36.757 [Test worker] DEBUG o.s.b.f.s.DefaultListableBeanFactory - Creating shared instance of singleton bean 'test'
17:29:36.758 [Test worker] DEBUG o.s.b.f.s.DefaultListableBeanFactory - Creating shared instance of singleton bean 'noSetters'
17:29:36.759 [Test worker] DEBUG o.s.b.f.s.DefaultListableBeanFactory - Creating shared instance of singleton bean 'rollback'
17:29:36.778 [Test worker] DEBUG o.s.b.f.s.DefaultListableBeanFactory - Creating shared instance of singleton bean 'tb'
17:29:36.779 [Test worker] DEBUG o.s.b.f.s.DefaultListableBeanFactory - Creating shared instance of singleton bean 'nullValueReturned'
17:29:36.781 [Test worker] DEBUG o.s.t.t.CallCountingTransactionManager - Creating new transaction with name [org.springframework.aop.framework.autoproxy.Rollback.rollbackOnly]: PROPAGATION_REQUIRED,ISOLATION_DEFAULT
17:29:36.781 [Test worker] DEBUG o.s.t.t.CallCountingTransactionManager - Initiating transaction commit
17:29:36.781 [Test worker] DEBUG o.s.t.t.CallCountingTransactionManager - Creating new transaction with name [org.springframework.aop.framework.autoproxy.Rollback.rollbackOnly]: PROPAGATION_REQUIRED,ISOLATION_DEFAULT
17:29:36.781 [Test worker] DEBUG o.s.t.t.CallCountingTransactionManager - Transactional code has requested rollback
17:29:36.781 [Test worker] DEBUG o.s.t.t.CallCountingTransactionManager - Initiating transaction rollback
17:29:36.782 [Test worker] DEBUG o.s.c.s.ClassPathXmlApplicationContext - Refreshing org.springframework.context.support.ClassPathXmlApplicationContext@50a36cf6
17:29:36.802 [Test worker] DEBUG o.s.b.f.x.XmlBeanDefinitionReader - Loaded 18 bean definitions from class path resource [org/springframework/aop/framework/autoproxy/AdvisorAutoProxyCreatorIntegrationTests-context.xml]
17:29:36.803 [Test worker] DEBUG o.s.b.f.s.DefaultListableBeanFactory - Creating shared instance of singleton bean 'aapc'
17:29:36.804 [Test worker] DEBUG o.s.b.f.s.DefaultListableBeanFactory - Creating shared instance of singleton bean 'orderedBeforeTransaction'
17:29:36.804 [Test worker] DEBUG o.s.b.f.s.DefaultListableBeanFactory - Creating shared instance of singleton bean 'orderedAfterTransaction'
17:29:36.805 [Test worker] DEBUG o.s.b.f.s.DefaultListableBeanFactory - Creating shared instance of singleton bean 'orderedAfterTransaction2'
17:29:36.805 [Test worker] DEBUG o.s.b.f.s.DefaultListableBeanFactory - Creating shared instance of singleton bean 'txManager'
17:29:36.806 [Test worker] DEBUG o.s.b.f.s.DefaultListableBeanFactory - Creating shared instance of singleton bean 'txAdvisor'
17:29:36.806 [Test worker] DEBUG o.s.b.f.s.DefaultListableBeanFactory - Creating shared instance of singleton bean 'txInterceptor'
17:29:36.806 [Test worker] DEBUG o.s.b.f.s.DefaultListableBeanFactory - Creating shared instance of singleton bean 'singletonDependency'
17:29:36.806 [Test worker] DEBUG o.s.b.f.s.DefaultListableBeanFactory - Creating shared instance of singleton bean 'org.springframework.aop.support.RegexpMethodPointcutAdvisor#0'
17:29:36.807 [Test worker] DEBUG o.s.b.f.s.DefaultListableBeanFactory - Creating shared instance of singleton bean 'countingAdvice'
17:29:36.809 [Test worker] DEBUG o.s.b.f.s.DefaultListableBeanFactory - Creating shared instance of singleton bean 'tas'
17:29:36.810 [Test worker] DEBUG o.s.t.i.NameMatchTransactionAttributeSource - Adding transactional method [rollbackOnly] with attribute [PROPAGATION_REQUIRED,ISOLATION_DEFAULT]
17:29:36.810 [Test worker] DEBUG o.s.t.i.NameMatchTransactionAttributeSource - Adding transactional method [setA*] with attribute [PROPAGATION_REQUIRED,ISOLATION_DEFAULT]
17:29:36.810 [Test worker] DEBUG o.s.t.i.NameMatchTransactionAttributeSource - Adding transactional method [echoException] with attribute [PROPAGATION_REQUIRED,ISOLATION_DEFAULT,+javax.servlet.ServletException,-java.lang.Exception]
17:29:36.822 [Test worker] DEBUG o.s.b.f.s.DefaultListableBeanFactory - Creating shared instance of singleton bean 'test'
17:29:36.824 [Test worker] DEBUG o.s.b.f.s.DefaultListableBeanFactory - Creating shared instance of singleton bean 'noSetters'
17:29:36.824 [Test worker] DEBUG o.s.b.f.s.DefaultListableBeanFactory - Creating shared instance of singleton bean 'rollback'
17:29:36.825 [Test worker] DEBUG o.s.b.f.s.DefaultListableBeanFactory - Creating shared instance of singleton bean 'tb'
17:29:36.826 [Test worker] DEBUG o.s.b.f.s.DefaultListableBeanFactory - Creating shared instance of singleton bean 'nullValueReturned'
]]></system-out>
  <system-err><![CDATA[]]></system-err>
</testsuite>
