<?xml version="1.0" encoding="UTF-8"?>
<testsuite name="org.springframework.aop.config.AopNamespaceHandlerScopeIntegrationTests" tests="3" skipped="0" failures="0" errors="0" timestamp="2021-05-09T12:40:57" hostname="wangweilidembp" time="0.18">
  <properties/>
  <testcase name="testSessionScoping()" classname="org.springframework.aop.config.AopNamespaceHandlerScopeIntegrationTests" time="0.009"/>
  <testcase name="testRequestScoping()" classname="org.springframework.aop.config.AopNamespaceHandlerScopeIntegrationTests" time="0.03"/>
  <testcase name="testSingletonScoping()" classname="org.springframework.aop.config.AopNamespaceHandlerScopeIntegrationTests" time="0.136"/>
  <system-out><![CDATA[20:40:56.823 [Test worker] DEBUG o.s.t.c.BootstrapUtils - Instantiating CacheAwareContextLoaderDelegate from class [org.springframework.test.context.cache.DefaultCacheAwareContextLoaderDelegate]
20:40:56.824 [Test worker] DEBUG o.s.t.c.BootstrapUtils - Instantiating BootstrapContext using constructor [public org.springframework.test.context.support.DefaultBootstrapContext(java.lang.Class,org.springframework.test.context.CacheAwareContextLoaderDelegate)]
20:40:56.827 [Test worker] DEBUG o.s.t.c.BootstrapUtils - Instantiating TestContextBootstrapper for test class [org.springframework.aop.config.AopNamespaceHandlerScopeIntegrationTests] from class [org.springframework.test.context.web.WebTestContextBootstrapper]
20:40:56.840 [Test worker] DEBUG o.s.t.c.s.AbstractDelegatingSmartContextLoader - Delegating to GenericXmlWebContextLoader to process context configuration [ContextConfigurationAttributes@63ae5004 declaringClass = 'org.springframework.aop.config.AopNamespaceHandlerScopeIntegrationTests', classes = '{}', locations = '{}', inheritLocations = true, initializers = '{}', inheritInitializers = true, name = [null], contextLoaderClass = 'org.springframework.test.context.ContextLoader'].
20:40:56.840 [Test worker] INFO  o.s.t.c.s.AbstractContextLoader - Detected default resource location "classpath:org/springframework/aop/config/AopNamespaceHandlerScopeIntegrationTests-context.xml" for test class [org.springframework.aop.config.AopNamespaceHandlerScopeIntegrationTests]
20:40:56.840 [Test worker] INFO  o.s.t.c.s.AbstractDelegatingSmartContextLoader - GenericXmlWebContextLoader detected default locations for context configuration [ContextConfigurationAttributes@63ae5004 declaringClass = 'org.springframework.aop.config.AopNamespaceHandlerScopeIntegrationTests', classes = '{}', locations = '{classpath:org/springframework/aop/config/AopNamespaceHandlerScopeIntegrationTests-context.xml}', inheritLocations = true, initializers = '{}', inheritInitializers = true, name = [null], contextLoaderClass = 'org.springframework.test.context.ContextLoader'].
20:40:56.845 [Test worker] DEBUG o.s.t.c.s.AbstractDelegatingSmartContextLoader - Delegating to AnnotationConfigWebContextLoader to process context configuration [ContextConfigurationAttributes@63ae5004 declaringClass = 'org.springframework.aop.config.AopNamespaceHandlerScopeIntegrationTests', classes = '{}', locations = '{classpath:org/springframework/aop/config/AopNamespaceHandlerScopeIntegrationTests-context.xml}', inheritLocations = true, initializers = '{}', inheritInitializers = true, name = [null], contextLoaderClass = 'org.springframework.test.context.ContextLoader'].
20:40:56.848 [Test worker] INFO  o.s.t.c.s.AnnotationConfigContextLoaderUtils - Could not detect default configuration classes for test class [org.springframework.aop.config.AopNamespaceHandlerScopeIntegrationTests]: AopNamespaceHandlerScopeIntegrationTests does not declare any static, non-private, non-final, nested classes annotated with @Configuration.
20:40:56.849 [Test worker] DEBUG o.s.t.c.s.ActiveProfilesUtils - Could not find an 'annotation declaring class' for annotation type [org.springframework.test.context.ActiveProfiles] and class [org.springframework.aop.config.AopNamespaceHandlerScopeIntegrationTests]
20:40:56.849 [Test worker] DEBUG o.s.t.c.w.WebTestContextBootstrapper - @TestExecutionListeners is not present for class [org.springframework.aop.config.AopNamespaceHandlerScopeIntegrationTests]: using defaults.
20:40:56.850 [Test worker] INFO  o.s.t.c.w.WebTestContextBootstrapper - Loaded default TestExecutionListener class names from location [META-INF/spring.factories]: [org.springframework.test.context.web.ServletTestExecutionListener, org.springframework.test.context.support.DirtiesContextBeforeModesTestExecutionListener, org.springframework.test.context.event.ApplicationEventsTestExecutionListener, org.springframework.test.context.support.DependencyInjectionTestExecutionListener, org.springframework.test.context.support.DirtiesContextTestExecutionListener, org.springframework.test.context.transaction.TransactionalTestExecutionListener, org.springframework.test.context.jdbc.SqlScriptsTestExecutionListener, org.springframework.test.context.event.EventPublishingTestExecutionListener]
20:40:56.850 [Test worker] INFO  o.s.t.c.w.WebTestContextBootstrapper - Using TestExecutionListeners: [org.springframework.test.context.web.ServletTestExecutionListener@1a4f25e8, org.springframework.test.context.support.DirtiesContextBeforeModesTestExecutionListener@4b85c139, org.springframework.test.context.event.ApplicationEventsTestExecutionListener@31b97c0b, org.springframework.test.context.support.DependencyInjectionTestExecutionListener@350effec, org.springframework.test.context.support.DirtiesContextTestExecutionListener@568decc0, org.springframework.test.context.transaction.TransactionalTestExecutionListener@33e46321, org.springframework.test.context.jdbc.SqlScriptsTestExecutionListener@49c70872, org.springframework.test.context.event.EventPublishingTestExecutionListener@bf47f39]
20:40:56.851 [Test worker] DEBUG o.s.t.c.s.AbstractDirtiesContextTestExecutionListener - Before test class: context [DefaultTestContext@3226796b testClass = AopNamespaceHandlerScopeIntegrationTests, testInstance = [null], testMethod = [null], testException = [null], mergedContextConfiguration = [WebMergedContextConfiguration@224be965 testClass = AopNamespaceHandlerScopeIntegrationTests, locations = '{classpath:org/springframework/aop/config/AopNamespaceHandlerScopeIntegrationTests-context.xml}', classes = '{}', contextInitializerClasses = '[]', activeProfiles = '{}', propertySourceLocations = '{}', propertySourceProperties = '{}', contextCustomizers = set[[empty]], resourceBasePath = 'src/main/webapp', contextLoader = 'org.springframework.test.context.web.WebDelegatingSmartContextLoader', parent = [null]], attributes = map[[empty]]], class annotated with @DirtiesContext [false] with mode [null].
20:40:56.851 [Test worker] DEBUG o.s.t.c.s.AbstractDelegatingSmartContextLoader - Delegating to GenericXmlWebContextLoader to load context from [WebMergedContextConfiguration@224be965 testClass = AopNamespaceHandlerScopeIntegrationTests, locations = '{classpath:org/springframework/aop/config/AopNamespaceHandlerScopeIntegrationTests-context.xml}', classes = '{}', contextInitializerClasses = '[]', activeProfiles = '{}', propertySourceLocations = '{}', propertySourceProperties = '{}', contextCustomizers = set[[empty]], resourceBasePath = 'src/main/webapp', contextLoader = 'org.springframework.test.context.web.WebDelegatingSmartContextLoader', parent = [null]].
20:40:56.852 [Test worker] DEBUG o.s.t.c.w.AbstractGenericWebContextLoader - Loading WebApplicationContext for merged context configuration [WebMergedContextConfiguration@224be965 testClass = AopNamespaceHandlerScopeIntegrationTests, locations = '{classpath:org/springframework/aop/config/AopNamespaceHandlerScopeIntegrationTests-context.xml}', classes = '{}', contextInitializerClasses = '[]', activeProfiles = '{}', propertySourceLocations = '{}', propertySourceProperties = '{}', contextCustomizers = set[[empty]], resourceBasePath = 'src/main/webapp', contextLoader = 'org.springframework.test.context.web.WebDelegatingSmartContextLoader', parent = [null]].
20:40:56.854 [Test worker] DEBUG o.s.w.c.s.StandardServletEnvironment - Activating profiles []
20:40:56.887 [Test worker] DEBUG o.s.b.f.x.XmlBeanDefinitionReader - Loaded 10 bean definitions from class path resource [org/springframework/aop/config/AopNamespaceHandlerScopeIntegrationTests-context.xml]
20:40:56.887 [Test worker] DEBUG o.s.w.c.s.GenericWebApplicationContext - Refreshing org.springframework.web.context.support.GenericWebApplicationContext@7b9b512f
20:40:56.889 [Test worker] DEBUG o.s.b.f.s.DefaultListableBeanFactory - Creating shared instance of singleton bean 'org.springframework.context.annotation.internalConfigurationAnnotationProcessor'
20:40:56.891 [Test worker] DEBUG o.s.b.f.s.DefaultListableBeanFactory - Creating shared instance of singleton bean 'org.springframework.context.event.internalEventListenerProcessor'
20:40:56.892 [Test worker] DEBUG o.s.b.f.s.DefaultListableBeanFactory - Creating shared instance of singleton bean 'org.springframework.context.event.internalEventListenerFactory'
20:40:56.892 [Test worker] DEBUG o.s.b.f.s.DefaultListableBeanFactory - Creating shared instance of singleton bean 'org.springframework.context.annotation.internalAutowiredAnnotationProcessor'
20:40:56.892 [Test worker] DEBUG o.s.b.f.s.DefaultListableBeanFactory - Creating shared instance of singleton bean 'org.springframework.context.annotation.internalPersistenceAnnotationProcessor'
20:40:56.892 [Test worker] DEBUG o.s.b.f.s.DefaultListableBeanFactory - Creating shared instance of singleton bean 'org.springframework.aop.config.internalAutoProxyCreator'
20:40:56.902 [Test worker] DEBUG o.s.u.c.s.UiApplicationContextUtils - Unable to locate ThemeSource with name 'themeSource': using default [org.springframework.ui.context.support.ResourceBundleThemeSource@2315bd76]
20:40:56.902 [Test worker] DEBUG o.s.b.f.s.DefaultListableBeanFactory - Creating shared instance of singleton bean 'org.springframework.aop.support.DefaultBeanFactoryPointcutAdvisor#0'
20:40:56.908 [Test worker] DEBUG o.s.b.f.s.DefaultListableBeanFactory - Creating shared instance of singleton bean 'advice'
20:40:56.909 [Test worker] DEBUG o.s.b.f.s.DefaultListableBeanFactory - Creating shared instance of singleton bean 'testBean'
20:40:56.924 [Test worker] DEBUG o.s.b.f.s.DefaultListableBeanFactory - Creating shared instance of singleton bean 'scopedTarget.singletonScoped'
20:40:56.998 [Test worker] DEBUG o.s.b.f.s.DefaultListableBeanFactory - Creating shared instance of singleton bean 'singletonScoped'
20:40:57.024 [Test worker] DEBUG o.s.b.f.s.DefaultListableBeanFactory - Creating shared instance of singleton bean 'requestScoped'
20:40:57.040 [Test worker] DEBUG o.s.b.f.s.DefaultListableBeanFactory - Creating shared instance of singleton bean 'sessionScoped'
20:40:57.050 [Test worker] DEBUG o.s.t.c.c.DefaultCacheAwareContextLoaderDelegate - Storing ApplicationContext [2073776431] in cache under key [[WebMergedContextConfiguration@224be965 testClass = AopNamespaceHandlerScopeIntegrationTests, locations = '{classpath:org/springframework/aop/config/AopNamespaceHandlerScopeIntegrationTests-context.xml}', classes = '{}', contextInitializerClasses = '[]', activeProfiles = '{}', propertySourceLocations = '{}', propertySourceProperties = '{}', contextCustomizers = set[[empty]], resourceBasePath = 'src/main/webapp', contextLoader = 'org.springframework.test.context.web.WebDelegatingSmartContextLoader', parent = [null]]]
20:40:57.050 [Test worker] DEBUG o.s.t.c.cache - Spring test ApplicationContext cache statistics: [DefaultContextCache@68b79b69 size = 1, maxSize = 32, parentContextCount = 0, hitCount = 32, missCount = 5]
20:40:57.051 [Test worker] DEBUG o.s.t.c.w.ServletTestExecutionListener - Setting up MockHttpServletRequest, MockHttpServletResponse, ServletWebRequest, and RequestContextHolder for test context [DefaultTestContext@3226796b testClass = AopNamespaceHandlerScopeIntegrationTests, testInstance = org.springframework.aop.config.AopNamespaceHandlerScopeIntegrationTests@619c7788, testMethod = [null], testException = [null], mergedContextConfiguration = [WebMergedContextConfiguration@224be965 testClass = AopNamespaceHandlerScopeIntegrationTests, locations = '{classpath:org/springframework/aop/config/AopNamespaceHandlerScopeIntegrationTests-context.xml}', classes = '{}', contextInitializerClasses = '[]', activeProfiles = '{}', propertySourceLocations = '{}', propertySourceProperties = '{}', contextCustomizers = set[[empty]], resourceBasePath = 'src/main/webapp', contextLoader = 'org.springframework.test.context.web.WebDelegatingSmartContextLoader', parent = [null]], attributes = map[[empty]]].
20:40:57.061 [Test worker] DEBUG o.s.t.c.s.DependencyInjectionTestExecutionListener - Performing dependency injection for test context [[DefaultTestContext@3226796b testClass = AopNamespaceHandlerScopeIntegrationTests, testInstance = org.springframework.aop.config.AopNamespaceHandlerScopeIntegrationTests@619c7788, testMethod = [null], testException = [null], mergedContextConfiguration = [WebMergedContextConfiguration@224be965 testClass = AopNamespaceHandlerScopeIntegrationTests, locations = '{classpath:org/springframework/aop/config/AopNamespaceHandlerScopeIntegrationTests-context.xml}', classes = '{}', contextInitializerClasses = '[]', activeProfiles = '{}', propertySourceLocations = '{}', propertySourceProperties = '{}', contextCustomizers = set[[empty]], resourceBasePath = 'src/main/webapp', contextLoader = 'org.springframework.test.context.web.WebDelegatingSmartContextLoader', parent = [null]], attributes = map['org.springframework.test.context.web.ServletTestExecutionListener.populatedRequestContextHolder' -> true, 'org.springframework.test.context.web.ServletTestExecutionListener.resetRequestContextHolder' -> true, 'org.springframework.test.context.event.ApplicationEventsTestExecutionListener.recordApplicationEvents' -> false]]].
20:40:57.061 [Test worker] DEBUG o.s.t.c.c.DefaultCacheAwareContextLoaderDelegate - Retrieved ApplicationContext [2073776431] from cache with key [[WebMergedContextConfiguration@224be965 testClass = AopNamespaceHandlerScopeIntegrationTests, locations = '{classpath:org/springframework/aop/config/AopNamespaceHandlerScopeIntegrationTests-context.xml}', classes = '{}', contextInitializerClasses = '[]', activeProfiles = '{}', propertySourceLocations = '{}', propertySourceProperties = '{}', contextCustomizers = set[[empty]], resourceBasePath = 'src/main/webapp', contextLoader = 'org.springframework.test.context.web.WebDelegatingSmartContextLoader', parent = [null]]]
20:40:57.062 [Test worker] DEBUG o.s.t.c.cache - Spring test ApplicationContext cache statistics: [DefaultContextCache@68b79b69 size = 1, maxSize = 32, parentContextCount = 0, hitCount = 33, missCount = 5]
20:40:57.083 [Test worker] DEBUG o.s.t.c.c.DefaultCacheAwareContextLoaderDelegate - Retrieved ApplicationContext [2073776431] from cache with key [[WebMergedContextConfiguration@224be965 testClass = AopNamespaceHandlerScopeIntegrationTests, locations = '{classpath:org/springframework/aop/config/AopNamespaceHandlerScopeIntegrationTests-context.xml}', classes = '{}', contextInitializerClasses = '[]', activeProfiles = '{}', propertySourceLocations = '{}', propertySourceProperties = '{}', contextCustomizers = set[[empty]], resourceBasePath = 'src/main/webapp', contextLoader = 'org.springframework.test.context.web.WebDelegatingSmartContextLoader', parent = [null]]]
20:40:57.083 [Test worker] DEBUG o.s.t.c.cache - Spring test ApplicationContext cache statistics: [DefaultContextCache@68b79b69 size = 1, maxSize = 32, parentContextCount = 0, hitCount = 34, missCount = 5]
20:40:57.084 [Test worker] DEBUG o.s.t.c.s.AbstractDirtiesContextTestExecutionListener - Before test method: context [DefaultTestContext@3226796b testClass = AopNamespaceHandlerScopeIntegrationTests, testInstance = org.springframework.aop.config.AopNamespaceHandlerScopeIntegrationTests@619c7788, testMethod = testSessionScoping@AopNamespaceHandlerScopeIntegrationTests, testException = [null], mergedContextConfiguration = [WebMergedContextConfiguration@224be965 testClass = AopNamespaceHandlerScopeIntegrationTests, locations = '{classpath:org/springframework/aop/config/AopNamespaceHandlerScopeIntegrationTests-context.xml}', classes = '{}', contextInitializerClasses = '[]', activeProfiles = '{}', propertySourceLocations = '{}', propertySourceProperties = '{}', contextCustomizers = set[[empty]], resourceBasePath = 'src/main/webapp', contextLoader = 'org.springframework.test.context.web.WebDelegatingSmartContextLoader', parent = [null]], attributes = map['org.springframework.test.context.web.ServletTestExecutionListener.populatedRequestContextHolder' -> true, 'org.springframework.test.context.web.ServletTestExecutionListener.resetRequestContextHolder' -> true, 'org.springframework.test.context.event.ApplicationEventsTestExecutionListener.recordApplicationEvents' -> false]], class annotated with @DirtiesContext [false] with mode [null], method annotated with @DirtiesContext [false] with mode [null].
20:40:57.085 [Test worker] DEBUG o.s.t.c.c.DefaultCacheAwareContextLoaderDelegate - Retrieved ApplicationContext [2073776431] from cache with key [[WebMergedContextConfiguration@224be965 testClass = AopNamespaceHandlerScopeIntegrationTests, locations = '{classpath:org/springframework/aop/config/AopNamespaceHandlerScopeIntegrationTests-context.xml}', classes = '{}', contextInitializerClasses = '[]', activeProfiles = '{}', propertySourceLocations = '{}', propertySourceProperties = '{}', contextCustomizers = set[[empty]], resourceBasePath = 'src/main/webapp', contextLoader = 'org.springframework.test.context.web.WebDelegatingSmartContextLoader', parent = [null]]]
20:40:57.085 [Test worker] DEBUG o.s.t.c.cache - Spring test ApplicationContext cache statistics: [DefaultContextCache@68b79b69 size = 1, maxSize = 32, parentContextCount = 0, hitCount = 35, missCount = 5]
20:40:57.085 [Test worker] DEBUG o.s.t.c.c.DefaultCacheAwareContextLoaderDelegate - Retrieved ApplicationContext [2073776431] from cache with key [[WebMergedContextConfiguration@224be965 testClass = AopNamespaceHandlerScopeIntegrationTests, locations = '{classpath:org/springframework/aop/config/AopNamespaceHandlerScopeIntegrationTests-context.xml}', classes = '{}', contextInitializerClasses = '[]', activeProfiles = '{}', propertySourceLocations = '{}', propertySourceProperties = '{}', contextCustomizers = set[[empty]], resourceBasePath = 'src/main/webapp', contextLoader = 'org.springframework.test.context.web.WebDelegatingSmartContextLoader', parent = [null]]]
20:40:57.085 [Test worker] DEBUG o.s.t.c.cache - Spring test ApplicationContext cache statistics: [DefaultContextCache@68b79b69 size = 1, maxSize = 32, parentContextCount = 0, hitCount = 36, missCount = 5]
20:40:57.090 [Test worker] DEBUG o.s.t.c.c.DefaultCacheAwareContextLoaderDelegate - Retrieved ApplicationContext [2073776431] from cache with key [[WebMergedContextConfiguration@224be965 testClass = AopNamespaceHandlerScopeIntegrationTests, locations = '{classpath:org/springframework/aop/config/AopNamespaceHandlerScopeIntegrationTests-context.xml}', classes = '{}', contextInitializerClasses = '[]', activeProfiles = '{}', propertySourceLocations = '{}', propertySourceProperties = '{}', contextCustomizers = set[[empty]], resourceBasePath = 'src/main/webapp', contextLoader = 'org.springframework.test.context.web.WebDelegatingSmartContextLoader', parent = [null]]]
20:40:57.091 [Test worker] DEBUG o.s.t.c.cache - Spring test ApplicationContext cache statistics: [DefaultContextCache@68b79b69 size = 1, maxSize = 32, parentContextCount = 0, hitCount = 37, missCount = 5]
20:40:57.091 [Test worker] DEBUG o.s.t.c.c.DefaultCacheAwareContextLoaderDelegate - Retrieved ApplicationContext [2073776431] from cache with key [[WebMergedContextConfiguration@224be965 testClass = AopNamespaceHandlerScopeIntegrationTests, locations = '{classpath:org/springframework/aop/config/AopNamespaceHandlerScopeIntegrationTests-context.xml}', classes = '{}', contextInitializerClasses = '[]', activeProfiles = '{}', propertySourceLocations = '{}', propertySourceProperties = '{}', contextCustomizers = set[[empty]], resourceBasePath = 'src/main/webapp', contextLoader = 'org.springframework.test.context.web.WebDelegatingSmartContextLoader', parent = [null]]]
20:40:57.091 [Test worker] DEBUG o.s.t.c.cache - Spring test ApplicationContext cache statistics: [DefaultContextCache@68b79b69 size = 1, maxSize = 32, parentContextCount = 0, hitCount = 38, missCount = 5]
20:40:57.092 [Test worker] DEBUG o.s.t.c.s.AbstractDirtiesContextTestExecutionListener - After test method: context [DefaultTestContext@3226796b testClass = AopNamespaceHandlerScopeIntegrationTests, testInstance = org.springframework.aop.config.AopNamespaceHandlerScopeIntegrationTests@619c7788, testMethod = testSessionScoping@AopNamespaceHandlerScopeIntegrationTests, testException = [null], mergedContextConfiguration = [WebMergedContextConfiguration@224be965 testClass = AopNamespaceHandlerScopeIntegrationTests, locations = '{classpath:org/springframework/aop/config/AopNamespaceHandlerScopeIntegrationTests-context.xml}', classes = '{}', contextInitializerClasses = '[]', activeProfiles = '{}', propertySourceLocations = '{}', propertySourceProperties = '{}', contextCustomizers = set[[empty]], resourceBasePath = 'src/main/webapp', contextLoader = 'org.springframework.test.context.web.WebDelegatingSmartContextLoader', parent = [null]], attributes = map['org.springframework.test.context.web.ServletTestExecutionListener.populatedRequestContextHolder' -> true, 'org.springframework.test.context.web.ServletTestExecutionListener.resetRequestContextHolder' -> true, 'org.springframework.test.context.event.ApplicationEventsTestExecutionListener.recordApplicationEvents' -> false]], class annotated with @DirtiesContext [false] with mode [null], method annotated with @DirtiesContext [false] with mode [null].
20:40:57.092 [Test worker] DEBUG o.s.t.c.w.ServletTestExecutionListener - Resetting RequestContextHolder for test context [DefaultTestContext@3226796b testClass = AopNamespaceHandlerScopeIntegrationTests, testInstance = org.springframework.aop.config.AopNamespaceHandlerScopeIntegrationTests@619c7788, testMethod = testSessionScoping@AopNamespaceHandlerScopeIntegrationTests, testException = [null], mergedContextConfiguration = [WebMergedContextConfiguration@224be965 testClass = AopNamespaceHandlerScopeIntegrationTests, locations = '{classpath:org/springframework/aop/config/AopNamespaceHandlerScopeIntegrationTests-context.xml}', classes = '{}', contextInitializerClasses = '[]', activeProfiles = '{}', propertySourceLocations = '{}', propertySourceProperties = '{}', contextCustomizers = set[[empty]], resourceBasePath = 'src/main/webapp', contextLoader = 'org.springframework.test.context.web.WebDelegatingSmartContextLoader', parent = [null]], attributes = map['org.springframework.test.context.web.ServletTestExecutionListener.populatedRequestContextHolder' -> true, 'org.springframework.test.context.web.ServletTestExecutionListener.resetRequestContextHolder' -> true, 'org.springframework.test.context.event.ApplicationEventsTestExecutionListener.recordApplicationEvents' -> false]].
20:40:57.093 [Test worker] DEBUG o.s.t.c.c.DefaultCacheAwareContextLoaderDelegate - Retrieved ApplicationContext [2073776431] from cache with key [[WebMergedContextConfiguration@224be965 testClass = AopNamespaceHandlerScopeIntegrationTests, locations = '{classpath:org/springframework/aop/config/AopNamespaceHandlerScopeIntegrationTests-context.xml}', classes = '{}', contextInitializerClasses = '[]', activeProfiles = '{}', propertySourceLocations = '{}', propertySourceProperties = '{}', contextCustomizers = set[[empty]], resourceBasePath = 'src/main/webapp', contextLoader = 'org.springframework.test.context.web.WebDelegatingSmartContextLoader', parent = [null]]]
20:40:57.093 [Test worker] DEBUG o.s.t.c.cache - Spring test ApplicationContext cache statistics: [DefaultContextCache@68b79b69 size = 1, maxSize = 32, parentContextCount = 0, hitCount = 39, missCount = 5]
20:40:57.093 [Test worker] DEBUG o.s.t.c.w.ServletTestExecutionListener - Setting up MockHttpServletRequest, MockHttpServletResponse, ServletWebRequest, and RequestContextHolder for test context [DefaultTestContext@3226796b testClass = AopNamespaceHandlerScopeIntegrationTests, testInstance = org.springframework.aop.config.AopNamespaceHandlerScopeIntegrationTests@7f96a404, testMethod = [null], testException = [null], mergedContextConfiguration = [WebMergedContextConfiguration@224be965 testClass = AopNamespaceHandlerScopeIntegrationTests, locations = '{classpath:org/springframework/aop/config/AopNamespaceHandlerScopeIntegrationTests-context.xml}', classes = '{}', contextInitializerClasses = '[]', activeProfiles = '{}', propertySourceLocations = '{}', propertySourceProperties = '{}', contextCustomizers = set[[empty]], resourceBasePath = 'src/main/webapp', contextLoader = 'org.springframework.test.context.web.WebDelegatingSmartContextLoader', parent = [null]], attributes = map['org.springframework.test.context.event.ApplicationEventsTestExecutionListener.recordApplicationEvents' -> false, 'org.springframework.test.context.support.DependencyInjectionTestExecutionListener.reinjectDependencies' -> true]].
20:40:57.094 [Test worker] DEBUG o.s.t.c.s.DependencyInjectionTestExecutionListener - Performing dependency injection for test context [[DefaultTestContext@3226796b testClass = AopNamespaceHandlerScopeIntegrationTests, testInstance = org.springframework.aop.config.AopNamespaceHandlerScopeIntegrationTests@7f96a404, testMethod = [null], testException = [null], mergedContextConfiguration = [WebMergedContextConfiguration@224be965 testClass = AopNamespaceHandlerScopeIntegrationTests, locations = '{classpath:org/springframework/aop/config/AopNamespaceHandlerScopeIntegrationTests-context.xml}', classes = '{}', contextInitializerClasses = '[]', activeProfiles = '{}', propertySourceLocations = '{}', propertySourceProperties = '{}', contextCustomizers = set[[empty]], resourceBasePath = 'src/main/webapp', contextLoader = 'org.springframework.test.context.web.WebDelegatingSmartContextLoader', parent = [null]], attributes = map['org.springframework.test.context.web.ServletTestExecutionListener.populatedRequestContextHolder' -> true, 'org.springframework.test.context.web.ServletTestExecutionListener.resetRequestContextHolder' -> true, 'org.springframework.test.context.event.ApplicationEventsTestExecutionListener.recordApplicationEvents' -> false, 'org.springframework.test.context.support.DependencyInjectionTestExecutionListener.reinjectDependencies' -> true]]].
20:40:57.095 [Test worker] DEBUG o.s.t.c.c.DefaultCacheAwareContextLoaderDelegate - Retrieved ApplicationContext [2073776431] from cache with key [[WebMergedContextConfiguration@224be965 testClass = AopNamespaceHandlerScopeIntegrationTests, locations = '{classpath:org/springframework/aop/config/AopNamespaceHandlerScopeIntegrationTests-context.xml}', classes = '{}', contextInitializerClasses = '[]', activeProfiles = '{}', propertySourceLocations = '{}', propertySourceProperties = '{}', contextCustomizers = set[[empty]], resourceBasePath = 'src/main/webapp', contextLoader = 'org.springframework.test.context.web.WebDelegatingSmartContextLoader', parent = [null]]]
20:40:57.095 [Test worker] DEBUG o.s.t.c.cache - Spring test ApplicationContext cache statistics: [DefaultContextCache@68b79b69 size = 1, maxSize = 32, parentContextCount = 0, hitCount = 40, missCount = 5]
20:40:57.095 [Test worker] DEBUG o.s.t.c.c.DefaultCacheAwareContextLoaderDelegate - Retrieved ApplicationContext [2073776431] from cache with key [[WebMergedContextConfiguration@224be965 testClass = AopNamespaceHandlerScopeIntegrationTests, locations = '{classpath:org/springframework/aop/config/AopNamespaceHandlerScopeIntegrationTests-context.xml}', classes = '{}', contextInitializerClasses = '[]', activeProfiles = '{}', propertySourceLocations = '{}', propertySourceProperties = '{}', contextCustomizers = set[[empty]], resourceBasePath = 'src/main/webapp', contextLoader = 'org.springframework.test.context.web.WebDelegatingSmartContextLoader', parent = [null]]]
20:40:57.095 [Test worker] DEBUG o.s.t.c.cache - Spring test ApplicationContext cache statistics: [DefaultContextCache@68b79b69 size = 1, maxSize = 32, parentContextCount = 0, hitCount = 41, missCount = 5]
20:40:57.096 [Test worker] DEBUG o.s.t.c.s.AbstractDirtiesContextTestExecutionListener - Before test method: context [DefaultTestContext@3226796b testClass = AopNamespaceHandlerScopeIntegrationTests, testInstance = org.springframework.aop.config.AopNamespaceHandlerScopeIntegrationTests@7f96a404, testMethod = testRequestScoping@AopNamespaceHandlerScopeIntegrationTests, testException = [null], mergedContextConfiguration = [WebMergedContextConfiguration@224be965 testClass = AopNamespaceHandlerScopeIntegrationTests, locations = '{classpath:org/springframework/aop/config/AopNamespaceHandlerScopeIntegrationTests-context.xml}', classes = '{}', contextInitializerClasses = '[]', activeProfiles = '{}', propertySourceLocations = '{}', propertySourceProperties = '{}', contextCustomizers = set[[empty]], resourceBasePath = 'src/main/webapp', contextLoader = 'org.springframework.test.context.web.WebDelegatingSmartContextLoader', parent = [null]], attributes = map['org.springframework.test.context.web.ServletTestExecutionListener.populatedRequestContextHolder' -> true, 'org.springframework.test.context.web.ServletTestExecutionListener.resetRequestContextHolder' -> true, 'org.springframework.test.context.event.ApplicationEventsTestExecutionListener.recordApplicationEvents' -> false]], class annotated with @DirtiesContext [false] with mode [null], method annotated with @DirtiesContext [false] with mode [null].
20:40:57.097 [Test worker] DEBUG o.s.t.c.c.DefaultCacheAwareContextLoaderDelegate - Retrieved ApplicationContext [2073776431] from cache with key [[WebMergedContextConfiguration@224be965 testClass = AopNamespaceHandlerScopeIntegrationTests, locations = '{classpath:org/springframework/aop/config/AopNamespaceHandlerScopeIntegrationTests-context.xml}', classes = '{}', contextInitializerClasses = '[]', activeProfiles = '{}', propertySourceLocations = '{}', propertySourceProperties = '{}', contextCustomizers = set[[empty]], resourceBasePath = 'src/main/webapp', contextLoader = 'org.springframework.test.context.web.WebDelegatingSmartContextLoader', parent = [null]]]
20:40:57.097 [Test worker] DEBUG o.s.t.c.cache - Spring test ApplicationContext cache statistics: [DefaultContextCache@68b79b69 size = 1, maxSize = 32, parentContextCount = 0, hitCount = 42, missCount = 5]
20:40:57.097 [Test worker] DEBUG o.s.t.c.c.DefaultCacheAwareContextLoaderDelegate - Retrieved ApplicationContext [2073776431] from cache with key [[WebMergedContextConfiguration@224be965 testClass = AopNamespaceHandlerScopeIntegrationTests, locations = '{classpath:org/springframework/aop/config/AopNamespaceHandlerScopeIntegrationTests-context.xml}', classes = '{}', contextInitializerClasses = '[]', activeProfiles = '{}', propertySourceLocations = '{}', propertySourceProperties = '{}', contextCustomizers = set[[empty]], resourceBasePath = 'src/main/webapp', contextLoader = 'org.springframework.test.context.web.WebDelegatingSmartContextLoader', parent = [null]]]
20:40:57.097 [Test worker] DEBUG o.s.t.c.cache - Spring test ApplicationContext cache statistics: [DefaultContextCache@68b79b69 size = 1, maxSize = 32, parentContextCount = 0, hitCount = 43, missCount = 5]
20:40:57.124 [Test worker] DEBUG o.s.t.c.c.DefaultCacheAwareContextLoaderDelegate - Retrieved ApplicationContext [2073776431] from cache with key [[WebMergedContextConfiguration@224be965 testClass = AopNamespaceHandlerScopeIntegrationTests, locations = '{classpath:org/springframework/aop/config/AopNamespaceHandlerScopeIntegrationTests-context.xml}', classes = '{}', contextInitializerClasses = '[]', activeProfiles = '{}', propertySourceLocations = '{}', propertySourceProperties = '{}', contextCustomizers = set[[empty]], resourceBasePath = 'src/main/webapp', contextLoader = 'org.springframework.test.context.web.WebDelegatingSmartContextLoader', parent = [null]]]
20:40:57.124 [Test worker] DEBUG o.s.t.c.cache - Spring test ApplicationContext cache statistics: [DefaultContextCache@68b79b69 size = 1, maxSize = 32, parentContextCount = 0, hitCount = 44, missCount = 5]
20:40:57.124 [Test worker] DEBUG o.s.t.c.c.DefaultCacheAwareContextLoaderDelegate - Retrieved ApplicationContext [2073776431] from cache with key [[WebMergedContextConfiguration@224be965 testClass = AopNamespaceHandlerScopeIntegrationTests, locations = '{classpath:org/springframework/aop/config/AopNamespaceHandlerScopeIntegrationTests-context.xml}', classes = '{}', contextInitializerClasses = '[]', activeProfiles = '{}', propertySourceLocations = '{}', propertySourceProperties = '{}', contextCustomizers = set[[empty]], resourceBasePath = 'src/main/webapp', contextLoader = 'org.springframework.test.context.web.WebDelegatingSmartContextLoader', parent = [null]]]
20:40:57.125 [Test worker] DEBUG o.s.t.c.cache - Spring test ApplicationContext cache statistics: [DefaultContextCache@68b79b69 size = 1, maxSize = 32, parentContextCount = 0, hitCount = 45, missCount = 5]
20:40:57.125 [Test worker] DEBUG o.s.t.c.s.AbstractDirtiesContextTestExecutionListener - After test method: context [DefaultTestContext@3226796b testClass = AopNamespaceHandlerScopeIntegrationTests, testInstance = org.springframework.aop.config.AopNamespaceHandlerScopeIntegrationTests@7f96a404, testMethod = testRequestScoping@AopNamespaceHandlerScopeIntegrationTests, testException = [null], mergedContextConfiguration = [WebMergedContextConfiguration@224be965 testClass = AopNamespaceHandlerScopeIntegrationTests, locations = '{classpath:org/springframework/aop/config/AopNamespaceHandlerScopeIntegrationTests-context.xml}', classes = '{}', contextInitializerClasses = '[]', activeProfiles = '{}', propertySourceLocations = '{}', propertySourceProperties = '{}', contextCustomizers = set[[empty]], resourceBasePath = 'src/main/webapp', contextLoader = 'org.springframework.test.context.web.WebDelegatingSmartContextLoader', parent = [null]], attributes = map['org.springframework.test.context.web.ServletTestExecutionListener.populatedRequestContextHolder' -> true, 'org.springframework.test.context.web.ServletTestExecutionListener.resetRequestContextHolder' -> true, 'org.springframework.test.context.event.ApplicationEventsTestExecutionListener.recordApplicationEvents' -> false]], class annotated with @DirtiesContext [false] with mode [null], method annotated with @DirtiesContext [false] with mode [null].
20:40:57.125 [Test worker] DEBUG o.s.t.c.w.ServletTestExecutionListener - Resetting RequestContextHolder for test context [DefaultTestContext@3226796b testClass = AopNamespaceHandlerScopeIntegrationTests, testInstance = org.springframework.aop.config.AopNamespaceHandlerScopeIntegrationTests@7f96a404, testMethod = testRequestScoping@AopNamespaceHandlerScopeIntegrationTests, testException = [null], mergedContextConfiguration = [WebMergedContextConfiguration@224be965 testClass = AopNamespaceHandlerScopeIntegrationTests, locations = '{classpath:org/springframework/aop/config/AopNamespaceHandlerScopeIntegrationTests-context.xml}', classes = '{}', contextInitializerClasses = '[]', activeProfiles = '{}', propertySourceLocations = '{}', propertySourceProperties = '{}', contextCustomizers = set[[empty]], resourceBasePath = 'src/main/webapp', contextLoader = 'org.springframework.test.context.web.WebDelegatingSmartContextLoader', parent = [null]], attributes = map['org.springframework.test.context.web.ServletTestExecutionListener.populatedRequestContextHolder' -> true, 'org.springframework.test.context.web.ServletTestExecutionListener.resetRequestContextHolder' -> true, 'org.springframework.test.context.event.ApplicationEventsTestExecutionListener.recordApplicationEvents' -> false]].
20:40:57.126 [Test worker] DEBUG o.s.t.c.c.DefaultCacheAwareContextLoaderDelegate - Retrieved ApplicationContext [2073776431] from cache with key [[WebMergedContextConfiguration@224be965 testClass = AopNamespaceHandlerScopeIntegrationTests, locations = '{classpath:org/springframework/aop/config/AopNamespaceHandlerScopeIntegrationTests-context.xml}', classes = '{}', contextInitializerClasses = '[]', activeProfiles = '{}', propertySourceLocations = '{}', propertySourceProperties = '{}', contextCustomizers = set[[empty]], resourceBasePath = 'src/main/webapp', contextLoader = 'org.springframework.test.context.web.WebDelegatingSmartContextLoader', parent = [null]]]
20:40:57.126 [Test worker] DEBUG o.s.t.c.cache - Spring test ApplicationContext cache statistics: [DefaultContextCache@68b79b69 size = 1, maxSize = 32, parentContextCount = 0, hitCount = 46, missCount = 5]
20:40:57.126 [Test worker] DEBUG o.s.t.c.w.ServletTestExecutionListener - Setting up MockHttpServletRequest, MockHttpServletResponse, ServletWebRequest, and RequestContextHolder for test context [DefaultTestContext@3226796b testClass = AopNamespaceHandlerScopeIntegrationTests, testInstance = org.springframework.aop.config.AopNamespaceHandlerScopeIntegrationTests@b0b0e12, testMethod = [null], testException = [null], mergedContextConfiguration = [WebMergedContextConfiguration@224be965 testClass = AopNamespaceHandlerScopeIntegrationTests, locations = '{classpath:org/springframework/aop/config/AopNamespaceHandlerScopeIntegrationTests-context.xml}', classes = '{}', contextInitializerClasses = '[]', activeProfiles = '{}', propertySourceLocations = '{}', propertySourceProperties = '{}', contextCustomizers = set[[empty]], resourceBasePath = 'src/main/webapp', contextLoader = 'org.springframework.test.context.web.WebDelegatingSmartContextLoader', parent = [null]], attributes = map['org.springframework.test.context.event.ApplicationEventsTestExecutionListener.recordApplicationEvents' -> false, 'org.springframework.test.context.support.DependencyInjectionTestExecutionListener.reinjectDependencies' -> true]].
20:40:57.127 [Test worker] DEBUG o.s.t.c.s.DependencyInjectionTestExecutionListener - Performing dependency injection for test context [[DefaultTestContext@3226796b testClass = AopNamespaceHandlerScopeIntegrationTests, testInstance = org.springframework.aop.config.AopNamespaceHandlerScopeIntegrationTests@b0b0e12, testMethod = [null], testException = [null], mergedContextConfiguration = [WebMergedContextConfiguration@224be965 testClass = AopNamespaceHandlerScopeIntegrationTests, locations = '{classpath:org/springframework/aop/config/AopNamespaceHandlerScopeIntegrationTests-context.xml}', classes = '{}', contextInitializerClasses = '[]', activeProfiles = '{}', propertySourceLocations = '{}', propertySourceProperties = '{}', contextCustomizers = set[[empty]], resourceBasePath = 'src/main/webapp', contextLoader = 'org.springframework.test.context.web.WebDelegatingSmartContextLoader', parent = [null]], attributes = map['org.springframework.test.context.web.ServletTestExecutionListener.populatedRequestContextHolder' -> true, 'org.springframework.test.context.web.ServletTestExecutionListener.resetRequestContextHolder' -> true, 'org.springframework.test.context.event.ApplicationEventsTestExecutionListener.recordApplicationEvents' -> false, 'org.springframework.test.context.support.DependencyInjectionTestExecutionListener.reinjectDependencies' -> true]]].
20:40:57.127 [Test worker] DEBUG o.s.t.c.c.DefaultCacheAwareContextLoaderDelegate - Retrieved ApplicationContext [2073776431] from cache with key [[WebMergedContextConfiguration@224be965 testClass = AopNamespaceHandlerScopeIntegrationTests, locations = '{classpath:org/springframework/aop/config/AopNamespaceHandlerScopeIntegrationTests-context.xml}', classes = '{}', contextInitializerClasses = '[]', activeProfiles = '{}', propertySourceLocations = '{}', propertySourceProperties = '{}', contextCustomizers = set[[empty]], resourceBasePath = 'src/main/webapp', contextLoader = 'org.springframework.test.context.web.WebDelegatingSmartContextLoader', parent = [null]]]
20:40:57.127 [Test worker] DEBUG o.s.t.c.cache - Spring test ApplicationContext cache statistics: [DefaultContextCache@68b79b69 size = 1, maxSize = 32, parentContextCount = 0, hitCount = 47, missCount = 5]
20:40:57.127 [Test worker] DEBUG o.s.t.c.c.DefaultCacheAwareContextLoaderDelegate - Retrieved ApplicationContext [2073776431] from cache with key [[WebMergedContextConfiguration@224be965 testClass = AopNamespaceHandlerScopeIntegrationTests, locations = '{classpath:org/springframework/aop/config/AopNamespaceHandlerScopeIntegrationTests-context.xml}', classes = '{}', contextInitializerClasses = '[]', activeProfiles = '{}', propertySourceLocations = '{}', propertySourceProperties = '{}', contextCustomizers = set[[empty]], resourceBasePath = 'src/main/webapp', contextLoader = 'org.springframework.test.context.web.WebDelegatingSmartContextLoader', parent = [null]]]
20:40:57.127 [Test worker] DEBUG o.s.t.c.cache - Spring test ApplicationContext cache statistics: [DefaultContextCache@68b79b69 size = 1, maxSize = 32, parentContextCount = 0, hitCount = 48, missCount = 5]
20:40:57.128 [Test worker] DEBUG o.s.t.c.s.AbstractDirtiesContextTestExecutionListener - Before test method: context [DefaultTestContext@3226796b testClass = AopNamespaceHandlerScopeIntegrationTests, testInstance = org.springframework.aop.config.AopNamespaceHandlerScopeIntegrationTests@b0b0e12, testMethod = testSingletonScoping@AopNamespaceHandlerScopeIntegrationTests, testException = [null], mergedContextConfiguration = [WebMergedContextConfiguration@224be965 testClass = AopNamespaceHandlerScopeIntegrationTests, locations = '{classpath:org/springframework/aop/config/AopNamespaceHandlerScopeIntegrationTests-context.xml}', classes = '{}', contextInitializerClasses = '[]', activeProfiles = '{}', propertySourceLocations = '{}', propertySourceProperties = '{}', contextCustomizers = set[[empty]], resourceBasePath = 'src/main/webapp', contextLoader = 'org.springframework.test.context.web.WebDelegatingSmartContextLoader', parent = [null]], attributes = map['org.springframework.test.context.web.ServletTestExecutionListener.populatedRequestContextHolder' -> true, 'org.springframework.test.context.web.ServletTestExecutionListener.resetRequestContextHolder' -> true, 'org.springframework.test.context.event.ApplicationEventsTestExecutionListener.recordApplicationEvents' -> false]], class annotated with @DirtiesContext [false] with mode [null], method annotated with @DirtiesContext [false] with mode [null].
20:40:57.129 [Test worker] DEBUG o.s.t.c.c.DefaultCacheAwareContextLoaderDelegate - Retrieved ApplicationContext [2073776431] from cache with key [[WebMergedContextConfiguration@224be965 testClass = AopNamespaceHandlerScopeIntegrationTests, locations = '{classpath:org/springframework/aop/config/AopNamespaceHandlerScopeIntegrationTests-context.xml}', classes = '{}', contextInitializerClasses = '[]', activeProfiles = '{}', propertySourceLocations = '{}', propertySourceProperties = '{}', contextCustomizers = set[[empty]], resourceBasePath = 'src/main/webapp', contextLoader = 'org.springframework.test.context.web.WebDelegatingSmartContextLoader', parent = [null]]]
20:40:57.129 [Test worker] DEBUG o.s.t.c.cache - Spring test ApplicationContext cache statistics: [DefaultContextCache@68b79b69 size = 1, maxSize = 32, parentContextCount = 0, hitCount = 49, missCount = 5]
20:40:57.129 [Test worker] DEBUG o.s.t.c.c.DefaultCacheAwareContextLoaderDelegate - Retrieved ApplicationContext [2073776431] from cache with key [[WebMergedContextConfiguration@224be965 testClass = AopNamespaceHandlerScopeIntegrationTests, locations = '{classpath:org/springframework/aop/config/AopNamespaceHandlerScopeIntegrationTests-context.xml}', classes = '{}', contextInitializerClasses = '[]', activeProfiles = '{}', propertySourceLocations = '{}', propertySourceProperties = '{}', contextCustomizers = set[[empty]], resourceBasePath = 'src/main/webapp', contextLoader = 'org.springframework.test.context.web.WebDelegatingSmartContextLoader', parent = [null]]]
20:40:57.129 [Test worker] DEBUG o.s.t.c.cache - Spring test ApplicationContext cache statistics: [DefaultContextCache@68b79b69 size = 1, maxSize = 32, parentContextCount = 0, hitCount = 50, missCount = 5]
20:40:57.263 [Test worker] DEBUG o.s.t.c.c.DefaultCacheAwareContextLoaderDelegate - Retrieved ApplicationContext [2073776431] from cache with key [[WebMergedContextConfiguration@224be965 testClass = AopNamespaceHandlerScopeIntegrationTests, locations = '{classpath:org/springframework/aop/config/AopNamespaceHandlerScopeIntegrationTests-context.xml}', classes = '{}', contextInitializerClasses = '[]', activeProfiles = '{}', propertySourceLocations = '{}', propertySourceProperties = '{}', contextCustomizers = set[[empty]], resourceBasePath = 'src/main/webapp', contextLoader = 'org.springframework.test.context.web.WebDelegatingSmartContextLoader', parent = [null]]]
20:40:57.263 [Test worker] DEBUG o.s.t.c.cache - Spring test ApplicationContext cache statistics: [DefaultContextCache@68b79b69 size = 1, maxSize = 32, parentContextCount = 0, hitCount = 51, missCount = 5]
20:40:57.263 [Test worker] DEBUG o.s.t.c.c.DefaultCacheAwareContextLoaderDelegate - Retrieved ApplicationContext [2073776431] from cache with key [[WebMergedContextConfiguration@224be965 testClass = AopNamespaceHandlerScopeIntegrationTests, locations = '{classpath:org/springframework/aop/config/AopNamespaceHandlerScopeIntegrationTests-context.xml}', classes = '{}', contextInitializerClasses = '[]', activeProfiles = '{}', propertySourceLocations = '{}', propertySourceProperties = '{}', contextCustomizers = set[[empty]], resourceBasePath = 'src/main/webapp', contextLoader = 'org.springframework.test.context.web.WebDelegatingSmartContextLoader', parent = [null]]]
20:40:57.263 [Test worker] DEBUG o.s.t.c.cache - Spring test ApplicationContext cache statistics: [DefaultContextCache@68b79b69 size = 1, maxSize = 32, parentContextCount = 0, hitCount = 52, missCount = 5]
20:40:57.264 [Test worker] DEBUG o.s.t.c.s.AbstractDirtiesContextTestExecutionListener - After test method: context [DefaultTestContext@3226796b testClass = AopNamespaceHandlerScopeIntegrationTests, testInstance = org.springframework.aop.config.AopNamespaceHandlerScopeIntegrationTests@b0b0e12, testMethod = testSingletonScoping@AopNamespaceHandlerScopeIntegrationTests, testException = [null], mergedContextConfiguration = [WebMergedContextConfiguration@224be965 testClass = AopNamespaceHandlerScopeIntegrationTests, locations = '{classpath:org/springframework/aop/config/AopNamespaceHandlerScopeIntegrationTests-context.xml}', classes = '{}', contextInitializerClasses = '[]', activeProfiles = '{}', propertySourceLocations = '{}', propertySourceProperties = '{}', contextCustomizers = set[[empty]], resourceBasePath = 'src/main/webapp', contextLoader = 'org.springframework.test.context.web.WebDelegatingSmartContextLoader', parent = [null]], attributes = map['org.springframework.test.context.web.ServletTestExecutionListener.populatedRequestContextHolder' -> true, 'org.springframework.test.context.web.ServletTestExecutionListener.resetRequestContextHolder' -> true, 'org.springframework.test.context.event.ApplicationEventsTestExecutionListener.recordApplicationEvents' -> false]], class annotated with @DirtiesContext [false] with mode [null], method annotated with @DirtiesContext [false] with mode [null].
20:40:57.264 [Test worker] DEBUG o.s.t.c.w.ServletTestExecutionListener - Resetting RequestContextHolder for test context [DefaultTestContext@3226796b testClass = AopNamespaceHandlerScopeIntegrationTests, testInstance = org.springframework.aop.config.AopNamespaceHandlerScopeIntegrationTests@b0b0e12, testMethod = testSingletonScoping@AopNamespaceHandlerScopeIntegrationTests, testException = [null], mergedContextConfiguration = [WebMergedContextConfiguration@224be965 testClass = AopNamespaceHandlerScopeIntegrationTests, locations = '{classpath:org/springframework/aop/config/AopNamespaceHandlerScopeIntegrationTests-context.xml}', classes = '{}', contextInitializerClasses = '[]', activeProfiles = '{}', propertySourceLocations = '{}', propertySourceProperties = '{}', contextCustomizers = set[[empty]], resourceBasePath = 'src/main/webapp', contextLoader = 'org.springframework.test.context.web.WebDelegatingSmartContextLoader', parent = [null]], attributes = map['org.springframework.test.context.web.ServletTestExecutionListener.populatedRequestContextHolder' -> true, 'org.springframework.test.context.web.ServletTestExecutionListener.resetRequestContextHolder' -> true, 'org.springframework.test.context.event.ApplicationEventsTestExecutionListener.recordApplicationEvents' -> false]].
20:40:57.264 [Test worker] DEBUG o.s.t.c.c.DefaultCacheAwareContextLoaderDelegate - Retrieved ApplicationContext [2073776431] from cache with key [[WebMergedContextConfiguration@224be965 testClass = AopNamespaceHandlerScopeIntegrationTests, locations = '{classpath:org/springframework/aop/config/AopNamespaceHandlerScopeIntegrationTests-context.xml}', classes = '{}', contextInitializerClasses = '[]', activeProfiles = '{}', propertySourceLocations = '{}', propertySourceProperties = '{}', contextCustomizers = set[[empty]], resourceBasePath = 'src/main/webapp', contextLoader = 'org.springframework.test.context.web.WebDelegatingSmartContextLoader', parent = [null]]]
20:40:57.265 [Test worker] DEBUG o.s.t.c.cache - Spring test ApplicationContext cache statistics: [DefaultContextCache@68b79b69 size = 1, maxSize = 32, parentContextCount = 0, hitCount = 53, missCount = 5]
20:40:57.265 [Test worker] DEBUG o.s.t.c.s.AbstractDirtiesContextTestExecutionListener - After test class: context [DefaultTestContext@3226796b testClass = AopNamespaceHandlerScopeIntegrationTests, testInstance = [null], testMethod = [null], testException = [null], mergedContextConfiguration = [WebMergedContextConfiguration@224be965 testClass = AopNamespaceHandlerScopeIntegrationTests, locations = '{classpath:org/springframework/aop/config/AopNamespaceHandlerScopeIntegrationTests-context.xml}', classes = '{}', contextInitializerClasses = '[]', activeProfiles = '{}', propertySourceLocations = '{}', propertySourceProperties = '{}', contextCustomizers = set[[empty]], resourceBasePath = 'src/main/webapp', contextLoader = 'org.springframework.test.context.web.WebDelegatingSmartContextLoader', parent = [null]], attributes = map['org.springframework.test.context.event.ApplicationEventsTestExecutionListener.recordApplicationEvents' -> false, 'org.springframework.test.context.support.DependencyInjectionTestExecutionListener.reinjectDependencies' -> true]], class annotated with @DirtiesContext [false] with mode [null].
]]></system-out>
  <system-err><![CDATA[]]></system-err>
</testsuite>
