<?xml version="1.0" encoding="UTF-8"?>
<testsuite name="org.springframework.core.env.PropertyPlaceholderConfigurerEnvironmentIntegrationTests" tests="1" skipped="0" failures="0" errors="0" timestamp="2021-05-09T12:40:54" hostname="wangweilidembp" time="0.075">
  <properties/>
  <testcase name="test()" classname="org.springframework.core.env.PropertyPlaceholderConfigurerEnvironmentIntegrationTests" time="0.075"/>
  <system-out><![CDATA[20:40:54.818 [Test worker] DEBUG o.s.c.s.GenericApplicationContext - Refreshing org.springframework.context.support.GenericApplicationContext@c68ffb3
20:40:54.819 [Test worker] DEBUG o.s.b.f.s.DefaultListableBeanFactory - Creating shared instance of singleton bean 'ppc'
20:40:54.889 [Test worker] DEBUG o.s.c.s.GenericApplicationContext - Closing org.springframework.context.support.GenericApplicationContext@c68ffb3, started on Sun May 09 20:40:54 CST 2021
]]></system-out>
  <system-err><![CDATA[]]></system-err>
</testsuite>
