<?xml version="1.0" encoding="UTF-8"?>
<testsuite name="org.springframework.core.env.PropertyPlaceholderConfigurerEnvironmentIntegrationTests" tests="1" skipped="0" failures="0" errors="0" timestamp="2021-05-01T09:29:35" hostname="wangweilideMBP.lan" time="0.038">
  <properties/>
  <testcase name="test()" classname="org.springframework.core.env.PropertyPlaceholderConfigurerEnvironmentIntegrationTests" time="0.038"/>
  <system-out><![CDATA[17:29:35.886 [Test worker] DEBUG o.s.c.s.GenericApplicationContext - Refreshing org.springframework.context.support.GenericApplicationContext@4eafd276
17:29:35.887 [Test worker] DEBUG o.s.b.f.s.DefaultListableBeanFactory - Creating shared instance of singleton bean 'ppc'
17:29:35.922 [Test worker] DEBUG o.s.c.s.GenericApplicationContext - Closing org.springframework.context.support.GenericApplicationContext@4eafd276, started on Sat May 01 17:29:35 CST 2021
]]></system-out>
  <system-err><![CDATA[]]></system-err>
</testsuite>
