<?xml version="1.0" encoding="UTF-8"?>
<testsuite name="org.springframework.beans.factory.xml.ComponentBeanDefinitionParserTests" tests="3" skipped="0" failures="0" errors="0" timestamp="2021-05-09T12:40:57" hostname="wangweilidembp" time="0.045">
  <properties/>
  <testcase name="testBionicFirstLevelChildren()" classname="org.springframework.beans.factory.xml.ComponentBeanDefinitionParserTests" time="0.043"/>
  <testcase name="testBionicBasic()" classname="org.springframework.beans.factory.xml.ComponentBeanDefinitionParserTests" time="0.001"/>
  <testcase name="testBionicSecondLevelChildren()" classname="org.springframework.beans.factory.xml.ComponentBeanDefinitionParserTests" time="0.001"/>
  <system-out><![CDATA[20:40:57.295 [Test worker] DEBUG o.s.b.f.x.XmlBeanDefinitionReader - Loaded 1 bean definitions from class path resource [org/springframework/beans/factory/xml/component-config.xml]
20:40:57.296 [Test worker] DEBUG o.s.b.f.s.DefaultListableBeanFactory - Creating shared instance of singleton bean 'bionic-family'
]]></system-out>
  <system-err><![CDATA[]]></system-err>
</testsuite>
