<?xml version="1.0" encoding="UTF-8"?>
<testsuite name="org.springframework.beans.factory.xml.ComponentBeanDefinitionParserTests" tests="3" skipped="0" failures="0" errors="0" timestamp="2021-05-01T09:29:39" hostname="wangweilideMBP.lan" time="0.054">
  <properties/>
  <testcase name="testBionicFirstLevelChildren()" classname="org.springframework.beans.factory.xml.ComponentBeanDefinitionParserTests" time="0.053"/>
  <testcase name="testBionicBasic()" classname="org.springframework.beans.factory.xml.ComponentBeanDefinitionParserTests" time="0.0"/>
  <testcase name="testBionicSecondLevelChildren()" classname="org.springframework.beans.factory.xml.ComponentBeanDefinitionParserTests" time="0.0"/>
  <system-out><![CDATA[17:29:39.036 [Test worker] DEBUG o.s.b.f.x.XmlBeanDefinitionReader - Loaded 1 bean definitions from class path resource [org/springframework/beans/factory/xml/component-config.xml]
17:29:39.036 [Test worker] DEBUG o.s.b.f.s.DefaultListableBeanFactory - Creating shared instance of singleton bean 'bionic-family'
]]></system-out>
  <system-err><![CDATA[]]></system-err>
</testsuite>
