<?xml version="1.0" encoding="UTF-8"?>
<testsuite name="org.springframework.context.annotation.jsr330.ClassPathBeanDefinitionScannerJsr330ScopeIntegrationTests" tests="10" skipped="0" failures="0" errors="0" timestamp="2021-05-01T09:29:34" hostname="wangweilideMBP.lan" time="0.384">
  <properties/>
  <testcase name="testSingletonScopeWithNoProxy()" classname="org.springframework.context.annotation.jsr330.ClassPathBeanDefinitionScannerJsr330ScopeIntegrationTests" time="0.019"/>
  <testcase name="testSessionScopeWithNoProxy()" classname="org.springframework.context.annotation.jsr330.ClassPathBeanDefinitionScannerJsr330ScopeIntegrationTests" time="0.056"/>
  <testcase name="testSingletonScopeIgnoresProxyInterfaces()" classname="org.springframework.context.annotation.jsr330.ClassPathBeanDefinitionScannerJsr330ScopeIntegrationTests" time="0.042"/>
  <testcase name="testRequestScopeWithNoProxy()" classname="org.springframework.context.annotation.jsr330.ClassPathBeanDefinitionScannerJsr330ScopeIntegrationTests" time="0.032"/>
  <testcase name="testSessionScopeWithProxiedTargetClass()" classname="org.springframework.context.annotation.jsr330.ClassPathBeanDefinitionScannerJsr330ScopeIntegrationTests" time="0.076"/>
  <testcase name="testRequestScopeWithProxiedTargetClass()" classname="org.springframework.context.annotation.jsr330.ClassPathBeanDefinitionScannerJsr330ScopeIntegrationTests" time="0.037"/>
  <testcase name="testPrototype()" classname="org.springframework.context.annotation.jsr330.ClassPathBeanDefinitionScannerJsr330ScopeIntegrationTests" time="0.017"/>
  <testcase name="testRequestScopeWithProxiedInterfaces()" classname="org.springframework.context.annotation.jsr330.ClassPathBeanDefinitionScannerJsr330ScopeIntegrationTests" time="0.026"/>
  <testcase name="testSingletonScopeIgnoresProxyTargetClass()" classname="org.springframework.context.annotation.jsr330.ClassPathBeanDefinitionScannerJsr330ScopeIntegrationTests" time="0.022"/>
  <testcase name="testSessionScopeWithProxiedInterfaces()" classname="org.springframework.context.annotation.jsr330.ClassPathBeanDefinitionScannerJsr330ScopeIntegrationTests" time="0.016"/>
  <system-out><![CDATA[17:29:34.488 [Test worker] DEBUG o.s.c.a.ClassPathBeanDefinitionScanner - Identified candidate component class: file [/Users/wangweili/Documents/MyDesign/learning/msb-source/msb-spring/integration-tests/build/classes/java/test/org/springframework/context/annotation/jsr330/ClassPathBeanDefinitionScannerJsr330ScopeIntegrationTests$PrototypeScopedTestBean.class]
17:29:34.490 [Test worker] DEBUG o.s.c.a.ClassPathBeanDefinitionScanner - Identified candidate component class: file [/Users/wangweili/Documents/MyDesign/learning/msb-source/msb-spring/integration-tests/build/classes/java/test/org/springframework/context/annotation/jsr330/ClassPathBeanDefinitionScannerJsr330ScopeIntegrationTests$RequestScopedTestBean.class]
17:29:34.492 [Test worker] DEBUG o.s.c.a.ClassPathBeanDefinitionScanner - Identified candidate component class: file [/Users/wangweili/Documents/MyDesign/learning/msb-source/msb-spring/integration-tests/build/classes/java/test/org/springframework/context/annotation/jsr330/ClassPathBeanDefinitionScannerJsr330ScopeIntegrationTests$SessionScopedTestBean.class]
17:29:34.493 [Test worker] DEBUG o.s.c.a.ClassPathBeanDefinitionScanner - Identified candidate component class: file [/Users/wangweili/Documents/MyDesign/learning/msb-source/msb-spring/integration-tests/build/classes/java/test/org/springframework/context/annotation/jsr330/ClassPathBeanDefinitionScannerJsr330ScopeIntegrationTests$SingletonScopedTestBean.class]
17:29:34.496 [Test worker] DEBUG o.s.c.a.ClassPathBeanDefinitionScanner - Identified candidate component class: file [/Users/wangweili/Documents/MyDesign/learning/msb-source/msb-spring/integration-tests/build/classes/java/test/org/springframework/context/annotation/jsr330/ClassPathBeanDefinitionScannerJsr330ScopeIntegrationTests$PrototypeScopedTestBean.class]
17:29:34.496 [Test worker] DEBUG o.s.c.a.ClassPathBeanDefinitionScanner - Identified candidate component class: file [/Users/wangweili/Documents/MyDesign/learning/msb-source/msb-spring/integration-tests/build/classes/java/test/org/springframework/context/annotation/jsr330/ClassPathBeanDefinitionScannerJsr330ScopeIntegrationTests$RequestScopedTestBean.class]
17:29:34.497 [Test worker] DEBUG o.s.c.a.ClassPathBeanDefinitionScanner - Identified candidate component class: file [/Users/wangweili/Documents/MyDesign/learning/msb-source/msb-spring/integration-tests/build/classes/java/test/org/springframework/context/annotation/jsr330/ClassPathBeanDefinitionScannerJsr330ScopeIntegrationTests$SessionScopedTestBean.class]
17:29:34.497 [Test worker] DEBUG o.s.c.a.ClassPathBeanDefinitionScanner - Identified candidate component class: file [/Users/wangweili/Documents/MyDesign/learning/msb-source/msb-spring/integration-tests/build/classes/java/test/org/springframework/context/annotation/jsr330/ClassPathBeanDefinitionScannerJsr330ScopeIntegrationTests$SingletonScopedTestBean.class]
17:29:34.498 [Test worker] DEBUG o.s.w.c.s.GenericWebApplicationContext - Refreshing org.springframework.web.context.support.GenericWebApplicationContext@2049fcba
17:29:34.499 [Test worker] DEBUG o.s.u.c.s.UiApplicationContextUtils - Unable to locate ThemeSource with name 'themeSource': using default [org.springframework.ui.context.support.ResourceBundleThemeSource@46023214]
17:29:34.499 [Test worker] DEBUG o.s.b.f.s.DefaultListableBeanFactory - Creating shared instance of singleton bean 'singleton'
17:29:34.507 [Test worker] DEBUG o.s.c.a.ClassPathBeanDefinitionScanner - Identified candidate component class: file [/Users/wangweili/Documents/MyDesign/learning/msb-source/msb-spring/integration-tests/build/classes/java/test/org/springframework/context/annotation/jsr330/ClassPathBeanDefinitionScannerJsr330ScopeIntegrationTests$PrototypeScopedTestBean.class]
17:29:34.507 [Test worker] DEBUG o.s.c.a.ClassPathBeanDefinitionScanner - Identified candidate component class: file [/Users/wangweili/Documents/MyDesign/learning/msb-source/msb-spring/integration-tests/build/classes/java/test/org/springframework/context/annotation/jsr330/ClassPathBeanDefinitionScannerJsr330ScopeIntegrationTests$RequestScopedTestBean.class]
17:29:34.508 [Test worker] DEBUG o.s.c.a.ClassPathBeanDefinitionScanner - Identified candidate component class: file [/Users/wangweili/Documents/MyDesign/learning/msb-source/msb-spring/integration-tests/build/classes/java/test/org/springframework/context/annotation/jsr330/ClassPathBeanDefinitionScannerJsr330ScopeIntegrationTests$SessionScopedTestBean.class]
17:29:34.509 [Test worker] DEBUG o.s.c.a.ClassPathBeanDefinitionScanner - Identified candidate component class: file [/Users/wangweili/Documents/MyDesign/learning/msb-source/msb-spring/integration-tests/build/classes/java/test/org/springframework/context/annotation/jsr330/ClassPathBeanDefinitionScannerJsr330ScopeIntegrationTests$SingletonScopedTestBean.class]
17:29:34.511 [Test worker] DEBUG o.s.c.a.ClassPathBeanDefinitionScanner - Identified candidate component class: file [/Users/wangweili/Documents/MyDesign/learning/msb-source/msb-spring/integration-tests/build/classes/java/test/org/springframework/context/annotation/jsr330/ClassPathBeanDefinitionScannerJsr330ScopeIntegrationTests$PrototypeScopedTestBean.class]
17:29:34.512 [Test worker] DEBUG o.s.c.a.ClassPathBeanDefinitionScanner - Identified candidate component class: file [/Users/wangweili/Documents/MyDesign/learning/msb-source/msb-spring/integration-tests/build/classes/java/test/org/springframework/context/annotation/jsr330/ClassPathBeanDefinitionScannerJsr330ScopeIntegrationTests$RequestScopedTestBean.class]
17:29:34.512 [Test worker] DEBUG o.s.c.a.ClassPathBeanDefinitionScanner - Identified candidate component class: file [/Users/wangweili/Documents/MyDesign/learning/msb-source/msb-spring/integration-tests/build/classes/java/test/org/springframework/context/annotation/jsr330/ClassPathBeanDefinitionScannerJsr330ScopeIntegrationTests$SessionScopedTestBean.class]
17:29:34.512 [Test worker] DEBUG o.s.c.a.ClassPathBeanDefinitionScanner - Identified candidate component class: file [/Users/wangweili/Documents/MyDesign/learning/msb-source/msb-spring/integration-tests/build/classes/java/test/org/springframework/context/annotation/jsr330/ClassPathBeanDefinitionScannerJsr330ScopeIntegrationTests$SingletonScopedTestBean.class]
17:29:34.513 [Test worker] DEBUG o.s.w.c.s.GenericWebApplicationContext - Refreshing org.springframework.web.context.support.GenericWebApplicationContext@79f0742d
17:29:34.513 [Test worker] DEBUG o.s.u.c.s.UiApplicationContextUtils - Unable to locate ThemeSource with name 'themeSource': using default [org.springframework.ui.context.support.ResourceBundleThemeSource@ecb3dad]
17:29:34.513 [Test worker] DEBUG o.s.b.f.s.DefaultListableBeanFactory - Creating shared instance of singleton bean 'singleton'
17:29:34.575 [Test worker] DEBUG o.s.c.a.ClassPathBeanDefinitionScanner - Identified candidate component class: file [/Users/wangweili/Documents/MyDesign/learning/msb-source/msb-spring/integration-tests/build/classes/java/test/org/springframework/context/annotation/jsr330/ClassPathBeanDefinitionScannerJsr330ScopeIntegrationTests$PrototypeScopedTestBean.class]
17:29:34.576 [Test worker] DEBUG o.s.c.a.ClassPathBeanDefinitionScanner - Identified candidate component class: file [/Users/wangweili/Documents/MyDesign/learning/msb-source/msb-spring/integration-tests/build/classes/java/test/org/springframework/context/annotation/jsr330/ClassPathBeanDefinitionScannerJsr330ScopeIntegrationTests$RequestScopedTestBean.class]
17:29:34.577 [Test worker] DEBUG o.s.c.a.ClassPathBeanDefinitionScanner - Identified candidate component class: file [/Users/wangweili/Documents/MyDesign/learning/msb-source/msb-spring/integration-tests/build/classes/java/test/org/springframework/context/annotation/jsr330/ClassPathBeanDefinitionScannerJsr330ScopeIntegrationTests$SessionScopedTestBean.class]
17:29:34.578 [Test worker] DEBUG o.s.c.a.ClassPathBeanDefinitionScanner - Identified candidate component class: file [/Users/wangweili/Documents/MyDesign/learning/msb-source/msb-spring/integration-tests/build/classes/java/test/org/springframework/context/annotation/jsr330/ClassPathBeanDefinitionScannerJsr330ScopeIntegrationTests$SingletonScopedTestBean.class]
17:29:34.582 [Test worker] DEBUG o.s.c.a.ClassPathBeanDefinitionScanner - Identified candidate component class: file [/Users/wangweili/Documents/MyDesign/learning/msb-source/msb-spring/integration-tests/build/classes/java/test/org/springframework/context/annotation/jsr330/ClassPathBeanDefinitionScannerJsr330ScopeIntegrationTests$PrototypeScopedTestBean.class]
17:29:34.583 [Test worker] DEBUG o.s.c.a.ClassPathBeanDefinitionScanner - Identified candidate component class: file [/Users/wangweili/Documents/MyDesign/learning/msb-source/msb-spring/integration-tests/build/classes/java/test/org/springframework/context/annotation/jsr330/ClassPathBeanDefinitionScannerJsr330ScopeIntegrationTests$RequestScopedTestBean.class]
17:29:34.583 [Test worker] DEBUG o.s.c.a.ClassPathBeanDefinitionScanner - Identified candidate component class: file [/Users/wangweili/Documents/MyDesign/learning/msb-source/msb-spring/integration-tests/build/classes/java/test/org/springframework/context/annotation/jsr330/ClassPathBeanDefinitionScannerJsr330ScopeIntegrationTests$SessionScopedTestBean.class]
17:29:34.583 [Test worker] DEBUG o.s.c.a.ClassPathBeanDefinitionScanner - Identified candidate component class: file [/Users/wangweili/Documents/MyDesign/learning/msb-source/msb-spring/integration-tests/build/classes/java/test/org/springframework/context/annotation/jsr330/ClassPathBeanDefinitionScannerJsr330ScopeIntegrationTests$SingletonScopedTestBean.class]
17:29:34.584 [Test worker] DEBUG o.s.w.c.s.GenericWebApplicationContext - Refreshing org.springframework.web.context.support.GenericWebApplicationContext@718cd58f
17:29:34.585 [Test worker] DEBUG o.s.u.c.s.UiApplicationContextUtils - Unable to locate ThemeSource with name 'themeSource': using default [org.springframework.ui.context.support.ResourceBundleThemeSource@7f1628a3]
17:29:34.585 [Test worker] DEBUG o.s.b.f.s.DefaultListableBeanFactory - Creating shared instance of singleton bean 'request'
17:29:34.600 [Test worker] DEBUG o.s.b.f.s.DefaultListableBeanFactory - Creating shared instance of singleton bean 'classPathBeanDefinitionScannerJsr330ScopeIntegrationTests.SessionScopedTestBean'
17:29:34.601 [Test worker] DEBUG o.s.b.f.s.DefaultListableBeanFactory - Creating shared instance of singleton bean 'singleton'
17:29:34.607 [Test worker] DEBUG o.s.c.a.ClassPathBeanDefinitionScanner - Identified candidate component class: file [/Users/wangweili/Documents/MyDesign/learning/msb-source/msb-spring/integration-tests/build/classes/java/test/org/springframework/context/annotation/jsr330/ClassPathBeanDefinitionScannerJsr330ScopeIntegrationTests$PrototypeScopedTestBean.class]
17:29:34.607 [Test worker] DEBUG o.s.c.a.ClassPathBeanDefinitionScanner - Identified candidate component class: file [/Users/wangweili/Documents/MyDesign/learning/msb-source/msb-spring/integration-tests/build/classes/java/test/org/springframework/context/annotation/jsr330/ClassPathBeanDefinitionScannerJsr330ScopeIntegrationTests$RequestScopedTestBean.class]
17:29:34.608 [Test worker] DEBUG o.s.c.a.ClassPathBeanDefinitionScanner - Identified candidate component class: file [/Users/wangweili/Documents/MyDesign/learning/msb-source/msb-spring/integration-tests/build/classes/java/test/org/springframework/context/annotation/jsr330/ClassPathBeanDefinitionScannerJsr330ScopeIntegrationTests$SessionScopedTestBean.class]
17:29:34.609 [Test worker] DEBUG o.s.c.a.ClassPathBeanDefinitionScanner - Identified candidate component class: file [/Users/wangweili/Documents/MyDesign/learning/msb-source/msb-spring/integration-tests/build/classes/java/test/org/springframework/context/annotation/jsr330/ClassPathBeanDefinitionScannerJsr330ScopeIntegrationTests$SingletonScopedTestBean.class]
17:29:34.612 [Test worker] DEBUG o.s.c.a.ClassPathBeanDefinitionScanner - Identified candidate component class: file [/Users/wangweili/Documents/MyDesign/learning/msb-source/msb-spring/integration-tests/build/classes/java/test/org/springframework/context/annotation/jsr330/ClassPathBeanDefinitionScannerJsr330ScopeIntegrationTests$PrototypeScopedTestBean.class]
17:29:34.612 [Test worker] DEBUG o.s.c.a.ClassPathBeanDefinitionScanner - Identified candidate component class: file [/Users/wangweili/Documents/MyDesign/learning/msb-source/msb-spring/integration-tests/build/classes/java/test/org/springframework/context/annotation/jsr330/ClassPathBeanDefinitionScannerJsr330ScopeIntegrationTests$RequestScopedTestBean.class]
17:29:34.612 [Test worker] DEBUG o.s.c.a.ClassPathBeanDefinitionScanner - Identified candidate component class: file [/Users/wangweili/Documents/MyDesign/learning/msb-source/msb-spring/integration-tests/build/classes/java/test/org/springframework/context/annotation/jsr330/ClassPathBeanDefinitionScannerJsr330ScopeIntegrationTests$SessionScopedTestBean.class]
17:29:34.613 [Test worker] DEBUG o.s.c.a.ClassPathBeanDefinitionScanner - Identified candidate component class: file [/Users/wangweili/Documents/MyDesign/learning/msb-source/msb-spring/integration-tests/build/classes/java/test/org/springframework/context/annotation/jsr330/ClassPathBeanDefinitionScannerJsr330ScopeIntegrationTests$SingletonScopedTestBean.class]
17:29:34.613 [Test worker] DEBUG o.s.w.c.s.GenericWebApplicationContext - Refreshing org.springframework.web.context.support.GenericWebApplicationContext@7ad1bf32
17:29:34.614 [Test worker] DEBUG o.s.u.c.s.UiApplicationContextUtils - Unable to locate ThemeSource with name 'themeSource': using default [org.springframework.ui.context.support.ResourceBundleThemeSource@3e2fee59]
17:29:34.614 [Test worker] DEBUG o.s.b.f.s.DefaultListableBeanFactory - Creating shared instance of singleton bean 'singleton'
17:29:34.643 [Test worker] DEBUG o.s.c.a.ClassPathBeanDefinitionScanner - Identified candidate component class: file [/Users/wangweili/Documents/MyDesign/learning/msb-source/msb-spring/integration-tests/build/classes/java/test/org/springframework/context/annotation/jsr330/ClassPathBeanDefinitionScannerJsr330ScopeIntegrationTests$PrototypeScopedTestBean.class]
17:29:34.644 [Test worker] DEBUG o.s.c.a.ClassPathBeanDefinitionScanner - Identified candidate component class: file [/Users/wangweili/Documents/MyDesign/learning/msb-source/msb-spring/integration-tests/build/classes/java/test/org/springframework/context/annotation/jsr330/ClassPathBeanDefinitionScannerJsr330ScopeIntegrationTests$RequestScopedTestBean.class]
17:29:34.647 [Test worker] DEBUG o.s.c.a.ClassPathBeanDefinitionScanner - Identified candidate component class: file [/Users/wangweili/Documents/MyDesign/learning/msb-source/msb-spring/integration-tests/build/classes/java/test/org/springframework/context/annotation/jsr330/ClassPathBeanDefinitionScannerJsr330ScopeIntegrationTests$SessionScopedTestBean.class]
17:29:34.649 [Test worker] DEBUG o.s.c.a.ClassPathBeanDefinitionScanner - Identified candidate component class: file [/Users/wangweili/Documents/MyDesign/learning/msb-source/msb-spring/integration-tests/build/classes/java/test/org/springframework/context/annotation/jsr330/ClassPathBeanDefinitionScannerJsr330ScopeIntegrationTests$SingletonScopedTestBean.class]
17:29:34.652 [Test worker] DEBUG o.s.c.a.ClassPathBeanDefinitionScanner - Identified candidate component class: file [/Users/wangweili/Documents/MyDesign/learning/msb-source/msb-spring/integration-tests/build/classes/java/test/org/springframework/context/annotation/jsr330/ClassPathBeanDefinitionScannerJsr330ScopeIntegrationTests$PrototypeScopedTestBean.class]
17:29:34.653 [Test worker] DEBUG o.s.c.a.ClassPathBeanDefinitionScanner - Identified candidate component class: file [/Users/wangweili/Documents/MyDesign/learning/msb-source/msb-spring/integration-tests/build/classes/java/test/org/springframework/context/annotation/jsr330/ClassPathBeanDefinitionScannerJsr330ScopeIntegrationTests$RequestScopedTestBean.class]
17:29:34.653 [Test worker] DEBUG o.s.c.a.ClassPathBeanDefinitionScanner - Identified candidate component class: file [/Users/wangweili/Documents/MyDesign/learning/msb-source/msb-spring/integration-tests/build/classes/java/test/org/springframework/context/annotation/jsr330/ClassPathBeanDefinitionScannerJsr330ScopeIntegrationTests$SessionScopedTestBean.class]
17:29:34.653 [Test worker] DEBUG o.s.c.a.ClassPathBeanDefinitionScanner - Identified candidate component class: file [/Users/wangweili/Documents/MyDesign/learning/msb-source/msb-spring/integration-tests/build/classes/java/test/org/springframework/context/annotation/jsr330/ClassPathBeanDefinitionScannerJsr330ScopeIntegrationTests$SingletonScopedTestBean.class]
17:29:34.654 [Test worker] DEBUG o.s.w.c.s.GenericWebApplicationContext - Refreshing org.springframework.web.context.support.GenericWebApplicationContext@659f0cbe
17:29:34.655 [Test worker] DEBUG o.s.u.c.s.UiApplicationContextUtils - Unable to locate ThemeSource with name 'themeSource': using default [org.springframework.ui.context.support.ResourceBundleThemeSource@5659e0d]
17:29:34.655 [Test worker] DEBUG o.s.b.f.s.DefaultListableBeanFactory - Creating shared instance of singleton bean 'request'
17:29:34.666 [Test worker] DEBUG o.s.b.f.s.DefaultListableBeanFactory - Creating shared instance of singleton bean 'classPathBeanDefinitionScannerJsr330ScopeIntegrationTests.SessionScopedTestBean'
17:29:34.675 [Test worker] DEBUG o.s.b.f.s.DefaultListableBeanFactory - Creating shared instance of singleton bean 'singleton'
17:29:34.717 [Test worker] DEBUG o.s.c.a.ClassPathBeanDefinitionScanner - Identified candidate component class: file [/Users/wangweili/Documents/MyDesign/learning/msb-source/msb-spring/integration-tests/build/classes/java/test/org/springframework/context/annotation/jsr330/ClassPathBeanDefinitionScannerJsr330ScopeIntegrationTests$PrototypeScopedTestBean.class]
17:29:34.717 [Test worker] DEBUG o.s.c.a.ClassPathBeanDefinitionScanner - Identified candidate component class: file [/Users/wangweili/Documents/MyDesign/learning/msb-source/msb-spring/integration-tests/build/classes/java/test/org/springframework/context/annotation/jsr330/ClassPathBeanDefinitionScannerJsr330ScopeIntegrationTests$RequestScopedTestBean.class]
17:29:34.718 [Test worker] DEBUG o.s.c.a.ClassPathBeanDefinitionScanner - Identified candidate component class: file [/Users/wangweili/Documents/MyDesign/learning/msb-source/msb-spring/integration-tests/build/classes/java/test/org/springframework/context/annotation/jsr330/ClassPathBeanDefinitionScannerJsr330ScopeIntegrationTests$SessionScopedTestBean.class]
17:29:34.719 [Test worker] DEBUG o.s.c.a.ClassPathBeanDefinitionScanner - Identified candidate component class: file [/Users/wangweili/Documents/MyDesign/learning/msb-source/msb-spring/integration-tests/build/classes/java/test/org/springframework/context/annotation/jsr330/ClassPathBeanDefinitionScannerJsr330ScopeIntegrationTests$SingletonScopedTestBean.class]
17:29:34.734 [Test worker] DEBUG o.s.c.a.ClassPathBeanDefinitionScanner - Identified candidate component class: file [/Users/wangweili/Documents/MyDesign/learning/msb-source/msb-spring/integration-tests/build/classes/java/test/org/springframework/context/annotation/jsr330/ClassPathBeanDefinitionScannerJsr330ScopeIntegrationTests$PrototypeScopedTestBean.class]
17:29:34.734 [Test worker] DEBUG o.s.c.a.ClassPathBeanDefinitionScanner - Identified candidate component class: file [/Users/wangweili/Documents/MyDesign/learning/msb-source/msb-spring/integration-tests/build/classes/java/test/org/springframework/context/annotation/jsr330/ClassPathBeanDefinitionScannerJsr330ScopeIntegrationTests$RequestScopedTestBean.class]
17:29:34.736 [Test worker] DEBUG o.s.c.a.ClassPathBeanDefinitionScanner - Identified candidate component class: file [/Users/wangweili/Documents/MyDesign/learning/msb-source/msb-spring/integration-tests/build/classes/java/test/org/springframework/context/annotation/jsr330/ClassPathBeanDefinitionScannerJsr330ScopeIntegrationTests$SessionScopedTestBean.class]
17:29:34.736 [Test worker] DEBUG o.s.c.a.ClassPathBeanDefinitionScanner - Identified candidate component class: file [/Users/wangweili/Documents/MyDesign/learning/msb-source/msb-spring/integration-tests/build/classes/java/test/org/springframework/context/annotation/jsr330/ClassPathBeanDefinitionScannerJsr330ScopeIntegrationTests$SingletonScopedTestBean.class]
17:29:34.737 [Test worker] DEBUG o.s.w.c.s.GenericWebApplicationContext - Refreshing org.springframework.web.context.support.GenericWebApplicationContext@281f95eb
17:29:34.740 [Test worker] DEBUG o.s.u.c.s.UiApplicationContextUtils - Unable to locate ThemeSource with name 'themeSource': using default [org.springframework.ui.context.support.ResourceBundleThemeSource@dafaed3]
17:29:34.741 [Test worker] DEBUG o.s.b.f.s.DefaultListableBeanFactory - Creating shared instance of singleton bean 'request'
17:29:34.743 [Test worker] DEBUG o.s.b.f.s.DefaultListableBeanFactory - Creating shared instance of singleton bean 'classPathBeanDefinitionScannerJsr330ScopeIntegrationTests.SessionScopedTestBean'
17:29:34.743 [Test worker] DEBUG o.s.b.f.s.DefaultListableBeanFactory - Creating shared instance of singleton bean 'singleton'
17:29:34.754 [Test worker] DEBUG o.s.c.a.ClassPathBeanDefinitionScanner - Identified candidate component class: file [/Users/wangweili/Documents/MyDesign/learning/msb-source/msb-spring/integration-tests/build/classes/java/test/org/springframework/context/annotation/jsr330/ClassPathBeanDefinitionScannerJsr330ScopeIntegrationTests$PrototypeScopedTestBean.class]
17:29:34.755 [Test worker] DEBUG o.s.c.a.ClassPathBeanDefinitionScanner - Identified candidate component class: file [/Users/wangweili/Documents/MyDesign/learning/msb-source/msb-spring/integration-tests/build/classes/java/test/org/springframework/context/annotation/jsr330/ClassPathBeanDefinitionScannerJsr330ScopeIntegrationTests$RequestScopedTestBean.class]
17:29:34.757 [Test worker] DEBUG o.s.c.a.ClassPathBeanDefinitionScanner - Identified candidate component class: file [/Users/wangweili/Documents/MyDesign/learning/msb-source/msb-spring/integration-tests/build/classes/java/test/org/springframework/context/annotation/jsr330/ClassPathBeanDefinitionScannerJsr330ScopeIntegrationTests$SessionScopedTestBean.class]
17:29:34.757 [Test worker] DEBUG o.s.c.a.ClassPathBeanDefinitionScanner - Identified candidate component class: file [/Users/wangweili/Documents/MyDesign/learning/msb-source/msb-spring/integration-tests/build/classes/java/test/org/springframework/context/annotation/jsr330/ClassPathBeanDefinitionScannerJsr330ScopeIntegrationTests$SingletonScopedTestBean.class]
17:29:34.761 [Test worker] DEBUG o.s.c.a.ClassPathBeanDefinitionScanner - Identified candidate component class: file [/Users/wangweili/Documents/MyDesign/learning/msb-source/msb-spring/integration-tests/build/classes/java/test/org/springframework/context/annotation/jsr330/ClassPathBeanDefinitionScannerJsr330ScopeIntegrationTests$PrototypeScopedTestBean.class]
17:29:34.761 [Test worker] DEBUG o.s.c.a.ClassPathBeanDefinitionScanner - Identified candidate component class: file [/Users/wangweili/Documents/MyDesign/learning/msb-source/msb-spring/integration-tests/build/classes/java/test/org/springframework/context/annotation/jsr330/ClassPathBeanDefinitionScannerJsr330ScopeIntegrationTests$RequestScopedTestBean.class]
17:29:34.762 [Test worker] DEBUG o.s.c.a.ClassPathBeanDefinitionScanner - Identified candidate component class: file [/Users/wangweili/Documents/MyDesign/learning/msb-source/msb-spring/integration-tests/build/classes/java/test/org/springframework/context/annotation/jsr330/ClassPathBeanDefinitionScannerJsr330ScopeIntegrationTests$SessionScopedTestBean.class]
17:29:34.762 [Test worker] DEBUG o.s.c.a.ClassPathBeanDefinitionScanner - Identified candidate component class: file [/Users/wangweili/Documents/MyDesign/learning/msb-source/msb-spring/integration-tests/build/classes/java/test/org/springframework/context/annotation/jsr330/ClassPathBeanDefinitionScannerJsr330ScopeIntegrationTests$SingletonScopedTestBean.class]
17:29:34.762 [Test worker] DEBUG o.s.w.c.s.GenericWebApplicationContext - Refreshing org.springframework.web.context.support.GenericWebApplicationContext@59cbd240
17:29:34.764 [Test worker] DEBUG o.s.u.c.s.UiApplicationContextUtils - Unable to locate ThemeSource with name 'themeSource': using default [org.springframework.ui.context.support.ResourceBundleThemeSource@673d0351]
17:29:34.765 [Test worker] DEBUG o.s.b.f.s.DefaultListableBeanFactory - Creating shared instance of singleton bean 'singleton'
17:29:34.784 [Test worker] DEBUG o.s.c.a.ClassPathBeanDefinitionScanner - Identified candidate component class: file [/Users/wangweili/Documents/MyDesign/learning/msb-source/msb-spring/integration-tests/build/classes/java/test/org/springframework/context/annotation/jsr330/ClassPathBeanDefinitionScannerJsr330ScopeIntegrationTests$PrototypeScopedTestBean.class]
17:29:34.785 [Test worker] DEBUG o.s.c.a.ClassPathBeanDefinitionScanner - Identified candidate component class: file [/Users/wangweili/Documents/MyDesign/learning/msb-source/msb-spring/integration-tests/build/classes/java/test/org/springframework/context/annotation/jsr330/ClassPathBeanDefinitionScannerJsr330ScopeIntegrationTests$RequestScopedTestBean.class]
17:29:34.786 [Test worker] DEBUG o.s.c.a.ClassPathBeanDefinitionScanner - Identified candidate component class: file [/Users/wangweili/Documents/MyDesign/learning/msb-source/msb-spring/integration-tests/build/classes/java/test/org/springframework/context/annotation/jsr330/ClassPathBeanDefinitionScannerJsr330ScopeIntegrationTests$SessionScopedTestBean.class]
17:29:34.786 [Test worker] DEBUG o.s.c.a.ClassPathBeanDefinitionScanner - Identified candidate component class: file [/Users/wangweili/Documents/MyDesign/learning/msb-source/msb-spring/integration-tests/build/classes/java/test/org/springframework/context/annotation/jsr330/ClassPathBeanDefinitionScannerJsr330ScopeIntegrationTests$SingletonScopedTestBean.class]
17:29:34.789 [Test worker] DEBUG o.s.c.a.ClassPathBeanDefinitionScanner - Identified candidate component class: file [/Users/wangweili/Documents/MyDesign/learning/msb-source/msb-spring/integration-tests/build/classes/java/test/org/springframework/context/annotation/jsr330/ClassPathBeanDefinitionScannerJsr330ScopeIntegrationTests$PrototypeScopedTestBean.class]
17:29:34.789 [Test worker] DEBUG o.s.c.a.ClassPathBeanDefinitionScanner - Identified candidate component class: file [/Users/wangweili/Documents/MyDesign/learning/msb-source/msb-spring/integration-tests/build/classes/java/test/org/springframework/context/annotation/jsr330/ClassPathBeanDefinitionScannerJsr330ScopeIntegrationTests$RequestScopedTestBean.class]
17:29:34.789 [Test worker] DEBUG o.s.c.a.ClassPathBeanDefinitionScanner - Identified candidate component class: file [/Users/wangweili/Documents/MyDesign/learning/msb-source/msb-spring/integration-tests/build/classes/java/test/org/springframework/context/annotation/jsr330/ClassPathBeanDefinitionScannerJsr330ScopeIntegrationTests$SessionScopedTestBean.class]
17:29:34.790 [Test worker] DEBUG o.s.c.a.ClassPathBeanDefinitionScanner - Identified candidate component class: file [/Users/wangweili/Documents/MyDesign/learning/msb-source/msb-spring/integration-tests/build/classes/java/test/org/springframework/context/annotation/jsr330/ClassPathBeanDefinitionScannerJsr330ScopeIntegrationTests$SingletonScopedTestBean.class]
17:29:34.790 [Test worker] DEBUG o.s.w.c.s.GenericWebApplicationContext - Refreshing org.springframework.web.context.support.GenericWebApplicationContext@60e39424
17:29:34.791 [Test worker] DEBUG o.s.u.c.s.UiApplicationContextUtils - Unable to locate ThemeSource with name 'themeSource': using default [org.springframework.ui.context.support.ResourceBundleThemeSource@34fdf222]
17:29:34.791 [Test worker] DEBUG o.s.b.f.s.DefaultListableBeanFactory - Creating shared instance of singleton bean 'request'
17:29:34.792 [Test worker] DEBUG o.s.b.f.s.DefaultListableBeanFactory - Creating shared instance of singleton bean 'classPathBeanDefinitionScannerJsr330ScopeIntegrationTests.SessionScopedTestBean'
17:29:34.792 [Test worker] DEBUG o.s.b.f.s.DefaultListableBeanFactory - Creating shared instance of singleton bean 'singleton'
17:29:34.833 [Test worker] DEBUG o.s.c.a.ClassPathBeanDefinitionScanner - Identified candidate component class: file [/Users/wangweili/Documents/MyDesign/learning/msb-source/msb-spring/integration-tests/build/classes/java/test/org/springframework/context/annotation/jsr330/ClassPathBeanDefinitionScannerJsr330ScopeIntegrationTests$PrototypeScopedTestBean.class]
17:29:34.834 [Test worker] DEBUG o.s.c.a.ClassPathBeanDefinitionScanner - Identified candidate component class: file [/Users/wangweili/Documents/MyDesign/learning/msb-source/msb-spring/integration-tests/build/classes/java/test/org/springframework/context/annotation/jsr330/ClassPathBeanDefinitionScannerJsr330ScopeIntegrationTests$RequestScopedTestBean.class]
17:29:34.835 [Test worker] DEBUG o.s.c.a.ClassPathBeanDefinitionScanner - Identified candidate component class: file [/Users/wangweili/Documents/MyDesign/learning/msb-source/msb-spring/integration-tests/build/classes/java/test/org/springframework/context/annotation/jsr330/ClassPathBeanDefinitionScannerJsr330ScopeIntegrationTests$SessionScopedTestBean.class]
17:29:34.836 [Test worker] DEBUG o.s.c.a.ClassPathBeanDefinitionScanner - Identified candidate component class: file [/Users/wangweili/Documents/MyDesign/learning/msb-source/msb-spring/integration-tests/build/classes/java/test/org/springframework/context/annotation/jsr330/ClassPathBeanDefinitionScannerJsr330ScopeIntegrationTests$SingletonScopedTestBean.class]
17:29:34.844 [Test worker] DEBUG o.s.c.a.ClassPathBeanDefinitionScanner - Identified candidate component class: file [/Users/wangweili/Documents/MyDesign/learning/msb-source/msb-spring/integration-tests/build/classes/java/test/org/springframework/context/annotation/jsr330/ClassPathBeanDefinitionScannerJsr330ScopeIntegrationTests$PrototypeScopedTestBean.class]
17:29:34.844 [Test worker] DEBUG o.s.c.a.ClassPathBeanDefinitionScanner - Identified candidate component class: file [/Users/wangweili/Documents/MyDesign/learning/msb-source/msb-spring/integration-tests/build/classes/java/test/org/springframework/context/annotation/jsr330/ClassPathBeanDefinitionScannerJsr330ScopeIntegrationTests$RequestScopedTestBean.class]
17:29:34.845 [Test worker] DEBUG o.s.c.a.ClassPathBeanDefinitionScanner - Identified candidate component class: file [/Users/wangweili/Documents/MyDesign/learning/msb-source/msb-spring/integration-tests/build/classes/java/test/org/springframework/context/annotation/jsr330/ClassPathBeanDefinitionScannerJsr330ScopeIntegrationTests$SessionScopedTestBean.class]
17:29:34.845 [Test worker] DEBUG o.s.c.a.ClassPathBeanDefinitionScanner - Identified candidate component class: file [/Users/wangweili/Documents/MyDesign/learning/msb-source/msb-spring/integration-tests/build/classes/java/test/org/springframework/context/annotation/jsr330/ClassPathBeanDefinitionScannerJsr330ScopeIntegrationTests$SingletonScopedTestBean.class]
17:29:34.845 [Test worker] DEBUG o.s.w.c.s.GenericWebApplicationContext - Refreshing org.springframework.web.context.support.GenericWebApplicationContext@48c3022d
17:29:34.846 [Test worker] DEBUG o.s.u.c.s.UiApplicationContextUtils - Unable to locate ThemeSource with name 'themeSource': using default [org.springframework.ui.context.support.ResourceBundleThemeSource@16e8e755]
17:29:34.847 [Test worker] DEBUG o.s.b.f.s.DefaultListableBeanFactory - Creating shared instance of singleton bean 'request'
17:29:34.848 [Test worker] DEBUG o.s.b.f.s.DefaultListableBeanFactory - Creating shared instance of singleton bean 'classPathBeanDefinitionScannerJsr330ScopeIntegrationTests.SessionScopedTestBean'
17:29:34.849 [Test worker] DEBUG o.s.b.f.s.DefaultListableBeanFactory - Creating shared instance of singleton bean 'singleton'
17:29:34.855 [Test worker] DEBUG o.s.c.a.ClassPathBeanDefinitionScanner - Identified candidate component class: file [/Users/wangweili/Documents/MyDesign/learning/msb-source/msb-spring/integration-tests/build/classes/java/test/org/springframework/context/annotation/jsr330/ClassPathBeanDefinitionScannerJsr330ScopeIntegrationTests$PrototypeScopedTestBean.class]
17:29:34.856 [Test worker] DEBUG o.s.c.a.ClassPathBeanDefinitionScanner - Identified candidate component class: file [/Users/wangweili/Documents/MyDesign/learning/msb-source/msb-spring/integration-tests/build/classes/java/test/org/springframework/context/annotation/jsr330/ClassPathBeanDefinitionScannerJsr330ScopeIntegrationTests$RequestScopedTestBean.class]
17:29:34.857 [Test worker] DEBUG o.s.c.a.ClassPathBeanDefinitionScanner - Identified candidate component class: file [/Users/wangweili/Documents/MyDesign/learning/msb-source/msb-spring/integration-tests/build/classes/java/test/org/springframework/context/annotation/jsr330/ClassPathBeanDefinitionScannerJsr330ScopeIntegrationTests$SessionScopedTestBean.class]
17:29:34.857 [Test worker] DEBUG o.s.c.a.ClassPathBeanDefinitionScanner - Identified candidate component class: file [/Users/wangweili/Documents/MyDesign/learning/msb-source/msb-spring/integration-tests/build/classes/java/test/org/springframework/context/annotation/jsr330/ClassPathBeanDefinitionScannerJsr330ScopeIntegrationTests$SingletonScopedTestBean.class]
17:29:34.860 [Test worker] DEBUG o.s.c.a.ClassPathBeanDefinitionScanner - Identified candidate component class: file [/Users/wangweili/Documents/MyDesign/learning/msb-source/msb-spring/integration-tests/build/classes/java/test/org/springframework/context/annotation/jsr330/ClassPathBeanDefinitionScannerJsr330ScopeIntegrationTests$PrototypeScopedTestBean.class]
17:29:34.860 [Test worker] DEBUG o.s.c.a.ClassPathBeanDefinitionScanner - Identified candidate component class: file [/Users/wangweili/Documents/MyDesign/learning/msb-source/msb-spring/integration-tests/build/classes/java/test/org/springframework/context/annotation/jsr330/ClassPathBeanDefinitionScannerJsr330ScopeIntegrationTests$RequestScopedTestBean.class]
17:29:34.861 [Test worker] DEBUG o.s.c.a.ClassPathBeanDefinitionScanner - Identified candidate component class: file [/Users/wangweili/Documents/MyDesign/learning/msb-source/msb-spring/integration-tests/build/classes/java/test/org/springframework/context/annotation/jsr330/ClassPathBeanDefinitionScannerJsr330ScopeIntegrationTests$SessionScopedTestBean.class]
17:29:34.861 [Test worker] DEBUG o.s.c.a.ClassPathBeanDefinitionScanner - Identified candidate component class: file [/Users/wangweili/Documents/MyDesign/learning/msb-source/msb-spring/integration-tests/build/classes/java/test/org/springframework/context/annotation/jsr330/ClassPathBeanDefinitionScannerJsr330ScopeIntegrationTests$SingletonScopedTestBean.class]
17:29:34.861 [Test worker] DEBUG o.s.w.c.s.GenericWebApplicationContext - Refreshing org.springframework.web.context.support.GenericWebApplicationContext@466a5dcf
17:29:34.862 [Test worker] DEBUG o.s.u.c.s.UiApplicationContextUtils - Unable to locate ThemeSource with name 'themeSource': using default [org.springframework.ui.context.support.ResourceBundleThemeSource@44684f47]
17:29:34.862 [Test worker] DEBUG o.s.b.f.s.DefaultListableBeanFactory - Creating shared instance of singleton bean 'request'
17:29:34.863 [Test worker] DEBUG o.s.b.f.s.DefaultListableBeanFactory - Creating shared instance of singleton bean 'classPathBeanDefinitionScannerJsr330ScopeIntegrationTests.SessionScopedTestBean'
17:29:34.865 [Test worker] DEBUG o.s.b.f.s.DefaultListableBeanFactory - Creating shared instance of singleton bean 'singleton'
]]></system-out>
  <system-err><![CDATA[]]></system-err>
</testsuite>
