<?xml version="1.0" encoding="UTF-8"?>
<testsuite name="org.springframework.aop.framework.autoproxy.AdvisorAutoProxyCreatorIntegrationTests" tests="8" skipped="0" failures="0" errors="0" timestamp="2021-04-26T07:40:10" hostname="wangweilideMacBook-Pro.local" time="0.47">
  <properties/>
  <testcase name="testRollbackRulesOnMethodCauseRollback()" classname="org.springframework.aop.framework.autoproxy.AdvisorAutoProxyCreatorIntegrationTests" time="0.264"/>
  <testcase name="testTransactionAttributeOnMethod()" classname="org.springframework.aop.framework.autoproxy.AdvisorAutoProxyCreatorIntegrationTests" time="0.037"/>
  <testcase name="testTxIsProxied()" classname="org.springframework.aop.framework.autoproxy.AdvisorAutoProxyCreatorIntegrationTests" time="0.029"/>
  <testcase name="testRegexpApplied()" classname="org.springframework.aop.framework.autoproxy.AdvisorAutoProxyCreatorIntegrationTests" time="0.03"/>
  <testcase name="testDefaultExclusionPrefix()" classname="org.springframework.aop.framework.autoproxy.AdvisorAutoProxyCreatorIntegrationTests" time="0.026"/>
  <testcase name="testRollbackRulesOnMethodPreventRollback()" classname="org.springframework.aop.framework.autoproxy.AdvisorAutoProxyCreatorIntegrationTests" time="0.024"/>
  <testcase name="testProgrammaticRollback()" classname="org.springframework.aop.framework.autoproxy.AdvisorAutoProxyCreatorIntegrationTests" time="0.024"/>
  <testcase name="testNoProxy()" classname="org.springframework.aop.framework.autoproxy.AdvisorAutoProxyCreatorIntegrationTests" time="0.033"/>
  <system-out><![CDATA[15:40:10.440 [Test worker] DEBUG o.s.c.s.ClassPathXmlApplicationContext - Refreshing org.springframework.context.support.ClassPathXmlApplicationContext@20d67790
15:40:10.469 [Test worker] DEBUG o.s.b.f.x.XmlBeanDefinitionReader - Loaded 18 bean definitions from class path resource [org/springframework/aop/framework/autoproxy/AdvisorAutoProxyCreatorIntegrationTests-context.xml]
15:40:10.477 [Test worker] DEBUG o.s.b.f.s.DefaultListableBeanFactory - Creating shared instance of singleton bean 'aapc'
15:40:10.478 [Test worker] DEBUG o.s.b.f.s.DefaultListableBeanFactory - Creating shared instance of singleton bean 'orderedBeforeTransaction'
15:40:10.606 [Test worker] DEBUG o.s.b.f.s.DefaultListableBeanFactory - Creating shared instance of singleton bean 'orderedAfterTransaction'
15:40:10.607 [Test worker] DEBUG o.s.b.f.s.DefaultListableBeanFactory - Creating shared instance of singleton bean 'orderedAfterTransaction2'
15:40:10.607 [Test worker] DEBUG o.s.b.f.s.DefaultListableBeanFactory - Creating shared instance of singleton bean 'txManager'
15:40:10.607 [Test worker] DEBUG o.s.b.f.s.DefaultListableBeanFactory - Creating shared instance of singleton bean 'txAdvisor'
15:40:10.608 [Test worker] DEBUG o.s.b.f.s.DefaultListableBeanFactory - Creating shared instance of singleton bean 'txInterceptor'
15:40:10.609 [Test worker] DEBUG o.s.b.f.s.DefaultListableBeanFactory - Creating shared instance of singleton bean 'singletonDependency'
15:40:10.611 [Test worker] DEBUG o.s.b.f.s.DefaultListableBeanFactory - Creating shared instance of singleton bean 'org.springframework.aop.support.RegexpMethodPointcutAdvisor#0'
15:40:10.612 [Test worker] DEBUG o.s.b.f.s.DefaultListableBeanFactory - Creating shared instance of singleton bean 'countingAdvice'
15:40:10.635 [Test worker] DEBUG o.s.b.f.s.DefaultListableBeanFactory - Creating shared instance of singleton bean 'tas'
15:40:10.642 [Test worker] DEBUG o.s.t.i.NameMatchTransactionAttributeSource - Adding transactional method [rollbackOnly] with attribute [PROPAGATION_REQUIRED,ISOLATION_DEFAULT]
15:40:10.642 [Test worker] DEBUG o.s.t.i.NameMatchTransactionAttributeSource - Adding transactional method [setA*] with attribute [PROPAGATION_REQUIRED,ISOLATION_DEFAULT]
15:40:10.643 [Test worker] DEBUG o.s.t.i.NameMatchTransactionAttributeSource - Adding transactional method [echoException] with attribute [PROPAGATION_REQUIRED,ISOLATION_DEFAULT,+javax.servlet.ServletException,-java.lang.Exception]
15:40:10.650 [Test worker] DEBUG o.s.b.f.s.DefaultListableBeanFactory - Creating shared instance of singleton bean 'test'
15:40:10.663 [Test worker] DEBUG o.s.b.f.s.DefaultListableBeanFactory - Creating shared instance of singleton bean 'noSetters'
15:40:10.664 [Test worker] DEBUG o.s.b.f.s.DefaultListableBeanFactory - Creating shared instance of singleton bean 'rollback'
15:40:10.670 [Test worker] DEBUG o.s.b.f.s.DefaultListableBeanFactory - Creating shared instance of singleton bean 'tb'
15:40:10.672 [Test worker] DEBUG o.s.b.f.s.DefaultListableBeanFactory - Creating shared instance of singleton bean 'nullValueReturned'
15:40:10.688 [Test worker] DEBUG o.s.t.t.CallCountingTransactionManager - Creating new transaction with name [org.springframework.aop.framework.autoproxy.Rollback.echoException]: PROPAGATION_REQUIRED,ISOLATION_DEFAULT,+javax.servlet.ServletException,-java.lang.Exception
15:40:10.703 [Test worker] DEBUG o.s.t.t.CallCountingTransactionManager - Initiating transaction commit
15:40:10.703 [Test worker] DEBUG o.s.t.t.CallCountingTransactionManager - Creating new transaction with name [org.springframework.aop.framework.autoproxy.Rollback.echoException]: PROPAGATION_REQUIRED,ISOLATION_DEFAULT,+javax.servlet.ServletException,-java.lang.Exception
15:40:10.704 [Test worker] DEBUG o.s.t.t.CallCountingTransactionManager - Initiating transaction rollback
15:40:10.705 [Test worker] DEBUG o.s.c.s.ClassPathXmlApplicationContext - Refreshing org.springframework.context.support.ClassPathXmlApplicationContext@43c62b0a
15:40:10.717 [Test worker] DEBUG o.s.b.f.x.XmlBeanDefinitionReader - Loaded 18 bean definitions from class path resource [org/springframework/aop/framework/autoproxy/AdvisorAutoProxyCreatorIntegrationTests-context.xml]
15:40:10.718 [Test worker] DEBUG o.s.b.f.s.DefaultListableBeanFactory - Creating shared instance of singleton bean 'aapc'
15:40:10.718 [Test worker] DEBUG o.s.b.f.s.DefaultListableBeanFactory - Creating shared instance of singleton bean 'orderedBeforeTransaction'
15:40:10.719 [Test worker] DEBUG o.s.b.f.s.DefaultListableBeanFactory - Creating shared instance of singleton bean 'orderedAfterTransaction'
15:40:10.719 [Test worker] DEBUG o.s.b.f.s.DefaultListableBeanFactory - Creating shared instance of singleton bean 'orderedAfterTransaction2'
15:40:10.719 [Test worker] DEBUG o.s.b.f.s.DefaultListableBeanFactory - Creating shared instance of singleton bean 'txManager'
15:40:10.720 [Test worker] DEBUG o.s.b.f.s.DefaultListableBeanFactory - Creating shared instance of singleton bean 'txAdvisor'
15:40:10.720 [Test worker] DEBUG o.s.b.f.s.DefaultListableBeanFactory - Creating shared instance of singleton bean 'txInterceptor'
15:40:10.720 [Test worker] DEBUG o.s.b.f.s.DefaultListableBeanFactory - Creating shared instance of singleton bean 'singletonDependency'
15:40:10.720 [Test worker] DEBUG o.s.b.f.s.DefaultListableBeanFactory - Creating shared instance of singleton bean 'org.springframework.aop.support.RegexpMethodPointcutAdvisor#0'
15:40:10.720 [Test worker] DEBUG o.s.b.f.s.DefaultListableBeanFactory - Creating shared instance of singleton bean 'countingAdvice'
15:40:10.724 [Test worker] DEBUG o.s.b.f.s.DefaultListableBeanFactory - Creating shared instance of singleton bean 'tas'
15:40:10.725 [Test worker] DEBUG o.s.t.i.NameMatchTransactionAttributeSource - Adding transactional method [rollbackOnly] with attribute [PROPAGATION_REQUIRED,ISOLATION_DEFAULT]
15:40:10.725 [Test worker] DEBUG o.s.t.i.NameMatchTransactionAttributeSource - Adding transactional method [setA*] with attribute [PROPAGATION_REQUIRED,ISOLATION_DEFAULT]
15:40:10.725 [Test worker] DEBUG o.s.t.i.NameMatchTransactionAttributeSource - Adding transactional method [echoException] with attribute [PROPAGATION_REQUIRED,ISOLATION_DEFAULT,+javax.servlet.ServletException,-java.lang.Exception]
15:40:10.728 [Test worker] DEBUG o.s.b.f.s.DefaultListableBeanFactory - Creating shared instance of singleton bean 'test'
15:40:10.731 [Test worker] DEBUG o.s.b.f.s.DefaultListableBeanFactory - Creating shared instance of singleton bean 'noSetters'
15:40:10.732 [Test worker] DEBUG o.s.b.f.s.DefaultListableBeanFactory - Creating shared instance of singleton bean 'rollback'
15:40:10.734 [Test worker] DEBUG o.s.b.f.s.DefaultListableBeanFactory - Creating shared instance of singleton bean 'tb'
15:40:10.736 [Test worker] DEBUG o.s.b.f.s.DefaultListableBeanFactory - Creating shared instance of singleton bean 'nullValueReturned'
15:40:10.740 [Test worker] DEBUG o.s.t.t.CallCountingTransactionManager - Creating new transaction with name [org.springframework.beans.testfixture.beans.TestBean.setAge]: PROPAGATION_REQUIRED,ISOLATION_DEFAULT
15:40:10.741 [Test worker] DEBUG o.s.t.t.CallCountingTransactionManager - Initiating transaction commit
15:40:10.742 [Test worker] DEBUG o.s.c.s.ClassPathXmlApplicationContext - Refreshing org.springframework.context.support.ClassPathXmlApplicationContext@1ef85d0d
15:40:10.752 [Test worker] DEBUG o.s.b.f.x.XmlBeanDefinitionReader - Loaded 18 bean definitions from class path resource [org/springframework/aop/framework/autoproxy/AdvisorAutoProxyCreatorIntegrationTests-context.xml]
15:40:10.753 [Test worker] DEBUG o.s.b.f.s.DefaultListableBeanFactory - Creating shared instance of singleton bean 'aapc'
15:40:10.754 [Test worker] DEBUG o.s.b.f.s.DefaultListableBeanFactory - Creating shared instance of singleton bean 'orderedBeforeTransaction'
15:40:10.754 [Test worker] DEBUG o.s.b.f.s.DefaultListableBeanFactory - Creating shared instance of singleton bean 'orderedAfterTransaction'
15:40:10.755 [Test worker] DEBUG o.s.b.f.s.DefaultListableBeanFactory - Creating shared instance of singleton bean 'orderedAfterTransaction2'
15:40:10.755 [Test worker] DEBUG o.s.b.f.s.DefaultListableBeanFactory - Creating shared instance of singleton bean 'txManager'
15:40:10.755 [Test worker] DEBUG o.s.b.f.s.DefaultListableBeanFactory - Creating shared instance of singleton bean 'txAdvisor'
15:40:10.755 [Test worker] DEBUG o.s.b.f.s.DefaultListableBeanFactory - Creating shared instance of singleton bean 'txInterceptor'
15:40:10.755 [Test worker] DEBUG o.s.b.f.s.DefaultListableBeanFactory - Creating shared instance of singleton bean 'singletonDependency'
15:40:10.755 [Test worker] DEBUG o.s.b.f.s.DefaultListableBeanFactory - Creating shared instance of singleton bean 'org.springframework.aop.support.RegexpMethodPointcutAdvisor#0'
15:40:10.755 [Test worker] DEBUG o.s.b.f.s.DefaultListableBeanFactory - Creating shared instance of singleton bean 'countingAdvice'
15:40:10.758 [Test worker] DEBUG o.s.b.f.s.DefaultListableBeanFactory - Creating shared instance of singleton bean 'tas'
15:40:10.759 [Test worker] DEBUG o.s.t.i.NameMatchTransactionAttributeSource - Adding transactional method [rollbackOnly] with attribute [PROPAGATION_REQUIRED,ISOLATION_DEFAULT]
15:40:10.759 [Test worker] DEBUG o.s.t.i.NameMatchTransactionAttributeSource - Adding transactional method [setA*] with attribute [PROPAGATION_REQUIRED,ISOLATION_DEFAULT]
15:40:10.759 [Test worker] DEBUG o.s.t.i.NameMatchTransactionAttributeSource - Adding transactional method [echoException] with attribute [PROPAGATION_REQUIRED,ISOLATION_DEFAULT,+javax.servlet.ServletException,-java.lang.Exception]
15:40:10.762 [Test worker] DEBUG o.s.b.f.s.DefaultListableBeanFactory - Creating shared instance of singleton bean 'test'
15:40:10.764 [Test worker] DEBUG o.s.b.f.s.DefaultListableBeanFactory - Creating shared instance of singleton bean 'noSetters'
15:40:10.765 [Test worker] DEBUG o.s.b.f.s.DefaultListableBeanFactory - Creating shared instance of singleton bean 'rollback'
15:40:10.766 [Test worker] DEBUG o.s.b.f.s.DefaultListableBeanFactory - Creating shared instance of singleton bean 'tb'
15:40:10.767 [Test worker] DEBUG o.s.b.f.s.DefaultListableBeanFactory - Creating shared instance of singleton bean 'nullValueReturned'
15:40:10.771 [Test worker] DEBUG o.s.c.s.ClassPathXmlApplicationContext - Refreshing org.springframework.context.support.ClassPathXmlApplicationContext@6d9fce3e
15:40:10.784 [Test worker] DEBUG o.s.b.f.x.XmlBeanDefinitionReader - Loaded 18 bean definitions from class path resource [org/springframework/aop/framework/autoproxy/AdvisorAutoProxyCreatorIntegrationTests-context.xml]
15:40:10.785 [Test worker] DEBUG o.s.b.f.s.DefaultListableBeanFactory - Creating shared instance of singleton bean 'aapc'
15:40:10.785 [Test worker] DEBUG o.s.b.f.s.DefaultListableBeanFactory - Creating shared instance of singleton bean 'orderedBeforeTransaction'
15:40:10.786 [Test worker] DEBUG o.s.b.f.s.DefaultListableBeanFactory - Creating shared instance of singleton bean 'orderedAfterTransaction'
15:40:10.786 [Test worker] DEBUG o.s.b.f.s.DefaultListableBeanFactory - Creating shared instance of singleton bean 'orderedAfterTransaction2'
15:40:10.787 [Test worker] DEBUG o.s.b.f.s.DefaultListableBeanFactory - Creating shared instance of singleton bean 'txManager'
15:40:10.787 [Test worker] DEBUG o.s.b.f.s.DefaultListableBeanFactory - Creating shared instance of singleton bean 'txAdvisor'
15:40:10.787 [Test worker] DEBUG o.s.b.f.s.DefaultListableBeanFactory - Creating shared instance of singleton bean 'txInterceptor'
15:40:10.787 [Test worker] DEBUG o.s.b.f.s.DefaultListableBeanFactory - Creating shared instance of singleton bean 'singletonDependency'
15:40:10.787 [Test worker] DEBUG o.s.b.f.s.DefaultListableBeanFactory - Creating shared instance of singleton bean 'org.springframework.aop.support.RegexpMethodPointcutAdvisor#0'
15:40:10.787 [Test worker] DEBUG o.s.b.f.s.DefaultListableBeanFactory - Creating shared instance of singleton bean 'countingAdvice'
15:40:10.790 [Test worker] DEBUG o.s.b.f.s.DefaultListableBeanFactory - Creating shared instance of singleton bean 'tas'
15:40:10.791 [Test worker] DEBUG o.s.t.i.NameMatchTransactionAttributeSource - Adding transactional method [rollbackOnly] with attribute [PROPAGATION_REQUIRED,ISOLATION_DEFAULT]
15:40:10.791 [Test worker] DEBUG o.s.t.i.NameMatchTransactionAttributeSource - Adding transactional method [setA*] with attribute [PROPAGATION_REQUIRED,ISOLATION_DEFAULT]
15:40:10.791 [Test worker] DEBUG o.s.t.i.NameMatchTransactionAttributeSource - Adding transactional method [echoException] with attribute [PROPAGATION_REQUIRED,ISOLATION_DEFAULT,+javax.servlet.ServletException,-java.lang.Exception]
15:40:10.793 [Test worker] DEBUG o.s.b.f.s.DefaultListableBeanFactory - Creating shared instance of singleton bean 'test'
15:40:10.795 [Test worker] DEBUG o.s.b.f.s.DefaultListableBeanFactory - Creating shared instance of singleton bean 'noSetters'
15:40:10.796 [Test worker] DEBUG o.s.b.f.s.DefaultListableBeanFactory - Creating shared instance of singleton bean 'rollback'
15:40:10.797 [Test worker] DEBUG o.s.b.f.s.DefaultListableBeanFactory - Creating shared instance of singleton bean 'tb'
15:40:10.798 [Test worker] DEBUG o.s.b.f.s.DefaultListableBeanFactory - Creating shared instance of singleton bean 'nullValueReturned'
15:40:10.801 [Test worker] DEBUG o.s.c.s.ClassPathXmlApplicationContext - Refreshing org.springframework.context.support.ClassPathXmlApplicationContext@4151ca8b
15:40:10.810 [Test worker] DEBUG o.s.b.f.x.XmlBeanDefinitionReader - Loaded 18 bean definitions from class path resource [org/springframework/aop/framework/autoproxy/AdvisorAutoProxyCreatorIntegrationTests-context.xml]
15:40:10.811 [Test worker] DEBUG o.s.b.f.s.DefaultListableBeanFactory - Creating shared instance of singleton bean 'aapc'
15:40:10.812 [Test worker] DEBUG o.s.b.f.s.DefaultListableBeanFactory - Creating shared instance of singleton bean 'orderedBeforeTransaction'
15:40:10.812 [Test worker] DEBUG o.s.b.f.s.DefaultListableBeanFactory - Creating shared instance of singleton bean 'orderedAfterTransaction'
15:40:10.812 [Test worker] DEBUG o.s.b.f.s.DefaultListableBeanFactory - Creating shared instance of singleton bean 'orderedAfterTransaction2'
15:40:10.813 [Test worker] DEBUG o.s.b.f.s.DefaultListableBeanFactory - Creating shared instance of singleton bean 'txManager'
15:40:10.813 [Test worker] DEBUG o.s.b.f.s.DefaultListableBeanFactory - Creating shared instance of singleton bean 'txAdvisor'
15:40:10.813 [Test worker] DEBUG o.s.b.f.s.DefaultListableBeanFactory - Creating shared instance of singleton bean 'txInterceptor'
15:40:10.813 [Test worker] DEBUG o.s.b.f.s.DefaultListableBeanFactory - Creating shared instance of singleton bean 'singletonDependency'
15:40:10.813 [Test worker] DEBUG o.s.b.f.s.DefaultListableBeanFactory - Creating shared instance of singleton bean 'org.springframework.aop.support.RegexpMethodPointcutAdvisor#0'
15:40:10.813 [Test worker] DEBUG o.s.b.f.s.DefaultListableBeanFactory - Creating shared instance of singleton bean 'countingAdvice'
15:40:10.816 [Test worker] DEBUG o.s.b.f.s.DefaultListableBeanFactory - Creating shared instance of singleton bean 'tas'
15:40:10.817 [Test worker] DEBUG o.s.t.i.NameMatchTransactionAttributeSource - Adding transactional method [rollbackOnly] with attribute [PROPAGATION_REQUIRED,ISOLATION_DEFAULT]
15:40:10.817 [Test worker] DEBUG o.s.t.i.NameMatchTransactionAttributeSource - Adding transactional method [setA*] with attribute [PROPAGATION_REQUIRED,ISOLATION_DEFAULT]
15:40:10.817 [Test worker] DEBUG o.s.t.i.NameMatchTransactionAttributeSource - Adding transactional method [echoException] with attribute [PROPAGATION_REQUIRED,ISOLATION_DEFAULT,+javax.servlet.ServletException,-java.lang.Exception]
15:40:10.819 [Test worker] DEBUG o.s.b.f.s.DefaultListableBeanFactory - Creating shared instance of singleton bean 'test'
15:40:10.821 [Test worker] DEBUG o.s.b.f.s.DefaultListableBeanFactory - Creating shared instance of singleton bean 'noSetters'
15:40:10.822 [Test worker] DEBUG o.s.b.f.s.DefaultListableBeanFactory - Creating shared instance of singleton bean 'rollback'
15:40:10.823 [Test worker] DEBUG o.s.b.f.s.DefaultListableBeanFactory - Creating shared instance of singleton bean 'tb'
15:40:10.824 [Test worker] DEBUG o.s.b.f.s.DefaultListableBeanFactory - Creating shared instance of singleton bean 'nullValueReturned'
15:40:10.827 [Test worker] DEBUG o.s.c.s.ClassPathXmlApplicationContext - Refreshing org.springframework.context.support.ClassPathXmlApplicationContext@71b99caa
15:40:10.835 [Test worker] DEBUG o.s.b.f.x.XmlBeanDefinitionReader - Loaded 18 bean definitions from class path resource [org/springframework/aop/framework/autoproxy/AdvisorAutoProxyCreatorIntegrationTests-context.xml]
15:40:10.836 [Test worker] DEBUG o.s.b.f.s.DefaultListableBeanFactory - Creating shared instance of singleton bean 'aapc'
15:40:10.837 [Test worker] DEBUG o.s.b.f.s.DefaultListableBeanFactory - Creating shared instance of singleton bean 'orderedBeforeTransaction'
15:40:10.838 [Test worker] DEBUG o.s.b.f.s.DefaultListableBeanFactory - Creating shared instance of singleton bean 'orderedAfterTransaction'
15:40:10.838 [Test worker] DEBUG o.s.b.f.s.DefaultListableBeanFactory - Creating shared instance of singleton bean 'orderedAfterTransaction2'
15:40:10.838 [Test worker] DEBUG o.s.b.f.s.DefaultListableBeanFactory - Creating shared instance of singleton bean 'txManager'
15:40:10.839 [Test worker] DEBUG o.s.b.f.s.DefaultListableBeanFactory - Creating shared instance of singleton bean 'txAdvisor'
15:40:10.839 [Test worker] DEBUG o.s.b.f.s.DefaultListableBeanFactory - Creating shared instance of singleton bean 'txInterceptor'
15:40:10.839 [Test worker] DEBUG o.s.b.f.s.DefaultListableBeanFactory - Creating shared instance of singleton bean 'singletonDependency'
15:40:10.839 [Test worker] DEBUG o.s.b.f.s.DefaultListableBeanFactory - Creating shared instance of singleton bean 'org.springframework.aop.support.RegexpMethodPointcutAdvisor#0'
15:40:10.839 [Test worker] DEBUG o.s.b.f.s.DefaultListableBeanFactory - Creating shared instance of singleton bean 'countingAdvice'
15:40:10.841 [Test worker] DEBUG o.s.b.f.s.DefaultListableBeanFactory - Creating shared instance of singleton bean 'tas'
15:40:10.842 [Test worker] DEBUG o.s.t.i.NameMatchTransactionAttributeSource - Adding transactional method [rollbackOnly] with attribute [PROPAGATION_REQUIRED,ISOLATION_DEFAULT]
15:40:10.842 [Test worker] DEBUG o.s.t.i.NameMatchTransactionAttributeSource - Adding transactional method [setA*] with attribute [PROPAGATION_REQUIRED,ISOLATION_DEFAULT]
15:40:10.842 [Test worker] DEBUG o.s.t.i.NameMatchTransactionAttributeSource - Adding transactional method [echoException] with attribute [PROPAGATION_REQUIRED,ISOLATION_DEFAULT,+javax.servlet.ServletException,-java.lang.Exception]
15:40:10.844 [Test worker] DEBUG o.s.b.f.s.DefaultListableBeanFactory - Creating shared instance of singleton bean 'test'
15:40:10.846 [Test worker] DEBUG o.s.b.f.s.DefaultListableBeanFactory - Creating shared instance of singleton bean 'noSetters'
15:40:10.847 [Test worker] DEBUG o.s.b.f.s.DefaultListableBeanFactory - Creating shared instance of singleton bean 'rollback'
15:40:10.848 [Test worker] DEBUG o.s.b.f.s.DefaultListableBeanFactory - Creating shared instance of singleton bean 'tb'
15:40:10.849 [Test worker] DEBUG o.s.b.f.s.DefaultListableBeanFactory - Creating shared instance of singleton bean 'nullValueReturned'
15:40:10.851 [Test worker] DEBUG o.s.t.t.CallCountingTransactionManager - Creating new transaction with name [org.springframework.aop.framework.autoproxy.Rollback.echoException]: PROPAGATION_REQUIRED,ISOLATION_DEFAULT,+javax.servlet.ServletException,-java.lang.Exception
15:40:10.851 [Test worker] DEBUG o.s.t.t.CallCountingTransactionManager - Initiating transaction commit
15:40:10.852 [Test worker] DEBUG o.s.c.s.ClassPathXmlApplicationContext - Refreshing org.springframework.context.support.ClassPathXmlApplicationContext@37781315
15:40:10.860 [Test worker] DEBUG o.s.b.f.x.XmlBeanDefinitionReader - Loaded 18 bean definitions from class path resource [org/springframework/aop/framework/autoproxy/AdvisorAutoProxyCreatorIntegrationTests-context.xml]
15:40:10.860 [Test worker] DEBUG o.s.b.f.s.DefaultListableBeanFactory - Creating shared instance of singleton bean 'aapc'
15:40:10.861 [Test worker] DEBUG o.s.b.f.s.DefaultListableBeanFactory - Creating shared instance of singleton bean 'orderedBeforeTransaction'
15:40:10.862 [Test worker] DEBUG o.s.b.f.s.DefaultListableBeanFactory - Creating shared instance of singleton bean 'orderedAfterTransaction'
15:40:10.862 [Test worker] DEBUG o.s.b.f.s.DefaultListableBeanFactory - Creating shared instance of singleton bean 'orderedAfterTransaction2'
15:40:10.862 [Test worker] DEBUG o.s.b.f.s.DefaultListableBeanFactory - Creating shared instance of singleton bean 'txManager'
15:40:10.862 [Test worker] DEBUG o.s.b.f.s.DefaultListableBeanFactory - Creating shared instance of singleton bean 'txAdvisor'
15:40:10.862 [Test worker] DEBUG o.s.b.f.s.DefaultListableBeanFactory - Creating shared instance of singleton bean 'txInterceptor'
15:40:10.863 [Test worker] DEBUG o.s.b.f.s.DefaultListableBeanFactory - Creating shared instance of singleton bean 'singletonDependency'
15:40:10.863 [Test worker] DEBUG o.s.b.f.s.DefaultListableBeanFactory - Creating shared instance of singleton bean 'org.springframework.aop.support.RegexpMethodPointcutAdvisor#0'
15:40:10.863 [Test worker] DEBUG o.s.b.f.s.DefaultListableBeanFactory - Creating shared instance of singleton bean 'countingAdvice'
15:40:10.866 [Test worker] DEBUG o.s.b.f.s.DefaultListableBeanFactory - Creating shared instance of singleton bean 'tas'
15:40:10.866 [Test worker] DEBUG o.s.t.i.NameMatchTransactionAttributeSource - Adding transactional method [rollbackOnly] with attribute [PROPAGATION_REQUIRED,ISOLATION_DEFAULT]
15:40:10.866 [Test worker] DEBUG o.s.t.i.NameMatchTransactionAttributeSource - Adding transactional method [setA*] with attribute [PROPAGATION_REQUIRED,ISOLATION_DEFAULT]
15:40:10.866 [Test worker] DEBUG o.s.t.i.NameMatchTransactionAttributeSource - Adding transactional method [echoException] with attribute [PROPAGATION_REQUIRED,ISOLATION_DEFAULT,+javax.servlet.ServletException,-java.lang.Exception]
15:40:10.869 [Test worker] DEBUG o.s.b.f.s.DefaultListableBeanFactory - Creating shared instance of singleton bean 'test'
15:40:10.871 [Test worker] DEBUG o.s.b.f.s.DefaultListableBeanFactory - Creating shared instance of singleton bean 'noSetters'
15:40:10.871 [Test worker] DEBUG o.s.b.f.s.DefaultListableBeanFactory - Creating shared instance of singleton bean 'rollback'
15:40:10.872 [Test worker] DEBUG o.s.b.f.s.DefaultListableBeanFactory - Creating shared instance of singleton bean 'tb'
15:40:10.873 [Test worker] DEBUG o.s.b.f.s.DefaultListableBeanFactory - Creating shared instance of singleton bean 'nullValueReturned'
15:40:10.875 [Test worker] DEBUG o.s.t.t.CallCountingTransactionManager - Creating new transaction with name [org.springframework.aop.framework.autoproxy.Rollback.rollbackOnly]: PROPAGATION_REQUIRED,ISOLATION_DEFAULT
15:40:10.875 [Test worker] DEBUG o.s.t.t.CallCountingTransactionManager - Initiating transaction commit
15:40:10.875 [Test worker] DEBUG o.s.t.t.CallCountingTransactionManager - Creating new transaction with name [org.springframework.aop.framework.autoproxy.Rollback.rollbackOnly]: PROPAGATION_REQUIRED,ISOLATION_DEFAULT
15:40:10.876 [Test worker] DEBUG o.s.t.t.CallCountingTransactionManager - Transactional code has requested rollback
15:40:10.876 [Test worker] DEBUG o.s.t.t.CallCountingTransactionManager - Initiating transaction rollback
15:40:10.877 [Test worker] DEBUG o.s.c.s.ClassPathXmlApplicationContext - Refreshing org.springframework.context.support.ClassPathXmlApplicationContext@70d4e06e
15:40:10.884 [Test worker] DEBUG o.s.b.f.x.XmlBeanDefinitionReader - Loaded 18 bean definitions from class path resource [org/springframework/aop/framework/autoproxy/AdvisorAutoProxyCreatorIntegrationTests-context.xml]
15:40:10.885 [Test worker] DEBUG o.s.b.f.s.DefaultListableBeanFactory - Creating shared instance of singleton bean 'aapc'
15:40:10.885 [Test worker] DEBUG o.s.b.f.s.DefaultListableBeanFactory - Creating shared instance of singleton bean 'orderedBeforeTransaction'
15:40:10.886 [Test worker] DEBUG o.s.b.f.s.DefaultListableBeanFactory - Creating shared instance of singleton bean 'orderedAfterTransaction'
15:40:10.887 [Test worker] DEBUG o.s.b.f.s.DefaultListableBeanFactory - Creating shared instance of singleton bean 'orderedAfterTransaction2'
15:40:10.887 [Test worker] DEBUG o.s.b.f.s.DefaultListableBeanFactory - Creating shared instance of singleton bean 'txManager'
15:40:10.887 [Test worker] DEBUG o.s.b.f.s.DefaultListableBeanFactory - Creating shared instance of singleton bean 'txAdvisor'
15:40:10.887 [Test worker] DEBUG o.s.b.f.s.DefaultListableBeanFactory - Creating shared instance of singleton bean 'txInterceptor'
15:40:10.887 [Test worker] DEBUG o.s.b.f.s.DefaultListableBeanFactory - Creating shared instance of singleton bean 'singletonDependency'
15:40:10.888 [Test worker] DEBUG o.s.b.f.s.DefaultListableBeanFactory - Creating shared instance of singleton bean 'org.springframework.aop.support.RegexpMethodPointcutAdvisor#0'
15:40:10.888 [Test worker] DEBUG o.s.b.f.s.DefaultListableBeanFactory - Creating shared instance of singleton bean 'countingAdvice'
15:40:10.890 [Test worker] DEBUG o.s.b.f.s.DefaultListableBeanFactory - Creating shared instance of singleton bean 'tas'
15:40:10.891 [Test worker] DEBUG o.s.t.i.NameMatchTransactionAttributeSource - Adding transactional method [rollbackOnly] with attribute [PROPAGATION_REQUIRED,ISOLATION_DEFAULT]
15:40:10.891 [Test worker] DEBUG o.s.t.i.NameMatchTransactionAttributeSource - Adding transactional method [setA*] with attribute [PROPAGATION_REQUIRED,ISOLATION_DEFAULT]
15:40:10.891 [Test worker] DEBUG o.s.t.i.NameMatchTransactionAttributeSource - Adding transactional method [echoException] with attribute [PROPAGATION_REQUIRED,ISOLATION_DEFAULT,+javax.servlet.ServletException,-java.lang.Exception]
15:40:10.893 [Test worker] DEBUG o.s.b.f.s.DefaultListableBeanFactory - Creating shared instance of singleton bean 'test'
15:40:10.896 [Test worker] DEBUG o.s.b.f.s.DefaultListableBeanFactory - Creating shared instance of singleton bean 'noSetters'
15:40:10.906 [Test worker] DEBUG o.s.b.f.s.DefaultListableBeanFactory - Creating shared instance of singleton bean 'rollback'
15:40:10.907 [Test worker] DEBUG o.s.b.f.s.DefaultListableBeanFactory - Creating shared instance of singleton bean 'tb'
15:40:10.908 [Test worker] DEBUG o.s.b.f.s.DefaultListableBeanFactory - Creating shared instance of singleton bean 'nullValueReturned'
]]></system-out>
  <system-err><![CDATA[]]></system-err>
</testsuite>
