<?xml version="1.0" encoding="UTF-8"?>
<testsuite name="org.springframework.aop.framework.autoproxy.AdvisorAutoProxyCreatorIntegrationTests" tests="8" skipped="0" failures="0" errors="0" timestamp="2021-05-09T12:40:54" hostname="wangweilidembp" time="0.647">
  <properties/>
  <testcase name="testRollbackRulesOnMethodCauseRollback()" classname="org.springframework.aop.framework.autoproxy.AdvisorAutoProxyCreatorIntegrationTests" time="0.258"/>
  <testcase name="testTransactionAttributeOnMethod()" classname="org.springframework.aop.framework.autoproxy.AdvisorAutoProxyCreatorIntegrationTests" time="0.04"/>
  <testcase name="testTxIsProxied()" classname="org.springframework.aop.framework.autoproxy.AdvisorAutoProxyCreatorIntegrationTests" time="0.084"/>
  <testcase name="testRegexpApplied()" classname="org.springframework.aop.framework.autoproxy.AdvisorAutoProxyCreatorIntegrationTests" time="0.06"/>
  <testcase name="testDefaultExclusionPrefix()" classname="org.springframework.aop.framework.autoproxy.AdvisorAutoProxyCreatorIntegrationTests" time="0.048"/>
  <testcase name="testRollbackRulesOnMethodPreventRollback()" classname="org.springframework.aop.framework.autoproxy.AdvisorAutoProxyCreatorIntegrationTests" time="0.054"/>
  <testcase name="testProgrammaticRollback()" classname="org.springframework.aop.framework.autoproxy.AdvisorAutoProxyCreatorIntegrationTests" time="0.048"/>
  <testcase name="testNoProxy()" classname="org.springframework.aop.framework.autoproxy.AdvisorAutoProxyCreatorIntegrationTests" time="0.051"/>
  <system-out><![CDATA[20:40:54.975 [Test worker] DEBUG o.s.c.s.ClassPathXmlApplicationContext - Refreshing org.springframework.context.support.ClassPathXmlApplicationContext@162203b
20:40:55.028 [Test worker] DEBUG o.s.b.f.x.XmlBeanDefinitionReader - Loaded 18 bean definitions from class path resource [org/springframework/aop/framework/autoproxy/AdvisorAutoProxyCreatorIntegrationTests-context.xml]
20:40:55.038 [Test worker] DEBUG o.s.b.f.s.DefaultListableBeanFactory - Creating shared instance of singleton bean 'aapc'
20:40:55.039 [Test worker] DEBUG o.s.b.f.s.DefaultListableBeanFactory - Creating shared instance of singleton bean 'orderedBeforeTransaction'
20:40:55.053 [Test worker] DEBUG o.s.b.f.s.DefaultListableBeanFactory - Creating shared instance of singleton bean 'orderedAfterTransaction'
20:40:55.054 [Test worker] DEBUG o.s.b.f.s.DefaultListableBeanFactory - Creating shared instance of singleton bean 'orderedAfterTransaction2'
20:40:55.054 [Test worker] DEBUG o.s.b.f.s.DefaultListableBeanFactory - Creating shared instance of singleton bean 'txManager'
20:40:55.054 [Test worker] DEBUG o.s.b.f.s.DefaultListableBeanFactory - Creating shared instance of singleton bean 'txAdvisor'
20:40:55.055 [Test worker] DEBUG o.s.b.f.s.DefaultListableBeanFactory - Creating shared instance of singleton bean 'txInterceptor'
20:40:55.056 [Test worker] DEBUG o.s.b.f.s.DefaultListableBeanFactory - Creating shared instance of singleton bean 'singletonDependency'
20:40:55.058 [Test worker] DEBUG o.s.b.f.s.DefaultListableBeanFactory - Creating shared instance of singleton bean 'org.springframework.aop.support.RegexpMethodPointcutAdvisor#0'
20:40:55.062 [Test worker] DEBUG o.s.b.f.s.DefaultListableBeanFactory - Creating shared instance of singleton bean 'countingAdvice'
20:40:55.092 [Test worker] DEBUG o.s.b.f.s.DefaultListableBeanFactory - Creating shared instance of singleton bean 'tas'
20:40:55.109 [Test worker] DEBUG o.s.t.i.NameMatchTransactionAttributeSource - Adding transactional method [rollbackOnly] with attribute [PROPAGATION_REQUIRED,ISOLATION_DEFAULT]
20:40:55.109 [Test worker] DEBUG o.s.t.i.NameMatchTransactionAttributeSource - Adding transactional method [setA*] with attribute [PROPAGATION_REQUIRED,ISOLATION_DEFAULT]
20:40:55.110 [Test worker] DEBUG o.s.t.i.NameMatchTransactionAttributeSource - Adding transactional method [echoException] with attribute [PROPAGATION_REQUIRED,ISOLATION_DEFAULT,+javax.servlet.ServletException,-java.lang.Exception]
20:40:55.123 [Test worker] DEBUG o.s.b.f.s.DefaultListableBeanFactory - Creating shared instance of singleton bean 'test'
20:40:55.147 [Test worker] DEBUG o.s.b.f.s.DefaultListableBeanFactory - Creating shared instance of singleton bean 'noSetters'
20:40:55.149 [Test worker] DEBUG o.s.b.f.s.DefaultListableBeanFactory - Creating shared instance of singleton bean 'rollback'
20:40:55.177 [Test worker] DEBUG o.s.b.f.s.DefaultListableBeanFactory - Creating shared instance of singleton bean 'tb'
20:40:55.179 [Test worker] DEBUG o.s.b.f.s.DefaultListableBeanFactory - Creating shared instance of singleton bean 'nullValueReturned'
20:40:55.213 [Test worker] DEBUG o.s.t.t.CallCountingTransactionManager - Creating new transaction with name [org.springframework.aop.framework.autoproxy.Rollback.echoException]: PROPAGATION_REQUIRED,ISOLATION_DEFAULT,+javax.servlet.ServletException,-java.lang.Exception
20:40:55.229 [Test worker] DEBUG o.s.t.t.CallCountingTransactionManager - Initiating transaction commit
20:40:55.230 [Test worker] DEBUG o.s.t.t.CallCountingTransactionManager - Creating new transaction with name [org.springframework.aop.framework.autoproxy.Rollback.echoException]: PROPAGATION_REQUIRED,ISOLATION_DEFAULT,+javax.servlet.ServletException,-java.lang.Exception
20:40:55.230 [Test worker] DEBUG o.s.t.t.CallCountingTransactionManager - Initiating transaction rollback
20:40:55.231 [Test worker] DEBUG o.s.c.s.ClassPathXmlApplicationContext - Refreshing org.springframework.context.support.ClassPathXmlApplicationContext@4bf13a5f
20:40:55.245 [Test worker] DEBUG o.s.b.f.x.XmlBeanDefinitionReader - Loaded 18 bean definitions from class path resource [org/springframework/aop/framework/autoproxy/AdvisorAutoProxyCreatorIntegrationTests-context.xml]
20:40:55.246 [Test worker] DEBUG o.s.b.f.s.DefaultListableBeanFactory - Creating shared instance of singleton bean 'aapc'
20:40:55.247 [Test worker] DEBUG o.s.b.f.s.DefaultListableBeanFactory - Creating shared instance of singleton bean 'orderedBeforeTransaction'
20:40:55.248 [Test worker] DEBUG o.s.b.f.s.DefaultListableBeanFactory - Creating shared instance of singleton bean 'orderedAfterTransaction'
20:40:55.248 [Test worker] DEBUG o.s.b.f.s.DefaultListableBeanFactory - Creating shared instance of singleton bean 'orderedAfterTransaction2'
20:40:55.248 [Test worker] DEBUG o.s.b.f.s.DefaultListableBeanFactory - Creating shared instance of singleton bean 'txManager'
20:40:55.248 [Test worker] DEBUG o.s.b.f.s.DefaultListableBeanFactory - Creating shared instance of singleton bean 'txAdvisor'
20:40:55.248 [Test worker] DEBUG o.s.b.f.s.DefaultListableBeanFactory - Creating shared instance of singleton bean 'txInterceptor'
20:40:55.249 [Test worker] DEBUG o.s.b.f.s.DefaultListableBeanFactory - Creating shared instance of singleton bean 'singletonDependency'
20:40:55.249 [Test worker] DEBUG o.s.b.f.s.DefaultListableBeanFactory - Creating shared instance of singleton bean 'org.springframework.aop.support.RegexpMethodPointcutAdvisor#0'
20:40:55.249 [Test worker] DEBUG o.s.b.f.s.DefaultListableBeanFactory - Creating shared instance of singleton bean 'countingAdvice'
20:40:55.252 [Test worker] DEBUG o.s.b.f.s.DefaultListableBeanFactory - Creating shared instance of singleton bean 'tas'
20:40:55.253 [Test worker] DEBUG o.s.t.i.NameMatchTransactionAttributeSource - Adding transactional method [rollbackOnly] with attribute [PROPAGATION_REQUIRED,ISOLATION_DEFAULT]
20:40:55.254 [Test worker] DEBUG o.s.t.i.NameMatchTransactionAttributeSource - Adding transactional method [setA*] with attribute [PROPAGATION_REQUIRED,ISOLATION_DEFAULT]
20:40:55.254 [Test worker] DEBUG o.s.t.i.NameMatchTransactionAttributeSource - Adding transactional method [echoException] with attribute [PROPAGATION_REQUIRED,ISOLATION_DEFAULT,+javax.servlet.ServletException,-java.lang.Exception]
20:40:55.257 [Test worker] DEBUG o.s.b.f.s.DefaultListableBeanFactory - Creating shared instance of singleton bean 'test'
20:40:55.261 [Test worker] DEBUG o.s.b.f.s.DefaultListableBeanFactory - Creating shared instance of singleton bean 'noSetters'
20:40:55.262 [Test worker] DEBUG o.s.b.f.s.DefaultListableBeanFactory - Creating shared instance of singleton bean 'rollback'
20:40:55.264 [Test worker] DEBUG o.s.b.f.s.DefaultListableBeanFactory - Creating shared instance of singleton bean 'tb'
20:40:55.266 [Test worker] DEBUG o.s.b.f.s.DefaultListableBeanFactory - Creating shared instance of singleton bean 'nullValueReturned'
20:40:55.271 [Test worker] DEBUG o.s.t.t.CallCountingTransactionManager - Creating new transaction with name [org.springframework.beans.testfixture.beans.TestBean.setAge]: PROPAGATION_REQUIRED,ISOLATION_DEFAULT
20:40:55.271 [Test worker] DEBUG o.s.t.t.CallCountingTransactionManager - Initiating transaction commit
20:40:55.272 [Test worker] DEBUG o.s.c.s.ClassPathXmlApplicationContext - Refreshing org.springframework.context.support.ClassPathXmlApplicationContext@2becd65f
20:40:55.304 [Test worker] DEBUG o.s.b.f.x.XmlBeanDefinitionReader - Loaded 18 bean definitions from class path resource [org/springframework/aop/framework/autoproxy/AdvisorAutoProxyCreatorIntegrationTests-context.xml]
20:40:55.305 [Test worker] DEBUG o.s.b.f.s.DefaultListableBeanFactory - Creating shared instance of singleton bean 'aapc'
20:40:55.305 [Test worker] DEBUG o.s.b.f.s.DefaultListableBeanFactory - Creating shared instance of singleton bean 'orderedBeforeTransaction'
20:40:55.306 [Test worker] DEBUG o.s.b.f.s.DefaultListableBeanFactory - Creating shared instance of singleton bean 'orderedAfterTransaction'
20:40:55.306 [Test worker] DEBUG o.s.b.f.s.DefaultListableBeanFactory - Creating shared instance of singleton bean 'orderedAfterTransaction2'
20:40:55.307 [Test worker] DEBUG o.s.b.f.s.DefaultListableBeanFactory - Creating shared instance of singleton bean 'txManager'
20:40:55.307 [Test worker] DEBUG o.s.b.f.s.DefaultListableBeanFactory - Creating shared instance of singleton bean 'txAdvisor'
20:40:55.307 [Test worker] DEBUG o.s.b.f.s.DefaultListableBeanFactory - Creating shared instance of singleton bean 'txInterceptor'
20:40:55.307 [Test worker] DEBUG o.s.b.f.s.DefaultListableBeanFactory - Creating shared instance of singleton bean 'singletonDependency'
20:40:55.307 [Test worker] DEBUG o.s.b.f.s.DefaultListableBeanFactory - Creating shared instance of singleton bean 'org.springframework.aop.support.RegexpMethodPointcutAdvisor#0'
20:40:55.308 [Test worker] DEBUG o.s.b.f.s.DefaultListableBeanFactory - Creating shared instance of singleton bean 'countingAdvice'
20:40:55.310 [Test worker] DEBUG o.s.b.f.s.DefaultListableBeanFactory - Creating shared instance of singleton bean 'tas'
20:40:55.311 [Test worker] DEBUG o.s.t.i.NameMatchTransactionAttributeSource - Adding transactional method [rollbackOnly] with attribute [PROPAGATION_REQUIRED,ISOLATION_DEFAULT]
20:40:55.317 [Test worker] DEBUG o.s.t.i.NameMatchTransactionAttributeSource - Adding transactional method [setA*] with attribute [PROPAGATION_REQUIRED,ISOLATION_DEFAULT]
20:40:55.317 [Test worker] DEBUG o.s.t.i.NameMatchTransactionAttributeSource - Adding transactional method [echoException] with attribute [PROPAGATION_REQUIRED,ISOLATION_DEFAULT,+javax.servlet.ServletException,-java.lang.Exception]
20:40:55.340 [Test worker] DEBUG o.s.b.f.s.DefaultListableBeanFactory - Creating shared instance of singleton bean 'test'
20:40:55.342 [Test worker] DEBUG o.s.b.f.s.DefaultListableBeanFactory - Creating shared instance of singleton bean 'noSetters'
20:40:55.343 [Test worker] DEBUG o.s.b.f.s.DefaultListableBeanFactory - Creating shared instance of singleton bean 'rollback'
20:40:55.346 [Test worker] DEBUG o.s.b.f.s.DefaultListableBeanFactory - Creating shared instance of singleton bean 'tb'
20:40:55.350 [Test worker] DEBUG o.s.b.f.s.DefaultListableBeanFactory - Creating shared instance of singleton bean 'nullValueReturned'
20:40:55.357 [Test worker] DEBUG o.s.c.s.ClassPathXmlApplicationContext - Refreshing org.springframework.context.support.ClassPathXmlApplicationContext@14424b43
20:40:55.372 [Test worker] DEBUG o.s.b.f.x.XmlBeanDefinitionReader - Loaded 18 bean definitions from class path resource [org/springframework/aop/framework/autoproxy/AdvisorAutoProxyCreatorIntegrationTests-context.xml]
20:40:55.374 [Test worker] DEBUG o.s.b.f.s.DefaultListableBeanFactory - Creating shared instance of singleton bean 'aapc'
20:40:55.374 [Test worker] DEBUG o.s.b.f.s.DefaultListableBeanFactory - Creating shared instance of singleton bean 'orderedBeforeTransaction'
20:40:55.375 [Test worker] DEBUG o.s.b.f.s.DefaultListableBeanFactory - Creating shared instance of singleton bean 'orderedAfterTransaction'
20:40:55.375 [Test worker] DEBUG o.s.b.f.s.DefaultListableBeanFactory - Creating shared instance of singleton bean 'orderedAfterTransaction2'
20:40:55.376 [Test worker] DEBUG o.s.b.f.s.DefaultListableBeanFactory - Creating shared instance of singleton bean 'txManager'
20:40:55.376 [Test worker] DEBUG o.s.b.f.s.DefaultListableBeanFactory - Creating shared instance of singleton bean 'txAdvisor'
20:40:55.376 [Test worker] DEBUG o.s.b.f.s.DefaultListableBeanFactory - Creating shared instance of singleton bean 'txInterceptor'
20:40:55.376 [Test worker] DEBUG o.s.b.f.s.DefaultListableBeanFactory - Creating shared instance of singleton bean 'singletonDependency'
20:40:55.377 [Test worker] DEBUG o.s.b.f.s.DefaultListableBeanFactory - Creating shared instance of singleton bean 'org.springframework.aop.support.RegexpMethodPointcutAdvisor#0'
20:40:55.377 [Test worker] DEBUG o.s.b.f.s.DefaultListableBeanFactory - Creating shared instance of singleton bean 'countingAdvice'
20:40:55.380 [Test worker] DEBUG o.s.b.f.s.DefaultListableBeanFactory - Creating shared instance of singleton bean 'tas'
20:40:55.381 [Test worker] DEBUG o.s.t.i.NameMatchTransactionAttributeSource - Adding transactional method [rollbackOnly] with attribute [PROPAGATION_REQUIRED,ISOLATION_DEFAULT]
20:40:55.381 [Test worker] DEBUG o.s.t.i.NameMatchTransactionAttributeSource - Adding transactional method [setA*] with attribute [PROPAGATION_REQUIRED,ISOLATION_DEFAULT]
20:40:55.381 [Test worker] DEBUG o.s.t.i.NameMatchTransactionAttributeSource - Adding transactional method [echoException] with attribute [PROPAGATION_REQUIRED,ISOLATION_DEFAULT,+javax.servlet.ServletException,-java.lang.Exception]
20:40:55.397 [Test worker] DEBUG o.s.b.f.s.DefaultListableBeanFactory - Creating shared instance of singleton bean 'test'
20:40:55.399 [Test worker] DEBUG o.s.b.f.s.DefaultListableBeanFactory - Creating shared instance of singleton bean 'noSetters'
20:40:55.402 [Test worker] DEBUG o.s.b.f.s.DefaultListableBeanFactory - Creating shared instance of singleton bean 'rollback'
20:40:55.404 [Test worker] DEBUG o.s.b.f.s.DefaultListableBeanFactory - Creating shared instance of singleton bean 'tb'
20:40:55.405 [Test worker] DEBUG o.s.b.f.s.DefaultListableBeanFactory - Creating shared instance of singleton bean 'nullValueReturned'
20:40:55.418 [Test worker] DEBUG o.s.c.s.ClassPathXmlApplicationContext - Refreshing org.springframework.context.support.ClassPathXmlApplicationContext@4869b566
20:40:55.433 [Test worker] DEBUG o.s.b.f.x.XmlBeanDefinitionReader - Loaded 18 bean definitions from class path resource [org/springframework/aop/framework/autoproxy/AdvisorAutoProxyCreatorIntegrationTests-context.xml]
20:40:55.434 [Test worker] DEBUG o.s.b.f.s.DefaultListableBeanFactory - Creating shared instance of singleton bean 'aapc'
20:40:55.434 [Test worker] DEBUG o.s.b.f.s.DefaultListableBeanFactory - Creating shared instance of singleton bean 'orderedBeforeTransaction'
20:40:55.435 [Test worker] DEBUG o.s.b.f.s.DefaultListableBeanFactory - Creating shared instance of singleton bean 'orderedAfterTransaction'
20:40:55.435 [Test worker] DEBUG o.s.b.f.s.DefaultListableBeanFactory - Creating shared instance of singleton bean 'orderedAfterTransaction2'
20:40:55.436 [Test worker] DEBUG o.s.b.f.s.DefaultListableBeanFactory - Creating shared instance of singleton bean 'txManager'
20:40:55.436 [Test worker] DEBUG o.s.b.f.s.DefaultListableBeanFactory - Creating shared instance of singleton bean 'txAdvisor'
20:40:55.436 [Test worker] DEBUG o.s.b.f.s.DefaultListableBeanFactory - Creating shared instance of singleton bean 'txInterceptor'
20:40:55.436 [Test worker] DEBUG o.s.b.f.s.DefaultListableBeanFactory - Creating shared instance of singleton bean 'singletonDependency'
20:40:55.436 [Test worker] DEBUG o.s.b.f.s.DefaultListableBeanFactory - Creating shared instance of singleton bean 'org.springframework.aop.support.RegexpMethodPointcutAdvisor#0'
20:40:55.437 [Test worker] DEBUG o.s.b.f.s.DefaultListableBeanFactory - Creating shared instance of singleton bean 'countingAdvice'
20:40:55.443 [Test worker] DEBUG o.s.b.f.s.DefaultListableBeanFactory - Creating shared instance of singleton bean 'tas'
20:40:55.444 [Test worker] DEBUG o.s.t.i.NameMatchTransactionAttributeSource - Adding transactional method [rollbackOnly] with attribute [PROPAGATION_REQUIRED,ISOLATION_DEFAULT]
20:40:55.444 [Test worker] DEBUG o.s.t.i.NameMatchTransactionAttributeSource - Adding transactional method [setA*] with attribute [PROPAGATION_REQUIRED,ISOLATION_DEFAULT]
20:40:55.444 [Test worker] DEBUG o.s.t.i.NameMatchTransactionAttributeSource - Adding transactional method [echoException] with attribute [PROPAGATION_REQUIRED,ISOLATION_DEFAULT,+javax.servlet.ServletException,-java.lang.Exception]
20:40:55.447 [Test worker] DEBUG o.s.b.f.s.DefaultListableBeanFactory - Creating shared instance of singleton bean 'test'
20:40:55.449 [Test worker] DEBUG o.s.b.f.s.DefaultListableBeanFactory - Creating shared instance of singleton bean 'noSetters'
20:40:55.451 [Test worker] DEBUG o.s.b.f.s.DefaultListableBeanFactory - Creating shared instance of singleton bean 'rollback'
20:40:55.462 [Test worker] DEBUG o.s.b.f.s.DefaultListableBeanFactory - Creating shared instance of singleton bean 'tb'
20:40:55.464 [Test worker] DEBUG o.s.b.f.s.DefaultListableBeanFactory - Creating shared instance of singleton bean 'nullValueReturned'
20:40:55.468 [Test worker] DEBUG o.s.c.s.ClassPathXmlApplicationContext - Refreshing org.springframework.context.support.ClassPathXmlApplicationContext@5c5b4e68
20:40:55.491 [Test worker] DEBUG o.s.b.f.x.XmlBeanDefinitionReader - Loaded 18 bean definitions from class path resource [org/springframework/aop/framework/autoproxy/AdvisorAutoProxyCreatorIntegrationTests-context.xml]
20:40:55.492 [Test worker] DEBUG o.s.b.f.s.DefaultListableBeanFactory - Creating shared instance of singleton bean 'aapc'
20:40:55.493 [Test worker] DEBUG o.s.b.f.s.DefaultListableBeanFactory - Creating shared instance of singleton bean 'orderedBeforeTransaction'
20:40:55.495 [Test worker] DEBUG o.s.b.f.s.DefaultListableBeanFactory - Creating shared instance of singleton bean 'orderedAfterTransaction'
20:40:55.495 [Test worker] DEBUG o.s.b.f.s.DefaultListableBeanFactory - Creating shared instance of singleton bean 'orderedAfterTransaction2'
20:40:55.495 [Test worker] DEBUG o.s.b.f.s.DefaultListableBeanFactory - Creating shared instance of singleton bean 'txManager'
20:40:55.496 [Test worker] DEBUG o.s.b.f.s.DefaultListableBeanFactory - Creating shared instance of singleton bean 'txAdvisor'
20:40:55.496 [Test worker] DEBUG o.s.b.f.s.DefaultListableBeanFactory - Creating shared instance of singleton bean 'txInterceptor'
20:40:55.496 [Test worker] DEBUG o.s.b.f.s.DefaultListableBeanFactory - Creating shared instance of singleton bean 'singletonDependency'
20:40:55.496 [Test worker] DEBUG o.s.b.f.s.DefaultListableBeanFactory - Creating shared instance of singleton bean 'org.springframework.aop.support.RegexpMethodPointcutAdvisor#0'
20:40:55.496 [Test worker] DEBUG o.s.b.f.s.DefaultListableBeanFactory - Creating shared instance of singleton bean 'countingAdvice'
20:40:55.499 [Test worker] DEBUG o.s.b.f.s.DefaultListableBeanFactory - Creating shared instance of singleton bean 'tas'
20:40:55.500 [Test worker] DEBUG o.s.t.i.NameMatchTransactionAttributeSource - Adding transactional method [rollbackOnly] with attribute [PROPAGATION_REQUIRED,ISOLATION_DEFAULT]
20:40:55.501 [Test worker] DEBUG o.s.t.i.NameMatchTransactionAttributeSource - Adding transactional method [setA*] with attribute [PROPAGATION_REQUIRED,ISOLATION_DEFAULT]
20:40:55.501 [Test worker] DEBUG o.s.t.i.NameMatchTransactionAttributeSource - Adding transactional method [echoException] with attribute [PROPAGATION_REQUIRED,ISOLATION_DEFAULT,+javax.servlet.ServletException,-java.lang.Exception]
20:40:55.510 [Test worker] DEBUG o.s.b.f.s.DefaultListableBeanFactory - Creating shared instance of singleton bean 'test'
20:40:55.513 [Test worker] DEBUG o.s.b.f.s.DefaultListableBeanFactory - Creating shared instance of singleton bean 'noSetters'
20:40:55.514 [Test worker] DEBUG o.s.b.f.s.DefaultListableBeanFactory - Creating shared instance of singleton bean 'rollback'
20:40:55.515 [Test worker] DEBUG o.s.b.f.s.DefaultListableBeanFactory - Creating shared instance of singleton bean 'tb'
20:40:55.517 [Test worker] DEBUG o.s.b.f.s.DefaultListableBeanFactory - Creating shared instance of singleton bean 'nullValueReturned'
20:40:55.520 [Test worker] DEBUG o.s.t.t.CallCountingTransactionManager - Creating new transaction with name [org.springframework.aop.framework.autoproxy.Rollback.echoException]: PROPAGATION_REQUIRED,ISOLATION_DEFAULT,+javax.servlet.ServletException,-java.lang.Exception
20:40:55.520 [Test worker] DEBUG o.s.t.t.CallCountingTransactionManager - Initiating transaction commit
20:40:55.522 [Test worker] DEBUG o.s.c.s.ClassPathXmlApplicationContext - Refreshing org.springframework.context.support.ClassPathXmlApplicationContext@19fa750c
20:40:55.540 [Test worker] DEBUG o.s.b.f.x.XmlBeanDefinitionReader - Loaded 18 bean definitions from class path resource [org/springframework/aop/framework/autoproxy/AdvisorAutoProxyCreatorIntegrationTests-context.xml]
20:40:55.542 [Test worker] DEBUG o.s.b.f.s.DefaultListableBeanFactory - Creating shared instance of singleton bean 'aapc'
20:40:55.543 [Test worker] DEBUG o.s.b.f.s.DefaultListableBeanFactory - Creating shared instance of singleton bean 'orderedBeforeTransaction'
20:40:55.544 [Test worker] DEBUG o.s.b.f.s.DefaultListableBeanFactory - Creating shared instance of singleton bean 'orderedAfterTransaction'
20:40:55.544 [Test worker] DEBUG o.s.b.f.s.DefaultListableBeanFactory - Creating shared instance of singleton bean 'orderedAfterTransaction2'
20:40:55.544 [Test worker] DEBUG o.s.b.f.s.DefaultListableBeanFactory - Creating shared instance of singleton bean 'txManager'
20:40:55.544 [Test worker] DEBUG o.s.b.f.s.DefaultListableBeanFactory - Creating shared instance of singleton bean 'txAdvisor'
20:40:55.545 [Test worker] DEBUG o.s.b.f.s.DefaultListableBeanFactory - Creating shared instance of singleton bean 'txInterceptor'
20:40:55.545 [Test worker] DEBUG o.s.b.f.s.DefaultListableBeanFactory - Creating shared instance of singleton bean 'singletonDependency'
20:40:55.545 [Test worker] DEBUG o.s.b.f.s.DefaultListableBeanFactory - Creating shared instance of singleton bean 'org.springframework.aop.support.RegexpMethodPointcutAdvisor#0'
20:40:55.545 [Test worker] DEBUG o.s.b.f.s.DefaultListableBeanFactory - Creating shared instance of singleton bean 'countingAdvice'
20:40:55.548 [Test worker] DEBUG o.s.b.f.s.DefaultListableBeanFactory - Creating shared instance of singleton bean 'tas'
20:40:55.550 [Test worker] DEBUG o.s.t.i.NameMatchTransactionAttributeSource - Adding transactional method [rollbackOnly] with attribute [PROPAGATION_REQUIRED,ISOLATION_DEFAULT]
20:40:55.550 [Test worker] DEBUG o.s.t.i.NameMatchTransactionAttributeSource - Adding transactional method [setA*] with attribute [PROPAGATION_REQUIRED,ISOLATION_DEFAULT]
20:40:55.550 [Test worker] DEBUG o.s.t.i.NameMatchTransactionAttributeSource - Adding transactional method [echoException] with attribute [PROPAGATION_REQUIRED,ISOLATION_DEFAULT,+javax.servlet.ServletException,-java.lang.Exception]
20:40:55.555 [Test worker] DEBUG o.s.b.f.s.DefaultListableBeanFactory - Creating shared instance of singleton bean 'test'
20:40:55.558 [Test worker] DEBUG o.s.b.f.s.DefaultListableBeanFactory - Creating shared instance of singleton bean 'noSetters'
20:40:55.559 [Test worker] DEBUG o.s.b.f.s.DefaultListableBeanFactory - Creating shared instance of singleton bean 'rollback'
20:40:55.560 [Test worker] DEBUG o.s.b.f.s.DefaultListableBeanFactory - Creating shared instance of singleton bean 'tb'
20:40:55.562 [Test worker] DEBUG o.s.b.f.s.DefaultListableBeanFactory - Creating shared instance of singleton bean 'nullValueReturned'
20:40:55.568 [Test worker] DEBUG o.s.t.t.CallCountingTransactionManager - Creating new transaction with name [org.springframework.aop.framework.autoproxy.Rollback.rollbackOnly]: PROPAGATION_REQUIRED,ISOLATION_DEFAULT
20:40:55.568 [Test worker] DEBUG o.s.t.t.CallCountingTransactionManager - Initiating transaction commit
20:40:55.568 [Test worker] DEBUG o.s.t.t.CallCountingTransactionManager - Creating new transaction with name [org.springframework.aop.framework.autoproxy.Rollback.rollbackOnly]: PROPAGATION_REQUIRED,ISOLATION_DEFAULT
20:40:55.568 [Test worker] DEBUG o.s.t.t.CallCountingTransactionManager - Transactional code has requested rollback
20:40:55.568 [Test worker] DEBUG o.s.t.t.CallCountingTransactionManager - Initiating transaction rollback
20:40:55.570 [Test worker] DEBUG o.s.c.s.ClassPathXmlApplicationContext - Refreshing org.springframework.context.support.ClassPathXmlApplicationContext@13bea3c0
20:40:55.579 [Test worker] DEBUG o.s.b.f.x.XmlBeanDefinitionReader - Loaded 18 bean definitions from class path resource [org/springframework/aop/framework/autoproxy/AdvisorAutoProxyCreatorIntegrationTests-context.xml]
20:40:55.580 [Test worker] DEBUG o.s.b.f.s.DefaultListableBeanFactory - Creating shared instance of singleton bean 'aapc'
20:40:55.581 [Test worker] DEBUG o.s.b.f.s.DefaultListableBeanFactory - Creating shared instance of singleton bean 'orderedBeforeTransaction'
20:40:55.582 [Test worker] DEBUG o.s.b.f.s.DefaultListableBeanFactory - Creating shared instance of singleton bean 'orderedAfterTransaction'
20:40:55.582 [Test worker] DEBUG o.s.b.f.s.DefaultListableBeanFactory - Creating shared instance of singleton bean 'orderedAfterTransaction2'
20:40:55.583 [Test worker] DEBUG o.s.b.f.s.DefaultListableBeanFactory - Creating shared instance of singleton bean 'txManager'
20:40:55.583 [Test worker] DEBUG o.s.b.f.s.DefaultListableBeanFactory - Creating shared instance of singleton bean 'txAdvisor'
20:40:55.583 [Test worker] DEBUG o.s.b.f.s.DefaultListableBeanFactory - Creating shared instance of singleton bean 'txInterceptor'
20:40:55.583 [Test worker] DEBUG o.s.b.f.s.DefaultListableBeanFactory - Creating shared instance of singleton bean 'singletonDependency'
20:40:55.584 [Test worker] DEBUG o.s.b.f.s.DefaultListableBeanFactory - Creating shared instance of singleton bean 'org.springframework.aop.support.RegexpMethodPointcutAdvisor#0'
20:40:55.584 [Test worker] DEBUG o.s.b.f.s.DefaultListableBeanFactory - Creating shared instance of singleton bean 'countingAdvice'
20:40:55.599 [Test worker] DEBUG o.s.b.f.s.DefaultListableBeanFactory - Creating shared instance of singleton bean 'tas'
20:40:55.602 [Test worker] DEBUG o.s.t.i.NameMatchTransactionAttributeSource - Adding transactional method [rollbackOnly] with attribute [PROPAGATION_REQUIRED,ISOLATION_DEFAULT]
20:40:55.602 [Test worker] DEBUG o.s.t.i.NameMatchTransactionAttributeSource - Adding transactional method [setA*] with attribute [PROPAGATION_REQUIRED,ISOLATION_DEFAULT]
20:40:55.602 [Test worker] DEBUG o.s.t.i.NameMatchTransactionAttributeSource - Adding transactional method [echoException] with attribute [PROPAGATION_REQUIRED,ISOLATION_DEFAULT,+javax.servlet.ServletException,-java.lang.Exception]
20:40:55.605 [Test worker] DEBUG o.s.b.f.s.DefaultListableBeanFactory - Creating shared instance of singleton bean 'test'
20:40:55.612 [Test worker] DEBUG o.s.b.f.s.DefaultListableBeanFactory - Creating shared instance of singleton bean 'noSetters'
20:40:55.613 [Test worker] DEBUG o.s.b.f.s.DefaultListableBeanFactory - Creating shared instance of singleton bean 'rollback'
20:40:55.615 [Test worker] DEBUG o.s.b.f.s.DefaultListableBeanFactory - Creating shared instance of singleton bean 'tb'
20:40:55.617 [Test worker] DEBUG o.s.b.f.s.DefaultListableBeanFactory - Creating shared instance of singleton bean 'nullValueReturned'
]]></system-out>
  <system-err><![CDATA[]]></system-err>
</testsuite>
