<?xml version="1.0" encoding="UTF-8"?>
<testsuite name="org.springframework.context.annotation.scope.ClassPathBeanDefinitionScannerScopeIntegrationTests" tests="9" skipped="0" failures="0" errors="0" timestamp="2021-05-09T12:40:53" hostname="wangweilidembp" time="0.382">
  <properties/>
  <testcase name="sessionScopeWithNoProxy()" classname="org.springframework.context.annotation.scope.ClassPathBeanDefinitionScannerScopeIntegrationTests" time="0.131"/>
  <testcase name="requestScopeWithNoProxy()" classname="org.springframework.context.annotation.scope.ClassPathBeanDefinitionScannerScopeIntegrationTests" time="0.027"/>
  <testcase name="singletonScopeWithNoProxy()" classname="org.springframework.context.annotation.scope.ClassPathBeanDefinitionScannerScopeIntegrationTests" time="0.024"/>
  <testcase name="sessionScopeWithProxiedTargetClass()" classname="org.springframework.context.annotation.scope.ClassPathBeanDefinitionScannerScopeIntegrationTests" time="0.068"/>
  <testcase name="singletonScopeIgnoresProxyInterfaces()" classname="org.springframework.context.annotation.scope.ClassPathBeanDefinitionScannerScopeIntegrationTests" time="0.024"/>
  <testcase name="requestScopeWithProxiedTargetClass()" classname="org.springframework.context.annotation.scope.ClassPathBeanDefinitionScannerScopeIntegrationTests" time="0.028"/>
  <testcase name="singletonScopeIgnoresProxyTargetClass()" classname="org.springframework.context.annotation.scope.ClassPathBeanDefinitionScannerScopeIntegrationTests" time="0.024"/>
  <testcase name="requestScopeWithProxiedInterfaces()" classname="org.springframework.context.annotation.scope.ClassPathBeanDefinitionScannerScopeIntegrationTests" time="0.02"/>
  <testcase name="sessionScopeWithProxiedInterfaces()" classname="org.springframework.context.annotation.scope.ClassPathBeanDefinitionScannerScopeIntegrationTests" time="0.031"/>
  <system-out><![CDATA[20:40:53.080 [Test worker] DEBUG o.s.c.a.ClassPathBeanDefinitionScanner - Identified candidate component class: file [/Users/wangweili/Documents/MyDesign/learning/msb-source/msb-spring/integration-tests/build/classes/java/test/org/springframework/context/annotation/scope/ClassPathBeanDefinitionScannerScopeIntegrationTests$RequestScopedTestBean.class]
20:40:53.083 [Test worker] DEBUG o.s.c.a.ClassPathBeanDefinitionScanner - Identified candidate component class: file [/Users/wangweili/Documents/MyDesign/learning/msb-source/msb-spring/integration-tests/build/classes/java/test/org/springframework/context/annotation/scope/ClassPathBeanDefinitionScannerScopeIntegrationTests$SessionScopedTestBean.class]
20:40:53.084 [Test worker] DEBUG o.s.c.a.ClassPathBeanDefinitionScanner - Identified candidate component class: file [/Users/wangweili/Documents/MyDesign/learning/msb-source/msb-spring/integration-tests/build/classes/java/test/org/springframework/context/annotation/scope/ClassPathBeanDefinitionScannerScopeIntegrationTests$SingletonScopedTestBean.class]
20:40:53.091 [Test worker] DEBUG o.s.c.a.ClassPathBeanDefinitionScanner - Identified candidate component class: file [/Users/wangweili/Documents/MyDesign/learning/msb-source/msb-spring/integration-tests/build/classes/java/test/org/springframework/context/annotation/scope/ClassPathBeanDefinitionScannerScopeIntegrationTests$RequestScopedTestBean.class]
20:40:53.091 [Test worker] DEBUG o.s.c.a.ClassPathBeanDefinitionScanner - Identified candidate component class: file [/Users/wangweili/Documents/MyDesign/learning/msb-source/msb-spring/integration-tests/build/classes/java/test/org/springframework/context/annotation/scope/ClassPathBeanDefinitionScannerScopeIntegrationTests$SessionScopedTestBean.class]
20:40:53.091 [Test worker] DEBUG o.s.c.a.ClassPathBeanDefinitionScanner - Identified candidate component class: file [/Users/wangweili/Documents/MyDesign/learning/msb-source/msb-spring/integration-tests/build/classes/java/test/org/springframework/context/annotation/scope/ClassPathBeanDefinitionScannerScopeIntegrationTests$SingletonScopedTestBean.class]
20:40:53.093 [Test worker] DEBUG o.s.w.c.s.GenericWebApplicationContext - Refreshing org.springframework.web.context.support.GenericWebApplicationContext@386a172f
20:40:53.118 [Test worker] DEBUG o.s.u.c.s.UiApplicationContextUtils - Unable to locate ThemeSource with name 'themeSource': using default [org.springframework.ui.context.support.ResourceBundleThemeSource@461db984]
20:40:53.118 [Test worker] DEBUG o.s.b.f.s.DefaultListableBeanFactory - Creating shared instance of singleton bean 'singleton'
20:40:53.152 [Test worker] DEBUG o.s.c.a.ClassPathBeanDefinitionScanner - Identified candidate component class: file [/Users/wangweili/Documents/MyDesign/learning/msb-source/msb-spring/integration-tests/build/classes/java/test/org/springframework/context/annotation/scope/ClassPathBeanDefinitionScannerScopeIntegrationTests$RequestScopedTestBean.class]
20:40:53.154 [Test worker] DEBUG o.s.c.a.ClassPathBeanDefinitionScanner - Identified candidate component class: file [/Users/wangweili/Documents/MyDesign/learning/msb-source/msb-spring/integration-tests/build/classes/java/test/org/springframework/context/annotation/scope/ClassPathBeanDefinitionScannerScopeIntegrationTests$SessionScopedTestBean.class]
20:40:53.154 [Test worker] DEBUG o.s.c.a.ClassPathBeanDefinitionScanner - Identified candidate component class: file [/Users/wangweili/Documents/MyDesign/learning/msb-source/msb-spring/integration-tests/build/classes/java/test/org/springframework/context/annotation/scope/ClassPathBeanDefinitionScannerScopeIntegrationTests$SingletonScopedTestBean.class]
20:40:53.158 [Test worker] DEBUG o.s.c.a.ClassPathBeanDefinitionScanner - Identified candidate component class: file [/Users/wangweili/Documents/MyDesign/learning/msb-source/msb-spring/integration-tests/build/classes/java/test/org/springframework/context/annotation/scope/ClassPathBeanDefinitionScannerScopeIntegrationTests$RequestScopedTestBean.class]
20:40:53.158 [Test worker] DEBUG o.s.c.a.ClassPathBeanDefinitionScanner - Identified candidate component class: file [/Users/wangweili/Documents/MyDesign/learning/msb-source/msb-spring/integration-tests/build/classes/java/test/org/springframework/context/annotation/scope/ClassPathBeanDefinitionScannerScopeIntegrationTests$SessionScopedTestBean.class]
20:40:53.159 [Test worker] DEBUG o.s.c.a.ClassPathBeanDefinitionScanner - Identified candidate component class: file [/Users/wangweili/Documents/MyDesign/learning/msb-source/msb-spring/integration-tests/build/classes/java/test/org/springframework/context/annotation/scope/ClassPathBeanDefinitionScannerScopeIntegrationTests$SingletonScopedTestBean.class]
20:40:53.159 [Test worker] DEBUG o.s.w.c.s.GenericWebApplicationContext - Refreshing org.springframework.web.context.support.GenericWebApplicationContext@b6fc2f5
20:40:53.160 [Test worker] DEBUG o.s.u.c.s.UiApplicationContextUtils - Unable to locate ThemeSource with name 'themeSource': using default [org.springframework.ui.context.support.ResourceBundleThemeSource@1a096ea6]
20:40:53.165 [Test worker] DEBUG o.s.b.f.s.DefaultListableBeanFactory - Creating shared instance of singleton bean 'singleton'
20:40:53.174 [Test worker] DEBUG o.s.c.a.ClassPathBeanDefinitionScanner - Identified candidate component class: file [/Users/wangweili/Documents/MyDesign/learning/msb-source/msb-spring/integration-tests/build/classes/java/test/org/springframework/context/annotation/scope/ClassPathBeanDefinitionScannerScopeIntegrationTests$RequestScopedTestBean.class]
20:40:53.180 [Test worker] DEBUG o.s.c.a.ClassPathBeanDefinitionScanner - Identified candidate component class: file [/Users/wangweili/Documents/MyDesign/learning/msb-source/msb-spring/integration-tests/build/classes/java/test/org/springframework/context/annotation/scope/ClassPathBeanDefinitionScannerScopeIntegrationTests$SessionScopedTestBean.class]
20:40:53.181 [Test worker] DEBUG o.s.c.a.ClassPathBeanDefinitionScanner - Identified candidate component class: file [/Users/wangweili/Documents/MyDesign/learning/msb-source/msb-spring/integration-tests/build/classes/java/test/org/springframework/context/annotation/scope/ClassPathBeanDefinitionScannerScopeIntegrationTests$SingletonScopedTestBean.class]
20:40:53.189 [Test worker] DEBUG o.s.c.a.ClassPathBeanDefinitionScanner - Identified candidate component class: file [/Users/wangweili/Documents/MyDesign/learning/msb-source/msb-spring/integration-tests/build/classes/java/test/org/springframework/context/annotation/scope/ClassPathBeanDefinitionScannerScopeIntegrationTests$RequestScopedTestBean.class]
20:40:53.190 [Test worker] DEBUG o.s.c.a.ClassPathBeanDefinitionScanner - Identified candidate component class: file [/Users/wangweili/Documents/MyDesign/learning/msb-source/msb-spring/integration-tests/build/classes/java/test/org/springframework/context/annotation/scope/ClassPathBeanDefinitionScannerScopeIntegrationTests$SessionScopedTestBean.class]
20:40:53.190 [Test worker] DEBUG o.s.c.a.ClassPathBeanDefinitionScanner - Identified candidate component class: file [/Users/wangweili/Documents/MyDesign/learning/msb-source/msb-spring/integration-tests/build/classes/java/test/org/springframework/context/annotation/scope/ClassPathBeanDefinitionScannerScopeIntegrationTests$SingletonScopedTestBean.class]
20:40:53.191 [Test worker] DEBUG o.s.w.c.s.GenericWebApplicationContext - Refreshing org.springframework.web.context.support.GenericWebApplicationContext@3f7b3886
20:40:53.191 [Test worker] DEBUG o.s.u.c.s.UiApplicationContextUtils - Unable to locate ThemeSource with name 'themeSource': using default [org.springframework.ui.context.support.ResourceBundleThemeSource@2fc192a1]
20:40:53.192 [Test worker] DEBUG o.s.b.f.s.DefaultListableBeanFactory - Creating shared instance of singleton bean 'singleton'
20:40:53.204 [Test worker] DEBUG o.s.c.a.ClassPathBeanDefinitionScanner - Identified candidate component class: file [/Users/wangweili/Documents/MyDesign/learning/msb-source/msb-spring/integration-tests/build/classes/java/test/org/springframework/context/annotation/scope/ClassPathBeanDefinitionScannerScopeIntegrationTests$RequestScopedTestBean.class]
20:40:53.206 [Test worker] DEBUG o.s.c.a.ClassPathBeanDefinitionScanner - Identified candidate component class: file [/Users/wangweili/Documents/MyDesign/learning/msb-source/msb-spring/integration-tests/build/classes/java/test/org/springframework/context/annotation/scope/ClassPathBeanDefinitionScannerScopeIntegrationTests$SessionScopedTestBean.class]
20:40:53.206 [Test worker] DEBUG o.s.c.a.ClassPathBeanDefinitionScanner - Identified candidate component class: file [/Users/wangweili/Documents/MyDesign/learning/msb-source/msb-spring/integration-tests/build/classes/java/test/org/springframework/context/annotation/scope/ClassPathBeanDefinitionScannerScopeIntegrationTests$SingletonScopedTestBean.class]
20:40:53.212 [Test worker] DEBUG o.s.c.a.ClassPathBeanDefinitionScanner - Identified candidate component class: file [/Users/wangweili/Documents/MyDesign/learning/msb-source/msb-spring/integration-tests/build/classes/java/test/org/springframework/context/annotation/scope/ClassPathBeanDefinitionScannerScopeIntegrationTests$RequestScopedTestBean.class]
20:40:53.212 [Test worker] DEBUG o.s.c.a.ClassPathBeanDefinitionScanner - Identified candidate component class: file [/Users/wangweili/Documents/MyDesign/learning/msb-source/msb-spring/integration-tests/build/classes/java/test/org/springframework/context/annotation/scope/ClassPathBeanDefinitionScannerScopeIntegrationTests$SessionScopedTestBean.class]
20:40:53.213 [Test worker] DEBUG o.s.c.a.ClassPathBeanDefinitionScanner - Identified candidate component class: file [/Users/wangweili/Documents/MyDesign/learning/msb-source/msb-spring/integration-tests/build/classes/java/test/org/springframework/context/annotation/scope/ClassPathBeanDefinitionScannerScopeIntegrationTests$SingletonScopedTestBean.class]
20:40:53.213 [Test worker] DEBUG o.s.w.c.s.GenericWebApplicationContext - Refreshing org.springframework.web.context.support.GenericWebApplicationContext@1ec065f3
20:40:53.215 [Test worker] DEBUG o.s.u.c.s.UiApplicationContextUtils - Unable to locate ThemeSource with name 'themeSource': using default [org.springframework.ui.context.support.ResourceBundleThemeSource@68fd99c6]
20:40:53.215 [Test worker] DEBUG o.s.b.f.s.DefaultListableBeanFactory - Creating shared instance of singleton bean 'request'
20:40:53.235 [Test worker] DEBUG o.s.b.f.s.DefaultListableBeanFactory - Creating shared instance of singleton bean 'session'
20:40:53.245 [Test worker] DEBUG o.s.b.f.s.DefaultListableBeanFactory - Creating shared instance of singleton bean 'singleton'
20:40:53.267 [Test worker] DEBUG o.s.c.a.ClassPathBeanDefinitionScanner - Identified candidate component class: file [/Users/wangweili/Documents/MyDesign/learning/msb-source/msb-spring/integration-tests/build/classes/java/test/org/springframework/context/annotation/scope/ClassPathBeanDefinitionScannerScopeIntegrationTests$RequestScopedTestBean.class]
20:40:53.268 [Test worker] DEBUG o.s.c.a.ClassPathBeanDefinitionScanner - Identified candidate component class: file [/Users/wangweili/Documents/MyDesign/learning/msb-source/msb-spring/integration-tests/build/classes/java/test/org/springframework/context/annotation/scope/ClassPathBeanDefinitionScannerScopeIntegrationTests$SessionScopedTestBean.class]
20:40:53.269 [Test worker] DEBUG o.s.c.a.ClassPathBeanDefinitionScanner - Identified candidate component class: file [/Users/wangweili/Documents/MyDesign/learning/msb-source/msb-spring/integration-tests/build/classes/java/test/org/springframework/context/annotation/scope/ClassPathBeanDefinitionScannerScopeIntegrationTests$SingletonScopedTestBean.class]
20:40:53.273 [Test worker] DEBUG o.s.c.a.ClassPathBeanDefinitionScanner - Identified candidate component class: file [/Users/wangweili/Documents/MyDesign/learning/msb-source/msb-spring/integration-tests/build/classes/java/test/org/springframework/context/annotation/scope/ClassPathBeanDefinitionScannerScopeIntegrationTests$RequestScopedTestBean.class]
20:40:53.273 [Test worker] DEBUG o.s.c.a.ClassPathBeanDefinitionScanner - Identified candidate component class: file [/Users/wangweili/Documents/MyDesign/learning/msb-source/msb-spring/integration-tests/build/classes/java/test/org/springframework/context/annotation/scope/ClassPathBeanDefinitionScannerScopeIntegrationTests$SessionScopedTestBean.class]
20:40:53.273 [Test worker] DEBUG o.s.c.a.ClassPathBeanDefinitionScanner - Identified candidate component class: file [/Users/wangweili/Documents/MyDesign/learning/msb-source/msb-spring/integration-tests/build/classes/java/test/org/springframework/context/annotation/scope/ClassPathBeanDefinitionScannerScopeIntegrationTests$SingletonScopedTestBean.class]
20:40:53.274 [Test worker] DEBUG o.s.w.c.s.GenericWebApplicationContext - Refreshing org.springframework.web.context.support.GenericWebApplicationContext@7a15ba8
20:40:53.275 [Test worker] DEBUG o.s.u.c.s.UiApplicationContextUtils - Unable to locate ThemeSource with name 'themeSource': using default [org.springframework.ui.context.support.ResourceBundleThemeSource@77a718c3]
20:40:53.275 [Test worker] DEBUG o.s.b.f.s.DefaultListableBeanFactory - Creating shared instance of singleton bean 'request'
20:40:53.284 [Test worker] DEBUG o.s.b.f.s.DefaultListableBeanFactory - Creating shared instance of singleton bean 'session'
20:40:53.285 [Test worker] DEBUG o.s.b.f.s.DefaultListableBeanFactory - Creating shared instance of singleton bean 'singleton'
20:40:53.296 [Test worker] DEBUG o.s.c.a.ClassPathBeanDefinitionScanner - Identified candidate component class: file [/Users/wangweili/Documents/MyDesign/learning/msb-source/msb-spring/integration-tests/build/classes/java/test/org/springframework/context/annotation/scope/ClassPathBeanDefinitionScannerScopeIntegrationTests$RequestScopedTestBean.class]
20:40:53.298 [Test worker] DEBUG o.s.c.a.ClassPathBeanDefinitionScanner - Identified candidate component class: file [/Users/wangweili/Documents/MyDesign/learning/msb-source/msb-spring/integration-tests/build/classes/java/test/org/springframework/context/annotation/scope/ClassPathBeanDefinitionScannerScopeIntegrationTests$SessionScopedTestBean.class]
20:40:53.298 [Test worker] DEBUG o.s.c.a.ClassPathBeanDefinitionScanner - Identified candidate component class: file [/Users/wangweili/Documents/MyDesign/learning/msb-source/msb-spring/integration-tests/build/classes/java/test/org/springframework/context/annotation/scope/ClassPathBeanDefinitionScannerScopeIntegrationTests$SingletonScopedTestBean.class]
20:40:53.301 [Test worker] DEBUG o.s.c.a.ClassPathBeanDefinitionScanner - Identified candidate component class: file [/Users/wangweili/Documents/MyDesign/learning/msb-source/msb-spring/integration-tests/build/classes/java/test/org/springframework/context/annotation/scope/ClassPathBeanDefinitionScannerScopeIntegrationTests$RequestScopedTestBean.class]
20:40:53.302 [Test worker] DEBUG o.s.c.a.ClassPathBeanDefinitionScanner - Identified candidate component class: file [/Users/wangweili/Documents/MyDesign/learning/msb-source/msb-spring/integration-tests/build/classes/java/test/org/springframework/context/annotation/scope/ClassPathBeanDefinitionScannerScopeIntegrationTests$SessionScopedTestBean.class]
20:40:53.302 [Test worker] DEBUG o.s.c.a.ClassPathBeanDefinitionScanner - Identified candidate component class: file [/Users/wangweili/Documents/MyDesign/learning/msb-source/msb-spring/integration-tests/build/classes/java/test/org/springframework/context/annotation/scope/ClassPathBeanDefinitionScannerScopeIntegrationTests$SingletonScopedTestBean.class]
20:40:53.303 [Test worker] DEBUG o.s.w.c.s.GenericWebApplicationContext - Refreshing org.springframework.web.context.support.GenericWebApplicationContext@2f9f906a
20:40:53.304 [Test worker] DEBUG o.s.u.c.s.UiApplicationContextUtils - Unable to locate ThemeSource with name 'themeSource': using default [org.springframework.ui.context.support.ResourceBundleThemeSource@3d280b8b]
20:40:53.304 [Test worker] DEBUG o.s.b.f.s.DefaultListableBeanFactory - Creating shared instance of singleton bean 'request'
20:40:53.306 [Test worker] DEBUG o.s.b.f.s.DefaultListableBeanFactory - Creating shared instance of singleton bean 'session'
20:40:53.306 [Test worker] DEBUG o.s.b.f.s.DefaultListableBeanFactory - Creating shared instance of singleton bean 'singleton'
20:40:53.326 [Test worker] DEBUG o.s.c.a.ClassPathBeanDefinitionScanner - Identified candidate component class: file [/Users/wangweili/Documents/MyDesign/learning/msb-source/msb-spring/integration-tests/build/classes/java/test/org/springframework/context/annotation/scope/ClassPathBeanDefinitionScannerScopeIntegrationTests$RequestScopedTestBean.class]
20:40:53.328 [Test worker] DEBUG o.s.c.a.ClassPathBeanDefinitionScanner - Identified candidate component class: file [/Users/wangweili/Documents/MyDesign/learning/msb-source/msb-spring/integration-tests/build/classes/java/test/org/springframework/context/annotation/scope/ClassPathBeanDefinitionScannerScopeIntegrationTests$SessionScopedTestBean.class]
20:40:53.328 [Test worker] DEBUG o.s.c.a.ClassPathBeanDefinitionScanner - Identified candidate component class: file [/Users/wangweili/Documents/MyDesign/learning/msb-source/msb-spring/integration-tests/build/classes/java/test/org/springframework/context/annotation/scope/ClassPathBeanDefinitionScannerScopeIntegrationTests$SingletonScopedTestBean.class]
20:40:53.333 [Test worker] DEBUG o.s.c.a.ClassPathBeanDefinitionScanner - Identified candidate component class: file [/Users/wangweili/Documents/MyDesign/learning/msb-source/msb-spring/integration-tests/build/classes/java/test/org/springframework/context/annotation/scope/ClassPathBeanDefinitionScannerScopeIntegrationTests$RequestScopedTestBean.class]
20:40:53.334 [Test worker] DEBUG o.s.c.a.ClassPathBeanDefinitionScanner - Identified candidate component class: file [/Users/wangweili/Documents/MyDesign/learning/msb-source/msb-spring/integration-tests/build/classes/java/test/org/springframework/context/annotation/scope/ClassPathBeanDefinitionScannerScopeIntegrationTests$SessionScopedTestBean.class]
20:40:53.334 [Test worker] DEBUG o.s.c.a.ClassPathBeanDefinitionScanner - Identified candidate component class: file [/Users/wangweili/Documents/MyDesign/learning/msb-source/msb-spring/integration-tests/build/classes/java/test/org/springframework/context/annotation/scope/ClassPathBeanDefinitionScannerScopeIntegrationTests$SingletonScopedTestBean.class]
20:40:53.334 [Test worker] DEBUG o.s.w.c.s.GenericWebApplicationContext - Refreshing org.springframework.web.context.support.GenericWebApplicationContext@7d87453f
20:40:53.335 [Test worker] DEBUG o.s.u.c.s.UiApplicationContextUtils - Unable to locate ThemeSource with name 'themeSource': using default [org.springframework.ui.context.support.ResourceBundleThemeSource@6ba8b92a]
20:40:53.336 [Test worker] DEBUG o.s.b.f.s.DefaultListableBeanFactory - Creating shared instance of singleton bean 'request'
20:40:53.337 [Test worker] DEBUG o.s.b.f.s.DefaultListableBeanFactory - Creating shared instance of singleton bean 'session'
20:40:53.338 [Test worker] DEBUG o.s.b.f.s.DefaultListableBeanFactory - Creating shared instance of singleton bean 'singleton'
20:40:53.347 [Test worker] DEBUG o.s.c.a.ClassPathBeanDefinitionScanner - Identified candidate component class: file [/Users/wangweili/Documents/MyDesign/learning/msb-source/msb-spring/integration-tests/build/classes/java/test/org/springframework/context/annotation/scope/ClassPathBeanDefinitionScannerScopeIntegrationTests$RequestScopedTestBean.class]
20:40:53.349 [Test worker] DEBUG o.s.c.a.ClassPathBeanDefinitionScanner - Identified candidate component class: file [/Users/wangweili/Documents/MyDesign/learning/msb-source/msb-spring/integration-tests/build/classes/java/test/org/springframework/context/annotation/scope/ClassPathBeanDefinitionScannerScopeIntegrationTests$SessionScopedTestBean.class]
20:40:53.349 [Test worker] DEBUG o.s.c.a.ClassPathBeanDefinitionScanner - Identified candidate component class: file [/Users/wangweili/Documents/MyDesign/learning/msb-source/msb-spring/integration-tests/build/classes/java/test/org/springframework/context/annotation/scope/ClassPathBeanDefinitionScannerScopeIntegrationTests$SingletonScopedTestBean.class]
20:40:53.352 [Test worker] DEBUG o.s.c.a.ClassPathBeanDefinitionScanner - Identified candidate component class: file [/Users/wangweili/Documents/MyDesign/learning/msb-source/msb-spring/integration-tests/build/classes/java/test/org/springframework/context/annotation/scope/ClassPathBeanDefinitionScannerScopeIntegrationTests$RequestScopedTestBean.class]
20:40:53.353 [Test worker] DEBUG o.s.c.a.ClassPathBeanDefinitionScanner - Identified candidate component class: file [/Users/wangweili/Documents/MyDesign/learning/msb-source/msb-spring/integration-tests/build/classes/java/test/org/springframework/context/annotation/scope/ClassPathBeanDefinitionScannerScopeIntegrationTests$SessionScopedTestBean.class]
20:40:53.353 [Test worker] DEBUG o.s.c.a.ClassPathBeanDefinitionScanner - Identified candidate component class: file [/Users/wangweili/Documents/MyDesign/learning/msb-source/msb-spring/integration-tests/build/classes/java/test/org/springframework/context/annotation/scope/ClassPathBeanDefinitionScannerScopeIntegrationTests$SingletonScopedTestBean.class]
20:40:53.354 [Test worker] DEBUG o.s.w.c.s.GenericWebApplicationContext - Refreshing org.springframework.web.context.support.GenericWebApplicationContext@6622164e
20:40:53.355 [Test worker] DEBUG o.s.u.c.s.UiApplicationContextUtils - Unable to locate ThemeSource with name 'themeSource': using default [org.springframework.ui.context.support.ResourceBundleThemeSource@1af8e23a]
20:40:53.355 [Test worker] DEBUG o.s.b.f.s.DefaultListableBeanFactory - Creating shared instance of singleton bean 'request'
20:40:53.357 [Test worker] DEBUG o.s.b.f.s.DefaultListableBeanFactory - Creating shared instance of singleton bean 'session'
20:40:53.357 [Test worker] DEBUG o.s.b.f.s.DefaultListableBeanFactory - Creating shared instance of singleton bean 'singleton'
20:40:53.365 [Test worker] DEBUG o.s.c.a.ClassPathBeanDefinitionScanner - Identified candidate component class: file [/Users/wangweili/Documents/MyDesign/learning/msb-source/msb-spring/integration-tests/build/classes/java/test/org/springframework/context/annotation/scope/ClassPathBeanDefinitionScannerScopeIntegrationTests$RequestScopedTestBean.class]
20:40:53.367 [Test worker] DEBUG o.s.c.a.ClassPathBeanDefinitionScanner - Identified candidate component class: file [/Users/wangweili/Documents/MyDesign/learning/msb-source/msb-spring/integration-tests/build/classes/java/test/org/springframework/context/annotation/scope/ClassPathBeanDefinitionScannerScopeIntegrationTests$SessionScopedTestBean.class]
20:40:53.373 [Test worker] DEBUG o.s.c.a.ClassPathBeanDefinitionScanner - Identified candidate component class: file [/Users/wangweili/Documents/MyDesign/learning/msb-source/msb-spring/integration-tests/build/classes/java/test/org/springframework/context/annotation/scope/ClassPathBeanDefinitionScannerScopeIntegrationTests$SingletonScopedTestBean.class]
20:40:53.380 [Test worker] DEBUG o.s.c.a.ClassPathBeanDefinitionScanner - Identified candidate component class: file [/Users/wangweili/Documents/MyDesign/learning/msb-source/msb-spring/integration-tests/build/classes/java/test/org/springframework/context/annotation/scope/ClassPathBeanDefinitionScannerScopeIntegrationTests$RequestScopedTestBean.class]
20:40:53.380 [Test worker] DEBUG o.s.c.a.ClassPathBeanDefinitionScanner - Identified candidate component class: file [/Users/wangweili/Documents/MyDesign/learning/msb-source/msb-spring/integration-tests/build/classes/java/test/org/springframework/context/annotation/scope/ClassPathBeanDefinitionScannerScopeIntegrationTests$SessionScopedTestBean.class]
20:40:53.380 [Test worker] DEBUG o.s.c.a.ClassPathBeanDefinitionScanner - Identified candidate component class: file [/Users/wangweili/Documents/MyDesign/learning/msb-source/msb-spring/integration-tests/build/classes/java/test/org/springframework/context/annotation/scope/ClassPathBeanDefinitionScannerScopeIntegrationTests$SingletonScopedTestBean.class]
20:40:53.381 [Test worker] DEBUG o.s.w.c.s.GenericWebApplicationContext - Refreshing org.springframework.web.context.support.GenericWebApplicationContext@7d3cc5d1
20:40:53.382 [Test worker] DEBUG o.s.u.c.s.UiApplicationContextUtils - Unable to locate ThemeSource with name 'themeSource': using default [org.springframework.ui.context.support.ResourceBundleThemeSource@72aba280]
20:40:53.382 [Test worker] DEBUG o.s.b.f.s.DefaultListableBeanFactory - Creating shared instance of singleton bean 'request'
20:40:53.386 [Test worker] DEBUG o.s.b.f.s.DefaultListableBeanFactory - Creating shared instance of singleton bean 'session'
20:40:53.387 [Test worker] DEBUG o.s.b.f.s.DefaultListableBeanFactory - Creating shared instance of singleton bean 'singleton'
]]></system-out>
  <system-err><![CDATA[]]></system-err>
</testsuite>
