<?xml version="1.0" encoding="UTF-8"?>
<testsuite name="org.springframework.cache.aspectj.AspectJEnableCachingTests" tests="60" skipped="0" failures="0" errors="0" timestamp="2021-05-01T09:31:25" hostname="wangweilideMBP.lan" time="4.125">
  <properties/>
  <testcase name="testMultiConditionalCacheAndEvict()" classname="org.springframework.cache.aspectj.AspectJEnableCachingTests" time="0.804"/>
  <testcase name="testClassEvictWithKeyEarly()" classname="org.springframework.cache.aspectj.AspectJEnableCachingTests" time="0.101"/>
  <testcase name="testClassCheckedExceptionSync()" classname="org.springframework.cache.aspectj.AspectJEnableCachingTests" time="0.092"/>
  <testcase name="testKeyExpression()" classname="org.springframework.cache.aspectj.AspectJEnableCachingTests" time="0.108"/>
  <testcase name="testConditionalUpdate()" classname="org.springframework.cache.aspectj.AspectJEnableCachingTests" time="0.121"/>
  <testcase name="testClassMultiCacheAndEvict()" classname="org.springframework.cache.aspectj.AspectJEnableCachingTests" time="0.049"/>
  <testcase name="testCacheableSyncNull()" classname="org.springframework.cache.aspectj.AspectJEnableCachingTests" time="0.103"/>
  <testcase name="testUnknownCustomKeyGenerator()" classname="org.springframework.cache.aspectj.AspectJEnableCachingTests" time="0.073"/>
  <testcase name="testClassRootVars()" classname="org.springframework.cache.aspectj.AspectJEnableCachingTests" time="0.077"/>
  <testcase name="testMethodName()" classname="org.springframework.cache.aspectj.AspectJEnableCachingTests" time="0.025"/>
  <testcase name="testEvictWithException()" classname="org.springframework.cache.aspectj.AspectJEnableCachingTests" time="0.125"/>
  <testcase name="testClassUpdate()" classname="org.springframework.cache.aspectj.AspectJEnableCachingTests" time="0.054"/>
  <testcase name="testCustomCacheManager()" classname="org.springframework.cache.aspectj.AspectJEnableCachingTests" time="0.034"/>
  <testcase name="testEvict()" classname="org.springframework.cache.aspectj.AspectJEnableCachingTests" time="0.027"/>
  <testcase name="testCheckedExceptionSync()" classname="org.springframework.cache.aspectj.AspectJEnableCachingTests" time="0.058"/>
  <testcase name="testClassEvictEarly()" classname="org.springframework.cache.aspectj.AspectJEnableCachingTests" time="0.073"/>
  <testcase name="testClassNullArg()" classname="org.springframework.cache.aspectj.AspectJEnableCachingTests" time="0.048"/>
  <testcase name="testClassEvictAll()" classname="org.springframework.cache.aspectj.AspectJEnableCachingTests" time="0.04"/>
  <testcase name="testPutRefersToResult()" classname="org.springframework.cache.aspectj.AspectJEnableCachingTests" time="0.06"/>
  <testcase name="testClassCacheUnlessExpression()" classname="org.springframework.cache.aspectj.AspectJEnableCachingTests" time="0.04"/>
  <testcase name="testConditionalExpressionSync()" classname="org.springframework.cache.aspectj.AspectJEnableCachingTests" time="0.069"/>
  <testcase name="testClassConditionalUpdate()" classname="org.springframework.cache.aspectj.AspectJEnableCachingTests" time="0.045"/>
  <testcase name="testConditionalExpression()" classname="org.springframework.cache.aspectj.AspectJEnableCachingTests" time="0.042"/>
  <testcase name="testClassMultiPut()" classname="org.springframework.cache.aspectj.AspectJEnableCachingTests" time="0.041"/>
  <testcase name="testClassUncheckedException()" classname="org.springframework.cache.aspectj.AspectJEnableCachingTests" time="0.042"/>
  <testcase name="testClassCacheEvictWithWKey()" classname="org.springframework.cache.aspectj.AspectJEnableCachingTests" time="0.054"/>
  <testcase name="testClassNullValue()" classname="org.springframework.cache.aspectj.AspectJEnableCachingTests" time="0.058"/>
  <testcase name="testUncheckedExceptionSync()" classname="org.springframework.cache.aspectj.AspectJEnableCachingTests" time="0.039"/>
  <testcase name="testClassUncheckedExceptionSync()" classname="org.springframework.cache.aspectj.AspectJEnableCachingTests" time="0.019"/>
  <testcase name="testClassCacheCacheable()" classname="org.springframework.cache.aspectj.AspectJEnableCachingTests" time="0.079"/>
  <testcase name="testClassMethodName()" classname="org.springframework.cache.aspectj.AspectJEnableCachingTests" time="0.064"/>
  <testcase name="testCustomKeyGenerator()" classname="org.springframework.cache.aspectj.AspectJEnableCachingTests" time="0.045"/>
  <testcase name="testCacheable()" classname="org.springframework.cache.aspectj.AspectJEnableCachingTests" time="0.04"/>
  <testcase name="testCheckedException()" classname="org.springframework.cache.aspectj.AspectJEnableCachingTests" time="0.05"/>
  <testcase name="testClassPutRefersToResult()" classname="org.springframework.cache.aspectj.AspectJEnableCachingTests" time="0.071"/>
  <testcase name="testVarArgsKey()" classname="org.springframework.cache.aspectj.AspectJEnableCachingTests" time="0.054"/>
  <testcase name="testMultiCache()" classname="org.springframework.cache.aspectj.AspectJEnableCachingTests" time="0.016"/>
  <testcase name="testMultiEvict()" classname="org.springframework.cache.aspectj.AspectJEnableCachingTests" time="0.073"/>
  <testcase name="testMultiCacheAndEvict()" classname="org.springframework.cache.aspectj.AspectJEnableCachingTests" time="0.051"/>
  <testcase name="testRootVars()" classname="org.springframework.cache.aspectj.AspectJEnableCachingTests" time="0.049"/>
  <testcase name="testClassMultiConditionalCacheAndEvict()" classname="org.springframework.cache.aspectj.AspectJEnableCachingTests" time="0.068"/>
  <testcase name="testClassEvictWithException()" classname="org.springframework.cache.aspectj.AspectJEnableCachingTests" time="0.034"/>
  <testcase name="testClassCheckedException()" classname="org.springframework.cache.aspectj.AspectJEnableCachingTests" time="0.082"/>
  <testcase name="testClassCacheEvict()" classname="org.springframework.cache.aspectj.AspectJEnableCachingTests" time="0.031"/>
  <testcase name="testEvictWithKey()" classname="org.springframework.cache.aspectj.AspectJEnableCachingTests" time="0.029"/>
  <testcase name="testUnlessExpression()" classname="org.springframework.cache.aspectj.AspectJEnableCachingTests" time="0.049"/>
  <testcase name="testEvictAllEarly()" classname="org.springframework.cache.aspectj.AspectJEnableCachingTests" time="0.031"/>
  <testcase name="testEvictAll()" classname="org.springframework.cache.aspectj.AspectJEnableCachingTests" time="0.064"/>
  <testcase name="testCacheableNull()" classname="org.springframework.cache.aspectj.AspectJEnableCachingTests" time="0.041"/>
  <testcase name="testCacheableSync()" classname="org.springframework.cache.aspectj.AspectJEnableCachingTests" time="0.04"/>
  <testcase name="testEvictWithKeyEarly()" classname="org.springframework.cache.aspectj.AspectJEnableCachingTests" time="0.062"/>
  <testcase name="testMultiPut()" classname="org.springframework.cache.aspectj.AspectJEnableCachingTests" time="0.043"/>
  <testcase name="testUnknownCustomCacheManager()" classname="org.springframework.cache.aspectj.AspectJEnableCachingTests" time="0.059"/>
  <testcase name="testUncheckedException()" classname="org.springframework.cache.aspectj.AspectJEnableCachingTests" time="0.046"/>
  <testcase name="testNullValue()" classname="org.springframework.cache.aspectj.AspectJEnableCachingTests" time="0.046"/>
  <testcase name="testEvictEarly()" classname="org.springframework.cache.aspectj.AspectJEnableCachingTests" time="0.042"/>
  <testcase name="testUpdate()" classname="org.springframework.cache.aspectj.AspectJEnableCachingTests" time="0.04"/>
  <testcase name="testNullArg()" classname="org.springframework.cache.aspectj.AspectJEnableCachingTests" time="0.047"/>
  <testcase name="testClassMultiCache()" classname="org.springframework.cache.aspectj.AspectJEnableCachingTests" time="0.034"/>
  <testcase name="testClassMultiEvict()" classname="org.springframework.cache.aspectj.AspectJEnableCachingTests" time="0.032"/>
  <system-out><![CDATA[]]></system-out>
  <system-err><![CDATA[]]></system-err>
</testsuite>
