<?xml version="1.0" encoding="UTF-8"?>
<testsuite name="org.springframework.cache.aspectj.JCacheAspectJNamespaceConfigTests" tests="28" skipped="0" failures="0" errors="0" timestamp="2021-05-01T09:31:35" hostname="wangweilideMBP.lan" time="1.072">
  <properties/>
  <testcase name="earlyPutWithExceptionVetoPut()" classname="org.springframework.cache.aspectj.JCacheAspectJNamespaceConfigTests" time="0.061"/>
  <testcase name="removeWithException()" classname="org.springframework.cache.aspectj.JCacheAspectJNamespaceConfigTests" time="0.029"/>
  <testcase name="cacheExceptionVetoed()" classname="org.springframework.cache.aspectj.JCacheAspectJNamespaceConfigTests" time="0.028"/>
  <testcase name="cacheWithCustomCacheResolver()" classname="org.springframework.cache.aspectj.JCacheAspectJNamespaceConfigTests" time="0.052"/>
  <testcase name="earlyRemove()" classname="org.springframework.cache.aspectj.JCacheAspectJNamespaceConfigTests" time="0.052"/>
  <testcase name="remove()" classname="org.springframework.cache.aspectj.JCacheAspectJNamespaceConfigTests" time="0.031"/>
  <testcase name="earlyPut()" classname="org.springframework.cache.aspectj.JCacheAspectJNamespaceConfigTests" time="0.045"/>
  <testcase name="putWithException()" classname="org.springframework.cache.aspectj.JCacheAspectJNamespaceConfigTests" time="0.022"/>
  <testcase name="removeWithExceptionVetoRemove()" classname="org.springframework.cache.aspectj.JCacheAspectJNamespaceConfigTests" time="0.051"/>
  <testcase name="cacheWithCustomKeyGenerator()" classname="org.springframework.cache.aspectj.JCacheAspectJNamespaceConfigTests" time="0.037"/>
  <testcase name="cacheNull()" classname="org.springframework.cache.aspectj.JCacheAspectJNamespaceConfigTests" time="0.03"/>
  <testcase name="cacheCheckedException()" classname="org.springframework.cache.aspectj.JCacheAspectJNamespaceConfigTests" time="0.042"/>
  <testcase name="earlyRemoveAll()" classname="org.springframework.cache.aspectj.JCacheAspectJNamespaceConfigTests" time="0.022"/>
  <testcase name="put()" classname="org.springframework.cache.aspectj.JCacheAspectJNamespaceConfigTests" time="0.031"/>
  <testcase name="earlyRemoveAllWithExceptionVetoRemove()" classname="org.springframework.cache.aspectj.JCacheAspectJNamespaceConfigTests" time="0.035"/>
  <testcase name="earlyPutWithException()" classname="org.springframework.cache.aspectj.JCacheAspectJNamespaceConfigTests" time="0.027"/>
  <testcase name="cache()" classname="org.springframework.cache.aspectj.JCacheAspectJNamespaceConfigTests" time="0.033"/>
  <testcase name="earlyRemoveAllWithException()" classname="org.springframework.cache.aspectj.JCacheAspectJNamespaceConfigTests" time="0.032"/>
  <testcase name="earlyRemoveWithException()" classname="org.springframework.cache.aspectj.JCacheAspectJNamespaceConfigTests" time="0.046"/>
  <testcase name="cacheAlwaysInvoke()" classname="org.springframework.cache.aspectj.JCacheAspectJNamespaceConfigTests" time="0.02"/>
  <testcase name="removeAllWithExceptionVetoRemove()" classname="org.springframework.cache.aspectj.JCacheAspectJNamespaceConfigTests" time="0.012"/>
  <testcase name="earlyRemoveWithExceptionVetoRemove()" classname="org.springframework.cache.aspectj.JCacheAspectJNamespaceConfigTests" time="0.072"/>
  <testcase name="removeAll()" classname="org.springframework.cache.aspectj.JCacheAspectJNamespaceConfigTests" time="0.053"/>
  <testcase name="removeAllWithException()" classname="org.springframework.cache.aspectj.JCacheAspectJNamespaceConfigTests" time="0.02"/>
  <testcase name="cacheWithPartialKey()" classname="org.springframework.cache.aspectj.JCacheAspectJNamespaceConfigTests" time="0.047"/>
  <testcase name="putWithExceptionVetoPut()" classname="org.springframework.cache.aspectj.JCacheAspectJNamespaceConfigTests" time="0.038"/>
  <testcase name="cacheException()" classname="org.springframework.cache.aspectj.JCacheAspectJNamespaceConfigTests" time="0.032"/>
  <testcase name="cacheExceptionRewriteCallStack()" classname="org.springframework.cache.aspectj.JCacheAspectJNamespaceConfigTests" time="0.056"/>
  <system-out><![CDATA[]]></system-out>
  <system-err><![CDATA[]]></system-err>
</testsuite>
