<?xml version="1.0" encoding="UTF-8"?>
<testsuite name="org.springframework.beans.factory.aspectj.SpringConfiguredWithAutoProxyingTests" tests="1" skipped="0" failures="0" errors="0" timestamp="2021-05-09T12:41:07" hostname="wangweilidembp" time="0.031">
  <properties/>
  <testcase name="springConfiguredAndAutoProxyUsedTogether()" classname="org.springframework.beans.factory.aspectj.SpringConfiguredWithAutoProxyingTests" time="0.031"/>
  <system-out><![CDATA[]]></system-out>
  <system-err><![CDATA[]]></system-err>
</testsuite>
