<?xml version="1.0" encoding="UTF-8"?>
<testsuite name="org.springframework.beans.factory.aspectj.XmlBeanConfigurerTests" tests="1" skipped="0" failures="0" errors="0" timestamp="2021-04-26T07:42:50" hostname="wangweilideMacBook-Pro.local" time="0.013">
  <properties/>
  <testcase name="injection()" classname="org.springframework.beans.factory.aspectj.XmlBeanConfigurerTests" time="0.013"/>
  <system-out><![CDATA[]]></system-out>
  <system-err><![CDATA[]]></system-err>
</testsuite>
