<?xml version="1.0" encoding="UTF-8"?>
<testsuite name="org.springframework.scheduling.aspectj.AnnotationDrivenBeanDefinitionParserTests" tests="3" skipped="0" failures="0" errors="0" timestamp="2021-05-09T12:41:06" hostname="wangweilidembp" time="0.143">
  <properties/>
  <testcase name="asyncPostProcessorExceptionHandlerReference()" classname="org.springframework.scheduling.aspectj.AnnotationDrivenBeanDefinitionParserTests" time="0.097"/>
  <testcase name="asyncAspectRegistered()" classname="org.springframework.scheduling.aspectj.AnnotationDrivenBeanDefinitionParserTests" time="0.021"/>
  <testcase name="asyncPostProcessorExecutorReference()" classname="org.springframework.scheduling.aspectj.AnnotationDrivenBeanDefinitionParserTests" time="0.024"/>
  <system-out><![CDATA[]]></system-out>
  <system-err><![CDATA[]]></system-err>
</testsuite>
