<?xml version="1.0" encoding="UTF-8"?>
<testsuite name="org.springframework.messaging.handler.annotation.reactive.HeaderMethodArgumentResolverTests" tests="10" skipped="0" failures="0" errors="0" timestamp="2021-05-01T09:29:32" hostname="wangweilideMBP.lan" time="0.487">
  <properties/>
  <testcase name="resolveOptionalHeaderWithValue()" classname="org.springframework.messaging.handler.annotation.reactive.HeaderMethodArgumentResolverTests" time="0.295"/>
  <testcase name="resolveNameFromSystemProperty()" classname="org.springframework.messaging.handler.annotation.reactive.HeaderMethodArgumentResolverTests" time="0.086"/>
  <testcase name="resolveArgumentNativeHeaderAmbiguity()" classname="org.springframework.messaging.handler.annotation.reactive.HeaderMethodArgumentResolverTests" time="0.016"/>
  <testcase name="resolveArgumentNativeHeader()" classname="org.springframework.messaging.handler.annotation.reactive.HeaderMethodArgumentResolverTests" time="0.004"/>
  <testcase name="resolveDefaultValueSystemProperty()" classname="org.springframework.messaging.handler.annotation.reactive.HeaderMethodArgumentResolverTests" time="0.005"/>
  <testcase name="resolveOptionalHeaderAsEmpty()" classname="org.springframework.messaging.handler.annotation.reactive.HeaderMethodArgumentResolverTests" time="0.02"/>
  <testcase name="resolveArgumentDefaultValue()" classname="org.springframework.messaging.handler.annotation.reactive.HeaderMethodArgumentResolverTests" time="0.005"/>
  <testcase name="resolveArgumentNotFound()" classname="org.springframework.messaging.handler.annotation.reactive.HeaderMethodArgumentResolverTests" time="0.019"/>
  <testcase name="resolveArgument()" classname="org.springframework.messaging.handler.annotation.reactive.HeaderMethodArgumentResolverTests" time="0.008"/>
  <testcase name="supportsParameter()" classname="org.springframework.messaging.handler.annotation.reactive.HeaderMethodArgumentResolverTests" time="0.007"/>
  <system-out><![CDATA[]]></system-out>
  <system-err><![CDATA[]]></system-err>
</testsuite>
