<?xml version="1.0" encoding="UTF-8"?>
<testsuite name="org.springframework.messaging.converter.DefaultContentTypeResolverTests" tests="6" skipped="0" failures="0" errors="0" timestamp="2021-04-26T07:39:50" hostname="wangweilideMacBook-Pro.local" time="0.041">
  <properties/>
  <testcase name="resolveUnknownHeaderType()" classname="org.springframework.messaging.converter.DefaultContentTypeResolverTests" time="0.001"/>
  <testcase name="resolveNoContentTypeHeader()" classname="org.springframework.messaging.converter.DefaultContentTypeResolverTests" time="0.001"/>
  <testcase name="resolveInvalidStringContentType()" classname="org.springframework.messaging.converter.DefaultContentTypeResolverTests" time="0.001"/>
  <testcase name="resolveDefaultMimeType()" classname="org.springframework.messaging.converter.DefaultContentTypeResolverTests" time="0.002"/>
  <testcase name="resolve()" classname="org.springframework.messaging.converter.DefaultContentTypeResolverTests" time="0.031"/>
  <testcase name="resolveStringContentType()" classname="org.springframework.messaging.converter.DefaultContentTypeResolverTests" time="0.001"/>
  <system-out><![CDATA[]]></system-out>
  <system-err><![CDATA[]]></system-err>
</testsuite>
