<?xml version="1.0" encoding="UTF-8"?>
<testsuite name="org.springframework.messaging.converter.GenericMessageConverterTests" tests="3" skipped="0" failures="0" errors="0" timestamp="2021-05-09T12:40:36" hostname="wangweilidembp" time="0.006">
  <properties/>
  <testcase name="fromMessageWithFailedConversion()" classname="org.springframework.messaging.converter.GenericMessageConverterTests" time="0.001"/>
  <testcase name="fromMessageNoConverter()" classname="org.springframework.messaging.converter.GenericMessageConverterTests" time="0.002"/>
  <testcase name="fromMessageWithConversion()" classname="org.springframework.messaging.converter.GenericMessageConverterTests" time="0.001"/>
  <system-out><![CDATA[]]></system-out>
  <system-err><![CDATA[]]></system-err>
</testsuite>
