<?xml version="1.0" encoding="UTF-8"?>
<testsuite name="org.springframework.messaging.handler.annotation.support.AnnotationExceptionHandlerMethodResolverTests" tests="10" skipped="0" failures="0" errors="0" timestamp="2021-05-09T12:40:33" hostname="wangweilidembp" time="0.043">
  <properties/>
  <testcase name="resolveMethodFromAnnotation()" classname="org.springframework.messaging.handler.annotation.support.AnnotationExceptionHandlerMethodResolverTests" time="0.001"/>
  <testcase name="resolveMethodFromArgumentWithErrorType()" classname="org.springframework.messaging.handler.annotation.support.AnnotationExceptionHandlerMethodResolverTests" time="0.001"/>
  <testcase name="resolveMethodInherited()" classname="org.springframework.messaging.handler.annotation.support.AnnotationExceptionHandlerMethodResolverTests" time="0.001"/>
  <testcase name="resolveMethodFromArgument()" classname="org.springframework.messaging.handler.annotation.support.AnnotationExceptionHandlerMethodResolverTests" time="0.002"/>
  <testcase name="ambiguousExceptionMapping()" classname="org.springframework.messaging.handler.annotation.support.AnnotationExceptionHandlerMethodResolverTests" time="0.002"/>
  <testcase name="resolveMethodExceptionSubType()" classname="org.springframework.messaging.handler.annotation.support.AnnotationExceptionHandlerMethodResolverTests" time="0.011"/>
  <testcase name="resolveMethodBestMatch()" classname="org.springframework.messaging.handler.annotation.support.AnnotationExceptionHandlerMethodResolverTests" time="0.004"/>
  <testcase name="noExceptionMapping()" classname="org.springframework.messaging.handler.annotation.support.AnnotationExceptionHandlerMethodResolverTests" time="0.003"/>
  <testcase name="resolveMethodAgainstCause()" classname="org.springframework.messaging.handler.annotation.support.AnnotationExceptionHandlerMethodResolverTests" time="0.001"/>
  <testcase name="resolveMethodNoMatch()" classname="org.springframework.messaging.handler.annotation.support.AnnotationExceptionHandlerMethodResolverTests" time="0.0"/>
  <system-out><![CDATA[]]></system-out>
  <system-err><![CDATA[]]></system-err>
</testsuite>
