<?xml version="1.0" encoding="UTF-8"?>
<testsuite name="org.springframework.messaging.simp.stomp.ReactorNettyTcpStompClientTests" tests="1" skipped="0" failures="0" errors="0" timestamp="2021-05-09T12:40:46" hostname="wangweilidembp" time="1.233">
  <properties/>
  <testcase name="publishSubscribe()" classname="org.springframework.messaging.simp.stomp.ReactorNettyTcpStompClientTests" time="1.233"/>
  <system-out><![CDATA[20:40:46.249 [Test worker] INFO  o.a.a.b.BrokerService - Using Persistence Adapter: MemoryPersistenceAdapter
20:40:46.492 [Test worker] INFO  o.a.a.b.BrokerService - Apache ActiveMQ 5.16.1 (localhost, ID:wangweilidembp-63611-1620564046330-0:1) is starting
20:40:46.503 [Test worker] INFO  o.a.a.t.TransportServerThreadSupport - Listening for connections at: stomp://localhost:64092
20:40:46.504 [Test worker] INFO  o.a.a.b.TransportConnector - Connector stomp://localhost:64092 started
20:40:46.526 [Test worker] INFO  o.a.a.b.BrokerService - Apache ActiveMQ 5.16.1 (localhost, ID:wangweilidembp-63611-1620564046330-0:1) started
20:40:46.526 [Test worker] INFO  o.a.a.b.BrokerService - For help or more information please see: http://activemq.apache.org
20:40:47.334 [Test worker] INFO  o.a.a.b.BrokerService - Apache ActiveMQ 5.16.1 (localhost, ID:wangweilidembp-63611-1620564046330-0:1) is shutting down
20:40:47.336 [Test worker] INFO  o.a.a.b.TransportConnector - Connector stomp://localhost:64092 stopped
20:40:47.349 [Test worker] INFO  o.a.a.b.BrokerService - Apache ActiveMQ 5.16.1 (localhost, ID:wangweilidembp-63611-1620564046330-0:1) uptime 1.109 seconds
20:40:47.349 [Test worker] INFO  o.a.a.b.BrokerService - Apache ActiveMQ 5.16.1 (localhost, ID:wangweilidembp-63611-1620564046330-0:1) is shutdown
]]></system-out>
  <system-err><![CDATA[]]></system-err>
</testsuite>
