<?xml version="1.0" encoding="UTF-8"?>
<testsuite name="org.springframework.messaging.rsocket.DefaultRSocketRequesterBuilderTests" tests="8" skipped="0" failures="0" errors="0" timestamp="2021-05-09T12:41:07" hostname="wangweilidembp" time="0.054">
  <properties/>
  <testcase name="setupWithAsyncValues()" classname="org.springframework.messaging.rsocket.DefaultRSocketRequesterBuilderTests" time="0.023"/>
  <testcase name="defaultDataMimeTypeWithCustomDecoderRegistered()" classname="org.springframework.messaging.rsocket.DefaultRSocketRequesterBuilderTests" time="0.001"/>
  <testcase name="dataMimeTypeExplicitlySet()" classname="org.springframework.messaging.rsocket.DefaultRSocketRequesterBuilderTests" time="0.003"/>
  <testcase name="mimeTypesCannotBeChangedAtRSocketConnectorLevel()" classname="org.springframework.messaging.rsocket.DefaultRSocketRequesterBuilderTests" time="0.005"/>
  <testcase name="frameDecoderMatchesDataBufferFactory()" classname="org.springframework.messaging.rsocket.DefaultRSocketRequesterBuilderTests" time="0.01"/>
  <testcase name="defaultDataMimeType()" classname="org.springframework.messaging.rsocket.DefaultRSocketRequesterBuilderTests" time="0.001"/>
  <testcase name="rsocketConnectorConfigurer()" classname="org.springframework.messaging.rsocket.DefaultRSocketRequesterBuilderTests" time="0.002"/>
  <testcase name="setupRoute()" classname="org.springframework.messaging.rsocket.DefaultRSocketRequesterBuilderTests" time="0.004"/>
  <system-out><![CDATA[]]></system-out>
  <system-err><![CDATA[]]></system-err>
</testsuite>
