<?xml version="1.0" encoding="UTF-8"?>
<testsuite name="org.springframework.messaging.simp.annotation.support.PrincipalMethodArgumentResolverTests" tests="2" skipped="0" failures="0" errors="0" timestamp="2021-05-01T09:29:43" hostname="wangweilideMBP.lan" time="0.011">
  <properties/>
  <testcase name="resolverArgument()" classname="org.springframework.messaging.simp.annotation.support.PrincipalMethodArgumentResolverTests" time="0.01"/>
  <testcase name="supportsParameter()" classname="org.springframework.messaging.simp.annotation.support.PrincipalMethodArgumentResolverTests" time="0.001"/>
  <system-out><![CDATA[]]></system-out>
  <system-err><![CDATA[]]></system-err>
</testsuite>
