<?xml version="1.0" encoding="UTF-8"?>
<testsuite name="org.springframework.messaging.handler.annotation.support.DefaultMessageHandlerMethodFactoryTests" tests="7" skipped="0" failures="0" errors="0" timestamp="2021-05-01T09:29:34" hostname="wangweilideMBP.lan" time="0.057">
  <properties/>
  <testcase name="customConversion()" classname="org.springframework.messaging.handler.annotation.support.DefaultMessageHandlerMethodFactoryTests" time="0.019"/>
  <testcase name="overrideArgumentResolvers()" classname="org.springframework.messaging.handler.annotation.support.DefaultMessageHandlerMethodFactoryTests" time="0.002"/>
  <testcase name="customArgumentResolver()" classname="org.springframework.messaging.handler.annotation.support.DefaultMessageHandlerMethodFactoryTests" time="0.001"/>
  <testcase name="customConversionServiceFailure()" classname="org.springframework.messaging.handler.annotation.support.DefaultMessageHandlerMethodFactoryTests" time="0.002"/>
  <testcase name="customValidation()" classname="org.springframework.messaging.handler.annotation.support.DefaultMessageHandlerMethodFactoryTests" time="0.024"/>
  <testcase name="customMessageConverterFailure()" classname="org.springframework.messaging.handler.annotation.support.DefaultMessageHandlerMethodFactoryTests" time="0.003"/>
  <testcase name="noValidationByDefault()" classname="org.springframework.messaging.handler.annotation.support.DefaultMessageHandlerMethodFactoryTests" time="0.002"/>
  <system-out><![CDATA[]]></system-out>
  <system-err><![CDATA[]]></system-err>
</testsuite>
