<?xml version="1.0" encoding="UTF-8"?>
<testsuite name="org.springframework.messaging.converter.MessageConverterTests" tests="10" skipped="0" failures="0" errors="0" timestamp="2021-04-26T07:39:50" hostname="wangweilideMacBook-Pro.local" time="0.012">
  <properties/>
  <testcase name="supportsMimeTypeNotSpecified()" classname="org.springframework.messaging.converter.MessageConverterTests" time="0.0"/>
  <testcase name="setStrictContentTypeMatchWithNoSupportedMimeTypes()" classname="org.springframework.messaging.converter.MessageConverterTests" time="0.001"/>
  <testcase name="toMessageWithMutableMessageHeaders()" classname="org.springframework.messaging.converter.MessageConverterTests" time="0.005"/>
  <testcase name="supportsMimeTypeNoneConfigured()" classname="org.springframework.messaging.converter.MessageConverterTests" time="0.001"/>
  <testcase name="supportsMimeTypeNotSupported()" classname="org.springframework.messaging.converter.MessageConverterTests" time="0.0"/>
  <testcase name="canConvertFromStrictContentTypeMatch()" classname="org.springframework.messaging.converter.MessageConverterTests" time="0.0"/>
  <testcase name="toMessageWithHeaders()" classname="org.springframework.messaging.converter.MessageConverterTests" time="0.001"/>
  <testcase name="supportsTargetClass()" classname="org.springframework.messaging.converter.MessageConverterTests" time="0.0"/>
  <testcase name="toMessageContentTypeHeader()" classname="org.springframework.messaging.converter.MessageConverterTests" time="0.0"/>
  <testcase name="supportsMimeType()" classname="org.springframework.messaging.converter.MessageConverterTests" time="0.0"/>
  <system-out><![CDATA[]]></system-out>
  <system-err><![CDATA[]]></system-err>
</testsuite>
