<?xml version="1.0" encoding="UTF-8"?>
<testsuite name="org.springframework.messaging.simp.user.UserDestinationMessageHandlerTests" tests="7" skipped="0" failures="0" errors="0" timestamp="2021-05-09T12:40:45" hostname="wangweilidembp" time="0.039">
  <properties/>
  <testcase name="handleMessageWithoutActiveSession()" classname="org.springframework.messaging.simp.user.UserDestinationMessageHandlerTests" time="0.003"/>
  <testcase name="handleMessageFromBrokerWithoutActiveSession()" classname="org.springframework.messaging.simp.user.UserDestinationMessageHandlerTests" time="0.015"/>
  <testcase name="handleMessageFromBrokerWithActiveSession()" classname="org.springframework.messaging.simp.user.UserDestinationMessageHandlerTests" time="0.004"/>
  <testcase name="handleUnsubscribe()" classname="org.springframework.messaging.simp.user.UserDestinationMessageHandlerTests" time="0.002"/>
  <testcase name="handleMessage()" classname="org.springframework.messaging.simp.user.UserDestinationMessageHandlerTests" time="0.011"/>
  <testcase name="handleSubscribe()" classname="org.springframework.messaging.simp.user.UserDestinationMessageHandlerTests" time="0.002"/>
  <testcase name="ignoreMessage()" classname="org.springframework.messaging.simp.user.UserDestinationMessageHandlerTests" time="0.001"/>
  <system-out><![CDATA[]]></system-out>
  <system-err><![CDATA[]]></system-err>
</testsuite>
