<?xml version="1.0" encoding="UTF-8"?>
<testsuite name="org.springframework.messaging.handler.invocation.reactive.InvocableHandlerMethodTests" tests="10" skipped="0" failures="0" errors="0" timestamp="2021-05-01T09:29:31" hostname="wangweilideMBP.lan" time="0.529">
  <properties/>
  <testcase name="resolveArg()" classname="org.springframework.messaging.handler.invocation.reactive.InvocableHandlerMethodTests" time="0.365"/>
  <testcase name="voidMethod()" classname="org.springframework.messaging.handler.invocation.reactive.InvocableHandlerMethodTests" time="0.018"/>
  <testcase name="cannotResolveArg()" classname="org.springframework.messaging.handler.invocation.reactive.InvocableHandlerMethodTests" time="0.003"/>
  <testcase name="voidMonoMethod()" classname="org.springframework.messaging.handler.invocation.reactive.InvocableHandlerMethodTests" time="0.108"/>
  <testcase name="resolveProvidedArg()" classname="org.springframework.messaging.handler.invocation.reactive.InvocableHandlerMethodTests" time="0.004"/>
  <testcase name="illegalArgumentException()" classname="org.springframework.messaging.handler.invocation.reactive.InvocableHandlerMethodTests" time="0.009"/>
  <testcase name="invocationTargetException()" classname="org.springframework.messaging.handler.invocation.reactive.InvocableHandlerMethodTests" time="0.008"/>
  <testcase name="resolveProvidedArgFirst()" classname="org.springframework.messaging.handler.invocation.reactive.InvocableHandlerMethodTests" time="0.001"/>
  <testcase name="exceptionInResolvingArg()" classname="org.springframework.messaging.handler.invocation.reactive.InvocableHandlerMethodTests" time="0.002"/>
  <testcase name="resolveNoArgValue()" classname="org.springframework.messaging.handler.invocation.reactive.InvocableHandlerMethodTests" time="0.002"/>
  <system-out><![CDATA[]]></system-out>
  <system-err><![CDATA[]]></system-err>
</testsuite>
