<?xml version="1.0" encoding="UTF-8"?>
<testsuite name="org.springframework.messaging.converter.ProtobufMessageConverterTests" tests="8" skipped="0" failures="0" errors="0" timestamp="2021-05-01T09:29:38" hostname="wangweilideMBP.lan" time="0.983">
  <properties/>
  <testcase name="canConvertTo()" classname="org.springframework.messaging.converter.ProtobufMessageConverterTests" time="0.45"/>
  <testcase name="convertFrom()" classname="org.springframework.messaging.converter.ProtobufMessageConverterTests" time="0.204"/>
  <testcase name="convertTo()" classname="org.springframework.messaging.converter.ProtobufMessageConverterTests" time="0.02"/>
  <testcase name="canConvertFrom()" classname="org.springframework.messaging.converter.ProtobufMessageConverterTests" time="0.0"/>
  <testcase name="defaultContentType()" classname="org.springframework.messaging.converter.ProtobufMessageConverterTests" time="0.0"/>
  <testcase name="convertFromNoContentType()" classname="org.springframework.messaging.converter.ProtobufMessageConverterTests" time="0.001"/>
  <testcase name="extensionRegistryNull()" classname="org.springframework.messaging.converter.ProtobufMessageConverterTests" time="0.001"/>
  <testcase name="testJsonWithGoogleProtobuf()" classname="org.springframework.messaging.converter.ProtobufMessageConverterTests" time="0.304"/>
  <system-out><![CDATA[]]></system-out>
  <system-err><![CDATA[]]></system-err>
</testsuite>
