<?xml version="1.0" encoding="UTF-8"?>
<testsuite name="org.springframework.messaging.handler.invocation.MethodMessageHandlerTests" tests="6" skipped="0" failures="0" errors="0" timestamp="2021-05-09T12:40:25" hostname="wangweilidembp" time="2.972">
  <properties/>
  <testcase name="handleException()" classname="org.springframework.messaging.handler.invocation.MethodMessageHandlerTests" time="2.854"/>
  <testcase name="duplicateMapping()" classname="org.springframework.messaging.handler.invocation.MethodMessageHandlerTests" time="0.054"/>
  <testcase name="patternMatch()" classname="org.springframework.messaging.handler.invocation.MethodMessageHandlerTests" time="0.004"/>
  <testcase name="registeredMappings()" classname="org.springframework.messaging.handler.invocation.MethodMessageHandlerTests" time="0.027"/>
  <testcase name="bestMatch()" classname="org.springframework.messaging.handler.invocation.MethodMessageHandlerTests" time="0.024"/>
  <testcase name="argumentResolution()" classname="org.springframework.messaging.handler.invocation.MethodMessageHandlerTests" time="0.003"/>
  <system-out><![CDATA[]]></system-out>
  <system-err><![CDATA[]]></system-err>
</testsuite>
