<?xml version="1.0" encoding="UTF-8"?>
<testsuite name="org.springframework.messaging.rsocket.DefaultRSocketRequesterBuilderTests" tests="8" skipped="0" failures="0" errors="0" timestamp="2021-04-26T07:40:16" hostname="wangweilideMacBook-Pro.local" time="0.03">
  <properties/>
  <testcase name="setupWithAsyncValues()" classname="org.springframework.messaging.rsocket.DefaultRSocketRequesterBuilderTests" time="0.016"/>
  <testcase name="defaultDataMimeTypeWithCustomDecoderRegistered()" classname="org.springframework.messaging.rsocket.DefaultRSocketRequesterBuilderTests" time="0.001"/>
  <testcase name="dataMimeTypeExplicitlySet()" classname="org.springframework.messaging.rsocket.DefaultRSocketRequesterBuilderTests" time="0.003"/>
  <testcase name="mimeTypesCannotBeChangedAtRSocketConnectorLevel()" classname="org.springframework.messaging.rsocket.DefaultRSocketRequesterBuilderTests" time="0.003"/>
  <testcase name="frameDecoderMatchesDataBufferFactory()" classname="org.springframework.messaging.rsocket.DefaultRSocketRequesterBuilderTests" time="0.002"/>
  <testcase name="defaultDataMimeType()" classname="org.springframework.messaging.rsocket.DefaultRSocketRequesterBuilderTests" time="0.001"/>
  <testcase name="rsocketConnectorConfigurer()" classname="org.springframework.messaging.rsocket.DefaultRSocketRequesterBuilderTests" time="0.002"/>
  <testcase name="setupRoute()" classname="org.springframework.messaging.rsocket.DefaultRSocketRequesterBuilderTests" time="0.002"/>
  <system-out><![CDATA[]]></system-out>
  <system-err><![CDATA[]]></system-err>
</testsuite>
