<?xml version="1.0" encoding="UTF-8"?>
<testsuite name="org.springframework.messaging.rsocket.RSocketServerToClientIntegrationTests" tests="4" skipped="0" failures="0" errors="0" timestamp="2021-05-01T09:30:02" hostname="wangweilideMBP.lan" time="0.468">
  <properties/>
  <testcase name="echoAsync()" classname="org.springframework.messaging.rsocket.RSocketServerToClientIntegrationTests" time="0.195"/>
  <testcase name="echo()" classname="org.springframework.messaging.rsocket.RSocketServerToClientIntegrationTests" time="0.023"/>
  <testcase name="echoChannel()" classname="org.springframework.messaging.rsocket.RSocketServerToClientIntegrationTests" time="0.148"/>
  <testcase name="echoStream()" classname="org.springframework.messaging.rsocket.RSocketServerToClientIntegrationTests" time="0.101"/>
  <system-out><![CDATA[]]></system-out>
  <system-err><![CDATA[]]></system-err>
</testsuite>
