<?xml version="1.0" encoding="UTF-8"?>
<testsuite name="org.springframework.messaging.handler.annotation.support.DefaultMessageHandlerMethodFactoryTests" tests="7" skipped="0" failures="0" errors="0" timestamp="2021-05-09T12:40:33" hostname="wangweilidembp" time="0.027">
  <properties/>
  <testcase name="customConversion()" classname="org.springframework.messaging.handler.annotation.support.DefaultMessageHandlerMethodFactoryTests" time="0.006"/>
  <testcase name="overrideArgumentResolvers()" classname="org.springframework.messaging.handler.annotation.support.DefaultMessageHandlerMethodFactoryTests" time="0.003"/>
  <testcase name="customArgumentResolver()" classname="org.springframework.messaging.handler.annotation.support.DefaultMessageHandlerMethodFactoryTests" time="0.002"/>
  <testcase name="customConversionServiceFailure()" classname="org.springframework.messaging.handler.annotation.support.DefaultMessageHandlerMethodFactoryTests" time="0.003"/>
  <testcase name="customValidation()" classname="org.springframework.messaging.handler.annotation.support.DefaultMessageHandlerMethodFactoryTests" time="0.005"/>
  <testcase name="customMessageConverterFailure()" classname="org.springframework.messaging.handler.annotation.support.DefaultMessageHandlerMethodFactoryTests" time="0.003"/>
  <testcase name="noValidationByDefault()" classname="org.springframework.messaging.handler.annotation.support.DefaultMessageHandlerMethodFactoryTests" time="0.002"/>
  <system-out><![CDATA[]]></system-out>
  <system-err><![CDATA[]]></system-err>
</testsuite>
