<?xml version="1.0" encoding="UTF-8"?>
<testsuite name="org.springframework.messaging.simp.stomp.ReactorNettyTcpStompClientTests" tests="1" skipped="0" failures="0" errors="0" timestamp="2021-04-26T07:39:55" hostname="wangweilideMacBook-Pro.local" time="1.115">
  <properties/>
  <testcase name="publishSubscribe()" classname="org.springframework.messaging.simp.stomp.ReactorNettyTcpStompClientTests" time="1.115"/>
  <system-out><![CDATA[15:39:55.725 [Test worker] INFO  o.a.a.b.BrokerService - Using Persistence Adapter: MemoryPersistenceAdapter
15:39:55.914 [Test worker] INFO  o.a.a.b.BrokerService - Apache ActiveMQ 5.16.1 (localhost, ID:wangweilideMacBook-Pro.local-63400-1619422795767-0:1) is starting
15:39:55.924 [Test worker] INFO  o.a.a.t.TransportServerThreadSupport - Listening for connections at: stomp://localhost:64230
15:39:55.925 [Test worker] INFO  o.a.a.b.TransportConnector - Connector stomp://localhost:64230 started
15:39:55.927 [Test worker] INFO  o.a.a.b.BrokerService - Apache ActiveMQ 5.16.1 (localhost, ID:wangweilideMacBook-Pro.local-63400-1619422795767-0:1) started
15:39:55.927 [Test worker] INFO  o.a.a.b.BrokerService - For help or more information please see: http://activemq.apache.org
15:39:56.665 [Test worker] INFO  o.a.a.b.BrokerService - Apache ActiveMQ 5.16.1 (localhost, ID:wangweilideMacBook-Pro.local-63400-1619422795767-0:1) is shutting down
15:39:56.666 [Test worker] INFO  o.a.a.b.TransportConnector - Connector stomp://localhost:64230 stopped
15:39:56.677 [Test worker] INFO  o.a.a.b.BrokerService - Apache ActiveMQ 5.16.1 (localhost, ID:wangweilideMacBook-Pro.local-63400-1619422795767-0:1) uptime 0.968 seconds
15:39:56.677 [Test worker] INFO  o.a.a.b.BrokerService - Apache ActiveMQ 5.16.1 (localhost, ID:wangweilideMacBook-Pro.local-63400-1619422795767-0:1) is shutdown
]]></system-out>
  <system-err><![CDATA[]]></system-err>
</testsuite>
