<?xml version="1.0" encoding="UTF-8"?>
<testsuite name="org.springframework.messaging.converter.ProtobufMessageConverterTests" tests="8" skipped="0" failures="0" errors="0" timestamp="2021-04-26T07:39:51" hostname="wangweilideMacBook-Pro.local" time="0.644">
  <properties/>
  <testcase name="canConvertTo()" classname="org.springframework.messaging.converter.ProtobufMessageConverterTests" time="0.271"/>
  <testcase name="convertFrom()" classname="org.springframework.messaging.converter.ProtobufMessageConverterTests" time="0.117"/>
  <testcase name="convertTo()" classname="org.springframework.messaging.converter.ProtobufMessageConverterTests" time="0.002"/>
  <testcase name="canConvertFrom()" classname="org.springframework.messaging.converter.ProtobufMessageConverterTests" time="0.001"/>
  <testcase name="defaultContentType()" classname="org.springframework.messaging.converter.ProtobufMessageConverterTests" time="0.001"/>
  <testcase name="convertFromNoContentType()" classname="org.springframework.messaging.converter.ProtobufMessageConverterTests" time="0.001"/>
  <testcase name="extensionRegistryNull()" classname="org.springframework.messaging.converter.ProtobufMessageConverterTests" time="0.001"/>
  <testcase name="testJsonWithGoogleProtobuf()" classname="org.springframework.messaging.converter.ProtobufMessageConverterTests" time="0.249"/>
  <system-out><![CDATA[]]></system-out>
  <system-err><![CDATA[]]></system-err>
</testsuite>
