<?xml version="1.0" encoding="UTF-8"?>
<testsuite name="org.springframework.messaging.rsocket.DefaultRSocketStrategiesTests" tests="4" skipped="0" failures="0" errors="0" timestamp="2021-05-09T12:41:06" hostname="wangweilidembp" time="0.02">
  <properties/>
  <testcase name="copyConstructor()" classname="org.springframework.messaging.rsocket.DefaultRSocketStrategiesTests" time="0.001"/>
  <testcase name="applyMetadataExtractors()" classname="org.springframework.messaging.rsocket.DefaultRSocketStrategiesTests" time="0.016"/>
  <testcase name="defaultSettings()" classname="org.springframework.messaging.rsocket.DefaultRSocketStrategiesTests" time="0.0"/>
  <testcase name="explicitValues()" classname="org.springframework.messaging.rsocket.DefaultRSocketStrategiesTests" time="0.002"/>
  <system-out><![CDATA[]]></system-out>
  <system-err><![CDATA[]]></system-err>
</testsuite>
