<?xml version="1.0" encoding="UTF-8"?>
<testsuite name="org.springframework.messaging.rsocket.RSocketBufferLeakTests" tests="6" skipped="1" failures="0" errors="0" timestamp="2021-04-26T07:40:16" hostname="wangweilideMacBook-Pro.local" time="0.178">
  <properties/>
  <testcase name="assemblyTimeErrorForHandleAndReply()" classname="org.springframework.messaging.rsocket.RSocketBufferLeakTests" time="0.014"/>
  <testcase name="errorSignalWithExceptionHandler()" classname="org.springframework.messaging.rsocket.RSocketBufferLeakTests" time="0.008"/>
  <testcase name="echoChannel()" classname="org.springframework.messaging.rsocket.RSocketBufferLeakTests" time="0.128"/>
  <testcase name="subscriptionTimeErrorForHandleAndReply()" classname="org.springframework.messaging.rsocket.RSocketBufferLeakTests" time="0.009"/>
  <testcase name="ignoreInput()" classname="org.springframework.messaging.rsocket.RSocketBufferLeakTests" time="0.016"/>
  <testcase name="noSuchRouteOnChannelInteraction()" classname="org.springframework.messaging.rsocket.RSocketBufferLeakTests" time="0.0">
    <skipped/>
  </testcase>
  <system-out><![CDATA[15:40:16.409 [reactor-tcp-nio-16] ERROR o.s.m.h.i.r.InvocableHelper - No exception handling method
org.springframework.messaging.handler.invocation.MethodArgumentResolutionException: Could not resolve method parameter at index 0 in void org.springframework.messaging.rsocket.RSocketBufferLeakTests$ServerController.notDecodable(org.springframework.core.io.Resource): Cannot decode to [org.springframework.core.io.Resource]GenericMessage [payload=FluxPeekFuseable, headers={dataBufferFactory=NettyDataBufferFactory (PooledByteBufAllocator(directByDefault: true)), rsocketRequester=org.springframework.messaging.rsocket.DefaultRSocketRequester@4f83ee6b, rsocketResponse=null, lookupDestination=not-decodable, contentType=text/plain, rsocketFrameType=REQUEST_RESPONSE}]
	at org.springframework.messaging.handler.annotation.reactive.PayloadMethodArgumentResolver.decodeContent(PayloadMethodArgumentResolver.java:264) ~[spring-messaging-5.3.7-SNAPSHOT.jar:?]
	at org.springframework.messaging.handler.annotation.reactive.PayloadMethodArgumentResolver.resolveArgument(PayloadMethodArgumentResolver.java:169) ~[spring-messaging-5.3.7-SNAPSHOT.jar:?]
	at org.springframework.messaging.handler.invocation.reactive.HandlerMethodArgumentResolverComposite.resolveArgument(HandlerMethodArgumentResolverComposite.java:119) ~[spring-messaging-5.3.7-SNAPSHOT.jar:?]
	at org.springframework.messaging.handler.invocation.reactive.InvocableHandlerMethod.getMethodArgumentValues(InvocableHandlerMethod.java:182) ~[spring-messaging-5.3.7-SNAPSHOT.jar:?]
	at org.springframework.messaging.handler.invocation.reactive.InvocableHandlerMethod.invoke(InvocableHandlerMethod.java:128) ~[spring-messaging-5.3.7-SNAPSHOT.jar:?]
	at org.springframework.messaging.handler.invocation.reactive.InvocableHelper.handleMessage(InvocableHelper.java:194) ~[spring-messaging-5.3.7-SNAPSHOT.jar:?]
	at org.springframework.messaging.handler.invocation.reactive.AbstractMethodMessageHandler.handleMatch(AbstractMethodMessageHandler.java:458) ~[spring-messaging-5.3.7-SNAPSHOT.jar:?]
	at org.springframework.messaging.handler.annotation.reactive.MessageMappingMessageHandler.handleMatch(MessageMappingMessageHandler.java:365) ~[spring-messaging-5.3.7-SNAPSHOT.jar:?]
	at org.springframework.messaging.handler.annotation.reactive.MessageMappingMessageHandler.handleMatch(MessageMappingMessageHandler.java:84) ~[spring-messaging-5.3.7-SNAPSHOT.jar:?]
	at org.springframework.messaging.handler.invocation.reactive.AbstractMethodMessageHandler.handleMessage(AbstractMethodMessageHandler.java:453) ~[spring-messaging-5.3.7-SNAPSHOT.jar:?]
	at org.springframework.messaging.rsocket.annotation.support.MessagingRSocket.lambda$handleAndReply$4(MessagingRSocket.java:172) ~[spring-messaging-5.3.7-SNAPSHOT.jar:?]
	at reactor.core.publisher.MonoDefer.subscribe(MonoDefer.java:44) ~[reactor-core-3.4.5.jar:3.4.5]
	at reactor.core.publisher.Mono.subscribe(Mono.java:4150) ~[reactor-core-3.4.5.jar:3.4.5]
	at reactor.core.publisher.FluxConcatArray$ConcatArraySubscriber.onComplete(FluxConcatArray.java:208) ~[reactor-core-3.4.5.jar:3.4.5]
	at reactor.core.publisher.FluxConcatArray.subscribe(FluxConcatArray.java:80) ~[reactor-core-3.4.5.jar:3.4.5]
	at reactor.core.publisher.InternalMonoOperator.subscribe(InternalMonoOperator.java:64) ~[reactor-core-3.4.5.jar:3.4.5]
	at io.rsocket.core.RSocketResponder.handleRequestResponse(RSocketResponder.java:345) ~[rsocket-core-1.1.0.jar:?]
	at io.rsocket.core.RSocketResponder.handleFrame(RSocketResponder.java:200) ~[rsocket-core-1.1.0.jar:?]
	at reactor.core.publisher.LambdaSubscriber.onNext(LambdaSubscriber.java:160) [reactor-core-3.4.5.jar:3.4.5]
	at io.rsocket.core.ClientServerInputMultiplexer$InternalDuplexConnection.onNext(ClientServerInputMultiplexer.java:248) [rsocket-core-1.1.0.jar:?]
	at io.rsocket.core.ClientServerInputMultiplexer.onNext(ClientServerInputMultiplexer.java:129) [rsocket-core-1.1.0.jar:?]
	at io.rsocket.core.ClientServerInputMultiplexer.onNext(ClientServerInputMultiplexer.java:48) [rsocket-core-1.1.0.jar:?]
	at io.rsocket.core.SetupHandlingDuplexConnection.onNext(SetupHandlingDuplexConnection.java:118) [rsocket-core-1.1.0.jar:?]
	at io.rsocket.core.SetupHandlingDuplexConnection.onNext(SetupHandlingDuplexConnection.java:19) [rsocket-core-1.1.0.jar:?]
	at reactor.core.publisher.FluxMap$MapSubscriber.onNext(FluxMap.java:120) [reactor-core-3.4.5.jar:3.4.5]
	at reactor.core.publisher.FluxMap$MapSubscriber.onNext(FluxMap.java:120) [reactor-core-3.4.5.jar:3.4.5]
	at reactor.netty.channel.FluxReceive.drainReceiver(FluxReceive.java:280) [reactor-netty-core-1.0.6.jar:1.0.6]
	at reactor.netty.channel.FluxReceive.onInboundNext(FluxReceive.java:389) [reactor-netty-core-1.0.6.jar:1.0.6]
	at reactor.netty.channel.ChannelOperations.onInboundNext(ChannelOperations.java:401) [reactor-netty-core-1.0.6.jar:1.0.6]
	at reactor.netty.channel.ChannelOperationsHandler.channelRead(ChannelOperationsHandler.java:94) [reactor-netty-core-1.0.6.jar:1.0.6]
	at io.netty.channel.AbstractChannelHandlerContext.invokeChannelRead(AbstractChannelHandlerContext.java:379) [netty-transport-4.1.63.Final.jar:4.1.63.Final]
	at io.netty.channel.AbstractChannelHandlerContext.invokeChannelRead(AbstractChannelHandlerContext.java:365) [netty-transport-4.1.63.Final.jar:4.1.63.Final]
	at io.netty.channel.AbstractChannelHandlerContext.fireChannelRead(AbstractChannelHandlerContext.java:357) [netty-transport-4.1.63.Final.jar:4.1.63.Final]
	at io.netty.handler.codec.ByteToMessageDecoder.fireChannelRead(ByteToMessageDecoder.java:324) [netty-codec-4.1.63.Final.jar:4.1.63.Final]
	at io.netty.handler.codec.ByteToMessageDecoder.channelRead(ByteToMessageDecoder.java:296) [netty-codec-4.1.63.Final.jar:4.1.63.Final]
	at io.netty.channel.AbstractChannelHandlerContext.invokeChannelRead(AbstractChannelHandlerContext.java:379) [netty-transport-4.1.63.Final.jar:4.1.63.Final]
	at io.netty.channel.AbstractChannelHandlerContext.invokeChannelRead(AbstractChannelHandlerContext.java:365) [netty-transport-4.1.63.Final.jar:4.1.63.Final]
	at io.netty.channel.AbstractChannelHandlerContext.fireChannelRead(AbstractChannelHandlerContext.java:357) [netty-transport-4.1.63.Final.jar:4.1.63.Final]
	at io.netty.channel.DefaultChannelPipeline$HeadContext.channelRead(DefaultChannelPipeline.java:1410) [netty-transport-4.1.63.Final.jar:4.1.63.Final]
	at io.netty.channel.AbstractChannelHandlerContext.invokeChannelRead(AbstractChannelHandlerContext.java:379) [netty-transport-4.1.63.Final.jar:4.1.63.Final]
	at io.netty.channel.AbstractChannelHandlerContext.invokeChannelRead(AbstractChannelHandlerContext.java:365) [netty-transport-4.1.63.Final.jar:4.1.63.Final]
	at io.netty.channel.DefaultChannelPipeline.fireChannelRead(DefaultChannelPipeline.java:919) [netty-transport-4.1.63.Final.jar:4.1.63.Final]
	at io.netty.channel.nio.AbstractNioByteChannel$NioByteUnsafe.read(AbstractNioByteChannel.java:166) [netty-transport-4.1.63.Final.jar:4.1.63.Final]
	at io.netty.channel.nio.NioEventLoop.processSelectedKey(NioEventLoop.java:719) [netty-transport-4.1.63.Final.jar:4.1.63.Final]
	at io.netty.channel.nio.NioEventLoop.processSelectedKeysOptimized(NioEventLoop.java:655) [netty-transport-4.1.63.Final.jar:4.1.63.Final]
	at io.netty.channel.nio.NioEventLoop.processSelectedKeys(NioEventLoop.java:581) [netty-transport-4.1.63.Final.jar:4.1.63.Final]
	at io.netty.channel.nio.NioEventLoop.run(NioEventLoop.java:493) [netty-transport-4.1.63.Final.jar:4.1.63.Final]
	at io.netty.util.concurrent.SingleThreadEventExecutor$4.run(SingleThreadEventExecutor.java:989) [netty-common-4.1.63.Final.jar:4.1.63.Final]
	at io.netty.util.internal.ThreadExecutorMap$2.run(ThreadExecutorMap.java:74) [netty-common-4.1.63.Final.jar:4.1.63.Final]
	at io.netty.util.concurrent.FastThreadLocalRunnable.run(FastThreadLocalRunnable.java:30) [netty-common-4.1.63.Final.jar:4.1.63.Final]
	at java.lang.Thread.run(Thread.java:834) [?:?]
]]></system-out>
  <system-err><![CDATA[]]></system-err>
</testsuite>
