<?xml version="1.0" encoding="UTF-8"?>
<testsuite name="org.springframework.messaging.simp.stomp.ReactorNettyTcpStompClientTests" tests="1" skipped="0" failures="0" errors="0" timestamp="2021-05-01T09:29:43" hostname="wangweilideMBP.lan" time="1.164">
  <properties/>
  <testcase name="publishSubscribe()" classname="org.springframework.messaging.simp.stomp.ReactorNettyTcpStompClientTests" time="1.164"/>
  <system-out><![CDATA[17:29:44.161 [Test worker] INFO  o.a.a.b.BrokerService - Using Persistence Adapter: MemoryPersistenceAdapter
17:29:44.333 [Test worker] INFO  o.a.a.b.BrokerService - Apache ActiveMQ 5.16.1 (localhost, ID:wangweilideMacBook-Pro.local-51045-1619861384189-0:1) is starting
17:29:44.342 [Test worker] INFO  o.a.a.t.TransportServerThreadSupport - Listening for connections at: stomp://localhost:63792
17:29:44.342 [Test worker] INFO  o.a.a.b.TransportConnector - Connector stomp://localhost:63792 started
17:29:44.342 [Test worker] INFO  o.a.a.b.BrokerService - Apache ActiveMQ 5.16.1 (localhost, ID:wangweilideMacBook-Pro.local-51045-1619861384189-0:1) started
17:29:44.343 [Test worker] INFO  o.a.a.b.BrokerService - For help or more information please see: http://activemq.apache.org
17:29:45.049 [Test worker] INFO  o.a.a.b.BrokerService - Apache ActiveMQ 5.16.1 (localhost, ID:wangweilideMacBook-Pro.local-51045-1619861384189-0:1) is shutting down
17:29:45.051 [Test worker] INFO  o.a.a.b.TransportConnector - Connector stomp://localhost:63792 stopped
17:29:45.062 [Test worker] INFO  o.a.a.b.BrokerService - Apache ActiveMQ 5.16.1 (localhost, ID:wangweilideMacBook-Pro.local-51045-1619861384189-0:1) uptime 0.906 seconds
17:29:45.062 [Test worker] INFO  o.a.a.b.BrokerService - Apache ActiveMQ 5.16.1 (localhost, ID:wangweilideMacBook-Pro.local-51045-1619861384189-0:1) is shutdown
]]></system-out>
  <system-err><![CDATA[]]></system-err>
</testsuite>
