<?xml version="1.0" encoding="UTF-8"?>
<testsuite name="org.springframework.messaging.converter.KotlinSerializationJsonMessageConverterTests" tests="8" skipped="0" failures="0" errors="0" timestamp="2021-04-26T07:40:16" hostname="wangweilideMacBook-Pro.local" time="0.508">
  <properties/>
  <testcase name="readGenericCollection()" classname="org.springframework.messaging.converter.KotlinSerializationJsonMessageConverterTests" time="0.496"/>
  <testcase name="readObject()" classname="org.springframework.messaging.converter.KotlinSerializationJsonMessageConverterTests" time="0.0"/>
  <testcase name="writeArrayOfObjects()" classname="org.springframework.messaging.converter.KotlinSerializationJsonMessageConverterTests" time="0.006"/>
  <testcase name="readArrayOfObjects()" classname="org.springframework.messaging.converter.KotlinSerializationJsonMessageConverterTests" time="0.001"/>
  <testcase name="writeGenericCollection()" classname="org.springframework.messaging.converter.KotlinSerializationJsonMessageConverterTests" time="0.001"/>
  <testcase name="writeObjectWithNullableProperty()" classname="org.springframework.messaging.converter.KotlinSerializationJsonMessageConverterTests" time="0.0"/>
  <testcase name="readFailsOnInvalidJson()" classname="org.springframework.messaging.converter.KotlinSerializationJsonMessageConverterTests" time="0.002"/>
  <testcase name="writeObject()" classname="org.springframework.messaging.converter.KotlinSerializationJsonMessageConverterTests" time="0.0"/>
  <system-out><![CDATA[]]></system-out>
  <system-err><![CDATA[]]></system-err>
</testsuite>
