<?xml version="1.0" encoding="UTF-8"?>
<testsuite name="org.springframework.messaging.simp.SimpMessageHeaderAccessorTests" tests="4" skipped="0" failures="0" errors="0" timestamp="2021-05-01T09:29:39" hostname="wangweilideMBP.lan" time="0.018">
  <properties/>
  <testcase name="getShortLogMessage()" classname="org.springframework.messaging.simp.SimpMessageHeaderAccessorTests" time="0.0"/>
  <testcase name="userChangeCallback()" classname="org.springframework.messaging.simp.SimpMessageHeaderAccessorTests" time="0.016"/>
  <testcase name="getLogMessageWithValuesSet()" classname="org.springframework.messaging.simp.SimpMessageHeaderAccessorTests" time="0.001"/>
  <testcase name="getDetailedLogMessageWithValuesSet()" classname="org.springframework.messaging.simp.SimpMessageHeaderAccessorTests" time="0.001"/>
  <system-out><![CDATA[]]></system-out>
  <system-err><![CDATA[]]></system-err>
</testsuite>
