<?xml version="1.0" encoding="UTF-8"?>
<testsuite name="org.springframework.messaging.simp.SimpMessagingTemplateTests" tests="10" skipped="0" failures="0" errors="0" timestamp="2021-04-26T07:39:52" hostname="wangweilideMacBook-Pro.local" time="0.009">
  <properties/>
  <testcase name="convertAndSendWithCustomDestinationPrefix()" classname="org.springframework.messaging.simp.SimpMessagingTemplateTests" time="0.001"/>
  <testcase name="convertAndSendToUserWithInvalidSequence()" classname="org.springframework.messaging.simp.SimpMessagingTemplateTests" time="0.001"/>
  <testcase name="convertAndSendToUserWithEncoding()" classname="org.springframework.messaging.simp.SimpMessagingTemplateTests" time="0.001"/>
  <testcase name="doSendWithStompHeaders()" classname="org.springframework.messaging.simp.SimpMessagingTemplateTests" time="0.001"/>
  <testcase name="doSendWithMutableHeaders()" classname="org.springframework.messaging.simp.SimpMessagingTemplateTests" time="0.0"/>
  <testcase name="processHeadersToSend()" classname="org.springframework.messaging.simp.SimpMessagingTemplateTests" time="0.001"/>
  <testcase name="convertAndSendWithCustomHeaderNonNative()" classname="org.springframework.messaging.simp.SimpMessagingTemplateTests" time="0.001"/>
  <testcase name="convertAndSendToUser()" classname="org.springframework.messaging.simp.SimpMessagingTemplateTests" time="0.0"/>
  <testcase name="convertAndSendWithMutableSimpMessageHeaders()" classname="org.springframework.messaging.simp.SimpMessagingTemplateTests" time="0.0"/>
  <testcase name="convertAndSendWithCustomHeader()" classname="org.springframework.messaging.simp.SimpMessagingTemplateTests" time="0.001"/>
  <system-out><![CDATA[]]></system-out>
  <system-err><![CDATA[]]></system-err>
</testsuite>
