<?xml version="1.0" encoding="UTF-8"?>
<testsuite name="org.springframework.messaging.rsocket.DefaultMetadataExtractorTests" tests="7" skipped="0" failures="0" errors="0" timestamp="2021-05-09T12:41:06" hostname="wangweilidembp" time="0.025">
  <properties/>
  <testcase name="routeWithCustomFormatting()" classname="org.springframework.messaging.rsocket.DefaultMetadataExtractorTests" time="0.005"/>
  <testcase name="route()" classname="org.springframework.messaging.rsocket.DefaultMetadataExtractorTests" time="0.001"/>
  <testcase name="compositeMetadataWithMimeTypeRegistrations()" classname="org.springframework.messaging.rsocket.DefaultMetadataExtractorTests" time="0.006"/>
  <testcase name="nonCompositeMetadataCanBeReadTwice()" classname="org.springframework.messaging.rsocket.DefaultMetadataExtractorTests" time="0.002"/>
  <testcase name="compositeMetadataWithDefaultSettings()" classname="org.springframework.messaging.rsocket.DefaultMetadataExtractorTests" time="0.005"/>
  <testcase name="routeAsText()" classname="org.springframework.messaging.rsocket.DefaultMetadataExtractorTests" time="0.002"/>
  <testcase name="noDecoder()" classname="org.springframework.messaging.rsocket.DefaultMetadataExtractorTests" time="0.001"/>
  <system-out><![CDATA[]]></system-out>
  <system-err><![CDATA[]]></system-err>
</testsuite>
