<?xml version="1.0" encoding="UTF-8"?>
<testsuite name="org.springframework.messaging.converter.JsonbMessageConverterTests" tests="11" skipped="0" failures="0" errors="0" timestamp="2021-05-01T09:29:37" hostname="wangweilideMBP.lan" time="0.671">
  <properties/>
  <testcase name="fromMessageToList()" classname="org.springframework.messaging.converter.JsonbMessageConverterTests" time="0.292"/>
  <testcase name="fromMessageInvalidJson()" classname="org.springframework.messaging.converter.JsonbMessageConverterTests" time="0.163"/>
  <testcase name="fromMessageMatchingInstance()" classname="org.springframework.messaging.converter.JsonbMessageConverterTests" time="0.017"/>
  <testcase name="fromMessageToMessageWithPojo()" classname="org.springframework.messaging.converter.JsonbMessageConverterTests" time="0.015"/>
  <testcase name="fromMessageValidJsonWithUnknownProperty()" classname="org.springframework.messaging.converter.JsonbMessageConverterTests" time="0.005"/>
  <testcase name="toMessage()" classname="org.springframework.messaging.converter.JsonbMessageConverterTests" time="0.071"/>
  <testcase name="defaultConstructor()" classname="org.springframework.messaging.converter.JsonbMessageConverterTests" time="0.029"/>
  <testcase name="toMessageUtf16String()" classname="org.springframework.messaging.converter.JsonbMessageConverterTests" time="0.003"/>
  <testcase name="fromMessageUntyped()" classname="org.springframework.messaging.converter.JsonbMessageConverterTests" time="0.019"/>
  <testcase name="fromMessage()" classname="org.springframework.messaging.converter.JsonbMessageConverterTests" time="0.04"/>
  <testcase name="toMessageUtf16()" classname="org.springframework.messaging.converter.JsonbMessageConverterTests" time="0.01"/>
  <system-out><![CDATA[]]></system-out>
  <system-err><![CDATA[]]></system-err>
</testsuite>
