<?xml version="1.0" encoding="UTF-8"?>
<testsuite name="org.springframework.messaging.rsocket.DefaultRSocketRequesterTests" tests="11" skipped="0" failures="0" errors="0" timestamp="2021-04-26T07:40:15" hostname="wangweilideMacBook-Pro.local" time="0.339">
  <properties/>
  <testcase name="retrieveMonoWithoutData()" classname="org.springframework.messaging.rsocket.DefaultRSocketRequesterTests" time="0.001"/>
  <testcase name="sendWithoutData()" classname="org.springframework.messaging.rsocket.DefaultRSocketRequesterTests" time="0.002"/>
  <testcase name="retrieveFluxVoid()" classname="org.springframework.messaging.rsocket.DefaultRSocketRequesterTests" time="0.025"/>
  <testcase name="fluxToMonoIsRejected()" classname="org.springframework.messaging.rsocket.DefaultRSocketRequesterTests" time="0.0"/>
  <testcase name="retrieveFlux()" classname="org.springframework.messaging.rsocket.DefaultRSocketRequesterTests" time="0.034"/>
  <testcase name="retrieveMono()" classname="org.springframework.messaging.rsocket.DefaultRSocketRequesterTests" time="0.012"/>
  <testcase name="testSendWithAsyncMetadata()" classname="org.springframework.messaging.rsocket.DefaultRSocketRequesterTests" time="0.005"/>
  <testcase name="sendFlux()" classname="org.springframework.messaging.rsocket.DefaultRSocketRequesterTests" time="0.164"/>
  <testcase name="sendMono()" classname="org.springframework.messaging.rsocket.DefaultRSocketRequesterTests" time="0.08"/>
  <testcase name="retrieveMonoVoid()" classname="org.springframework.messaging.rsocket.DefaultRSocketRequesterTests" time="0.012"/>
  <testcase name="retrieveFluxWithoutData()" classname="org.springframework.messaging.rsocket.DefaultRSocketRequesterTests" time="0.0"/>
  <system-out><![CDATA[]]></system-out>
  <system-err><![CDATA[]]></system-err>
</testsuite>
