<?xml version="1.0" encoding="UTF-8"?>
<testsuite name="org.springframework.messaging.handler.invocation.reactive.EncoderMethodReturnValueHandlerTests" tests="6" skipped="0" failures="0" errors="0" timestamp="2021-04-26T07:39:45" hostname="wangweilideMacBook-Pro.local" time="0.077">
  <properties/>
  <testcase name="fluxStringReturnValue()" classname="org.springframework.messaging.handler.invocation.reactive.EncoderMethodReturnValueHandlerTests" time="0.034"/>
  <testcase name="stringReturnValue()" classname="org.springframework.messaging.handler.invocation.reactive.EncoderMethodReturnValueHandlerTests" time="0.002"/>
  <testcase name="noEncoder()" classname="org.springframework.messaging.handler.invocation.reactive.EncoderMethodReturnValueHandlerTests" time="0.004"/>
  <testcase name="fluxObjectReturnValue()" classname="org.springframework.messaging.handler.invocation.reactive.EncoderMethodReturnValueHandlerTests" time="0.002"/>
  <testcase name="voidReturnValue()" classname="org.springframework.messaging.handler.invocation.reactive.EncoderMethodReturnValueHandlerTests" time="0.029"/>
  <testcase name="objectReturnValue()" classname="org.springframework.messaging.handler.invocation.reactive.EncoderMethodReturnValueHandlerTests" time="0.002"/>
  <system-out><![CDATA[]]></system-out>
  <system-err><![CDATA[]]></system-err>
</testsuite>
