<?xml version="1.0" encoding="UTF-8"?>
<testsuite name="org.springframework.messaging.simp.annotation.support.SimpAnnotationMethodMessageHandlerTests" tests="20" skipped="0" failures="0" errors="0" timestamp="2021-05-09T12:40:45" hostname="wangweilidembp" time="0.244">
  <properties/>
  <testcase name="listenableFutureFailure()" classname="org.springframework.messaging.simp.annotation.support.SimpAnnotationMethodMessageHandlerTests" time="0.006"/>
  <testcase name="exceptionAsCause()" classname="org.springframework.messaging.simp.annotation.support.SimpAnnotationMethodMessageHandlerTests" time="0.01"/>
  <testcase name="optionalHeaderArgumentResolutionWhenPresent()" classname="org.springframework.messaging.simp.annotation.support.SimpAnnotationMethodMessageHandlerTests" time="0.004"/>
  <testcase name="messageMappingDestinationVariableResolution()" classname="org.springframework.messaging.simp.annotation.support.SimpAnnotationMethodMessageHandlerTests" time="0.01"/>
  <testcase name="errorAsMessageHandlingException()" classname="org.springframework.messaging.simp.annotation.support.SimpAnnotationMethodMessageHandlerTests" time="0.006"/>
  <testcase name="exceptionWithHandlerMethodArg()" classname="org.springframework.messaging.simp.annotation.support.SimpAnnotationMethodMessageHandlerTests" time="0.004"/>
  <testcase name="validationError()" classname="org.springframework.messaging.simp.annotation.support.SimpAnnotationMethodMessageHandlerTests" time="0.005"/>
  <testcase name="monoSuccess()" classname="org.springframework.messaging.simp.annotation.support.SimpAnnotationMethodMessageHandlerTests" time="0.032"/>
  <testcase name="subscribeEventDestinationVariableResolution()" classname="org.springframework.messaging.simp.annotation.support.SimpAnnotationMethodMessageHandlerTests" time="0.004"/>
  <testcase name="completableFutureSuccess()" classname="org.springframework.messaging.simp.annotation.support.SimpAnnotationMethodMessageHandlerTests" time="0.009"/>
  <testcase name="placeholder()" classname="org.springframework.messaging.simp.annotation.support.SimpAnnotationMethodMessageHandlerTests" time="0.055"/>
  <testcase name="optionalHeaderArgumentResolutionWhenNotPresent()" classname="org.springframework.messaging.simp.annotation.support.SimpAnnotationMethodMessageHandlerTests" time="0.006"/>
  <testcase name="monoFailure()" classname="org.springframework.messaging.simp.annotation.support.SimpAnnotationMethodMessageHandlerTests" time="0.003"/>
  <testcase name="fluxNotHandled()" classname="org.springframework.messaging.simp.annotation.support.SimpAnnotationMethodMessageHandlerTests" time="0.011"/>
  <testcase name="completableFutureFailure()" classname="org.springframework.messaging.simp.annotation.support.SimpAnnotationMethodMessageHandlerTests" time="0.003"/>
  <testcase name="headerArgumentResolution()" classname="org.springframework.messaging.simp.annotation.support.SimpAnnotationMethodMessageHandlerTests" time="0.025"/>
  <testcase name="listenableFutureSuccess()" classname="org.springframework.messaging.simp.annotation.support.SimpAnnotationMethodMessageHandlerTests" time="0.017"/>
  <testcase name="dotPathSeparator()" classname="org.springframework.messaging.simp.annotation.support.SimpAnnotationMethodMessageHandlerTests" time="0.005"/>
  <testcase name="simpleBinding()" classname="org.springframework.messaging.simp.annotation.support.SimpAnnotationMethodMessageHandlerTests" time="0.02"/>
  <testcase name="simpScope()" classname="org.springframework.messaging.simp.annotation.support.SimpAnnotationMethodMessageHandlerTests" time="0.003"/>
  <system-out><![CDATA[]]></system-out>
  <system-err><![CDATA[]]></system-err>
</testsuite>
