<?xml version="1.0" encoding="UTF-8"?>
<testsuite name="org.springframework.messaging.handler.invocation.MethodMessageHandlerTests" tests="6" skipped="0" failures="0" errors="0" timestamp="2021-04-26T07:39:42" hostname="wangweilideMacBook-Pro.local" time="1.265">
  <properties/>
  <testcase name="handleException()" classname="org.springframework.messaging.handler.invocation.MethodMessageHandlerTests" time="1.224"/>
  <testcase name="duplicateMapping()" classname="org.springframework.messaging.handler.invocation.MethodMessageHandlerTests" time="0.007"/>
  <testcase name="patternMatch()" classname="org.springframework.messaging.handler.invocation.MethodMessageHandlerTests" time="0.003"/>
  <testcase name="registeredMappings()" classname="org.springframework.messaging.handler.invocation.MethodMessageHandlerTests" time="0.011"/>
  <testcase name="bestMatch()" classname="org.springframework.messaging.handler.invocation.MethodMessageHandlerTests" time="0.005"/>
  <testcase name="argumentResolution()" classname="org.springframework.messaging.handler.invocation.MethodMessageHandlerTests" time="0.003"/>
  <system-out><![CDATA[]]></system-out>
  <system-err><![CDATA[]]></system-err>
</testsuite>
