<?xml version="1.0" encoding="UTF-8"?>
<testsuite name="org.springframework.messaging.converter.JsonbMessageConverterTests" tests="11" skipped="0" failures="0" errors="0" timestamp="2021-04-26T07:39:50" hostname="wangweilideMacBook-Pro.local" time="0.467">
  <properties/>
  <testcase name="fromMessageToList()" classname="org.springframework.messaging.converter.JsonbMessageConverterTests" time="0.241"/>
  <testcase name="fromMessageInvalidJson()" classname="org.springframework.messaging.converter.JsonbMessageConverterTests" time="0.061"/>
  <testcase name="fromMessageMatchingInstance()" classname="org.springframework.messaging.converter.JsonbMessageConverterTests" time="0.006"/>
  <testcase name="fromMessageToMessageWithPojo()" classname="org.springframework.messaging.converter.JsonbMessageConverterTests" time="0.028"/>
  <testcase name="fromMessageValidJsonWithUnknownProperty()" classname="org.springframework.messaging.converter.JsonbMessageConverterTests" time="0.017"/>
  <testcase name="toMessage()" classname="org.springframework.messaging.converter.JsonbMessageConverterTests" time="0.034"/>
  <testcase name="defaultConstructor()" classname="org.springframework.messaging.converter.JsonbMessageConverterTests" time="0.013"/>
  <testcase name="toMessageUtf16String()" classname="org.springframework.messaging.converter.JsonbMessageConverterTests" time="0.006"/>
  <testcase name="fromMessageUntyped()" classname="org.springframework.messaging.converter.JsonbMessageConverterTests" time="0.017"/>
  <testcase name="fromMessage()" classname="org.springframework.messaging.converter.JsonbMessageConverterTests" time="0.022"/>
  <testcase name="toMessageUtf16()" classname="org.springframework.messaging.converter.JsonbMessageConverterTests" time="0.02"/>
  <system-out><![CDATA[]]></system-out>
  <system-err><![CDATA[]]></system-err>
</testsuite>
