<?xml version="1.0" encoding="UTF-8"?>
<testsuite name="org.springframework.messaging.converter.JsonbMessageConverterTests" tests="11" skipped="0" failures="0" errors="0" timestamp="2021-05-09T12:40:37" hostname="wangweilidembp" time="0.63">
  <properties/>
  <testcase name="fromMessageToList()" classname="org.springframework.messaging.converter.JsonbMessageConverterTests" time="0.277"/>
  <testcase name="fromMessageInvalidJson()" classname="org.springframework.messaging.converter.JsonbMessageConverterTests" time="0.11"/>
  <testcase name="fromMessageMatchingInstance()" classname="org.springframework.messaging.converter.JsonbMessageConverterTests" time="0.007"/>
  <testcase name="fromMessageToMessageWithPojo()" classname="org.springframework.messaging.converter.JsonbMessageConverterTests" time="0.04"/>
  <testcase name="fromMessageValidJsonWithUnknownProperty()" classname="org.springframework.messaging.converter.JsonbMessageConverterTests" time="0.01"/>
  <testcase name="toMessage()" classname="org.springframework.messaging.converter.JsonbMessageConverterTests" time="0.055"/>
  <testcase name="defaultConstructor()" classname="org.springframework.messaging.converter.JsonbMessageConverterTests" time="0.009"/>
  <testcase name="toMessageUtf16String()" classname="org.springframework.messaging.converter.JsonbMessageConverterTests" time="0.016"/>
  <testcase name="fromMessageUntyped()" classname="org.springframework.messaging.converter.JsonbMessageConverterTests" time="0.044"/>
  <testcase name="fromMessage()" classname="org.springframework.messaging.converter.JsonbMessageConverterTests" time="0.03"/>
  <testcase name="toMessageUtf16()" classname="org.springframework.messaging.converter.JsonbMessageConverterTests" time="0.028"/>
  <system-out><![CDATA[]]></system-out>
  <system-err><![CDATA[]]></system-err>
</testsuite>
