<?xml version="1.0" encoding="UTF-8"?>
<testsuite name="org.springframework.messaging.converter.StringMessageConverterTests" tests="8" skipped="0" failures="0" errors="0" timestamp="2021-05-01T09:29:37" hostname="wangweilideMBP.lan" time="0.006">
  <properties/>
  <testcase name="fromMessageByteArray()" classname="org.springframework.messaging.converter.StringMessageConverterTests" time="0.0"/>
  <testcase name="toMessage()" classname="org.springframework.messaging.converter.StringMessageConverterTests" time="0.001"/>
  <testcase name="fromMessageNoContentTypeHeader()" classname="org.springframework.messaging.converter.StringMessageConverterTests" time="0.0"/>
  <testcase name="fromStringMessage()" classname="org.springframework.messaging.converter.StringMessageConverterTests" time="0.001"/>
  <testcase name="fromMessageDefaultCharset()" classname="org.springframework.messaging.converter.StringMessageConverterTests" time="0.0"/>
  <testcase name="fromMessageTargetClassNotSupported()" classname="org.springframework.messaging.converter.StringMessageConverterTests" time="0.0"/>
  <testcase name="fromMessageCharset()" classname="org.springframework.messaging.converter.StringMessageConverterTests" time="0.002"/>
  <testcase name="fromByteArrayMessage()" classname="org.springframework.messaging.converter.StringMessageConverterTests" time="0.0"/>
  <system-out><![CDATA[]]></system-out>
  <system-err><![CDATA[]]></system-err>
</testsuite>
