<?xml version="1.0" encoding="UTF-8"?>
<testsuite name="org.springframework.messaging.simp.config.MessageBrokerConfigurationTests" tests="26" skipped="0" failures="0" errors="0" timestamp="2021-05-01T09:29:40" hostname="wangweilideMBP.lan" time="2.671">
  <properties/>
  <testcase name="clientOutboundChannelUsedByAnnotatedMethod()" classname="org.springframework.messaging.simp.config.MessageBrokerConfigurationTests" time="0.379"/>
  <testcase name="dotSeparatorWithBrokerDotConvention()" classname="org.springframework.messaging.simp.config.MessageBrokerConfigurationTests" time="0.151"/>
  <testcase name="brokerChannelCustomized()" classname="org.springframework.messaging.simp.config.MessageBrokerConfigurationTests" time="0.136"/>
  <testcase name="simpValidatorCustom()" classname="org.springframework.messaging.simp.config.MessageBrokerConfigurationTests" time="0.011"/>
  <testcase name="userBroadcastsDisabledWithSimpleBroker()" classname="org.springframework.messaging.simp.config.MessageBrokerConfigurationTests" time="0.034"/>
  <testcase name="clientOutboundChannelCustomized()" classname="org.springframework.messaging.simp.config.MessageBrokerConfigurationTests" time="0.033"/>
  <testcase name="dotSeparatorWithBrokerSlashConvention()" classname="org.springframework.messaging.simp.config.MessageBrokerConfigurationTests" time="0.11"/>
  <testcase name="configureMessageConvertersDefault()" classname="org.springframework.messaging.simp.config.MessageBrokerConfigurationTests" time="0.001"/>
  <testcase name="brokerChannelUsedByAnnotatedMethod()" classname="org.springframework.messaging.simp.config.MessageBrokerConfigurationTests" time="0.054"/>
  <testcase name="clientInboundChannelWithBrokerRelay()" classname="org.springframework.messaging.simp.config.MessageBrokerConfigurationTests" time="1.16"/>
  <testcase name="brokerChannel()" classname="org.springframework.messaging.simp.config.MessageBrokerConfigurationTests" time="0.049"/>
  <testcase name="simpValidatorDefault()" classname="org.springframework.messaging.simp.config.MessageBrokerConfigurationTests" time="0.0"/>
  <testcase name="customPathMatcher()" classname="org.springframework.messaging.simp.config.MessageBrokerConfigurationTests" time="0.046"/>
  <testcase name="clientInboundChannelCustomized()" classname="org.springframework.messaging.simp.config.MessageBrokerConfigurationTests" time="0.054"/>
  <testcase name="simpValidatorInjected()" classname="org.springframework.messaging.simp.config.MessageBrokerConfigurationTests" time="0.029"/>
  <testcase name="configureMessageConvertersCustomAndDefault()" classname="org.springframework.messaging.simp.config.MessageBrokerConfigurationTests" time="0.0"/>
  <testcase name="simpValidatorMvc()" classname="org.springframework.messaging.simp.config.MessageBrokerConfigurationTests" time="0.0"/>
  <testcase name="customCacheLimit()" classname="org.springframework.messaging.simp.config.MessageBrokerConfigurationTests" time="0.05"/>
  <testcase name="brokerChannelWithBrokerRelay()" classname="org.springframework.messaging.simp.config.MessageBrokerConfigurationTests" time="0.062"/>
  <testcase name="threadPoolSizeDefault()" classname="org.springframework.messaging.simp.config.MessageBrokerConfigurationTests" time="0.07"/>
  <testcase name="clientInboundChannel()" classname="org.springframework.messaging.simp.config.MessageBrokerConfigurationTests" time="0.047"/>
  <testcase name="clientOutboundChannelUsedBySimpleBroker()" classname="org.springframework.messaging.simp.config.MessageBrokerConfigurationTests" time="0.046"/>
  <testcase name="customUserRegistryOrder()" classname="org.springframework.messaging.simp.config.MessageBrokerConfigurationTests" time="0.038"/>
  <testcase name="configureMessageConvertersCustom()" classname="org.springframework.messaging.simp.config.MessageBrokerConfigurationTests" time="0.0"/>
  <testcase name="customArgumentAndReturnValueTypes()" classname="org.springframework.messaging.simp.config.MessageBrokerConfigurationTests" time="0.026"/>
  <testcase name="userBroadcasts()" classname="org.springframework.messaging.simp.config.MessageBrokerConfigurationTests" time="0.075"/>
  <system-out><![CDATA[]]></system-out>
  <system-err><![CDATA[]]></system-err>
</testsuite>
