<?xml version="1.0" encoding="UTF-8"?>
<testsuite name="org.springframework.messaging.handler.annotation.reactive.DestinationVariableMethodArgumentResolverTests" tests="3" skipped="0" failures="0" errors="0" timestamp="2021-04-26T07:39:46" hostname="wangweilideMacBook-Pro.local" time="0.009">
  <properties/>
  <testcase name="resolveArgumentNotFound()" classname="org.springframework.messaging.handler.annotation.reactive.DestinationVariableMethodArgumentResolverTests" time="0.004"/>
  <testcase name="resolveArgument()" classname="org.springframework.messaging.handler.annotation.reactive.DestinationVariableMethodArgumentResolverTests" time="0.002"/>
  <testcase name="supportsParameter()" classname="org.springframework.messaging.handler.annotation.reactive.DestinationVariableMethodArgumentResolverTests" time="0.001"/>
  <system-out><![CDATA[]]></system-out>
  <system-err><![CDATA[]]></system-err>
</testsuite>
