<?xml version="1.0" encoding="UTF-8"?>
<testsuite name="org.springframework.messaging.handler.annotation.support.HeaderMethodArgumentResolverTests" tests="10" skipped="0" failures="0" errors="0" timestamp="2021-05-09T12:40:33" hostname="wangweilidembp" time="0.13">
  <properties/>
  <testcase name="resolveOptionalHeaderWithValue()" classname="org.springframework.messaging.handler.annotation.support.HeaderMethodArgumentResolverTests" time="0.014"/>
  <testcase name="resolveNameFromSystemProperty()" classname="org.springframework.messaging.handler.annotation.support.HeaderMethodArgumentResolverTests" time="0.026"/>
  <testcase name="resolveArgumentNativeHeaderAmbiguity()" classname="org.springframework.messaging.handler.annotation.support.HeaderMethodArgumentResolverTests" time="0.015"/>
  <testcase name="resolveArgumentNativeHeader()" classname="org.springframework.messaging.handler.annotation.support.HeaderMethodArgumentResolverTests" time="0.005"/>
  <testcase name="resolveDefaultValueSystemProperty()" classname="org.springframework.messaging.handler.annotation.support.HeaderMethodArgumentResolverTests" time="0.021"/>
  <testcase name="resolveOptionalHeaderAsEmpty()" classname="org.springframework.messaging.handler.annotation.support.HeaderMethodArgumentResolverTests" time="0.004"/>
  <testcase name="resolveArgumentDefaultValue()" classname="org.springframework.messaging.handler.annotation.support.HeaderMethodArgumentResolverTests" time="0.016"/>
  <testcase name="resolveArgumentNotFound()" classname="org.springframework.messaging.handler.annotation.support.HeaderMethodArgumentResolverTests" time="0.005"/>
  <testcase name="resolveArgument()" classname="org.springframework.messaging.handler.annotation.support.HeaderMethodArgumentResolverTests" time="0.011"/>
  <testcase name="supportsParameter()" classname="org.springframework.messaging.handler.annotation.support.HeaderMethodArgumentResolverTests" time="0.005"/>
  <system-out><![CDATA[]]></system-out>
  <system-err><![CDATA[]]></system-err>
</testsuite>
