<?xml version="1.0" encoding="UTF-8"?>
<testsuite name="org.springframework.messaging.converter.KotlinSerializationJsonMessageConverterTests" tests="8" skipped="0" failures="0" errors="0" timestamp="2021-05-01T09:30:04" hostname="wangweilideMBP.lan" time="0.322">
  <properties/>
  <testcase name="readGenericCollection()" classname="org.springframework.messaging.converter.KotlinSerializationJsonMessageConverterTests" time="0.313"/>
  <testcase name="readObject()" classname="org.springframework.messaging.converter.KotlinSerializationJsonMessageConverterTests" time="0.001"/>
  <testcase name="writeArrayOfObjects()" classname="org.springframework.messaging.converter.KotlinSerializationJsonMessageConverterTests" time="0.004"/>
  <testcase name="readArrayOfObjects()" classname="org.springframework.messaging.converter.KotlinSerializationJsonMessageConverterTests" time="0.001"/>
  <testcase name="writeGenericCollection()" classname="org.springframework.messaging.converter.KotlinSerializationJsonMessageConverterTests" time="0.001"/>
  <testcase name="writeObjectWithNullableProperty()" classname="org.springframework.messaging.converter.KotlinSerializationJsonMessageConverterTests" time="0.0"/>
  <testcase name="readFailsOnInvalidJson()" classname="org.springframework.messaging.converter.KotlinSerializationJsonMessageConverterTests" time="0.002"/>
  <testcase name="writeObject()" classname="org.springframework.messaging.converter.KotlinSerializationJsonMessageConverterTests" time="0.0"/>
  <system-out><![CDATA[]]></system-out>
  <system-err><![CDATA[]]></system-err>
</testsuite>
