<?xml version="1.0" encoding="UTF-8"?>
<testsuite name="org.springframework.messaging.handler.annotation.support.DefaultMessageHandlerMethodFactoryTests" tests="7" skipped="0" failures="0" errors="0" timestamp="2021-04-26T07:39:47" hostname="wangweilideMacBook-Pro.local" time="0.057">
  <properties/>
  <testcase name="customConversion()" classname="org.springframework.messaging.handler.annotation.support.DefaultMessageHandlerMethodFactoryTests" time="0.021"/>
  <testcase name="overrideArgumentResolvers()" classname="org.springframework.messaging.handler.annotation.support.DefaultMessageHandlerMethodFactoryTests" time="0.003"/>
  <testcase name="customArgumentResolver()" classname="org.springframework.messaging.handler.annotation.support.DefaultMessageHandlerMethodFactoryTests" time="0.001"/>
  <testcase name="customConversionServiceFailure()" classname="org.springframework.messaging.handler.annotation.support.DefaultMessageHandlerMethodFactoryTests" time="0.002"/>
  <testcase name="customValidation()" classname="org.springframework.messaging.handler.annotation.support.DefaultMessageHandlerMethodFactoryTests" time="0.009"/>
  <testcase name="customMessageConverterFailure()" classname="org.springframework.messaging.handler.annotation.support.DefaultMessageHandlerMethodFactoryTests" time="0.003"/>
  <testcase name="noValidationByDefault()" classname="org.springframework.messaging.handler.annotation.support.DefaultMessageHandlerMethodFactoryTests" time="0.011"/>
  <system-out><![CDATA[]]></system-out>
  <system-err><![CDATA[]]></system-err>
</testsuite>
