<?xml version="1.0" encoding="UTF-8"?>
<testsuite name="org.springframework.expression.spel.OperatorOverloaderTests" tests="1" skipped="0" failures="0" errors="0" timestamp="2021-05-01T09:04:53" hostname="wangweilideMBP.lan" time="0.002">
  <properties/>
  <testcase name="testSimpleOperations()" classname="org.springframework.expression.spel.OperatorOverloaderTests" time="0.002"/>
  <system-out><![CDATA[]]></system-out>
  <system-err><![CDATA[]]></system-err>
</testsuite>
