<?xml version="1.0" encoding="UTF-8"?>
<testsuite name="org.springframework.expression.spel.ScenariosForSpringSecurityExpressionTests" tests="4" skipped="0" failures="0" errors="0" timestamp="2021-04-26T07:37:33" hostname="wangweilideMacBook-Pro.local" time="0.003">
  <properties/>
  <testcase name="testScenario03_Arithmetic()" classname="org.springframework.expression.spel.ScenariosForSpringSecurityExpressionTests" time="0.0"/>
  <testcase name="testScenario04_ControllingWhichMethodsRun()" classname="org.springframework.expression.spel.ScenariosForSpringSecurityExpressionTests" time="0.002"/>
  <testcase name="testScenario02_ComparingNames()" classname="org.springframework.expression.spel.ScenariosForSpringSecurityExpressionTests" time="0.001"/>
  <testcase name="testScenario01_Roles()" classname="org.springframework.expression.spel.ScenariosForSpringSecurityExpressionTests" time="0.0"/>
  <system-out><![CDATA[]]></system-out>
  <system-err><![CDATA[]]></system-err>
</testsuite>
