<?xml version="1.0" encoding="UTF-8"?>
<testsuite name="org.springframework.expression.spel.standard.SpelCompilerTests" tests="2" skipped="0" failures="0" errors="0" timestamp="2021-05-01T09:04:56" hostname="wangweilideMBP.lan" time="0.006">
  <properties/>
  <testcase name="expressionCompilesWhenMethodComesFromPublicInterface()" classname="org.springframework.expression.spel.standard.SpelCompilerTests" time="0.005"/>
  <testcase name="defaultMethodInvocation()" classname="org.springframework.expression.spel.standard.SpelCompilerTests" time="0.001"/>
  <system-out><![CDATA[]]></system-out>
  <system-err><![CDATA[]]></system-err>
</testsuite>
