<?xml version="1.0" encoding="UTF-8"?>
<testsuite name="org.springframework.expression.spel.ExpressionWithConversionTests" tests="4" skipped="0" failures="0" errors="0" timestamp="2021-05-09T12:39:17" hostname="wangweilidembp" time="0.011">
  <properties/>
  <testcase name="testConversionsAvailable()" classname="org.springframework.expression.spel.ExpressionWithConversionTests" time="0.005"/>
  <testcase name="testConvert()" classname="org.springframework.expression.spel.ExpressionWithConversionTests" time="0.002"/>
  <testcase name="testSetParameterizedList()" classname="org.springframework.expression.spel.ExpressionWithConversionTests" time="0.002"/>
  <testcase name="testCoercionToCollectionOfPrimitive()" classname="org.springframework.expression.spel.ExpressionWithConversionTests" time="0.001"/>
  <system-out><![CDATA[]]></system-out>
  <system-err><![CDATA[]]></system-err>
</testsuite>
