<?xml version="1.0" encoding="UTF-8"?>
<testsuite name="org.springframework.expression.spel.MapAccessTests" tests="6" skipped="0" failures="0" errors="0" timestamp="2021-04-26T07:37:33" hostname="wangweilideMacBook-Pro.local" time="0.003">
  <properties/>
  <testcase name="testGetValue()" classname="org.springframework.expression.spel.MapAccessTests" time="0.001"/>
  <testcase name="testSimpleMapAccess01()" classname="org.springframework.expression.spel.MapAccessTests" time="0.0"/>
  <testcase name="testVariableMapAccess()" classname="org.springframework.expression.spel.MapAccessTests" time="0.001"/>
  <testcase name="testCustomMapAccessor()" classname="org.springframework.expression.spel.MapAccessTests" time="0.0"/>
  <testcase name="testMapAccessThroughIndexer()" classname="org.springframework.expression.spel.MapAccessTests" time="0.0"/>
  <testcase name="testGetValueFromRootMap()" classname="org.springframework.expression.spel.MapAccessTests" time="0.001"/>
  <system-out><![CDATA[]]></system-out>
  <system-err><![CDATA[]]></system-err>
</testsuite>
