<?xml version="1.0" encoding="UTF-8"?>
<testsuite name="org.springframework.expression.spel.OperatorOverloaderTests" tests="1" skipped="0" failures="0" errors="0" timestamp="2021-04-26T07:37:32" hostname="wangweilideMacBook-Pro.local" time="0.0">
  <properties/>
  <testcase name="testSimpleOperations()" classname="org.springframework.expression.spel.OperatorOverloaderTests" time="0.0"/>
  <system-out><![CDATA[]]></system-out>
  <system-err><![CDATA[]]></system-err>
</testsuite>
