<?xml version="1.0" encoding="UTF-8"?>
<testsuite name="org.springframework.expression.spel.ast.FormatHelperTests" tests="2" skipped="0" failures="0" errors="0" timestamp="2021-05-01T09:04:56" hostname="wangweilideMBP.lan" time="0.001">
  <properties/>
  <testcase name="formatMethodWithMultipleArgumentsForMessage()" classname="org.springframework.expression.spel.ast.FormatHelperTests" time="0.001"/>
  <testcase name="formatMethodWithSingleArgumentForMessage()" classname="org.springframework.expression.spel.ast.FormatHelperTests" time="0.0"/>
  <system-out><![CDATA[]]></system-out>
  <system-err><![CDATA[]]></system-err>
</testsuite>
