<?xml version="1.0" encoding="UTF-8"?>
<testsuite name="org.springframework.aop.target.LazyInitTargetSourceTests" tests="3" skipped="0" failures="0" errors="0" timestamp="2021-04-26T07:38:46" hostname="wangweilideMacBook-Pro.local" time="0.111">
  <properties/>
  <testcase name="testLazyInitFactoryBeanTargetSource()" classname="org.springframework.aop.target.LazyInitTargetSourceTests" time="0.059"/>
  <testcase name="testCustomLazyInitSingletonTargetSource()" classname="org.springframework.aop.target.LazyInitTargetSourceTests" time="0.037"/>
  <testcase name="testLazyInitSingletonTargetSource()" classname="org.springframework.aop.target.LazyInitTargetSourceTests" time="0.011"/>
  <system-out><![CDATA[]]></system-out>
  <system-err><![CDATA[]]></system-err>
</testsuite>
