<?xml version="1.0" encoding="UTF-8"?>
<testsuite name="org.springframework.aop.framework.IntroductionBenchmarkTests" tests="1" skipped="0" failures="0" errors="0" timestamp="2021-05-09T12:39:33" hostname="wangweilidembp" time="0.343">
  <properties/>
  <testcase name="timeManyInvocations()" classname="org.springframework.aop.framework.IntroductionBenchmarkTests" time="0.343"/>
  <system-out><![CDATA[StopWatch '': running time = 329783614 ns
---------------------------------------------
ns         %     Task name
---------------------------------------------
179743070  055%  100000 invocations on proxy, not hitting introduction
147045684  045%  100000 invocations on proxy, hitting introduction
002994860  001%  100000 invocations on target

]]></system-out>
  <system-err><![CDATA[]]></system-err>
</testsuite>
