<?xml version="1.0" encoding="UTF-8"?>
<testsuite name="org.springframework.aop.aspectj.TigerAspectJExpressionPointcutTests" tests="12" skipped="0" failures="0" errors="0" timestamp="2021-04-26T07:38:47" hostname="wangweilideMacBook-Pro.local" time="0.513">
  <properties/>
  <testcase name="testAnnotationOnCglibProxyMethod()" classname="org.springframework.aop.aspectj.TigerAspectJExpressionPointcutTests" time="0.312"/>
  <testcase name="testAnnotationOnDynamicProxyMethod()" classname="org.springframework.aop.aspectj.TigerAspectJExpressionPointcutTests" time="0.009"/>
  <testcase name="testAnnotationOnMethodWithWildcard()" classname="org.springframework.aop.aspectj.TigerAspectJExpressionPointcutTests" time="0.055"/>
  <testcase name="testMatchVarargs()" classname="org.springframework.aop.aspectj.TigerAspectJExpressionPointcutTests" time="0.026"/>
  <testcase name="testMatchAnnotationOnClassWithAtWithin()" classname="org.springframework.aop.aspectj.TigerAspectJExpressionPointcutTests" time="0.009"/>
  <testcase name="testMatchAnnotationOnClassWithoutBinding()" classname="org.springframework.aop.aspectj.TigerAspectJExpressionPointcutTests" time="0.011"/>
  <testcase name="testAnnotationOnMethodArgumentsWithWildcards()" classname="org.springframework.aop.aspectj.TigerAspectJExpressionPointcutTests" time="0.027"/>
  <testcase name="testAnnotationOnMethodArgumentsWithFQN()" classname="org.springframework.aop.aspectj.TigerAspectJExpressionPointcutTests" time="0.01"/>
  <testcase name="testMatchGenericArgument()" classname="org.springframework.aop.aspectj.TigerAspectJExpressionPointcutTests" time="0.012"/>
  <testcase name="testMatchAnnotationOnClassWithExactPackageWildcard()" classname="org.springframework.aop.aspectj.TigerAspectJExpressionPointcutTests" time="0.012"/>
  <testcase name="testAnnotationOnMethodWithFQN()" classname="org.springframework.aop.aspectj.TigerAspectJExpressionPointcutTests" time="0.002"/>
  <testcase name="testMatchAnnotationOnClassWithSubpackageWildcard()" classname="org.springframework.aop.aspectj.TigerAspectJExpressionPointcutTests" time="0.021"/>
  <system-out><![CDATA[]]></system-out>
  <system-err><![CDATA[]]></system-err>
</testsuite>
