<?xml version="1.0" encoding="UTF-8"?>
<testsuite name="org.springframework.aop.support.RegexpMethodPointcutAdvisorIntegrationTests" tests="3" skipped="0" failures="0" errors="0" timestamp="2021-05-09T12:39:35" hostname="wangweilidembp" time="0.102">
  <properties/>
  <testcase name="testSerialization()" classname="org.springframework.aop.support.RegexpMethodPointcutAdvisorIntegrationTests" time="0.062"/>
  <testcase name="testSinglePattern()" classname="org.springframework.aop.support.RegexpMethodPointcutAdvisorIntegrationTests" time="0.008"/>
  <testcase name="testMultiplePatterns()" classname="org.springframework.aop.support.RegexpMethodPointcutAdvisorIntegrationTests" time="0.031"/>
  <system-out><![CDATA[]]></system-out>
  <system-err><![CDATA[]]></system-err>
</testsuite>
