<?xml version="1.0" encoding="UTF-8"?>
<testsuite name="org.springframework.aop.framework.MethodInvocationTests" tests="2" skipped="0" failures="0" errors="0" timestamp="2021-05-01T09:22:08" hostname="wangweilideMBP.lan" time="0.314">
  <properties/>
  <testcase name="testToStringDoesntHitTarget()" classname="org.springframework.aop.framework.MethodInvocationTests" time="0.09"/>
  <testcase name="testValidInvocation()" classname="org.springframework.aop.framework.MethodInvocationTests" time="0.223"/>
  <system-out><![CDATA[]]></system-out>
  <system-err><![CDATA[]]></system-err>
</testsuite>
