<?xml version="1.0" encoding="UTF-8"?>
<testsuite name="org.springframework.aop.interceptor.DebugInterceptorTests" tests="2" skipped="0" failures="0" errors="0" timestamp="2021-04-26T07:38:50" hostname="wangweilideMacBook-Pro.local" time="0.084">
  <properties/>
  <testcase name="testExceptionPathStillLogsCorrectly()" classname="org.springframework.aop.interceptor.DebugInterceptorTests" time="0.081"/>
  <testcase name="testSunnyDayPathLogsCorrectly()" classname="org.springframework.aop.interceptor.DebugInterceptorTests" time="0.002"/>
  <system-out><![CDATA[]]></system-out>
  <system-err><![CDATA[]]></system-err>
</testsuite>
