<?xml version="1.0" encoding="UTF-8"?>
<testsuite name="org.springframework.aop.target.LazyInitTargetSourceTests" tests="3" skipped="0" failures="0" errors="0" timestamp="2021-05-09T12:39:34" hostname="wangweilidembp" time="0.063">
  <properties/>
  <testcase name="testLazyInitFactoryBeanTargetSource()" classname="org.springframework.aop.target.LazyInitTargetSourceTests" time="0.032"/>
  <testcase name="testCustomLazyInitSingletonTargetSource()" classname="org.springframework.aop.target.LazyInitTargetSourceTests" time="0.022"/>
  <testcase name="testLazyInitSingletonTargetSource()" classname="org.springframework.aop.target.LazyInitTargetSourceTests" time="0.009"/>
  <system-out><![CDATA[]]></system-out>
  <system-err><![CDATA[]]></system-err>
</testsuite>
