<?xml version="1.0" encoding="UTF-8"?>
<testsuite name="org.springframework.aop.support.NameMatchMethodPointcutTests" tests="6" skipped="0" failures="0" errors="0" timestamp="2021-04-26T07:38:49" hostname="wangweilideMacBook-Pro.local" time="0.025">
  <properties/>
  <testcase name="testMatchingOnly()" classname="org.springframework.aop.support.NameMatchMethodPointcutTests" time="0.004"/>
  <testcase name="testEmpty()" classname="org.springframework.aop.support.NameMatchMethodPointcutTests" time="0.001"/>
  <testcase name="testSets()" classname="org.springframework.aop.support.NameMatchMethodPointcutTests" time="0.001"/>
  <testcase name="testEqualsAndHashCode()" classname="org.springframework.aop.support.NameMatchMethodPointcutTests" time="0.001"/>
  <testcase name="testMatchOneMethod()" classname="org.springframework.aop.support.NameMatchMethodPointcutTests" time="0.001"/>
  <testcase name="testSerializable()" classname="org.springframework.aop.support.NameMatchMethodPointcutTests" time="0.015"/>
  <system-out><![CDATA[]]></system-out>
  <system-err><![CDATA[]]></system-err>
</testsuite>
