<?xml version="1.0" encoding="UTF-8"?>
<testsuite name="org.springframework.aop.support.annotation.AnnotationMatchingPointcutTests" tests="3" skipped="0" failures="0" errors="0" timestamp="2021-04-26T07:38:49" hostname="wangweilideMacBook-Pro.local" time="0.009">
  <properties/>
  <testcase name="classLevelAndMethodLevelPointcuts()" classname="org.springframework.aop.support.annotation.AnnotationMatchingPointcutTests" time="0.006"/>
  <testcase name="methodLevelPointcuts()" classname="org.springframework.aop.support.annotation.AnnotationMatchingPointcutTests" time="0.002"/>
  <testcase name="classLevelPointcuts()" classname="org.springframework.aop.support.annotation.AnnotationMatchingPointcutTests" time="0.001"/>
  <system-out><![CDATA[]]></system-out>
  <system-err><![CDATA[]]></system-err>
</testsuite>
