<?xml version="1.0" encoding="UTF-8"?>
<testsuite name="org.springframework.aop.aspectj.annotation.AspectMetadataTests" tests="4" skipped="0" failures="0" errors="0" timestamp="2021-04-26T07:38:47" hostname="wangweilideMacBook-Pro.local" time="0.037">
  <properties/>
  <testcase name="notAnAspect()" classname="org.springframework.aop.aspectj.annotation.AspectMetadataTests" time="0.017"/>
  <testcase name="perThisAspect()" classname="org.springframework.aop.aspectj.annotation.AspectMetadataTests" time="0.012"/>
  <testcase name="singletonAspect()" classname="org.springframework.aop.aspectj.annotation.AspectMetadataTests" time="0.0"/>
  <testcase name="perTargetAspect()" classname="org.springframework.aop.aspectj.annotation.AspectMetadataTests" time="0.0"/>
  <system-out><![CDATA[]]></system-out>
  <system-err><![CDATA[]]></system-err>
</testsuite>
