<?xml version="1.0" encoding="UTF-8"?>
<testsuite name="org.springframework.aop.aspectj.annotation.AspectProxyFactoryTests" tests="9" skipped="0" failures="0" errors="0" timestamp="2021-05-01T09:22:14" hostname="wangweilideMBP.lan" time="0.126">
  <properties/>
  <testcase name="testWithNonAspect()" classname="org.springframework.aop.aspectj.annotation.AspectProxyFactoryTests" time="0.001"/>
  <testcase name="testUnproxiedVarargsWithEnumArray()" classname="org.springframework.aop.aspectj.annotation.AspectProxyFactoryTests" time="0.015"/>
  <testcase name="testWithInstance()" classname="org.springframework.aop.aspectj.annotation.AspectProxyFactoryTests" time="0.076"/>
  <testcase name="testWithPerThisAspect()" classname="org.springframework.aop.aspectj.annotation.AspectProxyFactoryTests" time="0.011"/>
  <testcase name="testWithInstanceWithNonAspect()" classname="org.springframework.aop.aspectj.annotation.AspectProxyFactoryTests" time="0.001"/>
  <testcase name="testWithNonSingletonAspectInstance()" classname="org.springframework.aop.aspectj.annotation.AspectProxyFactoryTests" time="0.001"/>
  <testcase name="testWithSimpleAspect()" classname="org.springframework.aop.aspectj.annotation.AspectProxyFactoryTests" time="0.004"/>
  <testcase name="testProxiedVarargsWithEnumArray()" classname="org.springframework.aop.aspectj.annotation.AspectProxyFactoryTests" time="0.003"/>
  <testcase name="testSerializable()" classname="org.springframework.aop.aspectj.annotation.AspectProxyFactoryTests" time="0.009"/>
  <system-out><![CDATA[]]></system-out>
  <system-err><![CDATA[]]></system-err>
</testsuite>
