<?xml version="1.0" encoding="UTF-8"?>
<testsuite name="org.springframework.aop.scope.ScopedProxyAutowireTests" tests="2" skipped="0" failures="0" errors="0" timestamp="2021-05-09T12:39:35" hostname="wangweilidembp" time="0.05">
  <properties/>
  <testcase name="testScopedProxyInheritsAutowireCandidateFalse()" classname="org.springframework.aop.scope.ScopedProxyAutowireTests" time="0.022"/>
  <testcase name="testScopedProxyReplacesAutowireCandidateTrue()" classname="org.springframework.aop.scope.ScopedProxyAutowireTests" time="0.027"/>
  <system-out><![CDATA[]]></system-out>
  <system-err><![CDATA[]]></system-err>
</testsuite>
