<?xml version="1.0" encoding="UTF-8"?>
<testsuite name="org.springframework.aop.target.dynamic.RefreshableTargetSourceTests" tests="4" skipped="1" failures="0" errors="0" timestamp="2021-04-26T07:38:46" hostname="wangweilideMacBook-Pro.local" time="0.11">
  <properties/>
  <testcase name="testRefreshCheckWithNonRefresh()" classname="org.springframework.aop.target.dynamic.RefreshableTargetSourceTests" time="0.002"/>
  <testcase name="testWithNoRefreshCheck()" classname="org.springframework.aop.target.dynamic.RefreshableTargetSourceTests" time="0.001"/>
  <testcase name="testRefreshOverTime()" classname="org.springframework.aop.target.dynamic.RefreshableTargetSourceTests" time="0.001">
    <skipped/>
  </testcase>
  <testcase name="testRefreshCheckWithRefresh()" classname="org.springframework.aop.target.dynamic.RefreshableTargetSourceTests" time="0.104"/>
  <system-out><![CDATA[]]></system-out>
  <system-err><![CDATA[]]></system-err>
</testsuite>
