<?xml version="1.0" encoding="UTF-8"?>
<testsuite name="org.springframework.aop.interceptor.DebugInterceptorTests" tests="2" skipped="0" failures="0" errors="0" timestamp="2021-05-01T09:22:15" hostname="wangweilideMBP.lan" time="0.044">
  <properties/>
  <testcase name="testExceptionPathStillLogsCorrectly()" classname="org.springframework.aop.interceptor.DebugInterceptorTests" time="0.042"/>
  <testcase name="testSunnyDayPathLogsCorrectly()" classname="org.springframework.aop.interceptor.DebugInterceptorTests" time="0.002"/>
  <system-out><![CDATA[]]></system-out>
  <system-err><![CDATA[]]></system-err>
</testsuite>
