<?xml version="1.0" encoding="UTF-8"?>
<testsuite name="org.springframework.aop.framework.MethodInvocationTests" tests="2" skipped="0" failures="0" errors="0" timestamp="2021-05-09T12:39:31" hostname="wangweilidembp" time="0.122">
  <properties/>
  <testcase name="testToStringDoesntHitTarget()" classname="org.springframework.aop.framework.MethodInvocationTests" time="0.039"/>
  <testcase name="testValidInvocation()" classname="org.springframework.aop.framework.MethodInvocationTests" time="0.082"/>
  <system-out><![CDATA[]]></system-out>
  <system-err><![CDATA[]]></system-err>
</testsuite>
