<?xml version="1.0" encoding="UTF-8"?>
<testsuite name="org.springframework.aop.scope.ScopedProxyAutowireTests" tests="2" skipped="0" failures="0" errors="0" timestamp="2021-04-26T07:38:49" hostname="wangweilideMacBook-Pro.local" time="0.102">
  <properties/>
  <testcase name="testScopedProxyInheritsAutowireCandidateFalse()" classname="org.springframework.aop.scope.ScopedProxyAutowireTests" time="0.046"/>
  <testcase name="testScopedProxyReplacesAutowireCandidateTrue()" classname="org.springframework.aop.scope.ScopedProxyAutowireTests" time="0.055"/>
  <system-out><![CDATA[]]></system-out>
  <system-err><![CDATA[]]></system-err>
</testsuite>
