<?xml version="1.0" encoding="UTF-8"?>
<testsuite name="org.springframework.aop.interceptor.JamonPerformanceMonitorInterceptorTests" tests="2" skipped="0" failures="0" errors="0" timestamp="2021-05-01T09:22:16" hostname="wangweilideMBP.lan" time="0.029">
  <properties/>
  <testcase name="testInvokeUnderTraceWithNormalProcessing()" classname="org.springframework.aop.interceptor.JamonPerformanceMonitorInterceptorTests" time="0.024"/>
  <testcase name="testInvokeUnderTraceWithExceptionTracking()" classname="org.springframework.aop.interceptor.JamonPerformanceMonitorInterceptorTests" time="0.004"/>
  <system-out><![CDATA[]]></system-out>
  <system-err><![CDATA[]]></system-err>
</testsuite>
