<?xml version="1.0" encoding="UTF-8"?>
<testsuite name="org.springframework.aop.interceptor.ExposeBeanNameAdvisorsTests" tests="2" skipped="0" failures="0" errors="0" timestamp="2021-05-09T12:39:36" hostname="wangweilidembp" time="0.008">
  <properties/>
  <testcase name="testNoIntroduction()" classname="org.springframework.aop.interceptor.ExposeBeanNameAdvisorsTests" time="0.001"/>
  <testcase name="testWithIntroduction()" classname="org.springframework.aop.interceptor.ExposeBeanNameAdvisorsTests" time="0.006"/>
  <system-out><![CDATA[]]></system-out>
  <system-err><![CDATA[]]></system-err>
</testsuite>
