<?xml version="1.0" encoding="UTF-8"?>
<testsuite name="org.springframework.aop.interceptor.ExposeBeanNameAdvisorsTests" tests="2" skipped="0" failures="0" errors="0" timestamp="2021-04-26T07:38:50" hostname="wangweilideMacBook-Pro.local" time="0.011">
  <properties/>
  <testcase name="testNoIntroduction()" classname="org.springframework.aop.interceptor.ExposeBeanNameAdvisorsTests" time="0.002"/>
  <testcase name="testWithIntroduction()" classname="org.springframework.aop.interceptor.ExposeBeanNameAdvisorsTests" time="0.008"/>
  <system-out><![CDATA[]]></system-out>
  <system-err><![CDATA[]]></system-err>
</testsuite>
