<?xml version="1.0" encoding="UTF-8"?>
<testsuite name="org.springframework.aop.target.ThreadLocalTargetSourceTests" tests="5" skipped="0" failures="0" errors="0" timestamp="2021-05-09T12:39:34" hostname="wangweilidembp" time="0.071">
  <properties/>
  <testcase name="testUseDifferentManagedInstancesInSameThread()" classname="org.springframework.aop.target.ThreadLocalTargetSourceTests" time="0.029"/>
  <testcase name="testNewThreadHasOwnInstance()" classname="org.springframework.aop.target.ThreadLocalTargetSourceTests" time="0.012"/>
  <testcase name="testReuseDestroyedTarget()" classname="org.springframework.aop.target.ThreadLocalTargetSourceTests" time="0.009"/>
  <testcase name="testReuseInSameThread()" classname="org.springframework.aop.target.ThreadLocalTargetSourceTests" time="0.009"/>
  <testcase name="testCanGetStatsViaMixin()" classname="org.springframework.aop.target.ThreadLocalTargetSourceTests" time="0.01"/>
  <system-out><![CDATA[]]></system-out>
  <system-err><![CDATA[]]></system-err>
</testsuite>
