<?xml version="1.0" encoding="UTF-8"?>
<testsuite name="org.springframework.aop.framework.MethodInvocationTests" tests="2" skipped="0" failures="0" errors="0" timestamp="2021-04-26T07:38:43" hostname="wangweilideMacBook-Pro.local" time="0.104">
  <properties/>
  <testcase name="testToStringDoesntHitTarget()" classname="org.springframework.aop.framework.MethodInvocationTests" time="0.034"/>
  <testcase name="testValidInvocation()" classname="org.springframework.aop.framework.MethodInvocationTests" time="0.069"/>
  <system-out><![CDATA[]]></system-out>
  <system-err><![CDATA[]]></system-err>
</testsuite>
