<?xml version="1.0" encoding="UTF-8"?>
<testsuite name="org.springframework.aop.aspectj.TypePatternClassFilterTests" tests="9" skipped="0" failures="0" errors="0" timestamp="2021-05-09T12:39:35" hostname="wangweilidembp" time="0.018">
  <properties/>
  <testcase name="andOrNotReplacement()" classname="org.springframework.aop.aspectj.TypePatternClassFilterTests" time="0.004"/>
  <testcase name="invalidPattern()" classname="org.springframework.aop.aspectj.TypePatternClassFilterTests" time="0.002"/>
  <testcase name="testToString()" classname="org.springframework.aop.aspectj.TypePatternClassFilterTests" time="0.001"/>
  <testcase name="subclassMatching()" classname="org.springframework.aop.aspectj.TypePatternClassFilterTests" time="0.002"/>
  <testcase name="testHashCode()" classname="org.springframework.aop.aspectj.TypePatternClassFilterTests" time="0.002"/>
  <testcase name="nullPattern()" classname="org.springframework.aop.aspectj.TypePatternClassFilterTests" time="0.001"/>
  <testcase name="invocationOfMatchesMethodBlowsUpWhenNoTypePatternHasBeenSet()" classname="org.springframework.aop.aspectj.TypePatternClassFilterTests" time="0.001"/>
  <testcase name="testEquals()" classname="org.springframework.aop.aspectj.TypePatternClassFilterTests" time="0.001"/>
  <testcase name="validPatternMatching()" classname="org.springframework.aop.aspectj.TypePatternClassFilterTests" time="0.001"/>
  <system-out><![CDATA[]]></system-out>
  <system-err><![CDATA[]]></system-err>
</testsuite>
