<?xml version="1.0" encoding="UTF-8"?>
<testsuite name="org.springframework.aop.target.HotSwappableTargetSourceTests" tests="4" skipped="0" failures="0" errors="0" timestamp="2021-04-26T07:38:46" hostname="wangweilideMacBook-Pro.local" time="0.131">
  <properties/>
  <testcase name="testRejectsSwapToNull()" classname="org.springframework.aop.target.HotSwappableTargetSourceTests" time="0.045"/>
  <testcase name="testBasicFunctionality()" classname="org.springframework.aop.target.HotSwappableTargetSourceTests" time="0.013"/>
  <testcase name="testSerialization()" classname="org.springframework.aop.target.HotSwappableTargetSourceTests" time="0.053"/>
  <testcase name="testValidSwaps()" classname="org.springframework.aop.target.HotSwappableTargetSourceTests" time="0.018"/>
  <system-out><![CDATA[]]></system-out>
  <system-err><![CDATA[]]></system-err>
</testsuite>
