<?xml version="1.0" encoding="UTF-8"?>
<testsuite name="org.springframework.aop.support.annotation.AnnotationMatchingPointcutTests" tests="3" skipped="0" failures="0" errors="0" timestamp="2021-05-01T09:22:15" hostname="wangweilideMBP.lan" time="0.005">
  <properties/>
  <testcase name="classLevelAndMethodLevelPointcuts()" classname="org.springframework.aop.support.annotation.AnnotationMatchingPointcutTests" time="0.003"/>
  <testcase name="methodLevelPointcuts()" classname="org.springframework.aop.support.annotation.AnnotationMatchingPointcutTests" time="0.001"/>
  <testcase name="classLevelPointcuts()" classname="org.springframework.aop.support.annotation.AnnotationMatchingPointcutTests" time="0.001"/>
  <system-out><![CDATA[]]></system-out>
  <system-err><![CDATA[]]></system-err>
</testsuite>
