<?xml version="1.0" encoding="UTF-8"?>
<testsuite name="org.springframework.aop.config.AopNamespaceHandlerPointcutErrorTests" tests="2" skipped="0" failures="0" errors="0" timestamp="2021-05-01T09:22:13" hostname="wangweilideMBP.lan" time="0.078">
  <properties/>
  <testcase name="testMissingPointcutConfig()" classname="org.springframework.aop.config.AopNamespaceHandlerPointcutErrorTests" time="0.033"/>
  <testcase name="testDuplicatePointcutConfig()" classname="org.springframework.aop.config.AopNamespaceHandlerPointcutErrorTests" time="0.044"/>
  <system-out><![CDATA[]]></system-out>
  <system-err><![CDATA[]]></system-err>
</testsuite>
