<?xml version="1.0" encoding="UTF-8"?>
<testsuite name="org.springframework.aop.target.LazyInitTargetSourceTests" tests="3" skipped="0" failures="0" errors="0" timestamp="2021-05-01T09:22:13" hostname="wangweilideMBP.lan" time="0.109">
  <properties/>
  <testcase name="testLazyInitFactoryBeanTargetSource()" classname="org.springframework.aop.target.LazyInitTargetSourceTests" time="0.062"/>
  <testcase name="testCustomLazyInitSingletonTargetSource()" classname="org.springframework.aop.target.LazyInitTargetSourceTests" time="0.034"/>
  <testcase name="testLazyInitSingletonTargetSource()" classname="org.springframework.aop.target.LazyInitTargetSourceTests" time="0.012"/>
  <system-out><![CDATA[]]></system-out>
  <system-err><![CDATA[]]></system-err>
</testsuite>
