<?xml version="1.0" encoding="UTF-8"?>
<testsuite name="org.springframework.aop.support.NameMatchMethodPointcutTests" tests="6" skipped="0" failures="0" errors="0" timestamp="2021-05-01T09:22:15" hostname="wangweilideMBP.lan" time="0.012">
  <properties/>
  <testcase name="testMatchingOnly()" classname="org.springframework.aop.support.NameMatchMethodPointcutTests" time="0.004"/>
  <testcase name="testEmpty()" classname="org.springframework.aop.support.NameMatchMethodPointcutTests" time="0.001"/>
  <testcase name="testSets()" classname="org.springframework.aop.support.NameMatchMethodPointcutTests" time="0.001"/>
  <testcase name="testEqualsAndHashCode()" classname="org.springframework.aop.support.NameMatchMethodPointcutTests" time="0.0"/>
  <testcase name="testMatchOneMethod()" classname="org.springframework.aop.support.NameMatchMethodPointcutTests" time="0.001"/>
  <testcase name="testSerializable()" classname="org.springframework.aop.support.NameMatchMethodPointcutTests" time="0.005"/>
  <system-out><![CDATA[]]></system-out>
  <system-err><![CDATA[]]></system-err>
</testsuite>
