<?xml version="1.0" encoding="UTF-8"?>
<testsuite name="org.springframework.aop.scope.ScopedProxyAutowireTests" tests="2" skipped="0" failures="0" errors="0" timestamp="2021-05-01T09:22:15" hostname="wangweilideMBP.lan" time="0.047">
  <properties/>
  <testcase name="testScopedProxyInheritsAutowireCandidateFalse()" classname="org.springframework.aop.scope.ScopedProxyAutowireTests" time="0.022"/>
  <testcase name="testScopedProxyReplacesAutowireCandidateTrue()" classname="org.springframework.aop.scope.ScopedProxyAutowireTests" time="0.025"/>
  <system-out><![CDATA[]]></system-out>
  <system-err><![CDATA[]]></system-err>
</testsuite>
