<?xml version="1.0" encoding="UTF-8"?>
<testsuite name="org.springframework.aop.framework.AopProxyUtilsTests" tests="8" skipped="0" failures="0" errors="0" timestamp="2021-05-01T09:22:12" hostname="wangweilideMBP.lan" time="0.025">
  <properties/>
  <testcase name="testProxiedUserInterfacesWithNoInterface()" classname="org.springframework.aop.framework.AopProxyUtilsTests" time="0.002"/>
  <testcase name="testProxiedUserInterfacesWithMultipleInterfaces()" classname="org.springframework.aop.framework.AopProxyUtilsTests" time="0.012"/>
  <testcase name="testProxiedUserInterfacesWithSingleInterface()" classname="org.springframework.aop.framework.AopProxyUtilsTests" time="0.0"/>
  <testcase name="testCompleteProxiedInterfacesAdvisedNotIncludedOpaque()" classname="org.springframework.aop.framework.AopProxyUtilsTests" time="0.001"/>
  <testcase name="testCompleteProxiedInterfacesWorksWithNull()" classname="org.springframework.aop.framework.AopProxyUtilsTests" time="0.001"/>
  <testcase name="testCompleteProxiedInterfacesAdvisedNotIncluded()" classname="org.springframework.aop.framework.AopProxyUtilsTests" time="0.0"/>
  <testcase name="testCompleteProxiedInterfacesAdvisedIncluded()" classname="org.springframework.aop.framework.AopProxyUtilsTests" time="0.001"/>
  <testcase name="testCompleteProxiedInterfacesWorksWithNullOpaque()" classname="org.springframework.aop.framework.AopProxyUtilsTests" time="0.001"/>
  <system-out><![CDATA[]]></system-out>
  <system-err><![CDATA[]]></system-err>
</testsuite>
