<?xml version="1.0" encoding="UTF-8"?>
<testsuite name="org.springframework.aop.aspectj.TigerAspectJExpressionPointcutTests" tests="12" skipped="0" failures="0" errors="0" timestamp="2021-05-01T09:22:13" hostname="wangweilideMBP.lan" time="0.408">
  <properties/>
  <testcase name="testAnnotationOnCglibProxyMethod()" classname="org.springframework.aop.aspectj.TigerAspectJExpressionPointcutTests" time="0.22"/>
  <testcase name="testAnnotationOnDynamicProxyMethod()" classname="org.springframework.aop.aspectj.TigerAspectJExpressionPointcutTests" time="0.012"/>
  <testcase name="testAnnotationOnMethodWithWildcard()" classname="org.springframework.aop.aspectj.TigerAspectJExpressionPointcutTests" time="0.047"/>
  <testcase name="testMatchVarargs()" classname="org.springframework.aop.aspectj.TigerAspectJExpressionPointcutTests" time="0.009"/>
  <testcase name="testMatchAnnotationOnClassWithAtWithin()" classname="org.springframework.aop.aspectj.TigerAspectJExpressionPointcutTests" time="0.024"/>
  <testcase name="testMatchAnnotationOnClassWithoutBinding()" classname="org.springframework.aop.aspectj.TigerAspectJExpressionPointcutTests" time="0.046"/>
  <testcase name="testAnnotationOnMethodArgumentsWithWildcards()" classname="org.springframework.aop.aspectj.TigerAspectJExpressionPointcutTests" time="0.021"/>
  <testcase name="testAnnotationOnMethodArgumentsWithFQN()" classname="org.springframework.aop.aspectj.TigerAspectJExpressionPointcutTests" time="0.006"/>
  <testcase name="testMatchGenericArgument()" classname="org.springframework.aop.aspectj.TigerAspectJExpressionPointcutTests" time="0.005"/>
  <testcase name="testMatchAnnotationOnClassWithExactPackageWildcard()" classname="org.springframework.aop.aspectj.TigerAspectJExpressionPointcutTests" time="0.003"/>
  <testcase name="testAnnotationOnMethodWithFQN()" classname="org.springframework.aop.aspectj.TigerAspectJExpressionPointcutTests" time="0.001"/>
  <testcase name="testMatchAnnotationOnClassWithSubpackageWildcard()" classname="org.springframework.aop.aspectj.TigerAspectJExpressionPointcutTests" time="0.007"/>
  <system-out><![CDATA[]]></system-out>
  <system-err><![CDATA[]]></system-err>
</testsuite>
