<?xml version="1.0" encoding="UTF-8"?>
<testsuite name="org.springframework.aop.framework.PrototypeTargetTests" tests="2" skipped="0" failures="0" errors="0" timestamp="2021-04-26T07:38:45" hostname="wangweilideMacBook-Pro.local" time="0.2">
  <properties/>
  <testcase name="testSingletonProxyWithPrototypeTarget()" classname="org.springframework.aop.framework.PrototypeTargetTests" time="0.183"/>
  <testcase name="testPrototypeProxyWithPrototypeTarget()" classname="org.springframework.aop.framework.PrototypeTargetTests" time="0.017"/>
  <system-out><![CDATA[]]></system-out>
  <system-err><![CDATA[]]></system-err>
</testsuite>
